<?xml version="1.0" encoding="UTF-8"?>
<corpus lang="et" name="test-et" sources="wordnet-estonian">
   <text id="d000">
      <sentence id="d000.s000" source="wordnet-estonian">
         <wf lemma="Hapud" pos="X">Hapud</wf>
         <wf lemma="ja" pos="X">ja</wf>
         <wf lemma="soolased" pos="X">soolased</wf>
         <wf lemma="toidud" pos="X">toidud</wf>
         <wf lemma="ärritavad" pos="X">ärritavad</wf>
         <instance id="d000.s000.t000" lemma="soolestik" pos="NOUN">soolestikku</instance>
         <wf lemma="." pos="X">.</wf>
         <wf lemma="(" pos="X">(</wf>
         <wf lemma="EKSS" pos="X">EKSS</wf>
         <wf lemma=")" pos="X">)</wf>
         <wf lemma="." pos="X">.</wf>
      </sentence>
      <sentence id="d000.s001" source="wordnet-estonian">
         <wf lemma="Igal" pos="X">Igal</wf>
         <wf lemma="mullaproovi" pos="X">mullaproovi</wf>
         <wf lemma="pakendil" pos="X">pakendil</wf>
         <wf lemma="peab" pos="X">peab</wf>
         <wf lemma="olema" pos="X">olema</wf>
         <instance id="d000.s001.t000" lemma="etikett" pos="NOUN">etikett</instance>
         <wf lemma="." pos="X">.</wf>
      </sentence>
      <sentence id="d000.s002" source="wordnet-estonian">
         <wf lemma="Näkineiuna" pos="X">Näkineiuna</wf>
         <wf lemma="kaunis" pos="X">kaunis</wf>
         <wf lemma="oma" pos="X">oma</wf>
         <instance id="d000.s002.t000" lemma="alastus" pos="NOUN">alastuses</instance>
         <wf lemma="." pos="X">.</wf>
         <wf lemma="Häbenes" pos="X">Häbenes</wf>
         <wf lemma="oma" pos="X">oma</wf>
         <wf lemma="alastust" pos="X">alastust</wf>
         <wf lemma="." pos="X">.</wf>
         <wf lemma="*" pos="X">*</wf>
         <wf lemma="Piiblis" pos="X">Piiblis</wf>
         <wf lemma="panevad" pos="X">panevad</wf>
         <wf lemma="Aadam" pos="X">Aadam</wf>
         <wf lemma="ja" pos="X">ja</wf>
         <wf lemma="Eeva" pos="X">Eeva</wf>
         <wf lemma="alastuse" pos="X">alastuse</wf>
         <wf lemma="häbi" pos="X">häbi</wf>
         <wf lemma="tundes" pos="X">tundes</wf>
         <wf lemma="viigilehe" pos="X">viigilehe</wf>
         <wf lemma="ette" pos="X">ette</wf>
         <wf lemma="." pos="X">.</wf>
         <wf lemma="(" pos="X">(</wf>
         <wf lemma="Autor" pos="X">Autor</wf>
         <wf lemma=":" pos="X">:</wf>
         <wf lemma="L." pos="X">L.</wf>
         <wf lemma="Promet." pos="X">Promet.</wf>
         <wf lemma=")" pos="X">)</wf>
         <wf lemma="." pos="X">.</wf>
      </sentence>
      <sentence id="d000.s003" source="wordnet-estonian">
         <wf lemma="Ta" pos="X">Ta</wf>
         <wf lemma="eelistab" pos="X">eelistab</wf>
         <wf lemma="alati" pos="X">alati</wf>
         <wf lemma="hästi" pos="X">hästi</wf>
         <instance id="d000.s003.t000" lemma="kuiv" pos="ADJ">kuiva</instance>
         <wf lemma="veini" pos="X">veini</wf>
         <wf lemma="." pos="X">.</wf>
      </sentence>
      <sentence id="d000.s004" source="wordnet-estonian">
         <wf lemma="Läksin" pos="X">Läksin</wf>
         <instance id="d000.s004.t000" lemma="arst" pos="NOUN">arsti</instance>
         <wf lemma="juurde" pos="X">juurde</wf>
         <wf lemma="läbivaatusele" pos="X">läbivaatusele</wf>
         <wf lemma="." pos="X">.</wf>
      </sentence>
      <sentence id="d000.s005" source="wordnet-estonian">
         <wf lemma="Müüja" pos="X">Müüja</wf>
         <wf lemma="lõikas" pos="X">lõikas</wf>
         <instance id="d000.s005.t000" lemma="riie" pos="NOUN">riidest</instance>
         <wf lemma="kolm" pos="X">kolm</wf>
         <wf lemma="meetripikkust" pos="X">meetripikkust</wf>
         <wf lemma="tükki" pos="X">tükki</wf>
         <wf lemma="." pos="X">.</wf>
      </sentence>
      <sentence id="d000.s006" source="wordnet-estonian">
         <wf lemma="Mõnedes" pos="X">Mõnedes</wf>
         <wf lemma="keeltes" pos="X">keeltes</wf>
         <wf lemma="väljendab" pos="X">väljendab</wf>
         <instance id="d000.s006.t000" lemma="negatsioon" pos="NOUN">negatsiooni</instance>
         <wf lemma="eitusverb" pos="X">eitusverb</wf>
         <wf lemma="." pos="X">.</wf>
         <wf lemma="*" pos="X">*</wf>
         <wf lemma=".." pos="X">..</wf>
         <wf lemma="nii" pos="X">nii</wf>
         <wf lemma="ulatub" pos="X">ulatub</wf>
         <wf lemma="see" pos="X">see</wf>
         <wf lemma="[" pos="X">[</wf>
         <wf lemma="kõige" pos="X">kõige</wf>
         <wf lemma="venelise" pos="X">venelise</wf>
         <wf lemma="]" pos="X">]</wf>
         <wf lemma="negatsioon" pos="X">negatsioon</wf>
         <wf lemma="[" pos="X">[</wf>
         <wf lemma="Poolas" pos="X">Poolas</wf>
         <wf lemma="]" pos="X">]</wf>
         <wf lemma="ka" pos="X">ka</wf>
         <wf lemma="kõigile" pos="X">kõigile</wf>
         <wf lemma="kunstialadele" pos="X">kunstialadele</wf>
         <wf lemma="." pos="X">.</wf>
         <wf lemma="." pos="X">.</wf>
         <wf lemma="(" pos="X">(</wf>
         <wf lemma="Autor" pos="X">Autor</wf>
         <wf lemma=":" pos="X">:</wf>
         <wf lemma="B." pos="X">B.</wf>
         <wf lemma="Linde." pos="X">Linde.</wf>
         <wf lemma=")" pos="X">)</wf>
         <wf lemma="." pos="X">.</wf>
      </sentence>
      <sentence id="d000.s007" source="wordnet-estonian">
         <wf lemma="Ta" pos="X">Ta</wf>
         <wf lemma="ei" pos="X">ei</wf>
         <wf lemma="taha" pos="X">taha</wf>
         <wf lemma="kahtlase" pos="X">kahtlase</wf>
         <wf lemma="ettevõtmisega" pos="X">ettevõtmisega</wf>
         <wf lemma="oma" pos="X">oma</wf>
         <instance id="d000.s007.t000" lemma="maine" pos="NOUN">mainet</instance>
         <wf lemma="rikkuda" pos="X">rikkuda</wf>
         <wf lemma="." pos="X">.</wf>
      </sentence>
      <sentence id="d000.s008" source="wordnet-estonian">
         <wf lemma="Riigikogu" pos="X">Riigikogu</wf>
         <wf lemma="saatis" pos="X">saatis</wf>
         <wf lemma="valitsusele" pos="X">valitsusele</wf>
         <instance id="d000.s008.t000" lemma="deklaratsioon" pos="NOUN">deklaratsiooni</instance>
         <wf lemma="riigiasutuste" pos="X">riigiasutuste</wf>
         <wf lemma="korruptsiooninähtude" pos="X">korruptsiooninähtude</wf>
         <wf lemma="suhtes" pos="X">suhtes</wf>
         <wf lemma="." pos="X">.</wf>
      </sentence>
      <sentence id="d000.s009" source="wordnet-estonian">
         <wf lemma="Korallid" pos="X">Korallid</wf>
         <wf lemma="ja" pos="X">ja</wf>
         <instance id="d000.s009.t000" lemma="mangroov" pos="NOUN">mangroovid</instance>
         <wf lemma="on" pos="X">on</wf>
         <wf lemma="löögi" pos="X">löögi</wf>
         <wf lemma="all" pos="X">all</wf>
         <wf lemma="." pos="X">.</wf>
      </sentence>
      <sentence id="d000.s010" source="wordnet-estonian">
         <wf lemma="Üldriiklik" pos="X">Üldriiklik</wf>
         <wf lemma="," pos="X">,</wf>
         <wf lemma="piirkondlik" pos="X">piirkondlik</wf>
         <wf lemma="," pos="X">,</wf>
         <wf lemma="kohalik" pos="X">kohalik</wf>
         <instance id="d000.s010.t000" lemma="referendum" pos="NOUN">referendum</instance>
         <wf lemma="." pos="X">.</wf>
         <wf lemma="Referendumi" pos="X">Referendumi</wf>
         <wf lemma="tingimused" pos="X">tingimused</wf>
         <wf lemma="ja" pos="X">ja</wf>
         <wf lemma="kord" pos="X">kord</wf>
         <wf lemma="on" pos="X">on</wf>
         <wf lemma="määratud" pos="X">määratud</wf>
         <wf lemma="põhiseadusega" pos="X">põhiseadusega</wf>
         <wf lemma="." pos="X">.</wf>
         <wf lemma="Tuli" pos="X">Tuli</wf>
         <wf lemma="korraldada" pos="X">korraldada</wf>
         <wf lemma="uus" pos="X">uus</wf>
         <wf lemma="referendum" pos="X">referendum</wf>
         <wf lemma="." pos="X">.</wf>
      </sentence>
      <sentence id="d000.s011" source="wordnet-estonian">
         <wf lemma="Terava" pos="X">Terava</wf>
         <wf lemma="ja" pos="X">ja</wf>
         <wf lemma="tömbi" pos="X">tömbi</wf>
         <wf lemma="otsaga" pos="X">otsaga</wf>
         <instance id="d000.s011.t000" lemma="kannus" pos="NOUN">kannused</instance>
         <wf lemma="." pos="X">.</wf>
      </sentence>
      <sentence id="d000.s012" source="wordnet-estonian">
         <wf lemma="Tagasihoidlikegi" pos="X">Tagasihoidlikegi</wf>
         <instance id="d000.s012.t000" lemma="hinnang" pos="NOUN">hinnangute</instance>
         <wf lemma="järgi" pos="X">järgi</wf>
         <wf lemma="ulatub" pos="X">ulatub</wf>
         <wf lemma="tormi" pos="X">tormi</wf>
         <wf lemma="tekitatud" pos="X">tekitatud</wf>
         <wf lemma="kahju" pos="X">kahju</wf>
         <wf lemma="vähemalt" pos="X">vähemalt</wf>
         <wf lemma="100000" pos="X">100000</wf>
         <wf lemma="kroonile" pos="X">kroonile</wf>
         <wf lemma="." pos="X">.</wf>
      </sentence>
      <sentence id="d000.s013" source="wordnet-estonian">
         <wf lemma="Marssisime" pos="X">Marssisime</wf>
         <instance id="d000.s013.t000" lemma="kolonn" pos="NOUN">kolonnis</instance>
         <wf lemma="läbi" pos="X">läbi</wf>
         <wf lemma="linna" pos="X">linna</wf>
         <wf lemma="." pos="X">.</wf>
      </sentence>
      <sentence id="d000.s014" source="wordnet-estonian">
         <wf lemma="Mis" pos="X">Mis</wf>
         <wf lemma="siin" pos="X">siin</wf>
         <instance id="d000.s014.t000" lemma="juhtuma" pos="VERB">juhtus</instance>
         <wf lemma="?" pos="X">?</wf>
         <wf lemma="Juhtus" pos="X">Juhtus</wf>
         <wf lemma="õnnetus" pos="X">õnnetus</wf>
         <wf lemma="." pos="X">.</wf>
      </sentence>
      <sentence id="d000.s015" source="wordnet-estonian">
         <wf lemma="Vähk" pos="X">Vähk</wf>
         <wf lemma="on" pos="X">on</wf>
         <wf lemma="kattekoe" pos="X">kattekoe</wf>
         <wf lemma="pahaloomuline" pos="X">pahaloomuline</wf>
         <instance id="d000.s015.t000" lemma="kasvaja" pos="NOUN">kasvaja</instance>
         <wf lemma="." pos="X">.</wf>
      </sentence>
      <sentence id="d000.s016" source="wordnet-estonian">
         <wf lemma="Tule" pos="X">Tule</wf>
         <wf lemma="siiapoole" pos="X">siiapoole</wf>
         <wf lemma="," pos="X">,</wf>
         <instance id="d000.s016.t000" lemma="näitama" pos="VERB">näita</instance>
         <wf lemma="ennast" pos="X">ennast</wf>
         <wf lemma="lähemalt" pos="X">lähemalt</wf>
         <wf lemma="(" pos="X">(</wf>
         <wf lemma="EKSS" pos="X">EKSS</wf>
         <wf lemma=")" pos="X">)</wf>
         <wf lemma="." pos="X">.</wf>
      </sentence>
      <sentence id="d000.s017" source="wordnet-estonian">
         <instance id="d000.s017.t000" lemma="stüreen" pos="NOUN">Stüreeni</instance>
         <wf lemma="valem" pos="X">valem</wf>
         <wf lemma="." pos="X">.</wf>
      </sentence>
      <sentence id="d000.s018" source="wordnet-estonian">
         <wf lemma="Vanarahva" pos="X">Vanarahva</wf>
         <instance id="d000.s018.t000" lemma="tarkus" pos="NOUN">tarkused</instance>
         <wf lemma="ehk" pos="X">ehk</wf>
         <wf lemma="vanasõnad" pos="X">vanasõnad</wf>
         <wf lemma="." pos="X">.</wf>
         <wf lemma="Valis" pos="X">Valis</wf>
         <wf lemma="esimese" pos="X">esimese</wf>
         <wf lemma="külvipäeva" pos="X">külvipäeva</wf>
         <wf lemma="isaisade" pos="X">isaisade</wf>
         <wf lemma="tarkuse" pos="X">tarkuse</wf>
         <wf lemma="järgi" pos="X">järgi</wf>
         <wf lemma="." pos="X">.</wf>
         <wf lemma="Seda" pos="X">Seda</wf>
         <wf lemma="tarkust" pos="X">tarkust</wf>
         <wf lemma="olen" pos="X">olen</wf>
         <wf lemma="juba" pos="X">juba</wf>
         <wf lemma="ammu" pos="X">ammu</wf>
         <wf lemma="kuulnud" pos="X">kuulnud</wf>
         <wf lemma="." pos="X">.</wf>
      </sentence>
      <sentence id="d000.s019" source="wordnet-estonian">
         <wf lemma="Vanaema" pos="X">Vanaema</wf>
         <instance id="d000.s019.t000" lemma="jalutama" pos="VERB">jalutab</instance>
         <wf lemma="lastega" pos="X">lastega</wf>
         <wf lemma="pargis" pos="X">pargis</wf>
         <wf lemma="." pos="X">.</wf>
         <wf lemma="Mees" pos="X">Mees</wf>
         <wf lemma="ja" pos="X">ja</wf>
         <wf lemma="naine" pos="X">naine</wf>
         <wf lemma="jalutavad" pos="X">jalutavad</wf>
         <wf lemma="tänavail" pos="X">tänavail</wf>
         <wf lemma="," pos="X">,</wf>
         <wf lemma="mööda" pos="X">mööda</wf>
         <wf lemma="linna" pos="X">linna</wf>
         <wf lemma="," pos="X">,</wf>
         <wf lemma="ümber" pos="X">ümber</wf>
         <wf lemma="linnamüüri" pos="X">linnamüüri</wf>
         <wf lemma="." pos="X">.</wf>
      </sentence>
      <sentence id="d000.s020" source="wordnet-estonian">
         <wf lemma="Rahvast" pos="X">Rahvast</wf>
         <wf lemma="tuleb" pos="X">tuleb</wf>
         <wf lemma="laulupeole" pos="X">laulupeole</wf>
         <wf lemma="igast" pos="X">igast</wf>
         <wf lemma="Eestimaa" pos="X">Eestimaa</wf>
         <instance id="d000.s020.t000" lemma="nurk" pos="NOUN">nurgast</instance>
         <wf lemma="." pos="X">.</wf>
      </sentence>
      <sentence id="d000.s021" source="wordnet-estonian">
         <instance id="d000.s021.t000" lemma="formaliin" pos="NOUN">Formaliinis</instance>
         <wf lemma="konserveeritud" pos="X">konserveeritud</wf>
         <wf lemma="elundid" pos="X">elundid</wf>
         <wf lemma="." pos="X">.</wf>
      </sentence>
      <sentence id="d000.s022" source="wordnet-estonian">
         <wf lemma="Võistleja" pos="X">Võistleja</wf>
         <wf lemma="saab" pos="X">saab</wf>
         <wf lemma="kohtunikult" pos="X">kohtunikult</wf>
         <instance id="d000.s022.t000" lemma="märkus" pos="NOUN">märkuse</instance>
         <wf lemma="mõne" pos="X">mõne</wf>
         <wf lemma="mängureegli" pos="X">mängureegli</wf>
         <wf lemma="rikkumise" pos="X">rikkumise</wf>
         <wf lemma="pärast" pos="X">pärast</wf>
         <wf lemma="." pos="X">.</wf>
      </sentence>
      <sentence id="d000.s023" source="wordnet-estonian">
         <wf lemma="Pidu" pos="X">Pidu</wf>
         <wf lemma="oli" pos="X">oli</wf>
         <instance id="d000.s023.t000" lemma="hoog" pos="NOUN">hoos</instance>
         <wf lemma="," pos="X">,</wf>
         <wf lemma="läks" pos="X">läks</wf>
         <wf lemma="hoogu" pos="X">hoogu</wf>
         <wf lemma="." pos="X">.</wf>
      </sentence>
      <sentence id="d000.s024" source="wordnet-estonian">
         <wf lemma="Masina" pos="X">Masina</wf>
         <wf lemma="seiskamiseks" pos="X">seiskamiseks</wf>
         <wf lemma="tuleb" pos="X">tuleb</wf>
         <instance id="d000.s024.t000" lemma="kang" pos="NOUN">kang</instance>
         <wf lemma="alla" pos="X">alla</wf>
         <wf lemma="vajutada" pos="X">vajutada</wf>
         <wf lemma="." pos="X">.</wf>
      </sentence>
      <sentence id="d000.s025" source="wordnet-estonian">
         <wf lemma="Kristust" pos="X">Kristust</wf>
         <wf lemma="kujutatakse" pos="X">kujutatakse</wf>
         <wf lemma="kibuvitstest" pos="X">kibuvitstest</wf>
         <instance id="d000.s025.t000" lemma="pärg" pos="NOUN">pärjaga</instance>
         <wf lemma="." pos="X">.</wf>
      </sentence>
      <sentence id="d000.s026" source="wordnet-estonian">
         <instance id="d000.s026.t000" lemma="kopskala" pos="NOUN">Kopskaladel</instance>
         <wf lemma="on" pos="X">on</wf>
         <wf lemma="hästiarenenud" pos="X">hästiarenenud</wf>
         <wf lemma="sisemine" pos="X">sisemine</wf>
         <wf lemma="toes" pos="X">toes</wf>
         <wf lemma="." pos="X">.</wf>
      </sentence>
      <sentence id="d000.s027" source="wordnet-estonian">
         <wf lemma="Lennukil" pos="X">Lennukil</wf>
         <wf lemma="," pos="X">,</wf>
         <wf lemma="laeval" pos="X">laeval</wf>
         <wf lemma="asuv" pos="X">asuv</wf>
         <instance id="d000.s027.t000" lemma="radar" pos="NOUN">radar</instance>
         <wf lemma="." pos="X">.</wf>
         <wf lemma="Radarite" pos="X">Radarite</wf>
         <wf lemma="võrk" pos="X">võrk</wf>
         <wf lemma="meteoroloogilisteks" pos="X">meteoroloogilisteks</wf>
         <wf lemma="uurimisteks" pos="X">uurimisteks</wf>
         <wf lemma="." pos="X">.</wf>
      </sentence>
      <sentence id="d000.s028" source="wordnet-estonian">
         <wf lemma="Lootsiku" pos="X">Lootsiku</wf>
         <instance id="d000.s028.t000" lemma="pära" pos="NOUN">pära</instance>
         <wf lemma="oli" pos="X">oli</wf>
         <wf lemma="sügavalt" pos="X">sügavalt</wf>
         <wf lemma="vees" pos="X">vees</wf>
         <wf lemma="." pos="X">.</wf>
      </sentence>
      <sentence id="d000.s029" source="wordnet-estonian">
         <wf lemma="Hoidsin" pos="X">Hoidsin</wf>
         <wf lemma="tooli" pos="X">tooli</wf>
         <instance id="d000.s029.t000" lemma="serv" pos="NOUN">servast</instance>
         <wf lemma="kahe" pos="X">kahe</wf>
         <wf lemma="käega" pos="X">käega</wf>
         <wf lemma="kinni" pos="X">kinni</wf>
         <wf lemma="(" pos="X">(</wf>
         <wf lemma="EKSS" pos="X">EKSS</wf>
         <wf lemma=")" pos="X">)</wf>
         <wf lemma="." pos="X">.</wf>
      </sentence>
      <sentence id="d000.s030" source="wordnet-estonian">
         <wf lemma="Kõrgmäestiku" pos="X">Kõrgmäestiku</wf>
         <instance id="d000.s030.t000" lemma="platoo" pos="NOUN">platoo</instance>
         <wf lemma="(" pos="X">(</wf>
         <wf lemma="EKSS" pos="X">EKSS</wf>
         <wf lemma=")" pos="X">)</wf>
         <wf lemma="." pos="X">.</wf>
      </sentence>
      <sentence id="d000.s031" source="wordnet-estonian">
         <wf lemma="Ta" pos="X">Ta</wf>
         <wf lemma="maksab" pos="X">maksab</wf>
         <wf lemma="laenult" pos="X">laenult</wf>
         <wf lemma="väga" pos="X">väga</wf>
         <wf lemma="kõrget" pos="X">kõrget</wf>
         <instance id="d000.s031.t000" lemma="protsent" pos="NOUN">protsenti</instance>
         <wf lemma="." pos="X">.</wf>
      </sentence>
      <sentence id="d000.s032" source="wordnet-estonian">
         <wf lemma="Valju" pos="X">Valju</wf>
         <wf lemma="häälega" pos="X">häälega</wf>
         <instance id="d000.s032.t000" lemma="naerma" pos="VERB">naerma</instance>
         <wf lemma="." pos="X">.</wf>
      </sentence>
      <sentence id="d000.s033" source="wordnet-estonian">
         <wf lemma="Kahe" pos="X">Kahe</wf>
         <wf lemma="sirge" pos="X">sirge</wf>
         <instance id="d000.s033.t000" lemma="paralleelsus" pos="NOUN">paralleelsus</instance>
         <wf lemma="." pos="X">.</wf>
      </sentence>
      <sentence id="d000.s034" source="wordnet-estonian">
         <wf lemma="Kedagi" pos="X">Kedagi</wf>
         <instance id="d000.s034.t000" lemma="embus" pos="NOUN">embusse</instance>
         <wf lemma="haarama" pos="X">haarama</wf>
         <wf lemma="," pos="X">,</wf>
         <wf lemma="võtma" pos="X">võtma</wf>
         <wf lemma="." pos="X">.</wf>
         <wf lemma="Langesid" pos="X">Langesid</wf>
         <wf lemma="teineteise" pos="X">teineteise</wf>
         <wf lemma="embusse" pos="X">embusse</wf>
         <wf lemma="." pos="X">.</wf>
         <wf lemma="Kedagi" pos="X">Kedagi</wf>
         <wf lemma="embuses" pos="X">embuses</wf>
         <wf lemma="hoidma" pos="X">hoidma</wf>
         <wf lemma="." pos="X">.</wf>
         <wf lemma="Naine" pos="X">Naine</wf>
         <wf lemma="vabastas" pos="X">vabastas</wf>
         <wf lemma="end" pos="X">end</wf>
         <wf lemma="mehe" pos="X">mehe</wf>
         <wf lemma="embusest" pos="X">embusest</wf>
         <wf lemma="." pos="X">.</wf>
      </sentence>
      <sentence id="d000.s035" source="wordnet-estonian">
         <wf lemma="Riiki" pos="X">Riiki</wf>
         <wf lemma="," pos="X">,</wf>
         <wf lemma="ühiskonda" pos="X">ühiskonda</wf>
         <instance id="d000.s035.t000" lemma="demokratiseerima" pos="VERB">demokratiseerima</instance>
         <wf lemma="." pos="X">.</wf>
         <wf lemma="(" pos="X">(</wf>
         <wf lemma="EKSS" pos="X">EKSS</wf>
         <wf lemma=")" pos="X">)</wf>
         <wf lemma="." pos="X">.</wf>
      </sentence>
      <sentence id="d000.s036" source="wordnet-estonian">
         <wf lemma="Mäetipp" pos="X">Mäetipp</wf>
         <instance id="d000.s036.t000" lemma="kaduma" pos="VERB">kadus</instance>
         <wf lemma="pilvedesse" pos="X">pilvedesse</wf>
         <wf lemma="." pos="X">.</wf>
      </sentence>
      <sentence id="d000.s037" source="wordnet-estonian">
         <wf lemma="Luite" pos="X">Luite</wf>
         <wf lemma="pealttuule-" pos="X">pealttuule-</wf>
         <wf lemma="ja" pos="X">ja</wf>
         <wf lemma="alttuulenõlv" pos="X">alttuulenõlv</wf>
         <wf lemma="." pos="X">.</wf>
         <instance id="d000.s037.t000" lemma="luide" pos="NOUN">Luited</instance>
         <wf lemma="liiguvad" pos="X">liiguvad</wf>
         <wf lemma="," pos="X">,</wf>
         <wf lemma="kanduvad" pos="X">kanduvad</wf>
         <wf lemma="tuule" pos="X">tuule</wf>
         <wf lemma="toimel" pos="X">toimel</wf>
         <wf lemma="edasi" pos="X">edasi</wf>
         <wf lemma="." pos="X">.</wf>
         <wf lemma="Metsastatud" pos="X">Metsastatud</wf>
         <wf lemma="luited" pos="X">luited</wf>
         <wf lemma="." pos="X">.</wf>
         <wf lemma="Kura" pos="X">Kura</wf>
         <wf lemma="maasääre" pos="X">maasääre</wf>
         <wf lemma="luited" pos="X">luited</wf>
         <wf lemma="." pos="X">.</wf>
      </sentence>
      <sentence id="d000.s038" source="wordnet-estonian">
         <wf lemma="Ta" pos="X">Ta</wf>
         <wf lemma="lõi" pos="X">lõi</wf>
         <wf lemma="viimasel" pos="X">viimasel</wf>
         <instance id="d000.s038.t000" lemma="moment" pos="NOUN">momendil</instance>
         <wf lemma="kahtlema" pos="X">kahtlema</wf>
         <wf lemma="." pos="X">.</wf>
      </sentence>
      <sentence id="d000.s039" source="wordnet-estonian">
         <wf lemma="Väga" pos="X">Väga</wf>
         <wf lemma="õigesti" pos="X">õigesti</wf>
         <instance id="d000.s039.t000" lemma="käituma" pos="VERB">käitus</instance>
         <wf lemma="keskealine" pos="X">keskealine</wf>
         <wf lemma="naine" pos="X">naine</wf>
         <wf lemma="." pos="X">.</wf>
      </sentence>
      <sentence id="d000.s040" source="wordnet-estonian">
         <wf lemma="Bioloogilisest" pos="X">Bioloogilisest</wf>
         <wf lemma="pärandist" pos="X">pärandist</wf>
         <wf lemma="," pos="X">,</wf>
         <wf lemma="mille" pos="X">mille</wf>
         <wf lemma="olime" pos="X">olime</wf>
         <wf lemma="idast" pos="X">idast</wf>
         <wf lemma="kaasa" pos="X">kaasa</wf>
         <wf lemma="toonud" pos="X">toonud</wf>
         <wf lemma="," pos="X">,</wf>
         <wf lemma="säilis" pos="X">säilis</wf>
         <wf lemma="meie" pos="X">meie</wf>
         <instance id="d000.s040.t000" lemma="geen" pos="NOUN">geenides</instance>
         <wf lemma="kõigest" pos="X">kõigest</wf>
         <wf lemma="veerandi" pos="X">veerandi</wf>
         <wf lemma="ümber" pos="X">ümber</wf>
         <wf lemma="." pos="X">.</wf>
      </sentence>
      <sentence id="d000.s041" source="wordnet-estonian">
         <wf lemma="Koosolek" pos="X">Koosolek</wf>
         <instance id="d000.s041.t000" lemma="hakkama" pos="VERB">hakkab</instance>
         <wf lemma="kell" pos="X">kell</wf>
         <wf lemma="kolm" pos="X">kolm</wf>
         <wf lemma="." pos="X">.</wf>
      </sentence>
      <sentence id="d000.s042" source="wordnet-estonian">
         <wf lemma="Öösel" pos="X">Öösel</wf>
         <wf lemma="huikasid" pos="X">huikasid</wf>
         <instance id="d000.s042.t000" lemma="kakk" pos="NOUN">kakud</instance>
         <wf lemma="." pos="X">.</wf>
      </sentence>
      <sentence id="d000.s043" source="wordnet-estonian">
         <wf lemma="Kingloom" pos="X">Kingloom</wf>
         <wf lemma="on" pos="X">on</wf>
         <wf lemma="ühest" pos="X">ühest</wf>
         <instance id="d000.s043.t000" lemma="rakk" pos="NOUN">rakust</instance>
         <wf lemma="koosnev" pos="X">koosnev</wf>
         <wf lemma="organism" pos="X">organism</wf>
         <wf lemma="." pos="X">.</wf>
      </sentence>
      <sentence id="d000.s044" source="wordnet-estonian">
         <wf lemma="Ma" pos="X">Ma</wf>
         <instance id="d000.s044.t000" lemma="tühistama" pos="VERB">tühistasin</instance>
         <wf lemma="oma" pos="X">oma</wf>
         <wf lemma="kohtumise" pos="X">kohtumise</wf>
         <wf lemma="ajakirjanikega" pos="X">ajakirjanikega</wf>
         <wf lemma="." pos="X">.</wf>
      </sentence>
      <sentence id="d000.s045" source="wordnet-estonian">
         <wf lemma="Potentsiaalne" pos="X">Potentsiaalne</wf>
         <instance id="d000.s045.t000" lemma="energia" pos="NOUN">energia</instance>
         <wf lemma="(" pos="X">(</wf>
         <wf lemma="EKSS" pos="X">EKSS</wf>
         <wf lemma=")" pos="X">)</wf>
         <wf lemma="." pos="X">.</wf>
      </sentence>
      <sentence id="d000.s046" source="wordnet-estonian">
         <wf lemma="See" pos="X">See</wf>
         <wf lemma="raamat" pos="X">raamat</wf>
         <wf lemma="huvitas" pos="X">huvitas</wf>
         <wf lemma="teda" pos="X">teda</wf>
         <instance id="d000.s046.t000" lemma="eriti" pos="ADV">eriti</instance>
         <wf lemma="." pos="X">.</wf>
         <wf lemma="(" pos="X">(</wf>
         <wf lemma="EKSS" pos="X">EKSS</wf>
         <wf lemma=")" pos="X">)</wf>
         <wf lemma="." pos="X">.</wf>
      </sentence>
      <sentence id="d000.s047" source="wordnet-estonian">
         <wf lemma="Otsib" pos="X">Otsib</wf>
         <wf lemma="heapalgalist" pos="X">heapalgalist</wf>
         <wf lemma="," pos="X">,</wf>
         <wf lemma="kerget" pos="X">kerget</wf>
         <wf lemma="," pos="X">,</wf>
         <wf lemma="ükskõik" pos="X">ükskõik</wf>
         <wf lemma="millist" pos="X">millist</wf>
         <instance id="d000.s047.t000" lemma="teenistus" pos="NOUN">teenistust</instance>
         <wf lemma="." pos="X">.</wf>
         <wf lemma="(" pos="X">(</wf>
         <wf lemma="EKSS" pos="X">EKSS</wf>
         <wf lemma=")" pos="X">)</wf>
         <wf lemma="." pos="X">.</wf>
      </sentence>
      <sentence id="d000.s048" source="wordnet-estonian">
         <wf lemma="Kõlavad" pos="X">Kõlavad</wf>
         <wf lemma="," pos="X">,</wf>
         <wf lemma="ilusad" pos="X">ilusad</wf>
         <wf lemma="," pos="X">,</wf>
         <wf lemma="tühjad" pos="X">tühjad</wf>
         <wf lemma="," pos="X">,</wf>
         <wf lemma="õõnsad" pos="X">õõnsad</wf>
         <wf lemma="," pos="X">,</wf>
         <wf lemma="kulunud" pos="X">kulunud</wf>
         <wf lemma="," pos="X">,</wf>
         <wf lemma="šabloonsed" pos="X">šabloonsed</wf>
         <instance id="d000.s048.t000" lemma="fraas" pos="NOUN">fraasid</instance>
         <wf lemma="." pos="X">.</wf>
         <wf lemma="*" pos="X">*</wf>
         <wf lemma="Elulähedus" pos="X">Elulähedus</wf>
         <wf lemma="--" pos="X">--</wf>
         <wf lemma="see" pos="X">see</wf>
         <wf lemma="oli" pos="X">oli</wf>
         <wf lemma="suuresti" pos="X">suuresti</wf>
         <wf lemma="vaid" pos="X">vaid</wf>
         <wf lemma="fraas" pos="X">fraas</wf>
         <wf lemma="," pos="X">,</wf>
         <wf lemma="sest" pos="X">sest</wf>
         <wf lemma="puudus" pos="X">puudus</wf>
         <wf lemma="maailmavaateline" pos="X">maailmavaateline</wf>
         <wf lemma="lähedus" pos="X">lähedus</wf>
         <wf lemma="sellesama" pos="X">sellesama</wf>
         <wf lemma="elu" pos="X">elu</wf>
         <wf lemma="hindamisel" pos="X">hindamisel</wf>
         <wf lemma="." pos="X">.</wf>
         <wf lemma="(" pos="X">(</wf>
         <wf lemma="Autor" pos="X">Autor</wf>
         <wf lemma=":" pos="X">:</wf>
         <wf lemma="H." pos="X">H.</wf>
         <wf lemma="Peep." pos="X">Peep.</wf>
         <wf lemma=")" pos="X">)</wf>
         <wf lemma="." pos="X">.</wf>
      </sentence>
      <sentence id="d000.s049" source="wordnet-estonian">
         <wf lemma="Ilma" pos="X">Ilma</wf>
         <instance id="d000.s049.t000" lemma="abi" pos="NOUN">abita</instance>
         <wf lemma="ei" pos="X">ei</wf>
         <wf lemma="saanud" pos="X">saanud</wf>
         <wf lemma="ta" pos="X">ta</wf>
         <wf lemma="liikuda" pos="X">liikuda</wf>
         <wf lemma="." pos="X">.</wf>
      </sentence>
      <sentence id="d000.s050" source="wordnet-estonian">
         <wf lemma="Kevadise" pos="X">Kevadise</wf>
         <wf lemma="suurvee" pos="X">suurvee</wf>
         <wf lemma="ajal" pos="X">ajal</wf>
         <wf lemma="lasti" pos="X">lasti</wf>
         <instance id="d000.s050.t000" lemma="parv" pos="NOUN">parved</instance>
         <wf lemma="jõge" pos="X">jõge</wf>
         <wf lemma="mööda" pos="X">mööda</wf>
         <wf lemma="alla" pos="X">alla</wf>
         <wf lemma="." pos="X">.</wf>
      </sentence>
      <sentence id="d000.s051" source="wordnet-estonian">
         <wf lemma="Soov" pos="X">Soov</wf>
         <wf lemma="teda" pos="X">teda</wf>
         <instance id="d000.s051.t000" lemma="aitama" pos="VERB">aidata</instance>
         <wf lemma="." pos="X">.</wf>
      </sentence>
      <sentence id="d000.s052" source="wordnet-estonian">
         <wf lemma="Inimese" pos="X">Inimese</wf>
         <wf lemma="," pos="X">,</wf>
         <wf lemma="linnu" pos="X">linnu</wf>
         <instance id="d000.s052.t000" lemma="lihaskond" pos="NOUN">lihaskond</instance>
         <wf lemma="." pos="X">.</wf>
         <wf lemma="Jäseme" pos="X">Jäseme</wf>
         <wf lemma="lihaskond" pos="X">lihaskond</wf>
         <wf lemma="." pos="X">.</wf>
      </sentence>
      <sentence id="d000.s053" source="wordnet-estonian">
         <wf lemma="Arveldused" pos="X">Arveldused</wf>
         <instance id="d000.s053.t000" lemma="deebitor" pos="NOUN">deebitoride</instance>
         <wf lemma="ja" pos="X">ja</wf>
         <wf lemma="kreeditoridega" pos="X">kreeditoridega</wf>
         <wf lemma="." pos="X">.</wf>
      </sentence>
      <sentence id="d000.s054" source="wordnet-estonian">
         <wf lemma="Politseiüksuse" pos="X">Politseiüksuse</wf>
         <wf lemma="ohvitserid" pos="X">ohvitserid</wf>
         <wf lemma="." pos="X">.</wf>
         <wf lemma="Järjest" pos="X">Järjest</wf>
         <wf lemma="moodustati" pos="X">moodustati</wf>
         <wf lemma="uusi" pos="X">uusi</wf>
         <instance id="d000.s054.t000" lemma="üksus" pos="NOUN">üksusi</instance>
         <wf lemma="." pos="X">.</wf>
         <wf lemma="Esimesed" pos="X">Esimesed</wf>
         <wf lemma="üksused" pos="X">üksused</wf>
         <wf lemma="on" pos="X">on</wf>
         <wf lemma="kaitsepositsioonid" pos="X">kaitsepositsioonid</wf>
         <wf lemma="sisse" pos="X">sisse</wf>
         <wf lemma="võtnud" pos="X">võtnud</wf>
         <wf lemma="." pos="X">.</wf>
      </sentence>
      <sentence id="d000.s055" source="wordnet-estonian">
         <wf lemma="Saabuti" pos="X">Saabuti</wf>
         <wf lemma="üksikult" pos="X">üksikult</wf>
         <wf lemma="ja" pos="X">ja</wf>
         <instance id="d000.s055.t000" lemma="seltskond" pos="NOUN">seltskondadena</instance>
         <wf lemma="(" pos="X">(</wf>
         <wf lemma="EKSS" pos="X">EKSS</wf>
         <wf lemma=")" pos="X">)</wf>
         <wf lemma="." pos="X">.</wf>
      </sentence>
      <sentence id="d000.s056" source="wordnet-estonian">
         <instance id="d000.s056.t000" lemma="konfabulatsioon" pos="NOUN">Konfabulatsioon</instance>
         <wf lemma="juhtub" pos="X">juhtub</wf>
         <wf lemma="selleks" pos="X">selleks</wf>
         <wf lemma="," pos="X">,</wf>
         <wf lemma="et" pos="X">et</wf>
         <wf lemma="inimene" pos="X">inimene</wf>
         <wf lemma="saaks" pos="X">saaks</wf>
         <wf lemma="tunda" pos="X">tunda</wf>
         <wf lemma="end" pos="X">end</wf>
         <wf lemma="ikkagi" pos="X">ikkagi</wf>
         <wf lemma="kindlalt" pos="X">kindlalt</wf>
         <wf lemma="oma" pos="X">oma</wf>
         <wf lemma="mälus" pos="X">mälus</wf>
         <wf lemma="." pos="X">.</wf>
      </sentence>
      <sentence id="d000.s057" source="wordnet-estonian">
         <wf lemma="Tamiil" pos="X">Tamiil</wf>
         <wf lemma="keerleb" pos="X">keerleb</wf>
         <wf lemma="kiiresti" pos="X">kiiresti</wf>
         <instance id="d000.s057.t000" lemma="pool" pos="NOUN">poolil</instance>
         <wf lemma="." pos="X">.</wf>
         <wf lemma="Kirjutusmasina" pos="X">Kirjutusmasina</wf>
         <wf lemma="lint" pos="X">lint</wf>
         <wf lemma="kerib" pos="X">kerib</wf>
         <wf lemma="end" pos="X">end</wf>
         <wf lemma="ühelt" pos="X">ühelt</wf>
         <wf lemma="poolilt" pos="X">poolilt</wf>
         <wf lemma="teisele" pos="X">teisele</wf>
         <wf lemma="." pos="X">.</wf>
      </sentence>
      <sentence id="d000.s058" source="wordnet-estonian">
         <wf lemma="Tee" pos="X">Tee</wf>
         <wf lemma="ema" pos="X">ema</wf>
         <instance id="d000.s058.t000" lemma="juhatus" pos="NOUN">juhatuse</instance>
         <wf lemma="järgi" pos="X">järgi</wf>
         <wf lemma="," pos="X">,</wf>
         <wf lemma="juhatust" pos="X">juhatust</wf>
         <wf lemma="mööda" pos="X">mööda</wf>
         <wf lemma="!" pos="X">!</wf>
         <wf lemma="Oleksin" pos="X">Oleksin</wf>
         <wf lemma="maja" pos="X">maja</wf>
         <wf lemma="leidnud" pos="X">leidnud</wf>
         <wf lemma="ka" pos="X">ka</wf>
         <wf lemma="suulise" pos="X">suulise</wf>
         <wf lemma="juhatuse" pos="X">juhatuse</wf>
         <wf lemma="järgi" pos="X">järgi</wf>
         <wf lemma="." pos="X">.</wf>
      </sentence>
      <sentence id="d000.s059" source="wordnet-estonian">
         <wf lemma="Valuvaigistav" pos="X">Valuvaigistav</wf>
         <wf lemma="," pos="X">,</wf>
         <wf lemma="rahustav" pos="X">rahustav</wf>
         <instance id="d000.s059.t000" lemma="tinktuur" pos="NOUN">tinktuur</instance>
         <wf lemma="." pos="X">.</wf>
         <wf lemma="Tilgutas" pos="X">Tilgutas</wf>
         <wf lemma="tinktuuri" pos="X">tinktuuri</wf>
         <wf lemma="suhkrutükile" pos="X">suhkrutükile</wf>
         <wf lemma="." pos="X">.</wf>
         <wf lemma="(" pos="X">(</wf>
         <wf lemma="EKSS" pos="X">EKSS</wf>
         <wf lemma=")" pos="X">)</wf>
         <wf lemma="." pos="X">.</wf>
      </sentence>
      <sentence id="d000.s060" source="wordnet-estonian">
         <wf lemma="Ta" pos="X">Ta</wf>
         <wf lemma="kontrollis" pos="X">kontrollis</wf>
         <wf lemma="näpuga" pos="X">näpuga</wf>
         <wf lemma="tuule" pos="X">tuule</wf>
         <instance id="d000.s060.t000" lemma="suund" pos="NOUN">suunda</instance>
         <wf lemma="." pos="X">.</wf>
      </sentence>
      <sentence id="d000.s061" source="wordnet-estonian">
         <wf lemma="Panin" pos="X">Panin</wf>
         <wf lemma="kuusele" pos="X">kuusele</wf>
         <instance id="d000.s061.t000" lemma="küünal" pos="NOUN">küünlad</instance>
         <wf lemma="külge" pos="X">külge</wf>
         <wf lemma="." pos="X">.</wf>
      </sentence>
      <sentence id="d000.s062" source="wordnet-estonian">
         <wf lemma="Ta" pos="X">Ta</wf>
         <instance id="d000.s062.t000" lemma="näitama" pos="VERB">näitab</instance>
         <wf lemma="oma" pos="X">oma</wf>
         <wf lemma="elujärge" pos="X">elujärge</wf>
         <wf lemma="." pos="X">.</wf>
         <wf lemma="Ei" pos="X">Ei</wf>
         <wf lemma="näita" pos="X">näita</wf>
         <wf lemma="oma" pos="X">oma</wf>
         <wf lemma="nägu" pos="X">nägu</wf>
         <wf lemma="kuude" pos="X">kuude</wf>
         <wf lemma="kaupa" pos="X">kaupa</wf>
         <wf lemma="." pos="X">.</wf>
      </sentence>
      <sentence id="d000.s063" source="wordnet-estonian">
         <wf lemma="Mootorrattur" pos="X">Mootorrattur</wf>
         <wf lemma="kaotas" pos="X">kaotas</wf>
         <wf lemma="kurvis" pos="X">kurvis</wf>
         <instance id="d000.s063.t000" lemma="kontroll" pos="NOUN">kontrolli</instance>
         <wf lemma="masina" pos="X">masina</wf>
         <wf lemma="üle" pos="X">üle</wf>
         <wf lemma="." pos="X">.</wf>
      </sentence>
      <sentence id="d000.s064" source="wordnet-estonian">
         <wf lemma="Kaunid" pos="X">Kaunid</wf>
         <wf lemma="," pos="X">,</wf>
         <wf lemma="lahkelt" pos="X">lahkelt</wf>
         <wf lemma="naeratavad" pos="X">naeratavad</wf>
         <instance id="d000.s064.t000" lemma="stjuardess" pos="NOUN">stjuardessid</instance>
         <wf lemma="." pos="X">.</wf>
         <wf lemma="Stjuardess" pos="X">Stjuardess</wf>
         <wf lemma="serveerib" pos="X">serveerib</wf>
         <wf lemma="einet" pos="X">einet</wf>
         <wf lemma="," pos="X">,</wf>
         <wf lemma="pakub" pos="X">pakub</wf>
         <wf lemma="ajalehti" pos="X">ajalehti</wf>
         <wf lemma="." pos="X">.</wf>
      </sentence>
      <sentence id="d000.s065" source="wordnet-estonian">
         <wf lemma="Nad" pos="X">Nad</wf>
         <wf lemma="võtsid" pos="X">võtsid</wf>
         <wf lemma="selle" pos="X">selle</wf>
         <wf lemma="projekti" pos="X">projekti</wf>
         <wf lemma="täitmiseks" pos="X">täitmiseks</wf>
         <instance id="d000.s065.t000" lemma="abiline" pos="NOUN">abilisi</instance>
         <wf lemma="juurde" pos="X">juurde</wf>
         <wf lemma="." pos="X">.</wf>
      </sentence>
      <sentence id="d000.s066" source="wordnet-estonian">
         <wf lemma="Konverentsile" pos="X">Konverentsile</wf>
         <wf lemma="sõitsid" pos="X">sõitsid</wf>
         <wf lemma="inimesed" pos="X">inimesed</wf>
         <wf lemma="kõigist" pos="X">kõigist</wf>
         <wf lemma="maailma" pos="X">maailma</wf>
         <instance id="d000.s066.t000" lemma="osa" pos="NOUN">osadest</instance>
         <wf lemma="." pos="X">.</wf>
      </sentence>
      <sentence id="d000.s067" source="wordnet-estonian">
         <wf lemma="Seedeorganite" pos="X">Seedeorganite</wf>
         <instance id="d000.s067.t000" lemma="füsioloogia" pos="NOUN">füsioloogia</instance>
         <wf lemma="." pos="X">.</wf>
      </sentence>
      <sentence id="d000.s068" source="wordnet-estonian">
         <instance id="d000.s068.t000" lemma="kirjutama" pos="VERB">Kirjutab</instance>
         <wf lemma="tähti" pos="X">tähti</wf>
         <wf lemma="kriidiga" pos="X">kriidiga</wf>
         <wf lemma="tahvlile" pos="X">tahvlile</wf>
         <wf lemma="." pos="X">.</wf>
      </sentence>
      <sentence id="d000.s069" source="wordnet-estonian">
         <wf lemma="Mängijad" pos="X">Mängijad</wf>
         <wf lemma="kogunesid" pos="X">kogunesid</wf>
         <wf lemma="külaliste" pos="X">külaliste</wf>
         <instance id="d000.s069.t000" lemma="korv" pos="NOUN">korvi</instance>
         <wf lemma="alla" pos="X">alla</wf>
         <wf lemma="." pos="X">.</wf>
         <wf lemma="Mängis" pos="X">Mängis</wf>
         <wf lemma="ennast" pos="X">ennast</wf>
         <wf lemma="korvi" pos="X">korvi</wf>
         <wf lemma="all" pos="X">all</wf>
         <wf lemma="vabaks" pos="X">vabaks</wf>
         <wf lemma="." pos="X">.</wf>
         <wf lemma="(" pos="X">(</wf>
         <wf lemma="EKSS" pos="X">EKSS</wf>
         <wf lemma=")" pos="X">)</wf>
         <wf lemma="." pos="X">.</wf>
      </sentence>
      <sentence id="d000.s070" source="wordnet-estonian">
         <instance id="d000.s070.t000" lemma="ilu" pos="NOUN">Ilu</instance>
         <wf lemma="ei" pos="X">ei</wf>
         <wf lemma="panda" pos="X">panda</wf>
         <wf lemma="patta" pos="X">patta</wf>
         <wf lemma="." pos="X">.</wf>
      </sentence>
      <sentence id="d000.s071" source="wordnet-estonian">
         <wf lemma="Kell" pos="X">Kell</wf>
         <wf lemma="on" pos="X">on</wf>
         <instance id="d000.s071.t000" lemma="umbes" pos="ADV">umbes</instance>
         <wf lemma="kümme" pos="X">kümme</wf>
         <wf lemma="." pos="X">.</wf>
      </sentence>
      <sentence id="d000.s072" source="wordnet-estonian">
         <wf lemma="Seos" pos="X">Seos</wf>
         <wf lemma="püütakse" pos="X">püütakse</wf>
         <wf lemma="anda" pos="X">anda</wf>
         <wf lemma="valemi" pos="X">valemi</wf>
         <wf lemma="abil" pos="X">abil</wf>
         <wf lemma="," pos="X">,</wf>
         <wf lemma="aga" pos="X">aga</wf>
         <wf lemma="kasutatakse" pos="X">kasutatakse</wf>
         <wf lemma="ka" pos="X">ka</wf>
         <wf lemma="graafikuid" pos="X">graafikuid</wf>
         <wf lemma="," pos="X">,</wf>
         <wf lemma="tabeleid" pos="X">tabeleid</wf>
         <wf lemma="ja" pos="X">ja</wf>
         <instance id="d000.s072.t000" lemma="nomogramm" pos="NOUN">nomogramme</instance>
         <wf lemma="." pos="X">.</wf>
      </sentence>
      <sentence id="d000.s073" source="wordnet-estonian">
         <wf lemma="Loomingulise" pos="X">Loomingulise</wf>
         <instance id="d000.s073.t000" lemma="aktiivsus" pos="NOUN">aktiivsuse</instance>
         <wf lemma="tõus" pos="X">tõus</wf>
         <wf lemma="," pos="X">,</wf>
         <wf lemma="langus" pos="X">langus</wf>
         <wf lemma="(" pos="X">(</wf>
         <wf lemma="EKSS" pos="X">EKSS</wf>
         <wf lemma=")" pos="X">)</wf>
         <wf lemma="." pos="X">.</wf>
      </sentence>
      <sentence id="d000.s074" source="wordnet-estonian">
         <wf lemma="Viimased" pos="X">Viimased</wf>
         <instance id="d000.s074.t000" lemma="ammoniit" pos="NOUN">ammoniidid</instance>
         <wf lemma="surid" pos="X">surid</wf>
         <wf lemma="välja" pos="X">välja</wf>
         <wf lemma="umbes" pos="X">umbes</wf>
         <wf lemma="65" pos="X">65</wf>
         <wf lemma="miljonit" pos="X">miljonit</wf>
         <wf lemma="aastat" pos="X">aastat</wf>
         <wf lemma="tagasi" pos="X">tagasi</wf>
         <wf lemma="." pos="X">.</wf>
      </sentence>
      <sentence id="d000.s075" source="wordnet-estonian">
         <wf lemma="Kohus" pos="X">Kohus</wf>
         <wf lemma="ja" pos="X">ja</wf>
         <wf lemma="parlament" pos="X">parlament</wf>
         <wf lemma="on" pos="X">on</wf>
         <wf lemma="riiklikud" pos="X">riiklikud</wf>
         <instance id="d000.s075.t000" lemma="institutsioon" pos="NOUN">institutsioonid</instance>
         <wf lemma="." pos="X">.</wf>
      </sentence>
      <sentence id="d000.s076" source="wordnet-estonian">
         <wf lemma="Mateeria" pos="X">Mateeria</wf>
         <wf lemma="filosoofilised" pos="X">filosoofilised</wf>
         <instance id="d000.s076.t000" lemma="definitsioon" pos="NOUN">definitsioonid</instance>
         <wf lemma="." pos="X">.</wf>
      </sentence>
      <sentence id="d000.s077" source="wordnet-estonian">
         <wf lemma="Liikumise" pos="X">Liikumise</wf>
         <wf lemma="sujuvust" pos="X">sujuvust</wf>
         <wf lemma="suurendab" pos="X">suurendab</wf>
         <wf lemma="ning" pos="X">ning</wf>
         <wf lemma="liigeseotste" pos="X">liigeseotste</wf>
         <wf lemma="vahelist" pos="X">vahelist</wf>
         <wf lemma="hõõrdumist" pos="X">hõõrdumist</wf>
         <wf lemma="vähendab" pos="X">vähendab</wf>
         <wf lemma="liigeseõõnes" pos="X">liigeseõõnes</wf>
         <wf lemma="asuv" pos="X">asuv</wf>
         <wf lemma="eriline" pos="X">eriline</wf>
         <wf lemma="vedelik" pos="X">vedelik</wf>
         <instance id="d000.s077.t000" lemma="sünoovia" pos="NOUN">sünoovia</instance>
         <wf lemma="." pos="X">.</wf>
      </sentence>
      <sentence id="d000.s078" source="wordnet-estonian">
         <wf lemma="Kaupleb" pos="X">Kaupleb</wf>
         <instance id="d000.s078.t000" lemma="turg" pos="NOUN">turul</instance>
         <wf lemma="kartuliga" pos="X">kartuliga</wf>
         <wf lemma="(" pos="X">(</wf>
         <wf lemma="EKSS" pos="X">EKSS</wf>
         <wf lemma=")" pos="X">)</wf>
         <wf lemma="." pos="X">.</wf>
      </sentence>
      <sentence id="d000.s079" source="wordnet-estonian">
         <wf lemma="Siin-seal" pos="X">Siin-seal</wf>
         <wf lemma="istus" pos="X">istus</wf>
         <wf lemma="mehi" pos="X">mehi</wf>
         <wf lemma="rühmiti" pos="X">rühmiti</wf>
         <instance id="d000.s079.t000" lemma="koos" pos="ADV">koos</instance>
         <wf lemma="." pos="X">.</wf>
         <wf lemma="(" pos="X">(</wf>
         <wf lemma="EKSS" pos="X">EKSS</wf>
         <wf lemma=")" pos="X">)</wf>
         <wf lemma="." pos="X">.</wf>
      </sentence>
      <sentence id="d000.s080" source="wordnet-estonian">
         <wf lemma="Putukad" pos="X">Putukad</wf>
         <wf lemma="arenevad" pos="X">arenevad</wf>
         <wf lemma="harilikult" pos="X">harilikult</wf>
         <instance id="d000.s080.t000" lemma="muna" pos="NOUN">munast</instance>
         <wf lemma="(" pos="X">(</wf>
         <wf lemma="EKSS" pos="X">EKSS</wf>
         <wf lemma=")" pos="X">)</wf>
         <wf lemma="." pos="X">.</wf>
      </sentence>
      <sentence id="d000.s081" source="wordnet-estonian">
         <wf lemma="Liigesepõletikust" pos="X">Liigesepõletikust</wf>
         <wf lemma="põhjustatud" pos="X">põhjustatud</wf>
         <instance id="d000.s081.t000" lemma="deformatsioon" pos="NOUN">deformatsioonid</instance>
         <wf lemma="." pos="X">.</wf>
      </sentence>
      <sentence id="d000.s082" source="wordnet-estonian">
         <wf lemma="Peolaud" pos="X">Peolaud</wf>
         <wf lemma="oli" pos="X">oli</wf>
         <wf lemma="tõeline" pos="X">tõeline</wf>
         <instance id="d000.s082.t000" lemma="gastronoomia" pos="NOUN">gastronoomia</instance>
         <wf lemma="imede" pos="X">imede</wf>
         <wf lemma="paraad" pos="X">paraad</wf>
         <wf lemma="." pos="X">.</wf>
      </sentence>
      <sentence id="d000.s083" source="wordnet-estonian">
         <wf lemma="Uued" pos="X">Uued</wf>
         <wf lemma="meetodid" pos="X">meetodid</wf>
         <wf lemma="muudavad" pos="X">muudavad</wf>
         <instance id="d000.s083.t000" lemma="radikaalselt" pos="ADV">radikaalselt</instance>
         <wf lemma="töö" pos="X">töö</wf>
         <wf lemma="tulemusi" pos="X">tulemusi</wf>
         <wf lemma="." pos="X">.</wf>
         <wf lemma="(" pos="X">(</wf>
         <wf lemma="EKSS" pos="X">EKSS</wf>
         <wf lemma=")" pos="X">)</wf>
         <wf lemma="." pos="X">.</wf>
      </sentence>
      <sentence id="d000.s084" source="wordnet-estonian">
         <wf lemma="Ma" pos="X">Ma</wf>
         <wf lemma="ei" pos="X">ei</wf>
         <wf lemma="oska" pos="X">oska</wf>
         <instance id="d000.s084.t000" lemma="nüüd" pos="ADV">nüüd</instance>
         <wf lemma="enam" pos="X">enam</wf>
         <wf lemma="midagi" pos="X">midagi</wf>
         <wf lemma="." pos="X">.</wf>
      </sentence>
      <sentence id="d000.s085" source="wordnet-estonian">
         <wf lemma="Töötute" pos="X">Töötute</wf>
         <instance id="d000.s085.t000" lemma="armee" pos="NOUN">armee</instance>
         <wf lemma="." pos="X">.</wf>
         <wf lemma="Ehitajate" pos="X">Ehitajate</wf>
         <wf lemma="," pos="X">,</wf>
         <wf lemma="üliõpilaste" pos="X">üliõpilaste</wf>
         <wf lemma="," pos="X">,</wf>
         <wf lemma="turistide" pos="X">turistide</wf>
         <wf lemma="armee" pos="X">armee</wf>
         <wf lemma="." pos="X">.</wf>
         <wf lemma="*..kord" pos="X">*..kord</wf>
         <wf lemma="marsib" pos="X">marsib</wf>
         <wf lemma="ellu" pos="X">ellu</wf>
         <wf lemma="nagu" pos="X">nagu</wf>
         <wf lemma="Rooma" pos="X">Rooma</wf>
         <wf lemma="/" pos="X">/</wf>
         <wf lemma="me" pos="X">me</wf>
         <wf lemma="ärklitubade" pos="X">ärklitubade</wf>
         <wf lemma="armee" pos="X">armee</wf>
         <wf lemma="." pos="X">.</wf>
         <wf lemma="o+A." pos="X">o+A.</wf>
         <wf lemma="Sang" pos="X">Sang</wf>
         <wf lemma="." pos="X">.</wf>
      </sentence>
      <sentence id="d000.s086" source="wordnet-estonian">
         <wf lemma="Tahvli" pos="X">Tahvli</wf>
         <instance id="d000.s086.t000" lemma="pind" pos="NOUN">pind</instance>
         <wf lemma="ei" pos="X">ei</wf>
         <wf lemma="tohi" pos="X">tohi</wf>
         <wf lemma="olla" pos="X">olla</wf>
         <wf lemma="liiga" pos="X">liiga</wf>
         <wf lemma="libe" pos="X">libe</wf>
         <wf lemma="." pos="X">.</wf>
      </sentence>
      <sentence id="d000.s087" source="wordnet-estonian">
         <wf lemma="Kirju" pos="X">Kirju</wf>
         <wf lemma="," pos="X">,</wf>
         <wf lemma="musta" pos="X">musta</wf>
         <wf lemma="," pos="X">,</wf>
         <wf lemma="rohelise" pos="X">rohelise</wf>
         <wf lemma="sulestikuga" pos="X">sulestikuga</wf>
         <instance id="d000.s087.t000" lemma="rähn" pos="NOUN">rähn</instance>
         <wf lemma="." pos="X">.</wf>
         <wf lemma="Punase" pos="X">Punase</wf>
         <wf lemma="pealaega" pos="X">pealaega</wf>
         <wf lemma="rähn" pos="X">rähn</wf>
         <wf lemma="." pos="X">.</wf>
         <wf lemma="Rähn" pos="X">Rähn</wf>
         <wf lemma="trummeldab" pos="X">trummeldab</wf>
         <wf lemma="," pos="X">,</wf>
         <wf lemma="põristab" pos="X">põristab</wf>
         <wf lemma="kuival" pos="X">kuival</wf>
         <wf lemma="oksal" pos="X">oksal</wf>
         <wf lemma="," pos="X">,</wf>
         <wf lemma="vastu" pos="X">vastu</wf>
         <wf lemma="kuiva" pos="X">kuiva</wf>
         <wf lemma="oksa" pos="X">oksa</wf>
         <wf lemma="." pos="X">.</wf>
         <wf lemma="Kostab" pos="X">Kostab</wf>
         <wf lemma="rähni" pos="X">rähni</wf>
         <wf lemma="väsimatut" pos="X">väsimatut</wf>
         <wf lemma="toksimist" pos="X">toksimist</wf>
         <wf lemma="." pos="X">.</wf>
         <wf lemma="Kuskil" pos="X">Kuskil</wf>
         <wf lemma="koputab" pos="X">koputab</wf>
         <wf lemma="rähn" pos="X">rähn</wf>
         <wf lemma="vastu" pos="X">vastu</wf>
         <wf lemma="männitüve" pos="X">männitüve</wf>
         <wf lemma="." pos="X">.</wf>
      </sentence>
      <sentence id="d000.s088" source="wordnet-estonian">
         <wf lemma="Poisid" pos="X">Poisid</wf>
         <wf lemma="teevad" pos="X">teevad</wf>
         <wf lemma="kuuseokstest" pos="X">kuuseokstest</wf>
         <instance id="d000.s088.t000" lemma="onn" pos="NOUN">onni</instance>
         <wf lemma="." pos="X">.</wf>
      </sentence>
      <sentence id="d000.s089" source="wordnet-estonian">
         <instance id="d000.s089.t000" lemma="sindel" pos="NOUN">Sindlitest</instance>
         <wf lemma="katus" pos="X">katus</wf>
         <wf lemma="." pos="X">.</wf>
         <wf lemma="Haavapuust" pos="X">Haavapuust</wf>
         <wf lemma="sindlid" pos="X">sindlid</wf>
         <wf lemma="." pos="X">.</wf>
         <wf lemma="Pakud" pos="X">Pakud</wf>
         <wf lemma="lõigati" pos="X">lõigati</wf>
         <wf lemma="sindliteks" pos="X">sindliteks</wf>
         <wf lemma="." pos="X">.</wf>
         <wf lemma="Katusel" pos="X">Katusel</wf>
         <wf lemma="lüüakse" pos="X">lüüakse</wf>
         <wf lemma="sindleid" pos="X">sindleid</wf>
         <wf lemma="." pos="X">.</wf>
      </sentence>
      <sentence id="d000.s090" source="wordnet-estonian">
         <wf lemma="Ühendusjuhtme" pos="X">Ühendusjuhtme</wf>
         <instance id="d000.s090.t000" lemma="pistik" pos="NOUN">pistik</instance>
         <wf lemma="." pos="X">.</wf>
         <wf lemma="Kahe-" pos="X">Kahe-</wf>
         <wf lemma="," pos="X">,</wf>
         <wf lemma="kolmepooluseline" pos="X">kolmepooluseline</wf>
         <wf lemma="pistik" pos="X">pistik</wf>
         <wf lemma="." pos="X">.</wf>
         <wf lemma="Torka" pos="X">Torka</wf>
         <wf lemma="lambi" pos="X">lambi</wf>
         <wf lemma="pistik" pos="X">pistik</wf>
         <wf lemma="seinakontakti" pos="X">seinakontakti</wf>
         <wf lemma="." pos="X">.</wf>
         <wf lemma="Unustas" pos="X">Unustas</wf>
         <wf lemma="triikraua" pos="X">triikraua</wf>
         <wf lemma="," pos="X">,</wf>
         <wf lemma="puurmasina" pos="X">puurmasina</wf>
         <wf lemma="pistiku" pos="X">pistiku</wf>
         <wf lemma="pesast" pos="X">pesast</wf>
         <wf lemma="välja" pos="X">välja</wf>
         <wf lemma="tõmmata" pos="X">tõmmata</wf>
         <wf lemma="." pos="X">.</wf>
      </sentence>
      <sentence id="d000.s091" source="wordnet-estonian">
         <wf lemma="Tüdruk" pos="X">Tüdruk</wf>
         <wf lemma="ei" pos="X">ei</wf>
         <wf lemma="tee" pos="X">tee</wf>
         <instance id="d000.s091.t000" lemma="tere" pos="NOUN">terest</instance>
         <wf lemma="väljagi" pos="X">väljagi</wf>
         <wf lemma="(" pos="X">(</wf>
         <wf lemma="EKSS" pos="X">EKSS</wf>
         <wf lemma=")" pos="X">)</wf>
         <wf lemma="." pos="X">.</wf>
      </sentence>
      <sentence id="d000.s092" source="wordnet-estonian">
         <instance id="d000.s092.t000" lemma="laud" pos="NOUN">Laudu</instance>
         <wf lemma="lõikama" pos="X">lõikama</wf>
         <wf lemma="." pos="X">.</wf>
         <wf lemma="Sein" pos="X">Sein</wf>
         <wf lemma="on" pos="X">on</wf>
         <wf lemma="laudadega" pos="X">laudadega</wf>
         <wf lemma="vooderdatud" pos="X">vooderdatud</wf>
         <wf lemma="." pos="X">.</wf>
      </sentence>
      <sentence id="d000.s093" source="wordnet-estonian">
         <instance id="d000.s093.t000" lemma="radiaator" pos="NOUN">Radiaatori</instance>
         <wf lemma="abil" pos="X">abil</wf>
         <wf lemma="toimub" pos="X">toimub</wf>
         <wf lemma="soojuse" pos="X">soojuse</wf>
         <wf lemma="edasiandmine" pos="X">edasiandmine</wf>
         <wf lemma="välisõhku" pos="X">välisõhku</wf>
         <wf lemma="." pos="X">.</wf>
      </sentence>
      <sentence id="d000.s094" source="wordnet-estonian">
         <wf lemma="Kui" pos="X">Kui</wf>
         <instance id="d000.s094.t000" lemma="sageli" pos="ADV">sageli</instance>
         <wf lemma="te" pos="X">te</wf>
         <wf lemma="voodilinu" pos="X">voodilinu</wf>
         <wf lemma="vahetate" pos="X">vahetate</wf>
         <wf lemma="?" pos="X">?</wf>
      </sentence>
      <sentence id="d000.s095" source="wordnet-estonian">
         <instance id="d000.s095.t000" lemma="kahju" pos="NOUN">Kahju</instance>
         <wf lemma="küll" pos="X">küll</wf>
         <wf lemma="," pos="X">,</wf>
         <wf lemma="aga" pos="X">aga</wf>
         <wf lemma="ma" pos="X">ma</wf>
         <wf lemma="pean" pos="X">pean</wf>
         <wf lemma="minema" pos="X">minema</wf>
         <wf lemma="." pos="X">.</wf>
         <wf lemma="Tal" pos="X">Tal</wf>
         <wf lemma="oli" pos="X">oli</wf>
         <wf lemma="natuke" pos="X">natuke</wf>
         <wf lemma="kahju" pos="X">kahju</wf>
         <wf lemma="," pos="X">,</wf>
         <wf lemma="et" pos="X">et</wf>
         <wf lemma="see" pos="X">see</wf>
         <wf lemma="nii" pos="X">nii</wf>
         <wf lemma="halvasti" pos="X">halvasti</wf>
         <wf lemma="välja" pos="X">välja</wf>
         <wf lemma="kukkus" pos="X">kukkus</wf>
         <wf lemma="." pos="X">.</wf>
      </sentence>
      <sentence id="d000.s096" source="wordnet-estonian">
         <wf lemma="Nooruse" pos="X">Nooruse</wf>
         <instance id="d000.s096.t000" lemma="idealism" pos="NOUN">idealism</instance>
         <wf lemma="." pos="X">.</wf>
         <wf lemma="Tudengipõlves" pos="X">Tudengipõlves</wf>
         <wf lemma="oli" pos="X">oli</wf>
         <wf lemma="meis" pos="X">meis</wf>
         <wf lemma="veel" pos="X">veel</wf>
         <wf lemma="palju" pos="X">palju</wf>
         <wf lemma="idealismi" pos="X">idealismi</wf>
         <wf lemma="." pos="X">.</wf>
      </sentence>
      <sentence id="d000.s097" source="wordnet-estonian">
         <wf lemma="Punane" pos="X">Punane</wf>
         <wf lemma="," pos="X">,</wf>
         <wf lemma="must" pos="X">must</wf>
         <instance id="d000.s097.t000" lemma="leeder" pos="NOUN">leeder</instance>
         <wf lemma="." pos="X">.</wf>
      </sentence>
      <sentence id="d000.s098" source="wordnet-estonian">
         <wf lemma="Maa" pos="X">Maa</wf>
         <instance id="d000.s098.t000" lemma="mineraal" pos="NOUN">mineraalide</instance>
         <wf lemma="arv" pos="X">arv</wf>
         <wf lemma="on" pos="X">on</wf>
         <wf lemma="lõplik" pos="X">lõplik</wf>
         <wf lemma="suurus" pos="X">suurus</wf>
         <wf lemma="." pos="X">.</wf>
      </sentence>
      <sentence id="d000.s099" source="wordnet-estonian">
         <wf lemma="Meeskond" pos="X">Meeskond</wf>
         <wf lemma="võitis" pos="X">võitis</wf>
         <wf lemma="," pos="X">,</wf>
         <wf lemma="naiskond" pos="X">naiskond</wf>
         <instance id="d000.s099.t000" lemma="kaotama" pos="VERB">kaotas</instance>
         <wf lemma="(" pos="X">(</wf>
         <wf lemma="EKSS" pos="X">EKSS</wf>
         <wf lemma=")" pos="X">)</wf>
         <wf lemma="." pos="X">.</wf>
      </sentence>
      <sentence id="d000.s100" source="wordnet-estonian">
         <wf lemma="Kõik" pos="X">Kõik</wf>
         <wf lemma="teavad" pos="X">teavad</wf>
         <wf lemma="," pos="X">,</wf>
         <wf lemma="et" pos="X">et</wf>
         <wf lemma="oleme" pos="X">oleme</wf>
         <wf lemma="Lenini" pos="X">Lenini</wf>
         <wf lemma="poliitilise" pos="X">poliitilise</wf>
         <wf lemma="joone" pos="X">joone</wf>
         <wf lemma="pooldajad" pos="X">pooldajad</wf>
         <wf lemma="," pos="X">,</wf>
         <wf lemma="järelikult" pos="X">järelikult</wf>
         <wf lemma="pole" pos="X">pole</wf>
         <wf lemma="me" pos="X">me</wf>
         <wf lemma="mitte" pos="X">mitte</wf>
         <wf lemma="vähemlased" pos="X">vähemlased</wf>
         <wf lemma="," pos="X">,</wf>
         <wf lemma="vaid" pos="X">vaid</wf>
         <instance id="d000.s100.t000" lemma="enamlane" pos="NOUN">enamlased</instance>
         <wf lemma="!" pos="X">!</wf>
         <wf lemma="(" pos="X">(</wf>
         <wf lemma="Autor" pos="X">Autor</wf>
         <wf lemma=":" pos="X">:</wf>
         <wf lemma="A." pos="X">A.</wf>
         <wf lemma="Lombak." pos="X">Lombak.</wf>
         <wf lemma=")" pos="X">)</wf>
         <wf lemma="." pos="X">.</wf>
      </sentence>
      <sentence id="d000.s101" source="wordnet-estonian">
         <wf lemma="Lomulikult" pos="X">Lomulikult</wf>
         <wf lemma="on" pos="X">on</wf>
         <wf lemma="hea" pos="X">hea</wf>
         <wf lemma="alati" pos="X">alati</wf>
         <wf lemma="vaadata" pos="X">vaadata</wf>
         <wf lemma="mõnd" pos="X">mõnd</wf>
         <instance id="d000.s101.t000" lemma="vestern" pos="NOUN">vesterni</instance>
         <wf lemma="või" pos="X">või</wf>
         <wf lemma="erilisi" pos="X">erilisi</wf>
         <wf lemma="maiuspalu-sarju" pos="X">maiuspalu-sarju</wf>
         <wf lemma="." pos="X">.</wf>
      </sentence>
      <sentence id="d000.s102" source="wordnet-estonian">
         <instance id="d000.s102.t000" lemma="buldooser" pos="NOUN">Buldooser</instance>
         <wf lemma="lükkas" pos="X">lükkas</wf>
         <wf lemma="lükkas" pos="X">lükkas</wf>
         <wf lemma="ees" pos="X">ees</wf>
         <wf lemma="teed" pos="X">teed</wf>
         <wf lemma="lahti" pos="X">lahti</wf>
         <wf lemma="," pos="X">,</wf>
         <wf lemma="kui" pos="X">kui</wf>
         <wf lemma="vaja" pos="X">vaja</wf>
         <wf lemma="," pos="X">,</wf>
         <wf lemma="tiris" pos="X">tiris</wf>
         <wf lemma="autot" pos="X">autot</wf>
         <wf lemma="trossi" pos="X">trossi</wf>
         <wf lemma="otsas" pos="X">otsas</wf>
         <wf lemma="." pos="X">.</wf>
      </sentence>
      <sentence id="d000.s103" source="wordnet-estonian">
         <wf lemma="Aphrodite" pos="X">Aphrodite</wf>
         <wf lemma="on" pos="X">on</wf>
         <wf lemma="vanakreeka" pos="X">vanakreeka</wf>
         <wf lemma="armastuse" pos="X">armastuse</wf>
         <wf lemma="ja" pos="X">ja</wf>
         <wf lemma="ilu" pos="X">ilu</wf>
         <instance id="d000.s103.t000" lemma="jumalanna" pos="NOUN">jumalanna</instance>
         <wf lemma="." pos="X">.</wf>
         <wf lemma="Jumalanna" pos="X">Jumalanna</wf>
         <wf lemma="Vesta" pos="X">Vesta</wf>
         <wf lemma="tempel" pos="X">tempel</wf>
         <wf lemma="." pos="X">.</wf>
      </sentence>
      <sentence id="d000.s104" source="wordnet-estonian">
         <wf lemma="Uurimistöös" pos="X">Uurimistöös</wf>
         <wf lemma="on" pos="X">on</wf>
         <instance id="d000.s104.t000" lemma="rakendama" pos="VERB">rakendatud</instance>
         <wf lemma="mitmesuguseid" pos="X">mitmesuguseid</wf>
         <wf lemma="meetodeid" pos="X">meetodeid</wf>
         <wf lemma="ja" pos="X">ja</wf>
         <wf lemma="võtteid" pos="X">võtteid</wf>
         <wf lemma="." pos="X">.</wf>
      </sentence>
      <sentence id="d000.s105" source="wordnet-estonian">
         <wf lemma="Ta" pos="X">Ta</wf>
         <wf lemma="pidas" pos="X">pidas</wf>
         <wf lemma="vee" pos="X">vee</wf>
         <wf lemma="all" pos="X">all</wf>
         <wf lemma="mitu" pos="X">mitu</wf>
         <wf lemma="minutit" pos="X">minutit</wf>
         <instance id="d000.s105.t000" lemma="hing" pos="NOUN">hinge</instance>
         <wf lemma="kinni" pos="X">kinni</wf>
         <wf lemma="." pos="X">.</wf>
      </sentence>
      <sentence id="d000.s106" source="wordnet-estonian">
         <wf lemma="Suur" pos="X">Suur</wf>
         <wf lemma="oli" pos="X">oli</wf>
         <wf lemma="laste" pos="X">laste</wf>
         <instance id="d000.s106.t000" lemma="pettumus" pos="NOUN">pettumus</instance>
         <wf lemma="," pos="X">,</wf>
         <wf lemma="kui" pos="X">kui</wf>
         <wf lemma="tädi" pos="X">tädi</wf>
         <wf lemma="tulemata" pos="X">tulemata</wf>
         <wf lemma="jäi" pos="X">jäi</wf>
         <wf lemma="." pos="X">.</wf>
      </sentence>
      <sentence id="d000.s107" source="wordnet-estonian">
         <wf lemma="Muistsed" pos="X">Muistsed</wf>
         <wf lemma="eestlased" pos="X">eestlased</wf>
         <wf lemma="olid" pos="X">olid</wf>
         <instance id="d000.s107.t000" lemma="pagan" pos="NOUN">paganad</instance>
         <wf lemma="," pos="X">,</wf>
         <wf lemma="kes" pos="X">kes</wf>
         <wf lemma="kummardasid" pos="X">kummardasid</wf>
         <wf lemma="loodusjõude" pos="X">loodusjõude</wf>
         <wf lemma="." pos="X">.</wf>
      </sentence>
      <sentence id="d000.s108" source="wordnet-estonian">
         <wf lemma="Teaduslik" pos="X">Teaduslik</wf>
         <instance id="d000.s108.t000" lemma="ateism" pos="NOUN">ateism</instance>
         <wf lemma="." pos="X">.</wf>
      </sentence>
      <sentence id="d000.s109" source="wordnet-estonian">
         <wf lemma="Heli" pos="X">Heli</wf>
         <wf lemma="levib" pos="X">levib</wf>
         <instance id="d000.s109.t000" lemma="laine" pos="NOUN">lainetena</instance>
         <wf lemma="." pos="X">.</wf>
         <wf lemma="Maavärinast" pos="X">Maavärinast</wf>
         <wf lemma="tekitatud" pos="X">tekitatud</wf>
         <wf lemma="lained" pos="X">lained</wf>
         <wf lemma="maakoore" pos="X">maakoore</wf>
         <wf lemma="pinnakihtides" pos="X">pinnakihtides</wf>
         <wf lemma="." pos="X">.</wf>
      </sentence>
      <sentence id="d000.s110" source="wordnet-estonian">
         <wf lemma="Ta" pos="X">Ta</wf>
         <wf lemma="ei" pos="X">ei</wf>
         <wf lemma="võistle" pos="X">võistle</wf>
         <wf lemma="," pos="X">,</wf>
         <wf lemma="mängi" pos="X">mängi</wf>
         <wf lemma="," pos="X">,</wf>
         <wf lemma="talita" pos="X">talita</wf>
         <instance id="d000.s110.t000" lemma="ausalt" pos="ADV">ausalt</instance>
         <wf lemma="." pos="X">.</wf>
         <wf lemma="(" pos="X">(</wf>
         <wf lemma="EKSS" pos="X">EKSS</wf>
         <wf lemma=")" pos="X">)</wf>
         <wf lemma="." pos="X">.</wf>
      </sentence>
      <sentence id="d000.s111" source="wordnet-estonian">
         <wf lemma="Sõnasõnaline" pos="X">Sõnasõnaline</wf>
         <instance id="d000.s111.t000" lemma="tõlge" pos="NOUN">tõlge</instance>
         <wf lemma="." pos="X">.</wf>
      </sentence>
      <sentence id="d000.s112" source="wordnet-estonian">
         <instance id="d000.s112.t000" lemma="tüdruk" pos="NOUN">Tüdruk</instance>
         <wf lemma="," pos="X">,</wf>
         <wf lemma="keda" pos="X">keda</wf>
         <wf lemma="ta" pos="X">ta</wf>
         <wf lemma="sageli" pos="X">sageli</wf>
         <wf lemma="kohtas" pos="X">kohtas</wf>
         <wf lemma="." pos="X">.</wf>
         <wf lemma="See" pos="X">See</wf>
         <wf lemma="tüdruk" pos="X">tüdruk</wf>
         <wf lemma="jättis" pos="X">jättis</wf>
         <wf lemma="talle" pos="X">talle</wf>
         <wf lemma="hea" pos="X">hea</wf>
         <wf lemma="mulje" pos="X">mulje</wf>
         <wf lemma="." pos="X">.</wf>
      </sentence>
      <sentence id="d000.s113" source="wordnet-estonian">
         <wf lemma="Pingutus" pos="X">Pingutus</wf>
         <wf lemma="võttis" pos="X">võttis</wf>
         <instance id="d000.s113.t000" lemma="selg" pos="NOUN">selja</instance>
         <wf lemma="higiseks" pos="X">higiseks</wf>
         <wf lemma="(" pos="X">(</wf>
         <wf lemma="EKSS" pos="X">EKSS</wf>
         <wf lemma=")" pos="X">)</wf>
         <wf lemma="." pos="X">.</wf>
      </sentence>
      <sentence id="d000.s114" source="wordnet-estonian">
         <wf lemma="Kas" pos="X">Kas</wf>
         <wf lemma="sa" pos="X">sa</wf>
         <wf lemma="hakkad" pos="X">hakkad</wf>
         <instance id="d000.s114.t000" lemma="õpetaja" pos="NOUN">õpetajaks</instance>
         <wf lemma="?" pos="X">?</wf>
      </sentence>
      <sentence id="d000.s115" source="wordnet-estonian">
         <wf lemma="Mis" pos="X">Mis</wf>
         <wf lemma="siin" pos="X">siin</wf>
         <instance id="d000.s115.t000" lemma="hellitama" pos="VERB">hellitada</instance>
         <wf lemma="," pos="X">,</wf>
         <wf lemma="asjad" pos="X">asjad</wf>
         <wf lemma="tuleb" pos="X">tuleb</wf>
         <wf lemma="ära" pos="X">ära</wf>
         <wf lemma="öelda" pos="X">öelda</wf>
         <wf lemma="." pos="X">.</wf>
      </sentence>
      <sentence id="d000.s116" source="wordnet-estonian">
         <instance id="d000.s116.t000" lemma="füüsika" pos="NOUN">Füüsika</instance>
         <wf lemma="juures" pos="X">juures</wf>
         <wf lemma="meeldib" pos="X">meeldib</wf>
         <wf lemma="mulle" pos="X">mulle</wf>
         <wf lemma="tema" pos="X">tema</wf>
         <wf lemma="tehniline" pos="X">tehniline</wf>
         <wf lemma="rakenduslikkus" pos="X">rakenduslikkus</wf>
         <wf lemma="." pos="X">.</wf>
      </sentence>
      <sentence id="d000.s117" source="wordnet-estonian">
         <wf lemma="See" pos="X">See</wf>
         <wf lemma="toimus" pos="X">toimus</wf>
         <instance id="d000.s117.t000" lemma="umbes" pos="ADV">umbes</instance>
         <wf lemma="20ndate" pos="X">20ndate</wf>
         <wf lemma="aastate" pos="X">aastate</wf>
         <wf lemma="paiku" pos="X">paiku</wf>
         <wf lemma="." pos="X">.</wf>
      </sentence>
      <sentence id="d000.s118" source="wordnet-estonian">
         <wf lemma="Tüdruk" pos="X">Tüdruk</wf>
         <wf lemma="õppis" pos="X">õppis</wf>
         <wf lemma="linnas" pos="X">linnas</wf>
         <instance id="d000.s118.t000" lemma="õmblus" pos="NOUN">õmblust</instance>
         <wf lemma="." pos="X">.</wf>
         <wf lemma="(" pos="X">(</wf>
         <wf lemma="EKSS" pos="X">EKSS</wf>
         <wf lemma=")" pos="X">)</wf>
         <wf lemma="." pos="X">.</wf>
      </sentence>
      <sentence id="d000.s119" source="wordnet-estonian">
         <wf lemma="Ta" pos="X">Ta</wf>
         <wf lemma="ei" pos="X">ei</wf>
         <wf lemma="osanud" pos="X">osanud</wf>
         <wf lemma="seda" pos="X">seda</wf>
         <wf lemma="lukku" pos="X">lukku</wf>
         <instance id="d000.s119.t000" lemma="avama" pos="VERB">avada</instance>
         <wf lemma="." pos="X">.</wf>
      </sentence>
      <sentence id="d000.s120" source="wordnet-estonian">
         <wf lemma="Poisid" pos="X">Poisid</wf>
         <wf lemma="hüppasid" pos="X">hüppasid</wf>
         <wf lemma="nagu" pos="X">nagu</wf>
         <instance id="d000.s120.t000" lemma="käsk" pos="NOUN">käsu</instance>
         <wf lemma="peale" pos="X">peale</wf>
         <wf lemma="püsti" pos="X">püsti</wf>
         <wf lemma="." pos="X">.</wf>
         <wf lemma="Käsk" pos="X">Käsk</wf>
         <wf lemma="on" pos="X">on</wf>
         <wf lemma="vanem" pos="X">vanem</wf>
         <wf lemma="kui" pos="X">kui</wf>
         <wf lemma="meie" pos="X">meie</wf>
         <wf lemma="." pos="X">.</wf>
      </sentence>
      <sentence id="d000.s121" source="wordnet-estonian">
         <wf lemma="Tõnisepäeval" pos="X">Tõnisepäeval</wf>
         <wf lemma="talv" pos="X">talv</wf>
         <instance id="d000.s121.t000" lemma="hari" pos="NOUN">harja</instance>
         <wf lemma="peal" pos="X">peal</wf>
         <wf lemma="," pos="X">,</wf>
         <wf lemma="leib" pos="X">leib</wf>
         <wf lemma="pooleks" pos="X">pooleks</wf>
         <wf lemma="," pos="X">,</wf>
         <wf lemma="põhk" pos="X">põhk</wf>
         <wf lemma="pooleks" pos="X">pooleks</wf>
         <wf lemma="(" pos="X">(</wf>
         <wf lemma="EKSS" pos="X">EKSS</wf>
         <wf lemma=")" pos="X">)</wf>
         <wf lemma="." pos="X">.</wf>
      </sentence>
      <sentence id="d000.s122" source="wordnet-estonian">
         <wf lemma="Mateeria" pos="X">Mateeria</wf>
         <wf lemma="," pos="X">,</wf>
         <wf lemma="aja" pos="X">aja</wf>
         <wf lemma="," pos="X">,</wf>
         <wf lemma="ruumi" pos="X">ruumi</wf>
         <instance id="d000.s122.t000" lemma="lõpmatus" pos="NOUN">lõpmatus</instance>
         <wf lemma="." pos="X">.</wf>
         <wf lemma="Pluss" pos="X">Pluss</wf>
         <wf lemma="," pos="X">,</wf>
         <wf lemma="miinus" pos="X">miinus</wf>
         <wf lemma="lõpmatus" pos="X">lõpmatus</wf>
         <wf lemma="." pos="X">.</wf>
         <wf lemma="Ookeani" pos="X">Ookeani</wf>
         <wf lemma="veeväljade" pos="X">veeväljade</wf>
         <wf lemma="lõpmatus" pos="X">lõpmatus</wf>
         <wf lemma="." pos="X">.</wf>
         <wf lemma="*" pos="X">*</wf>
         <wf lemma="Ah" pos="X">Ah</wf>
         <wf lemma="," pos="X">,</wf>
         <wf lemma="seda" pos="X">seda</wf>
         <wf lemma="laotuse" pos="X">laotuse</wf>
         <wf lemma="avarust" pos="X">avarust</wf>
         <wf lemma="ja" pos="X">ja</wf>
         <wf lemma="lagendikkude" pos="X">lagendikkude</wf>
         <wf lemma="lõpmatust" pos="X">lõpmatust</wf>
         <wf lemma="!" pos="X">!</wf>
         <wf lemma="(" pos="X">(</wf>
         <wf lemma="Autor" pos="X">Autor</wf>
         <wf lemma=":" pos="X">:</wf>
         <wf lemma="H." pos="X">H.</wf>
         <wf lemma="Raudsepp." pos="X">Raudsepp.</wf>
         <wf lemma=")" pos="X">)</wf>
         <wf lemma="." pos="X">.</wf>
      </sentence>
      <sentence id="d000.s123" source="wordnet-estonian">
         <wf lemma="Kuid" pos="X">Kuid</wf>
         <wf lemma="järgmist" pos="X">järgmist</wf>
         <instance id="d000.s123.t000" lemma="võimalus" pos="NOUN">võimalust</instance>
         <wf lemma="kui" pos="X">kui</wf>
         <wf lemma="sellist" pos="X">sellist</wf>
         <wf lemma="ei" pos="X">ei</wf>
         <wf lemma="saa" pos="X">saa</wf>
         <wf lemma="temalt" pos="X">temalt</wf>
         <wf lemma="keegi" pos="X">keegi</wf>
         <wf lemma="ära" pos="X">ära</wf>
         <wf lemma="võtta" pos="X">võtta</wf>
         <wf lemma="." pos="X">.</wf>
      </sentence>
      <sentence id="d000.s124" source="wordnet-estonian">
         <instance id="d000.s124.t000" lemma="harjutus" pos="NOUN">Harjutuse</instance>
         <wf lemma="60" pos="X">60</wf>
         <wf lemma="lasku" pos="X">lasku</wf>
         <wf lemma="lamades" pos="X">lamades</wf>
         <wf lemma="võitis" pos="X">võitis</wf>
         <wf lemma="H." pos="X">H.</wf>
         <wf lemma="Mets" pos="X">Mets</wf>
         <wf lemma="." pos="X">.</wf>
      </sentence>
      <sentence id="d000.s125" source="wordnet-estonian">
         <wf lemma="Mõned" pos="X">Mõned</wf>
         <wf lemma="filmid" pos="X">filmid</wf>
         <wf lemma="ärritavad" pos="X">ärritavad</wf>
         <wf lemma="oma" pos="X">oma</wf>
         <instance id="d000.s125.t000" lemma="banaalsus" pos="NOUN">banaalsusega</instance>
         <wf lemma="." pos="X">.</wf>
      </sentence>
      <sentence id="d000.s126" source="wordnet-estonian">
         <instance id="d000.s126.t000" lemma="hoidma" pos="VERB">Hoidsime</instance>
         <wf lemma="varandust" pos="X">varandust</wf>
         <wf lemma="." pos="X">.</wf>
      </sentence>
      <sentence id="d000.s127" source="wordnet-estonian">
         <wf lemma="Ta" pos="X">Ta</wf>
         <wf lemma="pöördus" pos="X">pöördus</wf>
         <wf lemma="tagasi" pos="X">tagasi</wf>
         <instance id="d000.s127.t000" lemma="maa" pos="NOUN">maale</instance>
         <wf lemma="." pos="X">.</wf>
      </sentence>
      <sentence id="d000.s128" source="wordnet-estonian">
         <wf lemma="Meie" pos="X">Meie</wf>
         <wf lemma="kultuur" pos="X">kultuur</wf>
         <wf lemma="on" pos="X">on</wf>
         <wf lemma="saanud" pos="X">saanud</wf>
         <wf lemma="mõjustusi" pos="X">mõjustusi</wf>
         <instance id="d000.s128.t000" lemma="lääs" pos="NOUN">läänest</instance>
         <wf lemma="ja" pos="X">ja</wf>
         <wf lemma="idast" pos="X">idast</wf>
         <wf lemma="." pos="X">.</wf>
      </sentence>
      <sentence id="d000.s129" source="wordnet-estonian">
         <wf lemma="Kõigilt" pos="X">Kõigilt</wf>
         <wf lemma="telekanaleilt" pos="X">telekanaleilt</wf>
         <wf lemma="võib" pos="X">võib</wf>
         <wf lemma="näha" pos="X">näha</wf>
         <wf lemma="Ameerika" pos="X">Ameerika</wf>
         <instance id="d000.s129.t000" lemma="seebiooper" pos="NOUN">seebioopereid</instance>
         <wf lemma="(" pos="X">(</wf>
         <wf lemma="EKSS" pos="X">EKSS</wf>
         <wf lemma=")" pos="X">)</wf>
         <wf lemma="." pos="X">.</wf>
      </sentence>
      <sentence id="d000.s130" source="wordnet-estonian">
         <wf lemma="Auto" pos="X">Auto</wf>
         <wf lemma="liisimise" pos="X">liisimise</wf>
         <instance id="d000.s130.t000" lemma="tingimus" pos="NOUN">tingimused</instance>
         <wf lemma="." pos="X">.</wf>
      </sentence>
      <sentence id="d000.s131" source="wordnet-estonian">
         <wf lemma="Piima" pos="X">Piima</wf>
         <instance id="d000.s131.t000" lemma="kõrge" pos="ADJ">kõrge</instance>
         <wf lemma="rasvasisaldus" pos="X">rasvasisaldus</wf>
         <wf lemma="." pos="X">.</wf>
         <wf lemma="Kõrge" pos="X">Kõrge</wf>
         <wf lemma="kuumus" pos="X">kuumus</wf>
         <wf lemma="," pos="X">,</wf>
         <wf lemma="palavik" pos="X">palavik</wf>
         <wf lemma="," pos="X">,</wf>
         <wf lemma="temperatuur" pos="X">temperatuur</wf>
         <wf lemma="," pos="X">,</wf>
         <wf lemma="vererõhk" pos="X">vererõhk</wf>
         <wf lemma="." pos="X">.</wf>
         <wf lemma="Trahvide" pos="X">Trahvide</wf>
         <wf lemma="kõrged" pos="X">kõrged</wf>
         <wf lemma="määrad" pos="X">määrad</wf>
         <wf lemma="." pos="X">.</wf>
      </sentence>
      <sentence id="d000.s132" source="wordnet-estonian">
         <wf lemma="Väljas" pos="X">Väljas</wf>
         <wf lemma="on" pos="X">on</wf>
         <wf lemma="tihe" pos="X">tihe</wf>
         <instance id="d000.s132.t000" lemma="udu" pos="NOUN">udu</instance>
         <wf lemma="(" pos="X">(</wf>
         <wf lemma="EKSS" pos="X">EKSS</wf>
         <wf lemma=")" pos="X">)</wf>
         <wf lemma="." pos="X">.</wf>
      </sentence>
      <sentence id="d000.s133" source="wordnet-estonian">
         <instance id="d000.s133.t000" lemma="pöörama" pos="VERB">Pöörake</instance>
         <wf lemma="sõna" pos="X">sõna</wf>
         <wf lemma="&quot;" pos="X">&quot;</wf>
         <wf lemma="lugema" pos="X">lugema</wf>
         <wf lemma="&quot;" pos="X">&quot;</wf>
         <wf lemma="olevikus" pos="X">olevikus</wf>
         <wf lemma="ja" pos="X">ja</wf>
         <wf lemma="minevikus" pos="X">minevikus</wf>
         <wf lemma="(" pos="X">(</wf>
         <wf lemma="EKSS" pos="X">EKSS</wf>
         <wf lemma=")" pos="X">)</wf>
         <wf lemma="!" pos="X">!</wf>
      </sentence>
      <sentence id="d000.s134" source="wordnet-estonian">
         <instance id="d000.s134.t000" lemma="karburaator" pos="NOUN">Karburaatoris</instance>
         <wf lemma="segunevad" pos="X">segunevad</wf>
         <wf lemma="õhk" pos="X">õhk</wf>
         <wf lemma="ja" pos="X">ja</wf>
         <wf lemma="kütus" pos="X">kütus</wf>
         <wf lemma="." pos="X">.</wf>
      </sentence>
      <sentence id="d000.s135" source="wordnet-estonian">
         <wf lemma="Organismi" pos="X">Organismi</wf>
         <wf lemma="arenemist" pos="X">arenemist</wf>
         <wf lemma="ja" pos="X">ja</wf>
         <wf lemma="kasvamist" pos="X">kasvamist</wf>
         <wf lemma="mõjutavad" pos="X">mõjutavad</wf>
         <instance id="d000.s135.t000" lemma="tegur" pos="NOUN">tegurid</instance>
         <wf lemma="(" pos="X">(</wf>
         <wf lemma="EKSS" pos="X">EKSS</wf>
         <wf lemma=")" pos="X">)</wf>
         <wf lemma="." pos="X">.</wf>
      </sentence>
      <sentence id="d000.s136" source="wordnet-estonian">
         <wf lemma="Metsa" pos="X">Metsa</wf>
         <wf lemma="ääres" pos="X">ääres</wf>
         <wf lemma="kasvasid" pos="X">kasvasid</wf>
         <wf lemma="noored" pos="X">noored</wf>
         <instance id="d000.s136.t000" lemma="kuusk" pos="NOUN">kuused</instance>
         <wf lemma="." pos="X">.</wf>
      </sentence>
      <sentence id="d000.s137" source="wordnet-estonian">
         <wf lemma="Ma" pos="X">Ma</wf>
         <wf lemma="ei" pos="X">ei</wf>
         <wf lemma="ole" pos="X">ole</wf>
         <instance id="d000.s137.t000" lemma="kord" pos="NOUN">kordagi</instance>
         <wf lemma="tööle" pos="X">tööle</wf>
         <wf lemma="hilinenud" pos="X">hilinenud</wf>
         <wf lemma="." pos="X">.</wf>
      </sentence>
      <sentence id="d000.s138" source="wordnet-estonian">
         <instance id="d000.s138.t000" lemma="põld" pos="NOUN">Põldudel</instance>
         <wf lemma="kasvas" pos="X">kasvas</wf>
         <wf lemma="korralik" pos="X">korralik</wf>
         <wf lemma="vili" pos="X">vili</wf>
         <wf lemma="(" pos="X">(</wf>
         <wf lemma="EKSS" pos="X">EKSS</wf>
         <wf lemma=")" pos="X">)</wf>
         <wf lemma="." pos="X">.</wf>
      </sentence>
      <sentence id="d000.s139" source="wordnet-estonian">
         <instance id="d000.s139.t000" lemma="bakhanaal" pos="NOUN">Bakhanaal</instance>
         <wf lemma="kestis" pos="X">kestis</wf>
         <wf lemma="pikalt" pos="X">pikalt</wf>
         <wf lemma="." pos="X">.</wf>
      </sentence>
      <sentence id="d000.s140" source="wordnet-estonian">
         <wf lemma="Elame" pos="X">Elame</wf>
         <instance id="d000.s140.t000" lemma="juba" pos="ADV">juba</instance>
         <wf lemma="kaua" pos="X">kaua</wf>
         <wf lemma="ühe" pos="X">ühe</wf>
         <wf lemma="katuse" pos="X">katuse</wf>
         <wf lemma="all" pos="X">all</wf>
         <wf lemma="." pos="X">.</wf>
         <wf lemma="(" pos="X">(</wf>
         <wf lemma="EKSS" pos="X">EKSS</wf>
         <wf lemma=")" pos="X">)</wf>
         <wf lemma="." pos="X">.</wf>
      </sentence>
      <sentence id="d000.s141" source="wordnet-estonian">
         <wf lemma="Madal" pos="X">Madal</wf>
         <wf lemma="," pos="X">,</wf>
         <wf lemma="kõrge" pos="X">kõrge</wf>
         <instance id="d000.s141.t000" lemma="hekk" pos="NOUN">hekk</instance>
         <wf lemma="." pos="X">.</wf>
         <wf lemma="Igihaljas" pos="X">Igihaljas</wf>
         <wf lemma="," pos="X">,</wf>
         <wf lemma="ühe-" pos="X">ühe-</wf>
         <wf lemma="," pos="X">,</wf>
         <wf lemma="mitmeaastane" pos="X">mitmeaastane</wf>
         <wf lemma="hekk" pos="X">hekk</wf>
         <wf lemma="." pos="X">.</wf>
         <wf lemma="Hekki" pos="X">Hekki</wf>
         <wf lemma="istutama" pos="X">istutama</wf>
         <wf lemma="," pos="X">,</wf>
         <wf lemma="pügama" pos="X">pügama</wf>
         <wf lemma="," pos="X">,</wf>
         <wf lemma="kärpima" pos="X">kärpima</wf>
         <wf lemma="," pos="X">,</wf>
         <wf lemma="piirama" pos="X">piirama</wf>
         <wf lemma="." pos="X">.</wf>
         <wf lemma="Pargiteid" pos="X">Pargiteid</wf>
         <wf lemma="ääristas" pos="X">ääristas</wf>
         <wf lemma="tihe" pos="X">tihe</wf>
         <wf lemma="hekk" pos="X">hekk</wf>
         <wf lemma="." pos="X">.</wf>
         <wf lemma="Hekiga" pos="X">Hekiga</wf>
         <wf lemma="ümbritsetud" pos="X">ümbritsetud</wf>
         <wf lemma="maja" pos="X">maja</wf>
         <wf lemma="ja" pos="X">ja</wf>
         <wf lemma="aed" pos="X">aed</wf>
         <wf lemma="." pos="X">.</wf>
      </sentence>
      <sentence id="d000.s142" source="wordnet-estonian">
         <wf lemma="Päike" pos="X">Päike</wf>
         <wf lemma="tõuseb" pos="X">tõuseb</wf>
         <instance id="d000.s142.t000" lemma="ida" pos="NOUN">idast</instance>
         <wf lemma="(" pos="X">(</wf>
         <wf lemma="EKSS" pos="X">EKSS</wf>
         <wf lemma=")" pos="X">)</wf>
         <wf lemma="." pos="X">.</wf>
      </sentence>
      <sentence id="d000.s143" source="wordnet-estonian">
         <wf lemma="Tema" pos="X">Tema</wf>
         <instance id="d000.s143.t000" lemma="kõne" pos="NOUN">kõne</instance>
         <wf lemma="oli" pos="X">oli</wf>
         <wf lemma="segane" pos="X">segane</wf>
         <wf lemma="." pos="X">.</wf>
      </sentence>
      <sentence id="d000.s144" source="wordnet-estonian">
         <wf lemma="Sirutas" pos="X">Sirutas</wf>
         <wf lemma="mulle" pos="X">mulle</wf>
         <instance id="d000.s144.t000" lemma="kinnas" pos="NOUN">kindas</instance>
         <wf lemma="käe" pos="X">käe</wf>
         <wf lemma="." pos="X">.</wf>
      </sentence>
      <sentence id="d000.s145" source="wordnet-estonian">
         <wf lemma="Kadunukest" pos="X">Kadunukest</wf>
         <wf lemma="jäi" pos="X">jäi</wf>
         <wf lemma="leinama" pos="X">leinama</wf>
         <instance id="d000.s145.t000" lemma="naine" pos="NOUN">naine</instance>
         <wf lemma="viie" pos="X">viie</wf>
         <wf lemma="lapsega" pos="X">lapsega</wf>
         <wf lemma="." pos="X">.</wf>
         <wf lemma="Mul" pos="X">Mul</wf>
         <wf lemma="on" pos="X">on</wf>
         <wf lemma="juba" pos="X">juba</wf>
         <wf lemma="kolmas" pos="X">kolmas</wf>
         <wf lemma="naine" pos="X">naine</wf>
         <wf lemma="." pos="X">.</wf>
      </sentence>
      <sentence id="d000.s146" source="wordnet-estonian">
         <wf lemma="Üleskerkinud" pos="X">Üleskerkinud</wf>
         <wf lemma="emotsioonid" pos="X">emotsioonid</wf>
         <wf lemma="hakkasid" pos="X">hakkasid</wf>
         <wf lemma="tasapisi" pos="X">tasapisi</wf>
         <instance id="d000.s146.t000" lemma="maanduma" pos="VERB">maanduma</instance>
         <wf lemma="." pos="X">.</wf>
      </sentence>
      <sentence id="d000.s147" source="wordnet-estonian">
         <wf lemma="Sünnipäevalapsele" pos="X">Sünnipäevalapsele</wf>
         <wf lemma="küpsetati" pos="X">küpsetati</wf>
         <wf lemma="suur" pos="X">suur</wf>
         <instance id="d000.s147.t000" lemma="kook" pos="NOUN">kook</instance>
         <wf lemma="." pos="X">.</wf>
      </sentence>
      <sentence id="d000.s148" source="wordnet-estonian">
         <instance id="d000.s148.t000" lemma="karikatuur" pos="NOUN">Karikatuure</instance>
         <wf lemma="joonistama" pos="X">joonistama</wf>
         <wf lemma="." pos="X">.</wf>
         <wf lemma="Gori" pos="X">Gori</wf>
         <wf lemma="," pos="X">,</wf>
         <wf lemma="J." pos="X">J.</wf>
         <wf lemma="Bidstrupi" pos="X">Bidstrupi</wf>
         <wf lemma="karikatuurid" pos="X">karikatuurid</wf>
         <wf lemma="." pos="X">.</wf>
         <wf lemma="Poliitiline" pos="X">Poliitiline</wf>
         <wf lemma="karikatuur" pos="X">karikatuur</wf>
         <wf lemma="." pos="X">.</wf>
         <wf lemma="Sari" pos="X">Sari</wf>
         <wf lemma="satiirilisi" pos="X">satiirilisi</wf>
         <wf lemma="karikatuure" pos="X">karikatuure</wf>
         <wf lemma="." pos="X">.</wf>
         <wf lemma="Karikatuur" pos="X">Karikatuur</wf>
         <wf lemma="avaldati" pos="X">avaldati</wf>
         <wf lemma="ajalehes" pos="X">ajalehes</wf>
         <wf lemma="." pos="X">.</wf>
      </sentence>
      <sentence id="d000.s149" source="wordnet-estonian">
         <wf lemma="Ta" pos="X">Ta</wf>
         <wf lemma="liikus" pos="X">liikus</wf>
         <wf lemma="edasi" pos="X">edasi</wf>
         <instance id="d000.s149.t000" lemma="veidi" pos="ADV">veidi</instance>
         <wf lemma="lonkaval" pos="X">lonkaval</wf>
         <wf lemma="sammul" pos="X">sammul</wf>
         <wf lemma="." pos="X">.</wf>
      </sentence>
      <sentence id="d000.s150" source="wordnet-estonian">
         <wf lemma="Mida" pos="X">Mida</wf>
         <wf lemma="see" pos="X">see</wf>
         <wf lemma="sõna" pos="X">sõna</wf>
         <instance id="d000.s150.t000" lemma="tähendama" pos="VERB">tähendab</instance>
         <wf lemma="?" pos="X">?</wf>
      </sentence>
      <sentence id="d000.s151" source="wordnet-estonian">
         <wf lemma="Liiklus" pos="X">Liiklus</wf>
         <wf lemma="on" pos="X">on</wf>
         <wf lemma="halbade" pos="X">halbade</wf>
         <wf lemma="teeolude" pos="X">teeolude</wf>
         <wf lemma="tõttu" pos="X">tõttu</wf>
         <instance id="d000.s151.t000" lemma="katkestama" pos="VERB">katkestatud</instance>
         <wf lemma="." pos="X">.</wf>
      </sentence>
      <sentence id="d000.s152" source="wordnet-estonian">
         <wf lemma="Ta" pos="X">Ta</wf>
         <instance id="d000.s152.t000" lemma="võtma" pos="VERB">võttis</instance>
         <wf lemma="seda" pos="X">seda</wf>
         <wf lemma="hea" pos="X">hea</wf>
         <wf lemma="naljana" pos="X">naljana</wf>
         <wf lemma="." pos="X">.</wf>
      </sentence>
      <sentence id="d000.s153" source="wordnet-estonian">
         <wf lemma="Laadalised" pos="X">Laadalised</wf>
         <wf lemma="lähevad" pos="X">lähevad</wf>
         <instance id="d000.s153.t000" lemma="laat" pos="NOUN">laadale</instance>
         <wf lemma="," pos="X">,</wf>
         <wf lemma="tulevad" pos="X">tulevad</wf>
         <wf lemma="laadalt" pos="X">laadalt</wf>
         <wf lemma="." pos="X">.</wf>
         <wf lemma="Lehm" pos="X">Lehm</wf>
         <wf lemma="," pos="X">,</wf>
         <wf lemma="põrsad" pos="X">põrsad</wf>
         <wf lemma="viidi" pos="X">viidi</wf>
         <wf lemma="laadale" pos="X">laadale</wf>
         <wf lemma="ning" pos="X">ning</wf>
         <wf lemma="müüdi" pos="X">müüdi</wf>
         <wf lemma="maha" pos="X">maha</wf>
         <wf lemma="." pos="X">.</wf>
         <wf lemma="Mustlased" pos="X">Mustlased</wf>
         <wf lemma="käisid" pos="X">käisid</wf>
         <wf lemma="laatu" pos="X">laatu</wf>
         <wf lemma="mööda" pos="X">mööda</wf>
         <wf lemma="hobuseid" pos="X">hobuseid</wf>
         <wf lemma="parseldamas" pos="X">parseldamas</wf>
         <wf lemma="." pos="X">.</wf>
         <wf lemma="Avinurme" pos="X">Avinurme</wf>
         <wf lemma="mehed" pos="X">mehed</wf>
         <wf lemma="müütasid" pos="X">müütasid</wf>
         <wf lemma="laatadel" pos="X">laatadel</wf>
         <wf lemma="puunõusid" pos="X">puunõusid</wf>
         <wf lemma="." pos="X">.</wf>
         <wf lemma="Mõnikord" pos="X">Mõnikord</wf>
         <wf lemma="nimetatakse" pos="X">nimetatakse</wf>
         <wf lemma="laadaks" pos="X">laadaks</wf>
         <wf lemma="ka" pos="X">ka</wf>
         <wf lemma="koolitarvete" pos="X">koolitarvete</wf>
         <wf lemma="vm." pos="X">vm.</wf>
         <wf lemma="suurmüüki" pos="X">suurmüüki</wf>
         <wf lemma="." pos="X">.</wf>
         <wf lemma="*" pos="X">*</wf>
         <wf lemma="Tuline" pos="X">Tuline</wf>
         <wf lemma="suvepäev" pos="X">suvepäev</wf>
         <wf lemma="leegitses" pos="X">leegitses</wf>
         <wf lemma="laada" pos="X">laada</wf>
         <wf lemma="telkide" pos="X">telkide</wf>
         <wf lemma="," pos="X">,</wf>
         <wf lemma="palaganide" pos="X">palaganide</wf>
         <wf lemma="ja" pos="X">ja</wf>
         <wf lemma="karussellide" pos="X">karussellide</wf>
         <wf lemma=".." pos="X">..</wf>
         <wf lemma="ning" pos="X">ning</wf>
         <wf lemma="lainetava" pos="X">lainetava</wf>
         <wf lemma="rahvamere" pos="X">rahvamere</wf>
         <wf lemma="kohal" pos="X">kohal</wf>
         <wf lemma="." pos="X">.</wf>
         <wf lemma="(" pos="X">(</wf>
         <wf lemma="Autor" pos="X">Autor</wf>
         <wf lemma=":" pos="X">:</wf>
         <wf lemma="F." pos="X">F.</wf>
         <wf lemma="Tuglas" pos="X">Tuglas</wf>
         <wf lemma="." pos="X">.</wf>
         <wf lemma=")" pos="X">)</wf>
         <wf lemma="." pos="X">.</wf>
      </sentence>
      <sentence id="d000.s154" source="wordnet-estonian">
         <instance id="d000.s154.t000" lemma="keelduma" pos="VERB">Keeldusin</instance>
         <wf lemma="nõutud" pos="X">nõutud</wf>
         <wf lemma="summat" pos="X">summat</wf>
         <wf lemma="maksmast" pos="X">maksmast</wf>
         <wf lemma="(" pos="X">(</wf>
         <wf lemma="EKSS" pos="X">EKSS</wf>
         <wf lemma=")" pos="X">)</wf>
         <wf lemma="." pos="X">.</wf>
      </sentence>
      <sentence id="d000.s155" source="wordnet-estonian">
         <wf lemma="Uuriti" pos="X">Uuriti</wf>
         <wf lemma="uue" pos="X">uue</wf>
         <wf lemma="ehitusmaterjali" pos="X">ehitusmaterjali</wf>
         <instance id="d000.s155.t000" lemma="omadus" pos="NOUN">omadusi</instance>
         <wf lemma="." pos="X">.</wf>
      </sentence>
      <sentence id="d000.s156" source="wordnet-estonian">
         <wf lemma="Värvide" pos="X">Värvide</wf>
         <wf lemma="," pos="X">,</wf>
         <wf lemma="valguse" pos="X">valguse</wf>
         <wf lemma="ja" pos="X">ja</wf>
         <wf lemma="varju" pos="X">varju</wf>
         <instance id="d000.s156.t000" lemma="kontrast" pos="NOUN">kontrast</instance>
         <wf lemma="." pos="X">.</wf>
         <wf lemma="Kontrast" pos="X">Kontrast</wf>
         <wf lemma="kesklinna" pos="X">kesklinna</wf>
         <wf lemma="ja" pos="X">ja</wf>
         <wf lemma="aguli" pos="X">aguli</wf>
         <wf lemma="vahel" pos="X">vahel</wf>
         <wf lemma="." pos="X">.</wf>
         <wf lemma="Järsud" pos="X">Järsud</wf>
         <wf lemma="sotsiaalsed" pos="X">sotsiaalsed</wf>
         <wf lemma="kontrastid" pos="X">kontrastid</wf>
         <wf lemma="." pos="X">.</wf>
         <wf lemma="Üks" pos="X">Üks</wf>
         <wf lemma="pikk" pos="X">pikk</wf>
         <wf lemma="ja" pos="X">ja</wf>
         <wf lemma="kõhetu" pos="X">kõhetu</wf>
         <wf lemma="," pos="X">,</wf>
         <wf lemma="teine" pos="X">teine</wf>
         <wf lemma="lühike" pos="X">lühike</wf>
         <wf lemma="ja" pos="X">ja</wf>
         <wf lemma="tüse" pos="X">tüse</wf>
         <wf lemma=":" pos="X">:</wf>
         <wf lemma="kontrast" pos="X">kontrast</wf>
         <wf lemma="oli" pos="X">oli</wf>
         <wf lemma="täielik" pos="X">täielik</wf>
         <wf lemma="." pos="X">.</wf>
         <wf lemma="Keigarlik" pos="X">Keigarlik</wf>
         <wf lemma="sulega" pos="X">sulega</wf>
         <wf lemma="kübar" pos="X">kübar</wf>
         <wf lemma="moodustas" pos="X">moodustas</wf>
         <wf lemma="tema" pos="X">tema</wf>
         <wf lemma="tavalise" pos="X">tavalise</wf>
         <wf lemma="rõivastusega" pos="X">rõivastusega</wf>
         <wf lemma="ebasobiva" pos="X">ebasobiva</wf>
         <wf lemma="kontrasti" pos="X">kontrasti</wf>
         <wf lemma="." pos="X">.</wf>
         <wf lemma="Kontrast" pos="X">Kontrast</wf>
         <wf lemma="unistuste" pos="X">unistuste</wf>
         <wf lemma="ja" pos="X">ja</wf>
         <wf lemma="tegelikkuse" pos="X">tegelikkuse</wf>
         <wf lemma="vahel" pos="X">vahel</wf>
         <wf lemma="." pos="X">.</wf>
         <wf lemma="Kontrastidele" pos="X">Kontrastidele</wf>
         <wf lemma="ülesehitatud" pos="X">ülesehitatud</wf>
         <wf lemma="jutustus" pos="X">jutustus</wf>
         <wf lemma="." pos="X">.</wf>
         <wf lemma="*" pos="X">*</wf>
         <wf lemma="..tulid" pos="X">..tulid</wf>
         <wf lemma="meelde" pos="X">meelde</wf>
         <wf lemma="need" pos="X">need</wf>
         <wf lemma="õrnused" pos="X">õrnused</wf>
         <wf lemma="ja" pos="X">ja</wf>
         <wf lemma="nende" pos="X">nende</wf>
         <wf lemma="kontrastiks" pos="X">kontrastiks</wf>
         <wf lemma="Kuke" pos="X">Kuke</wf>
         <wf lemma="jäme" pos="X">jäme</wf>
         <wf lemma="kohtlemine" pos="X">kohtlemine</wf>
         <wf lemma="." pos="X">.</wf>
         <wf lemma="(" pos="X">(</wf>
         <wf lemma="Autor" pos="X">Autor</wf>
         <wf lemma=":" pos="X">:</wf>
         <wf lemma="V." pos="X">V.</wf>
         <wf lemma="Uibopuu." pos="X">Uibopuu.</wf>
         <wf lemma=")" pos="X">)</wf>
         <wf lemma="." pos="X">.</wf>
      </sentence>
      <sentence id="d000.s157" source="wordnet-estonian">
         <wf lemma="Miks" pos="X">Miks</wf>
         <wf lemma="ikka" pos="X">ikka</wf>
         <wf lemma="see" pos="X">see</wf>
         <wf lemma="priske" pos="X">priske</wf>
         <instance id="d000.s157.t000" lemma="blond" pos="NOUN">blond</instance>
         <wf lemma="sulle" pos="X">sulle</wf>
         <wf lemma="nii" pos="X">nii</wf>
         <wf lemma="kangesti" pos="X">kangesti</wf>
         <wf lemma="meeldib" pos="X">meeldib</wf>
         <wf lemma="?" pos="X">?</wf>
      </sentence>
      <sentence id="d000.s158" source="wordnet-estonian">
         <wf lemma="Küll" pos="X">Küll</wf>
         <wf lemma="olin" pos="X">olin</wf>
         <wf lemma="mina" pos="X">mina</wf>
         <instance id="d000.s158.t000" lemma="ikka" pos="ADV">ikka</instance>
         <wf lemma="taipamatu" pos="X">taipamatu</wf>
         <wf lemma="!" pos="X">!</wf>
         <wf lemma="(" pos="X">(</wf>
         <wf lemma="EKSS" pos="X">EKSS</wf>
         <wf lemma=")" pos="X">)</wf>
         <wf lemma="." pos="X">.</wf>
      </sentence>
      <sentence id="d000.s159" source="wordnet-estonian">
         <instance id="d000.s159.t000" lemma="heitma" pos="VERB">Heitis</instance>
         <wf lemma="ühe" pos="X">ühe</wf>
         <wf lemma="jala" pos="X">jala</wf>
         <wf lemma="üle" pos="X">üle</wf>
         <wf lemma="teise" pos="X">teise</wf>
         <wf lemma="." pos="X">.</wf>
         <wf lemma="Naine" pos="X">Naine</wf>
         <wf lemma="heitis" pos="X">heitis</wf>
         <wf lemma="käed" pos="X">käed</wf>
         <wf lemma="mehele" pos="X">mehele</wf>
         <wf lemma="ümber" pos="X">ümber</wf>
         <wf lemma="kaela" pos="X">kaela</wf>
         <wf lemma="." pos="X">.</wf>
      </sentence>
      <sentence id="d000.s160" source="wordnet-estonian">
         <wf lemma="Topkapi" pos="X">Topkapi</wf>
         <instance id="d000.s160.t000" lemma="haarem" pos="NOUN">haarem</instance>
         <wf lemma="peaks" pos="X">peaks</wf>
         <wf lemma="sisaldama" pos="X">sisaldama</wf>
         <wf lemma="üle" pos="X">üle</wf>
         <wf lemma="neljasaja" pos="X">neljasaja</wf>
         <wf lemma="ruumi" pos="X">ruumi</wf>
         <wf lemma="," pos="X">,</wf>
         <wf lemma="suurem" pos="X">suurem</wf>
         <wf lemma="osa" pos="X">osa</wf>
         <wf lemma="jääb" pos="X">jääb</wf>
         <wf lemma="kahjuks" pos="X">kahjuks</wf>
         <wf lemma="turistide" pos="X">turistide</wf>
         <wf lemma="eest" pos="X">eest</wf>
         <wf lemma="suletuks" pos="X">suletuks</wf>
         <wf lemma="." pos="X">.</wf>
      </sentence>
      <sentence id="d000.s161" source="wordnet-estonian">
         <wf lemma="Samojeedide" pos="X">Samojeedide</wf>
         <instance id="d000.s161.t000" lemma="šamaan" pos="NOUN">šamaan</instance>
         <wf lemma="(" pos="X">(</wf>
         <wf lemma="EKSS" pos="X">EKSS</wf>
         <wf lemma=")" pos="X">)</wf>
         <wf lemma="." pos="X">.</wf>
      </sentence>
      <sentence id="d000.s162" source="wordnet-estonian">
         <instance id="d000.s162.t000" lemma="nüüd" pos="ADV">Nüüd</instance>
         <wf lemma="loeme" pos="X">loeme</wf>
         <wf lemma="ja" pos="X">ja</wf>
         <wf lemma="pärast" pos="X">pärast</wf>
         <wf lemma="lahendame" pos="X">lahendame</wf>
         <wf lemma="ristsõnu" pos="X">ristsõnu</wf>
         <wf lemma="." pos="X">.</wf>
      </sentence>
      <sentence id="d000.s163" source="wordnet-estonian">
         <wf lemma="Vöö" pos="X">Vöö</wf>
         <wf lemma="," pos="X">,</wf>
         <wf lemma="püksirihma" pos="X">püksirihma</wf>
         <wf lemma="," pos="X">,</wf>
         <wf lemma="kinga" pos="X">kinga</wf>
         <instance id="d000.s163.t000" lemma="pannal" pos="NOUN">pannal</instance>
         <wf lemma="." pos="X">.</wf>
         <wf lemma="(" pos="X">(</wf>
         <wf lemma="EKSS" pos="X">EKSS</wf>
         <wf lemma=")" pos="X">)</wf>
         <wf lemma="." pos="X">.</wf>
      </sentence>
      <sentence id="d000.s164" source="wordnet-estonian">
         <instance id="d000.s164.t000" lemma="nõrk" pos="ADJ">Nõrgad</instance>
         <wf lemma="hüüded" pos="X">hüüded</wf>
         <wf lemma="," pos="X">,</wf>
         <wf lemma="oiged" pos="X">oiged</wf>
         <wf lemma="." pos="X">.</wf>
      </sentence>
      <sentence id="d000.s165" source="wordnet-estonian">
         <wf lemma="Konverentsi" pos="X">Konverentsi</wf>
         <wf lemma="külaliste" pos="X">külaliste</wf>
         <instance id="d000.s165.t000" lemma="grupp" pos="NOUN">grupp</instance>
         <wf lemma="oli" pos="X">oli</wf>
         <wf lemma="kokku" pos="X">kokku</wf>
         <wf lemma="kuivanud" pos="X">kuivanud</wf>
         <wf lemma="." pos="X">.</wf>
      </sentence>
      <sentence id="d000.s166" source="wordnet-estonian">
         <wf lemma="Uks" pos="X">Uks</wf>
         <wf lemma="ei" pos="X">ei</wf>
         <wf lemma="lähe" pos="X">lähe</wf>
         <wf lemma="kinni" pos="X">kinni</wf>
         <wf lemma="," pos="X">,</wf>
         <wf lemma="midagi" pos="X">midagi</wf>
         <wf lemma="on" pos="X">on</wf>
         <instance id="d000.s166.t000" lemma="vahel" pos="ADV">vahel</instance>
         <wf lemma="'takistamas'" pos="X">'takistamas'</wf>
         <wf lemma="." pos="X">.</wf>
      </sentence>
      <sentence id="d000.s167" source="wordnet-estonian">
         <instance id="d000.s167.t000" lemma="juhus" pos="NOUN">Juhus</instance>
         <wf lemma="viis" pos="X">viis</wf>
         <wf lemma="nad" pos="X">nad</wf>
         <wf lemma="jälle" pos="X">jälle</wf>
         <wf lemma="kokku" pos="X">kokku</wf>
         <wf lemma="." pos="X">.</wf>
      </sentence>
      <sentence id="d000.s168" source="wordnet-estonian">
         <wf lemma="Sooled" pos="X">Sooled</wf>
         <wf lemma="on" pos="X">on</wf>
         <wf lemma="gaasi" pos="X">gaasi</wf>
         <wf lemma="täis" pos="X">täis</wf>
         <wf lemma="," pos="X">,</wf>
         <wf lemma="ajab" pos="X">ajab</wf>
         <instance id="d000.s168.t000" lemma="peeretama" pos="VERB">peeretama</instance>
         <wf lemma="." pos="X">.</wf>
      </sentence>
      <sentence id="d000.s169" source="wordnet-estonian">
         <instance id="d000.s169.t000" lemma="klaver" pos="NOUN">Klaver</instance>
         <wf lemma="oli" pos="X">oli</wf>
         <wf lemma="häälest" pos="X">häälest</wf>
         <wf lemma="ära" pos="X">ära</wf>
         <wf lemma="." pos="X">.</wf>
      </sentence>
      <sentence id="d000.s170" source="wordnet-estonian">
         <wf lemma="Punane" pos="X">Punane</wf>
         <wf lemma="tuli" pos="X">tuli</wf>
         <wf lemma="fooris" pos="X">fooris</wf>
         <instance id="d000.s170.t000" lemma="tähendama" pos="VERB">tähendab</instance>
         <wf lemma="liikumiskeeldu" pos="X">liikumiskeeldu</wf>
         <wf lemma="." pos="X">.</wf>
         <wf lemma="Punane" pos="X">Punane</wf>
         <wf lemma="roos" pos="X">roos</wf>
         <wf lemma="tähendab" pos="X">tähendab</wf>
         <wf lemma="armastust" pos="X">armastust</wf>
         <wf lemma="." pos="X">.</wf>
      </sentence>
      <sentence id="d000.s171" source="wordnet-estonian">
         <wf lemma="Rong" pos="X">Rong</wf>
         <wf lemma="väljub" pos="X">väljub</wf>
         <wf lemma="õhtul" pos="X">õhtul</wf>
         <wf lemma="üsna" pos="X">üsna</wf>
         <wf lemma="," pos="X">,</wf>
         <wf lemma="väga" pos="X">väga</wf>
         <instance id="d000.s171.t000" lemma="hilja" pos="ADV">hilja</instance>
         <wf lemma="." pos="X">.</wf>
         <wf lemma="(" pos="X">(</wf>
         <wf lemma="EKSS" pos="X">EKSS</wf>
         <wf lemma=")" pos="X">)</wf>
         <wf lemma="." pos="X">.</wf>
      </sentence>
      <sentence id="d000.s172" source="wordnet-estonian">
         <wf lemma="Laps" pos="X">Laps</wf>
         <wf lemma="tõmbas" pos="X">tõmbas</wf>
         <instance id="d000.s172.t000" lemma="põlv" pos="NOUN">põlved</instance>
         <wf lemma="lõua" pos="X">lõua</wf>
         <wf lemma="alla" pos="X">alla</wf>
         <wf lemma="konksu" pos="X">konksu</wf>
         <wf lemma="(" pos="X">(</wf>
         <wf lemma="EKSS" pos="X">EKSS</wf>
         <wf lemma=")" pos="X">)</wf>
         <wf lemma="." pos="X">.</wf>
      </sentence>
      <sentence id="d000.s173" source="wordnet-estonian">
         <instance id="d000.s173.t000" lemma="kaup" pos="NOUN">Kaupa</instance>
         <wf lemma="oli" pos="X">oli</wf>
         <wf lemma="nii" pos="X">nii</wf>
         <wf lemma="palju" pos="X">palju</wf>
         <wf lemma="." pos="X">.</wf>
      </sentence>
      <sentence id="d000.s174" source="wordnet-estonian">
         <wf lemma="Ämbri" pos="X">Ämbri</wf>
         <wf lemma="," pos="X">,</wf>
         <wf lemma="keedupoti" pos="X">keedupoti</wf>
         <wf lemma="," pos="X">,</wf>
         <wf lemma="autokere" pos="X">autokere</wf>
         <instance id="d000.s174.t000" lemma="mõlk" pos="NOUN">mõlgid</instance>
         <wf lemma="." pos="X">.</wf>
         <wf lemma="Uus" pos="X">Uus</wf>
         <wf lemma="pang" pos="X">pang</wf>
         <wf lemma="," pos="X">,</wf>
         <wf lemma="aga" pos="X">aga</wf>
         <wf lemma="juba" pos="X">juba</wf>
         <wf lemma="mõlk" pos="X">mõlk</wf>
         <wf lemma="sees" pos="X">sees</wf>
         <wf lemma="," pos="X">,</wf>
         <wf lemma="küljes" pos="X">küljes</wf>
         <wf lemma="." pos="X">.</wf>
         <wf lemma="Vana" pos="X">Vana</wf>
         <wf lemma="mõlkidega" pos="X">mõlkidega</wf>
         <wf lemma="teekann" pos="X">teekann</wf>
         <wf lemma="." pos="X">.</wf>
         <wf lemma="Mõlgid" pos="X">Mõlgid</wf>
         <wf lemma="tuleb" pos="X">tuleb</wf>
         <wf lemma="välja" pos="X">välja</wf>
         <wf lemma="taguda" pos="X">taguda</wf>
         <wf lemma="." pos="X">.</wf>
         <wf lemma="Vajutas" pos="X">Vajutas</wf>
         <wf lemma="kaabule" pos="X">kaabule</wf>
         <wf lemma="mõlgi" pos="X">mõlgi</wf>
         <wf lemma="sisse" pos="X">sisse</wf>
         <wf lemma="." pos="X">.</wf>
      </sentence>
      <sentence id="d000.s175" source="wordnet-estonian">
         <wf lemma="Puudus" pos="X">Puudus</wf>
         <wf lemma="ja" pos="X">ja</wf>
         <wf lemma="viletsus" pos="X">viletsus</wf>
         <instance id="d000.s175.t000" lemma="lisama" pos="VERB">lisab</instance>
         <wf lemma="rahulolematust" pos="X">rahulolematust</wf>
         <wf lemma="." pos="X">.</wf>
      </sentence>
      <sentence id="d000.s176" source="wordnet-estonian">
         <wf lemma="Nad" pos="X">Nad</wf>
         <wf lemma="olid" pos="X">olid</wf>
         <instance id="d000.s176.t000" lemma="saavutama" pos="VERB">saavutanud</instance>
         <wf lemma="oma" pos="X">oma</wf>
         <wf lemma="eesmärgi" pos="X">eesmärgi</wf>
         <wf lemma="," pos="X">,</wf>
         <wf lemma="sihi" pos="X">sihi</wf>
         <wf lemma="." pos="X">.</wf>
         <wf lemma="Igaüks" pos="X">Igaüks</wf>
         <wf lemma="tahtis" pos="X">tahtis</wf>
         <wf lemma="saavutada" pos="X">saavutada</wf>
         <wf lemma="mingit" pos="X">mingit</wf>
         <wf lemma="kõrget" pos="X">kõrget</wf>
         <wf lemma="positsiooni" pos="X">positsiooni</wf>
         <wf lemma="." pos="X">.</wf>
      </sentence>
      <sentence id="d000.s177" source="wordnet-estonian">
         <wf lemma="Ravimi" pos="X">Ravimi</wf>
         <wf lemma="kasutuselevõtmisele" pos="X">kasutuselevõtmisele</wf>
         <wf lemma="eelnevad" pos="X">eelnevad</wf>
         <instance id="d000.s177.t000" lemma="eksperiment" pos="NOUN">eksperimendid</instance>
         <wf lemma="loomadega" pos="X">loomadega</wf>
         <wf lemma="." pos="X">.</wf>
      </sentence>
      <sentence id="d000.s178" source="wordnet-estonian">
         <wf lemma="Loen" pos="X">Loen</wf>
         <wf lemma="ajalehest" pos="X">ajalehest</wf>
         <wf lemma="tänaseid" pos="X">tänaseid</wf>
         <instance id="d000.s178.t000" lemma="uudis" pos="NOUN">uudiseid</instance>
         <wf lemma="." pos="X">.</wf>
      </sentence>
      <sentence id="d000.s179" source="wordnet-estonian">
         <wf lemma="Sport" pos="X">Sport</wf>
         <wf lemma="ning" pos="X">ning</wf>
         <instance id="d000.s179.t000" lemma="liikumine" pos="NOUN">liikumine</instance>
         <wf lemma="on" pos="X">on</wf>
         <wf lemma="noortele" pos="X">noortele</wf>
         <wf lemma="vajalikud" pos="X">vajalikud</wf>
         <wf lemma="." pos="X">.</wf>
      </sentence>
      <sentence id="d000.s180" source="wordnet-estonian">
         <wf lemma="Pidevus" pos="X">Pidevus</wf>
         <wf lemma="ja" pos="X">ja</wf>
         <instance id="d000.s180.t000" lemma="pidevusetus" pos="NOUN">pidevusetus</instance>
         <wf lemma="on" pos="X">on</wf>
         <wf lemma="dialektilised" pos="X">dialektilised</wf>
         <wf lemma="mõisted" pos="X">mõisted</wf>
         <wf lemma="." pos="X">.</wf>
      </sentence>
      <sentence id="d000.s181" source="wordnet-estonian">
         <wf lemma="Maa" pos="X">Maa</wf>
         <wf lemma="kuulutati" pos="X">kuulutati</wf>
         <wf lemma="riigi" pos="X">riigi</wf>
         <instance id="d000.s181.t000" lemma="omand" pos="NOUN">omandiks</instance>
         <wf lemma="." pos="X">.</wf>
      </sentence>
      <sentence id="d000.s182" source="wordnet-estonian">
         <wf lemma="Sügav" pos="X">Sügav</wf>
         <wf lemma="," pos="X">,</wf>
         <wf lemma="ülim" pos="X">ülim</wf>
         <instance id="d000.s182.t000" lemma="põlgus" pos="NOUN">põlgus</instance>
         <wf lemma="." pos="X">.</wf>
         <wf lemma="Kellegi" pos="X">Kellegi</wf>
         <wf lemma="vastu" pos="X">vastu</wf>
         <wf lemma="põlgust" pos="X">põlgust</wf>
         <wf lemma="tundma" pos="X">tundma</wf>
         <wf lemma="," pos="X">,</wf>
         <wf lemma="üles" pos="X">üles</wf>
         <wf lemma="näitama" pos="X">näitama</wf>
         <wf lemma="." pos="X">.</wf>
         <wf lemma="Ettepanekusse" pos="X">Ettepanekusse</wf>
         <wf lemma="suhtuti" pos="X">suhtuti</wf>
         <wf lemma="põlgusega" pos="X">põlgusega</wf>
         <wf lemma="." pos="X">.</wf>
         <wf lemma="Naine" pos="X">Naine</wf>
         <wf lemma="äratas" pos="X">äratas</wf>
         <wf lemma="mehes" pos="X">mehes</wf>
         <wf lemma="üheaegselt" pos="X">üheaegselt</wf>
         <wf lemma="nii" pos="X">nii</wf>
         <wf lemma="kaastunnet" pos="X">kaastunnet</wf>
         <wf lemma="kui" pos="X">kui</wf>
         <wf lemma="põlgust" pos="X">põlgust</wf>
         <wf lemma="." pos="X">.</wf>
         <wf lemma="Levitati" pos="X">Levitati</wf>
         <wf lemma="," pos="X">,</wf>
         <wf lemma="õhutati" pos="X">õhutati</wf>
         <wf lemma="põlgust" pos="X">põlgust</wf>
         <wf lemma="ja" pos="X">ja</wf>
         <wf lemma="vaenu" pos="X">vaenu</wf>
         <wf lemma="teiste" pos="X">teiste</wf>
         <wf lemma="rahvaste" pos="X">rahvaste</wf>
         <wf lemma="vastu" pos="X">vastu</wf>
         <wf lemma="." pos="X">.</wf>
         <wf lemma="Vaatab" pos="X">Vaatab</wf>
         <wf lemma="," pos="X">,</wf>
         <wf lemma="kohtleb" pos="X">kohtleb</wf>
         <wf lemma="teist" pos="X">teist</wf>
         <wf lemma="põlguse" pos="X">põlguse</wf>
         <wf lemma="ja" pos="X">ja</wf>
         <wf lemma="üleolekuga" pos="X">üleolekuga</wf>
         <wf lemma="." pos="X">.</wf>
         <wf lemma="Põlgusse" pos="X">Põlgusse</wf>
         <wf lemma="segunes" pos="X">segunes</wf>
         <wf lemma="ka" pos="X">ka</wf>
         <wf lemma="annus" pos="X">annus</wf>
         <wf lemma="kadedust" pos="X">kadedust</wf>
         <wf lemma="." pos="X">.</wf>
         <wf lemma="Viimased" pos="X">Viimased</wf>
         <wf lemma="sõnad" pos="X">sõnad</wf>
         <wf lemma="lausus" pos="X">lausus</wf>
         <wf lemma="ta" pos="X">ta</wf>
         <wf lemma="suure" pos="X">suure</wf>
         <wf lemma="põlgusega" pos="X">põlgusega</wf>
         <wf lemma="." pos="X">.</wf>
         <wf lemma="Oma" pos="X">Oma</wf>
         <wf lemma="käitumise" pos="X">käitumise</wf>
         <wf lemma="pärast" pos="X">pärast</wf>
         <wf lemma="väärid" pos="X">väärid</wf>
         <wf lemma="sa" pos="X">sa</wf>
         <wf lemma="üksnes" pos="X">üksnes</wf>
         <wf lemma="põlgust" pos="X">põlgust</wf>
         <wf lemma="." pos="X">.</wf>
         <wf lemma="Hirm" pos="X">Hirm</wf>
         <wf lemma="poisi" pos="X">poisi</wf>
         <wf lemma="silmis" pos="X">silmis</wf>
         <wf lemma="muutus" pos="X">muutus</wf>
         <wf lemma="põlguseks" pos="X">põlguseks</wf>
         <wf lemma="." pos="X">.</wf>
         <wf lemma="Tema" pos="X">Tema</wf>
         <wf lemma="pilku" pos="X">pilku</wf>
         <wf lemma="ilmus" pos="X">ilmus</wf>
         <wf lemma="põlgus" pos="X">põlgus</wf>
         <wf lemma="." pos="X">.</wf>
         <wf lemma="Mehe" pos="X">Mehe</wf>
         <wf lemma="näol" pos="X">näol</wf>
         <wf lemma="võis" pos="X">võis</wf>
         <wf lemma="märgata" pos="X">märgata</wf>
         <wf lemma="põlgust" pos="X">põlgust</wf>
         <wf lemma="." pos="X">.</wf>
         <wf lemma="Üle" pos="X">Üle</wf>
         <wf lemma="näo" pos="X">näo</wf>
         <wf lemma="lendas" pos="X">lendas</wf>
         <wf lemma="põlguse" pos="X">põlguse</wf>
         <wf lemma="vari" pos="X">vari</wf>
         <wf lemma="." pos="X">.</wf>
         <wf lemma="Püüdsin" pos="X">Püüdsin</wf>
         <wf lemma="kogu" pos="X">kogu</wf>
         <wf lemma="oma" pos="X">oma</wf>
         <wf lemma="põlguse" pos="X">põlguse</wf>
         <wf lemma="sõnadesse" pos="X">sõnadesse</wf>
         <wf lemma="panna" pos="X">panna</wf>
         <wf lemma="." pos="X">.</wf>
         <wf lemma="*" pos="X">*</wf>
         <wf lemma="Säärane" pos="X">Säärane</wf>
         <wf lemma="vaikiv" pos="X">vaikiv</wf>
         <wf lemma="põlgus" pos="X">põlgus</wf>
         <wf lemma="oli" pos="X">oli</wf>
         <wf lemma="ootamatu" pos="X">ootamatu</wf>
         <wf lemma="ja" pos="X">ja</wf>
         <wf lemma="raskem" pos="X">raskem</wf>
         <wf lemma="kanda" pos="X">kanda</wf>
         <wf lemma="kui" pos="X">kui</wf>
         <wf lemma="avalik" pos="X">avalik</wf>
         <wf lemma="sõim." pos="X">sõim.</wf>
         <wf lemma="." pos="X">.</wf>
         <wf lemma="(" pos="X">(</wf>
         <wf lemma="Autor" pos="X">Autor</wf>
         <wf lemma=":" pos="X">:</wf>
         <wf lemma="O." pos="X">O.</wf>
         <wf lemma="Tooming." pos="X">Tooming.</wf>
         <wf lemma=")" pos="X">)</wf>
         <wf lemma="." pos="X">.</wf>
      </sentence>
      <sentence id="d000.s183" source="wordnet-estonian">
         <wf lemma="Astusime" pos="X">Astusime</wf>
         <instance id="d000.s183.t000" lemma="lift" pos="NOUN">lifti</instance>
         <wf lemma="," pos="X">,</wf>
         <wf lemma="sõitsime" pos="X">sõitsime</wf>
         <wf lemma="liftiga" pos="X">liftiga</wf>
         <wf lemma="." pos="X">.</wf>
         <wf lemma="Väljusime" pos="X">Väljusime</wf>
         <wf lemma="liftist" pos="X">liftist</wf>
         <wf lemma="hotelli" pos="X">hotelli</wf>
         <wf lemma="25." pos="X">25.</wf>
         <wf lemma="korrusel" pos="X">korrusel</wf>
         <wf lemma="." pos="X">.</wf>
         <wf lemma="Jäime" pos="X">Jäime</wf>
         <wf lemma="lifti" pos="X">lifti</wf>
         <wf lemma="kinni" pos="X">kinni</wf>
         <wf lemma="." pos="X">.</wf>
         <wf lemma="Kaubad" pos="X">Kaubad</wf>
         <wf lemma="veetakse" pos="X">veetakse</wf>
         <wf lemma="liftiga" pos="X">liftiga</wf>
         <wf lemma="keldrikorruse" pos="X">keldrikorruse</wf>
         <wf lemma="laoruumidest" pos="X">laoruumidest</wf>
         <wf lemma="müügisaalidesse" pos="X">müügisaalidesse</wf>
         <wf lemma="." pos="X">.</wf>
      </sentence>
      <sentence id="d000.s184" source="wordnet-estonian">
         <instance id="d000.s184.t000" lemma="oksjon" pos="NOUN">Oksjonit</instance>
         <wf lemma="välja" pos="X">välja</wf>
         <wf lemma="kuulutama" pos="X">kuulutama</wf>
         <wf lemma="," pos="X">,</wf>
         <wf lemma="pidama" pos="X">pidama</wf>
         <wf lemma="," pos="X">,</wf>
         <wf lemma="korraldama" pos="X">korraldama</wf>
         <wf lemma="." pos="X">.</wf>
         <wf lemma="Talu" pos="X">Talu</wf>
         <wf lemma="läheb" pos="X">läheb</wf>
         <wf lemma="oksjonile" pos="X">oksjonile</wf>
         <wf lemma="." pos="X">.</wf>
         <wf lemma="Talule" pos="X">Talule</wf>
         <wf lemma="tehti" pos="X">tehti</wf>
         <wf lemma="oksjon" pos="X">oksjon</wf>
         <wf lemma="." pos="X">.</wf>
         <wf lemma="Kogu" pos="X">Kogu</wf>
         <wf lemma="majakraam" pos="X">majakraam</wf>
         <wf lemma="lasti" pos="X">lasti</wf>
         <wf lemma="," pos="X">,</wf>
         <wf lemma="pandi" pos="X">pandi</wf>
         <wf lemma="oksjonile" pos="X">oksjonile</wf>
         <wf lemma="," pos="X">,</wf>
         <wf lemma="müüdi" pos="X">müüdi</wf>
         <wf lemma="oksjonil" pos="X">oksjonil</wf>
         <wf lemma="." pos="X">.</wf>
         <wf lemma="Maja" pos="X">Maja</wf>
         <wf lemma="oksjon" pos="X">oksjon</wf>
         <wf lemma="on" pos="X">on</wf>
         <wf lemma="tulemas" pos="X">tulemas</wf>
         <wf lemma="." pos="X">.</wf>
         <wf lemma="Oksjonilt" pos="X">Oksjonilt</wf>
         <wf lemma="ostetud" pos="X">ostetud</wf>
         <wf lemma="mööbel" pos="X">mööbel</wf>
         <wf lemma="." pos="X">.</wf>
      </sentence>
      <sentence id="d000.s185" source="wordnet-estonian">
         <instance id="d000.s185.t000" lemma="jalats" pos="NOUN">Jalatsid</instance>
         <wf lemma="olgu" pos="X">olgu</wf>
         <wf lemma="küllalt" pos="X">küllalt</wf>
         <wf lemma="avarad" pos="X">avarad</wf>
         <wf lemma="(" pos="X">(</wf>
         <wf lemma="EKSS" pos="X">EKSS</wf>
         <wf lemma=")" pos="X">)</wf>
         <wf lemma="." pos="X">.</wf>
      </sentence>
      <sentence id="d000.s186" source="wordnet-estonian">
         <wf lemma="Sõnad" pos="X">Sõnad</wf>
         <instance id="d000.s186.t000" lemma="kinnitama" pos="VERB">kinnitasid</instance>
         <wf lemma="usku" pos="X">usku</wf>
         <wf lemma="." pos="X">.</wf>
         <wf lemma="Faktid" pos="X">Faktid</wf>
         <wf lemma="kinnitasid" pos="X">kinnitasid</wf>
         <wf lemma="pealtnägijate" pos="X">pealtnägijate</wf>
         <wf lemma="juttu" pos="X">juttu</wf>
         <wf lemma="." pos="X">.</wf>
         <wf lemma="Kinnitasime" pos="X">Kinnitasime</wf>
         <wf lemma="," pos="X">,</wf>
         <wf lemma="et" pos="X">et</wf>
         <wf lemma="tuleme" pos="X">tuleme</wf>
         <wf lemma="ka" pos="X">ka</wf>
         <wf lemma="järgmisel" pos="X">järgmisel</wf>
         <wf lemma="päeval" pos="X">päeval</wf>
         <wf lemma="." pos="X">.</wf>
      </sentence>
      <sentence id="d000.s187" source="wordnet-estonian">
         <instance id="d000.s187.t000" lemma="looma" pos="VERB">Luuakse</instance>
         <wf lemma="järjest" pos="X">järjest</wf>
         <wf lemma="uusi" pos="X">uusi</wf>
         <wf lemma="seltse" pos="X">seltse</wf>
         <wf lemma="." pos="X">.</wf>
      </sentence>
      <sentence id="d000.s188" source="wordnet-estonian">
         <wf lemma="Oluline" pos="X">Oluline</wf>
         <instance id="d000.s188.t000" lemma="lõik" pos="NOUN">lõik</instance>
         <wf lemma="eesti" pos="X">eesti</wf>
         <wf lemma="muusika" pos="X">muusika</wf>
         <wf lemma="ajaloos" pos="X">ajaloos</wf>
         <wf lemma="." pos="X">.</wf>
      </sentence>
      <sentence id="d000.s189" source="wordnet-estonian">
         <wf lemma="Pimedusest" pos="X">Pimedusest</wf>
         <wf lemma="kostis" pos="X">kostis</wf>
         <instance id="d000.s189.t000" lemma="hunt" pos="NOUN">huntide</instance>
         <wf lemma="ulgumist" pos="X">ulgumist</wf>
         <wf lemma="." pos="X">.</wf>
         <wf lemma="Hunt" pos="X">Hunt</wf>
         <wf lemma="murdis" pos="X">murdis</wf>
         <wf lemma="lamba" pos="X">lamba</wf>
         <wf lemma="." pos="X">.</wf>
      </sentence>
      <sentence id="d000.s190" source="wordnet-estonian">
         <wf lemma="Juutide" pos="X">Juutide</wf>
         <wf lemma="," pos="X">,</wf>
         <wf lemma="neegrite" pos="X">neegrite</wf>
         <instance id="d000.s190.t000" lemma="geto" pos="NOUN">geto</instance>
         <wf lemma="." pos="X">.</wf>
      </sentence>
      <sentence id="d000.s191" source="wordnet-estonian">
         <wf lemma="On" pos="X">On</wf>
         <wf lemma="näha" pos="X">näha</wf>
         <wf lemma="," pos="X">,</wf>
         <wf lemma="et" pos="X">et</wf>
         <wf lemma="poisil" pos="X">poisil</wf>
         <wf lemma="pole" pos="X">pole</wf>
         <instance id="d000.s191.t000" lemma="pööning" pos="NOUN">pööningul</instance>
         <wf lemma="kõik" pos="X">kõik</wf>
         <wf lemma="korras" pos="X">korras</wf>
         <wf lemma="." pos="X">.</wf>
      </sentence>
      <sentence id="d000.s192" source="wordnet-estonian">
         <wf lemma="Meie" pos="X">Meie</wf>
         <wf lemma="hilinemise" pos="X">hilinemise</wf>
         <wf lemma="põhjus" pos="X">põhjus</wf>
         <wf lemma="oli" pos="X">oli</wf>
         <instance id="d000.s192.t000" lemma="takistus" pos="NOUN">takistus</instance>
         <wf lemma="teel" pos="X">teel</wf>
         <wf lemma="." pos="X">.</wf>
      </sentence>
      <sentence id="d000.s193" source="wordnet-estonian">
         <wf lemma="Paksu" pos="X">Paksu</wf>
         <instance id="d000.s193.t000" lemma="koor" pos="NOUN">koorega</instance>
         <wf lemma="õunad" pos="X">õunad</wf>
         <wf lemma="(" pos="X">(</wf>
         <wf lemma="EKSS" pos="X">EKSS</wf>
         <wf lemma=")" pos="X">)</wf>
         <wf lemma="." pos="X">.</wf>
      </sentence>
      <sentence id="d000.s194" source="wordnet-estonian">
         <wf lemma="Tahke" pos="X">Tahke</wf>
         <instance id="d000.s194.t000" lemma="kütus" pos="NOUN">kütusena</instance>
         <wf lemma="ei" pos="X">ei</wf>
         <wf lemma="suuda" pos="X">suuda</wf>
         <wf lemma="põlevkivi" pos="X">põlevkivi</wf>
         <wf lemma="võistelda" pos="X">võistelda</wf>
         <wf lemma="kivisöega" pos="X">kivisöega</wf>
         <wf lemma="." pos="X">.</wf>
      </sentence>
      <sentence id="d000.s195" source="wordnet-estonian">
         <wf lemma="Pillimees" pos="X">Pillimees</wf>
         <wf lemma="valib" pos="X">valib</wf>
         <wf lemma="sobiva" pos="X">sobiva</wf>
         <instance id="d000.s195.t000" lemma="tonaalsus" pos="NOUN">tonaalsuse</instance>
         <wf lemma="." pos="X">.</wf>
      </sentence>
      <sentence id="d000.s196" source="wordnet-estonian">
         <wf lemma="Raamat" pos="X">Raamat</wf>
         <wf lemma="oli" pos="X">oli</wf>
         <wf lemma="trükitud" pos="X">trükitud</wf>
         <wf lemma="gooti" pos="X">gooti</wf>
         <instance id="d000.s196.t000" lemma="kiri" pos="NOUN">kirjas</instance>
         <wf lemma="tähtedega" pos="X">tähtedega</wf>
         <wf lemma="." pos="X">.</wf>
      </sentence>
      <sentence id="d000.s197" source="wordnet-estonian">
         <instance id="d000.s197.t000" lemma="pilt" pos="NOUN">Pilt</instance>
         <wf lemma="oli" pos="X">oli</wf>
         <wf lemma="seinal" pos="X">seinal</wf>
         <wf lemma="rippunud" pos="X">rippunud</wf>
         <wf lemma="juba" pos="X">juba</wf>
         <wf lemma="vanaema" pos="X">vanaema</wf>
         <wf lemma="aegadest" pos="X">aegadest</wf>
         <wf lemma="." pos="X">.</wf>
      </sentence>
      <sentence id="d000.s198" source="wordnet-estonian">
         <wf lemma="Vastuolud" pos="X">Vastuolud</wf>
         <wf lemma="tekkisid" pos="X">tekkisid</wf>
         <wf lemma="majanduslikul" pos="X">majanduslikul</wf>
         <wf lemma="," pos="X">,</wf>
         <wf lemma="maailmavaatelisel" pos="X">maailmavaatelisel</wf>
         <instance id="d000.s198.t000" lemma="pind" pos="NOUN">pinnal</instance>
         <wf lemma="(" pos="X">(</wf>
         <wf lemma="EKSS" pos="X">EKSS</wf>
         <wf lemma=")" pos="X">)</wf>
         <wf lemma="." pos="X">.</wf>
      </sentence>
      <sentence id="d000.s199" source="wordnet-estonian">
         <instance id="d000.s199.t000" lemma="laulik" pos="NOUN">Laulikuks</instance>
         <wf lemma="osteti" pos="X">osteti</wf>
         <wf lemma="paks" pos="X">paks</wf>
         <wf lemma="klade" pos="X">klade</wf>
         <wf lemma="(" pos="X">(</wf>
         <wf lemma="EKSS" pos="X">EKSS</wf>
         <wf lemma=")" pos="X">)</wf>
         <wf lemma="." pos="X">.</wf>
      </sentence>
      <sentence id="d000.s200" source="wordnet-estonian">
         <wf lemma="Maailmavaate" pos="X">Maailmavaate</wf>
         <wf lemma="põhiküsimuseks" pos="X">põhiküsimuseks</wf>
         <wf lemma="on" pos="X">on</wf>
         <wf lemma="mõtlemise" pos="X">mõtlemise</wf>
         <wf lemma="ja" pos="X">ja</wf>
         <instance id="d000.s200.t000" lemma="olemine" pos="NOUN">olemise</instance>
         <wf lemma="vahekorra" pos="X">vahekorra</wf>
         <wf lemma="küsimus" pos="X">küsimus</wf>
         <wf lemma="(" pos="X">(</wf>
         <wf lemma="EKSS" pos="X">EKSS</wf>
         <wf lemma=")" pos="X">)</wf>
         <wf lemma="." pos="X">.</wf>
      </sentence>
      <sentence id="d000.s201" source="wordnet-estonian">
         <instance id="d000.s201.t000" lemma="adenoid" pos="NOUN">Adenoidide</instance>
         <wf lemma="eemaldamine" pos="X">eemaldamine</wf>
         <wf lemma="." pos="X">.</wf>
      </sentence>
      <sentence id="d000.s202" source="wordnet-estonian">
         <wf lemma="Ta" pos="X">Ta</wf>
         <wf lemma="töötab" pos="X">töötab</wf>
         <wf lemma="raamatukogus" pos="X">raamatukogus</wf>
         <instance id="d000.s202.t000" lemma="konsultant" pos="NOUN">konsultandina</instance>
         <wf lemma="." pos="X">.</wf>
      </sentence>
      <sentence id="d000.s203" source="wordnet-estonian">
         <wf lemma="Orel" pos="X">Orel</wf>
         <instance id="d000.s203.t000" lemma="koor" pos="NOUN">kooril</instance>
         <wf lemma="hakkas" pos="X">hakkas</wf>
         <wf lemma="mängima" pos="X">mängima</wf>
         <wf lemma="(" pos="X">(</wf>
         <wf lemma="EKSS" pos="X">EKSS</wf>
         <wf lemma=")" pos="X">)</wf>
         <wf lemma="." pos="X">.</wf>
      </sentence>
      <sentence id="d000.s204" source="wordnet-estonian">
         <wf lemma="Kummutas" pos="X">Kummutas</wf>
         <wf lemma="viinapudeli" pos="X">viinapudeli</wf>
         <wf lemma="põhjast" pos="X">põhjast</wf>
         <wf lemma="ära" pos="X">ära</wf>
         <wf lemma="viimase" pos="X">viimase</wf>
         <instance id="d000.s204.t000" lemma="pära" pos="NOUN">pära</instance>
         <wf lemma="." pos="X">.</wf>
      </sentence>
      <sentence id="d000.s205" source="wordnet-estonian">
         <wf lemma="Keegi" pos="X">Keegi</wf>
         <wf lemma="tinistas" pos="X">tinistas</wf>
         <wf lemma="," pos="X">,</wf>
         <wf lemma="plõnksutas" pos="X">plõnksutas</wf>
         <instance id="d000.s205.t000" lemma="kitarr" pos="NOUN">kitarri</instance>
         <wf lemma="." pos="X">.</wf>
         <wf lemma="Lauldi" pos="X">Lauldi</wf>
         <wf lemma="kitarri" pos="X">kitarri</wf>
         <wf lemma="saatel" pos="X">saatel</wf>
         <wf lemma="." pos="X">.</wf>
      </sentence>
      <sentence id="d000.s206" source="wordnet-estonian">
         <instance id="d000.s206.t000" lemma="andma" pos="VERB">Anna</instance>
         <wf lemma="pudel" pos="X">pudel</wf>
         <wf lemma="siia" pos="X">siia</wf>
         <wf lemma="." pos="X">.</wf>
      </sentence>
      <sentence id="d000.s207" source="wordnet-estonian">
         <wf lemma="Poes" pos="X">Poes</wf>
         <wf lemma="oli" pos="X">oli</wf>
         <wf lemma="müügil" pos="X">müügil</wf>
         <wf lemma="seitset" pos="X">seitset</wf>
         <wf lemma="sorti" pos="X">sorti</wf>
         <instance id="d000.s207.t000" lemma="paber" pos="NOUN">paberit</instance>
         <wf lemma="." pos="X">.</wf>
      </sentence>
      <sentence id="d000.s208" source="wordnet-estonian">
         <wf lemma="Tänavad" pos="X">Tänavad</wf>
         <wf lemma="," pos="X">,</wf>
         <wf lemma="kõnniteed" pos="X">kõnniteed</wf>
         <wf lemma="on" pos="X">on</wf>
         <instance id="d000.s208.t000" lemma="lörts" pos="NOUN">lörtsi</instance>
         <wf lemma="täis" pos="X">täis</wf>
         <wf lemma="(" pos="X">(</wf>
         <wf lemma="EKSS" pos="X">EKSS</wf>
         <wf lemma=")" pos="X">)</wf>
         <wf lemma="." pos="X">.</wf>
      </sentence>
      <sentence id="d000.s209" source="wordnet-estonian">
         <wf lemma="Eesti" pos="X">Eesti</wf>
         <wf lemma="Vabariigi" pos="X">Vabariigi</wf>
         <instance id="d000.s209.t000" lemma="kodanik" pos="NOUN">kodanik</instance>
         <wf lemma="(" pos="X">(</wf>
         <wf lemma="EKSS" pos="X">EKSS</wf>
         <wf lemma=")" pos="X">)</wf>
         <wf lemma="." pos="X">.</wf>
      </sentence>
      <sentence id="d000.s210" source="wordnet-estonian">
         <wf lemma="Minu" pos="X">Minu</wf>
         <wf lemma="ainuke" pos="X">ainuke</wf>
         <instance id="d000.s210.t000" lemma="võimalus" pos="NOUN">võimalus</instance>
         <wf lemma="on" pos="X">on</wf>
         <wf lemma="keelduda" pos="X">keelduda</wf>
         <wf lemma="." pos="X">.</wf>
      </sentence>
      <sentence id="d000.s211" source="wordnet-estonian">
         <wf lemma="Sirjel" pos="X">Sirjel</wf>
         <wf lemma="ei" pos="X">ei</wf>
         <instance id="d000.s211.t000" lemma="klappima" pos="VERB">klappinud</instance>
         <wf lemma="elu" pos="X">elu</wf>
         <wf lemma="Antsuga" pos="X">Antsuga</wf>
         <wf lemma="." pos="X">.</wf>
         <wf lemma="Ta" pos="X">Ta</wf>
         <wf lemma="on" pos="X">on</wf>
         <wf lemma="tujust" pos="X">tujust</wf>
         <wf lemma="ära" pos="X">ära</wf>
         <wf lemma="," pos="X">,</wf>
         <wf lemma="kui" pos="X">kui</wf>
         <wf lemma="mõni" pos="X">mõni</wf>
         <wf lemma="asi" pos="X">asi</wf>
         <wf lemma="ei" pos="X">ei</wf>
         <wf lemma="klapi" pos="X">klapi</wf>
         <wf lemma="." pos="X">.</wf>
      </sentence>
      <sentence id="d000.s212" source="wordnet-estonian">
         <wf lemma="Püüa" pos="X">Püüa</wf>
         <wf lemma="oma" pos="X">oma</wf>
         <wf lemma="abielu" pos="X">abielu</wf>
         <instance id="d000.s212.t000" lemma="pääste" pos="NOUN">päästeks</instance>
         <wf lemma="midagi" pos="X">midagi</wf>
         <wf lemma="ette" pos="X">ette</wf>
         <wf lemma="võtta" pos="X">võtta</wf>
         <wf lemma="." pos="X">.</wf>
         <wf lemma="*" pos="X">*</wf>
         <wf lemma="&quot;" pos="X">&quot;</wf>
         <wf lemma="Sinu" pos="X">Sinu</wf>
         <wf lemma="raha" pos="X">raha</wf>
         <wf lemma="pääste" pos="X">pääste</wf>
         <wf lemma="eest" pos="X">eest</wf>
         <wf lemma="tahan" pos="X">tahan</wf>
         <wf lemma="kõigi" pos="X">kõigi</wf>
         <wf lemma="nõudega" pos="X">nõudega</wf>
         <wf lemma="muretseda" pos="X">muretseda</wf>
         <wf lemma="," pos="X">,</wf>
         <wf lemma="^" pos="X">^</wf>
         <wf lemma="&quot;" pos="X">&quot;</wf>
         <wf lemma="ütles" pos="X">ütles</wf>
         <wf lemma="ta" pos="X">ta</wf>
         <wf lemma="viimaks" pos="X">viimaks</wf>
         <wf lemma="." pos="X">.</wf>
         <wf lemma="(" pos="X">(</wf>
         <wf lemma="Autor" pos="X">Autor</wf>
         <wf lemma=":" pos="X">:</wf>
         <wf lemma="E." pos="X">E.</wf>
         <wf lemma="Vilde." pos="X">Vilde.</wf>
         <wf lemma=")" pos="X">)</wf>
         <wf lemma="." pos="X">.</wf>
      </sentence>
      <sentence id="d000.s213" source="wordnet-estonian">
         <wf lemma="Alkoholi" pos="X">Alkoholi</wf>
         <wf lemma="," pos="X">,</wf>
         <wf lemma="suitsetamise" pos="X">suitsetamise</wf>
         <wf lemma="," pos="X">,</wf>
         <wf lemma="müra" pos="X">müra</wf>
         <instance id="d000.s213.t000" lemma="kahjulikkus" pos="NOUN">kahjulikkus</instance>
         <wf lemma="." pos="X">.</wf>
      </sentence>
      <sentence id="d000.s214" source="wordnet-estonian">
         <wf lemma="[purjetati" pos="X">[purjetati</wf>
         <wf lemma="]" pos="X">]</wf>
         <wf lemma="Pärnust" pos="X">Pärnust</wf>
         <wf lemma="Oportosse" pos="X">Oportosse</wf>
         <wf lemma="Portugalis" pos="X">Portugalis</wf>
         <wf lemma="ja" pos="X">ja</wf>
         <wf lemma="sealt" pos="X">sealt</wf>
         <wf lemma="selle" pos="X">selle</wf>
         <wf lemma="maa" pos="X">maa</wf>
         <wf lemma="kuulsa" pos="X">kuulsa</wf>
         <instance id="d000.s214.t000" lemma="portvein" pos="NOUN">portveiniga</instance>
         <wf lemma="Liivimaa" pos="X">Liivimaa</wf>
         <wf lemma="ja" pos="X">ja</wf>
         <wf lemma="Peterburi" pos="X">Peterburi</wf>
         <wf lemma="maiasmokkade" pos="X">maiasmokkade</wf>
         <wf lemma="jaoks" pos="X">jaoks</wf>
         <wf lemma="Pärnusse" pos="X">Pärnusse</wf>
         <wf lemma="tagasi" pos="X">tagasi</wf>
         <wf lemma="." pos="X">.</wf>
         <wf lemma="J." pos="X">J.</wf>
         <wf lemma="Kross" pos="X">Kross</wf>
         <wf lemma="." pos="X">.</wf>
      </sentence>
      <sentence id="d000.s215" source="wordnet-estonian">
         <wf lemma="Piiratud" pos="X">Piiratud</wf>
         <instance id="d000.s215.t000" lemma="nähtavus" pos="NOUN">nähtavusega</instance>
         <wf lemma="teelõikudel" pos="X">teelõikudel</wf>
         <wf lemma="tuleb" pos="X">tuleb</wf>
         <wf lemma="aeglasemalt" pos="X">aeglasemalt</wf>
         <wf lemma="sõita" pos="X">sõita</wf>
         <wf lemma="." pos="X">.</wf>
      </sentence>
      <sentence id="d000.s216" source="wordnet-estonian">
         <wf lemma="Nööpis" pos="X">Nööpis</wf>
         <wf lemma="kuue" pos="X">kuue</wf>
         <instance id="d000.s216.t000" lemma="jooks" pos="NOUN">jooksu</instance>
         <wf lemma="peal" pos="X">peal</wf>
         <wf lemma="kinni" pos="X">kinni</wf>
         <wf lemma="." pos="X">.</wf>
      </sentence>
      <sentence id="d000.s217" source="wordnet-estonian">
         <wf lemma="Lapsele" pos="X">Lapsele</wf>
         <wf lemma="anti" pos="X">anti</wf>
         <instance id="d000.s217.t000" lemma="glükoos" pos="NOUN">glükoosiga</instance>
         <wf lemma="magustatud" pos="X">magustatud</wf>
         <wf lemma="teed" pos="X">teed</wf>
         <wf lemma="." pos="X">.</wf>
         <wf lemma="Mulle" pos="X">Mulle</wf>
         <wf lemma="süstiti" pos="X">süstiti</wf>
         <wf lemma="glükoosi" pos="X">glükoosi</wf>
         <wf lemma="lahust" pos="X">lahust</wf>
         <wf lemma="," pos="X">,</wf>
         <wf lemma="glükoosi" pos="X">glükoosi</wf>
         <wf lemma="." pos="X">.</wf>
      </sentence>
      <sentence id="d000.s218" source="wordnet-estonian">
         <wf lemma="Meie" pos="X">Meie</wf>
         <instance id="d000.s218.t000" lemma="mõiste" pos="NOUN">mõiste</instance>
         <wf lemma="järgi" pos="X">järgi</wf>
         <wf lemma="on" pos="X">on</wf>
         <wf lemma="nii" pos="X">nii</wf>
         <wf lemma="tugev" pos="X">tugev</wf>
         <wf lemma="tuul" pos="X">tuul</wf>
         <wf lemma="juba" pos="X">juba</wf>
         <wf lemma="torm" pos="X">torm</wf>
         <wf lemma="." pos="X">.</wf>
         <wf lemma="Detsember" pos="X">Detsember</wf>
         <wf lemma="on" pos="X">on</wf>
         <wf lemma="meie" pos="X">meie</wf>
         <wf lemma="mõistes" pos="X">mõistes</wf>
         <wf lemma="talvekuu" pos="X">talvekuu</wf>
         <wf lemma="." pos="X">.</wf>
      </sentence>
      <sentence id="d000.s219" source="wordnet-estonian">
         <wf lemma="Vehklemine" pos="X">Vehklemine</wf>
         <instance id="d000.s219.t000" lemma="rapiir" pos="NOUN">rapiiridega</instance>
         <wf lemma="." pos="X">.</wf>
         <wf lemma="(" pos="X">(</wf>
         <wf lemma="EKSS" pos="X">EKSS</wf>
         <wf lemma=")" pos="X">)</wf>
         <wf lemma="." pos="X">.</wf>
      </sentence>
      <sentence id="d000.s220" source="wordnet-estonian">
         <wf lemma="Mul" pos="X">Mul</wf>
         <wf lemma="on" pos="X">on</wf>
         <wf lemma="väga" pos="X">väga</wf>
         <instance id="d000.s220.t000" lemma="väike" pos="ADJ">väike</instance>
         <wf lemma="köök" pos="X">köök</wf>
         <wf lemma="-" pos="X">-</wf>
         <wf lemma="me" pos="X">me</wf>
         <wf lemma="ei" pos="X">ei</wf>
         <wf lemma="mahu" pos="X">mahu</wf>
         <wf lemma="sinna" pos="X">sinna</wf>
         <wf lemma="ära" pos="X">ära</wf>
         <wf lemma="." pos="X">.</wf>
      </sentence>
      <sentence id="d000.s221" source="wordnet-estonian">
         <instance id="d000.s221.t000" lemma="otsing" pos="NOUN">Otsingutest</instance>
         <wf lemma="hoolimata" pos="X">hoolimata</wf>
         <wf lemma="jäi" pos="X">jäi</wf>
         <wf lemma="laev" pos="X">laev</wf>
         <wf lemma="kadunuks" pos="X">kadunuks</wf>
         <wf lemma="." pos="X">.</wf>
      </sentence>
      <sentence id="d000.s222" source="wordnet-estonian">
         <instance id="d000.s222.t000" lemma="portsigar" pos="NOUN">Portsigari</instance>
         <wf lemma="kaas" pos="X">kaas</wf>
         <wf lemma="hüppas" pos="X">hüppas</wf>
         <wf lemma="klõpsuga" pos="X">klõpsuga</wf>
         <wf lemma="lahti" pos="X">lahti</wf>
         <wf lemma="." pos="X">.</wf>
         <wf lemma="Tihedalt" pos="X">Tihedalt</wf>
         <wf lemma="paberosse" pos="X">paberosse</wf>
         <wf lemma="täis" pos="X">täis</wf>
         <wf lemma="topitud" pos="X">topitud</wf>
         <wf lemma="portsigar" pos="X">portsigar</wf>
         <wf lemma="." pos="X">.</wf>
      </sentence>
      <sentence id="d000.s223" source="wordnet-estonian">
         <wf lemma="Osa" pos="X">Osa</wf>
         <wf lemma="inimesi" pos="X">inimesi</wf>
         <wf lemma="on" pos="X">on</wf>
         <wf lemma="ainult" pos="X">ainult</wf>
         <wf lemma="teistele" pos="X">teistele</wf>
         <instance id="d000.s223.t000" lemma="rist" pos="NOUN">ristiks</instance>
         <wf lemma="maailma" pos="X">maailma</wf>
         <wf lemma="sündinud" pos="X">sündinud</wf>
         <wf lemma="." pos="X">.</wf>
      </sentence>
      <sentence id="d000.s224" source="wordnet-estonian">
         <wf lemma="Soliidne" pos="X">Soliidne</wf>
         <wf lemma="ja" pos="X">ja</wf>
         <wf lemma="mugav" pos="X">mugav</wf>
         <wf lemma="must" pos="X">must</wf>
         <instance id="d000.s224.t000" lemma="bleiser" pos="NOUN">bleiser</instance>
         <wf lemma="." pos="X">.</wf>
      </sentence>
      <sentence id="d000.s225" source="wordnet-estonian">
         <wf lemma="Saada" pos="X">Saada</wf>
         <wf lemma="on" pos="X">on</wf>
         <wf lemma="suures" pos="X">suures</wf>
         <wf lemma="valikus" pos="X">valikus</wf>
         <wf lemma="mahlu" pos="X">mahlu</wf>
         <wf lemma="ja" pos="X">ja</wf>
         <instance id="d000.s225.t000" lemma="püree" pos="NOUN">püreesid</instance>
         <wf lemma="imikutele" pos="X">imikutele</wf>
         <wf lemma="." pos="X">.</wf>
         <wf lemma="(" pos="X">(</wf>
         <wf lemma="EKSS" pos="X">EKSS</wf>
         <wf lemma=")" pos="X">)</wf>
         <wf lemma="." pos="X">.</wf>
      </sentence>
      <sentence id="d000.s226" source="wordnet-estonian">
         <wf lemma="Vajalik" pos="X">Vajalik</wf>
         <instance id="d000.s226.t000" lemma="kogus" pos="NOUN">kogus</instance>
         <wf lemma="ümarpuitu" pos="X">ümarpuitu</wf>
         <wf lemma="saabus" pos="X">saabus</wf>
         <wf lemma="õigeaegselt" pos="X">õigeaegselt</wf>
         <wf lemma="." pos="X">.</wf>
      </sentence>
      <sentence id="d000.s227" source="wordnet-estonian">
         <wf lemma="Värviosakesed" pos="X">Värviosakesed</wf>
         <wf lemma="kinnituvad" pos="X">kinnituvad</wf>
         <wf lemma="värvitava" pos="X">värvitava</wf>
         <wf lemma="materjali" pos="X">materjali</wf>
         <wf lemma="pinnale" pos="X">pinnale</wf>
         <instance id="d000.s227.t000" lemma="adsorptsioon" pos="NOUN">adsorptsiooni</instance>
         <wf lemma="teel" pos="X">teel</wf>
         <wf lemma="." pos="X">.</wf>
      </sentence>
      <sentence id="d000.s228" source="wordnet-estonian">
         <wf lemma="Poliitik" pos="X">Poliitik</wf>
         <wf lemma="reageeris" pos="X">reageeris</wf>
         <wf lemma="teravalt" pos="X">teravalt</wf>
         <instance id="d000.s228.t000" lemma="üldine" pos="ADJ">üldise</instance>
         <wf lemma="arvamuse" pos="X">arvamuse</wf>
         <wf lemma="vastu" pos="X">vastu</wf>
         <wf lemma="." pos="X">.</wf>
         <wf lemma="Kasvas" pos="X">Kasvas</wf>
         <wf lemma="kollektiivi" pos="X">kollektiivi</wf>
         <wf lemma="üldine" pos="X">üldine</wf>
         <wf lemma="heaolu" pos="X">heaolu</wf>
         <wf lemma="." pos="X">.</wf>
         <wf lemma="Piirkonnas" pos="X">Piirkonnas</wf>
         <wf lemma="valitseb" pos="X">valitseb</wf>
         <wf lemma="üldine" pos="X">üldine</wf>
         <wf lemma="vaesus" pos="X">vaesus</wf>
         <wf lemma="." pos="X">.</wf>
      </sentence>
      <sentence id="d000.s229" source="wordnet-estonian">
         <wf lemma="Ole" pos="X">Ole</wf>
         <wf lemma="päris" pos="X">päris</wf>
         <instance id="d000.s229.t000" lemma="kindel" pos="ADJ">kindel</instance>
         <wf lemma="," pos="X">,</wf>
         <wf lemma="midagi" pos="X">midagi</wf>
         <wf lemma="ei" pos="X">ei</wf>
         <wf lemma="juhtu" pos="X">juhtu</wf>
         <wf lemma="!" pos="X">!</wf>
         <wf lemma="Ma" pos="X">Ma</wf>
         <wf lemma="ei" pos="X">ei</wf>
         <wf lemma="ole" pos="X">ole</wf>
         <wf lemma="kindel" pos="X">kindel</wf>
         <wf lemma="," pos="X">,</wf>
         <wf lemma="kas" pos="X">kas</wf>
         <wf lemma="ma" pos="X">ma</wf>
         <wf lemma="õigesti" pos="X">õigesti</wf>
         <wf lemma="tegin" pos="X">tegin</wf>
         <wf lemma="." pos="X">.</wf>
      </sentence>
      <sentence id="d000.s230" source="wordnet-estonian">
         <wf lemma="Vannivee" pos="X">Vannivee</wf>
         <wf lemma="sobiv" pos="X">sobiv</wf>
         <instance id="d000.s230.t000" lemma="temperatuur" pos="NOUN">temperatuur</instance>
         <wf lemma="on" pos="X">on</wf>
         <wf lemma="35°" pos="X">35°</wf>
         <wf lemma="(" pos="X">(</wf>
         <wf lemma="EKSS" pos="X">EKSS</wf>
         <wf lemma=")" pos="X">)</wf>
         <wf lemma="." pos="X">.</wf>
      </sentence>
      <sentence id="d000.s231" source="wordnet-estonian">
         <wf lemma="Surmamõistetu" pos="X">Surmamõistetu</wf>
         <wf lemma="palus" pos="X">palus</wf>
         <instance id="d000.s231.t000" lemma="arm" pos="NOUN">armu</instance>
         <wf lemma="." pos="X">.</wf>
      </sentence>
      <sentence id="d000.s232" source="wordnet-estonian">
         <wf lemma="Meil" pos="X">Meil</wf>
         <wf lemma="on" pos="X">on</wf>
         <wf lemma="leplikud" pos="X">leplikud</wf>
         <wf lemma="elanikud" pos="X">elanikud</wf>
         <wf lemma="ja" pos="X">ja</wf>
         <wf lemma="majas" pos="X">majas</wf>
         <wf lemma="valitseb" pos="X">valitseb</wf>
         <instance id="d000.s232.t000" lemma="rahu" pos="NOUN">rahu</instance>
         <wf lemma="." pos="X">.</wf>
      </sentence>
      <sentence id="d000.s233" source="wordnet-estonian">
         <wf lemma="Geograafilised" pos="X">Geograafilised</wf>
         <wf lemma="," pos="X">,</wf>
         <wf lemma="ökoloogilised" pos="X">ökoloogilised</wf>
         <instance id="d000.s233.t000" lemma="rass" pos="NOUN">rassid</instance>
         <wf lemma="." pos="X">.</wf>
         <wf lemma="Süüria" pos="X">Süüria</wf>
         <wf lemma="," pos="X">,</wf>
         <wf lemma="tiibeti" pos="X">tiibeti</wf>
         <wf lemma="rassi" pos="X">rassi</wf>
         <wf lemma="pruunkarud" pos="X">pruunkarud</wf>
         <wf lemma="." pos="X">.</wf>
      </sentence>
      <sentence id="d000.s234" source="wordnet-estonian">
         <wf lemma="Uni" pos="X">Uni</wf>
         <wf lemma="," pos="X">,</wf>
         <wf lemma="isu" pos="X">isu</wf>
         <wf lemma="," pos="X">,</wf>
         <wf lemma="elurõõm" pos="X">elurõõm</wf>
         <wf lemma="on" pos="X">on</wf>
         <instance id="d000.s234.t000" lemma="kaduma" pos="VERB">kadunud</instance>
         <wf lemma="." pos="X">.</wf>
         <wf lemma="Jõud" pos="X">Jõud</wf>
         <wf lemma="kadus" pos="X">kadus</wf>
         <wf lemma="kätest" pos="X">kätest</wf>
         <wf lemma="ja" pos="X">ja</wf>
         <wf lemma="jalgadest" pos="X">jalgadest</wf>
         <wf lemma="." pos="X">.</wf>
      </sentence>
      <sentence id="d000.s235" source="wordnet-estonian">
         <wf lemma="Andis" pos="X">Andis</wf>
         <wf lemma="sõiduriistale" pos="X">sõiduriistale</wf>
         <instance id="d000.s235.t000" lemma="hoog" pos="NOUN">hoogu</instance>
         <wf lemma="juurde" pos="X">juurde</wf>
         <wf lemma="." pos="X">.</wf>
      </sentence>
      <sentence id="d000.s236" source="wordnet-estonian">
         <wf lemma="Ma" pos="X">Ma</wf>
         <wf lemma="ei" pos="X">ei</wf>
         <wf lemma="tule" pos="X">tule</wf>
         <wf lemma="siia" pos="X">siia</wf>
         <wf lemma="enam" pos="X">enam</wf>
         <instance id="d000.s236.t000" lemma="iial" pos="ADV">iial</instance>
         <wf lemma="tagasi" pos="X">tagasi</wf>
         <wf lemma="!" pos="X">!</wf>
      </sentence>
      <sentence id="d000.s237" source="wordnet-estonian">
         <wf lemma="Arst" pos="X">Arst</wf>
         <wf lemma="kirjutas" pos="X">kirjutas</wf>
         <instance id="d000.s237.t000" lemma="retsept" pos="NOUN">retsepti</instance>
         <wf lemma="." pos="X">.</wf>
         <wf lemma="Retseptiga" pos="X">Retseptiga</wf>
         <wf lemma="tuleb" pos="X">tuleb</wf>
         <wf lemma="minna" pos="X">minna</wf>
         <wf lemma="apteeki" pos="X">apteeki</wf>
         <wf lemma="." pos="X">.</wf>
         <wf lemma="Mõnd" pos="X">Mõnd</wf>
         <wf lemma="ravimit" pos="X">ravimit</wf>
         <wf lemma="saab" pos="X">saab</wf>
         <wf lemma="(" pos="X">(</wf>
         <wf lemma="ilma" pos="X">ilma</wf>
         <wf lemma=")" pos="X">)</wf>
         <wf lemma="retseptita" pos="X">retseptita</wf>
         <wf lemma="," pos="X">,</wf>
         <wf lemma="mõnd" pos="X">mõnd</wf>
         <wf lemma="ainult" pos="X">ainult</wf>
         <wf lemma="retseptiga" pos="X">retseptiga</wf>
         <wf lemma="." pos="X">.</wf>
      </sentence>
      <sentence id="d000.s238" source="wordnet-estonian">
         <wf lemma="Matemaatiliste" pos="X">Matemaatiliste</wf>
         <instance id="d000.s238.t000" lemma="meetod" pos="NOUN">meetodite</instance>
         <wf lemma="jõudmine" pos="X">jõudmine</wf>
         <wf lemma="loodusteadustesse" pos="X">loodusteadustesse</wf>
         <wf lemma="kõigutas" pos="X">kõigutas</wf>
         <wf lemma="paljusid" pos="X">paljusid</wf>
         <wf lemma="põhitõdesid" pos="X">põhitõdesid</wf>
         <wf lemma="." pos="X">.</wf>
      </sentence>
      <sentence id="d000.s239" source="wordnet-estonian">
         <wf lemma="Professori" pos="X">Professori</wf>
         <instance id="d000.s239.t000" lemma="teooria" pos="NOUN">teooria</instance>
         <wf lemma="tõi" pos="X">tõi</wf>
         <wf lemma="talle" pos="X">talle</wf>
         <wf lemma="ülemaailmse" pos="X">ülemaailmse</wf>
         <wf lemma="kuulsuse" pos="X">kuulsuse</wf>
         <wf lemma="." pos="X">.</wf>
      </sentence>
      <sentence id="d000.s240" source="wordnet-estonian">
         <wf lemma="Jasmiinide" pos="X">Jasmiinide</wf>
         <instance id="d000.s240.t000" lemma="aroom" pos="NOUN">aroomist</instance>
         <wf lemma="küllastatud" pos="X">küllastatud</wf>
         <wf lemma="aed" pos="X">aed</wf>
         <wf lemma="." pos="X">.</wf>
         <wf lemma="Veidi" pos="X">Veidi</wf>
         <wf lemma="mõrkja" pos="X">mõrkja</wf>
         <wf lemma="aroomiga" pos="X">aroomiga</wf>
         <wf lemma="juust" pos="X">juust</wf>
         <wf lemma="." pos="X">.</wf>
      </sentence>
      <sentence id="d000.s241" source="wordnet-estonian">
         <wf lemma="Korravalvuritel" pos="X">Korravalvuritel</wf>
         <wf lemma="oli" pos="X">oli</wf>
         <instance id="d000.s241.t000" lemma="lint" pos="NOUN">lint</instance>
         <wf lemma="ümber" pos="X">ümber</wf>
         <wf lemma="käise" pos="X">käise</wf>
         <wf lemma="." pos="X">.</wf>
         <wf lemma="Haridusminister" pos="X">Haridusminister</wf>
         <wf lemma="lõikas" pos="X">lõikas</wf>
         <wf lemma="lindi" pos="X">lindi</wf>
         <wf lemma="läbi" pos="X">läbi</wf>
         <wf lemma="ning" pos="X">ning</wf>
         <wf lemma="avas" pos="X">avas</wf>
         <wf lemma="uue" pos="X">uue</wf>
         <wf lemma="koolimaja" pos="X">koolimaja</wf>
         <wf lemma="." pos="X">.</wf>
      </sentence>
      <sentence id="d000.s242" source="wordnet-estonian">
         <wf lemma="Tallinna" pos="X">Tallinna</wf>
         <instance id="d000.s242.t000" lemma="konservatoorium" pos="NOUN">Konservatoorium</instance>
         <wf lemma="." pos="X">.</wf>
         <wf lemma="Konservatooriumi" pos="X">Konservatooriumi</wf>
         <wf lemma="õppejõud" pos="X">õppejõud</wf>
         <wf lemma="," pos="X">,</wf>
         <wf lemma="üliõpilased" pos="X">üliõpilased</wf>
         <wf lemma="." pos="X">.</wf>
         <wf lemma="Noormees" pos="X">Noormees</wf>
         <wf lemma="astus" pos="X">astus</wf>
         <wf lemma="konservatooriumi" pos="X">konservatooriumi</wf>
         <wf lemma="," pos="X">,</wf>
         <wf lemma="õpib" pos="X">õpib</wf>
         <wf lemma="konservatooriumis" pos="X">konservatooriumis</wf>
         <wf lemma="." pos="X">.</wf>
      </sentence>
      <sentence id="d000.s243" source="wordnet-estonian">
         <wf lemma="Lõpuks" pos="X">Lõpuks</wf>
         <wf lemma="on" pos="X">on</wf>
         <wf lemma="ka" pos="X">ka</wf>
         <wf lemma="igal" pos="X">igal</wf>
         <wf lemma="kannatusel" pos="X">kannatusel</wf>
         <instance id="d000.s243.t000" lemma="piir" pos="NOUN">piir</instance>
         <wf lemma="." pos="X">.</wf>
         <wf lemma="Te" pos="X">Te</wf>
         <wf lemma="lähete" pos="X">lähete</wf>
         <wf lemma="üle" pos="X">üle</wf>
         <wf lemma="viisakuse" pos="X">viisakuse</wf>
         <wf lemma="piiride" pos="X">piiride</wf>
         <wf lemma="." pos="X">.</wf>
      </sentence>
      <sentence id="d000.s244" source="wordnet-estonian">
         <wf lemma="Käisin" pos="X">Käisin</wf>
         <instance id="d000.s244.t000" lemma="apteek" pos="NOUN">apteegist</instance>
         <wf lemma="rohtu" pos="X">rohtu</wf>
         <wf lemma="toomas" pos="X">toomas</wf>
         <wf lemma="." pos="X">.</wf>
      </sentence>
      <sentence id="d000.s245" source="wordnet-estonian">
         <wf lemma="Taimne" pos="X">Taimne</wf>
         <wf lemma="," pos="X">,</wf>
         <wf lemma="loomne" pos="X">loomne</wf>
         <instance id="d000.s245.t000" lemma="plankton" pos="NOUN">plankton</instance>
         <wf lemma="." pos="X">.</wf>
         <wf lemma="Pelaagiline" pos="X">Pelaagiline</wf>
         <wf lemma="plankton" pos="X">plankton</wf>
         <wf lemma="." pos="X">.</wf>
         <wf lemma="Kalamaimud" pos="X">Kalamaimud</wf>
         <wf lemma="toituvad" pos="X">toituvad</wf>
         <wf lemma="planktonist" pos="X">planktonist</wf>
         <wf lemma="." pos="X">.</wf>
      </sentence>
      <sentence id="d000.s246" source="wordnet-estonian">
         <instance id="d000.s246.t000" lemma="kaitse" pos="NOUN">Kaitset</instance>
         <wf lemma="vajavad" pos="X">vajavad</wf>
         <wf lemma="looma-" pos="X">looma-</wf>
         <wf lemma="ja" pos="X">ja</wf>
         <wf lemma="taimeliigid" pos="X">taimeliigid</wf>
         <wf lemma="." pos="X">.</wf>
      </sentence>
      <sentence id="d000.s247" source="wordnet-estonian">
         <wf lemma="Korraldasime" pos="X">Korraldasime</wf>
         <instance id="d000.s247.t000" lemma="piknik" pos="NOUN">piknikuid</instance>
         <wf lemma="linnalähedases" pos="X">linnalähedases</wf>
         <wf lemma="metsas" pos="X">metsas</wf>
         <wf lemma="." pos="X">.</wf>
      </sentence>
      <sentence id="d000.s248" source="wordnet-estonian">
         <wf lemma="Laev" pos="X">Laev</wf>
         <wf lemma="hoidis" pos="X">hoidis</wf>
         <wf lemma="majaka" pos="X">majaka</wf>
         <instance id="d000.s248.t000" lemma="liin" pos="NOUN">liini</instance>
         <wf lemma="." pos="X">.</wf>
      </sentence>
      <sentence id="d000.s249" source="wordnet-estonian">
         <wf lemma="Hinges" pos="X">Hinges</wf>
         <wf lemma="kees" pos="X">kees</wf>
         <instance id="d000.s249.t000" lemma="kahtlus" pos="NOUN">kahtlus</instance>
         <wf lemma=":" pos="X">:</wf>
         <wf lemma="kas" pos="X">kas</wf>
         <wf lemma="minna" pos="X">minna</wf>
         <wf lemma="või" pos="X">või</wf>
         <wf lemma="mitte" pos="X">mitte</wf>
         <wf lemma="(" pos="X">(</wf>
         <wf lemma="EKSS" pos="X">EKSS</wf>
         <wf lemma=")" pos="X">)</wf>
         <wf lemma="." pos="X">.</wf>
      </sentence>
      <sentence id="d000.s250" source="wordnet-estonian">
         <wf lemma="Kannab" pos="X">Kannab</wf>
         <wf lemma="sooja" pos="X">sooja</wf>
         <wf lemma="kuiva" pos="X">kuiva</wf>
         <wf lemma="ilmaga" pos="X">ilmaga</wf>
         <instance id="d000.s250.t000" lemma="sandaal" pos="NOUN">sandaale</instance>
         <wf lemma="." pos="X">.</wf>
      </sentence>
      <sentence id="d000.s251" source="wordnet-estonian">
         <wf lemma="Kas" pos="X">Kas</wf>
         <wf lemma="teie" pos="X">teie</wf>
         <wf lemma="ei" pos="X">ei</wf>
         <instance id="d000.s251.t000" lemma="leidma" pos="VERB">leia</instance>
         <wf lemma="," pos="X">,</wf>
         <wf lemma="et." pos="X">et.</wf>
         <wf lemma="." pos="X">.</wf>
         <wf lemma="." pos="X">.</wf>
      </sentence>
      <sentence id="d000.s252" source="wordnet-estonian">
         <wf lemma="Tütre" pos="X">Tütre</wf>
         <instance id="d000.s252.t000" lemma="kosilane" pos="NOUN">kosilased</instance>
         <wf lemma="." pos="X">.</wf>
         <wf lemma="Auväärne" pos="X">Auväärne</wf>
         <wf lemma="," pos="X">,</wf>
         <wf lemma="rikas" pos="X">rikas</wf>
         <wf lemma="," pos="X">,</wf>
         <wf lemma="vaene" pos="X">vaene</wf>
         <wf lemma="kosilane" pos="X">kosilane</wf>
         <wf lemma="." pos="X">.</wf>
         <wf lemma="Neiule" pos="X">Neiule</wf>
         <wf lemma="tulid" pos="X">tulid</wf>
         <wf lemma="kolmed" pos="X">kolmed</wf>
         <wf lemma="kosilased" pos="X">kosilased</wf>
         <wf lemma="." pos="X">.</wf>
         <wf lemma="Viiu" pos="X">Viiu</wf>
         <wf lemma="saatis" pos="X">saatis</wf>
         <wf lemma="kõik" pos="X">kõik</wf>
         <wf lemma="kosilased" pos="X">kosilased</wf>
         <wf lemma="tagasi" pos="X">tagasi</wf>
         <wf lemma="." pos="X">.</wf>
         <wf lemma="Kosilasi" pos="X">Kosilasi</wf>
         <wf lemma="käib" pos="X">käib</wf>
         <wf lemma="lähedalt" pos="X">lähedalt</wf>
         <wf lemma="ja" pos="X">ja</wf>
         <wf lemma="kaugelt" pos="X">kaugelt</wf>
         <wf lemma="." pos="X">.</wf>
         <wf lemma="Kosilase" pos="X">Kosilase</wf>
         <wf lemma="viinad" pos="X">viinad</wf>
         <wf lemma="võeti" pos="X">võeti</wf>
         <wf lemma="vastu" pos="X">vastu</wf>
         <wf lemma="," pos="X">,</wf>
         <wf lemma="saadeti" pos="X">saadeti</wf>
         <wf lemma="tagasi" pos="X">tagasi</wf>
         <wf lemma="." pos="X">.</wf>
         <wf lemma="Ta" pos="X">Ta</wf>
         <wf lemma="oli" pos="X">oli</wf>
         <wf lemma="paarile" pos="X">paarile</wf>
         <wf lemma="kosilasele" pos="X">kosilasele</wf>
         <wf lemma="korvi" pos="X">korvi</wf>
         <wf lemma="andnud" pos="X">andnud</wf>
         <wf lemma="." pos="X">.</wf>
         <wf lemma="Kosilane" pos="X">Kosilane</wf>
         <wf lemma="kuri" pos="X">kuri</wf>
         <wf lemma="kuulama" pos="X">kuulama</wf>
         <wf lemma="," pos="X">,</wf>
         <wf lemma="mõrsja" pos="X">mõrsja</wf>
         <wf lemma="vali" pos="X">vali</wf>
         <wf lemma="varjama" pos="X">varjama</wf>
         <wf lemma="." pos="X">.</wf>
         <wf lemma="Vs." pos="X">Vs.</wf>
      </sentence>
      <sentence id="d000.s253" source="wordnet-estonian">
         <wf lemma="Meie" pos="X">Meie</wf>
         <instance id="d000.s253.t000" lemma="naaber" pos="NOUN">naabrid</instance>
         <wf lemma="kõrvalt" pos="X">kõrvalt</wf>
         <wf lemma="," pos="X">,</wf>
         <wf lemma="vastaskorterist" pos="X">vastaskorterist</wf>
         <wf lemma="," pos="X">,</wf>
         <wf lemma="meie" pos="X">meie</wf>
         <wf lemma="(" pos="X">(</wf>
         <wf lemma="korteri" pos="X">korteri</wf>
         <wf lemma=")" pos="X">)</wf>
         <wf lemma="peal" pos="X">peal</wf>
         <wf lemma="," pos="X">,</wf>
         <wf lemma="all" pos="X">all</wf>
         <wf lemma="asuvast" pos="X">asuvast</wf>
         <wf lemma="korterist" pos="X">korterist</wf>
         <wf lemma="." pos="X">.</wf>
         <wf lemma="Kõrvuti" pos="X">Kõrvuti</wf>
         <wf lemma="kruntide" pos="X">kruntide</wf>
         <wf lemma="kaudu" pos="X">kaudu</wf>
         <wf lemma="saime" pos="X">saime</wf>
         <wf lemma="naabriteks" pos="X">naabriteks</wf>
         <wf lemma="," pos="X">,</wf>
         <wf lemma="üleaedseteks" pos="X">üleaedseteks</wf>
         <wf lemma="," pos="X">,</wf>
         <wf lemma="oleme" pos="X">oleme</wf>
         <wf lemma="naabrid" pos="X">naabrid</wf>
         <wf lemma="," pos="X">,</wf>
         <wf lemma="piirimehed" pos="X">piirimehed</wf>
         <wf lemma="," pos="X">,</wf>
         <wf lemma="üleaedsed" pos="X">üleaedsed</wf>
         <wf lemma="." pos="X">.</wf>
         <wf lemma="Kutsusime" pos="X">Kutsusime</wf>
         <wf lemma="soolaleivapeole" pos="X">soolaleivapeole</wf>
         <wf lemma="kõik" pos="X">kõik</wf>
         <wf lemma="üle" pos="X">üle</wf>
         <wf lemma="aia" pos="X">aia</wf>
         <wf lemma="naabrid" pos="X">naabrid</wf>
         <wf lemma="," pos="X">,</wf>
         <wf lemma="üle" pos="X">üle</wf>
         <wf lemma="tee" pos="X">tee</wf>
         <wf lemma="naabrid" pos="X">naabrid</wf>
         <wf lemma="ja" pos="X">ja</wf>
         <wf lemma="nurkapidi" pos="X">nurkapidi</wf>
         <wf lemma="naabrid" pos="X">naabrid</wf>
         <wf lemma="." pos="X">.</wf>
      </sentence>
      <sentence id="d000.s254" source="wordnet-estonian">
         <wf lemma="Seintel" pos="X">Seintel</wf>
         <wf lemma="ripuvad" pos="X">ripuvad</wf>
         <instance id="d000.s254.t000" lemma="maal" pos="NOUN">maalid</instance>
         <wf lemma="(" pos="X">(</wf>
         <wf lemma="EKSS" pos="X">EKSS</wf>
         <wf lemma=")" pos="X">)</wf>
         <wf lemma="." pos="X">.</wf>
      </sentence>
      <sentence id="d000.s255" source="wordnet-estonian">
         <wf lemma="Töötas" pos="X">Töötas</wf>
         <wf lemma="suure" pos="X">suure</wf>
         <wf lemma="riideäri" pos="X">riideäri</wf>
         <instance id="d000.s255.t000" lemma="kontor" pos="NOUN">kontoris</instance>
         <wf lemma="arveametnikuna" pos="X">arveametnikuna</wf>
         <wf lemma="." pos="X">.</wf>
      </sentence>
      <sentence id="d000.s256" source="wordnet-estonian">
         <wf lemma="Oma" pos="X">Oma</wf>
         <wf lemma="isanda" pos="X">isanda</wf>
         <wf lemma="truu" pos="X">truu</wf>
         <instance id="d000.s256.t000" lemma="teener" pos="NOUN">teener</instance>
         <wf lemma="." pos="X">.</wf>
         <wf lemma="Vürsti" pos="X">Vürsti</wf>
         <wf lemma="," pos="X">,</wf>
         <wf lemma="bürgermeistri" pos="X">bürgermeistri</wf>
         <wf lemma="teener" pos="X">teener</wf>
         <wf lemma="." pos="X">.</wf>
         <wf lemma="Kutsar" pos="X">Kutsar</wf>
         <wf lemma="," pos="X">,</wf>
         <wf lemma="kokk" pos="X">kokk</wf>
         <wf lemma="ja" pos="X">ja</wf>
         <wf lemma="toapoiss" pos="X">toapoiss</wf>
         <wf lemma="–" pos="X">–</wf>
         <wf lemma="kõik" pos="X">kõik</wf>
         <wf lemma="on" pos="X">on</wf>
         <wf lemma="mõisahärra" pos="X">mõisahärra</wf>
         <wf lemma="teenrid" pos="X">teenrid</wf>
         <wf lemma="." pos="X">.</wf>
         <wf lemma="(" pos="X">(</wf>
         <wf lemma="EKSS" pos="X">EKSS</wf>
         <wf lemma=")" pos="X">)</wf>
         <wf lemma="." pos="X">.</wf>
      </sentence>
      <sentence id="d000.s257" source="wordnet-estonian">
         <wf lemma="Raamatut" pos="X">Raamatut</wf>
         <wf lemma="," pos="X">,</wf>
         <wf lemma="ajakirja" pos="X">ajakirja</wf>
         <instance id="d000.s257.t000" lemma="köitma" pos="VERB">köitma</instance>
         <wf lemma="(" pos="X">(</wf>
         <wf lemma="EKSS" pos="X">EKSS</wf>
         <wf lemma=")" pos="X">)</wf>
         <wf lemma="." pos="X">.</wf>
      </sentence>
      <sentence id="d000.s258" source="wordnet-estonian">
         <wf lemma="Õpilased" pos="X">Õpilased</wf>
         <wf lemma="jõudsid" pos="X">jõudsid</wf>
         <wf lemma="kooli" pos="X">kooli</wf>
         <wf lemma="veidi" pos="X">veidi</wf>
         <wf lemma="enne" pos="X">enne</wf>
         <instance id="d000.s258.t000" lemma="kell" pos="NOUN">kella</instance>
         <wf lemma="(" pos="X">(</wf>
         <wf lemma="EKSS" pos="X">EKSS</wf>
         <wf lemma=")" pos="X">)</wf>
         <wf lemma="." pos="X">.</wf>
      </sentence>
      <sentence id="d000.s259" source="wordnet-estonian">
         <wf lemma="Teatris" pos="X">Teatris</wf>
         <wf lemma="käiakse" pos="X">käiakse</wf>
         <wf lemma="palju" pos="X">palju</wf>
         <wf lemma="," pos="X">,</wf>
         <instance id="d000.s259.t000" lemma="saal" pos="NOUN">saal</instance>
         <wf lemma="on" pos="X">on</wf>
         <wf lemma="alati" pos="X">alati</wf>
         <wf lemma="välja" pos="X">välja</wf>
         <wf lemma="müüdud" pos="X">müüdud</wf>
         <wf lemma="(" pos="X">(</wf>
         <wf lemma="EKSS" pos="X">EKSS</wf>
         <wf lemma=")" pos="X">)</wf>
         <wf lemma="." pos="X">.</wf>
      </sentence>
      <sentence id="d000.s260" source="wordnet-estonian">
         <wf lemma="Sinu" pos="X">Sinu</wf>
         <wf lemma="ilme" pos="X">ilme</wf>
         <instance id="d000.s260.t000" lemma="reetma" pos="VERB">reedab</instance>
         <wf lemma="," pos="X">,</wf>
         <wf lemma="et" pos="X">et</wf>
         <wf lemma="sa" pos="X">sa</wf>
         <wf lemma="ei" pos="X">ei</wf>
         <wf lemma="räägi" pos="X">räägi</wf>
         <wf lemma="õigust" pos="X">õigust</wf>
         <wf lemma="." pos="X">.</wf>
      </sentence>
      <sentence id="d000.s261" source="wordnet-estonian">
         <wf lemma="Ta" pos="X">Ta</wf>
         <wf lemma="taotleb" pos="X">taotleb</wf>
         <wf lemma="enamasti" pos="X">enamasti</wf>
         <wf lemma="primitiivsust" pos="X">primitiivsust</wf>
         <wf lemma="," pos="X">,</wf>
         <instance id="d000.s261.t000" lemma="võikus" pos="NOUN">võikust</instance>
         <wf lemma="ja" pos="X">ja</wf>
         <wf lemma="rõhutatult" pos="X">rõhutatult</wf>
         <wf lemma="inetut" pos="X">inetut</wf>
         <wf lemma="." pos="X">.</wf>
      </sentence>
      <sentence id="d000.s262" source="wordnet-estonian">
         <wf lemma="Saab" pos="X">Saab</wf>
         <wf lemma="näha" pos="X">näha</wf>
         <wf lemma="," pos="X">,</wf>
         <wf lemma="kuidas" pos="X">kuidas</wf>
         <wf lemma="ta" pos="X">ta</wf>
         <wf lemma="elujärg" pos="X">elujärg</wf>
         <wf lemma="uuel" pos="X">uuel</wf>
         <wf lemma="kohal" pos="X">kohal</wf>
         <instance id="d000.s262.t000" lemma="jooksma" pos="VERB">jooksma</instance>
         <wf lemma="hakkab" pos="X">hakkab</wf>
         <wf lemma="." pos="X">.</wf>
      </sentence>
      <sentence id="d000.s263" source="wordnet-estonian">
         <wf lemma="Mees" pos="X">Mees</wf>
         <wf lemma="oli" pos="X">oli</wf>
         <instance id="d000.s263.t000" lemma="ilmselt" pos="ADV">ilmselt</instance>
         <wf lemma="väsinud" pos="X">väsinud</wf>
         <wf lemma="." pos="X">.</wf>
         <wf lemma="(" pos="X">(</wf>
         <wf lemma="EKSS" pos="X">EKSS</wf>
         <wf lemma=")" pos="X">)</wf>
         <wf lemma="." pos="X">.</wf>
      </sentence>
      <sentence id="d000.s264" source="wordnet-estonian">
         <wf lemma="Mitu" pos="X">Mitu</wf>
         <instance id="d000.s264.t000" lemma="lüli" pos="NOUN">lüli</instance>
         <wf lemma="on" pos="X">on</wf>
         <wf lemma="sõrmel" pos="X">sõrmel</wf>
         <wf lemma="," pos="X">,</wf>
         <wf lemma="varbal" pos="X">varbal</wf>
         <wf lemma="?" pos="X">?</wf>
      </sentence>
      <sentence id="d000.s265" source="wordnet-estonian">
         <wf lemma="Vaatamata" pos="X">Vaatamata</wf>
         <wf lemma="oma" pos="X">oma</wf>
         <wf lemma="kõrgele" pos="X">kõrgele</wf>
         <wf lemma="eale" pos="X">eale</wf>
         <wf lemma="," pos="X">,</wf>
         <wf lemma="on" pos="X">on</wf>
         <wf lemma="ta" pos="X">ta</wf>
         <wf lemma="endiselt" pos="X">endiselt</wf>
         <wf lemma="oma" pos="X">oma</wf>
         <wf lemma="tööpostil" pos="X">tööpostil</wf>
         <instance id="d000.s265.t000" lemma="tegev" pos="ADJ">tegev</instance>
         <wf lemma="." pos="X">.</wf>
      </sentence>
      <sentence id="d000.s266" source="wordnet-estonian">
         <wf lemma="Kõige" pos="X">Kõige</wf>
         <wf lemma="rohkem" pos="X">rohkem</wf>
         <wf lemma="oli" pos="X">oli</wf>
         <wf lemma="eksimusi" pos="X">eksimusi</wf>
         <instance id="d000.s266.t000" lemma="interpunktsioon" pos="NOUN">interpunktsioonis</instance>
         <wf lemma="." pos="X">.</wf>
      </sentence>
      <sentence id="d000.s267" source="wordnet-estonian">
         <wf lemma="Üks" pos="X">Üks</wf>
         <instance id="d000.s267.t000" lemma="paar" pos="NOUN">paar</instance>
         <wf lemma="suudles" pos="X">suudles</wf>
         <wf lemma="pargipingil" pos="X">pargipingil</wf>
         <wf lemma="." pos="X">.</wf>
         <wf lemma="Pühapäeval" pos="X">Pühapäeval</wf>
         <wf lemma="oli" pos="X">oli</wf>
         <wf lemma="laulatusel" pos="X">laulatusel</wf>
         <wf lemma="kolm" pos="X">kolm</wf>
         <wf lemma="paari" pos="X">paari</wf>
         <wf lemma="." pos="X">.</wf>
      </sentence>
      <sentence id="d000.s268" source="wordnet-estonian">
         <wf lemma="Tugeva" pos="X">Tugeva</wf>
         <instance id="d000.s268.t000" lemma="ehitus" pos="NOUN">ehitusega</instance>
         <wf lemma="sild" pos="X">sild</wf>
         <wf lemma="." pos="X">.</wf>
      </sentence>
      <sentence id="d000.s269" source="wordnet-estonian">
         <wf lemma="Lõpetas" pos="X">Lõpetas</wf>
         <wf lemma="konservatooriumi" pos="X">konservatooriumi</wf>
         <instance id="d000.s269.t000" lemma="kontrabass" pos="NOUN">kontrabassi</instance>
         <wf lemma="erialal" pos="X">erialal</wf>
         <wf lemma="." pos="X">.</wf>
      </sentence>
      <sentence id="d000.s270" source="wordnet-estonian">
         <wf lemma="Aatomituumade" pos="X">Aatomituumade</wf>
         <instance id="d000.s270.t000" lemma="plahvatus" pos="NOUN">plahvatused</instance>
         <wf lemma="." pos="X">.</wf>
      </sentence>
      <sentence id="d000.s271" source="wordnet-estonian">
         <wf lemma="Aktiivsüsi" pos="X">Aktiivsüsi</wf>
         <wf lemma="on" pos="X">on</wf>
         <wf lemma="hea" pos="X">hea</wf>
         <instance id="d000.s271.t000" lemma="adsorbent" pos="NOUN">adsorbent</instance>
         <wf lemma="." pos="X">.</wf>
      </sentence>
      <sentence id="d000.s272" source="wordnet-estonian">
         <wf lemma="Ta" pos="X">Ta</wf>
         <wf lemma="ei" pos="X">ei</wf>
         <wf lemma="ole" pos="X">ole</wf>
         <wf lemma="eestlane" pos="X">eestlane</wf>
         <wf lemma="," pos="X">,</wf>
         <wf lemma="tal" pos="X">tal</wf>
         <wf lemma="on" pos="X">on</wf>
         <wf lemma="võõrapärane" pos="X">võõrapärane</wf>
         <instance id="d000.s272.t000" lemma="hääldus" pos="NOUN">hääldus</instance>
         <wf lemma="." pos="X">.</wf>
      </sentence>
      <sentence id="d000.s273" source="wordnet-estonian">
         <wf lemma="Mungad" pos="X">Mungad</wf>
         <wf lemma="," pos="X">,</wf>
         <wf lemma="eremiidid" pos="X">eremiidid</wf>
         <wf lemma="elasid" pos="X">elasid</wf>
         <instance id="d000.s273.t000" lemma="askees" pos="NOUN">askeesis</instance>
         <wf lemma="." pos="X">.</wf>
      </sentence>
      <sentence id="d000.s274" source="wordnet-estonian">
         <wf lemma="Materjali" pos="X">Materjali</wf>
         <wf lemma="loomulik" pos="X">loomulik</wf>
         <wf lemma="," pos="X">,</wf>
         <wf lemma="otsene" pos="X">otsene</wf>
         <instance id="d000.s274.t000" lemma="kadu" pos="NOUN">kadu</instance>
         <wf lemma="." pos="X">.</wf>
      </sentence>
      <sentence id="d000.s275" source="wordnet-estonian">
         <wf lemma="Laotasin" pos="X">Laotasin</wf>
         <wf lemma="kaardi" pos="X">kaardi</wf>
         <instance id="d000.s275.t000" lemma="laud" pos="NOUN">lauale</instance>
         <wf lemma="." pos="X">.</wf>
      </sentence>
      <sentence id="d000.s276" source="wordnet-estonian">
         <wf lemma="Palun" pos="X">Palun</wf>
         <instance id="d000.s276.t000" lemma="kirjutama" pos="VERB">kirjuta</instance>
         <wf lemma="mulle" pos="X">mulle</wf>
         <wf lemma="iga" pos="X">iga</wf>
         <wf lemma="nädal" pos="X">nädal</wf>
         <wf lemma="!" pos="X">!</wf>
      </sentence>
      <sentence id="d000.s277" source="wordnet-estonian">
         <wf lemma="Kapten" pos="X">Kapten</wf>
         <wf lemma="rikastunud" pos="X">rikastunud</wf>
         <instance id="d000.s277.t000" lemma="piraatlus" pos="NOUN">piraatlusest</instance>
         <wf lemma="." pos="X">.</wf>
         <wf lemma="(" pos="X">(</wf>
         <wf lemma="EKSS" pos="X">EKSS</wf>
         <wf lemma=")" pos="X">)</wf>
         <wf lemma="." pos="X">.</wf>
      </sentence>
      <sentence id="d000.s278" source="wordnet-estonian">
         <wf lemma="Raudjas" pos="X">Raudjas</wf>
         <wf lemma="," pos="X">,</wf>
         <wf lemma="kõrb" pos="X">kõrb</wf>
         <wf lemma="," pos="X">,</wf>
         <wf lemma="hall" pos="X">hall</wf>
         <wf lemma="," pos="X">,</wf>
         <wf lemma="valge" pos="X">valge</wf>
         <wf lemma="," pos="X">,</wf>
         <wf lemma="lauk" pos="X">lauk</wf>
         <wf lemma="," pos="X">,</wf>
         <wf lemma="segatõugu" pos="X">segatõugu</wf>
         <wf lemma="," pos="X">,</wf>
         <wf lemma="vaga" pos="X">vaga</wf>
         <wf lemma="," pos="X">,</wf>
         <wf lemma="vagur" pos="X">vagur</wf>
         <instance id="d000.s278.t000" lemma="ruun" pos="NOUN">ruun</instance>
         <wf lemma="." pos="X">.</wf>
         <wf lemma="Meie" pos="X">Meie</wf>
         <wf lemma="ruunal" pos="X">ruunal</wf>
         <wf lemma="on" pos="X">on</wf>
         <wf lemma="prei" pos="X">prei</wf>
         <wf lemma="," pos="X">,</wf>
         <wf lemma="ruun" pos="X">ruun</wf>
         <wf lemma="lonkab" pos="X">lonkab</wf>
         <wf lemma="." pos="X">.</wf>
         <wf lemma="Rakendas" pos="X">Rakendas</wf>
         <wf lemma="ruuna" pos="X">ruuna</wf>
         <wf lemma="vankri" pos="X">vankri</wf>
         <wf lemma="ette" pos="X">ette</wf>
         <wf lemma="." pos="X">.</wf>
         <wf lemma="*" pos="X">*</wf>
         <wf lemma=".." pos="X">..</wf>
         <wf lemma="latritest" pos="X">latritest</wf>
         <wf lemma="vaatas" pos="X">vaatas</wf>
         <wf lemma="vastu" pos="X">vastu</wf>
         <wf lemma="kolm" pos="X">kolm</wf>
         <wf lemma="hobust" pos="X">hobust</wf>
         <wf lemma=":" pos="X">:</wf>
         <wf lemma="must" pos="X">must</wf>
         <wf lemma="laukotsaga" pos="X">laukotsaga</wf>
         <wf lemma="ruun" pos="X">ruun</wf>
         <wf lemma="," pos="X">,</wf>
         <wf lemma="punane" pos="X">punane</wf>
         <wf lemma="vana" pos="X">vana</wf>
         <wf lemma="mära" pos="X">mära</wf>
         <wf lemma="ja" pos="X">ja</wf>
         <wf lemma="hall" pos="X">hall</wf>
         <wf lemma="rublatükkidega" pos="X">rublatükkidega</wf>
         <wf lemma="sälg" pos="X">sälg</wf>
         <wf lemma="." pos="X">.</wf>
         <wf lemma="(" pos="X">(</wf>
         <wf lemma="Autor" pos="X">Autor</wf>
         <wf lemma=":" pos="X">:</wf>
         <wf lemma="O." pos="X">O.</wf>
         <wf lemma="Kruus" pos="X">Kruus</wf>
         <wf lemma="." pos="X">.</wf>
         <wf lemma=")" pos="X">)</wf>
         <wf lemma="." pos="X">.</wf>
      </sentence>
      <sentence id="d000.s279" source="wordnet-estonian">
         <wf lemma="Surveseadmete" pos="X">Surveseadmete</wf>
         <wf lemma="osaks" pos="X">osaks</wf>
         <wf lemma="loetakse" pos="X">loetakse</wf>
         <wf lemma="vajaduse" pos="X">vajaduse</wf>
         <wf lemma="korral" pos="X">korral</wf>
         <wf lemma="ka" pos="X">ka</wf>
         <wf lemma="rõhu" pos="X">rõhu</wf>
         <wf lemma="all" pos="X">all</wf>
         <wf lemma="olevatele" pos="X">olevatele</wf>
         <wf lemma="seadmetele" pos="X">seadmetele</wf>
         <wf lemma="kinnitatud" pos="X">kinnitatud</wf>
         <wf lemma="osi" pos="X">osi</wf>
         <wf lemma="," pos="X">,</wf>
         <wf lemma="nagu" pos="X">nagu</wf>
         <instance id="d000.s279.t000" lemma="äärik" pos="NOUN">äärikud</instance>
         <wf lemma="," pos="X">,</wf>
         <wf lemma="üleminekud" pos="X">üleminekud</wf>
         <wf lemma="," pos="X">,</wf>
         <wf lemma="klambrid" pos="X">klambrid</wf>
         <wf lemma="," pos="X">,</wf>
         <wf lemma="tõsteaasad" pos="X">tõsteaasad</wf>
         <wf lemma="jne" pos="X">jne</wf>
         <wf lemma="." pos="X">.</wf>
      </sentence>
      <sentence id="d000.s280" source="wordnet-estonian">
         <wf lemma="Purk" pos="X">Purk</wf>
         <wf lemma="suleti" pos="X">suleti</wf>
         <wf lemma="plastmassist" pos="X">plastmassist</wf>
         <instance id="d000.s280.t000" lemma="kaas" pos="NOUN">kaanega</instance>
         <wf lemma="(" pos="X">(</wf>
         <wf lemma="EKSS" pos="X">EKSS</wf>
         <wf lemma=")" pos="X">)</wf>
         <wf lemma="." pos="X">.</wf>
      </sentence>
      <sentence id="d000.s281" source="wordnet-estonian">
         <wf lemma="Mees" pos="X">Mees</wf>
         <wf lemma="pani" pos="X">pani</wf>
         <wf lemma="jala" pos="X">jala</wf>
         <wf lemma="jalusesse" pos="X">jalusesse</wf>
         <wf lemma="ja" pos="X">ja</wf>
         <wf lemma="vinnas" pos="X">vinnas</wf>
         <wf lemma="end" pos="X">end</wf>
         <wf lemma="sadulasse" pos="X">sadulasse</wf>
         <wf lemma="." pos="X">.</wf>
         <wf lemma="Jalad" pos="X">Jalad</wf>
         <wf lemma="libisesid" pos="X">libisesid</wf>
         <instance id="d000.s281.t000" lemma="jalus" pos="NOUN">jalustest</instance>
         <wf lemma="välja" pos="X">välja</wf>
         <wf lemma="." pos="X">.</wf>
         <wf lemma="Poiss" pos="X">Poiss</wf>
         <wf lemma="kihutas" pos="X">kihutas</wf>
         <wf lemma="jalustel" pos="X">jalustel</wf>
         <wf lemma="seistes" pos="X">seistes</wf>
         <wf lemma="." pos="X">.</wf>
         <wf lemma="Vanasti" pos="X">Vanasti</wf>
         <wf lemma="tehti" pos="X">tehti</wf>
         <wf lemma="jalused" pos="X">jalused</wf>
         <wf lemma="puust" pos="X">puust</wf>
         <wf lemma="," pos="X">,</wf>
         <wf lemma="vitsast" pos="X">vitsast</wf>
         <wf lemma="või" pos="X">või</wf>
         <wf lemma="nahast" pos="X">nahast</wf>
         <wf lemma="." pos="X">.</wf>
      </sentence>
      <sentence id="d000.s282" source="wordnet-estonian">
         <wf lemma="Mida" pos="X">Mida</wf>
         <wf lemma="saame" pos="X">saame</wf>
         <wf lemma="meile" pos="X">meile</wf>
         <wf lemma="teada" pos="X">teada</wf>
         <wf lemma="olevate" pos="X">olevate</wf>
         <wf lemma="andmete" pos="X">andmete</wf>
         <wf lemma="põhjal" pos="X">põhjal</wf>
         <instance id="d000.s282.t000" lemma="järeldama" pos="VERB">järeldada</instance>
         <wf lemma="?" pos="X">?</wf>
      </sentence>
      <sentence id="d000.s283" source="wordnet-estonian">
         <wf lemma="Igal" pos="X">Igal</wf>
         <wf lemma="linnal" pos="X">linnal</wf>
         <wf lemma="on" pos="X">on</wf>
         <wf lemma="oma" pos="X">oma</wf>
         <instance id="d000.s283.t000" lemma="hing" pos="NOUN">hing</instance>
         <wf lemma="." pos="X">.</wf>
         <wf lemma="See" pos="X">See</wf>
         <wf lemma="omapärane" pos="X">omapärane</wf>
         <wf lemma="muusika" pos="X">muusika</wf>
         <wf lemma="kajastab" pos="X">kajastab</wf>
         <wf lemma="rohtlate" pos="X">rohtlate</wf>
         <wf lemma="hinge" pos="X">hinge</wf>
         <wf lemma="." pos="X">.</wf>
      </sentence>
      <sentence id="d000.s284" source="wordnet-estonian">
         <wf lemma="Tema" pos="X">Tema</wf>
         <wf lemma="huumor" pos="X">huumor</wf>
         <wf lemma="muutus" pos="X">muutus</wf>
         <wf lemma="ajuti" pos="X">ajuti</wf>
         <wf lemma="halastamatuks" pos="X">halastamatuks</wf>
         <instance id="d000.s284.t000" lemma="sarkasm" pos="NOUN">sarkasmiks</instance>
         <wf lemma="." pos="X">.</wf>
      </sentence>
      <sentence id="d000.s285" source="wordnet-estonian">
         <wf lemma="Nad" pos="X">Nad</wf>
         <wf lemma="[" pos="X">[</wf>
         <wf lemma="=" pos="X">=</wf>
         <wf lemma="trepid" pos="X">trepid</wf>
         <wf lemma="]" pos="X">]</wf>
         <wf lemma="viivad" pos="X">viivad</wf>
         <wf lemma="kongini" pos="X">kongini</wf>
         <wf lemma="," pos="X">,</wf>
         <wf lemma="kus" pos="X">kus</wf>
         <wf lemma="keegi" pos="X">keegi</wf>
         <instance id="d000.s285.t000" lemma="erak" pos="NOUN">erak</instance>
         <wf lemma="on" pos="X">on</wf>
         <wf lemma="seitse" pos="X">seitse</wf>
         <wf lemma="aastat" pos="X">aastat</wf>
         <wf lemma="elanud" pos="X">elanud</wf>
         <wf lemma="," pos="X">,</wf>
         <wf lemma="kahetsedes" pos="X">kahetsedes</wf>
         <wf lemma="pattu" pos="X">pattu</wf>
         <wf lemma="või" pos="X">või</wf>
         <wf lemma="täites" pos="X">täites</wf>
         <wf lemma="jumalale" pos="X">jumalale</wf>
         <wf lemma="antud" pos="X">antud</wf>
         <wf lemma="tõotust" pos="X">tõotust</wf>
         <wf lemma="." pos="X">.</wf>
         <wf lemma="(" pos="X">(</wf>
         <wf lemma="Autor" pos="X">Autor</wf>
         <wf lemma=":" pos="X">:</wf>
         <wf lemma="A." pos="X">A.</wf>
         <wf lemma="Kaal." pos="X">Kaal.</wf>
         <wf lemma=")" pos="X">)</wf>
         <wf lemma="." pos="X">.</wf>
      </sentence>
      <sentence id="d000.s286" source="wordnet-estonian">
         <wf lemma="Kombainid" pos="X">Kombainid</wf>
         <wf lemma="koristavad" pos="X">koristavad</wf>
         <instance id="d000.s286.t000" lemma="kaer" pos="NOUN">kaera</instance>
         <wf lemma="(" pos="X">(</wf>
         <wf lemma="EKSS" pos="X">EKSS</wf>
         <wf lemma=")" pos="X">)</wf>
         <wf lemma="." pos="X">.</wf>
      </sentence>
      <sentence id="d000.s287" source="wordnet-estonian">
         <instance id="d000.s287.t000" lemma="niisutama" pos="VERB">Niisutab</instance>
         <wf lemma="keelega" pos="X">keelega</wf>
         <wf lemma="huuli" pos="X">huuli</wf>
         <wf lemma="," pos="X">,</wf>
         <wf lemma="näppu" pos="X">näppu</wf>
         <wf lemma="suus" pos="X">suus</wf>
         <wf lemma="." pos="X">.</wf>
         <wf lemma="Pisarad" pos="X">Pisarad</wf>
         <wf lemma="niisutavad" pos="X">niisutavad</wf>
         <wf lemma="palgeid" pos="X">palgeid</wf>
         <wf lemma="." pos="X">.</wf>
      </sentence>
      <sentence id="d000.s288" source="wordnet-estonian">
         <instance id="d000.s288.t000" lemma="vana" pos="ADJ">Vana</instance>
         <wf lemma="tradistioon" pos="X">tradistioon</wf>
         <wf lemma="," pos="X">,</wf>
         <wf lemma="maja" pos="X">maja</wf>
         <wf lemma="," pos="X">,</wf>
         <wf lemma="vein" pos="X">vein</wf>
         <wf lemma="." pos="X">.</wf>
      </sentence>
      <sentence id="d000.s289" source="wordnet-estonian">
         <wf lemma="Üsna" pos="X">Üsna</wf>
         <wf lemma="lähedal" pos="X">lähedal</wf>
         <wf lemma="kukkus" pos="X">kukkus</wf>
         <instance id="d000.s289.t000" lemma="kägu" pos="NOUN">kägu</instance>
         <wf lemma="." pos="X">.</wf>
         <wf lemma="Eile" pos="X">Eile</wf>
         <wf lemma="kuulsime" pos="X">kuulsime</wf>
         <wf lemma="kägu" pos="X">kägu</wf>
         <wf lemma="." pos="X">.</wf>
         <wf lemma="Kägu" pos="X">Kägu</wf>
         <wf lemma="pettis" pos="X">pettis</wf>
         <wf lemma="mu" pos="X">mu</wf>
         <wf lemma="ära" pos="X">ära</wf>
         <wf lemma="." pos="X">.</wf>
      </sentence>
      <sentence id="d000.s290" source="wordnet-estonian">
         <instance id="d000.s290.t000" lemma="tegu" pos="NOUN">Teod</instance>
         <wf lemma="toovad" pos="X">toovad</wf>
         <wf lemma="kaasa" pos="X">kaasa</wf>
         <wf lemma="vastutuse" pos="X">vastutuse</wf>
         <wf lemma="." pos="X">.</wf>
      </sentence>
      <sentence id="d000.s291" source="wordnet-estonian">
         <wf lemma="Õlu" pos="X">Õlu</wf>
         <wf lemma="on" pos="X">on</wf>
         <wf lemma="all" pos="X">all</wf>
         <wf lemma="," pos="X">,</wf>
         <wf lemma="vaht" pos="X">vaht</wf>
         <wf lemma="on" pos="X">on</wf>
         <instance id="d000.s291.t000" lemma="peal" pos="ADV">peal</instance>
         <wf lemma="." pos="X">.</wf>
         <wf lemma="(" pos="X">(</wf>
         <wf lemma="EKSS" pos="X">EKSS</wf>
         <wf lemma=")" pos="X">)</wf>
         <wf lemma="." pos="X">.</wf>
      </sentence>
      <sentence id="d000.s292" source="wordnet-estonian">
         <wf lemma="Prožektori" pos="X">Prožektori</wf>
         <wf lemma="," pos="X">,</wf>
         <wf lemma="autolaterna" pos="X">autolaterna</wf>
         <wf lemma="," pos="X">,</wf>
         <wf lemma="taskulambi" pos="X">taskulambi</wf>
         <instance id="d000.s292.t000" lemma="reflektor" pos="NOUN">reflektor</instance>
         <wf lemma="." pos="X">.</wf>
         <wf lemma="Reflektoriga" pos="X">Reflektoriga</wf>
         <wf lemma="fotolamp" pos="X">fotolamp</wf>
         <wf lemma="." pos="X">.</wf>
      </sentence>
      <sentence id="d000.s293" source="wordnet-estonian">
         <instance id="d000.s293.t000" lemma="kool" pos="NOUN">Kooli</instance>
         <wf lemma="lähedal" pos="X">lähedal</wf>
         <wf lemma="nägi" pos="X">nägi</wf>
         <wf lemma="ta" pos="X">ta</wf>
         <wf lemma="oma" pos="X">oma</wf>
         <wf lemma="klassivenda" pos="X">klassivenda</wf>
         <wf lemma="." pos="X">.</wf>
      </sentence>
      <sentence id="d000.s294" source="wordnet-estonian">
         <wf lemma="Mängib" pos="X">Mängib</wf>
         <wf lemma="," pos="X">,</wf>
         <wf lemma="puhub" pos="X">puhub</wf>
         <wf lemma="orkestris" pos="X">orkestris</wf>
         <instance id="d000.s294.t000" lemma="bass" pos="NOUN">bassi</instance>
         <wf lemma="." pos="X">.</wf>
      </sentence>
      <sentence id="d000.s295" source="wordnet-estonian">
         <wf lemma="Tal" pos="X">Tal</wf>
         <wf lemma="on" pos="X">on</wf>
         <wf lemma="töökaaslastega" pos="X">töökaaslastega</wf>
         <instance id="d000.s295.t000" lemma="halb" pos="ADJ">halb</instance>
         <wf lemma="vahekord" pos="X">vahekord</wf>
         <wf lemma="." pos="X">.</wf>
      </sentence>
      <sentence id="d000.s296" source="wordnet-estonian">
         <wf lemma="Mesilasperes" pos="X">Mesilasperes</wf>
         <wf lemma="on" pos="X">on</wf>
         <wf lemma="ema" pos="X">ema</wf>
         <wf lemma="," pos="X">,</wf>
         <wf lemma="töömesilased" pos="X">töömesilased</wf>
         <wf lemma="ja" pos="X">ja</wf>
         <instance id="d000.s296.t000" lemma="lesk" pos="NOUN">lesed</instance>
         <wf lemma="." pos="X">.</wf>
      </sentence>
      <sentence id="d000.s297" source="wordnet-estonian">
         <wf lemma="Seltskonnalõvina" pos="X">Seltskonnalõvina</wf>
         <wf lemma="ta" pos="X">ta</wf>
         <wf lemma="oskas" pos="X">oskas</wf>
         <instance id="d000.s297.t000" lemma="kompliment" pos="NOUN">komplimente</instance>
         <wf lemma="jagada" pos="X">jagada</wf>
         <wf lemma="." pos="X">.</wf>
      </sentence>
      <sentence id="d000.s298" source="wordnet-estonian">
         <wf lemma="Maja" pos="X">Maja</wf>
         <wf lemma="ehitamiseks" pos="X">ehitamiseks</wf>
         <wf lemma="oli" pos="X">oli</wf>
         <instance id="d000.s298.t000" lemma="paik" pos="NOUN">paik</instance>
         <wf lemma="sobiv" pos="X">sobiv</wf>
         <wf lemma="." pos="X">.</wf>
      </sentence>
      <sentence id="d000.s299" source="wordnet-estonian">
         <wf lemma="Piraadid" pos="X">Piraadid</wf>
         <wf lemma="ründasid" pos="X">ründasid</wf>
         <wf lemma="," pos="X">,</wf>
         <wf lemma="röövisid" pos="X">röövisid</wf>
         <wf lemma="laevu" pos="X">laevu</wf>
         <wf lemma="ja" pos="X">ja</wf>
         <wf lemma="tegid" pos="X">tegid</wf>
         <wf lemma="röövretki" pos="X">röövretki</wf>
         <wf lemma="rannikule" pos="X">rannikule</wf>
         <wf lemma="." pos="X">.</wf>
         <wf lemma="Piraatide" pos="X">Piraatide</wf>
         <wf lemma="musta" pos="X">musta</wf>
         <wf lemma="lipuga" pos="X">lipuga</wf>
         <wf lemma="laev" pos="X">laev</wf>
         <wf lemma="." pos="X">.</wf>
         <wf lemma="Laev" pos="X">Laev</wf>
         <wf lemma="langes" pos="X">langes</wf>
         <instance id="d000.s299.t000" lemma="piraat" pos="NOUN">piraatide</instance>
         <wf lemma="kätte" pos="X">kätte</wf>
         <wf lemma="." pos="X">.</wf>
         <wf lemma="Erkpunane" pos="X">Erkpunane</wf>
         <wf lemma="rätt" pos="X">rätt</wf>
         <wf lemma="kuklasse" pos="X">kuklasse</wf>
         <wf lemma="seotud" pos="X">seotud</wf>
         <wf lemma="nagu" pos="X">nagu</wf>
         <wf lemma="muistsel" pos="X">muistsel</wf>
         <wf lemma="piraadil" pos="X">piraadil</wf>
         <wf lemma="." pos="X">.</wf>
      </sentence>
      <sentence id="d000.s300" source="wordnet-estonian">
         <wf lemma="Olen" pos="X">Olen</wf>
         <wf lemma="loomult" pos="X">loomult</wf>
         <instance id="d000.s300.t000" lemma="skeptik" pos="NOUN">skeptik</instance>
         <wf lemma="." pos="X">.</wf>
         <wf lemma="Parandamatu" pos="X">Parandamatu</wf>
         <wf lemma="skeptik" pos="X">skeptik</wf>
         <wf lemma="." pos="X">.</wf>
         <wf lemma="*" pos="X">*</wf>
         <wf lemma="Olen" pos="X">Olen</wf>
         <wf lemma="skeptik" pos="X">skeptik</wf>
         <wf lemma="polüglottideks" pos="X">polüglottideks</wf>
         <wf lemma="peetavate" pos="X">peetavate</wf>
         <wf lemma="inimeste" pos="X">inimeste</wf>
         <wf lemma="võimete" pos="X">võimete</wf>
         <wf lemma="suhtes" pos="X">suhtes</wf>
         <wf lemma="." pos="X">.</wf>
         <wf lemma="(" pos="X">(</wf>
         <wf lemma="Autor" pos="X">Autor</wf>
         <wf lemma=":" pos="X">:</wf>
         <wf lemma="P." pos="X">P.</wf>
         <wf lemma="Ariste." pos="X">Ariste.</wf>
         <wf lemma=")" pos="X">)</wf>
         <wf lemma="." pos="X">.</wf>
      </sentence>
      <sentence id="d000.s301" source="wordnet-estonian">
         <wf lemma="Kui" pos="X">Kui</wf>
         <instance id="d000.s301.t000" lemma="nägema" pos="VERB">näeme</instance>
         <wf lemma="," pos="X">,</wf>
         <wf lemma="räägime" pos="X">räägime</wf>
         <wf lemma="pikemalt" pos="X">pikemalt</wf>
         <wf lemma="." pos="X">.</wf>
      </sentence>
      <sentence id="d000.s302" source="wordnet-estonian">
         <wf lemma="Mööblivabriku" pos="X">Mööblivabriku</wf>
         <instance id="d000.s302.t000" lemma="disainer" pos="NOUN">disainerid</instance>
         <wf lemma="." pos="X">.</wf>
      </sentence>
      <sentence id="d000.s303" source="wordnet-estonian">
         <instance id="d000.s303.t000" lemma="ootama" pos="VERB">Ootasime</instance>
         <wf lemma="kontserdist" pos="X">kontserdist</wf>
         <wf lemma="enamat" pos="X">enamat</wf>
         <wf lemma="." pos="X">.</wf>
      </sentence>
      <sentence id="d000.s304" source="wordnet-estonian">
         <wf lemma="Suurt" pos="X">Suurt</wf>
         <instance id="d000.s304.t000" lemma="selts" pos="NOUN">seltsi</instance>
         <wf lemma="mardikad" pos="X">mardikad</wf>
         <wf lemma="," pos="X">,</wf>
         <wf lemma="põrnikad" pos="X">põrnikad</wf>
         <wf lemma="." pos="X">.</wf>
         <wf lemma="Sel" pos="X">Sel</wf>
         <wf lemma="peremehel" pos="X">peremehel</wf>
         <wf lemma="on" pos="X">on</wf>
         <wf lemma="virgemat" pos="X">virgemat</wf>
         <wf lemma="seltsi" pos="X">seltsi</wf>
         <wf lemma="sulane" pos="X">sulane</wf>
         <wf lemma="." pos="X">.</wf>
         <wf lemma="Nägime" pos="X">Nägime</wf>
         <wf lemma="mitmest" pos="X">mitmest</wf>
         <wf lemma="seltsist" pos="X">seltsist</wf>
         <wf lemma="linde" pos="X">linde</wf>
         <wf lemma="ja" pos="X">ja</wf>
         <wf lemma="loomi" pos="X">loomi</wf>
         <wf lemma="." pos="X">.</wf>
      </sentence>
      <sentence id="d000.s305" source="wordnet-estonian">
         <instance id="d000.s305.t000" lemma="liaan" pos="NOUN">Liaanid</instance>
         <wf lemma="väänlevad" pos="X">väänlevad</wf>
         <wf lemma="puude" pos="X">puude</wf>
         <wf lemma="ümber" pos="X">ümber</wf>
         <wf lemma="." pos="X">.</wf>
      </sentence>
      <sentence id="d000.s306" source="wordnet-estonian">
         <wf lemma="Ta" pos="X">Ta</wf>
         <wf lemma="paneb" pos="X">paneb</wf>
         <wf lemma="väljanägemisele" pos="X">väljanägemisele</wf>
         <wf lemma="(" pos="X">(</wf>
         <wf lemma="palju" pos="X">palju</wf>
         <wf lemma=")" pos="X">)</wf>
         <instance id="d000.s306.t000" lemma="rõhk" pos="NOUN">rõhku</instance>
         <wf lemma="(" pos="X">(</wf>
         <wf lemma="EKSS" pos="X">EKSS</wf>
         <wf lemma=")" pos="X">)</wf>
         <wf lemma="." pos="X">.</wf>
      </sentence>
      <sentence id="d000.s307" source="wordnet-estonian">
         <instance id="d000.s307.t000" lemma="unustama" pos="VERB">Unustasin</instance>
         <wf lemma="vihmavarju" pos="X">vihmavarju</wf>
         <wf lemma="trammi" pos="X">trammi</wf>
         <wf lemma="." pos="X">.</wf>
      </sentence>
      <sentence id="d000.s308" source="wordnet-estonian">
         <wf lemma="Esitas" pos="X">Esitas</wf>
         <instance id="d000.s308.t000" lemma="flööt" pos="NOUN">flöödil</instance>
         <wf lemma="keerulisi" pos="X">keerulisi</wf>
         <wf lemma="improvisatsioone" pos="X">improvisatsioone</wf>
         <wf lemma="." pos="X">.</wf>
      </sentence>
      <sentence id="d000.s309" source="wordnet-estonian">
         <instance id="d000.s309.t000" lemma="süda" pos="NOUN">Süda</instance>
         <wf lemma="läks" pos="X">läks</wf>
         <wf lemma="pehmeks" pos="X">pehmeks</wf>
         <wf lemma="." pos="X">.</wf>
      </sentence>
      <sentence id="d000.s310" source="wordnet-estonian">
         <wf lemma="Selleks" pos="X">Selleks</wf>
         <wf lemma="on" pos="X">on</wf>
         <wf lemma="vaja" pos="X">vaja</wf>
         <instance id="d000.s310.t000" lemma="juhatus" pos="NOUN">juhatuse</instance>
         <wf lemma="otsust" pos="X">otsust</wf>
         <wf lemma="," pos="X">,</wf>
         <wf lemma="nõusolekut" pos="X">nõusolekut</wf>
         <wf lemma="," pos="X">,</wf>
         <wf lemma="luba" pos="X">luba</wf>
         <wf lemma="." pos="X">.</wf>
      </sentence>
      <sentence id="d000.s311" source="wordnet-estonian">
         <wf lemma="Saksa" pos="X">Saksa</wf>
         <instance id="d000.s311.t000" lemma="metallurg" pos="NOUN">metallurgid</instance>
         <wf lemma="." pos="X">.</wf>
      </sentence>
      <sentence id="d000.s312" source="wordnet-estonian">
         <wf lemma="Hotelli" pos="X">Hotelli</wf>
         <wf lemma="," pos="X">,</wf>
         <wf lemma="restorani" pos="X">restorani</wf>
         <wf lemma="," pos="X">,</wf>
         <wf lemma="kohviku" pos="X">kohviku</wf>
         <instance id="d000.s312.t000" lemma="šveitser" pos="NOUN">šveitser</instance>
         <wf lemma="." pos="X">.</wf>
      </sentence>
      <sentence id="d000.s313" source="wordnet-estonian">
         <wf lemma="Lai" pos="X">Lai</wf>
         <wf lemma="," pos="X">,</wf>
         <wf lemma="kitsas" pos="X">kitsas</wf>
         <wf lemma="," pos="X">,</wf>
         <wf lemma="must" pos="X">must</wf>
         <wf lemma="," pos="X">,</wf>
         <wf lemma="täpiline" pos="X">täpiline</wf>
         <wf lemma="," pos="X">,</wf>
         <wf lemma="triibuline" pos="X">triibuline</wf>
         <instance id="d000.s313.t000" lemma="lips" pos="NOUN">lips</instance>
         <wf lemma="." pos="X">.</wf>
         <wf lemma="Seob" pos="X">Seob</wf>
         <wf lemma="lipsu" pos="X">lipsu</wf>
         <wf lemma="kaela" pos="X">kaela</wf>
         <wf lemma="," pos="X">,</wf>
         <wf lemma="paneb" pos="X">paneb</wf>
         <wf lemma="lipsu" pos="X">lipsu</wf>
         <wf lemma="ette" pos="X">ette</wf>
         <wf lemma="." pos="X">.</wf>
         <wf lemma="Kannab" pos="X">Kannab</wf>
         <wf lemma="alati" pos="X">alati</wf>
         <wf lemma="lipsu" pos="X">lipsu</wf>
         <wf lemma="," pos="X">,</wf>
         <wf lemma="ei" pos="X">ei</wf>
         <wf lemma="käi" pos="X">käi</wf>
         <wf lemma="kunagi" pos="X">kunagi</wf>
         <wf lemma="lipsuta" pos="X">lipsuta</wf>
         <wf lemma="." pos="X">.</wf>
         <wf lemma="Lips" pos="X">Lips</wf>
         <wf lemma="on" pos="X">on</wf>
         <wf lemma="otse" pos="X">otse</wf>
         <wf lemma="," pos="X">,</wf>
         <wf lemma="viltu" pos="X">viltu</wf>
         <wf lemma="." pos="X">.</wf>
         <wf lemma="Võtab" pos="X">Võtab</wf>
         <wf lemma="lipsu" pos="X">lipsu</wf>
         <wf lemma="kaelast" pos="X">kaelast</wf>
         <wf lemma="," pos="X">,</wf>
         <wf lemma="eest" pos="X">eest</wf>
         <wf lemma="ära" pos="X">ära</wf>
         <wf lemma="." pos="X">.</wf>
         <wf lemma="Kohe" pos="X">Kohe</wf>
         <wf lemma="teine" pos="X">teine</wf>
         <wf lemma="tunne" pos="X">tunne</wf>
         <wf lemma="," pos="X">,</wf>
         <wf lemma="kui" pos="X">kui</wf>
         <wf lemma="lips" pos="X">lips</wf>
         <wf lemma="lõua" pos="X">lõua</wf>
         <wf lemma="all" pos="X">all</wf>
         <wf lemma="." pos="X">.</wf>
         <wf lemma="Lips" pos="X">Lips</wf>
         <wf lemma="on" pos="X">on</wf>
         <wf lemma="ees" pos="X">ees</wf>
         <wf lemma="kui" pos="X">kui</wf>
         <wf lemma="linnutiib" pos="X">linnutiib</wf>
         <wf lemma="." pos="X">.</wf>
      </sentence>
      <sentence id="d000.s314" source="wordnet-estonian">
         <wf lemma="Lennuväelase" pos="X">Lennuväelase</wf>
         <instance id="d000.s314.t000" lemma="pagun" pos="NOUN">pagunid</instance>
         <wf lemma="." pos="X">.</wf>
         <wf lemma="Kapteni" pos="X">Kapteni</wf>
         <wf lemma="," pos="X">,</wf>
         <wf lemma="seersandi" pos="X">seersandi</wf>
         <wf lemma="pagunid" pos="X">pagunid</wf>
         <wf lemma="õlgadel" pos="X">õlgadel</wf>
         <wf lemma="." pos="X">.</wf>
         <wf lemma="Kaks" pos="X">Kaks</wf>
         <wf lemma="paela" pos="X">paela</wf>
         <wf lemma="," pos="X">,</wf>
         <wf lemma="kolm" pos="X">kolm</wf>
         <wf lemma="tärni" pos="X">tärni</wf>
         <wf lemma="pagunitel" pos="X">pagunitel</wf>
         <wf lemma="." pos="X">.</wf>
         <wf lemma="Paguniteta" pos="X">Paguniteta</wf>
         <wf lemma="erusõjaväelane" pos="X">erusõjaväelane</wf>
         <wf lemma="." pos="X">.</wf>
         <wf lemma="Desertöör" pos="X">Desertöör</wf>
         <wf lemma="rebis" pos="X">rebis</wf>
         <wf lemma="pagunid" pos="X">pagunid</wf>
         <wf lemma="õlgadelt" pos="X">õlgadelt</wf>
         <wf lemma="." pos="X">.</wf>
         <wf lemma="*" pos="X">*</wf>
         <wf lemma="Sisse" pos="X">Sisse</wf>
         <wf lemma="astus" pos="X">astus</wf>
         <wf lemma="tundmatu" pos="X">tundmatu</wf>
         <wf lemma="kasakas" pos="X">kasakas</wf>
         <wf lemma="," pos="X">,</wf>
         <wf lemma="noorema" pos="X">noorema</wf>
         <wf lemma="urjadniku" pos="X">urjadniku</wf>
         <wf lemma="pagunid" pos="X">pagunid</wf>
         <wf lemma="kaitsevärvi" pos="X">kaitsevärvi</wf>
         <wf lemma="sõduripluusil" pos="X">sõduripluusil</wf>
         <wf lemma="." pos="X">.</wf>
         <wf lemma="." pos="X">.</wf>
         <wf lemma="(" pos="X">(</wf>
         <wf lemma="Autor" pos="X">Autor</wf>
         <wf lemma=":" pos="X">:</wf>
         <wf lemma="A." pos="X">A.</wf>
         <wf lemma="Kurfeldt" pos="X">Kurfeldt</wf>
         <wf lemma="(" pos="X">(</wf>
         <wf lemma="tlk." pos="X">tlk.</wf>
         <wf lemma=")" pos="X">)</wf>
         <wf lemma="." pos="X">.</wf>
         <wf lemma=")" pos="X">)</wf>
         <wf lemma="." pos="X">.</wf>
      </sentence>
      <sentence id="d000.s315" source="wordnet-estonian">
         <wf lemma="Kolmandal" pos="X">Kolmandal</wf>
         <wf lemma="uksel" pos="X">uksel</wf>
         <wf lemma="ütles" pos="X">ütles</wf>
         <wf lemma="umbes" pos="X">umbes</wf>
         <wf lemma="samasugune" pos="X">samasugune</wf>
         <wf lemma="paberitükk" pos="X">paberitükk</wf>
         <wf lemma="peaaegu" pos="X">peaaegu</wf>
         <wf lemma="samasuguste" pos="X">samasuguste</wf>
         <instance id="d000.s315.t000" lemma="aabe" pos="NOUN">aabetega</instance>
         <wf lemma="." pos="X">.</wf>
      </sentence>
      <sentence id="d000.s316" source="wordnet-estonian">
         <wf lemma="Mõiste" pos="X">Mõiste</wf>
         <instance id="d000.s316.t000" lemma="sisu" pos="NOUN">sisu</instance>
         <wf lemma="." pos="X">.</wf>
         <wf lemma="Uued" pos="X">Uued</wf>
         <wf lemma="mõisted" pos="X">mõisted</wf>
         <wf lemma="annavad" pos="X">annavad</wf>
         <wf lemma="olemasolevatele" pos="X">olemasolevatele</wf>
         <wf lemma="sõnadele" pos="X">sõnadele</wf>
         <wf lemma="uue" pos="X">uue</wf>
         <wf lemma="sisu" pos="X">sisu</wf>
         <wf lemma="." pos="X">.</wf>
         <wf lemma="Palun" pos="X">Palun</wf>
         <wf lemma="avage" pos="X">avage</wf>
         <wf lemma="järgmiste" pos="X">järgmiste</wf>
         <wf lemma="võõrsõnade" pos="X">võõrsõnade</wf>
         <wf lemma="sisu" pos="X">sisu</wf>
         <wf lemma="." pos="X">.</wf>
      </sentence>
      <sentence id="d000.s317" source="wordnet-estonian">
         <wf lemma="Sa" pos="X">Sa</wf>
         <wf lemma="jätsid" pos="X">jätsid</wf>
         <wf lemma="mõned" pos="X">mõned</wf>
         <wf lemma="asjaolud" pos="X">asjaolud</wf>
         <instance id="d000.s317.t000" lemma="mainima" pos="VERB">mainimata</instance>
         <wf lemma="." pos="X">.</wf>
         <wf lemma="Kuulis" pos="X">Kuulis</wf>
         <wf lemma="oma" pos="X">oma</wf>
         <wf lemma="nime" pos="X">nime</wf>
         <wf lemma="mainitavat" pos="X">mainitavat</wf>
         <wf lemma="ning" pos="X">ning</wf>
         <wf lemma="tõusis" pos="X">tõusis</wf>
         <wf lemma="püsti" pos="X">püsti</wf>
         <wf lemma="." pos="X">.</wf>
      </sentence>
      <sentence id="d000.s318" source="wordnet-estonian">
         <wf lemma="Kui" pos="X">Kui</wf>
         <wf lemma="laguneksid" pos="X">laguneksid</wf>
         <wf lemma="hinge" pos="X">hinge</wf>
         <wf lemma="ümbert" pos="X">ümbert</wf>
         <wf lemma="ihu" pos="X">ihu</wf>
         <instance id="d000.s318.t000" lemma="mähe" pos="NOUN">mähkmed</instance>
         <wf lemma="," pos="X">,</wf>
         <wf lemma="naha" pos="X">naha</wf>
         <wf lemma="kitsas" pos="X">kitsas</wf>
         <wf lemma="laha." pos="X">laha.</wf>
         <wf lemma="." pos="X">.</wf>
         <wf lemma="(" pos="X">(</wf>
         <wf lemma="Autor" pos="X">Autor</wf>
         <wf lemma=":" pos="X">:</wf>
         <wf lemma="M." pos="X">M.</wf>
         <wf lemma="Under." pos="X">Under.</wf>
         <wf lemma=")" pos="X">)</wf>
         <wf lemma="." pos="X">.</wf>
      </sentence>
      <sentence id="d000.s319" source="wordnet-estonian">
         <wf lemma="Laseb" pos="X">Laseb</wf>
         <instance id="d000.s319.t000" lemma="kraan" pos="NOUN">kraanist</instance>
         <wf lemma="vanni" pos="X">vanni</wf>
         <wf lemma="vett" pos="X">vett</wf>
         <wf lemma="." pos="X">.</wf>
         <wf lemma="Kuuma" pos="X">Kuuma</wf>
         <wf lemma="ja" pos="X">ja</wf>
         <wf lemma="külma" pos="X">külma</wf>
         <wf lemma="vee" pos="X">vee</wf>
         <wf lemma="segistid" pos="X">segistid</wf>
         <wf lemma="." pos="X">.</wf>
      </sentence>
      <sentence id="d000.s320" source="wordnet-estonian">
         <wf lemma="Ei" pos="X">Ei</wf>
         <instance id="d000.s320.t000" lemma="mäletama" pos="VERB">mäletanud</instance>
         <wf lemma="loetust" pos="X">loetust</wf>
         <wf lemma="midagi" pos="X">midagi</wf>
         <wf lemma="." pos="X">.</wf>
         <wf lemma="Tahtsin" pos="X">Tahtsin</wf>
         <wf lemma="midagi" pos="X">midagi</wf>
         <wf lemma="ütelda" pos="X">ütelda</wf>
         <wf lemma="," pos="X">,</wf>
         <wf lemma="aga" pos="X">aga</wf>
         <wf lemma="ei" pos="X">ei</wf>
         <wf lemma="mäleta" pos="X">mäleta</wf>
         <wf lemma="enam" pos="X">enam</wf>
         <wf lemma="," pos="X">,</wf>
         <wf lemma="mida" pos="X">mida</wf>
         <wf lemma="." pos="X">.</wf>
      </sentence>
      <sentence id="d000.s321" source="wordnet-estonian">
         <wf lemma="Tahtjaid" pos="X">Tahtjaid</wf>
         <wf lemma="oli" pos="X">oli</wf>
         <wf lemma="palju" pos="X">palju</wf>
         <wf lemma="," pos="X">,</wf>
         <instance id="d000.s321.t000" lemma="saaja" pos="NOUN">saajaid</instance>
         <wf lemma="vähe" pos="X">vähe</wf>
         <wf lemma="." pos="X">.</wf>
         <wf lemma="(" pos="X">(</wf>
         <wf lemma="EKSS" pos="X">EKSS</wf>
         <wf lemma=")" pos="X">)</wf>
         <wf lemma="." pos="X">.</wf>
      </sentence>
      <sentence id="d000.s322" source="wordnet-estonian">
         <wf lemma="Segab" pos="X">Segab</wf>
         <instance id="d000.s322.t000" lemma="kulp" pos="NOUN">kulbiga</instance>
         <wf lemma="suppi" pos="X">suppi</wf>
         <wf lemma="." pos="X">.</wf>
         <wf lemma="Maitseb" pos="X">Maitseb</wf>
         <wf lemma="kulbist" pos="X">kulbist</wf>
         <wf lemma="leent" pos="X">leent</wf>
         <wf lemma="." pos="X">.</wf>
         <wf lemma="Tõstis" pos="X">Tõstis</wf>
         <wf lemma="katlast" pos="X">katlast</wf>
         <wf lemma="kulbiga" pos="X">kulbiga</wf>
         <wf lemma="suppi" pos="X">suppi</wf>
         <wf lemma="." pos="X">.</wf>
         <wf lemma="Võttis" pos="X">Võttis</wf>
         <wf lemma="," pos="X">,</wf>
         <wf lemma="riisus" pos="X">riisus</wf>
         <wf lemma="kulbiga" pos="X">kulbiga</wf>
         <wf lemma="vahtu" pos="X">vahtu</wf>
         <wf lemma="." pos="X">.</wf>
         <wf lemma="Lusikaga" pos="X">Lusikaga</wf>
         <wf lemma="antud" pos="X">antud</wf>
         <wf lemma="," pos="X">,</wf>
         <wf lemma="kulbiga" pos="X">kulbiga</wf>
         <wf lemma="võetud" pos="X">võetud</wf>
         <wf lemma="." pos="X">.</wf>
      </sentence>
      <sentence id="d000.s323" source="wordnet-estonian">
         <wf lemma="Kõrva" pos="X">Kõrva</wf>
         <wf lemma="on" pos="X">on</wf>
         <instance id="d000.s323.t000" lemma="vaik" pos="NOUN">vaiku</instance>
         <wf lemma="kogunenud" pos="X">kogunenud</wf>
         <wf lemma="." pos="X">.</wf>
         <wf lemma="(" pos="X">(</wf>
         <wf lemma="EKSS" pos="X">EKSS</wf>
         <wf lemma=")" pos="X">)</wf>
         <wf lemma="." pos="X">.</wf>
      </sentence>
      <sentence id="d000.s324" source="wordnet-estonian">
         <wf lemma="Loomade" pos="X">Loomade</wf>
         <wf lemma="ja" pos="X">ja</wf>
         <wf lemma="lindude" pos="X">lindude</wf>
         <wf lemma="jõudlus" pos="X">jõudlus</wf>
         <wf lemma="on" pos="X">on</wf>
         <wf lemma="mõjustatav" pos="X">mõjustatav</wf>
         <wf lemma="söödas" pos="X">söödas</wf>
         <wf lemma="leiduvate" pos="X">leiduvate</wf>
         <wf lemma="vitamiinide" pos="X">vitamiinide</wf>
         <wf lemma="või" pos="X">või</wf>
         <instance id="d000.s324.t000" lemma="hormoon" pos="NOUN">hormoonidega</instance>
         <wf lemma="." pos="X">.</wf>
      </sentence>
      <sentence id="d000.s325" source="wordnet-estonian">
         <wf lemma="See" pos="X">See</wf>
         <wf lemma="uur" pos="X">uur</wf>
         <wf lemma="on" pos="X">on</wf>
         <wf lemma="puhtast" pos="X">puhtast</wf>
         <instance id="d000.s325.t000" lemma="kuld" pos="NOUN">kullast</instance>
         <wf lemma="." pos="X">.</wf>
      </sentence>
      <sentence id="d000.s326" source="wordnet-estonian">
         <instance id="d000.s326.t000" lemma="filter" pos="NOUN">Filtrit</instance>
         <wf lemma="läbides" pos="X">läbides</wf>
         <wf lemma="puhastub" pos="X">puhastub</wf>
         <wf lemma="õhk" pos="X">õhk</wf>
         <wf lemma="tolmust" pos="X">tolmust</wf>
         <wf lemma="ja" pos="X">ja</wf>
         <wf lemma="suitsust" pos="X">suitsust</wf>
         <wf lemma="." pos="X">.</wf>
      </sentence>
      <sentence id="d000.s327" source="wordnet-estonian">
         <wf lemma="Aine" pos="X">Aine</wf>
         <instance id="d000.s327.t000" lemma="molekulaarne" pos="ADJ">molekulaarne</instance>
         <wf lemma="struktuur" pos="X">struktuur</wf>
         <wf lemma="," pos="X">,</wf>
         <wf lemma="reaktsioon" pos="X">reaktsioon</wf>
         <wf lemma="," pos="X">,</wf>
         <wf lemma="soojusjuhtivus" pos="X">soojusjuhtivus</wf>
         <wf lemma="." pos="X">.</wf>
         <wf lemma="Molekulaarsed" pos="X">Molekulaarsed</wf>
         <wf lemma="lahused" pos="X">lahused</wf>
         <wf lemma="." pos="X">.</wf>
      </sentence>
      <sentence id="d000.s328" source="wordnet-estonian">
         <wf lemma="Ta" pos="X">Ta</wf>
         <wf lemma="paneb" pos="X">paneb</wf>
         <instance id="d000.s328.t000" lemma="silm" pos="NOUN">silmad</instance>
         <wf lemma="kinni" pos="X">kinni</wf>
         <wf lemma="(" pos="X">(</wf>
         <wf lemma="EKSS" pos="X">EKSS</wf>
         <wf lemma=")" pos="X">)</wf>
         <wf lemma="." pos="X">.</wf>
      </sentence>
      <sentence id="d000.s329" source="wordnet-estonian">
         <wf lemma="Luulele" pos="X">Luulele</wf>
         <wf lemma="on" pos="X">on</wf>
         <wf lemma="juba" pos="X">juba</wf>
         <wf lemma="olemuslikult" pos="X">olemuslikult</wf>
         <wf lemma="omane" pos="X">omane</wf>
         <instance id="d000.s329.t000" lemma="subjektiivsus" pos="NOUN">subjektiivsus</instance>
         <wf lemma="." pos="X">.</wf>
      </sentence>
      <sentence id="d000.s330" source="wordnet-estonian">
         <wf lemma="Intensiivne" pos="X">Intensiivne</wf>
         <wf lemma="musta" pos="X">musta</wf>
         <wf lemma="tooniga" pos="X">tooniga</wf>
         <instance id="d000.s330.t000" lemma="ripsmetušš" pos="NOUN">ripsmetušš</instance>
         <wf lemma="annab" pos="X">annab</wf>
         <wf lemma="ripsmetele" pos="X">ripsmetele</wf>
         <wf lemma="kauni" pos="X">kauni</wf>
         <wf lemma="pikendava" pos="X">pikendava</wf>
         <wf lemma="efekti" pos="X">efekti</wf>
         <wf lemma="." pos="X">.</wf>
      </sentence>
      <sentence id="d000.s331" source="wordnet-estonian">
         <wf lemma="Maalikunstnik" pos="X">Maalikunstnik</wf>
         <wf lemma="J." pos="X">J.</wf>
         <wf lemma="Köler" pos="X">Köler</wf>
         <wf lemma="sai" pos="X">sai</wf>
         <wf lemma="1861." pos="X">1861.</wf>
         <wf lemma="aastal" pos="X">aastal</wf>
         <instance id="d000.s331.t000" lemma="akadeemik" pos="NOUN">akadeemiku</instance>
         <wf lemma="nimetuse" pos="X">nimetuse</wf>
         <wf lemma="." pos="X">.</wf>
      </sentence>
      <sentence id="d000.s332" source="wordnet-estonian">
         <wf lemma="Naine" pos="X">Naine</wf>
         <wf lemma="tegi" pos="X">tegi</wf>
         <wf lemma="mehele" pos="X">mehele</wf>
         <wf lemma="truudusetuse" pos="X">truudusetuse</wf>
         <wf lemma="pärast" pos="X">pärast</wf>
         <instance id="d000.s332.t000" lemma="stseen" pos="NOUN">stseene</instance>
         <wf lemma="." pos="X">.</wf>
      </sentence>
      <sentence id="d000.s333" source="wordnet-estonian">
         <wf lemma="On" pos="X">On</wf>
         <wf lemma="kerges" pos="X">kerges</wf>
         <wf lemma="," pos="X">,</wf>
         <wf lemma="keskmises" pos="X">keskmises</wf>
         <wf lemma="," pos="X">,</wf>
         <wf lemma="tugevas" pos="X">tugevas</wf>
         <wf lemma="," pos="X">,</wf>
         <wf lemma="raskes" pos="X">raskes</wf>
         <instance id="d000.s333.t000" lemma="joove" pos="NOUN">joobes</instance>
         <wf lemma="." pos="X">.</wf>
         <wf lemma="Patoloogiline" pos="X">Patoloogiline</wf>
         <wf lemma="joove" pos="X">joove</wf>
         <wf lemma="." pos="X">.</wf>
         <wf lemma="Joovet" pos="X">Joovet</wf>
         <wf lemma="tekitavad" pos="X">tekitavad</wf>
         <wf lemma="ained" pos="X">ained</wf>
         <wf lemma="." pos="X">.</wf>
      </sentence>
      <sentence id="d000.s334" source="wordnet-estonian">
         <wf lemma="(" pos="X">(</wf>
         <wf lemma="maadlejal" pos="X">maadlejal</wf>
         <wf lemma="toetuvad" pos="X">toetuvad</wf>
         <wf lemma="matile" pos="X">matile</wf>
         <wf lemma="otsaesine" pos="X">otsaesine</wf>
         <wf lemma="ja" pos="X">ja</wf>
         <wf lemma="jalatallad" pos="X">jalatallad</wf>
         <wf lemma="," pos="X">,</wf>
         <wf lemma="võimlejal" pos="X">võimlejal</wf>
         <wf lemma="toetuvad" pos="X">toetuvad</wf>
         <wf lemma="maha" pos="X">maha</wf>
         <wf lemma="sirged" pos="X">sirged</wf>
         <wf lemma="käed" pos="X">käed</wf>
         <wf lemma="pihkudega" pos="X">pihkudega</wf>
         <wf lemma="ja" pos="X">ja</wf>
         <wf lemma="sirged" pos="X">sirged</wf>
         <wf lemma="jalad" pos="X">jalad</wf>
         <wf lemma="taldadega" pos="X">taldadega</wf>
         <wf lemma=")" pos="X">)</wf>
         <wf lemma="." pos="X">.</wf>
         <wf lemma="Maadleja" pos="X">Maadleja</wf>
         <wf lemma="viis" pos="X">viis</wf>
         <wf lemma="vastase" pos="X">vastase</wf>
         <wf lemma="parterisse" pos="X">parterisse</wf>
         <wf lemma="ja" pos="X">ja</wf>
         <wf lemma="sealt" pos="X">sealt</wf>
         <instance id="d000.s334.t000" lemma="sild" pos="NOUN">silda</instance>
         <wf lemma="." pos="X">.</wf>
         <wf lemma="Libises" pos="X">Libises</wf>
         <wf lemma="võttest" pos="X">võttest</wf>
         <wf lemma="välja" pos="X">välja</wf>
         <wf lemma="ja" pos="X">ja</wf>
         <wf lemma="käis" pos="X">käis</wf>
         <wf lemma="korraks" pos="X">korraks</wf>
         <wf lemma="üle" pos="X">üle</wf>
         <wf lemma="silla" pos="X">silla</wf>
         <wf lemma="." pos="X">.</wf>
         <wf lemma="(" pos="X">(</wf>
         <wf lemma="EKSS" pos="X">EKSS</wf>
         <wf lemma=")" pos="X">)</wf>
         <wf lemma="." pos="X">.</wf>
      </sentence>
      <sentence id="d000.s335" source="wordnet-estonian">
         <wf lemma="Surmamõistetule" pos="X">Surmamõistetule</wf>
         <wf lemma="kingiti" pos="X">kingiti</wf>
         <instance id="d000.s335.t000" lemma="elu" pos="NOUN">elu</instance>
         <wf lemma="(" pos="X">(</wf>
         <wf lemma="EKSS" pos="X">EKSS</wf>
         <wf lemma=")" pos="X">)</wf>
         <wf lemma="." pos="X">.</wf>
      </sentence>
      <sentence id="d000.s336" source="wordnet-estonian">
         <wf lemma="Üldjooneline" pos="X">Üldjooneline</wf>
         <wf lemma="," pos="X">,</wf>
         <wf lemma="ligikaudne" pos="X">ligikaudne</wf>
         <wf lemma="," pos="X">,</wf>
         <wf lemma="täpne" pos="X">täpne</wf>
         <wf lemma="," pos="X">,</wf>
         <wf lemma="üksikasjalik" pos="X">üksikasjalik</wf>
         <instance id="d000.s336.t000" lemma="kirjeldus" pos="NOUN">kirjeldus</instance>
         <wf lemma="." pos="X">.</wf>
         <wf lemma="Aparaadi" pos="X">Aparaadi</wf>
         <wf lemma="," pos="X">,</wf>
         <wf lemma="eseme" pos="X">eseme</wf>
         <wf lemma="kirjeldus" pos="X">kirjeldus</wf>
         <wf lemma="." pos="X">.</wf>
         <wf lemma="Toote" pos="X">Toote</wf>
         <wf lemma="tehniline" pos="X">tehniline</wf>
         <wf lemma="kirjeldus" pos="X">kirjeldus</wf>
         <wf lemma="." pos="X">.</wf>
         <wf lemma="Tundsin" pos="X">Tundsin</wf>
         <wf lemma="ta" pos="X">ta</wf>
         <wf lemma="sinu" pos="X">sinu</wf>
         <wf lemma="kirjelduse" pos="X">kirjelduse</wf>
         <wf lemma="järgi" pos="X">järgi</wf>
         <wf lemma="kohe" pos="X">kohe</wf>
         <wf lemma="ära" pos="X">ära</wf>
         <wf lemma="." pos="X">.</wf>
         <wf lemma="Sündmuse" pos="X">Sündmuse</wf>
         <wf lemma="mahlakas" pos="X">mahlakas</wf>
         <wf lemma="kirjeldus" pos="X">kirjeldus</wf>
         <wf lemma="." pos="X">.</wf>
         <wf lemma="Tema" pos="X">Tema</wf>
         <wf lemma="kirjeldust" pos="X">kirjeldust</wf>
         <wf lemma="mööda" pos="X">mööda</wf>
         <wf lemma="olnud" pos="X">olnud</wf>
         <wf lemma="lugu" pos="X">lugu</wf>
         <wf lemma="järgmine" pos="X">järgmine</wf>
         <wf lemma="." pos="X">.</wf>
      </sentence>
      <sentence id="d000.s337" source="wordnet-estonian">
         <wf lemma="Albatrossid" pos="X">Albatrossid</wf>
         <wf lemma="liuglevad" pos="X">liuglevad</wf>
         <wf lemma="madalalt-madalalt" pos="X">madalalt-madalalt</wf>
         <wf lemma="vee" pos="X">vee</wf>
         <wf lemma="kohal" pos="X">kohal</wf>
         <wf lemma="ja" pos="X">ja</wf>
         <wf lemma="nende" pos="X">nende</wf>
         <wf lemma="all" pos="X">all</wf>
         <wf lemma="kihutab" pos="X">kihutab</wf>
         <wf lemma="lumivalge" pos="X">lumivalge</wf>
         <wf lemma="," pos="X">,</wf>
         <wf lemma="värelev" pos="X">värelev</wf>
         <instance id="d000.s337.t000" lemma="peegeldus" pos="NOUN">peegeldus</instance>
         <wf lemma="." pos="X">.</wf>
         <wf lemma="(" pos="X">(</wf>
         <wf lemma="Autor" pos="X">Autor</wf>
         <wf lemma=":" pos="X">:</wf>
         <wf lemma="J." pos="X">J.</wf>
         <wf lemma="Smuul." pos="X">Smuul.</wf>
         <wf lemma=")" pos="X">)</wf>
         <wf lemma="." pos="X">.</wf>
      </sentence>
      <sentence id="d000.s338" source="wordnet-estonian">
         <wf lemma="Riigi" pos="X">Riigi</wf>
         <wf lemma="poliitiline" pos="X">poliitiline</wf>
         <wf lemma="ja" pos="X">ja</wf>
         <wf lemma="majanduslik" pos="X">majanduslik</wf>
         <instance id="d000.s338.t000" lemma="nõrkus" pos="NOUN">nõrkus</instance>
         <wf lemma="." pos="X">.</wf>
         <wf lemma="Tunnen" pos="X">Tunnen</wf>
         <wf lemma="tema" pos="X">tema</wf>
         <wf lemma="nõrkusi" pos="X">nõrkusi</wf>
         <wf lemma="ja" pos="X">ja</wf>
         <wf lemma="tugevaid" pos="X">tugevaid</wf>
         <wf lemma="külgi" pos="X">külgi</wf>
         <wf lemma="." pos="X">.</wf>
      </sentence>
      <sentence id="d000.s339" source="wordnet-estonian">
         <wf lemma="Joonistas" pos="X">Joonistas</wf>
         <instance id="d000.s339.t000" lemma="kriit" pos="NOUN">kriidiga</instance>
         <wf lemma="tahvlile" pos="X">tahvlile</wf>
         <wf lemma="lille" pos="X">lille</wf>
         <wf lemma="." pos="X">.</wf>
      </sentence>
      <sentence id="d000.s340" source="wordnet-estonian">
         <wf lemma="Rõhutavad" pos="X">Rõhutavad</wf>
         <instance id="d000.s340.t000" lemma="sufiks" pos="NOUN">sufiksid</instance>
         <wf lemma="." pos="X">.</wf>
      </sentence>
      <sentence id="d000.s341" source="wordnet-estonian">
         <wf lemma="Tema" pos="X">Tema</wf>
         <wf lemma="tänitavas" pos="X">tänitavas</wf>
         <wf lemma="sõimus" pos="X">sõimus</wf>
         <wf lemma="oli" pos="X">oli</wf>
         <wf lemma="oma" pos="X">oma</wf>
         <wf lemma="selge" pos="X">selge</wf>
         <wf lemma="ja" pos="X">ja</wf>
         <wf lemma="loogiline" pos="X">loogiline</wf>
         <instance id="d000.s341.t000" lemma="struktuur" pos="NOUN">struktuur</instance>
         <wf lemma="." pos="X">.</wf>
      </sentence>
      <sentence id="d000.s342" source="wordnet-estonian">
         <wf lemma="Matemaatikud" pos="X">Matemaatikud</wf>
         <wf lemma="ütleksid" pos="X">ütleksid</wf>
         <wf lemma="sellel" pos="X">sellel</wf>
         <wf lemma="kohal" pos="X">kohal</wf>
         <wf lemma="," pos="X">,</wf>
         <wf lemma="et" pos="X">et</wf>
         <wf lemma="me" pos="X">me</wf>
         <wf lemma="teeme" pos="X">teeme</wf>
         <wf lemma="algmaatriksi" pos="X">algmaatriksi</wf>
         <wf lemma="ridade" pos="X">ridade</wf>
         <wf lemma="ja" pos="X">ja</wf>
         <wf lemma="veergude" pos="X">veergude</wf>
         <instance id="d000.s342.t000" lemma="permutatsioon" pos="NOUN">permutatsiooni</instance>
         <wf lemma="." pos="X">.</wf>
      </sentence>
      <sentence id="d000.s343" source="wordnet-estonian">
         <wf lemma="Meie" pos="X">Meie</wf>
         <wf lemma="esimene" pos="X">esimene</wf>
         <instance id="d000.s343.t000" lemma="käik" pos="NOUN">käik</instance>
         <wf lemma="oli" pos="X">oli</wf>
         <wf lemma="piletikassasse" pos="X">piletikassasse</wf>
         <wf lemma="(" pos="X">(</wf>
         <wf lemma="EKSS" pos="X">EKSS</wf>
         <wf lemma=")" pos="X">)</wf>
         <wf lemma="." pos="X">.</wf>
      </sentence>
      <sentence id="d000.s344" source="wordnet-estonian">
         <wf lemma="ÜRO" pos="X">ÜRO</wf>
         <wf lemma="ja" pos="X">ja</wf>
         <wf lemma="USA" pos="X">USA</wf>
         <instance id="d000.s344.t000" lemma="suhe" pos="NOUN">suhete</instance>
         <wf lemma="paranemist" pos="X">paranemist</wf>
         <wf lemma="ei" pos="X">ei</wf>
         <wf lemma="oodata" pos="X">oodata</wf>
         <wf lemma="ka" pos="X">ka</wf>
         <wf lemma="uue" pos="X">uue</wf>
         <wf lemma="esindaja" pos="X">esindaja</wf>
         <wf lemma="ajal" pos="X">ajal</wf>
         <wf lemma="." pos="X">.</wf>
      </sentence>
      <sentence id="d000.s345" source="wordnet-estonian">
         <wf lemma="Lapsi" pos="X">Lapsi</wf>
         <wf lemma="õpetati" pos="X">õpetati</wf>
         <instance id="d000.s345.t000" lemma="liitma" pos="VERB">liitma</instance>
         <wf lemma="ja" pos="X">ja</wf>
         <wf lemma="lahutama" pos="X">lahutama</wf>
         <wf lemma="." pos="X">.</wf>
      </sentence>
      <sentence id="d000.s346" source="wordnet-estonian">
         <wf lemma="Tähelepanu" pos="X">Tähelepanu</wf>
         <wf lemma="," pos="X">,</wf>
         <wf lemma="töö" pos="X">töö</wf>
         <instance id="d000.s346.t000" lemma="intensiivsus" pos="NOUN">intensiivsus</instance>
         <wf lemma="." pos="X">.</wf>
         <wf lemma="Auramise" pos="X">Auramise</wf>
         <wf lemma="intensiivsus" pos="X">intensiivsus</wf>
         <wf lemma="." pos="X">.</wf>
      </sentence>
      <sentence id="d000.s347" source="wordnet-estonian">
         <wf lemma="Parempoolsel" pos="X">Parempoolsel</wf>
         <wf lemma="väljal" pos="X">väljal</wf>
         <wf lemma="asetses" pos="X">asetses</wf>
         <wf lemma="vana" pos="X">vana</wf>
         <wf lemma="Maarja" pos="X">Maarja</wf>
         <wf lemma="kabel" pos="X">kabel</wf>
         <wf lemma="," pos="X">,</wf>
         <wf lemma="mis" pos="X">mis</wf>
         <wf lemma="nüüd" pos="X">nüüd</wf>
         <wf lemma="konutas" pos="X">konutas</wf>
         <wf lemma="mahajäänud" pos="X">mahajäänud</wf>
         <instance id="d000.s347.t000" lemma="erak" pos="NOUN">erakuna</instance>
         <wf lemma="väikesel" pos="X">väikesel</wf>
         <wf lemma="künkal" pos="X">künkal</wf>
         <wf lemma="." pos="X">.</wf>
         <wf lemma="(" pos="X">(</wf>
         <wf lemma="Autor" pos="X">Autor</wf>
         <wf lemma=":" pos="X">:</wf>
         <wf lemma="E." pos="X">E.</wf>
         <wf lemma="Kippel." pos="X">Kippel.</wf>
         <wf lemma=")" pos="X">)</wf>
         <wf lemma="." pos="X">.</wf>
      </sentence>
      <sentence id="d000.s348" source="wordnet-estonian">
         <wf lemma="Tema" pos="X">Tema</wf>
         <wf lemma="püütud" pos="X">püütud</wf>
         <instance id="d000.s348.t000" lemma="angerjas" pos="NOUN">angerjad</instance>
         <wf lemma="olid" pos="X">olid</wf>
         <wf lemma="kui" pos="X">kui</wf>
         <wf lemma="täismehe" pos="X">täismehe</wf>
         <wf lemma="käsivarred" pos="X">käsivarred</wf>
         <wf lemma="." pos="X">.</wf>
      </sentence>
      <sentence id="d000.s349" source="wordnet-estonian">
         <wf lemma="Ma" pos="X">Ma</wf>
         <instance id="d000.s349.t000" lemma="tahtma" pos="VERB">tahan</instance>
         <wf lemma="praegu" pos="X">praegu</wf>
         <wf lemma="koju" pos="X">koju</wf>
         <wf lemma="minna" pos="X">minna</wf>
         <wf lemma="." pos="X">.</wf>
         <wf lemma="Keegi" pos="X">Keegi</wf>
         <wf lemma="ei" pos="X">ei</wf>
         <wf lemma="soovinud" pos="X">soovinud</wf>
         <wf lemma="neile" pos="X">neile</wf>
         <wf lemma="halba" pos="X">halba</wf>
         <wf lemma="." pos="X">.</wf>
      </sentence>
      <sentence id="d000.s350" source="wordnet-estonian">
         <wf lemma="Õhu" pos="X">Õhu</wf>
         <wf lemma="," pos="X">,</wf>
         <wf lemma="rahvastiku" pos="X">rahvastiku</wf>
         <wf lemma="," pos="X">,</wf>
         <wf lemma="taimestiku" pos="X">taimestiku</wf>
         <instance id="d000.s350.t000" lemma="hõredus" pos="NOUN">hõredus</instance>
         <wf lemma="." pos="X">.</wf>
      </sentence>
      <sentence id="d000.s351" source="wordnet-estonian">
         <instance id="d000.s351.t000" lemma="elu" pos="NOUN">Elu</instance>
         <wf lemma="tekkimine" pos="X">tekkimine</wf>
         <wf lemma="maakeral" pos="X">maakeral</wf>
         <wf lemma="(" pos="X">(</wf>
         <wf lemma="EKSS" pos="X">EKSS</wf>
         <wf lemma=")" pos="X">)</wf>
         <wf lemma="." pos="X">.</wf>
      </sentence>
      <sentence id="d000.s352" source="wordnet-estonian">
         <instance id="d000.s352.t000" lemma="turist" pos="NOUN">Turistid</instance>
         <wf lemma="pildistasid" pos="X">pildistasid</wf>
         <wf lemma="vana" pos="X">vana</wf>
         <wf lemma="lossi" pos="X">lossi</wf>
         <wf lemma="varemeid" pos="X">varemeid</wf>
         <wf lemma="." pos="X">.</wf>
      </sentence>
      <sentence id="d000.s353" source="wordnet-estonian">
         <wf lemma="Pehme" pos="X">Pehme</wf>
         <wf lemma="," pos="X">,</wf>
         <wf lemma="kõva" pos="X">kõva</wf>
         <instance id="d000.s353.t000" lemma="kumm" pos="NOUN">kumm</instance>
         <wf lemma="." pos="X">.</wf>
         <wf lemma="Kustutas" pos="X">Kustutas</wf>
         <wf lemma="sõna" pos="X">sõna</wf>
         <wf lemma="," pos="X">,</wf>
         <wf lemma="tähe" pos="X">tähe</wf>
         <wf lemma="kummiga" pos="X">kummiga</wf>
         <wf lemma="(" pos="X">(</wf>
         <wf lemma="maha" pos="X">maha</wf>
         <wf lemma=")" pos="X">)</wf>
         <wf lemma="." pos="X">.</wf>
      </sentence>
      <sentence id="d000.s354" source="wordnet-estonian">
         <wf lemma="Mind" pos="X">Mind</wf>
         <wf lemma="hämmastas" pos="X">hämmastas</wf>
         <wf lemma="noormehe" pos="X">noormehe</wf>
         <instance id="d000.s354.t000" lemma="kerglus" pos="NOUN">kerglus</instance>
         <wf lemma="ja" pos="X">ja</wf>
         <wf lemma="mõtlematus" pos="X">mõtlematus</wf>
         <wf lemma="." pos="X">.</wf>
      </sentence>
      <sentence id="d000.s355" source="wordnet-estonian">
         <wf lemma="Elust" pos="X">Elust</wf>
         <wf lemma="tagasitõmbunud" pos="X">tagasitõmbunud</wf>
         <instance id="d000.s355.t000" lemma="eremiit" pos="NOUN">eremiit</instance>
         <wf lemma="." pos="X">.</wf>
         <wf lemma="Elas" pos="X">Elas</wf>
         <wf lemma="üksi" pos="X">üksi</wf>
         <wf lemma="nagu" pos="X">nagu</wf>
         <wf lemma="eremiit" pos="X">eremiit</wf>
         <wf lemma="kõrbes" pos="X">kõrbes</wf>
         <wf lemma="." pos="X">.</wf>
      </sentence>
      <sentence id="d000.s356" source="wordnet-estonian">
         <instance id="d000.s356.t000" lemma="nina" pos="NOUN">Nina</instance>
         <wf lemma="jookseb" pos="X">jookseb</wf>
         <wf lemma="verd" pos="X">verd</wf>
         <wf lemma="(" pos="X">(</wf>
         <wf lemma="EKSS" pos="X">EKSS</wf>
         <wf lemma=")" pos="X">)</wf>
         <wf lemma="." pos="X">.</wf>
      </sentence>
      <sentence id="d000.s357" source="wordnet-estonian">
         <wf lemma="Ilusad" pos="X">Ilusad</wf>
         <wf lemma="jalaga" pos="X">jalaga</wf>
         <wf lemma="," pos="X">,</wf>
         <wf lemma="kristallist" pos="X">kristallist</wf>
         <instance id="d000.s357.t000" lemma="pits" pos="NOUN">pitsid</instance>
         <wf lemma="(" pos="X">(</wf>
         <wf lemma="EKSS" pos="X">EKSS</wf>
         <wf lemma=")" pos="X">)</wf>
         <wf lemma="." pos="X">.</wf>
      </sentence>
      <sentence id="d000.s358" source="wordnet-estonian">
         <wf lemma="Lahutas" pos="X">Lahutas</wf>
         <wf lemma="luku" pos="X">luku</wf>
         <instance id="d000.s358.t000" lemma="osa" pos="NOUN">osadeks</instance>
         <wf lemma="ja" pos="X">ja</wf>
         <wf lemma="pani" pos="X">pani</wf>
         <wf lemma="uuesti" pos="X">uuesti</wf>
         <wf lemma="kokku" pos="X">kokku</wf>
         <wf lemma="." pos="X">.</wf>
      </sentence>
      <sentence id="d000.s359" source="wordnet-estonian">
         <wf lemma="Kumbki" pos="X">Kumbki</wf>
         <instance id="d000.s359.t000" lemma="tõmbama" pos="VERB">tõmbas</instance>
         <wf lemma="köit" pos="X">köit</wf>
         <wf lemma="enda" pos="X">enda</wf>
         <wf lemma="poole" pos="X">poole</wf>
         <wf lemma="." pos="X">.</wf>
         <wf lemma="Tõmmake" pos="X">Tõmmake</wf>
         <wf lemma="kahekesi" pos="X">kahekesi</wf>
         <wf lemma="," pos="X">,</wf>
         <wf lemma="kui" pos="X">kui</wf>
         <wf lemma="üksi" pos="X">üksi</wf>
         <wf lemma="ei" pos="X">ei</wf>
         <wf lemma="jõua" pos="X">jõua</wf>
         <wf lemma="." pos="X">.</wf>
      </sentence>
      <sentence id="d000.s360" source="wordnet-estonian">
         <instance id="d000.s360.t000" lemma="pööning" pos="NOUN">Pööningut</instance>
         <wf lemma="kasutati" pos="X">kasutati</wf>
         <wf lemma="kolikambrina" pos="X">kolikambrina</wf>
         <wf lemma="." pos="X">.</wf>
      </sentence>
      <sentence id="d000.s361" source="wordnet-estonian">
         <wf lemma="Telefon" pos="X">Telefon</wf>
         <wf lemma="helises" pos="X">helises</wf>
         <wf lemma="," pos="X">,</wf>
         <wf lemma="võtsin" pos="X">võtsin</wf>
         <instance id="d000.s361.t000" lemma="toru" pos="NOUN">toru</instance>
         <wf lemma="(" pos="X">(</wf>
         <wf lemma="EKSS" pos="X">EKSS</wf>
         <wf lemma=")" pos="X">)</wf>
         <wf lemma="." pos="X">.</wf>
      </sentence>
      <sentence id="d000.s362" source="wordnet-estonian">
         <wf lemma="Suur" pos="X">Suur</wf>
         <wf lemma="Munamägi" pos="X">Munamägi</wf>
         <wf lemma="on" pos="X">on</wf>
         <wf lemma="Eesti" pos="X">Eesti</wf>
         <wf lemma="kõrgeim" pos="X">kõrgeim</wf>
         <instance id="d000.s362.t000" lemma="punkt" pos="NOUN">punkt</instance>
         <wf lemma="." pos="X">.</wf>
      </sentence>
      <sentence id="d000.s363" source="wordnet-estonian">
         <wf lemma="Käsikirja" pos="X">Käsikirja</wf>
         <wf lemma="," pos="X">,</wf>
         <wf lemma="raamatut" pos="X">raamatut</wf>
         <wf lemma="," pos="X">,</wf>
         <wf lemma="dokumenti" pos="X">dokumenti</wf>
         <instance id="d000.s363.t000" lemma="indekseerima" pos="VERB">indekseerima</instance>
         <wf lemma="." pos="X">.</wf>
         <wf lemma="(" pos="X">(</wf>
         <wf lemma="EKSS" pos="X">EKSS</wf>
         <wf lemma=")" pos="X">)</wf>
         <wf lemma="." pos="X">.</wf>
      </sentence>
      <sentence id="d000.s364" source="wordnet-estonian">
         <wf lemma="Algaja" pos="X">Algaja</wf>
         <wf lemma="," pos="X">,</wf>
         <wf lemma="küps" pos="X">küps</wf>
         <wf lemma="," pos="X">,</wf>
         <wf lemma="suur" pos="X">suur</wf>
         <wf lemma="," pos="X">,</wf>
         <wf lemma="tuntud" pos="X">tuntud</wf>
         <instance id="d000.s364.t000" lemma="luuletaja" pos="NOUN">luuletaja</instance>
         <wf lemma="." pos="X">.</wf>
         <wf lemma="Temast" pos="X">Temast</wf>
         <wf lemma="võib" pos="X">võib</wf>
         <wf lemma="tulla" pos="X">tulla</wf>
         <wf lemma="," pos="X">,</wf>
         <wf lemma="saada" pos="X">saada</wf>
         <wf lemma="luuletaja" pos="X">luuletaja</wf>
         <wf lemma="." pos="X">.</wf>
      </sentence>
      <sentence id="d000.s365" source="wordnet-estonian">
         <wf lemma="Ta" pos="X">Ta</wf>
         <instance id="d000.s365.t000" lemma="haarama" pos="VERB">haaras</instance>
         <wf lemma="õpetaja" pos="X">õpetaja</wf>
         <wf lemma="seletust" pos="X">seletust</wf>
         <wf lemma="lennult" pos="X">lennult</wf>
         <wf lemma="." pos="X">.</wf>
      </sentence>
      <sentence id="d000.s366" source="wordnet-estonian">
         <wf lemma="Vanemal" pos="X">Vanemal</wf>
         <wf lemma="oli" pos="X">oli</wf>
         <wf lemma="majas" pos="X">majas</wf>
         <wf lemma="mitu" pos="X">mitu</wf>
         <instance id="d000.s366.t000" lemma="trääl" pos="NOUN">trääli</instance>
         <wf lemma="." pos="X">.</wf>
         <wf lemma="Tabati" pos="X">Tabati</wf>
         <wf lemma="põgenenud" pos="X">põgenenud</wf>
         <wf lemma="trääl" pos="X">trääl</wf>
         <wf lemma="." pos="X">.</wf>
      </sentence>
      <sentence id="d000.s367" source="wordnet-estonian">
         <wf lemma="Vaenlase" pos="X">Vaenlase</wf>
         <wf lemma="positsioone" pos="X">positsioone</wf>
         <wf lemma="," pos="X">,</wf>
         <wf lemma="kaitseliine" pos="X">kaitseliine</wf>
         <instance id="d000.s367.t000" lemma="ründama" pos="VERB">ründama</instance>
         <wf lemma="." pos="X">.</wf>
         <wf lemma="Vaenlane" pos="X">Vaenlane</wf>
         <wf lemma="ründas" pos="X">ründas</wf>
         <wf lemma="suurte" pos="X">suurte</wf>
         <wf lemma="jõududega" pos="X">jõududega</wf>
         <wf lemma="," pos="X">,</wf>
         <wf lemma="laial" pos="X">laial</wf>
         <wf lemma="rindel" pos="X">rindel</wf>
         <wf lemma="." pos="X">.</wf>
         <wf lemma="Õhust" pos="X">Õhust</wf>
         <wf lemma="ründas" pos="X">ründas</wf>
         <wf lemma="laevu" pos="X">laevu</wf>
         <wf lemma="lennuvägi" pos="X">lennuvägi</wf>
         <wf lemma="(" pos="X">(</wf>
         <wf lemma="EKSS" pos="X">EKSS</wf>
         <wf lemma=")" pos="X">)</wf>
         <wf lemma="." pos="X">.</wf>
      </sentence>
      <sentence id="d000.s368" source="wordnet-estonian">
         <wf lemma="Raielank" pos="X">Raielank</wf>
         <instance id="d000.s368.t000" lemma="piiritlema" pos="VERB">piiritletakse</instance>
         <wf lemma="nurgast" pos="X">nurgast</wf>
         <wf lemma="nurgani" pos="X">nurgani</wf>
         <wf lemma="nähtavate" pos="X">nähtavate</wf>
         <wf lemma="visiiridega" pos="X">visiiridega</wf>
         <wf lemma="." pos="X">.</wf>
      </sentence>
      <sentence id="d000.s369" source="wordnet-estonian">
         <wf lemma="Riiete" pos="X">Riiete</wf>
         <instance id="d000.s369.t000" lemma="puhastamine" pos="NOUN">puhastamiseks</instance>
         <wf lemma="kulus" pos="X">kulus</wf>
         <wf lemma="vaid" pos="X">vaid</wf>
         <wf lemma="paar" pos="X">paar</wf>
         <wf lemma="minutit" pos="X">minutit</wf>
         <wf lemma="." pos="X">.</wf>
      </sentence>
      <sentence id="d000.s370" source="wordnet-estonian">
         <instance id="d000.s370.t000" lemma="indiaanlane" pos="NOUN">Indiaanlaste</instance>
         <wf lemma="uskumused" pos="X">uskumused</wf>
         <wf lemma="," pos="X">,</wf>
         <wf lemma="kombed" pos="X">kombed</wf>
         <wf lemma="," pos="X">,</wf>
         <wf lemma="muinaskultuur" pos="X">muinaskultuur</wf>
         <wf lemma="." pos="X">.</wf>
      </sentence>
      <sentence id="d000.s371" source="wordnet-estonian">
         <wf lemma="Puust" pos="X">Puust</wf>
         <wf lemma="," pos="X">,</wf>
         <wf lemma="rauast" pos="X">rauast</wf>
         <instance id="d000.s371.t000" lemma="roop" pos="NOUN">roop</instance>
         <wf lemma="." pos="X">.</wf>
         <wf lemma="Roobiga" pos="X">Roobiga</wf>
         <wf lemma="ahju" pos="X">ahju</wf>
         <wf lemma="," pos="X">,</wf>
         <wf lemma="süsi" pos="X">süsi</wf>
         <wf lemma="," pos="X">,</wf>
         <wf lemma="tuld" pos="X">tuld</wf>
         <wf lemma="segama" pos="X">segama</wf>
         <wf lemma="." pos="X">.</wf>
         <wf lemma="Roobiga" pos="X">Roobiga</wf>
         <wf lemma="tukke" pos="X">tukke</wf>
         <wf lemma="kohendama" pos="X">kohendama</wf>
         <wf lemma="." pos="X">.</wf>
         <wf lemma="Tõmbab" pos="X">Tõmbab</wf>
         <wf lemma="pliidi" pos="X">pliidi</wf>
         <wf lemma="alt" pos="X">alt</wf>
         <wf lemma="roobiga" pos="X">roobiga</wf>
         <wf lemma="tuhka" pos="X">tuhka</wf>
         <wf lemma="välja" pos="X">välja</wf>
         <wf lemma="." pos="X">.</wf>
         <wf lemma="Roop" pos="X">Roop</wf>
         <wf lemma="naerab" pos="X">naerab</wf>
         <wf lemma="seni" pos="X">seni</wf>
         <wf lemma="tuld" pos="X">tuld</wf>
         <wf lemma="," pos="X">,</wf>
         <wf lemma="kui" pos="X">kui</wf>
         <wf lemma="ta" pos="X">ta</wf>
         <wf lemma="ise" pos="X">ise</wf>
         <wf lemma="süsi" pos="X">süsi</wf>
         <wf lemma="on" pos="X">on</wf>
         <wf lemma="." pos="X">.</wf>
         <wf lemma="Vs." pos="X">Vs.</wf>
      </sentence>
      <sentence id="d000.s372" source="wordnet-estonian">
         <wf lemma="16" pos="X">16</wf>
         <instance id="d000.s372.t000" lemma="lamp" pos="NOUN">lambiga</instance>
         <wf lemma="televiisor" pos="X">televiisor</wf>
         <wf lemma="." pos="X">.</wf>
      </sentence>
      <sentence id="d000.s373" source="wordnet-estonian">
         <wf lemma="Laps" pos="X">Laps</wf>
         <wf lemma="läheb" pos="X">läheb</wf>
         <wf lemma="esimest" pos="X">esimest</wf>
         <wf lemma="aastat" pos="X">aastat</wf>
         <instance id="d000.s373.t000" lemma="kool" pos="NOUN">kooli</instance>
         <wf lemma="." pos="X">.</wf>
      </sentence>
      <sentence id="d000.s374" source="wordnet-estonian">
         <instance id="d000.s374.t000" lemma="lutsern" pos="NOUN">Lutsernist</instance>
         <wf lemma="saab" pos="X">saab</wf>
         <wf lemma="valgurikast" pos="X">valgurikast</wf>
         <wf lemma="sööta" pos="X">sööta</wf>
         <wf lemma="(" pos="X">(</wf>
         <wf lemma="EKSS" pos="X">EKSS</wf>
         <wf lemma=")" pos="X">)</wf>
         <wf lemma="." pos="X">.</wf>
      </sentence>
      <sentence id="d000.s375" source="wordnet-estonian">
         <wf lemma="Linad" pos="X">Linad</wf>
         <wf lemma="on" pos="X">on</wf>
         <instance id="d000.s375.t000" lemma="pesema" pos="VERB">pestud</instance>
         <wf lemma="ja" pos="X">ja</wf>
         <wf lemma="loputatud" pos="X">loputatud</wf>
         <wf lemma="." pos="X">.</wf>
      </sentence>
      <sentence id="d000.s376" source="wordnet-estonian">
         <wf lemma="Orkester" pos="X">Orkester</wf>
         <wf lemma="esitas" pos="X">esitas</wf>
         <wf lemma="avamängu" pos="X">avamängu</wf>
         <instance id="d000.s376.t000" lemma="ooper" pos="NOUN">ooperile</instance>
         <wf lemma="&quot;" pos="X">&quot;</wf>
         <wf lemma="Ruslan" pos="X">Ruslan</wf>
         <wf lemma="ja" pos="X">ja</wf>
         <wf lemma="Ludmilla" pos="X">Ludmilla</wf>
         <wf lemma="&quot;" pos="X">&quot;</wf>
         <wf lemma="." pos="X">.</wf>
      </sentence>
      <sentence id="d000.s377" source="wordnet-estonian">
         <wf lemma="Kui" pos="X">Kui</wf>
         <wf lemma="palju" pos="X">palju</wf>
         <instance id="d000.s377.t000" lemma="võim" pos="NOUN">võimu</instance>
         <wf lemma="on" pos="X">on</wf>
         <wf lemma="kuningal" pos="X">kuningal</wf>
         <wf lemma="tegelikult" pos="X">tegelikult</wf>
         <wf lemma="?" pos="X">?</wf>
      </sentence>
      <sentence id="d000.s378" source="wordnet-estonian">
         <instance id="d000.s378.t000" lemma="filatelist" pos="NOUN">Filatelistide</instance>
         <wf lemma="ühing" pos="X">ühing</wf>
         <wf lemma="." pos="X">.</wf>
      </sentence>
      <sentence id="d000.s379" source="wordnet-estonian">
         <wf lemma="Jaan" pos="X">Jaan</wf>
         <wf lemma="oli" pos="X">oli</wf>
         <wf lemma="klassi" pos="X">klassi</wf>
         <instance id="d000.s379.t000" lemma="au" pos="NOUN">au</instance>
         <wf lemma="ja" pos="X">ja</wf>
         <wf lemma="uhkus" pos="X">uhkus</wf>
         <wf lemma="." pos="X">.</wf>
         <wf lemma="Habe" pos="X">Habe</wf>
         <wf lemma="mehe" pos="X">mehe</wf>
         <wf lemma="au." pos="X">au.</wf>
      </sentence>
      <sentence id="d000.s380" source="wordnet-estonian">
         <wf lemma="Haritud" pos="X">Haritud</wf>
         <wf lemma="mees" pos="X">mees</wf>
         <wf lemma="," pos="X">,</wf>
         <wf lemma="aga" pos="X">aga</wf>
         <instance id="d000.s380.t000" lemma="mats" pos="NOUN">matsi</instance>
         <wf lemma="tõugu" pos="X">tõugu</wf>
         <wf lemma="." pos="X">.</wf>
         <wf lemma="Uhke" pos="X">Uhke</wf>
         <wf lemma="linnaisanda" pos="X">linnaisanda</wf>
         <wf lemma="esivanemad" pos="X">esivanemad</wf>
         <wf lemma="olnud" pos="X">olnud</wf>
         <wf lemma="veel" pos="X">veel</wf>
         <wf lemma="matsid" pos="X">matsid</wf>
         <wf lemma="." pos="X">.</wf>
      </sentence>
      <sentence id="d000.s381" source="wordnet-estonian">
         <wf lemma="Mesilased" pos="X">Mesilased</wf>
         <wf lemma="," pos="X">,</wf>
         <wf lemma="herilased" pos="X">herilased</wf>
         <wf lemma="ja" pos="X">ja</wf>
         <wf lemma="sipelgad" pos="X">sipelgad</wf>
         <wf lemma="kuuluvad" pos="X">kuuluvad</wf>
         <instance id="d000.s381.t000" lemma="kiletiivaline" pos="NOUN">kiletiivaliste</instance>
         <wf lemma="seltsi" pos="X">seltsi</wf>
         <wf lemma="(" pos="X">(</wf>
         <wf lemma="EKSS" pos="X">EKSS</wf>
         <wf lemma=")" pos="X">)</wf>
         <wf lemma="." pos="X">.</wf>
      </sentence>
      <sentence id="d000.s382" source="wordnet-estonian">
         <wf lemma="Lapsele" pos="X">Lapsele</wf>
         <wf lemma="on" pos="X">on</wf>
         <instance id="d000.s382.t000" lemma="õpetama" pos="VERB">õpetatud</instance>
         <wf lemma="," pos="X">,</wf>
         <wf lemma="et" pos="X">et</wf>
         <wf lemma="vanemate" pos="X">vanemate</wf>
         <wf lemma="sõna" pos="X">sõna</wf>
         <wf lemma="peab" pos="X">peab</wf>
         <wf lemma="kuulama" pos="X">kuulama</wf>
         <wf lemma="." pos="X">.</wf>
      </sentence>
      <sentence id="d000.s383" source="wordnet-estonian">
         <wf lemma="Rahulolematus" pos="X">Rahulolematus</wf>
         <wf lemma="on" pos="X">on</wf>
         <wf lemma="edasiviiv" pos="X">edasiviiv</wf>
         <instance id="d000.s383.t000" lemma="jõud" pos="NOUN">jõud</instance>
         <wf lemma="." pos="X">.</wf>
      </sentence>
      <sentence id="d000.s384" source="wordnet-estonian">
         <wf lemma="Igal" pos="X">Igal</wf>
         <wf lemma="rahval" pos="X">rahval</wf>
         <wf lemma="on" pos="X">on</wf>
         <wf lemma="omad" pos="X">omad</wf>
         <instance id="d000.s384.t000" lemma="komme" pos="NOUN">kombed</instance>
         <wf lemma="." pos="X">.</wf>
      </sentence>
      <sentence id="d000.s385" source="wordnet-estonian">
         <wf lemma="Kirjanik" pos="X">Kirjanik</wf>
         <wf lemma="on" pos="X">on</wf>
         <wf lemma="kirjutanud" pos="X">kirjutanud</wf>
         <wf lemma="mitu" pos="X">mitu</wf>
         <instance id="d000.s385.t000" lemma="komöödia" pos="NOUN">komöödiat</instance>
         <wf lemma="." pos="X">.</wf>
      </sentence>
      <sentence id="d000.s386" source="wordnet-estonian">
         <wf lemma="Kolonni" pos="X">Kolonni</wf>
         <wf lemma="ees" pos="X">ees</wf>
         <wf lemma="marssisid" pos="X">marssisid</wf>
         <instance id="d000.s386.t000" lemma="ohvitser" pos="NOUN">ohvitserid</instance>
         <wf lemma="." pos="X">.</wf>
      </sentence>
      <sentence id="d000.s387" source="wordnet-estonian">
         <wf lemma="Majanduseksperimendi" pos="X">Majanduseksperimendi</wf>
         <instance id="d000.s387.t000" lemma="seos" pos="NOUN">seos</instance>
         <wf lemma="kokkuhoiuteemaga" pos="X">kokkuhoiuteemaga</wf>
         <wf lemma="on" pos="X">on</wf>
         <wf lemma="veelgi" pos="X">veelgi</wf>
         <wf lemma="rohkem" pos="X">rohkem</wf>
         <wf lemma="esiplaanile" pos="X">esiplaanile</wf>
         <wf lemma="tulnud" pos="X">tulnud</wf>
         <wf lemma="." pos="X">.</wf>
      </sentence>
      <sentence id="d000.s388" source="wordnet-estonian">
         <wf lemma="Olen" pos="X">Olen</wf>
         <wf lemma="rangel" pos="X">rangel</wf>
         <instance id="d000.s388.t000" lemma="dieet" pos="NOUN">dieedil</instance>
         <wf lemma="." pos="X">.</wf>
      </sentence>
      <sentence id="d000.s389" source="wordnet-estonian">
         <wf lemma="Laskis" pos="X">Laskis</wf>
         <instance id="d000.s389.t000" lemma="pang" pos="NOUN">pange</instance>
         <wf lemma="kaevu" pos="X">kaevu</wf>
         <wf lemma="." pos="X">.</wf>
         <wf lemma="Võttis" pos="X">Võttis</wf>
         <wf lemma="panged" pos="X">panged</wf>
         <wf lemma="vett" pos="X">vett</wf>
         <wf lemma="täis" pos="X">täis</wf>
         <wf lemma="." pos="X">.</wf>
      </sentence>
      <sentence id="d000.s390" source="wordnet-estonian">
         <wf lemma="Poisi" pos="X">Poisi</wf>
         <wf lemma="ja" pos="X">ja</wf>
         <wf lemma="tüdruku" pos="X">tüdruku</wf>
         <instance id="d000.s390.t000" lemma="intiimsus" pos="NOUN">intiimsus</instance>
         <wf lemma="on" pos="X">on</wf>
         <wf lemma="silmnähtav" pos="X">silmnähtav</wf>
         <wf lemma="." pos="X">.</wf>
      </sentence>
      <sentence id="d000.s391" source="wordnet-estonian">
         <wf lemma="Gravüüri" pos="X">Gravüüri</wf>
         <wf lemma="," pos="X">,</wf>
         <wf lemma="natüürmordi" pos="X">natüürmordi</wf>
         <wf lemma="," pos="X">,</wf>
         <wf lemma="eksliibrise" pos="X">eksliibrise</wf>
         <instance id="d000.s391.t000" lemma="süžee" pos="NOUN">süžee</instance>
         <wf lemma="." pos="X">.</wf>
         <wf lemma="(" pos="X">(</wf>
         <wf lemma="EKSS" pos="X">EKSS</wf>
         <wf lemma=")" pos="X">)</wf>
         <wf lemma="." pos="X">.</wf>
      </sentence>
      <sentence id="d000.s392" source="wordnet-estonian">
         <wf lemma="Tihe" pos="X">Tihe</wf>
         <wf lemma="," pos="X">,</wf>
         <wf lemma="hõre" pos="X">hõre</wf>
         <wf lemma="," pos="X">,</wf>
         <wf lemma="harv" pos="X">harv</wf>
         <instance id="d000.s392.t000" lemma="habe" pos="NOUN">habe</instance>
         <wf lemma="(" pos="X">(</wf>
         <wf lemma="EKSS" pos="X">EKSS</wf>
         <wf lemma=")" pos="X">)</wf>
         <wf lemma="." pos="X">.</wf>
      </sentence>
      <sentence id="d000.s393" source="wordnet-estonian">
         <wf lemma="Viinaraha" pos="X">Viinaraha</wf>
         <instance id="d000.s393.t000" lemma="klappima" pos="VERB">klappima</instance>
         <wf lemma="." pos="X">.</wf>
      </sentence>
      <sentence id="d000.s394" source="wordnet-estonian">
         <wf lemma="Ta" pos="X">Ta</wf>
         <wf lemma="oli" pos="X">oli</wf>
         <wf lemma="nii" pos="X">nii</wf>
         <wf lemma="löödud" pos="X">löödud</wf>
         <wf lemma="," pos="X">,</wf>
         <wf lemma="et" pos="X">et</wf>
         <wf lemma="ei" pos="X">ei</wf>
         <wf lemma="suutnud" pos="X">suutnud</wf>
         <wf lemma="ennast" pos="X">ennast</wf>
         <wf lemma="kuidagi" pos="X">kuidagi</wf>
         <instance id="d000.s394.t000" lemma="koguma" pos="VERB">koguda</instance>
         <wf lemma="." pos="X">.</wf>
         <wf lemma="Vaenlane" pos="X">Vaenlane</wf>
         <wf lemma="kogus" pos="X">kogus</wf>
         <wf lemma="end" pos="X">end</wf>
         <wf lemma="kiiresti" pos="X">kiiresti</wf>
         <wf lemma="ja" pos="X">ja</wf>
         <wf lemma="asus" pos="X">asus</wf>
         <wf lemma="vastupealetungile" pos="X">vastupealetungile</wf>
         <wf lemma="." pos="X">.</wf>
      </sentence>
      <sentence id="d000.s395" source="wordnet-estonian">
         <wf lemma="Röövlid" pos="X">Röövlid</wf>
         <wf lemma="ja" pos="X">ja</wf>
         <instance id="d000.s395.t000" lemma="mõrtsukas" pos="NOUN">mõrtsukad</instance>
         <wf lemma="." pos="X">.</wf>
         <wf lemma="Sai" pos="X">Sai</wf>
         <wf lemma="surma" pos="X">surma</wf>
         <wf lemma="mõrtsuka" pos="X">mõrtsuka</wf>
         <wf lemma="käe" pos="X">käe</wf>
         <wf lemma="läbi" pos="X">läbi</wf>
         <wf lemma="." pos="X">.</wf>
         <wf lemma="Kuidas" pos="X">Kuidas</wf>
         <wf lemma="küll" pos="X">küll</wf>
         <wf lemma="võis" pos="X">võis</wf>
         <wf lemma="temast" pos="X">temast</wf>
         <wf lemma="mõrtsukas" pos="X">mõrtsukas</wf>
         <wf lemma="saada" pos="X">saada</wf>
         <wf lemma="!" pos="X">!</wf>
         <wf lemma="Mõrtsukad" pos="X">Mõrtsukad</wf>
         <wf lemma="said" pos="X">said</wf>
         <wf lemma="surmanuhtluse" pos="X">surmanuhtluse</wf>
         <wf lemma="." pos="X">.</wf>
         <wf lemma="Mõrtsukas" pos="X">Mõrtsukas</wf>
         <wf lemma="oled" pos="X">oled</wf>
         <wf lemma="," pos="X">,</wf>
         <wf lemma="tapsid" pos="X">tapsid</wf>
         <wf lemma="süütu" pos="X">süütu</wf>
         <wf lemma="looma" pos="X">looma</wf>
         <wf lemma="!" pos="X">!</wf>
      </sentence>
      <sentence id="d000.s396" source="wordnet-estonian">
         <wf lemma="Oma" pos="X">Oma</wf>
         <wf lemma="elu" pos="X">elu</wf>
         <wf lemma="viimastel" pos="X">viimastel</wf>
         <wf lemma="aastatel" pos="X">aastatel</wf>
         <wf lemma="oli" pos="X">oli</wf>
         <wf lemma="ta" pos="X">ta</wf>
         <wf lemma="päris" pos="X">päris</wf>
         <instance id="d000.s396.t000" lemma="pime" pos="ADJ">pime</instance>
         <wf lemma="." pos="X">.</wf>
      </sentence>
      <sentence id="d000.s397" source="wordnet-estonian">
         <wf lemma="Millise" pos="X">Millise</wf>
         <instance id="d000.s397.t000" lemma="kirik" pos="NOUN">kiriku</instance>
         <wf lemma="liige" pos="X">liige</wf>
         <wf lemma="sa" pos="X">sa</wf>
         <wf lemma="oled" pos="X">oled</wf>
         <wf lemma="?" pos="X">?</wf>
      </sentence>
      <sentence id="d000.s398" source="wordnet-estonian">
         <wf lemma="Miks" pos="X">Miks</wf>
         <wf lemma="eelistas" pos="X">eelistas</wf>
         <wf lemma="autor" pos="X">autor</wf>
         <instance id="d000.s398.t000" lemma="anonüümsus" pos="NOUN">anonüümsust</instance>
         <wf lemma="?" pos="X">?</wf>
      </sentence>
      <sentence id="d000.s399" source="wordnet-estonian">
         <wf lemma="Kirjutasin" pos="X">Kirjutasin</wf>
         <instance id="d000.s399.t000" lemma="kiir" pos="NOUN">kiiruga</instance>
         <wf lemma="mõned" pos="X">mõned</wf>
         <wf lemma="read" pos="X">read</wf>
         <wf lemma="(" pos="X">(</wf>
         <wf lemma="EKSS" pos="X">EKSS</wf>
         <wf lemma=")" pos="X">)</wf>
         <wf lemma="." pos="X">.</wf>
      </sentence>
      <sentence id="d000.s400" source="wordnet-estonian">
         <wf lemma="Polnud" pos="X">Polnud</wf>
         <wf lemma="veel" pos="X">veel</wf>
         <wf lemma="ühistegevust" pos="X">ühistegevust</wf>
         <wf lemma="," pos="X">,</wf>
         <wf lemma="ühisabi" pos="X">ühisabi</wf>
         <wf lemma="," pos="X">,</wf>
         <wf lemma="vastastikku" pos="X">vastastikku</wf>
         <wf lemma="toetamist" pos="X">toetamist</wf>
         <wf lemma="," pos="X">,</wf>
         <wf lemma="lühidalt" pos="X">lühidalt</wf>
         <wf lemma="--" pos="X">--</wf>
         <instance id="d000.s400.t000" lemma="kollektivism" pos="NOUN">kollektivismi</instance>
         <wf lemma="." pos="X">.</wf>
         <wf lemma="." pos="X">.</wf>
         <wf lemma="(" pos="X">(</wf>
         <wf lemma="Autor" pos="X">Autor</wf>
         <wf lemma=":" pos="X">:</wf>
         <wf lemma="M." pos="X">M.</wf>
         <wf lemma="Metsanurk." pos="X">Metsanurk.</wf>
         <wf lemma=")" pos="X">)</wf>
         <wf lemma="." pos="X">.</wf>
      </sentence>
      <sentence id="d000.s401" source="wordnet-estonian">
         <wf lemma="Esietendusel" pos="X">Esietendusel</wf>
         <wf lemma="viibinud" pos="X">viibinud</wf>
         <instance id="d000.s401.t000" lemma="prominent" pos="NOUN">prominendid</instance>
         <wf lemma="." pos="X">.</wf>
         <wf lemma="Intervjuu" pos="X">Intervjuu</wf>
         <wf lemma="prominendiga" pos="X">prominendiga</wf>
         <wf lemma="." pos="X">.</wf>
      </sentence>
      <sentence id="d000.s402" source="wordnet-estonian">
         <wf lemma="Ta" pos="X">Ta</wf>
         <instance id="d000.s402.t000" lemma="andma" pos="VERB">annab</instance>
         <wf lemma="paberi" pos="X">paberi</wf>
         <wf lemma="isale" pos="X">isale</wf>
         <wf lemma="." pos="X">.</wf>
      </sentence>
      <sentence id="d000.s403" source="wordnet-estonian">
         <wf lemma="Kas" pos="X">Kas</wf>
         <wf lemma="eelistad" pos="X">eelistad</wf>
         <instance id="d000.s403.t000" lemma="proosa" pos="NOUN">proosat</instance>
         <wf lemma="või" pos="X">või</wf>
         <wf lemma="luulet" pos="X">luulet</wf>
         <wf lemma="?" pos="X">?</wf>
      </sentence>
      <sentence id="d000.s404" source="wordnet-estonian">
         <wf lemma="Ta" pos="X">Ta</wf>
         <instance id="d000.s404.t000" lemma="hääl" pos="NOUN">hääl</instance>
         <wf lemma="kõlas" pos="X">kõlas</wf>
         <wf lemma="rahulikult" pos="X">rahulikult</wf>
         <wf lemma="ja" pos="X">ja</wf>
         <wf lemma="kindlalt" pos="X">kindlalt</wf>
         <wf lemma="." pos="X">.</wf>
      </sentence>
      <sentence id="d000.s405" source="wordnet-estonian">
         <instance id="d000.s405.t000" lemma="saama" pos="VERB">Sai</instance>
         <wf lemma="sõjas" pos="X">sõjas</wf>
         <wf lemma="," pos="X">,</wf>
         <wf lemma="tulevahetusel" pos="X">tulevahetusel</wf>
         <wf lemma="," pos="X">,</wf>
         <wf lemma="autoavariis" pos="X">autoavariis</wf>
         <wf lemma="surma" pos="X">surma</wf>
         <wf lemma="." pos="X">.</wf>
         <wf lemma="Koer" pos="X">Koer</wf>
         <wf lemma="sai" pos="X">sai</wf>
         <wf lemma="lapsele" pos="X">lapsele</wf>
         <wf lemma="õigel" pos="X">õigel</wf>
         <wf lemma="ajal" pos="X">ajal</wf>
         <wf lemma="appi" pos="X">appi</wf>
         <wf lemma="." pos="X">.</wf>
      </sentence>
      <sentence id="d000.s406" source="wordnet-estonian">
         <wf lemma="Äärmuslik" pos="X">Äärmuslik</wf>
         <instance id="d000.s406.t000" lemma="konservatiiv" pos="NOUN">konservatiiv</instance>
         <wf lemma="." pos="X">.</wf>
         <wf lemma="Konservatiivid" pos="X">Konservatiivid</wf>
         <wf lemma="olid" pos="X">olid</wf>
         <wf lemma="uuenduste" pos="X">uuenduste</wf>
         <wf lemma="ja" pos="X">ja</wf>
         <wf lemma="reformide" pos="X">reformide</wf>
         <wf lemma="vastu" pos="X">vastu</wf>
         <wf lemma="." pos="X">.</wf>
      </sentence>
      <sentence id="d000.s407" source="wordnet-estonian">
         <wf lemma="Sadula" pos="X">Sadula</wf>
         <instance id="d000.s407.t000" lemma="paneel" pos="NOUN">paneelid</instance>
         <wf lemma="on" pos="X">on</wf>
         <wf lemma="täidetud" pos="X">täidetud</wf>
         <wf lemma="villa" pos="X">villa</wf>
         <wf lemma="või" pos="X">või</wf>
         <wf lemma="vildiga" pos="X">vildiga</wf>
         <wf lemma="." pos="X">.</wf>
      </sentence>
      <sentence id="d000.s408" source="wordnet-estonian">
         <wf lemma="Jäähokikoondise" pos="X">Jäähokikoondise</wf>
         <instance id="d000.s408.t000" lemma="kapten" pos="NOUN">kapten</instance>
         <wf lemma="." pos="X">.</wf>
      </sentence>
      <sentence id="d000.s409" source="wordnet-estonian">
         <wf lemma="Analüüsis" pos="X">Analüüsis</wf>
         <wf lemma="pöörati" pos="X">pöörati</wf>
         <wf lemma="peamist" pos="X">peamist</wf>
         <wf lemma="tähelepanu" pos="X">tähelepanu</wf>
         <wf lemma="teose" pos="X">teose</wf>
         <instance id="d000.s409.t000" lemma="sisu" pos="NOUN">sisule</instance>
         <wf lemma="." pos="X">.</wf>
         <wf lemma="Sain" pos="X">Sain</wf>
         <wf lemma="järgmise" pos="X">järgmise</wf>
         <wf lemma="sisuga" pos="X">sisuga</wf>
         <wf lemma="kirja" pos="X">kirja</wf>
         <wf lemma="." pos="X">.</wf>
         <wf lemma="Jutusta" pos="X">Jutusta</wf>
         <wf lemma="mulle" pos="X">mulle</wf>
         <wf lemma="lühidalt" pos="X">lühidalt</wf>
         <wf lemma="ettekande" pos="X">ettekande</wf>
         <wf lemma="sisu" pos="X">sisu</wf>
         <wf lemma="!" pos="X">!</wf>
      </sentence>
      <sentence id="d000.s410" source="wordnet-estonian">
         <wf lemma="Uurali" pos="X">Uurali</wf>
         <wf lemma="," pos="X">,</wf>
         <wf lemma="soome-ugri" pos="X">soome-ugri</wf>
         <wf lemma="," pos="X">,</wf>
         <wf lemma="läänemeresoome" pos="X">läänemeresoome</wf>
         <instance id="d000.s410.t000" lemma="hõim" pos="NOUN">hõimud</instance>
         <wf lemma="." pos="X">.</wf>
      </sentence>
      <sentence id="d000.s411" source="wordnet-estonian">
         <wf lemma="Millisest" pos="X">Millisest</wf>
         <instance id="d000.s411.t000" lemma="allikas" pos="NOUN">allikast</instance>
         <wf lemma="ta" pos="X">ta</wf>
         <wf lemma="küll" pos="X">küll</wf>
         <wf lemma="ammutab" pos="X">ammutab</wf>
         <wf lemma="oma" pos="X">oma</wf>
         <wf lemma="lõpmatu" pos="X">lõpmatu</wf>
         <wf lemma="energia" pos="X">energia</wf>
         <wf lemma="!" pos="X">!</wf>
         <wf lemma="Loodus" pos="X">Loodus</wf>
         <wf lemma="ilu" pos="X">ilu</wf>
         <wf lemma="ning" pos="X">ning</wf>
         <wf lemma="rõõmu" pos="X">rõõmu</wf>
         <wf lemma="allikana" pos="X">allikana</wf>
         <wf lemma="." pos="X">.</wf>
         <wf lemma="Armastus" pos="X">Armastus</wf>
         <wf lemma="on" pos="X">on</wf>
         <wf lemma="tihti" pos="X">tihti</wf>
         <wf lemma="luuletaja" pos="X">luuletaja</wf>
         <wf lemma="inspiratsiooni" pos="X">inspiratsiooni</wf>
         <wf lemma="allikaks" pos="X">allikaks</wf>
         <wf lemma="." pos="X">.</wf>
      </sentence>
      <sentence id="d000.s412" source="wordnet-estonian">
         <wf lemma="See" pos="X">See</wf>
         <wf lemma="lõik" pos="X">lõik</wf>
         <wf lemma="tekstis" pos="X">tekstis</wf>
         <wf lemma="ei" pos="X">ei</wf>
         <wf lemma="ole" pos="X">ole</wf>
         <wf lemma="sisusse" pos="X">sisusse</wf>
         <wf lemma="puutuv" pos="X">puutuv</wf>
         <wf lemma="." pos="X">.</wf>
         <wf lemma="Maalimine" pos="X">Maalimine</wf>
         <wf lemma="ja" pos="X">ja</wf>
         <wf lemma="teised" pos="X">teised</wf>
         <instance id="d000.s412.t000" lemma="seotud" pos="ADJ">seotud</instance>
         <wf lemma="harrastused" pos="X">harrastused</wf>
         <wf lemma="." pos="X">.</wf>
      </sentence>
      <sentence id="d000.s413" source="wordnet-estonian">
         <wf lemma="Kõik" pos="X">Kõik</wf>
         <wf lemma="olid" pos="X">olid</wf>
         <wf lemma="harjunud" pos="X">harjunud</wf>
         <wf lemma="vanamehe" pos="X">vanamehe</wf>
         <instance id="d000.s413.t000" lemma="veidrus" pos="NOUN">veidrustega</instance>
         <wf lemma="." pos="X">.</wf>
      </sentence>
      <sentence id="d000.s414" source="wordnet-estonian">
         <instance id="d000.s414.t000" lemma="paralüüs" pos="NOUN">Paralüüs</instance>
         <wf lemma="on" pos="X">on</wf>
         <wf lemma="lihaste" pos="X">lihaste</wf>
         <wf lemma="aktiivse" pos="X">aktiivse</wf>
         <wf lemma="talitluse" pos="X">talitluse</wf>
         <wf lemma="puudumine" pos="X">puudumine</wf>
         <wf lemma="." pos="X">.</wf>
         <wf lemma="Kõri" pos="X">Kõri</wf>
         <wf lemma="," pos="X">,</wf>
         <wf lemma="häälekurdude" pos="X">häälekurdude</wf>
         <wf lemma="paralüüs" pos="X">paralüüs</wf>
         <wf lemma="." pos="X">.</wf>
         <wf lemma="Progresseeruv" pos="X">Progresseeruv</wf>
         <wf lemma="paralüüs" pos="X">paralüüs</wf>
         <wf lemma="." pos="X">.</wf>
      </sentence>
      <sentence id="d000.s415" source="wordnet-estonian">
         <wf lemma="Metanooli" pos="X">Metanooli</wf>
         <wf lemma="lõhustumisel" pos="X">lõhustumisel</wf>
         <wf lemma="tekivad" pos="X">tekivad</wf>
         <wf lemma="äärmiselt" pos="X">äärmiselt</wf>
         <wf lemma="toksilised" pos="X">toksilised</wf>
         <wf lemma="metaboliidid" pos="X">metaboliidid</wf>
         <wf lemma="-" pos="X">-</wf>
         <wf lemma="esialgu" pos="X">esialgu</wf>
         <wf lemma="formaldehüüd" pos="X">formaldehüüd</wf>
         <wf lemma="(" pos="X">(</wf>
         <instance id="d000.s415.t000" lemma="metanaal" pos="NOUN">metanaal</instance>
         <wf lemma=")" pos="X">)</wf>
         <wf lemma="ja" pos="X">ja</wf>
         <wf lemma="seejärel" pos="X">seejärel</wf>
         <wf lemma="formiaat" pos="X">formiaat</wf>
         <wf lemma="(" pos="X">(</wf>
         <wf lemma="sipelghape" pos="X">sipelghape</wf>
         <wf lemma=")" pos="X">)</wf>
         <wf lemma="," pos="X">,</wf>
         <wf lemma="mis" pos="X">mis</wf>
         <wf lemma="metaboliseerub" pos="X">metaboliseerub</wf>
         <wf lemma="väga" pos="X">väga</wf>
         <wf lemma="aeglaselt" pos="X">aeglaselt</wf>
         <wf lemma="." pos="X">.</wf>
      </sentence>
      <sentence id="d000.s416" source="wordnet-estonian">
         <wf lemma="Esitas" pos="X">Esitas</wf>
         <wf lemma="linnavalitsusele" pos="X">linnavalitsusele</wf>
         <instance id="d000.s416.t000" lemma="taotlus" pos="NOUN">taotluse</instance>
         <wf lemma="korteri" pos="X">korteri</wf>
         <wf lemma="saamiseks" pos="X">saamiseks</wf>
         <wf lemma="." pos="X">.</wf>
      </sentence>
      <sentence id="d000.s417" source="wordnet-estonian">
         <instance id="d000.s417.t000" lemma="agitaator" pos="NOUN">Agitaatorid</instance>
         <wf lemma="selgitavad" pos="X">selgitavad</wf>
         <wf lemma="rahvale" pos="X">rahvale</wf>
         <wf lemma="partei" pos="X">partei</wf>
         <wf lemma="poliitikat" pos="X">poliitikat</wf>
         <wf lemma="." pos="X">.</wf>
      </sentence>
      <sentence id="d000.s418" source="wordnet-estonian">
         <wf lemma="Vangide" pos="X">Vangide</wf>
         <wf lemma="jaoks" pos="X">jaoks</wf>
         <wf lemma="oli" pos="X">oli</wf>
         <wf lemma="trellitatud" pos="X">trellitatud</wf>
         <instance id="d000.s418.t000" lemma="vagun" pos="NOUN">vagun</instance>
         <wf lemma="." pos="X">.</wf>
         <wf lemma="Kümmekonnast" pos="X">Kümmekonnast</wf>
         <wf lemma="vagunist" pos="X">vagunist</wf>
         <wf lemma="koosnev" pos="X">koosnev</wf>
         <wf lemma="rong" pos="X">rong</wf>
         <wf lemma="." pos="X">.</wf>
         <wf lemma="Vagun" pos="X">Vagun</wf>
         <wf lemma="oli" pos="X">oli</wf>
         <wf lemma="inimesi" pos="X">inimesi</wf>
         <wf lemma="puupüsti" pos="X">puupüsti</wf>
         <wf lemma="täis" pos="X">täis</wf>
         <wf lemma="." pos="X">.</wf>
      </sentence>
      <sentence id="d000.s419" source="wordnet-estonian">
         <wf lemma="Ebamaised" pos="X">Ebamaised</wf>
         <wf lemma="," pos="X">,</wf>
         <wf lemma="fantastilised" pos="X">fantastilised</wf>
         <instance id="d000.s419.t000" lemma="koletis" pos="NOUN">koletised</instance>
         <wf lemma="." pos="X">.</wf>
         <wf lemma="Palavikuhaigele" pos="X">Palavikuhaigele</wf>
         <wf lemma="viirastusid" pos="X">viirastusid</wf>
         <wf lemma="igasugused" pos="X">igasugused</wf>
         <wf lemma="koletised" pos="X">koletised</wf>
         <wf lemma="." pos="X">.</wf>
         <wf lemma="Minotaurus" pos="X">Minotaurus</wf>
         <wf lemma="on" pos="X">on</wf>
         <wf lemma="härja" pos="X">härja</wf>
         <wf lemma="pea" pos="X">pea</wf>
         <wf lemma="ja" pos="X">ja</wf>
         <wf lemma="inimese" pos="X">inimese</wf>
         <wf lemma="kehaga" pos="X">kehaga</wf>
         <wf lemma="koletis" pos="X">koletis</wf>
         <wf lemma="." pos="X">.</wf>
         <wf lemma="*" pos="X">*</wf>
         <wf lemma="Ma" pos="X">Ma</wf>
         <wf lemma="ei" pos="X">ei</wf>
         <wf lemma="taha" pos="X">taha</wf>
         <wf lemma="su" pos="X">su</wf>
         <wf lemma="varjugi" pos="X">varjugi</wf>
         <wf lemma="näha" pos="X">näha</wf>
         <wf lemma="," pos="X">,</wf>
         <wf lemma="va" pos="X">va</wf>
         <wf lemma="koletis" pos="X">koletis</wf>
         <wf lemma="." pos="X">.</wf>
         <wf lemma="." pos="X">.</wf>
         <wf lemma="." pos="X">.</wf>
         <wf lemma="Oma" pos="X">Oma</wf>
         <wf lemma="lapsele" pos="X">lapsele</wf>
         <wf lemma="tikub" pos="X">tikub</wf>
         <wf lemma="kallale" pos="X">kallale</wf>
         <wf lemma="." pos="X">.</wf>
         <wf lemma="E." pos="X">E.</wf>
         <wf lemma="Vaigur" pos="X">Vaigur</wf>
         <wf lemma="." pos="X">.</wf>
      </sentence>
      <sentence id="d000.s420" source="wordnet-estonian">
         <wf lemma="Teda" pos="X">Teda</wf>
         <wf lemma="süüdistati" pos="X">süüdistati</wf>
         <instance id="d000.s420.t000" lemma="nõidus" pos="NOUN">nõiduses</instance>
         <wf lemma="." pos="X">.</wf>
      </sentence>
      <sentence id="d000.s421" source="wordnet-estonian">
         <wf lemma="Egiptuse" pos="X">Egiptuse</wf>
         <instance id="d000.s421.t000" lemma="muumia" pos="NOUN">muumiad</instance>
         <wf lemma="sarkofaagides" pos="X">sarkofaagides</wf>
         <wf lemma="." pos="X">.</wf>
      </sentence>
      <sentence id="d000.s422" source="wordnet-estonian">
         <instance id="d000.s422.t000" lemma="raha" pos="NOUN">Raha</instance>
         <wf lemma="väärtus" pos="X">väärtus</wf>
         <wf lemma="tõuseb" pos="X">tõuseb</wf>
         <wf lemma="kogu" pos="X">kogu</wf>
         <wf lemma="aeg" pos="X">aeg</wf>
         <wf lemma="." pos="X">.</wf>
      </sentence>
      <sentence id="d000.s423" source="wordnet-estonian">
         <instance id="d000.s423.t000" lemma="lühike" pos="ADJ">Lühikest</instance>
         <wf lemma="kasvu" pos="X">kasvu</wf>
         <wf lemma="poiss" pos="X">poiss</wf>
         <wf lemma="." pos="X">.</wf>
      </sentence>
      <sentence id="d000.s424" source="wordnet-estonian">
         <wf lemma="Vitstega" pos="X">Vitstega</wf>
         <wf lemma="või" pos="X">või</wf>
         <wf lemma="keppidega" pos="X">keppidega</wf>
         <wf lemma="peksmine" pos="X">peksmine</wf>
         <wf lemma="oli" pos="X">oli</wf>
         <wf lemma="tavaline" pos="X">tavaline</wf>
         <instance id="d000.s424.t000" lemma="nuhtlus" pos="NOUN">nuhtlus</instance>
         <wf lemma="." pos="X">.</wf>
      </sentence>
      <sentence id="d000.s425" source="wordnet-estonian">
         <wf lemma="Poiss" pos="X">Poiss</wf>
         <instance id="d000.s425.t000" lemma="juhtima" pos="VERB">juhtis</instance>
         <wf lemma="jooksu" pos="X">jooksu</wf>
         <wf lemma="esimesed" pos="X">esimesed</wf>
         <wf lemma="200" pos="X">200</wf>
         <wf lemma="meetrit" pos="X">meetrit</wf>
         <wf lemma="." pos="X">.</wf>
      </sentence>
      <sentence id="d000.s426" source="wordnet-estonian">
         <wf lemma="Teoses" pos="X">Teoses</wf>
         <instance id="d000.s426.t000" lemma="vaatlema" pos="VERB">vaadeldakse</instance>
         <wf lemma="talurahvaliikumist" pos="X">talurahvaliikumist</wf>
         <wf lemma="Lõuna-Eestis" pos="X">Lõuna-Eestis</wf>
         <wf lemma="19." pos="X">19.</wf>
         <wf lemma="sajandi" pos="X">sajandi</wf>
         <wf lemma="keskpaiku" pos="X">keskpaiku</wf>
         <wf lemma="." pos="X">.</wf>
         <wf lemma="(" pos="X">(</wf>
         <wf lemma="EKSS" pos="X">EKSS</wf>
         <wf lemma=")" pos="X">)</wf>
         <wf lemma="." pos="X">.</wf>
      </sentence>
      <sentence id="d000.s427" source="wordnet-estonian">
         <wf lemma="Tunnetab" pos="X">Tunnetab</wf>
         <wf lemma="oma" pos="X">oma</wf>
         <wf lemma="tühisust" pos="X">tühisust</wf>
         <wf lemma="ja" pos="X">ja</wf>
         <instance id="d000.s427.t000" lemma="tähtsusetus" pos="NOUN">tähtsusetust</instance>
         <wf lemma="(" pos="X">(</wf>
         <wf lemma="EKSS" pos="X">EKSS</wf>
         <wf lemma=")" pos="X">)</wf>
         <wf lemma="." pos="X">.</wf>
      </sentence>
      <sentence id="d000.s428" source="wordnet-estonian">
         <wf lemma="Lihtsus" pos="X">Lihtsus</wf>
         <wf lemma="ei" pos="X">ei</wf>
         <wf lemma="tähenda" pos="X">tähenda</wf>
         <wf lemma="alati" pos="X">alati</wf>
         <wf lemma="primitiivsust" pos="X">primitiivsust</wf>
         <wf lemma="ega" pos="X">ega</wf>
         <instance id="d000.s428.t000" lemma="algelisus" pos="NOUN">algelisust</instance>
         <wf lemma="." pos="X">.</wf>
         <wf lemma="Esimeste" pos="X">Esimeste</wf>
         <wf lemma="tööriistade" pos="X">tööriistade</wf>
         <wf lemma="algelisus" pos="X">algelisus</wf>
         <wf lemma="." pos="X">.</wf>
         <wf lemma="*" pos="X">*</wf>
         <wf lemma="Teda" pos="X">Teda</wf>
         <wf lemma="häirisid" pos="X">häirisid</wf>
         <wf lemma="väga" pos="X">väga</wf>
         <wf lemma="naise" pos="X">naise</wf>
         <wf lemma="jõhkrus" pos="X">jõhkrus</wf>
         <wf lemma="," pos="X">,</wf>
         <wf lemma="algelisus" pos="X">algelisus</wf>
         <wf lemma="," pos="X">,</wf>
         <wf lemma="metsinimese" pos="X">metsinimese</wf>
         <wf lemma="asjade" pos="X">asjade</wf>
         <wf lemma="omamise" pos="X">omamise</wf>
         <wf lemma="kirg." pos="X">kirg.</wf>
         <wf lemma="." pos="X">.</wf>
         <wf lemma="(" pos="X">(</wf>
         <wf lemma="Autor" pos="X">Autor</wf>
         <wf lemma=":" pos="X">:</wf>
         <wf lemma="L." pos="X">L.</wf>
         <wf lemma="Promet." pos="X">Promet.</wf>
         <wf lemma=")" pos="X">)</wf>
         <wf lemma="." pos="X">.</wf>
      </sentence>
      <sentence id="d000.s429" source="wordnet-estonian">
         <wf lemma="Veest" pos="X">Veest</wf>
         <wf lemma="tulnud" pos="X">tulnud</wf>
         <wf lemma="koer" pos="X">koer</wf>
         <instance id="d000.s429.t000" lemma="kuivatama" pos="VERB">kuivatas</instance>
         <wf lemma="end" pos="X">end</wf>
         <wf lemma="päikese" pos="X">päikese</wf>
         <wf lemma="käes" pos="X">käes</wf>
         <wf lemma="(" pos="X">(</wf>
         <wf lemma="EKSS" pos="X">EKSS</wf>
         <wf lemma=")" pos="X">)</wf>
         <wf lemma="." pos="X">.</wf>
      </sentence>
      <sentence id="d000.s430" source="wordnet-estonian">
         <wf lemma="Autorile" pos="X">Autorile</wf>
         <wf lemma="ei" pos="X">ei</wf>
         <wf lemma="meeldi" pos="X">meeldi</wf>
         <wf lemma="," pos="X">,</wf>
         <wf lemma="kui" pos="X">kui</wf>
         <wf lemma="tema" pos="X">tema</wf>
         <wf lemma="teoseid" pos="X">teoseid</wf>
         <instance id="d000.s430.t000" lemma="arvustama" pos="VERB">arvustatakse</instance>
         <wf lemma="." pos="X">.</wf>
      </sentence>
      <sentence id="d000.s431" source="wordnet-estonian">
         <wf lemma="Filmi" pos="X">Filmi</wf>
         <instance id="d000.s431.t000" lemma="algus" pos="NOUN">algus</instance>
         <wf lemma="oli" pos="X">oli</wf>
         <wf lemma="igav" pos="X">igav</wf>
         <wf lemma="(" pos="X">(</wf>
         <wf lemma="EKSS" pos="X">EKSS</wf>
         <wf lemma=")" pos="X">)</wf>
         <wf lemma="." pos="X">.</wf>
      </sentence>
      <sentence id="d000.s432" source="wordnet-estonian">
         <wf lemma="Kasvatab" pos="X">Kasvatab</wf>
         <instance id="d000.s432.t000" lemma="tomat" pos="NOUN">tomatit</instance>
         <wf lemma="kasvuhoones" pos="X">kasvuhoones</wf>
         <wf lemma="(" pos="X">(</wf>
         <wf lemma="EKSS" pos="X">EKSS</wf>
         <wf lemma=")" pos="X">)</wf>
         <wf lemma="." pos="X">.</wf>
      </sentence>
      <sentence id="d000.s433" source="wordnet-estonian">
         <wf lemma="Tahan" pos="X">Tahan</wf>
         <instance id="d000.s433.t000" lemma="saama" pos="VERB">saada</instance>
         <wf lemma="näitlejaks" pos="X">näitlejaks</wf>
         <wf lemma="," pos="X">,</wf>
         <wf lemma="õpetajaks" pos="X">õpetajaks</wf>
         <wf lemma="." pos="X">.</wf>
         <wf lemma="Ta" pos="X">Ta</wf>
         <wf lemma="on" pos="X">on</wf>
         <wf lemma="oma" pos="X">oma</wf>
         <wf lemma="ala" pos="X">ala</wf>
         <wf lemma="meistriks" pos="X">meistriks</wf>
         <wf lemma="saanud" pos="X">saanud</wf>
         <wf lemma="." pos="X">.</wf>
      </sentence>
      <sentence id="d000.s434" source="wordnet-estonian">
         <wf lemma="Suurvene" pos="X">Suurvene</wf>
         <instance id="d000.s434.t000" lemma="šovinism" pos="NOUN">šovinism</instance>
         <wf lemma="." pos="X">.</wf>
         <wf lemma="(" pos="X">(</wf>
         <wf lemma="EKSS" pos="X">EKSS</wf>
         <wf lemma=")" pos="X">)</wf>
         <wf lemma="." pos="X">.</wf>
      </sentence>
      <sentence id="d000.s435" source="wordnet-estonian">
         <wf lemma="Kõrgel" pos="X">Kõrgel</wf>
         <wf lemma="temperatuuril" pos="X">temperatuuril</wf>
         <wf lemma="kulgev" pos="X">kulgev</wf>
         <instance id="d000.s435.t000" lemma="reaktsioon" pos="NOUN">reaktsioon</instance>
         <wf lemma="(" pos="X">(</wf>
         <wf lemma="EKSS" pos="X">EKSS</wf>
         <wf lemma=")" pos="X">)</wf>
         <wf lemma="." pos="X">.</wf>
      </sentence>
      <sentence id="d000.s436" source="wordnet-estonian">
         <instance id="d000.s436.t000" lemma="faktooring" pos="NOUN">Faktooringut</instance>
         <wf lemma="pakkuma" pos="X">pakkuma</wf>
         <wf lemma="," pos="X">,</wf>
         <wf lemma="kasutama" pos="X">kasutama</wf>
         <wf lemma="." pos="X">.</wf>
         <wf lemma="(" pos="X">(</wf>
         <wf lemma="EKSS" pos="X">EKSS</wf>
         <wf lemma=")" pos="X">)</wf>
         <wf lemma="." pos="X">.</wf>
      </sentence>
      <sentence id="d000.s437" source="wordnet-estonian">
         <instance id="d000.s437.t000" lemma="sonaat" pos="NOUN">Sonaat</instance>
         <wf lemma="viiulile" pos="X">viiulile</wf>
         <wf lemma="(" pos="X">(</wf>
         <wf lemma="EKSS" pos="X">EKSS</wf>
         <wf lemma=")" pos="X">)</wf>
         <wf lemma="." pos="X">.</wf>
      </sentence>
      <sentence id="d000.s438" source="wordnet-estonian">
         <wf lemma="Kolmanda" pos="X">Kolmanda</wf>
         <wf lemma="pataljoni" pos="X">pataljoni</wf>
         <wf lemma="neljas" pos="X">neljas</wf>
         <wf lemma="rood" pos="X">rood</wf>
         <wf lemma="liikus" pos="X">liikus</wf>
         <wf lemma="polgu" pos="X">polgu</wf>
         <instance id="d000.s438.t000" lemma="avangard" pos="NOUN">avangardis</instance>
         <wf lemma="." pos="X">.</wf>
      </sentence>
      <sentence id="d000.s439" source="wordnet-estonian">
         <wf lemma="Järve" pos="X">Järve</wf>
         <wf lemma="põhi" pos="X">põhi</wf>
         <wf lemma="on" pos="X">on</wf>
         <wf lemma="mudane" pos="X">mudane</wf>
         <wf lemma="ja" pos="X">ja</wf>
         <instance id="d000.s439.t000" lemma="pehme" pos="ADJ">pehme</instance>
         <wf lemma="." pos="X">.</wf>
         <wf lemma="Teerada" pos="X">Teerada</wf>
         <wf lemma="muutus" pos="X">muutus</wf>
         <wf lemma="poriseks" pos="X">poriseks</wf>
         <wf lemma="ja" pos="X">ja</wf>
         <wf lemma="järjest" pos="X">järjest</wf>
         <wf lemma="pehmemaks" pos="X">pehmemaks</wf>
         <wf lemma="." pos="X">.</wf>
      </sentence>
      <sentence id="d000.s440" source="wordnet-estonian">
         <wf lemma="Huvitava" pos="X">Huvitava</wf>
         <instance id="d000.s440.t000" lemma="programm" pos="NOUN">programmiga</instance>
         <wf lemma="telekanal" pos="X">telekanal</wf>
         <wf lemma="." pos="X">.</wf>
      </sentence>
      <sentence id="d000.s441" source="wordnet-estonian">
         <wf lemma="Elu" pos="X">Elu</wf>
         <wf lemma="lõppemine" pos="X">lõppemine</wf>
         <instance id="d000.s441.t000" lemma="surm" pos="NOUN">surmaga</instance>
         <wf lemma="on" pos="X">on</wf>
         <wf lemma="paratamatu" pos="X">paratamatu</wf>
         <wf lemma="(" pos="X">(</wf>
         <wf lemma="EKSS" pos="X">EKSS</wf>
         <wf lemma=")" pos="X">)</wf>
         <wf lemma="." pos="X">.</wf>
      </sentence>
      <sentence id="d000.s442" source="wordnet-estonian">
         <wf lemma="Kartulid" pos="X">Kartulid</wf>
         <instance id="d000.s442.t000" lemma="lõikama" pos="VERB">lõikame</instance>
         <wf lemma="pooleks" pos="X">pooleks</wf>
         <wf lemma="," pos="X">,</wf>
         <wf lemma="viiludeks" pos="X">viiludeks</wf>
         <wf lemma="," pos="X">,</wf>
         <wf lemma="kuubikuteks" pos="X">kuubikuteks</wf>
         <wf lemma="." pos="X">.</wf>
      </sentence>
      <sentence id="d000.s443" source="wordnet-estonian">
         <wf lemma="Töötoast" pos="X">Töötoast</wf>
         <wf lemma="läks" pos="X">läks</wf>
         <wf lemma="uks" pos="X">uks</wf>
         <wf lemma="taraga" pos="X">taraga</wf>
         <wf lemma="piiratud" pos="X">piiratud</wf>
         <instance id="d000.s443.t000" lemma="aed" pos="NOUN">aeda</instance>
         <wf lemma="." pos="X">.</wf>
      </sentence>
      <sentence id="d000.s444" source="wordnet-estonian">
         <wf lemma="Tellis" pos="X">Tellis</wf>
         <wf lemma="baaris" pos="X">baaris</wf>
         <wf lemma="ühe" pos="X">ühe</wf>
         <instance id="d000.s444.t000" lemma="kokteil" pos="NOUN">kokteili</instance>
         <wf lemma="." pos="X">.</wf>
      </sentence>
      <sentence id="d000.s445" source="wordnet-estonian">
         <wf lemma="Lehmi" pos="X">Lehmi</wf>
         <instance id="d000.s445.t000" lemma="lüpsma" pos="VERB">lüpstakse</instance>
         <wf lemma="kolm" pos="X">kolm</wf>
         <wf lemma="korda" pos="X">korda</wf>
         <wf lemma="päevas" pos="X">päevas</wf>
         <wf lemma="." pos="X">.</wf>
      </sentence>
      <sentence id="d000.s446" source="wordnet-estonian">
         <wf lemma="Tööd" pos="X">Tööd</wf>
         <wf lemma="ja" pos="X">ja</wf>
         <instance id="d000.s446.t000" lemma="leib" pos="NOUN">leiba</instance>
         <wf lemma="jätkub" pos="X">jätkub</wf>
         <wf lemma="kõigile" pos="X">kõigile</wf>
         <wf lemma="." pos="X">.</wf>
         <wf lemma="Juba" pos="X">Juba</wf>
         <wf lemma="lapsena" pos="X">lapsena</wf>
         <wf lemma="tuli" pos="X">tuli</wf>
         <wf lemma="hakata" pos="X">hakata</wf>
         <wf lemma="endale" pos="X">endale</wf>
         <wf lemma="leiba" pos="X">leiba</wf>
         <wf lemma="teenima" pos="X">teenima</wf>
         <wf lemma="." pos="X">.</wf>
      </sentence>
      <sentence id="d000.s447" source="wordnet-estonian">
         <wf lemma="Peipsi" pos="X">Peipsi</wf>
         <instance id="d000.s447.t000" lemma="siig" pos="NOUN">siig</instance>
         <wf lemma="." pos="X">.</wf>
      </sentence>
      <sentence id="d000.s448" source="wordnet-estonian">
         <wf lemma="Nii" pos="X">Nii</wf>
         <wf lemma="lepatriinu" pos="X">lepatriinu</wf>
         <wf lemma="kui" pos="X">kui</wf>
         <wf lemma="ta" pos="X">ta</wf>
         <instance id="d000.s448.t000" lemma="vastne" pos="NOUN">vastne</instance>
         <wf lemma="toituvad" pos="X">toituvad</wf>
         <wf lemma="lehetäidest" pos="X">lehetäidest</wf>
         <wf lemma="ja" pos="X">ja</wf>
         <wf lemma="väikestest" pos="X">väikestest</wf>
         <wf lemma="röövikutest" pos="X">röövikutest</wf>
         <wf lemma="." pos="X">.</wf>
      </sentence>
      <sentence id="d000.s449" source="wordnet-estonian">
         <wf lemma="XVII" pos="X">XVII</wf>
         <wf lemma="saj." pos="X">saj.</wf>
         <wf lemma="nimetati" pos="X">nimetati</wf>
         <wf lemma="gümnaasiume" pos="X">gümnaasiume</wf>
         <wf lemma="ka" pos="X">ka</wf>
         <instance id="d000.s449.t000" lemma="akadeemia" pos="NOUN">akadeemiateks</instance>
         <wf lemma="." pos="X">.</wf>
      </sentence>
      <sentence id="d000.s450" source="wordnet-estonian">
         <instance id="d000.s450.t000" lemma="film" pos="NOUN">Filmi</instance>
         <wf lemma="ilmutama" pos="X">ilmutama</wf>
         <wf lemma="," pos="X">,</wf>
         <wf lemma="kinnistama" pos="X">kinnistama</wf>
         <wf lemma="," pos="X">,</wf>
         <wf lemma="kopeerima" pos="X">kopeerima</wf>
         <wf lemma="(" pos="X">(</wf>
         <wf lemma="EKSS" pos="X">EKSS</wf>
         <wf lemma=")" pos="X">)</wf>
         <wf lemma="." pos="X">.</wf>
      </sentence>
      <sentence id="d000.s451" source="wordnet-estonian">
         <wf lemma="Töötab" pos="X">Töötab</wf>
         <wf lemma="laeval" pos="X">laeval</wf>
         <instance id="d000.s451.t000" lemma="stjuuard" pos="NOUN">stjuuardina</instance>
         <wf lemma="." pos="X">.</wf>
      </sentence>
      <sentence id="d000.s452" source="wordnet-estonian">
         <wf lemma="23.-24." pos="X">23.-24.</wf>
         <wf lemma="veebruaril" pos="X">veebruaril</wf>
         <wf lemma="1918" pos="X">1918</wf>
         <wf lemma="loeti" pos="X">loeti</wf>
         <wf lemma="avalikult" pos="X">avalikult</wf>
         <wf lemma="ette" pos="X">ette</wf>
         <wf lemma="ja" pos="X">ja</wf>
         <instance id="d000.s452.t000" lemma="avaldama" pos="VERB">avaldati</instance>
         <wf lemma="trükis" pos="X">trükis</wf>
         <wf lemma="&quot;" pos="X">&quot;</wf>
         <wf lemma="Manifest" pos="X">Manifest</wf>
         <wf lemma="kõigile" pos="X">kõigile</wf>
         <wf lemma="Eestimaa" pos="X">Eestimaa</wf>
         <wf lemma="rahvastele" pos="X">rahvastele</wf>
         <wf lemma="&quot;" pos="X">&quot;</wf>
         <wf lemma="." pos="X">.</wf>
      </sentence>
      <sentence id="d000.s453" source="wordnet-estonian">
         <wf lemma="Mina" pos="X">Mina</wf>
         <instance id="d000.s453.t000" lemma="nüüd" pos="ADV">nüüd</instance>
         <wf lemma="küll" pos="X">küll</wf>
         <wf lemma="pole" pos="X">pole</wf>
         <wf lemma="seda" pos="X">seda</wf>
         <wf lemma="öelnud" pos="X">öelnud</wf>
         <wf lemma="!" pos="X">!</wf>
      </sentence>
      <sentence id="d000.s454" source="wordnet-estonian">
         <wf lemma="Suessi" pos="X">Suessi</wf>
         <wf lemma="kanal" pos="X">kanal</wf>
         <instance id="d000.s454.t000" lemma="lühendama" pos="VERB">lühendas</instance>
         <wf lemma="laevateed" pos="X">laevateed</wf>
         <wf lemma="Euroopa" pos="X">Euroopa</wf>
         <wf lemma="ja" pos="X">ja</wf>
         <wf lemma="India" pos="X">India</wf>
         <wf lemma="vahel" pos="X">vahel</wf>
         <wf lemma="." pos="X">.</wf>
         <wf lemma="Lühendan" pos="X">Lühendan</wf>
         <wf lemma="sammu" pos="X">sammu</wf>
         <wf lemma="." pos="X">.</wf>
         <wf lemma="Seelikut" pos="X">Seelikut</wf>
         <wf lemma="lühendama" pos="X">lühendama</wf>
         <wf lemma="." pos="X">.</wf>
      </sentence>
      <sentence id="d000.s455" source="wordnet-estonian">
         <wf lemma="Alkoholijoobes" pos="X">Alkoholijoobes</wf>
         <wf lemma="ei" pos="X">ei</wf>
         <wf lemma="tohi" pos="X">tohi</wf>
         <instance id="d000.s455.t000" lemma="rool" pos="NOUN">rooli</instance>
         <wf lemma="taha" pos="X">taha</wf>
         <wf lemma="istuda" pos="X">istuda</wf>
         <wf lemma="." pos="X">.</wf>
      </sentence>
      <sentence id="d000.s456" source="wordnet-estonian">
         <wf lemma="Görlid" pos="X">Görlid</wf>
         <wf lemma="tantsisid" pos="X">tantsisid</wf>
         <wf lemma="laval" pos="X">laval</wf>
         <instance id="d000.s456.t000" lemma="kankaan" pos="NOUN">kankaani</instance>
         <wf lemma="." pos="X">.</wf>
         <wf lemma="(" pos="X">(</wf>
         <wf lemma="EKSS" pos="X">EKSS</wf>
         <wf lemma=")" pos="X">)</wf>
         <wf lemma="." pos="X">.</wf>
      </sentence>
      <sentence id="d000.s457" source="wordnet-estonian">
         <wf lemma="Tuumafüüsikud" pos="X">Tuumafüüsikud</wf>
         <wf lemma="tegid" pos="X">tegid</wf>
         <wf lemma="tähtsa" pos="X">tähtsa</wf>
         <instance id="d000.s457.t000" lemma="avastus" pos="NOUN">avastuse</instance>
         <wf lemma="." pos="X">.</wf>
      </sentence>
      <sentence id="d000.s458" source="wordnet-estonian">
         <wf lemma="Feodaalide" pos="X">Feodaalide</wf>
         <wf lemma="," pos="X">,</wf>
         <wf lemma="kapitalistide" pos="X">kapitalistide</wf>
         <instance id="d000.s458.t000" lemma="klass" pos="NOUN">klass</instance>
         <wf lemma="(" pos="X">(</wf>
         <wf lemma="EKSS" pos="X">EKSS</wf>
         <wf lemma=")" pos="X">)</wf>
         <wf lemma="." pos="X">.</wf>
      </sentence>
      <sentence id="d000.s459" source="wordnet-estonian">
         <wf lemma="Koolis" pos="X">Koolis</wf>
         <wf lemma="õpib" pos="X">õpib</wf>
         <instance id="d000.s459.t000" lemma="palju" pos="ADV">palju</instance>
         <wf lemma="lapsi" pos="X">lapsi</wf>
         <wf lemma="." pos="X">.</wf>
      </sentence>
      <sentence id="d000.s460" source="wordnet-estonian">
         <wf lemma="Aistingud" pos="X">Aistingud</wf>
         <wf lemma="kujunevad" pos="X">kujunevad</wf>
         <instance id="d000.s460.t000" lemma="analüsaator" pos="NOUN">analüsaatorite</instance>
         <wf lemma="vahendusel" pos="X">vahendusel</wf>
         <wf lemma="." pos="X">.</wf>
      </sentence>
      <sentence id="d000.s461" source="wordnet-estonian">
         <wf lemma="Arheoloogid" pos="X">Arheoloogid</wf>
         <wf lemma="leidsid" pos="X">leidsid</wf>
         <wf lemma="umbes" pos="X">umbes</wf>
         <wf lemma="meetri" pos="X">meetri</wf>
         <instance id="d000.s461.t000" lemma="sügavus" pos="NOUN">sügavusest</instance>
         <wf lemma="peitevara" pos="X">peitevara</wf>
         <wf lemma="(" pos="X">(</wf>
         <wf lemma="EKSS" pos="X">EKSS</wf>
         <wf lemma=")" pos="X">)</wf>
         <wf lemma="." pos="X">.</wf>
      </sentence>
      <sentence id="d000.s462" source="wordnet-estonian">
         <wf lemma="Kui" pos="X">Kui</wf>
         <wf lemma="oled" pos="X">oled</wf>
         <instance id="d000.s462.t000" lemma="lubadus" pos="NOUN">lubaduse</instance>
         <wf lemma="andnud" pos="X">andnud</wf>
         <wf lemma="," pos="X">,</wf>
         <wf lemma="tuleb" pos="X">tuleb</wf>
         <wf lemma="see" pos="X">see</wf>
         <wf lemma="ka" pos="X">ka</wf>
         <wf lemma="täita" pos="X">täita</wf>
         <wf lemma="." pos="X">.</wf>
      </sentence>
      <sentence id="d000.s463" source="wordnet-estonian">
         <instance id="d000.s463.t000" lemma="raadio" pos="NOUN">Raadio</instance>
         <wf lemma="ja" pos="X">ja</wf>
         <wf lemma="televisiooni" pos="X">televisiooni</wf>
         <wf lemma="kiire" pos="X">kiire</wf>
         <wf lemma="areng" pos="X">areng</wf>
         <wf lemma="(" pos="X">(</wf>
         <wf lemma="EKSS" pos="X">EKSS</wf>
         <wf lemma=")" pos="X">)</wf>
         <wf lemma="." pos="X">.</wf>
      </sentence>
      <sentence id="d000.s464" source="wordnet-estonian">
         <wf lemma="Fotograafi" pos="X">Fotograafi</wf>
         <wf lemma="juures" pos="X">juures</wf>
         <wf lemma="pandi" pos="X">pandi</wf>
         <wf lemma="igaüks" pos="X">igaüks</wf>
         <wf lemma="oma" pos="X">oma</wf>
         <instance id="d000.s464.t000" lemma="tool" pos="NOUN">toolile</instance>
         <wf lemma="istuma" pos="X">istuma</wf>
         <wf lemma="." pos="X">.</wf>
      </sentence>
      <sentence id="d000.s465" source="wordnet-estonian">
         <wf lemma="Iga" pos="X">Iga</wf>
         <instance id="d000.s465.t000" lemma="tõlge" pos="NOUN">tõlge</instance>
         <wf lemma="on" pos="X">on</wf>
         <wf lemma="mingil" pos="X">mingil</wf>
         <wf lemma="määral" pos="X">määral</wf>
         <wf lemma="mugandus" pos="X">mugandus</wf>
         <wf lemma="ja" pos="X">ja</wf>
         <wf lemma="midagi" pos="X">midagi</wf>
         <wf lemma="jääb" pos="X">jääb</wf>
         <wf lemma="alati" pos="X">alati</wf>
         <wf lemma="tõlkimatuks" pos="X">tõlkimatuks</wf>
         <wf lemma="." pos="X">.</wf>
         <wf lemma="(" pos="X">(</wf>
         <wf lemma="J." pos="X">J.</wf>
         <wf lemma="Rähesoo" pos="X">Rähesoo</wf>
         <wf lemma=")" pos="X">)</wf>
         <wf lemma="." pos="X">.</wf>
      </sentence>
      <sentence id="d000.s466" source="wordnet-estonian">
         <wf lemma="Ravi" pos="X">Ravi</wf>
         <wf lemma="tuleb" pos="X">tuleb</wf>
         <wf lemma="veel" pos="X">veel</wf>
         <wf lemma="kaua" pos="X">kaua</wf>
         <instance id="d000.s466.t000" lemma="jätkama" pos="VERB">jätkata</instance>
         <wf lemma="." pos="X">.</wf>
      </sentence>
      <sentence id="d000.s467" source="wordnet-estonian">
         <wf lemma="Kasina" pos="X">Kasina</wf>
         <instance id="d000.s467.t000" lemma="musikaalsus" pos="NOUN">musikaalsusega</instance>
         <wf lemma="inimene" pos="X">inimene</wf>
         <wf lemma="." pos="X">.</wf>
         <wf lemma="Väikese" pos="X">Väikese</wf>
         <wf lemma="lapse" pos="X">lapse</wf>
         <wf lemma="musikaalsust" pos="X">musikaalsust</wf>
         <wf lemma="on" pos="X">on</wf>
         <wf lemma="raske" pos="X">raske</wf>
         <wf lemma="hinnata" pos="X">hinnata</wf>
         <wf lemma="." pos="X">.</wf>
      </sentence>
      <sentence id="d000.s468" source="wordnet-estonian">
         <instance id="d000.s468.t000" lemma="pime" pos="NOUN">Pime</instance>
         <wf lemma="oli" pos="X">oli</wf>
         <wf lemma="oma" pos="X">oma</wf>
         <wf lemma="nägemise" pos="X">nägemise</wf>
         <wf lemma="kaotanud" pos="X">kaotanud</wf>
         <wf lemma="sõjas" pos="X">sõjas</wf>
         <wf lemma="." pos="X">.</wf>
      </sentence>
      <sentence id="d000.s469" source="wordnet-estonian">
         <wf lemma="Olukord" pos="X">Olukord</wf>
         <wf lemma="on" pos="X">on</wf>
         <instance id="d000.s469.t000" lemma="tegelikult" pos="ADV">tegelikult</instance>
         <wf lemma="tõsine" pos="X">tõsine</wf>
         <wf lemma="." pos="X">.</wf>
      </sentence>
      <sentence id="d000.s470" source="wordnet-estonian">
         <wf lemma="Üksi" pos="X">Üksi</wf>
         <wf lemma="on" pos="X">on</wf>
         <instance id="d000.s470.t000" lemma="muidugi" pos="ADV">muidugi</instance>
         <wf lemma="raske" pos="X">raske</wf>
         <wf lemma="hakkama" pos="X">hakkama</wf>
         <wf lemma="saada" pos="X">saada</wf>
         <wf lemma="." pos="X">.</wf>
      </sentence>
      <sentence id="d000.s471" source="wordnet-estonian">
         <instance id="d000.s471.t000" lemma="anabaptist" pos="NOUN">Anabaptistid</instance>
         <wf lemma="keeldusid" pos="X">keeldusid</wf>
         <wf lemma="väikelaste" pos="X">väikelaste</wf>
         <wf lemma="ristimisest" pos="X">ristimisest</wf>
         <wf lemma="." pos="X">.</wf>
      </sentence>
      <sentence id="d000.s472" source="wordnet-estonian">
         <wf lemma="Ülikooli" pos="X">Ülikooli</wf>
         <wf lemma="," pos="X">,</wf>
         <wf lemma="muusikaakadeemia" pos="X">muusikaakadeemia</wf>
         <instance id="d000.s472.t000" lemma="professor" pos="NOUN">professor</instance>
         <wf lemma="(" pos="X">(</wf>
         <wf lemma="EKSS" pos="X">EKSS</wf>
         <wf lemma=")" pos="X">)</wf>
         <wf lemma="." pos="X">.</wf>
      </sentence>
      <sentence id="d000.s473" source="wordnet-estonian">
         <wf lemma="Õpilane" pos="X">Õpilane</wf>
         <wf lemma="on" pos="X">on</wf>
         <instance id="d000.s473.t000" lemma="omandama" pos="VERB">omandanud</instance>
         <wf lemma="aine" pos="X">aine</wf>
         <wf lemma="põhjalikult" pos="X">põhjalikult</wf>
         <wf lemma="." pos="X">.</wf>
      </sentence>
      <sentence id="d000.s474" source="wordnet-estonian">
         <instance id="d000.s474.t000" lemma="istung" pos="NOUN">Istungist</instance>
         <wf lemma="võttis" pos="X">võttis</wf>
         <wf lemma="osa" pos="X">osa</wf>
         <wf lemma="mitusada" pos="X">mitusada</wf>
         <wf lemma="saadikut" pos="X">saadikut</wf>
         <wf lemma="." pos="X">.</wf>
      </sentence>
      <sentence id="d000.s475" source="wordnet-estonian">
         <wf lemma="Tegu" pos="X">Tegu</wf>
         <wf lemma="on" pos="X">on</wf>
         <wf lemma="vastuolus" pos="X">vastuolus</wf>
         <wf lemma="määrustiku" pos="X">määrustiku</wf>
         <instance id="d000.s475.t000" lemma="paragrahv" pos="NOUN">paragrahvidega</instance>
         <wf lemma="." pos="X">.</wf>
         <wf lemma="Ta" pos="X">Ta</wf>
         <wf lemma="kandis" pos="X">kandis</wf>
         <wf lemma="karistust" pos="X">karistust</wf>
         <wf lemma="paragrahv" pos="X">paragrahv</wf>
         <wf lemma="174" pos="X">174</wf>
         <wf lemma="põhjal" pos="X">põhjal</wf>
         <wf lemma="." pos="X">.</wf>
      </sentence>
      <sentence id="d000.s476" source="wordnet-estonian">
         <wf lemma="Onu" pos="X">Onu</wf>
         <wf lemma="jättis" pos="X">jättis</wf>
         <instance id="d000.s476.t000" lemma="joomine" pos="NOUN">joomise</instance>
         <wf lemma="maha" pos="X">maha</wf>
         <wf lemma="." pos="X">.</wf>
      </sentence>
      <sentence id="d000.s477" source="wordnet-estonian">
         <instance id="d000.s477.t000" lemma="alkohol" pos="NOUN">Alkoholi</instance>
         <wf lemma="tarvitama" pos="X">tarvitama</wf>
         <wf lemma="(" pos="X">(</wf>
         <wf lemma="EKSS" pos="X">EKSS</wf>
         <wf lemma=")" pos="X">)</wf>
         <wf lemma="." pos="X">.</wf>
      </sentence>
      <sentence id="d000.s478" source="wordnet-estonian">
         <wf lemma="Ostes" pos="X">Ostes</wf>
         <wf lemma="tuleb" pos="X">tuleb</wf>
         <wf lemma="kontrollida" pos="X">kontrollida</wf>
         <wf lemma="aparaadi" pos="X">aparaadi</wf>
         <wf lemma="kõigi" pos="X">kõigi</wf>
         <instance id="d000.s478.t000" lemma="osa" pos="NOUN">osade</instance>
         <wf lemma="olemasolu" pos="X">olemasolu</wf>
         <wf lemma="." pos="X">.</wf>
      </sentence>
      <sentence id="d000.s479" source="wordnet-estonian">
         <wf lemma="Mehed" pos="X">Mehed</wf>
         <wf lemma="vahetasid" pos="X">vahetasid</wf>
         <wf lemma="tähendusrikkaid" pos="X">tähendusrikkaid</wf>
         <instance id="d000.s479.t000" lemma="pilk" pos="NOUN">pilke</instance>
         <wf lemma="." pos="X">.</wf>
      </sentence>
      <sentence id="d000.s480" source="wordnet-estonian">
         <wf lemma="Kalur" pos="X">Kalur</wf>
         <wf lemma="sõudis" pos="X">sõudis</wf>
         <wf lemma="nii" pos="X">nii</wf>
         <wf lemma="," pos="X">,</wf>
         <wf lemma="et" pos="X">et</wf>
         <instance id="d000.s480.t000" lemma="aer" pos="NOUN">aerud</instance>
         <wf lemma="raksusid" pos="X">raksusid</wf>
         <wf lemma="." pos="X">.</wf>
      </sentence>
      <sentence id="d000.s481" source="wordnet-estonian">
         <wf lemma="Viiulil" pos="X">Viiulil</wf>
         <wf lemma="katkes" pos="X">katkes</wf>
         <instance id="d000.s481.t000" lemma="keel" pos="NOUN">keel</instance>
         <wf lemma="." pos="X">.</wf>
         <wf lemma="Tõmbab" pos="X">Tõmbab</wf>
         <wf lemma="poognaga" pos="X">poognaga</wf>
         <wf lemma="üle" pos="X">üle</wf>
         <wf lemma="keelte" pos="X">keelte</wf>
         <wf lemma="." pos="X">.</wf>
      </sentence>
      <sentence id="d000.s482" source="wordnet-estonian">
         <wf lemma="Läbipaistev" pos="X">Läbipaistev</wf>
         <wf lemma="," pos="X">,</wf>
         <wf lemma="tihe" pos="X">tihe</wf>
         <instance id="d000.s482.t000" lemma="orkestratsioon" pos="NOUN">orkestratsioon</instance>
         <wf lemma="." pos="X">.</wf>
         <wf lemma="Rahvamuusika" pos="X">Rahvamuusika</wf>
         <wf lemma="tänapäevases" pos="X">tänapäevases</wf>
         <wf lemma="orkestratsioonis" pos="X">orkestratsioonis</wf>
         <wf lemma="." pos="X">.</wf>
         <wf lemma="Selle" pos="X">Selle</wf>
         <wf lemma="opereti" pos="X">opereti</wf>
         <wf lemma="tugevamaid" pos="X">tugevamaid</wf>
         <wf lemma="külgi" pos="X">külgi</wf>
         <wf lemma="on" pos="X">on</wf>
         <wf lemma="huvitav" pos="X">huvitav</wf>
         <wf lemma="orkestratsioon" pos="X">orkestratsioon</wf>
         <wf lemma="." pos="X">.</wf>
      </sentence>
      <sentence id="d000.s483" source="wordnet-estonian">
         <instance id="d000.s483.t000" lemma="väga" pos="ADV">Väga</instance>
         <wf lemma="julge" pos="X">julge</wf>
         <wf lemma="," pos="X">,</wf>
         <wf lemma="leidlik" pos="X">leidlik</wf>
         <wf lemma="," pos="X">,</wf>
         <wf lemma="sõbralik" pos="X">sõbralik</wf>
         <wf lemma="inimene" pos="X">inimene</wf>
         <wf lemma="." pos="X">.</wf>
         <wf lemma="(" pos="X">(</wf>
         <wf lemma="EKSS" pos="X">EKSS</wf>
         <wf lemma=")" pos="X">)</wf>
         <wf lemma="." pos="X">.</wf>
      </sentence>
      <sentence id="d000.s484" source="wordnet-estonian">
         <wf lemma="Hulljulgus" pos="X">Hulljulgus</wf>
         <wf lemma="ja" pos="X">ja</wf>
         <instance id="d000.s484.t000" lemma="risk" pos="NOUN">risk</instance>
         <wf lemma="võivad" pos="X">võivad</wf>
         <wf lemma="viia" pos="X">viia</wf>
         <wf lemma="uutele" pos="X">uutele</wf>
         <wf lemma="avastustele" pos="X">avastustele</wf>
         <wf lemma="." pos="X">.</wf>
      </sentence>
      <sentence id="d000.s485" source="wordnet-estonian">
         <wf lemma="Mul" pos="X">Mul</wf>
         <wf lemma="on" pos="X">on</wf>
         <instance id="d000.s485.t000" lemma="nälg" pos="NOUN">nälg</instance>
         <wf lemma="," pos="X">,</wf>
         <wf lemma="lähme" pos="X">lähme</wf>
         <wf lemma="kuhugi" pos="X">kuhugi</wf>
         <wf lemma="sööma" pos="X">sööma</wf>
         <wf lemma="." pos="X">.</wf>
      </sentence>
      <sentence id="d000.s486" source="wordnet-estonian">
         <wf lemma="See" pos="X">See</wf>
         <wf lemma="oli" pos="X">oli</wf>
         <wf lemma="ennevanasti" pos="X">ennevanasti</wf>
         <wf lemma="riigi" pos="X">riigi</wf>
         <wf lemma="mahajäänumaid" pos="X">mahajäänumaid</wf>
         <instance id="d000.s486.t000" lemma="piirkond" pos="NOUN">piirkondi</instance>
         <wf lemma="." pos="X">.</wf>
      </sentence>
      <sentence id="d000.s487" source="wordnet-estonian">
         <wf lemma="Pangad" pos="X">Pangad</wf>
         <wf lemma="garanteerivad" pos="X">garanteerivad</wf>
         <wf lemma="hoiuste" pos="X">hoiuste</wf>
         <instance id="d000.s487.t000" lemma="saladus" pos="NOUN">saladuse</instance>
         <wf lemma="." pos="X">.</wf>
      </sentence>
      <sentence id="d000.s488" source="wordnet-estonian">
         <wf lemma="Mulle" pos="X">Mulle</wf>
         <wf lemma="meeldib" pos="X">meeldib</wf>
         <wf lemma="asjade" pos="X">asjade</wf>
         <wf lemma="selline" pos="X">selline</wf>
         <instance id="d000.s488.t000" lemma="korraldus" pos="NOUN">korraldus</instance>
         <wf lemma="." pos="X">.</wf>
      </sentence>
      <sentence id="d000.s489" source="wordnet-estonian">
         <wf lemma="Vihmapiisad" pos="X">Vihmapiisad</wf>
         <wf lemma="," pos="X">,</wf>
         <wf lemma="raheterad" pos="X">raheterad</wf>
         <wf lemma="rabisevad" pos="X">rabisevad</wf>
         <wf lemma="vastu" pos="X">vastu</wf>
         <instance id="d000.s489.t000" lemma="katus" pos="NOUN">katust</instance>
         <wf lemma="(" pos="X">(</wf>
         <wf lemma="EKSS" pos="X">EKSS</wf>
         <wf lemma=")" pos="X">)</wf>
         <wf lemma="." pos="X">.</wf>
      </sentence>
      <sentence id="d000.s490" source="wordnet-estonian">
         <wf lemma="Hämar" pos="X">Hämar</wf>
         <wf lemma="," pos="X">,</wf>
         <wf lemma="pime" pos="X">pime</wf>
         <wf lemma="," pos="X">,</wf>
         <wf lemma="sünge" pos="X">sünge</wf>
         <instance id="d000.s490.t000" lemma="laas" pos="NOUN">laas</instance>
         <wf lemma="." pos="X">.</wf>
         <wf lemma="Alutaguse" pos="X">Alutaguse</wf>
         <wf lemma="laiad" pos="X">laiad</wf>
         <wf lemma="laaned" pos="X">laaned</wf>
         <wf lemma="." pos="X">.</wf>
         <wf lemma="Põgenes" pos="X">Põgenes</wf>
         <wf lemma="laane" pos="X">laane</wf>
         <wf lemma="üksindusse" pos="X">üksindusse</wf>
         <wf lemma="." pos="X">.</wf>
      </sentence>
      <sentence id="d000.s491" source="wordnet-estonian">
         <wf lemma="Sokke" pos="X">Sokke</wf>
         <wf lemma="ja" pos="X">ja</wf>
         <wf lemma="saapaid" pos="X">saapaid</wf>
         <wf lemma="jalga" pos="X">jalga</wf>
         <instance id="d000.s491.t000" lemma="tõmbama" pos="VERB">tõmbama</instance>
         <wf lemma="." pos="X">.</wf>
      </sentence>
      <sentence id="d000.s492" source="wordnet-estonian">
         <wf lemma="Kass" pos="X">Kass</wf>
         <wf lemma="puges" pos="X">puges</wf>
         <instance id="d000.s492.t000" lemma="põõsas" pos="NOUN">põõsasse</instance>
         <wf lemma="." pos="X">.</wf>
      </sentence>
      <sentence id="d000.s493" source="wordnet-estonian">
         <wf lemma="Toodetakse" pos="X">Toodetakse</wf>
         <instance id="d000.s493.t000" lemma="rula" pos="NOUN">rulasid</instance>
         <wf lemma="nii" pos="X">nii</wf>
         <wf lemma="kiirlaskumiseks" pos="X">kiirlaskumiseks</wf>
         <wf lemma="," pos="X">,</wf>
         <wf lemma="tünnisõiduks" pos="X">tünnisõiduks</wf>
         <wf lemma="kui" pos="X">kui</wf>
         <wf lemma="ka" pos="X">ka</wf>
         <wf lemma="slaalomiks" pos="X">slaalomiks</wf>
         <wf lemma="." pos="X">.</wf>
         <wf lemma="(" pos="X">(</wf>
         <wf lemma="EKSS" pos="X">EKSS</wf>
         <wf lemma=")" pos="X">)</wf>
         <wf lemma="." pos="X">.</wf>
      </sentence>
      <sentence id="d000.s494" source="wordnet-estonian">
         <wf lemma="Puuvillakasvatuses" pos="X">Puuvillakasvatuses</wf>
         <wf lemma="kasutatud" pos="X">kasutatud</wf>
         <instance id="d000.s494.t000" lemma="defoliant" pos="NOUN">defoliant</instance>
         <wf lemma="." pos="X">.</wf>
      </sentence>
      <sentence id="d000.s495" source="wordnet-estonian">
         <wf lemma="Väljapaistev" pos="X">Väljapaistev</wf>
         <wf lemma="," pos="X">,</wf>
         <wf lemma="kuulus" pos="X">kuulus</wf>
         <instance id="d000.s495.t000" lemma="teoreetik" pos="NOUN">teoreetik</instance>
         <wf lemma="." pos="X">.</wf>
         <wf lemma="Ta" pos="X">Ta</wf>
         <wf lemma="on" pos="X">on</wf>
         <wf lemma="hea" pos="X">hea</wf>
         <wf lemma="," pos="X">,</wf>
         <wf lemma="puhas" pos="X">puhas</wf>
         <wf lemma="teoreetik" pos="X">teoreetik</wf>
         <wf lemma="." pos="X">.</wf>
         <wf lemma="Modernismi" pos="X">Modernismi</wf>
         <wf lemma="," pos="X">,</wf>
         <wf lemma="postmodernismi" pos="X">postmodernismi</wf>
         <wf lemma="kriitikud" pos="X">kriitikud</wf>
         <wf lemma="ja" pos="X">ja</wf>
         <wf lemma="teoreetikud" pos="X">teoreetikud</wf>
         <wf lemma="." pos="X">.</wf>
         <wf lemma="(" pos="X">(</wf>
         <wf lemma="EKSS" pos="X">EKSS</wf>
         <wf lemma=")" pos="X">)</wf>
         <wf lemma="." pos="X">.</wf>
      </sentence>
      <sentence id="d000.s496" source="wordnet-estonian">
         <wf lemma="Eesti" pos="X">Eesti</wf>
         <wf lemma="kiireim" pos="X">kiireim</wf>
         <instance id="d000.s496.t000" lemma="sprinter" pos="NOUN">sprinter</instance>
         <wf lemma="." pos="X">.</wf>
         <wf lemma="Temas" pos="X">Temas</wf>
         <wf lemma="on" pos="X">on</wf>
         <wf lemma="ühendatud" pos="X">ühendatud</wf>
         <wf lemma="sprinteri" pos="X">sprinteri</wf>
         <wf lemma="kiirus" pos="X">kiirus</wf>
         <wf lemma="ja" pos="X">ja</wf>
         <wf lemma="keskmaajooksja" pos="X">keskmaajooksja</wf>
         <wf lemma="vastupidavus" pos="X">vastupidavus</wf>
         <wf lemma="." pos="X">.</wf>
      </sentence>
      <sentence id="d000.s497" source="wordnet-estonian">
         <wf lemma="Antsule" pos="X">Antsule</wf>
         <wf lemma="meeldivad" pos="X">meeldivad</wf>
         <instance id="d000.s497.t000" lemma="brünett" pos="NOUN">brünetid</instance>
         <wf lemma="rohkem" pos="X">rohkem</wf>
         <wf lemma="kui" pos="X">kui</wf>
         <wf lemma="blondid" pos="X">blondid</wf>
         <wf lemma="." pos="X">.</wf>
      </sentence>
      <sentence id="d000.s498" source="wordnet-estonian">
         <wf lemma="Õde" pos="X">Õde</wf>
         <wf lemma="elab" pos="X">elab</wf>
         <wf lemma="vendadest" pos="X">vendadest</wf>
         <instance id="d000.s498.t000" lemma="kauem" pos="ADV">kauem</instance>
         <wf lemma="." pos="X">.</wf>
         <wf lemma="(" pos="X">(</wf>
         <wf lemma="EKSS" pos="X">EKSS</wf>
         <wf lemma=")" pos="X">)</wf>
         <wf lemma="." pos="X">.</wf>
      </sentence>
      <sentence id="d000.s499" source="wordnet-estonian">
         <wf lemma="See" pos="X">See</wf>
         <wf lemma="töö" pos="X">töö</wf>
         <wf lemma="tehakse" pos="X">tehakse</wf>
         <instance id="d000.s499.t000" lemma="hiljem" pos="ADV">hiljem</instance>
         <wf lemma="lõpuni" pos="X">lõpuni</wf>
         <wf lemma="." pos="X">.</wf>
      </sentence>
      <sentence id="d000.s500" source="wordnet-estonian">
         <wf lemma="Meloodiline" pos="X">Meloodiline</wf>
         <instance id="d000.s500.t000" lemma="intervall" pos="NOUN">intervall</instance>
         <wf lemma="." pos="X">.</wf>
         <wf lemma="Intervalle" pos="X">Intervalle</wf>
         <wf lemma="mõõdetakse" pos="X">mõõdetakse</wf>
         <wf lemma="toonides" pos="X">toonides</wf>
         <wf lemma="," pos="X">,</wf>
         <wf lemma="tsentides" pos="X">tsentides</wf>
         <wf lemma="või" pos="X">või</wf>
         <wf lemma="võnkesageduste" pos="X">võnkesageduste</wf>
         <wf lemma="suhtena" pos="X">suhtena</wf>
         <wf lemma="." pos="X">.</wf>
      </sentence>
      <sentence id="d000.s501" source="wordnet-estonian">
         <wf lemma="Haav" pos="X">Haav</wf>
         <wf lemma="kasvas" pos="X">kasvas</wf>
         <wf lemma="küll" pos="X">küll</wf>
         <wf lemma="kinni" pos="X">kinni</wf>
         <wf lemma="," pos="X">,</wf>
         <wf lemma="kuid" pos="X">kuid</wf>
         <instance id="d000.s501.t000" lemma="arm" pos="NOUN">arm</instance>
         <wf lemma="jäi" pos="X">jäi</wf>
         <wf lemma="järele" pos="X">järele</wf>
         <wf lemma="." pos="X">.</wf>
      </sentence>
      <sentence id="d000.s502" source="wordnet-estonian">
         <wf lemma="Õhtuti" pos="X">Õhtuti</wf>
         <instance id="d000.s502.t000" lemma="hilja" pos="ADV">hilja</instance>
         <wf lemma="." pos="X">.</wf>
         <wf lemma="(" pos="X">(</wf>
         <wf lemma="EKSS" pos="X">EKSS</wf>
         <wf lemma=")" pos="X">)</wf>
         <wf lemma="." pos="X">.</wf>
      </sentence>
      <sentence id="d000.s503" source="wordnet-estonian">
         <wf lemma="Need" pos="X">Need</wf>
         <wf lemma="inimesed" pos="X">inimesed</wf>
         <wf lemma="on" pos="X">on</wf>
         <wf lemma="maja" pos="X">maja</wf>
         <wf lemma="tulevased" pos="X">tulevased</wf>
         <instance id="d000.s503.t000" lemma="elanik" pos="NOUN">elanikud</instance>
         <wf lemma="." pos="X">.</wf>
      </sentence>
      <sentence id="d000.s504" source="wordnet-estonian">
         <instance id="d000.s504.t000" lemma="hüpoglükeemia" pos="NOUN">Hüpoglükeemia</instance>
         <wf lemma="võib" pos="X">võib</wf>
         <wf lemma="põhjustada" pos="X">põhjustada</wf>
         <wf lemma="teadvuse" pos="X">teadvuse</wf>
         <wf lemma="hajunemist" pos="X">hajunemist</wf>
         <wf lemma="," pos="X">,</wf>
         <wf lemma="tekitada" pos="X">tekitada</wf>
         <wf lemma="krambisündroomi" pos="X">krambisündroomi</wf>
         <wf lemma="ning" pos="X">ning</wf>
         <wf lemma="tuua" pos="X">tuua</wf>
         <wf lemma="esile" pos="X">esile</wf>
         <wf lemma="mitmesuguse" pos="X">mitmesuguse</wf>
         <wf lemma="neuroloogilise" pos="X">neuroloogilise</wf>
         <wf lemma="leiu" pos="X">leiu</wf>
         <wf lemma="." pos="X">.</wf>
      </sentence>
      <sentence id="d000.s505" source="wordnet-estonian">
         <wf lemma="Mulla" pos="X">Mulla</wf>
         <wf lemma="kobestamine" pos="X">kobestamine</wf>
         <instance id="d000.s505.t000" lemma="kergendama" pos="VERB">kergendab</instance>
         <wf lemma="niiskuse" pos="X">niiskuse</wf>
         <wf lemma="juurdepääsu" pos="X">juurdepääsu</wf>
         <wf lemma="taimede" pos="X">taimede</wf>
         <wf lemma="juurtele" pos="X">juurtele</wf>
         <wf lemma="." pos="X">.</wf>
         <wf lemma="Masinate" pos="X">Masinate</wf>
         <wf lemma="kasutamine" pos="X">kasutamine</wf>
         <wf lemma="kergendab" pos="X">kergendab</wf>
         <wf lemma="inimeste" pos="X">inimeste</wf>
         <wf lemma="tööd" pos="X">tööd</wf>
         <wf lemma="." pos="X">.</wf>
      </sentence>
      <sentence id="d000.s506" source="wordnet-estonian">
         <instance id="d000.s506.t000" lemma="hellitama" pos="VERB">Hellitab</instance>
         <wf lemma="pilguga" pos="X">pilguga</wf>
         <wf lemma="oma" pos="X">oma</wf>
         <wf lemma="pisipoega" pos="X">pisipoega</wf>
         <wf lemma="." pos="X">.</wf>
      </sentence>
      <sentence id="d000.s507" source="wordnet-estonian">
         <wf lemma="Haige" pos="X">Haige</wf>
         <wf lemma="toimetati" pos="X">toimetati</wf>
         <wf lemma="haiglasse" pos="X">haiglasse</wf>
         <instance id="d000.s507.t000" lemma="kopter" pos="NOUN">kopteriga</instance>
         <wf lemma="." pos="X">.</wf>
         <wf lemma="Välitöödel" pos="X">Välitöödel</wf>
         <wf lemma="olevatele" pos="X">olevatele</wf>
         <wf lemma="geoloogidele" pos="X">geoloogidele</wf>
         <wf lemma="tuli" pos="X">tuli</wf>
         <wf lemma="järele" pos="X">järele</wf>
         <wf lemma="kopter" pos="X">kopter</wf>
         <wf lemma="." pos="X">.</wf>
      </sentence>
      <sentence id="d000.s508" source="wordnet-estonian">
         <wf lemma="Niguliste" pos="X">Niguliste</wf>
         <wf lemma="kirikut" pos="X">kirikut</wf>
         <instance id="d000.s508.t000" lemma="ennistama" pos="VERB">ennistati</instance>
         <wf lemma="pikemat" pos="X">pikemat</wf>
         <wf lemma="aega" pos="X">aega</wf>
         <wf lemma="." pos="X">.</wf>
         <wf lemma="Restauraatorid" pos="X">Restauraatorid</wf>
         <wf lemma="on" pos="X">on</wf>
         <wf lemma="ennistanud" pos="X">ennistanud</wf>
         <wf lemma="vanu" pos="X">vanu</wf>
         <wf lemma="haruldasi" pos="X">haruldasi</wf>
         <wf lemma="raamatuid" pos="X">raamatuid</wf>
         <wf lemma="." pos="X">.</wf>
      </sentence>
      <sentence id="d000.s509" source="wordnet-estonian">
         <wf lemma="Paat" pos="X">Paat</wf>
         <wf lemma="oli" pos="X">oli</wf>
         <instance id="d000.s509.t000" lemma="kala" pos="NOUN">kalu</instance>
         <wf lemma="täis" pos="X">täis</wf>
         <wf lemma="." pos="X">.</wf>
      </sentence>
      <sentence id="d000.s510" source="wordnet-estonian">
         <wf lemma="Tahaksin" pos="X">Tahaksin</wf>
         <wf lemma="teada" pos="X">teada</wf>
         <wf lemma="," pos="X">,</wf>
         <wf lemma="mida" pos="X">mida</wf>
         <wf lemma="ta" pos="X">ta</wf>
         <wf lemma="endast" pos="X">endast</wf>
         <instance id="d000.s510.t000" lemma="kujutama" pos="VERB">kujutab</instance>
         <wf lemma="." pos="X">.</wf>
         <wf lemma="Teadlastele" pos="X">Teadlastele</wf>
         <wf lemma="kujutas" pos="X">kujutas</wf>
         <wf lemma="see" pos="X">see</wf>
         <wf lemma="avastus" pos="X">avastus</wf>
         <wf lemma="tõelist" pos="X">tõelist</wf>
         <wf lemma="maavärinat" pos="X">maavärinat</wf>
         <wf lemma="." pos="X">.</wf>
      </sentence>
      <sentence id="d000.s511" source="wordnet-estonian">
         <wf lemma="Poiss" pos="X">Poiss</wf>
         <instance id="d000.s511.t000" lemma="saama" pos="VERB">sai</instance>
         <wf lemma="koolist" pos="X">koolist</wf>
         <wf lemma="hea" pos="X">hea</wf>
         <wf lemma="tunnistuse" pos="X">tunnistuse</wf>
         <wf lemma="." pos="X">.</wf>
      </sentence>
      <sentence id="d000.s512" source="wordnet-estonian">
         <wf lemma="Teeme" pos="X">Teeme</wf>
         <wf lemma="ikka" pos="X">ikka</wf>
         <wf lemma="nii" pos="X">nii</wf>
         <wf lemma="," pos="X">,</wf>
         <wf lemma="nagu" pos="X">nagu</wf>
         <instance id="d000.s512.t000" lemma="tavaliselt" pos="ADV">tavaliselt</instance>
         <wf lemma="!" pos="X">!</wf>
      </sentence>
      <sentence id="d000.s513" source="wordnet-estonian">
         <wf lemma="Silindri" pos="X">Silindri</wf>
         <wf lemma="põhja" pos="X">põhja</wf>
         <instance id="d000.s513.t000" lemma="raadius" pos="NOUN">raadius</instance>
         <wf lemma="on" pos="X">on</wf>
         <wf lemma="2" pos="X">2</wf>
         <wf lemma="cm." pos="X">cm.</wf>
      </sentence>
      <sentence id="d000.s514" source="wordnet-estonian">
         <wf lemma="Perenaine" pos="X">Perenaine</wf>
         <wf lemma="tõstis" pos="X">tõstis</wf>
         <wf lemma="poti" pos="X">poti</wf>
         <wf lemma="pliidi" pos="X">pliidi</wf>
         <wf lemma="malmist" pos="X">malmist</wf>
         <instance id="d000.s514.t000" lemma="plaat" pos="NOUN">plaadile</instance>
         <wf lemma="." pos="X">.</wf>
      </sentence>
      <sentence id="d000.s515" source="wordnet-estonian">
         <wf lemma="Kindluse" pos="X">Kindluse</wf>
         <instance id="d000.s515.t000" lemma="kaitsja" pos="NOUN">kaitsjad</instance>
         <wf lemma="võitlesid" pos="X">võitlesid</wf>
         <wf lemma="vapralt" pos="X">vapralt</wf>
         <wf lemma="." pos="X">.</wf>
      </sentence>
      <sentence id="d000.s516" source="wordnet-estonian">
         <wf lemma="Eesti" pos="X">Eesti</wf>
         <wf lemma="rahvaluule" pos="X">rahvaluule</wf>
         <wf lemma="väljendab" pos="X">väljendab</wf>
         <wf lemma="pärisorise" pos="X">pärisorise</wf>
         <wf lemma="talurahva" pos="X">talurahva</wf>
         <instance id="d000.s516.t000" lemma="ideoloogia" pos="NOUN">ideoloogiat</instance>
         <wf lemma="." pos="X">.</wf>
      </sentence>
      <sentence id="d000.s517" source="wordnet-estonian">
         <instance id="d000.s517.t000" lemma="soovima" pos="VERB">Soovin</instance>
         <wf lemma="õnne" pos="X">õnne</wf>
         <wf lemma="!" pos="X">!</wf>
         <wf lemma="Õed" pos="X">Õed</wf>
         <wf lemma="soovisid" pos="X">soovisid</wf>
         <wf lemma="teineteisele" pos="X">teineteisele</wf>
         <wf lemma="head" pos="X">head</wf>
         <wf lemma="ööd" pos="X">ööd</wf>
         <wf lemma="." pos="X">.</wf>
      </sentence>
      <sentence id="d000.s518" source="wordnet-estonian">
         <wf lemma="Tapal" pos="X">Tapal</wf>
         <wf lemma="oli" pos="X">oli</wf>
         <wf lemma="meil" pos="X">meil</wf>
         <instance id="d000.s518.t000" lemma="ümberistumine" pos="NOUN">ümberistumine</instance>
         <wf lemma="ühelt" pos="X">ühelt</wf>
         <wf lemma="rongilt" pos="X">rongilt</wf>
         <wf lemma="teisele" pos="X">teisele</wf>
         <wf lemma="." pos="X">.</wf>
      </sentence>
      <sentence id="d000.s519" source="wordnet-estonian">
         <wf lemma="Tulen" pos="X">Tulen</wf>
         <wf lemma="homme" pos="X">homme</wf>
         <wf lemma="kella" pos="X">kella</wf>
         <wf lemma="kümne" pos="X">kümne</wf>
         <wf lemma="ja" pos="X">ja</wf>
         <wf lemma="üheteistkümne" pos="X">üheteistkümne</wf>
         <instance id="d000.s519.t000" lemma="vahel" pos="ADV">vahel</instance>
         <wf lemma="." pos="X">.</wf>
      </sentence>
      <sentence id="d000.s520" source="wordnet-estonian">
         <wf lemma="Koerarakendi" pos="X">Koerarakendi</wf>
         <wf lemma="," pos="X">,</wf>
         <wf lemma="suurtüki" pos="X">suurtüki</wf>
         <instance id="d000.s520.t000" lemma="ajur" pos="NOUN">ajur</instance>
         <wf lemma="." pos="X">.</wf>
         <wf lemma="Kõrberännakuks" pos="X">Kõrberännakuks</wf>
         <wf lemma="osteti" pos="X">osteti</wf>
         <wf lemma="kaamelid" pos="X">kaamelid</wf>
         <wf lemma="ning" pos="X">ning</wf>
         <wf lemma="palgati" pos="X">palgati</wf>
         <wf lemma="ajurid" pos="X">ajurid</wf>
         <wf lemma="." pos="X">.</wf>
         <wf lemma="Härjavankri" pos="X">Härjavankri</wf>
         <wf lemma="juhtimine" pos="X">juhtimine</wf>
         <wf lemma="nõuab" pos="X">nõuab</wf>
         <wf lemma="tublit" pos="X">tublit</wf>
         <wf lemma="ajurit" pos="X">ajurit</wf>
         <wf lemma="." pos="X">.</wf>
         <wf lemma="*" pos="X">*</wf>
         <wf lemma="Viskas" pos="X">Viskas</wf>
         <wf lemma="jaama" pos="X">jaama</wf>
         <wf lemma="jõudes" pos="X">jõudes</wf>
         <wf lemma="ajurile" pos="X">ajurile</wf>
         <wf lemma="mõned" pos="X">mõned</wf>
         <wf lemma="kortsunud" pos="X">kortsunud</wf>
         <wf lemma="paberid" pos="X">paberid</wf>
         <wf lemma="pihku" pos="X">pihku</wf>
         <wf lemma="ja" pos="X">ja</wf>
         <wf lemma="ruttas" pos="X">ruttas</wf>
         <wf lemma="läbi" pos="X">läbi</wf>
         <wf lemma="hoone" pos="X">hoone</wf>
         <wf lemma="perroonile" pos="X">perroonile</wf>
         <wf lemma="." pos="X">.</wf>
         <wf lemma="(" pos="X">(</wf>
         <wf lemma="Autor" pos="X">Autor</wf>
         <wf lemma=":" pos="X">:</wf>
         <wf lemma="M." pos="X">M.</wf>
         <wf lemma="Metsanurk." pos="X">Metsanurk.</wf>
         <wf lemma=")" pos="X">)</wf>
         <wf lemma="." pos="X">.</wf>
      </sentence>
      <sentence id="d000.s521" source="wordnet-estonian">
         <wf lemma="Kaubandusettevõtetes" pos="X">Kaubandusettevõtetes</wf>
         <wf lemma="olid" pos="X">olid</wf>
         <wf lemma="kaebuste" pos="X">kaebuste</wf>
         <wf lemma="ja" pos="X">ja</wf>
         <wf lemma="ettepanekute" pos="X">ettepanekute</wf>
         <instance id="d000.s521.t000" lemma="raamat" pos="NOUN">raamatud</instance>
         <wf lemma="." pos="X">.</wf>
      </sentence>
      <sentence id="d000.s522" source="wordnet-estonian">
         <instance id="d000.s522.t000" lemma="soeng" pos="NOUN">Soeng</instance>
         <wf lemma="läks" pos="X">läks</wf>
         <wf lemma="sassi" pos="X">sassi</wf>
         <wf lemma="(" pos="X">(</wf>
         <wf lemma="EKSS" pos="X">EKSS</wf>
         <wf lemma=")" pos="X">)</wf>
         <wf lemma="." pos="X">.</wf>
      </sentence>
      <sentence id="d000.s523" source="wordnet-estonian">
         <instance id="d000.s523.t000" lemma="väetis" pos="NOUN">Väetisena</instance>
         <wf lemma="kasutab" pos="X">kasutab</wf>
         <wf lemma="vanaema" pos="X">vanaema</wf>
         <wf lemma="sõnnikut" pos="X">sõnnikut</wf>
         <wf lemma="." pos="X">.</wf>
      </sentence>
      <sentence id="d000.s524" source="wordnet-estonian">
         <wf lemma="Vanasti" pos="X">Vanasti</wf>
         <wf lemma="usuti" pos="X">usuti</wf>
         <wf lemma="," pos="X">,</wf>
         <wf lemma="et" pos="X">et</wf>
         <wf lemma="vastlaliug" pos="X">vastlaliug</wf>
         <instance id="d000.s524.t000" lemma="edendama" pos="VERB">edendab</instance>
         <wf lemma="linakasvu" pos="X">linakasvu</wf>
         <wf lemma="." pos="X">.</wf>
      </sentence>
      <sentence id="d000.s525" source="wordnet-estonian">
         <wf lemma="Marjad" pos="X">Marjad</wf>
         <wf lemma="korjati" pos="X">korjati</wf>
         <wf lemma="," pos="X">,</wf>
         <wf lemma="nopiti" pos="X">nopiti</wf>
         <instance id="d000.s525.t000" lemma="korv" pos="NOUN">korvi</instance>
         <wf lemma="(" pos="X">(</wf>
         <wf lemma="EKSS" pos="X">EKSS</wf>
         <wf lemma=")" pos="X">)</wf>
         <wf lemma="." pos="X">.</wf>
      </sentence>
      <sentence id="d000.s526" source="wordnet-estonian">
         <wf lemma="Poisid" pos="X">Poisid</wf>
         <instance id="d000.s526.t000" lemma="kiirustama" pos="VERB">kiirustasid</instance>
         <wf lemma="pooljoostes" pos="X">pooljoostes</wf>
         <wf lemma="tuppa" pos="X">tuppa</wf>
         <wf lemma="," pos="X">,</wf>
         <wf lemma="sõbrale" pos="X">sõbrale</wf>
         <wf lemma="appi" pos="X">appi</wf>
         <wf lemma="." pos="X">.</wf>
      </sentence>
      <sentence id="d000.s527" source="wordnet-estonian">
         <wf lemma="Valge" pos="X">Valge</wf>
         <wf lemma="," pos="X">,</wf>
         <wf lemma="must" pos="X">must</wf>
         <instance id="d000.s527.t000" lemma="lipp" pos="NOUN">lipp</instance>
         <wf lemma="." pos="X">.</wf>
         <wf lemma="(" pos="X">(</wf>
         <wf lemma="EKSS" pos="X">EKSS</wf>
         <wf lemma=")" pos="X">)</wf>
         <wf lemma="." pos="X">.</wf>
      </sentence>
      <sentence id="d000.s528" source="wordnet-estonian">
         <instance id="d000.s528.t000" lemma="surm" pos="NOUN">Surma</instance>
         <wf lemma="põhjuseks" pos="X">põhjuseks</wf>
         <wf lemma="oli" pos="X">oli</wf>
         <wf lemma="kopsupõletik" pos="X">kopsupõletik</wf>
         <wf lemma="." pos="X">.</wf>
      </sentence>
      <sentence id="d000.s529" source="wordnet-estonian">
         <wf lemma="Kas" pos="X">Kas</wf>
         <wf lemma="sa" pos="X">sa</wf>
         <wf lemma="käid" pos="X">käid</wf>
         <wf lemma="õhtuti" pos="X">õhtuti</wf>
         <wf lemma="tihti" pos="X">tihti</wf>
         <instance id="d000.s529.t000" lemma="restoran" pos="NOUN">restoranis</instance>
         <wf lemma="söömas" pos="X">söömas</wf>
         <wf lemma="?" pos="X">?</wf>
         <wf lemma="Pealinna" pos="X">Pealinna</wf>
         <wf lemma="kõige" pos="X">kõige</wf>
         <wf lemma="nooblimas" pos="X">nooblimas</wf>
         <wf lemma="restoranis" pos="X">restoranis</wf>
         <wf lemma="on" pos="X">on</wf>
         <wf lemma="oma" pos="X">oma</wf>
         <wf lemma="tantsuorkester" pos="X">tantsuorkester</wf>
         <wf lemma="ja" pos="X">ja</wf>
         <wf lemma="firmaroad" pos="X">firmaroad</wf>
         <wf lemma="." pos="X">.</wf>
      </sentence>
      <sentence id="d000.s530" source="wordnet-estonian">
         <instance id="d000.s530.t000" lemma="eitus" pos="NOUN">Eitus</instance>
         <wf lemma="ja" pos="X">ja</wf>
         <wf lemma="jaatus" pos="X">jaatus</wf>
         <wf lemma="." pos="X">.</wf>
         <wf lemma="Raputas" pos="X">Raputas</wf>
         <wf lemma="eituse" pos="X">eituse</wf>
         <wf lemma="märgiks" pos="X">märgiks</wf>
         <wf lemma="pead" pos="X">pead</wf>
         <wf lemma="." pos="X">.</wf>
      </sentence>
      <sentence id="d000.s531" source="wordnet-estonian">
         <wf lemma="Loodi" pos="X">Loodi</wf>
         <wf lemma="uus" pos="X">uus</wf>
         <wf lemma="üliõpilaste" pos="X">üliõpilaste</wf>
         <instance id="d000.s531.t000" lemma="organisatsioon" pos="NOUN">organisatsioon</instance>
         <wf lemma="." pos="X">.</wf>
      </sentence>
      <sentence id="d000.s532" source="wordnet-estonian">
         <wf lemma="Tõmbasin" pos="X">Tõmbasin</wf>
         <wf lemma="paberile" pos="X">paberile</wf>
         <wf lemma="riste" pos="X">riste</wf>
         <wf lemma="ja" pos="X">ja</wf>
         <instance id="d000.s532.t000" lemma="ring" pos="NOUN">ringe</instance>
         <wf lemma="(" pos="X">(</wf>
         <wf lemma="EKSS" pos="X">EKSS</wf>
         <wf lemma=")" pos="X">)</wf>
         <wf lemma="." pos="X">.</wf>
      </sentence>
      <sentence id="d000.s533" source="wordnet-estonian">
         <wf lemma="Täissöönult" pos="X">Täissöönult</wf>
         <wf lemma="," pos="X">,</wf>
         <wf lemma="küllastunult" pos="X">küllastunult</wf>
         <instance id="d000.s533.t000" lemma="röhitsema" pos="VERB">röhitsema</instance>
         <wf lemma="." pos="X">.</wf>
         <wf lemma="Ta" pos="X">Ta</wf>
         <wf lemma="ei" pos="X">ei</wf>
         <wf lemma="suutnud" pos="X">suutnud</wf>
         <wf lemma="enam" pos="X">enam</wf>
         <wf lemma="süüa" pos="X">süüa</wf>
         <wf lemma="," pos="X">,</wf>
         <wf lemma="ainult" pos="X">ainult</wf>
         <wf lemma="röhitses" pos="X">röhitses</wf>
         <wf lemma="veel" pos="X">veel</wf>
         <wf lemma="." pos="X">.</wf>
         <wf lemma="Õlu" pos="X">Õlu</wf>
         <wf lemma="pani" pos="X">pani</wf>
         <wf lemma="," pos="X">,</wf>
         <wf lemma="ajas" pos="X">ajas</wf>
         <wf lemma="röhitsema" pos="X">röhitsema</wf>
         <wf lemma="." pos="X">.</wf>
         <wf lemma="Tubli" pos="X">Tubli</wf>
         <wf lemma="söömise" pos="X">söömise</wf>
         <wf lemma="järel" pos="X">järel</wf>
         <wf lemma="lesib" pos="X">lesib</wf>
         <wf lemma="mõnust" pos="X">mõnust</wf>
         <wf lemma="röhitsedes" pos="X">röhitsedes</wf>
         <wf lemma="põõsa" pos="X">põõsa</wf>
         <wf lemma="all" pos="X">all</wf>
         <wf lemma="." pos="X">.</wf>
         <wf lemma="*" pos="X">*</wf>
         <wf lemma="Söödi" pos="X">Söödi</wf>
         <wf lemma="," pos="X">,</wf>
         <wf lemma="söödi" pos="X">söödi</wf>
         <wf lemma="," pos="X">,</wf>
         <wf lemma="röhitseti" pos="X">röhitseti</wf>
         <wf lemma="valjusti" pos="X">valjusti</wf>
         <wf lemma="ja" pos="X">ja</wf>
         <wf lemma="söödi" pos="X">söödi</wf>
         <wf lemma="jälle" pos="X">jälle</wf>
         <wf lemma="." pos="X">.</wf>
         <wf lemma="(" pos="X">(</wf>
         <wf lemma="Autor" pos="X">Autor</wf>
         <wf lemma=":" pos="X">:</wf>
         <wf lemma="A." pos="X">A.</wf>
         <wf lemma="Jakobson." pos="X">Jakobson.</wf>
         <wf lemma=")" pos="X">)</wf>
         <wf lemma="." pos="X">.</wf>
      </sentence>
      <sentence id="d000.s534" source="wordnet-estonian">
         <wf lemma="Eesti" pos="X">Eesti</wf>
         <wf lemma="üle" pos="X">üle</wf>
         <wf lemma="on" pos="X">on</wf>
         <wf lemma="valitsenud" pos="X">valitsenud</wf>
         <wf lemma="Saksa" pos="X">Saksa</wf>
         <wf lemma="," pos="X">,</wf>
         <wf lemma="Rootsi" pos="X">Rootsi</wf>
         <wf lemma="," pos="X">,</wf>
         <wf lemma="Taani" pos="X">Taani</wf>
         <wf lemma="ja" pos="X">ja</wf>
         <wf lemma="Vene" pos="X">Vene</wf>
         <instance id="d000.s534.t000" lemma="võim" pos="NOUN">võim</instance>
         <wf lemma="." pos="X">.</wf>
         <wf lemma="Vanaema" pos="X">Vanaema</wf>
         <wf lemma="on" pos="X">on</wf>
         <wf lemma="elanud" pos="X">elanud</wf>
         <wf lemma="mitme" pos="X">mitme</wf>
         <wf lemma="võimu" pos="X">võimu</wf>
         <wf lemma="all" pos="X">all</wf>
         <wf lemma="." pos="X">.</wf>
      </sentence>
      <sentence id="d000.s535" source="wordnet-estonian">
         <wf lemma="Ta" pos="X">Ta</wf>
         <wf lemma="võitles" pos="X">võitles</wf>
         <instance id="d000.s535.t000" lemma="alkoholism" pos="NOUN">alkoholismiga</instance>
         <wf lemma="." pos="X">.</wf>
      </sentence>
      <sentence id="d000.s536" source="wordnet-estonian">
         <wf lemma="Masinad" pos="X">Masinad</wf>
         <wf lemma="aitavad" pos="X">aitavad</wf>
         <instance id="d000.s536.t000" lemma="tõhusalt" pos="ADV">tõhusalt</instance>
         <wf lemma="töötegemist" pos="X">töötegemist</wf>
         <wf lemma="parandada" pos="X">parandada</wf>
         <wf lemma="." pos="X">.</wf>
      </sentence>
      <sentence id="d000.s537" source="wordnet-estonian">
         <wf lemma="Inimese" pos="X">Inimese</wf>
         <wf lemma="," pos="X">,</wf>
         <wf lemma="looma" pos="X">looma</wf>
         <wf lemma="," pos="X">,</wf>
         <wf lemma="taime" pos="X">taime</wf>
         <instance id="d000.s537.t000" lemma="immuunsus" pos="NOUN">immuunsus</instance>
         <wf lemma="." pos="X">.</wf>
         <wf lemma="Aktiivne" pos="X">Aktiivne</wf>
         <wf lemma="," pos="X">,</wf>
         <wf lemma="passiivne" pos="X">passiivne</wf>
         <wf lemma="," pos="X">,</wf>
         <wf lemma="sünnipärane" pos="X">sünnipärane</wf>
         <wf lemma="," pos="X">,</wf>
         <wf lemma="omandatud" pos="X">omandatud</wf>
         <wf lemma="immuunsus" pos="X">immuunsus</wf>
         <wf lemma="." pos="X">.</wf>
         <wf lemma="Nakkushaiguse" pos="X">Nakkushaiguse</wf>
         <wf lemma="põdemisel" pos="X">põdemisel</wf>
         <wf lemma="omandab" pos="X">omandab</wf>
         <wf lemma="organism" pos="X">organism</wf>
         <wf lemma="immuunsuse" pos="X">immuunsuse</wf>
         <wf lemma="." pos="X">.</wf>
      </sentence>
      <sentence id="d000.s538" source="wordnet-estonian">
         <wf lemma="Kirjeldav" pos="X">Kirjeldav</wf>
         <wf lemma="," pos="X">,</wf>
         <wf lemma="ajalooline" pos="X">ajalooline</wf>
         <wf lemma="," pos="X">,</wf>
         <wf lemma="kõrvutav" pos="X">kõrvutav</wf>
         <instance id="d000.s538.t000" lemma="grammatika" pos="NOUN">grammatika</instance>
         <wf lemma="." pos="X">.</wf>
      </sentence>
      <sentence id="d000.s539" source="wordnet-estonian">
         <wf lemma="Juveliiri" pos="X">Juveliiri</wf>
         <wf lemma="töö" pos="X">töö</wf>
         <wf lemma="nõuab" pos="X">nõuab</wf>
         <instance id="d000.s539.t000" lemma="täpsus" pos="NOUN">täpsust</instance>
         <wf lemma="(" pos="X">(</wf>
         <wf lemma="EKSS" pos="X">EKSS</wf>
         <wf lemma=")" pos="X">)</wf>
         <wf lemma="." pos="X">.</wf>
      </sentence>
      <sentence id="d000.s540" source="wordnet-estonian">
         <wf lemma="Oluline" pos="X">Oluline</wf>
         <wf lemma="pole" pos="X">pole</wf>
         <wf lemma="lõpuks" pos="X">lõpuks</wf>
         <wf lemma="teadlase" pos="X">teadlase</wf>
         <wf lemma="akadeemiline" pos="X">akadeemiline</wf>
         <instance id="d000.s540.t000" lemma="tiitel" pos="NOUN">tiitel</instance>
         <wf lemma="." pos="X">.</wf>
      </sentence>
      <sentence id="d000.s541" source="wordnet-estonian">
         <wf lemma="Eluloolisi" pos="X">Eluloolisi</wf>
         <instance id="d000.s541.t000" lemma="andmed" pos="NOUN">andmeid</instance>
         <wf lemma="kirjanike" pos="X">kirjanike</wf>
         <wf lemma="kohta" pos="X">kohta</wf>
         <wf lemma="(" pos="X">(</wf>
         <wf lemma="EKSS" pos="X">EKSS</wf>
         <wf lemma=")" pos="X">)</wf>
         <wf lemma="." pos="X">.</wf>
      </sentence>
      <sentence id="d000.s542" source="wordnet-estonian">
         <wf lemma="Valged" pos="X">Valged</wf>
         <wf lemma="," pos="X">,</wf>
         <wf lemma="mustad" pos="X">mustad</wf>
         <wf lemma="malendid" pos="X">malendid</wf>
         <wf lemma="." pos="X">.</wf>
         <instance id="d000.s542.t000" lemma="malend" pos="NOUN">Malendeid</instance>
         <wf lemma="üles" pos="X">üles</wf>
         <wf lemma="seadma" pos="X">seadma</wf>
         <wf lemma="." pos="X">.</wf>
      </sentence>
      <sentence id="d000.s543" source="wordnet-estonian">
         <instance id="d000.s543.t000" lemma="sõbralik" pos="ADJ">Sõbralik</instance>
         <wf lemma="soovitus" pos="X">soovitus</wf>
         <wf lemma="kulub" pos="X">kulub</wf>
         <wf lemma="alati" pos="X">alati</wf>
         <wf lemma="ära" pos="X">ära</wf>
         <wf lemma="." pos="X">.</wf>
         <wf lemma="Ilm" pos="X">Ilm</wf>
         <wf lemma="on" pos="X">on</wf>
         <wf lemma="täna" pos="X">täna</wf>
         <wf lemma="selge" pos="X">selge</wf>
         <wf lemma="ning" pos="X">ning</wf>
         <wf lemma="sõbralik" pos="X">sõbralik</wf>
         <wf lemma="." pos="X">.</wf>
         <wf lemma="Jalgpallimatš" pos="X">Jalgpallimatš</wf>
         <wf lemma="lõppes" pos="X">lõppes</wf>
         <wf lemma="sõbraliku" pos="X">sõbraliku</wf>
         <wf lemma="viigiga" pos="X">viigiga</wf>
         <wf lemma="0" pos="X">0</wf>
         <wf lemma=":" pos="X">:</wf>
         <wf lemma="0." pos="X">0.</wf>
      </sentence>
      <sentence id="d000.s544" source="wordnet-estonian">
         <wf lemma="Vahetas" pos="X">Vahetas</wf>
         <wf lemma="paadimootoril" pos="X">paadimootoril</wf>
         <wf lemma="ühe" pos="X">ühe</wf>
         <instance id="d000.s544.t000" lemma="silinder" pos="NOUN">silindri</instance>
         <wf lemma="." pos="X">.</wf>
         <wf lemma="(" pos="X">(</wf>
         <wf lemma="EKSS" pos="X">EKSS</wf>
         <wf lemma=")" pos="X">)</wf>
         <wf lemma="." pos="X">.</wf>
      </sentence>
      <sentence id="d000.s545" source="wordnet-estonian">
         <wf lemma="Lüneburgi" pos="X">Lüneburgi</wf>
         <instance id="d000.s545.t000" lemma="nõmm" pos="NOUN">nõmm</instance>
         <wf lemma="jt." pos="X">jt.</wf>
         <wf lemma="Põhja-Saksamaa" pos="X">Põhja-Saksamaa</wf>
         <wf lemma="suured" pos="X">suured</wf>
         <wf lemma="nõmmed" pos="X">nõmmed</wf>
         <wf lemma="." pos="X">.</wf>
         <wf lemma="Hilissuvine" pos="X">Hilissuvine</wf>
         <wf lemma="kanarbikust" pos="X">kanarbikust</wf>
         <wf lemma="ja" pos="X">ja</wf>
         <wf lemma="põdrakanepist" pos="X">põdrakanepist</wf>
         <wf lemma="lillatav" pos="X">lillatav</wf>
         <wf lemma="nõmm" pos="X">nõmm</wf>
         <wf lemma="." pos="X">.</wf>
         <wf lemma="Harvade" pos="X">Harvade</wf>
         <wf lemma="mändidega" pos="X">mändidega</wf>
         <wf lemma="nõmm" pos="X">nõmm</wf>
         <wf lemma="." pos="X">.</wf>
         <wf lemma="Kuiv" pos="X">Kuiv</wf>
         <wf lemma="liivane" pos="X">liivane</wf>
         <wf lemma="nõmm" pos="X">nõmm</wf>
         <wf lemma="." pos="X">.</wf>
         <wf lemma="Saaremaa" pos="X">Saaremaa</wf>
         <wf lemma="kadakased" pos="X">kadakased</wf>
         <wf lemma="nõmmed" pos="X">nõmmed</wf>
         <wf lemma="." pos="X">.</wf>
      </sentence>
      <sentence id="d000.s546" source="wordnet-estonian">
         <wf lemma="Alkoholimüügi" pos="X">Alkoholimüügi</wf>
         <instance id="d000.s546.t000" lemma="litsents" pos="NOUN">litsents</instance>
         <wf lemma="." pos="X">.</wf>
         <wf lemma="(" pos="X">(</wf>
         <wf lemma="EKSS" pos="X">EKSS</wf>
         <wf lemma=")" pos="X">)</wf>
         <wf lemma="." pos="X">.</wf>
      </sentence>
      <sentence id="d000.s547" source="wordnet-estonian">
         <wf lemma="Avalik" pos="X">Avalik</wf>
         <instance id="d000.s547.t000" lemma="arvamus" pos="NOUN">arvamus</instance>
         <wf lemma="mõistab" pos="X">mõistab</wf>
         <wf lemma="tema" pos="X">tema</wf>
         <wf lemma="käitumise" pos="X">käitumise</wf>
         <wf lemma="hukka" pos="X">hukka</wf>
         <wf lemma="." pos="X">.</wf>
      </sentence>
      <sentence id="d000.s548" source="wordnet-estonian">
         <wf lemma="Oma" pos="X">Oma</wf>
         <wf lemma="kogu" pos="X">kogu</wf>
         <wf lemma="kohta" pos="X">kohta</wf>
         <wf lemma="on" pos="X">on</wf>
         <wf lemma="ta" pos="X">ta</wf>
         <wf lemma="haruldaselt" pos="X">haruldaselt</wf>
         <instance id="d000.s548.t000" lemma="kerge" pos="ADJ">kerge</instance>
         <wf lemma="." pos="X">.</wf>
      </sentence>
      <sentence id="d000.s549" source="wordnet-estonian">
         <wf lemma="Kõik" pos="X">Kõik</wf>
         <wf lemma="tundemärgid" pos="X">tundemärgid</wf>
         <wf lemma="ennustasid" pos="X">ennustasid</wf>
         <wf lemma="vana" pos="X">vana</wf>
         <wf lemma="ühiskonna" pos="X">ühiskonna</wf>
         <wf lemma="paratamatut" pos="X">paratamatut</wf>
         <instance id="d000.s549.t000" lemma="kadu" pos="NOUN">kadu</instance>
         <wf lemma="." pos="X">.</wf>
      </sentence>
      <sentence id="d000.s550" source="wordnet-estonian">
         <wf lemma="Paar" pos="X">Paar</wf>
         <instance id="d000.s550.t000" lemma="päev" pos="NOUN">päeva</instance>
         <wf lemma="tagasi" pos="X">tagasi</wf>
         <wf lemma="." pos="X">.</wf>
      </sentence>
      <sentence id="d000.s551" source="wordnet-estonian">
         <wf lemma="Ehitati" pos="X">Ehitati</wf>
         <instance id="d000.s551.t000" lemma="lindla" pos="NOUN">lindla</instance>
         <wf lemma="25" pos="X">25</wf>
         <wf lemma="000" pos="X">000</wf>
         <wf lemma="pardi" pos="X">pardi</wf>
         <wf lemma="jaoks" pos="X">jaoks</wf>
         <wf lemma="." pos="X">.</wf>
         <wf lemma="Kanala" pos="X">Kanala</wf>
         <wf lemma="," pos="X">,</wf>
         <wf lemma="hanila" pos="X">hanila</wf>
         <wf lemma="jt." pos="X">jt.</wf>
         <wf lemma="lindlad" pos="X">lindlad</wf>
         <wf lemma="." pos="X">.</wf>
      </sentence>
      <sentence id="d000.s552" source="wordnet-estonian">
         <wf lemma="Tagala" pos="X">Tagala</wf>
         <wf lemma="varustab" pos="X">varustab</wf>
         <instance id="d000.s552.t000" lemma="rinne" pos="NOUN">rinnet</instance>
         <wf lemma="." pos="X">.</wf>
      </sentence>
      <sentence id="d000.s553" source="wordnet-estonian">
         <wf lemma="Jõe" pos="X">Jõe</wf>
         <wf lemma="ja" pos="X">ja</wf>
         <wf lemma="raudtee" pos="X">raudtee</wf>
         <wf lemma="vaheline" pos="X">vaheline</wf>
         <wf lemma="," pos="X">,</wf>
         <wf lemma="60" pos="X">60</wf>
         <wf lemma="ha" pos="X">ha</wf>
         <wf lemma="suurune" pos="X">suurune</wf>
         <instance id="d000.s553.t000" lemma="maa-ala" pos="NOUN">maa-ala</instance>
         <wf lemma="." pos="X">.</wf>
      </sentence>
      <sentence id="d000.s554" source="wordnet-estonian">
         <wf lemma="Nektar" pos="X">Nektar</wf>
         <wf lemma="on" pos="X">on</wf>
         <wf lemma="jumalate" pos="X">jumalate</wf>
         <instance id="d000.s554.t000" lemma="jook" pos="NOUN">jook</instance>
         <wf lemma="." pos="X">.</wf>
      </sentence>
      <sentence id="d000.s555" source="wordnet-estonian">
         <wf lemma="Varblane" pos="X">Varblane</wf>
         <instance id="d000.s555.t000" lemma="olema" pos="VERB">on</instance>
         <wf lemma="lind" pos="X">lind</wf>
         <wf lemma="." pos="X">.</wf>
      </sentence>
      <sentence id="d000.s556" source="wordnet-estonian">
         <instance id="d000.s556.t000" lemma="kordama" pos="VERB">Kordasime</instance>
         <wf lemma="katset" pos="X">katset</wf>
         <wf lemma="." pos="X">.</wf>
      </sentence>
      <sentence id="d000.s557" source="wordnet-estonian">
         <wf lemma="See" pos="X">See</wf>
         <wf lemma="lauluraamat" pos="X">lauluraamat</wf>
         <wf lemma="on" pos="X">on</wf>
         <wf lemma="mul" pos="X">mul</wf>
         <instance id="d000.s557.t000" lemma="mälestus" pos="NOUN">mälestus</instance>
         <wf lemma="vanaemalt" pos="X">vanaemalt</wf>
         <wf lemma="." pos="X">.</wf>
      </sentence>
      <sentence id="d000.s558" source="wordnet-estonian">
         <wf lemma="Tähtajaline" pos="X">Tähtajaline</wf>
         <wf lemma="," pos="X">,</wf>
         <wf lemma="nõudmiseni" pos="X">nõudmiseni</wf>
         <instance id="d000.s558.t000" lemma="hoius" pos="NOUN">hoius</instance>
         <wf lemma="." pos="X">.</wf>
      </sentence>
      <sentence id="d000.s559" source="wordnet-estonian">
         <wf lemma="Mees" pos="X">Mees</wf>
         <wf lemma="oli" pos="X">oli</wf>
         <instance id="d000.s559.t000" lemma="üllatavalt" pos="ADV">üllatavalt</instance>
         <wf lemma="rahulik" pos="X">rahulik</wf>
         <wf lemma="," pos="X">,</wf>
         <wf lemma="tõsine" pos="X">tõsine</wf>
         <wf lemma="." pos="X">.</wf>
         <wf lemma="(" pos="X">(</wf>
         <wf lemma="EKSS" pos="X">EKSS</wf>
         <wf lemma=")" pos="X">)</wf>
         <wf lemma="." pos="X">.</wf>
      </sentence>
      <sentence id="d000.s560" source="wordnet-estonian">
         <wf lemma="Süda" pos="X">Süda</wf>
         <wf lemma="on" pos="X">on</wf>
         <instance id="d000.s560.t000" lemma="natuke" pos="ADV">natuke</instance>
         <wf lemma="paha" pos="X">paha</wf>
         <wf lemma="." pos="X">.</wf>
         <wf lemma="(" pos="X">(</wf>
         <wf lemma="EKSS" pos="X">EKSS</wf>
         <wf lemma=")" pos="X">)</wf>
         <wf lemma="." pos="X">.</wf>
      </sentence>
      <sentence id="d000.s561" source="wordnet-estonian">
         <wf lemma="Poiss" pos="X">Poiss</wf>
         <wf lemma="pani" pos="X">pani</wf>
         <wf lemma="kou" pos="X">kou</wf>
         <wf lemma="poole" pos="X">poole</wf>
         <instance id="d000.s561.t000" lemma="kaapima" pos="VERB">kaapima</instance>
         <wf lemma="." pos="X">.</wf>
      </sentence>
      <sentence id="d000.s562" source="wordnet-estonian">
         <wf lemma="Näitusel" pos="X">Näitusel</wf>
         <wf lemma="on" pos="X">on</wf>
         <wf lemma="eksponeeritud" pos="X">eksponeeritud</wf>
         <wf lemma="noorte" pos="X">noorte</wf>
         <instance id="d000.s562.t000" lemma="akvarellist" pos="NOUN">akvarellistide</instance>
         <wf lemma="töid" pos="X">töid</wf>
         <wf lemma="." pos="X">.</wf>
      </sentence>
      <sentence id="d000.s563" source="wordnet-estonian">
         <wf lemma="Mis" pos="X">Mis</wf>
         <instance id="d000.s563.t000" lemma="sort" pos="NOUN">sorti</instance>
         <wf lemma="küpsiseid" pos="X">küpsiseid</wf>
         <wf lemma="te" pos="X">te</wf>
         <wf lemma="täna" pos="X">täna</wf>
         <wf lemma="pakute" pos="X">pakute</wf>
         <wf lemma="?" pos="X">?</wf>
      </sentence>
      <sentence id="d000.s564" source="wordnet-estonian">
         <wf lemma="Merel" pos="X">Merel</wf>
         <wf lemma="märatses" pos="X">märatses</wf>
         <instance id="d000.s564.t000" lemma="torm" pos="NOUN">torm</instance>
         <wf lemma="(" pos="X">(</wf>
         <wf lemma="EKSS" pos="X">EKSS</wf>
         <wf lemma=")" pos="X">)</wf>
         <wf lemma="." pos="X">.</wf>
      </sentence>
      <sentence id="d000.s565" source="wordnet-estonian">
         <instance id="d000.s565.t000" lemma="söökla" pos="NOUN">Sööklas</instance>
         <wf lemma="on" pos="X">on</wf>
         <wf lemma="toidud" pos="X">toidud</wf>
         <wf lemma="odavamad" pos="X">odavamad</wf>
         <wf lemma="kui" pos="X">kui</wf>
         <wf lemma="restoranis" pos="X">restoranis</wf>
         <wf lemma="." pos="X">.</wf>
      </sentence>
      <sentence id="d000.s566" source="wordnet-estonian">
         <wf lemma="Metsas" pos="X">Metsas</wf>
         <wf lemma="oli" pos="X">oli</wf>
         <instance id="d000.s566.t000" lemma="kõikjal" pos="ADV">kõikjal</instance>
         <wf lemma="nii" pos="X">nii</wf>
         <wf lemma="ilus" pos="X">ilus</wf>
         <wf lemma="ja" pos="X">ja</wf>
         <wf lemma="rohetav" pos="X">rohetav</wf>
         <wf lemma="." pos="X">.</wf>
      </sentence>
      <sentence id="d000.s567" source="wordnet-estonian">
         <wf lemma="Kõrvu" pos="X">Kõrvu</wf>
         <wf lemma="lõikas" pos="X">lõikas</wf>
         <wf lemma="tüdruku" pos="X">tüdruku</wf>
         <wf lemma="hele" pos="X">hele</wf>
         <instance id="d000.s567.t000" lemma="kiljatus" pos="NOUN">kiljatus</instance>
         <wf lemma="." pos="X">.</wf>
      </sentence>
      <sentence id="d000.s568" source="wordnet-estonian">
         <wf lemma="Ta" pos="X">Ta</wf>
         <wf lemma="tuli" pos="X">tuli</wf>
         <wf lemma="peole" pos="X">peole</wf>
         <instance id="d000.s568.t000" lemma="koos" pos="ADV">koos</instance>
         <wf lemma="oma" pos="X">oma</wf>
         <wf lemma="pojaga" pos="X">pojaga</wf>
         <wf lemma="." pos="X">.</wf>
      </sentence>
      <sentence id="d000.s569" source="wordnet-estonian">
         <instance id="d000.s569.t000" lemma="olema" pos="VERB">Oli</instance>
         <wf lemma="kord" pos="X">kord</wf>
         <wf lemma="üks" pos="X">üks</wf>
         <wf lemma="kuningas" pos="X">kuningas</wf>
         <wf lemma="." pos="X">.</wf>
      </sentence>
      <sentence id="d000.s570" source="wordnet-estonian">
         <wf lemma="Valge" pos="X">Valge</wf>
         <wf lemma="," pos="X">,</wf>
         <wf lemma="must" pos="X">must</wf>
         <instance id="d000.s570.t000" lemma="lammas" pos="NOUN">lammas</instance>
         <wf lemma="(" pos="X">(</wf>
         <wf lemma="EKSS" pos="X">EKSS</wf>
         <wf lemma=")" pos="X">)</wf>
         <wf lemma="." pos="X">.</wf>
      </sentence>
      <sentence id="d000.s571" source="wordnet-estonian">
         <wf lemma="Lapsed" pos="X">Lapsed</wf>
         <wf lemma="tahavad" pos="X">tahavad</wf>
         <instance id="d000.s571.t000" lemma="limps" pos="NOUN">limpsi</instance>
         <wf lemma="juua" pos="X">juua</wf>
         <wf lemma="," pos="X">,</wf>
         <wf lemma="ostavad" pos="X">ostavad</wf>
         <wf lemma="muudkui" pos="X">muudkui</wf>
         <wf lemma="limpsi" pos="X">limpsi</wf>
         <wf lemma="." pos="X">.</wf>
      </sentence>
      <sentence id="d000.s572" source="wordnet-estonian">
         <wf lemma="Vanad" pos="X">Vanad</wf>
         <wf lemma="kombed" pos="X">kombed</wf>
         <wf lemma="," pos="X">,</wf>
         <wf lemma="tavad" pos="X">tavad</wf>
         <instance id="d000.s572.t000" lemma="kaduma" pos="VERB">kaovad</instance>
         <wf lemma="aegade" pos="X">aegade</wf>
         <wf lemma="jooksul" pos="X">jooksul</wf>
         <wf lemma="." pos="X">.</wf>
      </sentence>
      <sentence id="d000.s573" source="wordnet-estonian">
         <wf lemma="Angoora" pos="X">Angoora</wf>
         <wf lemma="kitse" pos="X">kitse</wf>
         <instance id="d000.s573.t000" lemma="vill" pos="NOUN">vill</instance>
         <wf lemma="(" pos="X">(</wf>
         <wf lemma="EKSS" pos="X">EKSS</wf>
         <wf lemma=")" pos="X">)</wf>
         <wf lemma="." pos="X">.</wf>
      </sentence>
      <sentence id="d000.s574" source="wordnet-estonian">
         <wf lemma="Abivägi" pos="X">Abivägi</wf>
         <wf lemma="," pos="X">,</wf>
         <wf lemma="post" pos="X">post</wf>
         <wf lemma="," pos="X">,</wf>
         <wf lemma="väljasõit" pos="X">väljasõit</wf>
         <instance id="d000.s574.t000" lemma="viibima" pos="VERB">viibib</instance>
         <wf lemma="." pos="X">.</wf>
         <wf lemma="(" pos="X">(</wf>
         <wf lemma="EKSS" pos="X">EKSS</wf>
         <wf lemma=")" pos="X">)</wf>
         <wf lemma="." pos="X">.</wf>
      </sentence>
      <sentence id="d000.s575" source="wordnet-estonian">
         <wf lemma="Kas" pos="X">Kas</wf>
         <wf lemma="lugesid" pos="X">lugesid</wf>
         <wf lemma="läbi" pos="X">läbi</wf>
         <wf lemma="--" pos="X">--</wf>
         <wf lemma="mis" pos="X">mis</wf>
         <instance id="d000.s575.t000" lemma="mulje" pos="NOUN">mulje</instance>
         <wf lemma="sul" pos="X">sul</wf>
         <wf lemma="jäi" pos="X">jäi</wf>
         <wf lemma="?" pos="X">?</wf>
      </sentence>
      <sentence id="d000.s576" source="wordnet-estonian">
         <wf lemma="Kohviku" pos="X">Kohviku</wf>
         <instance id="d000.s576.t000" lemma="kondiiter" pos="NOUN">kondiitrid</instance>
         <wf lemma="." pos="X">.</wf>
         <wf lemma="Restoran" pos="X">Restoran</wf>
         <wf lemma="," pos="X">,</wf>
         <wf lemma="söökla" pos="X">söökla</wf>
         <wf lemma="vajab" pos="X">vajab</wf>
         <wf lemma="kondiitrit" pos="X">kondiitrit</wf>
         <wf lemma="." pos="X">.</wf>
      </sentence>
      <sentence id="d000.s577" source="wordnet-estonian">
         <wf lemma="USA" pos="X">USA</wf>
         <wf lemma="luure" pos="X">luure</wf>
         <instance id="d000.s577.t000" lemma="agent" pos="NOUN">agendid</instance>
         <wf lemma="." pos="X">.</wf>
      </sentence>
      <sentence id="d000.s578" source="wordnet-estonian">
         <wf lemma="Autod" pos="X">Autod</wf>
         <wf lemma="sõitsid" pos="X">sõitsid</wf>
         <instance id="d000.s578.t000" lemma="parv" pos="NOUN">parvele</instance>
         <wf lemma="," pos="X">,</wf>
         <wf lemma="mis" pos="X">mis</wf>
         <wf lemma="viis" pos="X">viis</wf>
         <wf lemma="nad" pos="X">nad</wf>
         <wf lemma="jõe" pos="X">jõe</wf>
         <wf lemma="teisele" pos="X">teisele</wf>
         <wf lemma="kaldale" pos="X">kaldale</wf>
         <wf lemma="." pos="X">.</wf>
      </sentence>
      <sentence id="d000.s579" source="wordnet-estonian">
         <instance id="d000.s579.t000" lemma="seks" pos="NOUN">Seksiga</instance>
         <wf lemma="oli" pos="X">oli</wf>
         <wf lemma="nooruk" pos="X">nooruk</wf>
         <wf lemma="juba" pos="X">juba</wf>
         <wf lemma="varakult" pos="X">varakult</wf>
         <wf lemma="algust" pos="X">algust</wf>
         <wf lemma="teinud" pos="X">teinud</wf>
         <wf lemma="." pos="X">.</wf>
      </sentence>
      <sentence id="d000.s580" source="wordnet-estonian">
         <wf lemma="Ta" pos="X">Ta</wf>
         <wf lemma="maine" pos="X">maine</wf>
         <wf lemma="on" pos="X">on</wf>
         <wf lemma="väga" pos="X">väga</wf>
         <instance id="d000.s580.t000" lemma="halb" pos="ADJ">halb</instance>
         <wf lemma="," pos="X">,</wf>
         <wf lemma="ole" pos="X">ole</wf>
         <wf lemma="ettevaatlik" pos="X">ettevaatlik</wf>
         <wf lemma="!" pos="X">!</wf>
      </sentence>
      <sentence id="d000.s581" source="wordnet-estonian">
         <wf lemma="Meest" pos="X">Meest</wf>
         <wf lemma="ei" pos="X">ei</wf>
         <wf lemma="vaevanud" pos="X">vaevanud</wf>
         <wf lemma="enam" pos="X">enam</wf>
         <wf lemma="kahtluste" pos="X">kahtluste</wf>
         <instance id="d000.s581.t000" lemma="paine" pos="NOUN">paine</instance>
         <wf lemma="." pos="X">.</wf>
      </sentence>
      <sentence id="d000.s582" source="wordnet-estonian">
         <wf lemma="Sama" pos="X">Sama</wf>
         <instance id="d000.s582.t000" lemma="asi" pos="NOUN">asja</instance>
         <wf lemma="teiste" pos="X">teiste</wf>
         <wf lemma="sõnadega" pos="X">sõnadega</wf>
         <wf lemma="ütlema" pos="X">ütlema</wf>
         <wf lemma="." pos="X">.</wf>
      </sentence>
      <sentence id="d000.s583" source="wordnet-estonian">
         <wf lemma="Ta" pos="X">Ta</wf>
         <wf lemma="kinkis" pos="X">kinkis</wf>
         <wf lemma="mulle" pos="X">mulle</wf>
         <instance id="d000.s583.t000" lemma="tahvel" pos="NOUN">tahvli</instance>
         <wf lemma="sokolaadi" pos="X">sokolaadi</wf>
         <wf lemma="." pos="X">.</wf>
      </sentence>
      <sentence id="d000.s584" source="wordnet-estonian">
         <wf lemma="Põhjasõja" pos="X">Põhjasõja</wf>
         <wf lemma="tulemusena" pos="X">tulemusena</wf>
         <wf lemma="läks" pos="X">läks</wf>
         <wf lemma="Eesti" pos="X">Eesti</wf>
         <wf lemma="ala" pos="X">ala</wf>
         <wf lemma="Vene" pos="X">Vene</wf>
         <instance id="d000.s584.t000" lemma="impeerium" pos="NOUN">impeeriumi</instance>
         <wf lemma="koosseisu" pos="X">koosseisu</wf>
         <wf lemma="." pos="X">.</wf>
      </sentence>
      <sentence id="d000.s585" source="wordnet-estonian">
         <wf lemma="Ehitati" pos="X">Ehitati</wf>
         <wf lemma="uus" pos="X">uus</wf>
         <wf lemma="tuberkuloosihaigete" pos="X">tuberkuloosihaigete</wf>
         <instance id="d000.s585.t000" lemma="sanatoorium" pos="NOUN">sanatoorium</instance>
         <wf lemma="." pos="X">.</wf>
      </sentence>
      <sentence id="d000.s586" source="wordnet-estonian">
         <wf lemma="Udu" pos="X">Udu</wf>
         <wf lemma="laskudes" pos="X">laskudes</wf>
         <wf lemma="hakkasid" pos="X">hakkasid</wf>
         <wf lemma="undama" pos="X">undama</wf>
         <instance id="d000.s586.t000" lemma="laev" pos="NOUN">laevade</instance>
         <wf lemma="sireenid" pos="X">sireenid</wf>
         <wf lemma="." pos="X">.</wf>
      </sentence>
      <sentence id="d000.s587" source="wordnet-estonian">
         <wf lemma="Toimiku" pos="X">Toimiku</wf>
         <instance id="d000.s587.t000" lemma="indeks" pos="NOUN">indeks</instance>
         <wf lemma="." pos="X">.</wf>
         <wf lemma="(" pos="X">(</wf>
         <wf lemma="EKSS" pos="X">EKSS</wf>
         <wf lemma=")" pos="X">)</wf>
         <wf lemma="." pos="X">.</wf>
      </sentence>
      <sentence id="d000.s588" source="wordnet-estonian">
         <wf lemma="Kütuse" pos="X">Kütuse</wf>
         <wf lemma="hind" pos="X">hind</wf>
         <instance id="d000.s588.t000" lemma="hüppama" pos="VERB">hüppas</instance>
         <wf lemma="üleöö" pos="X">üleöö</wf>
         <wf lemma="kõrgemale" pos="X">kõrgemale</wf>
         <wf lemma="." pos="X">.</wf>
         <wf lemma="Ta" pos="X">Ta</wf>
         <wf lemma="hüppas" pos="X">hüppas</wf>
         <wf lemma="pidevalt" pos="X">pidevalt</wf>
         <wf lemma="ühelt" pos="X">ühelt</wf>
         <wf lemma="teemalt" pos="X">teemalt</wf>
         <wf lemma="teisele" pos="X">teisele</wf>
         <wf lemma="." pos="X">.</wf>
      </sentence>
      <sentence id="d000.s589" source="wordnet-estonian">
         <wf lemma="Mõned" pos="X">Mõned</wf>
         <instance id="d000.s589.t000" lemma="kutsuma" pos="VERB">kutsuvad</instance>
         <wf lemma="teda" pos="X">teda</wf>
         <wf lemma="Aleksiks" pos="X">Aleksiks</wf>
         <wf lemma="," pos="X">,</wf>
         <wf lemma="mõned" pos="X">mõned</wf>
         <wf lemma="Sassiks" pos="X">Sassiks</wf>
         <wf lemma="." pos="X">.</wf>
      </sentence>
      <sentence id="d000.s590" source="wordnet-estonian">
         <wf lemma="Ta" pos="X">Ta</wf>
         <wf lemma="tundis" pos="X">tundis</wf>
         <instance id="d000.s590.t000" lemma="viha" pos="NOUN">viha</instance>
         <wf lemma="kogu" pos="X">kogu</wf>
         <wf lemma="maailma" pos="X">maailma</wf>
         <wf lemma="vastu" pos="X">vastu</wf>
         <wf lemma="." pos="X">.</wf>
      </sentence>
      <sentence id="d000.s591" source="wordnet-estonian">
         <instance id="d000.s591.t000" lemma="lind" pos="NOUN">Lind</instance>
         <wf lemma="istus" pos="X">istus</wf>
         <wf lemma="kase" pos="X">kase</wf>
         <wf lemma="oksal" pos="X">oksal</wf>
         <wf lemma="." pos="X">.</wf>
      </sentence>
      <sentence id="d000.s592" source="wordnet-estonian">
         <wf lemma="See" pos="X">See</wf>
         <wf lemma="lause" pos="X">lause</wf>
         <wf lemma="on" pos="X">on</wf>
         <wf lemma="bürokraatliku" pos="X">bürokraatliku</wf>
         <instance id="d000.s592.t000" lemma="stiil" pos="NOUN">stiili</instance>
         <wf lemma="näide" pos="X">näide</wf>
         <wf lemma="." pos="X">.</wf>
      </sentence>
      <sentence id="d000.s593" source="wordnet-estonian">
         <wf lemma="Laul" pos="X">Laul</wf>
         <wf lemma="koosnes" pos="X">koosnes</wf>
         <wf lemma="kümnest" pos="X">kümnest</wf>
         <instance id="d000.s593.t000" lemma="salm" pos="NOUN">salmist</instance>
         <wf lemma="." pos="X">.</wf>
      </sentence>
      <sentence id="d000.s594" source="wordnet-estonian">
         <wf lemma="Põhjapoolses" pos="X">Põhjapoolses</wf>
         <instance id="d000.s594.t000" lemma="taevas" pos="NOUN">taevas</instance>
         <wf lemma="vehklevad" pos="X">vehklevad</wf>
         <wf lemma="virmalised" pos="X">virmalised</wf>
         <wf lemma="(" pos="X">(</wf>
         <wf lemma="EKSS" pos="X">EKSS</wf>
         <wf lemma=")" pos="X">)</wf>
         <wf lemma="." pos="X">.</wf>
      </sentence>
      <sentence id="d000.s595" source="wordnet-estonian">
         <instance id="d000.s595.t000" lemma="käblik" pos="NOUN">Käbliku</instance>
         <wf lemma="kõlav" pos="X">kõlav</wf>
         <wf lemma="laul" pos="X">laul</wf>
         <wf lemma="." pos="X">.</wf>
         <wf lemma="Ta" pos="X">Ta</wf>
         <wf lemma="on" pos="X">on</wf>
         <wf lemma="pisike" pos="X">pisike</wf>
         <wf lemma="ja" pos="X">ja</wf>
         <wf lemma="käbe" pos="X">käbe</wf>
         <wf lemma="nagu" pos="X">nagu</wf>
         <wf lemma="käblik" pos="X">käblik</wf>
         <wf lemma="." pos="X">.</wf>
      </sentence>
      <sentence id="d000.s596" source="wordnet-estonian">
         <instance id="d000.s596.t000" lemma="presiidium" pos="NOUN">Presiidium</instance>
         <wf lemma="võttis" pos="X">võttis</wf>
         <wf lemma="laua" pos="X">laua</wf>
         <wf lemma="taga" pos="X">taga</wf>
         <wf lemma="kohad" pos="X">kohad</wf>
         <wf lemma="sisse" pos="X">sisse</wf>
         <wf lemma="." pos="X">.</wf>
         <wf lemma="Presiidiumi" pos="X">Presiidiumi</wf>
         <wf lemma="otsusel" pos="X">otsusel</wf>
         <wf lemma="nõupidamine" pos="X">nõupidamine</wf>
         <wf lemma="katkestati" pos="X">katkestati</wf>
         <wf lemma="." pos="X">.</wf>
      </sentence>
      <sentence id="d000.s597" source="wordnet-estonian">
         <wf lemma="Eeshambad" pos="X">Eeshambad</wf>
         <wf lemma="asendati" pos="X">asendati</wf>
         <wf lemma="proteesi(de)ga" pos="X">proteesi(de)ga</wf>
         <wf lemma="." pos="X">.</wf>
         <wf lemma="Pani" pos="X">Pani</wf>
         <instance id="d000.s597.t000" lemma="protees" pos="NOUN">proteesi</instance>
         <wf lemma="suhu" pos="X">suhu</wf>
         <wf lemma="." pos="X">.</wf>
         <wf lemma="Nina" pos="X">Nina</wf>
         <wf lemma="," pos="X">,</wf>
         <wf lemma="sõrme" pos="X">sõrme</wf>
         <wf lemma="," pos="X">,</wf>
         <wf lemma="käelaba" pos="X">käelaba</wf>
         <wf lemma="plastmassist" pos="X">plastmassist</wf>
         <wf lemma="protees" pos="X">protees</wf>
         <wf lemma="." pos="X">.</wf>
         <wf lemma="Ta" pos="X">Ta</wf>
         <wf lemma="käib" pos="X">käib</wf>
         <wf lemma="proteesiga" pos="X">proteesiga</wf>
         <wf lemma="," pos="X">,</wf>
         <wf lemma="kannab" pos="X">kannab</wf>
         <wf lemma="proteesi" pos="X">proteesi</wf>
         <wf lemma="." pos="X">.</wf>
         <wf lemma="Pead" pos="X">Pead</wf>
         <wf lemma="õppima" pos="X">õppima</wf>
         <wf lemma="proteesidega" pos="X">proteesidega</wf>
         <wf lemma="end" pos="X">end</wf>
         <wf lemma="riidesse" pos="X">riidesse</wf>
         <wf lemma="panema" pos="X">panema</wf>
         <wf lemma="." pos="X">.</wf>
         <wf lemma="Silmamuna" pos="X">Silmamuna</wf>
         <wf lemma="asemele" pos="X">asemele</wf>
         <wf lemma="pandud" pos="X">pandud</wf>
         <wf lemma="protees" pos="X">protees</wf>
         <wf lemma="." pos="X">.</wf>
         <wf lemma="Veresoonte" pos="X">Veresoonte</wf>
         <wf lemma="proteesid" pos="X">proteesid</wf>
         <wf lemma="." pos="X">.</wf>
         <wf lemma="Lihaste" pos="X">Lihaste</wf>
         <wf lemma="abil" pos="X">abil</wf>
         <wf lemma="," pos="X">,</wf>
         <wf lemma="elektri" pos="X">elektri</wf>
         <wf lemma="jõul" pos="X">jõul</wf>
         <wf lemma="funktsioneeriv" pos="X">funktsioneeriv</wf>
         <wf lemma="protees" pos="X">protees</wf>
         <wf lemma="." pos="X">.</wf>
      </sentence>
      <sentence id="d000.s598" source="wordnet-estonian">
         <wf lemma="Meremehe" pos="X">Meremehe</wf>
         <wf lemma="taaruv" pos="X">taaruv</wf>
         <instance id="d000.s598.t000" lemma="kõnnak" pos="NOUN">kõnnak</instance>
         <wf lemma="." pos="X">.</wf>
         <wf lemma="Ta" pos="X">Ta</wf>
         <wf lemma="kõnnak" pos="X">kõnnak</wf>
         <wf lemma="oli" pos="X">oli</wf>
         <wf lemma="kindel" pos="X">kindel</wf>
         <wf lemma="ja" pos="X">ja</wf>
         <wf lemma="väärikas" pos="X">väärikas</wf>
         <wf lemma="." pos="X">.</wf>
      </sentence>
      <sentence id="d000.s599" source="wordnet-estonian">
         <wf lemma="Võistleja" pos="X">Võistleja</wf>
         <wf lemma="oli" pos="X">oli</wf>
         <wf lemma="oma" pos="X">oma</wf>
         <wf lemma="sportlike" pos="X">sportlike</wf>
         <wf lemma="võimete" pos="X">võimete</wf>
         <instance id="d000.s599.t000" lemma="seniit" pos="NOUN">seniidis</instance>
         <wf lemma="." pos="X">.</wf>
         <wf lemma="Seniiti" pos="X">Seniiti</wf>
         <wf lemma="kerkisid" pos="X">kerkisid</wf>
         <wf lemma="uued" pos="X">uued</wf>
         <wf lemma="malekuulsused" pos="X">malekuulsused</wf>
         <wf lemma="." pos="X">.</wf>
         <wf lemma="Suvehooaeg" pos="X">Suvehooaeg</wf>
         <wf lemma="on" pos="X">on</wf>
         <wf lemma="seniidis" pos="X">seniidis</wf>
         <wf lemma="." pos="X">.</wf>
         <wf lemma="Meeleolu" pos="X">Meeleolu</wf>
         <wf lemma="oli" pos="X">oli</wf>
         <wf lemma="tõusnud" pos="X">tõusnud</wf>
         <wf lemma="seniiti" pos="X">seniiti</wf>
         <wf lemma="." pos="X">.</wf>
         <wf lemma="*" pos="X">*</wf>
         <wf lemma=".." pos="X">..</wf>
         <wf lemma="ta" pos="X">ta</wf>
         <wf lemma="on" pos="X">on</wf>
         <wf lemma="jõudnud" pos="X">jõudnud</wf>
         <wf lemma="oma" pos="X">oma</wf>
         <wf lemma="elu" pos="X">elu</wf>
         <wf lemma="ja" pos="X">ja</wf>
         <wf lemma="võimalik" pos="X">võimalik</wf>
         <wf lemma="et" pos="X">et</wf>
         <wf lemma="ka" pos="X">ka</wf>
         <wf lemma="oma" pos="X">oma</wf>
         <wf lemma="ajastu" pos="X">ajastu</wf>
         <wf lemma="seniiti" pos="X">seniiti</wf>
         <wf lemma="." pos="X">.</wf>
         <wf lemma="." pos="X">.</wf>
         <wf lemma="(" pos="X">(</wf>
         <wf lemma="Autor" pos="X">Autor</wf>
         <wf lemma=":" pos="X">:</wf>
         <wf lemma="V." pos="X">V.</wf>
         <wf lemma="Adams." pos="X">Adams.</wf>
         <wf lemma=")" pos="X">)</wf>
         <wf lemma="." pos="X">.</wf>
      </sentence>
      <sentence id="d000.s600" source="wordnet-estonian">
         <wf lemma="Nad" pos="X">Nad</wf>
         <wf lemma="vältisid" pos="X">vältisid</wf>
         <wf lemma="igasugust" pos="X">igasugust</wf>
         <wf lemma="meelelahutuslikku" pos="X">meelelahutuslikku</wf>
         <instance id="d000.s600.t000" lemma="tegevus" pos="NOUN">tegevust</instance>
         <wf lemma="." pos="X">.</wf>
      </sentence>
      <sentence id="d000.s601" source="wordnet-estonian">
         <wf lemma="Vabariiklased" pos="X">Vabariiklased</wf>
         <wf lemma="ja" pos="X">ja</wf>
         <instance id="d000.s601.t000" lemma="monarhist" pos="NOUN">monarhistid</instance>
         <wf lemma="." pos="X">.</wf>
      </sentence>
      <sentence id="d000.s602" source="wordnet-estonian">
         <wf lemma="Vili" pos="X">Vili</wf>
         <instance id="d000.s602.t000" lemma="koguma" pos="VERB">koguti</instance>
         <wf lemma="salve" pos="X">salve</wf>
         <wf lemma="." pos="X">.</wf>
      </sentence>
      <sentence id="d000.s603" source="wordnet-estonian">
         <wf lemma="Hüatsint" pos="X">Hüatsint</wf>
         <wf lemma="vajab" pos="X">vajab</wf>
         <wf lemma="sooja" pos="X">sooja</wf>
         <wf lemma="ja" pos="X">ja</wf>
         <wf lemma="kuiva" pos="X">kuiva</wf>
         <instance id="d000.s603.t000" lemma="keskkond" pos="NOUN">keskkonda</instance>
         <wf lemma="." pos="X">.</wf>
      </sentence>
      <sentence id="d000.s604" source="wordnet-estonian">
         <wf lemma="Ooperi" pos="X">Ooperi</wf>
         <wf lemma="vokaalne" pos="X">vokaalne</wf>
         <instance id="d000.s604.t000" lemma="partii" pos="NOUN">partii</instance>
         <wf lemma="ei" pos="X">ei</wf>
         <wf lemma="olnud" pos="X">olnud</wf>
         <wf lemma="kuigi" pos="X">kuigi</wf>
         <wf lemma="ilmekas" pos="X">ilmekas</wf>
         <wf lemma="." pos="X">.</wf>
      </sentence>
      <sentence id="d000.s605" source="wordnet-estonian">
         <wf lemma="Kõrge" pos="X">Kõrge</wf>
         <wf lemma="," pos="X">,</wf>
         <wf lemma="keskmine" pos="X">keskmine</wf>
         <wf lemma="," pos="X">,</wf>
         <wf lemma="madal" pos="X">madal</wf>
         <instance id="d000.s605.t000" lemma="register" pos="NOUN">register</instance>
         <wf lemma="." pos="X">.</wf>
      </sentence>
      <sentence id="d000.s606" source="wordnet-estonian">
         <wf lemma="Kalliskividele" pos="X">Kalliskividele</wf>
         <wf lemma="on" pos="X">on</wf>
         <instance id="d000.s606.t000" lemma="omistama" pos="VERB">omistatud</instance>
         <wf lemma="maagilisi" pos="X">maagilisi</wf>
         <wf lemma="tähendusi" pos="X">tähendusi</wf>
         <wf lemma="." pos="X">.</wf>
      </sentence>
      <sentence id="d000.s607" source="wordnet-estonian">
         <wf lemma="Riigiseaduste" pos="X">Riigiseaduste</wf>
         <instance id="d000.s607.t000" lemma="prioriteet" pos="NOUN">prioriteet</instance>
         <wf lemma="kohalike" pos="X">kohalike</wf>
         <wf lemma="seaduste" pos="X">seaduste</wf>
         <wf lemma="suhtes" pos="X">suhtes</wf>
         <wf lemma="." pos="X">.</wf>
         <wf lemma="Eesti" pos="X">Eesti</wf>
         <wf lemma="majanduselu" pos="X">majanduselu</wf>
         <wf lemma="prioriteedid" pos="X">prioriteedid</wf>
         <wf lemma="lähiaastatel" pos="X">lähiaastatel</wf>
         <wf lemma="." pos="X">.</wf>
      </sentence>
      <sentence id="d000.s608" source="wordnet-estonian">
         <wf lemma="Maja" pos="X">Maja</wf>
         <wf lemma="kuulus" pos="X">kuulus</wf>
         <instance id="d000.s608.t000" lemma="šotlane" pos="NOUN">šotlasele</instance>
         <wf lemma="." pos="X">.</wf>
      </sentence>
      <sentence id="d000.s609" source="wordnet-estonian">
         <wf lemma="Kasvuhoone" pos="X">Kasvuhoone</wf>
         <wf lemma="purunenud" pos="X">purunenud</wf>
         <wf lemma="klaasid" pos="X">klaasid</wf>
         <wf lemma="tuli" pos="X">tuli</wf>
         <instance id="d000.s609.t000" lemma="uuendama" pos="VERB">uuendada</instance>
         <wf lemma="." pos="X">.</wf>
         <wf lemma="Need" pos="X">Need</wf>
         <wf lemma="taimed" pos="X">taimed</wf>
         <wf lemma="suudavad" pos="X">suudavad</wf>
         <wf lemma="oma" pos="X">oma</wf>
         <wf lemma="hävinud" pos="X">hävinud</wf>
         <wf lemma="osi" pos="X">osi</wf>
         <wf lemma="uuendada" pos="X">uuendada</wf>
         <wf lemma="." pos="X">.</wf>
      </sentence>
      <sentence id="d000.s610" source="wordnet-estonian">
         <wf lemma="Kontsert" pos="X">Kontsert</wf>
         <instance id="d000.s610.t000" lemma="klarnet" pos="NOUN">klarnetile</instance>
         <wf lemma="ja" pos="X">ja</wf>
         <wf lemma="metsasarvele" pos="X">metsasarvele</wf>
         <wf lemma="." pos="X">.</wf>
      </sentence>
      <sentence id="d000.s611" source="wordnet-estonian">
         <instance id="d000.s611.t000" lemma="silinder" pos="NOUN">Silindri</instance>
         <wf lemma="põhjad" pos="X">põhjad</wf>
         <wf lemma="," pos="X">,</wf>
         <wf lemma="külgpind" pos="X">külgpind</wf>
         <wf lemma="," pos="X">,</wf>
         <wf lemma="kõrgus" pos="X">kõrgus</wf>
         <wf lemma="(" pos="X">(</wf>
         <wf lemma="EKSS" pos="X">EKSS</wf>
         <wf lemma=")" pos="X">)</wf>
         <wf lemma="." pos="X">.</wf>
      </sentence>
      <sentence id="d000.s612" source="wordnet-estonian">
         <instance id="d000.s612.t000" lemma="infektsioon" pos="NOUN">Infektsiooni</instance>
         <wf lemma="levik" pos="X">levik</wf>
         <wf lemma="," pos="X">,</wf>
         <wf lemma="vältimine" pos="X">vältimine</wf>
         <wf lemma="." pos="X">.</wf>
      </sentence>
      <sentence id="d000.s613" source="wordnet-estonian">
         <wf lemma="Õpin" pos="X">Õpin</wf>
         <wf lemma="," pos="X">,</wf>
         <wf lemma="töötan" pos="X">töötan</wf>
         <wf lemma="," pos="X">,</wf>
         <wf lemma="ujun" pos="X">ujun</wf>
         <instance id="d000.s613.t000" lemma="hästi" pos="ADV">hästi</instance>
         <wf lemma="." pos="X">.</wf>
         <wf lemma="(" pos="X">(</wf>
         <wf lemma="EKSS" pos="X">EKSS</wf>
         <wf lemma=")" pos="X">)</wf>
         <wf lemma="." pos="X">.</wf>
      </sentence>
      <sentence id="d000.s614" source="wordnet-estonian">
         <instance id="d000.s614.t000" lemma="lukustama" pos="VERB">Lukustab</instance>
         <wf lemma="õhtuti" pos="X">õhtuti</wf>
         <wf lemma="kõik" pos="X">kõik</wf>
         <wf lemma="uksed" pos="X">uksed</wf>
         <wf lemma="ja" pos="X">ja</wf>
         <wf lemma="väravad" pos="X">väravad</wf>
         <wf lemma="." pos="X">.</wf>
      </sentence>
      <sentence id="d000.s615" source="wordnet-estonian">
         <wf lemma="Määratuse" pos="X">Määratuse</wf>
         <wf lemma="ja" pos="X">ja</wf>
         <instance id="d000.s615.t000" lemma="määramatus" pos="NOUN">määramatuse</instance>
         <wf lemma="opositsioon" pos="X">opositsioon</wf>
         <wf lemma="." pos="X">.</wf>
         <wf lemma="Igasugune" pos="X">Igasugune</wf>
         <wf lemma="info" pos="X">info</wf>
         <wf lemma="likvideerib" pos="X">likvideerib</wf>
         <wf lemma="mingi" pos="X">mingi</wf>
         <wf lemma="määramatuse" pos="X">määramatuse</wf>
         <wf lemma="." pos="X">.</wf>
      </sentence>
      <sentence id="d000.s616" source="wordnet-estonian">
         <instance id="d000.s616.t000" lemma="paganlus" pos="NOUN">Paganlusest</instance>
         <wf lemma="pööratud" pos="X">pööratud</wf>
         <wf lemma="rahvas" pos="X">rahvas</wf>
         <wf lemma="." pos="X">.</wf>
         <wf lemma="*" pos="X">*</wf>
         <wf lemma=".." pos="X">..</wf>
         <wf lemma="jääb" pos="X">jääb</wf>
         <wf lemma="ta" pos="X">ta</wf>
         <wf lemma="äsjaloodud" pos="X">äsjaloodud</wf>
         <wf lemma="ristikogudus" pos="X">ristikogudus</wf>
         <wf lemma="ilma" pos="X">ilma</wf>
         <wf lemma="kaitseta" pos="X">kaitseta</wf>
         <wf lemma="ning" pos="X">ning</wf>
         <wf lemma="et" pos="X">et</wf>
         <wf lemma="siis" pos="X">siis</wf>
         <wf lemma="teiste" pos="X">teiste</wf>
         <wf lemma="õhutusel" pos="X">õhutusel</wf>
         <wf lemma="võib" pos="X">võib</wf>
         <wf lemma="ta" pos="X">ta</wf>
         <wf lemma="langeda" pos="X">langeda</wf>
         <wf lemma="tagasi" pos="X">tagasi</wf>
         <wf lemma="paganluse" pos="X">paganluse</wf>
         <wf lemma="rüppe." pos="X">rüppe.</wf>
         <wf lemma="." pos="X">.</wf>
         <wf lemma="(" pos="X">(</wf>
         <wf lemma="Autor" pos="X">Autor</wf>
         <wf lemma=":" pos="X">:</wf>
         <wf lemma="E." pos="X">E.</wf>
         <wf lemma="Kippel." pos="X">Kippel.</wf>
         <wf lemma=")" pos="X">)</wf>
         <wf lemma="." pos="X">.</wf>
      </sentence>
      <sentence id="d000.s617" source="wordnet-estonian">
         <wf lemma="Jalad" pos="X">Jalad</wf>
         <wf lemma="hakkasid" pos="X">hakkasid</wf>
         <wf lemma="katkistes" pos="X">katkistes</wf>
         <instance id="d000.s617.t000" lemma="king" pos="NOUN">kingades</instance>
         <wf lemma="külmetama" pos="X">külmetama</wf>
         <wf lemma="." pos="X">.</wf>
      </sentence>
      <sentence id="d000.s618" source="wordnet-estonian">
         <wf lemma="Juustu" pos="X">Juustu</wf>
         <instance id="d000.s618.t000" lemma="soolasus" pos="NOUN">soolasus</instance>
         <wf lemma="sõltub" pos="X">sõltub</wf>
         <wf lemma="tema" pos="X">tema</wf>
         <wf lemma="säilitusvee" pos="X">säilitusvee</wf>
         <wf lemma="soolsusest" pos="X">soolsusest</wf>
         <wf lemma="(" pos="X">(</wf>
         <wf lemma="EKSS" pos="X">EKSS</wf>
         <wf lemma=")" pos="X">)</wf>
         <wf lemma="." pos="X">.</wf>
      </sentence>
      <sentence id="d000.s619" source="wordnet-estonian">
         <wf lemma="Aeda" pos="X">Aeda</wf>
         <wf lemma="on" pos="X">on</wf>
         <wf lemma="palju" pos="X">palju</wf>
         <instance id="d000.s619.t000" lemma="tigu" pos="NOUN">tigusid</instance>
         <wf lemma="tekkinud" pos="X">tekkinud</wf>
         <wf lemma="(" pos="X">(</wf>
         <wf lemma="EKSS" pos="X">EKSS</wf>
         <wf lemma=")" pos="X">)</wf>
         <wf lemma="." pos="X">.</wf>
      </sentence>
      <sentence id="d000.s620" source="wordnet-estonian">
         <wf lemma="Kandidaadid" pos="X">Kandidaadid</wf>
         <instance id="d000.s620.t000" lemma="valima" pos="VERB">valib</instance>
         <wf lemma="välja" pos="X">välja</wf>
         <wf lemma="ja" pos="X">ja</wf>
         <wf lemma="hindab" pos="X">hindab</wf>
         <wf lemma="erikomisjon" pos="X">erikomisjon</wf>
         <wf lemma="." pos="X">.</wf>
      </sentence>
      <sentence id="d000.s621" source="wordnet-estonian">
         <instance id="d000.s621.t000" lemma="tsensor" pos="NOUN">Tsensor</instance>
         <wf lemma="keelas" pos="X">keelas</wf>
         <wf lemma="raamatu" pos="X">raamatu</wf>
         <wf lemma="avaldamise" pos="X">avaldamise</wf>
         <wf lemma="(" pos="X">(</wf>
         <wf lemma="EKSS" pos="X">EKSS</wf>
         <wf lemma=")" pos="X">)</wf>
         <wf lemma="." pos="X">.</wf>
      </sentence>
      <sentence id="d000.s622" source="wordnet-estonian">
         <wf lemma="Me" pos="X">Me</wf>
         <wf lemma="ostsime" pos="X">ostsime</wf>
         <wf lemma="kaks" pos="X">kaks</wf>
         <wf lemma="pudelit" pos="X">pudelit</wf>
         <wf lemma="valget" pos="X">valget</wf>
         <instance id="d000.s622.t000" lemma="vein" pos="NOUN">veini</instance>
         <wf lemma="." pos="X">.</wf>
      </sentence>
      <sentence id="d000.s623" source="wordnet-estonian">
         <wf lemma="Elu" pos="X">Elu</wf>
         <wf lemma="jooksul" pos="X">jooksul</wf>
         <wf lemma="tekib" pos="X">tekib</wf>
         <wf lemma="ajus" pos="X">ajus</wf>
         <instance id="d000.s623.t000" lemma="neuron" pos="NOUN">neuroneid</instance>
         <wf lemma="juurde" pos="X">juurde</wf>
         <wf lemma="." pos="X">.</wf>
      </sentence>
      <sentence id="d000.s624" source="wordnet-estonian">
         <wf lemma="Teda" pos="X">Teda</wf>
         <wf lemma="võeti" pos="X">võeti</wf>
         <wf lemma="vastu" pos="X">vastu</wf>
         <instance id="d000.s624.t000" lemma="aplaus" pos="NOUN">aplausiga</instance>
         <wf lemma="." pos="X">.</wf>
      </sentence>
      <sentence id="d000.s625" source="wordnet-estonian">
         <wf lemma="Mesilased" pos="X">Mesilased</wf>
         <wf lemma="koguvad" pos="X">koguvad</wf>
         <instance id="d000.s625.t000" lemma="nektar" pos="NOUN">nektarit</instance>
         <wf lemma="." pos="X">.</wf>
      </sentence>
      <sentence id="d000.s626" source="wordnet-estonian">
         <wf lemma="Selle" pos="X">Selle</wf>
         <wf lemma="puu" pos="X">puu</wf>
         <wf lemma="all" pos="X">all</wf>
         <wf lemma="on" pos="X">on</wf>
         <instance id="d000.s626.t000" lemma="palju" pos="ADV">palju</instance>
         <wf lemma="õunu" pos="X">õunu</wf>
         <wf lemma="." pos="X">.</wf>
      </sentence>
      <sentence id="d000.s627" source="wordnet-estonian">
         <wf lemma="Talle" pos="X">Talle</wf>
         <wf lemma="olid" pos="X">olid</wf>
         <wf lemma="kõik" pos="X">kõik</wf>
         <instance id="d000.s627.t000" lemma="naine" pos="NOUN">naised</instance>
         <wf lemma="vastumeelsed" pos="X">vastumeelsed</wf>
         <wf lemma="." pos="X">.</wf>
      </sentence>
      <sentence id="d000.s628" source="wordnet-estonian">
         <instance id="d000.s628.t000" lemma="hiljem" pos="ADV">Hiljem</instance>
         <wf lemma="vaatame" pos="X">vaatame</wf>
         <wf lemma="," pos="X">,</wf>
         <wf lemma="kuidas" pos="X">kuidas</wf>
         <wf lemma="töö" pos="X">töö</wf>
         <wf lemma="tehtud" pos="X">tehtud</wf>
         <wf lemma="sai" pos="X">sai</wf>
         <wf lemma="." pos="X">.</wf>
      </sentence>
      <sentence id="d000.s629" source="wordnet-estonian">
         <wf lemma="Tinistas" pos="X">Tinistas</wf>
         <instance id="d000.s629.t000" lemma="mandoliin" pos="NOUN">mandoliinil</instance>
         <wf lemma="mingit" pos="X">mingit</wf>
         <wf lemma="viisikest" pos="X">viisikest</wf>
         <wf lemma="." pos="X">.</wf>
      </sentence>
      <sentence id="d000.s630" source="wordnet-estonian">
         <wf lemma="Roosade" pos="X">Roosade</wf>
         <wf lemma="õitega" pos="X">õitega</wf>
         <instance id="d000.s630.t000" lemma="lootos" pos="NOUN">lootos</instance>
         <wf lemma="." pos="X">.</wf>
         <wf lemma="Lootost" pos="X">Lootost</wf>
         <wf lemma="peeti" pos="X">peeti</wf>
         <wf lemma="pühaks" pos="X">pühaks</wf>
         <wf lemma="taimeks" pos="X">taimeks</wf>
         <wf lemma="." pos="X">.</wf>
      </sentence>
      <sentence id="d000.s631" source="wordnet-estonian">
         <wf lemma="Kuid" pos="X">Kuid</wf>
         <wf lemma="talupoegadest" pos="X">talupoegadest</wf>
         <instance id="d000.s631.t000" lemma="munk" pos="NOUN">mungad</instance>
         <wf lemma="arvati" pos="X">arvati</wf>
         <wf lemma="alamate" pos="X">alamate</wf>
         <wf lemma="kloostrivendade" pos="X">kloostrivendade</wf>
         <wf lemma="liiki" pos="X">liiki</wf>
         <wf lemma="." pos="X">.</wf>
         <wf lemma="." pos="X">.</wf>
         <wf lemma="." pos="X">.</wf>
      </sentence>
      <sentence id="d000.s632" source="wordnet-estonian">
         <instance id="d000.s632.t000" lemma="kuulama" pos="VERB">Kuulas</instance>
         <wf lemma="tükk" pos="X">tükk</wf>
         <wf lemma="aega" pos="X">aega</wf>
         <wf lemma="," pos="X">,</wf>
         <wf lemma="kas" pos="X">kas</wf>
         <wf lemma="kõik" pos="X">kõik</wf>
         <wf lemma="on" pos="X">on</wf>
         <wf lemma="vaikne" pos="X">vaikne</wf>
         <wf lemma="." pos="X">.</wf>
      </sentence>
      <sentence id="d000.s633" source="wordnet-estonian">
         <wf lemma="Pirukas" pos="X">Pirukas</wf>
         <wf lemma="oli" pos="X">oli</wf>
         <wf lemma="mõnest" pos="X">mõnest</wf>
         <instance id="d000.s633.t000" lemma="koht" pos="NOUN">kohast</instance>
         <wf lemma="kõrbenud" pos="X">kõrbenud</wf>
         <wf lemma="." pos="X">.</wf>
      </sentence>
      <sentence id="d000.s634" source="wordnet-estonian">
         <wf lemma="Näitleja" pos="X">Näitleja</wf>
         <instance id="d000.s634.t000" lemma="jõuline" pos="ADJ">jõuline</instance>
         <wf lemma="hääl" pos="X">hääl</wf>
         <wf lemma="." pos="X">.</wf>
         <wf lemma="Jõuline" pos="X">Jõuline</wf>
         <wf lemma="plahvatus" pos="X">plahvatus</wf>
         <wf lemma="." pos="X">.</wf>
         <wf lemma="Jõulised" pos="X">Jõulised</wf>
         <wf lemma="lainelöögid" pos="X">lainelöögid</wf>
         <wf lemma="murendasid" pos="X">murendasid</wf>
         <wf lemma="kallast" pos="X">kallast</wf>
         <wf lemma="." pos="X">.</wf>
      </sentence>
      <sentence id="d000.s635" source="wordnet-estonian">
         <wf lemma="Kannatanud" pos="X">Kannatanud</wf>
         <wf lemma="vajasid" pos="X">vajasid</wf>
         <wf lemma="kiiret" pos="X">kiiret</wf>
         <wf lemma="ja" pos="X">ja</wf>
         <wf lemma="oskuslikku" pos="X">oskuslikku</wf>
         <instance id="d000.s635.t000" lemma="ravi" pos="NOUN">ravi</instance>
         <wf lemma="." pos="X">.</wf>
      </sentence>
      <sentence id="d000.s636" source="wordnet-estonian">
         <instance id="d000.s636.t000" lemma="meteoriit" pos="NOUN">Meteoriidi</instance>
         <wf lemma="mass" pos="X">mass</wf>
         <wf lemma="." pos="X">.</wf>
         <wf lemma="Maale" pos="X">Maale</wf>
         <wf lemma="langeb" pos="X">langeb</wf>
         <wf lemma="aastas" pos="X">aastas</wf>
         <wf lemma="umbes" pos="X">umbes</wf>
         <wf lemma="1000" pos="X">1000</wf>
         <wf lemma="meteoriiti" pos="X">meteoriiti</wf>
         <wf lemma="." pos="X">.</wf>
      </sentence>
      <sentence id="d000.s637" source="wordnet-estonian">
         <wf lemma="Presidendi" pos="X">Presidendi</wf>
         <instance id="d000.s637.t000" lemma="kõne" pos="NOUN">kõnet</instance>
         <wf lemma="kuulati" pos="X">kuulati</wf>
         <wf lemma="suure" pos="X">suure</wf>
         <wf lemma="tähelepanuga" pos="X">tähelepanuga</wf>
         <wf lemma="." pos="X">.</wf>
      </sentence>
      <sentence id="d000.s638" source="wordnet-estonian">
         <wf lemma="Eesti" pos="X">Eesti</wf>
         <wf lemma="," pos="X">,</wf>
         <wf lemma="vene" pos="X">vene</wf>
         <wf lemma="," pos="X">,</wf>
         <wf lemma="germaani" pos="X">germaani</wf>
         <wf lemma="," pos="X">,</wf>
         <wf lemma="slaavi" pos="X">slaavi</wf>
         <instance id="d000.s638.t000" lemma="folkloor" pos="NOUN">folkloor</instance>
         <wf lemma="." pos="X">.</wf>
      </sentence>
      <sentence id="d000.s639" source="wordnet-estonian">
         <wf lemma="Valge" pos="X">Valge</wf>
         <wf lemma="," pos="X">,</wf>
         <wf lemma="värviline" pos="X">värviline</wf>
         <wf lemma="," pos="X">,</wf>
         <wf lemma="matt" pos="X">matt</wf>
         <wf lemma="," pos="X">,</wf>
         <wf lemma="läikiv" pos="X">läikiv</wf>
         <instance id="d000.s639.t000" lemma="glasuur" pos="NOUN">glasuur</instance>
         <wf lemma="." pos="X">.</wf>
         <wf lemma="Rohelise" pos="X">Rohelise</wf>
         <wf lemma="glasuuriga" pos="X">glasuuriga</wf>
         <wf lemma="ahjukivid" pos="X">ahjukivid</wf>
         <wf lemma="." pos="X">.</wf>
         <wf lemma="Vaasi" pos="X">Vaasi</wf>
         <wf lemma="glasuur" pos="X">glasuur</wf>
         <wf lemma="on" pos="X">on</wf>
         <wf lemma="mõranenud" pos="X">mõranenud</wf>
         <wf lemma="." pos="X">.</wf>
      </sentence>
      <sentence id="d000.s640" source="wordnet-estonian">
         <wf lemma="Seda" pos="X">Seda</wf>
         <wf lemma="ütleb" pos="X">ütleb</wf>
         <wf lemma="Ants" pos="X">Ants</wf>
         <instance id="d000.s640.t000" lemma="ka" pos="ADV">ka</instance>
         <wf lemma="!" pos="X">!</wf>
         <wf lemma="(" pos="X">(</wf>
         <wf lemma="EKSS" pos="X">EKSS</wf>
         <wf lemma=")" pos="X">)</wf>
         <wf lemma="." pos="X">.</wf>
      </sentence>
      <sentence id="d000.s641" source="wordnet-estonian">
         <wf lemma="Julge" pos="X">Julge</wf>
         <wf lemma="otsuse" pos="X">otsuse</wf>
         <instance id="d000.s641.t000" lemma="positiivne" pos="ADJ">positiivsed</instance>
         <wf lemma="tagajärjed" pos="X">tagajärjed</wf>
         <wf lemma="." pos="X">.</wf>
         <wf lemma="Raamatu" pos="X">Raamatu</wf>
         <wf lemma="positiivsed" pos="X">positiivsed</wf>
         <wf lemma="küljed" pos="X">küljed</wf>
         <wf lemma="." pos="X">.</wf>
      </sentence>
      <sentence id="d000.s642" source="wordnet-estonian">
         <wf lemma="Igavene" pos="X">Igavene</wf>
         <wf lemma="," pos="X">,</wf>
         <wf lemma="vana" pos="X">vana</wf>
         <instance id="d000.s642.t000" lemma="narr" pos="NOUN">narr</instance>
         <wf lemma="." pos="X">.</wf>
         <wf lemma="Sellest" pos="X">Sellest</wf>
         <wf lemma="narrist" pos="X">narrist</wf>
         <wf lemma="võib" pos="X">võib</wf>
         <wf lemma="kõike" pos="X">kõike</wf>
         <wf lemma="uskuda" pos="X">uskuda</wf>
         <wf lemma="." pos="X">.</wf>
         <wf lemma="No" pos="X">No</wf>
         <wf lemma="mis" pos="X">mis</wf>
         <wf lemma="sa" pos="X">sa</wf>
         <wf lemma="ütled" pos="X">ütled</wf>
         <wf lemma="narrile" pos="X">narrile</wf>
         <wf lemma="!" pos="X">!</wf>
         <wf lemma="Lapsed" pos="X">Lapsed</wf>
         <wf lemma="ja" pos="X">ja</wf>
         <wf lemma="narrid" pos="X">narrid</wf>
         <wf lemma="usuvad" pos="X">usuvad</wf>
         <wf lemma="kõike" pos="X">kõike</wf>
         <wf lemma="." pos="X">.</wf>
         <wf lemma="Keegi" pos="X">Keegi</wf>
         <wf lemma="ei" pos="X">ei</wf>
         <wf lemma="taha" pos="X">taha</wf>
         <wf lemma="teiste" pos="X">teiste</wf>
         <wf lemma="silmis" pos="X">silmis</wf>
         <wf lemma="narriks" pos="X">narriks</wf>
         <wf lemma="jääda" pos="X">jääda</wf>
         <wf lemma="." pos="X">.</wf>
         <wf lemma="Ära" pos="X">Ära</wf>
         <wf lemma="mängi" pos="X">mängi</wf>
         <wf lemma="narri" pos="X">narri</wf>
         <wf lemma="." pos="X">.</wf>
         <wf lemma="Armastus" pos="X">Armastus</wf>
         <wf lemma="pidavat" pos="X">pidavat</wf>
         <wf lemma="inimese" pos="X">inimese</wf>
         <wf lemma="ilma" pos="X">ilma</wf>
         <wf lemma="narriks" pos="X">narriks</wf>
         <wf lemma="tegema" pos="X">tegema</wf>
         <wf lemma="." pos="X">.</wf>
         <wf lemma="Hoolitsesin" pos="X">Hoolitsesin</wf>
         <wf lemma="selle" pos="X">selle</wf>
         <wf lemma="suli" pos="X">suli</wf>
         <wf lemma="eest" pos="X">eest</wf>
         <wf lemma="nagu" pos="X">nagu</wf>
         <wf lemma="viimane" pos="X">viimane</wf>
         <wf lemma="narr" pos="X">narr</wf>
         <wf lemma="." pos="X">.</wf>
         <wf lemma="Jookse" pos="X">Jookse</wf>
         <wf lemma="kui" pos="X">kui</wf>
         <wf lemma="narr" pos="X">narr</wf>
         <wf lemma="linna" pos="X">linna</wf>
         <wf lemma="mööda" pos="X">mööda</wf>
         <wf lemma="." pos="X">.</wf>
         <wf lemma="Narr" pos="X">Narr</wf>
         <wf lemma="," pos="X">,</wf>
         <wf lemma="kes" pos="X">kes</wf>
         <wf lemma="Narvast" pos="X">Narvast</wf>
         <wf lemma="naise" pos="X">naise</wf>
         <wf lemma="võtab" pos="X">võtab</wf>
         <wf lemma="," pos="X">,</wf>
         <wf lemma="loll" pos="X">loll</wf>
         <wf lemma="," pos="X">,</wf>
         <wf lemma="kes" pos="X">kes</wf>
         <wf lemma="linnast" pos="X">linnast</wf>
         <wf lemma="lehma" pos="X">lehma</wf>
         <wf lemma="ostab" pos="X">ostab</wf>
         <wf lemma="." pos="X">.</wf>
         <wf lemma="Vs." pos="X">Vs.</wf>
      </sentence>
      <sentence id="d000.s643" source="wordnet-estonian">
         <wf lemma="Tegi" pos="X">Tegi</wf>
         <wf lemma="selle" pos="X">selle</wf>
         <instance id="d000.s643.t000" lemma="nali" pos="NOUN">nalja</instance>
         <wf lemma="ära" pos="X">ära</wf>
         <wf lemma="," pos="X">,</wf>
         <wf lemma="et" pos="X">et</wf>
         <wf lemma="võttis" pos="X">võttis</wf>
         <wf lemma="vanas" pos="X">vanas</wf>
         <wf lemma="eas" pos="X">eas</wf>
         <wf lemma="veel" pos="X">veel</wf>
         <wf lemma="naise" pos="X">naise</wf>
         <wf lemma="." pos="X">.</wf>
      </sentence>
      <sentence id="d000.s644" source="wordnet-estonian">
         <wf lemma="Uusettevõte" pos="X">Uusettevõte</wf>
         <wf lemma="otsib" pos="X">otsib</wf>
         <wf lemma="oma" pos="X">oma</wf>
         <instance id="d000.s644.t000" lemma="nišš" pos="NOUN">nišši</instance>
         <wf lemma="kaubanduses" pos="X">kaubanduses</wf>
         <wf lemma="." pos="X">.</wf>
      </sentence>
      <sentence id="d000.s645" source="wordnet-estonian">
         <wf lemma="Su" pos="X">Su</wf>
         <instance id="d000.s645.t000" lemma="hing" pos="NOUN">hing</instance>
         <wf lemma="läheb" pos="X">läheb</wf>
         <wf lemma="taevasse" pos="X">taevasse</wf>
         <wf lemma="." pos="X">.</wf>
      </sentence>
      <sentence id="d000.s646" source="wordnet-estonian">
         <instance id="d000.s646.t000" lemma="sõitma" pos="VERB">Sõidan</instance>
         <wf lemma="iga" pos="X">iga</wf>
         <wf lemma="päev" pos="X">päev</wf>
         <wf lemma="bussiga" pos="X">bussiga</wf>
         <wf lemma="tööle" pos="X">tööle</wf>
         <wf lemma="." pos="X">.</wf>
      </sentence>
      <sentence id="d000.s647" source="wordnet-estonian">
         <wf lemma="Kui" pos="X">Kui</wf>
         <instance id="d000.s647.t000" lemma="maakler" pos="NOUN">maakler</instance>
         <wf lemma="oli" pos="X">oli</wf>
         <wf lemma="varem" pos="X">varem</wf>
         <wf lemma="eelkõige" pos="X">eelkõige</wf>
         <wf lemma="müügitehniline" pos="X">müügitehniline</wf>
         <wf lemma="nõustaja" pos="X">nõustaja</wf>
         <wf lemma="," pos="X">,</wf>
         <wf lemma="siis" pos="X">siis</wf>
         <wf lemma="täna" pos="X">täna</wf>
         <wf lemma="peab" pos="X">peab</wf>
         <wf lemma="maakler" pos="X">maakler</wf>
         <wf lemma="Soomani" pos="X">Soomani</wf>
         <wf lemma="sõnul" pos="X">sõnul</wf>
         <wf lemma="olema" pos="X">olema</wf>
         <wf lemma="tugev" pos="X">tugev</wf>
         <wf lemma="turuanalüütik" pos="X">turuanalüütik</wf>
         <wf lemma="ja" pos="X">ja</wf>
         <wf lemma="psühholoog" pos="X">psühholoog</wf>
         <wf lemma="." pos="X">.</wf>
      </sentence>
      <sentence id="d000.s648" source="wordnet-estonian">
         <wf lemma="Turuhinnad" pos="X">Turuhinnad</wf>
         <instance id="d000.s648.t000" lemma="hüppama" pos="VERB">hüppasid</instance>
         <wf lemma="kõrgele" pos="X">kõrgele</wf>
         <wf lemma="(" pos="X">(</wf>
         <wf lemma="EKSS" pos="X">EKSS</wf>
         <wf lemma=")" pos="X">)</wf>
         <wf lemma="." pos="X">.</wf>
      </sentence>
      <sentence id="d000.s649" source="wordnet-estonian">
         <wf lemma="Ta" pos="X">Ta</wf>
         <wf lemma="esitas" pos="X">esitas</wf>
         <instance id="d000.s649.t000" lemma="küsimus" pos="NOUN">küsimuse</instance>
         <wf lemma=":" pos="X">:</wf>
         <wf lemma="&quot;" pos="X">&quot;</wf>
         <wf lemma="Kas" pos="X">Kas</wf>
         <wf lemma="teate" pos="X">teate</wf>
         <wf lemma="lahendust" pos="X">lahendust</wf>
         <wf lemma="?" pos="X">?</wf>
      </sentence>
      <sentence id="d000.s650" source="wordnet-estonian">
         <wf lemma="Ta" pos="X">Ta</wf>
         <wf lemma="avas" pos="X">avas</wf>
         <wf lemma="ukse" pos="X">ukse</wf>
         <wf lemma="ja" pos="X">ja</wf>
         <instance id="d000.s650.t000" lemma="sisenema" pos="VERB">sisenes</instance>
         <wf lemma="tuppa" pos="X">tuppa</wf>
         <wf lemma="." pos="X">.</wf>
      </sentence>
      <sentence id="d000.s651" source="wordnet-estonian">
         <wf lemma="Kummi" pos="X">Kummi</wf>
         <wf lemma="," pos="X">,</wf>
         <wf lemma="puidu" pos="X">puidu</wf>
         <instance id="d000.s651.t000" lemma="rabedus" pos="NOUN">rabedus</instance>
         <wf lemma="." pos="X">.</wf>
      </sentence>
      <sentence id="d000.s652" source="wordnet-estonian">
         <wf lemma="Kogu" pos="X">Kogu</wf>
         <wf lemma="maailmas" pos="X">maailmas</wf>
         <wf lemma="peaks" pos="X">peaks</wf>
         <wf lemma="valitsema" pos="X">valitsema</wf>
         <instance id="d000.s652.t000" lemma="rahu" pos="NOUN">rahu</instance>
         <wf lemma="." pos="X">.</wf>
         <wf lemma="Rahvad" pos="X">Rahvad</wf>
         <wf lemma="nõuavad" pos="X">nõuavad</wf>
         <wf lemma="rahu" pos="X">rahu</wf>
         <wf lemma="." pos="X">.</wf>
      </sentence>
      <sentence id="d000.s653" source="wordnet-estonian">
         <wf lemma="Bassein" pos="X">Bassein</wf>
         <instance id="d000.s653.t000" lemma="mõõde" pos="NOUN">mõõtmetega</instance>
         <wf lemma="50" pos="X">50</wf>
         <wf lemma="x" pos="X">x</wf>
         <wf lemma="21" pos="X">21</wf>
         <wf lemma="x" pos="X">x</wf>
         <wf lemma="2,5" pos="X">2,5</wf>
         <wf lemma="m" pos="X">m</wf>
         <wf lemma="." pos="X">.</wf>
         <wf lemma="Mõõtmeist" pos="X">Mõõtmeist</wf>
         <wf lemma="olenevalt" pos="X">olenevalt</wf>
         <wf lemma="jagunevad" pos="X">jagunevad</wf>
         <wf lemma="jahid" pos="X">jahid</wf>
         <wf lemma="klassidesse" pos="X">klassidesse</wf>
         <wf lemma="." pos="X">.</wf>
      </sentence>
      <sentence id="d000.s654" source="wordnet-estonian">
         <wf lemma="Palun" pos="X">Palun</wf>
         <instance id="d000.s654.t000" lemma="hoidma" pos="VERB">hoia</instance>
         <wf lemma="mu" pos="X">mu</wf>
         <wf lemma="kohvrit" pos="X">kohvrit</wf>
         <wf lemma="!" pos="X">!</wf>
      </sentence>
      <sentence id="d000.s655" source="wordnet-estonian">
         <wf lemma="Selliseid" pos="X">Selliseid</wf>
         <instance id="d000.s655.t000" lemma="argument" pos="NOUN">argumente</instance>
         <wf lemma="ei" pos="X">ei</wf>
         <wf lemma="saa" pos="X">saa</wf>
         <wf lemma="arvestada" pos="X">arvestada</wf>
         <wf lemma="." pos="X">.</wf>
      </sentence>
      <sentence id="d000.s656" source="wordnet-estonian">
         <instance id="d000.s656.t000" lemma="minister" pos="NOUN">Ministri</instance>
         <wf lemma="käskkiri" pos="X">käskkiri</wf>
         <wf lemma="(" pos="X">(</wf>
         <wf lemma="EKSS" pos="X">EKSS</wf>
         <wf lemma=")" pos="X">)</wf>
         <wf lemma="." pos="X">.</wf>
      </sentence>
      <sentence id="d000.s657" source="wordnet-estonian">
         <wf lemma="Organismid" pos="X">Organismid</wf>
         <wf lemma="jagunevad" pos="X">jagunevad</wf>
         <instance id="d000.s657.t000" lemma="taim" pos="NOUN">taimedeks</instance>
         <wf lemma="." pos="X">.</wf>
      </sentence>
      <sentence id="d000.s658" source="wordnet-estonian">
         <wf lemma="Parem" pos="X">Parem</wf>
         <wf lemma="," pos="X">,</wf>
         <wf lemma="vasak" pos="X">vasak</wf>
         <instance id="d000.s658.t000" lemma="roomik" pos="NOUN">roomik</instance>
         <wf lemma="." pos="X">.</wf>
         <wf lemma="Kitsad" pos="X">Kitsad</wf>
         <wf lemma="," pos="X">,</wf>
         <wf lemma="laiad" pos="X">laiad</wf>
         <wf lemma="roomikud" pos="X">roomikud</wf>
         <wf lemma="." pos="X">.</wf>
         <wf lemma="Roomikute" pos="X">Roomikute</wf>
         <wf lemma="lülid" pos="X">lülid</wf>
         <wf lemma="," pos="X">,</wf>
         <wf lemma="kinnituspoldid" pos="X">kinnituspoldid</wf>
         <wf lemma="." pos="X">.</wf>
         <wf lemma="Roomikutega" pos="X">Roomikutega</wf>
         <wf lemma="kraana" pos="X">kraana</wf>
         <wf lemma="." pos="X">.</wf>
         <wf lemma="Ekskavaator" pos="X">Ekskavaator</wf>
         <wf lemma="liigub" pos="X">liigub</wf>
         <wf lemma="roomikutel" pos="X">roomikutel</wf>
         <wf lemma="." pos="X">.</wf>
         <wf lemma="Traktor" pos="X">Traktor</wf>
         <wf lemma="möödub" pos="X">möödub</wf>
         <wf lemma="roomikute" pos="X">roomikute</wf>
         <wf lemma="lõgisedes" pos="X">lõgisedes</wf>
         <wf lemma="," pos="X">,</wf>
         <wf lemma="ragisedes" pos="X">ragisedes</wf>
         <wf lemma="." pos="X">.</wf>
         <wf lemma="Tank" pos="X">Tank</wf>
         <wf lemma="lömastas" pos="X">lömastas</wf>
         <wf lemma="kõik" pos="X">kõik</wf>
         <wf lemma="ettejuhtuva" pos="X">ettejuhtuva</wf>
         <wf lemma="oma" pos="X">oma</wf>
         <wf lemma="roomikute" pos="X">roomikute</wf>
         <wf lemma="all" pos="X">all</wf>
         <wf lemma="." pos="X">.</wf>
      </sentence>
      <sentence id="d000.s659" source="wordnet-estonian">
         <wf lemma="Palun" pos="X">Palun</wf>
         <instance id="d000.s659.t000" lemma="võtma" pos="VERB">võta</instance>
         <wf lemma="need" pos="X">need</wf>
         <wf lemma="kotid" pos="X">kotid</wf>
         <wf lemma="!" pos="X">!</wf>
         <wf lemma="Kas" pos="X">Kas</wf>
         <wf lemma="tohib" pos="X">tohib</wf>
         <wf lemma="veel" pos="X">veel</wf>
         <wf lemma="kommi" pos="X">kommi</wf>
         <wf lemma="võtta" pos="X">võtta</wf>
         <wf lemma="?" pos="X">?</wf>
      </sentence>
      <sentence id="d000.s660" source="wordnet-estonian">
         <wf lemma="Vajuta" pos="X">Vajuta</wf>
         <wf lemma="ainult" pos="X">ainult</wf>
         <instance id="d000.s660.t000" lemma="nupp" pos="NOUN">nupule</instance>
         <wf lemma="ja" pos="X">ja</wf>
         <wf lemma="masin" pos="X">masin</wf>
         <wf lemma="hakkab" pos="X">hakkab</wf>
         <wf lemma="tööle" pos="X">tööle</wf>
         <wf lemma="." pos="X">.</wf>
      </sentence>
      <sentence id="d000.s661" source="wordnet-estonian">
         <wf lemma="Mõisa" pos="X">Mõisa</wf>
         <instance id="d000.s661.t000" lemma="kutsar" pos="NOUN">kutsar</instance>
         <wf lemma="." pos="X">.</wf>
         <wf lemma="Kutsar" pos="X">Kutsar</wf>
         <wf lemma="seisis" pos="X">seisis</wf>
         <wf lemma="tõllaga" pos="X">tõllaga</wf>
         <wf lemma="ukse" pos="X">ukse</wf>
         <wf lemma="ees" pos="X">ees</wf>
         <wf lemma="." pos="X">.</wf>
         <wf lemma="Kaks" pos="X">Kaks</wf>
         <wf lemma="hobust" pos="X">hobust</wf>
         <wf lemma="saani" pos="X">saani</wf>
         <wf lemma="ees" pos="X">ees</wf>
         <wf lemma="ja" pos="X">ja</wf>
         <wf lemma="kutsar" pos="X">kutsar</wf>
         <wf lemma="pukis" pos="X">pukis</wf>
         <wf lemma="." pos="X">.</wf>
      </sentence>
      <sentence id="d000.s662" source="wordnet-estonian">
         <instance id="d000.s662.t000" lemma="eurütmia" pos="NOUN">Eurütmia</instance>
         <wf lemma="kuulub" pos="X">kuulub</wf>
         <wf lemma="waldorfkoolide" pos="X">waldorfkoolide</wf>
         <wf lemma="õppekavasse" pos="X">õppekavasse</wf>
         <wf lemma="." pos="X">.</wf>
      </sentence>
      <sentence id="d000.s663" source="wordnet-estonian">
         <wf lemma="Oma" pos="X">Oma</wf>
         <instance id="d000.s663.t000" lemma="välimus" pos="NOUN">välimusse</instance>
         <wf lemma="suhtus" pos="X">suhtus</wf>
         <wf lemma="ta" pos="X">ta</wf>
         <wf lemma="ääretu" pos="X">ääretu</wf>
         <wf lemma="ükskõiksusega" pos="X">ükskõiksusega</wf>
         <wf lemma="." pos="X">.</wf>
      </sentence>
      <sentence id="d000.s664" source="wordnet-estonian">
         <instance id="d000.s664.t000" lemma="altar" pos="NOUN">Altarilt</instance>
         <wf lemma="tõusis" pos="X">tõusis</wf>
         <wf lemma="ohvrisuits" pos="X">ohvrisuits</wf>
         <wf lemma="." pos="X">.</wf>
      </sentence>
      <sentence id="d000.s665" source="wordnet-estonian">
         <wf lemma="Ja" pos="X">Ja</wf>
         <wf lemma="sina" pos="X">sina</wf>
         <wf lemma="mõtled" pos="X">mõtled</wf>
         <wf lemma="," pos="X">,</wf>
         <wf lemma="et" pos="X">et</wf>
         <wf lemma="suudad" pos="X">suudad</wf>
         <wf lemma="hakata" pos="X">hakata</wf>
         <wf lemma="maailma" pos="X">maailma</wf>
         <wf lemma="parandama" pos="X">parandama</wf>
         <wf lemma="?" pos="X">?</wf>
         <wf lemma="Naiivne" pos="X">Naiivne</wf>
         <instance id="d000.s665.t000" lemma="sentimentalism" pos="NOUN">sentimentalism</instance>
         <wf lemma="." pos="X">.</wf>
         <wf lemma="(" pos="X">(</wf>
         <wf lemma="Autor" pos="X">Autor</wf>
         <wf lemma=":" pos="X">:</wf>
         <wf lemma="A." pos="X">A.</wf>
         <wf lemma="Liives." pos="X">Liives.</wf>
         <wf lemma=")" pos="X">)</wf>
         <wf lemma="." pos="X">.</wf>
      </sentence>
      <sentence id="d000.s666" source="wordnet-estonian">
         <wf lemma="Öösel" pos="X">Öösel</wf>
         <wf lemma="hakkas" pos="X">hakkas</wf>
         <instance id="d000.s666.t000" lemma="lumi" pos="NOUN">lund</instance>
         <wf lemma="sadama" pos="X">sadama</wf>
         <wf lemma="." pos="X">.</wf>
         <wf lemma="Lund" pos="X">Lund</wf>
         <wf lemma="tuleb" pos="X">tuleb</wf>
         <wf lemma="kui" pos="X">kui</wf>
         <wf lemma="kotist" pos="X">kotist</wf>
         <wf lemma="." pos="X">.</wf>
      </sentence>
      <sentence id="d000.s667" source="wordnet-estonian">
         <wf lemma="Me" pos="X">Me</wf>
         <wf lemma="läheme" pos="X">läheme</wf>
         <instance id="d000.s667.t000" lemma="umbes" pos="ADV">umbes</instance>
         <wf lemma="viie" pos="X">viie</wf>
         <wf lemma="paiku" pos="X">paiku</wf>
         <wf lemma="linna" pos="X">linna</wf>
         <wf lemma="." pos="X">.</wf>
      </sentence>
      <sentence id="d000.s668" source="wordnet-estonian">
         <wf lemma="Poiss" pos="X">Poiss</wf>
         <wf lemma="laskis" pos="X">laskis</wf>
         <instance id="d000.s668.t000" lemma="kada" pos="NOUN">kadaga</instance>
         <wf lemma="linde" pos="X">linde</wf>
         <wf lemma="." pos="X">.</wf>
      </sentence>
      <sentence id="d000.s669" source="wordnet-estonian">
         <wf lemma="Rahvusvahelisest" pos="X">Rahvusvahelisest</wf>
         <wf lemma="raamatulaadast" pos="X">raamatulaadast</wf>
         <wf lemma="võttis" pos="X">võttis</wf>
         <wf lemma="osa" pos="X">osa</wf>
         <wf lemma="278" pos="X">278</wf>
         <instance id="d000.s669.t000" lemma="eksponent" pos="NOUN">eksponenti</instance>
         <wf lemma="." pos="X">.</wf>
         <wf lemma="*" pos="X">*</wf>
         <wf lemma="Seekordsel" pos="X">Seekordsel</wf>
         <wf lemma="näitusel" pos="X">näitusel</wf>
         <wf lemma="esineb" pos="X">esineb</wf>
         <wf lemma="uue" pos="X">uue</wf>
         <wf lemma="eksponendina" pos="X">eksponendina</wf>
         <wf lemma="keegi" pos="X">keegi</wf>
         <wf lemma="N." pos="X">N.</wf>
         <wf lemma="Tõnsa" pos="X">Tõnsa</wf>
         <wf lemma="kui" pos="X">kui</wf>
         <wf lemma="suurepärane" pos="X">suurepärane</wf>
         <wf lemma="joonistaja" pos="X">joonistaja</wf>
         <wf lemma="." pos="X">.</wf>
         <wf lemma="(" pos="X">(</wf>
         <wf lemma="Autor" pos="X">Autor</wf>
         <wf lemma=":" pos="X">:</wf>
         <wf lemma="J." pos="X">J.</wf>
         <wf lemma="Vahtra." pos="X">Vahtra.</wf>
         <wf lemma=")" pos="X">)</wf>
         <wf lemma="." pos="X">.</wf>
      </sentence>
      <sentence id="d000.s670" source="wordnet-estonian">
         <wf lemma="Millise" pos="X">Millise</wf>
         <instance id="d000.s670.t000" lemma="riik" pos="NOUN">riigi</instance>
         <wf lemma="kodakondsus" pos="X">kodakondsus</wf>
         <wf lemma="sul" pos="X">sul</wf>
         <wf lemma="on" pos="X">on</wf>
         <wf lemma="?" pos="X">?</wf>
      </sentence>
      <sentence id="d000.s671" source="wordnet-estonian">
         <wf lemma="Tal" pos="X">Tal</wf>
         <wf lemma="oli" pos="X">oli</wf>
         <wf lemma="olnud" pos="X">olnud</wf>
         <wf lemma="eile" pos="X">eile</wf>
         <wf lemma="autoga" pos="X">autoga</wf>
         <instance id="d000.s671.t000" lemma="avarii" pos="NOUN">avarii</instance>
         <wf lemma="." pos="X">.</wf>
      </sentence>
      <sentence id="d000.s672" source="wordnet-estonian">
         <wf lemma="Majand" pos="X">Majand</wf>
         <wf lemma="sai" pos="X">sai</wf>
         <instance id="d000.s672.t000" lemma="mesindus" pos="NOUN">mesindusest</instance>
         <wf lemma="head" pos="X">head</wf>
         <wf lemma="tulu" pos="X">tulu</wf>
         <wf lemma="." pos="X">.</wf>
      </sentence>
      <sentence id="d000.s673" source="wordnet-estonian">
         <wf lemma="Tüdruk" pos="X">Tüdruk</wf>
         <wf lemma="kiljatas" pos="X">kiljatas</wf>
         <instance id="d000.s673.t000" lemma="jahmatus" pos="NOUN">jahmatusest</instance>
         <wf lemma="(" pos="X">(</wf>
         <wf lemma="EKSS" pos="X">EKSS</wf>
         <wf lemma=")" pos="X">)</wf>
         <wf lemma="." pos="X">.</wf>
      </sentence>
      <sentence id="d000.s674" source="wordnet-estonian">
         <wf lemma="Ta" pos="X">Ta</wf>
         <instance id="d000.s674.t000" lemma="süda" pos="NOUN">süda</instance>
         <wf lemma="kuulus" pos="X">kuulus</wf>
         <wf lemma="näitlejatööle" pos="X">näitlejatööle</wf>
         <wf lemma="." pos="X">.</wf>
      </sentence>
      <sentence id="d000.s675" source="wordnet-estonian">
         <wf lemma="Isa" pos="X">Isa</wf>
         <wf lemma="on" pos="X">on</wf>
         <wf lemma="juba" pos="X">juba</wf>
         <wf lemma="25" pos="X">25</wf>
         <wf lemma="aastat" pos="X">aastat</wf>
         <wf lemma="töötanus" pos="X">töötanus</wf>
         <wf lemma="suures" pos="X">suures</wf>
         <instance id="d000.s675.t000" lemma="tehas" pos="NOUN">tehases</instance>
         <wf lemma="." pos="X">.</wf>
      </sentence>
      <sentence id="d000.s676" source="wordnet-estonian">
         <wf lemma="Saatsin" pos="X">Saatsin</wf>
         <wf lemma="kauba" pos="X">kauba</wf>
         <instance id="d000.s676.t000" lemma="tagasi" pos="ADV">tagasi</instance>
         <wf lemma="." pos="X">.</wf>
      </sentence>
      <sentence id="d000.s677" source="wordnet-estonian">
         <wf lemma="Must" pos="X">Must</wf>
         <wf lemma="," pos="X">,</wf>
         <wf lemma="valge" pos="X">valge</wf>
         <wf lemma="," pos="X">,</wf>
         <wf lemma="hall" pos="X">hall</wf>
         <wf lemma="," pos="X">,</wf>
         <wf lemma="lõvitaoliseks" pos="X">lõvitaoliseks</wf>
         <wf lemma="pöetud" pos="X">pöetud</wf>
         <instance id="d000.s677.t000" lemma="puu" pos="NOUN">puudel</instance>
         <wf lemma="." pos="X">.</wf>
         <wf lemma="Väike" pos="X">Väike</wf>
         <wf lemma="ja" pos="X">ja</wf>
         <wf lemma="suur" pos="X">suur</wf>
         <wf lemma="puudel" pos="X">puudel</wf>
         <wf lemma="." pos="X">.</wf>
         <wf lemma="Puudlil" pos="X">Puudlil</wf>
         <wf lemma="on" pos="X">on</wf>
         <wf lemma="tippiv" pos="X">tippiv</wf>
         <wf lemma="kõnnak" pos="X">kõnnak</wf>
         <wf lemma="." pos="X">.</wf>
         <wf lemma="Imetleb" pos="X">Imetleb</wf>
         <wf lemma="puudlite" pos="X">puudlite</wf>
         <wf lemma="temperamenti" pos="X">temperamenti</wf>
         <wf lemma="ja" pos="X">ja</wf>
         <wf lemma="tarkust" pos="X">tarkust</wf>
         <wf lemma="." pos="X">.</wf>
      </sentence>
      <sentence id="d000.s678" source="wordnet-estonian">
         <wf lemma="Huvi" pos="X">Huvi</wf>
         <instance id="d000.s678.t000" lemma="eksootika" pos="NOUN">eksootika</instance>
         <wf lemma="vastu" pos="X">vastu</wf>
         <wf lemma="." pos="X">.</wf>
         <wf lemma="*" pos="X">*</wf>
         <wf lemma="Võõrastel" pos="X">Võõrastel</wf>
         <wf lemma="maadel" pos="X">maadel</wf>
         <wf lemma="köidavad" pos="X">köidavad</wf>
         <wf lemma="reisimehe" pos="X">reisimehe</wf>
         <wf lemma="tähelepanu" pos="X">tähelepanu</wf>
         <wf lemma="kõigepealt" pos="X">kõigepealt</wf>
         <wf lemma="looduse" pos="X">looduse</wf>
         <wf lemma="ja" pos="X">ja</wf>
         <wf lemma="ehituskunsti" pos="X">ehituskunsti</wf>
         <wf lemma="," pos="X">,</wf>
         <wf lemma="inimeste" pos="X">inimeste</wf>
         <wf lemma="eluviisi" pos="X">eluviisi</wf>
         <wf lemma="," pos="X">,</wf>
         <wf lemma="kommete" pos="X">kommete</wf>
         <wf lemma="ja" pos="X">ja</wf>
         <wf lemma="riietuse" pos="X">riietuse</wf>
         <wf lemma="väline" pos="X">väline</wf>
         <wf lemma="eksootika" pos="X">eksootika</wf>
         <wf lemma="." pos="X">.</wf>
         <wf lemma="." pos="X">.</wf>
         <wf lemma="(" pos="X">(</wf>
         <wf lemma="Autor" pos="X">Autor</wf>
         <wf lemma=":" pos="X">:</wf>
         <wf lemma="M." pos="X">M.</wf>
         <wf lemma="Kalda." pos="X">Kalda.</wf>
         <wf lemma=")" pos="X">)</wf>
         <wf lemma="." pos="X">.</wf>
      </sentence>
      <sentence id="d000.s679" source="wordnet-estonian">
         <instance id="d000.s679.t000" lemma="vibur" pos="NOUN">Viburitega</instance>
         <wf lemma="varustatud" pos="X">varustatud</wf>
         <wf lemma="rändeosed" pos="X">rändeosed</wf>
         <wf lemma="." pos="X">.</wf>
         <wf lemma="Mõned" pos="X">Mõned</wf>
         <wf lemma="vetikad" pos="X">vetikad</wf>
         <wf lemma="liiguvad" pos="X">liiguvad</wf>
         <wf lemma="kahe" pos="X">kahe</wf>
         <wf lemma="viburi" pos="X">viburi</wf>
         <wf lemma="abil" pos="X">abil</wf>
         <wf lemma="." pos="X">.</wf>
      </sentence>
      <sentence id="d000.s680" source="wordnet-estonian">
         <instance id="d000.s680.t000" lemma="hakk" pos="NOUN">Hakid</instance>
         <wf lemma="pesitsevad" pos="X">pesitsevad</wf>
         <wf lemma="hoonete" pos="X">hoonete</wf>
         <wf lemma="," pos="X">,</wf>
         <wf lemma="müüride" pos="X">müüride</wf>
         <wf lemma="ja" pos="X">ja</wf>
         <wf lemma="puude" pos="X">puude</wf>
         <wf lemma="õõntes" pos="X">õõntes</wf>
         <wf lemma="." pos="X">.</wf>
      </sentence>
      <sentence id="d000.s681" source="wordnet-estonian">
         <wf lemma="Ta" pos="X">Ta</wf>
         <instance id="d000.s681.t000" lemma="tõrjuma" pos="VERB">tõrjus</instance>
         <wf lemma="koera" pos="X">koera</wf>
         <wf lemma="endast" pos="X">endast</wf>
         <wf lemma="eemale" pos="X">eemale</wf>
         <wf lemma="." pos="X">.</wf>
      </sentence>
      <sentence id="d000.s682" source="wordnet-estonian">
         <wf lemma="Inglissarv" pos="X">Inglissarv</wf>
         <wf lemma="on" pos="X">on</wf>
         <wf lemma="samasugune" pos="X">samasugune</wf>
         <wf lemma="oboerühma" pos="X">oboerühma</wf>
         <wf lemma="täiendpill" pos="X">täiendpill</wf>
         <wf lemma="nagu" pos="X">nagu</wf>
         <wf lemma="pikolo" pos="X">pikolo</wf>
         <wf lemma="flöödirühmas" pos="X">flöödirühmas</wf>
         <wf lemma="või" pos="X">või</wf>
         <instance id="d000.s682.t000" lemma="bassklarnet" pos="NOUN">bassklarnet</instance>
         <wf lemma="klarnetirühmas" pos="X">klarnetirühmas</wf>
         <wf lemma="." pos="X">.</wf>
      </sentence>
      <sentence id="d000.s683" source="wordnet-estonian">
         <wf lemma="Asupaigaks" pos="X">Asupaigaks</wf>
         <wf lemma="oli" pos="X">oli</wf>
         <wf lemma="suur" pos="X">suur</wf>
         <wf lemma="transportlaev" pos="X">transportlaev</wf>
         <wf lemma="," pos="X">,</wf>
         <wf lemma="mis" pos="X">mis</wf>
         <wf lemma="tema" pos="X">tema</wf>
         <wf lemma="jaoks" pos="X">jaoks</wf>
         <instance id="d000.s683.t000" lemma="eriti" pos="ADV">eriti</instance>
         <wf lemma="oli" pos="X">oli</wf>
         <wf lemma="välja" pos="X">välja</wf>
         <wf lemma="ehitatud" pos="X">ehitatud</wf>
         <wf lemma="." pos="X">.</wf>
         <wf lemma="(" pos="X">(</wf>
         <wf lemma="EKSS" pos="X">EKSS</wf>
         <wf lemma=")" pos="X">)</wf>
         <wf lemma="." pos="X">.</wf>
      </sentence>
      <sentence id="d000.s684" source="wordnet-estonian">
         <wf lemma="Ankur" pos="X">Ankur</wf>
         <wf lemma="ripub" pos="X">ripub</wf>
         <instance id="d000.s684.t000" lemma="kett" pos="NOUN">keti</instance>
         <wf lemma="otsas" pos="X">otsas</wf>
         <wf lemma="." pos="X">.</wf>
         <wf lemma="Medaljoni" pos="X">Medaljoni</wf>
         <wf lemma="kett" pos="X">kett</wf>
         <wf lemma="läks" pos="X">läks</wf>
         <wf lemma="katki" pos="X">katki</wf>
         <wf lemma="." pos="X">.</wf>
      </sentence>
      <sentence id="d000.s685" source="wordnet-estonian">
         <wf lemma="Kirjelda" pos="X">Kirjelda</wf>
         <wf lemma="orgaanilise" pos="X">orgaanilise</wf>
         <wf lemma="aine" pos="X">aine</wf>
         <wf lemma="lagunemise" pos="X">lagunemise</wf>
         <instance id="d000.s685.t000" lemma="protsess" pos="NOUN">protsessi</instance>
         <wf lemma="." pos="X">.</wf>
      </sentence>
      <sentence id="d000.s686" source="wordnet-estonian">
         <wf lemma="Teeb" pos="X">Teeb</wf>
         <wf lemma="kõike" pos="X">kõike</wf>
         <wf lemma="ainult" pos="X">ainult</wf>
         <instance id="d000.s686.t000" lemma="raha" pos="NOUN">raha</instance>
         <wf lemma="pärast" pos="X">pärast</wf>
         <wf lemma="." pos="X">.</wf>
      </sentence>
      <sentence id="d000.s687" source="wordnet-estonian">
         <wf lemma="Peaminister" pos="X">Peaminister</wf>
         <wf lemma="korraldas" pos="X">korraldas</wf>
         <wf lemma="olümpiavõitjate" pos="X">olümpiavõitjate</wf>
         <wf lemma="auks" pos="X">auks</wf>
         <instance id="d000.s687.t000" lemma="bankett" pos="NOUN">banketi</instance>
         <wf lemma="." pos="X">.</wf>
      </sentence>
      <sentence id="d000.s688" source="wordnet-estonian">
         <wf lemma="Kolm-" pos="X">Kolm-</wf>
         <wf lemma="," pos="X">,</wf>
         <wf lemma="nelinurksed" pos="X">nelinurksed</wf>
         <instance id="d000.s688.t000" lemma="mähe" pos="NOUN">mähkmed</instance>
         <wf lemma="." pos="X">.</wf>
         <wf lemma="Marlist" pos="X">Marlist</wf>
         <wf lemma="," pos="X">,</wf>
         <wf lemma="flanellist" pos="X">flanellist</wf>
         <wf lemma="mähkmed" pos="X">mähkmed</wf>
         <wf lemma="." pos="X">.</wf>
         <wf lemma="Paberist" pos="X">Paberist</wf>
         <wf lemma="mähkmed" pos="X">mähkmed</wf>
         <wf lemma="ühekordseks" pos="X">ühekordseks</wf>
         <wf lemma="kasutamiseks" pos="X">kasutamiseks</wf>
         <wf lemma="." pos="X">.</wf>
         <wf lemma="Kas" pos="X">Kas</wf>
         <wf lemma="oskad" pos="X">oskad</wf>
         <wf lemma="imikut" pos="X">imikut</wf>
         <wf lemma="mähkida" pos="X">mähkida</wf>
         <wf lemma="," pos="X">,</wf>
         <wf lemma="mähkmeid" pos="X">mähkmeid</wf>
         <wf lemma="vahetada" pos="X">vahetada</wf>
         <wf lemma="," pos="X">,</wf>
         <wf lemma="kuivi" pos="X">kuivi</wf>
         <wf lemma="mähkmeid" pos="X">mähkmeid</wf>
         <wf lemma="panna" pos="X">panna</wf>
         <wf lemma="?" pos="X">?</wf>
         <wf lemma="Mähkmeis" pos="X">Mähkmeis</wf>
         <wf lemma="lapsuke" pos="X">lapsuke</wf>
         <wf lemma="hällis" pos="X">hällis</wf>
         <wf lemma="." pos="X">.</wf>
         <wf lemma="Laps" pos="X">Laps</wf>
         <wf lemma="nutab" pos="X">nutab</wf>
         <wf lemma="," pos="X">,</wf>
         <wf lemma="on" pos="X">on</wf>
         <wf lemma="vist" pos="X">vist</wf>
         <wf lemma="mähkmed" pos="X">mähkmed</wf>
         <wf lemma="märjaks" pos="X">märjaks</wf>
         <wf lemma="teinud" pos="X">teinud</wf>
         <wf lemma="," pos="X">,</wf>
         <wf lemma="mähkmed" pos="X">mähkmed</wf>
         <wf lemma="on" pos="X">on</wf>
         <wf lemma="vist" pos="X">vist</wf>
         <wf lemma="märjad" pos="X">märjad</wf>
         <wf lemma="." pos="X">.</wf>
         <wf lemma="*" pos="X">*</wf>
         <wf lemma="Mähkmeist" pos="X">Mähkmeist</wf>
         <wf lemma="peale" pos="X">peale</wf>
         <wf lemma="jälgis" pos="X">jälgis</wf>
         <wf lemma="sind" pos="X">sind</wf>
         <wf lemma="oht" pos="X">oht</wf>
         <wf lemma="/" pos="X">/</wf>
         <wf lemma=".." pos="X">..</wf>
         <wf lemma="sullegi" pos="X">sullegi</wf>
         <wf lemma="elus" pos="X">elus</wf>
         <wf lemma="määrati" pos="X">määrati</wf>
         <wf lemma="koht" pos="X">koht</wf>
         <wf lemma="/" pos="X">/</wf>
         <wf lemma="kibedat" pos="X">kibedat</wf>
         <wf lemma="sulaseleiba" pos="X">sulaseleiba</wf>
         <wf lemma="süüa" pos="X">süüa</wf>
         <wf lemma="." pos="X">.</wf>
         <wf lemma="(" pos="X">(</wf>
         <wf lemma="Autor" pos="X">Autor</wf>
         <wf lemma=":" pos="X">:</wf>
         <wf lemma="P." pos="X">P.</wf>
         <wf lemma="Haavaoks" pos="X">Haavaoks</wf>
         <wf lemma="." pos="X">.</wf>
         <wf lemma=")" pos="X">)</wf>
         <wf lemma="." pos="X">.</wf>
      </sentence>
      <sentence id="d000.s689" source="wordnet-estonian">
         <wf lemma="Endasse" pos="X">Endasse</wf>
         <wf lemma="süvenenud" pos="X">süvenenud</wf>
         <wf lemma="," pos="X">,</wf>
         <wf lemma="elust" pos="X">elust</wf>
         <wf lemma="võõrdunud" pos="X">võõrdunud</wf>
         <instance id="d000.s689.t000" lemma="erak" pos="NOUN">erak</instance>
         <wf lemma="." pos="X">.</wf>
         <wf lemma="Noormees" pos="X">Noormees</wf>
         <wf lemma="oli" pos="X">oli</wf>
         <wf lemma="loomu" pos="X">loomu</wf>
         <wf lemma="poolest" pos="X">poolest</wf>
         <wf lemma="erak" pos="X">erak</wf>
         <wf lemma="." pos="X">.</wf>
      </sentence>
      <sentence id="d000.s690" source="wordnet-estonian">
         <instance id="d000.s690.t000" lemma="varblane" pos="NOUN">Varblased</instance>
         <wf lemma="tunglesid" pos="X">tunglesid</wf>
         <wf lemma="saiapalukese" pos="X">saiapalukese</wf>
         <wf lemma="ümber" pos="X">ümber</wf>
         <wf lemma="." pos="X">.</wf>
      </sentence>
      <sentence id="d000.s691" source="wordnet-estonian">
         <wf lemma="Sel" pos="X">Sel</wf>
         <wf lemma="ajal" pos="X">ajal</wf>
         <wf lemma="tekkisid" pos="X">tekkisid</wf>
         <wf lemma="rahvuslik" pos="X">rahvuslik</wf>
         <instance id="d000.s691.t000" lemma="liikumine" pos="NOUN">liikumine</instance>
         <wf lemma="." pos="X">.</wf>
      </sentence>
      <sentence id="d000.s692" source="wordnet-estonian">
         <wf lemma="Vald" pos="X">Vald</wf>
         <wf lemma="lubas" pos="X">lubas</wf>
         <instance id="d000.s692.t000" lemma="võlgnik" pos="NOUN">võlgnikud</instance>
         <wf lemma="kohtusse" pos="X">kohtusse</wf>
         <wf lemma="kaevata" pos="X">kaevata</wf>
         <wf lemma="." pos="X">.</wf>
         <wf lemma="Võlgnike" pos="X">Võlgnike</wf>
         <wf lemma="nimekiri" pos="X">nimekiri</wf>
         <wf lemma="riputati" pos="X">riputati</wf>
         <wf lemma="seinale" pos="X">seinale</wf>
         <wf lemma="." pos="X">.</wf>
      </sentence>
      <sentence id="d000.s693" source="wordnet-estonian">
         <wf lemma="Septembri" pos="X">Septembri</wf>
         <instance id="d000.s693.t000" lemma="esimene" pos="NOUN">esimesel</instance>
         <wf lemma="nädalal" pos="X">nädalal</wf>
         <wf lemma="(" pos="X">(</wf>
         <wf lemma="EKSS" pos="X">EKSS</wf>
         <wf lemma=")" pos="X">)</wf>
         <wf lemma="." pos="X">.</wf>
      </sentence>
      <sentence id="d000.s694" source="wordnet-estonian">
         <wf lemma="Ristiusk" pos="X">Ristiusk</wf>
         <wf lemma="on" pos="X">on</wf>
         <wf lemma="levinumaid" pos="X">levinumaid</wf>
         <instance id="d000.s694.t000" lemma="usk" pos="NOUN">uske</instance>
         <wf lemma="maailmas" pos="X">maailmas</wf>
         <wf lemma="." pos="X">.</wf>
         <wf lemma="Idamaa" pos="X">Idamaa</wf>
         <wf lemma="religioonid" pos="X">religioonid</wf>
         <wf lemma="." pos="X">.</wf>
      </sentence>
      <sentence id="d000.s695" source="wordnet-estonian">
         <wf lemma="Ei" pos="X">Ei</wf>
         <instance id="d000.s695.t000" lemma="märkama" pos="VERB">märganud</instance>
         <wf lemma="," pos="X">,</wf>
         <wf lemma="kas" pos="X">kas</wf>
         <wf lemma="korsten" pos="X">korsten</wf>
         <wf lemma="suitses" pos="X">suitses</wf>
         <wf lemma="või" pos="X">või</wf>
         <wf lemma="ei" pos="X">ei</wf>
         <wf lemma="." pos="X">.</wf>
         <wf lemma="Järsku" pos="X">Järsku</wf>
         <wf lemma="märkasin" pos="X">märkasin</wf>
         <wf lemma="ilusat" pos="X">ilusat</wf>
         <wf lemma="liblikat" pos="X">liblikat</wf>
         <wf lemma="." pos="X">.</wf>
      </sentence>
      <sentence id="d000.s696" source="wordnet-estonian">
         <wf lemma="Astus" pos="X">Astus</wf>
         <wf lemma="," pos="X">,</wf>
         <wf lemma="võeti" pos="X">võeti</wf>
         <wf lemma="vastu" pos="X">vastu</wf>
         <wf lemma="erakonna" pos="X">erakonna</wf>
         <instance id="d000.s696.t000" lemma="liige" pos="NOUN">liikmeks</instance>
         <wf lemma="(" pos="X">(</wf>
         <wf lemma="EKSS" pos="X">EKSS</wf>
         <wf lemma=")" pos="X">)</wf>
         <wf lemma="." pos="X">.</wf>
      </sentence>
      <sentence id="d000.s697" source="wordnet-estonian">
         <wf lemma="Vaja" pos="X">Vaja</wf>
         <wf lemma="on" pos="X">on</wf>
         <wf lemma="viisat" pos="X">viisat</wf>
         <instance id="d000.s697.t000" lemma="pikendama" pos="VERB">pikendada</instance>
         <wf lemma="." pos="X">.</wf>
      </sentence>
      <sentence id="d000.s698" source="wordnet-estonian">
         <wf lemma="Äkiline" pos="X">Äkiline</wf>
         <instance id="d000.s698.t000" lemma="sula" pos="NOUN">sula</instance>
         <wf lemma="viis" pos="X">viis</wf>
         <wf lemma="kogu" pos="X">kogu</wf>
         <wf lemma="lume" pos="X">lume</wf>
         <wf lemma="." pos="X">.</wf>
         <wf lemma="Viimane" pos="X">Viimane</wf>
         <wf lemma="suur" pos="X">suur</wf>
         <wf lemma="sula" pos="X">sula</wf>
         <wf lemma="lõi" pos="X">lõi</wf>
         <wf lemma="kõik" pos="X">kõik</wf>
         <wf lemma="kraavid" pos="X">kraavid</wf>
         <wf lemma="vett" pos="X">vett</wf>
         <wf lemma="täis" pos="X">täis</wf>
         <wf lemma="." pos="X">.</wf>
      </sentence>
      <sentence id="d000.s699" source="wordnet-estonian">
         <wf lemma="Sain" pos="X">Sain</wf>
         <instance id="d000.s699.t000" lemma="hotell" pos="NOUN">hotellis</instance>
         <wf lemma="toa" pos="X">toa</wf>
         <wf lemma="teisele" pos="X">teisele</wf>
         <wf lemma="korrusele" pos="X">korrusele</wf>
         <wf lemma="(" pos="X">(</wf>
         <wf lemma="EKSS" pos="X">EKSS</wf>
         <wf lemma=")" pos="X">)</wf>
         <wf lemma="." pos="X">.</wf>
      </sentence>
      <sentence id="d000.s700" source="wordnet-estonian">
         <wf lemma="Keskajal" pos="X">Keskajal</wf>
         <wf lemma="oli" pos="X">oli</wf>
         <instance id="d000.s700.t000" lemma="tsirkoon" pos="NOUN">tsirkoon</instance>
         <wf lemma="tarkusekivi" pos="X">tarkusekivi</wf>
         <wf lemma="." pos="X">.</wf>
      </sentence>
      <sentence id="d000.s701" source="wordnet-estonian">
         <wf lemma="Saabunud" pos="X">Saabunud</wf>
         <wf lemma="," pos="X">,</wf>
         <wf lemma="sissetulnud" pos="X">sissetulnud</wf>
         <wf lemma="kirjade" pos="X">kirjade</wf>
         <instance id="d000.s701.t000" lemma="register" pos="NOUN">register</instance>
         <wf lemma="." pos="X">.</wf>
      </sentence>
      <sentence id="d000.s702" source="wordnet-estonian">
         <wf lemma="Paratamatu" pos="X">Paratamatu</wf>
         <wf lemma="ja" pos="X">ja</wf>
         <wf lemma="ainuõige" pos="X">ainuõige</wf>
         <instance id="d000.s702.t000" lemma="samm" pos="NOUN">samm</instance>
         <wf lemma="teie" pos="X">teie</wf>
         <wf lemma="olukorras" pos="X">olukorras</wf>
         <wf lemma="." pos="X">.</wf>
      </sentence>
      <sentence id="d000.s703" source="wordnet-estonian">
         <wf lemma="Märja" pos="X">Märja</wf>
         <wf lemma="rohu" pos="X">rohu</wf>
         <instance id="d000.s703.t000" lemma="rõskus" pos="NOUN">rõskus</instance>
         <wf lemma="tungis" pos="X">tungis</wf>
         <wf lemma="läbi" pos="X">läbi</wf>
         <wf lemma="kingade" pos="X">kingade</wf>
         <wf lemma="." pos="X">.</wf>
         <wf lemma="Müüridest" pos="X">Müüridest</wf>
         <wf lemma="immitses" pos="X">immitses</wf>
         <wf lemma="rõskust" pos="X">rõskust</wf>
         <wf lemma="." pos="X">.</wf>
      </sentence>
      <sentence id="d000.s704" source="wordnet-estonian">
         <instance id="d000.s704.t000" lemma="adru" pos="NOUN">Adru</instance>
         <wf lemma="vänge" pos="X">vänge</wf>
         <wf lemma="hais" pos="X">hais</wf>
         <wf lemma="." pos="X">.</wf>
         <wf lemma="Rannakivide" pos="X">Rannakivide</wf>
         <wf lemma="vahel" pos="X">vahel</wf>
         <wf lemma="õõtsus" pos="X">õõtsus</wf>
         <wf lemma="adru" pos="X">adru</wf>
         <wf lemma="." pos="X">.</wf>
      </sentence>
      <sentence id="d000.s705" source="wordnet-estonian">
         <wf lemma="Vajutab" pos="X">Vajutab</wf>
         <wf lemma="käekoti" pos="X">käekoti</wf>
         <instance id="d000.s705.t000" lemma="lukk" pos="NOUN">luku</instance>
         <wf lemma="klõpsti" pos="X">klõpsti</wf>
         <wf lemma="kinni" pos="X">kinni</wf>
         <wf lemma="(" pos="X">(</wf>
         <wf lemma="EKSS" pos="X">EKSS</wf>
         <wf lemma=")" pos="X">)</wf>
         <wf lemma="." pos="X">.</wf>
      </sentence>
      <sentence id="d000.s706" source="wordnet-estonian">
         <wf lemma="Puhastatud" pos="X">Puhastatud</wf>
         <instance id="d000.s706.t000" lemma="piiritus" pos="NOUN">piiritus</instance>
         <wf lemma="sisaldab" pos="X">sisaldab</wf>
         <wf lemma="95,5" pos="X">95,5</wf>
         <wf lemma="%" pos="X">%</wf>
         <wf lemma="etanooli" pos="X">etanooli</wf>
         <wf lemma="ja" pos="X">ja</wf>
         <wf lemma="4,5" pos="X">4,5</wf>
         <wf lemma="%" pos="X">%</wf>
         <wf lemma="vett" pos="X">vett</wf>
         <wf lemma="." pos="X">.</wf>
         <wf lemma="Tehniline" pos="X">Tehniline</wf>
         <wf lemma="," pos="X">,</wf>
         <wf lemma="kuiv" pos="X">kuiv</wf>
         <wf lemma="piiritus" pos="X">piiritus</wf>
         <wf lemma="." pos="X">.</wf>
         <wf lemma="Lahjendatud" pos="X">Lahjendatud</wf>
         <wf lemma="piiritus" pos="X">piiritus</wf>
         <wf lemma="." pos="X">.</wf>
         <wf lemma="Denatureeritud" pos="X">Denatureeritud</wf>
         <wf lemma="piiritus" pos="X">piiritus</wf>
         <wf lemma="on" pos="X">on</wf>
         <wf lemma="lisanditega" pos="X">lisanditega</wf>
         <wf lemma="joomiskõlbmatuks" pos="X">joomiskõlbmatuks</wf>
         <wf lemma="muudetud" pos="X">muudetud</wf>
         <wf lemma="." pos="X">.</wf>
         <wf lemma="Piiritust" pos="X">Piiritust</wf>
         <wf lemma="jooma" pos="X">jooma</wf>
         <wf lemma="," pos="X">,</wf>
         <wf lemma="müüma" pos="X">müüma</wf>
         <wf lemma="." pos="X">.</wf>
         <wf lemma="Pudel" pos="X">Pudel</wf>
         <wf lemma="," pos="X">,</wf>
         <wf lemma="toop" pos="X">toop</wf>
         <wf lemma="piiritust" pos="X">piiritust</wf>
         <wf lemma="." pos="X">.</wf>
         <wf lemma="Võtsin" pos="X">Võtsin</wf>
         <wf lemma="arstirohuks" pos="X">arstirohuks</wf>
         <wf lemma="suutäie" pos="X">suutäie</wf>
         <wf lemma="piiritust" pos="X">piiritust</wf>
         <wf lemma="." pos="X">.</wf>
         <wf lemma="Arst" pos="X">Arst</wf>
         <wf lemma="puhastas" pos="X">puhastas</wf>
         <wf lemma="käsi" pos="X">käsi</wf>
         <wf lemma="piirituses" pos="X">piirituses</wf>
         <wf lemma="niisutatud" pos="X">niisutatud</wf>
         <wf lemma="vatitükiga" pos="X">vatitükiga</wf>
         <wf lemma="." pos="X">.</wf>
         <wf lemma="Piiritust" pos="X">Piiritust</wf>
         <wf lemma="toodetakse" pos="X">toodetakse</wf>
         <wf lemma="kartulist" pos="X">kartulist</wf>
         <wf lemma="," pos="X">,</wf>
         <wf lemma="teraviljast" pos="X">teraviljast</wf>
         <wf lemma="," pos="X">,</wf>
         <wf lemma="marjadest" pos="X">marjadest</wf>
         <wf lemma="," pos="X">,</wf>
         <wf lemma="puidust" pos="X">puidust</wf>
         <wf lemma="." pos="X">.</wf>
      </sentence>
      <sentence id="d000.s707" source="wordnet-estonian">
         <wf lemma="Ümberringi" pos="X">Ümberringi</wf>
         <wf lemma="oli" pos="X">oli</wf>
         <wf lemma="lõputu" pos="X">lõputu</wf>
         <wf lemma="tühi" pos="X">tühi</wf>
         <instance id="d000.s707.t000" lemma="ruum" pos="NOUN">ruum</instance>
         <wf lemma="." pos="X">.</wf>
      </sentence>
      <sentence id="d000.s708" source="wordnet-estonian">
         <wf lemma="Kaarja" pos="X">Kaarja</wf>
         <wf lemma="katusega" pos="X">katusega</wf>
         <instance id="d000.s708.t000" lemma="ehitis" pos="NOUN">ehitis</instance>
         <wf lemma="." pos="X">.</wf>
      </sentence>
      <sentence id="d000.s709" source="wordnet-estonian">
         <wf lemma="Keskkonna" pos="X">Keskkonna</wf>
         <wf lemma="ja" pos="X">ja</wf>
         <wf lemma="elusorganismide" pos="X">elusorganismide</wf>
         <instance id="d000.s709.t000" lemma="seos" pos="NOUN">seoseid</instance>
         <wf lemma="uurib" pos="X">uurib</wf>
         <wf lemma="ökoloogia" pos="X">ökoloogia</wf>
         <wf lemma="." pos="X">.</wf>
      </sentence>
      <sentence id="d000.s710" source="wordnet-estonian">
         <wf lemma="Õpib" pos="X">Õpib</wf>
         <instance id="d000.s710.t000" lemma="lendur" pos="NOUN">lenduriks</instance>
         <wf lemma="," pos="X">,</wf>
         <wf lemma="tahab" pos="X">tahab</wf>
         <wf lemma="lenduriks" pos="X">lenduriks</wf>
         <wf lemma="saada" pos="X">saada</wf>
         <wf lemma="." pos="X">.</wf>
      </sentence>
      <sentence id="d000.s711" source="wordnet-estonian">
         <wf lemma="Ta" pos="X">Ta</wf>
         <wf lemma="kleidil" pos="X">kleidil</wf>
         <wf lemma="oli" pos="X">oli</wf>
         <wf lemma="väga" pos="X">väga</wf>
         <wf lemma="julge" pos="X">julge</wf>
         <instance id="d000.s711.t000" lemma="dekoltee" pos="NOUN">dekoltee</instance>
         <wf lemma="." pos="X">.</wf>
      </sentence>
      <sentence id="d000.s712" source="wordnet-estonian">
         <instance id="d000.s712.t000" lemma="tundma" pos="VERB">Tundma</instance>
         <wf lemma="tüdimust" pos="X">tüdimust</wf>
         <wf lemma=";" pos="X">;</wf>
         <wf lemma="tundis" pos="X">tundis</wf>
         <wf lemma="end" pos="X">end</wf>
         <wf lemma="üleliigsena" pos="X">üleliigsena</wf>
         <wf lemma="." pos="X">.</wf>
      </sentence>
      <sentence id="d000.s713" source="wordnet-estonian">
         <wf lemma="Ta" pos="X">Ta</wf>
         <instance id="d000.s713.t000" lemma="vestlema" pos="VERB">vestles</instance>
         <wf lemma="ühe" pos="X">ühe</wf>
         <wf lemma="daamiga" pos="X">daamiga</wf>
         <wf lemma="." pos="X">.</wf>
      </sentence>
      <sentence id="d000.s714" source="wordnet-estonian">
         <wf lemma="Ostis" pos="X">Ostis</wf>
         <wf lemma="poest" pos="X">poest</wf>
         <instance id="d000.s714.t000" lemma="baguette" pos="NOUN">baguette'i</instance>
         <wf lemma="ja" pos="X">ja</wf>
         <wf lemma="pudeli" pos="X">pudeli</wf>
         <wf lemma="punast" pos="X">punast</wf>
         <wf lemma="veini" pos="X">veini</wf>
         <wf lemma="." pos="X">.</wf>
      </sentence>
      <sentence id="d000.s715" source="wordnet-estonian">
         <wf lemma="Vesi" pos="X">Vesi</wf>
         <wf lemma="on" pos="X">on</wf>
         <wf lemma="liivakivisse" pos="X">liivakivisse</wf>
         <wf lemma="uuristanud" pos="X">uuristanud</wf>
         <instance id="d000.s715.t000" lemma="koobas" pos="NOUN">koopaid</instance>
         <wf lemma="." pos="X">.</wf>
      </sentence>
      <sentence id="d000.s716" source="wordnet-estonian">
         <wf lemma="Raviv" pos="X">Raviv</wf>
         <wf lemma="," pos="X">,</wf>
         <wf lemma="toniseeriv" pos="X">toniseeriv</wf>
         <instance id="d000.s716.t000" lemma="šampoon" pos="NOUN">šampoon</instance>
         <wf lemma="(" pos="X">(</wf>
         <wf lemma="EKSS" pos="X">EKSS</wf>
         <wf lemma=")" pos="X">)</wf>
         <wf lemma="." pos="X">.</wf>
      </sentence>
      <sentence id="d000.s717" source="wordnet-estonian">
         <wf lemma="Kõik" pos="X">Kõik</wf>
         <wf lemma="tundus" pos="X">tundus</wf>
         <wf lemma="nii" pos="X">nii</wf>
         <wf lemma="tuttav" pos="X">tuttav</wf>
         <wf lemma="ja" pos="X">ja</wf>
         <wf lemma="kodune" pos="X">kodune</wf>
         <wf lemma="," pos="X">,</wf>
         <wf lemma="kuid" pos="X">kuid</wf>
         <instance id="d000.s717.t000" lemma="ühtlasi" pos="ADV">ühtlasi</instance>
         <wf lemma="ka" pos="X">ka</wf>
         <wf lemma="uus" pos="X">uus</wf>
         <wf lemma="." pos="X">.</wf>
         <wf lemma="(" pos="X">(</wf>
         <wf lemma="EKSS" pos="X">EKSS</wf>
         <wf lemma=")" pos="X">)</wf>
         <wf lemma="." pos="X">.</wf>
      </sentence>
      <sentence id="d000.s718" source="wordnet-estonian">
         <wf lemma="Inimpeasuuruse" pos="X">Inimpeasuuruse</wf>
         <wf lemma="tugevaogalise" pos="X">tugevaogalise</wf>
         <wf lemma="keraja" pos="X">keraja</wf>
         <wf lemma="või" pos="X">või</wf>
         <wf lemma="munaja" pos="X">munaja</wf>
         <wf lemma="vilja" pos="X">vilja</wf>
         <wf lemma="–" pos="X">–</wf>
         <instance id="d000.s718.t000" lemma="durian" pos="NOUN">duriani</instance>
         <wf lemma="–" pos="X">–</wf>
         <wf lemma="sisu" pos="X">sisu</wf>
         <wf lemma="haiseb" pos="X">haiseb</wf>
         <wf lemma="eemaletõukavalt" pos="X">eemaletõukavalt</wf>
         <wf lemma="," pos="X">,</wf>
         <wf lemma="kuid" pos="X">kuid</wf>
         <wf lemma="on" pos="X">on</wf>
         <wf lemma="mõnel" pos="X">mõnel</wf>
         <wf lemma="liigil" pos="X">liigil</wf>
         <wf lemma="väga" pos="X">väga</wf>
         <wf lemma="maitsev" pos="X">maitsev</wf>
         <wf lemma="." pos="X">.</wf>
      </sentence>
      <sentence id="d000.s719" source="wordnet-estonian">
         <wf lemma="Andekast" pos="X">Andekast</wf>
         <wf lemma="muusikaharrastajast" pos="X">muusikaharrastajast</wf>
         <wf lemma="kujunes" pos="X">kujunes</wf>
         <wf lemma="silmapaistev" pos="X">silmapaistev</wf>
         <instance id="d000.s719.t000" lemma="saksofon" pos="NOUN">saksofonist</instance>
         <wf lemma="." pos="X">.</wf>
      </sentence>
      <sentence id="d000.s720" source="wordnet-estonian">
         <instance id="d000.s720.t000" lemma="varem" pos="ADV">Varem</instance>
         <wf lemma="ei" pos="X">ei</wf>
         <wf lemma="teatud" pos="X">teatud</wf>
         <wf lemma="mobiiltelefonidest" pos="X">mobiiltelefonidest</wf>
         <wf lemma="midagi" pos="X">midagi</wf>
         <wf lemma="." pos="X">.</wf>
      </sentence>
      <sentence id="d000.s721" source="wordnet-estonian">
         <wf lemma="Masinate" pos="X">Masinate</wf>
         <wf lemma="," pos="X">,</wf>
         <wf lemma="automaatika" pos="X">automaatika</wf>
         <wf lemma="," pos="X">,</wf>
         <wf lemma="elektrienergia" pos="X">elektrienergia</wf>
         <instance id="d000.s721.t000" lemma="rakendus" pos="NOUN">rakendus</instance>
         <wf lemma="tootmistöös" pos="X">tootmistöös</wf>
         <wf lemma="." pos="X">.</wf>
         <wf lemma="Semantikateooriate" pos="X">Semantikateooriate</wf>
         <wf lemma="rakendused" pos="X">rakendused</wf>
         <wf lemma="keeleuurimises" pos="X">keeleuurimises</wf>
         <wf lemma="." pos="X">.</wf>
      </sentence>
      <sentence id="d000.s722" source="wordnet-estonian">
         <wf lemma="Koduseinad" pos="X">Koduseinad</wf>
         <instance id="d000.s722.t000" lemma="looma" pos="VERB">loovad</instance>
         <wf lemma="turvalise" pos="X">turvalise</wf>
         <wf lemma="tunde" pos="X">tunde</wf>
         <wf lemma="." pos="X">.</wf>
      </sentence>
      <sentence id="d000.s723" source="wordnet-estonian">
         <wf lemma="Riigis" pos="X">Riigis</wf>
         <wf lemma="valitseb" pos="X">valitseb</wf>
         <wf lemma="täielik" pos="X">täielik</wf>
         <instance id="d000.s723.t000" lemma="anarhia" pos="NOUN">anarhia</instance>
         <wf lemma="." pos="X">.</wf>
      </sentence>
      <sentence id="d000.s724" source="wordnet-estonian">
         <wf lemma="Erutusest" pos="X">Erutusest</wf>
         <wf lemma="tulid" pos="X">tulid</wf>
         <wf lemma="näkku" pos="X">näkku</wf>
         <wf lemma="punased" pos="X">punased</wf>
         <instance id="d000.s724.t000" lemma="laik" pos="NOUN">laigud</instance>
         <wf lemma="." pos="X">.</wf>
      </sentence>
      <sentence id="d000.s725" source="wordnet-estonian">
         <wf lemma="Elasime" pos="X">Elasime</wf>
         <wf lemma="suurte" pos="X">suurte</wf>
         <instance id="d000.s725.t000" lemma="muutus" pos="NOUN">muutuste</instance>
         <wf lemma="ajajärgul" pos="X">ajajärgul</wf>
         <wf lemma="." pos="X">.</wf>
      </sentence>
      <sentence id="d000.s726" source="wordnet-estonian">
         <wf lemma="Siia" pos="X">Siia</wf>
         <wf lemma="kuuluvad" pos="X">kuuluvad</wf>
         <wf lemma="näiteks" pos="X">näiteks</wf>
         <wf lemma="pürokseenid" pos="X">pürokseenid</wf>
         <wf lemma="ja" pos="X">ja</wf>
         <instance id="d000.s726.t000" lemma="amfibool" pos="NOUN">amfiboolid</instance>
         <wf lemma="," pos="X">,</wf>
         <wf lemma="mis" pos="X">mis</wf>
         <wf lemma="annavad" pos="X">annavad</wf>
         <wf lemma="musta" pos="X">musta</wf>
         <wf lemma="värvuse" pos="X">värvuse</wf>
         <wf lemma="paljudele" pos="X">paljudele</wf>
         <wf lemma="tard-" pos="X">tard-</wf>
         <wf lemma="ja" pos="X">ja</wf>
         <wf lemma="moondekivimitele" pos="X">moondekivimitele</wf>
         <wf lemma="." pos="X">.</wf>
      </sentence>
      <sentence id="d000.s727" source="wordnet-estonian">
         <instance id="d000.s727.t000" lemma="silo" pos="NOUN">Silo</instance>
         <wf lemma="on" pos="X">on</wf>
         <wf lemma="mahlakas" pos="X">mahlakas</wf>
         <wf lemma="sööt" pos="X">sööt</wf>
         <wf lemma="(" pos="X">(</wf>
         <wf lemma="EKSS" pos="X">EKSS</wf>
         <wf lemma=")" pos="X">)</wf>
         <wf lemma="." pos="X">.</wf>
      </sentence>
      <sentence id="d000.s728" source="wordnet-estonian">
         <wf lemma="Maailmameistri" pos="X">Maailmameistri</wf>
         <wf lemma="tiitli" pos="X">tiitli</wf>
         <instance id="d000.s728.t000" lemma="pretendent" pos="NOUN">pretendent</instance>
         <wf lemma="." pos="X">.</wf>
         <wf lemma="Läti" pos="X">Läti</wf>
         <wf lemma="sõudjad" pos="X">sõudjad</wf>
         <wf lemma="on" pos="X">on</wf>
         <wf lemma="kindlad" pos="X">kindlad</wf>
         <wf lemma="kuldmedali" pos="X">kuldmedali</wf>
         <wf lemma="pretendendid" pos="X">pretendendid</wf>
         <wf lemma="." pos="X">.</wf>
         <wf lemma="Peamine" pos="X">Peamine</wf>
         <wf lemma="pretendent" pos="X">pretendent</wf>
         <wf lemma="startis" pos="X">startis</wf>
         <wf lemma="kolmandana" pos="X">kolmandana</wf>
         <wf lemma="." pos="X">.</wf>
         <wf lemma="Pretendentide" pos="X">Pretendentide</wf>
         <wf lemma="turniir" pos="X">turniir</wf>
         <wf lemma="males" pos="X">males</wf>
         <wf lemma="." pos="X">.</wf>
         <wf lemma="Vakantsele" pos="X">Vakantsele</wf>
         <wf lemma="kohale" pos="X">kohale</wf>
         <wf lemma="leidus" pos="X">leidus</wf>
         <wf lemma="hulk" pos="X">hulk</wf>
         <wf lemma="pretendente" pos="X">pretendente</wf>
         <wf lemma="." pos="X">.</wf>
         <wf lemma="*" pos="X">*</wf>
         <wf lemma="Liikus" pos="X">Liikus</wf>
         <wf lemma="ka" pos="X">ka</wf>
         <wf lemma="mitmeid" pos="X">mitmeid</wf>
         <wf lemma="salapäraseid" pos="X">salapäraseid</wf>
         <wf lemma="mehi" pos="X">mehi</wf>
         <wf lemma=":" pos="X">:</wf>
         <wf lemma="keegi" pos="X">keegi</wf>
         <wf lemma="Jelacich" pos="X">Jelacich</wf>
         <wf lemma="," pos="X">,</wf>
         <wf lemma="kes" pos="X">kes</wf>
         <wf lemma="väitis" pos="X">väitis</wf>
         <wf lemma="end" pos="X">end</wf>
         <wf lemma="olevat" pos="X">olevat</wf>
         <wf lemma="pretendendi" pos="X">pretendendi</wf>
         <wf lemma="Serbia" pos="X">Serbia</wf>
         <wf lemma="kuningatroonile" pos="X">kuningatroonile</wf>
         <wf lemma="." pos="X">.</wf>
         <wf lemma="." pos="X">.</wf>
         <wf lemma="(" pos="X">(</wf>
         <wf lemma="Autor" pos="X">Autor</wf>
         <wf lemma=":" pos="X">:</wf>
         <wf lemma="V." pos="X">V.</wf>
         <wf lemma="Adams." pos="X">Adams.</wf>
         <wf lemma=")" pos="X">)</wf>
         <wf lemma="." pos="X">.</wf>
      </sentence>
      <sentence id="d000.s729" source="wordnet-estonian">
         <instance id="d000.s729.t000" lemma="keegel" pos="NOUN">Keeglit</instance>
         <wf lemma="mängima" pos="X">mängima</wf>
         <wf lemma="." pos="X">.</wf>
         <wf lemma="Esimese" pos="X">Esimese</wf>
         <wf lemma="viskega" pos="X">viskega</wf>
         <wf lemma="kukkus" pos="X">kukkus</wf>
         <wf lemma="kaks" pos="X">kaks</wf>
         <wf lemma="keeglit" pos="X">keeglit</wf>
         <wf lemma="." pos="X">.</wf>
         <wf lemma="Paar" pos="X">Paar</wf>
         <wf lemma="keeglit" pos="X">keeglit</wf>
         <wf lemma="on" pos="X">on</wf>
         <wf lemma="veel" pos="X">veel</wf>
         <wf lemma="püsti" pos="X">püsti</wf>
         <wf lemma="." pos="X">.</wf>
      </sentence>
      <sentence id="d000.s730" source="wordnet-estonian">
         <wf lemma="Tüdrukud" pos="X">Tüdrukud</wf>
         <wf lemma="tegid" pos="X">tegid</wf>
         <wf lemma="tervitamisel" pos="X">tervitamisel</wf>
         <instance id="d000.s730.t000" lemma="kniks" pos="NOUN">kniksu</instance>
         <wf lemma="." pos="X">.</wf>
         <wf lemma="&quot;" pos="X">&quot;</wf>
         <wf lemma="Jah" pos="X">Jah</wf>
         <wf lemma="," pos="X">,</wf>
         <wf lemma="proua" pos="X">proua</wf>
         <wf lemma="," pos="X">,</wf>
         <wf lemma="^" pos="X">^</wf>
         <wf lemma="&quot;" pos="X">&quot;</wf>
         <wf lemma="teenijatüdruk" pos="X">teenijatüdruk</wf>
         <wf lemma="tegi" pos="X">tegi</wf>
         <wf lemma="sügava" pos="X">sügava</wf>
         <wf lemma="kniksu" pos="X">kniksu</wf>
         <wf lemma="." pos="X">.</wf>
      </sentence>
      <sentence id="d000.s731" source="wordnet-estonian">
         <wf lemma="Vend" pos="X">Vend</wf>
         <instance id="d000.s731.t000" lemma="naerma" pos="VERB">naeris</instance>
         <wf lemma="minu" pos="X">minu</wf>
         <wf lemma="üle" pos="X">üle</wf>
         <wf lemma="." pos="X">.</wf>
      </sentence>
      <sentence id="d000.s732" source="wordnet-estonian">
         <wf lemma="Meeste" pos="X">Meeste</wf>
         <wf lemma="käsitööaladest" pos="X">käsitööaladest</wf>
         <wf lemma="oli" pos="X">oli</wf>
         <instance id="d000.s732.t000" lemma="sepp" pos="NOUN">sepis</instance>
         <wf lemma="levinumaid" pos="X">levinumaid</wf>
         <wf lemma="." pos="X">.</wf>
         <wf lemma="Ta" pos="X">Ta</wf>
         <wf lemma="rautas" pos="X">rautas</wf>
         <wf lemma="hobuseid" pos="X">hobuseid</wf>
         <wf lemma="ja" pos="X">ja</wf>
         <wf lemma="tegi" pos="X">tegi</wf>
         <wf lemma="muud" pos="X">muud</wf>
         <wf lemma="lihtsamat" pos="X">lihtsamat</wf>
         <wf lemma="sepist" pos="X">sepist</wf>
         <wf lemma="." pos="X">.</wf>
         <wf lemma="*" pos="X">*</wf>
         <wf lemma=".." pos="X">..</wf>
         <wf lemma="käsitöö" pos="X">käsitöö</wf>
         <wf lemma="eraldumine" pos="X">eraldumine</wf>
         <wf lemma="põllundusest" pos="X">põllundusest</wf>
         <wf lemma="toimus" pos="X">toimus</wf>
         <wf lemma="Saaremaal" pos="X">Saaremaal</wf>
         <wf lemma="sepise" pos="X">sepise</wf>
         <wf lemma="alusel." pos="X">alusel.</wf>
         <wf lemma="." pos="X">.</wf>
         <wf lemma="(" pos="X">(</wf>
         <wf lemma="Autor" pos="X">Autor</wf>
         <wf lemma=":" pos="X">:</wf>
         <wf lemma="L." pos="X">L.</wf>
         <wf lemma="Metsar." pos="X">Metsar.</wf>
         <wf lemma=")" pos="X">)</wf>
         <wf lemma="." pos="X">.</wf>
      </sentence>
      <sentence id="d000.s733" source="wordnet-estonian">
         <wf lemma="Postile" pos="X">Postile</wf>
         <wf lemma="oli" pos="X">oli</wf>
         <wf lemma="kleebitud" pos="X">kleebitud</wf>
         <wf lemma="mingi" pos="X">mingi</wf>
         <instance id="d000.s733.t000" lemma="kuulutus" pos="NOUN">kuulutus</instance>
         <wf lemma="." pos="X">.</wf>
         <wf lemma="Ostja" pos="X">Ostja</wf>
         <wf lemma="ilmus" pos="X">ilmus</wf>
         <wf lemma="kuulutuse" pos="X">kuulutuse</wf>
         <wf lemma="peale" pos="X">peale</wf>
         <wf lemma="." pos="X">.</wf>
      </sentence>
      <sentence id="d000.s734" source="wordnet-estonian">
         <wf lemma="Ooberst" pos="X">Ooberst</wf>
         <wf lemma="Aminoffi" pos="X">Aminoffi</wf>
         <wf lemma="Viiburi" pos="X">Viiburi</wf>
         <wf lemma="rügemendi" pos="X">rügemendi</wf>
         <wf lemma="jalaväelased" pos="X">jalaväelased</wf>
         <wf lemma="said" pos="X">said</wf>
         <wf lemma="veel" pos="X">veel</wf>
         <wf lemma="kuidagi" pos="X">kuidagi</wf>
         <wf lemma="Rakvere" pos="X">Rakvere</wf>
         <wf lemma="sõjaväe" pos="X">sõjaväe</wf>
         <instance id="d000.s734.t000" lemma="magasin" pos="NOUN">magasinidest</instance>
         <wf lemma="vähesel" pos="X">vähesel</wf>
         <wf lemma="määral" pos="X">määral</wf>
         <wf lemma="moona." pos="X">moona.</wf>
         <wf lemma="." pos="X">.</wf>
         <wf lemma="(" pos="X">(</wf>
         <wf lemma="Autor" pos="X">Autor</wf>
         <wf lemma=":" pos="X">:</wf>
         <wf lemma="E." pos="X">E.</wf>
         <wf lemma="Kippel." pos="X">Kippel.</wf>
         <wf lemma=")" pos="X">)</wf>
         <wf lemma="." pos="X">.</wf>
      </sentence>
      <sentence id="d000.s735" source="wordnet-estonian">
         <wf lemma="Rektori" pos="X">Rektori</wf>
         <instance id="d000.s735.t000" lemma="inauguratsioon" pos="NOUN">inauguratsiooni</instance>
         <wf lemma="kõne" pos="X">kõne</wf>
         <wf lemma="." pos="X">.</wf>
         <wf lemma="Inauguratsioonil" pos="X">Inauguratsioonil</wf>
         <wf lemma="osaleb" pos="X">osaleb</wf>
         <wf lemma="Vabariigi" pos="X">Vabariigi</wf>
         <wf lemma="President" pos="X">President</wf>
         <wf lemma="." pos="X">.</wf>
      </sentence>
      <sentence id="d000.s736" source="wordnet-estonian">
         <wf lemma="Rähni" pos="X">Rähni</wf>
         <wf lemma="kirju" pos="X">kirju</wf>
         <instance id="d000.s736.t000" lemma="sulestik" pos="NOUN">sulestik</instance>
         <wf lemma="(" pos="X">(</wf>
         <wf lemma="EKSS" pos="X">EKSS</wf>
         <wf lemma=")" pos="X">)</wf>
         <wf lemma="." pos="X">.</wf>
      </sentence>
      <sentence id="d000.s737" source="wordnet-estonian">
         <wf lemma="Jäme" pos="X">Jäme</wf>
         <wf lemma="," pos="X">,</wf>
         <wf lemma="pikk" pos="X">pikk</wf>
         <instance id="d000.s737.t000" lemma="sigar" pos="NOUN">sigar</instance>
         <wf lemma="." pos="X">.</wf>
         <wf lemma="Havanna" pos="X">Havanna</wf>
         <wf lemma="sigarid" pos="X">sigarid</wf>
         <wf lemma="." pos="X">.</wf>
         <wf lemma="Karp" pos="X">Karp</wf>
         <wf lemma="kalleid" pos="X">kalleid</wf>
         <wf lemma="välismaiseid" pos="X">välismaiseid</wf>
         <wf lemma="sigareid" pos="X">sigareid</wf>
         <wf lemma="." pos="X">.</wf>
         <wf lemma="Head" pos="X">Head</wf>
         <wf lemma="kanged" pos="X">kanged</wf>
         <wf lemma="sigarid" pos="X">sigarid</wf>
         <wf lemma="." pos="X">.</wf>
         <wf lemma="Suitsetab" pos="X">Suitsetab</wf>
         <wf lemma="," pos="X">,</wf>
         <wf lemma="kisub" pos="X">kisub</wf>
         <wf lemma="sigarit" pos="X">sigarit</wf>
         <wf lemma="." pos="X">.</wf>
         <wf lemma="Süütas" pos="X">Süütas</wf>
         <wf lemma="sigari" pos="X">sigari</wf>
         <wf lemma="." pos="X">.</wf>
         <wf lemma="Naksab" pos="X">Naksab</wf>
         <wf lemma="sigaril" pos="X">sigaril</wf>
         <wf lemma="tüki" pos="X">tüki</wf>
         <wf lemma="otsast" pos="X">otsast</wf>
         <wf lemma="." pos="X">.</wf>
         <wf lemma="Mees" pos="X">Mees</wf>
         <wf lemma="pani" pos="X">pani</wf>
         <wf lemma="," pos="X">,</wf>
         <wf lemma="viskas" pos="X">viskas</wf>
         <wf lemma="sigari" pos="X">sigari</wf>
         <wf lemma="näkku" pos="X">näkku</wf>
         <wf lemma="." pos="X">.</wf>
         <wf lemma="Ta" pos="X">Ta</wf>
         <wf lemma="mängis" pos="X">mängis</wf>
         <wf lemma="suurt" pos="X">suurt</wf>
         <wf lemma="härrat" pos="X">härrat</wf>
         <wf lemma="," pos="X">,</wf>
         <wf lemma="sigar" pos="X">sigar</wf>
         <wf lemma="hambus" pos="X">hambus</wf>
         <wf lemma="ja" pos="X">ja</wf>
         <wf lemma="viskiklaas" pos="X">viskiklaas</wf>
         <wf lemma="ees" pos="X">ees</wf>
         <wf lemma="." pos="X">.</wf>
      </sentence>
      <sentence id="d000.s738" source="wordnet-estonian">
         <wf lemma="Aiamaa" pos="X">Aiamaa</wf>
         <wf lemma="on" pos="X">on</wf>
         <wf lemma="orasheinaga" pos="X">orasheinaga</wf>
         <wf lemma="umbrohtunud" pos="X">umbrohtunud</wf>
         <wf lemma="," pos="X">,</wf>
         <instance id="d000.s738.t000" lemma="orashein" pos="NOUN">orasheina</instance>
         <wf lemma="juurtega" pos="X">juurtega</wf>
         <wf lemma="läbi" pos="X">läbi</wf>
         <wf lemma="kasvanud" pos="X">kasvanud</wf>
         <wf lemma="." pos="X">.</wf>
      </sentence>
      <sentence id="d000.s739" source="wordnet-estonian">
         <wf lemma="Nobeli" pos="X">Nobeli</wf>
         <wf lemma="preemia" pos="X">preemia</wf>
         <instance id="d000.s739.t000" lemma="kandidaat" pos="NOUN">kandidaat</instance>
         <wf lemma="." pos="X">.</wf>
      </sentence>
      <sentence id="d000.s740" source="wordnet-estonian">
         <wf lemma="Harjutused" pos="X">Harjutused</wf>
         <instance id="d000.s740.t000" lemma="käsik" pos="NOUN">käsikutega</instance>
         <wf lemma="." pos="X">.</wf>
      </sentence>
      <sentence id="d000.s741" source="wordnet-estonian">
         <instance id="d000.s741.t000" lemma="arheoloogiline" pos="ADJ">Arheoloogilised</instance>
         <wf lemma="väljakaevamised" pos="X">väljakaevamised</wf>
         <wf lemma="." pos="X">.</wf>
      </sentence>
      <sentence id="d000.s742" source="wordnet-estonian">
         <wf lemma="Laamannide" pos="X">Laamannide</wf>
         <wf lemma="suur" pos="X">suur</wf>
         <instance id="d000.s742.t000" lemma="perekond" pos="NOUN">perekond</instance>
         <wf lemma="(" pos="X">(</wf>
         <wf lemma="EKSS" pos="X">EKSS</wf>
         <wf lemma=")" pos="X">)</wf>
         <wf lemma="." pos="X">.</wf>
      </sentence>
      <sentence id="d000.s743" source="wordnet-estonian">
         <wf lemma="Tema" pos="X">Tema</wf>
         <wf lemma="teise" pos="X">teise</wf>
         <instance id="d000.s743.t000" lemma="oma" pos="NOUN">oma</instance>
         <wf lemma="ei" pos="X">ei</wf>
         <wf lemma="puutu" pos="X">puutu</wf>
         <wf lemma="." pos="X">.</wf>
      </sentence>
      <sentence id="d000.s744" source="wordnet-estonian">
         <wf lemma="Kroonik" pos="X">Kroonik</wf>
         <wf lemma="Christian" pos="X">Christian</wf>
         <wf lemma="Kelch" pos="X">Kelch</wf>
         <wf lemma="." pos="X">.</wf>
         <wf lemma="Sõjakäigu" pos="X">Sõjakäigu</wf>
         <instance id="d000.s744.t000" lemma="kroonik" pos="NOUN">kroonik</instance>
         <wf lemma="." pos="X">.</wf>
      </sentence>
      <sentence id="d000.s745" source="wordnet-estonian">
         <wf lemma="See" pos="X">See</wf>
         <wf lemma="oli" pos="X">oli</wf>
         <wf lemma="üle" pos="X">üle</wf>
         <instance id="d000.s745.t000" lemma="kihelkond" pos="NOUN">kihelkonna</instance>
         <wf lemma="kuulus" pos="X">kuulus</wf>
         <wf lemma="talu" pos="X">talu</wf>
         <wf lemma="." pos="X">.</wf>
      </sentence>
      <sentence id="d000.s746" source="wordnet-estonian">
         <wf lemma="Neli" pos="X">Neli</wf>
         <wf lemma="hobust" pos="X">hobust</wf>
         <instance id="d000.s746.t000" lemma="rakendama" pos="VERB">rakendati</instance>
         <wf lemma="tõlla" pos="X">tõlla</wf>
         <wf lemma="ette" pos="X">ette</wf>
         <wf lemma="." pos="X">.</wf>
         <wf lemma="(" pos="X">(</wf>
         <wf lemma="EKSS" pos="X">EKSS</wf>
         <wf lemma=")" pos="X">)</wf>
         <wf lemma="." pos="X">.</wf>
      </sentence>
      <sentence id="d000.s747" source="wordnet-estonian">
         <wf lemma="Õpetlased" pos="X">Õpetlased</wf>
         <wf lemma="uurisid" pos="X">uurisid</wf>
         <wf lemma="vanu" pos="X">vanu</wf>
         <instance id="d000.s747.t000" lemma="pärgament" pos="NOUN">pärgamente</instance>
         <wf lemma="." pos="X">.</wf>
      </sentence>
      <sentence id="d000.s748" source="wordnet-estonian">
         <instance id="d000.s748.t000" lemma="paratamatult" pos="ADV">Paratamatult</instance>
         <wf lemma="tuli" pos="X">tuli</wf>
         <wf lemma="tegelda" pos="X">tegelda</wf>
         <wf lemma="ka" pos="X">ka</wf>
         <wf lemma="ebahuvitavate" pos="X">ebahuvitavate</wf>
         <wf lemma="asjadega" pos="X">asjadega</wf>
         <wf lemma="." pos="X">.</wf>
      </sentence>
      <sentence id="d000.s749" source="wordnet-estonian">
         <wf lemma="Metsatukast" pos="X">Metsatukast</wf>
         <wf lemma="järve" pos="X">järve</wf>
         <wf lemma="kaldal" pos="X">kaldal</wf>
         <wf lemma="kujundati" pos="X">kujundati</wf>
         <instance id="d000.s749.t000" lemma="park" pos="NOUN">park</instance>
         <wf lemma="." pos="X">.</wf>
      </sentence>
      <sentence id="d000.s750" source="wordnet-estonian">
         <wf lemma="Inimkonna" pos="X">Inimkonna</wf>
         <wf lemma="," pos="X">,</wf>
         <wf lemma="tsivilisatsiooni" pos="X">tsivilisatsiooni</wf>
         <wf lemma="," pos="X">,</wf>
         <wf lemma="rahvuskultuuri" pos="X">rahvuskultuuri</wf>
         <wf lemma="," pos="X">,</wf>
         <wf lemma="filmikunsti" pos="X">filmikunsti</wf>
         <instance id="d000.s750.t000" lemma="häll" pos="NOUN">häll</instance>
         <wf lemma="." pos="X">.</wf>
      </sentence>
      <sentence id="d000.s751" source="wordnet-estonian">
         <wf lemma="Ma" pos="X">Ma</wf>
         <instance id="d000.s751.t000" lemma="tõesti" pos="ADV">tõesti</instance>
         <wf lemma="ei" pos="X">ei</wf>
         <wf lemma="tea" pos="X">tea</wf>
         <wf lemma="," pos="X">,</wf>
         <wf lemma="kes" pos="X">kes</wf>
         <wf lemma="seda" pos="X">seda</wf>
         <wf lemma="tegi" pos="X">tegi</wf>
         <wf lemma="." pos="X">.</wf>
      </sentence>
      <sentence id="d000.s752" source="wordnet-estonian">
         <wf lemma="Nad" pos="X">Nad</wf>
         <wf lemma="uputavad" pos="X">uputavad</wf>
         <wf lemma="oma" pos="X">oma</wf>
         <wf lemma="mured" pos="X">mured</wf>
         <instance id="d000.s752.t000" lemma="viin" pos="NOUN">viina</instance>
         <wf lemma="." pos="X">.</wf>
      </sentence>
      <sentence id="d000.s753" source="wordnet-estonian">
         <wf lemma="See" pos="X">See</wf>
         <wf lemma="on" pos="X">on</wf>
         <wf lemma="hea" pos="X">hea</wf>
         <wf lemma="lehm" pos="X">lehm</wf>
         <wf lemma="--" pos="X">--</wf>
         <instance id="d000.s753.t000" lemma="andma" pos="VERB">annab</instance>
         <wf lemma="palju" pos="X">palju</wf>
         <wf lemma="piima" pos="X">piima</wf>
         <wf lemma="." pos="X">.</wf>
      </sentence>
      <sentence id="d000.s754" source="wordnet-estonian">
         <wf lemma="Ühe-" pos="X">Ühe-</wf>
         <wf lemma="," pos="X">,</wf>
         <wf lemma="kahekojaline" pos="X">kahekojaline</wf>
         <instance id="d000.s754.t000" lemma="parlament" pos="NOUN">parlament</instance>
         <wf lemma="(" pos="X">(</wf>
         <wf lemma="EKSS" pos="X">EKSS</wf>
         <wf lemma=")" pos="X">)</wf>
         <wf lemma="." pos="X">.</wf>
      </sentence>
      <sentence id="d000.s755" source="wordnet-estonian">
         <wf lemma="Paberileht" pos="X">Paberileht</wf>
         <wf lemma="oli" pos="X">oli</wf>
         <wf lemma="kaetud" pos="X">kaetud</wf>
         <wf lemma="kolmnurksete" pos="X">kolmnurksete</wf>
         <wf lemma="ja" pos="X">ja</wf>
         <wf lemma="ümmarguste" pos="X">ümmarguste</wf>
         <instance id="d000.s755.t000" lemma="kujund" pos="NOUN">kujunditega</instance>
         <wf lemma="." pos="X">.</wf>
      </sentence>
      <sentence id="d000.s756" source="wordnet-estonian">
         <wf lemma="Kaval" pos="X">Kaval</wf>
         <wf lemma="advokaat" pos="X">advokaat</wf>
         <wf lemma="oskas" pos="X">oskas</wf>
         <wf lemma="oma" pos="X">oma</wf>
         <wf lemma="kliente" pos="X">kliente</wf>
         <instance id="d000.s756.t000" lemma="lüpsma" pos="VERB">lüpsta</instance>
         <wf lemma="." pos="X">.</wf>
      </sentence>
      <sentence id="d000.s757" source="wordnet-estonian">
         <wf lemma="Haige" pos="X">Haige</wf>
         <instance id="d000.s757.t000" lemma="saama" pos="VERB">sai</instance>
         <wf lemma="palaviku" pos="X">palaviku</wf>
         <wf lemma="," pos="X">,</wf>
         <wf lemma="tugeva" pos="X">tugeva</wf>
         <wf lemma="köhahoo" pos="X">köhahoo</wf>
         <wf lemma="." pos="X">.</wf>
         <wf lemma="Sai" pos="X">Sai</wf>
         <wf lemma="külmetusest" pos="X">külmetusest</wf>
         <wf lemma="kopsupõletiku" pos="X">kopsupõletiku</wf>
         <wf lemma="." pos="X">.</wf>
      </sentence>
      <sentence id="d000.s758" source="wordnet-estonian">
         <wf lemma="Kahis" pos="X">Kahis</wf>
         <wf lemma="," pos="X">,</wf>
         <wf lemma="loovutas" pos="X">loovutas</wf>
         <wf lemma="," pos="X">,</wf>
         <wf lemma="ohverdas" pos="X">ohverdas</wf>
         <instance id="d000.s758.t000" lemma="ettur" pos="NOUN">etturi</instance>
         <wf lemma="." pos="X">.</wf>
         <wf lemma="Must" pos="X">Must</wf>
         <wf lemma="käis" pos="X">käis</wf>
         <wf lemma="etturiga" pos="X">etturiga</wf>
         <wf lemma="." pos="X">.</wf>
         <wf lemma="(" pos="X">(</wf>
         <wf lemma="EKSS" pos="X">EKSS</wf>
         <wf lemma=")" pos="X">)</wf>
         <wf lemma="." pos="X">.</wf>
      </sentence>
      <sentence id="d000.s759" source="wordnet-estonian">
         <wf lemma="Tumesinine" pos="X">Tumesinine</wf>
         <instance id="d000.s759.t000" lemma="denim" pos="NOUN">denim</instance>
         <wf lemma="." pos="X">.</wf>
      </sentence>
      <sentence id="d000.s760" source="wordnet-estonian">
         <wf lemma="Maja" pos="X">Maja</wf>
         <wf lemma="ehitati" pos="X">ehitati</wf>
         <instance id="d000.s760.t000" lemma="kohe" pos="ADV">kohe</instance>
         <wf lemma="maantee" pos="X">maantee</wf>
         <wf lemma="äärde" pos="X">äärde</wf>
         <wf lemma="." pos="X">.</wf>
      </sentence>
      <sentence id="d000.s761" source="wordnet-estonian">
         <wf lemma="Vastastikuse" pos="X">Vastastikuse</wf>
         <wf lemma="abistamise" pos="X">abistamise</wf>
         <instance id="d000.s761.t000" lemma="pakt" pos="NOUN">pakt</instance>
         <wf lemma="." pos="X">.</wf>
      </sentence>
      <sentence id="d000.s762" source="wordnet-estonian">
         <wf lemma="Nukuteatrit" pos="X">Nukuteatrit</wf>
         <wf lemma="võib" pos="X">võib</wf>
         <wf lemma="teha" pos="X">teha</wf>
         <instance id="d000.s762.t000" lemma="marionett" pos="NOUN">marionettidega</instance>
         <wf lemma="või" pos="X">või</wf>
         <wf lemma="käpiknukkudega" pos="X">käpiknukkudega</wf>
         <wf lemma="." pos="X">.</wf>
      </sentence>
      <sentence id="d000.s763" source="wordnet-estonian">
         <wf lemma="Tal" pos="X">Tal</wf>
         <wf lemma="oli" pos="X">oli</wf>
         <wf lemma="veel" pos="X">veel</wf>
         <wf lemma="suur" pos="X">suur</wf>
         <instance id="d000.s763.t000" lemma="hulk" pos="NOUN">hulk</instance>
         <wf lemma="kartuleid" pos="X">kartuleid</wf>
         <wf lemma="võtta" pos="X">võtta</wf>
         <wf lemma="." pos="X">.</wf>
      </sentence>
      <sentence id="d000.s764" source="wordnet-estonian">
         <wf lemma="Kevad" pos="X">Kevad</wf>
         <wf lemma="on" pos="X">on</wf>
         <wf lemma="juba" pos="X">juba</wf>
         <instance id="d000.s764.t000" lemma="lähedal" pos="ADV">lähedal</instance>
         <wf lemma="." pos="X">.</wf>
         <wf lemma="(" pos="X">(</wf>
         <wf lemma="EKSS" pos="X">EKSS</wf>
         <wf lemma=")" pos="X">)</wf>
         <wf lemma="." pos="X">.</wf>
      </sentence>
      <sentence id="d000.s765" source="wordnet-estonian">
         <wf lemma="Majutusteenuste" pos="X">Majutusteenuste</wf>
         <instance id="d000.s765.t000" lemma="vahendus" pos="NOUN">vahenduse</instance>
         <wf lemma="maksustamine" pos="X">maksustamine</wf>
         <wf lemma="." pos="X">.</wf>
      </sentence>
      <sentence id="d000.s766" source="wordnet-estonian">
         <wf lemma="Anna" pos="X">Anna</wf>
         <wf lemma="talle" pos="X">talle</wf>
         <wf lemma="edasi" pos="X">edasi</wf>
         <wf lemma="minu" pos="X">minu</wf>
         <wf lemma="palavad" pos="X">palavad</wf>
         <instance id="d000.s766.t000" lemma="tervitus" pos="NOUN">tervitused</instance>
         <wf lemma="!" pos="X">!</wf>
      </sentence>
      <sentence id="d000.s767" source="wordnet-estonian">
         <wf lemma="Püüa" pos="X">Püüa</wf>
         <wf lemma="kuidagi" pos="X">kuidagi</wf>
         <wf lemma="oma" pos="X">oma</wf>
         <instance id="d000.s767.t000" lemma="pinge" pos="NOUN">pinget</instance>
         <wf lemma="maandada" pos="X">maandada</wf>
         <wf lemma="(" pos="X">(</wf>
         <wf lemma="EKSS" pos="X">EKSS</wf>
         <wf lemma=")" pos="X">)</wf>
         <wf lemma="." pos="X">.</wf>
      </sentence>
      <sentence id="d000.s768" source="wordnet-estonian">
         <instance id="d000.s768.t000" lemma="asi" pos="NOUN">Asi</instance>
         <wf lemma="oli" pos="X">oli</wf>
         <wf lemma="pooleldi" pos="X">pooleldi</wf>
         <wf lemma="ebaseaduslik" pos="X">ebaseaduslik</wf>
         <wf lemma="." pos="X">.</wf>
      </sentence>
      <sentence id="d000.s769" source="wordnet-estonian">
         <instance id="d000.s769.t000" lemma="saama" pos="VERB">Sain</instance>
         <wf lemma="isalt" pos="X">isalt</wf>
         <wf lemma="sünnipäevaks" pos="X">sünnipäevaks</wf>
         <wf lemma="koera" pos="X">koera</wf>
         <wf lemma="," pos="X">,</wf>
         <wf lemma="nukumaja" pos="X">nukumaja</wf>
         <wf lemma="." pos="X">.</wf>
      </sentence>
      <sentence id="d000.s770" source="wordnet-estonian">
         <wf lemma="Tegutseti" pos="X">Tegutseti</wf>
         <wf lemma="egoistlikel" pos="X">egoistlikel</wf>
         <instance id="d000.s770.t000" lemma="motiiv" pos="NOUN">motiividel</instance>
         <wf lemma="." pos="X">.</wf>
      </sentence>
      <sentence id="d000.s771" source="wordnet-estonian">
         <wf lemma="Kirja" pos="X">Kirja</wf>
         <wf lemma="," pos="X">,</wf>
         <wf lemma="kirjandi" pos="X">kirjandi</wf>
         <wf lemma="," pos="X">,</wf>
         <wf lemma="avalduse" pos="X">avalduse</wf>
         <wf lemma="," pos="X">,</wf>
         <wf lemma="artikli" pos="X">artikli</wf>
         <instance id="d000.s771.t000" lemma="mustand" pos="NOUN">mustand</instance>
         <wf lemma="." pos="X">.</wf>
         <wf lemma="Kirjutab" pos="X">Kirjutab</wf>
         <wf lemma="mustandi" pos="X">mustandi</wf>
         <wf lemma="puhtandiks" pos="X">puhtandiks</wf>
         <wf lemma="ümber" pos="X">ümber</wf>
         <wf lemma="." pos="X">.</wf>
         <wf lemma="Tabeli" pos="X">Tabeli</wf>
         <wf lemma="," pos="X">,</wf>
         <wf lemma="protokolli" pos="X">protokolli</wf>
         <wf lemma="," pos="X">,</wf>
         <wf lemma="graafiku" pos="X">graafiku</wf>
         <wf lemma="mustand" pos="X">mustand</wf>
         <wf lemma="." pos="X">.</wf>
         <wf lemma="Poeem" pos="X">Poeem</wf>
         <wf lemma="on" pos="X">on</wf>
         <wf lemma="mustandina" pos="X">mustandina</wf>
         <wf lemma="," pos="X">,</wf>
         <wf lemma="mustandis" pos="X">mustandis</wf>
         <wf lemma="valmis" pos="X">valmis</wf>
         <wf lemma="." pos="X">.</wf>
      </sentence>
      <sentence id="d000.s772" source="wordnet-estonian">
         <instance id="d000.s772.t000" lemma="murakas" pos="NOUN">Murakaid</instance>
         <wf lemma="korjama" pos="X">korjama</wf>
         <wf lemma="." pos="X">.</wf>
         <wf lemma="Läksime" pos="X">Läksime</wf>
         <wf lemma="murakale" pos="X">murakale</wf>
         <wf lemma="." pos="X">.</wf>
      </sentence>
      <sentence id="d000.s773" source="wordnet-estonian">
         <wf lemma="Võta" pos="X">Võta</wf>
         <wf lemma="end" pos="X">end</wf>
         <wf lemma="kokku" pos="X">kokku</wf>
         <wf lemma="," pos="X">,</wf>
         <wf lemma="ära" pos="X">ära</wf>
         <wf lemma="kaota" pos="X">kaota</wf>
         <instance id="d000.s773.t000" lemma="närv" pos="NOUN">närve</instance>
         <wf lemma="." pos="X">.</wf>
      </sentence>
      <sentence id="d000.s774" source="wordnet-estonian">
         <instance id="d000.s774.t000" lemma="alati" pos="ADV">Alati</instance>
         <wf lemma="kipub" pos="X">kipub</wf>
         <wf lemma="ta" pos="X">ta</wf>
         <wf lemma="hilinema" pos="X">hilinema</wf>
         <wf lemma="." pos="X">.</wf>
         <wf lemma="(" pos="X">(</wf>
         <wf lemma="EKSS" pos="X">EKSS</wf>
         <wf lemma=")" pos="X">)</wf>
         <wf lemma="." pos="X">.</wf>
      </sentence>
      <sentence id="d000.s775" source="wordnet-estonian">
         <wf lemma="Lootus" pos="X">Lootus</wf>
         <instance id="d000.s775.t000" lemma="suhe" pos="NOUN">suhete</instance>
         <wf lemma="paranemisele" pos="X">paranemisele</wf>
         <wf lemma="." pos="X">.</wf>
         <wf lemma="Kujutletav" pos="X">Kujutletav</wf>
         <wf lemma="suhe" pos="X">suhe</wf>
         <wf lemma="." pos="X">.</wf>
      </sentence>
      <sentence id="d000.s776" source="wordnet-estonian">
         <wf lemma="Rong" pos="X">Rong</wf>
         <instance id="d000.s776.t000" lemma="hakkama" pos="VERB">hakkab</instance>
         <wf lemma="liikuma" pos="X">liikuma</wf>
         <wf lemma="." pos="X">.</wf>
      </sentence>
      <sentence id="d000.s777" source="wordnet-estonian">
         <wf lemma="Nad" pos="X">Nad</wf>
         <instance id="d000.s777.t000" lemma="omandama" pos="VERB">omandasid</instance>
         <wf lemma="maja" pos="X">maja</wf>
         <wf lemma="ostmise" pos="X">ostmise</wf>
         <wf lemma="teel" pos="X">teel</wf>
         <wf lemma="." pos="X">.</wf>
      </sentence>
      <sentence id="d000.s778" source="wordnet-estonian">
         <instance id="d000.s778.t000" lemma="kirjutama" pos="VERB">Kirjutab</instance>
         <wf lemma="praegu" pos="X">praegu</wf>
         <wf lemma="oma" pos="X">oma</wf>
         <wf lemma="väitekirja" pos="X">väitekirja</wf>
         <wf lemma="." pos="X">.</wf>
      </sentence>
      <sentence id="d000.s779" source="wordnet-estonian">
         <wf lemma="Pudel" pos="X">Pudel</wf>
         <wf lemma="," pos="X">,</wf>
         <wf lemma="klaas" pos="X">klaas</wf>
         <instance id="d000.s779.t000" lemma="limonaad" pos="NOUN">limonaadi</instance>
         <wf lemma="." pos="X">.</wf>
         <wf lemma="Jõime" pos="X">Jõime</wf>
         <wf lemma="kihisevat" pos="X">kihisevat</wf>
         <wf lemma="limonaadi" pos="X">limonaadi</wf>
         <wf lemma="." pos="X">.</wf>
      </sentence>
      <sentence id="d000.s780" source="wordnet-estonian">
         <wf lemma="Klaasid" pos="X">Klaasid</wf>
         <wf lemma="ja" pos="X">ja</wf>
         <wf lemma="muud" pos="X">muud</wf>
         <wf lemma="õrnemad" pos="X">õrnemad</wf>
         <instance id="d000.s780.t000" lemma="ese" pos="NOUN">esemed</instance>
         <wf lemma="pakiti" pos="X">pakiti</wf>
         <wf lemma="hoolikalt" pos="X">hoolikalt</wf>
         <wf lemma="." pos="X">.</wf>
      </sentence>
      <sentence id="d000.s781" source="wordnet-estonian">
         <wf lemma="Ta" pos="X">Ta</wf>
         <wf lemma="kuulub" pos="X">kuulub</wf>
         <wf lemma="raamatusõprade" pos="X">raamatusõprade</wf>
         <instance id="d000.s781.t000" lemma="klubi" pos="NOUN">klubisse</instance>
         <wf lemma="." pos="X">.</wf>
      </sentence>
      <sentence id="d000.s782" source="wordnet-estonian">
         <wf lemma="Autojuht" pos="X">Autojuht</wf>
         <wf lemma="lükkas" pos="X">lükkas</wf>
         <wf lemma="sisse" pos="X">sisse</wf>
         <wf lemma="kolmanda" pos="X">kolmanda</wf>
         <instance id="d000.s782.t000" lemma="käik" pos="NOUN">käigu</instance>
         <wf lemma="." pos="X">.</wf>
      </sentence>
      <sentence id="d000.s783" source="wordnet-estonian">
         <wf lemma="Shakespeare'i" pos="X">Shakespeare'i</wf>
         <instance id="d000.s783.t000" lemma="sonett" pos="NOUN">sonetid</instance>
         <wf lemma="meeldivad" pos="X">meeldivad</wf>
         <wf lemma="mulle" pos="X">mulle</wf>
         <wf lemma="väga" pos="X">väga</wf>
         <wf lemma="." pos="X">.</wf>
      </sentence>
      <sentence id="d000.s784" source="wordnet-estonian">
         <wf lemma="6" pos="X">6</wf>
         <instance id="d000.s784.t000" lemma="jalg" pos="NOUN">jalga</instance>
         <wf lemma="pikk" pos="X">pikk</wf>
         <wf lemma="(" pos="X">(</wf>
         <wf lemma="EKSS" pos="X">EKSS</wf>
         <wf lemma=")" pos="X">)</wf>
         <wf lemma="." pos="X">.</wf>
      </sentence>
      <sentence id="d000.s785" source="wordnet-estonian">
         <wf lemma="Saarmas" pos="X">Saarmas</wf>
         <wf lemma="elab" pos="X">elab</wf>
         <wf lemma="nii" pos="X">nii</wf>
         <wf lemma="vees" pos="X">vees</wf>
         <wf lemma="kui" pos="X">kui</wf>
         <instance id="d000.s785.t000" lemma="maa" pos="NOUN">maal</instance>
         <wf lemma="." pos="X">.</wf>
      </sentence>
      <sentence id="d000.s786" source="wordnet-estonian">
         <wf lemma="Koerad" pos="X">Koerad</wf>
         <wf lemma="söövad" pos="X">söövad</wf>
         <wf lemma="inimestega" pos="X">inimestega</wf>
         <wf lemma="sama" pos="X">sama</wf>
         <instance id="d000.s786.t000" lemma="toit" pos="NOUN">toitu</instance>
         <wf lemma="." pos="X">.</wf>
      </sentence>
      <sentence id="d000.s787" source="wordnet-estonian">
         <wf lemma="Ei" pos="X">Ei</wf>
         <wf lemma="leidnud" pos="X">leidnud</wf>
         <wf lemma="uurimuseks" pos="X">uurimuseks</wf>
         <wf lemma="sobivat" pos="X">sobivat</wf>
         <instance id="d000.s787.t000" lemma="metoodika" pos="NOUN">metoodikat</instance>
         <wf lemma="." pos="X">.</wf>
      </sentence>
      <sentence id="d000.s788" source="wordnet-estonian">
         <wf lemma="Kuu" pos="X">Kuu</wf>
         <wf lemma="ja" pos="X">ja</wf>
         <wf lemma="tähed" pos="X">tähed</wf>
         <instance id="d000.s788.t000" lemma="heitma" pos="VERB">heidavad</instance>
         <wf lemma="ümberringi" pos="X">ümberringi</wf>
         <wf lemma="kahvatut" pos="X">kahvatut</wf>
         <wf lemma="kuma" pos="X">kuma</wf>
         <wf lemma="." pos="X">.</wf>
      </sentence>
      <sentence id="d000.s789" source="wordnet-estonian">
         <wf lemma="Nii" pos="X">Nii</wf>
         <wf lemma="suur" pos="X">suur</wf>
         <wf lemma="mees" pos="X">mees</wf>
         <wf lemma="ja" pos="X">ja</wf>
         <wf lemma="nii" pos="X">nii</wf>
         <instance id="d000.s789.t000" lemma="peenike" pos="ADJ">peenike</instance>
         <wf lemma="hääl" pos="X">hääl</wf>
         <wf lemma="!" pos="X">!</wf>
         <wf lemma="Kostis" pos="X">Kostis</wf>
         <wf lemma="lapse" pos="X">lapse</wf>
         <wf lemma="peenike" pos="X">peenike</wf>
         <wf lemma="viril" pos="X">viril</wf>
         <wf lemma="nutuhääl" pos="X">nutuhääl</wf>
         <wf lemma="." pos="X">.</wf>
         <wf lemma="Varss" pos="X">Varss</wf>
         <wf lemma="hirnus" pos="X">hirnus</wf>
         <wf lemma="peenikese" pos="X">peenikese</wf>
         <wf lemma="häälega" pos="X">häälega</wf>
         <wf lemma="." pos="X">.</wf>
      </sentence>
      <sentence id="d000.s790" source="wordnet-estonian">
         <wf lemma="Põhjendusviis" pos="X">Põhjendusviis</wf>
         <wf lemma="tugineb" pos="X">tugineb</wf>
         <wf lemma="aktsepteeritud" pos="X">aktsepteeritud</wf>
         <wf lemma="dokumenteerimise" pos="X">dokumenteerimise</wf>
         <wf lemma="ja" pos="X">ja</wf>
         <instance id="d000.s790.t000" lemma="tõestatavus" pos="NOUN">tõestatavuse</instance>
         <wf lemma="konventsioonidele" pos="X">konventsioonidele</wf>
         <wf lemma="." pos="X">.</wf>
      </sentence>
      <sentence id="d000.s791" source="wordnet-estonian">
         <wf lemma="Eesti" pos="X">Eesti</wf>
         <wf lemma="maleva" pos="X">maleva</wf>
         <instance id="d000.s791.t000" lemma="kaotus" pos="NOUN">kaotus</instance>
         <wf lemma="Madisepäeva" pos="X">Madisepäeva</wf>
         <wf lemma="lahingus" pos="X">lahingus</wf>
         <wf lemma="." pos="X">.</wf>
         <wf lemma="Kaardimängus" pos="X">Kaardimängus</wf>
         <wf lemma="tabasid" pos="X">tabasid</wf>
         <wf lemma="teda" pos="X">teda</wf>
         <wf lemma="aina" pos="X">aina</wf>
         <wf lemma="kaotused" pos="X">kaotused</wf>
         <wf lemma="." pos="X">.</wf>
      </sentence>
      <sentence id="d000.s792" source="wordnet-estonian">
         <wf lemma="Puusaliigese" pos="X">Puusaliigese</wf>
         <wf lemma="," pos="X">,</wf>
         <wf lemma="lülisamba" pos="X">lülisamba</wf>
         <instance id="d000.s792.t000" lemma="nihestus" pos="NOUN">nihestus</instance>
         <wf lemma="." pos="X">.</wf>
         <wf lemma="Alalõualuu" pos="X">Alalõualuu</wf>
         <wf lemma="nihestuse" pos="X">nihestuse</wf>
         <wf lemma="korral" pos="X">korral</wf>
         <wf lemma="pole" pos="X">pole</wf>
         <wf lemma="võimalik" pos="X">võimalik</wf>
         <wf lemma="suud" pos="X">suud</wf>
         <wf lemma="sulgeda" pos="X">sulgeda</wf>
         <wf lemma="." pos="X">.</wf>
      </sentence>
      <sentence id="d000.s793" source="wordnet-estonian">
         <wf lemma="Poja" pos="X">Poja</wf>
         <wf lemma="surm" pos="X">surm</wf>
         <wf lemma="oli" pos="X">oli</wf>
         <wf lemma="talle" pos="X">talle</wf>
         <wf lemma="vapustav" pos="X">vapustav</wf>
         <instance id="d000.s793.t000" lemma="löök" pos="NOUN">löök</instance>
         <wf lemma="(" pos="X">(</wf>
         <wf lemma="EKSS" pos="X">EKSS</wf>
         <wf lemma=")" pos="X">)</wf>
         <wf lemma="." pos="X">.</wf>
      </sentence>
      <sentence id="d000.s794" source="wordnet-estonian">
         <instance id="d000.s794.t000" lemma="kostja" pos="NOUN">Kostja</instance>
         <wf lemma="ei" pos="X">ei</wf>
         <wf lemma="ilmunud" pos="X">ilmunud</wf>
         <wf lemma="kohtuistungile" pos="X">kohtuistungile</wf>
         <wf lemma="." pos="X">.</wf>
         <wf lemma="Kohtukulud" pos="X">Kohtukulud</wf>
         <wf lemma="jäid" pos="X">jäid</wf>
         <wf lemma="kostja" pos="X">kostja</wf>
         <wf lemma="kanda" pos="X">kanda</wf>
         <wf lemma="." pos="X">.</wf>
      </sentence>
      <sentence id="d000.s795" source="wordnet-estonian">
         <wf lemma="See" pos="X">See</wf>
         <instance id="d000.s795.t000" lemma="keeld" pos="NOUN">keeld</instance>
         <wf lemma="jäi" pos="X">jäi</wf>
         <wf lemma="aastateks" pos="X">aastateks</wf>
         <wf lemma="kehtima" pos="X">kehtima</wf>
         <wf lemma="." pos="X">.</wf>
      </sentence>
      <sentence id="d000.s796" source="wordnet-estonian">
         <wf lemma="Mõnes" pos="X">Mõnes</wf>
         <wf lemma="mõttes" pos="X">mõttes</wf>
         <wf lemma="on" pos="X">on</wf>
         <instance id="d000.s796.t000" lemma="tõlkimine" pos="NOUN">tõlkimine</instance>
         <wf lemma="mugandus" pos="X">mugandus</wf>
         <wf lemma="." pos="X">.</wf>
      </sentence>
      <sentence id="d000.s797" source="wordnet-estonian">
         <wf lemma="Demokraatlikus" pos="X">Demokraatlikus</wf>
         <instance id="d000.s797.t000" lemma="ühiskond" pos="NOUN">ühiskonnas</instance>
         <wf lemma="on" pos="X">on</wf>
         <wf lemma="pressivabadus" pos="X">pressivabadus</wf>
         <wf lemma="(" pos="X">(</wf>
         <wf lemma="EKSS" pos="X">EKSS</wf>
         <wf lemma=")" pos="X">)</wf>
         <wf lemma="." pos="X">.</wf>
      </sentence>
      <sentence id="d000.s798" source="wordnet-estonian">
         <wf lemma="Tema" pos="X">Tema</wf>
         <wf lemma="väitluse" pos="X">väitluse</wf>
         <wf lemma="," pos="X">,</wf>
         <wf lemma="põhjenduste" pos="X">põhjenduste</wf>
         <wf lemma="range" pos="X">range</wf>
         <instance id="d000.s798.t000" lemma="loogilisus" pos="NOUN">loogilisus</instance>
         <wf lemma="." pos="X">.</wf>
      </sentence>
      <sentence id="d000.s799" source="wordnet-estonian">
         <instance id="d000.s799.t000" lemma="opositsioon" pos="NOUN">Opositsioon</instance>
         <wf lemma="parlamendis" pos="X">parlamendis</wf>
         <wf lemma="." pos="X">.</wf>
         <wf lemma="Demokraatliku" pos="X">Demokraatliku</wf>
         <wf lemma="opositsiooni" pos="X">opositsiooni</wf>
         <wf lemma="juht" pos="X">juht</wf>
         <wf lemma="." pos="X">.</wf>
         <wf lemma="Opositsioon" pos="X">Opositsioon</wf>
         <wf lemma="esitas" pos="X">esitas</wf>
         <wf lemma="valitsusele" pos="X">valitsusele</wf>
         <wf lemma="umbusaldusavalduse" pos="X">umbusaldusavalduse</wf>
         <wf lemma="." pos="X">.</wf>
         <wf lemma="Opositsiooni" pos="X">Opositsiooni</wf>
         <wf lemma="valitsusvastane" pos="X">valitsusvastane</wf>
         <wf lemma="tegevus" pos="X">tegevus</wf>
         <wf lemma="." pos="X">.</wf>
      </sentence>
      <sentence id="d000.s800" source="wordnet-estonian">
         <instance id="d000.s800.t000" lemma="astroloog" pos="NOUN">Astroloogid</instance>
         <wf lemma="koostavad" pos="X">koostavad</wf>
         <wf lemma="horoskoope" pos="X">horoskoope</wf>
         <wf lemma="." pos="X">.</wf>
         <wf lemma="(" pos="X">(</wf>
         <wf lemma="EKSS" pos="X">EKSS</wf>
         <wf lemma=")" pos="X">)</wf>
         <wf lemma="." pos="X">.</wf>
      </sentence>
      <sentence id="d000.s801" source="wordnet-estonian">
         <wf lemma="Kallaste" pos="X">Kallaste</wf>
         <wf lemma="," pos="X">,</wf>
         <wf lemma="nõlva" pos="X">nõlva</wf>
         <instance id="d000.s801.t000" lemma="järskus" pos="NOUN">järskus</instance>
         <wf lemma="." pos="X">.</wf>
         <wf lemma="Ta" pos="X">Ta</wf>
         <wf lemma="sõnade" pos="X">sõnade</wf>
         <wf lemma="järskus" pos="X">järskus</wf>
         <wf lemma="solvas" pos="X">solvas</wf>
         <wf lemma="mind" pos="X">mind</wf>
         <wf lemma="." pos="X">.</wf>
         <wf lemma="*" pos="X">*</wf>
         <wf lemma="Jahmatamapaneva" pos="X">Jahmatamapaneva</wf>
         <wf lemma="järskusega" pos="X">järskusega</wf>
         <wf lemma="purustas" pos="X">purustas</wf>
         <wf lemma="turmtule" pos="X">turmtule</wf>
         <wf lemma="mürin" pos="X">mürin</wf>
         <wf lemma="sügispäeva" pos="X">sügispäeva</wf>
         <wf lemma="vaikuse" pos="X">vaikuse</wf>
         <wf lemma="." pos="X">.</wf>
         <wf lemma="(" pos="X">(</wf>
         <wf lemma="Autor" pos="X">Autor</wf>
         <wf lemma=":" pos="X">:</wf>
         <wf lemma="Mart" pos="X">Mart</wf>
         <wf lemma="Kalda." pos="X">Kalda.</wf>
         <wf lemma=")" pos="X">)</wf>
         <wf lemma="." pos="X">.</wf>
      </sentence>
      <sentence id="d000.s802" source="wordnet-estonian">
         <wf lemma="Tal" pos="X">Tal</wf>
         <instance id="d000.s802.t000" lemma="vedama" pos="VERB">vedas</instance>
         <wf lemma="eksamil" pos="X">eksamil</wf>
         <wf lemma="kõvasti" pos="X">kõvasti</wf>
         <wf lemma="." pos="X">.</wf>
         <wf lemma="(" pos="X">(</wf>
         <wf lemma="EKSS" pos="X">EKSS</wf>
         <wf lemma=")" pos="X">)</wf>
         <wf lemma="." pos="X">.</wf>
      </sentence>
      <sentence id="d000.s803" source="wordnet-estonian">
         <instance id="d000.s803.t000" lemma="matsakus" pos="NOUN">Matsakusele</instance>
         <wf lemma="kalduv" pos="X">kalduv</wf>
         <wf lemma="naine" pos="X">naine</wf>
         <wf lemma="." pos="X">.</wf>
      </sentence>
      <sentence id="d000.s804" source="wordnet-estonian">
         <wf lemma="Laps" pos="X">Laps</wf>
         <wf lemma="on" pos="X">on</wf>
         <wf lemma="nutma" pos="X">nutma</wf>
         <wf lemma="puhkemiseni" pos="X">puhkemiseni</wf>
         <instance id="d000.s804.t000" lemma="õnnetu" pos="ADJ">õnnetu</instance>
         <wf lemma="." pos="X">.</wf>
         <wf lemma="Surmani" pos="X">Surmani</wf>
         <wf lemma="õnnetu" pos="X">õnnetu</wf>
         <wf lemma="inimene" pos="X">inimene</wf>
         <wf lemma="." pos="X">.</wf>
      </sentence>
      <sentence id="d000.s805" source="wordnet-estonian">
         <wf lemma="Valjusti" pos="X">Valjusti</wf>
         <wf lemma="," pos="X">,</wf>
         <wf lemma="suure" pos="X">suure</wf>
         <wf lemma="häälega" pos="X">häälega</wf>
         <wf lemma="," pos="X">,</wf>
         <wf lemma="hüsteeriliselt" pos="X">hüsteeriliselt</wf>
         <wf lemma="," pos="X">,</wf>
         <wf lemma="hääletult" pos="X">hääletult</wf>
         <wf lemma="," pos="X">,</wf>
         <wf lemma="vaikselt" pos="X">vaikselt</wf>
         <instance id="d000.s805.t000" lemma="nutma" pos="VERB">nutma</instance>
         <wf lemma="(" pos="X">(</wf>
         <wf lemma="EKSS" pos="X">EKSS</wf>
         <wf lemma=")" pos="X">)</wf>
         <wf lemma="." pos="X">.</wf>
      </sentence>
      <sentence id="d000.s806" source="wordnet-estonian">
         <wf lemma="Tuglas" pos="X">Tuglas</wf>
         <wf lemma="oli" pos="X">oli</wf>
         <wf lemma="suur" pos="X">suur</wf>
         <instance id="d000.s806.t000" lemma="reisija" pos="NOUN">reisija</instance>
         <wf lemma="." pos="X">.</wf>
      </sentence>
      <sentence id="d000.s807" source="wordnet-estonian">
         <wf lemma="Tellis" pos="X">Tellis</wf>
         <wf lemma="ühe" pos="X">ühe</wf>
         <wf lemma="džinni" pos="X">džinni</wf>
         <instance id="d000.s807.t000" lemma="toonik" pos="NOUN">toonikuga</instance>
         <wf lemma="." pos="X">.</wf>
      </sentence>
      <sentence id="d000.s808" source="wordnet-estonian">
         <wf lemma="Tuul" pos="X">Tuul</wf>
         <wf lemma="sasis" pos="X">sasis</wf>
         <wf lemma="paju" pos="X">paju</wf>
         <wf lemma="," pos="X">,</wf>
         <wf lemma="kuni" pos="X">kuni</wf>
         <wf lemma="puust" pos="X">puust</wf>
         <wf lemma="polnud" pos="X">polnud</wf>
         <wf lemma="järel" pos="X">järel</wf>
         <wf lemma="enam" pos="X">enam</wf>
         <wf lemma="muud" pos="X">muud</wf>
         <wf lemma="kui" pos="X">kui</wf>
         <wf lemma="paljas" pos="X">paljas</wf>
         <instance id="d000.s808.t000" lemma="roots" pos="NOUN">roots</instance>
         <wf lemma="." pos="X">.</wf>
      </sentence>
      <sentence id="d000.s809" source="wordnet-estonian">
         <wf lemma="Kirjutab" pos="X">Kirjutab</wf>
         <wf lemma="nime" pos="X">nime</wf>
         <wf lemma="lehe" pos="X">lehe</wf>
         <wf lemma="ülemisele" pos="X">ülemisele</wf>
         <instance id="d000.s809.t000" lemma="nurk" pos="NOUN">nurgale</instance>
         <wf lemma="." pos="X">.</wf>
      </sentence>
      <sentence id="d000.s810" source="wordnet-estonian">
         <wf lemma="Asja" pos="X">Asja</wf>
         <instance id="d000.s810.t000" lemma="kohus" pos="NOUN">kohtu</instance>
         <wf lemma="kaudu" pos="X">kaudu</wf>
         <wf lemma="ajama" pos="X">ajama</wf>
         <wf lemma="." pos="X">.</wf>
      </sentence>
      <sentence id="d000.s811" source="wordnet-estonian">
         <wf lemma="Mida" pos="X">Mida</wf>
         <wf lemma="peab" pos="X">peab</wf>
         <wf lemma="inimene" pos="X">inimene</wf>
         <instance id="d000.s811.t000" lemma="teadma" pos="VERB">teadma</instance>
         <wf lemma="enne" pos="X">enne</wf>
         <wf lemma="igavikku" pos="X">igavikku</wf>
         <wf lemma="astumist" pos="X">astumist</wf>
         <wf lemma="?" pos="X">?</wf>
      </sentence>
      <sentence id="d000.s812" source="wordnet-estonian">
         <instance id="d000.s812.t000" lemma="sibul" pos="NOUN">Sibulat</instance>
         <wf lemma="vajas" pos="X">vajas</wf>
         <wf lemma="nende" pos="X">nende</wf>
         <wf lemma="veri" pos="X">veri</wf>
         <wf lemma="," pos="X">,</wf>
         <wf lemma="ja" pos="X">ja</wf>
         <wf lemma="ei" pos="X">ei</wf>
         <wf lemma="olnud" pos="X">olnud</wf>
         <wf lemma="nähtud" pos="X">nähtud</wf>
         <wf lemma="," pos="X">,</wf>
         <wf lemma="et" pos="X">et</wf>
         <wf lemma="sibulat" pos="X">sibulat</wf>
         <wf lemma="koorides" pos="X">koorides</wf>
         <wf lemma="oleks" pos="X">oleks</wf>
         <wf lemma="neist" pos="X">neist</wf>
         <wf lemma="keegi" pos="X">keegi</wf>
         <wf lemma="nutnud" pos="X">nutnud</wf>
         <wf lemma="." pos="X">.</wf>
      </sentence>
      <sentence id="d000.s813" source="wordnet-estonian">
         <wf lemma="Kui" pos="X">Kui</wf>
         <wf lemma="on" pos="X">on</wf>
         <wf lemma="hea" pos="X">hea</wf>
         <wf lemma="fantaasia" pos="X">fantaasia</wf>
         <wf lemma="," pos="X">,</wf>
         <wf lemma="võib" pos="X">võib</wf>
         <instance id="d000.s813.t000" lemma="mõtlema" pos="VERB">mõelda</instance>
         <wf lemma="enda" pos="X">enda</wf>
         <wf lemma="karuks" pos="X">karuks</wf>
         <wf lemma="," pos="X">,</wf>
         <wf lemma="linnuks" pos="X">linnuks</wf>
         <wf lemma="," pos="X">,</wf>
         <wf lemma="kas" pos="X">kas</wf>
         <wf lemma="või" pos="X">või</wf>
         <wf lemma="Hiina" pos="X">Hiina</wf>
         <wf lemma="keisriks" pos="X">keisriks</wf>
         <wf lemma="." pos="X">.</wf>
      </sentence>
      <sentence id="d000.s814" source="wordnet-estonian">
         <instance id="d000.s814.t000" lemma="koor" pos="NOUN">Koorest</instance>
         <wf lemma="valmistatakse" pos="X">valmistatakse</wf>
         <wf lemma="võid" pos="X">võid</wf>
         <wf lemma="(" pos="X">(</wf>
         <wf lemma="EKSS" pos="X">EKSS</wf>
         <wf lemma=")" pos="X">)</wf>
         <wf lemma="." pos="X">.</wf>
      </sentence>
      <sentence id="d000.s815" source="wordnet-estonian">
         <wf lemma="Veresoonte" pos="X">Veresoonte</wf>
         <wf lemma="ahenemisel" pos="X">ahenemisel</wf>
         <wf lemma="pidurdub" pos="X">pidurdub</wf>
         <wf lemma="alkoholi" pos="X">alkoholi</wf>
         <instance id="d000.s815.t000" lemma="tung" pos="NOUN">tung</instance>
         <wf lemma="verre" pos="X">verre</wf>
         <wf lemma="." pos="X">.</wf>
      </sentence>
      <sentence id="d000.s816" source="wordnet-estonian">
         <wf lemma="Mitmetähendusliku" pos="X">Mitmetähendusliku</wf>
         <wf lemma="sõna" pos="X">sõna</wf>
         <wf lemma="mõistmiseks" pos="X">mõistmiseks</wf>
         <wf lemma="on" pos="X">on</wf>
         <wf lemma="vajalik" pos="X">vajalik</wf>
         <instance id="d000.s816.t000" lemma="kontekst" pos="NOUN">kontekst</instance>
         <wf lemma="." pos="X">.</wf>
      </sentence>
      <sentence id="d000.s817" source="wordnet-estonian">
         <wf lemma="Päikesest" pos="X">Päikesest</wf>
         <instance id="d000.s817.t000" lemma="kuum" pos="ADJ">kuumad</instance>
         <wf lemma="kaljud" pos="X">kaljud</wf>
         <wf lemma="." pos="X">.</wf>
         <wf lemma="Kuum" pos="X">Kuum</wf>
         <wf lemma="vesi" pos="X">vesi</wf>
         <wf lemma="on" pos="X">on</wf>
         <wf lemma="kannus" pos="X">kannus</wf>
         <wf lemma="." pos="X">.</wf>
      </sentence>
      <sentence id="d000.s818" source="wordnet-estonian">
         <wf lemma="Niiti" pos="X">Niiti</wf>
         <wf lemma="oli" pos="X">oli</wf>
         <wf lemma="vähe" pos="X">vähe</wf>
         <wf lemma="," pos="X">,</wf>
         <wf lemma="seda" pos="X">seda</wf>
         <wf lemma="pidi" pos="X">pidi</wf>
         <instance id="d000.s818.t000" lemma="hoidma" pos="VERB">hoidma</instance>
         <wf lemma="." pos="X">.</wf>
      </sentence>
      <sentence id="d000.s819" source="wordnet-estonian">
         <wf lemma="Uudistoodet" pos="X">Uudistoodet</wf>
         <wf lemma="valmistati" pos="X">valmistati</wf>
         <instance id="d000.s819.t000" lemma="piiratud" pos="ADJ">piiratud</instance>
         <wf lemma="koguses" pos="X">koguses</wf>
         <wf lemma="." pos="X">.</wf>
         <wf lemma="Uuendusi" pos="X">Uuendusi</wf>
         <wf lemma="võidi" pos="X">võidi</wf>
         <wf lemma="teostada" pos="X">teostada</wf>
         <wf lemma="piiratud" pos="X">piiratud</wf>
         <wf lemma="ulatuses" pos="X">ulatuses</wf>
         <wf lemma="." pos="X">.</wf>
         <wf lemma="Raamatu" pos="X">Raamatu</wf>
         <wf lemma="piiratud" pos="X">piiratud</wf>
         <wf lemma="maht" pos="X">maht</wf>
         <wf lemma="ei" pos="X">ei</wf>
         <wf lemma="luba" pos="X">luba</wf>
         <wf lemma="teemat" pos="X">teemat</wf>
         <wf lemma="põhjalikumalt" pos="X">põhjalikumalt</wf>
         <wf lemma="käsitleda" pos="X">käsitleda</wf>
         <wf lemma="." pos="X">.</wf>
      </sentence>
      <sentence id="d000.s820" source="wordnet-estonian">
         <wf lemma="See" pos="X">See</wf>
         <wf lemma="noormees" pos="X">noormees</wf>
         <wf lemma="on" pos="X">on</wf>
         <wf lemma="teretulnud" pos="X">teretulnud</wf>
         <wf lemma="linna" pos="X">linna</wf>
         <wf lemma="kõige" pos="X">kõige</wf>
         <wf lemma="peenemates" pos="X">peenemates</wf>
         <instance id="d000.s820.t000" lemma="ringkond" pos="NOUN">ringkondades</instance>
         <wf lemma="." pos="X">.</wf>
      </sentence>
      <sentence id="d000.s821" source="wordnet-estonian">
         <wf lemma="Lage" pos="X">Lage</wf>
         <wf lemma="liivane" pos="X">liivane</wf>
         <instance id="d000.s821.t000" lemma="plats" pos="NOUN">plats</instance>
         <wf lemma="kadakate" pos="X">kadakate</wf>
         <wf lemma="vahel" pos="X">vahel</wf>
         <wf lemma="." pos="X">.</wf>
      </sentence>
      <sentence id="d000.s822" source="wordnet-estonian">
         <wf lemma="Määratakse" pos="X">Määratakse</wf>
         <wf lemma="kindlaks" pos="X">kindlaks</wf>
         <wf lemma="hoiuse" pos="X">hoiuse</wf>
         <wf lemma="väljamaksmise" pos="X">väljamaksmise</wf>
         <instance id="d000.s822.t000" lemma="tingimus" pos="NOUN">tingimused</instance>
         <wf lemma="(" pos="X">(</wf>
         <wf lemma="EKSS" pos="X">EKSS</wf>
         <wf lemma=")" pos="X">)</wf>
         <wf lemma="." pos="X">.</wf>
      </sentence>
      <sentence id="d000.s823" source="wordnet-estonian">
         <wf lemma="Jahikoeral" pos="X">Jahikoeral</wf>
         <wf lemma="on" pos="X">on</wf>
         <wf lemma="hea" pos="X">hea</wf>
         <instance id="d000.s823.t000" lemma="haistmine" pos="NOUN">haistmine</instance>
         <wf lemma="." pos="X">.</wf>
      </sentence>
      <sentence id="d000.s824" source="wordnet-estonian">
         <wf lemma="Metsise" pos="X">Metsise</wf>
         <wf lemma="mahukas" pos="X">mahukas</wf>
         <instance id="d000.s824.t000" lemma="pugu" pos="NOUN">pugu</instance>
         <wf lemma="." pos="X">.</wf>
         <wf lemma="Sipelga" pos="X">Sipelga</wf>
         <wf lemma="," pos="X">,</wf>
         <wf lemma="vihmaussi" pos="X">vihmaussi</wf>
         <wf lemma="pugu" pos="X">pugu</wf>
         <wf lemma="." pos="X">.</wf>
      </sentence>
      <sentence id="d000.s825" source="wordnet-estonian">
         <wf lemma="Rahvusvaheline" pos="X">Rahvusvaheline</wf>
         <wf lemma="," pos="X">,</wf>
         <wf lemma="omamaine" pos="X">omamaine</wf>
         <instance id="d000.s825.t000" lemma="turism" pos="NOUN">turism</instance>
         <wf lemma="." pos="X">.</wf>
         <wf lemma="Turismi" pos="X">Turismi</wf>
         <wf lemma="arendama" pos="X">arendama</wf>
         <wf lemma="," pos="X">,</wf>
         <wf lemma="edendama" pos="X">edendama</wf>
         <wf lemma="," pos="X">,</wf>
         <wf lemma="elavdama" pos="X">elavdama</wf>
         <wf lemma="." pos="X">.</wf>
      </sentence>
      <sentence id="d000.s826" source="wordnet-estonian">
         <wf lemma="Suurem" pos="X">Suurem</wf>
         <wf lemma="osa" pos="X">osa</wf>
         <wf lemma="sellest" pos="X">sellest</wf>
         <wf lemma="ajast" pos="X">ajast</wf>
         <wf lemma="kuulub" pos="X">kuulub</wf>
         <instance id="d000.s826.t000" lemma="pleistotseen" pos="NOUN">pleistotseeni</instance>
         <wf lemma="ja" pos="X">ja</wf>
         <wf lemma="viimased" pos="X">viimased</wf>
         <wf lemma="10" pos="X">10</wf>
         <wf lemma="000" pos="X">000</wf>
         <wf lemma="aastat" pos="X">aastat</wf>
         <wf lemma="kui" pos="X">kui</wf>
         <wf lemma="aeg" pos="X">aeg</wf>
         <wf lemma="pärast" pos="X">pärast</wf>
         <wf lemma="viimast" pos="X">viimast</wf>
         <wf lemma="jääaega" pos="X">jääaega</wf>
         <wf lemma="arvatakse" pos="X">arvatakse</wf>
         <wf lemma="hilisajaks" pos="X">hilisajaks</wf>
         <wf lemma="." pos="X">.</wf>
      </sentence>
      <sentence id="d000.s827" source="wordnet-estonian">
         <wf lemma="Mina" pos="X">Mina</wf>
         <wf lemma="pole" pos="X">pole</wf>
         <wf lemma="sinu" pos="X">sinu</wf>
         <wf lemma="ideede" pos="X">ideede</wf>
         <instance id="d000.s827.t000" lemma="advokaat" pos="NOUN">advokaat</instance>
         <wf lemma="." pos="X">.</wf>
      </sentence>
      <sentence id="d000.s828" source="wordnet-estonian">
         <wf lemma="Noorte" pos="X">Noorte</wf>
         <wf lemma="tööalane" pos="X">tööalane</wf>
         <instance id="d000.s828.t000" lemma="kasvatus" pos="NOUN">kasvatus</instance>
         <wf lemma="." pos="X">.</wf>
      </sentence>
      <sentence id="d000.s829" source="wordnet-estonian">
         <instance id="d000.s829.t000" lemma="võrdlema" pos="VERB">Võrreldes</instance>
         <wf lemma="meestega" pos="X">meestega</wf>
         <wf lemma="," pos="X">,</wf>
         <wf lemma="on" pos="X">on</wf>
         <wf lemma="naistel" pos="X">naistel</wf>
         <wf lemma="elu" pos="X">elu</wf>
         <wf lemma="kergem" pos="X">kergem</wf>
         <wf lemma="." pos="X">.</wf>
      </sentence>
      <sentence id="d000.s830" source="wordnet-estonian">
         <wf lemma="Mungad" pos="X">Mungad</wf>
         <wf lemma="ja" pos="X">ja</wf>
         <instance id="d000.s830.t000" lemma="nunn" pos="NOUN">nunnad</instance>
         <wf lemma="." pos="X">.</wf>
         <wf lemma="Kuremäe" pos="X">Kuremäe</wf>
         <wf lemma="kloostri" pos="X">kloostri</wf>
         <wf lemma="nunnad" pos="X">nunnad</wf>
         <wf lemma="." pos="X">.</wf>
         <wf lemma="Andis" pos="X">Andis</wf>
         <wf lemma="nunnatõotuse" pos="X">nunnatõotuse</wf>
         <wf lemma="," pos="X">,</wf>
         <wf lemma="pühitseti" pos="X">pühitseti</wf>
         <wf lemma="nunnaks" pos="X">nunnaks</wf>
         <wf lemma="." pos="X">.</wf>
         <wf lemma="Istub" pos="X">Istub</wf>
         <wf lemma="üksi" pos="X">üksi</wf>
         <wf lemma="kodus" pos="X">kodus</wf>
         <wf lemma="nagu" pos="X">nagu</wf>
         <wf lemma="nunn" pos="X">nunn</wf>
         <wf lemma="." pos="X">.</wf>
         <wf lemma="Ega" pos="X">Ega</wf>
         <wf lemma="noor" pos="X">noor</wf>
         <wf lemma="naisterahvas" pos="X">naisterahvas</wf>
         <wf lemma="saa" pos="X">saa</wf>
         <wf lemma="nunnana" pos="X">nunnana</wf>
         <wf lemma="elada" pos="X">elada</wf>
         <wf lemma="." pos="X">.</wf>
         <wf lemma="*" pos="X">*</wf>
         <wf lemma=".." pos="X">..</wf>
         <wf lemma="ära" pos="X">ära</wf>
         <wf lemma="end" pos="X">end</wf>
         <wf lemma="enneaegu" pos="X">enneaegu</wf>
         <wf lemma="nunnaks" pos="X">nunnaks</wf>
         <wf lemma="tee" pos="X">tee</wf>
         <wf lemma="." pos="X">.</wf>
         <wf lemma="Su" pos="X">Su</wf>
         <wf lemma="näolapil" pos="X">näolapil</wf>
         <wf lemma="pole" pos="X">pole</wf>
         <wf lemma="ju" pos="X">ju</wf>
         <wf lemma="suuremat" pos="X">suuremat</wf>
         <wf lemma="vigagi" pos="X">vigagi</wf>
         <wf lemma="," pos="X">,</wf>
         <wf lemma="kui" pos="X">kui</wf>
         <wf lemma="pisut" pos="X">pisut</wf>
         <wf lemma="värvi" pos="X">värvi</wf>
         <wf lemma="lisada" pos="X">lisada</wf>
         <wf lemma="." pos="X">.</wf>
         <wf lemma="." pos="X">.</wf>
         <wf lemma="(" pos="X">(</wf>
         <wf lemma="Autor" pos="X">Autor</wf>
         <wf lemma=":" pos="X">:</wf>
         <wf lemma="O." pos="X">O.</wf>
         <wf lemma="Tooming." pos="X">Tooming.</wf>
         <wf lemma=")" pos="X">)</wf>
         <wf lemma="." pos="X">.</wf>
      </sentence>
      <sentence id="d000.s831" source="wordnet-estonian">
         <wf lemma="Ellipsoid" pos="X">Ellipsoid</wf>
         <wf lemma="saadakse" pos="X">saadakse</wf>
         <wf lemma="," pos="X">,</wf>
         <wf lemma="kui" pos="X">kui</wf>
         <instance id="d000.s831.t000" lemma="ellips" pos="NOUN">ellips</instance>
         <wf lemma="panna" pos="X">panna</wf>
         <wf lemma="pöörlema" pos="X">pöörlema</wf>
         <wf lemma="ümber" pos="X">ümber</wf>
         <wf lemma="väikese" pos="X">väikese</wf>
         <wf lemma="pooltelje" pos="X">pooltelje</wf>
         <wf lemma="." pos="X">.</wf>
      </sentence>
      <sentence id="d000.s832" source="wordnet-estonian">
         <wf lemma="Saare" pos="X">Saare</wf>
         <wf lemma="elanikud" pos="X">elanikud</wf>
         <wf lemma="olid" pos="X">olid</wf>
         <instance id="d000.s832.t000" lemma="kannibal" pos="NOUN">kannibalid</instance>
         <wf lemma="," pos="X">,</wf>
         <wf lemma="kes" pos="X">kes</wf>
         <wf lemma="iga" pos="X">iga</wf>
         <wf lemma="võõra" pos="X">võõra</wf>
         <wf lemma="tapsid" pos="X">tapsid</wf>
         <wf lemma="ja" pos="X">ja</wf>
         <wf lemma="ära" pos="X">ära</wf>
         <wf lemma="sõid" pos="X">sõid</wf>
         <wf lemma="." pos="X">.</wf>
      </sentence>
      <sentence id="d000.s833" source="wordnet-estonian">
         <wf lemma="Indiaanlased" pos="X">Indiaanlased</wf>
         <wf lemma="ja" pos="X">ja</wf>
         <instance id="d000.s833.t000" lemma="valge" pos="NOUN">valged</instance>
         <wf lemma="mehed" pos="X">mehed</wf>
         <wf lemma="sõdivad" pos="X">sõdivad</wf>
         <wf lemma="." pos="X">.</wf>
      </sentence>
      <sentence id="d000.s834" source="wordnet-estonian">
         <wf lemma="Veetsime" pos="X">Veetsime</wf>
         <wf lemma="nädalavahetuse" pos="X">nädalavahetuse</wf>
         <instance id="d000.s834.t000" lemma="loodus" pos="NOUN">looduses</instance>
         <wf lemma="." pos="X">.</wf>
         <wf lemma="Kas" pos="X">Kas</wf>
         <wf lemma="oled" pos="X">oled</wf>
         <wf lemma="rebast" pos="X">rebast</wf>
         <wf lemma="päriselt" pos="X">päriselt</wf>
         <wf lemma="looduses" pos="X">looduses</wf>
         <wf lemma="näinud" pos="X">näinud</wf>
         <wf lemma="?" pos="X">?</wf>
      </sentence>
      <sentence id="d000.s835" source="wordnet-estonian">
         <wf lemma="Politseinik" pos="X">Politseinik</wf>
         <wf lemma="püüdis" pos="X">püüdis</wf>
         <wf lemma="meid" pos="X">meid</wf>
         <instance id="d000.s835.t000" lemma="takistama" pos="VERB">takistada</instance>
         <wf lemma="edasi" pos="X">edasi</wf>
         <wf lemma="minemast" pos="X">minemast</wf>
         <wf lemma="." pos="X">.</wf>
      </sentence>
      <sentence id="d000.s836" source="wordnet-estonian">
         <wf lemma="Okkad" pos="X">Okkad</wf>
         <wf lemma="kriimustasid" pos="X">kriimustasid</wf>
         <instance id="d000.s836.t000" lemma="nahk" pos="NOUN">nahka</instance>
         <wf lemma="." pos="X">.</wf>
      </sentence>
      <sentence id="d000.s837" source="wordnet-estonian">
         <wf lemma="Hele" pos="X">Hele</wf>
         <wf lemma="valgus" pos="X">valgus</wf>
         <instance id="d000.s837.t000" lemma="teravdama" pos="VERB">teravdab</instance>
         <wf lemma="varje" pos="X">varje</wf>
         <wf lemma="(" pos="X">(</wf>
         <wf lemma="EKSS" pos="X">EKSS</wf>
         <wf lemma=")" pos="X">)</wf>
         <wf lemma="." pos="X">.</wf>
      </sentence>
      <sentence id="d000.s838" source="wordnet-estonian">
         <wf lemma="Kiirtarduv" pos="X">Kiirtarduv</wf>
         <wf lemma="," pos="X">,</wf>
         <wf lemma="paisuv" pos="X">paisuv</wf>
         <instance id="d000.s838.t000" lemma="tsement" pos="NOUN">tsement</instance>
         <wf lemma="(" pos="X">(</wf>
         <wf lemma="EKSS" pos="X">EKSS</wf>
         <wf lemma=")" pos="X">)</wf>
         <wf lemma="." pos="X">.</wf>
      </sentence>
      <sentence id="d000.s839" source="wordnet-estonian">
         <wf lemma="Kas" pos="X">Kas</wf>
         <wf lemma="lasteaias" pos="X">lasteaias</wf>
         <instance id="d000.s839.t000" lemma="aabits" pos="NOUN">aabitsat</instance>
         <wf lemma="ka" pos="X">ka</wf>
         <wf lemma="juba" pos="X">juba</wf>
         <wf lemma="õpitakse" pos="X">õpitakse</wf>
         <wf lemma="?" pos="X">?</wf>
      </sentence>
      <sentence id="d000.s840" source="wordnet-estonian">
         <wf lemma="Tal" pos="X">Tal</wf>
         <wf lemma="oli" pos="X">oli</wf>
         <wf lemma="süüdlaslik" pos="X">süüdlaslik</wf>
         <wf lemma="ja" pos="X">ja</wf>
         <wf lemma="kahetsev" pos="X">kahetsev</wf>
         <instance id="d000.s840.t000" lemma="naeratus" pos="NOUN">naeratus</instance>
         <wf lemma="näol" pos="X">näol</wf>
         <wf lemma="." pos="X">.</wf>
      </sentence>
      <sentence id="d000.s841" source="wordnet-estonian">
         <wf lemma="Poiss" pos="X">Poiss</wf>
         <wf lemma="jäeti" pos="X">jäeti</wf>
         <instance id="d000.s841.t000" lemma="karistus" pos="NOUN">karistuseks</instance>
         <wf lemma="söömata" pos="X">söömata</wf>
         <wf lemma="." pos="X">.</wf>
      </sentence>
      <sentence id="d000.s842" source="wordnet-estonian">
         <wf lemma="Käsikiri" pos="X">Käsikiri</wf>
         <wf lemma="on" pos="X">on</wf>
         <instance id="d000.s842.t000" lemma="kirjastus" pos="NOUN">kirjastusele</instance>
         <wf lemma="üle" pos="X">üle</wf>
         <wf lemma="antud" pos="X">antud</wf>
         <wf lemma="." pos="X">.</wf>
      </sentence>
      <sentence id="d000.s843" source="wordnet-estonian">
         <wf lemma="Teenib" pos="X">Teenib</wf>
         <instance id="d000.s843.t000" lemma="tüdruk" pos="NOUN">tüdrukuna</instance>
         <wf lemma="Saare" pos="X">Saare</wf>
         <wf lemma="talus" pos="X">talus</wf>
         <wf lemma="." pos="X">.</wf>
         <wf lemma="Tüdrukut" pos="X">Tüdrukut</wf>
         <wf lemma="ei" pos="X">ei</wf>
         <wf lemma="võetud" pos="X">võetud</wf>
         <wf lemma="," pos="X">,</wf>
         <wf lemma="naine" pos="X">naine</wf>
         <wf lemma="pidi" pos="X">pidi</wf>
         <wf lemma="majapidamisega" pos="X">majapidamisega</wf>
         <wf lemma="üksi" pos="X">üksi</wf>
         <wf lemma="toime" pos="X">toime</wf>
         <wf lemma="tulema" pos="X">tulema</wf>
         <wf lemma="." pos="X">.</wf>
      </sentence>
      <sentence id="d000.s844" source="wordnet-estonian">
         <wf lemma="Devoni" pos="X">Devoni</wf>
         <wf lemma="liivakivi" pos="X">liivakivi</wf>
         <instance id="d000.s844.t000" lemma="paljand" pos="NOUN">paljandid</instance>
         <wf lemma="." pos="X">.</wf>
      </sentence>
      <sentence id="d000.s845" source="wordnet-estonian">
         <wf lemma="Pääsukesed" pos="X">Pääsukesed</wf>
         <wf lemma="püüavad" pos="X">püüavad</wf>
         <instance id="d000.s845.t000" lemma="putukas" pos="NOUN">putukaid</instance>
         <wf lemma="õhust" pos="X">õhust</wf>
         <wf lemma="." pos="X">.</wf>
      </sentence>
      <sentence id="d000.s846" source="wordnet-estonian">
         <wf lemma="Punaseks" pos="X">Punaseks</wf>
         <wf lemma="," pos="X">,</wf>
         <wf lemma="roosaks" pos="X">roosaks</wf>
         <wf lemma="lakitud" pos="X">lakitud</wf>
         <instance id="d000.s846.t000" lemma="küüs" pos="NOUN">küüned</instance>
         <wf lemma="." pos="X">.</wf>
         <wf lemma="Pöidlal" pos="X">Pöidlal</wf>
         <wf lemma="on" pos="X">on</wf>
         <wf lemma="küüs" pos="X">küüs</wf>
         <wf lemma="murdunud" pos="X">murdunud</wf>
         <wf lemma="," pos="X">,</wf>
         <wf lemma="lõhenenud" pos="X">lõhenenud</wf>
         <wf lemma="." pos="X">.</wf>
         <wf lemma="(" pos="X">(</wf>
         <wf lemma="EKSS" pos="X">EKSS</wf>
         <wf lemma=")" pos="X">)</wf>
         <wf lemma="." pos="X">.</wf>
      </sentence>
      <sentence id="d000.s847" source="wordnet-estonian">
         <wf lemma="Võitluses" pos="X">Võitluses</wf>
         <wf lemma="jääb" pos="X">jääb</wf>
         <wf lemma="nõrgem" pos="X">nõrgem</wf>
         <instance id="d000.s847.t000" lemma="paratamatult" pos="ADV">paratamatult</instance>
         <wf lemma="alla" pos="X">alla</wf>
         <wf lemma="." pos="X">.</wf>
      </sentence>
      <sentence id="d000.s848" source="wordnet-estonian">
         <instance id="d000.s848.t000" lemma="äärmiselt" pos="ADV">Äärmiselt</instance>
         <wf lemma="meeldiv" pos="X">meeldiv</wf>
         <wf lemma="inimene" pos="X">inimene</wf>
         <wf lemma="." pos="X">.</wf>
         <wf lemma="(" pos="X">(</wf>
         <wf lemma="EKSS" pos="X">EKSS</wf>
         <wf lemma=")" pos="X">)</wf>
         <wf lemma="." pos="X">.</wf>
      </sentence>
      <sentence id="d000.s849" source="wordnet-estonian">
         <wf lemma="Sündis" pos="X">Sündis</wf>
         <instance id="d000.s849.t000" lemma="ime" pos="NOUN">ime</instance>
         <wf lemma=":" pos="X">:</wf>
         <wf lemma="lootusetult" pos="X">lootusetult</wf>
         <wf lemma="haige" pos="X">haige</wf>
         <wf lemma="sai" pos="X">sai</wf>
         <wf lemma="järsku" pos="X">järsku</wf>
         <wf lemma="terveks" pos="X">terveks</wf>
         <wf lemma="." pos="X">.</wf>
      </sentence>
      <sentence id="d000.s850" source="wordnet-estonian">
         <wf lemma="Poeg" pos="X">Poeg</wf>
         <wf lemma="läheb" pos="X">läheb</wf>
         <wf lemma="sügisel" pos="X">sügisel</wf>
         <wf lemma="teise" pos="X">teise</wf>
         <instance id="d000.s850.t000" lemma="klass" pos="NOUN">klassi</instance>
         <wf lemma="(" pos="X">(</wf>
         <wf lemma="EKSS" pos="X">EKSS</wf>
         <wf lemma=")" pos="X">)</wf>
         <wf lemma="." pos="X">.</wf>
      </sentence>
      <sentence id="d000.s851" source="wordnet-estonian">
         <wf lemma="Puhkes" pos="X">Puhkes</wf>
         <wf lemma="raske" pos="X">raske</wf>
         <wf lemma="ja" pos="X">ja</wf>
         <wf lemma="ebavõrdne" pos="X">ebavõrdne</wf>
         <instance id="d000.s851.t000" lemma="lahing" pos="NOUN">lahing</instance>
         <wf lemma="." pos="X">.</wf>
      </sentence>
      <sentence id="d000.s852" source="wordnet-estonian">
         <wf lemma="Hobused" pos="X">Hobused</wf>
         <wf lemma="kappasid" pos="X">kappasid</wf>
         <instance id="d000.s852.t000" lemma="lakk" pos="NOUN">lakkade</instance>
         <wf lemma="lehvides" pos="X">lehvides</wf>
         <wf lemma="mööda" pos="X">mööda</wf>
         <wf lemma="." pos="X">.</wf>
      </sentence>
      <sentence id="d000.s853" source="wordnet-estonian">
         <wf lemma="Onu" pos="X">Onu</wf>
         <wf lemma="silmadesse" pos="X">silmadesse</wf>
         <wf lemma="ilmus" pos="X">ilmus</wf>
         <wf lemma="seda" pos="X">seda</wf>
         <wf lemma="rääkides" pos="X">rääkides</wf>
         <wf lemma="kaval" pos="X">kaval</wf>
         <instance id="d000.s853.t000" lemma="säde" pos="NOUN">säde</instance>
         <wf lemma="." pos="X">.</wf>
      </sentence>
      <sentence id="d000.s854" source="wordnet-estonian">
         <wf lemma="Alpinistid" pos="X">Alpinistid</wf>
         <wf lemma="ja" pos="X">ja</wf>
         <instance id="d000.s854.t000" lemma="matkaja" pos="NOUN">matkajad</instance>
         <wf lemma="." pos="X">.</wf>
      </sentence>
      <sentence id="d000.s855" source="wordnet-estonian">
         <wf lemma="Sõi" pos="X">Sõi</wf>
         <wf lemma="kalast" pos="X">kalast</wf>
         <wf lemma="ainult" pos="X">ainult</wf>
         <wf lemma="selja" pos="X">selja</wf>
         <wf lemma="ära" pos="X">ära</wf>
         <wf lemma="," pos="X">,</wf>
         <wf lemma="ülejäänud" pos="X">ülejäänud</wf>
         <instance id="d000.s855.t000" lemma="osa" pos="NOUN">osad</instance>
         <wf lemma="andis" pos="X">andis</wf>
         <wf lemma="kassile" pos="X">kassile</wf>
         <wf lemma="." pos="X">.</wf>
         <wf lemma="Silmad" pos="X">Silmad</wf>
         <wf lemma="on" pos="X">on</wf>
         <wf lemma="ta" pos="X">ta</wf>
         <wf lemma="näo" pos="X">näo</wf>
         <wf lemma="ilmekaim" pos="X">ilmekaim</wf>
         <wf lemma="osa" pos="X">osa</wf>
         <wf lemma="." pos="X">.</wf>
      </sentence>
      <sentence id="d000.s856" source="wordnet-estonian">
         <instance id="d000.s856.t000" lemma="võistlus" pos="NOUN">Võistlused</instance>
         <wf lemma="teevad" pos="X">teevad</wf>
         <wf lemma="lapsed" pos="X">lapsed</wf>
         <wf lemma="vastupidavaimaks" pos="X">vastupidavaimaks</wf>
         <wf lemma="." pos="X">.</wf>
      </sentence>
      <sentence id="d000.s857" source="wordnet-estonian">
         <wf lemma="Ta" pos="X">Ta</wf>
         <wf lemma="suhtus" pos="X">suhtus</wf>
         <wf lemma="oma" pos="X">oma</wf>
         <instance id="d000.s857.t000" lemma="rõivastus" pos="NOUN">rõivastusse</instance>
         <wf lemma="äärmise" pos="X">äärmise</wf>
         <wf lemma="skõiksusega" pos="X">skõiksusega</wf>
         <wf lemma="." pos="X">.</wf>
      </sentence>
      <sentence id="d000.s858" source="wordnet-estonian">
         <wf lemma="Meetrikõrgune" pos="X">Meetrikõrgune</wf>
         <wf lemma="traadist" pos="X">traadist</wf>
         <wf lemma="võrk" pos="X">võrk</wf>
         <wf lemma="oli" pos="X">oli</wf>
         <instance id="d000.s858.t000" lemma="tõmbama" pos="VERB">tõmmatud</instance>
         <wf lemma="puuraamistikule" pos="X">puuraamistikule</wf>
         <wf lemma="." pos="X">.</wf>
      </sentence>
      <sentence id="d000.s859" source="wordnet-estonian">
         <wf lemma="Troonipärijale" pos="X">Troonipärijale</wf>
         <wf lemma="pandi" pos="X">pandi</wf>
         <wf lemma="pidulikult" pos="X">pidulikult</wf>
         <instance id="d000.s859.t000" lemma="kroon" pos="NOUN">kroon</instance>
         <wf lemma="pähe" pos="X">pähe</wf>
         <wf lemma="(" pos="X">(</wf>
         <wf lemma="EKSS" pos="X">EKSS</wf>
         <wf lemma=")" pos="X">)</wf>
         <wf lemma="." pos="X">.</wf>
      </sentence>
      <sentence id="d000.s860" source="wordnet-estonian">
         <wf lemma="Mehed" pos="X">Mehed</wf>
         <wf lemma="läksid" pos="X">läksid</wf>
         <instance id="d000.s860.t000" lemma="paat" pos="NOUN">paadiga</instance>
         <wf lemma="merele" pos="X">merele</wf>
         <wf lemma="." pos="X">.</wf>
      </sentence>
      <sentence id="d000.s861" source="wordnet-estonian">
         <wf lemma="Gutenbergile" pos="X">Gutenbergile</wf>
         <instance id="d000.s861.t000" lemma="omistama" pos="VERB">omistatud</instance>
         <wf lemma="trükis" pos="X">trükis</wf>
         <wf lemma="osutus" pos="X">osutus</wf>
         <wf lemma="veidi" pos="X">veidi</wf>
         <wf lemma="hilisemasse" pos="X">hilisemasse</wf>
         <wf lemma="ajajärku" pos="X">ajajärku</wf>
         <wf lemma="kuuluvaks" pos="X">kuuluvaks</wf>
         <wf lemma="." pos="X">.</wf>
      </sentence>
      <sentence id="d000.s862" source="wordnet-estonian">
         <wf lemma="Meie" pos="X">Meie</wf>
         <wf lemma="ainuke" pos="X">ainuke</wf>
         <instance id="d000.s862.t000" lemma="palve" pos="NOUN">palve</instance>
         <wf lemma="oleks" pos="X">oleks</wf>
         <wf lemma=":" pos="X">:</wf>
         <wf lemma="ärge" pos="X">ärge</wf>
         <wf lemma="sõitke" pos="X">sõitke</wf>
         <wf lemma="veel" pos="X">veel</wf>
         <wf lemma="ära" pos="X">ära</wf>
         <wf lemma="!" pos="X">!</wf>
      </sentence>
      <sentence id="d000.s863" source="wordnet-estonian">
         <wf lemma="Sügav" pos="X">Sügav</wf>
         <wf lemma="," pos="X">,</wf>
         <wf lemma="järjekindel" pos="X">järjekindel</wf>
         <instance id="d000.s863.t000" lemma="humaansus" pos="NOUN">humaansus</instance>
         <wf lemma="." pos="X">.</wf>
      </sentence>
      <sentence id="d000.s864" source="wordnet-estonian">
         <wf lemma="*" pos="X">*</wf>
         <wf lemma="Või" pos="X">Või</wf>
         <wf lemma="tulite" pos="X">tulite</wf>
         <wf lemma="siia" pos="X">siia</wf>
         <wf lemma="," pos="X">,</wf>
         <wf lemma="et" pos="X">et</wf>
         <wf lemma="veel" pos="X">veel</wf>
         <wf lemma="kord" pos="X">kord</wf>
         <wf lemma="üht" pos="X">üht</wf>
         <wf lemma="vana" pos="X">vana</wf>
         <instance id="d000.s864.t000" lemma="narr" pos="NOUN">narri</instance>
         <wf lemma="haneks" pos="X">haneks</wf>
         <wf lemma="püüda" pos="X">püüda</wf>
         <wf lemma="oma" pos="X">oma</wf>
         <wf lemma="pai" pos="X">pai</wf>
         <wf lemma="näoga" pos="X">näoga</wf>
         <wf lemma="ja" pos="X">ja</wf>
         <wf lemma="hea" pos="X">hea</wf>
         <wf lemma="kõneandega" pos="X">kõneandega</wf>
         <wf lemma="?" pos="X">?</wf>
         <wf lemma="(" pos="X">(</wf>
         <wf lemma="Autor" pos="X">Autor</wf>
         <wf lemma=":" pos="X">:</wf>
         <wf lemma="K." pos="X">K.</wf>
         <wf lemma="Ristikivi." pos="X">Ristikivi.</wf>
         <wf lemma=")" pos="X">)</wf>
         <wf lemma="." pos="X">.</wf>
      </sentence>
      <sentence id="d000.s865" source="wordnet-estonian">
         <wf lemma="Sellest" pos="X">Sellest</wf>
         <wf lemma="sündmusest" pos="X">sündmusest</wf>
         <instance id="d000.s865.t000" lemma="kirjutama" pos="VERB">kirjutavad</instance>
         <wf lemma="kõik" pos="X">kõik</wf>
         <wf lemma="ajalehed" pos="X">ajalehed</wf>
         <wf lemma="." pos="X">.</wf>
      </sentence>
      <sentence id="d000.s866" source="wordnet-estonian">
         <wf lemma="Andis" pos="X">Andis</wf>
         <instance id="d000.s866.t000" lemma="žest" pos="NOUN">žestiga</instance>
         <wf lemma="märku" pos="X">märku</wf>
         <wf lemma="," pos="X">,</wf>
         <wf lemma="et" pos="X">et</wf>
         <wf lemma="me" pos="X">me</wf>
         <wf lemma="vait" pos="X">vait</wf>
         <wf lemma="jääksime" pos="X">jääksime</wf>
         <wf lemma="." pos="X">.</wf>
         <wf lemma="Jutu" pos="X">Jutu</wf>
         <wf lemma="teevad" pos="X">teevad</wf>
         <wf lemma="selgemaks" pos="X">selgemaks</wf>
         <wf lemma="žestid" pos="X">žestid</wf>
         <wf lemma="ja" pos="X">ja</wf>
         <wf lemma="miimika" pos="X">miimika</wf>
         <wf lemma="." pos="X">.</wf>
      </sentence>
      <sentence id="d000.s867" source="wordnet-estonian">
         <wf lemma="Lund" pos="X">Lund</wf>
         <wf lemma="on" pos="X">on</wf>
         <instance id="d000.s867.t000" lemma="hang" pos="NOUN">hangedena</instance>
         <wf lemma="." pos="X">.</wf>
         <wf lemma="Vajusin" pos="X">Vajusin</wf>
         <wf lemma="põlvini" pos="X">põlvini</wf>
         <wf lemma="hange" pos="X">hange</wf>
         <wf lemma="." pos="X">.</wf>
      </sentence>
      <sentence id="d000.s868" source="wordnet-estonian">
         <wf lemma="Tee" pos="X">Tee</wf>
         <wf lemma="linna" pos="X">linna</wf>
         <wf lemma="oli" pos="X">oli</wf>
         <wf lemma="võrdlemisi" pos="X">võrdlemisi</wf>
         <instance id="d000.s868.t000" lemma="pikk" pos="ADJ">pikk</instance>
         <wf lemma="." pos="X">.</wf>
         <wf lemma="Sinna" pos="X">Sinna</wf>
         <wf lemma="on" pos="X">on</wf>
         <wf lemma="veel" pos="X">veel</wf>
         <wf lemma="pikk" pos="X">pikk</wf>
         <wf lemma="maa" pos="X">maa</wf>
         <wf lemma="minna" pos="X">minna</wf>
         <wf lemma="." pos="X">.</wf>
      </sentence>
      <sentence id="d000.s869" source="wordnet-estonian">
         <wf lemma="Eesti" pos="X">Eesti</wf>
         <instance id="d000.s869.t000" lemma="poeet" pos="NOUN">poeet</instance>
         <wf lemma="." pos="X">.</wf>
         <wf lemma="Suur" pos="X">Suur</wf>
         <wf lemma="," pos="X">,</wf>
         <wf lemma="kuulus" pos="X">kuulus</wf>
         <wf lemma="," pos="X">,</wf>
         <wf lemma="moodne" pos="X">moodne</wf>
         <wf lemma="poeet" pos="X">poeet</wf>
         <wf lemma="." pos="X">.</wf>
         <wf lemma="Prosaistid" pos="X">Prosaistid</wf>
         <wf lemma="ja" pos="X">ja</wf>
         <wf lemma="poeedid" pos="X">poeedid</wf>
         <wf lemma="." pos="X">.</wf>
         <wf lemma="Poeet" pos="X">Poeet</wf>
         <wf lemma="deklameeris" pos="X">deklameeris</wf>
         <wf lemma="oma" pos="X">oma</wf>
         <wf lemma="värsse" pos="X">värsse</wf>
         <wf lemma="." pos="X">.</wf>
      </sentence>
      <sentence id="d000.s870" source="wordnet-estonian">
         <wf lemma="Siit" pos="X">Siit</wf>
         <instance id="d000.s870.t000" lemma="moraal" pos="NOUN">moraal</instance>
         <wf lemma=":" pos="X">:</wf>
         <wf lemma="ära" pos="X">ära</wf>
         <wf lemma="õpeta" pos="X">õpeta</wf>
         <wf lemma="nii" pos="X">nii</wf>
         <wf lemma="palju" pos="X">palju</wf>
         <wf lemma="." pos="X">.</wf>
         <wf lemma="Mis" pos="X">Mis</wf>
         <wf lemma="on" pos="X">on</wf>
         <wf lemma="selle" pos="X">selle</wf>
         <wf lemma="kolumni" pos="X">kolumni</wf>
         <wf lemma="moraal" pos="X">moraal</wf>
         <wf lemma="?" pos="X">?</wf>
         <wf lemma="." pos="X">.</wf>
         <wf lemma="Ära" pos="X">Ära</wf>
         <wf lemma="hakka" pos="X">hakka</wf>
         <wf lemma="jälle" pos="X">jälle</wf>
         <wf lemma="moraali" pos="X">moraali</wf>
         <wf lemma="lugema" pos="X">lugema</wf>
         <wf lemma="." pos="X">.</wf>
      </sentence>
      <sentence id="d000.s871" source="wordnet-estonian">
         <wf lemma="Hobused" pos="X">Hobused</wf>
         <wf lemma="viidi" pos="X">viidi</wf>
         <instance id="d000.s871.t000" lemma="tall" pos="NOUN">talli</instance>
         <wf lemma="(" pos="X">(</wf>
         <wf lemma="EKSS" pos="X">EKSS</wf>
         <wf lemma=")" pos="X">)</wf>
         <wf lemma="." pos="X">.</wf>
      </sentence>
      <sentence id="d000.s872" source="wordnet-estonian">
         <wf lemma="Jälgis" pos="X">Jälgis</wf>
         <instance id="d000.s872.t000" lemma="kadedus" pos="NOUN">kadedusega</instance>
         <wf lemma="teiste" pos="X">teiste</wf>
         <wf lemma="edusamme" pos="X">edusamme</wf>
         <wf lemma="." pos="X">.</wf>
      </sentence>
      <sentence id="d000.s873" source="wordnet-estonian">
         <instance id="d000.s873.t000" lemma="jõesäng" pos="NOUN">Jõesäng</instance>
         <wf lemma="oli" pos="X">oli</wf>
         <wf lemma="viimse" pos="X">viimse</wf>
         <wf lemma="tilgani" pos="X">tilgani</wf>
         <wf lemma="ära" pos="X">ära</wf>
         <wf lemma="kuivanud" pos="X">kuivanud</wf>
         <wf lemma="." pos="X">.</wf>
      </sentence>
      <sentence id="d000.s874" source="wordnet-estonian">
         <wf lemma="Saksa" pos="X">Saksa</wf>
         <wf lemma="korporatsiooni" pos="X">korporatsiooni</wf>
         <instance id="d000.s874.t000" lemma="rebane" pos="NOUN">rebane</instance>
         <wf lemma="." pos="X">.</wf>
         <wf lemma="Rebaseks" pos="X">Rebaseks</wf>
         <wf lemma="lööma" pos="X">lööma</wf>
         <wf lemma="." pos="X">.</wf>
      </sentence>
      <sentence id="d000.s875" source="wordnet-estonian">
         <wf lemma="Värava" pos="X">Värava</wf>
         <wf lemma="juures" pos="X">juures</wf>
         <wf lemma="seisab" pos="X">seisab</wf>
         <wf lemma="vahisõdur" pos="X">vahisõdur</wf>
         <wf lemma="ja" pos="X">ja</wf>
         <wf lemma="küsib" pos="X">küsib</wf>
         <wf lemma=":" pos="X">:</wf>
         <wf lemma="&quot;" pos="X">&quot;</wf>
         <wf lemma="Parool?" pos="X">Parool?</wf>
         <wf lemma="^" pos="X">^</wf>
         <wf lemma="&quot;" pos="X">&quot;</wf>
         <wf lemma="," pos="X">,</wf>
         <wf lemma="küsib" pos="X">küsib</wf>
         <instance id="d000.s875.t000" lemma="parool" pos="NOUN">parooli</instance>
         <wf lemma="." pos="X">.</wf>
         <wf lemma="Ütlesin" pos="X">Ütlesin</wf>
         <wf lemma="," pos="X">,</wf>
         <wf lemma="laususin" pos="X">laususin</wf>
         <wf lemma="parooli" pos="X">parooli</wf>
         <wf lemma="." pos="X">.</wf>
         <wf lemma="Tulija" pos="X">Tulija</wf>
         <wf lemma="ei" pos="X">ei</wf>
         <wf lemma="teadnud" pos="X">teadnud</wf>
         <wf lemma="parooli" pos="X">parooli</wf>
         <wf lemma="." pos="X">.</wf>
         <wf lemma="Mehed" pos="X">Mehed</wf>
         <wf lemma="vahetasid" pos="X">vahetasid</wf>
         <wf lemma="parooli" pos="X">parooli</wf>
         <wf lemma="ja" pos="X">ja</wf>
         <wf lemma="kadusid" pos="X">kadusid</wf>
         <wf lemma="koos" pos="X">koos</wf>
         <wf lemma="pimedusse" pos="X">pimedusse</wf>
         <wf lemma="." pos="X">.</wf>
         <wf lemma="Mässu" pos="X">Mässu</wf>
         <wf lemma="alustati" pos="X">alustati</wf>
         <wf lemma="parooliga" pos="X">parooliga</wf>
         <wf lemma="&quot;" pos="X">&quot;</wf>
         <wf lemma="Hispaania" pos="X">Hispaania</wf>
         <wf lemma="kohal" pos="X">kohal</wf>
         <wf lemma="pilvitu" pos="X">pilvitu</wf>
         <wf lemma="taevas^" pos="X">taevas^</wf>
         <wf lemma="&quot;" pos="X">&quot;</wf>
         <wf lemma="." pos="X">.</wf>
      </sentence>
      <sentence id="d000.s876" source="wordnet-estonian">
         <wf lemma="Lõpetas" pos="X">Lõpetas</wf>
         <wf lemma="töö" pos="X">töö</wf>
         <instance id="d000.s876.t000" lemma="esimene" pos="ADJ">esimeste</instance>
         <wf lemma="hulgas" pos="X">hulgas</wf>
         <wf lemma="." pos="X">.</wf>
         <wf lemma="Andrese" pos="X">Andrese</wf>
         <wf lemma="esimene" pos="X">esimene</wf>
         <wf lemma="tütar" pos="X">tütar</wf>
         <wf lemma="." pos="X">.</wf>
      </sentence>
      <sentence id="d000.s877" source="wordnet-estonian">
         <wf lemma="Jätkasime" pos="X">Jätkasime</wf>
         <wf lemma="oma" pos="X">oma</wf>
         <wf lemma="teekonda" pos="X">teekonda</wf>
         <wf lemma="samasuguse" pos="X">samasuguse</wf>
         <instance id="d000.s877.t000" lemma="kiirus" pos="NOUN">kiirusega</instance>
         <wf lemma="nagu" pos="X">nagu</wf>
         <wf lemma="seni" pos="X">seni</wf>
         <wf lemma="." pos="X">.</wf>
      </sentence>
      <sentence id="d000.s878" source="wordnet-estonian">
         <wf lemma="Laev" pos="X">Laev</wf>
         <wf lemma="lähenes" pos="X">lähenes</wf>
         <wf lemma="mingile" pos="X">mingile</wf>
         <wf lemma="tundmatule" pos="X">tundmatule</wf>
         <instance id="d000.s878.t000" lemma="rannik" pos="NOUN">rannikule</instance>
         <wf lemma="." pos="X">.</wf>
      </sentence>
      <sentence id="d000.s879" source="wordnet-estonian">
         <wf lemma="Ajalooallikate" pos="X">Ajalooallikate</wf>
         <instance id="d000.s879.t000" lemma="kriitika" pos="NOUN">kriitika</instance>
         <wf lemma="." pos="X">.</wf>
      </sentence>
      <sentence id="d000.s880" source="wordnet-estonian">
         <wf lemma="Praegu" pos="X">Praegu</wf>
         <wf lemma="on" pos="X">on</wf>
         <wf lemma="igal" pos="X">igal</wf>
         <wf lemma="minutil" pos="X">minutil</wf>
         <wf lemma="kulla" pos="X">kulla</wf>
         <instance id="d000.s880.t000" lemma="hind" pos="NOUN">hind</instance>
         <wf lemma="(" pos="X">(</wf>
         <wf lemma="EKSS" pos="X">EKSS</wf>
         <wf lemma=")" pos="X">)</wf>
         <wf lemma="." pos="X">.</wf>
      </sentence>
      <sentence id="d000.s881" source="wordnet-estonian">
         <wf lemma="Kuulipildurite" pos="X">Kuulipildurite</wf>
         <instance id="d000.s881.t000" lemma="pataljon" pos="NOUN">pataljon</instance>
         <wf lemma="." pos="X">.</wf>
      </sentence>
      <sentence id="d000.s882" source="wordnet-estonian">
         <wf lemma="Palusalu" pos="X">Palusalu</wf>
         <wf lemma="," pos="X">,</wf>
         <wf lemma="Kotkas" pos="X">Kotkas</wf>
         <wf lemma="jt." pos="X">jt.</wf>
         <wf lemma="kuulsad" pos="X">kuulsad</wf>
         <wf lemma="eesti" pos="X">eesti</wf>
         <instance id="d000.s882.t000" lemma="maadleja" pos="NOUN">maadlejad</instance>
         <wf lemma="." pos="X">.</wf>
      </sentence>
      <sentence id="d000.s883" source="wordnet-estonian">
         <wf lemma="Algas" pos="X">Algas</wf>
         <wf lemma="ilutulestik" pos="X">ilutulestik</wf>
         <wf lemma=":" pos="X">:</wf>
         <wf lemma="paukudes" pos="X">paukudes</wf>
         <wf lemma="ja" pos="X">ja</wf>
         <wf lemma="vihisedes" pos="X">vihisedes</wf>
         <wf lemma="tõusid" pos="X">tõusid</wf>
         <wf lemma="taevasse" pos="X">taevasse</wf>
         <wf lemma="eredavärvilised" pos="X">eredavärvilised</wf>
         <instance id="d000.s883.t000" lemma="rakett" pos="NOUN">raketid</instance>
         <wf lemma="." pos="X">.</wf>
      </sentence>
      <sentence id="d000.s884" source="wordnet-estonian">
         <wf lemma="Mineraalõlid" pos="X">Mineraalõlid</wf>
         <wf lemma="," pos="X">,</wf>
         <instance id="d000.s884.t000" lemma="petrolaatum" pos="NOUN">petrolaatum</instance>
         <wf lemma="jt" pos="X">jt</wf>
         <wf lemma="on" pos="X">on</wf>
         <wf lemma="kõrvalproduktid" pos="X">kõrvalproduktid</wf>
         <wf lemma="," pos="X">,</wf>
         <wf lemma="mis" pos="X">mis</wf>
         <wf lemma="saadakse" pos="X">saadakse</wf>
         <wf lemma="petrooleumist" pos="X">petrooleumist</wf>
         <wf lemma="bensiini" pos="X">bensiini</wf>
         <wf lemma="valmistamisel" pos="X">valmistamisel</wf>
         <wf lemma="." pos="X">.</wf>
      </sentence>
      <sentence id="d000.s885" source="wordnet-estonian">
         <wf lemma="Kas" pos="X">Kas</wf>
         <wf lemma="te" pos="X">te</wf>
         <wf lemma="sööte" pos="X">sööte</wf>
         <wf lemma="meelsamini" pos="X">meelsamini</wf>
         <instance id="d000.s885.t000" lemma="liha" pos="NOUN">liha</instance>
         <wf lemma="või" pos="X">või</wf>
         <wf lemma="kala" pos="X">kala</wf>
         <wf lemma="?" pos="X">?</wf>
      </sentence>
      <sentence id="d000.s886" source="wordnet-estonian">
         <wf lemma="Direktori" pos="X">Direktori</wf>
         <wf lemma="arvates" pos="X">arvates</wf>
         <wf lemma="tuli" pos="X">tuli</wf>
         <wf lemma="projekti" pos="X">projekti</wf>
         <wf lemma="kallal" pos="X">kallal</wf>
         <wf lemma="veel" pos="X">veel</wf>
         <wf lemma="palju" pos="X">palju</wf>
         <instance id="d000.s886.t000" lemma="töö" pos="NOUN">tööd</instance>
         <wf lemma="teha" pos="X">teha</wf>
         <wf lemma="." pos="X">.</wf>
      </sentence>
      <sentence id="d000.s887" source="wordnet-estonian">
         <instance id="d000.s887.t000" lemma="hüppama" pos="VERB">Hüppasin</instance>
         <wf lemma="ühel" pos="X">ühel</wf>
         <wf lemma="jalal" pos="X">jalal</wf>
         <wf lemma="(" pos="X">(</wf>
         <wf lemma="EKSS" pos="X">EKSS</wf>
         <wf lemma=")" pos="X">)</wf>
         <wf lemma="." pos="X">.</wf>
      </sentence>
      <sentence id="d000.s888" source="wordnet-estonian">
         <wf lemma="Paljud" pos="X">Paljud</wf>
         <wf lemma="tuntud" pos="X">tuntud</wf>
         <wf lemma="inimesed" pos="X">inimesed</wf>
         <wf lemma="kandideerisid" pos="X">kandideerisid</wf>
         <wf lemma="neil" pos="X">neil</wf>
         <instance id="d000.s888.t000" lemma="valimine" pos="NOUN">valimistel</instance>
         <wf lemma="." pos="X">.</wf>
      </sentence>
      <sentence id="d000.s889" source="wordnet-estonian">
         <wf lemma="Seisti" pos="X">Seisti</wf>
         <wf lemma="kobaras" pos="X">kobaras</wf>
         <instance id="d000.s889.t000" lemma="koos" pos="ADV">koos</instance>
         <wf lemma="." pos="X">.</wf>
         <wf lemma="(" pos="X">(</wf>
         <wf lemma="EKSS" pos="X">EKSS</wf>
         <wf lemma=")" pos="X">)</wf>
         <wf lemma="." pos="X">.</wf>
      </sentence>
      <sentence id="d000.s890" source="wordnet-estonian">
         <wf lemma="Tukkuja" pos="X">Tukkuja</wf>
         <instance id="d000.s890.t000" lemma="lõug" pos="NOUN">lõug</instance>
         <wf lemma="vajus" pos="X">vajus</wf>
         <wf lemma="rinnale" pos="X">rinnale</wf>
         <wf lemma="." pos="X">.</wf>
      </sentence>
      <sentence id="d000.s891" source="wordnet-estonian">
         <wf lemma="Uksehoidja" pos="X">Uksehoidja</wf>
         <wf lemma="saatis" pos="X">saatis</wf>
         <wf lemma="külalisi" pos="X">külalisi</wf>
         <instance id="d000.s891.t000" lemma="kummardus" pos="NOUN">kummardustega</instance>
         <wf lemma="ära" pos="X">ära</wf>
         <wf lemma="." pos="X">.</wf>
      </sentence>
      <sentence id="d000.s892" source="wordnet-estonian">
         <wf lemma="Vabastas" pos="X">Vabastas</wf>
         <wf lemma="enda" pos="X">enda</wf>
         <wf lemma="ema" pos="X">ema</wf>
         <wf lemma="kallistus(t)est" pos="X">kallistus(t)est</wf>
         <wf lemma="." pos="X">.</wf>
         <wf lemma="Armastajate" pos="X">Armastajate</wf>
         <instance id="d000.s892.t000" lemma="kallistus" pos="NOUN">kallistused</instance>
         <wf lemma="." pos="X">.</wf>
         <wf lemma="Tüdruk" pos="X">Tüdruk</wf>
         <wf lemma="ei" pos="X">ei</wf>
         <wf lemma="tõrjunud" pos="X">tõrjunud</wf>
         <wf lemma="poisi" pos="X">poisi</wf>
         <wf lemma="kallistusi" pos="X">kallistusi</wf>
         <wf lemma="tagasi" pos="X">tagasi</wf>
         <wf lemma="." pos="X">.</wf>
         <wf lemma="*" pos="X">*</wf>
         <wf lemma="..ei" pos="X">..ei</wf>
         <wf lemma="hellitatud" pos="X">hellitatud</wf>
         <wf lemma="lapsi" pos="X">lapsi</wf>
         <wf lemma="," pos="X">,</wf>
         <wf lemma="ei" pos="X">ei</wf>
         <wf lemma="külvatud" pos="X">külvatud</wf>
         <wf lemma="neid" pos="X">neid</wf>
         <wf lemma="üle" pos="X">üle</wf>
         <wf lemma="kallistustega" pos="X">kallistustega</wf>
         <wf lemma="ega" pos="X">ega</wf>
         <wf lemma="õrnustega" pos="X">õrnustega</wf>
         <wf lemma="." pos="X">.</wf>
         <wf lemma="." pos="X">.</wf>
         <wf lemma="(" pos="X">(</wf>
         <wf lemma="Autor" pos="X">Autor</wf>
         <wf lemma=":" pos="X">:</wf>
         <wf lemma="O." pos="X">O.</wf>
         <wf lemma="Tooming." pos="X">Tooming.</wf>
         <wf lemma=")" pos="X">)</wf>
         <wf lemma="." pos="X">.</wf>
      </sentence>
      <sentence id="d000.s893" source="wordnet-estonian">
         <wf lemma="Teda" pos="X">Teda</wf>
         <wf lemma="filmiti" pos="X">filmiti</wf>
         <wf lemma="otsevaates" pos="X">otsevaates</wf>
         <wf lemma="ja" pos="X">ja</wf>
         <instance id="d000.s893.t000" lemma="profiil" pos="NOUN">profiilis</instance>
         <wf lemma="." pos="X">.</wf>
      </sentence>
      <sentence id="d000.s894" source="wordnet-estonian">
         <wf lemma="Elektromagnetiline" pos="X">Elektromagnetiline</wf>
         <wf lemma="," pos="X">,</wf>
         <wf lemma="magnetiline" pos="X">magnetiline</wf>
         <wf lemma="," pos="X">,</wf>
         <wf lemma="vastastikune" pos="X">vastastikune</wf>
         <instance id="d000.s894.t000" lemma="induktsioon" pos="NOUN">induktsioon</instance>
         <wf lemma="." pos="X">.</wf>
         <wf lemma="(" pos="X">(</wf>
         <wf lemma="EKSS" pos="X">EKSS</wf>
         <wf lemma=")" pos="X">)</wf>
         <wf lemma="." pos="X">.</wf>
      </sentence>
      <sentence id="d000.s895" source="wordnet-estonian">
         <wf lemma="Õpetaja" pos="X">Õpetaja</wf>
         <wf lemma="tunneb" pos="X">tunneb</wf>
         <wf lemma="rõõmu" pos="X">rõõmu</wf>
         <wf lemma="õpilaste" pos="X">õpilaste</wf>
         <instance id="d000.s895.t000" lemma="püüdlikkus" pos="NOUN">püüdlikkuse</instance>
         <wf lemma="üle" pos="X">üle</wf>
         <wf lemma="." pos="X">.</wf>
         <wf lemma="Tegi" pos="X">Tegi</wf>
         <wf lemma="tööd" pos="X">tööd</wf>
         <wf lemma="suure" pos="X">suure</wf>
         <wf lemma="püüdlikkusega" pos="X">püüdlikkusega</wf>
         <wf lemma="." pos="X">.</wf>
      </sentence>
      <sentence id="d000.s896" source="wordnet-estonian">
         <wf lemma="Aatom" pos="X">Aatom</wf>
         <wf lemma="on" pos="X">on</wf>
         <instance id="d000.s896.t000" lemma="aine" pos="NOUN">aine</instance>
         <wf lemma="väikseim" pos="X">väikseim</wf>
         <wf lemma="lahutamatu" pos="X">lahutamatu</wf>
         <wf lemma="osake" pos="X">osake</wf>
         <wf lemma="." pos="X">.</wf>
      </sentence>
      <sentence id="d000.s897" source="wordnet-estonian">
         <wf lemma="Professor" pos="X">Professor</wf>
         <instance id="d000.s897.t000" lemma="naasma" pos="VERB">naasis</instance>
         <wf lemma="puhkuselt" pos="X">puhkuselt</wf>
         <wf lemma="," pos="X">,</wf>
         <wf lemma="ekspeditsioonilt" pos="X">ekspeditsioonilt</wf>
         <wf lemma="." pos="X">.</wf>
      </sentence>
      <sentence id="d000.s898" source="wordnet-estonian">
         <wf lemma="Olen" pos="X">Olen</wf>
         <instance id="d000.s898.t000" lemma="täna" pos="ADV">täna</instance>
         <wf lemma="kodus" pos="X">kodus</wf>
         <wf lemma="ja" pos="X">ja</wf>
         <wf lemma="õpin" pos="X">õpin</wf>
         <wf lemma="." pos="X">.</wf>
      </sentence>
      <sentence id="d000.s899" source="wordnet-estonian">
         <instance id="d000.s899.t000" lemma="oskama" pos="VERB">Oskab</instance>
         <wf lemma="usaldust" pos="X">usaldust</wf>
         <wf lemma="võita" pos="X">võita</wf>
         <wf lemma="," pos="X">,</wf>
         <wf lemma="end" pos="X">end</wf>
         <wf lemma="soodsas" pos="X">soodsas</wf>
         <wf lemma="valguses" pos="X">valguses</wf>
         <wf lemma="näidata" pos="X">näidata</wf>
         <wf lemma="." pos="X">.</wf>
      </sentence>
      <sentence id="d000.s900" source="wordnet-estonian">
         <wf lemma="Mis" pos="X">Mis</wf>
         <wf lemma="võis" pos="X">võis</wf>
         <wf lemma="talle" pos="X">talle</wf>
         <wf lemma="selliseks" pos="X">selliseks</wf>
         <wf lemma="sammuks" pos="X">sammuks</wf>
         <wf lemma="tõuke" pos="X">tõuke</wf>
         <instance id="d000.s900.t000" lemma="andma" pos="VERB">anda</instance>
         <wf lemma="?" pos="X">?</wf>
         <wf lemma="Kordaminekud" pos="X">Kordaminekud</wf>
         <wf lemma="annavad" pos="X">annavad</wf>
         <wf lemma="lootust" pos="X">lootust</wf>
         <wf lemma="," pos="X">,</wf>
         <wf lemma="julgust" pos="X">julgust</wf>
         <wf lemma="," pos="X">,</wf>
         <wf lemma="uut" pos="X">uut</wf>
         <wf lemma="jõudu" pos="X">jõudu</wf>
         <wf lemma="," pos="X">,</wf>
         <wf lemma="enesekindlust" pos="X">enesekindlust</wf>
         <wf lemma="." pos="X">.</wf>
      </sentence>
      <sentence id="d000.s901" source="wordnet-estonian">
         <wf lemma="Kolme" pos="X">Kolme</wf>
         <wf lemma="esimese" pos="X">esimese</wf>
         <wf lemma="eluaasta" pos="X">eluaasta</wf>
         <wf lemma="jooksul" pos="X">jooksul</wf>
         <wf lemma="tekivad" pos="X">tekivad</wf>
         <wf lemma="lapsel" pos="X">lapsel</wf>
         <wf lemma="positiivsed" pos="X">positiivsed</wf>
         <wf lemma="ja" pos="X">ja</wf>
         <wf lemma="negatiivsed" pos="X">negatiivsed</wf>
         <instance id="d000.s901.t000" lemma="emotsioon" pos="NOUN">emotsioonid</instance>
         <wf lemma="." pos="X">.</wf>
      </sentence>
      <sentence id="d000.s902" source="wordnet-estonian">
         <wf lemma="Ametiühingu" pos="X">Ametiühingu</wf>
         <instance id="d000.s902.t000" lemma="kongress" pos="NOUN">kongress</instance>
         <wf lemma="(" pos="X">(</wf>
         <wf lemma="EKSS" pos="X">EKSS</wf>
         <wf lemma=")" pos="X">)</wf>
         <wf lemma="." pos="X">.</wf>
      </sentence>
      <sentence id="d000.s903" source="wordnet-estonian">
         <wf lemma="Lavastuses" pos="X">Lavastuses</wf>
         <wf lemma="jäädi" pos="X">jäädi</wf>
         <wf lemma="autori" pos="X">autori</wf>
         <wf lemma="viimase" pos="X">viimase</wf>
         <instance id="d000.s903.t000" lemma="redaktsioon" pos="NOUN">redaktsiooni</instance>
         <wf lemma="juurde" pos="X">juurde</wf>
         <wf lemma="." pos="X">.</wf>
      </sentence>
      <sentence id="d000.s904" source="wordnet-estonian">
         <wf lemma="Rong" pos="X">Rong</wf>
         <instance id="d000.s904.t000" lemma="saabuma" pos="VERB">saabus</instance>
         <wf lemma="täpselt" pos="X">täpselt</wf>
         <wf lemma="kell" pos="X">kell</wf>
         <wf lemma="kümme" pos="X">kümme</wf>
         <wf lemma="." pos="X">.</wf>
      </sentence>
      <sentence id="d000.s905" source="wordnet-estonian">
         <wf lemma="Harilikult" pos="X">Harilikult</wf>
         <wf lemma="sööb" pos="X">sööb</wf>
         <instance id="d000.s905.t000" lemma="sebra" pos="NOUN">sebra</instance>
         <wf lemma="rohtu" pos="X">rohtu</wf>
         <wf lemma="," pos="X">,</wf>
         <wf lemma="mõnikord" pos="X">mõnikord</wf>
         <wf lemma="puulehti" pos="X">puulehti</wf>
         <wf lemma="ja" pos="X">ja</wf>
         <wf lemma="-koort" pos="X">-koort</wf>
         <wf lemma="." pos="X">.</wf>
      </sentence>
      <sentence id="d000.s906" source="wordnet-estonian">
         <wf lemma="Laste" pos="X">Laste</wf>
         <wf lemma="heaks" pos="X">heaks</wf>
         <instance id="d000.s906.t000" lemma="ohverdama" pos="VERB">ohverdas</instance>
         <wf lemma="ta" pos="X">ta</wf>
         <wf lemma="kõik" pos="X">kõik</wf>
         <wf lemma="," pos="X">,</wf>
         <wf lemma="mis" pos="X">mis</wf>
         <wf lemma="tal" pos="X">tal</wf>
         <wf lemma="oli" pos="X">oli</wf>
         <wf lemma="." pos="X">.</wf>
      </sentence>
      <sentence id="d000.s907" source="wordnet-estonian">
         <wf lemma="Luuletajana" pos="X">Luuletajana</wf>
         <wf lemma="on" pos="X">on</wf>
         <wf lemma="ta" pos="X">ta</wf>
         <wf lemma="alles" pos="X">alles</wf>
         <instance id="d000.s907.t000" lemma="algaja" pos="NOUN">algaja</instance>
         <wf lemma="." pos="X">.</wf>
      </sentence>
      <sentence id="d000.s908" source="wordnet-estonian">
         <instance id="d000.s908.t000" lemma="nihutama" pos="VERB">Nihutame</instance>
         <wf lemma="lauad" pos="X">lauad</wf>
         <wf lemma="kokku" pos="X">kokku</wf>
         <wf lemma="ja" pos="X">ja</wf>
         <wf lemma="tõstame" pos="X">tõstame</wf>
         <wf lemma="toolid" pos="X">toolid</wf>
         <wf lemma="nurka" pos="X">nurka</wf>
         <wf lemma="." pos="X">.</wf>
      </sentence>
      <sentence id="d000.s909" source="wordnet-estonian">
         <wf lemma="Müra" pos="X">Müra</wf>
         <instance id="d000.s909.t000" lemma="loomulikult" pos="ADV">loomulikult</instance>
         <wf lemma="häirib" pos="X">häirib</wf>
         <wf lemma="inimesi" pos="X">inimesi</wf>
         <wf lemma="." pos="X">.</wf>
      </sentence>
      <sentence id="d000.s910" source="wordnet-estonian">
         <wf lemma="Tunnist" pos="X">Tunnist</wf>
         <wf lemma="võib" pos="X">võib</wf>
         <wf lemma="lahkuda" pos="X">lahkuda</wf>
         <wf lemma="ainult" pos="X">ainult</wf>
         <wf lemma="õpetaja" pos="X">õpetaja</wf>
         <instance id="d000.s910.t000" lemma="luba" pos="NOUN">loal</instance>
         <wf lemma="." pos="X">.</wf>
      </sentence>
      <sentence id="d000.s911" source="wordnet-estonian">
         <wf lemma="Botaanikaaia" pos="X">Botaanikaaia</wf>
         <wf lemma="kasvuhoone" pos="X">kasvuhoone</wf>
         <wf lemma="sisaldab" pos="X">sisaldab</wf>
         <wf lemma="500" pos="X">500</wf>
         <wf lemma="erinevat" pos="X">erinevat</wf>
         <instance id="d000.s911.t000" lemma="takson" pos="NOUN">taksonit</instance>
         <wf lemma="." pos="X">.</wf>
         <wf lemma="Siit" pos="X">Siit</wf>
         <wf lemma="lahest" pos="X">lahest</wf>
         <wf lemma="on" pos="X">on</wf>
         <wf lemma="leitud" pos="X">leitud</wf>
         <wf lemma="paarkümmend" pos="X">paarkümmend</wf>
         <wf lemma="zooplanktoni" pos="X">zooplanktoni</wf>
         <wf lemma="taksonit" pos="X">taksonit</wf>
         <wf lemma="." pos="X">.</wf>
      </sentence>
      <sentence id="d000.s912" source="wordnet-estonian">
         <wf lemma="Kui" pos="X">Kui</wf>
         <wf lemma="tema" pos="X">tema</wf>
         <wf lemma="on" pos="X">on</wf>
         <instance id="d000.s912.t000" lemma="õnnelik" pos="ADJ">õnnelik</instance>
         <wf lemma="," pos="X">,</wf>
         <wf lemma="siis" pos="X">siis</wf>
         <wf lemma="olen" pos="X">olen</wf>
         <wf lemma="seda" pos="X">seda</wf>
         <wf lemma="ka" pos="X">ka</wf>
         <wf lemma="mina" pos="X">mina</wf>
         <wf lemma="." pos="X">.</wf>
         <wf lemma="Ta" pos="X">Ta</wf>
         <wf lemma="sai" pos="X">sai</wf>
         <wf lemma="selle" pos="X">selle</wf>
         <wf lemma="abieluga" pos="X">abieluga</wf>
         <wf lemma="küll" pos="X">küll</wf>
         <wf lemma="jõukaks" pos="X">jõukaks</wf>
         <wf lemma="," pos="X">,</wf>
         <wf lemma="aga" pos="X">aga</wf>
         <wf lemma="mitte" pos="X">mitte</wf>
         <wf lemma="õnnelikuks" pos="X">õnnelikuks</wf>
         <wf lemma="." pos="X">.</wf>
         <wf lemma="Kui" pos="X">Kui</wf>
         <wf lemma="vähe" pos="X">vähe</wf>
         <wf lemma="on" pos="X">on</wf>
         <wf lemma="tarvis" pos="X">tarvis</wf>
         <wf lemma="selleks" pos="X">selleks</wf>
         <wf lemma="," pos="X">,</wf>
         <wf lemma="et" pos="X">et</wf>
         <wf lemma="teist" pos="X">teist</wf>
         <wf lemma="õnnelikuks" pos="X">õnnelikuks</wf>
         <wf lemma="teha" pos="X">teha</wf>
         <wf lemma="!" pos="X">!</wf>
      </sentence>
      <sentence id="d000.s913" source="wordnet-estonian">
         <wf lemma="Läänemere" pos="X">Läänemere</wf>
         <wf lemma="suurimad" pos="X">suurimad</wf>
         <instance id="d000.s913.t000" lemma="sadam" pos="NOUN">sadamad</instance>
         <wf lemma="." pos="X">.</wf>
         <wf lemma="Jõe" pos="X">Jõe</wf>
         <wf lemma="suudmes" pos="X">suudmes</wf>
         <wf lemma="olev" pos="X">olev</wf>
         <wf lemma="sadam" pos="X">sadam</wf>
         <wf lemma="." pos="X">.</wf>
      </sentence>
      <sentence id="d000.s914" source="wordnet-estonian">
         <wf lemma="Vaatamata" pos="X">Vaatamata</wf>
         <wf lemma="oma" pos="X">oma</wf>
         <wf lemma="kõrgele" pos="X">kõrgele</wf>
         <instance id="d000.s914.t000" lemma="iga" pos="NOUN">eale</instance>
         <wf lemma="loeb" pos="X">loeb</wf>
         <wf lemma="ta" pos="X">ta</wf>
         <wf lemma="ilma" pos="X">ilma</wf>
         <wf lemma="prillideta" pos="X">prillideta</wf>
         <wf lemma="." pos="X">.</wf>
      </sentence>
      <sentence id="d000.s915" source="wordnet-estonian">
         <wf lemma="Taotleb" pos="X">Taotleb</wf>
         <wf lemma="Vene" pos="X">Vene</wf>
         <wf lemma="," pos="X">,</wf>
         <wf lemma="Venemaa" pos="X">Venemaa</wf>
         <instance id="d000.s915.t000" lemma="viisa" pos="NOUN">viisat</instance>
         <wf lemma="." pos="X">.</wf>
         <wf lemma="Viisat" pos="X">Viisat</wf>
         <wf lemma="hankima" pos="X">hankima</wf>
         <wf lemma="," pos="X">,</wf>
         <wf lemma="pikendama" pos="X">pikendama</wf>
         <wf lemma="." pos="X">.</wf>
         <wf lemma="Viisat" pos="X">Viisat</wf>
         <wf lemma="vormistama" pos="X">vormistama</wf>
         <wf lemma="," pos="X">,</wf>
         <wf lemma="väljastama" pos="X">väljastama</wf>
         <wf lemma="," pos="X">,</wf>
         <wf lemma="tühistama" pos="X">tühistama</wf>
         <wf lemma="." pos="X">.</wf>
         <wf lemma="Ootab" pos="X">Ootab</wf>
         <wf lemma="viisat" pos="X">viisat</wf>
         <wf lemma="." pos="X">.</wf>
         <wf lemma="(" pos="X">(</wf>
         <wf lemma="EKSS" pos="X">EKSS</wf>
         <wf lemma=")" pos="X">)</wf>
         <wf lemma="." pos="X">.</wf>
      </sentence>
      <sentence id="d000.s916" source="wordnet-estonian">
         <wf lemma="Kaev" pos="X">Kaev</wf>
         <wf lemma="on" pos="X">on</wf>
         <wf lemma="liiga" pos="X">liiga</wf>
         <instance id="d000.s916.t000" lemma="sügav" pos="ADJ">sügav</instance>
         <wf lemma="-" pos="X">-</wf>
         <wf lemma="ei" pos="X">ei</wf>
         <wf lemma="saa" pos="X">saa</wf>
         <wf lemma="vett" pos="X">vett</wf>
         <wf lemma="kätte" pos="X">kätte</wf>
         <wf lemma="!" pos="X">!</wf>
      </sentence>
      <sentence id="d000.s917" source="wordnet-estonian">
         <wf lemma="Et" pos="X">Et</wf>
         <wf lemma="kokkuleppele" pos="X">kokkuleppele</wf>
         <wf lemma="ei" pos="X">ei</wf>
         <wf lemma="jõutud" pos="X">jõutud</wf>
         <wf lemma="," pos="X">,</wf>
         <wf lemma="tuli" pos="X">tuli</wf>
         <instance id="d000.s917.t000" lemma="hääletama" pos="VERB">hääletada</instance>
         <wf lemma="." pos="X">.</wf>
      </sentence>
      <sentence id="d000.s918" source="wordnet-estonian">
         <wf lemma="Minister" pos="X">Minister</wf>
         <wf lemma="andis" pos="X">andis</wf>
         <wf lemma="ajakirjanikele" pos="X">ajakirjanikele</wf>
         <instance id="d000.s918.t000" lemma="intervjuu" pos="NOUN">intervjuu</instance>
         <wf lemma="." pos="X">.</wf>
      </sentence>
      <sentence id="d000.s919" source="wordnet-estonian">
         <wf lemma="Jääl" pos="X">Jääl</wf>
         <wf lemma="on" pos="X">on</wf>
         <wf lemma="paks" pos="X">paks</wf>
         <wf lemma="lumikate" pos="X">lumikate</wf>
         <instance id="d000.s919.t000" lemma="peal" pos="ADV">peal</instance>
         <wf lemma="." pos="X">.</wf>
         <wf lemma="(" pos="X">(</wf>
         <wf lemma="EKSS" pos="X">EKSS</wf>
         <wf lemma=")" pos="X">)</wf>
         <wf lemma="." pos="X">.</wf>
      </sentence>
      <sentence id="d000.s920" source="wordnet-estonian">
         <instance id="d000.s920.t000" lemma="rohi" pos="NOUN">Rohi</instance>
         <wf lemma="kipub" pos="X">kipub</wf>
         <wf lemma="porganditaimi" pos="X">porganditaimi</wf>
         <wf lemma="lämmatama" pos="X">lämmatama</wf>
         <wf lemma="." pos="X">.</wf>
         <wf lemma="Rohtu" pos="X">Rohtu</wf>
         <wf lemma="täis" pos="X">täis</wf>
         <wf lemma="vili" pos="X">vili</wf>
         <wf lemma="." pos="X">.</wf>
         <wf lemma="Kartulis" pos="X">Kartulis</wf>
         <wf lemma="," pos="X">,</wf>
         <wf lemma="odras" pos="X">odras</wf>
         <wf lemma="oli" pos="X">oli</wf>
         <wf lemma="palju" pos="X">palju</wf>
         <wf lemma="rohtu" pos="X">rohtu</wf>
         <wf lemma="." pos="X">.</wf>
         <wf lemma="Peenrad" pos="X">Peenrad</wf>
         <wf lemma="on" pos="X">on</wf>
         <wf lemma="rohtu" pos="X">rohtu</wf>
         <wf lemma="läinud" pos="X">läinud</wf>
         <wf lemma="." pos="X">.</wf>
      </sentence>
      <sentence id="d000.s921" source="wordnet-estonian">
         <instance id="d000.s921.t000" lemma="prokurör" pos="NOUN">Prokurör</instance>
         <wf lemma="nõuab" pos="X">nõuab</wf>
         <wf lemma="karmimat" pos="X">karmimat</wf>
         <wf lemma="karistust" pos="X">karistust</wf>
         <wf lemma="." pos="X">.</wf>
      </sentence>
      <sentence id="d000.s922" source="wordnet-estonian">
         <wf lemma="Tule" pos="X">Tule</wf>
         <instance id="d000.s922.t000" lemma="nüüd" pos="ADV">nüüd</instance>
         <wf lemma="!" pos="X">!</wf>
      </sentence>
      <sentence id="d000.s923" source="wordnet-estonian">
         <wf lemma="Silma" pos="X">Silma</wf>
         <instance id="d000.s923.t000" lemma="skrofuloos" pos="NOUN">skrofuloos</instance>
         <wf lemma="." pos="X">.</wf>
      </sentence>
      <sentence id="d000.s924" source="wordnet-estonian">
         <wf lemma="Toon" pos="X">Toon</wf>
         <instance id="d000.s924.t000" lemma="tagasi" pos="ADV">tagasi</instance>
         <wf lemma="." pos="X">.</wf>
      </sentence>
      <sentence id="d000.s925" source="wordnet-estonian">
         <wf lemma="Püüab" pos="X">Püüab</wf>
         <wf lemma="raskeid" pos="X">raskeid</wf>
         <wf lemma="aegu" pos="X">aegu</wf>
         <instance id="d000.s925.t000" lemma="unustama" pos="VERB">unustada</instance>
         <wf lemma="." pos="X">.</wf>
      </sentence>
      <sentence id="d000.s926" source="wordnet-estonian">
         <instance id="d000.s926.t000" lemma="sulgema" pos="VERB">Sulges</instance>
         <wf lemma="poe" pos="X">poe</wf>
         <wf lemma="juba" pos="X">juba</wf>
         <wf lemma="õhtul" pos="X">õhtul</wf>
         <wf lemma="kell" pos="X">kell</wf>
         <wf lemma="kuus" pos="X">kuus</wf>
         <wf lemma="." pos="X">.</wf>
      </sentence>
      <sentence id="d000.s927" source="wordnet-estonian">
         <wf lemma="Kitsaste" pos="X">Kitsaste</wf>
         <wf lemma="tänavate" pos="X">tänavate</wf>
         <wf lemma="ning" pos="X">ning</wf>
         <wf lemma="vanade" pos="X">vanade</wf>
         <wf lemma="puumajakestega" pos="X">puumajakestega</wf>
         <instance id="d000.s927.t000" lemma="agu" pos="NOUN">agul</instance>
         <wf lemma="linnaservas" pos="X">linnaservas</wf>
         <wf lemma="." pos="X">.</wf>
      </sentence>
      <sentence id="d000.s928" source="wordnet-estonian">
         <wf lemma="." pos="X">.</wf>
         <wf lemma="." pos="X">.</wf>
         <wf lemma="kuninganna" pos="X">kuninganna</wf>
         <wf lemma="tahab" pos="X">tahab</wf>
         <wf lemma="ja" pos="X">ja</wf>
         <wf lemma="käseb" pos="X">käseb</wf>
         <wf lemma="," pos="X">,</wf>
         <instance id="d000.s928.t000" lemma="narr" pos="NOUN">narr</instance>
         <wf lemma="teeb" pos="X">teeb</wf>
         <wf lemma="ja" pos="X">ja</wf>
         <wf lemma="vastutab" pos="X">vastutab</wf>
         <wf lemma="." pos="X">.</wf>
         <wf lemma="(" pos="X">(</wf>
         <wf lemma="Autor" pos="X">Autor</wf>
         <wf lemma=":" pos="X">:</wf>
         <wf lemma="A." pos="X">A.</wf>
         <wf lemma="H." pos="X">H.</wf>
         <wf lemma="Tammsaare" pos="X">Tammsaare</wf>
         <wf lemma="." pos="X">.</wf>
         <wf lemma=")" pos="X">)</wf>
         <wf lemma="." pos="X">.</wf>
      </sentence>
      <sentence id="d000.s929" source="wordnet-estonian">
         <wf lemma="Külastasime" pos="X">Külastasime</wf>
         <wf lemma="vene" pos="X">vene</wf>
         <wf lemma="õigeusu" pos="X">õigeusu</wf>
         <instance id="d000.s929.t000" lemma="klooster" pos="NOUN">kloostrit</instance>
         <wf lemma="." pos="X">.</wf>
      </sentence>
      <sentence id="d000.s930" source="wordnet-estonian">
         <wf lemma="Tuntud" pos="X">Tuntud</wf>
         <wf lemma="," pos="X">,</wf>
         <wf lemma="tugev" pos="X">tugev</wf>
         <instance id="d000.s930.t000" lemma="maletaja" pos="NOUN">maletaja</instance>
         <wf lemma="." pos="X">.</wf>
         <wf lemma="I" pos="X">I</wf>
         <wf lemma="," pos="X">,</wf>
         <wf lemma="II" pos="X">II</wf>
         <wf lemma="järgu" pos="X">järgu</wf>
         <wf lemma="maletaja" pos="X">maletaja</wf>
         <wf lemma="." pos="X">.</wf>
      </sentence>
      <sentence id="d000.s931" source="wordnet-estonian">
         <wf lemma="Meteoroloogiline" pos="X">Meteoroloogiline</wf>
         <instance id="d000.s931.t000" lemma="sputnik" pos="NOUN">sputnik</instance>
         <wf lemma="uurib" pos="X">uurib</wf>
         <wf lemma="atmosfääri" pos="X">atmosfääri</wf>
         <wf lemma="kõrgemaid" pos="X">kõrgemaid</wf>
         <wf lemma="kihte" pos="X">kihte</wf>
         <wf lemma="(" pos="X">(</wf>
         <wf lemma="EKSS" pos="X">EKSS</wf>
         <wf lemma=")" pos="X">)</wf>
         <wf lemma="." pos="X">.</wf>
      </sentence>
      <sentence id="d000.s932" source="wordnet-estonian">
         <wf lemma="Vaimne" pos="X">Vaimne</wf>
         <instance id="d000.s932.t000" lemma="eliit" pos="NOUN">eliit</instance>
         <wf lemma="." pos="X">.</wf>
      </sentence>
      <sentence id="d000.s933" source="wordnet-estonian">
         <wf lemma="Lasksin" pos="X">Lasksin</wf>
         <wf lemma="raha" pos="X">raha</wf>
         <wf lemma="joogiautomaadi" pos="X">joogiautomaadi</wf>
         <instance id="d000.s933.t000" lemma="ava" pos="NOUN">avasse</instance>
         <wf lemma="." pos="X">.</wf>
      </sentence>
      <sentence id="d000.s934" source="wordnet-estonian">
         <wf lemma="Tal" pos="X">Tal</wf>
         <wf lemma="on" pos="X">on</wf>
         <wf lemma="piima" pos="X">piima</wf>
         <wf lemma="suhtes" pos="X">suhtes</wf>
         <instance id="d000.s934.t000" lemma="allergia" pos="NOUN">allergia</instance>
         <wf lemma="." pos="X">.</wf>
      </sentence>
      <sentence id="d000.s935" source="wordnet-estonian">
         <wf lemma="Rasked" pos="X">Rasked</wf>
         <wf lemma="psüühilised" pos="X">psüühilised</wf>
         <wf lemma="elamused" pos="X">elamused</wf>
         <wf lemma="tingivad" pos="X">tingivad</wf>
         <instance id="d000.s935.t000" lemma="neuroos" pos="NOUN">neuroose</instance>
         <wf lemma="." pos="X">.</wf>
      </sentence>
      <sentence id="d000.s936" source="wordnet-estonian">
         <wf lemma="Vanemate" pos="X">Vanemate</wf>
         <instance id="d000.s936.t000" lemma="patt" pos="NOUN">patud</instance>
         <wf lemma="nuheldakse" pos="X">nuheldakse</wf>
         <wf lemma="laste" pos="X">laste</wf>
         <wf lemma="kätte" pos="X">kätte</wf>
         <wf lemma="." pos="X">.</wf>
      </sentence>
      <sentence id="d000.s937" source="wordnet-estonian">
         <wf lemma="Astume" pos="X">Astume</wf>
         <wf lemma="poodi" pos="X">poodi</wf>
         <wf lemma="sisse" pos="X">sisse</wf>
         <wf lemma="," pos="X">,</wf>
         <wf lemma="vaatame" pos="X">vaatame</wf>
         <wf lemma="," pos="X">,</wf>
         <wf lemma="mida" pos="X">mida</wf>
         <wf lemma="siin" pos="X">siin</wf>
         <instance id="d000.s937.t000" lemma="müüma" pos="VERB">müüakse</instance>
         <wf lemma="." pos="X">.</wf>
      </sentence>
      <sentence id="d000.s938" source="wordnet-estonian">
         <wf lemma="Pange" pos="X">Pange</wf>
         <wf lemma="põhja" pos="X">põhja</wf>
         <wf lemma="oli" pos="X">oli</wf>
         <wf lemma="jäänud" pos="X">jäänud</wf>
         <wf lemma="vihmaveest" pos="X">vihmaveest</wf>
         <instance id="d000.s938.t000" lemma="sete" pos="NOUN">sete</instance>
         <wf lemma="." pos="X">.</wf>
      </sentence>
      <sentence id="d000.s939" source="wordnet-estonian">
         <wf lemma="Näitusel" pos="X">Näitusel</wf>
         <wf lemma="eksponeeriti" pos="X">eksponeeriti</wf>
         <wf lemma="maalikunsti" pos="X">maalikunsti</wf>
         <wf lemma="," pos="X">,</wf>
         <wf lemma="graafikat" pos="X">graafikat</wf>
         <wf lemma="ja" pos="X">ja</wf>
         <instance id="d000.s939.t000" lemma="skulptuur" pos="NOUN">skulptuuri</instance>
         <wf lemma="(" pos="X">(</wf>
         <wf lemma="EKSS" pos="X">EKSS</wf>
         <wf lemma=")" pos="X">)</wf>
         <wf lemma="." pos="X">.</wf>
      </sentence>
      <sentence id="d000.s940" source="wordnet-estonian">
         <instance id="d000.s940.t000" lemma="kannibalism" pos="NOUN">Kannibalism</instance>
         <wf lemma="oli" pos="X">oli</wf>
         <wf lemma="levinud" pos="X">levinud</wf>
         <wf lemma="loodusrahvaste" pos="X">loodusrahvaste</wf>
         <wf lemma="hulgas" pos="X">hulgas</wf>
         <wf lemma="." pos="X">.</wf>
      </sentence>
      <sentence id="d000.s941" source="wordnet-estonian">
         <wf lemma="Meloodia" pos="X">Meloodia</wf>
         <instance id="d000.s941.t000" lemma="unisoon" pos="NOUN">unisoon</instance>
         <wf lemma="mõjub" pos="X">mõjub</wf>
         <wf lemma="teoses" pos="X">teoses</wf>
         <wf lemma="tihti" pos="X">tihti</wf>
         <wf lemma="üsna" pos="X">üsna</wf>
         <wf lemma="ekspressiivselt" pos="X">ekspressiivselt</wf>
         <wf lemma="." pos="X">.</wf>
      </sentence>
      <sentence id="d000.s942" source="wordnet-estonian">
         <wf lemma="Kõrbetaimed" pos="X">Kõrbetaimed</wf>
         <wf lemma="on" pos="X">on</wf>
         <instance id="d000.s942.t000" lemma="keskkond" pos="NOUN">keskkonnaga</instance>
         <wf lemma="hästi" pos="X">hästi</wf>
         <wf lemma="kohanenud" pos="X">kohanenud</wf>
         <wf lemma="(" pos="X">(</wf>
         <wf lemma="EKSS" pos="X">EKSS</wf>
         <wf lemma=")" pos="X">)</wf>
         <wf lemma="." pos="X">.</wf>
      </sentence>
      <sentence id="d000.s943" source="wordnet-estonian">
         <wf lemma="Seiklusjutu" pos="X">Seiklusjutu</wf>
         <instance id="d000.s943.t000" lemma="paroodia" pos="NOUN">paroodia</instance>
         <wf lemma="." pos="X">.</wf>
         <wf lemma="Humoristlik" pos="X">Humoristlik</wf>
         <wf lemma="," pos="X">,</wf>
         <wf lemma="salvav" pos="X">salvav</wf>
         <wf lemma="paroodia" pos="X">paroodia</wf>
         <wf lemma="." pos="X">.</wf>
         <wf lemma="Päevakajaline" pos="X">Päevakajaline</wf>
         <wf lemma="," pos="X">,</wf>
         <wf lemma="sotsiaalne" pos="X">sotsiaalne</wf>
         <wf lemma="paroodia" pos="X">paroodia</wf>
         <wf lemma="." pos="X">.</wf>
         <wf lemma="Vilde" pos="X">Vilde</wf>
         <wf lemma="sarkastiline" pos="X">sarkastiline</wf>
         <wf lemma="paroodia" pos="X">paroodia</wf>
         <wf lemma="&quot;" pos="X">&quot;</wf>
         <wf lemma="Tokerjad^" pos="X">Tokerjad^</wf>
         <wf lemma="&quot;" pos="X">&quot;</wf>
         <wf lemma="." pos="X">.</wf>
         <wf lemma="Palvete" pos="X">Palvete</wf>
         <wf lemma="rahvalikud" pos="X">rahvalikud</wf>
         <wf lemma="paroodiad" pos="X">paroodiad</wf>
         <wf lemma="." pos="X">.</wf>
         <wf lemma="Populaarse" pos="X">Populaarse</wf>
         <wf lemma="laulu" pos="X">laulu</wf>
         <wf lemma="paroodia" pos="X">paroodia</wf>
         <wf lemma="." pos="X">.</wf>
      </sentence>
      <sentence id="d000.s944" source="wordnet-estonian">
         <wf lemma="Ta" pos="X">Ta</wf>
         <wf lemma="on" pos="X">on</wf>
         <wf lemma="suurepärane" pos="X">suurepärane</wf>
         <wf lemma="," pos="X">,</wf>
         <wf lemma="võimekas" pos="X">võimekas</wf>
         <instance id="d000.s944.t000" lemma="ujuja" pos="NOUN">ujuja</instance>
         <wf lemma="." pos="X">.</wf>
      </sentence>
      <sentence id="d000.s945" source="wordnet-estonian">
         <wf lemma="Lakk" pos="X">Lakk</wf>
         <wf lemma="kantakse" pos="X">kantakse</wf>
         <wf lemma="mööblile" pos="X">mööblile</wf>
         <instance id="d000.s945.t000" lemma="pihusti" pos="NOUN">pihusti</instance>
         <wf lemma="abil" pos="X">abil</wf>
         <wf lemma="." pos="X">.</wf>
      </sentence>
      <sentence id="d000.s946" source="wordnet-estonian">
         <instance id="d000.s946.t000" lemma="eskimo" pos="NOUN">Eskimod</instance>
         <wf lemma="toituvad" pos="X">toituvad</wf>
         <wf lemma="ju" pos="X">ju</wf>
         <wf lemma="lapsepõlvest" pos="X">lapsepõlvest</wf>
         <wf lemma="saati" pos="X">saati</wf>
         <wf lemma="põhiliselt" pos="X">põhiliselt</wf>
         <wf lemma="kalast" pos="X">kalast</wf>
         <wf lemma="." pos="X">.</wf>
      </sentence>
      <sentence id="d000.s947" source="wordnet-estonian">
         <wf lemma="Mind" pos="X">Mind</wf>
         <wf lemma="rõhus" pos="X">rõhus</wf>
         <instance id="d000.s947.t000" lemma="teadmine" pos="NOUN">teadmine</instance>
         <wf lemma="." pos="X">.</wf>
      </sentence>
      <sentence id="d000.s948" source="wordnet-estonian">
         <wf lemma="Laulja" pos="X">Laulja</wf>
         <instance id="d000.s948.t000" lemma="kordama" pos="VERB">kordas</instance>
         <wf lemma="publiku" pos="X">publiku</wf>
         <wf lemma="soovil" pos="X">soovil</wf>
         <wf lemma="viimast" pos="X">viimast</wf>
         <wf lemma="pala" pos="X">pala</wf>
         <wf lemma="." pos="X">.</wf>
      </sentence>
      <sentence id="d000.s949" source="wordnet-estonian">
         <wf lemma="Teda" pos="X">Teda</wf>
         <wf lemma="huvitab" pos="X">huvitab</wf>
         <wf lemma="universumi" pos="X">universumi</wf>
         <instance id="d000.s949.t000" lemma="küsimus" pos="NOUN">küsimus</instance>
         <wf lemma="." pos="X">.</wf>
         <wf lemma="Antud" pos="X">Antud</wf>
         <wf lemma="küsimust" pos="X">küsimust</wf>
         <wf lemma="lahendama" pos="X">lahendama</wf>
         <wf lemma="." pos="X">.</wf>
      </sentence>
      <sentence id="d000.s950" source="wordnet-estonian">
         <wf lemma="Puulatvades" pos="X">Puulatvades</wf>
         <wf lemma="tuhiseb" pos="X">tuhiseb</wf>
         <instance id="d000.s950.t000" lemma="tuul" pos="NOUN">tuul</instance>
         <wf lemma="(" pos="X">(</wf>
         <wf lemma="EKSS" pos="X">EKSS</wf>
         <wf lemma=")" pos="X">)</wf>
         <wf lemma="." pos="X">.</wf>
      </sentence>
      <sentence id="d000.s951" source="wordnet-estonian">
         <wf lemma="Järgmist" pos="X">Järgmist</wf>
         <wf lemma="lauset" pos="X">lauset</wf>
         <wf lemma="alustage" pos="X">alustage</wf>
         <wf lemma="uuelt" pos="X">uuelt</wf>
         <instance id="d000.s951.t000" lemma="rida" pos="NOUN">realt</instance>
         <wf lemma="(" pos="X">(</wf>
         <wf lemma="EKSS" pos="X">EKSS</wf>
         <wf lemma=")" pos="X">)</wf>
         <wf lemma="." pos="X">.</wf>
      </sentence>
      <sentence id="d000.s952" source="wordnet-estonian">
         <instance id="d000.s952.t000" lemma="bokser" pos="NOUN">Bokserite</instance>
         <wf lemma="ülestõus" pos="X">ülestõus</wf>
         <wf lemma="." pos="X">.</wf>
      </sentence>
      <sentence id="d000.s953" source="wordnet-estonian">
         <wf lemma="Universumi" pos="X">Universumi</wf>
         <instance id="d000.s953.t000" lemma="lõputus" pos="NOUN">lõputus</instance>
         <wf lemma="." pos="X">.</wf>
         <wf lemma="Lõputusse" pos="X">Lõputusse</wf>
         <wf lemma="kulgev" pos="X">kulgev</wf>
         <wf lemma="tee" pos="X">tee</wf>
         <wf lemma="." pos="X">.</wf>
         <wf lemma="Seda" pos="X">Seda</wf>
         <wf lemma="maali" pos="X">maali</wf>
         <wf lemma="võin" pos="X">võin</wf>
         <wf lemma="lõputuseni" pos="X">lõputuseni</wf>
         <wf lemma="imetleda" pos="X">imetleda</wf>
         <wf lemma="." pos="X">.</wf>
      </sentence>
      <sentence id="d000.s954" source="wordnet-estonian">
         <wf lemma="Samuti" pos="X">Samuti</wf>
         <wf lemma="on" pos="X">on</wf>
         <wf lemma="keha" pos="X">keha</wf>
         <instance id="d000.s954.t000" lemma="võrdlema" pos="VERB">võrreldud</instance>
         <wf lemma="tehasega" pos="X">tehasega</wf>
         <wf lemma=":" pos="X">:</wf>
         <wf lemma="lihased" pos="X">lihased</wf>
         <wf lemma="on" pos="X">on</wf>
         <wf lemma="nagu" pos="X">nagu</wf>
         <wf lemma="masinad" pos="X">masinad</wf>
         <wf lemma="," pos="X">,</wf>
         <wf lemma="vereringe" pos="X">vereringe</wf>
         <wf lemma="–" pos="X">–</wf>
         <wf lemma="masinaid" pos="X">masinaid</wf>
         <wf lemma="toitev" pos="X">toitev</wf>
         <wf lemma="kütusetorustik" pos="X">kütusetorustik</wf>
         <wf lemma="jne" pos="X">jne</wf>
         <wf lemma="." pos="X">.</wf>
         <wf lemma="(" pos="X">(</wf>
         <wf lemma="EKSS" pos="X">EKSS</wf>
         <wf lemma=")" pos="X">)</wf>
         <wf lemma="." pos="X">.</wf>
      </sentence>
      <sentence id="d000.s955" source="wordnet-estonian">
         <wf lemma="Noored" pos="X">Noored</wf>
         <instance id="d000.s955.t000" lemma="naine" pos="NOUN">naised</instance>
         <wf lemma="." pos="X">.</wf>
      </sentence>
      <sentence id="d000.s956" source="wordnet-estonian">
         <wf lemma="Anastuspoliitikat" pos="X">Anastuspoliitikat</wf>
         <wf lemma="viidi" pos="X">viidi</wf>
         <wf lemma="ellu" pos="X">ellu</wf>
         <wf lemma="suurima" pos="X">suurima</wf>
         <instance id="d000.s956.t000" lemma="künism" pos="NOUN">künismiga</instance>
         <wf lemma="." pos="X">.</wf>
         <wf lemma="Suhtus" pos="X">Suhtus</wf>
         <wf lemma="naistesse" pos="X">naistesse</wf>
         <wf lemma="varjamatu" pos="X">varjamatu</wf>
         <wf lemma="künismiga" pos="X">künismiga</wf>
         <wf lemma="." pos="X">.</wf>
         <wf lemma="Künismi" pos="X">Künismi</wf>
         <wf lemma="kalduv" pos="X">kalduv</wf>
         <wf lemma="kahemõttelisus" pos="X">kahemõttelisus</wf>
         <wf lemma="." pos="X">.</wf>
      </sentence>
      <sentence id="d000.s957" source="wordnet-estonian">
         <instance id="d000.s957.t000" lemma="rasestuma" pos="VERB">Rasestus</instance>
         <wf lemma="esimesest" pos="X">esimesest</wf>
         <wf lemma="suguühtest" pos="X">suguühtest</wf>
         <wf lemma="," pos="X">,</wf>
         <wf lemma="oma" pos="X">oma</wf>
         <wf lemma="armukesest" pos="X">armukesest</wf>
         <wf lemma="." pos="X">.</wf>
         <wf lemma="Naine" pos="X">Naine</wf>
         <wf lemma="võib" pos="X">võib</wf>
         <wf lemma="rasestuda" pos="X">rasestuda</wf>
         <wf lemma="ka" pos="X">ka</wf>
         <wf lemma="rinnaga" pos="X">rinnaga</wf>
         <wf lemma="toitmise" pos="X">toitmise</wf>
         <wf lemma="perioodil" pos="X">perioodil</wf>
         <wf lemma="." pos="X">.</wf>
      </sentence>
      <sentence id="d000.s958" source="wordnet-estonian">
         <wf lemma="Raha" pos="X">Raha</wf>
         <wf lemma="ei" pos="X">ei</wf>
         <instance id="d000.s958.t000" lemma="mängima" pos="VERB">mängi</instance>
         <wf lemma="elus" pos="X">elus</wf>
         <wf lemma="sugugi" pos="X">sugugi</wf>
         <wf lemma="mitte" pos="X">mitte</wf>
         <wf lemma="tähtsusetut" pos="X">tähtsusetut</wf>
         <wf lemma="rolli" pos="X">rolli</wf>
         <wf lemma="." pos="X">.</wf>
      </sentence>
      <sentence id="d000.s959" source="wordnet-estonian">
         <wf lemma="19." pos="X">19.</wf>
         <wf lemma="sajandi" pos="X">sajandi</wf>
         <instance id="d000.s959.t000" lemma="maja" pos="NOUN">majad</instance>
         <wf lemma="," pos="X">,</wf>
         <wf lemma="madalad" pos="X">madalad</wf>
         <wf lemma="majad" pos="X">majad</wf>
         <wf lemma="." pos="X">.</wf>
      </sentence>
      <sentence id="d000.s960" source="wordnet-estonian">
         <wf lemma="Seismisel" pos="X">Seismisel</wf>
         <wf lemma="kaotab" pos="X">kaotab</wf>
         <wf lemma="kohv" pos="X">kohv</wf>
         <instance id="d000.s960.t000" lemma="aromaatsus" pos="NOUN">aromaatsuse</instance>
         <wf lemma="." pos="X">.</wf>
      </sentence>
      <sentence id="d000.s961" source="wordnet-estonian">
         <wf lemma="Vaatlusandmed" pos="X">Vaatlusandmed</wf>
         <wf lemma="kanti" pos="X">kanti</wf>
         <instance id="d000.s961.t000" lemma="tabel" pos="NOUN">tabelisse</instance>
         <wf lemma="." pos="X">.</wf>
      </sentence>
      <sentence id="d000.s962" source="wordnet-estonian">
         <wf lemma="Arst" pos="X">Arst</wf>
         <instance id="d000.s962.t000" lemma="leidma" pos="VERB">leidis</instance>
         <wf lemma="," pos="X">,</wf>
         <wf lemma="et" pos="X">et</wf>
         <wf lemma="haigele" pos="X">haigele</wf>
         <wf lemma="on" pos="X">on</wf>
         <wf lemma="vaja" pos="X">vaja</wf>
         <wf lemma="miljöömuutust" pos="X">miljöömuutust</wf>
         <wf lemma="." pos="X">.</wf>
      </sentence>
      <sentence id="d000.s963" source="wordnet-estonian">
         <wf lemma="Vaikselt" pos="X">Vaikselt</wf>
         <wf lemma="," pos="X">,</wf>
         <wf lemma="tasa" pos="X">tasa</wf>
         <wf lemma="," pos="X">,</wf>
         <wf lemma="kõvasti" pos="X">kõvasti</wf>
         <wf lemma="," pos="X">,</wf>
         <wf lemma="ilusasti" pos="X">ilusasti</wf>
         <wf lemma="," pos="X">,</wf>
         <wf lemma="kõlavalt" pos="X">kõlavalt</wf>
         <wf lemma="," pos="X">,</wf>
         <wf lemma="kähinal" pos="X">kähinal</wf>
         <wf lemma="," pos="X">,</wf>
         <wf lemma="heleda" pos="X">heleda</wf>
         <wf lemma="häälega" pos="X">häälega</wf>
         <instance id="d000.s963.t000" lemma="laulma" pos="VERB">laulma</instance>
         <wf lemma="(" pos="X">(</wf>
         <wf lemma="EKSS" pos="X">EKSS</wf>
         <wf lemma=")" pos="X">)</wf>
         <wf lemma="." pos="X">.</wf>
      </sentence>
      <sentence id="d000.s964" source="wordnet-estonian">
         <wf lemma="Raadio" pos="X">Raadio</wf>
         <wf lemma="oli" pos="X">oli</wf>
         <wf lemma="kunagi" pos="X">kunagi</wf>
         <wf lemma="suur" pos="X">suur</wf>
         <instance id="d000.s964.t000" lemma="ime" pos="NOUN">ime</instance>
         <wf lemma="." pos="X">.</wf>
      </sentence>
      <sentence id="d000.s965" source="wordnet-estonian">
         <wf lemma="Tuntud" pos="X">Tuntud</wf>
         <instance id="d000.s965.t000" lemma="abstraktsionist" pos="NOUN">abstraktsionistide</instance>
         <wf lemma="maalid" pos="X">maalid</wf>
         <wf lemma="." pos="X">.</wf>
      </sentence>
      <sentence id="d000.s966" source="wordnet-estonian">
         <wf lemma="Vaatasin" pos="X">Vaatasin</wf>
         <instance id="d000.s966.t000" lemma="esiteks" pos="ADV">esiteks</instance>
         <wf lemma="põllud" pos="X">põllud</wf>
         <wf lemma="üle" pos="X">üle</wf>
         <wf lemma="," pos="X">,</wf>
         <wf lemma="seejärel" pos="X">seejärel</wf>
         <wf lemma="läksin" pos="X">läksin</wf>
         <wf lemma="järve" pos="X">järve</wf>
         <wf lemma="äärde" pos="X">äärde</wf>
         <wf lemma="." pos="X">.</wf>
      </sentence>
      <sentence id="d000.s967" source="wordnet-estonian">
         <instance id="d000.s967.t000" lemma="tooma" pos="VERB">Toob</instance>
         <wf lemma="pakid" pos="X">pakid</wf>
         <wf lemma="koju" pos="X">koju</wf>
         <wf lemma="käe" pos="X">käe</wf>
         <wf lemma="otsas" pos="X">otsas</wf>
         <wf lemma="," pos="X">,</wf>
         <wf lemma="jalgrattaga" pos="X">jalgrattaga</wf>
         <wf lemma="," pos="X">,</wf>
         <wf lemma="autoga" pos="X">autoga</wf>
         <wf lemma="(" pos="X">(</wf>
         <wf lemma="EKSS" pos="X">EKSS</wf>
         <wf lemma=")" pos="X">)</wf>
         <wf lemma="." pos="X">.</wf>
      </sentence>
      <sentence id="d000.s968" source="wordnet-estonian">
         <wf lemma="Siin" pos="X">Siin</wf>
         <wf lemma="ei" pos="X">ei</wf>
         <wf lemma="aita" pos="X">aita</wf>
         <wf lemma="enam" pos="X">enam</wf>
         <wf lemma="ükski" pos="X">ükski</wf>
         <instance id="d000.s968.t000" lemma="ravim" pos="NOUN">ravim</instance>
         <wf lemma="." pos="X">.</wf>
      </sentence>
      <sentence id="d000.s969" source="wordnet-estonian">
         <wf lemma="Rahvariides" pos="X">Rahvariides</wf>
         <wf lemma="nukud" pos="X">nukud</wf>
         <wf lemma="," pos="X">,</wf>
         <wf lemma="õllekannud" pos="X">õllekannud</wf>
         <wf lemma="," pos="X">,</wf>
         <wf lemma="linikud" pos="X">linikud</wf>
         <wf lemma="," pos="X">,</wf>
         <wf lemma="vööd" pos="X">vööd</wf>
         <wf lemma="," pos="X">,</wf>
         <wf lemma="sõled" pos="X">sõled</wf>
         <wf lemma="ja" pos="X">ja</wf>
         <wf lemma="muud" pos="X">muud</wf>
         <wf lemma="rahvuslikud" pos="X">rahvuslikud</wf>
         <instance id="d000.s969.t000" lemma="suveniir" pos="NOUN">suveniirid</instance>
         <wf lemma="." pos="X">.</wf>
      </sentence>
      <sentence id="d000.s970" source="wordnet-estonian">
         <wf lemma="Peab" pos="X">Peab</wf>
         <wf lemma="lapsed" pos="X">lapsed</wf>
         <instance id="d000.s970.t000" lemma="äratama" pos="VERB">äratama</instance>
         <wf lemma="." pos="X">.</wf>
         <wf lemma="Isa" pos="X">Isa</wf>
         <wf lemma="käskis" pos="X">käskis</wf>
         <wf lemma="ennast" pos="X">ennast</wf>
         <wf lemma="äratada" pos="X">äratada</wf>
         <wf lemma="kell" pos="X">kell</wf>
         <wf lemma="kuus" pos="X">kuus</wf>
         <wf lemma="." pos="X">.</wf>
         <wf lemma="(" pos="X">(</wf>
         <wf lemma="EKSS" pos="X">EKSS</wf>
         <wf lemma=")" pos="X">)</wf>
         <wf lemma="." pos="X">.</wf>
      </sentence>
      <sentence id="d000.s971" source="wordnet-estonian">
         <wf lemma="Iseseisva" pos="X">Iseseisva</wf>
         <wf lemma="elu" pos="X">elu</wf>
         <instance id="d000.s971.t000" lemma="alustamine" pos="NOUN">alustamine</instance>
         <wf lemma="." pos="X">.</wf>
      </sentence>
      <sentence id="d000.s972" source="wordnet-estonian">
         <instance id="d000.s972.t000" lemma="tulnukas" pos="NOUN">Tulnukad</instance>
         <wf lemma="maailmaruumist" pos="X">maailmaruumist</wf>
         <wf lemma="," pos="X">,</wf>
         <wf lemma="kosmosest" pos="X">kosmosest</wf>
         <wf lemma="," pos="X">,</wf>
         <wf lemma="ufodelt" pos="X">ufodelt</wf>
         <wf lemma="(" pos="X">(</wf>
         <wf lemma="EKSS" pos="X">EKSS</wf>
         <wf lemma=")" pos="X">)</wf>
         <wf lemma="." pos="X">.</wf>
      </sentence>
      <sentence id="d000.s973" source="wordnet-estonian">
         <wf lemma="Punased" pos="X">Punased</wf>
         <wf lemma="värvitoonid" pos="X">värvitoonid</wf>
         <instance id="d000.s973.t000" lemma="minema" pos="VERB">lähevad</instance>
         <wf lemma="talle" pos="X">talle</wf>
         <wf lemma="." pos="X">.</wf>
         <wf lemma="Igale" pos="X">Igale</wf>
         <wf lemma="mehele" pos="X">mehele</wf>
         <wf lemma="habe" pos="X">habe</wf>
         <wf lemma="ei" pos="X">ei</wf>
         <wf lemma="lähe" pos="X">lähe</wf>
         <wf lemma="." pos="X">.</wf>
      </sentence>
      <sentence id="d000.s974" source="wordnet-estonian">
         <wf lemma="Jaan" pos="X">Jaan</wf>
         <wf lemma="on" pos="X">on</wf>
         <wf lemma="surnud" pos="X">surnud</wf>
         <wf lemma="," pos="X">,</wf>
         <wf lemma="kolmapäeval" pos="X">kolmapäeval</wf>
         <wf lemma="on" pos="X">on</wf>
         <instance id="d000.s974.t000" lemma="matt" pos="NOUN">matus</instance>
         <wf lemma="." pos="X">.</wf>
      </sentence>
      <sentence id="d000.s975" source="wordnet-estonian">
         <wf lemma="Äriedu" pos="X">Äriedu</wf>
         <wf lemma="osutus" pos="X">osutus</wf>
         <wf lemma="mööduvaks" pos="X">mööduvaks</wf>
         <instance id="d000.s975.t000" lemma="nähtus" pos="NOUN">nähtuseks</instance>
         <wf lemma="." pos="X">.</wf>
      </sentence>
      <sentence id="d000.s976" source="wordnet-estonian">
         <wf lemma="Nii" pos="X">Nii</wf>
         <wf lemma="meest" pos="X">meest</wf>
         <wf lemma="kui" pos="X">kui</wf>
         <wf lemma="naist" pos="X">naist</wf>
         <wf lemma="valdas" pos="X">valdas</wf>
         <wf lemma="meeletu" pos="X">meeletu</wf>
         <instance id="d000.s976.t000" lemma="kirg" pos="NOUN">kirg</instance>
         <wf lemma="." pos="X">.</wf>
      </sentence>
      <sentence id="d000.s977" source="wordnet-estonian">
         <wf lemma="Tormab" pos="X">Tormab</wf>
         <instance id="d000.s977.t000" lemma="mõõk" pos="NOUN">mõõka</instance>
         <wf lemma="keerutades" pos="X">keerutades</wf>
         <wf lemma="lahingusse" pos="X">lahingusse</wf>
         <wf lemma="." pos="X">.</wf>
      </sentence>
      <sentence id="d000.s978" source="wordnet-estonian">
         <instance id="d000.s978.t000" lemma="maksma" pos="VERB">Maksime</instance>
         <wf lemma="arve" pos="X">arve</wf>
         <wf lemma="sularahas" pos="X">sularahas</wf>
         <wf lemma="ja" pos="X">ja</wf>
         <wf lemma="väljusime" pos="X">väljusime</wf>
         <wf lemma="." pos="X">.</wf>
      </sentence>
      <sentence id="d000.s979" source="wordnet-estonian">
         <wf lemma="Tema" pos="X">Tema</wf>
         <wf lemma="ja" pos="X">ja</wf>
         <wf lemma="neiu" pos="X">neiu</wf>
         <wf lemma="vahel" pos="X">vahel</wf>
         <wf lemma="tekkis" pos="X">tekkis</wf>
         <wf lemma="väike" pos="X">väike</wf>
         <wf lemma="," pos="X">,</wf>
         <wf lemma="kerge" pos="X">kerge</wf>
         <instance id="d000.s979.t000" lemma="romaan" pos="NOUN">romaan</instance>
         <wf lemma="(" pos="X">(</wf>
         <wf lemma="EKSS" pos="X">EKSS</wf>
         <wf lemma=")" pos="X">)</wf>
         <wf lemma="." pos="X">.</wf>
      </sentence>
      <sentence id="d000.s980" source="wordnet-estonian">
         <wf lemma="Ta" pos="X">Ta</wf>
         <wf lemma="armastab" pos="X">armastab</wf>
         <instance id="d000.s980.t000" lemma="porno" pos="NOUN">pornot</instance>
         <wf lemma="lugeda" pos="X">lugeda</wf>
         <wf lemma="," pos="X">,</wf>
         <wf lemma="vaadata" pos="X">vaadata</wf>
         <wf lemma="." pos="X">.</wf>
      </sentence>
      <sentence id="d000.s981" source="wordnet-estonian">
         <wf lemma="Ära" pos="X">Ära</wf>
         <wf lemma="kirjuta" pos="X">kirjuta</wf>
         <wf lemma="nüri" pos="X">nüri</wf>
         <instance id="d000.s981.t000" lemma="pliiats" pos="NOUN">pliiatsiga</instance>
         <wf lemma="." pos="X">.</wf>
      </sentence>
      <sentence id="d000.s982" source="wordnet-estonian">
         <wf lemma="Kassettmagnetofon" pos="X">Kassettmagnetofon</wf>
         <wf lemma="töötab" pos="X">töötab</wf>
         <wf lemma="nii" pos="X">nii</wf>
         <wf lemma="võrguvoolul" pos="X">võrguvoolul</wf>
         <wf lemma="kui" pos="X">kui</wf>
         <instance id="d000.s982.t000" lemma="patarei" pos="NOUN">patareidel</instance>
         <wf lemma="." pos="X">.</wf>
      </sentence>
      <sentence id="d000.s983" source="wordnet-estonian">
         <wf lemma="Kopli" pos="X">Kopli</wf>
         <instance id="d000.s983.t000" lemma="serv" pos="NOUN">servas</instance>
         <wf lemma="sõid" pos="X">sõid</wf>
         <wf lemma="hobused" pos="X">hobused</wf>
         <wf lemma="rohtu" pos="X">rohtu</wf>
         <wf lemma="(" pos="X">(</wf>
         <wf lemma="EKSS" pos="X">EKSS</wf>
         <wf lemma=")" pos="X">)</wf>
         <wf lemma="." pos="X">.</wf>
      </sentence>
      <sentence id="d000.s984" source="wordnet-estonian">
         <wf lemma="Idealism" pos="X">Idealism</wf>
         <wf lemma="absolutiseerib" pos="X">absolutiseerib</wf>
         <instance id="d000.s984.t000" lemma="teadvus" pos="NOUN">teadvuse</instance>
         <wf lemma="loovust" pos="X">loovust</wf>
         <wf lemma="ja" pos="X">ja</wf>
         <wf lemma="peab" pos="X">peab</wf>
         <wf lemma="teadvust" pos="X">teadvust</wf>
         <wf lemma="mateeria" pos="X">mateeria</wf>
         <wf lemma="suhtes" pos="X">suhtes</wf>
         <wf lemma="primaarseks" pos="X">primaarseks</wf>
         <wf lemma="." pos="X">.</wf>
      </sentence>
      <sentence id="d000.s985" source="wordnet-estonian">
         <instance id="d000.s985.t000" lemma="kvoorum" pos="NOUN">Kvoorum</instance>
         <wf lemma="on" pos="X">on</wf>
         <wf lemma="olemas" pos="X">olemas</wf>
         <wf lemma="," pos="X">,</wf>
         <wf lemma="võime" pos="X">võime</wf>
         <wf lemma="alustada" pos="X">alustada</wf>
         <wf lemma="koosolekut" pos="X">koosolekut</wf>
         <wf lemma="." pos="X">.</wf>
         <wf lemma="Mingit" pos="X">Mingit</wf>
         <wf lemma="otsust" pos="X">otsust</wf>
         <wf lemma="vastu" pos="X">vastu</wf>
         <wf lemma="võtta" pos="X">võtta</wf>
         <wf lemma="ei" pos="X">ei</wf>
         <wf lemma="saadud" pos="X">saadud</wf>
         <wf lemma="," pos="X">,</wf>
         <wf lemma="sest" pos="X">sest</wf>
         <wf lemma="puudus" pos="X">puudus</wf>
         <wf lemma="kvoorum" pos="X">kvoorum</wf>
         <wf lemma="." pos="X">.</wf>
      </sentence>
      <sentence id="d000.s986" source="wordnet-estonian">
         <wf lemma="Tavaliselt" pos="X">Tavaliselt</wf>
         <instance id="d000.s986.t000" lemma="mõtlema" pos="VERB">mõtleme</instance>
         <wf lemma="oma" pos="X">oma</wf>
         <wf lemma="emakeeles" pos="X">emakeeles</wf>
         <wf lemma="." pos="X">.</wf>
      </sentence>
      <sentence id="d000.s987" source="wordnet-estonian">
         <wf lemma="Ilus" pos="X">Ilus</wf>
         <wf lemma="," pos="X">,</wf>
         <wf lemma="tragi" pos="X">tragi</wf>
         <wf lemma="," pos="X">,</wf>
         <wf lemma="tubli" pos="X">tubli</wf>
         <instance id="d000.s987.t000" lemma="minia" pos="NOUN">minia</instance>
         <wf lemma="(" pos="X">(</wf>
         <wf lemma="EKSS" pos="X">EKSS</wf>
         <wf lemma=")" pos="X">)</wf>
         <wf lemma="." pos="X">.</wf>
      </sentence>
      <sentence id="d000.s988" source="wordnet-estonian">
         <wf lemma="Tal" pos="X">Tal</wf>
         <wf lemma="oli" pos="X">oli</wf>
         <wf lemma="välja" pos="X">välja</wf>
         <wf lemma="kujunenud" pos="X">kujunenud</wf>
         <wf lemma="töös" pos="X">töös</wf>
         <wf lemma="oma" pos="X">oma</wf>
         <instance id="d000.s988.t000" lemma="süsteem" pos="NOUN">süsteem</instance>
         <wf lemma="." pos="X">.</wf>
      </sentence>
      <sentence id="d000.s989" source="wordnet-estonian">
         <wf lemma="Meie" pos="X">Meie</wf>
         <wf lemma="ees" pos="X">ees</wf>
         <wf lemma="avanes" pos="X">avanes</wf>
         <wf lemma="idülliline" pos="X">idülliline</wf>
         <instance id="d000.s989.t000" lemma="pilt" pos="NOUN">pilt</instance>
         <wf lemma=":" pos="X">:</wf>
         <wf lemma="aed" pos="X">aed</wf>
         <wf lemma="täis" pos="X">täis</wf>
         <wf lemma="õitsvaid" pos="X">õitsvaid</wf>
         <wf lemma="õunapuid" pos="X">õunapuid</wf>
         <wf lemma="(" pos="X">(</wf>
         <wf lemma="EKSS" pos="X">EKSS</wf>
         <wf lemma=")" pos="X">)</wf>
         <wf lemma="." pos="X">.</wf>
      </sentence>
      <sentence id="d000.s990" source="wordnet-estonian">
         <wf lemma="Esitas" pos="X">Esitas</wf>
         <instance id="d000.s990.t000" lemma="ksülofon" pos="NOUN">ksülofonil</instance>
         <wf lemma="paar" pos="X">paar</wf>
         <wf lemma="pala" pos="X">pala</wf>
         <wf lemma="." pos="X">.</wf>
      </sentence>
      <sentence id="d000.s991" source="wordnet-estonian">
         <wf lemma="Nad" pos="X">Nad</wf>
         <wf lemma="tegid" pos="X">tegid</wf>
         <wf lemma="tööl" pos="X">tööl</wf>
         <wf lemma="pikki" pos="X">pikki</wf>
         <instance id="d000.s991.t000" lemma="päev" pos="NOUN">päevi</instance>
         <wf lemma="." pos="X">.</wf>
      </sentence>
      <sentence id="d000.s992" source="wordnet-estonian">
         <wf lemma="Mina" pos="X">Mina</wf>
         <instance id="d000.s992.t000" lemma="vaatama" pos="VERB">vaatan</instance>
         <wf lemma="sellele" pos="X">sellele</wf>
         <wf lemma="asjale" pos="X">asjale</wf>
         <wf lemma="mõnel" pos="X">mõnel</wf>
         <wf lemma="määral" pos="X">määral</wf>
         <wf lemma="teisiti" pos="X">teisiti</wf>
         <wf lemma="." pos="X">.</wf>
         <wf lemma="(" pos="X">(</wf>
         <wf lemma="EKSS" pos="X">EKSS</wf>
         <wf lemma=")" pos="X">)</wf>
         <wf lemma="." pos="X">.</wf>
      </sentence>
      <sentence id="d000.s993" source="wordnet-estonian">
         <wf lemma="Esinduslik" pos="X">Esinduslik</wf>
         <wf lemma="südalinnas" pos="X">südalinnas</wf>
         <wf lemma="asuv" pos="X">asuv</wf>
         <instance id="d000.s993.t000" lemma="teater" pos="NOUN">teater</instance>
         <wf lemma="(" pos="X">(</wf>
         <wf lemma="EKSS" pos="X">EKSS</wf>
         <wf lemma=")" pos="X">)</wf>
         <wf lemma="." pos="X">.</wf>
      </sentence>
      <sentence id="d000.s994" source="wordnet-estonian">
         <wf lemma="Kõigel" pos="X">Kõigel</wf>
         <wf lemma="," pos="X">,</wf>
         <wf lemma="mida" pos="X">mida</wf>
         <wf lemma="ta" pos="X">ta</wf>
         <wf lemma="maalib" pos="X">maalib</wf>
         <wf lemma="," pos="X">,</wf>
         <wf lemma="on" pos="X">on</wf>
         <wf lemma="alltekst" pos="X">alltekst</wf>
         <wf lemma="," pos="X">,</wf>
         <instance id="d000.s994.t000" lemma="tähendus" pos="NOUN">tähendus</instance>
         <wf lemma="(" pos="X">(</wf>
         <wf lemma="EKSS" pos="X">EKSS</wf>
         <wf lemma=")" pos="X">)</wf>
         <wf lemma="." pos="X">.</wf>
      </sentence>
      <sentence id="d000.s995" source="wordnet-estonian">
         <instance id="d000.s995.t000" lemma="lest" pos="NOUN">Lest</instance>
         <wf lemma="ujub" pos="X">ujub</wf>
         <wf lemma="laperdades" pos="X">laperdades</wf>
         <wf lemma="." pos="X">.</wf>
      </sentence>
      <sentence id="d000.s996" source="wordnet-estonian">
         <instance id="d000.s996.t000" lemma="oks" pos="NOUN">Oksad</instance>
         <wf lemma="murduvad" pos="X">murduvad</wf>
         <wf lemma="tormi" pos="X">tormi</wf>
         <wf lemma="käes" pos="X">käes</wf>
         <wf lemma="(" pos="X">(</wf>
         <wf lemma="EKSS" pos="X">EKSS</wf>
         <wf lemma=")" pos="X">)</wf>
         <wf lemma="." pos="X">.</wf>
      </sentence>
      <sentence id="d000.s997" source="wordnet-estonian">
         <wf lemma="Pererahvas" pos="X">Pererahvas</wf>
         <wf lemma="muutus" pos="X">muutus</wf>
         <wf lemma="meie" pos="X">meie</wf>
         <wf lemma="vastu" pos="X">vastu</wf>
         <wf lemma="järjest" pos="X">järjest</wf>
         <wf lemma="vaenulikumaks" pos="X">vaenulikumaks</wf>
         <wf lemma="." pos="X">.</wf>
         <wf lemma="Elame" pos="X">Elame</wf>
         <instance id="d000.s997.t000" lemma="vaenulik" pos="ADJ">vaenulikus</instance>
         <wf lemma="ümbruses" pos="X">ümbruses</wf>
         <wf lemma="." pos="X">.</wf>
         <wf lemma="Vaenulik" pos="X">Vaenulik</wf>
         <wf lemma="tegevus" pos="X">tegevus</wf>
         <wf lemma="oma" pos="X">oma</wf>
         <wf lemma="riigi" pos="X">riigi</wf>
         <wf lemma="vastu" pos="X">vastu</wf>
         <wf lemma="." pos="X">.</wf>
      </sentence>
      <sentence id="d000.s998" source="wordnet-estonian">
         <wf lemma="Päise" pos="X">Päise</wf>
         <instance id="d000.s998.t000" lemma="päev" pos="NOUN">päeva</instance>
         <wf lemma="ajal" pos="X">ajal</wf>
         <wf lemma="." pos="X">.</wf>
         <wf lemma="Kuidas" pos="X">Kuidas</wf>
         <wf lemma="sinu" pos="X">sinu</wf>
         <wf lemma="päev" pos="X">päev</wf>
         <wf lemma="läks" pos="X">läks</wf>
         <wf lemma="?" pos="X">?</wf>
      </sentence>
      <sentence id="d000.s999" source="wordnet-estonian">
         <wf lemma="See" pos="X">See</wf>
         <wf lemma="," pos="X">,</wf>
         <wf lemma="mis" pos="X">mis</wf>
         <wf lemma="aastakümneid" pos="X">aastakümneid</wf>
         <wf lemma="või" pos="X">või</wf>
         <wf lemma="ka" pos="X">ka</wf>
         <instance id="d000.s999.t000" lemma="eile" pos="ADV">eile</instance>
         <wf lemma="veel" pos="X">veel</wf>
         <wf lemma="rahuldas" pos="X">rahuldas</wf>
         <wf lemma="," pos="X">,</wf>
         <wf lemma="ei" pos="X">ei</wf>
         <wf lemma="ole" pos="X">ole</wf>
         <wf lemma="hea" pos="X">hea</wf>
         <wf lemma="enam" pos="X">enam</wf>
         <wf lemma="täna" pos="X">täna</wf>
         <wf lemma="." pos="X">.</wf>
         <wf lemma="(" pos="X">(</wf>
         <wf lemma="EKSS" pos="X">EKSS</wf>
         <wf lemma=")" pos="X">)</wf>
         <wf lemma="." pos="X">.</wf>
      </sentence>
      <sentence id="d000.s1000" source="wordnet-estonian">
         <wf lemma="Eesti" pos="X">Eesti</wf>
         <wf lemma="jämedaim" pos="X">jämedaim</wf>
         <instance id="d000.s1000.t000" lemma="tamm" pos="NOUN">tamm</instance>
         <wf lemma="kasvab" pos="X">kasvab</wf>
         <wf lemma="Urvastes" pos="X">Urvastes</wf>
         <wf lemma="(" pos="X">(</wf>
         <wf lemma="EKSS" pos="X">EKSS</wf>
         <wf lemma=")" pos="X">)</wf>
         <wf lemma="." pos="X">.</wf>
      </sentence>
      <sentence id="d000.s1001" source="wordnet-estonian">
         <wf lemma="Midagi" pos="X">Midagi</wf>
         <wf lemma="pole" pos="X">pole</wf>
         <wf lemma="võimalik" pos="X">võimalik</wf>
         <wf lemma="hõlpsasti" pos="X">hõlpsasti</wf>
         <instance id="d000.s1001.t000" lemma="saavutama" pos="VERB">saavutada</instance>
         <wf lemma="." pos="X">.</wf>
         <wf lemma="Järeleandmisega" pos="X">Järeleandmisega</wf>
         <wf lemma="ei" pos="X">ei</wf>
         <wf lemma="saavuta" pos="X">saavuta</wf>
         <wf lemma="sa" pos="X">sa</wf>
         <wf lemma="midagi" pos="X">midagi</wf>
         <wf lemma="." pos="X">.</wf>
      </sentence>
      <sentence id="d000.s1002" source="wordnet-estonian">
         <wf lemma="Noorel" pos="X">Noorel</wf>
         <wf lemma="juristil" pos="X">juristil</wf>
         <wf lemma="polnud" pos="X">polnud</wf>
         <wf lemma="kerge" pos="X">kerge</wf>
         <instance id="d000.s1002.t000" lemma="advokatuur" pos="NOUN">advokatuuri</instance>
         <wf lemma="pääseda" pos="X">pääseda</wf>
         <wf lemma="." pos="X">.</wf>
      </sentence>
      <sentence id="d000.s1003" source="wordnet-estonian">
         <instance id="d000.s1003.t000" lemma="kauem" pos="ADV">Kauem</instance>
         <wf lemma="ma" pos="X">ma</wf>
         <wf lemma="seda" pos="X">seda</wf>
         <wf lemma="välja" pos="X">välja</wf>
         <wf lemma="ei" pos="X">ei</wf>
         <wf lemma="kannata" pos="X">kannata</wf>
         <wf lemma="." pos="X">.</wf>
         <wf lemma="(" pos="X">(</wf>
         <wf lemma="EKSS" pos="X">EKSS</wf>
         <wf lemma=")" pos="X">)</wf>
         <wf lemma="." pos="X">.</wf>
      </sentence>
      <sentence id="d000.s1004" source="wordnet-estonian">
         <wf lemma="Pesu" pos="X">Pesu</wf>
         <wf lemma="õõtsub" pos="X">õõtsub</wf>
         <wf lemma="nööril" pos="X">nööril</wf>
         <instance id="d000.s1004.t000" lemma="edasi-tagasi" pos="ADV">edasi-tagasi</instance>
         <wf lemma="." pos="X">.</wf>
         <wf lemma="(" pos="X">(</wf>
         <wf lemma="EKSS" pos="X">EKSS</wf>
         <wf lemma=")" pos="X">)</wf>
         <wf lemma="." pos="X">.</wf>
      </sentence>
      <sentence id="d000.s1005" source="wordnet-estonian">
         <instance id="d000.s1005.t000" lemma="komi" pos="NOUN">Komide</instance>
         <wf lemma="asumisala" pos="X">asumisala</wf>
         <wf lemma="," pos="X">,</wf>
         <wf lemma="kultuur" pos="X">kultuur</wf>
         <wf lemma="." pos="X">.</wf>
      </sentence>
      <sentence id="d000.s1006" source="wordnet-estonian">
         <wf lemma="Vangivalvurite" pos="X">Vangivalvurite</wf>
         <instance id="d000.s1006.t000" lemma="jõhkrus" pos="NOUN">jõhkrus</instance>
         <wf lemma="ja" pos="X">ja</wf>
         <wf lemma="omavoli" pos="X">omavoli</wf>
         <wf lemma="." pos="X">.</wf>
         <wf lemma="(" pos="X">(</wf>
         <wf lemma="EKSS" pos="X">EKSS</wf>
         <wf lemma=")" pos="X">)</wf>
         <wf lemma="." pos="X">.</wf>
      </sentence>
      <sentence id="d000.s1007" source="wordnet-estonian">
         <instance id="d000.s1007.t000" lemma="transduktsioon" pos="NOUN">Transduktsiooni</instance>
         <wf lemma="tõttu" pos="X">tõttu</wf>
         <wf lemma="suudame" pos="X">suudame</wf>
         <wf lemma="oma" pos="X">oma</wf>
         <wf lemma="silmadega" pos="X">silmadega</wf>
         <wf lemma="näha" pos="X">näha</wf>
         <wf lemma="." pos="X">.</wf>
      </sentence>
      <sentence id="d000.s1008" source="wordnet-estonian">
         <wf lemma="Härja" pos="X">Härja</wf>
         <instance id="d000.s1008.t000" lemma="kõri" pos="NOUN">kõrist</instance>
         <wf lemma="kostis" pos="X">kostis</wf>
         <wf lemma="vihane" pos="X">vihane</wf>
         <wf lemma="möire" pos="X">möire</wf>
         <wf lemma="." pos="X">.</wf>
      </sentence>
      <sentence id="d000.s1009" source="wordnet-estonian">
         <wf lemma="Selts" pos="X">Selts</wf>
         <wf lemma="," pos="X">,</wf>
         <wf lemma="partei" pos="X">partei</wf>
         <instance id="d000.s1009.t000" lemma="legaliseerima" pos="VERB">legaliseeriti</instance>
         <wf lemma="." pos="X">.</wf>
         <wf lemma="Legaliseerimata" pos="X">Legaliseerimata</wf>
         <wf lemma="abielu" pos="X">abielu</wf>
         <wf lemma="." pos="X">.</wf>
         <wf lemma="*" pos="X">*</wf>
         <wf lemma="..läksin" pos="X">..läksin</wf>
         <wf lemma="[" pos="X">[</wf>
         <wf lemma="välismaal" pos="X">välismaal</wf>
         <wf lemma="]" pos="X">]</wf>
         <wf lemma="ennast" pos="X">ennast</wf>
         <wf lemma="politseisse" pos="X">politseisse</wf>
         <wf lemma="legaliseerima" pos="X">legaliseerima</wf>
         <wf lemma="," pos="X">,</wf>
         <wf lemma="s.t." pos="X">s.t.</wf>
         <wf lemma="poliitilise" pos="X">poliitilise</wf>
         <wf lemma="põgeniku" pos="X">põgeniku</wf>
         <wf lemma="peatusluba" pos="X">peatusluba</wf>
         <wf lemma="hankima" pos="X">hankima</wf>
         <wf lemma="." pos="X">.</wf>
         <wf lemma="(" pos="X">(</wf>
         <wf lemma="Autor" pos="X">Autor</wf>
         <wf lemma=":" pos="X">:</wf>
         <wf lemma="A." pos="X">A.</wf>
         <wf lemma="Vaarandi." pos="X">Vaarandi.</wf>
         <wf lemma=")" pos="X">)</wf>
         <wf lemma="." pos="X">.</wf>
      </sentence>
      <sentence id="d000.s1010" source="wordnet-estonian">
         <wf lemma="Vaenlasigi" pos="X">Vaenlasigi</wf>
         <wf lemma="tuleb" pos="X">tuleb</wf>
         <instance id="d000.s1010.t000" lemma="inimlikult" pos="ADV">inimlikult</instance>
         <wf lemma="kohelda" pos="X">kohelda</wf>
         <wf lemma="." pos="X">.</wf>
         <wf lemma="(" pos="X">(</wf>
         <wf lemma="EKSS" pos="X">EKSS</wf>
         <wf lemma=")" pos="X">)</wf>
         <wf lemma="." pos="X">.</wf>
      </sentence>
      <sentence id="d000.s1011" source="wordnet-estonian">
         <wf lemma="Kirik" pos="X">Kirik</wf>
         <wf lemma="," pos="X">,</wf>
         <wf lemma="kool" pos="X">kool</wf>
         <wf lemma="sai" pos="X">sai</wf>
         <wf lemma="uue" pos="X">uue</wf>
         <instance id="d000.s1011.t000" lemma="orel" pos="NOUN">oreli</instance>
         <wf lemma="." pos="X">.</wf>
      </sentence>
      <sentence id="d000.s1012" source="wordnet-estonian">
         <wf lemma="Puu" pos="X">Puu</wf>
         <wf lemma="tüvest" pos="X">tüvest</wf>
         <wf lemma="nõrgus" pos="X">nõrgus</wf>
         <instance id="d000.s1012.t000" lemma="vaik" pos="NOUN">vaiku</instance>
         <wf lemma="." pos="X">.</wf>
         <wf lemma="(" pos="X">(</wf>
         <wf lemma="EKSS" pos="X">EKSS</wf>
         <wf lemma=")" pos="X">)</wf>
         <wf lemma="." pos="X">.</wf>
      </sentence>
      <sentence id="d000.s1013" source="wordnet-estonian">
         <wf lemma="Talu" pos="X">Talu</wf>
         <wf lemma="kivist" pos="X">kivist</wf>
         <instance id="d000.s1013.t000" lemma="kelder" pos="NOUN">kelder</instance>
         <wf lemma="oli" pos="X">oli</wf>
         <wf lemma="keset" pos="X">keset</wf>
         <wf lemma="õue" pos="X">õue</wf>
         <wf lemma="." pos="X">.</wf>
      </sentence>
      <sentence id="d000.s1014" source="wordnet-estonian">
         <wf lemma="Ta" pos="X">Ta</wf>
         <wf lemma="on" pos="X">on</wf>
         <wf lemma="rohkem" pos="X">rohkem</wf>
         <wf lemma="tuntud" pos="X">tuntud</wf>
         <instance id="d000.s1014.t000" lemma="maalija" pos="NOUN">maalijana</instance>
         <wf lemma="kui" pos="X">kui</wf>
         <wf lemma="graafikuna" pos="X">graafikuna</wf>
         <wf lemma="(" pos="X">(</wf>
         <wf lemma="EKSS" pos="X">EKSS</wf>
         <wf lemma=")" pos="X">)</wf>
         <wf lemma="." pos="X">.</wf>
      </sentence>
      <sentence id="d000.s1015" source="wordnet-estonian">
         <instance id="d000.s1015.t000" lemma="kõne" pos="NOUN">Kõne</instance>
         <wf lemma="areng" pos="X">areng</wf>
         <wf lemma="on" pos="X">on</wf>
         <wf lemma="seotud" pos="X">seotud</wf>
         <wf lemma="mõtlemise" pos="X">mõtlemise</wf>
         <wf lemma="arenguga" pos="X">arenguga</wf>
         <wf lemma="." pos="X">.</wf>
      </sentence>
      <sentence id="d000.s1016" source="wordnet-estonian">
         <wf lemma="Ta" pos="X">Ta</wf>
         <instance id="d000.s1016.t000" lemma="küsima" pos="VERB">küsis</instance>
         <wf lemma="temalt" pos="X">temalt</wf>
         <wf lemma="laenuks" pos="X">laenuks</wf>
         <wf lemma="raha" pos="X">raha</wf>
         <wf lemma="." pos="X">.</wf>
      </sentence>
      <sentence id="d000.s1017" source="wordnet-estonian">
         <wf lemma="Ta" pos="X">Ta</wf>
         <wf lemma="seisis" pos="X">seisis</wf>
         <instance id="d000.s1017.t000" lemma="kohe" pos="ADV">kohe</instance>
         <wf lemma="minu" pos="X">minu</wf>
         <wf lemma="ees" pos="X">ees</wf>
         <wf lemma="." pos="X">.</wf>
      </sentence>
      <sentence id="d000.s1018" source="wordnet-estonian">
         <wf lemma="Äärmine" pos="X">Äärmine</wf>
         <instance id="d000.s1018.t000" lemma="reaktsionäär" pos="NOUN">reaktsionäär</instance>
         <wf lemma="." pos="X">.</wf>
         <wf lemma="Reaktsionäärid" pos="X">Reaktsionäärid</wf>
         <wf lemma="valmistasid" pos="X">valmistasid</wf>
         <wf lemma="ette" pos="X">ette</wf>
         <wf lemma="riigipööret" pos="X">riigipööret</wf>
         <wf lemma="." pos="X">.</wf>
      </sentence>
      <sentence id="d000.s1019" source="wordnet-estonian">
         <wf lemma="Lina" pos="X">Lina</wf>
         <wf lemma="hinnad" pos="X">hinnad</wf>
         <wf lemma="olid" pos="X">olid</wf>
         <instance id="d000.s1019.t000" lemma="madal" pos="ADJ">madalad</instance>
         <wf lemma="." pos="X">.</wf>
         <wf lemma="Madal" pos="X">Madal</wf>
         <wf lemma="laenuprotsent" pos="X">laenuprotsent</wf>
         <wf lemma="." pos="X">.</wf>
         <wf lemma="Korteriüür" pos="X">Korteriüür</wf>
         <wf lemma="on" pos="X">on</wf>
         <wf lemma="meil" pos="X">meil</wf>
         <wf lemma="madal" pos="X">madal</wf>
         <wf lemma="." pos="X">.</wf>
      </sentence>
      <sentence id="d000.s1020" source="wordnet-estonian">
         <wf lemma="Ta" pos="X">Ta</wf>
         <wf lemma="oline" pos="X">oline</wf>
         <wf lemma="tõeline" pos="X">tõeline</wf>
         <instance id="d000.s1020.t000" lemma="härra" pos="NOUN">härra</instance>
         <wf lemma="," pos="X">,</wf>
         <wf lemma="kui" pos="X">kui</wf>
         <wf lemma="naisele" pos="X">naisele</wf>
         <wf lemma="mantli" pos="X">mantli</wf>
         <wf lemma="selga" pos="X">selga</wf>
         <wf lemma="aitas" pos="X">aitas</wf>
         <wf lemma="." pos="X">.</wf>
      </sentence>
      <sentence id="d000.s1021" source="wordnet-estonian">
         <wf lemma="Medali" pos="X">Medali</wf>
         <wf lemma="teine" pos="X">teine</wf>
         <instance id="d000.s1021.t000" lemma="külg" pos="NOUN">külg</instance>
         <wf lemma="on" pos="X">on</wf>
         <wf lemma="sile" pos="X">sile</wf>
         <wf lemma="." pos="X">.</wf>
      </sentence>
      <sentence id="d000.s1022" source="wordnet-estonian">
         <wf lemma="Maja" pos="X">Maja</wf>
         <wf lemma="oli" pos="X">oli</wf>
         <wf lemma="leekides" pos="X">leekides</wf>
         <wf lemma="," pos="X">,</wf>
         <instance id="d000.s1022.t000" lemma="kustutama" pos="VERB">kustutada</instance>
         <wf lemma="ja" pos="X">ja</wf>
         <wf lemma="päästa" pos="X">päästa</wf>
         <wf lemma="polnud" pos="X">polnud</wf>
         <wf lemma="midagi" pos="X">midagi</wf>
         <wf lemma="." pos="X">.</wf>
      </sentence>
      <sentence id="d000.s1023" source="wordnet-estonian">
         <wf lemma="Hibiini" pos="X">Hibiini</wf>
         <instance id="d000.s1023.t000" lemma="apatiit" pos="NOUN">apatiit</instance>
         <wf lemma="." pos="X">.</wf>
      </sentence>
      <sentence id="d000.s1024" source="wordnet-estonian">
         <wf lemma="Ta" pos="X">Ta</wf>
         <wf lemma="oskas" pos="X">oskas</wf>
         <wf lemma="kirjutada" pos="X">kirjutada</wf>
         <instance id="d000.s1024.t000" lemma="number" pos="NOUN">numbreid</instance>
         <wf lemma="juba" pos="X">juba</wf>
         <wf lemma="enne" pos="X">enne</wf>
         <wf lemma="kooli" pos="X">kooli</wf>
         <wf lemma="minekut" pos="X">minekut</wf>
         <wf lemma="." pos="X">.</wf>
      </sentence>
      <sentence id="d000.s1025" source="wordnet-estonian">
         <instance id="d000.s1025.t000" lemma="keks" pos="NOUN">Keksu</instance>
         <wf lemma="mängima" pos="X">mängima</wf>
         <wf lemma="." pos="X">.</wf>
         <wf lemma="*" pos="X">*</wf>
         <wf lemma="Ja" pos="X">Ja</wf>
         <wf lemma="üldse" pos="X">üldse</wf>
         <wf lemma="leidis" pos="X">leidis</wf>
         <wf lemma="Marju" pos="X">Marju</wf>
         <wf lemma="," pos="X">,</wf>
         <wf lemma="et" pos="X">et</wf>
         <wf lemma="ta" pos="X">ta</wf>
         <wf lemma="on" pos="X">on</wf>
         <wf lemma="juba" pos="X">juba</wf>
         <wf lemma="niisuguses" pos="X">niisuguses</wf>
         <wf lemma="eas" pos="X">eas</wf>
         <wf lemma="," pos="X">,</wf>
         <wf lemma="kus" pos="X">kus</wf>
         <wf lemma="keksuga" pos="X">keksuga</wf>
         <wf lemma="enam" pos="X">enam</wf>
         <wf lemma="nii" pos="X">nii</wf>
         <wf lemma="väga" pos="X">väga</wf>
         <wf lemma="ei" pos="X">ei</wf>
         <wf lemma="sobigi" pos="X">sobigi</wf>
         <wf lemma="aega" pos="X">aega</wf>
         <wf lemma="viita" pos="X">viita</wf>
         <wf lemma="." pos="X">.</wf>
         <wf lemma="(" pos="X">(</wf>
         <wf lemma="Autor" pos="X">Autor</wf>
         <wf lemma=":" pos="X">:</wf>
         <wf lemma="E." pos="X">E.</wf>
         <wf lemma="Raud." pos="X">Raud.</wf>
         <wf lemma=")" pos="X">)</wf>
         <wf lemma="." pos="X">.</wf>
      </sentence>
      <sentence id="d000.s1026" source="wordnet-estonian">
         <wf lemma="Süda" pos="X">Süda</wf>
         <wf lemma="on" pos="X">on</wf>
         <wf lemma="pidevalt" pos="X">pidevalt</wf>
         <wf lemma="töötav" pos="X">töötav</wf>
         <instance id="d000.s1026.t000" lemma="elund" pos="NOUN">elund</instance>
         <wf lemma="." pos="X">.</wf>
      </sentence>
      <sentence id="d000.s1027" source="wordnet-estonian">
         <wf lemma="See" pos="X">See</wf>
         <wf lemma="raha" pos="X">raha</wf>
         <instance id="d000.s1027.t000" lemma="minema" pos="VERB">läks</instance>
         <wf lemma="asja" pos="X">asja</wf>
         <wf lemma="ette" pos="X">ette</wf>
         <wf lemma="." pos="X">.</wf>
      </sentence>
      <sentence id="d000.s1028" source="wordnet-estonian">
         <wf lemma="Tantsuks" pos="X">Tantsuks</wf>
         <wf lemma="mängis" pos="X">mängis</wf>
         <wf lemma="klubi" pos="X">klubi</wf>
         <instance id="d000.s1028.t000" lemma="orkester" pos="NOUN">orkester</instance>
         <wf lemma="." pos="X">.</wf>
      </sentence>
      <sentence id="d000.s1029" source="wordnet-estonian">
         <instance id="d000.s1029.t000" lemma="näiliselt" pos="ADV">Näiliselt</instance>
         <wf lemma="on" pos="X">on</wf>
         <wf lemma="kõik" pos="X">kõik</wf>
         <wf lemma="korras" pos="X">korras</wf>
         <wf lemma="." pos="X">.</wf>
      </sentence>
      <sentence id="d000.s1030" source="wordnet-estonian">
         <wf lemma="Harjutused" pos="X">Harjutused</wf>
         <instance id="d000.s1030.t000" lemma="hantel" pos="NOUN">hantlitega</instance>
         <wf lemma="." pos="X">.</wf>
      </sentence>
      <sentence id="d000.s1031" source="wordnet-estonian">
         <wf lemma="Rein" pos="X">Rein</wf>
         <wf lemma="ütles" pos="X">ütles</wf>
         <wf lemma="seda" pos="X">seda</wf>
         <wf lemma="sõbra" pos="X">sõbra</wf>
         <instance id="d000.s1031.t000" lemma="kaitse" pos="NOUN">kaitseks</instance>
         <wf lemma="." pos="X">.</wf>
      </sentence>
      <sentence id="d000.s1032" source="wordnet-estonian">
         <wf lemma="Ta" pos="X">Ta</wf>
         <wf lemma="ei" pos="X">ei</wf>
         <wf lemma="leidnud" pos="X">leidnud</wf>
         <wf lemma="õiget" pos="X">õiget</wf>
         <instance id="d000.s1032.t000" lemma="tee" pos="NOUN">teed</instance>
         <wf lemma="koju" pos="X">koju</wf>
         <wf lemma="." pos="X">.</wf>
      </sentence>
      <sentence id="d000.s1033" source="wordnet-estonian">
         <wf lemma="Polgus" pos="X">Polgus</wf>
         <wf lemma="olid" pos="X">olid</wf>
         <wf lemma="puha" pos="X">puha</wf>
         <wf lemma="eesti" pos="X">eesti</wf>
         <instance id="d000.s1033.t000" lemma="mees" pos="NOUN">mehed</instance>
         <wf lemma="." pos="X">.</wf>
      </sentence>
      <sentence id="d000.s1034" source="wordnet-estonian">
         <wf lemma="Saabus" pos="X">Saabus</wf>
         <instance id="d000.s1034.t000" lemma="äärmiselt" pos="ADV">äärmiselt</instance>
         <wf lemma="tähtis" pos="X">tähtis</wf>
         <wf lemma="teade" pos="X">teade</wf>
         <wf lemma="." pos="X">.</wf>
         <wf lemma="(" pos="X">(</wf>
         <wf lemma="EKSS" pos="X">EKSS</wf>
         <wf lemma=")" pos="X">)</wf>
         <wf lemma="." pos="X">.</wf>
      </sentence>
      <sentence id="d000.s1035" source="wordnet-estonian">
         <instance id="d000.s1035.t000" lemma="nautima" pos="VERB">Naudib</instance>
         <wf lemma="juba" pos="X">juba</wf>
         <wf lemma="ette" pos="X">ette</wf>
         <wf lemma="eelseisva" pos="X">eelseisva</wf>
         <wf lemma="Aafrika-reisi" pos="X">Aafrika-reisi</wf>
         <wf lemma="põnevust" pos="X">põnevust</wf>
         <wf lemma="." pos="X">.</wf>
      </sentence>
      <sentence id="d000.s1036" source="wordnet-estonian">
         <wf lemma="Esimene" pos="X">Esimene</wf>
         <wf lemma="lumi" pos="X">lumi</wf>
         <wf lemma="," pos="X">,</wf>
         <wf lemma="udu" pos="X">udu</wf>
         <instance id="d000.s1036.t000" lemma="kaduma" pos="VERB">kadus</instance>
         <wf lemma="kiiresti" pos="X">kiiresti</wf>
         <wf lemma="." pos="X">.</wf>
         <wf lemma="Vahe" pos="X">Vahe</wf>
         <wf lemma="linna" pos="X">linna</wf>
         <wf lemma="ja" pos="X">ja</wf>
         <wf lemma="maa" pos="X">maa</wf>
         <wf lemma="vahel" pos="X">vahel</wf>
         <wf lemma="hakkab" pos="X">hakkab</wf>
         <wf lemma="üha" pos="X">üha</wf>
         <wf lemma="enam" pos="X">enam</wf>
         <wf lemma="kaduma" pos="X">kaduma</wf>
         <wf lemma="." pos="X">.</wf>
      </sentence>
      <sentence id="d000.s1037" source="wordnet-estonian">
         <wf lemma="Tema" pos="X">Tema</wf>
         <wf lemma="esiisad" pos="X">esiisad</wf>
         <wf lemma="olid" pos="X">olid</wf>
         <instance id="d000.s1037.t000" lemma="kalur" pos="NOUN">kalurid</instance>
         <wf lemma="ja" pos="X">ja</wf>
         <wf lemma="hülgekütid" pos="X">hülgekütid</wf>
         <wf lemma="." pos="X">.</wf>
      </sentence>
      <sentence id="d000.s1038" source="wordnet-estonian">
         <wf lemma="Ta" pos="X">Ta</wf>
         <wf lemma="ostis" pos="X">ostis</wf>
         <wf lemma="endale" pos="X">endale</wf>
         <wf lemma="väga" pos="X">väga</wf>
         <instance id="d000.s1038.t000" lemma="odav" pos="ADJ">odava</instance>
         <wf lemma="pesumasina" pos="X">pesumasina</wf>
         <wf lemma="." pos="X">.</wf>
      </sentence>
      <sentence id="d000.s1039" source="wordnet-estonian">
         <wf lemma="Einstein" pos="X">Einstein</wf>
         <wf lemma="sai" pos="X">sai</wf>
         <instance id="d000.s1039.t000" lemma="revolutsionäär" pos="NOUN">revolutsionääriks</instance>
         <wf lemma="teaduses" pos="X">teaduses</wf>
         <wf lemma="." pos="X">.</wf>
      </sentence>
      <sentence id="d000.s1040" source="wordnet-estonian">
         <wf lemma="Ainult" pos="X">Ainult</wf>
         <instance id="d000.s1040.t000" lemma="loll" pos="NOUN">loll</instance>
         <wf lemma="oleks" pos="X">oleks</wf>
         <wf lemma="kinnivõtmist" pos="X">kinnivõtmist</wf>
         <wf lemma="ootama" pos="X">ootama</wf>
         <wf lemma="jäänud" pos="X">jäänud</wf>
         <wf lemma="." pos="X">.</wf>
      </sentence>
      <sentence id="d000.s1041" source="wordnet-estonian">
         <wf lemma="Ta" pos="X">Ta</wf>
         <wf lemma="on" pos="X">on</wf>
         <wf lemma="olnud" pos="X">olnud</wf>
         <wf lemma="mu" pos="X">mu</wf>
         <wf lemma="parim" pos="X">parim</wf>
         <instance id="d000.s1041.t000" lemma="sõber" pos="NOUN">sõber</instance>
         <wf lemma="lasteaiast" pos="X">lasteaiast</wf>
         <wf lemma="saadik" pos="X">saadik</wf>
         <wf lemma="." pos="X">.</wf>
      </sentence>
      <sentence id="d000.s1042" source="wordnet-estonian">
         <wf lemma="Sulgedega" pos="X">Sulgedega</wf>
         <wf lemma="vooderdatud" pos="X">vooderdatud</wf>
         <instance id="d000.s1042.t000" lemma="pesa" pos="NOUN">pesas</instance>
         <wf lemma="oli" pos="X">oli</wf>
         <wf lemma="neli" pos="X">neli</wf>
         <wf lemma="linnupoega" pos="X">linnupoega</wf>
         <wf lemma="." pos="X">.</wf>
      </sentence>
      <sentence id="d000.s1043" source="wordnet-estonian">
         <wf lemma="Laskis" pos="X">Laskis</wf>
         <wf lemma="ragulkast" pos="X">ragulkast</wf>
         <wf lemma="," pos="X">,</wf>
         <instance id="d000.s1043.t000" lemma="ragulka" pos="NOUN">ragulkaga</instance>
         <wf lemma="kassi" pos="X">kassi</wf>
         <wf lemma="pihta" pos="X">pihta</wf>
         <wf lemma="." pos="X">.</wf>
         <wf lemma="Sihib" pos="X">Sihib</wf>
         <wf lemma="ragulkaga" pos="X">ragulkaga</wf>
         <wf lemma="varblast" pos="X">varblast</wf>
         <wf lemma="puuokstes" pos="X">puuokstes</wf>
         <wf lemma="." pos="X">.</wf>
      </sentence>
      <sentence id="d000.s1044" source="wordnet-estonian">
         <wf lemma="Kasutatud" pos="X">Kasutatud</wf>
         <wf lemma="on" pos="X">on</wf>
         <wf lemma="päris" pos="X">päris</wf>
         <wf lemma="mitut" pos="X">mitut</wf>
         <wf lemma="konservanti" pos="X">konservanti</wf>
         <wf lemma="-" pos="X">-</wf>
         <wf lemma="bensoehapet" pos="X">bensoehapet</wf>
         <wf lemma="ja" pos="X">ja</wf>
         <wf lemma="selle" pos="X">selle</wf>
         <wf lemma="lahustuvaid" pos="X">lahustuvaid</wf>
         <instance id="d000.s1044.t000" lemma="sool" pos="NOUN">sooli</instance>
         <wf lemma="." pos="X">.</wf>
      </sentence>
      <sentence id="d000.s1045" source="wordnet-estonian">
         <instance id="d000.s1045.t000" lemma="pasta" pos="NOUN">Pasta</instance>
         <wf lemma="valamute" pos="X">valamute</wf>
         <wf lemma="puhastamiseks" pos="X">puhastamiseks</wf>
         <wf lemma="." pos="X">.</wf>
         <wf lemma="(" pos="X">(</wf>
         <wf lemma="EKSS" pos="X">EKSS</wf>
         <wf lemma=")" pos="X">)</wf>
         <wf lemma="." pos="X">.</wf>
      </sentence>
      <sentence id="d000.s1046" source="wordnet-estonian">
         <wf lemma="M." pos="X">M.</wf>
         <wf lemma="Lüdigi" pos="X">Lüdigi</wf>
         <instance id="d000.s1046.t000" lemma="süit" pos="NOUN">süit</instance>
         <wf lemma="&quot;" pos="X">&quot;</wf>
         <wf lemma="Lembitu" pos="X">Lembitu</wf>
         <wf lemma="(" pos="X">(</wf>
         <wf lemma="EKSS" pos="X">EKSS</wf>
         <wf lemma=")" pos="X">)</wf>
         <wf lemma="." pos="X">.</wf>
      </sentence>
      <sentence id="d000.s1047" source="wordnet-estonian">
         <wf lemma="Lennuki" pos="X">Lennuki</wf>
         <wf lemma="hõbedased" pos="X">hõbedased</wf>
         <wf lemma="," pos="X">,</wf>
         <wf lemma="alumiiniumist" pos="X">alumiiniumist</wf>
         <instance id="d000.s1047.t000" lemma="tiib" pos="NOUN">tiivad</instance>
         <wf lemma="(" pos="X">(</wf>
         <wf lemma="EKSS" pos="X">EKSS</wf>
         <wf lemma=")" pos="X">)</wf>
         <wf lemma="." pos="X">.</wf>
      </sentence>
      <sentence id="d000.s1048" source="wordnet-estonian">
         <wf lemma="Inimese" pos="X">Inimese</wf>
         <wf lemma="," pos="X">,</wf>
         <wf lemma="ahvi" pos="X">ahvi</wf>
         <wf lemma="," pos="X">,</wf>
         <wf lemma="linnu" pos="X">linnu</wf>
         <wf lemma="," pos="X">,</wf>
         <wf lemma="kala" pos="X">kala</wf>
         <instance id="d000.s1048.t000" lemma="skelett" pos="NOUN">skelett</instance>
         <wf lemma="." pos="X">.</wf>
      </sentence>
      <sentence id="d000.s1049" source="wordnet-estonian">
         <instance id="d000.s1049.t000" lemma="alpinism" pos="NOUN">Alpinismi</instance>
         <wf lemma="harrastama" pos="X">harrastama</wf>
         <wf lemma="." pos="X">.</wf>
         <wf lemma="Alpinismiga" pos="X">Alpinismiga</wf>
         <wf lemma="tegelema" pos="X">tegelema</wf>
         <wf lemma="." pos="X">.</wf>
      </sentence>
      <sentence id="d000.s1050" source="wordnet-estonian">
         <wf lemma="Algas" pos="X">Algas</wf>
         <instance id="d000.s1050.t000" lemma="rahutu" pos="ADJ">rahutu</instance>
         <wf lemma="elu" pos="X">elu</wf>
         <wf lemma="," pos="X">,</wf>
         <wf lemma="vahetpidamata" pos="X">vahetpidamata</wf>
         <wf lemma="rändamine" pos="X">rändamine</wf>
         <wf lemma="ühest" pos="X">ühest</wf>
         <wf lemma="kohast" pos="X">kohast</wf>
         <wf lemma="teise" pos="X">teise</wf>
         <wf lemma="." pos="X">.</wf>
      </sentence>
      <sentence id="d000.s1051" source="wordnet-estonian">
         <wf lemma="Praegu" pos="X">Praegu</wf>
         <wf lemma="on" pos="X">on</wf>
         <wf lemma="sinu" pos="X">sinu</wf>
         <instance id="d000.s1051.t000" lemma="võimalus" pos="NOUN">võimalus</instance>
         <wf lemma="!" pos="X">!</wf>
         <wf lemma="Ei" pos="X">Ei</wf>
         <wf lemma="leidunud" pos="X">leidunud</wf>
         <wf lemma="mingit" pos="X">mingit</wf>
         <wf lemma="võimalust" pos="X">võimalust</wf>
         <wf lemma="järele" pos="X">järele</wf>
         <wf lemma="proovimiseks" pos="X">proovimiseks</wf>
         <wf lemma="." pos="X">.</wf>
      </sentence>
      <sentence id="d000.s1052" source="wordnet-estonian">
         <wf lemma="Päike" pos="X">Päike</wf>
         <wf lemma="tõuseb" pos="X">tõuseb</wf>
         <wf lemma="," pos="X">,</wf>
         <wf lemma="paistab" pos="X">paistab</wf>
         <wf lemma="," pos="X">,</wf>
         <wf lemma="loojub" pos="X">loojub</wf>
         <wf lemma="." pos="X">.</wf>
         <wf lemma="Kevadel" pos="X">Kevadel</wf>
         <wf lemma="käib" pos="X">käib</wf>
         <instance id="d000.s1052.t000" lemma="päike" pos="NOUN">päike</instance>
         <wf lemma="kõrgelt" pos="X">kõrgelt</wf>
         <wf lemma="." pos="X">.</wf>
      </sentence>
      <sentence id="d000.s1053" source="wordnet-estonian">
         <instance id="d000.s1053.t000" lemma="valgus" pos="NOUN">Valguse</instance>
         <wf lemma="kiirus" pos="X">kiirus</wf>
         <wf lemma="on" pos="X">on</wf>
         <wf lemma="300" pos="X">300</wf>
         <wf lemma="000" pos="X">000</wf>
         <wf lemma="km/s" pos="X">km/s</wf>
         <wf lemma="(" pos="X">(</wf>
         <wf lemma="EKSS" pos="X">EKSS</wf>
         <wf lemma=")" pos="X">)</wf>
         <wf lemma="." pos="X">.</wf>
      </sentence>
      <sentence id="d000.s1054" source="wordnet-estonian">
         <wf lemma="See" pos="X">See</wf>
         <wf lemma="juhtum" pos="X">juhtum</wf>
         <wf lemma="on" pos="X">on</wf>
         <wf lemma="mul" pos="X">mul</wf>
         <instance id="d000.s1054.t000" lemma="alati" pos="ADV">alati</instance>
         <wf lemma="meeles" pos="X">meeles</wf>
         <wf lemma="." pos="X">.</wf>
         <wf lemma="(" pos="X">(</wf>
         <wf lemma="EKSS" pos="X">EKSS</wf>
         <wf lemma=")" pos="X">)</wf>
         <wf lemma="." pos="X">.</wf>
      </sentence>
      <sentence id="d000.s1055" source="wordnet-estonian">
         <wf lemma="Sellist" pos="X">Sellist</wf>
         <instance id="d000.s1055.t000" lemma="laad" pos="NOUN">laadi</instance>
         <wf lemma="kingad" pos="X">kingad</wf>
         <wf lemma="on" pos="X">on</wf>
         <wf lemma="poodides" pos="X">poodides</wf>
         <wf lemma="väga" pos="X">väga</wf>
         <wf lemma="nõutud" pos="X">nõutud</wf>
         <wf lemma="." pos="X">.</wf>
      </sentence>
      <sentence id="d000.s1056" source="wordnet-estonian">
         <wf lemma="Asjal" pos="X">Asjal</wf>
         <wf lemma="on" pos="X">on</wf>
         <wf lemma="veel" pos="X">veel</wf>
         <wf lemma="üks" pos="X">üks</wf>
         <instance id="d000.s1056.t000" lemma="aspekt" pos="NOUN">aspekt</instance>
         <wf lemma="," pos="X">,</wf>
         <wf lemma="mida" pos="X">mida</wf>
         <wf lemma="peame" pos="X">peame</wf>
         <wf lemma="arvestama" pos="X">arvestama</wf>
         <wf lemma="." pos="X">.</wf>
      </sentence>
      <sentence id="d000.s1057" source="wordnet-estonian">
         <instance id="d000.s1057.t000" lemma="suitsetama" pos="VERB">Suitsetab</instance>
         <wf lemma="paki" pos="X">paki</wf>
         <wf lemma="sigarette" pos="X">sigarette</wf>
         <wf lemma="päevas" pos="X">päevas</wf>
         <wf lemma="." pos="X">.</wf>
         <wf lemma="(" pos="X">(</wf>
         <wf lemma="EKSS" pos="X">EKSS</wf>
         <wf lemma=")" pos="X">)</wf>
         <wf lemma="." pos="X">.</wf>
      </sentence>
      <sentence id="d000.s1058" source="wordnet-estonian">
         <wf lemma="Emakeele" pos="X">Emakeele</wf>
         <wf lemma="Seltsi" pos="X">Seltsi</wf>
         <wf lemma="," pos="X">,</wf>
         <wf lemma="Kirjanike" pos="X">Kirjanike</wf>
         <wf lemma="Liidu" pos="X">Liidu</wf>
         <instance id="d000.s1058.t000" lemma="juhatus" pos="NOUN">juhatus</instance>
         <wf lemma="." pos="X">.</wf>
         <wf lemma="Kolhoosi" pos="X">Kolhoosi</wf>
         <wf lemma="," pos="X">,</wf>
         <wf lemma="kooperatiivi" pos="X">kooperatiivi</wf>
         <wf lemma="juhatus" pos="X">juhatus</wf>
         <wf lemma="." pos="X">.</wf>
      </sentence>
      <sentence id="d000.s1059" source="wordnet-estonian">
         <wf lemma="Pühadeni" pos="X">Pühadeni</wf>
         <wf lemma="jääb" pos="X">jääb</wf>
         <wf lemma="tänasest" pos="X">tänasest</wf>
         <wf lemma="veel" pos="X">veel</wf>
         <wf lemma="kaks" pos="X">kaks</wf>
         <instance id="d000.s1059.t000" lemma="nädal" pos="NOUN">nädalat</instance>
         <wf lemma="(" pos="X">(</wf>
         <wf lemma="EKSS" pos="X">EKSS</wf>
         <wf lemma=")" pos="X">)</wf>
         <wf lemma="." pos="X">.</wf>
      </sentence>
      <sentence id="d000.s1060" source="wordnet-estonian">
         <wf lemma="Selles" pos="X">Selles</wf>
         <wf lemma="koolis" pos="X">koolis</wf>
         <wf lemma="on" pos="X">on</wf>
         <instance id="d000.s1060.t000" lemma="kohutavalt" pos="ADV">kohutavalt</instance>
         <wf lemma="palju" pos="X">palju</wf>
         <wf lemma="lapsi" pos="X">lapsi</wf>
         <wf lemma="." pos="X">.</wf>
      </sentence>
      <sentence id="d000.s1061" source="wordnet-estonian">
         <wf lemma="Laiad" pos="X">Laiad</wf>
         <wf lemma="," pos="X">,</wf>
         <wf lemma="kitsad" pos="X">kitsad</wf>
         <wf lemma="," pos="X">,</wf>
         <wf lemma="teravate" pos="X">teravate</wf>
         <wf lemma="," pos="X">,</wf>
         <wf lemma="tõusvate" pos="X">tõusvate</wf>
         <wf lemma="," pos="X">,</wf>
         <wf lemma="langevate" pos="X">langevate</wf>
         <wf lemma="otstega" pos="X">otstega</wf>
         <instance id="d000.s1061.t000" lemma="reväär" pos="NOUN">reväärid</instance>
         <wf lemma="." pos="X">.</wf>
         <wf lemma="Pintsaku" pos="X">Pintsaku</wf>
         <wf lemma="," pos="X">,</wf>
         <wf lemma="vormikuue" pos="X">vormikuue</wf>
         <wf lemma="reväärid" pos="X">reväärid</wf>
         <wf lemma="." pos="X">.</wf>
         <wf lemma="Jaki" pos="X">Jaki</wf>
         <wf lemma="krae" pos="X">krae</wf>
         <wf lemma="ja" pos="X">ja</wf>
         <wf lemma="reväärid" pos="X">reväärid</wf>
         <wf lemma="on" pos="X">on</wf>
         <wf lemma="musta" pos="X">musta</wf>
         <wf lemma="paelaga" pos="X">paelaga</wf>
         <wf lemma="kanditud" pos="X">kanditud</wf>
         <wf lemma="." pos="X">.</wf>
         <wf lemma="Kollaste" pos="X">Kollaste</wf>
         <wf lemma="revääridega" pos="X">revääridega</wf>
         <wf lemma="hommikumantel" pos="X">hommikumantel</wf>
         <wf lemma="." pos="X">.</wf>
         <wf lemma="Daam" pos="X">Daam</wf>
         <wf lemma="kannab" pos="X">kannab</wf>
         <wf lemma="kannikesekimpu" pos="X">kannikesekimpu</wf>
         <wf lemma="kleidi" pos="X">kleidi</wf>
         <wf lemma="revääril" pos="X">revääril</wf>
         <wf lemma="." pos="X">.</wf>
         <wf lemma="Reväärideta" pos="X">Reväärideta</wf>
         <wf lemma="püksid" pos="X">püksid</wf>
         <wf lemma="." pos="X">.</wf>
      </sentence>
      <sentence id="d000.s1062" source="wordnet-estonian">
         <wf lemma="Sellest" pos="X">Sellest</wf>
         <instance id="d000.s1062.t000" lemma="järv" pos="NOUN">järvest</instance>
         <wf lemma="püütakse" pos="X">püütakse</wf>
         <wf lemma="peamiselt" pos="X">peamiselt</wf>
         <wf lemma="ahvenat" pos="X">ahvenat</wf>
         <wf lemma="ja" pos="X">ja</wf>
         <wf lemma="särge" pos="X">särge</wf>
         <wf lemma="(" pos="X">(</wf>
         <wf lemma="EKSS" pos="X">EKSS</wf>
         <wf lemma=")" pos="X">)</wf>
         <wf lemma="." pos="X">.</wf>
      </sentence>
      <sentence id="d000.s1063" source="wordnet-estonian">
         <wf lemma="Aurik" pos="X">Aurik</wf>
         <instance id="d000.s1063.t000" lemma="lammutama" pos="VERB">lammutati</instance>
         <wf lemma="vanarauaks" pos="X">vanarauaks</wf>
         <wf lemma="." pos="X">.</wf>
      </sentence>
      <sentence id="d000.s1064" source="wordnet-estonian">
         <wf lemma="Tõmbas" pos="X">Tõmbas</wf>
         <instance id="d000.s1064.t000" lemma="stepsel" pos="NOUN">stepsli</instance>
         <wf lemma="seinast" pos="X">seinast</wf>
         <wf lemma="välja" pos="X">välja</wf>
         <wf lemma="." pos="X">.</wf>
      </sentence>
      <sentence id="d000.s1065" source="wordnet-estonian">
         <wf lemma="Paadunud" pos="X">Paadunud</wf>
         <instance id="d000.s1065.t000" lemma="bürokraat" pos="NOUN">bürokraat</instance>
         <wf lemma="." pos="X">.</wf>
         <wf lemma="Kõige" pos="X">Kõige</wf>
         <wf lemma="ehtsam" pos="X">ehtsam</wf>
         <wf lemma="bürokraat" pos="X">bürokraat</wf>
         <wf lemma="!" pos="X">!</wf>
      </sentence>
      <sentence id="d000.s1066" source="wordnet-estonian">
         <instance id="d000.s1066.t000" lemma="võtma" pos="VERB">Võta</instance>
         <wf lemma="veel" pos="X">veel</wf>
         <wf lemma="kooki" pos="X">kooki</wf>
         <wf lemma="!" pos="X">!</wf>
      </sentence>
      <sentence id="d000.s1067" source="wordnet-estonian">
         <wf lemma="Mul" pos="X">Mul</wf>
         <wf lemma="tekkis" pos="X">tekkis</wf>
         <wf lemma="nukker" pos="X">nukker</wf>
         <instance id="d000.s1067.t000" lemma="liigsus" pos="NOUN">liigsuse</instance>
         <wf lemma="tunne" pos="X">tunne</wf>
         <wf lemma="." pos="X">.</wf>
      </sentence>
      <sentence id="d000.s1068" source="wordnet-estonian">
         <wf lemma="Poisi" pos="X">Poisi</wf>
         <instance id="d000.s1068.t000" lemma="füüsiline" pos="ADJ">füüsilised</instance>
         <wf lemma="eeldused" pos="X">eeldused</wf>
         <wf lemma="on" pos="X">on</wf>
         <wf lemma="sportlasele" pos="X">sportlasele</wf>
         <wf lemma="sobivad" pos="X">sobivad</wf>
         <wf lemma="." pos="X">.</wf>
         <wf lemma="Füüsiline" pos="X">Füüsiline</wf>
         <wf lemma="tarve" pos="X">tarve</wf>
         <wf lemma="liikuda" pos="X">liikuda</wf>
         <wf lemma="." pos="X">.</wf>
      </sentence>
      <sentence id="d000.s1069" source="wordnet-estonian">
         <wf lemma="Päike" pos="X">Päike</wf>
         <wf lemma="tõuseb" pos="X">tõuseb</wf>
         <wf lemma="idast" pos="X">idast</wf>
         <wf lemma="ja" pos="X">ja</wf>
         <wf lemma="loojub" pos="X">loojub</wf>
         <instance id="d000.s1069.t000" lemma="lääs" pos="NOUN">läände</instance>
         <wf lemma="(" pos="X">(</wf>
         <wf lemma="EKSS" pos="X">EKSS</wf>
         <wf lemma=")" pos="X">)</wf>
         <wf lemma="." pos="X">.</wf>
      </sentence>
      <sentence id="d000.s1070" source="wordnet-estonian">
         <wf lemma="Tõusin" pos="X">Tõusin</wf>
         <wf lemma="ebamugavast" pos="X">ebamugavast</wf>
         <instance id="d000.s1070.t000" lemma="poos" pos="NOUN">poosist</instance>
         <wf lemma="kangestunud" pos="X">kangestunud</wf>
         <wf lemma="jalgu" pos="X">jalgu</wf>
         <wf lemma="sirutama" pos="X">sirutama</wf>
         <wf lemma="." pos="X">.</wf>
      </sentence>
      <sentence id="d000.s1071" source="wordnet-estonian">
         <wf lemma="Emakeele" pos="X">Emakeele</wf>
         <wf lemma="Selts" pos="X">Selts</wf>
         <instance id="d000.s1071.t000" lemma="deponeerima" pos="VERB">deponeeris</instance>
         <wf lemma="oma" pos="X">oma</wf>
         <wf lemma="murdematerjalid" pos="X">murdematerjalid</wf>
         <wf lemma="Keele" pos="X">Keele</wf>
         <wf lemma="ja" pos="X">ja</wf>
         <wf lemma="Kirjanduse" pos="X">Kirjanduse</wf>
         <wf lemma="Instituuti" pos="X">Instituuti</wf>
         <wf lemma="." pos="X">.</wf>
         <wf lemma="(" pos="X">(</wf>
         <wf lemma="EKSS" pos="X">EKSS</wf>
         <wf lemma=")" pos="X">)</wf>
         <wf lemma="." pos="X">.</wf>
      </sentence>
      <sentence id="d000.s1072" source="wordnet-estonian">
         <instance id="d000.s1072.t000" lemma="liiklus" pos="NOUN">Liikluseks</instance>
         <wf lemma="suletud" pos="X">suletud</wf>
         <wf lemma="tänavalõik" pos="X">tänavalõik</wf>
         <wf lemma="." pos="X">.</wf>
      </sentence>
      <sentence id="d000.s1073" source="wordnet-estonian">
         <wf lemma="Korraldati" pos="X">Korraldati</wf>
         <instance id="d000.s1073.t000" lemma="ekskursioon" pos="NOUN">ekskursioon</instance>
         <wf lemma="Tallinna" pos="X">Tallinna</wf>
         <wf lemma="vanalinnaga" pos="X">vanalinnaga</wf>
         <wf lemma="tutvumiseks" pos="X">tutvumiseks</wf>
         <wf lemma="." pos="X">.</wf>
      </sentence>
      <sentence id="d000.s1074" source="wordnet-estonian">
         <wf lemma="Mu" pos="X">Mu</wf>
         <wf lemma="tervis" pos="X">tervis</wf>
         <wf lemma="on" pos="X">on</wf>
         <instance id="d000.s1074.t000" lemma="alati" pos="ADV">alati</instance>
         <wf lemma="kehv" pos="X">kehv</wf>
         <wf lemma="olnud" pos="X">olnud</wf>
         <wf lemma="." pos="X">.</wf>
         <wf lemma="(" pos="X">(</wf>
         <wf lemma="EKSS" pos="X">EKSS</wf>
         <wf lemma=")" pos="X">)</wf>
         <wf lemma="." pos="X">.</wf>
      </sentence>
      <sentence id="d000.s1075" source="wordnet-estonian">
         <wf lemma="Raamat" pos="X">Raamat</wf>
         <wf lemma="on" pos="X">on</wf>
         <instance id="d000.s1075.t000" lemma="kompilatsioon" pos="NOUN">kompilatsioon</instance>
         <wf lemma="mitmetest" pos="X">mitmetest</wf>
         <wf lemma="varasematest" pos="X">varasematest</wf>
         <wf lemma="uurimustest" pos="X">uurimustest</wf>
         <wf lemma="." pos="X">.</wf>
      </sentence>
      <sentence id="d000.s1076" source="wordnet-estonian">
         <wf lemma="Kuusk" pos="X">Kuusk</wf>
         <wf lemma="säras" pos="X">säras</wf>
         <wf lemma="tuledes" pos="X">tuledes</wf>
         <wf lemma="." pos="X">.</wf>
         <wf lemma="Vastutulev" pos="X">Vastutulev</wf>
         <wf lemma="auto" pos="X">auto</wf>
         <wf lemma="pimestas" pos="X">pimestas</wf>
         <instance id="d000.s1076.t000" lemma="tuli" pos="NOUN">tuledega</instance>
         <wf lemma="." pos="X">.</wf>
         <wf lemma="Ööliblikad" pos="X">Ööliblikad</wf>
         <wf lemma="lendavad" pos="X">lendavad</wf>
         <wf lemma="tule" pos="X">tule</wf>
         <wf lemma="peale" pos="X">peale</wf>
         <wf lemma="." pos="X">.</wf>
      </sentence>
      <sentence id="d000.s1077" source="wordnet-estonian">
         <instance id="d000.s1077.t000" lemma="hape" pos="NOUN">Happed</instance>
         <wf lemma="võivad" pos="X">võivad</wf>
         <wf lemma="vedelas" pos="X">vedelas</wf>
         <wf lemma="olekus" pos="X">olekus</wf>
         <wf lemma="söövitada" pos="X">söövitada</wf>
         <wf lemma="nahka" pos="X">nahka</wf>
         <wf lemma="." pos="X">.</wf>
      </sentence>
      <sentence id="d000.s1078" source="wordnet-estonian">
         <wf lemma="Ta" pos="X">Ta</wf>
         <wf lemma="teadis" pos="X">teadis</wf>
         <wf lemma="mitut" pos="X">mitut</wf>
         <wf lemma="meest" pos="X">meest</wf>
         <wf lemma="," pos="X">,</wf>
         <wf lemma="kelle" pos="X">kelle</wf>
         <wf lemma="suust" pos="X">suust</wf>
         <wf lemma="võis" pos="X">võis</wf>
         <wf lemma="kuulda" pos="X">kuulda</wf>
         <wf lemma="igasugu" pos="X">igasugu</wf>
         <instance id="d000.s1078.t000" lemma="väljend" pos="NOUN">väljendeid</instance>
         <wf lemma="." pos="X">.</wf>
      </sentence>
      <sentence id="d000.s1079" source="wordnet-estonian">
         <wf lemma="Neurasteeniline" pos="X">Neurasteeniline</wf>
         <wf lemma="," pos="X">,</wf>
         <wf lemma="hüpohondriline" pos="X">hüpohondriline</wf>
         <instance id="d000.s1079.t000" lemma="sündroom" pos="NOUN">sündroom</instance>
         <wf lemma="." pos="X">.</wf>
         <wf lemma="Peaaju" pos="X">Peaaju</wf>
         <wf lemma="traumade" pos="X">traumade</wf>
         <wf lemma="korral" pos="X">korral</wf>
         <wf lemma="võivad" pos="X">võivad</wf>
         <wf lemma="esineda" pos="X">esineda</wf>
         <wf lemma="psüühiline" pos="X">psüühiline</wf>
         <wf lemma="," pos="X">,</wf>
         <wf lemma="vegetatiivne" pos="X">vegetatiivne</wf>
         <wf lemma="ja" pos="X">ja</wf>
         <wf lemma="neuroloogiline" pos="X">neuroloogiline</wf>
         <wf lemma="sündroom" pos="X">sündroom</wf>
         <wf lemma="." pos="X">.</wf>
         <wf lemma="(" pos="X">(</wf>
         <wf lemma="EKSS" pos="X">EKSS</wf>
         <wf lemma=")" pos="X">)</wf>
         <wf lemma="." pos="X">.</wf>
      </sentence>
      <sentence id="d000.s1080" source="wordnet-estonian">
         <instance id="d000.s1080.t000" lemma="estragon" pos="NOUN">Estragoni</instance>
         <wf lemma="lehti" pos="X">lehti</wf>
         <wf lemma="ja" pos="X">ja</wf>
         <wf lemma="noori" pos="X">noori</wf>
         <wf lemma="võrseid" pos="X">võrseid</wf>
         <wf lemma="tarvitatakse" pos="X">tarvitatakse</wf>
         <wf lemma="köögivilja-" pos="X">köögivilja-</wf>
         <wf lemma="," pos="X">,</wf>
         <wf lemma="liha-" pos="X">liha-</wf>
         <wf lemma="ja" pos="X">ja</wf>
         <wf lemma="kalatoitude" pos="X">kalatoitude</wf>
         <wf lemma="," pos="X">,</wf>
         <wf lemma="samuti" pos="X">samuti</wf>
         <wf lemma="majoneesi" pos="X">majoneesi</wf>
         <wf lemma="," pos="X">,</wf>
         <wf lemma="sinepi" pos="X">sinepi</wf>
         <wf lemma="ja" pos="X">ja</wf>
         <wf lemma="marinaadide" pos="X">marinaadide</wf>
         <wf lemma="maitsestamiseks" pos="X">maitsestamiseks</wf>
         <wf lemma="." pos="X">.</wf>
      </sentence>
      <sentence id="d000.s1081" source="wordnet-estonian">
         <wf lemma="Eesti" pos="X">Eesti</wf>
         <wf lemma="keele" pos="X">keele</wf>
         <instance id="d000.s1081.t000" lemma="komparatiiv" pos="NOUN">komparatiivi</instance>
         <wf lemma="tunnus" pos="X">tunnus</wf>
         <wf lemma="on" pos="X">on</wf>
         <wf lemma="-m." pos="X">-m.</wf>
      </sentence>
      <sentence id="d000.s1082" source="wordnet-estonian">
         <wf lemma="Mul" pos="X">Mul</wf>
         <wf lemma="on" pos="X">on</wf>
         <wf lemma="nüüd" pos="X">nüüd</wf>
         <wf lemma="priius" pos="X">priius</wf>
         <wf lemma="ja" pos="X">ja</wf>
         <instance id="d000.s1082.t000" lemma="luba" pos="NOUN">luba</instance>
         <wf lemma="teha" pos="X">teha</wf>
         <wf lemma="," pos="X">,</wf>
         <wf lemma="mis" pos="X">mis</wf>
         <wf lemma="tahan" pos="X">tahan</wf>
         <wf lemma="(" pos="X">(</wf>
         <wf lemma="EKSS" pos="X">EKSS</wf>
         <wf lemma=")" pos="X">)</wf>
         <wf lemma="." pos="X">.</wf>
      </sentence>
      <sentence id="d000.s1083" source="wordnet-estonian">
         <wf lemma="Sügisel" pos="X">Sügisel</wf>
         <wf lemma="peaks" pos="X">peaks</wf>
         <instance id="d000.s1083.t000" lemma="vitamiin" pos="NOUN">vitamiine</instance>
         <wf lemma="sööma" pos="X">sööma</wf>
         <wf lemma="," pos="X">,</wf>
         <wf lemma="et" pos="X">et</wf>
         <wf lemma="mitte" pos="X">mitte</wf>
         <wf lemma="haigeks" pos="X">haigeks</wf>
         <wf lemma="jääda" pos="X">jääda</wf>
         <wf lemma="." pos="X">.</wf>
      </sentence>
      <sentence id="d000.s1084" source="wordnet-estonian">
         <wf lemma="Troopikametsa" pos="X">Troopikametsa</wf>
         <instance id="d000.s1084.t000" lemma="liaan" pos="NOUN">liaanide</instance>
         <wf lemma="rägastik" pos="X">rägastik</wf>
         <wf lemma="." pos="X">.</wf>
      </sentence>
      <sentence id="d000.s1085" source="wordnet-estonian">
         <wf lemma="Raadio" pos="X">Raadio</wf>
         <wf lemma="ja" pos="X">ja</wf>
         <instance id="d000.s1085.t000" lemma="televisioon" pos="NOUN">televisioon</instance>
         <wf lemma="(" pos="X">(</wf>
         <wf lemma="EKSS" pos="X">EKSS</wf>
         <wf lemma=")" pos="X">)</wf>
         <wf lemma="." pos="X">.</wf>
      </sentence>
      <sentence id="d000.s1086" source="wordnet-estonian">
         <instance id="d000.s1086.t000" lemma="alati" pos="ADV">Alati</instance>
         <wf lemma="sõbralik" pos="X">sõbralik</wf>
         <wf lemma="ja" pos="X">ja</wf>
         <wf lemma="abivalmis" pos="X">abivalmis</wf>
         <wf lemma="." pos="X">.</wf>
         <wf lemma="(" pos="X">(</wf>
         <wf lemma="EKSS" pos="X">EKSS</wf>
         <wf lemma=")" pos="X">)</wf>
         <wf lemma="." pos="X">.</wf>
      </sentence>
      <sentence id="d000.s1087" source="wordnet-estonian">
         <wf lemma="Nad" pos="X">Nad</wf>
         <wf lemma="läksid" pos="X">läksid</wf>
         <instance id="d000.s1087.t000" lemma="kiiresti" pos="ADV">kiiresti</instance>
         <wf lemma="," pos="X">,</wf>
         <wf lemma="sest" pos="X">sest</wf>
         <wf lemma="tahtsid" pos="X">tahtsid</wf>
         <wf lemma="laevale" pos="X">laevale</wf>
         <wf lemma="jõuda" pos="X">jõuda</wf>
         <wf lemma="." pos="X">.</wf>
      </sentence>
      <sentence id="d000.s1088" source="wordnet-estonian">
         <instance id="d000.s1088.t000" lemma="mõrvar" pos="NOUN">Mõrvarile</instance>
         <wf lemma="mõisteti" pos="X">mõisteti</wf>
         <wf lemma="surmanuhtlus" pos="X">surmanuhtlus</wf>
         <wf lemma="." pos="X">.</wf>
      </sentence>
      <sentence id="d000.s1089" source="wordnet-estonian">
         <instance id="d000.s1089.t000" lemma="pärilikkus" pos="NOUN">Pärilikkuse</instance>
         <wf lemma="kandjaks" pos="X">kandjaks</wf>
         <wf lemma="on" pos="X">on</wf>
         <wf lemma="nukleiinhapped" pos="X">nukleiinhapped</wf>
         <wf lemma="." pos="X">.</wf>
      </sentence>
      <sentence id="d000.s1090" source="wordnet-estonian">
         <instance id="d000.s1090.t000" lemma="nats" pos="NOUN">Natside</instance>
         <wf lemma="partei" pos="X">partei</wf>
         <wf lemma="." pos="X">.</wf>
      </sentence>
      <sentence id="d000.s1091" source="wordnet-estonian">
         <wf lemma="Sportlased" pos="X">Sportlased</wf>
         <wf lemma="jooksid" pos="X">jooksid</wf>
         <instance id="d000.s1091.t000" lemma="väljak" pos="NOUN">väljakule</instance>
         <wf lemma="." pos="X">.</wf>
      </sentence>
      <sentence id="d000.s1092" source="wordnet-estonian">
         <wf lemma="Maa-" pos="X">Maa-</wf>
         <wf lemma="," pos="X">,</wf>
         <wf lemma="viljahinnad" pos="X">viljahinnad</wf>
         <wf lemma="olid" pos="X">olid</wf>
         <wf lemma="jälle" pos="X">jälle</wf>
         <instance id="d000.s1092.t000" lemma="kukkuma" pos="VERB">kukkunud</instance>
         <wf lemma="(" pos="X">(</wf>
         <wf lemma="EKSS" pos="X">EKSS</wf>
         <wf lemma=")" pos="X">)</wf>
         <wf lemma="." pos="X">.</wf>
      </sentence>
      <sentence id="d000.s1093" source="wordnet-estonian">
         <wf lemma="Kas" pos="X">Kas</wf>
         <wf lemma="minu" pos="X">minu</wf>
         <wf lemma="silmad" pos="X">silmad</wf>
         <wf lemma="seda" pos="X">seda</wf>
         <wf lemma="enam" pos="X">enam</wf>
         <wf lemma="näha" pos="X">näha</wf>
         <instance id="d000.s1093.t000" lemma="saama" pos="VERB">saavad</instance>
         <wf lemma="?" pos="X">?</wf>
         <wf lemma="Saime" pos="X">Saime</wf>
         <wf lemma="kuulda" pos="X">kuulda</wf>
         <wf lemma="häid" pos="X">häid</wf>
         <wf lemma="uudiseid" pos="X">uudiseid</wf>
         <wf lemma="." pos="X">.</wf>
      </sentence>
      <sentence id="d000.s1094" source="wordnet-estonian">
         <instance id="d000.s1094.t000" lemma="noor" pos="ADJ">Noor</instance>
         <wf lemma="seitsmeteistkümneaastane" pos="X">seitsmeteistkümneaastane</wf>
         <wf lemma="neiu" pos="X">neiu</wf>
         <wf lemma="." pos="X">.</wf>
         <wf lemma="Meie" pos="X">Meie</wf>
         <wf lemma="jääme" pos="X">jääme</wf>
         <wf lemma="vanaks" pos="X">vanaks</wf>
         <wf lemma="," pos="X">,</wf>
         <wf lemma="noor" pos="X">noor</wf>
         <wf lemma="põlvkond" pos="X">põlvkond</wf>
         <wf lemma="kasvab" pos="X">kasvab</wf>
         <wf lemma="peale" pos="X">peale</wf>
         <wf lemma="." pos="X">.</wf>
      </sentence>
      <sentence id="d000.s1095" source="wordnet-estonian">
         <wf lemma="Ta" pos="X">Ta</wf>
         <wf lemma="ülendati" pos="X">ülendati</wf>
         <wf lemma="kolonelleitnandist" pos="X">kolonelleitnandist</wf>
         <wf lemma="koloneliks" pos="X">koloneliks</wf>
         <wf lemma="." pos="X">.</wf>
         <wf lemma="Rügementi" pos="X">Rügementi</wf>
         <wf lemma="juhtis" pos="X">juhtis</wf>
         <instance id="d000.s1095.t000" lemma="kolonel" pos="NOUN">kolonel</instance>
         <wf lemma="Higgs" pos="X">Higgs</wf>
         <wf lemma="." pos="X">.</wf>
      </sentence>
      <sentence id="d000.s1096" source="wordnet-estonian">
         <wf lemma="Teda" pos="X">Teda</wf>
         <wf lemma="on" pos="X">on</wf>
         <wf lemma="toitnud" pos="X">toitnud</wf>
         <wf lemma="ema" pos="X">ema</wf>
         <instance id="d000.s1096.t000" lemma="rind" pos="NOUN">rinna</instance>
         <wf lemma="rammus" pos="X">rammus</wf>
         <wf lemma="piim" pos="X">piim</wf>
         <wf lemma="(" pos="X">(</wf>
         <wf lemma="EKSS" pos="X">EKSS</wf>
         <wf lemma=")" pos="X">)</wf>
         <wf lemma="." pos="X">.</wf>
      </sentence>
      <sentence id="d000.s1097" source="wordnet-estonian">
         <wf lemma="Kukkus" pos="X">Kukkus</wf>
         <instance id="d000.s1097.t000" lemma="pea" pos="NOUN">pea</instance>
         <wf lemma="lõhki" pos="X">lõhki</wf>
         <wf lemma="(" pos="X">(</wf>
         <wf lemma="EKSS" pos="X">EKSS</wf>
         <wf lemma=")" pos="X">)</wf>
         <wf lemma="." pos="X">.</wf>
      </sentence>
      <sentence id="d000.s1098" source="wordnet-estonian">
         <wf lemma="Jääb" pos="X">Jääb</wf>
         <wf lemma="siis" pos="X">siis</wf>
         <wf lemma="nii" pos="X">nii</wf>
         <wf lemma="," pos="X">,</wf>
         <wf lemma="et" pos="X">et</wf>
         <wf lemma="homme" pos="X">homme</wf>
         <instance id="d000.s1098.t000" lemma="nägema" pos="VERB">näeme</instance>
         <wf lemma="." pos="X">.</wf>
      </sentence>
      <sentence id="d000.s1099" source="wordnet-estonian">
         <wf lemma="Tal" pos="X">Tal</wf>
         <wf lemma="puudub" pos="X">puudub</wf>
         <wf lemma="maja" pos="X">maja</wf>
         <wf lemma="ostmiseks" pos="X">ostmiseks</wf>
         <instance id="d000.s1099.t000" lemma="kapital" pos="NOUN">kapital</instance>
         <wf lemma="." pos="X">.</wf>
         <wf lemma="." pos="X">.</wf>
         <wf lemma="Paigutas" pos="X">Paigutas</wf>
         <wf lemma="kogu" pos="X">kogu</wf>
         <wf lemma="oma" pos="X">oma</wf>
         <wf lemma="kapitali" pos="X">kapitali</wf>
         <wf lemma="aktsiatesse" pos="X">aktsiatesse</wf>
         <wf lemma="." pos="X">.</wf>
      </sentence>
      <sentence id="d000.s1100" source="wordnet-estonian">
         <wf lemma="Elab" pos="X">Elab</wf>
         <wf lemma="alumisel" pos="X">alumisel</wf>
         <wf lemma="," pos="X">,</wf>
         <wf lemma="ülemisel" pos="X">ülemisel</wf>
         <wf lemma="," pos="X">,</wf>
         <wf lemma="kolmandal" pos="X">kolmandal</wf>
         <instance id="d000.s1100.t000" lemma="kord" pos="NOUN">korral</instance>
         <wf lemma="." pos="X">.</wf>
         <wf lemma="Läksin" pos="X">Läksin</wf>
         <wf lemma="mööda" pos="X">mööda</wf>
         <wf lemma="treppi" pos="X">treppi</wf>
         <wf lemma="teisele" pos="X">teisele</wf>
         <wf lemma="korrale" pos="X">korrale</wf>
         <wf lemma="." pos="X">.</wf>
         <wf lemma="Majale" pos="X">Majale</wf>
         <wf lemma="ehitati" pos="X">ehitati</wf>
         <wf lemma="peale" pos="X">peale</wf>
         <wf lemma="teine" pos="X">teine</wf>
         <wf lemma="kord" pos="X">kord</wf>
         <wf lemma="." pos="X">.</wf>
      </sentence>
      <sentence id="d000.s1101" source="wordnet-estonian">
         <wf lemma="Liibanoni" pos="X">Liibanoni</wf>
         <wf lemma="elanikest" pos="X">elanikest</wf>
         <wf lemma="on" pos="X">on</wf>
         <wf lemma="osa" pos="X">osa</wf>
         <instance id="d000.s1101.t000" lemma="kristlane" pos="NOUN">kristlased</instance>
         <wf lemma="," pos="X">,</wf>
         <wf lemma="osa" pos="X">osa</wf>
         <wf lemma="muhameedlased" pos="X">muhameedlased</wf>
         <wf lemma="." pos="X">.</wf>
      </sentence>
      <sentence id="d000.s1102" source="wordnet-estonian">
         <wf lemma="Käik" pos="X">Käik</wf>
         <wf lemma="muutus" pos="X">muutus</wf>
         <wf lemma="järjest" pos="X">järjest</wf>
         <wf lemma="kitsamaks" pos="X">kitsamaks</wf>
         <wf lemma="." pos="X">.</wf>
         <wf lemma="Rebis" pos="X">Rebis</wf>
         <wf lemma="paberi" pos="X">paberi</wf>
         <wf lemma="küljest" pos="X">küljest</wf>
         <instance id="d000.s1102.t000" lemma="kitsas" pos="ADJ">kitsa</instance>
         <wf lemma="riba" pos="X">riba</wf>
         <wf lemma="." pos="X">.</wf>
      </sentence>
      <sentence id="d000.s1103" source="wordnet-estonian">
         <wf lemma="Murdeainestiku" pos="X">Murdeainestiku</wf>
         <wf lemma="," pos="X">,</wf>
         <wf lemma="rahvalaulude" pos="X">rahvalaulude</wf>
         <wf lemma="," pos="X">,</wf>
         <wf lemma="haruldaste" pos="X">haruldaste</wf>
         <wf lemma="raamatute" pos="X">raamatute</wf>
         <instance id="d000.s1103.t000" lemma="koguja" pos="NOUN">koguja</instance>
         <wf lemma="." pos="X">.</wf>
         <wf lemma="*" pos="X">*</wf>
         <wf lemma="Need" pos="X">Need</wf>
         <wf lemma="[" pos="X">[</wf>
         <wf lemma="=" pos="X">=</wf>
         <wf lemma="oravad" pos="X">oravad</wf>
         <wf lemma="]" pos="X">]</wf>
         <wf lemma="olid" pos="X">olid</wf>
         <wf lemma="ahned" pos="X">ahned</wf>
         <wf lemma="loomakesed" pos="X">loomakesed</wf>
         <wf lemma="," pos="X">,</wf>
         <wf lemma="kroonilised" pos="X">kroonilised</wf>
         <wf lemma="kogujad" pos="X">kogujad</wf>
         <wf lemma="." pos="X">.</wf>
         <wf lemma="." pos="X">.</wf>
         <wf lemma="(" pos="X">(</wf>
         <wf lemma="Autor" pos="X">Autor</wf>
         <wf lemma=":" pos="X">:</wf>
         <wf lemma="N." pos="X">N.</wf>
         <wf lemma="Baturin." pos="X">Baturin.</wf>
         <wf lemma=")" pos="X">)</wf>
         <wf lemma="." pos="X">.</wf>
      </sentence>
      <sentence id="d000.s1104" source="wordnet-estonian">
         <instance id="d000.s1104.t000" lemma="esteetiline" pos="ADJ">Esteetilised</instance>
         <wf lemma="normid" pos="X">normid</wf>
         <wf lemma="," pos="X">,</wf>
         <wf lemma="nõuded" pos="X">nõuded</wf>
         <wf lemma="," pos="X">,</wf>
         <wf lemma="tõekspidamised" pos="X">tõekspidamised</wf>
         <wf lemma="," pos="X">,</wf>
         <wf lemma="väärtused" pos="X">väärtused</wf>
         <wf lemma="." pos="X">.</wf>
      </sentence>
      <sentence id="d000.s1105" source="wordnet-estonian">
         <wf lemma="Pühendas" pos="X">Pühendas</wf>
         <wf lemma="mind" pos="X">mind</wf>
         <wf lemma="oma" pos="X">oma</wf>
         <instance id="d000.s1105.t000" lemma="saladus" pos="NOUN">saladustesse</instance>
         <wf lemma="." pos="X">.</wf>
      </sentence>
      <sentence id="d000.s1106" source="wordnet-estonian">
         <wf lemma="Plaatide" pos="X">Plaatide</wf>
         <wf lemma="," pos="X">,</wf>
         <wf lemma="torustiku" pos="X">torustiku</wf>
         <wf lemma="," pos="X">,</wf>
         <wf lemma="paneelide" pos="X">paneelide</wf>
         <instance id="d000.s1106.t000" lemma="paigaldus" pos="NOUN">paigaldus</instance>
         <wf lemma="." pos="X">.</wf>
         <wf lemma="Liigese" pos="X">Liigese</wf>
         <wf lemma="paigaldus" pos="X">paigaldus</wf>
         <wf lemma="." pos="X">.</wf>
      </sentence>
      <sentence id="d000.s1107" source="wordnet-estonian">
         <wf lemma="Nõukogude" pos="X">Nõukogude</wf>
         <wf lemma="," pos="X">,</wf>
         <wf lemma="looduskaitse" pos="X">looduskaitse</wf>
         <wf lemma="," pos="X">,</wf>
         <wf lemma="töölisliikumise" pos="X">töölisliikumise</wf>
         <wf lemma="aktivistid" pos="X">aktivistid</wf>
         <wf lemma="." pos="X">.</wf>
         <wf lemma="Koori" pos="X">Koori</wf>
         <wf lemma="juhatuse" pos="X">juhatuse</wf>
         <wf lemma="ja" pos="X">ja</wf>
         <instance id="d000.s1107.t000" lemma="aktivist" pos="NOUN">aktivistide</instance>
         <wf lemma="nõupidamine" pos="X">nõupidamine</wf>
         <wf lemma="." pos="X">.</wf>
      </sentence>
      <sentence id="d000.s1108" source="wordnet-estonian">
         <wf lemma="Lapsed" pos="X">Lapsed</wf>
         <wf lemma="jäid" pos="X">jäid</wf>
         <wf lemma="kordamööda" pos="X">kordamööda</wf>
         <instance id="d000.s1108.t000" lemma="mumps" pos="NOUN">mumpsi</instance>
         <wf lemma="," pos="X">,</wf>
         <wf lemma="põdesid" pos="X">põdesid</wf>
         <wf lemma="mumpsi" pos="X">mumpsi</wf>
         <wf lemma="." pos="X">.</wf>
      </sentence>
      <sentence id="d000.s1109" source="wordnet-estonian">
         <wf lemma="Meid" pos="X">Meid</wf>
         <wf lemma="seob" pos="X">seob</wf>
         <wf lemma="ammune" pos="X">ammune</wf>
         <instance id="d000.s1109.t000" lemma="sõprus" pos="NOUN">sõprus</instance>
         <wf lemma="(" pos="X">(</wf>
         <wf lemma="EKSS" pos="X">EKSS</wf>
         <wf lemma=")" pos="X">)</wf>
         <wf lemma="." pos="X">.</wf>
      </sentence>
      <sentence id="d000.s1110" source="wordnet-estonian">
         <wf lemma="Talle" pos="X">Talle</wf>
         <wf lemma="meenus" pos="X">meenus</wf>
         <instance id="d000.s1110.t000" lemma="õpetaja" pos="NOUN">õpetaja</instance>
         <wf lemma="nõuanne" pos="X">nõuanne</wf>
         <wf lemma="." pos="X">.</wf>
      </sentence>
      <sentence id="d000.s1111" source="wordnet-estonian">
         <wf lemma="Pani" pos="X">Pani</wf>
         <wf lemma="kelgule" pos="X">kelgule</wf>
         <wf lemma="uue" pos="X">uue</wf>
         <instance id="d000.s1111.t000" lemma="nöör" pos="NOUN">nööri</instance>
         <wf lemma="külge" pos="X">külge</wf>
         <wf lemma="(" pos="X">(</wf>
         <wf lemma="EKSS" pos="X">EKSS</wf>
         <wf lemma=")" pos="X">)</wf>
         <wf lemma="." pos="X">.</wf>
      </sentence>
      <sentence id="d000.s1112" source="wordnet-estonian">
         <wf lemma="Lähme" pos="X">Lähme</wf>
         <wf lemma="puude" pos="X">puude</wf>
         <instance id="d000.s1112.t000" lemma="vari" pos="NOUN">varju</instance>
         <wf lemma="." pos="X">.</wf>
         <wf lemma="Mees" pos="X">Mees</wf>
         <wf lemma="ehmatas" pos="X">ehmatas</wf>
         <wf lemma="oma" pos="X">oma</wf>
         <wf lemma="varju" pos="X">varju</wf>
         <wf lemma="peale" pos="X">peale</wf>
         <wf lemma="." pos="X">.</wf>
      </sentence>
      <sentence id="d000.s1113" source="wordnet-estonian">
         <wf lemma="Ehk" pos="X">Ehk</wf>
         <instance id="d000.s1113.t000" lemma="leidma" pos="VERB">leiad</instance>
         <wf lemma="minu" pos="X">minu</wf>
         <wf lemma="jaoks" pos="X">jaoks</wf>
         <wf lemma="pool" pos="X">pool</wf>
         <wf lemma="tunnikest" pos="X">tunnikest</wf>
         <wf lemma="." pos="X">.</wf>
      </sentence>
      <sentence id="d000.s1114" source="wordnet-estonian">
         <wf lemma="Teooria" pos="X">Teooria</wf>
         <wf lemma="tutvustamist" pos="X">tutvustamist</wf>
         <wf lemma="tuleb" pos="X">tuleb</wf>
         <instance id="d000.s1114.t000" lemma="alustama" pos="VERB">alustada</instance>
         <wf lemma="põhimõistetest" pos="X">põhimõistetest</wf>
         <wf lemma="." pos="X">.</wf>
      </sentence>
      <sentence id="d000.s1115" source="wordnet-estonian">
         <wf lemma="Vanamoelised" pos="X">Vanamoelised</wf>
         <wf lemma="rõivad" pos="X">rõivad</wf>
         <wf lemma="ei" pos="X">ei</wf>
         <instance id="d000.s1115.t000" lemma="minema" pos="VERB">lähe</instance>
         <wf lemma="," pos="X">,</wf>
         <wf lemma="kes" pos="X">kes</wf>
         <wf lemma="neid" pos="X">neid</wf>
         <wf lemma="ostab" pos="X">ostab</wf>
         <wf lemma="." pos="X">.</wf>
         <wf lemma="Kirjastaja" pos="X">Kirjastaja</wf>
         <wf lemma="kartis" pos="X">kartis</wf>
         <wf lemma="," pos="X">,</wf>
         <wf lemma="et" pos="X">et</wf>
         <wf lemma="selline" pos="X">selline</wf>
         <wf lemma="raamat" pos="X">raamat</wf>
         <wf lemma="ei" pos="X">ei</wf>
         <wf lemma="lähe" pos="X">lähe</wf>
         <wf lemma="." pos="X">.</wf>
      </sentence>
      <sentence id="d000.s1116" source="wordnet-estonian">
         <wf lemma="Ta" pos="X">Ta</wf>
         <instance id="d000.s1116.t000" lemma="kordama" pos="VERB">kordas</instance>
         <wf lemma="papagoina" pos="X">papagoina</wf>
         <wf lemma="iga" pos="X">iga</wf>
         <wf lemma="mu" pos="X">mu</wf>
         <wf lemma="sõna" pos="X">sõna</wf>
         <wf lemma="." pos="X">.</wf>
         <wf lemma="Pole" pos="X">Pole</wf>
         <wf lemma="mõtet" pos="X">mõtet</wf>
         <wf lemma="kõike" pos="X">kõike</wf>
         <wf lemma="eelöeldut" pos="X">eelöeldut</wf>
         <wf lemma="korrata" pos="X">korrata</wf>
         <wf lemma="." pos="X">.</wf>
      </sentence>
      <sentence id="d000.s1117" source="wordnet-estonian">
         <wf lemma="Triibulised" pos="X">Triibulised</wf>
         <wf lemma="," pos="X">,</wf>
         <wf lemma="villased" pos="X">villased</wf>
         <wf lemma="," pos="X">,</wf>
         <wf lemma="soojad" pos="X">soojad</wf>
         <instance id="d000.s1117.t000" lemma="sokk" pos="NOUN">sokid</instance>
         <wf lemma="(" pos="X">(</wf>
         <wf lemma="EKSS" pos="X">EKSS</wf>
         <wf lemma=")" pos="X">)</wf>
         <wf lemma="." pos="X">.</wf>
      </sentence>
      <sentence id="d000.s1118" source="wordnet-estonian">
         <instance id="d000.s1118.t000" lemma="nool" pos="NOUN">Noolt</instance>
         <wf lemma="võib" pos="X">võib</wf>
         <wf lemma="lendu" pos="X">lendu</wf>
         <wf lemma="lasta" pos="X">lasta</wf>
         <wf lemma="ka" pos="X">ka</wf>
         <wf lemma="puhkpüssist" pos="X">puhkpüssist</wf>
         <wf lemma="." pos="X">.</wf>
         <wf lemma="Ambus" pos="X">Ambus</wf>
         <wf lemma="noole" pos="X">noole</wf>
         <wf lemma="lendu" pos="X">lendu</wf>
         <wf lemma="." pos="X">.</wf>
      </sentence>
      <sentence id="d000.s1119" source="wordnet-estonian">
         <wf lemma="Tervis" pos="X">Tervis</wf>
         <wf lemma="pole" pos="X">pole</wf>
         <wf lemma="tema" pos="X">tema</wf>
         <wf lemma="jaoks" pos="X">jaoks</wf>
         <wf lemma="mingi" pos="X">mingi</wf>
         <instance id="d000.s1119.t000" lemma="väärtus" pos="NOUN">väärtus</instance>
         <wf lemma="." pos="X">.</wf>
      </sentence>
      <sentence id="d000.s1120" source="wordnet-estonian">
         <instance id="d000.s1120.t000" lemma="tee" pos="NOUN">Tee</instance>
         <wf lemma="läks" pos="X">läks</wf>
         <wf lemma="pärastpoole" pos="X">pärastpoole</wf>
         <wf lemma="halvemaks" pos="X">halvemaks</wf>
         <wf lemma="." pos="X">.</wf>
         <wf lemma="Tee" pos="X">Tee</wf>
         <wf lemma="hargneb" pos="X">hargneb</wf>
         <wf lemma="kolmeks" pos="X">kolmeks</wf>
         <wf lemma="." pos="X">.</wf>
      </sentence>
      <sentence id="d000.s1121" source="wordnet-estonian">
         <wf lemma="Haige" pos="X">Haige</wf>
         <instance id="d000.s1121.t000" lemma="seisund" pos="NOUN">seisund</instance>
         <wf lemma="muutus" pos="X">muutus</wf>
         <wf lemma="järjest" pos="X">järjest</wf>
         <wf lemma="viletsamaks" pos="X">viletsamaks</wf>
         <wf lemma="." pos="X">.</wf>
      </sentence>
      <sentence id="d000.s1122" source="wordnet-estonian">
         <wf lemma="Segu" pos="X">Segu</wf>
         <wf lemma="kuumutatagu" pos="X">kuumutatagu</wf>
         <wf lemma="70" pos="X">70</wf>
         <instance id="d000.s1122.t000" lemma="kraad" pos="NOUN">kraadini</instance>
         <wf lemma="(" pos="X">(</wf>
         <wf lemma="EKSS" pos="X">EKSS</wf>
         <wf lemma=")" pos="X">)</wf>
         <wf lemma="." pos="X">.</wf>
      </sentence>
      <sentence id="d000.s1123" source="wordnet-estonian">
         <wf lemma="Alates" pos="X">Alates</wf>
         <wf lemma="uusaegkonna" pos="X">uusaegkonna</wf>
         <wf lemma="algusest" pos="X">algusest</wf>
         <wf lemma="on" pos="X">on</wf>
         <wf lemma="paleogeeni" pos="X">paleogeeni</wf>
         <wf lemma="alajaotused" pos="X">alajaotused</wf>
         <wf lemma="-" pos="X">-</wf>
         <instance id="d000.s1123.t000" lemma="paleotseen" pos="NOUN">paleotseen</instance>
         <wf lemma="(" pos="X">(</wf>
         <wf lemma="65-54" pos="X">65-54</wf>
         <wf lemma="miljonit" pos="X">miljonit</wf>
         <wf lemma="aastat" pos="X">aastat</wf>
         <wf lemma="tagasi" pos="X">tagasi</wf>
         <wf lemma=")" pos="X">)</wf>
         <wf lemma="," pos="X">,</wf>
         <wf lemma="eotseen" pos="X">eotseen</wf>
         <wf lemma="(" pos="X">(</wf>
         <wf lemma="54-38" pos="X">54-38</wf>
         <wf lemma="miljonit" pos="X">miljonit</wf>
         <wf lemma="aastat" pos="X">aastat</wf>
         <wf lemma="tagasi" pos="X">tagasi</wf>
         <wf lemma=")" pos="X">)</wf>
         <wf lemma="ja" pos="X">ja</wf>
         <wf lemma="oligotseen" pos="X">oligotseen</wf>
         <wf lemma="(" pos="X">(</wf>
         <wf lemma="38-26" pos="X">38-26</wf>
         <wf lemma="miljonit" pos="X">miljonit</wf>
         <wf lemma="aastat" pos="X">aastat</wf>
         <wf lemma="tagasi" pos="X">tagasi</wf>
         <wf lemma=")" pos="X">)</wf>
         <wf lemma="." pos="X">.</wf>
      </sentence>
      <sentence id="d000.s1124" source="wordnet-estonian">
         <wf lemma="Foiniiklased" pos="X">Foiniiklased</wf>
         <wf lemma="lõid" pos="X">lõid</wf>
         <wf lemma="22" pos="X">22</wf>
         <wf lemma="tähest" pos="X">tähest</wf>
         <wf lemma="koosneva" pos="X">koosneva</wf>
         <instance id="d000.s1124.t000" lemma="tähestik" pos="NOUN">tähestiku</instance>
         <wf lemma="(" pos="X">(</wf>
         <wf lemma="EKSS" pos="X">EKSS</wf>
         <wf lemma=")" pos="X">)</wf>
         <wf lemma="." pos="X">.</wf>
      </sentence>
      <sentence id="d000.s1125" source="wordnet-estonian">
         <instance id="d000.s1125.t000" lemma="filosoof" pos="NOUN">Filosoofidest</instance>
         <wf lemma="hindas" pos="X">hindas</wf>
         <wf lemma="ta" pos="X">ta</wf>
         <wf lemma="eriti" pos="X">eriti</wf>
         <wf lemma="Hegelit" pos="X">Hegelit</wf>
         <wf lemma="." pos="X">.</wf>
      </sentence>
      <sentence id="d000.s1126" source="wordnet-estonian">
         <wf lemma="Maalis" pos="X">Maalis</wf>
         <wf lemma="peene" pos="X">peene</wf>
         <instance id="d000.s1126.t000" lemma="pintsel" pos="NOUN">pintsliga</instance>
         <wf lemma="portselanile" pos="X">portselanile</wf>
         <wf lemma="mustrit" pos="X">mustrit</wf>
         <wf lemma="." pos="X">.</wf>
      </sentence>
      <sentence id="d000.s1127" source="wordnet-estonian">
         <wf lemma="Orja" pos="X">Orja</wf>
         <instance id="d000.s1127.t000" lemma="tapmine" pos="NOUN">tapmise</instance>
         <wf lemma="eest" pos="X">eest</wf>
         <wf lemma="tuli" pos="X">tuli</wf>
         <wf lemma="omanikule" pos="X">omanikule</wf>
         <wf lemma="maksta" pos="X">maksta</wf>
         <wf lemma="kahjutasu" pos="X">kahjutasu</wf>
         <wf lemma="." pos="X">.</wf>
      </sentence>
      <sentence id="d000.s1128" source="wordnet-estonian">
         <wf lemma="Ta" pos="X">Ta</wf>
         <wf lemma="paranes" pos="X">paranes</wf>
         <wf lemma="pikast" pos="X">pikast</wf>
         <wf lemma="ja" pos="X">ja</wf>
         <wf lemma="raskest" pos="X">raskest</wf>
         <instance id="d000.s1128.t000" lemma="haigus" pos="NOUN">haigusest</instance>
         <wf lemma="vaevaliselt" pos="X">vaevaliselt</wf>
         <wf lemma="." pos="X">.</wf>
      </sentence>
      <sentence id="d000.s1129" source="wordnet-estonian">
         <wf lemma="Koori" pos="X">Koori</wf>
         <wf lemma="juhatasid" pos="X">juhatasid</wf>
         <wf lemma="vaheldumisi" pos="X">vaheldumisi</wf>
         <wf lemma="kaks" pos="X">kaks</wf>
         <instance id="d000.s1129.t000" lemma="dirigent" pos="NOUN">dirigenti</instance>
         <wf lemma="." pos="X">.</wf>
      </sentence>
      <sentence id="d000.s1130" source="wordnet-estonian">
         <instance id="d000.s1130.t000" lemma="aku" pos="NOUN">Aku</instance>
         <wf lemma="on" pos="X">on</wf>
         <wf lemma="tühi" pos="X">tühi</wf>
         <wf lemma="," pos="X">,</wf>
         <wf lemma="peab" pos="X">peab</wf>
         <wf lemma="seda" pos="X">seda</wf>
         <wf lemma="laadima" pos="X">laadima</wf>
         <wf lemma="." pos="X">.</wf>
      </sentence>
      <sentence id="d000.s1131" source="wordnet-estonian">
         <wf lemma="Piksevarras" pos="X">Piksevarras</wf>
         <wf lemma="peab" pos="X">peab</wf>
         <wf lemma="olema" pos="X">olema</wf>
         <wf lemma="hästi" pos="X">hästi</wf>
         <instance id="d000.s1131.t000" lemma="maandama" pos="VERB">maandatud</instance>
         <wf lemma="." pos="X">.</wf>
      </sentence>
      <sentence id="d000.s1132" source="wordnet-estonian">
         <wf lemma="Lahus" pos="X">Lahus</wf>
         <instance id="d000.s1132.t000" lemma="kristalliseerima" pos="VERB">kristalliseeritakse</instance>
         <wf lemma="aurutamise" pos="X">aurutamise</wf>
         <wf lemma="teel" pos="X">teel</wf>
         <wf lemma="(" pos="X">(</wf>
         <wf lemma="EKSS" pos="X">EKSS</wf>
         <wf lemma=")" pos="X">)</wf>
         <wf lemma="." pos="X">.</wf>
      </sentence>
      <sentence id="d000.s1133" source="wordnet-estonian">
         <wf lemma="Portselanist" pos="X">Portselanist</wf>
         <wf lemma="," pos="X">,</wf>
         <wf lemma="keraamiline" pos="X">keraamiline</wf>
         <instance id="d000.s1133.t000" lemma="tass" pos="NOUN">tass</instance>
         <wf lemma="(" pos="X">(</wf>
         <wf lemma="EKSS" pos="X">EKSS</wf>
         <wf lemma=")" pos="X">)</wf>
         <wf lemma="." pos="X">.</wf>
      </sentence>
      <sentence id="d000.s1134" source="wordnet-estonian">
         <wf lemma="Põdes" pos="X">Põdes</wf>
         <wf lemma="möödunud" pos="X">möödunud</wf>
         <wf lemma="talvel" pos="X">talvel</wf>
         <instance id="d000.s1134.t000" lemma="gripp" pos="NOUN">grippi</instance>
         <wf lemma="." pos="X">.</wf>
      </sentence>
      <sentence id="d000.s1135" source="wordnet-estonian">
         <wf lemma="On" pos="X">On</wf>
         <wf lemma="ennast" pos="X">ennast</wf>
         <wf lemma="täiesti" pos="X">täiesti</wf>
         <wf lemma="põhja" pos="X">põhja</wf>
         <instance id="d000.s1135.t000" lemma="jooma" pos="VERB">joonud</instance>
         <wf lemma="(" pos="X">(</wf>
         <wf lemma="EKSS" pos="X">EKSS</wf>
         <wf lemma=")" pos="X">)</wf>
         <wf lemma="." pos="X">.</wf>
      </sentence>
      <sentence id="d000.s1136" source="wordnet-estonian">
         <instance id="d000.s1136.t000" lemma="prosoodia" pos="NOUN">Prosoodia</instance>
         <wf lemma="teeb" pos="X">teeb</wf>
         <wf lemma="kõne" pos="X">kõne</wf>
         <wf lemma="arusaadavamaks" pos="X">arusaadavamaks</wf>
         <wf lemma="eraldades" pos="X">eraldades</wf>
         <wf lemma="ühtlase" pos="X">ühtlase</wf>
         <wf lemma="jutuvulina" pos="X">jutuvulina</wf>
         <wf lemma="tükkideks" pos="X">tükkideks</wf>
         <wf lemma="." pos="X">.</wf>
      </sentence>
      <sentence id="d000.s1137" source="wordnet-estonian">
         <wf lemma="Olime" pos="X">Olime</wf>
         <instance id="d000.s1137.t000" lemma="küllastus" pos="NOUN">küllastuseni</instance>
         <wf lemma="söönud" pos="X">söönud</wf>
         <wf lemma="." pos="X">.</wf>
         <wf lemma="Tuupimine" pos="X">Tuupimine</wf>
         <wf lemma="tekitas" pos="X">tekitas</wf>
         <wf lemma="küllastuse" pos="X">küllastuse</wf>
         <wf lemma="aine" pos="X">aine</wf>
         <wf lemma="vastu" pos="X">vastu</wf>
         <wf lemma="." pos="X">.</wf>
      </sentence>
      <sentence id="d000.s1138" source="wordnet-estonian">
         <wf lemma="Uue" pos="X">Uue</wf>
         <wf lemma="lehmatõu" pos="X">lehmatõu</wf>
         <wf lemma="piimas" pos="X">piimas</wf>
         <wf lemma="on" pos="X">on</wf>
         <instance id="d000.s1138.t000" lemma="rasv" pos="NOUN">rasva</instance>
         <wf lemma="tavalisest" pos="X">tavalisest</wf>
         <wf lemma="4-5%" pos="X">4-5%</wf>
         <wf lemma="rohkem" pos="X">rohkem</wf>
         <wf lemma="." pos="X">.</wf>
      </sentence>
      <sentence id="d000.s1139" source="wordnet-estonian">
         <wf lemma="Järsku" pos="X">Järsku</wf>
         <instance id="d000.s1139.t000" lemma="leidma" pos="VERB">leidsin</instance>
         <wf lemma="," pos="X">,</wf>
         <wf lemma="et" pos="X">et</wf>
         <wf lemma="mu" pos="X">mu</wf>
         <wf lemma="kohver" pos="X">kohver</wf>
         <wf lemma="on" pos="X">on</wf>
         <wf lemma="kadunud" pos="X">kadunud</wf>
         <wf lemma="." pos="X">.</wf>
      </sentence>
      <sentence id="d000.s1140" source="wordnet-estonian">
         <wf lemma="Minu" pos="X">Minu</wf>
         <instance id="d000.s1140.t000" lemma="arvamus" pos="NOUN">arvamus</instance>
         <wf lemma="erineb" pos="X">erineb</wf>
         <wf lemma="sinu" pos="X">sinu</wf>
         <wf lemma="omast" pos="X">omast</wf>
         <wf lemma="." pos="X">.</wf>
      </sentence>
      <sentence id="d000.s1141" source="wordnet-estonian">
         <wf lemma="Toidu" pos="X">Toidu</wf>
         <wf lemma="hulka" pos="X">hulka</wf>
         <wf lemma="on" pos="X">on</wf>
         <wf lemma="liiga" pos="X">liiga</wf>
         <wf lemma="palju" pos="X">palju</wf>
         <wf lemma="vürtse" pos="X">vürtse</wf>
         <instance id="d000.s1141.t000" lemma="segama" pos="VERB">segatud</instance>
         <wf lemma="." pos="X">.</wf>
      </sentence>
      <sentence id="d000.s1142" source="wordnet-estonian">
         <wf lemma="Minu" pos="X">Minu</wf>
         <wf lemma="autole" pos="X">autole</wf>
         <wf lemma="on" pos="X">on</wf>
         <wf lemma="uus" pos="X">uus</wf>
         <wf lemma="uks" pos="X">uks</wf>
         <instance id="d000.s1142.t000" lemma="vajalik" pos="ADJ">vajalik</instance>
         <wf lemma="." pos="X">.</wf>
      </sentence>
      <sentence id="d000.s1143" source="wordnet-estonian">
         <wf lemma="Tütar" pos="X">Tütar</wf>
         <instance id="d000.s1143.t000" lemma="hakkama" pos="VERB">hakkas</instance>
         <wf lemma="emale" pos="X">emale</wf>
         <wf lemma="kaela" pos="X">kaela</wf>
         <wf lemma="." pos="X">.</wf>
      </sentence>
      <sentence id="d000.s1144" source="wordnet-estonian">
         <wf lemma="Neogeenis" pos="X">Neogeenis</wf>
         <wf lemma="eristatakse" pos="X">eristatakse</wf>
         <wf lemma="miotseeni" pos="X">miotseeni</wf>
         <wf lemma="(" pos="X">(</wf>
         <wf lemma="26-7" pos="X">26-7</wf>
         <wf lemma="miljonit" pos="X">miljonit</wf>
         <wf lemma="aastat" pos="X">aastat</wf>
         <wf lemma="tagasi" pos="X">tagasi</wf>
         <wf lemma=")" pos="X">)</wf>
         <wf lemma="ja" pos="X">ja</wf>
         <instance id="d000.s1144.t000" lemma="pliotseen" pos="NOUN">pliotseeni</instance>
         <wf lemma="(" pos="X">(</wf>
         <wf lemma="7-2.5" pos="X">7-2.5</wf>
         <wf lemma="miljonit" pos="X">miljonit</wf>
         <wf lemma="aastat" pos="X">aastat</wf>
         <wf lemma="tagasi" pos="X">tagasi</wf>
         <wf lemma=")" pos="X">)</wf>
         <wf lemma="." pos="X">.</wf>
      </sentence>
      <sentence id="d000.s1145" source="wordnet-estonian">
         <wf lemma="Päeva" pos="X">Päeva</wf>
         <instance id="d000.s1145.t000" lemma="nael" pos="NOUN">naelaks</instance>
         <wf lemma="kujunes" pos="X">kujunes</wf>
         <wf lemma="vastuvõtt" pos="X">vastuvõtt</wf>
         <wf lemma="presidendi" pos="X">presidendi</wf>
         <wf lemma="juures" pos="X">juures</wf>
         <wf lemma="." pos="X">.</wf>
      </sentence>
      <sentence id="d000.s1146" source="wordnet-estonian">
         <wf lemma="Siim" pos="X">Siim</wf>
         <wf lemma="on" pos="X">on</wf>
         <wf lemma="väga" pos="X">väga</wf>
         <wf lemma="korralik" pos="X">korralik</wf>
         <wf lemma="ja" pos="X">ja</wf>
         <wf lemma="eeskujulik" pos="X">eeskujulik</wf>
         <instance id="d000.s1146.t000" lemma="töötaja" pos="NOUN">töötaja</instance>
         <wf lemma="." pos="X">.</wf>
      </sentence>
      <sentence id="d000.s1147" source="wordnet-estonian">
         <wf lemma="Ta" pos="X">Ta</wf>
         <wf lemma="pole" pos="X">pole</wf>
         <wf lemma="enam" pos="X">enam</wf>
         <wf lemma="ammu" pos="X">ammu</wf>
         <wf lemma="emale" pos="X">emale</wf>
         <instance id="d000.s1147.t000" lemma="kirjutama" pos="VERB">kirjutanud</instance>
         <wf lemma="." pos="X">.</wf>
         <wf lemma="Lubas" pos="X">Lubas</wf>
         <wf lemma="kohe" pos="X">kohe</wf>
         <wf lemma="kirjutada" pos="X">kirjutada</wf>
         <wf lemma="," pos="X">,</wf>
         <wf lemma="aga" pos="X">aga</wf>
         <wf lemma="unustas" pos="X">unustas</wf>
         <wf lemma="." pos="X">.</wf>
      </sentence>
      <sentence id="d000.s1148" source="wordnet-estonian">
         <wf lemma="Selle" pos="X">Selle</wf>
         <wf lemma="punase" pos="X">punase</wf>
         <wf lemma="lille" pos="X">lille</wf>
         <instance id="d000.s1148.t000" lemma="vars" pos="NOUN">vars</instance>
         <wf lemma="tundub" pos="X">tundub</wf>
         <wf lemma="nii" pos="X">nii</wf>
         <wf lemma="habras" pos="X">habras</wf>
         <wf lemma="." pos="X">.</wf>
      </sentence>
      <sentence id="d000.s1149" source="wordnet-estonian">
         <wf lemma="Tal" pos="X">Tal</wf>
         <wf lemma="on" pos="X">on</wf>
         <wf lemma="suur" pos="X">suur</wf>
         <instance id="d000.s1149.t000" lemma="mõju" pos="NOUN">mõju</instance>
         <wf lemma="mu" pos="X">mu</wf>
         <wf lemma="karjäärile" pos="X">karjäärile</wf>
         <wf lemma="." pos="X">.</wf>
      </sentence>
      <sentence id="d000.s1150" source="wordnet-estonian">
         <wf lemma="Koolilaste" pos="X">Koolilaste</wf>
         <wf lemma="," pos="X">,</wf>
         <wf lemma="jalgpallurite" pos="X">jalgpallurite</wf>
         <instance id="d000.s1150.t000" lemma="släng" pos="NOUN">släng</instance>
         <wf lemma="." pos="X">.</wf>
      </sentence>
      <sentence id="d000.s1151" source="wordnet-estonian">
         <instance id="d000.s1151.t000" lemma="rokfoor" pos="NOUN">Rokfoori</instance>
         <wf lemma="on" pos="X">on</wf>
         <wf lemma="nimetatud" pos="X">nimetatud</wf>
         <wf lemma="kuningate" pos="X">kuningate</wf>
         <wf lemma="juustuks" pos="X">juustuks</wf>
         <wf lemma="." pos="X">.</wf>
      </sentence>
      <sentence id="d000.s1152" source="wordnet-estonian">
         <wf lemma="Valu" pos="X">Valu</wf>
         <wf lemma="ja" pos="X">ja</wf>
         <wf lemma="hirm" pos="X">hirm</wf>
         <instance id="d000.s1152.t000" lemma="haihtuma" pos="VERB">haihtus</instance>
         <wf lemma="." pos="X">.</wf>
      </sentence>
      <sentence id="d000.s1153" source="wordnet-estonian">
         <wf lemma="Dissertandi" pos="X">Dissertandi</wf>
         <wf lemma="ning" pos="X">ning</wf>
         <wf lemma="oponentide" pos="X">oponentide</wf>
         <wf lemma="vaheline" pos="X">vaheline</wf>
         <instance id="d000.s1153.t000" lemma="dispuut" pos="NOUN">dispuut</instance>
         <wf lemma="." pos="X">.</wf>
      </sentence>
      <sentence id="d000.s1154" source="wordnet-estonian">
         <wf lemma="See" pos="X">See</wf>
         <wf lemma="on" pos="X">on</wf>
         <wf lemma="ikka" pos="X">ikka</wf>
         <wf lemma="ja" pos="X">ja</wf>
         <instance id="d000.s1154.t000" lemma="alati" pos="ADV">alati</instance>
         <wf lemma="nii" pos="X">nii</wf>
         <wf lemma="olnud" pos="X">olnud</wf>
         <wf lemma="." pos="X">.</wf>
         <wf lemma="(" pos="X">(</wf>
         <wf lemma="EKSS" pos="X">EKSS</wf>
         <wf lemma=")" pos="X">)</wf>
         <wf lemma="." pos="X">.</wf>
      </sentence>
      <sentence id="d000.s1155" source="wordnet-estonian">
         <wf lemma="Maali" pos="X">Maali</wf>
         <wf lemma="lõi" pos="X">lõi</wf>
         <wf lemma="teise" pos="X">teise</wf>
         <wf lemma="naise" pos="X">naise</wf>
         <instance id="d000.s1155.t000" lemma="mees" pos="NOUN">mehe</instance>
         <wf lemma="üle" pos="X">üle</wf>
         <wf lemma="." pos="X">.</wf>
      </sentence>
      <sentence id="d000.s1156" source="wordnet-estonian">
         <wf lemma="Istusime" pos="X">Istusime</wf>
         <wf lemma="alati" pos="X">alati</wf>
         <wf lemma="kiriku" pos="X">kiriku</wf>
         <wf lemma="paremal" pos="X">paremal</wf>
         <instance id="d000.s1156.t000" lemma="pool" pos="NOUN">poolel</instance>
         <wf lemma="." pos="X">.</wf>
         <wf lemma="Teenijate" pos="X">Teenijate</wf>
         <wf lemma="ja" pos="X">ja</wf>
         <wf lemma="pererahva" pos="X">pererahva</wf>
         <wf lemma="pool" pos="X">pool</wf>
         <wf lemma="talus" pos="X">talus</wf>
         <wf lemma="." pos="X">.</wf>
      </sentence>
      <sentence id="d000.s1157" source="wordnet-estonian">
         <wf lemma="Ta" pos="X">Ta</wf>
         <instance id="d000.s1157.t000" lemma="tapma" pos="VERB">tapeti</instance>
         <wf lemma="julmalt" pos="X">julmalt</wf>
         <wf lemma="," pos="X">,</wf>
         <wf lemma="mõrtsukalikult" pos="X">mõrtsukalikult</wf>
         <wf lemma="," pos="X">,</wf>
         <wf lemma="selja" pos="X">selja</wf>
         <wf lemma="tagant" pos="X">tagant</wf>
         <wf lemma="(" pos="X">(</wf>
         <wf lemma="EKSS" pos="X">EKSS</wf>
         <wf lemma=")" pos="X">)</wf>
         <wf lemma="." pos="X">.</wf>
      </sentence>
      <sentence id="d000.s1158" source="wordnet-estonian">
         <wf lemma="Must" pos="X">Must</wf>
         <wf lemma="," pos="X">,</wf>
         <wf lemma="hall" pos="X">hall</wf>
         <wf lemma="," pos="X">,</wf>
         <wf lemma="lõhnav" pos="X">lõhnav</wf>
         <wf lemma="," pos="X">,</wf>
         <wf lemma="hiina" pos="X">hiina</wf>
         <wf lemma="," pos="X">,</wf>
         <wf lemma="korea" pos="X">korea</wf>
         <instance id="d000.s1158.t000" lemma="pappel" pos="NOUN">pappel</instance>
         <wf lemma="(" pos="X">(</wf>
         <wf lemma="EKSS" pos="X">EKSS</wf>
         <wf lemma=")" pos="X">)</wf>
         <wf lemma="." pos="X">.</wf>
      </sentence>
      <sentence id="d000.s1159" source="wordnet-estonian">
         <wf lemma="Mungad" pos="X">Mungad</wf>
         <wf lemma="olid" pos="X">olid</wf>
         <wf lemma="käinud" pos="X">käinud</wf>
         <instance id="d000.s1159.t000" lemma="almus" pos="NOUN">almuseid</instance>
         <wf lemma="kogumas" pos="X">kogumas</wf>
         <wf lemma="." pos="X">.</wf>
      </sentence>
      <sentence id="d000.s1160" source="wordnet-estonian">
         <instance id="d000.s1160.t000" lemma="kirjutama" pos="VERB">Kirjutas</instance>
         <wf lemma="vasaku" pos="X">vasaku</wf>
         <wf lemma="käega" pos="X">käega</wf>
         <wf lemma="." pos="X">.</wf>
         <wf lemma="Laps" pos="X">Laps</wf>
         <wf lemma="õpib" pos="X">õpib</wf>
         <wf lemma="alles" pos="X">alles</wf>
         <wf lemma="kirjutama" pos="X">kirjutama</wf>
         <wf lemma="." pos="X">.</wf>
         <wf lemma="Mees" pos="X">Mees</wf>
         <wf lemma="ei" pos="X">ei</wf>
         <wf lemma="oska" pos="X">oska</wf>
         <wf lemma="lugeda" pos="X">lugeda</wf>
         <wf lemma="ega" pos="X">ega</wf>
         <wf lemma="kirjutada" pos="X">kirjutada</wf>
         <wf lemma="." pos="X">.</wf>
      </sentence>
      <sentence id="d000.s1161" source="wordnet-estonian">
         <instance id="d000.s1161.t000" lemma="ratsu" pos="NOUN">Ratsuga</instance>
         <wf lemma="käima" pos="X">käima</wf>
         <wf lemma="," pos="X">,</wf>
         <wf lemma="lööma" pos="X">lööma</wf>
         <wf lemma="." pos="X">.</wf>
         <wf lemma="Must" pos="X">Must</wf>
         <wf lemma="ratsu" pos="X">ratsu</wf>
         <wf lemma="annab" pos="X">annab</wf>
         <wf lemma="tuld" pos="X">tuld</wf>
         <wf lemma="." pos="X">.</wf>
         <wf lemma="Ratsuga" pos="X">Ratsuga</wf>
         <wf lemma="saab" pos="X">saab</wf>
         <wf lemma="teistest" pos="X">teistest</wf>
         <wf lemma="malenditest" pos="X">malenditest</wf>
         <wf lemma="üle" pos="X">üle</wf>
         <wf lemma="hüpata" pos="X">hüpata</wf>
         <wf lemma="." pos="X">.</wf>
         <wf lemma="(" pos="X">(</wf>
         <wf lemma="EKSS" pos="X">EKSS</wf>
         <wf lemma=")" pos="X">)</wf>
         <wf lemma="." pos="X">.</wf>
      </sentence>
      <sentence id="d000.s1162" source="wordnet-estonian">
         <wf lemma="Lennujaamas" pos="X">Lennujaamas</wf>
         <wf lemma="oli" pos="X">oli</wf>
         <wf lemma="vastuvõtjaid" pos="X">vastuvõtjaid</wf>
         <wf lemma="terve" pos="X">terve</wf>
         <instance id="d000.s1162.t000" lemma="meri" pos="NOUN">meri</instance>
         <wf lemma="." pos="X">.</wf>
         <wf lemma="Viljapuuaedades" pos="X">Viljapuuaedades</wf>
         <wf lemma="on" pos="X">on</wf>
         <wf lemma="õite" pos="X">õite</wf>
         <wf lemma="meri" pos="X">meri</wf>
         <wf lemma="." pos="X">.</wf>
      </sentence>
      <sentence id="d000.s1163" source="wordnet-estonian">
         <wf lemma="Sulamid" pos="X">Sulamid</wf>
         <wf lemma="kuuluvad" pos="X">kuuluvad</wf>
         <wf lemma="tahkete" pos="X">tahkete</wf>
         <instance id="d000.s1163.t000" lemma="lahus" pos="NOUN">lahuste</instance>
         <wf lemma="hulka" pos="X">hulka</wf>
         <wf lemma="." pos="X">.</wf>
      </sentence>
      <sentence id="d000.s1164" source="wordnet-estonian">
         <wf lemma="Mõni" pos="X">Mõni</wf>
         <wf lemma="päev" pos="X">päev</wf>
         <wf lemma="tagasi" pos="X">tagasi</wf>
         <wf lemma="saime" pos="X">saime</wf>
         <wf lemma="emalt" pos="X">emalt</wf>
         <instance id="d000.s1164.t000" lemma="kiri" pos="NOUN">kirja</instance>
         <wf lemma="." pos="X">.</wf>
      </sentence>
      <sentence id="d000.s1165" source="wordnet-estonian">
         <wf lemma="Eriti" pos="X">Eriti</wf>
         <instance id="d000.s1165.t000" lemma="oluline" pos="ADJ">oluline</instance>
         <wf lemma="on" pos="X">on</wf>
         <wf lemma="C-vitamiin" pos="X">C-vitamiin</wf>
         <wf lemma="lastele" pos="X">lastele</wf>
         <wf lemma="." pos="X">.</wf>
      </sentence>
      <sentence id="d000.s1166" source="wordnet-estonian">
         <wf lemma="Käitub" pos="X">Käitub</wf>
         <wf lemma="nagu" pos="X">nagu</wf>
         <wf lemma="tõeline" pos="X">tõeline</wf>
         <instance id="d000.s1166.t000" lemma="daam" pos="NOUN">daam</instance>
         <wf lemma="." pos="X">.</wf>
      </sentence>
      <sentence id="d000.s1167" source="wordnet-estonian">
         <wf lemma="Tuld" pos="X">Tuld</wf>
         <instance id="d000.s1167.t000" lemma="saama" pos="VERB">saadi</instance>
         <wf lemma="vanasti" pos="X">vanasti</wf>
         <wf lemma="tuleraua" pos="X">tuleraua</wf>
         <wf lemma="ja" pos="X">ja</wf>
         <wf lemma="tulekivi" pos="X">tulekivi</wf>
         <wf lemma="abil" pos="X">abil</wf>
         <wf lemma="." pos="X">.</wf>
         <wf lemma="Sai" pos="X">Sai</wf>
         <wf lemma="oma" pos="X">oma</wf>
         <wf lemma="elatise" pos="X">elatise</wf>
         <wf lemma="kauplemisest" pos="X">kauplemisest</wf>
         <wf lemma="." pos="X">.</wf>
      </sentence>
      <sentence id="d000.s1168" source="wordnet-estonian">
         <wf lemma="Tal" pos="X">Tal</wf>
         <wf lemma="on" pos="X">on</wf>
         <instance id="d000.s1168.t000" lemma="leiutaja" pos="NOUN">leiutaja</instance>
         <wf lemma="kalduvusi" pos="X">kalduvusi</wf>
         <wf lemma="(" pos="X">(</wf>
         <wf lemma="EKSS" pos="X">EKSS</wf>
         <wf lemma=")" pos="X">)</wf>
         <wf lemma="." pos="X">.</wf>
      </sentence>
      <sentence id="d000.s1169" source="wordnet-estonian">
         <wf lemma="Hoone" pos="X">Hoone</wf>
         <wf lemma="oli" pos="X">oli</wf>
         <wf lemma="kahe" pos="X">kahe</wf>
         <wf lemma="firma" pos="X">firma</wf>
         <wf lemma="ühine" pos="X">ühine</wf>
         <instance id="d000.s1169.t000" lemma="omand" pos="NOUN">omand</instance>
         <wf lemma="." pos="X">.</wf>
      </sentence>
      <sentence id="d000.s1170" source="wordnet-estonian">
         <wf lemma="Rahval" pos="X">Rahval</wf>
         <wf lemma="puudus" pos="X">puudus</wf>
         <wf lemma="võimalus" pos="X">võimalus</wf>
         <wf lemma="kasutada" pos="X">kasutada</wf>
         <wf lemma="täiel" pos="X">täiel</wf>
         <wf lemma="määral" pos="X">määral</wf>
         <wf lemma="oma" pos="X">oma</wf>
         <wf lemma="võidu" pos="X">võidu</wf>
         <instance id="d000.s1170.t000" lemma="vili" pos="NOUN">vilja</instance>
         <wf lemma="." pos="X">.</wf>
         <wf lemma="Keel" pos="X">Keel</wf>
         <wf lemma="on" pos="X">on</wf>
         <wf lemma="inimkonna" pos="X">inimkonna</wf>
         <wf lemma="pikaaegse" pos="X">pikaaegse</wf>
         <wf lemma="arengu" pos="X">arengu</wf>
         <wf lemma="vili" pos="X">vili</wf>
         <wf lemma="." pos="X">.</wf>
         <wf lemma="Laps" pos="X">Laps</wf>
         <wf lemma="sündis" pos="X">sündis</wf>
         <wf lemma="naise" pos="X">naise</wf>
         <wf lemma="mitmeaastase" pos="X">mitmeaastase</wf>
         <wf lemma="ootuse" pos="X">ootuse</wf>
         <wf lemma="viljana" pos="X">viljana</wf>
         <wf lemma="." pos="X">.</wf>
      </sentence>
      <sentence id="d000.s1171" source="wordnet-estonian">
         <wf lemma="Poiss" pos="X">Poiss</wf>
         <wf lemma="suri" pos="X">suri</wf>
         <instance id="d000.s1171.t000" lemma="difteeria" pos="NOUN">difteeriasse</instance>
         <wf lemma="." pos="X">.</wf>
      </sentence>
      <sentence id="d000.s1172" source="wordnet-estonian">
         <wf lemma="Eriti" pos="X">Eriti</wf>
         <instance id="d000.s1172.t000" lemma="džainism" pos="NOUN">džainismis</instance>
         <wf lemma="ja" pos="X">ja</wf>
         <wf lemma="budismis" pos="X">budismis</wf>
         <wf lemma="on" pos="X">on</wf>
         <wf lemma="oluline" pos="X">oluline</wf>
         <wf lemma="põhimõte" pos="X">põhimõte</wf>
         <wf lemma="," pos="X">,</wf>
         <wf lemma="mis" pos="X">mis</wf>
         <wf lemma="ei" pos="X">ei</wf>
         <wf lemma="luba" pos="X">luba</wf>
         <wf lemma="tappa" pos="X">tappa</wf>
         <wf lemma="ega" pos="X">ega</wf>
         <wf lemma="vigastada" pos="X">vigastada</wf>
         <wf lemma="elusolendeid" pos="X">elusolendeid</wf>
         <wf lemma="." pos="X">.</wf>
      </sentence>
      <sentence id="d000.s1173" source="wordnet-estonian">
         <wf lemma="Ta" pos="X">Ta</wf>
         <wf lemma="on" pos="X">on</wf>
         <wf lemma="oma" pos="X">oma</wf>
         <instance id="d000.s1173.t000" lemma="aasta" pos="NOUN">aastate</instance>
         <wf lemma="kohta" pos="X">kohta</wf>
         <wf lemma="väga" pos="X">väga</wf>
         <wf lemma="nooruslik" pos="X">nooruslik</wf>
         <wf lemma="." pos="X">.</wf>
         <wf lemma="Aastaid" pos="X">Aastaid</wf>
         <wf lemma="võib" pos="X">võib</wf>
         <wf lemma="tal" pos="X">tal</wf>
         <wf lemma="olla" pos="X">olla</wf>
         <wf lemma="juba" pos="X">juba</wf>
         <wf lemma="üle" pos="X">üle</wf>
         <wf lemma="neljakümne" pos="X">neljakümne</wf>
         <wf lemma="." pos="X">.</wf>
      </sentence>
      <sentence id="d000.s1174" source="wordnet-estonian">
         <wf lemma="Jõudsime" pos="X">Jõudsime</wf>
         <wf lemma="steppide" pos="X">steppide</wf>
         <wf lemma="ja" pos="X">ja</wf>
         <wf lemma="poolkõrbete" pos="X">poolkõrbete</wf>
         <instance id="d000.s1174.t000" lemma="ala" pos="NOUN">aladele</instance>
         <wf lemma="." pos="X">.</wf>
      </sentence>
      <sentence id="d000.s1175" source="wordnet-estonian">
         <wf lemma="Pööningul" pos="X">Pööningul</wf>
         <wf lemma="vedeles" pos="X">vedeles</wf>
         <wf lemma="igasugust" pos="X">igasugust</wf>
         <instance id="d000.s1175.t000" lemma="tarbetu" pos="ADJ">tarbetut</instance>
         <wf lemma="koli" pos="X">koli</wf>
         <wf lemma="." pos="X">.</wf>
      </sentence>
      <sentence id="d000.s1176" source="wordnet-estonian">
         <wf lemma="Kas" pos="X">Kas</wf>
         <wf lemma="keegi" pos="X">keegi</wf>
         <wf lemma="soovib" pos="X">soovib</wf>
         <wf lemma="sõnavõtnut" pos="X">sõnavõtnut</wf>
         <wf lemma="täiendada" pos="X">täiendada</wf>
         <wf lemma="," pos="X">,</wf>
         <wf lemma="on" pos="X">on</wf>
         <wf lemma="kellelgi" pos="X">kellelgi</wf>
         <wf lemma="midagi" pos="X">midagi</wf>
         <instance id="d000.s1176.t000" lemma="lisama" pos="VERB">lisada</instance>
         <wf lemma="?" pos="X">?</wf>
      </sentence>
      <sentence id="d000.s1177" source="wordnet-estonian">
         <wf lemma="Kooliõpetaja" pos="X">Kooliõpetaja</wf>
         <wf lemma="kandis" pos="X">kandis</wf>
         <wf lemma="vene" pos="X">vene</wf>
         <wf lemma="ametniku" pos="X">ametniku</wf>
         <wf lemma="mundrimütsi" pos="X">mundrimütsi</wf>
         <wf lemma="läikiva" pos="X">läikiva</wf>
         <instance id="d000.s1177.t000" lemma="kokard" pos="NOUN">kokardiga</instance>
         <wf lemma="." pos="X">.</wf>
         <wf lemma="." pos="X">.</wf>
         <wf lemma="(" pos="X">(</wf>
         <wf lemma="Autor" pos="X">Autor</wf>
         <wf lemma=":" pos="X">:</wf>
         <wf lemma="E." pos="X">E.</wf>
         <wf lemma="Vilde." pos="X">Vilde.</wf>
         <wf lemma=")" pos="X">)</wf>
         <wf lemma="." pos="X">.</wf>
      </sentence>
      <sentence id="d000.s1178" source="wordnet-estonian">
         <wf lemma="Lillevärvide" pos="X">Lillevärvide</wf>
         <instance id="d000.s1178.t000" lemma="eredus" pos="NOUN">eredus</instance>
         <wf lemma="pimestab" pos="X">pimestab</wf>
         <wf lemma="silmi" pos="X">silmi</wf>
         <wf lemma="." pos="X">.</wf>
      </sentence>
      <sentence id="d000.s1179" source="wordnet-estonian">
         <wf lemma="Esimese" pos="X">Esimese</wf>
         <wf lemma="," pos="X">,</wf>
         <wf lemma="teise" pos="X">teise</wf>
         <wf lemma="klassi" pos="X">klassi</wf>
         <instance id="d000.s1179.t000" lemma="kaja" pos="NOUN">kajut</instance>
         <wf lemma="." pos="X">.</wf>
         <wf lemma="Reisijad" pos="X">Reisijad</wf>
         <wf lemma="olid" pos="X">olid</wf>
         <wf lemma="oma" pos="X">oma</wf>
         <wf lemma="kajutites" pos="X">kajutites</wf>
         <wf lemma="." pos="X">.</wf>
      </sentence>
      <sentence id="d000.s1180" source="wordnet-estonian">
         <wf lemma="Lapsed" pos="X">Lapsed</wf>
         <instance id="d000.s1180.t000" lemma="mängima" pos="VERB">mängivad</instance>
         <wf lemma="nukkudega" pos="X">nukkudega</wf>
         <wf lemma="poodi" pos="X">poodi</wf>
         <wf lemma="ja" pos="X">ja</wf>
         <wf lemma="kooli" pos="X">kooli</wf>
         <wf lemma="." pos="X">.</wf>
      </sentence>
      <sentence id="d000.s1181" source="wordnet-estonian">
         <instance id="d000.s1181.t000" lemma="meetrika" pos="NOUN">Meetrika</instance>
         <wf lemma="seadused" pos="X">seadused</wf>
         <wf lemma="." pos="X">.</wf>
      </sentence>
      <sentence id="d000.s1182" source="wordnet-estonian">
         <wf lemma="Selle" pos="X">Selle</wf>
         <wf lemma="taime" pos="X">taime</wf>
         <instance id="d000.s1182.t000" lemma="mari" pos="NOUN">marjad</instance>
         <wf lemma="on" pos="X">on</wf>
         <wf lemma="mürgised" pos="X">mürgised</wf>
         <wf lemma="(" pos="X">(</wf>
         <wf lemma="EKSS" pos="X">EKSS</wf>
         <wf lemma=")" pos="X">)</wf>
         <wf lemma="." pos="X">.</wf>
      </sentence>
      <sentence id="d000.s1183" source="wordnet-estonian">
         <wf lemma="Saalis" pos="X">Saalis</wf>
         <wf lemma="sahistati" pos="X">sahistati</wf>
         <wf lemma="nii" pos="X">nii</wf>
         <wf lemma="tugevalt" pos="X">tugevalt</wf>
         <wf lemma="," pos="X">,</wf>
         <wf lemma="et" pos="X">et</wf>
         <wf lemma="esinejat" pos="X">esinejat</wf>
         <wf lemma="oli" pos="X">oli</wf>
         <instance id="d000.s1183.t000" lemma="vaevu" pos="ADV">vaevu</instance>
         <wf lemma="kuulda" pos="X">kuulda</wf>
         <wf lemma="." pos="X">.</wf>
      </sentence>
      <sentence id="d000.s1184" source="wordnet-estonian">
         <wf lemma="Osa" pos="X">Osa</wf>
         <wf lemma="toodangust" pos="X">toodangust</wf>
         <wf lemma="läheb" pos="X">läheb</wf>
         <instance id="d000.s1184.t000" lemma="eksport" pos="NOUN">ekspordiks</instance>
         <wf lemma="." pos="X">.</wf>
      </sentence>
      <sentence id="d000.s1185" source="wordnet-estonian">
         <wf lemma="Selline" pos="X">Selline</wf>
         <wf lemma="eksitus" pos="X">eksitus</wf>
         <wf lemma="," pos="X">,</wf>
         <wf lemma="lohakus" pos="X">lohakus</wf>
         <wf lemma="võib" pos="X">võib</wf>
         <wf lemma="ta" pos="X">ta</wf>
         <wf lemma="töökoha" pos="X">töökoha</wf>
         <wf lemma="ja" pos="X">ja</wf>
         <wf lemma="karjääri" pos="X">karjääri</wf>
         <instance id="d000.s1185.t000" lemma="maksma" pos="VERB">maksta</instance>
         <wf lemma="." pos="X">.</wf>
      </sentence>
      <sentence id="d000.s1186" source="wordnet-estonian">
         <wf lemma="Pärisorjuse" pos="X">Pärisorjuse</wf>
         <wf lemma="," pos="X">,</wf>
         <wf lemma="liberalismi" pos="X">liberalismi</wf>
         <wf lemma="," pos="X">,</wf>
         <wf lemma="alternatiivmeditsiini" pos="X">alternatiivmeditsiini</wf>
         <wf lemma="," pos="X">,</wf>
         <wf lemma="psühhoanalüüsi" pos="X">psühhoanalüüsi</wf>
         <instance id="d000.s1186.t000" lemma="apologeet" pos="NOUN">apologeet</instance>
         <wf lemma="." pos="X">.</wf>
      </sentence>
      <sentence id="d000.s1187" source="wordnet-estonian">
         <wf lemma="Oli" pos="X">Oli</wf>
         <wf lemma="üksik" pos="X">üksik</wf>
         <wf lemma="inimene" pos="X">inimene</wf>
         <wf lemma="," pos="X">,</wf>
         <wf lemma="tal" pos="X">tal</wf>
         <wf lemma="pole" pos="X">pole</wf>
         <wf lemma="kedagi" pos="X">kedagi</wf>
         <instance id="d000.s1187.t000" lemma="leinama" pos="VERB">leinamas</instance>
         <wf lemma="." pos="X">.</wf>
      </sentence>
      <sentence id="d000.s1188" source="wordnet-estonian">
         <wf lemma="Poiss" pos="X">Poiss</wf>
         <instance id="d000.s1188.t000" lemma="aerutama" pos="VERB">aerutas</instance>
         <wf lemma="," pos="X">,</wf>
         <wf lemma="tüdruk" pos="X">tüdruk</wf>
         <wf lemma="istus" pos="X">istus</wf>
         <wf lemma="paadi" pos="X">paadi</wf>
         <wf lemma="pärapingil" pos="X">pärapingil</wf>
         <wf lemma="." pos="X">.</wf>
      </sentence>
      <sentence id="d000.s1189" source="wordnet-estonian">
         <wf lemma="Söögitegemisega" pos="X">Söögitegemisega</wf>
         <wf lemma="on" pos="X">on</wf>
         <wf lemma="hommikul" pos="X">hommikul</wf>
         <wf lemma="igavene" pos="X">igavene</wf>
         <instance id="d000.s1189.t000" lemma="rutt" pos="NOUN">rutt</instance>
         <wf lemma="." pos="X">.</wf>
         <wf lemma="Kõigil" pos="X">Kõigil</wf>
         <wf lemma="hakkas" pos="X">hakkas</wf>
         <wf lemma="äkki" pos="X">äkki</wf>
         <wf lemma="pöörane" pos="X">pöörane</wf>
         <wf lemma="rutt" pos="X">rutt</wf>
         <wf lemma="." pos="X">.</wf>
      </sentence>
      <sentence id="d000.s1190" source="wordnet-estonian">
         <wf lemma="Tütar" pos="X">Tütar</wf>
         <wf lemma="aitas" pos="X">aitas</wf>
         <wf lemma="emal" pos="X">emal</wf>
         <instance id="d000.s1190.t000" lemma="riietuma" pos="VERB">riietuda</instance>
         <wf lemma="." pos="X">.</wf>
      </sentence>
      <sentence id="d000.s1191" source="wordnet-estonian">
         <wf lemma="Olukorra" pos="X">Olukorra</wf>
         <wf lemma="," pos="X">,</wf>
         <wf lemma="tingimuste" pos="X">tingimuste</wf>
         <instance id="d000.s1191.t000" lemma="normaalsus" pos="NOUN">normaalsus</instance>
         <wf lemma="või" pos="X">või</wf>
         <wf lemma="ebanormaalsus" pos="X">ebanormaalsus</wf>
         <wf lemma="." pos="X">.</wf>
         <wf lemma="Selle" pos="X">Selle</wf>
         <wf lemma="mehe" pos="X">mehe</wf>
         <wf lemma="normaalsuses" pos="X">normaalsuses</wf>
         <wf lemma="tuleb" pos="X">tuleb</wf>
         <wf lemma="küll" pos="X">küll</wf>
         <wf lemma="kahelda" pos="X">kahelda</wf>
         <wf lemma="." pos="X">.</wf>
      </sentence>
      <sentence id="d000.s1192" source="wordnet-estonian">
         <wf lemma="M." pos="X">M.</wf>
         <wf lemma="Lüdigi" pos="X">Lüdigi</wf>
         <instance id="d000.s1192.t000" lemma="süit" pos="NOUN">süit</instance>
         <wf lemma="&quot;" pos="X">&quot;</wf>
         <wf lemma="Lembitu" pos="X">Lembitu</wf>
         <wf lemma="(" pos="X">(</wf>
         <wf lemma="EKSS" pos="X">EKSS</wf>
         <wf lemma=")" pos="X">)</wf>
         <wf lemma="&quot;" pos="X">&quot;</wf>
         <wf lemma="." pos="X">.</wf>
      </sentence>
      <sentence id="d000.s1193" source="wordnet-estonian">
         <wf lemma="Mul" pos="X">Mul</wf>
         <wf lemma="pole" pos="X">pole</wf>
         <wf lemma="aega" pos="X">aega</wf>
         <wf lemma="-" pos="X">-</wf>
         <wf lemma="homme" pos="X">homme</wf>
         <wf lemma="on" pos="X">on</wf>
         <instance id="d000.s1193.t000" lemma="eksam" pos="NOUN">eksam</instance>
         <wf lemma="psühholoogias" pos="X">psühholoogias</wf>
         <wf lemma="!" pos="X">!</wf>
      </sentence>
      <sentence id="d000.s1194" source="wordnet-estonian">
         <wf lemma="Kirjutusmasina" pos="X">Kirjutusmasina</wf>
         <wf lemma="," pos="X">,</wf>
         <wf lemma="teletaibi" pos="X">teletaibi</wf>
         <wf lemma="," pos="X">,</wf>
         <wf lemma="arvuti" pos="X">arvuti</wf>
         <instance id="d000.s1194.t000" lemma="klahv" pos="NOUN">klahvid</instance>
         <wf lemma="." pos="X">.</wf>
         <wf lemma="Kirjutaja" pos="X">Kirjutaja</wf>
         <wf lemma="sõrmed" pos="X">sõrmed</wf>
         <wf lemma="liikusid" pos="X">liikusid</wf>
         <wf lemma="kiiresti" pos="X">kiiresti</wf>
         <wf lemma="klahvidel" pos="X">klahvidel</wf>
         <wf lemma="." pos="X">.</wf>
         <wf lemma="Vajutasin" pos="X">Vajutasin</wf>
         <wf lemma="magnetofoni" pos="X">magnetofoni</wf>
         <wf lemma="klahvile" pos="X">klahvile</wf>
         <wf lemma="," pos="X">,</wf>
         <wf lemma="klahvi" pos="X">klahvi</wf>
         <wf lemma="alla" pos="X">alla</wf>
         <wf lemma="." pos="X">.</wf>
      </sentence>
      <sentence id="d000.s1195" source="wordnet-estonian">
         <wf lemma="Kiire" pos="X">Kiire</wf>
         <wf lemma="kasvuga" pos="X">kasvuga</wf>
         <instance id="d000.s1195.t000" lemma="vesi_hüatsint" pos="NOUN">vesihüatsint</instance>
         <wf lemma="võib" pos="X">võib</wf>
         <wf lemma="takistada" pos="X">takistada</wf>
         <wf lemma="laevaliiklust" pos="X">laevaliiklust</wf>
         <wf lemma="." pos="X">.</wf>
      </sentence>
      <sentence id="d000.s1196" source="wordnet-estonian">
         <wf lemma="Seinas" pos="X">Seinas</wf>
         <instance id="d000.s1196.t000" lemma="haigutama" pos="VERB">haigutas</instance>
         <wf lemma="suur" pos="X">suur</wf>
         <wf lemma="must" pos="X">must</wf>
         <wf lemma="auk" pos="X">auk</wf>
         <wf lemma="." pos="X">.</wf>
      </sentence>
      <sentence id="d000.s1197" source="wordnet-estonian">
         <wf lemma="Beduiinid" pos="X">Beduiinid</wf>
         <wf lemma="kannavad" pos="X">kannavad</wf>
         <instance id="d000.s1197.t000" lemma="turban" pos="NOUN">turbaneid</instance>
         <wf lemma="(" pos="X">(</wf>
         <wf lemma="EKSS" pos="X">EKSS</wf>
         <wf lemma=")" pos="X">)</wf>
         <wf lemma="." pos="X">.</wf>
      </sentence>
      <sentence id="d000.s1198" source="wordnet-estonian">
         <wf lemma="Mis" pos="X">Mis</wf>
         <wf lemma="sa" pos="X">sa</wf>
         <wf lemma="lomberdad" pos="X">lomberdad</wf>
         <wf lemma="," pos="X">,</wf>
         <wf lemma="noor" pos="X">noor</wf>
         <wf lemma="mees" pos="X">mees</wf>
         <wf lemma="ei" pos="X">ei</wf>
         <wf lemma="tohi" pos="X">tohi</wf>
         <instance id="d000.s1198.t000" lemma="lombard" pos="NOUN">lombard</instance>
         <wf lemma="olla" pos="X">olla</wf>
         <wf lemma="." pos="X">.</wf>
         <wf lemma="*" pos="X">*</wf>
         <wf lemma="Sina" pos="X">Sina</wf>
         <wf lemma="aga" pos="X">aga</wf>
         <wf lemma="," pos="X">,</wf>
         <wf lemma="Miina" pos="X">Miina</wf>
         <wf lemma="," pos="X">,</wf>
         <wf lemma="teed" pos="X">teed</wf>
         <wf lemma="enese" pos="X">enese</wf>
         <wf lemma="lombardiks" pos="X">lombardiks</wf>
         <wf lemma="." pos="X">.</wf>
         <wf lemma="Lonka" pos="X">Lonka</wf>
         <wf lemma="minu" pos="X">minu</wf>
         <wf lemma="pärast" pos="X">pärast</wf>
         <wf lemma="mõlemat" pos="X">mõlemat</wf>
         <wf lemma="jalga" pos="X">jalga</wf>
         <wf lemma="." pos="X">.</wf>
         <wf lemma="(" pos="X">(</wf>
         <wf lemma="Autor" pos="X">Autor</wf>
         <wf lemma=":" pos="X">:</wf>
         <wf lemma="E." pos="X">E.</wf>
         <wf lemma="Vilde." pos="X">Vilde.</wf>
         <wf lemma=")" pos="X">)</wf>
         <wf lemma="." pos="X">.</wf>
      </sentence>
      <sentence id="d000.s1199" source="wordnet-estonian">
         <wf lemma="Turbaneis" pos="X">Turbaneis</wf>
         <instance id="d000.s1199.t000" lemma="sikh" pos="NOUN">sikhid</instance>
         <wf lemma="." pos="X">.</wf>
      </sentence>
      <sentence id="d000.s1200" source="wordnet-estonian">
         <wf lemma="Tuba" pos="X">Tuba</wf>
         <wf lemma="on" pos="X">on</wf>
         <wf lemma="küllalt" pos="X">küllalt</wf>
         <instance id="d000.s1200.t000" lemma="kõrge" pos="ADJ">kõrge</instance>
         <wf lemma="." pos="X">.</wf>
         <wf lemma="Kõrgete" pos="X">Kõrgete</wf>
         <wf lemma="kontsadega" pos="X">kontsadega</wf>
         <wf lemma="kingad" pos="X">kingad</wf>
         <wf lemma="." pos="X">.</wf>
         <wf lemma="Taim" pos="X">Taim</wf>
         <wf lemma="on" pos="X">on</wf>
         <wf lemma="umbes" pos="X">umbes</wf>
         <wf lemma="10" pos="X">10</wf>
         <wf lemma="cm" pos="X">cm</wf>
         <wf lemma="kõrge" pos="X">kõrge</wf>
         <wf lemma="." pos="X">.</wf>
         <wf lemma="Kui" pos="X">Kui</wf>
         <wf lemma="kõrge" pos="X">kõrge</wf>
         <wf lemma="see" pos="X">see</wf>
         <wf lemma="tara" pos="X">tara</wf>
         <wf lemma="on" pos="X">on</wf>
         <wf lemma="?" pos="X">?</wf>
      </sentence>
      <sentence id="d000.s1201" source="wordnet-estonian">
         <instance id="d000.s1201.t000" lemma="juhtuma" pos="VERB">Juhtusin</instance>
         <wf lemma="rahapaja" pos="X">rahapaja</wf>
         <wf lemma="juurde" pos="X">juurde</wf>
         <wf lemma="." pos="X">.</wf>
      </sentence>
      <sentence id="d000.s1202" source="wordnet-estonian">
         <wf lemma="Käimas" pos="X">Käimas</wf>
         <wf lemma="olid" pos="X">olid</wf>
         <wf lemma="mingid" pos="X">mingid</wf>
         <instance id="d000.s1202.t000" lemma="kombinatsioon" pos="NOUN">kombinatsioonid</instance>
         <wf lemma="Märdi" pos="X">Märdi</wf>
         <wf lemma="vastu" pos="X">vastu</wf>
         <wf lemma="." pos="X">.</wf>
      </sentence>
      <sentence id="d000.s1203" source="wordnet-estonian">
         <wf lemma="Vana-Rooma" pos="X">Vana-Rooma</wf>
         <instance id="d000.s1203.t000" lemma="akvedukt" pos="NOUN">akveduktid</instance>
         <wf lemma="." pos="X">.</wf>
      </sentence>
      <sentence id="d000.s1204" source="wordnet-estonian">
         <wf lemma="Ta" pos="X">Ta</wf>
         <wf lemma="ei" pos="X">ei</wf>
         <wf lemma="kirjutanud" pos="X">kirjutanud</wf>
         <wf lemma="ülekuulamise" pos="X">ülekuulamise</wf>
         <instance id="d000.s1204.t000" lemma="protokoll" pos="NOUN">protokollile</instance>
         <wf lemma="alla" pos="X">alla</wf>
         <wf lemma="." pos="X">.</wf>
      </sentence>
      <sentence id="d000.s1205" source="wordnet-estonian">
         <wf lemma="Karikeeriv" pos="X">Karikeeriv</wf>
         <wf lemma="," pos="X">,</wf>
         <wf lemma="tahtlik" pos="X">tahtlik</wf>
         <instance id="d000.s1205.t000" lemma="liialdus" pos="NOUN">liialdus</instance>
         <wf lemma="." pos="X">.</wf>
         <wf lemma="Mõninga" pos="X">Mõninga</wf>
         <wf lemma="liialdusega" pos="X">liialdusega</wf>
         <wf lemma="võiks" pos="X">võiks</wf>
         <wf lemma="väita" pos="X">väita</wf>
         <wf lemma="," pos="X">,</wf>
         <wf lemma="et." pos="X">et.</wf>
         <wf lemma="." pos="X">.</wf>
         <wf lemma="Tammsaaret" pos="X">Tammsaaret</wf>
         <wf lemma="võib" pos="X">võib</wf>
         <wf lemma="liialduseta" pos="X">liialduseta</wf>
         <wf lemma="pidada" pos="X">pidada</wf>
         <wf lemma="meie" pos="X">meie</wf>
         <wf lemma="suurimaks" pos="X">suurimaks</wf>
         <wf lemma="kirjanikuks" pos="X">kirjanikuks</wf>
         <wf lemma="." pos="X">.</wf>
         <wf lemma="Hoiduge" pos="X">Hoiduge</wf>
         <wf lemma="liialdustest" pos="X">liialdustest</wf>
         <wf lemma="," pos="X">,</wf>
         <wf lemma="ärge" pos="X">ärge</wf>
         <wf lemma="laskuge" pos="X">laskuge</wf>
         <wf lemma="liialdustesse" pos="X">liialdustesse</wf>
         <wf lemma="." pos="X">.</wf>
         <wf lemma="Nüüdismood" pos="X">Nüüdismood</wf>
         <wf lemma="väldib" pos="X">väldib</wf>
         <wf lemma="liialdusi" pos="X">liialdusi</wf>
         <wf lemma="." pos="X">.</wf>
         <wf lemma="Arhitektuurilised" pos="X">Arhitektuurilised</wf>
         <wf lemma="liialdused" pos="X">liialdused</wf>
         <wf lemma="." pos="X">.</wf>
         <wf lemma="Hüperbool" pos="X">Hüperbool</wf>
         <wf lemma="on" pos="X">on</wf>
         <wf lemma="üks" pos="X">üks</wf>
         <wf lemma="poeetilisi" pos="X">poeetilisi</wf>
         <wf lemma="liialdusi" pos="X">liialdusi</wf>
         <wf lemma="." pos="X">.</wf>
      </sentence>
      <sentence id="d000.s1206" source="wordnet-estonian">
         <wf lemma="Eile" pos="X">Eile</wf>
         <wf lemma="oli" pos="X">oli</wf>
         <wf lemma="ühe" pos="X">ühe</wf>
         <wf lemma="mu" pos="X">mu</wf>
         <wf lemma="kaugelt" pos="X">kaugelt</wf>
         <instance id="d000.s1206.t000" lemma="sugulane" pos="NOUN">sugulase</instance>
         <wf lemma="matus" pos="X">matus</wf>
         <wf lemma="." pos="X">.</wf>
      </sentence>
      <sentence id="d000.s1207" source="wordnet-estonian">
         <wf lemma="Istusin" pos="X">Istusin</wf>
         <wf lemma="sõbraga" pos="X">sõbraga</wf>
         <wf lemma="tunnikese" pos="X">tunnikese</wf>
         <instance id="d000.s1207.t000" lemma="kohvik" pos="NOUN">kohvikus</instance>
         <wf lemma="." pos="X">.</wf>
      </sentence>
      <sentence id="d000.s1208" source="wordnet-estonian">
         <wf lemma="Skalaar" pos="X">Skalaar</wf>
         <wf lemma="ja" pos="X">ja</wf>
         <wf lemma="vektor" pos="X">vektor</wf>
         <wf lemma="on" pos="X">on</wf>
         <instance id="d000.s1208.t000" lemma="tensor" pos="NOUN">tensori</instance>
         <wf lemma="erijuhud" pos="X">erijuhud</wf>
         <wf lemma="." pos="X">.</wf>
      </sentence>
      <sentence id="d000.s1209" source="wordnet-estonian">
         <wf lemma="Mahalangenud" pos="X">Mahalangenud</wf>
         <instance id="d000.s1209.t000" lemma="tüvi" pos="NOUN">tüved</instance>
         <wf lemma="(" pos="X">(</wf>
         <wf lemma="EKSS" pos="X">EKSS</wf>
         <wf lemma=")" pos="X">)</wf>
         <wf lemma="." pos="X">.</wf>
      </sentence>
      <sentence id="d000.s1210" source="wordnet-estonian">
         <wf lemma="Sa" pos="X">Sa</wf>
         <instance id="d000.s1210.t000" lemma="seadma" pos="VERB">seadsid</instance>
         <wf lemma="mind" pos="X">mind</wf>
         <wf lemma="oma" pos="X">oma</wf>
         <wf lemma="küsimustega" pos="X">küsimustega</wf>
         <wf lemma="raskesse" pos="X">raskesse</wf>
         <wf lemma="olukorda" pos="X">olukorda</wf>
         <wf lemma="." pos="X">.</wf>
      </sentence>
      <sentence id="d000.s1211" source="wordnet-estonian">
         <wf lemma="Suure" pos="X">Suure</wf>
         <wf lemma="purustusjõuga" pos="X">purustusjõuga</wf>
         <instance id="d000.s1211.t000" lemma="taifuun" pos="NOUN">taifuun</instance>
         <wf lemma="(" pos="X">(</wf>
         <wf lemma="EKSS" pos="X">EKSS</wf>
         <wf lemma=")" pos="X">)</wf>
         <wf lemma="." pos="X">.</wf>
      </sentence>
      <sentence id="d000.s1212" source="wordnet-estonian">
         <instance id="d000.s1212.t000" lemma="bibliofiil" pos="NOUN">Bibliofiili</instance>
         <wf lemma="kodus" pos="X">kodus</wf>
         <wf lemma="oli" pos="X">oli</wf>
         <wf lemma="tuhandeid" pos="X">tuhandeid</wf>
         <wf lemma="raamatuid" pos="X">raamatuid</wf>
         <wf lemma="." pos="X">.</wf>
      </sentence>
      <sentence id="d000.s1213" source="wordnet-estonian">
         <wf lemma="Ohtlikud" pos="X">Ohtlikud</wf>
         <instance id="d000.s1213.t000" lemma="pinge" pos="NOUN">pinged</instance>
         <wf lemma="rahvussuhetes" pos="X">rahvussuhetes</wf>
         <wf lemma="(" pos="X">(</wf>
         <wf lemma="EKSS" pos="X">EKSS</wf>
         <wf lemma=")" pos="X">)</wf>
         <wf lemma="." pos="X">.</wf>
      </sentence>
      <sentence id="d000.s1214" source="wordnet-estonian">
         <instance id="d000.s1214.t000" lemma="hing" pos="NOUN">Hing</instance>
         <wf lemma="igatseb" pos="X">igatseb</wf>
         <wf lemma="midagi" pos="X">midagi</wf>
         <wf lemma="kaunist" pos="X">kaunist</wf>
         <wf lemma="." pos="X">.</wf>
      </sentence>
      <sentence id="d000.s1215" source="wordnet-estonian">
         <instance id="d000.s1215.t000" lemma="arv" pos="NOUN">Arv</instance>
         <wf lemma="kirjutati" pos="X">kirjutati</wf>
         <wf lemma="suurte" pos="X">suurte</wf>
         <wf lemma="numbritega" pos="X">numbritega</wf>
         <wf lemma="tahvlile" pos="X">tahvlile</wf>
         <wf lemma="." pos="X">.</wf>
      </sentence>
      <sentence id="d000.s1216" source="wordnet-estonian">
         <wf lemma="Eesti" pos="X">Eesti</wf>
         <instance id="d000.s1216.t000" lemma="poetess" pos="NOUN">poetess</instance>
         <wf lemma="Lydia" pos="X">Lydia</wf>
         <wf lemma="Koidula" pos="X">Koidula</wf>
         <wf lemma="." pos="X">.</wf>
      </sentence>
      <sentence id="d000.s1217" source="wordnet-estonian">
         <wf lemma="Lüüriline" pos="X">Lüüriline</wf>
         <wf lemma="," pos="X">,</wf>
         <wf lemma="eepiline" pos="X">eepiline</wf>
         <wf lemma="," pos="X">,</wf>
         <wf lemma="vabavärsiline" pos="X">vabavärsiline</wf>
         <instance id="d000.s1217.t000" lemma="luuletus" pos="NOUN">luuletus</instance>
         <wf lemma="(" pos="X">(</wf>
         <wf lemma="EKSS" pos="X">EKSS</wf>
         <wf lemma=")" pos="X">)</wf>
         <wf lemma="." pos="X">.</wf>
      </sentence>
      <sentence id="d000.s1218" source="wordnet-estonian">
         <wf lemma="Nad" pos="X">Nad</wf>
         <wf lemma="andsid" pos="X">andsid</wf>
         <wf lemma="palju" pos="X">palju</wf>
         <wf lemma="intervjuusid" pos="X">intervjuusid</wf>
         <wf lemma="ja" pos="X">ja</wf>
         <wf lemma="avaldasid" pos="X">avaldasid</wf>
         <instance id="d000.s1218.t000" lemma="arvamus" pos="NOUN">arvamust</instance>
         <wf lemma="kõiksugu" pos="X">kõiksugu</wf>
         <wf lemma="asjade" pos="X">asjade</wf>
         <wf lemma="kohta" pos="X">kohta</wf>
         <wf lemma="." pos="X">.</wf>
      </sentence>
      <sentence id="d000.s1219" source="wordnet-estonian">
         <wf lemma="Uudiskirjanduse" pos="X">Uudiskirjanduse</wf>
         <wf lemma="loetelu" pos="X">loetelu</wf>
         <wf lemma="koos" pos="X">koos</wf>
         <instance id="d000.s1219.t000" lemma="annotatsioon" pos="NOUN">annotatsioonidega</instance>
         <wf lemma="." pos="X">.</wf>
      </sentence>
      <sentence id="d000.s1220" source="wordnet-estonian">
         <wf lemma="Ostsin" pos="X">Ostsin</wf>
         <instance id="d000.s1220.t000" lemma="antikvaar" pos="NOUN">antikvaarilt</instance>
         <wf lemma="paar" pos="X">paar</wf>
         <wf lemma="vana" pos="X">vana</wf>
         <wf lemma="raamatut" pos="X">raamatut</wf>
         <wf lemma="." pos="X">.</wf>
      </sentence>
      <sentence id="d000.s1221" source="wordnet-estonian">
         <wf lemma="Katoliku" pos="X">Katoliku</wf>
         <wf lemma="kirik" pos="X">kirik</wf>
         <instance id="d000.s1221.t000" lemma="kuulutama" pos="VERB">kuulutas</instance>
         <wf lemma="Jeanne" pos="X">Jeanne</wf>
         <wf lemma="d'Arci" pos="X">d'Arci</wf>
         <wf lemma="pühakuks" pos="X">pühakuks</wf>
         <wf lemma="." pos="X">.</wf>
         <wf lemma="Looduskaitsealaks" pos="X">Looduskaitsealaks</wf>
         <wf lemma="kuulutatud" pos="X">kuulutatud</wf>
         <wf lemma="piirkond" pos="X">piirkond</wf>
         <wf lemma="." pos="X">.</wf>
         <wf lemma="Mees" pos="X">Mees</wf>
         <wf lemma="kuulutati" pos="X">kuulutati</wf>
         <wf lemma="tagaotsitavaks" pos="X">tagaotsitavaks</wf>
         <wf lemma="." pos="X">.</wf>
      </sentence>
      <sentence id="d000.s1222" source="wordnet-estonian">
         <instance id="d000.s1222.t000" lemma="tantsima" pos="VERB">Tantsib</instance>
         <wf lemma="ainult" pos="X">ainult</wf>
         <wf lemma="oma" pos="X">oma</wf>
         <wf lemma="naisega" pos="X">naisega</wf>
         <wf lemma="(" pos="X">(</wf>
         <wf lemma="EKSS" pos="X">EKSS</wf>
         <wf lemma=")" pos="X">)</wf>
         <wf lemma="." pos="X">.</wf>
      </sentence>
      <sentence id="d000.s1223" source="wordnet-estonian">
         <wf lemma="Merel" pos="X">Merel</wf>
         <wf lemma="õõtsuv" pos="X">õõtsuv</wf>
         <instance id="d000.s1223.t000" lemma="punkt" pos="NOUN">punkt</instance>
         <wf lemma="osutus" pos="X">osutus</wf>
         <wf lemma="paadiks" pos="X">paadiks</wf>
         <wf lemma="." pos="X">.</wf>
      </sentence>
      <sentence id="d000.s1224" source="wordnet-estonian">
         <instance id="d000.s1224.t000" lemma="panema" pos="VERB">Panin</instance>
         <wf lemma="ta" pos="X">ta</wf>
         <wf lemma="puid" pos="X">puid</wf>
         <wf lemma="tegema" pos="X">tegema</wf>
         <wf lemma="." pos="X">.</wf>
      </sentence>
      <sentence id="d000.s1225" source="wordnet-estonian">
         <wf lemma="Tegi" pos="X">Tegi</wf>
         <wf lemma="tähtsa" pos="X">tähtsa</wf>
         <instance id="d000.s1225.t000" lemma="leiutis" pos="NOUN">leiutise</instance>
         <wf lemma="." pos="X">.</wf>
         <wf lemma="Leiutise" pos="X">Leiutise</wf>
         <wf lemma="autor" pos="X">autor</wf>
         <wf lemma="saab" pos="X">saab</wf>
         <wf lemma="autoritunnistuse" pos="X">autoritunnistuse</wf>
         <wf lemma="või" pos="X">või</wf>
         <wf lemma="patendi" pos="X">patendi</wf>
         <wf lemma="." pos="X">.</wf>
      </sentence>
      <sentence id="d000.s1226" source="wordnet-estonian">
         <wf lemma="Orkester" pos="X">Orkester</wf>
         <wf lemma="alustas" pos="X">alustas</wf>
         <instance id="d000.s1226.t000" lemma="masurka" pos="NOUN">masurkat</instance>
         <wf lemma="." pos="X">.</wf>
         <wf lemma="(" pos="X">(</wf>
         <wf lemma="EKSS" pos="X">EKSS</wf>
         <wf lemma=")" pos="X">)</wf>
         <wf lemma="." pos="X">.</wf>
      </sentence>
      <sentence id="d000.s1227" source="wordnet-estonian">
         <wf lemma="Eriti" pos="X">Eriti</wf>
         <wf lemma="ohtlik" pos="X">ohtlik</wf>
         <wf lemma="on" pos="X">on</wf>
         <instance id="d000.s1227.t000" lemma="avitaminoos" pos="NOUN">avitaminoos</instance>
         <wf lemma="rasedatele" pos="X">rasedatele</wf>
         <wf lemma="ja" pos="X">ja</wf>
         <wf lemma="last" pos="X">last</wf>
         <wf lemma="rinnaga" pos="X">rinnaga</wf>
         <wf lemma="toitvatele" pos="X">toitvatele</wf>
         <wf lemma="naistele" pos="X">naistele</wf>
         <wf lemma="." pos="X">.</wf>
      </sentence>
      <sentence id="d000.s1228" source="wordnet-estonian">
         <wf lemma="Usk" pos="X">Usk</wf>
         <wf lemma="üleloomulikesse" pos="X">üleloomulikesse</wf>
         <wf lemma="," pos="X">,</wf>
         <wf lemma="kõrgematesse" pos="X">kõrgematesse</wf>
         <instance id="d000.s1228.t000" lemma="jõud" pos="NOUN">jõududesse</instance>
         <wf lemma="." pos="X">.</wf>
      </sentence>
      <sentence id="d000.s1229" source="wordnet-estonian">
         <wf lemma="Oskas" pos="X">Oskas</wf>
         <wf lemma="kõik" pos="X">kõik</wf>
         <instance id="d000.s1229.t000" lemma="asi" pos="NOUN">asjad</instance>
         <wf lemma="lauluga" pos="X">lauluga</wf>
         <wf lemma="ära" pos="X">ära</wf>
         <wf lemma="öelda" pos="X">öelda</wf>
         <wf lemma="." pos="X">.</wf>
      </sentence>
      <sentence id="d000.s1230" source="wordnet-estonian">
         <wf lemma="Meeskoori" pos="X">Meeskoori</wf>
         <instance id="d000.s1230.t000" lemma="kvartett" pos="NOUN">kvartett</instance>
         <wf lemma="." pos="X">.</wf>
      </sentence>
      <sentence id="d000.s1231" source="wordnet-estonian">
         <wf lemma="Need" pos="X">Need</wf>
         <wf lemma="saapad" pos="X">saapad</wf>
         <instance id="d000.s1231.t000" lemma="maksma" pos="VERB">maksid</instance>
         <wf lemma="omal" pos="X">omal</wf>
         <wf lemma="ajal" pos="X">ajal</wf>
         <wf lemma="60" pos="X">60</wf>
         <wf lemma="rubla" pos="X">rubla</wf>
         <wf lemma="." pos="X">.</wf>
      </sentence>
      <sentence id="d000.s1232" source="wordnet-estonian">
         <wf lemma="Trükikojale" pos="X">Trükikojale</wf>
         <wf lemma="ehitati" pos="X">ehitati</wf>
         <wf lemma="juurde" pos="X">juurde</wf>
         <wf lemma="uus" pos="X">uus</wf>
         <instance id="d000.s1232.t000" lemma="tiib" pos="NOUN">tiib</instance>
         <wf lemma="(" pos="X">(</wf>
         <wf lemma="EKSS" pos="X">EKSS</wf>
         <wf lemma=")" pos="X">)</wf>
         <wf lemma="." pos="X">.</wf>
      </sentence>
      <sentence id="d000.s1233" source="wordnet-estonian">
         <instance id="d000.s1233.t000" lemma="elu" pos="NOUN">Elus</instance>
         <wf lemma="on" pos="X">on</wf>
         <wf lemma="nii" pos="X">nii</wf>
         <wf lemma="head" pos="X">head</wf>
         <wf lemma="kui" pos="X">kui</wf>
         <wf lemma="halba" pos="X">halba</wf>
         <wf lemma="(" pos="X">(</wf>
         <wf lemma="EKSS" pos="X">EKSS</wf>
         <wf lemma=")" pos="X">)</wf>
         <wf lemma="." pos="X">.</wf>
      </sentence>
      <sentence id="d000.s1234" source="wordnet-estonian">
         <wf lemma="Karjapoisil" pos="X">Karjapoisil</wf>
         <instance id="d000.s1234.t000" lemma="kaduma" pos="VERB">kadus</instance>
         <wf lemma="lehm" pos="X">lehm</wf>
         <wf lemma="." pos="X">.</wf>
      </sentence>
      <sentence id="d000.s1235" source="wordnet-estonian">
         <wf lemma="Õpilasi" pos="X">Õpilasi</wf>
         <wf lemma="kinno" pos="X">kinno</wf>
         <wf lemma="õhtustele" pos="X">õhtustele</wf>
         <instance id="d000.s1235.t000" lemma="seanss" pos="NOUN">seanssidele</instance>
         <wf lemma="ei" pos="X">ei</wf>
         <wf lemma="lubatud" pos="X">lubatud</wf>
         <wf lemma="." pos="X">.</wf>
      </sentence>
      <sentence id="d000.s1236" source="wordnet-estonian">
         <wf lemma="Väike" pos="X">Väike</wf>
         <wf lemma="taidluskollektiiv" pos="X">taidluskollektiiv</wf>
         <wf lemma="ei" pos="X">ei</wf>
         <wf lemma="suuda" pos="X">suuda</wf>
         <wf lemma="ära" pos="X">ära</wf>
         <wf lemma="õppida" pos="X">õppida</wf>
         <wf lemma="suurt" pos="X">suurt</wf>
         <instance id="d000.s1236.t000" lemma="kava" pos="NOUN">kava</instance>
         <wf lemma="." pos="X">.</wf>
         <wf lemma="Esimese" pos="X">Esimese</wf>
         <wf lemma="üldlaulupeo" pos="X">üldlaulupeo</wf>
         <wf lemma="kava" pos="X">kava</wf>
         <wf lemma="." pos="X">.</wf>
      </sentence>
      <sentence id="d000.s1237" source="wordnet-estonian">
         <wf lemma="Otsekui" pos="X">Otsekui</wf>
         <wf lemma="pääsuke" pos="X">pääsuke</wf>
         <wf lemma="sääski" pos="X">sääski</wf>
         <wf lemma="/" pos="X">/</wf>
         <wf lemma="limpsan" pos="X">limpsan</wf>
         <wf lemma="ma" pos="X">ma</wf>
         <wf lemma="lennult" pos="X">lennult</wf>
         <wf lemma="meteoriite" pos="X">meteoriite</wf>
         <wf lemma="/" pos="X">/</wf>
         <wf lemma="ja" pos="X">ja</wf>
         <wf lemma="õgin" pos="X">õgin</wf>
         <wf lemma="neid" pos="X">neid</wf>
         <wf lemma="oma" pos="X">oma</wf>
         <instance id="d000.s1237.t000" lemma="hõõtsik" pos="NOUN">hõõtsikusse</instance>
         <wf lemma="." pos="X">.</wf>
         <wf lemma="(" pos="X">(</wf>
         <wf lemma="Autor" pos="X">Autor</wf>
         <wf lemma=":" pos="X">:</wf>
         <wf lemma="M." pos="X">M.</wf>
         <wf lemma="Raud." pos="X">Raud.</wf>
         <wf lemma=")" pos="X">)</wf>
         <wf lemma="." pos="X">.</wf>
      </sentence>
      <sentence id="d000.s1238" source="wordnet-estonian">
         <wf lemma="Füüsikaline" pos="X">Füüsikaline</wf>
         <wf lemma="," pos="X">,</wf>
         <wf lemma="matemaatiline" pos="X">matemaatiline</wf>
         <instance id="d000.s1238.t000" lemma="pendel" pos="NOUN">pendel</instance>
         <wf lemma="." pos="X">.</wf>
         <wf lemma="Foucault'" pos="X">Foucault'</wf>
         <wf lemma="pendel" pos="X">pendel</wf>
         <wf lemma="." pos="X">.</wf>
      </sentence>
      <sentence id="d000.s1239" source="wordnet-estonian">
         <wf lemma="Kivimi" pos="X">Kivimi</wf>
         <instance id="d000.s1239.t000" lemma="massiiv" pos="NOUN">massiiv</instance>
         <wf lemma="." pos="X">.</wf>
         <wf lemma="Uute" pos="X">Uute</wf>
         <wf lemma="elamurajoonide" pos="X">elamurajoonide</wf>
         <wf lemma="massiivid" pos="X">massiivid</wf>
         <wf lemma="." pos="X">.</wf>
         <wf lemma="Tore" pos="X">Tore</wf>
         <wf lemma="metsatukk" pos="X">metsatukk</wf>
         <wf lemma="--" pos="X">--</wf>
         <wf lemma="kuuskede" pos="X">kuuskede</wf>
         <wf lemma="tume" pos="X">tume</wf>
         <wf lemma="massiiv" pos="X">massiiv</wf>
         <wf lemma="." pos="X">.</wf>
      </sentence>
      <sentence id="d000.s1240" source="wordnet-estonian">
         <wf lemma="Ta" pos="X">Ta</wf>
         <instance id="d000.s1240.t000" lemma="määrama" pos="VERB">määrati</instance>
         <wf lemma="kooli" pos="X">kooli</wf>
         <wf lemma="direktoriks" pos="X">direktoriks</wf>
         <wf lemma="." pos="X">.</wf>
      </sentence>
      <sentence id="d000.s1241" source="wordnet-estonian">
         <wf lemma="Tegin" pos="X">Tegin</wf>
         <wf lemma="sünnipäevalistele" pos="X">sünnipäevalistele</wf>
         <wf lemma="korraliku" pos="X">korraliku</wf>
         <instance id="d000.s1241.t000" lemma="laud" pos="NOUN">laua</instance>
         <wf lemma="." pos="X">.</wf>
         <wf lemma="Meie" pos="X">Meie</wf>
         <wf lemma="laud" pos="X">laud</wf>
         <wf lemma="laulis" pos="X">laulis</wf>
         <wf lemma="teise" pos="X">teise</wf>
         <wf lemma="lauaga" pos="X">lauaga</wf>
         <wf lemma="vastamisi" pos="X">vastamisi</wf>
         <wf lemma="." pos="X">.</wf>
      </sentence>
      <sentence id="d000.s1242" source="wordnet-estonian">
         <wf lemma="Veel" pos="X">Veel</wf>
         <wf lemma="oli" pos="X">oli</wf>
         <wf lemma="vaja" pos="X">vaja</wf>
         <wf lemma="külma" pos="X">külma</wf>
         <wf lemma="vette" pos="X">vette</wf>
         <wf lemma="astuda" pos="X">astuda</wf>
         <wf lemma="ja" pos="X">ja</wf>
         <wf lemma="merevee" pos="X">merevee</wf>
         <instance id="d000.s1242.t000" lemma="maitse" pos="NOUN">maitset</instance>
         <wf lemma="tunda" pos="X">tunda</wf>
         <wf lemma="." pos="X">.</wf>
      </sentence>
      <sentence id="d000.s1243" source="wordnet-estonian">
         <wf lemma="Töövõtete" pos="X">Töövõtete</wf>
         <wf lemma="ebakindlus" pos="X">ebakindlus</wf>
         <wf lemma="tulenes" pos="X">tulenes</wf>
         <wf lemma="meeste" pos="X">meeste</wf>
         <instance id="d000.s1243.t000" lemma="kogenematus" pos="NOUN">kogenematusest</instance>
         <wf lemma="." pos="X">.</wf>
         <wf lemma="*" pos="X">*</wf>
         <wf lemma="..mõistis" pos="X">..mõistis</wf>
         <wf lemma="sedamaid" pos="X">sedamaid</wf>
         <wf lemma="," pos="X">,</wf>
         <wf lemma="et" pos="X">et</wf>
         <wf lemma="ta" pos="X">ta</wf>
         <wf lemma="võib" pos="X">võib</wf>
         <wf lemma="end" pos="X">end</wf>
         <wf lemma="päästa" pos="X">päästa</wf>
         <wf lemma="ainult" pos="X">ainult</wf>
         <wf lemma="kogenematuse" pos="X">kogenematuse</wf>
         <wf lemma="siira" pos="X">siira</wf>
         <wf lemma="ülestunnistamisega" pos="X">ülestunnistamisega</wf>
         <wf lemma="." pos="X">.</wf>
         <wf lemma="M." pos="X">M.</wf>
         <wf lemma="Raud" pos="X">Raud</wf>
         <wf lemma="." pos="X">.</wf>
      </sentence>
      <sentence id="d000.s1244" source="wordnet-estonian">
         <instance id="d000.s1244.t000" lemma="karu" pos="NOUN">Karud</instance>
         <wf lemma="magavad" pos="X">magavad</wf>
         <wf lemma="talveund" pos="X">talveund</wf>
         <wf lemma="." pos="X">.</wf>
      </sentence>
      <sentence id="d000.s1245" source="wordnet-estonian">
         <wf lemma="Tõuseb" pos="X">Tõuseb</wf>
         <wf lemma="iga" pos="X">iga</wf>
         <instance id="d000.s1245.t000" lemma="tund" pos="NOUN">tunni</instance>
         <wf lemma="tagant" pos="X">tagant</wf>
         <wf lemma="," pos="X">,</wf>
         <wf lemma="et" pos="X">et</wf>
         <wf lemma="heita" pos="X">heita</wf>
         <wf lemma="muretsev" pos="X">muretsev</wf>
         <wf lemma="pilk" pos="X">pilk</wf>
         <wf lemma="aknast" pos="X">aknast</wf>
         <wf lemma="välja" pos="X">välja</wf>
         <wf lemma="." pos="X">.</wf>
      </sentence>
      <sentence id="d000.s1246" source="wordnet-estonian">
         <wf lemma="Neist" pos="X">Neist</wf>
         <wf lemma="on" pos="X">on</wf>
         <wf lemma="levinuimaks" pos="X">levinuimaks</wf>
         <wf lemma="karbonaatsed" pos="X">karbonaatsed</wf>
         <wf lemma="settekivimid" pos="X">settekivimid</wf>
         <wf lemma="-" pos="X">-</wf>
         <wf lemma="lubjakivi" pos="X">lubjakivi</wf>
         <wf lemma="," pos="X">,</wf>
         <wf lemma="dolomiit" pos="X">dolomiit</wf>
         <wf lemma="ja" pos="X">ja</wf>
         <instance id="d000.s1246.t000" lemma="mergel" pos="NOUN">mergel</instance>
         <wf lemma="." pos="X">.</wf>
      </sentence>
      <sentence id="d000.s1247" source="wordnet-estonian">
         <wf lemma="Ma" pos="X">Ma</wf>
         <wf lemma="olen" pos="X">olen</wf>
         <wf lemma="sellest" pos="X">sellest</wf>
         <instance id="d000.s1247.t000" lemma="alati" pos="ADV">alati</instance>
         <wf lemma="hästi" pos="X">hästi</wf>
         <wf lemma="aru" pos="X">aru</wf>
         <wf lemma="saanud" pos="X">saanud</wf>
         <wf lemma="." pos="X">.</wf>
      </sentence>
      <sentence id="d000.s1248" source="wordnet-estonian">
         <wf lemma="Raudbetoonist" pos="X">Raudbetoonist</wf>
         <instance id="d000.s1248.t000" lemma="kindlustus" pos="NOUN">kindlustused</instance>
         <wf lemma="(" pos="X">(</wf>
         <wf lemma="EKSS" pos="X">EKSS</wf>
         <wf lemma=")" pos="X">)</wf>
         <wf lemma="." pos="X">.</wf>
      </sentence>
      <sentence id="d000.s1249" source="wordnet-estonian">
         <wf lemma="Prantsusmaa" pos="X">Prantsusmaa</wf>
         <wf lemma="," pos="X">,</wf>
         <wf lemma="Ungari" pos="X">Ungari</wf>
         <instance id="d000.s1249.t000" lemma="trikoloor" pos="NOUN">trikoloor</instance>
         <wf lemma="." pos="X">.</wf>
         <wf lemma="Pikal" pos="X">Pikal</wf>
         <wf lemma="Hermannil" pos="X">Hermannil</wf>
         <wf lemma="lehvib" pos="X">lehvib</wf>
         <wf lemma="meie" pos="X">meie</wf>
         <wf lemma="sinimustvalge" pos="X">sinimustvalge</wf>
         <wf lemma="trikoloor" pos="X">trikoloor</wf>
         <wf lemma="." pos="X">.</wf>
         <wf lemma="(" pos="X">(</wf>
         <wf lemma="EKSS" pos="X">EKSS</wf>
         <wf lemma=")" pos="X">)</wf>
         <wf lemma="." pos="X">.</wf>
      </sentence>
      <sentence id="d000.s1250" source="wordnet-estonian">
         <wf lemma="Näidendis" pos="X">Näidendis</wf>
         <wf lemma="&quot;" pos="X">&quot;</wf>
         <wf lemma="Kuningal" pos="X">Kuningal</wf>
         <wf lemma="on" pos="X">on</wf>
         <wf lemma="külm" pos="X">külm</wf>
         <wf lemma="&quot;" pos="X">&quot;</wf>
         <wf lemma="kasutab" pos="X">kasutab</wf>
         <wf lemma="Tammsaare" pos="X">Tammsaare</wf>
         <instance id="d000.s1250.t000" lemma="allegooria" pos="NOUN">allegooriat</instance>
         <wf lemma="." pos="X">.</wf>
      </sentence>
      <sentence id="d000.s1251" source="wordnet-estonian">
         <wf lemma="Vanamees" pos="X">Vanamees</wf>
         <instance id="d000.s1251.t000" lemma="sülitama" pos="VERB">sülitas</instance>
         <wf lemma="läraka" pos="X">läraka</wf>
         <wf lemma="maha" pos="X">maha</wf>
         <wf lemma="(" pos="X">(</wf>
         <wf lemma="EKSS" pos="X">EKSS</wf>
         <wf lemma=")" pos="X">)</wf>
         <wf lemma="." pos="X">.</wf>
      </sentence>
      <sentence id="d000.s1252" source="wordnet-estonian">
         <wf lemma="Kesk-Eesti" pos="X">Kesk-Eesti</wf>
         <instance id="d000.s1252.t000" lemma="voor" pos="NOUN">voored</instance>
         <wf lemma="." pos="X">.</wf>
         <wf lemma="Loode–kagu-sihilised" pos="X">Loode–kagu-sihilised</wf>
         <wf lemma="voored" pos="X">voored</wf>
         <wf lemma="." pos="X">.</wf>
         <wf lemma="(" pos="X">(</wf>
         <wf lemma="EKSS" pos="X">EKSS</wf>
         <wf lemma=")" pos="X">)</wf>
         <wf lemma="." pos="X">.</wf>
      </sentence>
      <sentence id="d000.s1253" source="wordnet-estonian">
         <wf lemma="Selle" pos="X">Selle</wf>
         <wf lemma="kohta" pos="X">kohta</wf>
         <wf lemma="ei" pos="X">ei</wf>
         <wf lemma="leidnud" pos="X">leidnud</wf>
         <wf lemma="teavet" pos="X">teavet</wf>
         <wf lemma="ühestki" pos="X">ühestki</wf>
         <instance id="d000.s1253.t000" lemma="leksikon" pos="NOUN">leksikonist</instance>
         <wf lemma="." pos="X">.</wf>
      </sentence>
      <sentence id="d000.s1254" source="wordnet-estonian">
         <wf lemma="Katoliiklik" pos="X">Katoliiklik</wf>
         <instance id="d000.s1254.t000" lemma="ortodoksia" pos="NOUN">ortodoksia</instance>
         <wf lemma="." pos="X">.</wf>
         <wf lemma="*" pos="X">*</wf>
         <wf lemma=".." pos="X">..</wf>
         <wf lemma="Arveliuse" pos="X">Arveliuse</wf>
         <wf lemma="konservatiivsed" pos="X">konservatiivsed</wf>
         <wf lemma="poliitilised" pos="X">poliitilised</wf>
         <wf lemma="vaated" pos="X">vaated</wf>
         <wf lemma="on" pos="X">on</wf>
         <wf lemma="tingitud" pos="X">tingitud</wf>
         <wf lemma="ortodoksia" pos="X">ortodoksia</wf>
         <wf lemma="tugevamatest" pos="X">tugevamatest</wf>
         <wf lemma="traditsioonidest" pos="X">traditsioonidest</wf>
         <wf lemma="Leipzigi" pos="X">Leipzigi</wf>
         <wf lemma="ülikoolis" pos="X">ülikoolis</wf>
         <wf lemma="." pos="X">.</wf>
         <wf lemma="(" pos="X">(</wf>
         <wf lemma="Autor" pos="X">Autor</wf>
         <wf lemma=":" pos="X">:</wf>
         <wf lemma="A." pos="X">A.</wf>
         <wf lemma="Vinkel." pos="X">Vinkel.</wf>
         <wf lemma=")" pos="X">)</wf>
         <wf lemma="." pos="X">.</wf>
      </sentence>
      <sentence id="d000.s1255" source="wordnet-estonian">
         <instance id="d000.s1255.t000" lemma="täitma" pos="VERB">Täitsin</instance>
         <wf lemma="purgi" pos="X">purgi</wf>
         <wf lemma="ääreni" pos="X">ääreni</wf>
         <wf lemma="veega" pos="X">veega</wf>
         <wf lemma="." pos="X">.</wf>
      </sentence>
      <sentence id="d000.s1256" source="wordnet-estonian">
         <wf lemma="Omandas" pos="X">Omandas</wf>
         <wf lemma="kutsekoolis" pos="X">kutsekoolis</wf>
         <wf lemma="lukksepa" pos="X">lukksepa</wf>
         <wf lemma="ja" pos="X">ja</wf>
         <instance id="d000.s1256.t000" lemma="treial" pos="NOUN">treiali</instance>
         <wf lemma="eriala" pos="X">eriala</wf>
         <wf lemma="." pos="X">.</wf>
         <wf lemma="Töötas" pos="X">Töötas</wf>
         <wf lemma="tehases" pos="X">tehases</wf>
         <wf lemma="treialina" pos="X">treialina</wf>
         <wf lemma="." pos="X">.</wf>
      </sentence>
      <sentence id="d000.s1257" source="wordnet-estonian">
         <wf lemma="Meie" pos="X">Meie</wf>
         <instance id="d000.s1257.t000" lemma="valitsus" pos="NOUN">valitsus</instance>
         <wf lemma="juhindub" pos="X">juhindub</wf>
         <wf lemma="demokraatiast" pos="X">demokraatiast</wf>
         <wf lemma="." pos="X">.</wf>
      </sentence>
      <sentence id="d000.s1258" source="wordnet-estonian">
         <wf lemma="Poiss" pos="X">Poiss</wf>
         <wf lemma="oli" pos="X">oli</wf>
         <wf lemma="kidakeelne" pos="X">kidakeelne</wf>
         <wf lemma="ja" pos="X">ja</wf>
         <wf lemma="kehv" pos="X">kehv</wf>
         <instance id="d000.s1258.t000" lemma="jutustaja" pos="NOUN">jutustaja</instance>
         <wf lemma="." pos="X">.</wf>
         <wf lemma="Romaani" pos="X">Romaani</wf>
         <wf lemma="autor" pos="X">autor</wf>
         <wf lemma="näitab" pos="X">näitab</wf>
         <wf lemma="end" pos="X">end</wf>
         <wf lemma="osava" pos="X">osava</wf>
         <wf lemma="jutustajana" pos="X">jutustajana</wf>
         <wf lemma="." pos="X">.</wf>
         <wf lemma="*" pos="X">*</wf>
         <wf lemma="..eestlaste" pos="X">..eestlaste</wf>
         <wf lemma="seas" pos="X">seas</wf>
         <wf lemma="on" pos="X">on</wf>
         <wf lemma="olnud" pos="X">olnud</wf>
         <wf lemma="palju" pos="X">palju</wf>
         <wf lemma="häid" pos="X">häid</wf>
         <wf lemma="jutuvestjaid" pos="X">jutuvestjaid</wf>
         <wf lemma="." pos="X">.</wf>
         <wf lemma="Ongi" pos="X">Ongi</wf>
         <wf lemma="teada" pos="X">teada</wf>
         <wf lemma="mitmeid" pos="X">mitmeid</wf>
         <wf lemma="jutustajaid" pos="X">jutustajaid</wf>
         <wf lemma="," pos="X">,</wf>
         <wf lemma="kellelt" pos="X">kellelt</wf>
         <wf lemma="on" pos="X">on</wf>
         <wf lemma="kirja" pos="X">kirja</wf>
         <wf lemma="pandud" pos="X">pandud</wf>
         <wf lemma="üle" pos="X">üle</wf>
         <wf lemma="100" pos="X">100</wf>
         <wf lemma="jutu" pos="X">jutu</wf>
         <wf lemma="." pos="X">.</wf>
         <wf lemma="." pos="X">.</wf>
         <wf lemma="(" pos="X">(</wf>
         <wf lemma="Autor" pos="X">Autor</wf>
         <wf lemma=":" pos="X">:</wf>
         <wf lemma="Ü." pos="X">Ü.</wf>
         <wf lemma="Tedre." pos="X">Tedre.</wf>
         <wf lemma=")" pos="X">)</wf>
         <wf lemma="." pos="X">.</wf>
      </sentence>
      <sentence id="d000.s1259" source="wordnet-estonian">
         <wf lemma="Varga" pos="X">Varga</wf>
         <wf lemma="," pos="X">,</wf>
         <wf lemma="kelmi" pos="X">kelmi</wf>
         <instance id="d000.s1259.t000" lemma="jultumus" pos="NOUN">jultumus</instance>
         <wf lemma="." pos="X">.</wf>
         <wf lemma="Jultumus" pos="X">Jultumus</wf>
         <wf lemma="teha" pos="X">teha</wf>
         <wf lemma="," pos="X">,</wf>
         <wf lemma="võtta" pos="X">võtta</wf>
         <wf lemma="," pos="X">,</wf>
         <wf lemma="küsida" pos="X">küsida</wf>
         <wf lemma="." pos="X">.</wf>
         <wf lemma="Tema" pos="X">Tema</wf>
         <wf lemma="jultumusel" pos="X">jultumusel</wf>
         <wf lemma="pole" pos="X">pole</wf>
         <wf lemma="piire" pos="X">piire</wf>
         <wf lemma="." pos="X">.</wf>
         <wf lemma="Milline" pos="X">Milline</wf>
         <wf lemma="jultumus" pos="X">jultumus</wf>
         <wf lemma="--" pos="X">--</wf>
         <wf lemma="segada" pos="X">segada</wf>
         <wf lemma="end" pos="X">end</wf>
         <wf lemma="teiste" pos="X">teiste</wf>
         <wf lemma="elusse" pos="X">elusse</wf>
         <wf lemma="!" pos="X">!</wf>
         <wf lemma="*" pos="X">*</wf>
         <wf lemma="Ja" pos="X">Ja</wf>
         <wf lemma="tal" pos="X">tal</wf>
         <wf lemma="," pos="X">,</wf>
         <wf lemma="Joonal" pos="X">Joonal</wf>
         <wf lemma="," pos="X">,</wf>
         <wf lemma="jätkus" pos="X">jätkus</wf>
         <wf lemma="seejuures" pos="X">seejuures</wf>
         <wf lemma="veel" pos="X">veel</wf>
         <wf lemma="jultumust" pos="X">jultumust</wf>
         <wf lemma="oma" pos="X">oma</wf>
         <wf lemma="laste" pos="X">laste</wf>
         <wf lemma="ema" pos="X">ema</wf>
         <wf lemma="üle" pos="X">üle</wf>
         <wf lemma="teinekord" pos="X">teinekord</wf>
         <wf lemma="koguni" pos="X">koguni</wf>
         <wf lemma="kaksipidi" pos="X">kaksipidi</wf>
         <wf lemma="mõelda" pos="X">mõelda</wf>
         <wf lemma="!" pos="X">!</wf>
         <wf lemma="(" pos="X">(</wf>
         <wf lemma="Autor" pos="X">Autor</wf>
         <wf lemma=":" pos="X">:</wf>
         <wf lemma="A." pos="X">A.</wf>
         <wf lemma="Hint." pos="X">Hint.</wf>
         <wf lemma=")" pos="X">)</wf>
         <wf lemma="." pos="X">.</wf>
      </sentence>
      <sentence id="d000.s1260" source="wordnet-estonian">
         <instance id="d000.s1260.t000" lemma="provokaator" pos="NOUN">Provokaatorid</instance>
         <wf lemma="on" pos="X">on</wf>
         <wf lemma="õhutanud" pos="X">õhutanud</wf>
         <wf lemma="raudteid" pos="X">raudteid</wf>
         <wf lemma="õhku" pos="X">õhku</wf>
         <wf lemma="laskma" pos="X">laskma</wf>
         <wf lemma="," pos="X">,</wf>
         <wf lemma="tehast" pos="X">tehast</wf>
         <wf lemma="sulgema" pos="X">sulgema</wf>
         <wf lemma="." pos="X">.</wf>
         <wf lemma="Koosolekul" pos="X">Koosolekul</wf>
         <wf lemma="leidus" pos="X">leidus</wf>
         <wf lemma="provokaator" pos="X">provokaator</wf>
         <wf lemma="." pos="X">.</wf>
         <wf lemma="*" pos="X">*</wf>
         <wf lemma=".." pos="X">..</wf>
         <wf lemma="ta" pos="X">ta</wf>
         <wf lemma="on" pos="X">on</wf>
         <wf lemma="palgaline" pos="X">palgaline</wf>
         <wf lemma="politseiagent" pos="X">politseiagent</wf>
         <wf lemma="," pos="X">,</wf>
         <wf lemma="provokaator" pos="X">provokaator</wf>
         <wf lemma="." pos="X">.</wf>
         <wf lemma="." pos="X">.</wf>
         <wf lemma="(" pos="X">(</wf>
         <wf lemma="Autor" pos="X">Autor</wf>
         <wf lemma=":" pos="X">:</wf>
         <wf lemma="H." pos="X">H.</wf>
         <wf lemma="Luik" pos="X">Luik</wf>
         <wf lemma="(" pos="X">(</wf>
         <wf lemma="tlk." pos="X">tlk.</wf>
         <wf lemma=")" pos="X">)</wf>
         <wf lemma="." pos="X">.</wf>
         <wf lemma=")" pos="X">)</wf>
         <wf lemma="." pos="X">.</wf>
      </sentence>
      <sentence id="d000.s1261" source="wordnet-estonian">
         <wf lemma="Sul" pos="X">Sul</wf>
         <wf lemma="on" pos="X">on</wf>
         <wf lemma="selles" pos="X">selles</wf>
         <wf lemma="suhtes" pos="X">suhtes</wf>
         <instance id="d000.s1261.t000" lemma="sügavalt" pos="ADV">sügavalt</instance>
         <wf lemma="ekslik" pos="X">ekslik</wf>
         <wf lemma="arvamus" pos="X">arvamus</wf>
         <wf lemma="." pos="X">.</wf>
      </sentence>
      <sentence id="d000.s1262" source="wordnet-estonian">
         <wf lemma="Riik" pos="X">Riik</wf>
         <instance id="d000.s1262.t000" lemma="võitma" pos="VERB">võitis</instance>
         <wf lemma="sõjas" pos="X">sõjas</wf>
         <wf lemma="naabrilt" pos="X">naabrilt</wf>
         <wf lemma="hulga" pos="X">hulga</wf>
         <wf lemma="maad" pos="X">maad</wf>
         <wf lemma="juurde" pos="X">juurde</wf>
         <wf lemma="." pos="X">.</wf>
         <wf lemma="Lillede" pos="X">Lillede</wf>
         <wf lemma="ja" pos="X">ja</wf>
         <wf lemma="magusa" pos="X">magusa</wf>
         <wf lemma="jutuga" pos="X">jutuga</wf>
         <wf lemma="oli" pos="X">oli</wf>
         <wf lemma="ta" pos="X">ta</wf>
         <wf lemma="tüdruku" pos="X">tüdruku</wf>
         <wf lemma="enda" pos="X">enda</wf>
         <wf lemma="poole" pos="X">poole</wf>
         <wf lemma="võitnud" pos="X">võitnud</wf>
         <wf lemma="." pos="X">.</wf>
         <wf lemma="(" pos="X">(</wf>
         <wf lemma="EKSS" pos="X">EKSS</wf>
         <wf lemma=")" pos="X">)</wf>
         <wf lemma="." pos="X">.</wf>
      </sentence>
      <sentence id="d000.s1263" source="wordnet-estonian">
         <wf lemma="Briti" pos="X">Briti</wf>
         <wf lemma="," pos="X">,</wf>
         <wf lemma="Prantsusmaa" pos="X">Prantsusmaa</wf>
         <wf lemma="," pos="X">,</wf>
         <wf lemma="Hollandi" pos="X">Hollandi</wf>
         <wf lemma="endised" pos="X">endised</wf>
         <instance id="d000.s1263.t000" lemma="koloonia" pos="NOUN">kolooniad</instance>
         <wf lemma="." pos="X">.</wf>
      </sentence>
      <sentence id="d000.s1264" source="wordnet-estonian">
         <wf lemma="Nägime" pos="X">Nägime</wf>
         <wf lemma="metsas" pos="X">metsas</wf>
         <wf lemma="kolme" pos="X">kolme</wf>
         <wf lemma="põtra" pos="X">põtra</wf>
         <wf lemma=":" pos="X">:</wf>
         <wf lemma="kaht" pos="X">kaht</wf>
         <wf lemma="pulli" pos="X">pulli</wf>
         <wf lemma="ja" pos="X">ja</wf>
         <wf lemma="üht" pos="X">üht</wf>
         <instance id="d000.s1264.t000" lemma="lehm" pos="NOUN">lehma</instance>
         <wf lemma="." pos="X">.</wf>
      </sentence>
      <sentence id="d000.s1265" source="wordnet-estonian">
         <wf lemma="Esitus" pos="X">Esitus</wf>
         <wf lemma="on" pos="X">on</wf>
         <wf lemma="üldsõnaline" pos="X">üldsõnaline</wf>
         <wf lemma="," pos="X">,</wf>
         <wf lemma="vaja" pos="X">vaja</wf>
         <wf lemma="on" pos="X">on</wf>
         <wf lemma="rohkem" pos="X">rohkem</wf>
         <instance id="d000.s1265.t000" lemma="konkreetsus" pos="NOUN">konkreetsust</instance>
         <wf lemma="." pos="X">.</wf>
      </sentence>
      <sentence id="d000.s1266" source="wordnet-estonian">
         <wf lemma="Igav" pos="X">Igav</wf>
         <wf lemma="loeng" pos="X">loeng</wf>
         <wf lemma="ajab" pos="X">ajab</wf>
         <instance id="d000.s1266.t000" lemma="haigutama" pos="VERB">haigutama</instance>
         <wf lemma="." pos="X">.</wf>
      </sentence>
      <sentence id="d000.s1267" source="wordnet-estonian">
         <wf lemma="Korrapärane" pos="X">Korrapärane</wf>
         <wf lemma="viisnurkne" pos="X">viisnurkne</wf>
         <instance id="d000.s1267.t000" lemma="püramiid" pos="NOUN">püramiid</instance>
         <wf lemma="." pos="X">.</wf>
      </sentence>
      <sentence id="d000.s1268" source="wordnet-estonian">
         <wf lemma="Osal" pos="X">Osal</wf>
         <wf lemma="krundist" pos="X">krundist</wf>
         <wf lemma="kasvab" pos="X">kasvab</wf>
         <wf lemma="mets" pos="X">mets</wf>
         <instance id="d000.s1268.t000" lemma="peal" pos="ADV">peal</instance>
         <wf lemma="." pos="X">.</wf>
         <wf lemma="(" pos="X">(</wf>
         <wf lemma="EKSS" pos="X">EKSS</wf>
         <wf lemma=")" pos="X">)</wf>
         <wf lemma="." pos="X">.</wf>
      </sentence>
      <sentence id="d000.s1269" source="wordnet-estonian">
         <wf lemma="Tütarlastele" pos="X">Tütarlastele</wf>
         <wf lemma="õpetati" pos="X">õpetati</wf>
         <wf lemma="koolis" pos="X">koolis</wf>
         <instance id="d000.s1269.t000" lemma="kodundus" pos="NOUN">kodundust</instance>
         <wf lemma="ja" pos="X">ja</wf>
         <wf lemma="käsitööd" pos="X">käsitööd</wf>
         <wf lemma="." pos="X">.</wf>
         <wf lemma="(" pos="X">(</wf>
         <wf lemma="EKSS" pos="X">EKSS</wf>
         <wf lemma=")" pos="X">)</wf>
         <wf lemma="." pos="X">.</wf>
      </sentence>
      <sentence id="d000.s1270" source="wordnet-estonian">
         <wf lemma="Elliptiline" pos="X">Elliptiline</wf>
         <wf lemma="," pos="X">,</wf>
         <wf lemma="hüperboolne" pos="X">hüperboolne</wf>
         <instance id="d000.s1270.t000" lemma="paraboloid" pos="NOUN">paraboloid</instance>
         <wf lemma="." pos="X">.</wf>
      </sentence>
      <sentence id="d000.s1271" source="wordnet-estonian">
         <wf lemma="Amfiibide" pos="X">Amfiibide</wf>
         <instance id="d000.s1271.t000" lemma="kulles" pos="NOUN">kullesed</instance>
         <wf lemma="." pos="X">.</wf>
         <wf lemma="Konnakudust" pos="X">Konnakudust</wf>
         <wf lemma="koorunud" pos="X">koorunud</wf>
         <wf lemma="kullesed" pos="X">kullesed</wf>
         <wf lemma="." pos="X">.</wf>
      </sentence>
      <sentence id="d000.s1272" source="wordnet-estonian">
         <instance id="d000.s1272.t000" lemma="fosforestsents" pos="NOUN">Fosforestsentsi</instance>
         <wf lemma="esineb" pos="X">esineb</wf>
         <wf lemma="mineraalidel" pos="X">mineraalidel</wf>
         <wf lemma="harva" pos="X">harva</wf>
         <wf lemma="." pos="X">.</wf>
      </sentence>
      <sentence id="d000.s1273" source="wordnet-estonian">
         <wf lemma="Nooreestlaste" pos="X">Nooreestlaste</wf>
         <instance id="d000.s1273.t000" lemma="loosung" pos="NOUN">loosung</instance>
         <wf lemma="&quot;" pos="X">&quot;</wf>
         <wf lemma="Olgem" pos="X">Olgem</wf>
         <wf lemma="eestlased" pos="X">eestlased</wf>
         <wf lemma="," pos="X">,</wf>
         <wf lemma="aga" pos="X">aga</wf>
         <wf lemma="saagem" pos="X">saagem</wf>
         <wf lemma="ka" pos="X">ka</wf>
         <wf lemma="eurooplasteks" pos="X">eurooplasteks</wf>
         <wf lemma="!" pos="X">!</wf>
         <wf lemma="&quot;" pos="X">&quot;</wf>
         <wf lemma="on" pos="X">on</wf>
         <wf lemma="tänini" pos="X">tänini</wf>
         <wf lemma="aktuaalne" pos="X">aktuaalne</wf>
         <wf lemma="." pos="X">.</wf>
      </sentence>
      <sentence id="d000.s1274" source="wordnet-estonian">
         <instance id="d000.s1274.t000" lemma="pupill" pos="NOUN">Pupillid</instance>
         <wf lemma="laienevad" pos="X">laienevad</wf>
         <wf lemma="," pos="X">,</wf>
         <wf lemma="ahenevad" pos="X">ahenevad</wf>
         <wf lemma="." pos="X">.</wf>
         <wf lemma="Tilgad" pos="X">Tilgad</wf>
         <wf lemma="pupilli" pos="X">pupilli</wf>
         <wf lemma="laiendamiseks" pos="X">laiendamiseks</wf>
         <wf lemma="." pos="X">.</wf>
         <wf lemma="Eredas" pos="X">Eredas</wf>
         <wf lemma="valguses" pos="X">valguses</wf>
         <wf lemma="paistsid" pos="X">paistsid</wf>
         <wf lemma="pupillid" pos="X">pupillid</wf>
         <wf lemma="punktidena" pos="X">punktidena</wf>
         <wf lemma="." pos="X">.</wf>
         <wf lemma="Rebase" pos="X">Rebase</wf>
         <wf lemma="viltused" pos="X">viltused</wf>
         <wf lemma="piklikud" pos="X">piklikud</wf>
         <wf lemma="pupillid" pos="X">pupillid</wf>
         <wf lemma="." pos="X">.</wf>
         <wf lemma="*" pos="X">*</wf>
         <wf lemma=".." pos="X">..</wf>
         <wf lemma="ta" pos="X">ta</wf>
         <wf lemma="mustade" pos="X">mustade</wf>
         <wf lemma="pupillide" pos="X">pupillide</wf>
         <wf lemma="sügavuses" pos="X">sügavuses</wf>
         <wf lemma="säras" pos="X">säras</wf>
         <wf lemma="rahutu" pos="X">rahutu</wf>
         <wf lemma="meeleheide" pos="X">meeleheide</wf>
         <wf lemma="." pos="X">.</wf>
         <wf lemma="(" pos="X">(</wf>
         <wf lemma="Autor" pos="X">Autor</wf>
         <wf lemma=":" pos="X">:</wf>
         <wf lemma="A." pos="X">A.</wf>
         <wf lemma="Jakobson." pos="X">Jakobson.</wf>
         <wf lemma=")" pos="X">)</wf>
         <wf lemma="." pos="X">.</wf>
      </sentence>
      <sentence id="d000.s1275" source="wordnet-estonian">
         <wf lemma="Armeenlasi" pos="X">Armeenlasi</wf>
         <wf lemma="elab" pos="X">elab</wf>
         <wf lemma="suurte" pos="X">suurte</wf>
         <instance id="d000.s1275.t000" lemma="koloonia" pos="NOUN">kolooniatena</instance>
         <wf lemma="teistes" pos="X">teistes</wf>
         <wf lemma="riikides" pos="X">riikides</wf>
         <wf lemma="." pos="X">.</wf>
      </sentence>
      <sentence id="d000.s1276" source="wordnet-estonian">
         <wf lemma="50-aastase" pos="X">50-aastase</wf>
         <instance id="d000.s1276.t000" lemma="anneksioon" pos="NOUN">anneksiooni</instance>
         <wf lemma="järel" pos="X">järel</wf>
         <wf lemma="on" pos="X">on</wf>
         <wf lemma="eesti" pos="X">eesti</wf>
         <wf lemma="keel" pos="X">keel</wf>
         <wf lemma="jälle" pos="X">jälle</wf>
         <wf lemma="Eesti" pos="X">Eesti</wf>
         <wf lemma="ainus" pos="X">ainus</wf>
         <wf lemma="riigikeel" pos="X">riigikeel</wf>
         <wf lemma="." pos="X">.</wf>
      </sentence>
      <sentence id="d000.s1277" source="wordnet-estonian">
         <wf lemma="Esimsel" pos="X">Esimsel</wf>
         <instance id="d000.s1277.t000" lemma="päev" pos="NOUN">päeval</instance>
         <wf lemma="." pos="X">.</wf>
      </sentence>
      <sentence id="d000.s1278" source="wordnet-estonian">
         <wf lemma="Lükkas" pos="X">Lükkas</wf>
         <wf lemma="juuksed" pos="X">juuksed</wf>
         <wf lemma="mütsi" pos="X">mütsi</wf>
         <instance id="d000.s1278.t000" lemma="äär" pos="NOUN">ääre</instance>
         <wf lemma="alla" pos="X">alla</wf>
         <wf lemma="." pos="X">.</wf>
         <wf lemma="Laia" pos="X">Laia</wf>
         <wf lemma="äärega" pos="X">äärega</wf>
         <wf lemma="kübar" pos="X">kübar</wf>
         <wf lemma="." pos="X">.</wf>
      </sentence>
      <sentence id="d000.s1279" source="wordnet-estonian">
         <wf lemma="Arst" pos="X">Arst</wf>
         <wf lemma="palus" pos="X">palus</wf>
         <wf lemma="patsiendil" pos="X">patsiendil</wf>
         <instance id="d000.s1279.t000" lemma="suu" pos="NOUN">suu</instance>
         <wf lemma="avada" pos="X">avada</wf>
         <wf lemma="," pos="X">,</wf>
         <wf lemma="lahti" pos="X">lahti</wf>
         <wf lemma="teha" pos="X">teha</wf>
         <wf lemma="(" pos="X">(</wf>
         <wf lemma="EKSS" pos="X">EKSS</wf>
         <wf lemma=")" pos="X">)</wf>
         <wf lemma="." pos="X">.</wf>
      </sentence>
      <sentence id="d000.s1280" source="wordnet-estonian">
         <wf lemma="Minu" pos="X">Minu</wf>
         <wf lemma="lapsepõlvekodu" pos="X">lapsepõlvekodu</wf>
         <wf lemma="maadel" pos="X">maadel</wf>
         <instance id="d000.s1280.t000" lemma="ängelhein" pos="NOUN">ängelhein</instance>
         <wf lemma="ei" pos="X">ei</wf>
         <wf lemma="kasva" pos="X">kasva</wf>
         <wf lemma="." pos="X">.</wf>
      </sentence>
      <sentence id="d000.s1281" source="wordnet-estonian">
         <wf lemma="Eelista" pos="X">Eelista</wf>
         <wf lemma="kodumaist" pos="X">kodumaist</wf>
         <instance id="d000.s1281.t000" lemma="toodang" pos="NOUN">toodangut</instance>
         <wf lemma="!" pos="X">!</wf>
      </sentence>
      <sentence id="d000.s1282" source="wordnet-estonian">
         <instance id="d000.s1282.t000" lemma="täna" pos="ADV">Täna</instance>
         <wf lemma="läheme" pos="X">läheme</wf>
         <wf lemma="loomaaeda" pos="X">loomaaeda</wf>
         <wf lemma="." pos="X">.</wf>
      </sentence>
      <sentence id="d000.s1283" source="wordnet-estonian">
         <wf lemma="Tal" pos="X">Tal</wf>
         <wf lemma="oli" pos="X">oli</wf>
         <wf lemma="üks" pos="X">üks</wf>
         <wf lemma="kümnekroonine" pos="X">kümnekroonine</wf>
         <wf lemma="ja" pos="X">ja</wf>
         <wf lemma="kolm" pos="X">kolm</wf>
         <wf lemma="viiekroonist" pos="X">viiekroonist</wf>
         <instance id="d000.s1283.t000" lemma="münt" pos="NOUN">münti</instance>
         <wf lemma="." pos="X">.</wf>
      </sentence>
      <sentence id="d000.s1284" source="wordnet-estonian">
         <wf lemma="Näitab" pos="X">Näitab</wf>
         <instance id="d000.s1284.t000" lemma="lamp" pos="NOUN">lambiga</instance>
         <wf lemma="tuld" pos="X">tuld</wf>
         <wf lemma="." pos="X">.</wf>
      </sentence>
      <sentence id="d000.s1285" source="wordnet-estonian">
         <wf lemma="Ta" pos="X">Ta</wf>
         <wf lemma="auto" pos="X">auto</wf>
         <instance id="d000.s1285.t000" lemma="kere" pos="NOUN">kere</instance>
         <wf lemma="vajab" pos="X">vajab</wf>
         <wf lemma="kapitaalset" pos="X">kapitaalset</wf>
         <wf lemma="remonti" pos="X">remonti</wf>
         <wf lemma="." pos="X">.</wf>
      </sentence>
      <sentence id="d000.s1286" source="wordnet-estonian">
         <wf lemma="Panime" pos="X">Panime</wf>
         <instance id="d000.s1286.t000" lemma="vann" pos="NOUN">vanni</instance>
         <wf lemma="vett" pos="X">vett</wf>
         <wf lemma="ja" pos="X">ja</wf>
         <wf lemma="lasime" pos="X">lasime</wf>
         <wf lemma="tal" pos="X">tal</wf>
         <wf lemma="päikese" pos="X">päikese</wf>
         <wf lemma="käes" pos="X">käes</wf>
         <wf lemma="soojaks" pos="X">soojaks</wf>
         <wf lemma="minna" pos="X">minna</wf>
         <wf lemma="." pos="X">.</wf>
      </sentence>
      <sentence id="d000.s1287" source="wordnet-estonian">
         <wf lemma="IT" pos="X">IT</wf>
         <instance id="d000.s1287.t000" lemma="tähendama" pos="VERB">tähendab</instance>
         <wf lemma="infotehnoloogiat" pos="X">infotehnoloogiat</wf>
         <wf lemma="." pos="X">.</wf>
         <wf lemma="Need" pos="X">Need</wf>
         <wf lemma="kaks" pos="X">kaks</wf>
         <wf lemma="lauset" pos="X">lauset</wf>
         <wf lemma="tähendavad" pos="X">tähendavad</wf>
         <wf lemma="üht" pos="X">üht</wf>
         <wf lemma="ja" pos="X">ja</wf>
         <wf lemma="sama" pos="X">sama</wf>
         <wf lemma="." pos="X">.</wf>
      </sentence>
      <sentence id="d000.s1288" source="wordnet-estonian">
         <wf lemma="Noorpaar" pos="X">Noorpaar</wf>
         <wf lemma="alustas" pos="X">alustas</wf>
         <wf lemma="ühist" pos="X">ühist</wf>
         <instance id="d000.s1288.t000" lemma="elu" pos="NOUN">elu</instance>
         <wf lemma="(" pos="X">(</wf>
         <wf lemma="EKSS" pos="X">EKSS</wf>
         <wf lemma=")" pos="X">)</wf>
         <wf lemma="." pos="X">.</wf>
      </sentence>
      <sentence id="d000.s1289" source="wordnet-estonian">
         <wf lemma="Kohvi" pos="X">Kohvi</wf>
         <wf lemma="juurde" pos="X">juurde</wf>
         <wf lemma="pakuti" pos="X">pakuti</wf>
         <wf lemma="magusaid" pos="X">magusaid</wf>
         <wf lemma="ja" pos="X">ja</wf>
         <wf lemma="soolaseid" pos="X">soolaseid</wf>
         <instance id="d000.s1289.t000" lemma="küpsis" pos="NOUN">küpsiseid</instance>
         <wf lemma="." pos="X">.</wf>
      </sentence>
      <sentence id="d000.s1290" source="wordnet-estonian">
         <wf lemma="Viiuldaja" pos="X">Viiuldaja</wf>
         <wf lemma="tõmbab" pos="X">tõmbab</wf>
         <instance id="d000.s1290.t000" lemma="poogen" pos="NOUN">poognaga</instance>
         <wf lemma="üle" pos="X">üle</wf>
         <wf lemma="keelte" pos="X">keelte</wf>
         <wf lemma="." pos="X">.</wf>
      </sentence>
      <sentence id="d000.s1291" source="wordnet-estonian">
         <wf lemma="Rebane" pos="X">Rebane</wf>
         <instance id="d000.s1291.t000" lemma="otsima" pos="VERB">otsib</instance>
         <wf lemma="saaki" pos="X">saaki</wf>
         <wf lemma="." pos="X">.</wf>
      </sentence>
      <sentence id="d000.s1292" source="wordnet-estonian">
         <wf lemma="Kapten" pos="X">Kapten</wf>
         <wf lemma="ihkas" pos="X">ihkas</wf>
         <wf lemma="auahne" pos="X">auahne</wf>
         <wf lemma="mehena" pos="X">mehena</wf>
         <instance id="d000.s1292.t000" lemma="kuulsus" pos="NOUN">kuulsust</instance>
         <wf lemma="." pos="X">.</wf>
      </sentence>
      <sentence id="d000.s1293" source="wordnet-estonian">
         <wf lemma="Eesti" pos="X">Eesti</wf>
         <wf lemma="ja" pos="X">ja</wf>
         <wf lemma="Soome" pos="X">Soome</wf>
         <wf lemma="iseseisvusid" pos="X">iseseisvusid</wf>
         <wf lemma="ühel" pos="X">ühel</wf>
         <instance id="d000.s1293.t000" lemma="aeg" pos="NOUN">ajal</instance>
         <wf lemma="." pos="X">.</wf>
      </sentence>
      <sentence id="d000.s1294" source="wordnet-estonian">
         <wf lemma="Veok" pos="X">Veok</wf>
         <wf lemma="liikus" pos="X">liikus</wf>
         <instance id="d000.s1294.t000" lemma="mootor" pos="NOUN">mootori</instance>
         <wf lemma="jõul" pos="X">jõul</wf>
         <wf lemma="." pos="X">.</wf>
      </sentence>
      <sentence id="d000.s1295" source="wordnet-estonian">
         <wf lemma="Juhan" pos="X">Juhan</wf>
         <instance id="d000.s1295.t000" lemma="lubama" pos="VERB">lubas</instance>
         <wf lemma="Mari" pos="X">Mari</wf>
         <wf lemma="naiseks" pos="X">naiseks</wf>
         <wf lemma="võtta" pos="X">võtta</wf>
         <wf lemma="." pos="X">.</wf>
      </sentence>
      <sentence id="d000.s1296" source="wordnet-estonian">
         <wf lemma="Täna" pos="X">Täna</wf>
         <wf lemma="oleme" pos="X">oleme</wf>
         <wf lemma="veel" pos="X">veel</wf>
         <wf lemma="kodus" pos="X">kodus</wf>
         <wf lemma="," pos="X">,</wf>
         <instance id="d000.s1296.t000" lemma="homme" pos="ADV">homme</instance>
         <wf lemma="läheme" pos="X">läheme</wf>
         <wf lemma="reisile" pos="X">reisile</wf>
         <wf lemma="." pos="X">.</wf>
      </sentence>
      <sentence id="d000.s1297" source="wordnet-estonian">
         <wf lemma="Organismi" pos="X">Organismi</wf>
         <wf lemma="vastupanuvõime" pos="X">vastupanuvõime</wf>
         <instance id="d000.s1297.t000" lemma="haigus" pos="NOUN">haigustele</instance>
         <wf lemma="nõrgenes" pos="X">nõrgenes</wf>
         <wf lemma="." pos="X">.</wf>
      </sentence>
      <sentence id="d000.s1298" source="wordnet-estonian">
         <wf lemma="Vannitoa" pos="X">Vannitoa</wf>
         <instance id="d000.s1298.t000" lemma="uks" pos="NOUN">uks</instance>
         <wf lemma="." pos="X">.</wf>
      </sentence>
      <sentence id="d000.s1299" source="wordnet-estonian">
         <wf lemma="Ega" pos="X">Ega</wf>
         <wf lemma="midagi" pos="X">midagi</wf>
         <wf lemma="," pos="X">,</wf>
         <wf lemma="tuleb" pos="X">tuleb</wf>
         <wf lemma="maanteel" pos="X">maanteel</wf>
         <instance id="d000.s1299.t000" lemma="hääletama" pos="VERB">hääletada</instance>
         <wf lemma="." pos="X">.</wf>
      </sentence>
      <sentence id="d000.s1300" source="wordnet-estonian">
         <wf lemma="Põhipunktides" pos="X">Põhipunktides</wf>
         <wf lemma="tunnistajate" pos="X">tunnistajate</wf>
         <wf lemma="seletused" pos="X">seletused</wf>
         <instance id="d000.s1300.t000" lemma="kattuma" pos="VERB">kattusid</instance>
         <wf lemma="(" pos="X">(</wf>
         <wf lemma="EKSS" pos="X">EKSS</wf>
         <wf lemma=")" pos="X">)</wf>
         <wf lemma="." pos="X">.</wf>
      </sentence>
      <sentence id="d000.s1301" source="wordnet-estonian">
         <wf lemma="Tal" pos="X">Tal</wf>
         <wf lemma="pole" pos="X">pole</wf>
         <instance id="d000.s1301.t000" lemma="kindel" pos="ADJ">kindlat</instance>
         <wf lemma="töökohta" pos="X">töökohta</wf>
         <wf lemma="." pos="X">.</wf>
         <wf lemma="Pereisal" pos="X">Pereisal</wf>
         <wf lemma="oli" pos="X">oli</wf>
         <wf lemma="lauas" pos="X">lauas</wf>
         <wf lemma="oma" pos="X">oma</wf>
         <wf lemma="kindel" pos="X">kindel</wf>
         <wf lemma="koht" pos="X">koht</wf>
         <wf lemma="." pos="X">.</wf>
      </sentence>
      <sentence id="d000.s1302" source="wordnet-estonian">
         <wf lemma="Käisin" pos="X">Käisin</wf>
         <wf lemma="tööd" pos="X">tööd</wf>
         <wf lemma="," pos="X">,</wf>
         <wf lemma="kohta" pos="X">kohta</wf>
         <instance id="d000.s1302.t000" lemma="otsima" pos="VERB">otsimas</instance>
         <wf lemma="." pos="X">.</wf>
      </sentence>
      <sentence id="d000.s1303" source="wordnet-estonian">
         <wf lemma="Ülemuste" pos="X">Ülemuste</wf>
         <instance id="d000.s1303.t000" lemma="arm" pos="NOUN">armust</instance>
         <wf lemma="teda" pos="X">teda</wf>
         <wf lemma="tööl" pos="X">tööl</wf>
         <wf lemma="peetakse" pos="X">peetakse</wf>
         <wf lemma="." pos="X">.</wf>
      </sentence>
      <sentence id="d000.s1304" source="wordnet-estonian">
         <instance id="d000.s1304.t000" lemma="postiljon" pos="NOUN">Postiljon</instance>
         <wf lemma="tõi" pos="X">tõi</wf>
         <wf lemma="lehed" pos="X">lehed</wf>
         <wf lemma="," pos="X">,</wf>
         <wf lemma="kirja" pos="X">kirja</wf>
         <wf lemma="," pos="X">,</wf>
         <wf lemma="pensioni" pos="X">pensioni</wf>
         <wf lemma="." pos="X">.</wf>
      </sentence>
      <sentence id="d000.s1305" source="wordnet-estonian">
         <wf lemma="Lõunamaa" pos="X">Lõunamaa</wf>
         <instance id="d000.s1305.t000" lemma="tume" pos="ADJ">tumedad</instance>
         <wf lemma="ööd" pos="X">ööd</wf>
         <wf lemma="." pos="X">.</wf>
         <wf lemma="Päev" pos="X">Päev</wf>
         <wf lemma="on" pos="X">on</wf>
         <wf lemma="pilves" pos="X">pilves</wf>
         <wf lemma="ja" pos="X">ja</wf>
         <wf lemma="tume" pos="X">tume</wf>
         <wf lemma="." pos="X">.</wf>
         <wf lemma="Küll" pos="X">Küll</wf>
         <wf lemma="on" pos="X">on</wf>
         <wf lemma="aga" pos="X">aga</wf>
         <wf lemma="tume" pos="X">tume</wf>
         <wf lemma="ilm" pos="X">ilm</wf>
         <wf lemma="." pos="X">.</wf>
      </sentence>
      <sentence id="d000.s1306" source="wordnet-estonian">
         <instance id="d000.s1306.t000" lemma="joodik" pos="NOUN">Joodikust</instance>
         <wf lemma="mehega" pos="X">mehega</wf>
         <wf lemma="on" pos="X">on</wf>
         <wf lemma="raske" pos="X">raske</wf>
         <wf lemma="elada" pos="X">elada</wf>
         <wf lemma="." pos="X">.</wf>
      </sentence>
      <sentence id="d000.s1307" source="wordnet-estonian">
         <wf lemma="Ta" pos="X">Ta</wf>
         <wf lemma="võttis" pos="X">võttis</wf>
         <wf lemma="üsna" pos="X">üsna</wf>
         <instance id="d000.s1307.t000" lemma="rikas" pos="ADJ">rikka</instance>
         <wf lemma="naise" pos="X">naise</wf>
         <wf lemma="." pos="X">.</wf>
         <wf lemma="Siin" pos="X">Siin</wf>
         <wf lemma="koolis" pos="X">koolis</wf>
         <wf lemma="käivad" pos="X">käivad</wf>
         <wf lemma="rikaste" pos="X">rikaste</wf>
         <wf lemma="vanemate" pos="X">vanemate</wf>
         <wf lemma="lapsed" pos="X">lapsed</wf>
         <wf lemma="." pos="X">.</wf>
      </sentence>
      <sentence id="d000.s1308" source="wordnet-estonian">
         <wf lemma="Ta" pos="X">Ta</wf>
         <wf lemma="pani" pos="X">pani</wf>
         <wf lemma="uksehingedele" pos="X">uksehingedele</wf>
         <wf lemma="natuke" pos="X">natuke</wf>
         <instance id="d000.s1308.t000" lemma="õli" pos="NOUN">õli</instance>
         <wf lemma="." pos="X">.</wf>
      </sentence>
      <sentence id="d000.s1309" source="wordnet-estonian">
         <wf lemma="Kleepis" pos="X">Kleepis</wf>
         <wf lemma="marke" pos="X">marke</wf>
         <instance id="d000.s1309.t000" lemma="album" pos="NOUN">albumisse</instance>
         <wf lemma="." pos="X">.</wf>
      </sentence>
      <sentence id="d000.s1310" source="wordnet-estonian">
         <wf lemma="Kas" pos="X">Kas</wf>
         <instance id="d000.s1310.t000" lemma="seedimine" pos="NOUN">seedimine</instance>
         <wf lemma="on" pos="X">on</wf>
         <wf lemma="korras" pos="X">korras</wf>
         <wf lemma="?" pos="X">?</wf>
         <wf lemma="Liigsöömine" pos="X">Liigsöömine</wf>
         <wf lemma="koormab" pos="X">koormab</wf>
         <wf lemma="seedimist" pos="X">seedimist</wf>
         <wf lemma="." pos="X">.</wf>
      </sentence>
      <sentence id="d000.s1311" source="wordnet-estonian">
         <wf lemma="Roomakatoliku" pos="X">Roomakatoliku</wf>
         <wf lemma="kiriku" pos="X">kiriku</wf>
         <instance id="d000.s1311.t000" lemma="piiskop" pos="NOUN">piiskopid</instance>
         <wf lemma="nimetatakse" pos="X">nimetatakse</wf>
         <wf lemma="paavsti" pos="X">paavsti</wf>
         <wf lemma="poolt" pos="X">poolt</wf>
         <wf lemma="." pos="X">.</wf>
      </sentence>
      <sentence id="d000.s1312" source="wordnet-estonian">
         <instance id="d000.s1312.t000" lemma="pidu" pos="NOUN">Pidu</instance>
         <wf lemma="kestis" pos="X">kestis</wf>
         <wf lemma="kolm" pos="X">kolm</wf>
         <wf lemma="päeva" pos="X">päeva</wf>
         <wf lemma="." pos="X">.</wf>
      </sentence>
      <sentence id="d000.s1313" source="wordnet-estonian">
         <wf lemma="Algul" pos="X">Algul</wf>
         <wf lemma="loeme" pos="X">loeme</wf>
         <wf lemma="ja" pos="X">ja</wf>
         <instance id="d000.s1313.t000" lemma="siis" pos="ADV">siis</instance>
         <wf lemma="kirjutame" pos="X">kirjutame</wf>
         <wf lemma="." pos="X">.</wf>
      </sentence>
      <sentence id="d000.s1314" source="wordnet-estonian">
         <wf lemma="Kahe" pos="X">Kahe</wf>
         <wf lemma="koolkonna" pos="X">koolkonna</wf>
         <instance id="d000.s1314.t000" lemma="doktriin" pos="NOUN">doktriinid</instance>
         <wf lemma="ei" pos="X">ei</wf>
         <wf lemma="erinenudki" pos="X">erinenudki</wf>
         <wf lemma="teineteisest" pos="X">teineteisest</wf>
         <wf lemma="kuigivõrd" pos="X">kuigivõrd</wf>
         <wf lemma="." pos="X">.</wf>
      </sentence>
      <sentence id="d000.s1315" source="wordnet-estonian">
         <wf lemma="Piirivalvuritele" pos="X">Piirivalvuritele</wf>
         <wf lemma="osteti" pos="X">osteti</wf>
         <wf lemma="uus" pos="X">uus</wf>
         <wf lemma="kogus" pos="X">kogus</wf>
         <wf lemma="Iisraeli" pos="X">Iisraeli</wf>
         <instance id="d000.s1315.t000" lemma="relv" pos="NOUN">relvi</instance>
         <wf lemma="." pos="X">.</wf>
      </sentence>
      <sentence id="d000.s1316" source="wordnet-estonian">
         <wf lemma="Remondi" pos="X">Remondi</wf>
         <wf lemma="käigus" pos="X">käigus</wf>
         <instance id="d000.s1316.t000" lemma="sein" pos="NOUN">seinu</instance>
         <wf lemma="värvima" pos="X">värvima</wf>
         <wf lemma="." pos="X">.</wf>
      </sentence>
      <sentence id="d000.s1317" source="wordnet-estonian">
         <wf lemma="Neiu" pos="X">Neiu</wf>
         <wf lemma="tundis" pos="X">tundis</wf>
         <wf lemma="end" pos="X">end</wf>
         <wf lemma="oma" pos="X">oma</wf>
         <instance id="d000.s1317.t000" lemma="pikkus" pos="NOUN">pikkuse</instance>
         <wf lemma="pärast" pos="X">pärast</wf>
         <wf lemma="ebamugavalt" pos="X">ebamugavalt</wf>
         <wf lemma="." pos="X">.</wf>
      </sentence>
      <sentence id="d000.s1318" source="wordnet-estonian">
         <wf lemma="Aktiinium" pos="X">Aktiinium</wf>
         <wf lemma="on" pos="X">on</wf>
         <wf lemma="erakordselt" pos="X">erakordselt</wf>
         <wf lemma="haruildane" pos="X">haruildane</wf>
         <instance id="d000.s1318.t000" lemma="element" pos="NOUN">element</instance>
         <wf lemma="." pos="X">.</wf>
      </sentence>
      <sentence id="d000.s1319" source="wordnet-estonian">
         <instance id="d000.s1319.t000" lemma="elu" pos="NOUN">Elu</instance>
         <wf lemma="veereb" pos="X">veereb</wf>
         <wf lemma="oma" pos="X">oma</wf>
         <wf lemma="rada" pos="X">rada</wf>
         <wf lemma="." pos="X">.</wf>
         <wf lemma="Elu" pos="X">Elu</wf>
         <wf lemma="tahab" pos="X">tahab</wf>
         <wf lemma="elada" pos="X">elada</wf>
         <wf lemma="." pos="X">.</wf>
         <wf lemma="Ta" pos="X">Ta</wf>
         <wf lemma="elu" pos="X">elu</wf>
         <wf lemma="oleks" pos="X">oleks</wf>
         <wf lemma="võinud" pos="X">võinud</wf>
         <wf lemma="teistsuguseks" pos="X">teistsuguseks</wf>
         <wf lemma="kujuneda" pos="X">kujuneda</wf>
         <wf lemma="." pos="X">.</wf>
      </sentence>
      <sentence id="d000.s1320" source="wordnet-estonian">
         <wf lemma="USA" pos="X">USA</wf>
         <wf lemma="presidendi" pos="X">presidendi</wf>
         <wf lemma="isiklik" pos="X">isiklik</wf>
         <instance id="d000.s1320.t000" lemma="emissar" pos="NOUN">emissar</instance>
         <wf lemma="." pos="X">.</wf>
      </sentence>
      <sentence id="d000.s1321" source="wordnet-estonian">
         <wf lemma="Aga" pos="X">Aga</wf>
         <wf lemma="väljas" pos="X">väljas</wf>
         <wf lemma="sinise" pos="X">sinise</wf>
         <instance id="d000.s1321.t000" lemma="kumm" pos="NOUN">kummi</instance>
         <wf lemma="küljes" pos="X">küljes</wf>
         <wf lemma="köeb" pos="X">köeb</wf>
         <wf lemma="päike" pos="X">päike</wf>
         <wf lemma="." pos="X">.</wf>
         <wf lemma="(" pos="X">(</wf>
         <wf lemma="Autor" pos="X">Autor</wf>
         <wf lemma=":" pos="X">:</wf>
         <wf lemma="E." pos="X">E.</wf>
         <wf lemma="Vilde." pos="X">Vilde.</wf>
         <wf lemma=")" pos="X">)</wf>
         <wf lemma="." pos="X">.</wf>
      </sentence>
      <sentence id="d000.s1322" source="wordnet-estonian">
         <wf lemma="Lahkusin" pos="X">Lahkusin</wf>
         <wf lemma="haige" pos="X">haige</wf>
         <wf lemma="juurest" pos="X">juurest</wf>
         <instance id="d000.s1322.t000" lemma="raske" pos="ADJ">raske</instance>
         <wf lemma="tundega" pos="X">tundega</wf>
         <wf lemma="." pos="X">.</wf>
         <wf lemma="Tuju" pos="X">Tuju</wf>
         <wf lemma="muutus" pos="X">muutus</wf>
         <wf lemma="raskeks" pos="X">raskeks</wf>
         <wf lemma="." pos="X">.</wf>
      </sentence>
      <sentence id="d000.s1323" source="wordnet-estonian">
         <wf lemma="Eemalt" pos="X">Eemalt</wf>
         <wf lemma="paistis" pos="X">paistis</wf>
         <wf lemma="kalkuni" pos="X">kalkuni</wf>
         <wf lemma="punane" pos="X">punane</wf>
         <instance id="d000.s1323.t000" lemma="hari" pos="NOUN">hari</instance>
         <wf lemma="." pos="X">.</wf>
      </sentence>
      <sentence id="d000.s1324" source="wordnet-estonian">
         <wf lemma="Ujume" pos="X">Ujume</wf>
         <instance id="d000.s1324.t000" lemma="kallas" pos="NOUN">kaldale</instance>
         <wf lemma="!" pos="X">!</wf>
         <wf lemma="Paat" pos="X">Paat</wf>
         <wf lemma="tõmmati" pos="X">tõmmati</wf>
         <wf lemma="kaldale" pos="X">kaldale</wf>
         <wf lemma="." pos="X">.</wf>
         <wf lemma="Laine" pos="X">Laine</wf>
         <wf lemma="loksub" pos="X">loksub</wf>
         <wf lemma="vastu" pos="X">vastu</wf>
         <wf lemma="kallast" pos="X">kallast</wf>
         <wf lemma="." pos="X">.</wf>
      </sentence>
      <sentence id="d000.s1325" source="wordnet-estonian">
         <instance id="d000.s1325.t000" lemma="mustikas" pos="NOUN">Mustikas</instance>
         <wf lemma="juba" pos="X">juba</wf>
         <wf lemma="õitseb" pos="X">õitseb</wf>
         <wf lemma="." pos="X">.</wf>
      </sentence>
      <sentence id="d000.s1326" source="wordnet-estonian">
         <instance id="d000.s1326.t000" lemma="ruutjuur" pos="NOUN">Ruutjuur</instance>
         <wf lemma="kuueteistkümnest" pos="X">kuueteistkümnest</wf>
         <wf lemma="on" pos="X">on</wf>
         <wf lemma="neli" pos="X">neli</wf>
         <wf lemma="." pos="X">.</wf>
         <wf lemma="Arvu" pos="X">Arvu</wf>
         <wf lemma="a" pos="X">a</wf>
         <wf lemma="ruutjuur" pos="X">ruutjuur</wf>
         <wf lemma="." pos="X">.</wf>
      </sentence>
      <sentence id="d000.s1327" source="wordnet-estonian">
         <wf lemma="Sõime" pos="X">Sõime</wf>
         <instance id="d000.s1327.t000" lemma="lihtne" pos="ADJ">lihtsat</instance>
         <wf lemma="lõunat" pos="X">lõunat</wf>
         <wf lemma=":" pos="X">:</wf>
         <wf lemma="koorega" pos="X">koorega</wf>
         <wf lemma="kartuleid" pos="X">kartuleid</wf>
         <wf lemma="ja" pos="X">ja</wf>
         <wf lemma="silgukastet" pos="X">silgukastet</wf>
         <wf lemma="." pos="X">.</wf>
         <wf lemma="Lihtne" pos="X">Lihtne</wf>
         <wf lemma="surelik" pos="X">surelik</wf>
         <wf lemma="ei" pos="X">ei</wf>
         <wf lemma="taipa" pos="X">taipa</wf>
         <wf lemma="relatiivsusteooriast" pos="X">relatiivsusteooriast</wf>
         <wf lemma="midagi" pos="X">midagi</wf>
         <wf lemma="." pos="X">.</wf>
      </sentence>
      <sentence id="d000.s1328" source="wordnet-estonian">
         <wf lemma="Rästiku" pos="X">Rästiku</wf>
         <wf lemma="seljapealsed" pos="X">seljapealsed</wf>
         <instance id="d000.s1328.t000" lemma="soomus" pos="NOUN">soomused</instance>
         <wf lemma="on" pos="X">on</wf>
         <wf lemma="pikergused" pos="X">pikergused</wf>
         <wf lemma="(" pos="X">(</wf>
         <wf lemma="EKSS" pos="X">EKSS</wf>
         <wf lemma=")" pos="X">)</wf>
         <wf lemma="." pos="X">.</wf>
      </sentence>
      <sentence id="d000.s1329" source="wordnet-estonian">
         <wf lemma="Brigadir" pos="X">Brigadir</wf>
         <wf lemma="jagas" pos="X">jagas</wf>
         <wf lemma="töölistele" pos="X">töölistele</wf>
         <instance id="d000.s1329.t000" lemma="korraldus" pos="NOUN">korraldusi</instance>
         <wf lemma="." pos="X">.</wf>
      </sentence>
      <sentence id="d000.s1330" source="wordnet-estonian">
         <wf lemma="Hea" pos="X">Hea</wf>
         <wf lemma="korvpallur" pos="X">korvpallur</wf>
         <wf lemma="valitseb" pos="X">valitseb</wf>
         <wf lemma="hästi" pos="X">hästi</wf>
         <wf lemma="oma" pos="X">oma</wf>
         <instance id="d000.s1330.t000" lemma="keha" pos="NOUN">keha</instance>
         <wf lemma="." pos="X">.</wf>
      </sentence>
      <sentence id="d000.s1331" source="wordnet-estonian">
         <wf lemma="Liigkasuvõtja" pos="X">Liigkasuvõtja</wf>
         <instance id="d000.s1331.t000" lemma="ahnus" pos="NOUN">ahnusel</instance>
         <wf lemma="pole" pos="X">pole</wf>
         <wf lemma="piiri" pos="X">piiri</wf>
         <wf lemma="." pos="X">.</wf>
         <wf lemma="Nälginu" pos="X">Nälginu</wf>
         <wf lemma="ahnusega" pos="X">ahnusega</wf>
         <wf lemma="asus" pos="X">asus</wf>
         <wf lemma="ta" pos="X">ta</wf>
         <wf lemma="toidu" pos="X">toidu</wf>
         <wf lemma="kallale" pos="X">kallale</wf>
         <wf lemma="." pos="X">.</wf>
      </sentence>
      <sentence id="d000.s1332" source="wordnet-estonian">
         <wf lemma="Maadleja" pos="X">Maadleja</wf>
         <wf lemma="võttis" pos="X">võttis</wf>
         <wf lemma="vastase" pos="X">vastase</wf>
         <instance id="d000.s1332.t000" lemma="tugev" pos="ADJ">tugevasse</instance>
         <wf lemma="haardesse" pos="X">haardesse</wf>
         <wf lemma="." pos="X">.</wf>
         <wf lemma="Ta" pos="X">Ta</wf>
         <wf lemma="näis" pos="X">näis</wf>
         <wf lemma="õige" pos="X">õige</wf>
         <wf lemma="tugeva" pos="X">tugeva</wf>
         <wf lemma="mehena" pos="X">mehena</wf>
         <wf lemma="." pos="X">.</wf>
      </sentence>
      <sentence id="d000.s1333" source="wordnet-estonian">
         <wf lemma="Ka" pos="X">Ka</wf>
         <wf lemma="kahjulike" pos="X">kahjulike</wf>
         <wf lemma="ulukite" pos="X">ulukite</wf>
         <wf lemma="hävitamine" pos="X">hävitamine</wf>
         <wf lemma="olgu" pos="X">olgu</wf>
         <instance id="d000.s1333.t000" lemma="inimlikult" pos="ADV">inimlikult</instance>
         <wf lemma="korraldatud" pos="X">korraldatud</wf>
         <wf lemma="." pos="X">.</wf>
         <wf lemma="(" pos="X">(</wf>
         <wf lemma="EKSS" pos="X">EKSS</wf>
         <wf lemma=")" pos="X">)</wf>
         <wf lemma="." pos="X">.</wf>
      </sentence>
      <sentence id="d000.s1334" source="wordnet-estonian">
         <instance id="d000.s1334.t000" lemma="lutt" pos="NOUN">Lutt</instance>
         <wf lemma="tõmmatakse" pos="X">tõmmatakse</wf>
         <wf lemma="pudeli" pos="X">pudeli</wf>
         <wf lemma="suule" pos="X">suule</wf>
         <wf lemma="," pos="X">,</wf>
         <wf lemma="luti" pos="X">luti</wf>
         <wf lemma="otsa" pos="X">otsa</wf>
         <wf lemma="tehakse" pos="X">tehakse</wf>
         <wf lemma="tulise" pos="X">tulise</wf>
         <wf lemma="nõelaga" pos="X">nõelaga</wf>
         <wf lemma="auk" pos="X">auk</wf>
         <wf lemma="." pos="X">.</wf>
         <wf lemma="Laps" pos="X">Laps</wf>
         <wf lemma="imeb" pos="X">imeb</wf>
         <wf lemma="tühja" pos="X">tühja</wf>
         <wf lemma="," pos="X">,</wf>
         <wf lemma="kuiva" pos="X">kuiva</wf>
         <wf lemma="lutti" pos="X">lutti</wf>
         <wf lemma="," pos="X">,</wf>
         <wf lemma="lutist" pos="X">lutist</wf>
         <wf lemma="piima" pos="X">piima</wf>
         <wf lemma="." pos="X">.</wf>
         <wf lemma="Beebi" pos="X">Beebi</wf>
         <wf lemma="on" pos="X">on</wf>
         <wf lemma="vankris" pos="X">vankris</wf>
         <wf lemma="," pos="X">,</wf>
         <wf lemma="rõngaga" pos="X">rõngaga</wf>
         <wf lemma="lutt" pos="X">lutt</wf>
         <wf lemma="suus" pos="X">suus</wf>
         <wf lemma="." pos="X">.</wf>
      </sentence>
      <sentence id="d000.s1335" source="wordnet-estonian">
         <wf lemma="Päike" pos="X">Päike</wf>
         <wf lemma="on" pos="X">on</wf>
         <wf lemma="valguse" pos="X">valguse</wf>
         <instance id="d000.s1335.t000" lemma="läte" pos="NOUN">läte</instance>
         <wf lemma="." pos="X">.</wf>
         <wf lemma="Rahvuskultuuri" pos="X">Rahvuskultuuri</wf>
         <wf lemma="lätted" pos="X">lätted</wf>
         <wf lemma="." pos="X">.</wf>
         <wf lemma="Armuelamused" pos="X">Armuelamused</wf>
         <wf lemma="on" pos="X">on</wf>
         <wf lemma="ta" pos="X">ta</wf>
         <wf lemma="luule" pos="X">luule</wf>
         <wf lemma="toitvaks" pos="X">toitvaks</wf>
         <wf lemma="lätteks" pos="X">lätteks</wf>
         <wf lemma="." pos="X">.</wf>
      </sentence>
      <sentence id="d000.s1336" source="wordnet-estonian">
         <wf lemma="Kaovad" pos="X">Kaovad</wf>
         <wf lemma="rahvaid" pos="X">rahvaid</wf>
         <wf lemma="ja" pos="X">ja</wf>
         <wf lemma="rasse" pos="X">rasse</wf>
         <wf lemma="eraldavad" pos="X">eraldavad</wf>
         <instance id="d000.s1336.t000" lemma="barjäär" pos="NOUN">barjäärid</instance>
         <wf lemma="." pos="X">.</wf>
         <wf lemma="Psüühilist" pos="X">Psüühilist</wf>
         <wf lemma="barjääri" pos="X">barjääri</wf>
         <wf lemma="on" pos="X">on</wf>
         <wf lemma="raske" pos="X">raske</wf>
         <wf lemma="ületada" pos="X">ületada</wf>
         <wf lemma="." pos="X">.</wf>
      </sentence>
      <sentence id="d000.s1337" source="wordnet-estonian">
         <instance id="d000.s1337.t000" lemma="vaidlus" pos="NOUN">Vaidlus</instance>
         <wf lemma="võib" pos="X">võib</wf>
         <wf lemma="paisuda" pos="X">paisuda</wf>
         <wf lemma="tüliks" pos="X">tüliks</wf>
         <wf lemma="." pos="X">.</wf>
      </sentence>
      <sentence id="d000.s1338" source="wordnet-estonian">
         <wf lemma="Külm" pos="X">Külm</wf>
         <wf lemma="," pos="X">,</wf>
         <wf lemma="soe" pos="X">soe</wf>
         <instance id="d000.s1338.t000" lemma="front" pos="NOUN">front</instance>
         <wf lemma="(" pos="X">(</wf>
         <wf lemma="EKSS" pos="X">EKSS</wf>
         <wf lemma=")" pos="X">)</wf>
         <wf lemma="." pos="X">.</wf>
      </sentence>
      <sentence id="d000.s1339" source="wordnet-estonian">
         <wf lemma="Sel" pos="X">Sel</wf>
         <wf lemma="kaubal" pos="X">kaubal</wf>
         <wf lemma="pole" pos="X">pole</wf>
         <wf lemma="enne" pos="X">enne</wf>
         <wf lemma="jõule" pos="X">jõule</wf>
         <instance id="d000.s1339.t000" lemma="turg" pos="NOUN">turgu</instance>
         <wf lemma="." pos="X">.</wf>
      </sentence>
      <sentence id="d000.s1340" source="wordnet-estonian">
         <wf lemma="Tõstsin" pos="X">Tõstsin</wf>
         <instance id="d000.s1340.t000" lemma="pits" pos="NOUN">pitsi</instance>
         <wf lemma="külalise" pos="X">külalise</wf>
         <wf lemma="terviseks" pos="X">terviseks</wf>
         <wf lemma="." pos="X">.</wf>
         <wf lemma="(" pos="X">(</wf>
         <wf lemma="EKSS" pos="X">EKSS</wf>
         <wf lemma=")" pos="X">)</wf>
         <wf lemma="." pos="X">.</wf>
      </sentence>
      <sentence id="d000.s1341" source="wordnet-estonian">
         <instance id="d000.s1341.t000" lemma="poogen" pos="NOUN">Poogen</instance>
         <wf lemma="sisaldab" pos="X">sisaldab</wf>
         <wf lemma="tavaliselt" pos="X">tavaliselt</wf>
         <wf lemma="16" pos="X">16</wf>
         <wf lemma="lehekülge" pos="X">lehekülge</wf>
         <wf lemma="." pos="X">.</wf>
         <wf lemma="Poolteist" pos="X">Poolteist</wf>
         <wf lemma="poognat" pos="X">poognat</wf>
         <wf lemma="pikk" pos="X">pikk</wf>
         <wf lemma="artikkel" pos="X">artikkel</wf>
         <wf lemma="." pos="X">.</wf>
      </sentence>
      <sentence id="d000.s1342" source="wordnet-estonian">
         <instance id="d000.s1342.t000" lemma="eriti" pos="ADV">Eriti</instance>
         <wf lemma="kirkad" pos="X">kirkad</wf>
         <wf lemma="värvid" pos="X">värvid</wf>
         <wf lemma="." pos="X">.</wf>
         <wf lemma="(" pos="X">(</wf>
         <wf lemma="EKSS" pos="X">EKSS</wf>
         <wf lemma=")" pos="X">)</wf>
         <wf lemma="." pos="X">.</wf>
      </sentence>
      <sentence id="d000.s1343" source="wordnet-estonian">
         <wf lemma="Oma" pos="X">Oma</wf>
         <wf lemma="lubadust" pos="X">lubadust</wf>
         <wf lemma="," pos="X">,</wf>
         <wf lemma="tõotust" pos="X">tõotust</wf>
         <wf lemma="ta" pos="X">ta</wf>
         <instance id="d000.s1343.t000" lemma="pidama" pos="VERB">pidas</instance>
         <wf lemma="." pos="X">.</wf>
         <wf lemma="Ta" pos="X">Ta</wf>
         <wf lemma="peab" pos="X">peab</wf>
         <wf lemma="ausalt" pos="X">ausalt</wf>
         <wf lemma="meie" pos="X">meie</wf>
         <wf lemma="kokkulepet" pos="X">kokkulepet</wf>
         <wf lemma="." pos="X">.</wf>
      </sentence>
      <sentence id="d000.s1344" source="wordnet-estonian">
         <wf lemma="Järgmisel" pos="X">Järgmisel</wf>
         <instance id="d000.s1344.t000" lemma="päev" pos="NOUN">päeval</instance>
         <wf lemma="oli" pos="X">oli</wf>
         <wf lemma="kõik" pos="X">kõik</wf>
         <wf lemma="jälle" pos="X">jälle</wf>
         <wf lemma="normaalne" pos="X">normaalne</wf>
         <wf lemma="." pos="X">.</wf>
         <wf lemma="Ühe" pos="X">Ühe</wf>
         <wf lemma="päevaga" pos="X">päevaga</wf>
         <wf lemma="ei" pos="X">ei</wf>
         <wf lemma="juhtu" pos="X">juhtu</wf>
         <wf lemma="midagi" pos="X">midagi</wf>
         <wf lemma="." pos="X">.</wf>
      </sentence>
      <sentence id="d000.s1345" source="wordnet-estonian">
         <instance id="d000.s1345.t000" lemma="kaadamine" pos="NOUN">Kaadamisega</instance>
         <wf lemma="ei" pos="X">ei</wf>
         <wf lemma="kaasne" pos="X">kaasne</wf>
         <wf lemma="ettevõtetele" pos="X">ettevõtetele</wf>
         <wf lemma="otseseid" pos="X">otseseid</wf>
         <wf lemma="ja" pos="X">ja</wf>
         <wf lemma="suuri" pos="X">suuri</wf>
         <wf lemma="tulusid" pos="X">tulusid</wf>
         <wf lemma="." pos="X">.</wf>
      </sentence>
      <sentence id="d000.s1346" source="wordnet-estonian">
         <wf lemma="Täielik" pos="X">Täielik</wf>
         <instance id="d000.s1346.t000" lemma="orb" pos="NOUN">orb</instance>
         <wf lemma="." pos="X">.</wf>
         <wf lemma="Isata" pos="X">Isata</wf>
         <wf lemma="," pos="X">,</wf>
         <wf lemma="emata" pos="X">emata</wf>
         <wf lemma="orb" pos="X">orb</wf>
         <wf lemma="." pos="X">.</wf>
         <wf lemma="Lapsendasin" pos="X">Lapsendasin</wf>
         <wf lemma="oma" pos="X">oma</wf>
         <wf lemma="õe" pos="X">õe</wf>
         <wf lemma="orvu" pos="X">orvu</wf>
         <wf lemma="." pos="X">.</wf>
         <wf lemma="Laps" pos="X">Laps</wf>
         <wf lemma="jäi" pos="X">jäi</wf>
         <wf lemma="viieaastasena" pos="X">viieaastasena</wf>
         <wf lemma="orvuks" pos="X">orvuks</wf>
         <wf lemma="." pos="X">.</wf>
         <wf lemma="Mu" pos="X">Mu</wf>
         <wf lemma="vanaema" pos="X">vanaema</wf>
         <wf lemma="oli" pos="X">oli</wf>
         <wf lemma="üles" pos="X">üles</wf>
         <wf lemma="kasvanud" pos="X">kasvanud</wf>
         <wf lemma="orvuna" pos="X">orvuna</wf>
         <wf lemma="." pos="X">.</wf>
         <wf lemma="Sõda" pos="X">Sõda</wf>
         <wf lemma="tegi" pos="X">tegi</wf>
         <wf lemma="paljud" pos="X">paljud</wf>
         <wf lemma="lapsed" pos="X">lapsed</wf>
         <wf lemma="isatuiks" pos="X">isatuiks</wf>
         <wf lemma="orbudeks" pos="X">orbudeks</wf>
         <wf lemma="." pos="X">.</wf>
         <wf lemma="Varsti" pos="X">Varsti</wf>
         <wf lemma="tõi" pos="X">tõi</wf>
         <wf lemma="isa" pos="X">isa</wf>
         <wf lemma="orbudele" pos="X">orbudele</wf>
         <wf lemma="võõrasema" pos="X">võõrasema</wf>
         <wf lemma="majja" pos="X">majja</wf>
         <wf lemma="." pos="X">.</wf>
      </sentence>
      <sentence id="d000.s1347" source="wordnet-estonian">
         <instance id="d000.s1347.t000" lemma="kell" pos="NOUN">Kell</instance>
         <wf lemma="saab" pos="X">saab</wf>
         <wf lemma="20" pos="X">20</wf>
         <wf lemma="minuti" pos="X">minuti</wf>
         <wf lemma="pärast" pos="X">pärast</wf>
         <wf lemma="üheksa" pos="X">üheksa</wf>
         <wf lemma="." pos="X">.</wf>
         <wf lemma="Mis" pos="X">Mis</wf>
         <wf lemma="kellani" pos="X">kellani</wf>
         <wf lemma="on" pos="X">on</wf>
         <wf lemma="kauplused" pos="X">kauplused</wf>
         <wf lemma="avatud" pos="X">avatud</wf>
         <wf lemma="?" pos="X">?</wf>
      </sentence>
      <sentence id="d000.s1348" source="wordnet-estonian">
         <wf lemma="Halbade" pos="X">Halbade</wf>
         <wf lemma="kaaslaste" pos="X">kaaslaste</wf>
         <instance id="d000.s1348.t000" lemma="negatiivne" pos="ADJ">negatiivne</instance>
         <wf lemma="mõju" pos="X">mõju</wf>
         <wf lemma="." pos="X">.</wf>
         <wf lemma="Igal" pos="X">Igal</wf>
         <wf lemma="asjal" pos="X">asjal</wf>
         <wf lemma="on" pos="X">on</wf>
         <wf lemma="omad" pos="X">omad</wf>
         <wf lemma="positiivsed" pos="X">positiivsed</wf>
         <wf lemma="ja" pos="X">ja</wf>
         <wf lemma="negatiivsed" pos="X">negatiivsed</wf>
         <wf lemma="küljed" pos="X">küljed</wf>
         <wf lemma="." pos="X">.</wf>
      </sentence>
      <sentence id="d000.s1349" source="wordnet-estonian">
         <wf lemma="Pandivere" pos="X">Pandivere</wf>
         <wf lemma="," pos="X">,</wf>
         <wf lemma="Sakala" pos="X">Sakala</wf>
         <wf lemma="," pos="X">,</wf>
         <wf lemma="Haanja" pos="X">Haanja</wf>
         <wf lemma="," pos="X">,</wf>
         <wf lemma="Otepää" pos="X">Otepää</wf>
         <instance id="d000.s1349.t000" lemma="kõrgustik" pos="NOUN">kõrgustik</instance>
         <wf lemma="." pos="X">.</wf>
      </sentence>
      <sentence id="d000.s1350" source="wordnet-estonian">
         <wf lemma="Kooperatiivi" pos="X">Kooperatiivi</wf>
         <wf lemma="liikmed" pos="X">liikmed</wf>
         <wf lemma="," pos="X">,</wf>
         <wf lemma="juhatus" pos="X">juhatus</wf>
         <wf lemma="." pos="X">.</wf>
         <wf lemma="Tarbijate" pos="X">Tarbijate</wf>
         <instance id="d000.s1350.t000" lemma="kooperatiiv" pos="NOUN">kooperatiiv</instance>
         <wf lemma="." pos="X">.</wf>
      </sentence>
      <sentence id="d000.s1351" source="wordnet-estonian">
         <wf lemma="Ta" pos="X">Ta</wf>
         <instance id="d000.s1351.t000" lemma="pöörduma" pos="VERB">pöördus</instance>
         <wf lemma="abi" pos="X">abi</wf>
         <wf lemma="saamiseks" pos="X">saamiseks</wf>
         <wf lemma="minu" pos="X">minu</wf>
         <wf lemma="poole" pos="X">poole</wf>
         <wf lemma="." pos="X">.</wf>
      </sentence>
      <sentence id="d000.s1352" source="wordnet-estonian">
         <wf lemma="Europiidne" pos="X">Europiidne</wf>
         <wf lemma="ehk" pos="X">ehk</wf>
         <wf lemma="valge" pos="X">valge</wf>
         <wf lemma="," pos="X">,</wf>
         <wf lemma="mongoliidne" pos="X">mongoliidne</wf>
         <wf lemma="ehk" pos="X">ehk</wf>
         <wf lemma="kollane" pos="X">kollane</wf>
         <wf lemma="," pos="X">,</wf>
         <wf lemma="negriidne" pos="X">negriidne</wf>
         <wf lemma="ehk" pos="X">ehk</wf>
         <wf lemma="must" pos="X">must</wf>
         <instance id="d000.s1352.t000" lemma="rass" pos="NOUN">rass</instance>
         <wf lemma="." pos="X">.</wf>
      </sentence>
      <sentence id="d000.s1353" source="wordnet-estonian">
         <wf lemma="Laeval" pos="X">Laeval</wf>
         <wf lemma="puudus" pos="X">puudus</wf>
         <wf lemma="täielik" pos="X">täielik</wf>
         <instance id="d000.s1353.t000" lemma="reisija" pos="NOUN">reisijate</instance>
         <wf lemma="nimekiri" pos="X">nimekiri</wf>
         <wf lemma="." pos="X">.</wf>
      </sentence>
      <sentence id="d000.s1354" source="wordnet-estonian">
         <wf lemma="Soeb" pos="X">Soeb</wf>
         <instance id="d000.s1354.t000" lemma="hari" pos="NOUN">harjaga</instance>
         <wf lemma="juukseid" pos="X">juukseid</wf>
         <wf lemma="." pos="X">.</wf>
      </sentence>
      <sentence id="d000.s1355" source="wordnet-estonian">
         <wf lemma="Töötab" pos="X">Töötab</wf>
         <wf lemma="TÜ-s" pos="X">TÜ-s</wf>
         <instance id="d000.s1355.t000" lemma="dotsent" pos="NOUN">dotsendina</instance>
         <wf lemma="." pos="X">.</wf>
      </sentence>
      <sentence id="d000.s1356" source="wordnet-estonian">
         <wf lemma="Säraküünla" pos="X">Säraküünla</wf>
         <wf lemma="praksuvad" pos="X">praksuvad</wf>
         <instance id="d000.s1356.t000" lemma="säde" pos="NOUN">sädemed</instance>
         <wf lemma="." pos="X">.</wf>
      </sentence>
      <sentence id="d000.s1357" source="wordnet-estonian">
         <wf lemma="Hiina" pos="X">Hiina</wf>
         <instance id="d000.s1357.t000" lemma="müür" pos="NOUN">müür</instance>
         <wf lemma="on" pos="X">on</wf>
         <wf lemma="maailma" pos="X">maailma</wf>
         <wf lemma="suurim" pos="X">suurim</wf>
         <wf lemma="vanaaegne" pos="X">vanaaegne</wf>
         <wf lemma="kaitseehitis" pos="X">kaitseehitis</wf>
         <wf lemma="." pos="X">.</wf>
      </sentence>
      <sentence id="d000.s1358" source="wordnet-estonian">
         <wf lemma="Vabaduse" pos="X">Vabaduse</wf>
         <instance id="d000.s1358.t000" lemma="väljak" pos="NOUN">väljak</instance>
         <wf lemma="on" pos="X">on</wf>
         <wf lemma="kandnud" pos="X">kandnud</wf>
         <wf lemma="ka" pos="X">ka</wf>
         <wf lemma="Peetri" pos="X">Peetri</wf>
         <wf lemma="platsi" pos="X">platsi</wf>
         <wf lemma="nime" pos="X">nime</wf>
         <wf lemma="." pos="X">.</wf>
      </sentence>
      <sentence id="d000.s1359" source="wordnet-estonian">
         <wf lemma="See" pos="X">See</wf>
         <wf lemma="on" pos="X">on</wf>
         <instance id="d000.s1359.t000" lemma="kindlalt" pos="ADV">kindlalt</instance>
         <wf lemma="nii" pos="X">nii</wf>
         <wf lemma="," pos="X">,</wf>
         <wf lemma="nagu" pos="X">nagu</wf>
         <wf lemma="ütlesin" pos="X">ütlesin</wf>
         <wf lemma="." pos="X">.</wf>
      </sentence>
      <sentence id="d000.s1360" source="wordnet-estonian">
         <wf lemma="Ta" pos="X">Ta</wf>
         <instance id="d000.s1360.t000" lemma="panema" pos="VERB">pani</instance>
         <wf lemma="mu" pos="X">mu</wf>
         <wf lemma="vägisi" pos="X">vägisi</wf>
         <wf lemma="sööma" pos="X">sööma</wf>
         <wf lemma="." pos="X">.</wf>
         <wf lemma="Neid" pos="X">Neid</wf>
         <wf lemma="ei" pos="X">ei</wf>
         <wf lemma="saanud" pos="X">saanud</wf>
         <wf lemma="kuidagi" pos="X">kuidagi</wf>
         <wf lemma="rääkima" pos="X">rääkima</wf>
         <wf lemma="panna" pos="X">panna</wf>
         <wf lemma="." pos="X">.</wf>
      </sentence>
      <sentence id="d000.s1361" source="wordnet-estonian">
         <wf lemma="Inglise" pos="X">Inglise</wf>
         <wf lemma="Pank" pos="X">Pank</wf>
         <wf lemma="." pos="X">.</wf>
         <wf lemma="Tal" pos="X">Tal</wf>
         <wf lemma="on" pos="X">on</wf>
         <wf lemma="mitu" pos="X">mitu</wf>
         <wf lemma="tuhat" pos="X">tuhat</wf>
         <wf lemma="dollarit" pos="X">dollarit</wf>
         <instance id="d000.s1361.t000" lemma="pank" pos="NOUN">pangas</instance>
         <wf lemma="." pos="X">.</wf>
      </sentence>
      <sentence id="d000.s1362" source="wordnet-estonian">
         <wf lemma="Sõjaajal" pos="X">Sõjaajal</wf>
         <wf lemma="andis" pos="X">andis</wf>
         <wf lemma="tunda" pos="X">tunda</wf>
         <wf lemma="toiduainete" pos="X">toiduainete</wf>
         <instance id="d000.s1362.t000" lemma="kriis" pos="NOUN">kriis</instance>
         <wf lemma="." pos="X">.</wf>
      </sentence>
      <sentence id="d000.s1363" source="wordnet-estonian">
         <wf lemma="Ta" pos="X">Ta</wf>
         <wf lemma="reisis" pos="X">reisis</wf>
         <wf lemma="sel" pos="X">sel</wf>
         <wf lemma="eluperioodil" pos="X">eluperioodil</wf>
         <wf lemma="küll" pos="X">küll</wf>
         <instance id="d000.s1363.t000" lemma="kõikjal" pos="ADV">kõikjal</instance>
         <wf lemma="." pos="X">.</wf>
      </sentence>
      <sentence id="d000.s1364" source="wordnet-estonian">
         <wf lemma="Wall" pos="X">Wall</wf>
         <wf lemma="Streeti" pos="X">Streeti</wf>
         <instance id="d000.s1364.t000" lemma="magnaat" pos="NOUN">magnaadid</instance>
         <wf lemma="." pos="X">.</wf>
      </sentence>
      <sentence id="d000.s1365" source="wordnet-estonian">
         <wf lemma="Paberid" pos="X">Paberid</wf>
         <wf lemma="on" pos="X">on</wf>
         <wf lemma="kaante" pos="X">kaante</wf>
         <wf lemma="vahel" pos="X">vahel</wf>
         <instance id="d000.s1365.t000" lemma="koos" pos="ADV">koos</instance>
         <wf lemma="." pos="X">.</wf>
         <wf lemma="(" pos="X">(</wf>
         <wf lemma="EKSS" pos="X">EKSS</wf>
         <wf lemma=")" pos="X">)</wf>
         <wf lemma="." pos="X">.</wf>
      </sentence>
      <sentence id="d000.s1366" source="wordnet-estonian">
         <instance id="d000.s1366.t000" lemma="osalema" pos="VERB">Osales</instance>
         <wf lemma="etenduses" pos="X">etenduses</wf>
         <wf lemma="klounina" pos="X">klounina</wf>
         <wf lemma="(" pos="X">(</wf>
         <wf lemma="EKSS" pos="X">EKSS</wf>
         <wf lemma=")" pos="X">)</wf>
         <wf lemma="." pos="X">.</wf>
      </sentence>
      <sentence id="d000.s1367" source="wordnet-estonian">
         <wf lemma="Ta" pos="X">Ta</wf>
         <wf lemma="ei" pos="X">ei</wf>
         <instance id="d000.s1367.t000" lemma="leidma" pos="VERB">leidnud</instance>
         <wf lemma="kohe" pos="X">kohe</wf>
         <wf lemma="kõneainet" pos="X">kõneainet</wf>
         <wf lemma="," pos="X">,</wf>
         <wf lemma="paslikku" pos="X">paslikku</wf>
         <wf lemma="vastust" pos="X">vastust</wf>
         <wf lemma="." pos="X">.</wf>
      </sentence>
      <sentence id="d000.s1368" source="wordnet-estonian">
         <wf lemma="Uuest" pos="X">Uuest</wf>
         <wf lemma="poisist" pos="X">poisist</wf>
         <wf lemma="sai" pos="X">sai</wf>
         <wf lemma="meie" pos="X">meie</wf>
         <wf lemma="pilgete" pos="X">pilgete</wf>
         <instance id="d000.s1368.t000" lemma="objekt" pos="NOUN">objekt</instance>
         <wf lemma="." pos="X">.</wf>
      </sentence>
      <sentence id="d000.s1369" source="wordnet-estonian">
         <instance id="d000.s1369.t000" lemma="põgenik" pos="NOUN">Põgenikud</instance>
         <wf lemma="toodi" pos="X">toodi</wf>
         <wf lemma="tagasi" pos="X">tagasi</wf>
         <wf lemma="ja" pos="X">ja</wf>
         <wf lemma="neid" pos="X">neid</wf>
         <wf lemma="karistati" pos="X">karistati</wf>
         <wf lemma="karmilt" pos="X">karmilt</wf>
         <wf lemma="." pos="X">.</wf>
      </sentence>
      <sentence id="d000.s1370" source="wordnet-estonian">
         <wf lemma="Briti" pos="X">Briti</wf>
         <wf lemma="laevad" pos="X">laevad</wf>
         <wf lemma="kinnitasid" pos="X">kinnitasid</wf>
         <wf lemma="ankru" pos="X">ankru</wf>
         <wf lemma="ja" pos="X">ja</wf>
         <wf lemma="jäid" pos="X">jäid</wf>
         <wf lemma="ootama" pos="X">ootama</wf>
         <wf lemma="edasist" pos="X">edasist</wf>
         <instance id="d000.s1370.t000" lemma="käsk" pos="NOUN">käsku</instance>
         <wf lemma="." pos="X">.</wf>
      </sentence>
      <sentence id="d000.s1371" source="wordnet-estonian">
         <wf lemma="Kui" pos="X">Kui</wf>
         <wf lemma="hästi" pos="X">hästi</wf>
         <wf lemma="lilla" pos="X">lilla</wf>
         <wf lemma="värv" pos="X">värv</wf>
         <wf lemma="sulle" pos="X">sulle</wf>
         <instance id="d000.s1371.t000" lemma="hakkama" pos="VERB">hakkab</instance>
         <wf lemma="!" pos="X">!</wf>
         <wf lemma="See" pos="X">See</wf>
         <wf lemma="soeng" pos="X">soeng</wf>
         <wf lemma="," pos="X">,</wf>
         <wf lemma="kleit" pos="X">kleit</wf>
         <wf lemma="ei" pos="X">ei</wf>
         <wf lemma="hakka" pos="X">hakka</wf>
         <wf lemma="mulle" pos="X">mulle</wf>
         <wf lemma="." pos="X">.</wf>
      </sentence>
      <sentence id="d000.s1372" source="wordnet-estonian">
         <wf lemma="Nüüdisaegsetest" pos="X">Nüüdisaegsetest</wf>
         <instance id="d000.s1372.t000" lemma="imetaja" pos="NOUN">imetajatest</instance>
         <wf lemma="on" pos="X">on</wf>
         <wf lemma="suurimad" pos="X">suurimad</wf>
         <wf lemma="vaal" pos="X">vaal</wf>
         <wf lemma="ja" pos="X">ja</wf>
         <wf lemma="elevant" pos="X">elevant</wf>
         <wf lemma="." pos="X">.</wf>
      </sentence>
      <sentence id="d000.s1373" source="wordnet-estonian">
         <wf lemma="Väike" pos="X">Väike</wf>
         <wf lemma="tüdruk" pos="X">tüdruk</wf>
         <instance id="d000.s1373.t000" lemma="tippima" pos="VERB">tipib</instance>
         <wf lemma="kärmesti" pos="X">kärmesti</wf>
         <wf lemma="üle" pos="X">üle</wf>
         <wf lemma="tee" pos="X">tee</wf>
         <wf lemma="(" pos="X">(</wf>
         <wf lemma="EKSS" pos="X">EKSS</wf>
         <wf lemma=")" pos="X">)</wf>
         <wf lemma="." pos="X">.</wf>
      </sentence>
      <sentence id="d000.s1374" source="wordnet-estonian">
         <wf lemma="Minu" pos="X">Minu</wf>
         <wf lemma="isiklikud" pos="X">isiklikud</wf>
         <wf lemma="ja" pos="X">ja</wf>
         <wf lemma="perekonna" pos="X">perekonna</wf>
         <wf lemma="ühised" pos="X">ühised</wf>
         <instance id="d000.s1374.t000" lemma="huvi" pos="NOUN">huvid</instance>
         <wf lemma="(" pos="X">(</wf>
         <wf lemma="EKSS" pos="X">EKSS</wf>
         <wf lemma=")" pos="X">)</wf>
         <wf lemma="." pos="X">.</wf>
      </sentence>
      <sentence id="d000.s1375" source="wordnet-estonian">
         <wf lemma="Diktofonist" pos="X">Diktofonist</wf>
         <wf lemma="on" pos="X">on</wf>
         <wf lemma="võimalik" pos="X">võimalik</wf>
         <wf lemma="teksti" pos="X">teksti</wf>
         <instance id="d000.s1375.t000" lemma="kustutama" pos="VERB">kustutada</instance>
         <wf lemma="." pos="X">.</wf>
      </sentence>
      <sentence id="d000.s1376" source="wordnet-estonian">
         <wf lemma="Selle" pos="X">Selle</wf>
         <wf lemma="saab" pos="X">saab</wf>
         <wf lemma="ära" pos="X">ära</wf>
         <wf lemma="parandada" pos="X">parandada</wf>
         <wf lemma="," pos="X">,</wf>
         <wf lemma="ei" pos="X">ei</wf>
         <instance id="d000.s1376.t000" lemma="maksma" pos="VERB">maksa</instance>
         <wf lemma="uut" pos="X">uut</wf>
         <wf lemma="osta" pos="X">osta</wf>
         <wf lemma="." pos="X">.</wf>
      </sentence>
      <sentence id="d000.s1377" source="wordnet-estonian">
         <wf lemma="Ronis" pos="X">Ronis</wf>
         <instance id="d000.s1377.t000" lemma="akrobaat" pos="NOUN">akrobaadi</instance>
         <wf lemma="osavusega" pos="X">osavusega</wf>
         <wf lemma="üle" pos="X">üle</wf>
         <wf lemma="müüri" pos="X">müüri</wf>
         <wf lemma="." pos="X">.</wf>
      </sentence>
      <sentence id="d000.s1378" source="wordnet-estonian">
         <wf lemma="Kabareetantsu" pos="X">Kabareetantsu</wf>
         <wf lemma="labane" pos="X">labane</wf>
         <instance id="d000.s1378.t000" lemma="erootika" pos="NOUN">erootika</instance>
         <wf lemma="." pos="X">.</wf>
      </sentence>
      <sentence id="d000.s1379" source="wordnet-estonian">
         <wf lemma="Mõned" pos="X">Mõned</wf>
         <instance id="d000.s1379.t000" lemma="täht" pos="NOUN">tähed</instance>
         <wf lemma="sel" pos="X">sel</wf>
         <wf lemma="trükimasinal" pos="X">trükimasinal</wf>
         <wf lemma="on" pos="X">on</wf>
         <wf lemma="katki" pos="X">katki</wf>
         <wf lemma="." pos="X">.</wf>
      </sentence>
      <sentence id="d000.s1380" source="wordnet-estonian">
         <wf lemma="Mälu" pos="X">Mälu</wf>
         <wf lemma="maht" pos="X">maht</wf>
         <instance id="d000.s1380.t000" lemma="bitt" pos="NOUN">bittides</instance>
         <wf lemma="." pos="X">.</wf>
      </sentence>
      <sentence id="d000.s1381" source="wordnet-estonian">
         <wf lemma="Treppidest" pos="X">Treppidest</wf>
         <wf lemma="ülesminek" pos="X">ülesminek</wf>
         <wf lemma="võttis" pos="X">võttis</wf>
         <instance id="d000.s1381.t000" lemma="süda" pos="NOUN">südame</instance>
         <wf lemma="kloppima" pos="X">kloppima</wf>
         <wf lemma="," pos="X">,</wf>
         <wf lemma="puperdama" pos="X">puperdama</wf>
         <wf lemma="(" pos="X">(</wf>
         <wf lemma="EKSS" pos="X">EKSS</wf>
         <wf lemma=")" pos="X">)</wf>
         <wf lemma="." pos="X">.</wf>
      </sentence>
      <sentence id="d000.s1382" source="wordnet-estonian">
         <wf lemma="Teadlaste" pos="X">Teadlaste</wf>
         <instance id="d000.s1382.t000" lemma="solidaarsus" pos="NOUN">solidaarsus</instance>
         <wf lemma="õpetajatega" pos="X">õpetajatega</wf>
         <wf lemma="." pos="X">.</wf>
      </sentence>
      <sentence id="d000.s1383" source="wordnet-estonian">
         <wf lemma="Orgaaniliste" pos="X">Orgaaniliste</wf>
         <wf lemma="ainete" pos="X">ainete</wf>
         <instance id="d000.s1383.t000" lemma="rikas" pos="ADJ">rikas</instance>
         <wf lemma="veekogu" pos="X">veekogu</wf>
         <wf lemma="." pos="X">.</wf>
         <wf lemma="Nektarist" pos="X">Nektarist</wf>
         <wf lemma="rikkad" pos="X">rikkad</wf>
         <wf lemma="õied" pos="X">õied</wf>
         <wf lemma="." pos="X">.</wf>
         <wf lemma="Need" pos="X">Need</wf>
         <wf lemma="olid" pos="X">olid</wf>
         <wf lemma="muljetest" pos="X">muljetest</wf>
         <wf lemma="rikkad" pos="X">rikkad</wf>
         <wf lemma="päevad" pos="X">päevad</wf>
         <wf lemma="." pos="X">.</wf>
      </sentence>
      <sentence id="d000.s1384" source="wordnet-estonian">
         <wf lemma="Nii" pos="X">Nii</wf>
         <wf lemma="näitasidki" pos="X">näitasidki</wf>
         <wf lemma="jõmmid" pos="X">jõmmid</wf>
         <wf lemma="moeetendusel" pos="X">moeetendusel</wf>
         <wf lemma="hundinuiadest" pos="X">hundinuiadest</wf>
         <wf lemma="ja" pos="X">ja</wf>
         <wf lemma="puulehtedest" pos="X">puulehtedest</wf>
         <wf lemma="kübaraid" pos="X">kübaraid</wf>
         <wf lemma="," pos="X">,</wf>
         <wf lemma="taimedest" pos="X">taimedest</wf>
         <wf lemma="fantaasiakostüüme" pos="X">fantaasiakostüüme</wf>
         <wf lemma="ning" pos="X">ning</wf>
         <instance id="d000.s1384.t000" lemma="papjeemašee" pos="NOUN">papjeemašeest</instance>
         <wf lemma="vormitud" pos="X">vormitud</wf>
         <wf lemma="peakatteid" pos="X">peakatteid</wf>
         <wf lemma="." pos="X">.</wf>
      </sentence>
      <sentence id="d000.s1385" source="wordnet-estonian">
         <wf lemma="Tegi" pos="X">Tegi</wf>
         <instance id="d000.s1385.t000" lemma="kohmakas" pos="ADJ">kohmaka</instance>
         <wf lemma="lähenemiskatse" pos="X">lähenemiskatse</wf>
         <wf lemma="." pos="X">.</wf>
      </sentence>
      <sentence id="d000.s1386" source="wordnet-estonian">
         <wf lemma="Ameerika" pos="X">Ameerika</wf>
         <wf lemma="," pos="X">,</wf>
         <wf lemma="Euroopa" pos="X">Euroopa</wf>
         <instance id="d000.s1386.t000" lemma="immigrant" pos="NOUN">immigrandid</instance>
         <wf lemma="." pos="X">.</wf>
      </sentence>
      <sentence id="d000.s1387" source="wordnet-estonian">
         <wf lemma="Kiriku" pos="X">Kiriku</wf>
         <wf lemma="," pos="X">,</wf>
         <wf lemma="ristiusu" pos="X">ristiusu</wf>
         <instance id="d000.s1387.t000" lemma="kaanon" pos="NOUN">kaanonid</instance>
         <wf lemma="." pos="X">.</wf>
         <wf lemma="Peeti" pos="X">Peeti</wf>
         <wf lemma="kinni" pos="X">kinni</wf>
         <wf lemma="vanadest" pos="X">vanadest</wf>
         <wf lemma="äraproovitud" pos="X">äraproovitud</wf>
         <wf lemma="kaanonitest" pos="X">kaanonitest</wf>
         <wf lemma="." pos="X">.</wf>
      </sentence>
      <sentence id="d000.s1388" source="wordnet-estonian">
         <wf lemma="Sõin" pos="X">Sõin</wf>
         <wf lemma="hommikul" pos="X">hommikul</wf>
         <wf lemma="paar" pos="X">paar</wf>
         <instance id="d000.s1388.t000" lemma="muna" pos="NOUN">muna</instance>
         <wf lemma="(" pos="X">(</wf>
         <wf lemma="EKSS" pos="X">EKSS</wf>
         <wf lemma=")" pos="X">)</wf>
         <wf lemma="." pos="X">.</wf>
      </sentence>
      <sentence id="d000.s1389" source="wordnet-estonian">
         <instance id="d000.s1389.t000" lemma="indulgents" pos="NOUN">Indulgentside</instance>
         <wf lemma="müük" pos="X">müük</wf>
         <wf lemma="." pos="X">.</wf>
      </sentence>
      <sentence id="d000.s1390" source="wordnet-estonian">
         <instance id="d000.s1390.t000" lemma="kloun" pos="NOUN">Klounide</instance>
         <wf lemma="naljad" pos="X">naljad</wf>
         <wf lemma="olid" pos="X">olid</wf>
         <wf lemma="võrdlemisi" pos="X">võrdlemisi</wf>
         <wf lemma="labased" pos="X">labased</wf>
         <wf lemma="." pos="X">.</wf>
         <wf lemma="Palaganis" pos="X">Palaganis</wf>
         <wf lemma="veiderdasid" pos="X">veiderdasid</wf>
         <wf lemma="klounid" pos="X">klounid</wf>
         <wf lemma="." pos="X">.</wf>
      </sentence>
      <sentence id="d000.s1391" source="wordnet-estonian">
         <instance id="d000.s1391.t000" lemma="refrään" pos="NOUN">Refrään</instance>
         <wf lemma="on" pos="X">on</wf>
         <wf lemma="ta" pos="X">ta</wf>
         <wf lemma="luules" pos="X">luules</wf>
         <wf lemma="sagedane" pos="X">sagedane</wf>
         <wf lemma="." pos="X">.</wf>
         <wf lemma="Rahvalikud" pos="X">Rahvalikud</wf>
         <wf lemma="laulud" pos="X">laulud</wf>
         <wf lemma="on" pos="X">on</wf>
         <wf lemma="tavaliselt" pos="X">tavaliselt</wf>
         <wf lemma="refrääniga" pos="X">refrääniga</wf>
         <wf lemma="." pos="X">.</wf>
         <wf lemma="Refrääni" pos="X">Refrääni</wf>
         <wf lemma="laulsid" pos="X">laulsid</wf>
         <wf lemma="kõik" pos="X">kõik</wf>
         <wf lemma="kaasa" pos="X">kaasa</wf>
         <wf lemma="." pos="X">.</wf>
      </sentence>
      <sentence id="d000.s1392" source="wordnet-estonian">
         <wf lemma="Inimeste" pos="X">Inimeste</wf>
         <instance id="d000.s1392.t000" lemma="pimedus" pos="NOUN">pimedust</instance>
         <wf lemma="ja" pos="X">ja</wf>
         <wf lemma="rumalust" pos="X">rumalust</wf>
         <wf lemma="on" pos="X">on</wf>
         <wf lemma="ikka" pos="X">ikka</wf>
         <wf lemma="pilgatud" pos="X">pilgatud</wf>
         <wf lemma="." pos="X">.</wf>
      </sentence>
      <sentence id="d000.s1393" source="wordnet-estonian">
         <wf lemma="Valge" pos="X">Valge</wf>
         <wf lemma="," pos="X">,</wf>
         <wf lemma="mustakirju" pos="X">mustakirju</wf>
         <instance id="d000.s1393.t000" lemma="põrsas" pos="NOUN">põrsas</instance>
         <wf lemma="." pos="X">.</wf>
         <wf lemma="Metssea" pos="X">Metssea</wf>
         <wf lemma="triibulised" pos="X">triibulised</wf>
         <wf lemma="põrsad" pos="X">põrsad</wf>
         <wf lemma="." pos="X">.</wf>
         <wf lemma="Kevadised" pos="X">Kevadised</wf>
         <wf lemma="," pos="X">,</wf>
         <wf lemma="sügisesed" pos="X">sügisesed</wf>
         <wf lemma="põrsad" pos="X">põrsad</wf>
         <wf lemma="." pos="X">.</wf>
         <wf lemma="Emis" pos="X">Emis</wf>
         <wf lemma="põrsastega" pos="X">põrsastega</wf>
         <wf lemma="." pos="X">.</wf>
         <wf lemma="Pesakond" pos="X">Pesakond</wf>
         <wf lemma="põrsaid" pos="X">põrsaid</wf>
         <wf lemma="." pos="X">.</wf>
         <wf lemma="Emis" pos="X">Emis</wf>
         <wf lemma="tõi" pos="X">tõi</wf>
         <wf lemma="." pos="X">.</wf>
      </sentence>
      <sentence id="d000.s1394" source="wordnet-estonian">
         <wf lemma="Kuhu" pos="X">Kuhu</wf>
         <wf lemma="see" pos="X">see</wf>
         <wf lemma="tee" pos="X">tee</wf>
         <instance id="d000.s1394.t000" lemma="minema" pos="VERB">läheb</instance>
         <wf lemma="?" pos="X">?</wf>
      </sentence>
      <sentence id="d000.s1395" source="wordnet-estonian">
         <wf lemma="Peenturvas" pos="X">Peenturvas</wf>
         <wf lemma="pressitakse" pos="X">pressitakse</wf>
         <instance id="d000.s1395.t000" lemma="brikett" pos="NOUN">brikettideks</instance>
         <wf lemma="." pos="X">.</wf>
      </sentence>
      <sentence id="d000.s1396" source="wordnet-estonian">
         <wf lemma="Kõik" pos="X">Kõik</wf>
         <wf lemma="seinad" pos="X">seinad</wf>
         <wf lemma="olid" pos="X">olid</wf>
         <wf lemma="erksat" pos="X">erksat</wf>
         <instance id="d000.s1396.t000" lemma="värv" pos="NOUN">värvi</instance>
         <wf lemma="." pos="X">.</wf>
      </sentence>
      <sentence id="d000.s1397" source="wordnet-estonian">
         <wf lemma="Vana-Peruu" pos="X">Vana-Peruu</wf>
         <instance id="d000.s1397.t000" lemma="kultuur" pos="NOUN">kultuurid</instance>
         <wf lemma="(" pos="X">(</wf>
         <wf lemma="EKSS" pos="X">EKSS</wf>
         <wf lemma=")" pos="X">)</wf>
         <wf lemma="." pos="X">.</wf>
      </sentence>
      <sentence id="d000.s1398" source="wordnet-estonian">
         <wf lemma="Kohvik" pos="X">Kohvik</wf>
         <wf lemma="oli" pos="X">oli</wf>
         <instance id="d000.s1398.t000" lemma="koht" pos="NOUN">koht</instance>
         <wf lemma="," pos="X">,</wf>
         <wf lemma="kus" pos="X">kus</wf>
         <wf lemma="kokku" pos="X">kokku</wf>
         <wf lemma="saadi" pos="X">saadi</wf>
         <wf lemma="." pos="X">.</wf>
         <wf lemma="Mul" pos="X">Mul</wf>
         <wf lemma="ei" pos="X">ei</wf>
         <wf lemma="tule" pos="X">tule</wf>
         <wf lemma="võõras" pos="X">võõras</wf>
         <wf lemma="kohas" pos="X">kohas</wf>
         <wf lemma="und" pos="X">und</wf>
         <wf lemma="." pos="X">.</wf>
      </sentence>
      <sentence id="d000.s1399" source="wordnet-estonian">
         <wf lemma="See" pos="X">See</wf>
         <wf lemma="ei" pos="X">ei</wf>
         <wf lemma="puutu" pos="X">puutu</wf>
         <instance id="d000.s1399.t000" lemma="asi" pos="NOUN">asjasse</instance>
         <wf lemma="." pos="X">.</wf>
         <wf lemma="Nad" pos="X">Nad</wf>
         <wf lemma="olevat" pos="X">olevat</wf>
         <wf lemma="asjast" pos="X">asjast</wf>
         <wf lemma="nii" pos="X">nii</wf>
         <wf lemma="aru" pos="X">aru</wf>
         <wf lemma="saanud" pos="X">saanud</wf>
         <wf lemma="." pos="X">.</wf>
      </sentence>
      <sentence id="d000.s1400" source="wordnet-estonian">
         <wf lemma="Ehkki" pos="X">Ehkki</wf>
         <wf lemma="professor" pos="X">professor</wf>
         <wf lemma="polnud" pos="X">polnud</wf>
         <instance id="d000.s1400.t000" lemma="misantroop" pos="NOUN">misantroop</instance>
         <wf lemma="," pos="X">,</wf>
         <wf lemma="ei" pos="X">ei</wf>
         <wf lemma="tundnud" pos="X">tundnud</wf>
         <wf lemma="ta" pos="X">ta</wf>
         <wf lemma="inimeste" pos="X">inimeste</wf>
         <wf lemma="vastu" pos="X">vastu</wf>
         <wf lemma="vähimatki" pos="X">vähimatki</wf>
         <wf lemma="huvi" pos="X">huvi</wf>
         <wf lemma="." pos="X">.</wf>
      </sentence>
      <sentence id="d000.s1401" source="wordnet-estonian">
         <wf lemma="Raadio" pos="X">Raadio</wf>
         <wf lemma="hakkab" pos="X">hakkab</wf>
         <wf lemma="mängima" pos="X">mängima</wf>
         <wf lemma="igatsevat" pos="X">igatsevat</wf>
         <instance id="d000.s1401.t000" lemma="tango" pos="NOUN">tangot</instance>
         <wf lemma="." pos="X">.</wf>
         <wf lemma="(" pos="X">(</wf>
         <wf lemma="EKSS" pos="X">EKSS</wf>
         <wf lemma=")" pos="X">)</wf>
         <wf lemma="." pos="X">.</wf>
      </sentence>
      <sentence id="d000.s1402" source="wordnet-estonian">
         <wf lemma="Noormehe" pos="X">Noormehe</wf>
         <instance id="d000.s1402.t000" lemma="kirjutis" pos="NOUN">kirjutised</instance>
         <wf lemma="ei" pos="X">ei</wf>
         <wf lemma="omanud" pos="X">omanud</wf>
         <wf lemma="erilist" pos="X">erilist</wf>
         <wf lemma="kirjanduslikku" pos="X">kirjanduslikku</wf>
         <wf lemma="väärtust" pos="X">väärtust</wf>
         <wf lemma="." pos="X">.</wf>
      </sentence>
      <sentence id="d000.s1403" source="wordnet-estonian">
         <wf lemma="Proua" pos="X">Proua</wf>
         <wf lemma="Emma" pos="X">Emma</wf>
         <wf lemma="." pos="X">.</wf>
         <wf lemma="Saabuvad" pos="X">Saabuvad</wf>
         <wf lemma="härra" pos="X">härra</wf>
         <wf lemma="ja" pos="X">ja</wf>
         <instance id="d000.s1403.t000" lemma="proua" pos="NOUN">proua</instance>
         <wf lemma="president" pos="X">president</wf>
         <wf lemma="." pos="X">.</wf>
      </sentence>
      <sentence id="d000.s1404" source="wordnet-estonian">
         <wf lemma="Seal" pos="X">Seal</wf>
         <wf lemma="maksavad" pos="X">maksavad</wf>
         <wf lemma="isegi" pos="X">isegi</wf>
         <wf lemma="uusrikkad" pos="X">uusrikkad</wf>
         <wf lemma="ja" pos="X">ja</wf>
         <instance id="d000.s1404.t000" lemma="oligarh" pos="NOUN">oligarhid</instance>
         <wf lemma="nõukogudeaegse" pos="X">nõukogudeaegse</wf>
         <wf lemma="poliitilise" pos="X">poliitilise</wf>
         <wf lemma="kunsti" pos="X">kunsti</wf>
         <wf lemma="eest" pos="X">eest</wf>
         <wf lemma="ülihästi" pos="X">ülihästi</wf>
         <wf lemma="." pos="X">.</wf>
      </sentence>
      <sentence id="d000.s1405" source="wordnet-estonian">
         <wf lemma="Eesti" pos="X">Eesti</wf>
         <wf lemma="kirjanduse" pos="X">kirjanduse</wf>
         <wf lemma="mõjukaim" pos="X">mõjukaim</wf>
         <instance id="d000.s1405.t000" lemma="tragöödia" pos="NOUN">tragöödia</instance>
         <wf lemma="on" pos="X">on</wf>
         <wf lemma="Kitzbergi" pos="X">Kitzbergi</wf>
         <wf lemma="&quot;" pos="X">&quot;</wf>
         <wf lemma="Libahunt" pos="X">Libahunt</wf>
         <wf lemma="&quot;" pos="X">&quot;</wf>
         <wf lemma="(" pos="X">(</wf>
         <wf lemma="EKSS" pos="X">EKSS</wf>
         <wf lemma=")" pos="X">)</wf>
         <wf lemma="." pos="X">.</wf>
      </sentence>
      <sentence id="d000.s1406" source="wordnet-estonian">
         <instance id="d000.s1406.t000" lemma="fumigant" pos="NOUN">Fumigant</instance>
         <wf lemma="on" pos="X">on</wf>
         <wf lemma="eriti" pos="X">eriti</wf>
         <wf lemma="ohtlik" pos="X">ohtlik</wf>
         <wf lemma="mürgine" pos="X">mürgine</wf>
         <wf lemma="gaas" pos="X">gaas</wf>
         <wf lemma="," pos="X">,</wf>
         <wf lemma="mis" pos="X">mis</wf>
         <wf lemma="läbistab" pos="X">läbistab</wf>
         <wf lemma="kogu" pos="X">kogu</wf>
         <wf lemma="töödeldava" pos="X">töödeldava</wf>
         <wf lemma="massi" pos="X">massi</wf>
         <wf lemma="ning" pos="X">ning</wf>
         <wf lemma="hävitab" pos="X">hävitab</wf>
         <wf lemma="putukate" pos="X">putukate</wf>
         <wf lemma="kõik" pos="X">kõik</wf>
         <wf lemma="arengu" pos="X">arengu</wf>
         <wf lemma="faasid" pos="X">faasid</wf>
         <wf lemma="." pos="X">.</wf>
      </sentence>
      <sentence id="d000.s1407" source="wordnet-estonian">
         <wf lemma="Trükisõna" pos="X">Trükisõna</wf>
         <wf lemma="on" pos="X">on</wf>
         <wf lemma="võimas" pos="X">võimas</wf>
         <instance id="d000.s1407.t000" lemma="relv" pos="NOUN">relv</instance>
         <wf lemma="." pos="X">.</wf>
         <wf lemma="Naistel" pos="X">Naistel</wf>
         <wf lemma="leidub" pos="X">leidub</wf>
         <wf lemma="ikka" pos="X">ikka</wf>
         <wf lemma="relvi" pos="X">relvi</wf>
         <wf lemma="oma" pos="X">oma</wf>
         <wf lemma="eesmärgi" pos="X">eesmärgi</wf>
         <wf lemma="saavutamiseks" pos="X">saavutamiseks</wf>
         <wf lemma="." pos="X">.</wf>
      </sentence>
      <sentence id="d000.s1408" source="wordnet-estonian">
         <wf lemma="Täieliku" pos="X">Täieliku</wf>
         <wf lemma="looduslapsena" pos="X">looduslapsena</wf>
         <wf lemma="puudus" pos="X">puudus</wf>
         <wf lemma="tal" pos="X">tal</wf>
         <instance id="d000.s1408.t000" lemma="kasvatus" pos="NOUN">kasvatus</instance>
         <wf lemma="." pos="X">.</wf>
      </sentence>
      <sentence id="d000.s1409" source="wordnet-estonian">
         <wf lemma="Poiss" pos="X">Poiss</wf>
         <instance id="d000.s1409.t000" lemma="panema" pos="VERB">pani</instance>
         <wf lemma="suure" pos="X">suure</wf>
         <wf lemma="kiiruga" pos="X">kiiruga</wf>
         <wf lemma="kooli" pos="X">kooli</wf>
         <wf lemma="poole" pos="X">poole</wf>
         <wf lemma="," pos="X">,</wf>
         <wf lemma="metsa" pos="X">metsa</wf>
         <wf lemma="." pos="X">.</wf>
      </sentence>
      <sentence id="d000.s1410" source="wordnet-estonian">
         <wf lemma="Tütarlaste" pos="X">Tütarlaste</wf>
         <instance id="d000.s1410.t000" lemma="koor" pos="NOUN">koor</instance>
         <wf lemma="." pos="X">.</wf>
         <wf lemma="Lindude" pos="X">Lindude</wf>
         <wf lemma="koor" pos="X">koor</wf>
         <wf lemma="(" pos="X">(</wf>
         <wf lemma="EKSS" pos="X">EKSS</wf>
         <wf lemma=")" pos="X">)</wf>
         <wf lemma="." pos="X">.</wf>
      </sentence>
      <sentence id="d000.s1411" source="wordnet-estonian">
         <wf lemma="August" pos="X">August</wf>
         <wf lemma="Jakobsoni" pos="X">Jakobsoni</wf>
         <wf lemma="romaanidele" pos="X">romaanidele</wf>
         <wf lemma="heideti" pos="X">heideti</wf>
         <wf lemma="ette" pos="X">ette</wf>
         <instance id="d000.s1411.t000" lemma="biologism" pos="NOUN">biologismi</instance>
         <wf lemma="." pos="X">.</wf>
      </sentence>
      <sentence id="d000.s1412" source="wordnet-estonian">
         <wf lemma="Ta" pos="X">Ta</wf>
         <wf lemma="on" pos="X">on</wf>
         <instance id="d000.s1412.t000" lemma="väga" pos="ADV">väga</instance>
         <wf lemma="ilus" pos="X">ilus</wf>
         <wf lemma="." pos="X">.</wf>
      </sentence>
      <sentence id="d000.s1413" source="wordnet-estonian">
         <wf lemma="Kas" pos="X">Kas</wf>
         <wf lemma="sellega" pos="X">sellega</wf>
         <wf lemma="ongi" pos="X">ongi</wf>
         <instance id="d000.s1413.t000" lemma="asi" pos="NOUN">asi</instance>
         <wf lemma="lahendatud" pos="X">lahendatud</wf>
         <wf lemma="." pos="X">.</wf>
      </sentence>
      <sentence id="d000.s1414" source="wordnet-estonian">
         <wf lemma="Esmane" pos="X">Esmane</wf>
         <wf lemma="," pos="X">,</wf>
         <wf lemma="teisene" pos="X">teisene</wf>
         <instance id="d000.s1414.t000" lemma="nakkus" pos="NOUN">nakkus</instance>
         <wf lemma="." pos="X">.</wf>
         <wf lemma="Paikne" pos="X">Paikne</wf>
         <wf lemma="nakkus" pos="X">nakkus</wf>
         <wf lemma="." pos="X">.</wf>
         <wf lemma="Nakkust" pos="X">Nakkust</wf>
         <wf lemma="saama" pos="X">saama</wf>
         <wf lemma="," pos="X">,</wf>
         <wf lemma="põhjustama" pos="X">põhjustama</wf>
         <wf lemma="," pos="X">,</wf>
         <wf lemma="kartma" pos="X">kartma</wf>
         <wf lemma="," pos="X">,</wf>
         <wf lemma="vältima" pos="X">vältima</wf>
         <wf lemma="." pos="X">.</wf>
      </sentence>
      <sentence id="d000.s1415" source="wordnet-estonian">
         <wf lemma="Poeg" pos="X">Poeg</wf>
         <wf lemma="on" pos="X">on</wf>
         <wf lemma="nende" pos="X">nende</wf>
         <wf lemma="lihane" pos="X">lihane</wf>
         <instance id="d000.s1415.t000" lemma="laps" pos="NOUN">laps</instance>
         <wf lemma="." pos="X">.</wf>
      </sentence>
      <sentence id="d000.s1416" source="wordnet-estonian">
         <wf lemma="Poisid" pos="X">Poisid</wf>
         <instance id="d000.s1416.t000" lemma="rääkima" pos="VERB">rääkisid</instance>
         <wf lemma="inetult" pos="X">inetult</wf>
         <wf lemma="." pos="X">.</wf>
         <wf lemma="Milleks" pos="X">Milleks</wf>
         <wf lemma="mõistu" pos="X">mõistu</wf>
         <wf lemma="rääkida" pos="X">rääkida</wf>
         <wf lemma="," pos="X">,</wf>
         <wf lemma="ütle" pos="X">ütle</wf>
         <wf lemma="otse" pos="X">otse</wf>
         <wf lemma="." pos="X">.</wf>
      </sentence>
      <sentence id="d000.s1417" source="wordnet-estonian">
         <wf lemma="Väidet" pos="X">Väidet</wf>
         <wf lemma="kinnitab" pos="X">kinnitab</wf>
         <instance id="d000.s1417.t000" lemma="inimlik" pos="ADJ">inimlik</instance>
         <wf lemma="kogemus" pos="X">kogemus</wf>
         <wf lemma="." pos="X">.</wf>
         <wf lemma="Eksimine" pos="X">Eksimine</wf>
         <wf lemma="on" pos="X">on</wf>
         <wf lemma="inimlik" pos="X">inimlik</wf>
         <wf lemma="." pos="X">.</wf>
         <wf lemma="Inimlikust" pos="X">Inimlikust</wf>
         <wf lemma="seisukohast" pos="X">seisukohast</wf>
         <wf lemma="arusaadavad" pos="X">arusaadavad</wf>
         <wf lemma="soovid" pos="X">soovid</wf>
         <wf lemma="." pos="X">.</wf>
      </sentence>
      <sentence id="d000.s1418" source="wordnet-estonian">
         <wf lemma="Millal" pos="X">Millal</wf>
         <wf lemma="määrus" pos="X">määrus</wf>
         <wf lemma="," pos="X">,</wf>
         <wf lemma="korraldus" pos="X">korraldus</wf>
         <wf lemma="," pos="X">,</wf>
         <wf lemma="uus" pos="X">uus</wf>
         <wf lemma="seadus" pos="X">seadus</wf>
         <instance id="d000.s1418.t000" lemma="maksma" pos="VERB">maksma</instance>
         <wf lemma="hakkab" pos="X">hakkab</wf>
         <wf lemma="?" pos="X">?</wf>
         <wf lemma="Ilma" pos="X">Ilma</wf>
         <wf lemma="allkirja" pos="X">allkirja</wf>
         <wf lemma="ja" pos="X">ja</wf>
         <wf lemma="pitsatita" pos="X">pitsatita</wf>
         <wf lemma="ei" pos="X">ei</wf>
         <wf lemma="ole" pos="X">ole</wf>
         <wf lemma="dokument" pos="X">dokument</wf>
         <wf lemma="maksev" pos="X">maksev</wf>
         <wf lemma="." pos="X">.</wf>
      </sentence>
      <sentence id="d000.s1419" source="wordnet-estonian">
         <wf lemma="Vanad" pos="X">Vanad</wf>
         <wf lemma="roostetanud" pos="X">roostetanud</wf>
         <instance id="d000.s1419.t000" lemma="nael" pos="NOUN">naelad</instance>
         <wf lemma="." pos="X">.</wf>
         <wf lemma="Taob" pos="X">Taob</wf>
         <wf lemma="naela" pos="X">naela</wf>
         <wf lemma="puusse" pos="X">puusse</wf>
         <wf lemma="." pos="X">.</wf>
      </sentence>
      <sentence id="d000.s1420" source="wordnet-estonian">
         <wf lemma="Põrandal" pos="X">Põrandal</wf>
         <wf lemma="oli" pos="X">oli</wf>
         <wf lemma="lauanõude" pos="X">lauanõude</wf>
         <instance id="d000.s1420.t000" lemma="kild" pos="NOUN">kilde</instance>
         <wf lemma="." pos="X">.</wf>
      </sentence>
      <sentence id="d000.s1421" source="wordnet-estonian">
         <wf lemma="Tempel" pos="X">Tempel</wf>
         <wf lemma="oli" pos="X">oli</wf>
         <wf lemma="kuulus" pos="X">kuulus</wf>
         <wf lemma="erilise" pos="X">erilise</wf>
         <instance id="d000.s1421.t000" lemma="pühadus" pos="NOUN">pühaduse</instance>
         <wf lemma="poolest" pos="X">poolest</wf>
         <wf lemma="." pos="X">.</wf>
         <wf lemma="Kirikuisade" pos="X">Kirikuisade</wf>
         <wf lemma="pühadus" pos="X">pühadus</wf>
         <wf lemma="." pos="X">.</wf>
      </sentence>
      <sentence id="d000.s1422" source="wordnet-estonian">
         <wf lemma="Ta" pos="X">Ta</wf>
         <wf lemma="pildistas" pos="X">pildistas</wf>
         <instance id="d000.s1422.t000" lemma="maastik" pos="NOUN">maastikku</instance>
         <wf lemma="," pos="X">,</wf>
         <wf lemma="mida" pos="X">mida</wf>
         <wf lemma="aknast" pos="X">aknast</wf>
         <wf lemma="nägi" pos="X">nägi</wf>
         <wf lemma="." pos="X">.</wf>
      </sentence>
      <sentence id="d000.s1423" source="wordnet-estonian">
         <instance id="d000.s1423.t000" lemma="lõvi" pos="NOUN">Lõvi</instance>
         <wf lemma="murrab" pos="X">murrab</wf>
         <wf lemma="antiloope" pos="X">antiloope</wf>
         <wf lemma="," pos="X">,</wf>
         <wf lemma="pühvleid" pos="X">pühvleid</wf>
         <wf lemma="," pos="X">,</wf>
         <wf lemma="kaelkirjakuid" pos="X">kaelkirjakuid</wf>
         <wf lemma="." pos="X">.</wf>
         <wf lemma="Lõvi" pos="X">Lõvi</wf>
         <wf lemma="on" pos="X">on</wf>
         <wf lemma="loomade" pos="X">loomade</wf>
         <wf lemma="kuningas" pos="X">kuningas</wf>
         <wf lemma="." pos="X">.</wf>
      </sentence>
      <sentence id="d000.s1424" source="wordnet-estonian">
         <instance id="d000.s1424.t000" lemma="transport" pos="NOUN">Transpordi</instance>
         <wf lemma="kiire" pos="X">kiire</wf>
         <wf lemma="areng" pos="X">areng</wf>
         <wf lemma="(" pos="X">(</wf>
         <wf lemma="EKSS" pos="X">EKSS</wf>
         <wf lemma=")" pos="X">)</wf>
         <wf lemma="." pos="X">.</wf>
      </sentence>
      <sentence id="d000.s1425" source="wordnet-estonian">
         <wf lemma="Külmaga" pos="X">Külmaga</wf>
         <wf lemma="kannan" pos="X">kannan</wf>
         <wf lemma="villast" pos="X">villast</wf>
         <instance id="d000.s1425.t000" lemma="kampsun" pos="NOUN">kampsunit</instance>
         <wf lemma="." pos="X">.</wf>
      </sentence>
      <sentence id="d000.s1426" source="wordnet-estonian">
         <wf lemma="150" pos="X">150</wf>
         <instance id="d000.s1426.t000" lemma="liik" pos="NOUN">liigiga</instance>
         <wf lemma="taimeperekond" pos="X">taimeperekond</wf>
         <wf lemma="." pos="X">.</wf>
      </sentence>
      <sentence id="d000.s1427" source="wordnet-estonian">
         <wf lemma="Kasuka" pos="X">Kasuka</wf>
         <wf lemma="karvane" pos="X">karvane</wf>
         <instance id="d000.s1427.t000" lemma="pool" pos="NOUN">pool</instance>
         <wf lemma="." pos="X">.</wf>
      </sentence>
      <sentence id="d000.s1428" source="wordnet-estonian">
         <wf lemma="Põgeneb" pos="X">Põgeneb</wf>
         <wf lemma="elu" pos="X">elu</wf>
         <instance id="d000.s1428.t000" lemma="reaalsus" pos="NOUN">reaalsusest</instance>
         <wf lemma="utoopiate" pos="X">utoopiate</wf>
         <wf lemma="maailma" pos="X">maailma</wf>
         <wf lemma="." pos="X">.</wf>
      </sentence>
      <sentence id="d000.s1429" source="wordnet-estonian">
         <wf lemma="Mägede" pos="X">Mägede</wf>
         <wf lemma="kõrged" pos="X">kõrged</wf>
         <wf lemma="ja" pos="X">ja</wf>
         <wf lemma="lumised" pos="X">lumised</wf>
         <instance id="d000.s1429.t000" lemma="hari" pos="NOUN">harjad</instance>
         <wf lemma="." pos="X">.</wf>
      </sentence>
      <sentence id="d000.s1430" source="wordnet-estonian">
         <wf lemma="Mehe" pos="X">Mehe</wf>
         <wf lemma="silmad" pos="X">silmad</wf>
         <wf lemma="sügavais" pos="X">sügavais</wf>
         <instance id="d000.s1430.t000" lemma="koobas" pos="NOUN">koopais</instance>
         <wf lemma="välkusid" pos="X">välkusid</wf>
         <wf lemma="rahutult" pos="X">rahutult</wf>
         <wf lemma="." pos="X">.</wf>
      </sentence>
      <sentence id="d000.s1431" source="wordnet-estonian">
         <wf lemma="Ta" pos="X">Ta</wf>
         <wf lemma="töötab" pos="X">töötab</wf>
         <wf lemma="koolis" pos="X">koolis</wf>
         <instance id="d000.s1431.t000" lemma="psühholoog" pos="NOUN">psühholoogina</instance>
         <wf lemma="." pos="X">.</wf>
      </sentence>
      <sentence id="d000.s1432" source="wordnet-estonian">
         <wf lemma="Kui" pos="X">Kui</wf>
         <wf lemma="üks" pos="X">üks</wf>
         <wf lemma="väsis" pos="X">väsis</wf>
         <wf lemma="," pos="X">,</wf>
         <wf lemma="oli" pos="X">oli</wf>
         <wf lemma="kohe" pos="X">kohe</wf>
         <wf lemma="teine" pos="X">teine</wf>
         <instance id="d000.s1432.t000" lemma="asemel" pos="ADV">asemel</instance>
         <wf lemma="." pos="X">.</wf>
      </sentence>
      <sentence id="d000.s1433" source="wordnet-estonian">
         <instance id="d000.s1433.t000" lemma="kumm" pos="NOUN">Kummiga</instance>
         <wf lemma="pliit" pos="X">pliit</wf>
         <wf lemma="," pos="X">,</wf>
         <wf lemma="kolle" pos="X">kolle</wf>
         <wf lemma="." pos="X">.</wf>
         <wf lemma="Reheahju" pos="X">Reheahju</wf>
         <wf lemma="kumm" pos="X">kumm</wf>
         <wf lemma="." pos="X">.</wf>
         <wf lemma="Troska" pos="X">Troska</wf>
         <wf lemma="kumm" pos="X">kumm</wf>
         <wf lemma="oli" pos="X">oli</wf>
         <wf lemma="üles" pos="X">üles</wf>
         <wf lemma="tõstetud" pos="X">tõstetud</wf>
         <wf lemma="," pos="X">,</wf>
         <wf lemma="alla" pos="X">alla</wf>
         <wf lemma="lastud" pos="X">lastud</wf>
         <wf lemma="." pos="X">.</wf>
         <wf lemma="Lagi" pos="X">Lagi</wf>
         <wf lemma="kerkis" pos="X">kerkis</wf>
         <wf lemma="keskelt" pos="X">keskelt</wf>
         <wf lemma="kummina" pos="X">kummina</wf>
         <wf lemma="." pos="X">.</wf>
      </sentence>
      <sentence id="d000.s1434" source="wordnet-estonian">
         <wf lemma="Poiss" pos="X">Poiss</wf>
         <wf lemma="oli" pos="X">oli</wf>
         <wf lemma="mitu" pos="X">mitu</wf>
         <wf lemma="päeva" pos="X">päeva</wf>
         <instance id="d000.s1434.t000" lemma="kaduma" pos="VERB">kadunud</instance>
         <wf lemma="." pos="X">.</wf>
         <wf lemma="On" pos="X">On</wf>
         <wf lemma="nagu" pos="X">nagu</wf>
         <wf lemma="maa" pos="X">maa</wf>
         <wf lemma="alla" pos="X">alla</wf>
         <wf lemma="," pos="X">,</wf>
         <wf lemma="nagu" pos="X">nagu</wf>
         <wf lemma="tina" pos="X">tina</wf>
         <wf lemma="tuhka" pos="X">tuhka</wf>
         <wf lemma="kadunud" pos="X">kadunud</wf>
         <wf lemma="." pos="X">.</wf>
      </sentence>
      <sentence id="d000.s1435" source="wordnet-estonian">
         <wf lemma="Eksimistes" pos="X">Eksimistes</wf>
         <wf lemma="väljendubki" pos="X">väljendubki</wf>
         <instance id="d000.s1435.t000" lemma="inimlikkus" pos="NOUN">inimlikkus</instance>
         <wf lemma="." pos="X">.</wf>
         <wf lemma="Õnnetuil" pos="X">Õnnetuil</wf>
         <wf lemma="jäi" pos="X">jäi</wf>
         <wf lemma="loota" pos="X">loota</wf>
         <wf lemma="vaid" pos="X">vaid</wf>
         <wf lemma="naabrite" pos="X">naabrite</wf>
         <wf lemma="inimlikkusele" pos="X">inimlikkusele</wf>
         <wf lemma="." pos="X">.</wf>
         <wf lemma="Vanake" pos="X">Vanake</wf>
         <wf lemma="oli" pos="X">oli</wf>
         <wf lemma="lausa" pos="X">lausa</wf>
         <wf lemma="inimlikkus" pos="X">inimlikkus</wf>
         <wf lemma="ise" pos="X">ise</wf>
         <wf lemma="." pos="X">.</wf>
      </sentence>
      <sentence id="d000.s1436" source="wordnet-estonian">
         <wf lemma="Näib" pos="X">Näib</wf>
         <wf lemma="," pos="X">,</wf>
         <wf lemma="et" pos="X">et</wf>
         <wf lemma="igas" pos="X">igas</wf>
         <wf lemma="inimeses" pos="X">inimeses</wf>
         <wf lemma="peitub" pos="X">peitub</wf>
         <wf lemma="kübeke" pos="X">kübeke</wf>
         <instance id="d000.s1436.t000" lemma="pajats" pos="NOUN">pajatsit</instance>
         <wf lemma="," pos="X">,</wf>
         <wf lemma="võimeline" pos="X">võimeline</wf>
         <wf lemma="irvitama" pos="X">irvitama</wf>
         <wf lemma="sel" pos="X">sel</wf>
         <wf lemma="ajal" pos="X">ajal</wf>
         <wf lemma="," pos="X">,</wf>
         <wf lemma="kui" pos="X">kui</wf>
         <wf lemma="südames" pos="X">südames</wf>
         <wf lemma="kriibivad" pos="X">kriibivad</wf>
         <wf lemma="kassid" pos="X">kassid</wf>
         <wf lemma="." pos="X">.</wf>
         <wf lemma="(" pos="X">(</wf>
         <wf lemma="Autor" pos="X">Autor</wf>
         <wf lemma=":" pos="X">:</wf>
         <wf lemma="V." pos="X">V.</wf>
         <wf lemma="Gross." pos="X">Gross.</wf>
         <wf lemma=")" pos="X">)</wf>
         <wf lemma="." pos="X">.</wf>
      </sentence>
      <sentence id="d000.s1437" source="wordnet-estonian">
         <wf lemma="Loengud" pos="X">Loengud</wf>
         <wf lemma="Idamaade" pos="X">Idamaade</wf>
         <wf lemma="võrdlevast" pos="X">võrdlevast</wf>
         <instance id="d000.s1437.t000" lemma="mütoloogia" pos="NOUN">mütoloogiast</instance>
         <wf lemma="." pos="X">.</wf>
      </sentence>
      <sentence id="d000.s1438" source="wordnet-estonian">
         <wf lemma="Paks" pos="X">Paks</wf>
         <wf lemma="," pos="X">,</wf>
         <wf lemma="tihe" pos="X">tihe</wf>
         <wf lemma="," pos="X">,</wf>
         <wf lemma="must" pos="X">must</wf>
         <wf lemma="," pos="X">,</wf>
         <wf lemma="hall" pos="X">hall</wf>
         <wf lemma="," pos="X">,</wf>
         <wf lemma="valge" pos="X">valge</wf>
         <instance id="d000.s1438.t000" lemma="suits" pos="NOUN">suits</instance>
         <wf lemma="(" pos="X">(</wf>
         <wf lemma="EKSS" pos="X">EKSS</wf>
         <wf lemma=")" pos="X">)</wf>
         <wf lemma="." pos="X">.</wf>
      </sentence>
      <sentence id="d000.s1439" source="wordnet-estonian">
         <wf lemma="Tassis" pos="X">Tassis</wf>
         <wf lemma="oli" pos="X">oli</wf>
         <wf lemma="mingi" pos="X">mingi</wf>
         <wf lemma="ebamäärane" pos="X">ebamäärane</wf>
         <instance id="d000.s1439.t000" lemma="vedelik" pos="NOUN">vedelik</instance>
         <wf lemma="." pos="X">.</wf>
      </sentence>
      <sentence id="d000.s1440" source="wordnet-estonian">
         <wf lemma="Ehitus" pos="X">Ehitus</wf>
         <wf lemma="torkab" pos="X">torkab</wf>
         <wf lemma="silma" pos="X">silma</wf>
         <wf lemma="oma" pos="X">oma</wf>
         <instance id="d000.s1440.t000" lemma="modernsus" pos="NOUN">modernsuse</instance>
         <wf lemma="poolest" pos="X">poolest</wf>
         <wf lemma="(" pos="X">(</wf>
         <wf lemma="EKSS" pos="X">EKSS</wf>
         <wf lemma=")" pos="X">)</wf>
         <wf lemma="." pos="X">.</wf>
      </sentence>
      <sentence id="d000.s1441" source="wordnet-estonian">
         <wf lemma="Ungari" pos="X">Ungari</wf>
         <instance id="d000.s1441.t000" lemma="husaar" pos="NOUN">husaarid</instance>
         <wf lemma="." pos="X">.</wf>
      </sentence>
      <sentence id="d000.s1442" source="wordnet-estonian">
         <wf lemma="Kas" pos="X">Kas</wf>
         <wf lemma="sul" pos="X">sul</wf>
         <wf lemma="on" pos="X">on</wf>
         <wf lemma="puuküttega" pos="X">puuküttega</wf>
         <instance id="d000.s1442.t000" lemma="pliit" pos="NOUN">pliit</instance>
         <wf lemma="või" pos="X">või</wf>
         <wf lemma="gaasipliit" pos="X">gaasipliit</wf>
         <wf lemma="?" pos="X">?</wf>
      </sentence>
      <sentence id="d000.s1443" source="wordnet-estonian">
         <wf lemma="Külalise" pos="X">Külalise</wf>
         <instance id="d000.s1443.t000" lemma="keel" pos="NOUN">keel</instance>
         <wf lemma="oli" pos="X">oli</wf>
         <wf lemma="kohalolijate" pos="X">kohalolijate</wf>
         <wf lemma="jaoks" pos="X">jaoks</wf>
         <wf lemma="võõras" pos="X">võõras</wf>
         <wf lemma="." pos="X">.</wf>
      </sentence>
      <sentence id="d000.s1444" source="wordnet-estonian">
         <instance id="d000.s1444.t000" lemma="hoidma" pos="VERB">Hoia</instance>
         <wf lemma="käed" pos="X">käed</wf>
         <wf lemma="minust" pos="X">minust</wf>
         <wf lemma="eemal" pos="X">eemal</wf>
         <wf lemma="!" pos="X">!</wf>
      </sentence>
      <sentence id="d000.s1445" source="wordnet-estonian">
         <instance id="d000.s1445.t000" lemma="aeg" pos="NOUN">Aeg</instance>
         <wf lemma="kaob" pos="X">kaob</wf>
         <wf lemma="." pos="X">.</wf>
      </sentence>
      <sentence id="d000.s1446" source="wordnet-estonian">
         <wf lemma="Laps" pos="X">Laps</wf>
         <instance id="d000.s1446.t000" lemma="osutama" pos="VERB">osutas</instance>
         <wf lemma="sõrmega" pos="X">sõrmega</wf>
         <wf lemma="mänguasjadele" pos="X">mänguasjadele</wf>
         <wf lemma="." pos="X">.</wf>
      </sentence>
      <sentence id="d000.s1447" source="wordnet-estonian">
         <wf lemma="Selles" pos="X">Selles</wf>
         <wf lemma="maalis" pos="X">maalis</wf>
         <wf lemma="on" pos="X">on</wf>
         <wf lemma="tunda" pos="X">tunda</wf>
         <instance id="d000.s1447.t000" lemma="küps" pos="ADJ">küpse</instance>
         <wf lemma="meistri" pos="X">meistri</wf>
         <wf lemma="kätt" pos="X">kätt</wf>
         <wf lemma="." pos="X">.</wf>
         <wf lemma="Poliitiliselt" pos="X">Poliitiliselt</wf>
         <wf lemma="küps" pos="X">küps</wf>
         <wf lemma="inimene" pos="X">inimene</wf>
         <wf lemma="." pos="X">.</wf>
         <wf lemma="Küps" pos="X">Küps</wf>
         <wf lemma="abiellumiseks" pos="X">abiellumiseks</wf>
         <wf lemma="." pos="X">.</wf>
      </sentence>
      <sentence id="d000.s1448" source="wordnet-estonian">
         <wf lemma="Ta" pos="X">Ta</wf>
         <wf lemma="on" pos="X">on</wf>
         <wf lemma="juurde" pos="X">juurde</wf>
         <wf lemma="võtnud" pos="X">võtnud</wf>
         <wf lemma="nii" pos="X">nii</wf>
         <instance id="d000.s1448.t000" lemma="pikkus" pos="NOUN">pikkuses</instance>
         <wf lemma="kui" pos="X">kui</wf>
         <wf lemma="paksuses" pos="X">paksuses</wf>
         <wf lemma="." pos="X">.</wf>
         <wf lemma="Komistas" pos="X">Komistas</wf>
         <wf lemma="ja" pos="X">ja</wf>
         <wf lemma="kukkus" pos="X">kukkus</wf>
         <wf lemma="täies" pos="X">täies</wf>
         <wf lemma="pikkuses" pos="X">pikkuses</wf>
         <wf lemma="." pos="X">.</wf>
      </sentence>
      <sentence id="d000.s1449" source="wordnet-estonian">
         <wf lemma="Ta" pos="X">Ta</wf>
         <wf lemma="tunnetas" pos="X">tunnetas</wf>
         <wf lemma="oma" pos="X">oma</wf>
         <wf lemma="võimu" pos="X">võimu</wf>
         <wf lemma="ja" pos="X">ja</wf>
         <instance id="d000.s1449.t000" lemma="karistamatus" pos="NOUN">karistamatust</instance>
         <wf lemma="." pos="X">.</wf>
         <wf lemma="Karistamatus" pos="X">Karistamatus</wf>
         <wf lemma="soodustab" pos="X">soodustab</wf>
         <wf lemma="kuritegevust" pos="X">kuritegevust</wf>
         <wf lemma="." pos="X">.</wf>
      </sentence>
      <sentence id="d000.s1450" source="wordnet-estonian">
         <wf lemma="Ta" pos="X">Ta</wf>
         <wf lemma="armastab" pos="X">armastab</wf>
         <wf lemma="vahel" pos="X">vahel</wf>
         <instance id="d000.s1450.t000" lemma="riim" pos="NOUN">riimides</instance>
         <wf lemma="rääkida" pos="X">rääkida</wf>
         <wf lemma="." pos="X">.</wf>
      </sentence>
      <sentence id="d000.s1451" source="wordnet-estonian">
         <instance id="d000.s1451.t000" lemma="nüüd" pos="ADV">Nüüd</instance>
         <wf lemma="lisa" pos="X">lisa</wf>
         <wf lemma="kapsad" pos="X">kapsad</wf>
         <wf lemma="ja" pos="X">ja</wf>
         <wf lemma="siis" pos="X">siis</wf>
         <wf lemma="porgandid" pos="X">porgandid</wf>
         <wf lemma="." pos="X">.</wf>
      </sentence>
      <sentence id="d000.s1452" source="wordnet-estonian">
         <wf lemma="Meil" pos="X">Meil</wf>
         <wf lemma="on" pos="X">on</wf>
         <instance id="d000.s1452.t000" lemma="komme" pos="NOUN">kombeks</instance>
         <wf lemma="pärast" pos="X">pärast</wf>
         <wf lemma="lõunat" pos="X">lõunat</wf>
         <wf lemma="teed" pos="X">teed</wf>
         <wf lemma="juua" pos="X">juua</wf>
         <wf lemma="." pos="X">.</wf>
      </sentence>
      <sentence id="d000.s1453" source="wordnet-estonian">
         <wf lemma="Otsustas" pos="X">Otsustas</wf>
         <instance id="d000.s1453.t000" lemma="talu" pos="NOUN">talu</instance>
         <wf lemma="rendile" pos="X">rendile</wf>
         <wf lemma="anda" pos="X">anda</wf>
         <wf lemma="ja" pos="X">ja</wf>
         <wf lemma="peab" pos="X">peab</wf>
         <wf lemma="nüüd" pos="X">nüüd</wf>
         <wf lemma="talus" pos="X">talus</wf>
         <wf lemma="rentnikku" pos="X">rentnikku</wf>
         <wf lemma="." pos="X">.</wf>
         <wf lemma="Oli" pos="X">Oli</wf>
         <wf lemma="onu" pos="X">onu</wf>
         <wf lemma="talus" pos="X">talus</wf>
         <wf lemma="karjaseks" pos="X">karjaseks</wf>
         <wf lemma="ja" pos="X">ja</wf>
         <wf lemma="sulaseks" pos="X">sulaseks</wf>
         <wf lemma="." pos="X">.</wf>
      </sentence>
      <sentence id="d000.s1454" source="wordnet-estonian">
         <wf lemma="Kohtunik" pos="X">Kohtunik</wf>
         <wf lemma="pani" pos="X">pani</wf>
         <instance id="d000.s1454.t000" lemma="litter" pos="NOUN">litri</instance>
         <wf lemma="mängu" pos="X">mängu</wf>
         <wf lemma="." pos="X">.</wf>
         <wf lemma="Lõi" pos="X">Lõi</wf>
         <wf lemma="litri" pos="X">litri</wf>
         <wf lemma="väravasse" pos="X">väravasse</wf>
         <wf lemma="." pos="X">.</wf>
         <wf lemma="(" pos="X">(</wf>
         <wf lemma="EKSS" pos="X">EKSS</wf>
         <wf lemma=")" pos="X">)</wf>
         <wf lemma="." pos="X">.</wf>
      </sentence>
      <sentence id="d000.s1455" source="wordnet-estonian">
         <instance id="d000.s1455.t000" lemma="laviin" pos="NOUN">Laviin</instance>
         <wf lemma="mattis" pos="X">mattis</wf>
         <wf lemma="küla" pos="X">küla</wf>
         <wf lemma="lume" pos="X">lume</wf>
         <wf lemma="alla" pos="X">alla</wf>
         <wf lemma="." pos="X">.</wf>
         <wf lemma="Rusuvoolud" pos="X">Rusuvoolud</wf>
         <wf lemma="on" pos="X">on</wf>
         <wf lemma="purdkivimite" pos="X">purdkivimite</wf>
         <wf lemma="laviinid" pos="X">laviinid</wf>
         <wf lemma="." pos="X">.</wf>
      </sentence>
      <sentence id="d000.s1456" source="wordnet-estonian">
         <wf lemma="Tal" pos="X">Tal</wf>
         <wf lemma="on" pos="X">on</wf>
         <wf lemma="kaks" pos="X">kaks</wf>
         <instance id="d000.s1456.t000" lemma="tütar" pos="NOUN">tütart</instance>
         <wf lemma="ja" pos="X">ja</wf>
         <wf lemma="üks" pos="X">üks</wf>
         <wf lemma="poeg" pos="X">poeg</wf>
         <wf lemma="." pos="X">.</wf>
      </sentence>
      <sentence id="d000.s1457" source="wordnet-estonian">
         <wf lemma="Ta" pos="X">Ta</wf>
         <instance id="d000.s1457.t000" lemma="rääkima" pos="VERB">räägib</instance>
         <wf lemma="palju" pos="X">palju</wf>
         <wf lemma="mõttetusi" pos="X">mõttetusi</wf>
         <wf lemma="." pos="X">.</wf>
      </sentence>
      <sentence id="d000.s1458" source="wordnet-estonian">
         <wf lemma="Laps" pos="X">Laps</wf>
         <wf lemma="peidab" pos="X">peidab</wf>
         <wf lemma="raha" pos="X">raha</wf>
         <wf lemma="oma" pos="X">oma</wf>
         <wf lemma="pisikesse" pos="X">pisikesse</wf>
         <instance id="d000.s1458.t000" lemma="rusikas" pos="NOUN">rusikasse</instance>
         <wf lemma="." pos="X">.</wf>
      </sentence>
      <sentence id="d000.s1459" source="wordnet-estonian">
         <wf lemma="Olen" pos="X">Olen</wf>
         <wf lemma="sellega" pos="X">sellega</wf>
         <instance id="d000.s1459.t000" lemma="täiesti" pos="ADV">täiesti</instance>
         <wf lemma="nõus" pos="X">nõus</wf>
         <wf lemma="." pos="X">.</wf>
      </sentence>
      <sentence id="d000.s1460" source="wordnet-estonian">
         <wf lemma="Kohal" pos="X">Kohal</wf>
         <wf lemma="oli" pos="X">oli</wf>
         <wf lemma="umbes" pos="X">umbes</wf>
         <instance id="d000.s1460.t000" lemma="sada" pos="NOUN">sada</instance>
         <wf lemma="inimest" pos="X">inimest</wf>
         <wf lemma="(" pos="X">(</wf>
         <wf lemma="EKSS" pos="X">EKSS</wf>
         <wf lemma=")" pos="X">)</wf>
         <wf lemma="." pos="X">.</wf>
      </sentence>
      <sentence id="d000.s1461" source="wordnet-estonian">
         <wf lemma="Kinos" pos="X">Kinos</wf>
         <instance id="d000.s1461.t000" lemma="jooksma" pos="VERB">jookseb</instance>
         <wf lemma="huvitav" pos="X">huvitav</wf>
         <wf lemma="film" pos="X">film</wf>
         <wf lemma="," pos="X">,</wf>
         <wf lemma="peaks" pos="X">peaks</wf>
         <wf lemma="vaatama" pos="X">vaatama</wf>
         <wf lemma="minema" pos="X">minema</wf>
         <wf lemma="." pos="X">.</wf>
      </sentence>
      <sentence id="d000.s1462" source="wordnet-estonian">
         <wf lemma="Seine'i" pos="X">Seine'i</wf>
         <wf lemma="departemangu" pos="X">departemangu</wf>
         <instance id="d000.s1462.t000" lemma="prefekt" pos="NOUN">prefekt</instance>
         <wf lemma="." pos="X">.</wf>
         <wf lemma="*" pos="X">*</wf>
         <wf lemma="Uue" pos="X">Uue</wf>
         <wf lemma="administratiivse" pos="X">administratiivse</wf>
         <wf lemma="korra" pos="X">korra</wf>
         <wf lemma="alusel" pos="X">alusel</wf>
         <wf lemma="jagunes" pos="X">jagunes</wf>
         <wf lemma="Jaapan" pos="X">Jaapan</wf>
         <wf lemma="prefektkondadeks" pos="X">prefektkondadeks</wf>
         <wf lemma="eesotsas" pos="X">eesotsas</wf>
         <wf lemma="prefektidega" pos="X">prefektidega</wf>
         <wf lemma="." pos="X">.</wf>
         <wf lemma="." pos="X">.</wf>
         <wf lemma="(" pos="X">(</wf>
         <wf lemma="Autor" pos="X">Autor</wf>
         <wf lemma=":" pos="X">:</wf>
         <wf lemma="J." pos="X">J.</wf>
         <wf lemma="Konks." pos="X">Konks.</wf>
         <wf lemma=")" pos="X">)</wf>
         <wf lemma="." pos="X">.</wf>
      </sentence>
      <sentence id="d000.s1463" source="wordnet-estonian">
         <wf lemma="Inimese" pos="X">Inimese</wf>
         <wf lemma="ürgsed" pos="X">ürgsed</wf>
         <instance id="d000.s1463.t000" lemma="instinkt" pos="NOUN">instinktid</instance>
         <wf lemma="." pos="X">.</wf>
         <wf lemma="Looma" pos="X">Looma</wf>
         <wf lemma="tegutsemist" pos="X">tegutsemist</wf>
         <wf lemma="," pos="X">,</wf>
         <wf lemma="käitumist" pos="X">käitumist</wf>
         <wf lemma="määravad" pos="X">määravad</wf>
         <wf lemma="instinktid" pos="X">instinktid</wf>
         <wf lemma="." pos="X">.</wf>
         <wf lemma="(" pos="X">(</wf>
         <wf lemma="EKSS" pos="X">EKSS</wf>
         <wf lemma=")" pos="X">)</wf>
         <wf lemma="." pos="X">.</wf>
      </sentence>
      <sentence id="d000.s1464" source="wordnet-estonian">
         <wf lemma="Ostab" pos="X">Ostab</wf>
         <wf lemma="poest" pos="X">poest</wf>
         <wf lemma="kolm" pos="X">kolm</wf>
         <instance id="d000.s1464.t000" lemma="leib" pos="NOUN">leiba</instance>
         <wf lemma="ja" pos="X">ja</wf>
         <wf lemma="kaks" pos="X">kaks</wf>
         <wf lemma="saia" pos="X">saia</wf>
         <wf lemma="(" pos="X">(</wf>
         <wf lemma="EKSS" pos="X">EKSS</wf>
         <wf lemma=")" pos="X">)</wf>
         <wf lemma="." pos="X">.</wf>
      </sentence>
      <sentence id="d000.s1465" source="wordnet-estonian">
         <wf lemma="Tal" pos="X">Tal</wf>
         <wf lemma="oli" pos="X">oli</wf>
         <wf lemma="käes" pos="X">käes</wf>
         <wf lemma="kolm" pos="X">kolm</wf>
         <instance id="d000.s1465.t000" lemma="äss" pos="NOUN">ässa</instance>
         <wf lemma="." pos="X">.</wf>
         <wf lemma="Võttis" pos="X">Võttis</wf>
         <wf lemma="maast" pos="X">maast</wf>
         <wf lemma="ässa" pos="X">ässa</wf>
         <wf lemma="." pos="X">.</wf>
         <wf lemma="(" pos="X">(</wf>
         <wf lemma="EKSS" pos="X">EKSS</wf>
         <wf lemma=")" pos="X">)</wf>
         <wf lemma="." pos="X">.</wf>
      </sentence>
      <sentence id="d000.s1466" source="wordnet-estonian">
         <wf lemma="Neil" pos="X">Neil</wf>
         <wf lemma="oli" pos="X">oli</wf>
         <wf lemma="omavahel" pos="X">omavahel</wf>
         <wf lemma="päris" pos="X">päris</wf>
         <instance id="d000.s1466.t000" lemma="kena" pos="ADJ">kena</instance>
         <wf lemma="klapp" pos="X">klapp</wf>
         <wf lemma="." pos="X">.</wf>
      </sentence>
      <sentence id="d000.s1467" source="wordnet-estonian">
         <wf lemma="Tulevased" pos="X">Tulevased</wf>
         <wf lemma="," pos="X">,</wf>
         <wf lemma="järeltulevad" pos="X">järeltulevad</wf>
         <instance id="d000.s1467.t000" lemma="põlv" pos="NOUN">põlved</instance>
         <wf lemma="(" pos="X">(</wf>
         <wf lemma="EKSS" pos="X">EKSS</wf>
         <wf lemma=")" pos="X">)</wf>
         <wf lemma="." pos="X">.</wf>
      </sentence>
      <sentence id="d000.s1468" source="wordnet-estonian">
         <wf lemma="Käituge" pos="X">Käituge</wf>
         <wf lemma="nendega" pos="X">nendega</wf>
         <instance id="d000.s1468.t000" lemma="inimlikult" pos="ADV">inimlikult</instance>
         <wf lemma="." pos="X">.</wf>
      </sentence>
      <sentence id="d000.s1469" source="wordnet-estonian">
         <wf lemma="Kellelegi" pos="X">Kellelegi</wf>
         <wf lemma="vastu" pos="X">vastu</wf>
         <wf lemma="kõrvu" pos="X">kõrvu</wf>
         <wf lemma="," pos="X">,</wf>
         <wf lemma="pead" pos="X">pead</wf>
         <wf lemma="," pos="X">,</wf>
         <wf lemma="lõugu" pos="X">lõugu</wf>
         <wf lemma="," pos="X">,</wf>
         <wf lemma="mööda" pos="X">mööda</wf>
         <wf lemma="kannikaid" pos="X">kannikaid</wf>
         <instance id="d000.s1469.t000" lemma="panema" pos="VERB">panema</instance>
         <wf lemma="." pos="X">.</wf>
         <wf lemma="Pane" pos="X">Pane</wf>
         <wf lemma="talle" pos="X">talle</wf>
         <wf lemma="," pos="X">,</wf>
         <wf lemma="nii" pos="X">nii</wf>
         <wf lemma="et" pos="X">et</wf>
         <wf lemma="aitab" pos="X">aitab</wf>
         <wf lemma="!" pos="X">!</wf>
      </sentence>
      <sentence id="d000.s1470" source="wordnet-estonian">
         <wf lemma="Ta" pos="X">Ta</wf>
         <instance id="d000.s1470.t000" lemma="kinnitama" pos="VERB">kinnitas</instance>
         <wf lemma="tema" pos="X">tema</wf>
         <wf lemma="sisseastumisdokumendid" pos="X">sisseastumisdokumendid</wf>
         <wf lemma="sobivaiks" pos="X">sobivaiks</wf>
         <wf lemma="." pos="X">.</wf>
      </sentence>
      <sentence id="d000.s1471" source="wordnet-estonian">
         <wf lemma="Paarituvad" pos="X">Paarituvad</wf>
         <wf lemma="konnad" pos="X">konnad</wf>
         <wf lemma="," pos="X">,</wf>
         <wf lemma="putukad" pos="X">putukad</wf>
         <wf lemma="," pos="X">,</wf>
         <wf lemma="angerjad" pos="X">angerjad</wf>
         <wf lemma="." pos="X">.</wf>
         <wf lemma="Emased" pos="X">Emased</wf>
         <wf lemma="koerad" pos="X">koerad</wf>
         <wf lemma="võivad" pos="X">võivad</wf>
         <instance id="d000.s1471.t000" lemma="paarituma" pos="VERB">paarituda</instance>
         <wf lemma="ka" pos="X">ka</wf>
         <wf lemma="huntidega" pos="X">huntidega</wf>
         <wf lemma="." pos="X">.</wf>
         <wf lemma="Hülged" pos="X">Hülged</wf>
         <wf lemma="paarituvad" pos="X">paarituvad</wf>
         <wf lemma="novembris-detsembris" pos="X">novembris-detsembris</wf>
         <wf lemma="." pos="X">.</wf>
         <wf lemma="Suitsupääsukesed" pos="X">Suitsupääsukesed</wf>
         <wf lemma="paarituvad" pos="X">paarituvad</wf>
         <wf lemma="pesal" pos="X">pesal</wf>
         <wf lemma="," pos="X">,</wf>
         <wf lemma="katusel" pos="X">katusel</wf>
         <wf lemma="või" pos="X">või</wf>
         <wf lemma="puuoksal" pos="X">puuoksal</wf>
         <wf lemma="." pos="X">.</wf>
         <wf lemma="Paaritunud" pos="X">Paaritunud</wf>
         <wf lemma="mesilasema" pos="X">mesilasema</wf>
         <wf lemma="." pos="X">.</wf>
      </sentence>
      <sentence id="d000.s1472" source="wordnet-estonian">
         <instance id="d000.s1472.t000" lemma="raevukus" pos="NOUN">Raevukus</instance>
         <wf lemma="," pos="X">,</wf>
         <wf lemma="millega" pos="X">millega</wf>
         <wf lemma="opositsioon" pos="X">opositsioon</wf>
         <wf lemma="just" pos="X">just</wf>
         <wf lemma="meid" pos="X">meid</wf>
         <wf lemma="ründab" pos="X">ründab</wf>
         <wf lemma="räägib" pos="X">räägib</wf>
         <wf lemma="iseenda" pos="X">iseenda</wf>
         <wf lemma="eest" pos="X">eest</wf>
         <wf lemma="." pos="X">.</wf>
      </sentence>
      <sentence id="d000.s1473" source="wordnet-estonian">
         <instance id="d000.s1473.t000" lemma="nüri" pos="ADJ">Nürid</instance>
         <wf lemma="kinganinad" pos="X">kinganinad</wf>
         <wf lemma="(" pos="X">(</wf>
         <wf lemma="EKSS" pos="X">EKSS</wf>
         <wf lemma=")" pos="X">)</wf>
         <wf lemma="." pos="X">.</wf>
      </sentence>
      <sentence id="d000.s1474" source="wordnet-estonian">
         <wf lemma="Prantslased" pos="X">Prantslased</wf>
         <wf lemma="," pos="X">,</wf>
         <wf lemma="inglased" pos="X">inglased</wf>
         <wf lemma="," pos="X">,</wf>
         <wf lemma="itaallased" pos="X">itaallased</wf>
         <wf lemma="jt." pos="X">jt.</wf>
         <instance id="d000.s1474.t000" lemma="rahvas" pos="NOUN">rahvad</instance>
         <wf lemma="." pos="X">.</wf>
         <wf lemma="Ühe" pos="X">Ühe</wf>
         <wf lemma="või" pos="X">või</wf>
         <wf lemma="teise" pos="X">teise</wf>
         <wf lemma="rahva" pos="X">rahva</wf>
         <wf lemma="kultuur" pos="X">kultuur</wf>
         <wf lemma="." pos="X">.</wf>
      </sentence>
      <sentence id="d000.s1475" source="wordnet-estonian">
         <wf lemma="Lõpuks" pos="X">Lõpuks</wf>
         <wf lemma="ometi" pos="X">ometi</wf>
         <wf lemma="on" pos="X">on</wf>
         <wf lemma="isemeelne" pos="X">isemeelne</wf>
         <wf lemma="kindral" pos="X">kindral</wf>
         <instance id="d000.s1475.t000" lemma="koht" pos="NOUN">kohalt</instance>
         <wf lemma="lahti" pos="X">lahti</wf>
         <wf lemma="kangutatud" pos="X">kangutatud</wf>
         <wf lemma="." pos="X">.</wf>
      </sentence>
      <sentence id="d000.s1476" source="wordnet-estonian">
         <wf lemma="Roomajatest" pos="X">Roomajatest</wf>
         <wf lemma="on" pos="X">on</wf>
         <wf lemma="esindatud" pos="X">esindatud</wf>
         <instance id="d000.s1476.t000" lemma="hateeria" pos="NOUN">hateeria</instance>
         <wf lemma="ja" pos="X">ja</wf>
         <wf lemma="sisalikulised" pos="X">sisalikulised</wf>
         <wf lemma="." pos="X">.</wf>
      </sentence>
      <sentence id="d000.s1477" source="wordnet-estonian">
         <wf lemma="Elu" pos="X">Elu</wf>
         <instance id="d000.s1477.t000" lemma="lömastama" pos="VERB">lömastas</instance>
         <wf lemma="ta" pos="X">ta</wf>
         <wf lemma="," pos="X">,</wf>
         <wf lemma="üle" pos="X">üle</wf>
         <wf lemma="tormas" pos="X">tormas</wf>
         <wf lemma="." pos="X">.</wf>
         <wf lemma="." pos="X">.</wf>
         <wf lemma="(" pos="X">(</wf>
         <wf lemma="Autor" pos="X">Autor</wf>
         <wf lemma=":" pos="X">:</wf>
         <wf lemma="J." pos="X">J.</wf>
         <wf lemma="Smuul." pos="X">Smuul.</wf>
         <wf lemma=")" pos="X">)</wf>
         <wf lemma="." pos="X">.</wf>
      </sentence>
      <sentence id="d000.s1478" source="wordnet-estonian">
         <instance id="d000.s1478.t000" lemma="sport" pos="NOUN">Spordiga</instance>
         <wf lemma="tegeleb" pos="X">tegeleb</wf>
         <wf lemma="nooruses" pos="X">nooruses</wf>
         <wf lemma="peaaegu" pos="X">peaaegu</wf>
         <wf lemma="iga" pos="X">iga</wf>
         <wf lemma="inimene" pos="X">inimene</wf>
         <wf lemma="." pos="X">.</wf>
      </sentence>
      <sentence id="d000.s1479" source="wordnet-estonian">
         <wf lemma="Tumedast" pos="X">Tumedast</wf>
         <wf lemma="tammest" pos="X">tammest</wf>
         <instance id="d000.s1479.t000" lemma="paneel" pos="NOUN">paneelidega</instance>
         <wf lemma="kaunistatud" pos="X">kaunistatud</wf>
         <wf lemma="saal" pos="X">saal</wf>
         <wf lemma="." pos="X">.</wf>
         <wf lemma="Valgeks" pos="X">Valgeks</wf>
         <wf lemma="lubjatud" pos="X">lubjatud</wf>
         <wf lemma="seinu" pos="X">seinu</wf>
         <wf lemma="kaunistas" pos="X">kaunistas</wf>
         <wf lemma="lai" pos="X">lai</wf>
         <wf lemma="värviline" pos="X">värviline</wf>
         <wf lemma="paneel" pos="X">paneel</wf>
         <wf lemma="." pos="X">.</wf>
      </sentence>
      <sentence id="d000.s1480" source="wordnet-estonian">
         <wf lemma="Mehed" pos="X">Mehed</wf>
         <wf lemma="töötasid" pos="X">töötasid</wf>
         <wf lemma="ülevaataja" pos="X">ülevaataja</wf>
         <instance id="d000.s1480.t000" lemma="juhatus" pos="NOUN">juhatuse</instance>
         <wf lemma="all" pos="X">all</wf>
         <wf lemma="." pos="X">.</wf>
         <wf lemma="Esineb" pos="X">Esineb</wf>
         <wf lemma="ansambel" pos="X">ansambel</wf>
         <wf lemma="K." pos="X">K.</wf>
         <wf lemma="Kikerpuu" pos="X">Kikerpuu</wf>
         <wf lemma="juhatusel" pos="X">juhatusel</wf>
         <wf lemma="." pos="X">.</wf>
      </sentence>
      <sentence id="d000.s1481" source="wordnet-estonian">
         <wf lemma="Toas" pos="X">Toas</wf>
         <wf lemma="on" pos="X">on</wf>
         <wf lemma="vaip" pos="X">vaip</wf>
         <instance id="d000.s1481.t000" lemma="põrand" pos="NOUN">põrandal</instance>
         <wf lemma="." pos="X">.</wf>
      </sentence>
      <sentence id="d000.s1482" source="wordnet-estonian">
         <wf lemma="Nad" pos="X">Nad</wf>
         <wf lemma="rentisid" pos="X">rentisid</wf>
         <wf lemma="uues" pos="X">uues</wf>
         <wf lemma="pangahoones" pos="X">pangahoones</wf>
         <wf lemma="endale" pos="X">endale</wf>
         <instance id="d000.s1482.t000" lemma="kontor" pos="NOUN">kontori</instance>
         <wf lemma="." pos="X">.</wf>
      </sentence>
      <sentence id="d000.s1483" source="wordnet-estonian">
         <instance id="d000.s1483.t000" lemma="muru" pos="NOUN">Murul</instance>
         <wf lemma="käimine" pos="X">käimine</wf>
         <wf lemma="keelatud" pos="X">keelatud</wf>
         <wf lemma="." pos="X">.</wf>
      </sentence>
      <sentence id="d000.s1484" source="wordnet-estonian">
         <wf lemma="Teatrinädalasse" pos="X">Teatrinädalasse</wf>
         <wf lemma="mahtus" pos="X">mahtus</wf>
         <wf lemma="palju" pos="X">palju</wf>
         <instance id="d000.s1484.t000" lemma="sündmus" pos="NOUN">sündmusi</instance>
         <wf lemma="." pos="X">.</wf>
      </sentence>
      <sentence id="d000.s1485" source="wordnet-estonian">
         <wf lemma="Teda" pos="X">Teda</wf>
         <wf lemma="valdas" pos="X">valdas</wf>
         <wf lemma="raske" pos="X">raske</wf>
         <instance id="d000.s1485.t000" lemma="melanhoolia" pos="NOUN">melanhoolia</instance>
         <wf lemma="(" pos="X">(</wf>
         <wf lemma="EKSS" pos="X">EKSS</wf>
         <wf lemma=")" pos="X">)</wf>
         <wf lemma="." pos="X">.</wf>
      </sentence>
      <sentence id="d000.s1486" source="wordnet-estonian">
         <wf lemma="Kurjategijat" pos="X">Kurjategijat</wf>
         <instance id="d000.s1486.t000" lemma="pidama" pos="VERB">peeti</instance>
         <wf lemma="türmis" pos="X">türmis</wf>
         <wf lemma="," pos="X">,</wf>
         <wf lemma="üksikkambris" pos="X">üksikkambris</wf>
         <wf lemma="." pos="X">.</wf>
      </sentence>
      <sentence id="d000.s1487" source="wordnet-estonian">
         <instance id="d000.s1487.t000" lemma="loom" pos="NOUN">Loomad</instance>
         <wf lemma="moodustavad" pos="X">moodustavad</wf>
         <wf lemma="lahutamatu" pos="X">lahutamatu</wf>
         <wf lemma="osa" pos="X">osa</wf>
         <wf lemma="loodusest" pos="X">loodusest</wf>
         <wf lemma="." pos="X">.</wf>
      </sentence>
      <sentence id="d000.s1488" source="wordnet-estonian">
         <instance id="d000.s1488.t000" lemma="õige" pos="ADJ">Õige</instance>
         <wf lemma="vastus" pos="X">vastus</wf>
         <wf lemma="." pos="X">.</wf>
      </sentence>
      <sentence id="d000.s1489" source="wordnet-estonian">
         <instance id="d000.s1489.t000" lemma="snaiper" pos="NOUN">Snaiperite</instance>
         <wf lemma="väljaõpe" pos="X">väljaõpe</wf>
         <wf lemma="." pos="X">.</wf>
         <wf lemma="Osavad" pos="X">Osavad</wf>
         <wf lemma="snaiprid" pos="X">snaiprid</wf>
         <wf lemma="." pos="X">.</wf>
      </sentence>
      <sentence id="d000.s1490" source="wordnet-estonian">
         <wf lemma="Keevale" pos="X">Keevale</wf>
         <instance id="d000.s1490.t000" lemma="segu" pos="NOUN">segule</instance>
         <wf lemma="lisada" pos="X">lisada</wf>
         <wf lemma="õunad" pos="X">õunad</wf>
         <wf lemma="." pos="X">.</wf>
      </sentence>
      <sentence id="d000.s1491" source="wordnet-estonian">
         <instance id="d000.s1491.t000" lemma="rõhk" pos="NOUN">Rõhku</instance>
         <wf lemma="mõõtma" pos="X">mõõtma</wf>
         <wf lemma="(" pos="X">(</wf>
         <wf lemma="EKSS" pos="X">EKSS</wf>
         <wf lemma=")" pos="X">)</wf>
         <wf lemma="." pos="X">.</wf>
      </sentence>
      <sentence id="d000.s1492" source="wordnet-estonian">
         <wf lemma="Peale" pos="X">Peale</wf>
         <wf lemma="väheste" pos="X">väheste</wf>
         <instance id="d000.s1492.t000" lemma="erand" pos="NOUN">erandite</instance>
         <wf lemma="pole" pos="X">pole</wf>
         <wf lemma="selleaegseid" pos="X">selleaegseid</wf>
         <wf lemma="käsikirju" pos="X">käsikirju</wf>
         <wf lemma="säilinud" pos="X">säilinud</wf>
         <wf lemma="." pos="X">.</wf>
      </sentence>
      <sentence id="d000.s1493" source="wordnet-estonian">
         <wf lemma="Kakaopuu" pos="X">Kakaopuu</wf>
         <wf lemma="oakujulised" pos="X">oakujulised</wf>
         <instance id="d000.s1493.t000" lemma="seeme" pos="NOUN">seemned</instance>
         <wf lemma="(" pos="X">(</wf>
         <wf lemma="EKSS" pos="X">EKSS</wf>
         <wf lemma=")" pos="X">)</wf>
         <wf lemma="." pos="X">.</wf>
      </sentence>
      <sentence id="d000.s1494" source="wordnet-estonian">
         <wf lemma="Ta" pos="X">Ta</wf>
         <wf lemma="püüdis" pos="X">püüdis</wf>
         <wf lemma="oma" pos="X">oma</wf>
         <wf lemma="katsetusi" pos="X">katsetusi</wf>
         <instance id="d000.s1494.t000" lemma="varjama" pos="VERB">varjata</instance>
         <wf lemma="," pos="X">,</wf>
         <wf lemma="tegeles" pos="X">tegeles</wf>
         <wf lemma="nendega" pos="X">nendega</wf>
         <wf lemma="ainult" pos="X">ainult</wf>
         <wf lemma="öötundidel" pos="X">öötundidel</wf>
         <wf lemma="." pos="X">.</wf>
      </sentence>
      <sentence id="d000.s1495" source="wordnet-estonian">
         <instance id="d000.s1495.t000" lemma="loor" pos="NOUN">Loori</instance>
         <wf lemma="," pos="X">,</wf>
         <wf lemma="mida" pos="X">mida</wf>
         <wf lemma="tol" pos="X">tol</wf>
         <wf lemma="ajal" pos="X">ajal</wf>
         <wf lemma="enamasti" pos="X">enamasti</wf>
         <wf lemma="leieriks" pos="X">leieriks</wf>
         <wf lemma="nimetati" pos="X">nimetati</wf>
         <wf lemma="," pos="X">,</wf>
         <wf lemma="hakkasid" pos="X">hakkasid</wf>
         <wf lemma="moekamad" pos="X">moekamad</wf>
         <wf lemma="pruudid" pos="X">pruudid</wf>
         <wf lemma="kandma" pos="X">kandma</wf>
         <wf lemma="juba" pos="X">juba</wf>
         <wf lemma="19." pos="X">19.</wf>
         <wf lemma="sajandi" pos="X">sajandi</wf>
         <wf lemma="lõpu" pos="X">lõpu</wf>
         <wf lemma="paiku" pos="X">paiku</wf>
         <wf lemma="(" pos="X">(</wf>
         <wf lemma="Pulmad" pos="X">Pulmad</wf>
         <wf lemma=":" pos="X">:</wf>
         <wf lemma="2" pos="X">2</wf>
         <wf lemma=")" pos="X">)</wf>
         <wf lemma="." pos="X">.</wf>
      </sentence>
      <sentence id="d000.s1496" source="wordnet-estonian">
         <wf lemma="Loogikal" pos="X">Loogikal</wf>
         <wf lemma="põhinev" pos="X">põhinev</wf>
         <instance id="d000.s1496.t000" lemma="veenmine" pos="NOUN">veenmine</instance>
         <wf lemma="." pos="X">.</wf>
      </sentence>
      <sentence id="d000.s1497" source="wordnet-estonian">
         <wf lemma="Vaatas" pos="X">Vaatas</wf>
         <wf lemma="uudishimulikult" pos="X">uudishimulikult</wf>
         <wf lemma="gay-kohviku" pos="X">gay-kohviku</wf>
         <instance id="d000.s1497.t000" lemma="publik" pos="NOUN">publikut</instance>
         <wf lemma="." pos="X">.</wf>
      </sentence>
      <sentence id="d000.s1498" source="wordnet-estonian">
         <wf lemma="Midagi" pos="X">Midagi</wf>
         <wf lemma="oma" pos="X">oma</wf>
         <wf lemma="ülesandeks" pos="X">ülesandeks</wf>
         <wf lemma="," pos="X">,</wf>
         <wf lemma="kohuseks" pos="X">kohuseks</wf>
         <wf lemma="," pos="X">,</wf>
         <wf lemma="saavutuseks" pos="X">saavutuseks</wf>
         <wf lemma="," pos="X">,</wf>
         <wf lemma="teeneks" pos="X">teeneks</wf>
         <instance id="d000.s1498.t000" lemma="lugema" pos="VERB">lugema</instance>
         <wf lemma="." pos="X">.</wf>
      </sentence>
      <sentence id="d000.s1499" source="wordnet-estonian">
         <wf lemma="Elab" pos="X">Elab</wf>
         <instance id="d000.s1499.t000" lemma="erak" pos="NOUN">erakuna</instance>
         <wf lemma="metsakolkas" pos="X">metsakolkas</wf>
         <wf lemma="," pos="X">,</wf>
         <wf lemma="väikesel" pos="X">väikesel</wf>
         <wf lemma="saarel" pos="X">saarel</wf>
         <wf lemma="." pos="X">.</wf>
         <wf lemma="Ilvesed" pos="X">Ilvesed</wf>
         <wf lemma="elavad" pos="X">elavad</wf>
         <wf lemma="üldiselt" pos="X">üldiselt</wf>
         <wf lemma="erakuina" pos="X">erakuina</wf>
         <wf lemma="." pos="X">.</wf>
      </sentence>
      <sentence id="d000.s1500" source="wordnet-estonian">
         <wf lemma="Paela" pos="X">Paela</wf>
         <instance id="d000.s1500.t000" lemma="pikkus" pos="NOUN">pikkus</instance>
         <wf lemma="on" pos="X">on</wf>
         <wf lemma="50" pos="X">50</wf>
         <wf lemma="cm" pos="X">cm</wf>
         <wf lemma="." pos="X">.</wf>
         <wf lemma="Rinde" pos="X">Rinde</wf>
         <wf lemma="pikkus" pos="X">pikkus</wf>
         <wf lemma="ulatus" pos="X">ulatus</wf>
         <wf lemma="kuue" pos="X">kuue</wf>
         <wf lemma="tuhande" pos="X">tuhande</wf>
         <wf lemma="kilomeetrini" pos="X">kilomeetrini</wf>
         <wf lemma="." pos="X">.</wf>
      </sentence>
      <sentence id="d000.s1501" source="wordnet-estonian">
         <wf lemma="Käsikiri" pos="X">Käsikiri</wf>
         <wf lemma="tuli" pos="X">tuli</wf>
         <wf lemma="ümber" pos="X">ümber</wf>
         <instance id="d000.s1501.t000" lemma="tippima" pos="VERB">tippida</instance>
         <wf lemma="(" pos="X">(</wf>
         <wf lemma="EKSS" pos="X">EKSS</wf>
         <wf lemma=")" pos="X">)</wf>
         <wf lemma="." pos="X">.</wf>
      </sentence>
      <sentence id="d000.s1502" source="wordnet-estonian">
         <wf lemma="Ta" pos="X">Ta</wf>
         <wf lemma="on" pos="X">on</wf>
         <wf lemma="viis" pos="X">viis</wf>
         <wf lemma="jalga" pos="X">jalga</wf>
         <wf lemma="kümme" pos="X">kümme</wf>
         <instance id="d000.s1502.t000" lemma="toll" pos="NOUN">tolli</instance>
         <wf lemma="pikk" pos="X">pikk</wf>
         <wf lemma="(" pos="X">(</wf>
         <wf lemma="EKSS" pos="X">EKSS</wf>
         <wf lemma=")" pos="X">)</wf>
         <wf lemma="." pos="X">.</wf>
      </sentence>
      <sentence id="d000.s1503" source="wordnet-estonian">
         <wf lemma="Mitme" pos="X">Mitme</wf>
         <instance id="d000.s1503.t000" lemma="tehe" pos="NOUN">tehtega</instance>
         <wf lemma="tekstülesanne" pos="X">tekstülesanne</wf>
         <wf lemma="(" pos="X">(</wf>
         <wf lemma="EKSS" pos="X">EKSS</wf>
         <wf lemma=")" pos="X">)</wf>
         <wf lemma="." pos="X">.</wf>
      </sentence>
      <sentence id="d000.s1504" source="wordnet-estonian">
         <wf lemma="Noolena" pos="X">Noolena</wf>
         <wf lemma="sööstis" pos="X">sööstis</wf>
         <instance id="d000.s1504.t000" lemma="kotkas" pos="NOUN">kotkas</instance>
         <wf lemma="saagi" pos="X">saagi</wf>
         <wf lemma="kallale" pos="X">kallale</wf>
         <wf lemma="." pos="X">.</wf>
      </sentence>
      <sentence id="d000.s1505" source="wordnet-estonian">
         <wf lemma="Kergematel" pos="X">Kergematel</wf>
         <wf lemma="muldadel" pos="X">muldadel</wf>
         <wf lemma="kasvavad" pos="X">kasvavad</wf>
         <wf lemma="paremini" pos="X">paremini</wf>
         <wf lemma="kurk" pos="X">kurk</wf>
         <wf lemma="," pos="X">,</wf>
         <wf lemma="porgand" pos="X">porgand</wf>
         <wf lemma="," pos="X">,</wf>
         <wf lemma="pastinaak" pos="X">pastinaak</wf>
         <wf lemma="," pos="X">,</wf>
         <wf lemma="söögipeet" pos="X">söögipeet</wf>
         <wf lemma="," pos="X">,</wf>
         <wf lemma="lill-" pos="X">lill-</wf>
         <wf lemma="ja" pos="X">ja</wf>
         <wf lemma="spargelkapsas" pos="X">spargelkapsas</wf>
         <wf lemma="," pos="X">,</wf>
         <wf lemma="aeduba" pos="X">aeduba</wf>
         <wf lemma="," pos="X">,</wf>
         <instance id="d000.s1505.t000" lemma="sibul" pos="NOUN">sibul</instance>
         <wf lemma="ja" pos="X">ja</wf>
         <wf lemma="enamik" pos="X">enamik</wf>
         <wf lemma="maitsetaimi" pos="X">maitsetaimi</wf>
         <wf lemma="." pos="X">.</wf>
      </sentence>
      <sentence id="d000.s1506" source="wordnet-estonian">
         <wf lemma="Sündmustiku" pos="X">Sündmustiku</wf>
         <instance id="d000.s1506.t000" lemma="karkass" pos="NOUN">karkass</instance>
         <wf lemma="[" pos="X">[</wf>
         <wf lemma="romaanis" pos="X">romaanis</wf>
         <wf lemma="]" pos="X">]</wf>
         <wf lemma="on" pos="X">on</wf>
         <wf lemma="üles" pos="X">üles</wf>
         <wf lemma="ehitatud" pos="X">ehitatud</wf>
         <wf lemma="ajalooliste" pos="X">ajalooliste</wf>
         <wf lemma="faktide" pos="X">faktide</wf>
         <wf lemma="najal." pos="X">najal.</wf>
         <wf lemma="." pos="X">.</wf>
         <wf lemma="(" pos="X">(</wf>
         <wf lemma="Autor" pos="X">Autor</wf>
         <wf lemma=":" pos="X">:</wf>
         <wf lemma="O." pos="X">O.</wf>
         <wf lemma="Jõgi." pos="X">Jõgi.</wf>
         <wf lemma=")" pos="X">)</wf>
         <wf lemma="." pos="X">.</wf>
      </sentence>
      <sentence id="d000.s1507" source="wordnet-estonian">
         <wf lemma="Vigastuse" pos="X">Vigastuse</wf>
         <wf lemma="tõttu" pos="X">tõttu</wf>
         <instance id="d000.s1507.t000" lemma="loobuma" pos="VERB">loobus</instance>
         <wf lemma="sportlane" pos="X">sportlane</wf>
         <wf lemma="edasi" pos="X">edasi</wf>
         <wf lemma="võistlemisest" pos="X">võistlemisest</wf>
         <wf lemma="ja" pos="X">ja</wf>
         <wf lemma="katkestas" pos="X">katkestas</wf>
         <wf lemma="jooksu" pos="X">jooksu</wf>
         <wf lemma="." pos="X">.</wf>
      </sentence>
      <sentence id="d000.s1508" source="wordnet-estonian">
         <wf lemma="Ilu" pos="X">Ilu</wf>
         <wf lemma="pole" pos="X">pole</wf>
         <wf lemma="enda" pos="X">enda</wf>
         <wf lemma="teha" pos="X">teha</wf>
         <wf lemma="," pos="X">,</wf>
         <wf lemma="see" pos="X">see</wf>
         <wf lemma="on" pos="X">on</wf>
         <wf lemma="nii" pos="X">nii</wf>
         <wf lemma="," pos="X">,</wf>
         <wf lemma="kuidas" pos="X">kuidas</wf>
         <instance id="d000.s1508.t000" lemma="loodus" pos="NOUN">loodus</instance>
         <wf lemma="kellelegi" pos="X">kellelegi</wf>
         <wf lemma="on" pos="X">on</wf>
         <wf lemma="andnud" pos="X">andnud</wf>
         <wf lemma="." pos="X">.</wf>
      </sentence>
      <sentence id="d000.s1509" source="wordnet-estonian">
         <wf lemma="Eesti" pos="X">Eesti</wf>
         <instance id="d000.s1509.t000" lemma="poliitik" pos="NOUN">poliitikud</instance>
         <wf lemma="olid" pos="X">olid</wf>
         <wf lemma="kõik" pos="X">kõik</wf>
         <wf lemma="presidendi" pos="X">presidendi</wf>
         <wf lemma="vastuvõtul" pos="X">vastuvõtul</wf>
         <wf lemma="." pos="X">.</wf>
      </sentence>
      <sentence id="d000.s1510" source="wordnet-estonian">
         <wf lemma="Käekell" pos="X">Käekell</wf>
         <instance id="d000.s1510.t000" lemma="näitama" pos="VERB">näitas</instance>
         <wf lemma="teist" pos="X">teist</wf>
         <wf lemma="aega" pos="X">aega</wf>
         <wf lemma="kui" pos="X">kui</wf>
         <wf lemma="seinakell" pos="X">seinakell</wf>
         <wf lemma="." pos="X">.</wf>
      </sentence>
      <sentence id="d000.s1511" source="wordnet-estonian">
         <wf lemma="Meeste" pos="X">Meeste</wf>
         <wf lemma="tähelepanu" pos="X">tähelepanu</wf>
         <wf lemma="kõditas" pos="X">kõditas</wf>
         <wf lemma="ta" pos="X">ta</wf>
         <wf lemma="naiselikku" pos="X">naiselikku</wf>
         <instance id="d000.s1511.t000" lemma="edevus" pos="NOUN">edevust</instance>
         <wf lemma="." pos="X">.</wf>
      </sentence>
      <sentence id="d000.s1512" source="wordnet-estonian">
         <wf lemma="Pakkumisele" pos="X">Pakkumisele</wf>
         <wf lemma="järgnes" pos="X">järgnes</wf>
         <wf lemma="kaks" pos="X">kaks</wf>
         <instance id="d000.s1512.t000" lemma="pass" pos="NOUN">passi</instance>
         <wf lemma="." pos="X">.</wf>
         <wf lemma="(" pos="X">(</wf>
         <wf lemma="EKSS" pos="X">EKSS</wf>
         <wf lemma=")" pos="X">)</wf>
         <wf lemma="." pos="X">.</wf>
      </sentence>
      <sentence id="d000.s1513" source="wordnet-estonian">
         <wf lemma="Ta" pos="X">Ta</wf>
         <wf lemma="teadvusse" pos="X">teadvusse</wf>
         <wf lemma="on" pos="X">on</wf>
         <wf lemma="tunginud" pos="X">tunginud</wf>
         <wf lemma="feminismi" pos="X">feminismi</wf>
         <instance id="d000.s1513.t000" lemma="propaganda" pos="NOUN">propaganda</instance>
         <wf lemma="." pos="X">.</wf>
      </sentence>
      <sentence id="d000.s1514" source="wordnet-estonian">
         <instance id="d000.s1514.t000" lemma="barüüt" pos="NOUN">Barüüdist</instance>
         <wf lemma="pressitud" pos="X">pressitud</wf>
         <wf lemma="pulber" pos="X">pulber</wf>
         <wf lemma="." pos="X">.</wf>
      </sentence>
      <sentence id="d000.s1515" source="wordnet-estonian">
         <wf lemma="Aristokraatlik" pos="X">Aristokraatlik</wf>
         <instance id="d000.s1515.t000" lemma="peenus" pos="NOUN">peenus</instance>
         <wf lemma="kommetes" pos="X">kommetes</wf>
         <wf lemma="ja" pos="X">ja</wf>
         <wf lemma="käitumises" pos="X">käitumises</wf>
         <wf lemma="." pos="X">.</wf>
      </sentence>
      <sentence id="d000.s1516" source="wordnet-estonian">
         <wf lemma="Toal" pos="X">Toal</wf>
         <wf lemma="hoopis" pos="X">hoopis</wf>
         <wf lemma="teine" pos="X">teine</wf>
         <instance id="d000.s1516.t000" lemma="nägu" pos="NOUN">nägu</instance>
         <wf lemma="," pos="X">,</wf>
         <wf lemma="kui" pos="X">kui</wf>
         <wf lemma="kardinad" pos="X">kardinad</wf>
         <wf lemma="on" pos="X">on</wf>
         <wf lemma="ees" pos="X">ees</wf>
         <wf lemma="." pos="X">.</wf>
         <wf lemma="Neil" pos="X">Neil</wf>
         <wf lemma="kingadel" pos="X">kingadel</wf>
         <wf lemma="ei" pos="X">ei</wf>
         <wf lemma="ole" pos="X">ole</wf>
         <wf lemma="nägu" pos="X">nägu</wf>
         <wf lemma="ega" pos="X">ega</wf>
         <wf lemma="tegu" pos="X">tegu</wf>
         <wf lemma="." pos="X">.</wf>
      </sentence>
      <sentence id="d000.s1517" source="wordnet-estonian">
         <wf lemma="Turistid" pos="X">Turistid</wf>
         <instance id="d000.s1517.t000" lemma="seisma" pos="VERB">seisavad</instance>
         <wf lemma="kohviku" pos="X">kohviku</wf>
         <wf lemma="järjekorras" pos="X">järjekorras</wf>
         <wf lemma="." pos="X">.</wf>
      </sentence>
      <sentence id="d000.s1518" source="wordnet-estonian">
         <wf lemma="Iru" pos="X">Iru</wf>
         <wf lemma="muistne" pos="X">muistne</wf>
         <wf lemma="kindlustatud" pos="X">kindlustatud</wf>
         <instance id="d000.s1518.t000" lemma="asula" pos="NOUN">asula</instance>
         <wf lemma="." pos="X">.</wf>
      </sentence>
      <sentence id="d000.s1519" source="wordnet-estonian">
         <wf lemma="Tartu" pos="X">Tartu</wf>
         <wf lemma="on" pos="X">on</wf>
         <wf lemma="teaduse" pos="X">teaduse</wf>
         <wf lemma="ja" pos="X">ja</wf>
         <wf lemma="hariduse" pos="X">hariduse</wf>
         <instance id="d000.s1519.t000" lemma="linn" pos="NOUN">linn</instance>
         <wf lemma="." pos="X">.</wf>
      </sentence>
      <sentence id="d000.s1520" source="wordnet-estonian">
         <instance id="d000.s1520.t000" lemma="maitsmine" pos="NOUN">Maitsmine</instance>
         <wf lemma="on" pos="X">on</wf>
         <wf lemma="imikul" pos="X">imikul</wf>
         <wf lemma="rohkem" pos="X">rohkem</wf>
         <wf lemma="arenenud" pos="X">arenenud</wf>
         <wf lemma="kui" pos="X">kui</wf>
         <wf lemma="haistmine" pos="X">haistmine</wf>
         <wf lemma="." pos="X">.</wf>
      </sentence>
      <sentence id="d000.s1521" source="wordnet-estonian">
         <wf lemma="Normaalne" pos="X">Normaalne</wf>
         <wf lemma="," pos="X">,</wf>
         <wf lemma="emakaväline" pos="X">emakaväline</wf>
         <instance id="d000.s1521.t000" lemma="rasedus" pos="NOUN">rasedus</instance>
         <wf lemma="(" pos="X">(</wf>
         <wf lemma="EKSS" pos="X">EKSS</wf>
         <wf lemma=")" pos="X">)</wf>
         <wf lemma="." pos="X">.</wf>
      </sentence>
      <sentence id="d000.s1522" source="wordnet-estonian">
         <wf lemma="Langesime" pos="X">Langesime</wf>
         <wf lemma="pettuse" pos="X">pettuse</wf>
         <instance id="d000.s1522.t000" lemma="ohver" pos="NOUN">ohvriks</instance>
         <wf lemma="." pos="X">.</wf>
      </sentence>
      <sentence id="d000.s1523" source="wordnet-estonian">
         <wf lemma="Meelisel" pos="X">Meelisel</wf>
         <wf lemma="on" pos="X">on</wf>
         <wf lemma="kaks" pos="X">kaks</wf>
         <wf lemma="vanemat" pos="X">vanemat</wf>
         <instance id="d000.s1523.t000" lemma="õde" pos="NOUN">õde</instance>
         <wf lemma="." pos="X">.</wf>
      </sentence>
      <sentence id="d000.s1524" source="wordnet-estonian">
         <wf lemma="Temperatuuri" pos="X">Temperatuuri</wf>
         <instance id="d000.s1524.t000" lemma="ekstreemum" pos="NOUN">ekstreemumid</instance>
         <wf lemma="." pos="X">.</wf>
         <wf lemma="(" pos="X">(</wf>
         <wf lemma="EKSS" pos="X">EKSS</wf>
         <wf lemma=")" pos="X">)</wf>
         <wf lemma="." pos="X">.</wf>
      </sentence>
      <sentence id="d000.s1525" source="wordnet-estonian">
         <wf lemma="Ärplejate" pos="X">Ärplejate</wf>
         <wf lemma="ümber" pos="X">ümber</wf>
         <wf lemma="oli" pos="X">oli</wf>
         <wf lemma="kogunenud" pos="X">kogunenud</wf>
         <wf lemma="uudishimulike" pos="X">uudishimulike</wf>
         <instance id="d000.s1525.t000" lemma="hulk" pos="NOUN">hulk</instance>
         <wf lemma="." pos="X">.</wf>
      </sentence>
      <sentence id="d000.s1526" source="wordnet-estonian">
         <wf lemma="Tunneb" pos="X">Tunneb</wf>
         <wf lemma="," pos="X">,</wf>
         <wf lemma="et" pos="X">et</wf>
         <wf lemma="lõpp" pos="X">lõpp</wf>
         <wf lemma="," pos="X">,</wf>
         <wf lemma="surm" pos="X">surm</wf>
         <wf lemma="on" pos="X">on</wf>
         <instance id="d000.s1526.t000" lemma="lähedal" pos="ADV">lähedal</instance>
         <wf lemma="." pos="X">.</wf>
         <wf lemma="(" pos="X">(</wf>
         <wf lemma="EKSS" pos="X">EKSS</wf>
         <wf lemma=")" pos="X">)</wf>
         <wf lemma="." pos="X">.</wf>
      </sentence>
      <sentence id="d000.s1527" source="wordnet-estonian">
         <wf lemma="Ja" pos="X">Ja</wf>
         <wf lemma=".." pos="X">..</wf>
         <wf lemma="huugas" pos="X">huugas</wf>
         <wf lemma="karusselli" pos="X">karusselli</wf>
         <wf lemma="leierkast" pos="X">leierkast</wf>
         <wf lemma="ning" pos="X">ning</wf>
         <wf lemma="lällutas" pos="X">lällutas</wf>
         <instance id="d000.s1527.t000" lemma="narr" pos="NOUN">narr</instance>
         <wf lemma="palagani" pos="X">palagani</wf>
         <wf lemma="trepil" pos="X">trepil</wf>
         <wf lemma="." pos="X">.</wf>
         <wf lemma="(" pos="X">(</wf>
         <wf lemma="Autor" pos="X">Autor</wf>
         <wf lemma=":" pos="X">:</wf>
         <wf lemma="F." pos="X">F.</wf>
         <wf lemma="Tuglas" pos="X">Tuglas</wf>
         <wf lemma="." pos="X">.</wf>
         <wf lemma=")" pos="X">)</wf>
         <wf lemma="." pos="X">.</wf>
      </sentence>
      <sentence id="d000.s1528" source="wordnet-estonian">
         <wf lemma="Noor" pos="X">Noor</wf>
         <wf lemma="," pos="X">,</wf>
         <wf lemma="algaja" pos="X">algaja</wf>
         <instance id="d000.s1528.t000" lemma="poksija" pos="NOUN">poksija</instance>
         <wf lemma="." pos="X">.</wf>
         <wf lemma="Poksija" pos="X">Poksija</wf>
         <wf lemma="kaotas" pos="X">kaotas</wf>
         <wf lemma="nokaudiga" pos="X">nokaudiga</wf>
         <wf lemma="." pos="X">.</wf>
         <wf lemma="Tal" pos="X">Tal</wf>
         <wf lemma="on" pos="X">on</wf>
         <wf lemma="poksija" pos="X">poksija</wf>
         <wf lemma="rusikad" pos="X">rusikad</wf>
         <wf lemma="." pos="X">.</wf>
         <wf lemma="*" pos="X">*</wf>
         <wf lemma="Sest" pos="X">Sest</wf>
         <wf lemma="kuna" pos="X">kuna</wf>
         <wf lemma="Vanderman" pos="X">Vanderman</wf>
         <wf lemma="oli" pos="X">oli</wf>
         <wf lemma="ainult" pos="X">ainult</wf>
         <wf lemma="löömamees" pos="X">löömamees</wf>
         <wf lemma="," pos="X">,</wf>
         <wf lemma="oli" pos="X">oli</wf>
         <wf lemma="Poordiuss-Kaljukotkas" pos="X">Poordiuss-Kaljukotkas</wf>
         <wf lemma="poksija" pos="X">poksija</wf>
         <wf lemma="." pos="X">.</wf>
         <wf lemma="(" pos="X">(</wf>
         <wf lemma="Autor" pos="X">Autor</wf>
         <wf lemma=":" pos="X">:</wf>
         <wf lemma="A." pos="X">A.</wf>
         <wf lemma="Kork." pos="X">Kork.</wf>
         <wf lemma=")" pos="X">)</wf>
         <wf lemma="." pos="X">.</wf>
      </sentence>
      <sentence id="d000.s1529" source="wordnet-estonian">
         <instance id="d000.s1529.t000" lemma="sektant" pos="NOUN">Sektantide</instance>
         <wf lemma="palvemaja" pos="X">palvemaja</wf>
         <wf lemma="." pos="X">.</wf>
      </sentence>
      <sentence id="d000.s1530" source="wordnet-estonian">
         <wf lemma="Sõjavägi" pos="X">Sõjavägi</wf>
         <wf lemma="andis" pos="X">andis</wf>
         <wf lemma="purustava" pos="X">purustava</wf>
         <wf lemma="löögi" pos="X">löögi</wf>
         <wf lemma="." pos="X">.</wf>
         <wf lemma="Meie" pos="X">Meie</wf>
         <wf lemma="jalgpallurid" pos="X">jalgpallurid</wf>
         <instance id="d000.s1530.t000" lemma="purustama" pos="VERB">purustasid</instance>
         <wf lemma="soomlaste" pos="X">soomlaste</wf>
         <wf lemma="vastupanu" pos="X">vastupanu</wf>
         <wf lemma="." pos="X">.</wf>
      </sentence>
      <sentence id="d000.s1531" source="wordnet-estonian">
         <wf lemma="Elu" pos="X">Elu</wf>
         <instance id="d000.s1531.t000" lemma="olemus" pos="NOUN">olemus</instance>
         <wf lemma="(" pos="X">(</wf>
         <wf lemma="EKSS" pos="X">EKSS</wf>
         <wf lemma=")" pos="X">)</wf>
         <wf lemma="." pos="X">.</wf>
      </sentence>
      <sentence id="d000.s1532" source="wordnet-estonian">
         <wf lemma="Messingist" pos="X">Messingist</wf>
         <wf lemma="," pos="X">,</wf>
         <wf lemma="vasest" pos="X">vasest</wf>
         <instance id="d000.s1532.t000" lemma="samovar" pos="NOUN">samovar</instance>
         <wf lemma="." pos="X">.</wf>
         <wf lemma="Kuulsad" pos="X">Kuulsad</wf>
         <wf lemma="Tuula" pos="X">Tuula</wf>
         <wf lemma="samovarid" pos="X">samovarid</wf>
         <wf lemma="." pos="X">.</wf>
         <wf lemma="Ajas" pos="X">Ajas</wf>
         <wf lemma="samovari" pos="X">samovari</wf>
         <wf lemma="keema" pos="X">keema</wf>
         <wf lemma="." pos="X">.</wf>
      </sentence>
      <sentence id="d000.s1533" source="wordnet-estonian">
         <wf lemma="Jalutasime" pos="X">Jalutasime</wf>
         <wf lemma="piki" pos="X">piki</wf>
         <instance id="d000.s1533.t000" lemma="rand" pos="NOUN">randa</instance>
         <wf lemma="." pos="X">.</wf>
         <wf lemma="Ärge" pos="X">Ärge</wf>
         <wf lemma="rannast" pos="X">rannast</wf>
         <wf lemma="kaugele" pos="X">kaugele</wf>
         <wf lemma="ujuge" pos="X">ujuge</wf>
         <wf lemma="!" pos="X">!</wf>
      </sentence>
      <sentence id="d000.s1534" source="wordnet-estonian">
         <wf lemma="Olime" pos="X">Olime</wf>
         <wf lemma="näljast" pos="X">näljast</wf>
         <wf lemma="ja" pos="X">ja</wf>
         <instance id="d000.s1534.t000" lemma="janu" pos="NOUN">janust</instance>
         <wf lemma="kurnatud" pos="X">kurnatud</wf>
         <wf lemma="," pos="X">,</wf>
         <wf lemma="nõrkemas" pos="X">nõrkemas</wf>
         <wf lemma="(" pos="X">(</wf>
         <wf lemma="EKSS" pos="X">EKSS</wf>
         <wf lemma=")" pos="X">)</wf>
         <wf lemma="." pos="X">.</wf>
      </sentence>
      <sentence id="d000.s1535" source="wordnet-estonian">
         <wf lemma="Hommik" pos="X">Hommik</wf>
         <wf lemma="on" pos="X">on</wf>
         <instance id="d000.s1535.t000" lemma="saabuma" pos="VERB">saabunud</instance>
         <wf lemma="." pos="X">.</wf>
         <wf lemma="Saabus" pos="X">Saabus</wf>
         <wf lemma="kaua" pos="X">kaua</wf>
         <wf lemma="oodatud" pos="X">oodatud</wf>
         <wf lemma="esimene" pos="X">esimene</wf>
         <wf lemma="koolipäev" pos="X">koolipäev</wf>
         <wf lemma="." pos="X">.</wf>
      </sentence>
      <sentence id="d000.s1536" source="wordnet-estonian">
         <wf lemma="Varem" pos="X">Varem</wf>
         <wf lemma="ei" pos="X">ei</wf>
         <wf lemma="teadnud" pos="X">teadnud</wf>
         <wf lemma="," pos="X">,</wf>
         <instance id="d000.s1536.t000" lemma="nüüd" pos="ADV">nüüd</instance>
         <wf lemma="teame" pos="X">teame</wf>
         <wf lemma="." pos="X">.</wf>
      </sentence>
      <sentence id="d000.s1537" source="wordnet-estonian">
         <wf lemma="Hästi" pos="X">Hästi</wf>
         <instance id="d000.s1537.t000" lemma="põnev" pos="ADJ">põnev</instance>
         <wf lemma="tegevus" pos="X">tegevus</wf>
         <wf lemma="." pos="X">.</wf>
         <wf lemma="Jutt" pos="X">Jutt</wf>
         <wf lemma="on" pos="X">on</wf>
         <wf lemma="nii" pos="X">nii</wf>
         <wf lemma="põnev" pos="X">põnev</wf>
         <wf lemma="," pos="X">,</wf>
         <wf lemma="et" pos="X">et</wf>
         <wf lemma="raamatut" pos="X">raamatut</wf>
         <wf lemma="ei" pos="X">ei</wf>
         <wf lemma="saa" pos="X">saa</wf>
         <wf lemma="käest" pos="X">käest</wf>
         <wf lemma="panna" pos="X">panna</wf>
         <wf lemma="." pos="X">.</wf>
         <wf lemma="Unistas" pos="X">Unistas</wf>
         <wf lemma="juba" pos="X">juba</wf>
         <wf lemma="lapsena" pos="X">lapsena</wf>
         <wf lemma="põnevatest" pos="X">põnevatest</wf>
         <wf lemma="reisidest" pos="X">reisidest</wf>
         <wf lemma="." pos="X">.</wf>
      </sentence>
      <sentence id="d000.s1538" source="wordnet-estonian">
         <wf lemma="Isa" pos="X">Isa</wf>
         <instance id="d000.s1538.t000" lemma="nimi" pos="NOUN">nimi</instance>
         <wf lemma="oli" pos="X">oli</wf>
         <wf lemma="vene" pos="X">vene</wf>
         <wf lemma="apostliku" pos="X">apostliku</wf>
         <wf lemma="õigeusu" pos="X">õigeusu</wf>
         <wf lemma="päraselt" pos="X">päraselt</wf>
         <wf lemma="Timofei" pos="X">Timofei</wf>
         <wf lemma="." pos="X">.</wf>
      </sentence>
      <sentence id="d000.s1539" source="wordnet-estonian">
         <wf lemma="Kisklevad" pos="X">Kisklevad</wf>
         <wf lemma="kassid" pos="X">kassid</wf>
         <instance id="d000.s1539.t000" lemma="kräunuma" pos="VERB">kräunusid</instance>
         <wf lemma="(" pos="X">(</wf>
         <wf lemma="EKSS" pos="X">EKSS</wf>
         <wf lemma=")" pos="X">)</wf>
         <wf lemma="." pos="X">.</wf>
      </sentence>
      <sentence id="d000.s1540" source="wordnet-estonian">
         <instance id="d000.s1540.t000" lemma="elama" pos="VERB">Elan</instance>
         <wf lemma="ilusasti" pos="X">ilusasti</wf>
         <wf lemma="," pos="X">,</wf>
         <wf lemma="hästi" pos="X">hästi</wf>
         <wf lemma="," pos="X">,</wf>
         <wf lemma="õnnelikult" pos="X">õnnelikult</wf>
         <wf lemma="," pos="X">,</wf>
         <wf lemma="muretult" pos="X">muretult</wf>
         <wf lemma="," pos="X">,</wf>
         <wf lemma="lahedalt" pos="X">lahedalt</wf>
         <wf lemma="," pos="X">,</wf>
         <wf lemma="tagasihoidlikult" pos="X">tagasihoidlikult</wf>
         <wf lemma="," pos="X">,</wf>
         <wf lemma="vaeselt" pos="X">vaeselt</wf>
         <wf lemma="," pos="X">,</wf>
         <wf lemma="halvasti" pos="X">halvasti</wf>
         <wf lemma="." pos="X">.</wf>
      </sentence>
      <sentence id="d000.s1541" source="wordnet-estonian">
         <wf lemma="Peenrad" pos="X">Peenrad</wf>
         <wf lemma="," pos="X">,</wf>
         <wf lemma="vaod" pos="X">vaod</wf>
         <wf lemma="on" pos="X">on</wf>
         <instance id="d000.s1541.t000" lemma="orashein" pos="NOUN">orasheina</instance>
         <wf lemma="täis" pos="X">täis</wf>
         <wf lemma="." pos="X">.</wf>
      </sentence>
      <sentence id="d000.s1542" source="wordnet-estonian">
         <wf lemma="Oli" pos="X">Oli</wf>
         <wf lemma="kuulda" pos="X">kuulda</wf>
         <wf lemma="laia" pos="X">laia</wf>
         <wf lemma="venekeelset" pos="X">venekeelset</wf>
         <instance id="d000.s1542.t000" lemma="kõne" pos="NOUN">kõnet</instance>
         <wf lemma="." pos="X">.</wf>
      </sentence>
      <sentence id="d000.s1543" source="wordnet-estonian">
         <wf lemma="Osasihitis" pos="X">Osasihitis</wf>
         <wf lemma="väljendab" pos="X">väljendab</wf>
         <wf lemma="tegevuse" pos="X">tegevuse</wf>
         <instance id="d000.s1543.t000" lemma="lõpetamatus" pos="NOUN">lõpetamatust</instance>
         <wf lemma="." pos="X">.</wf>
         <wf lemma="Romaan" pos="X">Romaan</wf>
         <wf lemma="tekitab" pos="X">tekitab</wf>
         <wf lemma="lõpetamatuse" pos="X">lõpetamatuse</wf>
         <wf lemma="ja" pos="X">ja</wf>
         <wf lemma="poolikuse" pos="X">poolikuse</wf>
         <wf lemma="tunde" pos="X">tunde</wf>
         <wf lemma="." pos="X">.</wf>
      </sentence>
      <sentence id="d000.s1544" source="wordnet-estonian">
         <wf lemma="Ta" pos="X">Ta</wf>
         <wf lemma="käitus" pos="X">käitus</wf>
         <wf lemma="alati" pos="X">alati</wf>
         <instance id="d000.s1544.t000" lemma="lapsikult" pos="ADV">lapsikult</instance>
         <wf lemma="." pos="X">.</wf>
      </sentence>
      <sentence id="d000.s1545" source="wordnet-estonian">
         <wf lemma="Naiste" pos="X">Naiste</wf>
         <wf lemma="," pos="X">,</wf>
         <wf lemma="meeste" pos="X">meeste</wf>
         <wf lemma="," pos="X">,</wf>
         <wf lemma="lokitud" pos="X">lokitud</wf>
         <instance id="d000.s1545.t000" lemma="parukas" pos="NOUN">parukas</instance>
         <wf lemma="." pos="X">.</wf>
         <wf lemma="Kannab" pos="X">Kannab</wf>
         <wf lemma="oma" pos="X">oma</wf>
         <wf lemma="juustest" pos="X">juustest</wf>
         <wf lemma="tehtud" pos="X">tehtud</wf>
         <wf lemma="parukat" pos="X">parukat</wf>
         <wf lemma="." pos="X">.</wf>
         <wf lemma="Näitlejat" pos="X">Näitlejat</wf>
         <wf lemma="pildistati" pos="X">pildistati</wf>
         <wf lemma="grimeeritult" pos="X">grimeeritult</wf>
         <wf lemma="ja" pos="X">ja</wf>
         <wf lemma="parukas" pos="X">parukas</wf>
         <wf lemma="." pos="X">.</wf>
         <wf lemma="Parukat" pos="X">Parukat</wf>
         <wf lemma="kammima" pos="X">kammima</wf>
         <wf lemma="," pos="X">,</wf>
         <wf lemma="värvima" pos="X">värvima</wf>
         <wf lemma="," pos="X">,</wf>
         <wf lemma="parandama" pos="X">parandama</wf>
         <wf lemma="." pos="X">.</wf>
         <wf lemma="Proovib" pos="X">Proovib</wf>
         <wf lemma="parukat" pos="X">parukat</wf>
         <wf lemma="," pos="X">,</wf>
         <wf lemma="paneb" pos="X">paneb</wf>
         <wf lemma="paruka" pos="X">paruka</wf>
         <wf lemma="pähe" pos="X">pähe</wf>
         <wf lemma="." pos="X">.</wf>
         <wf lemma="Parukas" pos="X">Parukas</wf>
         <wf lemma="ei" pos="X">ei</wf>
         <wf lemma="püsinud" pos="X">püsinud</wf>
         <wf lemma="hästi" pos="X">hästi</wf>
         <wf lemma="peas" pos="X">peas</wf>
         <wf lemma="." pos="X">.</wf>
         <wf lemma="Paruka" pos="X">Paruka</wf>
         <wf lemma="alt" pos="X">alt</wf>
         <wf lemma="tuli" pos="X">tuli</wf>
         <wf lemma="nähtavale" pos="X">nähtavale</wf>
         <wf lemma="kiilaspea" pos="X">kiilaspea</wf>
         <wf lemma="." pos="X">.</wf>
      </sentence>
      <sentence id="d000.s1546" source="wordnet-estonian">
         <wf lemma="Kokaraamatu" pos="X">Kokaraamatu</wf>
         <instance id="d000.s1546.t000" lemma="retsept" pos="NOUN">retseptid</instance>
         <wf lemma="." pos="X">.</wf>
         <wf lemma="Kirjutasin" pos="X">Kirjutasin</wf>
         <wf lemma="retsepti" pos="X">retsepti</wf>
         <wf lemma="üles" pos="X">üles</wf>
         <wf lemma="ning" pos="X">ning</wf>
         <wf lemma="tegin" pos="X">tegin</wf>
         <wf lemma="kodus" pos="X">kodus</wf>
         <wf lemma="samasuguseid" pos="X">samasuguseid</wf>
         <wf lemma="küpsiseid" pos="X">küpsiseid</wf>
         <wf lemma="." pos="X">.</wf>
         <wf lemma="Likööri" pos="X">Likööri</wf>
         <wf lemma="&quot;" pos="X">&quot;</wf>
         <wf lemma="Vana" pos="X">Vana</wf>
         <wf lemma="Tallinn^" pos="X">Tallinn^</wf>
         <wf lemma="&quot;" pos="X">&quot;</wf>
         <wf lemma="retsept" pos="X">retsept</wf>
         <wf lemma="." pos="X">.</wf>
         <wf lemma="Suusamäärde" pos="X">Suusamäärde</wf>
         <wf lemma="retsept" pos="X">retsept</wf>
         <wf lemma="." pos="X">.</wf>
         <wf lemma="Laboris" pos="X">Laboris</wf>
         <wf lemma="koostati" pos="X">koostati</wf>
         <wf lemma="retsepte" pos="X">retsepte</wf>
         <wf lemma="värviliste" pos="X">värviliste</wf>
         <wf lemma="klaaside" pos="X">klaaside</wf>
         <wf lemma="valmistamiseks" pos="X">valmistamiseks</wf>
         <wf lemma="." pos="X">.</wf>
      </sentence>
      <sentence id="d000.s1547" source="wordnet-estonian">
         <wf lemma="Tegelikkus" pos="X">Tegelikkus</wf>
         <wf lemma="tõi" pos="X">tõi</wf>
         <wf lemma="mind" pos="X">mind</wf>
         <wf lemma="kiiresti" pos="X">kiiresti</wf>
         <instance id="d000.s1547.t000" lemma="maa" pos="NOUN">maa</instance>
         <wf lemma="peale" pos="X">peale</wf>
         <wf lemma="tagasi" pos="X">tagasi</wf>
         <wf lemma="." pos="X">.</wf>
      </sentence>
      <sentence id="d000.s1548" source="wordnet-estonian">
         <instance id="d000.s1548.t000" lemma="indialane" pos="NOUN">Indialased</instance>
         <wf lemma="ehk" pos="X">ehk</wf>
         <wf lemma="India" pos="X">India</wf>
         <wf lemma="elanikud" pos="X">elanikud</wf>
         <wf lemma="kuuluvad" pos="X">kuuluvad</wf>
         <wf lemma="sadadesse" pos="X">sadadesse</wf>
         <wf lemma="erinevatesse" pos="X">erinevatesse</wf>
         <wf lemma="etnilistesse" pos="X">etnilistesse</wf>
         <wf lemma="gruppidesse" pos="X">gruppidesse</wf>
         <wf lemma="." pos="X">.</wf>
      </sentence>
      <sentence id="d000.s1549" source="wordnet-estonian">
         <wf lemma="Tegelik" pos="X">Tegelik</wf>
         <wf lemma="elu" pos="X">elu</wf>
         <wf lemma="purustas" pos="X">purustas</wf>
         <wf lemma="nooruki" pos="X">nooruki</wf>
         <instance id="d000.s1549.t000" lemma="illusioon" pos="NOUN">illusioonid</instance>
         <wf lemma="." pos="X">.</wf>
      </sentence>
      <sentence id="d000.s1550" source="wordnet-estonian">
         <wf lemma="Noore" pos="X">Noore</wf>
         <wf lemma="inimese" pos="X">inimese</wf>
         <instance id="d000.s1550.t000" lemma="soov" pos="NOUN">soov</instance>
         <wf lemma="on" pos="X">on</wf>
         <wf lemma="olla" pos="X">olla</wf>
         <wf lemma="siiras" pos="X">siiras</wf>
         <wf lemma="." pos="X">.</wf>
      </sentence>
      <sentence id="d000.s1551" source="wordnet-estonian">
         <wf lemma="Hülgeid" pos="X">Hülgeid</wf>
         <wf lemma="püüdma" pos="X">püüdma</wf>
         <wf lemma="." pos="X">.</wf>
         <wf lemma="Puristab" pos="X">Puristab</wf>
         <wf lemma="kui" pos="X">kui</wf>
         <instance id="d000.s1551.t000" lemma="hüljes" pos="NOUN">hüljes</instance>
         <wf lemma="." pos="X">.</wf>
      </sentence>
      <sentence id="d000.s1552" source="wordnet-estonian">
         <wf lemma="Kübar" pos="X">Kübar</wf>
         <instance id="d000.s1552.t000" lemma="varjama" pos="VERB">varjab</instance>
         <wf lemma="silmade" pos="X">silmade</wf>
         <wf lemma="eest" pos="X">eest</wf>
         <wf lemma="päikest" pos="X">päikest</wf>
         <wf lemma="(" pos="X">(</wf>
         <wf lemma="EKSS" pos="X">EKSS</wf>
         <wf lemma=")" pos="X">)</wf>
         <wf lemma="." pos="X">.</wf>
         <wf lemma="Ta" pos="X">Ta</wf>
         <wf lemma="varjas" pos="X">varjas</wf>
         <wf lemma="poissi" pos="X">poissi</wf>
         <wf lemma="oma" pos="X">oma</wf>
         <wf lemma="kehaga" pos="X">kehaga</wf>
         <wf lemma="." pos="X">.</wf>
      </sentence>
      <sentence id="d000.s1553" source="wordnet-estonian">
         <wf lemma="Sahara" pos="X">Sahara</wf>
         <wf lemma="," pos="X">,</wf>
         <wf lemma="Gobi" pos="X">Gobi</wf>
         <instance id="d000.s1553.t000" lemma="kõrb" pos="NOUN">kõrb</instance>
         <wf lemma="." pos="X">.</wf>
         <wf lemma="Elutu" pos="X">Elutu</wf>
         <wf lemma="," pos="X">,</wf>
         <wf lemma="viljatu" pos="X">viljatu</wf>
         <wf lemma="kõrb" pos="X">kõrb</wf>
         <wf lemma="." pos="X">.</wf>
         <wf lemma="Kõrbete" pos="X">Kõrbete</wf>
         <wf lemma="liivalagendikud" pos="X">liivalagendikud</wf>
         <wf lemma="." pos="X">.</wf>
         <wf lemma="Üksik" pos="X">Üksik</wf>
         <wf lemma="oaas" pos="X">oaas</wf>
         <wf lemma="kõrbes" pos="X">kõrbes</wf>
         <wf lemma="." pos="X">.</wf>
         <wf lemma="Kaamelikaravan" pos="X">Kaamelikaravan</wf>
         <wf lemma="liigub" pos="X">liigub</wf>
         <wf lemma="läbi" pos="X">läbi</wf>
         <wf lemma="kõrbe" pos="X">kõrbe</wf>
         <wf lemma="." pos="X">.</wf>
      </sentence>
      <sentence id="d000.s1554" source="wordnet-estonian">
         <wf lemma="Väga" pos="X">Väga</wf>
         <wf lemma="raske" pos="X">raske</wf>
         <wf lemma="on" pos="X">on</wf>
         <wf lemma="leida" pos="X">leida</wf>
         <wf lemma="endale" pos="X">endale</wf>
         <wf lemma="sobivat" pos="X">sobivat</wf>
         <instance id="d000.s1554.t000" lemma="lauvärv" pos="NOUN">lauvärvi</instance>
         <wf lemma="." pos="X">.</wf>
      </sentence>
      <sentence id="d000.s1555" source="wordnet-estonian">
         <wf lemma="Sügavas" pos="X">Sügavas</wf>
         <wf lemma="hingesopis" pos="X">hingesopis</wf>
         <instance id="d000.s1555.t000" lemma="seostama" pos="VERB">seostas</instance>
         <wf lemma="ta" pos="X">ta</wf>
         <wf lemma="neid" pos="X">neid</wf>
         <wf lemma="süngete" pos="X">süngete</wf>
         <wf lemma="mälestustega" pos="X">mälestustega</wf>
         <wf lemma="." pos="X">.</wf>
      </sentence>
      <sentence id="d000.s1556" source="wordnet-estonian">
         <instance id="d000.s1556.t000" lemma="närvilisus" pos="NOUN">Närvilisus</instance>
         <wf lemma="on" pos="X">on</wf>
         <wf lemma="tema" pos="X">tema</wf>
         <wf lemma="peamine" pos="X">peamine</wf>
         <wf lemma="iseloomu" pos="X">iseloomu</wf>
         <wf lemma="omadus" pos="X">omadus</wf>
         <wf lemma="." pos="X">.</wf>
      </sentence>
      <sentence id="d000.s1557" source="wordnet-estonian">
         <instance id="d000.s1557.t000" lemma="kool" pos="NOUN">Kooli</instance>
         <wf lemma="trepp" pos="X">trepp</wf>
         <wf lemma="." pos="X">.</wf>
      </sentence>
      <sentence id="d000.s1558" source="wordnet-estonian">
         <wf lemma="Kauged" pos="X">Kauged</wf>
         <wf lemma="mered" pos="X">mered</wf>
         <wf lemma="ja" pos="X">ja</wf>
         <wf lemma="maad" pos="X">maad</wf>
         <instance id="d000.s1558.t000" lemma="tõmbama" pos="VERB">tõmbasid</instance>
         <wf lemma="teda" pos="X">teda</wf>
         <wf lemma="juba" pos="X">juba</wf>
         <wf lemma="lapsepõlves" pos="X">lapsepõlves</wf>
         <wf lemma="." pos="X">.</wf>
         <wf lemma="(" pos="X">(</wf>
         <wf lemma="EKSS" pos="X">EKSS</wf>
         <wf lemma=")" pos="X">)</wf>
         <wf lemma="." pos="X">.</wf>
      </sentence>
      <sentence id="d000.s1559" source="wordnet-estonian">
         <wf lemma="Värvitoonide" pos="X">Värvitoonide</wf>
         <instance id="d000.s1559.t000" lemma="valik" pos="NOUN">valik</instance>
         <wf lemma="polnud" pos="X">polnud</wf>
         <wf lemma="eriti" pos="X">eriti</wf>
         <wf lemma="õnnestunud" pos="X">õnnestunud</wf>
         <wf lemma="." pos="X">.</wf>
      </sentence>
      <sentence id="d000.s1560" source="wordnet-estonian">
         <wf lemma="Kaupade" pos="X">Kaupade</wf>
         <wf lemma="," pos="X">,</wf>
         <wf lemma="teenuste" pos="X">teenuste</wf>
         <wf lemma="," pos="X">,</wf>
         <wf lemma="üüri" pos="X">üüri</wf>
         <instance id="d000.s1560.t000" lemma="kallidus" pos="NOUN">kallidus</instance>
         <wf lemma="." pos="X">.</wf>
         <wf lemma="Aparaate" pos="X">Aparaate</wf>
         <wf lemma="ei" pos="X">ei</wf>
         <wf lemma="ostetud" pos="X">ostetud</wf>
         <wf lemma="nende" pos="X">nende</wf>
         <wf lemma="kalliduse" pos="X">kalliduse</wf>
         <wf lemma="tõttu" pos="X">tõttu</wf>
         <wf lemma="." pos="X">.</wf>
         <wf lemma="Peatuti" pos="X">Peatuti</wf>
         <wf lemma="keskmise" pos="X">keskmise</wf>
         <wf lemma="kallidusega" pos="X">kallidusega</wf>
         <wf lemma="hotellis" pos="X">hotellis</wf>
         <wf lemma="." pos="X">.</wf>
      </sentence>
      <sentence id="d000.s1561" source="wordnet-estonian">
         <wf lemma="Ema" pos="X">Ema</wf>
         <wf lemma="käis" pos="X">käis</wf>
         <wf lemma="iga" pos="X">iga</wf>
         <wf lemma="nädal" pos="X">nädal</wf>
         <wf lemma="poja" pos="X">poja</wf>
         <instance id="d000.s1561.t000" lemma="haud" pos="NOUN">haual</instance>
         <wf lemma="." pos="X">.</wf>
      </sentence>
      <sentence id="d000.s1562" source="wordnet-estonian">
         <instance id="d000.s1562.t000" lemma="kuninganna" pos="NOUN">Kuninganna</instance>
         <wf lemma="Elizabeth" pos="X">Elizabeth</wf>
         <wf lemma="." pos="X">.</wf>
         <wf lemma="Hollandi" pos="X">Hollandi</wf>
         <wf lemma="kuninganna" pos="X">kuninganna</wf>
         <wf lemma="." pos="X">.</wf>
         <wf lemma="Pärast" pos="X">Pärast</wf>
         <wf lemma="vana" pos="X">vana</wf>
         <wf lemma="kuninga" pos="X">kuninga</wf>
         <wf lemma="surma" pos="X">surma</wf>
         <wf lemma="kuulutati" pos="X">kuulutati</wf>
         <wf lemma="kuningannaks" pos="X">kuningannaks</wf>
         <wf lemma="ta" pos="X">ta</wf>
         <wf lemma="vanim" pos="X">vanim</wf>
         <wf lemma="tütar" pos="X">tütar</wf>
         <wf lemma="." pos="X">.</wf>
      </sentence>
      <sentence id="d000.s1563" source="wordnet-estonian">
         <wf lemma="Laev" pos="X">Laev</wf>
         <wf lemma="on" pos="X">on</wf>
         <instance id="d000.s1563.t000" lemma="dokk" pos="NOUN">dokis</instance>
         <wf lemma="järelevaatusel" pos="X">järelevaatusel</wf>
         <wf lemma="." pos="X">.</wf>
         <wf lemma="(" pos="X">(</wf>
         <wf lemma="EKSS" pos="X">EKSS</wf>
         <wf lemma=")" pos="X">)</wf>
         <wf lemma="." pos="X">.</wf>
      </sentence>
      <sentence id="d000.s1564" source="wordnet-estonian">
         <wf lemma="Jalutab" pos="X">Jalutab</wf>
         <wf lemma="," pos="X">,</wf>
         <wf lemma="käib" pos="X">käib</wf>
         <wf lemma="," pos="X">,</wf>
         <wf lemma="kõnnib" pos="X">kõnnib</wf>
         <instance id="d000.s1564.t000" lemma="edasi-tagasi" pos="ADV">edasi-tagasi</instance>
         <wf lemma="." pos="X">.</wf>
         <wf lemma="(" pos="X">(</wf>
         <wf lemma="EKSS" pos="X">EKSS</wf>
         <wf lemma=")" pos="X">)</wf>
         <wf lemma="." pos="X">.</wf>
      </sentence>
      <sentence id="d000.s1565" source="wordnet-estonian">
         <wf lemma="Palun" pos="X">Palun</wf>
         <instance id="d000.s1565.t000" lemma="õpetama" pos="VERB">õpetage</instance>
         <wf lemma="mu" pos="X">mu</wf>
         <wf lemma="lapsele" pos="X">lapsele</wf>
         <wf lemma="inglise" pos="X">inglise</wf>
         <wf lemma="keelt" pos="X">keelt</wf>
         <wf lemma="." pos="X">.</wf>
      </sentence>
      <sentence id="d000.s1566" source="wordnet-estonian">
         <wf lemma="Laual" pos="X">Laual</wf>
         <wf lemma="oli" pos="X">oli</wf>
         <wf lemma="kuus" pos="X">kuus</wf>
         <instance id="d000.s1566.t000" lemma="taldrik" pos="NOUN">taldrikut</instance>
         <wf lemma="(" pos="X">(</wf>
         <wf lemma="EKSS" pos="X">EKSS</wf>
         <wf lemma=")" pos="X">)</wf>
         <wf lemma="." pos="X">.</wf>
      </sentence>
      <sentence id="d000.s1567" source="wordnet-estonian">
         <instance id="d000.s1567.t000" lemma="klubi" pos="NOUN">Klubis</instance>
         <wf lemma="on" pos="X">on</wf>
         <wf lemma="täna" pos="X">täna</wf>
         <wf lemma="tantsuõhtu" pos="X">tantsuõhtu</wf>
         <wf lemma="." pos="X">.</wf>
      </sentence>
      <sentence id="d000.s1568" source="wordnet-estonian">
         <wf lemma="Ta" pos="X">Ta</wf>
         <wf lemma="ütles" pos="X">ütles</wf>
         <wf lemma="mulle" pos="X">mulle</wf>
         <wf lemma="seda" pos="X">seda</wf>
         <wf lemma="juba" pos="X">juba</wf>
         <wf lemma="paar" pos="X">paar</wf>
         <wf lemma="päeva" pos="X">päeva</wf>
         <instance id="d000.s1568.t000" lemma="tagasi" pos="ADV">tagasi</instance>
         <wf lemma="." pos="X">.</wf>
      </sentence>
      <sentence id="d000.s1569" source="wordnet-estonian">
         <wf lemma="Üks" pos="X">Üks</wf>
         <instance id="d000.s1569.t000" lemma="käsi" pos="NOUN">käsi</instance>
         <wf lemma="on" pos="X">on</wf>
         <wf lemma="puudu" pos="X">puudu</wf>
         <wf lemma="." pos="X">.</wf>
      </sentence>
      <sentence id="d000.s1570" source="wordnet-estonian">
         <instance id="d000.s1570.t000" lemma="plebistsiit" pos="NOUN">Plebistsiit</instance>
         <wf lemma="taastas" pos="X">taastas</wf>
         <wf lemma="presidendi" pos="X">presidendi</wf>
         <wf lemma="õigused" pos="X">õigused</wf>
         <wf lemma="." pos="X">.</wf>
      </sentence>
      <sentence id="d000.s1571" source="wordnet-estonian">
         <wf lemma="Euroopa" pos="X">Euroopa</wf>
         <instance id="d000.s1571.t000" lemma="naarits" pos="NOUN">naarits</instance>
         <wf lemma="." pos="X">.</wf>
         <wf lemma="Ameerika" pos="X">Ameerika</wf>
         <wf lemma="naarits" pos="X">naarits</wf>
         <wf lemma="ehk" pos="X">ehk</wf>
         <wf lemma="mink" pos="X">mink</wf>
         <wf lemma="." pos="X">.</wf>
         <wf lemma="Naaritsaid" pos="X">Naaritsaid</wf>
         <wf lemma="kasvatatakse" pos="X">kasvatatakse</wf>
         <wf lemma="naaritsafarmides" pos="X">naaritsafarmides</wf>
         <wf lemma="." pos="X">.</wf>
      </sentence>
      <sentence id="d000.s1572" source="wordnet-estonian">
         <instance id="d000.s1572.t000" lemma="vähemus" pos="NOUN">Vähemus</instance>
         <wf lemma="peab" pos="X">peab</wf>
         <wf lemma="painduma" pos="X">painduma</wf>
         <wf lemma="enamuse" pos="X">enamuse</wf>
         <wf lemma="tahte" pos="X">tahte</wf>
         <wf lemma="alla" pos="X">alla</wf>
         <wf lemma="." pos="X">.</wf>
         <wf lemma="Streigi" pos="X">Streigi</wf>
         <wf lemma="pooldajad" pos="X">pooldajad</wf>
         <wf lemma="jäid" pos="X">jäid</wf>
         <wf lemma="vähemusse" pos="X">vähemusse</wf>
         <wf lemma="." pos="X">.</wf>
         <wf lemma="Poliitikas" pos="X">Poliitikas</wf>
         <wf lemma="on" pos="X">on</wf>
         <wf lemma="naised" pos="X">naised</wf>
         <wf lemma="vähemuses" pos="X">vähemuses</wf>
         <wf lemma="." pos="X">.</wf>
      </sentence>
      <sentence id="d000.s1573" source="wordnet-estonian">
         <instance id="d000.s1573.t000" lemma="heide" pos="NOUN">Heidete</instance>
         <wf lemma="hulka" pos="X">hulka</wf>
         <wf lemma="kuuluvad" pos="X">kuuluvad</wf>
         <wf lemma="kuulitõuge" pos="X">kuulitõuge</wf>
         <wf lemma="," pos="X">,</wf>
         <wf lemma="kettaheide" pos="X">kettaheide</wf>
         <wf lemma="," pos="X">,</wf>
         <wf lemma="vasaraheide" pos="X">vasaraheide</wf>
         <wf lemma="ja" pos="X">ja</wf>
         <wf lemma="odavise" pos="X">odavise</wf>
         <wf lemma="." pos="X">.</wf>
      </sentence>
      <sentence id="d000.s1574" source="wordnet-estonian">
         <wf lemma="Loomade" pos="X">Loomade</wf>
         <instance id="d000.s1574.t000" lemma="abort" pos="NOUN">aborti</instance>
         <wf lemma="nimetatakse" pos="X">nimetatakse</wf>
         <wf lemma="harilikult" pos="X">harilikult</wf>
         <wf lemma="nurisünnituseks" pos="X">nurisünnituseks</wf>
         <wf lemma="." pos="X">.</wf>
      </sentence>
      <sentence id="d000.s1575" source="wordnet-estonian">
         <instance id="d000.s1575.t000" lemma="värav" pos="NOUN">Värav</instance>
         <wf lemma="on" pos="X">on</wf>
         <wf lemma="öösiti" pos="X">öösiti</wf>
         <wf lemma="lukus" pos="X">lukus</wf>
         <wf lemma="." pos="X">.</wf>
      </sentence>
      <sentence id="d000.s1576" source="wordnet-estonian">
         <wf lemma="Helitöö" pos="X">Helitöö</wf>
         <wf lemma="hea" pos="X">hea</wf>
         <wf lemma="," pos="X">,</wf>
         <wf lemma="halb" pos="X">halb</wf>
         <wf lemma="," pos="X">,</wf>
         <wf lemma="rikas" pos="X">rikas</wf>
         <wf lemma="," pos="X">,</wf>
         <wf lemma="vaene" pos="X">vaene</wf>
         <instance id="d000.s1576.t000" lemma="harmoonia" pos="NOUN">harmoonia</instance>
         <wf lemma="." pos="X">.</wf>
      </sentence>
      <sentence id="d000.s1577" source="wordnet-estonian">
         <wf lemma="Mees" pos="X">Mees</wf>
         <wf lemma="luges" pos="X">luges</wf>
         <wf lemma="seinalambi" pos="X">seinalambi</wf>
         <wf lemma="valgel" pos="X">valgel</wf>
         <instance id="d000.s1577.t000" lemma="raamat" pos="NOUN">raamatut</instance>
         <wf lemma="." pos="X">.</wf>
      </sentence>
      <sentence id="d000.s1578" source="wordnet-estonian">
         <wf lemma="Lapsed" pos="X">Lapsed</wf>
         <instance id="d000.s1578.t000" lemma="abistama" pos="VERB">abistavad</instance>
         <wf lemma="ema" pos="X">ema</wf>
         <wf lemma="." pos="X">.</wf>
      </sentence>
      <sentence id="d000.s1579" source="wordnet-estonian">
         <wf lemma="Töötab" pos="X">Töötab</wf>
         <wf lemma="väsimatu" pos="X">väsimatu</wf>
         <instance id="d000.s1579.t000" lemma="energia" pos="NOUN">energiaga</instance>
         <wf lemma="(" pos="X">(</wf>
         <wf lemma="EKSS" pos="X">EKSS</wf>
         <wf lemma=")" pos="X">)</wf>
         <wf lemma="." pos="X">.</wf>
      </sentence>
      <sentence id="d000.s1580" source="wordnet-estonian">
         <wf lemma="Kõgre" pos="X">Kõgre</wf>
         <instance id="d000.s1580.t000" lemma="barjäär" pos="NOUN">barjäärina</instance>
         <wf lemma="takistab" pos="X">takistab</wf>
         <wf lemma="kaukasus" pos="X">kaukasus</wf>
         <wf lemma="õhumasside" pos="X">õhumasside</wf>
         <wf lemma="teed" pos="X">teed</wf>
         <wf lemma="lõunasse" pos="X">lõunasse</wf>
         <wf lemma="." pos="X">.</wf>
      </sentence>
      <sentence id="d000.s1581" source="wordnet-estonian">
         <instance id="d000.s1581.t000" lemma="siil" pos="NOUN">Siilile</instance>
         <wf lemma="pandi" pos="X">pandi</wf>
         <wf lemma="alustassi" pos="X">alustassi</wf>
         <wf lemma="peale" pos="X">peale</wf>
         <wf lemma="piima" pos="X">piima</wf>
         <wf lemma="." pos="X">.</wf>
         <wf lemma="Siil" pos="X">Siil</wf>
         <wf lemma="turtsub" pos="X">turtsub</wf>
         <wf lemma="," pos="X">,</wf>
         <wf lemma="podiseb" pos="X">podiseb</wf>
         <wf lemma="," pos="X">,</wf>
         <wf lemma="tõmbub" pos="X">tõmbub</wf>
         <wf lemma="kerra" pos="X">kerra</wf>
         <wf lemma="." pos="X">.</wf>
         <wf lemma="(" pos="X">(</wf>
         <wf lemma="EKSS" pos="X">EKSS</wf>
         <wf lemma=")" pos="X">)</wf>
         <wf lemma="." pos="X">.</wf>
      </sentence>
      <sentence id="d000.s1582" source="wordnet-estonian">
         <wf lemma="Suure" pos="X">Suure</wf>
         <instance id="d000.s1582.t000" lemma="ekraan" pos="NOUN">ekraaniga</instance>
         <wf lemma="televiisor" pos="X">televiisor</wf>
         <wf lemma="." pos="X">.</wf>
      </sentence>
      <sentence id="d000.s1583" source="wordnet-estonian">
         <wf lemma="Kirglik" pos="X">Kirglik</wf>
         <wf lemma="," pos="X">,</wf>
         <wf lemma="elukutseline" pos="X">elukutseline</wf>
         <instance id="d000.s1583.t000" lemma="mängur" pos="NOUN">mängur</instance>
         <wf lemma="." pos="X">.</wf>
         <wf lemma="Mängurid" pos="X">Mängurid</wf>
         <wf lemma="ruletilaua" pos="X">ruletilaua</wf>
         <wf lemma="ümber" pos="X">ümber</wf>
         <wf lemma="." pos="X">.</wf>
         <wf lemma="Tal" pos="X">Tal</wf>
         <wf lemma="on" pos="X">on</wf>
         <wf lemma="riskiv" pos="X">riskiv</wf>
         <wf lemma="mänguri" pos="X">mänguri</wf>
         <wf lemma="loomus" pos="X">loomus</wf>
         <wf lemma="." pos="X">.</wf>
      </sentence>
      <sentence id="d000.s1584" source="wordnet-estonian">
         <wf lemma="Ta" pos="X">Ta</wf>
         <wf lemma="oli" pos="X">oli</wf>
         <wf lemma="mitmekülgne" pos="X">mitmekülgne</wf>
         <instance id="d000.s1584.t000" lemma="muusik" pos="NOUN">muusik</instance>
         <wf lemma=":" pos="X">:</wf>
         <wf lemma="helilooja" pos="X">helilooja</wf>
         <wf lemma="ja" pos="X">ja</wf>
         <wf lemma="pianist" pos="X">pianist</wf>
         <wf lemma="." pos="X">.</wf>
      </sentence>
      <sentence id="d000.s1585" source="wordnet-estonian">
         <wf lemma="Kleepis" pos="X">Kleepis</wf>
         <instance id="d000.s1585.t000" lemma="kiri" pos="NOUN">kirja</instance>
         <wf lemma="kinni" pos="X">kinni</wf>
         <wf lemma="," pos="X">,</wf>
         <wf lemma="pani" pos="X">pani</wf>
         <wf lemma="posti" pos="X">posti</wf>
         <wf lemma="ja" pos="X">ja</wf>
         <wf lemma="saatis" pos="X">saatis</wf>
         <wf lemma="vennale" pos="X">vennale</wf>
         <wf lemma="." pos="X">.</wf>
      </sentence>
      <sentence id="d000.s1586" source="wordnet-estonian">
         <wf lemma="Külgenööbitava" pos="X">Külgenööbitava</wf>
         <instance id="d000.s1586.t000" lemma="kapuuts" pos="NOUN">kapuutsiga</instance>
         <wf lemma="mantel" pos="X">mantel</wf>
         <wf lemma="." pos="X">.</wf>
         <wf lemma="Tõmbas" pos="X">Tõmbas</wf>
         <wf lemma="kapuutsi" pos="X">kapuutsi</wf>
         <wf lemma="pähe" pos="X">pähe</wf>
         <wf lemma="," pos="X">,</wf>
         <wf lemma="üle" pos="X">üle</wf>
         <wf lemma="pea" pos="X">pea</wf>
         <wf lemma="." pos="X">.</wf>
      </sentence>
      <sentence id="d000.s1587" source="wordnet-estonian">
         <wf lemma="Rahustava" pos="X">Rahustava</wf>
         <wf lemma="toimega" pos="X">toimega</wf>
         <wf lemma="tegevus" pos="X">tegevus</wf>
         <wf lemma="." pos="X">.</wf>
         <wf lemma="Vingugaas" pos="X">Vingugaas</wf>
         <wf lemma="on" pos="X">on</wf>
         <wf lemma="väga" pos="X">väga</wf>
         <wf lemma="mürgise" pos="X">mürgise</wf>
         <wf lemma="toimega" pos="X">toimega</wf>
         <wf lemma="." pos="X">.</wf>
         <wf lemma="Soojuse" pos="X">Soojuse</wf>
         <instance id="d000.s1587.t000" lemma="mõju" pos="NOUN">mõju</instance>
         <wf lemma="taimedele" pos="X">taimedele</wf>
         <wf lemma="." pos="X">.</wf>
      </sentence>
      <sentence id="d000.s1588" source="wordnet-estonian">
         <wf lemma="Tundis" pos="X">Tundis</wf>
         <wf lemma="juba" pos="X">juba</wf>
         <wf lemma="varakult" pos="X">varakult</wf>
         <wf lemma="huvi" pos="X">huvi</wf>
         <instance id="d000.s1588.t000" lemma="kirjandus" pos="NOUN">kirjanduse</instance>
         <wf lemma="vastu" pos="X">vastu</wf>
         <wf lemma="(" pos="X">(</wf>
         <wf lemma="EKSS" pos="X">EKSS</wf>
         <wf lemma=")" pos="X">)</wf>
         <wf lemma="." pos="X">.</wf>
      </sentence>
      <sentence id="d000.s1589" source="wordnet-estonian">
         <wf lemma="Ta" pos="X">Ta</wf>
         <wf lemma="unistab" pos="X">unistab</wf>
         <wf lemma="oma" pos="X">oma</wf>
         <wf lemma="kodu" pos="X">kodu</wf>
         <wf lemma="uuest" pos="X">uuest</wf>
         <instance id="d000.s1589.t000" lemma="sisustus" pos="NOUN">sisustusest</instance>
         <wf lemma="." pos="X">.</wf>
      </sentence>
      <sentence id="d000.s1590" source="wordnet-estonian">
         <wf lemma="Sõiduauto" pos="X">Sõiduauto</wf>
         <instance id="d000.s1590.t000" lemma="starter" pos="NOUN">starter</instance>
         <wf lemma="." pos="X">.</wf>
         <wf lemma="Juht" pos="X">Juht</wf>
         <wf lemma="vajutas" pos="X">vajutas</wf>
         <wf lemma="starterile" pos="X">starterile</wf>
         <wf lemma="." pos="X">.</wf>
         <wf lemma="Starter" pos="X">Starter</wf>
         <wf lemma="uriseb" pos="X">uriseb</wf>
         <wf lemma="," pos="X">,</wf>
         <wf lemma="undab" pos="X">undab</wf>
         <wf lemma="." pos="X">.</wf>
         <wf lemma="Külmaga" pos="X">Külmaga</wf>
         <wf lemma="ei" pos="X">ei</wf>
         <wf lemma="läinud" pos="X">läinud</wf>
         <wf lemma="mootor" pos="X">mootor</wf>
         <wf lemma="starterist" pos="X">starterist</wf>
         <wf lemma="käima" pos="X">käima</wf>
         <wf lemma="." pos="X">.</wf>
         <wf lemma="Päevavalguslambi" pos="X">Päevavalguslambi</wf>
         <wf lemma="starter" pos="X">starter</wf>
         <wf lemma="." pos="X">.</wf>
      </sentence>
      <sentence id="d000.s1591" source="wordnet-estonian">
         <wf lemma="Opereeritu" pos="X">Opereeritu</wf>
         <wf lemma="pole" pos="X">pole</wf>
         <wf lemma="veel" pos="X">veel</wf>
         <instance id="d000.s1591.t000" lemma="narkoos" pos="NOUN">narkoosist</instance>
         <wf lemma="ärganud" pos="X">ärganud</wf>
         <wf lemma="." pos="X">.</wf>
      </sentence>
      <sentence id="d000.s1592" source="wordnet-estonian">
         <instance id="d000.s1592.t000" lemma="anarhist" pos="NOUN">Anarhistide</instance>
         <wf lemma="korraldatud" pos="X">korraldatud</wf>
         <wf lemma="atentaat" pos="X">atentaat</wf>
         <wf lemma="." pos="X">.</wf>
      </sentence>
      <sentence id="d000.s1593" source="wordnet-estonian">
         <wf lemma="Kartellid" pos="X">Kartellid</wf>
         <wf lemma="," pos="X">,</wf>
         <wf lemma="sündikaadid" pos="X">sündikaadid</wf>
         <wf lemma="," pos="X">,</wf>
         <wf lemma="trustid" pos="X">trustid</wf>
         <wf lemma="," pos="X">,</wf>
         <wf lemma="kontsernid" pos="X">kontsernid</wf>
         <wf lemma="ja" pos="X">ja</wf>
         <wf lemma="konsortsiumid" pos="X">konsortsiumid</wf>
         <wf lemma="on" pos="X">on</wf>
         <instance id="d000.s1593.t000" lemma="monopol" pos="NOUN">monopoli</instance>
         <wf lemma="põhivormid" pos="X">põhivormid</wf>
         <wf lemma="." pos="X">.</wf>
      </sentence>
      <sentence id="d000.s1594" source="wordnet-estonian">
         <wf lemma="Reamehed" pos="X">Reamehed</wf>
         <wf lemma="ja" pos="X">ja</wf>
         <instance id="d000.s1594.t000" lemma="seersant" pos="NOUN">seersandid</instance>
         <wf lemma="." pos="X">.</wf>
      </sentence>
      <sentence id="d000.s1595" source="wordnet-estonian">
         <wf lemma="Liha" pos="X">Liha</wf>
         <instance id="d000.s1595.t000" lemma="praadimine" pos="NOUN">praadimisel</instance>
         <wf lemma="tekib" pos="X">tekib</wf>
         <wf lemma="hea" pos="X">hea</wf>
         <wf lemma="kööki" pos="X">kööki</wf>
         <wf lemma="hea" pos="X">hea</wf>
         <wf lemma="lõhn" pos="X">lõhn</wf>
         <wf lemma="." pos="X">.</wf>
      </sentence>
      <sentence id="d000.s1596" source="wordnet-estonian">
         <wf lemma="Vajaksin" pos="X">Vajaksin</wf>
         <wf lemma="seda" pos="X">seda</wf>
         <wf lemma="raamatut" pos="X">raamatut</wf>
         <instance id="d000.s1596.t000" lemma="ajutine" pos="ADJ">ajutiseks</instance>
         <wf lemma="kasutamiseks" pos="X">kasutamiseks</wf>
         <wf lemma="." pos="X">.</wf>
         <wf lemma="Ta" pos="X">Ta</wf>
         <wf lemma="jäi" pos="X">jäi</wf>
         <wf lemma="saarele" pos="X">saarele</wf>
         <wf lemma="vaid" pos="X">vaid</wf>
         <wf lemma="ajutiseks" pos="X">ajutiseks</wf>
         <wf lemma="." pos="X">.</wf>
      </sentence>
      <sentence id="d000.s1597" source="wordnet-estonian">
         <wf lemma="Mulle" pos="X">Mulle</wf>
         <wf lemma="meeldib" pos="X">meeldib</wf>
         <wf lemma="kõige" pos="X">kõige</wf>
         <wf lemma="rohkem" pos="X">rohkem</wf>
         <wf lemma="šveitsi" pos="X">šveitsi</wf>
         <instance id="d000.s1597.t000" lemma="juust" pos="NOUN">juust</instance>
         <wf lemma="." pos="X">.</wf>
      </sentence>
      <sentence id="d000.s1598" source="wordnet-estonian">
         <wf lemma="Hapniku" pos="X">Hapniku</wf>
         <instance id="d000.s1598.t000" lemma="valents" pos="NOUN">valents</instance>
         <wf lemma="on" pos="X">on</wf>
         <wf lemma="kaks" pos="X">kaks</wf>
         <wf lemma="." pos="X">.</wf>
      </sentence>
      <sentence id="d000.s1599" source="wordnet-estonian">
         <wf lemma="Must" pos="X">Must</wf>
         <instance id="d000.s1599.t000" lemma="loor" pos="NOUN">loor</instance>
         <wf lemma="näo" pos="X">näo</wf>
         <wf lemma="ees" pos="X">ees</wf>
         <wf lemma="." pos="X">.</wf>
      </sentence>
      <sentence id="d000.s1600" source="wordnet-estonian">
         <wf lemma="Väikesest" pos="X">Väikesest</wf>
         <wf lemma="aiaga" pos="X">aiaga</wf>
         <wf lemma="ümbritsetud" pos="X">ümbritsetud</wf>
         <wf lemma="majast" pos="X">majast</wf>
         <wf lemma="õhkus" pos="X">õhkus</wf>
         <wf lemma="vastu" pos="X">vastu</wf>
         <wf lemma="kodust" pos="X">kodust</wf>
         <instance id="d000.s1600.t000" lemma="hubasus" pos="NOUN">hubasust</instance>
         <wf lemma="." pos="X">.</wf>
      </sentence>
      <sentence id="d000.s1601" source="wordnet-estonian">
         <wf lemma="Soos" pos="X">Soos</wf>
         <wf lemma="kasvas" pos="X">kasvas</wf>
         <wf lemma="roogu" pos="X">roogu</wf>
         <wf lemma="," pos="X">,</wf>
         <instance id="d000.s1601.t000" lemma="osi" pos="NOUN">osja</instance>
         <wf lemma="," pos="X">,</wf>
         <wf lemma="tarna" pos="X">tarna</wf>
         <wf lemma="ja" pos="X">ja</wf>
         <wf lemma="muid" pos="X">muid</wf>
         <wf lemma="veetaimi" pos="X">veetaimi</wf>
         <wf lemma="(" pos="X">(</wf>
         <wf lemma="EKSS" pos="X">EKSS</wf>
         <wf lemma=")" pos="X">)</wf>
         <wf lemma="." pos="X">.</wf>
      </sentence>
      <sentence id="d000.s1602" source="wordnet-estonian">
         <wf lemma="Jõuluvana" pos="X">Jõuluvana</wf>
         <wf lemma="tuli" pos="X">tuli</wf>
         <wf lemma="suure" pos="X">suure</wf>
         <instance id="d000.s1602.t000" lemma="kott" pos="NOUN">kotiga</instance>
         <wf lemma="." pos="X">.</wf>
      </sentence>
      <sentence id="d000.s1603" source="wordnet-estonian">
         <wf lemma="Lugu" pos="X">Lugu</wf>
         <instance id="d000.s1603.t000" lemma="saama" pos="VERB">sai</instance>
         <wf lemma="loomuliku" pos="X">loomuliku</wf>
         <wf lemma="seletuse" pos="X">seletuse</wf>
         <wf lemma="." pos="X">.</wf>
         <wf lemma="Ajapikku" pos="X">Ajapikku</wf>
         <wf lemma="on" pos="X">on</wf>
         <wf lemma="sõna" pos="X">sõna</wf>
         <wf lemma="saanud" pos="X">saanud</wf>
         <wf lemma="uue" pos="X">uue</wf>
         <wf lemma="tähenduse" pos="X">tähenduse</wf>
         <wf lemma="." pos="X">.</wf>
      </sentence>
      <sentence id="d000.s1604" source="wordnet-estonian">
         <wf lemma="Ka" pos="X">Ka</wf>
         <wf lemma="metsviinapuu" pos="X">metsviinapuu</wf>
         <wf lemma="," pos="X">,</wf>
         <wf lemma="luuderohi" pos="X">luuderohi</wf>
         <wf lemma="ja" pos="X">ja</wf>
         <wf lemma="elulõng" pos="X">elulõng</wf>
         <wf lemma="on" pos="X">on</wf>
         <instance id="d000.s1604.t000" lemma="liaan" pos="NOUN">liaanid</instance>
         <wf lemma="." pos="X">.</wf>
      </sentence>
      <sentence id="d000.s1605" source="wordnet-estonian">
         <wf lemma="Limpsas" pos="X">Limpsas</wf>
         <instance id="d000.s1605.t000" lemma="keel" pos="NOUN">keelega</instance>
         <wf lemma="üle" pos="X">üle</wf>
         <wf lemma="huulte" pos="X">huulte</wf>
         <wf lemma="." pos="X">.</wf>
      </sentence>
      <sentence id="d000.s1606" source="wordnet-estonian">
         <instance id="d000.s1606.t000" lemma="kriis" pos="NOUN">Kriisi</instance>
         <wf lemma="ajal" pos="X">ajal</wf>
         <wf lemma="laostus" pos="X">laostus</wf>
         <wf lemma="hulk" pos="X">hulk</wf>
         <wf lemma="väikesi" pos="X">väikesi</wf>
         <wf lemma="ja" pos="X">ja</wf>
         <wf lemma="keskmisi" pos="X">keskmisi</wf>
         <wf lemma="ettevõtteid" pos="X">ettevõtteid</wf>
         <wf lemma="." pos="X">.</wf>
      </sentence>
      <sentence id="d000.s1607" source="wordnet-estonian">
         <wf lemma="Majad" pos="X">Majad</wf>
         <instance id="d000.s1607.t000" lemma="kaduma" pos="VERB">kadusid</instance>
         <wf lemma="jõelt" pos="X">jõelt</wf>
         <wf lemma="tõusvasse" pos="X">tõusvasse</wf>
         <wf lemma="uttu" pos="X">uttu</wf>
         <wf lemma="." pos="X">.</wf>
         <wf lemma="Mäetipp" pos="X">Mäetipp</wf>
         <wf lemma="kadus" pos="X">kadus</wf>
         <wf lemma="pilvedesse" pos="X">pilvedesse</wf>
         <wf lemma="." pos="X">.</wf>
      </sentence>
      <sentence id="d000.s1608" source="wordnet-estonian">
         <wf lemma="Sõja" pos="X">Sõja</wf>
         <wf lemma="ajal" pos="X">ajal</wf>
         <wf lemma="oli" pos="X">oli</wf>
         <wf lemma="palju" pos="X">palju</wf>
         <instance id="d000.s1608.t000" lemma="kodutu" pos="NOUN">kodutuid</instance>
         <wf lemma="." pos="X">.</wf>
         <wf lemma="*" pos="X">*</wf>
         <wf lemma="Siis" pos="X">Siis</wf>
         <wf lemma="algab" pos="X">algab</wf>
         <wf lemma="ta" pos="X">ta</wf>
         <wf lemma="elu" pos="X">elu</wf>
         <wf lemma="kodutute" pos="X">kodutute</wf>
         <wf lemma="kasvatusasutuses" pos="X">kasvatusasutuses</wf>
         <wf lemma="." pos="X">.</wf>
         <wf lemma="(" pos="X">(</wf>
         <wf lemma="Autor" pos="X">Autor</wf>
         <wf lemma=":" pos="X">:</wf>
         <wf lemma="E." pos="X">E.</wf>
         <wf lemma="J." pos="X">J.</wf>
         <wf lemma="Voitk." pos="X">Voitk.</wf>
         <wf lemma=")" pos="X">)</wf>
         <wf lemma="." pos="X">.</wf>
      </sentence>
      <sentence id="d000.s1609" source="wordnet-estonian">
         <wf lemma="19." pos="X">19.</wf>
         <wf lemma="sajandi" pos="X">sajandi</wf>
         <wf lemma="kuulsad" pos="X">kuulsad</wf>
         <instance id="d000.s1609.t000" lemma="statistik" pos="NOUN">statistikud</instance>
         <wf lemma="." pos="X">.</wf>
         <wf lemma="(" pos="X">(</wf>
         <wf lemma="EKSS" pos="X">EKSS</wf>
         <wf lemma=")" pos="X">)</wf>
         <wf lemma="." pos="X">.</wf>
      </sentence>
      <sentence id="d000.s1610" source="wordnet-estonian">
         <wf lemma="Informatsioon" pos="X">Informatsioon</wf>
         <wf lemma="salvestati" pos="X">salvestati</wf>
         <instance id="d000.s1610.t000" lemma="raal" pos="NOUN">raali</instance>
         <wf lemma="mällu" pos="X">mällu</wf>
         <wf lemma="." pos="X">.</wf>
         <wf lemma="Raalile" pos="X">Raalile</wf>
         <wf lemma="programmi" pos="X">programmi</wf>
         <wf lemma="koostama" pos="X">koostama</wf>
         <wf lemma="." pos="X">.</wf>
         <wf lemma="See" pos="X">See</wf>
         <wf lemma="ülesanne" pos="X">ülesanne</wf>
         <wf lemma="on" pos="X">on</wf>
         <wf lemma="raaliga" pos="X">raaliga</wf>
         <wf lemma="hõlpsasti" pos="X">hõlpsasti</wf>
         <wf lemma="lahendatav" pos="X">lahendatav</wf>
         <wf lemma="." pos="X">.</wf>
         <wf lemma="Raali" pos="X">Raali</wf>
         <wf lemma="abil" pos="X">abil</wf>
         <wf lemma="koostatud" pos="X">koostatud</wf>
         <wf lemma="aruanne" pos="X">aruanne</wf>
         <wf lemma="." pos="X">.</wf>
         <wf lemma="Raal" pos="X">Raal</wf>
         <wf lemma="töötleb" pos="X">töötleb</wf>
         <wf lemma="andmeid" pos="X">andmeid</wf>
         <wf lemma="." pos="X">.</wf>
         <wf lemma="Raal" pos="X">Raal</wf>
         <wf lemma="analüüsib" pos="X">analüüsib</wf>
         <wf lemma="matemaatilisi" pos="X">matemaatilisi</wf>
         <wf lemma="," pos="X">,</wf>
         <wf lemma="füüsikalisi" pos="X">füüsikalisi</wf>
         <wf lemma="jm." pos="X">jm.</wf>
         <wf lemma="probleeme" pos="X">probleeme</wf>
         <wf lemma="." pos="X">.</wf>
      </sentence>
      <sentence id="d000.s1611" source="wordnet-estonian">
         <instance id="d000.s1611.t000" lemma="laht" pos="NOUN">Lahed</instance>
         <wf lemma="ja" pos="X">ja</wf>
         <wf lemma="abajad" pos="X">abajad</wf>
         <wf lemma="(" pos="X">(</wf>
         <wf lemma="EKSS" pos="X">EKSS</wf>
         <wf lemma=")" pos="X">)</wf>
         <wf lemma="." pos="X">.</wf>
      </sentence>
      <sentence id="d000.s1612" source="wordnet-estonian">
         <instance id="d000.s1612.t000" lemma="menstruatsioon" pos="NOUN">Menstruatsiooni</instance>
         <wf lemma="ebakorrapärasus" pos="X">ebakorrapärasus</wf>
         <wf lemma="," pos="X">,</wf>
         <wf lemma="puudumine" pos="X">puudumine</wf>
         <wf lemma="." pos="X">.</wf>
         <wf lemma="Klimakteeriumi" pos="X">Klimakteeriumi</wf>
         <wf lemma="saabudes" pos="X">saabudes</wf>
         <wf lemma="menstruatsioon" pos="X">menstruatsioon</wf>
         <wf lemma="lakkab" pos="X">lakkab</wf>
         <wf lemma="." pos="X">.</wf>
      </sentence>
      <sentence id="d000.s1613" source="wordnet-estonian">
         <wf lemma="Lapse" pos="X">Lapse</wf>
         <wf lemma="tööks" pos="X">tööks</wf>
         <wf lemma="on" pos="X">on</wf>
         <instance id="d000.s1613.t000" lemma="mäng" pos="NOUN">mäng</instance>
         <wf lemma="." pos="X">.</wf>
      </sentence>
      <sentence id="d000.s1614" source="wordnet-estonian">
         <wf lemma="Tähistasime" pos="X">Tähistasime</wf>
         <wf lemma="oma" pos="X">oma</wf>
         <wf lemma="teise" pos="X">teise</wf>
         <wf lemma="lapse" pos="X">lapse</wf>
         <instance id="d000.s1614.t000" lemma="sünd" pos="NOUN">sündi</instance>
         <wf lemma="." pos="X">.</wf>
      </sentence>
      <sentence id="d000.s1615" source="wordnet-estonian">
         <wf lemma="Kõht" pos="X">Kõht</wf>
         <wf lemma="on" pos="X">on</wf>
         <wf lemma="nii" pos="X">nii</wf>
         <wf lemma="täis" pos="X">täis</wf>
         <wf lemma="," pos="X">,</wf>
         <wf lemma="et" pos="X">et</wf>
         <wf lemma="enam" pos="X">enam</wf>
         <wf lemma="ei" pos="X">ei</wf>
         <instance id="d000.s1615.t000" lemma="minema" pos="VERB">lähe</instance>
         <wf lemma="suutäitki" pos="X">suutäitki</wf>
         <wf lemma="." pos="X">.</wf>
         <wf lemma="Saunapatta" pos="X">Saunapatta</wf>
         <wf lemma="läheb" pos="X">läheb</wf>
         <wf lemma="15" pos="X">15</wf>
         <wf lemma="pange" pos="X">pange</wf>
         <wf lemma="vett" pos="X">vett</wf>
         <wf lemma="." pos="X">.</wf>
         <wf lemma="Kilosse" pos="X">Kilosse</wf>
         <wf lemma="läheb" pos="X">läheb</wf>
         <wf lemma="marju" pos="X">marju</wf>
         <wf lemma="poolteist" pos="X">poolteist</wf>
         <wf lemma="liitrit" pos="X">liitrit</wf>
         <wf lemma="." pos="X">.</wf>
      </sentence>
      <sentence id="d000.s1616" source="wordnet-estonian">
         <wf lemma="Haiguslehel" pos="X">Haiguslehel</wf>
         <wf lemma="oli" pos="X">oli</wf>
         <wf lemma="pandud" pos="X">pandud</wf>
         <instance id="d000.s1616.t000" lemma="diagnoos" pos="NOUN">diagnoosiks</instance>
         <wf lemma="gripp" pos="X">gripp</wf>
         <wf lemma="." pos="X">.</wf>
      </sentence>
      <sentence id="d000.s1617" source="wordnet-estonian">
         <instance id="d000.s1617.t000" lemma="seif" pos="NOUN">Seifi</instance>
         <wf lemma="lukk" pos="X">lukk</wf>
         <wf lemma="," pos="X">,</wf>
         <wf lemma="võti" pos="X">võti</wf>
         <wf lemma="." pos="X">.</wf>
         <wf lemma="Väärtpaberid" pos="X">Väärtpaberid</wf>
         <wf lemma="," pos="X">,</wf>
         <wf lemma="testament" pos="X">testament</wf>
         <wf lemma="," pos="X">,</wf>
         <wf lemma="sularaha" pos="X">sularaha</wf>
         <wf lemma="on" pos="X">on</wf>
         <wf lemma="seifis" pos="X">seifis</wf>
         <wf lemma="." pos="X">.</wf>
         <wf lemma="Lukustas" pos="X">Lukustas</wf>
         <wf lemma="," pos="X">,</wf>
         <wf lemma="avas" pos="X">avas</wf>
         <wf lemma="seifi" pos="X">seifi</wf>
         <wf lemma="." pos="X">.</wf>
      </sentence>
      <sentence id="d000.s1618" source="wordnet-estonian">
         <wf lemma="Traavivõistlus" pos="X">Traavivõistlus</wf>
         <wf lemma="Tallinna" pos="X">Tallinna</wf>
         <instance id="d000.s1618.t000" lemma="hipodroom" pos="NOUN">hipodroomil</instance>
         <wf lemma="." pos="X">.</wf>
      </sentence>
      <sentence id="d000.s1619" source="wordnet-estonian">
         <instance id="d000.s1619.t000" lemma="stopper" pos="NOUN">Stopper</instance>
         <wf lemma="näitas" pos="X">näitas</wf>
         <wf lemma="rekordaega" pos="X">rekordaega</wf>
         <wf lemma="(" pos="X">(</wf>
         <wf lemma="EKSS" pos="X">EKSS</wf>
         <wf lemma=")" pos="X">)</wf>
         <wf lemma="." pos="X">.</wf>
      </sentence>
      <sentence id="d000.s1620" source="wordnet-estonian">
         <wf lemma="Vilets" pos="X">Vilets</wf>
         <wf lemma="," pos="X">,</wf>
         <wf lemma="armetu" pos="X">armetu</wf>
         <wf lemma="," pos="X">,</wf>
         <wf lemma="kodutu" pos="X">kodutu</wf>
         <instance id="d000.s1620.t000" lemma="heidik" pos="NOUN">heidik</instance>
         <wf lemma="." pos="X">.</wf>
         <wf lemma="Elu" pos="X">Elu</wf>
         <wf lemma="," pos="X">,</wf>
         <wf lemma="saatuse" pos="X">saatuse</wf>
         <wf lemma="heidik" pos="X">heidik</wf>
         <wf lemma="." pos="X">.</wf>
         <wf lemma="See" pos="X">See</wf>
         <wf lemma="koer" pos="X">koer</wf>
         <wf lemma="on" pos="X">on</wf>
         <wf lemma="heidik" pos="X">heidik</wf>
         <wf lemma="." pos="X">.</wf>
         <wf lemma="*" pos="X">*</wf>
         <wf lemma="Maailma" pos="X">Maailma</wf>
         <wf lemma="kiitus" pos="X">kiitus</wf>
         <wf lemma="seal" pos="X">seal</wf>
         <wf lemma="kentsakalt" pos="X">kentsakalt</wf>
         <wf lemma="jaotub" pos="X">jaotub</wf>
         <wf lemma="--" pos="X">--</wf>
         <wf lemma="/" pos="X">/</wf>
         <wf lemma="kord" pos="X">kord</wf>
         <wf lemma="oled" pos="X">oled</wf>
         <wf lemma="heidik" pos="X">heidik</wf>
         <wf lemma="," pos="X">,</wf>
         <wf lemma="kord" pos="X">kord</wf>
         <wf lemma="võitud" pos="X">võitud</wf>
         <wf lemma="mees" pos="X">mees</wf>
         <wf lemma="." pos="X">.</wf>
         <wf lemma="(" pos="X">(</wf>
         <wf lemma="Autor" pos="X">Autor</wf>
         <wf lemma=":" pos="X">:</wf>
         <wf lemma="H." pos="X">H.</wf>
         <wf lemma="Runnel." pos="X">Runnel.</wf>
         <wf lemma=")" pos="X">)</wf>
         <wf lemma="." pos="X">.</wf>
      </sentence>
      <sentence id="d000.s1621" source="wordnet-estonian">
         <instance id="d000.s1621.t000" lemma="juhatus" pos="NOUN">Juhatusse</instance>
         <wf lemma="valiti" pos="X">valiti</wf>
         <wf lemma="7" pos="X">7</wf>
         <wf lemma="liiget" pos="X">liiget</wf>
         <wf lemma="." pos="X">.</wf>
      </sentence>
      <sentence id="d000.s1622" source="wordnet-estonian">
         <wf lemma="Ta" pos="X">Ta</wf>
         <wf lemma="teab" pos="X">teab</wf>
         <wf lemma="palju" pos="X">palju</wf>
         <wf lemma="meremeeste" pos="X">meremeeste</wf>
         <instance id="d000.s1622.t000" lemma="laul" pos="NOUN">laule</instance>
         <wf lemma="." pos="X">.</wf>
      </sentence>
      <sentence id="d000.s1623" source="wordnet-estonian">
         <wf lemma="Algul" pos="X">Algul</wf>
         <wf lemma="rääkisime" pos="X">rääkisime</wf>
         <wf lemma="asjalikku" pos="X">asjalikku</wf>
         <wf lemma="juttu" pos="X">juttu</wf>
         <wf lemma="," pos="X">,</wf>
         <wf lemma="pärast" pos="X">pärast</wf>
         <instance id="d000.s1623.t000" lemma="lobisema" pos="VERB">lobisesime</instance>
         <wf lemma="niisama" pos="X">niisama</wf>
         <wf lemma="." pos="X">.</wf>
      </sentence>
      <sentence id="d000.s1624" source="wordnet-estonian">
         <wf lemma="Ei" pos="X">Ei</wf>
         <wf lemma="maksa" pos="X">maksa</wf>
         <wf lemma="teisest" pos="X">teisest</wf>
         <wf lemma="inimesest" pos="X">inimesest</wf>
         <wf lemma="halvasti" pos="X">halvasti</wf>
         <instance id="d000.s1624.t000" lemma="mõtlema" pos="VERB">mõelda</instance>
         <wf lemma="." pos="X">.</wf>
      </sentence>
      <sentence id="d000.s1625" source="wordnet-estonian">
         <wf lemma="Masinavärk" pos="X">Masinavärk</wf>
         <wf lemma="hakkas" pos="X">hakkas</wf>
         <instance id="d000.s1625.t000" lemma="töö" pos="NOUN">tööle</instance>
         <wf lemma="." pos="X">.</wf>
      </sentence>
      <sentence id="d000.s1626" source="wordnet-estonian">
         <wf lemma="Ta" pos="X">Ta</wf>
         <wf lemma="oli" pos="X">oli</wf>
         <wf lemma="nii" pos="X">nii</wf>
         <wf lemma="haige" pos="X">haige</wf>
         <wf lemma="," pos="X">,</wf>
         <wf lemma="et" pos="X">et</wf>
         <wf lemma="jõudis" pos="X">jõudis</wf>
         <instance id="d000.s1626.t000" lemma="vaevu" pos="ADV">vaevu</instance>
         <wf lemma="rääkida" pos="X">rääkida</wf>
         <wf lemma="." pos="X">.</wf>
      </sentence>
      <sentence id="d000.s1627" source="wordnet-estonian">
         <wf lemma="Pime" pos="X">Pime</wf>
         <wf lemma="ei" pos="X">ei</wf>
         <instance id="d000.s1627.t000" lemma="nägema" pos="VERB">näe</instance>
         <wf lemma="." pos="X">.</wf>
      </sentence>
      <sentence id="d000.s1628" source="wordnet-estonian">
         <wf lemma="Ta" pos="X">Ta</wf>
         <wf lemma="ei" pos="X">ei</wf>
         <wf lemma="osanud" pos="X">osanud</wf>
         <instance id="d000.s1628.t000" lemma="nägema" pos="VERB">näha</instance>
         <wf lemma="viletsuse" pos="X">viletsuse</wf>
         <wf lemma="tõelist" pos="X">tõelist</wf>
         <wf lemma="põhjust" pos="X">põhjust</wf>
         <wf lemma="." pos="X">.</wf>
      </sentence>
      <sentence id="d000.s1629" source="wordnet-estonian">
         <instance id="d000.s1629.t000" lemma="alati" pos="ADV">Alati</instance>
         <wf lemma="on" pos="X">on</wf>
         <wf lemma="tal" pos="X">tal</wf>
         <wf lemma="kojuminekuga" pos="X">kojuminekuga</wf>
         <wf lemma="kiire" pos="X">kiire</wf>
         <wf lemma="." pos="X">.</wf>
         <wf lemma="(" pos="X">(</wf>
         <wf lemma="EKSS" pos="X">EKSS</wf>
         <wf lemma=")" pos="X">)</wf>
         <wf lemma="." pos="X">.</wf>
      </sentence>
      <sentence id="d000.s1630" source="wordnet-estonian">
         <wf lemma="Peipsist" pos="X">Peipsist</wf>
         <wf lemma="," pos="X">,</wf>
         <wf lemma="Võrtsjärvest" pos="X">Võrtsjärvest</wf>
         <wf lemma="püütakse" pos="X">püütakse</wf>
         <instance id="d000.s1630.t000" lemma="luts" pos="NOUN">lutsu</instance>
         <wf lemma="." pos="X">.</wf>
         <wf lemma="Libe" pos="X">Libe</wf>
         <wf lemma="kui" pos="X">kui</wf>
         <wf lemma="luts" pos="X">luts</wf>
         <wf lemma="." pos="X">.</wf>
      </sentence>
      <sentence id="d000.s1631" source="wordnet-estonian">
         <wf lemma="Ta" pos="X">Ta</wf>
         <instance id="d000.s1631.t000" lemma="kuulma" pos="VERB">kuulis</instance>
         <wf lemma="," pos="X">,</wf>
         <wf lemma="kuidas" pos="X">kuidas</wf>
         <wf lemma="süda" pos="X">süda</wf>
         <wf lemma="lööb" pos="X">lööb</wf>
         <wf lemma="." pos="X">.</wf>
      </sentence>
      <sentence id="d000.s1632" source="wordnet-estonian">
         <wf lemma="Sügavast" pos="X">Sügavast</wf>
         <instance id="d000.s1632.t000" lemma="patriotism" pos="NOUN">patriotismist</instance>
         <wf lemma="kantud" pos="X">kantud</wf>
         <wf lemma="isamaalaulud" pos="X">isamaalaulud</wf>
         <wf lemma="." pos="X">.</wf>
      </sentence>
      <sentence id="d000.s1633" source="wordnet-estonian">
         <wf lemma="Lükkasin" pos="X">Lükkasin</wf>
         <instance id="d000.s1633.t000" lemma="uks" pos="NOUN">ukse</instance>
         <wf lemma="lahti" pos="X">lahti</wf>
         <wf lemma="." pos="X">.</wf>
      </sentence>
      <sentence id="d000.s1634" source="wordnet-estonian">
         <wf lemma="Pani" pos="X">Pani</wf>
         <wf lemma="," pos="X">,</wf>
         <wf lemma="seadis" pos="X">seadis</wf>
         <instance id="d000.s1634.t000" lemma="monokkel" pos="NOUN">monokli</instance>
         <wf lemma="silma" pos="X">silma</wf>
         <wf lemma="." pos="X">.</wf>
         <wf lemma="Keegi" pos="X">Keegi</wf>
         <wf lemma="monokliga" pos="X">monokliga</wf>
         <wf lemma="vanem" pos="X">vanem</wf>
         <wf lemma="härra" pos="X">härra</wf>
         <wf lemma="." pos="X">.</wf>
      </sentence>
      <sentence id="d000.s1635" source="wordnet-estonian">
         <wf lemma="Värskelt" pos="X">Värskelt</wf>
         <wf lemma="lüpstud" pos="X">lüpstud</wf>
         <instance id="d000.s1635.t000" lemma="piim" pos="NOUN">piim</instance>
         <wf lemma="(" pos="X">(</wf>
         <wf lemma="EKSS" pos="X">EKSS</wf>
         <wf lemma=")" pos="X">)</wf>
         <wf lemma="." pos="X">.</wf>
      </sentence>
      <sentence id="d000.s1636" source="wordnet-estonian">
         <wf lemma="Tabel" pos="X">Tabel</wf>
         <wf lemma="koosneb" pos="X">koosneb</wf>
         <wf lemma="tabelipeast" pos="X">tabelipeast</wf>
         <wf lemma="ja" pos="X">ja</wf>
         <instance id="d000.s1636.t000" lemma="lahter" pos="NOUN">lahtritest</instance>
         <wf lemma="." pos="X">.</wf>
         <wf lemma="Andmete" pos="X">Andmete</wf>
         <wf lemma="lahtrid" pos="X">lahtrid</wf>
         <wf lemma="." pos="X">.</wf>
         <wf lemma="Teeb" pos="X">Teeb</wf>
         <wf lemma="vastavasse" pos="X">vastavasse</wf>
         <wf lemma="lahtrisse" pos="X">lahtrisse</wf>
         <wf lemma="sissekande" pos="X">sissekande</wf>
         <wf lemma="." pos="X">.</wf>
         <wf lemma="Mõni" pos="X">Mõni</wf>
         <wf lemma="lahter" pos="X">lahter</wf>
         <wf lemma="jäi" pos="X">jäi</wf>
         <wf lemma="ankeedis" pos="X">ankeedis</wf>
         <wf lemma="tühjaks" pos="X">tühjaks</wf>
         <wf lemma="." pos="X">.</wf>
         <wf lemma="Õpilaspäeviku" pos="X">Õpilaspäeviku</wf>
         <wf lemma="märkuste" pos="X">märkuste</wf>
         <wf lemma="lahter" pos="X">lahter</wf>
         <wf lemma="." pos="X">.</wf>
         <wf lemma="*" pos="X">*</wf>
         <wf lemma="..kui" pos="X">..kui</wf>
         <wf lemma="palju" pos="X">palju</wf>
         <wf lemma="tegemist" pos="X">tegemist</wf>
         <wf lemma="on" pos="X">on</wf>
         <wf lemma="olnud" pos="X">olnud</wf>
         <wf lemma="juba" pos="X">juba</wf>
         <wf lemma="&quot;" pos="X">&quot;</wf>
         <wf lemma="Kirjadega" pos="X">Kirjadega</wf>
         <wf lemma="Sõgedate" pos="X">Sõgedate</wf>
         <wf lemma="külast^" pos="X">külast^</wf>
         <wf lemma="&quot;" pos="X">&quot;</wf>
         <wf lemma="," pos="X">,</wf>
         <wf lemma="et" pos="X">et</wf>
         <wf lemma="neid" pos="X">neid</wf>
         <wf lemma="ühte" pos="X">ühte</wf>
         <wf lemma="või" pos="X">või</wf>
         <wf lemma="teise" pos="X">teise</wf>
         <wf lemma="lahtrisse" pos="X">lahtrisse</wf>
         <wf lemma="toppida" pos="X">toppida</wf>
         <wf lemma="." pos="X">.</wf>
         <wf lemma="(" pos="X">(</wf>
         <wf lemma="Autor" pos="X">Autor</wf>
         <wf lemma=":" pos="X">:</wf>
         <wf lemma="E." pos="X">E.</wf>
         <wf lemma="Nirk." pos="X">Nirk.</wf>
         <wf lemma=")" pos="X">)</wf>
         <wf lemma="." pos="X">.</wf>
      </sentence>
      <sentence id="d000.s1637" source="wordnet-estonian">
         <wf lemma="Pärismaalased" pos="X">Pärismaalased</wf>
         <instance id="d000.s1637.t000" lemma="sulgema" pos="VERB">suleti</instance>
         <wf lemma="reservaatidesse" pos="X">reservaatidesse</wf>
         <wf lemma="." pos="X">.</wf>
         <wf lemma="Pätt" pos="X">Pätt</wf>
         <wf lemma="suleti" pos="X">suleti</wf>
         <wf lemma="vangitorni" pos="X">vangitorni</wf>
         <wf lemma="." pos="X">.</wf>
      </sentence>
      <sentence id="d000.s1638" source="wordnet-estonian">
         <instance id="d000.s1638.t000" lemma="jõud" pos="NOUN">Jõud</instance>
         <wf lemma="on" pos="X">on</wf>
         <wf lemma="massi" pos="X">massi</wf>
         <wf lemma="ja" pos="X">ja</wf>
         <wf lemma="kiirenduse" pos="X">kiirenduse</wf>
         <wf lemma="korrutis" pos="X">korrutis</wf>
         <wf lemma="." pos="X">.</wf>
      </sentence>
      <sentence id="d000.s1639" source="wordnet-estonian">
         <instance id="d000.s1639.t000" lemma="lõokannus" pos="NOUN">Lõokannus</instance>
         <wf lemma="on" pos="X">on</wf>
         <wf lemma="vähenõudlik" pos="X">vähenõudlik</wf>
         <wf lemma="liik" pos="X">liik</wf>
         <wf lemma="." pos="X">.</wf>
      </sentence>
      <sentence id="d000.s1640" source="wordnet-estonian">
         <instance id="d000.s1640.t000" lemma="aeglane" pos="ADJ">Aeglase</instance>
         <wf lemma="vooluga" pos="X">vooluga</wf>
         <wf lemma="jõgi" pos="X">jõgi</wf>
         <wf lemma="." pos="X">.</wf>
         <wf lemma="Aeglased" pos="X">Aeglased</wf>
         <wf lemma="liigutused" pos="X">liigutused</wf>
         <wf lemma="." pos="X">.</wf>
      </sentence>
      <sentence id="d000.s1641" source="wordnet-estonian">
         <wf lemma="Selle" pos="X">Selle</wf>
         <wf lemma="lavatüki" pos="X">lavatüki</wf>
         <wf lemma="oluliseks" pos="X">oluliseks</wf>
         <instance id="d000.s1641.t000" lemma="komponent" pos="NOUN">komponendiks</instance>
         <wf lemma="on" pos="X">on</wf>
         <wf lemma="muusika" pos="X">muusika</wf>
         <wf lemma="." pos="X">.</wf>
      </sentence>
      <sentence id="d000.s1642" source="wordnet-estonian">
         <wf lemma="Mehel" pos="X">Mehel</wf>
         <instance id="d000.s1642.t000" lemma="olema" pos="VERB">on</instance>
         <wf lemma="uus" pos="X">uus</wf>
         <wf lemma="ülikond" pos="X">ülikond</wf>
         <wf lemma="ja" pos="X">ja</wf>
         <wf lemma="suur" pos="X">suur</wf>
         <wf lemma="maja" pos="X">maja</wf>
         <wf lemma="." pos="X">.</wf>
      </sentence>
      <sentence id="d000.s1643" source="wordnet-estonian">
         <wf lemma="Ettepanek" pos="X">Ettepanek</wf>
         <wf lemma="pandi" pos="X">pandi</wf>
         <instance id="d000.s1643.t000" lemma="hääletus" pos="NOUN">hääletusele</instance>
         <wf lemma="(" pos="X">(</wf>
         <wf lemma="EKSS" pos="X">EKSS</wf>
         <wf lemma=")" pos="X">)</wf>
         <wf lemma="." pos="X">.</wf>
      </sentence>
      <sentence id="d000.s1644" source="wordnet-estonian">
         <wf lemma="Mida" pos="X">Mida</wf>
         <wf lemma="sa" pos="X">sa</wf>
         <wf lemma="sellega" pos="X">sellega</wf>
         <instance id="d000.s1644.t000" lemma="mõtlema" pos="VERB">mõtlesid</instance>
         <wf lemma="?" pos="X">?</wf>
      </sentence>
      <sentence id="d000.s1645" source="wordnet-estonian">
         <wf lemma="Näiteks" pos="X">Näiteks</wf>
         <instance id="d000.s1645.t000" lemma="paella" pos="NOUN">paella</instance>
         <wf lemma="valmistamise" pos="X">valmistamise</wf>
         <wf lemma="kava" pos="X">kava</wf>
         <wf lemma="sisaldab" pos="X">sisaldab</wf>
         <wf lemma="ka" pos="X">ka</wf>
         <wf lemma="pliidi" pos="X">pliidi</wf>
         <wf lemma="ja" pos="X">ja</wf>
         <wf lemma="panniga" pos="X">panniga</wf>
         <wf lemma="ümberkäimise" pos="X">ümberkäimise</wf>
         <wf lemma="oskusi" pos="X">oskusi</wf>
         <wf lemma="." pos="X">.</wf>
      </sentence>
      <sentence id="d000.s1646" source="wordnet-estonian">
         <wf lemma="Korstna" pos="X">Korstna</wf>
         <wf lemma="juurde" pos="X">juurde</wf>
         <wf lemma="pääseb" pos="X">pääseb</wf>
         <wf lemma="katusele" pos="X">katusele</wf>
         <wf lemma="kinnitatud" pos="X">kinnitatud</wf>
         <instance id="d000.s1646.t000" lemma="redel" pos="NOUN">redeliga</instance>
         <wf lemma="." pos="X">.</wf>
      </sentence>
      <sentence id="d000.s1647" source="wordnet-estonian">
         <wf lemma="Arst" pos="X">Arst</wf>
         <wf lemma="konsulteeris" pos="X">konsulteeris</wf>
         <instance id="d000.s1647.t000" lemma="kolleeg" pos="NOUN">kolleegidega</instance>
         <wf lemma="(" pos="X">(</wf>
         <wf lemma="EKSS" pos="X">EKSS</wf>
         <wf lemma=")" pos="X">)</wf>
         <wf lemma="." pos="X">.</wf>
      </sentence>
      <sentence id="d000.s1648" source="wordnet-estonian">
         <instance id="d000.s1648.t000" lemma="uks" pos="NOUN">Uksest</instance>
         <wf lemma="sisse" pos="X">sisse</wf>
         <wf lemma="saama" pos="X">saama</wf>
         <wf lemma="," pos="X">,</wf>
         <wf lemma="uksel" pos="X">uksel</wf>
         <wf lemma="seisma" pos="X">seisma</wf>
         <wf lemma="." pos="X">.</wf>
      </sentence>
      <sentence id="d000.s1649" source="wordnet-estonian">
         <wf lemma="Noor" pos="X">Noor</wf>
         <wf lemma="kunstnik" pos="X">kunstnik</wf>
         <wf lemma="astus" pos="X">astus</wf>
         <wf lemma="esimese" pos="X">esimese</wf>
         <wf lemma="näitusega" pos="X">näitusega</wf>
         <instance id="d000.s1649.t000" lemma="avalikkus" pos="NOUN">avalikkuse</instance>
         <wf lemma="ette" pos="X">ette</wf>
         <wf lemma="." pos="X">.</wf>
      </sentence>
      <sentence id="d000.s1650" source="wordnet-estonian">
         <wf lemma="Tubade" pos="X">Tubade</wf>
         <instance id="d000.s1650.t000" lemma="paigutus" pos="NOUN">paigutus</instance>
         <wf lemma="korteris" pos="X">korteris</wf>
         <wf lemma="." pos="X">.</wf>
      </sentence>
      <sentence id="d000.s1651" source="wordnet-estonian">
         <instance id="d000.s1651.t000" lemma="eurooplane" pos="NOUN">Eurooplased</instance>
         <wf lemma="taluvad" pos="X">taluvad</wf>
         <wf lemma="troopikakliimat" pos="X">troopikakliimat</wf>
         <wf lemma="halvasti" pos="X">halvasti</wf>
         <wf lemma="." pos="X">.</wf>
      </sentence>
      <sentence id="d000.s1652" source="wordnet-estonian">
         <wf lemma="Vaimuka" pos="X">Vaimuka</wf>
         <wf lemma="vestlejana" pos="X">vestlejana</wf>
         <wf lemma="vürtsitas" pos="X">vürtsitas</wf>
         <wf lemma="ta" pos="X">ta</wf>
         <wf lemma="oma" pos="X">oma</wf>
         <wf lemma="juttu" pos="X">juttu</wf>
         <wf lemma="aforismide" pos="X">aforismide</wf>
         <wf lemma="ja" pos="X">ja</wf>
         <instance id="d000.s1652.t000" lemma="kalambuur" pos="NOUN">kalambuuridega</instance>
         <wf lemma="." pos="X">.</wf>
      </sentence>
      <sentence id="d000.s1653" source="wordnet-estonian">
         <wf lemma="Nuusuta" pos="X">Nuusuta</wf>
         <wf lemma="," pos="X">,</wf>
         <wf lemma="mis" pos="X">mis</wf>
         <instance id="d000.s1653.t000" lemma="lõhn" pos="NOUN">lõhn</instance>
         <wf lemma="siin" pos="X">siin</wf>
         <wf lemma="," pos="X">,</wf>
         <wf lemma="sellel" pos="X">sellel</wf>
         <wf lemma="taimel" pos="X">taimel</wf>
         <wf lemma="on" pos="X">on</wf>
         <wf lemma="(" pos="X">(</wf>
         <wf lemma="EKSS" pos="X">EKSS</wf>
         <wf lemma=")" pos="X">)</wf>
         <wf lemma="." pos="X">.</wf>
      </sentence>
      <sentence id="d000.s1654" source="wordnet-estonian">
         <wf lemma="Marsi" pos="X">Marsi</wf>
         <instance id="d000.s1654.t000" lemma="aasta" pos="NOUN">aasta</instance>
         <wf lemma="võrdub" pos="X">võrdub</wf>
         <wf lemma="687" pos="X">687</wf>
         <wf lemma="meie" pos="X">meie</wf>
         <wf lemma="päevaga" pos="X">päevaga</wf>
         <wf lemma="." pos="X">.</wf>
      </sentence>
      <sentence id="d000.s1655" source="wordnet-estonian">
         <wf lemma="Raud" pos="X">Raud</wf>
         <wf lemma="," pos="X">,</wf>
         <wf lemma="hapnik" pos="X">hapnik</wf>
         <wf lemma="," pos="X">,</wf>
         <wf lemma="süsinik" pos="X">süsinik</wf>
         <wf lemma="on" pos="X">on</wf>
         <instance id="d000.s1655.t000" lemma="näide" pos="NOUN">näited</instance>
         <wf lemma="algainetest" pos="X">algainetest</wf>
         <wf lemma="(" pos="X">(</wf>
         <wf lemma="EKSS" pos="X">EKSS</wf>
         <wf lemma=")" pos="X">)</wf>
         <wf lemma="." pos="X">.</wf>
      </sentence>
      <sentence id="d000.s1656" source="wordnet-estonian">
         <wf lemma="Kedagi" pos="X">Kedagi</wf>
         <instance id="d000.s1656.t000" lemma="pühak" pos="NOUN">pühakuks</instance>
         <wf lemma="kuulutama" pos="X">kuulutama</wf>
         <wf lemma="." pos="X">.</wf>
         <wf lemma="Pärast" pos="X">Pärast</wf>
         <wf lemma="surma" pos="X">surma</wf>
         <wf lemma="pühitseti" pos="X">pühitseti</wf>
         <wf lemma="Jeanne" pos="X">Jeanne</wf>
         <wf lemma="d'Arc" pos="X">d'Arc</wf>
         <wf lemma="pühakuks" pos="X">pühakuks</wf>
         <wf lemma="." pos="X">.</wf>
         <wf lemma="Katoliiklike" pos="X">Katoliiklike</wf>
         <wf lemma="pühakute" pos="X">pühakute</wf>
         <wf lemma="nimepäevad" pos="X">nimepäevad</wf>
         <wf lemma="." pos="X">.</wf>
         <wf lemma="Pühakute" pos="X">Pühakute</wf>
         <wf lemma="pildid" pos="X">pildid</wf>
         <wf lemma="," pos="X">,</wf>
         <wf lemma="elulood" pos="X">elulood</wf>
         <wf lemma="." pos="X">.</wf>
         <wf lemma="Tsunftidel" pos="X">Tsunftidel</wf>
         <wf lemma="ja" pos="X">ja</wf>
         <wf lemma="gildidel" pos="X">gildidel</wf>
         <wf lemma="olid" pos="X">olid</wf>
         <wf lemma="oma" pos="X">oma</wf>
         <wf lemma="pühakud" pos="X">pühakud</wf>
         <wf lemma="." pos="X">.</wf>
         <wf lemma="Kunstnik" pos="X">Kunstnik</wf>
         <wf lemma="maalis" pos="X">maalis</wf>
         <wf lemma="pühakuid" pos="X">pühakuid</wf>
         <wf lemma="." pos="X">.</wf>
      </sentence>
      <sentence id="d000.s1657" source="wordnet-estonian">
         <wf lemma="Parteide" pos="X">Parteide</wf>
         <wf lemma="valimiseelne" pos="X">valimiseelne</wf>
         <instance id="d000.s1657.t000" lemma="demagoogia" pos="NOUN">demagoogia</instance>
         <wf lemma="." pos="X">.</wf>
      </sentence>
      <sentence id="d000.s1658" source="wordnet-estonian">
         <wf lemma="On" pos="X">On</wf>
         <wf lemma="oma" pos="X">oma</wf>
         <wf lemma="ala" pos="X">ala</wf>
         <instance id="d000.s1658.t000" lemma="fanaatik" pos="NOUN">fanaatik</instance>
         <wf lemma="." pos="X">.</wf>
         <wf lemma="Kerge" pos="X">Kerge</wf>
         <wf lemma="muusika" pos="X">muusika</wf>
         <wf lemma="fanaatik" pos="X">fanaatik</wf>
         <wf lemma="." pos="X">.</wf>
         <wf lemma="Fanaatikut" pos="X">Fanaatikut</wf>
         <wf lemma="ei" pos="X">ei</wf>
         <wf lemma="heiduta" pos="X">heiduta</wf>
         <wf lemma="sihi" pos="X">sihi</wf>
         <wf lemma="saavutamisel" pos="X">saavutamisel</wf>
         <wf lemma="mingid" pos="X">mingid</wf>
         <wf lemma="raskused" pos="X">raskused</wf>
         <wf lemma="." pos="X">.</wf>
      </sentence>
      <sentence id="d000.s1659" source="wordnet-estonian">
         <wf lemma="Piiril" pos="X">Piiril</wf>
         <wf lemma="olevad" pos="X">olevad</wf>
         <instance id="d000.s1659.t000" lemma="sõdur" pos="NOUN">sõdurid</instance>
         <wf lemma="käitusid" pos="X">käitusid</wf>
         <wf lemma="kindlalt" pos="X">kindlalt</wf>
         <wf lemma="ja" pos="X">ja</wf>
         <wf lemma="rahulikult" pos="X">rahulikult</wf>
         <wf lemma="." pos="X">.</wf>
      </sentence>
      <sentence id="d000.s1660" source="wordnet-estonian">
         <wf lemma="Oma" pos="X">Oma</wf>
         <instance id="d000.s1660.t000" lemma="häbi" pos="NOUN">häbiks</instance>
         <wf lemma="pean" pos="X">pean</wf>
         <wf lemma="tunnistama" pos="X">tunnistama</wf>
         <wf lemma="," pos="X">,</wf>
         <wf lemma="et." pos="X">et.</wf>
         <wf lemma="." pos="X">.</wf>
         <wf lemma="Varga" pos="X">Varga</wf>
         <wf lemma="häbi" pos="X">häbi</wf>
         <wf lemma="jääb" pos="X">jääb</wf>
         <wf lemma="eluajaks" pos="X">eluajaks</wf>
         <wf lemma="külge" pos="X">külge</wf>
         <wf lemma="." pos="X">.</wf>
      </sentence>
      <sentence id="d000.s1661" source="wordnet-estonian">
         <wf lemma="Tädi" pos="X">Tädi</wf>
         <wf lemma="liigne" pos="X">liigne</wf>
         <instance id="d000.s1661.t000" lemma="jutukus" pos="NOUN">jutukus</instance>
         <wf lemma="muutus" pos="X">muutus</wf>
         <wf lemma="tüütavaks" pos="X">tüütavaks</wf>
         <wf lemma="." pos="X">.</wf>
      </sentence>
      <sentence id="d000.s1662" source="wordnet-estonian">
         <wf lemma="Arengumaades" pos="X">Arengumaades</wf>
         <wf lemma="sureb" pos="X">sureb</wf>
         <wf lemma="iga" pos="X">iga</wf>
         <wf lemma="päev" pos="X">päev</wf>
         <wf lemma="inimesi" pos="X">inimesi</wf>
         <instance id="d000.s1662.t000" lemma="nälg" pos="NOUN">nälga</instance>
         <wf lemma="." pos="X">.</wf>
      </sentence>
      <sentence id="d000.s1663" source="wordnet-estonian">
         <wf lemma="Esineja" pos="X">Esineja</wf>
         <wf lemma="ei" pos="X">ei</wf>
         <wf lemma="leidnud" pos="X">leidnud</wf>
         <instance id="d000.s1663.t000" lemma="publik" pos="NOUN">publikuga</instance>
         <wf lemma="kontakti" pos="X">kontakti</wf>
         <wf lemma="." pos="X">.</wf>
      </sentence>
      <sentence id="d000.s1664" source="wordnet-estonian">
         <wf lemma="Rongi" pos="X">Rongi</wf>
         <wf lemma="tuli" pos="X">tuli</wf>
         <wf lemma="kaks" pos="X">kaks</wf>
         <wf lemma="tundi" pos="X">tundi</wf>
         <instance id="d000.s1664.t000" lemma="ootama" pos="VERB">oodata</instance>
         <wf lemma="." pos="X">.</wf>
      </sentence>
      <sentence id="d000.s1665" source="wordnet-estonian">
         <instance id="d000.s1665.t000" lemma="makse" pos="NOUN">Maksed</instance>
         <wf lemma="kommunaalteenuste" pos="X">kommunaalteenuste</wf>
         <wf lemma="eest" pos="X">eest</wf>
         <wf lemma="." pos="X">.</wf>
      </sentence>
      <sentence id="d000.s1666" source="wordnet-estonian">
         <wf lemma="Alpinistid" pos="X">Alpinistid</wf>
         <wf lemma="alustasid" pos="X">alustasid</wf>
         <instance id="d000.s1666.t000" lemma="tõus" pos="NOUN">tõusu</instance>
         <wf lemma="(" pos="X">(</wf>
         <wf lemma="EKSS" pos="X">EKSS</wf>
         <wf lemma=")" pos="X">)</wf>
         <wf lemma="." pos="X">.</wf>
      </sentence>
      <sentence id="d000.s1667" source="wordnet-estonian">
         <wf lemma="Ladina" pos="X">Ladina</wf>
         <wf lemma="keelt" pos="X">keelt</wf>
         <wf lemma="õppisime" pos="X">õppisime</wf>
         <wf lemma="viis" pos="X">viis</wf>
         <instance id="d000.s1667.t000" lemma="semester" pos="NOUN">semestrit</instance>
         <wf lemma="." pos="X">.</wf>
      </sentence>
      <sentence id="d000.s1668" source="wordnet-estonian">
         <wf lemma="Ostsin" pos="X">Ostsin</wf>
         <wf lemma="endale" pos="X">endale</wf>
         <wf lemma="sünnipäevaks" pos="X">sünnipäevaks</wf>
         <instance id="d000.s1668.t000" lemma="uus" pos="ADJ">uue</instance>
         <wf lemma="kleidi" pos="X">kleidi</wf>
         <wf lemma="." pos="X">.</wf>
      </sentence>
      <sentence id="d000.s1669" source="wordnet-estonian">
         <wf lemma="Olukorra" pos="X">Olukorra</wf>
         <instance id="d000.s1669.t000" lemma="lootusetus" pos="NOUN">lootusetus</instance>
         <wf lemma="(" pos="X">(</wf>
         <wf lemma="EKSS" pos="X">EKSS</wf>
         <wf lemma=")" pos="X">)</wf>
         <wf lemma="." pos="X">.</wf>
      </sentence>
      <sentence id="d000.s1670" source="wordnet-estonian">
         <wf lemma="Kirjutusmasina" pos="X">Kirjutusmasina</wf>
         <wf lemma="," pos="X">,</wf>
         <wf lemma="arvuti" pos="X">arvuti</wf>
         <instance id="d000.s1670.t000" lemma="klaviatuur" pos="NOUN">klaviatuur</instance>
         <wf lemma="." pos="X">.</wf>
      </sentence>
      <sentence id="d000.s1671" source="wordnet-estonian">
         <wf lemma="Kährik" pos="X">Kährik</wf>
         <wf lemma="on" pos="X">on</wf>
         <wf lemma="meie" pos="X">meie</wf>
         <wf lemma="metsades" pos="X">metsades</wf>
         <wf lemma="kujunemas" pos="X">kujunemas</wf>
         <instance id="d000.s1671.t000" lemma="kahjur" pos="NOUN">kahjuriks</instance>
         <wf lemma="." pos="X">.</wf>
      </sentence>
      <sentence id="d000.s1672" source="wordnet-estonian">
         <wf lemma="Haige" pos="X">Haige</wf>
         <wf lemma="kannatas" pos="X">kannatas</wf>
         <instance id="d000.s1672.t000" lemma="hallutsinatsioon" pos="NOUN">hallutsinatsioonide</instance>
         <wf lemma="all" pos="X">all</wf>
         <wf lemma="." pos="X">.</wf>
      </sentence>
      <sentence id="d000.s1673" source="wordnet-estonian">
         <wf lemma="Dekoori" pos="X">Dekoori</wf>
         <instance id="d000.s1673.t000" lemma="lineaarsus" pos="NOUN">lineaarsus</instance>
         <wf lemma="(" pos="X">(</wf>
         <wf lemma="EKSS" pos="X">EKSS</wf>
         <wf lemma=")" pos="X">)</wf>
         <wf lemma="." pos="X">.</wf>
      </sentence>
      <sentence id="d000.s1674" source="wordnet-estonian">
         <instance id="d000.s1674.t000" lemma="magma" pos="NOUN">Magma</instance>
         <wf lemma="purskub" pos="X">purskub</wf>
         <wf lemma="vulkaanidest" pos="X">vulkaanidest</wf>
         <wf lemma="laavana" pos="X">laavana</wf>
         <wf lemma="maapinnale" pos="X">maapinnale</wf>
         <wf lemma="." pos="X">.</wf>
         <wf lemma="(" pos="X">(</wf>
         <wf lemma="EKSS" pos="X">EKSS</wf>
         <wf lemma=")" pos="X">)</wf>
         <wf lemma="." pos="X">.</wf>
      </sentence>
      <sentence id="d000.s1675" source="wordnet-estonian">
         <wf lemma="Seisukord" pos="X">Seisukord</wf>
         <wf lemma="on" pos="X">on</wf>
         <instance id="d000.s1675.t000" lemma="üldiselt" pos="ADV">üldiselt</instance>
         <wf lemma="hea" pos="X">hea</wf>
         <wf lemma="." pos="X">.</wf>
      </sentence>
      <sentence id="d000.s1676" source="wordnet-estonian">
         <instance id="d000.s1676.t000" lemma="ootamatu" pos="ADJ">Ootamatu</instance>
         <wf lemma="ilmamuutus" pos="X">ilmamuutus</wf>
         <wf lemma="." pos="X">.</wf>
         <wf lemma="Ootamatud" pos="X">Ootamatud</wf>
         <wf lemma="külalised" pos="X">külalised</wf>
         <wf lemma="." pos="X">.</wf>
         <wf lemma="Ootamatu" pos="X">Ootamatu</wf>
         <wf lemma="surm" pos="X">surm</wf>
         <wf lemma="." pos="X">.</wf>
         <wf lemma="Mul" pos="X">Mul</wf>
         <wf lemma="oli" pos="X">oli</wf>
         <wf lemma="ootamatuid" pos="X">ootamatuid</wf>
         <wf lemma="kulutusi" pos="X">kulutusi</wf>
         <wf lemma="." pos="X">.</wf>
      </sentence>
      <sentence id="d000.s1677" source="wordnet-estonian">
         <wf lemma="Kõrge" pos="X">Kõrge</wf>
         <wf lemma="," pos="X">,</wf>
         <wf lemma="hea" pos="X">hea</wf>
         <instance id="d000.s1677.t000" lemma="kvaliteet" pos="NOUN">kvaliteediga</instance>
         <wf lemma="kivisüsi" pos="X">kivisüsi</wf>
         <wf lemma="(" pos="X">(</wf>
         <wf lemma="EKSS" pos="X">EKSS</wf>
         <wf lemma=")" pos="X">)</wf>
         <wf lemma="." pos="X">.</wf>
      </sentence>
      <sentence id="d000.s1678" source="wordnet-estonian">
         <wf lemma="Sa" pos="X">Sa</wf>
         <wf lemma="valisid" pos="X">valisid</wf>
         <wf lemma="uurimiseks" pos="X">uurimiseks</wf>
         <wf lemma="liiga" pos="X">liiga</wf>
         <instance id="d000.s1678.t000" lemma="raske" pos="ADJ">raske</instance>
         <wf lemma="teema" pos="X">teema</wf>
         <wf lemma="." pos="X">.</wf>
      </sentence>
      <sentence id="d000.s1679" source="wordnet-estonian">
         <wf lemma="Selliseid" pos="X">Selliseid</wf>
         <wf lemma="haigusi" pos="X">haigusi</wf>
         <wf lemma="esineb" pos="X">esineb</wf>
         <wf lemma="talvel" pos="X">talvel</wf>
         <wf lemma="üsna" pos="X">üsna</wf>
         <instance id="d000.s1679.t000" lemma="harva" pos="ADV">harva</instance>
         <wf lemma="." pos="X">.</wf>
      </sentence>
      <sentence id="d000.s1680" source="wordnet-estonian">
         <wf lemma="Seebikivi" pos="X">Seebikivi</wf>
         <wf lemma="on" pos="X">on</wf>
         <instance id="d000.s1680.t000" lemma="leelis" pos="NOUN">leelis</instance>
         <wf lemma="." pos="X">.</wf>
         <wf lemma="*" pos="X">*</wf>
         <wf lemma="Kasetuhk" pos="X">Kasetuhk</wf>
         <wf lemma="taas" pos="X">taas</wf>
         <wf lemma="andis" pos="X">andis</wf>
         <wf lemma="pesupesemiseks" pos="X">pesupesemiseks</wf>
         <wf lemma="hea" pos="X">hea</wf>
         <wf lemma="leelise" pos="X">leelise</wf>
         <wf lemma="ehk" pos="X">ehk</wf>
         <wf lemma="libeda" pos="X">libeda</wf>
         <wf lemma="." pos="X">.</wf>
         <wf lemma="(" pos="X">(</wf>
         <wf lemma="Autor" pos="X">Autor</wf>
         <wf lemma=":" pos="X">:</wf>
         <wf lemma="A." pos="X">A.</wf>
         <wf lemma="Viires." pos="X">Viires.</wf>
         <wf lemma=")" pos="X">)</wf>
         <wf lemma="." pos="X">.</wf>
      </sentence>
      <sentence id="d000.s1681" source="wordnet-estonian">
         <wf lemma="Mehe" pos="X">Mehe</wf>
         <instance id="d000.s1681.t000" lemma="impotentsus" pos="NOUN">impotentsus</instance>
         <wf lemma="." pos="X">.</wf>
         <wf lemma="*" pos="X">*</wf>
         <wf lemma="See" pos="X">See</wf>
         <wf lemma="on" pos="X">on</wf>
         <wf lemma="impotentsus" pos="X">impotentsus</wf>
         <wf lemma="elu" pos="X">elu</wf>
         <wf lemma="suhtes" pos="X">suhtes</wf>
         <wf lemma="," pos="X">,</wf>
         <wf lemma="kui" pos="X">kui</wf>
         <wf lemma="inimene" pos="X">inimene</wf>
         <wf lemma="ajab" pos="X">ajab</wf>
         <wf lemma="oma" pos="X">oma</wf>
         <wf lemma="laiskuse" pos="X">laiskuse</wf>
         <wf lemma="perekonna" pos="X">perekonna</wf>
         <wf lemma="ja" pos="X">ja</wf>
         <wf lemma="laste" pos="X">laste</wf>
         <wf lemma="kaela" pos="X">kaela</wf>
         <wf lemma="." pos="X">.</wf>
         <wf lemma="(" pos="X">(</wf>
         <wf lemma="Autor" pos="X">Autor</wf>
         <wf lemma=":" pos="X">:</wf>
         <wf lemma="Ü." pos="X">Ü.</wf>
         <wf lemma="Tuulik." pos="X">Tuulik.</wf>
         <wf lemma=")" pos="X">)</wf>
         <wf lemma="." pos="X">.</wf>
      </sentence>
      <sentence id="d000.s1682" source="wordnet-estonian">
         <wf lemma="Külas" pos="X">Külas</wf>
         <wf lemma="on" pos="X">on</wf>
         <wf lemma="kõik" pos="X">kõik</wf>
         <wf lemma="omavahel" pos="X">omavahel</wf>
         <instance id="d000.s1682.t000" lemma="tuttav" pos="ADJ">tuttavad</instance>
         <wf lemma="." pos="X">.</wf>
         <wf lemma="Kõigile" pos="X">Kõigile</wf>
         <wf lemma="tuttav" pos="X">tuttav</wf>
         <wf lemma="laul" pos="X">laul</wf>
         <wf lemma="." pos="X">.</wf>
         <wf lemma="Käekiri" pos="X">Käekiri</wf>
         <wf lemma="oleks" pos="X">oleks</wf>
         <wf lemma="justkui" pos="X">justkui</wf>
         <wf lemma="tuttav" pos="X">tuttav</wf>
         <wf lemma="." pos="X">.</wf>
      </sentence>
      <sentence id="d000.s1683" source="wordnet-estonian">
         <wf lemma="Ma" pos="X">Ma</wf>
         <wf lemma="lisan" pos="X">lisan</wf>
         <wf lemma="oma" pos="X">oma</wf>
         <wf lemma="kirjatükki" pos="X">kirjatükki</wf>
         <wf lemma="veel" pos="X">veel</wf>
         <wf lemma="ühe" pos="X">ühe</wf>
         <instance id="d000.s1683.t000" lemma="lause" pos="NOUN">lause</instance>
         <wf lemma="." pos="X">.</wf>
      </sentence>
      <sentence id="d000.s1684" source="wordnet-estonian">
         <wf lemma="Astus" pos="X">Astus</wf>
         <wf lemma="välja" pos="X">välja</wf>
         <instance id="d000.s1684.t000" lemma="orjus" pos="NOUN">orjuse</instance>
         <wf lemma="ja" pos="X">ja</wf>
         <wf lemma="rõhumise" pos="X">rõhumise</wf>
         <wf lemma="vastu" pos="X">vastu</wf>
         <wf lemma="." pos="X">.</wf>
      </sentence>
      <sentence id="d000.s1685" source="wordnet-estonian">
         <wf lemma="Tööde" pos="X">Tööde</wf>
         <wf lemma="mehhaniseerimise" pos="X">mehhaniseerimise</wf>
         <instance id="d000.s1685.t000" lemma="aste" pos="NOUN">aste</instance>
         <wf lemma="on" pos="X">on</wf>
         <wf lemma="väga" pos="X">väga</wf>
         <wf lemma="erinev" pos="X">erinev</wf>
         <wf lemma="." pos="X">.</wf>
      </sentence>
      <sentence id="d000.s1686" source="wordnet-estonian">
         <wf lemma="Ükski" pos="X">Ükski</wf>
         <instance id="d000.s1686.t000" lemma="kohustus" pos="NOUN">kohustus</instance>
         <wf lemma="ei" pos="X">ei</wf>
         <wf lemma="tuletanud" pos="X">tuletanud</wf>
         <wf lemma="end" pos="X">end</wf>
         <wf lemma="meelde" pos="X">meelde</wf>
         <wf lemma="." pos="X">.</wf>
      </sentence>
      <sentence id="d000.s1687" source="wordnet-estonian">
         <instance id="d000.s1687.t000" lemma="puhastama" pos="VERB">Puhastasin</instance>
         <wf lemma="põhjalikult" pos="X">põhjalikult</wf>
         <wf lemma="vaiba" pos="X">vaiba</wf>
         <wf lemma="." pos="X">.</wf>
      </sentence>
      <sentence id="d000.s1688" source="wordnet-estonian">
         <wf lemma="Sandro" pos="X">Sandro</wf>
         <wf lemma="Boticelli" pos="X">Boticelli</wf>
         <wf lemma="on" pos="X">on</wf>
         <wf lemma="üks" pos="X">üks</wf>
         <wf lemma="tuntumaid" pos="X">tuntumaid</wf>
         <instance id="d000.s1688.t000" lemma="quattrocento" pos="NOUN">quattrocento</instance>
         <wf lemma="kunstnikke" pos="X">kunstnikke</wf>
         <wf lemma="." pos="X">.</wf>
      </sentence>
      <sentence id="d000.s1689" source="wordnet-estonian">
         <wf lemma="Põuaga" pos="X">Põuaga</wf>
         <wf lemma="oli" pos="X">oli</wf>
         <instance id="d000.s1689.t000" lemma="oja" pos="NOUN">oja</instance>
         <wf lemma="kuivanud" pos="X">kuivanud</wf>
         <wf lemma="." pos="X">.</wf>
      </sentence>
      <sentence id="d000.s1690" source="wordnet-estonian">
         <wf lemma="Imetajate" pos="X">Imetajate</wf>
         <wf lemma="munades" pos="X">munades</wf>
         <wf lemma="on" pos="X">on</wf>
         <wf lemma="vähe" pos="X">vähe</wf>
         <instance id="d000.s1690.t000" lemma="rebu" pos="NOUN">rebu</instance>
         <wf lemma="," pos="X">,</wf>
         <wf lemma="roomajate" pos="X">roomajate</wf>
         <wf lemma="ja" pos="X">ja</wf>
         <wf lemma="lindude" pos="X">lindude</wf>
         <wf lemma="omades" pos="X">omades</wf>
         <wf lemma="palju" pos="X">palju</wf>
         <wf lemma="." pos="X">.</wf>
      </sentence>
      <sentence id="d000.s1691" source="wordnet-estonian">
         <wf lemma="Koer" pos="X">Koer</wf>
         <wf lemma="ajab" pos="X">ajab</wf>
         <instance id="d000.s1691.t000" lemma="rebane" pos="NOUN">rebase</instance>
         <wf lemma="jälgi" pos="X">jälgi</wf>
         <wf lemma="." pos="X">.</wf>
         <wf lemma="Rebast" pos="X">Rebast</wf>
         <wf lemma="peetakse" pos="X">peetakse</wf>
         <wf lemma="targaks" pos="X">targaks</wf>
         <wf lemma="," pos="X">,</wf>
         <wf lemma="uudishimulikuks" pos="X">uudishimulikuks</wf>
         <wf lemma="ja" pos="X">ja</wf>
         <wf lemma="osavaks" pos="X">osavaks</wf>
         <wf lemma="loomaks" pos="X">loomaks</wf>
         <wf lemma="." pos="X">.</wf>
         <wf lemma="Rebane" pos="X">Rebane</wf>
         <wf lemma="ei" pos="X">ei</wf>
         <wf lemma="kõlba" pos="X">kõlba</wf>
         <wf lemma="kanade" pos="X">kanade</wf>
         <wf lemma="karjaseks" pos="X">karjaseks</wf>
         <wf lemma="." pos="X">.</wf>
      </sentence>
      <sentence id="d000.s1692" source="wordnet-estonian">
         <wf lemma="Teekäijal" pos="X">Teekäijal</wf>
         <wf lemma="oli" pos="X">oli</wf>
         <wf lemma="kott" pos="X">kott</wf>
         <wf lemma="seljas" pos="X">seljas</wf>
         <wf lemma="ja" pos="X">ja</wf>
         <instance id="d000.s1692.t000" lemma="kepp" pos="NOUN">kepp</instance>
         <wf lemma="käes" pos="X">käes</wf>
         <wf lemma="." pos="X">.</wf>
      </sentence>
      <sentence id="d000.s1693" source="wordnet-estonian">
         <wf lemma="Ruum" pos="X">Ruum</wf>
         <wf lemma="oli" pos="X">oli</wf>
         <instance id="d000.s1693.t000" lemma="rahvas" pos="NOUN">rahvast</instance>
         <wf lemma="tulvil" pos="X">tulvil</wf>
         <wf lemma="." pos="X">.</wf>
      </sentence>
      <sentence id="d000.s1694" source="wordnet-estonian">
         <wf lemma="Tal" pos="X">Tal</wf>
         <wf lemma="on" pos="X">on</wf>
         <wf lemma="mitu" pos="X">mitu</wf>
         <wf lemma="ühiskondlikku" pos="X">ühiskondlikku</wf>
         <instance id="d000.s1694.t000" lemma="amet" pos="NOUN">ametit</instance>
         <wf lemma="." pos="X">.</wf>
         <wf lemma="Esimees" pos="X">Esimees</wf>
         <wf lemma="oli" pos="X">oli</wf>
         <wf lemma="ameti" pos="X">ameti</wf>
         <wf lemma="maha" pos="X">maha</wf>
         <wf lemma="pannud" pos="X">pannud</wf>
         <wf lemma="." pos="X">.</wf>
      </sentence>
      <sentence id="d000.s1695" source="wordnet-estonian">
         <wf lemma="Kirja" pos="X">Kirja</wf>
         <instance id="d000.s1695.t000" lemma="originaal" pos="NOUN">originaal</instance>
         <wf lemma="oli" pos="X">oli</wf>
         <wf lemma="kaotsi" pos="X">kaotsi</wf>
         <wf lemma="läinud" pos="X">läinud</wf>
         <wf lemma="." pos="X">.</wf>
      </sentence>
      <sentence id="d000.s1696" source="wordnet-estonian">
         <wf lemma="Kooli" pos="X">Kooli</wf>
         <wf lemma="," pos="X">,</wf>
         <wf lemma="teatri" pos="X">teatri</wf>
         <wf lemma="," pos="X">,</wf>
         <wf lemma="kohviku" pos="X">kohviku</wf>
         <instance id="d000.s1696.t000" lemma="garderoob" pos="NOUN">garderoob</instance>
         <wf lemma="." pos="X">.</wf>
         <wf lemma="Andis" pos="X">Andis</wf>
         <wf lemma="ülerõivad" pos="X">ülerõivad</wf>
         <wf lemma="garderoobi" pos="X">garderoobi</wf>
         <wf lemma="." pos="X">.</wf>
         <wf lemma="Rahvas" pos="X">Rahvas</wf>
         <wf lemma="tungles" pos="X">tungles</wf>
         <wf lemma="garderoobis" pos="X">garderoobis</wf>
         <wf lemma="." pos="X">.</wf>
         <wf lemma="Garderoob" pos="X">Garderoob</wf>
         <wf lemma="oli" pos="X">oli</wf>
         <wf lemma="palituid" pos="X">palituid</wf>
         <wf lemma="ja" pos="X">ja</wf>
         <wf lemma="kübaraid" pos="X">kübaraid</wf>
         <wf lemma="kuhjaga" pos="X">kuhjaga</wf>
         <wf lemma="täis" pos="X">täis</wf>
         <wf lemma="." pos="X">.</wf>
      </sentence>
      <sentence id="d000.s1697" source="wordnet-estonian">
         <wf lemma="Hoidis" pos="X">Hoidis</wf>
         <wf lemma="kokku" pos="X">kokku</wf>
         <wf lemma="mõnikümmend" pos="X">mõnikümmend</wf>
         <instance id="d000.s1697.t000" lemma="sent" pos="NOUN">senti</instance>
         <wf lemma="." pos="X">.</wf>
         <wf lemma="Ema" pos="X">Ema</wf>
         <wf lemma="andis" pos="X">andis</wf>
         <wf lemma="poisile" pos="X">poisile</wf>
         <wf lemma="soola" pos="X">soola</wf>
         <wf lemma="ostmiseks" pos="X">ostmiseks</wf>
         <wf lemma="vajalikud" pos="X">vajalikud</wf>
         <wf lemma="sendid" pos="X">sendid</wf>
         <wf lemma="." pos="X">.</wf>
         <wf lemma="(" pos="X">(</wf>
         <wf lemma="EKSS" pos="X">EKSS</wf>
         <wf lemma=")" pos="X">)</wf>
         <wf lemma="." pos="X">.</wf>
      </sentence>
      <sentence id="d000.s1698" source="wordnet-estonian">
         <instance id="d000.s1698.t000" lemma="naiselikkus" pos="NOUN">Naiselikkus</instance>
         <wf lemma="on" pos="X">on</wf>
         <wf lemma="tema" pos="X">tema</wf>
         <wf lemma="loomuses" pos="X">loomuses</wf>
         <wf lemma="." pos="X">.</wf>
      </sentence>
      <sentence id="d000.s1699" source="wordnet-estonian">
         <wf lemma="Raamatul" pos="X">Raamatul</wf>
         <wf lemma="oli" pos="X">oli</wf>
         <wf lemma="järjehoidja" pos="X">järjehoidja</wf>
         <instance id="d000.s1699.t000" lemma="vahel" pos="ADV">vahel</instance>
         <wf lemma="." pos="X">.</wf>
      </sentence>
      <sentence id="d000.s1700" source="wordnet-estonian">
         <wf lemma="Lugema" pos="X">Lugema</wf>
         <wf lemma="," pos="X">,</wf>
         <wf lemma="joonistama" pos="X">joonistama</wf>
         <wf lemma="," pos="X">,</wf>
         <wf lemma="suusatama" pos="X">suusatama</wf>
         <instance id="d000.s1700.t000" lemma="hakkama" pos="VERB">hakkama</instance>
         <wf lemma="." pos="X">.</wf>
      </sentence>
      <sentence id="d000.s1701" source="wordnet-estonian">
         <wf lemma="Tööpäeva" pos="X">Tööpäeva</wf>
         <wf lemma="maksimaalne" pos="X">maksimaalne</wf>
         <instance id="d000.s1701.t000" lemma="pikkus" pos="NOUN">pikkus</instance>
         <wf lemma="(" pos="X">(</wf>
         <wf lemma="EKSS" pos="X">EKSS</wf>
         <wf lemma=")" pos="X">)</wf>
         <wf lemma="." pos="X">.</wf>
      </sentence>
      <sentence id="d000.s1702" source="wordnet-estonian">
         <wf lemma="Madal" pos="X">Madal</wf>
         <instance id="d000.s1702.t000" lemma="melatoniin" pos="NOUN">melatoniini</instance>
         <wf lemma="tase" pos="X">tase</wf>
         <wf lemma="veres" pos="X">veres</wf>
         <wf lemma="näitab" pos="X">näitab</wf>
         <wf lemma="," pos="X">,</wf>
         <wf lemma="et" pos="X">et</wf>
         <wf lemma="inimene" pos="X">inimene</wf>
         <wf lemma="on" pos="X">on</wf>
         <wf lemma="ergas" pos="X">ergas</wf>
         <wf lemma="." pos="X">.</wf>
      </sentence>
      <sentence id="d000.s1703" source="wordnet-estonian">
         <instance id="d000.s1703.t000" lemma="täna" pos="ADV">Täna</instance>
         <wf lemma="hommikul" pos="X">hommikul</wf>
         <wf lemma="ei" pos="X">ei</wf>
         <wf lemma="paistnud" pos="X">paistnud</wf>
         <wf lemma="päike" pos="X">päike</wf>
         <wf lemma="." pos="X">.</wf>
      </sentence>
      <sentence id="d000.s1704" source="wordnet-estonian">
         <wf lemma="Halvast" pos="X">Halvast</wf>
         <wf lemma="nähtavusest" pos="X">nähtavusest</wf>
         <wf lemma="hoolimata" pos="X">hoolimata</wf>
         <instance id="d000.s1704.t000" lemma="maandama" pos="VERB">maandasid</instance>
         <wf lemma="lendurid" pos="X">lendurid</wf>
         <wf lemma="lennuki" pos="X">lennuki</wf>
         <wf lemma="õnnelikult" pos="X">õnnelikult</wf>
         <wf lemma="." pos="X">.</wf>
      </sentence>
      <sentence id="d000.s1705" source="wordnet-estonian">
         <wf lemma="Taat" pos="X">Taat</wf>
         <wf lemma="tahab" pos="X">tahab</wf>
         <wf lemma="hakata" pos="X">hakata</wf>
         <instance id="d000.s1705.t000" lemma="lehm" pos="NOUN">lehma</instance>
         <wf lemma="pidama" pos="X">pidama</wf>
         <wf lemma="." pos="X">.</wf>
         <wf lemma="Lehma" pos="X">Lehma</wf>
         <wf lemma="lüpsma" pos="X">lüpsma</wf>
         <wf lemma="." pos="X">.</wf>
      </sentence>
      <sentence id="d000.s1706" source="wordnet-estonian">
         <wf lemma="Püsti" pos="X">Püsti</wf>
         <wf lemma="püsimine" pos="X">püsimine</wf>
         <wf lemma="nõudis" pos="X">nõudis</wf>
         <instance id="d000.s1706.t000" lemma="jõud" pos="NOUN">jõudu</instance>
         <wf lemma="." pos="X">.</wf>
      </sentence>
      <sentence id="d000.s1707" source="wordnet-estonian">
         <instance id="d000.s1707.t000" lemma="hüpofüüs" pos="NOUN">Hüpofüüs</instance>
         <wf lemma="on" pos="X">on</wf>
         <wf lemma="selgroogsete" pos="X">selgroogsete</wf>
         <wf lemma="organismide" pos="X">organismide</wf>
         <wf lemma="hernesuurune" pos="X">hernesuurune</wf>
         <wf lemma="endokriinnääre" pos="X">endokriinnääre</wf>
         <wf lemma="." pos="X">.</wf>
      </sentence>
      <sentence id="d000.s1708" source="wordnet-estonian">
         <wf lemma="Lauri" pos="X">Lauri</wf>
         <wf lemma="rääkis" pos="X">rääkis</wf>
         <wf lemma="meile" pos="X">meile</wf>
         <instance id="d000.s1708.t000" lemma="veidi" pos="ADV">veidi</instance>
         <wf lemma="oma" pos="X">oma</wf>
         <wf lemma="elust" pos="X">elust</wf>
         <wf lemma="." pos="X">.</wf>
      </sentence>
      <sentence id="d000.s1709" source="wordnet-estonian">
         <wf lemma="Nende" pos="X">Nende</wf>
         <instance id="d000.s1709.t000" lemma="kihlus" pos="NOUN">kihlusest</instance>
         <wf lemma="ei" pos="X">ei</wf>
         <wf lemma="teadnud" pos="X">teadnud</wf>
         <wf lemma="esialgu" pos="X">esialgu</wf>
         <wf lemma="keegi" pos="X">keegi</wf>
         <wf lemma="." pos="X">.</wf>
         <wf lemma="Soovin" pos="X">Soovin</wf>
         <wf lemma="teile" pos="X">teile</wf>
         <wf lemma="kihluse" pos="X">kihluse</wf>
         <wf lemma="puhul" pos="X">puhul</wf>
         <wf lemma="õnne" pos="X">õnne</wf>
         <wf lemma="." pos="X">.</wf>
         <wf lemma="Noormees" pos="X">Noormees</wf>
         <wf lemma="tühistas" pos="X">tühistas</wf>
         <wf lemma="oma" pos="X">oma</wf>
         <wf lemma="kihluse" pos="X">kihluse</wf>
         <wf lemma="." pos="X">.</wf>
         <wf lemma="Kihlust" pos="X">Kihlust</wf>
         <wf lemma="," pos="X">,</wf>
         <wf lemma="kihlusi" pos="X">kihlusi</wf>
         <wf lemma="pidama" pos="X">pidama</wf>
         <wf lemma="," pos="X">,</wf>
         <wf lemma="pühitsema" pos="X">pühitsema</wf>
         <wf lemma="." pos="X">.</wf>
         <wf lemma="*" pos="X">*</wf>
         <wf lemma="Aga" pos="X">Aga</wf>
         <wf lemma="täna" pos="X">täna</wf>
         <wf lemma="joodi" pos="X">joodi</wf>
         <wf lemma="Anne-Maist" pos="X">Anne-Maist</wf>
         <wf lemma="noorema" pos="X">noorema</wf>
         <wf lemma="õe" pos="X">õe</wf>
         <wf lemma="Liine" pos="X">Liine</wf>
         <wf lemma="kihlusi" pos="X">kihlusi</wf>
         <wf lemma="." pos="X">.</wf>
         <wf lemma="(" pos="X">(</wf>
         <wf lemma="Autor" pos="X">Autor</wf>
         <wf lemma=":" pos="X">:</wf>
         <wf lemma="L." pos="X">L.</wf>
         <wf lemma="Promet." pos="X">Promet.</wf>
         <wf lemma=")" pos="X">)</wf>
         <wf lemma="." pos="X">.</wf>
      </sentence>
      <sentence id="d000.s1710" source="wordnet-estonian">
         <wf lemma="Koera" pos="X">Koera</wf>
         <wf lemma="sõbralik" pos="X">sõbralik</wf>
         <wf lemma="sabaliputus" pos="X">sabaliputus</wf>
         <wf lemma="ja" pos="X">ja</wf>
         <wf lemma="kassi" pos="X">kassi</wf>
         <instance id="d000.s1710.t000" lemma="nurrumine" pos="NOUN">nurrumine</instance>
         <wf lemma="." pos="X">.</wf>
      </sentence>
      <sentence id="d000.s1711" source="wordnet-estonian">
         <wf lemma="Mättiku" pos="X">Mättiku</wf>
         <wf lemma="Joosep" pos="X">Joosep</wf>
         <wf lemma="tõmbas" pos="X">tõmbas</wf>
         <wf lemma="oma" pos="X">oma</wf>
         <instance id="d000.s1711.t000" lemma="korgitser" pos="NOUN">korgitseriga</instance>
         <wf lemma="[" pos="X">[</wf>
         <wf lemma="pudelil" pos="X">pudelil</wf>
         <wf lemma="]" pos="X">]</wf>
         <wf lemma="korgi" pos="X">korgi</wf>
         <wf lemma="pealt" pos="X">pealt</wf>
         <wf lemma="." pos="X">.</wf>
         <wf lemma="." pos="X">.</wf>
         <wf lemma="(" pos="X">(</wf>
         <wf lemma="Autor" pos="X">Autor</wf>
         <wf lemma=":" pos="X">:</wf>
         <wf lemma="J." pos="X">J.</wf>
         <wf lemma="Parijõgi" pos="X">Parijõgi</wf>
         <wf lemma="." pos="X">.</wf>
         <wf lemma=")" pos="X">)</wf>
         <wf lemma="." pos="X">.</wf>
      </sentence>
      <sentence id="d000.s1712" source="wordnet-estonian">
         <wf lemma="Karja" pos="X">Karja</wf>
         <wf lemma="juurest" pos="X">juurest</wf>
         <wf lemma="eksinud" pos="X">eksinud</wf>
         <instance id="d000.s1712.t000" lemma="tall" pos="NOUN">tall</instance>
         <wf lemma="määgib" pos="X">määgib</wf>
         <wf lemma="haledasti" pos="X">haledasti</wf>
         <wf lemma="(" pos="X">(</wf>
         <wf lemma="EKSS" pos="X">EKSS</wf>
         <wf lemma=")" pos="X">)</wf>
         <wf lemma="." pos="X">.</wf>
      </sentence>
      <sentence id="d000.s1713" source="wordnet-estonian">
         <wf lemma="Raku" pos="X">Raku</wf>
         <instance id="d000.s1713.t000" lemma="omadus" pos="NOUN">omadus</instance>
         <wf lemma="paljuneda" pos="X">paljuneda</wf>
         <wf lemma="." pos="X">.</wf>
      </sentence>
      <sentence id="d000.s1714" source="wordnet-estonian">
         <wf lemma="See" pos="X">See</wf>
         <wf lemma="munk" pos="X">munk</wf>
         <wf lemma="on" pos="X">on</wf>
         <wf lemma="teotanud" pos="X">teotanud</wf>
         <wf lemma="minu" pos="X">minu</wf>
         <wf lemma="maja" pos="X">maja</wf>
         <wf lemma="," pos="X">,</wf>
         <wf lemma="ta" pos="X">ta</wf>
         <wf lemma="on" pos="X">on</wf>
         <wf lemma="oma" pos="X">oma</wf>
         <wf lemma="jäleda" pos="X">jäleda</wf>
         <instance id="d000.s1714.t000" lemma="kiimalus" pos="NOUN">kiimalusega</instance>
         <wf lemma="eksitanud" pos="X">eksitanud</wf>
         <wf lemma="minu" pos="X">minu</wf>
         <wf lemma="naise" pos="X">naise</wf>
         <wf lemma="!" pos="X">!</wf>
         <wf lemma="(" pos="X">(</wf>
         <wf lemma="Autor" pos="X">Autor</wf>
         <wf lemma=":" pos="X">:</wf>
         <wf lemma="E." pos="X">E.</wf>
         <wf lemma="Kippel." pos="X">Kippel.</wf>
         <wf lemma=")" pos="X">)</wf>
         <wf lemma="." pos="X">.</wf>
      </sentence>
      <sentence id="d000.s1715" source="wordnet-estonian">
         <wf lemma="Võrdlev" pos="X">Võrdlev</wf>
         <wf lemma="," pos="X">,</wf>
         <wf lemma="patoloogiline" pos="X">patoloogiline</wf>
         <instance id="d000.s1715.t000" lemma="histoloogia" pos="NOUN">histoloogia</instance>
         <wf lemma="." pos="X">.</wf>
      </sentence>
      <sentence id="d000.s1716" source="wordnet-estonian">
         <wf lemma="Talupojad" pos="X">Talupojad</wf>
         <wf lemma="tõstsid" pos="X">tõstsid</wf>
         <wf lemma="mõisnike" pos="X">mõisnike</wf>
         <wf lemma="vastu" pos="X">vastu</wf>
         <instance id="d000.s1716.t000" lemma="mäss" pos="NOUN">mässu</instance>
         <wf lemma="." pos="X">.</wf>
      </sentence>
      <sentence id="d000.s1717" source="wordnet-estonian">
         <wf lemma="Hüpped" pos="X">Hüpped</wf>
         <wf lemma="üle" pos="X">üle</wf>
         <instance id="d000.s1717.t000" lemma="hobune" pos="NOUN">hobuse</instance>
         <wf lemma="." pos="X">.</wf>
      </sentence>
      <sentence id="d000.s1718" source="wordnet-estonian">
         <wf lemma="Pani" pos="X">Pani</wf>
         <instance id="d000.s1718.t000" lemma="klaas" pos="NOUN">klaasid</instance>
         <wf lemma="ette" pos="X">ette</wf>
         <wf lemma="." pos="X">.</wf>
      </sentence>
      <sentence id="d000.s1719" source="wordnet-estonian">
         <wf lemma="Mees" pos="X">Mees</wf>
         <instance id="d000.s1719.t000" lemma="kaotama" pos="VERB">kaotas</instance>
         <wf lemma="nägemise" pos="X">nägemise</wf>
         <wf lemma="." pos="X">.</wf>
      </sentence>
      <sentence id="d000.s1720" source="wordnet-estonian">
         <wf lemma="Kangekaelne" pos="X">Kangekaelne</wf>
         <wf lemma="vanaema" pos="X">vanaema</wf>
         <instance id="d000.s1720.t000" lemma="vedama" pos="VERB">vedas</instance>
         <wf lemma="kõik" pos="X">kõik</wf>
         <wf lemma="ostud" pos="X">ostud</wf>
         <wf lemma="ikkagi" pos="X">ikkagi</wf>
         <wf lemma="käe" pos="X">käe</wf>
         <wf lemma="otsas" pos="X">otsas</wf>
         <wf lemma="koju" pos="X">koju</wf>
         <wf lemma="." pos="X">.</wf>
      </sentence>
      <sentence id="d000.s1721" source="wordnet-estonian">
         <wf lemma="Saame" pos="X">Saame</wf>
         <wf lemma="kaubale" pos="X">kaubale</wf>
         <wf lemma="," pos="X">,</wf>
         <wf lemma="kui" pos="X">kui</wf>
         <wf lemma="tõepoolest" pos="X">tõepoolest</wf>
         <instance id="d000.s1721.t000" lemma="ostja" pos="NOUN">ostja</instance>
         <wf lemma="oled" pos="X">oled</wf>
         <wf lemma="." pos="X">.</wf>
      </sentence>
      <sentence id="d000.s1722" source="wordnet-estonian">
         <instance id="d000.s1722.t000" lemma="külm" pos="ADJ">Külmadeks</instance>
         <wf lemma="värvusteks" pos="X">värvusteks</wf>
         <wf lemma="nimetatakse" pos="X">nimetatakse</wf>
         <wf lemma="harilikult" pos="X">harilikult</wf>
         <wf lemma="neid" pos="X">neid</wf>
         <wf lemma="," pos="X">,</wf>
         <wf lemma="mis" pos="X">mis</wf>
         <wf lemma="sisaldavad" pos="X">sisaldavad</wf>
         <wf lemma="sinist" pos="X">sinist</wf>
         <wf lemma="." pos="X">.</wf>
         <wf lemma="Neoonlampide" pos="X">Neoonlampide</wf>
         <wf lemma="külm" pos="X">külm</wf>
         <wf lemma="valgus" pos="X">valgus</wf>
         <wf lemma="." pos="X">.</wf>
         <wf lemma="Taevas" pos="X">Taevas</wf>
         <wf lemma="sirasid" pos="X">sirasid</wf>
         <wf lemma="külmad" pos="X">külmad</wf>
         <wf lemma="tähed" pos="X">tähed</wf>
         <wf lemma="." pos="X">.</wf>
      </sentence>
      <sentence id="d000.s1723" source="wordnet-estonian">
         <wf lemma="Maomahla" pos="X">Maomahla</wf>
         <wf lemma="," pos="X">,</wf>
         <wf lemma="seedemahlade" pos="X">seedemahlade</wf>
         <instance id="d000.s1723.t000" lemma="sekretsioon" pos="NOUN">sekretsioon</instance>
         <wf lemma="." pos="X">.</wf>
      </sentence>
      <sentence id="d000.s1724" source="wordnet-estonian">
         <instance id="d000.s1724.t000" lemma="katk" pos="NOUN">Katku</instance>
         <wf lemma="surema" pos="X">surema</wf>
         <wf lemma="." pos="X">.</wf>
         <wf lemma="Inimesi" pos="X">Inimesi</wf>
         <wf lemma="suri" pos="X">suri</wf>
         <wf lemma="nälja" pos="X">nälja</wf>
         <wf lemma="ja" pos="X">ja</wf>
         <wf lemma="katku" pos="X">katku</wf>
         <wf lemma="kätte" pos="X">kätte</wf>
         <wf lemma="." pos="X">.</wf>
         <wf lemma="Linnas" pos="X">Linnas</wf>
         <wf lemma="puhkes" pos="X">puhkes</wf>
         <wf lemma="," pos="X">,</wf>
         <wf lemma="levis" pos="X">levis</wf>
         <wf lemma="," pos="X">,</wf>
         <wf lemma="möllas" pos="X">möllas</wf>
         <wf lemma="katk" pos="X">katk</wf>
         <wf lemma="." pos="X">.</wf>
         <wf lemma="Sõjad" pos="X">Sõjad</wf>
         <wf lemma="ja" pos="X">ja</wf>
         <wf lemma="katk" pos="X">katk</wf>
         <wf lemma="hävitasid" pos="X">hävitasid</wf>
         <wf lemma="suure" pos="X">suure</wf>
         <wf lemma="osa" pos="X">osa</wf>
         <wf lemma="rahvast" pos="X">rahvast</wf>
         <wf lemma="." pos="X">.</wf>
         <wf lemma="Küla" pos="X">Küla</wf>
         <wf lemma="oli" pos="X">oli</wf>
         <wf lemma="tühi" pos="X">tühi</wf>
         <wf lemma="," pos="X">,</wf>
         <wf lemma="nagu" pos="X">nagu</wf>
         <wf lemma="oleks" pos="X">oleks</wf>
         <wf lemma="katk" pos="X">katk</wf>
         <wf lemma="üle" pos="X">üle</wf>
         <wf lemma="käinud" pos="X">käinud</wf>
         <wf lemma="." pos="X">.</wf>
         <wf lemma="Temast" pos="X">Temast</wf>
         <wf lemma="hoia" pos="X">hoia</wf>
         <wf lemma="nagu" pos="X">nagu</wf>
         <wf lemma="katkust" pos="X">katkust</wf>
         <wf lemma="eemale" pos="X">eemale</wf>
         <wf lemma="." pos="X">.</wf>
         <wf lemma="Kardab" pos="X">Kardab</wf>
         <wf lemma="teda" pos="X">teda</wf>
         <wf lemma="nagu" pos="X">nagu</wf>
         <wf lemma="katku" pos="X">katku</wf>
         <wf lemma="." pos="X">.</wf>
      </sentence>
      <sentence id="d000.s1725" source="wordnet-estonian">
         <wf lemma="Õpilasel" pos="X">Õpilasel</wf>
         <wf lemma="olid" pos="X">olid</wf>
         <wf lemma="ainult" pos="X">ainult</wf>
         <wf lemma="head" pos="X">head</wf>
         <wf lemma="ja" pos="X">ja</wf>
         <wf lemma="väga" pos="X">väga</wf>
         <wf lemma="head" pos="X">head</wf>
         <instance id="d000.s1725.t000" lemma="hinne" pos="NOUN">hinded</instance>
         <wf lemma="(" pos="X">(</wf>
         <wf lemma="EKSS" pos="X">EKSS</wf>
         <wf lemma=")" pos="X">)</wf>
         <wf lemma="." pos="X">.</wf>
      </sentence>
      <sentence id="d000.s1726" source="wordnet-estonian">
         <instance id="d000.s1726.t000" lemma="karjäär" pos="NOUN">Karjääri</instance>
         <wf lemma="tegema" pos="X">tegema</wf>
         <wf lemma="." pos="X">.</wf>
         <wf lemma="Alustas" pos="X">Alustas</wf>
         <wf lemma="oma" pos="X">oma</wf>
         <wf lemma="karjääri" pos="X">karjääri</wf>
         <wf lemma="väikese" pos="X">väikese</wf>
         <wf lemma="ametnikuna" pos="X">ametnikuna</wf>
         <wf lemma="," pos="X">,</wf>
         <wf lemma="kuid" pos="X">kuid</wf>
         <wf lemma="nüüd" pos="X">nüüd</wf>
         <wf lemma="on" pos="X">on</wf>
         <wf lemma="minister" pos="X">minister</wf>
         <wf lemma="." pos="X">.</wf>
      </sentence>
      <sentence id="d000.s1727" source="wordnet-estonian">
         <instance id="d000.s1727.t000" lemma="põud" pos="NOUN">Põuast</instance>
         <wf lemma="tingitud" pos="X">tingitud</wf>
         <wf lemma="ikaldus" pos="X">ikaldus</wf>
         <wf lemma="." pos="X">.</wf>
         <wf lemma="Ilm" pos="X">Ilm</wf>
         <wf lemma="näis" pos="X">näis</wf>
         <wf lemma="põuale" pos="X">põuale</wf>
         <wf lemma="pöörduvat" pos="X">pöörduvat</wf>
         <wf lemma="." pos="X">.</wf>
      </sentence>
      <sentence id="d000.s1728" source="wordnet-estonian">
         <wf lemma="Põhjasaami" pos="X">Põhjasaami</wf>
         <wf lemma="joigudes" pos="X">joigudes</wf>
         <wf lemma="on" pos="X">on</wf>
         <instance id="d000.s1728.t000" lemma="pentatoonika" pos="NOUN">pentatoonika</instance>
         <wf lemma="," pos="X">,</wf>
         <wf lemma="s.o" pos="X">s.o</wf>
         <wf lemma="kasutatakse" pos="X">kasutatakse</wf>
         <wf lemma="viit" pos="X">viit</wf>
         <wf lemma="tooni" pos="X">tooni</wf>
         <wf lemma="," pos="X">,</wf>
         <wf lemma="lõunasaami" pos="X">lõunasaami</wf>
         <wf lemma="joigudes" pos="X">joigudes</wf>
         <wf lemma="enamasti" pos="X">enamasti</wf>
         <wf lemma="kolme" pos="X">kolme</wf>
         <wf lemma="." pos="X">.</wf>
      </sentence>
      <sentence id="d000.s1729" source="wordnet-estonian">
         <instance id="d000.s1729.t000" lemma="politseinik" pos="NOUN">Politseinik</instance>
         <wf lemma="tabas" pos="X">tabas</wf>
         <wf lemma="kurjategija" pos="X">kurjategija</wf>
         <wf lemma="." pos="X">.</wf>
      </sentence>
      <sentence id="d000.s1730" source="wordnet-estonian">
         <wf lemma="Vahesein" pos="X">Vahesein</wf>
         <instance id="d000.s1730.t000" lemma="jaotama" pos="VERB">jaotab</instance>
         <wf lemma="toa" pos="X">toa</wf>
         <wf lemma="kaheks" pos="X">kaheks</wf>
         <wf lemma="(" pos="X">(</wf>
         <wf lemma="EKSS" pos="X">EKSS</wf>
         <wf lemma=")" pos="X">)</wf>
         <wf lemma="." pos="X">.</wf>
      </sentence>
      <sentence id="d000.s1731" source="wordnet-estonian">
         <instance id="d000.s1731.t000" lemma="ristmik" pos="NOUN">Ristmikku</instance>
         <wf lemma="ületama" pos="X">ületama</wf>
         <wf lemma="." pos="X">.</wf>
         <wf lemma="Ristmikul" pos="X">Ristmikul</wf>
         <wf lemma="oli" pos="X">oli</wf>
         <wf lemma="kokkupõrge" pos="X">kokkupõrge</wf>
         <wf lemma="." pos="X">.</wf>
      </sentence>
      <sentence id="d000.s1732" source="wordnet-estonian">
         <wf lemma="Risoomi" pos="X">Risoomi</wf>
         <wf lemma="soomused" pos="X">soomused</wf>
         <wf lemma="on" pos="X">on</wf>
         <wf lemma="lehtede" pos="X">lehtede</wf>
         <instance id="d000.s1732.t000" lemma="rudiment" pos="NOUN">rudimendid</instance>
         <wf lemma="." pos="X">.</wf>
         <wf lemma="Inimese" pos="X">Inimese</wf>
         <wf lemma="ussripikut" pos="X">ussripikut</wf>
         <wf lemma="võib" pos="X">võib</wf>
         <wf lemma="pidada" pos="X">pidada</wf>
         <wf lemma="rudimendiks" pos="X">rudimendiks</wf>
         <wf lemma="." pos="X">.</wf>
      </sentence>
      <sentence id="d000.s1733" source="wordnet-estonian">
         <wf lemma="Läks" pos="X">Läks</wf>
         <wf lemma="ja" pos="X">ja</wf>
         <wf lemma="jäi" pos="X">jäi</wf>
         <instance id="d000.s1733.t000" lemma="sõda" pos="NOUN">sõtta</instance>
         <wf lemma="." pos="X">.</wf>
         <wf lemma="Aastal" pos="X">Aastal</wf>
         <wf lemma="1710" pos="X">1710</wf>
         <wf lemma="kuulutas" pos="X">kuulutas</wf>
         <wf lemma="Türgi" pos="X">Türgi</wf>
         <wf lemma="Venemaale" pos="X">Venemaale</wf>
         <wf lemma="sõja" pos="X">sõja</wf>
         <wf lemma="." pos="X">.</wf>
      </sentence>
      <sentence id="d000.s1734" source="wordnet-estonian">
         <instance id="d000.s1734.t000" lemma="küpress" pos="NOUN">Küpressi</instance>
         <wf lemma="magus" pos="X">magus</wf>
         <wf lemma="palsamitaoline" pos="X">palsamitaoline</wf>
         <wf lemma="lõhn" pos="X">lõhn</wf>
         <wf lemma="viib" pos="X">viib</wf>
         <wf lemma="meid" pos="X">meid</wf>
         <wf lemma="männimetsa" pos="X">männimetsa</wf>
         <wf lemma="sügavusse" pos="X">sügavusse</wf>
         <wf lemma="." pos="X">.</wf>
      </sentence>
      <sentence id="d000.s1735" source="wordnet-estonian">
         <wf lemma="Hommikul" pos="X">Hommikul</wf>
         <wf lemma="sõitis" pos="X">sõitis</wf>
         <wf lemma="kumbki" pos="X">kumbki</wf>
         <wf lemma="oma" pos="X">oma</wf>
         <instance id="d000.s1735.t000" lemma="auto" pos="NOUN">autoga</instance>
         <wf lemma="tööle" pos="X">tööle</wf>
         <wf lemma="." pos="X">.</wf>
      </sentence>
      <sentence id="d000.s1736" source="wordnet-estonian">
         <wf lemma="Tüdrukutebändil" pos="X">Tüdrukutebändil</wf>
         <wf lemma="ilmus" pos="X">ilmus</wf>
         <wf lemma="uus" pos="X">uus</wf>
         <instance id="d000.s1736.t000" lemma="album" pos="NOUN">album</instance>
         <wf lemma="." pos="X">.</wf>
      </sentence>
      <sentence id="d000.s1737" source="wordnet-estonian">
         <wf lemma="Juht" pos="X">Juht</wf>
         <wf lemma="vajutas" pos="X">vajutas</wf>
         <instance id="d000.s1737.t000" lemma="pidur" pos="NOUN">pidurid</instance>
         <wf lemma="põhja" pos="X">põhja</wf>
         <wf lemma="." pos="X">.</wf>
      </sentence>
      <sentence id="d000.s1738" source="wordnet-estonian">
         <wf lemma="Koera" pos="X">Koera</wf>
         <instance id="d000.s1738.t000" lemma="agressiivsus" pos="NOUN">agressiivsus</instance>
         <wf lemma="oli" pos="X">oli</wf>
         <wf lemma="ohtlik" pos="X">ohtlik</wf>
         <wf lemma="." pos="X">.</wf>
      </sentence>
      <sentence id="d000.s1739" source="wordnet-estonian">
         <wf lemma="Mõisa" pos="X">Mõisa</wf>
         <instance id="d000.s1739.t000" lemma="mölder" pos="NOUN">mölder</instance>
         <wf lemma="." pos="X">.</wf>
         <wf lemma="Möldrid" pos="X">Möldrid</wf>
         <wf lemma="ja" pos="X">ja</wf>
         <wf lemma="veskipoisid" pos="X">veskipoisid</wf>
         <wf lemma="." pos="X">.</wf>
         <wf lemma="Läks" pos="X">Läks</wf>
         <wf lemma="Painküla" pos="X">Painküla</wf>
         <wf lemma="veskisse" pos="X">veskisse</wf>
         <wf lemma="möldriks" pos="X">möldriks</wf>
         <wf lemma="." pos="X">.</wf>
         <wf lemma="Riided" pos="X">Riided</wf>
         <wf lemma="tolmust" pos="X">tolmust</wf>
         <wf lemma="valged" pos="X">valged</wf>
         <wf lemma="nagu" pos="X">nagu</wf>
         <wf lemma="möldril" pos="X">möldril</wf>
         <wf lemma="." pos="X">.</wf>
      </sentence>
      <sentence id="d000.s1740" source="wordnet-estonian">
         <wf lemma="Plekist" pos="X">Plekist</wf>
         <instance id="d000.s1740.t000" lemma="ruupor" pos="NOUN">ruupor</instance>
         <wf lemma="." pos="X">.</wf>
         <wf lemma="Grammofoni" pos="X">Grammofoni</wf>
         <wf lemma="ruupor" pos="X">ruupor</wf>
         <wf lemma="." pos="X">.</wf>
         <wf lemma="Vahimadrus" pos="X">Vahimadrus</wf>
         <wf lemma="haaras" pos="X">haaras</wf>
         <wf lemma="ruupori" pos="X">ruupori</wf>
         <wf lemma="ja" pos="X">ja</wf>
         <wf lemma="hõikas" pos="X">hõikas</wf>
         <wf lemma="." pos="X">.</wf>
         <wf lemma="Kapten" pos="X">Kapten</wf>
         <wf lemma="karjus" pos="X">karjus</wf>
         <wf lemma="läbi" pos="X">läbi</wf>
         <wf lemma="ruupori" pos="X">ruupori</wf>
         <wf lemma="," pos="X">,</wf>
         <wf lemma="ruuporisse" pos="X">ruuporisse</wf>
         <wf lemma="," pos="X">,</wf>
         <wf lemma="ruuporiga" pos="X">ruuporiga</wf>
         <wf lemma="." pos="X">.</wf>
         <wf lemma="Vastasele" pos="X">Vastasele</wf>
         <wf lemma="pakuti" pos="X">pakuti</wf>
         <wf lemma="ruupori" pos="X">ruupori</wf>
         <wf lemma="kaudu" pos="X">kaudu</wf>
         <wf lemma="vaherahu" pos="X">vaherahu</wf>
         <wf lemma="." pos="X">.</wf>
         <wf lemma="Ruuporist" pos="X">Ruuporist</wf>
         <wf lemma="kostab" pos="X">kostab</wf>
         <wf lemma="politseiniku" pos="X">politseiniku</wf>
         <wf lemma="korraldusi" pos="X">korraldusi</wf>
         <wf lemma="." pos="X">.</wf>
         <wf lemma="Seadis" pos="X">Seadis</wf>
         <wf lemma="käed" pos="X">käed</wf>
         <wf lemma="," pos="X">,</wf>
         <wf lemma="peod" pos="X">peod</wf>
         <wf lemma="suu" pos="X">suu</wf>
         <wf lemma="juurde" pos="X">juurde</wf>
         <wf lemma="ruuporiks" pos="X">ruuporiks</wf>
         <wf lemma="ja" pos="X">ja</wf>
         <wf lemma="hüüdis" pos="X">hüüdis</wf>
         <wf lemma="midagi" pos="X">midagi</wf>
         <wf lemma="." pos="X">.</wf>
      </sentence>
      <sentence id="d000.s1741" source="wordnet-estonian">
         <wf lemma="Liivarand" pos="X">Liivarand</wf>
         <wf lemma="jäi" pos="X">jäi</wf>
         <wf lemma="käe-jala" pos="X">käe-jala</wf>
         <instance id="d000.s1741.t000" lemma="ulatus" pos="NOUN">ulatusse</instance>
         <wf lemma="(" pos="X">(</wf>
         <wf lemma="EKSS" pos="X">EKSS</wf>
         <wf lemma=")" pos="X">)</wf>
         <wf lemma="." pos="X">.</wf>
      </sentence>
      <sentence id="d000.s1742" source="wordnet-estonian">
         <wf lemma="Otsuse" pos="X">Otsuse</wf>
         <wf lemma="," pos="X">,</wf>
         <wf lemma="hinnangu" pos="X">hinnangu</wf>
         <wf lemma="," pos="X">,</wf>
         <wf lemma="vastuse" pos="X">vastuse</wf>
         <instance id="d000.s1742.t000" lemma="lõplikkus" pos="NOUN">lõplikkus</instance>
         <wf lemma="." pos="X">.</wf>
      </sentence>
      <sentence id="d000.s1743" source="wordnet-estonian">
         <wf lemma="Sa" pos="X">Sa</wf>
         <wf lemma="ei" pos="X">ei</wf>
         <instance id="d000.s1743.t000" lemma="mõistma" pos="VERB">mõista</instance>
         <wf lemma="mind" pos="X">mind</wf>
         <wf lemma="." pos="X">.</wf>
         <wf lemma="Teise" pos="X">Teise</wf>
         <wf lemma="häda" pos="X">häda</wf>
         <wf lemma="mõistab" pos="X">mõistab</wf>
         <wf lemma="vaid" pos="X">vaid</wf>
         <wf lemma="see" pos="X">see</wf>
         <wf lemma="," pos="X">,</wf>
         <wf lemma="kes" pos="X">kes</wf>
         <wf lemma="ise" pos="X">ise</wf>
         <wf lemma="on" pos="X">on</wf>
         <wf lemma="sellises" pos="X">sellises</wf>
         <wf lemma="hädas" pos="X">hädas</wf>
         <wf lemma="olnud" pos="X">olnud</wf>
         <wf lemma="." pos="X">.</wf>
      </sentence>
      <sentence id="d000.s1744" source="wordnet-estonian">
         <wf lemma="Ta" pos="X">Ta</wf>
         <wf lemma="õppis" pos="X">õppis</wf>
         <wf lemma="palju" pos="X">palju</wf>
         <wf lemma="meditsiinilisi" pos="X">meditsiinilisi</wf>
         <instance id="d000.s1744.t000" lemma="mõiste" pos="NOUN">mõisteid</instance>
         <wf lemma="." pos="X">.</wf>
      </sentence>
      <sentence id="d000.s1745" source="wordnet-estonian">
         <wf lemma="Tema" pos="X">Tema</wf>
         <instance id="d000.s1745.t000" lemma="vaim" pos="NOUN">vaim</instance>
         <wf lemma="januneb" pos="X">januneb</wf>
         <wf lemma="teadmiste" pos="X">teadmiste</wf>
         <wf lemma="järele" pos="X">järele</wf>
         <wf lemma="." pos="X">.</wf>
         <wf lemma="Kunst" pos="X">Kunst</wf>
         <wf lemma="ülendab" pos="X">ülendab</wf>
         <wf lemma="vaimu" pos="X">vaimu</wf>
         <wf lemma="." pos="X">.</wf>
      </sentence>
      <sentence id="d000.s1746" source="wordnet-estonian">
         <wf lemma="Kuidas" pos="X">Kuidas</wf>
         <wf lemma="sa" pos="X">sa</wf>
         <instance id="d000.s1746.t000" lemma="porgand" pos="NOUN">porgandeid</instance>
         <wf lemma="säilitad" pos="X">säilitad</wf>
         <wf lemma="?" pos="X">?</wf>
      </sentence>
      <sentence id="d000.s1747" source="wordnet-estonian">
         <instance id="d000.s1747.t000" lemma="populaarsus" pos="NOUN">Populaarsusele</instance>
         <wf lemma="tuleb" pos="X">tuleb</wf>
         <wf lemma="alati" pos="X">alati</wf>
         <wf lemma="midagi" pos="X">midagi</wf>
         <wf lemma="ohverdada" pos="X">ohverdada</wf>
         <wf lemma="." pos="X">.</wf>
      </sentence>
      <sentence id="d000.s1748" source="wordnet-estonian">
         <wf lemma="Ekskursioonibüroo" pos="X">Ekskursioonibüroo</wf>
         <instance id="d000.s1748.t000" lemma="giid" pos="NOUN">giidid</instance>
         <wf lemma="." pos="X">.</wf>
         <wf lemma="Muuseumi" pos="X">Muuseumi</wf>
         <wf lemma="," pos="X">,</wf>
         <wf lemma="näituse" pos="X">näituse</wf>
         <wf lemma="giid" pos="X">giid</wf>
         <wf lemma="." pos="X">.</wf>
         <wf lemma="Ekskursandid" pos="X">Ekskursandid</wf>
         <wf lemma="tutvusid" pos="X">tutvusid</wf>
         <wf lemma="giidi" pos="X">giidi</wf>
         <wf lemma="juhtimisel" pos="X">juhtimisel</wf>
         <wf lemma="vanalinnaga" pos="X">vanalinnaga</wf>
         <wf lemma="." pos="X">.</wf>
      </sentence>
      <sentence id="d000.s1749" source="wordnet-estonian">
         <wf lemma="Hiljuti" pos="X">Hiljuti</wf>
         <instance id="d000.s1749.t000" lemma="seminar" pos="NOUN">seminari</instance>
         <wf lemma="lõpetanud" pos="X">lõpetanud</wf>
         <wf lemma="noor" pos="X">noor</wf>
         <wf lemma="preester" pos="X">preester</wf>
         <wf lemma="." pos="X">.</wf>
         <wf lemma="(" pos="X">(</wf>
         <wf lemma="EKSS" pos="X">EKSS</wf>
         <wf lemma=")" pos="X">)</wf>
         <wf lemma="." pos="X">.</wf>
      </sentence>
      <sentence id="d000.s1750" source="wordnet-estonian">
         <instance id="d000.s1750.t000" lemma="väga" pos="ADV">Väga</instance>
         <wf lemma="pikk" pos="X">pikk</wf>
         <wf lemma="habe" pos="X">habe</wf>
         <wf lemma="." pos="X">.</wf>
         <wf lemma="(" pos="X">(</wf>
         <wf lemma="EKSS" pos="X">EKSS</wf>
         <wf lemma=")" pos="X">)</wf>
         <wf lemma="." pos="X">.</wf>
      </sentence>
      <sentence id="d000.s1751" source="wordnet-estonian">
         <instance id="d000.s1751.t000" lemma="õu" pos="NOUN">Õuel</instance>
         <wf lemma="vedeles" pos="X">vedeles</wf>
         <wf lemma="igasugu" pos="X">igasugu</wf>
         <wf lemma="kola" pos="X">kola</wf>
         <wf lemma="." pos="X">.</wf>
      </sentence>
      <sentence id="d000.s1752" source="wordnet-estonian">
         <wf lemma="Ta" pos="X">Ta</wf>
         <wf lemma="esitas" pos="X">esitas</wf>
         <instance id="d000.s1752.t000" lemma="küsimus" pos="NOUN">küsimuse</instance>
         <wf lemma=":" pos="X">:</wf>
         <wf lemma="&quot;" pos="X">&quot;</wf>
         <wf lemma="Kas" pos="X">Kas</wf>
         <wf lemma="teate" pos="X">teate</wf>
         <wf lemma="lahendust" pos="X">lahendust</wf>
         <wf lemma="?" pos="X">?</wf>
         <wf lemma="&quot;" pos="X">&quot;</wf>
         <wf lemma="." pos="X">.</wf>
      </sentence>
      <sentence id="d000.s1753" source="wordnet-estonian">
         <wf lemma="Õhtu" pos="X">Õhtu</wf>
         <wf lemma="sisustati" pos="X">sisustati</wf>
         <wf lemma="laulu" pos="X">laulu</wf>
         <wf lemma="ja" pos="X">ja</wf>
         <instance id="d000.s1753.t000" lemma="tants" pos="NOUN">tantsuga</instance>
         <wf lemma="." pos="X">.</wf>
      </sentence>
      <sentence id="d000.s1754" source="wordnet-estonian">
         <wf lemma="Juuksur" pos="X">Juuksur</wf>
         <wf lemma="teenindab" pos="X">teenindab</wf>
         <wf lemma="oma" pos="X">oma</wf>
         <instance id="d000.s1754.t000" lemma="klient" pos="NOUN">kliente</instance>
         <wf lemma="eeskujulikult" pos="X">eeskujulikult</wf>
         <wf lemma="." pos="X">.</wf>
      </sentence>
      <sentence id="d000.s1755" source="wordnet-estonian">
         <wf lemma="Templi" pos="X">Templi</wf>
         <wf lemma="," pos="X">,</wf>
         <wf lemma="kultuuripalee" pos="X">kultuuripalee</wf>
         <instance id="d000.s1755.t000" lemma="sammastik" pos="NOUN">sammastik</instance>
         <wf lemma="." pos="X">.</wf>
         <wf lemma="Sammastikuga" pos="X">Sammastikuga</wf>
         <wf lemma="uhke" pos="X">uhke</wf>
         <wf lemma="hoone" pos="X">hoone</wf>
         <wf lemma="." pos="X">.</wf>
         <wf lemma="Peatänavad" pos="X">Peatänavad</wf>
         <wf lemma="ääristati" pos="X">ääristati</wf>
         <wf lemma="sammastikega" pos="X">sammastikega</wf>
         <wf lemma="." pos="X">.</wf>
      </sentence>
      <sentence id="d000.s1756" source="wordnet-estonian">
         <wf lemma="Tal" pos="X">Tal</wf>
         <wf lemma="on" pos="X">on</wf>
         <wf lemma="ilus" pos="X">ilus</wf>
         <wf lemma="ja" pos="X">ja</wf>
         <wf lemma="selge" pos="X">selge</wf>
         <instance id="d000.s1756.t000" lemma="kiri" pos="NOUN">kiri</instance>
         <wf lemma="." pos="X">.</wf>
      </sentence>
      <sentence id="d000.s1757" source="wordnet-estonian">
         <wf lemma="Väike" pos="X">Väike</wf>
         <wf lemma="," pos="X">,</wf>
         <wf lemma="150-hobujõuline" pos="X">150-hobujõuline</wf>
         <instance id="d000.s1757.t000" lemma="traktor" pos="NOUN">traktor</instance>
         <wf lemma="(" pos="X">(</wf>
         <wf lemma="EKSS" pos="X">EKSS</wf>
         <wf lemma=")" pos="X">)</wf>
         <wf lemma="." pos="X">.</wf>
      </sentence>
      <sentence id="d000.s1758" source="wordnet-estonian">
         <wf lemma="Maa" pos="X">Maa</wf>
         <wf lemma="," pos="X">,</wf>
         <wf lemma="kivi" pos="X">kivi</wf>
         <wf lemma="oli" pos="X">oli</wf>
         <wf lemma="kaetud" pos="X">kaetud</wf>
         <instance id="d000.s1758.t000" lemma="sammal" pos="NOUN">samblaga</instance>
         <wf lemma="." pos="X">.</wf>
      </sentence>
      <sentence id="d000.s1759" source="wordnet-estonian">
         <instance id="d000.s1759.t000" lemma="joovikas" pos="NOUN">Joovikad</instance>
         <wf lemma="lõhnavad" pos="X">lõhnavad</wf>
         <wf lemma="mätastel" pos="X">mätastel</wf>
         <wf lemma="." pos="X">.</wf>
         <wf lemma="(" pos="X">(</wf>
         <wf lemma="Autor" pos="X">Autor</wf>
         <wf lemma=":" pos="X">:</wf>
         <wf lemma="F." pos="X">F.</wf>
         <wf lemma="Tuglas" pos="X">Tuglas</wf>
         <wf lemma="." pos="X">.</wf>
         <wf lemma=")" pos="X">)</wf>
         <wf lemma="." pos="X">.</wf>
      </sentence>
      <sentence id="d000.s1760" source="wordnet-estonian">
         <wf lemma="Esikust" pos="X">Esikust</wf>
         <instance id="d000.s1760.t000" lemma="minema" pos="VERB">läheb</instance>
         <wf lemma="üks" pos="X">üks</wf>
         <wf lemma="uks" pos="X">uks</wf>
         <wf lemma="kööki" pos="X">kööki</wf>
         <wf lemma="," pos="X">,</wf>
         <wf lemma="teine" pos="X">teine</wf>
         <wf lemma="tuppa" pos="X">tuppa</wf>
         <wf lemma="." pos="X">.</wf>
      </sentence>
      <sentence id="d000.s1761" source="wordnet-estonian">
         <wf lemma="Aedvili" pos="X">Aedvili</wf>
         <wf lemma="tükeldatakse" pos="X">tükeldatakse</wf>
         <instance id="d000.s1761.t000" lemma="lõik" pos="NOUN">lõikudeks</instance>
         <wf lemma="(" pos="X">(</wf>
         <wf lemma="EKSS" pos="X">EKSS</wf>
         <wf lemma=")" pos="X">)</wf>
         <wf lemma="." pos="X">.</wf>
      </sentence>
      <sentence id="d000.s1762" source="wordnet-estonian">
         <wf lemma="Sellist" pos="X">Sellist</wf>
         <wf lemma="luksust" pos="X">luksust</wf>
         <wf lemma="ei" pos="X">ei</wf>
         <wf lemma="saa" pos="X">saa</wf>
         <wf lemma="ma" pos="X">ma</wf>
         <wf lemma="endale" pos="X">endale</wf>
         <instance id="d000.s1762.t000" lemma="lubama" pos="VERB">lubada</instance>
         <wf lemma="." pos="X">.</wf>
      </sentence>
      <sentence id="d000.s1763" source="wordnet-estonian">
         <wf lemma="Mu" pos="X">Mu</wf>
         <wf lemma="vaimusilma" pos="X">vaimusilma</wf>
         <wf lemma="ette" pos="X">ette</wf>
         <wf lemma="tõusevad" pos="X">tõusevad</wf>
         <instance id="d000.s1763.t000" lemma="pilt" pos="NOUN">pildid</instance>
         <wf lemma="lapsepõlvesündmustest" pos="X">lapsepõlvesündmustest</wf>
         <wf lemma="kodutalus" pos="X">kodutalus</wf>
         <wf lemma="(" pos="X">(</wf>
         <wf lemma="EKSS" pos="X">EKSS</wf>
         <wf lemma=")" pos="X">)</wf>
         <wf lemma="." pos="X">.</wf>
      </sentence>
      <sentence id="d000.s1764" source="wordnet-estonian">
         <wf lemma="Emade" pos="X">Emade</wf>
         <instance id="d000.s1764.t000" lemma="päev" pos="NOUN">päev</instance>
         <wf lemma="on" pos="X">on</wf>
         <wf lemma="maikuu" pos="X">maikuu</wf>
         <wf lemma="teisel" pos="X">teisel</wf>
         <wf lemma="pühapäeval" pos="X">pühapäeval</wf>
         <wf lemma="." pos="X">.</wf>
      </sentence>
      <sentence id="d000.s1765" source="wordnet-estonian">
         <wf lemma="Ilusa" pos="X">Ilusa</wf>
         <wf lemma="kõlaga" pos="X">kõlaga</wf>
         <instance id="d000.s1765.t000" lemma="kell" pos="NOUN">kell</instance>
         <wf lemma="(" pos="X">(</wf>
         <wf lemma="EKSS" pos="X">EKSS</wf>
         <wf lemma=")" pos="X">)</wf>
         <wf lemma="." pos="X">.</wf>
      </sentence>
      <sentence id="d000.s1766" source="wordnet-estonian">
         <wf lemma="Pingutasin" pos="X">Pingutasin</wf>
         <instance id="d000.s1766.t000" lemma="lihas" pos="NOUN">lihaseid</instance>
         <wf lemma="ja" pos="X">ja</wf>
         <wf lemma="tõstsin" pos="X">tõstsin</wf>
         <wf lemma="voodi" pos="X">voodi</wf>
         <wf lemma="üles" pos="X">üles</wf>
         <wf lemma="." pos="X">.</wf>
      </sentence>
      <sentence id="d000.s1767" source="wordnet-estonian">
         <instance id="d000.s1767.t000" lemma="sõraline" pos="NOUN">Sõraliste</instance>
         <wf lemma="seltsi" pos="X">seltsi</wf>
         <wf lemma="kuuluvad" pos="X">kuuluvad</wf>
         <wf lemma="veised" pos="X">veised</wf>
         <wf lemma="," pos="X">,</wf>
         <wf lemma="hirved" pos="X">hirved</wf>
         <wf lemma="," pos="X">,</wf>
         <wf lemma="sead" pos="X">sead</wf>
         <wf lemma="," pos="X">,</wf>
         <wf lemma="jõehobud" pos="X">jõehobud</wf>
         <wf lemma="," pos="X">,</wf>
         <wf lemma="kaelkirjakud" pos="X">kaelkirjakud</wf>
         <wf lemma="ja" pos="X">ja</wf>
         <wf lemma="mitmed" pos="X">mitmed</wf>
         <wf lemma="teised" pos="X">teised</wf>
         <wf lemma="loomad" pos="X">loomad</wf>
         <wf lemma="(" pos="X">(</wf>
         <wf lemma="EKSS" pos="X">EKSS</wf>
         <wf lemma=")" pos="X">)</wf>
         <wf lemma="." pos="X">.</wf>
      </sentence>
      <sentence id="d000.s1768" source="wordnet-estonian">
         <wf lemma="Tal" pos="X">Tal</wf>
         <wf lemma="on" pos="X">on</wf>
         <wf lemma="eest" pos="X">eest</wf>
         <wf lemma="kaks" pos="X">kaks</wf>
         <instance id="d000.s1768.t000" lemma="hammas" pos="NOUN">hammast</instance>
         <wf lemma="ära" pos="X">ära</wf>
         <wf lemma="(" pos="X">(</wf>
         <wf lemma="EKSS" pos="X">EKSS</wf>
         <wf lemma=")" pos="X">)</wf>
         <wf lemma="." pos="X">.</wf>
      </sentence>
      <sentence id="d000.s1769" source="wordnet-estonian">
         <wf lemma="Peale" pos="X">Peale</wf>
         <wf lemma="mitmeid" pos="X">mitmeid</wf>
         <instance id="d000.s1769.t000" lemma="palve" pos="NOUN">palveid</instance>
         <wf lemma="." pos="X">.</wf>
      </sentence>
      <sentence id="d000.s1770" source="wordnet-estonian">
         <wf lemma="Leerilapsed" pos="X">Leerilapsed</wf>
         <wf lemma="astuvad" pos="X">astuvad</wf>
         <instance id="d000.s1770.t000" lemma="altar" pos="NOUN">altari</instance>
         <wf lemma="ette" pos="X">ette</wf>
         <wf lemma="." pos="X">.</wf>
      </sentence>
      <sentence id="d000.s1771" source="wordnet-estonian">
         <wf lemma="Valge" pos="X">Valge</wf>
         <wf lemma="peakapsas" pos="X">peakapsas</wf>
         <wf lemma="sisaldab" pos="X">sisaldab</wf>
         <wf lemma="rohkem" pos="X">rohkem</wf>
         <instance id="d000.s1771.t000" lemma="valk" pos="NOUN">valke</instance>
         <wf lemma="kui" pos="X">kui</wf>
         <wf lemma="lillkapsas" pos="X">lillkapsas</wf>
         <wf lemma="." pos="X">.</wf>
      </sentence>
      <sentence id="d000.s1772" source="wordnet-estonian">
         <wf lemma="Üldkasutatav" pos="X">Üldkasutatav</wf>
         <instance id="d000.s1772.t000" lemma="saun" pos="NOUN">saun</instance>
         <wf lemma="(" pos="X">(</wf>
         <wf lemma="EKSS" pos="X">EKSS</wf>
         <wf lemma=")" pos="X">)</wf>
         <wf lemma="." pos="X">.</wf>
      </sentence>
      <sentence id="d000.s1773" source="wordnet-estonian">
         <wf lemma="Sellest" pos="X">Sellest</wf>
         <instance id="d000.s1773.t000" lemma="päev" pos="NOUN">päevast</instance>
         <wf lemma="alates" pos="X">alates</wf>
         <wf lemma="." pos="X">.</wf>
      </sentence>
      <sentence id="d000.s1774" source="wordnet-estonian">
         <wf lemma="Pumbad" pos="X">Pumbad</wf>
         <instance id="d000.s1774.t000" lemma="käivitama" pos="VERB">käivitame</instance>
         <wf lemma="tuulemootoriga" pos="X">tuulemootoriga</wf>
         <wf lemma="." pos="X">.</wf>
      </sentence>
      <sentence id="d000.s1775" source="wordnet-estonian">
         <instance id="d000.s1775.t000" lemma="minema" pos="VERB">Läks</instance>
         <wf lemma="üle" pos="X">üle</wf>
         <wf lemma="ootuste" pos="X">ootuste</wf>
         <wf lemma="hästi" pos="X">hästi</wf>
         <wf lemma="." pos="X">.</wf>
         <wf lemma="Seekord" pos="X">Seekord</wf>
         <wf lemma="läks" pos="X">läks</wf>
         <wf lemma="halvasti" pos="X">halvasti</wf>
         <wf lemma="," pos="X">,</wf>
         <wf lemma="kehvasti" pos="X">kehvasti</wf>
         <wf lemma="." pos="X">.</wf>
         <wf lemma="Sul" pos="X">Sul</wf>
         <wf lemma="võib" pos="X">võib</wf>
         <wf lemma="haprasti" pos="X">haprasti</wf>
         <wf lemma="minna" pos="X">minna</wf>
         <wf lemma="." pos="X">.</wf>
      </sentence>
      <sentence id="d000.s1776" source="wordnet-estonian">
         <wf lemma="Ma" pos="X">Ma</wf>
         <wf lemma="ei" pos="X">ei</wf>
         <wf lemma="jaksa" pos="X">jaksa</wf>
         <wf lemma="kaua" pos="X">kaua</wf>
         <wf lemma="ega" pos="X">ega</wf>
         <wf lemma="kiiresti" pos="X">kiiresti</wf>
         <instance id="d000.s1776.t000" lemma="jooksma" pos="VERB">joosta</instance>
         <wf lemma="." pos="X">.</wf>
      </sentence>
      <sentence id="d000.s1777" source="wordnet-estonian">
         <wf lemma="Kuiv" pos="X">Kuiv</wf>
         <wf lemma="ja" pos="X">ja</wf>
         <wf lemma="märg" pos="X">märg</wf>
         <wf lemma="e." pos="X">e.</wf>
         <wf lemma="eksudatiivne" pos="X">eksudatiivne</wf>
         <instance id="d000.s1777.t000" lemma="pleuriit" pos="NOUN">pleuriit</instance>
         <wf lemma="." pos="X">.</wf>
         <wf lemma="Mädane" pos="X">Mädane</wf>
         <wf lemma="pleuriit" pos="X">pleuriit</wf>
         <wf lemma="." pos="X">.</wf>
      </sentence>
      <sentence id="d000.s1778" source="wordnet-estonian">
         <wf lemma="Magan" pos="X">Magan</wf>
         <wf lemma="," pos="X">,</wf>
         <wf lemma="kuulen" pos="X">kuulen</wf>
         <wf lemma="," pos="X">,</wf>
         <wf lemma="näen" pos="X">näen</wf>
         <instance id="d000.s1778.t000" lemma="hästi" pos="ADV">hästi</instance>
         <wf lemma="." pos="X">.</wf>
         <wf lemma="(" pos="X">(</wf>
         <wf lemma="EKSS" pos="X">EKSS</wf>
         <wf lemma=")" pos="X">)</wf>
         <wf lemma="." pos="X">.</wf>
      </sentence>
      <sentence id="d000.s1779" source="wordnet-estonian">
         <wf lemma="Erakvähi" pos="X">Erakvähi</wf>
         <wf lemma="ja" pos="X">ja</wf>
         <wf lemma="meriroosi" pos="X">meriroosi</wf>
         <instance id="d000.s1779.t000" lemma="sümbioos" pos="NOUN">sümbioos</instance>
         <wf lemma="." pos="X">.</wf>
         <wf lemma="Sipelgate" pos="X">Sipelgate</wf>
         <wf lemma="ja" pos="X">ja</wf>
         <wf lemma="lehetäide" pos="X">lehetäide</wf>
         <wf lemma="sümbioos" pos="X">sümbioos</wf>
         <wf lemma="." pos="X">.</wf>
         <wf lemma="(" pos="X">(</wf>
         <wf lemma="EKSS" pos="X">EKSS</wf>
         <wf lemma=")" pos="X">)</wf>
         <wf lemma="." pos="X">.</wf>
      </sentence>
      <sentence id="d000.s1780" source="wordnet-estonian">
         <wf lemma="See" pos="X">See</wf>
         <wf lemma="oli" pos="X">oli</wf>
         <wf lemma="sul" pos="X">sul</wf>
         <wf lemma="küll" pos="X">küll</wf>
         <instance id="d000.s1780.t000" lemma="õnnetu" pos="ADJ">õnnetu</instance>
         <wf lemma="mõte" pos="X">mõte</wf>
         <wf lemma="." pos="X">.</wf>
         <wf lemma="Unustame" pos="X">Unustame</wf>
         <wf lemma="selle" pos="X">selle</wf>
         <wf lemma="õnnetu" pos="X">õnnetu</wf>
         <wf lemma="loo" pos="X">loo</wf>
         <wf lemma="." pos="X">.</wf>
         <wf lemma="Pidi" pos="X">Pidi</wf>
         <wf lemma="see" pos="X">see</wf>
         <wf lemma="õnnetu" pos="X">õnnetu</wf>
         <wf lemma="artikkel" pos="X">artikkel</wf>
         <wf lemma="just" pos="X">just</wf>
         <wf lemma="nüüd" pos="X">nüüd</wf>
         <wf lemma="ilmuma" pos="X">ilmuma</wf>
         <wf lemma="!" pos="X">!</wf>
      </sentence>
      <sentence id="d000.s1781" source="wordnet-estonian">
         <wf lemma="Tapab" pos="X">Tapab</wf>
         <wf lemma="tööga" pos="X">tööga</wf>
         <wf lemma="oma" pos="X">oma</wf>
         <instance id="d000.s1781.t000" lemma="tervis" pos="NOUN">tervist</instance>
         <wf lemma="(" pos="X">(</wf>
         <wf lemma="EKSS" pos="X">EKSS</wf>
         <wf lemma=")" pos="X">)</wf>
         <wf lemma="." pos="X">.</wf>
      </sentence>
      <sentence id="d000.s1782" source="wordnet-estonian">
         <wf lemma="Valmistatakse" pos="X">Valmistatakse</wf>
         <wf lemma="ette" pos="X">ette</wf>
         <wf lemma="põhjalikku" pos="X">põhjalikku</wf>
         <instance id="d000.s1782.t000" lemma="reform" pos="NOUN">reformi</instance>
         <wf lemma="koolisüsteemis" pos="X">koolisüsteemis</wf>
         <wf lemma="." pos="X">.</wf>
      </sentence>
      <sentence id="d000.s1783" source="wordnet-estonian">
         <wf lemma="Karjane" pos="X">Karjane</wf>
         <instance id="d000.s1783.t000" lemma="kutsuma" pos="VERB">kutsub</instance>
         <wf lemma="koera" pos="X">koera</wf>
         <wf lemma="." pos="X">.</wf>
         <wf lemma="&quot;" pos="X">&quot;</wf>
         <wf lemma="Kiiss-kiiss" pos="X">Kiiss-kiiss</wf>
         <wf lemma="!" pos="X">!</wf>
         <wf lemma="&quot;" pos="X">&quot;</wf>
         <wf lemma="kutsus" pos="X">kutsus</wf>
         <wf lemma="laps" pos="X">laps</wf>
         <wf lemma="kassi" pos="X">kassi</wf>
         <wf lemma="." pos="X">.</wf>
      </sentence>
      <sentence id="d000.s1784" source="wordnet-estonian">
         <instance id="d000.s1784.t000" lemma="vehkleja" pos="NOUN">Vehkleja</instance>
         <wf lemma="pareeris" pos="X">pareeris</wf>
         <wf lemma="välkkiiresti" pos="X">välkkiiresti</wf>
         <wf lemma="." pos="X">.</wf>
         <wf lemma="(" pos="X">(</wf>
         <wf lemma="EKSS" pos="X">EKSS</wf>
         <wf lemma=")" pos="X">)</wf>
         <wf lemma="." pos="X">.</wf>
      </sentence>
      <sentence id="d000.s1785" source="wordnet-estonian">
         <wf lemma="Me" pos="X">Me</wf>
         <wf lemma="kohtume" pos="X">kohtume</wf>
         <wf lemma="temaga" pos="X">temaga</wf>
         <wf lemma="kahjuks" pos="X">kahjuks</wf>
         <instance id="d000.s1785.t000" lemma="harva" pos="ADV">harva</instance>
         <wf lemma="." pos="X">.</wf>
      </sentence>
      <sentence id="d000.s1786" source="wordnet-estonian">
         <wf lemma="Sarikad" pos="X">Sarikad</wf>
         <wf lemma="võeti" pos="X">võeti</wf>
         <instance id="d000.s1786.t000" lemma="tapp" pos="NOUN">tappidest</instance>
         <wf lemma="lahti" pos="X">lahti</wf>
         <wf lemma="." pos="X">.</wf>
         <wf lemma="Puuris" pos="X">Puuris</wf>
         <wf lemma="talasse" pos="X">talasse</wf>
         <wf lemma="tappidele" pos="X">tappidele</wf>
         <wf lemma="pesad" pos="X">pesad</wf>
         <wf lemma="." pos="X">.</wf>
      </sentence>
      <sentence id="d000.s1787" source="wordnet-estonian">
         <wf lemma="Kassipoeg" pos="X">Kassipoeg</wf>
         <wf lemma="läks" pos="X">läks</wf>
         <instance id="d000.s1787.t000" lemma="piim" pos="NOUN">piima</instance>
         <wf lemma="lakkuma" pos="X">lakkuma</wf>
         <wf lemma="." pos="X">.</wf>
      </sentence>
      <sentence id="d000.s1788" source="wordnet-estonian">
         <wf lemma="Äss" pos="X">Äss</wf>
         <wf lemma="on" pos="X">on</wf>
         <wf lemma="masti" pos="X">masti</wf>
         <wf lemma="tugevaim" pos="X">tugevaim</wf>
         <instance id="d000.s1788.t000" lemma="kaart" pos="NOUN">kaart</instance>
         <wf lemma="." pos="X">.</wf>
      </sentence>
      <sentence id="d000.s1789" source="wordnet-estonian">
         <instance id="d000.s1789.t000" lemma="abstraktne" pos="ADJ">Abstraktne</instance>
         <wf lemma="mõtlemine" pos="X">mõtlemine</wf>
         <wf lemma="." pos="X">.</wf>
      </sentence>
      <sentence id="d000.s1790" source="wordnet-estonian">
         <wf lemma="Sinise" pos="X">Sinise</wf>
         <wf lemma="," pos="X">,</wf>
         <wf lemma="tumeda" pos="X">tumeda</wf>
         <wf lemma="iirisega" pos="X">iirisega</wf>
         <wf lemma="silmad" pos="X">silmad</wf>
         <wf lemma="." pos="X">.</wf>
         <wf lemma="Kassikakul" pos="X">Kassikakul</wf>
         <wf lemma="on" pos="X">on</wf>
         <wf lemma="apelsinikoorekarva" pos="X">apelsinikoorekarva</wf>
         <instance id="d000.s1790.t000" lemma="iiris" pos="NOUN">iirised</instance>
         <wf lemma="." pos="X">.</wf>
      </sentence>
      <sentence id="d000.s1791" source="wordnet-estonian">
         <wf lemma="Näitusel" pos="X">Näitusel</wf>
         <wf lemma="oli" pos="X">oli</wf>
         <wf lemma="välja" pos="X">välja</wf>
         <wf lemma="pandud" pos="X">pandud</wf>
         <wf lemma="ka" pos="X">ka</wf>
         <wf lemma="A." pos="X">A.</wf>
         <wf lemma="Vabbe" pos="X">Vabbe</wf>
         <instance id="d000.s1791.t000" lemma="joonistus" pos="NOUN">joonistusi</instance>
         <wf lemma="." pos="X">.</wf>
      </sentence>
      <sentence id="d000.s1792" source="wordnet-estonian">
         <instance id="d000.s1792.t000" lemma="mõtlema" pos="VERB">Mõtle</instance>
         <wf lemma="end" pos="X">end</wf>
         <wf lemma="minu" pos="X">minu</wf>
         <wf lemma="asemele" pos="X">asemele</wf>
         <wf lemma="," pos="X">,</wf>
         <wf lemma="siis" pos="X">siis</wf>
         <wf lemma="saad" pos="X">saad</wf>
         <wf lemma="sellest" pos="X">sellest</wf>
         <wf lemma="aru" pos="X">aru</wf>
         <wf lemma="." pos="X">.</wf>
      </sentence>
      <sentence id="d000.s1793" source="wordnet-estonian">
         <wf lemma="Mitu" pos="X">Mitu</wf>
         <instance id="d000.s1793.t000" lemma="partii" pos="NOUN">partiid</instance>
         <wf lemma="malevõistlustel" pos="X">malevõistlustel</wf>
         <wf lemma="mängiti" pos="X">mängiti</wf>
         <wf lemma="?" pos="X">?</wf>
      </sentence>
      <sentence id="d000.s1794" source="wordnet-estonian">
         <wf lemma="Me" pos="X">Me</wf>
         <wf lemma="kohtume" pos="X">kohtume</wf>
         <wf lemma="oma" pos="X">oma</wf>
         <wf lemma="klassikaaslastega" pos="X">klassikaaslastega</wf>
         <wf lemma="üsna" pos="X">üsna</wf>
         <instance id="d000.s1794.t000" lemma="tihti" pos="ADV">tihti</instance>
         <wf lemma="." pos="X">.</wf>
      </sentence>
      <sentence id="d000.s1795" source="wordnet-estonian">
         <wf lemma="Poeg" pos="X">Poeg</wf>
         <instance id="d000.s1795.t000" lemma="kirjutama" pos="VERB">kirjutas</instance>
         <wf lemma="," pos="X">,</wf>
         <wf lemma="et" pos="X">et</wf>
         <wf lemma="elab" pos="X">elab</wf>
         <wf lemma="hästi" pos="X">hästi</wf>
         <wf lemma="." pos="X">.</wf>
      </sentence>
      <sentence id="d000.s1796" source="wordnet-estonian">
         <wf lemma="Kohver" pos="X">Kohver</wf>
         <wf lemma="on" pos="X">on</wf>
         <wf lemma="vagunis" pos="X">vagunis</wf>
         <instance id="d000.s1796.t000" lemma="pink" pos="NOUN">pingi</instance>
         <wf lemma="all" pos="X">all</wf>
         <wf lemma="." pos="X">.</wf>
      </sentence>
      <sentence id="d000.s1797" source="wordnet-estonian">
         <wf lemma="Ülemaailmne" pos="X">Ülemaailmne</wf>
         <wf lemma="noorsoo" pos="X">noorsoo</wf>
         <wf lemma="ja" pos="X">ja</wf>
         <wf lemma="üliõpilaste" pos="X">üliõpilaste</wf>
         <instance id="d000.s1797.t000" lemma="festival" pos="NOUN">festival</instance>
         <wf lemma="." pos="X">.</wf>
      </sentence>
      <sentence id="d000.s1798" source="wordnet-estonian">
         <wf lemma="Röövel" pos="X">Röövel</wf>
         <instance id="d000.s1798.t000" lemma="panema" pos="VERB">pandi</instance>
         <wf lemma="raudu" pos="X">raudu</wf>
         <wf lemma="." pos="X">.</wf>
         <wf lemma="Peremees" pos="X">Peremees</wf>
         <wf lemma="paneb" pos="X">paneb</wf>
         <wf lemma="koera" pos="X">koera</wf>
         <wf lemma="ketti" pos="X">ketti</wf>
         <wf lemma="." pos="X">.</wf>
         <wf lemma="Lehm" pos="X">Lehm</wf>
         <wf lemma="pandi" pos="X">pandi</wf>
         <wf lemma="köide" pos="X">köide</wf>
         <wf lemma="." pos="X">.</wf>
      </sentence>
      <sentence id="d000.s1799" source="wordnet-estonian">
         <wf lemma="Pidurdamisel" pos="X">Pidurdamisel</wf>
         <wf lemma="ei" pos="X">ei</wf>
         <wf lemma="allunud" pos="X">allunud</wf>
         <instance id="d000.s1799.t000" lemma="sõiduk" pos="NOUN">sõiduk</instance>
         <wf lemma="juhi" pos="X">juhi</wf>
         <wf lemma="tahtele" pos="X">tahtele</wf>
         <wf lemma="." pos="X">.</wf>
      </sentence>
      <sentence id="d000.s1800" source="wordnet-estonian">
         <wf lemma="Saatis" pos="X">Saatis</wf>
         <wf lemma="oma" pos="X">oma</wf>
         <wf lemma="laulu" pos="X">laulu</wf>
         <instance id="d000.s1800.t000" lemma="lauto" pos="NOUN">lautol</instance>
         <wf lemma="." pos="X">.</wf>
      </sentence>
      <sentence id="d000.s1801" source="wordnet-estonian">
         <wf lemma="Elab" pos="X">Elab</wf>
         <wf lemma="ainuüksnes" pos="X">ainuüksnes</wf>
         <instance id="d000.s1801.t000" lemma="pension" pos="NOUN">pensionist</instance>
         <wf lemma="." pos="X">.</wf>
      </sentence>
      <sentence id="d000.s1802" source="wordnet-estonian">
         <wf lemma="Elanikkond" pos="X">Elanikkond</wf>
         <wf lemma="kasvab" pos="X">kasvab</wf>
         <instance id="d000.s1802.t000" lemma="immigratsioon" pos="NOUN">immigratsiooni</instance>
         <wf lemma="teel" pos="X">teel</wf>
         <wf lemma="." pos="X">.</wf>
      </sentence>
      <sentence id="d000.s1803" source="wordnet-estonian">
         <instance id="d000.s1803.t000" lemma="filosoofiline" pos="ADJ">Filosoofiline</instance>
         <wf lemma="teooria" pos="X">teooria</wf>
         <wf lemma="." pos="X">.</wf>
         <wf lemma="Filosoofilised" pos="X">Filosoofilised</wf>
         <wf lemma="üldistused" pos="X">üldistused</wf>
         <wf lemma="." pos="X">.</wf>
      </sentence>
      <sentence id="d000.s1804" source="wordnet-estonian">
         <wf lemma="Ehitamine" pos="X">Ehitamine</wf>
         <wf lemma="nõudis" pos="X">nõudis</wf>
         <wf lemma="ränka" pos="X">ränka</wf>
         <wf lemma="," pos="X">,</wf>
         <wf lemma="roppu" pos="X">roppu</wf>
         <instance id="d000.s1804.t000" lemma="raha" pos="NOUN">raha</instance>
         <wf lemma="." pos="X">.</wf>
      </sentence>
      <sentence id="d000.s1805" source="wordnet-estonian">
         <wf lemma="Talle" pos="X">Talle</wf>
         <wf lemma="sadas" pos="X">sadas</wf>
         <wf lemma="kaela" pos="X">kaela</wf>
         <instance id="d000.s1805.t000" lemma="küsimus" pos="NOUN">küsimuste</instance>
         <wf lemma="tulv" pos="X">tulv</wf>
         <wf lemma="." pos="X">.</wf>
      </sentence>
      <sentence id="d000.s1806" source="wordnet-estonian">
         <wf lemma="Sain" pos="X">Sain</wf>
         <wf lemma="sünnipäevaks" pos="X">sünnipäevaks</wf>
         <instance id="d000.s1806.t000" lemma="akvaarium" pos="NOUN">akvaariumi</instance>
         <wf lemma="kuldkaladega" pos="X">kuldkaladega</wf>
         <wf lemma="." pos="X">.</wf>
      </sentence>
      <sentence id="d000.s1807" source="wordnet-estonian">
         <wf lemma="Kas" pos="X">Kas</wf>
         <wf lemma="ta" pos="X">ta</wf>
         <wf lemma="elab" pos="X">elab</wf>
         <wf lemma="linnas" pos="X">linnas</wf>
         <wf lemma="või" pos="X">või</wf>
         <instance id="d000.s1807.t000" lemma="maa" pos="NOUN">maal</instance>
         <wf lemma="?" pos="X">?</wf>
      </sentence>
      <sentence id="d000.s1808" source="wordnet-estonian">
         <instance id="d000.s1808.t000" lemma="tsiteerima" pos="VERB">Tsiteerib</instance>
         <wf lemma="Heinet" pos="X">Heinet</wf>
         <wf lemma="ja" pos="X">ja</wf>
         <wf lemma="Goethet" pos="X">Goethet</wf>
         <wf lemma="," pos="X">,</wf>
         <wf lemma="antiikautoreid" pos="X">antiikautoreid</wf>
         <wf lemma="," pos="X">,</wf>
         <wf lemma="piiblit" pos="X">piiblit</wf>
         <wf lemma="(" pos="X">(</wf>
         <wf lemma="EKSS" pos="X">EKSS</wf>
         <wf lemma=")" pos="X">)</wf>
         <wf lemma="." pos="X">.</wf>
      </sentence>
      <sentence id="d000.s1809" source="wordnet-estonian">
         <wf lemma="Läbi" pos="X">Läbi</wf>
         <instance id="d000.s1809.t000" lemma="aeg" pos="NOUN">aegade</instance>
         <wf lemma="." pos="X">.</wf>
      </sentence>
      <sentence id="d000.s1810" source="wordnet-estonian">
         <wf lemma="Saali" pos="X">Saali</wf>
         <wf lemma="seinu" pos="X">seinu</wf>
         <wf lemma="katsid" pos="X">katsid</wf>
         <instance id="d000.s1810.t000" lemma="gobelään" pos="NOUN">gobeläänid</instance>
         <wf lemma="." pos="X">.</wf>
         <wf lemma="18." pos="X">18.</wf>
         <wf lemma="sajandi" pos="X">sajandi</wf>
         <wf lemma="gobeläänide" pos="X">gobeläänide</wf>
         <wf lemma="näitus" pos="X">näitus</wf>
         <wf lemma="." pos="X">.</wf>
      </sentence>
      <sentence id="d000.s1811" source="wordnet-estonian">
         <wf lemma="Mis" pos="X">Mis</wf>
         <wf lemma="seal" pos="X">seal</wf>
         <wf lemma="mõisas" pos="X">mõisas</wf>
         <wf lemma="õieti" pos="X">õieti</wf>
         <instance id="d000.s1811.t000" lemma="juhtuma" pos="VERB">juhtus</instance>
         <wf lemma="?" pos="X">?</wf>
      </sentence>
      <sentence id="d000.s1812" source="wordnet-estonian">
         <wf lemma="Kuival" pos="X">Kuival</wf>
         <wf lemma="nõmmel" pos="X">nõmmel</wf>
         <wf lemma="kasvas" pos="X">kasvas</wf>
         <wf lemma="üksnes" pos="X">üksnes</wf>
         <instance id="d000.s1812.t000" lemma="kadakas" pos="NOUN">kadakaid</instance>
         <wf lemma="(" pos="X">(</wf>
         <wf lemma="EKSS" pos="X">EKSS</wf>
         <wf lemma=")" pos="X">)</wf>
         <wf lemma="." pos="X">.</wf>
      </sentence>
      <sentence id="d000.s1813" source="wordnet-estonian">
         <wf lemma="Morskade" pos="X">Morskade</wf>
         <wf lemma="lesilad" pos="X">lesilad</wf>
         <wf lemma="." pos="X">.</wf>
         <wf lemma="Eskimod" pos="X">Eskimod</wf>
         <wf lemma="küttisid" pos="X">küttisid</wf>
         <instance id="d000.s1813.t000" lemma="morsk" pos="NOUN">morski</instance>
         <wf lemma="." pos="X">.</wf>
      </sentence>
      <sentence id="d000.s1814" source="wordnet-estonian">
         <instance id="d000.s1814.t000" lemma="põhjuslikkus" pos="NOUN">Põhjuslikkuse</instance>
         <wf lemma="kategooria" pos="X">kategooria</wf>
         <wf lemma="," pos="X">,</wf>
         <wf lemma="seos" pos="X">seos</wf>
         <wf lemma="," pos="X">,</wf>
         <wf lemma="seadus" pos="X">seadus</wf>
         <wf lemma="." pos="X">.</wf>
         <wf lemma="Põhjuslikkuse" pos="X">Põhjuslikkuse</wf>
         <wf lemma="ahel" pos="X">ahel</wf>
         <wf lemma="." pos="X">.</wf>
      </sentence>
      <sentence id="d000.s1815" source="wordnet-estonian">
         <wf lemma="Tütar" pos="X">Tütar</wf>
         <wf lemma="oli" pos="X">oli</wf>
         <wf lemma="tal" pos="X">tal</wf>
         <wf lemma="hariduse" pos="X">hariduse</wf>
         <wf lemma="omandanud" pos="X">omandanud</wf>
         <instance id="d000.s1815.t000" lemma="pansionaat" pos="NOUN">pansionaadis</instance>
         <wf lemma="." pos="X">.</wf>
      </sentence>
      <sentence id="d000.s1816" source="wordnet-estonian">
         <wf lemma="Muistsed" pos="X">Muistsed</wf>
         <wf lemma="eestlased" pos="X">eestlased</wf>
         <instance id="d000.s1816.t000" lemma="kaitsma" pos="VERB">kaitsesid</instance>
         <wf lemma="end" pos="X">end</wf>
         <wf lemma="visalt" pos="X">visalt</wf>
         <wf lemma="saksa" pos="X">saksa</wf>
         <wf lemma="ristirüütlite" pos="X">ristirüütlite</wf>
         <wf lemma="vastu" pos="X">vastu</wf>
         <wf lemma="(" pos="X">(</wf>
         <wf lemma="EKSS" pos="X">EKSS</wf>
         <wf lemma=")" pos="X">)</wf>
         <wf lemma="." pos="X">.</wf>
      </sentence>
      <sentence id="d000.s1817" source="wordnet-estonian">
         <wf lemma="Kontrolör" pos="X">Kontrolör</wf>
         <wf lemma="tabas" pos="X">tabas</wf>
         <wf lemma="trammis" pos="X">trammis</wf>
         <instance id="d000.s1817.t000" lemma="jänes" pos="NOUN">jänese</instance>
         <wf lemma="." pos="X">.</wf>
      </sentence>
      <sentence id="d000.s1818" source="wordnet-estonian">
         <wf lemma="See" pos="X">See</wf>
         <wf lemma="on" pos="X">on</wf>
         <wf lemma="kauamängiv" pos="X">kauamängiv</wf>
         <wf lemma="plaat" pos="X">plaat</wf>
         <wf lemma="," pos="X">,</wf>
         <instance id="d000.s1818.t000" lemma="mängima" pos="VERB">mängib</instance>
         <wf lemma="üle" pos="X">üle</wf>
         <wf lemma="poole" pos="X">poole</wf>
         <wf lemma="tunni" pos="X">tunni</wf>
         <wf lemma="." pos="X">.</wf>
         <wf lemma="Keera" pos="X">Keera</wf>
         <wf lemma="raadio" pos="X">raadio</wf>
         <wf lemma="mängima" pos="X">mängima</wf>
         <wf lemma="!" pos="X">!</wf>
      </sentence>
      <sentence id="d000.s1819" source="wordnet-estonian">
         <wf lemma="Reumaatiline" pos="X">Reumaatiline</wf>
         <instance id="d000.s1819.t000" lemma="valu" pos="NOUN">valu</instance>
         <wf lemma="(" pos="X">(</wf>
         <wf lemma="EKSS" pos="X">EKSS</wf>
         <wf lemma=")" pos="X">)</wf>
         <wf lemma="." pos="X">.</wf>
      </sentence>
      <sentence id="d000.s1820" source="wordnet-estonian">
         <wf lemma="Tarkvara" pos="X">Tarkvara</wf>
         <wf lemma="registreerimine" pos="X">registreerimine</wf>
         <wf lemma="ja" pos="X">ja</wf>
         <instance id="d000.s1820.t000" lemma="aktiveerimine" pos="NOUN">aktiveerimine</instance>
         <wf lemma="1007" pos="X">1007</wf>
         <wf lemma=")" pos="X">)</wf>
         <wf lemma="." pos="X">.</wf>
      </sentence>
      <sentence id="d000.s1821" source="wordnet-estonian">
         <wf lemma="Tüütu" pos="X">Tüütu</wf>
         <wf lemma="külaline" pos="X">külaline</wf>
         <wf lemma="ei" pos="X">ei</wf>
         <instance id="d000.s1821.t000" lemma="märkama" pos="VERB">märka</instance>
         <wf lemma="õigel" pos="X">õigel</wf>
         <wf lemma="ajal" pos="X">ajal</wf>
         <wf lemma="ära" pos="X">ära</wf>
         <wf lemma="minna" pos="X">minna</wf>
         <wf lemma="." pos="X">.</wf>
         <wf lemma="Ei" pos="X">Ei</wf>
         <wf lemma="märganud" pos="X">märganud</wf>
         <wf lemma="kingi" pos="X">kingi</wf>
         <wf lemma="eest" pos="X">eest</wf>
         <wf lemma="aitähki" pos="X">aitähki</wf>
         <wf lemma="öelda" pos="X">öelda</wf>
         <wf lemma="." pos="X">.</wf>
      </sentence>
      <sentence id="d000.s1822" source="wordnet-estonian">
         <wf lemma="Sundimatu" pos="X">Sundimatu</wf>
         <wf lemma="," pos="X">,</wf>
         <wf lemma="sünnipärane" pos="X">sünnipärane</wf>
         <instance id="d000.s1822.t000" lemma="elegants" pos="NOUN">elegants</instance>
         <wf lemma="." pos="X">.</wf>
         <wf lemma="Elegants" pos="X">Elegants</wf>
         <wf lemma="liigutustes" pos="X">liigutustes</wf>
         <wf lemma="," pos="X">,</wf>
         <wf lemma="käitumises" pos="X">käitumises</wf>
         <wf lemma="," pos="X">,</wf>
         <wf lemma="riietuses" pos="X">riietuses</wf>
         <wf lemma="." pos="X">.</wf>
         <wf lemma="Ta" pos="X">Ta</wf>
         <wf lemma="käitumises" pos="X">käitumises</wf>
         <wf lemma="oli" pos="X">oli</wf>
         <wf lemma="elumehelikku" pos="X">elumehelikku</wf>
         <wf lemma="elegantsi" pos="X">elegantsi</wf>
         <wf lemma="." pos="X">.</wf>
         <wf lemma="Dekoratsioonides" pos="X">Dekoratsioonides</wf>
         <wf lemma="," pos="X">,</wf>
         <wf lemma="joonistuses" pos="X">joonistuses</wf>
         <wf lemma="puudus" pos="X">puudus</wf>
         <wf lemma="kergus" pos="X">kergus</wf>
         <wf lemma="ja" pos="X">ja</wf>
         <wf lemma="elegants" pos="X">elegants</wf>
         <wf lemma="." pos="X">.</wf>
      </sentence>
      <sentence id="d000.s1823" source="wordnet-estonian">
         <wf lemma="Pendel" pos="X">Pendel</wf>
         <wf lemma="võnkus" pos="X">võnkus</wf>
         <instance id="d000.s1823.t000" lemma="edasi-tagasi" pos="ADV">edasi-tagasi</instance>
         <wf lemma="." pos="X">.</wf>
         <wf lemma="(" pos="X">(</wf>
         <wf lemma="EKSS" pos="X">EKSS</wf>
         <wf lemma=")" pos="X">)</wf>
         <wf lemma="." pos="X">.</wf>
      </sentence>
      <sentence id="d000.s1824" source="wordnet-estonian">
         <instance id="d000.s1824.t000" lemma="elama" pos="VERB">Elame</instance>
         <wf lemma="äärelinnas" pos="X">äärelinnas</wf>
         <wf lemma="," pos="X">,</wf>
         <wf lemma="Tähe" pos="X">Tähe</wf>
         <wf lemma="tänavas" pos="X">tänavas</wf>
         <wf lemma="," pos="X">,</wf>
         <wf lemma="kooli(le" pos="X">kooli(le</wf>
         <wf lemma=")" pos="X">)</wf>
         <wf lemma="lähedal" pos="X">lähedal</wf>
         <wf lemma="," pos="X">,</wf>
         <wf lemma="kaupluse" pos="X">kaupluse</wf>
         <wf lemma="kõrval" pos="X">kõrval</wf>
         <wf lemma="." pos="X">.</wf>
      </sentence>
      <sentence id="d000.s1825" source="wordnet-estonian">
         <wf lemma="Loetud" pos="X">Loetud</wf>
         <wf lemma="raamat" pos="X">raamat</wf>
         <wf lemma="sai" pos="X">sai</wf>
         <wf lemma="elava" pos="X">elava</wf>
         <wf lemma="mõttevahetuse" pos="X">mõttevahetuse</wf>
         <instance id="d000.s1825.t000" lemma="teema" pos="NOUN">teemaks</instance>
         <wf lemma="." pos="X">.</wf>
      </sentence>
      <sentence id="d000.s1826" source="wordnet-estonian">
         <wf lemma="Põeb" pos="X">Põeb</wf>
         <instance id="d000.s1826.t000" lemma="trahhoom" pos="NOUN">trahhoomi</instance>
         <wf lemma="." pos="X">.</wf>
         <wf lemma="Jäi" pos="X">Jäi</wf>
         <wf lemma="trahhoomist" pos="X">trahhoomist</wf>
         <wf lemma="pimedaks" pos="X">pimedaks</wf>
         <wf lemma="." pos="X">.</wf>
         <wf lemma="Trahhoomi" pos="X">Trahhoomi</wf>
         <wf lemma="tekitab" pos="X">tekitab</wf>
         <wf lemma="teatav" pos="X">teatav</wf>
         <wf lemma="viirus" pos="X">viirus</wf>
         <wf lemma="." pos="X">.</wf>
      </sentence>
      <sentence id="d000.s1827" source="wordnet-estonian">
         <instance id="d000.s1827.t000" lemma="muld" pos="NOUN">Mulla</instance>
         <wf lemma="pindmine" pos="X">pindmine</wf>
         <wf lemma="kiht" pos="X">kiht</wf>
         <wf lemma="(" pos="X">(</wf>
         <wf lemma="EKSS" pos="X">EKSS</wf>
         <wf lemma=")" pos="X">)</wf>
         <wf lemma="." pos="X">.</wf>
         <wf lemma="Niiske" pos="X">Niiske</wf>
         <wf lemma="," pos="X">,</wf>
         <wf lemma="märg" pos="X">märg</wf>
         <wf lemma="muld" pos="X">muld</wf>
         <wf lemma="(" pos="X">(</wf>
         <wf lemma="EKSS" pos="X">EKSS</wf>
         <wf lemma=")" pos="X">)</wf>
         <wf lemma="." pos="X">.</wf>
      </sentence>
      <sentence id="d000.s1828" source="wordnet-estonian">
         <instance id="d000.s1828.t000" lemma="leidma" pos="VERB">Leidis</instance>
         <wf lemma="endale" pos="X">endale</wf>
         <wf lemma="abikaasa" pos="X">abikaasa</wf>
         <wf lemma="." pos="X">.</wf>
      </sentence>
      <sentence id="d000.s1829" source="wordnet-estonian">
         <wf lemma="Sissetulekute" pos="X">Sissetulekute</wf>
         <wf lemma="," pos="X">,</wf>
         <wf lemma="tulude" pos="X">tulude</wf>
         <instance id="d000.s1829.t000" lemma="allikas" pos="NOUN">allikad</instance>
         <wf lemma="." pos="X">.</wf>
      </sentence>
      <sentence id="d000.s1830" source="wordnet-estonian">
         <wf lemma="Võilille" pos="X">Võilille</wf>
         <instance id="d000.s1830.t000" lemma="piim" pos="NOUN">piim</instance>
         <wf lemma="." pos="X">.</wf>
         <wf lemma="Mõned" pos="X">Mõned</wf>
         <wf lemma="seened" pos="X">seened</wf>
         <wf lemma="ajavad" pos="X">ajavad</wf>
         <wf lemma="murdmisel" pos="X">murdmisel</wf>
         <wf lemma="piima" pos="X">piima</wf>
         <wf lemma="välja" pos="X">välja</wf>
         <wf lemma="." pos="X">.</wf>
         <wf lemma="Kookospähkli" pos="X">Kookospähkli</wf>
         <wf lemma="piim" pos="X">piim</wf>
         <wf lemma="." pos="X">.</wf>
      </sentence>
      <sentence id="d000.s1831" source="wordnet-estonian">
         <wf lemma="Laps" pos="X">Laps</wf>
         <wf lemma="puges" pos="X">puges</wf>
         <wf lemma="ema" pos="X">ema</wf>
         <instance id="d000.s1831.t000" lemma="rüpp" pos="NOUN">rüppe</instance>
         <wf lemma="." pos="X">.</wf>
         <wf lemma="Leivatükk" pos="X">Leivatükk</wf>
         <wf lemma="kukkus" pos="X">kukkus</wf>
         <wf lemma="näpust" pos="X">näpust</wf>
         <wf lemma="rüppe" pos="X">rüppe</wf>
         <wf lemma="." pos="X">.</wf>
      </sentence>
      <sentence id="d000.s1832" source="wordnet-estonian">
         <wf lemma="Löögi" pos="X">Löögi</wf>
         <instance id="d000.s1832.t000" lemma="tugevus" pos="NOUN">tugevust</instance>
         <wf lemma="ei" pos="X">ei</wf>
         <wf lemma="oska" pos="X">oska</wf>
         <wf lemma="kõrvalt" pos="X">kõrvalt</wf>
         <wf lemma="hinnata" pos="X">hinnata</wf>
         <wf lemma="(" pos="X">(</wf>
         <wf lemma="EKSS" pos="X">EKSS</wf>
         <wf lemma=")" pos="X">)</wf>
         <wf lemma="." pos="X">.</wf>
      </sentence>
      <sentence id="d000.s1833" source="wordnet-estonian">
         <wf lemma="Läinud" pos="X">Läinud</wf>
         <wf lemma="mehed" pos="X">mehed</wf>
         <wf lemma=".." pos="X">..</wf>
         <wf lemma="õhtul" pos="X">õhtul</wf>
         <wf lemma="metsa" pos="X">metsa</wf>
         <wf lemma="," pos="X">,</wf>
         <wf lemma="et" pos="X">et</wf>
         <wf lemma="hommikul" pos="X">hommikul</wf>
         <wf lemma="koidu" pos="X">koidu</wf>
         <wf lemma="ajal" pos="X">ajal</wf>
         <instance id="d000.s1833.t000" lemma="mõtus" pos="NOUN">mõtuste</instance>
         <wf lemma="mängukohal" pos="X">mängukohal</wf>
         <wf lemma="valmis" pos="X">valmis</wf>
         <wf lemma="olla" pos="X">olla</wf>
         <wf lemma="." pos="X">.</wf>
         <wf lemma="." pos="X">.</wf>
         <wf lemma="(" pos="X">(</wf>
         <wf lemma="Autor" pos="X">Autor</wf>
         <wf lemma=":" pos="X">:</wf>
         <wf lemma="J." pos="X">J.</wf>
         <wf lemma="Vahtra." pos="X">Vahtra.</wf>
         <wf lemma=")" pos="X">)</wf>
         <wf lemma="." pos="X">.</wf>
      </sentence>
      <sentence id="d000.s1834" source="wordnet-estonian">
         <instance id="d000.s1834.t000" lemma="kiri" pos="NOUN">Kiri</instance>
         <wf lemma="ei" pos="X">ei</wf>
         <wf lemma="valeta" pos="X">valeta</wf>
         <wf lemma="!" pos="X">!</wf>
      </sentence>
      <sentence id="d000.s1835" source="wordnet-estonian">
         <instance id="d000.s1835.t000" lemma="heeringas" pos="NOUN">Heeringaid</instance>
         <wf lemma="," pos="X">,</wf>
         <wf lemma="heeringat" pos="X">heeringat</wf>
         <wf lemma="püütakse" pos="X">püütakse</wf>
         <wf lemma="triivvõrkude" pos="X">triivvõrkude</wf>
         <wf lemma="," pos="X">,</wf>
         <wf lemma="traal-" pos="X">traal-</wf>
         <wf lemma="ja" pos="X">ja</wf>
         <wf lemma="seinnootadega" pos="X">seinnootadega</wf>
         <wf lemma="." pos="X">.</wf>
      </sentence>
      <sentence id="d000.s1836" source="wordnet-estonian">
         <wf lemma="Tohutu" pos="X">Tohutu</wf>
         <instance id="d000.s1836.t000" lemma="mass" pos="NOUN">massiga</instance>
         <wf lemma="kivimürakas" pos="X">kivimürakas</wf>
         <wf lemma="(" pos="X">(</wf>
         <wf lemma="EKSS" pos="X">EKSS</wf>
         <wf lemma=")" pos="X">)</wf>
         <wf lemma="." pos="X">.</wf>
      </sentence>
      <sentence id="d000.s1837" source="wordnet-estonian">
         <wf lemma="Ketserite" pos="X">Ketserite</wf>
         <wf lemma="vastu" pos="X">vastu</wf>
         <wf lemma="võideldi" pos="X">võideldi</wf>
         <wf lemma="julma" pos="X">julma</wf>
         <instance id="d000.s1837.t000" lemma="leppimatus" pos="NOUN">leppimatusega</instance>
         <wf lemma="." pos="X">.</wf>
         <wf lemma="(" pos="X">(</wf>
         <wf lemma="EKSS" pos="X">EKSS</wf>
         <wf lemma=")" pos="X">)</wf>
         <wf lemma="." pos="X">.</wf>
      </sentence>
      <sentence id="d000.s1838" source="wordnet-estonian">
         <wf lemma="Autos" pos="X">Autos</wf>
         <wf lemma="istusid" pos="X">istusid</wf>
         <wf lemma="kaks" pos="X">kaks</wf>
         <instance id="d000.s1838.t000" lemma="mees" pos="NOUN">meest</instance>
         <wf lemma="ja" pos="X">ja</wf>
         <wf lemma="üks" pos="X">üks</wf>
         <wf lemma="naine" pos="X">naine</wf>
         <wf lemma="." pos="X">.</wf>
      </sentence>
      <sentence id="d000.s1839" source="wordnet-estonian">
         <wf lemma="Toodeti" pos="X">Toodeti</wf>
         <wf lemma="25" pos="X">25</wf>
         <wf lemma="000" pos="X">000</wf>
         <instance id="d000.s1839.t000" lemma="tonn" pos="NOUN">tonni</instance>
         <wf lemma="piima" pos="X">piima</wf>
         <wf lemma="(" pos="X">(</wf>
         <wf lemma="EKSS" pos="X">EKSS</wf>
         <wf lemma=")" pos="X">)</wf>
         <wf lemma="." pos="X">.</wf>
      </sentence>
      <sentence id="d000.s1840" source="wordnet-estonian">
         <wf lemma="Teadus-" pos="X">Teadus-</wf>
         <wf lemma="ja" pos="X">ja</wf>
         <wf lemma="arhiivraamatukogude" pos="X">arhiivraamatukogude</wf>
         <instance id="d000.s1840.t000" lemma="finantseerimine" pos="NOUN">finantseerimine</instance>
         <wf lemma="." pos="X">.</wf>
      </sentence>
      <sentence id="d000.s1841" source="wordnet-estonian">
         <wf lemma="Tema" pos="X">Tema</wf>
         <instance id="d000.s1841.t000" lemma="juhtimine" pos="NOUN">juhtimine</instance>
         <wf lemma="inspireeris" pos="X">inspireeris</wf>
         <wf lemma="meeskonda" pos="X">meeskonda</wf>
         <wf lemma="." pos="X">.</wf>
      </sentence>
      <sentence id="d000.s1842" source="wordnet-estonian">
         <wf lemma="Sõitsin" pos="X">Sõitsin</wf>
         <wf lemma="kraavi" pos="X">kraavi</wf>
         <wf lemma="," pos="X">,</wf>
         <wf lemma="aga" pos="X">aga</wf>
         <wf lemma="õnneks" pos="X">õnneks</wf>
         <wf lemma="jäid" pos="X">jäid</wf>
         <wf lemma="kõik" pos="X">kõik</wf>
         <wf lemma="luud" pos="X">luud</wf>
         <wf lemma="ja" pos="X">ja</wf>
         <instance id="d000.s1842.t000" lemma="liige" pos="NOUN">liikmed</instance>
         <wf lemma="terveks" pos="X">terveks</wf>
         <wf lemma="." pos="X">.</wf>
      </sentence>
      <sentence id="d000.s1843" source="wordnet-estonian">
         <wf lemma="Võistlused" pos="X">Võistlused</wf>
         <wf lemma="lõppesid" pos="X">lõppesid</wf>
         <instance id="d000.s1843.t000" lemma="skandaal" pos="NOUN">skandaaliga</instance>
         <wf lemma="." pos="X">.</wf>
         <wf lemma="Esietendus" pos="X">Esietendus</wf>
         <wf lemma="põhjustas" pos="X">põhjustas</wf>
         <wf lemma="teatriringkondades" pos="X">teatriringkondades</wf>
         <wf lemma="skandaali" pos="X">skandaali</wf>
         <wf lemma="." pos="X">.</wf>
         <wf lemma="(" pos="X">(</wf>
         <wf lemma="EKSS" pos="X">EKSS</wf>
         <wf lemma=")" pos="X">)</wf>
         <wf lemma="." pos="X">.</wf>
      </sentence>
      <sentence id="d000.s1844" source="wordnet-estonian">
         <wf lemma="Rootsi" pos="X">Rootsi</wf>
         <wf lemma="Raadio" pos="X">Raadio</wf>
         <wf lemma="koori" pos="X">koori</wf>
         <wf lemma="sopranite" pos="X">sopranite</wf>
         <wf lemma="omapäraks" pos="X">omapäraks</wf>
         <wf lemma="on" pos="X">on</wf>
         <wf lemma="eriline" pos="X">eriline</wf>
         <wf lemma="soe" pos="X">soe</wf>
         <instance id="d000.s1844.t000" lemma="vibrato" pos="NOUN">vibrato</instance>
         <wf lemma="," pos="X">,</wf>
         <wf lemma="mis" pos="X">mis</wf>
         <wf lemma="karakterit" pos="X">karakterit</wf>
         <wf lemma="muudab" pos="X">muudab</wf>
         <wf lemma="." pos="X">.</wf>
      </sentence>
      <sentence id="d000.s1845" source="wordnet-estonian">
         <wf lemma="Igaüks" pos="X">Igaüks</wf>
         <wf lemma="tegutses" pos="X">tegutses</wf>
         <wf lemma="vastavalt" pos="X">vastavalt</wf>
         <wf lemma="oma" pos="X">oma</wf>
         <instance id="d000.s1845.t000" lemma="võime" pos="NOUN">võimetele</instance>
         <wf lemma="." pos="X">.</wf>
      </sentence>
      <sentence id="d000.s1846" source="wordnet-estonian">
         <wf lemma="Ta" pos="X">Ta</wf>
         <wf lemma="ei" pos="X">ei</wf>
         <wf lemma="oska" pos="X">oska</wf>
         <instance id="d000.s1846.t000" lemma="ujuma" pos="VERB">ujuda</instance>
         <wf lemma="(" pos="X">(</wf>
         <wf lemma="EKSS" pos="X">EKSS</wf>
         <wf lemma=")" pos="X">)</wf>
         <wf lemma="." pos="X">.</wf>
      </sentence>
      <sentence id="d000.s1847" source="wordnet-estonian">
         <wf lemma="Tuberkuloosne" pos="X">Tuberkuloosne</wf>
         <instance id="d000.s1847.t000" lemma="entsefaliit" pos="NOUN">entsefaliit</instance>
         <wf lemma="." pos="X">.</wf>
      </sentence>
      <sentence id="d000.s1848" source="wordnet-estonian">
         <wf lemma="Sel" pos="X">Sel</wf>
         <wf lemma="neiul" pos="X">neiul</wf>
         <wf lemma="ei" pos="X">ei</wf>
         <wf lemma="puudu" pos="X">puudu</wf>
         <instance id="d000.s1848.t000" lemma="temperament" pos="NOUN">temperament</instance>
         <wf lemma="." pos="X">.</wf>
         <wf lemma="Vastase" pos="X">Vastase</wf>
         <wf lemma="täpne" pos="X">täpne</wf>
         <wf lemma="kaitse" pos="X">kaitse</wf>
         <wf lemma="jahutas" pos="X">jahutas</wf>
         <wf lemma="ründaja" pos="X">ründaja</wf>
         <wf lemma="temperamenti" pos="X">temperamenti</wf>
         <wf lemma="." pos="X">.</wf>
      </sentence>
      <sentence id="d000.s1849" source="wordnet-estonian">
         <wf lemma="Ta" pos="X">Ta</wf>
         <wf lemma="on" pos="X">on</wf>
         <wf lemma="veendunud" pos="X">veendunud</wf>
         <wf lemma="oma" pos="X">oma</wf>
         <instance id="d000.s1849.t000" lemma="eksimatus" pos="NOUN">eksimatuses</instance>
         <wf lemma="." pos="X">.</wf>
         <wf lemma="Loodab" pos="X">Loodab</wf>
         <wf lemma="oma" pos="X">oma</wf>
         <wf lemma="eksimatusele" pos="X">eksimatusele</wf>
         <wf lemma="." pos="X">.</wf>
      </sentence>
      <sentence id="d000.s1850" source="wordnet-estonian">
         <wf lemma="Nihutas" pos="X">Nihutas</wf>
         <wf lemma="end" pos="X">end</wf>
         <wf lemma="," pos="X">,</wf>
         <wf lemma="et" pos="X">et</wf>
         <wf lemma="lapsele" pos="X">lapsele</wf>
         <instance id="d000.s1850.t000" lemma="ruum" pos="NOUN">ruumi</instance>
         <wf lemma="teha" pos="X">teha</wf>
         <wf lemma="." pos="X">.</wf>
      </sentence>
      <sentence id="d000.s1851" source="wordnet-estonian">
         <wf lemma="Aastased" pos="X">Aastased</wf>
         <instance id="d000.s1851.t000" lemma="mullikas" pos="NOUN">mullikad</instance>
         <wf lemma="." pos="X">.</wf>
         <wf lemma="Õhv" pos="X">Õhv</wf>
         <wf lemma="on" pos="X">on</wf>
         <wf lemma="tiine" pos="X">tiine</wf>
         <wf lemma="mullikas" pos="X">mullikas</wf>
         <wf lemma="." pos="X">.</wf>
      </sentence>
      <sentence id="d000.s1852" source="wordnet-estonian">
         <wf lemma="Vahelmisest" pos="X">Vahelmisest</wf>
         <wf lemma="lootelehest" pos="X">lootelehest</wf>
         <wf lemma="(" pos="X">(</wf>
         <instance id="d000.s1852.t000" lemma="mesoderm" pos="NOUN">mesodermist</instance>
         <wf lemma=")" pos="X">)</wf>
         <wf lemma="arenevad" pos="X">arenevad</wf>
         <wf lemma="skelett" pos="X">skelett</wf>
         <wf lemma="," pos="X">,</wf>
         <wf lemma="lihassüsteem" pos="X">lihassüsteem</wf>
         <wf lemma="," pos="X">,</wf>
         <wf lemma="neerud" pos="X">neerud</wf>
         <wf lemma="," pos="X">,</wf>
         <wf lemma="veresooned" pos="X">veresooned</wf>
         <wf lemma="ja" pos="X">ja</wf>
         <wf lemma="süda" pos="X">süda</wf>
         <wf lemma="." pos="X">.</wf>
      </sentence>
      <sentence id="d000.s1853" source="wordnet-estonian">
         <wf lemma="Kinos" pos="X">Kinos</wf>
         <wf lemma="jookseb" pos="X">jookseb</wf>
         <wf lemma="praegu" pos="X">praegu</wf>
         <wf lemma="põnev" pos="X">põnev</wf>
         <instance id="d000.s1853.t000" lemma="film" pos="NOUN">film</instance>
         <wf lemma="(" pos="X">(</wf>
         <wf lemma="EKSS" pos="X">EKSS</wf>
         <wf lemma=")" pos="X">)</wf>
         <wf lemma="." pos="X">.</wf>
      </sentence>
      <sentence id="d000.s1854" source="wordnet-estonian">
         <instance id="d000.s1854.t000" lemma="kuup" pos="NOUN">Kuup</instance>
         <wf lemma="on" pos="X">on</wf>
         <wf lemma="korrapärane" pos="X">korrapärane</wf>
         <wf lemma="kuustahukas" pos="X">kuustahukas</wf>
         <wf lemma="." pos="X">.</wf>
         <wf lemma="(" pos="X">(</wf>
         <wf lemma="EKSS" pos="X">EKSS</wf>
         <wf lemma=")" pos="X">)</wf>
         <wf lemma="." pos="X">.</wf>
      </sentence>
      <sentence id="d000.s1855" source="wordnet-estonian">
         <wf lemma="Vanaema" pos="X">Vanaema</wf>
         <wf lemma="läks" pos="X">läks</wf>
         <wf lemma="lauta" pos="X">lauta</wf>
         <instance id="d000.s1855.t000" lemma="loom" pos="NOUN">loomi</instance>
         <wf lemma="talitama" pos="X">talitama</wf>
         <wf lemma="." pos="X">.</wf>
      </sentence>
      <sentence id="d000.s1856" source="wordnet-estonian">
         <wf lemma="Raudteejaama" pos="X">Raudteejaama</wf>
         <wf lemma="piletikassade" pos="X">piletikassade</wf>
         <wf lemma="ees" pos="X">ees</wf>
         <wf lemma="looklesid" pos="X">looklesid</wf>
         <wf lemma="pikad" pos="X">pikad</wf>
         <instance id="d000.s1856.t000" lemma="saba" pos="NOUN">sabad</instance>
         <wf lemma="(" pos="X">(</wf>
         <wf lemma="EKSS" pos="X">EKSS</wf>
         <wf lemma=")" pos="X">)</wf>
         <wf lemma="." pos="X">.</wf>
      </sentence>
      <sentence id="d000.s1857" source="wordnet-estonian">
         <wf lemma="Tema" pos="X">Tema</wf>
         <instance id="d000.s1857.t000" lemma="seltsimatus" pos="NOUN">seltsimatusel</instance>
         <wf lemma="peab" pos="X">peab</wf>
         <wf lemma="olema" pos="X">olema</wf>
         <wf lemma="mingi" pos="X">mingi</wf>
         <wf lemma="põhjus" pos="X">põhjus</wf>
         <wf lemma="." pos="X">.</wf>
      </sentence>
      <sentence id="d000.s1858" source="wordnet-estonian">
         <instance id="d000.s1858.t000" lemma="hilja" pos="ADV">Hilja</instance>
         <wf lemma="öösel" pos="X">öösel</wf>
         <wf lemma="." pos="X">.</wf>
         <wf lemma="(" pos="X">(</wf>
         <wf lemma="EKSS" pos="X">EKSS</wf>
         <wf lemma=")" pos="X">)</wf>
         <wf lemma="." pos="X">.</wf>
      </sentence>
      <sentence id="d000.s1859" source="wordnet-estonian">
         <wf lemma="Mul" pos="X">Mul</wf>
         <wf lemma="õnnestus" pos="X">õnnestus</wf>
         <wf lemma="ta" pos="X">ta</wf>
         <wf lemma="kodunt" pos="X">kodunt</wf>
         <wf lemma="välja" pos="X">välja</wf>
         <instance id="d000.s1859.t000" lemma="meelitama" pos="VERB">meelitada</instance>
         <wf lemma="." pos="X">.</wf>
      </sentence>
      <sentence id="d000.s1860" source="wordnet-estonian">
         <wf lemma="Tulemused" pos="X">Tulemused</wf>
         <instance id="d000.s1860.t000" lemma="panema" pos="VERB">pandi</instance>
         <wf lemma="kahtluse" pos="X">kahtluse</wf>
         <wf lemma="alla" pos="X">alla</wf>
         <wf lemma="." pos="X">.</wf>
      </sentence>
      <sentence id="d000.s1861" source="wordnet-estonian">
         <wf lemma="Riigi" pos="X">Riigi</wf>
         <instance id="d000.s1861.t000" lemma="rahandus" pos="NOUN">rahanduse</instance>
         <wf lemma="seisukohast" pos="X">seisukohast</wf>
         <wf lemma="iseloomustab" pos="X">iseloomustab</wf>
         <wf lemma="tänavust" pos="X">tänavust</wf>
         <wf lemma="aastat" pos="X">aastat</wf>
         <wf lemma="ka" pos="X">ka</wf>
         <wf lemma="maksutulude" pos="X">maksutulude</wf>
         <wf lemma="prognoositust" pos="X">prognoositust</wf>
         <wf lemma="parem" pos="X">parem</wf>
         <wf lemma="laekumine" pos="X">laekumine</wf>
         <wf lemma="." pos="X">.</wf>
      </sentence>
      <sentence id="d000.s1862" source="wordnet-estonian">
         <wf lemma="Hakkame" pos="X">Hakkame</wf>
         <wf lemma="astuma" pos="X">astuma</wf>
         <wf lemma="," pos="X">,</wf>
         <wf lemma="pikk" pos="X">pikk</wf>
         <instance id="d000.s1862.t000" lemma="maa" pos="NOUN">maa</instance>
         <wf lemma="on" pos="X">on</wf>
         <wf lemma="minna" pos="X">minna</wf>
         <wf lemma="." pos="X">.</wf>
         <wf lemma="Siit" pos="X">Siit</wf>
         <wf lemma="mereni" pos="X">mereni</wf>
         <wf lemma="on" pos="X">on</wf>
         <wf lemma="päratu" pos="X">päratu</wf>
         <wf lemma="maa" pos="X">maa</wf>
         <wf lemma="." pos="X">.</wf>
      </sentence>
      <sentence id="d000.s1863" source="wordnet-estonian">
         <instance id="d000.s1863.t000" lemma="tuba" pos="NOUN">Toad</instance>
         <wf lemma="olid" pos="X">olid</wf>
         <wf lemma="küll" pos="X">küll</wf>
         <wf lemma="väiksed" pos="X">väiksed</wf>
         <wf lemma="." pos="X">.</wf>
      </sentence>
      <sentence id="d000.s1864" source="wordnet-estonian">
         <wf lemma="Paljudest" pos="X">Paljudest</wf>
         <wf lemma="lahtedest" pos="X">lahtedest</wf>
         <wf lemma="ning" pos="X">ning</wf>
         <wf lemma="abajatest" pos="X">abajatest</wf>
         <wf lemma="liigestatud" pos="X">liigestatud</wf>
         <wf lemma="rannik" pos="X">rannik</wf>
         <wf lemma="." pos="X">.</wf>
         <wf lemma="Paadid" pos="X">Paadid</wf>
         <wf lemma="liuglesid" pos="X">liuglesid</wf>
         <instance id="d000.s1864.t000" lemma="abajas" pos="NOUN">abajast</instance>
         <wf lemma="välja" pos="X">välja</wf>
         <wf lemma="avaveele" pos="X">avaveele</wf>
         <wf lemma="." pos="X">.</wf>
      </sentence>
      <sentence id="d000.s1865" source="wordnet-estonian">
         <wf lemma="Tal" pos="X">Tal</wf>
         <wf lemma="on" pos="X">on</wf>
         <wf lemma="hea" pos="X">hea</wf>
         <wf lemma="kirjanduslik" pos="X">kirjanduslik</wf>
         <wf lemma="," pos="X">,</wf>
         <wf lemma="muusikaline" pos="X">muusikaline</wf>
         <instance id="d000.s1865.t000" lemma="maitse" pos="NOUN">maitse</instance>
         <wf lemma="(" pos="X">(</wf>
         <wf lemma="EKSS" pos="X">EKSS</wf>
         <wf lemma=")" pos="X">)</wf>
         <wf lemma="." pos="X">.</wf>
      </sentence>
      <sentence id="d000.s1866" source="wordnet-estonian">
         <wf lemma="Mitmete" pos="X">Mitmete</wf>
         <wf lemma="limuste" pos="X">limuste</wf>
         <instance id="d000.s1866.t000" lemma="karp" pos="NOUN">karpidest</instance>
         <wf lemma="saadakse" pos="X">saadakse</wf>
         <wf lemma="pärlmutrit" pos="X">pärlmutrit</wf>
         <wf lemma="." pos="X">.</wf>
      </sentence>
      <sentence id="d000.s1867" source="wordnet-estonian">
         <wf lemma="Tulekahju" pos="X">Tulekahju</wf>
         <wf lemma="märgati" pos="X">märgati</wf>
         <wf lemma="üsna" pos="X">üsna</wf>
         <wf lemma="pea" pos="X">pea</wf>
         <wf lemma="," pos="X">,</wf>
         <wf lemma="nii" pos="X">nii</wf>
         <wf lemma="et" pos="X">et</wf>
         <instance id="d000.s1867.t000" lemma="kahju" pos="NOUN">kahju</instance>
         <wf lemma="polnud" pos="X">polnud</wf>
         <wf lemma="eriti" pos="X">eriti</wf>
         <wf lemma="suur" pos="X">suur</wf>
         <wf lemma="." pos="X">.</wf>
      </sentence>
      <sentence id="d000.s1868" source="wordnet-estonian">
         <wf lemma="Tema" pos="X">Tema</wf>
         <wf lemma="jutte" pos="X">jutte</wf>
         <wf lemma="ei" pos="X">ei</wf>
         <wf lemma="saa" pos="X">saa</wf>
         <instance id="d000.s1868.t000" lemma="alati" pos="ADV">alati</instance>
         <wf lemma="uskuda" pos="X">uskuda</wf>
         <wf lemma="." pos="X">.</wf>
         <wf lemma="(" pos="X">(</wf>
         <wf lemma="EKSS" pos="X">EKSS</wf>
         <wf lemma=")" pos="X">)</wf>
         <wf lemma="." pos="X">.</wf>
      </sentence>
      <sentence id="d000.s1869" source="wordnet-estonian">
         <wf lemma="Kas" pos="X">Kas</wf>
         <wf lemma="see" pos="X">see</wf>
         <wf lemma="raamat" pos="X">raamat</wf>
         <wf lemma="on" pos="X">on</wf>
         <instance id="d000.s1869.t000" lemma="piisavalt" pos="ADV">piisavalt</instance>
         <wf lemma="mahukas" pos="X">mahukas</wf>
         <wf lemma="?" pos="X">?</wf>
      </sentence>
      <sentence id="d000.s1870" source="wordnet-estonian">
         <wf lemma="Tahab" pos="X">Tahab</wf>
         <instance id="d000.s1870.t000" lemma="ausalt" pos="ADV">ausalt</instance>
         <wf lemma="elada" pos="X">elada</wf>
         <wf lemma="," pos="X">,</wf>
         <wf lemma="töötada" pos="X">töötada</wf>
         <wf lemma="." pos="X">.</wf>
         <wf lemma="(" pos="X">(</wf>
         <wf lemma="EKSS" pos="X">EKSS</wf>
         <wf lemma=")" pos="X">)</wf>
         <wf lemma="." pos="X">.</wf>
      </sentence>
      <sentence id="d000.s1871" source="wordnet-estonian">
         <wf lemma="Peeter" pos="X">Peeter</wf>
         <instance id="d000.s1871.t000" lemma="vahtima" pos="VERB">vahtis</instance>
         <wf lemma="ärevalt" pos="X">ärevalt</wf>
         <wf lemma="aknast" pos="X">aknast</wf>
         <wf lemma="välja" pos="X">välja</wf>
         <wf lemma="." pos="X">.</wf>
      </sentence>
      <sentence id="d000.s1872" source="wordnet-estonian">
         <wf lemma="Pank" pos="X">Pank</wf>
         <wf lemma="tegi" pos="X">tegi</wf>
         <wf lemma="helde" pos="X">helde</wf>
         <instance id="d000.s1872.t000" lemma="žest" pos="NOUN">žesti</instance>
         <wf lemma=":" pos="X">:</wf>
         <wf lemma="annetas" pos="X">annetas</wf>
         <wf lemma="haiglale" pos="X">haiglale</wf>
         <wf lemma="suure" pos="X">suure</wf>
         <wf lemma="summa" pos="X">summa</wf>
         <wf lemma="." pos="X">.</wf>
      </sentence>
      <sentence id="d000.s1873" source="wordnet-estonian">
         <wf lemma="Ta" pos="X">Ta</wf>
         <instance id="d000.s1873.t000" lemma="tajuma" pos="VERB">tajus</instance>
         <wf lemma="mu" pos="X">mu</wf>
         <wf lemma="hingeseisundit" pos="X">hingeseisundit</wf>
         <wf lemma="." pos="X">.</wf>
      </sentence>
      <sentence id="d000.s1874" source="wordnet-estonian">
         <wf lemma="Ostsin" pos="X">Ostsin</wf>
         <wf lemma="ühelt" pos="X">ühelt</wf>
         <instance id="d000.s1874.t000" lemma="mutt" pos="NOUN">mutilt</instance>
         <wf lemma="sinililli" pos="X">sinililli</wf>
         <wf lemma="." pos="X">.</wf>
      </sentence>
      <sentence id="d000.s1875" source="wordnet-estonian">
         <wf lemma="Poiss" pos="X">Poiss</wf>
         <wf lemma="tahtis" pos="X">tahtis</wf>
         <wf lemma="uisutada" pos="X">uisutada</wf>
         <wf lemma="," pos="X">,</wf>
         <wf lemma="aga" pos="X">aga</wf>
         <wf lemma="ema" pos="X">ema</wf>
         <instance id="d000.s1875.t000" lemma="keelama" pos="VERB">keelas</instance>
         <wf lemma="." pos="X">.</wf>
      </sentence>
      <sentence id="d000.s1876" source="wordnet-estonian">
         <wf lemma="Suurelehist" pos="X">Suurelehist</wf>
         <instance id="d000.s1876.t000" lemma="tobiväät" pos="NOUN">tobivääti</instance>
         <wf lemma="kasvatatakse" pos="X">kasvatatakse</wf>
         <wf lemma="seinte" pos="X">seinte</wf>
         <wf lemma="ja" pos="X">ja</wf>
         <wf lemma="lehtlate" pos="X">lehtlate</wf>
         <wf lemma="katteks" pos="X">katteks</wf>
         <wf lemma="." pos="X">.</wf>
      </sentence>
      <sentence id="d000.s1877" source="wordnet-estonian">
         <wf lemma="Me" pos="X">Me</wf>
         <wf lemma="sõime" pos="X">sõime</wf>
         <wf lemma="keedetud" pos="X">keedetud</wf>
         <wf lemma="kana" pos="X">kana</wf>
         <wf lemma="valge" pos="X">valge</wf>
         <instance id="d000.s1877.t000" lemma="kaste" pos="NOUN">kastmega</instance>
         <wf lemma="." pos="X">.</wf>
      </sentence>
      <sentence id="d000.s1878" source="wordnet-estonian">
         <instance id="d000.s1878.t000" lemma="brahmanism" pos="NOUN">Brahmanism</instance>
         <wf lemma="oli" pos="X">oli</wf>
         <wf lemma="preestritekeskne" pos="X">preestritekeskne</wf>
         <wf lemma="ohverdamisreligioon" pos="X">ohverdamisreligioon</wf>
         <wf lemma="." pos="X">.</wf>
      </sentence>
      <sentence id="d000.s1879" source="wordnet-estonian">
         <instance id="d000.s1879.t000" lemma="naine" pos="NOUN">Naine</instance>
         <wf lemma="hoidis" pos="X">hoidis</wf>
         <wf lemma="maja" pos="X">maja</wf>
         <wf lemma="korras" pos="X">korras</wf>
         <wf lemma="." pos="X">.</wf>
      </sentence>
      <sentence id="d000.s1880" source="wordnet-estonian">
         <wf lemma="Lambad" pos="X">Lambad</wf>
         <instance id="d000.s1880.t000" lemma="andma" pos="VERB">annavad</instance>
         <wf lemma="villa" pos="X">villa</wf>
         <wf lemma="." pos="X">.</wf>
      </sentence>
      <sentence id="d000.s1881" source="wordnet-estonian">
         <wf lemma="Lehekülgede" pos="X">Lehekülgede</wf>
         <wf lemma="," pos="X">,</wf>
         <wf lemma="majade" pos="X">majade</wf>
         <instance id="d000.s1881.t000" lemma="numeratsioon" pos="NOUN">numeratsioon</instance>
         <wf lemma="." pos="X">.</wf>
         <wf lemma="Viidete" pos="X">Viidete</wf>
         <wf lemma="," pos="X">,</wf>
         <wf lemma="kommentaaride" pos="X">kommentaaride</wf>
         <wf lemma="pidev" pos="X">pidev</wf>
         <wf lemma="numeratsioon" pos="X">numeratsioon</wf>
         <wf lemma="läbi" pos="X">läbi</wf>
         <wf lemma="kogu" pos="X">kogu</wf>
         <wf lemma="raamatu" pos="X">raamatu</wf>
         <wf lemma="." pos="X">.</wf>
      </sentence>
      <sentence id="d000.s1882" source="wordnet-estonian">
         <wf lemma="Nõmmesoo" pos="X">Nõmmesoo</wf>
         <wf lemma="külas" pos="X">külas</wf>
         <wf lemma="on" pos="X">on</wf>
         <wf lemma="seitse" pos="X">seitse</wf>
         <instance id="d000.s1882.t000" lemma="talu" pos="NOUN">talu</instance>
         <wf lemma="." pos="X">.</wf>
         <wf lemma="Pärandab" pos="X">Pärandab</wf>
         <wf lemma="talu" pos="X">talu</wf>
         <wf lemma="vanemale" pos="X">vanemale</wf>
         <wf lemma="pojale" pos="X">pojale</wf>
         <wf lemma="," pos="X">,</wf>
         <wf lemma="see" pos="X">see</wf>
         <wf lemma="hakkab" pos="X">hakkab</wf>
         <wf lemma="ise" pos="X">ise</wf>
         <wf lemma="talu" pos="X">talu</wf>
         <wf lemma="pidama" pos="X">pidama</wf>
         <wf lemma="." pos="X">.</wf>
      </sentence>
      <sentence id="d000.s1883" source="wordnet-estonian">
         <wf lemma="Mättas" pos="X">Mättas</wf>
         <wf lemma="oli" pos="X">oli</wf>
         <instance id="d000.s1883.t000" lemma="kimalane" pos="NOUN">kimalaste</instance>
         <wf lemma="pesa" pos="X">pesa</wf>
         <wf lemma="(" pos="X">(</wf>
         <wf lemma="EKSS" pos="X">EKSS</wf>
         <wf lemma=")" pos="X">)</wf>
         <wf lemma="." pos="X">.</wf>
      </sentence>
      <sentence id="d000.s1884" source="wordnet-estonian">
         <wf lemma="Lõpuks" pos="X">Lõpuks</wf>
         <wf lemma="oli" pos="X">oli</wf>
         <wf lemma="ta" pos="X">ta</wf>
         <wf lemma="kõikidest" pos="X">kõikidest</wf>
         <wf lemma="kohustustest" pos="X">kohustustest</wf>
         <instance id="d000.s1884.t000" lemma="vaba" pos="ADJ">vaba</instance>
         <wf lemma="." pos="X">.</wf>
         <wf lemma="Sai" pos="X">Sai</wf>
         <wf lemma="sõjaväest" pos="X">sõjaväest</wf>
         <wf lemma="vabaks" pos="X">vabaks</wf>
         <wf lemma="." pos="X">.</wf>
         <wf lemma="Ta" pos="X">Ta</wf>
         <wf lemma="oli" pos="X">oli</wf>
         <wf lemma="nõus" pos="X">nõus</wf>
         <wf lemma="lahutama" pos="X">lahutama</wf>
         <wf lemma="ja" pos="X">ja</wf>
         <wf lemma="naist" pos="X">naist</wf>
         <wf lemma="vabaks" pos="X">vabaks</wf>
         <wf lemma="andma" pos="X">andma</wf>
         <wf lemma="." pos="X">.</wf>
      </sentence>
      <sentence id="d000.s1885" source="wordnet-estonian">
         <wf lemma="Vahe" pos="X">Vahe</wf>
         <wf lemma="," pos="X">,</wf>
         <wf lemma="haljas" pos="X">haljas</wf>
         <instance id="d000.s1885.t000" lemma="tääk" pos="NOUN">tääk</instance>
         <wf lemma="(" pos="X">(</wf>
         <wf lemma="EKSS" pos="X">EKSS</wf>
         <wf lemma=")" pos="X">)</wf>
         <wf lemma="." pos="X">.</wf>
      </sentence>
      <sentence id="d000.s1886" source="wordnet-estonian">
         <wf lemma="Vaenlane" pos="X">Vaenlane</wf>
         <wf lemma="pommitas" pos="X">pommitas</wf>
         <wf lemma="linna" pos="X">linna</wf>
         <instance id="d000.s1886.t000" lemma="metoodiliselt" pos="ADV">metoodiliselt</instance>
         <wf lemma="kvartalite" pos="X">kvartalite</wf>
         <wf lemma="kaupa" pos="X">kaupa</wf>
         <wf lemma="." pos="X">.</wf>
         <wf lemma="(" pos="X">(</wf>
         <wf lemma="EKSS" pos="X">EKSS</wf>
         <wf lemma=")" pos="X">)</wf>
         <wf lemma="." pos="X">.</wf>
      </sentence>
      <sentence id="d000.s1887" source="wordnet-estonian">
         <wf lemma="Ümberringi" pos="X">Ümberringi</wf>
         <wf lemma="valitses" pos="X">valitses</wf>
         <wf lemma="täielik" pos="X">täielik</wf>
         <instance id="d000.s1887.t000" lemma="pimedus" pos="NOUN">pimedus</instance>
         <wf lemma="." pos="X">.</wf>
      </sentence>
      <sentence id="d000.s1888" source="wordnet-estonian">
         <wf lemma="Kogu" pos="X">Kogu</wf>
         <instance id="d000.s1888.t000" lemma="kursus" pos="NOUN">kursus</instance>
         <wf lemma="sõitis" pos="X">sõitis</wf>
         <wf lemma="praktikale" pos="X">praktikale</wf>
         <wf lemma="." pos="X">.</wf>
      </sentence>
      <sentence id="d000.s1889" source="wordnet-estonian">
         <instance id="d000.s1889.t000" lemma="neoliitikum" pos="NOUN">Neoliitikumis</instance>
         <wf lemma="oli" pos="X">oli</wf>
         <wf lemma="maismaast" pos="X">maismaast</wf>
         <wf lemma="(" pos="X">(</wf>
         <wf lemma="ilma" pos="X">ilma</wf>
         <wf lemma="Antarktikata" pos="X">Antarktikata</wf>
         <wf lemma=")" pos="X">)</wf>
         <wf lemma="metsaga" pos="X">metsaga</wf>
         <wf lemma="kaetud" pos="X">kaetud</wf>
         <wf lemma="kuni" pos="X">kuni</wf>
         <wf lemma="60" pos="X">60</wf>
         <wf lemma="%" pos="X">%</wf>
         <wf lemma="ja" pos="X">ja</wf>
         <wf lemma="ajaloolisel" pos="X">ajaloolisel</wf>
         <wf lemma="ajal" pos="X">ajal</wf>
         <wf lemma="keskmiselt" pos="X">keskmiselt</wf>
         <wf lemma="40" pos="X">40</wf>
         <wf lemma="%" pos="X">%</wf>
         <wf lemma="." pos="X">.</wf>
      </sentence>
      <sentence id="d000.s1890" source="wordnet-estonian">
         <wf lemma="Haavast" pos="X">Haavast</wf>
         <wf lemma="voolast" pos="X">voolast</wf>
         <instance id="d000.s1890.t000" lemma="veri" pos="NOUN">verd</instance>
         <wf lemma="." pos="X">.</wf>
      </sentence>
      <sentence id="d000.s1891" source="wordnet-estonian">
         <wf lemma="Pätt" pos="X">Pätt</wf>
         <wf lemma="jäi" pos="X">jäi</wf>
         <wf lemma="kolmandat" pos="X">kolmandat</wf>
         <wf lemma="korda" pos="X">korda</wf>
         <instance id="d000.s1891.t000" lemma="vargus" pos="NOUN">vargusega</instance>
         <wf lemma="vahele" pos="X">vahele</wf>
         <wf lemma="." pos="X">.</wf>
      </sentence>
      <sentence id="d000.s1892" source="wordnet-estonian">
         <wf lemma="Väikese" pos="X">Väikese</wf>
         <wf lemma="võimsusega" pos="X">võimsusega</wf>
         <instance id="d000.s1892.t000" lemma="päramootor" pos="NOUN">päramootor</instance>
         <wf lemma="." pos="X">.</wf>
         <wf lemma="(" pos="X">(</wf>
         <wf lemma="EKSS" pos="X">EKSS</wf>
         <wf lemma=")" pos="X">)</wf>
         <wf lemma="." pos="X">.</wf>
      </sentence>
      <sentence id="d000.s1893" source="wordnet-estonian">
         <wf lemma="Miks" pos="X">Miks</wf>
         <wf lemma="sa" pos="X">sa</wf>
         <wf lemma="oma" pos="X">oma</wf>
         <wf lemma="meest" pos="X">meest</wf>
         <wf lemma="niiviisi" pos="X">niiviisi</wf>
         <instance id="d000.s1893.t000" lemma="vihkama" pos="VERB">vihkad</instance>
         <wf lemma="ja" pos="X">ja</wf>
         <wf lemma="põlgad" pos="X">põlgad</wf>
         <wf lemma="?" pos="X">?</wf>
         <wf lemma="(" pos="X">(</wf>
         <wf lemma="EKSS" pos="X">EKSS</wf>
         <wf lemma=")" pos="X">)</wf>
         <wf lemma="." pos="X">.</wf>
      </sentence>
      <sentence id="d000.s1894" source="wordnet-estonian">
         <wf lemma="Liibuv" pos="X">Liibuv</wf>
         <wf lemma="kleit" pos="X">kleit</wf>
         <wf lemma="joonistas" pos="X">joonistas</wf>
         <wf lemma="täpselt" pos="X">täpselt</wf>
         <wf lemma="välja" pos="X">välja</wf>
         <wf lemma="keha" pos="X">keha</wf>
         <instance id="d000.s1894.t000" lemma="kontuur" pos="NOUN">kontuurid</instance>
         <wf lemma="." pos="X">.</wf>
      </sentence>
      <sentence id="d000.s1895" source="wordnet-estonian">
         <wf lemma="Ootasime" pos="X">Ootasime</wf>
         <instance id="d000.s1895.t000" lemma="kannatamatult" pos="ADV">kannatamatult</instance>
         <wf lemma="kevadet" pos="X">kevadet</wf>
         <wf lemma="." pos="X">.</wf>
         <wf lemma="(" pos="X">(</wf>
         <wf lemma="EKSS" pos="X">EKSS</wf>
         <wf lemma=")" pos="X">)</wf>
         <wf lemma="." pos="X">.</wf>
      </sentence>
      <sentence id="d000.s1896" source="wordnet-estonian">
         <wf lemma="Ladu" pos="X">Ladu</wf>
         <instance id="d000.s1896.t000" lemma="pommitama" pos="VERB">pommitati</instance>
         <wf lemma="õhust" pos="X">õhust</wf>
         <wf lemma="." pos="X">.</wf>
      </sentence>
      <sentence id="d000.s1897" source="wordnet-estonian">
         <wf lemma="Paberikäärid" pos="X">Paberikäärid</wf>
         <wf lemma="on" pos="X">on</wf>
         <wf lemma="pikkade" pos="X">pikkade</wf>
         <instance id="d000.s1897.t000" lemma="tera" pos="NOUN">teradega</instance>
         <wf lemma="." pos="X">.</wf>
         <wf lemma="(" pos="X">(</wf>
         <wf lemma="EKSS" pos="X">EKSS</wf>
         <wf lemma=")" pos="X">)</wf>
         <wf lemma="." pos="X">.</wf>
      </sentence>
      <sentence id="d000.s1898" source="wordnet-estonian">
         <wf lemma="Peaosatäitja" pos="X">Peaosatäitja</wf>
         <wf lemma="haigestumise" pos="X">haigestumise</wf>
         <wf lemma="korral" pos="X">korral</wf>
         <wf lemma="esineb" pos="X">esineb</wf>
         <instance id="d000.s1898.t000" lemma="dublant" pos="NOUN">dublant</instance>
         <wf lemma="." pos="X">.</wf>
      </sentence>
      <sentence id="d000.s1899" source="wordnet-estonian">
         <wf lemma="Vastuvõtt" pos="X">Vastuvõtt</wf>
         <wf lemma="presidendi" pos="X">presidendi</wf>
         <instance id="d000.s1899.t000" lemma="palee" pos="NOUN">palees</instance>
         <wf lemma="." pos="X">.</wf>
      </sentence>
      <sentence id="d000.s1900" source="wordnet-estonian">
         <instance id="d000.s1900.t000" lemma="jooks" pos="NOUN">Jooksus</instance>
         <wf lemma="olnud" pos="X">olnud</wf>
         <wf lemma="pärisorjad" pos="X">pärisorjad</wf>
         <wf lemma="." pos="X">.</wf>
      </sentence>
      <sentence id="d000.s1901" source="wordnet-estonian">
         <wf lemma="Vihtlemine" pos="X">Vihtlemine</wf>
         <wf lemma="kuumas" pos="X">kuumas</wf>
         <wf lemma="leilis" pos="X">leilis</wf>
         <wf lemma="oli" pos="X">oli</wf>
         <wf lemma="nagu" pos="X">nagu</wf>
         <wf lemma="mingi" pos="X">mingi</wf>
         <instance id="d000.s1901.t000" lemma="rituaal" pos="NOUN">rituaal</instance>
         <wf lemma="ja" pos="X">ja</wf>
         <wf lemma="kuulus" pos="X">kuulus</wf>
         <wf lemma="saunaskäigu" pos="X">saunaskäigu</wf>
         <wf lemma="juurde" pos="X">juurde</wf>
         <wf lemma="." pos="X">.</wf>
         <wf lemma="Pühapäevane" pos="X">Pühapäevane</wf>
         <wf lemma="lõunasöök" pos="X">lõunasöök</wf>
         <wf lemma="on" pos="X">on</wf>
         <wf lemma="meie" pos="X">meie</wf>
         <wf lemma="peres" pos="X">peres</wf>
         <wf lemma="omaette" pos="X">omaette</wf>
         <wf lemma="rituaal" pos="X">rituaal</wf>
         <wf lemma="." pos="X">.</wf>
      </sentence>
      <sentence id="d000.s1902" source="wordnet-estonian">
         <wf lemma="Ta" pos="X">Ta</wf>
         <wf lemma="sai" pos="X">sai</wf>
         <wf lemma="varguse" pos="X">varguse</wf>
         <wf lemma="eest" pos="X">eest</wf>
         <wf lemma="viis" pos="X">viis</wf>
         <instance id="d000.s1902.t000" lemma="aasta" pos="NOUN">aastat</instance>
         <wf lemma="." pos="X">.</wf>
         <wf lemma="Fuksia" pos="X">Fuksia</wf>
         <wf lemma="õitseb" pos="X">õitseb</wf>
         <wf lemma="peaaegu" pos="X">peaaegu</wf>
         <wf lemma="aasta" pos="X">aasta</wf>
         <wf lemma="läbi" pos="X">läbi</wf>
         <wf lemma="." pos="X">.</wf>
      </sentence>
      <sentence id="d000.s1903" source="wordnet-estonian">
         <instance id="d000.s1903.t000" lemma="saabuma" pos="VERB">Saabus</instance>
         <wf lemma="teade" pos="X">teade</wf>
         <wf lemma="," pos="X">,</wf>
         <wf lemma="kiri" pos="X">kiri</wf>
         <wf lemma="," pos="X">,</wf>
         <wf lemma="telegramm" pos="X">telegramm</wf>
         <wf lemma="," pos="X">,</wf>
         <wf lemma="kaubasaadetis" pos="X">kaubasaadetis</wf>
         <wf lemma="." pos="X">.</wf>
      </sentence>
      <sentence id="d000.s1904" source="wordnet-estonian">
         <wf lemma="Kõrge" pos="X">Kõrge</wf>
         <instance id="d000.s1904.t000" lemma="araukaaria" pos="NOUN">araukaaria</instance>
         <wf lemma="ehk" pos="X">ehk</wf>
         <wf lemma="toakuusk" pos="X">toakuusk</wf>
         <wf lemma="." pos="X">.</wf>
      </sentence>
      <sentence id="d000.s1905" source="wordnet-estonian">
         <instance id="d000.s1905.t000" lemma="majandus" pos="NOUN">Majanduses</instance>
         <wf lemma="esineb" pos="X">esineb</wf>
         <wf lemma="tõusu-" pos="X">tõusu-</wf>
         <wf lemma="ja" pos="X">ja</wf>
         <wf lemma="mõõnaperioode" pos="X">mõõnaperioode</wf>
         <wf lemma="(" pos="X">(</wf>
         <wf lemma="EKSS" pos="X">EKSS</wf>
         <wf lemma=")" pos="X">)</wf>
         <wf lemma="." pos="X">.</wf>
      </sentence>
      <sentence id="d000.s1906" source="wordnet-estonian">
         <wf lemma="Päikese" pos="X">Päikese</wf>
         <wf lemma="hiilgav" pos="X">hiilgav</wf>
         <instance id="d000.s1906.t000" lemma="ketas" pos="NOUN">ketas</instance>
         <wf lemma="." pos="X">.</wf>
         <wf lemma="Metsa" pos="X">Metsa</wf>
         <wf lemma="kohale" pos="X">kohale</wf>
         <wf lemma="kerkis" pos="X">kerkis</wf>
         <wf lemma="täiskuu" pos="X">täiskuu</wf>
         <wf lemma="kahvatu" pos="X">kahvatu</wf>
         <wf lemma="ketas" pos="X">ketas</wf>
         <wf lemma="." pos="X">.</wf>
      </sentence>
      <sentence id="d000.s1907" source="wordnet-estonian">
         <wf lemma="Kultivaator" pos="X">Kultivaator</wf>
         <wf lemma="koosnes" pos="X">koosnes</wf>
         <wf lemma="viiest" pos="X">viiest</wf>
         <instance id="d000.s1907.t000" lemma="sektsioon" pos="NOUN">sektsioonist</instance>
         <wf lemma="." pos="X">.</wf>
      </sentence>
      <sentence id="d000.s1908" source="wordnet-estonian">
         <instance id="d000.s1908.t000" lemma="korporatsioon" pos="NOUN">Korporatsioon</instance>
         <wf lemma="&quot;" pos="X">&quot;</wf>
         <wf lemma="Rotalia" pos="X">Rotalia</wf>
         <wf lemma="&quot;" pos="X">&quot;</wf>
         <wf lemma="." pos="X">.</wf>
         <wf lemma="Astus" pos="X">Astus</wf>
         <wf lemma="üliõpilasena" pos="X">üliõpilasena</wf>
         <wf lemma="korporatsiooni" pos="X">korporatsiooni</wf>
         <wf lemma="." pos="X">.</wf>
      </sentence>
      <sentence id="d000.s1909" source="wordnet-estonian">
         <wf lemma="Vanaisa" pos="X">Vanaisa</wf>
         <wf lemma="oli" pos="X">oli</wf>
         <wf lemma="suure" pos="X">suure</wf>
         <wf lemma="kalalaeva" pos="X">kalalaeva</wf>
         <instance id="d000.s1909.t000" lemma="kapten" pos="NOUN">kapten</instance>
         <wf lemma="," pos="X">,</wf>
         <wf lemma="." pos="X">.</wf>
      </sentence>
      <sentence id="d000.s1910" source="wordnet-estonian">
         <instance id="d000.s1910.t000" lemma="sipelgas" pos="NOUN">Sipelgas</instance>
         <wf lemma="jookseb" pos="X">jookseb</wf>
         <wf lemma="," pos="X">,</wf>
         <wf lemma="sibab" pos="X">sibab</wf>
         <wf lemma="(" pos="X">(</wf>
         <wf lemma="EKSS" pos="X">EKSS</wf>
         <wf lemma=")" pos="X">)</wf>
         <wf lemma="." pos="X">.</wf>
      </sentence>
      <sentence id="d000.s1911" source="wordnet-estonian">
         <wf lemma="Juhatus" pos="X">Juhatus</wf>
         <wf lemma="peab" pos="X">peab</wf>
         <wf lemma="tagama" pos="X">tagama</wf>
         <instance id="d000.s1911.t000" lemma="plaan" pos="NOUN">plaani</instance>
         <wf lemma="sujuva" pos="X">sujuva</wf>
         <wf lemma="elluviimise" pos="X">elluviimise</wf>
         <wf lemma="." pos="X">.</wf>
      </sentence>
      <sentence id="d000.s1912" source="wordnet-estonian">
         <instance id="d000.s1912.t000" lemma="isa" pos="NOUN">Isa</instance>
         <wf lemma="Kreutzwald" pos="X">Kreutzwald</wf>
         <wf lemma="." pos="X">.</wf>
         <wf lemma="(" pos="X">(</wf>
         <wf lemma="EKSS" pos="X">EKSS</wf>
         <wf lemma=")" pos="X">)</wf>
         <wf lemma="." pos="X">.</wf>
      </sentence>
      <sentence id="d000.s1913" source="wordnet-estonian">
         <instance id="d000.s1913.t000" lemma="rahaliselt" pos="ADV">Rahaliselt</instance>
         <wf lemma="on" pos="X">on</wf>
         <wf lemma="see" pos="X">see</wf>
         <wf lemma="töö" pos="X">töö</wf>
         <wf lemma="väga" pos="X">väga</wf>
         <wf lemma="tulus" pos="X">tulus</wf>
         <wf lemma="." pos="X">.</wf>
         <wf lemma="(" pos="X">(</wf>
         <wf lemma="EKSS" pos="X">EKSS</wf>
         <wf lemma=")" pos="X">)</wf>
         <wf lemma="." pos="X">.</wf>
      </sentence>
      <sentence id="d000.s1914" source="wordnet-estonian">
         <wf lemma="Kahe-" pos="X">Kahe-</wf>
         <wf lemma="," pos="X">,</wf>
         <wf lemma="kolmekuune" pos="X">kolmekuune</wf>
         <instance id="d000.s1914.t000" lemma="kutsikas" pos="NOUN">kutsikas</instance>
         <wf lemma="." pos="X">.</wf>
         <wf lemma="Kutsikail" pos="X">Kutsikail</wf>
         <wf lemma="polnud" pos="X">polnud</wf>
         <wf lemma="veel" pos="X">veel</wf>
         <wf lemma="silmigi" pos="X">silmigi</wf>
         <wf lemma="peas" pos="X">peas</wf>
         <wf lemma="." pos="X">.</wf>
      </sentence>
      <sentence id="d000.s1915" source="wordnet-estonian">
         <wf lemma="Ta" pos="X">Ta</wf>
         <instance id="d000.s1915.t000" lemma="istuma" pos="VERB">istus</instance>
         <wf lemma="heinakotile" pos="X">heinakotile</wf>
         <wf lemma="." pos="X">.</wf>
      </sentence>
      <sentence id="d000.s1916" source="wordnet-estonian">
         <wf lemma="Ringkonnakohus" pos="X">Ringkonnakohus</wf>
         <instance id="d000.s1916.t000" lemma="kergendama" pos="VERB">kergendas</instance>
         <wf lemma="süüaluse" pos="X">süüaluse</wf>
         <wf lemma="karistust" pos="X">karistust</wf>
         <wf lemma="." pos="X">.</wf>
         <wf lemma="(" pos="X">(</wf>
         <wf lemma="EKSS" pos="X">EKSS</wf>
         <wf lemma=")" pos="X">)</wf>
         <wf lemma="." pos="X">.</wf>
      </sentence>
      <sentence id="d000.s1917" source="wordnet-estonian">
         <wf lemma="Seepeale" pos="X">Seepeale</wf>
         <wf lemma="pole" pos="X">pole</wf>
         <wf lemma="apteegis" pos="X">apteegis</wf>
         <wf lemma="midagi" pos="X">midagi</wf>
         <wf lemma="kuulda" pos="X">kuulda</wf>
         <wf lemma="peale" pos="X">peale</wf>
         <wf lemma="klaaside" pos="X">klaaside</wf>
         <wf lemma="kõlina" pos="X">kõlina</wf>
         <wf lemma="ja" pos="X">ja</wf>
         <instance id="d000.s1917.t000" lemma="müüser" pos="NOUN">müüsrite</instance>
         <wf lemma="klõbina" pos="X">klõbina</wf>
         <wf lemma="." pos="X">.</wf>
         <wf lemma="(" pos="X">(</wf>
         <wf lemma="Autor" pos="X">Autor</wf>
         <wf lemma=":" pos="X">:</wf>
         <wf lemma="O." pos="X">O.</wf>
         <wf lemma="Luts." pos="X">Luts.</wf>
         <wf lemma=")" pos="X">)</wf>
         <wf lemma="." pos="X">.</wf>
      </sentence>
      <sentence id="d000.s1918" source="wordnet-estonian">
         <wf lemma="Andekalt" pos="X">Andekalt</wf>
         <wf lemma="kirjanikult" pos="X">kirjanikult</wf>
         <wf lemma="ilmus" pos="X">ilmus</wf>
         <instance id="d000.s1918.t000" lemma="hiljuti" pos="ADV">hiljuti</instance>
         <wf lemma="ka" pos="X">ka</wf>
         <wf lemma="luulekogu" pos="X">luulekogu</wf>
         <wf lemma="." pos="X">.</wf>
      </sentence>
      <sentence id="d000.s1919" source="wordnet-estonian">
         <wf lemma="Turistid" pos="X">Turistid</wf>
         <wf lemma="käivad" pos="X">käivad</wf>
         <wf lemma="palju" pos="X">palju</wf>
         <instance id="d000.s1919.t000" lemma="muuseum" pos="NOUN">muuseumides</instance>
         <wf lemma="." pos="X">.</wf>
      </sentence>
      <sentence id="d000.s1920" source="wordnet-estonian">
         <wf lemma="Perekonnas" pos="X">Perekonnas</wf>
         <wf lemma="polnud" pos="X">polnud</wf>
         <wf lemma="kombeks" pos="X">kombeks</wf>
         <wf lemma="kahtlase" pos="X">kahtlase</wf>
         <instance id="d000.s1920.t000" lemma="väärtus" pos="NOUN">väärtusega</instance>
         <wf lemma="vestlusi" pos="X">vestlusi</wf>
         <wf lemma="üles" pos="X">üles</wf>
         <wf lemma="võtta" pos="X">võtta</wf>
         <wf lemma="." pos="X">.</wf>
      </sentence>
      <sentence id="d000.s1921" source="wordnet-estonian">
         <wf lemma="Uute" pos="X">Uute</wf>
         <wf lemma="seadmete" pos="X">seadmete</wf>
         <wf lemma="eeliseks" pos="X">eeliseks</wf>
         <wf lemma="on" pos="X">on</wf>
         <wf lemma="nende" pos="X">nende</wf>
         <instance id="d000.s1921.t000" lemma="ohutus" pos="NOUN">ohutus</instance>
         <wf lemma="." pos="X">.</wf>
         <wf lemma="(" pos="X">(</wf>
         <wf lemma="EKSS" pos="X">EKSS</wf>
         <wf lemma=")" pos="X">)</wf>
         <wf lemma="." pos="X">.</wf>
      </sentence>
      <sentence id="d000.s1922" source="wordnet-estonian">
         <wf lemma="Näitleja" pos="X">Näitleja</wf>
         <wf lemma="emotsionaalne" pos="X">emotsionaalne</wf>
         <instance id="d000.s1922.t000" lemma="veenvus" pos="NOUN">veenvus</instance>
         <wf lemma="." pos="X">.</wf>
         <wf lemma="(" pos="X">(</wf>
         <wf lemma="EKSS" pos="X">EKSS</wf>
         <wf lemma=")" pos="X">)</wf>
         <wf lemma="." pos="X">.</wf>
      </sentence>
      <sentence id="d000.s1923" source="wordnet-estonian">
         <wf lemma="Kuul" pos="X">Kuul</wf>
         <wf lemma="purustas" pos="X">purustas</wf>
         <instance id="d000.s1923.t000" lemma="rinnak" pos="NOUN">rinnaku</instance>
         <wf lemma="." pos="X">.</wf>
         <wf lemma="Südamemassaaži" pos="X">Südamemassaaži</wf>
         <wf lemma="tehes" pos="X">tehes</wf>
         <wf lemma="surutakse" pos="X">surutakse</wf>
         <wf lemma="rinnaku" pos="X">rinnaku</wf>
         <wf lemma="alumisele" pos="X">alumisele</wf>
         <wf lemma="kolmandikule" pos="X">kolmandikule</wf>
         <wf lemma="." pos="X">.</wf>
      </sentence>
      <sentence id="d000.s1924" source="wordnet-estonian">
         <wf lemma="Ta" pos="X">Ta</wf>
         <wf lemma="ei" pos="X">ei</wf>
         <wf lemma="suuda" pos="X">suuda</wf>
         <wf lemma="purustatud" pos="X">purustatud</wf>
         <wf lemma="kätt" pos="X">kätt</wf>
         <wf lemma="liigutada" pos="X">liigutada</wf>
         <wf lemma="." pos="X">.</wf>
         <wf lemma="Tuul" pos="X">Tuul</wf>
         <wf lemma="on" pos="X">on</wf>
         <wf lemma="katuse" pos="X">katuse</wf>
         <instance id="d000.s1924.t000" lemma="purustama" pos="VERB">purustanud</instance>
         <wf lemma="." pos="X">.</wf>
      </sentence>
      <sentence id="d000.s1925" source="wordnet-estonian">
         <wf lemma="Õuel" pos="X">Õuel</wf>
         <wf lemma="hiilib" pos="X">hiilib</wf>
         <wf lemma="vöödiline" pos="X">vöödiline</wf>
         <instance id="d000.s1925.t000" lemma="kõuts" pos="NOUN">kõuts</instance>
         <wf lemma="linde" pos="X">linde</wf>
         <wf lemma="." pos="X">.</wf>
         <wf lemma="Nagu" pos="X">Nagu</wf>
         <wf lemma="vana" pos="X">vana</wf>
         <wf lemma="tiirane" pos="X">tiirane</wf>
         <wf lemma="," pos="X">,</wf>
         <wf lemma="armuvalus" pos="X">armuvalus</wf>
         <wf lemma="kõuts" pos="X">kõuts</wf>
         <wf lemma="." pos="X">.</wf>
      </sentence>
      <sentence id="d000.s1926" source="wordnet-estonian">
         <wf lemma="Pista" pos="X">Pista</wf>
         <wf lemma="kaustik" pos="X">kaustik</wf>
         <instance id="d000.s1926.t000" lemma="portfell" pos="NOUN">portfelli</instance>
         <wf lemma="!" pos="X">!</wf>
      </sentence>
      <sentence id="d000.s1927" source="wordnet-estonian">
         <wf lemma="Siin" pos="X">Siin</wf>
         <instance id="d000.s1927.t000" lemma="lähedus" pos="NOUN">läheduses</instance>
         <wf lemma="pole" pos="X">pole</wf>
         <wf lemma="ühtki" pos="X">ühtki</wf>
         <wf lemma="järve" pos="X">järve</wf>
         <wf lemma="." pos="X">.</wf>
      </sentence>
      <sentence id="d000.s1928" source="wordnet-estonian">
         <wf lemma="Tegi" pos="X">Tegi</wf>
         <wf lemma="oma" pos="X">oma</wf>
         <instance id="d000.s1928.t000" lemma="otsus" pos="NOUN">otsuse</instance>
         <wf lemma="teistele" pos="X">teistele</wf>
         <wf lemma="teatavaks" pos="X">teatavaks</wf>
         <wf lemma="(" pos="X">(</wf>
         <wf lemma="EKSS" pos="X">EKSS</wf>
         <wf lemma=")" pos="X">)</wf>
         <wf lemma="." pos="X">.</wf>
      </sentence>
      <sentence id="d000.s1929" source="wordnet-estonian">
         <wf lemma="Enne" pos="X">Enne</wf>
         <wf lemma="hamba" pos="X">hamba</wf>
         <wf lemma="plombeerimist" pos="X">plombeerimist</wf>
         <wf lemma="suretati" pos="X">suretati</wf>
         <instance id="d000.s1929.t000" lemma="närv" pos="NOUN">närv</instance>
         <wf lemma="." pos="X">.</wf>
      </sentence>
      <sentence id="d000.s1930" source="wordnet-estonian">
         <wf lemma="Mees" pos="X">Mees</wf>
         <instance id="d000.s1930.t000" lemma="juhtima" pos="VERB">juhtis</instance>
         <wf lemma="tsehhis" pos="X">tsehhis</wf>
         <wf lemma="masinate" pos="X">masinate</wf>
         <wf lemma="tööd" pos="X">tööd</wf>
         <wf lemma="." pos="X">.</wf>
      </sentence>
      <sentence id="d000.s1931" source="wordnet-estonian">
         <wf lemma="Mõiste" pos="X">Mõiste</wf>
         <wf lemma="sisu" pos="X">sisu</wf>
         <wf lemma="," pos="X">,</wf>
         <wf lemma="sõna" pos="X">sõna</wf>
         <wf lemma="tähendust" pos="X">tähendust</wf>
         <instance id="d000.s1931.t000" lemma="avama" pos="VERB">avama</instance>
         <wf lemma="." pos="X">.</wf>
      </sentence>
      <sentence id="d000.s1932" source="wordnet-estonian">
         <wf lemma="Jumekas" pos="X">Jumekas</wf>
         <instance id="d000.s1932.t000" lemma="nägu" pos="NOUN">nägu</instance>
         <wf lemma="." pos="X">.</wf>
         <wf lemma="Ta" pos="X">Ta</wf>
         <wf lemma="pesi" pos="X">pesi</wf>
         <wf lemma="oma" pos="X">oma</wf>
         <wf lemma="nägu" pos="X">nägu</wf>
         <wf lemma="." pos="X">.</wf>
      </sentence>
      <sentence id="d000.s1933" source="wordnet-estonian">
         <wf lemma="Maja" pos="X">Maja</wf>
         <instance id="d000.s1933.t000" lemma="jääma" pos="VERB">jääb</instance>
         <wf lemma="sinna" pos="X">sinna</wf>
         <wf lemma="metsatuka" pos="X">metsatuka</wf>
         <wf lemma="taha" pos="X">taha</wf>
         <wf lemma="." pos="X">.</wf>
      </sentence>
      <sentence id="d000.s1934" source="wordnet-estonian">
         <wf lemma="Kirjanduslik" pos="X">Kirjanduslik</wf>
         <wf lemma="," pos="X">,</wf>
         <wf lemma="muusikaline" pos="X">muusikaline</wf>
         <instance id="d000.s1934.t000" lemma="plagiaat" pos="NOUN">plagiaat</instance>
         <wf lemma="." pos="X">.</wf>
         <wf lemma="Kunstnikku" pos="X">Kunstnikku</wf>
         <wf lemma="," pos="X">,</wf>
         <wf lemma="autorit" pos="X">autorit</wf>
         <wf lemma="süüdistati" pos="X">süüdistati</wf>
         <wf lemma="plagiaadis" pos="X">plagiaadis</wf>
         <wf lemma="." pos="X">.</wf>
         <wf lemma="Selgitage" pos="X">Selgitage</wf>
         <wf lemma="," pos="X">,</wf>
         <wf lemma="kas" pos="X">kas</wf>
         <wf lemma="käsikirjas" pos="X">käsikirjas</wf>
         <wf lemma="on" pos="X">on</wf>
         <wf lemma="plagiaati" pos="X">plagiaati</wf>
         <wf lemma="." pos="X">.</wf>
         <wf lemma="Jutustus" pos="X">Jutustus</wf>
         <wf lemma="," pos="X">,</wf>
         <wf lemma="meloodia" pos="X">meloodia</wf>
         <wf lemma="," pos="X">,</wf>
         <wf lemma="eksliibris" pos="X">eksliibris</wf>
         <wf lemma="," pos="X">,</wf>
         <wf lemma="dissertatsioon" pos="X">dissertatsioon</wf>
         <wf lemma="osutus" pos="X">osutus</wf>
         <wf lemma="plagiaadiks" pos="X">plagiaadiks</wf>
         <wf lemma="." pos="X">.</wf>
         <wf lemma="Luuletus" pos="X">Luuletus</wf>
         <wf lemma="on" pos="X">on</wf>
         <wf lemma="plagiaat" pos="X">plagiaat</wf>
         <wf lemma="," pos="X">,</wf>
         <wf lemma="vanast" pos="X">vanast</wf>
         <wf lemma="ajakirjast" pos="X">ajakirjast</wf>
         <wf lemma="maha" pos="X">maha</wf>
         <wf lemma="kirjutatud" pos="X">kirjutatud</wf>
         <wf lemma="." pos="X">.</wf>
      </sentence>
      <sentence id="d000.s1935" source="wordnet-estonian">
         <wf lemma="Lastel" pos="X">Lastel</wf>
         <wf lemma="on" pos="X">on</wf>
         <instance id="d000.s1935.t000" lemma="lugemine" pos="NOUN">lugemine</instance>
         <wf lemma="ja" pos="X">ja</wf>
         <wf lemma="kirjutamine" pos="X">kirjutamine</wf>
         <wf lemma="juba" pos="X">juba</wf>
         <wf lemma="selge" pos="X">selge</wf>
         <wf lemma="." pos="X">.</wf>
         <wf lemma="Vanasti" pos="X">Vanasti</wf>
         <wf lemma="õpetasid" pos="X">õpetasid</wf>
         <wf lemma="köstrid" pos="X">köstrid</wf>
         <wf lemma="lastele" pos="X">lastele</wf>
         <wf lemma="lugemist" pos="X">lugemist</wf>
         <wf lemma="." pos="X">.</wf>
         <wf lemma="Kirja" pos="X">Kirja</wf>
         <wf lemma="," pos="X">,</wf>
         <wf lemma="kuulutuse" pos="X">kuulutuse</wf>
         <wf lemma="," pos="X">,</wf>
         <wf lemma="ajalehe" pos="X">ajalehe</wf>
         <wf lemma="," pos="X">,</wf>
         <wf lemma="romaani" pos="X">romaani</wf>
         <wf lemma="," pos="X">,</wf>
         <wf lemma="luuletuste" pos="X">luuletuste</wf>
         <wf lemma="lugemine" pos="X">lugemine</wf>
         <wf lemma="." pos="X">.</wf>
         <wf lemma="Paberi" pos="X">Paberi</wf>
         <wf lemma="pealt" pos="X">pealt</wf>
         <wf lemma="," pos="X">,</wf>
         <wf lemma="raamatust" pos="X">raamatust</wf>
         <wf lemma="," pos="X">,</wf>
         <wf lemma="peast" pos="X">peast</wf>
         <wf lemma="lugemine" pos="X">lugemine</wf>
         <wf lemma="." pos="X">.</wf>
         <wf lemma="Loitsude" pos="X">Loitsude</wf>
         <wf lemma="," pos="X">,</wf>
         <wf lemma="nõiasõnade" pos="X">nõiasõnade</wf>
         <wf lemma="lugemine" pos="X">lugemine</wf>
         <wf lemma="." pos="X">.</wf>
         <wf lemma="Korrektuuri" pos="X">Korrektuuri</wf>
         <wf lemma="lugemine" pos="X">lugemine</wf>
         <wf lemma="." pos="X">.</wf>
         <wf lemma="Süveneb" pos="X">Süveneb</wf>
         <wf lemma="lugemi" pos="X">lugemi</wf>
         <wf lemma="." pos="X">.</wf>
      </sentence>
      <sentence id="d000.s1936" source="wordnet-estonian">
         <wf lemma="Filosoofia" pos="X">Filosoofia</wf>
         <wf lemma="ajaloo" pos="X">ajaloo</wf>
         <instance id="d000.s1936.t000" lemma="loeng" pos="NOUN">loengud</instance>
         <wf lemma="." pos="X">.</wf>
      </sentence>
      <sentence id="d000.s1937" source="wordnet-estonian">
         <wf lemma="Hääles" pos="X">Hääles</wf>
         <wf lemma="oli" pos="X">oli</wf>
         <wf lemma="tagasihoitud" pos="X">tagasihoitud</wf>
         <instance id="d000.s1937.t000" lemma="valu" pos="NOUN">valu</instance>
         <wf lemma="(" pos="X">(</wf>
         <wf lemma="EKSS" pos="X">EKSS</wf>
         <wf lemma=")" pos="X">)</wf>
         <wf lemma="." pos="X">.</wf>
      </sentence>
      <sentence id="d000.s1938" source="wordnet-estonian">
         <wf lemma="Eesti" pos="X">Eesti</wf>
         <wf lemma="puhkpillimuusika" pos="X">puhkpillimuusika</wf>
         <instance id="d000.s1938.t000" lemma="isa" pos="NOUN">isa</instance>
         <wf lemma="." pos="X">.</wf>
         <wf lemma="(" pos="X">(</wf>
         <wf lemma="EKSS" pos="X">EKSS</wf>
         <wf lemma=")" pos="X">)</wf>
         <wf lemma="." pos="X">.</wf>
      </sentence>
      <sentence id="d000.s1939" source="wordnet-estonian">
         <wf lemma="Kokaraamat" pos="X">Kokaraamat</wf>
         <wf lemma="oli" pos="X">oli</wf>
         <wf lemma="nende" pos="X">nende</wf>
         <wf lemma="kodu" pos="X">kodu</wf>
         <instance id="d000.s1939.t000" lemma="piibel" pos="NOUN">piibel</instance>
         <wf lemma="." pos="X">.</wf>
      </sentence>
      <sentence id="d000.s1940" source="wordnet-estonian">
         <wf lemma="Inimene" pos="X">Inimene</wf>
         <wf lemma="püüdis" pos="X">püüdis</wf>
         <wf lemma="loodusjõude" pos="X">loodusjõude</wf>
         <wf lemma="ohvrite" pos="X">ohvrite</wf>
         <wf lemma="ning" pos="X">ning</wf>
         <instance id="d000.s1940.t000" lemma="and" pos="NOUN">andidega</instance>
         <wf lemma="lepitada" pos="X">lepitada</wf>
         <wf lemma="." pos="X">.</wf>
      </sentence>
      <sentence id="d000.s1941" source="wordnet-estonian">
         <instance id="d000.s1941.t000" lemma="aerosool" pos="NOUN">Aerosoolidena</instance>
         <wf lemma="kasutatavad" pos="X">kasutatavad</wf>
         <wf lemma="putukamürgid" pos="X">putukamürgid</wf>
         <wf lemma="," pos="X">,</wf>
         <wf lemma="ravimid" pos="X">ravimid</wf>
         <wf lemma="." pos="X">.</wf>
      </sentence>
      <sentence id="d000.s1942" source="wordnet-estonian">
         <wf lemma="Raudbetoonist" pos="X">Raudbetoonist</wf>
         <instance id="d000.s1942.t000" lemma="karkass" pos="NOUN">karkass</instance>
         <wf lemma="." pos="X">.</wf>
         <wf lemma="Hoone" pos="X">Hoone</wf>
         <wf lemma="karkass" pos="X">karkass</wf>
         <wf lemma="on" pos="X">on</wf>
         <wf lemma="valmis" pos="X">valmis</wf>
         <wf lemma="." pos="X">.</wf>
         <wf lemma="Silla" pos="X">Silla</wf>
         <wf lemma="karkass" pos="X">karkass</wf>
         <wf lemma="." pos="X">.</wf>
      </sentence>
      <sentence id="d000.s1943" source="wordnet-estonian">
         <wf lemma="Jäi" pos="X">Jäi</wf>
         <instance id="d000.s1943.t000" lemma="ikka" pos="ADV">ikka</instance>
         <wf lemma="kevad" pos="X">kevad</wf>
         <wf lemma="sel" pos="X">sel</wf>
         <wf lemma="aastal" pos="X">aastal</wf>
         <wf lemma="hiljaks" pos="X">hiljaks</wf>
         <wf lemma="." pos="X">.</wf>
         <wf lemma="(" pos="X">(</wf>
         <wf lemma="EKSS" pos="X">EKSS</wf>
         <wf lemma=")" pos="X">)</wf>
         <wf lemma="." pos="X">.</wf>
      </sentence>
      <sentence id="d000.s1944" source="wordnet-estonian">
         <instance id="d000.s1944.t000" lemma="anesteesia" pos="NOUN">Anesteesia</instance>
         <wf lemma="esineb" pos="X">esineb</wf>
         <wf lemma="teadvusetuse" pos="X">teadvusetuse</wf>
         <wf lemma="(" pos="X">(</wf>
         <wf lemma="nt" pos="X">nt</wf>
         <wf lemma="kooma" pos="X">kooma</wf>
         <wf lemma=")" pos="X">)</wf>
         <wf lemma="korral" pos="X">korral</wf>
         <wf lemma="." pos="X">.</wf>
      </sentence>
      <sentence id="d000.s1945" source="wordnet-estonian">
         <wf lemma="Spektrite" pos="X">Spektrite</wf>
         <wf lemma="," pos="X">,</wf>
         <wf lemma="situatsioonide" pos="X">situatsioonide</wf>
         <wf lemma="," pos="X">,</wf>
         <wf lemma="kirjelduste" pos="X">kirjelduste</wf>
         <instance id="d000.s1945.t000" lemma="identsus" pos="NOUN">identsus</instance>
         <wf lemma="." pos="X">.</wf>
         <wf lemma="Tabatu" pos="X">Tabatu</wf>
         <wf lemma="identsus" pos="X">identsus</wf>
         <wf lemma="tagaotsitavaga" pos="X">tagaotsitavaga</wf>
         <wf lemma="." pos="X">.</wf>
      </sentence>
      <sentence id="d000.s1946" source="wordnet-estonian">
         <wf lemma="Tema" pos="X">Tema</wf>
         <wf lemma="toretseva" pos="X">toretseva</wf>
         <instance id="d000.s1946.t000" lemma="fassaad" pos="NOUN">fassaadi</instance>
         <wf lemma="taga" pos="X">taga</wf>
         <wf lemma="pesitses" pos="X">pesitses</wf>
         <wf lemma="tühisus" pos="X">tühisus</wf>
         <wf lemma="." pos="X">.</wf>
      </sentence>
      <sentence id="d000.s1947" source="wordnet-estonian">
         <wf lemma="Temalt" pos="X">Temalt</wf>
         <wf lemma="enamat" pos="X">enamat</wf>
         <wf lemma="oodata" pos="X">oodata</wf>
         <wf lemma="oleks" pos="X">oleks</wf>
         <instance id="d000.s1947.t000" lemma="naiivsus" pos="NOUN">naiivsus</instance>
         <wf lemma="." pos="X">.</wf>
      </sentence>
      <sentence id="d000.s1948" source="wordnet-estonian">
         <wf lemma="Emmaste" pos="X">Emmaste</wf>
         <wf lemma="rahvariideseelik" pos="X">rahvariideseelik</wf>
         <wf lemma="on" pos="X">on</wf>
         <wf lemma="õmmeldud" pos="X">õmmeldud</wf>
         <instance id="d000.s1948.t000" lemma="pihik" pos="NOUN">pihiku</instance>
         <wf lemma="külge" pos="X">külge</wf>
         <wf lemma="." pos="X">.</wf>
         <wf lemma="Pihikuga" pos="X">Pihikuga</wf>
         <wf lemma="püksid" pos="X">püksid</wf>
         <wf lemma="." pos="X">.</wf>
      </sentence>
      <sentence id="d000.s1949" source="wordnet-estonian">
         <wf lemma="Piilub" pos="X">Piilub</wf>
         <wf lemma="poolsuletud" pos="X">poolsuletud</wf>
         <instance id="d000.s1949.t000" lemma="laug" pos="NOUN">laugude</instance>
         <wf lemma="vahelt" pos="X">vahelt</wf>
         <wf lemma="." pos="X">.</wf>
      </sentence>
      <sentence id="d000.s1950" source="wordnet-estonian">
         <wf lemma="Tomateid" pos="X">Tomateid</wf>
         <wf lemma="tuleb" pos="X">tuleb</wf>
         <wf lemma="väetada" pos="X">väetada</wf>
         <instance id="d000.s1950.t000" lemma="kompost" pos="NOUN">komposti</instance>
         <wf lemma="või" pos="X">või</wf>
         <wf lemma="kõdusõnnikuga" pos="X">kõdusõnnikuga</wf>
         <wf lemma="(" pos="X">(</wf>
         <wf lemma="EKSS" pos="X">EKSS</wf>
         <wf lemma=")" pos="X">)</wf>
         <wf lemma="." pos="X">.</wf>
      </sentence>
      <sentence id="d000.s1951" source="wordnet-estonian">
         <wf lemma="Ameerika" pos="X">Ameerika</wf>
         <instance id="d000.s1951.t000" lemma="baas" pos="NOUN">baaside</instance>
         <wf lemma="võrk" pos="X">võrk</wf>
         <wf lemma="." pos="X">.</wf>
      </sentence>
      <sentence id="d000.s1952" source="wordnet-estonian">
         <wf lemma="Ma" pos="X">Ma</wf>
         <wf lemma="kardan" pos="X">kardan</wf>
         <wf lemma="minna" pos="X">minna</wf>
         <wf lemma="sügavale" pos="X">sügavale</wf>
         <instance id="d000.s1952.t000" lemma="vesi" pos="NOUN">vette</instance>
         <wf lemma="." pos="X">.</wf>
      </sentence>
      <sentence id="d000.s1953" source="wordnet-estonian">
         <wf lemma="See" pos="X">See</wf>
         <wf lemma="kõik" pos="X">kõik</wf>
         <wf lemma="on" pos="X">on</wf>
         <wf lemma="minu" pos="X">minu</wf>
         <instance id="d000.s1953.t000" lemma="süü" pos="NOUN">süü</instance>
         <wf lemma="." pos="X">.</wf>
      </sentence>
      <sentence id="d000.s1954" source="wordnet-estonian">
         <wf lemma="Nikerdatud" pos="X">Nikerdatud</wf>
         <instance id="d000.s1954.t000" lemma="pära" pos="NOUN">päraga</instance>
         <wf lemma="puss" pos="X">puss</wf>
         <wf lemma="." pos="X">.</wf>
      </sentence>
      <sentence id="d000.s1955" source="wordnet-estonian">
         <wf lemma="Mihkel" pos="X">Mihkel</wf>
         <wf lemma="ja" pos="X">ja</wf>
         <wf lemma="Juuli" pos="X">Juuli</wf>
         <instance id="d000.s1955.t000" lemma="armastama" pos="VERB">armastavad</instance>
         <wf lemma="teineteist" pos="X">teineteist</wf>
         <wf lemma="kirglikult" pos="X">kirglikult</wf>
         <wf lemma="." pos="X">.</wf>
      </sentence>
      <sentence id="d000.s1956" source="wordnet-estonian">
         <instance id="d000.s1956.t000" lemma="mitokonder" pos="NOUN">Mitokonder</instance>
         <wf lemma="on" pos="X">on</wf>
         <wf lemma="ümbritsetud" pos="X">ümbritsetud</wf>
         <wf lemma="kahe" pos="X">kahe</wf>
         <wf lemma="membraaniga" pos="X">membraaniga</wf>
         <wf lemma="." pos="X">.</wf>
      </sentence>
      <sentence id="d000.s1957" source="wordnet-estonian">
         <wf lemma="Kirglikud" pos="X">Kirglikud</wf>
         <wf lemma="," pos="X">,</wf>
         <wf lemma="ägedad" pos="X">ägedad</wf>
         <instance id="d000.s1957.t000" lemma="kaisutus" pos="NOUN">kaisutused</instance>
         <wf lemma="." pos="X">.</wf>
         <wf lemma="Vabastas" pos="X">Vabastas</wf>
         <wf lemma="end" pos="X">end</wf>
         <wf lemma="ema" pos="X">ema</wf>
         <wf lemma="kaisutustest" pos="X">kaisutustest</wf>
         <wf lemma="." pos="X">.</wf>
         <wf lemma="Nad" pos="X">Nad</wf>
         <wf lemma="lebasid" pos="X">lebasid</wf>
         <wf lemma="teineteise" pos="X">teineteise</wf>
         <wf lemma="kaisutuses" pos="X">kaisutuses</wf>
         <wf lemma="." pos="X">.</wf>
         <wf lemma="Haaras" pos="X">Haaras</wf>
         <wf lemma="naise" pos="X">naise</wf>
         <wf lemma="oma" pos="X">oma</wf>
         <wf lemma="kaisutusse" pos="X">kaisutusse</wf>
         <wf lemma="." pos="X">.</wf>
      </sentence>
      <sentence id="d000.s1958" source="wordnet-estonian">
         <wf lemma="Teda" pos="X">Teda</wf>
         <wf lemma="tabas" pos="X">tabas</wf>
         <wf lemma="uus" pos="X">uus</wf>
         <instance id="d000.s1958.t000" lemma="üllatus" pos="NOUN">üllatus</instance>
         <wf lemma="." pos="X">.</wf>
      </sentence>
      <sentence id="d000.s1959" source="wordnet-estonian">
         <wf lemma="Poisi" pos="X">Poisi</wf>
         <instance id="d000.s1959.t000" lemma="suhtlus" pos="NOUN">suhtlus</instance>
         <wf lemma="piirdus" pos="X">piirdus</wf>
         <wf lemma="ainult" pos="X">ainult</wf>
         <wf lemma="lühikeste" pos="X">lühikeste</wf>
         <wf lemma="teadetega" pos="X">teadetega</wf>
         <wf lemma="." pos="X">.</wf>
      </sentence>
      <sentence id="d000.s1960" source="wordnet-estonian">
         <wf lemma="Laenasin" pos="X">Laenasin</wf>
         <wf lemma="sõbralt" pos="X">sõbralt</wf>
         <wf lemma="hästi" pos="X">hästi</wf>
         <instance id="d000.s1960.t000" lemma="õhuke" pos="ADJ">õhukese</instance>
         <wf lemma="raamatu" pos="X">raamatu</wf>
         <wf lemma="." pos="X">.</wf>
      </sentence>
      <sentence id="d000.s1961" source="wordnet-estonian">
         <wf lemma="Eit" pos="X">Eit</wf>
         <instance id="d000.s1961.t000" lemma="istuma" pos="VERB">istus</instance>
         <wf lemma="," pos="X">,</wf>
         <wf lemma="käed" pos="X">käed</wf>
         <wf lemma="rüpes" pos="X">rüpes</wf>
         <wf lemma="." pos="X">.</wf>
      </sentence>
      <sentence id="d000.s1962" source="wordnet-estonian">
         <instance id="d000.s1962.t000" lemma="part" pos="NOUN">Pardi</instance>
         <wf lemma="jalgadel" pos="X">jalgadel</wf>
         <wf lemma="on" pos="X">on</wf>
         <wf lemma="ujulestad" pos="X">ujulestad</wf>
         <wf lemma="." pos="X">.</wf>
      </sentence>
      <sentence id="d000.s1963" source="wordnet-estonian">
         <wf lemma="Tema" pos="X">Tema</wf>
         <instance id="d000.s1963.t000" lemma="käitumine" pos="NOUN">käitumine</instance>
         <wf lemma="alluvate" pos="X">alluvate</wf>
         <wf lemma="suhtes" pos="X">suhtes</wf>
         <wf lemma="oli" pos="X">oli</wf>
         <wf lemma="sõbralik" pos="X">sõbralik</wf>
         <wf lemma="." pos="X">.</wf>
      </sentence>
      <sentence id="d000.s1964" source="wordnet-estonian">
         <wf lemma="Hiigelperekonnas" pos="X">Hiigelperekonnas</wf>
         <wf lemma="on" pos="X">on</wf>
         <wf lemma="20" pos="X">20</wf>
         <wf lemma="last" pos="X">last</wf>
         <wf lemma="ja" pos="X">ja</wf>
         <wf lemma="kõik" pos="X">kõik</wf>
         <wf lemma="nad" pos="X">nad</wf>
         <wf lemma="elavad" pos="X">elavad</wf>
         <wf lemma="rõõmsalt" pos="X">rõõmsalt</wf>
         <wf lemma="ja" pos="X">ja</wf>
         <wf lemma="tülideta" pos="X">tülideta</wf>
         <wf lemma="koos" pos="X">koos</wf>
         <wf lemma="ühes" pos="X">ühes</wf>
         <wf lemma="uures" pos="X">uures</wf>
         <wf lemma="Utah'" pos="X">Utah'</wf>
         <wf lemma="osariigis" pos="X">osariigis</wf>
         <wf lemma="asuvas" pos="X">asuvas</wf>
         <instance id="d000.s1964.t000" lemma="farm" pos="NOUN">farmis</instance>
         <wf lemma="." pos="X">.</wf>
      </sentence>
      <sentence id="d000.s1965" source="wordnet-estonian">
         <wf lemma="Puu" pos="X">Puu</wf>
         <wf lemma="oksa" pos="X">oksa</wf>
         <wf lemma="küljes" pos="X">küljes</wf>
         <wf lemma="oli" pos="X">oli</wf>
         <wf lemma="mesilaste" pos="X">mesilaste</wf>
         <instance id="d000.s1965.t000" lemma="kobar" pos="NOUN">kobar</instance>
         <wf lemma="." pos="X">.</wf>
         <wf lemma="(" pos="X">(</wf>
         <wf lemma="EKSS" pos="X">EKSS</wf>
         <wf lemma=")" pos="X">)</wf>
         <wf lemma="." pos="X">.</wf>
      </sentence>
      <sentence id="d000.s1966" source="wordnet-estonian">
         <wf lemma="Ulatab" pos="X">Ulatab</wf>
         <wf lemma="mantli" pos="X">mantli</wf>
         <wf lemma="üle" pos="X">üle</wf>
         <instance id="d000.s1966.t000" lemma="barjäär" pos="NOUN">barjääri</instance>
         <wf lemma="riidehoidu" pos="X">riidehoidu</wf>
         <wf lemma="." pos="X">.</wf>
      </sentence>
      <sentence id="d000.s1967" source="wordnet-estonian">
         <wf lemma="Vana" pos="X">Vana</wf>
         <wf lemma="isakalkuni" pos="X">isakalkuni</wf>
         <wf lemma="veripunane" pos="X">veripunane</wf>
         <instance id="d000.s1967.t000" lemma="lott" pos="NOUN">lott</instance>
         <wf lemma="." pos="X">.</wf>
      </sentence>
      <sentence id="d000.s1968" source="wordnet-estonian">
         <wf lemma="Kostis" pos="X">Kostis</wf>
         <wf lemma="hobuse" pos="X">hobuse</wf>
         <instance id="d000.s1968.t000" lemma="hirnumine" pos="NOUN">hirnumine</instance>
         <wf lemma="." pos="X">.</wf>
      </sentence>
      <sentence id="d000.s1969" source="wordnet-estonian">
         <wf lemma="Püha" pos="X">Püha</wf>
         <instance id="d000.s1969.t000" lemma="skarabeus" pos="NOUN">skarabeus</instance>
         <wf lemma="." pos="X">.</wf>
      </sentence>
      <sentence id="d000.s1970" source="wordnet-estonian">
         <wf lemma="Praetud" pos="X">Praetud</wf>
         <wf lemma="," pos="X">,</wf>
         <wf lemma="grillitud" pos="X">grillitud</wf>
         <instance id="d000.s1970.t000" lemma="kana" pos="NOUN">kana</instance>
         <wf lemma="." pos="X">.</wf>
         <wf lemma="Täna" pos="X">Täna</wf>
         <wf lemma="sõin" pos="X">sõin</wf>
         <wf lemma="lõunaks" pos="X">lõunaks</wf>
         <wf lemma="kana" pos="X">kana</wf>
         <wf lemma="(" pos="X">(</wf>
         <wf lemma="EKSS" pos="X">EKSS</wf>
         <wf lemma=")" pos="X">)</wf>
         <wf lemma="." pos="X">.</wf>
      </sentence>
      <sentence id="d000.s1971" source="wordnet-estonian">
         <wf lemma="Vanad" pos="X">Vanad</wf>
         <wf lemma="on" pos="X">on</wf>
         <wf lemma="kõigil" pos="X">kõigil</wf>
         <wf lemma="aegadel" pos="X">aegadel</wf>
         <wf lemma="kurtnud" pos="X">kurtnud</wf>
         <wf lemma="," pos="X">,</wf>
         <wf lemma="et" pos="X">et</wf>
         <wf lemma="noorte" pos="X">noorte</wf>
         <instance id="d000.s1971.t000" lemma="moraal" pos="NOUN">moraal</instance>
         <wf lemma="on" pos="X">on</wf>
         <wf lemma="madal" pos="X">madal</wf>
         <wf lemma="." pos="X">.</wf>
      </sentence>
      <sentence id="d000.s1972" source="wordnet-estonian">
         <wf lemma="Väljast" pos="X">Väljast</wf>
         <wf lemma="kostis" pos="X">kostis</wf>
         <wf lemma="lindude" pos="X">lindude</wf>
         <wf lemma="rõõmus" pos="X">rõõmus</wf>
         <instance id="d000.s1972.t000" lemma="vidin" pos="NOUN">vidin</instance>
         <wf lemma="." pos="X">.</wf>
      </sentence>
      <sentence id="d000.s1973" source="wordnet-estonian">
         <wf lemma="Mõelda" pos="X">Mõelda</wf>
         <wf lemma="ainult" pos="X">ainult</wf>
         <wf lemma="," pos="X">,</wf>
         <wf lemma="kui" pos="X">kui</wf>
         <wf lemma="kõik" pos="X">kõik</wf>
         <wf lemma="mikrorajooni" pos="X">mikrorajooni</wf>
         <instance id="d000.s1973.t000" lemma="elanik" pos="NOUN">elanikud</instance>
         <wf lemma="hakkaksid" pos="X">hakkaksid</wf>
         <wf lemma="otsima" pos="X">otsima</wf>
         <wf lemma="nende" pos="X">nende</wf>
         <wf lemma="kaupluses" pos="X">kaupluses</wf>
         <wf lemma="prototüüpe" pos="X">prototüüpe</wf>
         <wf lemma="!" pos="X">!</wf>
      </sentence>
      <sentence id="d000.s1974" source="wordnet-estonian">
         <instance id="d000.s1974.t000" lemma="nööp" pos="NOUN">Nööp</instance>
         <wf lemma="on" pos="X">on</wf>
         <wf lemma="(" pos="X">(</wf>
         <wf lemma="eest" pos="X">eest</wf>
         <wf lemma=")" pos="X">)</wf>
         <wf lemma="ära" pos="X">ära</wf>
         <wf lemma="tulnud" pos="X">tulnud</wf>
         <wf lemma="," pos="X">,</wf>
         <wf lemma="õmble" pos="X">õmble</wf>
         <wf lemma="nööp" pos="X">nööp</wf>
         <wf lemma="ette" pos="X">ette</wf>
         <wf lemma="." pos="X">.</wf>
      </sentence>
      <sentence id="d000.s1975" source="wordnet-estonian">
         <wf lemma="Paneb" pos="X">Paneb</wf>
         <wf lemma="juustutükikese" pos="X">juustutükikese</wf>
         <wf lemma="hiirelõksu" pos="X">hiirelõksu</wf>
         <instance id="d000.s1975.t000" lemma="sööt" pos="NOUN">söödaks</instance>
         <wf lemma="." pos="X">.</wf>
         <wf lemma="(" pos="X">(</wf>
         <wf lemma="EKSS" pos="X">EKSS</wf>
         <wf lemma=")" pos="X">)</wf>
         <wf lemma="." pos="X">.</wf>
      </sentence>
      <sentence id="d000.s1976" source="wordnet-estonian">
         <wf lemma="Tal" pos="X">Tal</wf>
         <instance id="d000.s1976.t000" lemma="jääma" pos="VERB">jääb</instance>
         <wf lemma="lugemiseks" pos="X">lugemiseks</wf>
         <wf lemma="vähe" pos="X">vähe</wf>
         <wf lemma="aega" pos="X">aega</wf>
         <wf lemma="," pos="X">,</wf>
         <wf lemma="mahti" pos="X">mahti</wf>
         <wf lemma="." pos="X">.</wf>
         <wf lemma="Lemmikharrastuste" pos="X">Lemmikharrastuste</wf>
         <wf lemma="jaoks" pos="X">jaoks</wf>
         <wf lemma="jäävad" pos="X">jäävad</wf>
         <wf lemma="õhtutunnid" pos="X">õhtutunnid</wf>
         <wf lemma="." pos="X">.</wf>
      </sentence>
      <sentence id="d000.s1977" source="wordnet-estonian">
         <wf lemma="Tiigis" pos="X">Tiigis</wf>
         <wf lemma="oli" pos="X">oli</wf>
         <wf lemma="rohkesti" pos="X">rohkesti</wf>
         <instance id="d000.s1977.t000" lemma="konn" pos="NOUN">konni</instance>
         <wf lemma="." pos="X">.</wf>
      </sentence>
      <sentence id="d000.s1978" source="wordnet-estonian">
         <wf lemma="Iga" pos="X">Iga</wf>
         <wf lemma="tootmisjuht" pos="X">tootmisjuht</wf>
         <wf lemma="vastutab" pos="X">vastutab</wf>
         <wf lemma="teatava" pos="X">teatava</wf>
         <instance id="d000.s1978.t000" lemma="lõik" pos="NOUN">lõigu</instance>
         <wf lemma="eest" pos="X">eest</wf>
         <wf lemma="oma" pos="X">oma</wf>
         <wf lemma="tehases" pos="X">tehases</wf>
         <wf lemma="." pos="X">.</wf>
      </sentence>
      <sentence id="d000.s1979" source="wordnet-estonian">
         <instance id="d000.s1979.t000" lemma="kommunist" pos="NOUN">Kommunistide</instance>
         <wf lemma="ja" pos="X">ja</wf>
         <wf lemma="parteitute" pos="X">parteitute</wf>
         <wf lemma="blokk" pos="X">blokk</wf>
         <wf lemma="(" pos="X">(</wf>
         <wf lemma="EKSS" pos="X">EKSS</wf>
         <wf lemma=")" pos="X">)</wf>
         <wf lemma="." pos="X">.</wf>
      </sentence>
      <sentence id="d000.s1980" source="wordnet-estonian">
         <wf lemma="Kolmevaatuseline" pos="X">Kolmevaatuseline</wf>
         <wf lemma="komöödia" pos="X">komöödia</wf>
         <instance id="d000.s1980.t000" lemma="proloog" pos="NOUN">proloogiga</instance>
         <wf lemma="." pos="X">.</wf>
         <wf lemma="Antiiktragöödia" pos="X">Antiiktragöödia</wf>
         <wf lemma="klassikaline" pos="X">klassikaline</wf>
         <wf lemma="proloog" pos="X">proloog</wf>
         <wf lemma="." pos="X">.</wf>
         <wf lemma="Poeemi" pos="X">Poeemi</wf>
         <wf lemma="," pos="X">,</wf>
         <wf lemma="romaani" pos="X">romaani</wf>
         <wf lemma="proloog" pos="X">proloog</wf>
         <wf lemma="." pos="X">.</wf>
         <wf lemma="Ooperi" pos="X">Ooperi</wf>
         <wf lemma="," pos="X">,</wf>
         <wf lemma="oratooriumi" pos="X">oratooriumi</wf>
         <wf lemma="proloog" pos="X">proloog</wf>
         <wf lemma="." pos="X">.</wf>
      </sentence>
      <sentence id="d000.s1981" source="wordnet-estonian">
         <instance id="d000.s1981.t000" lemma="laip" pos="NOUN">Laip</instance>
         <wf lemma="viidi" pos="X">viidi</wf>
         <wf lemma="surnukambrisse" pos="X">surnukambrisse</wf>
         <wf lemma="." pos="X">.</wf>
      </sentence>
      <sentence id="d000.s1982" source="wordnet-estonian">
         <wf lemma="Kollatõbe" pos="X">Kollatõbe</wf>
         <wf lemma="iseloomustab" pos="X">iseloomustab</wf>
         <wf lemma="naha" pos="X">naha</wf>
         <wf lemma="ja" pos="X">ja</wf>
         <wf lemma="silmavalgete" pos="X">silmavalgete</wf>
         <instance id="d000.s1982.t000" lemma="kollasus" pos="NOUN">kollasus</instance>
         <wf lemma="(" pos="X">(</wf>
         <wf lemma="EKSS" pos="X">EKSS</wf>
         <wf lemma=")" pos="X">)</wf>
         <wf lemma="." pos="X">.</wf>
      </sentence>
      <sentence id="d000.s1983" source="wordnet-estonian">
         <wf lemma="Demograafia" pos="X">Demograafia</wf>
         <wf lemma="uurib" pos="X">uurib</wf>
         <instance id="d000.s1983.t000" lemma="rahvastik" pos="NOUN">rahvastikku</instance>
         <wf lemma="." pos="X">.</wf>
      </sentence>
      <sentence id="d000.s1984" source="wordnet-estonian">
         <wf lemma="Treeningul" pos="X">Treeningul</wf>
         <wf lemma="kasutati" pos="X">kasutati</wf>
         <wf lemma="mingit" pos="X">mingit</wf>
         <wf lemma="varasemate" pos="X">varasemate</wf>
         <wf lemma="harjutuste" pos="X">harjutuste</wf>
         <instance id="d000.s1984.t000" lemma="kombinatsioon" pos="NOUN">kombinatsiooni</instance>
         <wf lemma="." pos="X">.</wf>
      </sentence>
      <sentence id="d000.s1985" source="wordnet-estonian">
         <wf lemma="Minemata" pos="X">Minemata</wf>
         <wf lemma="ei" pos="X">ei</wf>
         <wf lemma="või" pos="X">või</wf>
         <wf lemma="jätta" pos="X">jätta</wf>
         <wf lemma="," pos="X">,</wf>
         <wf lemma="see" pos="X">see</wf>
         <wf lemma="oleks" pos="X">oleks</wf>
         <instance id="d000.s1985.t000" lemma="argus" pos="NOUN">argus</instance>
         <wf lemma="." pos="X">.</wf>
         <wf lemma="Argust" pos="X">Argust</wf>
         <wf lemma="ei" pos="X">ei</wf>
         <wf lemma="saa" pos="X">saa</wf>
         <wf lemma="talle" pos="X">talle</wf>
         <wf lemma="ette" pos="X">ette</wf>
         <wf lemma="heita" pos="X">heita</wf>
         <wf lemma="," pos="X">,</wf>
         <wf lemma="arguses" pos="X">arguses</wf>
         <wf lemma="ei" pos="X">ei</wf>
         <wf lemma="saa" pos="X">saa</wf>
         <wf lemma="teda" pos="X">teda</wf>
         <wf lemma="süüdistada" pos="X">süüdistada</wf>
         <wf lemma="." pos="X">.</wf>
         <wf lemma="Argusest" pos="X">Argusest</wf>
         <wf lemma="tuleb" pos="X">tuleb</wf>
         <wf lemma="võitu" pos="X">võitu</wf>
         <wf lemma="saada" pos="X">saada</wf>
         <wf lemma="." pos="X">.</wf>
         <wf lemma="Mõnikord" pos="X">Mõnikord</wf>
         <wf lemma="jääb" pos="X">jääb</wf>
         <wf lemma="tõde" pos="X">tõde</wf>
         <wf lemma="ütlemata" pos="X">ütlemata</wf>
         <wf lemma="argusest" pos="X">argusest</wf>
         <wf lemma="," pos="X">,</wf>
         <wf lemma="arguse" pos="X">arguse</wf>
         <wf lemma="pärast" pos="X">pärast</wf>
         <wf lemma="." pos="X">.</wf>
      </sentence>
      <sentence id="d000.s1986" source="wordnet-estonian">
         <wf lemma="Teoses" pos="X">Teoses</wf>
         <wf lemma="on" pos="X">on</wf>
         <wf lemma="jõulisi" pos="X">jõulisi</wf>
         <wf lemma="," pos="X">,</wf>
         <wf lemma="haruldasi" pos="X">haruldasi</wf>
         <instance id="d000.s1986.t000" lemma="metafoor" pos="NOUN">metafoore</instance>
         <wf lemma="." pos="X">.</wf>
      </sentence>
      <sentence id="d000.s1987" source="wordnet-estonian">
         <wf lemma="Sama" pos="X">Sama</wf>
         <instance id="d000.s1987.t000" lemma="rõivas" pos="NOUN">rõivast</instance>
         <wf lemma="ei" pos="X">ei</wf>
         <wf lemma="sobinud" pos="X">sobinud</wf>
         <wf lemma="daamidel" pos="X">daamidel</wf>
         <wf lemma="ometi" pos="X">ometi</wf>
         <wf lemma="järgmisel" pos="X">järgmisel</wf>
         <wf lemma="ballil" pos="X">ballil</wf>
         <wf lemma="uuesti" pos="X">uuesti</wf>
         <wf lemma="kanda" pos="X">kanda</wf>
         <wf lemma="." pos="X">.</wf>
      </sentence>
      <sentence id="d000.s1988" source="wordnet-estonian">
         <wf lemma="Euroopa" pos="X">Euroopa</wf>
         <wf lemma="ning" pos="X">ning</wf>
         <wf lemma="Prantsusmaa" pos="X">Prantsusmaa</wf>
         <instance id="d000.s1988.t000" lemma="kesksus" pos="NOUN">kesksus</instance>
         <wf lemma="keskkonnateemaliste" pos="X">keskkonnateemaliste</wf>
         <wf lemma="ideede" pos="X">ideede</wf>
         <wf lemma="suunal" pos="X">suunal</wf>
         <wf lemma="on" pos="X">on</wf>
         <wf lemma="märkimsiväärn" pos="X">märkimsiväärn</wf>
         <wf lemma="." pos="X">.</wf>
      </sentence>
      <sentence id="d000.s1989" source="wordnet-estonian">
         <wf lemma="Politsei" pos="X">Politsei</wf>
         <instance id="d000.s1989.t000" lemma="tõestama" pos="VERB">tõestas</instance>
         <wf lemma="." pos="X">.</wf>
      </sentence>
      <sentence id="d000.s1990" source="wordnet-estonian">
         <wf lemma="Vaenlase" pos="X">Vaenlase</wf>
         <wf lemma="rünnak" pos="X">rünnak</wf>
         <instance id="d000.s1990.t000" lemma="ennetama" pos="VERB">ennetati</instance>
         <wf lemma="." pos="X">.</wf>
      </sentence>
      <sentence id="d000.s1991" source="wordnet-estonian">
         <wf lemma="Pärast" pos="X">Pärast</wf>
         <instance id="d000.s1991.t000" lemma="söömine" pos="NOUN">söömist</instance>
         <wf lemma="tehti" pos="X">tehti</wf>
         <wf lemma="väike" pos="X">väike</wf>
         <wf lemma="uinak" pos="X">uinak</wf>
         <wf lemma="(" pos="X">(</wf>
         <wf lemma="EKSS" pos="X">EKSS</wf>
         <wf lemma=")" pos="X">)</wf>
         <wf lemma="." pos="X">.</wf>
      </sentence>
      <sentence id="d000.s1992" source="wordnet-estonian">
         <wf lemma="Kelner" pos="X">Kelner</wf>
         <wf lemma="keeras" pos="X">keeras</wf>
         <instance id="d000.s1992.t000" lemma="pudel" pos="NOUN">pudeli</instance>
         <wf lemma="lahti" pos="X">lahti</wf>
         <wf lemma="ja" pos="X">ja</wf>
         <wf lemma="tõi" pos="X">tõi</wf>
         <wf lemma="lauale" pos="X">lauale</wf>
         <wf lemma="." pos="X">.</wf>
      </sentence>
      <sentence id="d000.s1993" source="wordnet-estonian">
         <wf lemma="ks-i" pos="X">ks-i</wf>
         <instance id="d000.s1993.t000" lemma="assimilatsioon" pos="NOUN">assimilatsioon</instance>
         <wf lemma="ss-iks" pos="X">ss-iks</wf>
         <wf lemma="." pos="X">.</wf>
      </sentence>
      <sentence id="d000.s1994" source="wordnet-estonian">
         <wf lemma="Meeste" pos="X">Meeste</wf>
         <wf lemma="," pos="X">,</wf>
         <wf lemma="naiste" pos="X">naiste</wf>
         <instance id="d000.s1994.t000" lemma="sprint" pos="NOUN">sprint</instance>
         <wf lemma="." pos="X">.</wf>
         <wf lemma="Võistlesin" pos="X">Võistlesin</wf>
         <wf lemma="sprindis" pos="X">sprindis</wf>
         <wf lemma="." pos="X">.</wf>
         <wf lemma="Sprint" pos="X">Sprint</wf>
         <wf lemma="sobib" pos="X">sobib</wf>
         <wf lemma="talle" pos="X">talle</wf>
         <wf lemma="pikamaajooksust" pos="X">pikamaajooksust</wf>
         <wf lemma="paremini" pos="X">paremini</wf>
         <wf lemma="." pos="X">.</wf>
         <wf lemma="Sprinti" pos="X">Sprinti</wf>
         <wf lemma="rakendatakse" pos="X">rakendatakse</wf>
         <wf lemma="lühidistantside" pos="X">lühidistantside</wf>
         <wf lemma="läbimisel" pos="X">läbimisel</wf>
         <wf lemma="." pos="X">.</wf>
      </sentence>
      <sentence id="d000.s1995" source="wordnet-estonian">
         <wf lemma="Uus" pos="X">Uus</wf>
         <wf lemma="ettevõtmine" pos="X">ettevõtmine</wf>
         <wf lemma="lõppes" pos="X">lõppes</wf>
         <instance id="d000.s1995.t000" lemma="edukalt" pos="ADV">edukalt</instance>
         <wf lemma="." pos="X">.</wf>
      </sentence>
      <sentence id="d000.s1996" source="wordnet-estonian">
         <wf lemma="Ta" pos="X">Ta</wf>
         <wf lemma="käis" pos="X">käis</wf>
         <wf lemma="rätsepa" pos="X">rätsepa</wf>
         <wf lemma="juures" pos="X">juures</wf>
         <instance id="d000.s1996.t000" lemma="proov" pos="NOUN">proovidel</instance>
         <wf lemma="." pos="X">.</wf>
      </sentence>
      <sentence id="d000.s1997" source="wordnet-estonian">
         <wf lemma="Nagu" pos="X">Nagu</wf>
         <instance id="d000.s1997.t000" lemma="alati" pos="ADV">alati</instance>
         <wf lemma="," pos="X">,</wf>
         <wf lemma="mindi" pos="X">mindi</wf>
         <wf lemma="ka" pos="X">ka</wf>
         <wf lemma="täna" pos="X">täna</wf>
         <wf lemma="koos" pos="X">koos</wf>
         <wf lemma="koju" pos="X">koju</wf>
         <wf lemma="." pos="X">.</wf>
         <wf lemma="(" pos="X">(</wf>
         <wf lemma="EKSS" pos="X">EKSS</wf>
         <wf lemma=")" pos="X">)</wf>
         <wf lemma="." pos="X">.</wf>
      </sentence>
      <sentence id="d000.s1998" source="wordnet-estonian">
         <instance id="d000.s1998.t000" lemma="hallitus" pos="NOUN">Hallitus</instance>
         <wf lemma="saial" pos="X">saial</wf>
         <wf lemma="," pos="X">,</wf>
         <wf lemma="vorstil" pos="X">vorstil</wf>
         <wf lemma="," pos="X">,</wf>
         <wf lemma="hoidisel" pos="X">hoidisel</wf>
         <wf lemma="." pos="X">.</wf>
         <wf lemma="Hallituse" pos="X">Hallituse</wf>
         <wf lemma="lõhn" pos="X">lõhn</wf>
         <wf lemma="." pos="X">.</wf>
         <wf lemma="Toidul" pos="X">Toidul</wf>
         <wf lemma="oli" pos="X">oli</wf>
         <wf lemma="hallituse" pos="X">hallituse</wf>
         <wf lemma="maitse" pos="X">maitse</wf>
         <wf lemma="." pos="X">.</wf>
         <wf lemma="Roheka" pos="X">Roheka</wf>
         <wf lemma="hallitusega" pos="X">hallitusega</wf>
         <wf lemma="kaetud" pos="X">kaetud</wf>
         <wf lemma="sein" pos="X">sein</wf>
         <wf lemma="." pos="X">.</wf>
         <wf lemma="Koobas" pos="X">Koobas</wf>
         <wf lemma="oli" pos="X">oli</wf>
         <wf lemma="rõske" pos="X">rõske</wf>
         <wf lemma="ja" pos="X">ja</wf>
         <wf lemma="lehkas" pos="X">lehkas</wf>
         <wf lemma="hallituse" pos="X">hallituse</wf>
         <wf lemma="järele" pos="X">järele</wf>
         <wf lemma="." pos="X">.</wf>
      </sentence>
   </text>
</corpus>
