<?xml version="1.0" encoding="UTF-8"?>
<corpus lang="ko" name="test-ko" sources="wordnet-korean">
   <text id="d000">
      <sentence id="d000.s000" source="wordnet-korean">
         <wf lemma="오후" pos="X">오후</wf>
         <wf lemma="일과가" pos="X">일과가</wf>
         <instance id="d000.s000.t000" lemma="시작" pos="NOUN">시작</instance>
         <wf lemma="되었다." pos="X">되었다.</wf>
      </sentence>
      <sentence id="d000.s001" source="wordnet-korean">
         <instance id="d000.s001.t000" lemma="수" pos="NOUN">수</instance>
         <wf lemma="가" pos="X">가</wf>
         <wf lemma="트이다." pos="X">트이다.</wf>
      </sentence>
      <sentence id="d000.s002" source="wordnet-korean">
         <instance id="d000.s002.t000" lemma="이" pos="NOUN">이</instance>
         <wf lemma="가" pos="X">가</wf>
         <wf lemma="나다(빠지다)." pos="X">나다(빠지다).</wf>
      </sentence>
      <sentence id="d000.s003" source="wordnet-korean">
         <instance id="d000.s003.t000" lemma="바닷물" pos="NOUN">바닷물</instance>
         <wf lemma="이" pos="X">이</wf>
         <wf lemma="밀려왔다" pos="X">밀려왔다</wf>
         <wf lemma="나간" pos="X">나간</wf>
         <wf lemma="백사장." pos="X">백사장.</wf>
      </sentence>
      <sentence id="d000.s004" source="wordnet-korean">
         <instance id="d000.s004.t000" lemma="유행" pos="NOUN">유행</instance>
         <wf lemma="의" pos="X">의</wf>
         <wf lemma="첨단을" pos="X">첨단을</wf>
         <wf lemma="가다." pos="X">가다.</wf>
      </sentence>
      <sentence id="d000.s005" source="wordnet-korean">
         <instance id="d000.s005.t000" lemma="뭍" pos="NOUN">뭍</instance>
         <wf lemma="에" pos="X">에</wf>
         <wf lemma="오르다." pos="X">오르다.</wf>
      </sentence>
      <sentence id="d000.s006" source="wordnet-korean">
         <wf lemma="오천" pos="X">오천</wf>
         <wf lemma="만" pos="X">만</wf>
         <instance id="d000.s006.t000" lemma="동포" pos="NOUN">동포</instance>
         <wf lemma="." pos="X">.</wf>
      </sentence>
      <sentence id="d000.s007" source="wordnet-korean">
         <wf lemma="몇" pos="X">몇</wf>
         <instance id="d000.s007.t000" lemma="번" pos="NOUN">번</instance>
         <wf lemma="." pos="X">.</wf>
      </sentence>
      <sentence id="d000.s008" source="wordnet-korean">
         <instance id="d000.s008.t000" lemma="단안" pos="NOUN">단안</instance>
         <wf lemma="을" pos="X">을</wf>
         <wf lemma="내리다." pos="X">내리다.</wf>
      </sentence>
      <sentence id="d000.s009" source="wordnet-korean">
         <wf lemma="감옥에서" pos="X">감옥에서</wf>
         <instance id="d000.s009.t000" lemma="억류" pos="NOUN">억류</instance>
         <wf lemma="생활을" pos="X">생활을</wf>
         <wf lemma="3년이나" pos="X">3년이나</wf>
         <wf lemma="했지." pos="X">했지.</wf>
      </sentence>
      <sentence id="d000.s010" source="wordnet-korean">
         <wf lemma="월급" pos="X">월급</wf>
         <instance id="d000.s010.t000" lemma="봉투" pos="NOUN">봉투</instance>
         <wf lemma="." pos="X">.</wf>
      </sentence>
      <sentence id="d000.s011" source="wordnet-korean">
         <instance id="d000.s011.t000" lemma="물정" pos="NOUN">물정</instance>
         <wf lemma="이" pos="X">이</wf>
         <wf lemma="순박하여" pos="X">순박하여</wf>
         <wf lemma="간교하고" pos="X">간교하고</wf>
         <wf lemma="패악한" pos="X">패악한</wf>
         <wf lemma="풍습을" pos="X">풍습을</wf>
         <wf lemma="과히" pos="X">과히</wf>
         <wf lemma="염려할" pos="X">염려할</wf>
         <wf lemma="것이" pos="X">것이</wf>
         <wf lemma="없으며…." pos="X">없으며….</wf>
      </sentence>
      <sentence id="d000.s012" source="wordnet-korean">
         <instance id="d000.s012.t000" lemma="소망" pos="NOUN">소망</instance>
         <wf lemma="을" pos="X">을</wf>
         <wf lemma="이루다." pos="X">이루다.</wf>
      </sentence>
      <sentence id="d000.s013" source="wordnet-korean">
         <instance id="d000.s013.t000" lemma="대열" pos="NOUN">대열</instance>
         <wf lemma="을" pos="X">을</wf>
         <wf lemma="짓는다." pos="X">짓는다.</wf>
      </sentence>
      <sentence id="d000.s014" source="wordnet-korean">
         <instance id="d000.s014.t000" lemma="숨" pos="NOUN">숨</instance>
         <wf lemma="을" pos="X">을</wf>
         <wf lemma="들이마시다." pos="X">들이마시다.</wf>
      </sentence>
      <sentence id="d000.s015" source="wordnet-korean">
         <instance id="d000.s015.t000" lemma="뱃구레" pos="NOUN">뱃구레</instance>
         <wf lemma="가" pos="X">가</wf>
         <wf lemma="크다." pos="X">크다.</wf>
      </sentence>
      <sentence id="d000.s016" source="wordnet-korean">
         <wf lemma="눈을" pos="X">눈을</wf>
         <wf lemma="보호하기" pos="X">보호하기</wf>
         <wf lemma="위하여" pos="X">위하여</wf>
         <wf lemma="늘" pos="X">늘</wf>
         <instance id="d000.s016.t000" lemma="색안경" pos="NOUN">색안경</instance>
         <wf lemma="을" pos="X">을</wf>
         <wf lemma="쓰고" pos="X">쓰고</wf>
         <wf lemma="다닌다." pos="X">다닌다.</wf>
      </sentence>
      <sentence id="d000.s017" source="wordnet-korean">
         <wf lemma="값을" pos="X">값을</wf>
         <instance id="d000.s017.t000" lemma="올리다" pos="VERB">올리다</instance>
         <wf lemma="." pos="X">.</wf>
      </sentence>
      <sentence id="d000.s018" source="wordnet-korean">
         <instance id="d000.s018.t000" lemma="겨드랑이" pos="NOUN">겨드랑이</instance>
         <wf lemma="에" pos="X">에</wf>
         <wf lemma="책을" pos="X">책을</wf>
         <wf lemma="끼다." pos="X">끼다.</wf>
      </sentence>
      <sentence id="d000.s019" source="wordnet-korean">
         <instance id="d000.s019.t000" lemma="바구니" pos="NOUN">바구니</instance>
         <wf lemma="를" pos="X">를</wf>
         <wf lemma="옆에" pos="X">옆에</wf>
         <wf lemma="끼었다." pos="X">끼었다.</wf>
      </sentence>
      <sentence id="d000.s020" source="wordnet-korean">
         <instance id="d000.s020.t000" lemma="행복" pos="NOUN">행복</instance>
         <wf lemma="을" pos="X">을</wf>
         <wf lemma="구하다." pos="X">구하다.</wf>
      </sentence>
      <sentence id="d000.s021" source="wordnet-korean">
         <instance id="d000.s021.t000" lemma="불길" pos="NOUN">불길</instance>
         <wf lemma="에" pos="X">에</wf>
         <wf lemma="휩싸였다." pos="X">휩싸였다.</wf>
      </sentence>
      <sentence id="d000.s022" source="wordnet-korean">
         <wf lemma="뚜렷한" pos="X">뚜렷한</wf>
         <instance id="d000.s022.t000" lemma="구별" pos="NOUN">구별</instance>
         <wf lemma="." pos="X">.</wf>
      </sentence>
      <sentence id="d000.s023" source="wordnet-korean">
         <wf lemma="절을" pos="X">절을</wf>
         <instance id="d000.s023.t000" lemma="맵시" pos="NOUN">맵시</instance>
         <wf lemma="있게" pos="X">있게</wf>
         <wf lemma="한다." pos="X">한다.</wf>
      </sentence>
      <sentence id="d000.s024" source="wordnet-korean">
         <wf lemma="돈" pos="X">돈</wf>
         <instance id="d000.s024.t000" lemma="푼" pos="NOUN">푼</instance>
         <wf lemma="이나" pos="X">이나</wf>
         <wf lemma="있다고" pos="X">있다고</wf>
         <wf lemma="거들먹거린다." pos="X">거들먹거린다.</wf>
      </sentence>
      <sentence id="d000.s025" source="wordnet-korean">
         <wf lemma="젊은" pos="X">젊은</wf>
         <instance id="d000.s025.t000" lemma="세대" pos="NOUN">세대</instance>
         <wf lemma="." pos="X">.</wf>
      </sentence>
      <sentence id="d000.s026" source="wordnet-korean">
         <wf lemma="이제" pos="X">이제</wf>
         <instance id="d000.s026.t000" lemma="아이" pos="NOUN">아이</instance>
         <wf lemma="가" pos="X">가</wf>
         <wf lemma="제법" pos="X">제법</wf>
         <wf lemma="어른스러워졌다." pos="X">어른스러워졌다.</wf>
      </sentence>
      <sentence id="d000.s027" source="wordnet-korean">
         <instance id="d000.s027.t000" lemma="볼품" pos="NOUN">볼품</instance>
         <wf lemma="이" pos="X">이</wf>
         <wf lemma="없다." pos="X">없다.</wf>
      </sentence>
      <sentence id="d000.s028" source="wordnet-korean">
         <wf lemma="수박" pos="X">수박</wf>
         <wf lemma="몇" pos="X">몇</wf>
         <instance id="d000.s028.t000" lemma="통" pos="NOUN">통</instance>
         <wf lemma="." pos="X">.</wf>
      </sentence>
      <sentence id="d000.s029" source="wordnet-korean">
         <wf lemma="군사" pos="X">군사</wf>
         <instance id="d000.s029.t000" lemma="조련" pos="NOUN">조련</instance>
         <wf lemma="." pos="X">.</wf>
      </sentence>
      <sentence id="d000.s030" source="wordnet-korean">
         <wf lemma="문예" pos="X">문예</wf>
         <instance id="d000.s030.t000" lemma="부흥" pos="NOUN">부흥</instance>
         <wf lemma="." pos="X">.</wf>
      </sentence>
      <sentence id="d000.s031" source="wordnet-korean">
         <wf lemma="거룩한" pos="X">거룩한</wf>
         <wf lemma="분노는⁄종교보다" pos="X">분노는⁄종교보다</wf>
         <wf lemma="깊고" pos="X">깊고</wf>
         <wf lemma="⁄불붙는" pos="X">⁄불붙는</wf>
         <instance id="d000.s031.t000" lemma="정열" pos="NOUN">정열</instance>
         <wf lemma="은" pos="X">은</wf>
         <wf lemma="⁄사랑보다" pos="X">⁄사랑보다</wf>
         <wf lemma="강하다." pos="X">강하다.</wf>
      </sentence>
      <sentence id="d000.s032" source="wordnet-korean">
         <instance id="d000.s032.t000" lemma="시세" pos="NOUN">시세</instance>
         <wf lemma="가" pos="X">가</wf>
         <wf lemma="좋다." pos="X">좋다.</wf>
      </sentence>
      <sentence id="d000.s033" source="wordnet-korean">
         <wf lemma="기능공의" pos="X">기능공의</wf>
         <instance id="d000.s033.t000" lemma="자질" pos="NOUN">자질</instance>
         <wf lemma="향상에" pos="X">향상에</wf>
         <wf lemma="힘쓰다." pos="X">힘쓰다.</wf>
      </sentence>
      <sentence id="d000.s034" source="wordnet-korean">
         <wf lemma="규정에" pos="X">규정에</wf>
         <wf lemma="없는" pos="X">없는</wf>
         <wf lemma="사항은" pos="X">사항은</wf>
         <wf lemma="일반" pos="X">일반</wf>
         <instance id="d000.s034.t000" lemma="관례" pos="NOUN">관례</instance>
         <wf lemma="를" pos="X">를</wf>
         <wf lemma="좇기로" pos="X">좇기로</wf>
         <wf lemma="한다." pos="X">한다.</wf>
      </sentence>
      <sentence id="d000.s035" source="wordnet-korean">
         <instance id="d000.s035.t000" lemma="섬광" pos="NOUN">섬광</instance>
         <wf lemma="이" pos="X">이</wf>
         <wf lemma="빛나다." pos="X">빛나다.</wf>
      </sentence>
      <sentence id="d000.s036" source="wordnet-korean">
         <wf lemma="경부" pos="X">경부</wf>
         <instance id="d000.s036.t000" lemma="고속도로" pos="NOUN">고속도로</instance>
         <wf lemma="." pos="X">.</wf>
      </sentence>
      <sentence id="d000.s037" source="wordnet-korean">
         <instance id="d000.s037.t000" lemma="가설" pos="NOUN">가설</instance>
         <wf lemma="작업." pos="X">작업.</wf>
      </sentence>
      <sentence id="d000.s038" source="wordnet-korean">
         <instance id="d000.s038.t000" lemma="분" pos="NOUN">분</instance>
         <wf lemma="을" pos="X">을</wf>
         <wf lemma="바른다." pos="X">바른다.</wf>
      </sentence>
      <sentence id="d000.s039" source="wordnet-korean">
         <wf lemma="사람" pos="X">사람</wf>
         <instance id="d000.s039.t000" lemma="사태" pos="NOUN">사태</instance>
         <wf lemma="." pos="X">.</wf>
      </sentence>
      <sentence id="d000.s040" source="wordnet-korean">
         <wf lemma="신문" pos="X">신문</wf>
         <instance id="d000.s040.t000" lemma="논설" pos="NOUN">논설</instance>
         <wf lemma="." pos="X">.</wf>
      </sentence>
      <sentence id="d000.s041" source="wordnet-korean">
         <wf lemma="난관을" pos="X">난관을</wf>
         <wf lemma="극복할" pos="X">극복할</wf>
         <instance id="d000.s041.t000" lemma="길" pos="NOUN">길</instance>
         <wf lemma="을" pos="X">을</wf>
         <wf lemma="찾자." pos="X">찾자.</wf>
      </sentence>
      <sentence id="d000.s042" source="wordnet-korean">
         <instance id="d000.s042.t000" lemma="결례" pos="NOUN">결례</instance>
         <wf lemma="를" pos="X">를</wf>
         <wf lemma="용서하십시오." pos="X">용서하십시오.</wf>
      </sentence>
      <sentence id="d000.s043" source="wordnet-korean">
         <wf lemma="희곡을" pos="X">희곡을</wf>
         <instance id="d000.s043.t000" lemma="만들다" pos="VERB">만들다</instance>
         <wf lemma="." pos="X">.</wf>
      </sentence>
      <sentence id="d000.s044" source="wordnet-korean">
         <instance id="d000.s044.t000" lemma="배" pos="NOUN">배</instance>
         <wf lemma="를" pos="X">를</wf>
         <wf lemma="잘" pos="X">잘</wf>
         <wf lemma="덮고" pos="X">덮고</wf>
         <wf lemma="잠자다." pos="X">잠자다.</wf>
      </sentence>
      <sentence id="d000.s045" source="wordnet-korean">
         <instance id="d000.s045.t000" lemma="회관" pos="NOUN">회관</instance>
         <wf lemma="에" pos="X">에</wf>
         <wf lemma="모이다." pos="X">모이다.</wf>
      </sentence>
      <sentence id="d000.s046" source="wordnet-korean">
         <instance id="d000.s046.t000" lemma="칼" pos="NOUN">칼</instance>
         <wf lemma="을" pos="X">을</wf>
         <wf lemma="갈다." pos="X">갈다.</wf>
      </sentence>
      <sentence id="d000.s047" source="wordnet-korean">
         <wf lemma="영실은" pos="X">영실은</wf>
         <wf lemma="그" pos="X">그</wf>
         <wf lemma="말을" pos="X">말을</wf>
         <wf lemma="과장된" pos="X">과장된</wf>
         <instance id="d000.s047.t000" lemma="억양" pos="NOUN">억양</instance>
         <wf lemma="으로" pos="X">으로</wf>
         <wf lemma="하였다." pos="X">하였다.</wf>
      </sentence>
      <sentence id="d000.s048" source="wordnet-korean">
         <wf lemma="일승묘전으로써" pos="X">일승묘전으로써</wf>
         <instance id="d000.s048.t000" lemma="안목" pos="NOUN">안목</instance>
         <wf lemma="을" pos="X">을</wf>
         <wf lemma="삼다." pos="X">삼다.</wf>
      </sentence>
      <sentence id="d000.s049" source="wordnet-korean">
         <wf lemma="손가방" pos="X">손가방</wf>
         <instance id="d000.s049.t000" lemma="분실" pos="NOUN">분실</instance>
         <wf lemma="." pos="X">.</wf>
      </sentence>
      <sentence id="d000.s050" source="wordnet-korean">
         <instance id="d000.s050.t000" lemma="통제" pos="NOUN">통제</instance>
         <wf lemma="가" pos="X">가</wf>
         <wf lemma="심하다." pos="X">심하다.</wf>
      </sentence>
      <sentence id="d000.s051" source="wordnet-korean">
         <wf lemma="재산" pos="X">재산</wf>
         <instance id="d000.s051.t000" lemma="부식" pos="NOUN">부식</instance>
         <wf lemma="." pos="X">.</wf>
      </sentence>
      <sentence id="d000.s052" source="wordnet-korean">
         <instance id="d000.s052.t000" lemma="갈증" pos="NOUN">갈증</instance>
         <wf lemma="이" pos="X">이</wf>
         <wf lemma="심하다." pos="X">심하다.</wf>
      </sentence>
      <sentence id="d000.s053" source="wordnet-korean">
         <instance id="d000.s053.t000" lemma="마술" pos="NOUN">마술</instance>
         <wf lemma="을" pos="X">을</wf>
         <wf lemma="걸다." pos="X">걸다.</wf>
      </sentence>
      <sentence id="d000.s054" source="wordnet-korean">
         <instance id="d000.s054.t000" lemma="세계" pos="NOUN">세계</instance>
         <wf lemma="평화." pos="X">평화.</wf>
      </sentence>
      <sentence id="d000.s055" source="wordnet-korean">
         <instance id="d000.s055.t000" lemma="코" pos="NOUN">코</instance>
         <wf lemma="가" pos="X">가</wf>
         <wf lemma="막히다." pos="X">막히다.</wf>
      </sentence>
      <sentence id="d000.s056" source="wordnet-korean">
         <wf lemma="용마루의" pos="X">용마루의</wf>
         <wf lemma="가장" pos="X">가장</wf>
         <wf lemma="높은" pos="X">높은</wf>
         <instance id="d000.s056.t000" lemma="마루" pos="NOUN">마루</instance>
         <wf lemma="가" pos="X">가</wf>
         <wf lemma="용마루이다." pos="X">용마루이다.</wf>
      </sentence>
      <sentence id="d000.s057" source="wordnet-korean">
         <instance id="d000.s057.t000" lemma="도" pos="NOUN">도</instance>
         <wf lemma="에" pos="X">에</wf>
         <wf lemma="가는" pos="X">가는</wf>
         <wf lemma="길이다." pos="X">길이다.</wf>
      </sentence>
      <sentence id="d000.s058" source="wordnet-korean">
         <wf lemma="양말" pos="X">양말</wf>
         <instance id="d000.s058.t000" lemma="뒤꿈치" pos="NOUN">뒤꿈치</instance>
         <wf lemma="가" pos="X">가</wf>
         <wf lemma="헤진다." pos="X">헤진다.</wf>
      </sentence>
      <sentence id="d000.s059" source="wordnet-korean">
         <wf lemma="자동차에" pos="X">자동차에</wf>
         <instance id="d000.s059.t000" lemma="발동" pos="NOUN">발동</instance>
         <wf lemma="을" pos="X">을</wf>
         <wf lemma="걸다." pos="X">걸다.</wf>
      </sentence>
      <sentence id="d000.s060" source="wordnet-korean">
         <instance id="d000.s060.t000" lemma="폐품" pos="NOUN">폐품</instance>
         <wf lemma="을" pos="X">을</wf>
         <wf lemma="재생하다." pos="X">재생하다.</wf>
      </sentence>
      <sentence id="d000.s061" source="wordnet-korean">
         <instance id="d000.s061.t000" lemma="인간" pos="NOUN">인간</instance>
         <wf lemma="의" pos="X">의</wf>
         <wf lemma="본성은" pos="X">본성은</wf>
         <wf lemma="착한" pos="X">착한</wf>
         <wf lemma="것이라고도" pos="X">것이라고도</wf>
         <wf lemma="하고" pos="X">하고</wf>
         <wf lemma="악한" pos="X">악한</wf>
         <wf lemma="것이라고도" pos="X">것이라고도</wf>
         <wf lemma="한다." pos="X">한다.</wf>
      </sentence>
      <sentence id="d000.s062" source="wordnet-korean">
         <instance id="d000.s062.t000" lemma="정당성" pos="NOUN">정당성</instance>
         <wf lemma="을" pos="X">을</wf>
         <wf lemma="주장하다." pos="X">주장하다.</wf>
      </sentence>
      <sentence id="d000.s063" source="wordnet-korean">
         <instance id="d000.s063.t000" lemma="분할" pos="NOUN">분할</instance>
         <wf lemma="측량." pos="X">측량.</wf>
      </sentence>
      <sentence id="d000.s064" source="wordnet-korean">
         <instance id="d000.s064.t000" lemma="개량" pos="NOUN">개량</instance>
         <wf lemma="품종." pos="X">품종.</wf>
      </sentence>
      <sentence id="d000.s065" source="wordnet-korean">
         <wf lemma="소화기" pos="X">소화기</wf>
         <instance id="d000.s065.t000" lemma="계통" pos="NOUN">계통</instance>
         <wf lemma="." pos="X">.</wf>
      </sentence>
      <sentence id="d000.s066" source="wordnet-korean">
         <instance id="d000.s066.t000" lemma="구름" pos="NOUN">구름</instance>
         <wf lemma="에" pos="X">에</wf>
         <wf lemma="가린" pos="X">가린</wf>
         <wf lemma="달." pos="X">달.</wf>
      </sentence>
      <sentence id="d000.s067" source="wordnet-korean">
         <wf lemma="장마철이라고" pos="X">장마철이라고</wf>
         <wf lemma="하지만" pos="X">하지만</wf>
         <wf lemma="이렇게" pos="X">이렇게</wf>
         <instance id="d000.s067.t000" lemma="억수" pos="NOUN">억수</instance>
         <wf lemma="로" pos="X">로</wf>
         <wf lemma="쏟아지는" pos="X">쏟아지는</wf>
         <wf lemma="비는" pos="X">비는</wf>
         <wf lemma="처음일세." pos="X">처음일세.</wf>
      </sentence>
      <sentence id="d000.s068" source="wordnet-korean">
         <wf lemma="건물의" pos="X">건물의</wf>
         <instance id="d000.s068.t000" lemma="설계" pos="NOUN">설계</instance>
         <wf lemma="." pos="X">.</wf>
      </sentence>
      <sentence id="d000.s069" source="wordnet-korean">
         <wf lemma="일의" pos="X">일의</wf>
         <instance id="d000.s069.t000" lemma="경중" pos="NOUN">경중</instance>
         <wf lemma="을" pos="X">을</wf>
         <wf lemma="가리다." pos="X">가리다.</wf>
      </sentence>
      <sentence id="d000.s070" source="wordnet-korean">
         <wf lemma="수술" pos="X">수술</wf>
         <instance id="d000.s070.t000" lemma="부위" pos="NOUN">부위</instance>
         <wf lemma="." pos="X">.</wf>
      </sentence>
      <sentence id="d000.s071" source="wordnet-korean">
         <wf lemma="무슨" pos="X">무슨</wf>
         <instance id="d000.s071.t000" lemma="턱" pos="NOUN">턱</instance>
         <wf lemma="에" pos="X">에</wf>
         <wf lemma="남에게" pos="X">남에게</wf>
         <wf lemma="욕을" pos="X">욕을</wf>
         <wf lemma="하시오." pos="X">하시오.</wf>
      </sentence>
      <sentence id="d000.s072" source="wordnet-korean">
         <instance id="d000.s072.t000" lemma="신도시" pos="NOUN">신도시</instance>
         <wf lemma="건설." pos="X">건설.</wf>
      </sentence>
      <sentence id="d000.s073" source="wordnet-korean">
         <wf lemma="급한" pos="X">급한</wf>
         <wf lemma="마당에" pos="X">마당에</wf>
         <wf lemma="앞뒤를" pos="X">앞뒤를</wf>
         <wf lemma="가릴" pos="X">가릴</wf>
         <instance id="d000.s073.t000" lemma="계제" pos="NOUN">계제</instance>
         <wf lemma="가" pos="X">가</wf>
         <wf lemma="아니다." pos="X">아니다.</wf>
      </sentence>
      <sentence id="d000.s074" source="wordnet-korean">
         <wf lemma="자동차" pos="X">자동차</wf>
         <instance id="d000.s074.t000" lemma="소음" pos="NOUN">소음</instance>
         <wf lemma="." pos="X">.</wf>
      </sentence>
      <sentence id="d000.s075" source="wordnet-korean">
         <wf lemma="정부" pos="X">정부</wf>
         <instance id="d000.s075.t000" lemma="수립" pos="NOUN">수립</instance>
         <wf lemma="." pos="X">.</wf>
      </sentence>
      <sentence id="d000.s076" source="wordnet-korean">
         <instance id="d000.s076.t000" lemma="공동" pos="NOUN">공동</instance>
         <wf lemma="자본." pos="X">자본.</wf>
      </sentence>
      <sentence id="d000.s077" source="wordnet-korean">
         <wf lemma="그" pos="X">그</wf>
         <wf lemma="일은" pos="X">일은</wf>
         <instance id="d000.s077.t000" lemma="애초" pos="NOUN">애초</instance>
         <wf lemma="부터" pos="X">부터</wf>
         <wf lemma="될" pos="X">될</wf>
         <wf lemma="일이" pos="X">일이</wf>
         <wf lemma="아니었다." pos="X">아니었다.</wf>
      </sentence>
      <sentence id="d000.s078" source="wordnet-korean">
         <wf lemma="천" pos="X">천</wf>
         <wf lemma="리" pos="X">리</wf>
         <instance id="d000.s078.t000" lemma="밖" pos="NOUN">밖</instance>
         <wf lemma="에서" pos="X">에서</wf>
         <wf lemma="일어난" pos="X">일어난</wf>
         <wf lemma="일." pos="X">일.</wf>
      </sentence>
      <sentence id="d000.s079" source="wordnet-korean">
         <wf lemma="비행기의" pos="X">비행기의</wf>
         <instance id="d000.s079.t000" lemma="은빛" pos="NOUN">은빛</instance>
         <wf lemma="날개." pos="X">날개.</wf>
      </sentence>
      <sentence id="d000.s080" source="wordnet-korean">
         <instance id="d000.s080.t000" lemma="문헌" pos="NOUN">문헌</instance>
         <wf lemma="자료." pos="X">자료.</wf>
      </sentence>
      <sentence id="d000.s081" source="wordnet-korean">
         <instance id="d000.s081.t000" lemma="내" pos="NOUN">내</instance>
         <wf lemma="를" pos="X">를</wf>
         <wf lemma="마셨다." pos="X">마셨다.</wf>
      </sentence>
      <sentence id="d000.s082" source="wordnet-korean">
         <instance id="d000.s082.t000" lemma="고기" pos="NOUN">고기</instance>
         <wf lemma="를" pos="X">를</wf>
         <wf lemma="굽다." pos="X">굽다.</wf>
      </sentence>
      <sentence id="d000.s083" source="wordnet-korean">
         <instance id="d000.s083.t000" lemma="마찰" pos="NOUN">마찰</instance>
         <wf lemma="을" pos="X">을</wf>
         <wf lemma="일으키다." pos="X">일으키다.</wf>
      </sentence>
      <sentence id="d000.s084" source="wordnet-korean">
         <instance id="d000.s084.t000" lemma="보행" pos="NOUN">보행</instance>
         <wf lemma="을" pos="X">을</wf>
         <wf lemma="띄우다." pos="X">띄우다.</wf>
      </sentence>
      <sentence id="d000.s085" source="wordnet-korean">
         <instance id="d000.s085.t000" lemma="시일" pos="NOUN">시일</instance>
         <wf lemma="을" pos="X">을</wf>
         <wf lemma="늦추다." pos="X">늦추다.</wf>
      </sentence>
      <sentence id="d000.s086" source="wordnet-korean">
         <instance id="d000.s086.t000" lemma="빵" pos="NOUN">빵</instance>
         <wf lemma="문제가" pos="X">문제가</wf>
         <wf lemma="선결" pos="X">선결</wf>
         <wf lemma="과제이다." pos="X">과제이다.</wf>
      </sentence>
      <sentence id="d000.s087" source="wordnet-korean">
         <wf lemma="시간" pos="X">시간</wf>
         <instance id="d000.s087.t000" lemma="절약" pos="NOUN">절약</instance>
         <wf lemma="." pos="X">.</wf>
      </sentence>
      <sentence id="d000.s088" source="wordnet-korean">
         <instance id="d000.s088.t000" lemma="힐난" pos="NOUN">힐난</instance>
         <wf lemma="을" pos="X">을</wf>
         <wf lemma="당하다." pos="X">당하다.</wf>
      </sentence>
      <sentence id="d000.s089" source="wordnet-korean">
         <instance id="d000.s089.t000" lemma="보고" pos="NOUN">보고</instance>
         <wf lemma="를" pos="X">를</wf>
         <wf lemma="작성하다." pos="X">작성하다.</wf>
      </sentence>
      <sentence id="d000.s090" source="wordnet-korean">
         <instance id="d000.s090.t000" lemma="목례" pos="NOUN">목례</instance>
         <wf lemma="를" pos="X">를</wf>
         <wf lemma="보내다." pos="X">보내다.</wf>
      </sentence>
      <sentence id="d000.s091" source="wordnet-korean">
         <wf lemma="활동" pos="X">활동</wf>
         <instance id="d000.s091.t000" lemma="범위" pos="NOUN">범위</instance>
         <wf lemma="가" pos="X">가</wf>
         <wf lemma="넓다." pos="X">넓다.</wf>
      </sentence>
      <sentence id="d000.s092" source="wordnet-korean">
         <instance id="d000.s092.t000" lemma="생기" pos="NOUN">생기</instance>
         <wf lemma="를" pos="X">를</wf>
         <wf lemma="잃다." pos="X">잃다.</wf>
      </sentence>
      <sentence id="d000.s093" source="wordnet-korean">
         <instance id="d000.s093.t000" lemma="시골" pos="NOUN">시골</instance>
         <wf lemma="로" pos="X">로</wf>
         <wf lemma="내려가다." pos="X">내려가다.</wf>
      </sentence>
      <sentence id="d000.s094" source="wordnet-korean">
         <wf lemma="세월이" pos="X">세월이</wf>
         <wf lemma="여류하여" pos="X">여류하여</wf>
         <wf lemma="어언간" pos="X">어언간</wf>
         <wf lemma="백발이" pos="X">백발이</wf>
         <wf lemma="성성하니" pos="X">성성하니</wf>
         <wf lemma="만사가" pos="X">만사가</wf>
         <instance id="d000.s094.t000" lemma="와해" pos="NOUN">와해</instance>
         <wf lemma="로다." pos="X">로다.</wf>
      </sentence>
      <sentence id="d000.s095" source="wordnet-korean">
         <instance id="d000.s095.t000" lemma="어둠" pos="NOUN">어둠</instance>
         <wf lemma="을" pos="X">을</wf>
         <wf lemma="타고" pos="X">타고</wf>
         <wf lemma="공격하여" pos="X">공격하여</wf>
         <wf lemma="왔다." pos="X">왔다.</wf>
      </sentence>
      <sentence id="d000.s096" source="wordnet-korean">
         <instance id="d000.s096.t000" lemma="오류" pos="NOUN">오류</instance>
         <wf lemma="를" pos="X">를</wf>
         <wf lemma="범하다." pos="X">범하다.</wf>
      </sentence>
      <sentence id="d000.s097" source="wordnet-korean">
         <instance id="d000.s097.t000" lemma="소기" pos="NOUN">소기</instance>
         <wf lemma="의" pos="X">의</wf>
         <wf lemma="성과." pos="X">성과.</wf>
      </sentence>
      <sentence id="d000.s098" source="wordnet-korean">
         <wf lemma="경제" pos="X">경제</wf>
         <instance id="d000.s098.t000" lemma="교류" pos="NOUN">교류</instance>
         <wf lemma="." pos="X">.</wf>
      </sentence>
      <sentence id="d000.s099" source="wordnet-korean">
         <instance id="d000.s099.t000" lemma="경계" pos="NOUN">경계</instance>
         <wf lemma="측량." pos="X">측량.</wf>
      </sentence>
      <sentence id="d000.s100" source="wordnet-korean">
         <wf lemma="술" pos="X">술</wf>
         <instance id="d000.s100.t000" lemma="바람" pos="NOUN">바람</instance>
         <wf lemma="에" pos="X">에</wf>
         <wf lemma="할말을" pos="X">할말을</wf>
         <wf lemma="다했다." pos="X">다했다.</wf>
      </sentence>
      <sentence id="d000.s101" source="wordnet-korean">
         <wf lemma="시집" pos="X">시집</wf>
         <wf lemma="한" pos="X">한</wf>
         <instance id="d000.s101.t000" lemma="부" pos="NOUN">부</instance>
         <wf lemma="." pos="X">.</wf>
      </sentence>
      <sentence id="d000.s102" source="wordnet-korean">
         <instance id="d000.s102.t000" lemma="열정" pos="NOUN">열정</instance>
         <wf lemma="을" pos="X">을</wf>
         <wf lemma="쏟다." pos="X">쏟다.</wf>
      </sentence>
      <sentence id="d000.s103" source="wordnet-korean">
         <wf lemma="문화재" pos="X">문화재</wf>
         <instance id="d000.s103.t000" lemma="보존" pos="NOUN">보존</instance>
         <wf lemma="." pos="X">.</wf>
      </sentence>
      <sentence id="d000.s104" source="wordnet-korean">
         <wf lemma="돼지" pos="X">돼지</wf>
         <instance id="d000.s104.t000" lemma="대가리" pos="NOUN">대가리</instance>
         <wf lemma="." pos="X">.</wf>
      </sentence>
      <sentence id="d000.s105" source="wordnet-korean">
         <wf lemma="그의" pos="X">그의</wf>
         <wf lemma="이야기는" pos="X">이야기는</wf>
         <wf lemma="늘" pos="X">늘</wf>
         <wf lemma="들어도" pos="X">들어도</wf>
         <wf lemma="구수하고" pos="X">구수하고</wf>
         <instance id="d000.s105.t000" lemma="감칠맛" pos="NOUN">감칠맛</instance>
         <wf lemma="이" pos="X">이</wf>
         <wf lemma="난다." pos="X">난다.</wf>
      </sentence>
      <sentence id="d000.s106" source="wordnet-korean">
         <wf lemma="예쁜" pos="X">예쁜</wf>
         <instance id="d000.s106.t000" lemma="얼굴" pos="NOUN">얼굴</instance>
         <wf lemma="." pos="X">.</wf>
      </sentence>
      <sentence id="d000.s107" source="wordnet-korean">
         <instance id="d000.s107.t000" lemma="정신" pos="NOUN">정신</instance>
         <wf lemma="이" pos="X">이</wf>
         <wf lemma="좋다." pos="X">좋다.</wf>
      </sentence>
      <sentence id="d000.s108" source="wordnet-korean">
         <instance id="d000.s108.t000" lemma="공동" pos="NOUN">공동</instance>
         <wf lemma="책임." pos="X">책임.</wf>
      </sentence>
      <sentence id="d000.s109" source="wordnet-korean">
         <instance id="d000.s109.t000" lemma="양털" pos="NOUN">양털</instance>
         <wf lemma="모자." pos="X">모자.</wf>
      </sentence>
      <sentence id="d000.s110" source="wordnet-korean">
         <wf lemma="녹지" pos="X">녹지</wf>
         <instance id="d000.s110.t000" lemma="조성" pos="NOUN">조성</instance>
         <wf lemma="." pos="X">.</wf>
      </sentence>
      <sentence id="d000.s111" source="wordnet-korean">
         <instance id="d000.s111.t000" lemma="살인" pos="NOUN">살인</instance>
         <wf lemma="행위." pos="X">행위.</wf>
      </sentence>
      <sentence id="d000.s112" source="wordnet-korean">
         <wf lemma="공부" pos="X">공부</wf>
         <instance id="d000.s112.t000" lemma="방해" pos="NOUN">방해</instance>
         <wf lemma="." pos="X">.</wf>
      </sentence>
      <sentence id="d000.s113" source="wordnet-korean">
         <wf lemma="고층" pos="X">고층</wf>
         <instance id="d000.s113.t000" lemma="아파트" pos="NOUN">아파트</instance>
         <wf lemma="." pos="X">.</wf>
      </sentence>
      <sentence id="d000.s114" source="wordnet-korean">
         <wf lemma="부대" pos="X">부대</wf>
         <instance id="d000.s114.t000" lemma="이탈" pos="NOUN">이탈</instance>
         <wf lemma="." pos="X">.</wf>
      </sentence>
      <sentence id="d000.s115" source="wordnet-korean">
         <wf lemma="필요는" pos="X">필요는</wf>
         <wf lemma="발명의" pos="X">발명의</wf>
         <instance id="d000.s115.t000" lemma="어머니" pos="NOUN">어머니</instance>
         <wf lemma="." pos="X">.</wf>
      </sentence>
      <sentence id="d000.s116" source="wordnet-korean">
         <instance id="d000.s116.t000" lemma="쾌재" pos="NOUN">쾌재</instance>
         <wf lemma="로다!." pos="X">로다!.</wf>
      </sentence>
      <sentence id="d000.s117" source="wordnet-korean">
         <instance id="d000.s117.t000" lemma="연장" pos="NOUN">연장</instance>
         <wf lemma="근무." pos="X">근무.</wf>
      </sentence>
      <sentence id="d000.s118" source="wordnet-korean">
         <wf lemma="문명이" pos="X">문명이</wf>
         <wf lemma="꽃이라면" pos="X">꽃이라면</wf>
         <instance id="d000.s118.t000" lemma="야만" pos="NOUN">야만</instance>
         <wf lemma="은" pos="X">은</wf>
         <wf lemma="꽃봉오리다." pos="X">꽃봉오리다.</wf>
      </sentence>
      <sentence id="d000.s119" source="wordnet-korean">
         <wf lemma="차가타이" pos="X">차가타이</wf>
         <instance id="d000.s119.t000" lemma="칸" pos="NOUN">칸</instance>
         <wf lemma="." pos="X">.</wf>
      </sentence>
      <sentence id="d000.s120" source="wordnet-korean">
         <instance id="d000.s120.t000" lemma="약물" pos="NOUN">약물</instance>
         <wf lemma="치료." pos="X">치료.</wf>
      </sentence>
      <sentence id="d000.s121" source="wordnet-korean">
         <wf lemma="그" pos="X">그</wf>
         <wf lemma="일에" pos="X">일에</wf>
         <wf lemma="대한" pos="X">대한</wf>
         <instance id="d000.s121.t000" lemma="답신" pos="NOUN">답신</instance>
         <wf lemma="이" pos="X">이</wf>
         <wf lemma="있었다." pos="X">있었다.</wf>
      </sentence>
      <sentence id="d000.s122" source="wordnet-korean">
         <wf lemma="사건의" pos="X">사건의</wf>
         <instance id="d000.s122.t000" lemma="실마리" pos="NOUN">실마리</instance>
         <wf lemma="." pos="X">.</wf>
      </sentence>
      <sentence id="d000.s123" source="wordnet-korean">
         <wf lemma="늙은" pos="X">늙은</wf>
         <instance id="d000.s123.t000" lemma="세대" pos="NOUN">세대</instance>
         <wf lemma="." pos="X">.</wf>
      </sentence>
      <sentence id="d000.s124" source="wordnet-korean">
         <instance id="d000.s124.t000" lemma="각오" pos="NOUN">각오</instance>
         <wf lemma="가" pos="X">가</wf>
         <wf lemma="되어" pos="X">되어</wf>
         <wf lemma="있다." pos="X">있다.</wf>
      </sentence>
      <sentence id="d000.s125" source="wordnet-korean">
         <wf lemma="시의" pos="X">시의</wf>
         <instance id="d000.s125.t000" lemma="작법" pos="NOUN">작법</instance>
         <wf lemma="." pos="X">.</wf>
      </sentence>
      <sentence id="d000.s126" source="wordnet-korean">
         <instance id="d000.s126.t000" lemma="풀" pos="NOUN">풀</instance>
         <wf lemma="을" pos="X">을</wf>
         <wf lemma="먹이다." pos="X">먹이다.</wf>
      </sentence>
      <sentence id="d000.s127" source="wordnet-korean">
         <wf lemma="구구한" pos="X">구구한</wf>
         <instance id="d000.s127.t000" lemma="변명" pos="NOUN">변명</instance>
         <wf lemma="은" pos="X">은</wf>
         <wf lemma="듣기" pos="X">듣기</wf>
         <wf lemma="싫다." pos="X">싫다.</wf>
      </sentence>
      <sentence id="d000.s128" source="wordnet-korean">
         <wf lemma="인쇄" pos="X">인쇄</wf>
         <instance id="d000.s128.t000" lemma="용지" pos="NOUN">용지</instance>
         <wf lemma="." pos="X">.</wf>
      </sentence>
      <sentence id="d000.s129" source="wordnet-korean">
         <wf lemma="외딴집을" pos="X">외딴집을</wf>
         <instance id="d000.s129.t000" lemma="들어가다" pos="VERB">들어가다</instance>
         <wf lemma="." pos="X">.</wf>
      </sentence>
      <sentence id="d000.s130" source="wordnet-korean">
         <wf lemma="행정" pos="X">행정</wf>
         <instance id="d000.s130.t000" lemma="요원" pos="NOUN">요원</instance>
         <wf lemma="." pos="X">.</wf>
      </sentence>
      <sentence id="d000.s131" source="wordnet-korean">
         <wf lemma="정부" pos="X">정부</wf>
         <instance id="d000.s131.t000" lemma="당국" pos="NOUN">당국</instance>
         <wf lemma="." pos="X">.</wf>
      </sentence>
      <sentence id="d000.s132" source="wordnet-korean">
         <wf lemma="자녀" pos="X">자녀</wf>
         <instance id="d000.s132.t000" lemma="단속" pos="NOUN">단속</instance>
         <wf lemma="." pos="X">.</wf>
      </sentence>
      <sentence id="d000.s133" source="wordnet-korean">
         <wf lemma="그의" pos="X">그의</wf>
         <wf lemma="목소리는" pos="X">목소리는</wf>
         <instance id="d000.s133.t000" lemma="분노" pos="NOUN">분노</instance>
         <wf lemma="에" pos="X">에</wf>
         <wf lemma="차" pos="X">차</wf>
         <wf lemma="있었다." pos="X">있었다.</wf>
      </sentence>
      <sentence id="d000.s134" source="wordnet-korean">
         <wf lemma="붉은" pos="X">붉은</wf>
         <instance id="d000.s134.t000" lemma="바탕" pos="NOUN">바탕</instance>
         <wf lemma="에" pos="X">에</wf>
         <wf lemma="글씨를" pos="X">글씨를</wf>
         <wf lemma="쓴다." pos="X">쓴다.</wf>
      </sentence>
      <sentence id="d000.s135" source="wordnet-korean">
         <instance id="d000.s135.t000" lemma="구멍" pos="NOUN">구멍</instance>
         <wf lemma="을" pos="X">을</wf>
         <wf lemma="내다(파다)." pos="X">내다(파다).</wf>
      </sentence>
      <sentence id="d000.s136" source="wordnet-korean">
         <instance id="d000.s136.t000" lemma="극형" pos="NOUN">극형</instance>
         <wf lemma="에" pos="X">에</wf>
         <wf lemma="처하다." pos="X">처하다.</wf>
      </sentence>
      <sentence id="d000.s137" source="wordnet-korean">
         <instance id="d000.s137.t000" lemma="귀결" pos="NOUN">귀결</instance>
         <wf lemma="이" pos="X">이</wf>
         <wf lemma="나다." pos="X">나다.</wf>
      </sentence>
      <sentence id="d000.s138" source="wordnet-korean">
         <wf lemma="빨래를" pos="X">빨래를</wf>
         <instance id="d000.s138.t000" lemma="말리다" pos="VERB">말리다</instance>
         <wf lemma="." pos="X">.</wf>
      </sentence>
      <sentence id="d000.s139" source="wordnet-korean">
         <instance id="d000.s139.t000" lemma="요사이" pos="NOUN">요사이</instance>
         <wf lemma="지출이" pos="X">지출이</wf>
         <wf lemma="많다." pos="X">많다.</wf>
      </sentence>
      <sentence id="d000.s140" source="wordnet-korean">
         <instance id="d000.s140.t000" lemma="불효" pos="NOUN">불효</instance>
         <wf lemma="자식." pos="X">자식.</wf>
      </sentence>
      <sentence id="d000.s141" source="wordnet-korean">
         <instance id="d000.s141.t000" lemma="낮" pos="NOUN">낮</instance>
         <wf lemma="에는" pos="X">에는</wf>
         <wf lemma="무척" pos="X">무척</wf>
         <wf lemma="뜨거운" pos="X">뜨거운</wf>
         <wf lemma="날씨였다." pos="X">날씨였다.</wf>
      </sentence>
      <sentence id="d000.s142" source="wordnet-korean">
         <instance id="d000.s142.t000" lemma="신뢰" pos="NOUN">신뢰</instance>
         <wf lemma="를" pos="X">를</wf>
         <wf lemma="보이다." pos="X">보이다.</wf>
      </sentence>
      <sentence id="d000.s143" source="wordnet-korean">
         <wf lemma="손에" pos="X">손에</wf>
         <instance id="d000.s143.t000" lemma="땀" pos="NOUN">땀</instance>
         <wf lemma="을" pos="X">을</wf>
         <wf lemma="쥔다." pos="X">쥔다.</wf>
      </sentence>
      <sentence id="d000.s144" source="wordnet-korean">
         <instance id="d000.s144.t000" lemma="눈" pos="NOUN">눈</instance>
         <wf lemma="이" pos="X">이</wf>
         <wf lemma="내린다." pos="X">내린다.</wf>
      </sentence>
      <sentence id="d000.s145" source="wordnet-korean">
         <wf lemma="제" pos="X">제</wf>
         <instance id="d000.s145.t000" lemma="가치" pos="NOUN">가치</instance>
         <wf lemma="를" pos="X">를</wf>
         <wf lemma="지닌" pos="X">지닌</wf>
         <wf lemma="물건." pos="X">물건.</wf>
      </sentence>
      <sentence id="d000.s146" source="wordnet-korean">
         <wf lemma="같은" pos="X">같은</wf>
         <instance id="d000.s146.t000" lemma="계열" pos="NOUN">계열</instance>
         <wf lemma="." pos="X">.</wf>
      </sentence>
      <sentence id="d000.s147" source="wordnet-korean">
         <instance id="d000.s147.t000" lemma="주" pos="NOUN">주</instance>
         <wf lemma="1회의" pos="X">1회의</wf>
         <wf lemma="연구" pos="X">연구</wf>
         <wf lemma="발표." pos="X">발표.</wf>
      </sentence>
      <sentence id="d000.s148" source="wordnet-korean">
         <instance id="d000.s148.t000" lemma="유효" pos="NOUN">유효</instance>
         <wf lemma="적절." pos="X">적절.</wf>
      </sentence>
      <sentence id="d000.s149" source="wordnet-korean">
         <instance id="d000.s149.t000" lemma="분통" pos="NOUN">분통</instance>
         <wf lemma="이" pos="X">이</wf>
         <wf lemma="터질" pos="X">터질</wf>
         <wf lemma="노릇." pos="X">노릇.</wf>
      </sentence>
      <sentence id="d000.s150" source="wordnet-korean">
         <wf lemma="시합" pos="X">시합</wf>
         <instance id="d000.s150.t000" lemma="상대" pos="NOUN">상대</instance>
         <wf lemma="." pos="X">.</wf>
      </sentence>
      <sentence id="d000.s151" source="wordnet-korean">
         <instance id="d000.s151.t000" lemma="볼" pos="NOUN">볼</instance>
         <wf lemma="이" pos="X">이</wf>
         <wf lemma="쑥" pos="X">쑥</wf>
         <wf lemma="들어가" pos="X">들어가</wf>
         <wf lemma="있다." pos="X">있다.</wf>
      </sentence>
      <sentence id="d000.s152" source="wordnet-korean">
         <wf lemma="우리" pos="X">우리</wf>
         <instance id="d000.s152.t000" lemma="보조" pos="NOUN">보조</instance>
         <wf lemma="를" pos="X">를</wf>
         <wf lemma="맞춰서" pos="X">맞춰서</wf>
         <wf lemma="일을" pos="X">일을</wf>
         <wf lemma="하자." pos="X">하자.</wf>
      </sentence>
      <sentence id="d000.s153" source="wordnet-korean">
         <wf lemma="밤" pos="X">밤</wf>
         <instance id="d000.s153.t000" lemma="톨" pos="NOUN">톨</instance>
         <wf lemma="이나" pos="X">이나</wf>
         <wf lemma="주웠다." pos="X">주웠다.</wf>
      </sentence>
      <sentence id="d000.s154" source="wordnet-korean">
         <wf lemma="예습과" pos="X">예습과</wf>
         <instance id="d000.s154.t000" lemma="복습" pos="NOUN">복습</instance>
         <wf lemma="." pos="X">.</wf>
      </sentence>
      <sentence id="d000.s155" source="wordnet-korean">
         <instance id="d000.s155.t000" lemma="잠" pos="NOUN">잠</instance>
         <wf lemma="을" pos="X">을</wf>
         <wf lemma="깨다." pos="X">깨다.</wf>
      </sentence>
      <sentence id="d000.s156" source="wordnet-korean">
         <wf lemma="어색한" pos="X">어색한</wf>
         <instance id="d000.s156.t000" lemma="몸짓" pos="NOUN">몸짓</instance>
         <wf lemma="." pos="X">.</wf>
      </sentence>
      <sentence id="d000.s157" source="wordnet-korean">
         <instance id="d000.s157.t000" lemma="꼴" pos="NOUN">꼴</instance>
         <wf lemma="이" pos="X">이</wf>
         <wf lemma="사납다." pos="X">사납다.</wf>
      </sentence>
      <sentence id="d000.s158" source="wordnet-korean">
         <wf lemma="그에게" pos="X">그에게</wf>
         <instance id="d000.s158.t000" lemma="짐" pos="NOUN">짐</instance>
         <wf lemma="이" pos="X">이</wf>
         <wf lemma="될" pos="X">될</wf>
         <wf lemma="부탁이라면" pos="X">부탁이라면</wf>
         <wf lemma="하지" pos="X">하지</wf>
         <wf lemma="않겠다." pos="X">않겠다.</wf>
      </sentence>
      <sentence id="d000.s159" source="wordnet-korean">
         <wf lemma="검정" pos="X">검정</wf>
         <instance id="d000.s159.t000" lemma="교과서" pos="NOUN">교과서</instance>
         <wf lemma="." pos="X">.</wf>
      </sentence>
      <sentence id="d000.s160" source="wordnet-korean">
         <wf lemma="달리던" pos="X">달리던</wf>
         <wf lemma="차가" pos="X">차가</wf>
         <instance id="d000.s160.t000" lemma="돌연" pos="NOUN">돌연</instance>
         <wf lemma="멈추었다." pos="X">멈추었다.</wf>
      </sentence>
      <sentence id="d000.s161" source="wordnet-korean">
         <instance id="d000.s161.t000" lemma="동정" pos="NOUN">동정</instance>
         <wf lemma="을" pos="X">을</wf>
         <wf lemma="살피다." pos="X">살피다.</wf>
      </sentence>
      <sentence id="d000.s162" source="wordnet-korean">
         <instance id="d000.s162.t000" lemma="선" pos="NOUN">선</instance>
         <wf lemma="을" pos="X">을</wf>
         <wf lemma="치다." pos="X">치다.</wf>
      </sentence>
      <sentence id="d000.s163" source="wordnet-korean">
         <wf lemma="두" pos="X">두</wf>
         <wf lemma="나라" pos="X">나라</wf>
         <instance id="d000.s163.t000" lemma="정상" pos="NOUN">정상</instance>
         <wf lemma="이" pos="X">이</wf>
         <wf lemma="모여" pos="X">모여</wf>
         <wf lemma="회담하다." pos="X">회담하다.</wf>
      </sentence>
      <sentence id="d000.s164" source="wordnet-korean">
         <instance id="d000.s164.t000" lemma="힘줄" pos="NOUN">힘줄</instance>
         <wf lemma="이" pos="X">이</wf>
         <wf lemma="땅기다." pos="X">땅기다.</wf>
      </sentence>
      <sentence id="d000.s165" source="wordnet-korean">
         <instance id="d000.s165.t000" lemma="파" pos="NOUN">파</instance>
         <wf lemma="를" pos="X">를</wf>
         <wf lemma="만들다." pos="X">만들다.</wf>
      </sentence>
      <sentence id="d000.s166" source="wordnet-korean">
         <wf lemma="철학은" pos="X">철학은</wf>
         <wf lemma="모든" pos="X">모든</wf>
         <wf lemma="학문의" pos="X">학문의</wf>
         <instance id="d000.s166.t000" lemma="기초" pos="NOUN">기초</instance>
         <wf lemma="이자" pos="X">이자</wf>
         <wf lemma="궁극이다." pos="X">궁극이다.</wf>
      </sentence>
      <sentence id="d000.s167" source="wordnet-korean">
         <wf lemma="범죄" pos="X">범죄</wf>
         <instance id="d000.s167.t000" lemma="비호" pos="NOUN">비호</instance>
         <wf lemma="." pos="X">.</wf>
      </sentence>
      <sentence id="d000.s168" source="wordnet-korean">
         <wf lemma="선풍기의" pos="X">선풍기의</wf>
         <instance id="d000.s168.t000" lemma="날개" pos="NOUN">날개</instance>
         <wf lemma="." pos="X">.</wf>
      </sentence>
      <sentence id="d000.s169" source="wordnet-korean">
         <instance id="d000.s169.t000" lemma="자비" pos="NOUN">자비</instance>
         <wf lemma="를" pos="X">를</wf>
         <wf lemma="베풀다." pos="X">베풀다.</wf>
      </sentence>
      <sentence id="d000.s170" source="wordnet-korean">
         <wf lemma="주체" pos="X">주체</wf>
         <instance id="d000.s170.t000" lemma="의식" pos="NOUN">의식</instance>
         <wf lemma="." pos="X">.</wf>
      </sentence>
      <sentence id="d000.s171" source="wordnet-korean">
         <wf lemma="10분의" pos="X">10분의</wf>
         <wf lemma="5는" pos="X">5는</wf>
         <wf lemma="5" pos="X">5</wf>
         <instance id="d000.s171.t000" lemma="할" pos="NOUN">할</instance>
         <wf lemma="이다." pos="X">이다.</wf>
      </sentence>
      <sentence id="d000.s172" source="wordnet-korean">
         <wf lemma="상감의" pos="X">상감의</wf>
         <instance id="d000.s172.t000" lemma="성명" pos="NOUN">성명</instance>
         <wf lemma="이" pos="X">이</wf>
         <wf lemma="일월" pos="X">일월</wf>
         <wf lemma="같사오니." pos="X">같사오니.</wf>
      </sentence>
      <sentence id="d000.s173" source="wordnet-korean">
         <wf lemma="술의" pos="X">술의</wf>
         <instance id="d000.s173.t000" lemma="양" pos="NOUN">양</instance>
         <wf lemma="이" pos="X">이</wf>
         <wf lemma="큰" pos="X">큰</wf>
         <wf lemma="사람." pos="X">사람.</wf>
      </sentence>
      <sentence id="d000.s174" source="wordnet-korean">
         <wf lemma="남의" pos="X">남의</wf>
         <wf lemma="잘못을" pos="X">잘못을</wf>
         <instance id="d000.s174.t000" lemma="아량" pos="NOUN">아량</instance>
         <wf lemma="있게" pos="X">있게</wf>
         <wf lemma="이해하다." pos="X">이해하다.</wf>
      </sentence>
      <sentence id="d000.s175" source="wordnet-korean">
         <wf lemma="마을" pos="X">마을</wf>
         <wf lemma="사람" pos="X">사람</wf>
         <wf lemma="모두가" pos="X">모두가</wf>
         <instance id="d000.s175.t000" lemma="몰살" pos="NOUN">몰살</instance>
         <wf lemma="되었다." pos="X">되었다.</wf>
      </sentence>
      <sentence id="d000.s176" source="wordnet-korean">
         <wf lemma="장작" pos="X">장작</wf>
         <instance id="d000.s176.t000" lemma="사이" pos="NOUN">사이</instance>
         <wf lemma="." pos="X">.</wf>
      </sentence>
      <sentence id="d000.s177" source="wordnet-korean">
         <wf lemma="여자의" pos="X">여자의</wf>
         <instance id="d000.s177.t000" lemma="무기" pos="NOUN">무기</instance>
         <wf lemma="는" pos="X">는</wf>
         <wf lemma="눈물이다." pos="X">눈물이다.</wf>
      </sentence>
      <sentence id="d000.s178" source="wordnet-korean">
         <instance id="d000.s178.t000" lemma="경내" pos="NOUN">경내</instance>
         <wf lemma="에" pos="X">에</wf>
         <wf lemma="들어서다." pos="X">들어서다.</wf>
      </sentence>
      <sentence id="d000.s179" source="wordnet-korean">
         <instance id="d000.s179.t000" lemma="피로" pos="NOUN">피로</instance>
         <wf lemma="가" pos="X">가</wf>
         <wf lemma="겹치다." pos="X">겹치다.</wf>
      </sentence>
      <sentence id="d000.s180" source="wordnet-korean">
         <wf lemma="긴급" pos="X">긴급</wf>
         <instance id="d000.s180.t000" lemma="동의" pos="NOUN">동의</instance>
         <wf lemma="." pos="X">.</wf>
      </sentence>
      <sentence id="d000.s181" source="wordnet-korean">
         <instance id="d000.s181.t000" lemma="이상" pos="NOUN">이상</instance>
         <wf lemma="기후." pos="X">기후.</wf>
      </sentence>
      <sentence id="d000.s182" source="wordnet-korean">
         <instance id="d000.s182.t000" lemma="강심" pos="NOUN">강심</instance>
         <wf lemma="이" pos="X">이</wf>
         <wf lemma="깊다." pos="X">깊다.</wf>
      </sentence>
      <sentence id="d000.s183" source="wordnet-korean">
         <wf lemma="시험" pos="X">시험</wf>
         <instance id="d000.s183.t000" lemma="과목" pos="NOUN">과목</instance>
         <wf lemma="." pos="X">.</wf>
      </sentence>
      <sentence id="d000.s184" source="wordnet-korean">
         <instance id="d000.s184.t000" lemma="담배" pos="NOUN">담배</instance>
         <wf lemma="는" pos="X">는</wf>
         <wf lemma="건강에" pos="X">건강에</wf>
         <wf lemma="나쁘다." pos="X">나쁘다.</wf>
      </sentence>
      <sentence id="d000.s185" source="wordnet-korean">
         <instance id="d000.s185.t000" lemma="소문" pos="NOUN">소문</instance>
         <wf lemma="이" pos="X">이</wf>
         <wf lemma="돌다." pos="X">돌다.</wf>
      </sentence>
      <sentence id="d000.s186" source="wordnet-korean">
         <instance id="d000.s186.t000" lemma="내용" pos="NOUN">내용</instance>
         <wf lemma="이" pos="X">이</wf>
         <wf lemma="무엇이냐." pos="X">무엇이냐.</wf>
      </sentence>
      <sentence id="d000.s187" source="wordnet-korean">
         <wf lemma="그것은" pos="X">그것은</wf>
         <wf lemma="순전히" pos="X">순전히</wf>
         <wf lemma="그의" pos="X">그의</wf>
         <instance id="d000.s187.t000" lemma="사기" pos="NOUN">사기</instance>
         <wf lemma="였다." pos="X">였다.</wf>
      </sentence>
      <sentence id="d000.s188" source="wordnet-korean">
         <instance id="d000.s188.t000" lemma="불" pos="NOUN">불</instance>
         <wf lemma="이" pos="X">이</wf>
         <wf lemma="밝다." pos="X">밝다.</wf>
      </sentence>
      <sentence id="d000.s189" source="wordnet-korean">
         <instance id="d000.s189.t000" lemma="생존" pos="NOUN">생존</instance>
         <wf lemma="을" pos="X">을</wf>
         <wf lemma="위한" pos="X">위한</wf>
         <wf lemma="환경" pos="X">환경</wf>
         <wf lemma="적응." pos="X">적응.</wf>
      </sentence>
      <sentence id="d000.s190" source="wordnet-korean">
         <instance id="d000.s190.t000" lemma="싹수" pos="NOUN">싹수</instance>
         <wf lemma="가" pos="X">가</wf>
         <wf lemma="틀린" pos="X">틀린</wf>
         <wf lemma="줄" pos="X">줄</wf>
         <wf lemma="알면서도…." pos="X">알면서도….</wf>
      </sentence>
      <sentence id="d000.s191" source="wordnet-korean">
         <wf lemma="그렇게" pos="X">그렇게</wf>
         <wf lemma="분명" pos="X">분명</wf>
         <wf lemma="알" pos="X">알</wf>
         <instance id="d000.s191.t000" lemma="말" pos="NOUN">말</instance>
         <wf lemma="이면," pos="X">이면,</wf>
         <wf lemma="누가" pos="X">누가</wf>
         <wf lemma="집어" pos="X">집어</wf>
         <wf lemma="갔는지도" pos="X">갔는지도</wf>
         <wf lemma="알게" pos="X">알게</wf>
         <wf lemma="아닌가." pos="X">아닌가.</wf>
      </sentence>
      <sentence id="d000.s192" source="wordnet-korean">
         <wf lemma="정부" pos="X">정부</wf>
         <instance id="d000.s192.t000" lemma="요원" pos="NOUN">요원</instance>
         <wf lemma="." pos="X">.</wf>
      </sentence>
      <sentence id="d000.s193" source="wordnet-korean">
         <instance id="d000.s193.t000" lemma="상" pos="NOUN">상</instance>
         <wf lemma="을" pos="X">을</wf>
         <wf lemma="받다." pos="X">받다.</wf>
      </sentence>
      <sentence id="d000.s194" source="wordnet-korean">
         <instance id="d000.s194.t000" lemma="과실" pos="NOUN">과실</instance>
         <wf lemma="과" pos="X">과</wf>
         <wf lemma="책임." pos="X">책임.</wf>
      </sentence>
      <sentence id="d000.s195" source="wordnet-korean">
         <instance id="d000.s195.t000" lemma="부끄러움" pos="NOUN">부끄러움</instance>
         <wf lemma="을" pos="X">을</wf>
         <wf lemma="감추지" pos="X">감추지</wf>
         <wf lemma="못한다." pos="X">못한다.</wf>
      </sentence>
      <sentence id="d000.s196" source="wordnet-korean">
         <wf lemma="위급한" pos="X">위급한</wf>
         <instance id="d000.s196.t000" lemma="시기" pos="NOUN">시기</instance>
         <wf lemma="." pos="X">.</wf>
      </sentence>
      <sentence id="d000.s197" source="wordnet-korean">
         <instance id="d000.s197.t000" lemma="출처" pos="NOUN">출처</instance>
         <wf lemma="가" pos="X">가</wf>
         <wf lemma="모호하다." pos="X">모호하다.</wf>
      </sentence>
      <sentence id="d000.s198" source="wordnet-korean">
         <instance id="d000.s198.t000" lemma="지금" pos="NOUN">지금</instance>
         <wf lemma="곧" pos="X">곧</wf>
         <wf lemma="떠난다." pos="X">떠난다.</wf>
      </sentence>
      <sentence id="d000.s199" source="wordnet-korean">
         <instance id="d000.s199.t000" lemma="총알" pos="NOUN">총알</instance>
         <wf lemma="이" pos="X">이</wf>
         <wf lemma="날아온다." pos="X">날아온다.</wf>
      </sentence>
      <sentence id="d000.s200" source="wordnet-korean">
         <wf lemma="공부에만" pos="X">공부에만</wf>
         <instance id="d000.s200.t000" lemma="마음" pos="NOUN">마음</instance>
         <wf lemma="을" pos="X">을</wf>
         <wf lemma="두다." pos="X">두다.</wf>
      </sentence>
      <sentence id="d000.s201" source="wordnet-korean">
         <wf lemma="실제" pos="X">실제</wf>
         <wf lemma="쓰일" pos="X">쓰일</wf>
         <wf lemma="것은" pos="X">것은</wf>
         <wf lemma="두" pos="X">두</wf>
         <wf lemma="벌인데" pos="X">벌인데</wf>
         <instance id="d000.s201.t000" lemma="여벌" pos="NOUN">여벌</instance>
         <wf lemma="로" pos="X">로</wf>
         <wf lemma="한" pos="X">한</wf>
         <wf lemma="벌" pos="X">벌</wf>
         <wf lemma="더" pos="X">더</wf>
         <wf lemma="만들었습니다." pos="X">만들었습니다.</wf>
      </sentence>
      <sentence id="d000.s202" source="wordnet-korean">
         <instance id="d000.s202.t000" lemma="개봉" pos="NOUN">개봉</instance>
         <wf lemma="박두." pos="X">박두.</wf>
      </sentence>
      <sentence id="d000.s203" source="wordnet-korean">
         <wf lemma="예술의" pos="X">예술의</wf>
         <instance id="d000.s203.t000" lemma="세계" pos="NOUN">세계</instance>
         <wf lemma="." pos="X">.</wf>
      </sentence>
      <sentence id="d000.s204" source="wordnet-korean">
         <wf lemma="강한" pos="X">강한</wf>
         <instance id="d000.s204.t000" lemma="군대" pos="NOUN">군대</instance>
         <wf lemma="." pos="X">.</wf>
      </sentence>
      <sentence id="d000.s205" source="wordnet-korean">
         <wf lemma="이틀" pos="X">이틀</wf>
         <wf lemma="간의" pos="X">간의</wf>
         <instance id="d000.s205.t000" lemma="간극" pos="NOUN">간극</instance>
         <wf lemma="이" pos="X">이</wf>
         <wf lemma="생기다." pos="X">생기다.</wf>
      </sentence>
      <sentence id="d000.s206" source="wordnet-korean">
         <instance id="d000.s206.t000" lemma="날" pos="NOUN">날</instance>
         <wf lemma="이" pos="X">이</wf>
         <wf lemma="저물다." pos="X">저물다.</wf>
      </sentence>
      <sentence id="d000.s207" source="wordnet-korean">
         <instance id="d000.s207.t000" lemma="뭉치" pos="NOUN">뭉치</instance>
         <wf lemma="가" pos="X">가</wf>
         <wf lemma="크게" pos="X">크게</wf>
         <wf lemma="되었다." pos="X">되었다.</wf>
      </sentence>
      <sentence id="d000.s208" source="wordnet-korean">
         <wf lemma="북쪽" pos="X">북쪽</wf>
         <instance id="d000.s208.t000" lemma="방향" pos="NOUN">방향</instance>
         <wf lemma="." pos="X">.</wf>
      </sentence>
      <sentence id="d000.s209" source="wordnet-korean">
         <wf lemma="아스팔트" pos="X">아스팔트</wf>
         <instance id="d000.s209.t000" lemma="길" pos="NOUN">길</instance>
         <wf lemma="." pos="X">.</wf>
      </sentence>
      <sentence id="d000.s210" source="wordnet-korean">
         <wf lemma="송도" pos="X">송도</wf>
         <wf lemma="임안에" pos="X">임안에</wf>
         <instance id="d000.s210.t000" lemma="여명" pos="NOUN">여명</instance>
         <wf lemma="을" pos="X">을</wf>
         <wf lemma="간신히" pos="X">간신히</wf>
         <wf lemma="유지하고" pos="X">유지하고</wf>
         <wf lemma="있던" pos="X">있던</wf>
         <wf lemma="송의" pos="X">송의</wf>
         <wf lemma="잔존" pos="X">잔존</wf>
         <wf lemma="세력이…." pos="X">세력이….</wf>
      </sentence>
      <sentence id="d000.s211" source="wordnet-korean">
         <instance id="d000.s211.t000" lemma="맵시" pos="NOUN">맵시</instance>
         <wf lemma="있는" pos="X">있는</wf>
         <wf lemma="몸매." pos="X">몸매.</wf>
      </sentence>
      <sentence id="d000.s212" source="wordnet-korean">
         <instance id="d000.s212.t000" lemma="성공" pos="NOUN">성공</instance>
         <wf lemma="을" pos="X">을</wf>
         <wf lemma="축하하다." pos="X">축하하다.</wf>
      </sentence>
      <sentence id="d000.s213" source="wordnet-korean">
         <wf lemma="선수들은" pos="X">선수들은</wf>
         <wf lemma="제" pos="X">제</wf>
         <instance id="d000.s213.t000" lemma="기량" pos="NOUN">기량</instance>
         <wf lemma="을" pos="X">을</wf>
         <wf lemma="마음껏" pos="X">마음껏</wf>
         <wf lemma="발휘하여" pos="X">발휘하여</wf>
         <wf lemma="관중들의" pos="X">관중들의</wf>
         <wf lemma="박수갈채를" pos="X">박수갈채를</wf>
         <wf lemma="받았다." pos="X">받았다.</wf>
      </sentence>
      <sentence id="d000.s214" source="wordnet-korean">
         <wf lemma="배운" pos="X">배운</wf>
         <wf lemma="바를" pos="X">바를</wf>
         <instance id="d000.s214.t000" lemma="토대" pos="NOUN">토대</instance>
         <wf lemma="로" pos="X">로</wf>
         <wf lemma="하여" pos="X">하여</wf>
         <wf lemma="실무를" pos="X">실무를</wf>
         <wf lemma="익힌다." pos="X">익힌다.</wf>
      </sentence>
      <sentence id="d000.s215" source="wordnet-korean">
         <wf lemma="노래를" pos="X">노래를</wf>
         <wf lemma="즐기는" pos="X">즐기는</wf>
         <instance id="d000.s215.t000" lemma="성미" pos="NOUN">성미</instance>
         <wf lemma="." pos="X">.</wf>
      </sentence>
      <sentence id="d000.s216" source="wordnet-korean">
         <wf lemma="그" pos="X">그</wf>
         <instance id="d000.s216.t000" lemma="밖" pos="NOUN">밖</instance>
         <wf lemma="의" pos="X">의</wf>
         <wf lemma="일." pos="X">일.</wf>
      </sentence>
      <sentence id="d000.s217" source="wordnet-korean">
         <instance id="d000.s217.t000" lemma="불길" pos="NOUN">불길</instance>
         <wf lemma="이" pos="X">이</wf>
         <wf lemma="가라앉았다." pos="X">가라앉았다.</wf>
      </sentence>
      <sentence id="d000.s218" source="wordnet-korean">
         <instance id="d000.s218.t000" lemma="막후" pos="NOUN">막후</instance>
         <wf lemma="의" pos="X">의</wf>
         <wf lemma="인물." pos="X">인물.</wf>
      </sentence>
      <sentence id="d000.s219" source="wordnet-korean">
         <instance id="d000.s219.t000" lemma="여류" pos="NOUN">여류</instance>
         <wf lemma="비행가." pos="X">비행가.</wf>
      </sentence>
      <sentence id="d000.s220" source="wordnet-korean">
         <wf lemma="먹은" pos="X">먹은</wf>
         <wf lemma="것이" pos="X">것이</wf>
         <instance id="d000.s220.t000" lemma="성금" pos="NOUN">성금</instance>
         <wf lemma="에" pos="X">에</wf>
         <wf lemma="안" pos="X">안</wf>
         <wf lemma="간다." pos="X">간다.</wf>
      </sentence>
      <sentence id="d000.s221" source="wordnet-korean">
         <instance id="d000.s221.t000" lemma="힘" pos="NOUN">힘</instance>
         <wf lemma="이" pos="X">이</wf>
         <wf lemma="세다." pos="X">세다.</wf>
      </sentence>
      <sentence id="d000.s222" source="wordnet-korean">
         <wf lemma="사실주의적" pos="X">사실주의적</wf>
         <wf lemma="입장에서는" pos="X">입장에서는</wf>
         <wf lemma="문학" pos="X">문학</wf>
         <wf lemma="작품에" pos="X">작품에</wf>
         <wf lemma="나타난" pos="X">나타난</wf>
         <instance id="d000.s222.t000" lemma="현실성" pos="NOUN">현실성</instance>
         <wf lemma="을" pos="X">을</wf>
         <wf lemma="매우" pos="X">매우</wf>
         <wf lemma="중요시한다." pos="X">중요시한다.</wf>
      </sentence>
      <sentence id="d000.s223" source="wordnet-korean">
         <wf lemma="암과" pos="X">암과</wf>
         <instance id="d000.s223.t000" lemma="수" pos="NOUN">수</instance>
         <wf lemma="의" pos="X">의</wf>
         <wf lemma="구별." pos="X">구별.</wf>
      </sentence>
      <sentence id="d000.s224" source="wordnet-korean">
         <wf lemma="직장" pos="X">직장</wf>
         <instance id="d000.s224.t000" lemma="대항" pos="NOUN">대항</instance>
         <wf lemma="경기." pos="X">경기.</wf>
      </sentence>
      <sentence id="d000.s225" source="wordnet-korean">
         <wf lemma="맑은(흐린)" pos="X">맑은(흐린)</wf>
         <instance id="d000.s225.t000" lemma="날씨" pos="NOUN">날씨</instance>
         <wf lemma="." pos="X">.</wf>
      </sentence>
      <sentence id="d000.s226" source="wordnet-korean">
         <wf lemma="신문팔이의" pos="X">신문팔이의</wf>
         <instance id="d000.s226.t000" lemma="외침" pos="NOUN">외침</instance>
         <wf lemma="소리." pos="X">소리.</wf>
      </sentence>
      <sentence id="d000.s227" source="wordnet-korean">
         <wf lemma="경인" pos="X">경인</wf>
         <instance id="d000.s227.t000" lemma="가도" pos="NOUN">가도</instance>
         <wf lemma="." pos="X">.</wf>
      </sentence>
      <sentence id="d000.s228" source="wordnet-korean">
         <instance id="d000.s228.t000" lemma="씨" pos="NOUN">씨</instance>
         <wf lemma="없는" pos="X">없는</wf>
         <wf lemma="수박." pos="X">수박.</wf>
      </sentence>
      <sentence id="d000.s229" source="wordnet-korean">
         <instance id="d000.s229.t000" lemma="문장" pos="NOUN">문장</instance>
         <wf lemma="을" pos="X">을</wf>
         <wf lemma="잘" pos="X">잘</wf>
         <wf lemma="쓰다." pos="X">쓰다.</wf>
      </sentence>
      <sentence id="d000.s230" source="wordnet-korean">
         <instance id="d000.s230.t000" lemma="말씀" pos="NOUN">말씀</instance>
         <wf lemma="드리다." pos="X">드리다.</wf>
      </sentence>
      <sentence id="d000.s231" source="wordnet-korean">
         <instance id="d000.s231.t000" lemma="변화" pos="NOUN">변화</instance>
         <wf lemma="를" pos="X">를</wf>
         <wf lemma="일으킨다." pos="X">일으킨다.</wf>
      </sentence>
      <sentence id="d000.s232" source="wordnet-korean">
         <instance id="d000.s232.t000" lemma="시야" pos="NOUN">시야</instance>
         <wf lemma="가" pos="X">가</wf>
         <wf lemma="좁다." pos="X">좁다.</wf>
      </sentence>
      <sentence id="d000.s233" source="wordnet-korean">
         <wf lemma="손수건을" pos="X">손수건을</wf>
         <wf lemma="네" pos="X">네</wf>
         <instance id="d000.s233.t000" lemma="폭" pos="NOUN">폭</instance>
         <wf lemma="으로" pos="X">으로</wf>
         <wf lemma="접었다." pos="X">접었다.</wf>
      </sentence>
      <sentence id="d000.s234" source="wordnet-korean">
         <wf lemma="선동적인" pos="X">선동적인</wf>
         <instance id="d000.s234.t000" lemma="말투" pos="NOUN">말투</instance>
         <wf lemma="." pos="X">.</wf>
      </sentence>
      <sentence id="d000.s235" source="wordnet-korean">
         <wf lemma="나라의" pos="X">나라의</wf>
         <wf lemma="발전한" pos="X">발전한</wf>
         <instance id="d000.s235.t000" lemma="모습" pos="NOUN">모습</instance>
         <wf lemma="." pos="X">.</wf>
      </sentence>
      <sentence id="d000.s236" source="wordnet-korean">
         <instance id="d000.s236.t000" lemma="도움" pos="NOUN">도움</instance>
         <wf lemma="을" pos="X">을</wf>
         <wf lemma="바라다." pos="X">바라다.</wf>
      </sentence>
      <sentence id="d000.s237" source="wordnet-korean">
         <wf lemma="달래는" pos="X">달래는</wf>
         <instance id="d000.s237.t000" lemma="투" pos="NOUN">투</instance>
         <wf lemma="로" pos="X">로</wf>
         <wf lemma="타일렀다." pos="X">타일렀다.</wf>
      </sentence>
      <sentence id="d000.s238" source="wordnet-korean">
         <wf lemma="부처님의" pos="X">부처님의</wf>
         <instance id="d000.s238.t000" lemma="가호" pos="NOUN">가호</instance>
         <wf lemma="를" pos="X">를</wf>
         <wf lemma="빌다." pos="X">빌다.</wf>
      </sentence>
      <sentence id="d000.s239" source="wordnet-korean">
         <instance id="d000.s239.t000" lemma="뱃속" pos="NOUN">뱃속</instance>
         <wf lemma="을" pos="X">을</wf>
         <wf lemma="알" pos="X">알</wf>
         <wf lemma="수" pos="X">수</wf>
         <wf lemma="없다." pos="X">없다.</wf>
      </sentence>
      <sentence id="d000.s240" source="wordnet-korean">
         <wf lemma="적정" pos="X">적정</wf>
         <instance id="d000.s240.t000" lemma="관측" pos="NOUN">관측</instance>
         <wf lemma="." pos="X">.</wf>
      </sentence>
      <sentence id="d000.s241" source="wordnet-korean">
         <wf lemma="사과" pos="X">사과</wf>
         <instance id="d000.s241.t000" lemma="반쪽" pos="NOUN">반쪽</instance>
         <wf lemma="." pos="X">.</wf>
      </sentence>
      <sentence id="d000.s242" source="wordnet-korean">
         <wf lemma="신문" pos="X">신문</wf>
         <instance id="d000.s242.t000" lemma="제작" pos="NOUN">제작</instance>
         <wf lemma="." pos="X">.</wf>
      </sentence>
      <sentence id="d000.s243" source="wordnet-korean">
         <instance id="d000.s243.t000" lemma="국" pos="NOUN">국</instance>
         <wf lemma="을" pos="X">을</wf>
         <wf lemma="끓이다." pos="X">끓이다.</wf>
      </sentence>
      <sentence id="d000.s244" source="wordnet-korean">
         <wf lemma="개회" pos="X">개회</wf>
         <instance id="d000.s244.t000" lemma="벽두" pos="NOUN">벽두</instance>
         <wf lemma="부터" pos="X">부터</wf>
         <wf lemma="의견이" pos="X">의견이</wf>
         <wf lemma="대립된다." pos="X">대립된다.</wf>
      </sentence>
      <sentence id="d000.s245" source="wordnet-korean">
         <instance id="d000.s245.t000" lemma="업무" pos="NOUN">업무</instance>
         <wf lemma="보고." pos="X">보고.</wf>
      </sentence>
      <sentence id="d000.s246" source="wordnet-korean">
         <wf lemma="교통사고" pos="X">교통사고</wf>
         <wf lemma="두" pos="X">두</wf>
         <instance id="d000.s246.t000" lemma="건" pos="NOUN">건</instance>
         <wf lemma="." pos="X">.</wf>
      </sentence>
      <sentence id="d000.s247" source="wordnet-korean">
         <wf lemma="주름" pos="X">주름</wf>
         <instance id="d000.s247.t000" lemma="살" pos="NOUN">살</instance>
         <wf lemma="." pos="X">.</wf>
      </sentence>
      <sentence id="d000.s248" source="wordnet-korean">
         <wf lemma="음식을" pos="X">음식을</wf>
         <instance id="d000.s248.t000" lemma="팔다" pos="NOUN">팔다</instance>
         <wf lemma="." pos="X">.</wf>
      </sentence>
      <sentence id="d000.s249" source="wordnet-korean">
         <instance id="d000.s249.t000" lemma="친분" pos="NOUN">친분</instance>
         <wf lemma="이" pos="X">이</wf>
         <wf lemma="없다." pos="X">없다.</wf>
      </sentence>
      <sentence id="d000.s250" source="wordnet-korean">
         <instance id="d000.s250.t000" lemma="공원" pos="NOUN">공원</instance>
         <wf lemma="지대." pos="X">지대.</wf>
      </sentence>
      <sentence id="d000.s251" source="wordnet-korean">
         <wf lemma="막대한" pos="X">막대한</wf>
         <instance id="d000.s251.t000" lemma="분량" pos="NOUN">분량</instance>
         <wf lemma="." pos="X">.</wf>
      </sentence>
      <sentence id="d000.s252" source="wordnet-korean">
         <wf lemma="짧은" pos="X">짧은</wf>
         <wf lemma="여름" pos="X">여름</wf>
         <instance id="d000.s252.t000" lemma="방학" pos="NOUN">방학</instance>
         <wf lemma="." pos="X">.</wf>
      </sentence>
      <sentence id="d000.s253" source="wordnet-korean">
         <instance id="d000.s253.t000" lemma="공장" pos="NOUN">공장</instance>
         <wf lemma="폐수." pos="X">폐수.</wf>
      </sentence>
      <sentence id="d000.s254" source="wordnet-korean">
         <instance id="d000.s254.t000" lemma="주" pos="NOUN">주</instance>
         <wf lemma="와" pos="X">와</wf>
         <wf lemma="종의" pos="X">종의</wf>
         <wf lemma="관계." pos="X">관계.</wf>
      </sentence>
      <sentence id="d000.s255" source="wordnet-korean">
         <instance id="d000.s255.t000" lemma="속력" pos="NOUN">속력</instance>
         <wf lemma="을" pos="X">을</wf>
         <wf lemma="놓다." pos="X">놓다.</wf>
      </sentence>
      <sentence id="d000.s256" source="wordnet-korean">
         <wf lemma="육상" pos="X">육상</wf>
         <instance id="d000.s256.t000" lemma="경기장" pos="NOUN">경기장</instance>
         <wf lemma="." pos="X">.</wf>
      </sentence>
      <sentence id="d000.s257" source="wordnet-korean">
         <wf lemma="일한" pos="X">일한</wf>
         <instance id="d000.s257.t000" lemma="표" pos="NOUN">표</instance>
         <wf lemma="가" pos="X">가</wf>
         <wf lemma="난다." pos="X">난다.</wf>
      </sentence>
      <sentence id="d000.s258" source="wordnet-korean">
         <instance id="d000.s258.t000" lemma="가치" pos="NOUN">가치</instance>
         <wf lemma="있는" pos="X">있는</wf>
         <wf lemma="일." pos="X">일.</wf>
      </sentence>
      <sentence id="d000.s259" source="wordnet-korean">
         <wf lemma="학교" pos="X">학교</wf>
         <instance id="d000.s259.t000" lemma="자랑" pos="NOUN">자랑</instance>
         <wf lemma="." pos="X">.</wf>
      </sentence>
      <sentence id="d000.s260" source="wordnet-korean">
         <wf lemma="두" pos="X">두</wf>
         <wf lemma="사람" pos="X">사람</wf>
         <wf lemma="사이에" pos="X">사이에</wf>
         <wf lemma="서로" pos="X">서로</wf>
         <wf lemma="엇갈린" pos="X">엇갈린</wf>
         <wf lemma="주장으로" pos="X">주장으로</wf>
         <wf lemma="한때" pos="X">한때</wf>
         <wf lemma="약간의" pos="X">약간의</wf>
         <instance id="d000.s260.t000" lemma="갈등" pos="NOUN">갈등</instance>
         <wf lemma="이" pos="X">이</wf>
         <wf lemma="생기기도" pos="X">생기기도</wf>
         <wf lemma="하였다." pos="X">하였다.</wf>
      </sentence>
      <sentence id="d000.s261" source="wordnet-korean">
         <wf lemma="아는" pos="X">아는</wf>
         <instance id="d000.s261.t000" lemma="사이" pos="NOUN">사이</instance>
         <wf lemma="." pos="X">.</wf>
      </sentence>
      <sentence id="d000.s262" source="wordnet-korean">
         <instance id="d000.s262.t000" lemma="심정" pos="NOUN">심정</instance>
         <wf lemma="이" pos="X">이</wf>
         <wf lemma="나쁘다." pos="X">나쁘다.</wf>
      </sentence>
      <sentence id="d000.s263" source="wordnet-korean">
         <wf lemma="아이들을" pos="X">아이들을</wf>
         <wf lemma="다루는" pos="X">다루는</wf>
         <wf lemma="데" pos="X">데</wf>
         <wf lemma="뛰어난" pos="X">뛰어난</wf>
         <instance id="d000.s263.t000" lemma="솜씨" pos="NOUN">솜씨</instance>
         <wf lemma="를" pos="X">를</wf>
         <wf lemma="가졌다." pos="X">가졌다.</wf>
      </sentence>
      <sentence id="d000.s264" source="wordnet-korean">
         <instance id="d000.s264.t000" lemma="보조" pos="NOUN">보조</instance>
         <wf lemma="가" pos="X">가</wf>
         <wf lemma="맞다." pos="X">맞다.</wf>
      </sentence>
      <sentence id="d000.s265" source="wordnet-korean">
         <instance id="d000.s265.t000" lemma="이" pos="NOUN">이</instance>
         <wf lemma="가" pos="X">가</wf>
         <wf lemma="남다." pos="X">남다.</wf>
      </sentence>
      <sentence id="d000.s266" source="wordnet-korean">
         <wf lemma="대학" pos="X">대학</wf>
         <instance id="d000.s266.t000" lemma="교원" pos="NOUN">교원</instance>
         <wf lemma="." pos="X">.</wf>
      </sentence>
      <sentence id="d000.s267" source="wordnet-korean">
         <wf lemma="김" pos="X">김</wf>
         <instance id="d000.s267.t000" lemma="동지" pos="NOUN">동지</instance>
         <wf lemma="." pos="X">.</wf>
      </sentence>
      <sentence id="d000.s268" source="wordnet-korean">
         <wf lemma="주위의" pos="X">주위의</wf>
         <instance id="d000.s268.t000" lemma="동정" pos="NOUN">동정</instance>
         <wf lemma="에" pos="X">에</wf>
         <wf lemma="귀를" pos="X">귀를</wf>
         <wf lemma="기울이다." pos="X">기울이다.</wf>
      </sentence>
      <sentence id="d000.s269" source="wordnet-korean">
         <wf lemma="음악의" pos="X">음악의</wf>
         <instance id="d000.s269.t000" lemma="어머니" pos="NOUN">어머니</instance>
         <wf lemma="." pos="X">.</wf>
      </sentence>
      <sentence id="d000.s270" source="wordnet-korean">
         <wf lemma="인생의" pos="X">인생의</wf>
         <instance id="d000.s270.t000" lemma="향기" pos="NOUN">향기</instance>
         <wf lemma="가" pos="X">가</wf>
         <wf lemma="풍기는" pos="X">풍기는</wf>
         <wf lemma="격조" pos="X">격조</wf>
         <wf lemma="높은" pos="X">높은</wf>
         <wf lemma="글." pos="X">글.</wf>
      </sentence>
      <sentence id="d000.s271" source="wordnet-korean">
         <instance id="d000.s271.t000" lemma="주관" pos="NOUN">주관</instance>
         <wf lemma="에" pos="X">에</wf>
         <wf lemma="치우치다." pos="X">치우치다.</wf>
      </sentence>
      <sentence id="d000.s272" source="wordnet-korean">
         <instance id="d000.s272.t000" lemma="파란" pos="NOUN">파란</instance>
         <wf lemma="이" pos="X">이</wf>
         <wf lemma="많은" pos="X">많은</wf>
         <wf lemma="인생." pos="X">인생.</wf>
      </sentence>
      <sentence id="d000.s273" source="wordnet-korean">
         <instance id="d000.s273.t000" lemma="배경" pos="NOUN">배경</instance>
         <wf lemma="이" pos="X">이</wf>
         <wf lemma="아름다운" pos="X">아름다운</wf>
         <wf lemma="마을." pos="X">마을.</wf>
      </sentence>
      <sentence id="d000.s274" source="wordnet-korean">
         <wf lemma="그만한" pos="X">그만한</wf>
         <instance id="d000.s274.t000" lemma="그릇" pos="NOUN">그릇</instance>
         <wf lemma="이라면" pos="X">이라면</wf>
         <wf lemma="이" pos="X">이</wf>
         <wf lemma="난국을" pos="X">난국을</wf>
         <wf lemma="수습하리라" pos="X">수습하리라</wf>
         <wf lemma="믿어진다." pos="X">믿어진다.</wf>
      </sentence>
      <sentence id="d000.s275" source="wordnet-korean">
         <instance id="d000.s275.t000" lemma="물가" pos="NOUN">물가</instance>
         <wf lemma="가" pos="X">가</wf>
         <wf lemma="오르다." pos="X">오르다.</wf>
      </sentence>
      <sentence id="d000.s276" source="wordnet-korean">
         <instance id="d000.s276.t000" lemma="고개" pos="NOUN">고개</instance>
         <wf lemma="를" pos="X">를</wf>
         <wf lemma="끄덕이다." pos="X">끄덕이다.</wf>
      </sentence>
      <sentence id="d000.s277" source="wordnet-korean">
         <instance id="d000.s277.t000" lemma="연애" pos="NOUN">연애</instance>
         <wf lemma="는" pos="X">는</wf>
         <wf lemma="일종의" pos="X">일종의</wf>
         <wf lemma="예술이다." pos="X">예술이다.</wf>
      </sentence>
      <sentence id="d000.s278" source="wordnet-korean">
         <instance id="d000.s278.t000" lemma="성능" pos="NOUN">성능</instance>
         <wf lemma="이" pos="X">이</wf>
         <wf lemma="좋은" pos="X">좋은</wf>
         <wf lemma="기계." pos="X">기계.</wf>
      </sentence>
      <sentence id="d000.s279" source="wordnet-korean">
         <wf lemma="연명하기" pos="X">연명하기</wf>
         <wf lemma="위한" pos="X">위한</wf>
         <wf lemma="최저의" pos="X">최저의</wf>
         <instance id="d000.s279.t000" lemma="영위" pos="NOUN">영위</instance>
         <wf lemma="." pos="X">.</wf>
      </sentence>
      <sentence id="d000.s280" source="wordnet-korean">
         <wf lemma="말" pos="X">말</wf>
         <wf lemma="한" pos="X">한</wf>
         <instance id="d000.s280.t000" lemma="자리" pos="NOUN">자리</instance>
         <wf lemma="도" pos="X">도</wf>
         <wf lemma="못" pos="X">못</wf>
         <wf lemma="함시로." pos="X">함시로.</wf>
      </sentence>
      <sentence id="d000.s281" source="wordnet-korean">
         <instance id="d000.s281.t000" lemma="필생" pos="NOUN">필생</instance>
         <wf lemma="의" pos="X">의</wf>
         <wf lemma="숙원." pos="X">숙원.</wf>
      </sentence>
      <sentence id="d000.s282" source="wordnet-korean">
         <wf lemma="시키는" pos="X">시키는</wf>
         <instance id="d000.s282.t000" lemma="것" pos="NOUN">것</instance>
         <wf lemma="." pos="X">.</wf>
      </sentence>
      <sentence id="d000.s283" source="wordnet-korean">
         <wf lemma="사상과" pos="X">사상과</wf>
         <wf lemma="언어는" pos="X">언어는</wf>
         <instance id="d000.s283.t000" lemma="예술가" pos="NOUN">예술가</instance>
         <wf lemma="에게" pos="X">에게</wf>
         <wf lemma="있어서" pos="X">있어서</wf>
         <wf lemma="예술의" pos="X">예술의</wf>
         <wf lemma="수단인" pos="X">수단인</wf>
         <wf lemma="것이다." pos="X">것이다.</wf>
      </sentence>
      <sentence id="d000.s284" source="wordnet-korean">
         <wf lemma="호적" pos="X">호적</wf>
         <instance id="d000.s284.t000" lemma="말소" pos="NOUN">말소</instance>
         <wf lemma="." pos="X">.</wf>
      </sentence>
      <sentence id="d000.s285" source="wordnet-korean">
         <wf lemma="뜻" pos="X">뜻</wf>
         <instance id="d000.s285.t000" lemma="밖" pos="NOUN">밖</instance>
         <wf lemma="에" pos="X">에</wf>
         <wf lemma="만난" pos="X">만난</wf>
         <wf lemma="사람." pos="X">사람.</wf>
      </sentence>
      <sentence id="d000.s286" source="wordnet-korean">
         <wf lemma="옥양목" pos="X">옥양목</wf>
         <wf lemma="서너" pos="X">서너</wf>
         <instance id="d000.s286.t000" lemma="통" pos="NOUN">통</instance>
         <wf lemma="." pos="X">.</wf>
      </sentence>
      <sentence id="d000.s287" source="wordnet-korean">
         <instance id="d000.s287.t000" lemma="공작" pos="NOUN">공작</instance>
         <wf lemma="기구." pos="X">기구.</wf>
      </sentence>
      <sentence id="d000.s288" source="wordnet-korean">
         <instance id="d000.s288.t000" lemma="손실" pos="NOUN">손실</instance>
         <wf lemma="이" pos="X">이</wf>
         <wf lemma="많았다." pos="X">많았다.</wf>
      </sentence>
      <sentence id="d000.s289" source="wordnet-korean">
         <wf lemma="거리의" pos="X">거리의</wf>
         <instance id="d000.s289.t000" lemma="모습" pos="NOUN">모습</instance>
         <wf lemma="." pos="X">.</wf>
      </sentence>
      <sentence id="d000.s290" source="wordnet-korean">
         <wf lemma="무주택" pos="X">무주택</wf>
         <wf lemma="세대주에" pos="X">세대주에</wf>
         <wf lemma="관한" pos="X">관한</wf>
         <instance id="d000.s290.t000" lemma="문제" pos="NOUN">문제</instance>
         <wf lemma="." pos="X">.</wf>
      </sentence>
      <sentence id="d000.s291" source="wordnet-korean">
         <wf lemma="화재" pos="X">화재</wf>
         <instance id="d000.s291.t000" lemma="방지" pos="NOUN">방지</instance>
         <wf lemma="." pos="X">.</wf>
      </sentence>
      <sentence id="d000.s292" source="wordnet-korean">
         <wf lemma="논을" pos="X">논을</wf>
         <instance id="d000.s292.t000" lemma="말리다" pos="VERB">말리다</instance>
         <wf lemma="." pos="X">.</wf>
      </sentence>
      <sentence id="d000.s293" source="wordnet-korean">
         <wf lemma="수표" pos="X">수표</wf>
         <instance id="d000.s293.t000" lemma="발행" pos="NOUN">발행</instance>
         <wf lemma="." pos="X">.</wf>
      </sentence>
      <sentence id="d000.s294" source="wordnet-korean">
         <instance id="d000.s294.t000" lemma="도적" pos="NOUN">도적</instance>
         <wf lemma="을" pos="X">을</wf>
         <wf lemma="잡다." pos="X">잡다.</wf>
      </sentence>
      <sentence id="d000.s295" source="wordnet-korean">
         <instance id="d000.s295.t000" lemma="다리" pos="NOUN">다리</instance>
         <wf lemma="가" pos="X">가</wf>
         <wf lemma="좁다." pos="X">좁다.</wf>
      </sentence>
      <sentence id="d000.s296" source="wordnet-korean">
         <instance id="d000.s296.t000" lemma="변동" pos="NOUN">변동</instance>
         <wf lemma="을" pos="X">을</wf>
         <wf lemma="막는다." pos="X">막는다.</wf>
      </sentence>
      <sentence id="d000.s297" source="wordnet-korean">
         <instance id="d000.s297.t000" lemma="반격" pos="NOUN">반격</instance>
         <wf lemma="개시." pos="X">개시.</wf>
      </sentence>
      <sentence id="d000.s298" source="wordnet-korean">
         <instance id="d000.s298.t000" lemma="불행" pos="NOUN">불행</instance>
         <wf lemma="을" pos="X">을</wf>
         <wf lemma="이기다." pos="X">이기다.</wf>
      </sentence>
      <sentence id="d000.s299" source="wordnet-korean">
         <wf lemma="버선" pos="X">버선</wf>
         <instance id="d000.s299.t000" lemma="바람" pos="NOUN">바람</instance>
         <wf lemma="으로" pos="X">으로</wf>
         <wf lemma="달려" pos="X">달려</wf>
         <wf lemma="나간다." pos="X">나간다.</wf>
      </sentence>
      <sentence id="d000.s300" source="wordnet-korean">
         <wf lemma="한" pos="X">한</wf>
         <wf lemma="되" pos="X">되</wf>
         <wf lemma="세" pos="X">세</wf>
         <wf lemma="홉" pos="X">홉</wf>
         <wf lemma="닷" pos="X">닷</wf>
         <instance id="d000.s300.t000" lemma="사" pos="NOUN">사</instance>
         <wf lemma="." pos="X">.</wf>
      </sentence>
      <sentence id="d000.s301" source="wordnet-korean">
         <instance id="d000.s301.t000" lemma="근간" pos="NOUN">근간</instance>
         <wf lemma="잡지." pos="X">잡지.</wf>
      </sentence>
      <sentence id="d000.s302" source="wordnet-korean">
         <wf lemma="육체적인" pos="X">육체적인</wf>
         <wf lemma="불구에서" pos="X">불구에서</wf>
         <wf lemma="오는" pos="X">오는</wf>
         <instance id="d000.s302.t000" lemma="열등감" pos="NOUN">열등감</instance>
         <wf lemma="이" pos="X">이</wf>
         <wf lemma="교실이나" pos="X">교실이나</wf>
         <wf lemma="거리에서의" pos="X">거리에서의</wf>
         <wf lemma="외톨박이를" pos="X">외톨박이를</wf>
         <wf lemma="만들었다." pos="X">만들었다.</wf>
      </sentence>
      <sentence id="d000.s303" source="wordnet-korean">
         <wf lemma="그런" pos="X">그런</wf>
         <wf lemma="말" pos="X">말</wf>
         <wf lemma="그" pos="X">그</wf>
         <wf lemma="사람한테" pos="X">사람한테</wf>
         <instance id="d000.s303.t000" lemma="백년" pos="NOUN">백년</instance>
         <wf lemma="해야" pos="X">해야</wf>
         <wf lemma="쓸데없어." pos="X">쓸데없어.</wf>
      </sentence>
      <sentence id="d000.s304" source="wordnet-korean">
         <wf lemma="흰" pos="X">흰</wf>
         <instance id="d000.s304.t000" lemma="바탕" pos="NOUN">바탕</instance>
         <wf lemma="에" pos="X">에</wf>
         <wf lemma="푸른" pos="X">푸른</wf>
         <wf lemma="무늬." pos="X">무늬.</wf>
      </sentence>
      <sentence id="d000.s305" source="wordnet-korean">
         <wf lemma="발달" pos="X">발달</wf>
         <instance id="d000.s305.t000" lemma="과정" pos="NOUN">과정</instance>
         <wf lemma="." pos="X">.</wf>
      </sentence>
      <sentence id="d000.s306" source="wordnet-korean">
         <wf lemma="책" pos="X">책</wf>
         <instance id="d000.s306.t000" lemma="사이" pos="NOUN">사이</instance>
         <wf lemma="에" pos="X">에</wf>
         <wf lemma="꽂힌" pos="X">꽂힌</wf>
         <wf lemma="편지." pos="X">편지.</wf>
      </sentence>
      <sentence id="d000.s307" source="wordnet-korean">
         <instance id="d000.s307.t000" lemma="밤" pos="NOUN">밤</instance>
         <wf lemma="이" pos="X">이</wf>
         <wf lemma="길다." pos="X">길다.</wf>
      </sentence>
      <sentence id="d000.s308" source="wordnet-korean">
         <instance id="d000.s308.t000" lemma="사방" pos="NOUN">사방</instance>
         <wf lemma="은" pos="X">은</wf>
         <wf lemma="쥐" pos="X">쥐</wf>
         <wf lemma="죽은" pos="X">죽은</wf>
         <wf lemma="듯이" pos="X">듯이</wf>
         <wf lemma="고요했다." pos="X">고요했다.</wf>
      </sentence>
      <sentence id="d000.s309" source="wordnet-korean">
         <instance id="d000.s309.t000" lemma="전형" pos="NOUN">전형</instance>
         <wf lemma="일자." pos="X">일자.</wf>
      </sentence>
      <sentence id="d000.s310" source="wordnet-korean">
         <instance id="d000.s310.t000" lemma="개정" pos="NOUN">개정</instance>
         <wf lemma="증보." pos="X">증보.</wf>
      </sentence>
      <sentence id="d000.s311" source="wordnet-korean">
         <instance id="d000.s311.t000" lemma="소동" pos="NOUN">소동</instance>
         <wf lemma="이" pos="X">이</wf>
         <wf lemma="벌어지다." pos="X">벌어지다.</wf>
      </sentence>
      <sentence id="d000.s312" source="wordnet-korean">
         <wf lemma="결승전" pos="X">결승전</wf>
         <wf lemma="축구" pos="X">축구</wf>
         <wf lemma="경기는" pos="X">경기는</wf>
         <instance id="d000.s312.t000" lemma="개시" pos="NOUN">개시</instance>
         <wf lemma="되자" pos="X">되자</wf>
         <wf lemma="마자" pos="X">마자</wf>
         <wf lemma="치열한" pos="X">치열한</wf>
         <wf lemma="공방전으로" pos="X">공방전으로</wf>
         <wf lemma="관중들을" pos="X">관중들을</wf>
         <wf lemma="흥분시켰다." pos="X">흥분시켰다.</wf>
      </sentence>
      <sentence id="d000.s313" source="wordnet-korean">
         <instance id="d000.s313.t000" lemma="군" pos="NOUN">군</instance>
         <wf lemma="에" pos="X">에</wf>
         <wf lemma="입대하다." pos="X">입대하다.</wf>
      </sentence>
      <sentence id="d000.s314" source="wordnet-korean">
         <instance id="d000.s314.t000" lemma="쇠" pos="NOUN">쇠</instance>
         <wf lemma="을" pos="X">을</wf>
         <wf lemma="채우다." pos="X">채우다.</wf>
      </sentence>
      <sentence id="d000.s315" source="wordnet-korean">
         <instance id="d000.s315.t000" lemma="삯" pos="NOUN">삯</instance>
         <wf lemma="을" pos="X">을</wf>
         <wf lemma="받고" pos="X">받고</wf>
         <wf lemma="일하다." pos="X">일하다.</wf>
      </sentence>
      <sentence id="d000.s316" source="wordnet-korean">
         <wf lemma="서울과" pos="X">서울과</wf>
         <wf lemma="부산" pos="X">부산</wf>
         <instance id="d000.s316.t000" lemma="사이" pos="NOUN">사이</instance>
         <wf lemma="의" pos="X">의</wf>
         <wf lemma="역." pos="X">역.</wf>
      </sentence>
      <sentence id="d000.s317" source="wordnet-korean">
         <instance id="d000.s317.t000" lemma="나" pos="NOUN">나</instance>
         <wf lemma="많은" pos="X">많은</wf>
         <wf lemma="어른." pos="X">어른.</wf>
      </sentence>
      <sentence id="d000.s318" source="wordnet-korean">
         <wf lemma="기왕에" pos="X">기왕에</wf>
         <wf lemma="모였으니" pos="X">모였으니</wf>
         <instance id="d000.s318.t000" lemma="담화" pos="NOUN">담화</instance>
         <wf lemma="나" pos="X">나</wf>
         <wf lemma="하고" pos="X">하고</wf>
         <wf lemma="즐깁시다." pos="X">즐깁시다.</wf>
      </sentence>
      <sentence id="d000.s319" source="wordnet-korean">
         <instance id="d000.s319.t000" lemma="버릇" pos="NOUN">버릇</instance>
         <wf lemma="을" pos="X">을</wf>
         <wf lemma="떼다." pos="X">떼다.</wf>
      </sentence>
      <sentence id="d000.s320" source="wordnet-korean">
         <instance id="d000.s320.t000" lemma="기회" pos="NOUN">기회</instance>
         <wf lemma="를" pos="X">를</wf>
         <wf lemma="놓치다." pos="X">놓치다.</wf>
      </sentence>
      <sentence id="d000.s321" source="wordnet-korean">
         <instance id="d000.s321.t000" lemma="각료" pos="NOUN">각료</instance>
         <wf lemma="간담회." pos="X">간담회.</wf>
      </sentence>
      <sentence id="d000.s322" source="wordnet-korean">
         <instance id="d000.s322.t000" lemma="소음" pos="NOUN">소음</instance>
         <wf lemma="방지." pos="X">방지.</wf>
      </sentence>
      <sentence id="d000.s323" source="wordnet-korean">
         <instance id="d000.s323.t000" lemma="안내" pos="NOUN">안내</instance>
         <wf lemma="말씀." pos="X">말씀.</wf>
      </sentence>
      <sentence id="d000.s324" source="wordnet-korean">
         <wf lemma="자원의" pos="X">자원의</wf>
         <instance id="d000.s324.t000" lemma="결핍" pos="NOUN">결핍</instance>
         <wf lemma="." pos="X">.</wf>
      </sentence>
      <sentence id="d000.s325" source="wordnet-korean">
         <instance id="d000.s325.t000" lemma="교외" pos="NOUN">교외</instance>
         <wf lemma="철도." pos="X">철도.</wf>
      </sentence>
      <sentence id="d000.s326" source="wordnet-korean">
         <wf lemma="겨레의" pos="X">겨레의</wf>
         <instance id="d000.s326.t000" lemma="통일" pos="NOUN">통일</instance>
         <wf lemma="이" pos="X">이</wf>
         <wf lemma="이루어질때까지." pos="X">이루어질때까지.</wf>
      </sentence>
      <sentence id="d000.s327" source="wordnet-korean">
         <wf lemma="주와" pos="X">주와</wf>
         <instance id="d000.s327.t000" lemma="종" pos="NOUN">종</instance>
         <wf lemma="을" pos="X">을</wf>
         <wf lemma="가리다." pos="X">가리다.</wf>
      </sentence>
      <sentence id="d000.s328" source="wordnet-korean">
         <wf lemma="내" pos="X">내</wf>
         <instance id="d000.s328.t000" lemma="딴" pos="NOUN">딴</instance>
         <wf lemma="에는" pos="X">에는</wf>
         <wf lemma="최선을" pos="X">최선을</wf>
         <wf lemma="다" pos="X">다</wf>
         <wf lemma="한" pos="X">한</wf>
         <wf lemma="겁니다." pos="X">겁니다.</wf>
      </sentence>
      <sentence id="d000.s329" source="wordnet-korean">
         <wf lemma="새끼" pos="X">새끼</wf>
         <instance id="d000.s329.t000" lemma="발" pos="NOUN">발</instance>
         <wf lemma="이나" pos="X">이나</wf>
         <wf lemma="꼬았다." pos="X">꼬았다.</wf>
      </sentence>
      <sentence id="d000.s330" source="wordnet-korean">
         <wf lemma="외딴" pos="X">외딴</wf>
         <wf lemma="시골" pos="X">시골</wf>
         <instance id="d000.s330.t000" lemma="구석" pos="NOUN">구석</instance>
         <wf lemma="." pos="X">.</wf>
      </sentence>
      <sentence id="d000.s331" source="wordnet-korean">
         <instance id="d000.s331.t000" lemma="비난" pos="NOUN">비난</instance>
         <wf lemma="을" pos="X">을</wf>
         <wf lemma="일삼는" pos="X">일삼는</wf>
         <wf lemma="사람." pos="X">사람.</wf>
      </sentence>
      <sentence id="d000.s332" source="wordnet-korean">
         <instance id="d000.s332.t000" lemma="풀" pos="NOUN">풀</instance>
         <wf lemma="이" pos="X">이</wf>
         <wf lemma="세다." pos="X">세다.</wf>
      </sentence>
      <sentence id="d000.s333" source="wordnet-korean">
         <wf lemma="서양" pos="X">서양</wf>
         <instance id="d000.s333.t000" lemma="사람" pos="NOUN">사람</instance>
         <wf lemma="." pos="X">.</wf>
      </sentence>
      <sentence id="d000.s334" source="wordnet-korean">
         <instance id="d000.s334.t000" lemma="모" pos="NOUN">모</instance>
         <wf lemma="가" pos="X">가</wf>
         <wf lemma="우그러지다." pos="X">우그러지다.</wf>
      </sentence>
      <sentence id="d000.s335" source="wordnet-korean">
         <wf lemma="전공" pos="X">전공</wf>
         <instance id="d000.s335.t000" lemma="과목" pos="NOUN">과목</instance>
         <wf lemma="." pos="X">.</wf>
      </sentence>
      <sentence id="d000.s336" source="wordnet-korean">
         <instance id="d000.s336.t000" lemma="땅" pos="NOUN">땅</instance>
         <wf lemma="을" pos="X">을</wf>
         <wf lemma="부치다." pos="X">부치다.</wf>
      </sentence>
      <sentence id="d000.s337" source="wordnet-korean">
         <instance id="d000.s337.t000" lemma="이재" pos="NOUN">이재</instance>
         <wf lemma="에" pos="X">에</wf>
         <wf lemma="밝다." pos="X">밝다.</wf>
      </sentence>
      <sentence id="d000.s338" source="wordnet-korean">
         <wf lemma="어정" pos="X">어정</wf>
         <wf lemma="칠월" pos="X">칠월</wf>
         <wf lemma="동동" pos="X">동동</wf>
         <instance id="d000.s338.t000" lemma="팔월" pos="NOUN">팔월</instance>
         <wf lemma="." pos="X">.</wf>
      </sentence>
      <sentence id="d000.s339" source="wordnet-korean">
         <instance id="d000.s339.t000" lemma="거세" pos="NOUN">거세</instance>
         <wf lemma="가" pos="X">가</wf>
         <wf lemma="다" pos="X">다</wf>
         <wf lemma="아는" pos="X">아는</wf>
         <wf lemma="사실." pos="X">사실.</wf>
      </sentence>
      <sentence id="d000.s340" source="wordnet-korean">
         <instance id="d000.s340.t000" lemma="분부" pos="NOUN">분부</instance>
         <wf lemma="를" pos="X">를</wf>
         <wf lemma="거역한다." pos="X">거역한다.</wf>
      </sentence>
      <sentence id="d000.s341" source="wordnet-korean">
         <instance id="d000.s341.t000" lemma="사상" pos="NOUN">사상</instance>
         <wf lemma="은" pos="X">은</wf>
         <wf lemma="각" pos="X">각</wf>
         <wf lemma="시대의" pos="X">시대의</wf>
         <wf lemma="개인," pos="X">개인,</wf>
         <wf lemma="사회," pos="X">사회,</wf>
         <wf lemma="민족" pos="X">민족</wf>
         <wf lemma="속에" pos="X">속에</wf>
         <wf lemma="잠재하여" pos="X">잠재하여</wf>
         <wf lemma="그" pos="X">그</wf>
         <wf lemma="시대의" pos="X">시대의</wf>
         <wf lemma="현실을" pos="X">현실을</wf>
         <wf lemma="움직이는" pos="X">움직이는</wf>
         <wf lemma="원동력이" pos="X">원동력이</wf>
         <wf lemma="된다." pos="X">된다.</wf>
      </sentence>
      <sentence id="d000.s342" source="wordnet-korean">
         <wf lemma="자동차" pos="X">자동차</wf>
         <instance id="d000.s342.t000" lemma="공장" pos="NOUN">공장</instance>
         <wf lemma="." pos="X">.</wf>
      </sentence>
      <sentence id="d000.s343" source="wordnet-korean">
         <wf lemma="영문" pos="X">영문</wf>
         <instance id="d000.s343.t000" lemma="타자기" pos="NOUN">타자기</instance>
         <wf lemma="." pos="X">.</wf>
      </sentence>
      <sentence id="d000.s344" source="wordnet-korean">
         <instance id="d000.s344.t000" lemma="생" pos="NOUN">생</instance>
         <wf lemma="을" pos="X">을</wf>
         <wf lemma="되찾다." pos="X">되찾다.</wf>
      </sentence>
      <sentence id="d000.s345" source="wordnet-korean">
         <instance id="d000.s345.t000" lemma="협상" pos="NOUN">협상</instance>
         <wf lemma="을" pos="X">을</wf>
         <wf lemma="벌이다." pos="X">벌이다.</wf>
      </sentence>
      <sentence id="d000.s346" source="wordnet-korean">
         <instance id="d000.s346.t000" lemma="가루" pos="NOUN">가루</instance>
         <wf lemma="를" pos="X">를</wf>
         <wf lemma="치다." pos="X">치다.</wf>
      </sentence>
      <sentence id="d000.s347" source="wordnet-korean">
         <instance id="d000.s347.t000" lemma="과거" pos="NOUN">과거</instance>
         <wf lemma="의" pos="X">의</wf>
         <wf lemma="생활." pos="X">생활.</wf>
      </sentence>
      <sentence id="d000.s348" source="wordnet-korean">
         <wf lemma="어려운" pos="X">어려운</wf>
         <instance id="d000.s348.t000" lemma="대목" pos="NOUN">대목</instance>
         <wf lemma="." pos="X">.</wf>
      </sentence>
      <sentence id="d000.s349" source="wordnet-korean">
         <wf lemma="자네가" pos="X">자네가</wf>
         <wf lemma="내" pos="X">내</wf>
         <instance id="d000.s349.t000" lemma="대" pos="NOUN">대</instance>
         <wf lemma="로" pos="X">로</wf>
         <wf lemma="다녀오게." pos="X">다녀오게.</wf>
      </sentence>
      <sentence id="d000.s350" source="wordnet-korean">
         <instance id="d000.s350.t000" lemma="밖" pos="NOUN">밖</instance>
         <wf lemma="에" pos="X">에</wf>
         <wf lemma="나가서" pos="X">나가서</wf>
         <wf lemma="놀아라." pos="X">놀아라.</wf>
      </sentence>
      <sentence id="d000.s351" source="wordnet-korean">
         <wf lemma="나는" pos="X">나는</wf>
         <wf lemma="오싹" pos="X">오싹</wf>
         <instance id="d000.s351.t000" lemma="오한" pos="NOUN">오한</instance>
         <wf lemma="을" pos="X">을</wf>
         <wf lemma="느꼈다." pos="X">느꼈다.</wf>
      </sentence>
      <sentence id="d000.s352" source="wordnet-korean">
         <wf lemma="사람으로" pos="X">사람으로</wf>
         <wf lemma="태어난" pos="X">태어난</wf>
         <instance id="d000.s352.t000" lemma="이상" pos="NOUN">이상</instance>
         <wf lemma="무엇인가" pos="X">무엇인가</wf>
         <wf lemma="사명을" pos="X">사명을</wf>
         <wf lemma="지녔을" pos="X">지녔을</wf>
         <wf lemma="것이다." pos="X">것이다.</wf>
      </sentence>
      <sentence id="d000.s353" source="wordnet-korean">
         <instance id="d000.s353.t000" lemma="온정" pos="NOUN">온정</instance>
         <wf lemma="어린" pos="X">어린</wf>
         <wf lemma="타이름." pos="X">타이름.</wf>
      </sentence>
      <sentence id="d000.s354" source="wordnet-korean">
         <instance id="d000.s354.t000" lemma="결단" pos="NOUN">결단</instance>
         <wf lemma="을" pos="X">을</wf>
         <wf lemma="내다." pos="X">내다.</wf>
      </sentence>
      <sentence id="d000.s355" source="wordnet-korean">
         <instance id="d000.s355.t000" lemma="공포" pos="NOUN">공포</instance>
         <wf lemma="분위기." pos="X">분위기.</wf>
      </sentence>
      <sentence id="d000.s356" source="wordnet-korean">
         <instance id="d000.s356.t000" lemma="단체" pos="NOUN">단체</instance>
         <wf lemma="를" pos="X">를</wf>
         <wf lemma="이루다." pos="X">이루다.</wf>
      </sentence>
      <sentence id="d000.s357" source="wordnet-korean">
         <wf lemma="식물의" pos="X">식물의</wf>
         <instance id="d000.s357.t000" lemma="영양분" pos="NOUN">영양분</instance>
         <wf lemma="으로" pos="X">으로</wf>
         <wf lemma="질소," pos="X">질소,</wf>
         <wf lemma="인산," pos="X">인산,</wf>
         <wf lemma="칼리가" pos="X">칼리가</wf>
         <wf lemma="주요하다." pos="X">주요하다.</wf>
      </sentence>
      <sentence id="d000.s358" source="wordnet-korean">
         <wf lemma="생물의" pos="X">생물의</wf>
         <wf lemma="몸은" pos="X">몸은</wf>
         <wf lemma="70%" pos="X">70%</wf>
         <wf lemma="이상이" pos="X">이상이</wf>
         <instance id="d000.s358.t000" lemma="물" pos="NOUN">물</instance>
         <wf lemma="로" pos="X">로</wf>
         <wf lemma="되어" pos="X">되어</wf>
         <wf lemma="있다." pos="X">있다.</wf>
      </sentence>
      <sentence id="d000.s359" source="wordnet-korean">
         <wf lemma="자기의" pos="X">자기의</wf>
         <instance id="d000.s359.t000" lemma="아들딸" pos="NOUN">아들딸</instance>
         <wf lemma="을" pos="X">을</wf>
         <wf lemma="사랑하거든" pos="X">사랑하거든</wf>
         <wf lemma="먼저" pos="X">먼저</wf>
         <wf lemma="유능한" pos="X">유능한</wf>
         <wf lemma="선생을" pos="X">선생을</wf>
         <wf lemma="골라" pos="X">골라</wf>
         <wf lemma="가르쳐야" pos="X">가르쳐야</wf>
         <wf lemma="한다." pos="X">한다.</wf>
      </sentence>
      <sentence id="d000.s360" source="wordnet-korean">
         <instance id="d000.s360.t000" lemma="경위" pos="NOUN">경위</instance>
         <wf lemma="가" pos="X">가</wf>
         <wf lemma="분명한" pos="X">분명한</wf>
         <wf lemma="사람." pos="X">사람.</wf>
      </sentence>
      <sentence id="d000.s361" source="wordnet-korean">
         <instance id="d000.s361.t000" lemma="왕년" pos="NOUN">왕년</instance>
         <wf lemma="에" pos="X">에</wf>
         <wf lemma="안" pos="X">안</wf>
         <wf lemma="해" pos="X">해</wf>
         <wf lemma="본" pos="X">본</wf>
         <wf lemma="사람" pos="X">사람</wf>
         <wf lemma="있나?." pos="X">있나?.</wf>
      </sentence>
      <sentence id="d000.s362" source="wordnet-korean">
         <wf lemma="자연" pos="X">자연</wf>
         <instance id="d000.s362.t000" lemma="부락" pos="NOUN">부락</instance>
         <wf lemma="." pos="X">.</wf>
      </sentence>
      <sentence id="d000.s363" source="wordnet-korean">
         <instance id="d000.s363.t000" lemma="전철" pos="NOUN">전철</instance>
         <wf lemma="타고" pos="X">타고</wf>
         <wf lemma="가자." pos="X">가자.</wf>
      </sentence>
      <sentence id="d000.s364" source="wordnet-korean">
         <wf lemma="길이" pos="X">길이</wf>
         <instance id="d000.s364.t000" lemma="엉망" pos="NOUN">엉망</instance>
         <wf lemma="인" pos="X">인</wf>
         <wf lemma="동네." pos="X">동네.</wf>
      </sentence>
      <sentence id="d000.s365" source="wordnet-korean">
         <instance id="d000.s365.t000" lemma="미스" pos="NOUN">미스</instance>
         <wf lemma="유니버스." pos="X">유니버스.</wf>
      </sentence>
      <sentence id="d000.s366" source="wordnet-korean">
         <wf lemma="문화" pos="X">문화</wf>
         <instance id="d000.s366.t000" lemma="교류" pos="NOUN">교류</instance>
         <wf lemma="." pos="X">.</wf>
      </sentence>
      <sentence id="d000.s367" source="wordnet-korean">
         <wf lemma="그릇의" pos="X">그릇의</wf>
         <instance id="d000.s367.t000" lemma="성형" pos="NOUN">성형</instance>
         <wf lemma="." pos="X">.</wf>
      </sentence>
      <sentence id="d000.s368" source="wordnet-korean">
         <wf lemma="다음" pos="X">다음</wf>
         <wf lemma="방정식의" pos="X">방정식의</wf>
         <instance id="d000.s368.t000" lemma="값" pos="NOUN">값</instance>
         <wf lemma="을" pos="X">을</wf>
         <wf lemma="구하시오." pos="X">구하시오.</wf>
      </sentence>
      <sentence id="d000.s369" source="wordnet-korean">
         <wf lemma="여덟" pos="X">여덟</wf>
         <instance id="d000.s369.t000" lemma="폭" pos="NOUN">폭</instance>
         <wf lemma="짜리" pos="X">짜리</wf>
         <wf lemma="병풍." pos="X">병풍.</wf>
      </sentence>
      <sentence id="d000.s370" source="wordnet-korean">
         <instance id="d000.s370.t000" lemma="꿈" pos="NOUN">꿈</instance>
         <wf lemma="에서" pos="X">에서</wf>
         <wf lemma="깨다." pos="X">깨다.</wf>
      </sentence>
      <sentence id="d000.s371" source="wordnet-korean">
         <wf lemma="부산항은" pos="X">부산항은</wf>
         <wf lemma="한국의" pos="X">한국의</wf>
         <instance id="d000.s371.t000" lemma="문호" pos="NOUN">문호</instance>
         <wf lemma="이다." pos="X">이다.</wf>
      </sentence>
      <sentence id="d000.s372" source="wordnet-korean">
         <wf lemma="소설의" pos="X">소설의</wf>
         <instance id="d000.s372.t000" lemma="줄거리" pos="NOUN">줄거리</instance>
         <wf lemma="." pos="X">.</wf>
      </sentence>
      <sentence id="d000.s373" source="wordnet-korean">
         <instance id="d000.s373.t000" lemma="면목" pos="NOUN">면목</instance>
         <wf lemma="이" pos="X">이</wf>
         <wf lemma="서다." pos="X">서다.</wf>
      </sentence>
      <sentence id="d000.s374" source="wordnet-korean">
         <wf lemma="그는" pos="X">그는</wf>
         <wf lemma="이미" pos="X">이미</wf>
         <wf lemma="떠난" pos="X">떠난</wf>
         <instance id="d000.s374.t000" lemma="후" pos="NOUN">후</instance>
         <wf lemma="였다." pos="X">였다.</wf>
      </sentence>
      <sentence id="d000.s375" source="wordnet-korean">
         <instance id="d000.s375.t000" lemma="편지" pos="NOUN">편지</instance>
         <wf lemma="를" pos="X">를</wf>
         <wf lemma="띄운다." pos="X">띄운다.</wf>
      </sentence>
      <sentence id="d000.s376" source="wordnet-korean">
         <instance id="d000.s376.t000" lemma="예정" pos="NOUN">예정</instance>
         <wf lemma="을" pos="X">을</wf>
         <wf lemma="바꾸어" pos="X">바꾸어</wf>
         <wf lemma="모레" pos="X">모레</wf>
         <wf lemma="떠나기로" pos="X">떠나기로</wf>
         <wf lemma="하였다." pos="X">하였다.</wf>
      </sentence>
      <sentence id="d000.s377" source="wordnet-korean">
         <instance id="d000.s377.t000" lemma="병" pos="NOUN">병</instance>
         <wf lemma="을" pos="X">을</wf>
         <wf lemma="다스린다." pos="X">다스린다.</wf>
      </sentence>
      <sentence id="d000.s378" source="wordnet-korean">
         <instance id="d000.s378.t000" lemma="남아" pos="NOUN">남아</instance>
         <wf lemma="가" pos="X">가</wf>
         <wf lemma="하는" pos="X">하는</wf>
         <wf lemma="일을" pos="X">일을</wf>
         <wf lemma="아녀자가" pos="X">아녀자가</wf>
         <wf lemma="가로막다니…." pos="X">가로막다니….</wf>
      </sentence>
      <sentence id="d000.s379" source="wordnet-korean">
         <wf lemma="지하" pos="X">지하</wf>
         <instance id="d000.s379.t000" lemma="저항" pos="NOUN">저항</instance>
         <wf lemma="세력." pos="X">세력.</wf>
      </sentence>
      <sentence id="d000.s380" source="wordnet-korean">
         <wf lemma="어느" pos="X">어느</wf>
         <instance id="d000.s380.t000" lemma="방향" pos="NOUN">방향</instance>
         <wf lemma="으로" pos="X">으로</wf>
         <wf lemma="가느냐?." pos="X">가느냐?.</wf>
      </sentence>
      <sentence id="d000.s381" source="wordnet-korean">
         <instance id="d000.s381.t000" lemma="기억력" pos="NOUN">기억력</instance>
         <wf lemma="이" pos="X">이</wf>
         <wf lemma="좋다." pos="X">좋다.</wf>
      </sentence>
      <sentence id="d000.s382" source="wordnet-korean">
         <wf lemma="야구" pos="X">야구</wf>
         <instance id="d000.s382.t000" lemma="경기장" pos="NOUN">경기장</instance>
         <wf lemma="." pos="X">.</wf>
      </sentence>
      <sentence id="d000.s383" source="wordnet-korean">
         <instance id="d000.s383.t000" lemma="달" pos="NOUN">달</instance>
         <wf lemma="이" pos="X">이</wf>
         <wf lemma="가고" pos="X">가고</wf>
         <wf lemma="해가" pos="X">해가</wf>
         <wf lemma="가고." pos="X">가고.</wf>
      </sentence>
      <sentence id="d000.s384" source="wordnet-korean">
         <instance id="d000.s384.t000" lemma="체형" pos="NOUN">체형</instance>
         <wf lemma="이" pos="X">이</wf>
         <wf lemma="내린다." pos="X">내린다.</wf>
      </sentence>
      <sentence id="d000.s385" source="wordnet-korean">
         <instance id="d000.s385.t000" lemma="하루" pos="NOUN">하루</instance>
         <wf lemma="는" pos="X">는</wf>
         <wf lemma="귀덕어미가" pos="X">귀덕어미가</wf>
         <wf lemma="찾아와" pos="X">찾아와</wf>
         <wf lemma="…." pos="X">….</wf>
      </sentence>
      <sentence id="d000.s386" source="wordnet-korean">
         <instance id="d000.s386.t000" lemma="까닭" pos="NOUN">까닭</instance>
         <wf lemma="모를" pos="X">모를</wf>
         <wf lemma="일." pos="X">일.</wf>
      </sentence>
      <sentence id="d000.s387" source="wordnet-korean">
         <instance id="d000.s387.t000" lemma="간섭" pos="NOUN">간섭</instance>
         <wf lemma="받다." pos="X">받다.</wf>
      </sentence>
      <sentence id="d000.s388" source="wordnet-korean">
         <instance id="d000.s388.t000" lemma="공" pos="NOUN">공</instance>
         <wf lemma="과." pos="X">과.</wf>
      </sentence>
      <sentence id="d000.s389" source="wordnet-korean">
         <wf lemma="주권" pos="X">주권</wf>
         <instance id="d000.s389.t000" lemma="회복" pos="NOUN">회복</instance>
         <wf lemma="." pos="X">.</wf>
      </sentence>
      <sentence id="d000.s390" source="wordnet-korean">
         <instance id="d000.s390.t000" lemma="간섭" pos="NOUN">간섭</instance>
         <wf lemma="에서" pos="X">에서</wf>
         <wf lemma="벗어나다." pos="X">벗어나다.</wf>
      </sentence>
      <sentence id="d000.s391" source="wordnet-korean">
         <wf lemma="전화" pos="X">전화</wf>
         <instance id="d000.s391.t000" lemma="선로" pos="NOUN">선로</instance>
         <wf lemma="공사로" pos="X">공사로</wf>
         <wf lemma="교통이" pos="X">교통이</wf>
         <wf lemma="혼잡했다." pos="X">혼잡했다.</wf>
      </sentence>
      <sentence id="d000.s392" source="wordnet-korean">
         <wf lemma="날카로운" pos="X">날카로운</wf>
         <instance id="d000.s392.t000" lemma="비판" pos="NOUN">비판</instance>
         <wf lemma="." pos="X">.</wf>
      </sentence>
      <sentence id="d000.s393" source="wordnet-korean">
         <instance id="d000.s393.t000" lemma="풍문" pos="NOUN">풍문</instance>
         <wf lemma="으로" pos="X">으로</wf>
         <wf lemma="듣다." pos="X">듣다.</wf>
      </sentence>
      <sentence id="d000.s394" source="wordnet-korean">
         <instance id="d000.s394.t000" lemma="차례" pos="NOUN">차례</instance>
         <wf lemma="가" pos="X">가</wf>
         <wf lemma="정해진다." pos="X">정해진다.</wf>
      </sentence>
      <sentence id="d000.s395" source="wordnet-korean">
         <wf lemma="행렬의" pos="X">행렬의</wf>
         <instance id="d000.s395.t000" lemma="뒷머리" pos="NOUN">뒷머리</instance>
         <wf lemma="." pos="X">.</wf>
      </sentence>
      <sentence id="d000.s396" source="wordnet-korean">
         <instance id="d000.s396.t000" lemma="경위" pos="NOUN">경위</instance>
         <wf lemma="가" pos="X">가</wf>
         <wf lemma="바르다." pos="X">바르다.</wf>
      </sentence>
      <sentence id="d000.s397" source="wordnet-korean">
         <wf lemma="4분의" pos="X">4분의</wf>
         <wf lemma="3" pos="X">3</wf>
         <instance id="d000.s397.t000" lemma="박자" pos="NOUN">박자</instance>
         <wf lemma="." pos="X">.</wf>
      </sentence>
      <sentence id="d000.s398" source="wordnet-korean">
         <wf lemma="이" pos="X">이</wf>
         <wf lemma="고개" pos="X">고개</wf>
         <instance id="d000.s398.t000" lemma="마루" pos="NOUN">마루</instance>
         <wf lemma="에서" pos="X">에서</wf>
         <wf lemma="다리" pos="X">다리</wf>
         <wf lemma="좀" pos="X">좀</wf>
         <wf lemma="쉬자." pos="X">쉬자.</wf>
      </sentence>
      <sentence id="d000.s399" source="wordnet-korean">
         <wf lemma="묵" pos="X">묵</wf>
         <wf lemma="두" pos="X">두</wf>
         <instance id="d000.s399.t000" lemma="모" pos="NOUN">모</instance>
         <wf lemma="." pos="X">.</wf>
      </sentence>
      <sentence id="d000.s400" source="wordnet-korean">
         <instance id="d000.s400.t000" lemma="특색" pos="NOUN">특색</instance>
         <wf lemma="이" pos="X">이</wf>
         <wf lemma="뚜렷하다." pos="X">뚜렷하다.</wf>
      </sentence>
      <sentence id="d000.s401" source="wordnet-korean">
         <wf lemma="떠날" pos="X">떠날</wf>
         <wf lemma="시간이" pos="X">시간이</wf>
         <wf lemma="아직도" pos="X">아직도</wf>
         <wf lemma="두" pos="X">두</wf>
         <wf lemma="시간이나" pos="X">시간이나</wf>
         <wf lemma="남았는데" pos="X">남았는데</wf>
         <wf lemma="웬" pos="X">웬</wf>
         <instance id="d000.s401.t000" lemma="채근" pos="NOUN">채근</instance>
         <wf lemma="이" pos="X">이</wf>
         <wf lemma="그리" pos="X">그리</wf>
         <wf lemma="심하오." pos="X">심하오.</wf>
      </sentence>
      <sentence id="d000.s402" source="wordnet-korean">
         <wf lemma="양적" pos="X">양적</wf>
         <instance id="d000.s402.t000" lemma="변화" pos="NOUN">변화</instance>
         <wf lemma="." pos="X">.</wf>
      </sentence>
      <sentence id="d000.s403" source="wordnet-korean">
         <instance id="d000.s403.t000" lemma="교분" pos="NOUN">교분</instance>
         <wf lemma="이" pos="X">이</wf>
         <wf lemma="자별하다." pos="X">자별하다.</wf>
      </sentence>
      <sentence id="d000.s404" source="wordnet-korean">
         <instance id="d000.s404.t000" lemma="주름" pos="NOUN">주름</instance>
         <wf lemma="이" pos="X">이</wf>
         <wf lemma="간" pos="X">간</wf>
         <wf lemma="치마." pos="X">치마.</wf>
      </sentence>
      <sentence id="d000.s405" source="wordnet-korean">
         <wf lemma="그" pos="X">그</wf>
         <wf lemma="장사한테" pos="X">장사한테</wf>
         <instance id="d000.s405.t000" lemma="상대" pos="NOUN">상대</instance>
         <wf lemma="가" pos="X">가</wf>
         <wf lemma="될" pos="X">될</wf>
         <wf lemma="선수가" pos="X">선수가</wf>
         <wf lemma="누굴까?." pos="X">누굴까?.</wf>
      </sentence>
      <sentence id="d000.s406" source="wordnet-korean">
         <wf lemma="그" pos="X">그</wf>
         <wf lemma="아무도" pos="X">아무도</wf>
         <wf lemma="몇" pos="X">몇</wf>
         <wf lemma="분" pos="X">분</wf>
         <wf lemma="후의" pos="X">후의</wf>
         <instance id="d000.s406.t000" lemma="운명" pos="NOUN">운명</instance>
         <wf lemma="도" pos="X">도</wf>
         <wf lemma="헤아릴" pos="X">헤아릴</wf>
         <wf lemma="수" pos="X">수</wf>
         <wf lemma="없는" pos="X">없는</wf>
         <wf lemma="채로." pos="X">채로.</wf>
      </sentence>
      <sentence id="d000.s407" source="wordnet-korean">
         <instance id="d000.s407.t000" lemma="단청" pos="NOUN">단청</instance>
         <wf lemma="이" pos="X">이</wf>
         <wf lemma="선명한" pos="X">선명한</wf>
         <wf lemma="남대문." pos="X">남대문.</wf>
      </sentence>
      <sentence id="d000.s408" source="wordnet-korean">
         <instance id="d000.s408.t000" lemma="소음" pos="NOUN">소음</instance>
         <wf lemma="공해." pos="X">공해.</wf>
      </sentence>
      <sentence id="d000.s409" source="wordnet-korean">
         <instance id="d000.s409.t000" lemma="독서" pos="NOUN">독서</instance>
         <wf lemma="의" pos="X">의</wf>
         <wf lemma="생활화." pos="X">생활화.</wf>
      </sentence>
      <sentence id="d000.s410" source="wordnet-korean">
         <wf lemma="또" pos="X">또</wf>
         <wf lemma="이상한" pos="X">이상한</wf>
         <instance id="d000.s410.t000" lemma="설" pos="NOUN">설</instance>
         <wf lemma="이" pos="X">이</wf>
         <wf lemma="떠돌고" pos="X">떠돌고</wf>
         <wf lemma="있다." pos="X">있다.</wf>
      </sentence>
      <sentence id="d000.s411" source="wordnet-korean">
         <wf lemma="해어진" pos="X">해어진</wf>
         <wf lemma="양말" pos="X">양말</wf>
         <instance id="d000.s411.t000" lemma="밖" pos="NOUN">밖</instance>
         <wf lemma="으로" pos="X">으로</wf>
         <wf lemma="내민" pos="X">내민</wf>
         <wf lemma="엄지발가락." pos="X">엄지발가락.</wf>
      </sentence>
      <sentence id="d000.s412" source="wordnet-korean">
         <instance id="d000.s412.t000" lemma="질곡" pos="NOUN">질곡</instance>
         <wf lemma="을" pos="X">을</wf>
         <wf lemma="벗어나다." pos="X">벗어나다.</wf>
      </sentence>
      <sentence id="d000.s413" source="wordnet-korean">
         <wf lemma="긴" pos="X">긴</wf>
         <instance id="d000.s413.t000" lemma="여행" pos="NOUN">여행</instance>
         <wf lemma="을" pos="X">을</wf>
         <wf lemma="떠나다." pos="X">떠나다.</wf>
      </sentence>
      <sentence id="d000.s414" source="wordnet-korean">
         <instance id="d000.s414.t000" lemma="어둠" pos="NOUN">어둠</instance>
         <wf lemma="에" pos="X">에</wf>
         <wf lemma="싸이다." pos="X">싸이다.</wf>
      </sentence>
      <sentence id="d000.s415" source="wordnet-korean">
         <instance id="d000.s415.t000" lemma="발음" pos="NOUN">발음</instance>
         <wf lemma="이" pos="X">이</wf>
         <wf lemma="틀렸다." pos="X">틀렸다.</wf>
      </sentence>
      <sentence id="d000.s416" source="wordnet-korean">
         <instance id="d000.s416.t000" lemma="뒷머리" pos="NOUN">뒷머리</instance>
         <wf lemma="로" pos="X">로</wf>
         <wf lemma="갈수록" pos="X">갈수록</wf>
         <wf lemma="난해한" pos="X">난해한</wf>
         <wf lemma="강연." pos="X">강연.</wf>
      </sentence>
      <sentence id="d000.s417" source="wordnet-korean">
         <wf lemma="십" pos="X">십</wf>
         <wf lemma="구" pos="X">구</wf>
         <wf lemma="세기" pos="X">세기</wf>
         <instance id="d000.s417.t000" lemma="말엽" pos="NOUN">말엽</instance>
         <wf lemma="." pos="X">.</wf>
      </sentence>
      <sentence id="d000.s418" source="wordnet-korean">
         <wf lemma="오늘은" pos="X">오늘은</wf>
         <wf lemma="늦었으니" pos="X">늦었으니</wf>
         <instance id="d000.s418.t000" lemma="다음" pos="NOUN">다음</instance>
         <wf lemma="에" pos="X">에</wf>
         <wf lemma="만나서" pos="X">만나서</wf>
         <wf lemma="이야기하세." pos="X">이야기하세.</wf>
      </sentence>
      <sentence id="d000.s419" source="wordnet-korean">
         <instance id="d000.s419.t000" lemma="통치자" pos="NOUN">통치자</instance>
         <wf lemma="를" pos="X">를</wf>
         <wf lemma="잃었다." pos="X">잃었다.</wf>
      </sentence>
      <sentence id="d000.s420" source="wordnet-korean">
         <instance id="d000.s420.t000" lemma="배급" pos="NOUN">배급</instance>
         <wf lemma="제도." pos="X">제도.</wf>
      </sentence>
      <sentence id="d000.s421" source="wordnet-korean">
         <instance id="d000.s421.t000" lemma="신뢰" pos="NOUN">신뢰</instance>
         <wf lemma="를" pos="X">를</wf>
         <wf lemma="받다." pos="X">받다.</wf>
      </sentence>
      <sentence id="d000.s422" source="wordnet-korean">
         <instance id="d000.s422.t000" lemma="주" pos="NOUN">주</instance>
         <wf lemma="가" pos="X">가</wf>
         <wf lemma="되는" pos="X">되는</wf>
         <wf lemma="내용." pos="X">내용.</wf>
      </sentence>
      <sentence id="d000.s423" source="wordnet-korean">
         <instance id="d000.s423.t000" lemma="간과" pos="NOUN">간과</instance>
         <wf lemma="를" pos="X">를</wf>
         <wf lemma="거두다." pos="X">거두다.</wf>
      </sentence>
      <sentence id="d000.s424" source="wordnet-korean">
         <wf lemma="사업" pos="X">사업</wf>
         <instance id="d000.s424.t000" lemma="계획" pos="NOUN">계획</instance>
         <wf lemma="." pos="X">.</wf>
      </sentence>
      <sentence id="d000.s425" source="wordnet-korean">
         <wf lemma="침떡" pos="X">침떡</wf>
         <wf lemma="■" pos="X">■</wf>
         <instance id="d000.s425.t000" lemma="빗" pos="NOUN">빗</instance>
         <wf lemma="주나" pos="X">주나</wf>
         <wf lemma="마나." pos="X">마나.</wf>
      </sentence>
      <sentence id="d000.s426" source="wordnet-korean">
         <instance id="d000.s426.t000" lemma="꿀" pos="NOUN">꿀</instance>
         <wf lemma="을" pos="X">을</wf>
         <wf lemma="따다." pos="X">따다.</wf>
      </sentence>
      <sentence id="d000.s427" source="wordnet-korean">
         <wf lemma="울고" pos="X">울고</wf>
         <wf lemma="싶은" pos="X">싶은</wf>
         <instance id="d000.s427.t000" lemma="심정" pos="NOUN">심정</instance>
         <wf lemma="." pos="X">.</wf>
      </sentence>
      <sentence id="d000.s428" source="wordnet-korean">
         <instance id="d000.s428.t000" lemma="장수" pos="NOUN">장수</instance>
         <wf lemma="는" pos="X">는</wf>
         <wf lemma="은혜로써" pos="X">은혜로써</wf>
         <wf lemma="여러" pos="X">여러</wf>
         <wf lemma="군사의" pos="X">군사의</wf>
         <wf lemma="마음을" pos="X">마음을</wf>
         <wf lemma="복종케" pos="X">복종케</wf>
         <wf lemma="하며" pos="X">하며</wf>
         <wf lemma="위엄으로써" pos="X">위엄으로써</wf>
         <wf lemma="여러" pos="X">여러</wf>
         <wf lemma="군사에게" pos="X">군사에게</wf>
         <wf lemma="군령을" pos="X">군령을</wf>
         <wf lemma="행하나니." pos="X">행하나니.</wf>
      </sentence>
      <sentence id="d000.s429" source="wordnet-korean">
         <instance id="d000.s429.t000" lemma="짐" pos="NOUN">짐</instance>
         <wf lemma="을" pos="X">을</wf>
         <wf lemma="지다." pos="X">지다.</wf>
      </sentence>
      <sentence id="d000.s430" source="wordnet-korean">
         <instance id="d000.s430.t000" lemma="공중" pos="NOUN">공중</instance>
         <wf lemma="폭발." pos="X">폭발.</wf>
      </sentence>
      <sentence id="d000.s431" source="wordnet-korean">
         <instance id="d000.s431.t000" lemma="위액" pos="NOUN">위액</instance>
         <wf lemma="검사." pos="X">검사.</wf>
      </sentence>
      <sentence id="d000.s432" source="wordnet-korean">
         <instance id="d000.s432.t000" lemma="교과" pos="NOUN">교과</instance>
         <wf lemma="내용." pos="X">내용.</wf>
      </sentence>
      <sentence id="d000.s433" source="wordnet-korean">
         <instance id="d000.s433.t000" lemma="오열" pos="NOUN">오열</instance>
         <wf lemma="유체." pos="X">유체.</wf>
      </sentence>
      <sentence id="d000.s434" source="wordnet-korean">
         <wf lemma="만유인력의" pos="X">만유인력의</wf>
         <instance id="d000.s434.t000" lemma="법칙" pos="NOUN">법칙</instance>
         <wf lemma="." pos="X">.</wf>
      </sentence>
      <sentence id="d000.s435" source="wordnet-korean">
         <wf lemma="산업" pos="X">산업</wf>
         <instance id="d000.s435.t000" lemma="발달" pos="NOUN">발달</instance>
         <wf lemma="." pos="X">.</wf>
      </sentence>
      <sentence id="d000.s436" source="wordnet-korean">
         <wf lemma="농기구" pos="X">농기구</wf>
         <instance id="d000.s436.t000" lemma="제작" pos="NOUN">제작</instance>
         <wf lemma="." pos="X">.</wf>
      </sentence>
      <sentence id="d000.s437" source="wordnet-korean">
         <wf lemma="고지" pos="X">고지</wf>
         <instance id="d000.s437.t000" lemma="점령" pos="NOUN">점령</instance>
         <wf lemma="." pos="X">.</wf>
      </sentence>
      <sentence id="d000.s438" source="wordnet-korean">
         <instance id="d000.s438.t000" lemma="건설" pos="NOUN">건설</instance>
         <wf lemma="공사." pos="X">공사.</wf>
      </sentence>
      <sentence id="d000.s439" source="wordnet-korean">
         <wf lemma="한" pos="X">한</wf>
         <instance id="d000.s439.t000" lemma="소년" pos="NOUN">소년</instance>
         <wf lemma="여자" pos="X">여자</wf>
         <wf lemma="홀로" pos="X">홀로</wf>
         <wf lemma="앉아" pos="X">앉아</wf>
         <wf lemma="울거늘…." pos="X">울거늘….</wf>
      </sentence>
      <sentence id="d000.s440" source="wordnet-korean">
         <wf lemma="그는" pos="X">그는</wf>
         <wf lemma="밤새껏" pos="X">밤새껏</wf>
         <wf lemma="마신" pos="X">마신</wf>
         <wf lemma="술로" pos="X">술로</wf>
         <wf lemma="그만" pos="X">그만</wf>
         <instance id="d000.s440.t000" lemma="곤죽" pos="NOUN">곤죽</instance>
         <wf lemma="이" pos="X">이</wf>
         <wf lemma="되고" pos="X">되고</wf>
         <wf lemma="말았다." pos="X">말았다.</wf>
      </sentence>
      <sentence id="d000.s441" source="wordnet-korean">
         <wf lemma="밝은" pos="X">밝은</wf>
         <instance id="d000.s441.t000" lemma="기색" pos="NOUN">기색</instance>
         <wf lemma="." pos="X">.</wf>
      </sentence>
      <sentence id="d000.s442" source="wordnet-korean">
         <wf lemma="몸" pos="X">몸</wf>
         <instance id="d000.s442.t000" lemma="수색" pos="NOUN">수색</instance>
         <wf lemma="." pos="X">.</wf>
      </sentence>
      <sentence id="d000.s443" source="wordnet-korean">
         <instance id="d000.s443.t000" lemma="끝" pos="NOUN">끝</instance>
         <wf lemma="시간." pos="X">시간.</wf>
      </sentence>
      <sentence id="d000.s444" source="wordnet-korean">
         <instance id="d000.s444.t000" lemma="특징" pos="NOUN">특징</instance>
         <wf lemma="을" pos="X">을</wf>
         <wf lemma="찾다." pos="X">찾다.</wf>
      </sentence>
      <sentence id="d000.s445" source="wordnet-korean">
         <wf lemma="방을" pos="X">방을</wf>
         <instance id="d000.s445.t000" lemma="꾸미다" pos="VERB">꾸미다</instance>
         <wf lemma="." pos="X">.</wf>
      </sentence>
      <sentence id="d000.s446" source="wordnet-korean">
         <wf lemma="원고" pos="X">원고</wf>
         <instance id="d000.s446.t000" lemma="모집" pos="NOUN">모집</instance>
         <wf lemma="." pos="X">.</wf>
      </sentence>
      <sentence id="d000.s447" source="wordnet-korean">
         <wf lemma="이익" pos="X">이익</wf>
         <instance id="d000.s447.t000" lemma="배당" pos="NOUN">배당</instance>
         <wf lemma="." pos="X">.</wf>
      </sentence>
      <sentence id="d000.s448" source="wordnet-korean">
         <wf lemma="네" pos="X">네</wf>
         <instance id="d000.s448.t000" lemma="딴" pos="NOUN">딴</instance>
         <wf lemma="에는" pos="X">에는</wf>
         <wf lemma="그런" pos="X">그런</wf>
         <wf lemma="줄" pos="X">줄</wf>
         <wf lemma="믿겠지만." pos="X">믿겠지만.</wf>
      </sentence>
      <sentence id="d000.s449" source="wordnet-korean">
         <instance id="d000.s449.t000" lemma="실험" pos="NOUN">실험</instance>
         <wf lemma="교육." pos="X">교육.</wf>
      </sentence>
      <sentence id="d000.s450" source="wordnet-korean">
         <instance id="d000.s450.t000" lemma="달리기" pos="NOUN">달리기</instance>
         <wf lemma="선수." pos="X">선수.</wf>
      </sentence>
      <sentence id="d000.s451" source="wordnet-korean">
         <instance id="d000.s451.t000" lemma="티끌" pos="NOUN">티끌</instance>
         <wf lemma="이" pos="X">이</wf>
         <wf lemma="일어난다." pos="X">일어난다.</wf>
      </sentence>
      <sentence id="d000.s452" source="wordnet-korean">
         <wf lemma="전화" pos="X">전화</wf>
         <instance id="d000.s452.t000" lemma="가설" pos="NOUN">가설</instance>
         <wf lemma="." pos="X">.</wf>
      </sentence>
      <sentence id="d000.s453" source="wordnet-korean">
         <instance id="d000.s453.t000" lemma="갈퀴" pos="NOUN">갈퀴</instance>
         <wf lemma="로" pos="X">로</wf>
         <wf lemma="긁다." pos="X">긁다.</wf>
      </sentence>
      <sentence id="d000.s454" source="wordnet-korean">
         <wf lemma="국민들이" pos="X">국민들이</wf>
         <wf lemma="다양한" pos="X">다양한</wf>
         <instance id="d000.s454.t000" lemma="목소리" pos="NOUN">목소리</instance>
         <wf lemma="." pos="X">.</wf>
      </sentence>
      <sentence id="d000.s455" source="wordnet-korean">
         <wf lemma="빈민" pos="X">빈민</wf>
         <instance id="d000.s455.t000" lemma="구호" pos="NOUN">구호</instance>
         <wf lemma="사업." pos="X">사업.</wf>
      </sentence>
      <sentence id="d000.s456" source="wordnet-korean">
         <instance id="d000.s456.t000" lemma="녹음" pos="NOUN">녹음</instance>
         <wf lemma="이" pos="X">이</wf>
         <wf lemma="잘" pos="X">잘</wf>
         <wf lemma="되었다." pos="X">되었다.</wf>
      </sentence>
      <sentence id="d000.s457" source="wordnet-korean">
         <wf lemma="비가" pos="X">비가</wf>
         <wf lemma="내리자" pos="X">내리자</wf>
         <wf lemma="황톳길을" pos="X">황톳길을</wf>
         <wf lemma="금방" pos="X">금방</wf>
         <instance id="d000.s457.t000" lemma="곤죽" pos="NOUN">곤죽</instance>
         <wf lemma="이" pos="X">이</wf>
         <wf lemma="되어" pos="X">되어</wf>
         <wf lemma="버렸다." pos="X">버렸다.</wf>
      </sentence>
      <sentence id="d000.s458" source="wordnet-korean">
         <instance id="d000.s458.t000" lemma="단체" pos="NOUN">단체</instance>
         <wf lemma="가" pos="X">가</wf>
         <wf lemma="생기다." pos="X">생기다.</wf>
      </sentence>
      <sentence id="d000.s459" source="wordnet-korean">
         <instance id="d000.s459.t000" lemma="셈" pos="NOUN">셈</instance>
         <wf lemma="이" pos="X">이</wf>
         <wf lemma="흐리다." pos="X">흐리다.</wf>
      </sentence>
      <sentence id="d000.s460" source="wordnet-korean">
         <instance id="d000.s460.t000" lemma="풍문" pos="NOUN">풍문</instance>
         <wf lemma="에" pos="X">에</wf>
         <wf lemma="시달리다." pos="X">시달리다.</wf>
      </sentence>
      <sentence id="d000.s461" source="wordnet-korean">
         <instance id="d000.s461.t000" lemma="모" pos="NOUN">모</instance>
         <wf lemma="로" pos="X">로</wf>
         <wf lemma="던져" pos="X">던져</wf>
         <wf lemma="마름쇠." pos="X">마름쇠.</wf>
      </sentence>
      <sentence id="d000.s462" source="wordnet-korean">
         <wf lemma="인구" pos="X">인구</wf>
         <instance id="d000.s462.t000" lemma="팽창" pos="NOUN">팽창</instance>
         <wf lemma="." pos="X">.</wf>
      </sentence>
      <sentence id="d000.s463" source="wordnet-korean">
         <instance id="d000.s463.t000" lemma="부정" pos="NOUN">부정</instance>
         <wf lemma="행위." pos="X">행위.</wf>
      </sentence>
      <sentence id="d000.s464" source="wordnet-korean">
         <wf lemma="궂은" pos="X">궂은</wf>
         <instance id="d000.s464.t000" lemma="날씨" pos="NOUN">날씨</instance>
         <wf lemma="." pos="X">.</wf>
      </sentence>
      <sentence id="d000.s465" source="wordnet-korean">
         <wf lemma="명랑한" pos="X">명랑한</wf>
         <instance id="d000.s465.t000" lemma="성격" pos="NOUN">성격</instance>
         <wf lemma="." pos="X">.</wf>
      </sentence>
      <sentence id="d000.s466" source="wordnet-korean">
         <wf lemma="집안" pos="X">집안</wf>
         <instance id="d000.s466.t000" lemma="걱정" pos="NOUN">걱정</instance>
         <wf lemma="." pos="X">.</wf>
      </sentence>
      <sentence id="d000.s467" source="wordnet-korean">
         <instance id="d000.s467.t000" lemma="방울" pos="NOUN">방울</instance>
         <wf lemma="을" pos="X">을</wf>
         <wf lemma="흔든다." pos="X">흔든다.</wf>
      </sentence>
      <sentence id="d000.s468" source="wordnet-korean">
         <wf lemma="불의" pos="X">불의</wf>
         <instance id="d000.s468.t000" lemma="힘" pos="NOUN">힘</instance>
         <wf lemma="." pos="X">.</wf>
      </sentence>
      <sentence id="d000.s469" source="wordnet-korean">
         <wf lemma="동료" pos="X">동료</wf>
         <instance id="d000.s469.t000" lemma="직원" pos="NOUN">직원</instance>
         <wf lemma="." pos="X">.</wf>
      </sentence>
      <sentence id="d000.s470" source="wordnet-korean">
         <instance id="d000.s470.t000" lemma="짬" pos="NOUN">짬</instance>
         <wf lemma="을" pos="X">을</wf>
         <wf lemma="내어" pos="X">내어</wf>
         <wf lemma="찾아" pos="X">찾아</wf>
         <wf lemma="보았다." pos="X">보았다.</wf>
      </sentence>
      <sentence id="d000.s471" source="wordnet-korean">
         <instance id="d000.s471.t000" lemma="심판" pos="NOUN">심판</instance>
         <wf lemma="에는" pos="X">에는</wf>
         <wf lemma="가정법원의" pos="X">가정법원의</wf>
         <wf lemma="재판의" pos="X">재판의</wf>
         <wf lemma="뜻도" pos="X">뜻도</wf>
         <wf lemma="가지며," pos="X">가지며,</wf>
         <wf lemma="행정기관의" pos="X">행정기관의</wf>
         <wf lemma="심리재결의" pos="X">심리재결의</wf>
         <wf lemma="뜻도" pos="X">뜻도</wf>
         <wf lemma="가진다." pos="X">가진다.</wf>
      </sentence>
      <sentence id="d000.s472" source="wordnet-korean">
         <instance id="d000.s472.t000" lemma="대운" pos="NOUN">대운</instance>
         <wf lemma="이" pos="X">이</wf>
         <wf lemma="뻗쳤다." pos="X">뻗쳤다.</wf>
      </sentence>
      <sentence id="d000.s473" source="wordnet-korean">
         <wf lemma="좌우" pos="X">좌우</wf>
         <wf lemma="백관은" pos="X">백관은</wf>
         <wf lemma="노균의" pos="X">노균의</wf>
         <wf lemma="기색에" pos="X">기색에</wf>
         <instance id="d000.s473.t000" lemma="압축" pos="NOUN">압축</instance>
         <wf lemma="되어" pos="X">되어</wf>
         <wf lemma="입도" pos="X">입도</wf>
         <wf lemma="못" pos="X">못</wf>
         <wf lemma="벌렸다." pos="X">벌렸다.</wf>
      </sentence>
      <sentence id="d000.s474" source="wordnet-korean">
         <wf lemma="누구에게나" pos="X">누구에게나</wf>
         <wf lemma="한" pos="X">한</wf>
         <wf lemma="가지" pos="X">가지</wf>
         <instance id="d000.s474.t000" lemma="능" pos="NOUN">능</instance>
         <wf lemma="은" pos="X">은</wf>
         <wf lemma="있게" pos="X">있게</wf>
         <wf lemma="마련이다." pos="X">마련이다.</wf>
      </sentence>
      <sentence id="d000.s475" source="wordnet-korean">
         <wf lemma="버스를" pos="X">버스를</wf>
         <instance id="d000.s475.t000" lemma="내리다" pos="VERB">내리다</instance>
         <wf lemma="." pos="X">.</wf>
      </sentence>
      <sentence id="d000.s476" source="wordnet-korean">
         <wf lemma="토론의" pos="X">토론의</wf>
         <instance id="d000.s476.t000" lemma="요지" pos="NOUN">요지</instance>
         <wf lemma="를" pos="X">를</wf>
         <wf lemma="미리" pos="X">미리</wf>
         <wf lemma="발표해" pos="X">발표해</wf>
         <wf lemma="주십시오." pos="X">주십시오.</wf>
      </sentence>
      <sentence id="d000.s477" source="wordnet-korean">
         <instance id="d000.s477.t000" lemma="붕당" pos="NOUN">붕당</instance>
         <wf lemma="을" pos="X">을</wf>
         <wf lemma="짓는다." pos="X">짓는다.</wf>
      </sentence>
      <sentence id="d000.s478" source="wordnet-korean">
         <wf lemma="청년대" pos="X">청년대</wf>
         <instance id="d000.s478.t000" lemma="대장" pos="NOUN">대장</instance>
         <wf lemma="." pos="X">.</wf>
      </sentence>
      <sentence id="d000.s479" source="wordnet-korean">
         <instance id="d000.s479.t000" lemma="빛깔" pos="NOUN">빛깔</instance>
         <wf lemma="이" pos="X">이</wf>
         <wf lemma="곱다." pos="X">곱다.</wf>
      </sentence>
      <sentence id="d000.s480" source="wordnet-korean">
         <wf lemma="신체" pos="X">신체</wf>
         <instance id="d000.s480.t000" lemma="발달" pos="NOUN">발달</instance>
         <wf lemma="." pos="X">.</wf>
      </sentence>
      <sentence id="d000.s481" source="wordnet-korean">
         <wf lemma="이" pos="X">이</wf>
         <wf lemma="벼루는" pos="X">벼루는</wf>
         <instance id="d000.s481.t000" lemma="명품" pos="NOUN">명품</instance>
         <wf lemma="이다." pos="X">이다.</wf>
      </sentence>
      <sentence id="d000.s482" source="wordnet-korean">
         <wf lemma="두" pos="X">두</wf>
         <instance id="d000.s482.t000" lemma="번" pos="NOUN">번</instance>
         <wf lemma="." pos="X">.</wf>
      </sentence>
      <sentence id="d000.s483" source="wordnet-korean">
         <wf lemma="그는" pos="X">그는</wf>
         <wf lemma="일에" pos="X">일에</wf>
         <wf lemma="열중할" pos="X">열중할</wf>
         <wf lemma="땐" pos="X">땐</wf>
         <wf lemma="한동안" pos="X">한동안</wf>
         <wf lemma="눈을" pos="X">눈을</wf>
         <wf lemma="감는" pos="X">감는</wf>
         <instance id="d000.s483.t000" lemma="버릇" pos="NOUN">버릇</instance>
         <wf lemma="이" pos="X">이</wf>
         <wf lemma="있다." pos="X">있다.</wf>
      </sentence>
      <sentence id="d000.s484" source="wordnet-korean">
         <instance id="d000.s484.t000" lemma="산수" pos="NOUN">산수</instance>
         <wf lemma="수업." pos="X">수업.</wf>
      </sentence>
      <sentence id="d000.s485" source="wordnet-korean">
         <instance id="d000.s485.t000" lemma="신수" pos="NOUN">신수</instance>
         <wf lemma="가" pos="X">가</wf>
         <wf lemma="나쁘다." pos="X">나쁘다.</wf>
      </sentence>
      <sentence id="d000.s486" source="wordnet-korean">
         <instance id="d000.s486.t000" lemma="빛" pos="NOUN">빛</instance>
         <wf lemma="을" pos="X">을</wf>
         <wf lemma="비추다." pos="X">비추다.</wf>
      </sentence>
      <sentence id="d000.s487" source="wordnet-korean">
         <instance id="d000.s487.t000" lemma="덕" pos="NOUN">덕</instance>
         <wf lemma="이" pos="X">이</wf>
         <wf lemma="있는" pos="X">있는</wf>
         <wf lemma="사람." pos="X">사람.</wf>
      </sentence>
      <sentence id="d000.s488" source="wordnet-korean">
         <wf lemma="원서" pos="X">원서</wf>
         <instance id="d000.s488.t000" lemma="배부" pos="NOUN">배부</instance>
         <wf lemma="." pos="X">.</wf>
      </sentence>
      <sentence id="d000.s489" source="wordnet-korean">
         <wf lemma="이제야" pos="X">이제야</wf>
         <instance id="d000.s489.t000" lemma="제정신" pos="NOUN">제정신</instance>
         <wf lemma="이" pos="X">이</wf>
         <wf lemma="돌아왔구먼." pos="X">돌아왔구먼.</wf>
      </sentence>
      <sentence id="d000.s490" source="wordnet-korean">
         <instance id="d000.s490.t000" lemma="기업" pos="NOUN">기업</instance>
         <wf lemma="을" pos="X">을</wf>
         <wf lemma="경영하다." pos="X">경영하다.</wf>
      </sentence>
      <sentence id="d000.s491" source="wordnet-korean">
         <instance id="d000.s491.t000" lemma="눈" pos="NOUN">눈</instance>
         <wf lemma="이" pos="X">이</wf>
         <wf lemma="녹는다." pos="X">녹는다.</wf>
      </sentence>
      <sentence id="d000.s492" source="wordnet-korean">
         <wf lemma="세상" pos="X">세상</wf>
         <instance id="d000.s492.t000" lemma="만물" pos="NOUN">만물</instance>
         <wf lemma="을" pos="X">을</wf>
         <wf lemma="다" pos="X">다</wf>
         <wf lemma="아는" pos="X">아는</wf>
         <wf lemma="사람." pos="X">사람.</wf>
      </sentence>
      <sentence id="d000.s493" source="wordnet-korean">
         <instance id="d000.s493.t000" lemma="밤" pos="NOUN">밤</instance>
         <wf lemma="을" pos="X">을</wf>
         <wf lemma="새우다." pos="X">새우다.</wf>
      </sentence>
      <sentence id="d000.s494" source="wordnet-korean">
         <instance id="d000.s494.t000" lemma="생명" pos="NOUN">생명</instance>
         <wf lemma="과" pos="X">과</wf>
         <wf lemma="바꿀" pos="X">바꿀</wf>
         <wf lemma="수" pos="X">수</wf>
         <wf lemma="있는" pos="X">있는</wf>
         <wf lemma="귀중한" pos="X">귀중한</wf>
         <wf lemma="것이" pos="X">것이</wf>
         <wf lemma="어디에" pos="X">어디에</wf>
         <wf lemma="있겠는가?." pos="X">있겠는가?.</wf>
      </sentence>
      <sentence id="d000.s495" source="wordnet-korean">
         <wf lemma="사람" pos="X">사람</wf>
         <instance id="d000.s495.t000" lemma="소개" pos="NOUN">소개</instance>
         <wf lemma="." pos="X">.</wf>
      </sentence>
      <sentence id="d000.s496" source="wordnet-korean">
         <wf lemma="등록" pos="X">등록</wf>
         <instance id="d000.s496.t000" lemma="번호" pos="NOUN">번호</instance>
         <wf lemma="." pos="X">.</wf>
      </sentence>
      <sentence id="d000.s497" source="wordnet-korean">
         <instance id="d000.s497.t000" lemma="구타" pos="NOUN">구타</instance>
         <wf lemma="금지." pos="X">금지.</wf>
      </sentence>
      <sentence id="d000.s498" source="wordnet-korean">
         <instance id="d000.s498.t000" lemma="백반" pos="NOUN">백반</instance>
         <wf lemma="사항." pos="X">사항.</wf>
      </sentence>
      <sentence id="d000.s499" source="wordnet-korean">
         <wf lemma="영화" pos="X">영화</wf>
         <instance id="d000.s499.t000" lemma="구경" pos="NOUN">구경</instance>
         <wf lemma="." pos="X">.</wf>
      </sentence>
      <sentence id="d000.s500" source="wordnet-korean">
         <instance id="d000.s500.t000" lemma="우수" pos="NOUN">우수</instance>
         <wf lemma="에" pos="X">에</wf>
         <wf lemma="찬" pos="X">찬</wf>
         <wf lemma="얼굴." pos="X">얼굴.</wf>
      </sentence>
      <sentence id="d000.s501" source="wordnet-korean">
         <instance id="d000.s501.t000" lemma="공상" pos="NOUN">공상</instance>
         <wf lemma="만화." pos="X">만화.</wf>
      </sentence>
      <sentence id="d000.s502" source="wordnet-korean">
         <wf lemma="밟은" pos="X">밟은</wf>
         <wf lemma="내일의" pos="X">내일의</wf>
         <instance id="d000.s502.t000" lemma="생각" pos="NOUN">생각</instance>
         <wf lemma="으로" pos="X">으로</wf>
         <wf lemma="즐겁기만" pos="X">즐겁기만</wf>
         <wf lemma="했다." pos="X">했다.</wf>
      </sentence>
      <sentence id="d000.s503" source="wordnet-korean">
         <wf lemma="미술" pos="X">미술</wf>
         <instance id="d000.s503.t000" lemma="반" pos="NOUN">반</instance>
         <wf lemma="." pos="X">.</wf>
      </sentence>
      <sentence id="d000.s504" source="wordnet-korean">
         <instance id="d000.s504.t000" lemma="밥" pos="NOUN">밥</instance>
         <wf lemma="과" pos="X">과</wf>
         <wf lemma="죽." pos="X">죽.</wf>
      </sentence>
      <sentence id="d000.s505" source="wordnet-korean">
         <wf lemma="여러" pos="X">여러</wf>
         <wf lemma="사람" pos="X">사람</wf>
         <wf lemma="앞에" pos="X">앞에</wf>
         <instance id="d000.s505.t000" lemma="모양" pos="NOUN">모양</instance>
         <wf lemma="이" pos="X">이</wf>
         <wf lemma="말이" pos="X">말이</wf>
         <wf lemma="아니었다." pos="X">아니었다.</wf>
      </sentence>
      <sentence id="d000.s506" source="wordnet-korean">
         <instance id="d000.s506.t000" lemma="사이" pos="NOUN">사이</instance>
         <wf lemma="를" pos="X">를</wf>
         <wf lemma="넓히다." pos="X">넓히다.</wf>
      </sentence>
      <sentence id="d000.s507" source="wordnet-korean">
         <instance id="d000.s507.t000" lemma="혐의" pos="NOUN">혐의</instance>
         <wf lemma="가" pos="X">가</wf>
         <wf lemma="풀리다." pos="X">풀리다.</wf>
      </sentence>
      <sentence id="d000.s508" source="wordnet-korean">
         <instance id="d000.s508.t000" lemma="거름" pos="NOUN">거름</instance>
         <wf lemma="을" pos="X">을</wf>
         <wf lemma="주다." pos="X">주다.</wf>
      </sentence>
      <sentence id="d000.s509" source="wordnet-korean">
         <instance id="d000.s509.t000" lemma="단장" pos="NOUN">단장</instance>
         <wf lemma="을" pos="X">을</wf>
         <wf lemma="짚다." pos="X">짚다.</wf>
      </sentence>
      <sentence id="d000.s510" source="wordnet-korean">
         <instance id="d000.s510.t000" lemma="보고" pos="NOUN">보고</instance>
         <wf lemma="를" pos="X">를</wf>
         <wf lemma="받다." pos="X">받다.</wf>
      </sentence>
      <sentence id="d000.s511" source="wordnet-korean">
         <wf lemma="어머님의" pos="X">어머님의</wf>
         <instance id="d000.s511.t000" lemma="여생" pos="NOUN">여생</instance>
         <wf lemma="을" pos="X">을</wf>
         <wf lemma="즐겁게" pos="X">즐겁게</wf>
         <wf lemma="해드리다." pos="X">해드리다.</wf>
      </sentence>
      <sentence id="d000.s512" source="wordnet-korean">
         <wf lemma="■x■의" pos="X">■x■의</wf>
         <instance id="d000.s512.t000" lemma="값" pos="NOUN">값</instance>
         <wf lemma="." pos="X">.</wf>
      </sentence>
      <sentence id="d000.s513" source="wordnet-korean">
         <instance id="d000.s513.t000" lemma="불" pos="NOUN">불</instance>
         <wf lemma="을" pos="X">을</wf>
         <wf lemma="때다." pos="X">때다.</wf>
      </sentence>
      <sentence id="d000.s514" source="wordnet-korean">
         <wf lemma="의식주" pos="X">의식주</wf>
         <instance id="d000.s514.t000" lemma="생활" pos="NOUN">생활</instance>
         <wf lemma="." pos="X">.</wf>
      </sentence>
      <sentence id="d000.s515" source="wordnet-korean">
         <instance id="d000.s515.t000" lemma="앙금" pos="NOUN">앙금</instance>
         <wf lemma="을" pos="X">을</wf>
         <wf lemma="앉히다." pos="X">앉히다.</wf>
      </sentence>
      <sentence id="d000.s516" source="wordnet-korean">
         <instance id="d000.s516.t000" lemma="전일" pos="NOUN">전일</instance>
         <wf lemma="수업." pos="X">수업.</wf>
      </sentence>
      <sentence id="d000.s517" source="wordnet-korean">
         <wf lemma="서양" pos="X">서양</wf>
         <wf lemma="문물을" pos="X">문물을</wf>
         <instance id="d000.s517.t000" lemma="받아들이다" pos="VERB">받아들이다</instance>
         <wf lemma="." pos="X">.</wf>
      </sentence>
      <sentence id="d000.s518" source="wordnet-korean">
         <wf lemma="자기는" pos="X">자기는</wf>
         <wf lemma="모른다는" pos="X">모른다는</wf>
         <instance id="d000.s518.t000" lemma="식" pos="NOUN">식</instance>
         <wf lemma="으로" pos="X">으로</wf>
         <wf lemma="얘기를" pos="X">얘기를</wf>
         <wf lemma="하더라." pos="X">하더라.</wf>
      </sentence>
      <sentence id="d000.s519" source="wordnet-korean">
         <wf lemma="전화" pos="X">전화</wf>
         <instance id="d000.s519.t000" lemma="가입" pos="NOUN">가입</instance>
         <wf lemma="." pos="X">.</wf>
      </sentence>
      <sentence id="d000.s520" source="wordnet-korean">
         <instance id="d000.s520.t000" lemma="보고" pos="NOUN">보고</instance>
         <wf lemma="를" pos="X">를</wf>
         <wf lemma="드리다." pos="X">드리다.</wf>
      </sentence>
      <sentence id="d000.s521" source="wordnet-korean">
         <instance id="d000.s521.t000" lemma="화재" pos="NOUN">화재</instance>
         <wf lemma="로" pos="X">로</wf>
         <wf lemma="큰" pos="X">큰</wf>
         <wf lemma="손해를" pos="X">손해를</wf>
         <wf lemma="입다." pos="X">입다.</wf>
      </sentence>
      <sentence id="d000.s522" source="wordnet-korean">
         <instance id="d000.s522.t000" lemma="영업" pos="NOUN">영업</instance>
         <wf lemma="자금." pos="X">자금.</wf>
      </sentence>
      <sentence id="d000.s523" source="wordnet-korean">
         <instance id="d000.s523.t000" lemma="정리" pos="NOUN">정리</instance>
         <wf lemma="에" pos="X">에</wf>
         <wf lemma="어긋난" pos="X">어긋난</wf>
         <wf lemma="일." pos="X">일.</wf>
      </sentence>
      <sentence id="d000.s524" source="wordnet-korean">
         <instance id="d000.s524.t000" lemma="파벌" pos="NOUN">파벌</instance>
         <wf lemma="이" pos="X">이</wf>
         <wf lemma="생기다." pos="X">생기다.</wf>
      </sentence>
      <sentence id="d000.s525" source="wordnet-korean">
         <wf lemma="일한" pos="X">일한</wf>
         <instance id="d000.s525.t000" lemma="보람" pos="NOUN">보람</instance>
         <wf lemma="도" pos="X">도</wf>
         <wf lemma="없다." pos="X">없다.</wf>
      </sentence>
      <sentence id="d000.s526" source="wordnet-korean">
         <instance id="d000.s526.t000" lemma="형벌" pos="NOUN">형벌</instance>
         <wf lemma="에" pos="X">에</wf>
         <wf lemma="처하다." pos="X">처하다.</wf>
      </sentence>
      <sentence id="d000.s527" source="wordnet-korean">
         <instance id="d000.s527.t000" lemma="다리" pos="NOUN">다리</instance>
         <wf lemma="를" pos="X">를</wf>
         <wf lemma="다친" pos="X">다친</wf>
         <wf lemma="제비." pos="X">제비.</wf>
      </sentence>
      <sentence id="d000.s528" source="wordnet-korean">
         <wf lemma="새로운" pos="X">새로운</wf>
         <wf lemma="연구" pos="X">연구</wf>
         <instance id="d000.s528.t000" lemma="방법" pos="NOUN">방법</instance>
         <wf lemma="." pos="X">.</wf>
      </sentence>
      <sentence id="d000.s529" source="wordnet-korean">
         <wf lemma="먹을" pos="X">먹을</wf>
         <instance id="d000.s529.t000" lemma="복" pos="NOUN">복</instance>
         <wf lemma="." pos="X">.</wf>
      </sentence>
      <sentence id="d000.s530" source="wordnet-korean">
         <instance id="d000.s530.t000" lemma="배후" pos="NOUN">배후</instance>
         <wf lemma="를" pos="X">를</wf>
         <wf lemma="조사한다." pos="X">조사한다.</wf>
      </sentence>
      <sentence id="d000.s531" source="wordnet-korean">
         <wf lemma="귀에" pos="X">귀에</wf>
         <wf lemma="익은" pos="X">익은</wf>
         <instance id="d000.s531.t000" lemma="목소리" pos="NOUN">목소리</instance>
         <wf lemma="." pos="X">.</wf>
      </sentence>
      <sentence id="d000.s532" source="wordnet-korean">
         <wf lemma="교육의" pos="X">교육의</wf>
         <instance id="d000.s532.t000" lemma="길" pos="NOUN">길</instance>
         <wf lemma="." pos="X">.</wf>
      </sentence>
      <sentence id="d000.s533" source="wordnet-korean">
         <wf lemma="빨간" pos="X">빨간</wf>
         <instance id="d000.s533.t000" lemma="볼" pos="NOUN">볼</instance>
         <wf lemma="." pos="X">.</wf>
      </sentence>
      <sentence id="d000.s534" source="wordnet-korean">
         <wf lemma="작업" pos="X">작업</wf>
         <wf lemma="예정" pos="X">예정</wf>
         <instance id="d000.s534.t000" lemma="시간표" pos="NOUN">시간표</instance>
         <wf lemma="." pos="X">.</wf>
      </sentence>
      <sentence id="d000.s535" source="wordnet-korean">
         <instance id="d000.s535.t000" lemma="발길" pos="NOUN">발길</instance>
         <wf lemma="을" pos="X">을</wf>
         <wf lemma="멈춘다." pos="X">멈춘다.</wf>
      </sentence>
      <sentence id="d000.s536" source="wordnet-korean">
         <instance id="d000.s536.t000" lemma="고개" pos="NOUN">고개</instance>
         <wf lemma="가" pos="X">가</wf>
         <wf lemma="수그러지다." pos="X">수그러지다.</wf>
      </sentence>
      <sentence id="d000.s537" source="wordnet-korean">
         <wf lemma="경상도" pos="X">경상도</wf>
         <instance id="d000.s537.t000" lemma="말투" pos="NOUN">말투</instance>
         <wf lemma="." pos="X">.</wf>
      </sentence>
      <sentence id="d000.s538" source="wordnet-korean">
         <instance id="d000.s538.t000" lemma="불" pos="NOUN">불</instance>
         <wf lemma="이" pos="X">이</wf>
         <wf lemma="비치다." pos="X">비치다.</wf>
      </sentence>
      <sentence id="d000.s539" source="wordnet-korean">
         <wf lemma="일의" pos="X">일의</wf>
         <wf lemma="성격" pos="X">성격</wf>
         <instance id="d000.s539.t000" lemma="규정" pos="NOUN">규정</instance>
         <wf lemma="." pos="X">.</wf>
      </sentence>
      <sentence id="d000.s540" source="wordnet-korean">
         <wf lemma="믿을" pos="X">믿을</wf>
         <wf lemma="수" pos="X">수</wf>
         <wf lemma="없는" pos="X">없는</wf>
         <instance id="d000.s540.t000" lemma="풍설" pos="NOUN">풍설</instance>
         <wf lemma="." pos="X">.</wf>
      </sentence>
      <sentence id="d000.s541" source="wordnet-korean">
         <wf lemma="심리적" pos="X">심리적</wf>
         <instance id="d000.s541.t000" lemma="갈등" pos="NOUN">갈등</instance>
         <wf lemma="." pos="X">.</wf>
      </sentence>
      <sentence id="d000.s542" source="wordnet-korean">
         <instance id="d000.s542.t000" lemma="의혹" pos="NOUN">의혹</instance>
         <wf lemma="에" pos="X">에</wf>
         <wf lemma="싸이다." pos="X">싸이다.</wf>
      </sentence>
      <sentence id="d000.s543" source="wordnet-korean">
         <instance id="d000.s543.t000" lemma="밤" pos="NOUN">밤</instance>
         <wf lemma="이" pos="X">이</wf>
         <wf lemma="늦다." pos="X">늦다.</wf>
      </sentence>
      <sentence id="d000.s544" source="wordnet-korean">
         <instance id="d000.s544.t000" lemma="국적" pos="NOUN">국적</instance>
         <wf lemma="상실." pos="X">상실.</wf>
      </sentence>
      <sentence id="d000.s545" source="wordnet-korean">
         <instance id="d000.s545.t000" lemma="거점" pos="NOUN">거점</instance>
         <wf lemma="확보." pos="X">확보.</wf>
      </sentence>
      <sentence id="d000.s546" source="wordnet-korean">
         <wf lemma="입맛이" pos="X">입맛이</wf>
         <instance id="d000.s546.t000" lemma="떨어지다" pos="VERB">떨어지다</instance>
         <wf lemma="." pos="X">.</wf>
      </sentence>
      <sentence id="d000.s547" source="wordnet-korean">
         <instance id="d000.s547.t000" lemma="눈" pos="NOUN">눈</instance>
         <wf lemma="을" pos="X">을</wf>
         <wf lemma="크게" pos="X">크게</wf>
         <wf lemma="뜨고" pos="X">뜨고</wf>
         <wf lemma="본다." pos="X">본다.</wf>
      </sentence>
      <sentence id="d000.s548" source="wordnet-korean">
         <wf lemma="우리" pos="X">우리</wf>
         <wf lemma="집은" pos="X">집은</wf>
         <wf lemma="예전" pos="X">예전</wf>
         <instance id="d000.s548.t000" lemma="식" pos="NOUN">식</instance>
         <wf lemma="을" pos="X">을</wf>
         <wf lemma="많이" pos="X">많이</wf>
         <wf lemma="따른다." pos="X">따른다.</wf>
      </sentence>
      <sentence id="d000.s549" source="wordnet-korean">
         <wf lemma="솔가리" pos="X">솔가리</wf>
         <wf lemma="닷" pos="X">닷</wf>
         <instance id="d000.s549.t000" lemma="전" pos="NOUN">전</instance>
         <wf lemma="." pos="X">.</wf>
      </sentence>
      <sentence id="d000.s550" source="wordnet-korean">
         <instance id="d000.s550.t000" lemma="공장" pos="NOUN">공장</instance>
         <wf lemma="견학." pos="X">견학.</wf>
      </sentence>
      <sentence id="d000.s551" source="wordnet-korean">
         <wf lemma="곡식을" pos="X">곡식을</wf>
         <wf lemma="담는" pos="X">담는</wf>
         <instance id="d000.s551.t000" lemma="그릇" pos="NOUN">그릇</instance>
         <wf lemma="." pos="X">.</wf>
      </sentence>
      <sentence id="d000.s552" source="wordnet-korean">
         <wf lemma="우리" pos="X">우리</wf>
         <wf lemma="집은" pos="X">집은</wf>
         <wf lemma="자고로" pos="X">자고로</wf>
         <instance id="d000.s552.t000" lemma="고사" pos="NOUN">고사</instance>
         <wf lemma="가" pos="X">가</wf>
         <wf lemma="있어" pos="X">있어</wf>
         <wf lemma="여러" pos="X">여러</wf>
         <wf lemma="대째" pos="X">대째</wf>
         <wf lemma="담배를" pos="X">담배를</wf>
         <wf lemma="피우지" pos="X">피우지</wf>
         <wf lemma="않는다." pos="X">않는다.</wf>
      </sentence>
      <sentence id="d000.s553" source="wordnet-korean">
         <wf lemma="이념의" pos="X">이념의</wf>
         <instance id="d000.s553.t000" lemma="통일" pos="NOUN">통일</instance>
         <wf lemma="." pos="X">.</wf>
      </sentence>
      <sentence id="d000.s554" source="wordnet-korean">
         <instance id="d000.s554.t000" lemma="눈물" pos="NOUN">눈물</instance>
         <wf lemma="을" pos="X">을</wf>
         <wf lemma="감춘다." pos="X">감춘다.</wf>
      </sentence>
      <sentence id="d000.s555" source="wordnet-korean">
         <instance id="d000.s555.t000" lemma="공" pos="NOUN">공</instance>
         <wf lemma="을" pos="X">을</wf>
         <wf lemma="치다." pos="X">치다.</wf>
      </sentence>
      <sentence id="d000.s556" source="wordnet-korean">
         <instance id="d000.s556.t000" lemma="형식" pos="NOUN">형식</instance>
         <wf lemma="사회학." pos="X">사회학.</wf>
      </sentence>
      <sentence id="d000.s557" source="wordnet-korean">
         <instance id="d000.s557.t000" lemma="약속" pos="NOUN">약속</instance>
         <wf lemma="을" pos="X">을</wf>
         <wf lemma="어기다." pos="X">어기다.</wf>
      </sentence>
      <sentence id="d000.s558" source="wordnet-korean">
         <instance id="d000.s558.t000" lemma="희망" pos="NOUN">희망</instance>
         <wf lemma="이" pos="X">이</wf>
         <wf lemma="있는(없는)" pos="X">있는(없는)</wf>
         <wf lemma="일." pos="X">일.</wf>
      </sentence>
      <sentence id="d000.s559" source="wordnet-korean">
         <instance id="d000.s559.t000" lemma="규제" pos="NOUN">규제</instance>
         <wf lemma="가" pos="X">가</wf>
         <wf lemma="풀리다." pos="X">풀리다.</wf>
      </sentence>
      <sentence id="d000.s560" source="wordnet-korean">
         <wf lemma="검은" pos="X">검은</wf>
         <instance id="d000.s560.t000" lemma="배짱" pos="NOUN">배짱</instance>
         <wf lemma="." pos="X">.</wf>
      </sentence>
      <sentence id="d000.s561" source="wordnet-korean">
         <instance id="d000.s561.t000" lemma="녹" pos="NOUN">녹</instance>
         <wf lemma="이" pos="X">이</wf>
         <wf lemma="슨다." pos="X">슨다.</wf>
      </sentence>
      <sentence id="d000.s562" source="wordnet-korean">
         <wf lemma="민족," pos="X">민족,</wf>
         <wf lemma="역사," pos="X">역사,</wf>
         <wf lemma="문화의" pos="X">문화의</wf>
         <instance id="d000.s562.t000" lemma="공통성" pos="NOUN">공통성</instance>
         <wf lemma="." pos="X">.</wf>
      </sentence>
      <sentence id="d000.s563" source="wordnet-korean">
         <wf lemma="생선" pos="X">생선</wf>
         <instance id="d000.s563.t000" lemma="살" pos="NOUN">살</instance>
         <wf lemma="을" pos="X">을</wf>
         <wf lemma="발라먹다." pos="X">발라먹다.</wf>
      </sentence>
      <sentence id="d000.s564" source="wordnet-korean">
         <instance id="d000.s564.t000" lemma="광산" pos="NOUN">광산</instance>
         <wf lemma="도시." pos="X">도시.</wf>
      </sentence>
      <sentence id="d000.s565" source="wordnet-korean">
         <instance id="d000.s565.t000" lemma="고인" pos="NOUN">고인</instance>
         <wf lemma="의" pos="X">의</wf>
         <wf lemma="명복을" pos="X">명복을</wf>
         <wf lemma="빌다." pos="X">빌다.</wf>
      </sentence>
      <sentence id="d000.s566" source="wordnet-korean">
         <wf lemma="코르크" pos="X">코르크</wf>
         <instance id="d000.s566.t000" lemma="마개" pos="NOUN">마개</instance>
         <wf lemma="." pos="X">.</wf>
      </sentence>
      <sentence id="d000.s567" source="wordnet-korean">
         <instance id="d000.s567.t000" lemma="손" pos="NOUN">손</instance>
         <wf lemma="을" pos="X">을</wf>
         <wf lemma="청했다." pos="X">청했다.</wf>
      </sentence>
      <sentence id="d000.s568" source="wordnet-korean">
         <instance id="d000.s568.t000" lemma="어둠" pos="NOUN">어둠</instance>
         <wf lemma="이" pos="X">이</wf>
         <wf lemma="깃들다." pos="X">깃들다.</wf>
      </sentence>
      <sentence id="d000.s569" source="wordnet-korean">
         <wf lemma="이" pos="X">이</wf>
         <wf lemma="글의" pos="X">글의</wf>
         <instance id="d000.s569.t000" lemma="벽두" pos="NOUN">벽두</instance>
         <wf lemma="에서" pos="X">에서</wf>
         <wf lemma="지적한" pos="X">지적한</wf>
         <wf lemma="문제." pos="X">문제.</wf>
      </sentence>
      <sentence id="d000.s570" source="wordnet-korean">
         <instance id="d000.s570.t000" lemma="논리" pos="NOUN">논리</instance>
         <wf lemma="가" pos="X">가</wf>
         <wf lemma="닿지" pos="X">닿지</wf>
         <wf lemma="않는" pos="X">않는</wf>
         <wf lemma="말." pos="X">말.</wf>
      </sentence>
      <sentence id="d000.s571" source="wordnet-korean">
         <wf lemma="연탄" pos="X">연탄</wf>
         <instance id="d000.s571.t000" lemma="구멍" pos="NOUN">구멍</instance>
         <wf lemma="." pos="X">.</wf>
      </sentence>
      <sentence id="d000.s572" source="wordnet-korean">
         <wf lemma="경제" pos="X">경제</wf>
         <wf lemma="개발" pos="X">개발</wf>
         <wf lemma="5개년" pos="X">5개년</wf>
         <instance id="d000.s572.t000" lemma="계획" pos="NOUN">계획</instance>
         <wf lemma="." pos="X">.</wf>
      </sentence>
      <sentence id="d000.s573" source="wordnet-korean">
         <instance id="d000.s573.t000" lemma="비율" pos="NOUN">비율</instance>
         <wf lemma="이" pos="X">이</wf>
         <wf lemma="높다." pos="X">높다.</wf>
      </sentence>
      <sentence id="d000.s574" source="wordnet-korean">
         <instance id="d000.s574.t000" lemma="조력" pos="NOUN">조력</instance>
         <wf lemma="을" pos="X">을</wf>
         <wf lemma="구하다." pos="X">구하다.</wf>
      </sentence>
      <sentence id="d000.s575" source="wordnet-korean">
         <instance id="d000.s575.t000" lemma="무소속" pos="NOUN">무소속</instance>
         <wf lemma="의원." pos="X">의원.</wf>
      </sentence>
      <sentence id="d000.s576" source="wordnet-korean">
         <wf lemma="조국의" pos="X">조국의</wf>
         <instance id="d000.s576.t000" lemma="명예" pos="NOUN">명예</instance>
         <wf lemma="를" pos="X">를</wf>
         <wf lemma="빛내다." pos="X">빛내다.</wf>
      </sentence>
      <sentence id="d000.s577" source="wordnet-korean">
         <instance id="d000.s577.t000" lemma="틀림" pos="NOUN">틀림</instance>
         <wf lemma="이" pos="X">이</wf>
         <wf lemma="있는지" pos="X">있는지</wf>
         <wf lemma="없는지" pos="X">없는지</wf>
         <wf lemma="세어" pos="X">세어</wf>
         <wf lemma="보시오." pos="X">보시오.</wf>
      </sentence>
      <sentence id="d000.s578" source="wordnet-korean">
         <wf lemma="편집" pos="X">편집</wf>
         <instance id="d000.s578.t000" lemma="위원" pos="NOUN">위원</instance>
         <wf lemma="." pos="X">.</wf>
      </sentence>
      <sentence id="d000.s579" source="wordnet-korean">
         <wf lemma="직권" pos="X">직권</wf>
         <instance id="d000.s579.t000" lemma="면직" pos="NOUN">면직</instance>
         <wf lemma="." pos="X">.</wf>
      </sentence>
      <sentence id="d000.s580" source="wordnet-korean">
         <instance id="d000.s580.t000" lemma="기억" pos="NOUN">기억</instance>
         <wf lemma="을" pos="X">을</wf>
         <wf lemma="못" pos="X">못</wf>
         <wf lemma="하다." pos="X">하다.</wf>
      </sentence>
      <sentence id="d000.s581" source="wordnet-korean">
         <instance id="d000.s581.t000" lemma="반칙" pos="NOUN">반칙</instance>
         <wf lemma="을" pos="X">을</wf>
         <wf lemma="범하다." pos="X">범하다.</wf>
      </sentence>
      <sentence id="d000.s582" source="wordnet-korean">
         <wf lemma="신라군" pos="X">신라군</wf>
         <instance id="d000.s582.t000" lemma="진영" pos="NOUN">진영</instance>
         <wf lemma="." pos="X">.</wf>
      </sentence>
      <sentence id="d000.s583" source="wordnet-korean">
         <wf lemma="현지에" pos="X">현지에</wf>
         <instance id="d000.s583.t000" lemma="특파원" pos="NOUN">특파원</instance>
         <wf lemma="을" pos="X">을</wf>
         <wf lemma="보내다." pos="X">보내다.</wf>
      </sentence>
      <sentence id="d000.s584" source="wordnet-korean">
         <wf lemma="매화," pos="X">매화,</wf>
         <instance id="d000.s584.t000" lemma="국화" pos="NOUN">국화</instance>
         <wf lemma="," pos="X">,</wf>
         <wf lemma="대," pos="X">대,</wf>
         <wf lemma="난초를" pos="X">난초를</wf>
         <wf lemma="일러" pos="X">일러</wf>
         <wf lemma="사군자라" pos="X">사군자라</wf>
         <wf lemma="한다." pos="X">한다.</wf>
      </sentence>
      <sentence id="d000.s585" source="wordnet-korean">
         <instance id="d000.s585.t000" lemma="승인" pos="NOUN">승인</instance>
         <wf lemma="을" pos="X">을</wf>
         <wf lemma="받다." pos="X">받다.</wf>
      </sentence>
      <sentence id="d000.s586" source="wordnet-korean">
         <wf lemma="채권" pos="X">채권</wf>
         <instance id="d000.s586.t000" lemma="발행" pos="NOUN">발행</instance>
         <wf lemma="." pos="X">.</wf>
      </sentence>
      <sentence id="d000.s587" source="wordnet-korean">
         <instance id="d000.s587.t000" lemma="연기" pos="NOUN">연기</instance>
         <wf lemma="를" pos="X">를</wf>
         <wf lemma="피우다." pos="X">피우다.</wf>
      </sentence>
      <sentence id="d000.s588" source="wordnet-korean">
         <wf lemma="보복할" pos="X">보복할</wf>
         <instance id="d000.s588.t000" lemma="생각" pos="NOUN">생각</instance>
         <wf lemma="으로" pos="X">으로</wf>
         <wf lemma="한" pos="X">한</wf>
         <wf lemma="것은" pos="X">것은</wf>
         <wf lemma="아닌" pos="X">아닌</wf>
         <wf lemma="것" pos="X">것</wf>
         <wf lemma="같다." pos="X">같다.</wf>
      </sentence>
      <sentence id="d000.s589" source="wordnet-korean">
         <wf lemma="침체된" pos="X">침체된</wf>
         <wf lemma="사회에" pos="X">사회에</wf>
         <wf lemma="새" pos="X">새</wf>
         <instance id="d000.s589.t000" lemma="바람" pos="NOUN">바람</instance>
         <wf lemma="을" pos="X">을</wf>
         <wf lemma="일으키다." pos="X">일으키다.</wf>
      </sentence>
      <sentence id="d000.s590" source="wordnet-korean">
         <instance id="d000.s590.t000" lemma="풀" pos="NOUN">풀</instance>
         <wf lemma="을" pos="X">을</wf>
         <wf lemma="쑤다." pos="X">쑤다.</wf>
      </sentence>
      <sentence id="d000.s591" source="wordnet-korean">
         <instance id="d000.s591.t000" lemma="용지" pos="NOUN">용지</instance>
         <wf lemma="정리." pos="X">정리.</wf>
      </sentence>
      <sentence id="d000.s592" source="wordnet-korean">
         <wf lemma="전국체육대회" pos="X">전국체육대회</wf>
         <instance id="d000.s592.t000" lemma="개막" pos="NOUN">개막</instance>
         <wf lemma="." pos="X">.</wf>
      </sentence>
      <sentence id="d000.s593" source="wordnet-korean">
         <wf lemma="한" pos="X">한</wf>
         <instance id="d000.s593.t000" lemma="마디" pos="NOUN">마디</instance>
         <wf lemma="도" pos="X">도</wf>
         <wf lemma="묻지" pos="X">묻지</wf>
         <wf lemma="않았다." pos="X">않았다.</wf>
      </sentence>
      <sentence id="d000.s594" source="wordnet-korean">
         <wf lemma="노래를" pos="X">노래를</wf>
         <wf lemma="두" pos="X">두</wf>
         <instance id="d000.s594.t000" lemma="자리" pos="NOUN">자리</instance>
         <wf lemma="나" pos="X">나</wf>
         <wf lemma="했으면" pos="X">했으면</wf>
         <wf lemma="됐지…." pos="X">됐지….</wf>
      </sentence>
      <sentence id="d000.s595" source="wordnet-korean">
         <wf lemma="돼지" pos="X">돼지</wf>
         <instance id="d000.s595.t000" lemma="종자" pos="NOUN">종자</instance>
         <wf lemma="." pos="X">.</wf>
      </sentence>
      <sentence id="d000.s596" source="wordnet-korean">
         <wf lemma="경기" pos="X">경기</wf>
         <instance id="d000.s596.t000" lemma="불참" pos="NOUN">불참</instance>
         <wf lemma="." pos="X">.</wf>
      </sentence>
      <sentence id="d000.s597" source="wordnet-korean">
         <wf lemma="관동" pos="X">관동</wf>
         <wf lemma="팔백" pos="X">팔백</wf>
         <wf lemma="리의" pos="X">리의</wf>
         <instance id="d000.s597.t000" lemma="방면" pos="NOUN">방면</instance>
         <wf lemma="을" pos="X">을</wf>
         <wf lemma="맛디시니" pos="X">맛디시니</wf>
         <wf lemma="어와" pos="X">어와</wf>
         <wf lemma="성은이야" pos="X">성은이야</wf>
         <wf lemma="가디록" pos="X">가디록</wf>
         <wf lemma="망극하다." pos="X">망극하다.</wf>
      </sentence>
      <sentence id="d000.s598" source="wordnet-korean">
         <instance id="d000.s598.t000" lemma="틀" pos="NOUN">틀</instance>
         <wf lemma="을" pos="X">을</wf>
         <wf lemma="짜다." pos="X">짜다.</wf>
      </sentence>
      <sentence id="d000.s599" source="wordnet-korean">
         <instance id="d000.s599.t000" lemma="공중" pos="NOUN">공중</instance>
         <wf lemma="으로" pos="X">으로</wf>
         <wf lemma="날아다니는" pos="X">날아다니는</wf>
         <wf lemma="새." pos="X">새.</wf>
      </sentence>
      <sentence id="d000.s600" source="wordnet-korean">
         <wf lemma="달무리처럼" pos="X">달무리처럼</wf>
         <wf lemma="번져진" pos="X">번져진</wf>
         <instance id="d000.s600.t000" lemma="가로등" pos="NOUN">가로등</instance>
         <wf lemma="주변에" pos="X">주변에</wf>
         <wf lemma="빗방울이" pos="X">빗방울이</wf>
         <wf lemma="은실" pos="X">은실</wf>
         <wf lemma="같이" pos="X">같이</wf>
         <wf lemma="나부끼고" pos="X">나부끼고</wf>
         <wf lemma="있었다." pos="X">있었다.</wf>
      </sentence>
      <sentence id="d000.s601" source="wordnet-korean">
         <wf lemma="석벽" pos="X">석벽</wf>
         <wf lemma="밑" pos="X">밑</wf>
         <wf lemma="맑은" pos="X">맑은</wf>
         <wf lemma="시냇가에" pos="X">시냇가에</wf>
         <wf lemma="바위를" pos="X">바위를</wf>
         <wf lemma="등지고" pos="X">등지고</wf>
         <wf lemma="선" pos="X">선</wf>
         <wf lemma="달래의" pos="X">달래의</wf>
         <instance id="d000.s601.t000" lemma="자태" pos="NOUN">자태</instance>
         <wf lemma="는" pos="X">는</wf>
         <wf lemma="비길데가" pos="X">비길데가</wf>
         <wf lemma="없이" pos="X">없이</wf>
         <wf lemma="아름다웠다." pos="X">아름다웠다.</wf>
      </sentence>
      <sentence id="d000.s602" source="wordnet-korean">
         <wf lemma="노래" pos="X">노래</wf>
         <wf lemma="한" pos="X">한</wf>
         <instance id="d000.s602.t000" lemma="자리" pos="NOUN">자리</instance>
         <wf lemma="불러라." pos="X">불러라.</wf>
      </sentence>
      <sentence id="d000.s603" source="wordnet-korean">
         <wf lemma="솔직한" pos="X">솔직한</wf>
         <wf lemma="그가" pos="X">그가</wf>
         <wf lemma="말하지" pos="X">말하지</wf>
         <wf lemma="않는" pos="X">않는</wf>
         <wf lemma="걸" pos="X">걸</wf>
         <wf lemma="보니" pos="X">보니</wf>
         <wf lemma="무슨" pos="X">무슨</wf>
         <instance id="d000.s603.t000" lemma="곡절" pos="NOUN">곡절</instance>
         <wf lemma="이라도" pos="X">이라도</wf>
         <wf lemma="있는" pos="X">있는</wf>
         <wf lemma="게" pos="X">게</wf>
         <wf lemma="분명하다." pos="X">분명하다.</wf>
      </sentence>
      <sentence id="d000.s604" source="wordnet-korean">
         <instance id="d000.s604.t000" lemma="상호" pos="NOUN">상호</instance>
         <wf lemma="의" pos="X">의</wf>
         <wf lemma="이익을" pos="X">이익을</wf>
         <wf lemma="위하여." pos="X">위하여.</wf>
      </sentence>
      <sentence id="d000.s605" source="wordnet-korean">
         <wf lemma="싫은" pos="X">싫은</wf>
         <instance id="d000.s605.t000" lemma="기색" pos="NOUN">기색</instance>
         <wf lemma="." pos="X">.</wf>
      </sentence>
      <sentence id="d000.s606" source="wordnet-korean">
         <instance id="d000.s606.t000" lemma="물질" pos="NOUN">물질</instance>
         <wf lemma="에" pos="X">에</wf>
         <wf lemma="눈이" pos="X">눈이</wf>
         <wf lemma="어둡다." pos="X">어둡다.</wf>
      </sentence>
      <sentence id="d000.s607" source="wordnet-korean">
         <wf lemma="그는" pos="X">그는</wf>
         <wf lemma="국문학계의" pos="X">국문학계의</wf>
         <instance id="d000.s607.t000" lemma="중진" pos="NOUN">중진</instance>
         <wf lemma="이다." pos="X">이다.</wf>
      </sentence>
      <sentence id="d000.s608" source="wordnet-korean">
         <wf lemma="새로운" pos="X">새로운</wf>
         <instance id="d000.s608.t000" lemma="부서" pos="NOUN">부서</instance>
         <wf lemma="를" pos="X">를</wf>
         <wf lemma="둔다." pos="X">둔다.</wf>
      </sentence>
      <sentence id="d000.s609" source="wordnet-korean">
         <instance id="d000.s609.t000" lemma="불길" pos="NOUN">불길</instance>
         <wf lemma="이" pos="X">이</wf>
         <wf lemma="세다." pos="X">세다.</wf>
      </sentence>
      <sentence id="d000.s610" source="wordnet-korean">
         <instance id="d000.s610.t000" lemma="볼" pos="NOUN">볼</instance>
         <wf lemma="이" pos="X">이</wf>
         <wf lemma="메도록" pos="X">메도록</wf>
         <wf lemma="음식을" pos="X">음식을</wf>
         <wf lemma="퍼" pos="X">퍼</wf>
         <wf lemma="넣었다." pos="X">넣었다.</wf>
      </sentence>
      <sentence id="d000.s611" source="wordnet-korean">
         <wf lemma="엄한" pos="X">엄한</wf>
         <instance id="d000.s611.t000" lemma="벌" pos="NOUN">벌</instance>
         <wf lemma="." pos="X">.</wf>
      </sentence>
      <sentence id="d000.s612" source="wordnet-korean">
         <instance id="d000.s612.t000" lemma="늘그막" pos="NOUN">늘그막</instance>
         <wf lemma="에" pos="X">에</wf>
         <wf lemma="얻은" pos="X">얻은</wf>
         <wf lemma="자식." pos="X">자식.</wf>
      </sentence>
      <sentence id="d000.s613" source="wordnet-korean">
         <wf lemma="여론의" pos="X">여론의</wf>
         <instance id="d000.s613.t000" lemma="반영" pos="NOUN">반영</instance>
         <wf lemma="." pos="X">.</wf>
      </sentence>
      <sentence id="d000.s614" source="wordnet-korean">
         <wf lemma="동틀" pos="X">동틀</wf>
         <instance id="d000.s614.t000" lemma="무렵" pos="NOUN">무렵</instance>
         <wf lemma="." pos="X">.</wf>
      </sentence>
      <sentence id="d000.s615" source="wordnet-korean">
         <instance id="d000.s615.t000" lemma="단청" pos="NOUN">단청</instance>
         <wf lemma="을" pos="X">을</wf>
         <wf lemma="한" pos="X">한</wf>
         <wf lemma="대문." pos="X">대문.</wf>
      </sentence>
      <sentence id="d000.s616" source="wordnet-korean">
         <instance id="d000.s616.t000" lemma="부계" pos="NOUN">부계</instance>
         <wf lemma="사회." pos="X">사회.</wf>
      </sentence>
      <sentence id="d000.s617" source="wordnet-korean">
         <wf lemma="시간" pos="X">시간</wf>
         <instance id="d000.s617.t000" lemma="소모" pos="NOUN">소모</instance>
         <wf lemma="." pos="X">.</wf>
      </sentence>
      <sentence id="d000.s618" source="wordnet-korean">
         <instance id="d000.s618.t000" lemma="발길" pos="NOUN">발길</instance>
         <wf lemma="로" pos="X">로</wf>
         <wf lemma="차" pos="X">차</wf>
         <wf lemma="버렸다." pos="X">버렸다.</wf>
      </sentence>
      <sentence id="d000.s619" source="wordnet-korean">
         <instance id="d000.s619.t000" lemma="모두" pos="NOUN">모두</instance>
         <wf lemma="얼마냐?." pos="X">얼마냐?.</wf>
      </sentence>
      <sentence id="d000.s620" source="wordnet-korean">
         <wf lemma="행정" pos="X">행정</wf>
         <instance id="d000.s620.t000" lemma="기구" pos="NOUN">기구</instance>
         <wf lemma="." pos="X">.</wf>
      </sentence>
      <sentence id="d000.s621" source="wordnet-korean">
         <instance id="d000.s621.t000" lemma="대안" pos="NOUN">대안</instance>
         <wf lemma="을" pos="X">을</wf>
         <wf lemma="마련하다." pos="X">마련하다.</wf>
      </sentence>
      <sentence id="d000.s622" source="wordnet-korean">
         <instance id="d000.s622.t000" lemma="서" pos="NOUN">서</instance>
         <wf lemma="에서" pos="X">에서</wf>
         <wf lemma="나왔습니다." pos="X">나왔습니다.</wf>
      </sentence>
      <sentence id="d000.s623" source="wordnet-korean">
         <wf lemma="의견" pos="X">의견</wf>
         <instance id="d000.s623.t000" lemma="충돌" pos="NOUN">충돌</instance>
         <wf lemma="." pos="X">.</wf>
      </sentence>
      <sentence id="d000.s624" source="wordnet-korean">
         <wf lemma="말의" pos="X">말의</wf>
         <wf lemma="높낮이를" pos="X">높낮이를</wf>
         <wf lemma="알맞게" pos="X">알맞게</wf>
         <wf lemma="잡아" pos="X">잡아</wf>
         <wf lemma="말이" pos="X">말이</wf>
         <wf lemma="지닌" pos="X">지닌</wf>
         <wf lemma="정서적인" pos="X">정서적인</wf>
         <instance id="d000.s624.t000" lemma="틀" pos="NOUN">틀</instance>
         <wf lemma="을" pos="X">을</wf>
         <wf lemma="깨뜨리는" pos="X">깨뜨리는</wf>
         <wf lemma="일이" pos="X">일이</wf>
         <wf lemma="없도록" pos="X">없도록</wf>
         <wf lemma="하여야" pos="X">하여야</wf>
         <wf lemma="한다." pos="X">한다.</wf>
      </sentence>
      <sentence id="d000.s625" source="wordnet-korean">
         <instance id="d000.s625.t000" lemma="양해" pos="NOUN">양해</instance>
         <wf lemma="를" pos="X">를</wf>
         <wf lemma="구하다." pos="X">구하다.</wf>
      </sentence>
      <sentence id="d000.s626" source="wordnet-korean">
         <instance id="d000.s626.t000" lemma="밥" pos="NOUN">밥</instance>
         <wf lemma="을" pos="X">을</wf>
         <wf lemma="푼다." pos="X">푼다.</wf>
      </sentence>
      <sentence id="d000.s627" source="wordnet-korean">
         <wf lemma="오는" pos="X">오는</wf>
         <instance id="d000.s627.t000" lemma="길" pos="NOUN">길</instance>
         <wf lemma="에" pos="X">에</wf>
         <wf lemma="그를" pos="X">그를</wf>
         <wf lemma="만났다." pos="X">만났다.</wf>
      </sentence>
      <sentence id="d000.s628" source="wordnet-korean">
         <wf lemma="자네가" pos="X">자네가</wf>
         <wf lemma="그" pos="X">그</wf>
         <wf lemma="어른" pos="X">어른</wf>
         <instance id="d000.s628.t000" lemma="대신" pos="NOUN">대신</instance>
         <wf lemma="이니" pos="X">이니</wf>
         <wf lemma="실수" pos="X">실수</wf>
         <wf lemma="없도록." pos="X">없도록.</wf>
      </sentence>
      <sentence id="d000.s629" source="wordnet-korean">
         <instance id="d000.s629.t000" lemma="결별" pos="NOUN">결별</instance>
         <wf lemma="을" pos="X">을</wf>
         <wf lemma="선언하다." pos="X">선언하다.</wf>
      </sentence>
      <sentence id="d000.s630" source="wordnet-korean">
         <instance id="d000.s630.t000" lemma="낮" pos="NOUN">낮</instance>
         <wf lemma="이" pos="X">이</wf>
         <wf lemma="길다." pos="X">길다.</wf>
      </sentence>
      <sentence id="d000.s631" source="wordnet-korean">
         <instance id="d000.s631.t000" lemma="교통" pos="NOUN">교통</instance>
         <wf lemma="의" pos="X">의</wf>
         <wf lemma="중심지." pos="X">중심지.</wf>
      </sentence>
      <sentence id="d000.s632" source="wordnet-korean">
         <wf lemma="편지를" pos="X">편지를</wf>
         <wf lemma="벌써" pos="X">벌써</wf>
         <wf lemma="받았으나" pos="X">받았으나</wf>
         <wf lemma="아직" pos="X">아직</wf>
         <instance id="d000.s632.t000" lemma="답" pos="NOUN">답</instance>
         <wf lemma="을" pos="X">을</wf>
         <wf lemma="못" pos="X">못</wf>
         <wf lemma="했다." pos="X">했다.</wf>
      </sentence>
      <sentence id="d000.s633" source="wordnet-korean">
         <wf lemma="신문" pos="X">신문</wf>
         <instance id="d000.s633.t000" lemma="발간" pos="NOUN">발간</instance>
         <wf lemma="." pos="X">.</wf>
      </sentence>
      <sentence id="d000.s634" source="wordnet-korean">
         <instance id="d000.s634.t000" lemma="성깔" pos="NOUN">성깔</instance>
         <wf lemma="이" pos="X">이</wf>
         <wf lemma="사납다." pos="X">사납다.</wf>
      </sentence>
      <sentence id="d000.s635" source="wordnet-korean">
         <instance id="d000.s635.t000" lemma="백반" pos="NOUN">백반</instance>
         <wf lemma="의" pos="X">의</wf>
         <wf lemma="준비." pos="X">준비.</wf>
      </sentence>
      <sentence id="d000.s636" source="wordnet-korean">
         <instance id="d000.s636.t000" lemma="붕당" pos="NOUN">붕당</instance>
         <wf lemma="이" pos="X">이</wf>
         <wf lemma="갈린다." pos="X">갈린다.</wf>
      </sentence>
      <sentence id="d000.s637" source="wordnet-korean">
         <wf lemma="정부의" pos="X">정부의</wf>
         <instance id="d000.s637.t000" lemma="배려" pos="NOUN">배려</instance>
         <wf lemma="로" pos="X">로</wf>
         <wf lemma="직업을" pos="X">직업을</wf>
         <wf lemma="구했다." pos="X">구했다.</wf>
      </sentence>
      <sentence id="d000.s638" source="wordnet-korean">
         <instance id="d000.s638.t000" lemma="어미" pos="NOUN">어미</instance>
         <wf lemma="돼지." pos="X">돼지.</wf>
      </sentence>
      <sentence id="d000.s639" source="wordnet-korean">
         <instance id="d000.s639.t000" lemma="당초" pos="NOUN">당초</instance>
         <wf lemma="에는" pos="X">에는</wf>
         <wf lemma="제법" pos="X">제법</wf>
         <wf lemma="좋았던" pos="X">좋았던</wf>
         <wf lemma="물건." pos="X">물건.</wf>
      </sentence>
      <sentence id="d000.s640" source="wordnet-korean">
         <instance id="d000.s640.t000" lemma="대" pos="NOUN">대</instance>
         <wf lemma="를" pos="X">를</wf>
         <wf lemma="세운다." pos="X">세운다.</wf>
      </sentence>
      <sentence id="d000.s641" source="wordnet-korean">
         <instance id="d000.s641.t000" lemma="가마" pos="NOUN">가마</instance>
         <wf lemma="를" pos="X">를</wf>
         <wf lemma="타고" pos="X">타고</wf>
         <wf lemma="시집을" pos="X">시집을</wf>
         <wf lemma="갔다." pos="X">갔다.</wf>
      </sentence>
      <sentence id="d000.s642" source="wordnet-korean">
         <instance id="d000.s642.t000" lemma="생기" pos="NOUN">생기</instance>
         <wf lemma="있는" pos="X">있는</wf>
         <wf lemma="눈." pos="X">눈.</wf>
      </sentence>
      <sentence id="d000.s643" source="wordnet-korean">
         <wf lemma="일직" pos="X">일직</wf>
         <instance id="d000.s643.t000" lemma="사령" pos="NOUN">사령</instance>
         <wf lemma="." pos="X">.</wf>
      </sentence>
      <sentence id="d000.s644" source="wordnet-korean">
         <wf lemma="눈부신" pos="X">눈부신</wf>
         <wf lemma="도시" pos="X">도시</wf>
         <instance id="d000.s644.t000" lemma="부흥" pos="NOUN">부흥</instance>
         <wf lemma="." pos="X">.</wf>
      </sentence>
      <sentence id="d000.s645" source="wordnet-korean">
         <wf lemma="전쟁" pos="X">전쟁</wf>
         <instance id="d000.s645.t000" lemma="포로" pos="NOUN">포로</instance>
         <wf lemma="." pos="X">.</wf>
      </sentence>
      <sentence id="d000.s646" source="wordnet-korean">
         <instance id="d000.s646.t000" lemma="구호" pos="NOUN">구호</instance>
         <wf lemma="단체." pos="X">단체.</wf>
      </sentence>
      <sentence id="d000.s647" source="wordnet-korean">
         <wf lemma="이미" pos="X">이미</wf>
         <wf lemma="날은" pos="X">날은</wf>
         <wf lemma="저물고" pos="X">저물고</wf>
         <wf lemma="깊은" pos="X">깊은</wf>
         <wf lemma="산중이라" pos="X">산중이라</wf>
         <wf lemma="일행은" pos="X">일행은</wf>
         <wf lemma="길을" pos="X">길을</wf>
         <wf lemma="찾느라" pos="X">찾느라</wf>
         <instance id="d000.s647.t000" lemma="고생" pos="NOUN">고생</instance>
         <wf lemma="이" pos="X">이</wf>
         <wf lemma="극심하였다." pos="X">극심하였다.</wf>
      </sentence>
      <sentence id="d000.s648" source="wordnet-korean">
         <instance id="d000.s648.t000" lemma="고개" pos="NOUN">고개</instance>
         <wf lemma="가" pos="X">가</wf>
         <wf lemma="아프다." pos="X">아프다.</wf>
      </sentence>
      <sentence id="d000.s649" source="wordnet-korean">
         <instance id="d000.s649.t000" lemma="신경질" pos="NOUN">신경질</instance>
         <wf lemma="이" pos="X">이</wf>
         <wf lemma="나다." pos="X">나다.</wf>
      </sentence>
      <sentence id="d000.s650" source="wordnet-korean">
         <wf lemma="사람은" pos="X">사람은</wf>
         <wf lemma="누구든지" pos="X">누구든지</wf>
         <wf lemma="호주," pos="X">호주,</wf>
         <wf lemma="아버지," pos="X">아버지,</wf>
         <wf lemma="아내," pos="X">아내,</wf>
         <wf lemma="상속인" pos="X">상속인</wf>
         <wf lemma="따위의" pos="X">따위의</wf>
         <instance id="d000.s650.t000" lemma="신분" pos="NOUN">신분</instance>
         <wf lemma="이" pos="X">이</wf>
         <wf lemma="법으로" pos="X">법으로</wf>
         <wf lemma="보장된다." pos="X">보장된다.</wf>
      </sentence>
      <sentence id="d000.s651" source="wordnet-korean">
         <wf lemma="제" pos="X">제</wf>
         <instance id="d000.s651.t000" lemma="위치" pos="NOUN">위치</instance>
         <wf lemma="를" pos="X">를</wf>
         <wf lemma="생각해서" pos="X">생각해서</wf>
         <wf lemma="행동하여야" pos="X">행동하여야</wf>
         <wf lemma="한다." pos="X">한다.</wf>
      </sentence>
      <sentence id="d000.s652" source="wordnet-korean">
         <instance id="d000.s652.t000" lemma="국민" pos="NOUN">국민</instance>
         <wf lemma="발안." pos="X">발안.</wf>
      </sentence>
      <sentence id="d000.s653" source="wordnet-korean">
         <instance id="d000.s653.t000" lemma="손톱" pos="NOUN">손톱</instance>
         <wf lemma="이" pos="X">이</wf>
         <wf lemma="길다." pos="X">길다.</wf>
      </sentence>
      <sentence id="d000.s654" source="wordnet-korean">
         <wf lemma="제1" pos="X">제1</wf>
         <instance id="d000.s654.t000" lemma="대" pos="NOUN">대</instance>
         <wf lemma="." pos="X">.</wf>
      </sentence>
      <sentence id="d000.s655" source="wordnet-korean">
         <wf lemma="체면" pos="X">체면</wf>
         <instance id="d000.s655.t000" lemma="상" pos="NOUN">상</instance>
         <wf lemma="." pos="X">.</wf>
      </sentence>
      <sentence id="d000.s656" source="wordnet-korean">
         <wf lemma="장난감" pos="X">장난감</wf>
         <instance id="d000.s656.t000" lemma="조립" pos="NOUN">조립</instance>
         <wf lemma="." pos="X">.</wf>
      </sentence>
      <sentence id="d000.s657" source="wordnet-korean">
         <instance id="d000.s657.t000" lemma="동정" pos="NOUN">동정</instance>
         <wf lemma="이" pos="X">이</wf>
         <wf lemma="간다." pos="X">간다.</wf>
      </sentence>
      <sentence id="d000.s658" source="wordnet-korean">
         <wf lemma="며칠" pos="X">며칠</wf>
         <instance id="d000.s658.t000" lemma="후" pos="NOUN">후</instance>
         <wf lemma="에" pos="X">에</wf>
         <wf lemma="만납시다." pos="X">만납시다.</wf>
      </sentence>
      <sentence id="d000.s659" source="wordnet-korean">
         <instance id="d000.s659.t000" lemma="날" pos="NOUN">날</instance>
         <wf lemma="이" pos="X">이</wf>
         <wf lemma="밝다." pos="X">밝다.</wf>
      </sentence>
      <sentence id="d000.s660" source="wordnet-korean">
         <wf lemma="선생께서는" pos="X">선생께서는</wf>
         <wf lemma="80세의" pos="X">80세의</wf>
         <instance id="d000.s660.t000" lemma="고령" pos="NOUN">고령</instance>
         <wf lemma="인데도" pos="X">인데도</wf>
         <wf lemma="여전히" pos="X">여전히</wf>
         <wf lemma="글을" pos="X">글을</wf>
         <wf lemma="쓰시고" pos="X">쓰시고</wf>
         <wf lemma="모임에도" pos="X">모임에도</wf>
         <wf lemma="꼭꼭" pos="X">꼭꼭</wf>
         <wf lemma="참석하신다." pos="X">참석하신다.</wf>
      </sentence>
      <sentence id="d000.s661" source="wordnet-korean">
         <wf lemma="삼" pos="X">삼</wf>
         <wf lemma="간" pos="X">간</wf>
         <instance id="d000.s661.t000" lemma="내림" pos="NOUN">내림</instance>
         <wf lemma="." pos="X">.</wf>
      </sentence>
      <sentence id="d000.s662" source="wordnet-korean">
         <instance id="d000.s662.t000" lemma="방송" pos="NOUN">방송</instance>
         <wf lemma="시설." pos="X">시설.</wf>
      </sentence>
      <sentence id="d000.s663" source="wordnet-korean">
         <instance id="d000.s663.t000" lemma="흥분" pos="NOUN">흥분</instance>
         <wf lemma="의" pos="X">의</wf>
         <wf lemma="도가니." pos="X">도가니.</wf>
      </sentence>
      <sentence id="d000.s664" source="wordnet-korean">
         <instance id="d000.s664.t000" lemma="부군" pos="NOUN">부군</instance>
         <wf lemma="께서" pos="X">께서</wf>
         <wf lemma="하시는" pos="X">하시는</wf>
         <wf lemma="일은" pos="X">일은</wf>
         <wf lemma="잘" pos="X">잘</wf>
         <wf lemma="되시는지요?." pos="X">되시는지요?.</wf>
      </sentence>
      <sentence id="d000.s665" source="wordnet-korean">
         <wf lemma="전기의" pos="X">전기의</wf>
         <instance id="d000.s665.t000" lemma="발명" pos="NOUN">발명</instance>
         <wf lemma="." pos="X">.</wf>
      </sentence>
      <sentence id="d000.s666" source="wordnet-korean">
         <instance id="d000.s666.t000" lemma="비" pos="NOUN">비</instance>
         <wf lemma="오다." pos="X">오다.</wf>
      </sentence>
      <sentence id="d000.s667" source="wordnet-korean">
         <wf lemma="전자계산기의" pos="X">전자계산기의</wf>
         <wf lemma="발달은" pos="X">발달은</wf>
         <wf lemma="통신" pos="X">통신</wf>
         <instance id="d000.s667.t000" lemma="수단" pos="NOUN">수단</instance>
         <wf lemma="의" pos="X">의</wf>
         <wf lemma="발전에" pos="X">발전에</wf>
         <wf lemma="크게" pos="X">크게</wf>
         <wf lemma="이바지하였다." pos="X">이바지하였다.</wf>
      </sentence>
      <sentence id="d000.s668" source="wordnet-korean">
         <wf lemma="물가" pos="X">물가</wf>
         <instance id="d000.s668.t000" lemma="저하" pos="NOUN">저하</instance>
         <wf lemma="." pos="X">.</wf>
      </sentence>
      <sentence id="d000.s669" source="wordnet-korean">
         <wf lemma="서로" pos="X">서로</wf>
         <wf lemma="그렇지" pos="X">그렇지</wf>
         <wf lemma="않다는" pos="X">않다는</wf>
         <instance id="d000.s669.t000" lemma="이론" pos="NOUN">이론</instance>
         <wf lemma="들이었다." pos="X">들이었다.</wf>
      </sentence>
      <sentence id="d000.s670" source="wordnet-korean">
         <instance id="d000.s670.t000" lemma="마음" pos="NOUN">마음</instance>
         <wf lemma="이" pos="X">이</wf>
         <wf lemma="어질다." pos="X">어질다.</wf>
      </sentence>
      <sentence id="d000.s671" source="wordnet-korean">
         <instance id="d000.s671.t000" lemma="균형" pos="NOUN">균형</instance>
         <wf lemma="을" pos="X">을</wf>
         <wf lemma="잡다." pos="X">잡다.</wf>
      </sentence>
      <sentence id="d000.s672" source="wordnet-korean">
         <instance id="d000.s672.t000" lemma="살" pos="NOUN">살</instance>
         <wf lemma="을" pos="X">을</wf>
         <wf lemma="박다." pos="X">박다.</wf>
      </sentence>
      <sentence id="d000.s673" source="wordnet-korean">
         <instance id="d000.s673.t000" lemma="관구" pos="NOUN">관구</instance>
         <wf lemma="사령관." pos="X">사령관.</wf>
      </sentence>
      <sentence id="d000.s674" source="wordnet-korean">
         <instance id="d000.s674.t000" lemma="악" pos="NOUN">악</instance>
         <wf lemma="이" pos="X">이</wf>
         <wf lemma="나다." pos="X">나다.</wf>
      </sentence>
      <sentence id="d000.s675" source="wordnet-korean">
         <instance id="d000.s675.t000" lemma="능률" pos="NOUN">능률</instance>
         <wf lemma="증진." pos="X">증진.</wf>
      </sentence>
      <sentence id="d000.s676" source="wordnet-korean">
         <instance id="d000.s676.t000" lemma="기본" pos="NOUN">기본</instance>
         <wf lemma="설계." pos="X">설계.</wf>
      </sentence>
      <sentence id="d000.s677" source="wordnet-korean">
         <instance id="d000.s677.t000" lemma="물" pos="NOUN">물</instance>
         <wf lemma="을" pos="X">을</wf>
         <wf lemma="마시다." pos="X">마시다.</wf>
      </sentence>
      <sentence id="d000.s678" source="wordnet-korean">
         <instance id="d000.s678.t000" lemma="고마움" pos="NOUN">고마움</instance>
         <wf lemma="을" pos="X">을</wf>
         <wf lemma="잊지" pos="X">잊지</wf>
         <wf lemma="못하다." pos="X">못하다.</wf>
      </sentence>
      <sentence id="d000.s679" source="wordnet-korean">
         <instance id="d000.s679.t000" lemma="기업" pos="NOUN">기업</instance>
         <wf lemma="윤리." pos="X">윤리.</wf>
      </sentence>
      <sentence id="d000.s680" source="wordnet-korean">
         <instance id="d000.s680.t000" lemma="이승" pos="NOUN">이승</instance>
         <wf lemma="에서" pos="X">에서</wf>
         <wf lemma="못" pos="X">못</wf>
         <wf lemma="다한" pos="X">다한</wf>
         <wf lemma="인연을" pos="X">인연을</wf>
         <wf lemma="저승에서나" pos="X">저승에서나</wf>
         <wf lemma="나눕시다." pos="X">나눕시다.</wf>
      </sentence>
      <sentence id="d000.s681" source="wordnet-korean">
         <instance id="d000.s681.t000" lemma="보도" pos="NOUN">보도</instance>
         <wf lemma="를" pos="X">를</wf>
         <wf lemma="듣다." pos="X">듣다.</wf>
      </sentence>
      <sentence id="d000.s682" source="wordnet-korean">
         <wf lemma="두" pos="X">두</wf>
         <instance id="d000.s682.t000" lemma="동" pos="NOUN">동</instance>
         <wf lemma="." pos="X">.</wf>
      </sentence>
      <sentence id="d000.s683" source="wordnet-korean">
         <wf lemma="지뢰" pos="X">지뢰</wf>
         <instance id="d000.s683.t000" lemma="부설" pos="NOUN">부설</instance>
         <wf lemma="." pos="X">.</wf>
      </sentence>
      <sentence id="d000.s684" source="wordnet-korean">
         <wf lemma="산동" pos="X">산동</wf>
         <instance id="d000.s684.t000" lemma="성" pos="NOUN">성</instance>
         <wf lemma="." pos="X">.</wf>
      </sentence>
      <sentence id="d000.s685" source="wordnet-korean">
         <instance id="d000.s685.t000" lemma="주먹" pos="NOUN">주먹</instance>
         <wf lemma="을" pos="X">을</wf>
         <wf lemma="쥐다." pos="X">쥐다.</wf>
      </sentence>
      <sentence id="d000.s686" source="wordnet-korean">
         <instance id="d000.s686.t000" lemma="뼈대" pos="NOUN">뼈대</instance>
         <wf lemma="가" pos="X">가</wf>
         <wf lemma="굵다." pos="X">굵다.</wf>
      </sentence>
      <sentence id="d000.s687" source="wordnet-korean">
         <wf lemma="어금니" pos="X">어금니</wf>
         <instance id="d000.s687.t000" lemma="뿌리" pos="NOUN">뿌리</instance>
         <wf lemma="." pos="X">.</wf>
      </sentence>
      <sentence id="d000.s688" source="wordnet-korean">
         <instance id="d000.s688.t000" lemma="시일" pos="NOUN">시일</instance>
         <wf lemma="을" pos="X">을</wf>
         <wf lemma="끌다." pos="X">끌다.</wf>
      </sentence>
      <sentence id="d000.s689" source="wordnet-korean">
         <wf lemma="아담하고" pos="X">아담하고</wf>
         <wf lemma="담박한" pos="X">담박한</wf>
         <wf lemma="술상이" pos="X">술상이</wf>
         <wf lemma="달빛" pos="X">달빛</wf>
         <wf lemma="아래" pos="X">아래</wf>
         <instance id="d000.s689.t000" lemma="운치" pos="NOUN">운치</instance>
         <wf lemma="가" pos="X">가</wf>
         <wf lemma="있었다." pos="X">있었다.</wf>
      </sentence>
      <sentence id="d000.s690" source="wordnet-korean">
         <wf lemma="근로" pos="X">근로</wf>
         <instance id="d000.s690.t000" lemma="대중" pos="NOUN">대중</instance>
         <wf lemma="의" pos="X">의</wf>
         <wf lemma="생활" pos="X">생활</wf>
         <wf lemma="보호." pos="X">보호.</wf>
      </sentence>
      <sentence id="d000.s691" source="wordnet-korean">
         <wf lemma="형식과" pos="X">형식과</wf>
         <instance id="d000.s691.t000" lemma="내용" pos="NOUN">내용</instance>
         <wf lemma="." pos="X">.</wf>
      </sentence>
      <sentence id="d000.s692" source="wordnet-korean">
         <wf lemma="남의" pos="X">남의</wf>
         <instance id="d000.s692.t000" lemma="말투" pos="NOUN">말투</instance>
         <wf lemma="를" pos="X">를</wf>
         <wf lemma="흉내" pos="X">흉내</wf>
         <wf lemma="내다." pos="X">내다.</wf>
      </sentence>
      <sentence id="d000.s693" source="wordnet-korean">
         <wf lemma="문교부" pos="X">문교부</wf>
         <wf lemma="출입" pos="X">출입</wf>
         <instance id="d000.s693.t000" lemma="기자단" pos="NOUN">기자단</instance>
         <wf lemma="." pos="X">.</wf>
      </sentence>
      <sentence id="d000.s694" source="wordnet-korean">
         <instance id="d000.s694.t000" lemma="출처" pos="NOUN">출처</instance>
         <wf lemma="를" pos="X">를</wf>
         <wf lemma="밝히다." pos="X">밝히다.</wf>
      </sentence>
      <sentence id="d000.s695" source="wordnet-korean">
         <wf lemma="사람의" pos="X">사람의</wf>
         <instance id="d000.s695.t000" lemma="수" pos="NOUN">수</instance>
         <wf lemma="." pos="X">.</wf>
      </sentence>
      <sentence id="d000.s696" source="wordnet-korean">
         <wf lemma="경제적" pos="X">경제적</wf>
         <instance id="d000.s696.t000" lemma="발전" pos="NOUN">발전</instance>
         <wf lemma="." pos="X">.</wf>
      </sentence>
      <sentence id="d000.s697" source="wordnet-korean">
         <wf lemma="사람은" pos="X">사람은</wf>
         <wf lemma="역사의" pos="X">역사의</wf>
         <instance id="d000.s697.t000" lemma="주체" pos="NOUN">주체</instance>
         <wf lemma="이다." pos="X">이다.</wf>
      </sentence>
      <sentence id="d000.s698" source="wordnet-korean">
         <wf lemma="목돈" pos="X">목돈</wf>
         <wf lemma="쓰고" pos="X">쓰고</wf>
         <instance id="d000.s698.t000" lemma="푼돈" pos="NOUN">푼돈</instance>
         <wf lemma="으로" pos="X">으로</wf>
         <wf lemma="갚는다." pos="X">갚는다.</wf>
      </sentence>
      <sentence id="d000.s699" source="wordnet-korean">
         <wf lemma="첨단" pos="X">첨단</wf>
         <instance id="d000.s699.t000" lemma="기계" pos="NOUN">기계</instance>
         <wf lemma="." pos="X">.</wf>
      </sentence>
      <sentence id="d000.s700" source="wordnet-korean">
         <instance id="d000.s700.t000" lemma="계략" pos="NOUN">계략</instance>
         <wf lemma="을" pos="X">을</wf>
         <wf lemma="짜다." pos="X">짜다.</wf>
      </sentence>
      <sentence id="d000.s701" source="wordnet-korean">
         <instance id="d000.s701.t000" lemma="차례" pos="NOUN">차례</instance>
         <wf lemma="를" pos="X">를</wf>
         <wf lemma="기다린다." pos="X">기다린다.</wf>
      </sentence>
      <sentence id="d000.s702" source="wordnet-korean">
         <instance id="d000.s702.t000" lemma="약속" pos="NOUN">약속</instance>
         <wf lemma="을" pos="X">을</wf>
         <wf lemma="지키다." pos="X">지키다.</wf>
      </sentence>
      <sentence id="d000.s703" source="wordnet-korean">
         <wf lemma="암" pos="X">암</wf>
         <instance id="d000.s703.t000" lemma="놈" pos="NOUN">놈</instance>
         <wf lemma="." pos="X">.</wf>
      </sentence>
      <sentence id="d000.s704" source="wordnet-korean">
         <wf lemma="공장의" pos="X">공장의</wf>
         <wf lemma="굴뚝에서" pos="X">굴뚝에서</wf>
         <wf lemma="나온" pos="X">나온</wf>
         <instance id="d000.s704.t000" lemma="매연" pos="NOUN">매연</instance>
         <wf lemma="이" pos="X">이</wf>
         <wf lemma="하늘을" pos="X">하늘을</wf>
         <wf lemma="덮었다." pos="X">덮었다.</wf>
      </sentence>
      <sentence id="d000.s705" source="wordnet-korean">
         <wf lemma="고향" pos="X">고향</wf>
         <instance id="d000.s705.t000" lemma="마을" pos="NOUN">마을</instance>
         <wf lemma="." pos="X">.</wf>
      </sentence>
      <sentence id="d000.s706" source="wordnet-korean">
         <wf lemma="바른" pos="X">바른</wf>
         <instance id="d000.s706.t000" lemma="인식" pos="NOUN">인식</instance>
         <wf lemma="." pos="X">.</wf>
      </sentence>
      <sentence id="d000.s707" source="wordnet-korean">
         <wf lemma="정치" pos="X">정치</wf>
         <instance id="d000.s707.t000" lemma="사상" pos="NOUN">사상</instance>
         <wf lemma="." pos="X">.</wf>
      </sentence>
      <sentence id="d000.s708" source="wordnet-korean">
         <wf lemma="사랑을" pos="X">사랑을</wf>
         <wf lemma="눈물의" pos="X">눈물의</wf>
         <instance id="d000.s708.t000" lemma="씨앗" pos="NOUN">씨앗</instance>
         <wf lemma="이라고" pos="X">이라고</wf>
         <wf lemma="한" pos="X">한</wf>
         <wf lemma="유행가도" pos="X">유행가도</wf>
         <wf lemma="있다." pos="X">있다.</wf>
      </sentence>
      <sentence id="d000.s709" source="wordnet-korean">
         <wf lemma="창" pos="X">창</wf>
         <instance id="d000.s709.t000" lemma="밖" pos="NOUN">밖</instance>
         <wf lemma="을" pos="X">을</wf>
         <wf lemma="내다보다." pos="X">내다보다.</wf>
      </sentence>
      <sentence id="d000.s710" source="wordnet-korean">
         <instance id="d000.s710.t000" lemma="방송" pos="NOUN">방송</instance>
         <wf lemma="출연." pos="X">출연.</wf>
      </sentence>
      <sentence id="d000.s711" source="wordnet-korean">
         <instance id="d000.s711.t000" lemma="경계" pos="NOUN">경계</instance>
         <wf lemma="대책." pos="X">대책.</wf>
      </sentence>
      <sentence id="d000.s712" source="wordnet-korean">
         <instance id="d000.s712.t000" lemma="내" pos="NOUN">내</instance>
         <wf lemma="가" pos="X">가</wf>
         <wf lemma="마른다." pos="X">마른다.</wf>
      </sentence>
      <sentence id="d000.s713" source="wordnet-korean">
         <instance id="d000.s713.t000" lemma="성" pos="NOUN">성</instance>
         <wf lemma="과" pos="X">과</wf>
         <wf lemma="이름." pos="X">이름.</wf>
      </sentence>
      <sentence id="d000.s714" source="wordnet-korean">
         <wf lemma="충분한" pos="X">충분한</wf>
         <instance id="d000.s714.t000" lemma="논증" pos="NOUN">논증</instance>
         <wf lemma="." pos="X">.</wf>
      </sentence>
      <sentence id="d000.s715" source="wordnet-korean">
         <instance id="d000.s715.t000" lemma="보람" pos="NOUN">보람</instance>
         <wf lemma="이" pos="X">이</wf>
         <wf lemma="남아" pos="X">남아</wf>
         <wf lemma="있다." pos="X">있다.</wf>
      </sentence>
      <sentence id="d000.s716" source="wordnet-korean">
         <wf lemma="열" pos="X">열</wf>
         <instance id="d000.s716.t000" lemma="자리" pos="NOUN">자리</instance>
         <wf lemma="." pos="X">.</wf>
      </sentence>
      <sentence id="d000.s717" source="wordnet-korean">
         <instance id="d000.s717.t000" lemma="면" pos="NOUN">면</instance>
         <wf lemma="이" pos="X">이</wf>
         <wf lemma="깎이다." pos="X">깎이다.</wf>
      </sentence>
      <sentence id="d000.s718" source="wordnet-korean">
         <instance id="d000.s718.t000" lemma="모태" pos="NOUN">모태</instance>
         <wf lemma="에서" pos="X">에서</wf>
         <wf lemma="자라는" pos="X">자라는</wf>
         <wf lemma="태아." pos="X">태아.</wf>
      </sentence>
      <sentence id="d000.s719" source="wordnet-korean">
         <instance id="d000.s719.t000" lemma="외부" pos="NOUN">외부</instance>
         <wf lemma="인사." pos="X">인사.</wf>
      </sentence>
      <sentence id="d000.s720" source="wordnet-korean">
         <instance id="d000.s720.t000" lemma="보복" pos="NOUN">보복</instance>
         <wf lemma="보다는" pos="X">보다는</wf>
         <wf lemma="설득을" pos="X">설득을</wf>
         <wf lemma="하자." pos="X">하자.</wf>
      </sentence>
      <sentence id="d000.s721" source="wordnet-korean">
         <instance id="d000.s721.t000" lemma="거울" pos="NOUN">거울</instance>
         <wf lemma="같이" pos="X">같이</wf>
         <wf lemma="맑은" pos="X">맑은</wf>
         <wf lemma="시냇물." pos="X">시냇물.</wf>
      </sentence>
      <sentence id="d000.s722" source="wordnet-korean">
         <instance id="d000.s722.t000" lemma="털실" pos="NOUN">털실</instance>
         <wf lemma="과" pos="X">과</wf>
         <wf lemma="무명실." pos="X">무명실.</wf>
      </sentence>
      <sentence id="d000.s723" source="wordnet-korean">
         <instance id="d000.s723.t000" lemma="팔자" pos="NOUN">팔자</instance>
         <wf lemma="가" pos="X">가</wf>
         <wf lemma="좋다." pos="X">좋다.</wf>
      </sentence>
      <sentence id="d000.s724" source="wordnet-korean">
         <instance id="d000.s724.t000" lemma="공소" pos="NOUN">공소</instance>
         <wf lemma="를" pos="X">를</wf>
         <wf lemma="제기하다." pos="X">제기하다.</wf>
      </sentence>
      <sentence id="d000.s725" source="wordnet-korean">
         <wf lemma="이" pos="X">이</wf>
         <wf lemma="문제를" pos="X">문제를</wf>
         <wf lemma="바로" pos="X">바로</wf>
         <wf lemma="맞춘" pos="X">맞춘</wf>
         <instance id="d000.s725.t000" lemma="답" pos="NOUN">답</instance>
         <wf lemma="은" pos="X">은</wf>
         <wf lemma="아직" pos="X">아직</wf>
         <wf lemma="없었다." pos="X">없었다.</wf>
      </sentence>
      <sentence id="d000.s726" source="wordnet-korean">
         <instance id="d000.s726.t000" lemma="바구니" pos="NOUN">바구니</instance>
         <wf lemma="를" pos="X">를</wf>
         <wf lemma="엮었다." pos="X">엮었다.</wf>
      </sentence>
      <sentence id="d000.s727" source="wordnet-korean">
         <wf lemma="전기" pos="X">전기</wf>
         <instance id="d000.s727.t000" lemma="재개" pos="NOUN">재개</instance>
         <wf lemma="." pos="X">.</wf>
      </sentence>
      <sentence id="d000.s728" source="wordnet-korean">
         <wf lemma="해외" pos="X">해외</wf>
         <wf lemma="교포" pos="X">교포</wf>
         <instance id="d000.s728.t000" lemma="방문" pos="NOUN">방문</instance>
         <wf lemma="." pos="X">.</wf>
      </sentence>
      <sentence id="d000.s729" source="wordnet-korean">
         <wf lemma="문학" pos="X">문학</wf>
         <instance id="d000.s729.t000" lemma="서클" pos="NOUN">서클</instance>
         <wf lemma="." pos="X">.</wf>
      </sentence>
      <sentence id="d000.s730" source="wordnet-korean">
         <instance id="d000.s730.t000" lemma="교제" pos="NOUN">교제</instance>
         <wf lemma="를" pos="X">를</wf>
         <wf lemma="끊다." pos="X">끊다.</wf>
      </sentence>
      <sentence id="d000.s731" source="wordnet-korean">
         <wf lemma="올" pos="X">올</wf>
         <wf lemma="때에는" pos="X">때에는</wf>
         <instance id="d000.s731.t000" lemma="보람" pos="NOUN">보람</instance>
         <wf lemma="을" pos="X">을</wf>
         <wf lemma="두고" pos="X">두고</wf>
         <wf lemma="오게." pos="X">오게.</wf>
      </sentence>
      <sentence id="d000.s732" source="wordnet-korean">
         <wf lemma="현대식" pos="X">현대식</wf>
         <instance id="d000.s732.t000" lemma="가옥" pos="NOUN">가옥</instance>
         <wf lemma="." pos="X">.</wf>
      </sentence>
      <sentence id="d000.s733" source="wordnet-korean">
         <wf lemma="민요" pos="X">민요</wf>
         <instance id="d000.s733.t000" lemma="발췌" pos="NOUN">발췌</instance>
         <wf lemma="." pos="X">.</wf>
      </sentence>
      <sentence id="d000.s734" source="wordnet-korean">
         <instance id="d000.s734.t000" lemma="대지" pos="NOUN">대지</instance>
         <wf lemma="면적." pos="X">면적.</wf>
      </sentence>
      <sentence id="d000.s735" source="wordnet-korean">
         <instance id="d000.s735.t000" lemma="덕성" pos="NOUN">덕성</instance>
         <wf lemma="이" pos="X">이</wf>
         <wf lemma="있는" pos="X">있는</wf>
         <wf lemma="사람." pos="X">사람.</wf>
      </sentence>
      <sentence id="d000.s736" source="wordnet-korean">
         <instance id="d000.s736.t000" lemma="중화기" pos="NOUN">중화기</instance>
         <wf lemma="중대." pos="X">중대.</wf>
      </sentence>
      <sentence id="d000.s737" source="wordnet-korean">
         <wf lemma="술" pos="X">술</wf>
         <wf lemma="마시고" pos="X">마시고</wf>
         <wf lemma="담배" pos="X">담배</wf>
         <wf lemma="피는" pos="X">피는</wf>
         <wf lemma="것을" pos="X">것을</wf>
         <instance id="d000.s737.t000" lemma="금하다" pos="VERB">금하다</instance>
         <wf lemma="." pos="X">.</wf>
      </sentence>
      <sentence id="d000.s738" source="wordnet-korean">
         <wf lemma="학생" pos="X">학생</wf>
         <instance id="d000.s738.t000" lemma="모집" pos="NOUN">모집</instance>
         <wf lemma="." pos="X">.</wf>
      </sentence>
      <sentence id="d000.s739" source="wordnet-korean">
         <instance id="d000.s739.t000" lemma="감각" pos="NOUN">감각</instance>
         <wf lemma="기능." pos="X">기능.</wf>
      </sentence>
      <sentence id="d000.s740" source="wordnet-korean">
         <wf lemma="추석" pos="X">추석</wf>
         <instance id="d000.s740.t000" lemma="전날" pos="NOUN">전날</instance>
         <wf lemma="." pos="X">.</wf>
      </sentence>
      <sentence id="d000.s741" source="wordnet-korean">
         <wf lemma="누가" pos="X">누가</wf>
         <wf lemma="물으면" pos="X">물으면</wf>
         <wf lemma="즉시" pos="X">즉시</wf>
         <instance id="d000.s741.t000" lemma="답" pos="NOUN">답</instance>
         <wf lemma="을" pos="X">을</wf>
         <wf lemma="해야지." pos="X">해야지.</wf>
      </sentence>
      <sentence id="d000.s742" source="wordnet-korean">
         <instance id="d000.s742.t000" lemma="계절" pos="NOUN">계절</instance>
         <wf lemma="이" pos="X">이</wf>
         <wf lemma="이르다." pos="X">이르다.</wf>
      </sentence>
      <sentence id="d000.s743" source="wordnet-korean">
         <instance id="d000.s743.t000" lemma="감시" pos="NOUN">감시</instance>
         <wf lemma="를" pos="X">를</wf>
         <wf lemma="받다." pos="X">받다.</wf>
      </sentence>
      <sentence id="d000.s744" source="wordnet-korean">
         <wf lemma="낟알의" pos="X">낟알의</wf>
         <instance id="d000.s744.t000" lemma="결실" pos="NOUN">결실</instance>
         <wf lemma="." pos="X">.</wf>
      </sentence>
      <sentence id="d000.s745" source="wordnet-korean">
         <instance id="d000.s745.t000" lemma="동양" pos="NOUN">동양</instance>
         <wf lemma="사람." pos="X">사람.</wf>
      </sentence>
      <sentence id="d000.s746" source="wordnet-korean">
         <wf lemma="도대체" pos="X">도대체</wf>
         <wf lemma="어디로" pos="X">어디로</wf>
         <wf lemma="사라졌는지," pos="X">사라졌는지,</wf>
         <instance id="d000.s746.t000" lemma="안개" pos="NOUN">안개</instance>
         <wf lemma="속에서" pos="X">속에서</wf>
         <wf lemma="구름" pos="X">구름</wf>
         <wf lemma="날아간" pos="X">날아간</wf>
         <wf lemma="자리였다." pos="X">자리였다.</wf>
      </sentence>
      <sentence id="d000.s747" source="wordnet-korean">
         <instance id="d000.s747.t000" lemma="솜씨" pos="NOUN">솜씨</instance>
         <wf lemma="가" pos="X">가</wf>
         <wf lemma="좋다." pos="X">좋다.</wf>
      </sentence>
      <sentence id="d000.s748" source="wordnet-korean">
         <instance id="d000.s748.t000" lemma="담배" pos="NOUN">담배</instance>
         <wf lemma="연기가" pos="X">연기가</wf>
         <wf lemma="독하다." pos="X">독하다.</wf>
      </sentence>
      <sentence id="d000.s749" source="wordnet-korean">
         <instance id="d000.s749.t000" lemma="꿈" pos="NOUN">꿈</instance>
         <wf lemma="도" pos="X">도</wf>
         <wf lemma="많았던" pos="X">많았던</wf>
         <wf lemma="소년시절." pos="X">소년시절.</wf>
      </sentence>
      <sentence id="d000.s750" source="wordnet-korean">
         <instance id="d000.s750.t000" lemma="동양" pos="NOUN">동양</instance>
         <wf lemma="의" pos="X">의</wf>
         <wf lemma="신비." pos="X">신비.</wf>
      </sentence>
      <sentence id="d000.s751" source="wordnet-korean">
         <instance id="d000.s751.t000" lemma="가사" pos="NOUN">가사</instance>
         <wf lemma="를" pos="X">를</wf>
         <wf lemma="돌보다." pos="X">돌보다.</wf>
      </sentence>
      <sentence id="d000.s752" source="wordnet-korean">
         <wf lemma="과자" pos="X">과자</wf>
         <wf lemma="한" pos="X">한</wf>
         <instance id="d000.s752.t000" lemma="봉" pos="NOUN">봉</instance>
         <wf lemma="." pos="X">.</wf>
      </sentence>
      <sentence id="d000.s753" source="wordnet-korean">
         <instance id="d000.s753.t000" lemma="뒤축" pos="NOUN">뒤축</instance>
         <wf lemma="이" pos="X">이</wf>
         <wf lemma="높다." pos="X">높다.</wf>
      </sentence>
      <sentence id="d000.s754" source="wordnet-korean">
         <instance id="d000.s754.t000" lemma="가입" pos="NOUN">가입</instance>
         <wf lemma="신청." pos="X">신청.</wf>
      </sentence>
      <sentence id="d000.s755" source="wordnet-korean">
         <instance id="d000.s755.t000" lemma="취미" pos="NOUN">취미</instance>
         <wf lemma="생활." pos="X">생활.</wf>
      </sentence>
      <sentence id="d000.s756" source="wordnet-korean">
         <wf lemma="척이" pos="X">척이</wf>
         <instance id="d000.s756.t000" lemma="지다" pos="NOUN">지다</instance>
         <wf lemma="." pos="X">.</wf>
      </sentence>
      <sentence id="d000.s757" source="wordnet-korean">
         <wf lemma="언삼은" pos="X">언삼은</wf>
         <wf lemma="아내의" pos="X">아내의</wf>
         <instance id="d000.s757.t000" lemma="허깨비" pos="NOUN">허깨비</instance>
         <wf lemma="를" pos="X">를</wf>
         <wf lemma="보자" pos="X">보자</wf>
         <wf lemma="두어" pos="X">두어</wf>
         <wf lemma="걸음" pos="X">걸음</wf>
         <wf lemma="뒷걸음질치며" pos="X">뒷걸음질치며</wf>
         <wf lemma="그렇게" pos="X">그렇게</wf>
         <wf lemma="지껄이다가" pos="X">지껄이다가</wf>
         <wf lemma="그만" pos="X">그만</wf>
         <wf lemma="차디찬" pos="X">차디찬</wf>
         <wf lemma="방바닥에" pos="X">방바닥에</wf>
         <wf lemma="쓰러진" pos="X">쓰러진</wf>
         <wf lemma="채" pos="X">채</wf>
         <wf lemma="정신을" pos="X">정신을</wf>
         <wf lemma="잃어버리고" pos="X">잃어버리고</wf>
         <wf lemma="말았다." pos="X">말았다.</wf>
      </sentence>
      <sentence id="d000.s758" source="wordnet-korean">
         <wf lemma="그" pos="X">그</wf>
         <wf lemma="태도로" pos="X">태도로</wf>
         <instance id="d000.s758.t000" lemma="백년" pos="NOUN">백년</instance>
         <wf lemma="가" pos="X">가</wf>
         <wf lemma="본들" pos="X">본들</wf>
         <wf lemma="별" pos="X">별</wf>
         <wf lemma="수" pos="X">수</wf>
         <wf lemma="있을라고." pos="X">있을라고.</wf>
      </sentence>
      <sentence id="d000.s759" source="wordnet-korean">
         <wf lemma="우수" pos="X">우수</wf>
         <wf lemma="단체" pos="X">단체</wf>
         <instance id="d000.s759.t000" lemma="선발" pos="NOUN">선발</instance>
         <wf lemma="." pos="X">.</wf>
      </sentence>
      <sentence id="d000.s760" source="wordnet-korean">
         <wf lemma="전시회에" pos="X">전시회에</wf>
         <wf lemma="관한" pos="X">관한</wf>
         <instance id="d000.s760.t000" lemma="설명" pos="NOUN">설명</instance>
         <wf lemma="." pos="X">.</wf>
      </sentence>
      <sentence id="d000.s761" source="wordnet-korean">
         <wf lemma="부산" pos="X">부산</wf>
         <instance id="d000.s761.t000" lemma="방면" pos="NOUN">방면</instance>
         <wf lemma="." pos="X">.</wf>
      </sentence>
      <sentence id="d000.s762" source="wordnet-korean">
         <wf lemma="선풍기" pos="X">선풍기</wf>
         <instance id="d000.s762.t000" lemma="바람" pos="NOUN">바람</instance>
         <wf lemma="." pos="X">.</wf>
      </sentence>
      <sentence id="d000.s763" source="wordnet-korean">
         <instance id="d000.s763.t000" lemma="노고" pos="NOUN">노고</instance>
         <wf lemma="를" pos="X">를</wf>
         <wf lemma="무릅쓰다." pos="X">무릅쓰다.</wf>
      </sentence>
      <sentence id="d000.s764" source="wordnet-korean">
         <instance id="d000.s764.t000" lemma="능력" pos="NOUN">능력</instance>
         <wf lemma="을" pos="X">을</wf>
         <wf lemma="발휘하다." pos="X">발휘하다.</wf>
      </sentence>
      <sentence id="d000.s765" source="wordnet-korean">
         <instance id="d000.s765.t000" lemma="산보" pos="NOUN">산보</instance>
         <wf lemma="를" pos="X">를</wf>
         <wf lemma="가다." pos="X">가다.</wf>
      </sentence>
      <sentence id="d000.s766" source="wordnet-korean">
         <instance id="d000.s766.t000" lemma="요행" pos="NOUN">요행</instance>
         <wf lemma="을" pos="X">을</wf>
         <wf lemma="바라다." pos="X">바라다.</wf>
      </sentence>
      <sentence id="d000.s767" source="wordnet-korean">
         <wf lemma="사무" pos="X">사무</wf>
         <instance id="d000.s767.t000" lemma="용품" pos="NOUN">용품</instance>
         <wf lemma="." pos="X">.</wf>
      </sentence>
      <sentence id="d000.s768" source="wordnet-korean">
         <instance id="d000.s768.t000" lemma="말세" pos="NOUN">말세</instance>
         <wf lemma="가" pos="X">가</wf>
         <wf lemma="다가온다." pos="X">다가온다.</wf>
      </sentence>
      <sentence id="d000.s769" source="wordnet-korean">
         <instance id="d000.s769.t000" lemma="성질" pos="NOUN">성질</instance>
         <wf lemma="이" pos="X">이</wf>
         <wf lemma="온순하다." pos="X">온순하다.</wf>
      </sentence>
      <sentence id="d000.s770" source="wordnet-korean">
         <wf lemma="활자의" pos="X">활자의</wf>
         <instance id="d000.s770.t000" lemma="발명" pos="NOUN">발명</instance>
         <wf lemma="." pos="X">.</wf>
      </sentence>
      <sentence id="d000.s771" source="wordnet-korean">
         <wf lemma="새" pos="X">새</wf>
         <instance id="d000.s771.t000" lemma="시대" pos="NOUN">시대</instance>
         <wf lemma="." pos="X">.</wf>
      </sentence>
      <sentence id="d000.s772" source="wordnet-korean">
         <wf lemma="입학의" pos="X">입학의</wf>
         <instance id="d000.s772.t000" lemma="문" pos="NOUN">문</instance>
         <wf lemma="이" pos="X">이</wf>
         <wf lemma="좁다." pos="X">좁다.</wf>
      </sentence>
      <sentence id="d000.s773" source="wordnet-korean">
         <instance id="d000.s773.t000" lemma="사금" pos="NOUN">사금</instance>
         <wf lemma="을" pos="X">을</wf>
         <wf lemma="캐다." pos="X">캐다.</wf>
      </sentence>
      <sentence id="d000.s774" source="wordnet-korean">
         <wf lemma="상품" pos="X">상품</wf>
         <instance id="d000.s774.t000" lemma="판매" pos="NOUN">판매</instance>
         <wf lemma="." pos="X">.</wf>
      </sentence>
      <sentence id="d000.s775" source="wordnet-korean">
         <instance id="d000.s775.t000" lemma="기념" pos="NOUN">기념</instance>
         <wf lemma="사업." pos="X">사업.</wf>
      </sentence>
      <sentence id="d000.s776" source="wordnet-korean">
         <wf lemma="송편" pos="X">송편</wf>
         <instance id="d000.s776.t000" lemma="속" pos="NOUN">속</instance>
         <wf lemma="." pos="X">.</wf>
      </sentence>
      <sentence id="d000.s777" source="wordnet-korean">
         <instance id="d000.s777.t000" lemma="능력" pos="NOUN">능력</instance>
         <wf lemma="을" pos="X">을</wf>
         <wf lemma="시험하다." pos="X">시험하다.</wf>
      </sentence>
      <sentence id="d000.s778" source="wordnet-korean">
         <wf lemma="모심기가" pos="X">모심기가</wf>
         <instance id="d000.s778.t000" lemma="한창" pos="NOUN">한창</instance>
         <wf lemma="이다." pos="X">이다.</wf>
      </sentence>
      <sentence id="d000.s779" source="wordnet-korean">
         <wf lemma="해각선사를" pos="X">해각선사를</wf>
         <wf lemma="찾은" pos="X">찾은</wf>
         <wf lemma="것도" pos="X">것도</wf>
         <wf lemma="운봉선사의" pos="X">운봉선사의</wf>
         <instance id="d000.s779.t000" lemma="알선" pos="NOUN">알선</instance>
         <wf lemma="에" pos="X">에</wf>
         <wf lemma="의한" pos="X">의한</wf>
         <wf lemma="것이다." pos="X">것이다.</wf>
      </sentence>
      <sentence id="d000.s780" source="wordnet-korean">
         <wf lemma="마음의" pos="X">마음의</wf>
         <instance id="d000.s780.t000" lemma="고향" pos="NOUN">고향</instance>
         <wf lemma="." pos="X">.</wf>
      </sentence>
      <sentence id="d000.s781" source="wordnet-korean">
         <wf lemma="논지의" pos="X">논지의</wf>
         <instance id="d000.s781.t000" lemma="전개" pos="NOUN">전개</instance>
         <wf lemma="." pos="X">.</wf>
      </sentence>
      <sentence id="d000.s782" source="wordnet-korean">
         <wf lemma="말의" pos="X">말의</wf>
         <instance id="d000.s782.t000" lemma="기원" pos="NOUN">기원</instance>
         <wf lemma="." pos="X">.</wf>
      </sentence>
      <sentence id="d000.s783" source="wordnet-korean">
         <wf lemma="삶의" pos="X">삶의</wf>
         <instance id="d000.s783.t000" lemma="굴레" pos="NOUN">굴레</instance>
         <wf lemma="." pos="X">.</wf>
      </sentence>
      <sentence id="d000.s784" source="wordnet-korean">
         <wf lemma="저하고" pos="X">저하고</wf>
         <instance id="d000.s784.t000" lemma="동기" pos="NOUN">동기</instance>
         <wf lemma="입니다." pos="X">입니다.</wf>
      </sentence>
      <sentence id="d000.s785" source="wordnet-korean">
         <instance id="d000.s785.t000" lemma="냉동" pos="NOUN">냉동</instance>
         <wf lemma="설비." pos="X">설비.</wf>
      </sentence>
      <sentence id="d000.s786" source="wordnet-korean">
         <wf lemma="갑작스레" pos="X">갑작스레</wf>
         <wf lemma="환한" pos="X">환한</wf>
         <instance id="d000.s786.t000" lemma="불빛" pos="NOUN">불빛</instance>
         <wf lemma="과" pos="X">과</wf>
         <wf lemma="함께" pos="X">함께</wf>
         <wf lemma="터지는" pos="X">터지는</wf>
         <wf lemma="폭음" pos="X">폭음</wf>
         <wf lemma="소리." pos="X">소리.</wf>
      </sentence>
      <sentence id="d000.s787" source="wordnet-korean">
         <wf lemma="지식의" pos="X">지식의</wf>
         <instance id="d000.s787.t000" lemma="단편" pos="NOUN">단편</instance>
         <wf lemma="." pos="X">.</wf>
      </sentence>
      <sentence id="d000.s788" source="wordnet-korean">
         <wf lemma="건강이" pos="X">건강이</wf>
         <wf lemma="가장" pos="X">가장</wf>
         <wf lemma="큰" pos="X">큰</wf>
         <instance id="d000.s788.t000" lemma="재산" pos="NOUN">재산</instance>
         <wf lemma="이다." pos="X">이다.</wf>
      </sentence>
      <sentence id="d000.s789" source="wordnet-korean">
         <wf lemma="오페라" pos="X">오페라</wf>
         <instance id="d000.s789.t000" lemma="가수" pos="NOUN">가수</instance>
         <wf lemma="." pos="X">.</wf>
      </sentence>
      <sentence id="d000.s790" source="wordnet-korean">
         <wf lemma="연극" pos="X">연극</wf>
         <instance id="d000.s790.t000" lemma="붐" pos="NOUN">붐</instance>
         <wf lemma="이" pos="X">이</wf>
         <wf lemma="일었다." pos="X">일었다.</wf>
      </sentence>
      <sentence id="d000.s791" source="wordnet-korean">
         <instance id="d000.s791.t000" lemma="소득" pos="NOUN">소득</instance>
         <wf lemma="이" pos="X">이</wf>
         <wf lemma="많다." pos="X">많다.</wf>
      </sentence>
      <sentence id="d000.s792" source="wordnet-korean">
         <instance id="d000.s792.t000" lemma="신용" pos="NOUN">신용</instance>
         <wf lemma="이" pos="X">이</wf>
         <wf lemma="떨어지다." pos="X">떨어지다.</wf>
      </sentence>
      <sentence id="d000.s793" source="wordnet-korean">
         <instance id="d000.s793.t000" lemma="금박" pos="NOUN">금박</instance>
         <wf lemma="글씨." pos="X">글씨.</wf>
      </sentence>
      <sentence id="d000.s794" source="wordnet-korean">
         <wf lemma="배우려는" pos="X">배우려는</wf>
         <instance id="d000.s794.t000" lemma="열심" pos="NOUN">열심</instance>
         <wf lemma="이" pos="X">이</wf>
         <wf lemma="대단하다." pos="X">대단하다.</wf>
      </sentence>
      <sentence id="d000.s795" source="wordnet-korean">
         <wf lemma="밥을" pos="X">밥을</wf>
         <instance id="d000.s795.t000" lemma="국" pos="NOUN">국</instance>
         <wf lemma="에" pos="X">에</wf>
         <wf lemma="말아" pos="X">말아</wf>
         <wf lemma="먹다." pos="X">먹다.</wf>
      </sentence>
      <sentence id="d000.s796" source="wordnet-korean">
         <instance id="d000.s796.t000" lemma="냄새" pos="NOUN">냄새</instance>
         <wf lemma="에" pos="X">에</wf>
         <wf lemma="취한다." pos="X">취한다.</wf>
      </sentence>
      <sentence id="d000.s797" source="wordnet-korean">
         <wf lemma="/" pos="X">/</wf>
         <wf lemma="소작" pos="X">소작</wf>
         <instance id="d000.s797.t000" lemma="농" pos="NOUN">농</instance>
         <wf lemma="." pos="X">.</wf>
      </sentence>
      <sentence id="d000.s798" source="wordnet-korean">
         <instance id="d000.s798.t000" lemma="불참" pos="NOUN">불참</instance>
         <wf lemma="선언." pos="X">선언.</wf>
      </sentence>
      <sentence id="d000.s799" source="wordnet-korean">
         <instance id="d000.s799.t000" lemma="평론" pos="NOUN">평론</instance>
         <wf lemma="을" pos="X">을</wf>
         <wf lemma="쓰다." pos="X">쓰다.</wf>
      </sentence>
      <sentence id="d000.s800" source="wordnet-korean">
         <instance id="d000.s800.t000" lemma="나이" pos="NOUN">나이</instance>
         <wf lemma="가" pos="X">가</wf>
         <wf lemma="들었다." pos="X">들었다.</wf>
      </sentence>
      <sentence id="d000.s801" source="wordnet-korean">
         <instance id="d000.s801.t000" lemma="인정" pos="NOUN">인정</instance>
         <wf lemma="사정" pos="X">사정</wf>
         <wf lemma="볼" pos="X">볼</wf>
         <wf lemma="것" pos="X">것</wf>
         <wf lemma="없다." pos="X">없다.</wf>
      </sentence>
      <sentence id="d000.s802" source="wordnet-korean">
         <wf lemma="기압" pos="X">기압</wf>
         <instance id="d000.s802.t000" lemma="강하" pos="NOUN">강하</instance>
         <wf lemma="." pos="X">.</wf>
      </sentence>
      <sentence id="d000.s803" source="wordnet-korean">
         <wf lemma="소나무" pos="X">소나무</wf>
         <instance id="d000.s803.t000" lemma="그루터기" pos="NOUN">그루터기</instance>
         <wf lemma="." pos="X">.</wf>
      </sentence>
      <sentence id="d000.s804" source="wordnet-korean">
         <instance id="d000.s804.t000" lemma="물정" pos="NOUN">물정</instance>
         <wf lemma="을" pos="X">을</wf>
         <wf lemma="환히" pos="X">환히</wf>
         <wf lemma="안다." pos="X">안다.</wf>
      </sentence>
      <sentence id="d000.s805" source="wordnet-korean">
         <instance id="d000.s805.t000" lemma="건설" pos="NOUN">건설</instance>
         <wf lemma="기관." pos="X">기관.</wf>
      </sentence>
      <sentence id="d000.s806" source="wordnet-korean">
         <wf lemma="이론의" pos="X">이론의</wf>
         <instance id="d000.s806.t000" lemma="전개" pos="NOUN">전개</instance>
         <wf lemma="." pos="X">.</wf>
      </sentence>
      <sentence id="d000.s807" source="wordnet-korean">
         <instance id="d000.s807.t000" lemma="기분" pos="NOUN">기분</instance>
         <wf lemma="이" pos="X">이</wf>
         <wf lemma="나쁘다." pos="X">나쁘다.</wf>
      </sentence>
      <sentence id="d000.s808" source="wordnet-korean">
         <wf lemma="윤달은" pos="X">윤달은</wf>
         <wf lemma="가외의" pos="X">가외의</wf>
         <wf lemma="달이므로" pos="X">달이므로</wf>
         <instance id="d000.s808.t000" lemma="액운" pos="NOUN">액운</instance>
         <wf lemma="이" pos="X">이</wf>
         <wf lemma="들지" pos="X">들지</wf>
         <wf lemma="않는" pos="X">않는</wf>
         <wf lemma="달로" pos="X">달로</wf>
         <wf lemma="여긴다." pos="X">여긴다.</wf>
      </sentence>
      <sentence id="d000.s809" source="wordnet-korean">
         <instance id="d000.s809.t000" lemma="때" pos="NOUN">때</instance>
         <wf lemma="를" pos="X">를</wf>
         <wf lemma="거르다." pos="X">거르다.</wf>
      </sentence>
      <sentence id="d000.s810" source="wordnet-korean">
         <instance id="d000.s810.t000" lemma="폭격" pos="NOUN">폭격</instance>
         <wf lemma="에" pos="X">에</wf>
         <wf lemma="폐허가" pos="X">폐허가</wf>
         <wf lemma="된" pos="X">된</wf>
         <wf lemma="도시." pos="X">도시.</wf>
      </sentence>
      <sentence id="d000.s811" source="wordnet-korean">
         <wf lemma="해마다" pos="X">해마다</wf>
         <wf lemma="당하는" pos="X">당하는</wf>
         <instance id="d000.s811.t000" lemma="양식" pos="NOUN">양식</instance>
         <wf lemma="걱정을" pos="X">걱정을</wf>
         <wf lemma="면하기" pos="X">면하기</wf>
         <wf lemma="위하여" pos="X">위하여</wf>
         <wf lemma="온" pos="X">온</wf>
         <wf lemma="가족이" pos="X">가족이</wf>
         <wf lemma="쉴" pos="X">쉴</wf>
         <wf lemma="사이" pos="X">사이</wf>
         <wf lemma="없이" pos="X">없이</wf>
         <wf lemma="노력한다." pos="X">노력한다.</wf>
      </sentence>
      <sentence id="d000.s812" source="wordnet-korean">
         <instance id="d000.s812.t000" lemma="차례" pos="NOUN">차례</instance>
         <wf lemma="대로" pos="X">대로</wf>
         <wf lemma="차를" pos="X">차를</wf>
         <wf lemma="탄다." pos="X">탄다.</wf>
      </sentence>
      <sentence id="d000.s813" source="wordnet-korean">
         <instance id="d000.s813.t000" lemma="야영" pos="NOUN">야영</instance>
         <wf lemma="훈련." pos="X">훈련.</wf>
      </sentence>
      <sentence id="d000.s814" source="wordnet-korean">
         <wf lemma="한글학회의" pos="X">한글학회의</wf>
         <wf lemma="걸어온" pos="X">걸어온</wf>
         <instance id="d000.s814.t000" lemma="길" pos="NOUN">길</instance>
         <wf lemma="." pos="X">.</wf>
      </sentence>
      <sentence id="d000.s815" source="wordnet-korean">
         <wf lemma="생일" pos="X">생일</wf>
         <instance id="d000.s815.t000" lemma="잔치" pos="NOUN">잔치</instance>
         <wf lemma="." pos="X">.</wf>
      </sentence>
      <sentence id="d000.s816" source="wordnet-korean">
         <wf lemma="보기" pos="X">보기</wf>
         <wf lemma="싫은" pos="X">싫은</wf>
         <instance id="d000.s816.t000" lemma="꼴" pos="NOUN">꼴</instance>
         <wf lemma="." pos="X">.</wf>
      </sentence>
      <sentence id="d000.s817" source="wordnet-korean">
         <instance id="d000.s817.t000" lemma="비탄" pos="NOUN">비탄</instance>
         <wf lemma="을" pos="X">을</wf>
         <wf lemma="금할" pos="X">금할</wf>
         <wf lemma="수" pos="X">수</wf>
         <wf lemma="없다." pos="X">없다.</wf>
      </sentence>
      <sentence id="d000.s818" source="wordnet-korean">
         <wf lemma="성적" pos="X">성적</wf>
         <instance id="d000.s818.t000" lemma="불량" pos="NOUN">불량</instance>
         <wf lemma="." pos="X">.</wf>
      </sentence>
      <sentence id="d000.s819" source="wordnet-korean">
         <instance id="d000.s819.t000" lemma="머리" pos="NOUN">머리</instance>
         <wf lemma="를" pos="X">를</wf>
         <wf lemma="긁다." pos="X">긁다.</wf>
      </sentence>
      <sentence id="d000.s820" source="wordnet-korean">
         <wf lemma="잔을" pos="X">잔을</wf>
         <wf lemma="받은" pos="X">받은</wf>
         <wf lemma="그의" pos="X">그의</wf>
         <instance id="d000.s820.t000" lemma="손길" pos="NOUN">손길</instance>
         <wf lemma="도" pos="X">도</wf>
         <wf lemma="떨리는" pos="X">떨리는</wf>
         <wf lemma="듯" pos="X">듯</wf>
         <wf lemma="하였다." pos="X">하였다.</wf>
      </sentence>
      <sentence id="d000.s821" source="wordnet-korean">
         <wf lemma="아버님의" pos="X">아버님의</wf>
         <instance id="d000.s821.t000" lemma="말씀" pos="NOUN">말씀</instance>
         <wf lemma="대로" pos="X">대로</wf>
         <wf lemma="하겠습니다." pos="X">하겠습니다.</wf>
      </sentence>
      <sentence id="d000.s822" source="wordnet-korean">
         <instance id="d000.s822.t000" lemma="금리" pos="NOUN">금리</instance>
         <wf lemma="를" pos="X">를</wf>
         <wf lemma="내리다." pos="X">내리다.</wf>
      </sentence>
      <sentence id="d000.s823" source="wordnet-korean">
         <wf lemma="집을" pos="X">집을</wf>
         <instance id="d000.s823.t000" lemma="팔다" pos="NOUN">팔다</instance>
         <wf lemma="." pos="X">.</wf>
      </sentence>
      <sentence id="d000.s824" source="wordnet-korean">
         <wf lemma="취재" pos="X">취재</wf>
         <instance id="d000.s824.t000" lemma="특파원" pos="NOUN">특파원</instance>
         <wf lemma="." pos="X">.</wf>
      </sentence>
      <sentence id="d000.s825" source="wordnet-korean">
         <instance id="d000.s825.t000" lemma="경험" pos="NOUN">경험</instance>
         <wf lemma="을" pos="X">을</wf>
         <wf lemma="쌓다." pos="X">쌓다.</wf>
      </sentence>
      <sentence id="d000.s826" source="wordnet-korean">
         <wf lemma="두" pos="X">두</wf>
         <wf lemma="사람은" pos="X">사람은</wf>
         <instance id="d000.s826.t000" lemma="술잔" pos="NOUN">술잔</instance>
         <wf lemma="을" pos="X">을</wf>
         <wf lemma="주고받으며" pos="X">주고받으며</wf>
         <wf lemma="이야기했다." pos="X">이야기했다.</wf>
      </sentence>
      <sentence id="d000.s827" source="wordnet-korean">
         <wf lemma="젊은" pos="X">젊은</wf>
         <instance id="d000.s827.t000" lemma="것" pos="NOUN">것</instance>
         <wf lemma="들." pos="X">들.</wf>
      </sentence>
      <sentence id="d000.s828" source="wordnet-korean">
         <instance id="d000.s828.t000" lemma="안전" pos="NOUN">안전</instance>
         <wf lemma="대책." pos="X">대책.</wf>
      </sentence>
      <sentence id="d000.s829" source="wordnet-korean">
         <wf lemma="서로의" pos="X">서로의</wf>
         <wf lemma="의견이" pos="X">의견이</wf>
         <wf lemma="팽팽히" pos="X">팽팽히</wf>
         <wf lemma="맞서는" pos="X">맞서는</wf>
         <wf lemma="가운데" pos="X">가운데</wf>
         <wf lemma="회담은" pos="X">회담은</wf>
         <instance id="d000.s829.t000" lemma="결렬" pos="NOUN">결렬</instance>
         <wf lemma="되고" pos="X">되고</wf>
         <wf lemma="말았다." pos="X">말았다.</wf>
      </sentence>
      <sentence id="d000.s830" source="wordnet-korean">
         <wf lemma="마음의" pos="X">마음의</wf>
         <instance id="d000.s830.t000" lemma="평안" pos="NOUN">평안</instance>
         <wf lemma="을" pos="X">을</wf>
         <wf lemma="얻다." pos="X">얻다.</wf>
      </sentence>
      <sentence id="d000.s831" source="wordnet-korean">
         <wf lemma="젖머슴" pos="X">젖머슴</wf>
         <wf lemma="노릇" pos="X">노릇</wf>
         <wf lemma="하는" pos="X">하는</wf>
         <wf lemma="것만도," pos="X">것만도,</wf>
         <wf lemma="오히려" pos="X">오히려</wf>
         <wf lemma="고마운" pos="X">고마운</wf>
         <instance id="d000.s831.t000" lemma="판" pos="NOUN">판</instance>
         <wf lemma="이었다." pos="X">이었다.</wf>
      </sentence>
      <sentence id="d000.s832" source="wordnet-korean">
         <wf lemma="국민" pos="X">국민</wf>
         <wf lemma="교육의" pos="X">교육의</wf>
         <instance id="d000.s832.t000" lemma="과거" pos="NOUN">과거</instance>
         <wf lemma="를" pos="X">를</wf>
         <wf lemma="돌이켜" pos="X">돌이켜</wf>
         <wf lemma="본다." pos="X">본다.</wf>
      </sentence>
      <sentence id="d000.s833" source="wordnet-korean">
         <wf lemma="실권은" pos="X">실권은</wf>
         <wf lemma="없고" pos="X">없고</wf>
         <instance id="d000.s833.t000" lemma="명목" pos="NOUN">명목</instance>
         <wf lemma="뿐이다." pos="X">뿐이다.</wf>
      </sentence>
      <sentence id="d000.s834" source="wordnet-korean">
         <instance id="d000.s834.t000" lemma="연민" pos="NOUN">연민</instance>
         <wf lemma="의" pos="X">의</wf>
         <wf lemma="정." pos="X">정.</wf>
      </sentence>
      <sentence id="d000.s835" source="wordnet-korean">
         <instance id="d000.s835.t000" lemma="날개" pos="NOUN">날개</instance>
         <wf lemma="를" pos="X">를</wf>
         <wf lemma="치다." pos="X">치다.</wf>
      </sentence>
      <sentence id="d000.s836" source="wordnet-korean">
         <instance id="d000.s836.t000" lemma="모략" pos="NOUN">모략</instance>
         <wf lemma="을" pos="X">을</wf>
         <wf lemma="일삼다." pos="X">일삼다.</wf>
      </sentence>
      <sentence id="d000.s837" source="wordnet-korean">
         <wf lemma="재상가" pos="X">재상가</wf>
         <wf lemma="천생이" pos="X">천생이</wf>
         <wf lemma="너" pos="X">너</wf>
         <wf lemma="뿐" pos="X">뿐</wf>
         <wf lemma="아니어든" pos="X">아니어든</wf>
         <wf lemma="어찌" pos="X">어찌</wf>
         <wf lemma="편협한" pos="X">편협한</wf>
         <wf lemma="말을" pos="X">말을</wf>
         <wf lemma="발하여" pos="X">발하여</wf>
         <wf lemma="어미" pos="X">어미</wf>
         <instance id="d000.s837.t000" lemma="간장" pos="NOUN">간장</instance>
         <wf lemma="을" pos="X">을</wf>
         <wf lemma="사르느뇨." pos="X">사르느뇨.</wf>
      </sentence>
      <sentence id="d000.s838" source="wordnet-korean">
         <wf lemma="민족" pos="X">민족</wf>
         <instance id="d000.s838.t000" lemma="의식" pos="NOUN">의식</instance>
         <wf lemma="." pos="X">.</wf>
      </sentence>
      <sentence id="d000.s839" source="wordnet-korean">
         <wf lemma="외무" pos="X">외무</wf>
         <wf lemma="사원처럼" pos="X">사원처럼</wf>
         <instance id="d000.s839.t000" lemma="웃음" pos="NOUN">웃음</instance>
         <wf lemma="을" pos="X">을</wf>
         <wf lemma="뿌리다." pos="X">뿌리다.</wf>
      </sentence>
      <sentence id="d000.s840" source="wordnet-korean">
         <instance id="d000.s840.t000" lemma="국경" pos="NOUN">국경</instance>
         <wf lemma="지대." pos="X">지대.</wf>
      </sentence>
      <sentence id="d000.s841" source="wordnet-korean">
         <instance id="d000.s841.t000" lemma="넋" pos="NOUN">넋</instance>
         <wf lemma="이" pos="X">이</wf>
         <wf lemma="달아났다." pos="X">달아났다.</wf>
      </sentence>
      <sentence id="d000.s842" source="wordnet-korean">
         <instance id="d000.s842.t000" lemma="목적" pos="NOUN">목적</instance>
         <wf lemma="을" pos="X">을</wf>
         <wf lemma="이루다." pos="X">이루다.</wf>
      </sentence>
      <sentence id="d000.s843" source="wordnet-korean">
         <instance id="d000.s843.t000" lemma="구호" pos="NOUN">구호</instance>
         <wf lemma="기관." pos="X">기관.</wf>
      </sentence>
      <sentence id="d000.s844" source="wordnet-korean">
         <wf lemma="낮은" pos="X">낮은</wf>
         <instance id="d000.s844.t000" lemma="급" pos="NOUN">급</instance>
         <wf lemma="의" pos="X">의</wf>
         <wf lemma="점수." pos="X">점수.</wf>
      </sentence>
      <sentence id="d000.s845" source="wordnet-korean">
         <wf lemma="메주" pos="X">메주</wf>
         <instance id="d000.s845.t000" lemma="덩어리" pos="NOUN">덩어리</instance>
         <wf lemma="." pos="X">.</wf>
      </sentence>
      <sentence id="d000.s846" source="wordnet-korean">
         <instance id="d000.s846.t000" lemma="거래" pos="NOUN">거래</instance>
         <wf lemma="를" pos="X">를</wf>
         <wf lemma="끊다." pos="X">끊다.</wf>
      </sentence>
      <sentence id="d000.s847" source="wordnet-korean">
         <instance id="d000.s847.t000" lemma="급" pos="NOUN">급</instance>
         <wf lemma="이" pos="X">이</wf>
         <wf lemma="높다." pos="X">높다.</wf>
      </sentence>
      <sentence id="d000.s848" source="wordnet-korean">
         <wf lemma="분에" pos="X">분에</wf>
         <wf lemma="넘치는" pos="X">넘치는</wf>
         <instance id="d000.s848.t000" lemma="명예" pos="NOUN">명예</instance>
         <wf lemma="." pos="X">.</wf>
      </sentence>
      <sentence id="d000.s849" source="wordnet-korean">
         <instance id="d000.s849.t000" lemma="예상" pos="NOUN">예상</instance>
         <wf lemma="밖의" pos="X">밖의</wf>
         <wf lemma="일." pos="X">일.</wf>
      </sentence>
      <sentence id="d000.s850" source="wordnet-korean">
         <instance id="d000.s850.t000" lemma="동종" pos="NOUN">동종</instance>
         <wf lemma="의" pos="X">의</wf>
         <wf lemma="물건." pos="X">물건.</wf>
      </sentence>
      <sentence id="d000.s851" source="wordnet-korean">
         <instance id="d000.s851.t000" lemma="음성" pos="NOUN">음성</instance>
         <wf lemma="서클." pos="X">서클.</wf>
      </sentence>
      <sentence id="d000.s852" source="wordnet-korean">
         <instance id="d000.s852.t000" lemma="동정" pos="NOUN">동정</instance>
         <wf lemma="을" pos="X">을</wf>
         <wf lemma="보인다." pos="X">보인다.</wf>
      </sentence>
      <sentence id="d000.s853" source="wordnet-korean">
         <instance id="d000.s853.t000" lemma="말씀" pos="NOUN">말씀</instance>
         <wf lemma="올리다." pos="X">올리다.</wf>
      </sentence>
      <sentence id="d000.s854" source="wordnet-korean">
         <instance id="d000.s854.t000" lemma="앞" pos="NOUN">앞</instance>
         <wf lemma="을" pos="X">을</wf>
         <wf lemma="내다보고" pos="X">내다보고</wf>
         <wf lemma="살다." pos="X">살다.</wf>
      </sentence>
      <sentence id="d000.s855" source="wordnet-korean">
         <wf lemma="술집" pos="X">술집</wf>
         <instance id="d000.s855.t000" lemma="마담" pos="NOUN">마담</instance>
         <wf lemma="." pos="X">.</wf>
      </sentence>
      <sentence id="d000.s856" source="wordnet-korean">
         <wf lemma="부부의" pos="X">부부의</wf>
         <wf lemma="성격" pos="X">성격</wf>
         <instance id="d000.s856.t000" lemma="대조" pos="NOUN">대조</instance>
         <wf lemma="는" pos="X">는</wf>
         <wf lemma="오히려" pos="X">오히려</wf>
         <wf lemma="조화를" pos="X">조화를</wf>
         <wf lemma="이루었다." pos="X">이루었다.</wf>
      </sentence>
      <sentence id="d000.s857" source="wordnet-korean">
         <wf lemma="까닭" pos="X">까닭</wf>
         <wf lemma="없는" pos="X">없는</wf>
         <instance id="d000.s857.t000" lemma="비방" pos="NOUN">비방</instance>
         <wf lemma="을" pos="X">을</wf>
         <wf lemma="듣는다." pos="X">듣는다.</wf>
      </sentence>
      <sentence id="d000.s858" source="wordnet-korean">
         <wf lemma="이번" pos="X">이번</wf>
         <wf lemma="조치에" pos="X">조치에</wf>
         <wf lemma="대한" pos="X">대한</wf>
         <wf lemma="국민의" pos="X">국민의</wf>
         <instance id="d000.s858.t000" lemma="반발" pos="NOUN">반발</instance>
         <wf lemma="이" pos="X">이</wf>
         <wf lemma="심하다." pos="X">심하다.</wf>
      </sentence>
      <sentence id="d000.s859" source="wordnet-korean">
         <instance id="d000.s859.t000" lemma="남작" pos="NOUN">남작</instance>
         <wf lemma="부인." pos="X">부인.</wf>
      </sentence>
      <sentence id="d000.s860" source="wordnet-korean">
         <wf lemma="철도" pos="X">철도</wf>
         <instance id="d000.s860.t000" lemma="부설" pos="NOUN">부설</instance>
         <wf lemma="." pos="X">.</wf>
      </sentence>
      <sentence id="d000.s861" source="wordnet-korean">
         <instance id="d000.s861.t000" lemma="성미" pos="NOUN">성미</instance>
         <wf lemma="에" pos="X">에</wf>
         <wf lemma="맞다." pos="X">맞다.</wf>
      </sentence>
      <sentence id="d000.s862" source="wordnet-korean">
         <wf lemma="자연적" pos="X">자연적</wf>
         <instance id="d000.s862.t000" lemma="존재" pos="NOUN">존재</instance>
         <wf lemma="." pos="X">.</wf>
      </sentence>
      <sentence id="d000.s863" source="wordnet-korean">
         <instance id="d000.s863.t000" lemma="회화" pos="NOUN">회화</instance>
         <wf lemma="가" pos="X">가</wf>
         <wf lemma="능숙하다." pos="X">능숙하다.</wf>
      </sentence>
      <sentence id="d000.s864" source="wordnet-korean">
         <wf lemma="사기" pos="X">사기</wf>
         <instance id="d000.s864.t000" lemma="저하" pos="NOUN">저하</instance>
         <wf lemma="." pos="X">.</wf>
      </sentence>
      <sentence id="d000.s865" source="wordnet-korean">
         <wf lemma="인정의" pos="X">인정의</wf>
         <instance id="d000.s865.t000" lemma="발로" pos="NOUN">발로</instance>
         <wf lemma="." pos="X">.</wf>
      </sentence>
      <sentence id="d000.s866" source="wordnet-korean">
         <wf lemma="강나루" pos="X">강나루</wf>
         <wf lemma="지나서" pos="X">지나서</wf>
         <wf lemma="/" pos="X">/</wf>
         <wf lemma="밀밭" pos="X">밀밭</wf>
         <wf lemma="길을" pos="X">길을</wf>
         <wf lemma="/" pos="X">/</wf>
         <wf lemma="구름에" pos="X">구름에</wf>
         <wf lemma="달" pos="X">달</wf>
         <wf lemma="가듯이" pos="X">가듯이</wf>
         <wf lemma="/" pos="X">/</wf>
         <wf lemma="가는" pos="X">가는</wf>
         <instance id="d000.s866.t000" lemma="나그네" pos="NOUN">나그네</instance>
         <wf lemma="." pos="X">.</wf>
      </sentence>
      <sentence id="d000.s867" source="wordnet-korean">
         <instance id="d000.s867.t000" lemma="줄" pos="NOUN">줄</instance>
         <wf lemma="을" pos="X">을</wf>
         <wf lemma="대다." pos="X">대다.</wf>
      </sentence>
      <sentence id="d000.s868" source="wordnet-korean">
         <wf lemma="조심하는" pos="X">조심하는</wf>
         <instance id="d000.s868.t000" lemma="기색" pos="NOUN">기색</instance>
         <wf lemma="." pos="X">.</wf>
      </sentence>
      <sentence id="d000.s869" source="wordnet-korean">
         <instance id="d000.s869.t000" lemma="수염" pos="NOUN">수염</instance>
         <wf lemma="을" pos="X">을</wf>
         <wf lemma="깎다." pos="X">깎다.</wf>
      </sentence>
      <sentence id="d000.s870" source="wordnet-korean">
         <instance id="d000.s870.t000" lemma="땅" pos="NOUN">땅</instance>
         <wf lemma="이" pos="X">이</wf>
         <wf lemma="걸다." pos="X">걸다.</wf>
      </sentence>
      <sentence id="d000.s871" source="wordnet-korean">
         <wf lemma="벼" pos="X">벼</wf>
         <instance id="d000.s871.t000" lemma="섬" pos="NOUN">섬</instance>
         <wf lemma="은" pos="X">은</wf>
         <wf lemma="준비되어야" pos="X">준비되어야</wf>
         <wf lemma="할" pos="X">할</wf>
         <wf lemma="것이다." pos="X">것이다.</wf>
      </sentence>
      <sentence id="d000.s872" source="wordnet-korean">
         <instance id="d000.s872.t000" lemma="꼴" pos="NOUN">꼴</instance>
         <wf lemma="이" pos="X">이</wf>
         <wf lemma="말이" pos="X">말이</wf>
         <wf lemma="아니다." pos="X">아니다.</wf>
      </sentence>
      <sentence id="d000.s873" source="wordnet-korean">
         <wf lemma="선생님께" pos="X">선생님께</wf>
         <instance id="d000.s873.t000" lemma="글월" pos="NOUN">글월</instance>
         <wf lemma="을" pos="X">을</wf>
         <wf lemma="올립니다." pos="X">올립니다.</wf>
      </sentence>
      <sentence id="d000.s874" source="wordnet-korean">
         <instance id="d000.s874.t000" lemma="미스" pos="NOUN">미스</instance>
         <wf lemma="태평양." pos="X">태평양.</wf>
      </sentence>
      <sentence id="d000.s875" source="wordnet-korean">
         <instance id="d000.s875.t000" lemma="부족" pos="NOUN">부족</instance>
         <wf lemma="이" pos="X">이</wf>
         <wf lemma="나다." pos="X">나다.</wf>
      </sentence>
      <sentence id="d000.s876" source="wordnet-korean">
         <wf lemma="기술자" pos="X">기술자</wf>
         <instance id="d000.s876.t000" lemma="양성" pos="NOUN">양성</instance>
         <wf lemma="." pos="X">.</wf>
      </sentence>
      <sentence id="d000.s877" source="wordnet-korean">
         <wf lemma="강력한" pos="X">강력한</wf>
         <instance id="d000.s877.t000" lemma="통치자" pos="NOUN">통치자</instance>
         <wf lemma="." pos="X">.</wf>
      </sentence>
      <sentence id="d000.s878" source="wordnet-korean">
         <wf lemma="한글" pos="X">한글</wf>
         <instance id="d000.s878.t000" lemma="타자기" pos="NOUN">타자기</instance>
         <wf lemma="." pos="X">.</wf>
      </sentence>
      <sentence id="d000.s879" source="wordnet-korean">
         <wf lemma="특수" pos="X">특수</wf>
         <instance id="d000.s879.t000" lemma="업무" pos="NOUN">업무</instance>
         <wf lemma="." pos="X">.</wf>
      </sentence>
      <sentence id="d000.s880" source="wordnet-korean">
         <instance id="d000.s880.t000" lemma="깃발" pos="NOUN">깃발</instance>
         <wf lemma="을" pos="X">을</wf>
         <wf lemma="날리다." pos="X">날리다.</wf>
      </sentence>
      <sentence id="d000.s881" source="wordnet-korean">
         <instance id="d000.s881.t000" lemma="공로" pos="NOUN">공로</instance>
         <wf lemma="를" pos="X">를</wf>
         <wf lemma="세우다." pos="X">세우다.</wf>
      </sentence>
      <sentence id="d000.s882" source="wordnet-korean">
         <wf lemma="약속" pos="X">약속</wf>
         <instance id="d000.s882.t000" lemma="위반" pos="NOUN">위반</instance>
         <wf lemma="." pos="X">.</wf>
      </sentence>
      <sentence id="d000.s883" source="wordnet-korean">
         <wf lemma="떠날" pos="X">떠날</wf>
         <instance id="d000.s883.t000" lemma="채비" pos="NOUN">채비</instance>
         <wf lemma="를" pos="X">를</wf>
         <wf lemma="차린다." pos="X">차린다.</wf>
      </sentence>
      <sentence id="d000.s884" source="wordnet-korean">
         <wf lemma="제3" pos="X">제3</wf>
         <instance id="d000.s884.t000" lemma="대" pos="NOUN">대</instance>
         <wf lemma="." pos="X">.</wf>
      </sentence>
      <sentence id="d000.s885" source="wordnet-korean">
         <wf lemma="맥주" pos="X">맥주</wf>
         <instance id="d000.s885.t000" lemma="거품" pos="NOUN">거품</instance>
         <wf lemma="." pos="X">.</wf>
      </sentence>
      <sentence id="d000.s886" source="wordnet-korean">
         <instance id="d000.s886.t000" lemma="손톱" pos="NOUN">손톱</instance>
         <wf lemma="을" pos="X">을</wf>
         <wf lemma="깎다." pos="X">깎다.</wf>
      </sentence>
      <sentence id="d000.s887" source="wordnet-korean">
         <instance id="d000.s887.t000" lemma="때" pos="NOUN">때</instance>
         <wf lemma="를" pos="X">를</wf>
         <wf lemma="만났다." pos="X">만났다.</wf>
      </sentence>
      <sentence id="d000.s888" source="wordnet-korean">
         <instance id="d000.s888.t000" lemma="잔꾀" pos="NOUN">잔꾀</instance>
         <wf lemma="를" pos="X">를</wf>
         <wf lemma="부리다." pos="X">부리다.</wf>
      </sentence>
      <sentence id="d000.s889" source="wordnet-korean">
         <instance id="d000.s889.t000" lemma="소동" pos="NOUN">소동</instance>
         <wf lemma="을" pos="X">을</wf>
         <wf lemma="피우다." pos="X">피우다.</wf>
      </sentence>
      <sentence id="d000.s890" source="wordnet-korean">
         <instance id="d000.s890.t000" lemma="적외선" pos="NOUN">적외선</instance>
         <wf lemma="암시장치." pos="X">암시장치.</wf>
      </sentence>
      <sentence id="d000.s891" source="wordnet-korean">
         <instance id="d000.s891.t000" lemma="난폭" pos="NOUN">난폭</instance>
         <wf lemma="운전." pos="X">운전.</wf>
      </sentence>
      <sentence id="d000.s892" source="wordnet-korean">
         <instance id="d000.s892.t000" lemma="응분" pos="NOUN">응분</instance>
         <wf lemma="의" pos="X">의</wf>
         <wf lemma="대가." pos="X">대가.</wf>
      </sentence>
      <sentence id="d000.s893" source="wordnet-korean">
         <instance id="d000.s893.t000" lemma="능률" pos="NOUN">능률</instance>
         <wf lemma="이" pos="X">이</wf>
         <wf lemma="오르다." pos="X">오르다.</wf>
      </sentence>
      <sentence id="d000.s894" source="wordnet-korean">
         <wf lemma="강좌" pos="X">강좌</wf>
         <instance id="d000.s894.t000" lemma="개설" pos="NOUN">개설</instance>
         <wf lemma="." pos="X">.</wf>
      </sentence>
      <sentence id="d000.s895" source="wordnet-korean">
         <wf lemma="단단한" pos="X">단단한</wf>
         <instance id="d000.s895.t000" lemma="지반" pos="NOUN">지반</instance>
         <wf lemma="." pos="X">.</wf>
      </sentence>
      <sentence id="d000.s896" source="wordnet-korean">
         <wf lemma="아늑한" pos="X">아늑한</wf>
         <instance id="d000.s896.t000" lemma="강의실" pos="NOUN">강의실</instance>
         <wf lemma="에는" pos="X">에는</wf>
         <wf lemma="남녀" pos="X">남녀</wf>
         <wf lemma="대학생" pos="X">대학생</wf>
         <wf lemma="수십" pos="X">수십</wf>
         <wf lemma="명이" pos="X">명이</wf>
         <wf lemma="자리를" pos="X">자리를</wf>
         <wf lemma="메워" pos="X">메워</wf>
         <wf lemma="그" pos="X">그</wf>
         <wf lemma="노교수의" pos="X">노교수의</wf>
         <wf lemma="강의에" pos="X">강의에</wf>
         <wf lemma="열중하고" pos="X">열중하고</wf>
         <wf lemma="있었다." pos="X">있었다.</wf>
      </sentence>
      <sentence id="d000.s897" source="wordnet-korean">
         <wf lemma="제5" pos="X">제5</wf>
         <instance id="d000.s897.t000" lemma="기" pos="NOUN">기</instance>
         <wf lemma="졸업생." pos="X">졸업생.</wf>
      </sentence>
      <sentence id="d000.s898" source="wordnet-korean">
         <wf lemma="우수한" pos="X">우수한</wf>
         <instance id="d000.s898.t000" lemma="성적" pos="NOUN">성적</instance>
         <wf lemma="을" pos="X">을</wf>
         <wf lemma="거두다." pos="X">거두다.</wf>
      </sentence>
      <sentence id="d000.s899" source="wordnet-korean">
         <instance id="d000.s899.t000" lemma="차례" pos="NOUN">차례</instance>
         <wf lemma="를" pos="X">를</wf>
         <wf lemma="따른다." pos="X">따른다.</wf>
      </sentence>
      <sentence id="d000.s900" source="wordnet-korean">
         <instance id="d000.s900.t000" lemma="밤" pos="NOUN">밤</instance>
         <wf lemma="이" pos="X">이</wf>
         <wf lemma="들다." pos="X">들다.</wf>
      </sentence>
      <sentence id="d000.s901" source="wordnet-korean">
         <wf lemma="풋나무" pos="X">풋나무</wf>
         <wf lemma="석" pos="X">석</wf>
         <instance id="d000.s901.t000" lemma="전" pos="NOUN">전</instance>
         <wf lemma="." pos="X">.</wf>
      </sentence>
      <sentence id="d000.s902" source="wordnet-korean">
         <wf lemma="악을" pos="X">악을</wf>
         <instance id="d000.s902.t000" lemma="선" pos="NOUN">선</instance>
         <wf lemma="으로" pos="X">으로</wf>
         <wf lemma="갚다." pos="X">갚다.</wf>
      </sentence>
      <sentence id="d000.s903" source="wordnet-korean">
         <instance id="d000.s903.t000" lemma="웃음" pos="NOUN">웃음</instance>
         <wf lemma="을" pos="X">을</wf>
         <wf lemma="터뜨리다." pos="X">터뜨리다.</wf>
      </sentence>
      <sentence id="d000.s904" source="wordnet-korean">
         <wf lemma="노력의" pos="X">노력의</wf>
         <instance id="d000.s904.t000" lemma="결핍" pos="NOUN">결핍</instance>
         <wf lemma="." pos="X">.</wf>
      </sentence>
      <sentence id="d000.s905" source="wordnet-korean">
         <instance id="d000.s905.t000" lemma="겨울" pos="NOUN">겨울</instance>
         <wf lemma="을" pos="X">을</wf>
         <wf lemma="나다." pos="X">나다.</wf>
      </sentence>
      <sentence id="d000.s906" source="wordnet-korean">
         <instance id="d000.s906.t000" lemma="붓" pos="NOUN">붓</instance>
         <wf lemma="을" pos="X">을</wf>
         <wf lemma="들어" pos="X">들어</wf>
         <wf lemma="몇" pos="X">몇</wf>
         <wf lemma="자" pos="X">자</wf>
         <wf lemma="적어" pos="X">적어</wf>
         <wf lemma="봅니다." pos="X">봅니다.</wf>
      </sentence>
      <sentence id="d000.s907" source="wordnet-korean">
         <wf lemma="1945년" pos="X">1945년</wf>
         <wf lemma="8월" pos="X">8월</wf>
         <wf lemma="15일" pos="X">15일</wf>
         <wf lemma="일제가" pos="X">일제가</wf>
         <wf lemma="망하고" pos="X">망하고</wf>
         <wf lemma="우리" pos="X">우리</wf>
         <wf lemma="겨레는" pos="X">겨레는</wf>
         <instance id="d000.s907.t000" lemma="광명" pos="NOUN">광명</instance>
         <wf lemma="을" pos="X">을</wf>
         <wf lemma="되찾았다." pos="X">되찾았다.</wf>
      </sentence>
      <sentence id="d000.s908" source="wordnet-korean">
         <wf lemma="물가" pos="X">물가</wf>
         <instance id="d000.s908.t000" lemma="안정" pos="NOUN">안정</instance>
         <wf lemma="." pos="X">.</wf>
      </sentence>
      <sentence id="d000.s909" source="wordnet-korean">
         <instance id="d000.s909.t000" lemma="행복" pos="NOUN">행복</instance>
         <wf lemma="을" pos="X">을</wf>
         <wf lemma="느끼다." pos="X">느끼다.</wf>
      </sentence>
      <sentence id="d000.s910" source="wordnet-korean">
         <instance id="d000.s910.t000" lemma="인사" pos="NOUN">인사</instance>
         <wf lemma="를" pos="X">를</wf>
         <wf lemma="청하다." pos="X">청하다.</wf>
      </sentence>
      <sentence id="d000.s911" source="wordnet-korean">
         <instance id="d000.s911.t000" lemma="토론" pos="NOUN">토론</instance>
         <wf lemma="을" pos="X">을</wf>
         <wf lemma="벌이다." pos="X">벌이다.</wf>
      </sentence>
      <sentence id="d000.s912" source="wordnet-korean">
         <instance id="d000.s912.t000" lemma="마당" pos="NOUN">마당</instance>
         <wf lemma="에서" pos="X">에서</wf>
         <wf lemma="줄넘기를" pos="X">줄넘기를</wf>
         <wf lemma="하다." pos="X">하다.</wf>
      </sentence>
      <sentence id="d000.s913" source="wordnet-korean">
         <instance id="d000.s913.t000" lemma="근심" pos="NOUN">근심</instance>
         <wf lemma="으로" pos="X">으로</wf>
         <wf lemma="지새우다." pos="X">지새우다.</wf>
      </sentence>
      <sentence id="d000.s914" source="wordnet-korean">
         <wf lemma="겨레" pos="X">겨레</wf>
         <instance id="d000.s914.t000" lemma="앞" pos="NOUN">앞</instance>
         <wf lemma="에" pos="X">에</wf>
         <wf lemma="맹세한" pos="X">맹세한</wf>
         <wf lemma="일." pos="X">일.</wf>
      </sentence>
      <sentence id="d000.s915" source="wordnet-korean">
         <wf lemma="악법의" pos="X">악법의</wf>
         <instance id="d000.s915.t000" lemma="타파" pos="NOUN">타파</instance>
         <wf lemma="." pos="X">.</wf>
      </sentence>
      <sentence id="d000.s916" source="wordnet-korean">
         <instance id="d000.s916.t000" lemma="공상" pos="NOUN">공상</instance>
         <wf lemma="을" pos="X">을</wf>
         <wf lemma="떨치다." pos="X">떨치다.</wf>
      </sentence>
      <sentence id="d000.s917" source="wordnet-korean">
         <wf lemma="책상" pos="X">책상</wf>
         <instance id="d000.s917.t000" lemma="위" pos="NOUN">위</instance>
         <wf lemma="." pos="X">.</wf>
      </sentence>
      <sentence id="d000.s918" source="wordnet-korean">
         <instance id="d000.s918.t000" lemma="식사" pos="NOUN">식사</instance>
         <wf lemma="가" pos="X">가</wf>
         <wf lemma="끝나다." pos="X">끝나다.</wf>
      </sentence>
      <sentence id="d000.s919" source="wordnet-korean">
         <wf lemma="70" pos="X">70</wf>
         <instance id="d000.s919.t000" lemma="고령" pos="NOUN">고령</instance>
         <wf lemma="에" pos="X">에</wf>
         <wf lemma="이르다." pos="X">이르다.</wf>
      </sentence>
      <sentence id="d000.s920" source="wordnet-korean">
         <wf lemma="털이" pos="X">털이</wf>
         <wf lemma="부드러운" pos="X">부드러운</wf>
         <instance id="d000.s920.t000" lemma="두더지" pos="NOUN">두더지</instance>
         <wf lemma="가죽." pos="X">가죽.</wf>
      </sentence>
      <sentence id="d000.s921" source="wordnet-korean">
         <instance id="d000.s921.t000" lemma="아픔" pos="NOUN">아픔</instance>
         <wf lemma="을" pos="X">을</wf>
         <wf lemma="참고" pos="X">참고</wf>
         <wf lemma="견디다." pos="X">견디다.</wf>
      </sentence>
      <sentence id="d000.s922" source="wordnet-korean">
         <instance id="d000.s922.t000" lemma="이삭" pos="NOUN">이삭</instance>
         <wf lemma="을" pos="X">을</wf>
         <wf lemma="줍다." pos="X">줍다.</wf>
      </sentence>
      <sentence id="d000.s923" source="wordnet-korean">
         <instance id="d000.s923.t000" lemma="풍설" pos="NOUN">풍설</instance>
         <wf lemma="이" pos="X">이</wf>
         <wf lemma="돌다." pos="X">돌다.</wf>
      </sentence>
      <sentence id="d000.s924" source="wordnet-korean">
         <wf lemma="어떠한" pos="X">어떠한</wf>
         <instance id="d000.s924.t000" lemma="핍박" pos="NOUN">핍박</instance>
         <wf lemma="에도" pos="X">에도</wf>
         <wf lemma="굴복하지" pos="X">굴복하지</wf>
         <wf lemma="말고" pos="X">말고</wf>
         <wf lemma="뜻을" pos="X">뜻을</wf>
         <wf lemma="밀고" pos="X">밀고</wf>
         <wf lemma="나가라." pos="X">나가라.</wf>
      </sentence>
      <sentence id="d000.s925" source="wordnet-korean">
         <instance id="d000.s925.t000" lemma="냄새" pos="NOUN">냄새</instance>
         <wf lemma="가" pos="X">가</wf>
         <wf lemma="향기롭다." pos="X">향기롭다.</wf>
      </sentence>
      <sentence id="d000.s926" source="wordnet-korean">
         <instance id="d000.s926.t000" lemma="시름" pos="NOUN">시름</instance>
         <wf lemma="을" pos="X">을</wf>
         <wf lemma="놓다." pos="X">놓다.</wf>
      </sentence>
      <sentence id="d000.s927" source="wordnet-korean">
         <wf lemma="언론의" pos="X">언론의</wf>
         <instance id="d000.s927.t000" lemma="탄압" pos="NOUN">탄압</instance>
         <wf lemma="." pos="X">.</wf>
      </sentence>
      <sentence id="d000.s928" source="wordnet-korean">
         <wf lemma="그의" pos="X">그의</wf>
         <instance id="d000.s928.t000" lemma="심정" pos="NOUN">심정</instance>
         <wf lemma="을" pos="X">을</wf>
         <wf lemma="몰랐다." pos="X">몰랐다.</wf>
      </sentence>
      <sentence id="d000.s929" source="wordnet-korean">
         <wf lemma="길" pos="X">길</wf>
         <wf lemma="가는" pos="X">가는</wf>
         <instance id="d000.s929.t000" lemma="손" pos="NOUN">손</instance>
         <wf lemma="도" pos="X">도</wf>
         <wf lemma="어떨" pos="X">어떨</wf>
         <wf lemma="때는" pos="X">때는</wf>
         <wf lemma="묵고" pos="X">묵고</wf>
         <wf lemma="간다." pos="X">간다.</wf>
      </sentence>
      <sentence id="d000.s930" source="wordnet-korean">
         <instance id="d000.s930.t000" lemma="가속도" pos="NOUN">가속도</instance>
         <wf lemma="가" pos="X">가</wf>
         <wf lemma="붙다." pos="X">붙다.</wf>
      </sentence>
      <sentence id="d000.s931" source="wordnet-korean">
         <wf lemma="눈물겨운" pos="X">눈물겨운</wf>
         <instance id="d000.s931.t000" lemma="장면" pos="NOUN">장면</instance>
         <wf lemma="." pos="X">.</wf>
      </sentence>
      <sentence id="d000.s932" source="wordnet-korean">
         <instance id="d000.s932.t000" lemma="공지" pos="NOUN">공지</instance>
         <wf lemma="활용." pos="X">활용.</wf>
      </sentence>
      <sentence id="d000.s933" source="wordnet-korean">
         <instance id="d000.s933.t000" lemma="사랑" pos="NOUN">사랑</instance>
         <wf lemma="에" pos="X">에</wf>
         <wf lemma="빠지다." pos="X">빠지다.</wf>
      </sentence>
      <sentence id="d000.s934" source="wordnet-korean">
         <wf lemma="그" pos="X">그</wf>
         <wf lemma="일은" pos="X">일은</wf>
         <wf lemma="우리의" pos="X">우리의</wf>
         <instance id="d000.s934.t000" lemma="명예" pos="NOUN">명예</instance>
         <wf lemma="입니다." pos="X">입니다.</wf>
      </sentence>
      <sentence id="d000.s935" source="wordnet-korean">
         <wf lemma="통신" pos="X">통신</wf>
         <instance id="d000.s935.t000" lemma="보안" pos="NOUN">보안</instance>
         <wf lemma="." pos="X">.</wf>
      </sentence>
      <sentence id="d000.s936" source="wordnet-korean">
         <instance id="d000.s936.t000" lemma="공" pos="NOUN">공</instance>
         <wf lemma="이" pos="X">이</wf>
         <wf lemma="크다." pos="X">크다.</wf>
      </sentence>
      <sentence id="d000.s937" source="wordnet-korean">
         <wf lemma="생활," pos="X">생활,</wf>
         <wf lemma="자연" pos="X">자연</wf>
         <wf lemma="등은" pos="X">등은</wf>
         <wf lemma="곧" pos="X">곧</wf>
         <wf lemma="문학의" pos="X">문학의</wf>
         <instance id="d000.s937.t000" lemma="소재" pos="NOUN">소재</instance>
         <wf lemma="가" pos="X">가</wf>
         <wf lemma="된다." pos="X">된다.</wf>
      </sentence>
      <sentence id="d000.s938" source="wordnet-korean">
         <instance id="d000.s938.t000" lemma="바둑" pos="NOUN">바둑</instance>
         <wf lemma="의" pos="X">의</wf>
         <wf lemma="수." pos="X">수.</wf>
      </sentence>
      <sentence id="d000.s939" source="wordnet-korean">
         <wf lemma="이번" pos="X">이번</wf>
         <wf lemma="여행에" pos="X">여행에</wf>
         <wf lemma="가장" pos="X">가장</wf>
         <wf lemma="중요한" pos="X">중요한</wf>
         <instance id="d000.s939.t000" lemma="대목" pos="NOUN">대목</instance>
         <wf lemma="이" pos="X">이</wf>
         <wf lemma="여기다." pos="X">여기다.</wf>
      </sentence>
      <sentence id="d000.s940" source="wordnet-korean">
         <instance id="d000.s940.t000" lemma="뒷받침" pos="NOUN">뒷받침</instance>
         <wf lemma="이" pos="X">이</wf>
         <wf lemma="모자라다." pos="X">모자라다.</wf>
      </sentence>
      <sentence id="d000.s941" source="wordnet-korean">
         <wf lemma="이런" pos="X">이런</wf>
         <wf lemma="일은" pos="X">일은</wf>
         <instance id="d000.s941.t000" lemma="처음" pos="NOUN">처음</instance>
         <wf lemma="부터" pos="X">부터</wf>
         <wf lemma="안" pos="X">안</wf>
         <wf lemma="했어야" pos="X">했어야</wf>
         <wf lemma="했다." pos="X">했다.</wf>
      </sentence>
      <sentence id="d000.s942" source="wordnet-korean">
         <instance id="d000.s942.t000" lemma="도태" pos="NOUN">도태</instance>
         <wf lemma="현상." pos="X">현상.</wf>
      </sentence>
      <sentence id="d000.s943" source="wordnet-korean">
         <instance id="d000.s943.t000" lemma="파" pos="NOUN">파</instance>
         <wf lemma="가" pos="X">가</wf>
         <wf lemma="나뉘다." pos="X">나뉘다.</wf>
      </sentence>
      <sentence id="d000.s944" source="wordnet-korean">
         <wf lemma="소포를" pos="X">소포를</wf>
         <instance id="d000.s944.t000" lemma="보내다" pos="VERB">보내다</instance>
         <wf lemma="." pos="X">.</wf>
      </sentence>
      <sentence id="d000.s945" source="wordnet-korean">
         <wf lemma="형제의" pos="X">형제의</wf>
         <instance id="d000.s945.t000" lemma="의" pos="NOUN">의</instance>
         <wf lemma="를" pos="X">를</wf>
         <wf lemma="맺다." pos="X">맺다.</wf>
      </sentence>
      <sentence id="d000.s946" source="wordnet-korean">
         <instance id="d000.s946.t000" lemma="빛" pos="NOUN">빛</instance>
         <wf lemma="이" pos="X">이</wf>
         <wf lemma="환하다." pos="X">환하다.</wf>
      </sentence>
      <sentence id="d000.s947" source="wordnet-korean">
         <instance id="d000.s947.t000" lemma="지면" pos="NOUN">지면</instance>
         <wf lemma="을" pos="X">을</wf>
         <wf lemma="크게" pos="X">크게</wf>
         <wf lemma="차지하다." pos="X">차지하다.</wf>
      </sentence>
      <sentence id="d000.s948" source="wordnet-korean">
         <instance id="d000.s948.t000" lemma="용모" pos="NOUN">용모</instance>
         <wf lemma="가" pos="X">가</wf>
         <wf lemma="번듯하다." pos="X">번듯하다.</wf>
      </sentence>
      <sentence id="d000.s949" source="wordnet-korean">
         <wf lemma="라디오에서" pos="X">라디오에서</wf>
         <instance id="d000.s949.t000" lemma="잡음" pos="NOUN">잡음</instance>
         <wf lemma="이" pos="X">이</wf>
         <wf lemma="나다." pos="X">나다.</wf>
      </sentence>
      <sentence id="d000.s950" source="wordnet-korean">
         <wf lemma="의료" pos="X">의료</wf>
         <instance id="d000.s950.t000" lemma="기계" pos="NOUN">기계</instance>
         <wf lemma="." pos="X">.</wf>
      </sentence>
      <sentence id="d000.s951" source="wordnet-korean">
         <instance id="d000.s951.t000" lemma="모" pos="NOUN">모</instance>
         <wf lemma="가" pos="X">가</wf>
         <wf lemma="나다." pos="X">나다.</wf>
      </sentence>
      <sentence id="d000.s952" source="wordnet-korean">
         <wf lemma="과연" pos="X">과연</wf>
         <wf lemma="그럴" pos="X">그럴</wf>
         <instance id="d000.s952.t000" lemma="말" pos="NOUN">말</instance>
         <wf lemma="로는," pos="X">로는,</wf>
         <wf lemma="나도" pos="X">나도</wf>
         <wf lemma="믿고" pos="X">믿고</wf>
         <wf lemma="있겠네." pos="X">있겠네.</wf>
      </sentence>
      <sentence id="d000.s953" source="wordnet-korean">
         <wf lemma="친사위가" pos="X">친사위가</wf>
         <wf lemma="조카사위가" pos="X">조카사위가</wf>
         <wf lemma="되었으니" pos="X">되었으니</wf>
         <wf lemma="여서나" pos="X">여서나</wf>
         <wf lemma="질서나" pos="X">질서나</wf>
         <instance id="d000.s953.t000" lemma="동안" pos="NOUN">동안</instance>
         <wf lemma="이" pos="X">이</wf>
         <wf lemma="얼마나" pos="X">얼마나</wf>
         <wf lemma="되느냐마는." pos="X">되느냐마는.</wf>
      </sentence>
      <sentence id="d000.s954" source="wordnet-korean">
         <instance id="d000.s954.t000" lemma="독촉장" pos="NOUN">독촉장</instance>
         <wf lemma="이" pos="X">이</wf>
         <wf lemma="날아왔다." pos="X">날아왔다.</wf>
      </sentence>
      <sentence id="d000.s955" source="wordnet-korean">
         <instance id="d000.s955.t000" lemma="영원" pos="NOUN">영원</instance>
         <wf lemma="불변." pos="X">불변.</wf>
      </sentence>
      <sentence id="d000.s956" source="wordnet-korean">
         <instance id="d000.s956.t000" lemma="편법" pos="NOUN">편법</instance>
         <wf lemma="을" pos="X">을</wf>
         <wf lemma="쓰다." pos="X">쓰다.</wf>
      </sentence>
      <sentence id="d000.s957" source="wordnet-korean">
         <instance id="d000.s957.t000" lemma="대낮" pos="NOUN">대낮</instance>
         <wf lemma="처럼" pos="X">처럼</wf>
         <wf lemma="밝은" pos="X">밝은</wf>
         <wf lemma="밤." pos="X">밤.</wf>
      </sentence>
      <sentence id="d000.s958" source="wordnet-korean">
         <instance id="d000.s958.t000" lemma="방학" pos="NOUN">방학</instance>
         <wf lemma="은" pos="X">은</wf>
         <wf lemma="주로" pos="X">주로</wf>
         <wf lemma="여름과" pos="X">여름과</wf>
         <wf lemma="겨울에" pos="X">겨울에</wf>
         <wf lemma="한다." pos="X">한다.</wf>
      </sentence>
      <sentence id="d000.s959" source="wordnet-korean">
         <instance id="d000.s959.t000" lemma="불" pos="NOUN">불</instance>
         <wf lemma="이" pos="X">이</wf>
         <wf lemma="세게" pos="X">세게</wf>
         <wf lemma="타다." pos="X">타다.</wf>
      </sentence>
      <sentence id="d000.s960" source="wordnet-korean">
         <wf lemma="교향곡은" pos="X">교향곡은</wf>
         <wf lemma="보통" pos="X">보통</wf>
         <wf lemma="네" pos="X">네</wf>
         <instance id="d000.s960.t000" lemma="악장" pos="NOUN">악장</instance>
         <wf lemma="으로" pos="X">으로</wf>
         <wf lemma="되어" pos="X">되어</wf>
         <wf lemma="있다." pos="X">있다.</wf>
      </sentence>
      <sentence id="d000.s961" source="wordnet-korean">
         <instance id="d000.s961.t000" lemma="중년" pos="NOUN">중년</instance>
         <wf lemma="신사." pos="X">신사.</wf>
      </sentence>
      <sentence id="d000.s962" source="wordnet-korean">
         <wf lemma="감사" pos="X">감사</wf>
         <instance id="d000.s962.t000" lemma="서기" pos="NOUN">서기</instance>
         <wf lemma="." pos="X">.</wf>
      </sentence>
      <sentence id="d000.s963" source="wordnet-korean">
         <instance id="d000.s963.t000" lemma="복선" pos="NOUN">복선</instance>
         <wf lemma="을" pos="X">을</wf>
         <wf lemma="깔았다." pos="X">깔았다.</wf>
      </sentence>
      <sentence id="d000.s964" source="wordnet-korean">
         <instance id="d000.s964.t000" lemma="중동" pos="NOUN">중동</instance>
         <wf lemma="이" pos="X">이</wf>
         <wf lemma="부러진" pos="X">부러진</wf>
         <wf lemma="소나무." pos="X">소나무.</wf>
      </sentence>
      <sentence id="d000.s965" source="wordnet-korean">
         <wf lemma="서투른" pos="X">서투른</wf>
         <instance id="d000.s965.t000" lemma="재주" pos="NOUN">재주</instance>
         <wf lemma="." pos="X">.</wf>
      </sentence>
      <sentence id="d000.s966" source="wordnet-korean">
         <instance id="d000.s966.t000" lemma="조건" pos="NOUN">조건</instance>
         <wf lemma="을" pos="X">을</wf>
         <wf lemma="붙이다." pos="X">붙이다.</wf>
      </sentence>
      <sentence id="d000.s967" source="wordnet-korean">
         <wf lemma="독재자들의" pos="X">독재자들의</wf>
         <instance id="d000.s967.t000" lemma="세상" pos="NOUN">세상</instance>
         <wf lemma="은" pos="X">은</wf>
         <wf lemma="끝이" pos="X">끝이</wf>
         <wf lemma="났다." pos="X">났다.</wf>
      </sentence>
      <sentence id="d000.s968" source="wordnet-korean">
         <wf lemma="이쪽에" pos="X">이쪽에</wf>
         <wf lemma="아무리" pos="X">아무리</wf>
         <wf lemma="타당성이" pos="X">타당성이</wf>
         <wf lemma="있더라도" pos="X">있더라도</wf>
         <wf lemma="조금은" pos="X">조금은</wf>
         <instance id="d000.s968.t000" lemma="양보" pos="NOUN">양보</instance>
         <wf lemma="를" pos="X">를</wf>
         <wf lemma="해야" pos="X">해야</wf>
         <wf lemma="한다." pos="X">한다.</wf>
      </sentence>
      <sentence id="d000.s969" source="wordnet-korean">
         <wf lemma="폭탄" pos="X">폭탄</wf>
         <instance id="d000.s969.t000" lemma="파편" pos="NOUN">파편</instance>
         <wf lemma="." pos="X">.</wf>
      </sentence>
      <sentence id="d000.s970" source="wordnet-korean">
         <instance id="d000.s970.t000" lemma="정" pos="NOUN">정</instance>
         <wf lemma="이" pos="X">이</wf>
         <wf lemma="들다." pos="X">들다.</wf>
      </sentence>
      <sentence id="d000.s971" source="wordnet-korean">
         <instance id="d000.s971.t000" lemma="중화기" pos="NOUN">중화기</instance>
         <wf lemma="로" pos="X">로</wf>
         <wf lemma="무장하다." pos="X">무장하다.</wf>
      </sentence>
      <sentence id="d000.s972" source="wordnet-korean">
         <instance id="d000.s972.t000" lemma="경영" pos="NOUN">경영</instance>
         <wf lemma="방식." pos="X">방식.</wf>
      </sentence>
      <sentence id="d000.s973" source="wordnet-korean">
         <wf lemma="기부금" pos="X">기부금</wf>
         <instance id="d000.s973.t000" lemma="공제" pos="NOUN">공제</instance>
         <wf lemma="." pos="X">.</wf>
      </sentence>
      <sentence id="d000.s974" source="wordnet-korean">
         <instance id="d000.s974.t000" lemma="막판" pos="NOUN">막판</instance>
         <wf lemma="에" pos="X">에</wf>
         <wf lemma="들어섰다." pos="X">들어섰다.</wf>
      </sentence>
      <sentence id="d000.s975" source="wordnet-korean">
         <wf lemma="그의" pos="X">그의</wf>
         <wf lemma="바둑" pos="X">바둑</wf>
         <wf lemma="실력은" pos="X">실력은</wf>
         <wf lemma="몇" pos="X">몇</wf>
         <instance id="d000.s975.t000" lemma="급" pos="NOUN">급</instance>
         <wf lemma="이나" pos="X">이나</wf>
         <wf lemma="되는가?." pos="X">되는가?.</wf>
      </sentence>
      <sentence id="d000.s976" source="wordnet-korean">
         <wf lemma="빨리" pos="X">빨리</wf>
         <instance id="d000.s976.t000" lemma="처분" pos="NOUN">처분</instance>
         <wf lemma="을" pos="X">을</wf>
         <wf lemma="해라." pos="X">해라.</wf>
      </sentence>
      <sentence id="d000.s977" source="wordnet-korean">
         <instance id="d000.s977.t000" lemma="배" pos="NOUN">배</instance>
         <wf lemma="를" pos="X">를</wf>
         <wf lemma="띄우다." pos="X">띄우다.</wf>
      </sentence>
      <sentence id="d000.s978" source="wordnet-korean">
         <wf lemma="불순물" pos="X">불순물</wf>
         <instance id="d000.s978.t000" lemma="제거" pos="NOUN">제거</instance>
         <wf lemma="." pos="X">.</wf>
      </sentence>
      <sentence id="d000.s979" source="wordnet-korean">
         <instance id="d000.s979.t000" lemma="가격" pos="NOUN">가격</instance>
         <wf lemma="이" pos="X">이</wf>
         <wf lemma="내리다(오르다)." pos="X">내리다(오르다).</wf>
      </sentence>
      <sentence id="d000.s980" source="wordnet-korean">
         <wf lemma="얼마" pos="X">얼마</wf>
         <instance id="d000.s980.t000" lemma="동안" pos="NOUN">동안</instance>
         <wf lemma="." pos="X">.</wf>
      </sentence>
      <sentence id="d000.s981" source="wordnet-korean">
         <wf lemma="네" pos="X">네</wf>
         <instance id="d000.s981.t000" lemma="해" pos="NOUN">해</instance>
         <wf lemma="." pos="X">.</wf>
      </sentence>
      <sentence id="d000.s982" source="wordnet-korean">
         <instance id="d000.s982.t000" lemma="결단" pos="NOUN">결단</instance>
         <wf lemma="을" pos="X">을</wf>
         <wf lemma="내리다." pos="X">내리다.</wf>
      </sentence>
      <sentence id="d000.s983" source="wordnet-korean">
         <instance id="d000.s983.t000" lemma="야외" pos="NOUN">야외</instance>
         <wf lemma="강연." pos="X">강연.</wf>
      </sentence>
      <sentence id="d000.s984" source="wordnet-korean">
         <wf lemma="낱말의" pos="X">낱말의</wf>
         <instance id="d000.s984.t000" lemma="뜻" pos="NOUN">뜻</instance>
         <wf lemma="." pos="X">.</wf>
      </sentence>
      <sentence id="d000.s985" source="wordnet-korean">
         <instance id="d000.s985.t000" lemma="연대" pos="NOUN">연대</instance>
         <wf lemma="를" pos="X">를</wf>
         <wf lemma="확인하다." pos="X">확인하다.</wf>
      </sentence>
      <sentence id="d000.s986" source="wordnet-korean">
         <instance id="d000.s986.t000" lemma="노기" pos="NOUN">노기</instance>
         <wf lemma="를" pos="X">를</wf>
         <wf lemma="품다." pos="X">품다.</wf>
      </sentence>
      <sentence id="d000.s987" source="wordnet-korean">
         <wf lemma="아이들" pos="X">아이들</wf>
         <instance id="d000.s987.t000" lemma="차지" pos="VERB">차지</instance>
         <wf lemma="가" pos="X">가</wf>
         <wf lemma="더" pos="X">더</wf>
         <wf lemma="많다." pos="X">많다.</wf>
      </sentence>
      <sentence id="d000.s988" source="wordnet-korean">
         <instance id="d000.s988.t000" lemma="정신" pos="NOUN">정신</instance>
         <wf lemma="이" pos="X">이</wf>
         <wf lemma="없다." pos="X">없다.</wf>
      </sentence>
      <sentence id="d000.s989" source="wordnet-korean">
         <instance id="d000.s989.t000" lemma="덕성" pos="NOUN">덕성</instance>
         <wf lemma="을" pos="X">을</wf>
         <wf lemma="갖추다." pos="X">갖추다.</wf>
      </sentence>
      <sentence id="d000.s990" source="wordnet-korean">
         <wf lemma="그" pos="X">그</wf>
         <instance id="d000.s990.t000" lemma="건" pos="NOUN">건</instance>
         <wf lemma="에" pos="X">에</wf>
         <wf lemma="대한" pos="X">대한</wf>
         <wf lemma="해명을" pos="X">해명을</wf>
         <wf lemma="요구하였다." pos="X">요구하였다.</wf>
      </sentence>
      <sentence id="d000.s991" source="wordnet-korean">
         <wf lemma="사랑과" pos="X">사랑과</wf>
         <wf lemma="분노의" pos="X">분노의</wf>
         <instance id="d000.s991.t000" lemma="정" pos="NOUN">정</instance>
         <wf lemma="." pos="X">.</wf>
      </sentence>
      <sentence id="d000.s992" source="wordnet-korean">
         <wf lemma="빛" pos="X">빛</wf>
         <instance id="d000.s992.t000" lemma="살" pos="NOUN">살</instance>
         <wf lemma="." pos="X">.</wf>
      </sentence>
      <sentence id="d000.s993" source="wordnet-korean">
         <wf lemma="정치" pos="X">정치</wf>
         <instance id="d000.s993.t000" lemma="불안" pos="NOUN">불안</instance>
         <wf lemma="." pos="X">.</wf>
      </sentence>
      <sentence id="d000.s994" source="wordnet-korean">
         <instance id="d000.s994.t000" lemma="선조" pos="NOUN">선조</instance>
         <wf lemma="의" pos="X">의</wf>
         <wf lemma="뜻을" pos="X">뜻을</wf>
         <wf lemma="받들다." pos="X">받들다.</wf>
      </sentence>
      <sentence id="d000.s995" source="wordnet-korean">
         <wf lemma="혁명의" pos="X">혁명의</wf>
         <instance id="d000.s995.t000" lemma="대열" pos="NOUN">대열</instance>
         <wf lemma="에" pos="X">에</wf>
         <wf lemma="끼었다." pos="X">끼었다.</wf>
      </sentence>
      <sentence id="d000.s996" source="wordnet-korean">
         <wf lemma="고만한" pos="X">고만한</wf>
         <wf lemma="일로" pos="X">일로</wf>
         <instance id="d000.s996.t000" lemma="번민" pos="NOUN">번민</instance>
         <wf lemma="에" pos="X">에</wf>
         <wf lemma="싸여" pos="X">싸여</wf>
         <wf lemma="있니." pos="X">있니.</wf>
      </sentence>
      <sentence id="d000.s997" source="wordnet-korean">
         <wf lemma="보기의" pos="X">보기의</wf>
         <instance id="d000.s997.t000" lemma="나열" pos="NOUN">나열</instance>
         <wf lemma="." pos="X">.</wf>
      </sentence>
      <sentence id="d000.s998" source="wordnet-korean">
         <wf lemma="새" pos="X">새</wf>
         <wf lemma="나라" pos="X">나라</wf>
         <instance id="d000.s998.t000" lemma="건설" pos="NOUN">건설</instance>
         <wf lemma="." pos="X">.</wf>
      </sentence>
      <sentence id="d000.s999" source="wordnet-korean">
         <wf lemma="사건" pos="X">사건</wf>
         <wf lemma="경위의" pos="X">경위의</wf>
         <instance id="d000.s999.t000" lemma="설명" pos="NOUN">설명</instance>
         <wf lemma="." pos="X">.</wf>
      </sentence>
      <sentence id="d000.s1000" source="wordnet-korean">
         <wf lemma="아침" pos="X">아침</wf>
         <instance id="d000.s1000.t000" lemma="밥" pos="NOUN">밥</instance>
         <wf lemma="은" pos="X">은</wf>
         <wf lemma="국수로" pos="X">국수로</wf>
         <wf lemma="때웠다." pos="X">때웠다.</wf>
      </sentence>
      <sentence id="d000.s1001" source="wordnet-korean">
         <instance id="d000.s1001.t000" lemma="불공정" pos="NOUN">불공정</instance>
         <wf lemma="거래." pos="X">거래.</wf>
      </sentence>
      <sentence id="d000.s1002" source="wordnet-korean">
         <instance id="d000.s1002.t000" lemma="불만" pos="NOUN">불만</instance>
         <wf lemma="이" pos="X">이</wf>
         <wf lemma="생긴다." pos="X">생긴다.</wf>
      </sentence>
      <sentence id="d000.s1003" source="wordnet-korean">
         <instance id="d000.s1003.t000" lemma="핵가족" pos="NOUN">핵가족</instance>
         <wf lemma="시대에" pos="X">시대에</wf>
         <wf lemma="있어서의" pos="X">있어서의</wf>
         <wf lemma="노후" pos="X">노후</wf>
         <wf lemma="문제." pos="X">문제.</wf>
      </sentence>
      <sentence id="d000.s1004" source="wordnet-korean">
         <wf lemma="삼십" pos="X">삼십</wf>
         <instance id="d000.s1004.t000" lemma="인" pos="NOUN">인</instance>
         <wf lemma="." pos="X">.</wf>
      </sentence>
      <sentence id="d000.s1005" source="wordnet-korean">
         <wf lemma="문장가로" pos="X">문장가로</wf>
         <instance id="d000.s1005.t000" lemma="당대" pos="NOUN">당대</instance>
         <wf lemma="에" pos="X">에</wf>
         <wf lemma="이름을" pos="X">이름을</wf>
         <wf lemma="떨쳤었다." pos="X">떨쳤었다.</wf>
      </sentence>
      <sentence id="d000.s1006" source="wordnet-korean">
         <instance id="d000.s1006.t000" lemma="독촉" pos="NOUN">독촉</instance>
         <wf lemma="을" pos="X">을</wf>
         <wf lemma="받다." pos="X">받다.</wf>
      </sentence>
      <sentence id="d000.s1007" source="wordnet-korean">
         <instance id="d000.s1007.t000" lemma="공적" pos="NOUN">공적</instance>
         <wf lemma="을" pos="X">을</wf>
         <wf lemma="기리다." pos="X">기리다.</wf>
      </sentence>
      <sentence id="d000.s1008" source="wordnet-korean">
         <instance id="d000.s1008.t000" lemma="보조" pos="NOUN">보조</instance>
         <wf lemma="를" pos="X">를</wf>
         <wf lemma="늦춰라." pos="X">늦춰라.</wf>
      </sentence>
      <sentence id="d000.s1009" source="wordnet-korean">
         <instance id="d000.s1009.t000" lemma="기억" pos="NOUN">기억</instance>
         <wf lemma="이" pos="X">이</wf>
         <wf lemma="없다." pos="X">없다.</wf>
      </sentence>
      <sentence id="d000.s1010" source="wordnet-korean">
         <wf lemma="노역장" pos="X">노역장</wf>
         <instance id="d000.s1010.t000" lemma="유치" pos="NOUN">유치</instance>
         <wf lemma="." pos="X">.</wf>
      </sentence>
      <sentence id="d000.s1011" source="wordnet-korean">
         <instance id="d000.s1011.t000" lemma="대포" pos="NOUN">대포</instance>
         <wf lemma="한" pos="X">한</wf>
         <wf lemma="잔." pos="X">잔.</wf>
      </sentence>
      <sentence id="d000.s1012" source="wordnet-korean">
         <instance id="d000.s1012.t000" lemma="잠수" pos="NOUN">잠수</instance>
         <wf lemma="작업." pos="X">작업.</wf>
      </sentence>
      <sentence id="d000.s1013" source="wordnet-korean">
         <wf lemma="침체와" pos="X">침체와</wf>
         <instance id="d000.s1013.t000" lemma="쇠퇴" pos="NOUN">쇠퇴</instance>
         <wf lemma="." pos="X">.</wf>
      </sentence>
      <sentence id="d000.s1014" source="wordnet-korean">
         <instance id="d000.s1014.t000" lemma="통찰" pos="NOUN">통찰</instance>
         <wf lemma="이" pos="X">이</wf>
         <wf lemma="깊다." pos="X">깊다.</wf>
      </sentence>
      <sentence id="d000.s1015" source="wordnet-korean">
         <instance id="d000.s1015.t000" lemma="아동기" pos="NOUN">아동기</instance>
         <wf lemma="에는" pos="X">에는</wf>
         <wf lemma="지적" pos="X">지적</wf>
         <wf lemma="발달이" pos="X">발달이</wf>
         <wf lemma="현저하고," pos="X">현저하고,</wf>
         <wf lemma="사회성도" pos="X">사회성도</wf>
         <wf lemma="점점" pos="X">점점</wf>
         <wf lemma="발달하여" pos="X">발달하여</wf>
         <wf lemma="집단생활을" pos="X">집단생활을</wf>
         <wf lemma="하게" pos="X">하게</wf>
         <wf lemma="되기" pos="X">되기</wf>
         <wf lemma="시작한다." pos="X">시작한다.</wf>
      </sentence>
      <sentence id="d000.s1016" source="wordnet-korean">
         <wf lemma="아름다운" pos="X">아름다운</wf>
         <instance id="d000.s1016.t000" lemma="것" pos="NOUN">것</instance>
         <wf lemma="." pos="X">.</wf>
      </sentence>
      <sentence id="d000.s1017" source="wordnet-korean">
         <wf lemma="치열한" pos="X">치열한</wf>
         <instance id="d000.s1017.t000" lemma="논쟁" pos="NOUN">논쟁</instance>
         <wf lemma="." pos="X">.</wf>
      </sentence>
      <sentence id="d000.s1018" source="wordnet-korean">
         <instance id="d000.s1018.t000" lemma="동반자" pos="NOUN">동반자</instance>
         <wf lemma="를" pos="X">를</wf>
         <wf lemma="만나다." pos="X">만나다.</wf>
      </sentence>
      <sentence id="d000.s1019" source="wordnet-korean">
         <instance id="d000.s1019.t000" lemma="세월" pos="NOUN">세월</instance>
         <wf lemma="이" pos="X">이</wf>
         <wf lemma="빠르다." pos="X">빠르다.</wf>
      </sentence>
      <sentence id="d000.s1020" source="wordnet-korean">
         <instance id="d000.s1020.t000" lemma="빵" pos="NOUN">빵</instance>
         <wf lemma="과" pos="X">과</wf>
         <wf lemma="자유를" pos="X">자유를</wf>
         <wf lemma="달라." pos="X">달라.</wf>
      </sentence>
      <sentence id="d000.s1021" source="wordnet-korean">
         <instance id="d000.s1021.t000" lemma="하늘" pos="NOUN">하늘</instance>
         <wf lemma="에" pos="X">에</wf>
         <wf lemma="떠" pos="X">떠</wf>
         <wf lemma="있는" pos="X">있는</wf>
         <wf lemma="구름." pos="X">구름.</wf>
      </sentence>
      <sentence id="d000.s1022" source="wordnet-korean">
         <instance id="d000.s1022.t000" lemma="기색" pos="NOUN">기색</instance>
         <wf lemma="을" pos="X">을</wf>
         <wf lemma="살피다." pos="X">살피다.</wf>
      </sentence>
      <sentence id="d000.s1023" source="wordnet-korean">
         <wf lemma="자작" pos="X">자작</wf>
         <instance id="d000.s1023.t000" lemma="농" pos="NOUN">농</instance>
         <wf lemma="." pos="X">.</wf>
      </sentence>
      <sentence id="d000.s1024" source="wordnet-korean">
         <instance id="d000.s1024.t000" lemma="내" pos="NOUN">내</instance>
         <wf lemma="가" pos="X">가</wf>
         <wf lemma="나다." pos="X">나다.</wf>
      </sentence>
      <sentence id="d000.s1025" source="wordnet-korean">
         <instance id="d000.s1025.t000" lemma="구설" pos="NOUN">구설</instance>
         <wf lemma="을" pos="X">을</wf>
         <wf lemma="듣다." pos="X">듣다.</wf>
      </sentence>
      <sentence id="d000.s1026" source="wordnet-korean">
         <instance id="d000.s1026.t000" lemma="공상" pos="NOUN">공상</instance>
         <wf lemma="에" pos="X">에</wf>
         <wf lemma="빠지다." pos="X">빠지다.</wf>
      </sentence>
      <sentence id="d000.s1027" source="wordnet-korean">
         <instance id="d000.s1027.t000" lemma="느낌" pos="NOUN">느낌</instance>
         <wf lemma="을" pos="X">을</wf>
         <wf lemma="받는다." pos="X">받는다.</wf>
      </sentence>
      <sentence id="d000.s1028" source="wordnet-korean">
         <wf lemma="우리" pos="X">우리</wf>
         <wf lemma="역사에서" pos="X">역사에서</wf>
         <wf lemma="고구려의" pos="X">고구려의</wf>
         <instance id="d000.s1028.t000" lemma="판도" pos="NOUN">판도</instance>
         <wf lemma="가" pos="X">가</wf>
         <wf lemma="가장" pos="X">가장</wf>
         <wf lemma="컸다." pos="X">컸다.</wf>
      </sentence>
      <sentence id="d000.s1029" source="wordnet-korean">
         <wf lemma="시체" pos="X">시체</wf>
         <wf lemma="다섯" pos="X">다섯</wf>
         <instance id="d000.s1029.t000" lemma="구" pos="NOUN">구</instance>
         <wf lemma="인양." pos="X">인양.</wf>
      </sentence>
      <sentence id="d000.s1030" source="wordnet-korean">
         <wf lemma="관계" pos="X">관계</wf>
         <instance id="d000.s1030.t000" lemma="당국" pos="NOUN">당국</instance>
         <wf lemma="." pos="X">.</wf>
      </sentence>
      <sentence id="d000.s1031" source="wordnet-korean">
         <wf lemma="많은" pos="X">많은</wf>
         <instance id="d000.s1031.t000" lemma="부담" pos="NOUN">부담</instance>
         <wf lemma="." pos="X">.</wf>
      </sentence>
      <sentence id="d000.s1032" source="wordnet-korean">
         <wf lemma="이것이야말로" pos="X">이것이야말로</wf>
         <wf lemma="동서" pos="X">동서</wf>
         <wf lemma="문학의" pos="X">문학의</wf>
         <instance id="d000.s1032.t000" lemma="압권" pos="NOUN">압권</instance>
         <wf lemma="이" pos="X">이</wf>
         <wf lemma="아니랴." pos="X">아니랴.</wf>
      </sentence>
      <sentence id="d000.s1033" source="wordnet-korean">
         <instance id="d000.s1033.t000" lemma="만족" pos="NOUN">만족</instance>
         <wf lemma="이" pos="X">이</wf>
         <wf lemma="없는" pos="X">없는</wf>
         <wf lemma="사람." pos="X">사람.</wf>
      </sentence>
      <sentence id="d000.s1034" source="wordnet-korean">
         <wf lemma="운동에" pos="X">운동에</wf>
         <wf lemma="남달리" pos="X">남달리</wf>
         <wf lemma="뛰어난" pos="X">뛰어난</wf>
         <instance id="d000.s1034.t000" lemma="소질" pos="NOUN">소질</instance>
         <wf lemma="." pos="X">.</wf>
      </sentence>
      <sentence id="d000.s1035" source="wordnet-korean">
         <instance id="d000.s1035.t000" lemma="경영" pos="NOUN">경영</instance>
         <wf lemma="개선." pos="X">개선.</wf>
      </sentence>
      <sentence id="d000.s1036" source="wordnet-korean">
         <wf lemma="책임진" pos="X">책임진</wf>
         <instance id="d000.s1036.t000" lemma="것" pos="NOUN">것</instance>
         <wf lemma="." pos="X">.</wf>
      </sentence>
      <sentence id="d000.s1037" source="wordnet-korean">
         <wf lemma="섬유" pos="X">섬유</wf>
         <instance id="d000.s1037.t000" lemma="계통" pos="NOUN">계통</instance>
         <wf lemma="의" pos="X">의</wf>
         <wf lemma="생산업체." pos="X">생산업체.</wf>
      </sentence>
      <sentence id="d000.s1038" source="wordnet-korean">
         <wf lemma="도덕은" pos="X">도덕은</wf>
         <wf lemma="세상일의" pos="X">세상일의</wf>
         <instance id="d000.s1038.t000" lemma="벼리" pos="NOUN">벼리</instance>
         <wf lemma="이니" pos="X">이니</wf>
         <wf lemma="사람이" pos="X">사람이</wf>
         <wf lemma="이를" pos="X">이를</wf>
         <wf lemma="떠나고는" pos="X">떠나고는</wf>
         <wf lemma="착한" pos="X">착한</wf>
         <wf lemma="일이" pos="X">일이</wf>
         <wf lemma="없은즉…." pos="X">없은즉….</wf>
      </sentence>
      <sentence id="d000.s1039" source="wordnet-korean">
         <wf lemma="김안로는" pos="X">김안로는</wf>
         <wf lemma="재상" pos="X">재상</wf>
         <instance id="d000.s1039.t000" lemma="줄" pos="NOUN">줄</instance>
         <wf lemma="에" pos="X">에</wf>
         <wf lemma="올라갈" pos="X">올라갈</wf>
         <wf lemma="수" pos="X">수</wf>
         <wf lemma="있는" pos="X">있는</wf>
         <wf lemma="정경(正卿)이었다." pos="X">정경(正卿)이었다.</wf>
      </sentence>
      <sentence id="d000.s1040" source="wordnet-korean">
         <instance id="d000.s1040.t000" lemma="시각" pos="NOUN">시각</instance>
         <wf lemma="을" pos="X">을</wf>
         <wf lemma="지체하지" pos="X">지체하지</wf>
         <wf lemma="말" pos="X">말</wf>
         <wf lemma="것." pos="X">것.</wf>
      </sentence>
      <sentence id="d000.s1041" source="wordnet-korean">
         <wf lemma="인쇄" pos="X">인쇄</wf>
         <instance id="d000.s1041.t000" lemma="교정" pos="NOUN">교정</instance>
         <wf lemma="." pos="X">.</wf>
      </sentence>
      <sentence id="d000.s1042" source="wordnet-korean">
         <instance id="d000.s1042.t000" lemma="호" pos="NOUN">호</instance>
         <wf lemma="를" pos="X">를</wf>
         <wf lemma="부르다." pos="X">부르다.</wf>
      </sentence>
      <sentence id="d000.s1043" source="wordnet-korean">
         <instance id="d000.s1043.t000" lemma="별개" pos="NOUN">별개</instance>
         <wf lemma="사실." pos="X">사실.</wf>
      </sentence>
      <sentence id="d000.s1044" source="wordnet-korean">
         <instance id="d000.s1044.t000" lemma="불법" pos="NOUN">불법</instance>
         <wf lemma="을" pos="X">을</wf>
         <wf lemma="자행하다." pos="X">자행하다.</wf>
      </sentence>
      <sentence id="d000.s1045" source="wordnet-korean">
         <instance id="d000.s1045.t000" lemma="목록" pos="NOUN">목록</instance>
         <wf lemma="을" pos="X">을</wf>
         <wf lemma="작성하다." pos="X">작성하다.</wf>
      </sentence>
      <sentence id="d000.s1046" source="wordnet-korean">
         <wf lemma="저" pos="X">저</wf>
         <wf lemma="사람" pos="X">사람</wf>
         <wf lemma="지금" pos="X">지금</wf>
         <instance id="d000.s1046.t000" lemma="제정신" pos="NOUN">제정신</instance>
         <wf lemma="이" pos="X">이</wf>
         <wf lemma="아닌가" pos="X">아닌가</wf>
         <wf lemma="봐." pos="X">봐.</wf>
      </sentence>
      <sentence id="d000.s1047" source="wordnet-korean">
         <instance id="d000.s1047.t000" lemma="넋" pos="NOUN">넋</instance>
         <wf lemma="을" pos="X">을</wf>
         <wf lemma="위로한다." pos="X">위로한다.</wf>
      </sentence>
      <sentence id="d000.s1048" source="wordnet-korean">
         <wf lemma="수확량의" pos="X">수확량의</wf>
         <instance id="d000.s1048.t000" lemma="감소" pos="NOUN">감소</instance>
         <wf lemma="." pos="X">.</wf>
      </sentence>
      <sentence id="d000.s1049" source="wordnet-korean">
         <instance id="d000.s1049.t000" lemma="뱃속" pos="NOUN">뱃속</instance>
         <wf lemma="에" pos="X">에</wf>
         <wf lemma="있는" pos="X">있는</wf>
         <wf lemma="말을" pos="X">말을</wf>
         <wf lemma="털어놓았다." pos="X">털어놓았다.</wf>
      </sentence>
      <sentence id="d000.s1050" source="wordnet-korean">
         <instance id="d000.s1050.t000" lemma="소문" pos="NOUN">소문</instance>
         <wf lemma="이" pos="X">이</wf>
         <wf lemma="자자하다." pos="X">자자하다.</wf>
      </sentence>
      <sentence id="d000.s1051" source="wordnet-korean">
         <instance id="d000.s1051.t000" lemma="머리" pos="NOUN">머리</instance>
         <wf lemma="에" pos="X">에</wf>
         <wf lemma="모자를" pos="X">모자를</wf>
         <wf lemma="쓰다." pos="X">쓰다.</wf>
      </sentence>
      <sentence id="d000.s1052" source="wordnet-korean">
         <wf lemma="계열" pos="X">계열</wf>
         <wf lemma="회사" pos="X">회사</wf>
         <instance id="d000.s1052.t000" lemma="합병" pos="NOUN">합병</instance>
         <wf lemma="." pos="X">.</wf>
      </sentence>
      <sentence id="d000.s1053" source="wordnet-korean">
         <instance id="d000.s1053.t000" lemma="군침" pos="NOUN">군침</instance>
         <wf lemma="을" pos="X">을</wf>
         <wf lemma="흘리다." pos="X">흘리다.</wf>
      </sentence>
      <sentence id="d000.s1054" source="wordnet-korean">
         <wf lemma="주파수" pos="X">주파수</wf>
         <instance id="d000.s1054.t000" lemma="변조" pos="NOUN">변조</instance>
         <wf lemma="." pos="X">.</wf>
      </sentence>
      <sentence id="d000.s1055" source="wordnet-korean">
         <instance id="d000.s1055.t000" lemma="책" pos="NOUN">책</instance>
         <wf lemma="속에는" pos="X">속에는</wf>
         <wf lemma="진리의" pos="X">진리의</wf>
         <wf lemma="음성이" pos="X">음성이</wf>
         <wf lemma="있고," pos="X">있고,</wf>
         <wf lemma="슬기의" pos="X">슬기의</wf>
         <wf lemma="샘터가" pos="X">샘터가</wf>
         <wf lemma="있다." pos="X">있다.</wf>
      </sentence>
      <sentence id="d000.s1056" source="wordnet-korean">
         <instance id="d000.s1056.t000" lemma="이민" pos="NOUN">이민</instance>
         <wf lemma="을" pos="X">을</wf>
         <wf lemma="받아들이다." pos="X">받아들이다.</wf>
      </sentence>
      <sentence id="d000.s1057" source="wordnet-korean">
         <instance id="d000.s1057.t000" lemma="차" pos="NOUN">차</instance>
         <wf lemma="를" pos="X">를</wf>
         <wf lemma="마신다." pos="X">마신다.</wf>
      </sentence>
      <sentence id="d000.s1058" source="wordnet-korean">
         <instance id="d000.s1058.t000" lemma="불" pos="NOUN">불</instance>
         <wf lemma="을" pos="X">을</wf>
         <wf lemma="밝히다." pos="X">밝히다.</wf>
      </sentence>
      <sentence id="d000.s1059" source="wordnet-korean">
         <wf lemma="1차" pos="X">1차</wf>
         <wf lemma="대전" pos="X">대전</wf>
         <instance id="d000.s1059.t000" lemma="말기" pos="NOUN">말기</instance>
         <wf lemma="." pos="X">.</wf>
      </sentence>
      <sentence id="d000.s1060" source="wordnet-korean">
         <instance id="d000.s1060.t000" lemma="총" pos="NOUN">총</instance>
         <wf lemma="을" pos="X">을</wf>
         <wf lemma="겨눈다." pos="X">겨눈다.</wf>
      </sentence>
      <sentence id="d000.s1061" source="wordnet-korean">
         <instance id="d000.s1061.t000" lemma="교재" pos="NOUN">교재</instance>
         <wf lemma="선정." pos="X">선정.</wf>
      </sentence>
      <sentence id="d000.s1062" source="wordnet-korean">
         <wf lemma="근대" pos="X">근대</wf>
         <wf lemma="우리" pos="X">우리</wf>
         <wf lemma="신문의" pos="X">신문의</wf>
         <instance id="d000.s1062.t000" lemma="효시" pos="NOUN">효시</instance>
         <wf lemma="인" pos="X">인</wf>
         <wf lemma="독립신문은" pos="X">독립신문은</wf>
         <wf lemma="1896년" pos="X">1896년</wf>
         <wf lemma="4월" pos="X">4월</wf>
         <wf lemma="7일에" pos="X">7일에</wf>
         <wf lemma="창간되었다." pos="X">창간되었다.</wf>
      </sentence>
      <sentence id="d000.s1063" source="wordnet-korean">
         <instance id="d000.s1063.t000" lemma="무역" pos="NOUN">무역</instance>
         <wf lemma="경쟁." pos="X">경쟁.</wf>
      </sentence>
      <sentence id="d000.s1064" source="wordnet-korean">
         <instance id="d000.s1064.t000" lemma="부정" pos="NOUN">부정</instance>
         <wf lemma="식품." pos="X">식품.</wf>
      </sentence>
      <sentence id="d000.s1065" source="wordnet-korean">
         <instance id="d000.s1065.t000" lemma="불빛" pos="NOUN">불빛</instance>
         <wf lemma="털을" pos="X">털을</wf>
         <wf lemma="가진" pos="X">가진</wf>
         <wf lemma="말." pos="X">말.</wf>
      </sentence>
      <sentence id="d000.s1066" source="wordnet-korean">
         <wf lemma="새" pos="X">새</wf>
         <wf lemma="역사의" pos="X">역사의</wf>
         <instance id="d000.s1066.t000" lemma="창조" pos="NOUN">창조</instance>
         <wf lemma="." pos="X">.</wf>
      </sentence>
      <sentence id="d000.s1067" source="wordnet-korean">
         <instance id="d000.s1067.t000" lemma="교양" pos="NOUN">교양</instance>
         <wf lemma="서적." pos="X">서적.</wf>
      </sentence>
      <sentence id="d000.s1068" source="wordnet-korean">
         <instance id="d000.s1068.t000" lemma="백주" pos="NOUN">백주</instance>
         <wf lemma="에" pos="X">에</wf>
         <wf lemma="도둑이" pos="X">도둑이</wf>
         <wf lemma="들다니." pos="X">들다니.</wf>
      </sentence>
      <sentence id="d000.s1069" source="wordnet-korean">
         <instance id="d000.s1069.t000" lemma="독창성" pos="NOUN">독창성</instance>
         <wf lemma="을" pos="X">을</wf>
         <wf lemma="발휘하다." pos="X">발휘하다.</wf>
      </sentence>
      <sentence id="d000.s1070" source="wordnet-korean">
         <instance id="d000.s1070.t000" lemma="주식" pos="NOUN">주식</instance>
         <wf lemma="시세." pos="X">시세.</wf>
      </sentence>
      <sentence id="d000.s1071" source="wordnet-korean">
         <wf lemma="해결의" pos="X">해결의</wf>
         <instance id="d000.s1071.t000" lemma="실마리" pos="NOUN">실마리</instance>
         <wf lemma="를" pos="X">를</wf>
         <wf lemma="찾았다." pos="X">찾았다.</wf>
      </sentence>
      <sentence id="d000.s1072" source="wordnet-korean">
         <wf lemma="한" pos="X">한</wf>
         <instance id="d000.s1072.t000" lemma="걸음" pos="NOUN">걸음</instance>
         <wf lemma="." pos="X">.</wf>
      </sentence>
      <sentence id="d000.s1073" source="wordnet-korean">
         <wf lemma="남극" pos="X">남극</wf>
         <instance id="d000.s1073.t000" lemma="탐험" pos="NOUN">탐험</instance>
         <wf lemma="." pos="X">.</wf>
      </sentence>
      <sentence id="d000.s1074" source="wordnet-korean">
         <instance id="d000.s1074.t000" lemma="구멍" pos="NOUN">구멍</instance>
         <wf lemma="이" pos="X">이</wf>
         <wf lemma="뚫리다." pos="X">뚫리다.</wf>
      </sentence>
      <sentence id="d000.s1075" source="wordnet-korean">
         <wf lemma="아무" pos="X">아무</wf>
         <instance id="d000.s1075.t000" lemma="생각" pos="NOUN">생각</instance>
         <wf lemma="없이" pos="X">없이</wf>
         <wf lemma="집을" pos="X">집을</wf>
         <wf lemma="떠났지요." pos="X">떠났지요.</wf>
      </sentence>
      <sentence id="d000.s1076" source="wordnet-korean">
         <wf lemma="물" pos="X">물</wf>
         <instance id="d000.s1076.t000" lemma="살" pos="NOUN">살</instance>
         <wf lemma="." pos="X">.</wf>
      </sentence>
      <sentence id="d000.s1077" source="wordnet-korean">
         <instance id="d000.s1077.t000" lemma="풍습" pos="NOUN">풍습</instance>
         <wf lemma="이" pos="X">이</wf>
         <wf lemma="아름답다." pos="X">아름답다.</wf>
      </sentence>
      <sentence id="d000.s1078" source="wordnet-korean">
         <wf lemma="건축" pos="X">건축</wf>
         <instance id="d000.s1078.t000" lemma="기술" pos="NOUN">기술</instance>
         <wf lemma="." pos="X">.</wf>
      </sentence>
      <sentence id="d000.s1079" source="wordnet-korean">
         <instance id="d000.s1079.t000" lemma="경험" pos="NOUN">경험</instance>
         <wf lemma="을" pos="X">을</wf>
         <wf lemma="얻다." pos="X">얻다.</wf>
      </sentence>
      <sentence id="d000.s1080" source="wordnet-korean">
         <wf lemma="회의장" pos="X">회의장</wf>
         <wf lemma="분위기는" pos="X">분위기는</wf>
         <instance id="d000.s1080.t000" lemma="저기압" pos="NOUN">저기압</instance>
         <wf lemma="이었다." pos="X">이었다.</wf>
      </sentence>
      <sentence id="d000.s1081" source="wordnet-korean">
         <instance id="d000.s1081.t000" lemma="선" pos="NOUN">선</instance>
         <wf lemma="을" pos="X">을</wf>
         <wf lemma="행하다." pos="X">행하다.</wf>
      </sentence>
      <sentence id="d000.s1082" source="wordnet-korean">
         <instance id="d000.s1082.t000" lemma="소나기" pos="NOUN">소나기</instance>
         <wf lemma="를" pos="X">를</wf>
         <wf lemma="맞았다." pos="X">맞았다.</wf>
      </sentence>
      <sentence id="d000.s1083" source="wordnet-korean">
         <wf lemma="말썽의" pos="X">말썽의</wf>
         <instance id="d000.s1083.t000" lemma="씨" pos="NOUN">씨</instance>
         <wf lemma="." pos="X">.</wf>
      </sentence>
      <sentence id="d000.s1084" source="wordnet-korean">
         <instance id="d000.s1084.t000" lemma="끼니" pos="NOUN">끼니</instance>
         <wf lemma="를" pos="X">를</wf>
         <wf lemma="잇지" pos="X">잇지</wf>
         <wf lemma="못하는" pos="X">못하는</wf>
         <wf lemma="가난한" pos="X">가난한</wf>
         <wf lemma="사람들." pos="X">사람들.</wf>
      </sentence>
      <sentence id="d000.s1085" source="wordnet-korean">
         <instance id="d000.s1085.t000" lemma="소실" pos="NOUN">소실</instance>
         <wf lemma="이" pos="X">이</wf>
         <wf lemma="적잖이" pos="X">적잖이</wf>
         <wf lemma="많았다." pos="X">많았다.</wf>
      </sentence>
      <sentence id="d000.s1086" source="wordnet-korean">
         <instance id="d000.s1086.t000" lemma="비난" pos="NOUN">비난</instance>
         <wf lemma="을" pos="X">을</wf>
         <wf lemma="받다." pos="X">받다.</wf>
      </sentence>
      <sentence id="d000.s1087" source="wordnet-korean">
         <wf lemma="본디" pos="X">본디</wf>
         <instance id="d000.s1087.t000" lemma="인간성" pos="NOUN">인간성</instance>
         <wf lemma="은" pos="X">은</wf>
         <wf lemma="착한" pos="X">착한</wf>
         <wf lemma="것이다." pos="X">것이다.</wf>
      </sentence>
      <sentence id="d000.s1088" source="wordnet-korean">
         <wf lemma="자연" pos="X">자연</wf>
         <instance id="d000.s1088.t000" lemma="조건" pos="NOUN">조건</instance>
         <wf lemma="." pos="X">.</wf>
      </sentence>
      <sentence id="d000.s1089" source="wordnet-korean">
         <wf lemma="비밀" pos="X">비밀</wf>
         <instance id="d000.s1089.t000" lemma="노출" pos="NOUN">노출</instance>
         <wf lemma="." pos="X">.</wf>
      </sentence>
      <sentence id="d000.s1090" source="wordnet-korean">
         <wf lemma="신은" pos="X">신은</wf>
         <wf lemma="두려워하건대," pos="X">두려워하건대,</wf>
         <instance id="d000.s1090.t000" lemma="왕정" pos="NOUN">왕정</instance>
         <wf lemma="이" pos="X">이</wf>
         <wf lemma="신으로" pos="X">신으로</wf>
         <wf lemma="말미암아" pos="X">말미암아</wf>
         <wf lemma="어지럽고…." pos="X">어지럽고….</wf>
      </sentence>
      <sentence id="d000.s1091" source="wordnet-korean">
         <wf lemma="제" pos="X">제</wf>
         <instance id="d000.s1091.t000" lemma="자랑" pos="NOUN">자랑</instance>
         <wf lemma="." pos="X">.</wf>
      </sentence>
      <sentence id="d000.s1092" source="wordnet-korean">
         <wf lemma="당신과의" pos="X">당신과의</wf>
         <wf lemma="약속이" pos="X">약속이</wf>
         <wf lemma="내겐" pos="X">내겐</wf>
         <wf lemma="큰" pos="X">큰</wf>
         <instance id="d000.s1092.t000" lemma="빚" pos="NOUN">빚</instance>
         <wf lemma="입니다." pos="X">입니다.</wf>
      </sentence>
      <sentence id="d000.s1093" source="wordnet-korean">
         <wf lemma="술이" pos="X">술이</wf>
         <instance id="d000.s1093.t000" lemma="조금" pos="NOUN">조금</instance>
         <wf lemma="취하다." pos="X">취하다.</wf>
      </sentence>
      <sentence id="d000.s1094" source="wordnet-korean">
         <instance id="d000.s1094.t000" lemma="생전" pos="NOUN">생전</instance>
         <wf lemma="의" pos="X">의</wf>
         <wf lemma="업적." pos="X">업적.</wf>
      </sentence>
      <sentence id="d000.s1095" source="wordnet-korean">
         <wf lemma="기술의" pos="X">기술의</wf>
         <instance id="d000.s1095.t000" lemma="전승" pos="NOUN">전승</instance>
         <wf lemma="." pos="X">.</wf>
      </sentence>
      <sentence id="d000.s1096" source="wordnet-korean">
         <wf lemma="통로" pos="X">통로</wf>
         <instance id="d000.s1096.t000" lemma="폐쇄" pos="NOUN">폐쇄</instance>
         <wf lemma="." pos="X">.</wf>
      </sentence>
      <sentence id="d000.s1097" source="wordnet-korean">
         <wf lemma="세심한" pos="X">세심한</wf>
         <instance id="d000.s1097.t000" lemma="관찰" pos="NOUN">관찰</instance>
         <wf lemma="." pos="X">.</wf>
      </sentence>
      <sentence id="d000.s1098" source="wordnet-korean">
         <wf lemma="책상" pos="X">책상</wf>
         <instance id="d000.s1098.t000" lemma="바닥" pos="NOUN">바닥</instance>
         <wf lemma="." pos="X">.</wf>
      </sentence>
      <sentence id="d000.s1099" source="wordnet-korean">
         <wf lemma="흙을" pos="X">흙을</wf>
         <wf lemma="사랑하는" pos="X">사랑하는</wf>
         <wf lemma="농민의" pos="X">농민의</wf>
         <instance id="d000.s1099.t000" lemma="심정" pos="NOUN">심정</instance>
         <wf lemma="." pos="X">.</wf>
      </sentence>
      <sentence id="d000.s1100" source="wordnet-korean">
         <instance id="d000.s1100.t000" lemma="냉기" pos="NOUN">냉기</instance>
         <wf lemma="를" pos="X">를</wf>
         <wf lemma="느끼다." pos="X">느끼다.</wf>
      </sentence>
      <sentence id="d000.s1101" source="wordnet-korean">
         <wf lemma="김씨," pos="X">김씨,</wf>
         <wf lemma="이씨," pos="X">이씨,</wf>
         <wf lemma="박씨" pos="X">박씨</wf>
         <instance id="d000.s1101.t000" lemma="들" pos="NOUN">들</instance>
         <wf lemma="세" pos="X">세</wf>
         <wf lemma="분이" pos="X">분이</wf>
         <wf lemma="왔다" pos="X">왔다</wf>
         <wf lemma="가셨다오." pos="X">가셨다오.</wf>
      </sentence>
      <sentence id="d000.s1102" source="wordnet-korean">
         <wf lemma="책의" pos="X">책의</wf>
         <instance id="d000.s1102.t000" lemma="제목" pos="NOUN">제목</instance>
         <wf lemma="." pos="X">.</wf>
      </sentence>
      <sentence id="d000.s1103" source="wordnet-korean">
         <instance id="d000.s1103.t000" lemma="보람" pos="NOUN">보람</instance>
         <wf lemma="이" pos="X">이</wf>
         <wf lemma="뵌다." pos="X">뵌다.</wf>
      </sentence>
      <sentence id="d000.s1104" source="wordnet-korean">
         <wf lemma="벼의" pos="X">벼의</wf>
         <instance id="d000.s1104.t000" lemma="그루터기" pos="NOUN">그루터기</instance>
         <wf lemma="에서" pos="X">에서</wf>
         <wf lemma="싹이" pos="X">싹이</wf>
         <wf lemma="났다." pos="X">났다.</wf>
      </sentence>
      <sentence id="d000.s1105" source="wordnet-korean">
         <instance id="d000.s1105.t000" lemma="행복" pos="NOUN">행복</instance>
         <wf lemma="을" pos="X">을</wf>
         <wf lemma="누리다." pos="X">누리다.</wf>
      </sentence>
      <sentence id="d000.s1106" source="wordnet-korean">
         <wf lemma="분노가" pos="X">분노가</wf>
         <instance id="d000.s1106.t000" lemma="극도" pos="NOUN">극도</instance>
         <wf lemma="에" pos="X">에</wf>
         <wf lemma="이르다." pos="X">이르다.</wf>
      </sentence>
      <sentence id="d000.s1107" source="wordnet-korean">
         <wf lemma="나그네" pos="X">나그네</wf>
         <instance id="d000.s1107.t000" lemma="행색" pos="NOUN">행색</instance>
         <wf lemma="을" pos="X">을</wf>
         <wf lemma="한" pos="X">한</wf>
         <wf lemma="사람." pos="X">사람.</wf>
      </sentence>
      <sentence id="d000.s1108" source="wordnet-korean">
         <instance id="d000.s1108.t000" lemma="풍선" pos="NOUN">풍선</instance>
         <wf lemma="을" pos="X">을</wf>
         <wf lemma="날려" pos="X">날려</wf>
         <wf lemma="보내다." pos="X">보내다.</wf>
      </sentence>
      <sentence id="d000.s1109" source="wordnet-korean">
         <instance id="d000.s1109.t000" lemma="몸매" pos="NOUN">몸매</instance>
         <wf lemma="가" pos="X">가</wf>
         <wf lemma="늘씬하다." pos="X">늘씬하다.</wf>
      </sentence>
      <sentence id="d000.s1110" source="wordnet-korean">
         <wf lemma="두" pos="X">두</wf>
         <instance id="d000.s1110.t000" lemma="걸음" pos="NOUN">걸음</instance>
         <wf lemma="." pos="X">.</wf>
      </sentence>
      <sentence id="d000.s1111" source="wordnet-korean">
         <wf lemma="음식" pos="X">음식</wf>
         <instance id="d000.s1111.t000" lemma="마련" pos="NOUN">마련</instance>
         <wf lemma="을" pos="X">을</wf>
         <wf lemma="네가" pos="X">네가</wf>
         <wf lemma="맡아라." pos="X">맡아라.</wf>
      </sentence>
      <sentence id="d000.s1112" source="wordnet-korean">
         <instance id="d000.s1112.t000" lemma="부담" pos="NOUN">부담</instance>
         <wf lemma="이" pos="X">이</wf>
         <wf lemma="늘다." pos="X">늘다.</wf>
      </sentence>
      <sentence id="d000.s1113" source="wordnet-korean">
         <wf lemma="명예" pos="X">명예</wf>
         <instance id="d000.s1113.t000" lemma="존중" pos="NOUN">존중</instance>
         <wf lemma="." pos="X">.</wf>
      </sentence>
      <sentence id="d000.s1114" source="wordnet-korean">
         <instance id="d000.s1114.t000" lemma="고개" pos="NOUN">고개</instance>
         <wf lemma="를" pos="X">를</wf>
         <wf lemma="돌리다." pos="X">돌리다.</wf>
      </sentence>
      <sentence id="d000.s1115" source="wordnet-korean">
         <instance id="d000.s1115.t000" lemma="과실" pos="NOUN">과실</instance>
         <wf lemma="을" pos="X">을</wf>
         <wf lemma="탓하다." pos="X">탓하다.</wf>
      </sentence>
      <sentence id="d000.s1116" source="wordnet-korean">
         <instance id="d000.s1116.t000" lemma="백중" pos="NOUN">백중</instance>
         <wf lemma="을" pos="X">을</wf>
         <wf lemma="가르지" pos="X">가르지</wf>
         <wf lemma="못하다." pos="X">못하다.</wf>
      </sentence>
      <sentence id="d000.s1117" source="wordnet-korean">
         <wf lemma="농담의" pos="X">농담의</wf>
         <instance id="d000.s1117.t000" lemma="도" pos="NOUN">도</instance>
         <wf lemma="가" pos="X">가</wf>
         <wf lemma="지나치다." pos="X">지나치다.</wf>
      </sentence>
      <sentence id="d000.s1118" source="wordnet-korean">
         <wf lemma="가난하여" pos="X">가난하여</wf>
         <wf lemma="젖먹이" pos="X">젖먹이</wf>
         <wf lemma="때부터" pos="X">때부터</wf>
         <instance id="d000.s1118.t000" lemma="양" pos="NOUN">양</instance>
         <wf lemma="을" pos="X">을</wf>
         <wf lemma="채우지" pos="X">채우지</wf>
         <wf lemma="못하고" pos="X">못하고</wf>
         <wf lemma="자랐다." pos="X">자랐다.</wf>
      </sentence>
      <sentence id="d000.s1119" source="wordnet-korean">
         <wf lemma="기행문" pos="X">기행문</wf>
         <instance id="d000.s1119.t000" lemma="투" pos="NOUN">투</instance>
         <wf lemma="로" pos="X">로</wf>
         <wf lemma="쓴" pos="X">쓴</wf>
         <wf lemma="소설." pos="X">소설.</wf>
      </sentence>
      <sentence id="d000.s1120" source="wordnet-korean">
         <instance id="d000.s1120.t000" lemma="대중" pos="NOUN">대중</instance>
         <wf lemma="앞에서" pos="X">앞에서</wf>
         <wf lemma="연설을" pos="X">연설을</wf>
         <wf lemma="한다." pos="X">한다.</wf>
      </sentence>
      <sentence id="d000.s1121" source="wordnet-korean">
         <wf lemma="목욕하고" pos="X">목욕하고</wf>
         <wf lemma="새" pos="X">새</wf>
         <wf lemma="옷으로" pos="X">옷으로</wf>
         <wf lemma="갈아입으니" pos="X">갈아입으니</wf>
         <instance id="d000.s1121.t000" lemma="기분" pos="NOUN">기분</instance>
         <wf lemma="이" pos="X">이</wf>
         <wf lemma="한결" pos="X">한결</wf>
         <wf lemma="상쾌하다." pos="X">상쾌하다.</wf>
      </sentence>
      <sentence id="d000.s1122" source="wordnet-korean">
         <instance id="d000.s1122.t000" lemma="경매" pos="NOUN">경매</instance>
         <wf lemma="기일." pos="X">기일.</wf>
      </sentence>
      <sentence id="d000.s1123" source="wordnet-korean">
         <instance id="d000.s1123.t000" lemma="원격" pos="NOUN">원격</instance>
         <wf lemma="조종." pos="X">조종.</wf>
      </sentence>
      <sentence id="d000.s1124" source="wordnet-korean">
         <wf lemma="그" pos="X">그</wf>
         <wf lemma="사람은" pos="X">사람은</wf>
         <instance id="d000.s1124.t000" lemma="울" pos="NOUN">울</instance>
         <wf lemma="이" pos="X">이</wf>
         <wf lemma="세다." pos="X">세다.</wf>
      </sentence>
      <sentence id="d000.s1125" source="wordnet-korean">
         <instance id="d000.s1125.t000" lemma="오늘" pos="NOUN">오늘</instance>
         <wf lemma="이" pos="X">이</wf>
         <wf lemma="며칟날인가?." pos="X">며칟날인가?.</wf>
      </sentence>
      <sentence id="d000.s1126" source="wordnet-korean">
         <instance id="d000.s1126.t000" lemma="배후" pos="NOUN">배후</instance>
         <wf lemma="에서" pos="X">에서</wf>
         <wf lemma="활동한다." pos="X">활동한다.</wf>
      </sentence>
      <sentence id="d000.s1127" source="wordnet-korean">
         <wf lemma="영화" pos="X">영화</wf>
         <instance id="d000.s1127.t000" lemma="대본" pos="NOUN">대본</instance>
         <wf lemma="." pos="X">.</wf>
      </sentence>
      <sentence id="d000.s1128" source="wordnet-korean">
         <wf lemma="새" pos="X">새</wf>
         <wf lemma="직업을" pos="X">직업을</wf>
         <instance id="d000.s1128.t000" lemma="가지다" pos="VERB">가지다</instance>
         <wf lemma="." pos="X">.</wf>
      </sentence>
      <sentence id="d000.s1129" source="wordnet-korean">
         <wf lemma="건물" pos="X">건물</wf>
         <instance id="d000.s1129.t000" lemma="관리" pos="NOUN">관리</instance>
         <wf lemma="." pos="X">.</wf>
      </sentence>
      <sentence id="d000.s1130" source="wordnet-korean">
         <instance id="d000.s1130.t000" lemma="갈" pos="NOUN">갈</instance>
         <wf lemma="봄여름" pos="X">봄여름</wf>
         <wf lemma="없이" pos="X">없이</wf>
         <wf lemma="피는" pos="X">피는</wf>
         <wf lemma="꽃." pos="X">꽃.</wf>
      </sentence>
      <sentence id="d000.s1131" source="wordnet-korean">
         <wf lemma="청춘은" pos="X">청춘은</wf>
         <wf lemma="인생의" pos="X">인생의</wf>
         <instance id="d000.s1131.t000" lemma="봄" pos="NOUN">봄</instance>
         <wf lemma="이다." pos="X">이다.</wf>
      </sentence>
      <sentence id="d000.s1132" source="wordnet-korean">
         <instance id="d000.s1132.t000" lemma="시의" pos="NOUN">시의</instance>
         <wf lemma="를" pos="X">를</wf>
         <wf lemma="받다." pos="X">받다.</wf>
      </sentence>
      <sentence id="d000.s1133" source="wordnet-korean">
         <wf lemma="이" pos="X">이</wf>
         <wf lemma="금" pos="X">금</wf>
         <instance id="d000.s1133.t000" lemma="밖" pos="NOUN">밖</instance>
         <wf lemma="으로" pos="X">으로</wf>
         <wf lemma="물러나시오." pos="X">물러나시오.</wf>
      </sentence>
      <sentence id="d000.s1134" source="wordnet-korean">
         <wf lemma="서울과" pos="X">서울과</wf>
         <wf lemma="부산" pos="X">부산</wf>
         <instance id="d000.s1134.t000" lemma="간" pos="NOUN">간</instance>
         <wf lemma="의" pos="X">의</wf>
         <wf lemma="철도를" pos="X">철도를</wf>
         <wf lemma="경부선이라" pos="X">경부선이라</wf>
         <wf lemma="한다." pos="X">한다.</wf>
      </sentence>
      <sentence id="d000.s1135" source="wordnet-korean">
         <wf lemma="재일" pos="X">재일</wf>
         <instance id="d000.s1135.t000" lemma="동포" pos="NOUN">동포</instance>
         <wf lemma="." pos="X">.</wf>
      </sentence>
      <sentence id="d000.s1136" source="wordnet-korean">
         <wf lemma="처음" pos="X">처음</wf>
         <wf lemma="인사하러" pos="X">인사하러</wf>
         <wf lemma="가는데" pos="X">가는데</wf>
         <wf lemma="담배" pos="X">담배</wf>
         <instance id="d000.s1136.t000" lemma="갑" pos="NOUN">갑</instance>
         <wf lemma="이라도" pos="X">이라도</wf>
         <wf lemma="사" pos="X">사</wf>
         <wf lemma="들고" pos="X">들고</wf>
         <wf lemma="가야" pos="X">가야</wf>
         <wf lemma="하지" pos="X">하지</wf>
         <wf lemma="않을까?." pos="X">않을까?.</wf>
      </sentence>
      <sentence id="d000.s1137" source="wordnet-korean">
         <wf lemma="힘센" pos="X">힘센</wf>
         <instance id="d000.s1137.t000" lemma="장수" pos="NOUN">장수</instance>
         <wf lemma="." pos="X">.</wf>
      </sentence>
      <sentence id="d000.s1138" source="wordnet-korean">
         <instance id="d000.s1138.t000" lemma="지면" pos="NOUN">지면</instance>
         <wf lemma="이" pos="X">이</wf>
         <wf lemma="좁아서" pos="X">좁아서</wf>
         <wf lemma="이" pos="X">이</wf>
         <wf lemma="기사는" pos="X">기사는</wf>
         <wf lemma="뺄" pos="X">뺄</wf>
         <wf lemma="수" pos="X">수</wf>
         <wf lemma="밖에" pos="X">밖에</wf>
         <wf lemma="없소." pos="X">없소.</wf>
      </sentence>
      <sentence id="d000.s1139" source="wordnet-korean">
         <wf lemma="무슨" pos="X">무슨</wf>
         <wf lemma="일에고" pos="X">일에고</wf>
         <instance id="d000.s1139.t000" lemma="근본" pos="NOUN">근본</instance>
         <wf lemma="은" pos="X">은</wf>
         <wf lemma="사람이다." pos="X">사람이다.</wf>
      </sentence>
      <sentence id="d000.s1140" source="wordnet-korean">
         <instance id="d000.s1140.t000" lemma="시간" pos="NOUN">시간</instance>
         <wf lemma="을" pos="X">을</wf>
         <wf lemma="아끼다." pos="X">아끼다.</wf>
      </sentence>
      <sentence id="d000.s1141" source="wordnet-korean">
         <wf lemma="세종" pos="X">세종</wf>
         <instance id="d000.s1141.t000" lemma="대" pos="NOUN">대</instance>
         <wf lemma="에" pos="X">에</wf>
         <wf lemma="활짝" pos="X">활짝</wf>
         <wf lemma="핀" pos="X">핀</wf>
         <wf lemma="민족문화." pos="X">민족문화.</wf>
      </sentence>
      <sentence id="d000.s1142" source="wordnet-korean">
         <instance id="d000.s1142.t000" lemma="바깥쪽" pos="NOUN">바깥쪽</instance>
         <wf lemma="에는" pos="X">에는</wf>
         <wf lemma="흰색을" pos="X">흰색을</wf>
         <wf lemma="칠하고" pos="X">칠하고</wf>
         <wf lemma="안쪽에는" pos="X">안쪽에는</wf>
         <wf lemma="빨간색을" pos="X">빨간색을</wf>
         <wf lemma="칠했다." pos="X">칠했다.</wf>
      </sentence>
      <sentence id="d000.s1143" source="wordnet-korean">
         <instance id="d000.s1143.t000" lemma="고별" pos="NOUN">고별</instance>
         <wf lemma="의" pos="X">의</wf>
         <wf lemma="말씀." pos="X">말씀.</wf>
      </sentence>
      <sentence id="d000.s1144" source="wordnet-korean">
         <instance id="d000.s1144.t000" lemma="대운" pos="NOUN">대운</instance>
         <wf lemma="을" pos="X">을</wf>
         <wf lemma="만났다." pos="X">만났다.</wf>
      </sentence>
      <sentence id="d000.s1145" source="wordnet-korean">
         <wf lemma="몸안에" pos="X">몸안에</wf>
         <instance id="d000.s1145.t000" lemma="독" pos="NOUN">독</instance>
         <wf lemma="이" pos="X">이</wf>
         <wf lemma="퍼진다." pos="X">퍼진다.</wf>
      </sentence>
      <sentence id="d000.s1146" source="wordnet-korean">
         <instance id="d000.s1146.t000" lemma="번식" pos="NOUN">번식</instance>
         <wf lemma="시기." pos="X">시기.</wf>
      </sentence>
      <sentence id="d000.s1147" source="wordnet-korean">
         <wf lemma="넓은" pos="X">넓은</wf>
         <instance id="d000.s1147.t000" lemma="가슴" pos="NOUN">가슴</instance>
         <wf lemma="." pos="X">.</wf>
      </sentence>
      <sentence id="d000.s1148" source="wordnet-korean">
         <wf lemma="바늘" pos="X">바늘</wf>
         <instance id="d000.s1148.t000" lemma="구멍" pos="NOUN">구멍</instance>
         <wf lemma="." pos="X">.</wf>
      </sentence>
      <sentence id="d000.s1149" source="wordnet-korean">
         <wf lemma="하는" pos="X">하는</wf>
         <wf lemma="짓이" pos="X">짓이</wf>
         <instance id="d000.s1149.t000" lemma="아기" pos="NOUN">아기</instance>
         <wf lemma="같다." pos="X">같다.</wf>
      </sentence>
      <sentence id="d000.s1150" source="wordnet-korean">
         <wf lemma="한강의" pos="X">한강의</wf>
         <instance id="d000.s1150.t000" lemma="근원" pos="NOUN">근원</instance>
         <wf lemma="은" pos="X">은</wf>
         <wf lemma="태백산맥이다." pos="X">태백산맥이다.</wf>
      </sentence>
      <sentence id="d000.s1151" source="wordnet-korean">
         <wf lemma="역사의" pos="X">역사의</wf>
         <wf lemma="발전" pos="X">발전</wf>
         <instance id="d000.s1151.t000" lemma="경로" pos="NOUN">경로</instance>
         <wf lemma="." pos="X">.</wf>
      </sentence>
      <sentence id="d000.s1152" source="wordnet-korean">
         <instance id="d000.s1152.t000" lemma="범행" pos="NOUN">범행</instance>
         <wf lemma="에" pos="X">에</wf>
         <wf lemma="쓴" pos="X">쓴</wf>
         <wf lemma="무기." pos="X">무기.</wf>
      </sentence>
      <sentence id="d000.s1153" source="wordnet-korean">
         <wf lemma="너무" pos="X">너무</wf>
         <wf lemma="삶으면" pos="X">삶으면</wf>
         <wf lemma="나물의" pos="X">나물의</wf>
         <instance id="d000.s1153.t000" lemma="단물" pos="NOUN">단물</instance>
         <wf lemma="이" pos="X">이</wf>
         <wf lemma="다" pos="X">다</wf>
         <wf lemma="빠진다." pos="X">빠진다.</wf>
      </sentence>
      <sentence id="d000.s1154" source="wordnet-korean">
         <wf lemma="정당한" pos="X">정당한</wf>
         <instance id="d000.s1154.t000" lemma="비판" pos="NOUN">비판</instance>
         <wf lemma="." pos="X">.</wf>
      </sentence>
      <sentence id="d000.s1155" source="wordnet-korean">
         <wf lemma="나이" pos="X">나이</wf>
         <wf lemma="사십" pos="X">사십</wf>
         <instance id="d000.s1155.t000" lemma="줄" pos="NOUN">줄</instance>
         <wf lemma="에" pos="X">에</wf>
         <wf lemma="접어" pos="X">접어</wf>
         <wf lemma="들다." pos="X">들다.</wf>
      </sentence>
      <sentence id="d000.s1156" source="wordnet-korean">
         <wf lemma="한" pos="X">한</wf>
         <wf lemma="자" pos="X">자</wf>
         <instance id="d000.s1156.t000" lemma="간격" pos="NOUN">간격</instance>
         <wf lemma="." pos="X">.</wf>
      </sentence>
      <sentence id="d000.s1157" source="wordnet-korean">
         <wf lemma="밤길을" pos="X">밤길을</wf>
         <instance id="d000.s1157.t000" lemma="떠나다" pos="VERB">떠나다</instance>
         <wf lemma="." pos="X">.</wf>
      </sentence>
      <sentence id="d000.s1158" source="wordnet-korean">
         <instance id="d000.s1158.t000" lemma="독촉장" pos="NOUN">독촉장</instance>
         <wf lemma="을" pos="X">을</wf>
         <wf lemma="띄운다." pos="X">띄운다.</wf>
      </sentence>
      <sentence id="d000.s1159" source="wordnet-korean">
         <instance id="d000.s1159.t000" lemma="광산" pos="NOUN">광산</instance>
         <wf lemma="지대." pos="X">지대.</wf>
      </sentence>
      <sentence id="d000.s1160" source="wordnet-korean">
         <instance id="d000.s1160.t000" lemma="공해" pos="NOUN">공해</instance>
         <wf lemma="어업." pos="X">어업.</wf>
      </sentence>
      <sentence id="d000.s1161" source="wordnet-korean">
         <wf lemma="건축" pos="X">건축</wf>
         <instance id="d000.s1161.t000" lemma="기사" pos="NOUN">기사</instance>
         <wf lemma="." pos="X">.</wf>
      </sentence>
      <sentence id="d000.s1162" source="wordnet-korean">
         <instance id="d000.s1162.t000" lemma="거적" pos="NOUN">거적</instance>
         <wf lemma="을" pos="X">을</wf>
         <wf lemma="씌우다." pos="X">씌우다.</wf>
      </sentence>
      <sentence id="d000.s1163" source="wordnet-korean">
         <wf lemma="그는" pos="X">그는</wf>
         <wf lemma="음악에" pos="X">음악에</wf>
         <wf lemma="선천적인" pos="X">선천적인</wf>
         <instance id="d000.s1163.t000" lemma="재주" pos="NOUN">재주</instance>
         <wf lemma="가" pos="X">가</wf>
         <wf lemma="있다." pos="X">있다.</wf>
      </sentence>
      <sentence id="d000.s1164" source="wordnet-korean">
         <instance id="d000.s1164.t000" lemma="구성" pos="NOUN">구성</instance>
         <wf lemma="인원." pos="X">인원.</wf>
      </sentence>
      <sentence id="d000.s1165" source="wordnet-korean">
         <instance id="d000.s1165.t000" lemma="계략" pos="NOUN">계략</instance>
         <wf lemma="을" pos="X">을</wf>
         <wf lemma="꾸미다." pos="X">꾸미다.</wf>
      </sentence>
      <sentence id="d000.s1166" source="wordnet-korean">
         <instance id="d000.s1166.t000" lemma="부부" pos="NOUN">부부</instance>
         <wf lemma="생활." pos="X">생활.</wf>
      </sentence>
      <sentence id="d000.s1167" source="wordnet-korean">
         <instance id="d000.s1167.t000" lemma="볼" pos="NOUN">볼</instance>
         <wf lemma="이" pos="X">이</wf>
         <wf lemma="좁은" pos="X">좁은</wf>
         <wf lemma="도끼." pos="X">도끼.</wf>
      </sentence>
      <sentence id="d000.s1168" source="wordnet-korean">
         <wf lemma="서울," pos="X">서울,</wf>
         <wf lemma="부산" pos="X">부산</wf>
         <wf lemma="등지에서는" pos="X">등지에서는</wf>
         <wf lemma="새로운" pos="X">새로운</wf>
         <instance id="d000.s1168.t000" lemma="구" pos="NOUN">구</instance>
         <wf lemma="가" pos="X">가</wf>
         <wf lemma="여러" pos="X">여러</wf>
         <wf lemma="개" pos="X">개</wf>
         <wf lemma="생겼다." pos="X">생겼다.</wf>
      </sentence>
      <sentence id="d000.s1169" source="wordnet-korean">
         <wf lemma="회비" pos="X">회비</wf>
         <instance id="d000.s1169.t000" lemma="납입" pos="NOUN">납입</instance>
         <wf lemma="." pos="X">.</wf>
      </sentence>
      <sentence id="d000.s1170" source="wordnet-korean">
         <wf lemma="새" pos="X">새</wf>
         <wf lemma="정당의" pos="X">정당의</wf>
         <instance id="d000.s1170.t000" lemma="결성" pos="NOUN">결성</instance>
         <wf lemma="을" pos="X">을</wf>
         <wf lemma="서두르다." pos="X">서두르다.</wf>
      </sentence>
      <sentence id="d000.s1171" source="wordnet-korean">
         <wf lemma="각" pos="X">각</wf>
         <wf lemma="학급" pos="X">학급</wf>
         <instance id="d000.s1171.t000" lemma="대의원" pos="NOUN">대의원</instance>
         <wf lemma="." pos="X">.</wf>
      </sentence>
      <sentence id="d000.s1172" source="wordnet-korean">
         <instance id="d000.s1172.t000" lemma="재미" pos="NOUN">재미</instance>
         <wf lemma="가" pos="X">가</wf>
         <wf lemma="좋다." pos="X">좋다.</wf>
      </sentence>
      <sentence id="d000.s1173" source="wordnet-korean">
         <wf lemma="이" pos="X">이</wf>
         <wf lemma="조화는" pos="X">조화는</wf>
         <instance id="d000.s1173.t000" lemma="진짜" pos="NOUN">진짜</instance>
         <wf lemma="보다도" pos="X">보다도</wf>
         <wf lemma="곱다." pos="X">곱다.</wf>
      </sentence>
      <sentence id="d000.s1174" source="wordnet-korean">
         <instance id="d000.s1174.t000" lemma="실" pos="NOUN">실</instance>
         <wf lemma="을" pos="X">을</wf>
         <wf lemma="잇다." pos="X">잇다.</wf>
      </sentence>
      <sentence id="d000.s1175" source="wordnet-korean">
         <wf lemma="건축" pos="X">건축</wf>
         <instance id="d000.s1175.t000" lemma="용재" pos="NOUN">용재</instance>
         <wf lemma="." pos="X">.</wf>
      </sentence>
      <sentence id="d000.s1176" source="wordnet-korean">
         <instance id="d000.s1176.t000" lemma="가죽" pos="NOUN">가죽</instance>
         <wf lemma="허리띠." pos="X">허리띠.</wf>
      </sentence>
      <sentence id="d000.s1177" source="wordnet-korean">
         <instance id="d000.s1177.t000" lemma="국가" pos="NOUN">국가</instance>
         <wf lemma="와" pos="X">와</wf>
         <wf lemma="국민." pos="X">국민.</wf>
      </sentence>
      <sentence id="d000.s1178" source="wordnet-korean">
         <instance id="d000.s1178.t000" lemma="구제" pos="NOUN">구제</instance>
         <wf lemma="대책." pos="X">대책.</wf>
      </sentence>
      <sentence id="d000.s1179" source="wordnet-korean">
         <instance id="d000.s1179.t000" lemma="굴곡" pos="NOUN">굴곡</instance>
         <wf lemma="이" pos="X">이</wf>
         <wf lemma="많았던" pos="X">많았던</wf>
         <wf lemma="생활." pos="X">생활.</wf>
      </sentence>
      <sentence id="d000.s1180" source="wordnet-korean">
         <wf lemma="이유" pos="X">이유</wf>
         <wf lemma="없는" pos="X">없는</wf>
         <instance id="d000.s1180.t000" lemma="반항" pos="NOUN">반항</instance>
         <wf lemma="." pos="X">.</wf>
      </sentence>
      <sentence id="d000.s1181" source="wordnet-korean">
         <wf lemma="면허" pos="X">면허</wf>
         <instance id="d000.s1181.t000" lemma="신청" pos="NOUN">신청</instance>
         <wf lemma="." pos="X">.</wf>
      </sentence>
      <sentence id="d000.s1182" source="wordnet-korean">
         <wf lemma="부부는" pos="X">부부는</wf>
         <wf lemma="일생의" pos="X">일생의</wf>
         <instance id="d000.s1182.t000" lemma="반려" pos="NOUN">반려</instance>
         <wf lemma="라고" pos="X">라고</wf>
         <wf lemma="할" pos="X">할</wf>
         <wf lemma="수" pos="X">수</wf>
         <wf lemma="있다." pos="X">있다.</wf>
      </sentence>
      <sentence id="d000.s1183" source="wordnet-korean">
         <instance id="d000.s1183.t000" lemma="신호" pos="NOUN">신호</instance>
         <wf lemma="를" pos="X">를</wf>
         <wf lemma="보내다." pos="X">보내다.</wf>
      </sentence>
      <sentence id="d000.s1184" source="wordnet-korean">
         <wf lemma="나머지" pos="X">나머지</wf>
         <wf lemma="몫은" pos="X">몫은</wf>
         <wf lemma="우리들" pos="X">우리들</wf>
         <instance id="d000.s1184.t000" lemma="차지" pos="VERB">차지</instance>
         <wf lemma="로" pos="X">로</wf>
         <wf lemma="돌아왔다." pos="X">돌아왔다.</wf>
      </sentence>
      <sentence id="d000.s1185" source="wordnet-korean">
         <instance id="d000.s1185.t000" lemma="레일" pos="NOUN">레일</instance>
         <wf lemma="을" pos="X">을</wf>
         <wf lemma="놓다." pos="X">놓다.</wf>
      </sentence>
      <sentence id="d000.s1186" source="wordnet-korean">
         <instance id="d000.s1186.t000" lemma="담" pos="NOUN">담</instance>
         <wf lemma="이" pos="X">이</wf>
         <wf lemma="크다." pos="X">크다.</wf>
      </sentence>
      <sentence id="d000.s1187" source="wordnet-korean">
         <wf lemma="나는" pos="X">나는</wf>
         <wf lemma="내일모레" pos="X">내일모레</wf>
         <wf lemma="50이" pos="X">50이</wf>
         <wf lemma="되는데," pos="X">되는데,</wf>
         <wf lemma="늙은" pos="X">늙은</wf>
         <wf lemma="말" pos="X">말</wf>
         <wf lemma="같은" pos="X">같은</wf>
         <wf lemma="이" pos="X">이</wf>
         <wf lemma="몸을" pos="X">몸을</wf>
         <wf lemma="채찍질하며" pos="X">채찍질하며</wf>
         <wf lemma="잘못" pos="X">잘못</wf>
         <wf lemma="들어선" pos="X">들어선</wf>
         <instance id="d000.s1187.t000" lemma="길" pos="NOUN">길</instance>
         <wf lemma="을" pos="X">을</wf>
         <wf lemma="가고" pos="X">가고</wf>
         <wf lemma="있다." pos="X">있다.</wf>
      </sentence>
      <sentence id="d000.s1188" source="wordnet-korean">
         <wf lemma="그가" pos="X">그가</wf>
         <wf lemma="해외" pos="X">해외</wf>
         <wf lemma="지점장으로" pos="X">지점장으로</wf>
         <instance id="d000.s1188.t000" lemma="발탁" pos="NOUN">발탁</instance>
         <wf lemma="이" pos="X">이</wf>
         <wf lemma="되었다." pos="X">되었다.</wf>
      </sentence>
      <sentence id="d000.s1189" source="wordnet-korean">
         <instance id="d000.s1189.t000" lemma="냉장" pos="NOUN">냉장</instance>
         <wf lemma="식품." pos="X">식품.</wf>
      </sentence>
      <sentence id="d000.s1190" source="wordnet-korean">
         <instance id="d000.s1190.t000" lemma="물" pos="NOUN">물</instance>
         <wf lemma="감자." pos="X">감자.</wf>
      </sentence>
      <sentence id="d000.s1191" source="wordnet-korean">
         <instance id="d000.s1191.t000" lemma="구호" pos="NOUN">구호</instance>
         <wf lemma="물자." pos="X">물자.</wf>
      </sentence>
      <sentence id="d000.s1192" source="wordnet-korean">
         <wf lemma="실행" pos="X">실행</wf>
         <instance id="d000.s1192.t000" lemma="위원" pos="NOUN">위원</instance>
         <wf lemma="." pos="X">.</wf>
      </sentence>
      <sentence id="d000.s1193" source="wordnet-korean">
         <instance id="d000.s1193.t000" lemma="선" pos="NOUN">선</instance>
         <wf lemma="을" pos="X">을</wf>
         <wf lemma="넘다." pos="X">넘다.</wf>
      </sentence>
      <sentence id="d000.s1194" source="wordnet-korean">
         <instance id="d000.s1194.t000" lemma="상품" pos="NOUN">상품</instance>
         <wf lemma="을" pos="X">을</wf>
         <wf lemma="받다." pos="X">받다.</wf>
      </sentence>
      <sentence id="d000.s1195" source="wordnet-korean">
         <wf lemma="갈" pos="X">갈</wf>
         <wf lemma="데" pos="X">데</wf>
         <wf lemma="까지는" pos="X">까지는</wf>
         <wf lemma="가" pos="X">가</wf>
         <wf lemma="보자는" pos="X">보자는</wf>
         <instance id="d000.s1195.t000" lemma="배짱" pos="NOUN">배짱</instance>
         <wf lemma="으로" pos="X">으로</wf>
         <wf lemma="쉬지" pos="X">쉬지</wf>
         <wf lemma="않고" pos="X">않고</wf>
         <wf lemma="걸었다." pos="X">걸었다.</wf>
      </sentence>
      <sentence id="d000.s1196" source="wordnet-korean">
         <instance id="d000.s1196.t000" lemma="부끄러움" pos="NOUN">부끄러움</instance>
         <wf lemma="이" pos="X">이</wf>
         <wf lemma="앞선다." pos="X">앞선다.</wf>
      </sentence>
      <sentence id="d000.s1197" source="wordnet-korean">
         <instance id="d000.s1197.t000" lemma="인식" pos="NOUN">인식</instance>
         <wf lemma="과정." pos="X">과정.</wf>
      </sentence>
      <sentence id="d000.s1198" source="wordnet-korean">
         <wf lemma="위생" pos="X">위생</wf>
         <instance id="d000.s1198.t000" lemma="관념" pos="NOUN">관념</instance>
         <wf lemma="." pos="X">.</wf>
      </sentence>
      <sentence id="d000.s1199" source="wordnet-korean">
         <wf lemma="자리" pos="X">자리</wf>
         <instance id="d000.s1199.t000" lemma="다툼" pos="NOUN">다툼</instance>
         <wf lemma="." pos="X">.</wf>
      </sentence>
      <sentence id="d000.s1200" source="wordnet-korean">
         <instance id="d000.s1200.t000" lemma="옷" pos="NOUN">옷</instance>
         <wf lemma="을" pos="X">을</wf>
         <wf lemma="마르다." pos="X">마르다.</wf>
      </sentence>
      <sentence id="d000.s1201" source="wordnet-korean">
         <instance id="d000.s1201.t000" lemma="공격" pos="NOUN">공격</instance>
         <wf lemma="을" pos="X">을</wf>
         <wf lemma="가하다." pos="X">가하다.</wf>
      </sentence>
      <sentence id="d000.s1202" source="wordnet-korean">
         <wf lemma="하루" pos="X">하루</wf>
         <wf lemma="세" pos="X">세</wf>
         <instance id="d000.s1202.t000" lemma="때" pos="NOUN">때</instance>
         <wf lemma="를" pos="X">를</wf>
         <wf lemma="먹다." pos="X">먹다.</wf>
      </sentence>
      <sentence id="d000.s1203" source="wordnet-korean">
         <wf lemma="다섯" pos="X">다섯</wf>
         <wf lemma="번" pos="X">번</wf>
         <wf lemma="죽은" pos="X">죽은</wf>
         <instance id="d000.s1203.t000" lemma="액" pos="NOUN">액</instance>
         <wf lemma="을" pos="X">을</wf>
         <wf lemma="지내고" pos="X">지내고</wf>
         <wf lemma="전생" pos="X">전생</wf>
         <wf lemma="죄를" pos="X">죄를</wf>
         <wf lemma="속한" pos="X">속한</wf>
         <wf lemma="후" pos="X">후</wf>
         <wf lemma="인간" pos="X">인간</wf>
         <wf lemma="영화를" pos="X">영화를</wf>
         <wf lemma="보시리이다." pos="X">보시리이다.</wf>
      </sentence>
      <sentence id="d000.s1204" source="wordnet-korean">
         <wf lemma="이태리" pos="X">이태리</wf>
         <instance id="d000.s1204.t000" lemma="가곡" pos="NOUN">가곡</instance>
         <wf lemma="." pos="X">.</wf>
      </sentence>
      <sentence id="d000.s1205" source="wordnet-korean">
         <wf lemma="잘" pos="X">잘</wf>
         <wf lemma="때" pos="X">때</wf>
         <wf lemma="코를" pos="X">코를</wf>
         <wf lemma="고는" pos="X">고는</wf>
         <instance id="d000.s1205.t000" lemma="버릇" pos="NOUN">버릇</instance>
         <wf lemma="." pos="X">.</wf>
      </sentence>
      <sentence id="d000.s1206" source="wordnet-korean">
         <wf lemma="무슨" pos="X">무슨</wf>
         <instance id="d000.s1206.t000" lemma="놈" pos="NOUN">놈</instance>
         <wf lemma="의" pos="X">의</wf>
         <wf lemma="얘기가" pos="X">얘기가</wf>
         <wf lemma="그렇게도" pos="X">그렇게도</wf>
         <wf lemma="길까." pos="X">길까.</wf>
      </sentence>
      <sentence id="d000.s1207" source="wordnet-korean">
         <wf lemma="인원" pos="X">인원</wf>
         <instance id="d000.s1207.t000" lemma="배정" pos="NOUN">배정</instance>
         <wf lemma="." pos="X">.</wf>
      </sentence>
      <sentence id="d000.s1208" source="wordnet-korean">
         <wf lemma="다른" pos="X">다른</wf>
         <instance id="d000.s1208.t000" lemma="볼일" pos="NOUN">볼일</instance>
         <wf lemma="때문에" pos="X">때문에</wf>
         <wf lemma="이만" pos="X">이만</wf>
         <wf lemma="헤어져야겠습니다." pos="X">헤어져야겠습니다.</wf>
      </sentence>
      <sentence id="d000.s1209" source="wordnet-korean">
         <wf lemma="감각" pos="X">감각</wf>
         <instance id="d000.s1209.t000" lemma="작용" pos="NOUN">작용</instance>
         <wf lemma="." pos="X">.</wf>
      </sentence>
      <sentence id="d000.s1210" source="wordnet-korean">
         <wf lemma="메마른" pos="X">메마른</wf>
         <instance id="d000.s1210.t000" lemma="땅" pos="NOUN">땅</instance>
         <wf lemma="." pos="X">.</wf>
      </sentence>
      <sentence id="d000.s1211" source="wordnet-korean">
         <wf lemma="언어란" pos="X">언어란</wf>
         <wf lemma="것은" pos="X">것은</wf>
         <wf lemma="그" pos="X">그</wf>
         <wf lemma="민족의" pos="X">민족의</wf>
         <wf lemma="정신적" pos="X">정신적</wf>
         <instance id="d000.s1211.t000" lemma="산물" pos="NOUN">산물</instance>
         <wf lemma="이다." pos="X">이다.</wf>
      </sentence>
      <sentence id="d000.s1212" source="wordnet-korean">
         <instance id="d000.s1212.t000" lemma="가맹" pos="NOUN">가맹</instance>
         <wf lemma="단체." pos="X">단체.</wf>
      </sentence>
      <sentence id="d000.s1213" source="wordnet-korean">
         <wf lemma="우리" pos="X">우리</wf>
         <wf lemma="나라" pos="X">나라</wf>
         <instance id="d000.s1213.t000" lemma="자연" pos="NOUN">자연</instance>
         <wf lemma="은" pos="X">은</wf>
         <wf lemma="참으로" pos="X">참으로</wf>
         <wf lemma="아름답다." pos="X">아름답다.</wf>
      </sentence>
      <sentence id="d000.s1214" source="wordnet-korean">
         <wf lemma="불한당의" pos="X">불한당의</wf>
         <instance id="d000.s1214.t000" lemma="두목" pos="NOUN">두목</instance>
         <wf lemma="." pos="X">.</wf>
      </sentence>
      <sentence id="d000.s1215" source="wordnet-korean">
         <wf lemma="같은" pos="X">같은</wf>
         <wf lemma="일의" pos="X">일의</wf>
         <instance id="d000.s1215.t000" lemma="되풀이" pos="NOUN">되풀이</instance>
         <wf lemma="는" pos="X">는</wf>
         <wf lemma="사람을" pos="X">사람을</wf>
         <wf lemma="게으름에" pos="X">게으름에</wf>
         <wf lemma="빠뜨리곤" pos="X">빠뜨리곤</wf>
         <wf lemma="한다." pos="X">한다.</wf>
      </sentence>
      <sentence id="d000.s1216" source="wordnet-korean">
         <instance id="d000.s1216.t000" lemma="이목구비" pos="NOUN">이목구비</instance>
         <wf lemma="가" pos="X">가</wf>
         <wf lemma="뚜렷한" pos="X">뚜렷한</wf>
         <wf lemma="얼굴." pos="X">얼굴.</wf>
      </sentence>
      <sentence id="d000.s1217" source="wordnet-korean">
         <wf lemma="애쓴" pos="X">애쓴</wf>
         <instance id="d000.s1217.t000" lemma="보람" pos="NOUN">보람</instance>
         <wf lemma="이" pos="X">이</wf>
         <wf lemma="있다." pos="X">있다.</wf>
      </sentence>
      <sentence id="d000.s1218" source="wordnet-korean">
         <wf lemma="정신" pos="X">정신</wf>
         <instance id="d000.s1218.t000" lemma="세계" pos="NOUN">세계</instance>
         <wf lemma="." pos="X">.</wf>
      </sentence>
      <sentence id="d000.s1219" source="wordnet-korean">
         <instance id="d000.s1219.t000" lemma="뿌리" pos="NOUN">뿌리</instance>
         <wf lemma="가" pos="X">가</wf>
         <wf lemma="내린다." pos="X">내린다.</wf>
      </sentence>
      <sentence id="d000.s1220" source="wordnet-korean">
         <wf lemma="정서적" pos="X">정서적</wf>
         <instance id="d000.s1220.t000" lemma="관념" pos="NOUN">관념</instance>
         <wf lemma="." pos="X">.</wf>
      </sentence>
      <sentence id="d000.s1221" source="wordnet-korean">
         <instance id="d000.s1221.t000" lemma="보석" pos="NOUN">보석</instance>
         <wf lemma="가운데" pos="X">가운데</wf>
         <wf lemma="으뜸은" pos="X">으뜸은</wf>
         <wf lemma="금강석이다." pos="X">금강석이다.</wf>
      </sentence>
      <sentence id="d000.s1222" source="wordnet-korean">
         <instance id="d000.s1222.t000" lemma="기본" pos="NOUN">기본</instance>
         <wf lemma="문제." pos="X">문제.</wf>
      </sentence>
      <sentence id="d000.s1223" source="wordnet-korean">
         <wf lemma="의병의" pos="X">의병의</wf>
         <instance id="d000.s1223.t000" lemma="반항" pos="NOUN">반항</instance>
         <wf lemma="이" pos="X">이</wf>
         <wf lemma="날로" pos="X">날로</wf>
         <wf lemma="거세었다." pos="X">거세었다.</wf>
      </sentence>
      <sentence id="d000.s1224" source="wordnet-korean">
         <instance id="d000.s1224.t000" lemma="애정" pos="NOUN">애정</instance>
         <wf lemma="은" pos="X">은</wf>
         <wf lemma="부부의" pos="X">부부의</wf>
         <wf lemma="원리다." pos="X">원리다.</wf>
      </sentence>
      <sentence id="d000.s1225" source="wordnet-korean">
         <wf lemma="이" pos="X">이</wf>
         <wf lemma="방에서는" pos="X">방에서는</wf>
         <instance id="d000.s1225.t000" lemma="손" pos="NOUN">손</instance>
         <wf lemma="이" pos="X">이</wf>
         <wf lemma="묵고" pos="X">묵고</wf>
         <wf lemma="있다." pos="X">있다.</wf>
      </sentence>
      <sentence id="d000.s1226" source="wordnet-korean">
         <wf lemma="큰" pos="X">큰</wf>
         <instance id="d000.s1226.t000" lemma="놈" pos="NOUN">놈</instance>
         <wf lemma="." pos="X">.</wf>
      </sentence>
      <sentence id="d000.s1227" source="wordnet-korean">
         <instance id="d000.s1227.t000" lemma="행동거지" pos="NOUN">행동거지</instance>
         <wf lemma="가" pos="X">가</wf>
         <wf lemma="출중하다." pos="X">출중하다.</wf>
      </sentence>
      <sentence id="d000.s1228" source="wordnet-korean">
         <instance id="d000.s1228.t000" lemma="빛깔" pos="NOUN">빛깔</instance>
         <wf lemma="이" pos="X">이</wf>
         <wf lemma="깨끗하다." pos="X">깨끗하다.</wf>
      </sentence>
      <sentence id="d000.s1229" source="wordnet-korean">
         <wf lemma="0005는" pos="X">0005는</wf>
         <wf lemma="오" pos="X">오</wf>
         <instance id="d000.s1229.t000" lemma="사" pos="NOUN">사</instance>
         <wf lemma="가" pos="X">가</wf>
         <wf lemma="된다." pos="X">된다.</wf>
      </sentence>
      <sentence id="d000.s1230" source="wordnet-korean">
         <instance id="d000.s1230.t000" lemma="마음" pos="NOUN">마음</instance>
         <wf lemma="이" pos="X">이</wf>
         <wf lemma="약한" pos="X">약한</wf>
         <wf lemma="사람." pos="X">사람.</wf>
      </sentence>
      <sentence id="d000.s1231" source="wordnet-korean">
         <wf lemma="5" pos="X">5</wf>
         <instance id="d000.s1231.t000" lemma="대" pos="NOUN">대</instance>
         <wf lemma="할아버지." pos="X">할아버지.</wf>
      </sentence>
      <sentence id="d000.s1232" source="wordnet-korean">
         <wf lemma="주말에" pos="X">주말에</wf>
         <instance id="d000.s1232.t000" lemma="모임" pos="NOUN">모임</instance>
         <wf lemma="이" pos="X">이</wf>
         <wf lemma="있다." pos="X">있다.</wf>
      </sentence>
      <sentence id="d000.s1233" source="wordnet-korean">
         <instance id="d000.s1233.t000" lemma="울화" pos="NOUN">울화</instance>
         <wf lemma="가" pos="X">가</wf>
         <wf lemma="치밀다." pos="X">치밀다.</wf>
      </sentence>
      <sentence id="d000.s1234" source="wordnet-korean">
         <wf lemma="극적인" pos="X">극적인</wf>
         <instance id="d000.s1234.t000" lemma="신" pos="NOUN">신</instance>
         <wf lemma="이" pos="X">이</wf>
         <wf lemma="벌어지다." pos="X">벌어지다.</wf>
      </sentence>
      <sentence id="d000.s1235" source="wordnet-korean">
         <wf lemma="아주" pos="X">아주</wf>
         <wf lemma="오랜" pos="X">오랜</wf>
         <instance id="d000.s1235.t000" lemma="옛날" pos="NOUN">옛날</instance>
         <wf lemma="부터" pos="X">부터</wf>
         <wf lemma="우리" pos="X">우리</wf>
         <wf lemma="민족은" pos="X">민족은</wf>
         <wf lemma="예의바르다" pos="X">예의바르다</wf>
         <wf lemma="하여" pos="X">하여</wf>
         <wf lemma="동방" pos="X">동방</wf>
         <wf lemma="예의지국이란" pos="X">예의지국이란</wf>
         <wf lemma="말을" pos="X">말을</wf>
         <wf lemma="들어" pos="X">들어</wf>
         <wf lemma="왔다." pos="X">왔다.</wf>
      </sentence>
      <sentence id="d000.s1236" source="wordnet-korean">
         <instance id="d000.s1236.t000" lemma="누전" pos="NOUN">누전</instance>
         <wf lemma="으로" pos="X">으로</wf>
         <wf lemma="인한" pos="X">인한</wf>
         <wf lemma="화재." pos="X">화재.</wf>
      </sentence>
      <sentence id="d000.s1237" source="wordnet-korean">
         <instance id="d000.s1237.t000" lemma="연중" pos="NOUN">연중</instance>
         <wf lemma="으로" pos="X">으로</wf>
         <wf lemma="끝내자." pos="X">끝내자.</wf>
      </sentence>
      <sentence id="d000.s1238" source="wordnet-korean">
         <wf lemma="인삼" pos="X">인삼</wf>
         <wf lemma="서른" pos="X">서른</wf>
         <wf lemma="닷" pos="X">닷</wf>
         <instance id="d000.s1238.t000" lemma="푼" pos="NOUN">푼</instance>
         <wf lemma="." pos="X">.</wf>
      </sentence>
      <sentence id="d000.s1239" source="wordnet-korean">
         <instance id="d000.s1239.t000" lemma="부" pos="NOUN">부</instance>
         <wf lemma="를" pos="X">를</wf>
         <wf lemma="누리다." pos="X">누리다.</wf>
      </sentence>
      <sentence id="d000.s1240" source="wordnet-korean">
         <wf lemma="문법" pos="X">문법</wf>
         <instance id="d000.s1240.t000" lemma="이론" pos="NOUN">이론</instance>
         <wf lemma="." pos="X">.</wf>
      </sentence>
      <sentence id="d000.s1241" source="wordnet-korean">
         <wf lemma="환속하여" pos="X">환속하여</wf>
         <instance id="d000.s1241.t000" lemma="속인" pos="NOUN">속인</instance>
         <wf lemma="이" pos="X">이</wf>
         <wf lemma="되었다." pos="X">되었다.</wf>
      </sentence>
      <sentence id="d000.s1242" source="wordnet-korean">
         <instance id="d000.s1242.t000" lemma="대열" pos="NOUN">대열</instance>
         <wf lemma="을" pos="X">을</wf>
         <wf lemma="벗어난다." pos="X">벗어난다.</wf>
      </sentence>
      <sentence id="d000.s1243" source="wordnet-korean">
         <instance id="d000.s1243.t000" lemma="최근" pos="NOUN">최근</instance>
         <wf lemma="어떻게" pos="X">어떻게</wf>
         <wf lemma="지내시는지요?." pos="X">지내시는지요?.</wf>
      </sentence>
      <sentence id="d000.s1244" source="wordnet-korean">
         <instance id="d000.s1244.t000" lemma="판단" pos="NOUN">판단</instance>
         <wf lemma="이" pos="X">이</wf>
         <wf lemma="가다(서다)." pos="X">가다(서다).</wf>
      </sentence>
      <sentence id="d000.s1245" source="wordnet-korean">
         <instance id="d000.s1245.t000" lemma="비위" pos="NOUN">비위</instance>
         <wf lemma="를" pos="X">를</wf>
         <wf lemma="저지르다." pos="X">저지르다.</wf>
      </sentence>
      <sentence id="d000.s1246" source="wordnet-korean">
         <wf lemma="국가의" pos="X">국가의</wf>
         <instance id="d000.s1246.t000" lemma="승인" pos="NOUN">승인</instance>
         <wf lemma="." pos="X">.</wf>
      </sentence>
      <sentence id="d000.s1247" source="wordnet-korean">
         <wf lemma="70" pos="X">70</wf>
         <instance id="d000.s1247.t000" lemma="대" pos="NOUN">대</instance>
         <wf lemma="노인." pos="X">노인.</wf>
      </sentence>
      <sentence id="d000.s1248" source="wordnet-korean">
         <instance id="d000.s1248.t000" lemma="불평" pos="NOUN">불평</instance>
         <wf lemma="과" pos="X">과</wf>
         <wf lemma="불만." pos="X">불만.</wf>
      </sentence>
      <sentence id="d000.s1249" source="wordnet-korean">
         <wf lemma="국방" pos="X">국방</wf>
         <instance id="d000.s1249.t000" lemma="성" pos="NOUN">성</instance>
         <wf lemma="." pos="X">.</wf>
      </sentence>
      <sentence id="d000.s1250" source="wordnet-korean">
         <instance id="d000.s1250.t000" lemma="배급" pos="NOUN">배급</instance>
         <wf lemma="을" pos="X">을</wf>
         <wf lemma="받다." pos="X">받다.</wf>
      </sentence>
      <sentence id="d000.s1251" source="wordnet-korean">
         <wf lemma="어리석은" pos="X">어리석은</wf>
         <instance id="d000.s1251.t000" lemma="꿈" pos="NOUN">꿈</instance>
         <wf lemma="을" pos="X">을</wf>
         <wf lemma="버려라." pos="X">버려라.</wf>
      </sentence>
      <sentence id="d000.s1252" source="wordnet-korean">
         <wf lemma="며느리의" pos="X">며느리의</wf>
         <instance id="d000.s1252.t000" lemma="후덕" pos="NOUN">후덕</instance>
         <wf lemma="을" pos="X">을</wf>
         <wf lemma="자랑하다." pos="X">자랑하다.</wf>
      </sentence>
      <sentence id="d000.s1253" source="wordnet-korean">
         <instance id="d000.s1253.t000" lemma="탐방" pos="NOUN">탐방</instance>
         <wf lemma="기사." pos="X">기사.</wf>
      </sentence>
      <sentence id="d000.s1254" source="wordnet-korean">
         <wf lemma="난초" pos="X">난초</wf>
         <wf lemma="한" pos="X">한</wf>
         <instance id="d000.s1254.t000" lemma="촉" pos="NOUN">촉</instance>
         <wf lemma="을" pos="X">을</wf>
         <wf lemma="얻다." pos="X">얻다.</wf>
      </sentence>
      <sentence id="d000.s1255" source="wordnet-korean">
         <instance id="d000.s1255.t000" lemma="도" pos="NOUN">도</instance>
         <wf lemma="를" pos="X">를</wf>
         <wf lemma="넘다." pos="X">넘다.</wf>
      </sentence>
      <sentence id="d000.s1256" source="wordnet-korean">
         <instance id="d000.s1256.t000" lemma="전적" pos="NOUN">전적</instance>
         <wf lemma="으로" pos="X">으로</wf>
         <wf lemma="찬성이다." pos="X">찬성이다.</wf>
      </sentence>
      <sentence id="d000.s1257" source="wordnet-korean">
         <instance id="d000.s1257.t000" lemma="만물" pos="NOUN">만물</instance>
         <wf lemma="이" pos="X">이</wf>
         <wf lemma="골고루" pos="X">골고루</wf>
         <wf lemma="갖춰진" pos="X">갖춰진</wf>
         <wf lemma="백화점." pos="X">백화점.</wf>
      </sentence>
      <sentence id="d000.s1258" source="wordnet-korean">
         <wf lemma="산저담" pos="X">산저담</wf>
         <wf lemma="세" pos="X">세</wf>
         <instance id="d000.s1258.t000" lemma="보" pos="NOUN">보</instance>
         <wf lemma="." pos="X">.</wf>
      </sentence>
      <sentence id="d000.s1259" source="wordnet-korean">
         <wf lemma="주가" pos="X">주가</wf>
         <wf lemma="되는" pos="X">되는</wf>
         <wf lemma="것과" pos="X">것과</wf>
         <instance id="d000.s1259.t000" lemma="종" pos="NOUN">종</instance>
         <wf lemma="이" pos="X">이</wf>
         <wf lemma="되는" pos="X">되는</wf>
         <wf lemma="것." pos="X">것.</wf>
      </sentence>
      <sentence id="d000.s1260" source="wordnet-korean">
         <wf lemma="우리" pos="X">우리</wf>
         <wf lemma="겨레의" pos="X">겨레의</wf>
         <instance id="d000.s1260.t000" lemma="시조" pos="NOUN">시조</instance>
         <wf lemma="는" pos="X">는</wf>
         <wf lemma="단군이시다." pos="X">단군이시다.</wf>
      </sentence>
      <sentence id="d000.s1261" source="wordnet-korean">
         <wf lemma="지난" pos="X">지난</wf>
         <wf lemma="날" pos="X">날</wf>
         <wf lemma="그의" pos="X">그의</wf>
         <wf lemma="호의는" pos="X">호의는</wf>
         <wf lemma="아직도" pos="X">아직도</wf>
         <wf lemma="마음의" pos="X">마음의</wf>
         <instance id="d000.s1261.t000" lemma="빚" pos="NOUN">빚</instance>
         <wf lemma="으로" pos="X">으로</wf>
         <wf lemma="남아" pos="X">남아</wf>
         <wf lemma="있다." pos="X">있다.</wf>
      </sentence>
      <sentence id="d000.s1262" source="wordnet-korean">
         <instance id="d000.s1262.t000" lemma="달" pos="NOUN">달</instance>
         <wf lemma="을" pos="X">을</wf>
         <wf lemma="넘기다." pos="X">넘기다.</wf>
      </sentence>
      <sentence id="d000.s1263" source="wordnet-korean">
         <instance id="d000.s1263.t000" lemma="총알" pos="NOUN">총알</instance>
         <wf lemma="을" pos="X">을</wf>
         <wf lemma="맞았다." pos="X">맞았다.</wf>
      </sentence>
      <sentence id="d000.s1264" source="wordnet-korean">
         <wf lemma="국어" pos="X">국어</wf>
         <wf lemma="국문학과" pos="X">국문학과</wf>
         <instance id="d000.s1264.t000" lemma="과장" pos="NOUN">과장</instance>
         <wf lemma="." pos="X">.</wf>
      </sentence>
      <sentence id="d000.s1265" source="wordnet-korean">
         <instance id="d000.s1265.t000" lemma="번역" pos="NOUN">번역</instance>
         <wf lemma="글(문장)." pos="X">글(문장).</wf>
      </sentence>
      <sentence id="d000.s1266" source="wordnet-korean">
         <wf lemma="그" pos="X">그</wf>
         <wf lemma="아이" pos="X">아이</wf>
         <wf lemma="하는" pos="X">하는</wf>
         <wf lemma="짓에" pos="X">짓에</wf>
         <instance id="d000.s1266.t000" lemma="틀림" pos="NOUN">틀림</instance>
         <wf lemma="이" pos="X">이</wf>
         <wf lemma="있다면" pos="X">있다면</wf>
         <wf lemma="모두" pos="X">모두</wf>
         <wf lemma="이" pos="X">이</wf>
         <wf lemma="어미" pos="X">어미</wf>
         <wf lemma="죄이지요." pos="X">죄이지요.</wf>
      </sentence>
      <sentence id="d000.s1267" source="wordnet-korean">
         <wf lemma="말끝마다" pos="X">말끝마다</wf>
         <instance id="d000.s1267.t000" lemma="타박" pos="NOUN">타박</instance>
         <wf lemma="만" pos="X">만</wf>
         <wf lemma="놓는다." pos="X">놓는다.</wf>
      </sentence>
      <sentence id="d000.s1268" source="wordnet-korean">
         <wf lemma="진보적" pos="X">진보적</wf>
         <instance id="d000.s1268.t000" lemma="태도" pos="NOUN">태도</instance>
         <wf lemma="." pos="X">.</wf>
      </sentence>
      <sentence id="d000.s1269" source="wordnet-korean">
         <instance id="d000.s1269.t000" lemma="파벌" pos="NOUN">파벌</instance>
         <wf lemma="을" pos="X">을</wf>
         <wf lemma="만들다." pos="X">만들다.</wf>
      </sentence>
      <sentence id="d000.s1270" source="wordnet-korean">
         <instance id="d000.s1270.t000" lemma="이음새" pos="NOUN">이음새</instance>
         <wf lemma="가" pos="X">가</wf>
         <wf lemma="곱다." pos="X">곱다.</wf>
      </sentence>
      <sentence id="d000.s1271" source="wordnet-korean">
         <wf lemma="인생의" pos="X">인생의</wf>
         <instance id="d000.s1271.t000" lemma="단면" pos="NOUN">단면</instance>
         <wf lemma="." pos="X">.</wf>
      </sentence>
      <sentence id="d000.s1272" source="wordnet-korean">
         <wf lemma="환영회" pos="X">환영회</wf>
         <instance id="d000.s1272.t000" lemma="경비" pos="NOUN">경비</instance>
         <wf lemma="." pos="X">.</wf>
      </sentence>
      <sentence id="d000.s1273" source="wordnet-korean">
         <wf lemma="좁은" pos="X">좁은</wf>
         <instance id="d000.s1273.t000" lemma="길" pos="NOUN">길</instance>
         <wf lemma="." pos="X">.</wf>
      </sentence>
      <sentence id="d000.s1274" source="wordnet-korean">
         <wf lemma="해가" pos="X">해가</wf>
         <wf lemma="뜨기" pos="X">뜨기</wf>
         <wf lemma="전에" pos="X">전에</wf>
         <wf lemma="벌써" pos="X">벌써</wf>
         <instance id="d000.s1274.t000" lemma="아낙네" pos="NOUN">아낙네</instance>
         <wf lemma="들은" pos="X">들은</wf>
         <wf lemma="밭에" pos="X">밭에</wf>
         <wf lemma="김을" pos="X">김을</wf>
         <wf lemma="매러" pos="X">매러</wf>
         <wf lemma="호미를" pos="X">호미를</wf>
         <wf lemma="들고" pos="X">들고</wf>
         <wf lemma="집을" pos="X">집을</wf>
         <wf lemma="나선다." pos="X">나선다.</wf>
      </sentence>
      <sentence id="d000.s1275" source="wordnet-korean">
         <instance id="d000.s1275.t000" lemma="기본" pos="NOUN">기본</instance>
         <wf lemma="측량." pos="X">측량.</wf>
      </sentence>
      <sentence id="d000.s1276" source="wordnet-korean">
         <wf lemma="가치의" pos="X">가치의</wf>
         <instance id="d000.s1276.t000" lemma="판단" pos="NOUN">판단</instance>
         <wf lemma="." pos="X">.</wf>
      </sentence>
      <sentence id="d000.s1277" source="wordnet-korean">
         <wf lemma="무역" pos="X">무역</wf>
         <instance id="d000.s1277.t000" lemma="대표단" pos="NOUN">대표단</instance>
         <wf lemma="." pos="X">.</wf>
      </sentence>
      <sentence id="d000.s1278" source="wordnet-korean">
         <wf lemma="일기" pos="X">일기</wf>
         <instance id="d000.s1278.t000" lemma="쓰기" pos="NOUN">쓰기</instance>
         <wf lemma="." pos="X">.</wf>
      </sentence>
      <sentence id="d000.s1279" source="wordnet-korean">
         <instance id="d000.s1279.t000" lemma="도둑" pos="NOUN">도둑</instance>
         <wf lemma="이" pos="X">이</wf>
         <wf lemma="들다." pos="X">들다.</wf>
      </sentence>
      <sentence id="d000.s1280" source="wordnet-korean">
         <wf lemma="절망하는" pos="X">절망하는</wf>
         <instance id="d000.s1280.t000" lemma="대신" pos="NOUN">대신</instance>
         <wf lemma="에" pos="X">에</wf>
         <wf lemma="새로운" pos="X">새로운</wf>
         <wf lemma="각오를" pos="X">각오를</wf>
         <wf lemma="가졌다." pos="X">가졌다.</wf>
      </sentence>
      <sentence id="d000.s1281" source="wordnet-korean">
         <instance id="d000.s1281.t000" lemma="부덕" pos="NOUN">부덕</instance>
         <wf lemma="이" pos="X">이</wf>
         <wf lemma="밝다." pos="X">밝다.</wf>
      </sentence>
      <sentence id="d000.s1282" source="wordnet-korean">
         <instance id="d000.s1282.t000" lemma="서" pos="NOUN">서</instance>
         <wf lemma="까지" pos="X">까지</wf>
         <wf lemma="갑시다." pos="X">갑시다.</wf>
      </sentence>
      <sentence id="d000.s1283" source="wordnet-korean">
         <instance id="d000.s1283.t000" lemma="만신" pos="NOUN">만신</instance>
         <wf lemma="의" pos="X">의</wf>
         <wf lemma="상처." pos="X">상처.</wf>
      </sentence>
      <sentence id="d000.s1284" source="wordnet-korean">
         <instance id="d000.s1284.t000" lemma="개별" pos="NOUN">개별</instance>
         <wf lemma="학습." pos="X">학습.</wf>
      </sentence>
      <sentence id="d000.s1285" source="wordnet-korean">
         <instance id="d000.s1285.t000" lemma="뺨" pos="NOUN">뺨</instance>
         <wf lemma="이" pos="X">이</wf>
         <wf lemma="좁은" pos="X">좁은</wf>
         <wf lemma="도끼." pos="X">도끼.</wf>
      </sentence>
      <sentence id="d000.s1286" source="wordnet-korean">
         <instance id="d000.s1286.t000" lemma="감각" pos="NOUN">감각</instance>
         <wf lemma="묘사." pos="X">묘사.</wf>
      </sentence>
      <sentence id="d000.s1287" source="wordnet-korean">
         <instance id="d000.s1287.t000" lemma="급속도" pos="NOUN">급속도</instance>
         <wf lemma="의" pos="X">의</wf>
         <wf lemma="진전." pos="X">진전.</wf>
      </sentence>
      <sentence id="d000.s1288" source="wordnet-korean">
         <wf lemma="지난" pos="X">지난</wf>
         <instance id="d000.s1288.t000" lemma="연간" pos="NOUN">연간</instance>
         <wf lemma="에는" pos="X">에는</wf>
         <wf lemma="우리에게도" pos="X">우리에게도</wf>
         <wf lemma="큰" pos="X">큰</wf>
         <wf lemma="변화가" pos="X">변화가</wf>
         <wf lemma="있었다." pos="X">있었다.</wf>
      </sentence>
      <sentence id="d000.s1289" source="wordnet-korean">
         <wf lemma="제" pos="X">제</wf>
         <wf lemma="5학년" pos="X">5학년</wf>
         <wf lemma="2반" pos="X">2반</wf>
         <wf lemma="3" pos="X">3</wf>
         <instance id="d000.s1289.t000" lemma="분단" pos="NOUN">분단</instance>
         <wf lemma="." pos="X">.</wf>
      </sentence>
      <sentence id="d000.s1290" source="wordnet-korean">
         <instance id="d000.s1290.t000" lemma="줄" pos="NOUN">줄</instance>
         <wf lemma="을" pos="X">을</wf>
         <wf lemma="긋다." pos="X">긋다.</wf>
      </sentence>
      <sentence id="d000.s1291" source="wordnet-korean">
         <instance id="d000.s1291.t000" lemma="판단" pos="NOUN">판단</instance>
         <wf lemma="을" pos="X">을</wf>
         <wf lemma="내리다." pos="X">내리다.</wf>
      </sentence>
      <sentence id="d000.s1292" source="wordnet-korean">
         <instance id="d000.s1292.t000" lemma="빨래" pos="NOUN">빨래</instance>
         <wf lemma="를" pos="X">를</wf>
         <wf lemma="널었다." pos="X">널었다.</wf>
      </sentence>
      <sentence id="d000.s1293" source="wordnet-korean">
         <wf lemma="대부분의" pos="X">대부분의</wf>
         <wf lemma="탱화나" pos="X">탱화나</wf>
         <wf lemma="성화에서는" pos="X">성화에서는</wf>
         <wf lemma="인물" pos="X">인물</wf>
         <wf lemma="뒤에" pos="X">뒤에</wf>
         <instance id="d000.s1293.t000" lemma="후광" pos="NOUN">후광</instance>
         <wf lemma="이" pos="X">이</wf>
         <wf lemma="빠지지" pos="X">빠지지</wf>
         <wf lemma="않는다." pos="X">않는다.</wf>
      </sentence>
      <sentence id="d000.s1294" source="wordnet-korean">
         <wf lemma="높은" pos="X">높은</wf>
         <instance id="d000.s1294.t000" lemma="산" pos="NOUN">산</instance>
         <wf lemma="넓은" pos="X">넓은</wf>
         <wf lemma="들." pos="X">들.</wf>
      </sentence>
      <sentence id="d000.s1295" source="wordnet-korean">
         <wf lemma="깊은" pos="X">깊은</wf>
         <instance id="d000.s1295.t000" lemma="관심" pos="NOUN">관심</instance>
         <wf lemma="." pos="X">.</wf>
      </sentence>
      <sentence id="d000.s1296" source="wordnet-korean">
         <instance id="d000.s1296.t000" lemma="공" pos="NOUN">공</instance>
         <wf lemma="을" pos="X">을</wf>
         <wf lemma="차다." pos="X">차다.</wf>
      </sentence>
      <sentence id="d000.s1297" source="wordnet-korean">
         <instance id="d000.s1297.t000" lemma="맨땅" pos="NOUN">맨땅</instance>
         <wf lemma="에" pos="X">에</wf>
         <wf lemma="심다." pos="X">심다.</wf>
      </sentence>
      <sentence id="d000.s1298" source="wordnet-korean">
         <instance id="d000.s1298.t000" lemma="녹" pos="NOUN">녹</instance>
         <wf lemma="이" pos="X">이</wf>
         <wf lemma="났다." pos="X">났다.</wf>
      </sentence>
      <sentence id="d000.s1299" source="wordnet-korean">
         <wf lemma="위신" pos="X">위신</wf>
         <instance id="d000.s1299.t000" lemma="실추" pos="NOUN">실추</instance>
         <wf lemma="." pos="X">.</wf>
      </sentence>
      <sentence id="d000.s1300" source="wordnet-korean">
         <wf lemma="적의" pos="X">적의</wf>
         <instance id="d000.s1300.t000" lemma="배후" pos="NOUN">배후</instance>
         <wf lemma="를" pos="X">를</wf>
         <wf lemma="공격," pos="X">공격,</wf>
         <wf lemma="차단한다." pos="X">차단한다.</wf>
      </sentence>
      <sentence id="d000.s1301" source="wordnet-korean">
         <wf lemma="절차" pos="X">절차</wf>
         <instance id="d000.s1301.t000" lemma="상" pos="NOUN">상</instance>
         <wf lemma="." pos="X">.</wf>
      </sentence>
      <sentence id="d000.s1302" source="wordnet-korean">
         <wf lemma="상관의" pos="X">상관의</wf>
         <instance id="d000.s1302.t000" lemma="명령" pos="NOUN">명령</instance>
         <wf lemma="에" pos="X">에</wf>
         <wf lemma="복종하여야" pos="X">복종하여야</wf>
         <wf lemma="한다." pos="X">한다.</wf>
      </sentence>
      <sentence id="d000.s1303" source="wordnet-korean">
         <wf lemma="이" pos="X">이</wf>
         <instance id="d000.s1303.t000" lemma="부분" pos="NOUN">부분</instance>
         <wf lemma="이" pos="X">이</wf>
         <wf lemma="가장" pos="X">가장</wf>
         <wf lemma="중요한" pos="X">중요한</wf>
         <wf lemma="대목입니다." pos="X">대목입니다.</wf>
      </sentence>
      <sentence id="d000.s1304" source="wordnet-korean">
         <wf lemma="실속은" pos="X">실속은</wf>
         <wf lemma="없으면서" pos="X">없으면서</wf>
         <instance id="d000.s1304.t000" lemma="겉치레" pos="NOUN">겉치레</instance>
         <wf lemma="만" pos="X">만</wf>
         <wf lemma="번지르르한" pos="X">번지르르한</wf>
         <wf lemma="집." pos="X">집.</wf>
      </sentence>
      <sentence id="d000.s1305" source="wordnet-korean">
         <instance id="d000.s1305.t000" lemma="기본" pos="NOUN">기본</instance>
         <wf lemma="형태." pos="X">형태.</wf>
      </sentence>
      <sentence id="d000.s1306" source="wordnet-korean">
         <wf lemma="국가의" pos="X">국가의</wf>
         <instance id="d000.s1306.t000" lemma="생명" pos="NOUN">생명</instance>
         <wf lemma="." pos="X">.</wf>
      </sentence>
      <sentence id="d000.s1307" source="wordnet-korean">
         <instance id="d000.s1307.t000" lemma="담" pos="NOUN">담</instance>
         <wf lemma="을" pos="X">을</wf>
         <wf lemma="높이" pos="X">높이</wf>
         <wf lemma="쌓다." pos="X">쌓다.</wf>
      </sentence>
      <sentence id="d000.s1308" source="wordnet-korean">
         <instance id="d000.s1308.t000" lemma="문제" pos="NOUN">문제</instance>
         <wf lemma="의" pos="X">의</wf>
         <wf lemma="사건." pos="X">사건.</wf>
      </sentence>
      <sentence id="d000.s1309" source="wordnet-korean">
         <instance id="d000.s1309.t000" lemma="약물" pos="NOUN">약물</instance>
         <wf lemma="소독." pos="X">소독.</wf>
      </sentence>
      <sentence id="d000.s1310" source="wordnet-korean">
         <wf lemma="놀라는" pos="X">놀라는</wf>
         <instance id="d000.s1310.t000" lemma="빛" pos="NOUN">빛</instance>
         <wf lemma="." pos="X">.</wf>
      </sentence>
      <sentence id="d000.s1311" source="wordnet-korean">
         <instance id="d000.s1311.t000" lemma="논쟁" pos="NOUN">논쟁</instance>
         <wf lemma="을" pos="X">을</wf>
         <wf lemma="막다." pos="X">막다.</wf>
      </sentence>
      <sentence id="d000.s1312" source="wordnet-korean">
         <instance id="d000.s1312.t000" lemma="동안" pos="NOUN">동안</instance>
         <wf lemma="이" pos="X">이</wf>
         <wf lemma="오래다." pos="X">오래다.</wf>
      </sentence>
      <sentence id="d000.s1313" source="wordnet-korean">
         <wf lemma="명령" pos="X">명령</wf>
         <instance id="d000.s1313.t000" lemma="복종" pos="NOUN">복종</instance>
         <wf lemma="." pos="X">.</wf>
      </sentence>
      <sentence id="d000.s1314" source="wordnet-korean">
         <wf lemma="오만" pos="X">오만</wf>
         <instance id="d000.s1314.t000" lemma="불손" pos="NOUN">불손</instance>
         <wf lemma="." pos="X">.</wf>
      </sentence>
      <sentence id="d000.s1315" source="wordnet-korean">
         <wf lemma="우리" pos="X">우리</wf>
         <instance id="d000.s1315.t000" lemma="선조" pos="NOUN">선조</instance>
         <wf lemma="가운데" pos="X">가운데</wf>
         <wf lemma="정승을" pos="X">정승을</wf>
         <wf lemma="지낸" pos="X">지낸</wf>
         <wf lemma="이가" pos="X">이가</wf>
         <wf lemma="여러" pos="X">여러</wf>
         <wf lemma="분" pos="X">분</wf>
         <wf lemma="있었다." pos="X">있었다.</wf>
      </sentence>
      <sentence id="d000.s1316" source="wordnet-korean">
         <wf lemma="여러" pos="X">여러</wf>
         <instance id="d000.s1316.t000" lemma="군데" pos="NOUN">군데</instance>
         <wf lemma="." pos="X">.</wf>
      </sentence>
      <sentence id="d000.s1317" source="wordnet-korean">
         <instance id="d000.s1317.t000" lemma="육안" pos="NOUN">육안</instance>
         <wf lemma="으로는" pos="X">으로는</wf>
         <wf lemma="볼" pos="X">볼</wf>
         <wf lemma="수" pos="X">수</wf>
         <wf lemma="없는" pos="X">없는</wf>
         <wf lemma="별." pos="X">별.</wf>
      </sentence>
      <sentence id="d000.s1318" source="wordnet-korean">
         <wf lemma="현미경" pos="X">현미경</wf>
         <instance id="d000.s1318.t000" lemma="렌즈" pos="NOUN">렌즈</instance>
         <wf lemma="." pos="X">.</wf>
      </sentence>
      <sentence id="d000.s1319" source="wordnet-korean">
         <instance id="d000.s1319.t000" lemma="가족" pos="NOUN">가족</instance>
         <wf lemma="이" pos="X">이</wf>
         <wf lemma="단출하다." pos="X">단출하다.</wf>
      </sentence>
      <sentence id="d000.s1320" source="wordnet-korean">
         <wf lemma="계획" pos="X">계획</wf>
         <instance id="d000.s1320.t000" lemma="속" pos="NOUN">속</instance>
         <wf lemma="에." pos="X">에.</wf>
      </sentence>
      <sentence id="d000.s1321" source="wordnet-korean">
         <instance id="d000.s1321.t000" lemma="신용" pos="NOUN">신용</instance>
         <wf lemma="이" pos="X">이</wf>
         <wf lemma="있다." pos="X">있다.</wf>
      </sentence>
      <sentence id="d000.s1322" source="wordnet-korean">
         <instance id="d000.s1322.t000" lemma="복선" pos="NOUN">복선</instance>
         <wf lemma="을" pos="X">을</wf>
         <wf lemma="친다." pos="X">친다.</wf>
      </sentence>
      <sentence id="d000.s1323" source="wordnet-korean">
         <wf lemma="야," pos="X">야,</wf>
         <wf lemma="이" pos="X">이</wf>
         <instance id="d000.s1323.t000" lemma="곰" pos="NOUN">곰</instance>
         <wf lemma="아," pos="X">아,</wf>
         <wf lemma="이런" pos="X">이런</wf>
         <wf lemma="것도" pos="X">것도</wf>
         <wf lemma="모르겠니?." pos="X">모르겠니?.</wf>
      </sentence>
      <sentence id="d000.s1324" source="wordnet-korean">
         <instance id="d000.s1324.t000" lemma="경악" pos="NOUN">경악</instance>
         <wf lemma="을" pos="X">을</wf>
         <wf lemma="금하지" pos="X">금하지</wf>
         <wf lemma="못하다." pos="X">못하다.</wf>
      </sentence>
      <sentence id="d000.s1325" source="wordnet-korean">
         <wf lemma="아무도" pos="X">아무도</wf>
         <instance id="d000.s1325.t000" lemma="망나니" pos="NOUN">망나니</instance>
         <wf lemma="같은" pos="X">같은</wf>
         <wf lemma="그를" pos="X">그를</wf>
         <wf lemma="거들떠보려" pos="X">거들떠보려</wf>
         <wf lemma="하지" pos="X">하지</wf>
         <wf lemma="않았다." pos="X">않았다.</wf>
      </sentence>
      <sentence id="d000.s1326" source="wordnet-korean">
         <instance id="d000.s1326.t000" lemma="식" pos="NOUN">식</instance>
         <wf lemma="을" pos="X">을</wf>
         <wf lemma="거행하다." pos="X">거행하다.</wf>
      </sentence>
      <sentence id="d000.s1327" source="wordnet-korean">
         <instance id="d000.s1327.t000" lemma="처음" pos="NOUN">처음</instance>
         <wf lemma="이" pos="X">이</wf>
         <wf lemma="좋아야" pos="X">좋아야</wf>
         <wf lemma="나중도" pos="X">나중도</wf>
         <wf lemma="좋지." pos="X">좋지.</wf>
      </sentence>
      <sentence id="d000.s1328" source="wordnet-korean">
         <wf lemma="이" pos="X">이</wf>
         <wf lemma="집은" pos="X">집은</wf>
         <wf lemma="네" pos="X">네</wf>
         <instance id="d000.s1328.t000" lemma="차지" pos="VERB">차지</instance>
         <wf lemma="다." pos="X">다.</wf>
      </sentence>
      <sentence id="d000.s1329" source="wordnet-korean">
         <instance id="d000.s1329.t000" lemma="냄새" pos="NOUN">냄새</instance>
         <wf lemma="가" pos="X">가</wf>
         <wf lemma="역하다." pos="X">역하다.</wf>
      </sentence>
      <sentence id="d000.s1330" source="wordnet-korean">
         <wf lemma="이" pos="X">이</wf>
         <wf lemma="환자는" pos="X">환자는</wf>
         <instance id="d000.s1330.t000" lemma="안정" pos="NOUN">안정</instance>
         <wf lemma="을" pos="X">을</wf>
         <wf lemma="요합니다." pos="X">요합니다.</wf>
      </sentence>
      <sentence id="d000.s1331" source="wordnet-korean">
         <instance id="d000.s1331.t000" lemma="신분" pos="NOUN">신분</instance>
         <wf lemma="에" pos="X">에</wf>
         <wf lemma="어울리지" pos="X">어울리지</wf>
         <wf lemma="아니하게" pos="X">아니하게</wf>
         <wf lemma="옷차림이" pos="X">옷차림이</wf>
         <wf lemma="화려하다." pos="X">화려하다.</wf>
      </sentence>
      <sentence id="d000.s1332" source="wordnet-korean">
         <wf lemma="참으로" pos="X">참으로</wf>
         <wf lemma="기막힌" pos="X">기막힌</wf>
         <instance id="d000.s1332.t000" lemma="사연" pos="NOUN">사연</instance>
         <wf lemma="이" pos="X">이</wf>
         <wf lemma="있답니다." pos="X">있답니다.</wf>
      </sentence>
      <sentence id="d000.s1333" source="wordnet-korean">
         <instance id="d000.s1333.t000" lemma="시세" pos="NOUN">시세</instance>
         <wf lemma="가" pos="X">가</wf>
         <wf lemma="높다." pos="X">높다.</wf>
      </sentence>
      <sentence id="d000.s1334" source="wordnet-korean">
         <instance id="d000.s1334.t000" lemma="사진" pos="NOUN">사진</instance>
         <wf lemma="을" pos="X">을</wf>
         <wf lemma="찍다." pos="X">찍다.</wf>
      </sentence>
      <sentence id="d000.s1335" source="wordnet-korean">
         <wf lemma="집을" pos="X">집을</wf>
         <wf lemma="짓기" pos="X">짓기</wf>
         <wf lemma="전에" pos="X">전에</wf>
         <instance id="d000.s1335.t000" lemma="밑" pos="NOUN">밑</instance>
         <wf lemma="을" pos="X">을</wf>
         <wf lemma="단단히" pos="X">단단히</wf>
         <wf lemma="다지다." pos="X">다지다.</wf>
      </sentence>
      <sentence id="d000.s1336" source="wordnet-korean">
         <instance id="d000.s1336.t000" lemma="해산" pos="NOUN">해산</instance>
         <wf lemma="을" pos="X">을</wf>
         <wf lemma="앞둔" pos="X">앞둔</wf>
         <wf lemma="부인." pos="X">부인.</wf>
      </sentence>
      <sentence id="d000.s1337" source="wordnet-korean">
         <instance id="d000.s1337.t000" lemma="분부" pos="NOUN">분부</instance>
         <wf lemma="가" pos="X">가</wf>
         <wf lemma="계셨다." pos="X">계셨다.</wf>
      </sentence>
      <sentence id="d000.s1338" source="wordnet-korean">
         <instance id="d000.s1338.t000" lemma="경멸" pos="NOUN">경멸</instance>
         <wf lemma="과" pos="X">과</wf>
         <wf lemma="모욕을" pos="X">모욕을</wf>
         <wf lemma="당하고" pos="X">당하고</wf>
         <wf lemma="어찌" pos="X">어찌</wf>
         <wf lemma="참고" pos="X">참고</wf>
         <wf lemma="배기겠는가?." pos="X">배기겠는가?.</wf>
      </sentence>
      <sentence id="d000.s1339" source="wordnet-korean">
         <instance id="d000.s1339.t000" lemma="세기" pos="NOUN">세기</instance>
         <wf lemma="의" pos="X">의</wf>
         <wf lemma="대사건이었다." pos="X">대사건이었다.</wf>
      </sentence>
      <sentence id="d000.s1340" source="wordnet-korean">
         <wf lemma="좁고" pos="X">좁고</wf>
         <wf lemma="험한" pos="X">험한</wf>
         <instance id="d000.s1340.t000" lemma="고개" pos="NOUN">고개</instance>
         <wf lemma="의" pos="X">의</wf>
         <wf lemma="길." pos="X">길.</wf>
      </sentence>
      <sentence id="d000.s1341" source="wordnet-korean">
         <instance id="d000.s1341.t000" lemma="깃발" pos="NOUN">깃발</instance>
         <wf lemma="이" pos="X">이</wf>
         <wf lemma="나부끼다." pos="X">나부끼다.</wf>
      </sentence>
      <sentence id="d000.s1342" source="wordnet-korean">
         <instance id="d000.s1342.t000" lemma="공격" pos="NOUN">공격</instance>
         <wf lemma="명령." pos="X">명령.</wf>
      </sentence>
      <sentence id="d000.s1343" source="wordnet-korean">
         <wf lemma="자네한테도" pos="X">자네한테도</wf>
         <instance id="d000.s1343.t000" lemma="차례" pos="NOUN">차례</instance>
         <wf lemma="가" pos="X">가</wf>
         <wf lemma="갈" pos="X">갈</wf>
         <wf lemma="걸세." pos="X">걸세.</wf>
      </sentence>
      <sentence id="d000.s1344" source="wordnet-korean">
         <wf lemma="시의" pos="X">시의</wf>
         <instance id="d000.s1344.t000" lemma="해석" pos="NOUN">해석</instance>
         <wf lemma="." pos="X">.</wf>
      </sentence>
      <sentence id="d000.s1345" source="wordnet-korean">
         <wf lemma="푸른" pos="X">푸른</wf>
         <instance id="d000.s1345.t000" lemma="하늘" pos="NOUN">하늘</instance>
         <wf lemma="." pos="X">.</wf>
      </sentence>
      <sentence id="d000.s1346" source="wordnet-korean">
         <instance id="d000.s1346.t000" lemma="권투" pos="NOUN">권투</instance>
         <wf lemma="경기." pos="X">경기.</wf>
      </sentence>
      <sentence id="d000.s1347" source="wordnet-korean">
         <wf lemma="경제" pos="X">경제</wf>
         <instance id="d000.s1347.t000" lemma="관계" pos="NOUN">관계</instance>
         <wf lemma="." pos="X">.</wf>
      </sentence>
      <sentence id="d000.s1348" source="wordnet-korean">
         <instance id="d000.s1348.t000" lemma="상대" pos="NOUN">상대</instance>
         <wf lemma="가치." pos="X">가치.</wf>
      </sentence>
      <sentence id="d000.s1349" source="wordnet-korean">
         <instance id="d000.s1349.t000" lemma="비" pos="NOUN">비</instance>
         <wf lemma="를" pos="X">를</wf>
         <wf lemma="맞는다." pos="X">맞는다.</wf>
      </sentence>
      <sentence id="d000.s1350" source="wordnet-korean">
         <instance id="d000.s1350.t000" lemma="도량" pos="NOUN">도량</instance>
         <wf lemma="이" pos="X">이</wf>
         <wf lemma="넓다." pos="X">넓다.</wf>
      </sentence>
      <sentence id="d000.s1351" source="wordnet-korean">
         <instance id="d000.s1351.t000" lemma="불충분" pos="NOUN">불충분</instance>
         <wf lemma="상태." pos="X">상태.</wf>
      </sentence>
      <sentence id="d000.s1352" source="wordnet-korean">
         <instance id="d000.s1352.t000" lemma="때" pos="NOUN">때</instance>
         <wf lemma="는" pos="X">는</wf>
         <wf lemma="바야흐로" pos="X">바야흐로</wf>
         <wf lemma="봄이다." pos="X">봄이다.</wf>
      </sentence>
      <sentence id="d000.s1353" source="wordnet-korean">
         <instance id="d000.s1353.t000" lemma="공정성" pos="NOUN">공정성</instance>
         <wf lemma="을" pos="X">을</wf>
         <wf lemma="잃은" pos="X">잃은</wf>
         <wf lemma="오판." pos="X">오판.</wf>
      </sentence>
      <sentence id="d000.s1354" source="wordnet-korean">
         <instance id="d000.s1354.t000" lemma="수염" pos="NOUN">수염</instance>
         <wf lemma="이" pos="X">이</wf>
         <wf lemma="길다." pos="X">길다.</wf>
      </sentence>
      <sentence id="d000.s1355" source="wordnet-korean">
         <instance id="d000.s1355.t000" lemma="균형" pos="NOUN">균형</instance>
         <wf lemma="을" pos="X">을</wf>
         <wf lemma="잃다." pos="X">잃다.</wf>
      </sentence>
      <sentence id="d000.s1356" source="wordnet-korean">
         <instance id="d000.s1356.t000" lemma="요령" pos="NOUN">요령</instance>
         <wf lemma="만" pos="X">만</wf>
         <wf lemma="간단히" pos="X">간단히</wf>
         <wf lemma="적어라." pos="X">적어라.</wf>
      </sentence>
      <sentence id="d000.s1357" source="wordnet-korean">
         <instance id="d000.s1357.t000" lemma="등" pos="NOUN">등</instance>
         <wf lemma="을" pos="X">을</wf>
         <wf lemma="켠다." pos="X">켠다.</wf>
      </sentence>
      <sentence id="d000.s1358" source="wordnet-korean">
         <wf lemma="이러한" pos="X">이러한</wf>
         <wf lemma="소리가" pos="X">소리가</wf>
         <instance id="d000.s1358.t000" lemma="오늘날" pos="NOUN">오늘날</instance>
         <wf lemma="반드시" pos="X">반드시</wf>
         <wf lemma="나올" pos="X">나올</wf>
         <wf lemma="줄" pos="X">줄</wf>
         <wf lemma="알았네." pos="X">알았네.</wf>
      </sentence>
      <sentence id="d000.s1359" source="wordnet-korean">
         <instance id="d000.s1359.t000" lemma="다리" pos="NOUN">다리</instance>
         <wf lemma="가" pos="X">가</wf>
         <wf lemma="끊기다." pos="X">끊기다.</wf>
      </sentence>
      <sentence id="d000.s1360" source="wordnet-korean">
         <wf lemma="한" pos="X">한</wf>
         <wf lemma="몸의" pos="X">몸의</wf>
         <instance id="d000.s1360.t000" lemma="허욕" pos="NOUN">허욕</instance>
         <wf lemma="과" pos="X">과</wf>
         <wf lemma="명리를" pos="X">명리를</wf>
         <wf lemma="위하다." pos="X">위하다.</wf>
      </sentence>
      <sentence id="d000.s1361" source="wordnet-korean">
         <wf lemma="가열" pos="X">가열</wf>
         <instance id="d000.s1361.t000" lemma="농축" pos="NOUN">농축</instance>
         <wf lemma="." pos="X">.</wf>
      </sentence>
      <sentence id="d000.s1362" source="wordnet-korean">
         <wf lemma="왜" pos="X">왜</wf>
         <wf lemma="그런가" pos="X">그런가</wf>
         <instance id="d000.s1362.t000" lemma="까닭" pos="NOUN">까닭</instance>
         <wf lemma="이나" pos="X">이나</wf>
         <wf lemma="압시다." pos="X">압시다.</wf>
      </sentence>
      <sentence id="d000.s1363" source="wordnet-korean">
         <wf lemma="3" pos="X">3</wf>
         <instance id="d000.s1363.t000" lemma="막" pos="NOUN">막</instance>
         <wf lemma="5장." pos="X">5장.</wf>
      </sentence>
      <sentence id="d000.s1364" source="wordnet-korean">
         <wf lemma="결론에서는" pos="X">결론에서는</wf>
         <wf lemma="논의의" pos="X">논의의</wf>
         <wf lemma="결과에" pos="X">결과에</wf>
         <wf lemma="대한" pos="X">대한</wf>
         <instance id="d000.s1364.t000" lemma="요지" pos="NOUN">요지</instance>
         <wf lemma="를" pos="X">를</wf>
         <wf lemma="간결하게" pos="X">간결하게</wf>
         <wf lemma="서술한다." pos="X">서술한다.</wf>
      </sentence>
      <sentence id="d000.s1365" source="wordnet-korean">
         <instance id="d000.s1365.t000" lemma="시가" pos="NOUN">시가</instance>
         <wf lemma="가" pos="X">가</wf>
         <wf lemma="떨어지다." pos="X">떨어지다.</wf>
      </sentence>
      <sentence id="d000.s1366" source="wordnet-korean">
         <instance id="d000.s1366.t000" lemma="씨족" pos="NOUN">씨족</instance>
         <wf lemma="은" pos="X">은</wf>
         <wf lemma="각각" pos="X">각각</wf>
         <wf lemma="성과" pos="X">성과</wf>
         <wf lemma="본을" pos="X">본을</wf>
         <wf lemma="가지고" pos="X">가지고</wf>
         <wf lemma="있다." pos="X">있다.</wf>
      </sentence>
      <sentence id="d000.s1367" source="wordnet-korean">
         <instance id="d000.s1367.t000" lemma="실수" pos="NOUN">실수</instance>
         <wf lemma="를" pos="X">를</wf>
         <wf lemma="저지르다." pos="X">저지르다.</wf>
      </sentence>
      <sentence id="d000.s1368" source="wordnet-korean">
         <instance id="d000.s1368.t000" lemma="빈곤" pos="NOUN">빈곤</instance>
         <wf lemma="을" pos="X">을</wf>
         <wf lemma="이겨" pos="X">이겨</wf>
         <wf lemma="내다." pos="X">내다.</wf>
      </sentence>
      <sentence id="d000.s1369" source="wordnet-korean">
         <instance id="d000.s1369.t000" lemma="뒤꿈치" pos="NOUN">뒤꿈치</instance>
         <wf lemma="가" pos="X">가</wf>
         <wf lemma="찢어진" pos="X">찢어진</wf>
         <wf lemma="고무신." pos="X">고무신.</wf>
      </sentence>
      <sentence id="d000.s1370" source="wordnet-korean">
         <instance id="d000.s1370.t000" lemma="조금" pos="NOUN">조금</instance>
         <wf lemma="멀다." pos="X">멀다.</wf>
      </sentence>
      <sentence id="d000.s1371" source="wordnet-korean">
         <wf lemma="의원" pos="X">의원</wf>
         <instance id="d000.s1371.t000" lemma="면직" pos="NOUN">면직</instance>
         <wf lemma="." pos="X">.</wf>
      </sentence>
      <sentence id="d000.s1372" source="wordnet-korean">
         <wf lemma="교통" pos="X">교통</wf>
         <instance id="d000.s1372.t000" lemma="단속" pos="NOUN">단속</instance>
         <wf lemma="이" pos="X">이</wf>
         <wf lemma="심하다." pos="X">심하다.</wf>
      </sentence>
      <sentence id="d000.s1373" source="wordnet-korean">
         <instance id="d000.s1373.t000" lemma="길" pos="NOUN">길</instance>
         <wf lemma="이" pos="X">이</wf>
         <wf lemma="넓다." pos="X">넓다.</wf>
      </sentence>
      <sentence id="d000.s1374" source="wordnet-korean">
         <wf lemma="제방" pos="X">제방</wf>
         <instance id="d000.s1374.t000" lemma="개수" pos="NOUN">개수</instance>
         <wf lemma="공사." pos="X">공사.</wf>
      </sentence>
      <sentence id="d000.s1375" source="wordnet-korean">
         <wf lemma="대조영의" pos="X">대조영의</wf>
         <wf lemma="위세는" pos="X">위세는</wf>
         <wf lemma="마침내" pos="X">마침내</wf>
         <wf lemma="고구려의" pos="X">고구려의</wf>
         <instance id="d000.s1375.t000" lemma="구역" pos="NOUN">구역</instance>
         <wf lemma="에" pos="X">에</wf>
         <wf lemma="떨치게" pos="X">떨치게</wf>
         <wf lemma="되었다." pos="X">되었다.</wf>
      </sentence>
      <sentence id="d000.s1376" source="wordnet-korean">
         <instance id="d000.s1376.t000" lemma="산책" pos="NOUN">산책</instance>
         <wf lemma="을" pos="X">을</wf>
         <wf lemma="나서다." pos="X">나서다.</wf>
      </sentence>
      <sentence id="d000.s1377" source="wordnet-korean">
         <instance id="d000.s1377.t000" lemma="거처" pos="NOUN">거처</instance>
         <wf lemma="를" pos="X">를</wf>
         <wf lemma="분명히" pos="X">분명히</wf>
         <wf lemma="정하고" pos="X">정하고</wf>
         <wf lemma="떠나자." pos="X">떠나자.</wf>
      </sentence>
      <sentence id="d000.s1378" source="wordnet-korean">
         <wf lemma="나라의" pos="X">나라의</wf>
         <instance id="d000.s1378.t000" lemma="융성" pos="NOUN">융성</instance>
         <wf lemma="없이" pos="X">없이</wf>
         <wf lemma="개인의" pos="X">개인의</wf>
         <wf lemma="행복을" pos="X">행복을</wf>
         <wf lemma="기대한다는" pos="X">기대한다는</wf>
         <wf lemma="것은" pos="X">것은</wf>
         <wf lemma="연목구어와" pos="X">연목구어와</wf>
         <wf lemma="같은" pos="X">같은</wf>
         <wf lemma="것이다." pos="X">것이다.</wf>
      </sentence>
      <sentence id="d000.s1379" source="wordnet-korean">
         <instance id="d000.s1379.t000" lemma="회관" pos="NOUN">회관</instance>
         <wf lemma="을" pos="X">을</wf>
         <wf lemma="세우다." pos="X">세우다.</wf>
      </sentence>
      <sentence id="d000.s1380" source="wordnet-korean">
         <wf lemma="그" pos="X">그</wf>
         <wf lemma="아낙은" pos="X">아낙은</wf>
         <wf lemma="신세" pos="X">신세</wf>
         <instance id="d000.s1380.t000" lemma="한탄" pos="NOUN">한탄</instance>
         <wf lemma="을" pos="X">을</wf>
         <wf lemma="하면서" pos="X">하면서</wf>
         <wf lemma="슬피" pos="X">슬피</wf>
         <wf lemma="울었다." pos="X">울었다.</wf>
      </sentence>
      <sentence id="d000.s1381" source="wordnet-korean">
         <wf lemma="바이올린의" pos="X">바이올린의</wf>
         <instance id="d000.s1381.t000" lemma="명수" pos="NOUN">명수</instance>
         <wf lemma="." pos="X">.</wf>
      </sentence>
      <sentence id="d000.s1382" source="wordnet-korean">
         <instance id="d000.s1382.t000" lemma="기색" pos="NOUN">기색</instance>
         <wf lemma="이" pos="X">이</wf>
         <wf lemma="좋지" pos="X">좋지</wf>
         <wf lemma="못하다." pos="X">못하다.</wf>
      </sentence>
      <sentence id="d000.s1383" source="wordnet-korean">
         <wf lemma="본안" pos="X">본안</wf>
         <instance id="d000.s1383.t000" lemma="신청" pos="NOUN">신청</instance>
         <wf lemma="." pos="X">.</wf>
      </sentence>
      <sentence id="d000.s1384" source="wordnet-korean">
         <wf lemma="읍내" pos="X">읍내</wf>
         <instance id="d000.s1384.t000" lemma="사람" pos="NOUN">사람</instance>
         <wf lemma="." pos="X">.</wf>
      </sentence>
      <sentence id="d000.s1385" source="wordnet-korean">
         <wf lemma="저" pos="X">저</wf>
         <wf lemma="혼자만" pos="X">혼자만</wf>
         <wf lemma="잘" pos="X">잘</wf>
         <wf lemma="살면" pos="X">살면</wf>
         <wf lemma="그만이라는" pos="X">그만이라는</wf>
         <instance id="d000.s1385.t000" lemma="배짱" pos="NOUN">배짱</instance>
         <wf lemma="을" pos="X">을</wf>
         <wf lemma="가진" pos="X">가진</wf>
         <wf lemma="사람들이" pos="X">사람들이</wf>
         <wf lemma="사회의" pos="X">사회의</wf>
         <wf lemma="암이다." pos="X">암이다.</wf>
      </sentence>
      <sentence id="d000.s1386" source="wordnet-korean">
         <instance id="d000.s1386.t000" lemma="악천후" pos="NOUN">악천후</instance>
         <wf lemma="를" pos="X">를</wf>
         <wf lemma="무릅쓰고" pos="X">무릅쓰고</wf>
         <wf lemma="항해를" pos="X">항해를</wf>
         <wf lemma="계속하였다." pos="X">계속하였다.</wf>
      </sentence>
      <sentence id="d000.s1387" source="wordnet-korean">
         <wf lemma="동물의" pos="X">동물의</wf>
         <instance id="d000.s1387.t000" lemma="세계" pos="NOUN">세계</instance>
         <wf lemma="." pos="X">.</wf>
      </sentence>
      <sentence id="d000.s1388" source="wordnet-korean">
         <wf lemma="이" pos="X">이</wf>
         <wf lemma="넓은" pos="X">넓은</wf>
         <wf lemma="들이" pos="X">들이</wf>
         <wf lemma="모두" pos="X">모두</wf>
         <wf lemma="최" pos="X">최</wf>
         <wf lemma="부자의" pos="X">부자의</wf>
         <instance id="d000.s1388.t000" lemma="땅" pos="NOUN">땅</instance>
         <wf lemma="이다." pos="X">이다.</wf>
      </sentence>
      <sentence id="d000.s1389" source="wordnet-korean">
         <wf lemma="쾌와" pos="X">쾌와</wf>
         <instance id="d000.s1389.t000" lemma="불쾌" pos="NOUN">불쾌</instance>
         <wf lemma="." pos="X">.</wf>
      </sentence>
      <sentence id="d000.s1390" source="wordnet-korean">
         <instance id="d000.s1390.t000" lemma="면직" pos="NOUN">면직</instance>
         <wf lemma="을" pos="X">을</wf>
         <wf lemma="당하다." pos="X">당하다.</wf>
      </sentence>
      <sentence id="d000.s1391" source="wordnet-korean">
         <instance id="d000.s1391.t000" lemma="낮" pos="NOUN">낮</instance>
         <wf lemma="에" pos="X">에</wf>
         <wf lemma="나온" pos="X">나온</wf>
         <wf lemma="하얀" pos="X">하얀</wf>
         <wf lemma="반달." pos="X">반달.</wf>
      </sentence>
      <sentence id="d000.s1392" source="wordnet-korean">
         <instance id="d000.s1392.t000" lemma="날씨" pos="NOUN">날씨</instance>
         <wf lemma="가" pos="X">가</wf>
         <wf lemma="고르다." pos="X">고르다.</wf>
      </sentence>
      <sentence id="d000.s1393" source="wordnet-korean">
         <wf lemma="행정" pos="X">행정</wf>
         <instance id="d000.s1393.t000" lemma="처분" pos="NOUN">처분</instance>
         <wf lemma="." pos="X">.</wf>
      </sentence>
      <sentence id="d000.s1394" source="wordnet-korean">
         <wf lemma="전쟁과" pos="X">전쟁과</wf>
         <instance id="d000.s1394.t000" lemma="평화" pos="NOUN">평화</instance>
         <wf lemma="." pos="X">.</wf>
      </sentence>
      <sentence id="d000.s1395" source="wordnet-korean">
         <instance id="d000.s1395.t000" lemma="일" pos="NOUN">일</instance>
         <wf lemma="이" pos="X">이</wf>
         <wf lemma="많다." pos="X">많다.</wf>
      </sentence>
      <sentence id="d000.s1396" source="wordnet-korean">
         <instance id="d000.s1396.t000" lemma="술" pos="NOUN">술</instance>
         <wf lemma="을" pos="X">을</wf>
         <wf lemma="쓰다." pos="X">쓰다.</wf>
      </sentence>
      <sentence id="d000.s1397" source="wordnet-korean">
         <instance id="d000.s1397.t000" lemma="군침" pos="NOUN">군침</instance>
         <wf lemma="이" pos="X">이</wf>
         <wf lemma="돌다." pos="X">돌다.</wf>
      </sentence>
      <sentence id="d000.s1398" source="wordnet-korean">
         <instance id="d000.s1398.t000" lemma="눈물" pos="NOUN">눈물</instance>
         <wf lemma="이" pos="X">이</wf>
         <wf lemma="난다." pos="X">난다.</wf>
      </sentence>
      <sentence id="d000.s1399" source="wordnet-korean">
         <instance id="d000.s1399.t000" lemma="그물" pos="NOUN">그물</instance>
         <wf lemma="로" pos="X">로</wf>
         <wf lemma="고기를" pos="X">고기를</wf>
         <wf lemma="잡다." pos="X">잡다.</wf>
      </sentence>
      <sentence id="d000.s1400" source="wordnet-korean">
         <instance id="d000.s1400.t000" lemma="눈치" pos="NOUN">눈치</instance>
         <wf lemma="가" pos="X">가</wf>
         <wf lemma="빠르다." pos="X">빠르다.</wf>
      </sentence>
      <sentence id="d000.s1401" source="wordnet-korean">
         <wf lemma="그" pos="X">그</wf>
         <wf lemma="뒤의" pos="X">뒤의</wf>
         <wf lemma="될" pos="X">될</wf>
         <wf lemma="일은" pos="X">일은</wf>
         <wf lemma="독자의" pos="X">독자의</wf>
         <instance id="d000.s1401.t000" lemma="생각" pos="NOUN">생각</instance>
         <wf lemma="에" pos="X">에</wf>
         <wf lemma="맡긴다." pos="X">맡긴다.</wf>
      </sentence>
      <sentence id="d000.s1402" source="wordnet-korean">
         <instance id="d000.s1402.t000" lemma="신" pos="NOUN">신</instance>
         <wf lemma="을" pos="X">을</wf>
         <wf lemma="벗다." pos="X">벗다.</wf>
      </sentence>
      <sentence id="d000.s1403" source="wordnet-korean">
         <instance id="d000.s1403.t000" lemma="보관" pos="NOUN">보관</instance>
         <wf lemma="물품." pos="X">물품.</wf>
      </sentence>
      <sentence id="d000.s1404" source="wordnet-korean">
         <instance id="d000.s1404.t000" lemma="힘줄" pos="NOUN">힘줄</instance>
         <wf lemma="이" pos="X">이</wf>
         <wf lemma="늘어나다." pos="X">늘어나다.</wf>
      </sentence>
      <sentence id="d000.s1405" source="wordnet-korean">
         <instance id="d000.s1405.t000" lemma="말" pos="NOUN">말</instance>
         <wf lemma="을" pos="X">을</wf>
         <wf lemma="더듬다." pos="X">더듬다.</wf>
      </sentence>
      <sentence id="d000.s1406" source="wordnet-korean">
         <wf lemma="목제" pos="X">목제</wf>
         <instance id="d000.s1406.t000" lemma="가구" pos="NOUN">가구</instance>
         <wf lemma="." pos="X">.</wf>
      </sentence>
      <sentence id="d000.s1407" source="wordnet-korean">
         <wf lemma="이" pos="X">이</wf>
         <wf lemma="일은" pos="X">일은</wf>
         <wf lemma="그" pos="X">그</wf>
         <wf lemma="사건과" pos="X">사건과</wf>
         <instance id="d000.s1407.t000" lemma="별개" pos="NOUN">별개</instance>
         <wf lemma="의" pos="X">의</wf>
         <wf lemma="일이다." pos="X">일이다.</wf>
      </sentence>
      <sentence id="d000.s1408" source="wordnet-korean">
         <instance id="d000.s1408.t000" lemma="인상" pos="NOUN">인상</instance>
         <wf lemma="에" pos="X">에</wf>
         <wf lemma="남다." pos="X">남다.</wf>
      </sentence>
      <sentence id="d000.s1409" source="wordnet-korean">
         <instance id="d000.s1409.t000" lemma="마무리" pos="NOUN">마무리</instance>
         <wf lemma="를" pos="X">를</wf>
         <wf lemma="잘" pos="X">잘</wf>
         <wf lemma="하다." pos="X">하다.</wf>
      </sentence>
      <sentence id="d000.s1410" source="wordnet-korean">
         <instance id="d000.s1410.t000" lemma="거리" pos="NOUN">거리</instance>
         <wf lemma="가" pos="X">가</wf>
         <wf lemma="깨끗하다." pos="X">깨끗하다.</wf>
      </sentence>
      <sentence id="d000.s1411" source="wordnet-korean">
         <wf lemma="은은한" pos="X">은은한</wf>
         <instance id="d000.s1411.t000" lemma="향기" pos="NOUN">향기</instance>
         <wf lemma="." pos="X">.</wf>
      </sentence>
      <sentence id="d000.s1412" source="wordnet-korean">
         <wf lemma="출석" pos="X">출석</wf>
         <instance id="d000.s1412.t000" lemma="정지" pos="NOUN">정지</instance>
         <wf lemma="." pos="X">.</wf>
      </sentence>
      <sentence id="d000.s1413" source="wordnet-korean">
         <wf lemma="큰" pos="X">큰</wf>
         <wf lemma="몸집과는" pos="X">몸집과는</wf>
         <instance id="d000.s1413.t000" lemma="반비례" pos="NOUN">반비례</instance>
         <wf lemma="로" pos="X">로</wf>
         <wf lemma="힘이" pos="X">힘이</wf>
         <wf lemma="약하다." pos="X">약하다.</wf>
      </sentence>
      <sentence id="d000.s1414" source="wordnet-korean">
         <instance id="d000.s1414.t000" lemma="이야기" pos="NOUN">이야기</instance>
         <wf lemma="가" pos="X">가</wf>
         <wf lemma="오고" pos="X">오고</wf>
         <wf lemma="가다." pos="X">가다.</wf>
      </sentence>
      <sentence id="d000.s1415" source="wordnet-korean">
         <instance id="d000.s1415.t000" lemma="불의" pos="NOUN">불의</instance>
         <wf lemma="를" pos="X">를</wf>
         <wf lemma="없애자." pos="X">없애자.</wf>
      </sentence>
      <sentence id="d000.s1416" source="wordnet-korean">
         <wf lemma="지금" pos="X">지금</wf>
         <wf lemma="듣는" pos="X">듣는</wf>
         <wf lemma="대안의" pos="X">대안의</wf>
         <wf lemma="염불" pos="X">염불</wf>
         <wf lemma="한" pos="X">한</wf>
         <wf lemma="마디가" pos="X">마디가</wf>
         <wf lemma="얼마나" pos="X">얼마나</wf>
         <wf lemma="더" pos="X">더</wf>
         <instance id="d000.s1416.t000" lemma="이익" pos="NOUN">이익</instance>
         <wf lemma="이" pos="X">이</wf>
         <wf lemma="컸을까." pos="X">컸을까.</wf>
      </sentence>
      <sentence id="d000.s1417" source="wordnet-korean">
         <instance id="d000.s1417.t000" lemma="도장" pos="NOUN">도장</instance>
         <wf lemma="을" pos="X">을</wf>
         <wf lemma="찍다." pos="X">찍다.</wf>
      </sentence>
      <sentence id="d000.s1418" source="wordnet-korean">
         <wf lemma="경인" pos="X">경인</wf>
         <instance id="d000.s1418.t000" lemma="고속도로" pos="NOUN">고속도로</instance>
         <wf lemma="." pos="X">.</wf>
      </sentence>
      <sentence id="d000.s1419" source="wordnet-korean">
         <wf lemma="여관" pos="X">여관</wf>
         <instance id="d000.s1419.t000" lemma="마담" pos="NOUN">마담</instance>
         <wf lemma="." pos="X">.</wf>
      </sentence>
      <sentence id="d000.s1420" source="wordnet-korean">
         <instance id="d000.s1420.t000" lemma="대화" pos="NOUN">대화</instance>
         <wf lemma="가" pos="X">가</wf>
         <wf lemma="끊어지다." pos="X">끊어지다.</wf>
      </sentence>
      <sentence id="d000.s1421" source="wordnet-korean">
         <wf lemma="그분의" pos="X">그분의</wf>
         <instance id="d000.s1421.t000" lemma="보살핌" pos="NOUN">보살핌</instance>
         <wf lemma="이" pos="X">이</wf>
         <wf lemma="없었다면" pos="X">없었다면</wf>
         <wf lemma="우리는" pos="X">우리는</wf>
         <wf lemma="어찌" pos="X">어찌</wf>
         <wf lemma="됐을까?." pos="X">됐을까?.</wf>
      </sentence>
      <sentence id="d000.s1422" source="wordnet-korean">
         <wf lemma="거의" pos="X">거의</wf>
         <wf lemma="끝" pos="X">끝</wf>
         <wf lemma="부분의" pos="X">부분의</wf>
         <wf lemma="인천" pos="X">인천</wf>
         <wf lemma="부두" pos="X">부두</wf>
         <wf lemma="묘사는" pos="X">묘사는</wf>
         <wf lemma="이" pos="X">이</wf>
         <wf lemma="소설의" pos="X">소설의</wf>
         <instance id="d000.s1422.t000" lemma="압권" pos="NOUN">압권</instance>
         <wf lemma="이다." pos="X">이다.</wf>
      </sentence>
      <sentence id="d000.s1423" source="wordnet-korean">
         <wf lemma="문장의" pos="X">문장의</wf>
         <instance id="d000.s1423.t000" lemma="구성" pos="NOUN">구성</instance>
         <wf lemma="." pos="X">.</wf>
      </sentence>
      <sentence id="d000.s1424" source="wordnet-korean">
         <wf lemma="두꺼운" pos="X">두꺼운</wf>
         <instance id="d000.s1424.t000" lemma="판" pos="NOUN">판</instance>
         <wf lemma="." pos="X">.</wf>
      </sentence>
      <sentence id="d000.s1425" source="wordnet-korean">
         <wf lemma="아무런" pos="X">아무런</wf>
         <instance id="d000.s1425.t000" lemma="예고" pos="NOUN">예고</instance>
         <wf lemma="도" pos="X">도</wf>
         <wf lemma="없다." pos="X">없다.</wf>
      </sentence>
      <sentence id="d000.s1426" source="wordnet-korean">
         <wf lemma="시어머니는" pos="X">시어머니는</wf>
         <wf lemma="안방" pos="X">안방</wf>
         <instance id="d000.s1426.t000" lemma="차지" pos="VERB">차지</instance>
         <wf lemma="가" pos="X">가</wf>
         <wf lemma="귀찮다며" pos="X">귀찮다며</wf>
         <wf lemma="건넌방으로" pos="X">건넌방으로</wf>
         <wf lemma="물러나셨다." pos="X">물러나셨다.</wf>
      </sentence>
      <sentence id="d000.s1427" source="wordnet-korean">
         <wf lemma="그" pos="X">그</wf>
         <wf lemma="의사는" pos="X">의사는</wf>
         <wf lemma="무슨" pos="X">무슨</wf>
         <instance id="d000.s1427.t000" lemma="과" pos="NOUN">과</instance>
         <wf lemma="담당이냐?." pos="X">담당이냐?.</wf>
      </sentence>
      <sentence id="d000.s1428" source="wordnet-korean">
         <wf lemma="공개" pos="X">공개</wf>
         <instance id="d000.s1428.t000" lemma="토론" pos="NOUN">토론</instance>
         <wf lemma="." pos="X">.</wf>
      </sentence>
      <sentence id="d000.s1429" source="wordnet-korean">
         <instance id="d000.s1429.t000" lemma="계" pos="NOUN">계</instance>
         <wf lemma="를" pos="X">를</wf>
         <wf lemma="쓰다." pos="X">쓰다.</wf>
      </sentence>
      <sentence id="d000.s1430" source="wordnet-korean">
         <instance id="d000.s1430.t000" lemma="동종" pos="NOUN">동종</instance>
         <wf lemma="의" pos="X">의</wf>
         <wf lemma="일." pos="X">일.</wf>
      </sentence>
      <sentence id="d000.s1431" source="wordnet-korean">
         <wf lemma="젖을" pos="X">젖을</wf>
         <instance id="d000.s1431.t000" lemma="토하다" pos="VERB">토하다</instance>
         <wf lemma="." pos="X">.</wf>
      </sentence>
      <sentence id="d000.s1432" source="wordnet-korean">
         <instance id="d000.s1432.t000" lemma="가짜" pos="NOUN">가짜</instance>
         <wf lemma="이름." pos="X">이름.</wf>
      </sentence>
      <sentence id="d000.s1433" source="wordnet-korean">
         <wf lemma="여행" pos="X">여행</wf>
         <instance id="d000.s1433.t000" lemma="경비" pos="NOUN">경비</instance>
         <wf lemma="." pos="X">.</wf>
      </sentence>
      <sentence id="d000.s1434" source="wordnet-korean">
         <instance id="d000.s1434.t000" lemma="간" pos="NOUN">간</instance>
         <wf lemma="이" pos="X">이</wf>
         <wf lemma="맞다." pos="X">맞다.</wf>
      </sentence>
      <sentence id="d000.s1435" source="wordnet-korean">
         <instance id="d000.s1435.t000" lemma="사람" pos="NOUN">사람</instance>
         <wf lemma="을" pos="X">을</wf>
         <wf lemma="기르다." pos="X">기르다.</wf>
      </sentence>
      <sentence id="d000.s1436" source="wordnet-korean">
         <instance id="d000.s1436.t000" lemma="문제" pos="NOUN">문제</instance>
         <wf lemma="도" pos="X">도</wf>
         <wf lemma="되지" pos="X">되지</wf>
         <wf lemma="않는" pos="X">않는</wf>
         <wf lemma="일." pos="X">일.</wf>
      </sentence>
      <sentence id="d000.s1437" source="wordnet-korean">
         <instance id="d000.s1437.t000" lemma="기획" pos="NOUN">기획</instance>
         <wf lemma="담당." pos="X">담당.</wf>
      </sentence>
      <sentence id="d000.s1438" source="wordnet-korean">
         <wf lemma="사람이" pos="X">사람이</wf>
         <instance id="d000.s1438.t000" lemma="통" pos="NOUN">통</instance>
         <wf lemma="이" pos="X">이</wf>
         <wf lemma="커서" pos="X">커서</wf>
         <wf lemma="성낼" pos="X">성낼</wf>
         <wf lemma="줄" pos="X">줄</wf>
         <wf lemma="모른다." pos="X">모른다.</wf>
      </sentence>
      <sentence id="d000.s1439" source="wordnet-korean">
         <wf lemma="어찌" pos="X">어찌</wf>
         <wf lemma="편협한" pos="X">편협한</wf>
         <wf lemma="말을" pos="X">말을</wf>
         <wf lemma="발하야" pos="X">발하야</wf>
         <instance id="d000.s1439.t000" lemma="어미" pos="NOUN">어미</instance>
         <wf lemma="간장을" pos="X">간장을</wf>
         <wf lemma="사르나뇨." pos="X">사르나뇨.</wf>
      </sentence>
      <sentence id="d000.s1440" source="wordnet-korean">
         <instance id="d000.s1440.t000" lemma="손상" pos="NOUN">손상</instance>
         <wf lemma="을" pos="X">을</wf>
         <wf lemma="입다." pos="X">입다.</wf>
      </sentence>
      <sentence id="d000.s1441" source="wordnet-korean">
         <instance id="d000.s1441.t000" lemma="나이" pos="NOUN">나이</instance>
         <wf lemma="가" pos="X">가</wf>
         <wf lemma="찼다." pos="X">찼다.</wf>
      </sentence>
      <sentence id="d000.s1442" source="wordnet-korean">
         <wf lemma="밀접한" pos="X">밀접한</wf>
         <instance id="d000.s1442.t000" lemma="관련" pos="NOUN">관련</instance>
         <wf lemma="." pos="X">.</wf>
      </sentence>
      <sentence id="d000.s1443" source="wordnet-korean">
         <wf lemma="눈감고" pos="X">눈감고</wf>
         <wf lemma="아웅하는" pos="X">아웅하는</wf>
         <instance id="d000.s1443.t000" lemma="식" pos="NOUN">식</instance>
         <wf lemma="의" pos="X">의</wf>
         <wf lemma="간교한" pos="X">간교한</wf>
         <wf lemma="술책." pos="X">술책.</wf>
      </sentence>
      <sentence id="d000.s1444" source="wordnet-korean">
         <wf lemma="아궁이의" pos="X">아궁이의</wf>
         <instance id="d000.s1444.t000" lemma="재" pos="NOUN">재</instance>
         <wf lemma="를" pos="X">를</wf>
         <wf lemma="쳐" pos="X">쳐</wf>
         <wf lemma="내다." pos="X">내다.</wf>
      </sentence>
      <sentence id="d000.s1445" source="wordnet-korean">
         <instance id="d000.s1445.t000" lemma="결손" pos="NOUN">결손</instance>
         <wf lemma="을" pos="X">을</wf>
         <wf lemma="보다." pos="X">보다.</wf>
      </sentence>
      <sentence id="d000.s1446" source="wordnet-korean">
         <wf lemma="진상이" pos="X">진상이</wf>
         <instance id="d000.s1446.t000" lemma="베일" pos="NOUN">베일</instance>
         <wf lemma="에" pos="X">에</wf>
         <wf lemma="싸여" pos="X">싸여</wf>
         <wf lemma="있다." pos="X">있다.</wf>
      </sentence>
      <sentence id="d000.s1447" source="wordnet-korean">
         <instance id="d000.s1447.t000" lemma="밥" pos="NOUN">밥</instance>
         <wf lemma="과" pos="X">과</wf>
         <wf lemma="국." pos="X">국.</wf>
      </sentence>
      <sentence id="d000.s1448" source="wordnet-korean">
         <wf lemma="정이" pos="X">정이</wf>
         <instance id="d000.s1448.t000" lemma="떨어지다" pos="VERB">떨어지다</instance>
         <wf lemma="." pos="X">.</wf>
      </sentence>
      <sentence id="d000.s1449" source="wordnet-korean">
         <instance id="d000.s1449.t000" lemma="숯" pos="NOUN">숯</instance>
         <wf lemma="을" pos="X">을</wf>
         <wf lemma="굽다." pos="X">굽다.</wf>
      </sentence>
      <sentence id="d000.s1450" source="wordnet-korean">
         <wf lemma="의견" pos="X">의견</wf>
         <instance id="d000.s1450.t000" lemma="교환" pos="NOUN">교환</instance>
         <wf lemma="." pos="X">.</wf>
      </sentence>
      <sentence id="d000.s1451" source="wordnet-korean">
         <wf lemma="지점장" pos="X">지점장</wf>
         <instance id="d000.s1451.t000" lemma="대리" pos="NOUN">대리</instance>
         <wf lemma="." pos="X">.</wf>
      </sentence>
      <sentence id="d000.s1452" source="wordnet-korean">
         <wf lemma="체육" pos="X">체육</wf>
         <instance id="d000.s1452.t000" lemma="회" pos="NOUN">회</instance>
         <wf lemma="." pos="X">.</wf>
      </sentence>
      <sentence id="d000.s1453" source="wordnet-korean">
         <instance id="d000.s1453.t000" lemma="분규" pos="NOUN">분규</instance>
         <wf lemma="가" pos="X">가</wf>
         <wf lemma="일어났다." pos="X">일어났다.</wf>
      </sentence>
      <sentence id="d000.s1454" source="wordnet-korean">
         <instance id="d000.s1454.t000" lemma="사발" pos="NOUN">사발</instance>
         <wf lemma="에" pos="X">에</wf>
         <wf lemma="담은" pos="X">담은</wf>
         <wf lemma="국." pos="X">국.</wf>
      </sentence>
      <sentence id="d000.s1455" source="wordnet-korean">
         <instance id="d000.s1455.t000" lemma="입맛" pos="NOUN">입맛</instance>
         <wf lemma="나다." pos="X">나다.</wf>
      </sentence>
      <sentence id="d000.s1456" source="wordnet-korean">
         <instance id="d000.s1456.t000" lemma="계약" pos="NOUN">계약</instance>
         <wf lemma="을" pos="X">을</wf>
         <wf lemma="맺다." pos="X">맺다.</wf>
      </sentence>
      <sentence id="d000.s1457" source="wordnet-korean">
         <instance id="d000.s1457.t000" lemma="능력" pos="NOUN">능력</instance>
         <wf lemma="에" pos="X">에</wf>
         <wf lemma="따라" pos="X">따라</wf>
         <wf lemma="일을" pos="X">일을</wf>
         <wf lemma="시키다." pos="X">시키다.</wf>
      </sentence>
      <sentence id="d000.s1458" source="wordnet-korean">
         <wf lemma="백일은" pos="X">백일은</wf>
         <wf lemma="서쪽으로" pos="X">서쪽으로</wf>
         <wf lemma="돌아가고" pos="X">돌아가고</wf>
         <wf lemma="유수는" pos="X">유수는</wf>
         <wf lemma="동으로" pos="X">동으로</wf>
         <wf lemma="사라지니" pos="X">사라지니</wf>
         <wf lemma="부귀와" pos="X">부귀와</wf>
         <instance id="d000.s1458.t000" lemma="행락" pos="NOUN">행락</instance>
         <wf lemma="도" pos="X">도</wf>
         <wf lemma="한" pos="X">한</wf>
         <wf lemma="조각" pos="X">조각</wf>
         <wf lemma="뜬구름이라…." pos="X">뜬구름이라….</wf>
      </sentence>
      <sentence id="d000.s1459" source="wordnet-korean">
         <wf lemma="사공이" pos="X">사공이</wf>
         <instance id="d000.s1459.t000" lemma="닻줄" pos="NOUN">닻줄</instance>
         <wf lemma="을" pos="X">을</wf>
         <wf lemma="감는다." pos="X">감는다.</wf>
      </sentence>
      <sentence id="d000.s1460" source="wordnet-korean">
         <wf lemma="짐" pos="X">짐</wf>
         <wf lemma="한" pos="X">한</wf>
         <instance id="d000.s1460.t000" lemma="동" pos="NOUN">동</instance>
         <wf lemma="." pos="X">.</wf>
      </sentence>
      <sentence id="d000.s1461" source="wordnet-korean">
         <wf lemma="한" pos="X">한</wf>
         <instance id="d000.s1461.t000" lemma="동" pos="NOUN">동</instance>
         <wf lemma="이" pos="X">이</wf>
         <wf lemma="났다." pos="X">났다.</wf>
      </sentence>
      <sentence id="d000.s1462" source="wordnet-korean">
         <wf lemma="서류가" pos="X">서류가</wf>
         <instance id="d000.s1462.t000" lemma="뒤죽박죽" pos="NOUN">뒤죽박죽</instance>
         <wf lemma="이" pos="X">이</wf>
         <wf lemma="되었다." pos="X">되었다.</wf>
      </sentence>
      <sentence id="d000.s1463" source="wordnet-korean">
         <wf lemma="관리과" pos="X">관리과</wf>
         <instance id="d000.s1463.t000" lemma="과장" pos="NOUN">과장</instance>
         <wf lemma="." pos="X">.</wf>
      </sentence>
      <sentence id="d000.s1464" source="wordnet-korean">
         <instance id="d000.s1464.t000" lemma="불빛" pos="NOUN">불빛</instance>
         <wf lemma="이" pos="X">이</wf>
         <wf lemma="파랗다." pos="X">파랗다.</wf>
      </sentence>
      <sentence id="d000.s1465" source="wordnet-korean">
         <instance id="d000.s1465.t000" lemma="내" pos="NOUN">내</instance>
         <wf lemma="를" pos="X">를</wf>
         <wf lemma="맡다." pos="X">맡다.</wf>
      </sentence>
      <sentence id="d000.s1466" source="wordnet-korean">
         <wf lemma="삶의" pos="X">삶의</wf>
         <instance id="d000.s1466.t000" lemma="의욕" pos="NOUN">의욕</instance>
         <wf lemma="." pos="X">.</wf>
      </sentence>
      <sentence id="d000.s1467" source="wordnet-korean">
         <wf lemma="한" pos="X">한</wf>
         <wf lemma="자" pos="X">자</wf>
         <wf lemma="세" pos="X">세</wf>
         <instance id="d000.s1467.t000" lemma="치" pos="NOUN">치</instance>
         <wf lemma="." pos="X">.</wf>
      </sentence>
      <sentence id="d000.s1468" source="wordnet-korean">
         <instance id="d000.s1468.t000" lemma="가마" pos="NOUN">가마</instance>
         <wf lemma="를" pos="X">를</wf>
         <wf lemma="메다." pos="X">메다.</wf>
      </sentence>
      <sentence id="d000.s1469" source="wordnet-korean">
         <wf lemma="불후의" pos="X">불후의</wf>
         <instance id="d000.s1469.t000" lemma="공적" pos="NOUN">공적</instance>
         <wf lemma="." pos="X">.</wf>
      </sentence>
      <sentence id="d000.s1470" source="wordnet-korean">
         <instance id="d000.s1470.t000" lemma="살" pos="NOUN">살</instance>
         <wf lemma="별." pos="X">별.</wf>
      </sentence>
      <sentence id="d000.s1471" source="wordnet-korean">
         <instance id="d000.s1471.t000" lemma="월" pos="NOUN">월</instance>
         <wf lemma="서" pos="X">서</wf>
         <wf lemma="푼" pos="X">푼</wf>
         <wf lemma="길미." pos="X">길미.</wf>
      </sentence>
      <sentence id="d000.s1472" source="wordnet-korean">
         <instance id="d000.s1472.t000" lemma="평등" pos="NOUN">평등</instance>
         <wf lemma="사회." pos="X">사회.</wf>
      </sentence>
      <sentence id="d000.s1473" source="wordnet-korean">
         <instance id="d000.s1473.t000" lemma="세부" pos="NOUN">세부</instance>
         <wf lemma="묘사." pos="X">묘사.</wf>
      </sentence>
      <sentence id="d000.s1474" source="wordnet-korean">
         <wf lemma="돛에" pos="X">돛에</wf>
         <wf lemma="바람을" pos="X">바람을</wf>
         <wf lemma="담뿍" pos="X">담뿍</wf>
         <wf lemma="담은" pos="X">담은</wf>
         <instance id="d000.s1474.t000" lemma="범선" pos="NOUN">범선</instance>
         <wf lemma="은" pos="X">은</wf>
         <wf lemma="살처럼" pos="X">살처럼</wf>
         <wf lemma="달려간다." pos="X">달려간다.</wf>
      </sentence>
      <sentence id="d000.s1475" source="wordnet-korean">
         <instance id="d000.s1475.t000" lemma="시" pos="NOUN">시</instance>
         <wf lemma="를" pos="X">를</wf>
         <wf lemma="낭송한다." pos="X">낭송한다.</wf>
      </sentence>
      <sentence id="d000.s1476" source="wordnet-korean">
         <instance id="d000.s1476.t000" lemma="견해" pos="NOUN">견해</instance>
         <wf lemma="를" pos="X">를</wf>
         <wf lemma="밝히다." pos="X">밝히다.</wf>
      </sentence>
      <sentence id="d000.s1477" source="wordnet-korean">
         <wf lemma="상에" pos="X">상에</wf>
         <wf lemma="음식을" pos="X">음식을</wf>
         <instance id="d000.s1477.t000" lemma="올리다" pos="VERB">올리다</instance>
         <wf lemma="." pos="X">.</wf>
      </sentence>
      <sentence id="d000.s1478" source="wordnet-korean">
         <instance id="d000.s1478.t000" lemma="극" pos="NOUN">극</instance>
         <wf lemma="에" pos="X">에</wf>
         <wf lemma="달하다." pos="X">달하다.</wf>
      </sentence>
      <sentence id="d000.s1479" source="wordnet-korean">
         <instance id="d000.s1479.t000" lemma="성" pos="NOUN">성</instance>
         <wf lemma="이" pos="X">이</wf>
         <wf lemma="나다." pos="X">나다.</wf>
      </sentence>
      <sentence id="d000.s1480" source="wordnet-korean">
         <instance id="d000.s1480.t000" lemma="살림" pos="NOUN">살림</instance>
         <wf lemma="을" pos="X">을</wf>
         <wf lemma="꾸리다." pos="X">꾸리다.</wf>
      </sentence>
      <sentence id="d000.s1481" source="wordnet-korean">
         <instance id="d000.s1481.t000" lemma="해" pos="NOUN">해</instance>
         <wf lemma="를" pos="X">를</wf>
         <wf lemma="거듭할수록" pos="X">거듭할수록</wf>
         <wf lemma="농촌" pos="X">농촌</wf>
         <wf lemma="인구는" pos="X">인구는</wf>
         <wf lemma="줄어들었다." pos="X">줄어들었다.</wf>
      </sentence>
      <sentence id="d000.s1482" source="wordnet-korean">
         <instance id="d000.s1482.t000" lemma="화" pos="NOUN">화</instance>
         <wf lemma="를" pos="X">를</wf>
         <wf lemma="돋구다." pos="X">돋구다.</wf>
      </sentence>
      <sentence id="d000.s1483" source="wordnet-korean">
         <wf lemma="댐" pos="X">댐</wf>
         <instance id="d000.s1483.t000" lemma="건설" pos="NOUN">건설</instance>
         <wf lemma="." pos="X">.</wf>
      </sentence>
      <sentence id="d000.s1484" source="wordnet-korean">
         <wf lemma="바람에" pos="X">바람에</wf>
         <wf lemma="문풍지가" pos="X">문풍지가</wf>
         <instance id="d000.s1484.t000" lemma="떨다" pos="NOUN">떨다</instance>
         <wf lemma="." pos="X">.</wf>
      </sentence>
      <sentence id="d000.s1485" source="wordnet-korean">
         <wf lemma="그" pos="X">그</wf>
         <instance id="d000.s1485.t000" lemma="해" pos="NOUN">해</instance>
         <wf lemma="에는" pos="X">에는</wf>
         <wf lemma="무척" pos="X">무척</wf>
         <wf lemma="가물었다." pos="X">가물었다.</wf>
      </sentence>
      <sentence id="d000.s1486" source="wordnet-korean">
         <wf lemma="로마" pos="X">로마</wf>
         <wf lemma="제국의" pos="X">제국의</wf>
         <instance id="d000.s1486.t000" lemma="멸망" pos="NOUN">멸망</instance>
         <wf lemma="." pos="X">.</wf>
      </sentence>
      <sentence id="d000.s1487" source="wordnet-korean">
         <wf lemma="경주" pos="X">경주</wf>
         <wf lemma="이씨의" pos="X">이씨의</wf>
         <wf lemma="무슨" pos="X">무슨</wf>
         <instance id="d000.s1487.t000" lemma="돌림" pos="NOUN">돌림</instance>
         <wf lemma="이냐?." pos="X">이냐?.</wf>
      </sentence>
      <sentence id="d000.s1488" source="wordnet-korean">
         <instance id="d000.s1488.t000" lemma="도적" pos="NOUN">도적</instance>
         <wf lemma="을" pos="X">을</wf>
         <wf lemma="맞다." pos="X">맞다.</wf>
      </sentence>
      <sentence id="d000.s1489" source="wordnet-korean">
         <instance id="d000.s1489.t000" lemma="상" pos="NOUN">상</instance>
         <wf lemma="을" pos="X">을</wf>
         <wf lemma="주다." pos="X">주다.</wf>
      </sentence>
      <sentence id="d000.s1490" source="wordnet-korean">
         <wf lemma="일의" pos="X">일의</wf>
         <instance id="d000.s1490.t000" lemma="뒤처리" pos="NOUN">뒤처리</instance>
         <wf lemma="를" pos="X">를</wf>
         <wf lemma="잘" pos="X">잘</wf>
         <wf lemma="한다." pos="X">한다.</wf>
      </sentence>
      <sentence id="d000.s1491" source="wordnet-korean">
         <wf lemma="참," pos="X">참,</wf>
         <wf lemma="천만" pos="X">천만</wf>
         <instance id="d000.s1491.t000" lemma="다행" pos="NOUN">다행</instance>
         <wf lemma="이군요." pos="X">이군요.</wf>
      </sentence>
      <sentence id="d000.s1492" source="wordnet-korean">
         <instance id="d000.s1492.t000" lemma="꾀꼬리" pos="NOUN">꾀꼬리</instance>
         <wf lemma="같은" pos="X">같은</wf>
         <wf lemma="목소리." pos="X">목소리.</wf>
      </sentence>
      <sentence id="d000.s1493" source="wordnet-korean">
         <wf lemma="꿩" pos="X">꿩</wf>
         <wf lemma="한" pos="X">한</wf>
         <instance id="d000.s1493.t000" lemma="코" pos="NOUN">코</instance>
         <wf lemma="." pos="X">.</wf>
      </sentence>
      <sentence id="d000.s1494" source="wordnet-korean">
         <instance id="d000.s1494.t000" lemma="그" pos="NOUN">그</instance>
         <wf lemma="의" pos="X">의</wf>
         <wf lemma="연설." pos="X">연설.</wf>
      </sentence>
      <sentence id="d000.s1495" source="wordnet-korean">
         <wf lemma="갖은" pos="X">갖은</wf>
         <instance id="d000.s1495.t000" lemma="고초" pos="NOUN">고초</instance>
         <wf lemma="에" pos="X">에</wf>
         <wf lemma="시달리다." pos="X">시달리다.</wf>
      </sentence>
      <sentence id="d000.s1496" source="wordnet-korean">
         <instance id="d000.s1496.t000" lemma="독촉" pos="NOUN">독촉</instance>
         <wf lemma="이" pos="X">이</wf>
         <wf lemma="성화같다." pos="X">성화같다.</wf>
      </sentence>
      <sentence id="d000.s1497" source="wordnet-korean">
         <instance id="d000.s1497.t000" lemma="편견" pos="NOUN">편견</instance>
         <wf lemma="에서" pos="X">에서</wf>
         <wf lemma="벗어나다." pos="X">벗어나다.</wf>
      </sentence>
      <sentence id="d000.s1498" source="wordnet-korean">
         <instance id="d000.s1498.t000" lemma="약물" pos="NOUN">약물</instance>
         <wf lemma="중독." pos="X">중독.</wf>
      </sentence>
      <sentence id="d000.s1499" source="wordnet-korean">
         <instance id="d000.s1499.t000" lemma="불평" pos="NOUN">불평</instance>
         <wf lemma="을" pos="X">을</wf>
         <wf lemma="말해" pos="X">말해</wf>
         <wf lemma="보시오." pos="X">보시오.</wf>
      </sentence>
      <sentence id="d000.s1500" source="wordnet-korean">
         <wf lemma="아름다운" pos="X">아름다운</wf>
         <instance id="d000.s1500.t000" lemma="경치" pos="NOUN">경치</instance>
         <wf lemma="." pos="X">.</wf>
      </sentence>
      <sentence id="d000.s1501" source="wordnet-korean">
         <wf lemma="정문" pos="X">정문</wf>
         <instance id="d000.s1501.t000" lemma="폐쇄" pos="NOUN">폐쇄</instance>
         <wf lemma="." pos="X">.</wf>
      </sentence>
      <sentence id="d000.s1502" source="wordnet-korean">
         <wf lemma="그의" pos="X">그의</wf>
         <instance id="d000.s1502.t000" lemma="고백" pos="NOUN">고백</instance>
         <wf lemma="을" pos="X">을</wf>
         <wf lemma="듣다." pos="X">듣다.</wf>
      </sentence>
      <sentence id="d000.s1503" source="wordnet-korean">
         <wf lemma="그릇된" pos="X">그릇된</wf>
         <instance id="d000.s1503.t000" lemma="선입견" pos="NOUN">선입견</instance>
         <wf lemma="에" pos="X">에</wf>
         <wf lemma="사로잡히다." pos="X">사로잡히다.</wf>
      </sentence>
      <sentence id="d000.s1504" source="wordnet-korean">
         <instance id="d000.s1504.t000" lemma="경마" pos="NOUN">경마</instance>
         <wf lemma="대회." pos="X">대회.</wf>
      </sentence>
      <sentence id="d000.s1505" source="wordnet-korean">
         <wf lemma="지역" pos="X">지역</wf>
         <instance id="d000.s1505.t000" lemma="구분" pos="NOUN">구분</instance>
         <wf lemma="." pos="X">.</wf>
      </sentence>
      <sentence id="d000.s1506" source="wordnet-korean">
         <wf lemma="종아리" pos="X">종아리</wf>
         <wf lemma="한" pos="X">한</wf>
         <instance id="d000.s1506.t000" lemma="대" pos="NOUN">대</instance>
         <wf lemma="맞아라." pos="X">맞아라.</wf>
      </sentence>
      <sentence id="d000.s1507" source="wordnet-korean">
         <instance id="d000.s1507.t000" lemma="허울" pos="NOUN">허울</instance>
         <wf lemma="이" pos="X">이</wf>
         <wf lemma="미끈한" pos="X">미끈한</wf>
         <wf lemma="청년." pos="X">청년.</wf>
      </sentence>
      <sentence id="d000.s1508" source="wordnet-korean">
         <wf lemma="지난" pos="X">지난</wf>
         <wf lemma="날의" pos="X">날의</wf>
         <instance id="d000.s1508.t000" lemma="생각" pos="NOUN">생각</instance>
         <wf lemma="을" pos="X">을</wf>
         <wf lemma="더듬다." pos="X">더듬다.</wf>
      </sentence>
      <sentence id="d000.s1509" source="wordnet-korean">
         <instance id="d000.s1509.t000" lemma="옷" pos="NOUN">옷</instance>
         <wf lemma="을" pos="X">을</wf>
         <wf lemma="짓다." pos="X">짓다.</wf>
      </sentence>
      <sentence id="d000.s1510" source="wordnet-korean">
         <instance id="d000.s1510.t000" lemma="내" pos="NOUN">내</instance>
         <wf lemma="를" pos="X">를</wf>
         <wf lemma="건넜다." pos="X">건넜다.</wf>
      </sentence>
      <sentence id="d000.s1511" source="wordnet-korean">
         <wf lemma="가극" pos="X">가극</wf>
         <wf lemma="심청전" pos="X">심청전</wf>
         <instance id="d000.s1511.t000" lemma="공연" pos="NOUN">공연</instance>
         <wf lemma="." pos="X">.</wf>
      </sentence>
      <sentence id="d000.s1512" source="wordnet-korean">
         <wf lemma="이번" pos="X">이번</wf>
         <wf lemma="일에" pos="X">일에</wf>
         <instance id="d000.s1512.t000" lemma="용" pos="NOUN">용</instance>
         <wf lemma="이" pos="X">이</wf>
         <wf lemma="너무" pos="X">너무</wf>
         <wf lemma="많이" pos="X">많이</wf>
         <wf lemma="들었다." pos="X">들었다.</wf>
      </sentence>
      <sentence id="d000.s1513" source="wordnet-korean">
         <instance id="d000.s1513.t000" lemma="생계" pos="NOUN">생계</instance>
         <wf lemma="를" pos="X">를</wf>
         <wf lemma="유지하다." pos="X">유지하다.</wf>
      </sentence>
      <sentence id="d000.s1514" source="wordnet-korean">
         <instance id="d000.s1514.t000" lemma="갈래" pos="NOUN">갈래</instance>
         <wf lemma="가" pos="X">가</wf>
         <wf lemma="지다." pos="X">지다.</wf>
      </sentence>
      <sentence id="d000.s1515" source="wordnet-korean">
         <wf lemma="옥영이가" pos="X">옥영이가</wf>
         <wf lemma="던진" pos="X">던진</wf>
         <instance id="d000.s1515.t000" lemma="올무" pos="NOUN">올무</instance>
         <wf lemma="에서" pos="X">에서</wf>
         <wf lemma="빠져" pos="X">빠져</wf>
         <wf lemma="나온" pos="X">나온</wf>
         <wf lemma="것을" pos="X">것을</wf>
         <wf lemma="시원하게" pos="X">시원하게</wf>
         <wf lemma="여기는…." pos="X">여기는….</wf>
      </sentence>
      <sentence id="d000.s1516" source="wordnet-korean">
         <wf lemma="말로만의" pos="X">말로만의</wf>
         <instance id="d000.s1516.t000" lemma="외침" pos="NOUN">외침</instance>
         <wf lemma="은" pos="X">은</wf>
         <wf lemma="알맹이" pos="X">알맹이</wf>
         <wf lemma="없는" pos="X">없는</wf>
         <wf lemma="껍데기." pos="X">껍데기.</wf>
      </sentence>
      <sentence id="d000.s1517" source="wordnet-korean">
         <instance id="d000.s1517.t000" lemma="술" pos="NOUN">술</instance>
         <wf lemma="을" pos="X">을</wf>
         <wf lemma="거르다." pos="X">거르다.</wf>
      </sentence>
      <sentence id="d000.s1518" source="wordnet-korean">
         <wf lemma="수산물" pos="X">수산물</wf>
         <instance id="d000.s1518.t000" lemma="시장" pos="NOUN">시장</instance>
         <wf lemma="." pos="X">.</wf>
      </sentence>
      <sentence id="d000.s1519" source="wordnet-korean">
         <instance id="d000.s1519.t000" lemma="속" pos="NOUN">속</instance>
         <wf lemma="이" pos="X">이</wf>
         <wf lemma="너른" pos="X">너른</wf>
         <wf lemma="사람." pos="X">사람.</wf>
      </sentence>
      <sentence id="d000.s1520" source="wordnet-korean">
         <wf lemma="인생이란" pos="X">인생이란</wf>
         <wf lemma="것을" pos="X">것을</wf>
         <wf lemma="독서" pos="X">독서</wf>
         <instance id="d000.s1520.t000" lemma="이외" pos="NOUN">이외</instance>
         <wf lemma="에서" pos="X">에서</wf>
         <wf lemma="찾아보려는" pos="X">찾아보려는</wf>
         <wf lemma="의도이다." pos="X">의도이다.</wf>
      </sentence>
      <sentence id="d000.s1521" source="wordnet-korean">
         <wf lemma="바른" pos="X">바른</wf>
         <instance id="d000.s1521.t000" lemma="관점" pos="NOUN">관점</instance>
         <wf lemma="." pos="X">.</wf>
      </sentence>
      <sentence id="d000.s1522" source="wordnet-korean">
         <instance id="d000.s1522.t000" lemma="버스" pos="NOUN">버스</instance>
         <wf lemma="를" pos="X">를</wf>
         <wf lemma="타다." pos="X">타다.</wf>
      </sentence>
      <sentence id="d000.s1523" source="wordnet-korean">
         <instance id="d000.s1523.t000" lemma="공적" pos="NOUN">공적</instance>
         <wf lemma="을" pos="X">을</wf>
         <wf lemma="쌓다." pos="X">쌓다.</wf>
      </sentence>
      <sentence id="d000.s1524" source="wordnet-korean">
         <wf lemma="토의할" pos="X">토의할</wf>
         <wf lemma="일" pos="X">일</wf>
         <wf lemma="세" pos="X">세</wf>
         <instance id="d000.s1524.t000" lemma="건" pos="NOUN">건</instance>
         <wf lemma="." pos="X">.</wf>
      </sentence>
      <sentence id="d000.s1525" source="wordnet-korean">
         <instance id="d000.s1525.t000" lemma="검사" pos="NOUN">검사</instance>
         <wf lemma="절차." pos="X">절차.</wf>
      </sentence>
      <sentence id="d000.s1526" source="wordnet-korean">
         <wf lemma="교량" pos="X">교량</wf>
         <instance id="d000.s1526.t000" lemma="보수" pos="NOUN">보수</instance>
         <wf lemma="." pos="X">.</wf>
      </sentence>
      <sentence id="d000.s1527" source="wordnet-korean">
         <instance id="d000.s1527.t000" lemma="그림" pos="NOUN">그림</instance>
         <wf lemma="을" pos="X">을</wf>
         <wf lemma="그리다." pos="X">그리다.</wf>
      </sentence>
      <sentence id="d000.s1528" source="wordnet-korean">
         <instance id="d000.s1528.t000" lemma="정작" pos="NOUN">정작</instance>
         <wf lemma="할" pos="X">할</wf>
         <wf lemma="말은" pos="X">말은</wf>
         <wf lemma="못" pos="X">못</wf>
         <wf lemma="했다." pos="X">했다.</wf>
      </sentence>
      <sentence id="d000.s1529" source="wordnet-korean">
         <wf lemma="직장" pos="X">직장</wf>
         <instance id="d000.s1529.t000" lemma="도서실" pos="NOUN">도서실</instance>
         <wf lemma="." pos="X">.</wf>
      </sentence>
      <sentence id="d000.s1530" source="wordnet-korean">
         <wf lemma="일인칭(삼인칭)" pos="X">일인칭(삼인칭)</wf>
         <instance id="d000.s1530.t000" lemma="시점" pos="NOUN">시점</instance>
         <wf lemma="." pos="X">.</wf>
      </sentence>
      <sentence id="d000.s1531" source="wordnet-korean">
         <instance id="d000.s1531.t000" lemma="공채" pos="NOUN">공채</instance>
         <wf lemma="발행." pos="X">발행.</wf>
      </sentence>
      <sentence id="d000.s1532" source="wordnet-korean">
         <instance id="d000.s1532.t000" lemma="접근" pos="NOUN">접근</instance>
         <wf lemma="을" pos="X">을</wf>
         <wf lemma="못" pos="X">못</wf>
         <wf lemma="하게" pos="X">하게</wf>
         <wf lemma="하다." pos="X">하다.</wf>
      </sentence>
      <sentence id="d000.s1533" source="wordnet-korean">
         <wf lemma="이" pos="X">이</wf>
         <wf lemma="세상에서" pos="X">세상에서</wf>
         <wf lemma="이렇게" pos="X">이렇게</wf>
         <wf lemma="아름다운" pos="X">아름다운</wf>
         <wf lemma="여인이" pos="X">여인이</wf>
         <wf lemma="있을까" pos="X">있을까</wf>
         <wf lemma="할" pos="X">할</wf>
         <instance id="d000.s1533.t000" lemma="정도" pos="NOUN">정도</instance>
         <wf lemma="의" pos="X">의</wf>
         <wf lemma="미인이었다." pos="X">미인이었다.</wf>
      </sentence>
      <sentence id="d000.s1534" source="wordnet-korean">
         <instance id="d000.s1534.t000" lemma="고정" pos="NOUN">고정</instance>
         <wf lemma="위치." pos="X">위치.</wf>
      </sentence>
      <sentence id="d000.s1535" source="wordnet-korean">
         <wf lemma="구두의" pos="X">구두의</wf>
         <instance id="d000.s1535.t000" lemma="끈" pos="NOUN">끈</instance>
         <wf lemma="." pos="X">.</wf>
      </sentence>
      <sentence id="d000.s1536" source="wordnet-korean">
         <instance id="d000.s1536.t000" lemma="전단" pos="NOUN">전단</instance>
         <wf lemma="기사." pos="X">기사.</wf>
      </sentence>
      <sentence id="d000.s1537" source="wordnet-korean">
         <wf lemma="과학" pos="X">과학</wf>
         <instance id="d000.s1537.t000" lemma="시대" pos="NOUN">시대</instance>
         <wf lemma="." pos="X">.</wf>
      </sentence>
      <sentence id="d000.s1538" source="wordnet-korean">
         <wf lemma="그의" pos="X">그의</wf>
         <instance id="d000.s1538.t000" lemma="손" pos="NOUN">손</instance>
         <wf lemma="으로" pos="X">으로</wf>
         <wf lemma="넘어갔다." pos="X">넘어갔다.</wf>
      </sentence>
      <sentence id="d000.s1539" source="wordnet-korean">
         <wf lemma="개울" pos="X">개울</wf>
         <instance id="d000.s1539.t000" lemma="바닥" pos="NOUN">바닥</instance>
         <wf lemma="에" pos="X">에</wf>
         <wf lemma="깔린" pos="X">깔린</wf>
         <wf lemma="조약돌." pos="X">조약돌.</wf>
      </sentence>
      <sentence id="d000.s1540" source="wordnet-korean">
         <wf lemma="하느님의" pos="X">하느님의</wf>
         <instance id="d000.s1540.t000" lemma="가호" pos="NOUN">가호</instance>
         <wf lemma="." pos="X">.</wf>
      </sentence>
      <sentence id="d000.s1541" source="wordnet-korean">
         <instance id="d000.s1541.t000" lemma="길" pos="NOUN">길</instance>
         <wf lemma="을" pos="X">을</wf>
         <wf lemma="내다." pos="X">내다.</wf>
      </sentence>
      <sentence id="d000.s1542" source="wordnet-korean">
         <instance id="d000.s1542.t000" lemma="직원" pos="NOUN">직원</instance>
         <wf lemma="을" pos="X">을</wf>
         <wf lemma="늘리다." pos="X">늘리다.</wf>
      </sentence>
      <sentence id="d000.s1543" source="wordnet-korean">
         <instance id="d000.s1543.t000" lemma="간부" pos="NOUN">간부</instance>
         <wf lemma="를" pos="X">를</wf>
         <wf lemma="뽑다." pos="X">뽑다.</wf>
      </sentence>
      <sentence id="d000.s1544" source="wordnet-korean">
         <instance id="d000.s1544.t000" lemma="경제" pos="NOUN">경제</instance>
         <wf lemma="정보." pos="X">정보.</wf>
      </sentence>
      <sentence id="d000.s1545" source="wordnet-korean">
         <wf lemma="벼" pos="X">벼</wf>
         <instance id="d000.s1545.t000" lemma="이삭" pos="NOUN">이삭</instance>
         <wf lemma="." pos="X">.</wf>
      </sentence>
      <sentence id="d000.s1546" source="wordnet-korean">
         <instance id="d000.s1546.t000" lemma="구별" pos="NOUN">구별</instance>
         <wf lemma="이" pos="X">이</wf>
         <wf lemma="나다." pos="X">나다.</wf>
      </sentence>
      <sentence id="d000.s1547" source="wordnet-korean">
         <instance id="d000.s1547.t000" lemma="시" pos="NOUN">시</instance>
         <wf lemma="와" pos="X">와</wf>
         <wf lemma="비." pos="X">비.</wf>
      </sentence>
      <sentence id="d000.s1548" source="wordnet-korean">
         <instance id="d000.s1548.t000" lemma="플러스" pos="NOUN">플러스</instance>
         <wf lemma="되다." pos="X">되다.</wf>
      </sentence>
      <sentence id="d000.s1549" source="wordnet-korean">
         <wf lemma="이" pos="X">이</wf>
         <wf lemma="가방이라는" pos="X">가방이라는</wf>
         <wf lemma="것도" pos="X">것도</wf>
         <wf lemma="십여" pos="X">십여</wf>
         <wf lemma="년" pos="X">년</wf>
         <wf lemma="전" pos="X">전</wf>
         <wf lemma="학생" pos="X">학생</wf>
         <wf lemma="시대의" pos="X">시대의</wf>
         <instance id="d000.s1549.t000" lemma="유물" pos="NOUN">유물</instance>
         <wf lemma="이다." pos="X">이다.</wf>
      </sentence>
      <sentence id="d000.s1550" source="wordnet-korean">
         <wf lemma="광활한" pos="X">광활한</wf>
         <instance id="d000.s1550.t000" lemma="대지" pos="NOUN">대지</instance>
         <wf lemma="." pos="X">.</wf>
      </sentence>
      <sentence id="d000.s1551" source="wordnet-korean">
         <wf lemma="당장" pos="X">당장</wf>
         <wf lemma="입고" pos="X">입고</wf>
         <wf lemma="나갈" pos="X">나갈</wf>
         <wf lemma="옷" pos="X">옷</wf>
         <instance id="d000.s1551.t000" lemma="마련" pos="NOUN">마련</instance>
         <wf lemma="이" pos="X">이</wf>
         <wf lemma="급하다." pos="X">급하다.</wf>
      </sentence>
      <sentence id="d000.s1552" source="wordnet-korean">
         <instance id="d000.s1552.t000" lemma="간선" pos="NOUN">간선</instance>
         <wf lemma="회로." pos="X">회로.</wf>
      </sentence>
      <sentence id="d000.s1553" source="wordnet-korean">
         <instance id="d000.s1553.t000" lemma="명상" pos="NOUN">명상</instance>
         <wf lemma="에" pos="X">에</wf>
         <wf lemma="잠기다." pos="X">잠기다.</wf>
      </sentence>
      <sentence id="d000.s1554" source="wordnet-korean">
         <instance id="d000.s1554.t000" lemma="일월" pos="NOUN">일월</instance>
         <wf lemma="이" pos="X">이</wf>
         <wf lemma="여류하다." pos="X">여류하다.</wf>
      </sentence>
      <sentence id="d000.s1555" source="wordnet-korean">
         <instance id="d000.s1555.t000" lemma="가필" pos="NOUN">가필</instance>
         <wf lemma="된" pos="X">된</wf>
         <wf lemma="부분이" pos="X">부분이</wf>
         <wf lemma="너무" pos="X">너무</wf>
         <wf lemma="많아" pos="X">많아</wf>
         <wf lemma="원고가" pos="X">원고가</wf>
         <wf lemma="지저분하다." pos="X">지저분하다.</wf>
      </sentence>
      <sentence id="d000.s1556" source="wordnet-korean">
         <wf lemma="관리" pos="X">관리</wf>
         <instance id="d000.s1556.t000" lemma="노릇" pos="NOUN">노릇</instance>
         <wf lemma="." pos="X">.</wf>
      </sentence>
      <sentence id="d000.s1557" source="wordnet-korean">
         <wf lemma="내연기관의" pos="X">내연기관의</wf>
         <instance id="d000.s1557.t000" lemma="성능" pos="NOUN">성능</instance>
         <wf lemma="." pos="X">.</wf>
      </sentence>
      <sentence id="d000.s1558" source="wordnet-korean">
         <instance id="d000.s1558.t000" lemma="귀족" pos="NOUN">귀족</instance>
         <wf lemma="출신." pos="X">출신.</wf>
      </sentence>
      <sentence id="d000.s1559" source="wordnet-korean">
         <instance id="d000.s1559.t000" lemma="시름" pos="NOUN">시름</instance>
         <wf lemma="을" pos="X">을</wf>
         <wf lemma="덜다." pos="X">덜다.</wf>
      </sentence>
      <sentence id="d000.s1560" source="wordnet-korean">
         <instance id="d000.s1560.t000" lemma="태양" pos="NOUN">태양</instance>
         <wf lemma="이" pos="X">이</wf>
         <wf lemma="떠오른다." pos="X">떠오른다.</wf>
      </sentence>
      <sentence id="d000.s1561" source="wordnet-korean">
         <wf lemma="정부" pos="X">정부</wf>
         <wf lemma="각" pos="X">각</wf>
         <wf lemma="부처에는" pos="X">부처에는</wf>
         <wf lemma="업무별로" pos="X">업무별로</wf>
         <wf lemma="여러" pos="X">여러</wf>
         <instance id="d000.s1561.t000" lemma="국" pos="NOUN">국</instance>
         <wf lemma="을" pos="X">을</wf>
         <wf lemma="두고" pos="X">두고</wf>
         <wf lemma="그" pos="X">그</wf>
         <wf lemma="아래에" pos="X">아래에</wf>
         <wf lemma="여러" pos="X">여러</wf>
         <wf lemma="과가" pos="X">과가</wf>
         <wf lemma="있다." pos="X">있다.</wf>
      </sentence>
      <sentence id="d000.s1562" source="wordnet-korean">
         <instance id="d000.s1562.t000" lemma="비위" pos="NOUN">비위</instance>
         <wf lemma="를" pos="X">를</wf>
         <wf lemma="돋우다." pos="X">돋우다.</wf>
      </sentence>
      <sentence id="d000.s1563" source="wordnet-korean">
         <wf lemma="열" pos="X">열</wf>
         <wf lemma="두" pos="X">두</wf>
         <instance id="d000.s1563.t000" lemma="거리" pos="NOUN">거리</instance>
         <wf lemma="." pos="X">.</wf>
      </sentence>
      <sentence id="d000.s1564" source="wordnet-korean">
         <instance id="d000.s1564.t000" lemma="연간" pos="NOUN">연간</instance>
         <wf lemma="계획." pos="X">계획.</wf>
      </sentence>
      <sentence id="d000.s1565" source="wordnet-korean">
         <instance id="d000.s1565.t000" lemma="불안정" pos="NOUN">불안정</instance>
         <wf lemma="상태." pos="X">상태.</wf>
      </sentence>
      <sentence id="d000.s1566" source="wordnet-korean">
         <instance id="d000.s1566.t000" lemma="살림" pos="NOUN">살림</instance>
         <wf lemma="을" pos="X">을</wf>
         <wf lemma="시작하다." pos="X">시작하다.</wf>
      </sentence>
      <sentence id="d000.s1567" source="wordnet-korean">
         <instance id="d000.s1567.t000" lemma="공동" pos="NOUN">공동</instance>
         <wf lemma="상속인." pos="X">상속인.</wf>
      </sentence>
      <sentence id="d000.s1568" source="wordnet-korean">
         <wf lemma="나라와" pos="X">나라와</wf>
         <wf lemma="겨레에" pos="X">겨레에</wf>
         <wf lemma="대한" pos="X">대한</wf>
         <instance id="d000.s1568.t000" lemma="사랑" pos="NOUN">사랑</instance>
         <wf lemma="." pos="X">.</wf>
      </sentence>
      <sentence id="d000.s1569" source="wordnet-korean">
         <instance id="d000.s1569.t000" lemma="가스" pos="NOUN">가스</instance>
         <wf lemma="를" pos="X">를</wf>
         <wf lemma="마시다." pos="X">마시다.</wf>
      </sentence>
      <sentence id="d000.s1570" source="wordnet-korean">
         <wf lemma="일간" pos="X">일간</wf>
         <wf lemma="신문" pos="X">신문</wf>
         <wf lemma="100만" pos="X">100만</wf>
         <instance id="d000.s1570.t000" lemma="부" pos="NOUN">부</instance>
         <wf lemma="." pos="X">.</wf>
      </sentence>
      <sentence id="d000.s1571" source="wordnet-korean">
         <wf lemma="하는" pos="X">하는</wf>
         <instance id="d000.s1571.t000" lemma="짓" pos="NOUN">짓</instance>
         <wf lemma="이" pos="X">이</wf>
         <wf lemma="밉다." pos="X">밉다.</wf>
      </sentence>
      <sentence id="d000.s1572" source="wordnet-korean">
         <instance id="d000.s1572.t000" lemma="세상" pos="NOUN">세상</instance>
         <wf lemma="에" pos="X">에</wf>
         <wf lemma="알리다." pos="X">알리다.</wf>
      </sentence>
      <sentence id="d000.s1573" source="wordnet-korean">
         <instance id="d000.s1573.t000" lemma="손때" pos="NOUN">손때</instance>
         <wf lemma="가" pos="X">가</wf>
         <wf lemma="묻은" pos="X">묻은</wf>
         <wf lemma="원고지." pos="X">원고지.</wf>
      </sentence>
      <sentence id="d000.s1574" source="wordnet-korean">
         <instance id="d000.s1574.t000" lemma="비애" pos="NOUN">비애</instance>
         <wf lemma="에" pos="X">에</wf>
         <wf lemma="젖다." pos="X">젖다.</wf>
      </sentence>
      <sentence id="d000.s1575" source="wordnet-korean">
         <wf lemma="아늑한" pos="X">아늑한</wf>
         <wf lemma="고향" pos="X">고향</wf>
         <wf lemma="마을의" pos="X">마을의</wf>
         <instance id="d000.s1575.t000" lemma="정경" pos="NOUN">정경</instance>
         <wf lemma="." pos="X">.</wf>
      </sentence>
      <sentence id="d000.s1576" source="wordnet-korean">
         <wf lemma="인문계" pos="X">인문계</wf>
         <wf lemma="대학을" pos="X">대학을</wf>
         <wf lemma="지망하느냐" pos="X">지망하느냐</wf>
         <wf lemma="이공계" pos="X">이공계</wf>
         <wf lemma="대학을" pos="X">대학을</wf>
         <wf lemma="지망하느냐" pos="X">지망하느냐</wf>
         <wf lemma="하는" pos="X">하는</wf>
         <instance id="d000.s1576.t000" lemma="갈림길" pos="NOUN">갈림길</instance>
         <wf lemma="에서," pos="X">에서,</wf>
         <wf lemma="담임선생님의" pos="X">담임선생님의</wf>
         <wf lemma="말씀을" pos="X">말씀을</wf>
         <wf lemma="들어" pos="X">들어</wf>
         <wf lemma="보기로" pos="X">보기로</wf>
         <wf lemma="하였다." pos="X">하였다.</wf>
      </sentence>
      <sentence id="d000.s1577" source="wordnet-korean">
         <wf lemma="집" pos="X">집</wf>
         <instance id="d000.s1577.t000" lemma="근처" pos="NOUN">근처</instance>
         <wf lemma="." pos="X">.</wf>
      </sentence>
      <sentence id="d000.s1578" source="wordnet-korean">
         <wf lemma="행동의" pos="X">행동의</wf>
         <instance id="d000.s1578.t000" lemma="통일" pos="NOUN">통일</instance>
         <wf lemma="." pos="X">.</wf>
      </sentence>
      <sentence id="d000.s1579" source="wordnet-korean">
         <instance id="d000.s1579.t000" lemma="동안" pos="NOUN">동안</instance>
         <wf lemma="이" pos="X">이</wf>
         <wf lemma="길다." pos="X">길다.</wf>
      </sentence>
      <sentence id="d000.s1580" source="wordnet-korean">
         <instance id="d000.s1580.t000" lemma="당초" pos="NOUN">당초</instance>
         <wf lemma="부터" pos="X">부터</wf>
         <wf lemma="빗나간" pos="X">빗나간</wf>
         <wf lemma="일." pos="X">일.</wf>
      </sentence>
      <sentence id="d000.s1581" source="wordnet-korean">
         <wf lemma="공상을" pos="X">공상을</wf>
         <instance id="d000.s1581.t000" lemma="지우다" pos="VERB">지우다</instance>
         <wf lemma="." pos="X">.</wf>
      </sentence>
      <sentence id="d000.s1582" source="wordnet-korean">
         <instance id="d000.s1582.t000" lemma="야외" pos="NOUN">야외</instance>
         <wf lemma="학습." pos="X">학습.</wf>
      </sentence>
      <sentence id="d000.s1583" source="wordnet-korean">
         <instance id="d000.s1583.t000" lemma="냄새" pos="NOUN">냄새</instance>
         <wf lemma="를" pos="X">를</wf>
         <wf lemma="맡는다." pos="X">맡는다.</wf>
      </sentence>
      <sentence id="d000.s1584" source="wordnet-korean">
         <wf lemma="친구의" pos="X">친구의</wf>
         <instance id="d000.s1584.t000" lemma="내방" pos="NOUN">내방</instance>
         <wf lemma="." pos="X">.</wf>
      </sentence>
      <sentence id="d000.s1585" source="wordnet-korean">
         <wf lemma="한" pos="X">한</wf>
         <wf lemma="번도" pos="X">번도</wf>
         <instance id="d000.s1585.t000" lemma="구경" pos="NOUN">구경</instance>
         <wf lemma="못" pos="X">못</wf>
         <wf lemma="한" pos="X">한</wf>
         <wf lemma="괴물" pos="X">괴물</wf>
         <wf lemma="이야기." pos="X">이야기.</wf>
      </sentence>
      <sentence id="d000.s1586" source="wordnet-korean">
         <wf lemma="계획이나" pos="X">계획이나</wf>
         <wf lemma="일의" pos="X">일의</wf>
         <wf lemma="진행에" pos="X">진행에</wf>
         <instance id="d000.s1586.t000" lemma="구멍" pos="NOUN">구멍</instance>
         <wf lemma="이" pos="X">이</wf>
         <wf lemma="나지" pos="X">나지</wf>
         <wf lemma="않도록" pos="X">않도록</wf>
         <wf lemma="주의를" pos="X">주의를</wf>
         <wf lemma="기울여라." pos="X">기울여라.</wf>
      </sentence>
      <sentence id="d000.s1587" source="wordnet-korean">
         <wf lemma="물리학의" pos="X">물리학의</wf>
         <instance id="d000.s1587.t000" lemma="대가" pos="NOUN">대가</instance>
         <wf lemma="." pos="X">.</wf>
      </sentence>
      <sentence id="d000.s1588" source="wordnet-korean">
         <wf lemma="오리의" pos="X">오리의</wf>
         <instance id="d000.s1588.t000" lemma="깃" pos="NOUN">깃</instance>
         <wf lemma="을" pos="X">을</wf>
         <wf lemma="넣은" pos="X">넣은</wf>
         <wf lemma="방한복." pos="X">방한복.</wf>
      </sentence>
      <sentence id="d000.s1589" source="wordnet-korean">
         <instance id="d000.s1589.t000" lemma="반" pos="NOUN">반</instance>
         <wf lemma="으로" pos="X">으로</wf>
         <wf lemma="쪼개다." pos="X">쪼개다.</wf>
      </sentence>
      <sentence id="d000.s1590" source="wordnet-korean">
         <instance id="d000.s1590.t000" lemma="사랑" pos="NOUN">사랑</instance>
         <wf lemma="을" pos="X">을</wf>
         <wf lemma="맺다(속삭이다)." pos="X">맺다(속삭이다).</wf>
      </sentence>
      <sentence id="d000.s1591" source="wordnet-korean">
         <wf lemma="뛰어난" pos="X">뛰어난</wf>
         <instance id="d000.s1591.t000" lemma="수법" pos="NOUN">수법</instance>
         <wf lemma="으로" pos="X">으로</wf>
         <wf lemma="만들어진" pos="X">만들어진</wf>
         <wf lemma="작품이다." pos="X">작품이다.</wf>
      </sentence>
      <sentence id="d000.s1592" source="wordnet-korean">
         <wf lemma="별의" pos="X">별의</wf>
         <instance id="d000.s1592.t000" lemma="세계" pos="NOUN">세계</instance>
         <wf lemma="." pos="X">.</wf>
      </sentence>
      <sentence id="d000.s1593" source="wordnet-korean">
         <instance id="d000.s1593.t000" lemma="월" pos="NOUN">월</instance>
         <wf lemma="평균." pos="X">평균.</wf>
      </sentence>
      <sentence id="d000.s1594" source="wordnet-korean">
         <wf lemma="사나운" pos="X">사나운</wf>
         <instance id="d000.s1594.t000" lemma="독" pos="NOUN">독</instance>
         <wf lemma="을" pos="X">을</wf>
         <wf lemma="품고" pos="X">품고</wf>
         <wf lemma="있다." pos="X">있다.</wf>
      </sentence>
      <sentence id="d000.s1595" source="wordnet-korean">
         <instance id="d000.s1595.t000" lemma="설움" pos="NOUN">설움</instance>
         <wf lemma="을" pos="X">을</wf>
         <wf lemma="참다." pos="X">참다.</wf>
      </sentence>
      <sentence id="d000.s1596" source="wordnet-korean">
         <wf lemma="높은" pos="X">높은</wf>
         <instance id="d000.s1596.t000" lemma="소득" pos="NOUN">소득</instance>
         <wf lemma="." pos="X">.</wf>
      </sentence>
      <sentence id="d000.s1597" source="wordnet-korean">
         <instance id="d000.s1597.t000" lemma="볼" pos="NOUN">볼</instance>
         <wf lemma="이" pos="X">이</wf>
         <wf lemma="넓은" pos="X">넓은</wf>
         <wf lemma="신발." pos="X">신발.</wf>
      </sentence>
      <sentence id="d000.s1598" source="wordnet-korean">
         <wf lemma="잎담배" pos="X">잎담배</wf>
         <wf lemma="한" pos="X">한</wf>
         <instance id="d000.s1598.t000" lemma="줄" pos="NOUN">줄</instance>
         <wf lemma="." pos="X">.</wf>
      </sentence>
      <sentence id="d000.s1599" source="wordnet-korean">
         <wf lemma="꽃" pos="X">꽃</wf>
         <wf lemma="피는" pos="X">피는</wf>
         <instance id="d000.s1599.t000" lemma="시절" pos="NOUN">시절</instance>
         <wf lemma="." pos="X">.</wf>
      </sentence>
      <sentence id="d000.s1600" source="wordnet-korean">
         <wf lemma="한" pos="X">한</wf>
         <wf lemma="걸음만" pos="X">걸음만</wf>
         <wf lemma="더" pos="X">더</wf>
         <instance id="d000.s1600.t000" lemma="바깥쪽" pos="NOUN">바깥쪽</instance>
         <wf lemma="으로" pos="X">으로</wf>
         <wf lemma="물러서" pos="X">물러서</wf>
         <wf lemma="주시오." pos="X">주시오.</wf>
      </sentence>
      <sentence id="d000.s1601" source="wordnet-korean">
         <wf lemma="대화의" pos="X">대화의</wf>
         <instance id="d000.s1601.t000" lemma="광장" pos="NOUN">광장</instance>
         <wf lemma="." pos="X">.</wf>
      </sentence>
      <sentence id="d000.s1602" source="wordnet-korean">
         <wf lemma="일수가" pos="X">일수가</wf>
         <wf lemma="나빠" pos="X">나빠</wf>
         <wf lemma="그만" pos="X">그만</wf>
         <instance id="d000.s1602.t000" lemma="비운" pos="NOUN">비운</instance>
         <wf lemma="을" pos="X">을</wf>
         <wf lemma="당하셨습니다." pos="X">당하셨습니다.</wf>
      </sentence>
      <sentence id="d000.s1603" source="wordnet-korean">
         <wf lemma="공사가" pos="X">공사가</wf>
         <wf lemma="거의" pos="X">거의</wf>
         <instance id="d000.s1603.t000" lemma="마감" pos="NOUN">마감</instance>
         <wf lemma="이" pos="X">이</wf>
         <wf lemma="되어" pos="X">되어</wf>
         <wf lemma="간다." pos="X">간다.</wf>
      </sentence>
      <sentence id="d000.s1604" source="wordnet-korean">
         <instance id="d000.s1604.t000" lemma="급료" pos="NOUN">급료</instance>
         <wf lemma="를" pos="X">를</wf>
         <wf lemma="받다." pos="X">받다.</wf>
      </sentence>
      <sentence id="d000.s1605" source="wordnet-korean">
         <wf lemma="먼" pos="X">먼</wf>
         <wf lemma="마을의" pos="X">마을의</wf>
         <instance id="d000.s1605.t000" lemma="불빛" pos="NOUN">불빛</instance>
         <wf lemma="이" pos="X">이</wf>
         <wf lemma="깜박인다." pos="X">깜박인다.</wf>
      </sentence>
      <sentence id="d000.s1606" source="wordnet-korean">
         <wf lemma="초가집" pos="X">초가집</wf>
         <wf lemma="추녀에" pos="X">추녀에</wf>
         <wf lemma="매달린" pos="X">매달린</wf>
         <wf lemma="수정" pos="X">수정</wf>
         <wf lemma="같은" pos="X">같은</wf>
         <instance id="d000.s1606.t000" lemma="고드름" pos="NOUN">고드름</instance>
         <wf lemma="." pos="X">.</wf>
      </sentence>
      <sentence id="d000.s1607" source="wordnet-korean">
         <wf lemma="민족" pos="X">민족</wf>
         <wf lemma="문화의" pos="X">문화의</wf>
         <instance id="d000.s1607.t000" lemma="창조" pos="NOUN">창조</instance>
         <wf lemma="." pos="X">.</wf>
      </sentence>
      <sentence id="d000.s1608" source="wordnet-korean">
         <instance id="d000.s1608.t000" lemma="소동" pos="NOUN">소동</instance>
         <wf lemma="을" pos="X">을</wf>
         <wf lemma="일으키다." pos="X">일으키다.</wf>
      </sentence>
      <sentence id="d000.s1609" source="wordnet-korean">
         <wf lemma="무얼" pos="X">무얼</wf>
         <wf lemma="달라고" pos="X">달라고</wf>
         <wf lemma="그리" pos="X">그리</wf>
         <wf lemma="재랄" pos="X">재랄</wf>
         <instance id="d000.s1609.t000" lemma="발광" pos="NOUN">발광</instance>
         <wf lemma="을" pos="X">을</wf>
         <wf lemma="하고" pos="X">하고</wf>
         <wf lemma="있니?." pos="X">있니?.</wf>
      </sentence>
      <sentence id="d000.s1610" source="wordnet-korean">
         <wf lemma="그" pos="X">그</wf>
         <instance id="d000.s1610.t000" lemma="어른" pos="NOUN">어른</instance>
         <wf lemma="덕택에" pos="X">덕택에</wf>
         <wf lemma="우리도" pos="X">우리도</wf>
         <wf lemma="살" pos="X">살</wf>
         <wf lemma="만" pos="X">만</wf>
         <wf lemma="하게" pos="X">하게</wf>
         <wf lemma="되었지." pos="X">되었지.</wf>
      </sentence>
      <sentence id="d000.s1611" source="wordnet-korean">
         <wf lemma="통상" pos="X">통상</wf>
         <instance id="d000.s1611.t000" lemma="대표단" pos="NOUN">대표단</instance>
         <wf lemma="." pos="X">.</wf>
      </sentence>
      <sentence id="d000.s1612" source="wordnet-korean">
         <instance id="d000.s1612.t000" lemma="수련" pos="NOUN">수련</instance>
         <wf lemma="과정." pos="X">과정.</wf>
      </sentence>
      <sentence id="d000.s1613" source="wordnet-korean">
         <instance id="d000.s1613.t000" lemma="대" pos="NOUN">대</instance>
         <wf lemma="가" pos="X">가</wf>
         <wf lemma="굵게" pos="X">굵게</wf>
         <wf lemma="자랐다." pos="X">자랐다.</wf>
      </sentence>
      <sentence id="d000.s1614" source="wordnet-korean">
         <wf lemma="새" pos="X">새</wf>
         <wf lemma="기술의" pos="X">기술의</wf>
         <instance id="d000.s1614.t000" lemma="보급" pos="NOUN">보급</instance>
         <wf lemma="." pos="X">.</wf>
      </sentence>
      <sentence id="d000.s1615" source="wordnet-korean">
         <wf lemma="소방대" pos="X">소방대</wf>
         <instance id="d000.s1615.t000" lemma="대장" pos="NOUN">대장</instance>
         <wf lemma="." pos="X">.</wf>
      </sentence>
      <sentence id="d000.s1616" source="wordnet-korean">
         <instance id="d000.s1616.t000" lemma="부주" pos="NOUN">부주</instance>
         <wf lemma="를" pos="X">를</wf>
         <wf lemma="달다." pos="X">달다.</wf>
      </sentence>
      <sentence id="d000.s1617" source="wordnet-korean">
         <wf lemma="제" pos="X">제</wf>
         <instance id="d000.s1617.t000" lemma="딴" pos="NOUN">딴</instance>
         <wf lemma="은" pos="X">은</wf>
         <wf lemma="잘" pos="X">잘</wf>
         <wf lemma="한다는" pos="X">한다는</wf>
         <wf lemma="게" pos="X">게</wf>
         <wf lemma="그리" pos="X">그리</wf>
         <wf lemma="되었답니다." pos="X">되었답니다.</wf>
      </sentence>
      <sentence id="d000.s1618" source="wordnet-korean">
         <wf lemma="할아버지" pos="X">할아버지</wf>
         <instance id="d000.s1618.t000" lemma="대" pos="NOUN">대</instance>
         <wf lemma="에" pos="X">에</wf>
         <wf lemma="이르러…." pos="X">이르러….</wf>
      </sentence>
      <sentence id="d000.s1619" source="wordnet-korean">
         <wf lemma="냉동" pos="X">냉동</wf>
         <instance id="d000.s1619.t000" lemma="농축" pos="NOUN">농축</instance>
         <wf lemma="." pos="X">.</wf>
      </sentence>
      <sentence id="d000.s1620" source="wordnet-korean">
         <wf lemma="해외" pos="X">해외</wf>
         <instance id="d000.s1620.t000" lemma="특파원" pos="NOUN">특파원</instance>
         <wf lemma="." pos="X">.</wf>
      </sentence>
      <sentence id="d000.s1621" source="wordnet-korean">
         <wf lemma="모자에" pos="X">모자에</wf>
         <wf lemma="흰" pos="X">흰</wf>
         <instance id="d000.s1621.t000" lemma="테" pos="NOUN">테</instance>
         <wf lemma="를" pos="X">를</wf>
         <wf lemma="둘렀다." pos="X">둘렀다.</wf>
      </sentence>
      <sentence id="d000.s1622" source="wordnet-korean">
         <wf lemma="자식" pos="X">자식</wf>
         <instance id="d000.s1622.t000" lemma="복" pos="NOUN">복</instance>
         <wf lemma="." pos="X">.</wf>
      </sentence>
      <sentence id="d000.s1623" source="wordnet-korean">
         <instance id="d000.s1623.t000" lemma="강풍" pos="NOUN">강풍</instance>
         <wf lemma="을" pos="X">을</wf>
         <wf lemma="받아" pos="X">받아</wf>
         <wf lemma="배는" pos="X">배는</wf>
         <wf lemma="미끄러지듯" pos="X">미끄러지듯</wf>
         <wf lemma="하류로" pos="X">하류로</wf>
         <wf lemma="내려갔다." pos="X">내려갔다.</wf>
      </sentence>
      <sentence id="d000.s1624" source="wordnet-korean">
         <instance id="d000.s1624.t000" lemma="질" pos="NOUN">질</instance>
         <wf lemma="이" pos="X">이</wf>
         <wf lemma="좋은" pos="X">좋은</wf>
         <wf lemma="상품." pos="X">상품.</wf>
      </sentence>
      <sentence id="d000.s1625" source="wordnet-korean">
         <wf lemma="말의" pos="X">말의</wf>
         <wf lemma="사회적" pos="X">사회적</wf>
         <instance id="d000.s1625.t000" lemma="기능" pos="NOUN">기능</instance>
         <wf lemma="." pos="X">.</wf>
      </sentence>
      <sentence id="d000.s1626" source="wordnet-korean">
         <instance id="d000.s1626.t000" lemma="국회" pos="NOUN">국회</instance>
         <wf lemma="회기." pos="X">회기.</wf>
      </sentence>
      <sentence id="d000.s1627" source="wordnet-korean">
         <instance id="d000.s1627.t000" lemma="법" pos="NOUN">법</instance>
         <wf lemma="을" pos="X">을</wf>
         <wf lemma="지키다." pos="X">지키다.</wf>
      </sentence>
      <sentence id="d000.s1628" source="wordnet-korean">
         <instance id="d000.s1628.t000" lemma="갈색" pos="NOUN">갈색</instance>
         <wf lemma="양복." pos="X">양복.</wf>
      </sentence>
      <sentence id="d000.s1629" source="wordnet-korean">
         <instance id="d000.s1629.t000" lemma="복잡성" pos="NOUN">복잡성</instance>
         <wf lemma="을" pos="X">을</wf>
         <wf lemma="띤" pos="X">띤</wf>
         <wf lemma="일." pos="X">일.</wf>
      </sentence>
      <sentence id="d000.s1630" source="wordnet-korean">
         <wf lemma="두부" pos="X">두부</wf>
         <wf lemma="한" pos="X">한</wf>
         <instance id="d000.s1630.t000" lemma="모" pos="NOUN">모</instance>
         <wf lemma="." pos="X">.</wf>
      </sentence>
      <sentence id="d000.s1631" source="wordnet-korean">
         <instance id="d000.s1631.t000" lemma="필생" pos="NOUN">필생</instance>
         <wf lemma="의" pos="X">의</wf>
         <wf lemma="노력." pos="X">노력.</wf>
      </sentence>
      <sentence id="d000.s1632" source="wordnet-korean">
         <wf lemma="물자" pos="X">물자</wf>
         <instance id="d000.s1632.t000" lemma="관리" pos="NOUN">관리</instance>
         <wf lemma="." pos="X">.</wf>
      </sentence>
      <sentence id="d000.s1633" source="wordnet-korean">
         <instance id="d000.s1633.t000" lemma="예상" pos="NOUN">예상</instance>
         <wf lemma="을" pos="X">을</wf>
         <wf lemma="뒤엎다." pos="X">뒤엎다.</wf>
      </sentence>
      <sentence id="d000.s1634" source="wordnet-korean">
         <instance id="d000.s1634.t000" lemma="형벌" pos="NOUN">형벌</instance>
         <wf lemma="을" pos="X">을</wf>
         <wf lemma="받다." pos="X">받다.</wf>
      </sentence>
      <sentence id="d000.s1635" source="wordnet-korean">
         <instance id="d000.s1635.t000" lemma="당대" pos="NOUN">당대</instance>
         <wf lemma="에" pos="X">에</wf>
         <wf lemma="자네보다" pos="X">자네보다</wf>
         <wf lemma="훌륭한" pos="X">훌륭한</wf>
         <wf lemma="기업인이" pos="X">기업인이</wf>
         <wf lemma="누구란" pos="X">누구란</wf>
         <wf lemma="말인가?." pos="X">말인가?.</wf>
      </sentence>
      <sentence id="d000.s1636" source="wordnet-korean">
         <wf lemma="조선의" pos="X">조선의</wf>
         <wf lemma="4" pos="X">4</wf>
         <instance id="d000.s1636.t000" lemma="대" pos="NOUN">대</instance>
         <wf lemma="왕." pos="X">왕.</wf>
      </sentence>
      <sentence id="d000.s1637" source="wordnet-korean">
         <instance id="d000.s1637.t000" lemma="침" pos="NOUN">침</instance>
         <wf lemma="을" pos="X">을</wf>
         <wf lemma="뱉는다." pos="X">뱉는다.</wf>
      </sentence>
      <sentence id="d000.s1638" source="wordnet-korean">
         <instance id="d000.s1638.t000" lemma="상상력" pos="NOUN">상상력</instance>
         <wf lemma="과" pos="X">과</wf>
         <wf lemma="통찰력." pos="X">통찰력.</wf>
      </sentence>
      <sentence id="d000.s1639" source="wordnet-korean">
         <instance id="d000.s1639.t000" lemma="혀" pos="NOUN">혀</instance>
         <wf lemma="를" pos="X">를</wf>
         <wf lemma="날름거리다." pos="X">날름거리다.</wf>
      </sentence>
      <sentence id="d000.s1640" source="wordnet-korean">
         <wf lemma="경제" pos="X">경제</wf>
         <instance id="d000.s1640.t000" lemma="부흥" pos="NOUN">부흥</instance>
         <wf lemma="." pos="X">.</wf>
      </sentence>
      <sentence id="d000.s1641" source="wordnet-korean">
         <wf lemma="친구를" pos="X">친구를</wf>
         <instance id="d000.s1641.t000" lemma="기다리다" pos="VERB">기다리다</instance>
         <wf lemma="." pos="X">.</wf>
      </sentence>
      <sentence id="d000.s1642" source="wordnet-korean">
         <wf lemma="병역" pos="X">병역</wf>
         <instance id="d000.s1642.t000" lemma="면제" pos="NOUN">면제</instance>
         <wf lemma="." pos="X">.</wf>
      </sentence>
      <sentence id="d000.s1643" source="wordnet-korean">
         <wf lemma="봄의" pos="X">봄의</wf>
         <instance id="d000.s1643.t000" lemma="은총" pos="NOUN">은총</instance>
         <wf lemma="." pos="X">.</wf>
      </sentence>
      <sentence id="d000.s1644" source="wordnet-korean">
         <wf lemma="사소한" pos="X">사소한</wf>
         <instance id="d000.s1644.t000" lemma="말다툼" pos="NOUN">말다툼</instance>
         <wf lemma="에서" pos="X">에서</wf>
         <wf lemma="비롯되어" pos="X">비롯되어</wf>
         <wf lemma="큰" pos="X">큰</wf>
         <wf lemma="싸움으로" pos="X">싸움으로</wf>
         <wf lemma="변하다." pos="X">변하다.</wf>
      </sentence>
      <sentence id="d000.s1645" source="wordnet-korean">
         <instance id="d000.s1645.t000" lemma="배후" pos="NOUN">배후</instance>
         <wf lemma="에서" pos="X">에서</wf>
         <wf lemma="총을" pos="X">총을</wf>
         <wf lemma="쏘았다." pos="X">쏘았다.</wf>
      </sentence>
      <sentence id="d000.s1646" source="wordnet-korean">
         <wf lemma="그" pos="X">그</wf>
         <wf lemma="일에" pos="X">일에</wf>
         <instance id="d000.s1646.t000" lemma="탈" pos="NOUN">탈</instance>
         <wf lemma="이" pos="X">이</wf>
         <wf lemma="생겼다." pos="X">생겼다.</wf>
      </sentence>
      <sentence id="d000.s1647" source="wordnet-korean">
         <instance id="d000.s1647.t000" lemma="틀" pos="NOUN">틀</instance>
         <wf lemma="로" pos="X">로</wf>
         <wf lemma="찍다." pos="X">찍다.</wf>
      </sentence>
      <sentence id="d000.s1648" source="wordnet-korean">
         <instance id="d000.s1648.t000" lemma="액운" pos="NOUN">액운</instance>
         <wf lemma="을" pos="X">을</wf>
         <wf lemma="피하다." pos="X">피하다.</wf>
      </sentence>
      <sentence id="d000.s1649" source="wordnet-korean">
         <instance id="d000.s1649.t000" lemma="유혈" pos="NOUN">유혈</instance>
         <wf lemma="이" pos="X">이</wf>
         <wf lemma="낭자하다." pos="X">낭자하다.</wf>
      </sentence>
      <sentence id="d000.s1650" source="wordnet-korean">
         <instance id="d000.s1650.t000" lemma="섭씨" pos="NOUN">섭씨</instance>
         <wf lemma="영" pos="X">영</wf>
         <wf lemma="도는" pos="X">도는</wf>
         <wf lemma="화씨" pos="X">화씨</wf>
         <wf lemma="삼십" pos="X">삼십</wf>
         <wf lemma="이" pos="X">이</wf>
         <wf lemma="도이다." pos="X">도이다.</wf>
      </sentence>
      <sentence id="d000.s1651" source="wordnet-korean">
         <instance id="d000.s1651.t000" lemma="실비" pos="NOUN">실비</instance>
         <wf lemma="로" pos="X">로</wf>
         <wf lemma="제공한다." pos="X">제공한다.</wf>
      </sentence>
      <sentence id="d000.s1652" source="wordnet-korean">
         <wf lemma="뭐" pos="X">뭐</wf>
         <wf lemma="그런" pos="X">그런</wf>
         <instance id="d000.s1652.t000" lemma="자식" pos="NOUN">자식</instance>
         <wf lemma="이" pos="X">이</wf>
         <wf lemma="다" pos="X">다</wf>
         <wf lemma="있어." pos="X">있어.</wf>
      </sentence>
      <sentence id="d000.s1653" source="wordnet-korean">
         <wf lemma="인권의" pos="X">인권의</wf>
         <instance id="d000.s1653.t000" lemma="제일" pos="NOUN">제일</instance>
         <wf lemma="을" pos="X">을</wf>
         <wf lemma="구하여" pos="X">구하여</wf>
         <wf lemma="민주주의를" pos="X">민주주의를</wf>
         <wf lemma="신봉하고…." pos="X">신봉하고….</wf>
      </sentence>
      <sentence id="d000.s1654" source="wordnet-korean">
         <instance id="d000.s1654.t000" lemma="답변" pos="NOUN">답변</instance>
         <wf lemma="이" pos="X">이</wf>
         <wf lemma="시원찮다." pos="X">시원찮다.</wf>
      </sentence>
      <sentence id="d000.s1655" source="wordnet-korean">
         <wf lemma="공기와" pos="X">공기와</wf>
         <wf lemma="물은" pos="X">물은</wf>
         <wf lemma="중요한" pos="X">중요한</wf>
         <instance id="d000.s1655.t000" lemma="생활" pos="NOUN">생활</instance>
         <wf lemma="조건이다." pos="X">조건이다.</wf>
      </sentence>
      <sentence id="d000.s1656" source="wordnet-korean">
         <instance id="d000.s1656.t000" lemma="통제" pos="NOUN">통제</instance>
         <wf lemma="를" pos="X">를</wf>
         <wf lemma="벗어나다." pos="X">벗어나다.</wf>
      </sentence>
      <sentence id="d000.s1657" source="wordnet-korean">
         <instance id="d000.s1657.t000" lemma="불만족" pos="NOUN">불만족</instance>
         <wf lemma="을" pos="X">을</wf>
         <wf lemma="드러내다." pos="X">드러내다.</wf>
      </sentence>
      <sentence id="d000.s1658" source="wordnet-korean">
         <wf lemma="응접실용" pos="X">응접실용</wf>
         <wf lemma="탁자" pos="X">탁자</wf>
         <wf lemma="한" pos="X">한</wf>
         <instance id="d000.s1658.t000" lemma="조" pos="NOUN">조</instance>
         <wf lemma="." pos="X">.</wf>
      </sentence>
      <sentence id="d000.s1659" source="wordnet-korean">
         <instance id="d000.s1659.t000" lemma="감사" pos="NOUN">감사</instance>
         <wf lemma="를" pos="X">를</wf>
         <wf lemma="드리다." pos="X">드리다.</wf>
      </sentence>
      <sentence id="d000.s1660" source="wordnet-korean">
         <instance id="d000.s1660.t000" lemma="만족" pos="NOUN">만족</instance>
         <wf lemma="을" pos="X">을</wf>
         <wf lemma="느끼다." pos="X">느끼다.</wf>
      </sentence>
      <sentence id="d000.s1661" source="wordnet-korean">
         <wf lemma="나무" pos="X">나무</wf>
         <instance id="d000.s1661.t000" lemma="동강" pos="NOUN">동강</instance>
         <wf lemma="." pos="X">.</wf>
      </sentence>
      <sentence id="d000.s1662" source="wordnet-korean">
         <instance id="d000.s1662.t000" lemma="다소" pos="NOUN">다소</instance>
         <wf lemma="의" pos="X">의</wf>
         <wf lemma="노력만" pos="X">노력만</wf>
         <wf lemma="기울이면" pos="X">기울이면</wf>
         <wf lemma="된다." pos="X">된다.</wf>
      </sentence>
      <sentence id="d000.s1663" source="wordnet-korean">
         <wf lemma="총회의" pos="X">총회의</wf>
         <instance id="d000.s1663.t000" lemma="결정" pos="NOUN">결정</instance>
         <wf lemma="을" pos="X">을</wf>
         <wf lemma="따르다." pos="X">따르다.</wf>
      </sentence>
      <sentence id="d000.s1664" source="wordnet-korean">
         <instance id="d000.s1664.t000" lemma="패거리" pos="NOUN">패거리</instance>
         <wf lemma="를" pos="X">를</wf>
         <wf lemma="짓다." pos="X">짓다.</wf>
      </sentence>
      <sentence id="d000.s1665" source="wordnet-korean">
         <wf lemma="농" pos="X">농</wf>
         <instance id="d000.s1665.t000" lemma="공" pos="NOUN">공</instance>
         <wf lemma="상." pos="X">상.</wf>
      </sentence>
      <sentence id="d000.s1666" source="wordnet-korean">
         <wf lemma="미인" pos="X">미인</wf>
         <instance id="d000.s1666.t000" lemma="선발" pos="NOUN">선발</instance>
         <wf lemma="." pos="X">.</wf>
      </sentence>
      <sentence id="d000.s1667" source="wordnet-korean">
         <wf lemma="아무리" pos="X">아무리</wf>
         <wf lemma="좋은" pos="X">좋은</wf>
         <wf lemma="옷도" pos="X">옷도</wf>
         <instance id="d000.s1667.t000" lemma="제철" pos="NOUN">제철</instance>
         <wf lemma="에" pos="X">에</wf>
         <wf lemma="입어야지." pos="X">입어야지.</wf>
      </sentence>
      <sentence id="d000.s1668" source="wordnet-korean">
         <instance id="d000.s1668.t000" lemma="검사" pos="NOUN">검사</instance>
         <wf lemma="는" pos="X">는</wf>
         <wf lemma="각자가" pos="X">각자가</wf>
         <wf lemma="국가를" pos="X">국가를</wf>
         <wf lemma="대표하여" pos="X">대표하여</wf>
         <wf lemma="검찰권을" pos="X">검찰권을</wf>
         <wf lemma="행사하는" pos="X">행사하는</wf>
         <wf lemma="독립" pos="X">독립</wf>
         <wf lemma="관청이다." pos="X">관청이다.</wf>
      </sentence>
      <sentence id="d000.s1669" source="wordnet-korean">
         <wf lemma="이젠" pos="X">이젠</wf>
         <instance id="d000.s1669.t000" lemma="탈" pos="NOUN">탈</instance>
         <wf lemma="을" pos="X">을</wf>
         <wf lemma="벗겨" pos="X">벗겨</wf>
         <wf lemma="그" pos="X">그</wf>
         <wf lemma="자의" pos="X">자의</wf>
         <wf lemma="정체를" pos="X">정체를</wf>
         <wf lemma="밝힐" pos="X">밝힐</wf>
         <wf lemma="때가" pos="X">때가</wf>
         <wf lemma="되었다." pos="X">되었다.</wf>
      </sentence>
      <sentence id="d000.s1670" source="wordnet-korean">
         <instance id="d000.s1670.t000" lemma="비행기" pos="NOUN">비행기</instance>
         <wf lemma="가" pos="X">가</wf>
         <wf lemma="내려앉는다." pos="X">내려앉는다.</wf>
      </sentence>
      <sentence id="d000.s1671" source="wordnet-korean">
         <wf lemma="풍파를" pos="X">풍파를</wf>
         <wf lemma="만난" pos="X">만난</wf>
         <instance id="d000.s1671.t000" lemma="배" pos="NOUN">배</instance>
         <wf lemma="." pos="X">.</wf>
      </sentence>
      <sentence id="d000.s1672" source="wordnet-korean">
         <wf lemma="섬진강은" pos="X">섬진강은</wf>
         <wf lemma="경상도와" pos="X">경상도와</wf>
         <wf lemma="전라도의" pos="X">전라도의</wf>
         <instance id="d000.s1672.t000" lemma="경계" pos="NOUN">경계</instance>
         <wf lemma="가" pos="X">가</wf>
         <wf lemma="된다." pos="X">된다.</wf>
      </sentence>
      <sentence id="d000.s1673" source="wordnet-korean">
         <instance id="d000.s1673.t000" lemma="담론" pos="NOUN">담론</instance>
         <wf lemma="을" pos="X">을</wf>
         <wf lemma="즐기다." pos="X">즐기다.</wf>
      </sentence>
      <sentence id="d000.s1674" source="wordnet-korean">
         <wf lemma="자기" pos="X">자기</wf>
         <instance id="d000.s1674.t000" lemma="비하" pos="NOUN">비하</instance>
         <wf lemma="는" pos="X">는</wf>
         <wf lemma="우월감의" pos="X">우월감의</wf>
         <wf lemma="표시일" pos="X">표시일</wf>
         <wf lemma="수도" pos="X">수도</wf>
         <wf lemma="있다." pos="X">있다.</wf>
      </sentence>
      <sentence id="d000.s1675" source="wordnet-korean">
         <wf lemma="물자" pos="X">물자</wf>
         <instance id="d000.s1675.t000" lemma="소모" pos="NOUN">소모</instance>
         <wf lemma="." pos="X">.</wf>
      </sentence>
      <sentence id="d000.s1676" source="wordnet-korean">
         <instance id="d000.s1676.t000" lemma="예고" pos="NOUN">예고</instance>
         <wf lemma="를" pos="X">를</wf>
         <wf lemma="받다." pos="X">받다.</wf>
      </sentence>
      <sentence id="d000.s1677" source="wordnet-korean">
         <instance id="d000.s1677.t000" lemma="반항" pos="NOUN">반항</instance>
         <wf lemma="을" pos="X">을</wf>
         <wf lemma="불러일으키다." pos="X">불러일으키다.</wf>
      </sentence>
      <sentence id="d000.s1678" source="wordnet-korean">
         <instance id="d000.s1678.t000" lemma="냉동" pos="NOUN">냉동</instance>
         <wf lemma="야채." pos="X">야채.</wf>
      </sentence>
      <sentence id="d000.s1679" source="wordnet-korean">
         <wf lemma="무슨" pos="X">무슨</wf>
         <wf lemma="곡식과" pos="X">곡식과</wf>
         <wf lemma="실과든지" pos="X">실과든지</wf>
         <instance id="d000.s1679.t000" lemma="종자" pos="NOUN">종자</instance>
         <wf lemma="가" pos="X">가</wf>
         <wf lemma="좋아야" pos="X">좋아야</wf>
         <wf lemma="열매가" pos="X">열매가</wf>
         <wf lemma="좋게" pos="X">좋게</wf>
         <wf lemma="되는" pos="X">되는</wf>
         <wf lemma="법인" pos="X">법인</wf>
         <wf lemma="고로…." pos="X">고로….</wf>
      </sentence>
      <sentence id="d000.s1680" source="wordnet-korean">
         <wf lemma="잡은" pos="X">잡은</wf>
         <wf lemma="새" pos="X">새</wf>
         <wf lemma="한" pos="X">한</wf>
         <wf lemma="마리가" pos="X">마리가</wf>
         <wf lemma="숲" pos="X">숲</wf>
         <wf lemma="속의" pos="X">속의</wf>
         <wf lemma="새" pos="X">새</wf>
         <wf lemma="두" pos="X">두</wf>
         <wf lemma="마리보다" pos="X">마리보다</wf>
         <instance id="d000.s1680.t000" lemma="가치" pos="NOUN">가치</instance>
         <wf lemma="가" pos="X">가</wf>
         <wf lemma="있다." pos="X">있다.</wf>
      </sentence>
      <sentence id="d000.s1681" source="wordnet-korean">
         <wf lemma="저녁에" pos="X">저녁에</wf>
         <wf lemma="집을" pos="X">집을</wf>
         <wf lemma="나서는데" pos="X">나서는데</wf>
         <wf lemma="제법" pos="X">제법</wf>
         <wf lemma="굵은" pos="X">굵은</wf>
         <instance id="d000.s1681.t000" lemma="빗방울" pos="NOUN">빗방울</instance>
         <wf lemma="이" pos="X">이</wf>
         <wf lemma="후두둑" pos="X">후두둑</wf>
         <wf lemma="떨어졌다." pos="X">떨어졌다.</wf>
      </sentence>
      <sentence id="d000.s1682" source="wordnet-korean">
         <instance id="d000.s1682.t000" lemma="다툼" pos="NOUN">다툼</instance>
         <wf lemma="을" pos="X">을</wf>
         <wf lemma="벌이다." pos="X">벌이다.</wf>
      </sentence>
      <sentence id="d000.s1683" source="wordnet-korean">
         <instance id="d000.s1683.t000" lemma="값" pos="NOUN">값</instance>
         <wf lemma="을" pos="X">을</wf>
         <wf lemma="치르다." pos="X">치르다.</wf>
      </sentence>
      <sentence id="d000.s1684" source="wordnet-korean">
         <instance id="d000.s1684.t000" lemma="간부" pos="NOUN">간부</instance>
         <wf lemma="간담회." pos="X">간담회.</wf>
      </sentence>
      <sentence id="d000.s1685" source="wordnet-korean">
         <wf lemma="태도" pos="X">태도</wf>
         <instance id="d000.s1685.t000" lemma="결정" pos="NOUN">결정</instance>
         <wf lemma="." pos="X">.</wf>
      </sentence>
      <sentence id="d000.s1686" source="wordnet-korean">
         <instance id="d000.s1686.t000" lemma="물의" pos="NOUN">물의</instance>
         <wf lemma="가" pos="X">가</wf>
         <wf lemma="일어났다." pos="X">일어났다.</wf>
      </sentence>
      <sentence id="d000.s1687" source="wordnet-korean">
         <instance id="d000.s1687.t000" lemma="끝" pos="NOUN">끝</instance>
         <wf lemma="이" pos="X">이</wf>
         <wf lemma="없는" pos="X">없는</wf>
         <wf lemma="시간." pos="X">시간.</wf>
      </sentence>
      <sentence id="d000.s1688" source="wordnet-korean">
         <instance id="d000.s1688.t000" lemma="거부" pos="NOUN">거부</instance>
         <wf lemma="가" pos="X">가</wf>
         <wf lemma="되다." pos="X">되다.</wf>
      </sentence>
      <sentence id="d000.s1689" source="wordnet-korean">
         <wf lemma="누군가의" pos="X">누군가의</wf>
         <instance id="d000.s1689.t000" lemma="지어미" pos="NOUN">지어미</instance>
         <wf lemma="가" pos="X">가</wf>
         <wf lemma="될" pos="X">될</wf>
         <wf lemma="몸으로서" pos="X">몸으로서</wf>
         <wf lemma="행실을" pos="X">행실을</wf>
         <wf lemma="단정히" pos="X">단정히</wf>
         <wf lemma="함이" pos="X">함이</wf>
         <wf lemma="도리이거늘." pos="X">도리이거늘.</wf>
      </sentence>
      <sentence id="d000.s1690" source="wordnet-korean">
         <instance id="d000.s1690.t000" lemma="실질" pos="NOUN">실질</instance>
         <wf lemma="소득." pos="X">소득.</wf>
      </sentence>
      <sentence id="d000.s1691" source="wordnet-korean">
         <instance id="d000.s1691.t000" lemma="눈치" pos="NOUN">눈치</instance>
         <wf lemma="가" pos="X">가</wf>
         <wf lemma="훤히" pos="X">훤히</wf>
         <wf lemma="보인다." pos="X">보인다.</wf>
      </sentence>
      <sentence id="d000.s1692" source="wordnet-korean">
         <wf lemma="여기서" pos="X">여기서</wf>
         <instance id="d000.s1692.t000" lemma="하루" pos="NOUN">하루</instance>
         <wf lemma="를" pos="X">를</wf>
         <wf lemma="더" pos="X">더</wf>
         <wf lemma="묵고" pos="X">묵고</wf>
         <wf lemma="가기로" pos="X">가기로</wf>
         <wf lemma="하였다." pos="X">하였다.</wf>
      </sentence>
      <sentence id="d000.s1693" source="wordnet-korean">
         <wf lemma="장딴지에" pos="X">장딴지에</wf>
         <instance id="d000.s1693.t000" lemma="알" pos="NOUN">알</instance>
         <wf lemma="이" pos="X">이</wf>
         <wf lemma="배다." pos="X">배다.</wf>
      </sentence>
      <sentence id="d000.s1694" source="wordnet-korean">
         <instance id="d000.s1694.t000" lemma="아파트" pos="NOUN">아파트</instance>
         <wf lemma="단지." pos="X">단지.</wf>
      </sentence>
      <sentence id="d000.s1695" source="wordnet-korean">
         <instance id="d000.s1695.t000" lemma="근심" pos="NOUN">근심</instance>
         <wf lemma="이" pos="X">이</wf>
         <wf lemma="많다." pos="X">많다.</wf>
      </sentence>
      <sentence id="d000.s1696" source="wordnet-korean">
         <wf lemma="연구소의" pos="X">연구소의</wf>
         <instance id="d000.s1696.t000" lemma="발족" pos="NOUN">발족</instance>
         <wf lemma="." pos="X">.</wf>
      </sentence>
      <sentence id="d000.s1697" source="wordnet-korean">
         <instance id="d000.s1697.t000" lemma="옛모습" pos="NOUN">옛모습</instance>
         <wf lemma="이" pos="X">이</wf>
         <wf lemma="남아" pos="X">남아</wf>
         <wf lemma="있다." pos="X">있다.</wf>
      </sentence>
      <sentence id="d000.s1698" source="wordnet-korean">
         <wf lemma="경제" pos="X">경제</wf>
         <instance id="d000.s1698.t000" lemma="이론" pos="NOUN">이론</instance>
         <wf lemma="." pos="X">.</wf>
      </sentence>
      <sentence id="d000.s1699" source="wordnet-korean">
         <wf lemma="부산으로" pos="X">부산으로</wf>
         <wf lemma="떠날" pos="X">떠날</wf>
         <instance id="d000.s1699.t000" lemma="여객" pos="NOUN">여객</instance>
         <wf lemma="들로" pos="X">들로</wf>
         <wf lemma="온통" pos="X">온통</wf>
         <wf lemma="붐비었다." pos="X">붐비었다.</wf>
      </sentence>
      <sentence id="d000.s1700" source="wordnet-korean">
         <instance id="d000.s1700.t000" lemma="실" pos="NOUN">실</instance>
         <wf lemma="을" pos="X">을</wf>
         <wf lemma="뽑다." pos="X">뽑다.</wf>
      </sentence>
      <sentence id="d000.s1701" source="wordnet-korean">
         <wf lemma="신체의" pos="X">신체의</wf>
         <instance id="d000.s1701.t000" lemma="기능" pos="NOUN">기능</instance>
         <wf lemma="." pos="X">.</wf>
      </sentence>
      <sentence id="d000.s1702" source="wordnet-korean">
         <instance id="d000.s1702.t000" lemma="노기" pos="NOUN">노기</instance>
         <wf lemma="어린" pos="X">어린</wf>
         <wf lemma="표정." pos="X">표정.</wf>
      </sentence>
      <sentence id="d000.s1703" source="wordnet-korean">
         <instance id="d000.s1703.t000" lemma="구간" pos="NOUN">구간</instance>
         <wf lemma="거리." pos="X">거리.</wf>
      </sentence>
      <sentence id="d000.s1704" source="wordnet-korean">
         <wf lemma="좋은" pos="X">좋은</wf>
         <instance id="d000.s1704.t000" lemma="세상" pos="NOUN">세상</instance>
         <wf lemma="." pos="X">.</wf>
      </sentence>
      <sentence id="d000.s1705" source="wordnet-korean">
         <wf lemma="이렇다" pos="X">이렇다</wf>
         <wf lemma="할" pos="X">할</wf>
         <instance id="d000.s1705.t000" lemma="탈" pos="NOUN">탈</instance>
         <wf lemma="이라고는" pos="X">이라고는</wf>
         <wf lemma="전혀" pos="X">전혀</wf>
         <wf lemma="없었다." pos="X">없었다.</wf>
      </sentence>
      <sentence id="d000.s1706" source="wordnet-korean">
         <wf lemma="감정" pos="X">감정</wf>
         <instance id="d000.s1706.t000" lemma="노출" pos="NOUN">노출</instance>
         <wf lemma="." pos="X">.</wf>
      </sentence>
      <sentence id="d000.s1707" source="wordnet-korean">
         <instance id="d000.s1707.t000" lemma="공터" pos="NOUN">공터</instance>
         <wf lemma="에" pos="X">에</wf>
         <wf lemma="나가" pos="X">나가</wf>
         <wf lemma="술래잡기를" pos="X">술래잡기를</wf>
         <wf lemma="하다." pos="X">하다.</wf>
      </sentence>
      <sentence id="d000.s1708" source="wordnet-korean">
         <instance id="d000.s1708.t000" lemma="기계" pos="NOUN">기계</instance>
         <wf lemma="장치." pos="X">장치.</wf>
      </sentence>
      <sentence id="d000.s1709" source="wordnet-korean">
         <instance id="d000.s1709.t000" lemma="제비" pos="NOUN">제비</instance>
         <wf lemma="를" pos="X">를</wf>
         <wf lemma="뽑다." pos="X">뽑다.</wf>
      </sentence>
      <sentence id="d000.s1710" source="wordnet-korean">
         <wf lemma="동물" pos="X">동물</wf>
         <instance id="d000.s1710.t000" lemma="애호가" pos="NOUN">애호가</instance>
         <wf lemma="." pos="X">.</wf>
      </sentence>
      <sentence id="d000.s1711" source="wordnet-korean">
         <wf lemma="휴가에" pos="X">휴가에</wf>
         <instance id="d000.s1711.t000" lemma="들어가다" pos="VERB">들어가다</instance>
         <wf lemma="." pos="X">.</wf>
      </sentence>
      <sentence id="d000.s1712" source="wordnet-korean">
         <instance id="d000.s1712.t000" lemma="당파" pos="NOUN">당파</instance>
         <wf lemma="난립." pos="X">난립.</wf>
      </sentence>
      <sentence id="d000.s1713" source="wordnet-korean">
         <instance id="d000.s1713.t000" lemma="가인" pos="NOUN">가인</instance>
         <wf lemma="재자." pos="X">재자.</wf>
      </sentence>
      <sentence id="d000.s1714" source="wordnet-korean">
         <wf lemma="가을은" pos="X">가을은</wf>
         <instance id="d000.s1714.t000" lemma="결실" pos="NOUN">결실</instance>
         <wf lemma="의" pos="X">의</wf>
         <wf lemma="계절이다." pos="X">계절이다.</wf>
      </sentence>
      <sentence id="d000.s1715" source="wordnet-korean">
         <wf lemma="필요는" pos="X">필요는</wf>
         <instance id="d000.s1715.t000" lemma="발명" pos="NOUN">발명</instance>
         <wf lemma="의" pos="X">의</wf>
         <wf lemma="어머니라는" pos="X">어머니라는</wf>
         <wf lemma="말이" pos="X">말이</wf>
         <wf lemma="있다." pos="X">있다.</wf>
      </sentence>
      <sentence id="d000.s1716" source="wordnet-korean">
         <wf lemma="세상의" pos="X">세상의</wf>
         <instance id="d000.s1716.t000" lemma="변천" pos="NOUN">변천</instance>
         <wf lemma="." pos="X">.</wf>
      </sentence>
      <sentence id="d000.s1717" source="wordnet-korean">
         <wf lemma="동작이" pos="X">동작이</wf>
         <instance id="d000.s1717.t000" lemma="절도" pos="NOUN">절도</instance>
         <wf lemma="가" pos="X">가</wf>
         <wf lemma="있다." pos="X">있다.</wf>
      </sentence>
      <sentence id="d000.s1718" source="wordnet-korean">
         <instance id="d000.s1718.t000" lemma="보조" pos="NOUN">보조</instance>
         <wf lemma="를" pos="X">를</wf>
         <wf lemma="받다." pos="X">받다.</wf>
      </sentence>
      <sentence id="d000.s1719" source="wordnet-korean">
         <wf lemma="생활" pos="X">생활</wf>
         <instance id="d000.s1719.t000" lemma="안정" pos="NOUN">안정</instance>
         <wf lemma="." pos="X">.</wf>
      </sentence>
      <sentence id="d000.s1720" source="wordnet-korean">
         <wf lemma="국가의" pos="X">국가의</wf>
         <instance id="d000.s1720.t000" lemma="안위" pos="NOUN">안위</instance>
         <wf lemma="가" pos="X">가</wf>
         <wf lemma="일신에" pos="X">일신에</wf>
         <wf lemma="달렸으며" pos="X">달렸으며</wf>
         <wf lemma="종사의" pos="X">종사의</wf>
         <wf lemma="중대함이" pos="X">중대함이</wf>
         <wf lemma="진퇴에" pos="X">진퇴에</wf>
         <wf lemma="매였거늘…." pos="X">매였거늘….</wf>
      </sentence>
      <sentence id="d000.s1721" source="wordnet-korean">
         <wf lemma="짐승의" pos="X">짐승의</wf>
         <instance id="d000.s1721.t000" lemma="밥" pos="NOUN">밥</instance>
         <wf lemma="." pos="X">.</wf>
      </sentence>
      <sentence id="d000.s1722" source="wordnet-korean">
         <instance id="d000.s1722.t000" lemma="전위" pos="NOUN">전위</instance>
         <wf lemma="의" pos="X">의</wf>
         <wf lemma="구실." pos="X">구실.</wf>
      </sentence>
      <sentence id="d000.s1723" source="wordnet-korean">
         <instance id="d000.s1723.t000" lemma="관찰" pos="NOUN">관찰</instance>
         <wf lemma="과" pos="X">과</wf>
         <wf lemma="실험." pos="X">실험.</wf>
      </sentence>
      <sentence id="d000.s1724" source="wordnet-korean">
         <wf lemma="그의" pos="X">그의</wf>
         <wf lemma="이야기" pos="X">이야기</wf>
         <wf lemma="속에는" pos="X">속에는</wf>
         <instance id="d000.s1724.t000" lemma="일분" pos="NOUN">일분</instance>
         <wf lemma="의" pos="X">의</wf>
         <wf lemma="거짓도" pos="X">거짓도</wf>
         <wf lemma="없다." pos="X">없다.</wf>
      </sentence>
      <sentence id="d000.s1725" source="wordnet-korean">
         <instance id="d000.s1725.t000" lemma="설움" pos="NOUN">설움</instance>
         <wf lemma="을" pos="X">을</wf>
         <wf lemma="못" pos="X">못</wf>
         <wf lemma="이기다." pos="X">이기다.</wf>
      </sentence>
      <sentence id="d000.s1726" source="wordnet-korean">
         <wf lemma="발전의" pos="X">발전의</wf>
         <instance id="d000.s1726.t000" lemma="요인" pos="NOUN">요인</instance>
         <wf lemma="." pos="X">.</wf>
      </sentence>
      <sentence id="d000.s1727" source="wordnet-korean">
         <instance id="d000.s1727.t000" lemma="신" pos="NOUN">신</instance>
         <wf lemma="을" pos="X">을</wf>
         <wf lemma="신다." pos="X">신다.</wf>
      </sentence>
      <sentence id="d000.s1728" source="wordnet-korean">
         <instance id="d000.s1728.t000" lemma="처음" pos="NOUN">처음</instance>
         <wf lemma="에는" pos="X">에는</wf>
         <wf lemma="누구나" pos="X">누구나</wf>
         <wf lemma="그렇게" pos="X">그렇게</wf>
         <wf lemma="생각한다." pos="X">생각한다.</wf>
      </sentence>
      <sentence id="d000.s1729" source="wordnet-korean">
         <wf lemma="추워서" pos="X">추워서</wf>
         <instance id="d000.s1729.t000" lemma="마스크" pos="NOUN">마스크</instance>
         <wf lemma="를" pos="X">를</wf>
         <wf lemma="했다." pos="X">했다.</wf>
      </sentence>
      <sentence id="d000.s1730" source="wordnet-korean">
         <instance id="d000.s1730.t000" lemma="건축" pos="NOUN">건축</instance>
         <wf lemma="설계." pos="X">설계.</wf>
      </sentence>
      <sentence id="d000.s1731" source="wordnet-korean">
         <wf lemma="법률의" pos="X">법률의</wf>
         <instance id="d000.s1731.t000" lemma="시행" pos="NOUN">시행</instance>
         <wf lemma="을" pos="X">을</wf>
         <wf lemma="위한" pos="X">위한</wf>
         <wf lemma="집행명령." pos="X">집행명령.</wf>
      </sentence>
      <sentence id="d000.s1732" source="wordnet-korean">
         <instance id="d000.s1732.t000" lemma="일손" pos="NOUN">일손</instance>
         <wf lemma="이" pos="X">이</wf>
         <wf lemma="곱다." pos="X">곱다.</wf>
      </sentence>
      <sentence id="d000.s1733" source="wordnet-korean">
         <wf lemma="활동의" pos="X">활동의</wf>
         <instance id="d000.s1733.t000" lemma="근거지" pos="NOUN">근거지</instance>
         <wf lemma="." pos="X">.</wf>
      </sentence>
      <sentence id="d000.s1734" source="wordnet-korean">
         <wf lemma="지난" pos="X">지난</wf>
         <instance id="d000.s1734.t000" lemma="세대" pos="NOUN">세대</instance>
         <wf lemma="의" pos="X">의</wf>
         <wf lemma="잘못을" pos="X">잘못을</wf>
         <wf lemma="되풀이하지" pos="X">되풀이하지</wf>
         <wf lemma="말아야" pos="X">말아야</wf>
         <wf lemma="할" pos="X">할</wf>
         <wf lemma="것이다." pos="X">것이다.</wf>
      </sentence>
      <sentence id="d000.s1735" source="wordnet-korean">
         <instance id="d000.s1735.t000" lemma="뭍" pos="NOUN">뭍</instance>
         <wf lemma="은" pos="X">은</wf>
         <wf lemma="자연" pos="X">자연</wf>
         <wf lemma="박물관." pos="X">박물관.</wf>
      </sentence>
      <sentence id="d000.s1736" source="wordnet-korean">
         <wf lemma="어버이의" pos="X">어버이의</wf>
         <instance id="d000.s1736.t000" lemma="심정" pos="NOUN">심정</instance>
         <wf lemma="." pos="X">.</wf>
      </sentence>
      <sentence id="d000.s1737" source="wordnet-korean">
         <instance id="d000.s1737.t000" lemma="분해" pos="NOUN">분해</instance>
         <wf lemma="소제." pos="X">소제.</wf>
      </sentence>
      <sentence id="d000.s1738" source="wordnet-korean">
         <instance id="d000.s1738.t000" lemma="밥" pos="NOUN">밥</instance>
         <wf lemma="이" pos="X">이</wf>
         <wf lemma="질다." pos="X">질다.</wf>
      </sentence>
      <sentence id="d000.s1739" source="wordnet-korean">
         <instance id="d000.s1739.t000" lemma="날씨" pos="NOUN">날씨</instance>
         <wf lemma="가" pos="X">가</wf>
         <wf lemma="좋다." pos="X">좋다.</wf>
      </sentence>
      <sentence id="d000.s1740" source="wordnet-korean">
         <instance id="d000.s1740.t000" lemma="산고" pos="NOUN">산고</instance>
         <wf lemma="가" pos="X">가</wf>
         <wf lemma="들다." pos="X">들다.</wf>
      </sentence>
      <sentence id="d000.s1741" source="wordnet-korean">
         <instance id="d000.s1741.t000" lemma="머리" pos="NOUN">머리</instance>
         <wf lemma="가" pos="X">가</wf>
         <wf lemma="세다." pos="X">세다.</wf>
      </sentence>
      <sentence id="d000.s1742" source="wordnet-korean">
         <wf lemma="밝은" pos="X">밝은</wf>
         <instance id="d000.s1742.t000" lemma="정신" pos="NOUN">정신</instance>
         <wf lemma="." pos="X">.</wf>
      </sentence>
      <sentence id="d000.s1743" source="wordnet-korean">
         <wf lemma="자넨" pos="X">자넨</wf>
         <wf lemma="남다른" pos="X">남다른</wf>
         <instance id="d000.s1743.t000" lemma="기호" pos="NOUN">기호</instance>
         <wf lemma="라도" pos="X">라도</wf>
         <wf lemma="있는가?." pos="X">있는가?.</wf>
      </sentence>
      <sentence id="d000.s1744" source="wordnet-korean">
         <wf lemma="음악" pos="X">음악</wf>
         <instance id="d000.s1744.t000" lemma="서클" pos="NOUN">서클</instance>
         <wf lemma="." pos="X">.</wf>
      </sentence>
      <sentence id="d000.s1745" source="wordnet-korean">
         <wf lemma="그" pos="X">그</wf>
         <instance id="d000.s1745.t000" lemma="딴" pos="NOUN">딴</instance>
         <wf lemma="으로는" pos="X">으로는</wf>
         <wf lemma="잘한" pos="X">잘한</wf>
         <wf lemma="셈이다." pos="X">셈이다.</wf>
      </sentence>
      <sentence id="d000.s1746" source="wordnet-korean">
         <wf lemma="침통한" pos="X">침통한</wf>
         <instance id="d000.s1746.t000" lemma="낯빛" pos="NOUN">낯빛</instance>
         <wf lemma="." pos="X">.</wf>
      </sentence>
      <sentence id="d000.s1747" source="wordnet-korean">
         <wf lemma="이" pos="X">이</wf>
         <instance id="d000.s1747.t000" lemma="새끼" pos="NOUN">새끼</instance>
         <wf lemma="야." pos="X">야.</wf>
      </sentence>
      <sentence id="d000.s1748" source="wordnet-korean">
         <instance id="d000.s1748.t000" lemma="비율" pos="NOUN">비율</instance>
         <wf lemma="이" pos="X">이</wf>
         <wf lemma="낮다." pos="X">낮다.</wf>
      </sentence>
      <sentence id="d000.s1749" source="wordnet-korean">
         <wf lemma="마당" pos="X">마당</wf>
         <instance id="d000.s1749.t000" lemma="바닥" pos="NOUN">바닥</instance>
         <wf lemma="." pos="X">.</wf>
      </sentence>
      <sentence id="d000.s1750" source="wordnet-korean">
         <instance id="d000.s1750.t000" lemma="과정" pos="NOUN">과정</instance>
         <wf lemma="을" pos="X">을</wf>
         <wf lemma="마치다." pos="X">마치다.</wf>
      </sentence>
      <sentence id="d000.s1751" source="wordnet-korean">
         <wf lemma="기록을" pos="X">기록을</wf>
         <instance id="d000.s1751.t000" lemma="다투다" pos="VERB">다투다</instance>
         <wf lemma="." pos="X">.</wf>
      </sentence>
      <sentence id="d000.s1752" source="wordnet-korean">
         <wf lemma="한때는" pos="X">한때는</wf>
         <wf lemma="바지가랑이를" pos="X">바지가랑이를</wf>
         <wf lemma="좁게" pos="X">좁게</wf>
         <wf lemma="입더니" pos="X">입더니</wf>
         <wf lemma="요사이는" pos="X">요사이는</wf>
         <wf lemma="넓게" pos="X">넓게</wf>
         <wf lemma="입는" pos="X">입는</wf>
         <instance id="d000.s1752.t000" lemma="바람" pos="NOUN">바람</instance>
         <wf lemma="이" pos="X">이</wf>
         <wf lemma="불고" pos="X">불고</wf>
         <wf lemma="있다." pos="X">있다.</wf>
      </sentence>
      <sentence id="d000.s1753" source="wordnet-korean">
         <wf lemma="도와" pos="X">도와</wf>
         <wf lemma="드릴" pos="X">드릴</wf>
         <instance id="d000.s1753.t000" lemma="용의" pos="NOUN">용의</instance>
         <wf lemma="는" pos="X">는</wf>
         <wf lemma="있지만" pos="X">있지만</wf>
         <wf lemma="틈이" pos="X">틈이</wf>
         <wf lemma="없습니다." pos="X">없습니다.</wf>
      </sentence>
      <sentence id="d000.s1754" source="wordnet-korean">
         <wf lemma="소곤거리는" pos="X">소곤거리는</wf>
         <instance id="d000.s1754.t000" lemma="소리" pos="NOUN">소리</instance>
         <wf lemma="." pos="X">.</wf>
      </sentence>
      <sentence id="d000.s1755" source="wordnet-korean">
         <wf lemma="밥을" pos="X">밥을</wf>
         <instance id="d000.s1755.t000" lemma="태우다" pos="VERB">태우다</instance>
         <wf lemma="." pos="X">.</wf>
      </sentence>
      <sentence id="d000.s1756" source="wordnet-korean">
         <instance id="d000.s1756.t000" lemma="냄새" pos="NOUN">냄새</instance>
         <wf lemma="가" pos="X">가</wf>
         <wf lemma="좋다." pos="X">좋다.</wf>
      </sentence>
      <sentence id="d000.s1757" source="wordnet-korean">
         <wf lemma="새로운" pos="X">새로운</wf>
         <instance id="d000.s1757.t000" lemma="설" pos="NOUN">설</instance>
         <wf lemma="이" pos="X">이</wf>
         <wf lemma="나왔다." pos="X">나왔다.</wf>
      </sentence>
      <sentence id="d000.s1758" source="wordnet-korean">
         <wf lemma="점잖은" pos="X">점잖은</wf>
         <instance id="d000.s1758.t000" lemma="말투" pos="NOUN">말투</instance>
         <wf lemma="." pos="X">.</wf>
      </sentence>
      <sentence id="d000.s1759" source="wordnet-korean">
         <wf lemma="의무의" pos="X">의무의</wf>
         <instance id="d000.s1759.t000" lemma="이행" pos="NOUN">이행</instance>
         <wf lemma="." pos="X">.</wf>
      </sentence>
      <sentence id="d000.s1760" source="wordnet-korean">
         <wf lemma="다른" pos="X">다른</wf>
         <instance id="d000.s1760.t000" lemma="견해" pos="NOUN">견해</instance>
         <wf lemma="가" pos="X">가</wf>
         <wf lemma="나왔다." pos="X">나왔다.</wf>
      </sentence>
      <sentence id="d000.s1761" source="wordnet-korean">
         <wf lemma="은행" pos="X">은행</wf>
         <instance id="d000.s1761.t000" lemma="신용" pos="NOUN">신용</instance>
         <wf lemma="." pos="X">.</wf>
      </sentence>
      <sentence id="d000.s1762" source="wordnet-korean">
         <instance id="d000.s1762.t000" lemma="극장" pos="NOUN">극장</instance>
         <wf lemma="에" pos="X">에</wf>
         <wf lemma="가다." pos="X">가다.</wf>
      </sentence>
      <sentence id="d000.s1763" source="wordnet-korean">
         <instance id="d000.s1763.t000" lemma="답신" pos="NOUN">답신</instance>
         <wf lemma="을" pos="X">을</wf>
         <wf lemma="받다." pos="X">받다.</wf>
      </sentence>
      <sentence id="d000.s1764" source="wordnet-korean">
         <instance id="d000.s1764.t000" lemma="애수" pos="NOUN">애수</instance>
         <wf lemma="에" pos="X">에</wf>
         <wf lemma="잠기다." pos="X">잠기다.</wf>
      </sentence>
      <sentence id="d000.s1765" source="wordnet-korean">
         <instance id="d000.s1765.t000" lemma="낙관" pos="NOUN">낙관</instance>
         <wf lemma="도" pos="X">도</wf>
         <wf lemma="없는" pos="X">없는</wf>
         <wf lemma="누렇게" pos="X">누렇게</wf>
         <wf lemma="바랜" pos="X">바랜</wf>
         <wf lemma="그림들." pos="X">그림들.</wf>
      </sentence>
      <sentence id="d000.s1766" source="wordnet-korean">
         <instance id="d000.s1766.t000" lemma="약" pos="NOUN">약</instance>
         <wf lemma="을" pos="X">을</wf>
         <wf lemma="쓰다." pos="X">쓰다.</wf>
      </sentence>
      <sentence id="d000.s1767" source="wordnet-korean">
         <wf lemma="정부의" pos="X">정부의</wf>
         <instance id="d000.s1767.t000" lemma="성명" pos="NOUN">성명</instance>
         <wf lemma="이" pos="X">이</wf>
         <wf lemma="있었다." pos="X">있었다.</wf>
      </sentence>
      <sentence id="d000.s1768" source="wordnet-korean">
         <instance id="d000.s1768.t000" lemma="특권" pos="NOUN">특권</instance>
         <wf lemma="을" pos="X">을</wf>
         <wf lemma="갖는다." pos="X">갖는다.</wf>
      </sentence>
      <sentence id="d000.s1769" source="wordnet-korean">
         <wf lemma="문예" pos="X">문예</wf>
         <instance id="d000.s1769.t000" lemma="진흥" pos="NOUN">진흥</instance>
         <wf lemma="." pos="X">.</wf>
      </sentence>
      <sentence id="d000.s1770" source="wordnet-korean">
         <instance id="d000.s1770.t000" lemma="기상" pos="NOUN">기상</instance>
         <wf lemma="조건." pos="X">조건.</wf>
      </sentence>
      <sentence id="d000.s1771" source="wordnet-korean">
         <wf lemma="영문" pos="X">영문</wf>
         <wf lemma="판을" pos="X">판을</wf>
         <instance id="d000.s1771.t000" lemma="대본" pos="NOUN">대본</instance>
         <wf lemma="으로" pos="X">으로</wf>
         <wf lemma="하여" pos="X">하여</wf>
         <wf lemma="번역한다." pos="X">번역한다.</wf>
      </sentence>
      <sentence id="d000.s1772" source="wordnet-korean">
         <wf lemma="교제" pos="X">교제</wf>
         <instance id="d000.s1772.t000" lemma="상" pos="NOUN">상</instance>
         <wf lemma="." pos="X">.</wf>
      </sentence>
      <sentence id="d000.s1773" source="wordnet-korean">
         <instance id="d000.s1773.t000" lemma="연지" pos="NOUN">연지</instance>
         <wf lemma="찍고" pos="X">찍고</wf>
         <wf lemma="곤지" pos="X">곤지</wf>
         <wf lemma="찍고." pos="X">찍고.</wf>
      </sentence>
      <sentence id="d000.s1774" source="wordnet-korean">
         <wf lemma="광목을" pos="X">광목을</wf>
         <instance id="d000.s1774.t000" lemma="통" pos="NOUN">통</instance>
         <wf lemma="으로" pos="X">으로</wf>
         <wf lemma="끊어다가" pos="X">끊어다가</wf>
         <wf lemma="이불을" pos="X">이불을</wf>
         <wf lemma="지었다." pos="X">지었다.</wf>
      </sentence>
      <sentence id="d000.s1775" source="wordnet-korean">
         <instance id="d000.s1775.t000" lemma="시월" pos="NOUN">시월</instance>
         <wf lemma="은" pos="X">은</wf>
         <wf lemma="문화의" pos="X">문화의</wf>
         <wf lemma="달이다." pos="X">달이다.</wf>
      </sentence>
      <sentence id="d000.s1776" source="wordnet-korean">
         <wf lemma="생긴" pos="X">생긴</wf>
         <instance id="d000.s1776.t000" lemma="품" pos="NOUN">품</instance>
         <wf lemma="이" pos="X">이</wf>
         <wf lemma="말이" pos="X">말이</wf>
         <wf lemma="아니다." pos="X">아니다.</wf>
      </sentence>
      <sentence id="d000.s1777" source="wordnet-korean">
         <wf lemma="저녁" pos="X">저녁</wf>
         <instance id="d000.s1777.t000" lemma="무렵" pos="NOUN">무렵</instance>
         <wf lemma="." pos="X">.</wf>
      </sentence>
      <sentence id="d000.s1778" source="wordnet-korean">
         <wf lemma="두" pos="X">두</wf>
         <instance id="d000.s1778.t000" lemma="갈래" pos="NOUN">갈래</instance>
         <wf lemma="." pos="X">.</wf>
      </sentence>
      <sentence id="d000.s1779" source="wordnet-korean">
         <wf lemma="돈과" pos="X">돈과</wf>
         <instance id="d000.s1779.t000" lemma="명예" pos="NOUN">명예</instance>
         <wf lemma="." pos="X">.</wf>
      </sentence>
      <sentence id="d000.s1780" source="wordnet-korean">
         <wf lemma="묘" pos="X">묘</wf>
         <wf lemma="앞에" pos="X">앞에</wf>
         <instance id="d000.s1780.t000" lemma="쇠" pos="NOUN">쇠</instance>
         <wf lemma="를" pos="X">를</wf>
         <wf lemma="놓고" pos="X">놓고</wf>
         <wf lemma="좌향을" pos="X">좌향을</wf>
         <wf lemma="보았다." pos="X">보았다.</wf>
      </sentence>
      <sentence id="d000.s1781" source="wordnet-korean">
         <instance id="d000.s1781.t000" lemma="반감" pos="NOUN">반감</instance>
         <wf lemma="이" pos="X">이</wf>
         <wf lemma="생긴다." pos="X">생긴다.</wf>
      </sentence>
      <sentence id="d000.s1782" source="wordnet-korean">
         <instance id="d000.s1782.t000" lemma="녹" pos="NOUN">녹</instance>
         <wf lemma="을" pos="X">을</wf>
         <wf lemma="벗긴다." pos="X">벗긴다.</wf>
      </sentence>
      <sentence id="d000.s1783" source="wordnet-korean">
         <wf lemma="몇" pos="X">몇</wf>
         <instance id="d000.s1783.t000" lemma="걸음" pos="NOUN">걸음</instance>
         <wf lemma="앞서" pos="X">앞서</wf>
         <wf lemma="걸어갔다." pos="X">걸어갔다.</wf>
      </sentence>
      <sentence id="d000.s1784" source="wordnet-korean">
         <instance id="d000.s1784.t000" lemma="대장부" pos="NOUN">대장부</instance>
         <wf lemma="살림살이." pos="X">살림살이.</wf>
      </sentence>
      <sentence id="d000.s1785" source="wordnet-korean">
         <instance id="d000.s1785.t000" lemma="공동" pos="NOUN">공동</instance>
         <wf lemma="출자." pos="X">출자.</wf>
      </sentence>
      <sentence id="d000.s1786" source="wordnet-korean">
         <wf lemma="가구" pos="X">가구</wf>
         <instance id="d000.s1786.t000" lemma="용재" pos="NOUN">용재</instance>
         <wf lemma="." pos="X">.</wf>
      </sentence>
      <sentence id="d000.s1787" source="wordnet-korean">
         <instance id="d000.s1787.t000" lemma="내각" pos="NOUN">내각</instance>
         <wf lemma="불신임." pos="X">불신임.</wf>
      </sentence>
      <sentence id="d000.s1788" source="wordnet-korean">
         <instance id="d000.s1788.t000" lemma="큰길" pos="NOUN">큰길</instance>
         <wf lemma="을" pos="X">을</wf>
         <wf lemma="달리다." pos="X">달리다.</wf>
      </sentence>
      <sentence id="d000.s1789" source="wordnet-korean">
         <wf lemma="수재와" pos="X">수재와</wf>
         <instance id="d000.s1789.t000" lemma="화재" pos="NOUN">화재</instance>
         <wf lemma="." pos="X">.</wf>
      </sentence>
      <sentence id="d000.s1790" source="wordnet-korean">
         <instance id="d000.s1790.t000" lemma="급료" pos="NOUN">급료</instance>
         <wf lemma="를" pos="X">를</wf>
         <wf lemma="주다." pos="X">주다.</wf>
      </sentence>
      <sentence id="d000.s1791" source="wordnet-korean">
         <instance id="d000.s1791.t000" lemma="운수" pos="NOUN">운수</instance>
         <wf lemma="대통." pos="X">대통.</wf>
      </sentence>
      <sentence id="d000.s1792" source="wordnet-korean">
         <wf lemma="그만한" pos="X">그만한</wf>
         <wf lemma="일" pos="X">일</wf>
         <wf lemma="가지고" pos="X">가지고</wf>
         <wf lemma="더" pos="X">더</wf>
         <wf lemma="이상" pos="X">이상</wf>
         <wf lemma="논란할" pos="X">논란할</wf>
         <instance id="d000.s1792.t000" lemma="계제" pos="NOUN">계제</instance>
         <wf lemma="가" pos="X">가</wf>
         <wf lemma="아니라고" pos="X">아니라고</wf>
         <wf lemma="생각한다." pos="X">생각한다.</wf>
      </sentence>
      <sentence id="d000.s1793" source="wordnet-korean">
         <instance id="d000.s1793.t000" lemma="정당성" pos="NOUN">정당성</instance>
         <wf lemma="이" pos="X">이</wf>
         <wf lemma="있다." pos="X">있다.</wf>
      </sentence>
      <sentence id="d000.s1794" source="wordnet-korean">
         <wf lemma="달걀" pos="X">달걀</wf>
         <instance id="d000.s1794.t000" lemma="꾸러미" pos="NOUN">꾸러미</instance>
         <wf lemma="나" pos="X">나</wf>
         <wf lemma="사" pos="X">사</wf>
         <wf lemma="가지고" pos="X">가지고</wf>
         <wf lemma="가자." pos="X">가자.</wf>
      </sentence>
      <sentence id="d000.s1795" source="wordnet-korean">
         <instance id="d000.s1795.t000" lemma="균형" pos="NOUN">균형</instance>
         <wf lemma="이" pos="X">이</wf>
         <wf lemma="잡히다." pos="X">잡히다.</wf>
      </sentence>
      <sentence id="d000.s1796" source="wordnet-korean">
         <instance id="d000.s1796.t000" lemma="연장" pos="NOUN">연장</instance>
         <wf lemma="인" pos="X">인</wf>
         <wf lemma="사람이" pos="X">사람이</wf>
         <wf lemma="앞장을" pos="X">앞장을</wf>
         <wf lemma="섰다." pos="X">섰다.</wf>
      </sentence>
      <sentence id="d000.s1797" source="wordnet-korean">
         <instance id="d000.s1797.t000" lemma="모기" pos="NOUN">모기</instance>
         <wf lemma="를" pos="X">를</wf>
         <wf lemma="잡다." pos="X">잡다.</wf>
      </sentence>
      <sentence id="d000.s1798" source="wordnet-korean">
         <wf lemma="자동차의" pos="X">자동차의</wf>
         <instance id="d000.s1798.t000" lemma="충돌" pos="NOUN">충돌</instance>
         <wf lemma="." pos="X">.</wf>
      </sentence>
      <sentence id="d000.s1799" source="wordnet-korean">
         <wf lemma="더위가" pos="X">더위가</wf>
         <wf lemma="이제" pos="X">이제</wf>
         <instance id="d000.s1799.t000" lemma="막바지" pos="NOUN">막바지</instance>
         <wf lemma="에" pos="X">에</wf>
         <wf lemma="이르렀다." pos="X">이르렀다.</wf>
      </sentence>
      <sentence id="d000.s1800" source="wordnet-korean">
         <instance id="d000.s1800.t000" lemma="행" pos="NOUN">행</instance>
         <wf lemma="인지" pos="X">인지</wf>
         <wf lemma="불행인지." pos="X">불행인지.</wf>
      </sentence>
      <sentence id="d000.s1801" source="wordnet-korean">
         <instance id="d000.s1801.t000" lemma="인식" pos="NOUN">인식</instance>
         <wf lemma="부족." pos="X">부족.</wf>
      </sentence>
      <sentence id="d000.s1802" source="wordnet-korean">
         <instance id="d000.s1802.t000" lemma="사" pos="NOUN">사</instance>
         <wf lemma="를" pos="X">를</wf>
         <wf lemma="버리다." pos="X">버리다.</wf>
      </sentence>
      <sentence id="d000.s1803" source="wordnet-korean">
         <wf lemma="사업자" pos="X">사업자</wf>
         <instance id="d000.s1803.t000" lemma="등록" pos="NOUN">등록</instance>
         <wf lemma="." pos="X">.</wf>
      </sentence>
      <sentence id="d000.s1804" source="wordnet-korean">
         <wf lemma="제1" pos="X">제1</wf>
         <instance id="d000.s1804.t000" lemma="군" pos="NOUN">군</instance>
         <wf lemma="." pos="X">.</wf>
      </sentence>
      <sentence id="d000.s1805" source="wordnet-korean">
         <wf lemma="누구를" pos="X">누구를</wf>
         <instance id="d000.s1805.t000" lemma="상대" pos="NOUN">상대</instance>
         <wf lemma="로" pos="X">로</wf>
         <wf lemma="이야기를" pos="X">이야기를</wf>
         <wf lemma="할까?." pos="X">할까?.</wf>
      </sentence>
      <sentence id="d000.s1806" source="wordnet-korean">
         <instance id="d000.s1806.t000" lemma="변동" pos="NOUN">변동</instance>
         <wf lemma="이" pos="X">이</wf>
         <wf lemma="심하다." pos="X">심하다.</wf>
      </sentence>
      <sentence id="d000.s1807" source="wordnet-korean">
         <wf lemma="잡지" pos="X">잡지</wf>
         <instance id="d000.s1807.t000" lemma="발간" pos="NOUN">발간</instance>
         <wf lemma="." pos="X">.</wf>
      </sentence>
      <sentence id="d000.s1808" source="wordnet-korean">
         <wf lemma="이걸" pos="X">이걸</wf>
         <wf lemma="주는" pos="X">주는</wf>
         <instance id="d000.s1808.t000" lemma="대신" pos="NOUN">대신</instance>
         <wf lemma="에" pos="X">에</wf>
         <wf lemma="넌" pos="X">넌</wf>
         <wf lemma="날" pos="X">날</wf>
         <wf lemma="좀" pos="X">좀</wf>
         <wf lemma="도와" pos="X">도와</wf>
         <wf lemma="줘야겠어." pos="X">줘야겠어.</wf>
      </sentence>
      <sentence id="d000.s1809" source="wordnet-korean">
         <instance id="d000.s1809.t000" lemma="결론" pos="NOUN">결론</instance>
         <wf lemma="을" pos="X">을</wf>
         <wf lemma="요약하다." pos="X">요약하다.</wf>
      </sentence>
      <sentence id="d000.s1810" source="wordnet-korean">
         <instance id="d000.s1810.t000" lemma="발길" pos="NOUN">발길</instance>
         <wf lemma="을" pos="X">을</wf>
         <wf lemma="피해" pos="X">피해</wf>
         <wf lemma="선다." pos="X">선다.</wf>
      </sentence>
      <sentence id="d000.s1811" source="wordnet-korean">
         <instance id="d000.s1811.t000" lemma="비용" pos="NOUN">비용</instance>
         <wf lemma="이" pos="X">이</wf>
         <wf lemma="많이" pos="X">많이</wf>
         <wf lemma="나다." pos="X">나다.</wf>
      </sentence>
      <sentence id="d000.s1812" source="wordnet-korean">
         <instance id="d000.s1812.t000" lemma="행사" pos="NOUN">행사</instance>
         <wf lemma="계획." pos="X">계획.</wf>
      </sentence>
      <sentence id="d000.s1813" source="wordnet-korean">
         <instance id="d000.s1813.t000" lemma="악의" pos="NOUN">악의</instance>
         <wf lemma="를" pos="X">를</wf>
         <wf lemma="품다." pos="X">품다.</wf>
      </sentence>
      <sentence id="d000.s1814" source="wordnet-korean">
         <wf lemma="젊음의" pos="X">젊음의</wf>
         <instance id="d000.s1814.t000" lemma="광장" pos="NOUN">광장</instance>
         <wf lemma="." pos="X">.</wf>
      </sentence>
      <sentence id="d000.s1815" source="wordnet-korean">
         <wf lemma="명령" pos="X">명령</wf>
         <instance id="d000.s1815.t000" lemma="전달" pos="NOUN">전달</instance>
         <wf lemma="." pos="X">.</wf>
      </sentence>
      <sentence id="d000.s1816" source="wordnet-korean">
         <wf lemma="도둑의" pos="X">도둑의</wf>
         <instance id="d000.s1816.t000" lemma="두목" pos="NOUN">두목</instance>
         <wf lemma="." pos="X">.</wf>
      </sentence>
      <sentence id="d000.s1817" source="wordnet-korean">
         <instance id="d000.s1817.t000" lemma="행적" pos="NOUN">행적</instance>
         <wf lemma="이" pos="X">이</wf>
         <wf lemma="남아" pos="X">남아</wf>
         <wf lemma="있다." pos="X">있다.</wf>
      </sentence>
      <sentence id="d000.s1818" source="wordnet-korean">
         <instance id="d000.s1818.t000" lemma="후방" pos="NOUN">후방</instance>
         <wf lemma="부대." pos="X">부대.</wf>
      </sentence>
      <sentence id="d000.s1819" source="wordnet-korean">
         <wf lemma="불량소년의" pos="X">불량소년의</wf>
         <instance id="d000.s1819.t000" lemma="보도" pos="NOUN">보도</instance>
         <wf lemma="." pos="X">.</wf>
      </sentence>
      <sentence id="d000.s1820" source="wordnet-korean">
         <wf lemma="구원의" pos="X">구원의</wf>
         <instance id="d000.s1820.t000" lemma="손길" pos="NOUN">손길</instance>
         <wf lemma="." pos="X">.</wf>
      </sentence>
      <sentence id="d000.s1821" source="wordnet-korean">
         <wf lemma="나무를" pos="X">나무를</wf>
         <instance id="d000.s1821.t000" lemma="분" pos="NOUN">분</instance>
         <wf lemma="에" pos="X">에</wf>
         <wf lemma="옮겨" pos="X">옮겨</wf>
         <wf lemma="심는다." pos="X">심는다.</wf>
      </sentence>
      <sentence id="d000.s1822" source="wordnet-korean">
         <wf lemma="사회자는" pos="X">사회자는</wf>
         <wf lemma="토론을" pos="X">토론을</wf>
         <wf lemma="원만히" pos="X">원만히</wf>
         <wf lemma="진행시킬" pos="X">진행시킬</wf>
         <instance id="d000.s1822.t000" lemma="임무" pos="NOUN">임무</instance>
         <wf lemma="가" pos="X">가</wf>
         <wf lemma="있다." pos="X">있다.</wf>
      </sentence>
      <sentence id="d000.s1823" source="wordnet-korean">
         <wf lemma="아군" pos="X">아군</wf>
         <instance id="d000.s1823.t000" lemma="진영" pos="NOUN">진영</instance>
         <wf lemma="." pos="X">.</wf>
      </sentence>
      <sentence id="d000.s1824" source="wordnet-korean">
         <instance id="d000.s1824.t000" lemma="빵" pos="NOUN">빵</instance>
         <wf lemma="만으로는" pos="X">만으로는</wf>
         <wf lemma="살" pos="X">살</wf>
         <wf lemma="수" pos="X">수</wf>
         <wf lemma="없다." pos="X">없다.</wf>
      </sentence>
      <sentence id="d000.s1825" source="wordnet-korean">
         <wf lemma="위원" pos="X">위원</wf>
         <instance id="d000.s1825.t000" lemma="교체" pos="NOUN">교체</instance>
         <wf lemma="." pos="X">.</wf>
      </sentence>
      <sentence id="d000.s1826" source="wordnet-korean">
         <wf lemma="교통" pos="X">교통</wf>
         <instance id="d000.s1826.t000" lemma="안전" pos="NOUN">안전</instance>
         <wf lemma="." pos="X">.</wf>
      </sentence>
      <sentence id="d000.s1827" source="wordnet-korean">
         <instance id="d000.s1827.t000" lemma="막" pos="NOUN">막</instance>
         <wf lemma="이" pos="X">이</wf>
         <wf lemma="생기다." pos="X">생기다.</wf>
      </sentence>
      <sentence id="d000.s1828" source="wordnet-korean">
         <instance id="d000.s1828.t000" lemma="끼니" pos="NOUN">끼니</instance>
         <wf lemma="를" pos="X">를</wf>
         <wf lemma="굶다." pos="X">굶다.</wf>
      </sentence>
      <sentence id="d000.s1829" source="wordnet-korean">
         <instance id="d000.s1829.t000" lemma="들" pos="NOUN">들</instance>
         <wf lemma="이" pos="X">이</wf>
         <wf lemma="펼쳐져" pos="X">펼쳐져</wf>
         <wf lemma="있다." pos="X">있다.</wf>
      </sentence>
      <sentence id="d000.s1830" source="wordnet-korean">
         <wf lemma="뛰어난" pos="X">뛰어난</wf>
         <instance id="d000.s1830.t000" lemma="솜씨" pos="NOUN">솜씨</instance>
         <wf lemma="." pos="X">.</wf>
      </sentence>
      <sentence id="d000.s1831" source="wordnet-korean">
         <instance id="d000.s1831.t000" lemma="고초" pos="NOUN">고초</instance>
         <wf lemma="를" pos="X">를</wf>
         <wf lemma="겪다." pos="X">겪다.</wf>
      </sentence>
      <sentence id="d000.s1832" source="wordnet-korean">
         <instance id="d000.s1832.t000" lemma="담력" pos="NOUN">담력</instance>
         <wf lemma="을" pos="X">을</wf>
         <wf lemma="길러" pos="X">길러</wf>
         <wf lemma="씩씩하고" pos="X">씩씩하고</wf>
         <wf lemma="힘찬" pos="X">힘찬</wf>
         <wf lemma="젊은이가" pos="X">젊은이가</wf>
         <wf lemma="되라." pos="X">되라.</wf>
      </sentence>
      <sentence id="d000.s1833" source="wordnet-korean">
         <wf lemma="어렸을" pos="X">어렸을</wf>
         <instance id="d000.s1833.t000" lemma="때" pos="NOUN">때</instance>
         <wf lemma="." pos="X">.</wf>
      </sentence>
      <sentence id="d000.s1834" source="wordnet-korean">
         <instance id="d000.s1834.t000" lemma="총" pos="NOUN">총</instance>
         <wf lemma="을" pos="X">을</wf>
         <wf lemma="쏜다." pos="X">쏜다.</wf>
      </sentence>
      <sentence id="d000.s1835" source="wordnet-korean">
         <instance id="d000.s1835.t000" lemma="사이" pos="NOUN">사이</instance>
         <wf lemma="가" pos="X">가</wf>
         <wf lemma="떨어지다." pos="X">떨어지다.</wf>
      </sentence>
      <sentence id="d000.s1836" source="wordnet-korean">
         <wf lemma="새" pos="X">새</wf>
         <wf lemma="역사의" pos="X">역사의</wf>
         <instance id="d000.s1836.t000" lemma="전개" pos="NOUN">전개</instance>
         <wf lemma="." pos="X">.</wf>
      </sentence>
      <sentence id="d000.s1837" source="wordnet-korean">
         <wf lemma="목수" pos="X">목수</wf>
         <instance id="d000.s1837.t000" lemma="노릇" pos="NOUN">노릇</instance>
         <wf lemma="." pos="X">.</wf>
      </sentence>
      <sentence id="d000.s1838" source="wordnet-korean">
         <wf lemma="연구" pos="X">연구</wf>
         <wf lemma="분위기" pos="X">분위기</wf>
         <instance id="d000.s1838.t000" lemma="조성" pos="NOUN">조성</instance>
         <wf lemma="." pos="X">.</wf>
      </sentence>
      <sentence id="d000.s1839" source="wordnet-korean">
         <instance id="d000.s1839.t000" lemma="남아" pos="NOUN">남아</instance>
         <wf lemma="를" pos="X">를</wf>
         <wf lemma="낳았다." pos="X">낳았다.</wf>
      </sentence>
      <sentence id="d000.s1840" source="wordnet-korean">
         <wf lemma="주식" pos="X">주식</wf>
         <instance id="d000.s1840.t000" lemma="배당" pos="NOUN">배당</instance>
         <wf lemma="." pos="X">.</wf>
      </sentence>
      <sentence id="d000.s1841" source="wordnet-korean">
         <instance id="d000.s1841.t000" lemma="폐품" pos="NOUN">폐품</instance>
         <wf lemma="을" pos="X">을</wf>
         <wf lemma="회수하다." pos="X">회수하다.</wf>
      </sentence>
      <sentence id="d000.s1842" source="wordnet-korean">
         <wf lemma="체력" pos="X">체력</wf>
         <instance id="d000.s1842.t000" lemma="저하" pos="NOUN">저하</instance>
         <wf lemma="." pos="X">.</wf>
      </sentence>
      <sentence id="d000.s1843" source="wordnet-korean">
         <instance id="d000.s1843.t000" lemma="모두" pos="NOUN">모두</instance>
         <wf lemma="가져오너라." pos="X">가져오너라.</wf>
      </sentence>
      <sentence id="d000.s1844" source="wordnet-korean">
         <instance id="d000.s1844.t000" lemma="마음씨" pos="NOUN">마음씨</instance>
         <wf lemma="가" pos="X">가</wf>
         <wf lemma="곱다." pos="X">곱다.</wf>
      </sentence>
      <sentence id="d000.s1845" source="wordnet-korean">
         <instance id="d000.s1845.t000" lemma="수" pos="NOUN">수</instance>
         <wf lemma="가" pos="X">가</wf>
         <wf lemma="모자라다." pos="X">모자라다.</wf>
      </sentence>
      <sentence id="d000.s1846" source="wordnet-korean">
         <wf lemma="그" pos="X">그</wf>
         <wf lemma="문학" pos="X">문학</wf>
         <wf lemma="전집은" pos="X">전집은</wf>
         <wf lemma="소설," pos="X">소설,</wf>
         <wf lemma="시," pos="X">시,</wf>
         <wf lemma="희곡" pos="X">희곡</wf>
         <wf lemma="등" pos="X">등</wf>
         <wf lemma="다섯" pos="X">다섯</wf>
         <instance id="d000.s1846.t000" lemma="편" pos="NOUN">편</instance>
         <wf lemma="으로" pos="X">으로</wf>
         <wf lemma="되어" pos="X">되어</wf>
         <wf lemma="있다." pos="X">있다.</wf>
      </sentence>
      <sentence id="d000.s1847" source="wordnet-korean">
         <wf lemma="그러한" pos="X">그러한</wf>
         <wf lemma="방법은" pos="X">방법은</wf>
         <wf lemma="절대" pos="X">절대</wf>
         <instance id="d000.s1847.t000" lemma="불가" pos="NOUN">불가</instance>
         <wf lemma="요." pos="X">요.</wf>
      </sentence>
      <sentence id="d000.s1848" source="wordnet-korean">
         <wf lemma="남의" pos="X">남의</wf>
         <wf lemma="장점을" pos="X">장점을</wf>
         <instance id="d000.s1848.t000" lemma="받아들이다" pos="VERB">받아들이다</instance>
         <wf lemma="." pos="X">.</wf>
      </sentence>
      <sentence id="d000.s1849" source="wordnet-korean">
         <instance id="d000.s1849.t000" lemma="외형" pos="NOUN">외형</instance>
         <wf lemma="으로" pos="X">으로</wf>
         <wf lemma="보면" pos="X">보면</wf>
         <wf lemma="개와" pos="X">개와</wf>
         <wf lemma="늑대는" pos="X">늑대는</wf>
         <wf lemma="구별하기" pos="X">구별하기</wf>
         <wf lemma="어렵다." pos="X">어렵다.</wf>
      </sentence>
      <sentence id="d000.s1850" source="wordnet-korean">
         <wf lemma="수입을" pos="X">수입을</wf>
         <instance id="d000.s1850.t000" lemma="금하다" pos="VERB">금하다</instance>
         <wf lemma="." pos="X">.</wf>
      </sentence>
      <sentence id="d000.s1851" source="wordnet-korean">
         <instance id="d000.s1851.t000" lemma="풍선" pos="NOUN">풍선</instance>
         <wf lemma="을" pos="X">을</wf>
         <wf lemma="띄우다." pos="X">띄우다.</wf>
      </sentence>
      <sentence id="d000.s1852" source="wordnet-korean">
         <wf lemma="편집" pos="X">편집</wf>
         <instance id="d000.s1852.t000" lemma="부" pos="NOUN">부</instance>
         <wf lemma="." pos="X">.</wf>
      </sentence>
      <sentence id="d000.s1853" source="wordnet-korean">
         <wf lemma="몇" pos="X">몇</wf>
         <instance id="d000.s1853.t000" lemma="묶음" pos="NOUN">묶음</instance>
         <wf lemma="의" pos="X">의</wf>
         <wf lemma="꽃." pos="X">꽃.</wf>
      </sentence>
      <sentence id="d000.s1854" source="wordnet-korean">
         <wf lemma="말을" pos="X">말을</wf>
         <wf lemma="잘" pos="X">잘</wf>
         <wf lemma="들을" pos="X">들을</wf>
         <instance id="d000.s1854.t000" lemma="일" pos="NOUN">일</instance>
         <wf lemma="." pos="X">.</wf>
      </sentence>
      <sentence id="d000.s1855" source="wordnet-korean">
         <instance id="d000.s1855.t000" lemma="복장" pos="NOUN">복장</instance>
         <wf lemma="이" pos="X">이</wf>
         <wf lemma="단정하다." pos="X">단정하다.</wf>
      </sentence>
      <sentence id="d000.s1856" source="wordnet-korean">
         <wf lemma="풍부한" pos="X">풍부한</wf>
         <instance id="d000.s1856.t000" lemma="경험" pos="NOUN">경험</instance>
         <wf lemma="을" pos="X">을</wf>
         <wf lemma="살려서" pos="X">살려서</wf>
         <wf lemma="잘" pos="X">잘</wf>
         <wf lemma="해" pos="X">해</wf>
         <wf lemma="보아라." pos="X">보아라.</wf>
      </sentence>
      <sentence id="d000.s1857" source="wordnet-korean">
         <instance id="d000.s1857.t000" lemma="부상" pos="NOUN">부상</instance>
         <wf lemma="을" pos="X">을</wf>
         <wf lemma="당하다." pos="X">당하다.</wf>
      </sentence>
      <sentence id="d000.s1858" source="wordnet-korean">
         <instance id="d000.s1858.t000" lemma="손" pos="NOUN">손</instance>
         <wf lemma="과" pos="X">과</wf>
         <wf lemma="발." pos="X">발.</wf>
      </sentence>
      <sentence id="d000.s1859" source="wordnet-korean">
         <instance id="d000.s1859.t000" lemma="공" pos="NOUN">공</instance>
         <wf lemma="을" pos="X">을</wf>
         <wf lemma="던지고" pos="X">던지고</wf>
         <wf lemma="받다." pos="X">받다.</wf>
      </sentence>
      <sentence id="d000.s1860" source="wordnet-korean">
         <instance id="d000.s1860.t000" lemma="심정" pos="NOUN">심정</instance>
         <wf lemma="을" pos="X">을</wf>
         <wf lemma="털어놓다." pos="X">털어놓다.</wf>
      </sentence>
      <sentence id="d000.s1861" source="wordnet-korean">
         <instance id="d000.s1861.t000" lemma="감정" pos="NOUN">감정</instance>
         <wf lemma="이" pos="X">이</wf>
         <wf lemma="메마른" pos="X">메마른</wf>
         <wf lemma="목석" pos="X">목석</wf>
         <wf lemma="같은" pos="X">같은</wf>
         <wf lemma="사나이." pos="X">사나이.</wf>
      </sentence>
      <sentence id="d000.s1862" source="wordnet-korean">
         <instance id="d000.s1862.t000" lemma="말" pos="NOUN">말</instance>
         <wf lemma="을" pos="X">을</wf>
         <wf lemma="몰다." pos="X">몰다.</wf>
      </sentence>
      <sentence id="d000.s1863" source="wordnet-korean">
         <instance id="d000.s1863.t000" lemma="길잡이" pos="NOUN">길잡이</instance>
         <wf lemma="를" pos="X">를</wf>
         <wf lemma="앞세워" pos="X">앞세워</wf>
         <wf lemma="산에" pos="X">산에</wf>
         <wf lemma="올랐다." pos="X">올랐다.</wf>
      </sentence>
      <sentence id="d000.s1864" source="wordnet-korean">
         <wf lemma="장난감을" pos="X">장난감을</wf>
         <instance id="d000.s1864.t000" lemma="만들다" pos="VERB">만들다</instance>
         <wf lemma="." pos="X">.</wf>
      </sentence>
      <sentence id="d000.s1865" source="wordnet-korean">
         <instance id="d000.s1865.t000" lemma="물" pos="NOUN">물</instance>
         <wf lemma="이" pos="X">이</wf>
         <wf lemma="마르다." pos="X">마르다.</wf>
      </sentence>
      <sentence id="d000.s1866" source="wordnet-korean">
         <wf lemma="겨레의" pos="X">겨레의</wf>
         <instance id="d000.s1866.t000" lemma="비운" pos="NOUN">비운</instance>
         <wf lemma="." pos="X">.</wf>
      </sentence>
      <sentence id="d000.s1867" source="wordnet-korean">
         <instance id="d000.s1867.t000" lemma="목" pos="NOUN">목</instance>
         <wf lemma="에" pos="X">에</wf>
         <wf lemma="힘을" pos="X">힘을</wf>
         <wf lemma="주다." pos="X">주다.</wf>
      </sentence>
      <sentence id="d000.s1868" source="wordnet-korean">
         <wf lemma="학기의" pos="X">학기의</wf>
         <instance id="d000.s1868.t000" lemma="끝" pos="NOUN">끝</instance>
         <wf lemma="무렵." pos="X">무렵.</wf>
      </sentence>
      <sentence id="d000.s1869" source="wordnet-korean">
         <wf lemma="복장" pos="X">복장</wf>
         <instance id="d000.s1869.t000" lemma="위반" pos="NOUN">위반</instance>
         <wf lemma="." pos="X">.</wf>
      </sentence>
      <sentence id="d000.s1870" source="wordnet-korean">
         <wf lemma="옥수숫대를" pos="X">옥수숫대를</wf>
         <instance id="d000.s1870.t000" lemma="단물" pos="NOUN">단물</instance>
         <wf lemma="만" pos="X">만</wf>
         <wf lemma="빨아먹는다." pos="X">빨아먹는다.</wf>
      </sentence>
      <sentence id="d000.s1871" source="wordnet-korean">
         <wf lemma="단정한" pos="X">단정한</wf>
         <instance id="d000.s1871.t000" lemma="소행" pos="NOUN">소행</instance>
         <wf lemma="." pos="X">.</wf>
      </sentence>
      <sentence id="d000.s1872" source="wordnet-korean">
         <instance id="d000.s1872.t000" lemma="낙타" pos="NOUN">낙타</instance>
         <wf lemma="를" pos="X">를</wf>
         <wf lemma="타다." pos="X">타다.</wf>
      </sentence>
      <sentence id="d000.s1873" source="wordnet-korean">
         <wf lemma="100" pos="X">100</wf>
         <instance id="d000.s1873.t000" lemma="달러" pos="NOUN">달러</instance>
         <wf lemma="." pos="X">.</wf>
      </sentence>
      <sentence id="d000.s1874" source="wordnet-korean">
         <instance id="d000.s1874.t000" lemma="인식" pos="NOUN">인식</instance>
         <wf lemma="대상." pos="X">대상.</wf>
      </sentence>
      <sentence id="d000.s1875" source="wordnet-korean">
         <wf lemma="예산의" pos="X">예산의</wf>
         <instance id="d000.s1875.t000" lemma="성립" pos="NOUN">성립</instance>
         <wf lemma="." pos="X">.</wf>
      </sentence>
      <sentence id="d000.s1876" source="wordnet-korean">
         <instance id="d000.s1876.t000" lemma="국수" pos="NOUN">국수</instance>
         <wf lemma="를" pos="X">를</wf>
         <wf lemma="말리다." pos="X">말리다.</wf>
      </sentence>
      <sentence id="d000.s1877" source="wordnet-korean">
         <instance id="d000.s1877.t000" lemma="경매" pos="NOUN">경매</instance>
         <wf lemma="에" pos="X">에</wf>
         <wf lemma="붙이다." pos="X">붙이다.</wf>
      </sentence>
      <sentence id="d000.s1878" source="wordnet-korean">
         <wf lemma="혼인" pos="X">혼인</wf>
         <instance id="d000.s1878.t000" lemma="잔치" pos="NOUN">잔치</instance>
         <wf lemma="." pos="X">.</wf>
      </sentence>
      <sentence id="d000.s1879" source="wordnet-korean">
         <instance id="d000.s1879.t000" lemma="안경" pos="NOUN">안경</instance>
         <wf lemma="을" pos="X">을</wf>
         <wf lemma="쓰다." pos="X">쓰다.</wf>
      </sentence>
      <sentence id="d000.s1880" source="wordnet-korean">
         <instance id="d000.s1880.t000" lemma="때" pos="NOUN">때</instance>
         <wf lemma="를" pos="X">를</wf>
         <wf lemma="벗었다." pos="X">벗었다.</wf>
      </sentence>
      <sentence id="d000.s1881" source="wordnet-korean">
         <wf lemma="수업" pos="X">수업</wf>
         <instance id="d000.s1881.t000" lemma="시간표" pos="NOUN">시간표</instance>
         <wf lemma="." pos="X">.</wf>
      </sentence>
      <sentence id="d000.s1882" source="wordnet-korean">
         <instance id="d000.s1882.t000" lemma="셈" pos="NOUN">셈</instance>
         <wf lemma="이" pos="X">이</wf>
         <wf lemma="들다." pos="X">들다.</wf>
      </sentence>
      <sentence id="d000.s1883" source="wordnet-korean">
         <instance id="d000.s1883.t000" lemma="복" pos="NOUN">복</instance>
         <wf lemma="을" pos="X">을</wf>
         <wf lemma="타고났다." pos="X">타고났다.</wf>
      </sentence>
      <sentence id="d000.s1884" source="wordnet-korean">
         <wf lemma="달걀" pos="X">달걀</wf>
         <wf lemma="한" pos="X">한</wf>
         <instance id="d000.s1884.t000" lemma="판" pos="NOUN">판</instance>
         <wf lemma="을" pos="X">을</wf>
         <wf lemma="사" pos="X">사</wf>
         <wf lemma="왔다." pos="X">왔다.</wf>
      </sentence>
      <sentence id="d000.s1885" source="wordnet-korean">
         <wf lemma="포로" pos="X">포로</wf>
         <instance id="d000.s1885.t000" lemma="교환" pos="NOUN">교환</instance>
         <wf lemma="." pos="X">.</wf>
      </sentence>
      <sentence id="d000.s1886" source="wordnet-korean">
         <instance id="d000.s1886.t000" lemma="광산" pos="NOUN">광산</instance>
         <wf lemma="재해." pos="X">재해.</wf>
      </sentence>
      <sentence id="d000.s1887" source="wordnet-korean">
         <wf lemma="그의" pos="X">그의</wf>
         <instance id="d000.s1887.t000" lemma="불성실" pos="NOUN">불성실</instance>
         <wf lemma="을" pos="X">을</wf>
         <wf lemma="나무라지" pos="X">나무라지</wf>
         <wf lemma="않을" pos="X">않을</wf>
         <wf lemma="수" pos="X">수</wf>
         <wf lemma="없다." pos="X">없다.</wf>
      </sentence>
      <sentence id="d000.s1888" source="wordnet-korean">
         <instance id="d000.s1888.t000" lemma="맛" pos="NOUN">맛</instance>
         <wf lemma="이" pos="X">이</wf>
         <wf lemma="쓰다." pos="X">쓰다.</wf>
      </sentence>
      <sentence id="d000.s1889" source="wordnet-korean">
         <wf lemma="빛나는" pos="X">빛나는</wf>
         <wf lemma="무지개의" pos="X">무지개의</wf>
         <instance id="d000.s1889.t000" lemma="유혹" pos="NOUN">유혹</instance>
         <wf lemma="은" pos="X">은</wf>
         <wf lemma="이" pos="X">이</wf>
         <wf lemma="소년에게는" pos="X">소년에게는</wf>
         <wf lemma="무엇보다도" pos="X">무엇보다도</wf>
         <wf lemma="더" pos="X">더</wf>
         <wf lemma="강한" pos="X">강한</wf>
         <wf lemma="것이었다." pos="X">것이었다.</wf>
      </sentence>
      <sentence id="d000.s1890" source="wordnet-korean">
         <instance id="d000.s1890.t000" lemma="근본" pos="NOUN">근본</instance>
         <wf lemma="이" pos="X">이</wf>
         <wf lemma="괜찮은" pos="X">괜찮은</wf>
         <wf lemma="사람을" pos="X">사람을</wf>
         <wf lemma="쓴다." pos="X">쓴다.</wf>
      </sentence>
      <sentence id="d000.s1891" source="wordnet-korean">
         <wf lemma="남의" pos="X">남의</wf>
         <instance id="d000.s1891.t000" lemma="것" pos="NOUN">것</instance>
         <wf lemma="." pos="X">.</wf>
      </sentence>
      <sentence id="d000.s1892" source="wordnet-korean">
         <wf lemma="사회" pos="X">사회</wf>
         <instance id="d000.s1892.t000" lemma="혼란" pos="NOUN">혼란</instance>
         <wf lemma="을" pos="X">을</wf>
         <wf lemma="막고" pos="X">막고</wf>
         <wf lemma="민심을" pos="X">민심을</wf>
         <wf lemma="안정시켰다." pos="X">안정시켰다.</wf>
      </sentence>
      <sentence id="d000.s1893" source="wordnet-korean">
         <instance id="d000.s1893.t000" lemma="모래" pos="NOUN">모래</instance>
         <wf lemma="벌판." pos="X">벌판.</wf>
      </sentence>
      <sentence id="d000.s1894" source="wordnet-korean">
         <wf lemma="유익한" pos="X">유익한</wf>
         <wf lemma="일이라도" pos="X">일이라도</wf>
         <wf lemma="절제하지" pos="X">절제하지</wf>
         <wf lemma="아니하여" pos="X">아니하여</wf>
         <instance id="d000.s1894.t000" lemma="중도" pos="NOUN">중도</instance>
         <wf lemma="에" pos="X">에</wf>
         <wf lemma="지나치면" pos="X">지나치면</wf>
         <wf lemma="도리어" pos="X">도리어</wf>
         <wf lemma="해가" pos="X">해가</wf>
         <wf lemma="되느니라." pos="X">되느니라.</wf>
      </sentence>
      <sentence id="d000.s1895" source="wordnet-korean">
         <wf lemma="숲" pos="X">숲</wf>
         <instance id="d000.s1895.t000" lemma="가운데" pos="NOUN">가운데</instance>
         <wf lemma="로" pos="X">로</wf>
         <wf lemma="걸어가다." pos="X">걸어가다.</wf>
      </sentence>
      <sentence id="d000.s1896" source="wordnet-korean">
         <wf lemma="과학" pos="X">과학</wf>
         <instance id="d000.s1896.t000" lemma="정보" pos="NOUN">정보</instance>
         <wf lemma="." pos="X">.</wf>
      </sentence>
      <sentence id="d000.s1897" source="wordnet-korean">
         <instance id="d000.s1897.t000" lemma="등급" pos="NOUN">등급</instance>
         <wf lemma="을" pos="X">을</wf>
         <wf lemma="낮춘다." pos="X">낮춘다.</wf>
      </sentence>
      <sentence id="d000.s1898" source="wordnet-korean">
         <wf lemma="숨이" pos="X">숨이</wf>
         <instance id="d000.s1898.t000" lemma="떨어지다" pos="VERB">떨어지다</instance>
         <wf lemma="." pos="X">.</wf>
      </sentence>
      <sentence id="d000.s1899" source="wordnet-korean">
         <wf lemma="젓가락" pos="X">젓가락</wf>
         <wf lemma="두" pos="X">두</wf>
         <instance id="d000.s1899.t000" lemma="매" pos="NOUN">매</instance>
         <wf lemma="." pos="X">.</wf>
      </sentence>
      <sentence id="d000.s1900" source="wordnet-korean">
         <instance id="d000.s1900.t000" lemma="유대" pos="NOUN">유대</instance>
         <wf lemma="강화." pos="X">강화.</wf>
      </sentence>
      <sentence id="d000.s1901" source="wordnet-korean">
         <instance id="d000.s1901.t000" lemma="바탕" pos="NOUN">바탕</instance>
         <wf lemma="이" pos="X">이</wf>
         <wf lemma="나쁜" pos="X">나쁜</wf>
         <wf lemma="사람이야" pos="X">사람이야</wf>
         <wf lemma="있겠소." pos="X">있겠소.</wf>
      </sentence>
      <sentence id="d000.s1902" source="wordnet-korean">
         <instance id="d000.s1902.t000" lemma="폐회" pos="NOUN">폐회</instance>
         <wf lemma="선언." pos="X">선언.</wf>
      </sentence>
      <sentence id="d000.s1903" source="wordnet-korean">
         <instance id="d000.s1903.t000" lemma="타락" pos="NOUN">타락</instance>
         <wf lemma="의" pos="X">의</wf>
         <wf lemma="구렁텅이." pos="X">구렁텅이.</wf>
      </sentence>
      <sentence id="d000.s1904" source="wordnet-korean">
         <wf lemma="기계" pos="X">기계</wf>
         <instance id="d000.s1904.t000" lemma="조립" pos="NOUN">조립</instance>
         <wf lemma="." pos="X">.</wf>
      </sentence>
      <sentence id="d000.s1905" source="wordnet-korean">
         <wf lemma="개구쟁이" pos="X">개구쟁이</wf>
         <instance id="d000.s1905.t000" lemma="꼬마" pos="NOUN">꼬마</instance>
         <wf lemma="들." pos="X">들.</wf>
      </sentence>
      <sentence id="d000.s1906" source="wordnet-korean">
         <instance id="d000.s1906.t000" lemma="쇠" pos="NOUN">쇠</instance>
         <wf lemma="을" pos="X">을</wf>
         <wf lemma="잠그다." pos="X">잠그다.</wf>
      </sentence>
      <sentence id="d000.s1907" source="wordnet-korean">
         <wf lemma="사회의" pos="X">사회의</wf>
         <instance id="d000.s1907.t000" lemma="부패" pos="NOUN">부패</instance>
         <wf lemma="." pos="X">.</wf>
      </sentence>
      <sentence id="d000.s1908" source="wordnet-korean">
         <wf lemma="발표" pos="X">발표</wf>
         <instance id="d000.s1908.t000" lemma="회" pos="NOUN">회</instance>
         <wf lemma="." pos="X">.</wf>
      </sentence>
      <sentence id="d000.s1909" source="wordnet-korean">
         <wf lemma="풍차의" pos="X">풍차의</wf>
         <instance id="d000.s1909.t000" lemma="날개" pos="NOUN">날개</instance>
         <wf lemma="." pos="X">.</wf>
      </sentence>
      <sentence id="d000.s1910" source="wordnet-korean">
         <instance id="d000.s1910.t000" lemma="융통성" pos="NOUN">융통성</instance>
         <wf lemma="있게" pos="X">있게</wf>
         <wf lemma="대처하다." pos="X">대처하다.</wf>
      </sentence>
      <sentence id="d000.s1911" source="wordnet-korean">
         <wf lemma="경부" pos="X">경부</wf>
         <wf lemma="고속도로는" pos="X">고속도로는</wf>
         <wf lemma="이" pos="X">이</wf>
         <wf lemma="땅의" pos="X">땅의</wf>
         <instance id="d000.s1911.t000" lemma="대동맥" pos="NOUN">대동맥</instance>
         <wf lemma="이다." pos="X">이다.</wf>
      </sentence>
      <sentence id="d000.s1912" source="wordnet-korean">
         <instance id="d000.s1912.t000" lemma="불결" pos="NOUN">불결</instance>
         <wf lemma="상태." pos="X">상태.</wf>
      </sentence>
      <sentence id="d000.s1913" source="wordnet-korean">
         <wf lemma="달의" pos="X">달의</wf>
         <instance id="d000.s1913.t000" lemma="세계" pos="NOUN">세계</instance>
         <wf lemma="." pos="X">.</wf>
      </sentence>
      <sentence id="d000.s1914" source="wordnet-korean">
         <instance id="d000.s1914.t000" lemma="다음" pos="NOUN">다음</instance>
         <wf lemma="기회." pos="X">기회.</wf>
      </sentence>
      <sentence id="d000.s1915" source="wordnet-korean">
         <wf lemma="기쁨의" pos="X">기쁨의</wf>
         <instance id="d000.s1915.t000" lemma="빛" pos="NOUN">빛</instance>
         <wf lemma="." pos="X">.</wf>
      </sentence>
      <sentence id="d000.s1916" source="wordnet-korean">
         <instance id="d000.s1916.t000" lemma="식" pos="NOUN">식</instance>
         <wf lemma="을" pos="X">을</wf>
         <wf lemma="따라" pos="X">따라</wf>
         <wf lemma="한복으로" pos="X">한복으로</wf>
         <wf lemma="갈아입었다." pos="X">갈아입었다.</wf>
      </sentence>
      <sentence id="d000.s1917" source="wordnet-korean">
         <wf lemma="교량" pos="X">교량</wf>
         <instance id="d000.s1917.t000" lemma="부설" pos="NOUN">부설</instance>
         <wf lemma="." pos="X">.</wf>
      </sentence>
      <sentence id="d000.s1918" source="wordnet-korean">
         <instance id="d000.s1918.t000" lemma="상상" pos="NOUN">상상</instance>
         <wf lemma="의" pos="X">의</wf>
         <wf lemma="날개를" pos="X">날개를</wf>
         <wf lemma="펴다." pos="X">펴다.</wf>
      </sentence>
      <sentence id="d000.s1919" source="wordnet-korean">
         <wf lemma="윤" pos="X">윤</wf>
         <wf lemma="황후는" pos="X">황후는</wf>
         <wf lemma="아홉" pos="X">아홉</wf>
         <wf lemma="살" pos="X">살</wf>
         <wf lemma="된" pos="X">된</wf>
         <wf lemma="딸과" pos="X">딸과</wf>
         <wf lemma="핏덩이" pos="X">핏덩이</wf>
         <wf lemma="원자를" pos="X">원자를</wf>
         <wf lemma="세상에" pos="X">세상에</wf>
         <wf lemma="남긴" pos="X">남긴</wf>
         <wf lemma="채" pos="X">채</wf>
         <wf lemma="길이" pos="X">길이</wf>
         <wf lemma="이" pos="X">이</wf>
         <wf lemma="세상과" pos="X">세상과</wf>
         <instance id="d000.s1919.t000" lemma="연" pos="NOUN">연</instance>
         <wf lemma="을" pos="X">을</wf>
         <wf lemma="끊어" pos="X">끊어</wf>
         <wf lemma="버렸다." pos="X">버렸다.</wf>
      </sentence>
      <sentence id="d000.s1920" source="wordnet-korean">
         <wf lemma="냇가의" pos="X">냇가의</wf>
         <instance id="d000.s1920.t000" lemma="모래" pos="NOUN">모래</instance>
         <wf lemma="." pos="X">.</wf>
      </sentence>
      <sentence id="d000.s1921" source="wordnet-korean">
         <wf lemma="국어" pos="X">국어</wf>
         <instance id="d000.s1921.t000" lemma="교과서" pos="NOUN">교과서</instance>
         <wf lemma="." pos="X">.</wf>
      </sentence>
      <sentence id="d000.s1922" source="wordnet-korean">
         <wf lemma="우리말을" pos="X">우리말을</wf>
         <instance id="d000.s1922.t000" lemma="배우다" pos="VERB">배우다</instance>
         <wf lemma="." pos="X">.</wf>
      </sentence>
      <sentence id="d000.s1923" source="wordnet-korean">
         <wf lemma="탄압이" pos="X">탄압이</wf>
         <wf lemma="세면" pos="X">세면</wf>
         <wf lemma="셀수록" pos="X">셀수록</wf>
         <instance id="d000.s1923.t000" lemma="반발력" pos="NOUN">반발력</instance>
         <wf lemma="은" pos="X">은</wf>
         <wf lemma="강해진다." pos="X">강해진다.</wf>
      </sentence>
      <sentence id="d000.s1924" source="wordnet-korean">
         <wf lemma="열쇠" pos="X">열쇠</wf>
         <instance id="d000.s1924.t000" lemma="고리" pos="NOUN">고리</instance>
         <wf lemma="." pos="X">.</wf>
      </sentence>
      <sentence id="d000.s1925" source="wordnet-korean">
         <wf lemma="불행" pos="X">불행</wf>
         <wf lemma="중" pos="X">중</wf>
         <instance id="d000.s1925.t000" lemma="다행" pos="NOUN">다행</instance>
         <wf lemma="이다." pos="X">이다.</wf>
      </sentence>
      <sentence id="d000.s1926" source="wordnet-korean">
         <instance id="d000.s1926.t000" lemma="전례" pos="NOUN">전례</instance>
         <wf lemma="없는" pos="X">없는</wf>
         <wf lemma="경제" pos="X">경제</wf>
         <wf lemma="성장." pos="X">성장.</wf>
      </sentence>
      <sentence id="d000.s1927" source="wordnet-korean">
         <instance id="d000.s1927.t000" lemma="미각" pos="NOUN">미각</instance>
         <wf lemma="이" pos="X">이</wf>
         <wf lemma="예민하다." pos="X">예민하다.</wf>
      </sentence>
      <sentence id="d000.s1928" source="wordnet-korean">
         <wf lemma="봉건" pos="X">봉건</wf>
         <wf lemma="인습의" pos="X">인습의</wf>
         <instance id="d000.s1928.t000" lemma="타파" pos="NOUN">타파</instance>
         <wf lemma="." pos="X">.</wf>
      </sentence>
      <sentence id="d000.s1929" source="wordnet-korean">
         <wf lemma="물리적" pos="X">물리적</wf>
         <instance id="d000.s1929.t000" lemma="변화" pos="NOUN">변화</instance>
         <wf lemma="." pos="X">.</wf>
      </sentence>
      <sentence id="d000.s1930" source="wordnet-korean">
         <instance id="d000.s1930.t000" lemma="선진" pos="NOUN">선진</instance>
         <wf lemma="국가." pos="X">국가.</wf>
      </sentence>
      <sentence id="d000.s1931" source="wordnet-korean">
         <instance id="d000.s1931.t000" lemma="책임" pos="NOUN">책임</instance>
         <wf lemma="이" pos="X">이</wf>
         <wf lemma="무겁다." pos="X">무겁다.</wf>
      </sentence>
      <sentence id="d000.s1932" source="wordnet-korean">
         <wf lemma="연구의" pos="X">연구의</wf>
         <instance id="d000.s1932.t000" lemma="소산" pos="NOUN">소산</instance>
         <wf lemma="." pos="X">.</wf>
      </sentence>
      <sentence id="d000.s1933" source="wordnet-korean">
         <wf lemma="하나의" pos="X">하나의</wf>
         <wf lemma="목적을" pos="X">목적을</wf>
         <wf lemma="이루기" pos="X">이루기</wf>
         <wf lemma="위하여" pos="X">위하여</wf>
         <wf lemma="여러" pos="X">여러</wf>
         <wf lemma="개의" pos="X">개의</wf>
         <instance id="d000.s1933.t000" lemma="목표" pos="NOUN">목표</instance>
         <wf lemma="를" pos="X">를</wf>
         <wf lemma="정할" pos="X">정할</wf>
         <wf lemma="수" pos="X">수</wf>
         <wf lemma="있다." pos="X">있다.</wf>
      </sentence>
      <sentence id="d000.s1934" source="wordnet-korean">
         <wf lemma="합격" pos="X">합격</wf>
         <instance id="d000.s1934.t000" lemma="증서" pos="NOUN">증서</instance>
         <wf lemma="." pos="X">.</wf>
      </sentence>
      <sentence id="d000.s1935" source="wordnet-korean">
         <wf lemma="도전적인" pos="X">도전적인</wf>
         <instance id="d000.s1935.t000" lemma="언사" pos="NOUN">언사</instance>
         <wf lemma="." pos="X">.</wf>
      </sentence>
      <sentence id="d000.s1936" source="wordnet-korean">
         <wf lemma="광대들은" pos="X">광대들은</wf>
         <wf lemma="갖가지" pos="X">갖가지</wf>
         <instance id="d000.s1936.t000" lemma="탈" pos="NOUN">탈</instance>
         <wf lemma="을" pos="X">을</wf>
         <wf lemma="쓰고" pos="X">쓰고</wf>
         <wf lemma="춤을" pos="X">춤을</wf>
         <wf lemma="추었다." pos="X">추었다.</wf>
      </sentence>
      <sentence id="d000.s1937" source="wordnet-korean">
         <wf lemma="원본과의" pos="X">원본과의</wf>
         <instance id="d000.s1937.t000" lemma="대조" pos="NOUN">대조</instance>
         <wf lemma="." pos="X">.</wf>
      </sentence>
      <sentence id="d000.s1938" source="wordnet-korean">
         <wf lemma="실습" pos="X">실습</wf>
         <instance id="d000.s1938.t000" lemma="과목" pos="NOUN">과목</instance>
         <wf lemma="." pos="X">.</wf>
      </sentence>
      <sentence id="d000.s1939" source="wordnet-korean">
         <wf lemma="벽이" pos="X">벽이</wf>
         <wf lemma="무너질" pos="X">무너질</wf>
         <instance id="d000.s1939.t000" lemma="우려" pos="NOUN">우려</instance>
         <wf lemma="는" pos="X">는</wf>
         <wf lemma="없다." pos="X">없다.</wf>
      </sentence>
      <sentence id="d000.s1940" source="wordnet-korean">
         <instance id="d000.s1940.t000" lemma="손해" pos="NOUN">손해</instance>
         <wf lemma="를" pos="X">를</wf>
         <wf lemma="입다." pos="X">입다.</wf>
      </sentence>
      <sentence id="d000.s1941" source="wordnet-korean">
         <instance id="d000.s1941.t000" lemma="농" pos="NOUN">농</instance>
         <wf lemma="기구." pos="X">기구.</wf>
      </sentence>
      <sentence id="d000.s1942" source="wordnet-korean">
         <instance id="d000.s1942.t000" lemma="덤" pos="NOUN">덤</instance>
         <wf lemma="으로" pos="X">으로</wf>
         <wf lemma="사과" pos="X">사과</wf>
         <wf lemma="한" pos="X">한</wf>
         <wf lemma="개를" pos="X">개를</wf>
         <wf lemma="더" pos="X">더</wf>
         <wf lemma="받았다." pos="X">받았다.</wf>
      </sentence>
      <sentence id="d000.s1943" source="wordnet-korean">
         <wf lemma="제각기" pos="X">제각기</wf>
         <wf lemma="지닌" pos="X">지닌</wf>
         <wf lemma="성정과" pos="X">성정과</wf>
         <instance id="d000.s1943.t000" lemma="취향" pos="NOUN">취향</instance>
         <wf lemma="에" pos="X">에</wf>
         <wf lemma="따라서" pos="X">따라서</wf>
         <wf lemma="아름다움을" pos="X">아름다움을</wf>
         <wf lemma="느끼는" pos="X">느끼는</wf>
         <wf lemma="각도와" pos="X">각도와</wf>
         <wf lemma="시야가" pos="X">시야가</wf>
         <wf lemma="다르게" pos="X">다르게</wf>
         <wf lemma="마련이다." pos="X">마련이다.</wf>
      </sentence>
      <sentence id="d000.s1944" source="wordnet-korean">
         <instance id="d000.s1944.t000" lemma="세로" pos="NOUN">세로</instance>
         <wf lemma="가" pos="X">가</wf>
         <wf lemma="가로보다" pos="X">가로보다</wf>
         <wf lemma="길다." pos="X">길다.</wf>
      </sentence>
      <sentence id="d000.s1945" source="wordnet-korean">
         <wf lemma="실천력" pos="X">실천력</wf>
         <instance id="d000.s1945.t000" lemma="양성" pos="NOUN">양성</instance>
         <wf lemma="." pos="X">.</wf>
      </sentence>
      <sentence id="d000.s1946" source="wordnet-korean">
         <instance id="d000.s1946.t000" lemma="울음보" pos="NOUN">울음보</instance>
         <wf lemma="가" pos="X">가</wf>
         <wf lemma="터지다." pos="X">터지다.</wf>
      </sentence>
      <sentence id="d000.s1947" source="wordnet-korean">
         <instance id="d000.s1947.t000" lemma="자릿세" pos="NOUN">자릿세</instance>
         <wf lemma="를" pos="X">를</wf>
         <wf lemma="내다." pos="X">내다.</wf>
      </sentence>
      <sentence id="d000.s1948" source="wordnet-korean">
         <instance id="d000.s1948.t000" lemma="느낌" pos="NOUN">느낌</instance>
         <wf lemma="을" pos="X">을</wf>
         <wf lemma="말한다." pos="X">말한다.</wf>
      </sentence>
      <sentence id="d000.s1949" source="wordnet-korean">
         <instance id="d000.s1949.t000" lemma="결점" pos="NOUN">결점</instance>
         <wf lemma="을" pos="X">을</wf>
         <wf lemma="보완하다." pos="X">보완하다.</wf>
      </sentence>
      <sentence id="d000.s1950" source="wordnet-korean">
         <wf lemma="사건의" pos="X">사건의</wf>
         <instance id="d000.s1950.t000" lemma="대강" pos="NOUN">대강</instance>
         <wf lemma="을" pos="X">을</wf>
         <wf lemma="말해" pos="X">말해</wf>
         <wf lemma="보게." pos="X">보게.</wf>
      </sentence>
      <sentence id="d000.s1951" source="wordnet-korean">
         <wf lemma="독일" pos="X">독일</wf>
         <instance id="d000.s1951.t000" lemma="가곡" pos="NOUN">가곡</instance>
         <wf lemma="." pos="X">.</wf>
      </sentence>
      <sentence id="d000.s1952" source="wordnet-korean">
         <wf lemma="100" pos="X">100</wf>
         <instance id="d000.s1952.t000" lemma="센트" pos="NOUN">센트</instance>
         <wf lemma="가" pos="X">가</wf>
         <wf lemma="1달러가" pos="X">1달러가</wf>
         <wf lemma="된다." pos="X">된다.</wf>
      </sentence>
      <sentence id="d000.s1953" source="wordnet-korean">
         <instance id="d000.s1953.t000" lemma="고향" pos="NOUN">고향</instance>
         <wf lemma="은" pos="X">은</wf>
         <wf lemma="언제나" pos="X">언제나</wf>
         <wf lemma="따뜻한" pos="X">따뜻한</wf>
         <wf lemma="어머님의" pos="X">어머님의</wf>
         <wf lemma="품속" pos="X">품속</wf>
         <wf lemma="같다." pos="X">같다.</wf>
      </sentence>
      <sentence id="d000.s1954" source="wordnet-korean">
         <instance id="d000.s1954.t000" lemma="질" pos="NOUN">질</instance>
         <wf lemma="이" pos="X">이</wf>
         <wf lemma="안" pos="X">안</wf>
         <wf lemma="좋은" pos="X">좋은</wf>
         <wf lemma="사람." pos="X">사람.</wf>
      </sentence>
      <sentence id="d000.s1955" source="wordnet-korean">
         <instance id="d000.s1955.t000" lemma="견해" pos="NOUN">견해</instance>
         <wf lemma="의" pos="X">의</wf>
         <wf lemma="차이." pos="X">차이.</wf>
      </sentence>
      <sentence id="d000.s1956" source="wordnet-korean">
         <wf lemma="그의" pos="X">그의</wf>
         <wf lemma="말은" pos="X">말은</wf>
         <wf lemma="순전히" pos="X">순전히</wf>
         <instance id="d000.s1956.t000" lemma="모략" pos="NOUN">모략</instance>
         <wf lemma="이다." pos="X">이다.</wf>
      </sentence>
      <sentence id="d000.s1957" source="wordnet-korean">
         <instance id="d000.s1957.t000" lemma="연구" pos="NOUN">연구</instance>
         <wf lemma="논문." pos="X">논문.</wf>
      </sentence>
      <sentence id="d000.s1958" source="wordnet-korean">
         <wf lemma="타조는" pos="X">타조는</wf>
         <instance id="d000.s1958.t000" lemma="날개" pos="NOUN">날개</instance>
         <wf lemma="가" pos="X">가</wf>
         <wf lemma="있어도" pos="X">있어도</wf>
         <wf lemma="날지" pos="X">날지</wf>
         <wf lemma="못한다." pos="X">못한다.</wf>
      </sentence>
      <sentence id="d000.s1959" source="wordnet-korean">
         <wf lemma="더욱" pos="X">더욱</wf>
         <instance id="d000.s1959.t000" lemma="강조" pos="NOUN">강조</instance>
         <wf lemma="되어야" pos="X">되어야</wf>
         <wf lemma="할" pos="X">할</wf>
         <wf lemma="국어순화" pos="X">국어순화</wf>
         <wf lemma="문제." pos="X">문제.</wf>
      </sentence>
      <sentence id="d000.s1960" source="wordnet-korean">
         <wf lemma="기능" pos="X">기능</wf>
         <instance id="d000.s1960.t000" lemma="검정" pos="NOUN">검정</instance>
         <wf lemma="." pos="X">.</wf>
      </sentence>
      <sentence id="d000.s1961" source="wordnet-korean">
         <instance id="d000.s1961.t000" lemma="내란" pos="NOUN">내란</instance>
         <wf lemma="이" pos="X">이</wf>
         <wf lemma="일어나다." pos="X">일어나다.</wf>
      </sentence>
      <sentence id="d000.s1962" source="wordnet-korean">
         <instance id="d000.s1962.t000" lemma="편견" pos="NOUN">편견</instance>
         <wf lemma="을" pos="X">을</wf>
         <wf lemma="버리다." pos="X">버리다.</wf>
      </sentence>
      <sentence id="d000.s1963" source="wordnet-korean">
         <wf lemma="강의" pos="X">강의</wf>
         <instance id="d000.s1963.t000" lemma="과목" pos="NOUN">과목</instance>
         <wf lemma="." pos="X">.</wf>
      </sentence>
      <sentence id="d000.s1964" source="wordnet-korean">
         <instance id="d000.s1964.t000" lemma="민방위" pos="NOUN">민방위</instance>
         <wf lemma="훈련." pos="X">훈련.</wf>
      </sentence>
      <sentence id="d000.s1965" source="wordnet-korean">
         <wf lemma="흐르는" pos="X">흐르는</wf>
         <instance id="d000.s1965.t000" lemma="물" pos="NOUN">물</instance>
         <wf lemma="." pos="X">.</wf>
      </sentence>
      <sentence id="d000.s1966" source="wordnet-korean">
         <instance id="d000.s1966.t000" lemma="호" pos="NOUN">호</instance>
         <wf lemma="를" pos="X">를</wf>
         <wf lemma="거듭하다." pos="X">거듭하다.</wf>
      </sentence>
      <sentence id="d000.s1967" source="wordnet-korean">
         <wf lemma="반역" pos="X">반역</wf>
         <instance id="d000.s1967.t000" lemma="도당" pos="NOUN">도당</instance>
         <wf lemma="." pos="X">.</wf>
      </sentence>
      <sentence id="d000.s1968" source="wordnet-korean">
         <wf lemma="신문" pos="X">신문</wf>
         <instance id="d000.s1968.t000" lemma="발행" pos="NOUN">발행</instance>
         <wf lemma="." pos="X">.</wf>
      </sentence>
      <sentence id="d000.s1969" source="wordnet-korean">
         <instance id="d000.s1969.t000" lemma="불행" pos="NOUN">불행</instance>
         <wf lemma="을" pos="X">을</wf>
         <wf lemma="한탄한다." pos="X">한탄한다.</wf>
      </sentence>
      <sentence id="d000.s1970" source="wordnet-korean">
         <instance id="d000.s1970.t000" lemma="별개" pos="NOUN">별개</instance>
         <wf lemma="문제." pos="X">문제.</wf>
      </sentence>
      <sentence id="d000.s1971" source="wordnet-korean">
         <wf lemma="당연한" pos="X">당연한</wf>
         <instance id="d000.s1971.t000" lemma="귀결" pos="NOUN">귀결</instance>
         <wf lemma="." pos="X">.</wf>
      </sentence>
      <sentence id="d000.s1972" source="wordnet-korean">
         <instance id="d000.s1972.t000" lemma="열" pos="NOUN">열</instance>
         <wf lemma="을" pos="X">을</wf>
         <wf lemma="짓다." pos="X">짓다.</wf>
      </sentence>
      <sentence id="d000.s1973" source="wordnet-korean">
         <wf lemma="담배를" pos="X">담배를</wf>
         <instance id="d000.s1973.t000" lemma="태우다" pos="VERB">태우다</instance>
         <wf lemma="." pos="X">.</wf>
      </sentence>
      <sentence id="d000.s1974" source="wordnet-korean">
         <instance id="d000.s1974.t000" lemma="오늘" pos="NOUN">오늘</instance>
         <wf lemma="의" pos="X">의</wf>
         <wf lemma="영광을" pos="X">영광을</wf>
         <wf lemma="얻기에는" pos="X">얻기에는</wf>
         <wf lemma="피나는" pos="X">피나는</wf>
         <wf lemma="노력이" pos="X">노력이</wf>
         <wf lemma="있었다." pos="X">있었다.</wf>
      </sentence>
      <sentence id="d000.s1975" source="wordnet-korean">
         <wf lemma="쌀" pos="X">쌀</wf>
         <instance id="d000.s1975.t000" lemma="배급" pos="NOUN">배급</instance>
         <wf lemma="." pos="X">.</wf>
      </sentence>
      <sentence id="d000.s1976" source="wordnet-korean">
         <wf lemma="국토" pos="X">국토</wf>
         <instance id="d000.s1976.t000" lemma="분단" pos="NOUN">분단</instance>
         <wf lemma="." pos="X">.</wf>
      </sentence>
      <sentence id="d000.s1977" source="wordnet-korean">
         <instance id="d000.s1977.t000" lemma="근본" pos="NOUN">근본</instance>
         <wf lemma="조건." pos="X">조건.</wf>
      </sentence>
      <sentence id="d000.s1978" source="wordnet-korean">
         <wf lemma="졸업하고" pos="X">졸업하고</wf>
         <instance id="d000.s1978.t000" lemma="사회" pos="NOUN">사회</instance>
         <wf lemma="에" pos="X">에</wf>
         <wf lemma="나가면" pos="X">나가면</wf>
         <wf lemma="무엇을" pos="X">무엇을</wf>
         <wf lemma="하려느냐?." pos="X">하려느냐?.</wf>
      </sentence>
      <sentence id="d000.s1979" source="wordnet-korean">
         <wf lemma="무슨" pos="X">무슨</wf>
         <instance id="d000.s1979.t000" lemma="얼굴" pos="NOUN">얼굴</instance>
         <wf lemma="로" pos="X">로</wf>
         <wf lemma="그를" pos="X">그를</wf>
         <wf lemma="대하랴." pos="X">대하랴.</wf>
      </sentence>
      <sentence id="d000.s1980" source="wordnet-korean">
         <wf lemma="부족국가" pos="X">부족국가</wf>
         <instance id="d000.s1980.t000" lemma="시대" pos="NOUN">시대</instance>
         <wf lemma="." pos="X">.</wf>
      </sentence>
      <sentence id="d000.s1981" source="wordnet-korean">
         <wf lemma="부인이" pos="X">부인이</wf>
         <wf lemma="비록" pos="X">비록</wf>
         <wf lemma="좋은" pos="X">좋은</wf>
         <wf lemma="낯으로" pos="X">낯으로</wf>
         <wf lemma="나를" pos="X">나를</wf>
         <wf lemma="대하나" pos="X">대하나</wf>
         <wf lemma="그" pos="X">그</wf>
         <instance id="d000.s1981.t000" lemma="심장" pos="NOUN">심장</instance>
         <wf lemma="은" pos="X">은</wf>
         <wf lemma="실로" pos="X">실로</wf>
         <wf lemma="알" pos="X">알</wf>
         <wf lemma="수" pos="X">수</wf>
         <wf lemma="없으니…." pos="X">없으니….</wf>
      </sentence>
      <sentence id="d000.s1982" source="wordnet-korean">
         <instance id="d000.s1982.t000" lemma="무드" pos="NOUN">무드</instance>
         <wf lemma="에" pos="X">에</wf>
         <wf lemma="약하다." pos="X">약하다.</wf>
      </sentence>
      <sentence id="d000.s1983" source="wordnet-korean">
         <instance id="d000.s1983.t000" lemma="외양" pos="NOUN">외양</instance>
         <wf lemma="만" pos="X">만</wf>
         <wf lemma="보고" pos="X">보고</wf>
         <wf lemma="그" pos="X">그</wf>
         <wf lemma="속을" pos="X">속을</wf>
         <wf lemma="알" pos="X">알</wf>
         <wf lemma="수" pos="X">수</wf>
         <wf lemma="없다." pos="X">없다.</wf>
      </sentence>
      <sentence id="d000.s1984" source="wordnet-korean">
         <instance id="d000.s1984.t000" lemma="내" pos="NOUN">내</instance>
         <wf lemma="가" pos="X">가</wf>
         <wf lemma="흐른다." pos="X">흐른다.</wf>
      </sentence>
      <sentence id="d000.s1985" source="wordnet-korean">
         <wf lemma="성공의" pos="X">성공의</wf>
         <instance id="d000.s1985.t000" lemma="첩경" pos="NOUN">첩경</instance>
         <wf lemma="은" pos="X">은</wf>
         <wf lemma="노력이다." pos="X">노력이다.</wf>
      </sentence>
      <sentence id="d000.s1986" source="wordnet-korean">
         <instance id="d000.s1986.t000" lemma="주의" pos="NOUN">주의</instance>
         <wf lemma="사항." pos="X">사항.</wf>
      </sentence>
      <sentence id="d000.s1987" source="wordnet-korean">
         <instance id="d000.s1987.t000" lemma="능력" pos="NOUN">능력</instance>
         <wf lemma="이" pos="X">이</wf>
         <wf lemma="모자라다." pos="X">모자라다.</wf>
      </sentence>
      <sentence id="d000.s1988" source="wordnet-korean">
         <wf lemma="한" pos="X">한</wf>
         <instance id="d000.s1988.t000" lemma="막" pos="NOUN">막</instance>
         <wf lemma="이" pos="X">이</wf>
         <wf lemma="끝났다." pos="X">끝났다.</wf>
      </sentence>
      <sentence id="d000.s1989" source="wordnet-korean">
         <instance id="d000.s1989.t000" lemma="비" pos="NOUN">비</instance>
         <wf lemma="가" pos="X">가</wf>
         <wf lemma="그치다." pos="X">그치다.</wf>
      </sentence>
      <sentence id="d000.s1990" source="wordnet-korean">
         <wf lemma="단체의" pos="X">단체의</wf>
         <instance id="d000.s1990.t000" lemma="분규" pos="NOUN">분규</instance>
         <wf lemma="." pos="X">.</wf>
      </sentence>
      <sentence id="d000.s1991" source="wordnet-korean">
         <wf lemma="너의" pos="X">너의</wf>
         <wf lemma="편지는" pos="X">편지는</wf>
         <wf lemma="나에게" pos="X">나에게</wf>
         <wf lemma="큰" pos="X">큰</wf>
         <instance id="d000.s1991.t000" lemma="위안" pos="NOUN">위안</instance>
         <wf lemma="과" pos="X">과</wf>
         <wf lemma="격려가" pos="X">격려가</wf>
         <wf lemma="되었다." pos="X">되었다.</wf>
      </sentence>
      <sentence id="d000.s1992" source="wordnet-korean">
         <instance id="d000.s1992.t000" lemma="승낙" pos="NOUN">승낙</instance>
         <wf lemma="을" pos="X">을</wf>
         <wf lemma="받다." pos="X">받다.</wf>
      </sentence>
      <sentence id="d000.s1993" source="wordnet-korean">
         <instance id="d000.s1993.t000" lemma="꿈" pos="NOUN">꿈</instance>
         <wf lemma="에" pos="X">에</wf>
         <wf lemma="보이다." pos="X">보이다.</wf>
      </sentence>
      <sentence id="d000.s1994" source="wordnet-korean">
         <wf lemma="인식과" pos="X">인식과</wf>
         <instance id="d000.s1994.t000" lemma="사유" pos="NOUN">사유</instance>
         <wf lemma="." pos="X">.</wf>
      </sentence>
      <sentence id="d000.s1995" source="wordnet-korean">
         <wf lemma="기석이는" pos="X">기석이는</wf>
         <wf lemma="목소리도" pos="X">목소리도</wf>
         <wf lemma="크고" pos="X">크고</wf>
         <wf lemma="하는" pos="X">하는</wf>
         <wf lemma="짓도" pos="X">짓도</wf>
         <wf lemma="의젓해졌으니" pos="X">의젓해졌으니</wf>
         <instance id="d000.s1995.t000" lemma="어른" pos="NOUN">어른</instance>
         <wf lemma="이" pos="X">이</wf>
         <wf lemma="다" pos="X">다</wf>
         <wf lemma="되었단" pos="X">되었단</wf>
         <wf lemma="말야." pos="X">말야.</wf>
      </sentence>
      <sentence id="d000.s1996" source="wordnet-korean">
         <instance id="d000.s1996.t000" lemma="불기" pos="NOUN">불기</instance>
         <wf lemma="없는" pos="X">없는</wf>
         <wf lemma="아궁이." pos="X">아궁이.</wf>
      </sentence>
      <sentence id="d000.s1997" source="wordnet-korean">
         <wf lemma="누가" pos="X">누가</wf>
         <wf lemma="이" pos="X">이</wf>
         <wf lemma="아름다운" pos="X">아름다운</wf>
         <instance id="d000.s1997.t000" lemma="가락" pos="NOUN">가락</instance>
         <wf lemma="을" pos="X">을</wf>
         <wf lemma="뜯고" pos="X">뜯고</wf>
         <wf lemma="있을까?." pos="X">있을까?.</wf>
      </sentence>
      <sentence id="d000.s1998" source="wordnet-korean">
         <instance id="d000.s1998.t000" lemma="공동" pos="NOUN">공동</instance>
         <wf lemma="관리." pos="X">관리.</wf>
      </sentence>
      <sentence id="d000.s1999" source="wordnet-korean">
         <instance id="d000.s1999.t000" lemma="알" pos="NOUN">알</instance>
         <wf lemma="을" pos="X">을</wf>
         <wf lemma="슬다." pos="X">슬다.</wf>
      </sentence>
      <sentence id="d000.s2000" source="wordnet-korean">
         <instance id="d000.s2000.t000" lemma="박해" pos="NOUN">박해</instance>
         <wf lemma="를" pos="X">를</wf>
         <wf lemma="무릅쓰고" pos="X">무릅쓰고</wf>
         <wf lemma="신도는" pos="X">신도는</wf>
         <wf lemma="더욱" pos="X">더욱</wf>
         <wf lemma="늘었다." pos="X">늘었다.</wf>
      </sentence>
      <sentence id="d000.s2001" source="wordnet-korean">
         <instance id="d000.s2001.t000" lemma="선두" pos="NOUN">선두</instance>
         <wf lemma="에" pos="X">에</wf>
         <wf lemma="나서다." pos="X">나서다.</wf>
      </sentence>
      <sentence id="d000.s2002" source="wordnet-korean">
         <instance id="d000.s2002.t000" lemma="그물" pos="NOUN">그물</instance>
         <wf lemma="을" pos="X">을</wf>
         <wf lemma="치다." pos="X">치다.</wf>
      </sentence>
      <sentence id="d000.s2003" source="wordnet-korean">
         <instance id="d000.s2003.t000" lemma="입" pos="NOUN">입</instance>
         <wf lemma="을" pos="X">을</wf>
         <wf lemma="다물다(벌리다)." pos="X">다물다(벌리다).</wf>
      </sentence>
      <sentence id="d000.s2004" source="wordnet-korean">
         <wf lemma="다른" pos="X">다른</wf>
         <wf lemma="데" pos="X">데</wf>
         <instance id="d000.s2004.t000" lemma="언약" pos="NOUN">언약</instance>
         <wf lemma="이" pos="X">이</wf>
         <wf lemma="있어" pos="X">있어</wf>
         <wf lemma="못" pos="X">못</wf>
         <wf lemma="간다는" pos="X">간다는</wf>
         <wf lemma="것이다." pos="X">것이다.</wf>
      </sentence>
      <sentence id="d000.s2005" source="wordnet-korean">
         <wf lemma="학창" pos="X">학창</wf>
         <instance id="d000.s2005.t000" lemma="시절" pos="NOUN">시절</instance>
         <wf lemma="." pos="X">.</wf>
      </sentence>
      <sentence id="d000.s2006" source="wordnet-korean">
         <wf lemma="팔의" pos="X">팔의</wf>
         <instance id="d000.s2006.t000" lemma="상처" pos="NOUN">상처</instance>
         <wf lemma="." pos="X">.</wf>
      </sentence>
      <sentence id="d000.s2007" source="wordnet-korean">
         <instance id="d000.s2007.t000" lemma="만기" pos="NOUN">만기</instance>
         <wf lemma="추수." pos="X">추수.</wf>
      </sentence>
      <sentence id="d000.s2008" source="wordnet-korean">
         <instance id="d000.s2008.t000" lemma="비통" pos="NOUN">비통</instance>
         <wf lemma="에" pos="X">에</wf>
         <wf lemma="빠져" pos="X">빠져</wf>
         <wf lemma="있다." pos="X">있다.</wf>
      </sentence>
      <sentence id="d000.s2009" source="wordnet-korean">
         <instance id="d000.s2009.t000" lemma="하루" pos="NOUN">하루</instance>
         <wf lemma="의" pos="X">의</wf>
         <wf lemma="일을" pos="X">일을</wf>
         <wf lemma="끝내자마자" pos="X">끝내자마자</wf>
         <wf lemma="집으로" pos="X">집으로</wf>
         <wf lemma="돌아왔다." pos="X">돌아왔다.</wf>
      </sentence>
      <sentence id="d000.s2010" source="wordnet-korean">
         <instance id="d000.s2010.t000" lemma="분량" pos="NOUN">분량</instance>
         <wf lemma="이" pos="X">이</wf>
         <wf lemma="적다." pos="X">적다.</wf>
      </sentence>
      <sentence id="d000.s2011" source="wordnet-korean">
         <instance id="d000.s2011.t000" lemma="비위" pos="NOUN">비위</instance>
         <wf lemma="가" pos="X">가</wf>
         <wf lemma="동하다." pos="X">동하다.</wf>
      </sentence>
      <sentence id="d000.s2012" source="wordnet-korean">
         <instance id="d000.s2012.t000" lemma="불" pos="NOUN">불</instance>
         <wf lemma="을" pos="X">을</wf>
         <wf lemma="지피다." pos="X">지피다.</wf>
      </sentence>
      <sentence id="d000.s2013" source="wordnet-korean">
         <wf lemma="물의" pos="X">물의</wf>
         <instance id="d000.s2013.t000" lemma="작용" pos="NOUN">작용</instance>
         <wf lemma="에" pos="X">에</wf>
         <wf lemma="관하여" pos="X">관하여</wf>
         <wf lemma="공부하였다." pos="X">공부하였다.</wf>
      </sentence>
      <sentence id="d000.s2014" source="wordnet-korean">
         <wf lemma="할머니의" pos="X">할머니의</wf>
         <wf lemma="따뜻한" pos="X">따뜻한</wf>
         <instance id="d000.s2014.t000" lemma="손길" pos="NOUN">손길</instance>
         <wf lemma="이" pos="X">이</wf>
         <wf lemma="약손이었다." pos="X">약손이었다.</wf>
      </sentence>
      <sentence id="d000.s2015" source="wordnet-korean">
         <wf lemma="학습" pos="X">학습</wf>
         <instance id="d000.s2015.t000" lemma="과제" pos="NOUN">과제</instance>
         <wf lemma="." pos="X">.</wf>
      </sentence>
      <sentence id="d000.s2016" source="wordnet-korean">
         <instance id="d000.s2016.t000" lemma="상대" pos="NOUN">상대</instance>
         <wf lemma="효과." pos="X">효과.</wf>
      </sentence>
      <sentence id="d000.s2017" source="wordnet-korean">
         <wf lemma="그의" pos="X">그의</wf>
         <instance id="d000.s2017.t000" lemma="권" pos="NOUN">권</instance>
         <wf lemma="에" pos="X">에</wf>
         <wf lemma="못" pos="X">못</wf>
         <wf lemma="이겨." pos="X">이겨.</wf>
      </sentence>
      <sentence id="d000.s2018" source="wordnet-korean">
         <instance id="d000.s2018.t000" lemma="안정" pos="NOUN">안정</instance>
         <wf lemma="이" pos="X">이</wf>
         <wf lemma="유일한" pos="X">유일한</wf>
         <wf lemma="약입니다." pos="X">약입니다.</wf>
      </sentence>
      <sentence id="d000.s2019" source="wordnet-korean">
         <wf lemma="척추" pos="X">척추</wf>
         <instance id="d000.s2019.t000" lemma="교정" pos="NOUN">교정</instance>
         <wf lemma="." pos="X">.</wf>
      </sentence>
      <sentence id="d000.s2020" source="wordnet-korean">
         <instance id="d000.s2020.t000" lemma="풍선" pos="NOUN">풍선</instance>
         <wf lemma="이" pos="X">이</wf>
         <wf lemma="터지다." pos="X">터지다.</wf>
      </sentence>
      <sentence id="d000.s2021" source="wordnet-korean">
         <instance id="d000.s2021.t000" lemma="결정" pos="NOUN">결정</instance>
         <wf lemma="사항." pos="X">사항.</wf>
      </sentence>
      <sentence id="d000.s2022" source="wordnet-korean">
         <instance id="d000.s2022.t000" lemma="가을" pos="NOUN">가을</instance>
         <wf lemma="은" pos="X">은</wf>
         <wf lemma="오곡이" pos="X">오곡이</wf>
         <wf lemma="무르익는" pos="X">무르익는</wf>
         <wf lemma="계절이다." pos="X">계절이다.</wf>
      </sentence>
      <sentence id="d000.s2023" source="wordnet-korean">
         <wf lemma="세손의" pos="X">세손의</wf>
         <instance id="d000.s2023.t000" lemma="탄생" pos="NOUN">탄생</instance>
         <wf lemma="." pos="X">.</wf>
      </sentence>
      <sentence id="d000.s2024" source="wordnet-korean">
         <wf lemma="부모님" pos="X">부모님</wf>
         <instance id="d000.s2024.t000" lemma="생각" pos="NOUN">생각</instance>
         <wf lemma="." pos="X">.</wf>
      </sentence>
      <sentence id="d000.s2025" source="wordnet-korean">
         <instance id="d000.s2025.t000" lemma="해상" pos="NOUN">해상</instance>
         <wf lemma="보급." pos="X">보급.</wf>
      </sentence>
      <sentence id="d000.s2026" source="wordnet-korean">
         <wf lemma="이" pos="X">이</wf>
         <wf lemma="때" pos="X">때</wf>
         <wf lemma="정히" pos="X">정히</wf>
         <wf lemma="삼춘가절이라," pos="X">삼춘가절이라,</wf>
         <instance id="d000.s2026.t000" lemma="물색" pos="NOUN">물색</instance>
         <wf lemma="이" pos="X">이</wf>
         <wf lemma="가히" pos="X">가히</wf>
         <wf lemma="보암직하니…." pos="X">보암직하니….</wf>
      </sentence>
      <sentence id="d000.s2027" source="wordnet-korean">
         <wf lemma="회장" pos="X">회장</wf>
         <instance id="d000.s2027.t000" lemma="대신" pos="NOUN">대신</instance>
         <wf lemma="으로" pos="X">으로</wf>
         <wf lemma="총무가" pos="X">총무가</wf>
         <wf lemma="참석했다." pos="X">참석했다.</wf>
      </sentence>
      <sentence id="d000.s2028" source="wordnet-korean">
         <instance id="d000.s2028.t000" lemma="미각" pos="NOUN">미각</instance>
         <wf lemma="을" pos="X">을</wf>
         <wf lemma="돋우다." pos="X">돋우다.</wf>
      </sentence>
      <sentence id="d000.s2029" source="wordnet-korean">
         <instance id="d000.s2029.t000" lemma="체면" pos="NOUN">체면</instance>
         <wf lemma="을" pos="X">을</wf>
         <wf lemma="보다." pos="X">보다.</wf>
      </sentence>
      <sentence id="d000.s2030" source="wordnet-korean">
         <wf lemma="수도" pos="X">수도</wf>
         <wf lemma="생활이란" pos="X">생활이란</wf>
         <wf lemma="뼈를" pos="X">뼈를</wf>
         <wf lemma="깎고" pos="X">깎고</wf>
         <wf lemma="살을" pos="X">살을</wf>
         <wf lemma="가는" pos="X">가는</wf>
         <instance id="d000.s2030.t000" lemma="정진" pos="NOUN">정진</instance>
         <wf lemma="이었다." pos="X">이었다.</wf>
      </sentence>
      <sentence id="d000.s2031" source="wordnet-korean">
         <instance id="d000.s2031.t000" lemma="예보" pos="NOUN">예보</instance>
         <wf lemma="가" pos="X">가</wf>
         <wf lemma="맞다면" pos="X">맞다면</wf>
         <wf lemma="오늘은" pos="X">오늘은</wf>
         <wf lemma="비가" pos="X">비가</wf>
         <wf lemma="올" pos="X">올</wf>
         <wf lemma="것이다." pos="X">것이다.</wf>
      </sentence>
      <sentence id="d000.s2032" source="wordnet-korean">
         <instance id="d000.s2032.t000" lemma="개화" pos="NOUN">개화</instance>
         <wf lemma="와" pos="X">와</wf>
         <wf lemma="결실." pos="X">결실.</wf>
      </sentence>
      <sentence id="d000.s2033" source="wordnet-korean">
         <instance id="d000.s2033.t000" lemma="간" pos="NOUN">간</instance>
         <wf lemma="을" pos="X">을</wf>
         <wf lemma="치다." pos="X">치다.</wf>
      </sentence>
      <sentence id="d000.s2034" source="wordnet-korean">
         <instance id="d000.s2034.t000" lemma="도적" pos="NOUN">도적</instance>
         <wf lemma="이" pos="X">이</wf>
         <wf lemma="났다." pos="X">났다.</wf>
      </sentence>
      <sentence id="d000.s2035" source="wordnet-korean">
         <wf lemma="역사" pos="X">역사</wf>
         <instance id="d000.s2035.t000" lemma="교과서" pos="NOUN">교과서</instance>
         <wf lemma="." pos="X">.</wf>
      </sentence>
      <sentence id="d000.s2036" source="wordnet-korean">
         <wf lemma="적은" pos="X">적은</wf>
         <instance id="d000.s2036.t000" lemma="부담" pos="NOUN">부담</instance>
         <wf lemma="." pos="X">.</wf>
      </sentence>
      <sentence id="d000.s2037" source="wordnet-korean">
         <instance id="d000.s2037.t000" lemma="단점" pos="NOUN">단점</instance>
         <wf lemma="이" pos="X">이</wf>
         <wf lemma="드러나다." pos="X">드러나다.</wf>
      </sentence>
      <sentence id="d000.s2038" source="wordnet-korean">
         <wf lemma="간부" pos="X">간부</wf>
         <instance id="d000.s2038.t000" lemma="양성" pos="NOUN">양성</instance>
         <wf lemma="." pos="X">.</wf>
      </sentence>
      <sentence id="d000.s2039" source="wordnet-korean">
         <instance id="d000.s2039.t000" lemma="다리" pos="NOUN">다리</instance>
         <wf lemma="를" pos="X">를</wf>
         <wf lemma="놓다." pos="X">놓다.</wf>
      </sentence>
      <sentence id="d000.s2040" source="wordnet-korean">
         <instance id="d000.s2040.t000" lemma="실망" pos="NOUN">실망</instance>
         <wf lemma="을" pos="X">을</wf>
         <wf lemma="모르다." pos="X">모르다.</wf>
      </sentence>
      <sentence id="d000.s2041" source="wordnet-korean">
         <instance id="d000.s2041.t000" lemma="물" pos="NOUN">물</instance>
         <wf lemma="좋은" pos="X">좋은</wf>
         <wf lemma="생선." pos="X">생선.</wf>
      </sentence>
      <sentence id="d000.s2042" source="wordnet-korean">
         <instance id="d000.s2042.t000" lemma="살" pos="NOUN">살</instance>
         <wf lemma="이" pos="X">이</wf>
         <wf lemma="많은" pos="X">많은</wf>
         <wf lemma="복숭아." pos="X">복숭아.</wf>
      </sentence>
      <sentence id="d000.s2043" source="wordnet-korean">
         <wf lemma="애민" pos="X">애민</wf>
         <wf lemma="휼민의" pos="X">휼민의</wf>
         <instance id="d000.s2043.t000" lemma="온정" pos="NOUN">온정</instance>
         <wf lemma="." pos="X">.</wf>
      </sentence>
      <sentence id="d000.s2044" source="wordnet-korean">
         <wf lemma="어머님의" pos="X">어머님의</wf>
         <instance id="d000.s2044.t000" lemma="사랑" pos="NOUN">사랑</instance>
         <wf lemma="." pos="X">.</wf>
      </sentence>
      <sentence id="d000.s2045" source="wordnet-korean">
         <wf lemma="황금" pos="X">황금</wf>
         <wf lemma="보기를" pos="X">보기를</wf>
         <instance id="d000.s2045.t000" lemma="돌" pos="NOUN">돌</instance>
         <wf lemma="같이" pos="X">같이</wf>
         <wf lemma="하라." pos="X">하라.</wf>
      </sentence>
      <sentence id="d000.s2046" source="wordnet-korean">
         <instance id="d000.s2046.t000" lemma="비용" pos="NOUN">비용</instance>
         <wf lemma="을" pos="X">을</wf>
         <wf lemma="책정하다." pos="X">책정하다.</wf>
      </sentence>
      <sentence id="d000.s2047" source="wordnet-korean">
         <wf lemma="우리" pos="X">우리</wf>
         <instance id="d000.s2047.t000" lemma="앞" pos="NOUN">앞</instance>
         <wf lemma="에" pos="X">에</wf>
         <wf lemma="주어진" pos="X">주어진</wf>
         <wf lemma="과제." pos="X">과제.</wf>
      </sentence>
      <sentence id="d000.s2048" source="wordnet-korean">
         <instance id="d000.s2048.t000" lemma="지위" pos="NOUN">지위</instance>
         <wf lemma="가" pos="X">가</wf>
         <wf lemma="높은" pos="X">높은</wf>
         <wf lemma="사람." pos="X">사람.</wf>
      </sentence>
      <sentence id="d000.s2049" source="wordnet-korean">
         <instance id="d000.s2049.t000" lemma="국수" pos="NOUN">국수</instance>
         <wf lemma="를" pos="X">를</wf>
         <wf lemma="누르다." pos="X">누르다.</wf>
      </sentence>
      <sentence id="d000.s2050" source="wordnet-korean">
         <wf lemma="평생의" pos="X">평생의</wf>
         <instance id="d000.s2050.t000" lemma="바람" pos="NOUN">바람</instance>
         <wf lemma="은" pos="X">은</wf>
         <wf lemma="남북통일을" pos="X">남북통일을</wf>
         <wf lemma="보는" pos="X">보는</wf>
         <wf lemma="것이다." pos="X">것이다.</wf>
      </sentence>
      <sentence id="d000.s2051" source="wordnet-korean">
         <wf lemma="기상" pos="X">기상</wf>
         <instance id="d000.s2051.t000" lemma="관측" pos="NOUN">관측</instance>
         <wf lemma="." pos="X">.</wf>
      </sentence>
      <sentence id="d000.s2052" source="wordnet-korean">
         <wf lemma="어릴" pos="X">어릴</wf>
         <wf lemma="때의" pos="X">때의</wf>
         <instance id="d000.s2052.t000" lemma="모습" pos="NOUN">모습</instance>
         <wf lemma="." pos="X">.</wf>
      </sentence>
      <sentence id="d000.s2053" source="wordnet-korean">
         <instance id="d000.s2053.t000" lemma="수" pos="NOUN">수</instance>
         <wf lemma="가" pos="X">가</wf>
         <wf lemma="많다." pos="X">많다.</wf>
      </sentence>
      <sentence id="d000.s2054" source="wordnet-korean">
         <instance id="d000.s2054.t000" lemma="폐품" pos="NOUN">폐품</instance>
         <wf lemma="을" pos="X">을</wf>
         <wf lemma="이용하다." pos="X">이용하다.</wf>
      </sentence>
      <sentence id="d000.s2055" source="wordnet-korean">
         <instance id="d000.s2055.t000" lemma="지경" pos="NOUN">지경</instance>
         <wf lemma="을" pos="X">을</wf>
         <wf lemma="정하다." pos="X">정하다.</wf>
      </sentence>
      <sentence id="d000.s2056" source="wordnet-korean">
         <wf lemma="아무런" pos="X">아무런</wf>
         <instance id="d000.s2056.t000" lemma="걱정" pos="NOUN">걱정</instance>
         <wf lemma="마십시오." pos="X">마십시오.</wf>
      </sentence>
      <sentence id="d000.s2057" source="wordnet-korean">
         <instance id="d000.s2057.t000" lemma="의논" pos="NOUN">의논</instance>
         <wf lemma="이" pos="X">이</wf>
         <wf lemma="구구하다." pos="X">구구하다.</wf>
      </sentence>
      <sentence id="d000.s2058" source="wordnet-korean">
         <wf lemma="결혼도" pos="X">결혼도</wf>
         <wf lemma="하지" pos="X">하지</wf>
         <wf lemma="않은" pos="X">않은</wf>
         <instance id="d000.s2058.t000" lemma="아이" pos="NOUN">아이</instance>
         <wf lemma="." pos="X">.</wf>
      </sentence>
      <sentence id="d000.s2059" source="wordnet-korean">
         <instance id="d000.s2059.t000" lemma="막후" pos="NOUN">막후</instance>
         <wf lemma="에서" pos="X">에서</wf>
         <wf lemma="조종하다." pos="X">조종하다.</wf>
      </sentence>
      <sentence id="d000.s2060" source="wordnet-korean">
         <wf lemma="업무" pos="X">업무</wf>
         <instance id="d000.s2060.t000" lemma="분담" pos="NOUN">분담</instance>
         <wf lemma="." pos="X">.</wf>
      </sentence>
      <sentence id="d000.s2061" source="wordnet-korean">
         <wf lemma="민족의" pos="X">민족의</wf>
         <instance id="d000.s2061.t000" lemma="앞길" pos="NOUN">앞길</instance>
         <wf lemma="." pos="X">.</wf>
      </sentence>
      <sentence id="d000.s2062" source="wordnet-korean">
         <instance id="d000.s2062.t000" lemma="탐심" pos="NOUN">탐심</instance>
         <wf lemma="이" pos="X">이</wf>
         <wf lemma="많다." pos="X">많다.</wf>
      </sentence>
      <sentence id="d000.s2063" source="wordnet-korean">
         <instance id="d000.s2063.t000" lemma="맛" pos="NOUN">맛</instance>
         <wf lemma="이" pos="X">이</wf>
         <wf lemma="달다." pos="X">달다.</wf>
      </sentence>
      <sentence id="d000.s2064" source="wordnet-korean">
         <wf lemma="그는" pos="X">그는</wf>
         <wf lemma="처자" pos="X">처자</wf>
         <instance id="d000.s2064.t000" lemma="권속" pos="NOUN">권속</instance>
         <wf lemma="을" pos="X">을</wf>
         <wf lemma="데리고" pos="X">데리고</wf>
         <wf lemma="피난길을" pos="X">피난길을</wf>
         <wf lemma="떠났다." pos="X">떠났다.</wf>
      </sentence>
      <sentence id="d000.s2065" source="wordnet-korean">
         <instance id="d000.s2065.t000" lemma="방울" pos="NOUN">방울</instance>
         <wf lemma="이" pos="X">이</wf>
         <wf lemma="울린다." pos="X">울린다.</wf>
      </sentence>
      <sentence id="d000.s2066" source="wordnet-korean">
         <instance id="d000.s2066.t000" lemma="전면" pos="NOUN">전면</instance>
         <wf lemma="공격." pos="X">공격.</wf>
      </sentence>
      <sentence id="d000.s2067" source="wordnet-korean">
         <wf lemma="사람이" pos="X">사람이</wf>
         <wf lemma="사람답게" pos="X">사람답게</wf>
         <wf lemma="살려면" pos="X">살려면</wf>
         <instance id="d000.s2067.t000" lemma="처신" pos="NOUN">처신</instance>
         <wf lemma="을" pos="X">을</wf>
         <wf lemma="잘해야" pos="X">잘해야</wf>
         <wf lemma="하는" pos="X">하는</wf>
         <wf lemma="법이오." pos="X">법이오.</wf>
      </sentence>
      <sentence id="d000.s2068" source="wordnet-korean">
         <instance id="d000.s2068.t000" lemma="알력" pos="NOUN">알력</instance>
         <wf lemma="을" pos="X">을</wf>
         <wf lemma="빚다." pos="X">빚다.</wf>
      </sentence>
      <sentence id="d000.s2069" source="wordnet-korean">
         <instance id="d000.s2069.t000" lemma="불만" pos="NOUN">불만</instance>
         <wf lemma="을" pos="X">을</wf>
         <wf lemma="품는다." pos="X">품는다.</wf>
      </sentence>
      <sentence id="d000.s2070" source="wordnet-korean">
         <wf lemma="기쁨" pos="X">기쁨</wf>
         <instance id="d000.s2070.t000" lemma="속" pos="NOUN">속</instance>
         <wf lemma="에." pos="X">에.</wf>
      </sentence>
      <sentence id="d000.s2071" source="wordnet-korean">
         <instance id="d000.s2071.t000" lemma="뿔" pos="NOUN">뿔</instance>
         <wf lemma="이" pos="X">이</wf>
         <wf lemma="돋았다." pos="X">돋았다.</wf>
      </sentence>
      <sentence id="d000.s2072" source="wordnet-korean">
         <wf lemma="경춘" pos="X">경춘</wf>
         <instance id="d000.s2072.t000" lemma="가도" pos="NOUN">가도</instance>
         <wf lemma="." pos="X">.</wf>
      </sentence>
      <sentence id="d000.s2073" source="wordnet-korean">
         <instance id="d000.s2073.t000" lemma="도장" pos="NOUN">도장</instance>
         <wf lemma="을" pos="X">을</wf>
         <wf lemma="누르다." pos="X">누르다.</wf>
      </sentence>
      <sentence id="d000.s2074" source="wordnet-korean">
         <instance id="d000.s2074.t000" lemma="등" pos="NOUN">등</instance>
         <wf lemma="을" pos="X">을</wf>
         <wf lemma="긁다." pos="X">긁다.</wf>
      </sentence>
      <sentence id="d000.s2075" source="wordnet-korean">
         <instance id="d000.s2075.t000" lemma="마개" pos="NOUN">마개</instance>
         <wf lemma="를" pos="X">를</wf>
         <wf lemma="단단히" pos="X">단단히</wf>
         <wf lemma="막다." pos="X">막다.</wf>
      </sentence>
      <sentence id="d000.s2076" source="wordnet-korean">
         <wf lemma="세" pos="X">세</wf>
         <instance id="d000.s2076.t000" lemma="조" pos="NOUN">조</instance>
         <wf lemma="로" pos="X">로</wf>
         <wf lemma="나누어" pos="X">나누어</wf>
         <wf lemma="청소를" pos="X">청소를</wf>
         <wf lemma="하다." pos="X">하다.</wf>
      </sentence>
      <sentence id="d000.s2077" source="wordnet-korean">
         <instance id="d000.s2077.t000" lemma="행" pos="NOUN">행</instance>
         <wf lemma="과" pos="X">과</wf>
         <wf lemma="불행." pos="X">불행.</wf>
      </sentence>
      <sentence id="d000.s2078" source="wordnet-korean">
         <wf lemma="저마다" pos="X">저마다</wf>
         <wf lemma="세상을" pos="X">세상을</wf>
         <wf lemma="살아" pos="X">살아</wf>
         <wf lemma="가는" pos="X">가는</wf>
         <instance id="d000.s2078.t000" lemma="방법" pos="NOUN">방법</instance>
         <wf lemma="이" pos="X">이</wf>
         <wf lemma="있다." pos="X">있다.</wf>
      </sentence>
      <sentence id="d000.s2079" source="wordnet-korean">
         <wf lemma="딱한" pos="X">딱한</wf>
         <instance id="d000.s2079.t000" lemma="일" pos="NOUN">일</instance>
         <wf lemma="." pos="X">.</wf>
      </sentence>
      <sentence id="d000.s2080" source="wordnet-korean">
         <instance id="d000.s2080.t000" lemma="흥분" pos="NOUN">흥분</instance>
         <wf lemma="은" pos="X">은</wf>
         <wf lemma="금물이다." pos="X">금물이다.</wf>
      </sentence>
      <sentence id="d000.s2081" source="wordnet-korean">
         <instance id="d000.s2081.t000" lemma="과거" pos="NOUN">과거</instance>
         <wf lemma="에는" pos="X">에는</wf>
         <wf lemma="없던" pos="X">없던</wf>
         <wf lemma="일." pos="X">일.</wf>
      </sentence>
      <sentence id="d000.s2082" source="wordnet-korean">
         <wf lemma="먼저" pos="X">먼저</wf>
         <wf lemma="가시오," pos="X">가시오,</wf>
         <wf lemma="나는" pos="X">나는</wf>
         <instance id="d000.s2082.t000" lemma="뒤" pos="NOUN">뒤</instance>
         <wf lemma="에" pos="X">에</wf>
         <wf lemma="가겠소." pos="X">가겠소.</wf>
      </sentence>
      <sentence id="d000.s2083" source="wordnet-korean">
         <instance id="d000.s2083.t000" lemma="액" pos="NOUN">액</instance>
         <wf lemma="을" pos="X">을</wf>
         <wf lemma="막다." pos="X">막다.</wf>
      </sentence>
      <sentence id="d000.s2084" source="wordnet-korean">
         <wf lemma="땅굴" pos="X">땅굴</wf>
         <wf lemma="속에서" pos="X">속에서</wf>
         <instance id="d000.s2084.t000" lemma="두더지" pos="NOUN">두더지</instance>
         <wf lemma="같은" pos="X">같은</wf>
         <wf lemma="생활을" pos="X">생활을</wf>
         <wf lemma="하다." pos="X">하다.</wf>
      </sentence>
      <sentence id="d000.s2085" source="wordnet-korean">
         <wf lemma="교육" pos="X">교육</wf>
         <instance id="d000.s2085.t000" lemma="부" pos="NOUN">부</instance>
         <wf lemma="." pos="X">.</wf>
      </sentence>
      <sentence id="d000.s2086" source="wordnet-korean">
         <instance id="d000.s2086.t000" lemma="전속" pos="NOUN">전속</instance>
         <wf lemma="으로" pos="X">으로</wf>
         <wf lemma="달리다." pos="X">달리다.</wf>
      </sentence>
      <sentence id="d000.s2087" source="wordnet-korean">
         <wf lemma="수재" pos="X">수재</wf>
         <wf lemma="의연금(의연품)" pos="X">의연금(의연품)</wf>
         <instance id="d000.s2087.t000" lemma="접수" pos="NOUN">접수</instance>
         <wf lemma="." pos="X">.</wf>
      </sentence>
      <sentence id="d000.s2088" source="wordnet-korean">
         <wf lemma="국토의" pos="X">국토의</wf>
         <instance id="d000.s2088.t000" lemma="통일" pos="NOUN">통일</instance>
         <wf lemma="이" pos="X">이</wf>
         <wf lemma="반드시" pos="X">반드시</wf>
         <wf lemma="올" pos="X">올</wf>
         <wf lemma="것이다." pos="X">것이다.</wf>
      </sentence>
      <sentence id="d000.s2089" source="wordnet-korean">
         <instance id="d000.s2089.t000" lemma="가필" pos="NOUN">가필</instance>
         <wf lemma="과" pos="X">과</wf>
         <wf lemma="정정." pos="X">정정.</wf>
      </sentence>
      <sentence id="d000.s2090" source="wordnet-korean">
         <wf lemma="일제의" pos="X">일제의</wf>
         <wf lemma="식민" pos="X">식민</wf>
         <instance id="d000.s2090.t000" lemma="통치" pos="NOUN">통치</instance>
         <wf lemma="를" pos="X">를</wf>
         <wf lemma="받았다." pos="X">받았다.</wf>
      </sentence>
      <sentence id="d000.s2091" source="wordnet-korean">
         <instance id="d000.s2091.t000" lemma="숙제" pos="NOUN">숙제</instance>
         <wf lemma="를" pos="X">를</wf>
         <wf lemma="풀다." pos="X">풀다.</wf>
      </sentence>
      <sentence id="d000.s2092" source="wordnet-korean">
         <wf lemma="괴뢰" pos="X">괴뢰</wf>
         <instance id="d000.s2092.t000" lemma="도당" pos="NOUN">도당</instance>
         <wf lemma="." pos="X">.</wf>
      </sentence>
      <sentence id="d000.s2093" source="wordnet-korean">
         <instance id="d000.s2093.t000" lemma="멸시" pos="NOUN">멸시</instance>
         <wf lemma="를" pos="X">를</wf>
         <wf lemma="당하다." pos="X">당하다.</wf>
      </sentence>
      <sentence id="d000.s2094" source="wordnet-korean">
         <wf lemma="대외" pos="X">대외</wf>
         <instance id="d000.s2094.t000" lemma="무역" pos="NOUN">무역</instance>
         <wf lemma="." pos="X">.</wf>
      </sentence>
      <sentence id="d000.s2095" source="wordnet-korean">
         <instance id="d000.s2095.t000" lemma="공격" pos="NOUN">공격</instance>
         <wf lemma="작전." pos="X">작전.</wf>
      </sentence>
      <sentence id="d000.s2096" source="wordnet-korean">
         <wf lemma="금융" pos="X">금융</wf>
         <wf lemma="노조" pos="X">노조</wf>
         <instance id="d000.s2096.t000" lemma="대의원" pos="NOUN">대의원</instance>
         <wf lemma="." pos="X">.</wf>
      </sentence>
      <sentence id="d000.s2097" source="wordnet-korean">
         <instance id="d000.s2097.t000" lemma="곤봉" pos="NOUN">곤봉</instance>
         <wf lemma="을" pos="X">을</wf>
         <wf lemma="허리에" pos="X">허리에</wf>
         <wf lemma="찬" pos="X">찬</wf>
         <wf lemma="순라군." pos="X">순라군.</wf>
      </sentence>
      <sentence id="d000.s2098" source="wordnet-korean">
         <instance id="d000.s2098.t000" lemma="잠" pos="NOUN">잠</instance>
         <wf lemma="이" pos="X">이</wf>
         <wf lemma="들다(오다)." pos="X">들다(오다).</wf>
      </sentence>
      <sentence id="d000.s2099" source="wordnet-korean">
         <instance id="d000.s2099.t000" lemma="명가" pos="NOUN">명가</instance>
         <wf lemma="를" pos="X">를</wf>
         <wf lemma="떨친다." pos="X">떨친다.</wf>
      </sentence>
      <sentence id="d000.s2100" source="wordnet-korean">
         <instance id="d000.s2100.t000" lemma="조금" pos="NOUN">조금</instance>
         <wf lemma="기다렸다가" pos="X">기다렸다가</wf>
         <wf lemma="그냥" pos="X">그냥</wf>
         <wf lemma="돌아왔다." pos="X">돌아왔다.</wf>
      </sentence>
      <sentence id="d000.s2101" source="wordnet-korean">
         <instance id="d000.s2101.t000" lemma="나중" pos="NOUN">나중</instance>
         <wf lemma="에" pos="X">에</wf>
         <wf lemma="다시" pos="X">다시</wf>
         <wf lemma="만나" pos="X">만나</wf>
         <wf lemma="이야기하자." pos="X">이야기하자.</wf>
      </sentence>
      <sentence id="d000.s2102" source="wordnet-korean">
         <instance id="d000.s2102.t000" lemma="경의" pos="NOUN">경의</instance>
         <wf lemma="를" pos="X">를</wf>
         <wf lemma="표하다." pos="X">표하다.</wf>
      </sentence>
      <sentence id="d000.s2103" source="wordnet-korean">
         <wf lemma="형님은" pos="X">형님은</wf>
         <instance id="d000.s2103.t000" lemma="생김새" pos="NOUN">생김새</instance>
         <wf lemma="가" pos="X">가</wf>
         <wf lemma="추하다고" pos="X">추하다고</wf>
         <wf lemma="사진" pos="X">사진</wf>
         <wf lemma="찍기를" pos="X">찍기를</wf>
         <wf lemma="싫어했다고" pos="X">싫어했다고</wf>
         <wf lemma="한다." pos="X">한다.</wf>
      </sentence>
      <sentence id="d000.s2104" source="wordnet-korean">
         <instance id="d000.s2104.t000" lemma="달" pos="NOUN">달</instance>
         <wf lemma="은" pos="X">은</wf>
         <wf lemma="지구를" pos="X">지구를</wf>
         <wf lemma="돌고" pos="X">돌고</wf>
         <wf lemma="지구는" pos="X">지구는</wf>
         <wf lemma="해를" pos="X">해를</wf>
         <wf lemma="돈다." pos="X">돈다.</wf>
      </sentence>
      <sentence id="d000.s2105" source="wordnet-korean">
         <wf lemma="사랑의" pos="X">사랑의</wf>
         <instance id="d000.s2105.t000" lemma="결핍" pos="NOUN">결핍</instance>
         <wf lemma="." pos="X">.</wf>
      </sentence>
      <sentence id="d000.s2106" source="wordnet-korean">
         <instance id="d000.s2106.t000" lemma="간" pos="NOUN">간</instance>
         <wf lemma="을" pos="X">을</wf>
         <wf lemma="보다." pos="X">보다.</wf>
      </sentence>
      <sentence id="d000.s2107" source="wordnet-korean">
         <instance id="d000.s2107.t000" lemma="공로" pos="NOUN">공로</instance>
         <wf lemma="표창." pos="X">표창.</wf>
      </sentence>
      <sentence id="d000.s2108" source="wordnet-korean">
         <wf lemma="사람이" pos="X">사람이</wf>
         <wf lemma="효도를" pos="X">효도를</wf>
         <wf lemma="모르면" pos="X">모르면</wf>
         <instance id="d000.s2108.t000" lemma="미물" pos="NOUN">미물</instance>
         <wf lemma="만도" pos="X">만도</wf>
         <wf lemma="못하다던데…." pos="X">못하다던데….</wf>
      </sentence>
      <sentence id="d000.s2109" source="wordnet-korean">
         <wf lemma="진달래가" pos="X">진달래가</wf>
         <instance id="d000.s2109.t000" lemma="한창" pos="NOUN">한창</instance>
         <wf lemma="이다." pos="X">이다.</wf>
      </sentence>
      <sentence id="d000.s2110" source="wordnet-korean">
         <instance id="d000.s2110.t000" lemma="턱걸이" pos="NOUN">턱걸이</instance>
         <wf lemma="에" pos="X">에</wf>
         <wf lemma="든" pos="X">든</wf>
         <wf lemma="돈." pos="X">돈.</wf>
      </sentence>
      <sentence id="d000.s2111" source="wordnet-korean">
         <instance id="d000.s2111.t000" lemma="사실" pos="NOUN">사실</instance>
         <wf lemma="과" pos="X">과</wf>
         <wf lemma="전혀" pos="X">전혀</wf>
         <wf lemma="다르다." pos="X">다르다.</wf>
      </sentence>
      <sentence id="d000.s2112" source="wordnet-korean">
         <wf lemma="바다" pos="X">바다</wf>
         <wf lemma="밑" pos="X">밑</wf>
         <instance id="d000.s2112.t000" lemma="탐색" pos="NOUN">탐색</instance>
         <wf lemma="." pos="X">.</wf>
      </sentence>
      <sentence id="d000.s2113" source="wordnet-korean">
         <instance id="d000.s2113.t000" lemma="관세" pos="NOUN">관세</instance>
         <wf lemma="자주권." pos="X">자주권.</wf>
      </sentence>
      <sentence id="d000.s2114" source="wordnet-korean">
         <wf lemma="번화한" pos="X">번화한</wf>
         <instance id="d000.s2114.t000" lemma="거리" pos="NOUN">거리</instance>
         <wf lemma="." pos="X">.</wf>
      </sentence>
      <sentence id="d000.s2115" source="wordnet-korean">
         <wf lemma="병세" pos="X">병세</wf>
         <instance id="d000.s2115.t000" lemma="회복" pos="NOUN">회복</instance>
         <wf lemma="." pos="X">.</wf>
      </sentence>
      <sentence id="d000.s2116" source="wordnet-korean">
         <instance id="d000.s2116.t000" lemma="어린애" pos="NOUN">어린애</instance>
         <wf lemma="를" pos="X">를</wf>
         <wf lemma="돌보다." pos="X">돌보다.</wf>
      </sentence>
      <sentence id="d000.s2117" source="wordnet-korean">
         <wf lemma="자연의" pos="X">자연의</wf>
         <instance id="d000.s2117.t000" lemma="모습" pos="NOUN">모습</instance>
         <wf lemma="." pos="X">.</wf>
      </sentence>
      <sentence id="d000.s2118" source="wordnet-korean">
         <wf lemma="엄숙한" pos="X">엄숙한</wf>
         <instance id="d000.s2118.t000" lemma="낯빛" pos="NOUN">낯빛</instance>
         <wf lemma="으로" pos="X">으로</wf>
         <wf lemma="나무라다." pos="X">나무라다.</wf>
      </sentence>
      <sentence id="d000.s2119" source="wordnet-korean">
         <instance id="d000.s2119.t000" lemma="발음" pos="NOUN">발음</instance>
         <wf lemma="을" pos="X">을</wf>
         <wf lemma="똑똑히" pos="X">똑똑히</wf>
         <wf lemma="한다." pos="X">한다.</wf>
      </sentence>
      <sentence id="d000.s2120" source="wordnet-korean">
         <wf lemma="하수구가" pos="X">하수구가</wf>
         <wf lemma="꽉" pos="X">꽉</wf>
         <wf lemma="막혀" pos="X">막혀</wf>
         <wf lemma="물이" pos="X">물이</wf>
         <wf lemma="빠져" pos="X">빠져</wf>
         <wf lemma="나갈" pos="X">나갈</wf>
         <instance id="d000.s2120.t000" lemma="구멍" pos="NOUN">구멍</instance>
         <wf lemma="이" pos="X">이</wf>
         <wf lemma="없다." pos="X">없다.</wf>
      </sentence>
      <sentence id="d000.s2121" source="wordnet-korean">
         <wf lemma="국에" pos="X">국에</wf>
         <instance id="d000.s2121.t000" lemma="간장" pos="NOUN">간장</instance>
         <wf lemma="을" pos="X">을</wf>
         <wf lemma="치다." pos="X">치다.</wf>
      </sentence>
      <sentence id="d000.s2122" source="wordnet-korean">
         <instance id="d000.s2122.t000" lemma="파란" pos="NOUN">파란</instance>
         <wf lemma="을" pos="X">을</wf>
         <wf lemma="겪다." pos="X">겪다.</wf>
      </sentence>
      <sentence id="d000.s2123" source="wordnet-korean">
         <instance id="d000.s2123.t000" lemma="반칙" pos="NOUN">반칙</instance>
         <wf lemma="다섯" pos="X">다섯</wf>
         <wf lemma="번이면" pos="X">번이면</wf>
         <wf lemma="퇴장이다." pos="X">퇴장이다.</wf>
      </sentence>
      <sentence id="d000.s2124" source="wordnet-korean">
         <instance id="d000.s2124.t000" lemma="별" pos="NOUN">별</instance>
         <wf lemma="을" pos="X">을</wf>
         <wf lemma="따는" pos="X">따는</wf>
         <wf lemma="재주라도" pos="X">재주라도</wf>
         <wf lemma="있는가?." pos="X">있는가?.</wf>
      </sentence>
      <sentence id="d000.s2125" source="wordnet-korean">
         <instance id="d000.s2125.t000" lemma="만행" pos="NOUN">만행</instance>
         <wf lemma="으로" pos="X">으로</wf>
         <wf lemma="하나쯤" pos="X">하나쯤</wf>
         <wf lemma="얻어걸릴지" pos="X">얻어걸릴지</wf>
         <wf lemma="아느냐." pos="X">아느냐.</wf>
      </sentence>
      <sentence id="d000.s2126" source="wordnet-korean">
         <wf lemma="물" pos="X">물</wf>
         <instance id="d000.s2126.t000" lemma="통" pos="NOUN">통</instance>
         <wf lemma="이나" pos="X">이나</wf>
         <wf lemma="길어" pos="X">길어</wf>
         <wf lemma="왔다." pos="X">왔다.</wf>
      </sentence>
      <sentence id="d000.s2127" source="wordnet-korean">
         <wf lemma="의미" pos="X">의미</wf>
         <instance id="d000.s2127.t000" lemma="규정" pos="NOUN">규정</instance>
         <wf lemma="." pos="X">.</wf>
      </sentence>
      <sentence id="d000.s2128" source="wordnet-korean">
         <wf lemma="수의학은" pos="X">수의학은</wf>
         <wf lemma="의학의" pos="X">의학의</wf>
         <instance id="d000.s2128.t000" lemma="영역" pos="NOUN">영역</instance>
         <wf lemma="밖이다." pos="X">밖이다.</wf>
      </sentence>
      <sentence id="d000.s2129" source="wordnet-korean">
         <wf lemma="임기" pos="X">임기</wf>
         <instance id="d000.s2129.t000" lemma="만료" pos="NOUN">만료</instance>
         <wf lemma="." pos="X">.</wf>
      </sentence>
      <sentence id="d000.s2130" source="wordnet-korean">
         <instance id="d000.s2130.t000" lemma="경비" pos="NOUN">경비</instance>
         <wf lemma="절감." pos="X">절감.</wf>
      </sentence>
      <sentence id="d000.s2131" source="wordnet-korean">
         <wf lemma="전쟁" pos="X">전쟁</wf>
         <instance id="d000.s2131.t000" lemma="개입" pos="NOUN">개입</instance>
         <wf lemma="." pos="X">.</wf>
      </sentence>
      <sentence id="d000.s2132" source="wordnet-korean">
         <instance id="d000.s2132.t000" lemma="공터" pos="NOUN">공터</instance>
         <wf lemma="를" pos="X">를</wf>
         <wf lemma="타작" pos="X">타작</wf>
         <wf lemma="마당으로" pos="X">마당으로</wf>
         <wf lemma="쓰다." pos="X">쓰다.</wf>
      </sentence>
      <sentence id="d000.s2133" source="wordnet-korean">
         <instance id="d000.s2133.t000" lemma="뒤" pos="NOUN">뒤</instance>
         <wf lemma="에" pos="X">에</wf>
         <wf lemma="보자." pos="X">보자.</wf>
      </sentence>
      <sentence id="d000.s2134" source="wordnet-korean">
         <instance id="d000.s2134.t000" lemma="소견" pos="NOUN">소견</instance>
         <wf lemma="이" pos="X">이</wf>
         <wf lemma="없다." pos="X">없다.</wf>
      </sentence>
      <sentence id="d000.s2135" source="wordnet-korean">
         <wf lemma="포위망" pos="X">포위망</wf>
         <instance id="d000.s2135.t000" lemma="압축" pos="NOUN">압축</instance>
         <wf lemma="." pos="X">.</wf>
      </sentence>
      <sentence id="d000.s2136" source="wordnet-korean">
         <instance id="d000.s2136.t000" lemma="벌금" pos="NOUN">벌금</instance>
         <wf lemma="을" pos="X">을</wf>
         <wf lemma="물다." pos="X">물다.</wf>
      </sentence>
      <sentence id="d000.s2137" source="wordnet-korean">
         <wf lemma="점잖은" pos="X">점잖은</wf>
         <instance id="d000.s2137.t000" lemma="인물" pos="NOUN">인물</instance>
         <wf lemma="." pos="X">.</wf>
      </sentence>
      <sentence id="d000.s2138" source="wordnet-korean">
         <instance id="d000.s2138.t000" lemma="그림자" pos="NOUN">그림자</instance>
         <wf lemma="를" pos="X">를</wf>
         <wf lemma="밟다." pos="X">밟다.</wf>
      </sentence>
      <sentence id="d000.s2139" source="wordnet-korean">
         <instance id="d000.s2139.t000" lemma="대역" pos="NOUN">대역</instance>
         <wf lemma="으로" pos="X">으로</wf>
         <wf lemma="나오다." pos="X">나오다.</wf>
      </sentence>
      <sentence id="d000.s2140" source="wordnet-korean">
         <wf lemma="산골" pos="X">산골</wf>
         <wf lemma="사람과" pos="X">사람과</wf>
         <instance id="d000.s2140.t000" lemma="바닥" pos="NOUN">바닥</instance>
         <wf lemma="사람." pos="X">사람.</wf>
      </sentence>
      <sentence id="d000.s2141" source="wordnet-korean">
         <wf lemma="그" pos="X">그</wf>
         <wf lemma="쪽" pos="X">쪽</wf>
         <instance id="d000.s2141.t000" lemma="부분" pos="NOUN">부분</instance>
         <wf lemma="을" pos="X">을</wf>
         <wf lemma="고쳐" pos="X">고쳐</wf>
         <wf lemma="주시오." pos="X">주시오.</wf>
      </sentence>
      <sentence id="d000.s2142" source="wordnet-korean">
         <wf lemma="기준" pos="X">기준</wf>
         <instance id="d000.s2142.t000" lemma="미달" pos="NOUN">미달</instance>
         <wf lemma="." pos="X">.</wf>
      </sentence>
      <sentence id="d000.s2143" source="wordnet-korean">
         <wf lemma="어른" pos="X">어른</wf>
         <wf lemma="공경하는" pos="X">공경하는</wf>
         <instance id="d000.s2143.t000" lemma="법" pos="NOUN">법</instance>
         <wf lemma="." pos="X">.</wf>
      </sentence>
      <sentence id="d000.s2144" source="wordnet-korean">
         <wf lemma="여성에겐" pos="X">여성에겐</wf>
         <wf lemma="그" pos="X">그</wf>
         <wf lemma="특유의" pos="X">특유의</wf>
         <wf lemma="모성애가" pos="X">모성애가</wf>
         <wf lemma="있는" pos="X">있는</wf>
         <instance id="d000.s2144.t000" lemma="법" pos="NOUN">법</instance>
         <wf lemma="이다." pos="X">이다.</wf>
      </sentence>
      <sentence id="d000.s2145" source="wordnet-korean">
         <wf lemma="순이" pos="X">순이</wf>
         <instance id="d000.s2145.t000" lemma="어멈" pos="NOUN">어멈</instance>
         <wf lemma="." pos="X">.</wf>
      </sentence>
      <sentence id="d000.s2146" source="wordnet-korean">
         <instance id="d000.s2146.t000" lemma="분부" pos="NOUN">분부</instance>
         <wf lemma="를" pos="X">를</wf>
         <wf lemma="받고." pos="X">받고.</wf>
      </sentence>
      <sentence id="d000.s2147" source="wordnet-korean">
         <instance id="d000.s2147.t000" lemma="지지" pos="VERB">지지</instance>
         <wf lemma="를" pos="X">를</wf>
         <wf lemma="받다." pos="X">받다.</wf>
      </sentence>
      <sentence id="d000.s2148" source="wordnet-korean">
         <wf lemma="이맛" pos="X">이맛</wf>
         <instance id="d000.s2148.t000" lemma="살" pos="NOUN">살</instance>
         <wf lemma="." pos="X">.</wf>
      </sentence>
      <sentence id="d000.s2149" source="wordnet-korean">
         <instance id="d000.s2149.t000" lemma="수단" pos="NOUN">수단</instance>
         <wf lemma="과" pos="X">과</wf>
         <wf lemma="방법을" pos="X">방법을</wf>
         <wf lemma="가리지" pos="X">가리지</wf>
         <wf lemma="않는다." pos="X">않는다.</wf>
      </sentence>
      <sentence id="d000.s2150" source="wordnet-korean">
         <instance id="d000.s2150.t000" lemma="속력" pos="NOUN">속력</instance>
         <wf lemma="을" pos="X">을</wf>
         <wf lemma="내다." pos="X">내다.</wf>
      </sentence>
      <sentence id="d000.s2151" source="wordnet-korean">
         <instance id="d000.s2151.t000" lemma="국경" pos="NOUN">국경</instance>
         <wf lemma="을" pos="X">을</wf>
         <wf lemma="넘다." pos="X">넘다.</wf>
      </sentence>
      <sentence id="d000.s2152" source="wordnet-korean">
         <wf lemma="단정한" pos="X">단정한</wf>
         <instance id="d000.s2152.t000" lemma="태도" pos="NOUN">태도</instance>
         <wf lemma="." pos="X">.</wf>
      </sentence>
      <sentence id="d000.s2153" source="wordnet-korean">
         <instance id="d000.s2153.t000" lemma="기념" pos="NOUN">기념</instance>
         <wf lemma="대회." pos="X">대회.</wf>
      </sentence>
      <sentence id="d000.s2154" source="wordnet-korean">
         <instance id="d000.s2154.t000" lemma="납부" pos="NOUN">납부</instance>
         <wf lemma="기한." pos="X">기한.</wf>
      </sentence>
      <sentence id="d000.s2155" source="wordnet-korean">
         <wf lemma="건강의" pos="X">건강의</wf>
         <instance id="d000.s2155.t000" lemma="저해" pos="NOUN">저해</instance>
         <wf lemma="요인." pos="X">요인.</wf>
      </sentence>
      <sentence id="d000.s2156" source="wordnet-korean">
         <instance id="d000.s2156.t000" lemma="산" pos="NOUN">산</instance>
         <wf lemma="이" pos="X">이</wf>
         <wf lemma="가파르다." pos="X">가파르다.</wf>
      </sentence>
      <sentence id="d000.s2157" source="wordnet-korean">
         <wf lemma="열" pos="X">열</wf>
         <instance id="d000.s2157.t000" lemma="표" pos="NOUN">표</instance>
         <wf lemma="를" pos="X">를</wf>
         <wf lemma="얻었다." pos="X">얻었다.</wf>
      </sentence>
      <sentence id="d000.s2158" source="wordnet-korean">
         <wf lemma="그가" pos="X">그가</wf>
         <wf lemma="새로" pos="X">새로</wf>
         <wf lemma="고안한" pos="X">고안한</wf>
         <wf lemma="타자기는" pos="X">타자기는</wf>
         <wf lemma="많은" pos="X">많은</wf>
         <wf lemma="이들의" pos="X">이들의</wf>
         <instance id="d000.s2158.t000" lemma="관심" pos="NOUN">관심</instance>
         <wf lemma="을" pos="X">을</wf>
         <wf lemma="불러일으켰다." pos="X">불러일으켰다.</wf>
      </sentence>
      <sentence id="d000.s2159" source="wordnet-korean">
         <wf lemma="세" pos="X">세</wf>
         <wf lemma="살" pos="X">살</wf>
         <wf lemma="먹은" pos="X">먹은</wf>
         <instance id="d000.s2159.t000" lemma="어린애" pos="NOUN">어린애</instance>
         <wf lemma="." pos="X">.</wf>
      </sentence>
      <sentence id="d000.s2160" source="wordnet-korean">
         <instance id="d000.s2160.t000" lemma="선도" pos="NOUN">선도</instance>
         <wf lemma="요원." pos="X">요원.</wf>
      </sentence>
      <sentence id="d000.s2161" source="wordnet-korean">
         <wf lemma="선물" pos="X">선물</wf>
         <instance id="d000.s2161.t000" lemma="교환" pos="NOUN">교환</instance>
         <wf lemma="." pos="X">.</wf>
      </sentence>
      <sentence id="d000.s2162" source="wordnet-korean">
         <wf lemma="웬" pos="X">웬</wf>
         <instance id="d000.s2162.t000" lemma="사고" pos="NOUN">사고</instance>
         <wf lemma="가" pos="X">가</wf>
         <wf lemma="잇따라" pos="X">잇따라</wf>
         <wf lemma="나는지." pos="X">나는지.</wf>
      </sentence>
      <sentence id="d000.s2163" source="wordnet-korean">
         <instance id="d000.s2163.t000" lemma="선거" pos="NOUN">선거</instance>
         <wf lemma="제도." pos="X">제도.</wf>
      </sentence>
      <sentence id="d000.s2164" source="wordnet-korean">
         <instance id="d000.s2164.t000" lemma="낚시" pos="NOUN">낚시</instance>
         <wf lemma="를" pos="X">를</wf>
         <wf lemma="갔다." pos="X">갔다.</wf>
      </sentence>
      <sentence id="d000.s2165" source="wordnet-korean">
         <wf lemma="작업" pos="X">작업</wf>
         <instance id="d000.s2165.t000" lemma="개시" pos="NOUN">개시</instance>
         <wf lemma="." pos="X">.</wf>
      </sentence>
      <sentence id="d000.s2166" source="wordnet-korean">
         <instance id="d000.s2166.t000" lemma="사태" pos="NOUN">사태</instance>
         <wf lemma="는" pos="X">는</wf>
         <wf lemma="호전되어" pos="X">호전되어</wf>
         <wf lemma="간다." pos="X">간다.</wf>
      </sentence>
      <sentence id="d000.s2167" source="wordnet-korean">
         <wf lemma="문학적" pos="X">문학적</wf>
         <instance id="d000.s2167.t000" lemma="소질" pos="NOUN">소질</instance>
         <wf lemma="." pos="X">.</wf>
      </sentence>
      <sentence id="d000.s2168" source="wordnet-korean">
         <wf lemma="역사" pos="X">역사</wf>
         <wf lemma="발전의" pos="X">발전의</wf>
         <instance id="d000.s2168.t000" lemma="논리" pos="NOUN">논리</instance>
         <wf lemma="." pos="X">.</wf>
      </sentence>
      <sentence id="d000.s2169" source="wordnet-korean">
         <instance id="d000.s2169.t000" lemma="꿈" pos="NOUN">꿈</instance>
         <wf lemma="을" pos="X">을</wf>
         <wf lemma="꾸다." pos="X">꾸다.</wf>
      </sentence>
      <sentence id="d000.s2170" source="wordnet-korean">
         <wf lemma="기록" pos="X">기록</wf>
         <instance id="d000.s2170.t000" lemma="경신" pos="NOUN">경신</instance>
         <wf lemma="." pos="X">.</wf>
      </sentence>
      <sentence id="d000.s2171" source="wordnet-korean">
         <wf lemma="악취가" pos="X">악취가</wf>
         <wf lemma="코를" pos="X">코를</wf>
         <instance id="d000.s2171.t000" lemma="찌르다" pos="VERB">찌르다</instance>
         <wf lemma="." pos="X">.</wf>
      </sentence>
      <sentence id="d000.s2172" source="wordnet-korean">
         <instance id="d000.s2172.t000" lemma="체형" pos="NOUN">체형</instance>
         <wf lemma="을" pos="X">을</wf>
         <wf lemma="가한다." pos="X">가한다.</wf>
      </sentence>
      <sentence id="d000.s2173" source="wordnet-korean">
         <instance id="d000.s2173.t000" lemma="극도" pos="NOUN">극도</instance>
         <wf lemma="로" pos="X">로</wf>
         <wf lemma="흥분하다." pos="X">흥분하다.</wf>
      </sentence>
      <sentence id="d000.s2174" source="wordnet-korean">
         <instance id="d000.s2174.t000" lemma="술" pos="NOUN">술</instance>
         <wf lemma="에" pos="X">에</wf>
         <wf lemma="취하다." pos="X">취하다.</wf>
      </sentence>
      <sentence id="d000.s2175" source="wordnet-korean">
         <wf lemma="건물의" pos="X">건물의</wf>
         <wf lemma="거대하고" pos="X">거대하고</wf>
         <wf lemma="웅장한" pos="X">웅장한</wf>
         <instance id="d000.s2175.t000" lemma="자태" pos="NOUN">자태</instance>
         <wf lemma="." pos="X">.</wf>
      </sentence>
      <sentence id="d000.s2176" source="wordnet-korean">
         <wf lemma="혼자서" pos="X">혼자서</wf>
         <wf lemma="세" pos="X">세</wf>
         <wf lemma="사람" pos="X">사람</wf>
         <instance id="d000.s2176.t000" lemma="푼수" pos="NOUN">푼수</instance>
         <wf lemma="는" pos="X">는</wf>
         <wf lemma="일한다." pos="X">일한다.</wf>
      </sentence>
      <sentence id="d000.s2177" source="wordnet-korean">
         <instance id="d000.s2177.t000" lemma="숨" pos="NOUN">숨</instance>
         <wf lemma="을" pos="X">을</wf>
         <wf lemma="헐떡거리다." pos="X">헐떡거리다.</wf>
      </sentence>
      <sentence id="d000.s2178" source="wordnet-korean">
         <instance id="d000.s2178.t000" lemma="돈" pos="NOUN">돈</instance>
         <wf lemma="이" pos="X">이</wf>
         <wf lemma="꽤" pos="X">꽤</wf>
         <wf lemma="나갈" pos="X">나갈</wf>
         <wf lemma="물건." pos="X">물건.</wf>
      </sentence>
      <sentence id="d000.s2179" source="wordnet-korean">
         <instance id="d000.s2179.t000" lemma="칠" pos="NOUN">칠</instance>
         <wf lemma="이" pos="X">이</wf>
         <wf lemma="곱게" pos="X">곱게</wf>
         <wf lemma="되었다." pos="X">되었다.</wf>
      </sentence>
      <sentence id="d000.s2180" source="wordnet-korean">
         <instance id="d000.s2180.t000" lemma="생계" pos="NOUN">생계</instance>
         <wf lemma="를" pos="X">를</wf>
         <wf lemma="세우다." pos="X">세우다.</wf>
      </sentence>
      <sentence id="d000.s2181" source="wordnet-korean">
         <instance id="d000.s2181.t000" lemma="알력" pos="NOUN">알력</instance>
         <wf lemma="이" pos="X">이</wf>
         <wf lemma="심하다." pos="X">심하다.</wf>
      </sentence>
      <sentence id="d000.s2182" source="wordnet-korean">
         <instance id="d000.s2182.t000" lemma="무드" pos="NOUN">무드</instance>
         <wf lemma="가" pos="X">가</wf>
         <wf lemma="있다." pos="X">있다.</wf>
      </sentence>
      <sentence id="d000.s2183" source="wordnet-korean">
         <instance id="d000.s2183.t000" lemma="망각" pos="NOUN">망각</instance>
         <wf lemma="의" pos="X">의</wf>
         <wf lemma="세계." pos="X">세계.</wf>
      </sentence>
      <sentence id="d000.s2184" source="wordnet-korean">
         <instance id="d000.s2184.t000" lemma="가루" pos="NOUN">가루</instance>
         <wf lemma="를" pos="X">를</wf>
         <wf lemma="묻히다." pos="X">묻히다.</wf>
      </sentence>
      <sentence id="d000.s2185" source="wordnet-korean">
         <instance id="d000.s2185.t000" lemma="충족" pos="NOUN">충족</instance>
         <wf lemma="을" pos="X">을</wf>
         <wf lemma="느끼다." pos="X">느끼다.</wf>
      </sentence>
      <sentence id="d000.s2186" source="wordnet-korean">
         <instance id="d000.s2186.t000" lemma="고무" pos="NOUN">고무</instance>
         <wf lemma="격려." pos="X">격려.</wf>
      </sentence>
      <sentence id="d000.s2187" source="wordnet-korean">
         <instance id="d000.s2187.t000" lemma="양친" pos="NOUN">양친</instance>
         <wf lemma="부모" pos="X">부모</wf>
         <wf lemma="모셔다가" pos="X">모셔다가</wf>
         <wf lemma="천년" pos="X">천년</wf>
         <wf lemma="만년" pos="X">만년</wf>
         <wf lemma="살고지고." pos="X">살고지고.</wf>
      </sentence>
      <sentence id="d000.s2188" source="wordnet-korean">
         <instance id="d000.s2188.t000" lemma="번영" pos="NOUN">번영</instance>
         <wf lemma="을" pos="X">을</wf>
         <wf lemma="누린다." pos="X">누린다.</wf>
      </sentence>
      <sentence id="d000.s2189" source="wordnet-korean">
         <instance id="d000.s2189.t000" lemma="강바닥" pos="NOUN">강바닥</instance>
         <wf lemma="의" pos="X">의</wf>
         <wf lemma="모래를" pos="X">모래를</wf>
         <wf lemma="채취하다." pos="X">채취하다.</wf>
      </sentence>
      <sentence id="d000.s2190" source="wordnet-korean">
         <wf lemma="조금도" pos="X">조금도</wf>
         <instance id="d000.s2190.t000" lemma="부족" pos="NOUN">부족</instance>
         <wf lemma="이" pos="X">이</wf>
         <wf lemma="없도록" pos="X">없도록</wf>
         <wf lemma="하여라." pos="X">하여라.</wf>
      </sentence>
      <sentence id="d000.s2191" source="wordnet-korean">
         <instance id="d000.s2191.t000" lemma="영업" pos="NOUN">영업</instance>
         <wf lemma="사원." pos="X">사원.</wf>
      </sentence>
      <sentence id="d000.s2192" source="wordnet-korean">
         <wf lemma="몇" pos="X">몇</wf>
         <instance id="d000.s2192.t000" lemma="갈래" pos="NOUN">갈래</instance>
         <wf lemma="." pos="X">.</wf>
      </sentence>
      <sentence id="d000.s2193" source="wordnet-korean">
         <instance id="d000.s2193.t000" lemma="연간" pos="NOUN">연간</instance>
         <wf lemma="소득." pos="X">소득.</wf>
      </sentence>
      <sentence id="d000.s2194" source="wordnet-korean">
         <wf lemma="남새밭에" pos="X">남새밭에</wf>
         <wf lemma="쳐놓은" pos="X">쳐놓은</wf>
         <instance id="d000.s2194.t000" lemma="바자" pos="NOUN">바자</instance>
         <wf lemma="가" pos="X">가</wf>
         <wf lemma="설펴서" pos="X">설펴서</wf>
         <wf lemma="닭이" pos="X">닭이</wf>
         <wf lemma="마구" pos="X">마구</wf>
         <wf lemma="드나든다." pos="X">드나든다.</wf>
      </sentence>
      <sentence id="d000.s2195" source="wordnet-korean">
         <wf lemma="성공의" pos="X">성공의</wf>
         <instance id="d000.s2195.t000" lemma="영광" pos="NOUN">영광</instance>
         <wf lemma="을" pos="X">을</wf>
         <wf lemma="동경함을" pos="X">동경함을</wf>
         <wf lemma="나무랄" pos="X">나무랄</wf>
         <wf lemma="일이" pos="X">일이</wf>
         <wf lemma="아니다." pos="X">아니다.</wf>
      </sentence>
      <sentence id="d000.s2196" source="wordnet-korean">
         <wf lemma="사람마다" pos="X">사람마다</wf>
         <instance id="d000.s2196.t000" lemma="성상" pos="NOUN">성상</instance>
         <wf lemma="이" pos="X">이</wf>
         <wf lemma="다르다." pos="X">다르다.</wf>
      </sentence>
      <sentence id="d000.s2197" source="wordnet-korean">
         <instance id="d000.s2197.t000" lemma="표면" pos="NOUN">표면</instance>
         <wf lemma="을" pos="X">을</wf>
         <wf lemma="매끄럽게" pos="X">매끄럽게</wf>
         <wf lemma="다듬는다." pos="X">다듬는다.</wf>
      </sentence>
      <sentence id="d000.s2198" source="wordnet-korean">
         <wf lemma="단편은" pos="X">단편은</wf>
         <wf lemma="인생의" pos="X">인생의</wf>
         <wf lemma="한" pos="X">한</wf>
         <wf lemma="단면이" pos="X">단면이</wf>
         <instance id="d000.s2198.t000" lemma="압축" pos="NOUN">압축</instance>
         <wf lemma="된" pos="X">된</wf>
         <wf lemma="것이라고" pos="X">것이라고</wf>
         <wf lemma="말한다." pos="X">말한다.</wf>
      </sentence>
      <sentence id="d000.s2199" source="wordnet-korean">
         <instance id="d000.s2199.t000" lemma="포로" pos="NOUN">포로</instance>
         <wf lemma="로" pos="X">로</wf>
         <wf lemma="잡혀갔다." pos="X">잡혀갔다.</wf>
      </sentence>
      <sentence id="d000.s2200" source="wordnet-korean">
         <instance id="d000.s2200.t000" lemma="봉급" pos="NOUN">봉급</instance>
         <wf lemma="을" pos="X">을</wf>
         <wf lemma="타다." pos="X">타다.</wf>
      </sentence>
      <sentence id="d000.s2201" source="wordnet-korean">
         <wf lemma="현상" pos="X">현상</wf>
         <instance id="d000.s2201.t000" lemma="모집" pos="NOUN">모집</instance>
         <wf lemma="에" pos="X">에</wf>
         <wf lemma="응모하다." pos="X">응모하다.</wf>
      </sentence>
      <sentence id="d000.s2202" source="wordnet-korean">
         <instance id="d000.s2202.t000" lemma="미스" pos="NOUN">미스</instance>
         <wf lemma="영" pos="X">영</wf>
         <wf lemma="인터내셔널." pos="X">인터내셔널.</wf>
      </sentence>
      <sentence id="d000.s2203" source="wordnet-korean">
         <instance id="d000.s2203.t000" lemma="틀" pos="NOUN">틀</instance>
         <wf lemma="에" pos="X">에</wf>
         <wf lemma="씌우다." pos="X">씌우다.</wf>
      </sentence>
      <sentence id="d000.s2204" source="wordnet-korean">
         <instance id="d000.s2204.t000" lemma="마음" pos="NOUN">마음</instance>
         <wf lemma="이" pos="X">이</wf>
         <wf lemma="상하다." pos="X">상하다.</wf>
      </sentence>
      <sentence id="d000.s2205" source="wordnet-korean">
         <wf lemma="고분" pos="X">고분</wf>
         <wf lemma="벽화에서" pos="X">벽화에서</wf>
         <wf lemma="보이는" pos="X">보이는</wf>
         <wf lemma="회화는" pos="X">회화는</wf>
         <wf lemma="그때" pos="X">그때</wf>
         <wf lemma="사람들의" pos="X">사람들의</wf>
         <wf lemma="생활" pos="X">생활</wf>
         <instance id="d000.s2205.t000" lemma="양상" pos="NOUN">양상</instance>
         <wf lemma="을" pos="X">을</wf>
         <wf lemma="보여" pos="X">보여</wf>
         <wf lemma="주는" pos="X">주는</wf>
         <wf lemma="생생한" pos="X">생생한</wf>
         <wf lemma="자료이다." pos="X">자료이다.</wf>
      </sentence>
      <sentence id="d000.s2206" source="wordnet-korean">
         <instance id="d000.s2206.t000" lemma="거문고" pos="NOUN">거문고</instance>
         <wf lemma="는" pos="X">는</wf>
         <wf lemma="그" pos="X">그</wf>
         <wf lemma="소리가" pos="X">소리가</wf>
         <wf lemma="깊고" pos="X">깊고</wf>
         <wf lemma="무거워" pos="X">무거워</wf>
         <wf lemma="남성적이다." pos="X">남성적이다.</wf>
      </sentence>
      <sentence id="d000.s2207" source="wordnet-korean">
         <wf lemma="정치적" pos="X">정치적</wf>
         <instance id="d000.s2207.t000" lemma="생명" pos="NOUN">생명</instance>
         <wf lemma="." pos="X">.</wf>
      </sentence>
      <sentence id="d000.s2208" source="wordnet-korean">
         <instance id="d000.s2208.t000" lemma="선망" pos="NOUN">선망</instance>
         <wf lemma="과" pos="X">과</wf>
         <wf lemma="동경." pos="X">동경.</wf>
      </sentence>
      <sentence id="d000.s2209" source="wordnet-korean">
         <wf lemma="어느" pos="X">어느</wf>
         <instance id="d000.s2209.t000" lemma="덧" pos="NOUN">덧</instance>
         <wf lemma="가을이구나." pos="X">가을이구나.</wf>
      </sentence>
      <sentence id="d000.s2210" source="wordnet-korean">
         <wf lemma="도시" pos="X">도시</wf>
         <instance id="d000.s2210.t000" lemma="팽창" pos="NOUN">팽창</instance>
         <wf lemma="." pos="X">.</wf>
      </sentence>
      <sentence id="d000.s2211" source="wordnet-korean">
         <instance id="d000.s2211.t000" lemma="시름" pos="NOUN">시름</instance>
         <wf lemma="풀다." pos="X">풀다.</wf>
      </sentence>
      <sentence id="d000.s2212" source="wordnet-korean">
         <wf lemma="만물이" pos="X">만물이</wf>
         <wf lemma="소생하는" pos="X">소생하는</wf>
         <wf lemma="봄의" pos="X">봄의</wf>
         <instance id="d000.s2212.t000" lemma="계절" pos="NOUN">계절</instance>
         <wf lemma="." pos="X">.</wf>
      </sentence>
      <sentence id="d000.s2213" source="wordnet-korean">
         <wf lemma="성숙한" pos="X">성숙한</wf>
         <instance id="d000.s2213.t000" lemma="여인" pos="NOUN">여인</instance>
         <wf lemma="." pos="X">.</wf>
      </sentence>
      <sentence id="d000.s2214" source="wordnet-korean">
         <instance id="d000.s2214.t000" lemma="산들바람" pos="NOUN">산들바람</instance>
         <wf lemma="이" pos="X">이</wf>
         <wf lemma="나뭇가지를" pos="X">나뭇가지를</wf>
         <wf lemma="흔들며" pos="X">흔들며</wf>
         <wf lemma="불어" pos="X">불어</wf>
         <wf lemma="와서" pos="X">와서</wf>
         <wf lemma="시원하다." pos="X">시원하다.</wf>
      </sentence>
      <sentence id="d000.s2215" source="wordnet-korean">
         <instance id="d000.s2215.t000" lemma="가루" pos="NOUN">가루</instance>
         <wf lemma="를" pos="X">를</wf>
         <wf lemma="뿌리다." pos="X">뿌리다.</wf>
      </sentence>
      <sentence id="d000.s2216" source="wordnet-korean">
         <instance id="d000.s2216.t000" lemma="동정" pos="NOUN">동정</instance>
         <wf lemma="을" pos="X">을</wf>
         <wf lemma="잃다." pos="X">잃다.</wf>
      </sentence>
      <sentence id="d000.s2217" source="wordnet-korean">
         <instance id="d000.s2217.t000" lemma="공업" pos="NOUN">공업</instance>
         <wf lemma="교육." pos="X">교육.</wf>
      </sentence>
      <sentence id="d000.s2218" source="wordnet-korean">
         <instance id="d000.s2218.t000" lemma="시간" pos="NOUN">시간</instance>
         <wf lemma="이" pos="X">이</wf>
         <wf lemma="오래" pos="X">오래</wf>
         <wf lemma="걸렸다." pos="X">걸렸다.</wf>
      </sentence>
      <sentence id="d000.s2219" source="wordnet-korean">
         <wf lemma="울타리" pos="X">울타리</wf>
         <instance id="d000.s2219.t000" lemma="바깥" pos="NOUN">바깥</instance>
         <wf lemma="에" pos="X">에</wf>
         <wf lemma="핀" pos="X">핀</wf>
         <wf lemma="꽃." pos="X">꽃.</wf>
      </sentence>
      <sentence id="d000.s2220" source="wordnet-korean">
         <instance id="d000.s2220.t000" lemma="칠" pos="NOUN">칠</instance>
         <wf lemma="을" pos="X">을</wf>
         <wf lemma="올린다." pos="X">올린다.</wf>
      </sentence>
      <sentence id="d000.s2221" source="wordnet-korean">
         <wf lemma="불교" pos="X">불교</wf>
         <instance id="d000.s2221.t000" lemma="교도" pos="NOUN">교도</instance>
         <wf lemma="." pos="X">.</wf>
      </sentence>
      <sentence id="d000.s2222" source="wordnet-korean">
         <wf lemma="저자" pos="X">저자</wf>
         <instance id="d000.s2222.t000" lemma="지" pos="NOUN">지</instance>
         <wf lemma="." pos="X">.</wf>
      </sentence>
      <sentence id="d000.s2223" source="wordnet-korean">
         <instance id="d000.s2223.t000" lemma="뒷길" pos="NOUN">뒷길</instance>
         <wf lemma="로" pos="X">로</wf>
         <wf lemma="해서" pos="X">해서</wf>
         <wf lemma="가다." pos="X">가다.</wf>
      </sentence>
      <sentence id="d000.s2224" source="wordnet-korean">
         <instance id="d000.s2224.t000" lemma="급" pos="NOUN">급</instance>
         <wf lemma="이" pos="X">이</wf>
         <wf lemma="오르다." pos="X">오르다.</wf>
      </sentence>
      <sentence id="d000.s2225" source="wordnet-korean">
         <wf lemma="소아과" pos="X">소아과</wf>
         <instance id="d000.s2225.t000" lemma="과장" pos="NOUN">과장</instance>
         <wf lemma="." pos="X">.</wf>
      </sentence>
      <sentence id="d000.s2226" source="wordnet-korean">
         <wf lemma="쌀" pos="X">쌀</wf>
         <wf lemma="열" pos="X">열</wf>
         <instance id="d000.s2226.t000" lemma="말" pos="NOUN">말</instance>
         <wf lemma="." pos="X">.</wf>
      </sentence>
      <sentence id="d000.s2227" source="wordnet-korean">
         <instance id="d000.s2227.t000" lemma="공격" pos="NOUN">공격</instance>
         <wf lemma="부대." pos="X">부대.</wf>
      </sentence>
      <sentence id="d000.s2228" source="wordnet-korean">
         <wf lemma="눈" pos="X">눈</wf>
         <wf lemma="깜짝할" pos="X">깜짝할</wf>
         <instance id="d000.s2228.t000" lemma="사이" pos="NOUN">사이</instance>
         <wf lemma="." pos="X">.</wf>
      </sentence>
      <sentence id="d000.s2229" source="wordnet-korean">
         <instance id="d000.s2229.t000" lemma="득" pos="NOUN">득</instance>
         <wf lemma="을" pos="X">을</wf>
         <wf lemma="보다." pos="X">보다.</wf>
      </sentence>
      <sentence id="d000.s2230" source="wordnet-korean">
         <wf lemma="여러" pos="X">여러</wf>
         <instance id="d000.s2230.t000" lemma="번" pos="NOUN">번</instance>
         <wf lemma="." pos="X">.</wf>
      </sentence>
      <sentence id="d000.s2231" source="wordnet-korean">
         <wf lemma="열대" pos="X">열대</wf>
         <instance id="d000.s2231.t000" lemma="지방" pos="NOUN">지방</instance>
         <wf lemma="." pos="X">.</wf>
      </sentence>
      <sentence id="d000.s2232" source="wordnet-korean">
         <wf lemma="때를" pos="X">때를</wf>
         <instance id="d000.s2232.t000" lemma="기다리다" pos="VERB">기다리다</instance>
         <wf lemma="." pos="X">.</wf>
      </sentence>
      <sentence id="d000.s2233" source="wordnet-korean">
         <instance id="d000.s2233.t000" lemma="기본" pos="NOUN">기본</instance>
         <wf lemma="법칙." pos="X">법칙.</wf>
      </sentence>
      <sentence id="d000.s2234" source="wordnet-korean">
         <instance id="d000.s2234.t000" lemma="악의" pos="NOUN">악의</instance>
         <wf lemma="로" pos="X">로</wf>
         <wf lemma="해석하다." pos="X">해석하다.</wf>
      </sentence>
      <sentence id="d000.s2235" source="wordnet-korean">
         <instance id="d000.s2235.t000" lemma="연" pos="NOUN">연</instance>
         <wf lemma="에" pos="X">에</wf>
         <wf lemma="두" pos="X">두</wf>
         <wf lemma="차례" pos="X">차례</wf>
         <wf lemma="수확을" pos="X">수확을</wf>
         <wf lemma="한다." pos="X">한다.</wf>
      </sentence>
      <sentence id="d000.s2236" source="wordnet-korean">
         <wf lemma="신문" pos="X">신문</wf>
         <instance id="d000.s2236.t000" lemma="보급" pos="NOUN">보급</instance>
         <wf lemma="." pos="X">.</wf>
      </sentence>
      <sentence id="d000.s2237" source="wordnet-korean">
         <wf lemma="그는" pos="X">그는</wf>
         <wf lemma="두" pos="X">두</wf>
         <wf lemma="단체가" pos="X">단체가</wf>
         <wf lemma="합병할" pos="X">합병할</wf>
         <wf lemma="수" pos="X">수</wf>
         <wf lemma="있게" pos="X">있게</wf>
         <wf lemma="하는" pos="X">하는</wf>
         <instance id="d000.s2237.t000" lemma="연쇄" pos="NOUN">연쇄</instance>
         <wf lemma="의" pos="X">의</wf>
         <wf lemma="구실을" pos="X">구실을</wf>
         <wf lemma="담당하였다." pos="X">담당하였다.</wf>
      </sentence>
      <sentence id="d000.s2238" source="wordnet-korean">
         <instance id="d000.s2238.t000" lemma="뒤축" pos="NOUN">뒤축</instance>
         <wf lemma="을" pos="X">을</wf>
         <wf lemma="갈았다." pos="X">갈았다.</wf>
      </sentence>
      <sentence id="d000.s2239" source="wordnet-korean">
         <instance id="d000.s2239.t000" lemma="의식" pos="NOUN">의식</instance>
         <wf lemma="의" pos="X">의</wf>
         <wf lemma="세계." pos="X">세계.</wf>
      </sentence>
      <sentence id="d000.s2240" source="wordnet-korean">
         <wf lemma="그리운" pos="X">그리운</wf>
         <wf lemma="고향" pos="X">고향</wf>
         <instance id="d000.s2240.t000" lemma="생각" pos="NOUN">생각</instance>
         <wf lemma="." pos="X">.</wf>
      </sentence>
      <sentence id="d000.s2241" source="wordnet-korean">
         <instance id="d000.s2241.t000" lemma="맵시" pos="NOUN">맵시</instance>
         <wf lemma="있는" pos="X">있는</wf>
         <wf lemma="옷." pos="X">옷.</wf>
      </sentence>
      <sentence id="d000.s2242" source="wordnet-korean">
         <wf lemma="새로" pos="X">새로</wf>
         <instance id="d000.s2242.t000" lemma="개발" pos="NOUN">개발</instance>
         <wf lemma="된" pos="X">된</wf>
         <wf lemma="광산." pos="X">광산.</wf>
      </sentence>
      <sentence id="d000.s2243" source="wordnet-korean">
         <instance id="d000.s2243.t000" lemma="유" pos="NOUN">유</instance>
         <wf lemma="대회." pos="X">대회.</wf>
      </sentence>
      <sentence id="d000.s2244" source="wordnet-korean">
         <wf lemma="전통적" pos="X">전통적</wf>
         <instance id="d000.s2244.t000" lemma="의식" pos="NOUN">의식</instance>
         <wf lemma="." pos="X">.</wf>
      </sentence>
      <sentence id="d000.s2245" source="wordnet-korean">
         <instance id="d000.s2245.t000" lemma="여류" pos="NOUN">여류</instance>
         <wf lemma="문사." pos="X">문사.</wf>
      </sentence>
      <sentence id="d000.s2246" source="wordnet-korean">
         <wf lemma="사람은" pos="X">사람은</wf>
         <wf lemma="아무튼" pos="X">아무튼</wf>
         <wf lemma="자신의" pos="X">자신의</wf>
         <wf lemma="방법에" pos="X">방법에</wf>
         <instance id="d000.s2246.t000" lemma="애착" pos="NOUN">애착</instance>
         <wf lemma="이" pos="X">이</wf>
         <wf lemma="심하여" pos="X">심하여</wf>
         <wf lemma="그" pos="X">그</wf>
         <wf lemma="테두리에서" pos="X">테두리에서</wf>
         <wf lemma="쉽게" pos="X">쉽게</wf>
         <wf lemma="벗어나지" pos="X">벗어나지</wf>
         <wf lemma="못한다." pos="X">못한다.</wf>
      </sentence>
      <sentence id="d000.s2247" source="wordnet-korean">
         <instance id="d000.s2247.t000" lemma="구급" pos="NOUN">구급</instance>
         <wf lemma="대책." pos="X">대책.</wf>
      </sentence>
      <sentence id="d000.s2248" source="wordnet-korean">
         <instance id="d000.s2248.t000" lemma="공업" pos="NOUN">공업</instance>
         <wf lemma="지역." pos="X">지역.</wf>
      </sentence>
      <sentence id="d000.s2249" source="wordnet-korean">
         <instance id="d000.s2249.t000" lemma="몸가짐" pos="NOUN">몸가짐</instance>
         <wf lemma="이" pos="X">이</wf>
         <wf lemma="바르다." pos="X">바르다.</wf>
      </sentence>
      <sentence id="d000.s2250" source="wordnet-korean">
         <instance id="d000.s2250.t000" lemma="여류" pos="NOUN">여류</instance>
         <wf lemma="소설." pos="X">소설.</wf>
      </sentence>
      <sentence id="d000.s2251" source="wordnet-korean">
         <wf lemma="이" pos="X">이</wf>
         <wf lemma="곳에" pos="X">곳에</wf>
         <instance id="d000.s2251.t000" lemma="본거지" pos="NOUN">본거지</instance>
         <wf lemma="를" pos="X">를</wf>
         <wf lemma="두고" pos="X">두고</wf>
         <wf lemma="활약하던" pos="X">활약하던</wf>
         <wf lemma="독립군." pos="X">독립군.</wf>
      </sentence>
      <sentence id="d000.s2252" source="wordnet-korean">
         <wf lemma="굳센" pos="X">굳센</wf>
         <instance id="d000.s2252.t000" lemma="마음" pos="NOUN">마음</instance>
         <wf lemma="." pos="X">.</wf>
      </sentence>
      <sentence id="d000.s2253" source="wordnet-korean">
         <wf lemma="여름철을" pos="X">여름철을</wf>
         <instance id="d000.s2253.t000" lemma="바닷가" pos="NOUN">바닷가</instance>
         <wf lemma="에서" pos="X">에서</wf>
         <wf lemma="보냈다." pos="X">보냈다.</wf>
      </sentence>
      <sentence id="d000.s2254" source="wordnet-korean">
         <wf lemma="학력" pos="X">학력</wf>
         <instance id="d000.s2254.t000" lemma="저하" pos="NOUN">저하</instance>
         <wf lemma="." pos="X">.</wf>
      </sentence>
      <sentence id="d000.s2255" source="wordnet-korean">
         <instance id="d000.s2255.t000" lemma="방편" pos="NOUN">방편</instance>
         <wf lemma="을" pos="X">을</wf>
         <wf lemma="쓰다." pos="X">쓰다.</wf>
      </sentence>
      <sentence id="d000.s2256" source="wordnet-korean">
         <instance id="d000.s2256.t000" lemma="대장부" pos="NOUN">대장부</instance>
         <wf lemma="가" pos="X">가</wf>
         <wf lemma="갈" pos="X">갈</wf>
         <wf lemma="길." pos="X">길.</wf>
      </sentence>
      <sentence id="d000.s2257" source="wordnet-korean">
         <wf lemma="작품" pos="X">작품</wf>
         <wf lemma="속의" pos="X">속의</wf>
         <instance id="d000.s2257.t000" lemma="대화" pos="NOUN">대화</instance>
         <wf lemma="도" pos="X">도</wf>
         <wf lemma="현실성이" pos="X">현실성이</wf>
         <wf lemma="있어야" pos="X">있어야</wf>
         <wf lemma="한다." pos="X">한다.</wf>
      </sentence>
      <sentence id="d000.s2258" source="wordnet-korean">
         <instance id="d000.s2258.t000" lemma="국기" pos="NOUN">국기</instance>
         <wf lemma="를" pos="X">를</wf>
         <wf lemma="게양하다." pos="X">게양하다.</wf>
      </sentence>
      <sentence id="d000.s2259" source="wordnet-korean">
         <wf lemma="세종" pos="X">세종</wf>
         <wf lemma="임금의" pos="X">임금의</wf>
         <wf lemma="훈민정음" pos="X">훈민정음</wf>
         <instance id="d000.s2259.t000" lemma="반포" pos="NOUN">반포</instance>
         <wf lemma="." pos="X">.</wf>
      </sentence>
      <sentence id="d000.s2260" source="wordnet-korean">
         <wf lemma="떡의" pos="X">떡의</wf>
         <instance id="d000.s2260.t000" lemma="부스러기" pos="NOUN">부스러기</instance>
         <wf lemma="." pos="X">.</wf>
      </sentence>
      <sentence id="d000.s2261" source="wordnet-korean">
         <wf lemma="지구의" pos="X">지구의</wf>
         <instance id="d000.s2261.t000" lemma="기원" pos="NOUN">기원</instance>
         <wf lemma="." pos="X">.</wf>
      </sentence>
      <sentence id="d000.s2262" source="wordnet-korean">
         <instance id="d000.s2262.t000" lemma="용맹" pos="NOUN">용맹</instance>
         <wf lemma="을" pos="X">을</wf>
         <wf lemma="떨치다." pos="X">떨치다.</wf>
      </sentence>
      <sentence id="d000.s2263" source="wordnet-korean">
         <instance id="d000.s2263.t000" lemma="셈" pos="NOUN">셈</instance>
         <wf lemma="을" pos="X">을</wf>
         <wf lemma="배우다." pos="X">배우다.</wf>
      </sentence>
      <sentence id="d000.s2264" source="wordnet-korean">
         <wf lemma="술" pos="X">술</wf>
         <wf lemma="한" pos="X">한</wf>
         <instance id="d000.s2264.t000" lemma="말" pos="NOUN">말</instance>
         <wf lemma="." pos="X">.</wf>
      </sentence>
      <sentence id="d000.s2265" source="wordnet-korean">
         <instance id="d000.s2265.t000" lemma="기본" pos="NOUN">기본</instance>
         <wf lemma="으로" pos="X">으로</wf>
         <wf lemma="삼다." pos="X">삼다.</wf>
      </sentence>
      <sentence id="d000.s2266" source="wordnet-korean">
         <instance id="d000.s2266.t000" lemma="거처" pos="NOUN">거처</instance>
         <wf lemma="를" pos="X">를</wf>
         <wf lemma="알아야" pos="X">알아야</wf>
         <wf lemma="찾아가지." pos="X">찾아가지.</wf>
      </sentence>
      <sentence id="d000.s2267" source="wordnet-korean">
         <instance id="d000.s2267.t000" lemma="동정" pos="NOUN">동정</instance>
         <wf lemma="을" pos="X">을</wf>
         <wf lemma="엿보다." pos="X">엿보다.</wf>
      </sentence>
      <sentence id="d000.s2268" source="wordnet-korean">
         <instance id="d000.s2268.t000" lemma="통치자" pos="NOUN">통치자</instance>
         <wf lemma="가" pos="X">가</wf>
         <wf lemma="바뀐다." pos="X">바뀐다.</wf>
      </sentence>
      <sentence id="d000.s2269" source="wordnet-korean">
         <wf lemma="A가" pos="X">A가</wf>
         <wf lemma="6을" pos="X">6을</wf>
         <wf lemma="대표할" pos="X">대표할</wf>
         <wf lemma="때에는" pos="X">때에는</wf>
         <wf lemma="6은" pos="X">6은</wf>
         <wf lemma="A의" pos="X">A의</wf>
         <instance id="d000.s2269.t000" lemma="수치" pos="NOUN">수치</instance>
         <wf lemma="이다." pos="X">이다.</wf>
      </sentence>
      <sentence id="d000.s2270" source="wordnet-korean">
         <wf lemma="광목" pos="X">광목</wf>
         <wf lemma="한" pos="X">한</wf>
         <instance id="d000.s2270.t000" lemma="마" pos="NOUN">마</instance>
         <wf lemma="세" pos="X">세</wf>
         <wf lemma="치." pos="X">치.</wf>
      </sentence>
      <sentence id="d000.s2271" source="wordnet-korean">
         <wf lemma="시원한" pos="X">시원한</wf>
         <instance id="d000.s2271.t000" lemma="공기" pos="NOUN">공기</instance>
         <wf lemma="." pos="X">.</wf>
      </sentence>
      <sentence id="d000.s2272" source="wordnet-korean">
         <wf lemma="한" pos="X">한</wf>
         <wf lemma="시각의" pos="X">시각의</wf>
         <instance id="d000.s2272.t000" lemma="유예" pos="NOUN">유예</instance>
         <wf lemma="도" pos="X">도</wf>
         <wf lemma="허락하지" pos="X">허락하지</wf>
         <wf lemma="아니하매." pos="X">아니하매.</wf>
      </sentence>
      <sentence id="d000.s2273" source="wordnet-korean">
         <instance id="d000.s2273.t000" lemma="조정" pos="NOUN">조정</instance>
         <wf lemma="위원." pos="X">위원.</wf>
      </sentence>
      <sentence id="d000.s2274" source="wordnet-korean">
         <wf lemma="당신" pos="X">당신</wf>
         <instance id="d000.s2274.t000" lemma="밖" pos="NOUN">밖</instance>
         <wf lemma="에도" pos="X">에도</wf>
         <wf lemma="다른" pos="X">다른</wf>
         <wf lemma="사람이" pos="X">사람이</wf>
         <wf lemma="더" pos="X">더</wf>
         <wf lemma="있지요." pos="X">있지요.</wf>
      </sentence>
      <sentence id="d000.s2275" source="wordnet-korean">
         <wf lemma="물질" pos="X">물질</wf>
         <instance id="d000.s2275.t000" lemma="세계" pos="NOUN">세계</instance>
         <wf lemma="." pos="X">.</wf>
      </sentence>
      <sentence id="d000.s2276" source="wordnet-korean">
         <wf lemma="납" pos="X">납</wf>
         <instance id="d000.s2276.t000" lemma="똥" pos="NOUN">똥</instance>
         <wf lemma="." pos="X">.</wf>
      </sentence>
      <sentence id="d000.s2277" source="wordnet-korean">
         <wf lemma="음식을" pos="X">음식을</wf>
         <instance id="d000.s2277.t000" lemma="만들다" pos="VERB">만들다</instance>
         <wf lemma="." pos="X">.</wf>
      </sentence>
      <sentence id="d000.s2278" source="wordnet-korean">
         <wf lemma="이" pos="X">이</wf>
         <wf lemma="방면에는" pos="X">방면에는</wf>
         <wf lemma="김씨가" pos="X">김씨가</wf>
         <instance id="d000.s2278.t000" lemma="선생" pos="NOUN">선생</instance>
         <wf lemma="이지요." pos="X">이지요.</wf>
      </sentence>
      <sentence id="d000.s2279" source="wordnet-korean">
         <wf lemma="술" pos="X">술</wf>
         <instance id="d000.s2279.t000" lemma="노름" pos="NOUN">노름</instance>
         <wf lemma="." pos="X">.</wf>
      </sentence>
      <sentence id="d000.s2280" source="wordnet-korean">
         <wf lemma="3" pos="X">3</wf>
         <instance id="d000.s2280.t000" lemma="급" pos="NOUN">급</instance>
         <wf lemma="." pos="X">.</wf>
      </sentence>
      <sentence id="d000.s2281" source="wordnet-korean">
         <wf lemma="감흙을" pos="X">감흙을</wf>
         <wf lemma="파내다" pos="X">파내다</wf>
         <wf lemma="보니" pos="X">보니</wf>
         <instance id="d000.s2281.t000" lemma="바닥" pos="NOUN">바닥</instance>
         <wf lemma="이" pos="X">이</wf>
         <wf lemma="드러났다." pos="X">드러났다.</wf>
      </sentence>
      <sentence id="d000.s2282" source="wordnet-korean">
         <wf lemma="솥" pos="X">솥</wf>
         <instance id="d000.s2282.t000" lemma="바닥" pos="NOUN">바닥</instance>
         <wf lemma="의" pos="X">의</wf>
         <wf lemma="누룽지." pos="X">누룽지.</wf>
      </sentence>
      <sentence id="d000.s2283" source="wordnet-korean">
         <instance id="d000.s2283.t000" lemma="눈" pos="NOUN">눈</instance>
         <wf lemma="을" pos="X">을</wf>
         <wf lemma="맞는다." pos="X">맞는다.</wf>
      </sentence>
      <sentence id="d000.s2284" source="wordnet-korean">
         <instance id="d000.s2284.t000" lemma="세기" pos="NOUN">세기</instance>
         <wf lemma="의" pos="X">의</wf>
         <wf lemma="영웅." pos="X">영웅.</wf>
      </sentence>
      <sentence id="d000.s2285" source="wordnet-korean">
         <instance id="d000.s2285.t000" lemma="고뇌" pos="NOUN">고뇌</instance>
         <wf lemma="를" pos="X">를</wf>
         <wf lemma="참고" pos="X">참고</wf>
         <wf lemma="견디다." pos="X">견디다.</wf>
      </sentence>
      <sentence id="d000.s2286" source="wordnet-korean">
         <instance id="d000.s2286.t000" lemma="값" pos="NOUN">값</instance>
         <wf lemma="이" pos="X">이</wf>
         <wf lemma="비싸다." pos="X">비싸다.</wf>
      </sentence>
      <sentence id="d000.s2287" source="wordnet-korean">
         <instance id="d000.s2287.t000" lemma="비행기" pos="NOUN">비행기</instance>
         <wf lemma="를" pos="X">를</wf>
         <wf lemma="탄다." pos="X">탄다.</wf>
      </sentence>
      <sentence id="d000.s2288" source="wordnet-korean">
         <wf lemma="아무런" pos="X">아무런</wf>
         <instance id="d000.s2288.t000" lemma="까닭" pos="NOUN">까닭</instance>
         <wf lemma="도" pos="X">도</wf>
         <wf lemma="없이." pos="X">없이.</wf>
      </sentence>
      <sentence id="d000.s2289" source="wordnet-korean">
         <instance id="d000.s2289.t000" lemma="길" pos="NOUN">길</instance>
         <wf lemma="이" pos="X">이</wf>
         <wf lemma="가파르다." pos="X">가파르다.</wf>
      </sentence>
      <sentence id="d000.s2290" source="wordnet-korean">
         <wf lemma="인격" pos="X">인격</wf>
         <instance id="d000.s2290.t000" lemma="존중" pos="NOUN">존중</instance>
         <wf lemma="." pos="X">.</wf>
      </sentence>
      <sentence id="d000.s2291" source="wordnet-korean">
         <instance id="d000.s2291.t000" lemma="계속" pos="NOUN">계속</instance>
         <wf lemma="지원." pos="X">지원.</wf>
      </sentence>
      <sentence id="d000.s2292" source="wordnet-korean">
         <instance id="d000.s2292.t000" lemma="예" pos="NOUN">예</instance>
         <wf lemma="나" pos="X">나</wf>
         <wf lemma="이제나" pos="X">이제나</wf>
         <wf lemma="다른" pos="X">다른</wf>
         <wf lemma="것이" pos="X">것이</wf>
         <wf lemma="없다." pos="X">없다.</wf>
      </sentence>
      <sentence id="d000.s2293" source="wordnet-korean">
         <instance id="d000.s2293.t000" lemma="밤사이" pos="NOUN">밤사이</instance>
         <wf lemma="에" pos="X">에</wf>
         <wf lemma="안녕하신지요?." pos="X">안녕하신지요?.</wf>
      </sentence>
      <sentence id="d000.s2294" source="wordnet-korean">
         <instance id="d000.s2294.t000" lemma="괴로움" pos="NOUN">괴로움</instance>
         <wf lemma="을" pos="X">을</wf>
         <wf lemma="이겨" pos="X">이겨</wf>
         <wf lemma="내다." pos="X">내다.</wf>
      </sentence>
      <sentence id="d000.s2295" source="wordnet-korean">
         <wf lemma="가정" pos="X">가정</wf>
         <instance id="d000.s2295.t000" lemma="부인" pos="NOUN">부인</instance>
         <wf lemma="." pos="X">.</wf>
      </sentence>
      <sentence id="d000.s2296" source="wordnet-korean">
         <wf lemma="동화" pos="X">동화</wf>
         <instance id="d000.s2296.t000" lemma="속" pos="NOUN">속</instance>
         <wf lemma="에" pos="X">에</wf>
         <wf lemma="나오는" pos="X">나오는</wf>
         <wf lemma="인물." pos="X">인물.</wf>
      </sentence>
      <sentence id="d000.s2297" source="wordnet-korean">
         <wf lemma="구리" pos="X">구리</wf>
         <instance id="d000.s2297.t000" lemma="똥" pos="NOUN">똥</instance>
         <wf lemma="." pos="X">.</wf>
      </sentence>
      <sentence id="d000.s2298" source="wordnet-korean">
         <wf lemma="부모님" pos="X">부모님</wf>
         <instance id="d000.s2298.t000" lemma="소식" pos="NOUN">소식</instance>
         <wf lemma="." pos="X">.</wf>
      </sentence>
      <sentence id="d000.s2299" source="wordnet-korean">
         <wf lemma="사오" pos="X">사오</wf>
         <instance id="d000.s2299.t000" lemma="순" pos="NOUN">순</instance>
         <wf lemma="이" pos="X">이</wf>
         <wf lemma="지나갔다." pos="X">지나갔다.</wf>
      </sentence>
      <sentence id="d000.s2300" source="wordnet-korean">
         <wf lemma="흉년이" pos="X">흉년이</wf>
         <wf lemma="겹쳐" pos="X">겹쳐</wf>
         <wf lemma="들어" pos="X">들어</wf>
         <wf lemma="초근목피도" pos="X">초근목피도</wf>
         <wf lemma="새로운" pos="X">새로운</wf>
         <instance id="d000.s2300.t000" lemma="양도" pos="NOUN">양도</instance>
         <wf lemma="로" pos="X">로</wf>
         <wf lemma="되었다." pos="X">되었다.</wf>
      </sentence>
      <sentence id="d000.s2301" source="wordnet-korean">
         <instance id="d000.s2301.t000" lemma="바구니" pos="NOUN">바구니</instance>
         <wf lemma="를" pos="X">를</wf>
         <wf lemma="겯는다." pos="X">겯는다.</wf>
      </sentence>
      <sentence id="d000.s2302" source="wordnet-korean">
         <instance id="d000.s2302.t000" lemma="줄" pos="NOUN">줄</instance>
         <wf lemma="이" pos="X">이</wf>
         <wf lemma="쳐" pos="X">쳐</wf>
         <wf lemma="있는" pos="X">있는</wf>
         <wf lemma="옷감." pos="X">옷감.</wf>
      </sentence>
      <sentence id="d000.s2303" source="wordnet-korean">
         <instance id="d000.s2303.t000" lemma="분" pos="NOUN">분</instance>
         <wf lemma="을" pos="X">을</wf>
         <wf lemma="갈아준다." pos="X">갈아준다.</wf>
      </sentence>
      <sentence id="d000.s2304" source="wordnet-korean">
         <instance id="d000.s2304.t000" lemma="시가" pos="NOUN">시가</instance>
         <wf lemma="가" pos="X">가</wf>
         <wf lemma="오른다." pos="X">오른다.</wf>
      </sentence>
      <sentence id="d000.s2305" source="wordnet-korean">
         <wf lemma="밤" pos="X">밤</wf>
         <wf lemma="한" pos="X">한</wf>
         <instance id="d000.s2305.t000" lemma="알" pos="NOUN">알</instance>
         <wf lemma="." pos="X">.</wf>
      </sentence>
      <sentence id="d000.s2306" source="wordnet-korean">
         <instance id="d000.s2306.t000" lemma="머리" pos="NOUN">머리</instance>
         <wf lemma="가" pos="X">가</wf>
         <wf lemma="길다." pos="X">길다.</wf>
      </sentence>
      <sentence id="d000.s2307" source="wordnet-korean">
         <instance id="d000.s2307.t000" lemma="악몽" pos="NOUN">악몽</instance>
         <wf lemma="을" pos="X">을</wf>
         <wf lemma="꾸다." pos="X">꾸다.</wf>
      </sentence>
      <sentence id="d000.s2308" source="wordnet-korean">
         <instance id="d000.s2308.t000" lemma="마개" pos="NOUN">마개</instance>
         <wf lemma="를" pos="X">를</wf>
         <wf lemma="따다." pos="X">따다.</wf>
      </sentence>
      <sentence id="d000.s2309" source="wordnet-korean">
         <wf lemma="곧은" pos="X">곧은</wf>
         <instance id="d000.s2309.t000" lemma="선" pos="NOUN">선</instance>
         <wf lemma="." pos="X">.</wf>
      </sentence>
      <sentence id="d000.s2310" source="wordnet-korean">
         <wf lemma="국고" pos="X">국고</wf>
         <instance id="d000.s2310.t000" lemma="보조" pos="NOUN">보조</instance>
         <wf lemma="." pos="X">.</wf>
      </sentence>
      <sentence id="d000.s2311" source="wordnet-korean">
         <instance id="d000.s2311.t000" lemma="간첩" pos="NOUN">간첩</instance>
         <wf lemma="활동." pos="X">활동.</wf>
      </sentence>
      <sentence id="d000.s2312" source="wordnet-korean">
         <wf lemma="예수의" pos="X">예수의</wf>
         <instance id="d000.s2312.t000" lemma="부활" pos="NOUN">부활</instance>
         <wf lemma="." pos="X">.</wf>
      </sentence>
      <sentence id="d000.s2313" source="wordnet-korean">
         <wf lemma="책상" pos="X">책상</wf>
         <instance id="d000.s2313.t000" lemma="가장자리" pos="NOUN">가장자리</instance>
         <wf lemma="에" pos="X">에</wf>
         <wf lemma="놓인" pos="X">놓인</wf>
         <wf lemma="책." pos="X">책.</wf>
      </sentence>
      <sentence id="d000.s2314" source="wordnet-korean">
         <wf lemma="편지를" pos="X">편지를</wf>
         <instance id="d000.s2314.t000" lemma="보내다" pos="VERB">보내다</instance>
         <wf lemma="." pos="X">.</wf>
      </sentence>
      <sentence id="d000.s2315" source="wordnet-korean">
         <instance id="d000.s2315.t000" lemma="휴양" pos="NOUN">휴양</instance>
         <wf lemma="시설." pos="X">시설.</wf>
      </sentence>
      <sentence id="d000.s2316" source="wordnet-korean">
         <instance id="d000.s2316.t000" lemma="꿈" pos="NOUN">꿈</instance>
         <wf lemma="을" pos="X">을</wf>
         <wf lemma="이루다." pos="X">이루다.</wf>
      </sentence>
      <sentence id="d000.s2317" source="wordnet-korean">
         <instance id="d000.s2317.t000" lemma="큰길" pos="NOUN">큰길</instance>
         <wf lemma="로" pos="X">로</wf>
         <wf lemma="들어서다." pos="X">들어서다.</wf>
      </sentence>
      <sentence id="d000.s2318" source="wordnet-korean">
         <wf lemma="화로의" pos="X">화로의</wf>
         <instance id="d000.s2318.t000" lemma="전" pos="NOUN">전</instance>
         <wf lemma="." pos="X">.</wf>
      </sentence>
      <sentence id="d000.s2319" source="wordnet-korean">
         <instance id="d000.s2319.t000" lemma="방심" pos="NOUN">방심</instance>
         <wf lemma="의" pos="X">의</wf>
         <wf lemma="허를" pos="X">허를</wf>
         <wf lemma="찌른다." pos="X">찌른다.</wf>
      </sentence>
      <sentence id="d000.s2320" source="wordnet-korean">
         <wf lemma="진달래꽃이" pos="X">진달래꽃이</wf>
         <wf lemma="남향받이" pos="X">남향받이</wf>
         <wf lemma="산의" pos="X">산의</wf>
         <instance id="d000.s2320.t000" lemma="배면" pos="NOUN">배면</instance>
         <wf lemma="에" pos="X">에</wf>
         <wf lemma="만발하였다." pos="X">만발하였다.</wf>
      </sentence>
      <sentence id="d000.s2321" source="wordnet-korean">
         <instance id="d000.s2321.t000" lemma="마술" pos="NOUN">마술</instance>
         <wf lemma="을" pos="X">을</wf>
         <wf lemma="부리다." pos="X">부리다.</wf>
      </sentence>
      <sentence id="d000.s2322" source="wordnet-korean">
         <instance id="d000.s2322.t000" lemma="바위" pos="NOUN">바위</instance>
         <wf lemma="가" pos="X">가</wf>
         <wf lemma="구른다." pos="X">구른다.</wf>
      </sentence>
      <sentence id="d000.s2323" source="wordnet-korean">
         <wf lemma="우리" pos="X">우리</wf>
         <wf lemma="회사에는" pos="X">회사에는</wf>
         <wf lemma="각" pos="X">각</wf>
         <wf lemma="부의" pos="X">부의</wf>
         <wf lemma="아래에" pos="X">아래에</wf>
         <wf lemma="몇몇" pos="X">몇몇</wf>
         <instance id="d000.s2323.t000" lemma="과" pos="NOUN">과</instance>
         <wf lemma="가" pos="X">가</wf>
         <wf lemma="있다." pos="X">있다.</wf>
      </sentence>
      <sentence id="d000.s2324" source="wordnet-korean">
         <wf lemma="어른들" pos="X">어른들</wf>
         <instance id="d000.s2324.t000" lemma="틈" pos="NOUN">틈</instance>
         <wf lemma="에" pos="X">에</wf>
         <wf lemma="낀" pos="X">낀</wf>
         <wf lemma="아이." pos="X">아이.</wf>
      </sentence>
      <sentence id="d000.s2325" source="wordnet-korean">
         <wf lemma="충심으로" pos="X">충심으로</wf>
         <instance id="d000.s2325.t000" lemma="사의" pos="NOUN">사의</instance>
         <wf lemma="를" pos="X">를</wf>
         <wf lemma="표하다." pos="X">표하다.</wf>
      </sentence>
      <sentence id="d000.s2326" source="wordnet-korean">
         <wf lemma="내일이" pos="X">내일이</wf>
         <wf lemma="벌써" pos="X">벌써</wf>
         <wf lemma="새" pos="X">새</wf>
         <wf lemma="달" pos="X">달</wf>
         <instance id="d000.s2326.t000" lemma="하루" pos="NOUN">하루</instance>
         <wf lemma="다." pos="X">다.</wf>
      </sentence>
      <sentence id="d000.s2327" source="wordnet-korean">
         <wf lemma="어느" pos="X">어느</wf>
         <instance id="d000.s2327.t000" lemma="모" pos="NOUN">모</instance>
         <wf lemma="로" pos="X">로</wf>
         <wf lemma="보든지." pos="X">보든지.</wf>
      </sentence>
      <sentence id="d000.s2328" source="wordnet-korean">
         <wf lemma="쇠고기를" pos="X">쇠고기를</wf>
         <instance id="d000.s2328.t000" lemma="매" pos="NOUN">매</instance>
         <wf lemma="를" pos="X">를</wf>
         <wf lemma="지어" pos="X">지어</wf>
         <wf lemma="팔다." pos="X">팔다.</wf>
      </sentence>
      <sentence id="d000.s2329" source="wordnet-korean">
         <instance id="d000.s2329.t000" lemma="적의" pos="NOUN">적의</instance>
         <wf lemma="를" pos="X">를</wf>
         <wf lemma="품고" pos="X">품고</wf>
         <wf lemma="있다." pos="X">있다.</wf>
      </sentence>
      <sentence id="d000.s2330" source="wordnet-korean">
         <instance id="d000.s2330.t000" lemma="부담" pos="NOUN">부담</instance>
         <wf lemma="을" pos="X">을</wf>
         <wf lemma="덜다." pos="X">덜다.</wf>
      </sentence>
      <sentence id="d000.s2331" source="wordnet-korean">
         <instance id="d000.s2331.t000" lemma="염두" pos="NOUN">염두</instance>
         <wf lemma="에도" pos="X">에도</wf>
         <wf lemma="없는" pos="X">없는</wf>
         <wf lemma="일." pos="X">일.</wf>
      </sentence>
      <sentence id="d000.s2332" source="wordnet-korean">
         <instance id="d000.s2332.t000" lemma="부덕" pos="NOUN">부덕</instance>
         <wf lemma="을" pos="X">을</wf>
         <wf lemma="칭송한다." pos="X">칭송한다.</wf>
      </sentence>
      <sentence id="d000.s2333" source="wordnet-korean">
         <wf lemma="비용" pos="X">비용</wf>
         <instance id="d000.s2333.t000" lemma="절약" pos="NOUN">절약</instance>
         <wf lemma="." pos="X">.</wf>
      </sentence>
      <sentence id="d000.s2334" source="wordnet-korean">
         <wf lemma="가로수" pos="X">가로수</wf>
         <instance id="d000.s2334.t000" lemma="그늘" pos="NOUN">그늘</instance>
         <wf lemma="." pos="X">.</wf>
      </sentence>
      <sentence id="d000.s2335" source="wordnet-korean">
         <instance id="d000.s2335.t000" lemma="언니" pos="NOUN">언니</instance>
         <wf lemma="," pos="X">,</wf>
         <wf lemma="말씀" pos="X">말씀</wf>
         <wf lemma="좀" pos="X">좀</wf>
         <wf lemma="여쭙겠어요." pos="X">여쭙겠어요.</wf>
      </sentence>
      <sentence id="d000.s2336" source="wordnet-korean">
         <wf lemma="상업" pos="X">상업</wf>
         <instance id="d000.s2336.t000" lemma="신용" pos="NOUN">신용</instance>
         <wf lemma="." pos="X">.</wf>
      </sentence>
      <sentence id="d000.s2337" source="wordnet-korean">
         <wf lemma="공허한" pos="X">공허한</wf>
         <instance id="d000.s2337.t000" lemma="이론" pos="NOUN">이론</instance>
         <wf lemma="." pos="X">.</wf>
      </sentence>
      <sentence id="d000.s2338" source="wordnet-korean">
         <instance id="d000.s2338.t000" lemma="혐의" pos="NOUN">혐의</instance>
         <wf lemma="를" pos="X">를</wf>
         <wf lemma="씻다." pos="X">씻다.</wf>
      </sentence>
      <sentence id="d000.s2339" source="wordnet-korean">
         <wf lemma="국토" pos="X">국토</wf>
         <instance id="d000.s2339.t000" lemma="수호" pos="NOUN">수호</instance>
         <wf lemma="." pos="X">.</wf>
      </sentence>
      <sentence id="d000.s2340" source="wordnet-korean">
         <instance id="d000.s2340.t000" lemma="멸시" pos="NOUN">멸시</instance>
         <wf lemma="의" pos="X">의</wf>
         <wf lemma="눈초리." pos="X">눈초리.</wf>
      </sentence>
      <sentence id="d000.s2341" source="wordnet-korean">
         <wf lemma="학생들" pos="X">학생들</wf>
         <instance id="d000.s2341.t000" lemma="틈" pos="NOUN">틈</instance>
         <wf lemma="에" pos="X">에</wf>
         <wf lemma="서" pos="X">서</wf>
         <wf lemma="있는" pos="X">있는</wf>
         <wf lemma="선생님." pos="X">선생님.</wf>
      </sentence>
      <sentence id="d000.s2342" source="wordnet-korean">
         <instance id="d000.s2342.t000" lemma="과거" pos="NOUN">과거</instance>
         <wf lemma="를" pos="X">를</wf>
         <wf lemma="들추어" pos="X">들추어</wf>
         <wf lemma="말하지" pos="X">말하지</wf>
         <wf lemma="말자." pos="X">말자.</wf>
      </sentence>
      <sentence id="d000.s2343" source="wordnet-korean">
         <wf lemma="눈오는" pos="X">눈오는</wf>
         <instance id="d000.s2343.t000" lemma="겨울" pos="NOUN">겨울</instance>
         <wf lemma="의" pos="X">의</wf>
         <wf lemma="경치는" pos="X">경치는</wf>
         <wf lemma="자연의" pos="X">자연의</wf>
         <wf lemma="아름다운" pos="X">아름다운</wf>
         <wf lemma="조화이다." pos="X">조화이다.</wf>
      </sentence>
      <sentence id="d000.s2344" source="wordnet-korean">
         <wf lemma="기관지" pos="X">기관지</wf>
         <instance id="d000.s2344.t000" lemma="발행" pos="NOUN">발행</instance>
         <wf lemma="." pos="X">.</wf>
      </sentence>
      <sentence id="d000.s2345" source="wordnet-korean">
         <wf lemma="강" pos="X">강</wf>
         <wf lemma="건너" pos="X">건너</wf>
         <instance id="d000.s2345.t000" lemma="부락" pos="NOUN">부락</instance>
         <wf lemma="." pos="X">.</wf>
      </sentence>
      <sentence id="d000.s2346" source="wordnet-korean">
         <wf lemma="한" pos="X">한</wf>
         <wf lemma="가지" pos="X">가지</wf>
         <wf lemma="일이라도" pos="X">일이라도</wf>
         <wf lemma="분명히" pos="X">분명히</wf>
         <instance id="d000.s2346.t000" lemma="단락" pos="NOUN">단락</instance>
         <wf lemma="을" pos="X">을</wf>
         <wf lemma="맺어라." pos="X">맺어라.</wf>
      </sentence>
      <sentence id="d000.s2347" source="wordnet-korean">
         <instance id="d000.s2347.t000" lemma="무역" pos="NOUN">무역</instance>
         <wf lemma="시장." pos="X">시장.</wf>
      </sentence>
      <sentence id="d000.s2348" source="wordnet-korean">
         <wf lemma="공원을" pos="X">공원을</wf>
         <instance id="d000.s2348.t000" lemma="만들다" pos="VERB">만들다</instance>
         <wf lemma="." pos="X">.</wf>
      </sentence>
      <sentence id="d000.s2349" source="wordnet-korean">
         <wf lemma="가혹한" pos="X">가혹한</wf>
         <instance id="d000.s2349.t000" lemma="탄압" pos="NOUN">탄압</instance>
         <wf lemma="." pos="X">.</wf>
      </sentence>
      <sentence id="d000.s2350" source="wordnet-korean">
         <instance id="d000.s2350.t000" lemma="신" pos="NOUN">신</instance>
         <wf lemma="이" pos="X">이</wf>
         <wf lemma="오르다." pos="X">오르다.</wf>
      </sentence>
      <sentence id="d000.s2351" source="wordnet-korean">
         <wf lemma="환자가" pos="X">환자가</wf>
         <instance id="d000.s2351.t000" lemma="의식" pos="NOUN">의식</instance>
         <wf lemma="을" pos="X">을</wf>
         <wf lemma="차렸다." pos="X">차렸다.</wf>
      </sentence>
      <sentence id="d000.s2352" source="wordnet-korean">
         <instance id="d000.s2352.t000" lemma="건설" pos="NOUN">건설</instance>
         <wf lemma="기계." pos="X">기계.</wf>
      </sentence>
      <sentence id="d000.s2353" source="wordnet-korean">
         <instance id="d000.s2353.t000" lemma="물가" pos="NOUN">물가</instance>
         <wf lemma="를" pos="X">를</wf>
         <wf lemma="안정시키다." pos="X">안정시키다.</wf>
      </sentence>
      <sentence id="d000.s2354" source="wordnet-korean">
         <instance id="d000.s2354.t000" lemma="양" pos="NOUN">양</instance>
         <wf lemma="한" pos="X">한</wf>
         <wf lemma="보를" pos="X">보를</wf>
         <wf lemma="거피를" pos="X">거피를</wf>
         <wf lemma="내고" pos="X">내고</wf>
         <wf lemma="노글노글하게" pos="X">노글노글하게</wf>
         <wf lemma="이겼다." pos="X">이겼다.</wf>
      </sentence>
      <sentence id="d000.s2355" source="wordnet-korean">
         <wf lemma="야당의" pos="X">야당의</wf>
         <instance id="d000.s2355.t000" lemma="공격" pos="NOUN">공격</instance>
         <wf lemma="에" pos="X">에</wf>
         <wf lemma="여당은" pos="X">여당은</wf>
         <wf lemma="해명을" pos="X">해명을</wf>
         <wf lemma="하느라고" pos="X">하느라고</wf>
         <wf lemma="애쓴다." pos="X">애쓴다.</wf>
      </sentence>
      <sentence id="d000.s2356" source="wordnet-korean">
         <instance id="d000.s2356.t000" lemma="마차" pos="NOUN">마차</instance>
         <wf lemma="를" pos="X">를</wf>
         <wf lemma="타다." pos="X">타다.</wf>
      </sentence>
      <sentence id="d000.s2357" source="wordnet-korean">
         <wf lemma="우주" pos="X">우주</wf>
         <instance id="d000.s2357.t000" lemma="공간" pos="NOUN">공간</instance>
         <wf lemma="." pos="X">.</wf>
      </sentence>
      <sentence id="d000.s2358" source="wordnet-korean">
         <instance id="d000.s2358.t000" lemma="물의" pos="NOUN">물의</instance>
         <wf lemma="를" pos="X">를</wf>
         <wf lemma="일으키다." pos="X">일으키다.</wf>
      </sentence>
      <sentence id="d000.s2359" source="wordnet-korean">
         <instance id="d000.s2359.t000" lemma="부분" pos="NOUN">부분</instance>
         <wf lemma="과" pos="X">과</wf>
         <wf lemma="전체." pos="X">전체.</wf>
      </sentence>
      <sentence id="d000.s2360" source="wordnet-korean">
         <instance id="d000.s2360.t000" lemma="분수" pos="NOUN">분수</instance>
         <wf lemma="가" pos="X">가</wf>
         <wf lemma="시원한" pos="X">시원한</wf>
         <wf lemma="물줄기를" pos="X">물줄기를</wf>
         <wf lemma="뿜고" pos="X">뿜고</wf>
         <wf lemma="있다." pos="X">있다.</wf>
      </sentence>
      <sentence id="d000.s2361" source="wordnet-korean">
         <instance id="d000.s2361.t000" lemma="장난" pos="NOUN">장난</instance>
         <wf lemma="이" pos="X">이</wf>
         <wf lemma="지나쳐서" pos="X">지나쳐서</wf>
         <wf lemma="싸움이" pos="X">싸움이</wf>
         <wf lemma="되었다." pos="X">되었다.</wf>
      </sentence>
      <sentence id="d000.s2362" source="wordnet-korean">
         <wf lemma="실험용" pos="X">실험용</wf>
         <instance id="d000.s2362.t000" lemma="기계" pos="NOUN">기계</instance>
         <wf lemma="." pos="X">.</wf>
      </sentence>
      <sentence id="d000.s2363" source="wordnet-korean">
         <instance id="d000.s2363.t000" lemma="선의" pos="NOUN">선의</instance>
         <wf lemma="로" pos="X">로</wf>
         <wf lemma="해석하다." pos="X">해석하다.</wf>
      </sentence>
      <sentence id="d000.s2364" source="wordnet-korean">
         <wf lemma="그것이" pos="X">그것이</wf>
         <wf lemma="나와" pos="X">나와</wf>
         <wf lemma="무슨" pos="X">무슨</wf>
         <instance id="d000.s2364.t000" lemma="상관" pos="NOUN">상관</instance>
         <wf lemma="이" pos="X">이</wf>
         <wf lemma="있느냐?." pos="X">있느냐?.</wf>
      </sentence>
      <sentence id="d000.s2365" source="wordnet-korean">
         <wf lemma="저" pos="X">저</wf>
         <wf lemma="사람은" pos="X">사람은</wf>
         <instance id="d000.s2365.t000" lemma="줄" pos="NOUN">줄</instance>
         <wf lemma="이" pos="X">이</wf>
         <wf lemma="좋다." pos="X">좋다.</wf>
      </sentence>
      <sentence id="d000.s2366" source="wordnet-korean">
         <wf lemma="연필" pos="X">연필</wf>
         <instance id="d000.s2366.t000" lemma="동강" pos="NOUN">동강</instance>
         <wf lemma="." pos="X">.</wf>
      </sentence>
      <sentence id="d000.s2367" source="wordnet-korean">
         <instance id="d000.s2367.t000" lemma="자릿세" pos="NOUN">자릿세</instance>
         <wf lemma="를" pos="X">를</wf>
         <wf lemma="받다." pos="X">받다.</wf>
      </sentence>
      <sentence id="d000.s2368" source="wordnet-korean">
         <wf lemma="고려" pos="X">고려</wf>
         <instance id="d000.s2368.t000" lemma="조" pos="NOUN">조</instance>
         <wf lemma="." pos="X">.</wf>
      </sentence>
      <sentence id="d000.s2369" source="wordnet-korean">
         <wf lemma="살림" pos="X">살림</wf>
         <instance id="d000.s2369.t000" lemma="솜씨" pos="NOUN">솜씨</instance>
         <wf lemma="가" pos="X">가</wf>
         <wf lemma="여물다." pos="X">여물다.</wf>
      </sentence>
      <sentence id="d000.s2370" source="wordnet-korean">
         <instance id="d000.s2370.t000" lemma="발길" pos="NOUN">발길</instance>
         <wf lemma="이" pos="X">이</wf>
         <wf lemma="무겁다." pos="X">무겁다.</wf>
      </sentence>
      <sentence id="d000.s2371" source="wordnet-korean">
         <wf lemma="엄마" pos="X">엄마</wf>
         <instance id="d000.s2371.t000" lemma="품" pos="NOUN">품</instance>
         <wf lemma="에" pos="X">에</wf>
         <wf lemma="안기다." pos="X">안기다.</wf>
      </sentence>
      <sentence id="d000.s2372" source="wordnet-korean">
         <instance id="d000.s2372.t000" lemma="지상" pos="NOUN">지상</instance>
         <wf lemma="에" pos="X">에</wf>
         <wf lemma="발표하다." pos="X">발표하다.</wf>
      </sentence>
      <sentence id="d000.s2373" source="wordnet-korean">
         <instance id="d000.s2373.t000" lemma="안개" pos="NOUN">안개</instance>
         <wf lemma="가" pos="X">가</wf>
         <wf lemma="걷히다." pos="X">걷히다.</wf>
      </sentence>
      <sentence id="d000.s2374" source="wordnet-korean">
         <instance id="d000.s2374.t000" lemma="타당성" pos="NOUN">타당성</instance>
         <wf lemma="이" pos="X">이</wf>
         <wf lemma="있다." pos="X">있다.</wf>
      </sentence>
      <sentence id="d000.s2375" source="wordnet-korean">
         <wf lemma="서울" pos="X">서울</wf>
         <instance id="d000.s2375.t000" lemma="구경" pos="NOUN">구경</instance>
         <wf lemma="." pos="X">.</wf>
      </sentence>
      <sentence id="d000.s2376" source="wordnet-korean">
         <instance id="d000.s2376.t000" lemma="병" pos="NOUN">병</instance>
         <wf lemma="이" pos="X">이</wf>
         <wf lemma="중하다." pos="X">중하다.</wf>
      </sentence>
      <sentence id="d000.s2377" source="wordnet-korean">
         <wf lemma="하늘이" pos="X">하늘이</wf>
         <instance id="d000.s2377.t000" lemma="신병" pos="NOUN">신병</instance>
         <wf lemma="을" pos="X">을</wf>
         <wf lemma="보내서" pos="X">보내서</wf>
         <wf lemma="난을" pos="X">난을</wf>
         <wf lemma="평정하였다." pos="X">평정하였다.</wf>
      </sentence>
      <sentence id="d000.s2378" source="wordnet-korean">
         <instance id="d000.s2378.t000" lemma="지반" pos="NOUN">지반</instance>
         <wf lemma="이" pos="X">이</wf>
         <wf lemma="무르다." pos="X">무르다.</wf>
      </sentence>
      <sentence id="d000.s2379" source="wordnet-korean">
         <wf lemma="신문을" pos="X">신문을</wf>
         <wf lemma="통하여" pos="X">통하여</wf>
         <wf lemma="매일" pos="X">매일</wf>
         <wf lemma="같이" pos="X">같이</wf>
         <wf lemma="접하는" pos="X">접하는</wf>
         <wf lemma="새" pos="X">새</wf>
         <instance id="d000.s2379.t000" lemma="소식" pos="NOUN">소식</instance>
         <wf lemma="들." pos="X">들.</wf>
      </sentence>
      <sentence id="d000.s2380" source="wordnet-korean">
         <instance id="d000.s2380.t000" lemma="눈" pos="NOUN">눈</instance>
         <wf lemma="을" pos="X">을</wf>
         <wf lemma="뭉친다." pos="X">뭉친다.</wf>
      </sentence>
      <sentence id="d000.s2381" source="wordnet-korean">
         <wf lemma="문예" pos="X">문예</wf>
         <instance id="d000.s2381.t000" lemma="반" pos="NOUN">반</instance>
         <wf lemma="." pos="X">.</wf>
      </sentence>
      <sentence id="d000.s2382" source="wordnet-korean">
         <instance id="d000.s2382.t000" lemma="배짱" pos="NOUN">배짱</instance>
         <wf lemma="을" pos="X">을</wf>
         <wf lemma="퉁기다." pos="X">퉁기다.</wf>
      </sentence>
      <sentence id="d000.s2383" source="wordnet-korean">
         <wf lemma="그들의" pos="X">그들의</wf>
         <wf lemma="국토는" pos="X">국토는</wf>
         <wf lemma="차차" pos="X">차차</wf>
         <wf lemma="희미해지고" pos="X">희미해지고</wf>
         <wf lemma="마침내" pos="X">마침내</wf>
         <wf lemma="내" pos="X">내</wf>
         <instance id="d000.s2383.t000" lemma="시야" pos="NOUN">시야</instance>
         <wf lemma="에서" pos="X">에서</wf>
         <wf lemma="사라졌다." pos="X">사라졌다.</wf>
      </sentence>
      <sentence id="d000.s2384" source="wordnet-korean">
         <instance id="d000.s2384.t000" lemma="변화" pos="NOUN">변화</instance>
         <wf lemma="가" pos="X">가</wf>
         <wf lemma="무쌍하다." pos="X">무쌍하다.</wf>
      </sentence>
      <sentence id="d000.s2385" source="wordnet-korean">
         <instance id="d000.s2385.t000" lemma="가죽" pos="NOUN">가죽</instance>
         <wf lemma="지갑." pos="X">지갑.</wf>
      </sentence>
      <sentence id="d000.s2386" source="wordnet-korean">
         <instance id="d000.s2386.t000" lemma="한때" pos="NOUN">한때</instance>
         <wf lemma="에" pos="X">에</wf>
         <wf lemma="경사가" pos="X">경사가</wf>
         <wf lemma="겹쳤다." pos="X">겹쳤다.</wf>
      </sentence>
      <sentence id="d000.s2387" source="wordnet-korean">
         <wf lemma="연극" pos="X">연극</wf>
         <instance id="d000.s2387.t000" lemma="부문" pos="NOUN">부문</instance>
         <wf lemma="." pos="X">.</wf>
      </sentence>
      <sentence id="d000.s2388" source="wordnet-korean">
         <instance id="d000.s2388.t000" lemma="기운" pos="NOUN">기운</instance>
         <wf lemma="을" pos="X">을</wf>
         <wf lemma="타고나다." pos="X">타고나다.</wf>
      </sentence>
      <sentence id="d000.s2389" source="wordnet-korean">
         <instance id="d000.s2389.t000" lemma="침" pos="NOUN">침</instance>
         <wf lemma="이" pos="X">이</wf>
         <wf lemma="마른다." pos="X">마른다.</wf>
      </sentence>
      <sentence id="d000.s2390" source="wordnet-korean">
         <wf lemma="따뜻한" pos="X">따뜻한</wf>
         <instance id="d000.s2390.t000" lemma="동포애" pos="NOUN">동포애</instance>
         <wf lemma="에" pos="X">에</wf>
         <wf lemma="고마움을" pos="X">고마움을</wf>
         <wf lemma="느낀다." pos="X">느낀다.</wf>
      </sentence>
      <sentence id="d000.s2391" source="wordnet-korean">
         <instance id="d000.s2391.t000" lemma="발" pos="NOUN">발</instance>
         <wf lemma="을" pos="X">을</wf>
         <wf lemma="씻다." pos="X">씻다.</wf>
      </sentence>
      <sentence id="d000.s2392" source="wordnet-korean">
         <instance id="d000.s2392.t000" lemma="강심" pos="NOUN">강심</instance>
         <wf lemma="에" pos="X">에</wf>
         <wf lemma="잠긴" pos="X">잠긴</wf>
         <wf lemma="달." pos="X">달.</wf>
      </sentence>
      <sentence id="d000.s2393" source="wordnet-korean">
         <wf lemma="춤" pos="X">춤</wf>
         <wf lemma="한" pos="X">한</wf>
         <instance id="d000.s2393.t000" lemma="거리" pos="NOUN">거리</instance>
         <wf lemma="." pos="X">.</wf>
      </sentence>
      <sentence id="d000.s2394" source="wordnet-korean">
         <wf lemma="참고" pos="X">참고</wf>
         <wf lemma="견디는" pos="X">견디는</wf>
         <instance id="d000.s2394.t000" lemma="성질" pos="NOUN">성질</instance>
         <wf lemma="." pos="X">.</wf>
      </sentence>
      <sentence id="d000.s2395" source="wordnet-korean">
         <wf lemma="우리" pos="X">우리</wf>
         <instance id="d000.s2395.t000" lemma="과" pos="NOUN">과</instance>
         <wf lemma="의" pos="X">의</wf>
         <wf lemma="직원은" pos="X">직원은</wf>
         <wf lemma="모두" pos="X">모두</wf>
         <wf lemma="열" pos="X">열</wf>
         <wf lemma="명이다." pos="X">명이다.</wf>
      </sentence>
      <sentence id="d000.s2396" source="wordnet-korean">
         <wf lemma="한" pos="X">한</wf>
         <instance id="d000.s2396.t000" lemma="불" pos="NOUN">불</instance>
         <wf lemma="땠다." pos="X">땠다.</wf>
      </sentence>
      <sentence id="d000.s2397" source="wordnet-korean">
         <wf lemma="밝은" pos="X">밝은</wf>
         <instance id="d000.s2397.t000" lemma="색" pos="NOUN">색</instance>
         <wf lemma="." pos="X">.</wf>
      </sentence>
      <sentence id="d000.s2398" source="wordnet-korean">
         <instance id="d000.s2398.t000" lemma="대중성" pos="NOUN">대중성</instance>
         <wf lemma="을" pos="X">을</wf>
         <wf lemma="띤" pos="X">띤</wf>
         <wf lemma="작품." pos="X">작품.</wf>
      </sentence>
      <sentence id="d000.s2399" source="wordnet-korean">
         <wf lemma="끝까지" pos="X">끝까지</wf>
         <instance id="d000.s2399.t000" lemma="소신" pos="NOUN">소신</instance>
         <wf lemma="대로" pos="X">대로</wf>
         <wf lemma="밀고" pos="X">밀고</wf>
         <wf lemma="나아가다." pos="X">나아가다.</wf>
      </sentence>
      <sentence id="d000.s2400" source="wordnet-korean">
         <instance id="d000.s2400.t000" lemma="탐사" pos="NOUN">탐사</instance>
         <wf lemma="작업." pos="X">작업.</wf>
      </sentence>
      <sentence id="d000.s2401" source="wordnet-korean">
         <instance id="d000.s2401.t000" lemma="영업" pos="NOUN">영업</instance>
         <wf lemma="이익." pos="X">이익.</wf>
      </sentence>
      <sentence id="d000.s2402" source="wordnet-korean">
         <wf lemma="문학" pos="X">문학</wf>
         <wf lemma="전집" pos="X">전집</wf>
         <wf lemma="한" pos="X">한</wf>
         <instance id="d000.s2402.t000" lemma="질" pos="NOUN">질</instance>
         <wf lemma="." pos="X">.</wf>
      </sentence>
      <sentence id="d000.s2403" source="wordnet-korean">
         <instance id="d000.s2403.t000" lemma="수" pos="NOUN">수</instance>
         <wf lemma="를" pos="X">를</wf>
         <wf lemma="채우다." pos="X">채우다.</wf>
      </sentence>
      <sentence id="d000.s2404" source="wordnet-korean">
         <instance id="d000.s2404.t000" lemma="위치" pos="NOUN">위치</instance>
         <wf lemma="를" pos="X">를</wf>
         <wf lemma="정하다." pos="X">정하다.</wf>
      </sentence>
      <sentence id="d000.s2405" source="wordnet-korean">
         <wf lemma="말" pos="X">말</wf>
         <instance id="d000.s2405.t000" lemma="대가리" pos="NOUN">대가리</instance>
         <wf lemma="." pos="X">.</wf>
      </sentence>
      <sentence id="d000.s2406" source="wordnet-korean">
         <wf lemma="그는" pos="X">그는</wf>
         <wf lemma="가슴" pos="X">가슴</wf>
         <wf lemma="가득한" pos="X">가득한</wf>
         <instance id="d000.s2406.t000" lemma="울분" pos="NOUN">울분</instance>
         <wf lemma="을" pos="X">을</wf>
         <wf lemma="한숨으로" pos="X">한숨으로</wf>
         <wf lemma="내뿜었다." pos="X">내뿜었다.</wf>
      </sentence>
      <sentence id="d000.s2407" source="wordnet-korean">
         <wf lemma="고대원시" pos="X">고대원시</wf>
         <instance id="d000.s2407.t000" lemma="씨족" pos="NOUN">씨족</instance>
         <wf lemma="사회." pos="X">사회.</wf>
      </sentence>
      <sentence id="d000.s2408" source="wordnet-korean">
         <wf lemma="봄비" pos="X">봄비</wf>
         <wf lemma="치고는" pos="X">치고는</wf>
         <instance id="d000.s2408.t000" lemma="빗발" pos="NOUN">빗발</instance>
         <wf lemma="이" pos="X">이</wf>
         <wf lemma="제법" pos="X">제법</wf>
         <wf lemma="굵다." pos="X">굵다.</wf>
      </sentence>
      <sentence id="d000.s2409" source="wordnet-korean">
         <instance id="d000.s2409.t000" lemma="나머지" pos="NOUN">나머지</instance>
         <wf lemma="는" pos="X">는</wf>
         <wf lemma="얼마냐." pos="X">얼마냐.</wf>
      </sentence>
      <sentence id="d000.s2410" source="wordnet-korean">
         <wf lemma="문학적" pos="X">문학적</wf>
         <instance id="d000.s2410.t000" lemma="성격" pos="NOUN">성격</instance>
         <wf lemma="." pos="X">.</wf>
      </sentence>
      <sentence id="d000.s2411" source="wordnet-korean">
         <wf lemma="세력을" pos="X">세력을</wf>
         <instance id="d000.s2411.t000" lemma="다투다" pos="VERB">다투다</instance>
         <wf lemma="." pos="X">.</wf>
      </sentence>
      <sentence id="d000.s2412" source="wordnet-korean">
         <wf lemma="좋은" pos="X">좋은</wf>
         <instance id="d000.s2412.t000" lemma="기억" pos="NOUN">기억</instance>
         <wf lemma="." pos="X">.</wf>
      </sentence>
      <sentence id="d000.s2413" source="wordnet-korean">
         <wf lemma="진리의" pos="X">진리의</wf>
         <instance id="d000.s2413.t000" lemma="탐구" pos="NOUN">탐구</instance>
         <wf lemma="." pos="X">.</wf>
      </sentence>
      <sentence id="d000.s2414" source="wordnet-korean">
         <wf lemma="영문에서" pos="X">영문에서</wf>
         <wf lemma="똑똑하고" pos="X">똑똑하고</wf>
         <wf lemma="젊은" pos="X">젊은</wf>
         <wf lemma="사람" pos="X">사람</wf>
         <wf lemma="백여" pos="X">백여</wf>
         <wf lemma="명을" pos="X">명을</wf>
         <wf lemma="뽑아서" pos="X">뽑아서</wf>
         <instance id="d000.s2414.t000" lemma="계" pos="NOUN">계</instance>
         <wf lemma="를" pos="X">를</wf>
         <wf lemma="가르치고," pos="X">가르치고,</wf>
         <wf lemma="전략을" pos="X">전략을</wf>
         <wf lemma="연습시키니" pos="X">연습시키니</wf>
         <wf lemma="이" pos="X">이</wf>
         <wf lemma="사람들은" pos="X">사람들은</wf>
         <wf lemma="‘사관생도’라" pos="X">‘사관생도’라</wf>
         <wf lemma="불리었다." pos="X">불리었다.</wf>
      </sentence>
      <sentence id="d000.s2415" source="wordnet-korean">
         <wf lemma="젊은이의" pos="X">젊은이의</wf>
         <wf lemma="뜨거운" pos="X">뜨거운</wf>
         <wf lemma="심장의" pos="X">심장의</wf>
         <instance id="d000.s2415.t000" lemma="고동" pos="NOUN">고동</instance>
         <wf lemma="." pos="X">.</wf>
      </sentence>
      <sentence id="d000.s2416" source="wordnet-korean">
         <instance id="d000.s2416.t000" lemma="지반" pos="NOUN">지반</instance>
         <wf lemma="이" pos="X">이</wf>
         <wf lemma="약하다." pos="X">약하다.</wf>
      </sentence>
      <sentence id="d000.s2417" source="wordnet-korean">
         <instance id="d000.s2417.t000" lemma="모두" pos="NOUN">모두</instance>
         <wf lemma="잘" pos="X">잘</wf>
         <wf lemma="지낸다." pos="X">지낸다.</wf>
      </sentence>
      <sentence id="d000.s2418" source="wordnet-korean">
         <instance id="d000.s2418.t000" lemma="눈치" pos="NOUN">눈치</instance>
         <wf lemma="있다." pos="X">있다.</wf>
      </sentence>
      <sentence id="d000.s2419" source="wordnet-korean">
         <instance id="d000.s2419.t000" lemma="앞" pos="NOUN">앞</instance>
         <wf lemma="으로" pos="X">으로</wf>
         <wf lemma="할" pos="X">할</wf>
         <wf lemma="일." pos="X">일.</wf>
      </sentence>
      <sentence id="d000.s2420" source="wordnet-korean">
         <wf lemma="전" pos="X">전</wf>
         <instance id="d000.s2420.t000" lemma="각료" pos="NOUN">각료</instance>
         <wf lemma="들이" pos="X">들이</wf>
         <wf lemma="모여" pos="X">모여</wf>
         <wf lemma="수해" pos="X">수해</wf>
         <wf lemma="복구" pos="X">복구</wf>
         <wf lemma="대책을" pos="X">대책을</wf>
         <wf lemma="논의하다." pos="X">논의하다.</wf>
      </sentence>
      <sentence id="d000.s2421" source="wordnet-korean">
         <instance id="d000.s2421.t000" lemma="칠" pos="NOUN">칠</instance>
         <wf lemma="솜씨." pos="X">솜씨.</wf>
      </sentence>
      <sentence id="d000.s2422" source="wordnet-korean">
         <wf lemma="진달래" pos="X">진달래</wf>
         <instance id="d000.s2422.t000" lemma="향기" pos="NOUN">향기</instance>
         <wf lemma="." pos="X">.</wf>
      </sentence>
      <sentence id="d000.s2423" source="wordnet-korean">
         <wf lemma="한문" pos="X">한문</wf>
         <instance id="d000.s2423.t000" lemma="투" pos="NOUN">투</instance>
         <wf lemma="로" pos="X">로</wf>
         <wf lemma="쓰인" pos="X">쓰인</wf>
         <wf lemma="글." pos="X">글.</wf>
      </sentence>
      <sentence id="d000.s2424" source="wordnet-korean">
         <instance id="d000.s2424.t000" lemma="거품" pos="NOUN">거품</instance>
         <wf lemma="이" pos="X">이</wf>
         <wf lemma="잘" pos="X">잘</wf>
         <wf lemma="일다." pos="X">일다.</wf>
      </sentence>
      <sentence id="d000.s2425" source="wordnet-korean">
         <wf lemma="다섯" pos="X">다섯</wf>
         <instance id="d000.s2425.t000" lemma="정보" pos="NOUN">정보</instance>
         <wf lemma="." pos="X">.</wf>
      </sentence>
      <sentence id="d000.s2426" source="wordnet-korean">
         <instance id="d000.s2426.t000" lemma="오늘" pos="NOUN">오늘</instance>
         <wf lemma="은" pos="X">은</wf>
         <wf lemma="월요일이다." pos="X">월요일이다.</wf>
      </sentence>
      <sentence id="d000.s2427" source="wordnet-korean">
         <instance id="d000.s2427.t000" lemma="반응" pos="NOUN">반응</instance>
         <wf lemma="이" pos="X">이</wf>
         <wf lemma="빠르다(무디다)." pos="X">빠르다(무디다).</wf>
      </sentence>
      <sentence id="d000.s2428" source="wordnet-korean">
         <instance id="d000.s2428.t000" lemma="막" pos="NOUN">막</instance>
         <wf lemma="을" pos="X">을</wf>
         <wf lemma="터뜨리다." pos="X">터뜨리다.</wf>
      </sentence>
      <sentence id="d000.s2429" source="wordnet-korean">
         <instance id="d000.s2429.t000" lemma="버스" pos="NOUN">버스</instance>
         <wf lemma="로" pos="X">로</wf>
         <wf lemma="출근(통학)한다." pos="X">출근(통학)한다.</wf>
      </sentence>
      <sentence id="d000.s2430" source="wordnet-korean">
         <instance id="d000.s2430.t000" lemma="평화" pos="NOUN">평화</instance>
         <wf lemma="를" pos="X">를</wf>
         <wf lemma="지키다." pos="X">지키다.</wf>
      </sentence>
      <sentence id="d000.s2431" source="wordnet-korean">
         <wf lemma="잡지" pos="X">잡지</wf>
         <instance id="d000.s2431.t000" lemma="배부" pos="NOUN">배부</instance>
         <wf lemma="." pos="X">.</wf>
      </sentence>
      <sentence id="d000.s2432" source="wordnet-korean">
         <instance id="d000.s2432.t000" lemma="극지" pos="NOUN">극지</instance>
         <wf lemma="탐험." pos="X">탐험.</wf>
      </sentence>
      <sentence id="d000.s2433" source="wordnet-korean">
         <wf lemma="제" pos="X">제</wf>
         <instance id="d000.s2433.t000" lemma="깐" pos="NOUN">깐</instance>
         <wf lemma="에는" pos="X">에는</wf>
         <wf lemma="일이" pos="X">일이</wf>
         <wf lemma="잘" pos="X">잘</wf>
         <wf lemma="될" pos="X">될</wf>
         <wf lemma="줄" pos="X">줄</wf>
         <wf lemma="믿었던" pos="X">믿었던</wf>
         <wf lemma="모양이다." pos="X">모양이다.</wf>
      </sentence>
      <sentence id="d000.s2434" source="wordnet-korean">
         <instance id="d000.s2434.t000" lemma="애수" pos="NOUN">애수</instance>
         <wf lemma="를" pos="X">를</wf>
         <wf lemma="띤" pos="X">띤</wf>
         <wf lemma="두" pos="X">두</wf>
         <wf lemma="눈동자." pos="X">눈동자.</wf>
      </sentence>
      <sentence id="d000.s2435" source="wordnet-korean">
         <wf lemma="높은" pos="X">높은</wf>
         <instance id="d000.s2435.t000" lemma="하늘" pos="NOUN">하늘</instance>
         <wf lemma="." pos="X">.</wf>
      </sentence>
      <sentence id="d000.s2436" source="wordnet-korean">
         <instance id="d000.s2436.t000" lemma="옛적" pos="NOUN">옛적</instance>
         <wf lemma="에는" pos="X">에는</wf>
         <wf lemma="반딧불" pos="X">반딧불</wf>
         <wf lemma="밑에서도" pos="X">밑에서도</wf>
         <wf lemma="책을" pos="X">책을</wf>
         <wf lemma="읽었다고" pos="X">읽었다고</wf>
         <wf lemma="한다." pos="X">한다.</wf>
      </sentence>
      <sentence id="d000.s2437" source="wordnet-korean">
         <wf lemma="일" pos="X">일</wf>
         <wf lemma="년" pos="X">년</wf>
         <wf lemma="삼백" pos="X">삼백</wf>
         <wf lemma="예순" pos="X">예순</wf>
         <instance id="d000.s2437.t000" lemma="날" pos="NOUN">날</instance>
         <wf lemma="." pos="X">.</wf>
      </sentence>
      <sentence id="d000.s2438" source="wordnet-korean">
         <instance id="d000.s2438.t000" lemma="타당성" pos="NOUN">타당성</instance>
         <wf lemma="을" pos="X">을</wf>
         <wf lemma="인정하다." pos="X">인정하다.</wf>
      </sentence>
      <sentence id="d000.s2439" source="wordnet-korean">
         <wf lemma="원대" pos="X">원대</wf>
         <instance id="d000.s2439.t000" lemma="복귀" pos="NOUN">복귀</instance>
         <wf lemma="." pos="X">.</wf>
      </sentence>
      <sentence id="d000.s2440" source="wordnet-korean">
         <wf lemma="온" pos="X">온</wf>
         <instance id="d000.s2440.t000" lemma="생애" pos="NOUN">생애</instance>
         <wf lemma="를" pos="X">를</wf>
         <wf lemma="통하여" pos="X">통하여</wf>
         <wf lemma="나라에" pos="X">나라에</wf>
         <wf lemma="크게" pos="X">크게</wf>
         <wf lemma="이바지하였다." pos="X">이바지하였다.</wf>
      </sentence>
      <sentence id="d000.s2441" source="wordnet-korean">
         <wf lemma="본" pos="X">본</wf>
         <wf lemma="직업" pos="X">직업</wf>
         <wf lemma="밖에" pos="X">밖에</wf>
         <instance id="d000.s2441.t000" lemma="여벌" pos="NOUN">여벌</instance>
         <wf lemma="로" pos="X">로</wf>
         <wf lemma="구멍가게도" pos="X">구멍가게도</wf>
         <wf lemma="하오." pos="X">하오.</wf>
      </sentence>
      <sentence id="d000.s2442" source="wordnet-korean">
         <instance id="d000.s2442.t000" lemma="대장부" pos="NOUN">대장부</instance>
         <wf lemma="로" pos="X">로</wf>
         <wf lemma="태어나다." pos="X">태어나다.</wf>
      </sentence>
      <sentence id="d000.s2443" source="wordnet-korean">
         <instance id="d000.s2443.t000" lemma="땀" pos="NOUN">땀</instance>
         <wf lemma="을" pos="X">을</wf>
         <wf lemma="닦는다." pos="X">닦는다.</wf>
      </sentence>
      <sentence id="d000.s2444" source="wordnet-korean">
         <wf lemma="공연의" pos="X">공연의</wf>
         <instance id="d000.s2444.t000" lemma="도" pos="NOUN">도</instance>
         <wf lemma="를" pos="X">를</wf>
         <wf lemma="거듭함에" pos="X">거듭함에</wf>
         <wf lemma="따라" pos="X">따라</wf>
         <wf lemma="점점" pos="X">점점</wf>
         <wf lemma="인기가" pos="X">인기가</wf>
         <wf lemma="높아" pos="X">높아</wf>
         <wf lemma="갔다." pos="X">갔다.</wf>
      </sentence>
      <sentence id="d000.s2445" source="wordnet-korean">
         <wf lemma="손가락" pos="X">손가락</wf>
         <instance id="d000.s2445.t000" lemma="마디" pos="NOUN">마디</instance>
         <wf lemma="." pos="X">.</wf>
      </sentence>
      <sentence id="d000.s2446" source="wordnet-korean">
         <instance id="d000.s2446.t000" lemma="땀" pos="NOUN">땀</instance>
         <wf lemma="이" pos="X">이</wf>
         <wf lemma="난다." pos="X">난다.</wf>
      </sentence>
      <sentence id="d000.s2447" source="wordnet-korean">
         <wf lemma="진찰" pos="X">진찰</wf>
         <wf lemma="결과" pos="X">결과</wf>
         <wf lemma="폐렴으로" pos="X">폐렴으로</wf>
         <instance id="d000.s2447.t000" lemma="단정" pos="NOUN">단정</instance>
         <wf lemma="을" pos="X">을</wf>
         <wf lemma="내렸다." pos="X">내렸다.</wf>
      </sentence>
      <sentence id="d000.s2448" source="wordnet-korean">
         <instance id="d000.s2448.t000" lemma="우익" pos="NOUN">우익</instance>
         <wf lemma="단체." pos="X">단체.</wf>
      </sentence>
      <sentence id="d000.s2449" source="wordnet-korean">
         <instance id="d000.s2449.t000" lemma="가망" pos="NOUN">가망</instance>
         <wf lemma="이" pos="X">이</wf>
         <wf lemma="충분히" pos="X">충분히</wf>
         <wf lemma="있다." pos="X">있다.</wf>
      </sentence>
      <sentence id="d000.s2450" source="wordnet-korean">
         <instance id="d000.s2450.t000" lemma="인생" pos="NOUN">인생</instance>
         <wf lemma="무상." pos="X">무상.</wf>
      </sentence>
      <sentence id="d000.s2451" source="wordnet-korean">
         <wf lemma="대추" pos="X">대추</wf>
         <wf lemma="몇" pos="X">몇</wf>
         <instance id="d000.s2451.t000" lemma="알" pos="NOUN">알</instance>
         <wf lemma="." pos="X">.</wf>
      </sentence>
      <sentence id="d000.s2452" source="wordnet-korean">
         <wf lemma="누가" pos="X">누가</wf>
         <wf lemma="옳은지" pos="X">옳은지</wf>
         <instance id="d000.s2452.t000" lemma="판가름" pos="NOUN">판가름</instance>
         <wf lemma="이" pos="X">이</wf>
         <wf lemma="되지" pos="X">되지</wf>
         <wf lemma="않는다." pos="X">않는다.</wf>
      </sentence>
      <sentence id="d000.s2453" source="wordnet-korean">
         <instance id="d000.s2453.t000" lemma="관세" pos="NOUN">관세</instance>
         <wf lemma="제도." pos="X">제도.</wf>
      </sentence>
      <sentence id="d000.s2454" source="wordnet-korean">
         <instance id="d000.s2454.t000" lemma="몸가짐" pos="NOUN">몸가짐</instance>
         <wf lemma="이" pos="X">이</wf>
         <wf lemma="침착하다." pos="X">침착하다.</wf>
      </sentence>
      <sentence id="d000.s2455" source="wordnet-korean">
         <instance id="d000.s2455.t000" lemma="이법" pos="NOUN">이법</instance>
         <wf lemma="을" pos="X">을</wf>
         <wf lemma="지키다." pos="X">지키다.</wf>
      </sentence>
      <sentence id="d000.s2456" source="wordnet-korean">
         <instance id="d000.s2456.t000" lemma="나발" pos="NOUN">나발</instance>
         <wf lemma="을" pos="X">을</wf>
         <wf lemma="불다." pos="X">불다.</wf>
      </sentence>
      <sentence id="d000.s2457" source="wordnet-korean">
         <wf lemma="소비자" pos="X">소비자</wf>
         <wf lemma="보호" pos="X">보호</wf>
         <wf lemma="등" pos="X">등</wf>
         <instance id="d000.s2457.t000" lemma="일련" pos="NOUN">일련</instance>
         <wf lemma="의" pos="X">의</wf>
         <wf lemma="국민" pos="X">국민</wf>
         <wf lemma="복지" pos="X">복지</wf>
         <wf lemma="향상을" pos="X">향상을</wf>
         <wf lemma="위한" pos="X">위한</wf>
         <wf lemma="정책." pos="X">정책.</wf>
      </sentence>
      <sentence id="d000.s2458" source="wordnet-korean">
         <instance id="d000.s2458.t000" lemma="주석" pos="NOUN">주석</instance>
         <wf lemma="을" pos="X">을</wf>
         <wf lemma="붙이다." pos="X">붙이다.</wf>
      </sentence>
      <sentence id="d000.s2459" source="wordnet-korean">
         <instance id="d000.s2459.t000" lemma="범죄" pos="NOUN">범죄</instance>
         <wf lemma="가" pos="X">가</wf>
         <wf lemma="줄어들다." pos="X">줄어들다.</wf>
      </sentence>
      <sentence id="d000.s2460" source="wordnet-korean">
         <wf lemma="새의" pos="X">새의</wf>
         <instance id="d000.s2460.t000" lemma="날개" pos="NOUN">날개</instance>
         <wf lemma="." pos="X">.</wf>
      </sentence>
      <sentence id="d000.s2461" source="wordnet-korean">
         <wf lemma="사건의" pos="X">사건의</wf>
         <wf lemma="선명한" pos="X">선명한</wf>
         <instance id="d000.s2461.t000" lemma="윤곽" pos="NOUN">윤곽</instance>
         <wf lemma="이" pos="X">이</wf>
         <wf lemma="드러나다." pos="X">드러나다.</wf>
      </sentence>
      <sentence id="d000.s2462" source="wordnet-korean">
         <wf lemma="우리" pos="X">우리</wf>
         <wf lemma="친구들은" pos="X">친구들은</wf>
         <wf lemma="조금도" pos="X">조금도</wf>
         <instance id="d000.s2462.t000" lemma="낙심" pos="NOUN">낙심</instance>
         <wf lemma="말고" pos="X">말고</wf>
         <wf lemma="점점" pos="X">점점</wf>
         <wf lemma="더" pos="X">더</wf>
         <wf lemma="용맹" pos="X">용맹</wf>
         <wf lemma="있게" pos="X">있게</wf>
         <wf lemma="정도로" pos="X">정도로</wf>
         <wf lemma="나아가…." pos="X">나아가….</wf>
      </sentence>
      <sentence id="d000.s2463" source="wordnet-korean">
         <wf lemma="담배를" pos="X">담배를</wf>
         <instance id="d000.s2463.t000" lemma="배우다" pos="VERB">배우다</instance>
         <wf lemma="." pos="X">.</wf>
      </sentence>
      <sentence id="d000.s2464" source="wordnet-korean">
         <wf lemma="생활이" pos="X">생활이</wf>
         <instance id="d000.s2464.t000" lemma="절도" pos="NOUN">절도</instance>
         <wf lemma="있고" pos="X">있고</wf>
         <wf lemma="규모" pos="X">규모</wf>
         <wf lemma="있다." pos="X">있다.</wf>
      </sentence>
      <sentence id="d000.s2465" source="wordnet-korean">
         <instance id="d000.s2465.t000" lemma="별표" pos="NOUN">별표</instance>
         <wf lemma="를" pos="X">를</wf>
         <wf lemma="지르다." pos="X">지르다.</wf>
      </sentence>
      <sentence id="d000.s2466" source="wordnet-korean">
         <instance id="d000.s2466.t000" lemma="가망" pos="NOUN">가망</instance>
         <wf lemma="없는" pos="X">없는</wf>
         <wf lemma="일." pos="X">일.</wf>
      </sentence>
      <sentence id="d000.s2467" source="wordnet-korean">
         <instance id="d000.s2467.t000" lemma="버릇" pos="NOUN">버릇</instance>
         <wf lemma="을" pos="X">을</wf>
         <wf lemma="고치다." pos="X">고치다.</wf>
      </sentence>
      <sentence id="d000.s2468" source="wordnet-korean">
         <instance id="d000.s2468.t000" lemma="기본" pos="NOUN">기본</instance>
         <wf lemma="조건." pos="X">조건.</wf>
      </sentence>
      <sentence id="d000.s2469" source="wordnet-korean">
         <wf lemma="무릎" pos="X">무릎</wf>
         <instance id="d000.s2469.t000" lemma="마디" pos="NOUN">마디</instance>
         <wf lemma="." pos="X">.</wf>
      </sentence>
      <sentence id="d000.s2470" source="wordnet-korean">
         <instance id="d000.s2470.t000" lemma="귀중품" pos="NOUN">귀중품</instance>
         <wf lemma="을" pos="X">을</wf>
         <wf lemma="보관하다." pos="X">보관하다.</wf>
      </sentence>
      <sentence id="d000.s2471" source="wordnet-korean">
         <wf lemma="인장" pos="X">인장</wf>
         <instance id="d000.s2471.t000" lemma="대조" pos="NOUN">대조</instance>
         <wf lemma="." pos="X">.</wf>
      </sentence>
      <sentence id="d000.s2472" source="wordnet-korean">
         <wf lemma="청주와" pos="X">청주와</wf>
         <instance id="d000.s2472.t000" lemma="탁주" pos="NOUN">탁주</instance>
         <wf lemma="." pos="X">.</wf>
      </sentence>
      <sentence id="d000.s2473" source="wordnet-korean">
         <instance id="d000.s2473.t000" lemma="뒤" pos="NOUN">뒤</instance>
         <wf lemma="를" pos="X">를</wf>
         <wf lemma="쳐다보다." pos="X">쳐다보다.</wf>
      </sentence>
      <sentence id="d000.s2474" source="wordnet-korean">
         <wf lemma="작년" pos="X">작년</wf>
         <instance id="d000.s2474.t000" lemma="동기" pos="NOUN">동기</instance>
         <wf lemma="에" pos="X">에</wf>
         <wf lemma="비하여" pos="X">비하여</wf>
         <wf lemma="수출량이" pos="X">수출량이</wf>
         <wf lemma="많아졌다." pos="X">많아졌다.</wf>
      </sentence>
      <sentence id="d000.s2475" source="wordnet-korean">
         <instance id="d000.s2475.t000" lemma="댓돌" pos="NOUN">댓돌</instance>
         <wf lemma="에" pos="X">에</wf>
         <wf lemma="벗어" pos="X">벗어</wf>
         <wf lemma="놓은" pos="X">놓은</wf>
         <wf lemma="신." pos="X">신.</wf>
      </sentence>
      <sentence id="d000.s2476" source="wordnet-korean">
         <instance id="d000.s2476.t000" lemma="별표" pos="NOUN">별표</instance>
         <wf lemma="를" pos="X">를</wf>
         <wf lemma="달다." pos="X">달다.</wf>
      </sentence>
      <sentence id="d000.s2477" source="wordnet-korean">
         <instance id="d000.s2477.t000" lemma="뒷문" pos="NOUN">뒷문</instance>
         <wf lemma="으로" pos="X">으로</wf>
         <wf lemma="드나들다." pos="X">드나들다.</wf>
      </sentence>
      <sentence id="d000.s2478" source="wordnet-korean">
         <instance id="d000.s2478.t000" lemma="발매" pos="NOUN">발매</instance>
         <wf lemma="허가." pos="X">허가.</wf>
      </sentence>
      <sentence id="d000.s2479" source="wordnet-korean">
         <wf lemma="시간" pos="X">시간</wf>
         <instance id="d000.s2479.t000" lemma="부족" pos="NOUN">부족</instance>
         <wf lemma="." pos="X">.</wf>
      </sentence>
      <sentence id="d000.s2480" source="wordnet-korean">
         <instance id="d000.s2480.t000" lemma="마님" pos="NOUN">마님</instance>
         <wf lemma="," pos="X">,</wf>
         <wf lemma="쇤네" pos="X">쇤네</wf>
         <wf lemma="대령이옵니다." pos="X">대령이옵니다.</wf>
      </sentence>
      <sentence id="d000.s2481" source="wordnet-korean">
         <instance id="d000.s2481.t000" lemma="걱정" pos="NOUN">걱정</instance>
         <wf lemma="을" pos="X">을</wf>
         <wf lemma="끼치다." pos="X">끼치다.</wf>
      </sentence>
      <sentence id="d000.s2482" source="wordnet-korean">
         <wf lemma="사전의" pos="X">사전의</wf>
         <instance id="d000.s2482.t000" lemma="크기" pos="NOUN">크기</instance>
         <wf lemma="." pos="X">.</wf>
      </sentence>
      <sentence id="d000.s2483" source="wordnet-korean">
         <instance id="d000.s2483.t000" lemma="고개" pos="NOUN">고개</instance>
         <wf lemma="를" pos="X">를</wf>
         <wf lemma="넘다." pos="X">넘다.</wf>
      </sentence>
      <sentence id="d000.s2484" source="wordnet-korean">
         <wf lemma="소는" pos="X">소는</wf>
         <wf lemma="먹은" pos="X">먹은</wf>
         <instance id="d000.s2484.t000" lemma="여물" pos="NOUN">여물</instance>
         <wf lemma="을" pos="X">을</wf>
         <wf lemma="새김질하고" pos="X">새김질하고</wf>
         <wf lemma="있다." pos="X">있다.</wf>
      </sentence>
      <sentence id="d000.s2485" source="wordnet-korean">
         <wf lemma="신씨" pos="X">신씨</wf>
         <wf lemma="일문은" pos="X">일문은</wf>
         <wf lemma="반정군에" pos="X">반정군에</wf>
         <wf lemma="의해" pos="X">의해</wf>
         <instance id="d000.s2485.t000" lemma="도륙" pos="NOUN">도륙</instance>
         <wf lemma="이" pos="X">이</wf>
         <wf lemma="되어버렸다." pos="X">되어버렸다.</wf>
      </sentence>
      <sentence id="d000.s2486" source="wordnet-korean">
         <wf lemma="텁텁한" pos="X">텁텁한</wf>
         <instance id="d000.s2486.t000" lemma="막걸리" pos="NOUN">막걸리</instance>
         <wf lemma="." pos="X">.</wf>
      </sentence>
      <sentence id="d000.s2487" source="wordnet-korean">
         <instance id="d000.s2487.t000" lemma="선" pos="NOUN">선</instance>
         <wf lemma="을" pos="X">을</wf>
         <wf lemma="긋다." pos="X">긋다.</wf>
      </sentence>
      <sentence id="d000.s2488" source="wordnet-korean">
         <wf lemma="어째" pos="X">어째</wf>
         <instance id="d000.s2488.t000" lemma="초입" pos="NOUN">초입</instance>
         <wf lemma="부터" pos="X">부터</wf>
         <wf lemma="일이" pos="X">일이</wf>
         <wf lemma="틀어지는" pos="X">틀어지는</wf>
         <wf lemma="것" pos="X">것</wf>
         <wf lemma="같다." pos="X">같다.</wf>
      </sentence>
      <sentence id="d000.s2489" source="wordnet-korean">
         <wf lemma="바람개비의" pos="X">바람개비의</wf>
         <instance id="d000.s2489.t000" lemma="날개" pos="NOUN">날개</instance>
         <wf lemma="." pos="X">.</wf>
      </sentence>
      <sentence id="d000.s2490" source="wordnet-korean">
         <instance id="d000.s2490.t000" lemma="파" pos="NOUN">파</instance>
         <wf lemma="를" pos="X">를</wf>
         <wf lemma="잡다." pos="X">잡다.</wf>
      </sentence>
      <sentence id="d000.s2491" source="wordnet-korean">
         <wf lemma="신라" pos="X">신라</wf>
         <instance id="d000.s2491.t000" lemma="고분" pos="NOUN">고분</instance>
         <wf lemma="." pos="X">.</wf>
      </sentence>
      <sentence id="d000.s2492" source="wordnet-korean">
         <wf lemma="마음" pos="X">마음</wf>
         <wf lemma="한" pos="X">한</wf>
         <instance id="d000.s2492.t000" lemma="구석" pos="NOUN">구석</instance>
         <wf lemma="." pos="X">.</wf>
      </sentence>
      <sentence id="d000.s2493" source="wordnet-korean">
         <instance id="d000.s2493.t000" lemma="법" pos="NOUN">법</instance>
         <wf lemma="을" pos="X">을</wf>
         <wf lemma="제정(공포)하다." pos="X">제정(공포)하다.</wf>
      </sentence>
      <sentence id="d000.s2494" source="wordnet-korean">
         <wf lemma="풀잎에" pos="X">풀잎에</wf>
         <instance id="d000.s2494.t000" lemma="이슬" pos="NOUN">이슬</instance>
         <wf lemma="이" pos="X">이</wf>
         <wf lemma="맺히다." pos="X">맺히다.</wf>
      </sentence>
      <sentence id="d000.s2495" source="wordnet-korean">
         <instance id="d000.s2495.t000" lemma="실례" pos="NOUN">실례</instance>
         <wf lemma="가" pos="X">가</wf>
         <wf lemma="많습니다." pos="X">많습니다.</wf>
      </sentence>
      <sentence id="d000.s2496" source="wordnet-korean">
         <instance id="d000.s2496.t000" lemma="숙제" pos="NOUN">숙제</instance>
         <wf lemma="를" pos="X">를</wf>
         <wf lemma="주다." pos="X">주다.</wf>
      </sentence>
      <sentence id="d000.s2497" source="wordnet-korean">
         <wf lemma="일단" pos="X">일단</wf>
         <wf lemma="이" pos="X">이</wf>
         <wf lemma="일은" pos="X">일은</wf>
         <wf lemma="여기서" pos="X">여기서</wf>
         <instance id="d000.s2497.t000" lemma="매듭" pos="NOUN">매듭</instance>
         <wf lemma="이" pos="X">이</wf>
         <wf lemma="지어진" pos="X">지어진</wf>
         <wf lemma="셈이다." pos="X">셈이다.</wf>
      </sentence>
      <sentence id="d000.s2498" source="wordnet-korean">
         <wf lemma="재산" pos="X">재산</wf>
         <instance id="d000.s2498.t000" lemma="관리" pos="NOUN">관리</instance>
         <wf lemma="." pos="X">.</wf>
      </sentence>
      <sentence id="d000.s2499" source="wordnet-korean">
         <instance id="d000.s2499.t000" lemma="천막" pos="NOUN">천막</instance>
         <wf lemma="을" pos="X">을</wf>
         <wf lemma="친다." pos="X">친다.</wf>
      </sentence>
      <sentence id="d000.s2500" source="wordnet-korean">
         <instance id="d000.s2500.t000" lemma="양해" pos="NOUN">양해</instance>
         <wf lemma="를" pos="X">를</wf>
         <wf lemma="바라다." pos="X">바라다.</wf>
      </sentence>
      <sentence id="d000.s2501" source="wordnet-korean">
         <instance id="d000.s2501.t000" lemma="포화" pos="NOUN">포화</instance>
         <wf lemma="가" pos="X">가</wf>
         <wf lemma="일어나다." pos="X">일어나다.</wf>
      </sentence>
      <sentence id="d000.s2502" source="wordnet-korean">
         <wf lemma="삼" pos="X">삼</wf>
         <wf lemma="년" pos="X">년</wf>
         <wf lemma="전의" pos="X">전의</wf>
         <wf lemma="외상값이" pos="X">외상값이</wf>
         <instance id="d000.s2502.t000" lemma="빚" pos="NOUN">빚</instance>
         <wf lemma="이" pos="X">이</wf>
         <wf lemma="되고" pos="X">되고</wf>
         <wf lemma="말았다." pos="X">말았다.</wf>
      </sentence>
      <sentence id="d000.s2503" source="wordnet-korean">
         <instance id="d000.s2503.t000" lemma="성공" pos="NOUN">성공</instance>
         <wf lemma="을" pos="X">을</wf>
         <wf lemma="빈다." pos="X">빈다.</wf>
      </sentence>
      <sentence id="d000.s2504" source="wordnet-korean">
         <wf lemma="이렇게" pos="X">이렇게</wf>
         <wf lemma="좋은" pos="X">좋은</wf>
         <wf lemma="건" pos="X">건</wf>
         <wf lemma="오늘" pos="X">오늘</wf>
         <instance id="d000.s2504.t000" lemma="처음" pos="NOUN">처음</instance>
         <wf lemma="으로" pos="X">으로</wf>
         <wf lemma="보네." pos="X">보네.</wf>
      </sentence>
      <sentence id="d000.s2505" source="wordnet-korean">
         <instance id="d000.s2505.t000" lemma="불명예" pos="NOUN">불명예</instance>
         <wf lemma="를" pos="X">를</wf>
         <wf lemma="벗다." pos="X">벗다.</wf>
      </sentence>
      <sentence id="d000.s2506" source="wordnet-korean">
         <instance id="d000.s2506.t000" lemma="단청" pos="NOUN">단청</instance>
         <wf lemma="이" pos="X">이</wf>
         <wf lemma="벗겨진" pos="X">벗겨진</wf>
         <wf lemma="고가." pos="X">고가.</wf>
      </sentence>
      <sentence id="d000.s2507" source="wordnet-korean">
         <instance id="d000.s2507.t000" lemma="번호" pos="NOUN">번호</instance>
         <wf lemma="를" pos="X">를</wf>
         <wf lemma="부른다." pos="X">부른다.</wf>
      </sentence>
      <sentence id="d000.s2508" source="wordnet-korean">
         <wf lemma="성냥" pos="X">성냥</wf>
         <instance id="d000.s2508.t000" lemma="각" pos="NOUN">각</instance>
         <wf lemma="." pos="X">.</wf>
      </sentence>
      <sentence id="d000.s2509" source="wordnet-korean">
         <instance id="d000.s2509.t000" lemma="과거" pos="NOUN">과거</instance>
         <wf lemma="를" pos="X">를</wf>
         <wf lemma="묻지" pos="X">묻지</wf>
         <wf lemma="마시오." pos="X">마시오.</wf>
      </sentence>
      <sentence id="d000.s2510" source="wordnet-korean">
         <instance id="d000.s2510.t000" lemma="견문" pos="NOUN">견문</instance>
         <wf lemma="이" pos="X">이</wf>
         <wf lemma="넓다." pos="X">넓다.</wf>
      </sentence>
      <sentence id="d000.s2511" source="wordnet-korean">
         <wf lemma="지명" pos="X">지명</wf>
         <wf lemma="조사원은" pos="X">조사원은</wf>
         <wf lemma="한" pos="X">한</wf>
         <wf lemma="달" pos="X">달</wf>
         <wf lemma="동안" pos="X">동안</wf>
         <wf lemma="현지" pos="X">현지</wf>
         <wf lemma="답사의" pos="X">답사의</wf>
         <instance id="d000.s2511.t000" lemma="예정" pos="NOUN">예정</instance>
         <wf lemma="을" pos="X">을</wf>
         <wf lemma="따라" pos="X">따라</wf>
         <wf lemma="조사하고" pos="X">조사하고</wf>
         <wf lemma="돌아왔다." pos="X">돌아왔다.</wf>
      </sentence>
      <sentence id="d000.s2512" source="wordnet-korean">
         <instance id="d000.s2512.t000" lemma="녹음" pos="NOUN">녹음</instance>
         <wf lemma="을" pos="X">을</wf>
         <wf lemma="듣다." pos="X">듣다.</wf>
      </sentence>
      <sentence id="d000.s2513" source="wordnet-korean">
         <instance id="d000.s2513.t000" lemma="난소" pos="NOUN">난소</instance>
         <wf lemma="임신." pos="X">임신.</wf>
      </sentence>
      <sentence id="d000.s2514" source="wordnet-korean">
         <instance id="d000.s2514.t000" lemma="결국" pos="NOUN">결국</instance>
         <wf lemma="에" pos="X">에</wf>
         <wf lemma="가서는" pos="X">가서는</wf>
         <wf lemma="승복하고" pos="X">승복하고</wf>
         <wf lemma="말" pos="X">말</wf>
         <wf lemma="것이다." pos="X">것이다.</wf>
      </sentence>
      <sentence id="d000.s2515" source="wordnet-korean">
         <instance id="d000.s2515.t000" lemma="자객" pos="NOUN">자객</instance>
         <wf lemma="을" pos="X">을</wf>
         <wf lemma="보내어" pos="X">보내어</wf>
         <wf lemma="암살하다." pos="X">암살하다.</wf>
      </sentence>
      <sentence id="d000.s2516" source="wordnet-korean">
         <wf lemma="6학년" pos="X">6학년</wf>
         <instance id="d000.s2516.t000" lemma="교과" pos="NOUN">교과</instance>
         <wf lemma="." pos="X">.</wf>
      </sentence>
      <sentence id="d000.s2517" source="wordnet-korean">
         <instance id="d000.s2517.t000" lemma="밑" pos="NOUN">밑</instance>
         <wf lemma="이" pos="X">이</wf>
         <wf lemma="허술하다." pos="X">허술하다.</wf>
      </sentence>
      <sentence id="d000.s2518" source="wordnet-korean">
         <wf lemma="붓글씨" pos="X">붓글씨</wf>
         <instance id="d000.s2518.t000" lemma="쓰기" pos="NOUN">쓰기</instance>
         <wf lemma="." pos="X">.</wf>
      </sentence>
      <sentence id="d000.s2519" source="wordnet-korean">
         <wf lemma="합격자들의" pos="X">합격자들의</wf>
         <instance id="d000.s2519.t000" lemma="명단" pos="NOUN">명단</instance>
         <wf lemma="." pos="X">.</wf>
      </sentence>
      <sentence id="d000.s2520" source="wordnet-korean">
         <instance id="d000.s2520.t000" lemma="남아" pos="NOUN">남아</instance>
         <wf lemma="대장부." pos="X">대장부.</wf>
      </sentence>
      <sentence id="d000.s2521" source="wordnet-korean">
         <wf lemma="사고" pos="X">사고</wf>
         <instance id="d000.s2521.t000" lemma="방지" pos="NOUN">방지</instance>
         <wf lemma="." pos="X">.</wf>
      </sentence>
      <sentence id="d000.s2522" source="wordnet-korean">
         <instance id="d000.s2522.t000" lemma="패" pos="NOUN">패</instance>
         <wf lemma="를" pos="X">를</wf>
         <wf lemma="짓다." pos="X">짓다.</wf>
      </sentence>
      <sentence id="d000.s2523" source="wordnet-korean">
         <wf lemma="입후보자들의" pos="X">입후보자들의</wf>
         <wf lemma="연설을" pos="X">연설을</wf>
         <wf lemma="듣고" pos="X">듣고</wf>
         <wf lemma="난" pos="X">난</wf>
         <wf lemma="시민들의" pos="X">시민들의</wf>
         <instance id="d000.s2523.t000" lemma="반향" pos="NOUN">반향</instance>
         <wf lemma="은" pos="X">은</wf>
         <wf lemma="어떠한가." pos="X">어떠한가.</wf>
      </sentence>
      <sentence id="d000.s2524" source="wordnet-korean">
         <wf lemma="근육의" pos="X">근육의</wf>
         <instance id="d000.s2524.t000" lemma="긴장" pos="NOUN">긴장</instance>
         <wf lemma="." pos="X">.</wf>
      </sentence>
      <sentence id="d000.s2525" source="wordnet-korean">
         <instance id="d000.s2525.t000" lemma="반응" pos="NOUN">반응</instance>
         <wf lemma="을" pos="X">을</wf>
         <wf lemma="보이다." pos="X">보이다.</wf>
      </sentence>
      <sentence id="d000.s2526" source="wordnet-korean">
         <instance id="d000.s2526.t000" lemma="길" pos="NOUN">길</instance>
         <wf lemma="을" pos="X">을</wf>
         <wf lemma="닦다." pos="X">닦다.</wf>
      </sentence>
      <sentence id="d000.s2527" source="wordnet-korean">
         <instance id="d000.s2527.t000" lemma="뒤" pos="NOUN">뒤</instance>
         <wf lemma="가" pos="X">가</wf>
         <wf lemma="든든한" pos="X">든든한</wf>
         <wf lemma="사람." pos="X">사람.</wf>
      </sentence>
      <sentence id="d000.s2528" source="wordnet-korean">
         <wf lemma="물의" pos="X">물의</wf>
         <instance id="d000.s2528.t000" lemma="성분" pos="NOUN">성분</instance>
         <wf lemma="은" pos="X">은</wf>
         <wf lemma="산소와" pos="X">산소와</wf>
         <wf lemma="수소이다." pos="X">수소이다.</wf>
      </sentence>
      <sentence id="d000.s2529" source="wordnet-korean">
         <instance id="d000.s2529.t000" lemma="문제" pos="NOUN">문제</instance>
         <wf lemma="를" pos="X">를</wf>
         <wf lemma="풀다." pos="X">풀다.</wf>
      </sentence>
      <sentence id="d000.s2530" source="wordnet-korean">
         <instance id="d000.s2530.t000" lemma="듣기" pos="NOUN">듣기</instance>
         <wf lemma="평가." pos="X">평가.</wf>
      </sentence>
      <sentence id="d000.s2531" source="wordnet-korean">
         <instance id="d000.s2531.t000" lemma="녹" pos="NOUN">녹</instance>
         <wf lemma="을" pos="X">을</wf>
         <wf lemma="닦아" pos="X">닦아</wf>
         <wf lemma="낸다." pos="X">낸다.</wf>
      </sentence>
      <sentence id="d000.s2532" source="wordnet-korean">
         <instance id="d000.s2532.t000" lemma="발육" pos="NOUN">발육</instance>
         <wf lemma="이" pos="X">이</wf>
         <wf lemma="나쁘다." pos="X">나쁘다.</wf>
      </sentence>
      <sentence id="d000.s2533" source="wordnet-korean">
         <wf lemma="몸과" pos="X">몸과</wf>
         <instance id="d000.s2533.t000" lemma="마음" pos="NOUN">마음</instance>
         <wf lemma="을" pos="X">을</wf>
         <wf lemma="깨끗이" pos="X">깨끗이</wf>
         <wf lemma="하다." pos="X">하다.</wf>
      </sentence>
      <sentence id="d000.s2534" source="wordnet-korean">
         <wf lemma="먼길을" pos="X">먼길을</wf>
         <instance id="d000.s2534.t000" lemma="떠나다" pos="VERB">떠나다</instance>
         <wf lemma="." pos="X">.</wf>
      </sentence>
      <sentence id="d000.s2535" source="wordnet-korean">
         <instance id="d000.s2535.t000" lemma="고정" pos="NOUN">고정</instance>
         <wf lemma="인원." pos="X">인원.</wf>
      </sentence>
      <sentence id="d000.s2536" source="wordnet-korean">
         <wf lemma="일을" pos="X">일을</wf>
         <instance id="d000.s2536.t000" lemma="뒤죽박죽" pos="NOUN">뒤죽박죽</instance>
         <wf lemma="을" pos="X">을</wf>
         <wf lemma="만들어" pos="X">만들어</wf>
         <wf lemma="놓았다." pos="X">놓았다.</wf>
      </sentence>
      <sentence id="d000.s2537" source="wordnet-korean">
         <instance id="d000.s2537.t000" lemma="내" pos="NOUN">내</instance>
         <wf lemma="가" pos="X">가</wf>
         <wf lemma="코를" pos="X">코를</wf>
         <wf lemma="찌른다." pos="X">찌른다.</wf>
      </sentence>
      <sentence id="d000.s2538" source="wordnet-korean">
         <instance id="d000.s2538.t000" lemma="사고" pos="NOUN">사고</instance>
         <wf lemma="없이" pos="X">없이</wf>
         <wf lemma="잘" pos="X">잘</wf>
         <wf lemma="끝냈다." pos="X">끝냈다.</wf>
      </sentence>
      <sentence id="d000.s2539" source="wordnet-korean">
         <wf lemma="적군의" pos="X">적군의</wf>
         <instance id="d000.s2539.t000" lemma="급습" pos="NOUN">급습</instance>
         <wf lemma="에" pos="X">에</wf>
         <wf lemma="대처할" pos="X">대처할</wf>
         <wf lemma="방책." pos="X">방책.</wf>
      </sentence>
      <sentence id="d000.s2540" source="wordnet-korean">
         <instance id="d000.s2540.t000" lemma="동종" pos="NOUN">동종</instance>
         <wf lemma="의" pos="X">의</wf>
         <wf lemma="인간." pos="X">인간.</wf>
      </sentence>
      <sentence id="d000.s2541" source="wordnet-korean">
         <wf lemma="그의" pos="X">그의</wf>
         <wf lemma="이름을" pos="X">이름을</wf>
         <instance id="d000.s2541.t000" lemma="세계" pos="NOUN">세계</instance>
         <wf lemma="에" pos="X">에</wf>
         <wf lemma="떨치었다." pos="X">떨치었다.</wf>
      </sentence>
      <sentence id="d000.s2542" source="wordnet-korean">
         <wf lemma="우주" pos="X">우주</wf>
         <instance id="d000.s2542.t000" lemma="탐사" pos="NOUN">탐사</instance>
         <wf lemma="." pos="X">.</wf>
      </sentence>
      <sentence id="d000.s2543" source="wordnet-korean">
         <instance id="d000.s2543.t000" lemma="뒤" pos="NOUN">뒤</instance>
         <wf lemma="를" pos="X">를</wf>
         <wf lemma="조사하다." pos="X">조사하다.</wf>
      </sentence>
      <sentence id="d000.s2544" source="wordnet-korean">
         <instance id="d000.s2544.t000" lemma="볼" pos="NOUN">볼</instance>
         <wf lemma="이" pos="X">이</wf>
         <wf lemma="처져" pos="X">처져</wf>
         <wf lemma="있다." pos="X">있다.</wf>
      </sentence>
      <sentence id="d000.s2545" source="wordnet-korean">
         <instance id="d000.s2545.t000" lemma="품귀" pos="NOUN">품귀</instance>
         <wf lemma="현상." pos="X">현상.</wf>
      </sentence>
      <sentence id="d000.s2546" source="wordnet-korean">
         <wf lemma="놓을" pos="X">놓을</wf>
         <instance id="d000.s2546.t000" lemma="위치" pos="NOUN">위치</instance>
         <wf lemma="." pos="X">.</wf>
      </sentence>
      <sentence id="d000.s2547" source="wordnet-korean">
         <instance id="d000.s2547.t000" lemma="보안" pos="NOUN">보안</instance>
         <wf lemma="을" pos="X">을</wf>
         <wf lemma="유지하다." pos="X">유지하다.</wf>
      </sentence>
      <sentence id="d000.s2548" source="wordnet-korean">
         <instance id="d000.s2548.t000" lemma="관청" pos="NOUN">관청</instance>
         <wf lemma="사무." pos="X">사무.</wf>
      </sentence>
      <sentence id="d000.s2549" source="wordnet-korean">
         <instance id="d000.s2549.t000" lemma="노역" pos="NOUN">노역</instance>
         <wf lemma="에" pos="X">에</wf>
         <wf lemma="시달리다." pos="X">시달리다.</wf>
      </sentence>
      <sentence id="d000.s2550" source="wordnet-korean">
         <instance id="d000.s2550.t000" lemma="산" pos="NOUN">산</instance>
         <wf lemma="을" pos="X">을</wf>
         <wf lemma="넘다." pos="X">넘다.</wf>
      </sentence>
      <sentence id="d000.s2551" source="wordnet-korean">
         <instance id="d000.s2551.t000" lemma="얼음" pos="NOUN">얼음</instance>
         <wf lemma="이" pos="X">이</wf>
         <wf lemma="깨지다." pos="X">깨지다.</wf>
      </sentence>
      <sentence id="d000.s2552" source="wordnet-korean">
         <wf lemma="언어의" pos="X">언어의</wf>
         <instance id="d000.s2552.t000" lemma="객관성" pos="NOUN">객관성</instance>
         <wf lemma="속에는" pos="X">속에는</wf>
         <wf lemma="사회성과" pos="X">사회성과</wf>
         <wf lemma="역사성의" pos="X">역사성의</wf>
         <wf lemma="두" pos="X">두</wf>
         <wf lemma="가지" pos="X">가지</wf>
         <wf lemma="요소를" pos="X">요소를</wf>
         <wf lemma="포함하고" pos="X">포함하고</wf>
         <wf lemma="있다." pos="X">있다.</wf>
      </sentence>
      <sentence id="d000.s2553" source="wordnet-korean">
         <instance id="d000.s2553.t000" lemma="염문" pos="NOUN">염문</instance>
         <wf lemma="을" pos="X">을</wf>
         <wf lemma="뿌리다." pos="X">뿌리다.</wf>
      </sentence>
      <sentence id="d000.s2554" source="wordnet-korean">
         <wf lemma="좋은" pos="X">좋은</wf>
         <instance id="d000.s2554.t000" lemma="생각" pos="NOUN">생각</instance>
         <wf lemma="이" pos="X">이</wf>
         <wf lemma="떠오른다." pos="X">떠오른다.</wf>
      </sentence>
      <sentence id="d000.s2555" source="wordnet-korean">
         <instance id="d000.s2555.t000" lemma="자랑" pos="NOUN">자랑</instance>
         <wf lemma="을" pos="X">을</wf>
         <wf lemma="일삼다." pos="X">일삼다.</wf>
      </sentence>
      <sentence id="d000.s2556" source="wordnet-korean">
         <instance id="d000.s2556.t000" lemma="빈곤" pos="NOUN">빈곤</instance>
         <wf lemma="에" pos="X">에</wf>
         <wf lemma="찌들다." pos="X">찌들다.</wf>
      </sentence>
      <sentence id="d000.s2557" source="wordnet-korean">
         <wf lemma="우악스럽게" pos="X">우악스럽게</wf>
         <wf lemma="남의" pos="X">남의</wf>
         <wf lemma="팔다리에" pos="X">팔다리에</wf>
         <instance id="d000.s2557.t000" lemma="생채기" pos="NOUN">생채기</instance>
         <wf lemma="를" pos="X">를</wf>
         <wf lemma="내놓고" pos="X">내놓고</wf>
         <wf lemma="달아난다." pos="X">달아난다.</wf>
      </sentence>
      <sentence id="d000.s2558" source="wordnet-korean">
         <instance id="d000.s2558.t000" lemma="수" pos="NOUN">수</instance>
         <wf lemma="가" pos="X">가</wf>
         <wf lemma="좋다." pos="X">좋다.</wf>
      </sentence>
      <sentence id="d000.s2559" source="wordnet-korean">
         <instance id="d000.s2559.t000" lemma="산보" pos="NOUN">산보</instance>
         <wf lemma="를" pos="X">를</wf>
         <wf lemma="나가다." pos="X">나가다.</wf>
      </sentence>
      <sentence id="d000.s2560" source="wordnet-korean">
         <wf lemma="싸움" pos="X">싸움</wf>
         <wf lemma="잘하기로" pos="X">잘하기로</wf>
         <instance id="d000.s2560.t000" lemma="호" pos="NOUN">호</instance>
         <wf lemma="가" pos="X">가</wf>
         <wf lemma="난" pos="X">난</wf>
         <wf lemma="사람." pos="X">사람.</wf>
      </sentence>
      <sentence id="d000.s2561" source="wordnet-korean">
         <wf lemma="해저" pos="X">해저</wf>
         <instance id="d000.s2561.t000" lemma="탐험" pos="NOUN">탐험</instance>
         <wf lemma="." pos="X">.</wf>
      </sentence>
      <sentence id="d000.s2562" source="wordnet-korean">
         <instance id="d000.s2562.t000" lemma="열기" pos="NOUN">열기</instance>
         <wf lemma="를" pos="X">를</wf>
         <wf lemma="뿜다." pos="X">뿜다.</wf>
      </sentence>
      <sentence id="d000.s2563" source="wordnet-korean">
         <wf lemma="한" pos="X">한</wf>
         <instance id="d000.s2563.t000" lemma="번" pos="NOUN">번</instance>
         <wf lemma="." pos="X">.</wf>
      </sentence>
      <sentence id="d000.s2564" source="wordnet-korean">
         <wf lemma="3" pos="X">3</wf>
         <instance id="d000.s2564.t000" lemma="대" pos="NOUN">대</instance>
         <wf lemma="손." pos="X">손.</wf>
      </sentence>
      <sentence id="d000.s2565" source="wordnet-korean">
         <wf lemma="일의" pos="X">일의</wf>
         <instance id="d000.s2565.t000" lemma="매듭" pos="NOUN">매듭</instance>
         <wf lemma="을" pos="X">을</wf>
         <wf lemma="지읍시다." pos="X">지읍시다.</wf>
      </sentence>
      <sentence id="d000.s2566" source="wordnet-korean">
         <wf lemma="노동" pos="X">노동</wf>
         <instance id="d000.s2566.t000" lemma="조건" pos="NOUN">조건</instance>
         <wf lemma="." pos="X">.</wf>
      </sentence>
      <sentence id="d000.s2567" source="wordnet-korean">
         <wf lemma="갱년기와" pos="X">갱년기와</wf>
         <instance id="d000.s2567.t000" lemma="노년기" pos="NOUN">노년기</instance>
         <wf lemma="." pos="X">.</wf>
      </sentence>
      <sentence id="d000.s2568" source="wordnet-korean">
         <instance id="d000.s2568.t000" lemma="최근" pos="NOUN">최근</instance>
         <wf lemma="에는" pos="X">에는</wf>
         <wf lemma="볼" pos="X">볼</wf>
         <wf lemma="수" pos="X">수</wf>
         <wf lemma="없는" pos="X">없는</wf>
         <wf lemma="물건." pos="X">물건.</wf>
      </sentence>
      <sentence id="d000.s2569" source="wordnet-korean">
         <wf lemma="가극" pos="X">가극</wf>
         <wf lemma="춘향전이" pos="X">춘향전이</wf>
         <wf lemma="드디어" pos="X">드디어</wf>
         <wf lemma="많은" pos="X">많은</wf>
         <wf lemma="관람객의" pos="X">관람객의</wf>
         <wf lemma="갈채" pos="X">갈채</wf>
         <wf lemma="속에서" pos="X">속에서</wf>
         <instance id="d000.s2569.t000" lemma="개막" pos="NOUN">개막</instance>
         <wf lemma="되었다." pos="X">되었다.</wf>
      </sentence>
      <sentence id="d000.s2570" source="wordnet-korean">
         <instance id="d000.s2570.t000" lemma="어미" pos="NOUN">어미</instance>
         <wf lemma="토끼." pos="X">토끼.</wf>
      </sentence>
      <sentence id="d000.s2571" source="wordnet-korean">
         <wf lemma="남녀" pos="X">남녀</wf>
         <instance id="d000.s2571.t000" lemma="교제" pos="NOUN">교제</instance>
         <wf lemma="." pos="X">.</wf>
      </sentence>
      <sentence id="d000.s2572" source="wordnet-korean">
         <instance id="d000.s2572.t000" lemma="업무" pos="NOUN">업무</instance>
         <wf lemma="방해." pos="X">방해.</wf>
      </sentence>
      <sentence id="d000.s2573" source="wordnet-korean">
         <wf lemma="내가" pos="X">내가</wf>
         <wf lemma="무어" pos="X">무어</wf>
         <wf lemma="그것한테" pos="X">그것한테</wf>
         <wf lemma="정을" pos="X">정을</wf>
         <wf lemma="두고" pos="X">두고</wf>
         <wf lemma="그러는" pos="X">그러는</wf>
         <wf lemma="줄" pos="X">줄</wf>
         <wf lemma="알아?" pos="X">알아?</wf>
         <instance id="d000.s2573.t000" lemma="씨" pos="NOUN">씨</instance>
         <wf lemma="나" pos="X">나</wf>
         <wf lemma="하나" pos="X">하나</wf>
         <wf lemma="볼까" pos="X">볼까</wf>
         <wf lemma="해서" pos="X">해서</wf>
         <wf lemma="그러지." pos="X">그러지.</wf>
      </sentence>
      <sentence id="d000.s2574" source="wordnet-korean">
         <instance id="d000.s2574.t000" lemma="끼니" pos="NOUN">끼니</instance>
         <wf lemma="를" pos="X">를</wf>
         <wf lemma="거르다." pos="X">거르다.</wf>
      </sentence>
      <sentence id="d000.s2575" source="wordnet-korean">
         <instance id="d000.s2575.t000" lemma="팔다리" pos="NOUN">팔다리</instance>
         <wf lemma="가" pos="X">가</wf>
         <wf lemma="쑤시다." pos="X">쑤시다.</wf>
      </sentence>
      <sentence id="d000.s2576" source="wordnet-korean">
         <wf lemma="사람" pos="X">사람</wf>
         <instance id="d000.s2576.t000" lemma="됨됨이" pos="NOUN">됨됨이</instance>
         <wf lemma="로" pos="X">로</wf>
         <wf lemma="보아" pos="X">보아</wf>
         <wf lemma="그는" pos="X">그는</wf>
         <wf lemma="크게" pos="X">크게</wf>
         <wf lemma="될" pos="X">될</wf>
         <wf lemma="것이다." pos="X">것이다.</wf>
      </sentence>
      <sentence id="d000.s2577" source="wordnet-korean">
         <wf lemma="시계가" pos="X">시계가</wf>
         <wf lemma="다섯" pos="X">다섯</wf>
         <instance id="d000.s2577.t000" lemma="점" pos="NOUN">점</instance>
         <wf lemma="을" pos="X">을</wf>
         <wf lemma="쳤다." pos="X">쳤다.</wf>
      </sentence>
      <sentence id="d000.s2578" source="wordnet-korean">
         <wf lemma="삼" pos="X">삼</wf>
         <instance id="d000.s2578.t000" lemma="년" pos="NOUN">년</instance>
         <wf lemma="세월." pos="X">세월.</wf>
      </sentence>
      <sentence id="d000.s2579" source="wordnet-korean">
         <wf lemma="서류" pos="X">서류</wf>
         <instance id="d000.s2579.t000" lemma="봉투" pos="NOUN">봉투</instance>
         <wf lemma="." pos="X">.</wf>
      </sentence>
      <sentence id="d000.s2580" source="wordnet-korean">
         <instance id="d000.s2580.t000" lemma="만물" pos="NOUN">만물</instance>
         <wf lemma="은" pos="X">은</wf>
         <wf lemma="유전한다." pos="X">유전한다.</wf>
      </sentence>
      <sentence id="d000.s2581" source="wordnet-korean">
         <instance id="d000.s2581.t000" lemma="건망증" pos="NOUN">건망증</instance>
         <wf lemma="이" pos="X">이</wf>
         <wf lemma="심하다." pos="X">심하다.</wf>
      </sentence>
      <sentence id="d000.s2582" source="wordnet-korean">
         <wf lemma="신선한" pos="X">신선한</wf>
         <wf lemma="딸기의" pos="X">딸기의</wf>
         <instance id="d000.s2582.t000" lemma="맛" pos="NOUN">맛</instance>
         <wf lemma="." pos="X">.</wf>
      </sentence>
      <sentence id="d000.s2583" source="wordnet-korean">
         <wf lemma="방심은" pos="X">방심은</wf>
         <instance id="d000.s2583.t000" lemma="금물" pos="NOUN">금물</instance>
         <wf lemma="이다." pos="X">이다.</wf>
      </sentence>
      <sentence id="d000.s2584" source="wordnet-korean">
         <instance id="d000.s2584.t000" lemma="거리" pos="NOUN">거리</instance>
         <wf lemma="에" pos="X">에</wf>
         <wf lemma="오가는" pos="X">오가는</wf>
         <wf lemma="사람." pos="X">사람.</wf>
      </sentence>
      <sentence id="d000.s2585" source="wordnet-korean">
         <instance id="d000.s2585.t000" lemma="도장" pos="NOUN">도장</instance>
         <wf lemma="을" pos="X">을</wf>
         <wf lemma="치다." pos="X">치다.</wf>
      </sentence>
      <sentence id="d000.s2586" source="wordnet-korean">
         <instance id="d000.s2586.t000" lemma="교통" pos="NOUN">교통</instance>
         <wf lemma="이" pos="X">이</wf>
         <wf lemma="편리하다." pos="X">편리하다.</wf>
      </sentence>
      <sentence id="d000.s2587" source="wordnet-korean">
         <wf lemma="농공" pos="X">농공</wf>
         <wf lemma="정책" pos="X">정책</wf>
         <instance id="d000.s2587.t000" lemma="병행" pos="NOUN">병행</instance>
         <wf lemma="." pos="X">.</wf>
      </sentence>
      <sentence id="d000.s2588" source="wordnet-korean">
         <instance id="d000.s2588.t000" lemma="분해" pos="NOUN">분해</instance>
         <wf lemma="결합." pos="X">결합.</wf>
      </sentence>
      <sentence id="d000.s2589" source="wordnet-korean">
         <wf lemma="먼동이" pos="X">먼동이</wf>
         <wf lemma="틀락말락한" pos="X">틀락말락한</wf>
         <instance id="d000.s2589.t000" lemma="새벽" pos="NOUN">새벽</instance>
         <wf lemma="이었다." pos="X">이었다.</wf>
      </sentence>
      <sentence id="d000.s2590" source="wordnet-korean">
         <wf lemma="학문의" pos="X">학문의</wf>
         <instance id="d000.s2590.t000" lemma="기초" pos="NOUN">기초</instance>
         <wf lemma="를" pos="X">를</wf>
         <wf lemma="닦다." pos="X">닦다.</wf>
      </sentence>
      <sentence id="d000.s2591" source="wordnet-korean">
         <wf lemma="돌아갈" pos="X">돌아갈</wf>
         <wf lemma="내" pos="X">내</wf>
         <instance id="d000.s2591.t000" lemma="고향" pos="NOUN">고향</instance>
         <wf lemma="하늘나라." pos="X">하늘나라.</wf>
      </sentence>
      <sentence id="d000.s2592" source="wordnet-korean">
         <wf lemma="술을" pos="X">술을</wf>
         <instance id="d000.s2592.t000" lemma="배우다" pos="VERB">배우다</instance>
         <wf lemma="." pos="X">.</wf>
      </sentence>
      <sentence id="d000.s2593" source="wordnet-korean">
         <instance id="d000.s2593.t000" lemma="안전" pos="NOUN">안전</instance>
         <wf lemma="제일." pos="X">제일.</wf>
      </sentence>
      <sentence id="d000.s2594" source="wordnet-korean">
         <wf lemma="국어는" pos="X">국어는</wf>
         <wf lemma="몇" pos="X">몇</wf>
         <instance id="d000.s2594.t000" lemma="과" pos="NOUN">과</instance>
         <wf lemma="까지" pos="X">까지</wf>
         <wf lemma="공부했나?." pos="X">공부했나?.</wf>
      </sentence>
      <sentence id="d000.s2595" source="wordnet-korean">
         <instance id="d000.s2595.t000" lemma="도랑" pos="NOUN">도랑</instance>
         <wf lemma="이" pos="X">이</wf>
         <wf lemma="멨다." pos="X">멨다.</wf>
      </sentence>
      <sentence id="d000.s2596" source="wordnet-korean">
         <wf lemma="물리학" pos="X">물리학</wf>
         <instance id="d000.s2596.t000" lemma="이론" pos="NOUN">이론</instance>
         <wf lemma="." pos="X">.</wf>
      </sentence>
      <sentence id="d000.s2597" source="wordnet-korean">
         <instance id="d000.s2597.t000" lemma="기획" pos="NOUN">기획</instance>
         <wf lemma="관리." pos="X">관리.</wf>
      </sentence>
      <sentence id="d000.s2598" source="wordnet-korean">
         <instance id="d000.s2598.t000" lemma="속력" pos="NOUN">속력</instance>
         <wf lemma="을" pos="X">을</wf>
         <wf lemma="올리다." pos="X">올리다.</wf>
      </sentence>
      <sentence id="d000.s2599" source="wordnet-korean">
         <wf lemma="수를" pos="X">수를</wf>
         <wf lemma="놓는" pos="X">놓는</wf>
         <wf lemma="데는" pos="X">데는</wf>
         <wf lemma="알맞은" pos="X">알맞은</wf>
         <instance id="d000.s2599.t000" lemma="틀" pos="NOUN">틀</instance>
         <wf lemma="이" pos="X">이</wf>
         <wf lemma="있어야" pos="X">있어야</wf>
         <wf lemma="한다." pos="X">한다.</wf>
      </sentence>
      <sentence id="d000.s2600" source="wordnet-korean">
         <instance id="d000.s2600.t000" lemma="평화" pos="NOUN">평화</instance>
         <wf lemma="를" pos="X">를</wf>
         <wf lemma="누르다." pos="X">누르다.</wf>
      </sentence>
      <sentence id="d000.s2601" source="wordnet-korean">
         <instance id="d000.s2601.t000" lemma="근래" pos="NOUN">근래</instance>
         <wf lemma="에" pos="X">에</wf>
         <wf lemma="보기" pos="X">보기</wf>
         <wf lemma="드문" pos="X">드문</wf>
         <wf lemma="일." pos="X">일.</wf>
      </sentence>
      <sentence id="d000.s2602" source="wordnet-korean">
         <instance id="d000.s2602.t000" lemma="버섯" pos="NOUN">버섯</instance>
         <wf lemma="을" pos="X">을</wf>
         <wf lemma="따다." pos="X">따다.</wf>
      </sentence>
      <sentence id="d000.s2603" source="wordnet-korean">
         <wf lemma="한민족의" pos="X">한민족의</wf>
         <instance id="d000.s2603.t000" lemma="특성" pos="NOUN">특성</instance>
         <wf lemma="." pos="X">.</wf>
      </sentence>
      <sentence id="d000.s2604" source="wordnet-korean">
         <wf lemma="착한" pos="X">착한</wf>
         <instance id="d000.s2604.t000" lemma="마음" pos="NOUN">마음</instance>
         <wf lemma="." pos="X">.</wf>
      </sentence>
      <sentence id="d000.s2605" source="wordnet-korean">
         <wf lemma="인류의" pos="X">인류의</wf>
         <instance id="d000.s2605.t000" lemma="말세" pos="NOUN">말세</instance>
         <wf lemma="." pos="X">.</wf>
      </sentence>
      <sentence id="d000.s2606" source="wordnet-korean">
         <wf lemma="첫째" pos="X">첫째</wf>
         <instance id="d000.s2606.t000" lemma="거리" pos="NOUN">거리</instance>
         <wf lemma="." pos="X">.</wf>
      </sentence>
      <sentence id="d000.s2607" source="wordnet-korean">
         <instance id="d000.s2607.t000" lemma="성적" pos="NOUN">성적</instance>
         <wf lemma="이" pos="X">이</wf>
         <wf lemma="오르다." pos="X">오르다.</wf>
      </sentence>
      <sentence id="d000.s2608" source="wordnet-korean">
         <wf lemma="가엾은" pos="X">가엾은</wf>
         <instance id="d000.s2608.t000" lemma="인생" pos="NOUN">인생</instance>
         <wf lemma="." pos="X">.</wf>
      </sentence>
      <sentence id="d000.s2609" source="wordnet-korean">
         <instance id="d000.s2609.t000" lemma="말세" pos="NOUN">말세</instance>
         <wf lemma="풍조." pos="X">풍조.</wf>
      </sentence>
      <sentence id="d000.s2610" source="wordnet-korean">
         <instance id="d000.s2610.t000" lemma="질투심" pos="NOUN">질투심</instance>
         <wf lemma="이" pos="X">이</wf>
         <wf lemma="많은" pos="X">많은</wf>
         <wf lemma="여자." pos="X">여자.</wf>
      </sentence>
      <sentence id="d000.s2611" source="wordnet-korean">
         <instance id="d000.s2611.t000" lemma="마당" pos="NOUN">마당</instance>
         <wf lemma="을" pos="X">을</wf>
         <wf lemma="쓸다." pos="X">쓸다.</wf>
      </sentence>
      <sentence id="d000.s2612" source="wordnet-korean">
         <wf lemma="민주" pos="X">민주</wf>
         <wf lemma="회복의" pos="X">회복의</wf>
         <instance id="d000.s2612.t000" lemma="대열" pos="NOUN">대열</instance>
         <wf lemma="에" pos="X">에</wf>
         <wf lemma="서다." pos="X">서다.</wf>
      </sentence>
      <sentence id="d000.s2613" source="wordnet-korean">
         <wf lemma="그" pos="X">그</wf>
         <instance id="d000.s2613.t000" lemma="동안" pos="NOUN">동안</instance>
         <wf lemma="." pos="X">.</wf>
      </sentence>
      <sentence id="d000.s2614" source="wordnet-korean">
         <instance id="d000.s2614.t000" lemma="신기" pos="NOUN">신기</instance>
         <wf lemma="가" pos="X">가</wf>
         <wf lemma="불편하다." pos="X">불편하다.</wf>
      </sentence>
      <sentence id="d000.s2615" source="wordnet-korean">
         <instance id="d000.s2615.t000" lemma="대화" pos="NOUN">대화</instance>
         <wf lemma="를" pos="X">를</wf>
         <wf lemma="나누다." pos="X">나누다.</wf>
      </sentence>
      <sentence id="d000.s2616" source="wordnet-korean">
         <wf lemma="사회" pos="X">사회</wf>
         <instance id="d000.s2616.t000" lemma="불안" pos="NOUN">불안</instance>
         <wf lemma="." pos="X">.</wf>
      </sentence>
      <sentence id="d000.s2617" source="wordnet-korean">
         <instance id="d000.s2617.t000" lemma="이상" pos="NOUN">이상</instance>
         <wf lemma="기온." pos="X">기온.</wf>
      </sentence>
      <sentence id="d000.s2618" source="wordnet-korean">
         <instance id="d000.s2618.t000" lemma="도시" pos="NOUN">도시</instance>
         <wf lemma="생활." pos="X">생활.</wf>
      </sentence>
      <sentence id="d000.s2619" source="wordnet-korean">
         <instance id="d000.s2619.t000" lemma="겉모양" pos="NOUN">겉모양</instance>
         <wf lemma="만" pos="X">만</wf>
         <wf lemma="보고" pos="X">보고</wf>
         <wf lemma="그" pos="X">그</wf>
         <wf lemma="사람을" pos="X">사람을</wf>
         <wf lemma="평가할" pos="X">평가할</wf>
         <wf lemma="수는" pos="X">수는</wf>
         <wf lemma="없다." pos="X">없다.</wf>
      </sentence>
      <sentence id="d000.s2620" source="wordnet-korean">
         <wf lemma="함경도" pos="X">함경도</wf>
         <instance id="d000.s2620.t000" lemma="땅" pos="NOUN">땅</instance>
         <wf lemma="." pos="X">.</wf>
      </sentence>
      <sentence id="d000.s2621" source="wordnet-korean">
         <wf lemma="고원" pos="X">고원</wf>
         <instance id="d000.s2621.t000" lemma="지대" pos="NOUN">지대</instance>
         <wf lemma="." pos="X">.</wf>
      </sentence>
      <sentence id="d000.s2622" source="wordnet-korean">
         <instance id="d000.s2622.t000" lemma="숨" pos="NOUN">숨</instance>
         <wf lemma="이" pos="X">이</wf>
         <wf lemma="막히다." pos="X">막히다.</wf>
      </sentence>
      <sentence id="d000.s2623" source="wordnet-korean">
         <wf lemma="종의" pos="X">종의</wf>
         <instance id="d000.s2623.t000" lemma="기원" pos="NOUN">기원</instance>
         <wf lemma="." pos="X">.</wf>
      </sentence>
      <sentence id="d000.s2624" source="wordnet-korean">
         <wf lemma="문화" pos="X">문화</wf>
         <wf lemma="전통의" pos="X">전통의</wf>
         <instance id="d000.s2624.t000" lemma="계승" pos="NOUN">계승</instance>
         <wf lemma="과" pos="X">과</wf>
         <wf lemma="발전." pos="X">발전.</wf>
      </sentence>
      <sentence id="d000.s2625" source="wordnet-korean">
         <wf lemma="빛이" pos="X">빛이</wf>
         <wf lemma="파동의" pos="X">파동의</wf>
         <wf lemma="성질뿐만" pos="X">성질뿐만</wf>
         <wf lemma="아니라" pos="X">아니라</wf>
         <wf lemma="입자의" pos="X">입자의</wf>
         <wf lemma="성질도" pos="X">성질도</wf>
         <wf lemma="가진다는" pos="X">가진다는</wf>
         <wf lemma="그의" pos="X">그의</wf>
         <instance id="d000.s2625.t000" lemma="가상" pos="NOUN">가상</instance>
         <wf lemma="은" pos="X">은</wf>
         <wf lemma="옳은" pos="X">옳은</wf>
         <wf lemma="것으로" pos="X">것으로</wf>
         <wf lemma="밝혀졌다." pos="X">밝혀졌다.</wf>
      </sentence>
      <sentence id="d000.s2626" source="wordnet-korean">
         <wf lemma="주번" pos="X">주번</wf>
         <instance id="d000.s2626.t000" lemma="사령" pos="NOUN">사령</instance>
         <wf lemma="." pos="X">.</wf>
      </sentence>
      <sentence id="d000.s2627" source="wordnet-korean">
         <wf lemma="정치적" pos="X">정치적</wf>
         <instance id="d000.s2627.t000" lemma="성격" pos="NOUN">성격</instance>
         <wf lemma="." pos="X">.</wf>
      </sentence>
      <sentence id="d000.s2628" source="wordnet-korean">
         <instance id="d000.s2628.t000" lemma="신경질" pos="NOUN">신경질</instance>
         <wf lemma="을" pos="X">을</wf>
         <wf lemma="부리다." pos="X">부리다.</wf>
      </sentence>
      <sentence id="d000.s2629" source="wordnet-korean">
         <wf lemma="다른" pos="X">다른</wf>
         <wf lemma="사람으로" pos="X">사람으로</wf>
         <instance id="d000.s2629.t000" lemma="다리" pos="VERB">다리</instance>
         <wf lemma="를" pos="X">를</wf>
         <wf lemma="놓아" pos="X">놓아</wf>
         <wf lemma="화해를" pos="X">화해를</wf>
         <wf lemma="했다." pos="X">했다.</wf>
      </sentence>
      <sentence id="d000.s2630" source="wordnet-korean">
         <wf lemma="시작과" pos="X">시작과</wf>
         <instance id="d000.s2630.t000" lemma="마감" pos="NOUN">마감</instance>
         <wf lemma="." pos="X">.</wf>
      </sentence>
      <sentence id="d000.s2631" source="wordnet-korean">
         <instance id="d000.s2631.t000" lemma="손" pos="NOUN">손</instance>
         <wf lemma="이" pos="X">이</wf>
         <wf lemma="많이" pos="X">많이</wf>
         <wf lemma="드나드니" pos="X">드나드니</wf>
         <wf lemma="장사도" pos="X">장사도</wf>
         <wf lemma="잘" pos="X">잘</wf>
         <wf lemma="되겠다." pos="X">되겠다.</wf>
      </sentence>
      <sentence id="d000.s2632" source="wordnet-korean">
         <wf lemma="빈민" pos="X">빈민</wf>
         <instance id="d000.s2632.t000" lemma="구제" pos="NOUN">구제</instance>
         <wf lemma="." pos="X">.</wf>
      </sentence>
      <sentence id="d000.s2633" source="wordnet-korean">
         <wf lemma="서예의" pos="X">서예의</wf>
         <instance id="d000.s2633.t000" lemma="대가" pos="NOUN">대가</instance>
         <wf lemma="." pos="X">.</wf>
      </sentence>
      <sentence id="d000.s2634" source="wordnet-korean">
         <wf lemma="종교" pos="X">종교</wf>
         <instance id="d000.s2634.t000" lemma="사상" pos="NOUN">사상</instance>
         <wf lemma="." pos="X">.</wf>
      </sentence>
      <sentence id="d000.s2635" source="wordnet-korean">
         <wf lemma="1980년" pos="X">1980년</wf>
         <instance id="d000.s2635.t000" lemma="무렵" pos="NOUN">무렵</instance>
         <wf lemma="." pos="X">.</wf>
      </sentence>
      <sentence id="d000.s2636" source="wordnet-korean">
         <wf lemma="김" pos="X">김</wf>
         <instance id="d000.s2636.t000" lemma="집" pos="NOUN">집</instance>
         <wf lemma="." pos="X">.</wf>
      </sentence>
      <sentence id="d000.s2637" source="wordnet-korean">
         <wf lemma="발전이냐" pos="X">발전이냐</wf>
         <wf lemma="좌절이냐의" pos="X">좌절이냐의</wf>
         <instance id="d000.s2637.t000" lemma="판가름" pos="NOUN">판가름</instance>
         <wf lemma="은" pos="X">은</wf>
         <wf lemma="마음가짐에" pos="X">마음가짐에</wf>
         <wf lemma="달렸다." pos="X">달렸다.</wf>
      </sentence>
      <sentence id="d000.s2638" source="wordnet-korean">
         <instance id="d000.s2638.t000" lemma="주먹" pos="NOUN">주먹</instance>
         <wf lemma="으로" pos="X">으로</wf>
         <wf lemma="치다." pos="X">치다.</wf>
      </sentence>
      <sentence id="d000.s2639" source="wordnet-korean">
         <wf lemma="돈" pos="X">돈</wf>
         <instance id="d000.s2639.t000" lemma="마르크" pos="NOUN">마르크</instance>
         <wf lemma="나" pos="X">나</wf>
         <wf lemma="가지고" pos="X">가지고</wf>
         <wf lemma="있다." pos="X">있다.</wf>
      </sentence>
      <sentence id="d000.s2640" source="wordnet-korean">
         <instance id="d000.s2640.t000" lemma="불의" pos="NOUN">불의</instance>
         <wf lemma="에" pos="X">에</wf>
         <wf lemma="항거하는" pos="X">항거하는</wf>
         <wf lemma="시민" pos="X">시민</wf>
         <wf lemma="정신." pos="X">정신.</wf>
      </sentence>
      <sentence id="d000.s2641" source="wordnet-korean">
         <instance id="d000.s2641.t000" lemma="교과서" pos="NOUN">교과서</instance>
         <wf lemma="편찬." pos="X">편찬.</wf>
      </sentence>
      <sentence id="d000.s2642" source="wordnet-korean">
         <instance id="d000.s2642.t000" lemma="영리" pos="NOUN">영리</instance>
         <wf lemma="단체." pos="X">단체.</wf>
      </sentence>
      <sentence id="d000.s2643" source="wordnet-korean">
         <wf lemma="음식" pos="X">음식</wf>
         <wf lemma="만드는" pos="X">만드는</wf>
         <instance id="d000.s2643.t000" lemma="법" pos="NOUN">법</instance>
         <wf lemma="." pos="X">.</wf>
      </sentence>
      <sentence id="d000.s2644" source="wordnet-korean">
         <wf lemma="많은" pos="X">많은</wf>
         <instance id="d000.s2644.t000" lemma="고객" pos="NOUN">고객</instance>
         <wf lemma="이" pos="X">이</wf>
         <wf lemma="찾는" pos="X">찾는</wf>
         <wf lemma="갖가지" pos="X">갖가지</wf>
         <wf lemma="상품들." pos="X">상품들.</wf>
      </sentence>
      <sentence id="d000.s2645" source="wordnet-korean">
         <wf lemma="흰" pos="X">흰</wf>
         <instance id="d000.s2645.t000" lemma="구름" pos="NOUN">구름</instance>
         <wf lemma="." pos="X">.</wf>
      </sentence>
      <sentence id="d000.s2646" source="wordnet-korean">
         <wf lemma="큰" pos="X">큰</wf>
         <instance id="d000.s2646.t000" lemma="소리" pos="NOUN">소리</instance>
         <wf lemma="로" pos="X">로</wf>
         <wf lemma="부른다." pos="X">부른다.</wf>
      </sentence>
      <sentence id="d000.s2647" source="wordnet-korean">
         <wf lemma="오래" pos="X">오래</wf>
         <wf lemma="끌어" pos="X">끌어</wf>
         <wf lemma="온" pos="X">온</wf>
         <instance id="d000.s2647.t000" lemma="숙제" pos="NOUN">숙제</instance>
         <wf lemma="가" pos="X">가</wf>
         <wf lemma="해결되었다." pos="X">해결되었다.</wf>
      </sentence>
      <sentence id="d000.s2648" source="wordnet-korean">
         <wf lemma="그의" pos="X">그의</wf>
         <wf lemma="시답지" pos="X">시답지</wf>
         <wf lemma="않게" pos="X">않게</wf>
         <wf lemma="노는" pos="X">노는</wf>
         <wf lemma="꼴이란" pos="X">꼴이란</wf>
         <wf lemma="참으로" pos="X">참으로</wf>
         <instance id="d000.s2648.t000" lemma="장관" pos="NOUN">장관</instance>
         <wf lemma="이었다." pos="X">이었다.</wf>
      </sentence>
      <sentence id="d000.s2649" source="wordnet-korean">
         <instance id="d000.s2649.t000" lemma="귀염" pos="NOUN">귀염</instance>
         <wf lemma="을" pos="X">을</wf>
         <wf lemma="받다." pos="X">받다.</wf>
      </sentence>
      <sentence id="d000.s2650" source="wordnet-korean">
         <instance id="d000.s2650.t000" lemma="급속도" pos="NOUN">급속도</instance>
         <wf lemma="로" pos="X">로</wf>
         <wf lemma="다가오다." pos="X">다가오다.</wf>
      </sentence>
      <sentence id="d000.s2651" source="wordnet-korean">
         <wf lemma="치성을" pos="X">치성을</wf>
         <wf lemma="드리느라고" pos="X">드리느라고</wf>
         <wf lemma="지어" pos="X">지어</wf>
         <wf lemma="놓은" pos="X">놓은</wf>
         <wf lemma="조그만" pos="X">조그만</wf>
         <instance id="d000.s2651.t000" lemma="사" pos="NOUN">사</instance>
         <wf lemma="가" pos="X">가</wf>
         <wf lemma="있고…." pos="X">있고….</wf>
      </sentence>
      <sentence id="d000.s2652" source="wordnet-korean">
         <instance id="d000.s2652.t000" lemma="시기" pos="NOUN">시기</instance>
         <wf lemma="를" pos="X">를</wf>
         <wf lemma="기다리다." pos="X">기다리다.</wf>
      </sentence>
      <sentence id="d000.s2653" source="wordnet-korean">
         <instance id="d000.s2653.t000" lemma="훈련" pos="NOUN">훈련</instance>
         <wf lemma="에게서의" pos="X">에게서의</wf>
         <wf lemma="땀" pos="X">땀</wf>
         <wf lemma="한" pos="X">한</wf>
         <wf lemma="방울은" pos="X">방울은</wf>
         <wf lemma="전투에서의" pos="X">전투에서의</wf>
         <wf lemma="피" pos="X">피</wf>
         <wf lemma="한" pos="X">한</wf>
         <wf lemma="방울과" pos="X">방울과</wf>
         <wf lemma="같다." pos="X">같다.</wf>
      </sentence>
      <sentence id="d000.s2654" source="wordnet-korean">
         <wf lemma="대표단" pos="X">대표단</wf>
         <instance id="d000.s2654.t000" lemma="구성" pos="NOUN">구성</instance>
         <wf lemma="." pos="X">.</wf>
      </sentence>
      <sentence id="d000.s2655" source="wordnet-korean">
         <instance id="d000.s2655.t000" lemma="액운" pos="NOUN">액운</instance>
         <wf lemma="을" pos="X">을</wf>
         <wf lemma="당하다." pos="X">당하다.</wf>
      </sentence>
      <sentence id="d000.s2656" source="wordnet-korean">
         <instance id="d000.s2656.t000" lemma="분노" pos="NOUN">분노</instance>
         <wf lemma="를" pos="X">를</wf>
         <wf lemma="터뜨리다." pos="X">터뜨리다.</wf>
      </sentence>
      <sentence id="d000.s2657" source="wordnet-korean">
         <wf lemma="백" pos="X">백</wf>
         <instance id="d000.s2657.t000" lemma="자리" pos="NOUN">자리</instance>
         <wf lemma="." pos="X">.</wf>
      </sentence>
      <sentence id="d000.s2658" source="wordnet-korean">
         <wf lemma="그는" pos="X">그는</wf>
         <instance id="d000.s2658.t000" lemma="걸레" pos="NOUN">걸레</instance>
         <wf lemma="를" pos="X">를</wf>
         <wf lemma="들고" pos="X">들고</wf>
         <wf lemma="깃대를" pos="X">깃대를</wf>
         <wf lemma="닦기" pos="X">닦기</wf>
         <wf lemma="시작했다." pos="X">시작했다.</wf>
      </sentence>
      <sentence id="d000.s2659" source="wordnet-korean">
         <instance id="d000.s2659.t000" lemma="안도" pos="NOUN">안도</instance>
         <wf lemma="의" pos="X">의</wf>
         <wf lemma="숨을" pos="X">숨을</wf>
         <wf lemma="쉬다." pos="X">쉬다.</wf>
      </sentence>
      <sentence id="d000.s2660" source="wordnet-korean">
         <wf lemma="기술의" pos="X">기술의</wf>
         <instance id="d000.s2660.t000" lemma="진보" pos="NOUN">진보</instance>
         <wf lemma="." pos="X">.</wf>
      </sentence>
      <sentence id="d000.s2661" source="wordnet-korean">
         <instance id="d000.s2661.t000" lemma="논쟁" pos="NOUN">논쟁</instance>
         <wf lemma="의" pos="X">의</wf>
         <wf lemma="문제점." pos="X">문제점.</wf>
      </sentence>
      <sentence id="d000.s2662" source="wordnet-korean">
         <wf lemma="민족" pos="X">민족</wf>
         <wf lemma="갱생의" pos="X">갱생의</wf>
         <instance id="d000.s2662.t000" lemma="열매" pos="NOUN">열매</instance>
         <wf lemma="." pos="X">.</wf>
      </sentence>
      <sentence id="d000.s2663" source="wordnet-korean">
         <instance id="d000.s2663.t000" lemma="약" pos="NOUN">약</instance>
         <wf lemma="을" pos="X">을</wf>
         <wf lemma="처방하다." pos="X">처방하다.</wf>
      </sentence>
      <sentence id="d000.s2664" source="wordnet-korean">
         <instance id="d000.s2664.t000" lemma="신임" pos="NOUN">신임</instance>
         <wf lemma="이" pos="X">이</wf>
         <wf lemma="두텁다." pos="X">두텁다.</wf>
      </sentence>
      <sentence id="d000.s2665" source="wordnet-korean">
         <wf lemma="무차별" pos="X">무차별</wf>
         <instance id="d000.s2665.t000" lemma="폭격" pos="NOUN">폭격</instance>
         <wf lemma="이" pos="X">이</wf>
         <wf lemma="계속된다." pos="X">계속된다.</wf>
      </sentence>
      <sentence id="d000.s2666" source="wordnet-korean">
         <instance id="d000.s2666.t000" lemma="밥" pos="NOUN">밥</instance>
         <wf lemma="이" pos="X">이</wf>
         <wf lemma="되다." pos="X">되다.</wf>
      </sentence>
      <sentence id="d000.s2667" source="wordnet-korean">
         <instance id="d000.s2667.t000" lemma="재미" pos="NOUN">재미</instance>
         <wf lemma="를" pos="X">를</wf>
         <wf lemma="느끼다." pos="X">느끼다.</wf>
      </sentence>
      <sentence id="d000.s2668" source="wordnet-korean">
         <wf lemma="충무공" pos="X">충무공</wf>
         <wf lemma="이순신" pos="X">이순신</wf>
         <instance id="d000.s2668.t000" lemma="장군" pos="NOUN">장군</instance>
         <wf lemma="." pos="X">.</wf>
      </sentence>
      <sentence id="d000.s2669" source="wordnet-korean">
         <instance id="d000.s2669.t000" lemma="예법" pos="NOUN">예법</instance>
         <wf lemma="을" pos="X">을</wf>
         <wf lemma="지키다." pos="X">지키다.</wf>
      </sentence>
      <sentence id="d000.s2670" source="wordnet-korean">
         <wf lemma="부엌" pos="X">부엌</wf>
         <wf lemma="구조" pos="X">구조</wf>
         <instance id="d000.s2670.t000" lemma="개량" pos="NOUN">개량</instance>
         <wf lemma="." pos="X">.</wf>
      </sentence>
      <sentence id="d000.s2671" source="wordnet-korean">
         <instance id="d000.s2671.t000" lemma="무언" pos="NOUN">무언</instance>
         <wf lemma="의" pos="X">의</wf>
         <wf lemma="항의." pos="X">항의.</wf>
      </sentence>
      <sentence id="d000.s2672" source="wordnet-korean">
         <instance id="d000.s2672.t000" lemma="배짱" pos="NOUN">배짱</instance>
         <wf lemma="이" pos="X">이</wf>
         <wf lemma="없다." pos="X">없다.</wf>
      </sentence>
      <sentence id="d000.s2673" source="wordnet-korean">
         <wf lemma="국가" pos="X">국가</wf>
         <instance id="d000.s2673.t000" lemma="기구" pos="NOUN">기구</instance>
         <wf lemma="." pos="X">.</wf>
      </sentence>
      <sentence id="d000.s2674" source="wordnet-korean">
         <wf lemma="민요" pos="X">민요</wf>
         <instance id="d000.s2674.t000" lemma="가수" pos="NOUN">가수</instance>
         <wf lemma="." pos="X">.</wf>
      </sentence>
      <sentence id="d000.s2675" source="wordnet-korean">
         <instance id="d000.s2675.t000" lemma="병" pos="NOUN">병</instance>
         <wf lemma="을" pos="X">을</wf>
         <wf lemma="고쳤다." pos="X">고쳤다.</wf>
      </sentence>
      <sentence id="d000.s2676" source="wordnet-korean">
         <wf lemma="그" pos="X">그</wf>
         <wf lemma="계획은" pos="X">계획은</wf>
         <instance id="d000.s2676.t000" lemma="현실성" pos="NOUN">현실성</instance>
         <wf lemma="이" pos="X">이</wf>
         <wf lemma="결여되어" pos="X">결여되어</wf>
         <wf lemma="있다." pos="X">있다.</wf>
      </sentence>
      <sentence id="d000.s2677" source="wordnet-korean">
         <wf lemma="찹쌀" pos="X">찹쌀</wf>
         <instance id="d000.s2677.t000" lemma="막걸리" pos="NOUN">막걸리</instance>
         <wf lemma="." pos="X">.</wf>
      </sentence>
      <sentence id="d000.s2678" source="wordnet-korean">
         <instance id="d000.s2678.t000" lemma="불운" pos="NOUN">불운</instance>
         <wf lemma="에" pos="X">에</wf>
         <wf lemma="운다." pos="X">운다.</wf>
      </sentence>
      <sentence id="d000.s2679" source="wordnet-korean">
         <instance id="d000.s2679.t000" lemma="씨" pos="NOUN">씨</instance>
         <wf lemma="좋은" pos="X">좋은</wf>
         <wf lemma="돼지." pos="X">돼지.</wf>
      </sentence>
      <sentence id="d000.s2680" source="wordnet-korean">
         <instance id="d000.s2680.t000" lemma="불공정" pos="NOUN">불공정</instance>
         <wf lemma="심판." pos="X">심판.</wf>
      </sentence>
      <sentence id="d000.s2681" source="wordnet-korean">
         <instance id="d000.s2681.t000" lemma="온기" pos="NOUN">온기</instance>
         <wf lemma="를" pos="X">를</wf>
         <wf lemma="띤" pos="X">띤</wf>
         <wf lemma="우물물." pos="X">우물물.</wf>
      </sentence>
      <sentence id="d000.s2682" source="wordnet-korean">
         <instance id="d000.s2682.t000" lemma="선의" pos="NOUN">선의</instance>
         <wf lemma="로" pos="X">로</wf>
         <wf lemma="한" pos="X">한</wf>
         <wf lemma="말에" pos="X">말에</wf>
         <wf lemma="오해를" pos="X">오해를</wf>
         <wf lemma="하다니." pos="X">하다니.</wf>
      </sentence>
      <sentence id="d000.s2683" source="wordnet-korean">
         <instance id="d000.s2683.t000" lemma="비" pos="NOUN">비</instance>
         <wf lemma="를" pos="X">를</wf>
         <wf lemma="긋다." pos="X">긋다.</wf>
      </sentence>
      <sentence id="d000.s2684" source="wordnet-korean">
         <instance id="d000.s2684.t000" lemma="실의" pos="NOUN">실의</instance>
         <wf lemma="에" pos="X">에</wf>
         <wf lemma="차다." pos="X">차다.</wf>
      </sentence>
      <sentence id="d000.s2685" source="wordnet-korean">
         <instance id="d000.s2685.t000" lemma="손" pos="NOUN">손</instance>
         <wf lemma="이" pos="X">이</wf>
         <wf lemma="왔다." pos="X">왔다.</wf>
      </sentence>
      <sentence id="d000.s2686" source="wordnet-korean">
         <wf lemma="문안" pos="X">문안</wf>
         <instance id="d000.s2686.t000" lemma="편지" pos="NOUN">편지</instance>
         <wf lemma="." pos="X">.</wf>
      </sentence>
      <sentence id="d000.s2687" source="wordnet-korean">
         <wf lemma="흥분된" pos="X">흥분된</wf>
         <instance id="d000.s2687.t000" lemma="어조" pos="NOUN">어조</instance>
         <wf lemma="." pos="X">.</wf>
      </sentence>
      <sentence id="d000.s2688" source="wordnet-korean">
         <instance id="d000.s2688.t000" lemma="설명" pos="NOUN">설명</instance>
         <wf lemma="과" pos="X">과</wf>
         <wf lemma="해설." pos="X">해설.</wf>
      </sentence>
      <sentence id="d000.s2689" source="wordnet-korean">
         <instance id="d000.s2689.t000" lemma="도랑" pos="NOUN">도랑</instance>
         <wf lemma="을" pos="X">을</wf>
         <wf lemma="낸다." pos="X">낸다.</wf>
      </sentence>
      <sentence id="d000.s2690" source="wordnet-korean">
         <instance id="d000.s2690.t000" lemma="요구" pos="NOUN">요구</instance>
         <wf lemma="조건." pos="X">조건.</wf>
      </sentence>
      <sentence id="d000.s2691" source="wordnet-korean">
         <wf lemma="책의" pos="X">책의</wf>
         <instance id="d000.s2691.t000" lemma="내용" pos="NOUN">내용</instance>
         <wf lemma="." pos="X">.</wf>
      </sentence>
      <sentence id="d000.s2692" source="wordnet-korean">
         <instance id="d000.s2692.t000" lemma="구급" pos="NOUN">구급</instance>
         <wf lemma="방안." pos="X">방안.</wf>
      </sentence>
      <sentence id="d000.s2693" source="wordnet-korean">
         <instance id="d000.s2693.t000" lemma="코" pos="NOUN">코</instance>
         <wf lemma="로" pos="X">로</wf>
         <wf lemma="숨쉬다." pos="X">숨쉬다.</wf>
      </sentence>
      <sentence id="d000.s2694" source="wordnet-korean">
         <wf lemma="모친의" pos="X">모친의</wf>
         <instance id="d000.s2694.t000" lemma="병환" pos="NOUN">병환</instance>
         <wf lemma="이" pos="X">이</wf>
         <wf lemma="위중하시다." pos="X">위중하시다.</wf>
      </sentence>
      <sentence id="d000.s2695" source="wordnet-korean">
         <instance id="d000.s2695.t000" lemma="감각" pos="NOUN">감각</instance>
         <wf lemma="이" pos="X">이</wf>
         <wf lemma="예민하다." pos="X">예민하다.</wf>
      </sentence>
      <sentence id="d000.s2696" source="wordnet-korean">
         <instance id="d000.s2696.t000" lemma="국적" pos="NOUN">국적</instance>
         <wf lemma="을" pos="X">을</wf>
         <wf lemma="얻다." pos="X">얻다.</wf>
      </sentence>
      <sentence id="d000.s2697" source="wordnet-korean">
         <instance id="d000.s2697.t000" lemma="턱" pos="NOUN">턱</instance>
         <wf lemma="에" pos="X">에</wf>
         <wf lemma="수염이" pos="X">수염이</wf>
         <wf lemma="났다." pos="X">났다.</wf>
      </sentence>
      <sentence id="d000.s2698" source="wordnet-korean">
         <instance id="d000.s2698.t000" lemma="산불" pos="NOUN">산불</instance>
         <wf lemma="조심." pos="X">조심.</wf>
      </sentence>
      <sentence id="d000.s2699" source="wordnet-korean">
         <wf lemma="사진기" pos="X">사진기</wf>
         <wf lemma="한" pos="X">한</wf>
         <instance id="d000.s2699.t000" lemma="조" pos="NOUN">조</instance>
         <wf lemma="." pos="X">.</wf>
      </sentence>
      <sentence id="d000.s2700" source="wordnet-korean">
         <wf lemma="강대국" pos="X">강대국</wf>
         <wf lemma="끼리의" pos="X">끼리의</wf>
         <instance id="d000.s2700.t000" lemma="충돌" pos="NOUN">충돌</instance>
         <wf lemma="." pos="X">.</wf>
      </sentence>
      <sentence id="d000.s2701" source="wordnet-korean">
         <wf lemma="다음" pos="X">다음</wf>
         <instance id="d000.s2701.t000" lemma="문제" pos="NOUN">문제</instance>
         <wf lemma="에" pos="X">에</wf>
         <wf lemma="답하시오." pos="X">답하시오.</wf>
      </sentence>
      <sentence id="d000.s2702" source="wordnet-korean">
         <wf lemma="기사" pos="X">기사</wf>
         <instance id="d000.s2702.t000" lemma="발췌" pos="NOUN">발췌</instance>
         <wf lemma="." pos="X">.</wf>
      </sentence>
      <sentence id="d000.s2703" source="wordnet-korean">
         <wf lemma="일반" pos="X">일반</wf>
         <instance id="d000.s2703.t000" lemma="업무" pos="NOUN">업무</instance>
         <wf lemma="." pos="X">.</wf>
      </sentence>
      <sentence id="d000.s2704" source="wordnet-korean">
         <instance id="d000.s2704.t000" lemma="세계" pos="NOUN">세계</instance>
         <wf lemma="일주." pos="X">일주.</wf>
      </sentence>
      <sentence id="d000.s2705" source="wordnet-korean">
         <instance id="d000.s2705.t000" lemma="무늬" pos="NOUN">무늬</instance>
         <wf lemma="가" pos="X">가</wf>
         <wf lemma="박히다." pos="X">박히다.</wf>
      </sentence>
      <sentence id="d000.s2706" source="wordnet-korean">
         <instance id="d000.s2706.t000" lemma="물" pos="NOUN">물</instance>
         <wf lemma="이" pos="X">이</wf>
         <wf lemma="간" pos="X">간</wf>
         <wf lemma="꽁치." pos="X">꽁치.</wf>
      </sentence>
      <sentence id="d000.s2707" source="wordnet-korean">
         <instance id="d000.s2707.t000" lemma="한동안" pos="NOUN">한동안</instance>
         <wf lemma="뜸하다." pos="X">뜸하다.</wf>
      </sentence>
      <sentence id="d000.s2708" source="wordnet-korean">
         <instance id="d000.s2708.t000" lemma="이승" pos="NOUN">이승</instance>
         <wf lemma="을" pos="X">을</wf>
         <wf lemma="하직하다." pos="X">하직하다.</wf>
      </sentence>
      <sentence id="d000.s2709" source="wordnet-korean">
         <wf lemma="기억을" pos="X">기억을</wf>
         <instance id="d000.s2709.t000" lemma="지우다" pos="VERB">지우다</instance>
         <wf lemma="." pos="X">.</wf>
      </sentence>
      <sentence id="d000.s2710" source="wordnet-korean">
         <instance id="d000.s2710.t000" lemma="편" pos="NOUN">편</instance>
         <wf lemma="을" pos="X">을</wf>
         <wf lemma="나누다." pos="X">나누다.</wf>
      </sentence>
      <sentence id="d000.s2711" source="wordnet-korean">
         <wf lemma="인원" pos="X">인원</wf>
         <instance id="d000.s2711.t000" lemma="감축" pos="NOUN">감축</instance>
         <wf lemma="." pos="X">.</wf>
      </sentence>
      <sentence id="d000.s2712" source="wordnet-korean">
         <wf lemma="능력" pos="X">능력</wf>
         <instance id="d000.s2712.t000" lemma="부족" pos="NOUN">부족</instance>
         <wf lemma="." pos="X">.</wf>
      </sentence>
      <sentence id="d000.s2713" source="wordnet-korean">
         <instance id="d000.s2713.t000" lemma="별" pos="NOUN">별</instance>
         <wf lemma="이" pos="X">이</wf>
         <wf lemma="진다." pos="X">진다.</wf>
      </sentence>
      <sentence id="d000.s2714" source="wordnet-korean">
         <wf lemma="비누" pos="X">비누</wf>
         <instance id="d000.s2714.t000" lemma="거품" pos="NOUN">거품</instance>
         <wf lemma="." pos="X">.</wf>
      </sentence>
      <sentence id="d000.s2715" source="wordnet-korean">
         <instance id="d000.s2715.t000" lemma="도둑" pos="NOUN">도둑</instance>
         <wf lemma="을" pos="X">을</wf>
         <wf lemma="잡다." pos="X">잡다.</wf>
      </sentence>
      <sentence id="d000.s2716" source="wordnet-korean">
         <instance id="d000.s2716.t000" lemma="불확실성" pos="NOUN">불확실성</instance>
         <wf lemma="의" pos="X">의</wf>
         <wf lemma="시대." pos="X">시대.</wf>
      </sentence>
      <sentence id="d000.s2717" source="wordnet-korean">
         <instance id="d000.s2717.t000" lemma="자연" pos="NOUN">자연</instance>
         <wf lemma="정복." pos="X">정복.</wf>
      </sentence>
      <sentence id="d000.s2718" source="wordnet-korean">
         <instance id="d000.s2718.t000" lemma="선" pos="NOUN">선</instance>
         <wf lemma="에" pos="X">에</wf>
         <wf lemma="들다." pos="X">들다.</wf>
      </sentence>
      <sentence id="d000.s2719" source="wordnet-korean">
         <instance id="d000.s2719.t000" lemma="공작" pos="NOUN">공작</instance>
         <wf lemma="설계." pos="X">설계.</wf>
      </sentence>
      <sentence id="d000.s2720" source="wordnet-korean">
         <wf lemma="안방" pos="X">안방</wf>
         <instance id="d000.s2720.t000" lemma="마님" pos="NOUN">마님</instance>
         <wf lemma="." pos="X">.</wf>
      </sentence>
      <sentence id="d000.s2721" source="wordnet-korean">
         <wf lemma="신앙" pos="X">신앙</wf>
         <instance id="d000.s2721.t000" lemma="관념" pos="NOUN">관념</instance>
         <wf lemma="." pos="X">.</wf>
      </sentence>
      <sentence id="d000.s2722" source="wordnet-korean">
         <wf lemma="밥" pos="X">밥</wf>
         <wf lemma="먹을" pos="X">먹을</wf>
         <instance id="d000.s2722.t000" lemma="때" pos="NOUN">때</instance>
         <wf lemma="." pos="X">.</wf>
      </sentence>
      <sentence id="d000.s2723" source="wordnet-korean">
         <wf lemma="전라도" pos="X">전라도</wf>
         <instance id="d000.s2723.t000" lemma="방면" pos="NOUN">방면</instance>
         <wf lemma="." pos="X">.</wf>
      </sentence>
      <sentence id="d000.s2724" source="wordnet-korean">
         <instance id="d000.s2724.t000" lemma="목례" pos="NOUN">목례</instance>
         <wf lemma="로" pos="X">로</wf>
         <wf lemma="아는" pos="X">아는</wf>
         <wf lemma="체하다." pos="X">체하다.</wf>
      </sentence>
      <sentence id="d000.s2725" source="wordnet-korean">
         <wf lemma="펄펄" pos="X">펄펄</wf>
         <wf lemma="나는" pos="X">나는</wf>
         <wf lemma="저" pos="X">저</wf>
         <instance id="d000.s2725.t000" lemma="꾀꼬리" pos="NOUN">꾀꼬리</instance>
         <wf lemma="암수" pos="X">암수</wf>
         <wf lemma="서로" pos="X">서로</wf>
         <wf lemma="정답구나." pos="X">정답구나.</wf>
      </sentence>
      <sentence id="d000.s2726" source="wordnet-korean">
         <instance id="d000.s2726.t000" lemma="뒤" pos="NOUN">뒤</instance>
         <wf lemma="에서" pos="X">에서</wf>
         <wf lemma="욕하는" pos="X">욕하는</wf>
         <wf lemma="못난" pos="X">못난</wf>
         <wf lemma="사람." pos="X">사람.</wf>
      </sentence>
      <sentence id="d000.s2727" source="wordnet-korean">
         <wf lemma="서류" pos="X">서류</wf>
         <instance id="d000.s2727.t000" lemma="마감" pos="NOUN">마감</instance>
         <wf lemma="이" pos="X">이</wf>
         <wf lemma="내일이다." pos="X">내일이다.</wf>
      </sentence>
      <sentence id="d000.s2728" source="wordnet-korean">
         <wf lemma="책장을" pos="X">책장을</wf>
         <wf lemma="벽에" pos="X">벽에</wf>
         <instance id="d000.s2728.t000" lemma="붙박이" pos="NOUN">붙박이</instance>
         <wf lemma="로" pos="X">로</wf>
         <wf lemma="짜" pos="X">짜</wf>
         <wf lemma="놓기로" pos="X">놓기로</wf>
         <wf lemma="한다." pos="X">한다.</wf>
      </sentence>
      <sentence id="d000.s2729" source="wordnet-korean">
         <wf lemma="가까이" pos="X">가까이</wf>
         <wf lemma="지내는" pos="X">지내는</wf>
         <instance id="d000.s2729.t000" lemma="사이" pos="NOUN">사이</instance>
         <wf lemma="." pos="X">.</wf>
      </sentence>
      <sentence id="d000.s2730" source="wordnet-korean">
         <instance id="d000.s2730.t000" lemma="다리" pos="NOUN">다리</instance>
         <wf lemma="가" pos="X">가</wf>
         <wf lemma="몹시" pos="X">몹시</wf>
         <wf lemma="아프다." pos="X">아프다.</wf>
      </sentence>
      <sentence id="d000.s2731" source="wordnet-korean">
         <instance id="d000.s2731.t000" lemma="색" pos="NOUN">색</instance>
         <wf lemma="이" pos="X">이</wf>
         <wf lemma="짙다." pos="X">짙다.</wf>
      </sentence>
      <sentence id="d000.s2732" source="wordnet-korean">
         <instance id="d000.s2732.t000" lemma="지고" pos="NOUN">지고</instance>
         <wf lemma="의" pos="X">의</wf>
         <wf lemma="가치." pos="X">가치.</wf>
      </sentence>
      <sentence id="d000.s2733" source="wordnet-korean">
         <instance id="d000.s2733.t000" lemma="시" pos="NOUN">시</instance>
         <wf lemma="를" pos="X">를</wf>
         <wf lemma="짓다." pos="X">짓다.</wf>
      </sentence>
      <sentence id="d000.s2734" source="wordnet-korean">
         <instance id="d000.s2734.t000" lemma="얼음" pos="NOUN">얼음</instance>
         <wf lemma="이" pos="X">이</wf>
         <wf lemma="얼다." pos="X">얼다.</wf>
      </sentence>
      <sentence id="d000.s2735" source="wordnet-korean">
         <wf lemma="기후의" pos="X">기후의</wf>
         <instance id="d000.s2735.t000" lemma="변동" pos="NOUN">변동</instance>
         <wf lemma="." pos="X">.</wf>
      </sentence>
      <sentence id="d000.s2736" source="wordnet-korean">
         <wf lemma="같은" pos="X">같은</wf>
         <wf lemma="씨앗을" pos="X">씨앗을</wf>
         <wf lemma="뿌렸어도" pos="X">뿌렸어도</wf>
         <wf lemma="밭에" pos="X">밭에</wf>
         <wf lemma="따라" pos="X">따라</wf>
         <wf lemma="그" pos="X">그</wf>
         <wf lemma="수확은" pos="X">수확은</wf>
         <instance id="d000.s2736.t000" lemma="천차만별" pos="NOUN">천차만별</instance>
         <wf lemma="이다." pos="X">이다.</wf>
      </sentence>
      <sentence id="d000.s2737" source="wordnet-korean">
         <wf lemma="한" pos="X">한</wf>
         <instance id="d000.s2737.t000" lemma="각" pos="NOUN">각</instance>
         <wf lemma="." pos="X">.</wf>
      </sentence>
      <sentence id="d000.s2738" source="wordnet-korean">
         <wf lemma="신경" pos="X">신경</wf>
         <instance id="d000.s2738.t000" lemma="계통" pos="NOUN">계통</instance>
         <wf lemma="." pos="X">.</wf>
      </sentence>
      <sentence id="d000.s2739" source="wordnet-korean">
         <wf lemma="수공업과" pos="X">수공업과</wf>
         <wf lemma="기계공업의" pos="X">기계공업의</wf>
         <instance id="d000.s2739.t000" lemma="병존" pos="NOUN">병존</instance>
         <wf lemma="." pos="X">.</wf>
      </sentence>
      <sentence id="d000.s2740" source="wordnet-korean">
         <instance id="d000.s2740.t000" lemma="근본" pos="NOUN">근본</instance>
         <wf lemma="문제." pos="X">문제.</wf>
      </sentence>
      <sentence id="d000.s2741" source="wordnet-korean">
         <wf lemma="밥을" pos="X">밥을</wf>
         <wf lemma="어떻게" pos="X">어떻게</wf>
         <wf lemma="지었길래" pos="X">지었길래</wf>
         <instance id="d000.s2741.t000" lemma="곤죽" pos="NOUN">곤죽</instance>
         <wf lemma="이" pos="X">이</wf>
         <wf lemma="되었니?." pos="X">되었니?.</wf>
      </sentence>
      <sentence id="d000.s2742" source="wordnet-korean">
         <instance id="d000.s2742.t000" lemma="자식" pos="NOUN">자식</instance>
         <wf lemma="도" pos="X">도</wf>
         <wf lemma="참" pos="X">참</wf>
         <wf lemma="착하기도" pos="X">착하기도</wf>
         <wf lemma="하지!." pos="X">하지!.</wf>
      </sentence>
      <sentence id="d000.s2743" source="wordnet-korean">
         <instance id="d000.s2743.t000" lemma="마감" pos="NOUN">마감</instance>
         <wf lemma="을" pos="X">을</wf>
         <wf lemma="하루" pos="X">하루</wf>
         <wf lemma="앞두고" pos="X">앞두고</wf>
         <wf lemma="있다." pos="X">있다.</wf>
      </sentence>
      <sentence id="d000.s2744" source="wordnet-korean">
         <instance id="d000.s2744.t000" lemma="질" pos="NOUN">질</instance>
         <wf lemma="이" pos="X">이</wf>
         <wf lemma="나쁜" pos="X">나쁜</wf>
         <wf lemma="종이." pos="X">종이.</wf>
      </sentence>
      <sentence id="d000.s2745" source="wordnet-korean">
         <instance id="d000.s2745.t000" lemma="생" pos="NOUN">생</instance>
         <wf lemma="이라도" pos="X">이라도</wf>
         <wf lemma="먹겠다." pos="X">먹겠다.</wf>
      </sentence>
      <sentence id="d000.s2746" source="wordnet-korean">
         <instance id="d000.s2746.t000" lemma="보행" pos="NOUN">보행</instance>
         <wf lemma="을" pos="X">을</wf>
         <wf lemma="가다." pos="X">가다.</wf>
      </sentence>
      <sentence id="d000.s2747" source="wordnet-korean">
         <wf lemma="결혼" pos="X">결혼</wf>
         <instance id="d000.s2747.t000" lemma="조건" pos="NOUN">조건</instance>
         <wf lemma="." pos="X">.</wf>
      </sentence>
      <sentence id="d000.s2748" source="wordnet-korean">
         <instance id="d000.s2748.t000" lemma="병" pos="NOUN">병</instance>
         <wf lemma="을" pos="X">을</wf>
         <wf lemma="이겨" pos="X">이겨</wf>
         <wf lemma="낸다." pos="X">낸다.</wf>
      </sentence>
      <sentence id="d000.s2749" source="wordnet-korean">
         <instance id="d000.s2749.t000" lemma="말미" pos="NOUN">말미</instance>
         <wf lemma="의" pos="X">의</wf>
         <wf lemma="구절." pos="X">구절.</wf>
      </sentence>
      <sentence id="d000.s2750" source="wordnet-korean">
         <wf lemma="혹" pos="X">혹</wf>
         <instance id="d000.s2750.t000" lemma="걱정" pos="NOUN">걱정</instance>
         <wf lemma="되는" pos="X">되는</wf>
         <wf lemma="일이라도" pos="X">일이라도</wf>
         <wf lemma="있나?." pos="X">있나?.</wf>
      </sentence>
      <sentence id="d000.s2751" source="wordnet-korean">
         <wf lemma="보수적" pos="X">보수적</wf>
         <instance id="d000.s2751.t000" lemma="사고" pos="NOUN">사고</instance>
         <wf lemma="." pos="X">.</wf>
      </sentence>
      <sentence id="d000.s2752" source="wordnet-korean">
         <wf lemma="병의" pos="X">병의</wf>
         <instance id="d000.s2752.t000" lemma="목" pos="NOUN">목</instance>
         <wf lemma="." pos="X">.</wf>
      </sentence>
      <sentence id="d000.s2753" source="wordnet-korean">
         <wf lemma="고양이의" pos="X">고양이의</wf>
         <instance id="d000.s2753.t000" lemma="상" pos="NOUN">상</instance>
         <wf lemma="." pos="X">.</wf>
      </sentence>
      <sentence id="d000.s2754" source="wordnet-korean">
         <instance id="d000.s2754.t000" lemma="가사" pos="NOUN">가사</instance>
         <wf lemma="선생." pos="X">선생.</wf>
      </sentence>
      <sentence id="d000.s2755" source="wordnet-korean">
         <instance id="d000.s2755.t000" lemma="인간" pos="NOUN">인간</instance>
         <wf lemma="의" pos="X">의</wf>
         <wf lemma="존엄성." pos="X">존엄성.</wf>
      </sentence>
      <sentence id="d000.s2756" source="wordnet-korean">
         <instance id="d000.s2756.t000" lemma="심기" pos="NOUN">심기</instance>
         <wf lemma="를" pos="X">를</wf>
         <wf lemma="일신하다." pos="X">일신하다.</wf>
      </sentence>
      <sentence id="d000.s2757" source="wordnet-korean">
         <wf lemma="한라산" pos="X">한라산</wf>
         <instance id="d000.s2757.t000" lemma="정상" pos="NOUN">정상</instance>
         <wf lemma="에" pos="X">에</wf>
         <wf lemma="오르다." pos="X">오르다.</wf>
      </sentence>
      <sentence id="d000.s2758" source="wordnet-korean">
         <wf lemma="통행을" pos="X">통행을</wf>
         <instance id="d000.s2758.t000" lemma="금하다" pos="VERB">금하다</instance>
         <wf lemma="." pos="X">.</wf>
      </sentence>
      <sentence id="d000.s2759" source="wordnet-korean">
         <wf lemma="배를" pos="X">배를</wf>
         <instance id="d000.s2759.t000" lemma="만들다" pos="VERB">만들다</instance>
         <wf lemma="." pos="X">.</wf>
      </sentence>
      <sentence id="d000.s2760" source="wordnet-korean">
         <instance id="d000.s2760.t000" lemma="문초" pos="NOUN">문초</instance>
         <wf lemma="를" pos="X">를</wf>
         <wf lemma="받다." pos="X">받다.</wf>
      </sentence>
      <sentence id="d000.s2761" source="wordnet-korean">
         <instance id="d000.s2761.t000" lemma="턱" pos="NOUN">턱</instance>
         <wf lemma="을" pos="X">을</wf>
         <wf lemma="괴다." pos="X">괴다.</wf>
      </sentence>
      <sentence id="d000.s2762" source="wordnet-korean">
         <wf lemma="우리" pos="X">우리</wf>
         <instance id="d000.s2762.t000" lemma="편" pos="NOUN">편</instance>
         <wf lemma="이겨라!." pos="X">이겨라!.</wf>
      </sentence>
      <sentence id="d000.s2763" source="wordnet-korean">
         <wf lemma="의가" pos="X">의가</wf>
         <wf lemma="좋은" pos="X">좋은</wf>
         <instance id="d000.s2763.t000" lemma="사이" pos="NOUN">사이</instance>
         <wf lemma="." pos="X">.</wf>
      </sentence>
      <sentence id="d000.s2764" source="wordnet-korean">
         <wf lemma="절망을" pos="X">절망을</wf>
         <wf lemma="디디고" pos="X">디디고</wf>
         <wf lemma="넘어서려는" pos="X">넘어서려는</wf>
         <instance id="d000.s2764.t000" lemma="의지" pos="NOUN">의지</instance>
         <wf lemma="." pos="X">.</wf>
      </sentence>
      <sentence id="d000.s2765" source="wordnet-korean">
         <wf lemma="회원" pos="X">회원</wf>
         <instance id="d000.s2765.t000" lemma="배가" pos="NOUN">배가</instance>
         <wf lemma="운동." pos="X">운동.</wf>
      </sentence>
      <sentence id="d000.s2766" source="wordnet-korean">
         <instance id="d000.s2766.t000" lemma="침" pos="NOUN">침</instance>
         <wf lemma="이" pos="X">이</wf>
         <wf lemma="괸다." pos="X">괸다.</wf>
      </sentence>
      <sentence id="d000.s2767" source="wordnet-korean">
         <wf lemma="사자는" pos="X">사자는</wf>
         <wf lemma="동물의" pos="X">동물의</wf>
         <instance id="d000.s2767.t000" lemma="왕" pos="NOUN">왕</instance>
         <wf lemma="이다." pos="X">이다.</wf>
      </sentence>
      <sentence id="d000.s2768" source="wordnet-korean">
         <wf lemma="그는" pos="X">그는</wf>
         <wf lemma="과연" pos="X">과연</wf>
         <instance id="d000.s2768.t000" lemma="당세" pos="NOUN">당세</instance>
         <wf lemma="의" pos="X">의</wf>
         <wf lemma="대가이다." pos="X">대가이다.</wf>
      </sentence>
      <sentence id="d000.s2769" source="wordnet-korean">
         <wf lemma="만날" pos="X">만날</wf>
         <wf lemma="그" pos="X">그</wf>
         <instance id="d000.s2769.t000" lemma="턱" pos="NOUN">턱</instance>
         <wf lemma="이지," pos="X">이지,</wf>
         <wf lemma="뭐" pos="X">뭐</wf>
         <wf lemma="다를" pos="X">다를</wf>
         <wf lemma="게" pos="X">게</wf>
         <wf lemma="있나." pos="X">있나.</wf>
      </sentence>
      <sentence id="d000.s2770" source="wordnet-korean">
         <wf lemma="세계에는" pos="X">세계에는</wf>
         <wf lemma="고유한" pos="X">고유한</wf>
         <wf lemma="글자가" pos="X">글자가</wf>
         <wf lemma="없는" pos="X">없는</wf>
         <instance id="d000.s2770.t000" lemma="언어" pos="NOUN">언어</instance>
         <wf lemma="가" pos="X">가</wf>
         <wf lemma="많이" pos="X">많이</wf>
         <wf lemma="있다." pos="X">있다.</wf>
      </sentence>
      <sentence id="d000.s2771" source="wordnet-korean">
         <instance id="d000.s2771.t000" lemma="설움" pos="NOUN">설움</instance>
         <wf lemma="이" pos="X">이</wf>
         <wf lemma="가슴에" pos="X">가슴에</wf>
         <wf lemma="차다." pos="X">차다.</wf>
      </sentence>
      <sentence id="d000.s2772" source="wordnet-korean">
         <instance id="d000.s2772.t000" lemma="슬픔" pos="NOUN">슬픔</instance>
         <wf lemma="속에" pos="X">속에</wf>
         <wf lemma="지내다." pos="X">지내다.</wf>
      </sentence>
      <sentence id="d000.s2773" source="wordnet-korean">
         <wf lemma="성과를" pos="X">성과를</wf>
         <instance id="d000.s2773.t000" lemma="올리다" pos="VERB">올리다</instance>
         <wf lemma="." pos="X">.</wf>
      </sentence>
      <sentence id="d000.s2774" source="wordnet-korean">
         <wf lemma="자리" pos="X">자리</wf>
         <instance id="d000.s2774.t000" lemma="배정" pos="NOUN">배정</instance>
         <wf lemma="." pos="X">.</wf>
      </sentence>
      <sentence id="d000.s2775" source="wordnet-korean">
         <wf lemma="바깥" pos="X">바깥</wf>
         <instance id="d000.s2775.t000" lemma="공기" pos="NOUN">공기</instance>
         <wf lemma="를" pos="X">를</wf>
         <wf lemma="쐬다." pos="X">쐬다.</wf>
      </sentence>
      <sentence id="d000.s2776" source="wordnet-korean">
         <wf lemma="이불" pos="X">이불</wf>
         <instance id="d000.s2776.t000" lemma="거죽" pos="NOUN">거죽</instance>
         <wf lemma="." pos="X">.</wf>
      </sentence>
      <sentence id="d000.s2777" source="wordnet-korean">
         <instance id="d000.s2777.t000" lemma="유산균" pos="NOUN">유산균</instance>
         <wf lemma="음료." pos="X">음료.</wf>
      </sentence>
      <sentence id="d000.s2778" source="wordnet-korean">
         <instance id="d000.s2778.t000" lemma="여류" pos="NOUN">여류</instance>
         <wf lemma="화가." pos="X">화가.</wf>
      </sentence>
      <sentence id="d000.s2779" source="wordnet-korean">
         <instance id="d000.s2779.t000" lemma="농" pos="NOUN">농</instance>
         <wf lemma="화학." pos="X">화학.</wf>
      </sentence>
      <sentence id="d000.s2780" source="wordnet-korean">
         <wf lemma="두어" pos="X">두어</wf>
         <instance id="d000.s2780.t000" lemma="참" pos="NOUN">참</instance>
         <wf lemma="을" pos="X">을</wf>
         <wf lemma="쉬었다." pos="X">쉬었다.</wf>
      </sentence>
      <sentence id="d000.s2781" source="wordnet-korean">
         <instance id="d000.s2781.t000" lemma="기지" pos="NOUN">기지</instance>
         <wf lemma="의" pos="X">의</wf>
         <wf lemma="사실." pos="X">사실.</wf>
      </sentence>
      <sentence id="d000.s2782" source="wordnet-korean">
         <wf lemma="탐사대" pos="X">탐사대</wf>
         <instance id="d000.s2782.t000" lemma="대원" pos="NOUN">대원</instance>
         <wf lemma="." pos="X">.</wf>
      </sentence>
      <sentence id="d000.s2783" source="wordnet-korean">
         <wf lemma="이" pos="X">이</wf>
         <wf lemma="옷감은" pos="X">옷감은</wf>
         <instance id="d000.s2783.t000" lemma="감촉" pos="NOUN">감촉</instance>
         <wf lemma="이" pos="X">이</wf>
         <wf lemma="매우" pos="X">매우</wf>
         <wf lemma="부드럽군요." pos="X">부드럽군요.</wf>
      </sentence>
      <sentence id="d000.s2784" source="wordnet-korean">
         <instance id="d000.s2784.t000" lemma="보유" pos="NOUN">보유</instance>
         <wf lemma="수량." pos="X">수량.</wf>
      </sentence>
      <sentence id="d000.s2785" source="wordnet-korean">
         <instance id="d000.s2785.t000" lemma="벌" pos="NOUN">벌</instance>
         <wf lemma="을" pos="X">을</wf>
         <wf lemma="내리다." pos="X">내리다.</wf>
      </sentence>
      <sentence id="d000.s2786" source="wordnet-korean">
         <instance id="d000.s2786.t000" lemma="괴로움" pos="NOUN">괴로움</instance>
         <wf lemma="에" pos="X">에</wf>
         <wf lemma="시달리다." pos="X">시달리다.</wf>
      </sentence>
      <sentence id="d000.s2787" source="wordnet-korean">
         <wf lemma="책의" pos="X">책의</wf>
         <instance id="d000.s2787.t000" lemma="분량" pos="NOUN">분량</instance>
         <wf lemma="이" pos="X">이</wf>
         <wf lemma="작다." pos="X">작다.</wf>
      </sentence>
      <sentence id="d000.s2788" source="wordnet-korean">
         <wf lemma="운반" pos="X">운반</wf>
         <instance id="d000.s2788.t000" lemma="설비" pos="NOUN">설비</instance>
         <wf lemma="." pos="X">.</wf>
      </sentence>
      <sentence id="d000.s2789" source="wordnet-korean">
         <wf lemma="잘못" pos="X">잘못</wf>
         <instance id="d000.s2789.t000" lemma="인식" pos="NOUN">인식</instance>
         <wf lemma="되다." pos="X">되다.</wf>
      </sentence>
      <sentence id="d000.s2790" source="wordnet-korean">
         <instance id="d000.s2790.t000" lemma="교시" pos="NOUN">교시</instance>
         <wf lemma="를" pos="X">를</wf>
         <wf lemma="받다." pos="X">받다.</wf>
      </sentence>
      <sentence id="d000.s2791" source="wordnet-korean">
         <instance id="d000.s2791.t000" lemma="발" pos="NOUN">발</instance>
         <wf lemma="이" pos="X">이</wf>
         <wf lemma="빠르다." pos="X">빠르다.</wf>
      </sentence>
      <sentence id="d000.s2792" source="wordnet-korean">
         <wf lemma="공식적인" pos="X">공식적인</wf>
         <instance id="d000.s2792.t000" lemma="답변" pos="NOUN">답변</instance>
         <wf lemma="을" pos="X">을</wf>
         <wf lemma="요구하다." pos="X">요구하다.</wf>
      </sentence>
      <sentence id="d000.s2793" source="wordnet-korean">
         <instance id="d000.s2793.t000" lemma="피로" pos="NOUN">피로</instance>
         <wf lemma="가" pos="X">가</wf>
         <wf lemma="쌓이다." pos="X">쌓이다.</wf>
      </sentence>
      <sentence id="d000.s2794" source="wordnet-korean">
         <instance id="d000.s2794.t000" lemma="폭" pos="NOUN">폭</instance>
         <wf lemma="넓은" pos="X">넓은</wf>
         <wf lemma="체험." pos="X">체험.</wf>
      </sentence>
      <sentence id="d000.s2795" source="wordnet-korean">
         <instance id="d000.s2795.t000" lemma="술" pos="NOUN">술</instance>
         <wf lemma="을" pos="X">을</wf>
         <wf lemma="빚다." pos="X">빚다.</wf>
      </sentence>
      <sentence id="d000.s2796" source="wordnet-korean">
         <instance id="d000.s2796.t000" lemma="실행" pos="NOUN">실행</instance>
         <wf lemma="에" pos="X">에</wf>
         <wf lemma="옮기다." pos="X">옮기다.</wf>
      </sentence>
      <sentence id="d000.s2797" source="wordnet-korean">
         <wf lemma="아직도" pos="X">아직도</wf>
         <instance id="d000.s2797.t000" lemma="보람" pos="NOUN">보람</instance>
         <wf lemma="이" pos="X">이</wf>
         <wf lemma="뚜렷하다." pos="X">뚜렷하다.</wf>
      </sentence>
      <sentence id="d000.s2798" source="wordnet-korean">
         <instance id="d000.s2798.t000" lemma="통제" pos="NOUN">통제</instance>
         <wf lemma="를" pos="X">를</wf>
         <wf lemma="푼다." pos="X">푼다.</wf>
      </sentence>
      <sentence id="d000.s2799" source="wordnet-korean">
         <wf lemma="미술" pos="X">미술</wf>
         <instance id="d000.s2799.t000" lemma="박물관" pos="NOUN">박물관</instance>
         <wf lemma="." pos="X">.</wf>
      </sentence>
      <sentence id="d000.s2800" source="wordnet-korean">
         <wf lemma="한" pos="X">한</wf>
         <wf lemma="치" pos="X">치</wf>
         <wf lemma="일곱" pos="X">일곱</wf>
         <instance id="d000.s2800.t000" lemma="푼" pos="NOUN">푼</instance>
         <wf lemma="되는" pos="X">되는</wf>
         <wf lemma="띠." pos="X">띠.</wf>
      </sentence>
      <sentence id="d000.s2801" source="wordnet-korean">
         <wf lemma="그가" pos="X">그가</wf>
         <wf lemma="인조" pos="X">인조</wf>
         <wf lemma="때" pos="X">때</wf>
         <wf lemma="전후" pos="X">전후</wf>
         <wf lemma="두" pos="X">두</wf>
         <wf lemma="번이나" pos="X">번이나</wf>
         <wf lemma="통신사를" pos="X">통신사를</wf>
         <wf lemma="따라" pos="X">따라</wf>
         <wf lemma="일본에" pos="X">일본에</wf>
         <wf lemma="건너가" pos="X">건너가</wf>
         <wf lemma="그" pos="X">그</wf>
         <wf lemma="묵적이" pos="X">묵적이</wf>
         <wf lemma="많이" pos="X">많이</wf>
         <instance id="d000.s2801.t000" lemma="부역" pos="NOUN">부역</instance>
         <wf lemma="에" pos="X">에</wf>
         <wf lemma="떨어졌는" pos="X">떨어졌는</wf>
         <wf lemma="바…." pos="X">바….</wf>
      </sentence>
      <sentence id="d000.s2802" source="wordnet-korean">
         <wf lemma="상아" pos="X">상아</wf>
         <instance id="d000.s2802.t000" lemma="도장" pos="NOUN">도장</instance>
         <wf lemma="." pos="X">.</wf>
      </sentence>
      <sentence id="d000.s2803" source="wordnet-korean">
         <wf lemma="후보자" pos="X">후보자</wf>
         <instance id="d000.s2803.t000" lemma="등록" pos="NOUN">등록</instance>
         <wf lemma="." pos="X">.</wf>
      </sentence>
      <sentence id="d000.s2804" source="wordnet-korean">
         <wf lemma="그의" pos="X">그의</wf>
         <instance id="d000.s2804.t000" lemma="손" pos="NOUN">손</instance>
         <wf lemma="에" pos="X">에</wf>
         <wf lemma="달린" pos="X">달린</wf>
         <wf lemma="일." pos="X">일.</wf>
      </sentence>
      <sentence id="d000.s2805" source="wordnet-korean">
         <wf lemma="시의" pos="X">시의</wf>
         <instance id="d000.s2805.t000" lemma="세계" pos="NOUN">세계</instance>
         <wf lemma="." pos="X">.</wf>
      </sentence>
      <sentence id="d000.s2806" source="wordnet-korean">
         <instance id="d000.s2806.t000" lemma="화" pos="NOUN">화</instance>
         <wf lemma="를" pos="X">를</wf>
         <wf lemma="내다." pos="X">내다.</wf>
      </sentence>
      <sentence id="d000.s2807" source="wordnet-korean">
         <wf lemma="고약한" pos="X">고약한</wf>
         <instance id="d000.s2807.t000" lemma="놈" pos="NOUN">놈</instance>
         <wf lemma="." pos="X">.</wf>
      </sentence>
      <sentence id="d000.s2808" source="wordnet-korean">
         <wf lemma="등을" pos="X">등을</wf>
         <instance id="d000.s2808.t000" lemma="구부리다" pos="VERB">구부리다</instance>
         <wf lemma="." pos="X">.</wf>
      </sentence>
      <sentence id="d000.s2809" source="wordnet-korean">
         <wf lemma="박꽃의" pos="X">박꽃의</wf>
         <instance id="d000.s2809.t000" lemma="자태" pos="NOUN">자태</instance>
         <wf lemma="는" pos="X">는</wf>
         <wf lemma="농촌의" pos="X">농촌의</wf>
         <wf lemma="소박한" pos="X">소박한</wf>
         <wf lemma="인심과" pos="X">인심과</wf>
         <wf lemma="정서를" pos="X">정서를</wf>
         <wf lemma="대표할만하다." pos="X">대표할만하다.</wf>
      </sentence>
      <sentence id="d000.s2810" source="wordnet-korean">
         <wf lemma="무" pos="X">무</wf>
         <instance id="d000.s2810.t000" lemma="가랑이" pos="NOUN">가랑이</instance>
         <wf lemma="." pos="X">.</wf>
      </sentence>
      <sentence id="d000.s2811" source="wordnet-korean">
         <wf lemma="신뢰의" pos="X">신뢰의</wf>
         <instance id="d000.s2811.t000" lemma="정" pos="NOUN">정</instance>
         <wf lemma="." pos="X">.</wf>
      </sentence>
      <sentence id="d000.s2812" source="wordnet-korean">
         <wf lemma="이젠" pos="X">이젠</wf>
         <wf lemma="어찌" pos="X">어찌</wf>
         <wf lemma="할" pos="X">할</wf>
         <instance id="d000.s2812.t000" lemma="도리" pos="NOUN">도리</instance>
         <wf lemma="가" pos="X">가</wf>
         <wf lemma="없다." pos="X">없다.</wf>
      </sentence>
      <sentence id="d000.s2813" source="wordnet-korean">
         <instance id="d000.s2813.t000" lemma="시골" pos="NOUN">시골</instance>
         <wf lemma="에서" pos="X">에서</wf>
         <wf lemma="지내다." pos="X">지내다.</wf>
      </sentence>
      <sentence id="d000.s2814" source="wordnet-korean">
         <instance id="d000.s2814.t000" lemma="착지" pos="NOUN">착지</instance>
         <wf lemma="자세." pos="X">자세.</wf>
      </sentence>
      <sentence id="d000.s2815" source="wordnet-korean">
         <wf lemma="교통의" pos="X">교통의</wf>
         <instance id="d000.s2815.t000" lemma="발달" pos="NOUN">발달</instance>
         <wf lemma="." pos="X">.</wf>
      </sentence>
      <sentence id="d000.s2816" source="wordnet-korean">
         <instance id="d000.s2816.t000" lemma="차례" pos="NOUN">차례</instance>
         <wf lemma="를" pos="X">를</wf>
         <wf lemma="매긴다." pos="X">매긴다.</wf>
      </sentence>
      <sentence id="d000.s2817" source="wordnet-korean">
         <wf lemma="고부간의" pos="X">고부간의</wf>
         <instance id="d000.s2817.t000" lemma="갈등" pos="NOUN">갈등</instance>
         <wf lemma="." pos="X">.</wf>
      </sentence>
      <sentence id="d000.s2818" source="wordnet-korean">
         <instance id="d000.s2818.t000" lemma="비탄" pos="NOUN">비탄</instance>
         <wf lemma="에" pos="X">에</wf>
         <wf lemma="젖어" pos="X">젖어</wf>
         <wf lemma="있다." pos="X">있다.</wf>
      </sentence>
      <sentence id="d000.s2819" source="wordnet-korean">
         <wf lemma="병은" pos="X">병은</wf>
         <instance id="d000.s2819.t000" lemma="조기" pos="NOUN">조기</instance>
         <wf lemma="에" pos="X">에</wf>
         <wf lemma="발견하여" pos="X">발견하여</wf>
         <wf lemma="빨리" pos="X">빨리</wf>
         <wf lemma="치료를" pos="X">치료를</wf>
         <wf lemma="해야" pos="X">해야</wf>
         <wf lemma="한다." pos="X">한다.</wf>
      </sentence>
      <sentence id="d000.s2820" source="wordnet-korean">
         <wf lemma="개발" pos="X">개발</wf>
         <instance id="d000.s2820.t000" lemma="제한" pos="NOUN">제한</instance>
         <wf lemma="지역." pos="X">지역.</wf>
      </sentence>
      <sentence id="d000.s2821" source="wordnet-korean">
         <wf lemma="공무" pos="X">공무</wf>
         <instance id="d000.s2821.t000" lemma="부" pos="NOUN">부</instance>
         <wf lemma="." pos="X">.</wf>
      </sentence>
      <sentence id="d000.s2822" source="wordnet-korean">
         <wf lemma="사회적" pos="X">사회적</wf>
         <instance id="d000.s2822.t000" lemma="존재" pos="NOUN">존재</instance>
         <wf lemma="." pos="X">.</wf>
      </sentence>
      <sentence id="d000.s2823" source="wordnet-korean">
         <wf lemma="그의" pos="X">그의</wf>
         <wf lemma="성적은" pos="X">성적은</wf>
         <instance id="d000.s2823.t000" lemma="바닥" pos="NOUN">바닥</instance>
         <wf lemma="에서" pos="X">에서</wf>
         <wf lemma="돈다." pos="X">돈다.</wf>
      </sentence>
      <sentence id="d000.s2824" source="wordnet-korean">
         <wf lemma="불에" pos="X">불에</wf>
         <wf lemma="탄" pos="X">탄</wf>
         <instance id="d000.s2824.t000" lemma="재" pos="NOUN">재</instance>
         <wf lemma="." pos="X">.</wf>
      </sentence>
      <sentence id="d000.s2825" source="wordnet-korean">
         <wf lemma="관공리의" pos="X">관공리의</wf>
         <instance id="d000.s2825.t000" lemma="부패" pos="NOUN">부패</instance>
         <wf lemma="." pos="X">.</wf>
      </sentence>
      <sentence id="d000.s2826" source="wordnet-korean">
         <wf lemma="행정절차에서" pos="X">행정절차에서</wf>
         <wf lemma="요구에" pos="X">요구에</wf>
         <wf lemma="대한" pos="X">대한</wf>
         <instance id="d000.s2826.t000" lemma="승인" pos="NOUN">승인</instance>
         <wf lemma="." pos="X">.</wf>
      </sentence>
      <sentence id="d000.s2827" source="wordnet-korean">
         <instance id="d000.s2827.t000" lemma="방향" pos="NOUN">방향</instance>
         <wf lemma="을" pos="X">을</wf>
         <wf lemma="잡는다." pos="X">잡는다.</wf>
      </sentence>
      <sentence id="d000.s2828" source="wordnet-korean">
         <wf lemma="어린이의" pos="X">어린이의</wf>
         <wf lemma="잠자는" pos="X">잠자는</wf>
         <instance id="d000.s2828.t000" lemma="얼굴" pos="NOUN">얼굴</instance>
         <wf lemma="은" pos="X">은</wf>
         <wf lemma="고요하고" pos="X">고요하고</wf>
         <wf lemma="평화롭다." pos="X">평화롭다.</wf>
      </sentence>
      <sentence id="d000.s2829" source="wordnet-korean">
         <wf lemma="조사" pos="X">조사</wf>
         <instance id="d000.s2829.t000" lemma="보고" pos="NOUN">보고</instance>
         <wf lemma="." pos="X">.</wf>
      </sentence>
      <sentence id="d000.s2830" source="wordnet-korean">
         <instance id="d000.s2830.t000" lemma="모" pos="NOUN">모</instance>
         <wf lemma="로" pos="X">로</wf>
         <wf lemma="눕다." pos="X">눕다.</wf>
      </sentence>
      <sentence id="d000.s2831" source="wordnet-korean">
         <wf lemma="그의" pos="X">그의</wf>
         <wf lemma="자백에" pos="X">자백에</wf>
         <instance id="d000.s2831.t000" lemma="신빙성" pos="NOUN">신빙성</instance>
         <wf lemma="이" pos="X">이</wf>
         <wf lemma="있다고" pos="X">있다고</wf>
         <wf lemma="인정했다." pos="X">인정했다.</wf>
      </sentence>
      <sentence id="d000.s2832" source="wordnet-korean">
         <wf lemma="아홉" pos="X">아홉</wf>
         <instance id="d000.s2832.t000" lemma="격" pos="NOUN">격</instance>
         <wf lemma="." pos="X">.</wf>
      </sentence>
      <sentence id="d000.s2833" source="wordnet-korean">
         <wf lemma="새로운" pos="X">새로운</wf>
         <wf lemma="입시" pos="X">입시</wf>
         <wf lemma="경향에" pos="X">경향에</wf>
         <wf lemma="따라" pos="X">따라</wf>
         <wf lemma="많은" pos="X">많은</wf>
         <wf lemma="참고서들이" pos="X">참고서들이</wf>
         <instance id="d000.s2833.t000" lemma="개정" pos="NOUN">개정</instance>
         <wf lemma="되어" pos="X">되어</wf>
         <wf lemma="나왔다." pos="X">나왔다.</wf>
      </sentence>
      <sentence id="d000.s2834" source="wordnet-korean">
         <instance id="d000.s2834.t000" lemma="잔꾀" pos="NOUN">잔꾀</instance>
         <wf lemma="를" pos="X">를</wf>
         <wf lemma="피우다." pos="X">피우다.</wf>
      </sentence>
      <sentence id="d000.s2835" source="wordnet-korean">
         <wf lemma="밝은" pos="X">밝은</wf>
         <instance id="d000.s2835.t000" lemma="달" pos="NOUN">달</instance>
         <wf lemma="." pos="X">.</wf>
      </sentence>
      <sentence id="d000.s2836" source="wordnet-korean">
         <wf lemma="오늘" pos="X">오늘</wf>
         <instance id="d000.s2836.t000" lemma="하루" pos="NOUN">하루</instance>
         <wf lemma="도" pos="X">도</wf>
         <wf lemma="열심히" pos="X">열심히</wf>
         <wf lemma="일하였다." pos="X">일하였다.</wf>
      </sentence>
      <sentence id="d000.s2837" source="wordnet-korean">
         <wf lemma="자수" pos="X">자수</wf>
         <wf lemma="간첩," pos="X">간첩,</wf>
         <instance id="d000.s2837.t000" lemma="광명" pos="NOUN">광명</instance>
         <wf lemma="을" pos="X">을</wf>
         <wf lemma="되찾다." pos="X">되찾다.</wf>
      </sentence>
      <sentence id="d000.s2838" source="wordnet-korean">
         <wf lemma="농산물" pos="X">농산물</wf>
         <instance id="d000.s2838.t000" lemma="시장" pos="NOUN">시장</instance>
         <wf lemma="." pos="X">.</wf>
      </sentence>
      <sentence id="d000.s2839" source="wordnet-korean">
         <wf lemma="이" pos="X">이</wf>
         <wf lemma="작품은" pos="X">작품은</wf>
         <wf lemma="좋은" pos="X">좋은</wf>
         <instance id="d000.s2839.t000" lemma="평가" pos="NOUN">평가</instance>
         <wf lemma="를" pos="X">를</wf>
         <wf lemma="받았다." pos="X">받았다.</wf>
      </sentence>
      <sentence id="d000.s2840" source="wordnet-korean">
         <instance id="d000.s2840.t000" lemma="태도" pos="NOUN">태도</instance>
         <wf lemma="를" pos="X">를</wf>
         <wf lemma="분명히" pos="X">분명히</wf>
         <wf lemma="하다." pos="X">하다.</wf>
      </sentence>
      <sentence id="d000.s2841" source="wordnet-korean">
         <wf lemma="총명" pos="X">총명</wf>
         <instance id="d000.s2841.t000" lemma="예지" pos="NOUN">예지</instance>
         <wf lemma="." pos="X">.</wf>
      </sentence>
      <sentence id="d000.s2842" source="wordnet-korean">
         <instance id="d000.s2842.t000" lemma="필생" pos="NOUN">필생</instance>
         <wf lemma="의" pos="X">의</wf>
         <wf lemma="사업." pos="X">사업.</wf>
      </sentence>
      <sentence id="d000.s2843" source="wordnet-korean">
         <wf lemma="만족의" pos="X">만족의</wf>
         <instance id="d000.s2843.t000" lemma="빛" pos="NOUN">빛</instance>
         <wf lemma="." pos="X">.</wf>
      </sentence>
      <sentence id="d000.s2844" source="wordnet-korean">
         <wf lemma="공업화의" pos="X">공업화의</wf>
         <instance id="d000.s2844.t000" lemma="부산물" pos="NOUN">부산물</instance>
         <wf lemma="로" pos="X">로</wf>
         <wf lemma="공해가" pos="X">공해가</wf>
         <wf lemma="생겼다." pos="X">생겼다.</wf>
      </sentence>
      <sentence id="d000.s2845" source="wordnet-korean">
         <instance id="d000.s2845.t000" lemma="원인" pos="NOUN">원인</instance>
         <wf lemma="과" pos="X">과</wf>
         <wf lemma="결과." pos="X">결과.</wf>
      </sentence>
      <sentence id="d000.s2846" source="wordnet-korean">
         <wf lemma="옛날의" pos="X">옛날의</wf>
         <instance id="d000.s2846.t000" lemma="영화" pos="NOUN">영화</instance>
         <wf lemma="가" pos="X">가</wf>
         <wf lemma="꿈이" pos="X">꿈이</wf>
         <wf lemma="되고" pos="X">되고</wf>
         <wf lemma="일조에" pos="X">일조에</wf>
         <wf lemma="몰락하여…." pos="X">몰락하여….</wf>
      </sentence>
      <sentence id="d000.s2847" source="wordnet-korean">
         <instance id="d000.s2847.t000" lemma="서리" pos="NOUN">서리</instance>
         <wf lemma="가" pos="X">가</wf>
         <wf lemma="내렸다." pos="X">내렸다.</wf>
      </sentence>
      <sentence id="d000.s2848" source="wordnet-korean">
         <wf lemma="고전" pos="X">고전</wf>
         <wf lemma="예술의" pos="X">예술의</wf>
         <instance id="d000.s2848.t000" lemma="부활" pos="NOUN">부활</instance>
         <wf lemma="." pos="X">.</wf>
      </sentence>
      <sentence id="d000.s2849" source="wordnet-korean">
         <instance id="d000.s2849.t000" lemma="호의" pos="NOUN">호의</instance>
         <wf lemma="를" pos="X">를</wf>
         <wf lemma="보이다." pos="X">보이다.</wf>
      </sentence>
      <sentence id="d000.s2850" source="wordnet-korean">
         <instance id="d000.s2850.t000" lemma="국민" pos="NOUN">국민</instance>
         <wf lemma="자치." pos="X">자치.</wf>
      </sentence>
      <sentence id="d000.s2851" source="wordnet-korean">
         <wf lemma="송곳" pos="X">송곳</wf>
         <instance id="d000.s2851.t000" lemma="끝" pos="NOUN">끝</instance>
         <wf lemma="." pos="X">.</wf>
      </sentence>
      <sentence id="d000.s2852" source="wordnet-korean">
         <instance id="d000.s2852.t000" lemma="세간" pos="NOUN">세간</instance>
         <wf lemma="을" pos="X">을</wf>
         <wf lemma="갖추다." pos="X">갖추다.</wf>
      </sentence>
      <sentence id="d000.s2853" source="wordnet-korean">
         <instance id="d000.s2853.t000" lemma="알" pos="NOUN">알</instance>
         <wf lemma="을" pos="X">을</wf>
         <wf lemma="낳다." pos="X">낳다.</wf>
      </sentence>
      <sentence id="d000.s2854" source="wordnet-korean">
         <instance id="d000.s2854.t000" lemma="불길" pos="NOUN">불길</instance>
         <wf lemma="을" pos="X">을</wf>
         <wf lemma="잡아라." pos="X">잡아라.</wf>
      </sentence>
      <sentence id="d000.s2855" source="wordnet-korean">
         <instance id="d000.s2855.t000" lemma="격앙" pos="NOUN">격앙</instance>
         <wf lemma="된" pos="X">된</wf>
         <wf lemma="어조." pos="X">어조.</wf>
      </sentence>
      <sentence id="d000.s2856" source="wordnet-korean">
         <wf lemma="사업의" pos="X">사업의</wf>
         <instance id="d000.s2856.t000" lemma="토대" pos="NOUN">토대</instance>
         <wf lemma="를" pos="X">를</wf>
         <wf lemma="만든다." pos="X">만든다.</wf>
      </sentence>
      <sentence id="d000.s2857" source="wordnet-korean">
         <instance id="d000.s2857.t000" lemma="고리" pos="NOUN">고리</instance>
         <wf lemma="에" pos="X">에</wf>
         <wf lemma="걸다." pos="X">걸다.</wf>
      </sentence>
      <sentence id="d000.s2858" source="wordnet-korean">
         <instance id="d000.s2858.t000" lemma="성" pos="NOUN">성</instance>
         <wf lemma="을" pos="X">을</wf>
         <wf lemma="내다." pos="X">내다.</wf>
      </sentence>
      <sentence id="d000.s2859" source="wordnet-korean">
         <instance id="d000.s2859.t000" lemma="타이밍" pos="NOUN">타이밍</instance>
         <wf lemma="이" pos="X">이</wf>
         <wf lemma="맞다." pos="X">맞다.</wf>
      </sentence>
      <sentence id="d000.s2860" source="wordnet-korean">
         <instance id="d000.s2860.t000" lemma="뿔" pos="NOUN">뿔</instance>
         <wf lemma="에" pos="X">에</wf>
         <wf lemma="받히다." pos="X">받히다.</wf>
      </sentence>
      <sentence id="d000.s2861" source="wordnet-korean">
         <wf lemma="규정" pos="X">규정</wf>
         <instance id="d000.s2861.t000" lemma="밖" pos="NOUN">밖</instance>
         <wf lemma="의" pos="X">의</wf>
         <wf lemma="문제." pos="X">문제.</wf>
      </sentence>
      <sentence id="d000.s2862" source="wordnet-korean">
         <wf lemma="총명한" pos="X">총명한</wf>
         <instance id="d000.s2862.t000" lemma="자질" pos="NOUN">자질</instance>
         <wf lemma="." pos="X">.</wf>
      </sentence>
      <sentence id="d000.s2863" source="wordnet-korean">
         <instance id="d000.s2863.t000" lemma="땅" pos="NOUN">땅</instance>
         <wf lemma="속에서" pos="X">속에서</wf>
         <wf lemma="금을" pos="X">금을</wf>
         <wf lemma="캔다." pos="X">캔다.</wf>
      </sentence>
      <sentence id="d000.s2864" source="wordnet-korean">
         <wf lemma="검찰" pos="X">검찰</wf>
         <instance id="d000.s2864.t000" lemma="서기" pos="NOUN">서기</instance>
         <wf lemma="." pos="X">.</wf>
      </sentence>
      <sentence id="d000.s2865" source="wordnet-korean">
         <wf lemma="그는" pos="X">그는</wf>
         <wf lemma="현명한" pos="X">현명한</wf>
         <wf lemma="사람이니까," pos="X">사람이니까,</wf>
         <wf lemma="아무리" pos="X">아무리</wf>
         <wf lemma="힘든" pos="X">힘든</wf>
         <instance id="d000.s2865.t000" lemma="난국" pos="NOUN">난국</instance>
         <wf lemma="이라도" pos="X">이라도</wf>
         <wf lemma="침착하게" pos="X">침착하게</wf>
         <wf lemma="벗어날" pos="X">벗어날</wf>
         <wf lemma="것이다." pos="X">것이다.</wf>
      </sentence>
      <sentence id="d000.s2866" source="wordnet-korean">
         <instance id="d000.s2866.t000" lemma="교육" pos="NOUN">교육</instance>
         <wf lemma="을" pos="X">을</wf>
         <wf lemma="받다." pos="X">받다.</wf>
      </sentence>
      <sentence id="d000.s2867" source="wordnet-korean">
         <instance id="d000.s2867.t000" lemma="기본" pos="NOUN">기본</instance>
         <wf lemma="자유." pos="X">자유.</wf>
      </sentence>
      <sentence id="d000.s2868" source="wordnet-korean">
         <instance id="d000.s2868.t000" lemma="꼬마" pos="NOUN">꼬마</instance>
         <wf lemma="화가." pos="X">화가.</wf>
      </sentence>
      <sentence id="d000.s2869" source="wordnet-korean">
         <wf lemma="발전소에" pos="X">발전소에</wf>
         <instance id="d000.s2869.t000" lemma="폭격" pos="NOUN">폭격</instance>
         <wf lemma="을" pos="X">을</wf>
         <wf lemma="가했다." pos="X">가했다.</wf>
      </sentence>
      <sentence id="d000.s2870" source="wordnet-korean">
         <wf lemma="동물원" pos="X">동물원</wf>
         <instance id="d000.s2870.t000" lemma="구경" pos="NOUN">구경</instance>
         <wf lemma="." pos="X">.</wf>
      </sentence>
      <sentence id="d000.s2871" source="wordnet-korean">
         <instance id="d000.s2871.t000" lemma="날숨" pos="NOUN">날숨</instance>
         <wf lemma="을" pos="X">을</wf>
         <wf lemma="내쉬다." pos="X">내쉬다.</wf>
      </sentence>
      <sentence id="d000.s2872" source="wordnet-korean">
         <wf lemma="볼" pos="X">볼</wf>
         <wf lemma="때마다" pos="X">때마다</wf>
         <wf lemma="얼굴에" pos="X">얼굴에</wf>
         <instance id="d000.s2872.t000" lemma="그림자" pos="NOUN">그림자</instance>
         <wf lemma="를" pos="X">를</wf>
         <wf lemma="드리우고…." pos="X">드리우고….</wf>
      </sentence>
      <sentence id="d000.s2873" source="wordnet-korean">
         <wf lemma="미나리를" pos="X">미나리를</wf>
         <instance id="d000.s2873.t000" lemma="다발" pos="NOUN">다발</instance>
         <wf lemma="로" pos="X">로</wf>
         <wf lemma="산다." pos="X">산다.</wf>
      </sentence>
      <sentence id="d000.s2874" source="wordnet-korean">
         <wf lemma="장기의" pos="X">장기의</wf>
         <instance id="d000.s2874.t000" lemma="명수" pos="NOUN">명수</instance>
         <wf lemma="." pos="X">.</wf>
      </sentence>
      <sentence id="d000.s2875" source="wordnet-korean">
         <instance id="d000.s2875.t000" lemma="기회" pos="NOUN">기회</instance>
         <wf lemma="를" pos="X">를</wf>
         <wf lemma="잡다." pos="X">잡다.</wf>
      </sentence>
      <sentence id="d000.s2876" source="wordnet-korean">
         <instance id="d000.s2876.t000" lemma="칠" pos="NOUN">칠</instance>
         <wf lemma="이" pos="X">이</wf>
         <wf lemma="벗겨진다." pos="X">벗겨진다.</wf>
      </sentence>
      <sentence id="d000.s2877" source="wordnet-korean">
         <wf lemma="저이는" pos="X">저이는</wf>
         <wf lemma="모든" pos="X">모든</wf>
         <wf lemma="일에" pos="X">일에</wf>
         <instance id="d000.s2877.t000" lemma="태평" pos="NOUN">태평</instance>
         <wf lemma="이야." pos="X">이야.</wf>
      </sentence>
      <sentence id="d000.s2878" source="wordnet-korean">
         <wf lemma="무슨" pos="X">무슨</wf>
         <wf lemma="일이나" pos="X">일이나</wf>
         <wf lemma="첫" pos="X">첫</wf>
         <instance id="d000.s2878.t000" lemma="출발" pos="NOUN">출발</instance>
         <wf lemma="을" pos="X">을</wf>
         <wf lemma="잘" pos="X">잘</wf>
         <wf lemma="해야" pos="X">해야</wf>
         <wf lemma="한다." pos="X">한다.</wf>
      </sentence>
      <sentence id="d000.s2879" source="wordnet-korean">
         <wf lemma="신라" pos="X">신라</wf>
         <instance id="d000.s2879.t000" lemma="때" pos="NOUN">때</instance>
         <wf lemma="유물." pos="X">유물.</wf>
      </sentence>
      <sentence id="d000.s2880" source="wordnet-korean">
         <instance id="d000.s2880.t000" lemma="관심" pos="NOUN">관심</instance>
         <wf lemma="을" pos="X">을</wf>
         <wf lemma="끌다." pos="X">끌다.</wf>
      </sentence>
      <sentence id="d000.s2881" source="wordnet-korean">
         <wf lemma="음악" pos="X">음악</wf>
         <instance id="d000.s2881.t000" lemma="애호가" pos="NOUN">애호가</instance>
         <wf lemma="." pos="X">.</wf>
      </sentence>
      <sentence id="d000.s2882" source="wordnet-korean">
         <instance id="d000.s2882.t000" lemma="독" pos="NOUN">독</instance>
         <wf lemma="이" pos="X">이</wf>
         <wf lemma="있는" pos="X">있는</wf>
         <wf lemma="풀." pos="X">풀.</wf>
      </sentence>
      <sentence id="d000.s2883" source="wordnet-korean">
         <instance id="d000.s2883.t000" lemma="얼음" pos="NOUN">얼음</instance>
         <wf lemma="이" pos="X">이</wf>
         <wf lemma="녹다." pos="X">녹다.</wf>
      </sentence>
      <sentence id="d000.s2884" source="wordnet-korean">
         <wf lemma="동창회의" pos="X">동창회의</wf>
         <instance id="d000.s2884.t000" lemma="발족" pos="NOUN">발족</instance>
         <wf lemma="을" pos="X">을</wf>
         <wf lemma="보다." pos="X">보다.</wf>
      </sentence>
      <sentence id="d000.s2885" source="wordnet-korean">
         <instance id="d000.s2885.t000" lemma="모" pos="NOUN">모</instance>
         <wf lemma="가" pos="X">가</wf>
         <wf lemma="서다." pos="X">서다.</wf>
      </sentence>
      <sentence id="d000.s2886" source="wordnet-korean">
         <wf lemma="햇" pos="X">햇</wf>
         <instance id="d000.s2886.t000" lemma="살" pos="NOUN">살</instance>
         <wf lemma="." pos="X">.</wf>
      </sentence>
      <sentence id="d000.s2887" source="wordnet-korean">
         <instance id="d000.s2887.t000" lemma="타박" pos="NOUN">타박</instance>
         <wf lemma="맞다." pos="X">맞다.</wf>
      </sentence>
      <sentence id="d000.s2888" source="wordnet-korean">
         <wf lemma="석유" pos="X">석유</wf>
         <wf lemma="두" pos="X">두</wf>
         <wf lemma="통" pos="X">통</wf>
         <wf lemma="보내" pos="X">보내</wf>
         <wf lemma="달라는" pos="X">달라는</wf>
         <instance id="d000.s2888.t000" lemma="신청" pos="NOUN">신청</instance>
         <wf lemma="을" pos="X">을</wf>
         <wf lemma="받았다." pos="X">받았다.</wf>
      </sentence>
      <sentence id="d000.s2889" source="wordnet-korean">
         <wf lemma="젊음의" pos="X">젊음의</wf>
         <instance id="d000.s2889.t000" lemma="특권" pos="NOUN">특권</instance>
         <wf lemma="." pos="X">.</wf>
      </sentence>
      <sentence id="d000.s2890" source="wordnet-korean">
         <instance id="d000.s2890.t000" lemma="갈퀴" pos="NOUN">갈퀴</instance>
         <wf lemma="같은" pos="X">같은</wf>
         <wf lemma="손." pos="X">손.</wf>
      </sentence>
      <sentence id="d000.s2891" source="wordnet-korean">
         <instance id="d000.s2891.t000" lemma="계획" pos="NOUN">계획</instance>
         <wf lemma="대로" pos="X">대로</wf>
         <wf lemma="실천하다." pos="X">실천하다.</wf>
      </sentence>
      <sentence id="d000.s2892" source="wordnet-korean">
         <instance id="d000.s2892.t000" lemma="실망" pos="NOUN">실망</instance>
         <wf lemma="이" pos="X">이</wf>
         <wf lemma="크다." pos="X">크다.</wf>
      </sentence>
      <sentence id="d000.s2893" source="wordnet-korean">
         <instance id="d000.s2893.t000" lemma="불평" pos="NOUN">불평</instance>
         <wf lemma="이" pos="X">이</wf>
         <wf lemma="있으면" pos="X">있으면</wf>
         <wf lemma="털어놓게." pos="X">털어놓게.</wf>
      </sentence>
      <sentence id="d000.s2894" source="wordnet-korean">
         <wf lemma="공장의" pos="X">공장의</wf>
         <wf lemma="높은" pos="X">높은</wf>
         <wf lemma="굴뚝들이" pos="X">굴뚝들이</wf>
         <instance id="d000.s2894.t000" lemma="숲" pos="NOUN">숲</instance>
         <wf lemma="을" pos="X">을</wf>
         <wf lemma="이루고" pos="X">이루고</wf>
         <wf lemma="있다." pos="X">있다.</wf>
      </sentence>
      <sentence id="d000.s2895" source="wordnet-korean">
         <wf lemma="그의" pos="X">그의</wf>
         <instance id="d000.s2895.t000" lemma="손" pos="NOUN">손</instance>
         <wf lemma="에" pos="X">에</wf>
         <wf lemma="들어가지" pos="X">들어가지</wf>
         <wf lemma="않게" pos="X">않게</wf>
         <wf lemma="해야" pos="X">해야</wf>
         <wf lemma="한다." pos="X">한다.</wf>
      </sentence>
      <sentence id="d000.s2896" source="wordnet-korean">
         <instance id="d000.s2896.t000" lemma="해" pos="NOUN">해</instance>
         <wf lemma="를" pos="X">를</wf>
         <wf lemma="끼치다." pos="X">끼치다.</wf>
      </sentence>
      <sentence id="d000.s2897" source="wordnet-korean">
         <instance id="d000.s2897.t000" lemma="등" pos="NOUN">등</instance>
         <wf lemma="을" pos="X">을</wf>
         <wf lemma="보이다." pos="X">보이다.</wf>
      </sentence>
      <sentence id="d000.s2898" source="wordnet-korean">
         <wf lemma="의복" pos="X">의복</wf>
         <instance id="d000.s2898.t000" lemma="범절" pos="NOUN">범절</instance>
         <wf lemma="." pos="X">.</wf>
      </sentence>
      <sentence id="d000.s2899" source="wordnet-korean">
         <instance id="d000.s2899.t000" lemma="국경" pos="NOUN">국경</instance>
         <wf lemma="을" pos="X">을</wf>
         <wf lemma="지키다." pos="X">지키다.</wf>
      </sentence>
      <sentence id="d000.s2900" source="wordnet-korean">
         <wf lemma="감정의" pos="X">감정의</wf>
         <instance id="d000.s2900.t000" lemma="발로" pos="NOUN">발로</instance>
         <wf lemma="." pos="X">.</wf>
      </sentence>
      <sentence id="d000.s2901" source="wordnet-korean">
         <wf lemma="새" pos="X">새</wf>
         <wf lemma="학기에" pos="X">학기에</wf>
         <instance id="d000.s2901.t000" lemma="들어가다" pos="VERB">들어가다</instance>
         <wf lemma="." pos="X">.</wf>
      </sentence>
      <sentence id="d000.s2902" source="wordnet-korean">
         <instance id="d000.s2902.t000" lemma="통찰" pos="NOUN">통찰</instance>
         <wf lemma="이" pos="X">이</wf>
         <wf lemma="예리하다." pos="X">예리하다.</wf>
      </sentence>
      <sentence id="d000.s2903" source="wordnet-korean">
         <instance id="d000.s2903.t000" lemma="토론" pos="NOUN">토론</instance>
         <wf lemma="에" pos="X">에</wf>
         <wf lemma="들어갔다." pos="X">들어갔다.</wf>
      </sentence>
      <sentence id="d000.s2904" source="wordnet-korean">
         <wf lemma="어떤" pos="X">어떤</wf>
         <wf lemma="말" pos="X">말</wf>
         <wf lemma="못할" pos="X">못할</wf>
         <instance id="d000.s2904.t000" lemma="사연" pos="NOUN">사연</instance>
         <wf lemma="이" pos="X">이</wf>
         <wf lemma="있는" pos="X">있는</wf>
         <wf lemma="모양이다." pos="X">모양이다.</wf>
      </sentence>
      <sentence id="d000.s2905" source="wordnet-korean">
         <instance id="d000.s2905.t000" lemma="국회" pos="NOUN">국회</instance>
         <wf lemma="가" pos="X">가</wf>
         <wf lemma="열린다." pos="X">열린다.</wf>
      </sentence>
      <sentence id="d000.s2906" source="wordnet-korean">
         <instance id="d000.s2906.t000" lemma="심사" pos="NOUN">심사</instance>
         <wf lemma="위원." pos="X">위원.</wf>
      </sentence>
      <sentence id="d000.s2907" source="wordnet-korean">
         <instance id="d000.s2907.t000" lemma="파" pos="NOUN">파</instance>
         <wf lemma="를" pos="X">를</wf>
         <wf lemma="짓다." pos="X">짓다.</wf>
      </sentence>
      <sentence id="d000.s2908" source="wordnet-korean">
         <wf lemma="이" pos="X">이</wf>
         <instance id="d000.s2908.t000" lemma="집" pos="NOUN">집</instance>
         <wf lemma="." pos="X">.</wf>
      </sentence>
      <sentence id="d000.s2909" source="wordnet-korean">
         <instance id="d000.s2909.t000" lemma="모습" pos="NOUN">모습</instance>
         <wf lemma="이" pos="X">이</wf>
         <wf lemma="닮았다." pos="X">닮았다.</wf>
      </sentence>
      <sentence id="d000.s2910" source="wordnet-korean">
         <wf lemma="칠흑" pos="X">칠흑</wf>
         <wf lemma="같은" pos="X">같은</wf>
         <wf lemma="어둠" pos="X">어둠</wf>
         <wf lemma="속이라" pos="X">속이라</wf>
         <wf lemma="누가" pos="X">누가</wf>
         <wf lemma="누군지" pos="X">누군지</wf>
         <instance id="d000.s2910.t000" lemma="분간" pos="NOUN">분간</instance>
         <wf lemma="이" pos="X">이</wf>
         <wf lemma="안" pos="X">안</wf>
         <wf lemma="되었다." pos="X">되었다.</wf>
      </sentence>
      <sentence id="d000.s2911" source="wordnet-korean">
         <instance id="d000.s2911.t000" lemma="변" pos="NOUN">변</instance>
         <wf lemma="을" pos="X">을</wf>
         <wf lemma="보다." pos="X">보다.</wf>
      </sentence>
      <sentence id="d000.s2912" source="wordnet-korean">
         <wf lemma="그의" pos="X">그의</wf>
         <wf lemma="따뜻한" pos="X">따뜻한</wf>
         <instance id="d000.s2912.t000" lemma="배려" pos="NOUN">배려</instance>
         <wf lemma="를" pos="X">를</wf>
         <wf lemma="받았다." pos="X">받았다.</wf>
      </sentence>
      <sentence id="d000.s2913" source="wordnet-korean">
         <wf lemma="단백질의" pos="X">단백질의</wf>
         <instance id="d000.s2913.t000" lemma="변성" pos="NOUN">변성</instance>
         <wf lemma="." pos="X">.</wf>
      </sentence>
      <sentence id="d000.s2914" source="wordnet-korean">
         <instance id="d000.s2914.t000" lemma="폭풍우" pos="NOUN">폭풍우</instance>
         <wf lemma="를" pos="X">를</wf>
         <wf lemma="뚫고" pos="X">뚫고</wf>
         <wf lemma="달려" pos="X">달려</wf>
         <wf lemma="나간다." pos="X">나간다.</wf>
      </sentence>
      <sentence id="d000.s2915" source="wordnet-korean">
         <instance id="d000.s2915.t000" lemma="시험" pos="NOUN">시험</instance>
         <wf lemma="운전." pos="X">운전.</wf>
      </sentence>
      <sentence id="d000.s2916" source="wordnet-korean">
         <wf lemma="마음의" pos="X">마음의</wf>
         <instance id="d000.s2916.t000" lemma="즐거움" pos="NOUN">즐거움</instance>
         <wf lemma="은" pos="X">은</wf>
         <wf lemma="양약이다." pos="X">양약이다.</wf>
      </sentence>
      <sentence id="d000.s2917" source="wordnet-korean">
         <wf lemma="이" pos="X">이</wf>
         <wf lemma="집은" pos="X">집은</wf>
         <wf lemma="우리가" pos="X">우리가</wf>
         <instance id="d000.s2917.t000" lemma="붙박이" pos="NOUN">붙박이</instance>
         <wf lemma="로" pos="X">로</wf>
         <wf lemma="거래하는" pos="X">거래하는</wf>
         <wf lemma="가게라오." pos="X">가게라오.</wf>
      </sentence>
      <sentence id="d000.s2918" source="wordnet-korean">
         <instance id="d000.s2918.t000" lemma="짝" pos="NOUN">짝</instance>
         <wf lemma="을" pos="X">을</wf>
         <wf lemma="구하다." pos="X">구하다.</wf>
      </sentence>
      <sentence id="d000.s2919" source="wordnet-korean">
         <instance id="d000.s2919.t000" lemma="인사" pos="NOUN">인사</instance>
         <wf lemma="를" pos="X">를</wf>
         <wf lemma="나누다." pos="X">나누다.</wf>
      </sentence>
      <sentence id="d000.s2920" source="wordnet-korean">
         <instance id="d000.s2920.t000" lemma="밥" pos="NOUN">밥</instance>
         <wf lemma="을" pos="X">을</wf>
         <wf lemma="짓는다." pos="X">짓는다.</wf>
      </sentence>
      <sentence id="d000.s2921" source="wordnet-korean">
         <instance id="d000.s2921.t000" lemma="국부" pos="NOUN">국부</instance>
         <wf lemma="상처." pos="X">상처.</wf>
      </sentence>
      <sentence id="d000.s2922" source="wordnet-korean">
         <wf lemma="외교관" pos="X">외교관</wf>
         <instance id="d000.s2922.t000" lemma="납치" pos="NOUN">납치</instance>
         <wf lemma="." pos="X">.</wf>
      </sentence>
      <sentence id="d000.s2923" source="wordnet-korean">
         <wf lemma="애국가는" pos="X">애국가는</wf>
         <wf lemma="4" pos="X">4</wf>
         <instance id="d000.s2923.t000" lemma="절" pos="NOUN">절</instance>
         <wf lemma="로" pos="X">로</wf>
         <wf lemma="되어" pos="X">되어</wf>
         <wf lemma="있다." pos="X">있다.</wf>
      </sentence>
      <sentence id="d000.s2924" source="wordnet-korean">
         <instance id="d000.s2924.t000" lemma="소견" pos="NOUN">소견</instance>
         <wf lemma="을" pos="X">을</wf>
         <wf lemma="말해" pos="X">말해</wf>
         <wf lemma="주시오." pos="X">주시오.</wf>
      </sentence>
      <sentence id="d000.s2925" source="wordnet-korean">
         <wf lemma="처우" pos="X">처우</wf>
         <instance id="d000.s2925.t000" lemma="개선" pos="NOUN">개선</instance>
         <wf lemma="." pos="X">.</wf>
      </sentence>
      <sentence id="d000.s2926" source="wordnet-korean">
         <wf lemma="새로운" pos="X">새로운</wf>
         <instance id="d000.s2926.t000" lemma="변모" pos="NOUN">변모</instance>
         <wf lemma="." pos="X">.</wf>
      </sentence>
      <sentence id="d000.s2927" source="wordnet-korean">
         <wf lemma="어린이" pos="X">어린이</wf>
         <instance id="d000.s2927.t000" lemma="보호" pos="NOUN">보호</instance>
         <wf lemma="." pos="X">.</wf>
      </sentence>
      <sentence id="d000.s2928" source="wordnet-korean">
         <instance id="d000.s2928.t000" lemma="신앙" pos="NOUN">신앙</instance>
         <wf lemma="이란" pos="X">이란</wf>
         <wf lemma="불합리하고" pos="X">불합리하고</wf>
         <wf lemma="불완전한" pos="X">불완전한</wf>
         <wf lemma="인간성을" pos="X">인간성을</wf>
         <wf lemma="완전하신" pos="X">완전하신</wf>
         <wf lemma="하느님의" pos="X">하느님의</wf>
         <wf lemma="인격에" pos="X">인격에</wf>
         <wf lemma="접근시키려는" pos="X">접근시키려는</wf>
         <wf lemma="의식적" pos="X">의식적</wf>
         <wf lemma="노력이라고" pos="X">노력이라고</wf>
         <wf lemma="말할" pos="X">말할</wf>
         <wf lemma="수" pos="X">수</wf>
         <wf lemma="있다." pos="X">있다.</wf>
      </sentence>
      <sentence id="d000.s2929" source="wordnet-korean">
         <instance id="d000.s2929.t000" lemma="끼니" pos="NOUN">끼니</instance>
         <wf lemma="를" pos="X">를</wf>
         <wf lemma="때우다." pos="X">때우다.</wf>
      </sentence>
      <sentence id="d000.s2930" source="wordnet-korean">
         <wf lemma="어미를" pos="X">어미를</wf>
         <wf lemma="찾느라" pos="X">찾느라</wf>
         <wf lemma="“엄매”" pos="X">“엄매”</wf>
         <wf lemma="하고" pos="X">하고</wf>
         <wf lemma="우는" pos="X">우는</wf>
         <instance id="d000.s2930.t000" lemma="송아지" pos="NOUN">송아지</instance>
         <wf lemma="," pos="X">,</wf>
         <wf lemma="귀엽기도" pos="X">귀엽기도</wf>
         <wf lemma="하다." pos="X">하다.</wf>
      </sentence>
      <sentence id="d000.s2931" source="wordnet-korean">
         <instance id="d000.s2931.t000" lemma="칼" pos="NOUN">칼</instance>
         <wf lemma="이" pos="X">이</wf>
         <wf lemma="잘" pos="X">잘</wf>
         <wf lemma="든다." pos="X">든다.</wf>
      </sentence>
      <sentence id="d000.s2932" source="wordnet-korean">
         <instance id="d000.s2932.t000" lemma="우량" pos="NOUN">우량</instance>
         <wf lemma="품종." pos="X">품종.</wf>
      </sentence>
      <sentence id="d000.s2933" source="wordnet-korean">
         <instance id="d000.s2933.t000" lemma="말씨" pos="NOUN">말씨</instance>
         <wf lemma="가" pos="X">가</wf>
         <wf lemma="점잖다." pos="X">점잖다.</wf>
      </sentence>
      <sentence id="d000.s2934" source="wordnet-korean">
         <wf lemma="놀부는…제" pos="X">놀부는…제</wf>
         <wf lemma="부모" pos="X">부모</wf>
         <wf lemma="제사를" pos="X">제사를</wf>
         <wf lemma="지내어도" pos="X">지내어도</wf>
         <wf lemma="제물은" pos="X">제물은</wf>
         <wf lemma="아니" pos="X">아니</wf>
         <wf lemma="장만하고" pos="X">장만하고</wf>
         <instance id="d000.s2934.t000" lemma="대전" pos="NOUN">대전</instance>
         <wf lemma="으로" pos="X">으로</wf>
         <wf lemma="놓고" pos="X">놓고</wf>
         <wf lemma="지내는데," pos="X">지내는데,</wf>
         <wf lemma="편" pos="X">편</wf>
         <wf lemma="값이면" pos="X">값이면</wf>
         <wf lemma="편" pos="X">편</wf>
         <wf lemma="값이라," pos="X">값이라,</wf>
         <wf lemma="과실" pos="X">과실</wf>
         <wf lemma="값이면" pos="X">값이면</wf>
         <wf lemma="과실" pos="X">과실</wf>
         <wf lemma="값이라" pos="X">값이라</wf>
         <wf lemma="각각" pos="X">각각</wf>
         <wf lemma="써서" pos="X">써서</wf>
         <wf lemma="벌여" pos="X">벌여</wf>
         <wf lemma="놓고…." pos="X">놓고….</wf>
      </sentence>
      <sentence id="d000.s2935" source="wordnet-korean">
         <wf lemma="가축" pos="X">가축</wf>
         <instance id="d000.s2935.t000" lemma="번식" pos="NOUN">번식</instance>
         <wf lemma="." pos="X">.</wf>
      </sentence>
      <sentence id="d000.s2936" source="wordnet-korean">
         <instance id="d000.s2936.t000" lemma="곡물" pos="NOUN">곡물</instance>
         <wf lemma="시장." pos="X">시장.</wf>
      </sentence>
      <sentence id="d000.s2937" source="wordnet-korean">
         <instance id="d000.s2937.t000" lemma="가루" pos="NOUN">가루</instance>
         <wf lemma="를" pos="X">를</wf>
         <wf lemma="빻다." pos="X">빻다.</wf>
      </sentence>
      <sentence id="d000.s2938" source="wordnet-korean">
         <instance id="d000.s2938.t000" lemma="광산" pos="NOUN">광산</instance>
         <wf lemma="측량." pos="X">측량.</wf>
      </sentence>
      <sentence id="d000.s2939" source="wordnet-korean">
         <instance id="d000.s2939.t000" lemma="실속" pos="NOUN">실속</instance>
         <wf lemma="이" pos="X">이</wf>
         <wf lemma="있는" pos="X">있는</wf>
         <wf lemma="일." pos="X">일.</wf>
      </sentence>
      <sentence id="d000.s2940" source="wordnet-korean">
         <instance id="d000.s2940.t000" lemma="낮" pos="NOUN">낮</instance>
         <wf lemma="과" pos="X">과</wf>
         <wf lemma="밤." pos="X">밤.</wf>
      </sentence>
      <sentence id="d000.s2941" source="wordnet-korean">
         <wf lemma="민주" pos="X">민주</wf>
         <instance id="d000.s2941.t000" lemma="공화국" pos="NOUN">공화국</instance>
         <wf lemma="." pos="X">.</wf>
      </sentence>
      <sentence id="d000.s2942" source="wordnet-korean">
         <wf lemma="이별의" pos="X">이별의</wf>
         <instance id="d000.s2942.t000" lemma="장면" pos="NOUN">장면</instance>
         <wf lemma="." pos="X">.</wf>
      </sentence>
      <sentence id="d000.s2943" source="wordnet-korean">
         <instance id="d000.s2943.t000" lemma="말투" pos="NOUN">말투</instance>
         <wf lemma="가" pos="X">가</wf>
         <wf lemma="거칠고" pos="X">거칠고</wf>
         <wf lemma="퉁명스럽다." pos="X">퉁명스럽다.</wf>
      </sentence>
      <sentence id="d000.s2944" source="wordnet-korean">
         <instance id="d000.s2944.t000" lemma="기적" pos="NOUN">기적</instance>
         <wf lemma="소리." pos="X">소리.</wf>
      </sentence>
      <sentence id="d000.s2945" source="wordnet-korean">
         <instance id="d000.s2945.t000" lemma="끈기" pos="NOUN">끈기</instance>
         <wf lemma="있는" pos="X">있는</wf>
         <wf lemma="노력." pos="X">노력.</wf>
      </sentence>
      <sentence id="d000.s2946" source="wordnet-korean">
         <instance id="d000.s2946.t000" lemma="특징" pos="NOUN">특징</instance>
         <wf lemma="이" pos="X">이</wf>
         <wf lemma="없다." pos="X">없다.</wf>
      </sentence>
      <sentence id="d000.s2947" source="wordnet-korean">
         <instance id="d000.s2947.t000" lemma="간첩" pos="NOUN">간첩</instance>
         <wf lemma="을" pos="X">을</wf>
         <wf lemma="색출하다." pos="X">색출하다.</wf>
      </sentence>
      <sentence id="d000.s2948" source="wordnet-korean">
         <wf lemma="고운" pos="X">고운</wf>
         <instance id="d000.s2948.t000" lemma="색" pos="NOUN">색</instance>
         <wf lemma="." pos="X">.</wf>
      </sentence>
      <sentence id="d000.s2949" source="wordnet-korean">
         <instance id="d000.s2949.t000" lemma="본성" pos="NOUN">본성</instance>
         <wf lemma="이" pos="X">이</wf>
         <wf lemma="착하다." pos="X">착하다.</wf>
      </sentence>
      <sentence id="d000.s2950" source="wordnet-korean">
         <instance id="d000.s2950.t000" lemma="산출" pos="NOUN">산출</instance>
         <wf lemma="자료." pos="X">자료.</wf>
      </sentence>
      <sentence id="d000.s2951" source="wordnet-korean">
         <instance id="d000.s2951.t000" lemma="경비" pos="NOUN">경비</instance>
         <wf lemma="가" pos="X">가</wf>
         <wf lemma="많이" pos="X">많이</wf>
         <wf lemma="든다." pos="X">든다.</wf>
      </sentence>
      <sentence id="d000.s2952" source="wordnet-korean">
         <instance id="d000.s2952.t000" lemma="심신" pos="NOUN">심신</instance>
         <wf lemma="이" pos="X">이</wf>
         <wf lemma="상쾌하다." pos="X">상쾌하다.</wf>
      </sentence>
      <sentence id="d000.s2953" source="wordnet-korean">
         <wf lemma="저런" pos="X">저런</wf>
         <instance id="d000.s2953.t000" lemma="등신" pos="NOUN">등신</instance>
         <wf lemma="이" pos="X">이</wf>
         <wf lemma="무슨" pos="X">무슨</wf>
         <wf lemma="일을" pos="X">일을</wf>
         <wf lemma="한다고?." pos="X">한다고?.</wf>
      </sentence>
      <sentence id="d000.s2954" source="wordnet-korean">
         <instance id="d000.s2954.t000" lemma="낮" pos="NOUN">낮</instance>
         <wf lemma="에는" pos="X">에는</wf>
         <wf lemma="무얼" pos="X">무얼</wf>
         <wf lemma="하고" pos="X">하고</wf>
         <wf lemma="다" pos="X">다</wf>
         <wf lemma="저녁에" pos="X">저녁에</wf>
         <wf lemma="왔느냐?." pos="X">왔느냐?.</wf>
      </sentence>
      <sentence id="d000.s2955" source="wordnet-korean">
         <wf lemma="삼복" pos="X">삼복</wf>
         <instance id="d000.s2955.t000" lemma="염천" pos="NOUN">염천</instance>
         <wf lemma="." pos="X">.</wf>
      </sentence>
      <sentence id="d000.s2956" source="wordnet-korean">
         <instance id="d000.s2956.t000" lemma="마지막" pos="NOUN">마지막</instance>
         <wf lemma="까지" pos="X">까지</wf>
         <wf lemma="참고" pos="X">참고</wf>
         <wf lemma="기다리다." pos="X">기다리다.</wf>
      </sentence>
      <sentence id="d000.s2957" source="wordnet-korean">
         <instance id="d000.s2957.t000" lemma="나비" pos="NOUN">나비</instance>
         <wf lemma="야," pos="X">야,</wf>
         <wf lemma="쥐잡아" pos="X">쥐잡아</wf>
         <wf lemma="주랴?." pos="X">주랴?.</wf>
      </sentence>
      <sentence id="d000.s2958" source="wordnet-korean">
         <instance id="d000.s2958.t000" lemma="비율" pos="NOUN">비율</instance>
         <wf lemma="이" pos="X">이</wf>
         <wf lemma="알맞다." pos="X">알맞다.</wf>
      </sentence>
      <sentence id="d000.s2959" source="wordnet-korean">
         <wf lemma="총기" pos="X">총기</wf>
         <instance id="d000.s2959.t000" lemma="분해" pos="NOUN">분해</instance>
         <wf lemma="." pos="X">.</wf>
      </sentence>
      <sentence id="d000.s2960" source="wordnet-korean">
         <instance id="d000.s2960.t000" lemma="내용" pos="NOUN">내용</instance>
         <wf lemma="을" pos="X">을</wf>
         <wf lemma="알고" pos="X">알고</wf>
         <wf lemma="말하라." pos="X">말하라.</wf>
      </sentence>
      <sentence id="d000.s2961" source="wordnet-korean">
         <wf lemma="얼음궤에서" pos="X">얼음궤에서</wf>
         <wf lemma="양" pos="X">양</wf>
         <wf lemma="한" pos="X">한</wf>
         <instance id="d000.s2961.t000" lemma="보" pos="NOUN">보</instance>
         <wf lemma="를" pos="X">를</wf>
         <wf lemma="꺼내서" pos="X">꺼내서</wf>
         <wf lemma="소금을" pos="X">소금을</wf>
         <wf lemma="뿌려서" pos="X">뿌려서</wf>
         <wf lemma="거피를" pos="X">거피를</wf>
         <wf lemma="내고" pos="X">내고</wf>
         <wf lemma="이겼다." pos="X">이겼다.</wf>
      </sentence>
      <sentence id="d000.s2962" source="wordnet-korean">
         <instance id="d000.s2962.t000" lemma="퇴폐" pos="NOUN">퇴폐</instance>
         <wf lemma="풍조." pos="X">풍조.</wf>
      </sentence>
      <sentence id="d000.s2963" source="wordnet-korean">
         <wf lemma="사업의" pos="X">사업의</wf>
         <wf lemma="잇단" pos="X">잇단</wf>
         <wf lemma="실패," pos="X">실패,</wf>
         <wf lemma="어머니의" pos="X">어머니의</wf>
         <wf lemma="병환" pos="X">병환</wf>
         <wf lemma="등으로" pos="X">등으로</wf>
         <wf lemma="경수는" pos="X">경수는</wf>
         <wf lemma="아주" pos="X">아주</wf>
         <instance id="d000.s2963.t000" lemma="비운" pos="NOUN">비운</instance>
         <wf lemma="에" pos="X">에</wf>
         <wf lemma="빠져" pos="X">빠져</wf>
         <wf lemma="버렸다." pos="X">버렸다.</wf>
      </sentence>
      <sentence id="d000.s2964" source="wordnet-korean">
         <instance id="d000.s2964.t000" lemma="배후" pos="NOUN">배후</instance>
         <wf lemma="에서" pos="X">에서</wf>
         <wf lemma="조종한다." pos="X">조종한다.</wf>
      </sentence>
      <sentence id="d000.s2965" source="wordnet-korean">
         <wf lemma="일제의" pos="X">일제의</wf>
         <wf lemma="국어" pos="X">국어</wf>
         <instance id="d000.s2965.t000" lemma="말살" pos="NOUN">말살</instance>
         <wf lemma="정책." pos="X">정책.</wf>
      </sentence>
      <sentence id="d000.s2966" source="wordnet-korean">
         <wf lemma="그" pos="X">그</wf>
         <wf lemma="놈은" pos="X">놈은</wf>
         <wf lemma="제" pos="X">제</wf>
         <instance id="d000.s2966.t000" lemma="잇속" pos="NOUN">잇속</instance>
         <wf lemma="만" pos="X">만</wf>
         <wf lemma="차리려는" pos="X">차리려는</wf>
         <wf lemma="감발저뀌야." pos="X">감발저뀌야.</wf>
      </sentence>
      <sentence id="d000.s2967" source="wordnet-korean">
         <wf lemma="국회의원" pos="X">국회의원</wf>
         <instance id="d000.s2967.t000" lemma="선거" pos="NOUN">선거</instance>
         <wf lemma="." pos="X">.</wf>
      </sentence>
      <sentence id="d000.s2968" source="wordnet-korean">
         <instance id="d000.s2968.t000" lemma="판" pos="NOUN">판</instance>
         <wf lemma="이" pos="X">이</wf>
         <wf lemma="얇다." pos="X">얇다.</wf>
      </sentence>
      <sentence id="d000.s2969" source="wordnet-korean">
         <wf lemma="원수가" pos="X">원수가</wf>
         <instance id="d000.s2969.t000" lemma="지다" pos="NOUN">지다</instance>
         <wf lemma="." pos="X">.</wf>
      </sentence>
      <sentence id="d000.s2970" source="wordnet-korean">
         <wf lemma="제" pos="X">제</wf>
         <instance id="d000.s2970.t000" lemma="값어치" pos="NOUN">값어치</instance>
         <wf lemma="를" pos="X">를</wf>
         <wf lemma="지닌" pos="X">지닌</wf>
         <wf lemma="물건." pos="X">물건.</wf>
      </sentence>
      <sentence id="d000.s2971" source="wordnet-korean">
         <instance id="d000.s2971.t000" lemma="빈곤" pos="NOUN">빈곤</instance>
         <wf lemma="의" pos="X">의</wf>
         <wf lemma="타파." pos="X">타파.</wf>
      </sentence>
      <sentence id="d000.s2972" source="wordnet-korean">
         <instance id="d000.s2972.t000" lemma="가옥" pos="NOUN">가옥</instance>
         <wf lemma="구조" pos="X">구조</wf>
         <wf lemma="개량." pos="X">개량.</wf>
      </sentence>
      <sentence id="d000.s2973" source="wordnet-korean">
         <wf lemma="한국은행" pos="X">한국은행</wf>
         <instance id="d000.s2973.t000" lemma="발행" pos="NOUN">발행</instance>
         <wf lemma="만" pos="X">만</wf>
         <wf lemma="원" pos="X">원</wf>
         <wf lemma="권" pos="X">권</wf>
         <wf lemma="지폐." pos="X">지폐.</wf>
      </sentence>
      <sentence id="d000.s2974" source="wordnet-korean">
         <wf lemma="5월" pos="X">5월</wf>
         <instance id="d000.s2974.t000" lemma="호" pos="NOUN">호</instance>
         <wf lemma="." pos="X">.</wf>
      </sentence>
      <sentence id="d000.s2975" source="wordnet-korean">
         <instance id="d000.s2975.t000" lemma="사색" pos="NOUN">사색</instance>
         <wf lemma="을" pos="X">을</wf>
         <wf lemma="즐기다." pos="X">즐기다.</wf>
      </sentence>
      <sentence id="d000.s2976" source="wordnet-korean">
         <instance id="d000.s2976.t000" lemma="지세" pos="NOUN">지세</instance>
         <wf lemma="가" pos="X">가</wf>
         <wf lemma="험하다." pos="X">험하다.</wf>
      </sentence>
      <sentence id="d000.s2977" source="wordnet-korean">
         <wf lemma="나무와" pos="X">나무와</wf>
         <wf lemma="나무의" pos="X">나무의</wf>
         <instance id="d000.s2977.t000" lemma="마찰" pos="NOUN">마찰</instance>
         <wf lemma="로" pos="X">로</wf>
         <wf lemma="불이" pos="X">불이</wf>
         <wf lemma="났다." pos="X">났다.</wf>
      </sentence>
      <sentence id="d000.s2978" source="wordnet-korean">
         <wf lemma="간부" pos="X">간부</wf>
         <instance id="d000.s2978.t000" lemma="간부" pos="NOUN">간부</instance>
         <wf lemma="." pos="X">.</wf>
      </sentence>
      <sentence id="d000.s2979" source="wordnet-korean">
         <instance id="d000.s2979.t000" lemma="견문" pos="NOUN">견문</instance>
         <wf lemma="을" pos="X">을</wf>
         <wf lemma="넓히다." pos="X">넓히다.</wf>
      </sentence>
      <sentence id="d000.s2980" source="wordnet-korean">
         <wf lemma="함량" pos="X">함량</wf>
         <instance id="d000.s2980.t000" lemma="미달" pos="NOUN">미달</instance>
         <wf lemma="." pos="X">.</wf>
      </sentence>
      <sentence id="d000.s2981" source="wordnet-korean">
         <instance id="d000.s2981.t000" lemma="엄중" pos="NOUN">엄중</instance>
         <wf lemma="문책." pos="X">문책.</wf>
      </sentence>
      <sentence id="d000.s2982" source="wordnet-korean">
         <instance id="d000.s2982.t000" lemma="상반신" pos="NOUN">상반신</instance>
         <wf lemma="을" pos="X">을</wf>
         <wf lemma="일으키다." pos="X">일으키다.</wf>
      </sentence>
      <sentence id="d000.s2983" source="wordnet-korean">
         <wf lemma="착한" pos="X">착한</wf>
         <instance id="d000.s2983.t000" lemma="마음씨" pos="NOUN">마음씨</instance>
         <wf lemma="." pos="X">.</wf>
      </sentence>
      <sentence id="d000.s2984" source="wordnet-korean">
         <wf lemma="이놈이" pos="X">이놈이</wf>
         <wf lemma="심술이" pos="X">심술이</wf>
         <wf lemma="고약하여" pos="X">고약하여</wf>
         <wf lemma="술" pos="X">술</wf>
         <wf lemma="잘" pos="X">잘</wf>
         <wf lemma="먹고" pos="X">먹고</wf>
         <wf lemma="욕" pos="X">욕</wf>
         <wf lemma="잘" pos="X">잘</wf>
         <wf lemma="하기," pos="X">하기,</wf>
         <wf lemma="패는" pos="X">패는</wf>
         <wf lemma="곡식" pos="X">곡식</wf>
         <wf lemma="이삭" pos="X">이삭</wf>
         <wf lemma="빼기," pos="X">빼기,</wf>
         <wf lemma="잔치" pos="X">잔치</wf>
         <wf lemma="밥에" pos="X">밥에</wf>
         <wf lemma="모래" pos="X">모래</wf>
         <wf lemma="넣기," pos="X">넣기,</wf>
         <wf lemma="남의" pos="X">남의</wf>
         <instance id="d000.s2984.t000" lemma="양주" pos="NOUN">양주</instance>
         <wf lemma="잠자는" pos="X">잠자는</wf>
         <wf lemma="데" pos="X">데</wf>
         <wf lemma="소리" pos="X">소리</wf>
         <wf lemma="질러" pos="X">질러</wf>
         <wf lemma="불러" pos="X">불러</wf>
         <wf lemma="내기…." pos="X">내기….</wf>
      </sentence>
      <sentence id="d000.s2985" source="wordnet-korean">
         <instance id="d000.s2985.t000" lemma="비료" pos="NOUN">비료</instance>
         <wf lemma="공장." pos="X">공장.</wf>
      </sentence>
      <sentence id="d000.s2986" source="wordnet-korean">
         <wf lemma="세" pos="X">세</wf>
         <instance id="d000.s2986.t000" lemma="정보" pos="NOUN">정보</instance>
         <wf lemma="." pos="X">.</wf>
      </sentence>
      <sentence id="d000.s2987" source="wordnet-korean">
         <wf lemma="부대" pos="X">부대</wf>
         <instance id="d000.s2987.t000" lemma="편성" pos="NOUN">편성</instance>
         <wf lemma="." pos="X">.</wf>
      </sentence>
      <sentence id="d000.s2988" source="wordnet-korean">
         <wf lemma="수도" pos="X">수도</wf>
         <instance id="d000.s2988.t000" lemma="고동" pos="NOUN">고동</instance>
         <wf lemma="을" pos="X">을</wf>
         <wf lemma="틀다." pos="X">틀다.</wf>
      </sentence>
      <sentence id="d000.s2989" source="wordnet-korean">
         <instance id="d000.s2989.t000" lemma="다정" pos="NOUN">다정</instance>
         <wf lemma="도" pos="X">도</wf>
         <wf lemma="병인" pos="X">병인</wf>
         <wf lemma="양하여" pos="X">양하여</wf>
         <wf lemma="잠" pos="X">잠</wf>
         <wf lemma="못" pos="X">못</wf>
         <wf lemma="들어" pos="X">들어</wf>
         <wf lemma="하노라." pos="X">하노라.</wf>
      </sentence>
      <sentence id="d000.s2990" source="wordnet-korean">
         <wf lemma="그로서는" pos="X">그로서는</wf>
         <wf lemma="이" pos="X">이</wf>
         <wf lemma="일을" pos="X">일을</wf>
         <wf lemma="맡아" pos="X">맡아</wf>
         <wf lemma="낼" pos="X">낼</wf>
         <instance id="d000.s2990.t000" lemma="방도" pos="NOUN">방도</instance>
         <wf lemma="가" pos="X">가</wf>
         <wf lemma="없었다." pos="X">없었다.</wf>
      </sentence>
      <sentence id="d000.s2991" source="wordnet-korean">
         <instance id="d000.s2991.t000" lemma="시행" pos="NOUN">시행</instance>
         <wf lemma="에" pos="X">에</wf>
         <wf lemma="관한" pos="X">관한</wf>
         <wf lemma="세칙." pos="X">세칙.</wf>
      </sentence>
      <sentence id="d000.s2992" source="wordnet-korean">
         <wf lemma="인원의" pos="X">인원의</wf>
         <instance id="d000.s2992.t000" lemma="다소" pos="NOUN">다소</instance>
         <wf lemma="에" pos="X">에</wf>
         <wf lemma="따라" pos="X">따라</wf>
         <wf lemma="돌아가는" pos="X">돌아가는</wf>
         <wf lemma="몫도" pos="X">몫도</wf>
         <wf lemma="달라진다." pos="X">달라진다.</wf>
      </sentence>
      <sentence id="d000.s2993" source="wordnet-korean">
         <instance id="d000.s2993.t000" lemma="볼륨" pos="NOUN">볼륨</instance>
         <wf lemma="을" pos="X">을</wf>
         <wf lemma="높이다." pos="X">높이다.</wf>
      </sentence>
      <sentence id="d000.s2994" source="wordnet-korean">
         <instance id="d000.s2994.t000" lemma="사이" pos="NOUN">사이</instance>
         <wf lemma="가" pos="X">가</wf>
         <wf lemma="멀다." pos="X">멀다.</wf>
      </sentence>
      <sentence id="d000.s2995" source="wordnet-korean">
         <instance id="d000.s2995.t000" lemma="보증" pos="NOUN">보증</instance>
         <wf lemma="을" pos="X">을</wf>
         <wf lemma="세우다." pos="X">세우다.</wf>
      </sentence>
      <sentence id="d000.s2996" source="wordnet-korean">
         <wf lemma="갈비" pos="X">갈비</wf>
         <wf lemma="두" pos="X">두</wf>
         <instance id="d000.s2996.t000" lemma="짝" pos="NOUN">짝</instance>
         <wf lemma="." pos="X">.</wf>
      </sentence>
      <sentence id="d000.s2997" source="wordnet-korean">
         <wf lemma="높은" pos="X">높은</wf>
         <instance id="d000.s2997.t000" lemma="도수" pos="NOUN">도수</instance>
         <wf lemma="." pos="X">.</wf>
      </sentence>
      <sentence id="d000.s2998" source="wordnet-korean">
         <wf lemma="실험" pos="X">실험</wf>
         <instance id="d000.s2998.t000" lemma="방법" pos="NOUN">방법</instance>
         <wf lemma="." pos="X">.</wf>
      </sentence>
      <sentence id="d000.s2999" source="wordnet-korean">
         <instance id="d000.s2999.t000" lemma="그림자" pos="NOUN">그림자</instance>
         <wf lemma="가" pos="X">가</wf>
         <wf lemma="생기다." pos="X">생기다.</wf>
      </sentence>
      <sentence id="d000.s3000" source="wordnet-korean">
         <instance id="d000.s3000.t000" lemma="방" pos="NOUN">방</instance>
         <wf lemma="이" pos="X">이</wf>
         <wf lemma="좁다." pos="X">좁다.</wf>
      </sentence>
      <sentence id="d000.s3001" source="wordnet-korean">
         <instance id="d000.s3001.t000" lemma="분" pos="NOUN">분</instance>
         <wf lemma="이" pos="X">이</wf>
         <wf lemma="잘" pos="X">잘</wf>
         <wf lemma="먹는다." pos="X">먹는다.</wf>
      </sentence>
      <sentence id="d000.s3002" source="wordnet-korean">
         <instance id="d000.s3002.t000" lemma="편" pos="NOUN">편</instance>
         <wf lemma="이" pos="X">이</wf>
         <wf lemma="많은" pos="X">많은</wf>
         <wf lemma="사람." pos="X">사람.</wf>
      </sentence>
      <sentence id="d000.s3003" source="wordnet-korean">
         <instance id="d000.s3003.t000" lemma="공복" pos="NOUN">공복</instance>
         <wf lemma="에" pos="X">에</wf>
         <wf lemma="먹는" pos="X">먹는</wf>
         <wf lemma="약." pos="X">약.</wf>
      </sentence>
      <sentence id="d000.s3004" source="wordnet-korean">
         <instance id="d000.s3004.t000" lemma="동그라미" pos="NOUN">동그라미</instance>
         <wf lemma="를" pos="X">를</wf>
         <wf lemma="친다." pos="X">친다.</wf>
      </sentence>
      <sentence id="d000.s3005" source="wordnet-korean">
         <instance id="d000.s3005.t000" lemma="끝" pos="NOUN">끝</instance>
         <wf lemma="번호." pos="X">번호.</wf>
      </sentence>
      <sentence id="d000.s3006" source="wordnet-korean">
         <instance id="d000.s3006.t000" lemma="불량" pos="NOUN">불량</instance>
         <wf lemma="제품." pos="X">제품.</wf>
      </sentence>
      <sentence id="d000.s3007" source="wordnet-korean">
         <wf lemma="정의" pos="X">정의</wf>
         <instance id="d000.s3007.t000" lemma="옹호" pos="NOUN">옹호</instance>
         <wf lemma="." pos="X">.</wf>
      </sentence>
      <sentence id="d000.s3008" source="wordnet-korean">
         <instance id="d000.s3008.t000" lemma="금박" pos="NOUN">금박</instance>
         <wf lemma="을" pos="X">을</wf>
         <wf lemma="박다." pos="X">박다.</wf>
      </sentence>
      <sentence id="d000.s3009" source="wordnet-korean">
         <instance id="d000.s3009.t000" lemma="예속" pos="NOUN">예속</instance>
         <wf lemma="을" pos="X">을</wf>
         <wf lemma="거느리다." pos="X">거느리다.</wf>
      </sentence>
      <sentence id="d000.s3010" source="wordnet-korean">
         <wf lemma="딸이" pos="X">딸이</wf>
         <wf lemma="옆에" pos="X">옆에</wf>
         <wf lemma="있는데도" pos="X">있는데도</wf>
         <instance id="d000.s3010.t000" lemma="체통" pos="NOUN">체통</instance>
         <wf lemma="도" pos="X">도</wf>
         <wf lemma="없이" pos="X">없이</wf>
         <wf lemma="울먹거리는" pos="X">울먹거리는</wf>
         <wf lemma="것이" pos="X">것이</wf>
         <wf lemma="아닌가." pos="X">아닌가.</wf>
      </sentence>
      <sentence id="d000.s3011" source="wordnet-korean">
         <instance id="d000.s3011.t000" lemma="말" pos="NOUN">말</instance>
         <wf lemma="이" pos="X">이</wf>
         <wf lemma="똑똑하다." pos="X">똑똑하다.</wf>
      </sentence>
      <sentence id="d000.s3012" source="wordnet-korean">
         <wf lemma="한국의" pos="X">한국의</wf>
         <instance id="d000.s3012.t000" lemma="심장" pos="NOUN">심장</instance>
         <wf lemma="서울." pos="X">서울.</wf>
      </sentence>
      <sentence id="d000.s3013" source="wordnet-korean">
         <instance id="d000.s3013.t000" lemma="교체" pos="NOUN">교체</instance>
         <wf lemma="분과" pos="X">분과</wf>
         <wf lemma="위원회." pos="X">위원회.</wf>
      </sentence>
      <sentence id="d000.s3014" source="wordnet-korean">
         <wf lemma="구김" pos="X">구김</wf>
         <instance id="d000.s3014.t000" lemma="살" pos="NOUN">살</instance>
         <wf lemma="." pos="X">.</wf>
      </sentence>
      <sentence id="d000.s3015" source="wordnet-korean">
         <instance id="d000.s3015.t000" lemma="발음" pos="NOUN">발음</instance>
         <wf lemma="이" pos="X">이</wf>
         <wf lemma="정확하다." pos="X">정확하다.</wf>
      </sentence>
      <sentence id="d000.s3016" source="wordnet-korean">
         <instance id="d000.s3016.t000" lemma="발" pos="NOUN">발</instance>
         <wf lemma="이" pos="X">이</wf>
         <wf lemma="재다." pos="X">재다.</wf>
      </sentence>
      <sentence id="d000.s3017" source="wordnet-korean">
         <wf lemma="서울역" pos="X">서울역</wf>
         <instance id="d000.s3017.t000" lemma="광장" pos="NOUN">광장</instance>
         <wf lemma="." pos="X">.</wf>
      </sentence>
      <sentence id="d000.s3018" source="wordnet-korean">
         <instance id="d000.s3018.t000" lemma="기념" pos="NOUN">기념</instance>
         <wf lemma="행사." pos="X">행사.</wf>
      </sentence>
      <sentence id="d000.s3019" source="wordnet-korean">
         <instance id="d000.s3019.t000" lemma="불충분" pos="NOUN">불충분</instance>
         <wf lemma="조건." pos="X">조건.</wf>
      </sentence>
      <sentence id="d000.s3020" source="wordnet-korean">
         <wf lemma="알의" pos="X">알의</wf>
         <wf lemma="노른" pos="X">노른</wf>
         <instance id="d000.s3020.t000" lemma="자위" pos="NOUN">자위</instance>
         <wf lemma="." pos="X">.</wf>
      </sentence>
      <sentence id="d000.s3021" source="wordnet-korean">
         <instance id="d000.s3021.t000" lemma="맥락" pos="NOUN">맥락</instance>
         <wf lemma="을" pos="X">을</wf>
         <wf lemma="잇다." pos="X">잇다.</wf>
      </sentence>
      <sentence id="d000.s3022" source="wordnet-korean">
         <wf lemma="상" pos="X">상</wf>
         <instance id="d000.s3022.t000" lemma="공" pos="NOUN">공</instance>
         <wf lemma="." pos="X">.</wf>
      </sentence>
      <sentence id="d000.s3023" source="wordnet-korean">
         <wf lemma="날숨은" pos="X">날숨은</wf>
         <wf lemma="몸" pos="X">몸</wf>
         <instance id="d000.s3023.t000" lemma="밖" pos="NOUN">밖</instance>
         <wf lemma="으로" pos="X">으로</wf>
         <wf lemma="내보내는" pos="X">내보내는</wf>
         <wf lemma="숨이다." pos="X">숨이다.</wf>
      </sentence>
      <sentence id="d000.s3024" source="wordnet-korean">
         <instance id="d000.s3024.t000" lemma="편지" pos="NOUN">편지</instance>
         <wf lemma="를" pos="X">를</wf>
         <wf lemma="쓴다." pos="X">쓴다.</wf>
      </sentence>
      <sentence id="d000.s3025" source="wordnet-korean">
         <instance id="d000.s3025.t000" lemma="호위" pos="NOUN">호위</instance>
         <wf lemma="군사." pos="X">군사.</wf>
      </sentence>
      <sentence id="d000.s3026" source="wordnet-korean">
         <wf lemma="자유의" pos="X">자유의</wf>
         <instance id="d000.s3026.t000" lemma="깃발" pos="NOUN">깃발</instance>
         <wf lemma="." pos="X">.</wf>
      </sentence>
      <sentence id="d000.s3027" source="wordnet-korean">
         <instance id="d000.s3027.t000" lemma="생산" pos="NOUN">생산</instance>
         <wf lemma="기술." pos="X">기술.</wf>
      </sentence>
      <sentence id="d000.s3028" source="wordnet-korean">
         <instance id="d000.s3028.t000" lemma="가입" pos="NOUN">가입</instance>
         <wf lemma="절차." pos="X">절차.</wf>
      </sentence>
      <sentence id="d000.s3029" source="wordnet-korean">
         <instance id="d000.s3029.t000" lemma="비행기" pos="NOUN">비행기</instance>
         <wf lemma="가" pos="X">가</wf>
         <wf lemma="뜬다." pos="X">뜬다.</wf>
      </sentence>
      <sentence id="d000.s3030" source="wordnet-korean">
         <instance id="d000.s3030.t000" lemma="통제" pos="NOUN">통제</instance>
         <wf lemma="를" pos="X">를</wf>
         <wf lemma="가한다." pos="X">가한다.</wf>
      </sentence>
      <sentence id="d000.s3031" source="wordnet-korean">
         <instance id="d000.s3031.t000" lemma="도태" pos="NOUN">도태</instance>
         <wf lemma="가" pos="X">가</wf>
         <wf lemma="일어나다." pos="X">일어나다.</wf>
      </sentence>
      <sentence id="d000.s3032" source="wordnet-korean">
         <instance id="d000.s3032.t000" lemma="수풀" pos="NOUN">수풀</instance>
         <wf lemma="을" pos="X">을</wf>
         <wf lemma="헤치고" pos="X">헤치고</wf>
         <wf lemma="나오니" pos="X">나오니</wf>
         <wf lemma="오솔길이" pos="X">오솔길이</wf>
         <wf lemma="나타났다." pos="X">나타났다.</wf>
      </sentence>
      <sentence id="d000.s3033" source="wordnet-korean">
         <instance id="d000.s3033.t000" lemma="파" pos="NOUN">파</instance>
         <wf lemma="가" pos="X">가</wf>
         <wf lemma="갈라지다." pos="X">갈라지다.</wf>
      </sentence>
      <sentence id="d000.s3034" source="wordnet-korean">
         <wf lemma="전시품" pos="X">전시품</wf>
         <instance id="d000.s3034.t000" lemma="목록" pos="NOUN">목록</instance>
         <wf lemma="." pos="X">.</wf>
      </sentence>
      <sentence id="d000.s3035" source="wordnet-korean">
         <instance id="d000.s3035.t000" lemma="처음" pos="NOUN">처음</instance>
         <wf lemma="과" pos="X">과</wf>
         <wf lemma="나중." pos="X">나중.</wf>
      </sentence>
      <sentence id="d000.s3036" source="wordnet-korean">
         <wf lemma="신발" pos="X">신발</wf>
         <instance id="d000.s3036.t000" lemma="가게" pos="NOUN">가게</instance>
         <wf lemma="." pos="X">.</wf>
      </sentence>
      <sentence id="d000.s3037" source="wordnet-korean">
         <wf lemma="민족성의" pos="X">민족성의</wf>
         <wf lemma="한" pos="X">한</wf>
         <instance id="d000.s3037.t000" lemma="단면" pos="NOUN">단면</instance>
         <wf lemma="." pos="X">.</wf>
      </sentence>
      <sentence id="d000.s3038" source="wordnet-korean">
         <wf lemma="그는" pos="X">그는</wf>
         <wf lemma="세종" pos="X">세종</wf>
         <instance id="d000.s3038.t000" lemma="때" pos="NOUN">때</instance>
         <wf lemma="사람이다." pos="X">사람이다.</wf>
      </sentence>
      <sentence id="d000.s3039" source="wordnet-korean">
         <instance id="d000.s3039.t000" lemma="발길" pos="NOUN">발길</instance>
         <wf lemma="을" pos="X">을</wf>
         <wf lemma="돌린다." pos="X">돌린다.</wf>
      </sentence>
      <sentence id="d000.s3040" source="wordnet-korean">
         <wf lemma="좋은(나쁜)" pos="X">좋은(나쁜)</wf>
         <instance id="d000.s3040.t000" lemma="작용" pos="NOUN">작용</instance>
         <wf lemma="을" pos="X">을</wf>
         <wf lemma="하다." pos="X">하다.</wf>
      </sentence>
      <sentence id="d000.s3041" source="wordnet-korean">
         <instance id="d000.s3041.t000" lemma="물질" pos="NOUN">물질</instance>
         <wf lemma="도" pos="X">도</wf>
         <wf lemma="중요하지만" pos="X">중요하지만</wf>
         <wf lemma="정신의" pos="X">정신의</wf>
         <wf lemma="풍요가" pos="X">풍요가</wf>
         <wf lemma="더" pos="X">더</wf>
         <wf lemma="중요하다." pos="X">중요하다.</wf>
      </sentence>
      <sentence id="d000.s3042" source="wordnet-korean">
         <wf lemma="졸지에" pos="X">졸지에</wf>
         <wf lemma="부모를" pos="X">부모를</wf>
         <wf lemma="잃고" pos="X">잃고</wf>
         <instance id="d000.s3042.t000" lemma="비감" pos="NOUN">비감</instance>
         <wf lemma="에" pos="X">에</wf>
         <wf lemma="젖어" pos="X">젖어</wf>
         <wf lemma="있다." pos="X">있다.</wf>
      </sentence>
      <sentence id="d000.s3043" source="wordnet-korean">
         <instance id="d000.s3043.t000" lemma="발길" pos="NOUN">발길</instance>
         <wf lemma="에" pos="X">에</wf>
         <wf lemma="챈다." pos="X">챈다.</wf>
      </sentence>
      <sentence id="d000.s3044" source="wordnet-korean">
         <wf lemma="복지사회" pos="X">복지사회</wf>
         <instance id="d000.s3044.t000" lemma="건설" pos="NOUN">건설</instance>
         <wf lemma="." pos="X">.</wf>
      </sentence>
      <sentence id="d000.s3045" source="wordnet-korean">
         <instance id="d000.s3045.t000" lemma="녹음" pos="NOUN">녹음</instance>
         <wf lemma="장치." pos="X">장치.</wf>
      </sentence>
      <sentence id="d000.s3046" source="wordnet-korean">
         <wf lemma="항공" pos="X">항공</wf>
         <instance id="d000.s3046.t000" lemma="재개" pos="NOUN">재개</instance>
         <wf lemma="." pos="X">.</wf>
      </sentence>
      <sentence id="d000.s3047" source="wordnet-korean">
         <instance id="d000.s3047.t000" lemma="조" pos="NOUN">조</instance>
         <wf lemma="를" pos="X">를</wf>
         <wf lemma="묶다." pos="X">묶다.</wf>
      </sentence>
      <sentence id="d000.s3048" source="wordnet-korean">
         <wf lemma="천하가" pos="X">천하가</wf>
         <instance id="d000.s3048.t000" lemma="난마" pos="NOUN">난마</instance>
         <wf lemma="와" pos="X">와</wf>
         <wf lemma="같이" pos="X">같이</wf>
         <wf lemma="어지러워" pos="X">어지러워</wf>
         <wf lemma="어디서" pos="X">어디서</wf>
         <wf lemma="무슨" pos="X">무슨</wf>
         <wf lemma="변란이" pos="X">변란이</wf>
         <wf lemma="고려에까지" pos="X">고려에까지</wf>
         <wf lemma="밀려" pos="X">밀려</wf>
         <wf lemma="들어올지" pos="X">들어올지</wf>
         <wf lemma="모를" pos="X">모를</wf>
         <wf lemma="형세라…." pos="X">형세라….</wf>
      </sentence>
      <sentence id="d000.s3049" source="wordnet-korean">
         <instance id="d000.s3049.t000" lemma="사이" pos="NOUN">사이</instance>
         <wf lemma="가" pos="X">가</wf>
         <wf lemma="뜨다." pos="X">뜨다.</wf>
      </sentence>
      <sentence id="d000.s3050" source="wordnet-korean">
         <instance id="d000.s3050.t000" lemma="구름" pos="NOUN">구름</instance>
         <wf lemma="이" pos="X">이</wf>
         <wf lemma="끼다." pos="X">끼다.</wf>
      </sentence>
      <sentence id="d000.s3051" source="wordnet-korean">
         <wf lemma="기계" pos="X">기계</wf>
         <instance id="d000.s3051.t000" lemma="시설" pos="NOUN">시설</instance>
         <wf lemma="." pos="X">.</wf>
      </sentence>
      <sentence id="d000.s3052" source="wordnet-korean">
         <instance id="d000.s3052.t000" lemma="의식" pos="NOUN">의식</instance>
         <wf lemma="을" pos="X">을</wf>
         <wf lemma="잃다." pos="X">잃다.</wf>
      </sentence>
      <sentence id="d000.s3053" source="wordnet-korean">
         <instance id="d000.s3053.t000" lemma="여류" pos="NOUN">여류</instance>
         <wf lemma="문학." pos="X">문학.</wf>
      </sentence>
      <sentence id="d000.s3054" source="wordnet-korean">
         <wf lemma="이" pos="X">이</wf>
         <instance id="d000.s3054.t000" lemma="부서" pos="NOUN">부서</instance>
         <wf lemma="에서" pos="X">에서</wf>
         <wf lemma="하는" pos="X">하는</wf>
         <wf lemma="일." pos="X">일.</wf>
      </sentence>
      <sentence id="d000.s3055" source="wordnet-korean">
         <wf lemma="■■" pos="X">■■</wf>
         <instance id="d000.s3055.t000" lemma="목소리" pos="NOUN">목소리</instance>
         <wf lemma="니…." pos="X">니….</wf>
      </sentence>
      <sentence id="d000.s3056" source="wordnet-korean">
         <wf lemma="화재" pos="X">화재</wf>
         <wf lemma="한" pos="X">한</wf>
         <instance id="d000.s3056.t000" lemma="건" pos="NOUN">건</instance>
         <wf lemma="." pos="X">.</wf>
      </sentence>
      <sentence id="d000.s3057" source="wordnet-korean">
         <instance id="d000.s3057.t000" lemma="공동" pos="NOUN">공동</instance>
         <wf lemma="투자." pos="X">투자.</wf>
      </sentence>
      <sentence id="d000.s3058" source="wordnet-korean">
         <instance id="d000.s3058.t000" lemma="생리" pos="NOUN">생리</instance>
         <wf lemma="에" pos="X">에</wf>
         <wf lemma="맞지" pos="X">맞지</wf>
         <wf lemma="않는" pos="X">않는</wf>
         <wf lemma="환경." pos="X">환경.</wf>
      </sentence>
      <sentence id="d000.s3059" source="wordnet-korean">
         <wf lemma="보리" pos="X">보리</wf>
         <instance id="d000.s3059.t000" lemma="종자" pos="NOUN">종자</instance>
         <wf lemma="." pos="X">.</wf>
      </sentence>
      <sentence id="d000.s3060" source="wordnet-korean">
         <wf lemma="참모" pos="X">참모</wf>
         <instance id="d000.s3060.t000" lemma="부" pos="NOUN">부</instance>
         <wf lemma="." pos="X">.</wf>
      </sentence>
      <sentence id="d000.s3061" source="wordnet-korean">
         <wf lemma="차안에서" pos="X">차안에서</wf>
         <wf lemma="앉을" pos="X">앉을</wf>
         <wf lemma="자리를" pos="X">자리를</wf>
         <instance id="d000.s3061.t000" lemma="양보" pos="NOUN">양보</instance>
         <wf lemma="받아" pos="X">받아</wf>
         <wf lemma="흐뭇하였다." pos="X">흐뭇하였다.</wf>
      </sentence>
      <sentence id="d000.s3062" source="wordnet-korean">
         <instance id="d000.s3062.t000" lemma="미소" pos="NOUN">미소</instance>
         <wf lemma="지각." pos="X">지각.</wf>
      </sentence>
      <sentence id="d000.s3063" source="wordnet-korean">
         <wf lemma="곤란한" pos="X">곤란한</wf>
         <instance id="d000.s3063.t000" lemma="위치" pos="NOUN">위치</instance>
         <wf lemma="에" pos="X">에</wf>
         <wf lemma="있는" pos="X">있는</wf>
         <wf lemma="친구." pos="X">친구.</wf>
      </sentence>
      <sentence id="d000.s3064" source="wordnet-korean">
         <wf lemma="도시" pos="X">도시</wf>
         <instance id="d000.s3064.t000" lemma="건설" pos="NOUN">건설</instance>
         <wf lemma="." pos="X">.</wf>
      </sentence>
      <sentence id="d000.s3065" source="wordnet-korean">
         <instance id="d000.s3065.t000" lemma="불빛" pos="NOUN">불빛</instance>
         <wf lemma="이" pos="X">이</wf>
         <wf lemma="어둡다." pos="X">어둡다.</wf>
      </sentence>
      <sentence id="d000.s3066" source="wordnet-korean">
         <wf lemma="글쓰는" pos="X">글쓰는</wf>
         <wf lemma="이들에게는" pos="X">이들에게는</wf>
         <wf lemma="말" pos="X">말</wf>
         <instance id="d000.s3066.t000" lemma="숱" pos="NOUN">숱</instance>
         <wf lemma="을" pos="X">을</wf>
         <wf lemma="풍요롭게" pos="X">풍요롭게</wf>
         <wf lemma="할" pos="X">할</wf>
         <wf lemma="책임이" pos="X">책임이</wf>
         <wf lemma="있다." pos="X">있다.</wf>
      </sentence>
      <sentence id="d000.s3067" source="wordnet-korean">
         <instance id="d000.s3067.t000" lemma="동정" pos="NOUN">동정</instance>
         <wf lemma="을" pos="X">을</wf>
         <wf lemma="지키다." pos="X">지키다.</wf>
      </sentence>
      <sentence id="d000.s3068" source="wordnet-korean">
         <instance id="d000.s3068.t000" lemma="밖" pos="NOUN">밖</instance>
         <wf lemma="에서" pos="X">에서</wf>
         <wf lemma="하룻밤을" pos="X">하룻밤을</wf>
         <wf lemma="지새웠다." pos="X">지새웠다.</wf>
      </sentence>
      <sentence id="d000.s3069" source="wordnet-korean">
         <instance id="d000.s3069.t000" lemma="안도" pos="NOUN">안도</instance>
         <wf lemma="의" pos="X">의</wf>
         <wf lemma="빛이" pos="X">빛이</wf>
         <wf lemma="돌다." pos="X">돌다.</wf>
      </sentence>
      <sentence id="d000.s3070" source="wordnet-korean">
         <wf lemma="모든" pos="X">모든</wf>
         <wf lemma="것을" pos="X">것을</wf>
         <wf lemma="바칠" pos="X">바칠</wf>
         <instance id="d000.s3070.t000" lemma="용의" pos="NOUN">용의</instance>
         <wf lemma="가" pos="X">가</wf>
         <wf lemma="생겼다." pos="X">생겼다.</wf>
      </sentence>
      <sentence id="d000.s3071" source="wordnet-korean">
         <instance id="d000.s3071.t000" lemma="번호" pos="NOUN">번호</instance>
         <wf lemma="를" pos="X">를</wf>
         <wf lemma="매긴다." pos="X">매긴다.</wf>
      </sentence>
      <sentence id="d000.s3072" source="wordnet-korean">
         <wf lemma="다섯" pos="X">다섯</wf>
         <instance id="d000.s3072.t000" lemma="몫" pos="NOUN">몫</instance>
         <wf lemma="으로" pos="X">으로</wf>
         <wf lemma="나누다." pos="X">나누다.</wf>
      </sentence>
      <sentence id="d000.s3073" source="wordnet-korean">
         <wf lemma="주련" pos="X">주련</wf>
         <wf lemma="한" pos="X">한</wf>
         <instance id="d000.s3073.t000" lemma="대" pos="NOUN">대</instance>
         <wf lemma="." pos="X">.</wf>
      </sentence>
      <sentence id="d000.s3074" source="wordnet-korean">
         <wf lemma="대충" pos="X">대충</wf>
         <wf lemma="일이" pos="X">일이</wf>
         <wf lemma="끝나고" pos="X">끝나고</wf>
         <instance id="d000.s3074.t000" lemma="뒤처리" pos="NOUN">뒤처리</instance>
         <wf lemma="가" pos="X">가</wf>
         <wf lemma="남았다." pos="X">남았다.</wf>
      </sentence>
      <sentence id="d000.s3075" source="wordnet-korean">
         <instance id="d000.s3075.t000" lemma="옥색" pos="NOUN">옥색</instance>
         <wf lemma="바지." pos="X">바지.</wf>
      </sentence>
      <sentence id="d000.s3076" source="wordnet-korean">
         <instance id="d000.s3076.t000" lemma="경위" pos="NOUN">경위</instance>
         <wf lemma="를" pos="X">를</wf>
         <wf lemma="따지다." pos="X">따지다.</wf>
      </sentence>
      <sentence id="d000.s3077" source="wordnet-korean">
         <wf lemma="10m" pos="X">10m</wf>
         <instance id="d000.s3077.t000" lemma="간격" pos="NOUN">간격</instance>
         <wf lemma="으로" pos="X">으로</wf>
         <wf lemma="가로수를" pos="X">가로수를</wf>
         <wf lemma="심다." pos="X">심다.</wf>
      </sentence>
      <sentence id="d000.s3078" source="wordnet-korean">
         <wf lemma="영업" pos="X">영업</wf>
         <instance id="d000.s3078.t000" lemma="개시" pos="NOUN">개시</instance>
         <wf lemma="." pos="X">.</wf>
      </sentence>
      <sentence id="d000.s3079" source="wordnet-korean">
         <instance id="d000.s3079.t000" lemma="미소" pos="NOUN">미소</instance>
         <wf lemma="망상." pos="X">망상.</wf>
      </sentence>
      <sentence id="d000.s3080" source="wordnet-korean">
         <instance id="d000.s3080.t000" lemma="보안" pos="NOUN">보안</instance>
         <wf lemma="대책." pos="X">대책.</wf>
      </sentence>
      <sentence id="d000.s3081" source="wordnet-korean">
         <wf lemma="ㅇ■" pos="X">ㅇ■</wf>
         <instance id="d000.s3081.t000" lemma="목소리" pos="NOUN">목소리</instance>
         <wf lemma="니" pos="X">니</wf>
         <wf lemma="欲字" pos="X">欲字</wf>
         <wf lemma="처■" pos="X">처■</wf>
         <wf lemma="펴아" pos="X">펴아</wf>
         <wf lemma="나■" pos="X">나■</wf>
         <wf lemma="소리" pos="X">소리</wf>
         <wf lemma="■■니라." pos="X">■■니라.</wf>
      </sentence>
      <sentence id="d000.s3082" source="wordnet-korean">
         <instance id="d000.s3082.t000" lemma="교차" pos="NOUN">교차</instance>
         <wf lemma="지점." pos="X">지점.</wf>
      </sentence>
      <sentence id="d000.s3083" source="wordnet-korean">
         <wf lemma="새로운" pos="X">새로운</wf>
         <wf lemma="세계가" pos="X">세계가</wf>
         <instance id="d000.s3083.t000" lemma="전개" pos="NOUN">전개</instance>
         <wf lemma="된다." pos="X">된다.</wf>
      </sentence>
      <sentence id="d000.s3084" source="wordnet-korean">
         <instance id="d000.s3084.t000" lemma="사정" pos="NOUN">사정</instance>
         <wf lemma="에" pos="X">에</wf>
         <wf lemma="끌리다." pos="X">끌리다.</wf>
      </sentence>
      <sentence id="d000.s3085" source="wordnet-korean">
         <instance id="d000.s3085.t000" lemma="종합" pos="NOUN">종합</instance>
         <wf lemma="정리." pos="X">정리.</wf>
      </sentence>
      <sentence id="d000.s3086" source="wordnet-korean">
         <instance id="d000.s3086.t000" lemma="병" pos="NOUN">병</instance>
         <wf lemma="으로" pos="X">으로</wf>
         <wf lemma="눕는다." pos="X">눕는다.</wf>
      </sentence>
      <sentence id="d000.s3087" source="wordnet-korean">
         <instance id="d000.s3087.t000" lemma="조건" pos="NOUN">조건</instance>
         <wf lemma="을" pos="X">을</wf>
         <wf lemma="제시하다." pos="X">제시하다.</wf>
      </sentence>
      <sentence id="d000.s3088" source="wordnet-korean">
         <wf lemma="입학" pos="X">입학</wf>
         <wf lemma="자격" pos="X">자격</wf>
         <instance id="d000.s3088.t000" lemma="검정" pos="NOUN">검정</instance>
         <wf lemma="." pos="X">.</wf>
      </sentence>
      <sentence id="d000.s3089" source="wordnet-korean">
         <instance id="d000.s3089.t000" lemma="적외선" pos="NOUN">적외선</instance>
         <wf lemma="검출기." pos="X">검출기.</wf>
      </sentence>
      <sentence id="d000.s3090" source="wordnet-korean">
         <instance id="d000.s3090.t000" lemma="복" pos="NOUN">복</instance>
         <wf lemma="이" pos="X">이</wf>
         <wf lemma="많다." pos="X">많다.</wf>
      </sentence>
      <sentence id="d000.s3091" source="wordnet-korean">
         <wf lemma="선망의" pos="X">선망의</wf>
         <instance id="d000.s3091.t000" lemma="적" pos="NOUN">적</instance>
         <wf lemma="." pos="X">.</wf>
      </sentence>
      <sentence id="d000.s3092" source="wordnet-korean">
         <wf lemma="신진" pos="X">신진</wf>
         <instance id="d000.s3092.t000" lemma="기예" pos="NOUN">기예</instance>
         <wf lemma="의" pos="X">의</wf>
         <wf lemma="인물." pos="X">인물.</wf>
      </sentence>
      <sentence id="d000.s3093" source="wordnet-korean">
         <instance id="d000.s3093.t000" lemma="설움" pos="NOUN">설움</instance>
         <wf lemma="이" pos="X">이</wf>
         <wf lemma="북받치다." pos="X">북받치다.</wf>
      </sentence>
      <sentence id="d000.s3094" source="wordnet-korean">
         <instance id="d000.s3094.t000" lemma="시험" pos="NOUN">시험</instance>
         <wf lemma="재배." pos="X">재배.</wf>
      </sentence>
      <sentence id="d000.s3095" source="wordnet-korean">
         <instance id="d000.s3095.t000" lemma="산정" pos="NOUN">산정</instance>
         <wf lemma="에" pos="X">에</wf>
         <wf lemma="오르다." pos="X">오르다.</wf>
      </sentence>
      <sentence id="d000.s3096" source="wordnet-korean">
         <wf lemma="공기" pos="X">공기</wf>
         <wf lemma="좋고" pos="X">좋고</wf>
         <wf lemma="물" pos="X">물</wf>
         <wf lemma="좋은" pos="X">좋은</wf>
         <wf lemma="시골에" pos="X">시골에</wf>
         <wf lemma="가서" pos="X">가서</wf>
         <instance id="d000.s3096.t000" lemma="한여름" pos="NOUN">한여름</instance>
         <wf lemma="을" pos="X">을</wf>
         <wf lemma="지내다" pos="X">지내다</wf>
         <wf lemma="오면" pos="X">오면</wf>
         <wf lemma="완쾌되겠다는군." pos="X">완쾌되겠다는군.</wf>
      </sentence>
      <sentence id="d000.s3097" source="wordnet-korean">
         <instance id="d000.s3097.t000" lemma="후" pos="NOUN">후</instance>
         <wf lemma="에" pos="X">에</wf>
         <wf lemma="딴" pos="X">딴</wf>
         <wf lemma="말씀" pos="X">말씀</wf>
         <wf lemma="마십시오." pos="X">마십시오.</wf>
      </sentence>
      <sentence id="d000.s3098" source="wordnet-korean">
         <instance id="d000.s3098.t000" lemma="눈물" pos="NOUN">눈물</instance>
         <wf lemma="을" pos="X">을</wf>
         <wf lemma="씻는다." pos="X">씻는다.</wf>
      </sentence>
      <sentence id="d000.s3099" source="wordnet-korean">
         <instance id="d000.s3099.t000" lemma="밤사이" pos="NOUN">밤사이</instance>
         <wf lemma="에" pos="X">에</wf>
         <wf lemma="내린" pos="X">내린</wf>
         <wf lemma="비로" pos="X">비로</wf>
         <wf lemma="신록이" pos="X">신록이</wf>
         <wf lemma="더욱" pos="X">더욱</wf>
         <wf lemma="눈부시었다." pos="X">눈부시었다.</wf>
      </sentence>
      <sentence id="d000.s3100" source="wordnet-korean">
         <wf lemma="숯을" pos="X">숯을</wf>
         <instance id="d000.s3100.t000" lemma="태우다" pos="VERB">태우다</instance>
         <wf lemma="." pos="X">.</wf>
      </sentence>
      <sentence id="d000.s3101" source="wordnet-korean">
         <wf lemma="절강" pos="X">절강</wf>
         <instance id="d000.s3101.t000" lemma="성" pos="NOUN">성</instance>
         <wf lemma="." pos="X">.</wf>
      </sentence>
      <sentence id="d000.s3102" source="wordnet-korean">
         <wf lemma="한쪽" pos="X">한쪽</wf>
         <instance id="d000.s3102.t000" lemma="모" pos="NOUN">모</instance>
         <wf lemma="로" pos="X">로</wf>
         <wf lemma="비켜" pos="X">비켜</wf>
         <wf lemma="앉다." pos="X">앉다.</wf>
      </sentence>
      <sentence id="d000.s3103" source="wordnet-korean">
         <wf lemma="등산" pos="X">등산</wf>
         <instance id="d000.s3103.t000" lemma="장구" pos="NOUN">장구</instance>
         <wf lemma="." pos="X">.</wf>
      </sentence>
      <sentence id="d000.s3104" source="wordnet-korean">
         <wf lemma="풍경화" pos="X">풍경화</wf>
         <wf lemma="한" pos="X">한</wf>
         <instance id="d000.s3104.t000" lemma="폭" pos="NOUN">폭</instance>
         <wf lemma="." pos="X">.</wf>
      </sentence>
      <sentence id="d000.s3105" source="wordnet-korean">
         <wf lemma="귀빈" pos="X">귀빈</wf>
         <instance id="d000.s3105.t000" lemma="대우" pos="NOUN">대우</instance>
         <wf lemma="." pos="X">.</wf>
      </sentence>
      <sentence id="d000.s3106" source="wordnet-korean">
         <instance id="d000.s3106.t000" lemma="면" pos="NOUN">면</instance>
         <wf lemma="이" pos="X">이</wf>
         <wf lemma="고르다." pos="X">고르다.</wf>
      </sentence>
      <sentence id="d000.s3107" source="wordnet-korean">
         <instance id="d000.s3107.t000" lemma="봄" pos="NOUN">봄</instance>
         <wf lemma="을" pos="X">을</wf>
         <wf lemma="기다리다." pos="X">기다리다.</wf>
      </sentence>
      <sentence id="d000.s3108" source="wordnet-korean">
         <wf lemma="지는" pos="X">지는</wf>
         <wf lemma="낙엽에도" pos="X">낙엽에도</wf>
         <wf lemma="눈물짓는" pos="X">눈물짓는</wf>
         <instance id="d000.s3108.t000" lemma="감정" pos="NOUN">감정</instance>
         <wf lemma="이" pos="X">이</wf>
         <wf lemma="풍부한" pos="X">풍부한</wf>
         <wf lemma="문학" pos="X">문학</wf>
         <wf lemma="소녀." pos="X">소녀.</wf>
      </sentence>
      <sentence id="d000.s3109" source="wordnet-korean">
         <wf lemma="대답할" pos="X">대답할</wf>
         <instance id="d000.s3109.t000" lemma="길" pos="NOUN">길</instance>
         <wf lemma="이" pos="X">이</wf>
         <wf lemma="없었다." pos="X">없었다.</wf>
      </sentence>
      <sentence id="d000.s3110" source="wordnet-korean">
         <instance id="d000.s3110.t000" lemma="차림새" pos="NOUN">차림새</instance>
         <wf lemma="는" pos="X">는</wf>
         <wf lemma="남루했지만" pos="X">남루했지만</wf>
         <wf lemma="보통" pos="X">보통</wf>
         <wf lemma="사람" pos="X">사람</wf>
         <wf lemma="같지가" pos="X">같지가</wf>
         <wf lemma="않았다." pos="X">않았다.</wf>
      </sentence>
      <sentence id="d000.s3111" source="wordnet-korean">
         <instance id="d000.s3111.t000" lemma="인간성" pos="NOUN">인간성</instance>
         <wf lemma="을" pos="X">을</wf>
         <wf lemma="느끼다." pos="X">느끼다.</wf>
      </sentence>
      <sentence id="d000.s3112" source="wordnet-korean">
         <instance id="d000.s3112.t000" lemma="알력" pos="NOUN">알력</instance>
         <wf lemma="이" pos="X">이</wf>
         <wf lemma="생기다." pos="X">생기다.</wf>
      </sentence>
      <sentence id="d000.s3113" source="wordnet-korean">
         <instance id="d000.s3113.t000" lemma="푼돈" pos="NOUN">푼돈</instance>
         <wf lemma="이" pos="X">이</wf>
         <wf lemma="모여" pos="X">모여</wf>
         <wf lemma="큰돈이" pos="X">큰돈이</wf>
         <wf lemma="된다." pos="X">된다.</wf>
      </sentence>
      <sentence id="d000.s3114" source="wordnet-korean">
         <instance id="d000.s3114.t000" lemma="주변" pos="NOUN">주변</instance>
         <wf lemma="지역." pos="X">지역.</wf>
      </sentence>
      <sentence id="d000.s3115" source="wordnet-korean">
         <wf lemma="다만," pos="X">다만,</wf>
         <instance id="d000.s3115.t000" lemma="영광" pos="NOUN">영광</instance>
         <wf lemma="만을" pos="X">만을</wf>
         <wf lemma="동경하여" pos="X">동경하여</wf>
         <wf lemma="그" pos="X">그</wf>
         <wf lemma="날을" pos="X">날을</wf>
         <wf lemma="낭비하는" pos="X">낭비하는</wf>
         <wf lemma="일을" pos="X">일을</wf>
         <wf lemma="나무라야" pos="X">나무라야</wf>
         <wf lemma="한다." pos="X">한다.</wf>
      </sentence>
      <sentence id="d000.s3116" source="wordnet-korean">
         <wf lemma="씨름" pos="X">씨름</wf>
         <instance id="d000.s3116.t000" lemma="재주" pos="NOUN">재주</instance>
         <wf lemma="." pos="X">.</wf>
      </sentence>
      <sentence id="d000.s3117" source="wordnet-korean">
         <wf lemma="자원의" pos="X">자원의</wf>
         <wf lemma="채취," pos="X">채취,</wf>
         <wf lemma="개발," pos="X">개발,</wf>
         <wf lemma="이용의" pos="X">이용의</wf>
         <instance id="d000.s3117.t000" lemma="특허" pos="NOUN">특허</instance>
         <wf lemma="." pos="X">.</wf>
      </sentence>
      <sentence id="d000.s3118" source="wordnet-korean">
         <instance id="d000.s3118.t000" lemma="속" pos="NOUN">속</instance>
         <wf lemma="으로" pos="X">으로</wf>
         <wf lemma="생각하다." pos="X">생각하다.</wf>
      </sentence>
      <sentence id="d000.s3119" source="wordnet-korean">
         <instance id="d000.s3119.t000" lemma="생전" pos="NOUN">생전</instance>
         <wf lemma="에" pos="X">에</wf>
         <wf lemma="처음" pos="X">처음</wf>
         <wf lemma="본" pos="X">본</wf>
         <wf lemma="것이다." pos="X">것이다.</wf>
      </sentence>
      <sentence id="d000.s3120" source="wordnet-korean">
         <instance id="d000.s3120.t000" lemma="말씨" pos="NOUN">말씨</instance>
         <wf lemma="가" pos="X">가</wf>
         <wf lemma="거칠다." pos="X">거칠다.</wf>
      </sentence>
      <sentence id="d000.s3121" source="wordnet-korean">
         <instance id="d000.s3121.t000" lemma="물길" pos="NOUN">물길</instance>
         <wf lemma="로" pos="X">로</wf>
         <wf lemma="내륙" pos="X">내륙</wf>
         <wf lemma="지방에" pos="X">지방에</wf>
         <wf lemma="들어와…." pos="X">들어와….</wf>
      </sentence>
      <sentence id="d000.s3122" source="wordnet-korean">
         <instance id="d000.s3122.t000" lemma="농" pos="NOUN">농</instance>
         <wf lemma="기계." pos="X">기계.</wf>
      </sentence>
      <sentence id="d000.s3123" source="wordnet-korean">
         <instance id="d000.s3123.t000" lemma="갈색" pos="NOUN">갈색</instance>
         <wf lemma="머리카락." pos="X">머리카락.</wf>
      </sentence>
      <sentence id="d000.s3124" source="wordnet-korean">
         <instance id="d000.s3124.t000" lemma="마님" pos="NOUN">마님</instance>
         <wf lemma="께서" pos="X">께서</wf>
         <wf lemma="드옵신다." pos="X">드옵신다.</wf>
      </sentence>
      <sentence id="d000.s3125" source="wordnet-korean">
         <wf lemma="적절한" pos="X">적절한</wf>
         <instance id="d000.s3125.t000" lemma="배구" pos="NOUN">배구</instance>
         <wf lemma="." pos="X">.</wf>
      </sentence>
      <sentence id="d000.s3126" source="wordnet-korean">
         <instance id="d000.s3126.t000" lemma="손" pos="NOUN">손</instance>
         <wf lemma="을" pos="X">을</wf>
         <wf lemma="펴다." pos="X">펴다.</wf>
      </sentence>
      <sentence id="d000.s3127" source="wordnet-korean">
         <wf lemma="사랑의" pos="X">사랑의</wf>
         <instance id="d000.s3127.t000" lemma="기쁨" pos="NOUN">기쁨</instance>
         <wf lemma="." pos="X">.</wf>
      </sentence>
      <sentence id="d000.s3128" source="wordnet-korean">
         <instance id="d000.s3128.t000" lemma="인도" pos="NOUN">인도</instance>
         <wf lemma="를" pos="X">를</wf>
         <wf lemma="받다." pos="X">받다.</wf>
      </sentence>
      <sentence id="d000.s3129" source="wordnet-korean">
         <wf lemma="쓸" pos="X">쓸</wf>
         <wf lemma="만한" pos="X">만한</wf>
         <wf lemma="물건만" pos="X">물건만</wf>
         <wf lemma="가려내고" pos="X">가려내고</wf>
         <instance id="d000.s3129.t000" lemma="잡동사니" pos="NOUN">잡동사니</instance>
         <wf lemma="는" pos="X">는</wf>
         <wf lemma="고물상에" pos="X">고물상에</wf>
         <wf lemma="팔았다." pos="X">팔았다.</wf>
      </sentence>
      <sentence id="d000.s3130" source="wordnet-korean">
         <wf lemma="위대한" pos="X">위대한</wf>
         <instance id="d000.s3130.t000" lemma="행적" pos="NOUN">행적</instance>
         <wf lemma="을" pos="X">을</wf>
         <wf lemma="쌓다." pos="X">쌓다.</wf>
      </sentence>
      <sentence id="d000.s3131" source="wordnet-korean">
         <wf lemma="중등" pos="X">중등</wf>
         <instance id="d000.s3131.t000" lemma="교원" pos="NOUN">교원</instance>
         <wf lemma="." pos="X">.</wf>
      </sentence>
      <sentence id="d000.s3132" source="wordnet-korean">
         <instance id="d000.s3132.t000" lemma="사정" pos="NOUN">사정</instance>
         <wf lemma="을" pos="X">을</wf>
         <wf lemma="참작하다." pos="X">참작하다.</wf>
      </sentence>
      <sentence id="d000.s3133" source="wordnet-korean">
         <wf lemma="주먹밥" pos="X">주먹밥</wf>
         <wf lemma="한" pos="X">한</wf>
         <instance id="d000.s3133.t000" lemma="덩어리" pos="NOUN">덩어리</instance>
         <wf lemma="." pos="X">.</wf>
      </sentence>
      <sentence id="d000.s3134" source="wordnet-korean">
         <wf lemma="방을" pos="X">방을</wf>
         <wf lemma="꾸민" pos="X">꾸민</wf>
         <instance id="d000.s3134.t000" lemma="범절" pos="NOUN">범절</instance>
         <wf lemma="을" pos="X">을</wf>
         <wf lemma="보니" pos="X">보니</wf>
         <wf lemma="모든" pos="X">모든</wf>
         <wf lemma="것이" pos="X">것이</wf>
         <wf lemma="흐트러진" pos="X">흐트러진</wf>
         <wf lemma="데가" pos="X">데가</wf>
         <wf lemma="없다." pos="X">없다.</wf>
      </sentence>
      <sentence id="d000.s3135" source="wordnet-korean">
         <wf lemma="성공의" pos="X">성공의</wf>
         <instance id="d000.s3135.t000" lemma="비결" pos="NOUN">비결</instance>
         <wf lemma="." pos="X">.</wf>
      </sentence>
      <sentence id="d000.s3136" source="wordnet-korean">
         <wf lemma="이젠" pos="X">이젠</wf>
         <instance id="d000.s3136.t000" lemma="만성" pos="NOUN">만성</instance>
         <wf lemma="이" pos="X">이</wf>
         <wf lemma="되어" pos="X">되어</wf>
         <wf lemma="아무렇지도" pos="X">아무렇지도</wf>
         <wf lemma="않아요." pos="X">않아요.</wf>
      </sentence>
      <sentence id="d000.s3137" source="wordnet-korean">
         <wf lemma="서울" pos="X">서울</wf>
         <instance id="d000.s3137.t000" lemma="바닥" pos="NOUN">바닥</instance>
         <wf lemma="." pos="X">.</wf>
      </sentence>
      <sentence id="d000.s3138" source="wordnet-korean">
         <wf lemma="방법과" pos="X">방법과</wf>
         <wf lemma="내용의" pos="X">내용의</wf>
         <instance id="d000.s3138.t000" lemma="혁신" pos="NOUN">혁신</instance>
         <wf lemma="이" pos="X">이</wf>
         <wf lemma="없이" pos="X">없이</wf>
         <wf lemma="새로운" pos="X">새로운</wf>
         <wf lemma="시는" pos="X">시는</wf>
         <wf lemma="창조되지" pos="X">창조되지</wf>
         <wf lemma="않는다." pos="X">않는다.</wf>
      </sentence>
      <sentence id="d000.s3139" source="wordnet-korean">
         <wf lemma="기온" pos="X">기온</wf>
         <wf lemma="30도" pos="X">30도</wf>
         <instance id="d000.s3139.t000" lemma="시" pos="NOUN">시</instance>
         <wf lemma="." pos="X">.</wf>
      </sentence>
      <sentence id="d000.s3140" source="wordnet-korean">
         <instance id="d000.s3140.t000" lemma="병" pos="NOUN">병</instance>
         <wf lemma="에" pos="X">에</wf>
         <wf lemma="시달린다." pos="X">시달린다.</wf>
      </sentence>
      <sentence id="d000.s3141" source="wordnet-korean">
         <wf lemma="높은" pos="X">높은</wf>
         <instance id="d000.s3141.t000" lemma="자리" pos="NOUN">자리</instance>
         <wf lemma="에" pos="X">에</wf>
         <wf lemma="있는" pos="X">있는</wf>
         <wf lemma="사람." pos="X">사람.</wf>
      </sentence>
      <sentence id="d000.s3142" source="wordnet-korean">
         <wf lemma="예술에" pos="X">예술에</wf>
         <wf lemma="대한" pos="X">대한</wf>
         <instance id="d000.s3142.t000" lemma="사랑" pos="NOUN">사랑</instance>
         <wf lemma="." pos="X">.</wf>
      </sentence>
      <sentence id="d000.s3143" source="wordnet-korean">
         <instance id="d000.s3143.t000" lemma="비애" pos="NOUN">비애</instance>
         <wf lemma="를" pos="X">를</wf>
         <wf lemma="느끼다." pos="X">느끼다.</wf>
      </sentence>
      <sentence id="d000.s3144" source="wordnet-korean">
         <instance id="d000.s3144.t000" lemma="잠" pos="NOUN">잠</instance>
         <wf lemma="을" pos="X">을</wf>
         <wf lemma="자다." pos="X">자다.</wf>
      </sentence>
      <sentence id="d000.s3145" source="wordnet-korean">
         <wf lemma="학장이란" pos="X">학장이란</wf>
         <instance id="d000.s3145.t000" lemma="잔꾀" pos="NOUN">잔꾀</instance>
         <wf lemma="나" pos="X">나</wf>
         <wf lemma="부리는" pos="X">부리는</wf>
         <wf lemma="행정가의" pos="X">행정가의</wf>
         <wf lemma="타입으로는" pos="X">타입으로는</wf>
         <wf lemma="안" pos="X">안</wf>
         <wf lemma="됩니다." pos="X">됩니다.</wf>
      </sentence>
      <sentence id="d000.s3146" source="wordnet-korean">
         <wf lemma="그까짓" pos="X">그까짓</wf>
         <wf lemma="우스갯소리에" pos="X">우스갯소리에</wf>
         <instance id="d000.s3146.t000" lemma="변색" pos="NOUN">변색</instance>
         <wf lemma="까지" pos="X">까지</wf>
         <wf lemma="할" pos="X">할</wf>
         <wf lemma="게" pos="X">게</wf>
         <wf lemma="뭐" pos="X">뭐</wf>
         <wf lemma="있겠나?." pos="X">있겠나?.</wf>
      </sentence>
      <sentence id="d000.s3147" source="wordnet-korean">
         <instance id="d000.s3147.t000" lemma="경치" pos="NOUN">경치</instance>
         <wf lemma="가" pos="X">가</wf>
         <wf lemma="좋다." pos="X">좋다.</wf>
      </sentence>
      <sentence id="d000.s3148" source="wordnet-korean">
         <wf lemma="평화" pos="X">평화</wf>
         <instance id="d000.s3148.t000" lemma="공존" pos="NOUN">공존</instance>
         <wf lemma="의" pos="X">의</wf>
         <wf lemma="시대." pos="X">시대.</wf>
      </sentence>
      <sentence id="d000.s3149" source="wordnet-korean">
         <instance id="d000.s3149.t000" lemma="세상" pos="NOUN">세상</instance>
         <wf lemma="좋은" pos="X">좋은</wf>
         <wf lemma="물건이라도" pos="X">물건이라도</wf>
         <wf lemma="제게" pos="X">제게</wf>
         <wf lemma="알맞아야" pos="X">알맞아야</wf>
         <wf lemma="한다." pos="X">한다.</wf>
      </sentence>
      <sentence id="d000.s3150" source="wordnet-korean">
         <wf lemma="석가의" pos="X">석가의</wf>
         <instance id="d000.s3150.t000" lemma="탄생" pos="NOUN">탄생</instance>
         <wf lemma="." pos="X">.</wf>
      </sentence>
      <sentence id="d000.s3151" source="wordnet-korean">
         <wf lemma="집" pos="X">집</wf>
         <instance id="d000.s3151.t000" lemma="사이" pos="NOUN">사이</instance>
         <wf lemma="의" pos="X">의</wf>
         <wf lemma="담." pos="X">담.</wf>
      </sentence>
      <sentence id="d000.s3152" source="wordnet-korean">
         <instance id="d000.s3152.t000" lemma="융통성" pos="NOUN">융통성</instance>
         <wf lemma="이" pos="X">이</wf>
         <wf lemma="그렇게도" pos="X">그렇게도</wf>
         <wf lemma="없어서야." pos="X">없어서야.</wf>
      </sentence>
      <sentence id="d000.s3153" source="wordnet-korean">
         <instance id="d000.s3153.t000" lemma="타산" pos="NOUN">타산</instance>
         <wf lemma="이" pos="X">이</wf>
         <wf lemma="빠르다." pos="X">빠르다.</wf>
      </sentence>
      <sentence id="d000.s3154" source="wordnet-korean">
         <wf lemma="무명한" pos="X">무명한</wf>
         <instance id="d000.s3154.t000" lemma="자투리" pos="NOUN">자투리</instance>
         <wf lemma="축" pos="X">축</wf>
         <wf lemma="내지" pos="X">내지</wf>
         <wf lemma="않았다." pos="X">않았다.</wf>
      </sentence>
      <sentence id="d000.s3155" source="wordnet-korean">
         <instance id="d000.s3155.t000" lemma="사유" pos="NOUN">사유</instance>
         <wf lemma="를" pos="X">를</wf>
         <wf lemma="밝히다." pos="X">밝히다.</wf>
      </sentence>
      <sentence id="d000.s3156" source="wordnet-korean">
         <wf lemma="그의" pos="X">그의</wf>
         <instance id="d000.s3156.t000" lemma="근본" pos="NOUN">근본</instance>
         <wf lemma="은" pos="X">은</wf>
         <wf lemma="확실하다." pos="X">확실하다.</wf>
      </sentence>
      <sentence id="d000.s3157" source="wordnet-korean">
         <wf lemma="얼굴" pos="X">얼굴</wf>
         <instance id="d000.s3157.t000" lemma="모습" pos="NOUN">모습</instance>
         <wf lemma="." pos="X">.</wf>
      </sentence>
      <sentence id="d000.s3158" source="wordnet-korean">
         <wf lemma="그는" pos="X">그는</wf>
         <wf lemma="남다른" pos="X">남다른</wf>
         <instance id="d000.s3158.t000" lemma="배포" pos="NOUN">배포</instance>
         <wf lemma="를" pos="X">를</wf>
         <wf lemma="가지고" pos="X">가지고</wf>
         <wf lemma="있는" pos="X">있는</wf>
         <wf lemma="모양이다." pos="X">모양이다.</wf>
      </sentence>
      <sentence id="d000.s3159" source="wordnet-korean">
         <wf lemma="화목한" pos="X">화목한</wf>
         <instance id="d000.s3159.t000" lemma="가정" pos="NOUN">가정</instance>
         <wf lemma="." pos="X">.</wf>
      </sentence>
      <sentence id="d000.s3160" source="wordnet-korean">
         <wf lemma="날랜" pos="X">날랜</wf>
         <instance id="d000.s3160.t000" lemma="장수" pos="NOUN">장수</instance>
         <wf lemma="." pos="X">.</wf>
      </sentence>
      <sentence id="d000.s3161" source="wordnet-korean">
         <wf lemma="언덕" pos="X">언덕</wf>
         <instance id="d000.s3161.t000" lemma="위" pos="NOUN">위</instance>
         <wf lemma="." pos="X">.</wf>
      </sentence>
      <sentence id="d000.s3162" source="wordnet-korean">
         <instance id="d000.s3162.t000" lemma="실례" pos="NOUN">실례</instance>
         <wf lemma="를" pos="X">를</wf>
         <wf lemma="무릅쓰고." pos="X">무릅쓰고.</wf>
      </sentence>
      <sentence id="d000.s3163" source="wordnet-korean">
         <instance id="d000.s3163.t000" lemma="단체" pos="NOUN">단체</instance>
         <wf lemma="의" pos="X">의</wf>
         <wf lemma="장." pos="X">장.</wf>
      </sentence>
      <sentence id="d000.s3164" source="wordnet-korean">
         <wf lemma="배추" pos="X">배추</wf>
         <wf lemma="한" pos="X">한</wf>
         <instance id="d000.s3164.t000" lemma="통" pos="NOUN">통</instance>
         <wf lemma="." pos="X">.</wf>
      </sentence>
      <sentence id="d000.s3165" source="wordnet-korean">
         <instance id="d000.s3165.t000" lemma="아침" pos="NOUN">아침</instance>
         <wf lemma="이" pos="X">이</wf>
         <wf lemma="되었다." pos="X">되었다.</wf>
      </sentence>
      <sentence id="d000.s3166" source="wordnet-korean">
         <wf lemma="결혼" pos="X">결혼</wf>
         <instance id="d000.s3166.t000" lemma="상대" pos="NOUN">상대</instance>
         <wf lemma="." pos="X">.</wf>
      </sentence>
      <sentence id="d000.s3167" source="wordnet-korean">
         <instance id="d000.s3167.t000" lemma="돈" pos="NOUN">돈</instance>
         <wf lemma="많은" pos="X">많은</wf>
         <wf lemma="집." pos="X">집.</wf>
      </sentence>
      <sentence id="d000.s3168" source="wordnet-korean">
         <wf lemma="이하응이" pos="X">이하응이</wf>
         <wf lemma="표랑할" pos="X">표랑할</wf>
         <wf lemma="때" pos="X">때</wf>
         <wf lemma="안동" pos="X">안동</wf>
         <wf lemma="김씨들의" pos="X">김씨들의</wf>
         <instance id="d000.s3168.t000" lemma="박대" pos="NOUN">박대</instance>
         <wf lemma="는" pos="X">는</wf>
         <wf lemma="이루" pos="X">이루</wf>
         <wf lemma="말할" pos="X">말할</wf>
         <wf lemma="수" pos="X">수</wf>
         <wf lemma="없었다." pos="X">없었다.</wf>
      </sentence>
      <sentence id="d000.s3169" source="wordnet-korean">
         <instance id="d000.s3169.t000" lemma="상" pos="NOUN">상</instance>
         <wf lemma="이" pos="X">이</wf>
         <wf lemma="떠오르다." pos="X">떠오르다.</wf>
      </sentence>
      <sentence id="d000.s3170" source="wordnet-korean">
         <wf lemma="아이들이" pos="X">아이들이</wf>
         <instance id="d000.s3170.t000" lemma="바닷가" pos="NOUN">바닷가</instance>
         <wf lemma="에서" pos="X">에서</wf>
         <wf lemma="헤엄을" pos="X">헤엄을</wf>
         <wf lemma="치고" pos="X">치고</wf>
         <wf lemma="있다." pos="X">있다.</wf>
      </sentence>
      <sentence id="d000.s3171" source="wordnet-korean">
         <wf lemma="웅담" pos="X">웅담</wf>
         <wf lemma="두" pos="X">두</wf>
         <instance id="d000.s3171.t000" lemma="보" pos="NOUN">보</instance>
         <wf lemma="." pos="X">.</wf>
      </sentence>
      <sentence id="d000.s3172" source="wordnet-korean">
         <wf lemma="기쁜" pos="X">기쁜</wf>
         <instance id="d000.s3172.t000" lemma="마음" pos="NOUN">마음</instance>
         <wf lemma="." pos="X">.</wf>
      </sentence>
      <sentence id="d000.s3173" source="wordnet-korean">
         <wf lemma="담배" pos="X">담배</wf>
         <instance id="d000.s3173.t000" lemma="가게" pos="NOUN">가게</instance>
         <wf lemma="." pos="X">.</wf>
      </sentence>
      <sentence id="d000.s3174" source="wordnet-korean">
         <instance id="d000.s3174.t000" lemma="뒷문" pos="NOUN">뒷문</instance>
         <wf lemma="이" pos="X">이</wf>
         <wf lemma="나다." pos="X">나다.</wf>
      </sentence>
      <sentence id="d000.s3175" source="wordnet-korean">
         <wf lemma="밥" pos="X">밥</wf>
         <wf lemma="한" pos="X">한</wf>
         <instance id="d000.s3175.t000" lemma="공기" pos="NOUN">공기</instance>
         <wf lemma="." pos="X">.</wf>
      </sentence>
      <sentence id="d000.s3176" source="wordnet-korean">
         <wf lemma="그런" pos="X">그런</wf>
         <wf lemma="말에는" pos="X">말에는</wf>
         <wf lemma="이제" pos="X">이제</wf>
         <instance id="d000.s3176.t000" lemma="멀미" pos="NOUN">멀미</instance>
         <wf lemma="가" pos="X">가</wf>
         <wf lemma="난다." pos="X">난다.</wf>
      </sentence>
      <sentence id="d000.s3177" source="wordnet-korean">
         <instance id="d000.s3177.t000" lemma="도수" pos="NOUN">도수</instance>
         <wf lemma="가" pos="X">가</wf>
         <wf lemma="얼마냐." pos="X">얼마냐.</wf>
      </sentence>
      <sentence id="d000.s3178" source="wordnet-korean">
         <wf lemma="다방" pos="X">다방</wf>
         <instance id="d000.s3178.t000" lemma="마담" pos="NOUN">마담</instance>
         <wf lemma="." pos="X">.</wf>
      </sentence>
      <sentence id="d000.s3179" source="wordnet-korean">
         <wf lemma="야간" pos="X">야간</wf>
         <instance id="d000.s3179.t000" lemma="공습" pos="NOUN">공습</instance>
         <wf lemma="." pos="X">.</wf>
      </sentence>
      <sentence id="d000.s3180" source="wordnet-korean">
         <wf lemma="제" pos="X">제</wf>
         <instance id="d000.s3180.t000" lemma="세상" pos="NOUN">세상</instance>
         <wf lemma="처럼" pos="X">처럼</wf>
         <wf lemma="날뛴다." pos="X">날뛴다.</wf>
      </sentence>
      <sentence id="d000.s3181" source="wordnet-korean">
         <wf lemma="의료" pos="X">의료</wf>
         <instance id="d000.s3181.t000" lemma="기구" pos="NOUN">기구</instance>
         <wf lemma="." pos="X">.</wf>
      </sentence>
      <sentence id="d000.s3182" source="wordnet-korean">
         <instance id="d000.s3182.t000" lemma="문제" pos="NOUN">문제</instance>
         <wf lemma="가" pos="X">가</wf>
         <wf lemma="어렵다." pos="X">어렵다.</wf>
      </sentence>
      <sentence id="d000.s3183" source="wordnet-korean">
         <wf lemma="허생은…권하는" pos="X">허생은…권하는</wf>
         <wf lemma="술을" pos="X">술을</wf>
         <instance id="d000.s3183.t000" lemma="사양" pos="NOUN">사양</instance>
         <wf lemma="도" pos="X">도</wf>
         <wf lemma="아니" pos="X">아니</wf>
         <wf lemma="하고" pos="X">하고</wf>
         <wf lemma="받아" pos="X">받아</wf>
         <wf lemma="먹었습니다." pos="X">먹었습니다.</wf>
      </sentence>
      <sentence id="d000.s3184" source="wordnet-korean">
         <wf lemma="이론물리학을" pos="X">이론물리학을</wf>
         <wf lemma="그의" pos="X">그의</wf>
         <wf lemma="연구" pos="X">연구</wf>
         <instance id="d000.s3184.t000" lemma="목표" pos="NOUN">목표</instance>
         <wf lemma="로" pos="X">로</wf>
         <wf lemma="정했다." pos="X">정했다.</wf>
      </sentence>
      <sentence id="d000.s3185" source="wordnet-korean">
         <instance id="d000.s3185.t000" lemma="성적" pos="NOUN">성적</instance>
         <wf lemma="이" pos="X">이</wf>
         <wf lemma="떨어지다." pos="X">떨어지다.</wf>
      </sentence>
      <sentence id="d000.s3186" source="wordnet-korean">
         <wf lemma="작품의" pos="X">작품의</wf>
         <instance id="d000.s3186.t000" lemma="평" pos="NOUN">평</instance>
         <wf lemma="을" pos="X">을</wf>
         <wf lemma="쓰다." pos="X">쓰다.</wf>
      </sentence>
      <sentence id="d000.s3187" source="wordnet-korean">
         <wf lemma="회칙" pos="X">회칙</wf>
         <instance id="d000.s3187.t000" lemma="개정" pos="NOUN">개정</instance>
         <wf lemma="." pos="X">.</wf>
      </sentence>
      <sentence id="d000.s3188" source="wordnet-korean">
         <instance id="d000.s3188.t000" lemma="반기" pos="NOUN">반기</instance>
         <wf lemma="마다" pos="X">마다</wf>
         <wf lemma="결산을" pos="X">결산을</wf>
         <wf lemma="보다." pos="X">보다.</wf>
      </sentence>
      <sentence id="d000.s3189" source="wordnet-korean">
         <wf lemma="어느" pos="X">어느</wf>
         <wf lemma="대학" pos="X">대학</wf>
         <wf lemma="무슨" pos="X">무슨</wf>
         <instance id="d000.s3189.t000" lemma="과" pos="NOUN">과</instance>
         <wf lemma="." pos="X">.</wf>
      </sentence>
      <sentence id="d000.s3190" source="wordnet-korean">
         <wf lemma="원고" pos="X">원고</wf>
         <instance id="d000.s3190.t000" lemma="용지" pos="NOUN">용지</instance>
         <wf lemma="." pos="X">.</wf>
      </sentence>
      <sentence id="d000.s3191" source="wordnet-korean">
         <instance id="d000.s3191.t000" lemma="파란" pos="NOUN">파란</instance>
         <wf lemma="이" pos="X">이</wf>
         <wf lemma="일어나다." pos="X">일어나다.</wf>
      </sentence>
      <sentence id="d000.s3192" source="wordnet-korean">
         <instance id="d000.s3192.t000" lemma="개별" pos="NOUN">개별</instance>
         <wf lemma="행동." pos="X">행동.</wf>
      </sentence>
      <sentence id="d000.s3193" source="wordnet-korean">
         <instance id="d000.s3193.t000" lemma="옥색" pos="NOUN">옥색</instance>
         <wf lemma="모본단." pos="X">모본단.</wf>
      </sentence>
      <sentence id="d000.s3194" source="wordnet-korean">
         <instance id="d000.s3194.t000" lemma="타박" pos="NOUN">타박</instance>
         <wf lemma="을" pos="X">을</wf>
         <wf lemma="주다." pos="X">주다.</wf>
      </sentence>
      <sentence id="d000.s3195" source="wordnet-korean">
         <instance id="d000.s3195.t000" lemma="서면" pos="NOUN">서면</instance>
         <wf lemma="으로" pos="X">으로</wf>
         <wf lemma="통지하다." pos="X">통지하다.</wf>
      </sentence>
      <sentence id="d000.s3196" source="wordnet-korean">
         <wf lemma="책상" pos="X">책상</wf>
         <instance id="d000.s3196.t000" lemma="모서리" pos="NOUN">모서리</instance>
         <wf lemma="." pos="X">.</wf>
      </sentence>
      <sentence id="d000.s3197" source="wordnet-korean">
         <instance id="d000.s3197.t000" lemma="미움" pos="NOUN">미움</instance>
         <wf lemma="이" pos="X">이</wf>
         <wf lemma="사무쳐서" pos="X">사무쳐서</wf>
         <wf lemma="원한이" pos="X">원한이</wf>
         <wf lemma="되다." pos="X">되다.</wf>
      </sentence>
      <sentence id="d000.s3198" source="wordnet-korean">
         <instance id="d000.s3198.t000" lemma="기상" pos="NOUN">기상</instance>
         <wf lemma="개황." pos="X">개황.</wf>
      </sentence>
      <sentence id="d000.s3199" source="wordnet-korean">
         <instance id="d000.s3199.t000" lemma="호의" pos="NOUN">호의</instance>
         <wf lemma="를" pos="X">를</wf>
         <wf lemma="가지다." pos="X">가지다.</wf>
      </sentence>
      <sentence id="d000.s3200" source="wordnet-korean">
         <instance id="d000.s3200.t000" lemma="대" pos="NOUN">대</instance>
         <wf lemma="가" pos="X">가</wf>
         <wf lemma="다르다." pos="X">다르다.</wf>
      </sentence>
      <sentence id="d000.s3201" source="wordnet-korean">
         <wf lemma="유리" pos="X">유리</wf>
         <instance id="d000.s3201.t000" lemma="파편" pos="NOUN">파편</instance>
         <wf lemma="." pos="X">.</wf>
      </sentence>
      <sentence id="d000.s3202" source="wordnet-korean">
         <instance id="d000.s3202.t000" lemma="거처" pos="NOUN">거처</instance>
         <wf lemma="를" pos="X">를</wf>
         <wf lemma="정하다." pos="X">정하다.</wf>
      </sentence>
      <sentence id="d000.s3203" source="wordnet-korean">
         <instance id="d000.s3203.t000" lemma="뒷받침" pos="NOUN">뒷받침</instance>
         <wf lemma="을" pos="X">을</wf>
         <wf lemma="받다." pos="X">받다.</wf>
      </sentence>
      <sentence id="d000.s3204" source="wordnet-korean">
         <instance id="d000.s3204.t000" lemma="실력" pos="NOUN">실력</instance>
         <wf lemma="있는" pos="X">있는</wf>
         <wf lemma="사람." pos="X">사람.</wf>
      </sentence>
      <sentence id="d000.s3205" source="wordnet-korean">
         <instance id="d000.s3205.t000" lemma="피곤" pos="NOUN">피곤</instance>
         <wf lemma="을" pos="X">을</wf>
         <wf lemma="이기다." pos="X">이기다.</wf>
      </sentence>
      <sentence id="d000.s3206" source="wordnet-korean">
         <wf lemma="감격의" pos="X">감격의</wf>
         <instance id="d000.s3206.t000" lemma="포옹" pos="NOUN">포옹</instance>
         <wf lemma="." pos="X">.</wf>
      </sentence>
      <sentence id="d000.s3207" source="wordnet-korean">
         <instance id="d000.s3207.t000" lemma="바캉스" pos="NOUN">바캉스</instance>
         <wf lemma="를" pos="X">를</wf>
         <wf lemma="떠난다." pos="X">떠난다.</wf>
      </sentence>
      <sentence id="d000.s3208" source="wordnet-korean">
         <instance id="d000.s3208.t000" lemma="허리" pos="NOUN">허리</instance>
         <wf lemma="가" pos="X">가</wf>
         <wf lemma="가늘다." pos="X">가늘다.</wf>
      </sentence>
      <sentence id="d000.s3209" source="wordnet-korean">
         <instance id="d000.s3209.t000" lemma="인생" pos="NOUN">인생</instance>
         <wf lemma="은" pos="X">은</wf>
         <wf lemma="고해와" pos="X">고해와</wf>
         <wf lemma="같다." pos="X">같다.</wf>
      </sentence>
      <sentence id="d000.s3210" source="wordnet-korean">
         <wf lemma="등기" pos="X">등기</wf>
         <instance id="d000.s3210.t000" lemma="말소" pos="NOUN">말소</instance>
         <wf lemma="." pos="X">.</wf>
      </sentence>
      <sentence id="d000.s3211" source="wordnet-korean">
         <wf lemma="어수선한" pos="X">어수선한</wf>
         <instance id="d000.s3211.t000" lemma="판국" pos="NOUN">판국</instance>
         <wf lemma="." pos="X">.</wf>
      </sentence>
      <sentence id="d000.s3212" source="wordnet-korean">
         <wf lemma="벽에" pos="X">벽에</wf>
         <instance id="d000.s3212.t000" lemma="간극" pos="NOUN">간극</instance>
         <wf lemma="이" pos="X">이</wf>
         <wf lemma="나다." pos="X">나다.</wf>
      </sentence>
      <sentence id="d000.s3213" source="wordnet-korean">
         <instance id="d000.s3213.t000" lemma="소신" pos="NOUN">소신</instance>
         <wf lemma="을" pos="X">을</wf>
         <wf lemma="피력하다." pos="X">피력하다.</wf>
      </sentence>
      <sentence id="d000.s3214" source="wordnet-korean">
         <wf lemma="가없는" pos="X">가없는</wf>
         <instance id="d000.s3214.t000" lemma="광야" pos="NOUN">광야</instance>
         <wf lemma="에" pos="X">에</wf>
         <wf lemma="파릇파릇" pos="X">파릇파릇</wf>
         <wf lemma="봄기운이" pos="X">봄기운이</wf>
         <wf lemma="일고" pos="X">일고</wf>
         <wf lemma="있다." pos="X">있다.</wf>
      </sentence>
      <sentence id="d000.s3215" source="wordnet-korean">
         <instance id="d000.s3215.t000" lemma="금" pos="NOUN">금</instance>
         <wf lemma="백만" pos="X">백만</wf>
         <wf lemma="원." pos="X">원.</wf>
      </sentence>
      <sentence id="d000.s3216" source="wordnet-korean">
         <wf lemma="서울" pos="X">서울</wf>
         <instance id="d000.s3216.t000" lemma="태생" pos="NOUN">태생</instance>
         <wf lemma="." pos="X">.</wf>
      </sentence>
      <sentence id="d000.s3217" source="wordnet-korean">
         <instance id="d000.s3217.t000" lemma="묘령" pos="NOUN">묘령</instance>
         <wf lemma="의" pos="X">의</wf>
         <wf lemma="아가씨." pos="X">아가씨.</wf>
      </sentence>
      <sentence id="d000.s3218" source="wordnet-korean">
         <instance id="d000.s3218.t000" lemma="심정" pos="NOUN">심정</instance>
         <wf lemma="이" pos="X">이</wf>
         <wf lemma="곱다." pos="X">곱다.</wf>
      </sentence>
      <sentence id="d000.s3219" source="wordnet-korean">
         <wf lemma="내" pos="X">내</wf>
         <instance id="d000.s3219.t000" lemma="이야기" pos="NOUN">이야기</instance>
         <wf lemma="들어" pos="X">들어</wf>
         <wf lemma="보소." pos="X">보소.</wf>
      </sentence>
      <sentence id="d000.s3220" source="wordnet-korean">
         <instance id="d000.s3220.t000" lemma="가사" pos="NOUN">가사</instance>
         <wf lemma="와" pos="X">와</wf>
         <wf lemma="장삼을" pos="X">장삼을</wf>
         <wf lemma="입고…." pos="X">입고….</wf>
      </sentence>
      <sentence id="d000.s3221" source="wordnet-korean">
         <wf lemma="권문" pos="X">권문</wf>
         <wf lemma="거족들은" pos="X">거족들은</wf>
         <wf lemma="흥선을" pos="X">흥선을</wf>
         <wf lemma="한때의" pos="X">한때의</wf>
         <instance id="d000.s3221.t000" lemma="어릿광대" pos="NOUN">어릿광대</instance>
         <wf lemma="로" pos="X">로</wf>
         <wf lemma="여기었다." pos="X">여기었다.</wf>
      </sentence>
      <sentence id="d000.s3222" source="wordnet-korean">
         <wf lemma="교열" pos="X">교열</wf>
         <instance id="d000.s3222.t000" lemma="기자단" pos="NOUN">기자단</instance>
         <wf lemma="." pos="X">.</wf>
      </sentence>
      <sentence id="d000.s3223" source="wordnet-korean">
         <wf lemma="땀" pos="X">땀</wf>
         <wf lemma="흘린" pos="X">흘린</wf>
         <wf lemma="보람의" pos="X">보람의</wf>
         <instance id="d000.s3223.t000" lemma="열매" pos="NOUN">열매</instance>
         <wf lemma="." pos="X">.</wf>
      </sentence>
      <sentence id="d000.s3224" source="wordnet-korean">
         <wf lemma="일이" pos="X">일이</wf>
         <instance id="d000.s3224.t000" lemma="끝" pos="NOUN">끝</instance>
         <wf lemma="도" pos="X">도</wf>
         <wf lemma="나기" pos="X">나기</wf>
         <wf lemma="전에." pos="X">전에.</wf>
      </sentence>
      <sentence id="d000.s3225" source="wordnet-korean">
         <wf lemma="미술" pos="X">미술</wf>
         <instance id="d000.s3225.t000" lemma="애호가" pos="NOUN">애호가</instance>
         <wf lemma="." pos="X">.</wf>
      </sentence>
      <sentence id="d000.s3226" source="wordnet-korean">
         <instance id="d000.s3226.t000" lemma="글" pos="NOUN">글</instance>
         <wf lemma="깨나" pos="X">깨나</wf>
         <wf lemma="배웠다는" pos="X">배웠다는</wf>
         <wf lemma="사람이" pos="X">사람이</wf>
         <wf lemma="처신이" pos="X">처신이</wf>
         <wf lemma="그게" pos="X">그게</wf>
         <wf lemma="뭔가?." pos="X">뭔가?.</wf>
      </sentence>
      <sentence id="d000.s3227" source="wordnet-korean">
         <instance id="d000.s3227.t000" lemma="형식" pos="NOUN">형식</instance>
         <wf lemma="논리학." pos="X">논리학.</wf>
      </sentence>
      <sentence id="d000.s3228" source="wordnet-korean">
         <instance id="d000.s3228.t000" lemma="결심" pos="NOUN">결심</instance>
         <wf lemma="은" pos="X">은</wf>
         <wf lemma="늦어도" pos="X">늦어도</wf>
         <wf lemma="실행은" pos="X">실행은</wf>
         <wf lemma="빨라야" pos="X">빨라야</wf>
         <wf lemma="한다." pos="X">한다.</wf>
      </sentence>
      <sentence id="d000.s3229" source="wordnet-korean">
         <wf lemma="한겨울에도" pos="X">한겨울에도</wf>
         <wf lemma="오이," pos="X">오이,</wf>
         <wf lemma="호박," pos="X">호박,</wf>
         <wf lemma="쑥갓" pos="X">쑥갓</wf>
         <wf lemma="들이" pos="X">들이</wf>
         <instance id="d000.s3229.t000" lemma="제철" pos="NOUN">제철</instance>
         <wf lemma="을" pos="X">을</wf>
         <wf lemma="만난" pos="X">만난</wf>
         <wf lemma="것" pos="X">것</wf>
         <wf lemma="같이" pos="X">같이</wf>
         <wf lemma="시장에" pos="X">시장에</wf>
         <wf lemma="쏟아져" pos="X">쏟아져</wf>
         <wf lemma="나온다." pos="X">나온다.</wf>
      </sentence>
      <sentence id="d000.s3230" source="wordnet-korean">
         <wf lemma="청년단의" pos="X">청년단의</wf>
         <wf lemma="제" pos="X">제</wf>
         <wf lemma="5" pos="X">5</wf>
         <instance id="d000.s3230.t000" lemma="분단" pos="NOUN">분단</instance>
         <wf lemma="." pos="X">.</wf>
      </sentence>
      <sentence id="d000.s3231" source="wordnet-korean">
         <instance id="d000.s3231.t000" lemma="빛깔" pos="NOUN">빛깔</instance>
         <wf lemma="이" pos="X">이</wf>
         <wf lemma="진하다." pos="X">진하다.</wf>
      </sentence>
      <sentence id="d000.s3232" source="wordnet-korean">
         <instance id="d000.s3232.t000" lemma="곤란" pos="NOUN">곤란</instance>
         <wf lemma="을" pos="X">을</wf>
         <wf lemma="무릅쓰다." pos="X">무릅쓰다.</wf>
      </sentence>
      <sentence id="d000.s3233" source="wordnet-korean">
         <wf lemma="손인지" pos="X">손인지</wf>
         <wf lemma="발인지" pos="X">발인지</wf>
         <wf lemma="들끓어서" pos="X">들끓어서</wf>
         <instance id="d000.s3233.t000" lemma="야단법석" pos="NOUN">야단법석</instance>
         <wf lemma="을" pos="X">을</wf>
         <wf lemma="떠니" pos="X">떠니</wf>
         <wf lemma="틈이" pos="X">틈이</wf>
         <wf lemma="나야지." pos="X">나야지.</wf>
      </sentence>
      <sentence id="d000.s3234" source="wordnet-korean">
         <wf lemma="사전" pos="X">사전</wf>
         <instance id="d000.s3234.t000" lemma="주석" pos="NOUN">주석</instance>
         <wf lemma="." pos="X">.</wf>
      </sentence>
      <sentence id="d000.s3235" source="wordnet-korean">
         <wf lemma="메밀꽃" pos="X">메밀꽃</wf>
         <instance id="d000.s3235.t000" lemma="내" pos="NOUN">내</instance>
         <wf lemma="." pos="X">.</wf>
      </sentence>
      <sentence id="d000.s3236" source="wordnet-korean">
         <instance id="d000.s3236.t000" lemma="어머니" pos="NOUN">어머니</instance>
         <wf lemma="," pos="X">,</wf>
         <wf lemma="안녕하십니까?" pos="X">안녕하십니까?</wf>
         <wf lemma="저는" pos="X">저는</wf>
         <wf lemma="만수" pos="X">만수</wf>
         <wf lemma="친구입니다." pos="X">친구입니다.</wf>
      </sentence>
      <sentence id="d000.s3237" source="wordnet-korean">
         <wf lemma="철새의" pos="X">철새의</wf>
         <instance id="d000.s3237.t000" lemma="이동" pos="NOUN">이동</instance>
         <wf lemma="." pos="X">.</wf>
      </sentence>
      <sentence id="d000.s3238" source="wordnet-korean">
         <wf lemma="물가의" pos="X">물가의</wf>
         <instance id="d000.s3238.t000" lemma="변동" pos="NOUN">변동</instance>
         <wf lemma="." pos="X">.</wf>
      </sentence>
      <sentence id="d000.s3239" source="wordnet-korean">
         <wf lemma="그의" pos="X">그의</wf>
         <instance id="d000.s3239.t000" lemma="변절" pos="NOUN">변절</instance>
         <wf lemma="을" pos="X">을</wf>
         <wf lemma="탓하지" pos="X">탓하지</wf>
         <wf lemma="않을" pos="X">않을</wf>
         <wf lemma="수" pos="X">수</wf>
         <wf lemma="없다." pos="X">없다.</wf>
      </sentence>
      <sentence id="d000.s3240" source="wordnet-korean">
         <instance id="d000.s3240.t000" lemma="시야" pos="NOUN">시야</instance>
         <wf lemma="를" pos="X">를</wf>
         <wf lemma="넓혀라." pos="X">넓혀라.</wf>
      </sentence>
      <sentence id="d000.s3241" source="wordnet-korean">
         <instance id="d000.s3241.t000" lemma="물의" pos="NOUN">물의</instance>
         <wf lemma="를" pos="X">를</wf>
         <wf lemma="빚다." pos="X">빚다.</wf>
      </sentence>
      <sentence id="d000.s3242" source="wordnet-korean">
         <wf lemma="천연자원의" pos="X">천연자원의</wf>
         <instance id="d000.s3242.t000" lemma="보존" pos="NOUN">보존</instance>
         <wf lemma="." pos="X">.</wf>
      </sentence>
      <sentence id="d000.s3243" source="wordnet-korean">
         <instance id="d000.s3243.t000" lemma="몸매" pos="NOUN">몸매</instance>
         <wf lemma="를" pos="X">를</wf>
         <wf lemma="다듬다." pos="X">다듬다.</wf>
      </sentence>
      <sentence id="d000.s3244" source="wordnet-korean">
         <wf lemma="그" pos="X">그</wf>
         <wf lemma="매력에" pos="X">매력에</wf>
         <instance id="d000.s3244.t000" lemma="고혹" pos="NOUN">고혹</instance>
         <wf lemma="을" pos="X">을</wf>
         <wf lemma="느끼다." pos="X">느끼다.</wf>
      </sentence>
      <sentence id="d000.s3245" source="wordnet-korean">
         <wf lemma="그의" pos="X">그의</wf>
         <wf lemma="행운을" pos="X">행운을</wf>
         <instance id="d000.s3245.t000" lemma="예보" pos="NOUN">예보</instance>
         <wf lemma="라도" pos="X">라도</wf>
         <wf lemma="하듯이" pos="X">하듯이</wf>
         <wf lemma="새들이" pos="X">새들이</wf>
         <wf lemma="지저귄다." pos="X">지저귄다.</wf>
      </sentence>
      <sentence id="d000.s3246" source="wordnet-korean">
         <wf lemma="국군" pos="X">국군</wf>
         <instance id="d000.s3246.t000" lemma="용사" pos="NOUN">용사</instance>
         <wf lemma="." pos="X">.</wf>
      </sentence>
      <sentence id="d000.s3247" source="wordnet-korean">
         <instance id="d000.s3247.t000" lemma="탐심" pos="NOUN">탐심</instance>
         <wf lemma="이" pos="X">이</wf>
         <wf lemma="난다." pos="X">난다.</wf>
      </sentence>
      <sentence id="d000.s3248" source="wordnet-korean">
         <wf lemma="문짝" pos="X">문짝</wf>
         <wf lemma="사이에" pos="X">사이에</wf>
         <instance id="d000.s3248.t000" lemma="빈틈" pos="NOUN">빈틈</instance>
         <wf lemma="이" pos="X">이</wf>
         <wf lemma="생겨" pos="X">생겨</wf>
         <wf lemma="찬바람이" pos="X">찬바람이</wf>
         <wf lemma="솔솔" pos="X">솔솔</wf>
         <wf lemma="들어온다." pos="X">들어온다.</wf>
      </sentence>
      <sentence id="d000.s3249" source="wordnet-korean">
         <wf lemma="세력" pos="X">세력</wf>
         <instance id="d000.s3249.t000" lemma="팽창" pos="NOUN">팽창</instance>
         <wf lemma="." pos="X">.</wf>
      </sentence>
      <sentence id="d000.s3250" source="wordnet-korean">
         <instance id="d000.s3250.t000" lemma="연" pos="NOUN">연</instance>
         <wf lemma="16%의" pos="X">16%의</wf>
         <wf lemma="길미." pos="X">길미.</wf>
      </sentence>
      <sentence id="d000.s3251" source="wordnet-korean">
         <instance id="d000.s3251.t000" lemma="걱정" pos="NOUN">걱정</instance>
         <wf lemma="을" pos="X">을</wf>
         <wf lemma="놓다." pos="X">놓다.</wf>
      </sentence>
      <sentence id="d000.s3252" source="wordnet-korean">
         <wf lemma="한" pos="X">한</wf>
         <instance id="d000.s3252.t000" lemma="갈래" pos="NOUN">갈래</instance>
         <wf lemma="." pos="X">.</wf>
      </sentence>
      <sentence id="d000.s3253" source="wordnet-korean">
         <wf lemma="혈육" pos="X">혈육</wf>
         <instance id="d000.s3253.t000" lemma="간" pos="NOUN">간</instance>
         <wf lemma="의" pos="X">의</wf>
         <wf lemma="정." pos="X">정.</wf>
      </sentence>
      <sentence id="d000.s3254" source="wordnet-korean">
         <instance id="d000.s3254.t000" lemma="사진" pos="NOUN">사진</instance>
         <wf lemma="을" pos="X">을</wf>
         <wf lemma="박다." pos="X">박다.</wf>
      </sentence>
      <sentence id="d000.s3255" source="wordnet-korean">
         <instance id="d000.s3255.t000" lemma="방향" pos="NOUN">방향</instance>
         <wf lemma="이" pos="X">이</wf>
         <wf lemma="틀렸다." pos="X">틀렸다.</wf>
      </sentence>
      <sentence id="d000.s3256" source="wordnet-korean">
         <instance id="d000.s3256.t000" lemma="엄포" pos="NOUN">엄포</instance>
         <wf lemma="로" pos="X">로</wf>
         <wf lemma="회초리" pos="X">회초리</wf>
         <wf lemma="하나를" pos="X">하나를</wf>
         <wf lemma="찾아" pos="X">찾아</wf>
         <wf lemma="든다." pos="X">든다.</wf>
      </sentence>
      <sentence id="d000.s3257" source="wordnet-korean">
         <instance id="d000.s3257.t000" lemma="차례" pos="NOUN">차례</instance>
         <wf lemma="를" pos="X">를</wf>
         <wf lemma="지킨다." pos="X">지킨다.</wf>
      </sentence>
      <sentence id="d000.s3258" source="wordnet-korean">
         <instance id="d000.s3258.t000" lemma="낯빛" pos="NOUN">낯빛</instance>
         <wf lemma="이" pos="X">이</wf>
         <wf lemma="검다." pos="X">검다.</wf>
      </sentence>
      <sentence id="d000.s3259" source="wordnet-korean">
         <wf lemma="그" pos="X">그</wf>
         <instance id="d000.s3259.t000" lemma="배포" pos="NOUN">배포</instance>
         <wf lemma="가" pos="X">가</wf>
         <wf lemma="좋구나." pos="X">좋구나.</wf>
      </sentence>
      <sentence id="d000.s3260" source="wordnet-korean">
         <instance id="d000.s3260.t000" lemma="밭" pos="NOUN">밭</instance>
         <wf lemma="이" pos="X">이</wf>
         <wf lemma="걸다." pos="X">걸다.</wf>
      </sentence>
      <sentence id="d000.s3261" source="wordnet-korean">
         <instance id="d000.s3261.t000" lemma="고통" pos="NOUN">고통</instance>
         <wf lemma="을" pos="X">을</wf>
         <wf lemma="참다." pos="X">참다.</wf>
      </sentence>
      <sentence id="d000.s3262" source="wordnet-korean">
         <instance id="d000.s3262.t000" lemma="만족" pos="NOUN">만족</instance>
         <wf lemma="과" pos="X">과</wf>
         <wf lemma="기대." pos="X">기대.</wf>
      </sentence>
      <sentence id="d000.s3263" source="wordnet-korean">
         <instance id="d000.s3263.t000" lemma="법" pos="NOUN">법</instance>
         <wf lemma="없이도" pos="X">없이도</wf>
         <wf lemma="살" pos="X">살</wf>
         <wf lemma="수" pos="X">수</wf>
         <wf lemma="있는" pos="X">있는</wf>
         <wf lemma="사람." pos="X">사람.</wf>
      </sentence>
      <sentence id="d000.s3264" source="wordnet-korean">
         <wf lemma="기독교" pos="X">기독교</wf>
         <instance id="d000.s3264.t000" lemma="교도" pos="NOUN">교도</instance>
         <wf lemma="." pos="X">.</wf>
      </sentence>
      <sentence id="d000.s3265" source="wordnet-korean">
         <instance id="d000.s3265.t000" lemma="공기" pos="NOUN">공기</instance>
         <wf lemma="가" pos="X">가</wf>
         <wf lemma="맑다." pos="X">맑다.</wf>
      </sentence>
      <sentence id="d000.s3266" source="wordnet-korean">
         <wf lemma="자식" pos="X">자식</wf>
         <instance id="d000.s3266.t000" lemma="자랑" pos="NOUN">자랑</instance>
         <wf lemma="." pos="X">.</wf>
      </sentence>
      <sentence id="d000.s3267" source="wordnet-korean">
         <instance id="d000.s3267.t000" lemma="술" pos="NOUN">술</instance>
         <wf lemma="을" pos="X">을</wf>
         <wf lemma="담그다." pos="X">담그다.</wf>
      </sentence>
      <sentence id="d000.s3268" source="wordnet-korean">
         <instance id="d000.s3268.t000" lemma="기구" pos="NOUN">기구</instance>
         <wf lemma="개편." pos="X">개편.</wf>
      </sentence>
      <sentence id="d000.s3269" source="wordnet-korean">
         <instance id="d000.s3269.t000" lemma="낯빛" pos="NOUN">낯빛</instance>
         <wf lemma="이" pos="X">이</wf>
         <wf lemma="창백하다." pos="X">창백하다.</wf>
      </sentence>
      <sentence id="d000.s3270" source="wordnet-korean">
         <wf lemma="너의" pos="X">너의</wf>
         <instance id="d000.s3270.t000" lemma="꿈" pos="NOUN">꿈</instance>
         <wf lemma="은" pos="X">은</wf>
         <wf lemma="무엇인가." pos="X">무엇인가.</wf>
      </sentence>
      <sentence id="d000.s3271" source="wordnet-korean">
         <wf lemma="기차의" pos="X">기차의</wf>
         <instance id="d000.s3271.t000" lemma="뒷머리" pos="NOUN">뒷머리</instance>
         <wf lemma="." pos="X">.</wf>
      </sentence>
      <sentence id="d000.s3272" source="wordnet-korean">
         <wf lemma="해남" pos="X">해남</wf>
         <instance id="d000.s3272.t000" lemma="땅" pos="NOUN">땅</instance>
         <wf lemma="." pos="X">.</wf>
      </sentence>
      <sentence id="d000.s3273" source="wordnet-korean">
         <instance id="d000.s3273.t000" lemma="국적" pos="NOUN">국적</instance>
         <wf lemma="을" pos="X">을</wf>
         <wf lemma="밝히다." pos="X">밝히다.</wf>
      </sentence>
      <sentence id="d000.s3274" source="wordnet-korean">
         <instance id="d000.s3274.t000" lemma="기술" pos="NOUN">기술</instance>
         <wf lemma="향상." pos="X">향상.</wf>
      </sentence>
      <sentence id="d000.s3275" source="wordnet-korean">
         <instance id="d000.s3275.t000" lemma="세부" pos="NOUN">세부</instance>
         <wf lemma="문제." pos="X">문제.</wf>
      </sentence>
      <sentence id="d000.s3276" source="wordnet-korean">
         <wf lemma="물길이" pos="X">물길이</wf>
         <wf lemma="좋은" pos="X">좋은</wf>
         <instance id="d000.s3276.t000" lemma="땅" pos="NOUN">땅</instance>
         <wf lemma="." pos="X">.</wf>
      </sentence>
      <sentence id="d000.s3277" source="wordnet-korean">
         <wf lemma="아버님의" pos="X">아버님의</wf>
         <instance id="d000.s3277.t000" lemma="병환" pos="NOUN">병환</instance>
         <wf lemma="." pos="X">.</wf>
      </sentence>
      <sentence id="d000.s3278" source="wordnet-korean">
         <instance id="d000.s3278.t000" lemma="교통사고" pos="NOUN">교통사고</instance>
         <wf lemma="방지." pos="X">방지.</wf>
      </sentence>
      <sentence id="d000.s3279" source="wordnet-korean">
         <instance id="d000.s3279.t000" lemma="느낌" pos="NOUN">느낌</instance>
         <wf lemma="을" pos="X">을</wf>
         <wf lemma="가진다." pos="X">가진다.</wf>
      </sentence>
      <sentence id="d000.s3280" source="wordnet-korean">
         <instance id="d000.s3280.t000" lemma="영향" pos="NOUN">영향</instance>
         <wf lemma="을" pos="X">을</wf>
         <wf lemma="받다." pos="X">받다.</wf>
      </sentence>
      <sentence id="d000.s3281" source="wordnet-korean">
         <instance id="d000.s3281.t000" lemma="씨" pos="NOUN">씨</instance>
         <wf lemma="는" pos="X">는</wf>
         <wf lemma="우리" pos="X">우리</wf>
         <wf lemma="문단의" pos="X">문단의</wf>
         <wf lemma="일인자이다." pos="X">일인자이다.</wf>
      </sentence>
      <sentence id="d000.s3282" source="wordnet-korean">
         <instance id="d000.s3282.t000" lemma="말" pos="NOUN">말</instance>
         <wf lemma="과" pos="X">과</wf>
         <wf lemma="글." pos="X">글.</wf>
      </sentence>
      <sentence id="d000.s3283" source="wordnet-korean">
         <instance id="d000.s3283.t000" lemma="방" pos="NOUN">방</instance>
         <wf lemma="이" pos="X">이</wf>
         <wf lemma="많다." pos="X">많다.</wf>
      </sentence>
      <sentence id="d000.s3284" source="wordnet-korean">
         <instance id="d000.s3284.t000" lemma="근로" pos="NOUN">근로</instance>
         <wf lemma="는" pos="X">는</wf>
         <wf lemma="만사를" pos="X">만사를</wf>
         <wf lemma="이루는" pos="X">이루는</wf>
         <wf lemma="근원이오…." pos="X">근원이오….</wf>
      </sentence>
      <sentence id="d000.s3285" source="wordnet-korean">
         <wf lemma="적의" pos="X">적의</wf>
         <wf lemma="결사적" pos="X">결사적</wf>
         <instance id="d000.s3285.t000" lemma="저항" pos="NOUN">저항</instance>
         <wf lemma="." pos="X">.</wf>
      </sentence>
      <sentence id="d000.s3286" source="wordnet-korean">
         <wf lemma="백성의" pos="X">백성의</wf>
         <instance id="d000.s3286.t000" lemma="탄압" pos="NOUN">탄압</instance>
         <wf lemma="." pos="X">.</wf>
      </sentence>
      <sentence id="d000.s3287" source="wordnet-korean">
         <wf lemma="부모에게" pos="X">부모에게</wf>
         <wf lemma="효도하는" pos="X">효도하는</wf>
         <wf lemma="것은" pos="X">것은</wf>
         <wf lemma="자식" pos="X">자식</wf>
         <wf lemma="된" pos="X">된</wf>
         <instance id="d000.s3287.t000" lemma="도리" pos="NOUN">도리</instance>
         <wf lemma="이다." pos="X">이다.</wf>
      </sentence>
      <sentence id="d000.s3288" source="wordnet-korean">
         <instance id="d000.s3288.t000" lemma="집" pos="NOUN">집</instance>
         <wf lemma="을" pos="X">을</wf>
         <wf lemma="나서다." pos="X">나서다.</wf>
      </sentence>
      <sentence id="d000.s3289" source="wordnet-korean">
         <wf lemma="역사의" pos="X">역사의</wf>
         <instance id="d000.s3289.t000" lemma="발전" pos="NOUN">발전</instance>
         <wf lemma="." pos="X">.</wf>
      </sentence>
      <sentence id="d000.s3290" source="wordnet-korean">
         <wf lemma="법률의" pos="X">법률의</wf>
         <instance id="d000.s3290.t000" lemma="폐지" pos="NOUN">폐지</instance>
         <wf lemma="." pos="X">.</wf>
      </sentence>
      <sentence id="d000.s3291" source="wordnet-korean">
         <wf lemma="산업" pos="X">산업</wf>
         <instance id="d000.s3291.t000" lemma="정보" pos="NOUN">정보</instance>
         <wf lemma="." pos="X">.</wf>
      </sentence>
      <sentence id="d000.s3292" source="wordnet-korean">
         <instance id="d000.s3292.t000" lemma="화재" pos="NOUN">화재</instance>
         <wf lemma="가" pos="X">가</wf>
         <wf lemma="나다." pos="X">나다.</wf>
      </sentence>
      <sentence id="d000.s3293" source="wordnet-korean">
         <wf lemma="편지" pos="X">편지</wf>
         <wf lemma="떼어" pos="X">떼어</wf>
         <wf lemma="보아" pos="X">보아</wf>
         <wf lemma="갈" pos="X">갈</wf>
         <wf lemma="제" pos="X">제</wf>
         <instance id="d000.s3293.t000" lemma="중동" pos="NOUN">중동</instance>
         <wf lemma="쯤" pos="X">쯤</wf>
         <wf lemma="읽어" pos="X">읽어</wf>
         <wf lemma="가다…." pos="X">가다….</wf>
      </sentence>
      <sentence id="d000.s3294" source="wordnet-korean">
         <wf lemma="자기" pos="X">자기</wf>
         <instance id="d000.s3294.t000" lemma="투" pos="NOUN">투</instance>
         <wf lemma="로" pos="X">로</wf>
         <wf lemma="일을" pos="X">일을</wf>
         <wf lemma="한다." pos="X">한다.</wf>
      </sentence>
      <sentence id="d000.s3295" source="wordnet-korean">
         <wf lemma="예술적" pos="X">예술적</wf>
         <instance id="d000.s3295.t000" lemma="표현" pos="NOUN">표현</instance>
         <wf lemma="." pos="X">.</wf>
      </sentence>
      <sentence id="d000.s3296" source="wordnet-korean">
         <wf lemma="그는" pos="X">그는</wf>
         <wf lemma="가난한" pos="X">가난한</wf>
         <instance id="d000.s3296.t000" lemma="가정" pos="NOUN">가정</instance>
         <wf lemma="에서" pos="X">에서</wf>
         <wf lemma="자라났다." pos="X">자라났다.</wf>
      </sentence>
      <sentence id="d000.s3297" source="wordnet-korean">
         <instance id="d000.s3297.t000" lemma="동포애" pos="NOUN">동포애</instance>
         <wf lemma="로" pos="X">로</wf>
         <wf lemma="뭉친" pos="X">뭉친</wf>
         <wf lemma="우리" pos="X">우리</wf>
         <wf lemma="겨레." pos="X">겨레.</wf>
      </sentence>
      <sentence id="d000.s3298" source="wordnet-korean">
         <instance id="d000.s3298.t000" lemma="단시간" pos="NOUN">단시간</instance>
         <wf lemma="에" pos="X">에</wf>
         <wf lemma="이룬" pos="X">이룬</wf>
         <wf lemma="큰" pos="X">큰</wf>
         <wf lemma="성과." pos="X">성과.</wf>
      </sentence>
      <sentence id="d000.s3299" source="wordnet-korean">
         <instance id="d000.s3299.t000" lemma="결단" pos="NOUN">결단</instance>
         <wf lemma="이" pos="X">이</wf>
         <wf lemma="나다." pos="X">나다.</wf>
      </sentence>
      <sentence id="d000.s3300" source="wordnet-korean">
         <wf lemma="먹은" pos="X">먹은</wf>
         <wf lemma="것을" pos="X">것을</wf>
         <instance id="d000.s3300.t000" lemma="토하다" pos="VERB">토하다</instance>
         <wf lemma="." pos="X">.</wf>
      </sentence>
      <sentence id="d000.s3301" source="wordnet-korean">
         <wf lemma="사건의" pos="X">사건의</wf>
         <instance id="d000.s3301.t000" lemma="대략" pos="NOUN">대략</instance>
         <wf lemma="만을" pos="X">만을</wf>
         <wf lemma="말하겠다." pos="X">말하겠다.</wf>
      </sentence>
      <sentence id="d000.s3302" source="wordnet-korean">
         <instance id="d000.s3302.t000" lemma="낮" pos="NOUN">낮</instance>
         <wf lemma="이" pos="X">이</wf>
         <wf lemma="짧아진다." pos="X">짧아진다.</wf>
      </sentence>
      <sentence id="d000.s3303" source="wordnet-korean">
         <instance id="d000.s3303.t000" lemma="반전" pos="NOUN">반전</instance>
         <wf lemma="사상." pos="X">사상.</wf>
      </sentence>
      <sentence id="d000.s3304" source="wordnet-korean">
         <instance id="d000.s3304.t000" lemma="정신" pos="NOUN">정신</instance>
         <wf lemma="이" pos="X">이</wf>
         <wf lemma="흐리다." pos="X">흐리다.</wf>
      </sentence>
      <sentence id="d000.s3305" source="wordnet-korean">
         <wf lemma="봄" pos="X">봄</wf>
         <instance id="d000.s3305.t000" lemma="소식" pos="NOUN">소식</instance>
         <wf lemma="." pos="X">.</wf>
      </sentence>
      <sentence id="d000.s3306" source="wordnet-korean">
         <wf lemma="개" pos="X">개</wf>
         <instance id="d000.s3306.t000" lemma="밥" pos="NOUN">밥</instance>
         <wf lemma="." pos="X">.</wf>
      </sentence>
      <sentence id="d000.s3307" source="wordnet-korean">
         <wf lemma="사격은" pos="X">사격은</wf>
         <wf lemma="이번이" pos="X">이번이</wf>
         <instance id="d000.s3307.t000" lemma="처음" pos="NOUN">처음</instance>
         <wf lemma="인가?." pos="X">인가?.</wf>
      </sentence>
      <sentence id="d000.s3308" source="wordnet-korean">
         <wf lemma="알몸" pos="X">알몸</wf>
         <instance id="d000.s3308.t000" lemma="노출" pos="NOUN">노출</instance>
         <wf lemma="." pos="X">.</wf>
      </sentence>
      <sentence id="d000.s3309" source="wordnet-korean">
         <instance id="d000.s3309.t000" lemma="밤" pos="NOUN">밤</instance>
         <wf lemma="이" pos="X">이</wf>
         <wf lemma="깊다." pos="X">깊다.</wf>
      </sentence>
      <sentence id="d000.s3310" source="wordnet-korean">
         <wf lemma="오이" pos="X">오이</wf>
         <wf lemma="한" pos="X">한</wf>
         <instance id="d000.s3310.t000" lemma="거리" pos="NOUN">거리</instance>
         <wf lemma="." pos="X">.</wf>
      </sentence>
      <sentence id="d000.s3311" source="wordnet-korean">
         <instance id="d000.s3311.t000" lemma="머리" pos="NOUN">머리</instance>
         <wf lemma="를" pos="X">를</wf>
         <wf lemma="흔들다." pos="X">흔들다.</wf>
      </sentence>
      <sentence id="d000.s3312" source="wordnet-korean">
         <wf lemma="내" pos="X">내</wf>
         <instance id="d000.s3312.t000" lemma="차례" pos="NOUN">차례</instance>
         <wf lemma="가" pos="X">가</wf>
         <wf lemma="돌아왔다." pos="X">돌아왔다.</wf>
      </sentence>
      <sentence id="d000.s3313" source="wordnet-korean">
         <wf lemma="화투" pos="X">화투</wf>
         <instance id="d000.s3313.t000" lemma="노름" pos="NOUN">노름</instance>
         <wf lemma="." pos="X">.</wf>
      </sentence>
      <sentence id="d000.s3314" source="wordnet-korean">
         <wf lemma="장사" pos="X">장사</wf>
         <instance id="d000.s3314.t000" lemma="속" pos="NOUN">속</instance>
         <wf lemma="." pos="X">.</wf>
      </sentence>
      <sentence id="d000.s3315" source="wordnet-korean">
         <instance id="d000.s3315.t000" lemma="촉수" pos="NOUN">촉수</instance>
         <wf lemma="엄금." pos="X">엄금.</wf>
      </sentence>
      <sentence id="d000.s3316" source="wordnet-korean">
         <wf lemma="그는" pos="X">그는</wf>
         <instance id="d000.s3316.t000" lemma="사람" pos="NOUN">사람</instance>
         <wf lemma="이" pos="X">이</wf>
         <wf lemma="좋다." pos="X">좋다.</wf>
      </sentence>
      <sentence id="d000.s3317" source="wordnet-korean">
         <wf lemma="술" pos="X">술</wf>
         <instance id="d000.s3317.t000" lemma="생각" pos="NOUN">생각</instance>
         <wf lemma="이" pos="X">이</wf>
         <wf lemma="간절하다." pos="X">간절하다.</wf>
      </sentence>
      <sentence id="d000.s3318" source="wordnet-korean">
         <wf lemma="한" pos="X">한</wf>
         <instance id="d000.s3318.t000" lemma="폭" pos="NOUN">폭</instance>
         <wf lemma="의" pos="X">의</wf>
         <wf lemma="그림." pos="X">그림.</wf>
      </sentence>
      <sentence id="d000.s3319" source="wordnet-korean">
         <wf lemma="상품의" pos="X">상품의</wf>
         <instance id="d000.s3319.t000" lemma="가치" pos="NOUN">가치</instance>
         <wf lemma="." pos="X">.</wf>
      </sentence>
      <sentence id="d000.s3320" source="wordnet-korean">
         <wf lemma="줄" pos="X">줄</wf>
         <instance id="d000.s3320.t000" lemma="말미" pos="NOUN">말미</instance>
         <wf lemma="에" pos="X">에</wf>
         <wf lemma="서" pos="X">서</wf>
         <wf lemma="있는" pos="X">있는</wf>
         <wf lemma="사람." pos="X">사람.</wf>
      </sentence>
      <sentence id="d000.s3321" source="wordnet-korean">
         <instance id="d000.s3321.t000" lemma="맥" pos="NOUN">맥</instance>
         <wf lemma="과" pos="X">과</wf>
         <wf lemma="혈." pos="X">혈.</wf>
      </sentence>
      <sentence id="d000.s3322" source="wordnet-korean">
         <instance id="d000.s3322.t000" lemma="목욕물" pos="NOUN">목욕물</instance>
         <wf lemma="을" pos="X">을</wf>
         <wf lemma="데우다." pos="X">데우다.</wf>
      </sentence>
      <sentence id="d000.s3323" source="wordnet-korean">
         <instance id="d000.s3323.t000" lemma="연대" pos="NOUN">연대</instance>
         <wf lemma="구분." pos="X">구분.</wf>
      </sentence>
      <sentence id="d000.s3324" source="wordnet-korean">
         <instance id="d000.s3324.t000" lemma="나이" pos="NOUN">나이</instance>
         <wf lemma="가" pos="X">가</wf>
         <wf lemma="어리다." pos="X">어리다.</wf>
      </sentence>
      <sentence id="d000.s3325" source="wordnet-korean">
         <wf lemma="창밖에" pos="X">창밖에</wf>
         <instance id="d000.s3325.t000" lemma="전개" pos="NOUN">전개</instance>
         <wf lemma="되는" pos="X">되는</wf>
         <wf lemma="풍경을" pos="X">풍경을</wf>
         <wf lemma="바라보며" pos="X">바라보며</wf>
         <wf lemma="우리" pos="X">우리</wf>
         <wf lemma="나라의" pos="X">나라의</wf>
         <wf lemma="전원은" pos="X">전원은</wf>
         <wf lemma="아름답다고" pos="X">아름답다고</wf>
         <wf lemma="생각했다." pos="X">생각했다.</wf>
      </sentence>
      <sentence id="d000.s3326" source="wordnet-korean">
         <instance id="d000.s3326.t000" lemma="노력" pos="NOUN">노력</instance>
         <wf lemma="동원." pos="X">동원.</wf>
      </sentence>
      <sentence id="d000.s3327" source="wordnet-korean">
         <wf lemma="그런" pos="X">그런</wf>
         <instance id="d000.s3327.t000" lemma="잔꾀" pos="NOUN">잔꾀</instance>
         <wf lemma="에" pos="X">에</wf>
         <wf lemma="넘어갈" pos="X">넘어갈</wf>
         <wf lemma="내가" pos="X">내가</wf>
         <wf lemma="아니다." pos="X">아니다.</wf>
      </sentence>
      <sentence id="d000.s3328" source="wordnet-korean">
         <instance id="d000.s3328.t000" lemma="마차" pos="NOUN">마차</instance>
         <wf lemma="가" pos="X">가</wf>
         <wf lemma="달린다." pos="X">달린다.</wf>
      </sentence>
      <sentence id="d000.s3329" source="wordnet-korean">
         <instance id="d000.s3329.t000" lemma="가공" pos="NOUN">가공</instance>
         <wf lemma="제품." pos="X">제품.</wf>
      </sentence>
      <sentence id="d000.s3330" source="wordnet-korean">
         <wf lemma="생활의" pos="X">생활의</wf>
         <instance id="d000.s3330.t000" lemma="빈곤" pos="NOUN">빈곤</instance>
         <wf lemma="." pos="X">.</wf>
      </sentence>
      <sentence id="d000.s3331" source="wordnet-korean">
         <wf lemma="가얏고가" pos="X">가얏고가</wf>
         <wf lemma="짐짓" pos="X">짐짓</wf>
         <wf lemma="규중에서" pos="X">규중에서</wf>
         <wf lemma="아낙네의" pos="X">아낙네의</wf>
         <wf lemma="사랑을" pos="X">사랑을</wf>
         <wf lemma="받았다면," pos="X">받았다면,</wf>
         <instance id="d000.s3331.t000" lemma="거문고" pos="NOUN">거문고</instance>
         <wf lemma="는" pos="X">는</wf>
         <wf lemma="선비의" pos="X">선비의</wf>
         <wf lemma="그릇으로" pos="X">그릇으로</wf>
         <wf lemma="사랑방에서" pos="X">사랑방에서</wf>
         <wf lemma="소중히" pos="X">소중히</wf>
         <wf lemma="다루어졌다." pos="X">다루어졌다.</wf>
      </sentence>
      <sentence id="d000.s3332" source="wordnet-korean">
         <instance id="d000.s3332.t000" lemma="품질" pos="NOUN">품질</instance>
         <wf lemma="을" pos="X">을</wf>
         <wf lemma="좋게" pos="X">좋게</wf>
         <wf lemma="하다." pos="X">하다.</wf>
      </sentence>
      <sentence id="d000.s3333" source="wordnet-korean">
         <wf lemma="이삿짐을" pos="X">이삿짐을</wf>
         <instance id="d000.s3333.t000" lemma="나르다" pos="VERB">나르다</instance>
         <wf lemma="." pos="X">.</wf>
      </sentence>
      <sentence id="d000.s3334" source="wordnet-korean">
         <instance id="d000.s3334.t000" lemma="꼴" pos="NOUN">꼴</instance>
         <wf lemma="을" pos="X">을</wf>
         <wf lemma="베다." pos="X">베다.</wf>
      </sentence>
      <sentence id="d000.s3335" source="wordnet-korean">
         <instance id="d000.s3335.t000" lemma="아비" pos="NOUN">아비</instance>
         <wf lemma="말을" pos="X">말을</wf>
         <wf lemma="듣지" pos="X">듣지</wf>
         <wf lemma="않으면" pos="X">않으면</wf>
         <wf lemma="어찌" pos="X">어찌</wf>
         <wf lemma="내" pos="X">내</wf>
         <wf lemma="집" pos="X">집</wf>
         <wf lemma="사람일" pos="X">사람일</wf>
         <wf lemma="수" pos="X">수</wf>
         <wf lemma="있겠느냐?." pos="X">있겠느냐?.</wf>
      </sentence>
      <sentence id="d000.s3336" source="wordnet-korean">
         <instance id="d000.s3336.t000" lemma="정복" pos="NOUN">정복</instance>
         <wf lemma="경찰관과" pos="X">경찰관과</wf>
         <wf lemma="사복" pos="X">사복</wf>
         <wf lemma="형사." pos="X">형사.</wf>
      </sentence>
      <sentence id="d000.s3337" source="wordnet-korean">
         <wf lemma="이" pos="X">이</wf>
         <wf lemma="사건에" pos="X">사건에</wf>
         <instance id="d000.s3337.t000" lemma="관련" pos="NOUN">관련</instance>
         <wf lemma="된" pos="X">된</wf>
         <wf lemma="사람이" pos="X">사람이</wf>
         <wf lemma="얼마나" pos="X">얼마나</wf>
         <wf lemma="되나?." pos="X">되나?.</wf>
      </sentence>
      <sentence id="d000.s3338" source="wordnet-korean">
         <wf lemma="딸의" pos="X">딸의</wf>
         <wf lemma="정성어린" pos="X">정성어린</wf>
         <instance id="d000.s3338.t000" lemma="간병" pos="NOUN">간병</instance>
         <wf lemma="으로" pos="X">으로</wf>
         <wf lemma="어머니의" pos="X">어머니의</wf>
         <wf lemma="건강은" pos="X">건강은</wf>
         <wf lemma="날로" pos="X">날로</wf>
         <wf lemma="좋아졌다." pos="X">좋아졌다.</wf>
      </sentence>
      <sentence id="d000.s3339" source="wordnet-korean">
         <instance id="d000.s3339.t000" lemma="무질서" pos="NOUN">무질서</instance>
         <wf lemma="를" pos="X">를</wf>
         <wf lemma="탓하다." pos="X">탓하다.</wf>
      </sentence>
      <sentence id="d000.s3340" source="wordnet-korean">
         <wf lemma="직업" pos="X">직업</wf>
         <instance id="d000.s3340.t000" lemma="소개" pos="NOUN">소개</instance>
         <wf lemma="." pos="X">.</wf>
      </sentence>
      <sentence id="d000.s3341" source="wordnet-korean">
         <instance id="d000.s3341.t000" lemma="권투" pos="NOUN">권투</instance>
         <wf lemma="선수." pos="X">선수.</wf>
      </sentence>
      <sentence id="d000.s3342" source="wordnet-korean">
         <instance id="d000.s3342.t000" lemma="위조" pos="NOUN">위조</instance>
         <wf lemma="수표." pos="X">수표.</wf>
      </sentence>
      <sentence id="d000.s3343" source="wordnet-korean">
         <instance id="d000.s3343.t000" lemma="떼" pos="NOUN">떼</instance>
         <wf lemma="를" pos="X">를</wf>
         <wf lemma="지어" pos="X">지어</wf>
         <wf lemma="다니다." pos="X">다니다.</wf>
      </sentence>
      <sentence id="d000.s3344" source="wordnet-korean">
         <instance id="d000.s3344.t000" lemma="밭" pos="NOUN">밭</instance>
         <wf lemma="한" pos="X">한</wf>
         <wf lemma="뙈기." pos="X">뙈기.</wf>
      </sentence>
      <sentence id="d000.s3345" source="wordnet-korean">
         <instance id="d000.s3345.t000" lemma="턱" pos="NOUN">턱</instance>
         <wf lemma="이" pos="X">이</wf>
         <wf lemma="닿는" pos="X">닿는</wf>
         <wf lemma="소리를" pos="X">소리를</wf>
         <wf lemma="해야" pos="X">해야</wf>
         <wf lemma="믿지." pos="X">믿지.</wf>
      </sentence>
      <sentence id="d000.s3346" source="wordnet-korean">
         <instance id="d000.s3346.t000" lemma="전형" pos="NOUN">전형</instance>
         <wf lemma="방법." pos="X">방법.</wf>
      </sentence>
      <sentence id="d000.s3347" source="wordnet-korean">
         <instance id="d000.s3347.t000" lemma="가계" pos="NOUN">가계</instance>
         <wf lemma="를" pos="X">를</wf>
         <wf lemma="잘" pos="X">잘</wf>
         <wf lemma="꾸려" pos="X">꾸려</wf>
         <wf lemma="가다." pos="X">가다.</wf>
      </sentence>
      <sentence id="d000.s3348" source="wordnet-korean">
         <instance id="d000.s3348.t000" lemma="배" pos="NOUN">배</instance>
         <wf lemma="를" pos="X">를</wf>
         <wf lemma="젓다." pos="X">젓다.</wf>
      </sentence>
      <sentence id="d000.s3349" source="wordnet-korean">
         <wf lemma="된" pos="X">된</wf>
         <instance id="d000.s3349.t000" lemma="사람" pos="NOUN">사람</instance>
         <wf lemma="." pos="X">.</wf>
      </sentence>
      <sentence id="d000.s3350" source="wordnet-korean">
         <instance id="d000.s3350.t000" lemma="생활비" pos="NOUN">생활비</instance>
         <wf lemma="를" pos="X">를</wf>
         <wf lemma="규모" pos="X">규모</wf>
         <wf lemma="있게" pos="X">있게</wf>
         <wf lemma="쓰다." pos="X">쓰다.</wf>
      </sentence>
      <sentence id="d000.s3351" source="wordnet-korean">
         <instance id="d000.s3351.t000" lemma="부근" pos="NOUN">부근</instance>
         <wf lemma="일대." pos="X">일대.</wf>
      </sentence>
      <sentence id="d000.s3352" source="wordnet-korean">
         <wf lemma="자금이" pos="X">자금이</wf>
         <instance id="d000.s3352.t000" lemma="동결" pos="NOUN">동결</instance>
         <wf lemma="되다." pos="X">되다.</wf>
      </sentence>
      <sentence id="d000.s3353" source="wordnet-korean">
         <instance id="d000.s3353.t000" lemma="불만" pos="NOUN">불만</instance>
         <wf lemma="을" pos="X">을</wf>
         <wf lemma="터뜨린다." pos="X">터뜨린다.</wf>
      </sentence>
      <sentence id="d000.s3354" source="wordnet-korean">
         <wf lemma="술맛은" pos="X">술맛은</wf>
         <instance id="d000.s3354.t000" lemma="언니" pos="NOUN">언니</instance>
         <wf lemma="탓이라." pos="X">탓이라.</wf>
      </sentence>
      <sentence id="d000.s3355" source="wordnet-korean">
         <wf lemma="오빠에게" pos="X">오빠에게</wf>
         <instance id="d000.s3355.t000" lemma="알선" pos="NOUN">알선</instance>
         <wf lemma="이라도" pos="X">이라도</wf>
         <wf lemma="구해" pos="X">구해</wf>
         <wf lemma="볼까" pos="X">볼까</wf>
         <wf lemma="하고" pos="X">하고</wf>
         <wf lemma="말을" pos="X">말을</wf>
         <wf lemma="꺼냈다." pos="X">꺼냈다.</wf>
      </sentence>
      <sentence id="d000.s3356" source="wordnet-korean">
         <wf lemma="4개" pos="X">4개</wf>
         <instance id="d000.s3356.t000" lemma="국" pos="NOUN">국</instance>
         <wf lemma="정상회담." pos="X">정상회담.</wf>
      </sentence>
      <sentence id="d000.s3357" source="wordnet-korean">
         <instance id="d000.s3357.t000" lemma="벌" pos="NOUN">벌</instance>
         <wf lemma="을" pos="X">을</wf>
         <wf lemma="받다." pos="X">받다.</wf>
      </sentence>
      <sentence id="d000.s3358" source="wordnet-korean">
         <instance id="d000.s3358.t000" lemma="구월" pos="NOUN">구월</instance>
         <wf lemma="황국." pos="X">황국.</wf>
      </sentence>
      <sentence id="d000.s3359" source="wordnet-korean">
         <wf lemma="사업" pos="X">사업</wf>
         <instance id="d000.s3359.t000" lemma="번창" pos="NOUN">번창</instance>
         <wf lemma="." pos="X">.</wf>
      </sentence>
      <sentence id="d000.s3360" source="wordnet-korean">
         <wf lemma="인문" pos="X">인문</wf>
         <instance id="d000.s3360.t000" lemma="계열" pos="NOUN">계열</instance>
         <wf lemma="." pos="X">.</wf>
      </sentence>
      <sentence id="d000.s3361" source="wordnet-korean">
         <instance id="d000.s3361.t000" lemma="평정" pos="NOUN">평정</instance>
         <wf lemma="을" pos="X">을</wf>
         <wf lemma="되찾다." pos="X">되찾다.</wf>
      </sentence>
      <sentence id="d000.s3362" source="wordnet-korean">
         <wf lemma="식순의" pos="X">식순의</wf>
         <wf lemma="맨" pos="X">맨</wf>
         <instance id="d000.s3362.t000" lemma="끝" pos="NOUN">끝</instance>
         <wf lemma="에" pos="X">에</wf>
         <wf lemma="만세삼창이" pos="X">만세삼창이</wf>
         <wf lemma="있었다." pos="X">있었다.</wf>
      </sentence>
      <sentence id="d000.s3363" source="wordnet-korean">
         <instance id="d000.s3363.t000" lemma="재판" pos="NOUN">재판</instance>
         <wf lemma="가격." pos="X">가격.</wf>
      </sentence>
      <sentence id="d000.s3364" source="wordnet-korean">
         <wf lemma="어렸을" pos="X">어렸을</wf>
         <wf lemma="때" pos="X">때</wf>
         <instance id="d000.s3364.t000" lemma="생각" pos="NOUN">생각</instance>
         <wf lemma="이" pos="X">이</wf>
         <wf lemma="떠오른다." pos="X">떠오른다.</wf>
      </sentence>
      <sentence id="d000.s3365" source="wordnet-korean">
         <instance id="d000.s3365.t000" lemma="움" pos="NOUN">움</instance>
         <wf lemma="이" pos="X">이</wf>
         <wf lemma="돋다." pos="X">돋다.</wf>
      </sentence>
      <sentence id="d000.s3366" source="wordnet-korean">
         <instance id="d000.s3366.t000" lemma="근로" pos="NOUN">근로</instance>
         <wf lemma="의" pos="X">의</wf>
         <wf lemma="권리." pos="X">권리.</wf>
      </sentence>
      <sentence id="d000.s3367" source="wordnet-korean">
         <instance id="d000.s3367.t000" lemma="가축" pos="NOUN">가축</instance>
         <wf lemma="검역." pos="X">검역.</wf>
      </sentence>
      <sentence id="d000.s3368" source="wordnet-korean">
         <instance id="d000.s3368.t000" lemma="광산" pos="NOUN">광산</instance>
         <wf lemma="기계." pos="X">기계.</wf>
      </sentence>
      <sentence id="d000.s3369" source="wordnet-korean">
         <instance id="d000.s3369.t000" lemma="가지" pos="NOUN">가지</instance>
         <wf lemma="를" pos="X">를</wf>
         <wf lemma="따다." pos="X">따다.</wf>
      </sentence>
      <sentence id="d000.s3370" source="wordnet-korean">
         <wf lemma="침략" pos="X">침략</wf>
         <instance id="d000.s3370.t000" lemma="기도" pos="NOUN">기도</instance>
         <wf lemma="." pos="X">.</wf>
      </sentence>
      <sentence id="d000.s3371" source="wordnet-korean">
         <instance id="d000.s3371.t000" lemma="공" pos="NOUN">공</instance>
         <wf lemma="을" pos="X">을</wf>
         <wf lemma="세우다." pos="X">세우다.</wf>
      </sentence>
      <sentence id="d000.s3372" source="wordnet-korean">
         <wf lemma="곡예사와" pos="X">곡예사와</wf>
         <wf lemma="동물들이" pos="X">동물들이</wf>
         <wf lemma="한데" pos="X">한데</wf>
         <wf lemma="어울려" pos="X">어울려</wf>
         <wf lemma="갖가지" pos="X">갖가지</wf>
         <wf lemma="재주를" pos="X">재주를</wf>
         <wf lemma="부리는" pos="X">부리는</wf>
         <instance id="d000.s3372.t000" lemma="광경" pos="NOUN">광경</instance>
         <wf lemma="을" pos="X">을</wf>
         <wf lemma="보고" pos="X">보고</wf>
         <wf lemma="아이들은" pos="X">아이들은</wf>
         <wf lemma="박수를" pos="X">박수를</wf>
         <wf lemma="치면서" pos="X">치면서</wf>
         <wf lemma="좋아했다." pos="X">좋아했다.</wf>
      </sentence>
      <sentence id="d000.s3373" source="wordnet-korean">
         <wf lemma="애국자의" pos="X">애국자의</wf>
         <instance id="d000.s3373.t000" lemma="탈" pos="NOUN">탈</instance>
         <wf lemma="을" pos="X">을</wf>
         <wf lemma="쓴" pos="X">쓴</wf>
         <wf lemma="모리배." pos="X">모리배.</wf>
      </sentence>
      <sentence id="d000.s3374" source="wordnet-korean">
         <wf lemma="원고" pos="X">원고</wf>
         <instance id="d000.s3374.t000" lemma="교정" pos="NOUN">교정</instance>
         <wf lemma="." pos="X">.</wf>
      </sentence>
      <sentence id="d000.s3375" source="wordnet-korean">
         <wf lemma="우선" pos="X">우선</wf>
         <wf lemma="밤을" pos="X">밤을</wf>
         <wf lemma="지샐" pos="X">지샐</wf>
         <instance id="d000.s3375.t000" lemma="마련" pos="NOUN">마련</instance>
         <wf lemma="부터" pos="X">부터</wf>
         <wf lemma="차리자." pos="X">차리자.</wf>
      </sentence>
      <sentence id="d000.s3376" source="wordnet-korean">
         <wf lemma="대학" pos="X">대학</wf>
         <instance id="d000.s3376.t000" lemma="과정" pos="NOUN">과정</instance>
         <wf lemma="." pos="X">.</wf>
      </sentence>
      <sentence id="d000.s3377" source="wordnet-korean">
         <wf lemma="이번" pos="X">이번</wf>
         <instance id="d000.s3377.t000" lemma="달" pos="NOUN">달</instance>
         <wf lemma="은" pos="X">은</wf>
         <wf lemma="크다." pos="X">크다.</wf>
      </sentence>
      <sentence id="d000.s3378" source="wordnet-korean">
         <instance id="d000.s3378.t000" lemma="만년" pos="NOUN">만년</instance>
         <wf lemma="의" pos="X">의</wf>
         <wf lemma="행복." pos="X">행복.</wf>
      </sentence>
      <sentence id="d000.s3379" source="wordnet-korean">
         <wf lemma="살림" pos="X">살림</wf>
         <instance id="d000.s3379.t000" lemma="나부랭이" pos="NOUN">나부랭이</instance>
         <wf lemma="." pos="X">.</wf>
      </sentence>
      <sentence id="d000.s3380" source="wordnet-korean">
         <wf lemma="군대" pos="X">군대</wf>
         <instance id="d000.s3380.t000" lemma="복무" pos="NOUN">복무</instance>
         <wf lemma="." pos="X">.</wf>
      </sentence>
      <sentence id="d000.s3381" source="wordnet-korean">
         <wf lemma="세계" pos="X">세계</wf>
         <wf lemma="문학" pos="X">문학</wf>
         <wf lemma="전집" pos="X">전집</wf>
         <instance id="d000.s3381.t000" lemma="발간" pos="NOUN">발간</instance>
         <wf lemma="." pos="X">.</wf>
      </sentence>
      <sentence id="d000.s3382" source="wordnet-korean">
         <instance id="d000.s3382.t000" lemma="바지" pos="NOUN">바지</instance>
         <wf lemma="를" pos="X">를</wf>
         <wf lemma="입다." pos="X">입다.</wf>
      </sentence>
      <sentence id="d000.s3383" source="wordnet-korean">
         <instance id="d000.s3383.t000" lemma="아량" pos="NOUN">아량</instance>
         <wf lemma="이" pos="X">이</wf>
         <wf lemma="없다." pos="X">없다.</wf>
      </sentence>
      <sentence id="d000.s3384" source="wordnet-korean">
         <instance id="d000.s3384.t000" lemma="각오" pos="NOUN">각오</instance>
         <wf lemma="를" pos="X">를</wf>
         <wf lemma="단단히" pos="X">단단히</wf>
         <wf lemma="하다." pos="X">하다.</wf>
      </sentence>
      <sentence id="d000.s3385" source="wordnet-korean">
         <instance id="d000.s3385.t000" lemma="병" pos="NOUN">병</instance>
         <wf lemma="에" pos="X">에</wf>
         <wf lemma="걸린다." pos="X">걸린다.</wf>
      </sentence>
      <sentence id="d000.s3386" source="wordnet-korean">
         <wf lemma="삼강" pos="X">삼강</wf>
         <wf lemma="행실은" pos="X">행실은</wf>
         <wf lemma="부자유친," pos="X">부자유친,</wf>
         <wf lemma="군신유의의" pos="X">군신유의의</wf>
         <wf lemma="효자" pos="X">효자</wf>
         <wf lemma="충신의" pos="X">충신의</wf>
         <wf lemma="길에다가" pos="X">길에다가</wf>
         <wf lemma="부부유별인" pos="X">부부유별인</wf>
         <wf lemma="열녀의" pos="X">열녀의</wf>
         <wf lemma="행실을" pos="X">행실을</wf>
         <wf lemma="더" pos="X">더</wf>
         <wf lemma="넣어서" pos="X">넣어서</wf>
         <wf lemma="세" pos="X">세</wf>
         <wf lemma="가지" pos="X">가지</wf>
         <wf lemma="큰" pos="X">큰</wf>
         <instance id="d000.s3386.t000" lemma="벼리" pos="NOUN">벼리</instance>
         <wf lemma="를" pos="X">를</wf>
         <wf lemma="잡은" pos="X">잡은</wf>
         <wf lemma="것이다." pos="X">것이다.</wf>
      </sentence>
      <sentence id="d000.s3387" source="wordnet-korean">
         <instance id="d000.s3387.t000" lemma="날" pos="NOUN">날</instance>
         <wf lemma="이" pos="X">이</wf>
         <wf lemma="좋다." pos="X">좋다.</wf>
      </sentence>
      <sentence id="d000.s3388" source="wordnet-korean">
         <wf lemma="‘어두움’이" pos="X">‘어두움’이</wf>
         <wf lemma="음성이라면" pos="X">음성이라면</wf>
         <wf lemma="‘밝음’은" pos="X">‘밝음’은</wf>
         <instance id="d000.s3388.t000" lemma="양성" pos="NOUN">양성</instance>
         <wf lemma="이다." pos="X">이다.</wf>
      </sentence>
      <sentence id="d000.s3389" source="wordnet-korean">
         <instance id="d000.s3389.t000" lemma="욕" pos="NOUN">욕</instance>
         <wf lemma="을" pos="X">을</wf>
         <wf lemma="당하다." pos="X">당하다.</wf>
      </sentence>
      <sentence id="d000.s3390" source="wordnet-korean">
         <wf lemma="나는" pos="X">나는</wf>
         <wf lemma="내" pos="X">내</wf>
         <wf lemma="목숨이" pos="X">목숨이</wf>
         <wf lemma="나라와" pos="X">나라와</wf>
         <wf lemma="겨레를" pos="X">겨레를</wf>
         <wf lemma="위한" pos="X">위한</wf>
         <instance id="d000.s3390.t000" lemma="제물" pos="NOUN">제물</instance>
         <wf lemma="이" pos="X">이</wf>
         <wf lemma="된다면" pos="X">된다면</wf>
         <wf lemma="언제라도" pos="X">언제라도</wf>
         <wf lemma="이" pos="X">이</wf>
         <wf lemma="몸을" pos="X">몸을</wf>
         <wf lemma="바칠" pos="X">바칠</wf>
         <wf lemma="각오가" pos="X">각오가</wf>
         <wf lemma="되어" pos="X">되어</wf>
         <wf lemma="있다." pos="X">있다.</wf>
      </sentence>
      <sentence id="d000.s3391" source="wordnet-korean">
         <wf lemma="굳고" pos="X">굳고</wf>
         <wf lemma="곧은" pos="X">곧은</wf>
         <instance id="d000.s3391.t000" lemma="성격" pos="NOUN">성격</instance>
         <wf lemma="." pos="X">.</wf>
      </sentence>
      <sentence id="d000.s3392" source="wordnet-korean">
         <instance id="d000.s3392.t000" lemma="어미" pos="NOUN">어미</instance>
         <wf lemma="닭." pos="X">닭.</wf>
      </sentence>
      <sentence id="d000.s3393" source="wordnet-korean">
         <wf lemma="만사에는" pos="X">만사에는</wf>
         <instance id="d000.s3393.t000" lemma="때" pos="NOUN">때</instance>
         <wf lemma="가" pos="X">가</wf>
         <wf lemma="있다." pos="X">있다.</wf>
      </sentence>
      <sentence id="d000.s3394" source="wordnet-korean">
         <wf lemma="문명이" pos="X">문명이</wf>
         <wf lemma="열매라면" pos="X">열매라면</wf>
         <instance id="d000.s3394.t000" lemma="야만" pos="NOUN">야만</instance>
         <wf lemma="은" pos="X">은</wf>
         <wf lemma="꽃이다." pos="X">꽃이다.</wf>
      </sentence>
      <sentence id="d000.s3395" source="wordnet-korean">
         <instance id="d000.s3395.t000" lemma="형벌" pos="NOUN">형벌</instance>
         <wf lemma="을" pos="X">을</wf>
         <wf lemma="내리다." pos="X">내리다.</wf>
      </sentence>
      <sentence id="d000.s3396" source="wordnet-korean">
         <wf lemma="삼엄한" pos="X">삼엄한</wf>
         <instance id="d000.s3396.t000" lemma="경계" pos="NOUN">경계</instance>
         <wf lemma="." pos="X">.</wf>
      </sentence>
      <sentence id="d000.s3397" source="wordnet-korean">
         <wf lemma="모순의" pos="X">모순의</wf>
         <instance id="d000.s3397.t000" lemma="굴레" pos="NOUN">굴레</instance>
         <wf lemma="." pos="X">.</wf>
      </sentence>
      <sentence id="d000.s3398" source="wordnet-korean">
         <wf lemma="문화의" pos="X">문화의</wf>
         <instance id="d000.s3398.t000" lemma="전승" pos="NOUN">전승</instance>
         <wf lemma="." pos="X">.</wf>
      </sentence>
      <sentence id="d000.s3399" source="wordnet-korean">
         <instance id="d000.s3399.t000" lemma="사발" pos="NOUN">사발</instance>
         <wf lemma="에" pos="X">에</wf>
         <wf lemma="담은" pos="X">담은</wf>
         <wf lemma="밥." pos="X">밥.</wf>
      </sentence>
      <sentence id="d000.s3400" source="wordnet-korean">
         <wf lemma="금례" pos="X">금례</wf>
         <instance id="d000.s3400.t000" lemma="어머니" pos="NOUN">어머니</instance>
         <wf lemma="." pos="X">.</wf>
      </sentence>
      <sentence id="d000.s3401" source="wordnet-korean">
         <instance id="d000.s3401.t000" lemma="교시" pos="NOUN">교시</instance>
         <wf lemma="를" pos="X">를</wf>
         <wf lemma="주다." pos="X">주다.</wf>
      </sentence>
      <sentence id="d000.s3402" source="wordnet-korean">
         <instance id="d000.s3402.t000" lemma="머리" pos="NOUN">머리</instance>
         <wf lemma="를" pos="X">를</wf>
         <wf lemma="깎다." pos="X">깎다.</wf>
      </sentence>
      <sentence id="d000.s3403" source="wordnet-korean">
         <instance id="d000.s3403.t000" lemma="손상" pos="NOUN">손상</instance>
         <wf lemma="을" pos="X">을</wf>
         <wf lemma="받았다." pos="X">받았다.</wf>
      </sentence>
      <sentence id="d000.s3404" source="wordnet-korean">
         <instance id="d000.s3404.t000" lemma="편지" pos="NOUN">편지</instance>
         <wf lemma="를" pos="X">를</wf>
         <wf lemma="받는다." pos="X">받는다.</wf>
      </sentence>
      <sentence id="d000.s3405" source="wordnet-korean">
         <wf lemma="평화" pos="X">평화</wf>
         <instance id="d000.s3405.t000" lemma="애호가" pos="NOUN">애호가</instance>
         <wf lemma="." pos="X">.</wf>
      </sentence>
      <sentence id="d000.s3406" source="wordnet-korean">
         <instance id="d000.s3406.t000" lemma="비렁뱅이" pos="NOUN">비렁뱅이</instance>
         <wf lemma="신세." pos="X">신세.</wf>
      </sentence>
      <sentence id="d000.s3407" source="wordnet-korean">
         <wf lemma="그렇다면" pos="X">그렇다면</wf>
         <instance id="d000.s3407.t000" lemma="애초" pos="NOUN">애초</instance>
         <wf lemma="에" pos="X">에</wf>
         <wf lemma="말할" pos="X">말할</wf>
         <wf lemma="것이지." pos="X">것이지.</wf>
      </sentence>
      <sentence id="d000.s3408" source="wordnet-korean">
         <wf lemma="말의" pos="X">말의</wf>
         <instance id="d000.s3408.t000" lemma="변천" pos="NOUN">변천</instance>
         <wf lemma="." pos="X">.</wf>
      </sentence>
      <sentence id="d000.s3409" source="wordnet-korean">
         <wf lemma="두부," pos="X">두부,</wf>
         <wf lemma="콩나물" pos="X">콩나물</wf>
         <instance id="d000.s3409.t000" lemma="따위" pos="NOUN">따위</instance>
         <wf lemma="의" pos="X">의</wf>
         <wf lemma="찬거리를" pos="X">찬거리를</wf>
         <wf lemma="샀다." pos="X">샀다.</wf>
      </sentence>
      <sentence id="d000.s3410" source="wordnet-korean">
         <wf lemma="세종" pos="X">세종</wf>
         <instance id="d000.s3410.t000" lemma="연간" pos="NOUN">연간</instance>
         <wf lemma="에는" pos="X">에는</wf>
         <wf lemma="우리" pos="X">우리</wf>
         <wf lemma="민족" pos="X">민족</wf>
         <wf lemma="문화의" pos="X">문화의</wf>
         <wf lemma="황금기를" pos="X">황금기를</wf>
         <wf lemma="이루었다." pos="X">이루었다.</wf>
      </sentence>
      <sentence id="d000.s3411" source="wordnet-korean">
         <wf lemma="닭이" pos="X">닭이</wf>
         <wf lemma="세" pos="X">세</wf>
         <instance id="d000.s3411.t000" lemma="홰" pos="NOUN">홰</instance>
         <wf lemma="째" pos="X">째</wf>
         <wf lemma="운다." pos="X">운다.</wf>
      </sentence>
      <sentence id="d000.s3412" source="wordnet-korean">
         <instance id="d000.s3412.t000" lemma="기재" pos="NOUN">기재</instance>
         <wf lemma="사항." pos="X">사항.</wf>
      </sentence>
      <sentence id="d000.s3413" source="wordnet-korean">
         <wf lemma="자연의" pos="X">자연의</wf>
         <instance id="d000.s3413.t000" lemma="변화" pos="NOUN">변화</instance>
         <wf lemma="." pos="X">.</wf>
      </sentence>
      <sentence id="d000.s3414" source="wordnet-korean">
         <instance id="d000.s3414.t000" lemma="약속" pos="NOUN">약속</instance>
         <wf lemma="을" pos="X">을</wf>
         <wf lemma="받다." pos="X">받다.</wf>
      </sentence>
      <sentence id="d000.s3415" source="wordnet-korean">
         <instance id="d000.s3415.t000" lemma="신중" pos="NOUN">신중</instance>
         <wf lemma="을" pos="X">을</wf>
         <wf lemma="기하다." pos="X">기하다.</wf>
      </sentence>
      <sentence id="d000.s3416" source="wordnet-korean">
         <wf lemma="10분의" pos="X">10분의</wf>
         <wf lemma="1은" pos="X">1은</wf>
         <instance id="d000.s3416.t000" lemma="소수" pos="NOUN">소수</instance>
         <wf lemma="로" pos="X">로</wf>
         <wf lemma="0." pos="X">0.</wf>
      </sentence>
      <sentence id="d000.s3417" source="wordnet-korean">
         <instance id="d000.s3417.t000" lemma="유사" pos="NOUN">유사</instance>
         <wf lemma="단체." pos="X">단체.</wf>
      </sentence>
      <sentence id="d000.s3418" source="wordnet-korean">
         <instance id="d000.s3418.t000" lemma="도피" pos="NOUN">도피</instance>
         <wf lemma="생활." pos="X">생활.</wf>
      </sentence>
      <sentence id="d000.s3419" source="wordnet-korean">
         <instance id="d000.s3419.t000" lemma="논리" pos="NOUN">논리</instance>
         <wf lemma="가" pos="X">가</wf>
         <wf lemma="정연한" pos="X">정연한</wf>
         <wf lemma="글." pos="X">글.</wf>
      </sentence>
      <sentence id="d000.s3420" source="wordnet-korean">
         <wf lemma="여러" pos="X">여러</wf>
         <wf lemma="사람과의" pos="X">사람과의</wf>
         <instance id="d000.s3420.t000" lemma="동행" pos="NOUN">동행</instance>
         <wf lemma="이" pos="X">이</wf>
         <wf lemma="싫어서" pos="X">싫어서</wf>
         <wf lemma="혼자" pos="X">혼자</wf>
         <wf lemma="나섰다." pos="X">나섰다.</wf>
      </sentence>
      <sentence id="d000.s3421" source="wordnet-korean">
         <wf lemma="너그러운" pos="X">너그러운</wf>
         <instance id="d000.s3421.t000" lemma="포용" pos="NOUN">포용</instance>
         <wf lemma="." pos="X">.</wf>
      </sentence>
      <sentence id="d000.s3422" source="wordnet-korean">
         <wf lemma="손님이" pos="X">손님이</wf>
         <wf lemma="주인" pos="X">주인</wf>
         <instance id="d000.s3422.t000" lemma="행세" pos="NOUN">행세</instance>
         <wf lemma="를" pos="X">를</wf>
         <wf lemma="한다." pos="X">한다.</wf>
      </sentence>
      <sentence id="d000.s3423" source="wordnet-korean">
         <instance id="d000.s3423.t000" lemma="아가리" pos="NOUN">아가리</instance>
         <wf lemma="가" pos="X">가</wf>
         <wf lemma="광주리" pos="X">광주리</wf>
         <wf lemma="만해도" pos="X">만해도</wf>
         <wf lemma="그런" pos="X">그런</wf>
         <wf lemma="소리는" pos="X">소리는</wf>
         <wf lemma="못" pos="X">못</wf>
         <wf lemma="한다." pos="X">한다.</wf>
      </sentence>
      <sentence id="d000.s3424" source="wordnet-korean">
         <instance id="d000.s3424.t000" lemma="공장" pos="NOUN">공장</instance>
         <wf lemma="지대." pos="X">지대.</wf>
      </sentence>
      <sentence id="d000.s3425" source="wordnet-korean">
         <wf lemma="경제" pos="X">경제</wf>
         <instance id="d000.s3425.t000" lemma="개발" pos="NOUN">개발</instance>
         <wf lemma="." pos="X">.</wf>
      </sentence>
      <sentence id="d000.s3426" source="wordnet-korean">
         <instance id="d000.s3426.t000" lemma="선발" pos="NOUN">선발</instance>
         <wf lemma="시험." pos="X">시험.</wf>
      </sentence>
      <sentence id="d000.s3427" source="wordnet-korean">
         <wf lemma="서두르는" pos="X">서두르는</wf>
         <instance id="d000.s3427.t000" lemma="품" pos="NOUN">품</instance>
         <wf lemma="이" pos="X">이</wf>
         <wf lemma="퍽" pos="X">퍽</wf>
         <wf lemma="다급했나" pos="X">다급했나</wf>
         <wf lemma="보다." pos="X">보다.</wf>
      </sentence>
      <sentence id="d000.s3428" source="wordnet-korean">
         <wf lemma="발전의" pos="X">발전의</wf>
         <instance id="d000.s3428.t000" lemma="저해" pos="NOUN">저해</instance>
         <wf lemma="요인." pos="X">요인.</wf>
      </sentence>
      <sentence id="d000.s3429" source="wordnet-korean">
         <wf lemma="결심한" pos="X">결심한</wf>
         <instance id="d000.s3429.t000" lemma="이상" pos="NOUN">이상</instance>
         <wf lemma="해내야" pos="X">해내야</wf>
         <wf lemma="한다." pos="X">한다.</wf>
      </sentence>
      <sentence id="d000.s3430" source="wordnet-korean">
         <instance id="d000.s3430.t000" lemma="계약" pos="NOUN">계약</instance>
         <wf lemma="당사자." pos="X">당사자.</wf>
      </sentence>
      <sentence id="d000.s3431" source="wordnet-korean">
         <wf lemma="독" pos="X">독</wf>
         <wf lemma="안에" pos="X">안에</wf>
         <wf lemma="든" pos="X">든</wf>
         <wf lemma="쥐처럼" pos="X">쥐처럼</wf>
         <wf lemma="적군은" pos="X">적군은</wf>
         <wf lemma="달아날" pos="X">달아날</wf>
         <instance id="d000.s3431.t000" lemma="구멍" pos="NOUN">구멍</instance>
         <wf lemma="이라곤" pos="X">이라곤</wf>
         <wf lemma="없게" pos="X">없게</wf>
         <wf lemma="되었다." pos="X">되었다.</wf>
      </sentence>
      <sentence id="d000.s3432" source="wordnet-korean">
         <instance id="d000.s3432.t000" lemma="답례" pos="NOUN">답례</instance>
         <wf lemma="로" pos="X">로</wf>
         <wf lemma="조그만" pos="X">조그만</wf>
         <wf lemma="선물을" pos="X">선물을</wf>
         <wf lemma="샀어요." pos="X">샀어요.</wf>
      </sentence>
      <sentence id="d000.s3433" source="wordnet-korean">
         <wf lemma="인원" pos="X">인원</wf>
         <instance id="d000.s3433.t000" lemma="부족" pos="NOUN">부족</instance>
         <wf lemma="." pos="X">.</wf>
      </sentence>
      <sentence id="d000.s3434" source="wordnet-korean">
         <wf lemma="그릇" pos="X">그릇</wf>
         <instance id="d000.s3434.t000" lemma="나부랭이" pos="NOUN">나부랭이</instance>
         <wf lemma="." pos="X">.</wf>
      </sentence>
      <sentence id="d000.s3435" source="wordnet-korean">
         <wf lemma="그" pos="X">그</wf>
         <wf lemma="사건은" pos="X">사건은</wf>
         <wf lemma="풀" pos="X">풀</wf>
         <wf lemma="수" pos="X">수</wf>
         <wf lemma="없는" pos="X">없는</wf>
         <instance id="d000.s3435.t000" lemma="신화" pos="NOUN">신화</instance>
         <wf lemma="로" pos="X">로</wf>
         <wf lemma="남았다." pos="X">남았다.</wf>
      </sentence>
      <sentence id="d000.s3436" source="wordnet-korean">
         <wf lemma="대답" pos="X">대답</wf>
         <instance id="d000.s3436.t000" lemma="대신" pos="NOUN">대신</instance>
         <wf lemma="에" pos="X">에</wf>
         <wf lemma="웃음을" pos="X">웃음을</wf>
         <wf lemma="짓는다." pos="X">짓는다.</wf>
      </sentence>
      <sentence id="d000.s3437" source="wordnet-korean">
         <instance id="d000.s3437.t000" lemma="기후" pos="NOUN">기후</instance>
         <wf lemma="변화." pos="X">변화.</wf>
      </sentence>
      <sentence id="d000.s3438" source="wordnet-korean">
         <wf lemma="국경" pos="X">국경</wf>
         <instance id="d000.s3438.t000" lemma="분쟁" pos="NOUN">분쟁</instance>
         <wf lemma="." pos="X">.</wf>
      </sentence>
      <sentence id="d000.s3439" source="wordnet-korean">
         <wf lemma="“무슨" pos="X">“무슨</wf>
         <instance id="d000.s3439.t000" lemma="용무" pos="NOUN">용무</instance>
         <wf lemma="로" pos="X">로</wf>
         <wf lemma="오셨습니까?”." pos="X">오셨습니까?”.</wf>
      </sentence>
      <sentence id="d000.s3440" source="wordnet-korean">
         <wf lemma="사진기" pos="X">사진기</wf>
         <instance id="d000.s3440.t000" lemma="렌즈" pos="NOUN">렌즈</instance>
         <wf lemma="." pos="X">.</wf>
      </sentence>
      <sentence id="d000.s3441" source="wordnet-korean">
         <wf lemma="자가용" pos="X">자가용</wf>
         <instance id="d000.s3441.t000" lemma="붐" pos="NOUN">붐</instance>
         <wf lemma="을" pos="X">을</wf>
         <wf lemma="타고" pos="X">타고</wf>
         <wf lemma="늘어난" pos="X">늘어난</wf>
         <wf lemma="차량들." pos="X">차량들.</wf>
      </sentence>
      <sentence id="d000.s3442" source="wordnet-korean">
         <wf lemma="민족적인" pos="X">민족적인</wf>
         <instance id="d000.s3442.t000" lemma="견지" pos="NOUN">견지</instance>
         <wf lemma="에서" pos="X">에서</wf>
         <wf lemma="보다." pos="X">보다.</wf>
      </sentence>
      <sentence id="d000.s3443" source="wordnet-korean">
         <wf lemma="인사" pos="X">인사</wf>
         <instance id="d000.s3443.t000" lemma="교류" pos="NOUN">교류</instance>
         <wf lemma="." pos="X">.</wf>
      </sentence>
      <sentence id="d000.s3444" source="wordnet-korean">
         <wf lemma="시험" pos="X">시험</wf>
         <instance id="d000.s3444.t000" lemma="범위" pos="NOUN">범위</instance>
         <wf lemma="." pos="X">.</wf>
      </sentence>
      <sentence id="d000.s3445" source="wordnet-korean">
         <instance id="d000.s3445.t000" lemma="기상" pos="NOUN">기상</instance>
         <wf lemma="시간." pos="X">시간.</wf>
      </sentence>
      <sentence id="d000.s3446" source="wordnet-korean">
         <wf lemma="100" pos="X">100</wf>
         <instance id="d000.s3446.t000" lemma="불" pos="NOUN">불</instance>
         <wf lemma="." pos="X">.</wf>
      </sentence>
      <sentence id="d000.s3447" source="wordnet-korean">
         <wf lemma="조선왕조" pos="X">조선왕조</wf>
         <instance id="d000.s3447.t000" lemma="시대" pos="NOUN">시대</instance>
         <wf lemma="." pos="X">.</wf>
      </sentence>
      <sentence id="d000.s3448" source="wordnet-korean">
         <wf lemma="적극적인" pos="X">적극적인</wf>
         <instance id="d000.s3448.t000" lemma="면" pos="NOUN">면</instance>
         <wf lemma="." pos="X">.</wf>
      </sentence>
      <sentence id="d000.s3449" source="wordnet-korean">
         <instance id="d000.s3449.t000" lemma="문장" pos="NOUN">문장</instance>
         <wf lemma="이" pos="X">이</wf>
         <wf lemma="좋다." pos="X">좋다.</wf>
      </sentence>
      <sentence id="d000.s3450" source="wordnet-korean">
         <instance id="d000.s3450.t000" lemma="관료" pos="NOUN">관료</instance>
         <wf lemma="사회." pos="X">사회.</wf>
      </sentence>
      <sentence id="d000.s3451" source="wordnet-korean">
         <instance id="d000.s3451.t000" lemma="표정" pos="NOUN">표정</instance>
         <wf lemma="이" pos="X">이</wf>
         <wf lemma="풍부하다." pos="X">풍부하다.</wf>
      </sentence>
      <sentence id="d000.s3452" source="wordnet-korean">
         <instance id="d000.s3452.t000" lemma="단안" pos="NOUN">단안</instance>
         <wf lemma="이" pos="X">이</wf>
         <wf lemma="필요하다." pos="X">필요하다.</wf>
      </sentence>
      <sentence id="d000.s3453" source="wordnet-korean">
         <wf lemma="실내" pos="X">실내</wf>
         <instance id="d000.s3453.t000" lemma="경기장" pos="NOUN">경기장</instance>
         <wf lemma="." pos="X">.</wf>
      </sentence>
      <sentence id="d000.s3454" source="wordnet-korean">
         <wf lemma="판매" pos="X">판매</wf>
         <instance id="d000.s3454.t000" lemma="대장" pos="NOUN">대장</instance>
         <wf lemma="." pos="X">.</wf>
      </sentence>
      <sentence id="d000.s3455" source="wordnet-korean">
         <instance id="d000.s3455.t000" lemma="폭풍우" pos="NOUN">폭풍우</instance>
         <wf lemma="가" pos="X">가</wf>
         <wf lemma="휘몰아친다." pos="X">휘몰아친다.</wf>
      </sentence>
      <sentence id="d000.s3456" source="wordnet-korean">
         <instance id="d000.s3456.t000" lemma="티끌" pos="NOUN">티끌</instance>
         <wf lemma="이" pos="X">이</wf>
         <wf lemma="자욱하다." pos="X">자욱하다.</wf>
      </sentence>
      <sentence id="d000.s3457" source="wordnet-korean">
         <wf lemma="언어에는" pos="X">언어에는</wf>
         <instance id="d000.s3457.t000" lemma="사회성" pos="NOUN">사회성</instance>
         <wf lemma="이" pos="X">이</wf>
         <wf lemma="있다." pos="X">있다.</wf>
      </sentence>
      <sentence id="d000.s3458" source="wordnet-korean">
         <instance id="d000.s3458.t000" lemma="기왕" pos="NOUN">기왕</instance>
         <wf lemma="갈" pos="X">갈</wf>
         <wf lemma="바에야" pos="X">바에야</wf>
         <wf lemma="하루라도" pos="X">하루라도</wf>
         <wf lemma="당겨" pos="X">당겨</wf>
         <wf lemma="가게." pos="X">가게.</wf>
      </sentence>
      <sentence id="d000.s3459" source="wordnet-korean">
         <wf lemma="제" pos="X">제</wf>
         <instance id="d000.s3459.t000" lemma="기능" pos="NOUN">기능</instance>
         <wf lemma="을" pos="X">을</wf>
         <wf lemma="다하다." pos="X">다하다.</wf>
      </sentence>
      <sentence id="d000.s3460" source="wordnet-korean">
         <wf lemma="창작에" pos="X">창작에</wf>
         <wf lemma="대한" pos="X">대한</wf>
         <instance id="d000.s3460.t000" lemma="의욕" pos="NOUN">의욕</instance>
         <wf lemma="." pos="X">.</wf>
      </sentence>
      <sentence id="d000.s3461" source="wordnet-korean">
         <wf lemma="서리를" pos="X">서리를</wf>
         <wf lemma="맞고" pos="X">맞고</wf>
         <wf lemma="피는" pos="X">피는</wf>
         <instance id="d000.s3461.t000" lemma="국화" pos="NOUN">국화</instance>
         <wf lemma="는" pos="X">는</wf>
         <wf lemma="흔히" pos="X">흔히</wf>
         <wf lemma="곧은" pos="X">곧은</wf>
         <wf lemma="절개로" pos="X">절개로</wf>
         <wf lemma="비유된다." pos="X">비유된다.</wf>
      </sentence>
      <sentence id="d000.s3462" source="wordnet-korean">
         <instance id="d000.s3462.t000" lemma="불" pos="NOUN">불</instance>
         <wf lemma="을" pos="X">을</wf>
         <wf lemma="피우다." pos="X">피우다.</wf>
      </sentence>
      <sentence id="d000.s3463" source="wordnet-korean">
         <instance id="d000.s3463.t000" lemma="인정" pos="NOUN">인정</instance>
         <wf lemma="많은" pos="X">많은</wf>
         <wf lemma="아주머니가" pos="X">아주머니가</wf>
         <wf lemma="그" pos="X">그</wf>
         <wf lemma="아이를" pos="X">아이를</wf>
         <wf lemma="맡아" pos="X">맡아</wf>
         <wf lemma="기른다." pos="X">기른다.</wf>
      </sentence>
      <sentence id="d000.s3464" source="wordnet-korean">
         <instance id="d000.s3464.t000" lemma="구제" pos="NOUN">구제</instance>
         <wf lemma="대학." pos="X">대학.</wf>
      </sentence>
      <sentence id="d000.s3465" source="wordnet-korean">
         <instance id="d000.s3465.t000" lemma="주의" pos="NOUN">주의</instance>
         <wf lemma="를" pos="X">를</wf>
         <wf lemma="기울이다." pos="X">기울이다.</wf>
      </sentence>
      <sentence id="d000.s3466" source="wordnet-korean">
         <wf lemma="탑골" pos="X">탑골</wf>
         <instance id="d000.s3466.t000" lemma="공원" pos="NOUN">공원</instance>
         <wf lemma="." pos="X">.</wf>
      </sentence>
      <sentence id="d000.s3467" source="wordnet-korean">
         <instance id="d000.s3467.t000" lemma="피곤" pos="NOUN">피곤</instance>
         <wf lemma="을" pos="X">을</wf>
         <wf lemma="풀다." pos="X">풀다.</wf>
      </sentence>
      <sentence id="d000.s3468" source="wordnet-korean">
         <instance id="d000.s3468.t000" lemma="들" pos="NOUN">들</instance>
         <wf lemma="에" pos="X">에</wf>
         <wf lemma="피는" pos="X">피는</wf>
         <wf lemma="꽃." pos="X">꽃.</wf>
      </sentence>
      <sentence id="d000.s3469" source="wordnet-korean">
         <instance id="d000.s3469.t000" lemma="안" pos="NOUN">안</instance>
         <wf lemma="에" pos="X">에</wf>
         <wf lemma="들어가더니" pos="X">들어가더니</wf>
         <wf lemma="소식이" pos="X">소식이</wf>
         <wf lemma="없다." pos="X">없다.</wf>
      </sentence>
      <sentence id="d000.s3470" source="wordnet-korean">
         <instance id="d000.s3470.t000" lemma="사정" pos="NOUN">사정</instance>
         <wf lemma="을" pos="X">을</wf>
         <wf lemma="두다." pos="X">두다.</wf>
      </sentence>
      <sentence id="d000.s3471" source="wordnet-korean">
         <wf lemma="육상" pos="X">육상</wf>
         <instance id="d000.s3471.t000" lemma="선수" pos="NOUN">선수</instance>
         <wf lemma="." pos="X">.</wf>
      </sentence>
      <sentence id="d000.s3472" source="wordnet-korean">
         <wf lemma="우리" pos="X">우리</wf>
         <wf lemma="역사의" pos="X">역사의</wf>
         <instance id="d000.s3472.t000" lemma="근원" pos="NOUN">근원</instance>
         <wf lemma="을" pos="X">을</wf>
         <wf lemma="되찾자." pos="X">되찾자.</wf>
      </sentence>
      <sentence id="d000.s3473" source="wordnet-korean">
         <wf lemma="피아노" pos="X">피아노</wf>
         <instance id="d000.s3473.t000" lemma="곡" pos="NOUN">곡</instance>
         <wf lemma="." pos="X">.</wf>
      </sentence>
      <sentence id="d000.s3474" source="wordnet-korean">
         <wf lemma="아무개의" pos="X">아무개의</wf>
         <instance id="d000.s3474.t000" lemma="연줄" pos="NOUN">연줄</instance>
         <wf lemma="로" pos="X">로</wf>
         <wf lemma="회사에" pos="X">회사에</wf>
         <wf lemma="들어온" pos="X">들어온</wf>
         <wf lemma="사람." pos="X">사람.</wf>
      </sentence>
      <sentence id="d000.s3475" source="wordnet-korean">
         <wf lemma="자연(동물)에" pos="X">자연(동물)에</wf>
         <wf lemma="대한" pos="X">대한</wf>
         <instance id="d000.s3475.t000" lemma="사랑" pos="NOUN">사랑</instance>
         <wf lemma="." pos="X">.</wf>
      </sentence>
      <sentence id="d000.s3476" source="wordnet-korean">
         <instance id="d000.s3476.t000" lemma="선망" pos="NOUN">선망</instance>
         <wf lemma="의" pos="X">의</wf>
         <wf lemma="목표." pos="X">목표.</wf>
      </sentence>
      <sentence id="d000.s3477" source="wordnet-korean">
         <wf lemma="타협의" pos="X">타협의</wf>
         <instance id="d000.s3477.t000" lemma="성립" pos="NOUN">성립</instance>
         <wf lemma="." pos="X">.</wf>
      </sentence>
      <sentence id="d000.s3478" source="wordnet-korean">
         <wf lemma="몇" pos="X">몇</wf>
         <instance id="d000.s3478.t000" lemma="수" pos="NOUN">수</instance>
         <wf lemma="를" pos="X">를</wf>
         <wf lemma="앞서" pos="X">앞서</wf>
         <wf lemma="본다." pos="X">본다.</wf>
      </sentence>
      <sentence id="d000.s3479" source="wordnet-korean">
         <instance id="d000.s3479.t000" lemma="불장난" pos="NOUN">불장난</instance>
         <wf lemma="을" pos="X">을</wf>
         <wf lemma="일삼는" pos="X">일삼는</wf>
         <wf lemma="제국주의자." pos="X">제국주의자.</wf>
      </sentence>
      <sentence id="d000.s3480" source="wordnet-korean">
         <instance id="d000.s3480.t000" lemma="입" pos="NOUN">입</instance>
         <wf lemma="이" pos="X">이</wf>
         <wf lemma="많다." pos="X">많다.</wf>
      </sentence>
      <sentence id="d000.s3481" source="wordnet-korean">
         <instance id="d000.s3481.t000" lemma="사진" pos="NOUN">사진</instance>
         <wf lemma="이" pos="X">이</wf>
         <wf lemma="잘" pos="X">잘</wf>
         <wf lemma="나" pos="X">나</wf>
         <wf lemma="왔다." pos="X">왔다.</wf>
      </sentence>
      <sentence id="d000.s3482" source="wordnet-korean">
         <wf lemma="우리" pos="X">우리</wf>
         <wf lemma="나라" pos="X">나라</wf>
         <wf lemma="서해안은" pos="X">서해안은</wf>
         <wf lemma="조석" pos="X">조석</wf>
         <instance id="d000.s3482.t000" lemma="간만" pos="NOUN">간만</instance>
         <wf lemma="의" pos="X">의</wf>
         <wf lemma="차가" pos="X">차가</wf>
         <wf lemma="심하다." pos="X">심하다.</wf>
      </sentence>
      <sentence id="d000.s3483" source="wordnet-korean">
         <wf lemma="한" pos="X">한</wf>
         <instance id="d000.s3483.t000" lemma="군데" pos="NOUN">군데</instance>
         <wf lemma="." pos="X">.</wf>
      </sentence>
      <sentence id="d000.s3484" source="wordnet-korean">
         <instance id="d000.s3484.t000" lemma="대표단" pos="NOUN">대표단</instance>
         <wf lemma="단장." pos="X">단장.</wf>
      </sentence>
      <sentence id="d000.s3485" source="wordnet-korean">
         <instance id="d000.s3485.t000" lemma="시" pos="NOUN">시</instance>
         <wf lemma="를" pos="X">를</wf>
         <wf lemma="잘" pos="X">잘</wf>
         <wf lemma="만나야" pos="X">만나야</wf>
         <wf lemma="한다." pos="X">한다.</wf>
      </sentence>
      <sentence id="d000.s3486" source="wordnet-korean">
         <instance id="d000.s3486.t000" lemma="병" pos="NOUN">병</instance>
         <wf lemma="과" pos="X">과</wf>
         <wf lemma="싸운다." pos="X">싸운다.</wf>
      </sentence>
      <sentence id="d000.s3487" source="wordnet-korean">
         <instance id="d000.s3487.t000" lemma="공항" pos="NOUN">공항</instance>
         <wf lemma="검역." pos="X">검역.</wf>
      </sentence>
      <sentence id="d000.s3488" source="wordnet-korean">
         <wf lemma="적에" pos="X">적에</wf>
         <wf lemma="대한" pos="X">대한</wf>
         <wf lemma="야간" pos="X">야간</wf>
         <instance id="d000.s3488.t000" lemma="경계" pos="NOUN">경계</instance>
         <wf lemma="를" pos="X">를</wf>
         <wf lemma="더욱" pos="X">더욱</wf>
         <wf lemma="철저히" pos="X">철저히</wf>
         <wf lemma="하자." pos="X">하자.</wf>
      </sentence>
      <sentence id="d000.s3489" source="wordnet-korean">
         <wf lemma="대한민국의" pos="X">대한민국의</wf>
         <instance id="d000.s3489.t000" lemma="영토" pos="NOUN">영토</instance>
         <wf lemma="는" pos="X">는</wf>
         <wf lemma="한반도와" pos="X">한반도와</wf>
         <wf lemma="딸린" pos="X">딸린</wf>
         <wf lemma="섬으로" pos="X">섬으로</wf>
         <wf lemma="한다." pos="X">한다.</wf>
      </sentence>
      <sentence id="d000.s3490" source="wordnet-korean">
         <wf lemma="좁은" pos="X">좁은</wf>
         <wf lemma="시골" pos="X">시골</wf>
         <instance id="d000.s3490.t000" lemma="바닥" pos="NOUN">바닥</instance>
         <wf lemma="에서" pos="X">에서</wf>
         <wf lemma="살지만" pos="X">살지만</wf>
         <wf lemma="마음은" pos="X">마음은</wf>
         <wf lemma="편하이." pos="X">편하이.</wf>
      </sentence>
      <sentence id="d000.s3491" source="wordnet-korean">
         <instance id="d000.s3491.t000" lemma="고름" pos="NOUN">고름</instance>
         <wf lemma="을" pos="X">을</wf>
         <wf lemma="짜다." pos="X">짜다.</wf>
      </sentence>
      <sentence id="d000.s3492" source="wordnet-korean">
         <wf lemma="주먹으로" pos="X">주먹으로</wf>
         <wf lemma="한" pos="X">한</wf>
         <instance id="d000.s3492.t000" lemma="대" pos="NOUN">대</instance>
         <wf lemma="쥐어박았다." pos="X">쥐어박았다.</wf>
      </sentence>
      <sentence id="d000.s3493" source="wordnet-korean">
         <instance id="d000.s3493.t000" lemma="성질" pos="NOUN">성질</instance>
         <wf lemma="이" pos="X">이</wf>
         <wf lemma="괄괄하다." pos="X">괄괄하다.</wf>
      </sentence>
      <sentence id="d000.s3494" source="wordnet-korean">
         <instance id="d000.s3494.t000" lemma="관심" pos="NOUN">관심</instance>
         <wf lemma="을" pos="X">을</wf>
         <wf lemma="가지다." pos="X">가지다.</wf>
      </sentence>
      <sentence id="d000.s3495" source="wordnet-korean">
         <instance id="d000.s3495.t000" lemma="국수" pos="NOUN">국수</instance>
         <wf lemma="를" pos="X">를</wf>
         <wf lemma="삶다." pos="X">삶다.</wf>
      </sentence>
      <sentence id="d000.s3496" source="wordnet-korean">
         <wf lemma="인력" pos="X">인력</wf>
         <instance id="d000.s3496.t000" lemma="관리" pos="NOUN">관리</instance>
         <wf lemma="." pos="X">.</wf>
      </sentence>
      <sentence id="d000.s3497" source="wordnet-korean">
         <instance id="d000.s3497.t000" lemma="사무" pos="NOUN">사무</instance>
         <wf lemma="에" pos="X">에</wf>
         <wf lemma="바쁘다." pos="X">바쁘다.</wf>
      </sentence>
      <sentence id="d000.s3498" source="wordnet-korean">
         <instance id="d000.s3498.t000" lemma="공업" pos="NOUN">공업</instance>
         <wf lemma="지대." pos="X">지대.</wf>
      </sentence>
      <sentence id="d000.s3499" source="wordnet-korean">
         <wf lemma="나는" pos="X">나는</wf>
         <wf lemma="경성" pos="X">경성</wf>
         <wf lemma="홍" pos="X">홍</wf>
         <wf lemma="판서의" pos="X">판서의</wf>
         <wf lemma="친첩" pos="X">친첩</wf>
         <wf lemma="소생" pos="X">소생</wf>
         <wf lemma="길동이러니," pos="X">길동이러니,</wf>
         <instance id="d000.s3499.t000" lemma="가중" pos="NOUN">가중</instance>
         <wf lemma="천대를" pos="X">천대를</wf>
         <wf lemma="받지" pos="X">받지</wf>
         <wf lemma="않으려" pos="X">않으려</wf>
         <wf lemma="하여" pos="X">하여</wf>
         <wf lemma="사해팔방으로" pos="X">사해팔방으로</wf>
         <wf lemma="정처" pos="X">정처</wf>
         <wf lemma="없이" pos="X">없이</wf>
         <wf lemma="다니더니…." pos="X">다니더니….</wf>
      </sentence>
      <sentence id="d000.s3500" source="wordnet-korean">
         <instance id="d000.s3500.t000" lemma="해" pos="NOUN">해</instance>
         <wf lemma="를" pos="X">를</wf>
         <wf lemma="입다." pos="X">입다.</wf>
      </sentence>
      <sentence id="d000.s3501" source="wordnet-korean">
         <instance id="d000.s3501.t000" lemma="야밤" pos="NOUN">야밤</instance>
         <wf lemma="에" pos="X">에</wf>
         <wf lemma="찬바람을" pos="X">찬바람을</wf>
         <wf lemma="쐬면" pos="X">쐬면</wf>
         <wf lemma="감기" pos="X">감기</wf>
         <wf lemma="든다." pos="X">든다.</wf>
      </sentence>
      <sentence id="d000.s3502" source="wordnet-korean">
         <wf lemma="세대" pos="X">세대</wf>
         <wf lemma="차이에서" pos="X">차이에서</wf>
         <wf lemma="빚어진" pos="X">빚어진</wf>
         <wf lemma="가정적," pos="X">가정적,</wf>
         <wf lemma="사회적" pos="X">사회적</wf>
         <instance id="d000.s3502.t000" lemma="갈등" pos="NOUN">갈등</instance>
         <wf lemma="은" pos="X">은</wf>
         <wf lemma="신교육과" pos="X">신교육과</wf>
         <wf lemma="더불어" pos="X">더불어</wf>
         <wf lemma="해소되고" pos="X">해소되고</wf>
         <wf lemma="있다." pos="X">있다.</wf>
      </sentence>
      <sentence id="d000.s3503" source="wordnet-korean">
         <wf lemma="강물의" pos="X">강물의</wf>
         <instance id="d000.s3503.t000" lemma="흐름" pos="NOUN">흐름</instance>
         <wf lemma="." pos="X">.</wf>
      </sentence>
      <sentence id="d000.s3504" source="wordnet-korean">
         <instance id="d000.s3504.t000" lemma="의료" pos="NOUN">의료</instance>
         <wf lemma="기관." pos="X">기관.</wf>
      </sentence>
      <sentence id="d000.s3505" source="wordnet-korean">
         <wf lemma="국학의" pos="X">국학의</wf>
         <instance id="d000.s3505.t000" lemma="근간" pos="NOUN">근간</instance>
         <wf lemma="인" pos="X">인</wf>
         <wf lemma="국어와" pos="X">국어와</wf>
         <wf lemma="국사." pos="X">국사.</wf>
      </sentence>
      <sentence id="d000.s3506" source="wordnet-korean">
         <instance id="d000.s3506.t000" lemma="성미" pos="NOUN">성미</instance>
         <wf lemma="좋은" pos="X">좋은</wf>
         <wf lemma="사람." pos="X">사람.</wf>
      </sentence>
      <sentence id="d000.s3507" source="wordnet-korean">
         <wf lemma="숨길" pos="X">숨길</wf>
         <wf lemma="수" pos="X">수</wf>
         <wf lemma="없는" pos="X">없는</wf>
         <instance id="d000.s3507.t000" lemma="사실" pos="NOUN">사실</instance>
         <wf lemma="." pos="X">.</wf>
      </sentence>
      <sentence id="d000.s3508" source="wordnet-korean">
         <wf lemma="입학" pos="X">입학</wf>
         <wf lemma="원서" pos="X">원서</wf>
         <instance id="d000.s3508.t000" lemma="접수" pos="NOUN">접수</instance>
         <wf lemma="." pos="X">.</wf>
      </sentence>
      <sentence id="d000.s3509" source="wordnet-korean">
         <instance id="d000.s3509.t000" lemma="누대" pos="NOUN">누대</instance>
         <wf lemma="를" pos="X">를</wf>
         <wf lemma="두고" pos="X">두고</wf>
         <wf lemma="내려오는" pos="X">내려오는</wf>
         <wf lemma="솜씨." pos="X">솜씨.</wf>
      </sentence>
      <sentence id="d000.s3510" source="wordnet-korean">
         <instance id="d000.s3510.t000" lemma="산미" pos="NOUN">산미</instance>
         <wf lemma="증산" pos="X">증산</wf>
         <wf lemma="계획." pos="X">계획.</wf>
      </sentence>
      <sentence id="d000.s3511" source="wordnet-korean">
         <wf lemma="철제" pos="X">철제</wf>
         <instance id="d000.s3511.t000" lemma="가구" pos="NOUN">가구</instance>
         <wf lemma="." pos="X">.</wf>
      </sentence>
      <sentence id="d000.s3512" source="wordnet-korean">
         <wf lemma="그를" pos="X">그를</wf>
         <wf lemma="만난다고" pos="X">만난다고</wf>
         <wf lemma="해도" pos="X">해도</wf>
         <wf lemma="아무런" pos="X">아무런</wf>
         <instance id="d000.s3512.t000" lemma="힘" pos="NOUN">힘</instance>
         <wf lemma="이" pos="X">이</wf>
         <wf lemma="되어" pos="X">되어</wf>
         <wf lemma="줄" pos="X">줄</wf>
         <wf lemma="수" pos="X">수</wf>
         <wf lemma="없는" pos="X">없는</wf>
         <wf lemma="이" pos="X">이</wf>
         <wf lemma="마당에…." pos="X">마당에….</wf>
      </sentence>
      <sentence id="d000.s3513" source="wordnet-korean">
         <instance id="d000.s3513.t000" lemma="내용" pos="NOUN">내용</instance>
         <wf lemma="도" pos="X">도</wf>
         <wf lemma="모른다." pos="X">모른다.</wf>
      </sentence>
      <sentence id="d000.s3514" source="wordnet-korean">
         <wf lemma="그는" pos="X">그는</wf>
         <wf lemma="“자신" pos="X">“자신</wf>
         <wf lemma="있다”는" pos="X">있다”는</wf>
         <instance id="d000.s3514.t000" lemma="말" pos="NOUN">말</instance>
         <wf lemma="을" pos="X">을</wf>
         <wf lemma="쉽게" pos="X">쉽게</wf>
         <wf lemma="하였다." pos="X">하였다.</wf>
      </sentence>
      <sentence id="d000.s3515" source="wordnet-korean">
         <wf lemma="군량미" pos="X">군량미</wf>
         <instance id="d000.s3515.t000" lemma="비축" pos="NOUN">비축</instance>
         <wf lemma="." pos="X">.</wf>
      </sentence>
      <sentence id="d000.s3516" source="wordnet-korean">
         <wf lemma="시장에" pos="X">시장에</wf>
         <wf lemma="가서" pos="X">가서</wf>
         <wf lemma="과실도" pos="X">과실도</wf>
         <wf lemma="좀" pos="X">좀</wf>
         <wf lemma="사고" pos="X">사고</wf>
         <wf lemma="과자" pos="X">과자</wf>
         <instance id="d000.s3516.t000" lemma="부스러기" pos="NOUN">부스러기</instance>
         <wf lemma="도" pos="X">도</wf>
         <wf lemma="사서" pos="X">사서</wf>
         <wf lemma="싸" pos="X">싸</wf>
         <wf lemma="들고" pos="X">들고</wf>
         <wf lemma="처가랍시고" pos="X">처가랍시고</wf>
         <wf lemma="찾아갔다." pos="X">찾아갔다.</wf>
      </sentence>
      <sentence id="d000.s3517" source="wordnet-korean">
         <instance id="d000.s3517.t000" lemma="부정" pos="NOUN">부정</instance>
         <wf lemma="을" pos="X">을</wf>
         <wf lemma="저지른" pos="X">저지른</wf>
         <wf lemma="자." pos="X">자.</wf>
      </sentence>
      <sentence id="d000.s3518" source="wordnet-korean">
         <instance id="d000.s3518.t000" lemma="고분" pos="NOUN">고분</instance>
         <wf lemma="벽화." pos="X">벽화.</wf>
      </sentence>
      <sentence id="d000.s3519" source="wordnet-korean">
         <wf lemma="지금은" pos="X">지금은</wf>
         <wf lemma="오전" pos="X">오전</wf>
         <wf lemma="열" pos="X">열</wf>
         <wf lemma="한" pos="X">한</wf>
         <instance id="d000.s3519.t000" lemma="시" pos="NOUN">시</instance>
         <wf lemma="이십" pos="X">이십</wf>
         <wf lemma="칠" pos="X">칠</wf>
         <wf lemma="분이다." pos="X">분이다.</wf>
      </sentence>
      <sentence id="d000.s3520" source="wordnet-korean">
         <instance id="d000.s3520.t000" lemma="싹수" pos="NOUN">싹수</instance>
         <wf lemma="가" pos="X">가</wf>
         <wf lemma="보인다." pos="X">보인다.</wf>
      </sentence>
      <sentence id="d000.s3521" source="wordnet-korean">
         <instance id="d000.s3521.t000" lemma="공포" pos="NOUN">공포</instance>
         <wf lemma="에" pos="X">에</wf>
         <wf lemma="떨다." pos="X">떨다.</wf>
      </sentence>
      <sentence id="d000.s3522" source="wordnet-korean">
         <wf lemma="잘" pos="X">잘</wf>
         <wf lemma="되어" pos="X">되어</wf>
         <wf lemma="가던" pos="X">가던</wf>
         <wf lemma="일이" pos="X">일이</wf>
         <wf lemma="엉뚱한" pos="X">엉뚱한</wf>
         <wf lemma="데서" pos="X">데서</wf>
         <instance id="d000.s3522.t000" lemma="펑크" pos="NOUN">펑크</instance>
         <wf lemma="가" pos="X">가</wf>
         <wf lemma="났다." pos="X">났다.</wf>
      </sentence>
      <sentence id="d000.s3523" source="wordnet-korean">
         <instance id="d000.s3523.t000" lemma="재미" pos="NOUN">재미</instance>
         <wf lemma="가" pos="X">가</wf>
         <wf lemma="있다." pos="X">있다.</wf>
      </sentence>
      <sentence id="d000.s3524" source="wordnet-korean">
         <wf lemma="경상도" pos="X">경상도</wf>
         <instance id="d000.s3524.t000" lemma="말씨" pos="NOUN">말씨</instance>
         <wf lemma="." pos="X">.</wf>
      </sentence>
      <sentence id="d000.s3525" source="wordnet-korean">
         <wf lemma="충고를" pos="X">충고를</wf>
         <instance id="d000.s3525.t000" lemma="받아들이다" pos="VERB">받아들이다</instance>
         <wf lemma="." pos="X">.</wf>
      </sentence>
      <sentence id="d000.s3526" source="wordnet-korean">
         <wf lemma="사업" pos="X">사업</wf>
         <instance id="d000.s3526.t000" lemma="경비" pos="NOUN">경비</instance>
         <wf lemma="." pos="X">.</wf>
      </sentence>
      <sentence id="d000.s3527" source="wordnet-korean">
         <wf lemma="불경" pos="X">불경</wf>
         <instance id="d000.s3527.t000" lemma="간행" pos="NOUN">간행</instance>
         <wf lemma="." pos="X">.</wf>
      </sentence>
      <sentence id="d000.s3528" source="wordnet-korean">
         <wf lemma="국정" pos="X">국정</wf>
         <instance id="d000.s3528.t000" lemma="교과서" pos="NOUN">교과서</instance>
         <wf lemma="." pos="X">.</wf>
      </sentence>
      <sentence id="d000.s3529" source="wordnet-korean">
         <instance id="d000.s3529.t000" lemma="귀순" pos="NOUN">귀순</instance>
         <wf lemma="용사." pos="X">용사.</wf>
      </sentence>
      <sentence id="d000.s3530" source="wordnet-korean">
         <wf lemma="쥐가" pos="X">쥐가</wf>
         <instance id="d000.s3530.t000" lemma="덫" pos="NOUN">덫</instance>
         <wf lemma="에" pos="X">에</wf>
         <wf lemma="걸리다." pos="X">걸리다.</wf>
      </sentence>
      <sentence id="d000.s3531" source="wordnet-korean">
         <instance id="d000.s3531.t000" lemma="세상" pos="NOUN">세상</instance>
         <wf lemma="이" pos="X">이</wf>
         <wf lemma="다" pos="X">다</wf>
         <wf lemma="아는" pos="X">아는</wf>
         <wf lemma="일." pos="X">일.</wf>
      </sentence>
      <sentence id="d000.s3532" source="wordnet-korean">
         <instance id="d000.s3532.t000" lemma="사상" pos="NOUN">사상</instance>
         <wf lemma="의" pos="X">의</wf>
         <wf lemma="자유." pos="X">자유.</wf>
      </sentence>
      <sentence id="d000.s3533" source="wordnet-korean">
         <wf lemma="이번" pos="X">이번</wf>
         <instance id="d000.s3533.t000" lemma="모임" pos="NOUN">모임</instance>
         <wf lemma="에는" pos="X">에는</wf>
         <wf lemma="꼭" pos="X">꼭</wf>
         <wf lemma="참석하리다." pos="X">참석하리다.</wf>
      </sentence>
      <sentence id="d000.s3534" source="wordnet-korean">
         <instance id="d000.s3534.t000" lemma="다발" pos="NOUN">다발</instance>
         <wf lemma="이" pos="X">이</wf>
         <wf lemma="크다." pos="X">크다.</wf>
      </sentence>
      <sentence id="d000.s3535" source="wordnet-korean">
         <instance id="d000.s3535.t000" lemma="보수" pos="NOUN">보수</instance>
         <wf lemma="를" pos="X">를</wf>
         <wf lemma="적게" pos="X">적게</wf>
         <wf lemma="받다." pos="X">받다.</wf>
      </sentence>
      <sentence id="d000.s3536" source="wordnet-korean">
         <instance id="d000.s3536.t000" lemma="담배" pos="NOUN">담배</instance>
         <wf lemma="를" pos="X">를</wf>
         <wf lemma="피우다." pos="X">피우다.</wf>
      </sentence>
      <sentence id="d000.s3537" source="wordnet-korean">
         <wf lemma="내" pos="X">내</wf>
         <wf lemma="고향은" pos="X">고향은</wf>
         <wf lemma="사과" pos="X">사과</wf>
         <instance id="d000.s3537.t000" lemma="고장" pos="NOUN">고장</instance>
         <wf lemma="으로" pos="X">으로</wf>
         <wf lemma="유명한" pos="X">유명한</wf>
         <wf lemma="대구이다." pos="X">대구이다.</wf>
      </sentence>
      <sentence id="d000.s3538" source="wordnet-korean">
         <wf lemma="눈가에" pos="X">눈가에</wf>
         <instance id="d000.s3538.t000" lemma="눈물" pos="NOUN">눈물</instance>
         <wf lemma="이" pos="X">이</wf>
         <wf lemma="돈다." pos="X">돈다.</wf>
      </sentence>
      <sentence id="d000.s3539" source="wordnet-korean">
         <wf lemma="질풍" pos="X">질풍</wf>
         <wf lemma="같은" pos="X">같은</wf>
         <instance id="d000.s3539.t000" lemma="신뢰" pos="NOUN">신뢰</instance>
         <wf lemma="." pos="X">.</wf>
      </sentence>
      <sentence id="d000.s3540" source="wordnet-korean">
         <wf lemma="내" pos="X">내</wf>
         <instance id="d000.s3540.t000" lemma="해" pos="NOUN">해</instance>
         <wf lemma="." pos="X">.</wf>
      </sentence>
      <sentence id="d000.s3541" source="wordnet-korean">
         <instance id="d000.s3541.t000" lemma="국적" pos="NOUN">국적</instance>
         <wf lemma="을" pos="X">을</wf>
         <wf lemma="가지다." pos="X">가지다.</wf>
      </sentence>
      <sentence id="d000.s3542" source="wordnet-korean">
         <wf lemma="훤한" pos="X">훤한</wf>
         <instance id="d000.s3542.t000" lemma="앞길" pos="NOUN">앞길</instance>
         <wf lemma="이" pos="X">이</wf>
         <wf lemma="내다보이다." pos="X">내다보이다.</wf>
      </sentence>
      <sentence id="d000.s3543" source="wordnet-korean">
         <wf lemma="의사가" pos="X">의사가</wf>
         <wf lemma="되고" pos="X">되고</wf>
         <wf lemma="싶었던" pos="X">싶었던</wf>
         <instance id="d000.s3543.t000" lemma="생각" pos="NOUN">생각</instance>
         <wf lemma="은" pos="X">은</wf>
         <wf lemma="아직도" pos="X">아직도</wf>
         <wf lemma="사라지지" pos="X">사라지지</wf>
         <wf lemma="않았다." pos="X">않았다.</wf>
      </sentence>
      <sentence id="d000.s3544" source="wordnet-korean">
         <wf lemma="감정" pos="X">감정</wf>
         <instance id="d000.s3544.t000" lemma="표현" pos="NOUN">표현</instance>
         <wf lemma="." pos="X">.</wf>
      </sentence>
      <sentence id="d000.s3545" source="wordnet-korean">
         <wf lemma="푸른" pos="X">푸른</wf>
         <wf lemma="물결과" pos="X">물결과</wf>
         <wf lemma="흰" pos="X">흰</wf>
         <instance id="d000.s3545.t000" lemma="포말" pos="NOUN">포말</instance>
         <wf lemma="." pos="X">.</wf>
      </sentence>
      <sentence id="d000.s3546" source="wordnet-korean">
         <wf lemma="20세기" pos="X">20세기</wf>
         <wf lemma="영화사의" pos="X">영화사의</wf>
         <instance id="d000.s3546.t000" lemma="거장" pos="NOUN">거장</instance>
         <wf lemma="." pos="X">.</wf>
      </sentence>
      <sentence id="d000.s3547" source="wordnet-korean">
         <wf lemma="바른" pos="X">바른</wf>
         <instance id="d000.s3547.t000" lemma="자세" pos="NOUN">자세</instance>
         <wf lemma="." pos="X">.</wf>
      </sentence>
      <sentence id="d000.s3548" source="wordnet-korean">
         <instance id="d000.s3548.t000" lemma="리드" pos="NOUN">리드</instance>
         <wf lemma="악기." pos="X">악기.</wf>
      </sentence>
      <sentence id="d000.s3549" source="wordnet-korean">
         <instance id="d000.s3549.t000" lemma="동정" pos="NOUN">동정</instance>
         <wf lemma="을" pos="X">을</wf>
         <wf lemma="감출" pos="X">감출</wf>
         <wf lemma="수" pos="X">수</wf>
         <wf lemma="없다." pos="X">없다.</wf>
      </sentence>
      <sentence id="d000.s3550" source="wordnet-korean">
         <instance id="d000.s3550.t000" lemma="소식" pos="NOUN">소식</instance>
         <wf lemma="이" pos="X">이</wf>
         <wf lemma="감감하다." pos="X">감감하다.</wf>
      </sentence>
      <sentence id="d000.s3551" source="wordnet-korean">
         <wf lemma="부산" pos="X">부산</wf>
         <wf lemma="갔다" pos="X">갔다</wf>
         <wf lemma="오는" pos="X">오는</wf>
         <instance id="d000.s3551.t000" lemma="경로" pos="NOUN">경로</instance>
         <wf lemma="에" pos="X">에</wf>
         <wf lemma="대구에" pos="X">대구에</wf>
         <wf lemma="잠시" pos="X">잠시</wf>
         <wf lemma="들렀다." pos="X">들렀다.</wf>
      </sentence>
      <sentence id="d000.s3552" source="wordnet-korean">
         <instance id="d000.s3552.t000" lemma="공적" pos="NOUN">공적</instance>
         <wf lemma="을" pos="X">을</wf>
         <wf lemma="남기다." pos="X">남기다.</wf>
      </sentence>
      <sentence id="d000.s3553" source="wordnet-korean">
         <instance id="d000.s3553.t000" lemma="걸레" pos="NOUN">걸레</instance>
         <wf lemma="는" pos="X">는</wf>
         <wf lemma="자주" pos="X">자주</wf>
         <wf lemma="빨고" pos="X">빨고</wf>
         <wf lemma="물기를" pos="X">물기를</wf>
         <wf lemma="꼭" pos="X">꼭</wf>
         <wf lemma="짜도록" pos="X">짜도록</wf>
         <wf lemma="하여라." pos="X">하여라.</wf>
      </sentence>
      <sentence id="d000.s3554" source="wordnet-korean">
         <instance id="d000.s3554.t000" lemma="노기" pos="NOUN">노기</instance>
         <wf lemma="를" pos="X">를</wf>
         <wf lemma="띠다." pos="X">띠다.</wf>
      </sentence>
      <sentence id="d000.s3555" source="wordnet-korean">
         <instance id="d000.s3555.t000" lemma="근처" pos="NOUN">근처</instance>
         <wf lemma="마을." pos="X">마을.</wf>
      </sentence>
      <sentence id="d000.s3556" source="wordnet-korean">
         <instance id="d000.s3556.t000" lemma="연구" pos="NOUN">연구</instance>
         <wf lemma="단체." pos="X">단체.</wf>
      </sentence>
      <sentence id="d000.s3557" source="wordnet-korean">
         <instance id="d000.s3557.t000" lemma="올" pos="NOUN">올</instance>
         <wf lemma="이" pos="X">이</wf>
         <wf lemma="가늘다." pos="X">가늘다.</wf>
      </sentence>
      <sentence id="d000.s3558" source="wordnet-korean">
         <wf lemma="군" pos="X">군</wf>
         <instance id="d000.s3558.t000" lemma="사령관" pos="NOUN">사령관</instance>
         <wf lemma="." pos="X">.</wf>
      </sentence>
      <sentence id="d000.s3559" source="wordnet-korean">
         <instance id="d000.s3559.t000" lemma="표정" pos="NOUN">표정</instance>
         <wf lemma="을" pos="X">을</wf>
         <wf lemma="살핀다." pos="X">살핀다.</wf>
      </sentence>
      <sentence id="d000.s3560" source="wordnet-korean">
         <instance id="d000.s3560.t000" lemma="뿔" pos="NOUN">뿔</instance>
         <wf lemma="을" pos="X">을</wf>
         <wf lemma="자르다." pos="X">자르다.</wf>
      </sentence>
      <sentence id="d000.s3561" source="wordnet-korean">
         <wf lemma="술" pos="X">술</wf>
         <wf lemma="마시고" pos="X">마시고</wf>
         <wf lemma="떠드는" pos="X">떠드는</wf>
         <instance id="d000.s3561.t000" lemma="버릇" pos="NOUN">버릇</instance>
         <wf lemma="은" pos="X">은</wf>
         <wf lemma="나쁘다." pos="X">나쁘다.</wf>
      </sentence>
      <sentence id="d000.s3562" source="wordnet-korean">
         <wf lemma="도둑은…백행에" pos="X">도둑은…백행에</wf>
         <instance id="d000.s3562.t000" lemma="흠" pos="NOUN">흠</instance>
         <wf lemma="없음으로" pos="X">없음으로</wf>
         <wf lemma="거의" pos="X">거의</wf>
         <wf lemma="신명께" pos="X">신명께</wf>
         <wf lemma="죄" pos="X">죄</wf>
         <wf lemma="지은" pos="X">지은</wf>
         <wf lemma="것" pos="X">것</wf>
         <wf lemma="없음이라." pos="X">없음이라.</wf>
      </sentence>
      <sentence id="d000.s3563" source="wordnet-korean">
         <wf lemma="방안에서는" pos="X">방안에서는</wf>
         <wf lemma="아무런" pos="X">아무런</wf>
         <instance id="d000.s3563.t000" lemma="동정" pos="NOUN">동정</instance>
         <wf lemma="이" pos="X">이</wf>
         <wf lemma="없었다." pos="X">없었다.</wf>
      </sentence>
      <sentence id="d000.s3564" source="wordnet-korean">
         <wf lemma="일" pos="X">일</wf>
         <wf lemma="년은" pos="X">년은</wf>
         <wf lemma="열" pos="X">열</wf>
         <wf lemma="두" pos="X">두</wf>
         <instance id="d000.s3564.t000" lemma="달" pos="NOUN">달</instance>
         <wf lemma="이다." pos="X">이다.</wf>
      </sentence>
      <sentence id="d000.s3565" source="wordnet-korean">
         <wf lemma="독립선언문" pos="X">독립선언문</wf>
         <instance id="d000.s3565.t000" lemma="배포" pos="NOUN">배포</instance>
         <wf lemma="." pos="X">.</wf>
      </sentence>
      <sentence id="d000.s3566" source="wordnet-korean">
         <wf lemma="사람을" pos="X">사람을</wf>
         <instance id="d000.s3566.t000" lemma="표면" pos="NOUN">표면</instance>
         <wf lemma="만" pos="X">만</wf>
         <wf lemma="보고" pos="X">보고</wf>
         <wf lemma="속을" pos="X">속을</wf>
         <wf lemma="어찌" pos="X">어찌</wf>
         <wf lemma="알겠소." pos="X">알겠소.</wf>
      </sentence>
      <sentence id="d000.s3567" source="wordnet-korean">
         <instance id="d000.s3567.t000" lemma="동기" pos="NOUN">동기</instance>
         <wf lemma="동창." pos="X">동창.</wf>
      </sentence>
      <sentence id="d000.s3568" source="wordnet-korean">
         <wf lemma="서로" pos="X">서로</wf>
         <instance id="d000.s3568.t000" lemma="동지" pos="NOUN">동지</instance>
         <wf lemma="가" pos="X">가</wf>
         <wf lemma="되었다." pos="X">되었다.</wf>
      </sentence>
      <sentence id="d000.s3569" source="wordnet-korean">
         <wf lemma="청을" pos="X">청을</wf>
         <instance id="d000.s3569.t000" lemma="받아들이다" pos="VERB">받아들이다</instance>
         <wf lemma="." pos="X">.</wf>
      </sentence>
      <sentence id="d000.s3570" source="wordnet-korean">
         <instance id="d000.s3570.t000" lemma="논쟁" pos="NOUN">논쟁</instance>
         <wf lemma="이" pos="X">이</wf>
         <wf lemma="벌어졌다." pos="X">벌어졌다.</wf>
      </sentence>
      <sentence id="d000.s3571" source="wordnet-korean">
         <wf lemma="남의" pos="X">남의</wf>
         <wf lemma="두" pos="X">두</wf>
         <instance id="d000.s3571.t000" lemma="몫" pos="NOUN">몫</instance>
         <wf lemma="을" pos="X">을</wf>
         <wf lemma="하다." pos="X">하다.</wf>
      </sentence>
      <sentence id="d000.s3572" source="wordnet-korean">
         <wf lemma="그러한" pos="X">그러한</wf>
         <wf lemma="문학적" pos="X">문학적</wf>
         <wf lemma="가치의" pos="X">가치의</wf>
         <instance id="d000.s3572.t000" lemma="원전" pos="NOUN">원전</instance>
         <wf lemma="이" pos="X">이</wf>
         <wf lemma="다름" pos="X">다름</wf>
         <wf lemma="아닌" pos="X">아닌</wf>
         <wf lemma="불전이오" pos="X">불전이오</wf>
         <wf lemma="성서요" pos="X">성서요</wf>
         <wf lemma="논어다." pos="X">논어다.</wf>
      </sentence>
      <sentence id="d000.s3573" source="wordnet-korean">
         <instance id="d000.s3573.t000" lemma="동강" pos="NOUN">동강</instance>
         <wf lemma="을" pos="X">을</wf>
         <wf lemma="내다." pos="X">내다.</wf>
      </sentence>
      <sentence id="d000.s3574" source="wordnet-korean">
         <wf lemma="그런" pos="X">그런</wf>
         <instance id="d000.s3574.t000" lemma="따위" pos="NOUN">따위</instance>
         <wf lemma="." pos="X">.</wf>
      </sentence>
      <sentence id="d000.s3575" source="wordnet-korean">
         <wf lemma="버스" pos="X">버스</wf>
         <instance id="d000.s3575.t000" lemma="노선" pos="NOUN">노선</instance>
         <wf lemma="." pos="X">.</wf>
      </sentence>
      <sentence id="d000.s3576" source="wordnet-korean">
         <instance id="d000.s3576.t000" lemma="분통" pos="NOUN">분통</instance>
         <wf lemma="을" pos="X">을</wf>
         <wf lemma="터뜨린다." pos="X">터뜨린다.</wf>
      </sentence>
      <sentence id="d000.s3577" source="wordnet-korean">
         <wf lemma="한자" pos="X">한자</wf>
         <wf lemma="사용의" pos="X">사용의</wf>
         <instance id="d000.s3577.t000" lemma="폐지" pos="NOUN">폐지</instance>
         <wf lemma="." pos="X">.</wf>
      </sentence>
      <sentence id="d000.s3578" source="wordnet-korean">
         <instance id="d000.s3578.t000" lemma="셈" pos="NOUN">셈</instance>
         <wf lemma="을" pos="X">을</wf>
         <wf lemma="가르치다." pos="X">가르치다.</wf>
      </sentence>
      <sentence id="d000.s3579" source="wordnet-korean">
         <wf lemma="개운하게" pos="X">개운하게</wf>
         <instance id="d000.s3579.t000" lemma="감칠맛" pos="NOUN">감칠맛</instance>
         <wf lemma="이" pos="X">이</wf>
         <wf lemma="나는" pos="X">나는</wf>
         <wf lemma="열무김치." pos="X">열무김치.</wf>
      </sentence>
      <sentence id="d000.s3580" source="wordnet-korean">
         <wf lemma="상냥한" pos="X">상냥한</wf>
         <wf lemma="미소와" pos="X">미소와</wf>
         <wf lemma="부드러운" pos="X">부드러운</wf>
         <instance id="d000.s3580.t000" lemma="말씨" pos="NOUN">말씨</instance>
         <wf lemma="." pos="X">.</wf>
      </sentence>
      <sentence id="d000.s3581" source="wordnet-korean">
         <instance id="d000.s3581.t000" lemma="물건" pos="NOUN">물건</instance>
         <wf lemma="이" pos="X">이</wf>
         <wf lemma="없어" pos="X">없어</wf>
         <wf lemma="못" pos="X">못</wf>
         <wf lemma="판다." pos="X">판다.</wf>
      </sentence>
      <sentence id="d000.s3582" source="wordnet-korean">
         <instance id="d000.s3582.t000" lemma="최근" pos="NOUN">최근</instance>
         <wf lemma="의" pos="X">의</wf>
         <wf lemma="일이었다." pos="X">일이었다.</wf>
      </sentence>
      <sentence id="d000.s3583" source="wordnet-korean">
         <instance id="d000.s3583.t000" lemma="가족" pos="NOUN">가족</instance>
         <wf lemma="부양." pos="X">부양.</wf>
      </sentence>
      <sentence id="d000.s3584" source="wordnet-korean">
         <instance id="d000.s3584.t000" lemma="맵시" pos="NOUN">맵시</instance>
         <wf lemma="가" pos="X">가</wf>
         <wf lemma="나다." pos="X">나다.</wf>
      </sentence>
      <sentence id="d000.s3585" source="wordnet-korean">
         <instance id="d000.s3585.t000" lemma="공지" pos="NOUN">공지</instance>
         <wf lemma="의" pos="X">의</wf>
         <wf lemma="사실." pos="X">사실.</wf>
      </sentence>
      <sentence id="d000.s3586" source="wordnet-korean">
         <wf lemma="2는" pos="X">2는</wf>
         <wf lemma="4,6,8,10의" pos="X">4,6,8,10의</wf>
         <instance id="d000.s3586.t000" lemma="약수" pos="NOUN">약수</instance>
         <wf lemma="이다." pos="X">이다.</wf>
      </sentence>
      <sentence id="d000.s3587" source="wordnet-korean">
         <instance id="d000.s3587.t000" lemma="다량" pos="NOUN">다량</instance>
         <wf lemma="생산." pos="X">생산.</wf>
      </sentence>
      <sentence id="d000.s3588" source="wordnet-korean">
         <instance id="d000.s3588.t000" lemma="엉덩이" pos="NOUN">엉덩이</instance>
         <wf lemma="가" pos="X">가</wf>
         <wf lemma="배기다." pos="X">배기다.</wf>
      </sentence>
      <sentence id="d000.s3589" source="wordnet-korean">
         <instance id="d000.s3589.t000" lemma="보고" pos="NOUN">보고</instance>
         <wf lemma="를" pos="X">를</wf>
         <wf lemma="읽었다." pos="X">읽었다.</wf>
      </sentence>
      <sentence id="d000.s3590" source="wordnet-korean">
         <instance id="d000.s3590.t000" lemma="조금" pos="NOUN">조금</instance>
         <wf lemma="모자라다." pos="X">모자라다.</wf>
      </sentence>
      <sentence id="d000.s3591" source="wordnet-korean">
         <instance id="d000.s3591.t000" lemma="보복" pos="NOUN">보복</instance>
         <wf lemma="조처." pos="X">조처.</wf>
      </sentence>
      <sentence id="d000.s3592" source="wordnet-korean">
         <wf lemma="사냥을" pos="X">사냥을</wf>
         <instance id="d000.s3592.t000" lemma="금하다" pos="VERB">금하다</instance>
         <wf lemma="." pos="X">.</wf>
      </sentence>
      <sentence id="d000.s3593" source="wordnet-korean">
         <instance id="d000.s3593.t000" lemma="소견" pos="NOUN">소견</instance>
         <wf lemma="이" pos="X">이</wf>
         <wf lemma="환하다." pos="X">환하다.</wf>
      </sentence>
      <sentence id="d000.s3594" source="wordnet-korean">
         <instance id="d000.s3594.t000" lemma="눈물" pos="NOUN">눈물</instance>
         <wf lemma="을" pos="X">을</wf>
         <wf lemma="흘린다." pos="X">흘린다.</wf>
      </sentence>
      <sentence id="d000.s3595" source="wordnet-korean">
         <wf lemma="이삭의" pos="X">이삭의</wf>
         <instance id="d000.s3595.t000" lemma="목" pos="NOUN">목</instance>
         <wf lemma="." pos="X">.</wf>
      </sentence>
      <sentence id="d000.s3596" source="wordnet-korean">
         <instance id="d000.s3596.t000" lemma="대화" pos="NOUN">대화</instance>
         <wf lemma="를" pos="X">를</wf>
         <wf lemma="멈추다." pos="X">멈추다.</wf>
      </sentence>
      <sentence id="d000.s3597" source="wordnet-korean">
         <wf lemma="시계를" pos="X">시계를</wf>
         <wf lemma="쳐다보던" pos="X">쳐다보던</wf>
         <wf lemma="그" pos="X">그</wf>
         <instance id="d000.s3597.t000" lemma="시각" pos="NOUN">시각</instance>
         <wf lemma="이" pos="X">이</wf>
         <wf lemma="바로" pos="X">바로</wf>
         <wf lemma="10시" pos="X">10시</wf>
         <wf lemma="정각이었다." pos="X">정각이었다.</wf>
      </sentence>
      <sentence id="d000.s3598" source="wordnet-korean">
         <wf lemma="당황하는" pos="X">당황하는</wf>
         <instance id="d000.s3598.t000" lemma="빛" pos="NOUN">빛</instance>
         <wf lemma="." pos="X">.</wf>
      </sentence>
      <sentence id="d000.s3599" source="wordnet-korean">
         <wf lemma="나룻배는" pos="X">나룻배는</wf>
         <wf lemma="이미" pos="X">이미</wf>
         <instance id="d000.s3599.t000" lemma="강심" pos="NOUN">강심</instance>
         <wf lemma="을" pos="X">을</wf>
         <wf lemma="지나" pos="X">지나</wf>
         <wf lemma="저" pos="X">저</wf>
         <wf lemma="편" pos="X">편</wf>
         <wf lemma="강기슭으로" pos="X">강기슭으로</wf>
         <wf lemma="나아가고" pos="X">나아가고</wf>
         <wf lemma="있었다." pos="X">있었다.</wf>
      </sentence>
      <sentence id="d000.s3600" source="wordnet-korean">
         <instance id="d000.s3600.t000" lemma="목적" pos="NOUN">목적</instance>
         <wf lemma="이" pos="X">이</wf>
         <wf lemma="정해지다." pos="X">정해지다.</wf>
      </sentence>
      <sentence id="d000.s3601" source="wordnet-korean">
         <instance id="d000.s3601.t000" lemma="시설" pos="NOUN">시설</instance>
         <wf lemma="장치." pos="X">장치.</wf>
      </sentence>
      <sentence id="d000.s3602" source="wordnet-korean">
         <wf lemma="옳다," pos="X">옳다,</wf>
         <instance id="d000.s3602.t000" lemma="땡" pos="NOUN">땡</instance>
         <wf lemma="이다." pos="X">이다.</wf>
      </sentence>
      <sentence id="d000.s3603" source="wordnet-korean">
         <wf lemma="회관의" pos="X">회관의</wf>
         <instance id="d000.s3603.t000" lemma="신축" pos="NOUN">신축</instance>
         <wf lemma="을" pos="X">을</wf>
         <wf lemma="축하하다." pos="X">축하하다.</wf>
      </sentence>
      <sentence id="d000.s3604" source="wordnet-korean">
         <instance id="d000.s3604.t000" lemma="내란" pos="NOUN">내란</instance>
         <wf lemma="을" pos="X">을</wf>
         <wf lemma="평정하다." pos="X">평정하다.</wf>
      </sentence>
      <sentence id="d000.s3605" source="wordnet-korean">
         <instance id="d000.s3605.t000" lemma="큰비" pos="NOUN">큰비</instance>
         <wf lemma="가" pos="X">가</wf>
         <wf lemma="지다." pos="X">지다.</wf>
      </sentence>
      <sentence id="d000.s3606" source="wordnet-korean">
         <wf lemma="대사에는" pos="X">대사에는</wf>
         <wf lemma="대화" pos="X">대화</wf>
         <wf lemma="이외에" pos="X">이외에</wf>
         <wf lemma="독백과" pos="X">독백과</wf>
         <instance id="d000.s3606.t000" lemma="방백" pos="NOUN">방백</instance>
         <wf lemma="이" pos="X">이</wf>
         <wf lemma="있다." pos="X">있다.</wf>
      </sentence>
      <sentence id="d000.s3607" source="wordnet-korean">
         <instance id="d000.s3607.t000" lemma="상" pos="NOUN">상</instance>
         <wf lemma="을" pos="X">을</wf>
         <wf lemma="짜다." pos="X">짜다.</wf>
      </sentence>
      <sentence id="d000.s3608" source="wordnet-korean">
         <wf lemma="서로의" pos="X">서로의</wf>
         <instance id="d000.s3608.t000" lemma="불신" pos="NOUN">불신</instance>
         <wf lemma="을" pos="X">을</wf>
         <wf lemma="없애자." pos="X">없애자.</wf>
      </sentence>
      <sentence id="d000.s3609" source="wordnet-korean">
         <instance id="d000.s3609.t000" lemma="평화" pos="NOUN">평화</instance>
         <wf lemma="의" pos="X">의</wf>
         <wf lemma="추구." pos="X">추구.</wf>
      </sentence>
      <sentence id="d000.s3610" source="wordnet-korean">
         <instance id="d000.s3610.t000" lemma="말" pos="NOUN">말</instance>
         <wf lemma="을" pos="X">을</wf>
         <wf lemma="타다." pos="X">타다.</wf>
      </sentence>
      <sentence id="d000.s3611" source="wordnet-korean">
         <wf lemma="세상" pos="X">세상</wf>
         <wf lemma="돌아가는" pos="X">돌아가는</wf>
         <instance id="d000.s3611.t000" lemma="물정" pos="NOUN">물정</instance>
         <wf lemma="이" pos="X">이</wf>
         <wf lemma="어떤지도" pos="X">어떤지도</wf>
         <wf lemma="모른다." pos="X">모른다.</wf>
      </sentence>
      <sentence id="d000.s3612" source="wordnet-korean">
         <instance id="d000.s3612.t000" lemma="살빛" pos="NOUN">살빛</instance>
         <wf lemma="이" pos="X">이</wf>
         <wf lemma="곱다." pos="X">곱다.</wf>
      </sentence>
      <sentence id="d000.s3613" source="wordnet-korean">
         <wf lemma="저고리" pos="X">저고리</wf>
         <instance id="d000.s3613.t000" lemma="바람" pos="NOUN">바람</instance>
         <wf lemma="으로" pos="X">으로</wf>
         <wf lemma="나들이를" pos="X">나들이를</wf>
         <wf lemma="할" pos="X">할</wf>
         <wf lemma="수는" pos="X">수는</wf>
         <wf lemma="없소." pos="X">없소.</wf>
      </sentence>
      <sentence id="d000.s3614" source="wordnet-korean">
         <instance id="d000.s3614.t000" lemma="자판기" pos="NOUN">자판기</instance>
         <wf lemma="를" pos="X">를</wf>
         <wf lemma="설치하였다." pos="X">설치하였다.</wf>
      </sentence>
      <sentence id="d000.s3615" source="wordnet-korean">
         <wf lemma="사" pos="X">사</wf>
         <wf lemma="간" pos="X">간</wf>
         <instance id="d000.s3615.t000" lemma="내림" pos="NOUN">내림</instance>
         <wf lemma="." pos="X">.</wf>
      </sentence>
      <sentence id="d000.s3616" source="wordnet-korean">
         <wf lemma="농사" pos="X">농사</wf>
         <instance id="d000.s3616.t000" lemma="방법" pos="NOUN">방법</instance>
         <wf lemma="." pos="X">.</wf>
      </sentence>
      <sentence id="d000.s3617" source="wordnet-korean">
         <instance id="d000.s3617.t000" lemma="물" pos="NOUN">물</instance>
         <wf lemma="이" pos="X">이</wf>
         <wf lemma="맑다." pos="X">맑다.</wf>
      </sentence>
      <sentence id="d000.s3618" source="wordnet-korean">
         <wf lemma="노란" pos="X">노란</wf>
         <instance id="d000.s3618.t000" lemma="불빛" pos="NOUN">불빛</instance>
         <wf lemma="이" pos="X">이</wf>
         <wf lemma="켜진다." pos="X">켜진다.</wf>
      </sentence>
      <sentence id="d000.s3619" source="wordnet-korean">
         <wf lemma="회의" pos="X">회의</wf>
         <wf lemma="날짜" pos="X">날짜</wf>
         <instance id="d000.s3619.t000" lemma="결정" pos="NOUN">결정</instance>
         <wf lemma="." pos="X">.</wf>
      </sentence>
      <sentence id="d000.s3620" source="wordnet-korean">
         <instance id="d000.s3620.t000" lemma="성원" pos="NOUN">성원</instance>
         <wf lemma="미달." pos="X">미달.</wf>
      </sentence>
      <sentence id="d000.s3621" source="wordnet-korean">
         <wf lemma="양초" pos="X">양초</wf>
         <instance id="d000.s3621.t000" lemma="동강" pos="NOUN">동강</instance>
         <wf lemma="." pos="X">.</wf>
      </sentence>
      <sentence id="d000.s3622" source="wordnet-korean">
         <instance id="d000.s3622.t000" lemma="물음" pos="NOUN">물음</instance>
         <wf lemma="에" pos="X">에</wf>
         <wf lemma="답하라." pos="X">답하라.</wf>
      </sentence>
      <sentence id="d000.s3623" source="wordnet-korean">
         <instance id="d000.s3623.t000" lemma="훈련" pos="NOUN">훈련</instance>
         <wf lemma="이" pos="X">이</wf>
         <wf lemma="덜" pos="X">덜</wf>
         <wf lemma="된" pos="X">된</wf>
         <wf lemma="개." pos="X">개.</wf>
      </sentence>
      <sentence id="d000.s3624" source="wordnet-korean">
         <instance id="d000.s3624.t000" lemma="시기" pos="NOUN">시기</instance>
         <wf lemma="를" pos="X">를</wf>
         <wf lemma="놓치다." pos="X">놓치다.</wf>
      </sentence>
      <sentence id="d000.s3625" source="wordnet-korean">
         <wf lemma="우리" pos="X">우리</wf>
         <wf lemma="집에는" pos="X">집에는</wf>
         <wf lemma="늘" pos="X">늘</wf>
         <instance id="d000.s3625.t000" lemma="손" pos="NOUN">손</instance>
         <wf lemma="이" pos="X">이</wf>
         <wf lemma="끊이지" pos="X">끊이지</wf>
         <wf lemma="아니한다." pos="X">아니한다.</wf>
      </sentence>
      <sentence id="d000.s3626" source="wordnet-korean">
         <wf lemma="사업" pos="X">사업</wf>
         <instance id="d000.s3626.t000" lemma="보고" pos="NOUN">보고</instance>
         <wf lemma="." pos="X">.</wf>
      </sentence>
      <sentence id="d000.s3627" source="wordnet-korean">
         <instance id="d000.s3627.t000" lemma="표적" pos="NOUN">표적</instance>
         <wf lemma="을" pos="X">을</wf>
         <wf lemma="해" pos="X">해</wf>
         <wf lemma="두다." pos="X">두다.</wf>
      </sentence>
      <sentence id="d000.s3628" source="wordnet-korean">
         <instance id="d000.s3628.t000" lemma="호" pos="NOUN">호</instance>
         <wf lemma="를" pos="X">를</wf>
         <wf lemma="짓다." pos="X">짓다.</wf>
      </sentence>
      <sentence id="d000.s3629" source="wordnet-korean">
         <wf lemma="오늘은" pos="X">오늘은</wf>
         <wf lemma="학교에" pos="X">학교에</wf>
         <wf lemma="갈" pos="X">갈</wf>
         <instance id="d000.s3629.t000" lemma="맛" pos="NOUN">맛</instance>
         <wf lemma="이" pos="X">이</wf>
         <wf lemma="나지" pos="X">나지</wf>
         <wf lemma="않는다." pos="X">않는다.</wf>
      </sentence>
      <sentence id="d000.s3630" source="wordnet-korean">
         <wf lemma="허례허식의" pos="X">허례허식의</wf>
         <instance id="d000.s3630.t000" lemma="타파" pos="NOUN">타파</instance>
         <wf lemma="." pos="X">.</wf>
      </sentence>
      <sentence id="d000.s3631" source="wordnet-korean">
         <instance id="d000.s3631.t000" lemma="냄새" pos="NOUN">냄새</instance>
         <wf lemma="를" pos="X">를</wf>
         <wf lemma="풍긴다." pos="X">풍긴다.</wf>
      </sentence>
      <sentence id="d000.s3632" source="wordnet-korean">
         <instance id="d000.s3632.t000" lemma="운신" pos="NOUN">운신</instance>
         <wf lemma="도" pos="X">도</wf>
         <wf lemma="못" pos="X">못</wf>
         <wf lemma="할" pos="X">할</wf>
         <wf lemma="좁은" pos="X">좁은</wf>
         <wf lemma="방." pos="X">방.</wf>
      </sentence>
      <sentence id="d000.s3633" source="wordnet-korean">
         <wf lemma="개펄에" pos="X">개펄에</wf>
         <instance id="d000.s3633.t000" lemma="물" pos="NOUN">물</instance>
         <wf lemma="이" pos="X">이</wf>
         <wf lemma="찼다." pos="X">찼다.</wf>
      </sentence>
      <sentence id="d000.s3634" source="wordnet-korean">
         <instance id="d000.s3634.t000" lemma="불" pos="NOUN">불</instance>
         <wf lemma="을" pos="X">을</wf>
         <wf lemma="놓다." pos="X">놓다.</wf>
      </sentence>
      <sentence id="d000.s3635" source="wordnet-korean">
         <instance id="d000.s3635.t000" lemma="국기" pos="NOUN">국기</instance>
         <wf lemma="에" pos="X">에</wf>
         <wf lemma="대하여" pos="X">대하여</wf>
         <wf lemma="경례를" pos="X">경례를</wf>
         <wf lemma="하다." pos="X">하다.</wf>
      </sentence>
      <sentence id="d000.s3636" source="wordnet-korean">
         <instance id="d000.s3636.t000" lemma="의논" pos="NOUN">의논</instance>
         <wf lemma="이" pos="X">이</wf>
         <wf lemma="분분하다." pos="X">분분하다.</wf>
      </sentence>
      <sentence id="d000.s3637" source="wordnet-korean">
         <wf lemma="그까짓" pos="X">그까짓</wf>
         <instance id="d000.s3637.t000" lemma="것" pos="NOUN">것</instance>
         <wf lemma="이" pos="X">이</wf>
         <wf lemma="무얼" pos="X">무얼</wf>
         <wf lemma="안다고." pos="X">안다고.</wf>
      </sentence>
      <sentence id="d000.s3638" source="wordnet-korean">
         <instance id="d000.s3638.t000" lemma="흥분" pos="NOUN">흥분</instance>
         <wf lemma="을" pos="X">을</wf>
         <wf lemma="가라앉히다." pos="X">가라앉히다.</wf>
      </sentence>
      <sentence id="d000.s3639" source="wordnet-korean">
         <wf lemma="그의" pos="X">그의</wf>
         <wf lemma="차례는" pos="X">차례는</wf>
         <instance id="d000.s3639.t000" lemma="끝" pos="NOUN">끝</instance>
         <wf lemma="이었다." pos="X">이었다.</wf>
      </sentence>
      <sentence id="d000.s3640" source="wordnet-korean">
         <wf lemma="국제" pos="X">국제</wf>
         <wf lemma="정세에" pos="X">정세에</wf>
         <wf lemma="대한" pos="X">대한</wf>
         <instance id="d000.s3640.t000" lemma="관점" pos="NOUN">관점</instance>
         <wf lemma="." pos="X">.</wf>
      </sentence>
      <sentence id="d000.s3641" source="wordnet-korean">
         <wf lemma="이재민" pos="X">이재민</wf>
         <instance id="d000.s3641.t000" lemma="구호" pos="NOUN">구호</instance>
         <wf lemma="대책." pos="X">대책.</wf>
      </sentence>
      <sentence id="d000.s3642" source="wordnet-korean">
         <instance id="d000.s3642.t000" lemma="문제" pos="NOUN">문제</instance>
         <wf lemma="의" pos="X">의</wf>
         <wf lemma="인물." pos="X">인물.</wf>
      </sentence>
      <sentence id="d000.s3643" source="wordnet-korean">
         <wf lemma="아득한" pos="X">아득한</wf>
         <instance id="d000.s3643.t000" lemma="평원" pos="NOUN">평원</instance>
         <wf lemma="끝에" pos="X">끝에</wf>
         <wf lemma="지평선이" pos="X">지평선이</wf>
         <wf lemma="펼쳐져" pos="X">펼쳐져</wf>
         <wf lemma="있다." pos="X">있다.</wf>
      </sentence>
      <sentence id="d000.s3644" source="wordnet-korean">
         <instance id="d000.s3644.t000" lemma="번잡" pos="NOUN">번잡</instance>
         <wf lemma="을" pos="X">을</wf>
         <wf lemma="떨고" pos="X">떨고</wf>
         <wf lemma="있다." pos="X">있다.</wf>
      </sentence>
      <sentence id="d000.s3645" source="wordnet-korean">
         <instance id="d000.s3645.t000" lemma="기호" pos="NOUN">기호</instance>
         <wf lemma="에" pos="X">에</wf>
         <wf lemma="맞는" pos="X">맞는</wf>
         <wf lemma="음식." pos="X">음식.</wf>
      </sentence>
      <sentence id="d000.s3646" source="wordnet-korean">
         <wf lemma="서울" pos="X">서울</wf>
         <instance id="d000.s3646.t000" lemma="사람" pos="NOUN">사람</instance>
         <wf lemma="." pos="X">.</wf>
      </sentence>
      <sentence id="d000.s3647" source="wordnet-korean">
         <instance id="d000.s3647.t000" lemma="신수" pos="NOUN">신수</instance>
         <wf lemma="불길." pos="X">불길.</wf>
      </sentence>
      <sentence id="d000.s3648" source="wordnet-korean">
         <wf lemma="아뢸" pos="X">아뢸</wf>
         <instance id="d000.s3648.t000" lemma="말씀" pos="NOUN">말씀</instance>
         <wf lemma="이" pos="X">이</wf>
         <wf lemma="있습니다." pos="X">있습니다.</wf>
      </sentence>
      <sentence id="d000.s3649" source="wordnet-korean">
         <instance id="d000.s3649.t000" lemma="반" pos="NOUN">반</instance>
         <wf lemma="쯤" pos="X">쯤</wf>
         <wf lemma="찬" pos="X">찬</wf>
         <wf lemma="물" pos="X">물</wf>
         <wf lemma="항아리." pos="X">항아리.</wf>
      </sentence>
      <sentence id="d000.s3650" source="wordnet-korean">
         <instance id="d000.s3650.t000" lemma="표정" pos="NOUN">표정</instance>
         <wf lemma="이" pos="X">이</wf>
         <wf lemma="굳었다." pos="X">굳었다.</wf>
      </sentence>
      <sentence id="d000.s3651" source="wordnet-korean">
         <instance id="d000.s3651.t000" lemma="병" pos="NOUN">병</instance>
         <wf lemma="을" pos="X">을</wf>
         <wf lemma="앓는다." pos="X">앓는다.</wf>
      </sentence>
      <sentence id="d000.s3652" source="wordnet-korean">
         <wf lemma="공장" pos="X">공장</wf>
         <instance id="d000.s3652.t000" lemma="용지" pos="NOUN">용지</instance>
         <wf lemma="." pos="X">.</wf>
      </sentence>
      <sentence id="d000.s3653" source="wordnet-korean">
         <wf lemma="경제" pos="X">경제</wf>
         <instance id="d000.s3653.t000" lemma="상" pos="NOUN">상</instance>
         <wf lemma="." pos="X">.</wf>
      </sentence>
      <sentence id="d000.s3654" source="wordnet-korean">
         <instance id="d000.s3654.t000" lemma="야외" pos="NOUN">야외</instance>
         <wf lemma="무대." pos="X">무대.</wf>
      </sentence>
      <sentence id="d000.s3655" source="wordnet-korean">
         <wf lemma="학교" pos="X">학교</wf>
         <instance id="d000.s3655.t000" lemma="도서실" pos="NOUN">도서실</instance>
         <wf lemma="." pos="X">.</wf>
      </sentence>
      <sentence id="d000.s3656" source="wordnet-korean">
         <wf lemma="지붕" pos="X">지붕</wf>
         <instance id="d000.s3656.t000" lemma="위" pos="NOUN">위</instance>
         <wf lemma="." pos="X">.</wf>
      </sentence>
      <sentence id="d000.s3657" source="wordnet-korean">
         <instance id="d000.s3657.t000" lemma="진보" pos="NOUN">진보</instance>
         <wf lemma="된" pos="X">된</wf>
         <wf lemma="사상." pos="X">사상.</wf>
      </sentence>
      <sentence id="d000.s3658" source="wordnet-korean">
         <instance id="d000.s3658.t000" lemma="계약" pos="NOUN">계약</instance>
         <wf lemma="이행." pos="X">이행.</wf>
      </sentence>
      <sentence id="d000.s3659" source="wordnet-korean">
         <wf lemma="불과" pos="X">불과</wf>
         <wf lemma="몇" pos="X">몇</wf>
         <wf lemma="초밖에" pos="X">초밖에</wf>
         <wf lemma="남지" pos="X">남지</wf>
         <wf lemma="않았으니" pos="X">않았으니</wf>
         <wf lemma="승부는" pos="X">승부는</wf>
         <instance id="d000.s3659.t000" lemma="경각" pos="NOUN">경각</instance>
         <wf lemma="에" pos="X">에</wf>
         <wf lemma="달렸다." pos="X">달렸다.</wf>
      </sentence>
      <sentence id="d000.s3660" source="wordnet-korean">
         <instance id="d000.s3660.t000" lemma="문제" pos="NOUN">문제</instance>
         <wf lemma="를" pos="X">를</wf>
         <wf lemma="내다." pos="X">내다.</wf>
      </sentence>
      <sentence id="d000.s3661" source="wordnet-korean">
         <instance id="d000.s3661.t000" lemma="언어" pos="NOUN">언어</instance>
         <wf lemma="가" pos="X">가</wf>
         <wf lemma="없이" pos="X">없이</wf>
         <wf lemma="사회생활은" pos="X">사회생활은</wf>
         <wf lemma="불가능하다." pos="X">불가능하다.</wf>
      </sentence>
      <sentence id="d000.s3662" source="wordnet-korean">
         <instance id="d000.s3662.t000" lemma="기적" pos="NOUN">기적</instance>
         <wf lemma="을" pos="X">을</wf>
         <wf lemma="울리다." pos="X">울리다.</wf>
      </sentence>
      <sentence id="d000.s3663" source="wordnet-korean">
         <instance id="d000.s3663.t000" lemma="가정" pos="NOUN">가정</instance>
         <wf lemma="사정." pos="X">사정.</wf>
      </sentence>
      <sentence id="d000.s3664" source="wordnet-korean">
         <wf lemma="같은" pos="X">같은</wf>
         <wf lemma="재료의" pos="X">재료의</wf>
         <instance id="d000.s3664.t000" lemma="음식" pos="NOUN">음식</instance>
         <wf lemma="도" pos="X">도</wf>
         <wf lemma="주무르는" pos="X">주무르는</wf>
         <wf lemma="손에" pos="X">손에</wf>
         <wf lemma="의하여" pos="X">의하여</wf>
         <wf lemma="맛이" pos="X">맛이</wf>
         <wf lemma="달라진다." pos="X">달라진다.</wf>
      </sentence>
      <sentence id="d000.s3665" source="wordnet-korean">
         <instance id="d000.s3665.t000" lemma="끝" pos="NOUN">끝</instance>
         <wf lemma="이" pos="X">이</wf>
         <wf lemma="날카롭다(무디다)." pos="X">날카롭다(무디다).</wf>
      </sentence>
      <sentence id="d000.s3666" source="wordnet-korean">
         <wf lemma="사업" pos="X">사업</wf>
         <wf lemma="계획의" pos="X">계획의</wf>
         <instance id="d000.s3666.t000" lemma="수립" pos="NOUN">수립</instance>
         <wf lemma="." pos="X">.</wf>
      </sentence>
      <sentence id="d000.s3667" source="wordnet-korean">
         <instance id="d000.s3667.t000" lemma="관계" pos="NOUN">관계</instance>
         <wf lemma="를" pos="X">를</wf>
         <wf lemma="가지다." pos="X">가지다.</wf>
      </sentence>
      <sentence id="d000.s3668" source="wordnet-korean">
         <wf lemma="무더위" pos="X">무더위</wf>
         <wf lemma="속에" pos="X">속에</wf>
         <wf lemma="네" pos="X">네</wf>
         <instance id="d000.s3668.t000" lemma="참" pos="NOUN">참</instance>
         <wf lemma="이나" pos="X">이나</wf>
         <wf lemma="되는" pos="X">되는</wf>
         <wf lemma="산길을" pos="X">산길을</wf>
         <wf lemma="올라갔다." pos="X">올라갔다.</wf>
      </sentence>
      <sentence id="d000.s3669" source="wordnet-korean">
         <wf lemma="약" pos="X">약</wf>
         <wf lemma="두" pos="X">두</wf>
         <instance id="d000.s3669.t000" lemma="봉" pos="NOUN">봉</instance>
         <wf lemma="." pos="X">.</wf>
      </sentence>
      <sentence id="d000.s3670" source="wordnet-korean">
         <instance id="d000.s3670.t000" lemma="신용" pos="NOUN">신용</instance>
         <wf lemma="이" pos="X">이</wf>
         <wf lemma="없다." pos="X">없다.</wf>
      </sentence>
      <sentence id="d000.s3671" source="wordnet-korean">
         <instance id="d000.s3671.t000" lemma="교전" pos="NOUN">교전</instance>
         <wf lemma="당사국." pos="X">당사국.</wf>
      </sentence>
      <sentence id="d000.s3672" source="wordnet-korean">
         <wf lemma="사회" pos="X">사회</wf>
         <wf lemma="정의의" pos="X">정의의</wf>
         <instance id="d000.s3672.t000" lemma="구현" pos="NOUN">구현</instance>
         <wf lemma="." pos="X">.</wf>
      </sentence>
      <sentence id="d000.s3673" source="wordnet-korean">
         <instance id="d000.s3673.t000" lemma="관계" pos="NOUN">관계</instance>
         <wf lemma="회사." pos="X">회사.</wf>
      </sentence>
      <sentence id="d000.s3674" source="wordnet-korean">
         <instance id="d000.s3674.t000" lemma="고도" pos="NOUN">고도</instance>
         <wf lemma="의" pos="X">의</wf>
         <wf lemma="경제" pos="X">경제</wf>
         <wf lemma="성장." pos="X">성장.</wf>
      </sentence>
      <sentence id="d000.s3675" source="wordnet-korean">
         <instance id="d000.s3675.t000" lemma="생각" pos="NOUN">생각</instance>
         <wf lemma="에" pos="X">에</wf>
         <wf lemma="잠기다." pos="X">잠기다.</wf>
      </sentence>
      <sentence id="d000.s3676" source="wordnet-korean">
         <wf lemma="체제의" pos="X">체제의</wf>
         <instance id="d000.s3676.t000" lemma="통일" pos="NOUN">통일</instance>
         <wf lemma="." pos="X">.</wf>
      </sentence>
      <sentence id="d000.s3677" source="wordnet-korean">
         <wf lemma="물에" pos="X">물에</wf>
         <wf lemma="녹지" pos="X">녹지</wf>
         <wf lemma="않는" pos="X">않는</wf>
         <instance id="d000.s3677.t000" lemma="성질" pos="NOUN">성질</instance>
         <wf lemma="." pos="X">.</wf>
      </sentence>
      <sentence id="d000.s3678" source="wordnet-korean">
         <wf lemma="걱정" pos="X">걱정</wf>
         <instance id="d000.s3678.t000" lemma="속" pos="NOUN">속</instance>
         <wf lemma="에" pos="X">에</wf>
         <wf lemma="잠기다." pos="X">잠기다.</wf>
      </sentence>
      <sentence id="d000.s3679" source="wordnet-korean">
         <instance id="d000.s3679.t000" lemma="재" pos="NOUN">재</instance>
         <wf lemma="를" pos="X">를</wf>
         <wf lemma="넘고" pos="X">넘고</wf>
         <wf lemma="물을" pos="X">물을</wf>
         <wf lemma="건넜다." pos="X">건넜다.</wf>
      </sentence>
      <sentence id="d000.s3680" source="wordnet-korean">
         <wf lemma="군국주의의" pos="X">군국주의의</wf>
         <instance id="d000.s3680.t000" lemma="몰락" pos="NOUN">몰락</instance>
         <wf lemma="." pos="X">.</wf>
      </sentence>
      <sentence id="d000.s3681" source="wordnet-korean">
         <wf lemma="하늘과" pos="X">하늘과</wf>
         <instance id="d000.s3681.t000" lemma="땅" pos="NOUN">땅</instance>
         <wf lemma="." pos="X">.</wf>
      </sentence>
      <sentence id="d000.s3682" source="wordnet-korean">
         <instance id="d000.s3682.t000" lemma="거적" pos="NOUN">거적</instance>
         <wf lemma="을" pos="X">을</wf>
         <wf lemma="깔고" pos="X">깔고</wf>
         <wf lemma="앉다." pos="X">앉다.</wf>
      </sentence>
      <sentence id="d000.s3683" source="wordnet-korean">
         <instance id="d000.s3683.t000" lemma="말단" pos="NOUN">말단</instance>
         <wf lemma="부분." pos="X">부분.</wf>
      </sentence>
      <sentence id="d000.s3684" source="wordnet-korean">
         <wf lemma="밤중에" pos="X">밤중에</wf>
         <wf lemma="양반댁" pos="X">양반댁</wf>
         <wf lemma="젊은" pos="X">젊은</wf>
         <wf lemma="부녀가" pos="X">부녀가</wf>
         <wf lemma="대문을" pos="X">대문을</wf>
         <wf lemma="열고" pos="X">열고</wf>
         <wf lemma="남자를" pos="X">남자를</wf>
         <wf lemma="본다는" pos="X">본다는</wf>
         <wf lemma="것도" pos="X">것도</wf>
         <instance id="d000.s3684.t000" lemma="체면" pos="NOUN">체면</instance>
         <wf lemma="이" pos="X">이</wf>
         <wf lemma="아니다." pos="X">아니다.</wf>
      </sentence>
      <sentence id="d000.s3685" source="wordnet-korean">
         <wf lemma="출납" pos="X">출납</wf>
         <instance id="d000.s3685.t000" lemma="대장" pos="NOUN">대장</instance>
         <wf lemma="." pos="X">.</wf>
      </sentence>
      <sentence id="d000.s3686" source="wordnet-korean">
         <wf lemma="통행금지" pos="X">통행금지</wf>
         <instance id="d000.s3686.t000" lemma="해제" pos="NOUN">해제</instance>
         <wf lemma="." pos="X">.</wf>
      </sentence>
      <sentence id="d000.s3687" source="wordnet-korean">
         <instance id="d000.s3687.t000" lemma="피" pos="NOUN">피</instance>
         <wf lemma="의" pos="X">의</wf>
         <wf lemma="대가." pos="X">대가.</wf>
      </sentence>
      <sentence id="d000.s3688" source="wordnet-korean">
         <wf lemma="목숨" pos="X">목숨</wf>
         <instance id="d000.s3688.t000" lemma="보전" pos="NOUN">보전</instance>
         <wf lemma="." pos="X">.</wf>
      </sentence>
      <sentence id="d000.s3689" source="wordnet-korean">
         <wf lemma="이번" pos="X">이번</wf>
         <instance id="d000.s3689.t000" lemma="호" pos="NOUN">호</instance>
         <wf lemma="에" pos="X">에</wf>
         <wf lemma="실린" pos="X">실린</wf>
         <wf lemma="논문." pos="X">논문.</wf>
      </sentence>
      <sentence id="d000.s3690" source="wordnet-korean">
         <wf lemma="차례" pos="X">차례</wf>
         <wf lemma="적은" pos="X">적은</wf>
         <instance id="d000.s3690.t000" lemma="표" pos="NOUN">표</instance>
         <wf lemma="를" pos="X">를</wf>
         <wf lemma="가져오너라." pos="X">가져오너라.</wf>
      </sentence>
      <sentence id="d000.s3691" source="wordnet-korean">
         <wf lemma="감기에는" pos="X">감기에는</wf>
         <wf lemma="이" pos="X">이</wf>
         <wf lemma="약이" pos="X">약이</wf>
         <instance id="d000.s3691.t000" lemma="선약" pos="NOUN">선약</instance>
         <wf lemma="입니다." pos="X">입니다.</wf>
      </sentence>
      <sentence id="d000.s3692" source="wordnet-korean">
         <wf lemma="공부를" pos="X">공부를</wf>
         <wf lemma="게을리" pos="X">게을리</wf>
         <wf lemma="한다고" pos="X">한다고</wf>
         <wf lemma="아버지께" pos="X">아버지께</wf>
         <instance id="d000.s3692.t000" lemma="걱정" pos="NOUN">걱정</instance>
         <wf lemma="을" pos="X">을</wf>
         <wf lemma="들었다." pos="X">들었다.</wf>
      </sentence>
      <sentence id="d000.s3693" source="wordnet-korean">
         <instance id="d000.s3693.t000" lemma="우량" pos="NOUN">우량</instance>
         <wf lemma="도서." pos="X">도서.</wf>
      </sentence>
      <sentence id="d000.s3694" source="wordnet-korean">
         <instance id="d000.s3694.t000" lemma="표정" pos="NOUN">표정</instance>
         <wf lemma="을" pos="X">을</wf>
         <wf lemma="바꾼다." pos="X">바꾼다.</wf>
      </sentence>
      <sentence id="d000.s3695" source="wordnet-korean">
         <wf lemma="나라는" pos="X">나라는</wf>
         <wf lemma="온" pos="X">온</wf>
         <instance id="d000.s3695.t000" lemma="백성" pos="NOUN">백성</instance>
         <wf lemma="이" pos="X">이</wf>
         <wf lemma="웃으며" pos="X">웃으며</wf>
         <wf lemma="살" pos="X">살</wf>
         <wf lemma="수" pos="X">수</wf>
         <wf lemma="있도록" pos="X">있도록</wf>
         <wf lemma="다스려져야" pos="X">다스려져야</wf>
         <wf lemma="한다." pos="X">한다.</wf>
      </sentence>
      <sentence id="d000.s3696" source="wordnet-korean">
         <instance id="d000.s3696.t000" lemma="부표" pos="NOUN">부표</instance>
         <wf lemma="가" pos="X">가</wf>
         <wf lemma="가표보다" pos="X">가표보다</wf>
         <wf lemma="많았다." pos="X">많았다.</wf>
      </sentence>
      <sentence id="d000.s3697" source="wordnet-korean">
         <wf lemma="교제의" pos="X">교제의</wf>
         <instance id="d000.s3697.t000" lemma="폭" pos="NOUN">폭</instance>
         <wf lemma="을" pos="X">을</wf>
         <wf lemma="늘인다." pos="X">늘인다.</wf>
      </sentence>
      <sentence id="d000.s3698" source="wordnet-korean">
         <wf lemma="두" pos="X">두</wf>
         <wf lemma="사람의" pos="X">사람의</wf>
         <instance id="d000.s3698.t000" lemma="결합" pos="NOUN">결합</instance>
         <wf lemma="을" pos="X">을</wf>
         <wf lemma="축하합니다." pos="X">축하합니다.</wf>
      </sentence>
      <sentence id="d000.s3699" source="wordnet-korean">
         <instance id="d000.s3699.t000" lemma="복" pos="NOUN">복</instance>
         <wf lemma="을" pos="X">을</wf>
         <wf lemma="받는다." pos="X">받는다.</wf>
      </sentence>
      <sentence id="d000.s3700" source="wordnet-korean">
         <wf lemma="결점" pos="X">결점</wf>
         <instance id="d000.s3700.t000" lemma="노출" pos="NOUN">노출</instance>
         <wf lemma="." pos="X">.</wf>
      </sentence>
      <sentence id="d000.s3701" source="wordnet-korean">
         <instance id="d000.s3701.t000" lemma="신용" pos="NOUN">신용</instance>
         <wf lemma="을" pos="X">을</wf>
         <wf lemma="잃다." pos="X">잃다.</wf>
      </sentence>
      <sentence id="d000.s3702" source="wordnet-korean">
         <instance id="d000.s3702.t000" lemma="실의" pos="NOUN">실의</instance>
         <wf lemma="에" pos="X">에</wf>
         <wf lemma="잠기다." pos="X">잠기다.</wf>
      </sentence>
      <sentence id="d000.s3703" source="wordnet-korean">
         <wf lemma="시청" pos="X">시청</wf>
         <wf lemma="앞" pos="X">앞</wf>
         <instance id="d000.s3703.t000" lemma="광장" pos="NOUN">광장</instance>
         <wf lemma="." pos="X">.</wf>
      </sentence>
      <sentence id="d000.s3704" source="wordnet-korean">
         <instance id="d000.s3704.t000" lemma="씨" pos="NOUN">씨</instance>
         <wf lemma="를" pos="X">를</wf>
         <wf lemma="뿌리다." pos="X">뿌리다.</wf>
      </sentence>
      <sentence id="d000.s3705" source="wordnet-korean">
         <wf lemma="태연한" pos="X">태연한</wf>
         <instance id="d000.s3705.t000" lemma="빛" pos="NOUN">빛</instance>
         <wf lemma="." pos="X">.</wf>
      </sentence>
      <sentence id="d000.s3706" source="wordnet-korean">
         <wf lemma="글의" pos="X">글의</wf>
         <instance id="d000.s3706.t000" lemma="매듭" pos="NOUN">매듭</instance>
         <wf lemma="을" pos="X">을</wf>
         <wf lemma="짓다." pos="X">짓다.</wf>
      </sentence>
      <sentence id="d000.s3707" source="wordnet-korean">
         <wf lemma="옴(병)을" pos="X">옴(병)을</wf>
         <instance id="d000.s3707.t000" lemma="올리다" pos="VERB">올리다</instance>
         <wf lemma="." pos="X">.</wf>
      </sentence>
      <sentence id="d000.s3708" source="wordnet-korean">
         <wf lemma="도서" pos="X">도서</wf>
         <instance id="d000.s3708.t000" lemma="대장" pos="NOUN">대장</instance>
         <wf lemma="." pos="X">.</wf>
      </sentence>
      <sentence id="d000.s3709" source="wordnet-korean">
         <wf lemma="어린" pos="X">어린</wf>
         <instance id="d000.s3709.t000" lemma="시절" pos="NOUN">시절</instance>
         <wf lemma="." pos="X">.</wf>
      </sentence>
      <sentence id="d000.s3710" source="wordnet-korean">
         <instance id="d000.s3710.t000" lemma="생" pos="NOUN">생</instance>
         <wf lemma="을" pos="X">을</wf>
         <wf lemma="누리다." pos="X">누리다.</wf>
      </sentence>
      <sentence id="d000.s3711" source="wordnet-korean">
         <instance id="d000.s3711.t000" lemma="집" pos="NOUN">집</instance>
         <wf lemma="을" pos="X">을</wf>
         <wf lemma="짓다." pos="X">짓다.</wf>
      </sentence>
      <sentence id="d000.s3712" source="wordnet-korean">
         <wf lemma="원고지" pos="X">원고지</wf>
         <wf lemma="스무장" pos="X">스무장</wf>
         <instance id="d000.s3712.t000" lemma="정도" pos="NOUN">정도</instance>
         <wf lemma="의" pos="X">의</wf>
         <wf lemma="연설문." pos="X">연설문.</wf>
      </sentence>
      <sentence id="d000.s3713" source="wordnet-korean">
         <instance id="d000.s3713.t000" lemma="낯빛" pos="NOUN">낯빛</instance>
         <wf lemma="이" pos="X">이</wf>
         <wf lemma="달라지다." pos="X">달라지다.</wf>
      </sentence>
      <sentence id="d000.s3714" source="wordnet-korean">
         <instance id="d000.s3714.t000" lemma="동그라미" pos="NOUN">동그라미</instance>
         <wf lemma="를" pos="X">를</wf>
         <wf lemma="그린다." pos="X">그린다.</wf>
      </sentence>
      <sentence id="d000.s3715" source="wordnet-korean">
         <wf lemma="학술" pos="X">학술</wf>
         <wf lemma="조사" pos="X">조사</wf>
         <instance id="d000.s3715.t000" lemma="반" pos="NOUN">반</instance>
         <wf lemma="." pos="X">.</wf>
      </sentence>
      <sentence id="d000.s3716" source="wordnet-korean">
         <instance id="d000.s3716.t000" lemma="영리" pos="NOUN">영리</instance>
         <wf lemma="를" pos="X">를</wf>
         <wf lemma="취하다." pos="X">취하다.</wf>
      </sentence>
      <sentence id="d000.s3717" source="wordnet-korean">
         <wf lemma="두엄더미를" pos="X">두엄더미를</wf>
         <instance id="d000.s3717.t000" lemma="거적" pos="NOUN">거적</instance>
         <wf lemma="으로" pos="X">으로</wf>
         <wf lemma="덮다." pos="X">덮다.</wf>
      </sentence>
      <sentence id="d000.s3718" source="wordnet-korean">
         <wf lemma="학교" pos="X">학교</wf>
         <instance id="d000.s3718.t000" lemma="뒤" pos="NOUN">뒤</instance>
         <wf lemma="에" pos="X">에</wf>
         <wf lemma="있는" pos="X">있는</wf>
         <wf lemma="동산." pos="X">동산.</wf>
      </sentence>
      <sentence id="d000.s3719" source="wordnet-korean">
         <instance id="d000.s3719.t000" lemma="발육" pos="NOUN">발육</instance>
         <wf lemma="이" pos="X">이</wf>
         <wf lemma="빠르다." pos="X">빠르다.</wf>
      </sentence>
      <sentence id="d000.s3720" source="wordnet-korean">
         <instance id="d000.s3720.t000" lemma="틀" pos="NOUN">틀</instance>
         <wf lemma="에" pos="X">에</wf>
         <wf lemma="박힌" pos="X">박힌</wf>
         <wf lemma="생활." pos="X">생활.</wf>
      </sentence>
      <sentence id="d000.s3721" source="wordnet-korean">
         <instance id="d000.s3721.t000" lemma="스피드" pos="NOUN">스피드</instance>
         <wf lemma="시대." pos="X">시대.</wf>
      </sentence>
      <sentence id="d000.s3722" source="wordnet-korean">
         <wf lemma="지배" pos="X">지배</wf>
         <wf lemma="계급의" pos="X">계급의</wf>
         <instance id="d000.s3722.t000" lemma="탄압" pos="NOUN">탄압</instance>
         <wf lemma="." pos="X">.</wf>
      </sentence>
      <sentence id="d000.s3723" source="wordnet-korean">
         <wf lemma="입에" pos="X">입에</wf>
         <instance id="d000.s3723.t000" lemma="거품" pos="NOUN">거품</instance>
         <wf lemma="을" pos="X">을</wf>
         <wf lemma="물고" pos="X">물고</wf>
         <wf lemma="말하다." pos="X">말하다.</wf>
      </sentence>
      <sentence id="d000.s3724" source="wordnet-korean">
         <wf lemma="세상" pos="X">세상</wf>
         <instance id="d000.s3724.t000" lemma="물정" pos="NOUN">물정</instance>
         <wf lemma="에" pos="X">에</wf>
         <wf lemma="어두운" pos="X">어두운</wf>
         <wf lemma="사람." pos="X">사람.</wf>
      </sentence>
      <sentence id="d000.s3725" source="wordnet-korean">
         <wf lemma="구체적인" pos="X">구체적인</wf>
         <instance id="d000.s3725.t000" lemma="논증" pos="NOUN">논증</instance>
         <wf lemma="." pos="X">.</wf>
      </sentence>
      <sentence id="d000.s3726" source="wordnet-korean">
         <instance id="d000.s3726.t000" lemma="사" pos="NOUN">사</instance>
         <wf lemma="가" pos="X">가</wf>
         <wf lemma="없는" pos="X">없는</wf>
         <wf lemma="지도자." pos="X">지도자.</wf>
      </sentence>
      <sentence id="d000.s3727" source="wordnet-korean">
         <instance id="d000.s3727.t000" lemma="빛" pos="NOUN">빛</instance>
         <wf lemma="과" pos="X">과</wf>
         <wf lemma="그림자." pos="X">그림자.</wf>
      </sentence>
      <sentence id="d000.s3728" source="wordnet-korean">
         <instance id="d000.s3728.t000" lemma="지경" pos="NOUN">지경</instance>
         <wf lemma="의" pos="X">의</wf>
         <wf lemma="안과" pos="X">안과</wf>
         <wf lemma="밖." pos="X">밖.</wf>
      </sentence>
      <sentence id="d000.s3729" source="wordnet-korean">
         <instance id="d000.s3729.t000" lemma="선" pos="NOUN">선</instance>
         <wf lemma="이" pos="X">이</wf>
         <wf lemma="선명하다." pos="X">선명하다.</wf>
      </sentence>
      <sentence id="d000.s3730" source="wordnet-korean">
         <wf lemma="만날" pos="X">만날</wf>
         <instance id="d000.s3730.t000" lemma="날" pos="NOUN">날</instance>
         <wf lemma="이" pos="X">이</wf>
         <wf lemma="기다려진다." pos="X">기다려진다.</wf>
      </sentence>
      <sentence id="d000.s3731" source="wordnet-korean">
         <instance id="d000.s3731.t000" lemma="뿌리" pos="NOUN">뿌리</instance>
         <wf lemma="를" pos="X">를</wf>
         <wf lemma="뻗는다." pos="X">뻗는다.</wf>
      </sentence>
      <sentence id="d000.s3732" source="wordnet-korean">
         <wf lemma="그" pos="X">그</wf>
         <wf lemma="일은" pos="X">일은</wf>
         <wf lemma="네게" pos="X">네게</wf>
         <instance id="d000.s3732.t000" lemma="플러스" pos="NOUN">플러스</instance>
         <wf lemma="가" pos="X">가</wf>
         <wf lemma="될" pos="X">될</wf>
         <wf lemma="것이다." pos="X">것이다.</wf>
      </sentence>
      <sentence id="d000.s3733" source="wordnet-korean">
         <instance id="d000.s3733.t000" lemma="파벌" pos="NOUN">파벌</instance>
         <wf lemma="을" pos="X">을</wf>
         <wf lemma="짓다." pos="X">짓다.</wf>
      </sentence>
      <sentence id="d000.s3734" source="wordnet-korean">
         <wf lemma="마찰" pos="X">마찰</wf>
         <instance id="d000.s3734.t000" lemma="기구" pos="NOUN">기구</instance>
         <wf lemma="." pos="X">.</wf>
      </sentence>
      <sentence id="d000.s3735" source="wordnet-korean">
         <wf lemma="한" pos="X">한</wf>
         <wf lemma="아이는" pos="X">아이는</wf>
         <instance id="d000.s3735.t000" lemma="꽁무니" pos="NOUN">꽁무니</instance>
         <wf lemma="에" pos="X">에</wf>
         <wf lemma="장난감" pos="X">장난감</wf>
         <wf lemma="권총을" pos="X">권총을</wf>
         <wf lemma="차고" pos="X">차고</wf>
         <wf lemma="있었다." pos="X">있었다.</wf>
      </sentence>
      <sentence id="d000.s3736" source="wordnet-korean">
         <instance id="d000.s3736.t000" lemma="국화" pos="NOUN">국화</instance>
         <wf lemma="는" pos="X">는</wf>
         <wf lemma="가을의" pos="X">가을의</wf>
         <wf lemma="꽃이다." pos="X">꽃이다.</wf>
      </sentence>
      <sentence id="d000.s3737" source="wordnet-korean">
         <instance id="d000.s3737.t000" lemma="뒷문" pos="NOUN">뒷문</instance>
         <wf lemma="을" pos="X">을</wf>
         <wf lemma="닫다." pos="X">닫다.</wf>
      </sentence>
      <sentence id="d000.s3738" source="wordnet-korean">
         <wf lemma="마음의" pos="X">마음의</wf>
         <instance id="d000.s3738.t000" lemma="안정" pos="NOUN">안정</instance>
         <wf lemma="." pos="X">.</wf>
      </sentence>
      <sentence id="d000.s3739" source="wordnet-korean">
         <wf lemma="공동의" pos="X">공동의</wf>
         <instance id="d000.s3739.t000" lemma="광장" pos="NOUN">광장</instance>
         <wf lemma="." pos="X">.</wf>
      </sentence>
      <sentence id="d000.s3740" source="wordnet-korean">
         <instance id="d000.s3740.t000" lemma="밥" pos="NOUN">밥</instance>
         <wf lemma="을" pos="X">을</wf>
         <wf lemma="한" pos="X">한</wf>
         <wf lemma="술" pos="X">술</wf>
         <wf lemma="뜬다." pos="X">뜬다.</wf>
      </sentence>
      <sentence id="d000.s3741" source="wordnet-korean">
         <wf lemma="은행" pos="X">은행</wf>
         <instance id="d000.s3741.t000" lemma="대리" pos="NOUN">대리</instance>
         <wf lemma="." pos="X">.</wf>
      </sentence>
      <sentence id="d000.s3742" source="wordnet-korean">
         <instance id="d000.s3742.t000" lemma="바지" pos="NOUN">바지</instance>
         <wf lemma="를" pos="X">를</wf>
         <wf lemma="걷어" pos="X">걷어</wf>
         <wf lemma="올리다." pos="X">올리다.</wf>
      </sentence>
      <sentence id="d000.s3743" source="wordnet-korean">
         <wf lemma="세금" pos="X">세금</wf>
         <instance id="d000.s3743.t000" lemma="면제" pos="NOUN">면제</instance>
         <wf lemma="." pos="X">.</wf>
      </sentence>
      <sentence id="d000.s3744" source="wordnet-korean">
         <instance id="d000.s3744.t000" lemma="뭍" pos="NOUN">뭍</instance>
         <wf lemma="사람들." pos="X">사람들.</wf>
      </sentence>
      <sentence id="d000.s3745" source="wordnet-korean">
         <wf lemma="선거" pos="X">선거</wf>
         <instance id="d000.s3745.t000" lemma="부정" pos="NOUN">부정</instance>
         <wf lemma="." pos="X">.</wf>
      </sentence>
      <sentence id="d000.s3746" source="wordnet-korean">
         <instance id="d000.s3746.t000" lemma="별" pos="NOUN">별</instance>
         <wf lemma="이" pos="X">이</wf>
         <wf lemma="뜬다." pos="X">뜬다.</wf>
      </sentence>
      <sentence id="d000.s3747" source="wordnet-korean">
         <wf lemma="낯선" pos="X">낯선</wf>
         <wf lemma="집에" pos="X">집에</wf>
         <wf lemma="들어서자" pos="X">들어서자</wf>
         <wf lemma="긴장하여" pos="X">긴장하여</wf>
         <wf lemma="가슴에" pos="X">가슴에</wf>
         <wf lemma="심한" pos="X">심한</wf>
         <instance id="d000.s3747.t000" lemma="동계" pos="NOUN">동계</instance>
         <wf lemma="를" pos="X">를</wf>
         <wf lemma="느끼고" pos="X">느끼고</wf>
         <wf lemma="있다." pos="X">있다.</wf>
      </sentence>
      <sentence id="d000.s3748" source="wordnet-korean">
         <instance id="d000.s3748.t000" lemma="등" pos="NOUN">등</instance>
         <wf lemma="이" pos="X">이</wf>
         <wf lemma="뜨뜻하다." pos="X">뜨뜻하다.</wf>
      </sentence>
      <sentence id="d000.s3749" source="wordnet-korean">
         <wf lemma="요즈음에도" pos="X">요즈음에도</wf>
         <instance id="d000.s3749.t000" lemma="간판" pos="NOUN">간판</instance>
         <wf lemma="만" pos="X">만</wf>
         <wf lemma="따기" pos="X">따기</wf>
         <wf lemma="위해" pos="X">위해</wf>
         <wf lemma="대학에" pos="X">대학에</wf>
         <wf lemma="가는" pos="X">가는</wf>
         <wf lemma="사람이" pos="X">사람이</wf>
         <wf lemma="있습니까?." pos="X">있습니까?.</wf>
      </sentence>
      <sentence id="d000.s3750" source="wordnet-korean">
         <wf lemma="책" pos="X">책</wf>
         <instance id="d000.s3750.t000" lemma="발행" pos="NOUN">발행</instance>
         <wf lemma="." pos="X">.</wf>
      </sentence>
      <sentence id="d000.s3751" source="wordnet-korean">
         <wf lemma="물속에" pos="X">물속에</wf>
         <instance id="d000.s3751.t000" lemma="그림자" pos="NOUN">그림자</instance>
         <wf lemma="를" pos="X">를</wf>
         <wf lemma="비춰보다." pos="X">비춰보다.</wf>
      </sentence>
      <sentence id="d000.s3752" source="wordnet-korean">
         <instance id="d000.s3752.t000" lemma="단속" pos="NOUN">단속</instance>
         <wf lemma="에" pos="X">에</wf>
         <wf lemma="걸린다." pos="X">걸린다.</wf>
      </sentence>
      <sentence id="d000.s3753" source="wordnet-korean">
         <instance id="d000.s3753.t000" lemma="고통" pos="NOUN">고통</instance>
         <wf lemma="을" pos="X">을</wf>
         <wf lemma="겪다." pos="X">겪다.</wf>
      </sentence>
      <sentence id="d000.s3754" source="wordnet-korean">
         <instance id="d000.s3754.t000" lemma="고도" pos="NOUN">고도</instance>
         <wf lemma="로" pos="X">로</wf>
         <wf lemma="발전한" pos="X">발전한</wf>
         <wf lemma="문명." pos="X">문명.</wf>
      </sentence>
      <sentence id="d000.s3755" source="wordnet-korean">
         <wf lemma="농가에서는" pos="X">농가에서는</wf>
         <wf lemma="농사" pos="X">농사</wf>
         <wf lemma="이외에" pos="X">이외에</wf>
         <instance id="d000.s3755.t000" lemma="가축" pos="NOUN">가축</instance>
         <wf lemma="을" pos="X">을</wf>
         <wf lemma="많이" pos="X">많이</wf>
         <wf lemma="길러서" pos="X">길러서</wf>
         <wf lemma="소득을" pos="X">소득을</wf>
         <wf lemma="늘린다." pos="X">늘린다.</wf>
      </sentence>
      <sentence id="d000.s3756" source="wordnet-korean">
         <instance id="d000.s3756.t000" lemma="폭" pos="NOUN">폭</instance>
         <wf lemma="이" pos="X">이</wf>
         <wf lemma="넓은" pos="X">넓은</wf>
         <wf lemma="지식." pos="X">지식.</wf>
      </sentence>
      <sentence id="d000.s3757" source="wordnet-korean">
         <instance id="d000.s3757.t000" lemma="실력" pos="NOUN">실력</instance>
         <wf lemma="을" pos="X">을</wf>
         <wf lemma="보이다." pos="X">보이다.</wf>
      </sentence>
      <sentence id="d000.s3758" source="wordnet-korean">
         <instance id="d000.s3758.t000" lemma="고향" pos="NOUN">고향</instance>
         <wf lemma="생각." pos="X">생각.</wf>
      </sentence>
      <sentence id="d000.s3759" source="wordnet-korean">
         <wf lemma="쓸데없는" pos="X">쓸데없는</wf>
         <instance id="d000.s3759.t000" lemma="걱정" pos="NOUN">걱정</instance>
         <wf lemma="." pos="X">.</wf>
      </sentence>
      <sentence id="d000.s3760" source="wordnet-korean">
         <wf lemma="이" pos="X">이</wf>
         <wf lemma="박을" pos="X">박을</wf>
         <wf lemma="타거들랑" pos="X">타거들랑</wf>
         <instance id="d000.s3760.t000" lemma="잡동사니" pos="NOUN">잡동사니</instance>
         <wf lemma="는" pos="X">는</wf>
         <wf lemma="나오지" pos="X">나오지</wf>
         <wf lemma="말고" pos="X">말고</wf>
         <wf lemma="금은" pos="X">금은</wf>
         <wf lemma="보배나" pos="X">보배나</wf>
         <wf lemma="나옵소서." pos="X">나옵소서.</wf>
      </sentence>
      <sentence id="d000.s3761" source="wordnet-korean">
         <instance id="d000.s3761.t000" lemma="막판" pos="NOUN">막판</instance>
         <wf lemma="이" pos="X">이</wf>
         <wf lemma="다가온다." pos="X">다가온다.</wf>
      </sentence>
      <sentence id="d000.s3762" source="wordnet-korean">
         <instance id="d000.s3762.t000" lemma="발" pos="NOUN">발</instance>
         <wf lemma="이" pos="X">이</wf>
         <wf lemma="작아서" pos="X">작아서</wf>
         <wf lemma="예쁘다." pos="X">예쁘다.</wf>
      </sentence>
      <sentence id="d000.s3763" source="wordnet-korean">
         <instance id="d000.s3763.t000" lemma="목발" pos="NOUN">목발</instance>
         <wf lemma="을" pos="X">을</wf>
         <wf lemma="짚고" pos="X">짚고</wf>
         <wf lemma="다닌다." pos="X">다닌다.</wf>
      </sentence>
      <sentence id="d000.s3764" source="wordnet-korean">
         <wf lemma="반도의" pos="X">반도의</wf>
         <instance id="d000.s3764.t000" lemma="압축" pos="NOUN">압축</instance>
         <wf lemma="인" pos="X">인</wf>
         <wf lemma="설악산." pos="X">설악산.</wf>
      </sentence>
      <sentence id="d000.s3765" source="wordnet-korean">
         <instance id="d000.s3765.t000" lemma="교원" pos="NOUN">교원</instance>
         <wf lemma="양성." pos="X">양성.</wf>
      </sentence>
      <sentence id="d000.s3766" source="wordnet-korean">
         <instance id="d000.s3766.t000" lemma="숨" pos="NOUN">숨</instance>
         <wf lemma="이" pos="X">이</wf>
         <wf lemma="끊어지다." pos="X">끊어지다.</wf>
      </sentence>
      <sentence id="d000.s3767" source="wordnet-korean">
         <instance id="d000.s3767.t000" lemma="지방" pos="NOUN">지방</instance>
         <wf lemma="에" pos="X">에</wf>
         <wf lemma="가다." pos="X">가다.</wf>
      </sentence>
      <sentence id="d000.s3768" source="wordnet-korean">
         <instance id="d000.s3768.t000" lemma="알맹이" pos="NOUN">알맹이</instance>
         <wf lemma="가" pos="X">가</wf>
         <wf lemma="있는" pos="X">있는</wf>
         <wf lemma="이야기." pos="X">이야기.</wf>
      </sentence>
      <sentence id="d000.s3769" source="wordnet-korean">
         <instance id="d000.s3769.t000" lemma="타격" pos="NOUN">타격</instance>
         <wf lemma="자세." pos="X">자세.</wf>
      </sentence>
      <sentence id="d000.s3770" source="wordnet-korean">
         <wf lemma="밥을" pos="X">밥을</wf>
         <instance id="d000.s3770.t000" lemma="조금" pos="NOUN">조금</instance>
         <wf lemma="먹다." pos="X">먹다.</wf>
      </sentence>
      <sentence id="d000.s3771" source="wordnet-korean">
         <instance id="d000.s3771.t000" lemma="공격" pos="NOUN">공격</instance>
         <wf lemma="을" pos="X">을</wf>
         <wf lemma="받다." pos="X">받다.</wf>
      </sentence>
      <sentence id="d000.s3772" source="wordnet-korean">
         <wf lemma="과일" pos="X">과일</wf>
         <instance id="d000.s3772.t000" lemma="사태" pos="NOUN">사태</instance>
         <wf lemma="." pos="X">.</wf>
      </sentence>
      <sentence id="d000.s3773" source="wordnet-korean">
         <instance id="d000.s3773.t000" lemma="거처" pos="NOUN">거처</instance>
         <wf lemma="를" pos="X">를</wf>
         <wf lemma="옮기다." pos="X">옮기다.</wf>
      </sentence>
      <sentence id="d000.s3774" source="wordnet-korean">
         <instance id="d000.s3774.t000" lemma="날" pos="NOUN">날</instance>
         <wf lemma="이" pos="X">이</wf>
         <wf lemma="궂다." pos="X">궂다.</wf>
      </sentence>
      <sentence id="d000.s3775" source="wordnet-korean">
         <wf lemma="전쟁이" pos="X">전쟁이</wf>
         <wf lemma="소강" pos="X">소강</wf>
         <wf lemma="상태에" pos="X">상태에</wf>
         <instance id="d000.s3775.t000" lemma="들어가다" pos="VERB">들어가다</instance>
         <wf lemma="." pos="X">.</wf>
      </sentence>
      <sentence id="d000.s3776" source="wordnet-korean">
         <instance id="d000.s3776.t000" lemma="마음" pos="NOUN">마음</instance>
         <wf lemma="을" pos="X">을</wf>
         <wf lemma="떠보다." pos="X">떠보다.</wf>
      </sentence>
      <sentence id="d000.s3777" source="wordnet-korean">
         <instance id="d000.s3777.t000" lemma="계통" pos="NOUN">계통</instance>
         <wf lemma="을" pos="X">을</wf>
         <wf lemma="따라" pos="X">따라</wf>
         <wf lemma="일하다." pos="X">일하다.</wf>
      </sentence>
      <sentence id="d000.s3778" source="wordnet-korean">
         <wf lemma="자네도" pos="X">자네도</wf>
         <wf lemma="그와" pos="X">그와</wf>
         <wf lemma="한" pos="X">한</wf>
         <instance id="d000.s3778.t000" lemma="통" pos="NOUN">통</instance>
         <wf lemma="이" pos="X">이</wf>
         <wf lemma="되었나?." pos="X">되었나?.</wf>
      </sentence>
      <sentence id="d000.s3779" source="wordnet-korean">
         <instance id="d000.s3779.t000" lemma="고통" pos="NOUN">고통</instance>
         <wf lemma="이" pos="X">이</wf>
         <wf lemma="심하다." pos="X">심하다.</wf>
      </sentence>
      <sentence id="d000.s3780" source="wordnet-korean">
         <instance id="d000.s3780.t000" lemma="사이" pos="NOUN">사이</instance>
         <wf lemma="를" pos="X">를</wf>
         <wf lemma="두다." pos="X">두다.</wf>
      </sentence>
      <sentence id="d000.s3781" source="wordnet-korean">
         <instance id="d000.s3781.t000" lemma="셈" pos="NOUN">셈</instance>
         <wf lemma="을" pos="X">을</wf>
         <wf lemma="치르다." pos="X">치르다.</wf>
      </sentence>
      <sentence id="d000.s3782" source="wordnet-korean">
         <instance id="d000.s3782.t000" lemma="과오" pos="NOUN">과오</instance>
         <wf lemma="를" pos="X">를</wf>
         <wf lemma="저지르다." pos="X">저지르다.</wf>
      </sentence>
      <sentence id="d000.s3783" source="wordnet-korean">
         <instance id="d000.s3783.t000" lemma="알" pos="NOUN">알</instance>
         <wf lemma="을" pos="X">을</wf>
         <wf lemma="까다." pos="X">까다.</wf>
      </sentence>
      <sentence id="d000.s3784" source="wordnet-korean">
         <wf lemma="도심의" pos="X">도심의</wf>
         <instance id="d000.s3784.t000" lemma="번잡" pos="NOUN">번잡</instance>
         <wf lemma="을" pos="X">을</wf>
         <wf lemma="피하여" pos="X">피하여</wf>
         <wf lemma="잠시" pos="X">잠시</wf>
         <wf lemma="교외로" pos="X">교외로</wf>
         <wf lemma="나갔다." pos="X">나갔다.</wf>
      </sentence>
      <sentence id="d000.s3785" source="wordnet-korean">
         <instance id="d000.s3785.t000" lemma="목표" pos="NOUN">목표</instance>
         <wf lemma="를" pos="X">를</wf>
         <wf lemma="달성하다." pos="X">달성하다.</wf>
      </sentence>
      <sentence id="d000.s3786" source="wordnet-korean">
         <instance id="d000.s3786.t000" lemma="수" pos="NOUN">수</instance>
         <wf lemma="가" pos="X">가</wf>
         <wf lemma="적다." pos="X">적다.</wf>
      </sentence>
      <sentence id="d000.s3787" source="wordnet-korean">
         <instance id="d000.s3787.t000" lemma="패배" pos="NOUN">패배</instance>
         <wf lemma="를" pos="X">를</wf>
         <wf lemma="당했다." pos="X">당했다.</wf>
      </sentence>
      <sentence id="d000.s3788" source="wordnet-korean">
         <instance id="d000.s3788.t000" lemma="일자리" pos="NOUN">일자리</instance>
         <wf lemma="를" pos="X">를</wf>
         <wf lemma="잃다." pos="X">잃다.</wf>
      </sentence>
      <sentence id="d000.s3789" source="wordnet-korean">
         <instance id="d000.s3789.t000" lemma="손해" pos="NOUN">손해</instance>
         <wf lemma="를" pos="X">를</wf>
         <wf lemma="주다." pos="X">주다.</wf>
      </sentence>
      <sentence id="d000.s3790" source="wordnet-korean">
         <instance id="d000.s3790.t000" lemma="소문" pos="NOUN">소문</instance>
         <wf lemma="을" pos="X">을</wf>
         <wf lemma="듣다." pos="X">듣다.</wf>
      </sentence>
      <sentence id="d000.s3791" source="wordnet-korean">
         <instance id="d000.s3791.t000" lemma="태양" pos="NOUN">태양</instance>
         <wf lemma="이" pos="X">이</wf>
         <wf lemma="비친다." pos="X">비친다.</wf>
      </sentence>
      <sentence id="d000.s3792" source="wordnet-korean">
         <wf lemma="물의" pos="X">물의</wf>
         <instance id="d000.s3792.t000" lemma="힘" pos="NOUN">힘</instance>
         <wf lemma="." pos="X">.</wf>
      </sentence>
      <sentence id="d000.s3793" source="wordnet-korean">
         <instance id="d000.s3793.t000" lemma="물건" pos="NOUN">물건</instance>
         <wf lemma="을" pos="X">을</wf>
         <wf lemma="해다" pos="X">해다</wf>
         <wf lemma="놓아야" pos="X">놓아야</wf>
         <wf lemma="손님을" pos="X">손님을</wf>
         <wf lemma="맞지요." pos="X">맞지요.</wf>
      </sentence>
      <sentence id="d000.s3794" source="wordnet-korean">
         <wf lemma="딸의" pos="X">딸의</wf>
         <wf lemma="정성어린" pos="X">정성어린</wf>
         <instance id="d000.s3794.t000" lemma="간호" pos="NOUN">간호</instance>
         <wf lemma="로" pos="X">로</wf>
         <wf lemma="어머니의" pos="X">어머니의</wf>
         <wf lemma="병환은" pos="X">병환은</wf>
         <wf lemma="마침내" pos="X">마침내</wf>
         <wf lemma="다" pos="X">다</wf>
         <wf lemma="나았다." pos="X">나았다.</wf>
      </sentence>
      <sentence id="d000.s3795" source="wordnet-korean">
         <wf lemma="달팽이의" pos="X">달팽이의</wf>
         <instance id="d000.s3795.t000" lemma="뿔" pos="NOUN">뿔</instance>
         <wf lemma="." pos="X">.</wf>
      </sentence>
   </text>
</corpus>
