<?xml version="1.0" encoding="UTF-8"?>
<corpus lang="de" name="test-de" sources="semeval2013-de">
   <text id="d000">
      <sentence id="d000.s000" source="semeval2013-de">
         <wf lemma="ein" pos="X">Eine</wf>
         <wf lemma="ander" pos="X">andere</wf>
         <instance id="d000.s000.t000" lemma="Frage" pos="NOUN">Frage</instance>
         <wf lemma="sein" pos="VERB">ist</wf>
         <wf lemma="," pos="X">,</wf>
         <wf lemma="welch" pos="X">welche</wf>
         <instance id="d000.s000.t001" lemma="Art" pos="NOUN">Art</instance>
         <wf lemma="von" pos="X">von</wf>
         <instance id="d000.s000.t002" lemma="Vorteil" pos="NOUN">Vorteil</instance>
         <wf lemma="d" pos="X">die</wf>
         <wf lemma="Zuwiderhandelnden" pos="NOUN">Zuwiderhandelnden</wf>
         <wf lemma="aus" pos="X">aus</wf>
         <wf lemma="d" pos="X">den</wf>
         <wf lemma="absichtlich" pos="X">absichtlichen</wf>
         <wf lemma="Foul" pos="NOUN">Fouls</wf>
         <wf lemma="ziehen" pos="VERB">zogen</wf>
         <wf lemma="." pos="X">.</wf>
      </sentence>
      <sentence id="d000.s001" source="semeval2013-de">
         <wf lemma="Casillas" pos="NOUN">Casillas</wf>
         <wf lemma="und" pos="X">und</wf>
         <wf lemma="Xavi" pos="NOUN">Xavi</wf>
         <wf lemma="erhalten" pos="VERB">erhielten</wf>
         <wf lemma="letzt" pos="X">letzte</wf>
         <instance id="d000.s001.t000" lemma="Woche" pos="NOUN">Woche</instance>
         <wf lemma="sogar" pos="ADV">sogar</wf>
         <wf lemma="ein" pos="X">eine</wf>
         <wf lemma="Anerkennung" pos="NOUN">Anerkennung</wf>
         <wf lemma="von" pos="X">von</wf>
         <wf lemma="d" pos="X">der</wf>
         <wf lemma="UEFA" pos="NOUN">UEFA</wf>
         <wf lemma="," pos="X">,</wf>
         <wf lemma="zusammen" pos="ADV">zusammen</wf>
         <wf lemma="mit" pos="X">mit</wf>
         <wf lemma="ander" pos="X">anderen</wf>
         <wf lemma="d" pos="X">der</wf>
         <wf lemma="iberischen" pos="X">iberischen</wf>
         <wf lemma="Mannschaft" pos="NOUN">Mannschaft</wf>
         <wf lemma="," pos="X">,</wf>
         <wf lemma="d" pos="X">die</wf>
         <wf lemma="d" pos="X">die</wf>
         <wf lemma="magisch" pos="X">magische</wf>
         <wf lemma="Zahl" pos="NOUN">Zahl</wf>
         <wf lemma="100" pos="X">100</wf>
         <wf lemma="erreichen" pos="VERB">erreicht</wf>
         <wf lemma="haben" pos="VERB">hatten</wf>
         <wf lemma=":" pos="X">:</wf>
         <wf lemma="d" pos="X">der</wf>
         <wf lemma="zitiert" pos="X">zitierte</wf>
         <wf lemma="Zubizarreta" pos="NOUN">Zubizarreta</wf>
         <wf lemma="mit" pos="X">mit</wf>
         <wf lemma="126" pos="X">126</wf>
         <wf lemma="und" pos="X">und</wf>
         <wf lemma="d" pos="X">der</wf>
         <instance id="d000.s001.t001" lemma="Mittelstürmer" pos="NOUN">Mittelstürmer</instance>
         <wf lemma="von" pos="X">von</wf>
         <wf lemma="Schalke" pos="NOUN">Schalke</wf>
         <wf lemma="," pos="X">,</wf>
         <wf lemma="raúl_gonzález" pos="NOUN">Raúl_González</wf>
         <wf lemma="," pos="X">,</wf>
         <wf lemma="mit" pos="X">mit</wf>
         <wf lemma="102" pos="X">102</wf>
         <wf lemma="." pos="X">.</wf>
      </sentence>
      <sentence id="d000.s002" source="semeval2013-de">
         <wf lemma="ca." pos="ADV">Ca.</wf>
         <wf lemma="@card@" pos="X">58</wf>
         <instance id="d000.s002.t000" lemma="%" pos="NOUN">%</instance>
         <wf lemma="erklären" pos="VERB">erklärten</wf>
         <wf lemma="," pos="X">,</wf>
         <wf lemma="dass" pos="X">dass</wf>
         <wf lemma="nur" pos="ADV">nur</wf>
         <wf lemma="d" pos="X">die</wf>
         <instance id="d000.s002.t001" lemma="Marktwirtschaft" pos="NOUN">Marktwirtschaft</instance>
         <wf lemma="ihr" pos="X">ihrem</wf>
         <instance id="d000.s002.t002" lemma="Land" pos="NOUN">Land</instance>
         <wf lemma="Fortschritt" pos="NOUN">Fortschritt</wf>
         <wf lemma="bringen" pos="VERB">bringen</wf>
         <wf lemma="können" pos="VERB">kann</wf>
         <wf lemma="," pos="X">,</wf>
         <wf lemma="vergleichen" pos="VERB">verglichen</wf>
         <wf lemma="mit" pos="X">mit</wf>
         <wf lemma="47" pos="X">47</wf>
         <instance id="d000.s002.t003" lemma="%" pos="NOUN">%</instance>
         <wf lemma="im" pos="X">im</wf>
         <wf lemma="letzt" pos="X">letzten</wf>
         <wf lemma="Jahr" pos="NOUN">Jahr</wf>
         <wf lemma="." pos="X">.</wf>
      </sentence>
      <sentence id="d000.s003" source="semeval2013-de">
         <wf lemma="Sie" pos="X">Sie</wf>
         <wf lemma="sein" pos="VERB">ist</wf>
         <wf lemma="so" pos="ADV">so</wf>
         <wf lemma="weit" pos="X">weit</wf>
         <wf lemma="verbreiten" pos="VERB">verbreitet</wf>
         <wf lemma="," pos="X">,</wf>
         <wf lemma="dass" pos="X">dass</wf>
         <wf lemma="sie" pos="X">sie</wf>
         <instance id="d000.s003.t000" lemma="Teil" pos="NOUN">Teil</instance>
         <wf lemma="d" pos="X">des</wf>
         <instance id="d000.s003.t001" lemma="Ethos" pos="NOUN">Ethos</instance>
         <wf lemma="-" pos="X">-</wf>
         <wf lemma="d" pos="X">der</wf>
         <wf lemma="ungeschrieben" pos="X">ungeschriebenen</wf>
         <wf lemma="," pos="X">,</wf>
         <wf lemma="aber" pos="ADV">aber</wf>
         <wf lemma="in" pos="X">in</wf>
         <wf lemma="dies" pos="X">dieser</wf>
         <wf lemma="Sportart" pos="NOUN">Sportart</wf>
         <wf lemma="befolgt" pos="X">befolgten</wf>
         <wf lemma="Regel" pos="NOUN">Regeln</wf>
         <wf lemma="-" pos="X">-</wf>
         <wf lemma="sein" pos="VERB">ist</wf>
         <wf lemma="." pos="X">.</wf>
      </sentence>
      <sentence id="d000.s004" source="semeval2013-de">
         <wf lemma="dies" pos="X">Dieser</wf>
         <instance id="d000.s004.t000" lemma="Einspruch" pos="NOUN">Einspruch</instance>
         <wf lemma="können" pos="VERB">könnte</wf>
         <wf lemma="d" pos="X">die</wf>
         <wf lemma="Appelationsgerichte" pos="NOUN">Appelationsgerichte</wf>
         <wf lemma="veranlassen" pos="VERB">veranlassen</wf>
         <wf lemma="," pos="X">,</wf>
         <wf lemma="er" pos="X">sich</wf>
         <wf lemma="mit" pos="X">mit</wf>
         <wf lemma="d" pos="X">der</wf>
         <instance id="d000.s004.t001" lemma="Frage" pos="NOUN">Frage</instance>
         <wf lemma="zu" pos="X">zu</wf>
         <wf lemma="beschäftigen" pos="VERB">beschäftigen</wf>
         <wf lemma="," pos="X">,</wf>
         <wf lemma="ob" pos="X">ob</wf>
         <wf lemma="d" pos="X">die</wf>
         <wf lemma="neu" pos="X">neuen</wf>
         <instance id="d000.s004.t002" lemma="Technologie" pos="NOUN">Technologien</instance>
         <wf lemma="neu" pos="X">neue</wf>
         <wf lemma="Regel" pos="NOUN">Regeln</wf>
         <wf lemma="im" pos="X">im</wf>
         <instance id="d000.s004.t003" lemma="Gerichtssaal" pos="NOUN">Gerichtssaal</instance>
         <wf lemma="notwendig" pos="X">notwendig</wf>
         <wf lemma="werden" pos="VERB">werden</wf>
         <wf lemma="lassen" pos="VERB">lassen</wf>
         <wf lemma="." pos="X">.</wf>
      </sentence>
      <sentence id="d000.s005" source="semeval2013-de">
         <wf lemma="d" pos="X">Die</wf>
         <wf lemma="Provokation" pos="NOUN">Provokation</wf>
         <wf lemma="ein" pos="X">einer</wf>
         <wf lemma="Gelbe_Karte" pos="NOUN">gelben_Karte</wf>
         <wf lemma="unter" pos="X">unter</wf>
         <wf lemma="solch" pos="X">solchen</wf>
         <wf lemma="oder" pos="X">oder</wf>
         <wf lemma="ähnlich" pos="X">ähnlichen</wf>
         <instance id="d000.s005.t000" lemma="Umstand" pos="NOUN">Umständen</instance>
         <wf lemma="sein" pos="VERB">ist</wf>
         <wf lemma="kein" pos="X">keine</wf>
         <wf lemma="neu" pos="X">neue</wf>
         <instance id="d000.s005.t001" lemma="Praxis" pos="NOUN">Praxis</instance>
         <wf lemma="," pos="X">,</wf>
         <wf lemma="sie" pos="X">sie</wf>
         <wf lemma="sein" pos="VERB">ist</wf>
         <wf lemma="eher" pos="ADV">eher</wf>
         <wf lemma="häufig" pos="X">häufig</wf>
         <wf lemma="in" pos="X">in</wf>
         <wf lemma="d" pos="X">der</wf>
         <instance id="d000.s005.t002" lemma="Welt" pos="NOUN">Welt</instance>
         <wf lemma="d" pos="X">des</wf>
         <instance id="d000.s005.t003" lemma="Fußball" pos="NOUN">Fußballs</instance>
         <wf lemma="antreffen" pos="VERB">anzutreffen</wf>
         <wf lemma="." pos="X">.</wf>
      </sentence>
      <sentence id="d000.s006" source="semeval2013-de">
         <wf lemma="während" pos="X">Während</wf>
         <wf lemma="d" pos="X">die</wf>
         <wf lemma="Welt-" pos="X">Welt-</wf>
         <wf lemma="und" pos="X">und</wf>
         <wf lemma="Europameister" pos="NOUN">Europameister</wf>
         <wf lemma="," pos="X">,</wf>
         <wf lemma="d" pos="X">die</wf>
         <wf lemma="Nummer" pos="NOUN">Nummer</wf>
         <wf lemma="eins" pos="X">eins</wf>
         <wf lemma="auf" pos="X">auf</wf>
         <wf lemma="d" pos="X">dem</wf>
         <wf lemma="Monatsranking" pos="NOUN">Monatsranking</wf>
         <wf lemma="d" pos="X">der</wf>
         <wf lemma="FIFA" pos="NOUN">FIFA</wf>
         <wf lemma="," pos="X">,</wf>
         <wf lemma="auf" pos="X">auf</wf>
         <wf lemma="ein" pos="X">eine</wf>
         <wf lemma="beachtlich" pos="X">beachtliche</wf>
         <wf lemma="Anzahl" pos="NOUN">Anzahl</wf>
         <wf lemma="von" pos="X">von</wf>
         <wf lemma="Auswahlspiel" pos="NOUN">Auswahlspielen</wf>
         <wf lemma="d" pos="X">der</wf>
         <wf lemma="Klasse" pos="X">Klasse</wf>
         <wf lemma="A" pos="NOUN">A</wf>
         <wf lemma="zurückblicken" pos="VERB">zurückblicken</wf>
         <wf lemma="können" pos="VERB">kann</wf>
         <wf lemma="," pos="X">,</wf>
         <wf lemma="verfügen" pos="VERB">verfügt</wf>
         <wf lemma="d" pos="X">die</wf>
         <wf lemma="dreifarbig" pos="X">dreifarbige</wf>
         <wf lemma="Mannschaft" pos="NOUN">Mannschaft</wf>
         <wf lemma="nur" pos="ADV">nur</wf>
         <wf lemma="über" pos="X">über</wf>
         <wf lemma="d" pos="X">den</wf>
         <wf lemma="Verteidigungsspieler" pos="NOUN">Verteidigungsspieler</wf>
         <wf lemma="michael_umana" pos="NOUN">Michael_Umana</wf>
         <wf lemma="als" pos="X">als</wf>
         <wf lemma="einzig" pos="X">einzigem</wf>
         <wf lemma="mit" pos="X">mit</wf>
         <wf lemma="über" pos="X">über</wf>
         <wf lemma="50" pos="X">50</wf>
         <wf lemma="international" pos="X">internationalen</wf>
         <instance id="d000.s006.t000" lemma="Spiel" pos="NOUN">Spielen</instance>
         <wf lemma="." pos="X">.</wf>
      </sentence>
      <sentence id="d000.s007" source="semeval2013-de">
         <wf lemma="felisa_wolfe-simon" pos="NOUN">Felisa_Wolfe-Simon</wf>
         <wf lemma="vom" pos="X">vom</wf>
         <wf lemma="Astrobiologischen" pos="X">Astrobiologischen</wf>
         <wf lemma="Institut" pos="NOUN">Institut</wf>
         <wf lemma="d" pos="X">der</wf>
         <instance id="d000.s007.t000" lemma="NASA" pos="NOUN">NASA</instance>
         <wf lemma="," pos="X">,</wf>
         <wf lemma="d" pos="X">die</wf>
         <wf lemma="d" pos="X">die</wf>
         <instance id="d000.s007.t001" lemma="Studie" pos="NOUN">Studie</instance>
         <wf lemma="leiten" pos="VERB">leitete</wf>
         <wf lemma="," pos="X">,</wf>
         <wf lemma="wählen" pos="VERB">wählte</wf>
         <wf lemma="d" pos="X">den</wf>
         <wf lemma="Mono_Lake" pos="NOUN">Mono_Lake</wf>
         <wf lemma="aufgrund" pos="X">aufgrund</wf>
         <wf lemma="d" pos="X">des</wf>
         <wf lemma="hoch" pos="X">hohen</wf>
         <wf lemma="Arsengehalts" pos="NOUN">Arsengehalts</wf>
         <wf lemma="." pos="X">.</wf>
      </sentence>
      <sentence id="d000.s008" source="semeval2013-de">
         <wf lemma="ExxonMobil" pos="NOUN">ExxonMobil</wf>
         <wf lemma="und" pos="X">und</wf>
         <wf lemma="Occidental_Petroleum" pos="NOUN">Occidental_Petroleum</wf>
         <wf lemma="Inc." pos="NOUN">Inc.</wf>
         <wf lemma="sein" pos="VERB">waren</wf>
         <wf lemma="d" pos="X">die</wf>
         <wf lemma="einzig" pos="X">einzigen</wf>
         <wf lemma="amerikanisch" pos="X">amerikanischen</wf>
         <instance id="d000.s008.t000" lemma="Unternehmen" pos="NOUN">Unternehmen</instance>
         <wf lemma="," pos="X">,</wf>
         <wf lemma="d" pos="X">die</wf>
         <instance id="d000.s008.t001" lemma="Vertrag" pos="NOUN">Verträge</instance>
         <wf lemma="mit" pos="X">mit</wf>
         <wf lemma="d" pos="X">dem</wf>
         <instance id="d000.s008.t002" lemma="Ministerium" pos="NOUN">Ministerium</instance>
         <wf lemma="abschließen" pos="VERB">abschließen</wf>
         <wf lemma="können" pos="VERB">konnten</wf>
         <wf lemma="." pos="X">.</wf>
      </sentence>
      <sentence id="d000.s009" source="semeval2013-de">
         <wf lemma="am" pos="X">Am</wf>
         <instance id="d000.s009.t000" lemma="Donnerstag" pos="NOUN">Donnerstag</instance>
         <wf lemma="werden" pos="VERB">wird</wf>
         <wf lemma="d" pos="X">der</wf>
         <wf lemma="aufmerksam" pos="X">aufmerksam</wf>
         <wf lemma="verfolgt" pos="X">verfolgte</wf>
         <wf lemma="Prozeß" pos="NOUN">Prozess</wf>
         <wf lemma="von" pos="X">von</wf>
         <wf lemma="Steven" pos="NOUN">Steven</wf>
         <wf lemma="J." pos="NOUN">J.</wf>
         <wf lemma="Hayes" pos="NOUN">Hayes</wf>
         <wf lemma="," pos="X">,</wf>
         <wf lemma="d" pos="X">der</wf>
         <wf lemma="anklagen" pos="VERB">angeklagt</wf>
         <wf lemma="sein" pos="VERB">war</wf>
         <wf lemma="," pos="X">,</wf>
         <wf lemma="drei" pos="X">drei</wf>
         <wf lemma="Mitglied" pos="NOUN">Mitglieder</wf>
         <wf lemma="ein" pos="X">eine</wf>
         <instance id="d000.s009.t001" lemma="Familie" pos="NOUN">Familie</instance>
         <wf lemma="aus" pos="X">aus</wf>
         <wf lemma="Cheshire" pos="NOUN">Cheshire</wf>
         <wf lemma="," pos="X">,</wf>
         <instance id="d000.s009.t002" lemma="Connecticut" pos="NOUN">Connecticut</instance>
         <wf lemma="," pos="X">,</wf>
         <wf lemma="töten" pos="VERB">getötet</wf>
         <wf lemma="zu" pos="X">zu</wf>
         <wf lemma="haben" pos="VERB">haben</wf>
         <wf lemma="," pos="X">,</wf>
         <wf lemma="ein" pos="X">ein</wf>
         <wf lemma="offiziell" pos="X">offizielles</wf>
         <instance id="d000.s009.t003" lemma="Ende" pos="NOUN">Ende</instance>
         <wf lemma="finden" pos="VERB">finden</wf>
         <wf lemma="," pos="X">,</wf>
         <wf lemma="wenn" pos="X">wenn</wf>
         <wf lemma="d" pos="X">der</wf>
         <wf lemma="Richterspruch" pos="NOUN">Richterspruch</wf>
         <wf lemma="über" pos="X">über</wf>
         <wf lemma="d" pos="X">das</wf>
         <instance id="d000.s009.t004" lemma="Todesurteil" pos="NOUN">Todesurteil</instance>
         <wf lemma="," pos="X">,</wf>
         <wf lemma="d" pos="X">das</wf>
         <wf lemma="d" pos="X">die</wf>
         <instance id="d000.s009.t005" lemma="Jury" pos="NOUN">Jury</instance>
         <wf lemma="aussprechen" pos="VERB">ausgesprochen</wf>
         <wf lemma="haben" pos="VERB">hat</wf>
         <wf lemma="," pos="X">,</wf>
         <wf lemma="fallen" pos="VERB">fällt</wf>
         <wf lemma="." pos="X">.</wf>
      </sentence>
      <sentence id="d000.s010" source="semeval2013-de">
         <wf lemma="francois_hollande" pos="NOUN">Francois_Hollande</wf>
         <wf lemma="beschränken" pos="VERB">beschränkt</wf>
         <wf lemma="er" pos="X">sich</wf>
         <wf lemma="in" pos="X">in</wf>
         <wf lemma="sein" pos="X">seinem</wf>
         <instance id="d000.s010.t000" lemma="Programm" pos="NOUN">Programm</instance>
         <wf lemma="auf" pos="X">auf</wf>
         <instance id="d000.s010.t001" lemma="Banalität" pos="NOUN">Banalitäten</instance>
         <wf lemma="," pos="X">,</wf>
         <wf lemma="d" pos="X">die</wf>
         <wf lemma="darauf" pos="X">darauf</wf>
         <wf lemma="hinweisen" pos="VERB">hinweisen</wf>
         <wf lemma="," pos="X">,</wf>
         <wf lemma="partnerschaftlich" pos="X">partnerschaftliche</wf>
         <instance id="d000.s010.t002" lemma="Entwicklung" pos="NOUN">Entwicklung</instance>
         <wf lemma="erlauben" pos="VERB">erlaube</wf>
         <wf lemma="es" pos="X">es</wf>
         <wf lemma="," pos="X">,</wf>
         <wf lemma="unser" pos="X">unsere</wf>
         <wf lemma="&quot;" pos="X">&quot;</wf>
         <wf lemma="Migrationsprobleme" pos="NOUN">Migrationsprobleme</wf>
         <wf lemma="&quot;" pos="X">&quot;</wf>
         <wf lemma="zu" pos="X">zu</wf>
         <wf lemma="lösen" pos="VERB">lösen</wf>
         <wf lemma="." pos="X">.</wf>
      </sentence>
      <sentence id="d000.s011" source="semeval2013-de">
         <wf lemma="dies" pos="X">Diese</wf>
         <wf lemma="Vorstellung" pos="NOUN">Vorstellung</wf>
         <wf lemma="von" pos="X">von</wf>
         <instance id="d000.s011.t000" lemma="Immigration" pos="NOUN">Immigration</instance>
         <wf lemma="als" pos="X">als</wf>
         <wf lemma="Last" pos="NOUN">Last</wf>
         <wf lemma="," pos="X">,</wf>
         <wf lemma="als" pos="X">als</wf>
         <instance id="d000.s011.t001" lemma="Problem" pos="NOUN">Problem</instance>
         <wf lemma="," pos="X">,</wf>
         <wf lemma="können" pos="VERB">kann</wf>
         <wf lemma="er" pos="X">sich</wf>
         <wf lemma="möglicherweise" pos="ADV">möglicherweise</wf>
         <wf lemma="auf" pos="X">auf</wf>
         <wf lemma="d" pos="X">die</wf>
         <instance id="d000.s011.t002" lemma="Wahl" pos="NOUN">Wahlen</instance>
         <wf lemma="auswirken" pos="VERB">auswirken</wf>
         <wf lemma=";" pos="X">;</wf>
         <wf lemma="jedoch" pos="ADV">jedoch</wf>
         <wf lemma="sein" pos="VERB">ist</wf>
         <wf lemma="sie" pos="X">sie</wf>
         <wf lemma="wirtschaftlich" pos="X">wirtschaftlich</wf>
         <wf lemma="kostspielig" pos="X">kostspielig</wf>
         <wf lemma="." pos="X">.</wf>
      </sentence>
      <sentence id="d000.s012" source="semeval2013-de">
         <wf lemma="d" pos="X">Die</wf>
         <instance id="d000.s012.t000" lemma="Befürchtung" pos="NOUN">Befürchtungen</instance>
         <wf lemma="gegenüber" pos="X">gegenüber</wf>
         <wf lemma="d" pos="X">dem</wf>
         <instance id="d000.s012.t001" lemma="Einfluss" pos="NOUN">Einfluss</instance>
         <wf lemma="d" pos="X">der</wf>
         <wf lemma="Migranten" pos="NOUN">Migranten</wf>
         <wf lemma="basieren" pos="VERB">basieren</wf>
         <wf lemma="auf" pos="X">auf</wf>
         <wf lemma="d" pos="X">der</wf>
         <wf lemma="Vorstellung" pos="NOUN">Vorstellung</wf>
         <wf lemma="," pos="X">,</wf>
         <wf lemma="dass" pos="X">dass</wf>
         <wf lemma="dies" pos="X">diese</wf>
         <wf lemma="drohen" pos="VERB">drohen</wf>
         <wf lemma="," pos="X">,</wf>
         <wf lemma="d" pos="X">die</wf>
         <wf lemma="einheimisch" pos="X">einheimischen</wf>
         <wf lemma="Arbeitskraft" pos="NOUN">Arbeitskräfte</wf>
         <wf lemma="," pos="X">,</wf>
         <wf lemma="insbesondere" pos="ADV">insbesondere</wf>
         <wf lemma="d" pos="X">die</wf>
         <wf lemma="gering" pos="X">geringer</wf>
         <wf lemma="qualifizieren" pos="VERB">qualifizierten</wf>
         <wf lemma="," pos="X">,</wf>
         <wf lemma="zu" pos="X">zu</wf>
         <wf lemma="substituieren" pos="VERB">substituieren</wf>
         <wf lemma="," pos="X">,</wf>
         <wf lemma="indem" pos="X">indem</wf>
         <wf lemma="sie" pos="X">sie</wf>
         <instance id="d000.s012.t002" lemma="Druck" pos="NOUN">Druck</instance>
         <wf lemma="auf" pos="X">auf</wf>
         <wf lemma="d" pos="X">deren</wf>
         <instance id="d000.s012.t003" lemma="Lohn" pos="NOUN">Löhne</instance>
         <wf lemma="ausüben" pos="VERB">ausübten</wf>
         <wf lemma="." pos="X">.</wf>
      </sentence>
      <sentence id="d000.s013" source="semeval2013-de">
         <wf lemma="d" pos="X">Die</wf>
         <instance id="d000.s013.t000" lemma="Richter" pos="NOUN">Richter</instance>
         <wf lemma="stimmen" pos="VERB">stimmten</wf>
         <wf lemma="d" pos="X">der</wf>
         <instance id="d000.s013.t001" lemma="Anhörung" pos="NOUN">Anhörung</instance>
         <wf lemma="zu" pos="X">zu</wf>
         <wf lemma="." pos="X">.</wf>
      </sentence>
      <sentence id="d000.s014" source="semeval2013-de">
         <wf lemma="hinzu" pos="ADV">Hinzu</wf>
         <wf lemma="kommen" pos="VERB">kommen</wf>
         <wf lemma="d" pos="X">die</wf>
         <instance id="d000.s014.t000" lemma="Erfahrung" pos="NOUN">Erfahrungen</instance>
         <wf lemma="mit" pos="X">mit</wf>
         <wf lemma="d" pos="X">der</wf>
         <wf lemma="spanisch" pos="X">Spanischen</wf>
         <instance id="d000.s014.t001" lemma="Furie" pos="NOUN">Furie</instance>
         <wf lemma="bei" pos="X">bei</wf>
         <wf lemma="kompliziert" pos="X">komplizierten</wf>
         <wf lemma="Ausscheidungsspielen" pos="NOUN">Ausscheidungsspielen</wf>
         <wf lemma="beim" pos="X">beim</wf>
         <wf lemma="Eurocup" pos="NOUN">Eurocup</wf>
         <wf lemma="und" pos="X">und</wf>
         <wf lemma="d" pos="X">den</wf>
         <instance id="d000.s014.t002" lemma="Fußballweltmeisterschaft" pos="NOUN">Fußballweltmeisterschaften</instance>
         <wf lemma="." pos="X">.</wf>
      </sentence>
      <sentence id="d000.s015" source="semeval2013-de">
         <instance id="d000.s015.t000" lemma="Sport" pos="NOUN">Sport</instance>
         <wf lemma="und" pos="X">und</wf>
         <wf lemma="Regelumgehung" pos="NOUN">Regelumgehung</wf>
      </sentence>
      <sentence id="d000.s016" source="semeval2013-de">
         <wf lemma="d" pos="X">Die</wf>
         <wf lemma="Tendenz" pos="NOUN">Tendenz</wf>
         <wf lemma="werden" pos="VERB">wurde</wf>
         <wf lemma="durch" pos="X">durch</wf>
         <wf lemma="d" pos="X">die</wf>
         <instance id="d000.s016.t000" lemma="Veröffentlichung" pos="NOUN">Veröffentlichung</instance>
         <wf lemma="gut" pos="X">besserer</wf>
         <wf lemma="wirtschaftlich" pos="X">wirtschaftlicher</wf>
         <instance id="d000.s016.t001" lemma="Indikator" pos="NOUN">Indikatoren</instance>
         <wf lemma="als" pos="X">als</wf>
         <wf lemma="vorgesehen" pos="X">vorgesehen</wf>
         <wf lemma="unterstützen" pos="VERB">unterstützt</wf>
         <wf lemma="," pos="X">,</wf>
         <wf lemma="d" pos="X">die</wf>
         <wf lemma="&quot;" pos="X">&quot;</wf>
         <wf lemma="dazu" pos="X">dazu</wf>
         <wf lemma="beitragen" pos="VERB">beigetragen</wf>
         <wf lemma="haben" pos="VERB">haben</wf>
         <wf lemma="," pos="X">,</wf>
         <wf lemma="d" pos="X">die</wf>
         <wf lemma="Marktansicht" pos="NOUN">Marktansicht</wf>
         <wf lemma="zur" pos="X">zur</wf>
         <wf lemma="Solidität" pos="NOUN">Solidität</wf>
         <wf lemma="d" pos="X">des</wf>
         <wf lemma="Wiederaufschwungs" pos="NOUN">Wiederaufschwungs</wf>
         <wf lemma="d" pos="X">der</wf>
         <instance id="d000.s016.t002" lemma="Wirtschaft" pos="NOUN">Wirtschaft</instance>
         <wf lemma="zu" pos="X">zu</wf>
         <wf lemma="verbessern" pos="VERB">verbessern</wf>
         <wf lemma="&quot;" pos="X">&quot;</wf>
         <wf lemma="," pos="X">,</wf>
         <wf lemma="fassen" pos="VERB">fassten</wf>
         <wf lemma="d" pos="X">die</wf>
         <instance id="d000.s016.t003" lemma="Analytiker" pos="NOUN">Analytiker</instance>
         <wf lemma="von" pos="X">von</wf>
         <wf lemma="charles_schwab" pos="NOUN">Charles_Schwab</wf>
         <wf lemma="zusammen" pos="X">zusammen</wf>
         <wf lemma="." pos="X">.</wf>
      </sentence>
      <sentence id="d000.s017" source="semeval2013-de">
         <wf lemma="er" pos="X">Er</wf>
         <wf lemma="bieten" pos="VERB">bietet</wf>
         <wf lemma="auch" pos="ADV">auch</wf>
         <wf lemma="ein" pos="X">eine</wf>
         <instance id="d000.s017.t000" lemma="Palette" pos="NOUN">Palette</instance>
         <wf lemma="an" pos="X">an</wf>
         <wf lemma="Option" pos="NOUN">Optionen</wf>
         <wf lemma="für" pos="X">für</wf>
         <wf lemma="d" pos="X">die</wf>
         <wf lemma="Schlüsselfrage" pos="NOUN">Schlüsselfragen</wf>
         <wf lemma="," pos="X">,</wf>
         <wf lemma="einschließlich" pos="X">einschließlich</wf>
         <wf lemma="wie" pos="X">wie</wf>
         <wf lemma="Industrie-" pos="X">Industrie-</wf>
         <wf lemma="und" pos="X">und</wf>
         <wf lemma="groß" pos="X">große</wf>
         <wf lemma="Schwellenland" pos="NOUN">Schwellenländer</wf>
         <wf lemma="ihr" pos="X">ihren</wf>
         <wf lemma="Kohlenstoffausstoß" pos="NOUN">Kohlenstoffausstoß</wf>
         <wf lemma="beschränken" pos="VERB">beschränken</wf>
         <wf lemma="können" pos="VERB">können</wf>
         <wf lemma="und" pos="X">und</wf>
         <wf lemma="wie" pos="X">wie</wf>
         <wf lemma="hoch" pos="X">hoch</wf>
         <wf lemma="d" pos="X">der</wf>
         <wf lemma="ober" pos="X">obere</wf>
         <wf lemma="Grenzwert" pos="NOUN">Grenzwert</wf>
         <wf lemma="d" pos="X">des</wf>
         <wf lemma="global" pos="X">globalen</wf>
         <wf lemma="Temperaturanstieg" pos="NOUN">Temperaturanstiegs</wf>
         <wf lemma="sein" pos="VERB">sein</wf>
         <wf lemma="sollen" pos="VERB">sollte</wf>
         <wf lemma="," pos="X">,</wf>
         <wf lemma="d" pos="X">den</wf>
         <wf lemma="d" pos="X">die</wf>
         <wf lemma="politisch" pos="X">politischen</wf>
         <instance id="d000.s017.t001" lemma="Entscheidungsträger" pos="NOUN">Entscheidungsträger</instance>
         <wf lemma="mittragen" pos="VERB">mittragen</wf>
         <wf lemma="werden" pos="VERB">würden</wf>
         <wf lemma="." pos="X">.</wf>
      </sentence>
      <sentence id="d000.s018" source="semeval2013-de">
         <wf lemma="weiterhin" pos="ADV">Weiterhin</wf>
         <wf lemma="haben" pos="VERB">hat</wf>
         <wf lemma="er" pos="X">sich</wf>
         <wf lemma="d" pos="X">das</wf>
         <wf lemma="Vertrauen" pos="NOUN">Vertrauen</wf>
         <wf lemma="d" pos="X">der</wf>
         <wf lemma="amerikanisch" pos="X">amerikanischen</wf>
         <instance id="d000.s018.t000" lemma="Verbraucher" pos="NOUN">Verbraucher</instance>
         <wf lemma="deutlich" pos="X">deutlich</wf>
         <wf lemma="im" pos="X">im</wf>
         <instance id="d000.s018.t001" lemma="Dezember" pos="NOUN">Dezember</instance>
         <wf lemma="verbessern" pos="VERB">verbessert</wf>
         <wf lemma="und" pos="X">und</wf>
         <wf lemma="zwar" pos="ADV">zwar</wf>
         <wf lemma="auf" pos="X">auf</wf>
         <wf lemma="@card@" pos="X">73,4</wf>
         <wf lemma="gegenüber" pos="X">gegenüber</wf>
         <wf lemma="@card@" pos="X">67,4</wf>
         <wf lemma="im" pos="X">im</wf>
         <wf lemma="vorherig" pos="X">vorherigen</wf>
         <instance id="d000.s018.t002" lemma="Monat" pos="NOUN">Monat</instance>
         <wf lemma="," pos="X">,</wf>
         <wf lemma="laut" pos="X">laut</wf>
         <wf lemma="Indexvorschau" pos="NOUN">Indexvorschau</wf>
         <wf lemma="d" pos="X">der</wf>
         <instance id="d000.s018.t003" lemma="universität_von_michigan" pos="NOUN">Universität_von_Michigan</instance>
         <wf lemma="." pos="X">.</wf>
      </sentence>
      <sentence id="d000.s019" source="semeval2013-de">
         <wf lemma="d" pos="X">Die</wf>
         <wf lemma="gering" pos="X">gering</wf>
         <wf lemma="qualifiziert" pos="X">qualifizierten</wf>
         <instance id="d000.s019.t000" lemma="Immigrant" pos="NOUN">Immigranten</instance>
         <wf lemma="arbeiten" pos="VERB">arbeiten</wf>
         <wf lemma="in" pos="X">in</wf>
         <wf lemma="Sektor" pos="NOUN">Sektoren</wf>
         <wf lemma="," pos="X">,</wf>
         <wf lemma="d" pos="X">die</wf>
         <wf lemma="einheimisch" pos="X">einheimische</wf>
         <wf lemma="Lohnarbeiter" pos="NOUN">Lohnarbeiter</wf>
         <wf lemma="wenig" pos="X">wenig</wf>
         <wf lemma="reizen" pos="VERB">reizen</wf>
         <wf lemma="," pos="X">,</wf>
         <wf lemma="d" pos="X">die</wf>
         <wf lemma="qualifiziert" pos="X">qualifizierteren</wf>
         <wf lemma="unter" pos="X">unter</wf>
         <wf lemma="d" pos="X">den</wf>
         <instance id="d000.s019.t001" lemma="Immigrant" pos="NOUN">Immigranten</instance>
         <wf lemma="arbeiten" pos="VERB">arbeiten</wf>
         <wf lemma="in" pos="X">in</wf>
         <wf lemma="dynamisch" pos="X">dynamischen</wf>
         <wf lemma="Sektor" pos="NOUN">Sektoren</wf>
         <wf lemma="," pos="X">,</wf>
         <wf lemma="in" pos="X">in</wf>
         <wf lemma="d" pos="X">denen</wf>
         <wf lemma="d" pos="X">die</wf>
         <instance id="d000.s019.t002" lemma="Ausbildung" pos="NOUN">Ausbildung</instance>
         <wf lemma="nicht" pos="X">nicht</wf>
         <wf lemma="d" pos="X">dem</wf>
         <wf lemma="Arbeitsangebot" pos="NOUN">Arbeitsangebot</wf>
         <wf lemma="angleichen" pos="VERB">angeglichen</wf>
         <wf lemma="sein" pos="VERB">ist</wf>
         <wf lemma="." pos="X">.</wf>
      </sentence>
      <sentence id="d000.s020" source="semeval2013-de">
         <wf lemma="manch" pos="X">Manch</wf>
         <wf lemma="ein" pos="X">einer</wf>
         <wf lemma="glauben" pos="VERB">glaubt</wf>
         <wf lemma="," pos="X">,</wf>
         <wf lemma="dass" pos="X">dass</wf>
         <wf lemma="d" pos="X">die</wf>
         <instance id="d000.s020.t000" lemma="Fernsehserie" pos="NOUN">Fernsehserie</instance>
         <wf lemma="und" pos="X">und</wf>
         <wf lemma="d" pos="X">der</wf>
         <instance id="d000.s020.t001" lemma="Spielfilm" pos="NOUN">Spielfilm</instance>
         <wf lemma="&quot;" pos="X">&quot;</wf>
         <wf lemma="auf" pos="X">Auf</wf>
         <wf lemma="d" pos="X">der</wf>
         <wf lemma="Flucht" pos="NOUN">Flucht</wf>
         <wf lemma="&quot;" pos="X">&quot;</wf>
         <wf lemma="auf" pos="X">auf</wf>
         <wf lemma="dies" pos="X">diesem</wf>
         <instance id="d000.s020.t002" lemma="Verbrechen" pos="NOUN">Verbrechen</instance>
         <wf lemma="basieren" pos="VERB">basiert</wf>
         <wf lemma="." pos="X">.</wf>
      </sentence>
      <sentence id="d000.s021" source="semeval2013-de">
         <wf lemma="d" pos="X">Das</wf>
         <instance id="d000.s021.t000" lemma="Dinner" pos="NOUN">Dinner</instance>
         <wf lemma="finden" pos="VERB">fand</wf>
         <wf lemma="wenig" pos="X">wenige</wf>
         <instance id="d000.s021.t001" lemma="Stunde" pos="NOUN">Stunden</instance>
         <wf lemma="," pos="X">,</wf>
         <wf lemma="nachdem" pos="X">nachdem</wf>
         <wf lemma="d" pos="X">das</wf>
         <instance id="d000.s021.t002" lemma="Gericht" pos="NOUN">Gericht</instance>
         <wf lemma="über" pos="X">über</wf>
         <wf lemma="d" pos="X">den</wf>
         <instance id="d000.s021.t003" lemma="Fall" pos="NOUN">Fall</instance>
         <wf lemma="beraten" pos="VERB">beraten</wf>
         <wf lemma="haben" pos="VERB">hatte</wf>
         <wf lemma="," pos="X">,</wf>
         <wf lemma="in" pos="X">in</wf>
         <wf lemma="ein" pos="X">einem</wf>
         <wf lemma="Washingtoner" pos="NOUN">Washingtoner</wf>
         <instance id="d000.s021.t004" lemma="Hotel" pos="NOUN">Hotel</instance>
         <wf lemma="statt" pos="X">statt</wf>
         <wf lemma="." pos="X">.</wf>
      </sentence>
      <sentence id="d000.s022" source="semeval2013-de">
         <wf lemma="obwohl" pos="X">Obwohl</wf>
         <instance id="d000.s022.t000" lemma="Wissenschaftler" pos="NOUN">Wissenschaftler</instance>
         <wf lemma="dies" pos="X">dieses</wf>
         <wf lemma="ungewöhnlich" pos="X">ungewöhnliche</wf>
         <instance id="d000.s022.t001" lemma="Bakterium" pos="NOUN">Bakterium</instance>
         <wf lemma="hier" pos="ADV">hier</wf>
         <wf lemma="auf" pos="X">auf</wf>
         <wf lemma="d" pos="X">der</wf>
         <instance id="d000.s022.t002" lemma="Erde" pos="NOUN">Erde</instance>
         <wf lemma="entdecken" pos="VERB">entdeckten</wf>
         <wf lemma="," pos="X">,</wf>
         <wf lemma="sein" pos="VERB">ist</wf>
         <wf lemma="es" pos="X">es</wf>
         <wf lemma="ihr" pos="X">ihrer</wf>
         <instance id="d000.s022.t003" lemma="Ansicht" pos="NOUN">Ansicht</instance>
         <wf lemma="nach" pos="X">nach</wf>
         <wf lemma="ein" pos="X">ein</wf>
         <instance id="d000.s022.t004" lemma="Zeichen" pos="NOUN">Zeichen</instance>
         <wf lemma="dafür" pos="X">dafür</wf>
         <wf lemma="," pos="X">,</wf>
         <wf lemma="dass" pos="X">dass</wf>
         <wf lemma="ein" pos="X">ein</wf>
         <instance id="d000.s022.t005" lemma="Leben" pos="NOUN">Leben</instance>
         <wf lemma="auch" pos="ADV">auch</wf>
         <wf lemma="ohne" pos="X">ohne</wf>
         <wf lemma="d" pos="X">die</wf>
         <wf lemma="bisher" pos="ADV">bisher</wf>
         <wf lemma="als" pos="X">als</wf>
         <wf lemma="lebensnotwendig" pos="X">lebensnotwendig</wf>
         <wf lemma="erachtet" pos="X">erachteten</wf>
         <instance id="d000.s022.t006" lemma="Element" pos="NOUN">Elemente</instance>
         <wf lemma="möglich" pos="X">möglich</wf>
         <wf lemma="sein" pos="VERB">ist</wf>
         <wf lemma="." pos="X">.</wf>
      </sentence>
      <sentence id="d000.s023" source="semeval2013-de">
         <wf lemma="Bankchef" pos="NOUN">Bankchef</wf>
         <wf lemma="kenneth_lewis" pos="NOUN">Kenneth_Lewis</wf>
         <wf lemma="bedanken" pos="VERB">bedankte</wf>
         <wf lemma="er" pos="X">sich</wf>
         <wf lemma="am" pos="X">am</wf>
         <wf lemma="Mittwochabend" pos="NOUN">Mittwochabend</wf>
         <wf lemma="ausdrücklich" pos="X">ausdrücklich</wf>
         <wf lemma="beim" pos="X">beim</wf>
         <wf lemma="amerikanisch" pos="X">amerikanischen</wf>
         <wf lemma="Steuerzahler" pos="NOUN">Steuerzahler</wf>
         <wf lemma=":" pos="X">:</wf>
         <wf lemma="d" pos="X">Die</wf>
         <wf lemma="Geldspritze" pos="NOUN">Geldspritze</wf>
         <wf lemma="haben" pos="VERB">habe</wf>
         <wf lemma="über" pos="X">über</wf>
         <wf lemma="ein" pos="X">eine</wf>
         <wf lemma="sehr" pos="ADV">sehr</wf>
         <wf lemma="schwierig" pos="X">schwierige</wf>
         <instance id="d000.s023.t000" lemma="Zeit" pos="NOUN">Zeit</instance>
         <wf lemma="helfen" pos="VERB">geholfen</wf>
         <wf lemma="." pos="X">.</wf>
      </sentence>
      <sentence id="d000.s024" source="semeval2013-de">
         <wf lemma="doch" pos="X">Doch</wf>
         <wf lemma="von" pos="X">von</wf>
         <instance id="d000.s024.t000" lemma="Land" pos="NOUN">Land</instance>
         <wf lemma="zu" pos="X">zu</wf>
         <instance id="d000.s024.t001" lemma="Land" pos="NOUN">Land</instance>
         <wf lemma="geben" pos="VERB">gibt</wf>
         <wf lemma="es" pos="X">es</wf>
         <wf lemma="stark" pos="X">starke</wf>
         <wf lemma="Stimmungsunterschiede" pos="NOUN">Stimmungsunterschiede</wf>
         <wf lemma="(" pos="X">(</wf>
         <wf lemma="s." pos="X">s.</wf>
         <instance id="d000.s024.t002" lemma="Diagramm" pos="NOUN">Diagramm</instance>
         <wf lemma="4" pos="X">4</wf>
         <wf lemma=")" pos="X">)</wf>
         <wf lemma="." pos="X">.</wf>
      </sentence>
      <sentence id="d000.s025" source="semeval2013-de">
         <wf lemma="vor" pos="X">Vor</wf>
         <wf lemma="ein" pos="X">einem</wf>
         <instance id="d000.s025.t000" lemma="Jahrzehnt" pos="NOUN">Jahrzehnt</instance>
         <wf lemma="untergraben" pos="VERB">untergruben</wf>
         <instance id="d000.s025.t001" lemma="Lateinamerika" pos="NOUN">Lateinamerikas</instance>
         <wf lemma="Wirtschaftskrise" pos="NOUN">Wirtschaftskrisen</wf>
         <wf lemma="d" pos="X">die</wf>
         <wf lemma="Bemühung" pos="NOUN">Bemühungen</wf>
         <wf lemma="um" pos="X">um</wf>
         <wf lemma="mehr" pos="X">mehr</wf>
         <instance id="d000.s025.t002" lemma="Demokratie" pos="NOUN">Demokratie</instance>
         <wf lemma="." pos="X">.</wf>
      </sentence>
      <sentence id="d000.s026" source="semeval2013-de">
         <wf lemma="Sie" pos="X">Sie</wf>
         <wf lemma="werfen" pos="VERB">wirft</wf>
         <wf lemma="18" pos="X">18</wf>
         <wf lemma="international" pos="X">internationalen</wf>
         <wf lemma="Großbank" pos="NOUN">Großbanken</wf>
         <wf lemma="vor" pos="X">vor</wf>
         <wf lemma="," pos="X">,</wf>
         <wf lemma="d" pos="X">die</wf>
         <wf lemma="zwei" pos="X">zwei</wf>
         <wf lemma="staatlich" pos="X">staatlichen</wf>
         <wf lemma="US-Immobilienfinanzierer" pos="NOUN">US-Immobilienfinanzierer</wf>
         <instance id="d000.s026.t000" lemma="fannie_mae" pos="NOUN">Fannie_Mae</instance>
         <wf lemma="und" pos="X">und</wf>
         <instance id="d000.s026.t001" lemma="freddie_mac" pos="NOUN">Freddie_Mac</instance>
         <wf lemma="bei" pos="X">bei</wf>
         <wf lemma="Hypothekengeschäften" pos="NOUN">Hypothekengeschäften</wf>
         <wf lemma="im" pos="X">im</wf>
         <instance id="d000.s026.t002" lemma="Volumen" pos="NOUN">Volumen</instance>
         <wf lemma="von" pos="X">von</wf>
         <wf lemma="rund" pos="ADV">rund</wf>
         <wf lemma="200" pos="X">200</wf>
         <wf lemma="Milliarde" pos="NOUN">Milliarden</wf>
         <instance id="d000.s026.t003" lemma="Dollar" pos="NOUN">Dollar</instance>
         <wf lemma="übervorteilen" pos="VERB">übervorteilt</wf>
         <wf lemma="zu" pos="X">zu</wf>
         <wf lemma="haben" pos="VERB">haben</wf>
         <wf lemma="." pos="X">.</wf>
      </sentence>
      <sentence id="d000.s027" source="semeval2013-de">
         <wf lemma="d" pos="X">Der</wf>
         <instance id="d000.s027.t000" lemma="Vorteil" pos="NOUN">Vorteil</instance>
         <wf lemma="bestehen" pos="VERB">besteht</wf>
         <wf lemma="offensichtlich" pos="X">offensichtlich</wf>
         <wf lemma="darin" pos="X">darin</wf>
         <wf lemma="," pos="X">,</wf>
         <wf lemma="dass" pos="X">dass</wf>
         <wf lemma="d" pos="X">die</wf>
         <wf lemma="Spieler" pos="NOUN">Spieler</wf>
         <wf lemma="d" pos="X">die</wf>
         <wf lemma="nah" pos="X">nächste</wf>
         <wf lemma="Spielphase" pos="NOUN">Spielphase</wf>
         <wf lemma="d" pos="X">der</wf>
         <wf lemma="champions_league" pos="NOUN">Champions_League</wf>
         <wf lemma="ohne" pos="X">ohne</wf>
         <wf lemma="Karte" pos="NOUN">Karten</wf>
         <wf lemma="," pos="X">,</wf>
         <wf lemma="d" pos="X">die</wf>
         <wf lemma="ihr" pos="X">ihre</wf>
         <instance id="d000.s027.t001" lemma="Teilnahme" pos="NOUN">Teilnahme</instance>
         <wf lemma="an" pos="X">an</wf>
         <wf lemma="ein" pos="X">einem</wf>
         <wf lemma="zukünftig" pos="X">zukünftigen</wf>
         <instance id="d000.s027.t002" lemma="Spiel" pos="NOUN">Spiel</instance>
         <wf lemma="bedrohen" pos="VERB">bedrohen</wf>
         <wf lemma="können" pos="VERB">könnte</wf>
         <wf lemma="," pos="X">,</wf>
         <wf lemma="beginnen" pos="VERB">beginnen</wf>
         <wf lemma="." pos="X">.</wf>
      </sentence>
      <sentence id="d000.s028" source="semeval2013-de">
         <wf lemma="d" pos="X">Die</wf>
         <wf lemma="Angst" pos="NOUN">Angst</wf>
         <wf lemma="vor" pos="X">vor</wf>
         <wf lemma="d" pos="X">der</wf>
         <wf lemma="Invasion" pos="NOUN">Invasion</wf>
         <wf lemma="d" pos="X">des</wf>
         <wf lemma="national" pos="X">nationalen</wf>
         <wf lemma="Boden" pos="NOUN">Bodens</wf>
         <wf lemma="durch" pos="X">durch</wf>
         <instance id="d000.s028.t000" lemma="Horde" pos="NOUN">Horden</instance>
         <wf lemma="polnisch" pos="X">polnischer</wf>
         <instance id="d000.s028.t001" lemma="Klempner" pos="NOUN">Klempner</instance>
         <wf lemma="werden" pos="VERB">wurde</wf>
         <wf lemma="im" pos="X">im</wf>
         <instance id="d000.s028.t002" lemma="Jahr" pos="NOUN">Jahre</instance>
         <wf lemma="2005" pos="X">2005</wf>
         <wf lemma="sowohl" pos="X">sowohl</wf>
         <wf lemma="von" pos="X">von</wf>
         <wf lemma="rechts" pos="ADV">rechts</wf>
         <wf lemma="als" pos="X">als</wf>
         <wf lemma="auch" pos="ADV">auch</wf>
         <wf lemma="von" pos="X">von</wf>
         <wf lemma="links" pos="ADV">links</wf>
         <wf lemma="teilen" pos="VERB">geteilt</wf>
         <wf lemma="." pos="X">.</wf>
      </sentence>
      <sentence id="d000.s029" source="semeval2013-de">
         <wf lemma="aber" pos="X">Aber</wf>
         <wf lemma="es" pos="X">es</wf>
         <wf lemma="handeln" pos="VERB">handelt</wf>
         <wf lemma="er" pos="X">sich</wf>
         <wf lemma="um" pos="X">um</wf>
         <wf lemma="ein" pos="X">einen</wf>
         <wf lemma="langfristig" pos="X">langfristigen</wf>
         <wf lemma="," pos="X">,</wf>
         <wf lemma="bis" pos="X">bis</wf>
         <wf lemma="zu" pos="X">zu</wf>
         <wf lemma="ein" pos="X">einem</wf>
         <wf lemma="bestimmt" pos="X">bestimmten</wf>
         <instance id="d000.s029.t000" lemma="Grad" pos="NOUN">Grad</instance>
         <wf lemma="ungewiß" pos="X">ungewissen</wf>
         <instance id="d000.s029.t001" lemma="Vorteil" pos="NOUN">Vorteil</instance>
         <wf lemma="," pos="X">,</wf>
         <wf lemma="da" pos="X">da</wf>
         <wf lemma="d" pos="X">das</wf>
         <instance id="d000.s029.t002" lemma="Team" pos="NOUN">Team</instance>
         <wf lemma="irgendwann" pos="ADV">irgendwann</wf>
         <wf lemma="auch" pos="ADV">auch</wf>
         <wf lemma="ausscheiden" pos="VERB">ausscheiden</wf>
         <wf lemma="können" pos="VERB">könnte</wf>
         <wf lemma="." pos="X">.</wf>
      </sentence>
      <sentence id="d000.s030" source="semeval2013-de">
         <wf lemma="d" pos="X">Die</wf>
         <wf lemma="durch" pos="X">durch</wf>
         <wf lemma="d" pos="X">die</wf>
         <wf lemma="UNO" pos="NOUN">UNO</wf>
         <wf lemma="gefördert" pos="X">geförderte</wf>
         <wf lemma="Klimakonferenz" pos="NOUN">Klimakonferenz</wf>
         <wf lemma="--" pos="X">--</wf>
         <wf lemma="d" pos="X">die</wf>
         <wf lemma="er" pos="X">sich</wf>
         <wf lemma="bis" pos="X">bis</wf>
         <wf lemma="jetzt" pos="ADV">jetzt</wf>
         <wf lemma="durch" pos="X">durch</wf>
         <wf lemma="wild" pos="X">wilde</wf>
         <wf lemma="Pose" pos="NOUN">Posen</wf>
         <wf lemma="und" pos="X">und</wf>
         <wf lemma="gegenseitig" pos="X">gegenseitige</wf>
         <wf lemma="Beschuldigung" pos="NOUN">Beschuldigungen</wf>
         <wf lemma="auszeichnen" pos="VERB">auszeichnete</wf>
         <wf lemma="--" pos="X">--</wf>
         <wf lemma="haben" pos="VERB">hat</wf>
         <wf lemma="am" pos="X">am</wf>
         <instance id="d000.s030.t000" lemma="Freitag" pos="NOUN">Freitag</instance>
         <wf lemma="mit" pos="X">mit</wf>
         <wf lemma="d" pos="X">der</wf>
         <instance id="d000.s030.t001" lemma="Veröffentlichung" pos="NOUN">Veröffentlichung</instance>
         <wf lemma="ein" pos="X">eines</wf>
         <instance id="d000.s030.t002" lemma="Dokument" pos="NOUN">Dokuments</instance>
         <wf lemma="wieder" pos="ADV">wieder</wf>
         <wf lemma="ein" pos="X">einen</wf>
         <instance id="d000.s030.t003" lemma="Schwerpunkt" pos="NOUN">Schwerpunkt</instance>
         <wf lemma="setzen" pos="VERB">gesetzt</wf>
         <wf lemma="," pos="X">,</wf>
         <wf lemma="d" pos="X">der</wf>
         <wf lemma="für" pos="X">für</wf>
         <wf lemma="d" pos="X">die</wf>
         <wf lemma="nah" pos="X">nächsten</wf>
         <wf lemma="40" pos="X">40</wf>
         <instance id="d000.s030.t004" lemma="Jahr" pos="NOUN">Jahre</instance>
         <wf lemma="ein" pos="X">eine</wf>
         <wf lemma="ehrgeizig" pos="X">ehrgeizige</wf>
         <wf lemma="Senkung" pos="NOUN">Senkung</wf>
         <wf lemma="d" pos="X">der</wf>
         <instance id="d000.s030.t005" lemma="Treibhausgas" pos="NOUN">Treibhausgase</instance>
         <wf lemma="aufzeichnen" pos="VERB">aufzeichnet</wf>
         <wf lemma="," pos="X">,</wf>
         <wf lemma="wobei" pos="X">wobei</wf>
         <wf lemma="d" pos="X">die</wf>
         <wf lemma="Industrienation" pos="NOUN">Industrienationen</wf>
         <wf lemma="in" pos="X">in</wf>
         <wf lemma="d" pos="X">der</wf>
         <wf lemma="nah" pos="X">nahen</wf>
         <instance id="d000.s030.t006" lemma="Zukunft" pos="NOUN">Zukunft</instance>
         <wf lemma="d" pos="X">die</wf>
         <wf lemma="groß" pos="X">größten</wf>
         <wf lemma="Last" pos="NOUN">Lasten</wf>
         <wf lemma="schultern" pos="VERB">schultern</wf>
         <wf lemma="müssen" pos="VERB">müssten</wf>
         <wf lemma="." pos="X">.</wf>
      </sentence>
      <sentence id="d000.s031" source="semeval2013-de">
         <wf lemma="auf" pos="X">Auf</wf>
         <wf lemma="jed" pos="X">jeden</wf>
         <instance id="d000.s031.t000" lemma="Fall" pos="NOUN">Fall</instance>
         <wf lemma="drehen" pos="VERB">dreht</wf>
         <wf lemma="er" pos="X">sich</wf>
         <wf lemma="d" pos="X">die</wf>
         <instance id="d000.s031.t001" lemma="Debatte" pos="NOUN">Debatte</instance>
         <wf lemma="darum" pos="X">darum</wf>
         <wf lemma="," pos="X">,</wf>
         <wf lemma="ob" pos="X">ob</wf>
         <wf lemma="dies" pos="X">diese</wf>
         <wf lemma="nicht" pos="X">nicht</wf>
         <wf lemma="ausdrücklich" pos="X">ausdrücklich</wf>
         <wf lemma="von" pos="X">von</wf>
         <wf lemma="d" pos="X">den</wf>
         <wf lemma="Statut" pos="NOUN">Statuten</wf>
         <wf lemma="verboten" pos="X">verbotene</wf>
         <wf lemma="Verhaltensweise" pos="NOUN">Verhaltensweise</wf>
         <wf lemma="d" pos="X">den</wf>
         <instance id="d000.s031.t002" lemma="Prinzip" pos="NOUN">Prinzipien</instance>
         <wf lemma="d" pos="X">des</wf>
         <instance id="d000.s031.t003" lemma="Sport" pos="NOUN">Sports</instance>
         <wf lemma="widersprechen" pos="VERB">widerspricht</wf>
         <wf lemma="," pos="X">,</wf>
         <wf lemma="d" pos="X">das</wf>
         <wf lemma="heißen" pos="VERB">heißt</wf>
         <wf lemma="," pos="X">,</wf>
         <wf lemma="ob" pos="X">ob</wf>
         <wf lemma="dies" pos="X">diese</wf>
         <wf lemma="Handlung" pos="NOUN">Handlungen</wf>
         <wf lemma="ein" pos="X">eine</wf>
         <wf lemma="Regelumgehung" pos="NOUN">Regelumgehung</wf>
         <wf lemma="darstellen" pos="VERB">darstellen</wf>
         <wf lemma="." pos="X">.</wf>
      </sentence>
      <sentence id="d000.s032" source="semeval2013-de">
         <wf lemma="nicolas_sarkozy" pos="NOUN">Nicolas_Sarkozy</wf>
         <wf lemma="wünschen" pos="VERB">wünschte</wf>
         <wf lemma="zu" pos="X">zu</wf>
         <wf lemma="Antritt" pos="NOUN">Antritt</wf>
         <wf lemma="sein" pos="X">seines</wf>
         <instance id="d000.s032.t000" lemma="Mandat" pos="NOUN">Mandates</instance>
         <wf lemma="d" pos="X">die</wf>
         <wf lemma="fehlend" pos="X">fehlenden</wf>
         <instance id="d000.s032.t001" lemma="Schnittpunkt" pos="NOUN">Schnittpunkte</instance>
         <wf lemma="&quot;" pos="X">&quot;</wf>
         <wf lemma="mit" pos="X">mit</wf>
         <wf lemma="d" pos="X">den</wf>
         <instance id="d000.s032.t002" lemma="Zahn" pos="NOUN">Zähnen</instance>
         <wf lemma="&quot;" pos="X">&quot;</wf>
         <wf lemma="herbeiführen" pos="VERB">herbeizuführen</wf>
         <wf lemma="." pos="X">.</wf>
      </sentence>
      <sentence id="d000.s033" source="semeval2013-de">
         <wf lemma="am" pos="X">Am</wf>
         <instance id="d000.s033.t000" lemma="Ende" pos="NOUN">Ende</instance>
         <wf lemma="," pos="X">,</wf>
         <wf lemma="so" pos="ADV">so</wf>
         <wf lemma="d" pos="X">die</wf>
         <wf lemma="Verteidigung" pos="NOUN">Verteidigung</wf>
         <wf lemma="," pos="X">,</wf>
         <wf lemma="geben" pos="VERB">gab</wf>
         <wf lemma="es" pos="X">es</wf>
         <wf lemma="mehr" pos="ADV">mehr</wf>
         <wf lemma="als" pos="X">als</wf>
         <wf lemma="@card@" pos="X">140.000</wf>
         <wf lemma="Twitter-Meldungen" pos="NOUN">Twitter-Meldungen</wf>
         <wf lemma="über" pos="X">über</wf>
         <wf lemma="d" pos="X">den</wf>
         <wf lemma="Prozeß" pos="NOUN">Prozess</wf>
         <wf lemma="um" pos="X">um</wf>
         <instance id="d000.s033.t001" lemma="Vergewaltigung" pos="NOUN">Vergewaltigung</instance>
         <wf lemma="und" pos="X">und</wf>
         <wf lemma="an" pos="X">an</wf>
         <instance id="d000.s033.t002" lemma="Bett" pos="NOUN">Betten</instance>
         <wf lemma="gekettete" pos="X">gekettete</wf>
         <instance id="d000.s033.t003" lemma="Kind" pos="NOUN">Kinder</instance>
         <wf lemma="in" pos="X">in</wf>
         <wf lemma="ein" pos="X">einem</wf>
         <instance id="d000.s033.t004" lemma="Haus" pos="NOUN">Haus</instance>
         <wf lemma="," pos="X">,</wf>
         <wf lemma="d" pos="X">das</wf>
         <wf lemma="in" pos="X">in</wf>
         <instance id="d000.s033.t005" lemma="Flamme" pos="NOUN">Flammen</instance>
         <wf lemma="aufgehen" pos="VERB">aufging</wf>
         <wf lemma="." pos="X">.</wf>
      </sentence>
      <sentence id="d000.s034" source="semeval2013-de">
         <wf lemma="d" pos="X">Der</wf>
         <instance id="d000.s034.t000" lemma="Vorfall" pos="NOUN">Vorfall</instance>
         <wf lemma="finden" pos="VERB">fand</wf>
         <wf lemma="vergangen" pos="X">vergangenen</wf>
         <instance id="d000.s034.t001" lemma="Donnerstag" pos="NOUN">Donnerstag</instance>
         <wf lemma="statt" pos="X">statt</wf>
         <wf lemma="," pos="X">,</wf>
         <wf lemma="als" pos="X">als</wf>
         <wf lemma="er" pos="X">sich</wf>
         <wf lemma="alle" pos="X">alle</wf>
         <wf lemma="neun" pos="X">neun</wf>
         <instance id="d000.s034.t002" lemma="Richter" pos="NOUN">Richter</instance>
         <wf lemma="zu" pos="X">zu</wf>
         <wf lemma="ein" pos="X">einer</wf>
         <instance id="d000.s034.t003" lemma="Besprechung" pos="NOUN">Besprechung</instance>
         <wf lemma="treffen" pos="VERB">trafen</wf>
         <wf lemma="," pos="X">,</wf>
         <wf lemma="um" pos="X">um</wf>
         <wf lemma="über" pos="X">über</wf>
         <wf lemma="d" pos="X">die</wf>
         <instance id="d000.s034.t004" lemma="Petition" pos="NOUN">Petitionen</instance>
         <wf lemma="zur" pos="X">zur</wf>
         <wf lemma="Prüfung" pos="NOUN">Prüfung</wf>
         <wf lemma="zu" pos="X">zu</wf>
         <wf lemma="beraten" pos="VERB">beraten</wf>
         <wf lemma="." pos="X">.</wf>
      </sentence>
      <sentence id="d000.s035" source="semeval2013-de">
         <wf lemma="Eidson" pos="NOUN">Eidson</wf>
         <wf lemma="und" pos="X">und</wf>
         <wf lemma="Pnini" pos="NOUN">Pnini</wf>
         <wf lemma="tragen" pos="VERB">trugen</wf>
         <wf lemma="entscheidend" pos="X">entscheidend</wf>
         <wf lemma="dazu" pos="X">dazu</wf>
         <wf lemma="bei" pos="X">bei</wf>
         <wf lemma="," pos="X">,</wf>
         <wf lemma="dass" pos="X">dass</wf>
         <wf lemma="d" pos="X">die</wf>
         <wf lemma="&quot;" pos="X">&quot;</wf>
         <wf lemma="Gelbe" pos="NOUN">Gelben</wf>
         <wf lemma="&quot;" pos="X">&quot;</wf>
         <wf lemma="d" pos="X">das</wf>
         <instance id="d000.s035.t000" lemma="Ruder" pos="NOUN">Ruder</instance>
         <wf lemma="umdrehen" pos="VERB">umdrehten</wf>
         <wf lemma="(" pos="X">(</wf>
         <wf lemma="@card@" pos="X">50-49</wf>
         <wf lemma=")" pos="X">)</wf>
         <wf lemma="." pos="X">.</wf>
      </sentence>
      <sentence id="d000.s036" source="semeval2013-de">
         <wf lemma="d" pos="X">Die</wf>
         <instance id="d000.s036.t000" lemma="Gespräch" pos="NOUN">Gespräche</instance>
         <wf lemma="bekommen" pos="VERB">bekamen</wf>
         <wf lemma="ein" pos="X">eine</wf>
         <wf lemma="neu" pos="X">neue</wf>
         <wf lemma="Dringlichkeit" pos="NOUN">Dringlichkeit</wf>
         <wf lemma="," pos="X">,</wf>
         <wf lemma="als" pos="X">als</wf>
         <wf lemma="d" pos="X">die</wf>
         <instance id="d000.s036.t001" lemma="Delegierte" pos="NOUN">Delegierten</instance>
         <wf lemma="er" pos="X">sich</wf>
         <wf lemma="auf" pos="X">auf</wf>
         <wf lemma="d" pos="X">die</wf>
         <instance id="d000.s036.t002" lemma="Tatsache" pos="NOUN">Tatsache</instance>
         <wf lemma="konzentrieren" pos="VERB">konzentrierten</wf>
         <wf lemma="," pos="X">,</wf>
         <wf lemma="dass" pos="X">dass</wf>
         <wf lemma="d" pos="X">die</wf>
         <wf lemma="meist" pos="X">meisten</wf>
         <wf lemma="offen" pos="X">offenen</wf>
         <instance id="d000.s036.t003" lemma="Frage" pos="NOUN">Fragen</instance>
         <wf lemma="noch" pos="ADV">noch</wf>
         <wf lemma="vor" pos="X">vor</wf>
         <wf lemma="d" pos="X">der</wf>
         <wf lemma="Ankunft" pos="NOUN">Ankunft</wf>
         <wf lemma="d" pos="X">der</wf>
         <wf lemma="Regierungsführer" pos="NOUN">Regierungsführer</wf>
         <wf lemma="klären" pos="VERB">geklärt</wf>
         <wf lemma="werden" pos="VERB">werden</wf>
         <wf lemma="müssen" pos="VERB">müssen</wf>
         <wf lemma="," pos="X">,</wf>
         <wf lemma="um" pos="X">um</wf>
         <wf lemma="zu" pos="X">zu</wf>
         <wf lemma="ein" pos="X">einer</wf>
         <wf lemma="Einigung" pos="NOUN">Einigung</wf>
         <wf lemma="zu" pos="X">zu</wf>
         <wf lemma="kommen" pos="VERB">kommen</wf>
         <wf lemma="." pos="X">.</wf>
      </sentence>
      <sentence id="d000.s037" source="semeval2013-de">
         <wf lemma="im" pos="X">Im</wf>
         <instance id="d000.s037.t000" lemma="Juni" pos="NOUN">Juni</instance>
         <wf lemma="haben" pos="VERB">hatten</wf>
         <wf lemma="bereits" pos="ADV">bereits</wf>
         <wf lemma="goldman_sachs" pos="NOUN">Goldman_Sachs</wf>
         <wf lemma="," pos="X">,</wf>
         <wf lemma="JP_Morgan_Chase" pos="NOUN">JP_Morgan_Chase</wf>
         <wf lemma="und" pos="X">und</wf>
         <wf lemma="morgan_stanley" pos="NOUN">Morgan_Stanley</wf>
         <wf lemma="ihr" pos="X">ihre</wf>
         <wf lemma="Hilfe" pos="NOUN">Hilfen</wf>
         <wf lemma="zurückzahlen" pos="VERB">zurückgezahlt</wf>
         <wf lemma="." pos="X">.</wf>
      </sentence>
      <sentence id="d000.s038" source="semeval2013-de">
         <wf lemma="ebenso" pos="ADV">Ebenso</wf>
         <wf lemma="wie" pos="X">wie</wf>
         <wf lemma="ein" pos="X">ein</wf>
         <instance id="d000.s038.t000" lemma="Chirurg" pos="NOUN">Chirurg</instance>
         <instance id="d000.s038.t001" lemma="Schwierigkeit" pos="NOUN">Schwierigkeiten</instance>
         <wf lemma="haben" pos="VERB">haben</wf>
         <wf lemma="werden" pos="VERB">würde</wf>
         <wf lemma="," pos="X">,</wf>
         <wf lemma="in" pos="X">in</wf>
         <wf lemma="ein" pos="X">einem</wf>
         <instance id="d000.s038.t002" lemma="Land" pos="NOUN">Land</instance>
         <wf lemma="zu" pos="X">zu</wf>
         <wf lemma="arbeiten" pos="VERB">arbeiten</wf>
         <wf lemma="," pos="X">,</wf>
         <wf lemma="in" pos="X">in</wf>
         <wf lemma="d" pos="X">dem</wf>
         <wf lemma="ein" pos="X">ein</wf>
         <instance id="d000.s038.t003" lemma="Mangel" pos="NOUN">Mangel</instance>
         <wf lemma="an" pos="X">an</wf>
         <instance id="d000.s038.t004" lemma="Anästhesist" pos="NOUN">Anästhesisten</instance>
         <wf lemma="herrschen" pos="VERB">herrscht</wf>
         <wf lemma="," pos="X">,</wf>
         <wf lemma="so" pos="ADV">so</wf>
         <wf lemma="bewirken" pos="VERB">bewirkt</wf>
         <wf lemma="dies" pos="X">diese</wf>
         <wf lemma="Komplementarität" pos="NOUN">Komplementarität</wf>
         <wf lemma="auch" pos="ADV">auch</wf>
         <wf lemma="zwischen" pos="X">zwischen</wf>
         <wf lemma="Einheimische" pos="NOUN">Einheimischen</wf>
         <wf lemma="und" pos="X">und</wf>
         <instance id="d000.s038.t005" lemma="Migranten" pos="NOUN">Migranten</instance>
         <wf lemma="ein" pos="X">einen</wf>
         <wf lemma="positiv" pos="X">positiven</wf>
         <wf lemma="Effekt" pos="NOUN">Effekt</wf>
         <wf lemma="d" pos="X">des</wf>
         <wf lemma="Einwandererzuzugs" pos="NOUN">Einwandererzuzugs</wf>
         <wf lemma="auf" pos="X">auf</wf>
         <instance id="d000.s038.t006" lemma="Lohn" pos="NOUN">Löhne</instance>
         <wf lemma="und" pos="X">und</wf>
         <wf lemma="innerstaatlich" pos="X">innerstaatliche</wf>
         <wf lemma="Arbeitsmarktsituation" pos="NOUN">Arbeitsmarktsituation</wf>
         <wf lemma="." pos="X">.</wf>
      </sentence>
      <sentence id="d000.s039" source="semeval2013-de">
         <wf lemma="d" pos="X">Dem</wf>
         <wf lemma="Prozeß" pos="NOUN">Prozess</wf>
         <wf lemma="werden" pos="VERB">wird</wf>
         <wf lemma="ein" pos="X">eine</wf>
         <wf lemma="groß" pos="X">große</wf>
         <instance id="d000.s039.t000" lemma="Flexibilität" pos="NOUN">Flexibilität</instance>
         <wf lemma="verleihen" pos="VERB">verliehen</wf>
         <wf lemma="," pos="X">,</wf>
         <wf lemma="so" pos="ADV">so</wf>
         <wf lemma="John" pos="NOUN">John</wf>
         <wf lemma="Coequyt" pos="X">Coequyt</wf>
         <wf lemma="," pos="X">,</wf>
         <wf lemma="leitender" pos="X">leitender</wf>
         <instance id="d000.s039.t001" lemma="Vertreter" pos="NOUN">Vertreter</instance>
         <wf lemma="d" pos="X">des</wf>
         <wf lemma="Sierra_Club" pos="NOUN">Sierra_Club</wf>
         <wf lemma="in" pos="X">in</wf>
         <instance id="d000.s039.t002" lemma="Washington" pos="NOUN">Washington</instance>
         <wf lemma="." pos="X">.</wf>
      </sentence>
      <sentence id="d000.s040" source="semeval2013-de">
         <wf lemma="dies" pos="X">Dies</wf>
         <wf lemma="sein" pos="VERB">ist</wf>
         <wf lemma="nicht" pos="X">nicht</wf>
         <wf lemma="d" pos="X">der</wf>
         <instance id="d000.s040.t000" lemma="Fall" pos="NOUN">Fall</instance>
         <wf lemma="." pos="X">.</wf>
      </sentence>
      <sentence id="d000.s041" source="semeval2013-de">
         <wf lemma="wir" pos="X">Wir</wf>
         <wf lemma="kommen" pos="VERB">kommen</wf>
         <wf lemma="zur" pos="X">zur</wf>
         <wf lemma="Oberliga" pos="NOUN">Oberliga</wf>
         <wf lemma="," pos="X">,</wf>
         <wf lemma="sagen" pos="VERB">sagte</wf>
         <wf lemma="Carlos" pos="NOUN">Carlos</wf>
         <wf lemma="Manuel" pos="NOUN">Manuel</wf>
         <wf lemma="Rodriguez" pos="NOUN">Rodriguez</wf>
         <wf lemma="," pos="X">,</wf>
         <instance id="d000.s041.t000" lemma="Vizepräsident" pos="NOUN">Vizepräsident</instance>
         <wf lemma="für" pos="X">für</wf>
         <wf lemma="global" pos="X">globale</wf>
         <wf lemma="Politik" pos="NOUN">Politik</wf>
         <wf lemma="d" pos="X">der</wf>
         <instance id="d000.s041.t001" lemma="Organisation" pos="NOUN">Organisation</instance>
         <wf lemma="conservation_international" pos="NOUN">Conservation_International</wf>
         <wf lemma="." pos="X">.</wf>
      </sentence>
      <sentence id="d000.s042" source="semeval2013-de">
         <wf lemma="als" pos="X">Als</wf>
         <wf lemma="d" pos="X">die</wf>
         <wf lemma="US-Immobilienblase" pos="NOUN">US-Immobilienblase</wf>
         <wf lemma="@card@" pos="X">2007</wf>
         <wf lemma="platzen" pos="VERB">platzte</wf>
         <wf lemma="," pos="X">,</wf>
         <wf lemma="werden" pos="VERB">wurde</wf>
         <wf lemma="dies" pos="X">dies</wf>
         <wf lemma="ein" pos="X">einer</wf>
         <instance id="d000.s042.t000" lemma="Vielzahl" pos="NOUN">Vielzahl</instance>
         <wf lemma="von" pos="X">von</wf>
         <wf lemma="Finanzfirma" pos="NOUN">Finanzfirmen</wf>
         <wf lemma="zum" pos="X">zum</wf>
         <wf lemma="Verhängnis" pos="NOUN">Verhängnis</wf>
         <wf lemma="." pos="X">.</wf>
      </sentence>
      <sentence id="d000.s043" source="semeval2013-de">
         <wf lemma="(" pos="X">(</wf>
         <wf lemma="laut" pos="X">Laut</wf>
         <instance id="d000.s043.t000" lemma="Bericht" pos="NOUN">Berichten</instance>
         <wf lemma="d" pos="X">der</wf>
         <wf lemma="UN-Wirtschaftskommission" pos="NOUN">UN-Wirtschaftskommission</wf>
         <wf lemma="für" pos="X">für</wf>
         <instance id="d000.s043.t001" lemma="Lateinamerika" pos="NOUN">Lateinamerika</instance>
         <wf lemma="von" pos="X">von</wf>
         <wf lemma="dies" pos="X">dieser</wf>
         <instance id="d000.s043.t002" lemma="Woche" pos="NOUN">Woche</instance>
         <wf lemma="steigen" pos="VERB">stieg</wf>
         <wf lemma="@card@" pos="X">2009</wf>
         <wf lemma="d" pos="X">die</wf>
         <wf lemma="Armutsrate" pos="NOUN">Armutsrate</wf>
         <wf lemma="in" pos="X">in</wf>
         <instance id="d000.s043.t003" lemma="Lateinamerika" pos="NOUN">Lateinamerika</instance>
         <wf lemma="nur" pos="ADV">nur</wf>
         <wf lemma="geringfügig" pos="X">geringfügig</wf>
         <wf lemma="an" pos="X">an</wf>
         <wf lemma="und" pos="X">und</wf>
         <wf lemma="sein" pos="VERB">ist</wf>
         <wf lemma="in" pos="X">in</wf>
         <wf lemma="dies" pos="X">diesem</wf>
         <instance id="d000.s043.t004" lemma="Jahr" pos="NOUN">Jahr</instance>
         <wf lemma="wieder" pos="ADV">wieder</wf>
         <wf lemma="um" pos="X">um</wf>
         <wf lemma="32" pos="X">32</wf>
         <instance id="d000.s043.t005" lemma="%" pos="NOUN">%</instance>
         <wf lemma="fallen" pos="VERB">gefallen</wf>
         <wf lemma="." pos="X">.</wf>
         <wf lemma=")" pos="X">)</wf>
      </sentence>
      <sentence id="d000.s044" source="semeval2013-de">
         <wf lemma="d" pos="X">Die</wf>
         <wf lemma="Twitter-Angelegenheit" pos="NOUN">Twitter-Angelegenheit</wf>
         <wf lemma="sein" pos="VERB">ist</wf>
         <wf lemma="nur" pos="ADV">nur</wf>
         <wf lemma="ein" pos="X">eine</wf>
         <wf lemma="von" pos="X">von</wf>
         <wf lemma="viel" pos="X">vielen</wf>
         <wf lemma="," pos="X">,</wf>
         <wf lemma="d" pos="X">die</wf>
         <wf lemma="d" pos="X">die</wf>
         <instance id="d000.s044.t000" lemma="Rechtsanwalt" pos="NOUN">Rechtsanwälte</instance>
         <wf lemma="von" pos="X">von</wf>
         <wf lemma="Mr." pos="NOUN">Mr.</wf>
         <wf lemma="Hayes" pos="NOUN">Hayes</wf>
         <wf lemma="darlegen" pos="VERB">darlegen</wf>
         <wf lemma="," pos="X">,</wf>
         <wf lemma="um" pos="X">um</wf>
         <wf lemma="auf" pos="X">auf</wf>
         <instance id="d000.s044.t001" lemma="Jahr" pos="NOUN">Jahre</instance>
         <wf lemma="zu" pos="X">zu</wf>
         <wf lemma="diskutieren" pos="VERB">diskutieren</wf>
         <wf lemma="und" pos="X">und</wf>
         <wf lemma="somit" pos="ADV">somit</wf>
         <wf lemma="ein" pos="X">eine</wf>
         <instance id="d000.s044.t002" lemma="Verurteilung" pos="NOUN">Verurteilung</instance>
         <wf lemma="hinauszögern" pos="VERB">hinauszuzögern</wf>
         <wf lemma="." pos="X">.</wf>
      </sentence>
      <sentence id="d000.s045" source="semeval2013-de">
         <instance id="d000.s045.t000" lemma="Dienst" pos="NOUN">Dienst</instance>
         <wf lemma="haben" pos="VERB">hatte</wf>
         <wf lemma="unter" pos="X">unter</wf>
         <wf lemma="ander" pos="X">anderem</wf>
         <wf lemma="Mitch_McConnell" pos="NOUN">Mitch_McConnell</wf>
         <wf lemma="," pos="X">,</wf>
         <wf lemma="d" pos="X">der</wf>
         <wf lemma="Fraktionschef" pos="NOUN">Fraktionschef</wf>
         <wf lemma="d" pos="X">der</wf>
         <wf lemma="Republikaner" pos="NOUN">Republikaner</wf>
         <wf lemma="im" pos="X">im</wf>
         <instance id="d000.s045.t001" lemma="Senat" pos="NOUN">Senat</instance>
         <wf lemma="und" pos="X">und</wf>
         <wf lemma="ein" pos="X">ein</wf>
         <wf lemma="erklärt" pos="X">erklärter</wf>
         <wf lemma="Gegner" pos="NOUN">Gegner</wf>
         <wf lemma="d" pos="X">der</wf>
         <wf lemma="Gesundheitsreform" pos="NOUN">Gesundheitsreform</wf>
      </sentence>
      <sentence id="d000.s046" source="semeval2013-de">
         <wf lemma="Kriminalität" pos="NOUN">Kriminalität</wf>
         <wf lemma="sein" pos="VERB">ist</wf>
         <wf lemma="ein" pos="X">ein</wf>
         <wf lemma="groß" pos="X">größeres</wf>
         <instance id="d000.s046.t000" lemma="Problem" pos="NOUN">Problem</instance>
         <wf lemma="als" pos="X">als</wf>
         <wf lemma="d" pos="X">die</wf>
         <instance id="d000.s046.t001" lemma="Arbeitslosigkeit" pos="NOUN">Arbeitslosigkeit</instance>
         <wf lemma="." pos="X">.</wf>
      </sentence>
      <sentence id="d000.s047" source="semeval2013-de">
         <wf lemma="doch" pos="X">Doch</wf>
         <wf lemma="ihr" pos="X">ihre</wf>
         <wf lemma="Argument" pos="NOUN">Argumente</wf>
         <wf lemma="über" pos="X">über</wf>
         <wf lemma="d" pos="X">den</wf>
         <instance id="d000.s047.t000" lemma="Einfluss" pos="NOUN">Einfluss</instance>
         <wf lemma="d" pos="X">der</wf>
         <wf lemma="ausführlich" pos="X">ausführlichen</wf>
         <instance id="d000.s047.t001" lemma="Berichterstattung" pos="NOUN">Berichterstattung</instance>
         <wf lemma="über" pos="X">über</wf>
         <wf lemma="d" pos="X">den</wf>
         <wf lemma="Prozeß" pos="NOUN">Prozess</wf>
         <wf lemma="zeihen" pos="VERB">zieht</wf>
         <wf lemma="vielleicht" pos="ADV">vielleicht</wf>
         <wf lemma="d" pos="X">das</wf>
         <wf lemma="groß" pos="X">größte</wf>
         <instance id="d000.s047.t002" lemma="Interesse" pos="NOUN">Interesse</instance>
         <wf lemma="auf" pos="X">auf</wf>
         <wf lemma="er" pos="X">sich</wf>
         <wf lemma="." pos="X">.</wf>
      </sentence>
      <sentence id="d000.s048" source="semeval2013-de">
         <wf lemma="von" pos="X">Von</wf>
         <wf lemma="beide" pos="X">beiden</wf>
         <wf lemma="Lager" pos="NOUN">Lagern</wf>
         <wf lemma="werden" pos="VERB">wurden</wf>
         <wf lemma="d" pos="X">die</wf>
         <instance id="d000.s048.t000" lemma="Einwanderer" pos="NOUN">Einwanderer</instance>
         <wf lemma="als" pos="X">als</wf>
         <wf lemma="Last" pos="NOUN">Last</wf>
         <wf lemma="für" pos="X">für</wf>
         <wf lemma="d" pos="X">die</wf>
         <instance id="d000.s048.t001" lemma="Wirtschaft" pos="NOUN">Wirtschaft</instance>
         <wf lemma="und" pos="X">und</wf>
         <wf lemma="d" pos="X">die</wf>
         <wf lemma="französisch" pos="X">französische</wf>
         <instance id="d000.s048.t002" lemma="Gesellschaft" pos="NOUN">Gesellschaft</instance>
         <wf lemma="wahrnehmen" pos="VERB">wahrgenommen</wf>
         <wf lemma="." pos="X">.</wf>
      </sentence>
      <sentence id="d000.s049" source="semeval2013-de">
         <wf lemma="d" pos="X">Das</wf>
         <wf lemma="zweit" pos="X">zweite</wf>
         <instance id="d000.s049.t000" lemma="Viertel" pos="NOUN">Viertel</instance>
         <wf lemma="sein" pos="VERB">war</wf>
         <wf lemma="kaum" pos="ADV">kaum</wf>
         <wf lemma="anders" pos="ADV">anders</wf>
         <wf lemma="," pos="X">,</wf>
         <wf lemma="nur" pos="ADV">nur</wf>
         <wf lemma="dass" pos="X">dass</wf>
         <wf lemma="er" pos="X">sich</wf>
         <wf lemma="d" pos="X">die</wf>
         <wf lemma="Mannschaft" pos="NOUN">Mannschaft</wf>
         <wf lemma="aus" pos="X">aus</wf>
         <wf lemma="Álava" pos="VERB">Álava</wf>
         <wf lemma="er" pos="X">sich</wf>
         <wf lemma="für" pos="X">für</wf>
         <wf lemma="ein" pos="X">ein</wf>
         <wf lemma="innenseitiges" pos="X">innenseitiges</wf>
         <instance id="d000.s049.t001" lemma="Spiel" pos="NOUN">Spiel</instance>
         <wf lemma="von" pos="X">von</wf>
         <wf lemma="Barac" pos="NOUN">Barac</wf>
         <wf lemma="entscheiden" pos="VERB">entschied</wf>
         <wf lemma="und" pos="X">und</wf>
         <wf lemma="für" pos="X">für</wf>
         <wf lemma="d" pos="X">das</wf>
         <instance id="d000.s049.t002" lemma="Spiel" pos="NOUN">Spiel</instance>
         <wf lemma="von" pos="X">von</wf>
         <wf lemma="Eliyahu" pos="NOUN">Eliyahu</wf>
         <wf lemma="," pos="X">,</wf>
         <wf lemma="d" pos="X">der</wf>
         <wf lemma="bei" pos="X">bei</wf>
         <wf lemma="sein" pos="X">seiner</wf>
         <instance id="d000.s049.t003" lemma="Rückkehr" pos="NOUN">Rückkehr</instance>
         <wf lemma="zu" pos="X">zu</wf>
         <wf lemma="d" pos="X">der</wf>
         <wf lemma="Mannschaft" pos="NOUN">Mannschaft</wf>
         <wf lemma="mit" pos="X">mit</wf>
         <wf lemma="Pfiff" pos="NOUN">Pfiffen</wf>
         <wf lemma="und" pos="X">und</wf>
         <instance id="d000.s049.t004" lemma="Applaus" pos="NOUN">Applaus</instance>
         <wf lemma="empfangen" pos="VERB">empfangen</wf>
         <wf lemma="werden" pos="VERB">wurde</wf>
         <wf lemma="," pos="X">,</wf>
         <wf lemma="d" pos="X">die</wf>
         <wf lemma="sein" pos="X">sein</wf>
         <wf lemma="Zuhause" pos="NOUN">Zuhause</wf>
         <wf lemma="sein" pos="VERB">ist</wf>
         <wf lemma="," pos="X">,</wf>
         <wf lemma="um" pos="X">um</wf>
         <wf lemma="ihr" pos="X">ihren</wf>
         <instance id="d000.s049.t005" lemma="Vorteil" pos="NOUN">Vorteil</instance>
         <wf lemma="weiter" pos="X">weiter</wf>
         <wf lemma="bis" pos="X">bis</wf>
         <wf lemma="zur" pos="X">zur</wf>
         <instance id="d000.s049.t006" lemma="Pause" pos="NOUN">Pause</instance>
         <wf lemma="ausbauen" pos="VERB">auszubauen</wf>
         <wf lemma="(" pos="X">(</wf>
         <wf lemma="@card@" pos="X">34-43</wf>
         <wf lemma=")" pos="X">)</wf>
         <wf lemma="." pos="X">.</wf>
      </sentence>
      <sentence id="d000.s050" source="semeval2013-de">
         <wf lemma="d" pos="X">Der</wf>
         <wf lemma="Finanzmarktregulierer" pos="NOUN">Finanzmarktregulierer</wf>
         <wf lemma="NCUA" pos="NOUN">NCUA</wf>
         <wf lemma="werfen" pos="VERB">wirft</wf>
         <wf lemma="ein" pos="X">einer</wf>
         <wf lemma="ganz" pos="X">ganzen</wf>
         <wf lemma="Reihe" pos="NOUN">Reihe</wf>
         <wf lemma="an" pos="X">an</wf>
         <wf lemma="Großbank" pos="NOUN">Großbanken</wf>
         <wf lemma="vor" pos="X">vor</wf>
         <wf lemma="," pos="X">,</wf>
         <wf lemma="d" pos="X">die</wf>
         <instance id="d000.s050.t000" lemma="Genossenschaftsbank" pos="NOUN">Genossenschaftsbanken</instance>
         <wf lemma="mit" pos="X">mit</wf>
         <wf lemma="falsch" pos="X">falschen</wf>
         <wf lemma="Versprechung" pos="NOUN">Versprechungen</wf>
         <wf lemma="zum" pos="X">zum</wf>
         <instance id="d000.s050.t001" lemma="Kauf" pos="NOUN">Kauf</instance>
         <wf lemma="d" pos="X">der</wf>
         <wf lemma="Finanzprodukt" pos="NOUN">Finanzprodukte</wf>
         <wf lemma="verleiten" pos="VERB">verleitet</wf>
         <wf lemma="zu" pos="X">zu</wf>
         <wf lemma="haben" pos="VERB">haben</wf>
         <wf lemma=";" pos="X">;</wf>
         <wf lemma="sie" pos="X">sie</wf>
         <wf lemma="haben" pos="VERB">hätten</wf>
         <wf lemma="d" pos="X">die</wf>
         <instance id="d000.s050.t002" lemma="Risiko" pos="NOUN">Risiken</instance>
         <wf lemma="herunterspielen" pos="VERB">heruntergespielt</wf>
         <wf lemma="." pos="X">.</wf>
      </sentence>
      <sentence id="d000.s051" source="semeval2013-de">
         <wf lemma="in" pos="X">In</wf>
         <wf lemma="ihr" pos="X">ihrem</wf>
         <instance id="d000.s051.t000" lemma="Einspruch" pos="NOUN">Einspruch</instance>
         <wf lemma="beziehen" pos="VERB">bezogen</wf>
         <wf lemma="sie" pos="X">sie</wf>
         <wf lemma="er" pos="X">sich</wf>
         <wf lemma="auf" pos="X">auf</wf>
         <wf lemma="d" pos="X">die</wf>
         <instance id="d000.s051.t001" lemma="Entscheidung" pos="NOUN">Entscheidung</instance>
         <wf lemma="d" pos="X">des</wf>
         <instance id="d000.s051.t002" lemma="Oberster_Gerichtshof" pos="NOUN">Obersten_Gerichtshof</instance>
         <wf lemma="von" pos="X">von</wf>
         <wf lemma="@card@" pos="X">1966</wf>
         <wf lemma="," pos="X">,</wf>
         <wf lemma="in" pos="X">in</wf>
         <wf lemma="d" pos="X">dem</wf>
         <wf lemma="d" pos="X">die</wf>
         <instance id="d000.s051.t003" lemma="Verurteilung" pos="NOUN">Verurteilung</instance>
         <wf lemma="von" pos="X">von</wf>
         <wf lemma="Dr." pos="NOUN">Dr.</wf>
         <wf lemma="Sheppard" pos="NOUN">Sheppard</wf>
         <wf lemma="aufgrund" pos="X">aufgrund</wf>
         <wf lemma="d" pos="X">der</wf>
         <instance id="d000.s051.t004" lemma="Berichterstattung" pos="NOUN">Berichterstattung</instance>
         <wf lemma="aufheben" pos="VERB">aufgehoben</wf>
         <wf lemma="werden" pos="VERB">wurde</wf>
         <wf lemma="und" pos="X">und</wf>
         <wf lemma="machen" pos="VERB">machten</wf>
         <wf lemma="deutlich" pos="X">deutlich</wf>
         <wf lemma="," pos="X">,</wf>
         <wf lemma="dass" pos="X">dass</wf>
         <wf lemma="d" pos="X">die</wf>
         <wf lemma="Neue_Medien" pos="NOUN">Neuen_Medien</wf>
         <wf lemma="neu" pos="X">neue</wf>
         <wf lemma="Regel" pos="NOUN">Regeln</wf>
         <wf lemma="erfordern" pos="VERB">erfordern</wf>
         <wf lemma="." pos="X">.</wf>
      </sentence>
      <sentence id="d000.s052" source="semeval2013-de">
         <wf lemma="trotzdem" pos="X">Trotzdem</wf>
         <wf lemma="," pos="X">,</wf>
         <wf lemma="und" pos="X">und</wf>
         <wf lemma="obwohl" pos="X">obwohl</wf>
         <wf lemma="Splitter" pos="NOUN">Splitter</wf>
         <wf lemma="wegen" pos="X">wegen</wf>
         <wf lemma="Foul" pos="NOUN">Fouls</wf>
         <wf lemma="vom" pos="X">vom</wf>
         <wf lemma="Platz" pos="NOUN">Platz</wf>
         <wf lemma="stellen" pos="VERB">gestellt</wf>
         <wf lemma="werden" pos="VERB">wurde</wf>
         <wf lemma="," pos="X">,</wf>
         <wf lemma="geben" pos="VERB">gab</wf>
         <wf lemma="d" pos="X">das</wf>
         <instance id="d000.s052.t000" lemma="Team" pos="NOUN">Team</instance>
         <wf lemma="von" pos="X">von</wf>
         <wf lemma="Ivanovic" pos="NOUN">Ivanovic</wf>
         <wf lemma="nicht" pos="X">nicht</wf>
         <wf lemma="auf" pos="X">auf</wf>
         <wf lemma="," pos="X">,</wf>
         <wf lemma="verteidigen" pos="VERB">verteidigte</wf>
         <wf lemma="er" pos="X">sich</wf>
         <wf lemma="gut" pos="X">gut</wf>
         <wf lemma="und" pos="X">und</wf>
         <wf lemma="obwohl" pos="X">obwohl</wf>
         <wf lemma="d" pos="X">die</wf>
         <instance id="d000.s052.t001" lemma="Israeli" pos="NOUN">Israelis</instance>
         <wf lemma="noch" pos="ADV">noch</wf>
         <wf lemma="in" pos="X">in</wf>
         <wf lemma="d" pos="X">der</wf>
         <wf lemma="letzt" pos="X">letzten</wf>
         <instance id="d000.s052.t002" lemma="Minute" pos="NOUN">Minute</instance>
         <wf lemma="aufholen" pos="VERB">aufholten</wf>
         <wf lemma="(" pos="X">(</wf>
         <wf lemma="@card@" pos="X">80-85</wf>
         <wf lemma=")" pos="X">)</wf>
         <wf lemma="," pos="X">,</wf>
         <wf lemma="haben" pos="VERB">hatte</wf>
         <wf lemma="d" pos="X">das</wf>
         <instance id="d000.s052.t003" lemma="Spiel" pos="NOUN">Spiel</instance>
         <wf lemma="bereits" pos="ADV">bereits</wf>
         <wf lemma="ein" pos="X">einen</wf>
         <wf lemma="Sieger" pos="NOUN">Sieger</wf>
         <wf lemma="und" pos="X">und</wf>
         <wf lemma="tel_aviv" pos="NOUN">Tel_Aviv</wf>
         <wf lemma="verlieren" pos="VERB">verlor</wf>
         <wf lemma="zum" pos="X">zum</wf>
         <wf lemma="erst" pos="X">ersten</wf>
         <wf lemma="Mal" pos="NOUN">Mal</wf>
         <wf lemma="in" pos="X">in</wf>
         <wf lemma="dies" pos="X">dieser</wf>
         <instance id="d000.s052.t004" lemma="Saison" pos="NOUN">Saison</instance>
         <wf lemma="." pos="X">.</wf>
      </sentence>
      <sentence id="d000.s053" source="semeval2013-de">
         <wf lemma="dies" pos="X">Diese</wf>
         <wf lemma="Zahl" pos="NOUN">Zahl</wf>
         <wf lemma="erreichen" pos="VERB">erreichte</wf>
         <wf lemma="er" pos="X">er</wf>
         <wf lemma="am" pos="X">am</wf>
         <wf lemma="letzt" pos="X">letzten</wf>
         <instance id="d000.s053.t000" lemma="Freitag" pos="NOUN">Freitag</instance>
         <wf lemma="mit" pos="X">mit</wf>
         <wf lemma="d" pos="X">dem</wf>
         <instance id="d000.s053.t001" lemma="Spiel" pos="NOUN">Spiel</instance>
         <wf lemma="gegen" pos="X">gegen</wf>
         <instance id="d000.s053.t002" lemma="Panama" pos="NOUN">Panama</instance>
         <wf lemma="(" pos="X">(</wf>
         <wf lemma="@card@" pos="X">0-2</wf>
         <wf lemma=")" pos="X">)</wf>
         <wf lemma="im" pos="X">im</wf>
         <wf lemma="rommel_fernández" pos="NOUN">Rommel_Fernández</wf>
         <wf lemma="." pos="X">.</wf>
      </sentence>
      <sentence id="d000.s054" source="semeval2013-de">
         <wf lemma="d" pos="X">Die</wf>
         <wf lemma="Bank_of_America" pos="NOUN">Bank_of_America</wf>
         <wf lemma="haben" pos="VERB">hat</wf>
         <wf lemma="am" pos="X">am</wf>
         <instance id="d000.s054.t000" lemma="Mittwoch" pos="NOUN">Mittwoch</instance>
         <wf lemma="d" pos="X">die</wf>
         <wf lemma="Hilfe" pos="NOUN">Hilfen</wf>
         <wf lemma="aus" pos="X">aus</wf>
         <wf lemma="d" pos="X">dem</wf>
         <wf lemma="Bankenrettungsfonds" pos="NOUN">Bankenrettungsfonds</wf>
         <wf lemma="Tarp" pos="NOUN">Tarp</wf>
         <wf lemma="in" pos="X">in</wf>
         <instance id="d000.s054.t001" lemma="Höhe" pos="NOUN">Höhe</instance>
         <wf lemma="von" pos="X">von</wf>
         <wf lemma="insgesamt" pos="ADV">insgesamt</wf>
         <wf lemma="45" pos="X">45</wf>
         <wf lemma="Milliarde" pos="NOUN">Milliarden</wf>
         <instance id="d000.s054.t002" lemma="Dollar" pos="NOUN">Dollar</instance>
         <wf lemma="(" pos="X">(</wf>
         <wf lemma="gut" pos="X">gut</wf>
         <wf lemma="30" pos="X">30</wf>
         <wf lemma="Milliarde" pos="NOUN">Milliarden</wf>
         <instance id="d000.s054.t003" lemma="Euro" pos="NOUN">Euro</instance>
         <wf lemma=")" pos="X">)</wf>
         <wf lemma="auf" pos="X">auf</wf>
         <wf lemma="ein" pos="X">einen</wf>
         <instance id="d000.s054.t004" lemma="Schlag" pos="NOUN">Schlag</instance>
         <wf lemma="zurückzahlen" pos="VERB">zurückgezahlt</wf>
         <wf lemma="." pos="X">.</wf>
      </sentence>
      <sentence id="d000.s055" source="semeval2013-de">
         <wf lemma="da" pos="X">Da</wf>
         <wf lemma="d" pos="X">die</wf>
         <wf lemma="erst" pos="X">ersten</wf>
         <wf lemma="vier" pos="X">vier</wf>
         <instance id="d000.s055.t000" lemma="Korb" pos="NOUN">Körbe</instance>
         <wf lemma="d" pos="X">der</wf>
         <wf lemma="Mannschaft" pos="NOUN">Mannschaft</wf>
         <wf lemma="aus" pos="X">aus</wf>
         <wf lemma="Vitoria" pos="NOUN">Vitoria</wf>
         <wf lemma="bereits" pos="ADV">bereits</wf>
         <wf lemma="aus" pos="X">aus</wf>
         <wf lemma="d" pos="X">dem</wf>
         <wf lemma="Perimeter" pos="NOUN">Perimeter</wf>
         <wf lemma="heraus" pos="ADV">heraus</wf>
         <wf lemma="kommen" pos="VERB">kamen</wf>
         <wf lemma="," pos="X">,</wf>
         <wf lemma="können" pos="VERB">konnte</wf>
         <wf lemma="man" pos="X">man</wf>
         <wf lemma="bereits" pos="ADV">bereits</wf>
         <wf lemma="erahnen" pos="VERB">erahnen</wf>
         <wf lemma="," pos="X">,</wf>
         <wf lemma="dass" pos="X">dass</wf>
         <wf lemma="sie" pos="X">sie</wf>
         <wf lemma="auf" pos="X">auf</wf>
         <wf lemma="d" pos="X">das</wf>
         <instance id="d000.s055.t001" lemma="Spielfeld" pos="NOUN">Spielfeld</instance>
         <wf lemma="mit" pos="X">mit</wf>
         <wf lemma="gut" pos="X">gut</wf>
         <wf lemma="aufgewärmt" pos="X">aufgewärmten</wf>
         <instance id="d000.s055.t002" lemma="Handgelenk" pos="NOUN">Handgelenken</instance>
         <wf lemma="kommen" pos="VERB">gekommen</wf>
         <wf lemma="sein" pos="VERB">waren</wf>
         <wf lemma="." pos="X">.</wf>
      </sentence>
      <sentence id="d000.s056" source="semeval2013-de">
         <wf lemma="d" pos="X">Der</wf>
         <instance id="d000.s056.t000" lemma="Irak" pos="NOUN">Irak</instance>
         <wf lemma="haben" pos="VERB">hat</wf>
         <wf lemma="endlich" pos="ADV">endlich</wf>
         <wf lemma="nach" pos="X">nach</wf>
         <wf lemma="6" pos="X">6</wf>
         <instance id="d000.s056.t001" lemma="Jahr" pos="NOUN">Jahren</instance>
         <instance id="d000.s056.t002" lemma="Krieg" pos="NOUN">Krieg</instance>
         <wf lemma="sein" pos="X">seine</wf>
         <instance id="d000.s056.t003" lemma="Tor" pos="NOUN">Tore</instance>
         <wf lemma="öffnen" pos="VERB">geöffnet</wf>
         <wf lemma="und" pos="X">und</wf>
         <wf lemma="anstelle" pos="X">anstelle</wf>
         <wf lemma="von" pos="X">von</wf>
         <wf lemma="US-Unternehmen" pos="NOUN">US-Unternehmen</wf>
         <wf lemma="geben" pos="VERB">geben</wf>
         <wf lemma="Asiatische" pos="NOUN">Asiatische</wf>
         <wf lemma="und" pos="X">und</wf>
         <wf lemma="Europäische" pos="NOUN">Europäische</wf>
         <wf lemma="d" pos="X">den</wf>
         <instance id="d000.s056.t004" lemma="Weg" pos="NOUN">Weg</instance>
         <wf lemma="vor" pos="X">vor</wf>
         <wf lemma="," pos="X">,</wf>
         <wf lemma="sagen" pos="VERB">sagte</wf>
         <wf lemma="Ruba" pos="NOUN">Ruba</wf>
         <wf lemma="Husari" pos="NOUN">Husari</wf>
         <wf lemma="," pos="X">,</wf>
         <wf lemma="d" pos="X">der</wf>
         <wf lemma="Herausgeber" pos="NOUN">Herausgeber</wf>
         <wf lemma="von" pos="X">von</wf>
         <wf lemma="Iraq" pos="NOUN">Iraq</wf>
         <wf lemma="Oil" pos="X">Oil</wf>
         <wf lemma="Forum" pos="NOUN">Forum</wf>
         <wf lemma="," pos="X">,</wf>
         <wf lemma="ein" pos="X">einem</wf>
         <wf lemma="Online-Nachrichtendienst" pos="NOUN">Online-Nachrichtendienst</wf>
         <wf lemma="." pos="X">.</wf>
      </sentence>
      <sentence id="d000.s057" source="semeval2013-de">
         <wf lemma="obwohl" pos="X">Obwohl</wf>
         <wf lemma="d" pos="X">die</wf>
         <wf lemma="Grenze" pos="NOUN">Grenze</wf>
         <wf lemma="zwischen" pos="X">zwischen</wf>
         <wf lemma="Erfindungsgabe" pos="NOUN">Erfindungsgabe</wf>
         <wf lemma="und" pos="X">und</wf>
         <wf lemma="Regelumgebung" pos="NOUN">Regelumgebung</wf>
         <wf lemma="verwischen" pos="VERB">verwischt</wf>
         <wf lemma="sein" pos="VERB">ist</wf>
         <wf lemma="," pos="X">,</wf>
         <wf lemma="glauben" pos="VERB">glaube</wf>
         <wf lemma="ich" pos="X">ich</wf>
         <wf lemma="," pos="X">,</wf>
         <wf lemma="dass" pos="X">dass</wf>
         <wf lemma="es" pos="X">es</wf>
         <wf lemma="er" pos="X">sich</wf>
         <wf lemma="bei" pos="X">bei</wf>
         <wf lemma="dies" pos="X">dieser</wf>
         <wf lemma="Angelegenheit" pos="NOUN">Angelegenheit</wf>
         <wf lemma="um" pos="X">um</wf>
         <wf lemma="ein" pos="X">einen</wf>
         <wf lemma="klar" pos="X">klaren</wf>
         <instance id="d000.s057.t000" lemma="Fall" pos="NOUN">Fall</instance>
         <wf lemma="von" pos="X">von</wf>
         <wf lemma="Erfindungsgabe" pos="NOUN">Erfindungsgabe</wf>
         <wf lemma="handeln" pos="VERB">handelt</wf>
         <wf lemma="." pos="X">.</wf>
      </sentence>
      <sentence id="d000.s058" source="semeval2013-de">
         <wf lemma="trotz" pos="X">Trotz</wf>
         <instance id="d000.s058.t000" lemma="Bedenken" pos="NOUN">Bedenken</instance>
         <wf lemma="wegen" pos="X">wegen</wf>
         <instance id="d000.s058.t001" lemma="Gewalt" pos="NOUN">Gewalt</instance>
         <wf lemma="und" pos="X">und</wf>
         <wf lemma="politisch" pos="X">politischer</wf>
         <instance id="d000.s058.t002" lemma="Instabilität" pos="NOUN">Instabilität</instance>
         <wf lemma="haben" pos="VERB">hat</wf>
         <wf lemma="d" pos="X">die</wf>
         <wf lemma="irakisch" pos="X">irakische</wf>
         <instance id="d000.s058.t003" lemma="Regierung" pos="NOUN">Regierung</instance>
         <wf lemma="bei" pos="X">bei</wf>
         <wf lemma="zwei" pos="X">zwei</wf>
         <wf lemma="am" pos="X">am</wf>
         <instance id="d000.s058.t004" lemma="Samstag" pos="NOUN">Samstag</instance>
         <wf lemma="abgeschlossen" pos="X">abgeschlossenen</wf>
         <instance id="d000.s058.t005" lemma="Auktion" pos="NOUN">Auktionen</instance>
         <wf lemma="groß" pos="X">größere</wf>
         <instance id="d000.s058.t006" lemma="Ölgesellschaft" pos="NOUN">Ölgesellschaften</instance>
         <wf lemma="dazu" pos="X">dazu</wf>
         <wf lemma="bringen" pos="VERB">bringen</wf>
         <wf lemma="können" pos="VERB">können</wf>
         <wf lemma="," pos="X">,</wf>
         <wf lemma="sein" pos="X">seine</wf>
         <wf lemma="geschädigt" pos="X">geschädigte</wf>
         <instance id="d000.s058.t007" lemma="Infrastruktur" pos="NOUN">Infrastruktur</instance>
         <wf lemma="wieder" pos="ADV">wieder</wf>
         <wf lemma="aufbauen" pos="VERB">aufzubauen</wf>
         <wf lemma="." pos="X">.</wf>
      </sentence>
      <sentence id="d000.s059" source="semeval2013-de">
         <wf lemma="während" pos="X">Während</wf>
         <wf lemma="Nacho" pos="X">Nacho</wf>
         <wf lemma="Moreal" pos="NOUN">Moreal</wf>
         <wf lemma="nur" pos="ADV">nur</wf>
         <wf lemma="vier" pos="X">vier</wf>
         <instance id="d000.s059.t000" lemma="Spiel" pos="NOUN">Spiele</instance>
         <wf lemma="haben" pos="VERB">hat</wf>
         <wf lemma="und" pos="X">und</wf>
         <wf lemma="jordi_alba" pos="NOUN">Jordi_Alba</wf>
         <wf lemma="zwei" pos="X">zwei</wf>
         <wf lemma="," pos="X">,</wf>
         <wf lemma="verzeichnen" pos="VERB">verzeichnet</wf>
         <wf lemma="in" pos="X">in</wf>
         <instance id="d000.s059.t001" lemma="costa_rica" pos="NOUN">Costa_Rica</instance>
         <wf lemma="Víctor" pos="NOUN">Víctor</wf>
         <wf lemma="Bolívar" pos="NOUN">Bolívar</wf>
         <wf lemma="nur" pos="ADV">nur</wf>
         <wf lemma="eins" pos="X">eins</wf>
         <wf lemma="und" pos="X">und</wf>
         <wf lemma="Ólman" pos="NOUN">Ólman</wf>
         <wf lemma="Vargas" pos="NOUN">Vargas</wf>
         <wf lemma="und" pos="X">und</wf>
         <wf lemma="Edder" pos="NOUN">Edder</wf>
         <wf lemma="Nelson" pos="NOUN">Nelson</wf>
         <wf lemma="haben" pos="VERB">hatten</wf>
         <wf lemma="ihr" pos="X">ihr</wf>
         <wf lemma="Debüt" pos="NOUN">Debüt</wf>
         <wf lemma="noch" pos="ADV">noch</wf>
         <wf lemma="nicht" pos="X">nicht</wf>
         <wf lemma="." pos="X">.</wf>
      </sentence>
      <sentence id="d000.s060" source="semeval2013-de">
         <wf lemma="Ihr" pos="X">Ihre</wf>
         <instance id="d000.s060.t000" lemma="Kritiker" pos="NOUN">Kritiker</instance>
         <wf lemma="drängen" pos="VERB">drängten</wf>
         <wf lemma="Kagan" pos="NOUN">Kagan</wf>
         <wf lemma="," pos="X">,</wf>
         <wf lemma="er" pos="X">sich</wf>
         <wf lemma="selbst" pos="ADV">selbst</wf>
         <wf lemma="von" pos="X">von</wf>
         <wf lemma="d" pos="X">der</wf>
         <instance id="d000.s060.t001" lemma="Anhörung" pos="NOUN">Anhörung</instance>
         <wf lemma="d" pos="X">des</wf>
         <instance id="d000.s060.t002" lemma="Fall" pos="NOUN">Falles</instance>
         <wf lemma="wegen" pos="X">wegen</wf>
         <wf lemma="Voreingenommenheit" pos="NOUN">Voreingenommenheit</wf>
         <wf lemma="zurückziehen" pos="VERB">zurückzuziehen</wf>
         <wf lemma="," pos="X">,</wf>
         <wf lemma="da" pos="X">da</wf>
         <wf lemma="sie" pos="X">sie</wf>
         <wf lemma="zu" pos="X">zu</wf>
         <wf lemma="sehr" pos="ADV">sehr</wf>
         <wf lemma="in" pos="X">in</wf>
         <wf lemma="d" pos="X">der</wf>
         <wf lemma="Verteidigung" pos="NOUN">Verteidigung</wf>
         <wf lemma="d" pos="X">des</wf>
         <instance id="d000.s060.t003" lemma="Gesetz" pos="NOUN">Gesetzes</instance>
         <wf lemma="engagieren" pos="VERB">engagiert</wf>
         <wf lemma="sein" pos="VERB">sei</wf>
         <wf lemma="," pos="X">,</wf>
         <wf lemma="um" pos="X">um</wf>
         <wf lemma="unvoreingenommen" pos="X">unvoreingenommen</wf>
         <wf lemma="zu" pos="X">zu</wf>
         <wf lemma="sein" pos="VERB">sein</wf>
         <wf lemma="." pos="X">.</wf>
      </sentence>
      <sentence id="d000.s061" source="semeval2013-de">
         <wf lemma="d" pos="X">Der</wf>
         <instance id="d000.s061.t000" lemma="Text" pos="NOUN">Text</instance>
         <wf lemma="," pos="X">,</wf>
         <wf lemma="d" pos="X">der</wf>
         <wf lemma="von" pos="X">von</wf>
         <wf lemma="ein" pos="X">einer</wf>
         <wf lemma="eigens" pos="ADV">eigens</wf>
         <wf lemma="dafür" pos="X">dafür</wf>
         <wf lemma="geschafft" pos="X">geschaffenen</wf>
         <wf lemma="UN-Arbeitsgruppe" pos="NOUN">UN-Arbeitsgruppe</wf>
         <wf lemma="formulieren" pos="VERB">formuliert</wf>
         <wf lemma="werden" pos="VERB">wurde</wf>
         <wf lemma="," pos="X">,</wf>
         <wf lemma="schweigen" pos="VERB">schweigt</wf>
         <wf lemma="er" pos="X">sich</wf>
         <wf lemma="über" pos="X">über</wf>
         <wf lemma="d" pos="X">die</wf>
         <instance id="d000.s061.t001" lemma="Geldmenge" pos="NOUN">Geldmenge</instance>
         <wf lemma="aus" pos="X">aus</wf>
         <wf lemma="," pos="X">,</wf>
         <wf lemma="d" pos="X">die</wf>
         <wf lemma="reich" pos="X">reiche</wf>
         <instance id="d000.s061.t002" lemma="Land" pos="NOUN">Länder</instance>
         <wf lemma="an" pos="X">an</wf>
         <wf lemma="d" pos="X">die</wf>
         <wf lemma="arm" pos="X">armen</wf>
         <instance id="d000.s061.t003" lemma="Land" pos="NOUN">Länder</instance>
         <wf lemma="geben" pos="VERB">geben</wf>
         <wf lemma="sollen" pos="VERB">sollten</wf>
         <wf lemma="," pos="X">,</wf>
         <wf lemma="damit" pos="X">damit</wf>
         <wf lemma="dies" pos="X">diese</wf>
         <wf lemma="kurz-" pos="X">kurz-</wf>
         <wf lemma="und" pos="X">und</wf>
         <wf lemma="langfristig" pos="X">langfristig</wf>
         <wf lemma="d" pos="X">die</wf>
         <wf lemma="global" pos="X">globale</wf>
         <instance id="d000.s061.t004" lemma="Erwärmung" pos="NOUN">Erwärmung</instance>
         <wf lemma="meistern" pos="VERB">meistern</wf>
         <wf lemma="können" pos="VERB">können</wf>
         <wf lemma="." pos="X">.</wf>
      </sentence>
      <sentence id="d000.s062" source="semeval2013-de">
         <wf lemma="in" pos="X">In</wf>
         <wf lemma="ein" pos="X">einer</wf>
         <wf lemma="Urteilsanfechtung" pos="NOUN">Urteilsanfechtung</wf>
         <wf lemma="," pos="X">,</wf>
         <wf lemma="d" pos="X">die</wf>
         <wf lemma="sie" pos="X">sie</wf>
         <wf lemma="vergangen" pos="X">vergangenen</wf>
         <instance id="d000.s062.t000" lemma="Monat" pos="NOUN">Monat</instance>
         <wf lemma="einreichen" pos="VERB">eingereicht</wf>
         <wf lemma="haben" pos="VERB">haben</wf>
         <wf lemma="," pos="X">,</wf>
         <wf lemma="stellen" pos="VERB">stellten</wf>
         <wf lemma="sie" pos="X">sie</wf>
         <wf lemma="fest" pos="X">fest</wf>
         <wf lemma="," pos="X">,</wf>
         <wf lemma="dass" pos="X">dass</wf>
         <wf lemma="d" pos="X">der</wf>
         <instance id="d000.s062.t001" lemma="Fall" pos="NOUN">Fall</instance>
         <wf lemma="d" pos="X">die</wf>
         <wf lemma="Nachricht" pos="NOUN">Nachrichten</wf>
         <wf lemma="in" pos="X">in</wf>
         <instance id="d000.s062.t002" lemma="Connecticut" pos="NOUN">Connecticut</instance>
         <wf lemma="dominieren" pos="VERB">dominiert</wf>
         <wf lemma="haben" pos="VERB">hatte</wf>
         <wf lemma="und" pos="X">und</wf>
         <wf lemma="während" pos="X">während</wf>
         <wf lemma="d" pos="X">des</wf>
         <instance id="d000.s062.t003" lemma="Wahlkampf" pos="NOUN">Wahlkampf</instance>
         <wf lemma="für" pos="X">für</wf>
         <wf lemma="d" pos="X">das</wf>
         <wf lemma="Amt" pos="NOUN">Amt</wf>
         <wf lemma="d" pos="X">des</wf>
         <instance id="d000.s062.t004" lemma="Gouverneur" pos="NOUN">Gouverneurs</instance>
         <wf lemma="und" pos="X">und</wf>
         <wf lemma="für" pos="X">für</wf>
         <wf lemma="d" pos="X">den</wf>
         <wf lemma="amerikanisch" pos="X">Amerikanischen</wf>
         <instance id="d000.s062.t005" lemma="Senat" pos="NOUN">Senat</instance>
         <wf lemma="von" pos="X">von</wf>
         <wf lemma="d" pos="X">den</wf>
         <instance id="d000.s062.t006" lemma="Kandidat" pos="NOUN">Kandidaten</instance>
         <wf lemma="diskutieren" pos="VERB">diskutiert</wf>
         <wf lemma="werden" pos="VERB">wurde</wf>
         <wf lemma="." pos="X">.</wf>
      </sentence>
      <sentence id="d000.s063" source="semeval2013-de">
         <wf lemma="dies" pos="X">Diese</wf>
         <wf lemma="Umfrage" pos="NOUN">Umfrage</wf>
         <wf lemma="werden" pos="VERB">wird</wf>
         <wf lemma="seit" pos="X">seit</wf>
         <wf lemma="1995" pos="X">1995</wf>
         <wf lemma="regelmäßig" pos="X">regelmäßig</wf>
         <wf lemma="durchführen" pos="VERB">durchgeführt</wf>
         <wf lemma="und" pos="X">und</wf>
         <wf lemma="zeigen" pos="VERB">zeigt</wf>
         <wf lemma="so" pos="ADV">so</wf>
         <wf lemma="d" pos="X">den</wf>
         <wf lemma="Meinungswechsel" pos="NOUN">Meinungswechsel</wf>
         <wf lemma="in" pos="X">in</wf>
         <wf lemma="dies" pos="X">dieser</wf>
         <instance id="d000.s063.t000" lemma="Region" pos="NOUN">Region</instance>
         <wf lemma="auf" pos="X">auf</wf>
         <wf lemma="." pos="X">.</wf>
      </sentence>
      <sentence id="d000.s064" source="semeval2013-de">
         <wf lemma="zusammen" pos="ADV">Zusammen</wf>
         <wf lemma="können" pos="VERB">könnten</wf>
         <wf lemma="d" pos="X">die</wf>
         <instance id="d000.s064.t000" lemma="Land" pos="NOUN">Länder</instance>
         <wf lemma="d" pos="X">die</wf>
         <wf lemma="Emission" pos="NOUN">Emissionen</wf>
         <wf lemma="bis" pos="X">bis</wf>
         <wf lemma="@card@" pos="X">2050</wf>
         <wf lemma="um" pos="X">um</wf>
         <wf lemma="50" pos="X">50</wf>
         <wf lemma="bis" pos="X">bis</wf>
         <wf lemma="@card@" pos="X">95</wf>
         <instance id="d000.s064.t001" lemma="Prozent" pos="NOUN">Prozent</instance>
         <wf lemma="senken" pos="VERB">senken</wf>
         <wf lemma="." pos="X">.</wf>
      </sentence>
      <sentence id="d000.s065" source="semeval2013-de">
         <wf lemma="ein" pos="X">Eine</wf>
         <wf lemma="d" pos="X">der</wf>
         <wf lemma="zu" pos="X">zu</wf>
         <wf lemma="behandelt" pos="X">behandelten</wf>
         <instance id="d000.s065.t000" lemma="Fall" pos="NOUN">Fälle</instance>
         <wf lemma="sein" pos="VERB">war</wf>
         <wf lemma="ein" pos="X">eine</wf>
         <instance id="d000.s065.t001" lemma="Klage" pos="NOUN">Klage</instance>
         <wf lemma="," pos="X">,</wf>
         <wf lemma="d" pos="X">die</wf>
         <wf lemma="26" pos="X">26</wf>
         <instance id="d000.s065.t002" lemma="Staat" pos="NOUN">Staaten</instance>
         <wf lemma="gegen" pos="X">gegen</wf>
         <wf lemma="d" pos="X">die</wf>
         <wf lemma="weitreichend" pos="X">weitreichende</wf>
         <instance id="d000.s065.t003" lemma="Reform" pos="NOUN">Reform</instance>
         <wf lemma="d" pos="X">des</wf>
         <wf lemma="Gesundheitswesen" pos="NOUN">Gesundheitswesens</wf>
         <wf lemma="erheben" pos="VERB">erhoben</wf>
         <wf lemma="haben" pos="VERB">haben</wf>
         <wf lemma="," pos="X">,</wf>
         <wf lemma="d" pos="X">die</wf>
         <wf lemma="vergangen" pos="X">vergangenes</wf>
         <instance id="d000.s065.t004" lemma="Jahr" pos="NOUN">Jahr</instance>
         <wf lemma="vom" pos="X">vom</wf>
         <instance id="d000.s065.t005" lemma="Kongress" pos="NOUN">Kongress</instance>
         <wf lemma="beschließen" pos="VERB">beschlossen</wf>
         <wf lemma="werden" pos="VERB">wurden</wf>
         <wf lemma="," pos="X">,</wf>
         <wf lemma="ein" pos="X">ein</wf>
         <instance id="d000.s065.t006" lemma="Gesetz" pos="NOUN">Gesetz</instance>
         <wf lemma="," pos="X">,</wf>
         <wf lemma="d" pos="X">das</wf>
         <wf lemma="bei" pos="X">bei</wf>
         <wf lemma="d" pos="X">den</wf>
         <wf lemma="konservativ" pos="X">konservativen</wf>
         <instance id="d000.s065.t007" lemma="Aktivist" pos="NOUN">Aktivisten</instance>
         <wf lemma="überall" pos="ADV">überall</wf>
         <wf lemma="in" pos="X">in</wf>
         <wf lemma="d" pos="X">den</wf>
         <instance id="d000.s065.t008" lemma="USA" pos="NOUN">USA</instance>
         <wf lemma="zum" pos="X">zum</wf>
         <wf lemma="Schlagwort" pos="NOUN">Schlagwort</wf>
         <wf lemma="werden" pos="VERB">wurde</wf>
         <wf lemma="." pos="X">.</wf>
      </sentence>
      <sentence id="d000.s066" source="semeval2013-de">
         <wf lemma="&quot;" pos="X">&quot;</wf>
         <wf lemma="d" pos="X">Die</wf>
         <wf lemma="Richter" pos="NOUN">Richter</wf>
         <wf lemma="gewinnen" pos="VERB">gewannen</wf>
         <wf lemma="und" pos="X">und</wf>
         <wf lemma="dinnierten" pos="VERB">dinnierten</wf>
         <wf lemma="während" pos="X">während</wf>
         <wf lemma="ein" pos="X">einer</wf>
         <wf lemma="Benefiziveranstaltung" pos="NOUN">Benefiziveranstaltung</wf>
         <wf lemma="mit" pos="X">mit</wf>
         <instance id="d000.s066.t000" lemma="Rechtsanwalt" pos="NOUN">Rechtsanwälten</instance>
         <wf lemma="mit" pos="X">mit</wf>
         <wf lemma="schwebend" pos="X">schwebenden</wf>
         <wf lemma="Verfahren" pos="NOUN">Verfahren</wf>
         <wf lemma="am" pos="X">am</wf>
         <instance id="d000.s066.t001" lemma="Gericht" pos="NOUN">Gericht</instance>
         <wf lemma="." pos="X">.</wf>
         <wf lemma="&quot;" pos="X">&quot;</wf>
      </sentence>
      <sentence id="d000.s067" source="semeval2013-de">
         <wf lemma="auch" pos="ADV">Auch</wf>
         <wf lemma="d" pos="X">die</wf>
         <wf lemma="Deutsche_Bank" pos="NOUN">Deutsche_Bank</wf>
         <wf lemma="müssen" pos="VERB">muss</wf>
         <wf lemma="er" pos="X">sich</wf>
         <wf lemma="ein" pos="X">einer</wf>
         <instance id="d000.s067.t000" lemma="Klage" pos="NOUN">Klage</instance>
         <wf lemma="d" pos="X">der</wf>
         <wf lemma="FHFA" pos="NOUN">FHFA</wf>
         <wf lemma="stellen" pos="VERB">stellen</wf>
         <wf lemma="," pos="X">,</wf>
         <wf lemma="hier" pos="ADV">hier</wf>
         <wf lemma="gehen" pos="VERB">geht</wf>
         <wf lemma="es" pos="X">es</wf>
         <wf lemma="um" pos="X">um</wf>
         <wf lemma="mehrere" pos="X">mehrere</wf>
         <instance id="d000.s067.t001" lemma="Geschäft" pos="NOUN">Geschäfte</instance>
         <wf lemma="im" pos="X">im</wf>
         <instance id="d000.s067.t002" lemma="Wert" pos="NOUN">Wert</instance>
         <wf lemma="von" pos="X">von</wf>
         <wf lemma="insgesamt" pos="ADV">insgesamt</wf>
         <wf lemma="@card@" pos="X">14,2</wf>
         <wf lemma="Milliarde" pos="NOUN">Milliarden</wf>
         <instance id="d000.s067.t003" lemma="Dollar" pos="NOUN">Dollar</instance>
         <wf lemma="aus" pos="X">aus</wf>
         <wf lemma="d" pos="X">den</wf>
         <instance id="d000.s067.t004" lemma="Jahr" pos="NOUN">Jahren</instance>
         <wf lemma="2005" pos="X">2005</wf>
         <wf lemma="bis" pos="X">bis</wf>
         <wf lemma="@card@" pos="X">2007</wf>
         <wf lemma="." pos="X">.</wf>
      </sentence>
      <sentence id="d000.s068" source="semeval2013-de">
         <instance id="d000.s068.t000" lemma="Teil" pos="NOUN">Teil</instance>
         <wf lemma="d" pos="X">der</wf>
         <wf lemma="aufgekommen" pos="X">aufgekommenen</wf>
         <instance id="d000.s068.t001" lemma="Debatte" pos="NOUN">Debatte</instance>
         <wf lemma="um" pos="X">um</wf>
         <wf lemma="d" pos="X">den</wf>
         <wf lemma="dargestellt" pos="X">dargestellten</wf>
         <instance id="d000.s068.t002" lemma="Fall" pos="NOUN">Fall</instance>
         <wf lemma="gehen" pos="VERB">geht</wf>
         <wf lemma="darauf" pos="X">darauf</wf>
         <wf lemma="zurück" pos="X">zurück</wf>
         <wf lemma="," pos="X">,</wf>
         <wf lemma="dass" pos="X">dass</wf>
         <wf lemma="ein" pos="X">ein</wf>
         <instance id="d000.s068.t003" lemma="Team" pos="NOUN">Team</instance>
         <wf lemma="d" pos="X">des</wf>
         <wf lemma="Fußballclub" pos="NOUN">Fußballclubs</wf>
         <wf lemma="real_madrid" pos="NOUN">Real_Madrid</wf>
         <wf lemma="(" pos="X">(</wf>
         <wf lemma="d" pos="X">der</wf>
         <wf lemma="in" pos="X">in</wf>
         <wf lemma="sein" pos="X">seiner</wf>
         <instance id="d000.s068.t004" lemma="Hymne" pos="NOUN">Hymne</instance>
         <instance id="d000.s068.t005" lemma="Edelmut" pos="NOUN">Edelmut</instance>
         <wf lemma="und" pos="X">und</wf>
         <instance id="d000.s068.t006" lemma="Ehre" pos="NOUN">Ehre</instance>
         <wf lemma="vorgeben" pos="VERB">vorgibt</wf>
         <wf lemma="und" pos="X">und</wf>
         <wf lemma="bei" pos="X">bei</wf>
         <wf lemma="ander" pos="X">anderen</wf>
         <wf lemma="Gelegenheit" pos="NOUN">Gelegenheiten</wf>
         <wf lemma="sein" pos="X">seine</wf>
         <wf lemma="Spieler" pos="NOUN">Spieler</wf>
         <wf lemma="für" pos="X">für</wf>
         <wf lemma="ähnlich" pos="X">ähnliche</wf>
         <instance id="d000.s068.t007" lemma="Vorfall" pos="NOUN">Vorfälle</instance>
         <wf lemma="bestrafen" pos="VERB">bestraft</wf>
         <wf lemma="haben" pos="VERB">hatte</wf>
         <wf lemma=")" pos="X">)</wf>
         <wf lemma="dabei" pos="X">dabei</wf>
         <wf lemma="d" pos="X">die</wf>
         <wf lemma="Hauptrolle" pos="NOUN">Hauptrolle</wf>
         <wf lemma="spielen" pos="VERB">spielten</wf>
         <wf lemma="," pos="X">,</wf>
         <wf lemma="und" pos="X">und</wf>
         <wf lemma="auf" pos="X">auf</wf>
         <wf lemma="d" pos="X">die</wf>
         <instance id="d000.s068.t008" lemma="Dramatisierung" pos="NOUN">Dramatisierung</instance>
         <wf lemma="durch" pos="X">durch</wf>
         <wf lemma="Mourinho" pos="NOUN">Mourinho</wf>
         <wf lemma="," pos="X">,</wf>
         <wf lemma="d" pos="X">der</wf>
         <wf lemma="ein" pos="X">eine</wf>
         <wf lemma="Episode" pos="NOUN">Episode</wf>
         <wf lemma="mehr" pos="ADV">mehr</wf>
         <wf lemma="zu" pos="X">zu</wf>
         <wf lemma="sein" pos="X">seiner</wf>
         <wf lemma="lang" pos="X">langen</wf>
         <instance id="d000.s068.t009" lemma="Geschichte" pos="NOUN">Geschichte</instance>
         <wf lemma="als" pos="X">als</wf>
         <wf lemma="theatralisch" pos="X">theatralischer</wf>
         <wf lemma="und" pos="X">und</wf>
         <wf lemma="provozierend" pos="X">provozierender</wf>
         <wf lemma="Techniker" pos="NOUN">Techniker</wf>
         <wf lemma="hinzufügen" pos="VERB">hinzugefügt</wf>
         <wf lemma="haben" pos="VERB">hat</wf>
         <wf lemma="." pos="X">.</wf>
      </sentence>
      <sentence id="d000.s069" source="semeval2013-de">
         <wf lemma="an" pos="X">An</wf>
         <wf lemma="d" pos="X">dem</wf>
         <instance id="d000.s069.t000" lemma="Tag" pos="NOUN">Tag</instance>
         <wf lemma="," pos="X">,</wf>
         <wf lemma="an" pos="X">an</wf>
         <wf lemma="d" pos="X">dem</wf>
         <wf lemma="d" pos="X">der</wf>
         <wf lemma="supreme_court" pos="NOUN">Supreme_Court</wf>
         <wf lemma="hinter" pos="X">hinter</wf>
         <wf lemma="verschlossen" pos="X">verschlossenen</wf>
         <instance id="d000.s069.t001" lemma="Tür" pos="NOUN">Türen</instance>
         <wf lemma="versammeln" pos="VERB">versammelt</wf>
         <wf lemma="," pos="X">,</wf>
         <wf lemma="um" pos="X">um</wf>
         <wf lemma="d" pos="X">die</wf>
         <wf lemma="politisch" pos="X">politisch</wf>
         <wf lemma="teilend" pos="X">teilende</wf>
         <instance id="d000.s069.t002" lemma="Frage" pos="NOUN">Frage</instance>
         <wf lemma="zu" pos="X">zu</wf>
         <wf lemma="erörtern" pos="VERB">erörtern</wf>
         <wf lemma="," pos="X">,</wf>
         <wf lemma="ob" pos="X">ob</wf>
         <wf lemma="man" pos="X">man</wf>
         <wf lemma="ein" pos="X">eine</wf>
         <wf lemma="Anfechtung" pos="NOUN">Anfechtung</wf>
         <wf lemma="d" pos="X">der</wf>
         <wf lemma="Gesundheitsgesetz" pos="NOUN">Gesundheitsgesetze</wf>
         <wf lemma="von" pos="X">von</wf>
         <instance id="d000.s069.t003" lemma="Präsident" pos="NOUN">Präsident</instance>
         <wf lemma="Obama" pos="NOUN">Obama</wf>
         <wf lemma="anhören" pos="VERB">anhören</wf>
         <wf lemma="werden" pos="VERB">wird</wf>
         <wf lemma="," pos="X">,</wf>
         <wf lemma="nehmen" pos="VERB">nahmen</wf>
         <wf lemma="zwei" pos="X">zwei</wf>
         <wf lemma="sein" pos="X">seiner</wf>
         <instance id="d000.s069.t004" lemma="Richter" pos="NOUN">Richter</instance>
         <wf lemma="," pos="X">,</wf>
         <wf lemma="antonin_scalia" pos="NOUN">Antonin_Scalia</wf>
         <wf lemma="und" pos="X">und</wf>
         <wf lemma="clarence_thomas" pos="NOUN">Clarence_Thomas</wf>
         <wf lemma="," pos="X">,</wf>
         <wf lemma="an" pos="X">an</wf>
         <wf lemma="ein" pos="X">einem</wf>
         <instance id="d000.s069.t005" lemma="Dinner" pos="NOUN">Dinner</instance>
         <wf lemma="teil" pos="X">teil</wf>
         <wf lemma="," pos="X">,</wf>
         <wf lemma="d" pos="X">das</wf>
         <wf lemma="von" pos="X">von</wf>
         <wf lemma="d" pos="X">der</wf>
         <wf lemma="Kanzlei" pos="NOUN">Kanzlei</wf>
         <wf lemma="gesponsort" pos="NOUN">gesponsort</wf>
         <wf lemma="werden" pos="VERB">wurde</wf>
         <wf lemma="," pos="X">,</wf>
         <wf lemma="dass" pos="X">dass</wf>
         <wf lemma="d" pos="X">den</wf>
         <instance id="d000.s069.t006" lemma="Fall" pos="NOUN">Fall</instance>
         <wf lemma="vor" pos="X">vor</wf>
         <instance id="d000.s069.t007" lemma="Gericht" pos="NOUN">Gericht</instance>
         <wf lemma="vertreten" pos="VERB">vertreten</wf>
         <wf lemma="werden" pos="VERB">wird</wf>
         <wf lemma="." pos="X">.</wf>
      </sentence>
      <sentence id="d000.s070" source="semeval2013-de">
         <wf lemma="d" pos="X">Die</wf>
         <instance id="d000.s070.t000" lemma="Gast" pos="NOUN">Gäste</instance>
         <wf lemma="d" pos="X">des</wf>
         <instance id="d000.s070.t001" lemma="Dinner" pos="NOUN">Dinners</instance>
         <wf lemma="?" pos="X">?</wf>
         <wf lemma="Scalia" pos="NOUN">Scalia</wf>
         <wf lemma="und" pos="X">und</wf>
         <wf lemma="Thomas" pos="NOUN">Thomas</wf>
         <wf lemma="." pos="X">.</wf>
      </sentence>
      <sentence id="d000.s071" source="semeval2013-de">
         <wf lemma="Scalia" pos="NOUN">Scalia</wf>
         <wf lemma="und" pos="X">und</wf>
         <wf lemma="Thomas" pos="NOUN">Thomas</wf>
         <wf lemma="dinieren" pos="VERB">dinieren</wf>
         <wf lemma="mit" pos="X">mit</wf>
         <wf lemma="Gegner" pos="NOUN">Gegnern</wf>
         <wf lemma="d" pos="X">der</wf>
         <wf lemma="Gesundheitsgesetz" pos="NOUN">Gesundheitsgesetze</wf>
         <wf lemma="," pos="X">,</wf>
         <wf lemma="als" pos="X">als</wf>
         <instance id="d000.s071.t000" lemma="Gericht" pos="NOUN">Gericht</instance>
         <instance id="d000.s071.t001" lemma="Fall" pos="NOUN">Fall</instance>
         <wf lemma="annehmen" pos="VERB">annimmt</wf>
      </sentence>
      <sentence id="d000.s072" source="semeval2013-de">
         <wf lemma="für" pos="X">Für</wf>
         <instance id="d000.s072.t000" lemma="costa_rica" pos="NOUN">Costa_Rica</instance>
         <wf lemma="haben" pos="VERB">hat</wf>
         <wf lemma="bryan_ruiz" pos="NOUN">Bryan_Ruiz</wf>
         <wf lemma="mit" pos="X">mit</wf>
         <wf lemma="neun" pos="X">neun</wf>
         <wf lemma="d" pos="X">die</wf>
         <wf lemma="meist" pos="X">meisten</wf>
         <wf lemma="Tor" pos="NOUN">Tore</wf>
         <wf lemma="schießen" pos="VERB">geschossen</wf>
         <wf lemma="," pos="X">,</wf>
         <wf lemma="zwei" pos="X">zwei</wf>
         <wf lemma="mehr" pos="ADV">mehr</wf>
         <wf lemma="als" pos="X">als</wf>
         <wf lemma="Carlos" pos="NOUN">Carlos</wf>
         <wf lemma="Hernández" pos="NOUN">Hernández</wf>
         <wf lemma="und" pos="X">und</wf>
         <wf lemma="drei" pos="X">drei</wf>
         <wf lemma="mehr" pos="ADV">mehr</wf>
         <wf lemma="als" pos="X">als</wf>
         <wf lemma="Roy" pos="NOUN">Roy</wf>
         <wf lemma="Myrie" pos="NOUN">Myrie</wf>
         <wf lemma="und" pos="X">und</wf>
         <wf lemma="Park" pos="NOUN">Parks</wf>
         <wf lemma="." pos="X">.</wf>
      </sentence>
      <sentence id="d000.s073" source="semeval2013-de">
         <wf lemma="d" pos="X">Die</wf>
         <wf lemma="NCUA-Vorsitzende" pos="NOUN">NCUA-Vorsitzende</wf>
         <wf lemma="Debbie" pos="NOUN">Debbie</wf>
         <wf lemma="Matz" pos="NOUN">Matz</wf>
         <wf lemma="begrüßen" pos="VERB">begrüßte</wf>
         <wf lemma="d" pos="X">das</wf>
         <instance id="d000.s073.t000" lemma="Entgegenkommen" pos="NOUN">Entgegenkommen</instance>
         <wf lemma="d" pos="X">der</wf>
         <wf lemma="beide" pos="X">beiden</wf>
         <wf lemma="Geldhaus" pos="NOUN">Geldhäuser</wf>
         <wf lemma="." pos="X">.</wf>
      </sentence>
      <sentence id="d000.s074" source="semeval2013-de">
         <wf lemma="d" pos="X">Die</wf>
         <wf lemma="Deutsche_Bank" pos="NOUN">Deutsche_Bank</wf>
         <wf lemma="haben" pos="VERB">hatte</wf>
         <wf lemma="d" pos="X">die</wf>
         <instance id="d000.s074.t000" lemma="Forderung" pos="NOUN">Forderungen</instance>
         <wf lemma="als" pos="X">als</wf>
         <wf lemma="haltlos" pos="X">haltlos</wf>
         <wf lemma="zurückweisen" pos="VERB">zurückgewiesen</wf>
         <wf lemma="und" pos="X">und</wf>
         <wf lemma="erklären" pos="VERB">erklärt</wf>
         <wf lemma="," pos="X">,</wf>
         <wf lemma="er" pos="X">sich</wf>
         <wf lemma="wehren" pos="VERB">wehren</wf>
         <wf lemma="zu" pos="X">zu</wf>
         <wf lemma="wollen" pos="VERB">wollen</wf>
         <wf lemma="." pos="X">.</wf>
      </sentence>
      <sentence id="d000.s075" source="semeval2013-de">
         <wf lemma="groß" pos="X">Größere</wf>
         <wf lemma="US-Unternehmen" pos="NOUN">US-Unternehmen</wf>
         <wf lemma="," pos="X">,</wf>
         <wf lemma="wie" pos="X">wie</wf>
         <wf lemma="Chevron" pos="NOUN">Chevron</wf>
         <wf lemma="und" pos="X">und</wf>
         <wf lemma="ConocoPhillips" pos="NOUN">ConocoPhillips</wf>
         <wf lemma="," pos="X">,</wf>
         <wf lemma="d" pos="X">die</wf>
         <wf lemma="mit" pos="X">mit</wf>
         <wf lemma="d" pos="X">dem</wf>
         <wf lemma="irakisch" pos="X">irakischen</wf>
         <wf lemma="Ölministerium" pos="NOUN">Ölministerium</wf>
         <wf lemma="eng" pos="X">enge</wf>
         <instance id="d000.s075.t000" lemma="Beziehung" pos="NOUN">Beziehungen</instance>
         <wf lemma="pflegen" pos="VERB">pflegen</wf>
         <wf lemma="und" pos="X">und</wf>
         <wf lemma="in" pos="X">in</wf>
         <wf lemma="d" pos="X">den</wf>
         <wf lemma="letzt" pos="X">letzten</wf>
         <instance id="d000.s075.t001" lemma="Jahr" pos="NOUN">Jahren</instance>
         <wf lemma="mit" pos="X">mit</wf>
         <wf lemma="technisch" pos="X">technischem</wf>
         <wf lemma="Rat" pos="NOUN">Rat</wf>
         <wf lemma="zur" pos="X">zur</wf>
         <wf lemma="Seite" pos="NOUN">Seite</wf>
         <wf lemma="stehen" pos="VERB">standen</wf>
         <wf lemma="," pos="X">,</wf>
         <wf lemma="sein" pos="VERB">sind</wf>
         <wf lemma="leer" pos="X">leer</wf>
         <wf lemma="ausgehen" pos="VERB">ausgegangen</wf>
         <wf lemma="." pos="X">.</wf>
      </sentence>
      <sentence id="d000.s076" source="semeval2013-de">
         <wf lemma="von" pos="X">Von</wf>
         <instance id="d000.s076.t000" lemma="Seite" pos="NOUN">Seiten</instance>
         <wf lemma="d" pos="X">der</wf>
         <wf lemma="Ticos" pos="NOUN">Ticos</wf>
         <wf lemma="und" pos="X">und</wf>
         <wf lemma="nahe" pos="X">nahe</wf>
         <wf lemma="bei" pos="X">bei</wf>
         <wf lemma="Michael_Umana" pos="NOUN">Michael_Umana</wf>
         <wf lemma="sein" pos="VERB">sind</wf>
         <wf lemma="d" pos="X">der</wf>
         <wf lemma="link" pos="X">linke</wf>
         <wf lemma="Seitenstürmer" pos="NOUN">Seitenstürmer</wf>
         <wf lemma="júnior_díaz" pos="NOUN">Júnior_Díaz</wf>
         <wf lemma="mit" pos="X">mit</wf>
         <wf lemma="48" pos="X">48</wf>
         <instance id="d000.s076.t001" lemma="Spiel" pos="NOUN">Spielen</instance>
         <wf lemma="und" pos="X">und</wf>
         <wf lemma="d" pos="X">der</wf>
         <instance id="d000.s076.t002" lemma="Stürmer" pos="NOUN">Stürmer</instance>
         <wf lemma="bryan_ruiz" pos="NOUN">Bryan_Ruiz</wf>
         <wf lemma="mit" pos="X">mit</wf>
         <wf lemma="@ord@" pos="X">45.</wf>
      </sentence>
      <sentence id="d000.s077" source="semeval2013-de">
         <wf lemma="eine" pos="X">Ein</wf>
         <wf lemma="weit" pos="X">weiterer</wf>
         <instance id="d000.s077.t000" lemma="Sponsor" pos="NOUN">Sponsor</instance>
         <wf lemma="sein" pos="VERB">war</wf>
         <wf lemma="d" pos="X">der</wf>
         <wf lemma="Pharmaziegigant" pos="NOUN">Pharmaziegigant</wf>
         <wf lemma="Pfizer" pos="NOUN">Pfizer</wf>
         <wf lemma="Inc" pos="NOUN">Inc</wf>
         <wf lemma="." pos="X">.</wf>
         <wf lemma="," pos="X">,</wf>
         <wf lemma="d" pos="X">der</wf>
         <wf lemma="finanziell" pos="X">finanziell</wf>
         <wf lemma="am" pos="X">am</wf>
         <instance id="d000.s077.t001" lemma="Ergebnis" pos="NOUN">Ergebnis</instance>
         <wf lemma="d" pos="X">des</wf>
         <wf lemma="Prozeß" pos="NOUN">Prozesses</wf>
         <wf lemma="enorm" pos="X">enorm</wf>
         <wf lemma="beteiligen" pos="VERB">beteiligt</wf>
         <wf lemma="sein" pos="VERB">ist</wf>
         <wf lemma="." pos="X">.</wf>
      </sentence>
      <sentence id="d000.s078" source="semeval2013-de">
         <wf lemma="d" pos="X">Die</wf>
         <wf lemma="Indexe" pos="NOUN">Indexe</wf>
         <wf lemma="werden" pos="VERB">wurden</wf>
         <wf lemma="jedoch" pos="ADV">jedoch</wf>
         <wf lemma="durch" pos="X">durch</wf>
         <wf lemma="ein" pos="X">einen</wf>
         <wf lemma="neu" pos="X">neuen</wf>
         <instance id="d000.s078.t000" lemma="Anstieg" pos="NOUN">Anstieg</instance>
         <wf lemma="d" pos="X">des</wf>
         <wf lemma="Dollarkurs" pos="NOUN">Dollarkurses</wf>
         <wf lemma="bremsen" pos="VERB">gebremst</wf>
         <wf lemma="," pos="X">,</wf>
         <wf lemma="d" pos="X">der</wf>
         <wf lemma="seit" pos="X">seit</wf>
         <wf lemma="zwei" pos="X">zwei</wf>
         <instance id="d000.s078.t001" lemma="Monat" pos="NOUN">Monaten</instance>
         <wf lemma="d" pos="X">den</wf>
         <wf lemma="hoch" pos="X">höchsten</wf>
         <wf lemma="Stand" pos="NOUN">Stand</wf>
         <wf lemma="gegenüber" pos="X">gegenüber</wf>
         <wf lemma="d" pos="X">dem</wf>
         <wf lemma="Euro" pos="NOUN">Euro</wf>
         <wf lemma="erreichen" pos="VERB">erreicht</wf>
         <wf lemma="haben" pos="VERB">hat</wf>
         <wf lemma="," pos="X">,</wf>
         <wf lemma="wodurch" pos="X">wodurch</wf>
         <wf lemma="&quot;" pos="X">&quot;</wf>
         <wf lemma="d" pos="X">die</wf>
         <wf lemma="für" pos="X">für</wf>
         <wf lemma="d" pos="X">die</wf>
         <wf lemma="wirtschaftlich" pos="X">wirtschaftliche</wf>
         <wf lemma="Situation" pos="NOUN">Situation</wf>
         <wf lemma="anfällig" pos="X">anfälligen</wf>
         <wf lemma="Sektor" pos="NOUN">Sektoren</wf>
         <wf lemma="nach" pos="X">nach</wf>
         <wf lemma="unten" pos="ADV">unten</wf>
         <wf lemma="drücken" pos="VERB">gedrückt</wf>
         <wf lemma="werden" pos="VERB">werden</wf>
         <wf lemma="&quot;" pos="X">&quot;</wf>
         <wf lemma="," pos="X">,</wf>
         <wf lemma="erklären" pos="VERB">erklärte</wf>
         <wf lemma="Owen" pos="NOUN">Owen</wf>
         <wf lemma="Fitzpatrick" pos="NOUN">Fitzpatrick</wf>
         <wf lemma="," pos="X">,</wf>
         <wf lemma="Deutsche_Bank" pos="NOUN">Deutsche_Bank</wf>
         <wf lemma="." pos="X">.</wf>
      </sentence>
      <sentence id="d000.s079" source="semeval2013-de">
         <wf lemma="d" pos="X">Die</wf>
         <instance id="d000.s079.t000" lemma="Juror" pos="NOUN">Juroren</instance>
         <wf lemma="sein" pos="VERB">waren</wf>
         <wf lemma="nicht" pos="X">nicht</wf>
         <wf lemma="isolieren" pos="VERB">isoliert</wf>
         <wf lemma="." pos="X">.</wf>
      </sentence>
      <sentence id="d000.s080" source="semeval2013-de">
         <wf lemma="in" pos="X">In</wf>
         <instance id="d000.s080.t000" lemma="Peru" pos="NOUN">Peru</instance>
         <wf lemma="z.B." pos="ADV">z.B.</wf>
         <wf lemma="," pos="X">,</wf>
         <wf lemma="wo" pos="X">wo</wf>
         <wf lemma="d" pos="X">die</wf>
         <instance id="d000.s080.t001" lemma="Wirtschaft" pos="NOUN">Wirtschaft</instance>
         <wf lemma="seit" pos="X">seit</wf>
         <wf lemma="@card@" pos="X">2002</wf>
         <wf lemma="jährlich" pos="X">jährlich</wf>
         <wf lemma="um" pos="X">um</wf>
         <wf lemma="ca." pos="ADV">ca.</wf>
         <wf lemma="6" pos="X">6</wf>
         <instance id="d000.s080.t002" lemma="%" pos="NOUN">%</instance>
         <wf lemma="wachsen" pos="VERB">wächst</wf>
         <wf lemma="," pos="X">,</wf>
         <wf lemma="steigen" pos="VERB">stieg</wf>
         <wf lemma="d" pos="X">die</wf>
         <wf lemma="Zahl" pos="NOUN">Zahl</wf>
         <wf lemma="d" pos="X">der</wf>
         <wf lemma="Demokratiebefürworter" pos="NOUN">Demokratiebefürworter</wf>
         <wf lemma="von" pos="X">von</wf>
         <wf lemma="40" pos="X">40</wf>
         <instance id="d000.s080.t003" lemma="%" pos="NOUN">%</instance>
         <wf lemma="im" pos="X">im</wf>
         <instance id="d000.s080.t004" lemma="Jahr" pos="NOUN">Jahr</instance>
         <wf lemma="2005" pos="X">2005</wf>
         <wf lemma="auf" pos="X">auf</wf>
         <wf lemma="@card@" pos="X">61</wf>
         <instance id="d000.s080.t005" lemma="%" pos="NOUN">%</instance>
         <wf lemma="in" pos="X">in</wf>
         <wf lemma="dies" pos="X">diesem</wf>
         <instance id="d000.s080.t006" lemma="Jahr" pos="NOUN">Jahr</instance>
         <wf lemma="." pos="X">.</wf>
      </sentence>
      <sentence id="d000.s081" source="semeval2013-de">
         <instance id="d000.s081.t000" lemma="Investor" pos="NOUN">Investoren</instance>
         <wf lemma="und" pos="X">und</wf>
         <wf lemma="Aufsichtsbehörde" pos="NOUN">Aufsichtsbehörden</wf>
         <wf lemma="haben" pos="VERB">haben</wf>
         <wf lemma="unzählig" pos="X">unzählige</wf>
         <instance id="d000.s081.t001" lemma="Klage" pos="NOUN">Klagen</instance>
         <wf lemma="anstrengen" pos="VERB">angestrengt</wf>
         <wf lemma="," pos="X">,</wf>
         <wf lemma="um" pos="X">um</wf>
         <wf lemma="Wiedergutmachung" pos="NOUN">Wiedergutmachung</wf>
         <wf lemma="zu" pos="X">zu</wf>
         <wf lemma="erhalten" pos="VERB">erhalten</wf>
         <wf lemma="oder" pos="X">oder</wf>
         <wf lemma="Verfehlung" pos="NOUN">Verfehlungen</wf>
         <wf lemma="zu" pos="X">zu</wf>
         <wf lemma="ahnden" pos="VERB">ahnden</wf>
         <wf lemma="." pos="X">.</wf>
      </sentence>
      <sentence id="d000.s082" source="semeval2013-de">
         <wf lemma="d" pos="X">Der</wf>
         <wf lemma="Anwalt" pos="NOUN">Anwalt</wf>
         <wf lemma="," pos="X">,</wf>
         <wf lemma="d" pos="X">der</wf>
         <wf lemma="vor" pos="X">vor</wf>
         <instance id="d000.s082.t000" lemma="Gericht" pos="NOUN">Gericht</instance>
         <wf lemma="stehen" pos="VERB">stehen</wf>
         <wf lemma="und" pos="X">und</wf>
         <wf lemma="behaupten" pos="VERB">behaupten</wf>
         <wf lemma="werden" pos="VERB">wird</wf>
         <wf lemma="," pos="X">,</wf>
         <wf lemma="dass" pos="X">dass</wf>
         <wf lemma="d" pos="X">das</wf>
         <instance id="d000.s082.t001" lemma="Gesetz" pos="NOUN">Gesetz</instance>
         <wf lemma="zu" pos="X">zu</wf>
         <wf lemma="kippen" pos="VERB">kippen</wf>
         <wf lemma="sein" pos="VERB">ist</wf>
         <wf lemma="," pos="X">,</wf>
         <wf lemma="werden" pos="VERB">wird</wf>
         <wf lemma="vermutlich" pos="ADV">vermutlich</wf>
         <wf lemma="paul_clement" pos="NOUN">Paul_Clement</wf>
         <wf lemma="sein" pos="X">sein</wf>
         <wf lemma="," pos="X">,</wf>
         <wf lemma="einst" pos="ADV">einst</wf>
         <instance id="d000.s082.t002" lemma="Generalstaatsanwalt" pos="NOUN">Generalstaatsanwalt</instance>
         <wf lemma="unter" pos="X">unter</wf>
         <wf lemma="d" pos="X">der</wf>
         <instance id="d000.s082.t003" lemma="Regierung" pos="NOUN">Regierung</instance>
         <wf lemma="von" pos="X">von</wf>
         <instance id="d000.s082.t004" lemma="george_w._bush" pos="NOUN">George_W._Bush</instance>
         <wf lemma="." pos="X">.</wf>
      </sentence>
      <sentence id="d000.s083" source="semeval2013-de">
         <wf lemma="erst" pos="ADV">Erst</wf>
         <wf lemma="zum" pos="X">zum</wf>
         <wf lemma="zweit" pos="X">zweiten</wf>
         <wf lemma="Mal" pos="NOUN">Mal</wf>
         <wf lemma="seit" pos="X">seit</wf>
         <wf lemma="Umfragebeginn" pos="NOUN">Umfragebeginn</wf>
         <wf lemma="sehen" pos="VERB">sehen</wf>
         <wf lemma="viel" pos="X">viele</wf>
         <wf lemma="Befragte" pos="NOUN">Befragte</wf>
         <wf lemma="in" pos="X">in</wf>
         <instance id="d000.s083.t000" lemma="Lateinamerika" pos="NOUN">Lateinamerika</instance>
         <wf lemma="in" pos="X">in</wf>
         <wf lemma="d" pos="X">der</wf>
         <wf lemma="Kriminalität" pos="NOUN">Kriminalität</wf>
         <wf lemma="in" pos="X">in</wf>
         <wf lemma="ihr" pos="X">ihrem</wf>
         <instance id="d000.s083.t001" lemma="Land" pos="NOUN">Land</instance>
         <wf lemma="ein" pos="X">ein</wf>
         <wf lemma="groß" pos="X">größeres</wf>
         <instance id="d000.s083.t002" lemma="Problem" pos="NOUN">Problem</instance>
         <wf lemma="als" pos="X">als</wf>
         <wf lemma="in" pos="X">in</wf>
         <wf lemma="d" pos="X">der</wf>
         <instance id="d000.s083.t003" lemma="Arbeitslosigkeit" pos="NOUN">Arbeitslosigkeit</instance>
         <wf lemma="(" pos="X">(</wf>
         <wf lemma="s." pos="X">s.</wf>
         <instance id="d000.s083.t004" lemma="Diagramm" pos="NOUN">Diagramm</instance>
         <wf lemma="5" pos="X">5</wf>
         <wf lemma=")" pos="X">)</wf>
         <wf lemma="." pos="X">.</wf>
      </sentence>
      <sentence id="d000.s084" source="semeval2013-de">
         <wf lemma="schließlich" pos="ADV">Schließlich</wf>
         <wf lemma="bestrafen" pos="VERB">bestrafte</wf>
         <wf lemma="d" pos="X">das</wf>
         <wf lemma="Disziplinarkommitee" pos="NOUN">Disziplinarkommitee</wf>
         <wf lemma="d" pos="X">der</wf>
         <wf lemma="UEFA" pos="NOUN">UEFA</wf>
         <wf lemma="d" pos="X">den</wf>
         <instance id="d000.s084.t000" lemma="Trainer" pos="NOUN">Trainer</instance>
         <wf lemma="d" pos="X">des</wf>
         <wf lemma="Club" pos="NOUN">Clubs</wf>
         <wf lemma="," pos="X">,</wf>
         <wf lemma="josé_mourinho" pos="NOUN">José_Mourinho</wf>
         <wf lemma="," pos="X">,</wf>
         <wf lemma="mit" pos="X">mit</wf>
         <wf lemma="zwei" pos="X">zwei</wf>
         <instance id="d000.s084.t001" lemma="Spiel" pos="NOUN">Spielen</instance>
         <wf lemma="und" pos="X">und</wf>
         <wf lemma="d" pos="X">die</wf>
         <wf lemma="beteiligt" pos="X">beteiligten</wf>
         <wf lemma="Spieler" pos="NOUN">Spieler</wf>
         <wf lemma="mit" pos="X">mit</wf>
         <wf lemma="unterschiedlich" pos="X">unterschiedlichen</wf>
         <instance id="d000.s084.t002" lemma="Geldbetrag" pos="NOUN">Geldbeträgen</instance>
         <wf lemma="." pos="X">.</wf>
      </sentence>
      <sentence id="d000.s085" source="semeval2013-de">
         <wf lemma="nach" pos="X">Nach</wf>
         <wf lemma="d" pos="X">dem</wf>
         <wf lemma="Tumult" pos="NOUN">Tumult</wf>
         <wf lemma="um" pos="X">um</wf>
         <wf lemma="Chef" pos="NOUN">Chef</wf>
         <wf lemma="josef_ackermann" pos="NOUN">Josef_Ackermann</wf>
         <wf lemma="kommen" pos="VERB">kommt</wf>
         <wf lemma="neu" pos="X">neues</wf>
         <wf lemma="Ungemach" pos="NOUN">Ungemach</wf>
         <wf lemma="aus" pos="X">aus</wf>
         <wf lemma="d" pos="X">den</wf>
         <instance id="d000.s085.t000" lemma="USA" pos="NOUN">USA</instance>
         <wf lemma=":" pos="X">:</wf>
         <wf lemma="d" pos="X">Die</wf>
         <wf lemma="Deutsche_Bank" pos="NOUN">Deutsche_Bank</wf>
         <wf lemma="müssen" pos="VERB">muss</wf>
         <wf lemma="dort" pos="ADV">dort</wf>
         <wf lemma="ein" pos="X">eine</wf>
         <wf lemma="Millionenbuße" pos="NOUN">Millionenbuße</wf>
         <wf lemma="zahlen" pos="VERB">zahlen</wf>
         <wf lemma="." pos="X">.</wf>
      </sentence>
      <sentence id="d000.s086" source="semeval2013-de">
         <wf lemma="es" pos="X">Es</wf>
         <wf lemma="sein" pos="VERB">waren</wf>
         <wf lemma="English" pos="NOUN">English</wf>
         <wf lemma="und" pos="X">und</wf>
         <wf lemma="Teletovic" pos="NOUN">Teletovic</wf>
         <wf lemma="," pos="X">,</wf>
         <wf lemma="d" pos="X">die</wf>
         <wf lemma="hauptsächlich" pos="X">hauptsächlich</wf>
         <wf lemma="für" pos="X">für</wf>
         <wf lemma="d" pos="X">das</wf>
         <wf lemma="@card@" pos="X">18-20</wf>
         <wf lemma="am" pos="X">am</wf>
         <instance id="d000.s086.t000" lemma="Ende" pos="NOUN">Ende</instance>
         <wf lemma="d" pos="X">des</wf>
         <wf lemma="erst" pos="X">ersten</wf>
         <instance id="d000.s086.t001" lemma="Viertel" pos="NOUN">Viertels</instance>
         <wf lemma="verantwortlich" pos="X">verantwortlich</wf>
         <wf lemma="sein" pos="VERB">waren</wf>
         <wf lemma="." pos="X">.</wf>
      </sentence>
      <sentence id="d000.s087" source="semeval2013-de">
         <wf lemma="Artur" pos="NOUN">Artur</wf>
         <wf lemma="Runge-Metzger" pos="NOUN">Runge-Metzger</wf>
         <wf lemma="," pos="X">,</wf>
         <wf lemma="d" pos="X">der</wf>
         <wf lemma="d" pos="X">die</wf>
         <wf lemma="international" pos="X">internationalen</wf>
         <wf lemma="Klimaverhandlungen" pos="NOUN">Klimaverhandlungen</wf>
         <wf lemma="für" pos="X">für</wf>
         <wf lemma="d" pos="X">die</wf>
         <wf lemma="Europäische_Kommission" pos="NOUN">Europäische_Kommission</wf>
         <wf lemma="leiten" pos="VERB">leitet</wf>
         <wf lemma="," pos="X">,</wf>
         <wf lemma="sagen" pos="VERB">sagte</wf>
         <wf lemma="," pos="X">,</wf>
         <wf lemma="dass" pos="X">dass</wf>
         <wf lemma="d" pos="X">die</wf>
         <instance id="d000.s087.t000" lemma="Offensive" pos="NOUN">Offensive</instance>
         <wf lemma="d" pos="X">der</wf>
         <wf lemma="klein" pos="X">kleinen</wf>
         <wf lemma="Inselstaat" pos="NOUN">Inselstaaten</wf>
         <wf lemma="&quot;" pos="X">&quot;</wf>
         <wf lemma="politisch" pos="X">politischen</wf>
         <instance id="d000.s087.t001" lemma="Druck" pos="NOUN">Druck</instance>
         <wf lemma="auf" pos="X">auf</wf>
         <wf lemma="d" pos="X">den</wf>
         <wf lemma="gesamt" pos="X">gesamten</wf>
         <wf lemma="politisch" pos="X">politischen</wf>
         <wf lemma="Prozeß" pos="NOUN">Prozess</wf>
         <wf lemma="ausüben" pos="VERB">ausübt</wf>
         <wf lemma="," pos="X">,</wf>
         <wf lemma="&quot;" pos="X">&quot;</wf>
         <wf lemma="teilweise" pos="ADV">teilweise</wf>
         <wf lemma="deshalb" pos="X">deshalb</wf>
         <wf lemma="," pos="X">,</wf>
         <wf lemma="weil" pos="X">weil</wf>
         <wf lemma="sie" pos="X">sie</wf>
         <wf lemma="jetzt" pos="ADV">jetzt</wf>
         <wf lemma="vereinen" pos="VERB">vereint</wf>
         <wf lemma="sein" pos="VERB">sind</wf>
         <wf lemma="und" pos="X">und</wf>
         <wf lemma="Maßnahme" pos="NOUN">Maßnahmen</wf>
         <wf lemma="von" pos="X">von</wf>
         <wf lemma="d" pos="X">den</wf>
         <wf lemma="Schwellenland" pos="NOUN">Schwellenländern</wf>
         <wf lemma="," pos="X">,</wf>
         <wf lemma="wie" pos="X">wie</wf>
         <instance id="d000.s087.t002" lemma="China" pos="NOUN">China</instance>
         <wf lemma="und" pos="X">und</wf>
         <instance id="d000.s087.t003" lemma="Indien" pos="NOUN">Indien</instance>
         <wf lemma="," pos="X">,</wf>
         <wf lemma="fordern" pos="VERB">fordern</wf>
         <wf lemma="." pos="X">.</wf>
      </sentence>
      <sentence id="d000.s088" source="semeval2013-de">
         <wf lemma="wir" pos="X">Wir</wf>
         <wf lemma="sein" pos="VERB">sind</wf>
         <wf lemma="überzeugt" pos="X">überzeugt</wf>
         <wf lemma="," pos="X">,</wf>
         <wf lemma="dass" pos="X">dass</wf>
         <wf lemma="d" pos="X">das</wf>
         <wf lemma="chinesisch" pos="X">chinesische</wf>
         <instance id="d000.s088.t000" lemma="Unternehmen" pos="NOUN">Unternehmen</instance>
         <wf lemma="er" pos="X">sich</wf>
         <wf lemma="mit" pos="X">mit</wf>
         <wf lemma="sein" pos="X">seinen</wf>
         <wf lemma="Mitbieter" pos="NOUN">Mitbietern</wf>
         <wf lemma="messen" pos="VERB">messen</wf>
         <wf lemma="können" pos="VERB">kann</wf>
         <wf lemma="und" pos="X">und</wf>
         <wf lemma="sein" pos="X">seine</wf>
         <instance id="d000.s088.t001" lemma="Verpflichtung" pos="NOUN">Verpflichtungen</instance>
         <wf lemma="gegenüber" pos="X">gegenüber</wf>
         <wf lemma="d" pos="X">dem</wf>
         <instance id="d000.s088.t002" lemma="Irak" pos="NOUN">Irak</instance>
         <wf lemma="erfüllen" pos="VERB">erfüllen</wf>
         <wf lemma="werden" pos="VERB">wird</wf>
         <wf lemma="." pos="X">.</wf>
      </sentence>
      <sentence id="d000.s089" source="semeval2013-de">
         <wf lemma="zwei" pos="X">Zwei</wf>
         <wf lemma="amerikanisch" pos="X">amerikanische</wf>
         <instance id="d000.s089.t000" lemma="Unternehmen" pos="NOUN">Unternehmen</instance>
         <wf lemma="können" pos="VERB">konnten</wf>
         <instance id="d000.s089.t001" lemma="Vertrag" pos="NOUN">Verträge</instance>
         <wf lemma="für" pos="X">für</wf>
         <wf lemma="im" pos="X">im</wf>
         <instance id="d000.s089.t002" lemma="Juni" pos="NOUN">Juni</instance>
         <wf lemma="versteigert" pos="X">versteigerte</wf>
         <instance id="d000.s089.t003" lemma="Feld" pos="NOUN">Felder</instance>
         <wf lemma="abschließen" pos="VERB">abschließen</wf>
         <wf lemma="." pos="X">.</wf>
      </sentence>
      <sentence id="d000.s090" source="semeval2013-de">
         <wf lemma="im" pos="X">Im</wf>
         <wf lemma="Minutentakt" pos="NOUN">Minutentakt</wf>
         <wf lemma="verschicken" pos="VERB">verschickten</wf>
         <wf lemma="sie" pos="X">sie</wf>
         <wf lemma="über" pos="X">über</wf>
         <wf lemma="Twitter" pos="NOUN">Twitter</wf>
         <wf lemma="ihr" pos="X">ihre</wf>
         <instance id="d000.s090.t000" lemma="Bericht" pos="NOUN">Berichte</instance>
         <wf lemma="über" pos="X">über</wf>
         <wf lemma="grausig" pos="X">grausige</wf>
         <wf lemma="Zeugenaussage" pos="NOUN">Zeugenaussagen</wf>
         <wf lemma="." pos="X">.</wf>
      </sentence>
      <sentence id="d000.s091" source="semeval2013-de">
         <wf lemma="&quot;" pos="X">&quot;</wf>
         <wf lemma="d" pos="X">Die</wf>
         <instance id="d000.s091.t000" lemma="Giftigkeit" pos="NOUN">Giftigkeit</instance>
         <wf lemma="d" pos="X">des</wf>
         <instance id="d000.s091.t001" lemma="Arsen" pos="NOUN">Arsens</instance>
         <wf lemma="beruhen" pos="VERB">beruht</wf>
         <wf lemma="vor" pos="X">vor</wf>
         <wf lemma="alle" pos="X">allem</wf>
         <wf lemma="darauf" pos="X">darauf</wf>
         <wf lemma="," pos="X">,</wf>
         <wf lemma="dass" pos="X">dass</wf>
         <wf lemma="es" pos="X">es</wf>
         <wf lemma="er" pos="X">sich</wf>
         <wf lemma="chemisch" pos="X">chemisch</wf>
         <wf lemma="ähnlich" pos="X">ähnlich</wf>
         <wf lemma="verhalten" pos="VERB">verhält</wf>
         <wf lemma="wie" pos="X">wie</wf>
         <instance id="d000.s091.t002" lemma="Phosphor" pos="NOUN">Phosphor</instance>
         <wf lemma="." pos="X">.</wf>
         <wf lemma="&quot;" pos="X">&quot;</wf>
      </sentence>
      <sentence id="d000.s092" source="semeval2013-de">
         <wf lemma="doch" pos="X">Doch</wf>
         <wf lemma="wie" pos="X">wie</wf>
         <wf lemma="d" pos="X">die</wf>
         <instance id="d000.s092.t000" lemma="Wissenschaftler" pos="NOUN">Wissenschaftler</instance>
         <wf lemma="herausfinden" pos="VERB">herausfanden</wf>
         <wf lemma="," pos="X">,</wf>
         <wf lemma="wachsen" pos="VERB">wächst</wf>
         <wf lemma="d" pos="X">das</wf>
         <instance id="d000.s092.t001" lemma="Bakterium" pos="NOUN">Bakterium</instance>
         <wf lemma="im" pos="X">im</wf>
         <wf lemma="kalifornisch" pos="X">kalifornischen</wf>
         <wf lemma="Mono_Lake" pos="NOUN">Mono_Lake</wf>
         <wf lemma="auch" pos="ADV">auch</wf>
         <wf lemma="dann" pos="ADV">dann</wf>
         <wf lemma="noch" pos="ADV">noch</wf>
         <wf lemma="weiter" pos="X">weiter</wf>
         <wf lemma="," pos="X">,</wf>
         <wf lemma="wenn" pos="X">wenn</wf>
         <wf lemma="es" pos="X">es</wf>
         <instance id="d000.s092.t002" lemma="Phosphor" pos="NOUN">Phosphor</instance>
         <wf lemma="durch" pos="X">durch</wf>
         <instance id="d000.s092.t003" lemma="Arsen" pos="NOUN">Arsen</instance>
         <wf lemma="ersetzen" pos="VERB">ersetzt</wf>
         <wf lemma="." pos="X">.</wf>
      </sentence>
      <sentence id="d000.s093" source="semeval2013-de">
         <wf lemma="Sie" pos="X">Sie</wf>
         <wf lemma="treffen" pos="VERB">trafen</wf>
         <wf lemma="ein" pos="X">eine</wf>
         <wf lemma="strategisch" pos="X">strategische</wf>
         <wf lemma="Entscheidung" pos="NOUN">Entscheidung</wf>
         <wf lemma="," pos="X">,</wf>
         <wf lemma="ohne" pos="X">ohne</wf>
         <wf lemma="ein" pos="X">einer</wf>
         <instance id="d000.s093.t000" lemma="Strafe" pos="NOUN">Strafe</instance>
         <wf lemma="ausweichen" pos="VERB">auszuweichen</wf>
         <wf lemma="oder" pos="X">oder</wf>
         <wf lemma="vor" pos="X">vor</wf>
         <wf lemma="ihr" pos="X">ihr</wf>
         <wf lemma="zu" pos="X">zu</wf>
         <wf lemma="flüchten" pos="VERB">flüchten</wf>
         <wf lemma="." pos="X">.</wf>
      </sentence>
      <sentence id="d000.s094" source="semeval2013-de">
         <wf lemma="beide" pos="X">Beide</wf>
         <instance id="d000.s094.t000" lemma="Wert" pos="NOUN">Werte</instance>
         <wf lemma="entsprechen" pos="VERB">entsprechen</wf>
         <wf lemma="d" pos="X">denen</wf>
         <wf lemma="d" pos="X">des</wf>
         <wf lemma="letzt" pos="X">letzten</wf>
         <instance id="d000.s094.t001" lemma="Jahr" pos="NOUN">Jahres</instance>
         <wf lemma="," pos="X">,</wf>
         <wf lemma="zeigen" pos="VERB">zeigen</wf>
         <wf lemma="aber" pos="ADV">aber</wf>
         <wf lemma="ein" pos="X">einen</wf>
         <wf lemma="deutlich" pos="X">deutlichen</wf>
         <instance id="d000.s094.t002" lemma="Anstieg" pos="NOUN">Anstieg</instance>
         <wf lemma="gegenüber" pos="X">gegenüber</wf>
         <wf lemma="@card@" pos="X">2003</wf>
         <wf lemma="(" pos="X">(</wf>
         <wf lemma="17" pos="X">17</wf>
         <instance id="d000.s094.t003" lemma="%" pos="NOUN">%</instance>
         <wf lemma="bzw." pos="X">bzw.</wf>
         <wf lemma="24" pos="X">24</wf>
         <instance id="d000.s094.t004" lemma="%" pos="NOUN">%</instance>
         <wf lemma=")" pos="X">)</wf>
         <wf lemma="." pos="X">.</wf>
      </sentence>
      <sentence id="d000.s095" source="semeval2013-de">
         <wf lemma="&quot;" pos="X">&quot;</wf>
         <wf lemma="doch" pos="X">Doch</wf>
         <wf lemma="d" pos="X">der</wf>
         <wf lemma="Unterschied" pos="NOUN">Unterschied</wf>
         <wf lemma="sein" pos="VERB">ist</wf>
         <wf lemma="so" pos="ADV">so</wf>
         <wf lemma="groß" pos="X">groß</wf>
         <wf lemma="," pos="X">,</wf>
         <wf lemma="dass" pos="X">dass</wf>
         <instance id="d000.s095.t000" lemma="Arsen" pos="NOUN">Arsen</instance>
         <wf lemma="anders" pos="ADV">anders</wf>
         <wf lemma="wirken" pos="VERB">wirkt</wf>
         <wf lemma="als" pos="X">als</wf>
         <instance id="d000.s095.t001" lemma="Phosphor" pos="NOUN">Phosphor</instance>
         <wf lemma="." pos="X">.</wf>
         <wf lemma="es" pos="X">Es</wf>
         <wf lemma="gelangen" pos="VERB">gelangt</wf>
         <wf lemma="in" pos="X">in</wf>
         <wf lemma="unser" pos="X">unser</wf>
         <wf lemma="biochemisches" pos="X">biochemisches</wf>
         <instance id="d000.s095.t002" lemma="System" pos="NOUN">System</instance>
         <wf lemma="," pos="X">,</wf>
         <wf lemma="wo" pos="X">wo</wf>
         <wf lemma="es" pos="X">es</wf>
         <wf lemma="quasi" pos="ADV">quasi</wf>
         <wf lemma="alle" pos="X">alles</wf>
         <wf lemma="verschmieren" pos="VERB">verschmiert</wf>
         <wf lemma="&quot;" pos="X">&quot;</wf>
         <wf lemma="," pos="X">,</wf>
         <wf lemma="erklären" pos="VERB">erklärt</wf>
         <wf lemma="Anbar" pos="NOUN">Anbar</wf>
         <wf lemma="." pos="X">.</wf>
      </sentence>
      <sentence id="d000.s096" source="semeval2013-de">
         <wf lemma="als" pos="X">Als</wf>
         <wf lemma="ob" pos="X">ob</wf>
         <wf lemma="d" pos="X">die</wf>
         <instance id="d000.s096.t000" lemma="Problem" pos="NOUN">Probleme</instance>
         <wf lemma="daheim" pos="ADV">daheim</wf>
         <wf lemma="für" pos="X">für</wf>
         <wf lemma="d" pos="X">die</wf>
         <wf lemma="Deutsche_Bank" pos="NOUN">Deutsche_Bank</wf>
         <wf lemma="nicht" pos="X">nicht</wf>
         <wf lemma="schon" pos="ADV">schon</wf>
         <wf lemma="genug" pos="ADV">genug</wf>
         <wf lemma="sein" pos="VERB">wären</wf>
         <wf lemma="," pos="X">,</wf>
         <wf lemma="holen" pos="VERB">holt</wf>
         <wf lemma="d" pos="X">den</wf>
         <wf lemma="Branchenriese" pos="NOUN">Branchenriesen</wf>
         <wf lemma="nun" pos="ADV">nun</wf>
         <wf lemma="auch" pos="ADV">auch</wf>
         <wf lemma="noch" pos="ADV">noch</wf>
         <wf lemma="sein" pos="X">seine</wf>
         <instance id="d000.s096.t001" lemma="Vergangenheit" pos="NOUN">Vergangenheit</instance>
         <wf lemma="in" pos="X">in</wf>
         <wf lemma="d" pos="X">den</wf>
         <instance id="d000.s096.t002" lemma="USA" pos="NOUN">USA</instance>
         <wf lemma="ein" pos="X">ein</wf>
         <wf lemma=":" pos="X">:</wf>
         <wf lemma="d" pos="X">Das</wf>
         <wf lemma="Frankfurter" pos="X">Frankfurter</wf>
         <wf lemma="Institut" pos="NOUN">Institut</wf>
         <wf lemma="zahlen" pos="VERB">zahlt</wf>
         <wf lemma="in" pos="X">in</wf>
         <wf lemma="ein" pos="X">einem</wf>
         <wf lemma="Vergleich" pos="NOUN">Vergleich</wf>
         <wf lemma="@card@" pos="X">145</wf>
         <instance id="d000.s096.t003" lemma="Million" pos="NOUN">Millionen</instance>
         <instance id="d000.s096.t004" lemma="Dollar" pos="NOUN">Dollar</instance>
         <wf lemma="(" pos="X">(</wf>
         <wf lemma="@card@" pos="X">106</wf>
         <instance id="d000.s096.t005" lemma="Million" pos="NOUN">Millionen</instance>
         <instance id="d000.s096.t006" lemma="Euro" pos="NOUN">Euro</instance>
         <wf lemma=")" pos="X">)</wf>
         <wf lemma="," pos="X">,</wf>
         <wf lemma="um" pos="X">um</wf>
         <wf lemma="Streitigkeit" pos="NOUN">Streitigkeiten</wf>
         <wf lemma="wegen" pos="X">wegen</wf>
         <wf lemma="d" pos="X">der</wf>
         <instance id="d000.s096.t007" lemma="Pleite" pos="NOUN">Pleite</instance>
         <wf lemma="von" pos="X">von</wf>
         <wf lemma="fünf" pos="X">fünf</wf>
         <wf lemma="groß" pos="X">großen</wf>
         <instance id="d000.s096.t008" lemma="Genossenschaftsbank" pos="NOUN">Genossenschaftsbanken</instance>
         <wf lemma="während" pos="X">während</wf>
         <wf lemma="d" pos="X">der</wf>
         <wf lemma="Finanzkrise" pos="NOUN">Finanzkrise</wf>
         <wf lemma="beilegen" pos="VERB">beizulegen</wf>
         <wf lemma="." pos="X">.</wf>
      </sentence>
      <sentence id="d000.s097" source="semeval2013-de">
         <wf lemma="wir" pos="X">Wir</wf>
         <wf lemma="werden" pos="VERB">werden</wf>
         <wf lemma="sehen" pos="VERB">sehen</wf>
         <wf lemma="," pos="X">,</wf>
         <wf lemma="wie" pos="X">wie</wf>
         <wf lemma="d" pos="X">die</wf>
         <wf lemma="spanisch" pos="X">spanische</wf>
         <wf lemma="Mannschaft" pos="NOUN">Mannschaft</wf>
         <wf lemma="ihr" pos="X">ihren</wf>
         <wf lemma="letzt" pos="X">letzten</wf>
         <instance id="d000.s097.t000" lemma="Register" pos="NOUN">Register</instance>
         <wf lemma="zeihen" pos="VERB">zieht</wf>
         <wf lemma=":" pos="X">:</wf>
         <wf lemma="d" pos="X">Den</wf>
         <instance id="d000.s097.t001" lemma="Torwart" pos="NOUN">Torwart</instance>
         <wf lemma="iker_casillas" pos="NOUN">Iker_Casillas</wf>
         <wf lemma="," pos="X">,</wf>
         <wf lemma="d" pos="X">der</wf>
         <wf lemma="am" pos="X">am</wf>
         <wf lemma="letzt" pos="X">letzten</wf>
         <instance id="d000.s097.t002" lemma="Samstag" pos="NOUN">Samstag</instance>
         <wf lemma="gegen" pos="X">gegen</wf>
         <instance id="d000.s097.t003" lemma="England" pos="NOUN">England</instance>
         <wf lemma="(" pos="X">(</wf>
         <instance id="d000.s097.t004" lemma="Niederlage" pos="NOUN">Niederlage</instance>
         <wf lemma="@card@" pos="X">0-1</wf>
         <wf lemma="in" pos="X">in</wf>
         <instance id="d000.s097.t005" lemma="London" pos="NOUN">London</instance>
         <wf lemma=")" pos="X">)</wf>
         <wf lemma="mit" pos="X">mit</wf>
         <wf lemma="126" pos="X">126</wf>
         <wf lemma="Auslandsspielen" pos="NOUN">Auslandsspielen</wf>
         <wf lemma="ein" pos="X">einen</wf>
         <wf lemma="Gleichstand" pos="NOUN">Gleichstand</wf>
         <wf lemma="mit" pos="X">mit</wf>
         <wf lemma="d" pos="X">dem</wf>
         <wf lemma="ehemalig" pos="X">ehemaligen</wf>
         <instance id="d000.s097.t006" lemma="Torwart" pos="NOUN">Torwart</instance>
         <wf lemma="andoni_zubizarreta" pos="NOUN">Andoni_Zubizarreta</wf>
         <wf lemma="erreichen" pos="VERB">erreichte</wf>
         <wf lemma="." pos="X">.</wf>
      </sentence>
      <sentence id="d000.s098" source="semeval2013-de">
         <wf lemma="d" pos="X">Die</wf>
         <wf lemma="Europäische_Gemeinschaft" pos="NOUN">Europäische_Gemeinschaft</wf>
         <wf lemma="haben" pos="VERB">hat</wf>
         <wf lemma="d" pos="X">den</wf>
         <instance id="d000.s098.t000" lemma="Gespräch" pos="NOUN">Gesprächen</instance>
         <wf lemma="am" pos="X">am</wf>
         <instance id="d000.s098.t001" lemma="Freitag" pos="NOUN">Freitag</instance>
         <wf lemma="zudem" pos="ADV">zudem</wf>
         <wf lemma="ein" pos="X">einen</wf>
         <instance id="d000.s098.t002" lemma="Auftrieb" pos="NOUN">Auftrieb</instance>
         <wf lemma="durch" pos="X">durch</wf>
         <wf lemma="ihr" pos="X">ihre</wf>
         <wf lemma="Zusicherung" pos="NOUN">Zusicherung</wf>
         <wf lemma="verleihen" pos="VERB">verliehen</wf>
         <wf lemma="," pos="X">,</wf>
         <wf lemma="über" pos="X">über</wf>
         <wf lemma="d" pos="X">die</wf>
         <wf lemma="nah" pos="X">nächsten</wf>
         <wf lemma="drei" pos="X">drei</wf>
         <instance id="d000.s098.t003" lemma="Jahr" pos="NOUN">Jahre</instance>
         <wf lemma="hinweg" pos="ADV">hinweg</wf>
         <wf lemma="3,6" pos="X">3,6</wf>
         <wf lemma="Milliarde" pos="NOUN">Milliarden</wf>
         <instance id="d000.s098.t004" lemma="US-Dollar" pos="NOUN">US-Dollar</instance>
         <wf lemma="pro" pos="X">pro</wf>
         <instance id="d000.s098.t005" lemma="Jahr" pos="NOUN">Jahr</instance>
         <wf lemma="bereitstellen" pos="VERB">bereitzustellen</wf>
         <wf lemma="," pos="X">,</wf>
         <wf lemma="um" pos="X">um</wf>
         <wf lemma="arm" pos="X">ärmere</wf>
         <instance id="d000.s098.t006" lemma="Land" pos="NOUN">Länder</instance>
         <wf lemma="dabei" pos="X">dabei</wf>
         <wf lemma="zu" pos="X">zu</wf>
         <wf lemma="unterstützen" pos="VERB">unterstützen</wf>
         <wf lemma="," pos="X">,</wf>
         <wf lemma="er" pos="X">sich</wf>
         <wf lemma="d" pos="X">den</wf>
         <wf lemma="Auswirkung" pos="NOUN">Auswirkungen</wf>
         <wf lemma="d" pos="X">des</wf>
         <instance id="d000.s098.t007" lemma="Klimawandel" pos="NOUN">Klimawandels</instance>
         <wf lemma="anpassen" pos="VERB">anzupassen</wf>
         <wf lemma="-" pos="X">-</wf>
         <wf lemma="vom" pos="X">vom</wf>
         <wf lemma="Meister" pos="NOUN">Meistern</wf>
         <wf lemma="d" pos="X">der</wf>
         <instance id="d000.s098.t008" lemma="Überschwemmung" pos="NOUN">Überschwemmungen</instance>
         <wf lemma="und" pos="X">und</wf>
         <instance id="d000.s098.t009" lemma="Dürre" pos="NOUN">Dürren</instance>
         <wf lemma="bis" pos="X">bis</wf>
         <wf lemma="zur" pos="X">zur</wf>
         <wf lemma="Vermeidung" pos="NOUN">Vermeidung</wf>
         <wf lemma="d" pos="X">der</wf>
         <instance id="d000.s098.t010" lemma="Entwaldung" pos="NOUN">Entwaldung</instance>
         <wf lemma="." pos="X">.</wf>
      </sentence>
      <sentence id="d000.s099" source="semeval2013-de">
         <wf lemma="d" pos="X">Die</wf>
         <wf lemma="krisengeschüttelt" pos="X">krisengeschüttelten</wf>
         <wf lemma="US-Großbank" pos="NOUN">US-Großbanken</wf>
         <wf lemma="streifen" pos="VERB">streifen</wf>
         <wf lemma="ihr" pos="X">ihre</wf>
         <wf lemma="staatlich" pos="X">staatlichen</wf>
         <instance id="d000.s099.t000" lemma="Fessel" pos="NOUN">Fesseln</instance>
         <wf lemma="ab" pos="X">ab</wf>
         <wf lemma="." pos="X">.</wf>
      </sentence>
      <sentence id="d000.s100" source="semeval2013-de">
         <wf lemma="d" pos="X">Der</wf>
         <wf lemma="geschichtsträchtig" pos="X">geschichtsträchtige</wf>
         <instance id="d000.s100.t000" lemma="Torhüter" pos="NOUN">Torhüter</instance>
         <wf lemma="Spanien" pos="NOUN">Spaniens</wf>
         <wf lemma="sein" pos="VERB">ist</wf>
         <wf lemma="David_Villa" pos="NOUN">David_Villa</wf>
         <wf lemma="mit" pos="X">mit</wf>
         <wf lemma="50" pos="X">50</wf>
         <wf lemma="Treffer" pos="NOUN">Treffern</wf>
         <wf lemma="," pos="X">,</wf>
         <wf lemma="folgen" pos="VERB">gefolgt</wf>
         <wf lemma="von" pos="X">von</wf>
         <wf lemma="fernando_torres" pos="NOUN">Fernando_Torres</wf>
         <wf lemma="mit" pos="X">mit</wf>
         <wf lemma="27." pos="X">27.</wf>
      </sentence>
      <sentence id="d000.s101" source="semeval2013-de">
         <wf lemma="Michael" pos="NOUN">Michael</wf>
         <wf lemma="Zammit" pos="NOUN">Zammit</wf>
         <wf lemma="Cutajar" pos="NOUN">Cutajar</wf>
         <wf lemma="," pos="X">,</wf>
         <wf lemma="d" pos="X">der</wf>
         <wf lemma="d" pos="X">das</wf>
         <wf lemma="sechsseitige" pos="X">sechsseitige</wf>
         <instance id="d000.s101.t000" lemma="Dokument" pos="NOUN">Dokument</instance>
         <wf lemma="entwerfen" pos="VERB">entworfen</wf>
         <wf lemma="haben" pos="VERB">hat</wf>
         <wf lemma="," pos="X">,</wf>
         <wf lemma="haben" pos="VERB">hat</wf>
         <wf lemma="ein" pos="X">einen</wf>
         <wf lemma="180" pos="X">180</wf>
         <instance id="d000.s101.t001" lemma="Seite" pos="NOUN">Seiten</instance>
         <wf lemma="lang" pos="X">langen</wf>
         <wf lemma="Verhandlungstext" pos="NOUN">Verhandlungstext</wf>
         <wf lemma="zusammenfassen" pos="VERB">zusammengefasst</wf>
         <wf lemma="," pos="X">,</wf>
         <wf lemma="um" pos="X">um</wf>
         <wf lemma="d" pos="X">das</wf>
         <wf lemma="in" pos="X">in</wf>
         <wf lemma="d" pos="X">den</wf>
         <instance id="d000.s101.t002" lemma="Mittelpunkt" pos="NOUN">Mittelpunkt</instance>
         <wf lemma="zu" pos="X">zu</wf>
         <wf lemma="stellen" pos="VERB">stellen</wf>
         <wf lemma="," pos="X">,</wf>
         <wf lemma="was" pos="X">was</wf>
         <wf lemma="d" pos="X">der</wf>
         <wf lemma="führend" pos="X">führende</wf>
         <wf lemma="Klimaschutzvertreter" pos="NOUN">Klimaschutzvertreter</wf>
         <wf lemma="d" pos="X">der</wf>
         <wf lemma="UNO" pos="NOUN">UNO</wf>
         <wf lemma="," pos="X">,</wf>
         <wf lemma="yvo_de_boer" pos="NOUN">Yvo_de_Boer</wf>
         <wf lemma="," pos="X">,</wf>
         <wf lemma="als" pos="X">als</wf>
         <wf lemma="&quot;" pos="X">&quot;</wf>
         <wf lemma="d" pos="X">das</wf>
         <wf lemma="groß" pos="X">große</wf>
         <wf lemma="Ganze" pos="NOUN">Ganze</wf>
         <wf lemma="&quot;" pos="X">&quot;</wf>
         <wf lemma="bezeichnen" pos="VERB">bezeichnet</wf>
         <wf lemma="haben" pos="VERB">hat</wf>
         <wf lemma="." pos="X">.</wf>
      </sentence>
      <sentence id="d000.s102" source="semeval2013-de">
         <wf lemma="d" pos="X">Die</wf>
         <wf lemma="toll" pos="X">tollen</wf>
         <wf lemma="Treffer" pos="NOUN">Treffer</wf>
         <wf lemma="aus" pos="X">aus</wf>
         <wf lemma="d" pos="X">dem</wf>
         <wf lemma="Perimeter" pos="NOUN">Perimeter</wf>
         <wf lemma="heraus" pos="ADV">heraus</wf>
         <wf lemma="mit" pos="X">mit</wf>
         <wf lemma="16" pos="X">16</wf>
         <wf lemma="bewertet" pos="X">bewerteten</wf>
         <wf lemma="Dreifachen" pos="NOUN">Dreifachen</wf>
         <wf lemma="tragen" pos="VERB">trugen</wf>
         <wf lemma="maβgeblich" pos="X">maβgeblich</wf>
         <wf lemma="zu" pos="X">zu</wf>
         <wf lemma="ihr" pos="X">ihrem</wf>
         <wf lemma="endgültig" pos="X">endgültigen</wf>
         <instance id="d000.s102.t000" lemma="Sieg" pos="NOUN">Sieg</instance>
         <wf lemma="bei" pos="X">bei</wf>
         <wf lemma="." pos="X">.</wf>
      </sentence>
      <sentence id="d000.s103" source="semeval2013-de">
         <wf lemma="d" pos="X">Die</wf>
         <instance id="d000.s103.t000" lemma="Studie" pos="NOUN">Studie</instance>
         <wf lemma="befassen" pos="VERB">befasst</wf>
         <wf lemma="er" pos="X">sich</wf>
         <wf lemma="mit" pos="X">mit</wf>
         <instance id="d000.s103.t001" lemma="Mikrobe" pos="NOUN">Mikroben</instance>
         <wf lemma="," pos="X">,</wf>
         <wf lemma="d" pos="X">die</wf>
         <wf lemma="auf" pos="X">auf</wf>
         <wf lemma="d" pos="X">der</wf>
         <instance id="d000.s103.t002" lemma="Erde" pos="NOUN">Erde</instance>
         <wf lemma="finden" pos="VERB">gefunden</wf>
         <wf lemma="werden" pos="VERB">wurden</wf>
         <wf lemma="." pos="X">.</wf>
      </sentence>
      <sentence id="d000.s104" source="semeval2013-de">
         <wf lemma="d" pos="X">Die</wf>
         <instance id="d000.s104.t000" lemma="Verteidiger" pos="NOUN">Verteidiger</instance>
         <wf lemma="sagen" pos="VERB">sagen</wf>
         <wf lemma="," pos="X">,</wf>
         <wf lemma="sie" pos="X">sie</wf>
         <wf lemma="werden" pos="VERB">würden</wf>
         <wf lemma="auch" pos="ADV">auch</wf>
         <wf lemma="d" pos="X">die</wf>
         <wf lemma="Verfassungsmäßigkeit" pos="NOUN">Verfassungsmäßigkeit</wf>
         <wf lemma="d" pos="X">der</wf>
         <instance id="d000.s104.t001" lemma="Todesstrafe" pos="NOUN">Todesstrafe</instance>
         <wf lemma="Konstitution" pos="NOUN">Konstitution</wf>
         <wf lemma="in" pos="X">in</wf>
         <instance id="d000.s104.t002" lemma="Frage" pos="NOUN">Frage</instance>
         <wf lemma="stellen" pos="VERB">stellen</wf>
         <wf lemma="," pos="X">,</wf>
         <wf lemma="und" pos="X">und</wf>
         <wf lemma="argumentieren" pos="VERB">argumentieren</wf>
         <wf lemma="," pos="X">,</wf>
         <wf lemma="dass" pos="X">dass</wf>
         <wf lemma="d" pos="X">der</wf>
         <instance id="d000.s104.t003" lemma="Richter" pos="NOUN">Richter</instance>
         <wf lemma="fälschlicherweise" pos="ADV">fälschlicherweise</wf>
         <wf lemma="ein" pos="X">einen</wf>
         <instance id="d000.s104.t004" lemma="Juror" pos="NOUN">Juror</instance>
         <wf lemma="austauschen" pos="VERB">ausgetauscht</wf>
         <wf lemma="haben" pos="VERB">habe</wf>
         <wf lemma="," pos="X">,</wf>
         <wf lemma="d" pos="X">der</wf>
         <wf lemma="ein" pos="X">ein</wf>
         <instance id="d000.s104.t005" lemma="Kritiker" pos="NOUN">Kritiker</instance>
         <wf lemma="d" pos="X">der</wf>
         <wf lemma="Staatsanwaltschaft" pos="NOUN">Staatsanwaltschaft</wf>
         <wf lemma="sein" pos="VERB">gewesen</wf>
         <wf lemma="sein" pos="VERB">sei</wf>
         <wf lemma="," pos="X">,</wf>
         <wf lemma="und" pos="X">und</wf>
         <wf lemma="dass" pos="X">dass</wf>
         <wf lemma="er" pos="X">er</wf>
         <wf lemma="unzulässig" pos="X">unzulässiger</wf>
         <instance id="d000.s104.t006" lemma="Weise" pos="NOUN">Weise</instance>
         <instance id="d000.s104.t007" lemma="Druck" pos="NOUN">Druck</instance>
         <wf lemma="auf" pos="X">auf</wf>
         <wf lemma="d" pos="X">das</wf>
         <instance id="d000.s104.t008" lemma="Urteil" pos="NOUN">Urteil</instance>
         <wf lemma="ausüben" pos="VERB">ausgeübt</wf>
         <wf lemma="haben" pos="VERB">hätte</wf>
         <wf lemma="," pos="X">,</wf>
         <wf lemma="als" pos="X">als</wf>
         <wf lemma="er" pos="X">er</wf>
         <wf lemma="d" pos="X">die</wf>
         <wf lemma="unüblich" pos="X">unübliche</wf>
         <instance id="d000.s104.t009" lemma="Entscheidung" pos="NOUN">Entscheidung</instance>
         <wf lemma="treffen" pos="VERB">getroffen</wf>
         <wf lemma="haben" pos="VERB">hatte</wf>
         <wf lemma="," pos="X">,</wf>
         <wf lemma="d" pos="X">die</wf>
         <instance id="d000.s104.t010" lemma="Jury" pos="NOUN">Jury</instance>
         <wf lemma="über" pos="X">über</wf>
         <wf lemma="d" pos="X">das</wf>
         <instance id="d000.s104.t011" lemma="Wochenende" pos="NOUN">Wochenende</instance>
         <wf lemma="frei" pos="X">frei</wf>
         <wf lemma="zu" pos="X">zu</wf>
         <wf lemma="stellen" pos="VERB">stellen</wf>
         <wf lemma="." pos="X">.</wf>
      </sentence>
      <sentence id="d000.s105" source="semeval2013-de">
         <wf lemma="d" pos="X">Der</wf>
         <wf lemma="erweitert" pos="X">erweiterte</wf>
         <instance id="d000.s105.t000" lemma="Index" pos="NOUN">Index</instance>
         <wf lemma="Standard_&amp;_Poor's_500" pos="NOUN">Standard_&amp;_Poor's_500</wf>
         <wf lemma="sein" pos="VERB">ist</wf>
         <wf lemma="um" pos="X">um</wf>
         <wf lemma="@card@" pos="X">0,37</wf>
         <instance id="d000.s105.t001" lemma="%" pos="NOUN">%</instance>
         <wf lemma="(" pos="X">(</wf>
         <wf lemma="@card@" pos="X">4,06</wf>
         <instance id="d000.s105.t002" lemma="Punkt" pos="NOUN">Punkte</instance>
         <wf lemma=")" pos="X">)</wf>
         <wf lemma="auf" pos="X">auf</wf>
         <wf lemma="@card@" pos="X">1.106,41</wf>
         <instance id="d000.s105.t003" lemma="Punkt" pos="NOUN">Punkte</instance>
         <wf lemma="ansteigen" pos="VERB">angestiegen</wf>
         <wf lemma="." pos="X">.</wf>
      </sentence>
      <sentence id="d000.s106" source="semeval2013-de">
         <wf lemma="d" pos="X">Die</wf>
         <wf lemma="Befragte" pos="NOUN">Befragten</wf>
         <wf lemma="in" pos="X">in</wf>
         <instance id="d000.s106.t000" lemma="Mexiko" pos="NOUN">Mexiko</instance>
         <wf lemma="und" pos="X">und</wf>
         <wf lemma="d" pos="X">den</wf>
         <wf lemma="meist" pos="X">meisten</wf>
         <instance id="d000.s106.t001" lemma="Land" pos="NOUN">Ländern</instance>
         <wf lemma="Mittelamerika" pos="NOUN">Mittelamerika</wf>
         <wf lemma="hingegen" pos="ADV">hingegen</wf>
         <wf lemma="sehen" pos="VERB">sehen</wf>
         <wf lemma="in" pos="X">in</wf>
         <wf lemma="d" pos="X">den</wf>
         <instance id="d000.s106.t002" lemma="USA" pos="NOUN">USA</instance>
         <wf lemma="d" pos="X">das</wf>
         <wf lemma="einflußreich" pos="X">einflussreichste</wf>
         <instance id="d000.s106.t003" lemma="Land" pos="NOUN">Land</instance>
         <wf lemma="," pos="X">,</wf>
         <wf lemma="wobei" pos="X">wobei</wf>
         <wf lemma="dies" pos="X">diese</wf>
         <instance id="d000.s106.t004" lemma="Rolle" pos="NOUN">Rolle</instance>
         <wf lemma="in" pos="X">in</wf>
         <wf lemma="d" pos="X">der</wf>
         <instance id="d000.s106.t005" lemma="Dominikanische_Republik" pos="NOUN">Dominikanischen_Republik</instance>
         <wf lemma="und" pos="X">und</wf>
         <instance id="d000.s106.t006" lemma="Nicaragua" pos="NOUN">Nicaragua</instance>
         <wf lemma="von" pos="X">von</wf>
         <instance id="d000.s106.t007" lemma="Venezuela" pos="NOUN">Venezuela</instance>
         <wf lemma="übernehmen" pos="VERB">übernommen</wf>
         <wf lemma="werden" pos="VERB">wird</wf>
         <wf lemma="." pos="X">.</wf>
      </sentence>
      <sentence id="d000.s107" source="semeval2013-de">
         <wf lemma="in" pos="X">In</wf>
         <instance id="d000.s107.t000" lemma="Mexiko" pos="NOUN">Mexiko</instance>
         <wf lemma="und" pos="X">und</wf>
         <wf lemma="Mittelamerika" pos="NOUN">Mittelamerika</wf>
         <wf lemma="," pos="X">,</wf>
         <wf lemma="wo" pos="X">wo</wf>
         <wf lemma="d" pos="X">die</wf>
         <instance id="d000.s107.t001" lemma="Rezession" pos="NOUN">Rezession</instance>
         <wf lemma="stark" pos="X">stärker</wf>
         <wf lemma="spürbar" pos="X">spürbar</wf>
         <wf lemma="sein" pos="VERB">war</wf>
         <wf lemma="und" pos="X">und</wf>
         <wf lemma="Gewaltverbrechen" pos="NOUN">Gewaltverbrechen</wf>
         <wf lemma="zunehmen" pos="VERB">zugenommen</wf>
         <wf lemma="haben" pos="VERB">haben</wf>
         <wf lemma="," pos="X">,</wf>
         <wf lemma="sein" pos="VERB">ist</wf>
         <wf lemma="dies" pos="X">dies</wf>
         <wf lemma="weniger" pos="ADV">weniger</wf>
         <wf lemma="d" pos="X">der</wf>
         <instance id="d000.s107.t002" lemma="Fall" pos="NOUN">Fall</instance>
         <wf lemma="." pos="X">.</wf>
      </sentence>
      <sentence id="d000.s108" source="semeval2013-de">
         <wf lemma="von" pos="X">Von</wf>
         <wf lemma="d" pos="X">den</wf>
         <wf lemma="22" pos="X">22</wf>
         <wf lemma="aus" pos="X">aus</wf>
         <instance id="d000.s108.t000" lemma="Spanien" pos="NOUN">Spanien</instance>
         <wf lemma="abgerufen" pos="X">abgerufenen</wf>
         <instance id="d000.s108.t001" lemma="Spieler" pos="NOUN">Spielern</instance>
         <wf lemma="haben" pos="VERB">haben</wf>
         <wf lemma="zehn" pos="X">zehn</wf>
         <wf lemma="über" pos="X">über</wf>
         <wf lemma="50" pos="X">50</wf>
         <wf lemma="international" pos="X">internationale</wf>
         <instance id="d000.s108.t002" lemma="Spiel" pos="NOUN">Spiele</instance>
         <wf lemma="auf" pos="X">auf</wf>
         <wf lemma="d" pos="X">dem</wf>
         <instance id="d000.s108.t003" lemma="Buckel" pos="NOUN">Buckel</instance>
         <wf lemma="." pos="X">.</wf>
      </sentence>
      <sentence id="d000.s109" source="semeval2013-de">
         <wf lemma="interessanterweise" pos="ADV">Interessanterweise</wf>
         <wf lemma="haben" pos="VERB">haben</wf>
         <wf lemma="@card@" pos="X">62</wf>
         <instance id="d000.s109.t000" lemma="%" pos="NOUN">%</instance>
         <wf lemma="d" pos="X">der</wf>
         <wf lemma="Befragte" pos="NOUN">Befragten</wf>
         <wf lemma="in" pos="X">in</wf>
         <instance id="d000.s109.t001" lemma="Venezuela" pos="NOUN">Venezuela</instance>
         <wf lemma="dies" pos="X">diese</wf>
         <instance id="d000.s109.t002" lemma="Ansicht" pos="NOUN">Ansicht</instance>
         <wf lemma="beibehalten" pos="VERB">beibehalten</wf>
         <wf lemma="(" pos="X">(</wf>
         <wf lemma="und" pos="X">und</wf>
         <wf lemma="80" pos="X">80</wf>
         <instance id="d000.s109.t003" lemma="%" pos="NOUN">%</instance>
         <wf lemma="sein" pos="VERB">sind</wf>
         <wf lemma="für" pos="X">für</wf>
         <wf lemma="ein" pos="X">eine</wf>
         <instance id="d000.s109.t004" lemma="Privatwirtschaft" pos="NOUN">Privatwirtschaft</instance>
         <wf lemma=")" pos="X">)</wf>
         <wf lemma="," pos="X">,</wf>
         <wf lemma="obwohl" pos="X">obwohl</wf>
         <wf lemma="ihr" pos="X">ihr</wf>
         <wf lemma="link" pos="X">linker</wf>
         <instance id="d000.s109.t005" lemma="Präsident" pos="NOUN">Präsident</instance>
         <wf lemma="," pos="X">,</wf>
         <wf lemma="hugo_chávez" pos="NOUN">Hugo_Chávez</wf>
         <wf lemma="," pos="X">,</wf>
         <wf lemma="viel" pos="X">viele</wf>
         <instance id="d000.s109.t006" lemma="Privatunternehmen" pos="NOUN">Privatunternehmen</instance>
         <wf lemma="verstaatlichen" pos="VERB">verstaatlicht</wf>
         <wf lemma="." pos="X">.</wf>
      </sentence>
      <sentence id="d000.s110" source="semeval2013-de">
         <wf lemma="d" pos="X">Die</wf>
         <wf lemma="bank_of_america" pos="NOUN">Bank_of_America</wf>
         <wf lemma="haben" pos="VERB">hatte</wf>
         <wf lemma="er" pos="X">sich</wf>
         <wf lemma="über" pos="X">über</wf>
         <instance id="d000.s110.t000" lemma="Wandelanleihe" pos="NOUN">Wandelanleihen</instance>
         <wf lemma="gut" pos="X">gut</wf>
         <wf lemma="19" pos="X">19</wf>
         <wf lemma="Milliarde" pos="NOUN">Milliarden</wf>
         <instance id="d000.s110.t001" lemma="Dollar" pos="NOUN">Dollar</instance>
         <wf lemma="frisch" pos="X">frisches</wf>
         <instance id="d000.s110.t002" lemma="Geld" pos="NOUN">Geld</instance>
         <wf lemma="bei" pos="X">bei</wf>
         <instance id="d000.s110.t003" lemma="Investor" pos="NOUN">Investoren</instance>
         <wf lemma="besorgen" pos="VERB">besorgt</wf>
         <wf lemma="." pos="X">.</wf>
      </sentence>
      <sentence id="d000.s111" source="semeval2013-de">
         <wf lemma="es" pos="X">Es</wf>
         <wf lemma="sein" pos="VERB">ist</wf>
         <wf lemma="auch" pos="ADV">auch</wf>
         <wf lemma="kein" pos="X">keine</wf>
         <wf lemma="nützlich" pos="X">nützliche</wf>
         <wf lemma="Strategie" pos="NOUN">Strategie</wf>
         <wf lemma="für" pos="X">für</wf>
         <wf lemma="d" pos="X">das</wf>
         <wf lemma="nah" pos="X">nächste</wf>
         <instance id="d000.s111.t000" lemma="Spiel" pos="NOUN">Spiel</instance>
         <wf lemma="," pos="X">,</wf>
         <wf lemma="denn" pos="X">denn</wf>
         <wf lemma="d" pos="X">der</wf>
         <wf lemma="Club" pos="NOUN">Club</wf>
         <wf lemma="verfügen" pos="VERB">verfügt</wf>
         <wf lemma="dann" pos="ADV">dann</wf>
         <wf lemma="nicht" pos="X">nicht</wf>
         <wf lemma="über" pos="X">über</wf>
         <wf lemma="dies" pos="X">diese</wf>
         <wf lemma="Spieler" pos="NOUN">Spieler</wf>
         <wf lemma="." pos="X">.</wf>
      </sentence>
      <sentence id="d000.s112" source="semeval2013-de">
         <wf lemma="dies" pos="X">Diese</wf>
         <instance id="d000.s112.t000" lemma="Entdeckung" pos="NOUN">Entdeckung</instance>
         <wf lemma="sein" pos="VERB">war</wf>
         <wf lemma="nicht" pos="X">nicht</wf>
         <wf lemma="zufällig" pos="X">zufällig</wf>
         <wf lemma="." pos="X">.</wf>
      </sentence>
      <sentence id="d000.s113" source="semeval2013-de">
         <instance id="d000.s113.t000" lemma="Professor" pos="NOUN">Professor</instance>
         <wf lemma="Donohue" pos="NOUN">Donohue</wf>
         <wf lemma="sagen" pos="VERB">sagte</wf>
         <wf lemma="," pos="X">,</wf>
         <wf lemma="einige" pos="X">einige</wf>
         <wf lemma="Appelationsgerichte" pos="NOUN">Appelationsgerichte</wf>
         <wf lemma="können" pos="VERB">könnten</wf>
         <wf lemma="von" pos="X">von</wf>
         <wf lemma="d" pos="X">der</wf>
         <instance id="d000.s113.t001" lemma="Idee" pos="NOUN">Idee</instance>
         <wf lemma="faszinieren" pos="VERB">fasziniert</wf>
         <wf lemma="sein" pos="VERB">sein</wf>
         <wf lemma="," pos="X">,</wf>
         <wf lemma="dass" pos="X">dass</wf>
         <wf lemma="d" pos="X">die</wf>
         <wf lemma="Einschränkung" pos="NOUN">Einschränkung</wf>
         <wf lemma="ein" pos="X">einer</wf>
         <wf lemma="umgehend" pos="X">umgehenden</wf>
         <instance id="d000.s113.t002" lemma="Kommunikation" pos="NOUN">Kommunikation</instance>
         <wf lemma="aus" pos="X">aus</wf>
         <wf lemma="d" pos="X">dem</wf>
         <instance id="d000.s113.t003" lemma="Gerichtssaal" pos="NOUN">Gerichtssaal</instance>
         <wf lemma="heraus" pos="ADV">heraus</wf>
         <wf lemma="können" pos="VERB">könnte</wf>
         <wf lemma="d" pos="X">die</wf>
         <wf lemma="Prozeß" pos="NOUN">Prozesse</wf>
         <wf lemma="fair" pos="X">fairer</wf>
         <wf lemma="machen" pos="VERB">machen</wf>
         <wf lemma="." pos="X">.</wf>
      </sentence>
      <sentence id="d000.s114" source="semeval2013-de">
         <wf lemma="doch" pos="X">Doch</wf>
         <wf lemma="gegenüber" pos="X">gegenüber</wf>
         <wf lemma="@card@" pos="X">38</wf>
         <instance id="d000.s114.t000" lemma="%" pos="NOUN">%</instance>
         <wf lemma="im" pos="X">im</wf>
         <wf lemma="letzt" pos="X">letzten</wf>
         <instance id="d000.s114.t001" lemma="Jahr" pos="NOUN">Jahr</instance>
         <wf lemma="sein" pos="VERB">sind</wf>
         <wf lemma="d" pos="X">die</wf>
         <instance id="d000.s114.t002" lemma="Wert" pos="NOUN">Werte</instance>
         <wf lemma="sinken" pos="VERB">gesunken</wf>
         <wf lemma="und" pos="X">und</wf>
         <wf lemma="erreichen" pos="VERB">erreichen</wf>
         <wf lemma="somit" pos="ADV">somit</wf>
         <wf lemma="d" pos="X">den</wf>
         <wf lemma="niedrig" pos="X">niedrigsten</wf>
         <wf lemma="Stand" pos="NOUN">Stand</wf>
         <wf lemma="seit" pos="X">seit</wf>
         <wf lemma="1995" pos="X">1995</wf>
         <wf lemma="." pos="X">.</wf>
      </sentence>
      <sentence id="d000.s115" source="semeval2013-de">
         <wf lemma="Kagan" pos="NOUN">Kagan</wf>
         <wf lemma="sein" pos="VERB">war</wf>
         <wf lemma="Generalstaatsanwältin" pos="NOUN">Generalstaatsanwältin</wf>
         <wf lemma="unter" pos="X">unter</wf>
         <wf lemma="d" pos="X">der</wf>
         <wf lemma="Obama-Regierung" pos="NOUN">Obama-Regierung</wf>
         <wf lemma="," pos="X">,</wf>
         <wf lemma="als" pos="X">als</wf>
         <wf lemma="d" pos="X">die</wf>
         <wf lemma="erst" pos="X">ersten</wf>
         <wf lemma="Gesetzesanfechtungen" pos="NOUN">Gesetzesanfechtungen</wf>
         <wf lemma="in" pos="X">in</wf>
         <wf lemma="erst" pos="X">erster</wf>
         <wf lemma="Instanz" pos="NOUN">Instanz</wf>
         <wf lemma="vor" pos="X">vor</wf>
         <instance id="d000.s115.t000" lemma="Gericht" pos="NOUN">Gericht</instance>
         <wf lemma="kommen" pos="VERB">kamen</wf>
         <wf lemma="." pos="X">.</wf>
      </sentence>
      <sentence id="d000.s116" source="semeval2013-de">
         <wf lemma="&quot;" pos="X">&quot;</wf>
         <wf lemma="d" pos="X">Das</wf>
         <wf lemma="machen" pos="VERB">macht</wf>
         <wf lemma="es" pos="X">es</wf>
         <wf lemma="zu" pos="X">zu</wf>
         <wf lemma="etwas" pos="ADV">etwas</wf>
         <wf lemma="ganz" pos="ADV">ganz</wf>
         <wf lemma="Besondere" pos="NOUN">Besonderem</wf>
         <wf lemma="," pos="X">,</wf>
         <wf lemma="obwohl" pos="X">obwohl</wf>
         <wf lemma="es" pos="X">es</wf>
         <wf lemma="fast" pos="ADV">fast</wf>
         <wf lemma="ein" pos="X">eine</wf>
         <instance id="d000.s116.t000" lemma="Art" pos="NOUN">Art</instance>
         <wf lemma="'" pos="X">'</wf>
         <wf lemma="fremd" pos="X">fremde</wf>
         <wf lemma="'" pos="X">'</wf>
         <wf lemma="Lebensform" pos="NOUN">Lebensform</wf>
         <wf lemma="sein" pos="VERB">ist</wf>
         <wf lemma="&quot;" pos="X">&quot;</wf>
         <wf lemma="," pos="X">,</wf>
         <wf lemma="erklären" pos="VERB">erklärte</wf>
         <wf lemma="Paul" pos="NOUN">Paul</wf>
         <wf lemma="C.W." pos="NOUN">C.W.</wf>
         <wf lemma="Davies" pos="NOUN">Davies</wf>
         <wf lemma="von" pos="X">von</wf>
         <wf lemma="d" pos="X">der</wf>
         <wf lemma="Arizona_State_University" pos="NOUN">Arizona_State_University</wf>
         <wf lemma="und" pos="X">und</wf>
         <wf lemma="Co-Autor" pos="NOUN">Co-Autor</wf>
         <wf lemma="d" pos="X">des</wf>
         <instance id="d000.s116.t001" lemma="Bericht" pos="NOUN">Berichts</instance>
         <wf lemma="," pos="X">,</wf>
         <wf lemma="d" pos="X">der</wf>
         <wf lemma="am" pos="X">am</wf>
         <instance id="d000.s116.t002" lemma="Donnerstag" pos="NOUN">Donnerstag</instance>
         <wf lemma="in" pos="X">in</wf>
         <wf lemma="d" pos="X">der</wf>
         <wf lemma="Online-Ausgabe" pos="NOUN">Online-Ausgabe</wf>
         <wf lemma="d" pos="X">der</wf>
         <instance id="d000.s116.t003" lemma="Zeitschrift" pos="NOUN">Zeitschrift</instance>
         <wf lemma="Science" pos="NOUN">Science</wf>
         <wf lemma="erscheinen" pos="VERB">erscheint</wf>
         <wf lemma="." pos="X">.</wf>
      </sentence>
      <sentence id="d000.s117" source="semeval2013-de">
         <wf lemma="d" pos="X">Die</wf>
         <instance id="d000.s117.t000" lemma="Einwanderung" pos="NOUN">Einwanderung</instance>
         <wf lemma="einschränken" pos="VERB">einzuschränken</wf>
         <wf lemma="werden" pos="VERB">würde</wf>
         <wf lemma="d" pos="X">das</wf>
         <instance id="d000.s117.t001" lemma="Wachstum" pos="NOUN">Wachstum</instance>
         <wf lemma="entkräften" pos="VERB">entkräften</wf>
         <wf lemma="und" pos="X">und</wf>
         <wf lemma="d" pos="X">die</wf>
         <wf lemma="Arbeitsmarktsituation" pos="NOUN">Arbeitsmarktsituation</wf>
         <wf lemma="schädigen" pos="VERB">schädigen</wf>
         <wf lemma="." pos="X">.</wf>
      </sentence>
      <sentence id="d000.s118" source="semeval2013-de">
         <wf lemma="dies" pos="X">Dies</wf>
         <wf lemma="sein" pos="VERB">ist</wf>
         <wf lemma="ganz" pos="ADV">ganz</wf>
         <wf lemma="klar" pos="X">klar</wf>
         <wf lemma="ein" pos="X">ein</wf>
         <instance id="d000.s118.t000" lemma="Spiel" pos="NOUN">Spiel</instance>
         <wf lemma="," pos="X">,</wf>
         <wf lemma="woraus" pos="X">woraus</wf>
         <wf lemma="er" pos="X">sich</wf>
         <wf lemma="ein" pos="X">eine</wf>
         <wf lemma="neu" pos="X">neue</wf>
         <wf lemma="wirtschaftlich" pos="X">wirtschaftliche</wf>
         <instance id="d000.s118.t001" lemma="Vorherrschaft" pos="NOUN">Vorherrschaft</instance>
         <wf lemma="entwickeln" pos="VERB">entwickeln</wf>
         <wf lemma="werden" pos="VERB">wird</wf>
         <wf lemma="," pos="X">,</wf>
         <wf lemma="so" pos="ADV">so</wf>
         <wf lemma="Ulate" pos="NOUN">Ulate</wf>
         <wf lemma="," pos="X">,</wf>
         <wf lemma="d" pos="X">der</wf>
         <wf lemma="auch" pos="ADV">auch</wf>
         <wf lemma="als" pos="X">als</wf>
         <wf lemma="regional" pos="X">regionaler</wf>
         <wf lemma="Klimawandelberater" pos="NOUN">Klimawandelberater</wf>
         <wf lemma="für" pos="X">für</wf>
         <wf lemma="conservation_international" pos="NOUN">Conservation_International</wf>
         <wf lemma="in" pos="X">in</wf>
         <instance id="d000.s118.t002" lemma="Mexiko" pos="NOUN">Mexiko</instance>
         <wf lemma="und" pos="X">und</wf>
         <wf lemma="Mittelamerika" pos="NOUN">Mittelamerika</wf>
         <wf lemma="tätig" pos="X">tätig</wf>
         <wf lemma="sein" pos="VERB">ist</wf>
         <wf lemma="." pos="X">.</wf>
      </sentence>
      <sentence id="d000.s119" source="semeval2013-de">
         <wf lemma="Scalia" pos="NOUN">Scalia</wf>
         <wf lemma="und" pos="X">und</wf>
         <wf lemma="Thomas" pos="NOUN">Thomas</wf>
         <wf lemma="zeigen" pos="VERB">zeigen</wf>
         <wf lemma="wenig" pos="X">wenig</wf>
         <instance id="d000.s119.t000" lemma="Rücksichtnahme" pos="NOUN">Rücksichtnahme</instance>
         <wf lemma="auf" pos="X">auf</wf>
         <instance id="d000.s119.t001" lemma="Kritiker" pos="NOUN">Kritiker</instance>
         <wf lemma="," pos="X">,</wf>
         <wf lemma="d" pos="X">die</wf>
         <wf lemma="sagen" pos="VERB">sagen</wf>
         <wf lemma="," pos="X">,</wf>
         <wf lemma="sie" pos="X">sie</wf>
         <wf lemma="werden" pos="VERB">würden</wf>
         <wf lemma="Gerichtsangelegenheit" pos="NOUN">Gerichtsangelegenheit</wf>
         <wf lemma="zu" pos="X">zu</wf>
         <wf lemma="leicht" pos="X">leicht</wf>
         <wf lemma="mit" pos="X">mit</wf>
         <instance id="d000.s119.t002" lemma="Gruppe" pos="NOUN">Gruppen</instance>
         <wf lemma="," pos="X">,</wf>
         <wf lemma="d" pos="X">die</wf>
         <wf lemma="er" pos="X">sich</wf>
         <wf lemma="von" pos="X">von</wf>
         <wf lemma="d" pos="X">der</wf>
         <instance id="d000.s119.t003" lemma="Tagesordnung" pos="NOUN">Tagesordnung</instance>
         <wf lemma="leiten" pos="VERB">leiten</wf>
         <wf lemma="lassen" pos="VERB">lassen</wf>
         <wf lemma="," pos="X">,</wf>
         <wf lemma="wie" pos="X">wie</wf>
         <wf lemma="zum" pos="X">zum</wf>
         <wf lemma="Beispiel" pos="NOUN">Beispiel</wf>
         <wf lemma="d" pos="X">der</wf>
         <wf lemma="föderalistisch" pos="X">Föderalistischen</wf>
         <wf lemma="Gesellschaft" pos="NOUN">Gesellschaft</wf>
         <wf lemma="," pos="X">,</wf>
         <wf lemma="vermischen" pos="VERB">vermischen</wf>
         <wf lemma="." pos="X">.</wf>
      </sentence>
      <sentence id="d000.s120" source="semeval2013-de">
         <wf lemma="d" pos="X">Den</wf>
         <instance id="d000.s120.t000" lemma="Rest" pos="NOUN">Rest</instance>
         <wf lemma="d" pos="X">der</wf>
         <instance id="d000.s120.t001" lemma="Summe" pos="NOUN">Summe</instance>
         <wf lemma="nehmen" pos="VERB">nahm</wf>
         <wf lemma="sie" pos="X">sie</wf>
         <wf lemma="aus" pos="X">aus</wf>
         <wf lemma="d" pos="X">der</wf>
         <wf lemma="eigen" pos="X">eigenen</wf>
         <wf lemma="Kasse" pos="NOUN">Kasse</wf>
         <wf lemma="," pos="X">,</wf>
         <wf lemma="d" pos="X">die</wf>
         <wf lemma="unter" pos="X">unter</wf>
         <wf lemma="ander" pos="X">anderem</wf>
         <wf lemma="durch" pos="X">durch</wf>
         <wf lemma="Spartenverkäufe" pos="NOUN">Spartenverkäufe</wf>
         <wf lemma="gut" pos="X">gut</wf>
         <wf lemma="füllen" pos="VERB">gefüllt</wf>
         <wf lemma="sein" pos="VERB">war</wf>
         <wf lemma="." pos="X">.</wf>
      </sentence>
      <sentence id="d000.s121" source="semeval2013-de">
         <wf lemma="&quot;" pos="X">&quot;</wf>
         <wf lemma="d" pos="X">Das</wf>
         <wf lemma="geben" pos="VERB">gibt</wf>
         <instance id="d000.s121.t000" lemma="Grund" pos="NOUN">Grund</instance>
         <wf lemma="zu" pos="X">zu</wf>
         <wf lemma="d" pos="X">der</wf>
         <instance id="d000.s121.t001" lemma="Annahme" pos="NOUN">Annahme</instance>
         <wf lemma="," pos="X">,</wf>
         <wf lemma="dass" pos="X">dass</wf>
         <instance id="d000.s121.t002" lemma="Leben" pos="NOUN">Leben</instance>
         <wf lemma="er" pos="X">sich</wf>
         <wf lemma="auch" pos="ADV">auch</wf>
         <wf lemma="anders" pos="ADV">anders</wf>
         <wf lemma="entwickeln" pos="VERB">entwickelt</wf>
         <wf lemma="haben" pos="VERB">haben</wf>
         <wf lemma="können" pos="VERB">kann</wf>
         <wf lemma="als" pos="X">als</wf>
         <wf lemma="im" pos="X">im</wf>
         <wf lemma="früh" pos="X">frühen</wf>
         <instance id="d000.s121.t003" lemma="Erdzeitalter" pos="NOUN">Erdzeitalter</instance>
         <wf lemma="&quot;" pos="X">&quot;</wf>
         <wf lemma="," pos="X">,</wf>
         <wf lemma="so" pos="ADV">so</wf>
         <wf lemma="Forster" pos="NOUN">Forster</wf>
         <wf lemma="," pos="X">,</wf>
         <wf lemma="d" pos="X">die</wf>
         <wf lemma="nicht" pos="X">nicht</wf>
         <wf lemma="Mitglied" pos="NOUN">Mitglied</wf>
         <wf lemma="in" pos="X">in</wf>
         <wf lemma="Wolfe-Simons" pos="NOUN">Wolfe-Simons</wf>
         <wf lemma="Forschungsteam" pos="NOUN">Forschungsteam</wf>
         <wf lemma="sein" pos="VERB">war</wf>
         <wf lemma="." pos="X">.</wf>
      </sentence>
      <sentence id="d000.s122" source="semeval2013-de">
         <wf lemma="d" pos="X">Die</wf>
         <wf lemma="Weltarbeitsorganisation" pos="NOUN">Weltarbeitsorganisation</wf>
         <wf lemma="schätzen" pos="VERB">schätzt</wf>
         <wf lemma="beispielsweise" pos="ADV">beispielsweise</wf>
         <wf lemma="," pos="X">,</wf>
         <wf lemma="dass" pos="X">dass</wf>
         <wf lemma="ein" pos="X">eine</wf>
         <wf lemma="im" pos="X">im</wf>
         <instance id="d000.s122.t000" lemma="Alter" pos="NOUN">Alter</instance>
         <wf lemma="von" pos="X">von</wf>
         <wf lemma="30" pos="X">30</wf>
         <instance id="d000.s122.t001" lemma="Jahr" pos="NOUN">Jahren</instance>
         <wf lemma="nach" pos="X">nach</wf>
         <instance id="d000.s122.t002" lemma="Deutschland" pos="NOUN">Deutschland</instance>
         <wf lemma="einwandernd" pos="X">einwandernde</wf>
         <instance id="d000.s122.t003" lemma="Person" pos="NOUN">Person</instance>
         <wf lemma="d" pos="X">dem</wf>
         <wf lemma="Öffentlicher_Haushalt" pos="NOUN">Öffentlichen_Haushalt</wf>
         <wf lemma="im" pos="X">im</wf>
         <instance id="d000.s122.t004" lemma="Durchschnitt" pos="NOUN">Durchschnitt</instance>
         <wf lemma="über" pos="X">über</wf>
         <wf lemma="sein" pos="X">seine</wf>
         <wf lemma="Lebenszeit" pos="NOUN">Lebenszeit</wf>
         <wf lemma="ein" pos="X">einen</wf>
         <wf lemma="Nettobeitrag" pos="NOUN">Nettobeitrag</wf>
         <wf lemma="(" pos="X">(</wf>
         <wf lemma="Einnahme" pos="NOUN">Einnahmen</wf>
         <wf lemma="minus" pos="X">minus</wf>
         <wf lemma="Ausgabe" pos="NOUN">Ausgaben</wf>
         <wf lemma=")" pos="X">)</wf>
         <wf lemma="von" pos="X">von</wf>
         <wf lemma="um" pos="X">um</wf>
         <wf lemma="d" pos="X">die</wf>
         <wf lemma="@card@" pos="X">150.000</wf>
         <instance id="d000.s122.t005" lemma="Euro" pos="NOUN">Euro</instance>
         <wf lemma="einbringen" pos="VERB">einbringt</wf>
         <wf lemma="." pos="X">.</wf>
      </sentence>
      <sentence id="d000.s123" source="semeval2013-de">
         <wf lemma="Sie" pos="X">Sie</wf>
         <wf lemma="argumentieren" pos="VERB">argumentierten</wf>
         <wf lemma="," pos="X">,</wf>
         <wf lemma="dass" pos="X">dass</wf>
         <wf lemma="d" pos="X">die</wf>
         <wf lemma="Neue_Medien" pos="NOUN">Neuen_Medien</wf>
         <wf lemma="kontinuierlich" pos="X">kontinuierlich</wf>
         <wf lemma="d" pos="X">die</wf>
         <instance id="d000.s123.t000" lemma="Flamme" pos="NOUN">Flammen</instance>
         <wf lemma="d" pos="X">der</wf>
         <instance id="d000.s123.t001" lemma="Emotion" pos="NOUN">Emotionen</instance>
         <wf lemma="über" pos="X">über</wf>
         <wf lemma="d" pos="X">den</wf>
         <instance id="d000.s123.t002" lemma="Fall" pos="NOUN">Fall</instance>
         <wf lemma="neu" pos="X">neu</wf>
         <wf lemma="entfachen" pos="VERB">entfacht</wf>
         <wf lemma="haben" pos="VERB">hätten</wf>
         <wf lemma="." pos="X">.</wf>
      </sentence>
      <sentence id="d000.s124" source="semeval2013-de">
         <wf lemma="noch" pos="ADV">Noch</wf>
         <wf lemma="mehr" pos="X">mehr</wf>
         <instance id="d000.s124.t000" lemma="Nachteil" pos="NOUN">Nachteile</instance>
      </sentence>
      <sentence id="d000.s125" source="semeval2013-de">
         <wf lemma="in" pos="X">In</wf>
         <wf lemma="zahlreich" pos="X">zahlreichen</wf>
         <instance id="d000.s125.t000" lemma="Land" pos="NOUN">Ländern</instance>
         <wf lemma="an" pos="X">an</wf>
         <wf lemma="d" pos="X">der</wf>
         <wf lemma="südamerikanisch" pos="X">südamerikanischen</wf>
         <wf lemma="Pazifikküste" pos="NOUN">Pazifikküste</wf>
         <wf lemma="haben" pos="VERB">hat</wf>
         <wf lemma="d" pos="X">die</wf>
         <wf lemma="demokratisch" pos="X">demokratische</wf>
         <wf lemma="Bewegung" pos="NOUN">Bewegung</wf>
         <wf lemma="stark" pos="X">stark</wf>
         <wf lemma="zunehmen" pos="VERB">zugenommen</wf>
         <wf lemma="(" pos="X">(</wf>
         <wf lemma="s." pos="X">s.</wf>
         <instance id="d000.s125.t001" lemma="Tabelle" pos="NOUN">Tabelle</instance>
         <wf lemma="1" pos="X">1</wf>
         <wf lemma=")" pos="X">)</wf>
         <wf lemma="." pos="X">.</wf>
      </sentence>
      <sentence id="d000.s126" source="semeval2013-de">
         <wf lemma="außerdem" pos="ADV">Außerdem</wf>
         <wf lemma="erhalten" pos="VERB">erhalten</wf>
         <wf lemma="d" pos="X">die</wf>
         <wf lemma="Spieler" pos="NOUN">Spieler</wf>
         <wf lemma="mit" pos="X">mit</wf>
         <wf lemma="dies" pos="X">dieser</wf>
         <instance id="d000.s126.t000" lemma="Vorgehensweise" pos="NOUN">Vorgehensweise</instance>
         <wf lemma="ein" pos="X">eine</wf>
         <wf lemma="Sanktion" pos="NOUN">Sanktion</wf>
         <wf lemma="und" pos="X">und</wf>
         <wf lemma="gehen" pos="VERB">gehen</wf>
         <wf lemma="in" pos="X">in</wf>
         <wf lemma="d" pos="X">den</wf>
         <wf lemma="zweit" pos="X">zweiten</wf>
         <wf lemma="Kartenzyklus" pos="NOUN">Kartenzyklus</wf>
         <wf lemma="über" pos="X">über</wf>
         <wf lemma="," pos="X">,</wf>
         <wf lemma="in" pos="X">in</wf>
         <wf lemma="d" pos="X">dem</wf>
         <wf lemma="sie" pos="X">sie</wf>
         <wf lemma="wegen" pos="X">wegen</wf>
         <wf lemma="Kartenanhäufung" pos="NOUN">Kartenanhäufung</wf>
         <wf lemma="mit" pos="X">mit</wf>
         <wf lemma="ein" pos="X">einer</wf>
         <wf lemma="Karte" pos="NOUN">Karte</wf>
         <wf lemma="weniger" pos="ADV">weniger</wf>
         <wf lemma="als" pos="X">als</wf>
         <wf lemma="im" pos="X">im</wf>
         <wf lemma="erst" pos="X">ersten</wf>
         <wf lemma="Zyklus" pos="NOUN">Zyklus</wf>
         <wf lemma="ausscheiden" pos="VERB">ausscheiden</wf>
         <wf lemma="." pos="X">.</wf>
      </sentence>
      <sentence id="d000.s127" source="semeval2013-de">
         <wf lemma="d" pos="X">Der</wf>
         <wf lemma="Baskonia" pos="NOUN">Baskonia</wf>
         <wf lemma="schenken" pos="VERB">schenkt</wf>
         <wf lemma="er" pos="X">sich</wf>
         <wf lemma="selbst" pos="ADV">selbst</wf>
         <wf lemma="ein" pos="X">einen</wf>
         <instance id="d000.s127.t000" lemma="Sieg" pos="NOUN">Sieg</instance>
         <wf lemma="in" pos="X">in</wf>
         <instance id="d000.s127.t001" lemma="Israel" pos="NOUN">Israel</instance>
      </sentence>
      <sentence id="d000.s128" source="semeval2013-de">
         <wf lemma="anhand" pos="X">Anhand</wf>
         <wf lemma="d" pos="X">der</wf>
         <wf lemma="endgültig" pos="X">endgültigen</wf>
         <wf lemma="," pos="X">,</wf>
         <wf lemma="bei" pos="X">bei</wf>
         <instance id="d000.s128.t000" lemma="Schließung" pos="NOUN">Schließung</instance>
         <wf lemma="vorliegend" pos="X">vorliegenden</wf>
         <instance id="d000.s128.t001" lemma="Zahl" pos="NOUN">Zahlen</instance>
         <wf lemma="," pos="X">,</wf>
         <wf lemma="sein" pos="VERB">ist</wf>
         <wf lemma="d" pos="X">der</wf>
         <instance id="d000.s128.t002" lemma="dow_jones_industrial_average" pos="NOUN">Dow_Jones_Industrial_Average</instance>
         <wf lemma="um" pos="X">um</wf>
         <wf lemma="@card@" pos="X">65,67</wf>
         <instance id="d000.s128.t003" lemma="Punkt" pos="NOUN">Punkte</instance>
         <wf lemma="auf" pos="X">auf</wf>
         <wf lemma="@card@" pos="X">10.471,50</wf>
         <instance id="d000.s128.t004" lemma="Punkt" pos="NOUN">Punkten</instance>
         <wf lemma="steigen" pos="VERB">gestiegen</wf>
         <wf lemma="," pos="X">,</wf>
         <wf lemma="während" pos="X">während</wf>
         <wf lemma="d" pos="X">der</wf>
         <wf lemma="technologisch" pos="X">technologisch</wf>
         <wf lemma="dominiert" pos="X">dominierte</wf>
         <instance id="d000.s128.t005" lemma="Nasdaq" pos="NOUN">Nasdaq</instance>
         <wf lemma="@card@" pos="X">0,55</wf>
         <instance id="d000.s128.t006" lemma="Punkt" pos="NOUN">Punkte</instance>
         <wf lemma="auf" pos="X">auf</wf>
         <wf lemma="@card@" pos="X">2.190,31</wf>
         <instance id="d000.s128.t007" lemma="Punkt" pos="NOUN">Punkte</instance>
         <wf lemma="abgeben" pos="VERB">abgegeben</wf>
         <wf lemma="haben" pos="VERB">hat</wf>
         <wf lemma="." pos="X">.</wf>
      </sentence>
      <sentence id="d000.s129" source="semeval2013-de">
         <wf lemma="d" pos="X">Das</wf>
         <wf lemma="Paradoxe" pos="NOUN">Paradoxe</wf>
         <wf lemma="d" pos="X">der</wf>
         <wf lemma="Handlung" pos="NOUN">Handlung</wf>
         <wf lemma="d" pos="X">der</wf>
         <wf lemma="Spieler" pos="NOUN">Spieler</wf>
         <wf lemma="d" pos="X">des</wf>
         <wf lemma="real_madrid" pos="NOUN">Real_Madrid</wf>
         <wf lemma="sein" pos="VERB">ist</wf>
         <wf lemma="," pos="X">,</wf>
         <wf lemma="dass" pos="X">dass</wf>
         <wf lemma="sie" pos="X">sie</wf>
         <wf lemma="nicht" pos="X">nicht</wf>
         <wf lemma="d" pos="X">dem</wf>
         <wf lemma="entsprechen" pos="VERB">entspricht</wf>
         <wf lemma="," pos="X">,</wf>
         <wf lemma="was" pos="X">was</wf>
         <wf lemma="wir" pos="X">wir</wf>
         <wf lemma="normalerweise" pos="ADV">normalerweise</wf>
         <wf lemma="unter" pos="X">unter</wf>
         <instance id="d000.s129.t000" lemma="Falschspiel" pos="NOUN">Falschspiel</instance>
         <wf lemma="oder" pos="X">oder</wf>
         <wf lemma="Regelumgehung" pos="NOUN">Regelumgehung</wf>
         <wf lemma="verstehen" pos="VERB">verstehen</wf>
         <wf lemma="," pos="X">,</wf>
         <wf lemma="denn" pos="X">denn</wf>
         <wf lemma="d" pos="X">die</wf>
         <instance id="d000.s129.t001" lemma="Umgehung" pos="NOUN">Umgehung</instance>
         <wf lemma="d" pos="X">der</wf>
         <wf lemma="Regel" pos="NOUN">Regel</wf>
         <wf lemma="werden" pos="VERB">wurde</wf>
         <wf lemma="nicht" pos="X">nicht</wf>
         <wf lemma="heimlich" pos="X">heimlich</wf>
         <wf lemma="vollziehen" pos="VERB">vollzogen</wf>
         <wf lemma="," pos="X">,</wf>
         <wf lemma="um" pos="X">um</wf>
         <wf lemma="ein" pos="X">eine</wf>
         <wf lemma="Sanktion" pos="NOUN">Sanktion</wf>
         <wf lemma="zu" pos="X">zu</wf>
         <wf lemma="vermeiden" pos="VERB">vermeiden</wf>
         <wf lemma="," pos="X">,</wf>
         <wf lemma="sondern" pos="X">sondern</wf>
         <wf lemma="sie" pos="X">sie</wf>
         <wf lemma="sollen" pos="VERB">sollte</wf>
         <wf lemma="so" pos="ADV">so</wf>
         <wf lemma="auffällig" pos="X">auffällig</wf>
         <wf lemma="wie" pos="X">wie</wf>
         <wf lemma="möglich" pos="X">möglich</wf>
         <wf lemma="sein" pos="VERB">sein</wf>
         <wf lemma="," pos="X">,</wf>
         <wf lemma="damit" pos="X">damit</wf>
         <wf lemma="sie" pos="X">sie</wf>
         <wf lemma="vom" pos="X">vom</wf>
         <wf lemma="Schiedsrichter" pos="NOUN">Schiedsrichter</wf>
         <wf lemma="bestrafen" pos="VERB">bestraft</wf>
         <wf lemma="werden" pos="VERB">wird</wf>
         <wf lemma="." pos="X">.</wf>
      </sentence>
      <sentence id="d000.s130" source="semeval2013-de">
         <wf lemma="derartig" pos="X">Derartige</wf>
         <wf lemma="Papier" pos="NOUN">Papiere</wf>
         <wf lemma="verlieren" pos="VERB">verloren</wf>
         <wf lemma="während" pos="X">während</wf>
         <wf lemma="d" pos="X">der</wf>
         <wf lemma="Finanzkrise" pos="NOUN">Finanzkrise</wf>
         <wf lemma="kräftig" pos="X">kräftig</wf>
         <wf lemma="an" pos="X">an</wf>
         <instance id="d000.s130.t000" lemma="Wert" pos="NOUN">Wert</instance>
         <wf lemma="und" pos="X">und</wf>
         <wf lemma="reißen" pos="VERB">rissen</wf>
         <wf lemma="d" pos="X">die</wf>
         <instance id="d000.s130.t001" lemma="Bank" pos="NOUN">Banken</instance>
         <wf lemma="mit" pos="X">mit</wf>
         <wf lemma="in" pos="X">in</wf>
         <wf lemma="d" pos="X">die</wf>
         <instance id="d000.s130.t002" lemma="Tiefe" pos="NOUN">Tiefe</instance>
         <wf lemma="." pos="X">.</wf>
      </sentence>
      <sentence id="d000.s131" source="semeval2013-de">
         <wf lemma="UNO-Gruppe" pos="NOUN">UNO-Gruppe</wf>
         <wf lemma="entwerfen" pos="VERB">entwirft</wf>
         <instance id="d000.s131.t000" lemma="Plan" pos="NOUN">Plan</instance>
         <wf lemma="zur" pos="X">zur</wf>
         <wf lemma="Emissionsreduzierung" pos="NOUN">Emissionsreduzierung</wf>
      </sentence>
      <sentence id="d000.s132" source="semeval2013-de">
         <wf lemma="d" pos="X">Der</wf>
         <wf lemma="einzig" pos="X">einzige</wf>
         <instance id="d000.s132.t000" lemma="Unterschied" pos="NOUN">Unterschied</instance>
         <wf lemma="bestehen" pos="VERB">besteht</wf>
         <wf lemma="im" pos="X">im</wf>
         <instance id="d000.s132.t001" lemma="Grad" pos="NOUN">Grade</instance>
         <wf lemma="d" pos="X">der</wf>
         <wf lemma="Groβzügigkeit" pos="NOUN">Groβzügigkeit</wf>
         <wf lemma="," pos="X">,</wf>
         <wf lemma="d" pos="X">den</wf>
         <wf lemma="man" pos="X">man</wf>
         <wf lemma="d" pos="X">den</wf>
         <instance id="d000.s132.t002" lemma="Immigrant" pos="NOUN">Immigranten</instance>
         <wf lemma="gegenüber" pos="X">gegenüber</wf>
         <wf lemma="eingestehen" pos="VERB">einzugestehen</wf>
         <wf lemma="gewillt" pos="X">gewillt</wf>
         <wf lemma="sein" pos="VERB">ist</wf>
         <wf lemma="." pos="X">.</wf>
      </sentence>
      <sentence id="d000.s133" source="semeval2013-de">
         <wf lemma="d" pos="X">Die</wf>
         <instance id="d000.s133.t000" lemma="Entdeckung" pos="NOUN">Entdeckung</instance>
         <wf lemma="sein" pos="VERB">ist</wf>
         <wf lemma="ein" pos="X">ein</wf>
         <wf lemma="wichtig" pos="X">wichtiger</wf>
         <instance id="d000.s133.t001" lemma="Schritt" pos="NOUN">Schritt</instance>
         <wf lemma="bei" pos="X">bei</wf>
         <wf lemma="d" pos="X">der</wf>
         <instance id="d000.s133.t002" lemma="Suche" pos="NOUN">Suche</instance>
         <wf lemma="nach" pos="X">nach</wf>
         <wf lemma="außerirdisch" pos="X">außerirdischem</wf>
         <instance id="d000.s133.t003" lemma="Leben" pos="NOUN">Leben</instance>
         <wf lemma="," pos="X">,</wf>
         <wf lemma="da" pos="X">da</wf>
         <instance id="d000.s133.t004" lemma="Wissenschaftler" pos="NOUN">Wissenschaftler</instance>
         <instance id="d000.s133.t005" lemma="Leben" pos="NOUN">Leben</instance>
         <wf lemma="und" pos="X">und</wf>
         <wf lemma="sein" pos="X">seine</wf>
         <instance id="d000.s133.t006" lemma="Form" pos="NOUN">Formen</instance>
         <wf lemma="erkennen" pos="VERB">erkennen</wf>
         <wf lemma="müssen" pos="VERB">müssen</wf>
         <wf lemma="," pos="X">,</wf>
         <wf lemma="so" pos="ADV">so</wf>
         <wf lemma="Anbar" pos="NOUN">Anbar</wf>
         <wf lemma="." pos="X">.</wf>
      </sentence>
      <sentence id="d000.s134" source="semeval2013-de">
         <wf lemma="d" pos="X">Die</wf>
         <instance id="d000.s134.t000" lemma="Bank" pos="NOUN">Bank</instance>
         <wf lemma="räumen" pos="VERB">räumte</wf>
         <wf lemma="mit" pos="X">mit</wf>
         <wf lemma="d" pos="X">dem</wf>
         <wf lemma="Vergleich" pos="NOUN">Vergleich</wf>
         <wf lemma="kein" pos="X">keine</wf>
         <instance id="d000.s134.t001" lemma="Schuld" pos="NOUN">Schuld</instance>
         <wf lemma="ein" pos="X">ein</wf>
         <wf lemma="." pos="X">.</wf>
      </sentence>
      <sentence id="d000.s135" source="semeval2013-de">
         <wf lemma="weniger" pos="ADV">Weniger</wf>
         <wf lemma="als" pos="X">als</wf>
         <wf lemma="30" pos="X">30</wf>
         <instance id="d000.s135.t000" lemma="Spiel" pos="NOUN">Spiele</instance>
         <wf lemma="weisen" pos="VERB">weisen</wf>
         <wf lemma="im" pos="X">im</wf>
         <wf lemma="spanisch" pos="X">spanischen</wf>
         <instance id="d000.s135.t001" lemma="Team" pos="NOUN">Team</instance>
         <wf lemma="gerard_piqué" pos="NOUN">Gerard_Piqué</wf>
         <wf lemma="(" pos="X">(</wf>
         <wf lemma="37" pos="X">37</wf>
         <wf lemma=")" pos="X">)</wf>
         <wf lemma="," pos="X">,</wf>
         <wf lemma="sergio_busquets" pos="NOUN">Sergio_Busquets</wf>
         <wf lemma="(" pos="X">(</wf>
         <wf lemma="36" pos="X">36</wf>
         <wf lemma=")" pos="X">)</wf>
         <wf lemma="," pos="X">,</wf>
         <wf lemma="Santiago" pos="NOUN">Santiago</wf>
         <wf lemma="santi_cazorla" pos="NOUN">Santi_Cazorla</wf>
         <wf lemma="(" pos="X">(</wf>
         <wf lemma="32" pos="X">32</wf>
         <wf lemma=")" pos="X">)</wf>
         <wf lemma="," pos="X">,</wf>
         <wf lemma="álvaro_arbeloa" pos="NOUN">Álvaro_Arbeloa</wf>
         <wf lemma="(" pos="X">(</wf>
         <wf lemma="31" pos="X">31</wf>
         <wf lemma=")" pos="X">)</wf>
         <wf lemma="und" pos="X">und</wf>
         <wf lemma="raúl_albiol" pos="NOUN">Raúl_Albiol</wf>
         <wf lemma="(" pos="X">(</wf>
         <wf lemma="31" pos="X">31</wf>
         <wf lemma=")" pos="X">)</wf>
         <wf lemma="auf" pos="X">auf</wf>
         <wf lemma="." pos="X">.</wf>
      </sentence>
      <sentence id="d000.s136" source="semeval2013-de">
         <wf lemma="d" pos="X">Die</wf>
         <instance id="d000.s136.t000" lemma="Ankündigung" pos="NOUN">Ankündigung</instance>
         <wf lemma="ein" pos="X">einer</wf>
         <instance id="d000.s136.t001" lemma="Pressekonferenz" pos="NOUN">Pressekonferenz</instance>
         <wf lemma="," pos="X">,</wf>
         <wf lemma="in" pos="X">in</wf>
         <wf lemma="d" pos="X">der</wf>
         <wf lemma="kein" pos="X">keine</wf>
         <wf lemma="Einzelheit" pos="NOUN">Einzelheiten</wf>
         <wf lemma="zu" pos="X">zu</wf>
         <wf lemma="d" pos="X">der</wf>
         <instance id="d000.s136.t002" lemma="Entdeckung" pos="NOUN">Entdeckung</instance>
         <wf lemma="bekannt" pos="X">bekannt</wf>
         <wf lemma="geben" pos="VERB">gegeben</wf>
         <wf lemma="werden" pos="VERB">wurden</wf>
         <wf lemma="," pos="X">,</wf>
         <wf lemma="geben" pos="VERB">gab</wf>
         <wf lemma="Anlaß" pos="NOUN">Anlass</wf>
         <wf lemma="zu" pos="X">zu</wf>
         <wf lemma="weit" pos="X">weit</wf>
         <wf lemma="verbreitet" pos="X">verbreiteten</wf>
         <wf lemma="Spekulation" pos="NOUN">Spekulationen</wf>
         <wf lemma="im" pos="X">im</wf>
         <instance id="d000.s136.t003" lemma="Internet" pos="NOUN">Internet</instance>
         <wf lemma="," pos="X">,</wf>
         <wf lemma="dass" pos="X">dass</wf>
         <wf lemma="d" pos="X">der</wf>
         <instance id="d000.s136.t004" lemma="Bericht" pos="NOUN">Bericht</instance>
         <wf lemma="von" pos="X">von</wf>
         <wf lemma="d" pos="X">der</wf>
         <instance id="d000.s136.t005" lemma="Entdeckung" pos="NOUN">Entdeckung</instance>
         <wf lemma="außerirdisch" pos="X">außerirdischen</wf>
         <instance id="d000.s136.t006" lemma="Leben" pos="NOUN">Lebens</instance>
         <wf lemma="handeln" pos="VERB">handeln</wf>
         <wf lemma="können" pos="VERB">könnte</wf>
         <wf lemma="." pos="X">.</wf>
      </sentence>
      <sentence id="d000.s137" source="semeval2013-de">
         <wf lemma="doch" pos="X">Doch</wf>
         <wf lemma="Mr." pos="NOUN">Mr.</wf>
         <wf lemma="Hayes" pos="NOUN">Hayes</wf>
         <wf lemma="Anwalt" pos="NOUN">Anwälte</wf>
         <wf lemma="haben" pos="VERB">haben</wf>
         <wf lemma="bereits" pos="ADV">bereits</wf>
         <wf lemma="Antrag" pos="NOUN">Anträge</wf>
         <wf lemma="bei" pos="X">bei</wf>
         <instance id="d000.s137.t000" lemma="Gericht" pos="NOUN">Gericht</instance>
         <wf lemma="einreichen" pos="VERB">eingereicht</wf>
         <wf lemma="," pos="X">,</wf>
         <wf lemma="d" pos="X">die</wf>
         <instance id="d000.s137.t001" lemma="Grund" pos="NOUN">Gründe</instance>
         <wf lemma="für" pos="X">für</wf>
         <wf lemma="ein" pos="X">eine</wf>
         <instance id="d000.s137.t002" lemma="Berufung" pos="NOUN">Berufung</instance>
         <wf lemma="darlegen" pos="VERB">darlegen</wf>
         <wf lemma="und" pos="X">und</wf>
         <wf lemma="d" pos="X">die</wf>
         <wf lemma="d" pos="X">die</wf>
         <instance id="d000.s137.t003" lemma="Gericht" pos="NOUN">Gerichte</instance>
         <wf lemma="auf" pos="X">auf</wf>
         <instance id="d000.s137.t004" lemma="Jahr" pos="NOUN">Jahre</instance>
         <wf lemma="beschäftigen" pos="VERB">beschäftigen</wf>
         <wf lemma="werden" pos="VERB">werden</wf>
         <wf lemma="." pos="X">.</wf>
      </sentence>
      <sentence id="d000.s138" source="semeval2013-de">
         <wf lemma="ca." pos="ADV">Ca.</wf>
         <wf lemma="44" pos="X">44</wf>
         <instance id="d000.s138.t000" lemma="%" pos="NOUN">%</instance>
         <wf lemma="d" pos="X">der</wf>
         <wf lemma="Befragte" pos="NOUN">Befragten</wf>
         <wf lemma="erklären" pos="VERB">erklärten</wf>
         <wf lemma="," pos="X">,</wf>
         <wf lemma="dass" pos="X">dass</wf>
         <wf lemma="sie" pos="X">sie</wf>
         <wf lemma="mit" pos="X">mit</wf>
         <wf lemma="d" pos="X">der</wf>
         <wf lemma="demokratisch" pos="X">demokratischen</wf>
         <instance id="d000.s138.t001" lemma="Praxis" pos="NOUN">Praxis</instance>
         <wf lemma="ihr" pos="X">ihres</wf>
         <instance id="d000.s138.t002" lemma="Land" pos="NOUN">Landes</instance>
         <wf lemma="zufrieden" pos="X">zufrieden</wf>
         <wf lemma="sein" pos="VERB">sein</wf>
         <wf lemma="." pos="X">.</wf>
      </sentence>
      <sentence id="d000.s139" source="semeval2013-de">
         <wf lemma="tatsächlich" pos="X">Tatsächlich</wf>
         <wf lemma="werden" pos="VERB">wird</wf>
         <wf lemma="im" pos="X">im</wf>
         <instance id="d000.s139.t000" lemma="März" pos="NOUN">März</instance>
         <wf lemma="ein" pos="X">eine</wf>
         <wf lemma="5" pos="X">5</wf>
         <wf lemma="1" pos="X">1</wf>
         <wf lemma="/" pos="X">/</wf>
         <wf lemma="2-stündige" pos="X">2-stündige</wf>
         <wf lemma="Grundlagendiskussion" pos="NOUN">Grundlagendiskussion</wf>
         <wf lemma="erwarten" pos="VERB">erwartet</wf>
         <wf lemma="," pos="X">,</wf>
         <wf lemma="d" pos="X">die</wf>
         <wf lemma="vermutlich" pos="ADV">vermutlich</wf>
         <wf lemma="d" pos="X">deren</wf>
         <instance id="d000.s139.t001" lemma="Ergebnis" pos="NOUN">Ergebnis</instance>
         <wf lemma="werden" pos="VERB">wird</wf>
         <wf lemma="vermutlich" pos="ADV">vermutlich</wf>
         <wf lemma="d" pos="X">den</wf>
         <wf lemma="Präsidentschaftskampf" pos="NOUN">Präsidentschaftskampf</wf>
         <wf lemma="@card@" pos="X">2012</wf>
         <wf lemma="ankurbeln" pos="VERB">ankurbeln</wf>
         <wf lemma="," pos="X">,</wf>
         <wf lemma="d" pos="X">der</wf>
         <wf lemma="zu" pos="X">zu</wf>
         <wf lemma="d" pos="X">dem</wf>
         <wf lemma="Zeitpunkt" pos="NOUN">Zeitpunkt</wf>
         <wf lemma="," pos="X">,</wf>
         <wf lemma="an" pos="X">an</wf>
         <wf lemma="d" pos="X">dem</wf>
         <wf lemma="d" pos="X">die</wf>
         <instance id="d000.s139.t002" lemma="Gerichtsentscheidung" pos="NOUN">Gerichtsentscheidung</instance>
         <wf lemma="bekannt" pos="X">bekannt</wf>
         <wf lemma="geben" pos="VERB">gegeben</wf>
         <wf lemma="werden" pos="VERB">wird</wf>
         <wf lemma="," pos="X">,</wf>
         <wf lemma="im" pos="X">im</wf>
         <wf lemma="voll" pos="X">vollen</wf>
         <instance id="d000.s139.t003" lemma="Gang" pos="NOUN">Gange</instance>
         <wf lemma="sein" pos="VERB">sein</wf>
         <wf lemma="werden" pos="VERB">wird</wf>
         <wf lemma="." pos="X">.</wf>
      </sentence>
      <sentence id="d000.s140" source="semeval2013-de">
         <wf lemma="d" pos="X">Die</wf>
         <wf lemma="Mannschaft" pos="NOUN">Mannschaft</wf>
         <wf lemma="aus" pos="X">aus</wf>
         <wf lemma="Vitoria" pos="NOUN">Vitoria</wf>
         <wf lemma="können" pos="VERB">konnte</wf>
         <wf lemma="d" pos="X">die</wf>
         <wf lemma="bedeutend" pos="X">bedeutenden</wf>
         <wf lemma="Ausfall" pos="NOUN">Ausfälle</wf>
         <wf lemma="von" pos="X">von</wf>
         <wf lemma="Herrmann" pos="NOUN">Herrmann</wf>
         <wf lemma="," pos="X">,</wf>
         <wf lemma="Oleson" pos="NOUN">Oleson</wf>
         <wf lemma="," pos="X">,</wf>
         <wf lemma="Huertas" pos="NOUN">Huertas</wf>
         <wf lemma="oder" pos="X">oder</wf>
         <wf lemma="Micov" pos="NOUN">Micov</wf>
         <wf lemma="durch" pos="X">durch</wf>
         <wf lemma="ein" pos="X">eine</wf>
         <wf lemma="groβe" pos="NOUN">groβe</wf>
         <instance id="d000.s140.t000" lemma="Dosis" pos="NOUN">Dosis</instance>
         <wf lemma="an" pos="X">an</wf>
         <instance id="d000.s140.t001" lemma="Einsatz" pos="NOUN">Einsatz</instance>
         <wf lemma="und" pos="X">und</wf>
         <instance id="d000.s140.t002" lemma="Teamarbeit" pos="NOUN">Teamarbeit</instance>
         <wf lemma="ersetzen" pos="VERB">ersetzen</wf>
         <wf lemma="," pos="X">,</wf>
         <wf lemma="auch" pos="ADV">auch</wf>
         <wf lemma="wenn" pos="X">wenn</wf>
         <wf lemma="sie" pos="X">sie</wf>
         <wf lemma="bis" pos="X">bis</wf>
         <wf lemma="zum" pos="X">zum</wf>
         <wf lemma="bitter" pos="X">bitteren</wf>
         <instance id="d000.s140.t003" lemma="Ende" pos="NOUN">Ende</instance>
         <wf lemma="auf" pos="X">auf</wf>
         <wf lemma="ihr" pos="X">ihren</wf>
         <instance id="d000.s140.t004" lemma="Sieg" pos="NOUN">Sieg</instance>
         <wf lemma="warten" pos="VERB">warten</wf>
         <wf lemma="muβten" pos="VERB">muβten</wf>
         <wf lemma="." pos="X">.</wf>
      </sentence>
      <sentence id="d000.s141" source="semeval2013-de">
         <wf lemma="d" pos="X">Der</wf>
         <instance id="d000.s141.t000" lemma="Text" pos="NOUN">Text</instance>
         <wf lemma="," pos="X">,</wf>
         <wf lemma="d" pos="X">der</wf>
         <wf lemma="d" pos="X">die</wf>
         <instance id="d000.s141.t001" lemma="Grundlage" pos="NOUN">Grundlage</instance>
         <wf lemma="für" pos="X">für</wf>
         <wf lemma="ein" pos="X">ein</wf>
         <wf lemma="endgültig" pos="X">endgültiges</wf>
         <wf lemma="politisch" pos="X">politisches</wf>
         <wf lemma="Abkommen" pos="NOUN">Abkommen</wf>
         <wf lemma="zur" pos="X">zur</wf>
         <instance id="d000.s141.t002" lemma="Regelung" pos="NOUN">Regelung</instance>
         <wf lemma="d" pos="X">der</wf>
         <instance id="d000.s141.t003" lemma="Treibhausgas" pos="NOUN">Treibhausgase</instance>
         <wf lemma="liefern" pos="VERB">liefern</wf>
         <wf lemma="können" pos="VERB">könnte</wf>
         <wf lemma="," pos="X">,</wf>
         <wf lemma="haben" pos="VERB">hat</wf>
         <wf lemma="sowohl" pos="X">sowohl</wf>
         <wf lemma="d" pos="X">die</wf>
         <wf lemma="verbleibend" pos="X">verbleibenden</wf>
         <instance id="d000.s141.t004" lemma="Hindernis" pos="NOUN">Hindernisse</instance>
         <wf lemma="aufweisen" pos="VERB">aufgewiesen</wf>
         <wf lemma="," pos="X">,</wf>
         <wf lemma="wie" pos="X">wie</wf>
         <wf lemma="auch" pos="ADV">auch</wf>
         <wf lemma="d" pos="X">den</wf>
         <instance id="d000.s141.t005" lemma="Weg" pos="NOUN">Weg</instance>
         <wf lemma="nach" pos="X">nach</wf>
         <wf lemma="vorn" pos="ADV">vorn</wf>
         <wf lemma="zeigen" pos="VERB">gezeigt</wf>
         <wf lemma="." pos="X">.</wf>
      </sentence>
      <sentence id="d000.s142" source="semeval2013-de">
         <wf lemma="von" pos="X">Von</wf>
         <instance id="d000.s142.t000" lemma="Seite" pos="NOUN">Seiten</instance>
         <wf lemma="d" pos="X">der</wf>
         <wf lemma="Nationalmannschaft" pos="NOUN">Nationalmannschaft</wf>
         <wf lemma="kommen" pos="VERB">kommen</wf>
         <wf lemma="auf" pos="X">auf</wf>
         <wf lemma="weniger" pos="ADV">weniger</wf>
         <wf lemma="als" pos="X">als</wf>
         <wf lemma="30" pos="X">30</wf>
         <instance id="d000.s142.t001" lemma="Spiel" pos="NOUN">Spiele</instance>
         <wf lemma="Roy" pos="NOUN">Roy</wf>
         <wf lemma="Miller" pos="NOUN">Miller</wf>
         <wf lemma="mit" pos="X">mit</wf>
         <wf lemma="26" pos="X">26</wf>
         <wf lemma="," pos="X">,</wf>
         <wf lemma="Winston" pos="NOUN">Winston</wf>
         <wf lemma="Park" pos="NOUN">Parks</wf>
         <wf lemma="mit" pos="X">mit</wf>
         <wf lemma="26" pos="X">26</wf>
         <wf lemma="," pos="X">,</wf>
         <wf lemma="gabriel_badilla" pos="NOUN">Gabriel_Badilla</wf>
         <wf lemma="mit" pos="X">mit</wf>
         <wf lemma="25" pos="X">25</wf>
         <wf lemma="und" pos="X">und</wf>
         <wf lemma="Roy" pos="NOUN">Roy</wf>
         <wf lemma="Myrie" pos="NOUN">Myrie</wf>
         <wf lemma="mit" pos="X">mit</wf>
         <wf lemma="23." pos="X">23.</wf>
      </sentence>
      <sentence id="d000.s143" source="semeval2013-de">
         <wf lemma="US-Firma" pos="NOUN">US-Firmen</wf>
         <wf lemma="sein" pos="VERB">waren</wf>
         <wf lemma="in" pos="X">in</wf>
         <wf lemma="einige" pos="X">einigen</wf>
         <instance id="d000.s143.t000" lemma="Fall" pos="NOUN">Fällen</instance>
         <wf lemma="benachteiligen" pos="VERB">benachteiligt</wf>
         <wf lemma="," pos="X">,</wf>
         <wf lemma="weil" pos="X">weil</wf>
         <wf lemma="Konkurrent" pos="NOUN">Konkurrenten</wf>
         <wf lemma="," pos="X">,</wf>
         <wf lemma="besonders" pos="ADV">besonders</wf>
         <wf lemma="d" pos="X">die</wf>
         <instance id="d000.s143.t001" lemma="Chinese" pos="NOUN">Chinesen</instance>
         <wf lemma="und" pos="X">und</wf>
         <wf lemma="ander" pos="X">andere</wf>
         <wf lemma="staatlich" pos="X">staatlich</wf>
         <wf lemma="kontrolliert" pos="X">kontrollierte</wf>
         <wf lemma="Energieunternehmen" pos="NOUN">Energieunternehmen</wf>
         <wf lemma="," pos="X">,</wf>
         <wf lemma="deutlich" pos="X">deutlich</wf>
         <wf lemma="gering" pos="X">geringere</wf>
         <wf lemma="Lohnkosten" pos="NOUN">Lohnkosten</wf>
         <wf lemma="haben" pos="VERB">haben</wf>
         <wf lemma="und" pos="X">und</wf>
         <wf lemma="eher" pos="ADV">eher</wf>
         <instance id="d000.s143.t002" lemma="Risiko" pos="NOUN">Risiken</instance>
         <wf lemma="eingehen" pos="VERB">eingehen</wf>
         <wf lemma="," pos="X">,</wf>
         <wf lemma="weil" pos="X">weil</wf>
         <wf lemma="sie" pos="X">sie</wf>
         <instance id="d000.s143.t003" lemma="Aktionär" pos="NOUN">Aktionären</instance>
         <wf lemma="kein" pos="X">keine</wf>
         <wf lemma="Rechenschaft" pos="NOUN">Rechenschaft</wf>
         <wf lemma="ablegen" pos="VERB">ablegen</wf>
         <wf lemma="müssen" pos="VERB">müssen</wf>
         <wf lemma="." pos="X">.</wf>
      </sentence>
      <sentence id="d000.s144" source="semeval2013-de">
         <wf lemma="damit" pos="X">Damit</wf>
         <wf lemma="sein" pos="VERB">ist</wf>
         <wf lemma="es" pos="X">es</wf>
         <wf lemma="nicht" pos="X">nicht</wf>
         <wf lemma="so" pos="ADV">so</wf>
         <wf lemma="klar" pos="X">klar</wf>
         <wf lemma="," pos="X">,</wf>
         <wf lemma="ob" pos="X">ob</wf>
         <wf lemma="es" pos="X">es</wf>
         <wf lemma="er" pos="X">sich</wf>
         <wf lemma="wirklich" pos="X">wirklich</wf>
         <wf lemma="um" pos="X">um</wf>
         <wf lemma="ein" pos="X">einen</wf>
         <instance id="d000.s144.t000" lemma="Vorteil" pos="NOUN">Vorteil</instance>
         <wf lemma="handeln" pos="VERB">handelt</wf>
         <wf lemma="." pos="X">.</wf>
      </sentence>
      <sentence id="d000.s145" source="semeval2013-de">
         <wf lemma="&quot;" pos="X">&quot;</wf>
         <wf lemma="wir" pos="X">Wir</wf>
         <wf lemma="sein" pos="VERB">sind</wf>
         <wf lemma="zufrieden" pos="X">zufrieden</wf>
         <wf lemma="," pos="X">,</wf>
         <wf lemma="dass" pos="X">dass</wf>
         <wf lemma="wir" pos="X">wir</wf>
         <wf lemma="d" pos="X">das</wf>
         <instance id="d000.s145.t000" lemma="Thema" pos="NOUN">Thema</instance>
         <wf lemma="lösen" pos="VERB">lösen</wf>
         <wf lemma="können" pos="VERB">konnten</wf>
         <wf lemma="," pos="X">,</wf>
         <wf lemma="ohne" pos="X">ohne</wf>
         <wf lemma="dass" pos="X">dass</wf>
         <wf lemma="d" pos="X">die</wf>
         <instance id="d000.s145.t001" lemma="Partei" pos="NOUN">Parteien</instance>
         <wf lemma="vor" pos="X">vor</wf>
         <instance id="d000.s145.t002" lemma="Gericht" pos="NOUN">Gericht</instance>
         <wf lemma="ziehen" pos="VERB">ziehen</wf>
         <wf lemma="müssen" pos="VERB">mussten</wf>
         <wf lemma="&quot;" pos="X">&quot;</wf>
         <wf lemma="," pos="X">,</wf>
         <wf lemma="sagen" pos="VERB">sagte</wf>
         <wf lemma="ein" pos="X">ein</wf>
         <wf lemma="Deutsche-Bank-Sprecher" pos="NOUN">Deutsche-Bank-Sprecher</wf>
         <wf lemma="in" pos="X">in</wf>
         <instance id="d000.s145.t003" lemma="new_york" pos="NOUN">New_York</instance>
         <wf lemma="." pos="X">.</wf>
      </sentence>
      <sentence id="d000.s146" source="semeval2013-de">
         <wf lemma="wie" pos="X">Wie</wf>
         <wf lemma="wir" pos="X">uns</wf>
         <wf lemma="d" pos="X">die</wf>
         <instance id="d000.s146.t000" lemma="Wirtschaftsexperte" pos="NOUN">Wirtschaftsexperten</instance>
         <wf lemma="Ian" pos="NOUN">Ian</wf>
         <wf lemma="Goldin" pos="NOUN">Goldin</wf>
         <wf lemma="und" pos="X">und</wf>
         <wf lemma="Geoffrey" pos="NOUN">Geoffrey</wf>
         <wf lemma="Cameron" pos="NOUN">Cameron</wf>
         <wf lemma="in" pos="X">in</wf>
         <wf lemma="ein" pos="X">einem</wf>
         <wf lemma="kürzlich" pos="X">kürzlich</wf>
         <wf lemma="erschienen" pos="X">erschienenen</wf>
         <instance id="d000.s146.t001" lemma="Werk" pos="NOUN">Werk</instance>
         <wf lemma="vergegenwärtigen" pos="VERB">vergegenwärtigen</wf>
         <wf lemma="," pos="X">,</wf>
         <wf lemma="d" pos="X">das</wf>
         <wf lemma="d" pos="X">die</wf>
         <wf lemma="neu" pos="X">neuesten</wf>
         <instance id="d000.s146.t002" lemma="Erkenntnis" pos="NOUN">Erkenntnisse</instance>
         <wf lemma="bezüglich" pos="X">bezüglich</wf>
         <wf lemma="d" pos="X">der</wf>
         <instance id="d000.s146.t003" lemma="Immigration" pos="NOUN">Immigration</instance>
         <wf lemma="zusammenfassen" pos="VERB">zusammenfasst</wf>
         <wf lemma="(" pos="X">(</wf>
         <wf lemma="Exceptional" pos="NOUN">Exceptional</wf>
         <wf lemma="People" pos="NOUN">People</wf>
         <wf lemma=":" pos="X">:</wf>
         <wf lemma="How" pos="X">How</wf>
         <wf lemma="Migration" pos="NOUN">Migration</wf>
         <wf lemma="Shaped" pos="NOUN">Shaped</wf>
         <wf lemma="Our" pos="X">Our</wf>
         <wf lemma="World" pos="NOUN">World</wf>
         <wf lemma="and" pos="X">and</wf>
         <wf lemma="Will" pos="NOUN">Will</wf>
         <wf lemma="Define" pos="NOUN">Define</wf>
         <wf lemma="Our" pos="X">Our</wf>
         <wf lemma="Future" pos="NOUN">Future</wf>
         <wf lemma="," pos="X">,</wf>
         <instance id="d000.s146.t004" lemma="Mai" pos="NOUN">Mai</instance>
         <wf lemma="@card@" pos="X">2011</wf>
         <wf lemma="," pos="X">,</wf>
         <wf lemma="Princeton_University_Press" pos="NOUN">Princeton_University_Press</wf>
         <wf lemma="," pos="X">,</wf>
         <wf lemma="@card@" pos="X">352</wf>
         <wf lemma="S." pos="NOUN">S.</wf>
         <wf lemma=")" pos="X">)</wf>
         <wf lemma="," pos="X">,</wf>
         <wf lemma="existieren" pos="VERB">existiert</wf>
         <wf lemma="unter" pos="X">unter</wf>
         <wf lemma="d" pos="X">den</wf>
         <wf lemma="Spezialist" pos="NOUN">Spezialisten</wf>
         <wf lemma="ein" pos="X">ein</wf>
         <wf lemma="breit" pos="X">breiter</wf>
         <instance id="d000.s146.t005" lemma="Konsens" pos="NOUN">Konsens</instance>
         <wf lemma="hinsichtlich" pos="X">hinsichtlich</wf>
         <wf lemma="d" pos="X">des</wf>
         <wf lemma="positiv" pos="X">positiven</wf>
         <instance id="d000.s146.t006" lemma="Einfluss" pos="NOUN">Einflusses</instance>
         <wf lemma="d" pos="X">der</wf>
         <wf lemma="Einwandererflut" pos="NOUN">Einwandererflut</wf>
         <wf lemma="auf" pos="X">auf</wf>
         <instance id="d000.s146.t007" lemma="Wirtschaftswachstum" pos="NOUN">Wirtschaftswachstum</instance>
         <wf lemma="," pos="X">,</wf>
         <instance id="d000.s146.t008" lemma="Lohn" pos="NOUN">Löhne</instance>
         <wf lemma="und" pos="X">und</wf>
         <instance id="d000.s146.t009" lemma="Arbeitsplatz" pos="NOUN">Arbeitsplätze</instance>
         <wf lemma="in" pos="X">in</wf>
         <wf lemma="d" pos="X">den</wf>
         <wf lemma="Einwanderungsland" pos="NOUN">Einwanderungsländern</wf>
         <wf lemma="." pos="X">.</wf>
      </sentence>
      <sentence id="d000.s147" source="semeval2013-de">
         <wf lemma="sein" pos="X">Seinem</wf>
         <instance id="d000.s147.t000" lemma="Bericht" pos="NOUN">Bericht</instance>
         <wf lemma="zufolge" pos="X">zufolge</wf>
         <wf lemma="werden" pos="VERB">wird</wf>
         <wf lemma="sie" pos="X">sie</wf>
         <wf lemma="willkürlich" pos="X">willkürlich</wf>
         <wf lemma="verhängen" pos="VERB">verhängt</wf>
         <wf lemma="." pos="X">.</wf>
      </sentence>
      <sentence id="d000.s148" source="semeval2013-de">
         <wf lemma="Deutsche_Bank" pos="NOUN">Deutsche_Bank</wf>
         <wf lemma="zahlen" pos="VERB">zahlt</wf>
         <wf lemma="Millionenstrafe" pos="NOUN">Millionenstrafe</wf>
         <wf lemma="in" pos="X">in</wf>
         <wf lemma="d" pos="X">den</wf>
         <instance id="d000.s148.t000" lemma="USA" pos="NOUN">USA</instance>
      </sentence>
      <sentence id="d000.s149" source="semeval2013-de">
         <wf lemma="&quot;" pos="X">&quot;</wf>
         <wf lemma="ein" pos="X">Einen</wf>
         <wf lemma="solch" pos="X">solchen</wf>
         <wf lemma="tagtäglich" pos="X">tagtäglichen</wf>
         <wf lemma="Andrang" pos="NOUN">Andrang</wf>
         <wf lemma="d" pos="X">der</wf>
         <wf lemma="Medienpiepser" pos="NOUN">Medienpiepser</wf>
         <wf lemma="," pos="X">,</wf>
         <instance id="d000.s149.t000" lemma="Kamera" pos="NOUN">Kameras</instance>
         <wf lemma="und" pos="X">und</wf>
         <wf lemma="Reporter" pos="NOUN">Reporter</wf>
         <wf lemma="außerhalb" pos="X">außerhalb</wf>
         <wf lemma="d" pos="X">des</wf>
         <instance id="d000.s149.t001" lemma="Gerichtssaal" pos="NOUN">Gerichtssaals</instance>
         <wf lemma="&quot;" pos="X">&quot;</wf>
         <wf lemma="," pos="X">,</wf>
         <wf lemma="schreiben" pos="VERB">schrieben</wf>
         <wf lemma="d" pos="X">die</wf>
         <instance id="d000.s149.t002" lemma="Rechtsanwalt" pos="NOUN">Rechtsanwälte</instance>
         <wf lemma="," pos="X">,</wf>
         <wf lemma="&quot;" pos="X">&quot;</wf>
         <wf lemma="haben" pos="VERB">hat</wf>
         <wf lemma="man" pos="X">man</wf>
         <wf lemma="vorher" pos="ADV">vorher</wf>
         <wf lemma="noch" pos="ADV">noch</wf>
         <wf lemma="in" pos="X">in</wf>
         <wf lemma="new_haven" pos="NOUN">New_Haven</wf>
         <wf lemma="und" pos="X">und</wf>
         <wf lemma="vielleicht" pos="ADV">vielleicht</wf>
         <wf lemma="sogar" pos="ADV">sogar</wf>
         <wf lemma="landesweit" pos="X">landesweit</wf>
         <wf lemma="noch" pos="ADV">noch</wf>
         <wf lemma="nicht" pos="X">nicht</wf>
         <wf lemma="erleben" pos="VERB">erlebt</wf>
         <wf lemma="." pos="X">.</wf>
         <wf lemma="&quot;" pos="X">&quot;</wf>
      </sentence>
      <sentence id="d000.s150" source="semeval2013-de">
         <wf lemma="d" pos="X">Die</wf>
         <wf lemma="Alavesen" pos="NOUN">Alavesen</wf>
         <wf lemma="werden" pos="VERB">wurden</wf>
         <wf lemma="im" pos="X">im</wf>
         <wf lemma="letzt" pos="X">letzten</wf>
         <instance id="d000.s150.t000" lemma="Viertel" pos="NOUN">Viertel</instance>
         <wf lemma="bloβgestellt" pos="VERB">bloβgestellt</wf>
         <wf lemma="und" pos="X">und</wf>
         <wf lemma="English" pos="NOUN">English</wf>
         <wf lemma="und" pos="X">und</wf>
         <wf lemma="san_emeterio" pos="NOUN">San_Emeterio</wf>
         <wf lemma="(" pos="X">(</wf>
         <wf lemma="@card@" pos="X">60-75</wf>
         <wf lemma=")" pos="X">)</wf>
         <wf lemma="kündigen" pos="VERB">kündigten</wf>
         <wf lemma="bereits" pos="ADV">bereits</wf>
         <wf lemma="an" pos="X">an</wf>
         <wf lemma="," pos="X">,</wf>
         <wf lemma="dass" pos="X">dass</wf>
         <wf lemma="sie" pos="X">sie</wf>
         <wf lemma="niemand" pos="X">niemanden</wf>
         <wf lemma="erlauben" pos="VERB">erlauben</wf>
         <wf lemma="werden" pos="VERB">würden</wf>
         <wf lemma="," pos="X">,</wf>
         <wf lemma="sie" pos="X">ihnen</wf>
         <wf lemma="d" pos="X">den</wf>
         <instance id="d000.s150.t001" lemma="Sieg" pos="NOUN">Sieg</instance>
         <wf lemma="," pos="X">,</wf>
         <wf lemma="d" pos="X">den</wf>
         <wf lemma="sie" pos="X">sie</wf>
         <wf lemma="er" pos="X">sich</wf>
         <wf lemma="in" pos="X">in</wf>
         <wf lemma="d" pos="X">den</wf>
         <wf lemma="erst" pos="X">ersten</wf>
         <wf lemma="dreiβig" pos="X">dreiβig</wf>
         <instance id="d000.s150.t002" lemma="Minute" pos="NOUN">Minuten</instance>
         <wf lemma="ehrlich" pos="X">ehrlich</wf>
         <wf lemma="verdienen" pos="VERB">verdient</wf>
         <wf lemma="haben" pos="VERB">hatten</wf>
         <wf lemma="," pos="X">,</wf>
         <wf lemma="wieder" pos="ADV">wieder</wf>
         <wf lemma="wegnehmen" pos="VERB">wegzunehmen</wf>
         <wf lemma="." pos="X">.</wf>
      </sentence>
      <sentence id="d000.s151" source="semeval2013-de">
         <wf lemma="d" pos="X">Das</wf>
         <instance id="d000.s151.t000" lemma="Team" pos="NOUN">Team</instance>
         <wf lemma="von" pos="X">von</wf>
         <wf lemma="Ivanovic" pos="NOUN">Ivanovic</wf>
         <wf lemma="," pos="X">,</wf>
         <wf lemma="verletzen" pos="VERB">verletzt</wf>
         <wf lemma="," pos="X">,</wf>
         <wf lemma="aber" pos="ADV">aber</wf>
         <wf lemma="alle" pos="X">alles</wf>
         <wf lemma="ander" pos="X">andere</wf>
         <wf lemma="als" pos="X">als</wf>
         <wf lemma="tot" pos="X">tot</wf>
         <wf lemma="," pos="X">,</wf>
         <wf lemma="müssen" pos="VERB">musste</wf>
         <wf lemma="ein" pos="X">ein</wf>
         <wf lemma="paar" pos="X">paar</wf>
         <wf lemma="Spielzug" pos="NOUN">Spielzüge</wf>
         <wf lemma="mit" pos="X">mit</wf>
         <wf lemma="Treffsicherheit" pos="NOUN">Treffsicherheit</wf>
         <wf lemma="vorbereiten" pos="VERB">vorbereiten</wf>
         <wf lemma="," pos="X">,</wf>
         <wf lemma="um" pos="X">um</wf>
         <wf lemma="wieder" pos="ADV">wieder</wf>
         <wf lemma="Luft" pos="NOUN">Luft</wf>
         <wf lemma="zu" pos="X">zu</wf>
         <wf lemma="bekommen" pos="VERB">bekommen</wf>
         <wf lemma="und" pos="X">und</wf>
         <wf lemma="bei" pos="X">bei</wf>
         <wf lemma="ein" pos="X">einen</wf>
         <wf lemma="von" pos="X">von</wf>
         <wf lemma="sie" pos="X">ihnen</wf>
         <wf lemma="kommen" pos="VERB">kam</wf>
         <wf lemma="plötzlich" pos="X">plötzlich</wf>
         <wf lemma="d" pos="X">die</wf>
         <instance id="d000.s151.t001" lemma="Pistole" pos="NOUN">Pistole</instance>
         <wf lemma="von" pos="X">von</wf>
         <wf lemma="mirza_teletovic" pos="NOUN">Mirza_Teletovic</wf>
         <wf lemma="," pos="X">,</wf>
         <wf lemma="d" pos="X">der</wf>
         <wf lemma="mit" pos="X">mit</wf>
         <wf lemma="drei" pos="X">drei</wf>
         <wf lemma="fast" pos="ADV">fast</wf>
         <wf lemma="aufeinanderfolgend" pos="X">aufeinanderfolgenden</wf>
         <wf lemma="Dreifachen" pos="NOUN">Dreifachen</wf>
         <wf lemma="und" pos="X">und</wf>
         <wf lemma="mit" pos="X">mit</wf>
         <wf lemma="d" pos="X">der</wf>
         <instance id="d000.s151.t002" lemma="Unterstützung" pos="NOUN">Unterstützung</instance>
         <wf lemma="von" pos="X">von</wf>
         <wf lemma="English" pos="NOUN">English</wf>
         <wf lemma="und" pos="X">und</wf>
         <wf lemma="Ribas" pos="NOUN">Ribas</wf>
         <wf lemma="dafür" pos="X">dafür</wf>
         <wf lemma="sorgen" pos="VERB">sorgte</wf>
         <wf lemma="," pos="X">,</wf>
         <wf lemma="dass" pos="X">dass</wf>
         <wf lemma="auf" pos="X">auf</wf>
         <wf lemma="d" pos="X">der</wf>
         <wf lemma="Anzeigentafel" pos="NOUN">Anzeigentafel</wf>
         <wf lemma="wieder" pos="ADV">wieder</wf>
         <wf lemma="einberuhigender" pos="X">einberuhigender</wf>
         <instance id="d000.s151.t003" lemma="Abstand" pos="NOUN">Abstand</instance>
         <wf lemma="von" pos="X">von</wf>
         <wf lemma="(" pos="X">(</wf>
         <wf lemma="@card@" pos="X">54-67</wf>
         <wf lemma=")" pos="X">)</wf>
         <wf lemma="anzeigen" pos="VERB">angezeigt</wf>
         <wf lemma="werden" pos="VERB">wurde</wf>
         <wf lemma="," pos="X">,</wf>
         <wf lemma="d" pos="X">den</wf>
         <wf lemma="d" pos="X">der</wf>
         <instance id="d000.s151.t004" lemma="Gastgeber" pos="NOUN">Gastgeber</instance>
         <wf lemma="am" pos="X">am</wf>
         <instance id="d000.s151.t005" lemma="Ende" pos="NOUN">Ende</instance>
         <wf lemma="d" pos="X">des</wf>
         <wf lemma="dritt" pos="X">dritten</wf>
         <instance id="d000.s151.t006" lemma="Viertel" pos="NOUN">Viertels</instance>
         <wf lemma="mit" pos="X">mit</wf>
         <wf lemma="(" pos="X">(</wf>
         <wf lemma="@card@" pos="X">57-67</wf>
         <wf lemma=")" pos="X">)</wf>
         <wf lemma="verschönern" pos="VERB">verschönern</wf>
         <wf lemma="können" pos="VERB">konnten</wf>
         <wf lemma="." pos="X">.</wf>
      </sentence>
      <sentence id="d000.s152" source="semeval2013-de">
         <wf lemma="d" pos="X">Der</wf>
         <wf lemma="Caja_Laboral" pos="NOUN">Caja_Laboral</wf>
         <wf lemma="feiern" pos="VERB">feierte</wf>
         <wf lemma="," pos="X">,</wf>
         <wf lemma="trotz" pos="X">trotz</wf>
         <wf lemma="d" pos="X">der</wf>
         <wf lemma="viel" pos="X">vielen</wf>
         <wf lemma="ausgefallen" pos="X">ausgefallenen</wf>
         <wf lemma="Spieler" pos="NOUN">Spieler</wf>
         <wf lemma="in" pos="X">in</wf>
         <wf lemma="d" pos="X">der</wf>
         <wf lemma="Mannschaft" pos="NOUN">Mannschaft</wf>
         <wf lemma="von" pos="X">von</wf>
         <wf lemma="Dusko" pos="NOUN">Dusko</wf>
         <wf lemma="Ivanovic" pos="NOUN">Ivanovic</wf>
         <wf lemma="," pos="X">,</wf>
         <wf lemma="ein" pos="X">einen</wf>
         <wf lemma="hervorragend" pos="X">hervorragenden</wf>
         <instance id="d000.s152.t000" lemma="Triumph" pos="NOUN">Triumph</instance>
         <wf lemma="mit" pos="X">mit</wf>
         <wf lemma="@card@" pos="X">82-91</wf>
         <wf lemma="bei" pos="X">bei</wf>
         <wf lemma="sein" pos="X">seinem</wf>
         <wf lemma="Besuch" pos="NOUN">Besuch</wf>
         <wf lemma="auf" pos="X">auf</wf>
         <wf lemma="d" pos="X">dem</wf>
         <wf lemma="kompliziert" pos="X">komplizierten</wf>
         <wf lemma="Fuβballfeld" pos="NOUN">Fuβballfeld</wf>
         <wf lemma="d" pos="X">des</wf>
         <wf lemma="Maccabi" pos="NOUN">Maccabi</wf>
         <wf lemma="Electra" pos="NOUN">Electra</wf>
         <wf lemma="und" pos="X">und</wf>
         <wf lemma="kommen" pos="VERB">kommt</wf>
         <wf lemma="damit" pos="X">damit</wf>
         <wf lemma="auf" pos="X">auf</wf>
         <wf lemma="d" pos="X">den</wf>
         <wf lemma="erst" pos="X">ersten</wf>
         <instance id="d000.s152.t001" lemma="Platz" pos="NOUN">Platz</instance>
         <wf lemma="innerhalb" pos="X">innerhalb</wf>
         <wf lemma="sein" pos="X">seiner</wf>
         <instance id="d000.s152.t002" lemma="Gruppe" pos="NOUN">Gruppe</instance>
         <wf lemma="nach" pos="X">nach</wf>
         <wf lemma="d" pos="X">dem</wf>
         <wf lemma="groβartigen" pos="X">groβartigen</wf>
         <wf lemma="Auftritt" pos="NOUN">Auftritt</wf>
         <wf lemma="von" pos="X">von</wf>
         <wf lemma="mirza_teletovic" pos="NOUN">Mirza_Teletovic</wf>
         <wf lemma="," pos="X">,</wf>
         <wf lemma="d" pos="X">der</wf>
         <wf lemma="mit" pos="X">mit</wf>
         <wf lemma="acht" pos="X">acht</wf>
         <wf lemma="Dreifachen" pos="NOUN">Dreifachen</wf>
         <wf lemma="d" pos="X">der</wf>
         <wf lemma="Beste" pos="NOUN">Beste</wf>
         <wf lemma="sein" pos="X">seiner</wf>
         <wf lemma="Mannschaft" pos="NOUN">Mannschaft</wf>
         <wf lemma="sein" pos="VERB">war</wf>
         <wf lemma="(" pos="X">(</wf>
         <wf lemma="@card@" pos="X">29</wf>
         <wf lemma="bei" pos="X">bei</wf>
         <wf lemma="d" pos="X">der</wf>
         <wf lemma="Bewertung" pos="NOUN">Bewertung</wf>
         <wf lemma=")" pos="X">)</wf>
         <wf lemma="." pos="X">.</wf>
      </sentence>
      <sentence id="d000.s153" source="semeval2013-de">
         <wf lemma="d" pos="X">Die</wf>
         <wf lemma="Aufsichtsbehörde" pos="NOUN">Aufsichtsbehörde</wf>
         <wf lemma="verlangen" pos="VERB">verlangt</wf>
         <wf lemma="," pos="X">,</wf>
         <wf lemma="dass" pos="X">dass</wf>
         <wf lemma="d" pos="X">die</wf>
         <wf lemma="Frankfurter" pos="NOUN">Frankfurter</wf>
         <wf lemma="für" pos="X">für</wf>
         <wf lemma="&quot;" pos="X">&quot;</wf>
         <wf lemma="substantiell" pos="X">substanzielle</wf>
         <instance id="d000.s153.t000" lemma="Verlust" pos="NOUN">Verluste</instance>
         <wf lemma="&quot;" pos="X">&quot;</wf>
         <wf lemma="geradestehen" pos="VERB">geradestehen</wf>
         <wf lemma="," pos="X">,</wf>
         <wf lemma="ohne" pos="X">ohne</wf>
         <wf lemma="allerdings" pos="ADV">allerdings</wf>
         <wf lemma="ein" pos="X">eine</wf>
         <wf lemma="genau" pos="X">genaue</wf>
         <instance id="d000.s153.t001" lemma="Summe" pos="NOUN">Summe</instance>
         <wf lemma="zu" pos="X">zu</wf>
         <wf lemma="nennen" pos="VERB">nennen</wf>
         <wf lemma="." pos="X">.</wf>
      </sentence>
      <sentence id="d000.s154" source="semeval2013-de">
         <wf lemma="hochrangig" pos="X">Hochrangige</wf>
         <instance id="d000.s154.t000" lemma="Vertreter" pos="NOUN">Vertreter</instance>
         <wf lemma="," pos="X">,</wf>
         <wf lemma="wie" pos="X">wie</wf>
         <wf lemma="d" pos="X">der</wf>
         <wf lemma="indisch" pos="X">indische</wf>
         <wf lemma="Umweltminister" pos="NOUN">Umweltminister</wf>
         <wf lemma="jairam_ramesh" pos="NOUN">Jairam_Ramesh</wf>
         <wf lemma="und" pos="X">und</wf>
         <wf lemma="d" pos="X">der</wf>
         <wf lemma="chinesisch" pos="X">chinesische</wf>
         <wf lemma="Vizeminister" pos="NOUN">Vizeminister</wf>
         <wf lemma="entsteigen" pos="VERB">entstiegen</wf>
         <wf lemma="ihr" pos="X">ihren</wf>
         <instance id="d000.s154.t001" lemma="Flugzeug" pos="NOUN">Flugzeugen</instance>
         <wf lemma="und" pos="X">und</wf>
         <wf lemma="rasen" pos="VERB">rasten</wf>
         <wf lemma="durch" pos="X">durch</wf>
         <wf lemma="d" pos="X">die</wf>
         <wf lemma="Gang" pos="NOUN">Gänge</wf>
         <wf lemma="d" pos="X">des</wf>
         <wf lemma="Bella-Centers" pos="NOUN">Bella-Centers</wf>
         <wf lemma="zu" pos="X">zu</wf>
         <instance id="d000.s154.t002" lemma="Meeting" pos="NOUN">Meetings</instance>
         <wf lemma="hinter" pos="X">hinter</wf>
         <wf lemma="verschlossen" pos="X">verschlossenen</wf>
         <instance id="d000.s154.t003" lemma="Tür" pos="NOUN">Türen</instance>
         <wf lemma="und" pos="X">und</wf>
         <instance id="d000.s154.t004" lemma="Pressekonferenz" pos="NOUN">Pressekonferenzen</instance>
         <wf lemma="," pos="X">,</wf>
         <wf lemma="um" pos="X">um</wf>
         <wf lemma="Claims" pos="NOUN">Claims</wf>
         <wf lemma="abstecken" pos="VERB">abzustecken</wf>
         <wf lemma="," pos="X">,</wf>
         <wf lemma="d" pos="X">die</wf>
         <wf lemma="während" pos="X">während</wf>
         <wf lemma="d" pos="X">der</wf>
         <wf lemma="nah" pos="X">nächsten</wf>
         <instance id="d000.s154.t005" lemma="Woche" pos="NOUN">Woche</instance>
         <wf lemma="verhandeln" pos="VERB">verhandelt</wf>
         <wf lemma="werden" pos="VERB">werden</wf>
         <wf lemma="." pos="X">.</wf>
      </sentence>
      <sentence id="d000.s155" source="semeval2013-de">
         <wf lemma="d" pos="X">Der</wf>
         <wf lemma="Sportsgeist" pos="NOUN">Sportsgeist</wf>
         <wf lemma="verteidigen" pos="VERB">verteidigt</wf>
         <wf lemma="d" pos="X">die</wf>
         <wf lemma="körperlich" pos="X">körperliche</wf>
         <instance id="d000.s155.t000" lemma="Unversehrtheit" pos="NOUN">Unversehrtheit</instance>
         <wf lemma="d" pos="X">der</wf>
         <wf lemma="Gegenspieler" pos="NOUN">Gegenspieler</wf>
         <wf lemma="," pos="X">,</wf>
         <wf lemma="ein" pos="X">ein</wf>
         <instance id="d000.s155.t001" lemma="Aspekt" pos="NOUN">Aspekt</instance>
         <wf lemma="," pos="X">,</wf>
         <wf lemma="d" pos="X">der</wf>
         <wf lemma="durch" pos="X">durch</wf>
         <wf lemma="dies" pos="X">diese</wf>
         <wf lemma="Handlung" pos="NOUN">Handlungen</wf>
         <wf lemma="nicht" pos="X">nicht</wf>
         <wf lemma="gefährden" pos="VERB">gefährdet</wf>
         <wf lemma="werden" pos="VERB">wurde</wf>
         <wf lemma="," pos="X">,</wf>
         <wf lemma="denn" pos="X">denn</wf>
         <wf lemma="es" pos="X">es</wf>
         <wf lemma="sein" pos="VERB">war</wf>
         <wf lemma="kein" pos="X">kein</wf>
         <wf lemma="aggressiv" pos="X">aggressives</wf>
         <instance id="d000.s155.t002" lemma="Spiel" pos="NOUN">Spiel</instance>
         <wf lemma="." pos="X">.</wf>
      </sentence>
      <sentence id="d000.s156" source="semeval2013-de">
         <wf lemma="hier" pos="ADV">Hier</wf>
         <wf lemma="sollen" pos="VERB">sollte</wf>
         <wf lemma="hervorheben" pos="VERB">hervorgehoben</wf>
         <wf lemma="werden" pos="VERB">werden</wf>
         <wf lemma="," pos="X">,</wf>
         <wf lemma="dass" pos="X">dass</wf>
         <wf lemma="d" pos="X">der</wf>
         <instance id="d000.s156.t000" lemma="Rivale" pos="NOUN">Rivale</instance>
         <wf lemma="weder" pos="X">weder</wf>
         <wf lemma="in" pos="X">in</wf>
         <wf lemma="ein" pos="X">eine</wf>
         <wf lemma="ungünstig" pos="X">ungünstigere</wf>
         <wf lemma="Lage" pos="NOUN">Lage</wf>
         <wf lemma="bringen" pos="VERB">gebracht</wf>
         <wf lemma="werden" pos="VERB">wurde</wf>
         <wf lemma="noch" pos="X">noch</wf>
         <instance id="d000.s156.t001" lemma="Vorteil" pos="NOUN">Vorteile</instance>
         <wf lemma="für" pos="X">für</wf>
         <wf lemma="d" pos="X">das</wf>
         <wf lemma="gespielt" pos="X">gespielte</wf>
         <instance id="d000.s156.t002" lemma="Spiel" pos="NOUN">Spiel</instance>
         <wf lemma="erheischen" pos="VERB">erheischt</wf>
         <wf lemma="werden" pos="VERB">wurden</wf>
         <wf lemma="," pos="X">,</wf>
         <wf lemma="denn" pos="X">denn</wf>
         <wf lemma="d" pos="X">das</wf>
         <wf lemma="offensichtlich" pos="X">offensichtliche</wf>
         <wf lemma="Ergebnis" pos="NOUN">Ergebnis</wf>
         <wf lemma="dies" pos="X">dieser</wf>
         <wf lemma="Aktion" pos="NOUN">Aktion</wf>
         <wf lemma="sein" pos="VERB">war</wf>
         <wf lemma="," pos="X">,</wf>
         <wf lemma="dass" pos="X">dass</wf>
         <wf lemma="d" pos="X">das</wf>
         <wf lemma="eigen" pos="X">eigene</wf>
         <wf lemma="Team" pos="NOUN">Team</wf>
         <wf lemma="mit" pos="X">mit</wf>
         <wf lemma="wenig" pos="X">weniger</wf>
         <wf lemma="Spieler" pos="NOUN">Spielern</wf>
         <wf lemma="weiterspielen" pos="VERB">weiterspielen</wf>
         <wf lemma="müssen" pos="VERB">musste</wf>
         <wf lemma="." pos="X">.</wf>
      </sentence>
      <sentence id="d000.s157" source="semeval2013-de">
         <wf lemma="d" pos="X">Die</wf>
         <wf lemma="demokatrische" pos="X">demokatrische</wf>
         <instance id="d000.s157.t000" lemma="Routine" pos="NOUN">Routine</instance>
      </sentence>
      <sentence id="d000.s158" source="semeval2013-de">
         <instance id="d000.s158.t000" lemma="Brasilien" pos="NOUN">Brasiliens</instance>
         <wf lemma="stark" pos="X">starke</wf>
         <instance id="d000.s158.t001" lemma="Wirtschaft" pos="NOUN">Wirtschaft</instance>
         <wf lemma="und" pos="X">und</wf>
         <wf lemma="d" pos="X">die</wf>
         <instance id="d000.s158.t002" lemma="Beliebtheit" pos="NOUN">Beliebtheit</instance>
         <wf lemma="d" pos="X">des</wf>
         <wf lemma="scheidend" pos="X">scheidenden</wf>
         <instance id="d000.s158.t003" lemma="Präsident" pos="NOUN">Präsidenten</instance>
         <wf lemma="luiz_inácio_lula_da_silva" pos="NOUN">Luiz_Inácio_Lula_da_Silva</wf>
         <wf lemma="spiegeln" pos="VERB">spiegelt</wf>
         <wf lemma="er" pos="X">sich</wf>
         <wf lemma="in" pos="X">in</wf>
         <wf lemma="ein" pos="X">einem</wf>
         <wf lemma="verbreitet" pos="X">verbreiteten</wf>
         <wf lemma="Fortschrittsdenken" pos="NOUN">Fortschrittsdenken</wf>
         <wf lemma="wider" pos="X">wider</wf>
         <wf lemma="." pos="X">.</wf>
      </sentence>
      <sentence id="d000.s159" source="semeval2013-de">
         <wf lemma="xavi_hernández" pos="NOUN">Xavi_Hernández</wf>
         <wf lemma="," pos="X">,</wf>
         <instance id="d000.s159.t000" lemma="Spieler" pos="NOUN">Spieler</instance>
         <wf lemma="d" pos="X">des</wf>
         <wf lemma="Fußballklub" pos="NOUN">Fußballklubs</wf>
         <instance id="d000.s159.t001" lemma="Barcelona" pos="NOUN">Barcelona</instance>
         <wf lemma="," pos="X">,</wf>
         <wf lemma="besitzen" pos="VERB">besitzt</wf>
         <wf lemma="@card@" pos="X">106</wf>
         <wf lemma="." pos="X">.</wf>
      </sentence>
      <sentence id="d000.s160" source="semeval2013-de">
         <wf lemma="d" pos="X">Das</wf>
         <wf lemma="sein" pos="VERB">sind</wf>
         <wf lemma="soviele" pos="NOUN">soviele</wf>
         <wf lemma="wie" pos="X">wie</wf>
         <wf lemma="im" pos="X">im</wf>
         <wf lemma="letzt" pos="X">letzten</wf>
         <instance id="d000.s160.t000" lemma="Jahr" pos="NOUN">Jahr</instance>
         <wf lemma="," pos="X">,</wf>
         <wf lemma="jedoch" pos="ADV">jedoch</wf>
         <wf lemma="25" pos="X">25</wf>
         <instance id="d000.s160.t001" lemma="%" pos="NOUN">%</instance>
         <wf lemma="mehr" pos="ADV">mehr</wf>
         <wf lemma="als" pos="X">als</wf>
         <wf lemma="im" pos="X">im</wf>
         <instance id="d000.s160.t002" lemma="Jahr" pos="NOUN">Jahr</instance>
         <wf lemma="@card@" pos="X">2001</wf>
         <wf lemma="(" pos="X">(</wf>
         <instance id="d000.s160.t003" lemma="Diagramm" pos="NOUN">Diagramm</instance>
         <wf lemma="3" pos="X">3</wf>
         <wf lemma=")" pos="X">)</wf>
         <wf lemma="." pos="X">.</wf>
      </sentence>
      <sentence id="d000.s161" source="semeval2013-de">
         <wf lemma="ca." pos="ADV">Ca.</wf>
         <wf lemma="31" pos="X">31</wf>
         <instance id="d000.s161.t000" lemma="%" pos="NOUN">%</instance>
         <wf lemma="sagen" pos="VERB">sagen</wf>
         <wf lemma="aus" pos="X">aus</wf>
         <wf lemma="," pos="X">,</wf>
         <wf lemma="dass" pos="X">dass</wf>
         <wf lemma="entweder" pos="X">entweder</wf>
         <wf lemma="sie" pos="X">sie</wf>
         <wf lemma="selbst" pos="ADV">selbst</wf>
         <wf lemma="oder" pos="X">oder</wf>
         <wf lemma="ein" pos="X">ein</wf>
         <wf lemma="Familienmitglied" pos="NOUN">Familienmitglied</wf>
         <wf lemma="im" pos="X">im</wf>
         <wf lemma="letzt" pos="X">letzten</wf>
         <instance id="d000.s161.t001" lemma="Jahr" pos="NOUN">Jahr</instance>
         <instance id="d000.s161.t002" lemma="Opfer" pos="NOUN">Opfer</instance>
         <wf lemma="ein" pos="X">eines</wf>
         <instance id="d000.s161.t003" lemma="Verbrechen" pos="NOUN">Verbrechens</instance>
         <wf lemma="werden" pos="VERB">wurden</wf>
         <wf lemma="." pos="X">.</wf>
      </sentence>
      <sentence id="d000.s162" source="semeval2013-de">
         <wf lemma="Ihr" pos="X">Ihr</wf>
         <instance id="d000.s162.t000" lemma="Schwerpunkt" pos="NOUN">Schwerpunkt</instance>
         <wf lemma="auf" pos="X">auf</wf>
         <wf lemma="d" pos="X">die</wf>
         <instance id="d000.s162.t001" lemma="Berichterstattung" pos="NOUN">Berichterstattung</instance>
         <wf lemma="durch" pos="X">durch</wf>
         <wf lemma="Twitter" pos="NOUN">Twitter</wf>
         <wf lemma="sein" pos="VERB">ist</wf>
         <wf lemma="kontrovers" pos="X">kontrovers</wf>
         <wf lemma="." pos="X">.</wf>
      </sentence>
      <sentence id="d000.s163" source="semeval2013-de">
         <wf lemma="&quot;" pos="X">&quot;</wf>
         <wf lemma="da" pos="ADV">Da</wf>
         <wf lemma="fragen" pos="VERB">fragt</wf>
         <wf lemma="man" pos="X">man</wf>
         <wf lemma="er" pos="X">sich</wf>
         <wf lemma="doch" pos="ADV">doch</wf>
         <wf lemma="," pos="X">,</wf>
         <wf lemma="was" pos="X">was</wf>
         <wf lemma="sonst" pos="ADV">sonst</wf>
         <wf lemma="noch" pos="ADV">noch</wf>
         <wf lemma="möglich" pos="X">möglich</wf>
         <wf lemma="sein" pos="VERB">ist</wf>
         <wf lemma="&quot;" pos="X">&quot;</wf>
         <wf lemma="," pos="X">,</wf>
         <wf lemma="sagen" pos="VERB">sagte</wf>
         <wf lemma="d" pos="X">der</wf>
         <wf lemma="Co-Autor" pos="NOUN">Co-Autor</wf>
         <wf lemma="d" pos="X">des</wf>
         <instance id="d000.s163.t000" lemma="Bericht" pos="NOUN">Berichts</instance>
         <wf lemma="Ariel" pos="NOUN">Ariel</wf>
         <wf lemma="D." pos="NOUN">D.</wf>
         <wf lemma="Anbar" pos="NOUN">Anbar</wf>
         <wf lemma="von" pos="X">von</wf>
         <wf lemma="d" pos="X">der</wf>
         <wf lemma="Arizona_State_University" pos="NOUN">Arizona_State_University</wf>
         <wf lemma="." pos="X">.</wf>
      </sentence>
      <sentence id="d000.s164" source="semeval2013-de">
         <wf lemma="d" pos="X">Der</wf>
         <wf lemma="Zahl" pos="NOUN">Zahl</wf>
         <instance id="d000.s164.t000" lemma="Hundert" pos="NOUN">Hundert</instance>
         <wf lemma="nähern" pos="VERB">nähert</wf>
         <wf lemma="er" pos="X">sich</wf>
         <wf lemma="auch" pos="ADV">auch</wf>
         <wf lemma="Carles_Puyol" pos="NOUN">Carles_Puyol</wf>
         <wf lemma="mit" pos="X">mit</wf>
         <wf lemma="97" pos="X">97</wf>
         <instance id="d000.s164.t001" lemma="Spiel" pos="NOUN">Spielen</instance>
         <wf lemma="." pos="X">.</wf>
      </sentence>
      <sentence id="d000.s165" source="semeval2013-de">
         <wf lemma="sein" pos="VERB">Ist</wf>
         <instance id="d000.s165.t000" lemma="Immigration" pos="NOUN">Immigration</instance>
         <wf lemma="Last" pos="NOUN">Last</wf>
         <wf lemma="oder" pos="X">oder</wf>
         <instance id="d000.s165.t001" lemma="Chance" pos="NOUN">Chance</instance>
         <wf lemma="für" pos="X">für</wf>
         <wf lemma="d" pos="X">die</wf>
         <instance id="d000.s165.t002" lemma="Wirtschaft" pos="NOUN">Wirtschaft</instance>
         <wf lemma="?" pos="X">?</wf>
      </sentence>
      <sentence id="d000.s166" source="semeval2013-de">
         <wf lemma="d" pos="X">Die</wf>
         <instance id="d000.s166.t000" lemma="Entdeckung" pos="NOUN">Entdeckung</instance>
         <wf lemma="ein" pos="X">einer</wf>
         <wf lemma="fremd" pos="X">fremden</wf>
         <wf lemma="Bakterienart" pos="NOUN">Bakterienart</wf>
         <wf lemma="," pos="X">,</wf>
         <wf lemma="d" pos="X">die</wf>
         <wf lemma="u.a." pos="ADV">u.a.</wf>
         <wf lemma="von" pos="X">von</wf>
         <instance id="d000.s166.t001" lemma="Arsen" pos="NOUN">Arsen</instance>
         <wf lemma="leben" pos="VERB">leben</wf>
         <wf lemma="können" pos="VERB">kann</wf>
         <wf lemma="," pos="X">,</wf>
         <wf lemma="eröffnen" pos="VERB">eröffnet</wf>
         <wf lemma="neu" pos="X">neue</wf>
         <wf lemma="Möglichkeit" pos="NOUN">Möglichkeiten</wf>
         <wf lemma="für" pos="X">für</wf>
         <wf lemma="neu" pos="X">neue</wf>
         <instance id="d000.s166.t002" lemma="Lebensform" pos="NOUN">Lebensformen</instance>
         <wf lemma="auf" pos="X">auf</wf>
         <wf lemma="d" pos="X">der</wf>
         <instance id="d000.s166.t003" lemma="Erde" pos="NOUN">Erde</instance>
         <wf lemma="und" pos="X">und</wf>
         <wf lemma="anderswo" pos="ADV">anderswo</wf>
         <wf lemma="." pos="X">.</wf>
      </sentence>
      <sentence id="d000.s167" source="semeval2013-de">
         <wf lemma="Sicherheitsbedenken" pos="NOUN">Sicherheitsbedenken</wf>
         <wf lemma="," pos="X">,</wf>
         <wf lemma="d" pos="X">die</wf>
         <wf lemma="noch" pos="ADV">noch</wf>
         <wf lemma="durch" pos="X">durch</wf>
         <wf lemma="massiv" pos="X">massive</wf>
         <wf lemma="koordiniert" pos="X">koordinierte</wf>
         <instance id="d000.s167.t000" lemma="Bombardement" pos="NOUN">Bombardements</instance>
         <wf lemma="am" pos="X">am</wf>
         <instance id="d000.s167.t001" lemma="Dienstag" pos="NOUN">Dienstag</instance>
         <wf lemma="unterstreichen" pos="VERB">unterstrichen</wf>
         <wf lemma="werden" pos="VERB">wurden</wf>
         <wf lemma="und" pos="X">und</wf>
         <wf lemma="d" pos="X">die</wf>
         <wf lemma="politisch" pos="X">politische</wf>
         <instance id="d000.s167.t002" lemma="Instabilität" pos="NOUN">Instabilität</instance>
         <wf lemma="durch" pos="X">durch</wf>
         <wf lemma="d" pos="X">den</wf>
         <wf lemma="Abzug" pos="NOUN">Abzug</wf>
         <wf lemma="d" pos="X">des</wf>
         <wf lemma="US-Militär" pos="NOUN">US-Militärs</wf>
         <wf lemma="haben" pos="VERB">haben</wf>
         <wf lemma="amerikanisch" pos="X">amerikanische</wf>
         <instance id="d000.s167.t003" lemma="Ölgesellschaft" pos="NOUN">Ölgesellschaften</instance>
         <wf lemma="wahrscheinlich" pos="X">wahrscheinlich</wf>
         <wf lemma="davon" pos="X">davon</wf>
         <wf lemma="abhalten" pos="VERB">abgehalten</wf>
         <wf lemma="," pos="X">,</wf>
         <wf lemma="so" pos="ADV">so</wf>
         <wf lemma="sagen" pos="VERB">sagten</wf>
         <instance id="d000.s167.t004" lemma="Analyst" pos="NOUN">Analysten</instance>
         <wf lemma="," pos="X">,</wf>
         <wf lemma="er" pos="X">sich</wf>
         <wf lemma="stark" pos="X">stärker</wf>
         <wf lemma="im" pos="X">im</wf>
         <instance id="d000.s167.t005" lemma="Irak" pos="NOUN">Irak</instance>
         <wf lemma="zu" pos="X">zu</wf>
         <wf lemma="engagieren" pos="VERB">engagieren</wf>
         <wf lemma="," pos="X">,</wf>
         <wf lemma="d" pos="X">der</wf>
         <wf lemma="d" pos="X">die</wf>
         <wf lemma="drittgroß" pos="X">drittgrößten</wf>
         <wf lemma="nachgewiesen" pos="X">nachgewiesenen</wf>
         <wf lemma="Rohölreserven" pos="NOUN">Rohölreserven</wf>
         <wf lemma="d" pos="X">der</wf>
         <instance id="d000.s167.t006" lemma="Welt" pos="NOUN">Welt</instance>
         <wf lemma="besitzen" pos="VERB">besitzt</wf>
         <wf lemma="." pos="X">.</wf>
      </sentence>
      <sentence id="d000.s168" source="semeval2013-de">
         <wf lemma="Teletovic" pos="NOUN">Teletovic</wf>
         <wf lemma="beginnen" pos="VERB">begann</wf>
         <wf lemma="bereits" pos="ADV">bereits</wf>
         <wf lemma="," pos="X">,</wf>
         <wf lemma="er" pos="X">sich</wf>
         <wf lemma="als" pos="X">als</wf>
         <wf lemma="gut" pos="X">bester</wf>
         <wf lemma="sein" pos="X">seiner</wf>
         <wf lemma="Mannschaft" pos="NOUN">Mannschaft</wf>
         <wf lemma="mit" pos="X">mit</wf>
         <wf lemma="13" pos="X">13</wf>
         <instance id="d000.s168.t000" lemma="Punkt" pos="NOUN">Punkten</instance>
         <wf lemma="hervorheben" pos="VERB">hervorzuheben</wf>
         <wf lemma="," pos="X">,</wf>
         <wf lemma="auch" pos="ADV">auch</wf>
         <wf lemma="wennn" pos="NOUN">wennn</wf>
         <wf lemma="d" pos="X">die</wf>
         <wf lemma="&quot;" pos="X">&quot;</wf>
         <wf lemma="minus" pos="ADV">minus</wf>
         <wf lemma="sechs" pos="X">sechs</wf>
         <wf lemma="&quot;" pos="X">&quot;</wf>
         <wf lemma="Bewertung" pos="NOUN">Bewertung</wf>
         <wf lemma="von" pos="X">von</wf>
         <wf lemma="Splitter" pos="NOUN">Splitter</wf>
         <wf lemma="schon" pos="ADV">schon</wf>
         <wf lemma="erahnen" pos="VERB">erahnen</wf>
         <wf lemma="lieβen" pos="VERB">lieβen</wf>
         <wf lemma="," pos="X">,</wf>
         <wf lemma="dass" pos="X">dass</wf>
         <wf lemma="dies" pos="X">dies</wf>
         <wf lemma="nicht" pos="X">nicht</wf>
         <wf lemma="d" pos="X">der</wf>
         <wf lemma="gut" pos="X">beste</wf>
         <instance id="d000.s168.t001" lemma="Abend" pos="NOUN">Abend</instance>
         <wf lemma="d" pos="X">des</wf>
         <instance id="d000.s168.t002" lemma="Brasilianer" pos="NOUN">Brasilianers</instance>
         <wf lemma="sein" pos="VERB">sein</wf>
         <wf lemma="werden" pos="VERB">würde</wf>
         <wf lemma="." pos="X">.</wf>
      </sentence>
      <sentence id="d000.s169" source="semeval2013-de">
         <wf lemma="einzig" pos="X">Einziger</wf>
         <instance id="d000.s169.t000" lemma="Unterschied" pos="NOUN">Unterschied</instance>
         <wf lemma="bestehen" pos="VERB">besteht</wf>
         <wf lemma="im" pos="X">im</wf>
         <instance id="d000.s169.t001" lemma="Grad" pos="NOUN">Grad</instance>
         <wf lemma="d" pos="X">der</wf>
         <wf lemma="Groβzügigkeit" pos="NOUN">Groβzügigkeit</wf>
      </sentence>
      <sentence id="d000.s170" source="semeval2013-de">
         <wf lemma="trotzdem" pos="X">Trotzdem</wf>
         <wf lemma="sein" pos="VERB">war</wf>
         <wf lemma="d" pos="X">das</wf>
         <instance id="d000.s170.t000" lemma="Spiel" pos="NOUN">Spiel</instance>
         <wf lemma="trotz" pos="X">trotz</wf>
         <wf lemma="d" pos="X">des</wf>
         <wf lemma="deutlich" pos="X">deutlichen</wf>
         <instance id="d000.s170.t001" lemma="Vorteil" pos="NOUN">Vorteils</instance>
         <wf lemma="in" pos="X">in</wf>
         <wf lemma="d" pos="X">der</wf>
         <instance id="d000.s170.t002" lemma="Pause" pos="NOUN">Pause</instance>
         <wf lemma="noch" pos="ADV">noch</wf>
         <wf lemma="längst" pos="ADV">längst</wf>
         <wf lemma="nicht" pos="X">nicht</wf>
         <wf lemma="entscheiden" pos="VERB">entschieden</wf>
         <wf lemma="und" pos="X">und</wf>
         <wf lemma="d" pos="X">die</wf>
         <wf lemma="Makkabäer" pos="NOUN">Makkabäer</wf>
         <wf lemma="wollen" pos="VERB">wollten</wf>
         <wf lemma="d" pos="X">die</wf>
         <wf lemma="Vitorianer" pos="NOUN">Vitorianer</wf>
         <wf lemma="noch" pos="ADV">noch</wf>
         <wf lemma="einmal" pos="ADV">einmal</wf>
         <wf lemma="daran" pos="X">daran</wf>
         <wf lemma="erinnern" pos="VERB">erinnern</wf>
         <wf lemma="," pos="X">,</wf>
         <wf lemma="dass" pos="X">dass</wf>
         <wf lemma="auf" pos="X">auf</wf>
         <wf lemma="ihr" pos="X">ihrem</wf>
         <instance id="d000.s170.t003" lemma="Spielfeld" pos="NOUN">Spielfeld</instance>
         <wf lemma="nicht" pos="X">nicht</wf>
         <wf lemma="jed" pos="X">jeder</wf>
         <wf lemma="gewinnen" pos="VERB">gewinnt</wf>
         <wf lemma="," pos="X">,</wf>
         <wf lemma="und" pos="X">und</wf>
         <wf lemma="dank" pos="X">dank</wf>
         <wf lemma="d" pos="X">der</wf>
         <wf lemma="immer" pos="ADV">immer</wf>
         <wf lemma="wieder" pos="ADV">wieder</wf>
         <wf lemma="angreifend" pos="X">angreifenden</wf>
         <wf lemma="&quot;" pos="X">&quot;</wf>
         <instance id="d000.s170.t004" lemma="Hand" pos="NOUN">Hand</instance>
         <wf lemma="von" pos="X">von</wf>
         <wf lemma="Elías" pos="NOUN">Elías</wf>
         <wf lemma="&quot;" pos="X">&quot;</wf>
         <wf lemma="kommen" pos="VERB">kamen</wf>
         <wf lemma="sie" pos="X">sie</wf>
         <wf lemma="ins" pos="X">ins</wf>
         <instance id="d000.s170.t005" lemma="Spiel" pos="NOUN">Spiel</instance>
         <wf lemma="zurück" pos="X">zurück</wf>
         <wf lemma="." pos="X">.</wf>
      </sentence>
      <sentence id="d000.s171" source="semeval2013-de">
         <wf lemma="d" pos="X">Die</wf>
         <wf lemma="unter" pos="X">unter</wf>
         <wf lemma="nicolas_sarkozy" pos="NOUN">Nicolas_Sarkozy</wf>
         <wf lemma="geführt" pos="X">geführte</wf>
         <wf lemma="Immigrationspolitik" pos="NOUN">Immigrationspolitik</wf>
         <wf lemma="werden" pos="VERB">wurde</wf>
         <wf lemma="aus" pos="X">aus</wf>
         <wf lemma="vielerlei" pos="X">vielerlei</wf>
         <wf lemma="Winkel" pos="NOUN">Winkeln</wf>
         <wf lemma="kritisieren" pos="VERB">kritisiert</wf>
         <wf lemma="-" pos="X">-</wf>
         <wf lemma="Überlastung" pos="NOUN">Überlastung</wf>
         <wf lemma="von" pos="X">von</wf>
         <wf lemma="Polizei-" pos="X">Polizei-</wf>
         <wf lemma="," pos="X">,</wf>
         <wf lemma="Gerichts-" pos="X">Gerichts-</wf>
         <wf lemma="und" pos="X">und</wf>
         <wf lemma="Verwaltungsorgan" pos="NOUN">Verwaltungsorganen</wf>
         <wf lemma="aufgrund" pos="X">aufgrund</wf>
         <wf lemma="ein" pos="X">einer</wf>
         <wf lemma="d" pos="X">den</wf>
         <instance id="d000.s171.t000" lemma="Zahl" pos="NOUN">Zahlen</instance>
         <wf lemma="unterworfen" pos="X">unterworfenen</wf>
         <instance id="d000.s171.t001" lemma="Politik" pos="NOUN">Politik</instance>
         <wf lemma="," pos="X">,</wf>
         <wf lemma="Vereinbarkeit" pos="NOUN">Vereinbarkeit</wf>
         <wf lemma="dies" pos="X">dieser</wf>
         <instance id="d000.s171.t002" lemma="Politik" pos="NOUN">Politik</instance>
         <wf lemma="mit" pos="X">mit</wf>
         <wf lemma="d" pos="X">dem</wf>
         <instance id="d000.s171.t003" lemma="Status" pos="NOUN">Status</instance>
         <wf lemma="ein" pos="X">eines</wf>
         <wf lemma="&quot;" pos="X">&quot;</wf>
         <instance id="d000.s171.t004" lemma="Land" pos="NOUN">Landes</instance>
         <wf lemma="d" pos="X">der</wf>
         <instance id="d000.s171.t005" lemma="Menschenrecht" pos="NOUN">Menschenrechte</instance>
         <wf lemma="&quot;" pos="X">&quot;</wf>
         <wf lemma="," pos="X">,</wf>
         <wf lemma="wie" pos="X">wie</wf>
         <wf lemma="er" pos="X">sich</wf>
         <instance id="d000.s171.t006" lemma="Frankreich" pos="NOUN">Frankreich</instance>
         <wf lemma="selbst" pos="ADV">selbst</wf>
         <wf lemma="betiteln" pos="VERB">betitelt</wf>
         <wf lemma="haben" pos="VERB">hatte</wf>
         <wf lemma="." pos="X">.</wf>
      </sentence>
      <sentence id="d000.s172" source="semeval2013-de">
         <wf lemma="laut" pos="X">Laut</wf>
         <wf lemma="Jamie" pos="NOUN">Jamie</wf>
         <wf lemma="S." pos="NOUN">S.</wf>
         <wf lemma="Foster" pos="NOUN">Foster</wf>
         <wf lemma="," pos="X">,</wf>
         <instance id="d000.s172.t000" lemma="Dozentin" pos="NOUN">Dozentin</instance>
         <wf lemma="für" pos="X">für</wf>
         <instance id="d000.s172.t001" lemma="Mikrobiologie" pos="NOUN">Mikrobiologie</instance>
         <wf lemma="an" pos="X">an</wf>
         <wf lemma="d" pos="X">der</wf>
         <wf lemma="university_of_florida" pos="NOUN">University_of_Florida</wf>
         <wf lemma="," pos="X">,</wf>
         <wf lemma="sein" pos="VERB">ist</wf>
         <wf lemma="d" pos="X">die</wf>
         <instance id="d000.s172.t002" lemma="Idee" pos="NOUN">Idee</instance>
         <wf lemma="," pos="X">,</wf>
         <wf lemma="dass" pos="X">dass</wf>
         <instance id="d000.s172.t003" lemma="Phosphor" pos="NOUN">Phosphor</instance>
         <wf lemma="durch" pos="X">durch</wf>
         <instance id="d000.s172.t004" lemma="Arsen" pos="NOUN">Arsen</instance>
         <wf lemma="ersetzen" pos="VERB">ersetzt</wf>
         <wf lemma="werden" pos="VERB">werden</wf>
         <wf lemma="können" pos="VERB">kann</wf>
         <wf lemma="," pos="X">,</wf>
         <wf lemma="nicht" pos="X">nicht</wf>
         <wf lemma="neu" pos="X">neu</wf>
         <wf lemma="." pos="X">.</wf>
      </sentence>
      <sentence id="d000.s173" source="semeval2013-de">
         <wf lemma="es" pos="X">Es</wf>
         <wf lemma="gehen" pos="VERB">geht</wf>
         <wf lemma="um" pos="X">um</wf>
         <wf lemma="d" pos="X">den</wf>
         <instance id="d000.s173.t000" lemma="Verkauf" pos="NOUN">Verkauf</instance>
         <wf lemma="von" pos="X">von</wf>
         <wf lemma="Hypothekenpapieren" pos="NOUN">Hypothekenpapieren</wf>
         <wf lemma="." pos="X">.</wf>
      </sentence>
      <sentence id="d000.s174" source="semeval2013-de">
         <wf lemma="eine" pos="X">Ein</wf>
         <wf lemma="weit" pos="X">weiterer</wf>
         <instance id="d000.s174.t000" lemma="Aspekt" pos="NOUN">Aspekt</instance>
         <wf lemma="ein" pos="X">eines</wf>
         <wf lemma="sauber" pos="X">sauberen</wf>
         <instance id="d000.s174.t001" lemma="Spiel" pos="NOUN">Spiels</instance>
         <wf lemma="bestehen" pos="VERB">besteht</wf>
         <wf lemma="darin" pos="X">darin</wf>
         <wf lemma="zu" pos="X">zu</wf>
         <wf lemma="vermeiden" pos="VERB">vermeiden</wf>
         <wf lemma="," pos="X">,</wf>
         <wf lemma="dass" pos="X">dass</wf>
         <wf lemma="d" pos="X">die</wf>
         <wf lemma="zuwiderhandelnden" pos="X">zuwiderhandelnden</wf>
         <instance id="d000.s174.t002" lemma="Spieler" pos="NOUN">Spieler</instance>
         <wf lemma="ein" pos="X">einen</wf>
         <wf lemma="ungerechtfertigt" pos="X">ungerechtfertigten</wf>
         <instance id="d000.s174.t003" lemma="Nutzen" pos="NOUN">Nutzen</instance>
         <wf lemma="aus" pos="X">aus</wf>
         <wf lemma="d" pos="X">dem</wf>
         <wf lemma="Gegenteam" pos="NOUN">Gegenteam</wf>
         <wf lemma="ziehen" pos="VERB">ziehen</wf>
         <wf lemma="." pos="X">.</wf>
         <wf lemma="auch" pos="ADV">Auch</wf>
         <wf lemma="d" pos="X">das</wf>
         <wf lemma="geschehen" pos="VERB">geschah</wf>
         <wf lemma="nicht" pos="X">nicht</wf>
         <wf lemma="." pos="X">.</wf>
      </sentence>
      <sentence id="d000.s175" source="semeval2013-de">
         <wf lemma="d" pos="X">Die</wf>
         <instance id="d000.s175.t000" lemma="Forschungsarbeit" pos="NOUN">Forschungsarbeiten</instance>
         <wf lemma="werden" pos="VERB">wurden</wf>
         <wf lemma="von" pos="X">von</wf>
         <wf lemma="d" pos="X">der</wf>
         <instance id="d000.s175.t001" lemma="NASA" pos="NOUN">NASA</instance>
         <wf lemma="," pos="X">,</wf>
         <wf lemma="d" pos="X">dem</wf>
         <wf lemma="Energieministerium" pos="NOUN">Energieministerium</wf>
         <wf lemma="und" pos="X">und</wf>
         <wf lemma="d" pos="X">den</wf>
         <wf lemma="national" pos="X">Nationalen</wf>
         <wf lemma="Gesundheitsbehörde" pos="NOUN">Gesundheitsbehörden</wf>
         <wf lemma="unterstützen" pos="VERB">unterstützt</wf>
         <wf lemma="." pos="X">.</wf>
      </sentence>
      <sentence id="d000.s176" source="semeval2013-de">
         <wf lemma="von" pos="X">Von</wf>
         <wf lemma="recht" pos="X">rechter</wf>
         <instance id="d000.s176.t000" lemma="Seite" pos="NOUN">Seite</instance>
         <wf lemma="werden" pos="VERB">wurde</wf>
         <wf lemma="d" pos="X">der</wf>
         <instance id="d000.s176.t001" lemma="Ton" pos="NOUN">Ton</instance>
         <wf lemma="von" pos="X">von</wf>
         <wf lemma="jacques_chirac" pos="NOUN">Jacques_Chirac</wf>
         <wf lemma="anschlagen" pos="VERB">angeschlagen</wf>
         <wf lemma="," pos="X">,</wf>
         <wf lemma="d" pos="X">der</wf>
         <wf lemma="1976" pos="X">1976</wf>
         <wf lemma="erklären" pos="VERB">erklärt</wf>
         <wf lemma="haben" pos="VERB">hatte</wf>
         <wf lemma="," pos="X">,</wf>
         <wf lemma="dass" pos="X">dass</wf>
         <wf lemma="&quot;" pos="X">&quot;</wf>
         <wf lemma="@card@" pos="X">900.000</wf>
         <instance id="d000.s176.t002" lemma="Arbeitslose" pos="NOUN">Arbeitslose</instance>
         <wf lemma="," pos="X">,</wf>
         <wf lemma="darunter" pos="ADV">darunter</wf>
         <wf lemma="über" pos="X">über</wf>
         <wf lemma="2" pos="X">2</wf>
         <instance id="d000.s176.t003" lemma="Million" pos="NOUN">Millionen</instance>
         <wf lemma="immigrierte" pos="X">immigrierte</wf>
         <wf lemma="Arbeitskraft" pos="NOUN">Arbeitskräfte</wf>
         <wf lemma="," pos="X">,</wf>
         <wf lemma="kein" pos="X">kein</wf>
         <instance id="d000.s176.t004" lemma="Problem" pos="NOUN">Problem</instance>
         <wf lemma="für" pos="X">für</wf>
         <wf lemma="ein" pos="X">ein</wf>
         <instance id="d000.s176.t005" lemma="Land" pos="NOUN">Land</instance>
         <wf lemma="darstellen" pos="VERB">darstellen</wf>
         <wf lemma="dürfen" pos="VERB">dürften</wf>
         <wf lemma="&quot;" pos="X">&quot;</wf>
         <wf lemma="," pos="X">,</wf>
         <wf lemma="von" pos="X">von</wf>
         <wf lemma="link" pos="X">linker</wf>
         <instance id="d000.s176.t006" lemma="Seite" pos="NOUN">Seite</instance>
         <wf lemma="durch" pos="X">durch</wf>
         <wf lemma="michel_rocard" pos="NOUN">Michel_Rocard</wf>
         <wf lemma="," pos="X">,</wf>
         <wf lemma="d" pos="X">der</wf>
         <wf lemma="1990" pos="X">1990</wf>
         <wf lemma="darlegen" pos="VERB">dargelegt</wf>
         <wf lemma="haben" pos="VERB">hatte</wf>
         <wf lemma="," pos="X">,</wf>
         <instance id="d000.s176.t007" lemma="Frankreich" pos="NOUN">Frankreich</instance>
         <wf lemma="&quot;" pos="X">&quot;</wf>
         <wf lemma="können" pos="VERB">könne</wf>
         <wf lemma="nicht" pos="X">nicht</wf>
         <wf lemma="d" pos="X">die</wf>
         <wf lemma="gesamt" pos="X">gesamte</wf>
         <instance id="d000.s176.t008" lemma="Armut" pos="NOUN">Armut</instance>
         <wf lemma="d" pos="X">der</wf>
         <instance id="d000.s176.t009" lemma="Welt" pos="NOUN">Welt</instance>
         <wf lemma="aufnehmen" pos="VERB">aufnehmen</wf>
         <wf lemma="&quot;" pos="X">&quot;</wf>
         <wf lemma="." pos="X">.</wf>
      </sentence>
      <sentence id="d000.s177" source="semeval2013-de">
         <wf lemma="etwa" pos="ADV">Etwa</wf>
         <wf lemma="@card@" pos="X">34</wf>
         <instance id="d000.s177.t000" lemma="%" pos="NOUN">%</instance>
         <wf lemma="vertrauen" pos="VERB">vertrauen</wf>
         <wf lemma="d" pos="X">dem</wf>
         <instance id="d000.s177.t001" lemma="Kongress" pos="NOUN">Kongress</instance>
         <wf lemma="ihr" pos="X">ihres</wf>
         <instance id="d000.s177.t002" lemma="Land" pos="NOUN">Landes</instance>
         <wf lemma="und" pos="X">und</wf>
         <wf lemma="45" pos="X">45</wf>
         <instance id="d000.s177.t003" lemma="%" pos="NOUN">%</instance>
         <wf lemma="ihr" pos="X">ihrer</wf>
         <instance id="d000.s177.t004" lemma="Regierung" pos="NOUN">Regierung</instance>
         <wf lemma="." pos="X">.</wf>
      </sentence>
      <sentence id="d000.s178" source="semeval2013-de">
         <wf lemma="&quot;" pos="X">&quot;</wf>
         <wf lemma="er" pos="X">Er</wf>
         <wf lemma="benötigen" pos="VERB">benötigt</wf>
         <wf lemma="zum" pos="X">zum</wf>
         <wf lemma="Wachsen" pos="NOUN">Wachsen</wf>
         <wf lemma="entweder" pos="X">entweder</wf>
         <instance id="d000.s178.t000" lemma="Phosphor" pos="NOUN">Phosphor</instance>
         <wf lemma="oder" pos="X">oder</wf>
         <instance id="d000.s178.t001" lemma="Arsen" pos="NOUN">Arsen</instance>
         <wf lemma="." pos="X">.</wf>
         <wf lemma="&quot;" pos="X">&quot;</wf>
      </sentence>
      <sentence id="d000.s179" source="semeval2013-de">
         <wf lemma="irakisch" pos="X">Irakisches</wf>
         <wf lemma="Ölministerium" pos="NOUN">Ölministerium</wf>
         <wf lemma="schließen" pos="VERB">schließt</wf>
         <instance id="d000.s179.t000" lemma="Vertrag" pos="NOUN">Verträge</instance>
         <wf lemma="mit" pos="X">mit</wf>
         <wf lemma="10" pos="X">10</wf>
         <wf lemma="ausländisch" pos="X">ausländischen</wf>
         <instance id="d000.s179.t001" lemma="Ölgesellschaft" pos="NOUN">Ölgesellschaften</instance>
         <wf lemma="ab" pos="X">ab</wf>
      </sentence>
      <sentence id="d000.s180" source="semeval2013-de">
         <wf lemma="d" pos="X">Die</wf>
         <wf lemma="National" pos="X">National</wf>
         <wf lemma="Credit" pos="NOUN">Credit</wf>
         <wf lemma="Union" pos="NOUN">Union</wf>
         <wf lemma="Administration" pos="NOUN">Administration</wf>
         <wf lemma="(" pos="X">(</wf>
         <wf lemma="NCUA" pos="NOUN">NCUA</wf>
         <wf lemma=")" pos="X">)</wf>
         <wf lemma="sein" pos="VERB">ist</wf>
         <wf lemma="für" pos="X">für</wf>
         <wf lemma="d" pos="X">die</wf>
         <wf lemma="US-Genossenschaftsbanken" pos="NOUN">US-Genossenschaftsbanken</wf>
         <wf lemma="zuständig" pos="X">zuständig</wf>
         <wf lemma="und" pos="X">und</wf>
         <wf lemma="springen" pos="VERB">springt</wf>
         <wf lemma="bei" pos="X">bei</wf>
         <instance id="d000.s180.t000" lemma="Pleite" pos="NOUN">Pleiten</instance>
         <wf lemma="ein" pos="X">ein</wf>
         <wf lemma="," pos="X">,</wf>
         <wf lemma="um" pos="X">um</wf>
         <wf lemma="d" pos="X">die</wf>
         <wf lemma="Kundeneinlage" pos="NOUN">Kundeneinlagen</wf>
         <wf lemma="zu" pos="X">zu</wf>
         <wf lemma="schützen" pos="VERB">schützen</wf>
         <wf lemma="." pos="X">.</wf>
      </sentence>
      <sentence id="d000.s181" source="semeval2013-de">
         <wf lemma="eine" pos="X">Ein</wf>
         <wf lemma="ander" pos="X">anderes</wf>
         <instance id="d000.s181.t000" lemma="Unternehmen" pos="NOUN">Unternehmen</instance>
         <wf lemma="," pos="X">,</wf>
         <wf lemma="d" pos="X">das</wf>
         <wf lemma="d" pos="X">das</wf>
         <instance id="d000.s181.t001" lemma="Dinner" pos="NOUN">Dinner</instance>
         <wf lemma="sponsorte" pos="NOUN">sponsorte</wf>
         <wf lemma="," pos="X">,</wf>
         <wf lemma="Jones" pos="NOUN">Jones</wf>
         <wf lemma="Day" pos="NOUN">Day</wf>
         <wf lemma="," pos="X">,</wf>
         <wf lemma="repräsentieren" pos="VERB">repräsentiert</wf>
         <wf lemma="ein" pos="X">einen</wf>
         <wf lemma="d" pos="X">der</wf>
         <wf lemma="Wirtschaftsverband" pos="NOUN">Wirtschaftsverbände</wf>
         <wf lemma="," pos="X">,</wf>
         <wf lemma="d" pos="X">die</wf>
         <wf lemma="national" pos="X">National</wf>
         <wf lemma="Federation" pos="NOUN">Federation</wf>
         <wf lemma="of" pos="X">of</wf>
         <wf lemma="Independent" pos="NOUN">Independent</wf>
         <wf lemma="Busineß" pos="NOUN">Business</wf>
         <wf lemma="," pos="X">,</wf>
         <wf lemma="d" pos="X">die</wf>
         <wf lemma="d" pos="X">das</wf>
         <instance id="d000.s181.t002" lemma="Gesetz" pos="NOUN">Gesetz</instance>
         <wf lemma="anfechten" pos="VERB">anfechten</wf>
         <wf lemma="." pos="X">.</wf>
      </sentence>
      <sentence id="d000.s182" source="semeval2013-de">
         <wf lemma="einige" pos="X">Einige</wf>
         <wf lemma="d" pos="X">der</wf>
         <instance id="d000.s182.t000" lemma="Juror" pos="NOUN">Juroren</instance>
         <wf lemma="haben" pos="VERB">haben</wf>
         <wf lemma="sagen" pos="VERB">gesagt</wf>
         <wf lemma="," pos="X">,</wf>
         <instance id="d000.s182.t001" lemma="Foto" pos="NOUN">Fotos</instance>
         <wf lemma="d" pos="X">der</wf>
         <instance id="d000.s182.t002" lemma="Opfer" pos="NOUN">Opfer</instance>
         <wf lemma="," pos="X">,</wf>
         <wf lemma="Jennifer" pos="NOUN">Jennifer</wf>
         <wf lemma="Hawke-Petit" pos="NOUN">Hawke-Petit</wf>
         <wf lemma="," pos="X">,</wf>
         <wf lemma="48" pos="X">48</wf>
         <instance id="d000.s182.t003" lemma="Jahr" pos="NOUN">Jahre</instance>
         <wf lemma="," pos="X">,</wf>
         <wf lemma="und" pos="X">und</wf>
         <wf lemma="ihr" pos="X">ihrer</wf>
         <wf lemma="Tüchter" pos="NOUN">Tüchter</wf>
         <wf lemma="," pos="X">,</wf>
         <wf lemma="Hayley" pos="NOUN">Hayley</wf>
         <wf lemma="," pos="X">,</wf>
         <wf lemma="17" pos="X">17</wf>
         <instance id="d000.s182.t004" lemma="Jahr" pos="NOUN">Jahre</instance>
         <wf lemma="," pos="X">,</wf>
         <wf lemma="und" pos="X">und</wf>
         <wf lemma="Michaela" pos="NOUN">Michaela</wf>
         <wf lemma="," pos="X">,</wf>
         <wf lemma="11" pos="X">11</wf>
         <instance id="d000.s182.t005" lemma="Jahr" pos="NOUN">Jahre</instance>
         <wf lemma="," pos="X">,</wf>
         <wf lemma="haben" pos="VERB">hätten</wf>
         <wf lemma="sie" pos="X">sie</wf>
         <wf lemma="mit" pos="X">mit</wf>
         <wf lemma="Abscheu" pos="NOUN">Abscheu</wf>
         <wf lemma="erfüllen" pos="VERB">erfüllt</wf>
         <wf lemma="." pos="X">.</wf>
      </sentence>
      <sentence id="d000.s183" source="semeval2013-de">
         <wf lemma="d" pos="X">Die</wf>
         <wf lemma="Citigroup" pos="NOUN">Citigroup</wf>
         <wf lemma="wollen" pos="VERB">will</wf>
         <wf lemma="er" pos="X">sich</wf>
         <wf lemma="zur" pos="X">zur</wf>
         <instance id="d000.s183.t000" lemma="Befreiung" pos="NOUN">Befreiung</instance>
         <wf lemma="aus" pos="X">aus</wf>
         <wf lemma="ihr" pos="X">ihren</wf>
         <instance id="d000.s183.t001" lemma="Verbindlichkeit" pos="NOUN">Verbindlichkeiten</instance>
         <wf lemma="gegenüber" pos="X">gegenüber</wf>
         <wf lemma="d" pos="X">dem</wf>
         <instance id="d000.s183.t002" lemma="Staat" pos="NOUN">Staat</instance>
         <wf lemma="ebenfalls" pos="ADV">ebenfalls</wf>
         <instance id="d000.s183.t003" lemma="Geld" pos="NOUN">Geld</instance>
         <wf lemma="am" pos="X">am</wf>
         <wf lemma="Kapitalmarkt" pos="NOUN">Kapitalmarkt</wf>
         <wf lemma="beschaffen" pos="VERB">beschaffen</wf>
         <wf lemma="." pos="X">.</wf>
      </sentence>
      <sentence id="d000.s184" source="semeval2013-de">
         <wf lemma="er" pos="X">Er</wf>
         <wf lemma="zeigen" pos="VERB">zeigt</wf>
         <wf lemma="d" pos="X">den</wf>
         <instance id="d000.s184.t000" lemma="Grundriß" pos="NOUN">Grundriss</instance>
         <wf lemma="ein" pos="X">eines</wf>
         <wf lemma="möglich" pos="X">möglichen</wf>
         <wf lemma="Abkommen" pos="NOUN">Abkommen</wf>
         <wf lemma="," pos="X">,</wf>
         <wf lemma="bei" pos="X">bei</wf>
         <wf lemma="welch" pos="X">welchem</wf>
         <wf lemma="d" pos="X">die</wf>
         <wf lemma="Industrienation" pos="NOUN">Industrienationen</wf>
         <wf lemma="gemeinsam" pos="X">gemeinsam</wf>
         <wf lemma="ihr" pos="X">ihre</wf>
         <wf lemma="Emission" pos="NOUN">Emissionen</wf>
         <wf lemma="bis" pos="X">bis</wf>
         <wf lemma="2020" pos="X">2020</wf>
         <wf lemma="um" pos="X">um</wf>
         <wf lemma="25" pos="X">25</wf>
         <wf lemma="bis" pos="X">bis</wf>
         <wf lemma="45" pos="X">45</wf>
         <instance id="d000.s184.t001" lemma="Prozent" pos="NOUN">Prozent</instance>
         <wf lemma="," pos="X">,</wf>
         <wf lemma="im" pos="X">im</wf>
         <wf lemma="Vergleich" pos="NOUN">Vergleich</wf>
         <wf lemma="mit" pos="X">mit</wf>
         <wf lemma="d" pos="X">den</wf>
         <wf lemma="Grenzwert" pos="NOUN">Grenzwerten</wf>
         <wf lemma="von" pos="X">von</wf>
         <wf lemma="1990" pos="X">1990</wf>
         <wf lemma="," pos="X">,</wf>
         <wf lemma="senken" pos="VERB">senken</wf>
         <wf lemma="werden" pos="VERB">würden</wf>
         <wf lemma="," pos="X">,</wf>
         <wf lemma="während" pos="X">während</wf>
         <wf lemma="groß" pos="X">größere</wf>
         <instance id="d000.s184.t002" lemma="Entwicklungsland" pos="NOUN">Entwicklungsländer</instance>
         <wf lemma="ihr" pos="X">ihre</wf>
         <wf lemma="Emission" pos="NOUN">Emissionen</wf>
         <wf lemma="im" pos="X">im</wf>
         <wf lemma="gleich" pos="X">gleichen</wf>
         <instance id="d000.s184.t003" lemma="Zeitraum" pos="NOUN">Zeitraum</instance>
         <wf lemma="um" pos="X">um</wf>
         <wf lemma="15" pos="X">15</wf>
         <wf lemma="bis" pos="X">bis</wf>
         <wf lemma="30" pos="X">30</wf>
         <instance id="d000.s184.t004" lemma="Prozent" pos="NOUN">Prozent</instance>
         <wf lemma="reduzieren" pos="VERB">reduzieren</wf>
         <wf lemma="werden" pos="VERB">würden</wf>
         <wf lemma="." pos="X">.</wf>
      </sentence>
      <sentence id="d000.s185" source="semeval2013-de">
         <wf lemma="von" pos="X">Von</wf>
         <instance id="d000.s185.t000" lemma="Seite" pos="NOUN">Seiten</instance>
         <instance id="d000.s185.t001" lemma="costa_rica" pos="NOUN">Costa_Ricas</instance>
         <wf lemma="haben" pos="VERB">hat</wf>
         <wf lemma="nur" pos="ADV">nur</wf>
         <wf lemma="ein" pos="X">einer</wf>
         <wf lemma="d" pos="X">der</wf>
         <wf lemma="22" pos="X">22</wf>
         <wf lemma="Einberufene" pos="NOUN">Einberufenen</wf>
         <wf lemma="50" pos="X">50</wf>
         <instance id="d000.s185.t002" lemma="Spiel" pos="NOUN">Spiele</instance>
         <wf lemma="hinter" pos="X">hinter</wf>
         <wf lemma="er" pos="X">sich</wf>
         <wf lemma="." pos="X">.</wf>
      </sentence>
      <sentence id="d000.s186" source="semeval2013-de">
         <wf lemma="d" pos="X">Die</wf>
         <instance id="d000.s186.t000" lemma="Vereinigte_Staaten" pos="NOUN">Vereinigten_Staaten</instance>
         <wf lemma="werden" pos="VERB">werden</wf>
         <wf lemma="kein" pos="X">kein</wf>
         <wf lemma="Abkommen" pos="NOUN">Abkommen</wf>
         <wf lemma="unterzeichnen" pos="VERB">unterzeichnen</wf>
         <wf lemma="," pos="X">,</wf>
         <wf lemma="ohne" pos="X">ohne</wf>
         <wf lemma="dass" pos="X">dass</wf>
         <wf lemma="groß" pos="X">größere</wf>
         <wf lemma="Schwellenland" pos="NOUN">Schwellenländer</wf>
         <wf lemma="aufstehen" pos="VERB">aufstehen</wf>
         <wf lemma="und" pos="X">und</wf>
         <wf lemma="Maßnahme" pos="NOUN">Maßnahmen</wf>
         <wf lemma="ergreifen" pos="VERB">ergreifen</wf>
         <wf lemma="," pos="X">,</wf>
         <wf lemma="so" pos="ADV">so</wf>
         <wf lemma="Stern" pos="NOUN">Stern</wf>
         <wf lemma="," pos="X">,</wf>
         <wf lemma="d" pos="X">der</wf>
         <wf lemma="auch" pos="ADV">auch</wf>
         <wf lemma="darüber" pos="X">darüber</wf>
         <wf lemma="klagen" pos="VERB">klagte</wf>
         <wf lemma="," pos="X">,</wf>
         <wf lemma="dass" pos="X">dass</wf>
         <wf lemma="d" pos="X">der</wf>
         <instance id="d000.s186.t001" lemma="Text" pos="NOUN">Text</instance>
         <wf lemma="nicht" pos="X">nicht</wf>
         <wf lemma="weit" pos="X">weit</wf>
         <wf lemma="genug" pos="ADV">genug</wf>
         <wf lemma="gehen" pos="VERB">gehe</wf>
         <wf lemma="," pos="X">,</wf>
         <wf lemma="sicherstellen" pos="VERB">sicherzustellen</wf>
         <wf lemma="," pos="X">,</wf>
         <wf lemma="dass" pos="X">dass</wf>
         <wf lemma="d" pos="X">die</wf>
         <wf lemma="Senkung" pos="NOUN">Senkungen</wf>
         <wf lemma="auch" pos="ADV">auch</wf>
         <wf lemma="von" pos="X">von</wf>
         <wf lemma="Außenstehende" pos="NOUN">Außenstehenden</wf>
         <wf lemma="bestätigen" pos="VERB">bestätigt</wf>
         <wf lemma="werden" pos="VERB">werden</wf>
         <wf lemma="können" pos="VERB">könnten</wf>
         <wf lemma="." pos="X">.</wf>
      </sentence>
      <sentence id="d000.s187" source="semeval2013-de">
         <wf lemma="eine" pos="X">Ein</wf>
         <wf lemma="halb" pos="X">halbes</wf>
         <instance id="d000.s187.t000" lemma="Dutzend" pos="NOUN">Dutzend</instance>
         <wf lemma="von" pos="X">von</wf>
         <wf lemma="sie" pos="X">ihnen</wf>
         <wf lemma="tippen" pos="VERB">tippten</wf>
         <wf lemma="er" pos="X">sich</wf>
         <wf lemma="in" pos="X">in</wf>
         <wf lemma="d" pos="X">den</wf>
         <wf lemma="Krawall" pos="NOUN">Krawallen</wf>
         <wf lemma="im" pos="X">im</wf>
         <instance id="d000.s187.t001" lemma="Gerichtssaal" pos="NOUN">Gerichtssaal</instance>
         <wf lemma="weg" pos="X">weg</wf>
         <wf lemma="." pos="X">.</wf>
      </sentence>
      <sentence id="d000.s188" source="semeval2013-de">
         <wf lemma="erstens" pos="ADV">Erstens</wf>
         <wf lemma="d" pos="X">die</wf>
         <wf lemma="gut" pos="X">gute</wf>
         <instance id="d000.s188.t000" lemma="Stimmung" pos="NOUN">Stimmung</instance>
         <wf lemma="in" pos="X">in</wf>
         <instance id="d000.s188.t001" lemma="Lateinamerika" pos="NOUN">Lateinamerika</instance>
      </sentence>
      <sentence id="d000.s189" source="semeval2013-de">
         <wf lemma="d" pos="X">Die</wf>
         <wf lemma="10" pos="X">10</wf>
         <wf lemma="mit" pos="X">mit</wf>
         <wf lemma="ausländisch" pos="X">ausländischen</wf>
         <instance id="d000.s189.t000" lemma="Ölgesellschaft" pos="NOUN">Ölgesellschaften</instance>
         <wf lemma="abgeschlossen" pos="X">abgeschlossenen</wf>
         <instance id="d000.s189.t001" lemma="Vertrag" pos="NOUN">Verträge</instance>
         <wf lemma="d" pos="X">des</wf>
         <wf lemma="irakisch" pos="X">irakischen</wf>
         <wf lemma="Ölministerium" pos="NOUN">Ölministeriums</wf>
         <wf lemma="legen" pos="VERB">legen</wf>
         <wf lemma="nahe" pos="X">nahe</wf>
         <wf lemma="," pos="X">,</wf>
         <wf lemma="dass" pos="X">dass</wf>
         <instance id="d000.s189.t002" lemma="China" pos="NOUN">China</instance>
         <wf lemma="," pos="X">,</wf>
         <instance id="d000.s189.t003" lemma="Rußland" pos="NOUN">Russland</instance>
         <wf lemma="und" pos="X">und</wf>
         <wf lemma="europäisch" pos="X">europäische</wf>
         <wf lemma="Ölunternehmen" pos="NOUN">Ölunternehmen</wf>
         <wf lemma="bereit" pos="X">bereit</wf>
         <wf lemma="sein" pos="VERB">sind</wf>
         <wf lemma="," pos="X">,</wf>
         <wf lemma="ein" pos="X">eine</wf>
         <wf lemma="wichtig" pos="X">wichtige</wf>
         <instance id="d000.s189.t004" lemma="Rolle" pos="NOUN">Rolle</instance>
         <wf lemma="bei" pos="X">bei</wf>
         <wf lemma="d" pos="X">der</wf>
         <wf lemma="Renovierung" pos="NOUN">Renovierung</wf>
         <wf lemma="d" pos="X">der</wf>
         <wf lemma="irakisch" pos="X">irakischen</wf>
         <wf lemma="Ölindustrie" pos="NOUN">Ölindustrie</wf>
         <wf lemma="zu" pos="X">zu</wf>
         <wf lemma="spielen" pos="VERB">spielen</wf>
         <wf lemma="," pos="X">,</wf>
         <wf lemma="d" pos="X">die</wf>
         <wf lemma="seit" pos="X">seit</wf>
         <instance id="d000.s189.t005" lemma="Jahrzehnt" pos="NOUN">Jahrzehnten</instance>
         <wf lemma="durch" pos="X">durch</wf>
         <instance id="d000.s189.t006" lemma="Krieg" pos="NOUN">Krieg</instance>
         <wf lemma="und" pos="X">und</wf>
         <wf lemma="Wirtschaftssanktion" pos="NOUN">Wirtschaftssanktionen</wf>
         <wf lemma="lähmen" pos="VERB">gelähmt</wf>
         <wf lemma="sein" pos="VERB">ist</wf>
         <wf lemma="." pos="X">.</wf>
      </sentence>
      <sentence id="d000.s190" source="semeval2013-de">
         <wf lemma="Giovanni" pos="NOUN">Giovanni</wf>
         <wf lemma="Peri" pos="NOUN">Peri</wf>
         <wf lemma="haben" pos="VERB">hat</wf>
         <wf lemma="auf" pos="X">auf</wf>
         <wf lemma="dies" pos="X">diese</wf>
         <instance id="d000.s190.t000" lemma="Art" pos="NOUN">Art</instance>
         <wf lemma="und" pos="X">und</wf>
         <instance id="d000.s190.t001" lemma="Weise" pos="NOUN">Weise</instance>
         <wf lemma="berechnen" pos="VERB">berechnet</wf>
         <wf lemma="," pos="X">,</wf>
         <wf lemma="dass" pos="X">dass</wf>
         <wf lemma="ein" pos="X">ein</wf>
         <wf lemma="1" pos="X">1</wf>
         <instance id="d000.s190.t002" lemma="%" pos="NOUN">%</instance>
         <wf lemma="-iger" pos="X">-iger</wf>
         <wf lemma="Anstieg" pos="NOUN">Anstieg</wf>
         <wf lemma="d" pos="X">der</wf>
         <wf lemma="Einwandererflut" pos="NOUN">Einwandererflut</wf>
         <wf lemma="ein" pos="X">eine</wf>
         <wf lemma="miteinbezogene" pos="X">miteinbezogene</wf>
         <wf lemma="," pos="X">,</wf>
         <wf lemma="langfristig" pos="X">langfristige</wf>
         <wf lemma="Erhöhung" pos="NOUN">Erhöhung</wf>
         <wf lemma="d" pos="X">der</wf>
         <wf lemma="Reallohn" pos="NOUN">Reallöhne</wf>
         <wf lemma="zwischen" pos="X">zwischen</wf>
         <wf lemma="0,6" pos="X">0,6</wf>
         <instance id="d000.s190.t003" lemma="%" pos="NOUN">%</instance>
         <wf lemma="und" pos="X">und</wf>
         <wf lemma="@card@" pos="X">0,9</wf>
         <instance id="d000.s190.t004" lemma="%" pos="NOUN">%</instance>
         <wf lemma="herbeifahren" pos="VERB">herbeiführe</wf>
         <wf lemma="." pos="X">.</wf>
      </sentence>
      <sentence id="d000.s191" source="semeval2013-de">
         <wf lemma="und" pos="X">und</wf>
         <wf lemma="zweitens" pos="ADV">zweitens</wf>
         <wf lemma="d" pos="X">das</wf>
         <wf lemma="wachsend" pos="X">wachsende</wf>
         <instance id="d000.s191.t000" lemma="Interesse" pos="NOUN">Interesse</instance>
         <wf lemma="an" pos="X">an</wf>
         <instance id="d000.s191.t001" lemma="Demokratie" pos="NOUN">Demokratie</instance>
         <wf lemma="und" pos="X">und</wf>
         <wf lemma="ihr" pos="X">ihren</wf>
         <wf lemma="wichtig" pos="X">wichtigsten</wf>
         <instance id="d000.s191.t002" lemma="Institution" pos="NOUN">Institutionen</instance>
         <wf lemma="." pos="X">.</wf>
      </sentence>
      <sentence id="d000.s192" source="semeval2013-de">
         <wf lemma="d" pos="X">Die</wf>
         <instance id="d000.s192.t000" lemma="Mikrobe" pos="NOUN">Mikrobe</instance>
         <wf lemma="wachsen" pos="VERB">wächst</wf>
         <wf lemma="zwar" pos="ADV">zwar</wf>
         <wf lemma="in" pos="X">in</wf>
         <instance id="d000.s192.t001" lemma="Phosphor" pos="NOUN">Phosphor</instance>
         <wf lemma="gut" pos="X">besser</wf>
         <wf lemma="," pos="X">,</wf>
         <wf lemma="doch" pos="X">doch</wf>
         <wf lemma="dass" pos="X">dass</wf>
         <wf lemma="sie" pos="X">sie</wf>
         <wf lemma="auch" pos="ADV">auch</wf>
         <wf lemma="in" pos="X">in</wf>
         <instance id="d000.s192.t002" lemma="Arsen" pos="NOUN">Arsen</instance>
         <wf lemma="überleben" pos="VERB">überleben</wf>
         <wf lemma="können" pos="VERB">kann</wf>
         <wf lemma="," pos="X">,</wf>
         <wf lemma="zeigen" pos="VERB">zeigt</wf>
         <wf lemma="," pos="X">,</wf>
         <wf lemma="dass" pos="X">dass</wf>
         <wf lemma="ein" pos="X">eine</wf>
         <wf lemma="Arsen-basierte" pos="NOUN">Arsen-basierte</wf>
         <instance id="d000.s192.t003" lemma="Lebensform" pos="NOUN">Lebensform</instance>
         <wf lemma="natürlich" pos="ADV">natürlich</wf>
         <wf lemma="vorkommen" pos="VERB">vorkommen</wf>
         <wf lemma="können" pos="VERB">kann</wf>
         <wf lemma="," pos="X">,</wf>
         <wf lemma="entweder" pos="X">entweder</wf>
         <wf lemma="auf" pos="X">auf</wf>
         <wf lemma="d" pos="X">der</wf>
         <instance id="d000.s192.t004" lemma="Erde" pos="NOUN">Erde</instance>
         <wf lemma="oder" pos="X">oder</wf>
         <wf lemma="auf" pos="X">auf</wf>
         <wf lemma="ein" pos="X">einem</wf>
         <wf lemma="ander" pos="X">anderen</wf>
         <instance id="d000.s192.t005" lemma="Planet" pos="NOUN">Planeten</instance>
         <wf lemma="oder" pos="X">oder</wf>
         <instance id="d000.s192.t006" lemma="Mond" pos="NOUN">Mond</instance>
         <wf lemma="," pos="X">,</wf>
         <wf lemma="auf" pos="X">auf</wf>
         <wf lemma="d" pos="X">dem</wf>
         <instance id="d000.s192.t007" lemma="Arsen" pos="NOUN">Arsen</instance>
         <wf lemma="häufig" pos="X">häufiger</wf>
         <wf lemma="vorkommen" pos="VERB">vorkommt</wf>
         <wf lemma="." pos="X">.</wf>
      </sentence>
      <sentence id="d000.s193" source="semeval2013-de">
         <wf lemma="wir" pos="X">Wir</wf>
         <wf lemma="wissen" pos="VERB">wissen</wf>
         <wf lemma="alle" pos="X">alle</wf>
         <wf lemma="," pos="X">,</wf>
         <wf lemma="sagen" pos="VERB">sagte</wf>
         <wf lemma="d" pos="X">der</wf>
         <instance id="d000.s193.t000" lemma="Sprecher" pos="NOUN">Sprecher</instance>
         <wf lemma="d" pos="X">des</wf>
         <wf lemma="Ölministerium" pos="NOUN">Ölministeriums</wf>
         <wf lemma="," pos="X">,</wf>
         <wf lemma="Assam" pos="NOUN">Assam</wf>
         <wf lemma="Jihad" pos="NOUN">Jihad</wf>
         <wf lemma="," pos="X">,</wf>
         <wf lemma="dass" pos="X">dass</wf>
         <instance id="d000.s193.t001" lemma="China" pos="NOUN">China</instance>
         <wf lemma="auf" pos="X">auf</wf>
         <wf lemma="d" pos="X">dem</wf>
         <instance id="d000.s193.t002" lemma="Weg" pos="NOUN">Weg</instance>
         <wf lemma="sein" pos="VERB">ist</wf>
         <wf lemma="," pos="X">,</wf>
         <wf lemma="ein" pos="X">einer</wf>
         <wf lemma="d" pos="X">der</wf>
         <wf lemma="Große" pos="NOUN">Großen</wf>
         <wf lemma="d" pos="X">der</wf>
         <wf lemma="Weltwirtschaft" pos="NOUN">Weltwirtschaft</wf>
         <wf lemma="sowie" pos="X">sowie</wf>
         <wf lemma="ein" pos="X">eine</wf>
         <wf lemma="Technologiemacht" pos="NOUN">Technologiemacht</wf>
         <wf lemma="zu" pos="X">zu</wf>
         <wf lemma="werden" pos="VERB">werden</wf>
         <wf lemma="." pos="X">.</wf>
      </sentence>
      <sentence id="d000.s194" source="semeval2013-de">
         <wf lemma="dagegen" pos="X">Dagegen</wf>
         <wf lemma="behaupten" pos="VERB">behaupten</wf>
         <wf lemma="d" pos="X">die</wf>
         <instance id="d000.s194.t000" lemma="Konservative" pos="NOUN">Konservativen</instance>
         <wf lemma="," pos="X">,</wf>
         <wf lemma="dass" pos="X">dass</wf>
         <wf lemma="es" pos="X">es</wf>
         <instance id="d000.s194.t001" lemma="Richterin" pos="NOUN">Richterin</instance>
         <wf lemma="elena_kagan" pos="NOUN">Elena_Kagan</wf>
         <wf lemma="sein" pos="VERB">sei</wf>
         <wf lemma="," pos="X">,</wf>
         <wf lemma="d" pos="X">die</wf>
         <wf lemma="ein" pos="X">ein</wf>
         <wf lemma="moralisch" pos="X">moralisches</wf>
         <instance id="d000.s194.t002" lemma="Problem" pos="NOUN">Problem</instance>
         <wf lemma="haben" pos="VERB">habe</wf>
         <wf lemma="," pos="X">,</wf>
         <wf lemma="nicht" pos="X">nicht</wf>
         <wf lemma="Scalia" pos="NOUN">Scalia</wf>
         <wf lemma="und" pos="X">und</wf>
         <wf lemma="Thomas" pos="NOUN">Thomas</wf>
         <wf lemma="." pos="X">.</wf>
      </sentence>
      <sentence id="d000.s195" source="semeval2013-de">
         <wf lemma="wie" pos="X">Wie</wf>
         <wf lemma="allgemein" pos="X">allgemein</wf>
         <wf lemma="bekennen" pos="VERB">bekannt</wf>
         <wf lemma="sein" pos="VERB">ist</wf>
         <wf lemma="," pos="X">,</wf>
         <wf lemma="verlieren" pos="VERB">verloren</wf>
         <wf lemma="d" pos="X">die</wf>
         <wf lemma="beide" pos="X">beiden</wf>
         <wf lemma="Spieler" pos="NOUN">Spieler</wf>
         <wf lemma="ein" pos="X">ein</wf>
         <wf lemma="paar" pos="X">paar</wf>
         <instance id="d000.s195.t000" lemma="Minute" pos="NOUN">Minuten</instance>
         <wf lemma="vor" pos="X">vor</wf>
         <wf lemma="Spielende" pos="NOUN">Spielende</wf>
         <wf lemma="(" pos="X">(</wf>
         <wf lemma="ihr" pos="X">ihr</wf>
         <instance id="d000.s195.t001" lemma="Team" pos="NOUN">Team</instance>
         <wf lemma="haben" pos="VERB">hatte</wf>
         <wf lemma="bereits" pos="ADV">bereits</wf>
         <wf lemma="eindeutig" pos="X">eindeutig</wf>
         <wf lemma="gewinnen" pos="VERB">gewonnen</wf>
         <wf lemma=")" pos="X">)</wf>
         <instance id="d000.s195.t002" lemma="Zeit" pos="NOUN">Zeit</instance>
         <wf lemma="und" pos="X">und</wf>
         <wf lemma="spielen" pos="VERB">spielten</wf>
         <wf lemma="mehrere" pos="X">mehrere</wf>
         <wf lemma="Foul" pos="NOUN">Fouls</wf>
         <wf lemma="," pos="X">,</wf>
         <wf lemma="damit" pos="X">damit</wf>
         <wf lemma="d" pos="X">der</wf>
         <wf lemma="Schiedsrichter" pos="NOUN">Schiedsrichter</wf>
         <wf lemma="sie" pos="X">ihnen</wf>
         <wf lemma="d" pos="X">die</wf>
         <wf lemma="zweit" pos="X">zweite</wf>
         <wf lemma="Gelbe_Karte" pos="NOUN">gelbe_Karte</wf>
         <wf lemma="zeigen" pos="VERB">zeigte</wf>
         <wf lemma="." pos="X">.</wf>
      </sentence>
      <sentence id="d000.s196" source="semeval2013-de">
         <wf lemma="d" pos="X">Die</wf>
         <wf lemma="mit" pos="X">mit</wf>
         <wf lemma="d" pos="X">den</wf>
         <wf lemma="wenigst" pos="X">wenigsten</wf>
         <instance id="d000.s196.t000" lemma="Spiel" pos="NOUN">Spielen</instance>
         <wf lemma="." pos="X">.</wf>
      </sentence>
      <sentence id="d000.s197" source="semeval2013-de">
         <wf lemma="es" pos="X">Es</wf>
         <wf lemma="werden" pos="VERB">wird</wf>
         <wf lemma="lange" pos="ADV">lange</wf>
         <wf lemma="kein" pos="X">keine</wf>
         <wf lemma="weit" pos="X">weiteren</wf>
         <wf lemma="Angebot" pos="NOUN">Angebote</wf>
         <wf lemma="im" pos="X">im</wf>
         <instance id="d000.s197.t000" lemma="Irak" pos="NOUN">Irak</instance>
         <wf lemma="geben" pos="VERB">geben</wf>
         <wf lemma="." pos="X">.</wf>
      </sentence>
      <sentence id="d000.s198" source="semeval2013-de">
         <wf lemma="vor" pos="X">Vor</wf>
         <wf lemma="kurz" pos="X">kurzem</wf>
         <wf lemma="haben" pos="VERB">hatte</wf>
         <wf lemma="d" pos="X">die</wf>
         <wf lemma="gegen" pos="X">gegen</wf>
         <wf lemma="ausländisch" pos="X">ausländische</wf>
         <instance id="d000.s198.t000" lemma="Student" pos="NOUN">Studenten</instance>
         <wf lemma="gerichtet" pos="X">gerichtete</wf>
         <instance id="d000.s198.t001" lemma="Belästigung" pos="NOUN">Belästigung</instance>
         <wf lemma="von" pos="X">von</wf>
         <wf lemma="behördlich" pos="X">behördlicher</wf>
         <instance id="d000.s198.t002" lemma="Seite" pos="NOUN">Seite</instance>
         <wf lemma="d" pos="X">die</wf>
         <instance id="d000.s198.t003" lemma="Wochenschau" pos="NOUN">Wochenschauen</instance>
         <wf lemma="prägen" pos="VERB">geprägt</wf>
         <wf lemma="," pos="X">,</wf>
         <wf lemma="d" pos="X">der</wf>
         <instance id="d000.s198.t004" lemma="Innenminister" pos="NOUN">Innenminister</instance>
         <wf lemma="haben" pos="VERB">hatte</wf>
         <wf lemma="beiläufig" pos="X">beiläufig</wf>
         <wf lemma="(" pos="X">(</wf>
         <wf lemma="sehen" pos="VERB">siehe</wf>
         <wf lemma="Libération" pos="NOUN">Libération</wf>
         <wf lemma="vom" pos="X">vom</wf>
         <wf lemma="23." pos="X">23.</wf>
         <instance id="d000.s198.t005" lemma="Mai" pos="NOUN">Mai</instance>
         <wf lemma=")" pos="X">)</wf>
         <wf lemma="verkünden" pos="VERB">verkündet</wf>
         <wf lemma="," pos="X">,</wf>
         <wf lemma="dass" pos="X">dass</wf>
         <instance id="d000.s198.t006" lemma="Frankreich" pos="NOUN">Frankreich</instance>
         <wf lemma="&quot;" pos="X">&quot;</wf>
         <wf lemma="kein" pos="X">keine</wf>
         <wf lemma="Talent" pos="NOUN">Talente</wf>
         <wf lemma="," pos="X">,</wf>
         <instance id="d000.s198.t007" lemma="Maurer" pos="NOUN">Maurer</instance>
         <wf lemma="oder" pos="X">oder</wf>
         <instance id="d000.s198.t008" lemma="Kellner" pos="NOUN">Kellner</instance>
         <wf lemma="aus" pos="X">aus</wf>
         <wf lemma="d" pos="X">dem</wf>
         <wf lemma="Ausland" pos="NOUN">Ausland</wf>
         <wf lemma="nötig" pos="X">nötig</wf>
         <wf lemma="haben" pos="VERB">habe</wf>
         <wf lemma="&quot;" pos="X">&quot;</wf>
         <wf lemma="." pos="X">.</wf>
      </sentence>
      <sentence id="d000.s199" source="semeval2013-de">
         <wf lemma="letztendlich" pos="X">Letztendlich</wf>
         <wf lemma="richten" pos="VERB">richten</wf>
         <wf lemma="er" pos="X">sich</wf>
         <wf lemma="solch" pos="X">solchen</wf>
         <instance id="d000.s199.t000" lemma="Vorgehensweise" pos="NOUN">Vorgehensweisen</instance>
         <wf lemma="nicht" pos="X">nicht</wf>
         <wf lemma="gegen" pos="X">gegen</wf>
         <wf lemma="d" pos="X">den</wf>
         <wf lemma="Sportsgeist" pos="NOUN">Sportsgeist</wf>
         <wf lemma="," pos="X">,</wf>
         <wf lemma="zu" pos="X">zu</wf>
         <wf lemma="d" pos="X">dem</wf>
         <wf lemma="auch" pos="ADV">auch</wf>
         <wf lemma="strategisch" pos="X">strategische</wf>
         <wf lemma="Entscheidung" pos="NOUN">Entscheidungen</wf>
         <wf lemma="gehören" pos="VERB">gehören</wf>
         <wf lemma="," pos="X">,</wf>
         <wf lemma="um" pos="X">um</wf>
         <wf lemma="aus" pos="X">aus</wf>
         <wf lemma="d" pos="X">den</wf>
         <instance id="d000.s199.t001" lemma="Vorschrift" pos="NOUN">Vorschriften</instance>
         <wf lemma="ein" pos="X">einen</wf>
         <wf lemma="größtmöglich" pos="X">größtmöglichen</wf>
         <instance id="d000.s199.t002" lemma="Nutzen" pos="NOUN">Nutzen</instance>
         <wf lemma="zu" pos="X">zu</wf>
         <wf lemma="ziehen" pos="VERB">ziehen</wf>
         <wf lemma="." pos="X">.</wf>
      </sentence>
      <sentence id="d000.s200" source="semeval2013-de">
         <instance id="d000.s200.t000" lemma="wall_street" pos="NOUN">Wall_Street</instance>
         <wf lemma="werden" pos="VERB">wird</wf>
         <wf lemma="durch" pos="X">durch</wf>
         <wf lemma="d" pos="X">den</wf>
         <instance id="d000.s200.t001" lemma="Anstieg" pos="NOUN">Anstieg</instance>
         <wf lemma="d" pos="X">des</wf>
         <instance id="d000.s200.t002" lemma="Dollar" pos="NOUN">Dollars</instance>
         <wf lemma="bremsen" pos="VERB">gebremst</wf>
         <wf lemma="und" pos="X">und</wf>
         <wf lemma="schließen" pos="VERB">schließt</wf>
         <wf lemma="ohne" pos="X">ohne</wf>
         <instance id="d000.s200.t003" lemma="Kurs" pos="NOUN">Kurs</instance>
         <wf lemma="ab" pos="X">ab</wf>
         <wf lemma="." pos="X">.</wf>
      </sentence>
      <sentence id="d000.s201" source="semeval2013-de">
         <wf lemma="nichtsdestotrotz" pos="ADV">Nichtsdestotrotz</wf>
         <wf lemma="reichen" pos="VERB">reichten</wf>
         <wf lemma="d" pos="X">die</wf>
         <wf lemma="extrem" pos="X">extreme</wf>
         <instance id="d000.s201.t000" lemma="Nähe" pos="NOUN">Nähe</instance>
         <wf lemma="von" pos="X">von</wf>
         <wf lemma="Scalia" pos="NOUN">Scalia</wf>
         <wf lemma="und" pos="X">und</wf>
         <wf lemma="Thomas" pos="NOUN">Thomas</wf>
         <wf lemma="zu" pos="X">zu</wf>
         <wf lemma="zwei" pos="X">zwei</wf>
         <wf lemma="d" pos="X">der</wf>
         <wf lemma="mit" pos="X">mit</wf>
         <wf lemma="d" pos="X">dem</wf>
         <instance id="d000.s201.t001" lemma="Fall" pos="NOUN">Fall</instance>
         <wf lemma="in" pos="X">in</wf>
         <instance id="d000.s201.t002" lemma="Zusammenhang" pos="NOUN">Zusammenhang</instance>
         <wf lemma="stehend" pos="X">stehenden</wf>
         <wf lemma="Kanzlei" pos="NOUN">Kanzleien</wf>
         <wf lemma="sowie" pos="X">sowie</wf>
         <wf lemma="zu" pos="X">zu</wf>
         <wf lemma="ein" pos="X">einem</wf>
         <instance id="d000.s201.t003" lemma="Unternehmen" pos="NOUN">Unternehmen</instance>
         <wf lemma="mit" pos="X">mit</wf>
         <wf lemma="ein" pos="X">einem</wf>
         <wf lemma="massiv" pos="X">massiven</wf>
         <wf lemma="finanziell" pos="X">finanziellen</wf>
         <instance id="d000.s201.t004" lemma="Interesse" pos="NOUN">Interesse</instance>
         <wf lemma="an" pos="X">an</wf>
         <wf lemma="dies" pos="X">diesem</wf>
         <wf lemma="aus" pos="X">aus</wf>
         <wf lemma="," pos="X">,</wf>
         <wf lemma="um" pos="X">um</wf>
         <wf lemma="Moral-und-Regierungsaktivisten" pos="NOUN">Moral-und-Regierungsaktivisten</wf>
         <wf lemma="zu" pos="X">zu</wf>
         <wf lemma="alarmieren" pos="VERB">alarmieren</wf>
         <wf lemma="." pos="X">.</wf>
      </sentence>
      <sentence id="d000.s202" source="semeval2013-de">
         <wf lemma="&quot;" pos="X">&quot;</wf>
         <wf lemma="dies" pos="X">Diese</wf>
         <wf lemma="Arbeit" pos="NOUN">Arbeit</wf>
         <wf lemma="sein" pos="VERB">ist</wf>
         <wf lemma="ein" pos="X">ein</wf>
         <wf lemma="Novum" pos="NOUN">Novum</wf>
         <wf lemma="," pos="X">,</wf>
         <wf lemma="denn" pos="X">denn</wf>
         <wf lemma="sie" pos="X">sie</wf>
         <wf lemma="zeigen" pos="VERB">zeigt</wf>
         <wf lemma="," pos="X">,</wf>
         <wf lemma="dass" pos="X">dass</wf>
         <wf lemma="in" pos="X">in</wf>
         <wf lemma="grundlegend" pos="X">grundlegenden</wf>
         <wf lemma="biochemisch" pos="X">biochemischen</wf>
         <wf lemma="Prozeß" pos="NOUN">Prozessen</wf>
         <wf lemma="und" pos="X">und</wf>
         <wf lemma="Struktur" pos="NOUN">Strukturen</wf>
         <wf lemma="ein" pos="X">ein</wf>
         <instance id="d000.s202.t000" lemma="Element" pos="NOUN">Element</instance>
         <wf lemma="durch" pos="X">durch</wf>
         <wf lemma="ein" pos="X">ein</wf>
         <wf lemma="ander" pos="X">anderes</wf>
         <wf lemma="ersetzen" pos="VERB">ersetzt</wf>
         <wf lemma="werden" pos="VERB">werden</wf>
         <wf lemma="können" pos="VERB">kann</wf>
         <wf lemma="&quot;" pos="X">&quot;</wf>
         <wf lemma="," pos="X">,</wf>
         <wf lemma="fügen" pos="VERB">fügte</wf>
         <wf lemma="Cockell" pos="NOUN">Cockell</wf>
         <wf lemma="hinzu" pos="X">hinzu</wf>
         <wf lemma="." pos="X">.</wf>
      </sentence>
      <sentence id="d000.s203" source="semeval2013-de">
         <wf lemma="Ricardo" pos="NOUN">Ricardo</wf>
         <wf lemma="Ulate" pos="NOUN">Ulate</wf>
         <wf lemma="," pos="X">,</wf>
         <wf lemma="ein" pos="X">ein</wf>
         <instance id="d000.s203.t000" lemma="Delegierte" pos="NOUN">Delegierter</instance>
         <wf lemma="aus" pos="X">aus</wf>
         <instance id="d000.s203.t001" lemma="costa_rica" pos="NOUN">Costa_Rica</instance>
         <wf lemma="," pos="X">,</wf>
         <wf lemma="sagen" pos="VERB">sagte</wf>
         <wf lemma="," pos="X">,</wf>
         <wf lemma="dass" pos="X">dass</wf>
         <wf lemma="es" pos="X">es</wf>
         <wf lemma="nicht" pos="X">nicht</wf>
         <wf lemma="überraschend" pos="X">überraschend</wf>
         <wf lemma="sein" pos="VERB">sei</wf>
         <wf lemma="," pos="X">,</wf>
         <wf lemma="dass" pos="X">dass</wf>
         <wf lemma="d" pos="X">die</wf>
         <wf lemma="groß" pos="X">großen</wf>
         <instance id="d000.s203.t002" lemma="Macht" pos="NOUN">Mächte</instance>
         <wf lemma="darum" pos="X">darum</wf>
         <wf lemma="kämpfen" pos="VERB">kämpfen</wf>
         <wf lemma="," pos="X">,</wf>
         <wf lemma="wer" pos="X">wer</wf>
         <wf lemma="d" pos="X">die</wf>
         <instance id="d000.s203.t003" lemma="Kosten" pos="NOUN">Kosten</instance>
         <wf lemma="für" pos="X">für</wf>
         <wf lemma="d" pos="X">die</wf>
         <wf lemma="Bremsung" pos="NOUN">Bremsung</wf>
         <wf lemma="d" pos="X">des</wf>
         <wf lemma="Treibhausgasausstoßes" pos="NOUN">Treibhausgasausstoßes</wf>
         <wf lemma="tragen" pos="VERB">tragen</wf>
         <wf lemma="sollen" pos="VERB">sollte</wf>
         <wf lemma="," pos="X">,</wf>
         <wf lemma="da" pos="X">da</wf>
         <wf lemma="sogar" pos="ADV">sogar</wf>
         <wf lemma="betroffen" pos="X">betroffene</wf>
         <instance id="d000.s203.t004" lemma="Land" pos="NOUN">Länder</instance>
         <wf lemma="dazu" pos="X">dazu</wf>
         <wf lemma="übergehen" pos="VERB">übergegangen</wf>
         <wf lemma="sein" pos="VERB">sind</wf>
         <wf lemma="," pos="X">,</wf>
         <wf lemma="aggressiv" pos="X">aggressiver</wf>
         <wf lemma="dabei" pos="X">dabei</wf>
         <wf lemma="vorgehen" pos="VERB">vorzugehen</wf>
         <wf lemma="," pos="X">,</wf>
         <wf lemma="d" pos="X">die</wf>
         <instance id="d000.s203.t005" lemma="Land" pos="NOUN">Länder</instance>
         <wf lemma="mit" pos="X">mit</wf>
         <wf lemma="sehr" pos="ADV">sehr</wf>
         <wf lemma="hoch" pos="X">hoher</wf>
         <wf lemma="Treibhausgasabgabe" pos="NOUN">Treibhausgasabgabe</wf>
         <wf lemma="für" pos="X">für</wf>
         <wf lemma="ihr" pos="X">ihre</wf>
         <wf lemma="Tat" pos="NOUN">Taten</wf>
         <wf lemma="zur" pos="X">zur</wf>
         <wf lemma="Rechenschaft" pos="NOUN">Rechenschaft</wf>
         <wf lemma="zu" pos="X">zu</wf>
         <wf lemma="ziehen" pos="VERB">ziehen</wf>
         <wf lemma="." pos="X">.</wf>
      </sentence>
      <sentence id="d000.s204" source="semeval2013-de">
         <instance id="d000.s204.t000" lemma="Arsen" pos="NOUN">Arsen</instance>
         <wf lemma="kommen" pos="VERB">kam</wf>
         <wf lemma="in" pos="X">in</wf>
         <wf lemma="d" pos="X">den</wf>
         <wf lemma="früh" pos="X">frühen</wf>
         <wf lemma="Erdjahren" pos="NOUN">Erdjahren</wf>
         <wf lemma="häufig" pos="X">häufiger</wf>
         <wf lemma="vor" pos="X">vor</wf>
         <wf lemma="," pos="X">,</wf>
         <wf lemma="sagen" pos="VERB">sagt</wf>
         <wf lemma="sie" pos="X">sie</wf>
         <wf lemma="," pos="X">,</wf>
         <wf lemma="deshalb" pos="X">deshalb</wf>
         <wf lemma="sein" pos="VERB">ist</wf>
         <wf lemma="d" pos="X">die</wf>
         <wf lemma="Wissenschaft" pos="NOUN">Wissenschaft</wf>
         <wf lemma="davon" pos="X">davon</wf>
         <wf lemma="ausgehen" pos="VERB">ausgegangen</wf>
         <wf lemma="," pos="X">,</wf>
         <wf lemma="dass" pos="X">dass</wf>
         <wf lemma="früh" pos="X">frühe</wf>
         <instance id="d000.s204.t001" lemma="Lebensform" pos="NOUN">Lebensformen</instance>
         <wf lemma="es" pos="X">es</wf>
         <wf lemma="verwenden" pos="VERB">verwendet</wf>
         <wf lemma="haben" pos="VERB">haben</wf>
         <wf lemma="." pos="X">.</wf>
      </sentence>
      <sentence id="d000.s205" source="semeval2013-de">
         <wf lemma="und" pos="X">Und</wf>
         <wf lemma="dies" pos="X">diese</wf>
         <wf lemma="ohne" pos="X">ohne</wf>
         <wf lemma="Berücksichtigung" pos="NOUN">Berücksichtigung</wf>
         <wf lemma="d" pos="X">der</wf>
         <instance id="d000.s205.t000" lemma="Tatsache" pos="NOUN">Tatsache</instance>
         <wf lemma="," pos="X">,</wf>
         <wf lemma="dass" pos="X">dass</wf>
         <wf lemma="d" pos="X">die</wf>
         <wf lemma="von" pos="X">von</wf>
         <wf lemma="d" pos="X">den</wf>
         <instance id="d000.s205.t001" lemma="Immigrant" pos="NOUN">Immigranten</instance>
         <wf lemma="eingebracht" pos="X">eingebrachte</wf>
         <instance id="d000.s205.t002" lemma="Vielfalt" pos="NOUN">Vielfalt</instance>
         <wf lemma="d" pos="X">der</wf>
         <wf lemma="Ideenschöpfung" pos="NOUN">Ideenschöpfung</wf>
         <wf lemma="sowie" pos="X">sowie</wf>
         <wf lemma="d" pos="X">dem</wf>
         <instance id="d000.s205.t003" lemma="Wirtschaftswachstum" pos="NOUN">Wirtschaftswachstum</instance>
         <wf lemma="zuträglich" pos="X">zuträglich</wf>
         <wf lemma="sein" pos="VERB">ist</wf>
         <wf lemma="(" pos="X">(</wf>
         <wf lemma="hoch" pos="X">hoher</wf>
         <instance id="d000.s205.t004" lemma="Anteil" pos="NOUN">Anteil</instance>
         <wf lemma="eingebürgert" pos="X">eingebürgerter</wf>
         <instance id="d000.s205.t005" lemma="Immigrant" pos="NOUN">Immigranten</instance>
         <wf lemma="unter" pos="X">unter</wf>
         <wf lemma="amerikanisch" pos="X">amerikanischen</wf>
         <instance id="d000.s205.t006" lemma="Nobelpreisträger" pos="NOUN">Nobelpreisträgern</instance>
         <wf lemma=";" pos="X">;</wf>
         <instance id="d000.s205.t007" lemma="Google" pos="NOUN">Google</instance>
         <wf lemma="," pos="X">,</wf>
         <wf lemma="Intel" pos="NOUN">Intel</wf>
         <wf lemma="," pos="X">,</wf>
         <wf lemma="Paypal" pos="NOUN">Paypal</wf>
         <wf lemma="," pos="X">,</wf>
         <wf lemma="eBay" pos="NOUN">eBay</wf>
         <wf lemma="und" pos="X">und</wf>
         <instance id="d000.s205.t008" lemma="Yahoo" pos="NOUN">Yahoo</instance>
         <wf lemma="werden" pos="VERB">wurden</wf>
         <wf lemma="von" pos="X">von</wf>
         <instance id="d000.s205.t009" lemma="Einwanderer" pos="NOUN">Einwanderern</instance>
         <wf lemma="gründen" pos="VERB">gegründet</wf>
         <wf lemma=")" pos="X">)</wf>
         <wf lemma="." pos="X">.</wf>
      </sentence>
      <sentence id="d000.s206" source="semeval2013-de">
         <wf lemma="auch" pos="ADV">Auch</wf>
         <wf lemma="in" pos="X">in</wf>
         <instance id="d000.s206.t000" lemma="Mexiko" pos="NOUN">Mexiko</instance>
         <wf lemma="," pos="X">,</wf>
         <wf lemma="wo" pos="X">wo</wf>
         <wf lemma="er" pos="X">sich</wf>
         <wf lemma="d" pos="X">die</wf>
         <instance id="d000.s206.t001" lemma="Wirtschaft" pos="NOUN">Wirtschaft</instance>
         <wf lemma="seit" pos="X">seit</wf>
         <wf lemma="d" pos="X">dem</wf>
         <wf lemma="stark" pos="X">starken</wf>
         <wf lemma="Einbruch" pos="NOUN">Einbruch</wf>
         <wf lemma="im" pos="X">im</wf>
         <wf lemma="letzt" pos="X">letzten</wf>
         <instance id="d000.s206.t002" lemma="Jahr" pos="NOUN">Jahr</instance>
         <wf lemma="wieder" pos="ADV">wieder</wf>
         <wf lemma="erholen" pos="VERB">erholt</wf>
         <wf lemma="," pos="X">,</wf>
         <wf lemma="sein" pos="VERB">ist</wf>
         <wf lemma="ein" pos="X">ein</wf>
         <wf lemma="solch" pos="X">solcher</wf>
         <instance id="d000.s206.t003" lemma="Trend" pos="NOUN">Trend</instance>
         <wf lemma="zu" pos="X">zu</wf>
         <wf lemma="erkennen" pos="VERB">erkennen</wf>
         <wf lemma="." pos="X">.</wf>
      </sentence>
      <sentence id="d000.s207" source="semeval2013-de">
         <wf lemma="d" pos="X">Die</wf>
         <wf lemma="staatlich" pos="X">staatliche</wf>
         <wf lemma="China_National_Petroleum_Corporation" pos="NOUN">China_National_Petroleum_Corporation</wf>
         <wf lemma="haben" pos="VERB">hat</wf>
         <wf lemma="für" pos="X">für</wf>
         <wf lemma="mehr" pos="X">mehr</wf>
         <instance id="d000.s207.t000" lemma="Vertrag" pos="NOUN">Verträge</instance>
         <wf lemma="bieten" pos="VERB">geboten</wf>
         <wf lemma="," pos="X">,</wf>
         <wf lemma="als" pos="X">als</wf>
         <wf lemma="irgendein" pos="X">irgendein</wf>
         <wf lemma="ander" pos="X">anderes</wf>
         <instance id="d000.s207.t001" lemma="Unternehmen" pos="NOUN">Unternehmen</instance>
         <wf lemma="und" pos="X">und</wf>
         <wf lemma="können" pos="VERB">konnte</wf>
         <wf lemma="mit" pos="X">mit</wf>
         <wf lemma="groß" pos="X">großen</wf>
         <wf lemma="Paket" pos="NOUN">Paketen</wf>
         <wf lemma="an" pos="X">an</wf>
         <instance id="d000.s207.t002" lemma="Vertrag" pos="NOUN">Verträgen</instance>
         <wf lemma="für" pos="X">für</wf>
         <wf lemma="zwei" pos="X">zwei</wf>
         <wf lemma="groß" pos="X">größere</wf>
         <instance id="d000.s207.t003" lemma="Feld" pos="NOUN">Felder</instance>
         <wf lemma="nach" pos="X">nach</wf>
         <instance id="d000.s207.t004" lemma="Haus" pos="NOUN">Hause</instance>
         <wf lemma="gehen" pos="VERB">gehen</wf>
         <wf lemma="." pos="X">.</wf>
      </sentence>
      <sentence id="d000.s208" source="semeval2013-de">
         <wf lemma="in" pos="X">In</wf>
         <wf lemma="viel" pos="X">vielen</wf>
         <instance id="d000.s208.t000" lemma="Teil" pos="NOUN">Teilen</instance>
         <wf lemma="d" pos="X">der</wf>
         <instance id="d000.s208.t001" lemma="Region" pos="NOUN">Region</instance>
         <wf lemma="sein" pos="VERB">ist</wf>
         <wf lemma="d" pos="X">der</wf>
         <instance id="d000.s208.t002" lemma="Einfluss" pos="NOUN">Einfluss</instance>
         <instance id="d000.s208.t003" lemma="Brasilien" pos="NOUN">Brasiliens</instance>
         <wf lemma="groß" pos="X">größer</wf>
         <wf lemma="als" pos="X">als</wf>
         <wf lemma="d" pos="X">der</wf>
         <wf lemma="d" pos="X">der</wf>
         <instance id="d000.s208.t004" lemma="Vereinigte_Staaten" pos="NOUN">Vereiniten_Staaten</instance>
         <wf lemma="." pos="X">.</wf>
      </sentence>
      <sentence id="d000.s209" source="semeval2013-de">
         <wf lemma="d" pos="X">Die</wf>
         <instance id="d000.s209.t000" lemma="Rendite" pos="NOUN">Rendite</instance>
         <wf lemma="d" pos="X">der</wf>
         <wf lemma="Schatzanleihe" pos="NOUN">Schatzanleihe</wf>
         <wf lemma="über" pos="X">über</wf>
         <wf lemma="10" pos="X">10</wf>
         <instance id="d000.s209.t001" lemma="Jahr" pos="NOUN">Jahre</instance>
         <wf lemma="sein" pos="VERB">ist</wf>
         <wf lemma="am" pos="X">am</wf>
         <instance id="d000.s209.t002" lemma="Mittwoch" pos="NOUN">Mittwoch</instance>
         <instance id="d000.s209.t003" lemma="Abend" pos="NOUN">Abend</instance>
         <wf lemma="um" pos="X">um</wf>
         <wf lemma="@card@" pos="X">3,540</wf>
         <instance id="d000.s209.t004" lemma="%" pos="NOUN">%</instance>
         <wf lemma="gegenüber" pos="X">gegenüber</wf>
         <wf lemma="@card@" pos="X">3,482</wf>
         <instance id="d000.s209.t005" lemma="%" pos="NOUN">%</instance>
         <wf lemma="steigen" pos="VERB">gestiegen</wf>
         <wf lemma="und" pos="X">und</wf>
         <wf lemma="d" pos="X">die</wf>
         <wf lemma="d" pos="X">der</wf>
         <instance id="d000.s209.t006" lemma="Anleihe" pos="NOUN">Anleihe</instance>
         <wf lemma="über" pos="X">über</wf>
         <wf lemma="30" pos="X">30</wf>
         <instance id="d000.s209.t007" lemma="Jahr" pos="NOUN">Jahre</instance>
         <wf lemma="auf" pos="X">auf</wf>
         <wf lemma="@card@" pos="X">4,497</wf>
         <instance id="d000.s209.t008" lemma="%" pos="NOUN">%</instance>
         <wf lemma="gegenüber" pos="X">gegenüber</wf>
         <wf lemma="@card@" pos="X">4,492</wf>
         <instance id="d000.s209.t009" lemma="%" pos="NOUN">%</instance>
         <wf lemma="d" pos="X">des</wf>
         <wf lemma="Vortag" pos="NOUN">Vortags</wf>
         <wf lemma="." pos="X">.</wf>
      </sentence>
      <sentence id="d000.s210" source="semeval2013-de">
         <wf lemma="&quot;" pos="X">&quot;</wf>
         <wf lemma="so" pos="ADV">So</wf>
         <wf lemma="wie" pos="X">wie</wf>
         <wf lemma="ich" pos="X">ich</wf>
         <wf lemma="es" pos="X">es</wf>
         <wf lemma="während" pos="X">während</wf>
         <wf lemma="dies" pos="X">dieses</wf>
         <wf lemma="Prozeß" pos="NOUN">Prozesses</wf>
         <wf lemma="erleben" pos="VERB">erlebt</wf>
         <wf lemma="haben" pos="VERB">habe</wf>
         <wf lemma="," pos="X">,</wf>
         <wf lemma="glauben" pos="VERB">glaube</wf>
         <wf lemma="ich" pos="X">ich</wf>
         <wf lemma="," pos="X">,</wf>
         <wf lemma="dass" pos="X">dass</wf>
         <wf lemma="es" pos="X">es</wf>
         <wf lemma="wirklich" pos="X">wirklich</wf>
         <wf lemma="ein" pos="X">eine</wf>
         <wf lemma="Gefahr" pos="NOUN">Gefahr</wf>
         <wf lemma="sein" pos="VERB">ist</wf>
         <wf lemma="," pos="X">,</wf>
         <wf lemma="wenn" pos="X">wenn</wf>
         <wf lemma="d" pos="X">der</wf>
         <wf lemma="Einzug" pos="NOUN">Einzug</wf>
         <wf lemma="d" pos="X">der</wf>
         <wf lemma="neu" pos="X">neuen</wf>
         <instance id="d000.s210.t000" lemma="Technologie" pos="NOUN">Technologien</instance>
         <wf lemma="in" pos="X">in</wf>
         <wf lemma="d" pos="X">den</wf>
         <instance id="d000.s210.t001" lemma="Gerichtssaal" pos="NOUN">Gerichtssaal</instance>
         <wf lemma="d" pos="X">das</wf>
         <instance id="d000.s210.t002" lemma="Recht" pos="NOUN">Recht</instance>
         <wf lemma="jed" pos="X">jedes</wf>
         <wf lemma="Einzelne" pos="NOUN">Einzelnen</wf>
         <wf lemma="auf" pos="X">auf</wf>
         <wf lemma="ein" pos="X">einen</wf>
         <wf lemma="fair" pos="X">fairen</wf>
         <wf lemma="Prozeß" pos="NOUN">Prozess</wf>
         <wf lemma="beeinflussen" pos="VERB">beeinflusst</wf>
         <wf lemma="&quot;" pos="X">&quot;</wf>
         <wf lemma="," pos="X">,</wf>
         <wf lemma="sagen" pos="VERB">sagte</wf>
         <wf lemma="Thomas" pos="NOUN">Thomas</wf>
         <wf lemma="J." pos="NOUN">J.</wf>
         <wf lemma="Ullman" pos="NOUN">Ullman</wf>
         <wf lemma="," pos="X">,</wf>
         <wf lemma="Mr." pos="NOUN">Mr.</wf>
         <wf lemma="Hayes" pos="NOUN">Hayes</wf>
         <wf lemma="Hauptverteidiger" pos="NOUN">Hauptverteidiger</wf>
         <wf lemma="." pos="X">.</wf>
      </sentence>
      <sentence id="d000.s211" source="semeval2013-de">
         <wf lemma="in" pos="X">In</wf>
         <wf lemma="sein" pos="X">seiner</wf>
         <wf lemma="historisch" pos="X">historischen</wf>
         <instance id="d000.s211.t000" lemma="Entscheidung" pos="NOUN">Entscheidung</instance>
         <wf lemma="von" pos="X">von</wf>
         <wf lemma="@card@" pos="X">1966</wf>
         <wf lemma="haben" pos="VERB">hat</wf>
         <wf lemma="d" pos="X">der</wf>
         <instance id="d000.s211.t001" lemma="Oberster_Gerichtshof" pos="NOUN">Oberste_Gerichtshof</instance>
         <wf lemma="d" pos="X">der</wf>
         <instance id="d000.s211.t002" lemma="Vereinigte_Staaten" pos="NOUN">Vereinigten_Staaten</instance>
         <wf lemma="d" pos="X">das</wf>
         <instance id="d000.s211.t003" lemma="Urteil" pos="NOUN">Urteil</instance>
         <wf lemma="gegen" pos="X">gegen</wf>
         <wf lemma="Dr." pos="NOUN">Dr.</wf>
         <wf lemma="Sam_Sheppard" pos="NOUN">Sam_Sheppard</wf>
         <wf lemma="," pos="X">,</wf>
         <wf lemma="ein" pos="X">einem</wf>
         <instance id="d000.s211.t004" lemma="Osteopathen" pos="NOUN">Osteopathen</instance>
         <wf lemma="aus" pos="X">aus</wf>
         <instance id="d000.s211.t005" lemma="Cleveland" pos="NOUN">Cleveland</instance>
         <wf lemma="," pos="X">,</wf>
         <wf lemma="d" pos="X">der</wf>
         <wf lemma="sein" pos="X">seine</wf>
         <instance id="d000.s211.t006" lemma="Frau" pos="NOUN">Frau</instance>
         <wf lemma="töten" pos="VERB">getötet</wf>
         <wf lemma="haben" pos="VERB">haben</wf>
         <wf lemma="sollen" pos="VERB">soll</wf>
         <wf lemma="," pos="X">,</wf>
         <wf lemma="aufheben" pos="VERB">aufgehoben</wf>
         <wf lemma="und" pos="X">und</wf>
         <wf lemma="sagen" pos="VERB">sagte</wf>
         <wf lemma="in" pos="X">in</wf>
         <wf lemma="sein" pos="X">seiner</wf>
         <instance id="d000.s211.t007" lemma="Entscheidung" pos="NOUN">Entscheidung</instance>
         <wf lemma="," pos="X">,</wf>
         <wf lemma="dass" pos="X">dass</wf>
         <wf lemma="es" pos="X">es</wf>
         <wf lemma="wegen" pos="X">wegen</wf>
         <wf lemma="d" pos="X">der</wf>
         <wf lemma="Neue_Medien" pos="NOUN">Neuen_Medien</wf>
         <wf lemma="ein" pos="X">eine</wf>
         <wf lemma="&quot;" pos="X">&quot;</wf>
         <wf lemma="Karnevalsatmosphäre" pos="NOUN">Karnevalsatmosphäre</wf>
         <wf lemma="im" pos="X">im</wf>
         <instance id="d000.s211.t008" lemma="Gerichtssaal" pos="NOUN">Gerichtssaal</instance>
         <wf lemma="&quot;" pos="X">&quot;</wf>
         <wf lemma="geben" pos="VERB">gegeben</wf>
         <wf lemma="haben" pos="VERB">hätte</wf>
         <wf lemma="." pos="X">.</wf>
      </sentence>
      <sentence id="d000.s212" source="semeval2013-de">
         <wf lemma="nichtsdestotrotz" pos="ADV">Nichtsdestotrotz</wf>
         <wf lemma="resignieren" pos="VERB">resignierten</wf>
         <wf lemma="Pnini" pos="NOUN">Pnini</wf>
         <wf lemma="und" pos="X">und</wf>
         <wf lemma="Eidson" pos="NOUN">Eidson</wf>
         <wf lemma="," pos="X">,</wf>
         <wf lemma="d" pos="X">die</wf>
         <wf lemma="gut" pos="X">besten</wf>
         <wf lemma="ihr" pos="X">ihrer</wf>
         <wf lemma="Mannschaft" pos="NOUN">Mannschaft</wf>
         <wf lemma="nicht" pos="X">nicht</wf>
         <wf lemma="und" pos="X">und</wf>
         <wf lemma="versuchen" pos="VERB">versuchten</wf>
         <wf lemma="," pos="X">,</wf>
         <wf lemma="ihr" pos="X">ihrer</wf>
         <wf lemma="Mannschaft" pos="NOUN">Mannschaft</wf>
         <wf lemma="wieder" pos="ADV">wieder</wf>
         <wf lemma="durch" pos="X">durch</wf>
         <wf lemma="drei" pos="X">drei</wf>
         <instance id="d000.s212.t000" lemma="Punkt" pos="NOUN">Punkte</instance>
         <wf lemma="von" pos="X">von</wf>
         <wf lemma="d" pos="X">der</wf>
         <instance id="d000.s212.t001" lemma="Linie" pos="NOUN">Linie</instance>
         <wf lemma="ab" pos="X">ab</wf>
         <wf lemma="(" pos="X">(</wf>
         <wf lemma="@card@" pos="X">70-77</wf>
         <wf lemma=")" pos="X">)</wf>
         <instance id="d000.s212.t002" lemma="Kraft" pos="NOUN">Kraft</instance>
         <wf lemma="zu" pos="X">zu</wf>
         <wf lemma="geben" pos="VERB">geben</wf>
         <wf lemma="." pos="X">.</wf>
      </sentence>
      <sentence id="d000.s213" source="semeval2013-de">
         <wf lemma="seit" pos="X">Seit</wf>
         <instance id="d000.s213.t000" lemma="Jahrzehnt" pos="NOUN">Jahrzehnten</instance>
         <wf lemma="haben" pos="VERB">haben</wf>
         <wf lemma="Gerichtseinsprüche" pos="NOUN">Gerichtseinsprüche</wf>
         <wf lemma="feststellen" pos="VERB">festgestellt</wf>
         <wf lemma="," pos="X">,</wf>
         <wf lemma="dass" pos="X">dass</wf>
         <wf lemma="d" pos="X">die</wf>
         <instance id="d000.s213.t001" lemma="Berichterstattung" pos="NOUN">Berichterstattung</instance>
         <wf lemma="über" pos="X">über</wf>
         <wf lemma="berühmt-berüchtigt" pos="X">berühmt-berüchtigte</wf>
         <instance id="d000.s213.t002" lemma="Fall" pos="NOUN">Fälle</instance>
         <instance id="d000.s213.t003" lemma="Zweifel" pos="NOUN">Zweifel</instance>
         <wf lemma="an" pos="X">an</wf>
         <wf lemma="d" pos="X">der</wf>
         <wf lemma="Fairness" pos="NOUN">Fairness</wf>
         <wf lemma="ein" pos="X">eines</wf>
         <wf lemma="Prozeß" pos="NOUN">Prozesses</wf>
         <wf lemma="aufkommen" pos="VERB">aufkommen</wf>
         <wf lemma="lassen" pos="VERB">lässt</wf>
         <wf lemma="." pos="X">.</wf>
      </sentence>
      <sentence id="d000.s214" source="semeval2013-de">
         <wf lemma="in" pos="X">In</wf>
         <wf lemma="d" pos="X">der</wf>
         <wf lemma="Tat" pos="NOUN">Tat</wf>
         <wf lemma="er" pos="X">sich</wf>
         <wf lemma="Richter" pos="NOUN">Richter</wf>
         <wf lemma="vom" pos="X">vom</wf>
         <instance id="d000.s214.t000" lemma="Verhaltenskodex" pos="NOUN">Verhaltenskodex</instance>
         <wf lemma="befreien" pos="VERB">befreit</wf>
         <wf lemma="," pos="X">,</wf>
         <wf lemma="d" pos="X">der</wf>
         <wf lemma="d" pos="X">die</wf>
         <wf lemma="Handlung" pos="NOUN">Handlungen</wf>
         <wf lemma="d" pos="X">der</wf>
         <wf lemma="nieder" pos="X">niederen</wf>
         <wf lemma="Bundesrichter" pos="NOUN">Bundesrichter</wf>
         <wf lemma="regeln" pos="VERB">regelt</wf>
         <wf lemma="." pos="X">.</wf>
      </sentence>
      <sentence id="d000.s215" source="semeval2013-de">
         <wf lemma="d" pos="X">Die</wf>
         <instance id="d000.s215.t000" lemma="Forscher" pos="NOUN">Forscher</instance>
         <wf lemma="setzen" pos="VERB">setzten</wf>
         <wf lemma="d" pos="X">das</wf>
         <instance id="d000.s215.t001" lemma="Bakterium" pos="NOUN">Bakterium</instance>
         <wf lemma="GFAJ-1" pos="NOUN">GFAJ-1</wf>
         <wf lemma="ein" pos="X">einer</wf>
         <wf lemma="steigend" pos="X">steigenden</wf>
         <wf lemma="Arsenkonzentration" pos="NOUN">Arsenkonzentration</wf>
         <wf lemma="aus" pos="X">aus</wf>
         <wf lemma="." pos="X">.</wf>
      </sentence>
      <sentence id="d000.s216" source="semeval2013-de">
         <wf lemma="Trick" pos="NOUN">Tricks</wf>
         <wf lemma="wie" pos="X">wie</wf>
         <wf lemma="d" pos="X">die</wf>
         <wf lemma="von" pos="X">von</wf>
         <wf lemma="Alonso" pos="NOUN">Alonso</wf>
         <wf lemma="und" pos="X">und</wf>
         <wf lemma="Ramos" pos="NOUN">Ramos</wf>
         <wf lemma="im" pos="X">im</wf>
         <instance id="d000.s216.t000" lemma="Spiel" pos="NOUN">Spiel</instance>
         <wf lemma="gegen" pos="X">gegen</wf>
         <wf lemma="d" pos="X">den</wf>
         <wf lemma="Ajax" pos="NOUN">Ajax</wf>
         <wf lemma="zeigen" pos="VERB">zeigen</wf>
         <wf lemma="Erfindungsgeist" pos="NOUN">Erfindungsgeist</wf>
         <wf lemma="," pos="X">,</wf>
         <wf lemma="aber" pos="ADV">aber</wf>
         <wf lemma="nicht" pos="X">nicht</wf>
         <wf lemma="d" pos="X">den</wf>
         <instance id="d000.s216.t001" lemma="Wille" pos="NOUN">Willen</instance>
         <wf lemma="," pos="X">,</wf>
         <wf lemma="ein" pos="X">eine</wf>
         <wf lemma="Sanktion" pos="NOUN">Sanktion</wf>
         <wf lemma="zu" pos="X">zu</wf>
         <wf lemma="umgehen" pos="VERB">umgehen</wf>
         <wf lemma="." pos="X">.</wf>
      </sentence>
      <sentence id="d000.s217" source="semeval2013-de">
         <wf lemma="auch" pos="ADV">Auch</wf>
         <wf lemma="wenn" pos="X">wenn</wf>
         <wf lemma="d" pos="X">die</wf>
         <instance id="d000.s217.t000" lemma="Ereignis" pos="NOUN">Ereignisse</instance>
         <wf lemma="schon" pos="ADV">schon</wf>
         <wf lemma="einige" pos="X">einige</wf>
         <instance id="d000.s217.t001" lemma="Jahr" pos="NOUN">Jahre</instance>
         <wf lemma="zurückliegen" pos="VERB">zurückliegen</wf>
         <wf lemma="," pos="X">,</wf>
         <wf lemma="so" pos="ADV">so</wf>
         <wf lemma="wehen" pos="VERB">weht</wf>
         <wf lemma="d" pos="X">den</wf>
         <instance id="d000.s217.t002" lemma="Bank" pos="NOUN">Banken</instance>
         <wf lemma="derzeit" pos="ADV">derzeit</wf>
         <wf lemma="in" pos="X">in</wf>
         <wf lemma="d" pos="X">den</wf>
         <instance id="d000.s217.t003" lemma="USA" pos="NOUN">USA</instance>
         <wf lemma="ein" pos="X">ein</wf>
         <wf lemma="scharf" pos="X">scharfer</wf>
         <instance id="d000.s217.t004" lemma="Wind" pos="NOUN">Wind</instance>
         <wf lemma="entgegen" pos="X">entgegen</wf>
         <wf lemma="." pos="X">.</wf>
      </sentence>
      <sentence id="d000.s218" source="semeval2013-de">
         <wf lemma="&quot;" pos="X">&quot;</wf>
         <wf lemma="es" pos="X">Es</wf>
         <wf lemma="geben" pos="VERB">gibt</wf>
         <wf lemma="ein" pos="X">einen</wf>
         <wf lemma="gut" pos="X">guten</wf>
         <instance id="d000.s218.t000" lemma="Grund" pos="NOUN">Grund</instance>
         <wf lemma="," pos="X">,</wf>
         <wf lemma="über" pos="X">über</wf>
         <wf lemma="d" pos="X">den</wf>
         <instance id="d000.s218.t001" lemma="Einfluss" pos="NOUN">Einfluss</instance>
         <wf lemma="d" pos="X">der</wf>
         <wf lemma="Neue_Medien" pos="NOUN">Neuen_Medien</wf>
         <wf lemma="in" pos="X">in</wf>
         <wf lemma="Prozeß" pos="NOUN">Prozessen</wf>
         <wf lemma="," pos="X">,</wf>
         <wf lemma="d" pos="X">die</wf>
         <wf lemma="von" pos="X">von</wf>
         <wf lemma="ein" pos="X">einer</wf>
         <wf lemma="breit" pos="X">breiten</wf>
         <wf lemma="Öffentlichkeit" pos="NOUN">Öffentlichkeit</wf>
         <wf lemma="verfolgen" pos="VERB">verfolgt</wf>
         <wf lemma="werden" pos="VERB">werden</wf>
         <wf lemma="," pos="X">,</wf>
         <wf lemma="beunruhigen" pos="VERB">beunruhigt</wf>
         <wf lemma="zu" pos="X">zu</wf>
         <wf lemma="sein" pos="VERB">sein</wf>
         <wf lemma="&quot;" pos="X">&quot;</wf>
         <wf lemma="," pos="X">,</wf>
         <wf lemma="sagen" pos="VERB">sagte</wf>
         <wf lemma="John" pos="NOUN">John</wf>
         <wf lemma="J." pos="NOUN">J.</wf>
         <wf lemma="Donohue" pos="NOUN">Donohue</wf>
         <wf lemma="III" pos="NOUN">III</wf>
         <wf lemma="," pos="X">,</wf>
         <instance id="d000.s218.t002" lemma="Professor" pos="NOUN">Professor</instance>
         <wf lemma="an" pos="X">an</wf>
         <wf lemma="d" pos="X">der</wf>
         <wf lemma="Stanford" pos="NOUN">Stanford</wf>
         <wf lemma="law_school" pos="NOUN">Law_School</wf>
         <wf lemma="," pos="X">,</wf>
         <wf lemma="d" pos="X">der</wf>
         <wf lemma="d" pos="X">die</wf>
         <instance id="d000.s218.t003" lemma="Todesstrafe" pos="NOUN">Todesstrafe</instance>
         <wf lemma="in" pos="X">in</wf>
         <instance id="d000.s218.t004" lemma="Connecticut" pos="NOUN">Connecticut</instance>
         <wf lemma="untersuchen" pos="VERB">untersucht</wf>
         <wf lemma="haben" pos="VERB">hat</wf>
         <wf lemma="." pos="X">.</wf>
      </sentence>
      <sentence id="d000.s219" source="semeval2013-de">
         <wf lemma="d" pos="X">Die</wf>
         <instance id="d000.s219.t000" lemma="Intensität" pos="NOUN">Intensität</instance>
         <wf lemma="bauen" pos="VERB">baut</wf>
         <wf lemma="er" pos="X">sich</wf>
         <wf lemma="gerade" pos="ADV">gerade</wf>
         <wf lemma="erst" pos="ADV">erst</wf>
         <wf lemma="auf" pos="X">auf</wf>
         <wf lemma=":" pos="X">:</wf>
         <wf lemma="fast" pos="ADV">Fast</wf>
         <wf lemma="alle" pos="X">alle</wf>
         <wf lemma="wichtig" pos="X">wichtigen</wf>
         <instance id="d000.s219.t001" lemma="Minister" pos="NOUN">Minister</instance>
         <wf lemma="sein" pos="VERB">sind</wf>
         <wf lemma="jetzt" pos="ADV">jetzt</wf>
         <wf lemma="hier" pos="ADV">hier</wf>
         <wf lemma="und" pos="X">und</wf>
         <wf lemma="ab" pos="X">ab</wf>
         <instance id="d000.s219.t002" lemma="Mittwoch" pos="NOUN">Mittwoch</instance>
         <wf lemma="werden" pos="VERB">werden</wf>
         <wf lemma="60" pos="X">60</wf>
         <wf lemma="Regierungsführer" pos="NOUN">Regierungsführer</wf>
         <wf lemma="in" pos="X">in</wf>
         <wf lemma="Kopenhagen" pos="NOUN">Kopenhagen</wf>
         <wf lemma="sein" pos="VERB">sein</wf>
         <wf lemma="." pos="X">.</wf>
      </sentence>
      <sentence id="d000.s220" source="semeval2013-de">
         <wf lemma="d" pos="X">Das</wf>
         <wf lemma="einzig" pos="X">einzige</wf>
         <instance id="d000.s220.t000" lemma="Unternehmen" pos="NOUN">Unternehmen</instance>
         <wf lemma="," pos="X">,</wf>
         <wf lemma="d" pos="X">das</wf>
         <wf lemma="ein" pos="X">ein</wf>
         <instance id="d000.s220.t001" lemma="Gebot" pos="NOUN">Gebot</instance>
         <wf lemma="abgeben" pos="VERB">abgegeben</wf>
         <wf lemma="haben" pos="VERB">hat</wf>
         <wf lemma="," pos="X">,</wf>
         <wf lemma="haben" pos="VERB">hat</wf>
         <wf lemma="d" pos="X">den</wf>
         <wf lemma="Kürzere" pos="NOUN">Kürzeren</wf>
         <wf lemma="ziehen" pos="VERB">gezogen</wf>
         <wf lemma="." pos="X">.</wf>
      </sentence>
      <sentence id="d000.s221" source="semeval2013-de">
         <wf lemma="Ihr" pos="X">Ihr</wf>
         <wf lemma="Auftreten" pos="NOUN">Auftreten</wf>
         <wf lemma="und" pos="X">und</wf>
         <wf lemma="ihr" pos="X">ihre</wf>
         <instance id="d000.s221.t000" lemma="Unterstützung" pos="NOUN">Unterstützung</instance>
         <wf lemma="ein" pos="X">einer</wf>
         <instance id="d000.s221.t001" lemma="Spendenaktion" pos="NOUN">Spendenaktion</instance>
         <wf lemma="für" pos="X">für</wf>
         <wf lemma="dies" pos="X">diese</wf>
         <wf lemma="Veranstaltung" pos="NOUN">Veranstaltung</wf>
         <wf lemma="untergraben" pos="VERB">untergraben</wf>
         <wf lemma="jeglich" pos="X">jeglichen</wf>
         <instance id="d000.s221.t002" lemma="Anspruch" pos="NOUN">Anspruch</instance>
         <wf lemma="auf" pos="X">auf</wf>
         <instance id="d000.s221.t003" lemma="Unparteilichkeit" pos="NOUN">Unparteilichkeit</instance>
         <wf lemma="und" pos="X">und</wf>
         <wf lemma="sein" pos="VERB">sind</wf>
         <wf lemma="nicht" pos="X">nicht</wf>
         <wf lemma="akzeptabel" pos="X">akzeptabel</wf>
         <wf lemma="." pos="X">.</wf>
      </sentence>
      <sentence id="d000.s222" source="semeval2013-de">
         <wf lemma="d" pos="X">Der</wf>
         <instance id="d000.s222.t000" lemma="Rest" pos="NOUN">Rest</instance>
         <wf lemma="nähern" pos="VERB">nähert</wf>
         <wf lemma="er" pos="X">sich</wf>
         <wf lemma="nicht" pos="X">nicht</wf>
         <wf lemma="einmal" pos="ADV">einmal</wf>
         <wf lemma="d" pos="X">der</wf>
         <wf lemma="20er-Grenze" pos="NOUN">20er-Grenze</wf>
         <wf lemma="." pos="X">.</wf>
      </sentence>
      <sentence id="d000.s223" source="semeval2013-de">
         <wf lemma="und" pos="X">Und</wf>
         <wf lemma="auch" pos="ADV">auch</wf>
         <wf lemma="d" pos="X">die</wf>
         <wf lemma="Citigroup" pos="NOUN">Citigroup</wf>
         <wf lemma="planen" pos="VERB">plant</wf>
         <wf lemma="nach" pos="X">nach</wf>
         <wf lemma="ein" pos="X">einem</wf>
         <instance id="d000.s223.t000" lemma="Bericht" pos="NOUN">Bericht</instance>
         <wf lemma="d" pos="X">des</wf>
         <wf lemma="US-Sender" pos="NOUN">US-Senders</wf>
         <wf lemma="CNBC" pos="NOUN">CNBC</wf>
         <wf lemma="," pos="X">,</wf>
         <wf lemma="d" pos="X">die</wf>
         <wf lemma="Staatshilfe" pos="NOUN">Staatshilfe</wf>
         <wf lemma="zurückerstatten" pos="VERB">zurückzuerstatten</wf>
         <wf lemma="." pos="X">.</wf>
      </sentence>
      <sentence id="d000.s224" source="semeval2013-de">
         <instance id="d000.s224.t000" lemma="Brasilien" pos="NOUN">Brasilien</instance>
         <wf lemma="haben" pos="VERB">hat</wf>
         <wf lemma="laut" pos="X">laut</wf>
         <wf lemma="19" pos="X">19</wf>
         <instance id="d000.s224.t001" lemma="%" pos="NOUN">%</instance>
         <wf lemma="d" pos="X">der</wf>
         <wf lemma="Befragte" pos="NOUN">Befragten</wf>
         <wf lemma="(" pos="X">(</wf>
         <wf lemma="18" pos="X">18</wf>
         <instance id="d000.s224.t002" lemma="%" pos="NOUN">%</instance>
         <wf lemma="im" pos="X">im</wf>
         <wf lemma="letzt" pos="X">letzten</wf>
         <instance id="d000.s224.t003" lemma="Jahr" pos="NOUN">Jahr</instance>
         <wf lemma=")" pos="X">)</wf>
         <wf lemma="d" pos="X">das</wf>
         <wf lemma="groß" pos="X">größte</wf>
         <wf lemma="Gewicht" pos="NOUN">Gewicht</wf>
         <wf lemma="in" pos="X">in</wf>
         <wf lemma="d" pos="X">der</wf>
         <instance id="d000.s224.t004" lemma="Region" pos="NOUN">Region</instance>
         <wf lemma="," pos="X">,</wf>
         <wf lemma="folgen" pos="VERB">gefolgt</wf>
         <wf lemma="von" pos="X">von</wf>
         <wf lemma="d" pos="X">den</wf>
         <instance id="d000.s224.t005" lemma="Vereinigte_Staaten" pos="NOUN">Vereinigten_Staaten</instance>
         <wf lemma="(" pos="X">(</wf>
         <wf lemma="9" pos="X">9</wf>
         <instance id="d000.s224.t006" lemma="%" pos="NOUN">%</instance>
         <wf lemma="," pos="X">,</wf>
         <wf lemma="unverändert" pos="X">unverändert</wf>
         <wf lemma="seit" pos="X">seit</wf>
         <wf lemma="letzt" pos="X">letztem</wf>
         <instance id="d000.s224.t007" lemma="Jahr" pos="NOUN">Jahr</instance>
         <wf lemma=")" pos="X">)</wf>
         <wf lemma="und" pos="X">und</wf>
         <instance id="d000.s224.t008" lemma="Venezuela" pos="NOUN">Venezuela</instance>
         <wf lemma="(" pos="X">(</wf>
         <wf lemma="9" pos="X">9</wf>
         <instance id="d000.s224.t009" lemma="%" pos="NOUN">%</instance>
         <wf lemma="vergleichen" pos="VERB">verglichen</wf>
         <wf lemma="mit" pos="X">mit</wf>
         <wf lemma="11" pos="X">11</wf>
         <instance id="d000.s224.t010" lemma="%" pos="NOUN">%</instance>
         <wf lemma="im" pos="X">im</wf>
         <wf lemma="letzt" pos="X">letzten</wf>
         <instance id="d000.s224.t011" lemma="Jahr" pos="NOUN">Jahr</instance>
         <wf lemma=")" pos="X">)</wf>
         <wf lemma="." pos="X">.</wf>
      </sentence>
      <sentence id="d000.s225" source="semeval2013-de">
         <wf lemma="sieben" pos="X">Sieben</wf>
         <wf lemma="amerikanisch" pos="X">amerikanische</wf>
         <instance id="d000.s225.t000" lemma="Unternehmen" pos="NOUN">Unternehmen</instance>
         <wf lemma="haben" pos="VERB">hatten</wf>
         <wf lemma="für" pos="X">für</wf>
         <wf lemma="d" pos="X">die</wf>
         <instance id="d000.s225.t001" lemma="Teilnahme" pos="NOUN">Teilnahme</instance>
         <wf lemma="an" pos="X">an</wf>
         <wf lemma="d" pos="X">der</wf>
         <wf lemma="zweit" pos="X">zweiten</wf>
         <instance id="d000.s225.t002" lemma="Auktion" pos="NOUN">Auktion</instance>
         <wf lemma="bezahlen" pos="VERB">bezahlt</wf>
         <wf lemma="," pos="X">,</wf>
         <wf lemma="d" pos="X">die</wf>
         <wf lemma="am" pos="X">am</wf>
         <instance id="d000.s225.t003" lemma="Freitag" pos="NOUN">Freitag</instance>
         <wf lemma="beginnen" pos="VERB">begonnen</wf>
         <wf lemma="haben" pos="VERB">hat</wf>
         <wf lemma="." pos="X">.</wf>
      </sentence>
      <sentence id="d000.s226" source="semeval2013-de">
         <wf lemma="d" pos="X">Die</wf>
         <instance id="d000.s226.t000" lemma="Demokratiebewegung" pos="NOUN">Demokratiebewegung</instance>
         <wf lemma="in" pos="X">in</wf>
         <instance id="d000.s226.t001" lemma="Lateinamerika" pos="NOUN">Lateinamerika</instance>
         <wf lemma="werden" pos="VERB">wird</wf>
         <wf lemma="stark" pos="X">stärker</wf>
         <wf lemma="," pos="X">,</wf>
         <wf lemma="so" pos="ADV">so</wf>
         <wf lemma="wie" pos="X">wie</wf>
         <wf lemma="d" pos="X">die</wf>
         <instance id="d000.s226.t002" lemma="Unterstützung" pos="NOUN">Unterstützung</instance>
         <wf lemma="privat" pos="X">privater</wf>
         <instance id="d000.s226.t003" lemma="Unternehmen" pos="NOUN">Unternehmen</instance>
         <wf lemma="." pos="X">.</wf>
      </sentence>
      <sentence id="d000.s227" source="semeval2013-de">
         <wf lemma="über" pos="X">Über</wf>
         <wf lemma="dies" pos="X">dieses</wf>
         <instance id="d000.s227.t000" lemma="Thema" pos="NOUN">Thema</instance>
         <wf lemma="herrschen" pos="VERB">herrscht</wf>
         <wf lemma="nämlich" pos="ADV">nämlich</wf>
         <wf lemma="ein" pos="X">ein</wf>
         <wf lemma="weitreichend" pos="X">weitreichender</wf>
         <instance id="d000.s227.t001" lemma="Konsens" pos="NOUN">Konsens</instance>
         <wf lemma="zwischen" pos="X">zwischen</wf>
         <wf lemma="Rechte" pos="NOUN">Rechten</wf>
         <wf lemma="und" pos="X">und</wf>
         <instance id="d000.s227.t002" lemma="Linke" pos="NOUN">Linken</instance>
         <wf lemma="." pos="X">.</wf>
      </sentence>
      <sentence id="d000.s228" source="semeval2013-de">
         <wf lemma="d" pos="X">Der</wf>
         <wf lemma="aktuell" pos="X">aktuelle</wf>
         <instance id="d000.s228.t000" lemma="Kampf" pos="NOUN">Kampf</instance>
         <wf lemma="beziehen" pos="VERB">bezieht</wf>
         <wf lemma="er" pos="X">sich</wf>
         <wf lemma="gleichermaßen" pos="ADV">gleichermaßen</wf>
         <wf lemma="auf" pos="X">auf</wf>
         <wf lemma="d" pos="X">die</wf>
         <instance id="d000.s228.t001" lemma="Rettung" pos="NOUN">Rettung</instance>
         <wf lemma="einzeln" pos="X">einzelner</wf>
         <instance id="d000.s228.t002" lemma="Ökonomie" pos="NOUN">Ökonomien</instance>
         <wf lemma="," pos="X">,</wf>
         <wf lemma="als" pos="X">als</wf>
         <wf lemma="auch" pos="ADV">auch</wf>
         <wf lemma="auf" pos="X">auf</wf>
         <wf lemma="d" pos="X">die</wf>
         <instance id="d000.s228.t003" lemma="Rettung" pos="NOUN">Rettung</instance>
         <wf lemma="d" pos="X">des</wf>
         <instance id="d000.s228.t004" lemma="Planet" pos="NOUN">Planeten</instance>
         <wf lemma="," pos="X">,</wf>
         <wf lemma="wobei" pos="X">wobei</wf>
         <instance id="d000.s228.t005" lemma="China" pos="NOUN">China</instance>
         <wf lemma="und" pos="X">und</wf>
         <wf lemma="d" pos="X">die</wf>
         <instance id="d000.s228.t006" lemma="Vereinigte_Staaten" pos="NOUN">Vereinigten_Staaten</instance>
         <wf lemma="er" pos="X">sich</wf>
         <wf lemma="wegen" pos="X">wegen</wf>
         <wf lemma="ihr" pos="X">ihrer</wf>
         <wf lemma="entsprechend" pos="X">entsprechenden</wf>
         <instance id="d000.s228.t007" lemma="Verpflichtung" pos="NOUN">Verpflichtungen</instance>
         <wf lemma="befehden" pos="VERB">befehden</wf>
         <wf lemma="," pos="X">,</wf>
         <wf lemma="während" pos="X">während</wf>
         <wf lemma="arm" pos="X">ärmere</wf>
         <instance id="d000.s228.t008" lemma="Land" pos="NOUN">Länder</instance>
         <wf lemma="behaupten" pos="VERB">behaupten</wf>
         <wf lemma="," pos="X">,</wf>
         <wf lemma="dass" pos="X">dass</wf>
         <wf lemma="d" pos="X">die</wf>
         <wf lemma="zwei" pos="X">zwei</wf>
         <instance id="d000.s228.t009" lemma="Dutzend" pos="NOUN">Dutzend</instance>
         <wf lemma="einflußreich" pos="X">einflussreichsten</wf>
         <instance id="d000.s228.t010" lemma="Land" pos="NOUN">Länder</instance>
         <wf lemma="d" pos="X">die</wf>
         <wf lemma="wissenschaftlich" pos="X">wissenschaftliche</wf>
         <wf lemma="Notwendigkeit" pos="NOUN">Notwendigkeit</wf>
         <wf lemma="ignorieren" pos="VERB">ignorieren</wf>
         <wf lemma="werden" pos="VERB">würden</wf>
         <wf lemma="," pos="X">,</wf>
         <wf lemma="mutig" pos="X">mutigere</wf>
         <wf lemma="Maßnahme" pos="NOUN">Maßnahmen</wf>
         <wf lemma="zu" pos="X">zu</wf>
         <wf lemma="ergreifen" pos="VERB">ergreifen</wf>
         <wf lemma="." pos="X">.</wf>
      </sentence>
      <sentence id="d000.s229" source="semeval2013-de">
         <wf lemma="doch" pos="X">Doch</wf>
         <wf lemma="nur" pos="ADV">nur</wf>
         <wf lemma="d" pos="X">die</wf>
         <instance id="d000.s229.t000" lemma="Hälfte" pos="NOUN">Hälfte</instance>
         <wf lemma="d" pos="X">der</wf>
         <wf lemma="Befragte" pos="NOUN">Befragten</wf>
         <wf lemma="in" pos="X">in</wf>
         <instance id="d000.s229.t001" lemma="Mexiko" pos="NOUN">Mexiko</instance>
         <wf lemma="und" pos="X">und</wf>
         <instance id="d000.s229.t002" lemma="Brasilien" pos="NOUN">Brasilien</instance>
         <wf lemma="," pos="X">,</wf>
         <wf lemma="d" pos="X">den</wf>
         <wf lemma="bevölkerungsreichsten" pos="X">bevölkerungsreichsten</wf>
         <instance id="d000.s229.t003" lemma="Land" pos="NOUN">Ländern</instance>
         <wf lemma="d" pos="X">der</wf>
         <instance id="d000.s229.t004" lemma="Region" pos="NOUN">Region</instance>
         <wf lemma="," pos="X">,</wf>
         <wf lemma="sein" pos="VERB">sind</wf>
         <wf lemma="überzeugt" pos="X">überzeugte</wf>
         <wf lemma="Demokrat" pos="NOUN">Demokraten</wf>
         <wf lemma="," pos="X">,</wf>
         <wf lemma="was" pos="X">was</wf>
         <wf lemma="d" pos="X">den</wf>
         <wf lemma="regional" pos="X">regionalen</wf>
         <wf lemma="Durchschnitt" pos="NOUN">Durchschnitt</wf>
         <wf lemma="senken" pos="VERB">senkt</wf>
         <wf lemma="(" pos="X">(</wf>
         <wf lemma="s." pos="X">s.</wf>
         <instance id="d000.s229.t005" lemma="Diagramm" pos="NOUN">Diagramm</instance>
         <wf lemma="2" pos="X">2</wf>
         <wf lemma=")" pos="X">)</wf>
         <wf lemma="." pos="X">.</wf>
      </sentence>
      <sentence id="d000.s230" source="semeval2013-de">
         <wf lemma="in" pos="X">In</wf>
         <wf lemma="d" pos="X">den</wf>
         <instance id="d000.s230.t000" lemma="USA" pos="NOUN">USA</instance>
         <wf lemma="erhöhen" pos="VERB">erhöhten</wf>
         <wf lemma="er" pos="X">sich</wf>
         <wf lemma="d" pos="X">die</wf>
         <instance id="d000.s230.t001" lemma="Verkauf" pos="NOUN">Verkäufe</instance>
         <wf lemma="im" pos="X">im</wf>
         <instance id="d000.s230.t002" lemma="Einzelhandel" pos="NOUN">Einzelhandel</instance>
         <wf lemma="im" pos="X">im</wf>
         <instance id="d000.s230.t003" lemma="November" pos="NOUN">November</instance>
         <wf lemma="um" pos="X">um</wf>
         <wf lemma="@card@" pos="X">1,3</wf>
         <instance id="d000.s230.t004" lemma="%" pos="NOUN">%</instance>
         <wf lemma="," pos="X">,</wf>
         <wf lemma="somit" pos="ADV">somit</wf>
         <wf lemma="bereits" pos="ADV">bereits</wf>
         <wf lemma="zwei" pos="X">zwei</wf>
         <instance id="d000.s230.t005" lemma="Monat" pos="NOUN">Monate</instance>
         <wf lemma="hintereinander" pos="X">hintereinander</wf>
         <wf lemma="und" pos="X">und</wf>
         <wf lemma="weit" pos="X">weit</wf>
         <wf lemma="mehr" pos="ADV">mehr</wf>
         <wf lemma="als" pos="X">als</wf>
         <wf lemma="vorgesehen" pos="X">vorgesehen</wf>
         <wf lemma="." pos="X">.</wf>
      </sentence>
   </text>
</corpus>
