<?xml version="1.0" encoding="UTF-8"?>
<corpus lang="gl" name="test-gl" sources="wordnet-galician">
   <text id="d000">
      <sentence id="d000.s000" source="wordnet-galician">
         <wf lemma="pasamos" pos="X">pasamos</wf>
         <wf lemma="unha" pos="X">unha</wf>
         <wf lemma="noite" pos="X">noite</wf>
         <wf lemma="xuntos" pos="X">xuntos</wf>
         <wf lemma="moi" pos="X">moi</wf>
         <instance id="d000.s000.t000" lemma="agradable" pos="ADJ">agradable</instance>
         <wf lemma="." pos="X">.</wf>
      </sentence>
      <sentence id="d000.s001" source="wordnet-galician">
         <wf lemma="o" pos="X">o</wf>
         <wf lemma="seu" pos="X">seu</wf>
         <wf lemma="destino" pos="X">destino</wf>
         <wf lemma="é" pos="X">é</wf>
         <instance id="d000.s001.t000" lemma="certo" pos="ADJ">certo</instance>
         <wf lemma="." pos="X">.</wf>
      </sentence>
      <sentence id="d000.s002" source="wordnet-galician">
         <wf lemma="a" pos="X">a</wf>
         <wf lemma="nosa" pos="X">nosa</wf>
         <wf lemma="discusión" pos="X">discusión</wf>
         <wf lemma="foi" pos="X">foi</wf>
         <wf lemma="moi" pos="X">moi</wf>
         <instance id="d000.s002.t000" lemma="insatisfactorio" pos="ADJ">insatisfactoria</instance>
         <wf lemma="." pos="X">.</wf>
      </sentence>
      <sentence id="d000.s003" source="wordnet-galician">
         <wf lemma="apoíabase" pos="X">apoíabase</wf>
         <wf lemma="na" pos="X">na</wf>
         <instance id="d000.s003.t000" lemma="bóla" pos="NOUN">bóla</instance>
         <wf lemma="dos" pos="X">dos</wf>
         <wf lemma="pés" pos="X">pés</wf>
         <wf lemma="." pos="X">.</wf>
      </sentence>
      <sentence id="d000.s004" source="wordnet-galician">
         <wf lemma="un" pos="X">un</wf>
         <wf lemma="comportamento" pos="X">comportamento</wf>
         <instance id="d000.s004.t000" lemma="respectuoso" pos="ADJ">respectuoso</instance>
         <wf lemma="." pos="X">.</wf>
      </sentence>
      <sentence id="d000.s005" source="wordnet-galician">
         <wf lemma="decidín" pos="X">decidín</wf>
         <wf lemma="que" pos="X">que</wf>
         <wf lemma="o" pos="X">o</wf>
         <wf lemma="comportamento" pos="X">comportamento</wf>
         <wf lemma="que" pos="X">que</wf>
         <wf lemma="eu" pos="X">eu</wf>
         <wf lemma="estou" pos="X">estou</wf>
         <wf lemma="seguindo" pos="X">seguindo</wf>
         <wf lemma="é" pos="X">é</wf>
         <instance id="d000.s005.t000" lemma="coherente" pos="ADJ">coherente</instance>
         <wf lemma="co" pos="X">co</wf>
         <wf lemma="meu" pos="X">meu</wf>
         <wf lemma="sentido" pos="X">sentido</wf>
         <wf lemma="do" pos="X">do</wf>
         <wf lemma="responsabilidade" pos="X">responsabilidade</wf>
         <wf lemma="como" pos="X">como</wf>
         <wf lemma="presidente" pos="X">presidente</wf>
         <wf lemma="en" pos="X">en</wf>
         <wf lemma="tempo" pos="X">tempo</wf>
         <wf lemma="de" pos="X">de</wf>
         <wf lemma="guerra" pos="X">guerra</wf>
         <wf lemma="(" pos="X">(</wf>
         <wf lemma="FDR" pos="X">FDR</wf>
         <wf lemma=")" pos="X">)</wf>
         <wf lemma="." pos="X">.</wf>
      </sentence>
      <sentence id="d000.s006" source="wordnet-galician">
         <wf lemma="unha" pos="X">unha</wf>
         <wf lemma="semellanza" pos="X">semellanza</wf>
         <instance id="d000.s006.t000" lemma="directo" pos="ADJ">directa</instance>
         <wf lemma="." pos="X">.</wf>
      </sentence>
      <sentence id="d000.s007" source="wordnet-galician">
         <wf lemma="aínda" pos="X">aínda</wf>
         <wf lemma="que" pos="X">que</wf>
         <wf lemma="xa" pos="X">xa</wf>
         <wf lemma="pasou" pos="X">pasou</wf>
         <wf lemma="a" pos="X">a</wf>
         <wf lemma="idade" pos="X">idade</wf>
         <wf lemma="de" pos="X">de</wf>
         <wf lemma="xubilación" pos="X">xubilación</wf>
         <wf lemma="," pos="X">,</wf>
         <wf lemma="aínda" pos="X">aínda</wf>
         <wf lemma="está" pos="X">está</wf>
         <instance id="d000.s007.t000" lemma="activo" pos="ADJ">activo</instance>
         <wf lemma="na" pos="X">na</wf>
         <wf lemma="súa" pos="X">súa</wf>
         <wf lemma="profesión" pos="X">profesión</wf>
         <wf lemma="." pos="X">.</wf>
      </sentence>
      <sentence id="d000.s008" source="wordnet-galician">
         <wf lemma="o" pos="X">o</wf>
         <wf lemma="voto" pos="X">voto</wf>
         <wf lemma="a" pos="X">a</wf>
         <wf lemma="prol" pos="X">prol</wf>
         <wf lemma="da" pos="X">da</wf>
         <wf lemma="lei" pos="X">lei</wf>
         <instance id="d000.s008.t000" lemma="seco" pos="ADJ">seca</instance>
         <wf lemma="lidérano" pos="X">lidérano</wf>
         <wf lemma="os" pos="X">os</wf>
         <wf lemma="predicadores" pos="X">predicadores</wf>
         <wf lemma="e" pos="X">e</wf>
         <wf lemma="contrabandistas" pos="X">contrabandistas</wf>
         <wf lemma="." pos="X">.</wf>
      </sentence>
      <sentence id="d000.s009" source="wordnet-galician">
         <wf lemma="un" pos="X">un</wf>
         <wf lemma="patio" pos="X">patio</wf>
         <instance id="d000.s009.t000" lemma="pechado" pos="ADJ">pechado</instance>
         <wf lemma="." pos="X">.</wf>
      </sentence>
      <sentence id="d000.s010" source="wordnet-galician">
         <instance id="d000.s010.t000" lemma="lobo" pos="NOUN">lobo</instance>
         <wf lemma="da" pos="X">da</wf>
         <wf lemma="orella" pos="X">orella</wf>
         <wf lemma="." pos="X">.</wf>
      </sentence>
      <sentence id="d000.s011" source="wordnet-galician">
         <wf lemma="unha" pos="X">unha</wf>
         <instance id="d000.s011.t000" lemma="rico" pos="ADJ">rica</instance>
         <wf lemma="mestura" pos="X">mestura</wf>
         <wf lemma="de" pos="X">de</wf>
         <wf lemma="gas" pos="X">gas</wf>
         <wf lemma="." pos="X">.</wf>
      </sentence>
      <sentence id="d000.s012" source="wordnet-galician">
         <wf lemma="é" pos="X">é</wf>
         <wf lemma="bo" pos="X">bo</wf>
         <wf lemma="e" pos="X">e</wf>
         <instance id="d000.s012.t000" lemma="axeitado" pos="ADJ">axeitado</instance>
         <wf lemma="que" pos="X">que</wf>
         <wf lemma="estiver" pos="X">estiver</wf>
         <wf lemma="alí" pos="X">alí</wf>
         <wf lemma="." pos="X">.</wf>
      </sentence>
      <sentence id="d000.s013" source="wordnet-galician">
         <wf lemma="ordenadores" pos="X">ordenadores</wf>
         <instance id="d000.s013.t000" lemma="fácil" pos="ADJ">fáciles</instance>
         <wf lemma="." pos="X">.</wf>
      </sentence>
      <sentence id="d000.s014" source="wordnet-galician">
         <wf lemma="desexei" pos="X">desexei</wf>
         <wf lemma="ver" pos="X">ver</wf>
         <wf lemma="a" pos="X">a</wf>
         <wf lemma="mirada" pos="X">mirada</wf>
         <wf lemma="no" pos="X">no</wf>
         <wf lemma="seu" pos="X">seu</wf>
         <instance id="d000.s014.t000" lemma="rostro" pos="NOUN">rostro</instance>
         <wf lemma="cando" pos="X">cando</wf>
         <wf lemma="recibise" pos="X">recibise</wf>
         <wf lemma="a" pos="X">a</wf>
         <wf lemma="noticia" pos="X">noticia</wf>
         <wf lemma="." pos="X">.</wf>
      </sentence>
      <sentence id="d000.s015" source="wordnet-galician">
         <wf lemma="comezou" pos="X">comezou</wf>
         <wf lemma="a" pos="X">a</wf>
         <wf lemma="súa" pos="X">súa</wf>
         <wf lemma="carreira" pos="X">carreira</wf>
         <instance id="d000.s015.t000" lemma="profesional" pos="ADJ">profesional</instance>
         <wf lemma="despois" pos="X">despois</wf>
         <wf lemma="das" pos="X">das</wf>
         <wf lemma="olimpíadas" pos="X">olimpíadas</wf>
         <wf lemma="." pos="X">.</wf>
      </sentence>
      <sentence id="d000.s016" source="wordnet-galician">
         <wf lemma="homicidio" pos="X">homicidio</wf>
         <instance id="d000.s016.t000" lemma="voluntario" pos="ADJ">voluntario</instance>
         <wf lemma="." pos="X">.</wf>
      </sentence>
      <sentence id="d000.s017" source="wordnet-galician">
         <wf lemma="que" pos="X">que</wf>
         <wf lemma="ocorre" pos="X">ocorre</wf>
         <wf lemma="cando" pos="X">cando</wf>
         <wf lemma="unha" pos="X">unha</wf>
         <wf lemma="forza" pos="X">forza</wf>
         <instance id="d000.s017.t000" lemma="irresistible" pos="ADJ">irresistible</instance>
         <wf lemma="atopa" pos="X">atopa</wf>
         <wf lemma="un" pos="X">un</wf>
         <wf lemma="obxecto" pos="X">obxecto</wf>
         <wf lemma="inmóbil" pos="X">inmóbil</wf>
         <wf lemma="?" pos="X">?</wf>
      </sentence>
      <sentence id="d000.s018" source="wordnet-galician">
         <wf lemma="causou" pos="X">causou</wf>
         <wf lemma="unha" pos="X">unha</wf>
         <wf lemma="impresión" pos="X">impresión</wf>
         <instance id="d000.s018.t000" lemma="favorable" pos="ADJ">favorable</instance>
         <wf lemma="." pos="X">.</wf>
      </sentence>
      <sentence id="d000.s019" source="wordnet-galician">
         <wf lemma="o" pos="X">o</wf>
         <wf lemma="xoves" pos="X">xoves</wf>
         <instance id="d000.s019.t000" lemma="pasado" pos="ADJ">pasado</instance>
         <wf lemma="." pos="X">.</wf>
      </sentence>
      <sentence id="d000.s020" source="wordnet-galician">
         <wf lemma="unha" pos="X">unha</wf>
         <wf lemma="enfermidade" pos="X">enfermidade</wf>
         <instance id="d000.s020.t000" lemma="orgánico" pos="ADJ">orgánica</instance>
         <wf lemma="." pos="X">.</wf>
      </sentence>
      <sentence id="d000.s021" source="wordnet-galician">
         <wf lemma="ese" pos="X">ese</wf>
         <wf lemma="ollar" pos="X">ollar</wf>
         <instance id="d000.s021.t000" lemma="impertérrito" pos="ADJ">impertérrito</instance>
         <wf lemma="e" pos="X">e</wf>
         <wf lemma="obstinado" pos="X">obstinado</wf>
         <wf lemma="na" pos="X">na</wf>
         <wf lemma="súa" pos="X">súa</wf>
         <wf lemma="cara" pos="X">cara</wf>
         <wf lemma="." pos="X">.</wf>
      </sentence>
      <sentence id="d000.s022" source="wordnet-galician">
         <wf lemma="provocou" pos="X">provocou</wf>
         <wf lemma="unha" pos="X">unha</wf>
         <wf lemma="reacción" pos="X">reacción</wf>
         <wf lemma="química" pos="X">química</wf>
         <instance id="d000.s022.t000" lemma="enerxético" pos="ADJ">enerxética</instance>
         <wf lemma="." pos="X">.</wf>
      </sentence>
      <sentence id="d000.s023" source="wordnet-galician">
         <wf lemma="un" pos="X">un</wf>
         <wf lemma="amante" pos="X">amante</wf>
         <instance id="d000.s023.t000" lemma="constante" pos="ADJ">constante</instance>
         <wf lemma="." pos="X">.</wf>
      </sentence>
      <sentence id="d000.s024" source="wordnet-galician">
         <wf lemma="unha" pos="X">unha</wf>
         <wf lemma="regra" pos="X">regra</wf>
         <instance id="d000.s024.t000" lemma="invariable" pos="ADJ">invariable</instance>
         <wf lemma="." pos="X">.</wf>
      </sentence>
      <sentence id="d000.s025" source="wordnet-galician">
         <wf lemma="un" pos="X">un</wf>
         <wf lemma="estrondo" pos="X">estrondo</wf>
         <instance id="d000.s025.t000" lemma="sónico" pos="ADJ">sónico</instance>
         <wf lemma="." pos="X">.</wf>
      </sentence>
      <sentence id="d000.s026" source="wordnet-galician">
         <wf lemma="un" pos="X">un</wf>
         <wf lemma="teatro" pos="X">teatro</wf>
         <instance id="d000.s026.t000" lemma="abarrotado" pos="ADJ">abarrotado</instance>
         <wf lemma="." pos="X">.</wf>
      </sentence>
      <sentence id="d000.s027" source="wordnet-galician">
         <wf lemma="a" pos="X">a</wf>
         <wf lemma="corrente" pos="X">corrente</wf>
         <instance id="d000.s027.t000" lemma="alterno" pos="ADJ">alterna</instance>
         <wf lemma="." pos="X">.</wf>
      </sentence>
      <sentence id="d000.s028" source="wordnet-galician">
         <wf lemma="isótopo" pos="X">isótopo</wf>
         <instance id="d000.s028.t000" lemma="radioactivo" pos="ADJ">radioactivo</instance>
         <wf lemma="." pos="X">.</wf>
      </sentence>
      <sentence id="d000.s029" source="wordnet-galician">
         <wf lemma="os" pos="X">os</wf>
         <wf lemma="esquíos" pos="X">esquíos</wf>
         <wf lemma="salvaxes" pos="X">salvaxes</wf>
         <wf lemma="son" pos="X">son</wf>
         <instance id="d000.s029.t000" lemma="previsor" pos="ADJ">previsores</instance>
         <wf lemma="." pos="X">.</wf>
      </sentence>
      <sentence id="d000.s030" source="wordnet-galician">
         <wf lemma="o" pos="X">o</wf>
         <wf lemma="que" pos="X">que</wf>
         <wf lemma="se" pos="X">se</wf>
         <wf lemma="crea" pos="X">crea</wf>
         <wf lemma="é" pos="X">é</wf>
         <wf lemma="de" pos="X">de</wf>
         <wf lemma="necesidade" pos="X">necesidade</wf>
         <instance id="d000.s030.t000" lemma="corpóreo" pos="ADJ">corpóreo</instance>
         <wf lemma="," pos="X">,</wf>
         <wf lemma="visible" pos="X">visible</wf>
         <wf lemma="e" pos="X">e</wf>
         <wf lemma="tanxible" pos="X">tanxible</wf>
         <wf lemma="(" pos="X">(</wf>
         <wf lemma="Benjamin" pos="X">Benjamin</wf>
         <wf lemma="Jowett" pos="X">Jowett</wf>
         <wf lemma=")" pos="X">)</wf>
         <wf lemma="." pos="X">.</wf>
      </sentence>
      <sentence id="d000.s031" source="wordnet-galician">
         <wf lemma="as" pos="X">as</wf>
         <wf lemma="células" pos="X">células</wf>
         <wf lemma="somáticas" pos="X">somáticas</wf>
         <instance id="d000.s031.t000" lemma="diploide" pos="ADJ">diploides</instance>
         <wf lemma="." pos="X">.</wf>
      </sentence>
      <sentence id="d000.s032" source="wordnet-galician">
         <wf lemma="o" pos="X">o</wf>
         <wf lemma="berro" pos="X">berro</wf>
         <wf lemma="dos" pos="X">dos</wf>
         <wf lemma="animais" pos="X">animais</wf>
         <instance id="d000.s032.t000" lemma="incauto" pos="ADJ">incautos</instance>
         <wf lemma="collidos" pos="X">collidos</wf>
         <wf lemma="por" pos="X">por</wf>
         <wf lemma="sorpresa" pos="X">sorpresa</wf>
         <wf lemma="." pos="X">.</wf>
      </sentence>
      <sentence id="d000.s033" source="wordnet-galician">
         <wf lemma="un" pos="X">un</wf>
         <wf lemma="clima" pos="X">clima</wf>
         <instance id="d000.s033.t000" lemma="saudable" pos="ADJ">saudable</instance>
         <wf lemma="." pos="X">.</wf>
      </sentence>
      <sentence id="d000.s034" source="wordnet-galician">
         <wf lemma="a" pos="X">a</wf>
         <wf lemma="igualdade" pos="X">igualdade</wf>
         <wf lemma="de" pos="X">de</wf>
         <wf lemma="dereitos" pos="X">dereitos</wf>
         <wf lemma="entre" pos="X">entre</wf>
         <instance id="d000.s034.t000" lemma="muller" pos="NOUN">mulleres</instance>
         <wf lemma="e" pos="X">e</wf>
         <wf lemma="homes" pos="X">homes</wf>
         <wf lemma="é" pos="X">é</wf>
         <wf lemma="unha" pos="X">unha</wf>
         <wf lemma="necesidade" pos="X">necesidade</wf>
         <wf lemma="esencial" pos="X">esencial</wf>
         <wf lemma="nunha" pos="X">nunha</wf>
         <wf lemma="sociedade" pos="X">sociedade</wf>
         <wf lemma="democrática" pos="X">democrática</wf>
         <wf lemma="moderna" pos="X">moderna</wf>
         <wf lemma="." pos="X">.</wf>
      </sentence>
      <sentence id="d000.s035" source="wordnet-galician">
         <wf lemma="un" pos="X">un</wf>
         <wf lemma="nó" pos="X">nó</wf>
         <instance id="d000.s035.t000" lemma="inextricábel" pos="ADJ">inextricábel</instance>
         <wf lemma="." pos="X">.</wf>
      </sentence>
      <sentence id="d000.s036" source="wordnet-galician">
         <wf lemma="correntes" pos="X">correntes</wf>
         <instance id="d000.s036.t000" lemma="secundario" pos="ADJ">secundarias</instance>
         <wf lemma="." pos="X">.</wf>
      </sentence>
      <sentence id="d000.s037" source="wordnet-galician">
         <wf lemma="as" pos="X">as</wf>
         <wf lemma="normas" pos="X">normas</wf>
         <instance id="d000.s037.t000" lemma="vixente" pos="ADJ">vixentes</instance>
         <wf lemma="." pos="X">.</wf>
      </sentence>
      <sentence id="d000.s038" source="wordnet-galician">
         <wf lemma="despois" pos="X">despois</wf>
         <wf lemma="do" pos="X">do</wf>
         <wf lemma="argumento" pos="X">argumento</wf>
         <wf lemma="caeron" pos="X">caeron</wf>
         <wf lemma="nun" pos="X">nun</wf>
         <wf lemma="silencio" pos="X">silencio</wf>
         <instance id="d000.s038.t000" lemma="infeliz" pos="ADJ">infeliz</instance>
         <wf lemma="." pos="X">.</wf>
      </sentence>
      <sentence id="d000.s039" source="wordnet-galician">
         <wf lemma="sufrimento" pos="X">sufrimento</wf>
         <instance id="d000.s039.t000" lemma="mental" pos="ADJ">mental</instance>
         <wf lemma="." pos="X">.</wf>
      </sentence>
      <sentence id="d000.s040" source="wordnet-galician">
         <wf lemma="é" pos="X">é</wf>
         <instance id="d000.s040.t000" lemma="inconveniente" pos="ADJ">inconveniente</instance>
         <wf lemma="non" pos="X">non</wf>
         <wf lemma="ter" pos="X">ter</wf>
         <wf lemma="un" pos="X">un</wf>
         <wf lemma="teléfono" pos="X">teléfono</wf>
         <wf lemma="na" pos="X">na</wf>
         <wf lemma="cociña" pos="X">cociña</wf>
         <wf lemma="." pos="X">.</wf>
      </sentence>
      <sentence id="d000.s041" source="wordnet-galician">
         <wf lemma="fun" pos="X">fun</wf>
         <wf lemma="coas" pos="X">coas</wf>
         <wf lemma="miñas" pos="X">miñas</wf>
         <instance id="d000.s041.t000" lemma="pata" pos="NOUN">patas</instance>
         <wf lemma="." pos="X">.</wf>
      </sentence>
      <sentence id="d000.s042" source="wordnet-galician">
         <wf lemma="un" pos="X">un</wf>
         <wf lemma="sándwich" pos="X">sándwich</wf>
         <instance id="d000.s042.t000" lemma="groso" pos="ADJ">groso</instance>
         <wf lemma="." pos="X">.</wf>
      </sentence>
      <sentence id="d000.s043" source="wordnet-galician">
         <wf lemma="tan" pos="X">tan</wf>
         <instance id="d000.s043.t000" lemma="irreal" pos="ADJ">irreal</instance>
         <wf lemma="como" pos="X">como</wf>
         <wf lemma="un" pos="X">un</wf>
         <wf lemma="soño" pos="X">soño</wf>
         <wf lemma="." pos="X">.</wf>
      </sentence>
      <sentence id="d000.s044" source="wordnet-galician">
         <wf lemma="unha" pos="X">unha</wf>
         <wf lemma="multitude" pos="X">multitude</wf>
         <instance id="d000.s044.t000" lemma="ordenado" pos="ADJ">ordenada</instance>
         <wf lemma="enfrontou" pos="X">enfrontou</wf>
         <wf lemma="o" pos="X">o</wf>
         <wf lemma="presidente" pos="X">presidente</wf>
         <wf lemma="." pos="X">.</wf>
      </sentence>
      <sentence id="d000.s045" source="wordnet-galician">
         <wf lemma="a" pos="X">a</wf>
         <wf lemma="anfitrioa" pos="X">anfitrioa</wf>
         <wf lemma="evitou" pos="X">evitou</wf>
         <wf lemma="un" pos="X">un</wf>
         <wf lemma="enfrontamento" pos="X">enfrontamento</wf>
         <wf lemma="cun" pos="X">cun</wf>
         <instance id="d000.s045.t000" lemma="diplomático" pos="ADJ">diplomático</instance>
         <wf lemma="cambio" pos="X">cambio</wf>
         <wf lemma="de" pos="X">de</wf>
         <wf lemma="tema" pos="X">tema</wf>
         <wf lemma="." pos="X">.</wf>
      </sentence>
      <sentence id="d000.s046" source="wordnet-galician">
         <wf lemma="sen" pos="X">sen</wf>
         <wf lemma="dúbida" pos="X">dúbida</wf>
         <wf lemma="," pos="X">,</wf>
         <wf lemma="eles" pos="X">eles</wf>
         <wf lemma="ten" pos="X">ten</wf>
         <wf lemma="algún" pos="X">algún</wf>
         <wf lemma="propósito" pos="X">propósito</wf>
         <instance id="d000.s046.t000" lemma="indirecto" pos="ADJ">indirecto</instance>
         <wf lemma="na" pos="X">na</wf>
         <wf lemma="mente" pos="X">mente</wf>
         <wf lemma="." pos="X">.</wf>
      </sentence>
      <sentence id="d000.s047" source="wordnet-galician">
         <wf lemma="é" pos="X">é</wf>
         <wf lemma="un" pos="X">un</wf>
         <wf lemma="xenio" pos="X">xenio</wf>
         <instance id="d000.s047.t000" lemma="matemático" pos="ADJ">matemático</instance>
         <wf lemma="." pos="X">.</wf>
      </sentence>
      <sentence id="d000.s048" source="wordnet-galician">
         <wf lemma="procedeuse" pos="X">procedeuse</wf>
         <wf lemma="a" pos="X">a</wf>
         <wf lemma="unha" pos="X">unha</wf>
         <wf lemma="clasificación" pos="X">clasificación</wf>
         <instance id="d000.s048.t000" lemma="ordinal" pos="ADJ">ordinal</instance>
         <wf lemma="de" pos="X">de</wf>
         <wf lemma="sétimos" pos="X">sétimos</wf>
         <wf lemma="." pos="X">.</wf>
      </sentence>
      <sentence id="d000.s049" source="wordnet-galician">
         <wf lemma="os" pos="X">os</wf>
         <wf lemma="vehículos" pos="X">vehículos</wf>
         <instance id="d000.s049.t000" lemma="anfibio" pos="ADJ">anfibios</instance>
         <wf lemma="." pos="X">.</wf>
      </sentence>
      <sentence id="d000.s050" source="wordnet-galician">
         <wf lemma="os" pos="X">os</wf>
         <wf lemma="seus" pos="X">seus</wf>
         <instance id="d000.s050.t000" lemma="outro" pos="ADJ">outros</instance>
         <wf lemma="libros" pos="X">libros</wf>
         <wf lemma="aínda" pos="X">aínda</wf>
         <wf lemma="están" pos="X">están</wf>
         <wf lemma="en" pos="X">en</wf>
         <wf lemma="auxe" pos="X">auxe</wf>
         <wf lemma="." pos="X">.</wf>
      </sentence>
      <sentence id="d000.s051" source="wordnet-galician">
         <wf lemma="a" pos="X">a</wf>
         <wf lemma="forza" pos="X">forza</wf>
         <instance id="d000.s051.t000" lemma="centrípeta" pos="ADJ">centrípeta</instance>
         <wf lemma="." pos="X">.</wf>
      </sentence>
      <sentence id="d000.s052" source="wordnet-galician">
         <wf lemma="unha" pos="X">unha</wf>
         <wf lemma="chegada" pos="X">chegada</wf>
         <instance id="d000.s052.t000" lemma="oportuno" pos="ADJ">oportuna</instance>
         <wf lemma="." pos="X">.</wf>
      </sentence>
      <sentence id="d000.s053" source="wordnet-galician">
         <wf lemma="foi" pos="X">foi</wf>
         <instance id="d000.s053.t000" lemma="lento" pos="ADJ">lento</instance>
         <wf lemma="reaccionando" pos="X">reaccionando</wf>
         <wf lemma="á" pos="X">á</wf>
         <wf lemma="noticia" pos="X">noticia</wf>
         <wf lemma="." pos="X">.</wf>
      </sentence>
      <sentence id="d000.s054" source="wordnet-galician">
         <wf lemma="as" pos="X">as</wf>
         <instance id="d000.s054.t000" lemma="base" pos="NOUN">bases</instance>
         <wf lemma="inclúen" pos="X">inclúen</wf>
         <wf lemma="óxidos" pos="X">óxidos</wf>
         <wf lemma="e" pos="X">e</wf>
         <wf lemma="hidróxidos" pos="X">hidróxidos</wf>
         <wf lemma="de" pos="X">de</wf>
         <wf lemma="metais" pos="X">metais</wf>
         <wf lemma="e" pos="X">e</wf>
         <wf lemma="amoníacos" pos="X">amoníacos</wf>
         <wf lemma="." pos="X">.</wf>
      </sentence>
      <sentence id="d000.s055" source="wordnet-galician">
         <wf lemma="estimulante" pos="X">estimulante</wf>
         <wf lemma="," pos="X">,</wf>
         <wf lemma="refrescante" pos="X">refrescante</wf>
         <wf lemma="e" pos="X">e</wf>
         <instance id="d000.s055.t000" lemma="inofensivo" pos="ADJ">inofensivo</instance>
         <wf lemma="." pos="X">.</wf>
      </sentence>
      <sentence id="d000.s056" source="wordnet-galician">
         <wf lemma="o" pos="X">o</wf>
         <wf lemma="que" pos="X">que</wf>
         <wf lemma="el" pos="X">el</wf>
         <wf lemma="di" pos="X">di</wf>
         <wf lemma="é" pos="X">é</wf>
         <wf lemma="simple" pos="X">simple</wf>
         <instance id="d000.s056.t000" lemma="retórico" pos="ADJ">retórica</instance>
         <wf lemma="." pos="X">.</wf>
      </sentence>
      <sentence id="d000.s057" source="wordnet-galician">
         <instance id="d000.s057.t000" lemma="escuro" pos="ADJ">escuro</instance>
         <wf lemma="como" pos="X">como</wf>
         <wf lemma="un" pos="X">un</wf>
         <wf lemma="gato" pos="X">gato</wf>
         <wf lemma="negro" pos="X">negro</wf>
         <wf lemma="." pos="X">.</wf>
      </sentence>
      <sentence id="d000.s058" source="wordnet-galician">
         <wf lemma="que" pos="X">que</wf>
         <wf lemma="cava" pos="X">cava</wf>
         <wf lemma="un" pos="X">un</wf>
         <wf lemma="pozo" pos="X">pozo</wf>
         <instance id="d000.s058.t000" lemma="exploratorio" pos="ADJ">exploratorio</instance>
         <wf lemma="no" pos="X">no</wf>
         <wf lemma="Golfo" pos="X">Golfo</wf>
         <wf lemma="de" pos="X">de</wf>
         <wf lemma="México" pos="X">México</wf>
         <wf lemma="." pos="X">.</wf>
      </sentence>
      <sentence id="d000.s059" source="wordnet-galician">
         <wf lemma="mantivo" pos="X">mantivo</wf>
         <wf lemma="o" pos="X">o</wf>
         <wf lemma="mariñeiro" pos="X">mariñeiro</wf>
         <wf lemma="borracho" pos="X">borracho</wf>
         <wf lemma="en" pos="X">en</wf>
         <wf lemma="custodia" pos="X">custodia</wf>
         <instance id="d000.s059.t000" lemma="preventivo" pos="ADJ">preventiva</instance>
         <wf lemma="." pos="X">.</wf>
      </sentence>
      <sentence id="d000.s060" source="wordnet-galician">
         <wf lemma="brisa" pos="X">brisa</wf>
         <instance id="d000.s060.t000" lemma="fresco" pos="ADJ">fresca</instance>
         <wf lemma="." pos="X">.</wf>
      </sentence>
      <sentence id="d000.s061" source="wordnet-galician">
         <wf lemma="agora" pos="X">agora</wf>
         <wf lemma="o" pos="X">o</wf>
         <wf lemma="meu" pos="X">meu</wf>
         <wf lemma="amigo" pos="X">amigo</wf>
         <instance id="d000.s061.t000" lemma="xurado" pos="ADJ">xurado</instance>
         <wf lemma="e" pos="X">e</wf>
         <wf lemma="despois" pos="X">despois</wf>
         <wf lemma="o" pos="X">o</wf>
         <wf lemma="meu" pos="X">meu</wf>
         <wf lemma="inimigo" pos="X">inimigo</wf>
         <wf lemma="(" pos="X">(</wf>
         <wf lemma="Shakespeare" pos="X">Shakespeare</wf>
         <wf lemma=")" pos="X">)</wf>
         <wf lemma="." pos="X">.</wf>
      </sentence>
      <sentence id="d000.s062" source="wordnet-galician">
         <wf lemma="terra" pos="X">terra</wf>
         <instance id="d000.s062.t000" lemma="ermo" pos="ADJ">erma</instance>
         <wf lemma="." pos="X">.</wf>
      </sentence>
      <sentence id="d000.s063" source="wordnet-galician">
         <wf lemma="facendo" pos="X">facendo</wf>
         <wf lemma="preguntas" pos="X">preguntas</wf>
         <instance id="d000.s063.t000" lemma="indirecto" pos="ADJ">indirectas</instance>
         <wf lemma="pero" pos="X">pero</wf>
         <wf lemma="lexítimas" pos="X">lexítimas</wf>
         <wf lemma="." pos="X">.</wf>
      </sentence>
      <sentence id="d000.s064" source="wordnet-galician">
         <wf lemma="calquera" pos="X">calquera</wf>
         <wf lemma="oposición" pos="X">oposición</wf>
         <wf lemma="eficaz" pos="X">eficaz</wf>
         <wf lemma="dun" pos="X">dun</wf>
         <wf lemma="réxime" pos="X">réxime</wf>
         <wf lemma="totalitario" pos="X">totalitario</wf>
         <wf lemma="debe" pos="X">debe</wf>
         <wf lemma="ser" pos="X">ser</wf>
         <wf lemma="secreta" pos="X">secreta</wf>
         <wf lemma="e" pos="X">e</wf>
         <instance id="d000.s064.t000" lemma="celular" pos="ADJ">celular</instance>
         <wf lemma="." pos="X">.</wf>
      </sentence>
      <sentence id="d000.s065" source="wordnet-galician">
         <wf lemma="persoa" pos="X">persoa</wf>
         <instance id="d000.s065.t000" lemma="violento" pos="ADJ">violenta</instance>
         <wf lemma="." pos="X">.</wf>
      </sentence>
      <sentence id="d000.s066" source="wordnet-galician">
         <wf lemma="século" pos="X">século</wf>
         <wf lemma="XVIII" pos="X">XVIII</wf>
         <instance id="d000.s066.t000" lemma="tardío" pos="ADJ">tardío</instance>
         <wf lemma="." pos="X">.</wf>
      </sentence>
      <sentence id="d000.s067" source="wordnet-galician">
         <wf lemma="caeu" pos="X">caeu</wf>
         <wf lemma="nun" pos="X">nun</wf>
         <wf lemma="sono" pos="X">sono</wf>
         <instance id="d000.s067.t000" lemma="perturbador" pos="ADJ">perturbador</instance>
         <wf lemma="." pos="X">.</wf>
      </sentence>
      <sentence id="d000.s068" source="wordnet-galician">
         <wf lemma="serra" pos="X">serra</wf>
         <instance id="d000.s068.t000" lemma="dentado" pos="ADJ">dentada</instance>
         <wf lemma="." pos="X">.</wf>
      </sentence>
      <sentence id="d000.s069" source="wordnet-galician">
         <wf lemma="tecidos" pos="X">tecidos</wf>
         <instance id="d000.s069.t000" lemma="brillante" pos="ADJ">brillantes</instance>
         <wf lemma="." pos="X">.</wf>
      </sentence>
      <sentence id="d000.s070" source="wordnet-galician">
         <wf lemma="mineral" pos="X">mineral</wf>
         <instance id="d000.s070.t000" lemma="bruto" pos="ADJ">bruto</instance>
         <wf lemma="." pos="X">.</wf>
      </sentence>
      <sentence id="d000.s071" source="wordnet-galician">
         <wf lemma="sentirse" pos="X">sentirse</wf>
         <instance id="d000.s071.t000" lemma="sexy" pos="ADJ">sexy</instance>
         <wf lemma="." pos="X">.</wf>
      </sentence>
      <sentence id="d000.s072" source="wordnet-galician">
         <wf lemma="leite" pos="X">leite</wf>
         <instance id="d000.s072.t000" lemma="desnatado" pos="ADJ">desnatado</instance>
         <wf lemma="ou" pos="X">ou</wf>
         <wf lemma="sen" pos="X">sen</wf>
         <wf lemma="graza" pos="X">graza</wf>
         <wf lemma="." pos="X">.</wf>
      </sentence>
      <sentence id="d000.s073" source="wordnet-galician">
         <wf lemma="o" pos="X">o</wf>
         <wf lemma="asasino" pos="X">asasino</wf>
         <wf lemma="está" pos="X">está</wf>
         <instance id="d000.s073.t000" lemma="presente" pos="ADJ">presente</instance>
         <wf lemma="nesta" pos="X">nesta</wf>
         <wf lemma="sala" pos="X">sala</wf>
         <wf lemma="." pos="X">.</wf>
      </sentence>
      <sentence id="d000.s074" source="wordnet-galician">
         <wf lemma="foi" pos="X">foi</wf>
         <instance id="d000.s074.t000" lemma="consciente" pos="ADJ">consciente</instance>
         <wf lemma="de" pos="X">de</wf>
         <wf lemma="que" pos="X">que</wf>
         <wf lemma="o" pos="X">o</wf>
         <wf lemma="estaban" pos="X">estaban</wf>
         <wf lemma="seguindo" pos="X">seguindo</wf>
         <wf lemma="." pos="X">.</wf>
      </sentence>
      <sentence id="d000.s075" source="wordnet-galician">
         <wf lemma="regra" pos="X">regra</wf>
         <instance id="d000.s075.t000" lemma="xeral" pos="ADJ">xeral</instance>
         <wf lemma="." pos="X">.</wf>
      </sentence>
      <sentence id="d000.s076" source="wordnet-galician">
         <wf lemma="sufrimento" pos="X">sufrimento</wf>
         <instance id="d000.s076.t000" lemma="físico" pos="ADJ">físico</instance>
         <wf lemma="." pos="X">.</wf>
      </sentence>
      <sentence id="d000.s077" source="wordnet-galician">
         <wf lemma="o" pos="X">o</wf>
         <wf lemma="día" pos="X">día</wf>
         <wf lemma="máis" pos="X">máis</wf>
         <wf lemma="esgotador" pos="X">esgotador</wf>
         <wf lemma="e" pos="X">e</wf>
         <instance id="d000.s077.t000" lemma="axitado" pos="ADJ">axitado</instance>
         <wf lemma="da" pos="X">da</wf>
         <wf lemma="miña" pos="X">miña</wf>
         <wf lemma="vida" pos="X">vida</wf>
         <wf lemma="." pos="X">.</wf>
      </sentence>
      <sentence id="d000.s078" source="wordnet-galician">
         <wf lemma="unha" pos="X">unha</wf>
         <wf lemma="selección" pos="X">selección</wf>
         <instance id="d000.s078.t000" lemma="aleatorio" pos="ADJ">aleatoria</instance>
         <wf lemma="." pos="X">.</wf>
      </sentence>
      <sentence id="d000.s079" source="wordnet-galician">
         <wf lemma="o" pos="X">o</wf>
         <wf lemma="réxime" pos="X">réxime</wf>
         <wf lemma="máis" pos="X">máis</wf>
         <instance id="d000.s079.t000" lemma="benfeitor" pos="ADJ">benfeitor</instance>
         <wf lemma="da" pos="X">da</wf>
         <wf lemma="historia" pos="X">historia</wf>
         <wf lemma="." pos="X">.</wf>
      </sentence>
      <sentence id="d000.s080" source="wordnet-galician">
         <wf lemma="A" pos="X">A</wf>
         <wf lemma="vida" pos="X">vida</wf>
         <wf lemma="é" pos="X">é</wf>
         <instance id="d000.s080.t000" lemma="real" pos="ADJ">real</instance>
         <wf lemma="!" pos="X">!</wf>
         <wf lemma="A" pos="X">A</wf>
         <wf lemma="vida" pos="X">vida</wf>
         <wf lemma="é" pos="X">é</wf>
         <wf lemma="seria!" pos="X">seria!</wf>
         <wf lemma="(" pos="X">(</wf>
         <wf lemma="Longfellow" pos="X">Longfellow</wf>
         <wf lemma=")" pos="X">)</wf>
         <wf lemma="." pos="X">.</wf>
      </sentence>
      <sentence id="d000.s081" source="wordnet-galician">
         <wf lemma="os" pos="X">os</wf>
         <wf lemma="zapatos" pos="X">zapatos</wf>
         <instance id="d000.s081.t000" lemma="desaxeitado" pos="ADJ">desaxeitados</instance>
         <wf lemma="para" pos="X">para</wf>
         <wf lemma="unha" pos="X">unha</wf>
         <wf lemma="andaina" pos="X">andaina</wf>
         <wf lemma="na" pos="X">na</wf>
         <wf lemma="praia" pos="X">praia</wf>
         <wf lemma="." pos="X">.</wf>
      </sentence>
      <sentence id="d000.s082" source="wordnet-galician">
         <wf lemma="un" pos="X">un</wf>
         <wf lemma="tarro" pos="X">tarro</wf>
         <instance id="d000.s082.t000" lemma="baleiro" pos="ADJ">baleiro</instance>
         <wf lemma="." pos="X">.</wf>
      </sentence>
      <sentence id="d000.s083" source="wordnet-galician">
         <wf lemma="as" pos="X">as</wf>
         <wf lemma="decisións" pos="X">decisións</wf>
         <wf lemma="..." pos="X">...</wf>
         <instance id="d000.s083.t000" lemma="apelable" pos="ADJ">apelables</instance>
         <wf lemma="para" pos="X">para</wf>
         <wf lemma="o" pos="X">o</wf>
         <wf lemma="xefe" pos="X">xefe</wf>
         <wf lemma="da" pos="X">da</wf>
         <wf lemma="axencia" pos="X">axencia</wf>
         <wf lemma="(" pos="X">(</wf>
         <wf lemma="New" pos="X">New</wf>
         <wf lemma="Republic" pos="X">Republic</wf>
         <wf lemma=")" pos="X">)</wf>
         <wf lemma="." pos="X">.</wf>
      </sentence>
      <sentence id="d000.s084" source="wordnet-galician">
         <wf lemma="estará" pos="X">estará</wf>
         <instance id="d000.s084.t000" lemma="seguro" pos="ADJ">seguro</instance>
         <wf lemma="aquí." pos="X">aquí.</wf>
      </sentence>
      <sentence id="d000.s085" source="wordnet-galician">
         <wf lemma="os" pos="X">os</wf>
         <wf lemma="faros" pos="X">faros</wf>
         <instance id="d000.s085.t000" lemma="brillante" pos="ADJ">brillantes</instance>
         <wf lemma="." pos="X">.</wf>
      </sentence>
      <sentence id="d000.s086" source="wordnet-galician">
         <instance id="d000.s086.t000" lemma="coidadoso" pos="ADJ">coidadoso</instance>
         <wf lemma="cos" pos="X">cos</wf>
         <wf lemma="dereitos" pos="X">dereitos</wf>
         <wf lemma="dos" pos="X">dos</wf>
         <wf lemma="demais" pos="X">demais</wf>
         <wf lemma="." pos="X">.</wf>
      </sentence>
      <sentence id="d000.s087" source="wordnet-galician">
         <wf lemma="unha" pos="X">unha</wf>
         <wf lemma="avaliación" pos="X">avaliación</wf>
         <instance id="d000.s087.t000" lemma="imparcial" pos="ADJ">imparcial</instance>
         <wf lemma="dos" pos="X">dos</wf>
         <wf lemma="pros" pos="X">pros</wf>
         <wf lemma="e" pos="X">e</wf>
         <wf lemma="dos" pos="X">dos</wf>
         <wf lemma="contras" pos="X">contras</wf>
         <wf lemma="." pos="X">.</wf>
      </sentence>
      <sentence id="d000.s088" source="wordnet-galician">
         <wf lemma="unha" pos="X">unha</wf>
         <wf lemma="sopa" pos="X">sopa</wf>
         <instance id="d000.s088.t000" lemma="raro" pos="ADJ">rara</instance>
         <wf lemma="." pos="X">.</wf>
      </sentence>
      <sentence id="d000.s089" source="wordnet-galician">
         <wf lemma="a" pos="X">a</wf>
         <wf lemma="luz" pos="X">luz</wf>
         <instance id="d000.s089.t000" lemma="policromático" pos="ADJ">policromática</instance>
         <wf lemma="." pos="X">.</wf>
      </sentence>
      <sentence id="d000.s090" source="wordnet-galician">
         <wf lemma="unha" pos="X">unha</wf>
         <wf lemma="travesía" pos="X">travesía</wf>
         <instance id="d000.s090.t000" lemma="elevado" pos="ADJ">elevada</instance>
         <wf lemma="." pos="X">.</wf>
      </sentence>
      <sentence id="d000.s091" source="wordnet-galician">
         <wf lemma="un" pos="X">un</wf>
         <wf lemma="estado" pos="X">estado</wf>
         <instance id="d000.s091.t000" lemma="insolvente" pos="ADJ">insolvente</instance>
         <wf lemma="." pos="X">.</wf>
      </sentence>
      <sentence id="d000.s092" source="wordnet-galician">
         <wf lemma="observacións" pos="X">observacións</wf>
         <instance id="d000.s092.t000" lemma="irrespectuoso" pos="ADJ">irrespectuosas</instance>
         <wf lemma="coa" pos="X">coa</wf>
         <wf lemma="lei." pos="X">lei.</wf>
      </sentence>
      <sentence id="d000.s093" source="wordnet-galician">
         <wf lemma="os" pos="X">os</wf>
         <wf lemma="animais" pos="X">animais</wf>
         <instance id="d000.s093.t000" lemma="diúrno" pos="ADJ">diúrnos</instance>
         <wf lemma="están" pos="X">están</wf>
         <wf lemma="activos" pos="X">activos</wf>
         <wf lemma="durante" pos="X">durante</wf>
         <wf lemma="o" pos="X">o</wf>
         <wf lemma="día" pos="X">día</wf>
         <wf lemma="." pos="X">.</wf>
      </sentence>
      <sentence id="d000.s094" source="wordnet-galician">
         <wf lemma="unha" pos="X">unha</wf>
         <wf lemma="comida" pos="X">comida</wf>
         <instance id="d000.s094.t000" lemma="desagradable" pos="ADJ">desagradable</instance>
         <wf lemma="." pos="X">.</wf>
      </sentence>
      <sentence id="d000.s095" source="wordnet-galician">
         <wf lemma="condicións" pos="X">condicións</wf>
         <instance id="d000.s095.t000" lemma="modificábel" pos="ADJ">modificábeis</instance>
         <wf lemma="do" pos="X">do</wf>
         <wf lemma="emprego" pos="X">emprego</wf>
         <wf lemma="." pos="X">.</wf>
      </sentence>
      <sentence id="d000.s096" source="wordnet-galician">
         <wf lemma="unha" pos="X">unha</wf>
         <wf lemma="mente" pos="X">mente</wf>
         <instance id="d000.s096.t000" lemma="inquisitivo" pos="ADJ">inquisitiva</instance>
         <wf lemma="." pos="X">.</wf>
      </sentence>
      <sentence id="d000.s097" source="wordnet-galician">
         <wf lemma="un" pos="X">un</wf>
         <wf lemma="testemuño" pos="X">testemuño</wf>
         <instance id="d000.s097.t000" lemma="competente" pos="ADJ">competente</instance>
         <wf lemma="." pos="X">.</wf>
      </sentence>
      <sentence id="d000.s098" source="wordnet-galician">
         <wf lemma="unha" pos="X">unha</wf>
         <wf lemma="negativa" pos="X">negativa</wf>
         <instance id="d000.s098.t000" lemma="incondicional" pos="ADJ">incondicional</instance>
         <wf lemma="." pos="X">.</wf>
      </sentence>
      <sentence id="d000.s099" source="wordnet-galician">
         <wf lemma="o" pos="X">o</wf>
         <wf lemma="solo" pos="X">solo</wf>
         <instance id="d000.s099.t000" lemma="compacto" pos="ADJ">compacto</instance>
         <wf lemma="." pos="X">.</wf>
      </sentence>
      <sentence id="d000.s100" source="wordnet-galician">
         <wf lemma="un" pos="X">un</wf>
         <wf lemma="vaso" pos="X">vaso</wf>
         <instance id="d000.s100.t000" lemma="completo" pos="ADJ">completo</instance>
         <wf lemma="." pos="X">.</wf>
      </sentence>
      <sentence id="d000.s101" source="wordnet-galician">
         <wf lemma="un" pos="X">un</wf>
         <wf lemma="revés" pos="X">revés</wf>
         <instance id="d000.s101.t000" lemma="remediable" pos="ADJ">remediable</instance>
         <wf lemma="." pos="X">.</wf>
      </sentence>
      <sentence id="d000.s102" source="wordnet-galician">
         <wf lemma="un" pos="X">un</wf>
         <wf lemma="arquitecto" pos="X">arquitecto</wf>
         <instance id="d000.s102.t000" lemma="exitoso" pos="ADJ">exitoso</instance>
         <wf lemma="." pos="X">.</wf>
      </sentence>
      <sentence id="d000.s103" source="wordnet-galician">
         <wf lemma="drama" pos="X">drama</wf>
         <instance id="d000.s103.t000" lemma="secular" pos="ADJ">secular</instance>
         <wf lemma="." pos="X">.</wf>
      </sentence>
      <sentence id="d000.s104" source="wordnet-galician">
         <wf lemma="sentiu" pos="X">sentiu</wf>
         <wf lemma="coma" pos="X">coma</wf>
         <wf lemma="se" pos="X">se</wf>
         <wf lemma="o" pos="X">o</wf>
         <wf lemma="seu" pos="X">seu</wf>
         <instance id="d000.s104.t000" lemma="corpo" pos="NOUN">corpo</instance>
         <wf lemma="enteiro" pos="X">enteiro</wf>
         <wf lemma="estivese" pos="X">estivese</wf>
         <wf lemma="en" pos="X">en</wf>
         <wf lemma="chamas" pos="X">chamas</wf>
         <wf lemma="." pos="X">.</wf>
      </sentence>
      <sentence id="d000.s105" source="wordnet-galician">
         <wf lemma="os" pos="X">os</wf>
         <wf lemma="nenos" pos="X">nenos</wf>
         <wf lemma="con" pos="X">con</wf>
         <wf lemma="rostros" pos="X">rostros</wf>
         <instance id="d000.s105.t000" lemma="limpo" pos="ADJ">limpos</instance>
         <wf lemma="e" pos="X">e</wf>
         <wf lemma="brillantes" pos="X">brillantes</wf>
         <wf lemma="." pos="X">.</wf>
      </sentence>
      <sentence id="d000.s106" source="wordnet-galician">
         <wf lemma="excepcionalmente" pos="X">excepcionalmente</wf>
         <instance id="d000.s106.t000" lemma="xeneroso" pos="ADJ">xeneroso</instance>
         <wf lemma="no" pos="X">no</wf>
         <wf lemma="seu" pos="X">seu</wf>
         <wf lemma="xuízo" pos="X">xuízo</wf>
         <wf lemma="das" pos="X">das</wf>
         <wf lemma="persoas" pos="X">persoas</wf>
         <wf lemma="." pos="X">.</wf>
      </sentence>
      <sentence id="d000.s107" source="wordnet-galician">
         <wf lemma="o" pos="X">o</wf>
         <wf lemma="unicornio" pos="X">unicornio</wf>
         <wf lemma="é" pos="X">é</wf>
         <wf lemma="un" pos="X">un</wf>
         <wf lemma="mítico" pos="X">mítico</wf>
         <wf lemma="animal" pos="X">animal</wf>
         <instance id="d000.s107.t000" lemma="cornudo" pos="ADJ">cornudo</instance>
         <wf lemma="." pos="X">.</wf>
      </sentence>
      <sentence id="d000.s108" source="wordnet-galician">
         <wf lemma="fundación" pos="X">fundación</wf>
         <instance id="d000.s108.t000" lemma="caritativo" pos="ADJ">caritativa</instance>
         <wf lemma="." pos="X">.</wf>
      </sentence>
      <sentence id="d000.s109" source="wordnet-galician">
         <wf lemma="crema" pos="X">crema</wf>
         <instance id="d000.s109.t000" lemma="espeso" pos="ADJ">espesa</instance>
         <wf lemma="." pos="X">.</wf>
      </sentence>
      <sentence id="d000.s110" source="wordnet-galician">
         <wf lemma="interferencia" pos="X">interferencia</wf>
         <instance id="d000.s110.t000" lemma="proactivo" pos="ADJ">proactiva</instance>
         <wf lemma="." pos="X">.</wf>
      </sentence>
      <sentence id="d000.s111" source="wordnet-galician">
         <wf lemma="foi" pos="X">foi</wf>
         <wf lemma="obrigado" pos="X">obrigado</wf>
         <wf lemma="a" pos="X">a</wf>
         <wf lemma="falar" pos="X">falar</wf>
         <wf lemma="coa" pos="X">coa</wf>
         <wf lemma="súa" pos="X">súa</wf>
         <wf lemma="especialmente" pos="X">especialmente</wf>
         <instance id="d000.s111.t000" lemma="desagradable" pos="ADJ">desagradable</instance>
         <wf lemma="anfitrioa" pos="X">anfitrioa</wf>
         <wf lemma="." pos="X">.</wf>
      </sentence>
      <sentence id="d000.s112" source="wordnet-galician">
         <wf lemma="un" pos="X">un</wf>
         <wf lemma="produto" pos="X">produto</wf>
         <instance id="d000.s112.t000" lemma="vendible" pos="ADJ">vendible</instance>
         <wf lemma="a" pos="X">a</wf>
         <wf lemma="un" pos="X">un</wf>
         <wf lemma="prezo" pos="X">prezo</wf>
         <wf lemma="baixo" pos="X">baixo</wf>
         <wf lemma="." pos="X">.</wf>
      </sentence>
      <sentence id="d000.s113" source="wordnet-galician">
         <wf lemma="un" pos="X">un</wf>
         <wf lemma="mozo" pos="X">mozo</wf>
         <instance id="d000.s113.t000" lemma="impresionable" pos="ADJ">impresionable</instance>
         <wf lemma="." pos="X">.</wf>
      </sentence>
      <sentence id="d000.s114" source="wordnet-galician">
         <wf lemma="acusado" pos="X">acusado</wf>
         <wf lemma="de" pos="X">de</wf>
         <wf lemma="usar" pos="X">usar</wf>
         <wf lemma="unha" pos="X">unha</wf>
         <wf lemma="forza" pos="X">forza</wf>
         <instance id="d000.s114.t000" lemma="indebido" pos="ADJ">indebida</instance>
         <wf lemma="." pos="X">.</wf>
      </sentence>
      <sentence id="d000.s115" source="wordnet-galician">
         <wf lemma="moi" pos="X">moi</wf>
         <wf lemma="pouca" pos="X">pouca</wf>
         <wf lemma="renda" pos="X">renda</wf>
         <wf lemma="é" pos="X">é</wf>
         <instance id="d000.s115.t000" lemma="indeclarable" pos="ADJ">indeclarable</instance>
         <wf lemma="." pos="X">.</wf>
      </sentence>
      <sentence id="d000.s116" source="wordnet-galician">
         <wf lemma="os" pos="X">os</wf>
         <wf lemma="recursos" pos="X">recursos</wf>
         <wf lemma="do" pos="X">do</wf>
         <wf lemma="ordenador" pos="X">ordenador</wf>
         <wf lemma="coa" pos="X">coa</wf>
         <wf lemma="súa" pos="X">súa</wf>
         <wf lemma="lóxica" pos="X">lóxica</wf>
         <wf lemma="e" pos="X">e</wf>
         <wf lemma="eficiencia" pos="X">eficiencia</wf>
         <instance id="d000.s116.t000" lemma="inigualable" pos="ADJ">inigualable</instance>
         <wf lemma="." pos="X">.</wf>
      </sentence>
      <sentence id="d000.s117" source="wordnet-galician">
         <wf lemma="o" pos="X">o</wf>
         <wf lemma="ben" pos="X">ben</wf>
         <instance id="d000.s117.t000" lemma="público" pos="ADJ">público</instance>
         <wf lemma="." pos="X">.</wf>
      </sentence>
      <sentence id="d000.s118" source="wordnet-galician">
         <wf lemma="pintura" pos="X">pintura</wf>
         <instance id="d000.s118.t000" lemma="seco" pos="ADJ">seca</instance>
         <wf lemma="." pos="X">.</wf>
      </sentence>
      <sentence id="d000.s119" source="wordnet-galician">
         <wf lemma="foi" pos="X">foi</wf>
         <instance id="d000.s119.t000" lemma="discreto" pos="ADJ">discreto</instance>
         <wf lemma="abondo" pos="X">abondo</wf>
         <wf lemma="para" pos="X">para</wf>
         <wf lemma="non" pos="X">non</wf>
         <wf lemma="estragarlle" pos="X">estragarlle</wf>
         <wf lemma="a" pos="X">a</wf>
         <wf lemma="ilusión" pos="X">ilusión</wf>
         <wf lemma="." pos="X">.</wf>
      </sentence>
      <sentence id="d000.s120" source="wordnet-galician">
         <wf lemma="unha" pos="X">unha</wf>
         <wf lemma="blusa" pos="X">blusa</wf>
         <wf lemma="de" pos="X">de</wf>
         <wf lemma="seda" pos="X">seda</wf>
         <instance id="d000.s120.t000" lemma="fino" pos="ADJ">fina</instance>
         <wf lemma="." pos="X">.</wf>
      </sentence>
      <sentence id="d000.s121" source="wordnet-galician">
         <wf lemma="as" pos="X">as</wf>
         <instance id="d000.s121.t000" lemma="mesmo" pos="ADJ">mesmas</instance>
         <wf lemma="regras" pos="X">regras</wf>
         <wf lemma="de" pos="X">de</wf>
         <wf lemma="antes" pos="X">antes</wf>
         <wf lemma="." pos="X">.</wf>
      </sentence>
      <sentence id="d000.s122" source="wordnet-galician">
         <wf lemma="un" pos="X">un</wf>
         <wf lemma="apetito" pos="X">apetito</wf>
         <instance id="d000.s122.t000" lemma="insaciábel" pos="ADJ">insaciábel</instance>
         <wf lemma="." pos="X">.</wf>
      </sentence>
      <sentence id="d000.s123" source="wordnet-galician">
         <wf lemma="nenos" pos="X">nenos</wf>
         <instance id="d000.s123.t000" lemma="insubordinado" pos="ADJ">insubordinados</instance>
         <wf lemma="." pos="X">.</wf>
      </sentence>
      <sentence id="d000.s124" source="wordnet-galician">
         <wf lemma="batia" pos="X">batia</wf>
         <wf lemma="no" pos="X">no</wf>
         <instance id="d000.s124.t000" lemma="peito" pos="NOUN">peito</instance>
         <wf lemma="con" pos="X">con</wf>
         <wf lemma="rabia" pos="X">rabia</wf>
         <wf lemma="." pos="X">.</wf>
      </sentence>
      <sentence id="d000.s125" source="wordnet-galician">
         <wf lemma="alimentos" pos="X">alimentos</wf>
         <instance id="d000.s125.t000" lemma="perecedoiro" pos="ADJ">perecedoiros</instance>
         <wf lemma="como" pos="X">como</wf>
         <wf lemma="a" pos="X">a</wf>
         <wf lemma="manteiga" pos="X">manteiga</wf>
         <wf lemma="e" pos="X">e</wf>
         <wf lemma="as" pos="X">as</wf>
         <wf lemma="froitas" pos="X">froitas</wf>
         <wf lemma="." pos="X">.</wf>
      </sentence>
      <sentence id="d000.s126" source="wordnet-galician">
         <wf lemma="os" pos="X">os</wf>
         <wf lemma="títulos" pos="X">títulos</wf>
         <instance id="d000.s126.t000" lemma="convertible" pos="ADJ">convertibles</instance>
         <wf lemma="." pos="X">.</wf>
      </sentence>
      <sentence id="d000.s127" source="wordnet-galician">
         <wf lemma="faga" pos="X">faga</wf>
         <wf lemma="o" pos="X">o</wf>
         <wf lemma="que" pos="X">que</wf>
         <wf lemma="é" pos="X">é</wf>
         <instance id="d000.s127.t000" lemma="correcto" pos="ADJ">correcto</instance>
         <wf lemma="e" pos="X">e</wf>
         <wf lemma="conféseo" pos="X">conféseo</wf>
         <wf lemma="." pos="X">.</wf>
      </sentence>
      <sentence id="d000.s128" source="wordnet-galician">
         <wf lemma="un" pos="X">un</wf>
         <wf lemma="corte" pos="X">corte</wf>
         <instance id="d000.s128.t000" lemma="malo" pos="ADJ">malo</instance>
         <wf lemma="." pos="X">.</wf>
      </sentence>
      <sentence id="d000.s129" source="wordnet-galician">
         <wf lemma="os" pos="X">os</wf>
         <wf lemma="receptores" pos="X">receptores</wf>
         <wf lemma="de" pos="X">de</wf>
         <wf lemma="presión" pos="X">presión</wf>
         <instance id="d000.s129.t000" lemma="profundo" pos="ADJ">profunda</instance>
         <wf lemma="nos" pos="X">nos</wf>
         <wf lemma="músculos" pos="X">músculos</wf>
         <wf lemma="." pos="X">.</wf>
      </sentence>
      <sentence id="d000.s130" source="wordnet-galician">
         <wf lemma="un" pos="X">un</wf>
         <wf lemma="problema" pos="X">problema</wf>
         <instance id="d000.s130.t000" lemma="técnico" pos="ADJ">técnico</instance>
         <wf lemma="." pos="X">.</wf>
      </sentence>
      <sentence id="d000.s131" source="wordnet-galician">
         <wf lemma="conversas" pos="X">conversas</wf>
         <instance id="d000.s131.t000" lemma="exploratorio" pos="ADJ">exploratorias</instance>
         <wf lemma="entre" pos="X">entre</wf>
         <wf lemma="diplomáticos" pos="X">diplomáticos</wf>
         <wf lemma="." pos="X">.</wf>
      </sentence>
      <sentence id="d000.s132" source="wordnet-galician">
         <wf lemma="fillos" pos="X">fillos</wf>
         <instance id="d000.s132.t000" lemma="desobediente" pos="ADJ">desobedientes</instance>
         <wf lemma="." pos="X">.</wf>
      </sentence>
      <sentence id="d000.s133" source="wordnet-galician">
         <wf lemma="entrevistas" pos="X">entrevistas</wf>
         <instance id="d000.s133.t000" lemma="improvisado" pos="ADJ">improvisadas</instance>
         <wf lemma="." pos="X">.</wf>
      </sentence>
      <sentence id="d000.s134" source="wordnet-galician">
         <wf lemma="domicilio" pos="X">domicilio</wf>
         <instance id="d000.s134.t000" lemma="permanente" pos="ADJ">permanente</instance>
         <wf lemma="." pos="X">.</wf>
      </sentence>
      <sentence id="d000.s135" source="wordnet-galician">
         <wf lemma="a" pos="X">a</wf>
         <wf lemma="cousa" pos="X">cousa</wf>
         <wf lemma="máis" pos="X">máis</wf>
         <instance id="d000.s135.t000" lemma="incomprensible" pos="ADJ">incomprensible</instance>
         <wf lemma="sobre" pos="X">sobre</wf>
         <wf lemma="o" pos="X">o</wf>
         <wf lemma="universo" pos="X">universo</wf>
         <wf lemma="é" pos="X">é</wf>
         <wf lemma="que" pos="X">que</wf>
         <wf lemma="é" pos="X">é</wf>
         <wf lemma="comprensible" pos="X">comprensible</wf>
         <wf lemma="(" pos="X">(</wf>
         <wf lemma="A." pos="X">A.</wf>
         <wf lemma="Einstein" pos="X">Einstein</wf>
         <wf lemma=")" pos="X">)</wf>
         <wf lemma="." pos="X">.</wf>
      </sentence>
      <sentence id="d000.s136" source="wordnet-galician">
         <wf lemma="líder" pos="X">líder</wf>
         <instance id="d000.s136.t000" lemma="sabio" pos="ADJ">sabio</instance>
         <wf lemma="." pos="X">.</wf>
      </sentence>
      <sentence id="d000.s137" source="wordnet-galician">
         <wf lemma="unha" pos="X">unha</wf>
         <wf lemma="causa" pos="X">causa</wf>
         <instance id="d000.s137.t000" lemma="digno" pos="ADJ">digna</instance>
         <wf lemma="." pos="X">.</wf>
      </sentence>
      <sentence id="d000.s138" source="wordnet-galician">
         <wf lemma="gran" pos="X">gran</wf>
         <wf lemma="parte" pos="X">parte</wf>
         <wf lemma="da" pos="X">da</wf>
         <wf lemma="benevolencia" pos="X">benevolencia</wf>
         <wf lemma="da" pos="X">da</wf>
         <wf lemma="orde" pos="X">orde</wf>
         <instance id="d000.s138.t000" lemma="pasivo" pos="ADJ">pasiva</instance>
         <wf lemma="pode" pos="X">pode</wf>
         <wf lemma="atribuírse" pos="X">atribuírse</wf>
         <wf lemma="a" pos="X">a</wf>
         <wf lemma="unha" pos="X">unha</wf>
         <wf lemma="falta" pos="X">falta</wf>
         <wf lemma="de" pos="X">de</wf>
         <wf lemma="inclinación" pos="X">inclinación</wf>
         <wf lemma="a" pos="X">a</wf>
         <wf lemma="infrinxir" pos="X">infrinxir</wf>
         <wf lemma="dor" pos="X">dor</wf>
         <wf lemma="a" pos="X">a</wf>
         <wf lemma="si" pos="X">si</wf>
         <wf lemma="mesmo" pos="X">mesmo</wf>
         <wf lemma="(" pos="X">(</wf>
         <wf lemma="George" pos="X">George</wf>
         <wf lemma="Meredith" pos="X">Meredith</wf>
         <wf lemma=")" pos="X">)</wf>
         <wf lemma="." pos="X">.</wf>
      </sentence>
      <sentence id="d000.s139" source="wordnet-galician">
         <wf lemma="as" pos="X">as</wf>
         <wf lemma="mentes" pos="X">mentes</wf>
         <wf lemma="da" pos="X">da</wf>
         <wf lemma="xente" pos="X">xente</wf>
         <wf lemma="nova" pos="X">nova</wf>
         <wf lemma="son" pos="X">son</wf>
         <instance id="d000.s139.t000" lemma="manexable" pos="ADJ">manexables</instance>
         <wf lemma="." pos="X">.</wf>
      </sentence>
      <sentence id="d000.s140" source="wordnet-galician">
         <wf lemma="unha" pos="X">unha</wf>
         <wf lemma="dedución" pos="X">dedución</wf>
         <wf lemma="fiscal" pos="X">fiscal</wf>
         <instance id="d000.s140.t000" lemma="permisible" pos="ADJ">permisible</instance>
         <wf lemma="." pos="X">.</wf>
      </sentence>
      <sentence id="d000.s141" source="wordnet-galician">
         <wf lemma="unha" pos="X">unha</wf>
         <wf lemma="sala" pos="X">sala</wf>
         <instance id="d000.s141.t000" lemma="fresco" pos="ADJ">fresca</instance>
         <wf lemma="." pos="X">.</wf>
      </sentence>
      <sentence id="d000.s142" source="wordnet-galician">
         <wf lemma="un" pos="X">un</wf>
         <wf lemma="mar" pos="X">mar</wf>
         <wf lemma="ancho" pos="X">ancho</wf>
         <wf lemma="e" pos="X">e</wf>
         <instance id="d000.s142.t000" lemma="tempestuoso" pos="ADJ">tempestuoso</instance>
         <wf lemma="." pos="X">.</wf>
      </sentence>
      <sentence id="d000.s143" source="wordnet-galician">
         <wf lemma="un" pos="X">un</wf>
         <wf lemma="conxunto" pos="X">conxunto</wf>
         <instance id="d000.s143.t000" lemma="completo" pos="ADJ">completo</instance>
         <wf lemma="de" pos="X">de</wf>
         <wf lemma="porcelana" pos="X">porcelana</wf>
         <wf lemma="." pos="X">.</wf>
      </sentence>
      <sentence id="d000.s144" source="wordnet-galician">
         <wf lemma="néboa" pos="X">néboa</wf>
         <instance id="d000.s144.t000" lemma="espeso" pos="ADJ">espesa</instance>
         <wf lemma="." pos="X">.</wf>
      </sentence>
      <sentence id="d000.s145" source="wordnet-galician">
         <wf lemma="un" pos="X">un</wf>
         <wf lemma="vaso" pos="X">vaso</wf>
         <instance id="d000.s145.t000" lemma="baleiro" pos="ADJ">baleiro</instance>
         <wf lemma="." pos="X">.</wf>
      </sentence>
      <sentence id="d000.s146" source="wordnet-galician">
         <wf lemma="teñen" pos="X">teñen</wf>
         <instance id="d000.s146.t000" lemma="algún" pos="ADJ">algún</instance>
         <wf lemma="cartón" pos="X">cartón</wf>
         <wf lemma="de" pos="X">de</wf>
         <wf lemma="leite" pos="X">leite</wf>
         <wf lemma="." pos="X">.</wf>
      </sentence>
      <sentence id="d000.s147" source="wordnet-galician">
         <wf lemma="a" pos="X">a</wf>
         <wf lemma="quinina" pos="X">quinina</wf>
         <wf lemma="é" pos="X">é</wf>
         <wf lemma="altamente" pos="X">altamente</wf>
         <instance id="d000.s147.t000" lemma="específico" pos="ADJ">específica</instance>
         <wf lemma="para" pos="X">para</wf>
         <wf lemma="a" pos="X">a</wf>
         <wf lemma="malaria" pos="X">malaria</wf>
         <wf lemma="." pos="X">.</wf>
      </sentence>
      <sentence id="d000.s148" source="wordnet-galician">
         <wf lemma="hai" pos="X">hai</wf>
         <wf lemma="moita" pos="X">moita</wf>
         <wf lemma="información" pos="X">información</wf>
         <instance id="d000.s148.t000" lemma="dispoñible" pos="ADJ">dispoñible</instance>
         <wf lemma="a" pos="X">a</wf>
         <wf lemma="través" pos="X">través</wf>
         <wf lemma="dos" pos="X">dos</wf>
         <wf lemma="ordenadores" pos="X">ordenadores</wf>
         <wf lemma="." pos="X">.</wf>
      </sentence>
      <sentence id="d000.s149" source="wordnet-galician">
         <wf lemma="sentiu" pos="X">sentiu</wf>
         <wf lemma="un" pos="X">un</wf>
         <wf lemma="arrepentimento" pos="X">arrepentimento</wf>
         <instance id="d000.s149.t000" lemma="sincero" pos="ADJ">sincero</instance>
         <wf lemma="cando" pos="X">cando</wf>
         <wf lemma="estaban" pos="X">estaban</wf>
         <wf lemma="saíndo" pos="X">saíndo</wf>
         <wf lemma="." pos="X">.</wf>
      </sentence>
      <sentence id="d000.s150" source="wordnet-galician">
         <wf lemma="a" pos="X">a</wf>
         <wf lemma="cuncha" pos="X">cuncha</wf>
         <wf lemma="dos" pos="X">dos</wf>
         <wf lemma="percebes" pos="X">percebes</wf>
         <instance id="d000.s150.t000" lemma="sésil" pos="ADJ">sésiles</instance>
         <wf lemma="está" pos="X">está</wf>
         <wf lemma="conectada" pos="X">conectada</wf>
         <wf lemma="directamente" pos="X">directamente</wf>
         <wf lemma="a" pos="X">a</wf>
         <wf lemma="un" pos="X">un</wf>
         <wf lemma="substrato" pos="X">substrato</wf>
         <wf lemma="." pos="X">.</wf>
      </sentence>
      <sentence id="d000.s151" source="wordnet-galician">
         <wf lemma="os" pos="X">os</wf>
         <wf lemma="animais" pos="X">animais</wf>
         <wf lemma="mariños" pos="X">mariños</wf>
         <wf lemma="e" pos="X">e</wf>
         <wf lemma="as" pos="X">as</wf>
         <wf lemma="plantas" pos="X">plantas</wf>
         <instance id="d000.s151.t000" lemma="sésil" pos="ADJ">sésiles</instance>
         <wf lemma="." pos="X">.</wf>
      </sentence>
      <sentence id="d000.s152" source="wordnet-galician">
         <wf lemma="materiais" pos="X">materiais</wf>
         <wf lemma="do" pos="X">do</wf>
         <instance id="d000.s152.t000" lemma="subsolo" pos="ADJ">subsolo</instance>
         <wf lemma="da" pos="X">da</wf>
         <wf lemma="lúa" pos="X">lúa</wf>
         <wf lemma="." pos="X">.</wf>
      </sentence>
      <sentence id="d000.s153" source="wordnet-galician">
         <wf lemma="os" pos="X">os</wf>
         <wf lemma="volcáns" pos="X">volcáns</wf>
         <instance id="d000.s153.t000" lemma="activo" pos="ADJ">activos</instance>
         <wf lemma="." pos="X">.</wf>
      </sentence>
      <sentence id="d000.s154" source="wordnet-galician">
         <wf lemma="equipos" pos="X">equipos</wf>
         <instance id="d000.s154.t000" lemma="útil" pos="ADJ">útiles</instance>
         <wf lemma="." pos="X">.</wf>
      </sentence>
      <sentence id="d000.s155" source="wordnet-galician">
         <wf lemma="rico" pos="X">rico</wf>
         <wf lemma="solo" pos="X">solo</wf>
         <instance id="d000.s155.t000" lemma="negro" pos="ADJ">negro</instance>
         <wf lemma="." pos="X">.</wf>
      </sentence>
      <sentence id="d000.s156" source="wordnet-galician">
         <wf lemma="un" pos="X">un</wf>
         <wf lemma="can" pos="X">can</wf>
         <wf lemma="pequeno" pos="X">pequeno</wf>
         <wf lemma="e" pos="X">e</wf>
         <instance id="d000.s156.t000" lemma="ruidoso" pos="ADJ">ruidoso</instance>
         <wf lemma="." pos="X">.</wf>
      </sentence>
      <sentence id="d000.s157" source="wordnet-galician">
         <wf lemma="pedra" pos="X">pedra</wf>
         <instance id="d000.s157.t000" lemma="permeable" pos="ADJ">permeable</instance>
         <wf lemma="á" pos="X">á</wf>
         <wf lemma="auga" pos="X">auga</wf>
         <wf lemma="." pos="X">.</wf>
      </sentence>
      <sentence id="d000.s158" source="wordnet-galician">
         <wf lemma="as" pos="X">as</wf>
         <wf lemma="visións" pos="X">visións</wf>
         <instance id="d000.s158.t000" lemma="discordante" pos="ADJ">discordantes</instance>
         <wf lemma="coas" pos="X">coas</wf>
         <wf lemma="ideas" pos="X">ideas</wf>
         <wf lemma="de" pos="X">de</wf>
         <wf lemma="hoxe" pos="X">hoxe</wf>
         <wf lemma="." pos="X">.</wf>
      </sentence>
      <sentence id="d000.s159" source="wordnet-galician">
         <wf lemma="o" pos="X">o</wf>
         <wf lemma="veleno" pos="X">veleno</wf>
         <wf lemma="libérase" pos="X">libérase</wf>
         <wf lemma="a" pos="X">a</wf>
         <wf lemma="través" pos="X">través</wf>
         <wf lemma="dunha" pos="X">dunha</wf>
         <instance id="d000.s159.t000" lemma="canle" pos="NOUN">canle</instance>
         <wf lemma="en" pos="X">en</wf>
         <wf lemma="forma" pos="X">forma</wf>
         <wf lemma="de" pos="X">de</wf>
         <wf lemma="dentes" pos="X">dentes</wf>
         <wf lemma="de" pos="X">de</wf>
         <wf lemma="serpe" pos="X">serpe</wf>
         <wf lemma="." pos="X">.</wf>
      </sentence>
      <sentence id="d000.s160" source="wordnet-galician">
         <wf lemma="unha" pos="X">unha</wf>
         <wf lemma="colaboración" pos="X">colaboración</wf>
         <instance id="d000.s160.t000" lemma="produtivo" pos="ADJ">produtiva</instance>
         <wf lemma="." pos="X">.</wf>
      </sentence>
      <sentence id="d000.s161" source="wordnet-galician">
         <wf lemma="un" pos="X">un</wf>
         <instance id="d000.s161.t000" lemma="rico" pos="ADJ">rico</instance>
         <wf lemma="filón" pos="X">filón</wf>
         <wf lemma="de" pos="X">de</wf>
         <wf lemma="cobre" pos="X">cobre</wf>
         <wf lemma="." pos="X">.</wf>
      </sentence>
      <sentence id="d000.s162" source="wordnet-galician">
         <wf lemma="foi" pos="X">foi</wf>
         <wf lemma="un" pos="X">un</wf>
         <wf lemma="traballo" pos="X">traballo</wf>
         <instance id="d000.s162.t000" lemma="considerable" pos="ADJ">considerable</instance>
         <wf lemma="para" pos="X">para</wf>
         <wf lemma="nós" pos="X">nós</wf>
         <wf lemma="." pos="X">.</wf>
      </sentence>
      <sentence id="d000.s163" source="wordnet-galician">
         <wf lemma="a" pos="X">a</wf>
         <wf lemma="cerámica" pos="X">cerámica</wf>
         <wf lemma="de" pos="X">de</wf>
         <wf lemma="barro" pos="X">barro</wf>
         <wf lemma="é" pos="X">é</wf>
         <instance id="d000.s163.t000" lemma="fráxil" pos="ADJ">fráxil</instance>
         <wf lemma="." pos="X">.</wf>
      </sentence>
      <sentence id="d000.s164" source="wordnet-galician">
         <wf lemma="amplificador" pos="X">amplificador</wf>
         <instance id="d000.s164.t000" lemma="lineal" pos="ADJ">lineal</instance>
         <wf lemma="." pos="X">.</wf>
      </sentence>
      <sentence id="d000.s165" source="wordnet-galician">
         <wf lemma="unha" pos="X">unha</wf>
         <wf lemma="ama" pos="X">ama</wf>
         <instance id="d000.s165.t000" lemma="lactante" pos="ADJ">lactante</instance>
         <wf lemma="." pos="X">.</wf>
      </sentence>
      <sentence id="d000.s166" source="wordnet-galician">
         <wf lemma="ombreiros" pos="X">ombreiros</wf>
         <instance id="d000.s166.t000" lemma="recto" pos="ADJ">rectos</instance>
         <wf lemma="." pos="X">.</wf>
      </sentence>
      <sentence id="d000.s167" source="wordnet-galician">
         <wf lemma="a" pos="X">a</wf>
         <wf lemma="decisión" pos="X">decisión</wf>
         <instance id="d000.s167.t000" lemma="correcto" pos="ADJ">correcta</instance>
         <wf lemma="." pos="X">.</wf>
      </sentence>
      <sentence id="d000.s168" source="wordnet-galician">
         <wf lemma="o" pos="X">o</wf>
         <wf lemma="sindicato" pos="X">sindicato</wf>
         <wf lemma="rompeu" pos="X">rompeu</wf>
         <wf lemma="cos" pos="X">cos</wf>
         <wf lemma="seus" pos="X">seus</wf>
         <wf lemma="procedementos" pos="X">procedementos</wf>
         <instance id="d000.s168.t000" lemma="antidemocrático" pos="ADJ">antidemocráticos</instance>
         <wf lemma="pasados" pos="X">pasados</wf>
         <wf lemma="." pos="X">.</wf>
      </sentence>
      <sentence id="d000.s169" source="wordnet-galician">
         <wf lemma="os" pos="X">os</wf>
         <wf lemma="cromosomas" pos="X">cromosomas</wf>
         <wf lemma="son" pos="X">son</wf>
         <wf lemma="distribuídos" pos="X">distribuídos</wf>
         <wf lemma="por" pos="X">por</wf>
         <instance id="d000.s169.t000" lemma="fuso" pos="NOUN">fusos</instance>
         <wf lemma="na" pos="X">na</wf>
         <wf lemma="mitose" pos="X">mitose</wf>
         <wf lemma="e" pos="X">e</wf>
         <wf lemma="meiose" pos="X">meiose</wf>
         <wf lemma="." pos="X">.</wf>
      </sentence>
      <sentence id="d000.s170" source="wordnet-galician">
         <wf lemma="o" pos="X">o</wf>
         <wf lemma="resultado" pos="X">resultado</wf>
         <instance id="d000.s170.t000" lemma="inevitable" pos="ADJ">inevitable</instance>
         <wf lemma="." pos="X">.</wf>
      </sentence>
      <sentence id="d000.s171" source="wordnet-galician">
         <wf lemma="os" pos="X">os</wf>
         <wf lemma="ingredientes" pos="X">ingredientes</wf>
         <instance id="d000.s171.t000" lemma="básico" pos="ADJ">básicos</instance>
         <wf lemma="." pos="X">.</wf>
      </sentence>
      <sentence id="d000.s172" source="wordnet-galician">
         <wf lemma="unha" pos="X">unha</wf>
         <wf lemma="observación" pos="X">observación</wf>
         <instance id="d000.s172.t000" lemma="afagador" pos="ADJ">afagadora</instance>
         <wf lemma="." pos="X">.</wf>
      </sentence>
      <sentence id="d000.s173" source="wordnet-galician">
         <wf lemma="os" pos="X">os</wf>
         <wf lemma="xogadores" pos="X">xogadores</wf>
         <instance id="d000.s173.t000" lemma="zurdo" pos="ADJ">zurdos</instance>
         <wf lemma="precisan" pos="X">precisan</wf>
         <wf lemma="clubs" pos="X">clubs</wf>
         <wf lemma="para" pos="X">para</wf>
         <wf lemma="zurdos" pos="X">zurdos</wf>
         <wf lemma="." pos="X">.</wf>
      </sentence>
      <sentence id="d000.s174" source="wordnet-galician">
         <wf lemma="o" pos="X">o</wf>
         <wf lemma="tema" pos="X">tema</wf>
         <instance id="d000.s174.t000" lemma="actual" pos="ADJ">actual</instance>
         <wf lemma="." pos="X">.</wf>
      </sentence>
      <sentence id="d000.s175" source="wordnet-galician">
         <wf lemma="unha" pos="X">unha</wf>
         <wf lemma="reacción" pos="X">reacción</wf>
         <instance id="d000.s175.t000" lemma="negativo" pos="ADJ">negativa</instance>
         <wf lemma="a" pos="X">a</wf>
         <wf lemma="unha" pos="X">unha</wf>
         <wf lemma="campaña" pos="X">campaña</wf>
         <wf lemma="publicitaria" pos="X">publicitaria</wf>
         <wf lemma="." pos="X">.</wf>
      </sentence>
      <sentence id="d000.s176" source="wordnet-galician">
         <wf lemma="clima" pos="X">clima</wf>
         <instance id="d000.s176.t000" lemma="inclemente" pos="ADJ">inclemente</instance>
         <wf lemma="." pos="X">.</wf>
      </sentence>
      <sentence id="d000.s177" source="wordnet-galician">
         <wf lemma="un" pos="X">un</wf>
         <instance id="d000.s177.t000" lemma="manto" pos="NOUN">manto</instance>
         <wf lemma="de" pos="X">de</wf>
         <wf lemma="rizos" pos="X">rizos</wf>
         <wf lemma="axustados" pos="X">axustados</wf>
         <wf lemma="." pos="X">.</wf>
      </sentence>
      <sentence id="d000.s178" source="wordnet-galician">
         <wf lemma="o" pos="X">o</wf>
         <wf lemma="noso" pos="X">noso</wf>
         <wf lemma="é" pos="X">é</wf>
         <wf lemma="un" pos="X">un</wf>
         <wf lemma="mundo" pos="X">mundo</wf>
         <wf lemma="de" pos="X">de</wf>
         <wf lemma="xigantes" pos="X">xigantes</wf>
         <wf lemma="nucleares" pos="X">nucleares</wf>
         <wf lemma="e" pos="X">e</wf>
         <wf lemma="ananos" pos="X">ananos</wf>
         <instance id="d000.s178.t000" lemma="ético" pos="ADJ">éticos</instance>
         <wf lemma="(" pos="X">(</wf>
         <wf lemma="Omar" pos="X">Omar</wf>
         <wf lemma="N." pos="X">N.</wf>
         <wf lemma="Bradley" pos="X">Bradley</wf>
         <wf lemma=")" pos="X">)</wf>
         <wf lemma="." pos="X">.</wf>
      </sentence>
      <sentence id="d000.s179" source="wordnet-galician">
         <wf lemma="un" pos="X">un</wf>
         <wf lemma="mergullo" pos="X">mergullo</wf>
         <instance id="d000.s179.t000" lemma="profundo" pos="ADJ">profundo</instance>
         <wf lemma="." pos="X">.</wf>
      </sentence>
      <sentence id="d000.s180" source="wordnet-galician">
         <instance id="d000.s180.t000" lemma="incapaz" pos="ADJ">incapaz</instance>
         <wf lemma="de" pos="X">de</wf>
         <wf lemma="facer" pos="X">facer</wf>
         <wf lemma="o" pos="X">o</wf>
         <wf lemma="traballo" pos="X">traballo</wf>
         <wf lemma="." pos="X">.</wf>
      </sentence>
      <sentence id="d000.s181" source="wordnet-galician">
         <wf lemma="un" pos="X">un</wf>
         <wf lemma="xestor" pos="X">xestor</wf>
         <instance id="d000.s181.t000" lemma="indeciso" pos="ADJ">indeciso</instance>
         <wf lemma="trouxo" pos="X">trouxo</wf>
         <wf lemma="a" pos="X">a</wf>
         <wf lemma="empresa" pos="X">empresa</wf>
         <wf lemma="a" pos="X">a</wf>
         <wf lemma="unha" pos="X">unha</wf>
         <wf lemma="paralización" pos="X">paralización</wf>
         <wf lemma="." pos="X">.</wf>
      </sentence>
      <sentence id="d000.s182" source="wordnet-galician">
         <wf lemma="os" pos="X">os</wf>
         <wf lemma="presaxios" pos="X">presaxios</wf>
         <instance id="d000.s182.t000" lemma="propicio" pos="ADJ">propicios</instance>
         <wf lemma="." pos="X">.</wf>
      </sentence>
      <sentence id="d000.s183" source="wordnet-galician">
         <wf lemma="as" pos="X">as</wf>
         <wf lemma="colonias" pos="X">colonias</wf>
         <instance id="d000.s183.t000" lemma="obediente" pos="ADJ">obedientes</instance>
         <wf lemma="..." pos="X">...</wf>
         <wf lemma="son" pos="X">son</wf>
         <wf lemma="duramente" pos="X">duramente</wf>
         <wf lemma="sometidas" pos="X">sometidas</wf>
         <wf lemma="a" pos="X">a</wf>
         <wf lemma="tributos" pos="X">tributos</wf>
         <wf lemma=";" pos="X">;</wf>
         <wf lemma="pero" pos="X">pero</wf>
         <wf lemma="o" pos="X">o</wf>
         <wf lemma="refractario" pos="X">refractario</wf>
         <wf lemma="permanece" pos="X">permanece</wf>
         <wf lemma="aliviado" pos="X">aliviado</wf>
         <wf lemma="(" pos="X">(</wf>
         <wf lemma="Edmund" pos="X">Edmund</wf>
         <wf lemma="Burke" pos="X">Burke</wf>
         <wf lemma=")" pos="X">)</wf>
         <wf lemma="." pos="X">.</wf>
      </sentence>
      <sentence id="d000.s184" source="wordnet-galician">
         <wf lemma="unha" pos="X">unha</wf>
         <instance id="d000.s184.t000" lemma="humilde" pos="ADJ">humilde</instance>
         <wf lemma="petición" pos="X">petición</wf>
         <wf lemma="de" pos="X">de</wf>
         <wf lemma="desculpas" pos="X">desculpas</wf>
         <wf lemma="." pos="X">.</wf>
      </sentence>
      <sentence id="d000.s185" source="wordnet-galician">
         <wf lemma="un" pos="X">un</wf>
         <wf lemma="policía" pos="X">policía</wf>
         <wf lemma="que" pos="X">que</wf>
         <wf lemma="era" pos="X">era</wf>
         <instance id="d000.s185.t000" lemma="incorrupto" pos="ADJ">incorrupto</instance>
         <wf lemma="e" pos="X">e</wf>
         <wf lemma="incorruptible" pos="X">incorruptible</wf>
         <wf lemma="." pos="X">.</wf>
      </sentence>
      <sentence id="d000.s186" source="wordnet-galician">
         <wf lemma="un" pos="X">un</wf>
         <wf lemma="home" pos="X">home</wf>
         <wf lemma="moi" pos="X">moi</wf>
         <instance id="d000.s186.t000" lemma="atractivo" pos="ADJ">atractivo</instance>
         <wf lemma="e" pos="X">e</wf>
         <wf lemma="novo" pos="X">novo</wf>
         <wf lemma="." pos="X">.</wf>
      </sentence>
      <sentence id="d000.s187" source="wordnet-galician">
         <wf lemma="un" pos="X">un</wf>
         <wf lemma="equipo" pos="X">equipo</wf>
         <instance id="d000.s187.t000" lemma="invicto" pos="ADJ">invicto</instance>
         <wf lemma="." pos="X">.</wf>
      </sentence>
      <sentence id="d000.s188" source="wordnet-galician">
         <wf lemma="un" pos="X">un</wf>
         <wf lemma="pobo" pos="X">pobo</wf>
         <instance id="d000.s188.t000" lemma="tranquilo" pos="ADJ">tranquilo</instance>
         <wf lemma="que" pos="X">que</wf>
         <wf lemma="ama" pos="X">ama</wf>
         <wf lemma="a" pos="X">a</wf>
         <wf lemma="paz" pos="X">paz</wf>
         <wf lemma="." pos="X">.</wf>
      </sentence>
      <sentence id="d000.s189" source="wordnet-galician">
         <wf lemma="cidades" pos="X">cidades</wf>
         <instance id="d000.s189.t000" lemma="norteño" pos="ADJ">norteñas</instance>
         <wf lemma="." pos="X">.</wf>
      </sentence>
      <sentence id="d000.s190" source="wordnet-galician">
         <wf lemma="un" pos="X">un</wf>
         <wf lemma="manuscrito" pos="X">manuscrito</wf>
         <wf lemma="de" pos="X">de</wf>
         <wf lemma="orixe" pos="X">orixe</wf>
         <instance id="d000.s190.t000" lemma="incerto" pos="ADJ">incerta</instance>
         <wf lemma="." pos="X">.</wf>
      </sentence>
      <sentence id="d000.s191" source="wordnet-galician">
         <wf lemma="crecemento" pos="X">crecemento</wf>
         <instance id="d000.s191.t000" lemma="orgánico" pos="ADJ">orgánico</instance>
         <wf lemma="." pos="X">.</wf>
      </sentence>
      <sentence id="d000.s192" source="wordnet-galician">
         <wf lemma="herba" pos="X">herba</wf>
         <instance id="d000.s192.t000" lemma="areoso" pos="ADJ">areosa</instance>
         <wf lemma="." pos="X">.</wf>
      </sentence>
      <sentence id="d000.s193" source="wordnet-galician">
         <wf lemma="manchas" pos="X">manchas</wf>
         <wf lemma="amorfas" pos="X">amorfas</wf>
         <wf lemma="de" pos="X">de</wf>
         <wf lemma="cor" pos="X">cor</wf>
         <wf lemma="que" pos="X">que</wf>
         <wf lemma="teñen" pos="X">teñen</wf>
         <wf lemma="bordos" pos="X">bordos</wf>
         <wf lemma="vagos" pos="X">vagos</wf>
         <wf lemma="e" pos="X">e</wf>
         <instance id="d000.s193.t000" lemma="indefinido" pos="ADJ">indefinidos</instance>
         <wf lemma="." pos="X">.</wf>
      </sentence>
      <sentence id="d000.s194" source="wordnet-galician">
         <wf lemma="gancho" pos="X">gancho</wf>
         <wf lemma="coa" pos="X">coa</wf>
         <instance id="d000.s194.t000" lemma="esquerda" pos="NOUN">esquerda</instance>
         <wf lemma="." pos="X">.</wf>
      </sentence>
      <sentence id="d000.s195" source="wordnet-galician">
         <wf lemma="reprodución" pos="X">reprodución</wf>
         <instance id="d000.s195.t000" lemma="sexual" pos="ADJ">sexual</instance>
         <wf lemma="." pos="X">.</wf>
      </sentence>
      <sentence id="d000.s196" source="wordnet-galician">
         <wf lemma="un" pos="X">un</wf>
         <wf lemma="aliñamento" pos="X">aliñamento</wf>
         <wf lemma="de" pos="X">de</wf>
         <wf lemma="planetas" pos="X">planetas</wf>
         <instance id="d000.s196.t000" lemma="propicio" pos="ADJ">propicio</instance>
         <wf lemma="para" pos="X">para</wf>
         <wf lemma="a" pos="X">a</wf>
         <wf lemma="exploración" pos="X">exploración</wf>
         <wf lemma="espacial" pos="X">espacial</wf>
         <wf lemma="." pos="X">.</wf>
      </sentence>
      <sentence id="d000.s197" source="wordnet-galician">
         <wf lemma="un" pos="X">un</wf>
         <wf lemma="termo" pos="X">termo</wf>
         <wf lemma="está" pos="X">está</wf>
         <wf lemma="en" pos="X">en</wf>
         <wf lemma="proporción" pos="X">proporción</wf>
         <instance id="d000.s197.t000" lemma="inverso" pos="ADJ">inversa</instance>
         <wf lemma="con" pos="X">con</wf>
         <wf lemma="outro" pos="X">outro</wf>
         <wf lemma="se" pos="X">se</wf>
         <wf lemma="aumenta" pos="X">aumenta</wf>
         <wf lemma="(" pos="X">(</wf>
         <wf lemma="ou" pos="X">ou</wf>
         <wf lemma="diminúe" pos="X">diminúe</wf>
         <wf lemma=")" pos="X">)</wf>
         <wf lemma="," pos="X">,</wf>
         <wf lemma="mentres" pos="X">mentres</wf>
         <wf lemma="que" pos="X">que</wf>
         <wf lemma="o" pos="X">o</wf>
         <wf lemma="outro" pos="X">outro</wf>
         <wf lemma="diminúe" pos="X">diminúe</wf>
         <wf lemma="(" pos="X">(</wf>
         <wf lemma="ou" pos="X">ou</wf>
         <wf lemma="aumenta" pos="X">aumenta</wf>
         <wf lemma=")" pos="X">)</wf>
         <wf lemma="." pos="X">.</wf>
      </sentence>
      <sentence id="d000.s198" source="wordnet-galician">
         <wf lemma="física" pos="X">física</wf>
         <instance id="d000.s198.t000" lemma="teórico" pos="ADJ">teórica</instance>
         <wf lemma="." pos="X">.</wf>
      </sentence>
      <sentence id="d000.s199" source="wordnet-galician">
         <instance id="d000.s199.t000" lemma="vello" pos="ADJ">vellas</instance>
         <wf lemma="amizades" pos="X">amizades</wf>
         <wf lemma="." pos="X">.</wf>
      </sentence>
      <sentence id="d000.s200" source="wordnet-galician">
         <wf lemma="as" pos="X">as</wf>
         <wf lemma="mentes" pos="X">mentes</wf>
         <wf lemma="dos" pos="X">dos</wf>
         <wf lemma="mozos" pos="X">mozos</wf>
         <instance id="d000.s200.t000" lemma="inexperto" pos="ADJ">inexpertos</instance>
         <wf lemma="sen" pos="X">sen</wf>
         <wf lemma="hábito" pos="X">hábito</wf>
         <wf lemma="de" pos="X">de</wf>
         <wf lemma="concentración" pos="X">concentración</wf>
         <wf lemma="." pos="X">.</wf>
      </sentence>
      <sentence id="d000.s201" source="wordnet-galician">
         <wf lemma="un" pos="X">un</wf>
         <wf lemma="río" pos="X">río</wf>
         <wf lemma="de" pos="X">de</wf>
         <wf lemma="tres" pos="X">tres</wf>
         <wf lemma="quilómetros" pos="X">quilómetros</wf>
         <wf lemma="de" pos="X">de</wf>
         <instance id="d000.s201.t000" lemma="largo" pos="ADJ">largo</instance>
         <wf lemma="." pos="X">.</wf>
      </sentence>
      <sentence id="d000.s202" source="wordnet-galician">
         <wf lemma="vidro" pos="X">vidro</wf>
         <instance id="d000.s202.t000" lemma="transparente" pos="ADJ">transparente</instance>
         <wf lemma="." pos="X">.</wf>
      </sentence>
      <sentence id="d000.s203" source="wordnet-galician">
         <wf lemma="un" pos="X">un</wf>
         <wf lemma="motor" pos="X">motor</wf>
         <wf lemma="arrefriado" pos="X">arrefriado</wf>
         <wf lemma="con" pos="X">con</wf>
         <wf lemma="aire" pos="X">aire</wf>
         <wf lemma="foi" pos="X">foi</wf>
         <wf lemma="máis" pos="X">máis</wf>
         <instance id="d000.s203.t000" lemma="eficaz" pos="ADJ">eficaz</instance>
         <wf lemma="que" pos="X">que</wf>
         <wf lemma="a" pos="X">a</wf>
         <wf lemma="vasoira" pos="X">vasoira</wf>
         <wf lemma="de" pos="X">de</wf>
         <wf lemma="bruxa" pos="X">bruxa</wf>
         <wf lemma="para" pos="X">para</wf>
         <wf lemma="o" pos="X">o</wf>
         <wf lemma="transporte" pos="X">transporte</wf>
         <wf lemma="rápido" pos="X">rápido</wf>
         <wf lemma="de" pos="X">de</wf>
         <wf lemma="longa" pos="X">longa</wf>
         <wf lemma="distancia" pos="X">distancia</wf>
         <wf lemma="(" pos="X">(</wf>
         <wf lemma="LewisMumford" pos="X">LewisMumford</wf>
         <wf lemma=")" pos="X">)</wf>
         <wf lemma="." pos="X">.</wf>
      </sentence>
      <sentence id="d000.s204" source="wordnet-galician">
         <wf lemma="tomou" pos="X">tomou</wf>
         <wf lemma="o" pos="X">o</wf>
         <wf lemma="camiño" pos="X">camiño</wf>
         <wf lemma="máis" pos="X">máis</wf>
         <instance id="d000.s204.t000" lemma="fácil" pos="ADJ">fácil</instance>
         <wf lemma="no" pos="X">no</wf>
         <wf lemma="seu" pos="X">seu</wf>
         <wf lemma="dilema" pos="X">dilema</wf>
         <wf lemma="." pos="X">.</wf>
      </sentence>
      <sentence id="d000.s205" source="wordnet-galician">
         <wf lemma="o" pos="X">o</wf>
         <wf lemma="ritmo" pos="X">ritmo</wf>
         <wf lemma="do" pos="X">do</wf>
         <wf lemma="tempo" pos="X">tempo</wf>
         <wf lemma="fisiolóxico" pos="X">fisiolóxico</wf>
         <wf lemma="non" pos="X">non</wf>
         <wf lemma="é" pos="X">é</wf>
         <instance id="d000.s205.t000" lemma="modificable" pos="ADJ">modificable</instance>
         <wf lemma="," pos="X">,</wf>
         <wf lemma="excepto" pos="X">excepto</wf>
         <wf lemma="por" pos="X">por</wf>
         <wf lemma="interferencia" pos="X">interferencia</wf>
         <wf lemma="de" pos="X">de</wf>
         <wf lemma="certos" pos="X">certos</wf>
         <wf lemma="procesos" pos="X">procesos</wf>
         <wf lemma="fundamentais" pos="X">fundamentais</wf>
         <wf lemma="(" pos="X">(</wf>
         <wf lemma="Alexis" pos="X">Alexis</wf>
         <wf lemma="Carrel" pos="X">Carrel</wf>
         <wf lemma=")" pos="X">)</wf>
         <wf lemma="." pos="X">.</wf>
      </sentence>
      <sentence id="d000.s206" source="wordnet-galician">
         <wf lemma="fibras" pos="X">fibras</wf>
         <instance id="d000.s206.t000" lemma="tecido" pos="ADJ">tecidas</instance>
         <wf lemma="." pos="X">.</wf>
      </sentence>
      <sentence id="d000.s207" source="wordnet-galician">
         <wf lemma="a" pos="X">a</wf>
         <instance id="d000.s207.t000" lemma="á" pos="NOUN">á</instance>
         <wf lemma="do" pos="X">do</wf>
         <wf lemma="nariz" pos="X">nariz</wf>
         <wf lemma="." pos="X">.</wf>
      </sentence>
      <sentence id="d000.s208" source="wordnet-galician">
         <wf lemma="diñeiro" pos="X">diñeiro</wf>
         <instance id="d000.s208.t000" lemma="falso" pos="ADJ">falso</instance>
         <wf lemma="." pos="X">.</wf>
      </sentence>
      <sentence id="d000.s209" source="wordnet-galician">
         <wf lemma="leva" pos="X">leva</wf>
         <wf lemma="o" pos="X">o</wf>
         <wf lemma="insulto" pos="X">insulto</wf>
         <wf lemma="con" pos="X">con</wf>
         <wf lemma="bo" pos="X">bo</wf>
         <wf lemma="humor" pos="X">humor</wf>
         <instance id="d000.s209.t000" lemma="cortés" pos="ADJ">cortés</instance>
         <wf lemma="." pos="X">.</wf>
      </sentence>
      <sentence id="d000.s210" source="wordnet-galician">
         <wf lemma="asistencia" pos="X">asistencia</wf>
         <instance id="d000.s210.t000" lemma="xeral" pos="ADJ">xeral</instance>
         <wf lemma="." pos="X">.</wf>
      </sentence>
      <sentence id="d000.s211" source="wordnet-galician">
         <wf lemma="un" pos="X">un</wf>
         <wf lemma="epíteto" pos="X">epíteto</wf>
         <instance id="d000.s211.t000" lemma="impublicable" pos="ADJ">impublicable</instance>
         <wf lemma="." pos="X">.</wf>
      </sentence>
      <sentence id="d000.s212" source="wordnet-galician">
         <wf lemma="as" pos="X">as</wf>
         <wf lemma="locións" pos="X">locións</wf>
         <instance id="d000.s212.t000" lemma="adstrinxente" pos="ADJ">adstrinxentes</instance>
         <wf lemma="cosméticas" pos="X">cosméticas</wf>
         <wf lemma="." pos="X">.</wf>
      </sentence>
      <sentence id="d000.s213" source="wordnet-galician">
         <wf lemma="unha" pos="X">unha</wf>
         <wf lemma="palabra" pos="X">palabra</wf>
         <instance id="d000.s213.t000" lemma="inaceptable" pos="ADJ">inaceptable</instance>
         <wf lemma="nunha" pos="X">nunha</wf>
         <wf lemma="sociedade" pos="X">sociedade</wf>
         <wf lemma="civilizada" pos="X">civilizada</wf>
         <wf lemma="." pos="X">.</wf>
      </sentence>
      <sentence id="d000.s214" source="wordnet-galician">
         <wf lemma="un" pos="X">un</wf>
         <wf lemma="traballo" pos="X">traballo</wf>
         <instance id="d000.s214.t000" lemma="manual" pos="ADJ">manual</instance>
         <wf lemma="." pos="X">.</wf>
      </sentence>
      <sentence id="d000.s215" source="wordnet-galician">
         <wf lemma="é" pos="X">é</wf>
         <instance id="d000.s215.t000" lemma="insensible" pos="ADJ">insensible</instance>
         <wf lemma="ás" pos="X">ás</wf>
         <wf lemma="necesidades" pos="X">necesidades</wf>
         <wf lemma="dos" pos="X">dos</wf>
         <wf lemma="seus" pos="X">seus</wf>
         <wf lemma="pacientes" pos="X">pacientes</wf>
         <wf lemma="." pos="X">.</wf>
      </sentence>
      <sentence id="d000.s216" source="wordnet-galician">
         <wf lemma="os" pos="X">os</wf>
         <instance id="d000.s216.t000" lemma="xene" pos="NOUN">xenes</instance>
         <wf lemma="anteriormente" pos="X">anteriormente</wf>
         <wf lemma="eran" pos="X">eran</wf>
         <wf lemma="denominados" pos="X">denominados</wf>
         <wf lemma="factores" pos="X">factores</wf>
         <wf lemma="." pos="X">.</wf>
      </sentence>
      <sentence id="d000.s217" source="wordnet-galician">
         <wf lemma="un" pos="X">un</wf>
         <wf lemma="percebe" pos="X">percebe</wf>
         <instance id="d000.s217.t000" lemma="pedunculado" pos="ADJ">pedunculado</instance>
         <wf lemma="adxunto" pos="X">adxunto</wf>
         <wf lemma="ao" pos="X">ao</wf>
         <wf lemma="substrato" pos="X">substrato</wf>
         <wf lemma="por" pos="X">por</wf>
         <wf lemma="un" pos="X">un</wf>
         <wf lemma="pé" pos="X">pé</wf>
         <wf lemma="carnoso" pos="X">carnoso</wf>
         <wf lemma="ou" pos="X">ou</wf>
         <wf lemma="por" pos="X">por</wf>
         <wf lemma="un" pos="X">un</wf>
         <wf lemma="pedúnculo" pos="X">pedúnculo</wf>
         <wf lemma="." pos="X">.</wf>
      </sentence>
      <sentence id="d000.s218" source="wordnet-galician">
         <wf lemma="un" pos="X">un</wf>
         <wf lemma="debate" pos="X">debate</wf>
         <instance id="d000.s218.t000" lemma="estimulante" pos="ADJ">estimulante</instance>
         <wf lemma="." pos="X">.</wf>
      </sentence>
      <sentence id="d000.s219" source="wordnet-galician">
         <wf lemma="a" pos="X">a</wf>
         <wf lemma="noticia" pos="X">noticia</wf>
         <instance id="d000.s219.t000" lemma="triste" pos="ADJ">triste</instance>
         <wf lemma="." pos="X">.</wf>
      </sentence>
      <sentence id="d000.s220" source="wordnet-galician">
         <instance id="d000.s220.t000" lemma="desexoso" pos="ADJ">desexoso</instance>
         <wf lemma="dun" pos="X">dun</wf>
         <wf lemma="alto" pos="X">alto</wf>
         <wf lemma="cargo" pos="X">cargo</wf>
         <wf lemma="." pos="X">.</wf>
      </sentence>
      <sentence id="d000.s221" source="wordnet-galician">
         <wf lemma="un" pos="X">un</wf>
         <wf lemma="goberno" pos="X">goberno</wf>
         <wf lemma="de" pos="X">de</wf>
         <wf lemma="coalición" pos="X">coalición</wf>
         <instance id="d000.s221.t000" lemma="intranquilo" pos="ADJ">intranquilo</instance>
         <wf lemma="." pos="X">.</wf>
      </sentence>
      <sentence id="d000.s222" source="wordnet-galician">
         <wf lemma="xordeira" pos="X">xordeira</wf>
         <instance id="d000.s222.t000" lemma="funcional" pos="ADJ">funcional</instance>
         <wf lemma="." pos="X">.</wf>
      </sentence>
      <sentence id="d000.s223" source="wordnet-galician">
         <wf lemma="as" pos="X">as</wf>
         <wf lemma="flores" pos="X">flores</wf>
         <instance id="d000.s223.t000" lemma="diúrno" pos="ADJ">diúrnas</instance>
         <wf lemma="ábrense" pos="X">ábrense</wf>
         <wf lemma="durante" pos="X">durante</wf>
         <wf lemma="o" pos="X">o</wf>
         <wf lemma="día" pos="X">día</wf>
         <wf lemma="e" pos="X">e</wf>
         <wf lemma="péchanse" pos="X">péchanse</wf>
         <wf lemma="pola" pos="X">pola</wf>
         <wf lemma="noite" pos="X">noite</wf>
         <wf lemma="." pos="X">.</wf>
      </sentence>
      <sentence id="d000.s224" source="wordnet-galician">
         <wf lemma="as" pos="X">as</wf>
         <wf lemma="calidades" pos="X">calidades</wf>
         <instance id="d000.s224.t000" lemma="desenvolvido" pos="ADJ">desenvolvidas</instance>
         <wf lemma="das" pos="X">das</wf>
         <wf lemma="perspectivas" pos="X">perspectivas</wf>
         <wf lemma="helénicas" pos="X">helénicas</wf>
         <wf lemma="." pos="X">.</wf>
      </sentence>
      <sentence id="d000.s225" source="wordnet-galician">
         <wf lemma="ninguén" pos="X">ninguén</wf>
         <wf lemma="o" pos="X">o</wf>
         <wf lemma="cría" pos="X">cría</wf>
         <instance id="d000.s225.t000" lemma="capaz" pos="ADJ">capaz</instance>
         <wf lemma="de" pos="X">de</wf>
         <wf lemma="asasinalo" pos="X">asasinalo</wf>
         <wf lemma="." pos="X">.</wf>
      </sentence>
      <sentence id="d000.s226" source="wordnet-galician">
         <wf lemma="as" pos="X">as</wf>
         <instance id="d000.s226.t000" lemma="fibra" pos="NOUN">fibras</instance>
         <wf lemma="varían" pos="X">varían</wf>
         <wf lemma="moito" pos="X">moito</wf>
         <wf lemma="na" pos="X">na</wf>
         <wf lemma="súa" pos="X">súa</wf>
         <wf lemma="lonxitude" pos="X">lonxitude</wf>
         <wf lemma="." pos="X">.</wf>
      </sentence>
      <sentence id="d000.s227" source="wordnet-galician">
         <wf lemma="un" pos="X">un</wf>
         <wf lemma="director" pos="X">director</wf>
         <wf lemma="de" pos="X">de</wf>
         <wf lemma="produción" pos="X">produción</wf>
         <wf lemma="máis" pos="X">máis</wf>
         <instance id="d000.s227.t000" lemma="eficiente" pos="ADJ">eficiente</instance>
         <wf lemma="." pos="X">.</wf>
      </sentence>
      <sentence id="d000.s228" source="wordnet-galician">
         <wf lemma="a" pos="X">a</wf>
         <wf lemma="palabra" pos="X">palabra</wf>
         <wf lemma="'" pos="X">'</wf>
         <wf lemma="can" pos="X">can</wf>
         <wf lemma="'" pos="X">'</wf>
         <wf lemma="é" pos="X">é</wf>
         <instance id="d000.s228.t000" lemma="animado" pos="ADJ">animada</instance>
         <wf lemma="." pos="X">.</wf>
      </sentence>
      <sentence id="d000.s229" source="wordnet-galician">
         <wf lemma="a" pos="X">a</wf>
         <wf lemma="sabedoría" pos="X">sabedoría</wf>
         <instance id="d000.s229.t000" lemma="convencional" pos="ADJ">convencional</instance>
         <wf lemma="." pos="X">.</wf>
      </sentence>
      <sentence id="d000.s230" source="wordnet-galician">
         <wf lemma="a" pos="X">a</wf>
         <instance id="d000.s230.t000" lemma="canle" pos="NOUN">canle</instance>
         <wf lemma="lacrimal" pos="X">lacrimal</wf>
         <wf lemma="estaba" pos="X">estaba</wf>
         <wf lemma="obstruída" pos="X">obstruída</wf>
         <wf lemma="." pos="X">.</wf>
      </sentence>
      <sentence id="d000.s231" source="wordnet-galician">
         <wf lemma="unha" pos="X">unha</wf>
         <wf lemma="ponte" pos="X">ponte</wf>
         <instance id="d000.s231.t000" lemma="vulnerable" pos="ADJ">vulnerable</instance>
         <wf lemma="." pos="X">.</wf>
      </sentence>
      <sentence id="d000.s232" source="wordnet-galician">
         <wf lemma="da" pos="X">da</wf>
         <wf lemma="parte" pos="X">parte</wf>
         <instance id="d000.s232.t000" lemma="interior" pos="ADJ">interior</instance>
         <wf lemma="cara" pos="X">cara</wf>
         <wf lemma="á" pos="X">á</wf>
         <wf lemma="exterior" pos="X">exterior</wf>
         <wf lemma="." pos="X">.</wf>
      </sentence>
      <sentence id="d000.s233" source="wordnet-galician">
         <wf lemma="as" pos="X">as</wf>
         <wf lemma="úlceras" pos="X">úlceras</wf>
         <instance id="d000.s233.t000" lemma="insalubre" pos="ADJ">insalubres</instance>
         <wf lemma="." pos="X">.</wf>
      </sentence>
      <sentence id="d000.s234" source="wordnet-galician">
         <wf lemma="un" pos="X">un</wf>
         <wf lemma="condutor" pos="X">condutor</wf>
         <instance id="d000.s234.t000" lemma="cauteloso" pos="ADJ">cauteloso</instance>
         <wf lemma="." pos="X">.</wf>
      </sentence>
      <sentence id="d000.s235" source="wordnet-galician">
         <wf lemma="as" pos="X">as</wf>
         <wf lemma="baldas" pos="X">baldas</wf>
         <instance id="d000.s235.t000" lemma="fondo" pos="ADJ">fondas</instance>
         <wf lemma="." pos="X">.</wf>
      </sentence>
      <sentence id="d000.s236" source="wordnet-galician">
         <wf lemma="sumidoiros" pos="X">sumidoiros</wf>
         <instance id="d000.s236.t000" lemma="aberto" pos="ADJ">abertos</instance>
         <wf lemma="." pos="X">.</wf>
      </sentence>
      <sentence id="d000.s237" source="wordnet-galician">
         <wf lemma="algúns" pos="X">algúns</wf>
         <instance id="d000.s237.t000" lemma="alelo" pos="NOUN">alelos</instance>
         <wf lemma="son" pos="X">son</wf>
         <wf lemma="dominantes" pos="X">dominantes</wf>
         <wf lemma="sobre" pos="X">sobre</wf>
         <wf lemma="os" pos="X">os</wf>
         <wf lemma="outros" pos="X">outros</wf>
         <wf lemma="." pos="X">.</wf>
      </sentence>
      <sentence id="d000.s238" source="wordnet-galician">
         <wf lemma="un" pos="X">un</wf>
         <wf lemma="beneficio" pos="X">beneficio</wf>
         <instance id="d000.s238.t000" lemma="positivo" pos="ADJ">positivo</instance>
         <wf lemma="." pos="X">.</wf>
      </sentence>
      <sentence id="d000.s239" source="wordnet-galician">
         <wf lemma="os" pos="X">os</wf>
         <wf lemma="seus" pos="X">seus</wf>
         <wf lemma="actos" pos="X">actos</wf>
         <wf lemma="foron" pos="X">foron</wf>
         <instance id="d000.s239.t000" lemma="compatible" pos="ADJ">compatibles</instance>
         <wf lemma="coa" pos="X">coa</wf>
         <wf lemma="súa" pos="X">súa</wf>
         <wf lemma="ideoloxía" pos="X">ideoloxía</wf>
         <wf lemma="." pos="X">.</wf>
      </sentence>
      <sentence id="d000.s240" source="wordnet-galician">
         <instance id="d000.s240.t000" lemma="descoñecedor" pos="ADJ">descoñecedor</instance>
         <wf lemma="do" pos="X">do</wf>
         <wf lemma="perigo" pos="X">perigo</wf>
         <wf lemma="no" pos="X">no</wf>
         <wf lemma="que" pos="X">que</wf>
         <wf lemma="estaban" pos="X">estaban</wf>
         <wf lemma="." pos="X">.</wf>
      </sentence>
      <sentence id="d000.s241" source="wordnet-galician">
         <wf lemma="cun" pos="X">cun</wf>
         <wf lemma="gran" pos="X">gran</wf>
         <wf lemma="de" pos="X">de</wf>
         <wf lemma="madeira" pos="X">madeira</wf>
         <instance id="d000.s241.t000" lemma="irregular" pos="ADJ">irregular</instance>
         <wf lemma="." pos="X">.</wf>
      </sentence>
      <sentence id="d000.s242" source="wordnet-galician">
         <wf lemma="os" pos="X">os</wf>
         <wf lemma="académicos" pos="X">académicos</wf>
         <wf lemma="parecen" pos="X">parecen</wf>
         <wf lemma="favorecer" pos="X">favorecer</wf>
         <wf lemma="as" pos="X">as</wf>
         <wf lemma="cláusulas" pos="X">cláusulas</wf>
         <instance id="d000.s242.t000" lemma="pasivo" pos="ADJ">pasivas</instance>
         <wf lemma="." pos="X">.</wf>
      </sentence>
      <sentence id="d000.s243" source="wordnet-galician">
         <wf lemma="o" pos="X">o</wf>
         <wf lemma="home" pos="X">home</wf>
         <instance id="d000.s243.t000" lemma="invisible" pos="ADJ">invisible</instance>
         <wf lemma="." pos="X">.</wf>
      </sentence>
      <sentence id="d000.s244" source="wordnet-galician">
         <wf lemma="unha" pos="X">unha</wf>
         <wf lemma="elección" pos="X">elección</wf>
         <instance id="d000.s244.t000" lemma="crucial" pos="ADJ">crucial</instance>
         <wf lemma="." pos="X">.</wf>
      </sentence>
      <sentence id="d000.s245" source="wordnet-galician">
         <wf lemma="unha" pos="X">unha</wf>
         <wf lemma="escaseza" pos="X">escaseza</wf>
         <instance id="d000.s245.t000" lemma="crítico" pos="ADJ">crítica</instance>
         <wf lemma="de" pos="X">de</wf>
         <wf lemma="alimentos" pos="X">alimentos</wf>
         <wf lemma="." pos="X">.</wf>
      </sentence>
      <sentence id="d000.s246" source="wordnet-galician">
         <wf lemma="os" pos="X">os</wf>
         <wf lemma="dous" pos="X">dous</wf>
         <wf lemma="espécimes" pos="X">espécimes</wf>
         <wf lemma="son" pos="X">son</wf>
         <wf lemma="realmente" pos="X">realmente</wf>
         <wf lemma="diferentes" pos="X">diferentes</wf>
         <wf lemma="uns" pos="X">uns</wf>
         <wf lemma="dos" pos="X">dos</wf>
         <wf lemma="outros" pos="X">outros</wf>
         <wf lemma="," pos="X">,</wf>
         <wf lemma="pero" pos="X">pero</wf>
         <wf lemma="as" pos="X">as</wf>
         <wf lemma="diferenzas" pos="X">diferenzas</wf>
         <wf lemma="son" pos="X">son</wf>
         <wf lemma="case" pos="X">case</wf>
         <instance id="d000.s246.t000" lemma="indistinguible" pos="ADJ">indistinguibles</instance>
         <wf lemma="." pos="X">.</wf>
      </sentence>
      <sentence id="d000.s247" source="wordnet-galician">
         <wf lemma="nervios" pos="X">nervios</wf>
         <instance id="d000.s247.t000" lemma="aferente" pos="ADJ">aferentes</instance>
         <wf lemma="." pos="X">.</wf>
      </sentence>
      <sentence id="d000.s248" source="wordnet-galician">
         <wf lemma="a" pos="X">a</wf>
         <wf lemma="pneumonía" pos="X">pneumonía</wf>
         <wf lemma="é" pos="X">é</wf>
         <wf lemma="unha" pos="X">unha</wf>
         <wf lemma="enfermidade" pos="X">enfermidade</wf>
         <instance id="d000.s248.t000" lemma="médico" pos="ADJ">médica</instance>
         <wf lemma="." pos="X">.</wf>
      </sentence>
      <sentence id="d000.s249" source="wordnet-galician">
         <wf lemma="fume" pos="X">fume</wf>
         <instance id="d000.s249.t000" lemma="espeso" pos="ADJ">espeso</instance>
         <wf lemma="." pos="X">.</wf>
      </sentence>
      <sentence id="d000.s250" source="wordnet-galician">
         <wf lemma="as" pos="X">as</wf>
         <wf lemma="aletas" pos="X">aletas</wf>
         <instance id="d000.s250.t000" lemma="ventral" pos="ADJ">ventrais</instance>
         <wf lemma="(" pos="X">(</wf>
         <wf lemma="ou" pos="X">ou</wf>
         <wf lemma="pélvicas" pos="X">pélvicas</wf>
         <wf lemma=")" pos="X">)</wf>
         <wf lemma="correspóndense" pos="X">correspóndense</wf>
         <wf lemma="coas" pos="X">coas</wf>
         <wf lemma="patas" pos="X">patas</wf>
         <wf lemma="traseiras" pos="X">traseiras</wf>
         <wf lemma="dun" pos="X">dun</wf>
         <wf lemma="cuadrúpede" pos="X">cuadrúpede</wf>
         <wf lemma="." pos="X">.</wf>
      </sentence>
      <sentence id="d000.s251" source="wordnet-galician">
         <wf lemma="un" pos="X">un</wf>
         <wf lemma="escándalo" pos="X">escándalo</wf>
         <instance id="d000.s251.t000" lemma="público" pos="ADJ">público</instance>
         <wf lemma="." pos="X">.</wf>
      </sentence>
      <sentence id="d000.s252" source="wordnet-galician">
         <wf lemma="meteu" pos="X">meteu</wf>
         <wf lemma="a" pos="X">a</wf>
         <wf lemma="man" pos="X">man</wf>
         <wf lemma="no" pos="X">no</wf>
         <wf lemma="peto" pos="X">peto</wf>
         <instance id="d000.s252.t000" lemma="interior" pos="ADJ">interior</instance>
         <wf lemma="do" pos="X">do</wf>
         <wf lemma="abrigo" pos="X">abrigo</wf>
         <wf lemma="." pos="X">.</wf>
      </sentence>
      <sentence id="d000.s253" source="wordnet-galician">
         <wf lemma="afastouse" pos="X">afastouse</wf>
         <wf lemma="do" pos="X">do</wf>
         <wf lemma="camiño" pos="X">camiño</wf>
         <wf lemma="do" pos="X">do</wf>
         <wf lemma="comportamento" pos="X">comportamento</wf>
         <instance id="d000.s253.t000" lemma="convencional" pos="ADJ">convencional</instance>
         <wf lemma="." pos="X">.</wf>
      </sentence>
      <sentence id="d000.s254" source="wordnet-galician">
         <wf lemma="drogas" pos="X">drogas</wf>
         <instance id="d000.s254.t000" lemma="anticolinérxico" pos="ADJ">anticolinérxicas</instance>
         <wf lemma="." pos="X">.</wf>
      </sentence>
      <sentence id="d000.s255" source="wordnet-galician">
         <wf lemma="o" pos="X">o</wf>
         <wf lemma="selo" pos="X">selo</wf>
         <wf lemma="está" pos="X">está</wf>
         <instance id="d000.s255.t000" lemma="solto" pos="ADJ">solto</instance>
         <wf lemma="." pos="X">.</wf>
      </sentence>
      <sentence id="d000.s256" source="wordnet-galician">
         <wf lemma="estrelas" pos="X">estrelas</wf>
         <instance id="d000.s256.t000" lemma="visible" pos="ADJ">visibles</instance>
         <wf lemma="." pos="X">.</wf>
      </sentence>
      <sentence id="d000.s257" source="wordnet-galician">
         <wf lemma="experimentou" pos="X">experimentou</wf>
         <wf lemma="un" pos="X">un</wf>
         <wf lemma="pracer" pos="X">pracer</wf>
         <instance id="d000.s257.t000" lemma="malicioso" pos="ADJ">malicioso</instance>
         <wf lemma="na" pos="X">na</wf>
         <wf lemma="observación" pos="X">observación</wf>
         <wf lemma="das" pos="X">das</wf>
         <wf lemma="miñas" pos="X">miñas</wf>
         <wf lemma="carantoñas" pos="X">carantoñas</wf>
         <wf lemma="(" pos="X">(</wf>
         <wf lemma="Rudyard" pos="X">Rudyard</wf>
         <wf lemma="Kipling" pos="X">Kipling</wf>
         <wf lemma=")" pos="X">)</wf>
         <wf lemma="." pos="X">.</wf>
      </sentence>
      <sentence id="d000.s258" source="wordnet-galician">
         <wf lemma="os" pos="X">os</wf>
         <wf lemma="ventos" pos="X">ventos</wf>
         <instance id="d000.s258.t000" lemma="propicio" pos="ADJ">propicios</instance>
         <wf lemma="aceleráronnos" pos="X">aceleráronnos</wf>
         <wf lemma="." pos="X">.</wf>
      </sentence>
      <sentence id="d000.s259" source="wordnet-galician">
         <wf lemma="unha" pos="X">unha</wf>
         <wf lemma="evasión" pos="X">evasión</wf>
         <instance id="d000.s259.t000" lemma="astuto" pos="ADJ">astuta</instance>
         <wf lemma="." pos="X">.</wf>
      </sentence>
      <sentence id="d000.s260" source="wordnet-galician">
         <wf lemma="Eles" pos="X">Eles</wf>
         <wf lemma="recollía" pos="X">recollía</wf>
         <wf lemma="unha" pos="X">unha</wf>
         <instance id="d000.s260.t000" lemma="mostra" pos="NOUN">mostra</instance>
         <wf lemma="de" pos="X">de</wf>
         <wf lemma="urina" pos="X">urina</wf>
         <wf lemma="para" pos="X">para</wf>
         <wf lemma="o" pos="X">o</wf>
         <wf lemma="exame" pos="X">exame</wf>
         <wf lemma="de" pos="X">de</wf>
         <wf lemma="urina" pos="X">urina</wf>
         <wf lemma="." pos="X">.</wf>
      </sentence>
      <sentence id="d000.s261" source="wordnet-galician">
         <wf lemma="sacou" pos="X">sacou</wf>
         <wf lemma="a" pos="X">a</wf>
         <instance id="d000.s261.t000" lemma="cabeza" pos="NOUN">cabeza</instance>
         <wf lemma="para" pos="X">para</wf>
         <wf lemma="fóra" pos="X">fóra</wf>
         <wf lemma="da" pos="X">da</wf>
         <wf lemma="xanela" pos="X">xanela</wf>
         <wf lemma="." pos="X">.</wf>
      </sentence>
      <sentence id="d000.s262" source="wordnet-galician">
         <wf lemma="nesta" pos="X">nesta</wf>
         <wf lemma="vida" pos="X">vida</wf>
         <wf lemma="nada" pos="X">nada</wf>
         <wf lemma="é" pos="X">é</wf>
         <instance id="d000.s262.t000" lemma="seguro" pos="ADJ">seguro</instance>
         <wf lemma="," pos="X">,</wf>
         <wf lemma="agás" pos="X">agás</wf>
         <wf lemma="a" pos="X">a</wf>
         <wf lemma="morte" pos="X">morte</wf>
         <wf lemma="e" pos="X">e</wf>
         <wf lemma="os" pos="X">os</wf>
         <wf lemma="impostos" pos="X">impostos</wf>
         <wf lemma="(" pos="X">(</wf>
         <wf lemma="Benjamin" pos="X">Benjamin</wf>
         <wf lemma="Franklin" pos="X">Franklin</wf>
         <wf lemma=")" pos="X">)</wf>
         <wf lemma="." pos="X">.</wf>
      </sentence>
      <sentence id="d000.s263" source="wordnet-galician">
         <wf lemma="é" pos="X">é</wf>
         <instance id="d000.s263.t000" lemma="insensible" pos="ADJ">insensible</instance>
         <wf lemma="á" pos="X">á</wf>
         <wf lemma="radiación" pos="X">radiación</wf>
         <wf lemma="." pos="X">.</wf>
      </sentence>
      <sentence id="d000.s264" source="wordnet-galician">
         <wf lemma="fai" pos="X">fai</wf>
         <wf lemma="unha" pos="X">unha</wf>
         <wf lemma="cantidade" pos="X">cantidade</wf>
         <instance id="d000.s264.t000" lemma="inusual" pos="ADJ">inusual</instance>
         <wf lemma="de" pos="X">de</wf>
         <wf lemma="negocios" pos="X">negocios</wf>
         <wf lemma="." pos="X">.</wf>
      </sentence>
      <sentence id="d000.s265" source="wordnet-galician">
         <wf lemma="é" pos="X">é</wf>
         <wf lemma="un" pos="X">un</wf>
         <wf lemma="home" pos="X">home</wf>
         <wf lemma="tranquilo" pos="X">tranquilo</wf>
         <wf lemma="e" pos="X">e</wf>
         <instance id="d000.s265.t000" lemma="inofensivo" pos="ADJ">inofensivo</instance>
         <wf lemma="." pos="X">.</wf>
      </sentence>
      <sentence id="d000.s266" source="wordnet-galician">
         <wf lemma="o" pos="X">o</wf>
         <wf lemma="trigo" pos="X">trigo</wf>
         <wf lemma="é" pos="X">é</wf>
         <wf lemma="o" pos="X">o</wf>
         <instance id="d000.s266.t000" lemma="material" pos="NOUN">material</instance>
         <wf lemma="que" pos="X">que</wf>
         <wf lemma="se" pos="X">se</wf>
         <wf lemma="emprega" pos="X">emprega</wf>
         <wf lemma="para" pos="X">para</wf>
         <wf lemma="facer" pos="X">facer</wf>
         <wf lemma="o" pos="X">o</wf>
         <wf lemma="pan" pos="X">pan</wf>
         <wf lemma="." pos="X">.</wf>
      </sentence>
      <sentence id="d000.s267" source="wordnet-galician">
         <wf lemma="follas" pos="X">follas</wf>
         <instance id="d000.s267.t000" lemma="persistente" pos="ADJ">persistentes</instance>
         <wf lemma="que" pos="X">que</wf>
         <wf lemma="permanecen" pos="X">permanecen</wf>
         <wf lemma="agarradas" pos="X">agarradas</wf>
         <wf lemma="chegada" pos="X">chegada</wf>
         <wf lemma="a" pos="X">a</wf>
         <wf lemma="madurez" pos="X">madurez</wf>
         <wf lemma="." pos="X">.</wf>
      </sentence>
      <sentence id="d000.s268" source="wordnet-galician">
         <wf lemma="unha" pos="X">unha</wf>
         <wf lemma="escena" pos="X">escena</wf>
         <instance id="d000.s268.t000" lemma="exterior" pos="ADJ">exterior</instance>
         <wf lemma="." pos="X">.</wf>
      </sentence>
      <sentence id="d000.s269" source="wordnet-galician">
         <wf lemma="esta" pos="X">esta</wf>
         <wf lemma="acción" pos="X">acción</wf>
         <wf lemma="non" pos="X">non</wf>
         <wf lemma="é" pos="X">é</wf>
         <wf lemma="necesaria" pos="X">necesaria</wf>
         <wf lemma="," pos="X">,</wf>
         <wf lemma="nin" pos="X">nin</wf>
         <instance id="d000.s269.t000" lemma="aconsellable" pos="ADJ">aconsellable</instance>
         <wf lemma="." pos="X">.</wf>
      </sentence>
      <sentence id="d000.s270" source="wordnet-galician">
         <wf lemma="fíxose" pos="X">fíxose</wf>
         <instance id="d000.s270.t000" lemma="evidente" pos="ADJ">evidente</instance>
         <wf lemma="polo" pos="X">polo</wf>
         <wf lemma="seu" pos="X">seu</wf>
         <wf lemma="enfeitamento" pos="X">enfeitamento</wf>
         <wf lemma="exibicionista" pos="X">exibicionista</wf>
         <wf lemma="." pos="X">.</wf>
      </sentence>
      <sentence id="d000.s271" source="wordnet-galician">
         <wf lemma="a" pos="X">a</wf>
         <wf lemma="auga" pos="X">auga</wf>
         <wf lemma="," pos="X">,</wf>
         <wf lemma="ó" pos="X">ó</wf>
         <wf lemma="leite" pos="X">leite</wf>
         <wf lemma="e" pos="X">e</wf>
         <wf lemma="o" pos="X">o</wf>
         <wf lemma="sangue" pos="X">sangue</wf>
         <wf lemma="son" pos="X">son</wf>
         <wf lemma="substancias" pos="X">substancias</wf>
         <instance id="d000.s271.t000" lemma="líquido" pos="ADJ">líquidas</instance>
         <wf lemma="." pos="X">.</wf>
      </sentence>
      <sentence id="d000.s272" source="wordnet-galician">
         <wf lemma="unha" pos="X">unha</wf>
         <wf lemma="espora" pos="X">espora</wf>
         <wf lemma="pode" pos="X">pode</wf>
         <wf lemma="ser" pos="X">ser</wf>
         <instance id="d000.s272.t000" lemma="asexuado" pos="ADJ">asexuada</instance>
         <wf lemma="." pos="X">.</wf>
      </sentence>
      <sentence id="d000.s273" source="wordnet-galician">
         <wf lemma="un" pos="X">un</wf>
         <wf lemma="interlocutor" pos="X">interlocutor</wf>
         <instance id="d000.s273.t000" lemma="seguro" pos="ADJ">seguro</instance>
         <wf lemma="." pos="X">.</wf>
      </sentence>
      <sentence id="d000.s274" source="wordnet-galician">
         <wf lemma="dúas" pos="X">dúas</wf>
         <wf lemma="escolas" pos="X">escolas</wf>
         <wf lemma="de" pos="X">de</wf>
         <wf lemma="pensamento" pos="X">pensamento</wf>
         <wf lemma="radicalmente" pos="X">radicalmente</wf>
         <instance id="d000.s274.t000" lemma="oposto" pos="ADJ">opostas</instance>
         <wf lemma="." pos="X">.</wf>
      </sentence>
      <sentence id="d000.s275" source="wordnet-galician">
         <wf lemma="respiración" pos="X">respiración</wf>
         <instance id="d000.s275.t000" lemma="superficial" pos="ADJ">superficial</instance>
         <wf lemma="." pos="X">.</wf>
      </sentence>
      <sentence id="d000.s276" source="wordnet-galician">
         <wf lemma="un" pos="X">un</wf>
         <wf lemma="sorriso" pos="X">sorriso</wf>
         <instance id="d000.s276.t000" lemma="benigno" pos="ADJ">benigno</instance>
         <wf lemma="." pos="X">.</wf>
      </sentence>
      <sentence id="d000.s277" source="wordnet-galician">
         <wf lemma="un" pos="X">un</wf>
         <wf lemma="armario" pos="X">armario</wf>
         <instance id="d000.s277.t000" lemma="fondo" pos="ADJ">fondo</instance>
         <wf lemma="." pos="X">.</wf>
      </sentence>
      <sentence id="d000.s278" source="wordnet-galician">
         <wf lemma="deunos" pos="X">deunos</wf>
         <wf lemma="unha" pos="X">unha</wf>
         <wf lemma="idea" pos="X">idea</wf>
         <instance id="d000.s278.t000" lemma="claro" pos="ADJ">clara</instance>
         <wf lemma="da" pos="X">da</wf>
         <wf lemma="natureza" pos="X">natureza</wf>
         <wf lemma="humana" pos="X">humana</wf>
         <wf lemma="." pos="X">.</wf>
      </sentence>
      <sentence id="d000.s279" source="wordnet-galician">
         <wf lemma="un" pos="X">un</wf>
         <wf lemma="representante" pos="X">representante</wf>
         <instance id="d000.s279.t000" lemma="oficial" pos="ADJ">oficial</instance>
         <wf lemma="." pos="X">.</wf>
      </sentence>
      <sentence id="d000.s280" source="wordnet-galician">
         <wf lemma="a" pos="X">a</wf>
         <wf lemma="luz" pos="X">luz</wf>
         <instance id="d000.s280.t000" lemma="monocromático" pos="ADJ">monocromática</instance>
         <wf lemma="." pos="X">.</wf>
      </sentence>
      <sentence id="d000.s281" source="wordnet-galician">
         <wf lemma="chan" pos="X">chan</wf>
         <instance id="d000.s281.t000" lemma="permeable" pos="ADJ">permeable</instance>
         <wf lemma="." pos="X">.</wf>
      </sentence>
      <sentence id="d000.s282" source="wordnet-galician">
         <wf lemma="a" pos="X">a</wf>
         <wf lemma="ignorancia" pos="X">ignorancia</wf>
         <instance id="d000.s282.t000" lemma="inxenuo" pos="ADJ">inxenua</instance>
         <wf lemma="dun" pos="X">dun</wf>
         <wf lemma="adolescente" pos="X">adolescente</wf>
         <wf lemma="." pos="X">.</wf>
      </sentence>
      <sentence id="d000.s283" source="wordnet-galician">
         <wf lemma="un" pos="X">un</wf>
         <wf lemma="sentido" pos="X">sentido</wf>
         <wf lemma="do" pos="X">do</wf>
         <wf lemma="humor" pos="X">humor</wf>
         <instance id="d000.s283.t000" lemma="atractivo" pos="ADJ">atractivo</instance>
         <wf lemma="." pos="X">.</wf>
      </sentence>
      <sentence id="d000.s284" source="wordnet-galician">
         <wf lemma="un" pos="X">un</wf>
         <wf lemma="hotel" pos="X">hotel</wf>
         <instance id="d000.s284.t000" lemma="residencial" pos="ADJ">residencial</instance>
         <wf lemma="." pos="X">.</wf>
      </sentence>
      <sentence id="d000.s285" source="wordnet-galician">
         <wf lemma="sorprendentemente" pos="X">sorprendentemente</wf>
         <wf lemma="a" pos="X">a</wf>
         <wf lemma="cortina" pos="X">cortina</wf>
         <wf lemma="comezou" pos="X">comezou</wf>
         <wf lemma="a" pos="X">a</wf>
         <wf lemma="subir" pos="X">subir</wf>
         <wf lemma="mentres" pos="X">mentres</wf>
         <wf lemma="a" pos="X">a</wf>
         <wf lemma="iluminación" pos="X">iluminación</wf>
         <wf lemma="aínda" pos="X">aínda</wf>
         <wf lemma="estaba" pos="X">estaba</wf>
         <instance id="d000.s285.t000" lemma="forte" pos="ADJ">forte</instance>
         <wf lemma="." pos="X">.</wf>
      </sentence>
      <sentence id="d000.s286" source="wordnet-galician">
         <wf lemma="drogas" pos="X">drogas</wf>
         <instance id="d000.s286.t000" lemma="potente" pos="ADJ">potentes</instance>
         <wf lemma="." pos="X">.</wf>
      </sentence>
      <sentence id="d000.s287" source="wordnet-galician">
         <wf lemma="fonte" pos="X">fonte</wf>
         <instance id="d000.s287.t000" lemma="secundario" pos="ADJ">secundaria</instance>
         <wf lemma="." pos="X">.</wf>
      </sentence>
      <sentence id="d000.s288" source="wordnet-galician">
         <wf lemma="unha" pos="X">unha</wf>
         <instance id="d000.s288.t000" lemma="emulsión" pos="NOUN">emulsión</instance>
         <wf lemma="de" pos="X">de</wf>
         <wf lemma="aceite" pos="X">aceite</wf>
         <wf lemma="en" pos="X">en</wf>
         <wf lemma="auga" pos="X">auga</wf>
         <wf lemma="." pos="X">.</wf>
      </sentence>
      <sentence id="d000.s289" source="wordnet-galician">
         <wf lemma="os" pos="X">os</wf>
         <wf lemma="veciños" pos="X">veciños</wf>
         <wf lemma="escapan" pos="X">escapan</wf>
         <wf lemma="da" pos="X">da</wf>
         <wf lemma="área" pos="X">área</wf>
         <wf lemma="crendo" pos="X">crendo</wf>
         <wf lemma="que" pos="X">que</wf>
         <wf lemma="está" pos="X">está</wf>
         <instance id="d000.s289.t000" lemma="maldito" pos="ADJ">maldita</instance>
         <wf lemma="." pos="X">.</wf>
      </sentence>
      <sentence id="d000.s290" source="wordnet-galician">
         <wf lemma="os" pos="X">os</wf>
         <wf lemma="restaurantes" pos="X">restaurantes</wf>
         <wf lemma="familiares" pos="X">familiares</wf>
         <instance id="d000.s290.t000" lemma="barato" pos="ADJ">baratos</instance>
         <wf lemma="." pos="X">.</wf>
      </sentence>
      <sentence id="d000.s291" source="wordnet-galician">
         <wf lemma="un" pos="X">un</wf>
         <wf lemma="momento" pos="X">momento</wf>
         <instance id="d000.s291.t000" lemma="crucial" pos="ADJ">crucial</instance>
         <wf lemma="na" pos="X">na</wf>
         <wf lemma="súa" pos="X">súa</wf>
         <wf lemma="carreira" pos="X">carreira</wf>
         <wf lemma="." pos="X">.</wf>
      </sentence>
      <sentence id="d000.s292" source="wordnet-galician">
         <wf lemma="unha" pos="X">unha</wf>
         <wf lemma="actitude" pos="X">actitude</wf>
         <instance id="d000.s292.t000" lemma="construtivo" pos="ADJ">construtiva</instance>
         <wf lemma="." pos="X">.</wf>
      </sentence>
      <sentence id="d000.s293" source="wordnet-galician">
         <wf lemma="esperou" pos="X">esperou</wf>
         <wf lemma="ata" pos="X">ata</wf>
         <wf lemma="o" pos="X">o</wf>
         <instance id="d000.s293.t000" lemma="último" pos="ADJ">último</instance>
         <wf lemma="minuto" pos="X">minuto</wf>
         <wf lemma="." pos="X">.</wf>
      </sentence>
      <sentence id="d000.s294" source="wordnet-galician">
         <wf lemma="a" pos="X">a</wf>
         <wf lemma="rendición" pos="X">rendición</wf>
         <instance id="d000.s294.t000" lemma="incondicional" pos="ADJ">incondicional</instance>
         <wf lemma="." pos="X">.</wf>
      </sentence>
      <sentence id="d000.s295" source="wordnet-galician">
         <wf lemma="os" pos="X">os</wf>
         <wf lemma="pratos" pos="X">pratos</wf>
         <wf lemma="de" pos="X">de</wf>
         <wf lemma="plástico" pos="X">plástico</wf>
         <instance id="d000.s295.t000" lemma="irrompible" pos="ADJ">irrompible</instance>
         <wf lemma="." pos="X">.</wf>
      </sentence>
      <sentence id="d000.s296" source="wordnet-galician">
         <wf lemma="un" pos="X">un</wf>
         <wf lemma="xuíz" pos="X">xuíz</wf>
         <instance id="d000.s296.t000" lemma="prexuizoso" pos="ADJ">prexuizoso</instance>
         <wf lemma="." pos="X">.</wf>
      </sentence>
      <sentence id="d000.s297" source="wordnet-galician">
         <wf lemma="é" pos="X">é</wf>
         <wf lemma="un" pos="X">un</wf>
         <wf lemma="empregado" pos="X">empregado</wf>
         <instance id="d000.s297.t000" lemma="experto" pos="ADJ">experto</instance>
         <wf lemma="." pos="X">.</wf>
      </sentence>
      <sentence id="d000.s298" source="wordnet-galician">
         <wf lemma="os" pos="X">os</wf>
         <wf lemma="peixes" pos="X">peixes</wf>
         <wf lemma="teñen" pos="X">teñen</wf>
         <wf lemma="a" pos="X">a</wf>
         <instance id="d000.s298.t000" lemma="hemoglobina" pos="NOUN">hemoglobina</instance>
         <wf lemma="máis" pos="X">máis</wf>
         <wf lemma="simple" pos="X">simple</wf>
         <wf lemma="que" pos="X">que</wf>
         <wf lemma="os" pos="X">os</wf>
         <wf lemma="mamíferos" pos="X">mamíferos</wf>
         <wf lemma="." pos="X">.</wf>
      </sentence>
      <sentence id="d000.s299" source="wordnet-galician">
         <wf lemma="escoitou" pos="X">escoitou</wf>
         <wf lemma="a" pos="X">a</wf>
         <wf lemma="voz" pos="X">voz</wf>
         <wf lemma="suave" pos="X">suave</wf>
         <wf lemma="e" pos="X">e</wf>
         <instance id="d000.s299.t000" lemma="compasivo" pos="ADJ">compasiva</instance>
         <wf lemma="das" pos="X">das</wf>
         <wf lemma="mulleres" pos="X">mulleres</wf>
         <wf lemma="." pos="X">.</wf>
      </sentence>
      <sentence id="d000.s300" source="wordnet-galician">
         <wf lemma="música" pos="X">música</wf>
         <wf lemma="de" pos="X">de</wf>
         <wf lemma="violín" pos="X">violín</wf>
         <instance id="d000.s300.t000" lemma="puro" pos="ADJ">pura</instance>
         <wf lemma="e" pos="X">e</wf>
         <wf lemma="encantadora" pos="X">encantadora</wf>
         <wf lemma="." pos="X">.</wf>
      </sentence>
      <sentence id="d000.s301" source="wordnet-galician">
         <wf lemma="branquias" pos="X">branquias</wf>
         <instance id="d000.s301.t000" lemma="persistente" pos="ADJ">persistentes</instance>
         <wf lemma="dos" pos="X">dos</wf>
         <wf lemma="peixes" pos="X">peixes</wf>
         <wf lemma="." pos="X">.</wf>
      </sentence>
      <sentence id="d000.s302" source="wordnet-galician">
         <wf lemma="a" pos="X">a</wf>
         <wf lemma="minaría" pos="X">minaría</wf>
         <wf lemma="é" pos="X">é</wf>
         <wf lemma="un" pos="X">un</wf>
         <wf lemma="traballo" pos="X">traballo</wf>
         <instance id="d000.s302.t000" lemma="sucio" pos="ADJ">sucio</instance>
         <wf lemma="." pos="X">.</wf>
      </sentence>
      <sentence id="d000.s303" source="wordnet-galician">
         <instance id="d000.s303.t000" lemma="listo" pos="ADJ">listo</instance>
         <wf lemma="para" pos="X">para</wf>
         <wf lemma="a" pos="X">a</wf>
         <wf lemma="acción" pos="X">acción</wf>
         <wf lemma="." pos="X">.</wf>
      </sentence>
      <sentence id="d000.s304" source="wordnet-galician">
         <wf lemma="estradas" pos="X">estradas</wf>
         <instance id="d000.s304.t000" lemma="largo" pos="ADJ">largas</instance>
         <wf lemma="." pos="X">.</wf>
      </sentence>
      <sentence id="d000.s305" source="wordnet-galician">
         <wf lemma="un" pos="X">un</wf>
         <wf lemma="navío" pos="X">navío</wf>
         <instance id="d000.s305.t000" lemma="equipado" pos="ADJ">equipado</instance>
         <wf lemma="con" pos="X">con</wf>
         <wf lemma="todo" pos="X">todo</wf>
         <wf lemma="o" pos="X">o</wf>
         <wf lemma="mecánico" pos="X">mecánico</wf>
         <wf lemma="auxiliar" pos="X">auxiliar</wf>
         <wf lemma="para" pos="X">para</wf>
         <wf lemma="a" pos="X">a</wf>
         <wf lemma="navegación" pos="X">navegación</wf>
         <wf lemma="." pos="X">.</wf>
      </sentence>
      <sentence id="d000.s306" source="wordnet-galician">
         <wf lemma="o" pos="X">o</wf>
         <wf lemma="nervio" pos="X">nervio</wf>
         <wf lemma="está" pos="X">está</wf>
         <instance id="d000.s306.t000" lemma="vivo" pos="ADJ">vivo</instance>
         <wf lemma="." pos="X">.</wf>
      </sentence>
      <sentence id="d000.s307" source="wordnet-galician">
         <wf lemma="métodos" pos="X">métodos</wf>
         <wf lemma="e" pos="X">e</wf>
         <wf lemma="deseños" pos="X">deseños</wf>
         <wf lemma="superados" pos="X">superados</wf>
         <wf lemma="e" pos="X">e</wf>
         <instance id="d000.s307.t000" lemma="ineficiente" pos="ADJ">ineficientes</instance>
         <wf lemma="." pos="X">.</wf>
      </sentence>
      <sentence id="d000.s308" source="wordnet-galician">
         <wf lemma="a" pos="X">a</wf>
         <wf lemma="boca" pos="X">boca</wf>
         <wf lemma="lixeiramente" pos="X">lixeiramente</wf>
         <instance id="d000.s308.t000" lemma="aberto" pos="ADJ">aberta</instance>
         <wf lemma="." pos="X">.</wf>
      </sentence>
      <sentence id="d000.s309" source="wordnet-galician">
         <wf lemma="un" pos="X">un</wf>
         <wf lemma="reino" pos="X">reino</wf>
         <instance id="d000.s309.t000" lemma="subordinado" pos="ADJ">subordinado</instance>
         <wf lemma="." pos="X">.</wf>
      </sentence>
      <sentence id="d000.s310" source="wordnet-galician">
         <wf lemma="un" pos="X">un</wf>
         <wf lemma="home" pos="X">home</wf>
         <wf lemma="de" pos="X">de</wf>
         <wf lemma="xuízo" pos="X">xuízo</wf>
         <instance id="d000.s310.t000" lemma="estadista" pos="ADJ">estadista</instance>
         <wf lemma="." pos="X">.</wf>
      </sentence>
      <sentence id="d000.s311" source="wordnet-galician">
         <wf lemma="actividades" pos="X">actividades</wf>
         <instance id="d000.s311.t000" lemma="académico" pos="ADJ">académicas</instance>
         <wf lemma="." pos="X">.</wf>
      </sentence>
      <sentence id="d000.s312" source="wordnet-galician">
         <wf lemma="unha" pos="X">unha</wf>
         <wf lemma="noite" pos="X">noite</wf>
         <instance id="d000.s312.t000" lemma="infeliz" pos="ADJ">infeliz</instance>
         <wf lemma="para" pos="X">para</wf>
         <wf lemma="todos" pos="X">todos</wf>
         <wf lemma="os" pos="X">os</wf>
         <wf lemma="implicados" pos="X">implicados</wf>
         <wf lemma="." pos="X">.</wf>
      </sentence>
      <sentence id="d000.s313" source="wordnet-galician">
         <wf lemma="a" pos="X">a</wf>
         <wf lemma="maioría" pos="X">maioría</wf>
         <wf lemma="das" pos="X">das</wf>
         <wf lemma="cousas" pos="X">cousas</wf>
         <wf lemma="pesadas" pos="X">pesadas</wf>
         <wf lemma="e" pos="X">e</wf>
         <instance id="d000.s313.t000" lemma="material" pos="ADJ">materiais</instance>
         <wf lemma="(" pos="X">(</wf>
         <wf lemma="Shakespeare" pos="X">Shakespeare</wf>
         <wf lemma=")" pos="X">)</wf>
         <wf lemma="." pos="X">.</wf>
      </sentence>
      <sentence id="d000.s314" source="wordnet-galician">
         <wf lemma="unha" pos="X">unha</wf>
         <wf lemma="hernia" pos="X">hernia</wf>
         <instance id="d000.s314.t000" lemma="irredutible" pos="ADJ">irredutible</instance>
         <wf lemma="." pos="X">.</wf>
      </sentence>
      <sentence id="d000.s315" source="wordnet-galician">
         <wf lemma="unha" pos="X">unha</wf>
         <wf lemma="declaración" pos="X">declaración</wf>
         <instance id="d000.s315.t000" lemma="inequívoco" pos="ADJ">inequívoca</instance>
         <wf lemma="(" pos="X">(</wf>
         <wf lemma="ou" pos="X">ou</wf>
         <wf lemma="unívoca" pos="X">unívoca</wf>
         <wf lemma=")" pos="X">)</wf>
         <wf lemma="." pos="X">.</wf>
      </sentence>
      <sentence id="d000.s316" source="wordnet-galician">
         <wf lemma="experiencia" pos="X">experiencia</wf>
         <instance id="d000.s316.t000" lemma="sensorial" pos="ADJ">sensorial</instance>
         <wf lemma="." pos="X">.</wf>
      </sentence>
      <sentence id="d000.s317" source="wordnet-galician">
         <wf lemma="un" pos="X">un</wf>
         <wf lemma="porto" pos="X">porto</wf>
         <instance id="d000.s317.t000" lemma="libre" pos="ADJ">libre</instance>
         <wf lemma="." pos="X">.</wf>
      </sentence>
      <sentence id="d000.s318" source="wordnet-galician">
         <wf lemma="unha" pos="X">unha</wf>
         <wf lemma="alimentación" pos="X">alimentación</wf>
         <instance id="d000.s318.t000" lemma="saudable" pos="ADJ">saudable</instance>
         <wf lemma="." pos="X">.</wf>
      </sentence>
      <sentence id="d000.s319" source="wordnet-galician">
         <wf lemma="medidas" pos="X">medidas</wf>
         <instance id="d000.s319.t000" lemma="deflacionista" pos="ADJ">deflacionistas</instance>
         <wf lemma="." pos="X">.</wf>
      </sentence>
      <sentence id="d000.s320" source="wordnet-galician">
         <instance id="d000.s320.t000" lemma="incerto" pos="ADJ">incerto</instance>
         <wf lemma="das" pos="X">das</wf>
         <wf lemma="súas" pos="X">súas</wf>
         <wf lemma="conviccións" pos="X">conviccións</wf>
         <wf lemma="." pos="X">.</wf>
      </sentence>
      <sentence id="d000.s321" source="wordnet-galician">
         <wf lemma="as" pos="X">as</wf>
         <wf lemma="flores" pos="X">flores</wf>
         <instance id="d000.s321.t000" lemma="sésil" pos="ADJ">sésiles</instance>
         <wf lemma="." pos="X">.</wf>
      </sentence>
      <sentence id="d000.s322" source="wordnet-galician">
         <wf lemma="ferido" pos="X">ferido</wf>
         <wf lemma="por" pos="X">por</wf>
         <wf lemma="un" pos="X">un</wf>
         <wf lemma="comentario" pos="X">comentario</wf>
         <instance id="d000.s322.t000" lemma="descoidado" pos="ADJ">descoidado</instance>
         <wf lemma="." pos="X">.</wf>
      </sentence>
      <sentence id="d000.s323" source="wordnet-galician">
         <wf lemma="presión" pos="X">presión</wf>
         <instance id="d000.s323.t000" lemma="político" pos="ADJ">política</instance>
         <wf lemma="." pos="X">.</wf>
      </sentence>
      <sentence id="d000.s324" source="wordnet-galician">
         <wf lemma="linguaxe" pos="X">linguaxe</wf>
         <instance id="d000.s324.t000" lemma="técnico" pos="ADJ">técnica</instance>
         <wf lemma="." pos="X">.</wf>
      </sentence>
      <sentence id="d000.s325" source="wordnet-galician">
         <wf lemma="roupa" pos="X">roupa</wf>
         <wf lemma="para" pos="X">para</wf>
         <wf lemma="o" pos="X">o</wf>
         <instance id="d000.s325.t000" lemma="exterior" pos="ADJ">exterior</instance>
         <wf lemma="." pos="X">.</wf>
      </sentence>
      <sentence id="d000.s326" source="wordnet-galician">
         <wf lemma="o" pos="X">o</wf>
         <wf lemma="cara" pos="X">cara</wf>
         <wf lemma="a" pos="X">a</wf>
         <wf lemma="cara" pos="X">cara</wf>
         <wf lemma="foi" pos="X">foi</wf>
         <instance id="d000.s326.t000" lemma="decoroso" pos="ADJ">decoroso</instance>
         <wf lemma="ao" pos="X">ao</wf>
         <wf lemma="extremo" pos="X">extremo</wf>
         <wf lemma="." pos="X">.</wf>
      </sentence>
      <sentence id="d000.s327" source="wordnet-galician">
         <wf lemma="a" pos="X">a</wf>
         <wf lemma="pedra" pos="X">pedra</wf>
         <wf lemma="será" pos="X">será</wf>
         <wf lemma="arrastrada" pos="X">arrastrada</wf>
         <wf lemma="a" pos="X">a</wf>
         <wf lemma="unha" pos="X">unha</wf>
         <wf lemma="trituradora" pos="X">trituradora</wf>
         <instance id="d000.s327.t000" lemma="secundario" pos="ADJ">secundaria</instance>
         <wf lemma="." pos="X">.</wf>
      </sentence>
      <sentence id="d000.s328" source="wordnet-galician">
         <wf lemma="certos" pos="X">certos</wf>
         <wf lemma="xerófitos" pos="X">xerófitos</wf>
         <wf lemma="altamente" pos="X">altamente</wf>
         <wf lemma="especializados" pos="X">especializados</wf>
         <wf lemma="son" pos="X">son</wf>
         <wf lemma="moi" pos="X">moi</wf>
         <instance id="d000.s328.t000" lemma="esixente" pos="ADJ">esixentes</instance>
         <wf lemma="nos" pos="X">nos</wf>
         <wf lemma="seus" pos="X">seus</wf>
         <wf lemma="requisitos" pos="X">requisitos</wf>
         <wf lemma="." pos="X">.</wf>
      </sentence>
      <sentence id="d000.s329" source="wordnet-galician">
         <wf lemma="diñeiro" pos="X">diñeiro</wf>
         <instance id="d000.s329.t000" lemma="antigo" pos="ADJ">antigo</instance>
         <wf lemma="." pos="X">.</wf>
      </sentence>
      <sentence id="d000.s330" source="wordnet-galician">
         <wf lemma="o" pos="X">o</wf>
         <wf lemma="hemisferio" pos="X">hemisferio</wf>
         <instance id="d000.s330.t000" lemma="norte" pos="ADJ">norte</instance>
         <wf lemma="." pos="X">.</wf>
      </sentence>
      <sentence id="d000.s331" source="wordnet-galician">
         <wf lemma="a" pos="X">a</wf>
         <wf lemma="influencia" pos="X">influencia</wf>
         <instance id="d000.s331.t000" lemma="indebido" pos="ADJ">indebida</instance>
         <wf lemma="." pos="X">.</wf>
      </sentence>
      <sentence id="d000.s332" source="wordnet-galician">
         <wf lemma="a" pos="X">a</wf>
         <instance id="d000.s332.t000" lemma="típico" pos="ADJ">típica</instance>
         <wf lemma="comunidade" pos="X">comunidade</wf>
         <wf lemma="suburbana" pos="X">suburbana</wf>
         <wf lemma="." pos="X">.</wf>
      </sentence>
      <sentence id="d000.s333" source="wordnet-galician">
         <wf lemma="un" pos="X">un</wf>
         <wf lemma="xuíz" pos="X">xuíz</wf>
         <wf lemma="que" pos="X">que</wf>
         <wf lemma="é" pos="X">é</wf>
         <instance id="d000.s333.t000" lemma="tolerante" pos="ADJ">tolerante</instance>
         <wf lemma="," pos="X">,</wf>
         <wf lemma="pero" pos="X">pero</wf>
         <wf lemma="imparcial" pos="X">imparcial</wf>
         <wf lemma="." pos="X">.</wf>
      </sentence>
      <sentence id="d000.s334" source="wordnet-galician">
         <wf lemma="dano" pos="X">dano</wf>
         <instance id="d000.s334.t000" lemma="irreparable" pos="ADJ">irreparable</instance>
         <wf lemma="." pos="X">.</wf>
      </sentence>
      <sentence id="d000.s335" source="wordnet-galician">
         <wf lemma="unha" pos="X">unha</wf>
         <wf lemma="mentira" pos="X">mentira</wf>
         <instance id="d000.s335.t000" lemma="palpable" pos="ADJ">palpable</instance>
         <wf lemma="." pos="X">.</wf>
      </sentence>
      <sentence id="d000.s336" source="wordnet-galician">
         <wf lemma="a" pos="X">a</wf>
         <wf lemma="popularidade" pos="X">popularidade</wf>
         <wf lemma="é" pos="X">é</wf>
         <wf lemma="unha" pos="X">unha</wf>
         <wf lemma="coroa" pos="X">coroa</wf>
         <instance id="d000.s336.t000" lemma="equívoco" pos="ADJ">equívoca</instance>
         <wf lemma="." pos="X">.</wf>
      </sentence>
      <sentence id="d000.s337" source="wordnet-galician">
         <wf lemma="o" pos="X">o</wf>
         <wf lemma="profesor" pos="X">profesor</wf>
         <wf lemma="deu" pos="X">deu</wf>
         <wf lemma="unha" pos="X">unha</wf>
         <wf lemma="escusa" pos="X">escusa</wf>
         <instance id="d000.s337.t000" lemma="inverosímil" pos="ADJ">inverosímil</instance>
         <wf lemma="." pos="X">.</wf>
      </sentence>
      <sentence id="d000.s338" source="wordnet-galician">
         <wf lemma="un" pos="X">un</wf>
         <wf lemma="sistema" pos="X">sistema</wf>
         <instance id="d000.s338.t000" lemma="federal" pos="ADJ">federal</instance>
         <wf lemma="como" pos="X">como</wf>
         <wf lemma="o" pos="X">o</wf>
         <wf lemma="de" pos="X">de</wf>
         <wf lemma="Estados" pos="X">Estados</wf>
         <wf lemma="Unidos" pos="X">Unidos</wf>
         <wf lemma="." pos="X">.</wf>
      </sentence>
      <sentence id="d000.s339" source="wordnet-galician">
         <wf lemma="é" pos="X">é</wf>
         <wf lemma="de" pos="X">de</wf>
         <wf lemma="coñecemento" pos="X">coñecemento</wf>
         <instance id="d000.s339.t000" lemma="común" pos="ADJ">común</instance>
         <wf lemma="que" pos="X">que</wf>
         <wf lemma="vive" pos="X">vive</wf>
         <wf lemma="soa" pos="X">soa</wf>
         <wf lemma="." pos="X">.</wf>
      </sentence>
      <sentence id="d000.s340" source="wordnet-galician">
         <wf lemma="un" pos="X">un</wf>
         <wf lemma="avión" pos="X">avión</wf>
         <wf lemma="de" pos="X">de</wf>
         <instance id="d000.s340.t000" lemma="medio" pos="ADJ">medio</instance>
         <wf lemma="alcance" pos="X">alcance</wf>
         <wf lemma="." pos="X">.</wf>
      </sentence>
      <sentence id="d000.s341" source="wordnet-galician">
         <wf lemma="impresión" pos="X">impresión</wf>
         <instance id="d000.s341.t000" lemma="desfavorable" pos="ADJ">desfavorable</instance>
         <wf lemma="." pos="X">.</wf>
      </sentence>
      <sentence id="d000.s342" source="wordnet-galician">
         <wf lemma="unha" pos="X">unha</wf>
         <wf lemma="pintura" pos="X">pintura</wf>
         <wf lemma="exterior" pos="X">exterior</wf>
         <instance id="d000.s342.t000" lemma="bo" pos="ADJ">boa</instance>
         <wf lemma="." pos="X">.</wf>
      </sentence>
      <sentence id="d000.s343" source="wordnet-galician">
         <wf lemma="un" pos="X">un</wf>
         <wf lemma="profesor" pos="X">profesor</wf>
         <instance id="d000.s343.t000" lemma="ineficaz" pos="ADJ">ineficaz</instance>
         <wf lemma="." pos="X">.</wf>
      </sentence>
      <sentence id="d000.s344" source="wordnet-galician">
         <wf lemma="un" pos="X">un</wf>
         <wf lemma="estilo" pos="X">estilo</wf>
         <wf lemma="de" pos="X">de</wf>
         <wf lemma="escritura" pos="X">escritura</wf>
         <wf lemma="no" pos="X">no</wf>
         <wf lemma="que" pos="X">que</wf>
         <wf lemma="cada" pos="X">cada</wf>
         <wf lemma="palabra" pos="X">palabra</wf>
         <wf lemma="é" pos="X">é</wf>
         <instance id="d000.s344.t000" lemma="funcional" pos="ADJ">funcional</instance>
         <wf lemma="." pos="X">.</wf>
      </sentence>
      <sentence id="d000.s345" source="wordnet-galician">
         <wf lemma="frauta" pos="X">frauta</wf>
         <instance id="d000.s345.t000" lemma="segundo" pos="ADJ">segunda</instance>
         <wf lemma="." pos="X">.</wf>
      </sentence>
      <sentence id="d000.s346" source="wordnet-galician">
         <wf lemma="a" pos="X">a</wf>
         <wf lemma="súa" pos="X">súa</wf>
         <wf lemma="conduta" pos="X">conduta</wf>
         <instance id="d000.s346.t000" lemma="digno" pos="ADJ">digna</instance>
         <wf lemma="." pos="X">.</wf>
      </sentence>
      <sentence id="d000.s347" source="wordnet-galician">
         <wf lemma="interese" pos="X">interese</wf>
         <instance id="d000.s347.t000" lemma="primario" pos="ADJ">primario</instance>
         <wf lemma="." pos="X">.</wf>
      </sentence>
      <sentence id="d000.s348" source="wordnet-galician">
         <wf lemma="un" pos="X">un</wf>
         <wf lemma="xesto" pos="X">xesto</wf>
         <instance id="d000.s348.t000" lemma="torpe" pos="ADJ">torpe</instance>
         <wf lemma="." pos="X">.</wf>
      </sentence>
      <sentence id="d000.s349" source="wordnet-galician">
         <wf lemma="vagabundos" pos="X">vagabundos</wf>
         <instance id="d000.s349.t000" lemma="ocioso" pos="ADJ">ociosos</instance>
         <wf lemma="." pos="X">.</wf>
      </sentence>
      <sentence id="d000.s350" source="wordnet-galician">
         <wf lemma="condicións" pos="X">condicións</wf>
         <wf lemma="políticas" pos="X">políticas</wf>
         <instance id="d000.s350.t000" lemma="inestable" pos="ADJ">inestables</instance>
         <wf lemma="." pos="X">.</wf>
      </sentence>
      <sentence id="d000.s351" source="wordnet-galician">
         <wf lemma="a" pos="X">a</wf>
         <instance id="d000.s351.t000" lemma="frío" pos="ADJ">fría</instance>
         <wf lemma="idea" pos="X">idea</wf>
         <wf lemma="de" pos="X">de</wf>
         <wf lemma="subir" pos="X">subir</wf>
         <wf lemma="os" pos="X">os</wf>
         <wf lemma="impostos" pos="X">impostos</wf>
         <wf lemma="." pos="X">.</wf>
      </sentence>
      <sentence id="d000.s352" source="wordnet-galician">
         <wf lemma="forma" pos="X">forma</wf>
         <wf lemma="verbal" pos="X">verbal</wf>
         <instance id="d000.s352.t000" lemma="infinito" pos="ADJ">infinita</instance>
         <wf lemma="." pos="X">.</wf>
      </sentence>
      <sentence id="d000.s353" source="wordnet-galician">
         <wf lemma="'negro" pos="X">'negro</wf>
         <wf lemma="'" pos="X">'</wf>
         <wf lemma="é" pos="X">é</wf>
         <wf lemma="un" pos="X">un</wf>
         <wf lemma="termo" pos="X">termo</wf>
         <instance id="d000.s353.t000" lemma="disfemístico" pos="ADJ">disfemístico</instance>
         <wf lemma="para" pos="X">para</wf>
         <wf lemma="os" pos="X">os</wf>
         <wf lemma="'" pos="X">'</wf>
         <wf lemma="norteamericanos" pos="X">norteamericanos</wf>
         <wf lemma="de" pos="X">de</wf>
         <wf lemma="orixe" pos="X">orixe</wf>
         <wf lemma="africano" pos="X">africano</wf>
         <wf lemma="'" pos="X">'</wf>
         <wf lemma="." pos="X">.</wf>
      </sentence>
      <sentence id="d000.s354" source="wordnet-galician">
         <wf lemma="a" pos="X">a</wf>
         <wf lemma="discapacidade" pos="X">discapacidade</wf>
         <wf lemma="da" pos="X">da</wf>
         <instance id="d000.s354.t000" lemma="ada" pos="NOUN">ADA</instance>
         <wf lemma="pode" pos="X">pode</wf>
         <wf lemma="levar" pos="X">levar</wf>
         <wf lemma="a" pos="X">a</wf>
         <wf lemma="unha" pos="X">unha</wf>
         <wf lemma="forma" pos="X">forma</wf>
         <wf lemma="de" pos="X">de</wf>
         <wf lemma="enfermidade" pos="X">enfermidade</wf>
         <wf lemma="da" pos="X">da</wf>
         <wf lemma="inmunodeficiencia" pos="X">inmunodeficiencia</wf>
         <wf lemma="combinada" pos="X">combinada</wf>
         <wf lemma="severa" pos="X">severa</wf>
         <wf lemma="." pos="X">.</wf>
      </sentence>
      <sentence id="d000.s355" source="wordnet-galician">
         <wf lemma="a" pos="X">a</wf>
         <wf lemma="manobra" pos="X">manobra</wf>
         <instance id="d000.s355.t000" lemma="interno" pos="ADJ">interna</instance>
         <wf lemma="do" pos="X">do</wf>
         <wf lemma="partido" pos="X">partido</wf>
         <wf lemma="." pos="X">.</wf>
      </sentence>
      <sentence id="d000.s356" source="wordnet-galician">
         <wf lemma="desvantaxes" pos="X">desvantaxes</wf>
         <instance id="d000.s356.t000" lemma="insalvable" pos="ADJ">insalvables</instance>
         <wf lemma="." pos="X">.</wf>
      </sentence>
      <sentence id="d000.s357" source="wordnet-galician">
         <wf lemma="un" pos="X">un</wf>
         <wf lemma="remedio" pos="X">remedio</wf>
         <instance id="d000.s357.t000" lemma="específico" pos="ADJ">específico</instance>
         <wf lemma="." pos="X">.</wf>
      </sentence>
      <sentence id="d000.s358" source="wordnet-galician">
         <wf lemma="unha" pos="X">unha</wf>
         <wf lemma="visión" pos="X">visión</wf>
         <instance id="d000.s358.t000" lemma="unidireccional" pos="ADJ">unidireccional</instance>
         <wf lemma="para" pos="X">para</wf>
         <wf lemma="un" pos="X">un</wf>
         <wf lemma="problema" pos="X">problema</wf>
         <wf lemma="." pos="X">.</wf>
      </sentence>
      <sentence id="d000.s359" source="wordnet-galician">
         <wf lemma="dúas" pos="X">dúas</wf>
         <wf lemma="caixas" pos="X">caixas</wf>
         <wf lemma="coas" pos="X">coas</wf>
         <instance id="d000.s359.t000" lemma="mesmo" pos="ADJ">mesmas</instance>
         <wf lemma="dimensións" pos="X">dimensións</wf>
         <wf lemma="." pos="X">.</wf>
      </sentence>
      <sentence id="d000.s360" source="wordnet-galician">
         <wf lemma="un" pos="X">un</wf>
         <wf lemma="contador" pos="X">contador</wf>
         <wf lemma="público" pos="X">público</wf>
         <instance id="d000.s360.t000" lemma="certificado" pos="ADJ">certificado</instance>
         <wf lemma="." pos="X">.</wf>
      </sentence>
      <sentence id="d000.s361" source="wordnet-galician">
         <wf lemma="unha" pos="X">unha</wf>
         <wf lemma="terra" pos="X">terra</wf>
         <instance id="d000.s361.t000" lemma="pobre" pos="ADJ">pobre</instance>
         <wf lemma="." pos="X">.</wf>
      </sentence>
      <sentence id="d000.s362" source="wordnet-galician">
         <wf lemma="confesión" pos="X">confesión</wf>
         <instance id="d000.s362.t000" lemma="voluntario" pos="ADJ">voluntaria</instance>
         <wf lemma="." pos="X">.</wf>
      </sentence>
      <sentence id="d000.s363" source="wordnet-galician">
         <wf lemma="nunca" pos="X">nunca</wf>
         <wf lemma="usou" pos="X">usou</wf>
         <wf lemma="o" pos="X">o</wf>
         <instance id="d000.s363.t000" lemma="mesmo" pos="ADJ">mesmo</instance>
         <wf lemma="vestido" pos="X">vestido</wf>
         <wf lemma="dúas" pos="X">dúas</wf>
         <wf lemma="veces" pos="X">veces</wf>
         <wf lemma="." pos="X">.</wf>
      </sentence>
      <sentence id="d000.s364" source="wordnet-galician">
         <wf lemma="un" pos="X">un</wf>
         <wf lemma="aroma" pos="X">aroma</wf>
         <instance id="d000.s364.t000" lemma="fresco" pos="ADJ">fresco</instance>
         <wf lemma="." pos="X">.</wf>
      </sentence>
      <sentence id="d000.s365" source="wordnet-galician">
         <wf lemma="foi" pos="X">foi</wf>
         <instance id="d000.s365.t000" lemma="capaz" pos="ADJ">capaz</instance>
         <wf lemma="de" pos="X">de</wf>
         <wf lemma="obter" pos="X">obter</wf>
         <wf lemma="unha" pos="X">unha</wf>
         <wf lemma="subvención" pos="X">subvención</wf>
         <wf lemma="para" pos="X">para</wf>
         <wf lemma="o" pos="X">o</wf>
         <wf lemma="proxecto" pos="X">proxecto</wf>
         <wf lemma="." pos="X">.</wf>
      </sentence>
      <sentence id="d000.s366" source="wordnet-galician">
         <wf lemma="unha" pos="X">unha</wf>
         <instance id="d000.s366.t000" lemma="extraordinario" pos="ADJ">extraordinaria</instance>
         <wf lemma="capacidade" pos="X">capacidade</wf>
         <wf lemma="de" pos="X">de</wf>
         <wf lemma="traballo" pos="X">traballo</wf>
         <wf lemma="." pos="X">.</wf>
      </sentence>
      <sentence id="d000.s367" source="wordnet-galician">
         <wf lemma="é" pos="X">é</wf>
         <instance id="d000.s367.t000" lemma="coidadoso" pos="ADJ">coidadoso</instance>
         <wf lemma="para" pos="X">para</wf>
         <wf lemma="manter" pos="X">manter</wf>
         <wf lemma="os" pos="X">os</wf>
         <wf lemma="zapatos" pos="X">zapatos</wf>
         <wf lemma="limpos" pos="X">limpos</wf>
         <wf lemma="." pos="X">.</wf>
      </sentence>
      <sentence id="d000.s368" source="wordnet-galician">
         <wf lemma="unha" pos="X">unha</wf>
         <instance id="d000.s368.t000" lemma="elegante" pos="ADJ">elegante</instance>
         <wf lemma="solución" pos="X">solución</wf>
         <wf lemma="matemática" pos="X">matemática</wf>
         <wf lemma="-" pos="X">-</wf>
         <wf lemma="é" pos="X">é</wf>
         <wf lemma="simple" pos="X">simple</wf>
         <wf lemma="," pos="X">,</wf>
         <wf lemma="precisa" pos="X">precisa</wf>
         <wf lemma="e" pos="X">e</wf>
         <wf lemma="lúcida" pos="X">lúcida</wf>
         <wf lemma="." pos="X">.</wf>
      </sentence>
      <sentence id="d000.s369" source="wordnet-galician">
         <instance id="d000.s369.t000" lemma="incompatible" pos="ADJ">incompatible</instance>
         <wf lemma="co" pos="X">co</wf>
         <wf lemma="guión" pos="X">guión</wf>
         <wf lemma="." pos="X">.</wf>
      </sentence>
      <sentence id="d000.s370" source="wordnet-galician">
         <wf lemma="coches" pos="X">coches</wf>
         <instance id="d000.s370.t000" lemma="novo" pos="ADJ">novos</instance>
         <wf lemma="." pos="X">.</wf>
      </sentence>
      <sentence id="d000.s371" source="wordnet-galician">
         <wf lemma="aborto" pos="X">aborto</wf>
         <instance id="d000.s371.t000" lemma="espontáneo" pos="ADJ">espontáneo</instance>
         <wf lemma="." pos="X">.</wf>
      </sentence>
      <sentence id="d000.s372" source="wordnet-galician">
         <wf lemma="é" pos="X">é</wf>
         <wf lemma="o" pos="X">o</wf>
         <wf lemma="problema" pos="X">problema</wf>
         <wf lemma="máis" pos="X">máis</wf>
         <instance id="d000.s372.t000" lemma="intratable" pos="ADJ">intratable</instance>
         <wf lemma="da" pos="X">da</wf>
         <wf lemma="nosa" pos="X">nosa</wf>
         <wf lemma="era" pos="X">era</wf>
         <wf lemma="." pos="X">.</wf>
      </sentence>
      <sentence id="d000.s373" source="wordnet-galician">
         <wf lemma="deulle" pos="X">deulle</wf>
         <wf lemma="unha" pos="X">unha</wf>
         <wf lemma="patada" pos="X">patada</wf>
         <wf lemma="nos" pos="X">nos</wf>
         <instance id="d000.s373.t000" lemma="collón" pos="NOUN">collóns</instance>
         <wf lemma="e" pos="X">e</wf>
         <wf lemma="fuxiu" pos="X">fuxiu</wf>
         <wf lemma="." pos="X">.</wf>
      </sentence>
      <sentence id="d000.s374" source="wordnet-galician">
         <wf lemma="un" pos="X">un</wf>
         <wf lemma="ladrón" pos="X">ladrón</wf>
         <instance id="d000.s374.t000" lemma="sospeitoso" pos="ADJ">sospeitoso</instance>
         <wf lemma="." pos="X">.</wf>
      </sentence>
      <sentence id="d000.s375" source="wordnet-galician">
         <wf lemma="demandas" pos="X">demandas</wf>
         <instance id="d000.s375.t000" lemma="específico" pos="ADJ">específicas</instance>
         <wf lemma="para" pos="X">para</wf>
         <wf lemma="o" pos="X">o</wf>
         <wf lemma="traballo" pos="X">traballo</wf>
         <wf lemma="." pos="X">.</wf>
      </sentence>
      <sentence id="d000.s376" source="wordnet-galician">
         <wf lemma="os" pos="X">os</wf>
         <wf lemma="produtores" pos="X">produtores</wf>
         <wf lemma="menos" pos="X">menos</wf>
         <instance id="d000.s376.t000" lemma="escrupuloso" pos="ADJ">escrupulosos</instance>
         <wf lemma="enviaron" pos="X">enviaron</wf>
         <wf lemma="os" pos="X">os</wf>
         <wf lemma="paquetes" pos="X">paquetes</wf>
         <wf lemma="defectuosos" pos="X">defectuosos</wf>
         <wf lemma="." pos="X">.</wf>
      </sentence>
      <sentence id="d000.s377" source="wordnet-galician">
         <wf lemma="unha" pos="X">unha</wf>
         <wf lemma="mente" pos="X">mente</wf>
         <instance id="d000.s377.t000" lemma="impresionable" pos="ADJ">impresionable</instance>
         <wf lemma="." pos="X">.</wf>
      </sentence>
      <sentence id="d000.s378" source="wordnet-galician">
         <wf lemma="os" pos="X">os</wf>
         <wf lemma="niveis" pos="X">niveis</wf>
         <instance id="d000.s378.t000" lemma="aceptable" pos="ADJ">aceptables</instance>
         <wf lemma="de" pos="X">de</wf>
         <wf lemma="radiación" pos="X">radiación</wf>
         <wf lemma="." pos="X">.</wf>
      </sentence>
      <sentence id="d000.s379" source="wordnet-galician">
         <wf lemma="unha" pos="X">unha</wf>
         <wf lemma="filosofía" pos="X">filosofía</wf>
         <instance id="d000.s379.t000" lemma="construtivo" pos="ADJ">construtiva</instance>
         <wf lemma="." pos="X">.</wf>
      </sentence>
      <sentence id="d000.s380" source="wordnet-galician">
         <wf lemma="unha" pos="X">unha</wf>
         <wf lemma="explicación" pos="X">explicación</wf>
         <instance id="d000.s380.t000" lemma="claro" pos="ADJ">clara</instance>
         <wf lemma="." pos="X">.</wf>
      </sentence>
      <sentence id="d000.s381" source="wordnet-galician">
         <wf lemma="as" pos="X">as</wf>
         <wf lemma="personalidades" pos="X">personalidades</wf>
         <instance id="d000.s381.t000" lemma="incompatible" pos="ADJ">incompatibles</instance>
         <wf lemma="." pos="X">.</wf>
      </sentence>
      <sentence id="d000.s382" source="wordnet-galician">
         <wf lemma="unha" pos="X">unha</wf>
         <wf lemma="serie" pos="X">serie</wf>
         <wf lemma="de" pos="X">de</wf>
         <wf lemma="decisións" pos="X">decisións</wf>
         <instance id="d000.s382.t000" lemma="independente" pos="ADJ">independentes</instance>
         <wf lemma="." pos="X">.</wf>
      </sentence>
      <sentence id="d000.s383" source="wordnet-galician">
         <wf lemma="unha" pos="X">unha</wf>
         <instance id="d000.s383.t000" lemma="antigo" pos="ADJ">antiga</instance>
         <wf lemma="tradición" pos="X">tradición</wf>
         <wf lemma="." pos="X">.</wf>
      </sentence>
      <sentence id="d000.s384" source="wordnet-galician">
         <wf lemma="unha" pos="X">unha</wf>
         <instance id="d000.s384.t000" lemma="completo" pos="ADJ">completa</instance>
         <wf lemma="derrota" pos="X">derrota</wf>
         <wf lemma="." pos="X">.</wf>
      </sentence>
      <sentence id="d000.s385" source="wordnet-galician">
         <wf lemma="é" pos="X">é</wf>
         <instance id="d000.s385.t000" lemma="incapaz" pos="ADJ">incapaz</instance>
         <wf lemma="de" pos="X">de</wf>
         <wf lemma="comprender" pos="X">comprender</wf>
         <wf lemma="o" pos="X">o</wf>
         <wf lemma="asunto" pos="X">asunto</wf>
         <wf lemma="." pos="X">.</wf>
      </sentence>
      <sentence id="d000.s386" source="wordnet-galician">
         <wf lemma="unha" pos="X">unha</wf>
         <instance id="d000.s386.t000" lemma="bo" pos="ADJ">boa</instance>
         <wf lemma="broma" pos="X">broma</wf>
         <wf lemma="." pos="X">.</wf>
      </sentence>
      <sentence id="d000.s387" source="wordnet-galician">
         <wf lemma="os" pos="X">os</wf>
         <wf lemma="galegos" pos="X">galegos</wf>
         <wf lemma="son" pos="X">son</wf>
         <wf lemma="xente" pos="X">xente</wf>
         <wf lemma="moi" pos="X">moi</wf>
         <instance id="d000.s387.t000" lemma="sociable" pos="ADJ">sociable</instance>
         <wf lemma="." pos="X">.</wf>
      </sentence>
      <sentence id="d000.s388" source="wordnet-galician">
         <wf lemma="tomou" pos="X">tomou</wf>
         <wf lemma="unha" pos="X">unha</wf>
         <wf lemma="posición" pos="X">posición</wf>
         <instance id="d000.s388.t000" lemma="inequívoco" pos="ADJ">inequívoca</instance>
         <wf lemma="." pos="X">.</wf>
      </sentence>
      <sentence id="d000.s389" source="wordnet-galician">
         <wf lemma="unha" pos="X">unha</wf>
         <wf lemma="dúbida" pos="X">dúbida</wf>
         <instance id="d000.s389.t000" lemma="irresoluble" pos="ADJ">irresoluble</instance>
         <wf lemma="." pos="X">.</wf>
      </sentence>
      <sentence id="d000.s390" source="wordnet-galician">
         <wf lemma="as" pos="X">as</wf>
         <wf lemma="actitudes" pos="X">actitudes</wf>
         <instance id="d000.s390.t000" lemma="convencional" pos="ADJ">convencionais</instance>
         <wf lemma="." pos="X">.</wf>
      </sentence>
      <sentence id="d000.s391" source="wordnet-galician">
         <wf lemma="quero" pos="X">quero</wf>
         <wf lemma="unha" pos="X">unha</wf>
         <wf lemma="resposta" pos="X">resposta</wf>
         <instance id="d000.s391.t000" lemma="definitivo" pos="ADJ">definitiva</instance>
         <wf lemma="." pos="X">.</wf>
      </sentence>
      <sentence id="d000.s392" source="wordnet-galician">
         <wf lemma="unha" pos="X">unha</wf>
         <wf lemma="rúa" pos="X">rúa</wf>
         <wf lemma="de" pos="X">de</wf>
         <wf lemma="edificios" pos="X">edificios</wf>
         <wf lemma="altos" pos="X">altos</wf>
         <wf lemma="," pos="X">,</wf>
         <wf lemma="brancos" pos="X">brancos</wf>
         <wf lemma="e" pos="X">e</wf>
         <instance id="d000.s392.t000" lemma="uniforme" pos="ADJ">uniformes</instance>
         <wf lemma="." pos="X">.</wf>
      </sentence>
      <sentence id="d000.s393" source="wordnet-galician">
         <wf lemma="un" pos="X">un</wf>
         <wf lemma="núcleo" pos="X">núcleo</wf>
         <instance id="d000.s393.t000" lemma="fisible" pos="ADJ">fisible</instance>
         <wf lemma="." pos="X">.</wf>
      </sentence>
      <sentence id="d000.s394" source="wordnet-galician">
         <wf lemma="satisfeito" pos="X">satisfeito</wf>
         <wf lemma="coas" pos="X">coas</wf>
         <wf lemma="respostas" pos="X">respostas</wf>
         <instance id="d000.s394.t000" lemma="fácil" pos="ADJ">fáciles</instance>
         <wf lemma="." pos="X">.</wf>
      </sentence>
      <sentence id="d000.s395" source="wordnet-galician">
         <wf lemma="non" pos="X">non</wf>
         <wf lemma="temos" pos="X">temos</wf>
         <wf lemma="banana" pos="X">banana</wf>
         <instance id="d000.s395.t000" lemma="ningún" pos="ADJ">ningunha</instance>
         <wf lemma="." pos="X">.</wf>
      </sentence>
      <sentence id="d000.s396" source="wordnet-galician">
         <instance id="d000.s396.t000" lemma="argumentativo" pos="ADJ">argumentativa</instance>
         <wf lemma="chegando" pos="X">chegando</wf>
         <wf lemma="a" pos="X">a</wf>
         <wf lemma="ser" pos="X">ser</wf>
         <wf lemma="rabuda" pos="X">rabuda</wf>
         <wf lemma="." pos="X">.</wf>
      </sentence>
      <sentence id="d000.s397" source="wordnet-galician">
         <wf lemma="os" pos="X">os</wf>
         <wf lemma="pais" pos="X">pais</wf>
         <instance id="d000.s397.t000" lemma="neglixente" pos="ADJ">neglixentes</instance>
         <wf lemma="." pos="X">.</wf>
      </sentence>
      <sentence id="d000.s398" source="wordnet-galician">
         <wf lemma="un" pos="X">un</wf>
         <wf lemma="problema" pos="X">problema</wf>
         <instance id="d000.s398.t000" lemma="fácil" pos="ADJ">fácil</instance>
         <wf lemma="." pos="X">.</wf>
      </sentence>
      <sentence id="d000.s399" source="wordnet-galician">
         <wf lemma="Europa" pos="X">Europa</wf>
         <wf lemma="era" pos="X">era</wf>
         <instance id="d000.s399.t000" lemma="antagonista" pos="ADJ">antagonista</instance>
         <wf lemma="dos" pos="X">dos</wf>
         <wf lemma="Estados" pos="X">Estados</wf>
         <wf lemma="Unidos" pos="X">Unidos</wf>
         <wf lemma="." pos="X">.</wf>
      </sentence>
      <sentence id="d000.s400" source="wordnet-galician">
         <wf lemma="o" pos="X">o</wf>
         <instance id="d000.s400.t000" lemma="aparello" pos="NOUN">aparello</instance>
         <wf lemma="respiratorio" pos="X">respiratorio</wf>
         <wf lemma="." pos="X">.</wf>
      </sentence>
      <sentence id="d000.s401" source="wordnet-galician">
         <wf lemma="a" pos="X">a</wf>
         <wf lemma="estrada" pos="X">estrada</wf>
         <wf lemma="é" pos="X">é</wf>
         <instance id="d000.s401.t000" lemma="transitable" pos="ADJ">transitable</instance>
         <wf lemma="." pos="X">.</wf>
      </sentence>
      <sentence id="d000.s402" source="wordnet-galician">
         <wf lemma="unha" pos="X">unha</wf>
         <wf lemma="novela" pos="X">novela</wf>
         <instance id="d000.s402.t000" lemma="integral" pos="ADJ">integral</instance>
         <wf lemma="." pos="X">.</wf>
      </sentence>
      <sentence id="d000.s403" source="wordnet-galician">
         <wf lemma="un" pos="X">un</wf>
         <wf lemma="choque" pos="X">choque</wf>
         <instance id="d000.s403.t000" lemma="desagradable" pos="ADJ">desagradable</instance>
         <wf lemma="." pos="X">.</wf>
      </sentence>
      <sentence id="d000.s404" source="wordnet-galician">
         <wf lemma="en" pos="X">en</wf>
         <wf lemma="xeral" pos="X">xeral</wf>
         <wf lemma="non" pos="X">non</wf>
         <wf lemma="se" pos="X">se</wf>
         <wf lemma="aceptan" pos="X">aceptan</wf>
         <wf lemma="nun" pos="X">nun</wf>
         <wf lemma="xuízo" pos="X">xuízo</wf>
         <wf lemma="as" pos="X">as</wf>
         <wf lemma="testemuñas" pos="X">testemuñas</wf>
         <wf lemma="legalmente" pos="X">legalmente</wf>
         <instance id="d000.s404.t000" lemma="incapacitado" pos="ADJ">incapacitadas</instance>
         <wf lemma="." pos="X">.</wf>
      </sentence>
      <sentence id="d000.s405" source="wordnet-galician">
         <wf lemma="un" pos="X">un</wf>
         <wf lemma="bailarín" pos="X">bailarín</wf>
         <instance id="d000.s405.t000" lemma="torpe" pos="ADJ">torpe</instance>
         <wf lemma="." pos="X">.</wf>
      </sentence>
      <sentence id="d000.s406" source="wordnet-galician">
         <wf lemma="actitude" pos="X">actitude</wf>
         <instance id="d000.s406.t000" lemma="relixioso" pos="ADJ">relixiosa</instance>
         <wf lemma="." pos="X">.</wf>
      </sentence>
      <sentence id="d000.s407" source="wordnet-galician">
         <wf lemma="é" pos="X">é</wf>
         <wf lemma="o" pos="X">o</wf>
         <wf lemma="lugar" pos="X">lugar</wf>
         <wf lemma="máis" pos="X">máis</wf>
         <instance id="d000.s407.t000" lemma="protexido" pos="ADJ">protexido</instance>
         <wf lemma="que" pos="X">que</wf>
         <wf lemma="eu" pos="X">eu</wf>
         <wf lemma="podería" pos="X">podería</wf>
         <wf lemma="atopar" pos="X">atopar</wf>
         <wf lemma="." pos="X">.</wf>
      </sentence>
      <sentence id="d000.s408" source="wordnet-galician">
         <wf lemma="estudosos" pos="X">estudosos</wf>
         <instance id="d000.s408.t000" lemma="irreverente" pos="ADJ">irreverentes</instance>
         <wf lemma="que" pos="X">que</wf>
         <wf lemma="fan" pos="X">fan</wf>
         <wf lemma="burla" pos="X">burla</wf>
         <wf lemma="das" pos="X">das</wf>
         <wf lemma="cousas" pos="X">cousas</wf>
         <wf lemma="sagradas" pos="X">sagradas</wf>
         <wf lemma="." pos="X">.</wf>
      </sentence>
      <sentence id="d000.s409" source="wordnet-galician">
         <wf lemma="estaba" pos="X">estaba</wf>
         <wf lemma="moi" pos="X">moi</wf>
         <instance id="d000.s409.t000" lemma="seguro" pos="ADJ">seguro</instance>
         <wf lemma="das" pos="X">das</wf>
         <wf lemma="súas" pos="X">súas</wf>
         <wf lemma="crenzas" pos="X">crenzas</wf>
         <wf lemma="." pos="X">.</wf>
      </sentence>
      <sentence id="d000.s410" source="wordnet-galician">
         <wf lemma="exportación" pos="X">exportación</wf>
         <wf lemma="de" pos="X">de</wf>
         <wf lemma="trigo" pos="X">trigo</wf>
         <wf lemma="sen" pos="X">sen</wf>
         <wf lemma="limitacións" pos="X">limitacións</wf>
         <instance id="d000.s410.t000" lemma="cuantitativo" pos="ADJ">cuantitativas</instance>
         <wf lemma="." pos="X">.</wf>
      </sentence>
      <sentence id="d000.s411" source="wordnet-galician">
         <wf lemma="aplausos" pos="X">aplausos</wf>
         <instance id="d000.s411.t000" lemma="descontinuo" pos="ADJ">descontinuos</instance>
         <wf lemma="." pos="X">.</wf>
      </sentence>
      <sentence id="d000.s412" source="wordnet-galician">
         <wf lemma="espera" pos="X">espera</wf>
         <wf lemma="a" pos="X">a</wf>
         <wf lemma="que" pos="X">que</wf>
         <wf lemma="lle" pos="X">lle</wf>
         <wf lemma="poña" pos="X">poña</wf>
         <wf lemma="as" pos="X">as</wf>
         <instance id="d000.s412.t000" lemma="pouta" pos="NOUN">poutas</instance>
         <wf lemma="derriba" pos="X">derriba</wf>
         <wf lemma="." pos="X">.</wf>
      </sentence>
      <sentence id="d000.s413" source="wordnet-galician">
         <wf lemma="penso" pos="X">penso</wf>
         <wf lemma="que" pos="X">que</wf>
         <wf lemma="estou" pos="X">estou</wf>
         <instance id="d000.s413.t000" lemma="ben" pos="ADJ">ben</instance>
         <wf lemma=";" pos="X">;</wf>
         <wf lemma="polo" pos="X">polo</wf>
         <wf lemma="menos" pos="X">menos</wf>
         <wf lemma="síntome" pos="X">síntome</wf>
         <wf lemma="ben" pos="X">ben</wf>
         <wf lemma="." pos="X">.</wf>
      </sentence>
      <sentence id="d000.s414" source="wordnet-galician">
         <wf lemma="El" pos="X">El</wf>
         <wf lemma="parecía" pos="X">parecía</wf>
         <wf lemma="máis" pos="X">máis</wf>
         <wf lemma="novo" pos="X">novo</wf>
         <wf lemma="despois" pos="X">despois</wf>
         <wf lemma="de" pos="X">de</wf>
         <wf lemma="afeitar" pos="X">afeitar</wf>
         <wf lemma="o" pos="X">o</wf>
         <instance id="d000.s414.t000" lemma="bigote" pos="NOUN">bigote</instance>
         <wf lemma="." pos="X">.</wf>
      </sentence>
      <sentence id="d000.s415" source="wordnet-galician">
         <wf lemma="sistema" pos="X">sistema</wf>
         <instance id="d000.s415.t000" lemma="actual" pos="ADJ">actual</instance>
         <wf lemma="." pos="X">.</wf>
      </sentence>
      <sentence id="d000.s416" source="wordnet-galician">
         <wf lemma="o" pos="X">o</wf>
         <instance id="d000.s416.t000" lemma="típico" pos="ADJ">típico</instance>
         <wf lemma="poema" pos="X">poema</wf>
         <wf lemma="romántico" pos="X">romántico</wf>
         <wf lemma="." pos="X">.</wf>
      </sentence>
      <sentence id="d000.s417" source="wordnet-galician">
         <wf lemma="ningún" pos="X">ningún</wf>
         <wf lemma="médico" pos="X">médico</wf>
         <wf lemma="é" pos="X">é</wf>
         <instance id="d000.s417.t000" lemma="infalible" pos="ADJ">infalible</instance>
         <wf lemma="." pos="X">.</wf>
      </sentence>
      <sentence id="d000.s418" source="wordnet-galician">
         <wf lemma="e" pos="X">e</wf>
         <wf lemma="o" pos="X">o</wf>
         <wf lemma="porco" pos="X">porco</wf>
         <wf lemma="..." pos="X">...</wf>
         <wf lemma="é" pos="X">é</wf>
         <instance id="d000.s418.t000" lemma="impuro" pos="ADJ">impuro</instance>
         <wf lemma="para" pos="X">para</wf>
         <wf lemma="vós" pos="X">vós</wf>
         <wf lemma="(" pos="X">(</wf>
         <wf lemma="Levítico" pos="X">Levítico</wf>
         <wf lemma="_11:03" pos="X">_11:03</wf>
         <wf lemma=")" pos="X">)</wf>
         <wf lemma="." pos="X">.</wf>
      </sentence>
      <sentence id="d000.s419" source="wordnet-galician">
         <wf lemma="unha" pos="X">unha</wf>
         <wf lemma="nai" pos="X">nai</wf>
         <instance id="d000.s419.t000" lemma="prospectivo" pos="ADJ">prospectiva</instance>
         <wf lemma="." pos="X">.</wf>
      </sentence>
      <sentence id="d000.s420" source="wordnet-galician">
         <wf lemma="un" pos="X">un</wf>
         <wf lemma="valor" pos="X">valor</wf>
         <instance id="d000.s420.t000" lemma="positivo" pos="ADJ">positivo</instance>
         <wf lemma="." pos="X">.</wf>
      </sentence>
      <sentence id="d000.s421" source="wordnet-galician">
         <wf lemma="a" pos="X">a</wf>
         <wf lemma="nosa" pos="X">nosa</wf>
         <wf lemma="literatura" pos="X">literatura</wf>
         <instance id="d000.s421.t000" lemma="glorioso" pos="ADJ">gloriosa</instance>
         <wf lemma="." pos="X">.</wf>
      </sentence>
      <sentence id="d000.s422" source="wordnet-galician">
         <wf lemma="un" pos="X">un</wf>
         <wf lemma="permiso" pos="X">permiso</wf>
         <instance id="d000.s422.t000" lemma="oficial" pos="ADJ">oficial</instance>
         <wf lemma="." pos="X">.</wf>
      </sentence>
      <sentence id="d000.s423" source="wordnet-galician">
         <wf lemma="queimado" pos="X">queimado</wf>
         <instance id="d000.s423.t000" lemma="vivo" pos="ADJ">vivo</instance>
         <wf lemma="." pos="X">.</wf>
      </sentence>
      <sentence id="d000.s424" source="wordnet-galician">
         <wf lemma="un" pos="X">un</wf>
         <instance id="d000.s424.t000" lemma="bo" pos="ADJ">bo</instance>
         <wf lemma="día" pos="X">día</wf>
         <wf lemma="." pos="X">.</wf>
      </sentence>
      <sentence id="d000.s425" source="wordnet-galician">
         <wf lemma="a" pos="X">a</wf>
         <wf lemma="escena" pos="X">escena</wf>
         <instance id="d000.s425.t000" lemma="final" pos="ADJ">final</instance>
         <wf lemma="da" pos="X">da</wf>
         <wf lemma="película" pos="X">película</wf>
         <wf lemma="." pos="X">.</wf>
      </sentence>
      <sentence id="d000.s426" source="wordnet-galician">
         <wf lemma="unha" pos="X">unha</wf>
         <wf lemma="resposta" pos="X">resposta</wf>
         <wf lemma="astuta" pos="X">astuta</wf>
         <wf lemma="e" pos="X">e</wf>
         <instance id="d000.s426.t000" lemma="diplomático" pos="ADJ">diplomática</instance>
         <wf lemma="." pos="X">.</wf>
      </sentence>
      <sentence id="d000.s427" source="wordnet-galician">
         <wf lemma="o" pos="X">o</wf>
         <instance id="d000.s427.t000" lemma="ribosoma" pos="NOUN">ribosoma</instance>
         <wf lemma="é" pos="X">é</wf>
         <wf lemma="o" pos="X">o</wf>
         <wf lemma="lugar" pos="X">lugar</wf>
         <wf lemma="de" pos="X">de</wf>
         <wf lemma="síntese" pos="X">síntese</wf>
         <wf lemma="proteica" pos="X">proteica</wf>
         <wf lemma="." pos="X">.</wf>
      </sentence>
      <sentence id="d000.s428" source="wordnet-galician">
         <wf lemma="un" pos="X">un</wf>
         <wf lemma="corpo" pos="X">corpo</wf>
         <instance id="d000.s428.t000" lemma="robusto" pos="ADJ">robusto</instance>
         <wf lemma="." pos="X">.</wf>
      </sentence>
      <sentence id="d000.s429" source="wordnet-galician">
         <wf lemma="unha" pos="X">unha</wf>
         <wf lemma="cor" pos="X">cor</wf>
         <instance id="d000.s429.t000" lemma="desigual" pos="ADJ">desigual</instance>
         <wf lemma="." pos="X">.</wf>
      </sentence>
      <sentence id="d000.s430" source="wordnet-galician">
         <wf lemma="o" pos="X">o</wf>
         <instance id="d000.s430.t000" lemma="apresto" pos="NOUN">apresto</instance>
         <wf lemma="dá" pos="X">dá</wf>
         <wf lemma="corpo" pos="X">corpo</wf>
         <wf lemma="a" pos="X">a</wf>
         <wf lemma="un" pos="X">un</wf>
         <wf lemma="tecido" pos="X">tecido</wf>
         <wf lemma="." pos="X">.</wf>
      </sentence>
      <sentence id="d000.s431" source="wordnet-galician">
         <wf lemma="unhas" pos="X">unhas</wf>
         <wf lemma="formas" pos="X">formas</wf>
         <instance id="d000.s431.t000" lemma="indefinido" pos="ADJ">indefinidas</instance>
         <wf lemma="na" pos="X">na</wf>
         <wf lemma="escuridade" pos="X">escuridade</wf>
         <wf lemma="." pos="X">.</wf>
      </sentence>
      <sentence id="d000.s432" source="wordnet-galician">
         <wf lemma="un" pos="X">un</wf>
         <wf lemma="xuízo" pos="X">xuízo</wf>
         <instance id="d000.s432.t000" lemma="subxectivo" pos="ADJ">subxectivo</instance>
         <wf lemma="." pos="X">.</wf>
      </sentence>
      <sentence id="d000.s433" source="wordnet-galician">
         <wf lemma="unha" pos="X">unha</wf>
         <wf lemma="doenza" pos="X">doenza</wf>
         <wf lemma="obrigouno" pos="X">obrigouno</wf>
         <wf lemma="a" pos="X">a</wf>
         <wf lemma="vivir" pos="X">vivir</wf>
         <wf lemma="unha" pos="X">unha</wf>
         <wf lemma="vida" pos="X">vida</wf>
         <instance id="d000.s433.t000" lemma="inactivo" pos="ADJ">inactiva</instance>
         <wf lemma="." pos="X">.</wf>
      </sentence>
      <sentence id="d000.s434" source="wordnet-galician">
         <instance id="d000.s434.t000" lemma="cacofónico" pos="ADJ">cacofónico</instance>
         <wf lemma="coma" pos="X">coma</wf>
         <wf lemma="un" pos="X">un</wf>
         <wf lemma="curral" pos="X">curral</wf>
         <wf lemma="(" pos="X">(</wf>
         <wf lemma="John" pos="X">John</wf>
         <wf lemma="McCarten" pos="X">McCarten</wf>
         <wf lemma=")" pos="X">)</wf>
         <wf lemma="." pos="X">.</wf>
      </sentence>
      <sentence id="d000.s435" source="wordnet-galician">
         <wf lemma="circunstancias" pos="X">circunstancias</wf>
         <instance id="d000.s435.t000" lemma="anormal" pos="ADJ">anormais</instance>
         <wf lemma="." pos="X">.</wf>
      </sentence>
      <sentence id="d000.s436" source="wordnet-galician">
         <wf lemma="animais" pos="X">animais</wf>
         <wf lemma="da" pos="X">da</wf>
         <instance id="d000.s436.t000" lemma="mesmo" pos="ADJ">mesma</instance>
         <wf lemma="especie" pos="X">especie</wf>
         <wf lemma="." pos="X">.</wf>
      </sentence>
      <sentence id="d000.s437" source="wordnet-galician">
         <instance id="d000.s437.t000" lemma="medorento" pos="ADJ">medorento</instance>
         <wf lemma="da" pos="X">da</wf>
         <wf lemma="cobra" pos="X">cobra</wf>
         <wf lemma="." pos="X">.</wf>
      </sentence>
      <sentence id="d000.s438" source="wordnet-galician">
         <wf lemma="verde" pos="X">verde</wf>
         <instance id="d000.s438.t000" lemma="escuro" pos="ADJ">escuro</instance>
         <wf lemma="." pos="X">.</wf>
      </sentence>
      <sentence id="d000.s439" source="wordnet-galician">
         <wf lemma="frustrados" pos="X">frustrados</wf>
         <wf lemma="por" pos="X">por</wf>
         <wf lemma="instrucións" pos="X">instrucións</wf>
         <instance id="d000.s439.t000" lemma="ambiguo" pos="ADJ">ambiguas</instance>
         <wf lemma="," pos="X">,</wf>
         <wf lemma="os" pos="X">os</wf>
         <wf lemma="pais" pos="X">pais</wf>
         <wf lemma="foron" pos="X">foron</wf>
         <wf lemma="incapaces" pos="X">incapaces</wf>
         <wf lemma="de" pos="X">de</wf>
         <wf lemma="montar" pos="X">montar</wf>
         <wf lemma="o" pos="X">o</wf>
         <wf lemma="xoguete" pos="X">xoguete</wf>
         <wf lemma="." pos="X">.</wf>
      </sentence>
      <sentence id="d000.s440" source="wordnet-galician">
         <wf lemma="a" pos="X">a</wf>
         <wf lemma="lexislación" pos="X">lexislación</wf>
         <instance id="d000.s440.t000" lemma="ineficiente" pos="ADJ">ineficiente</instance>
         <wf lemma="." pos="X">.</wf>
      </sentence>
      <sentence id="d000.s441" source="wordnet-galician">
         <wf lemma="un" pos="X">un</wf>
         <wf lemma="vestido" pos="X">vestido</wf>
         <instance id="d000.s441.t000" lemma="bo" pos="ADJ">bo</instance>
         <wf lemma="para" pos="X">para</wf>
         <wf lemma="a" pos="X">a</wf>
         <wf lemma="oficina" pos="X">oficina</wf>
         <wf lemma="." pos="X">.</wf>
      </sentence>
      <sentence id="d000.s442" source="wordnet-galician">
         <wf lemma="viño" pos="X">viño</wf>
         <instance id="d000.s442.t000" lemma="vello" pos="ADJ">vello</instance>
         <wf lemma="." pos="X">.</wf>
      </sentence>
      <sentence id="d000.s443" source="wordnet-galician">
         <wf lemma="plantas" pos="X">plantas</wf>
         <instance id="d000.s443.t000" lemma="silvestre" pos="ADJ">silvestres</instance>
         <wf lemma="comestibles" pos="X">comestibles</wf>
         <wf lemma="." pos="X">.</wf>
      </sentence>
      <sentence id="d000.s444" source="wordnet-galician">
         <wf lemma="pensamentos" pos="X">pensamentos</wf>
         <instance id="d000.s444.t000" lemma="impuro" pos="ADJ">impuros</instance>
         <wf lemma="." pos="X">.</wf>
      </sentence>
      <sentence id="d000.s445" source="wordnet-galician">
         <instance id="d000.s445.t000" lemma="elixible" pos="ADJ">elixible</instance>
         <wf lemma="para" pos="X">para</wf>
         <wf lemma="recibir" pos="X">recibir</wf>
         <wf lemma="a" pos="X">a</wf>
         <wf lemma="xubilación" pos="X">xubilación</wf>
         <wf lemma="." pos="X">.</wf>
      </sentence>
      <sentence id="d000.s446" source="wordnet-galician">
         <wf lemma="a" pos="X">a</wf>
         <instance id="d000.s446.t000" lemma="mellor" pos="ADJ">mellor</instance>
         <wf lemma="época" pos="X">época</wf>
         <wf lemma="para" pos="X">para</wf>
         <wf lemma="o" pos="X">o</wf>
         <wf lemma="cultivo" pos="X">cultivo</wf>
         <wf lemma="." pos="X">.</wf>
      </sentence>
      <sentence id="d000.s447" source="wordnet-galician">
         <wf lemma="erros" pos="X">erros</wf>
         <instance id="d000.s447.t000" lemma="reparable" pos="ADJ">reparable</instance>
         <wf lemma="." pos="X">.</wf>
      </sentence>
      <sentence id="d000.s448" source="wordnet-galician">
         <wf lemma="as" pos="X">as</wf>
         <wf lemma="comidas" pos="X">comidas</wf>
         <instance id="d000.s448.t000" lemma="parco" pos="ADJ">parcas</instance>
         <wf lemma="." pos="X">.</wf>
      </sentence>
      <sentence id="d000.s449" source="wordnet-galician">
         <wf lemma="cavaron" pos="X">cavaron</wf>
         <wf lemma="a" pos="X">a</wf>
         <instance id="d000.s449.t000" lemma="terra" pos="NOUN">terra</instance>
         <wf lemma="fóra" pos="X">fóra</wf>
         <wf lemma="da" pos="X">da</wf>
         <wf lemma="igrexa" pos="X">igrexa</wf>
         <wf lemma="." pos="X">.</wf>
      </sentence>
      <sentence id="d000.s450" source="wordnet-galician">
         <wf lemma="os" pos="X">os</wf>
         <wf lemma="riscos" pos="X">riscos</wf>
         <wf lemma="e" pos="X">e</wf>
         <wf lemma="os" pos="X">os</wf>
         <wf lemma="beneficios" pos="X">beneficios</wf>
         <wf lemma="dunha" pos="X">dunha</wf>
         <wf lemma="economía" pos="X">economía</wf>
         <wf lemma="de" pos="X">de</wf>
         <instance id="d000.s450.t000" lemma="aventureiro" pos="ADJ">aventureiros</instance>
         <wf lemma="." pos="X">.</wf>
      </sentence>
      <sentence id="d000.s451" source="wordnet-galician">
         <wf lemma="o" pos="X">o</wf>
         <wf lemma="nervio" pos="X">nervio</wf>
         <wf lemma="está" pos="X">está</wf>
         <instance id="d000.s451.t000" lemma="morto" pos="ADJ">morto</instance>
         <wf lemma="." pos="X">.</wf>
      </sentence>
      <sentence id="d000.s452" source="wordnet-galician">
         <wf lemma="promesas" pos="X">promesas</wf>
         <wf lemma="(" pos="X">(</wf>
         <wf lemma="incumpridas" pos="X">incumpridas</wf>
         <wf lemma=")" pos="X">)</wf>
         <wf lemma="ou" pos="X">ou</wf>
         <instance id="d000.s452.t000" lemma="roto" pos="ADJ">rotas</instance>
         <wf lemma="." pos="X">.</wf>
      </sentence>
      <sentence id="d000.s453" source="wordnet-galician">
         <wf lemma="é" pos="X">é</wf>
         <wf lemma="necesario" pos="X">necesario</wf>
         <wf lemma="eliminar" pos="X">eliminar</wf>
         <wf lemma="os" pos="X">os</wf>
         <instance id="d000.s453.t000" lemma="adulterante" pos="NOUN">adulterantes</instance>
         <wf lemma="antes" pos="X">antes</wf>
         <wf lemma="de" pos="X">de</wf>
         <wf lemma="usalo" pos="X">usalo</wf>
         <wf lemma="." pos="X">.</wf>
      </sentence>
      <sentence id="d000.s454" source="wordnet-galician">
         <wf lemma="o" pos="X">o</wf>
         <wf lemma="comportamento" pos="X">comportamento</wf>
         <instance id="d000.s454.t000" lemma="indesexable" pos="ADJ">indesexable</instance>
         <wf lemma="dun" pos="X">dun</wf>
         <wf lemma="neno" pos="X">neno</wf>
         <wf lemma="mimado" pos="X">mimado</wf>
         <wf lemma="." pos="X">.</wf>
      </sentence>
      <sentence id="d000.s455" source="wordnet-galician">
         <wf lemma="axudantes" pos="X">axudantes</wf>
         <instance id="d000.s455.t000" lemma="ansioso" pos="ADJ">ansiosos</instance>
         <wf lemma="." pos="X">.</wf>
      </sentence>
      <sentence id="d000.s456" source="wordnet-galician">
         <wf lemma="unha" pos="X">unha</wf>
         <wf lemma="rede" pos="X">rede</wf>
         <wf lemma="de" pos="X">de</wf>
         <wf lemma="traballo" pos="X">traballo</wf>
         <wf lemma="familiar" pos="X">familiar</wf>
         <instance id="d000.s456.t000" lemma="compasivo" pos="ADJ">compasivo</instance>
         <wf lemma="." pos="X">.</wf>
      </sentence>
      <sentence id="d000.s457" source="wordnet-galician">
         <wf lemma="máquinas" pos="X">máquinas</wf>
         <instance id="d000.s457.t000" lemma="inactivo" pos="ADJ">inactivas</instance>
         <wf lemma="." pos="X">.</wf>
      </sentence>
      <sentence id="d000.s458" source="wordnet-galician">
         <wf lemma="pés" pos="X">pés</wf>
         <instance id="d000.s458.t000" lemma="sensible" pos="ADJ">sensibles</instance>
         <wf lemma="." pos="X">.</wf>
      </sentence>
      <sentence id="d000.s459" source="wordnet-galician">
         <wf lemma="unha" pos="X">unha</wf>
         <wf lemma="memoria" pos="X">memoria</wf>
         <instance id="d000.s459.t000" lemma="retentivo" pos="ADJ">retentiva</instance>
         <wf lemma="." pos="X">.</wf>
      </sentence>
      <sentence id="d000.s460" source="wordnet-galician">
         <wf lemma="sentado" pos="X">sentado</wf>
         <wf lemma="nun" pos="X">nun</wf>
         <wf lemma="recuncho" pos="X">recuncho</wf>
         <instance id="d000.s460.t000" lemma="escuro" pos="ADJ">escuro</instance>
         <wf lemma="." pos="X">.</wf>
      </sentence>
      <sentence id="d000.s461" source="wordnet-galician">
         <instance id="d000.s461.t000" lemma="libre" pos="ADJ">libre</instance>
         <wf lemma="de" pos="X">de</wf>
         <wf lemma="expansión" pos="X">expansión</wf>
         <wf lemma="." pos="X">.</wf>
      </sentence>
      <sentence id="d000.s462" source="wordnet-galician">
         <wf lemma="o" pos="X">o</wf>
         <wf lemma="servizo" pos="X">servizo</wf>
         <wf lemma="secreto" pos="X">secreto</wf>
         <instance id="d000.s462.t000" lemma="incompetente" pos="ADJ">incompetente</instance>
         <wf lemma="." pos="X">.</wf>
      </sentence>
      <sentence id="d000.s463" source="wordnet-galician">
         <wf lemma="estaba" pos="X">estaba</wf>
         <wf lemma="completamente" pos="X">completamente</wf>
         <instance id="d000.s463.t000" lemma="impertérrito" pos="ADJ">impertérrito</instance>
         <wf lemma="polo" pos="X">polo</wf>
         <wf lemma="que" pos="X">que</wf>
         <wf lemma="pasou" pos="X">pasou</wf>
         <wf lemma="." pos="X">.</wf>
      </sentence>
      <sentence id="d000.s464" source="wordnet-galician">
         <wf lemma="a" pos="X">a</wf>
         <wf lemma="fase" pos="X">fase</wf>
         <instance id="d000.s464.t000" lemma="final" pos="ADJ">final</instance>
         <wf lemma="das" pos="X">das</wf>
         <wf lemma="eleccións" pos="X">eleccións</wf>
         <wf lemma="." pos="X">.</wf>
      </sentence>
      <sentence id="d000.s465" source="wordnet-galician">
         <wf lemma="as" pos="X">as</wf>
         <wf lemma="comunicacións" pos="X">comunicacións</wf>
         <instance id="d000.s465.t000" lemma="ar-ar" pos="ADJ">ar-ar</instance>
         <wf lemma="." pos="X">.</wf>
      </sentence>
      <sentence id="d000.s466" source="wordnet-galician">
         <wf lemma="o" pos="X">o</wf>
         <wf lemma="mundo" pos="X">mundo</wf>
         <instance id="d000.s466.t000" lemma="occidental" pos="ADJ">occidental</instance>
         <wf lemma="." pos="X">.</wf>
      </sentence>
      <sentence id="d000.s467" source="wordnet-galician">
         <wf lemma="a" pos="X">a</wf>
         <wf lemma="escaleira" pos="X">escaleira</wf>
         <instance id="d000.s467.t000" lemma="ascendente" pos="ADJ">ascendente</instance>
         <wf lemma="." pos="X">.</wf>
      </sentence>
      <sentence id="d000.s468" source="wordnet-galician">
         <wf lemma="é" pos="X">é</wf>
         <wf lemma="unha" pos="X">unha</wf>
         <wf lemma="nai" pos="X">nai</wf>
         <wf lemma="moi" pos="X">moi</wf>
         <instance id="d000.s468.t000" lemma="tenro" pos="ADJ">tenra</instance>
         <wf lemma="." pos="X">.</wf>
      </sentence>
      <sentence id="d000.s469" source="wordnet-galician">
         <wf lemma="ciclo" pos="X">ciclo</wf>
         <instance id="d000.s469.t000" lemma="estral" pos="ADJ">estral</instance>
         <wf lemma="." pos="X">.</wf>
      </sentence>
      <sentence id="d000.s470" source="wordnet-galician">
         <wf lemma="un" pos="X">un</wf>
         <wf lemma="ingrediente" pos="X">ingrediente</wf>
         <instance id="d000.s470.t000" lemma="activo" pos="ADJ">activo</instance>
         <wf lemma="." pos="X">.</wf>
      </sentence>
      <sentence id="d000.s471" source="wordnet-galician">
         <wf lemma="un" pos="X">un</wf>
         <wf lemma="solteiro" pos="X">solteiro</wf>
         <instance id="d000.s471.t000" lemma="elixible" pos="ADJ">elixible</instance>
         <wf lemma="." pos="X">.</wf>
      </sentence>
      <sentence id="d000.s472" source="wordnet-galician">
         <wf lemma="sentía" pos="X">sentía</wf>
         <wf lemma="unha" pos="X">unha</wf>
         <wf lemma="rabia" pos="X">rabia</wf>
         <instance id="d000.s472.t000" lemma="impotente" pos="ADJ">impotente</instance>
         <wf lemma="." pos="X">.</wf>
      </sentence>
      <sentence id="d000.s473" source="wordnet-galician">
         <wf lemma="fondos" pos="X">fondos</wf>
         <instance id="d000.s473.t000" lemma="público" pos="ADJ">públicos</instance>
         <wf lemma="." pos="X">.</wf>
      </sentence>
      <sentence id="d000.s474" source="wordnet-galician">
         <wf lemma="esta" pos="X">esta</wf>
         <wf lemma="estrada" pos="X">estrada</wf>
         <wf lemma="é" pos="X">é</wf>
         <instance id="d000.s474.t000" lemma="peor" pos="ADJ">peor</instance>
         <wf lemma="que" pos="X">que</wf>
         <wf lemma="a" pos="X">a</wf>
         <wf lemma="primeiro" pos="X">primeiro</wf>
         <wf lemma="que" pos="X">que</wf>
         <wf lemma="tomou" pos="X">tomou</wf>
         <wf lemma="." pos="X">.</wf>
      </sentence>
      <sentence id="d000.s475" source="wordnet-galician">
         <wf lemma="unha" pos="X">unha</wf>
         <wf lemma="voz" pos="X">voz</wf>
         <instance id="d000.s475.t000" lemma="inexperto" pos="ADJ">inexperta</instance>
         <wf lemma="." pos="X">.</wf>
      </sentence>
      <sentence id="d000.s476" source="wordnet-galician">
         <wf lemma="cre" pos="X">cre</wf>
         <wf lemma="en" pos="X">en</wf>
         <wf lemma="meigas" pos="X">meigas</wf>
         <wf lemma="e" pos="X">e</wf>
         <wf lemma="espíritos" pos="X">espíritos</wf>
         <instance id="d000.s476.t000" lemma="maligno" pos="ADJ">malignos</instance>
         <wf lemma="." pos="X">.</wf>
      </sentence>
      <sentence id="d000.s477" source="wordnet-galician">
         <wf lemma="os" pos="X">os</wf>
         <wf lemma="actores" pos="X">actores</wf>
         <wf lemma="tentaron" pos="X">tentaron</wf>
         <wf lemma="crear" pos="X">crear</wf>
         <wf lemma="unha" pos="X">unha</wf>
         <wf lemma="representación" pos="X">representación</wf>
         <instance id="d000.s477.t000" lemma="realista" pos="ADJ">realista</instance>
         <wf lemma="dos" pos="X">dos</wf>
         <wf lemma="africanos" pos="X">africanos</wf>
         <wf lemma="." pos="X">.</wf>
      </sentence>
      <sentence id="d000.s478" source="wordnet-galician">
         <wf lemma="unha" pos="X">unha</wf>
         <wf lemma="homenaxe" pos="X">homenaxe</wf>
         <wf lemma="á" pos="X">á</wf>
         <wf lemma="súa" pos="X">súa</wf>
         <wf lemma="coraxe" pos="X">coraxe</wf>
         <wf lemma="..." pos="X">...</wf>
         <wf lemma="e" pos="X">e</wf>
         <wf lemma="a" pos="X">a</wf>
         <wf lemma="súa" pos="X">súa</wf>
         <wf lemma="vontade" pos="X">vontade</wf>
         <instance id="d000.s478.t000" lemma="inconquistable" pos="ADJ">inconquistable</instance>
         <wf lemma="(" pos="X">(</wf>
         <wf lemma="R." pos="X">R.</wf>
         <wf lemma="E." pos="X">E.</wf>
         <wf lemma="Danielson" pos="X">Danielson</wf>
         <wf lemma=")" pos="X">)</wf>
         <wf lemma="." pos="X">.</wf>
      </sentence>
      <sentence id="d000.s479" source="wordnet-galician">
         <wf lemma="o" pos="X">o</wf>
         <instance id="d000.s479.t000" lemma="sangue" pos="NOUN">sangue</instance>
         <wf lemma="transporta" pos="X">transporta</wf>
         <wf lemma="osíxeno" pos="X">osíxeno</wf>
         <wf lemma="e" pos="X">e</wf>
         <wf lemma="nutrientes" pos="X">nutrientes</wf>
         <wf lemma="aos" pos="X">aos</wf>
         <wf lemma="tecidos" pos="X">tecidos</wf>
         <wf lemma="e" pos="X">e</wf>
         <wf lemma="leva" pos="X">leva</wf>
         <wf lemma="consigo" pos="X">consigo</wf>
         <wf lemma="os" pos="X">os</wf>
         <wf lemma="residuos" pos="X">residuos</wf>
         <wf lemma="corporais" pos="X">corporais</wf>
         <wf lemma="." pos="X">.</wf>
      </sentence>
      <sentence id="d000.s480" source="wordnet-galician">
         <wf lemma="a" pos="X">a</wf>
         <wf lemma="venda" pos="X">venda</wf>
         <instance id="d000.s480.t000" lemma="condicional" pos="ADJ">condicional</instance>
         <wf lemma="non" pos="X">non</wf>
         <wf lemma="estará" pos="X">estará</wf>
         <wf lemma="completa" pos="X">completa</wf>
         <wf lemma="ata" pos="X">ata</wf>
         <wf lemma="que" pos="X">que</wf>
         <wf lemma="o" pos="X">o</wf>
         <wf lemma="prezo" pos="X">prezo</wf>
         <wf lemma="total" pos="X">total</wf>
         <wf lemma="da" pos="X">da</wf>
         <wf lemma="compra" pos="X">compra</wf>
         <wf lemma="se" pos="X">se</wf>
         <wf lemma="pague" pos="X">pague</wf>
         <wf lemma="." pos="X">.</wf>
      </sentence>
      <sentence id="d000.s481" source="wordnet-galician">
         <wf lemma="un" pos="X">un</wf>
         <wf lemma="lugar" pos="X">lugar</wf>
         <instance id="d000.s481.t000" lemma="deprimente" pos="ADJ">deprimente</instance>
         <wf lemma="." pos="X">.</wf>
      </sentence>
      <sentence id="d000.s482" source="wordnet-galician">
         <wf lemma="futuro" pos="X">futuro</wf>
         <instance id="d000.s482.t000" lemma="utópico" pos="ADJ">utópico</instance>
         <wf lemma="." pos="X">.</wf>
      </sentence>
      <sentence id="d000.s483" source="wordnet-galician">
         <wf lemma="unha" pos="X">unha</wf>
         <wf lemma="discusión" pos="X">discusión</wf>
         <instance id="d000.s483.t000" lemma="animado" pos="ADJ">animada</instance>
         <wf lemma="." pos="X">.</wf>
      </sentence>
      <sentence id="d000.s484" source="wordnet-galician">
         <wf lemma="elocuencia" pos="X">elocuencia</wf>
         <instance id="d000.s484.t000" lemma="persuasivo" pos="ADJ">persuasiva</instance>
         <wf lemma="." pos="X">.</wf>
      </sentence>
      <sentence id="d000.s485" source="wordnet-galician">
         <wf lemma="un" pos="X">un</wf>
         <wf lemma="muro" pos="X">muro</wf>
         <instance id="d000.s485.t000" lemma="rachado" pos="ADJ">rachado</instance>
         <wf lemma="." pos="X">.</wf>
      </sentence>
      <sentence id="d000.s486" source="wordnet-galician">
         <instance id="d000.s486.t000" lemma="cabeza" pos="NOUN">cabeza</instance>
         <wf lemma="do" pos="X">do</wf>
         <wf lemma="úmero" pos="X">úmero</wf>
         <wf lemma="." pos="X">.</wf>
      </sentence>
      <sentence id="d000.s487" source="wordnet-galician">
         <wf lemma="a" pos="X">a</wf>
         <wf lemma="influencia" pos="X">influencia</wf>
         <instance id="d000.s487.t000" lemma="benigno" pos="ADJ">benigna</instance>
         <wf lemma="do" pos="X">do</wf>
         <wf lemma="aire" pos="X">aire</wf>
         <wf lemma="puro" pos="X">puro</wf>
         <wf lemma="." pos="X">.</wf>
      </sentence>
      <sentence id="d000.s488" source="wordnet-galician">
         <wf lemma="clima" pos="X">clima</wf>
         <instance id="d000.s488.t000" lemma="desagradable" pos="ADJ">desagradable</instance>
         <wf lemma="." pos="X">.</wf>
      </sentence>
      <sentence id="d000.s489" source="wordnet-galician">
         <wf lemma="os" pos="X">os</wf>
         <wf lemma="xemelgos" pos="X">xemelgos</wf>
         <wf lemma="eran" pos="X">eran</wf>
         <instance id="d000.s489.t000" lemma="indistinguible" pos="ADJ">indistinguibles</instance>
         <wf lemma="." pos="X">.</wf>
      </sentence>
      <sentence id="d000.s490" source="wordnet-galician">
         <wf lemma="período" pos="X">período</wf>
         <instance id="d000.s490.t000" lemma="estral" pos="ADJ">estral</instance>
         <wf lemma="." pos="X">.</wf>
      </sentence>
      <sentence id="d000.s491" source="wordnet-galician">
         <wf lemma="unha" pos="X">unha</wf>
         <wf lemma="idade" pos="X">idade</wf>
         <instance id="d000.s491.t000" lemma="maduro" pos="ADJ">madura</instance>
         <wf lemma="." pos="X">.</wf>
      </sentence>
      <sentence id="d000.s492" source="wordnet-galician">
         <wf lemma="un" pos="X">un</wf>
         <wf lemma="nome" pos="X">nome</wf>
         <instance id="d000.s492.t000" lemma="descoñecido" pos="ADJ">descoñecido</instance>
         <wf lemma="para" pos="X">para</wf>
         <wf lemma="a" pos="X">a</wf>
         <wf lemma="maioría" pos="X">maioría</wf>
         <wf lemma="." pos="X">.</wf>
      </sentence>
      <sentence id="d000.s493" source="wordnet-galician">
         <wf lemma="unha" pos="X">unha</wf>
         <wf lemma="nube" pos="X">nube</wf>
         <instance id="d000.s493.t000" lemma="impalpable" pos="ADJ">impalpable</instance>
         <wf lemma="." pos="X">.</wf>
      </sentence>
      <sentence id="d000.s494" source="wordnet-galician">
         <wf lemma="unha" pos="X">unha</wf>
         <wf lemma="imaxinación" pos="X">imaxinación</wf>
         <instance id="d000.s494.t000" lemma="creativo" pos="ADJ">creativa</instance>
         <wf lemma="." pos="X">.</wf>
      </sentence>
      <sentence id="d000.s495" source="wordnet-galician">
         <wf lemma="un" pos="X">un</wf>
         <wf lemma="filme" pos="X">filme</wf>
         <instance id="d000.s495.t000" lemma="tardío" pos="ADJ">tardío</instance>
         <wf lemma="." pos="X">.</wf>
      </sentence>
      <sentence id="d000.s496" source="wordnet-galician">
         <wf lemma="Cincenta" pos="X">Cincenta</wf>
         <wf lemma="fixo" pos="X">fixo</wf>
         <wf lemma="o" pos="X">o</wf>
         <wf lemma="traballo" pos="X">traballo</wf>
         <instance id="d000.s496.t000" lemma="sucio" pos="ADJ">sucio</instance>
         <wf lemma="mentres" pos="X">mentres</wf>
         <wf lemma="as" pos="X">as</wf>
         <wf lemma="súas" pos="X">súas</wf>
         <wf lemma="irmás" pos="X">irmás</wf>
         <wf lemma="se" pos="X">se</wf>
         <wf lemma="congratulaban" pos="X">congratulaban</wf>
         <wf lemma="elas" pos="X">elas</wf>
         <wf lemma="mesmas" pos="X">mesmas</wf>
         <wf lemma="." pos="X">.</wf>
      </sentence>
      <sentence id="d000.s497" source="wordnet-galician">
         <wf lemma="áreas" pos="X">áreas</wf>
         <wf lemma="residenciais" pos="X">residenciais</wf>
         <instance id="d000.s497.t000" lemma="externo" pos="ADJ">externas</instance>
         <wf lemma="." pos="X">.</wf>
      </sentence>
      <sentence id="d000.s498" source="wordnet-galician">
         <wf lemma="pintura" pos="X">pintura</wf>
         <instance id="d000.s498.t000" lemma="húmido" pos="ADJ">húmida</instance>
         <wf lemma="." pos="X">.</wf>
      </sentence>
      <sentence id="d000.s499" source="wordnet-galician">
         <wf lemma="non" pos="X">non</wf>
         <wf lemma="é" pos="X">é</wf>
         <wf lemma="unha" pos="X">unha</wf>
         <wf lemma="persoa" pos="X">persoa</wf>
         <wf lemma="particularmente" pos="X">particularmente</wf>
         <instance id="d000.s499.t000" lemma="puntual" pos="ADJ">puntual</instance>
         <wf lemma="." pos="X">.</wf>
      </sentence>
      <sentence id="d000.s500" source="wordnet-galician">
         <wf lemma="viña" pos="X">viña</wf>
         <wf lemma="con" pos="X">con</wf>
         <wf lemma="algunhas" pos="X">algunhas</wf>
         <wf lemma="frases" pos="X">frases</wf>
         <instance id="d000.s500.t000" lemma="repetible" pos="ADJ">repetibles</instance>
         <wf lemma="." pos="X">.</wf>
      </sentence>
      <sentence id="d000.s501" source="wordnet-galician">
         <instance id="d000.s501.t000" lemma="meticuloso" pos="ADJ">meticuloso</instance>
         <wf lemma="coa" pos="X">coa</wf>
         <wf lemma="hixiene" pos="X">hixiene</wf>
         <wf lemma="persoal" pos="X">persoal</wf>
         <wf lemma="." pos="X">.</wf>
      </sentence>
      <sentence id="d000.s502" source="wordnet-galician">
         <wf lemma="o" pos="X">o</wf>
         <instance id="d000.s502.t000" lemma="disolvente" pos="NOUN">disolvente</instance>
         <wf lemma="non" pos="X">non</wf>
         <wf lemma="cambia" pos="X">cambia</wf>
         <wf lemma="o" pos="X">o</wf>
         <wf lemma="seu" pos="X">seu</wf>
         <wf lemma="estado" pos="X">estado</wf>
         <wf lemma="na" pos="X">na</wf>
         <wf lemma="formación" pos="X">formación</wf>
         <wf lemma="dunha" pos="X">dunha</wf>
         <wf lemma="solución" pos="X">solución</wf>
         <wf lemma="." pos="X">.</wf>
      </sentence>
      <sentence id="d000.s503" source="wordnet-galician">
         <wf lemma="unha" pos="X">unha</wf>
         <wf lemma="aventura" pos="X">aventura</wf>
         <instance id="d000.s503.t000" lemma="intrépido" pos="ADJ">intrépida</instance>
         <wf lemma="." pos="X">.</wf>
      </sentence>
      <sentence id="d000.s504" source="wordnet-galician">
         <wf lemma="a" pos="X">a</wf>
         <wf lemma="construción" pos="X">construción</wf>
         <wf lemma="de" pos="X">de</wf>
         <wf lemma="estradas" pos="X">estradas</wf>
         <wf lemma="e" pos="X">e</wf>
         <instance id="d000.s504.t000" lemma="outro" pos="ADJ">outras</instance>
         <wf lemma="obras" pos="X">obras</wf>
         <wf lemma="públicas" pos="X">públicas</wf>
         <wf lemma="." pos="X">.</wf>
      </sentence>
      <sentence id="d000.s505" source="wordnet-galician">
         <wf lemma="unha" pos="X">unha</wf>
         <wf lemma="cobertura" pos="X">cobertura</wf>
         <instance id="d000.s505.t000" lemma="completo" pos="ADJ">completa</instance>
         <wf lemma="." pos="X">.</wf>
      </sentence>
      <sentence id="d000.s506" source="wordnet-galician">
         <wf lemma="unha" pos="X">unha</wf>
         <wf lemma="mente" pos="X">mente</wf>
         <instance id="d000.s506.t000" lemma="superficial" pos="ADJ">superficial</instance>
         <wf lemma="." pos="X">.</wf>
      </sentence>
      <sentence id="d000.s507" source="wordnet-galician">
         <wf lemma="foron" pos="X">foron</wf>
         <wf lemma="anos" pos="X">anos</wf>
         <instance id="d000.s507.t000" lemma="produtivo" pos="ADJ">produtivos</instance>
         <wf lemma="." pos="X">.</wf>
      </sentence>
      <sentence id="d000.s508" source="wordnet-galician">
         <wf lemma="un" pos="X">un</wf>
         <wf lemma="po" pos="X">po</wf>
         <wf lemma="de" pos="X">de</wf>
         <wf lemma="cor" pos="X">cor</wf>
         <instance id="d000.s508.t000" lemma="claro" pos="ADJ">clara</instance>
         <wf lemma="." pos="X">.</wf>
      </sentence>
      <sentence id="d000.s509" source="wordnet-galician">
         <wf lemma="edificios" pos="X">edificios</wf>
         <instance id="d000.s509.t000" lemma="alto" pos="ADJ">altos</instance>
         <wf lemma="." pos="X">.</wf>
      </sentence>
      <sentence id="d000.s510" source="wordnet-galician">
         <wf lemma="combustible" pos="X">combustible</wf>
         <instance id="d000.s510.t000" lemma="escaso" pos="ADJ">escaso</instance>
         <wf lemma="." pos="X">.</wf>
      </sentence>
      <sentence id="d000.s511" source="wordnet-galician">
         <wf lemma="un" pos="X">un</wf>
         <wf lemma="metal" pos="X">metal</wf>
         <instance id="d000.s511.t000" lemma="susceptible" pos="ADJ">susceptible</instance>
         <wf lemma="á" pos="X">á</wf>
         <wf lemma="calor" pos="X">calor</wf>
         <wf lemma="." pos="X">.</wf>
      </sentence>
      <sentence id="d000.s512" source="wordnet-galician">
         <wf lemma="as" pos="X">as</wf>
         <wf lemma="cores" pos="X">cores</wf>
         <wf lemma="do" pos="X">do</wf>
         <wf lemma="outono" pos="X">outono</wf>
         <instance id="d000.s512.t000" lemma="setentrional" pos="ADJ">setentrional</instance>
         <wf lemma="." pos="X">.</wf>
      </sentence>
      <sentence id="d000.s513" source="wordnet-galician">
         <wf lemma="condicións" pos="X">condicións</wf>
         <instance id="d000.s513.t000" lemma="insalubre" pos="ADJ">insalubres</instance>
         <wf lemma="en" pos="X">en</wf>
         <wf lemma="pisos" pos="X">pisos</wf>
         <wf lemma="antigos" pos="X">antigos</wf>
         <wf lemma="con" pos="X">con</wf>
         <wf lemma="pintura" pos="X">pintura</wf>
         <wf lemma="descascada" pos="X">descascada</wf>
         <wf lemma="a" pos="X">a</wf>
         <wf lemma="base" pos="X">base</wf>
         <wf lemma="de" pos="X">de</wf>
         <wf lemma="chumbo" pos="X">chumbo</wf>
         <wf lemma="." pos="X">.</wf>
      </sentence>
      <sentence id="d000.s514" source="wordnet-galician">
         <wf lemma="o" pos="X">o</wf>
         <instance id="d000.s514.t000" lemma="introito" pos="NOUN">introito</instance>
         <wf lemma="de" pos="X">de</wf>
         <wf lemma="vaxina" pos="X">vaxina</wf>
         <wf lemma="." pos="X">.</wf>
      </sentence>
      <sentence id="d000.s515" source="wordnet-galician">
         <wf lemma="estado" pos="X">estado</wf>
         <instance id="d000.s515.t000" lemma="confuso" pos="ADJ">confuso</instance>
         <wf lemma="do" pos="X">do</wf>
         <wf lemma="mundo" pos="X">mundo</wf>
         <wf lemma="." pos="X">.</wf>
      </sentence>
      <sentence id="d000.s516" source="wordnet-galician">
         <wf lemma="o" pos="X">o</wf>
         <wf lemma="futuro" pos="X">futuro</wf>
         <instance id="d000.s516.t000" lemma="remoto" pos="ADJ">remoto</instance>
         <wf lemma="." pos="X">.</wf>
      </sentence>
      <sentence id="d000.s517" source="wordnet-galician">
         <wf lemma="as" pos="X">as</wf>
         <wf lemma="cancións" pos="X">cancións</wf>
         <wf lemma="folclóricas" pos="X">folclóricas</wf>
         <instance id="d000.s517.t000" lemma="tecido" pos="ADJ">tecidas</instance>
         <wf lemma="nunha" pos="X">nunha</wf>
         <wf lemma="sinfonía" pos="X">sinfonía</wf>
         <wf lemma="." pos="X">.</wf>
      </sentence>
      <sentence id="d000.s518" source="wordnet-galician">
         <wf lemma="'" pos="X">'</wf>
         <wf lemma="no" pos="X">no</wf>
         <instance id="d000.s518.t000" lemma="ventre" pos="NOUN">ventre</instance>
         <wf lemma="'" pos="X">'</wf>
         <wf lemma="é" pos="X">é</wf>
         <wf lemma="a" pos="X">a</wf>
         <wf lemma="terminoloxía" pos="X">terminoloxía</wf>
         <wf lemma="xurídica" pos="X">xurídica</wf>
         <wf lemma="de" pos="X">de</wf>
         <wf lemma="'" pos="X">'</wf>
         <wf lemma="concibido" pos="X">concibido</wf>
         <wf lemma="," pos="X">,</wf>
         <wf lemma="pero" pos="X">pero</wf>
         <wf lemma="aínda" pos="X">aínda</wf>
         <wf lemma="non" pos="X">non</wf>
         <wf lemma="naceu" pos="X">naceu</wf>
         <wf lemma="'." pos="X">'.</wf>
      </sentence>
      <sentence id="d000.s519" source="wordnet-galician">
         <wf lemma="unha" pos="X">unha</wf>
         <instance id="d000.s519.t000" lemma="profundo" pos="ADJ">profunda</instance>
         <wf lemma="perspicacia" pos="X">perspicacia</wf>
         <wf lemma="." pos="X">.</wf>
      </sentence>
      <sentence id="d000.s520" source="wordnet-galician">
         <wf lemma="el" pos="X">el</wf>
         <wf lemma="escribe" pos="X">escribe</wf>
         <wf lemma="coa" pos="X">coa</wf>
         <wf lemma="man" pos="X">man</wf>
         <instance id="d000.s520.t000" lemma="dereita" pos="NOUN">dereita</instance>
         <wf lemma="," pos="X">,</wf>
         <wf lemma="pero" pos="X">pero</wf>
         <wf lemma="tira" pos="X">tira</wf>
         <wf lemma="coa" pos="X">coa</wf>
         <wf lemma="esquerda" pos="X">esquerda</wf>
         <wf lemma="." pos="X">.</wf>
      </sentence>
      <sentence id="d000.s521" source="wordnet-galician">
         <wf lemma="un" pos="X">un</wf>
         <wf lemma="neno" pos="X">neno</wf>
         <wf lemma="un" pos="X">un</wf>
         <wf lemma="pouco" pos="X">pouco</wf>
         <instance id="d000.s521.t000" lemma="malo" pos="ADJ">malo</instance>
         <wf lemma="." pos="X">.</wf>
      </sentence>
      <sentence id="d000.s522" source="wordnet-galician">
         <wf lemma="unha" pos="X">unha</wf>
         <wf lemma="capa" pos="X">capa</wf>
         <wf lemma="de" pos="X">de</wf>
         <wf lemma="escuma" pos="X">escuma</wf>
         <instance id="d000.s522.t000" lemma="impermeable" pos="ADJ">impermeable</instance>
         <wf lemma="." pos="X">.</wf>
      </sentence>
      <sentence id="d000.s523" source="wordnet-galician">
         <wf lemma="o" pos="X">o</wf>
         <instance id="d000.s523.t000" lemma="conduto" pos="NOUN">conduto</instance>
         <wf lemma="alimentario" pos="X">alimentario</wf>
         <wf lemma="." pos="X">.</wf>
      </sentence>
      <sentence id="d000.s524" source="wordnet-galician">
         <wf lemma="unha" pos="X">unha</wf>
         <wf lemma="caída" pos="X">caída</wf>
         <instance id="d000.s524.t000" lemma="frontal" pos="ADJ">frontal</instance>
         <wf lemma="polas" pos="X">polas</wf>
         <wf lemma="escaleiras" pos="X">escaleiras</wf>
         <wf lemma="." pos="X">.</wf>
      </sentence>
      <sentence id="d000.s525" source="wordnet-galician">
         <wf lemma="clima" pos="X">clima</wf>
         <instance id="d000.s525.t000" lemma="cálido" pos="ADJ">cálido</instance>
         <wf lemma="." pos="X">.</wf>
      </sentence>
      <sentence id="d000.s526" source="wordnet-galician">
         <wf lemma="as" pos="X">as</wf>
         <wf lemma="declaracións" pos="X">declaracións</wf>
         <instance id="d000.s526.t000" lemma="incoherente" pos="ADJ">incoherentes</instance>
         <wf lemma="non" pos="X">non</wf>
         <wf lemma="poden" pos="X">poden</wf>
         <wf lemma="ser" pos="X">ser</wf>
         <wf lemma="todas" pos="X">todas</wf>
         <wf lemma="certas" pos="X">certas</wf>
         <wf lemma="á" pos="X">á</wf>
         <wf lemma="vez" pos="X">vez</wf>
         <wf lemma="." pos="X">.</wf>
      </sentence>
      <sentence id="d000.s527" source="wordnet-galician">
         <wf lemma="cheiro" pos="X">cheiro</wf>
         <instance id="d000.s527.t000" lemma="desagradable" pos="ADJ">desagradable</instance>
         <wf lemma="." pos="X">.</wf>
      </sentence>
      <sentence id="d000.s528" source="wordnet-galician">
         <wf lemma="zonas" pos="X">zonas</wf>
         <instance id="d000.s528.t000" lemma="inclemente" pos="ADJ">inclementes</instance>
         <wf lemma="." pos="X">.</wf>
      </sentence>
      <sentence id="d000.s529" source="wordnet-galician">
         <wf lemma="reputación" pos="X">reputación</wf>
         <instance id="d000.s529.t000" lemma="cuestionable" pos="ADJ">cuestionable</instance>
         <wf lemma="." pos="X">.</wf>
      </sentence>
      <sentence id="d000.s530" source="wordnet-galician">
         <wf lemma="un" pos="X">un</wf>
         <wf lemma="esbozo" pos="X">esbozo</wf>
         <instance id="d000.s530.t000" lemma="nítido" pos="ADJ">nítido</instance>
         <wf lemma="." pos="X">.</wf>
      </sentence>
      <sentence id="d000.s531" source="wordnet-galician">
         <wf lemma="a" pos="X">a</wf>
         <wf lemma="súa" pos="X">súa</wf>
         <wf lemma="idea" pos="X">idea</wf>
         <wf lemma="non" pos="X">non</wf>
         <wf lemma="tiña" pos="X">tiña</wf>
         <wf lemma="aplicación" pos="X">aplicación</wf>
         <instance id="d000.s531.t000" lemma="práctico" pos="ADJ">práctica</instance>
         <wf lemma="." pos="X">.</wf>
      </sentence>
      <sentence id="d000.s532" source="wordnet-galician">
         <wf lemma="sobre" pos="X">sobre</wf>
         <wf lemma="o" pos="X">o</wf>
         <wf lemma="outeiro" pos="X">outeiro</wf>
         <wf lemma="había" pos="X">había</wf>
         <wf lemma="unha" pos="X">unha</wf>
         <instance id="d000.s532.t000" lemma="único" pos="ADJ">única</instance>
         <wf lemma="torre" pos="X">torre</wf>
         <wf lemma="." pos="X">.</wf>
      </sentence>
      <sentence id="d000.s533" source="wordnet-galician">
         <wf lemma="espírito" pos="X">espírito</wf>
         <wf lemma="nun" pos="X">nun</wf>
         <wf lemma="estado" pos="X">estado</wf>
         <instance id="d000.s533.t000" lemma="optimista" pos="ADJ">optimista</instance>
         <wf lemma="." pos="X">.</wf>
      </sentence>
      <sentence id="d000.s534" source="wordnet-galician">
         <wf lemma="as" pos="X">as</wf>
         <wf lemma="ras" pos="X">ras</wf>
         <wf lemma="convertéronse" pos="X">convertéronse</wf>
         <wf lemma="en" pos="X">en</wf>
         <instance id="d000.s534.t000" lemma="letárxico" pos="ADJ">letárxicas</instance>
         <wf lemma="coas" pos="X">coas</wf>
         <wf lemma="primeiras" pos="X">primeiras</wf>
         <wf lemma="noites" pos="X">noites</wf>
         <wf lemma="de" pos="X">de</wf>
         <wf lemma="frío" pos="X">frío</wf>
         <wf lemma="." pos="X">.</wf>
      </sentence>
      <sentence id="d000.s535" source="wordnet-galician">
         <wf lemma="a" pos="X">a</wf>
         <wf lemma="versión" pos="X">versión</wf>
         <instance id="d000.s535.t000" lemma="apropiado" pos="ADJ">apropiada</instance>
         <wf lemma="." pos="X">.</wf>
      </sentence>
      <sentence id="d000.s536" source="wordnet-galician">
         <wf lemma="seguiron" pos="X">seguiron</wf>
         <wf lemma="camiños" pos="X">camiños</wf>
         <instance id="d000.s536.t000" lemma="independente" pos="ADJ">independentes</instance>
         <wf lemma="." pos="X">.</wf>
      </sentence>
      <sentence id="d000.s537" source="wordnet-galician">
         <wf lemma="estaba" pos="X">estaba</wf>
         <wf lemma="estable" pos="X">estable</wf>
         <wf lemma="nun" pos="X">nun</wf>
         <wf lemma="traballo" pos="X">traballo</wf>
         <instance id="d000.s537.t000" lemma="cómodo" pos="ADJ">cómodo</instance>
         <wf lemma="para" pos="X">para</wf>
         <wf lemma="o" pos="X">o</wf>
         <wf lemma="que" pos="X">que</wf>
         <wf lemma="estaba" pos="X">estaba</wf>
         <wf lemma="ben" pos="X">ben</wf>
         <wf lemma="preparado" pos="X">preparado</wf>
         <wf lemma="." pos="X">.</wf>
      </sentence>
      <sentence id="d000.s538" source="wordnet-galician">
         <wf lemma="a" pos="X">a</wf>
         <wf lemma="decisión" pos="X">decisión</wf>
         <instance id="d000.s538.t000" lemma="arbitrario" pos="ADJ">arbitraria</instance>
         <wf lemma="." pos="X">.</wf>
      </sentence>
      <sentence id="d000.s539" source="wordnet-galician">
         <wf lemma="esta" pos="X">esta</wf>
         <wf lemma="drenaxe" pos="X">drenaxe</wf>
         <wf lemma="é" pos="X">é</wf>
         <instance id="d000.s539.t000" lemma="imperfecto" pos="ADJ">imperfecta</instance>
         <wf lemma="." pos="X">.</wf>
      </sentence>
      <sentence id="d000.s540" source="wordnet-galician">
         <wf lemma="comportamento" pos="X">comportamento</wf>
         <instance id="d000.s540.t000" lemma="viciante" pos="ADJ">viciante</instance>
         <wf lemma="." pos="X">.</wf>
      </sentence>
      <sentence id="d000.s541" source="wordnet-galician">
         <wf lemma="unha" pos="X">unha</wf>
         <wf lemma="mente" pos="X">mente</wf>
         <instance id="d000.s541.t000" lemma="preciso" pos="ADJ">precisa</instance>
         <wf lemma="." pos="X">.</wf>
      </sentence>
      <sentence id="d000.s542" source="wordnet-galician">
         <wf lemma="isto" pos="X">isto</wf>
         <wf lemma="non" pos="X">non</wf>
         <wf lemma="é" pos="X">é</wf>
         <wf lemma="un" pos="X">un</wf>
         <wf lemma="traballo" pos="X">traballo</wf>
         <wf lemma="de" pos="X">de</wf>
         <wf lemma="dous" pos="X">dous</wf>
         <wf lemma="duros" pos="X">duros</wf>
         <wf lemma="," pos="X">,</wf>
         <wf lemma="el" pos="X">el</wf>
         <wf lemma="gaña" pos="X">gaña</wf>
         <instance id="d000.s542.t000" lemma="verdadeiro" pos="ADJ">verdadeiro</instance>
         <wf lemma="diñeiro" pos="X">diñeiro</wf>
         <wf lemma="con" pos="X">con</wf>
         <wf lemma="el" pos="X">el</wf>
         <wf lemma="." pos="X">.</wf>
      </sentence>
      <sentence id="d000.s543" source="wordnet-galician">
         <wf lemma="a" pos="X">a</wf>
         <wf lemma="temperatura" pos="X">temperatura</wf>
         <instance id="d000.s543.t000" lemma="crítico" pos="ADJ">crítica</instance>
         <wf lemma="da" pos="X">da</wf>
         <wf lemma="auga" pos="X">auga</wf>
         <wf lemma="situase" pos="X">situase</wf>
         <wf lemma="nos" pos="X">nos</wf>
         <wf lemma="100" pos="X">100</wf>
         <wf lemma="graos" pos="X">graos</wf>
         <wf lemma="centígrados" pos="X">centígrados</wf>
         <wf lemma="--o" pos="X">--o</wf>
         <wf lemma="seu" pos="X">seu</wf>
         <wf lemma="punto" pos="X">punto</wf>
         <wf lemma="de" pos="X">de</wf>
         <wf lemma="ebulición" pos="X">ebulición</wf>
         <wf lemma="nunha" pos="X">nunha</wf>
         <wf lemma="presión" pos="X">presión</wf>
         <wf lemma="atmosférica" pos="X">atmosférica</wf>
         <wf lemma="normal" pos="X">normal</wf>
         <wf lemma="." pos="X">.</wf>
      </sentence>
      <sentence id="d000.s544" source="wordnet-galician">
         <wf lemma="os" pos="X">os</wf>
         <wf lemma="vexetais" pos="X">vexetais</wf>
         <wf lemma="frescos" pos="X">frescos</wf>
         <wf lemma="foron" pos="X">foron</wf>
         <instance id="d000.s544.t000" lemma="escaso" pos="ADJ">escasos</instance>
         <wf lemma="durante" pos="X">durante</wf>
         <wf lemma="a" pos="X">a</wf>
         <wf lemma="seca" pos="X">seca</wf>
         <wf lemma="." pos="X">.</wf>
      </sentence>
      <sentence id="d000.s545" source="wordnet-galician">
         <wf lemma="pan" pos="X">pan</wf>
         <instance id="d000.s545.t000" lemma="rancio" pos="ADJ">rancio</instance>
         <wf lemma="." pos="X">.</wf>
      </sentence>
      <sentence id="d000.s546" source="wordnet-galician">
         <wf lemma="dentes" pos="X">dentes</wf>
         <instance id="d000.s546.t000" lemma="torto" pos="ADJ">tortos</instance>
         <wf lemma="." pos="X">.</wf>
      </sentence>
      <sentence id="d000.s547" source="wordnet-galician">
         <wf lemma="tivo" pos="X">tivo</wf>
         <wf lemma="unha" pos="X">unha</wf>
         <wf lemma="conversa" pos="X">conversa</wf>
         <instance id="d000.s547.t000" lemma="sociable" pos="ADJ">sociable</instance>
         <wf lemma="." pos="X">.</wf>
      </sentence>
      <sentence id="d000.s548" source="wordnet-galician">
         <instance id="d000.s548.t000" lemma="engurra" pos="NOUN">engurras</instance>
         <wf lemma="do" pos="X">do</wf>
         <wf lemma="estómago" pos="X">estómago</wf>
         <wf lemma="." pos="X">.</wf>
      </sentence>
      <sentence id="d000.s549" source="wordnet-galician">
         <wf lemma="unha" pos="X">unha</wf>
         <wf lemma="forza" pos="X">forza</wf>
         <instance id="d000.s549.t000" lemma="atractivo" pos="ADJ">atractiva</instance>
         <wf lemma="." pos="X">.</wf>
      </sentence>
      <sentence id="d000.s550" source="wordnet-galician">
         <wf lemma="un" pos="X">un</wf>
         <wf lemma="bebé" pos="X">bebé</wf>
         <wf lemma="pode" pos="X">pode</wf>
         <wf lemma="ser" pos="X">ser</wf>
         <wf lemma="tan" pos="X">tan</wf>
         <instance id="d000.s550.t000" lemma="exixente" pos="ADJ">exixente</instance>
         <wf lemma="." pos="X">.</wf>
      </sentence>
      <sentence id="d000.s551" source="wordnet-galician">
         <wf lemma="un" pos="X">un</wf>
         <wf lemma="club" pos="X">club</wf>
         <instance id="d000.s551.t000" lemma="privado" pos="ADJ">privado</instance>
         <wf lemma="." pos="X">.</wf>
      </sentence>
      <sentence id="d000.s552" source="wordnet-galician">
         <wf lemma="a" pos="X">a</wf>
         <wf lemma="súa" pos="X">súa</wf>
         <wf lemma="constitución" pos="X">constitución</wf>
         <wf lemma="é" pos="X">é</wf>
         <wf lemma="de" pos="X">de</wf>
         <wf lemma="tipo" pos="X">tipo</wf>
         <instance id="d000.s552.t000" lemma="pícnico" pos="ADJ">pícnico</instance>
         <wf lemma="." pos="X">.</wf>
      </sentence>
      <sentence id="d000.s553" source="wordnet-galician">
         <wf lemma="cambio" pos="X">cambio</wf>
         <wf lemma="de" pos="X">de</wf>
         <wf lemma="expresión" pos="X">expresión</wf>
         <instance id="d000.s553.t000" lemma="visible" pos="ADJ">visible</instance>
         <wf lemma="." pos="X">.</wf>
      </sentence>
      <sentence id="d000.s554" source="wordnet-galician">
         <wf lemma="movemento" pos="X">movemento</wf>
         <instance id="d000.s554.t000" lemma="frontal" pos="ADJ">frontal</instance>
         <wf lemma="." pos="X">.</wf>
      </sentence>
      <sentence id="d000.s555" source="wordnet-galician">
         <wf lemma="unha" pos="X">unha</wf>
         <wf lemma="baño" pos="X">baño</wf>
         <instance id="d000.s555.t000" lemma="interior" pos="ADJ">interior</instance>
         <wf lemma="sen" pos="X">sen</wf>
         <wf lemma="fiestras" pos="X">fiestras</wf>
         <wf lemma="." pos="X">.</wf>
      </sentence>
      <sentence id="d000.s556" source="wordnet-galician">
         <wf lemma="unha" pos="X">unha</wf>
         <wf lemma="especie" pos="X">especie</wf>
         <instance id="d000.s556.t000" lemma="poliploide" pos="ADJ">poliploide</instance>
         <wf lemma="." pos="X">.</wf>
      </sentence>
      <sentence id="d000.s557" source="wordnet-galician">
         <wf lemma="cavidade" pos="X">cavidade</wf>
         <instance id="d000.s557.t000" lemma="oral" pos="ADJ">oral</instance>
         <wf lemma="." pos="X">.</wf>
      </sentence>
      <sentence id="d000.s558" source="wordnet-galician">
         <wf lemma="un" pos="X">un</wf>
         <wf lemma="vestido" pos="X">vestido</wf>
         <wf lemma="de" pos="X">de</wf>
         <wf lemma="verán" pos="X">verán</wf>
         <instance id="d000.s558.t000" lemma="fresco" pos="ADJ">fresco</instance>
         <wf lemma="." pos="X">.</wf>
      </sentence>
      <sentence id="d000.s559" source="wordnet-galician">
         <wf lemma="o" pos="X">o</wf>
         <wf lemma="espírito" pos="X">espírito</wf>
         <wf lemma="teimoso" pos="X">teimoso</wf>
         <wf lemma="e" pos="X">e</wf>
         <wf lemma="vello" pos="X">vello</wf>
         <instance id="d000.s559.t000" lemma="inconformista" pos="ADJ">inconformista</instance>
         <wf lemma="dos" pos="X">dos</wf>
         <wf lemma="primeiros" pos="X">primeiros</wf>
         <wf lemma="colonos" pos="X">colonos</wf>
         <wf lemma="." pos="X">.</wf>
      </sentence>
      <sentence id="d000.s560" source="wordnet-galician">
         <wf lemma="o" pos="X">o</wf>
         <wf lemma="reloxo" pos="X">reloxo</wf>
         <wf lemma="mostraba" pos="X">mostraba</wf>
         <wf lemma="a" pos="X">a</wf>
         <wf lemma="hora" pos="X">hora</wf>
         <instance id="d000.s560.t000" lemma="errado" pos="ADJ">errada</instance>
         <wf lemma="." pos="X">.</wf>
      </sentence>
      <sentence id="d000.s561" source="wordnet-galician">
         <wf lemma="linguaxe" pos="X">linguaxe</wf>
         <instance id="d000.s561.t000" lemma="intraducible" pos="ADJ">intraducible</instance>
         <wf lemma="." pos="X">.</wf>
      </sentence>
      <sentence id="d000.s562" source="wordnet-galician">
         <wf lemma="as" pos="X">as</wf>
         <wf lemma="súas" pos="X">súas</wf>
         <instance id="d000.s562.t000" lemma="costa" pos="NOUN">costas</instance>
         <wf lemma="estaban" pos="X">estaban</wf>
         <wf lemma="lixeiramente" pos="X">lixeiramente</wf>
         <wf lemma="bronceadas" pos="X">bronceadas</wf>
         <wf lemma="." pos="X">.</wf>
      </sentence>
      <sentence id="d000.s563" source="wordnet-galician">
         <wf lemma="impulsos" pos="X">impulsos</wf>
         <instance id="d000.s563.t000" lemma="aferente" pos="ADJ">aferentes</instance>
         <wf lemma="." pos="X">.</wf>
      </sentence>
      <sentence id="d000.s564" source="wordnet-galician">
         <wf lemma="colleu" pos="X">colleu</wf>
         <wf lemma="a" pos="X">a</wf>
         <wf lemma="nena" pos="X">nena</wf>
         <wf lemma="e" pos="X">e</wf>
         <wf lemma="sentouna" pos="X">sentouna</wf>
         <wf lemma="no" pos="X">no</wf>
         <instance id="d000.s564.t000" lemma="colo" pos="NOUN">colo</instance>
         <wf lemma="." pos="X">.</wf>
      </sentence>
      <sentence id="d000.s565" source="wordnet-galician">
         <wf lemma="os" pos="X">os</wf>
         <wf lemma="seres" pos="X">seres</wf>
         <instance id="d000.s565.t000" lemma="articulado" pos="ADJ">articulados</instance>
         <wf lemma="." pos="X">.</wf>
      </sentence>
      <sentence id="d000.s566" source="wordnet-galician">
         <wf lemma="un" pos="X">un</wf>
         <wf lemma="clérigo" pos="X">clérigo</wf>
         <instance id="d000.s566.t000" lemma="beneficiado" pos="ADJ">beneficiado</instance>
         <wf lemma="." pos="X">.</wf>
      </sentence>
      <sentence id="d000.s567" source="wordnet-galician">
         <wf lemma="un" pos="X">un</wf>
         <wf lemma="trato" pos="X">trato</wf>
         <instance id="d000.s567.t000" lemma="recto" pos="ADJ">recto</instance>
         <wf lemma="." pos="X">.</wf>
      </sentence>
      <sentence id="d000.s568" source="wordnet-galician">
         <wf lemma="os" pos="X">os</wf>
         <wf lemma="erros" pos="X">erros</wf>
         <instance id="d000.s568.t000" lemma="incomprensible" pos="ADJ">incomprensibles</instance>
         <wf lemma="." pos="X">.</wf>
      </sentence>
      <sentence id="d000.s569" source="wordnet-galician">
         <wf lemma="comportamento" pos="X">comportamento</wf>
         <instance id="d000.s569.t000" lemma="inofensivo" pos="ADJ">inofensivo</instance>
         <wf lemma="." pos="X">.</wf>
      </sentence>
      <sentence id="d000.s570" source="wordnet-galician">
         <wf lemma="case" pos="X">case</wf>
         <wf lemma="deixa" pos="X">deixa</wf>
         <wf lemma="caer" pos="X">caer</wf>
         <wf lemma="o" pos="X">o</wf>
         <wf lemma="paquete" pos="X">paquete</wf>
         <instance id="d000.s570.t000" lemma="pesado" pos="ADJ">pesado</instance>
         <wf lemma="." pos="X">.</wf>
      </sentence>
      <sentence id="d000.s571" source="wordnet-galician">
         <wf lemma="presentan" pos="X">presentan</wf>
         <wf lemma="a" pos="X">a</wf>
         <wf lemma="bomba" pos="X">bomba</wf>
         <instance id="d000.s571.t000" lemma="inofensivo" pos="ADJ">inofensiva</instance>
         <wf lemma="." pos="X">.</wf>
      </sentence>
      <sentence id="d000.s572" source="wordnet-galician">
         <wf lemma="a" pos="X">a</wf>
         <wf lemma="transmisión" pos="X">transmisión</wf>
         <instance id="d000.s572.t000" lemma="automático" pos="ADJ">automática</instance>
         <wf lemma="." pos="X">.</wf>
      </sentence>
      <sentence id="d000.s573" source="wordnet-galician">
         <wf lemma="músculos" pos="X">músculos</wf>
         <instance id="d000.s573.t000" lemma="involuntario" pos="ADJ">involuntarios</instance>
         <wf lemma="." pos="X">.</wf>
      </sentence>
      <sentence id="d000.s574" source="wordnet-galician">
         <wf lemma="un" pos="X">un</wf>
         <wf lemma="defecto" pos="X">defecto</wf>
         <instance id="d000.s574.t000" lemma="corrixible" pos="ADJ">corrixible</instance>
         <wf lemma="." pos="X">.</wf>
      </sentence>
      <sentence id="d000.s575" source="wordnet-galician">
         <wf lemma="hábitat" pos="X">hábitat</wf>
         <instance id="d000.s575.t000" lemma="mésico" pos="ADJ">mésico</instance>
         <wf lemma="." pos="X">.</wf>
      </sentence>
      <sentence id="d000.s576" source="wordnet-galician">
         <wf lemma="un" pos="X">un</wf>
         <wf lemma="pai" pos="X">pai</wf>
         <instance id="d000.s576.t000" lemma="previsor" pos="ADJ">previsor</instance>
         <wf lemma="planea" pos="X">planea</wf>
         <wf lemma="a" pos="X">a</wf>
         <wf lemma="educación" pos="X">educación</wf>
         <wf lemma="dos" pos="X">dos</wf>
         <wf lemma="seus" pos="X">seus</wf>
         <wf lemma="fillos" pos="X">fillos</wf>
         <wf lemma="." pos="X">.</wf>
      </sentence>
      <sentence id="d000.s577" source="wordnet-galician">
         <wf lemma="dise" pos="X">dise</wf>
         <wf lemma="que" pos="X">que</wf>
         <wf lemma="a" pos="X">a</wf>
         <wf lemma="maiorana" pos="X">maiorana</wf>
         <wf lemma="posúe" pos="X">posúe</wf>
         <wf lemma="calidades" pos="X">calidades</wf>
         <instance id="d000.s577.t000" lemma="antiséptico" pos="ADJ">antisépticas</instance>
         <wf lemma="." pos="X">.</wf>
      </sentence>
      <sentence id="d000.s578" source="wordnet-galician">
         <wf lemma="aves" pos="X">aves</wf>
         <instance id="d000.s578.t000" lemma="migratorio" pos="ADJ">migratorias</instance>
         <wf lemma="." pos="X">.</wf>
      </sentence>
      <sentence id="d000.s579" source="wordnet-galician">
         <wf lemma="o" pos="X">o</wf>
         <wf lemma="xornal" pos="X">xornal</wf>
         <wf lemma="divulga" pos="X">divulga</wf>
         <wf lemma="que" pos="X">que</wf>
         <wf lemma="non" pos="X">non</wf>
         <wf lemma="hai" pos="X">hai</wf>
         <wf lemma="progreso" pos="X">progreso</wf>
         <instance id="d000.s579.t000" lemma="perceptible" pos="ADJ">perceptibles</instance>
         <wf lemma="nas" pos="X">nas</wf>
         <wf lemma="negociacións" pos="X">negociacións</wf>
         <wf lemma="." pos="X">.</wf>
      </sentence>
      <sentence id="d000.s580" source="wordnet-galician">
         <wf lemma="cores" pos="X">cores</wf>
         <instance id="d000.s580.t000" lemma="escuro" pos="ADJ">escuras</instance>
         <wf lemma="como" pos="X">como</wf>
         <wf lemma="o" pos="X">o</wf>
         <wf lemma="viño" pos="X">viño</wf>
         <wf lemma="tinto" pos="X">tinto</wf>
         <wf lemma="ou" pos="X">ou</wf>
         <wf lemma="o" pos="X">o</wf>
         <wf lemma="azul" pos="X">azul</wf>
         <wf lemma="mariño" pos="X">mariño</wf>
         <wf lemma="." pos="X">.</wf>
      </sentence>
      <sentence id="d000.s581" source="wordnet-galician">
         <wf lemma="fai" pos="X">fai</wf>
         <wf lemma="o" pos="X">o</wf>
         <wf lemma="que" pos="X">que</wf>
         <wf lemma="consideres" pos="X">consideres</wf>
         <instance id="d000.s581.t000" lemma="oportuno" pos="ADJ">oportuno</instance>
         <wf lemma="." pos="X">.</wf>
      </sentence>
      <sentence id="d000.s582" source="wordnet-galician">
         <wf lemma="o" pos="X">o</wf>
         <wf lemma="leite" pos="X">leite</wf>
         <wf lemma="de" pos="X">de</wf>
         <wf lemma="vaca" pos="X">vaca</wf>
         <wf lemma="contén" pos="X">contén</wf>
         <wf lemma="preto" pos="X">preto</wf>
         <wf lemma="dun" pos="X">dun</wf>
         <wf lemma="4,7" pos="X">4,7</wf>
         <wf lemma="%" pos="X">%</wf>
         <wf lemma="de" pos="X">de</wf>
         <instance id="d000.s582.t000" lemma="lactosa" pos="NOUN">lactosa</instance>
         <wf lemma="." pos="X">.</wf>
      </sentence>
      <sentence id="d000.s583" source="wordnet-galician">
         <wf lemma="un" pos="X">un</wf>
         <wf lemma="compartimento" pos="X">compartimento</wf>
         <instance id="d000.s583.t000" lemma="oculto" pos="ADJ">oculto</instance>
         <wf lemma="na" pos="X">na</wf>
         <wf lemma="súa" pos="X">súa</wf>
         <wf lemma="carteira" pos="X">carteira</wf>
         <wf lemma="." pos="X">.</wf>
      </sentence>
      <sentence id="d000.s584" source="wordnet-galician">
         <wf lemma="as" pos="X">as</wf>
         <wf lemma="disputas" pos="X">disputas</wf>
         <instance id="d000.s584.t000" lemma="sectario" pos="ADJ">sectarias</instance>
         <wf lemma="en" pos="X">en</wf>
         <wf lemma="psicoloxía" pos="X">psicoloxía</wf>
         <wf lemma="." pos="X">.</wf>
      </sentence>
      <sentence id="d000.s585" source="wordnet-galician">
         <wf lemma="un" pos="X">un</wf>
         <wf lemma="día" pos="X">día</wf>
         <instance id="d000.s585.t000" lemma="normal" pos="ADJ">normal</instance>
         <wf lemma="." pos="X">.</wf>
      </sentence>
      <sentence id="d000.s586" source="wordnet-galician">
         <wf lemma="unha" pos="X">unha</wf>
         <wf lemma="corda" pos="X">corda</wf>
         <instance id="d000.s586.t000" lemma="laxo" pos="ADJ">laxa</instance>
         <wf lemma="." pos="X">.</wf>
      </sentence>
      <sentence id="d000.s587" source="wordnet-galician">
         <wf lemma="só" pos="X">só</wf>
         <wf lemma="nocións" pos="X">nocións</wf>
         <instance id="d000.s587.t000" lemma="indefinido" pos="ADJ">indefinidas</instance>
         <wf lemma="de" pos="X">de</wf>
         <wf lemma="que" pos="X">que</wf>
         <wf lemma="facer" pos="X">facer</wf>
         <wf lemma="." pos="X">.</wf>
      </sentence>
      <sentence id="d000.s588" source="wordnet-galician">
         <instance id="d000.s588.t000" lemma="orgulloso" pos="ADJ">orgulloso</instance>
         <wf lemma="dos" pos="X">dos</wf>
         <wf lemma="seus" pos="X">seus</wf>
         <wf lemma="actos" pos="X">actos</wf>
         <wf lemma="." pos="X">.</wf>
      </sentence>
      <sentence id="d000.s589" source="wordnet-galician">
         <wf lemma="unha" pos="X">unha</wf>
         <wf lemma="liña" pos="X">liña</wf>
         <instance id="d000.s589.t000" lemma="estreito" pos="ADJ">estreita</instance>
         <wf lemma="cruza" pos="X">cruza</wf>
         <wf lemma="a" pos="X">a</wf>
         <wf lemma="páxina" pos="X">páxina</wf>
         <wf lemma="." pos="X">.</wf>
      </sentence>
      <sentence id="d000.s590" source="wordnet-galician">
         <wf lemma="hai" pos="X">hai</wf>
         <wf lemma="un" pos="X">un</wf>
         <wf lemma="cheiro" pos="X">cheiro</wf>
         <wf lemma="a" pos="X">a</wf>
         <wf lemma="produtos" pos="X">produtos</wf>
         <wf lemma="químicos" pos="X">químicos</wf>
         <wf lemma="no" pos="X">no</wf>
         <instance id="d000.s590.t000" lemma="aire" pos="NOUN">aire</instance>
         <wf lemma="." pos="X">.</wf>
      </sentence>
      <sentence id="d000.s591" source="wordnet-galician">
         <wf lemma="a" pos="X">a</wf>
         <wf lemma="división" pos="X">división</wf>
         <instance id="d000.s591.t000" lemma="desigual" pos="ADJ">desigual</instance>
         <wf lemma="da" pos="X">da</wf>
         <wf lemma="riqueza" pos="X">riqueza</wf>
         <wf lemma="." pos="X">.</wf>
      </sentence>
      <sentence id="d000.s592" source="wordnet-galician">
         <instance id="d000.s592.t000" lemma="atento" pos="ADJ">atento</instance>
         <wf lemma="cos" pos="X">cos</wf>
         <wf lemma="nenos" pos="X">nenos</wf>
         <wf lemma="." pos="X">.</wf>
      </sentence>
      <sentence id="d000.s593" source="wordnet-galician">
         <wf lemma="especulación" pos="X">especulación</wf>
         <instance id="d000.s593.t000" lemma="rendible" pos="ADJ">rendible</instance>
         <wf lemma="no" pos="X">no</wf>
         <wf lemma="mercado" pos="X">mercado</wf>
         <wf lemma="de" pos="X">de</wf>
         <wf lemma="valores" pos="X">valores</wf>
         <wf lemma="." pos="X">.</wf>
      </sentence>
      <sentence id="d000.s594" source="wordnet-galician">
         <wf lemma="dereitos" pos="X">dereitos</wf>
         <instance id="d000.s594.t000" lemma="territorial" pos="ADJ">territoriais</instance>
         <wf lemma="." pos="X">.</wf>
      </sentence>
      <sentence id="d000.s595" source="wordnet-galician">
         <wf lemma="un" pos="X">un</wf>
         <wf lemma="parasito" pos="X">parasito</wf>
         <wf lemma="vexetal" pos="X">vexetal</wf>
         <instance id="d000.s595.t000" lemma="epizoico" pos="ADJ">epizoico</instance>
         <wf lemma="." pos="X">.</wf>
      </sentence>
      <sentence id="d000.s596" source="wordnet-galician">
         <wf lemma="tema" pos="X">tema</wf>
         <instance id="d000.s596.t000" lemma="actual" pos="ADJ">actual</instance>
         <wf lemma="." pos="X">.</wf>
      </sentence>
      <sentence id="d000.s597" source="wordnet-galician">
         <wf lemma="intereses" pos="X">intereses</wf>
         <instance id="d000.s597.t000" lemma="adiñeirado" pos="ADJ">adiñeirados</instance>
         <wf lemma="." pos="X">.</wf>
      </sentence>
      <sentence id="d000.s598" source="wordnet-galician">
         <instance id="d000.s598.t000" lemma="libre" pos="ADJ">libre</instance>
         <wf lemma="de" pos="X">de</wf>
         <wf lemma="racismo" pos="X">racismo</wf>
         <wf lemma="." pos="X">.</wf>
      </sentence>
      <sentence id="d000.s599" source="wordnet-galician">
         <wf lemma="as" pos="X">as</wf>
         <wf lemma="escenas" pos="X">escenas</wf>
         <wf lemma="de" pos="X">de</wf>
         <wf lemma="sexo" pos="X">sexo</wf>
         <instance id="d000.s599.t000" lemma="explícito" pos="ADJ">explícito</instance>
         <wf lemma="." pos="X">.</wf>
      </sentence>
      <sentence id="d000.s600" source="wordnet-galician">
         <wf lemma="é" pos="X">é</wf>
         <instance id="d000.s600.t000" lemma="receptivo" pos="ADJ">receptivo</instance>
         <wf lemma="a" pos="X">a</wf>
         <wf lemma="calquera" pos="X">calquera</wf>
         <wf lemma="proposta" pos="X">proposta</wf>
         <wf lemma="." pos="X">.</wf>
      </sentence>
      <sentence id="d000.s601" source="wordnet-galician">
         <wf lemma="un" pos="X">un</wf>
         <wf lemma="marco" pos="X">marco</wf>
         <instance id="d000.s601.t000" lemma="adaptábel" pos="ADJ">adaptábel</instance>
         <wf lemma="aos" pos="X">aos</wf>
         <wf lemma="parafusos" pos="X">parafusos</wf>
         <wf lemma="de" pos="X">de</wf>
         <wf lemma="diferentes" pos="X">diferentes</wf>
         <wf lemma="anchos" pos="X">anchos</wf>
         <wf lemma="de" pos="X">de</wf>
         <wf lemma="tea" pos="X">tea</wf>
         <wf lemma="." pos="X">.</wf>
      </sentence>
      <sentence id="d000.s602" source="wordnet-galician">
         <wf lemma="os" pos="X">os</wf>
         <instance id="d000.s602.t000" lemma="exón" pos="NOUN">exóns</instance>
         <wf lemma="son" pos="X">son</wf>
         <wf lemma="intercalados" pos="X">intercalados</wf>
         <wf lemma="cos" pos="X">cos</wf>
         <wf lemma="intróns" pos="X">intróns</wf>
         <wf lemma="." pos="X">.</wf>
      </sentence>
      <sentence id="d000.s603" source="wordnet-galician">
         <wf lemma="terreo" pos="X">terreo</wf>
         <instance id="d000.s603.t000" lemma="arborizado" pos="ADJ">arborizado</instance>
         <wf lemma="." pos="X">.</wf>
      </sentence>
      <sentence id="d000.s604" source="wordnet-galician">
         <wf lemma="un" pos="X">un</wf>
         <wf lemma="corazón" pos="X">corazón</wf>
         <instance id="d000.s604.t000" lemma="tenro" pos="ADJ">tenro</instance>
         <wf lemma="." pos="X">.</wf>
      </sentence>
      <sentence id="d000.s605" source="wordnet-galician">
         <wf lemma="en" pos="X">en</wf>
         <instance id="d000.s605.t000" lemma="segundo" pos="ADJ">segundo</instance>
         <wf lemma="caso" pos="X">caso</wf>
         <wf lemma="." pos="X">.</wf>
      </sentence>
      <sentence id="d000.s606" source="wordnet-galician">
         <wf lemma="as" pos="X">as</wf>
         <wf lemma="follas" pos="X">follas</wf>
         <instance id="d000.s606.t000" lemma="caulinar" pos="ADJ">caulinares</instance>
         <wf lemma="." pos="X">.</wf>
      </sentence>
      <sentence id="d000.s607" source="wordnet-galician">
         <instance id="d000.s607.t000" lemma="sensible" pos="ADJ">sensible</instance>
         <wf lemma="á" pos="X">á</wf>
         <wf lemma="comunidade" pos="X">comunidade</wf>
         <wf lemma="local" pos="X">local</wf>
         <wf lemma="e" pos="X">e</wf>
         <wf lemma="ás" pos="X">ás</wf>
         <wf lemma="súas" pos="X">súas</wf>
         <wf lemma="necesidades" pos="X">necesidades</wf>
         <wf lemma="." pos="X">.</wf>
      </sentence>
      <sentence id="d000.s608" source="wordnet-galician">
         <wf lemma="xuro" pos="X">xuro</wf>
         <wf lemma="non" pos="X">non</wf>
         <wf lemma="pola" pos="X">pola</wf>
         <wf lemma="..." pos="X">...</wf>
         <wf lemma="lúa" pos="X">lúa</wf>
         <instance id="d000.s608.t000" lemma="inconstante" pos="ADJ">inconstante</instance>
         <wf lemma="(" pos="X">(</wf>
         <wf lemma="Shakespeare" pos="X">Shakespeare</wf>
         <wf lemma=")" pos="X">)</wf>
         <wf lemma="." pos="X">.</wf>
      </sentence>
      <sentence id="d000.s609" source="wordnet-galician">
         <wf lemma="a" pos="X">a</wf>
         <wf lemma="gabeta" pos="X">gabeta</wf>
         <instance id="d000.s609.t000" lemma="inferior" pos="ADJ">inferior</instance>
         <wf lemma="." pos="X">.</wf>
      </sentence>
      <sentence id="d000.s610" source="wordnet-galician">
         <wf lemma="un" pos="X">un</wf>
         <wf lemma="ceo" pos="X">ceo</wf>
         <instance id="d000.s610.t000" lemma="cheo" pos="ADJ">cheo</instance>
         <wf lemma="de" pos="X">de</wf>
         <wf lemma="estrelas" pos="X">estrelas</wf>
         <wf lemma="." pos="X">.</wf>
      </sentence>
      <sentence id="d000.s611" source="wordnet-galician">
         <wf lemma="campos" pos="X">campos</wf>
         <instance id="d000.s611.t000" lemma="arado" pos="ADJ">arados</instance>
         <wf lemma="." pos="X">.</wf>
      </sentence>
      <sentence id="d000.s612" source="wordnet-galician">
         <wf lemma="o" pos="X">o</wf>
         <wf lemma="pano" pos="X">pano</wf>
         <wf lemma="está" pos="X">está</wf>
         <wf lemma="todo" pos="X">todo</wf>
         <instance id="d000.s612.t000" lemma="sanguinolento" pos="ADJ">sanguinolento</instance>
         <wf lemma="." pos="X">.</wf>
      </sentence>
      <sentence id="d000.s613" source="wordnet-galician">
         <wf lemma="terra" pos="X">terra</wf>
         <instance id="d000.s613.t000" lemma="seco" pos="ADJ">seca</instance>
         <wf lemma="." pos="X">.</wf>
      </sentence>
      <sentence id="d000.s614" source="wordnet-galician">
         <wf lemma="unha" pos="X">unha</wf>
         <wf lemma="selección" pos="X">selección</wf>
         <instance id="d000.s614.t000" lemma="enxeñoso" pos="ADJ">enxeñosa</instance>
         <wf lemma="das" pos="X">das</wf>
         <wf lemma="metáforas" pos="X">metáforas</wf>
         <wf lemma="." pos="X">.</wf>
      </sentence>
      <sentence id="d000.s615" source="wordnet-galician">
         <wf lemma="a" pos="X">a</wf>
         <wf lemma="terraza" pos="X">terraza</wf>
         <instance id="d000.s615.t000" lemma="dianteiro" pos="ADJ">dianteira</instance>
         <wf lemma="." pos="X">.</wf>
      </sentence>
      <sentence id="d000.s616" source="wordnet-galician">
         <wf lemma="a" pos="X">a</wf>
         <wf lemma="comisión" pos="X">comisión</wf>
         <wf lemma="foi" pos="X">foi</wf>
         <wf lemma="tímida" pos="X">tímida</wf>
         <wf lemma="," pos="X">,</wf>
         <wf lemma="mediocre" pos="X">mediocre</wf>
         <wf lemma="e" pos="X">e</wf>
         <instance id="d000.s616.t000" lemma="indeciso" pos="ADJ">indecisa</instance>
         <wf lemma="." pos="X">.</wf>
      </sentence>
      <sentence id="d000.s617" source="wordnet-galician">
         <wf lemma="un" pos="X">un</wf>
         <wf lemma="edificio" pos="X">edificio</wf>
         <instance id="d000.s617.t000" lemma="cómodo" pos="ADJ">cómodo</instance>
         <wf lemma="e" pos="X">e</wf>
         <wf lemma="axeitado" pos="X">axeitado</wf>
         <wf lemma="para" pos="X">para</wf>
         <wf lemma="convencións" pos="X">convencións</wf>
         <wf lemma="." pos="X">.</wf>
      </sentence>
      <sentence id="d000.s618" source="wordnet-galician">
         <wf lemma="derramaba" pos="X">derramaba</wf>
         <instance id="d000.s618.t000" lemma="suor" pos="NOUN">suor</instance>
         <wf lemma="pola" pos="X">pola</wf>
         <wf lemma="súa" pos="X">súa</wf>
         <wf lemma="testa" pos="X">testa</wf>
         <wf lemma="." pos="X">.</wf>
      </sentence>
      <sentence id="d000.s619" source="wordnet-galician">
         <wf lemma="unha" pos="X">unha</wf>
         <wf lemma="crítica" pos="X">crítica</wf>
         <instance id="d000.s619.t000" lemma="construtivo" pos="ADJ">construtiva</instance>
         <wf lemma="." pos="X">.</wf>
      </sentence>
      <sentence id="d000.s620" source="wordnet-galician">
         <wf lemma="un" pos="X">un</wf>
         <wf lemma="atraso" pos="X">atraso</wf>
         <instance id="d000.s620.t000" lemma="prudente" pos="ADJ">prudente</instance>
         <wf lemma="na" pos="X">na</wf>
         <wf lemma="realización" pos="X">realización</wf>
         <wf lemma="do" pos="X">do</wf>
         <wf lemma="plan" pos="X">plan</wf>
         <wf lemma="." pos="X">.</wf>
      </sentence>
      <sentence id="d000.s621" source="wordnet-galician">
         <wf lemma="indixestión" pos="X">indixestión</wf>
         <instance id="d000.s621.t000" lemma="crónico" pos="ADJ">crónica</instance>
         <wf lemma="." pos="X">.</wf>
      </sentence>
      <sentence id="d000.s622" source="wordnet-galician">
         <wf lemma="un" pos="X">un</wf>
         <wf lemma="inválido" pos="X">inválido</wf>
         <instance id="d000.s622.t000" lemma="crónico" pos="ADJ">crónico</instance>
         <wf lemma="." pos="X">.</wf>
      </sentence>
      <sentence id="d000.s623" source="wordnet-galician">
         <wf lemma="algúns" pos="X">algúns</wf>
         <wf lemma="ladróns" pos="X">ladróns</wf>
         <wf lemma="cazan" pos="X">cazan</wf>
         <wf lemma="especialmente" pos="X">especialmente</wf>
         <wf lemma="os" pos="X">os</wf>
         <wf lemma="viaxeiros" pos="X">viaxeiros</wf>
         <instance id="d000.s623.t000" lemma="incauto" pos="ADJ">incautos</instance>
         <wf lemma="." pos="X">.</wf>
      </sentence>
      <sentence id="d000.s624" source="wordnet-galician">
         <wf lemma="nai" pos="X">nai</wf>
         <wf lemma="e" pos="X">e</wf>
         <wf lemma="fillo" pos="X">fillo</wf>
         <wf lemma="teñen" pos="X">teñen</wf>
         <wf lemma="os" pos="X">os</wf>
         <instance id="d000.s624.t000" lemma="mesmo" pos="ADJ">mesmos</instance>
         <wf lemma="ollos" pos="X">ollos</wf>
         <wf lemma="azuis" pos="X">azuis</wf>
         <wf lemma="." pos="X">.</wf>
      </sentence>
      <sentence id="d000.s625" source="wordnet-galician">
         <wf lemma="abride" pos="X">abride</wf>
         <wf lemma="unha" pos="X">unha</wf>
         <wf lemma="xanela" pos="X">xanela</wf>
         <wf lemma="e" pos="X">e</wf>
         <wf lemma="deixade" pos="X">deixade</wf>
         <wf lemma="entrar" pos="X">entrar</wf>
         <wf lemma="algo" pos="X">algo</wf>
         <wf lemma="de" pos="X">de</wf>
         <instance id="d000.s625.t000" lemma="aire" pos="NOUN">aire</instance>
         <wf lemma="." pos="X">.</wf>
      </sentence>
      <sentence id="d000.s626" source="wordnet-galician">
         <wf lemma="un" pos="X">un</wf>
         <wf lemma="xesto" pos="X">xesto</wf>
         <instance id="d000.s626.t000" lemma="indecoroso" pos="ADJ">indecoroso</instance>
         <wf lemma="." pos="X">.</wf>
      </sentence>
      <sentence id="d000.s627" source="wordnet-galician">
         <wf lemma="a" pos="X">a</wf>
         <wf lemma="fotosíntese" pos="X">fotosíntese</wf>
         <wf lemma="é" pos="X">é</wf>
         <wf lemma="un" pos="X">un</wf>
         <wf lemma="proceso" pos="X">proceso</wf>
         <instance id="d000.s627.t000" lemma="endergónico" pos="ADJ">endergónico</instance>
         <wf lemma="." pos="X">.</wf>
      </sentence>
      <sentence id="d000.s628" source="wordnet-galician">
         <wf lemma="unha" pos="X">unha</wf>
         <wf lemma="actitude" pos="X">actitude</wf>
         <instance id="d000.s628.t000" lemma="positivo" pos="ADJ">positiva</instance>
         <wf lemma="." pos="X">.</wf>
      </sentence>
      <sentence id="d000.s629" source="wordnet-galician">
         <instance id="d000.s629.t000" lemma="dependente" pos="ADJ">dependente</instance>
         <wf lemma="da" pos="X">da</wf>
         <wf lemma="humidade" pos="X">humidade</wf>
         <wf lemma="." pos="X">.</wf>
      </sentence>
      <sentence id="d000.s630" source="wordnet-galician">
         <wf lemma="o" pos="X">o</wf>
         <wf lemma="pelo" pos="X">pelo</wf>
         <wf lemma="naturalmente" pos="X">naturalmente</wf>
         <instance id="d000.s630.t000" lemma="laso" pos="ADJ">laso</instance>
         <wf lemma="colga" pos="X">colga</wf>
         <wf lemma="longo" pos="X">longo</wf>
         <wf lemma="e" pos="X">e</wf>
         <wf lemma="sedoso" pos="X">sedoso</wf>
         <wf lemma="." pos="X">.</wf>
      </sentence>
      <sentence id="d000.s631" source="wordnet-galician">
         <wf lemma="unha" pos="X">unha</wf>
         <wf lemma="terraza" pos="X">terraza</wf>
         <wf lemma="coidadosamente" pos="X">coidadosamente</wf>
         <instance id="d000.s631.t000" lemma="orientado" pos="ADJ">orientada</instance>
         <wf lemma="." pos="X">.</wf>
      </sentence>
      <sentence id="d000.s632" source="wordnet-galician">
         <wf lemma="unha" pos="X">unha</wf>
         <wf lemma="muller" pos="X">muller</wf>
         <instance id="d000.s632.t000" lemma="implacable" pos="ADJ">implacable</instance>
         <wf lemma="de" pos="X">de</wf>
         <wf lemma="idade" pos="X">idade</wf>
         <wf lemma="non" pos="X">non</wf>
         <wf lemma="perdoa" pos="X">perdoa</wf>
         <wf lemma="." pos="X">.</wf>
      </sentence>
      <sentence id="d000.s633" source="wordnet-galician">
         <wf lemma="estender" pos="X">estender</wf>
         <wf lemma="unha" pos="X">unha</wf>
         <instance id="d000.s633.t000" lemma="groso" pos="ADJ">grosa</instance>
         <wf lemma="capa" pos="X">capa</wf>
         <wf lemma="de" pos="X">de</wf>
         <wf lemma="manteiga" pos="X">manteiga</wf>
         <wf lemma="." pos="X">.</wf>
      </sentence>
      <sentence id="d000.s634" source="wordnet-galician">
         <wf lemma="un" pos="X">un</wf>
         <wf lemma="xeito" pos="X">xeito</wf>
         <instance id="d000.s634.t000" lemma="convincente" pos="ADJ">convincente</instance>
         <wf lemma="." pos="X">.</wf>
      </sentence>
      <sentence id="d000.s635" source="wordnet-galician">
         <wf lemma="os" pos="X">os</wf>
         <wf lemma="animais" pos="X">animais</wf>
         <instance id="d000.s635.t000" lemma="váxil" pos="ADJ">váxiles</instance>
         <wf lemma="acuáticos" pos="X">acuáticos</wf>
         <wf lemma="." pos="X">.</wf>
      </sentence>
      <sentence id="d000.s636" source="wordnet-galician">
         <wf lemma="co" pos="X">co</wf>
         <wf lemma="pelo" pos="X">pelo</wf>
         <instance id="d000.s636.t000" lemma="peiteado" pos="ADJ">peiteado</instance>
         <wf lemma="para" pos="X">para</wf>
         <wf lemma="un" pos="X">un</wf>
         <wf lemma="lado" pos="X">lado</wf>
         <wf lemma="." pos="X">.</wf>
      </sentence>
      <sentence id="d000.s637" source="wordnet-galician">
         <wf lemma="el" pos="X">el</wf>
         <wf lemma="ten" pos="X">ten</wf>
         <wf lemma="boa" pos="X">boa</wf>
         <instance id="d000.s637.t000" lemma="estrutura" pos="NOUN">estrutura</instance>
         <wf lemma="ósea" pos="X">ósea</wf>
         <wf lemma="." pos="X">.</wf>
      </sentence>
      <sentence id="d000.s638" source="wordnet-galician">
         <wf lemma="unha" pos="X">unha</wf>
         <wf lemma="influencia" pos="X">influencia</wf>
         <instance id="d000.s638.t000" lemma="inmediato" pos="ADJ">inmediata</instance>
         <wf lemma="." pos="X">.</wf>
      </sentence>
      <sentence id="d000.s639" source="wordnet-galician">
         <wf lemma="pecador" pos="X">pecador</wf>
         <instance id="d000.s639.t000" lemma="rexenerado" pos="ADJ">rexenerado</instance>
         <wf lemma="." pos="X">.</wf>
      </sentence>
      <sentence id="d000.s640" source="wordnet-galician">
         <wf lemma="un" pos="X">un</wf>
         <wf lemma="procedemento" pos="X">procedemento</wf>
         <instance id="d000.s640.t000" lemma="cirúrxico" pos="ADJ">cirúrxico</instance>
         <wf lemma="." pos="X">.</wf>
      </sentence>
      <sentence id="d000.s641" source="wordnet-galician">
         <wf lemma="residuos" pos="X">residuos</wf>
         <instance id="d000.s641.t000" lemma="asfáltico" pos="ADJ">asfálticos</instance>
         <wf lemma="." pos="X">.</wf>
      </sentence>
      <sentence id="d000.s642" source="wordnet-galician">
         <wf lemma="a" pos="X">a</wf>
         <wf lemma="casa" pos="X">casa</wf>
         <wf lemma="é" pos="X">é</wf>
         <instance id="d000.s642.t000" lemma="doado" pos="ADJ">doada</instance>
         <wf lemma="de" pos="X">de</wf>
         <wf lemma="quentar" pos="X">quentar</wf>
         <wf lemma="." pos="X">.</wf>
      </sentence>
      <sentence id="d000.s643" source="wordnet-galician">
         <wf lemma="o" pos="X">o</wf>
         <instance id="d000.s643.t000" lemma="peor" pos="ADJ">peor</instance>
         <wf lemma="xogador" pos="X">xogador</wf>
         <wf lemma="do" pos="X">do</wf>
         <wf lemma="equipo" pos="X">equipo</wf>
         <wf lemma="." pos="X">.</wf>
      </sentence>
      <sentence id="d000.s644" source="wordnet-galician">
         <wf lemma="medicina" pos="X">medicina</wf>
         <instance id="d000.s644.t000" lemma="forte" pos="ADJ">forte</instance>
         <wf lemma="." pos="X">.</wf>
      </sentence>
      <sentence id="d000.s645" source="wordnet-galician">
         <wf lemma="'" pos="X">'</wf>
         <wf lemma="vermello" pos="X">vermello</wf>
         <wf lemma="'" pos="X">'</wf>
         <wf lemma="é" pos="X">é</wf>
         <wf lemma="un" pos="X">un</wf>
         <wf lemma="adxectivo" pos="X">adxectivo</wf>
         <instance id="d000.s645.t000" lemma="predicativo" pos="ADJ">predicativo</instance>
         <wf lemma="en" pos="X">en</wf>
         <wf lemma="'" pos="X">'</wf>
         <wf lemma="a" pos="X">a</wf>
         <wf lemma="mazá" pos="X">mazá</wf>
         <wf lemma="é" pos="X">é</wf>
         <wf lemma="vermella" pos="X">vermella</wf>
         <wf lemma="'" pos="X">'</wf>
         <wf lemma="." pos="X">.</wf>
      </sentence>
      <sentence id="d000.s646" source="wordnet-galician">
         <wf lemma="non" pos="X">non</wf>
         <wf lemma="hai" pos="X">hai</wf>
         <wf lemma="ovo" pos="X">ovo</wf>
         <instance id="d000.s646.t000" lemma="ningún" pos="ADJ">ningún</instance>
         <wf lemma="e" pos="X">e</wf>
         <wf lemma="non" pos="X">non</wf>
         <wf lemma="hai" pos="X">hai</wf>
         <wf lemma="cartos" pos="X">cartos</wf>
         <wf lemma="para" pos="X">para</wf>
         <wf lemma="mercar" pos="X">mercar</wf>
         <wf lemma="máis" pos="X">máis</wf>
         <wf lemma="." pos="X">.</wf>
      </sentence>
      <sentence id="d000.s647" source="wordnet-galician">
         <wf lemma="unha" pos="X">unha</wf>
         <wf lemma="proposta" pos="X">proposta</wf>
         <instance id="d000.s647.t000" lemma="irrevogable" pos="ADJ">irrevogable</instance>
         <wf lemma="de" pos="X">de</wf>
         <wf lemma="título" pos="X">título</wf>
         <wf lemma="." pos="X">.</wf>
      </sentence>
      <sentence id="d000.s648" source="wordnet-galician">
         <wf lemma="unha" pos="X">unha</wf>
         <wf lemma="mente" pos="X">mente</wf>
         <instance id="d000.s648.t000" lemma="orixinal" pos="ADJ">orixinal</instance>
         <wf lemma="." pos="X">.</wf>
      </sentence>
      <sentence id="d000.s649" source="wordnet-galician">
         <wf lemma="ventos" pos="X">ventos</wf>
         <instance id="d000.s649.t000" lemma="trasmontano" pos="ADJ">trasmontanos</instance>
         <wf lemma="." pos="X">.</wf>
      </sentence>
      <sentence id="d000.s650" source="wordnet-galician">
         <wf lemma="un" pos="X">un</wf>
         <wf lemma="gusto" pos="X">gusto</wf>
         <instance id="d000.s650.t000" lemma="inusual" pos="ADJ">inusual</instance>
         <wf lemma="polo" pos="X">polo</wf>
         <wf lemma="diñeiro" pos="X">diñeiro</wf>
         <wf lemma="." pos="X">.</wf>
      </sentence>
      <sentence id="d000.s651" source="wordnet-galician">
         <wf lemma="unha" pos="X">unha</wf>
         <wf lemma="declaración" pos="X">declaración</wf>
         <instance id="d000.s651.t000" lemma="equívoco" pos="ADJ">equívoca</instance>
         <wf lemma="." pos="X">.</wf>
      </sentence>
      <sentence id="d000.s652" source="wordnet-galician">
         <wf lemma="son" pos="X">son</wf>
         <instance id="d000.s652.t000" lemma="case" pos="ADJ">case</instance>
         <wf lemma="iguais" pos="X">iguais</wf>
         <wf lemma="." pos="X">.</wf>
      </sentence>
      <sentence id="d000.s653" source="wordnet-galician">
         <wf lemma="un" pos="X">un</wf>
         <wf lemma="soldado" pos="X">soldado</wf>
         <instance id="d000.s653.t000" lemma="obediente" pos="ADJ">obediente</instance>
         <wf lemma="." pos="X">.</wf>
      </sentence>
      <sentence id="d000.s654" source="wordnet-galician">
         <wf lemma="as" pos="X">as</wf>
         <wf lemma="bombas" pos="X">bombas</wf>
         <instance id="d000.s654.t000" lemma="atómico" pos="ADJ">atómicas</instance>
         <wf lemma="." pos="X">.</wf>
      </sentence>
      <sentence id="d000.s655" source="wordnet-galician">
         <wf lemma="un" pos="X">un</wf>
         <wf lemma="argumento" pos="X">argumento</wf>
         <instance id="d000.s655.t000" lemma="poderoso" pos="ADJ">poderoso</instance>
         <wf lemma="." pos="X">.</wf>
      </sentence>
      <sentence id="d000.s656" source="wordnet-galician">
         <wf lemma="unha" pos="X">unha</wf>
         <wf lemma="cuestión" pos="X">cuestión</wf>
         <instance id="d000.s656.t000" lemma="crucial" pos="ADJ">crucial</instance>
         <wf lemma="para" pos="X">para</wf>
         <wf lemma="as" pos="X">as</wf>
         <wf lemma="mulleres" pos="X">mulleres</wf>
         <wf lemma="." pos="X">.</wf>
      </sentence>
      <sentence id="d000.s657" source="wordnet-galician">
         <wf lemma="un" pos="X">un</wf>
         <wf lemma="pan" pos="X">pan</wf>
         <instance id="d000.s657.t000" lemma="íntegro" pos="ADJ">íntegro</instance>
         <wf lemma="." pos="X">.</wf>
      </sentence>
      <sentence id="d000.s658" source="wordnet-galician">
         <wf lemma="eles" pos="X">eles</wf>
         <wf lemma="tiraron" pos="X">tiraron</wf>
         <wf lemma="unha" pos="X">unha</wf>
         <wf lemma="parede" pos="X">parede</wf>
         <instance id="d000.s658.t000" lemma="secundario" pos="ADJ">secundaria</instance>
         <wf lemma="." pos="X">.</wf>
      </sentence>
      <sentence id="d000.s659" source="wordnet-galician">
         <wf lemma="era" pos="X">era</wf>
         <instance id="d000.s659.t000" lemma="consciente" pos="ADJ">consciente</instance>
         <wf lemma="da" pos="X">da</wf>
         <wf lemma="hostilidade" pos="X">hostilidade</wf>
         <wf lemma="do" pos="X">do</wf>
         <wf lemma="seu" pos="X">seu</wf>
         <wf lemma="opoñente" pos="X">opoñente</wf>
         <wf lemma="." pos="X">.</wf>
      </sentence>
      <sentence id="d000.s660" source="wordnet-galician">
         <wf lemma="un" pos="X">un</wf>
         <wf lemma="camiño" pos="X">camiño</wf>
         <wf lemma="novo" pos="X">novo</wf>
         <wf lemma="e" pos="X">e</wf>
         <instance id="d000.s660.t000" lemma="elástico" pos="ADJ">elástico</instance>
         <wf lemma="." pos="X">.</wf>
      </sentence>
      <sentence id="d000.s661" source="wordnet-galician">
         <wf lemma="a" pos="X">a</wf>
         <wf lemma="estación" pos="X">estación</wf>
         <instance id="d000.s661.t000" lemma="terminal" pos="ADJ">terminal</instance>
         <wf lemma="." pos="X">.</wf>
      </sentence>
      <sentence id="d000.s662" source="wordnet-galician">
         <wf lemma="especificar" pos="X">especificar</wf>
         <wf lemma="un" pos="X">un</wf>
         <wf lemma="importe" pos="X">importe</wf>
         <instance id="d000.s662.t000" lemma="exacto" pos="ADJ">exacto</instance>
         <wf lemma="." pos="X">.</wf>
      </sentence>
      <sentence id="d000.s663" source="wordnet-galician">
         <wf lemma="cada" pos="X">cada</wf>
         <instance id="d000.s663.t000" lemma="cabelo" pos="NOUN">cabelo</instance>
         <wf lemma="está" pos="X">está</wf>
         <wf lemma="composto" pos="X">composto</wf>
         <wf lemma="por" pos="X">por</wf>
         <wf lemma="capas" pos="X">capas</wf>
         <wf lemma="de" pos="X">de</wf>
         <wf lemma="células" pos="X">células</wf>
         <wf lemma="mortas" pos="X">mortas</wf>
         <wf lemma="queratinizadas" pos="X">queratinizadas</wf>
         <wf lemma="." pos="X">.</wf>
      </sentence>
      <sentence id="d000.s664" source="wordnet-galician">
         <wf lemma="un" pos="X">un</wf>
         <wf lemma="home" pos="X">home</wf>
         <wf lemma="amable" pos="X">amable</wf>
         <wf lemma="e" pos="X">e</wf>
         <instance id="d000.s664.t000" lemma="cortés" pos="ADJ">cortés</instance>
         <wf lemma="cos" pos="X">cos</wf>
         <wf lemma="estraños" pos="X">estraños</wf>
         <wf lemma="mostra" pos="X">mostra</wf>
         <wf lemma="que" pos="X">que</wf>
         <wf lemma="é" pos="X">é</wf>
         <wf lemma="un" pos="X">un</wf>
         <wf lemma="cidadán" pos="X">cidadán</wf>
         <wf lemma="do" pos="X">do</wf>
         <wf lemma="mundo" pos="X">mundo</wf>
         <wf lemma="(" pos="X">(</wf>
         <wf lemma="Francis" pos="X">Francis</wf>
         <wf lemma="Bacon" pos="X">Bacon</wf>
         <wf lemma=")" pos="X">)</wf>
         <wf lemma="." pos="X">.</wf>
      </sentence>
      <sentence id="d000.s665" source="wordnet-galician">
         <wf lemma="un" pos="X">un</wf>
         <wf lemma="resultado" pos="X">resultado</wf>
         <instance id="d000.s665.t000" lemma="desexábel" pos="ADJ">desexábel</instance>
         <wf lemma="." pos="X">.</wf>
      </sentence>
      <sentence id="d000.s666" source="wordnet-galician">
         <wf lemma="unha" pos="X">unha</wf>
         <wf lemma="resposta" pos="X">resposta</wf>
         <instance id="d000.s666.t000" lemma="submiso" pos="ADJ">submisa</instance>
         <wf lemma="." pos="X">.</wf>
      </sentence>
      <sentence id="d000.s667" source="wordnet-galician">
         <wf lemma="doadores" pos="X">doadores</wf>
         <instance id="d000.s667.t000" lemma="descoñecido" pos="ADJ">descoñecidos</instance>
         <wf lemma="." pos="X">.</wf>
      </sentence>
      <sentence id="d000.s668" source="wordnet-galician">
         <instance id="d000.s668.t000" lemma="diferente" pos="ADJ">diferentes</instance>
         <wf lemma="lados" pos="X">lados</wf>
         <wf lemma="da" pos="X">da</wf>
         <wf lemma="cuestión" pos="X">cuestión</wf>
         <wf lemma="." pos="X">.</wf>
      </sentence>
      <sentence id="d000.s669" source="wordnet-galician">
         <wf lemma="unha" pos="X">unha</wf>
         <wf lemma="cociña" pos="X">cociña</wf>
         <wf lemma="chea" pos="X">chea</wf>
         <wf lemma="de" pos="X">de</wf>
         <wf lemma="aparellos" pos="X">aparellos</wf>
         <instance id="d000.s669.t000" lemma="inútil" pos="ADJ">inútiles</instance>
         <wf lemma="." pos="X">.</wf>
      </sentence>
      <sentence id="d000.s670" source="wordnet-galician">
         <wf lemma="propaganda" pos="X">propaganda</wf>
         <instance id="d000.s670.t000" lemma="desaxeitado" pos="ADJ">desaxeitada</instance>
         <wf lemma="." pos="X">.</wf>
      </sentence>
      <sentence id="d000.s671" source="wordnet-galician">
         <wf lemma="prancha" pos="X">prancha</wf>
         <wf lemma="eléctrica" pos="X">eléctrica</wf>
         <instance id="d000.s671.t000" lemma="somerxible" pos="ADJ">somerxible</instance>
         <wf lemma="." pos="X">.</wf>
      </sentence>
      <sentence id="d000.s672" source="wordnet-galician">
         <wf lemma="as" pos="X">as</wf>
         <wf lemma="velocidades" pos="X">velocidades</wf>
         <instance id="d000.s672.t000" lemma="determinable" pos="ADJ">determinables</instance>
         <wf lemma="." pos="X">.</wf>
      </sentence>
      <sentence id="d000.s673" source="wordnet-galician">
         <wf lemma="incremento" pos="X">incremento</wf>
         <instance id="d000.s673.t000" lemma="positivo" pos="ADJ">positivo</instance>
         <wf lemma="nos" pos="X">nos</wf>
         <wf lemma="alumnos" pos="X">alumnos</wf>
         <wf lemma="que" pos="X">que</wf>
         <wf lemma="rematan" pos="X">rematan</wf>
         <wf lemma="a" pos="X">a</wf>
         <wf lemma="carreira" pos="X">carreira</wf>
         <wf lemma="." pos="X">.</wf>
      </sentence>
      <sentence id="d000.s674" source="wordnet-galician">
         <wf lemma="un" pos="X">un</wf>
         <wf lemma="ambiente" pos="X">ambiente</wf>
         <instance id="d000.s674.t000" lemma="saudable" pos="ADJ">saudable</instance>
         <wf lemma="." pos="X">.</wf>
      </sentence>
      <sentence id="d000.s675" source="wordnet-galician">
         <wf lemma="unha" pos="X">unha</wf>
         <wf lemma="parede" pos="X">parede</wf>
         <instance id="d000.s675.t000" lemma="penetrable" pos="ADJ">penetrable</instance>
         <wf lemma="." pos="X">.</wf>
      </sentence>
      <sentence id="d000.s676" source="wordnet-galician">
         <wf lemma="unha" pos="X">unha</wf>
         <wf lemma="bola" pos="X">bola</wf>
         <instance id="d000.s676.t000" lemma="vivo" pos="ADJ">viva</instance>
         <wf lemma="é" pos="X">é</wf>
         <wf lemma="aquela" pos="X">aquela</wf>
         <wf lemma="en" pos="X">en</wf>
         <wf lemma="xogo" pos="X">xogo</wf>
         <wf lemma="." pos="X">.</wf>
      </sentence>
      <sentence id="d000.s677" source="wordnet-galician">
         <wf lemma="a" pos="X">a</wf>
         <wf lemma="lexislación" pos="X">lexislación</wf>
         <wf lemma="primaria" pos="X">primaria</wf>
         <wf lemma="directa" pos="X">directa</wf>
         <wf lemma="é" pos="X">é</wf>
         <wf lemma="moi" pos="X">moi</wf>
         <instance id="d000.s677.t000" lemma="permisivo" pos="ADJ">permisiva</instance>
         <wf lemma="e" pos="X">e</wf>
         <wf lemma="non" pos="X">non</wf>
         <wf lemma="normativa" pos="X">normativa</wf>
         <wf lemma="." pos="X">.</wf>
      </sentence>
      <sentence id="d000.s678" source="wordnet-galician">
         <wf lemma="propiedade" pos="X">propiedade</wf>
         <instance id="d000.s678.t000" lemma="tanxible" pos="ADJ">tanxible</instance>
         <wf lemma="coma" pos="X">coma</wf>
         <wf lemma="as" pos="X">as</wf>
         <wf lemma="leiras" pos="X">leiras</wf>
         <wf lemma="." pos="X">.</wf>
      </sentence>
      <sentence id="d000.s679" source="wordnet-galician">
         <wf lemma="alimentos" pos="X">alimentos</wf>
         <instance id="d000.s679.t000" lemma="san" pos="ADJ">sans</instance>
         <wf lemma="." pos="X">.</wf>
      </sentence>
      <sentence id="d000.s680" source="wordnet-galician">
         <wf lemma="opinións" pos="X">opinións</wf>
         <instance id="d000.s680.t000" lemma="intolerante" pos="ADJ">intolerantes</instance>
         <wf lemma="." pos="X">.</wf>
      </sentence>
      <sentence id="d000.s681" source="wordnet-galician">
         <wf lemma="rendementos" pos="X">rendementos</wf>
         <instance id="d000.s681.t000" lemma="gañado" pos="ADJ">gañados</instance>
         <wf lemma="." pos="X">.</wf>
      </sentence>
      <sentence id="d000.s682" source="wordnet-galician">
         <wf lemma="unha" pos="X">unha</wf>
         <wf lemma="explicación" pos="X">explicación</wf>
         <instance id="d000.s682.t000" lemma="conciso" pos="ADJ">concisa</instance>
         <wf lemma="." pos="X">.</wf>
      </sentence>
      <sentence id="d000.s683" source="wordnet-galician">
         <wf lemma="a" pos="X">a</wf>
         <wf lemma="enxurrada" pos="X">enxurrada</wf>
         <wf lemma="de" pos="X">de</wf>
         <wf lemma="preguntas" pos="X">preguntas</wf>
         <wf lemma="deixouno" pos="X">deixouno</wf>
         <wf lemma="perplexo" pos="X">perplexo</wf>
         <wf lemma="e" pos="X">e</wf>
         <instance id="d000.s683.t000" lemma="confuso" pos="ADJ">confuso</instance>
         <wf lemma="." pos="X">.</wf>
      </sentence>
      <sentence id="d000.s684" source="wordnet-galician">
         <wf lemma="ela" pos="X">ela</wf>
         <wf lemma="é" pos="X">é</wf>
         <instance id="d000.s684.t000" lemma="mellor" pos="ADJ">mellor</instance>
         <wf lemma="en" pos="X">en</wf>
         <wf lemma="matemáticas" pos="X">matemáticas</wf>
         <wf lemma="que" pos="X">que</wf>
         <wf lemma="en" pos="X">en</wf>
         <wf lemma="historia" pos="X">historia</wf>
         <wf lemma="." pos="X">.</wf>
      </sentence>
      <sentence id="d000.s685" source="wordnet-galician">
         <wf lemma="comportamento" pos="X">comportamento</wf>
         <instance id="d000.s685.t000" lemma="antisocial" pos="ADJ">antisocial</instance>
         <wf lemma="." pos="X">.</wf>
      </sentence>
      <sentence id="d000.s686" source="wordnet-galician">
         <wf lemma="a" pos="X">a</wf>
         <wf lemma="historia" pos="X">historia</wf>
         <wf lemma="é" pos="X">é</wf>
         <instance id="d000.s686.t000" lemma="verdadeiro" pos="ADJ">verdadeira</instance>
         <wf lemma="." pos="X">.</wf>
      </sentence>
      <sentence id="d000.s687" source="wordnet-galician">
         <wf lemma="un" pos="X">un</wf>
         <wf lemma="proceso" pos="X">proceso</wf>
         <wf lemma="de" pos="X">de</wf>
         <wf lemma="inferencia" pos="X">inferencia</wf>
         <instance id="d000.s687.t000" lemma="racional" pos="ADJ">racional</instance>
         <wf lemma="." pos="X">.</wf>
      </sentence>
      <sentence id="d000.s688" source="wordnet-galician">
         <wf lemma="conduta" pos="X">conduta</wf>
         <instance id="d000.s688.t000" lemma="profesional" pos="ADJ">profesional</instance>
         <wf lemma="." pos="X">.</wf>
      </sentence>
      <sentence id="d000.s689" source="wordnet-galician">
         <wf lemma="un" pos="X">un</wf>
         <wf lemma="cirurxián" pos="X">cirurxián</wf>
         <instance id="d000.s689.t000" lemma="cualificado" pos="ADJ">cualificado</instance>
         <wf lemma="conta" pos="X">conta</wf>
         <wf lemma="con" pos="X">con</wf>
         <wf lemma="moitos" pos="X">moitos</wf>
         <wf lemma="anos" pos="X">anos</wf>
         <wf lemma="de" pos="X">de</wf>
         <wf lemma="formación" pos="X">formación</wf>
         <wf lemma="e" pos="X">e</wf>
         <wf lemma="experiencia" pos="X">experiencia</wf>
         <wf lemma="." pos="X">.</wf>
      </sentence>
      <sentence id="d000.s690" source="wordnet-galician">
         <wf lemma="beirarrúas" pos="X">beirarrúas</wf>
         <instance id="d000.s690.t000" lemma="escorregadizo" pos="ADJ">escorregadizas</instance>
         <wf lemma="." pos="X">.</wf>
      </sentence>
      <sentence id="d000.s691" source="wordnet-galician">
         <wf lemma="as" pos="X">as</wf>
         <wf lemma="trompas" pos="X">trompas</wf>
         <wf lemma="de" pos="X">de</wf>
         <wf lemma="Falopio" pos="X">Falopio</wf>
         <wf lemma="e" pos="X">e</wf>
         <wf lemma="os" pos="X">os</wf>
         <wf lemma="ovarios" pos="X">ovarios</wf>
         <wf lemma="están" pos="X">están</wf>
         <wf lemma="situados" pos="X">situados</wf>
         <wf lemma="de" pos="X">de</wf>
         <wf lemma="forma" pos="X">forma</wf>
         <instance id="d000.s691.t000" lemma="anexo" pos="NOUN">anexa</instance>
         <wf lemma="ao" pos="X">ao</wf>
         <wf lemma="útero" pos="X">útero</wf>
         <wf lemma="." pos="X">.</wf>
      </sentence>
      <sentence id="d000.s692" source="wordnet-galician">
         <wf lemma="diamantes" pos="X">diamantes</wf>
         <instance id="d000.s692.t000" lemma="comercial" pos="ADJ">comerciais</instance>
         <wf lemma="." pos="X">.</wf>
      </sentence>
      <sentence id="d000.s693" source="wordnet-galician">
         <wf lemma="un" pos="X">un</wf>
         <wf lemma="incendio" pos="X">incendio</wf>
         <wf lemma="de" pos="X">de</wf>
         <wf lemma="orixe" pos="X">orixe</wf>
         <instance id="d000.s693.t000" lemma="cuestionable" pos="ADJ">cuestionable</instance>
         <wf lemma="." pos="X">.</wf>
      </sentence>
      <sentence id="d000.s694" source="wordnet-galician">
         <wf lemma="unha" pos="X">unha</wf>
         <wf lemma="fortaleza" pos="X">fortaleza</wf>
         <instance id="d000.s694.t000" lemma="impenetrable" pos="ADJ">impenetrable</instance>
         <wf lemma="." pos="X">.</wf>
      </sentence>
      <sentence id="d000.s695" source="wordnet-galician">
         <wf lemma="cando" pos="X">cando</wf>
         <wf lemma="era" pos="X">era</wf>
         <instance id="d000.s695.t000" lemma="bo" pos="ADJ">boa</instance>
         <wf lemma="," pos="X">,</wf>
         <wf lemma="ela" pos="X">ela</wf>
         <wf lemma="era" pos="X">era</wf>
         <wf lemma="moi" pos="X">moi</wf>
         <wf lemma="moi" pos="X">moi</wf>
         <wf lemma="boa" pos="X">boa</wf>
         <wf lemma="." pos="X">.</wf>
      </sentence>
      <sentence id="d000.s696" source="wordnet-galician">
         <instance id="d000.s696.t000" lemma="inseguro" pos="ADJ">inseguro</instance>
         <wf lemma="de" pos="X">de</wf>
         <wf lemma="si" pos="X">si</wf>
         <wf lemma="mesmo" pos="X">mesmo</wf>
         <wf lemma="e" pos="X">e</wf>
         <wf lemma="do" pos="X">do</wf>
         <wf lemma="seu" pos="X">seu</wf>
         <wf lemma="futuro" pos="X">futuro</wf>
         <wf lemma="." pos="X">.</wf>
      </sentence>
      <sentence id="d000.s697" source="wordnet-galician">
         <wf lemma="auga" pos="X">auga</wf>
         <instance id="d000.s697.t000" lemma="fresco" pos="ADJ">fresca</instance>
         <wf lemma="." pos="X">.</wf>
      </sentence>
      <sentence id="d000.s698" source="wordnet-galician">
         <wf lemma="unha" pos="X">unha</wf>
         <wf lemma="disputa" pos="X">disputa</wf>
         <instance id="d000.s698.t000" lemma="arbitrábel" pos="ADJ">arbitrábel</instance>
         <wf lemma="." pos="X">.</wf>
      </sentence>
      <sentence id="d000.s699" source="wordnet-galician">
         <wf lemma="intentou" pos="X">intentou</wf>
         <wf lemma="fuxir" pos="X">fuxir</wf>
         <wf lemma="dos" pos="X">dos</wf>
         <wf lemma="pasos" pos="X">pasos</wf>
         <instance id="d000.s699.t000" lemma="seguinte" pos="ADJ">seguintes</instance>
         <wf lemma="." pos="X">.</wf>
      </sentence>
      <sentence id="d000.s700" source="wordnet-galician">
         <wf lemma="arquitectura" pos="X">arquitectura</wf>
         <instance id="d000.s700.t000" lemma="secular" pos="ADJ">secular</instance>
         <wf lemma="." pos="X">.</wf>
      </sentence>
      <sentence id="d000.s701" source="wordnet-galician">
         <wf lemma="privilexios" pos="X">privilexios</wf>
         <instance id="d000.s701.t000" lemma="recíproco" pos="ADJ">recíprocos</instance>
         <wf lemma="nos" pos="X">nos</wf>
         <wf lemma="clubs" pos="X">clubs</wf>
         <wf lemma="." pos="X">.</wf>
      </sentence>
      <sentence id="d000.s702" source="wordnet-galician">
         <wf lemma="o" pos="X">o</wf>
         <wf lemma="informe" pos="X">informe</wf>
         <wf lemma="era" pos="X">era</wf>
         <wf lemma="tan" pos="X">tan</wf>
         <instance id="d000.s702.t000" lemma="superficial" pos="ADJ">superficial</instance>
         <wf lemma="que" pos="X">que</wf>
         <wf lemma="non" pos="X">non</wf>
         <wf lemma="daba" pos="X">daba</wf>
         <wf lemma="unha" pos="X">unha</wf>
         <wf lemma="verdadeira" pos="X">verdadeira</wf>
         <wf lemma="imaxe" pos="X">imaxe</wf>
         <wf lemma="do" pos="X">do</wf>
         <wf lemma="problema" pos="X">problema</wf>
         <wf lemma="." pos="X">.</wf>
      </sentence>
      <sentence id="d000.s703" source="wordnet-galician">
         <wf lemma="osíxeno" pos="X">osíxeno</wf>
         <instance id="d000.s703.t000" lemma="puro" pos="ADJ">puro</instance>
         <wf lemma="." pos="X">.</wf>
      </sentence>
      <sentence id="d000.s704" source="wordnet-galician">
         <wf lemma="unha" pos="X">unha</wf>
         <wf lemma="guerra" pos="X">guerra</wf>
         <instance id="d000.s704.t000" lemma="impopular" pos="ADJ">impopular</instance>
         <wf lemma="." pos="X">.</wf>
      </sentence>
      <sentence id="d000.s705" source="wordnet-galician">
         <wf lemma="unha" pos="X">unha</wf>
         <wf lemma="brisa" pos="X">brisa</wf>
         <instance id="d000.s705.t000" lemma="mareiro" pos="ADJ">mareira</instance>
         <wf lemma="." pos="X">.</wf>
      </sentence>
      <sentence id="d000.s706" source="wordnet-galician">
         <wf lemma="un" pos="X">un</wf>
         <wf lemma="exemplo" pos="X">exemplo</wf>
         <wf lemma="de" pos="X">de</wf>
         <wf lemma="grupo" pos="X">grupo</wf>
         <instance id="d000.s706.t000" lemma="acilo" pos="NOUN">acilo</instance>
         <wf lemma="é" pos="X">é</wf>
         <wf lemma="o" pos="X">o</wf>
         <wf lemma="grupo" pos="X">grupo</wf>
         <wf lemma="acetilo" pos="X">acetilo</wf>
         <wf lemma="." pos="X">.</wf>
      </sentence>
      <sentence id="d000.s707" source="wordnet-galician">
         <wf lemma="o" pos="X">o</wf>
         <wf lemma="goberno" pos="X">goberno</wf>
         <instance id="d000.s707.t000" lemma="corrupto" pos="ADJ">corrupto</instance>
         <wf lemma="e" pos="X">e</wf>
         <wf lemma="incompetente" pos="X">incompetente</wf>
         <wf lemma="da" pos="X">da</wf>
         <wf lemma="cidade" pos="X">cidade</wf>
         <wf lemma="." pos="X">.</wf>
      </sentence>
      <sentence id="d000.s708" source="wordnet-galician">
         <wf lemma="tomou" pos="X">tomou</wf>
         <wf lemma="as" pos="X">as</wf>
         <wf lemma="medidas" pos="X">medidas</wf>
         <instance id="d000.s708.t000" lemma="imprudente" pos="ADJ">imprudentes</instance>
         <wf lemma="de" pos="X">de</wf>
         <wf lemma="ir" pos="X">ir</wf>
         <wf lemma="ao" pos="X">ao</wf>
         <wf lemma="público" pos="X">público</wf>
         <wf lemma="coas" pos="X">coas</wf>
         <wf lemma="acusacións" pos="X">acusacións</wf>
         <wf lemma="." pos="X">.</wf>
      </sentence>
      <sentence id="d000.s709" source="wordnet-galician">
         <wf lemma="obrigas" pos="X">obrigas</wf>
         <instance id="d000.s709.t000" lemma="adicional" pos="ADJ">adicionais</instance>
         <wf lemma="para" pos="X">para</wf>
         <wf lemma="o" pos="X">o</wf>
         <wf lemma="traballo" pos="X">traballo</wf>
         <wf lemma="." pos="X">.</wf>
      </sentence>
      <sentence id="d000.s710" source="wordnet-galician">
         <instance id="d000.s710.t000" lemma="primeiro" pos="ADJ">primeira</instance>
         <wf lemma="soprano" pos="X">soprano</wf>
         <wf lemma="." pos="X">.</wf>
      </sentence>
      <sentence id="d000.s711" source="wordnet-galician">
         <wf lemma="un" pos="X">un</wf>
         <instance id="d000.s711.t000" lemma="verdadeiro" pos="ADJ">verdadeiro</instance>
         <wf lemma="amigo" pos="X">amigo</wf>
         <wf lemma="." pos="X">.</wf>
      </sentence>
      <sentence id="d000.s712" source="wordnet-galician">
         <wf lemma="un" pos="X">un</wf>
         <wf lemma="porto" pos="X">porto</wf>
         <instance id="d000.s712.t000" lemma="activo" pos="ADJ">activo</instance>
         <wf lemma="." pos="X">.</wf>
      </sentence>
      <sentence id="d000.s713" source="wordnet-galician">
         <wf lemma="a" pos="X">a</wf>
         <wf lemma="súa" pos="X">súa</wf>
         <wf lemma="comprensión" pos="X">comprensión</wf>
         <wf lemma="do" pos="X">do</wf>
         <wf lemma="mundo" pos="X">mundo</wf>
         <wf lemma="non" pos="X">non</wf>
         <wf lemma="é" pos="X">é</wf>
         <wf lemma="tan" pos="X">tan</wf>
         <instance id="d000.s713.t000" lemma="diferente" pos="ADJ">diferente</instance>
         <wf lemma="da" pos="X">da</wf>
         <wf lemma="nosa" pos="X">nosa</wf>
         <wf lemma="." pos="X">.</wf>
      </sentence>
      <sentence id="d000.s714" source="wordnet-galician">
         <wf lemma="crecemento" pos="X">crecemento</wf>
         <instance id="d000.s714.t000" lemma="lento" pos="ADJ">lento</instance>
         <wf lemma="pero" pos="X">pero</wf>
         <wf lemma="constante" pos="X">constante</wf>
         <wf lemma="." pos="X">.</wf>
      </sentence>
      <sentence id="d000.s715" source="wordnet-galician">
         <wf lemma="obxectivos" pos="X">obxectivos</wf>
         <instance id="d000.s715.t000" lemma="primario" pos="ADJ">primarios</instance>
         <wf lemma="." pos="X">.</wf>
      </sentence>
      <sentence id="d000.s716" source="wordnet-galician">
         <wf lemma="un" pos="X">un</wf>
         <wf lemma="vento" pos="X">vento</wf>
         <instance id="d000.s716.t000" lemma="mareiro" pos="ADJ">mareiro</instance>
         <wf lemma="." pos="X">.</wf>
      </sentence>
      <sentence id="d000.s717" source="wordnet-galician">
         <wf lemma="era" pos="X">era</wf>
         <instance id="d000.s717.t000" lemma="consciente" pos="ADJ">consciente</instance>
         <wf lemma="do" pos="X">do</wf>
         <wf lemma="seu" pos="X">seu</wf>
         <wf lemma="entorno" pos="X">entorno</wf>
         <wf lemma="." pos="X">.</wf>
      </sentence>
      <sentence id="d000.s718" source="wordnet-galician">
         <wf lemma="unha" pos="X">unha</wf>
         <wf lemma="postura" pos="X">postura</wf>
         <instance id="d000.s718.t000" lemma="teatral" pos="ADJ">teatral</instance>
         <wf lemma="." pos="X">.</wf>
      </sentence>
      <sentence id="d000.s719" source="wordnet-galician">
         <wf lemma="unha" pos="X">unha</wf>
         <wf lemma="contribución" pos="X">contribución</wf>
         <instance id="d000.s719.t000" lemma="obrigatorio" pos="ADJ">obrigatoria</instance>
         <wf lemma="." pos="X">.</wf>
      </sentence>
      <sentence id="d000.s720" source="wordnet-galician">
         <wf lemma="o" pos="X">o</wf>
         <instance id="d000.s720.t000" lemma="mesmo" pos="ADJ">mesmo</instance>
         <wf lemma="día" pos="X">día</wf>
         <wf lemma="do" pos="X">do</wf>
         <wf lemma="ano" pos="X">ano</wf>
         <wf lemma="seguinte" pos="X">seguinte</wf>
         <wf lemma="." pos="X">.</wf>
      </sentence>
      <sentence id="d000.s721" source="wordnet-galician">
         <wf lemma="a" pos="X">a</wf>
         <wf lemma="propaganda" pos="X">propaganda</wf>
         <wf lemma="escrita" pos="X">escrita</wf>
         <wf lemma="é" pos="X">é</wf>
         <wf lemma="menos" pos="X">menos</wf>
         <instance id="d000.s721.t000" lemma="eficaz" pos="ADJ">eficaz</instance>
         <wf lemma="que" pos="X">que</wf>
         <wf lemma="os" pos="X">os</wf>
         <wf lemma="hábitos" pos="X">hábitos</wf>
         <wf lemma="e" pos="X">e</wf>
         <wf lemma="os" pos="X">os</wf>
         <wf lemma="prexuízos" pos="X">prexuízos</wf>
         <wf lemma="..." pos="X">...</wf>
         <wf lemma="dos" pos="X">dos</wf>
         <wf lemma="lectores" pos="X">lectores</wf>
         <wf lemma="(" pos="X">(</wf>
         <wf lemma="Aldous" pos="X">Aldous</wf>
         <wf lemma="Huxley" pos="X">Huxley</wf>
         <wf lemma=")" pos="X">)</wf>
         <wf lemma="." pos="X">.</wf>
      </sentence>
      <sentence id="d000.s722" source="wordnet-galician">
         <wf lemma="cargos" pos="X">cargos</wf>
         <instance id="d000.s722.t000" lemma="político" pos="ADJ">políticos</instance>
         <wf lemma="." pos="X">.</wf>
      </sentence>
      <sentence id="d000.s723" source="wordnet-galician">
         <wf lemma="unha" pos="X">unha</wf>
         <wf lemma="parella" pos="X">parella</wf>
         <instance id="d000.s723.t000" lemma="compatible" pos="ADJ">compatible</instance>
         <wf lemma="de" pos="X">de</wf>
         <wf lemma="casados" pos="X">casados</wf>
         <wf lemma="." pos="X">.</wf>
      </sentence>
      <sentence id="d000.s724" source="wordnet-galician">
         <wf lemma="un" pos="X">un</wf>
         <wf lemma="mínimo" pos="X">mínimo</wf>
         <instance id="d000.s724.t000" lemma="irredutible" pos="ADJ">irredutible</instance>
         <wf lemma="." pos="X">.</wf>
      </sentence>
      <sentence id="d000.s725" source="wordnet-galician">
         <wf lemma="o" pos="X">o</wf>
         <wf lemma="funeral" pos="X">funeral</wf>
         <wf lemma="realizouse" pos="X">realizouse</wf>
         <wf lemma="coa" pos="X">coa</wf>
         <wf lemma="solemnidade" pos="X">solemnidade</wf>
         <instance id="d000.s725.t000" lemma="apropiado" pos="ADJ">apropiada</instance>
         <wf lemma="." pos="X">.</wf>
      </sentence>
      <sentence id="d000.s726" source="wordnet-galician">
         <wf lemma="o" pos="X">o</wf>
         <wf lemma="patio" pos="X">patio</wf>
         <instance id="d000.s726.t000" lemma="traseiro" pos="ADJ">traseiro</instance>
         <wf lemma="." pos="X">.</wf>
      </sentence>
      <sentence id="d000.s727" source="wordnet-galician">
         <wf lemma="unha" pos="X">unha</wf>
         <wf lemma="brecha" pos="X">brecha</wf>
         <wf lemma="xeracional" pos="X">xeracional</wf>
         <instance id="d000.s727.t000" lemma="insalvable" pos="ADJ">insalvable</instance>
         <wf lemma="." pos="X">.</wf>
      </sentence>
      <sentence id="d000.s728" source="wordnet-galician">
         <wf lemma="ouro" pos="X">ouro</wf>
         <instance id="d000.s728.t000" lemma="puro" pos="ADJ">puro</instance>
         <wf lemma="." pos="X">.</wf>
      </sentence>
      <sentence id="d000.s729" source="wordnet-galician">
         <wf lemma="unha" pos="X">unha</wf>
         <wf lemma="análise" pos="X">análise</wf>
         <instance id="d000.s729.t000" lemma="cualitativo" pos="ADJ">cualitativa</instance>
         <wf lemma="determina" pos="X">determina</wf>
         <wf lemma="os" pos="X">os</wf>
         <wf lemma="constituíntes" pos="X">constituíntes</wf>
         <wf lemma="químicos" pos="X">químicos</wf>
         <wf lemma="dunha" pos="X">dunha</wf>
         <wf lemma="substancia" pos="X">substancia</wf>
         <wf lemma="ou" pos="X">ou</wf>
         <wf lemma="mestura" pos="X">mestura</wf>
         <wf lemma="." pos="X">.</wf>
      </sentence>
      <sentence id="d000.s730" source="wordnet-galician">
         <wf lemma="os" pos="X">os</wf>
         <wf lemma="pobos" pos="X">pobos</wf>
         <instance id="d000.s730.t000" lemma="aborixe" pos="ADJ">aborixes</instance>
         <wf lemma="de" pos="X">de</wf>
         <wf lemma="Australia" pos="X">Australia</wf>
         <wf lemma="." pos="X">.</wf>
      </sentence>
      <sentence id="d000.s731" source="wordnet-galician">
         <wf lemma="foi" pos="X">foi</wf>
         <instance id="d000.s731.t000" lemma="adecuado" pos="ADJ">adecuada</instance>
         <wf lemma="para" pos="X">para</wf>
         <wf lemma="o" pos="X">o</wf>
         <wf lemma="traballo" pos="X">traballo</wf>
         <wf lemma="." pos="X">.</wf>
      </sentence>
      <sentence id="d000.s732" source="wordnet-galician">
         <instance id="d000.s732.t000" lemma="presente" pos="ADJ">presente</instance>
         <wf lemma="na" pos="X">na</wf>
         <wf lemma="creación" pos="X">creación</wf>
         <wf lemma="." pos="X">.</wf>
      </sentence>
      <sentence id="d000.s733" source="wordnet-galician">
         <wf lemma="o" pos="X">o</wf>
         <wf lemma="avión" pos="X">avión</wf>
         <wf lemma="fixo" pos="X">fixo</wf>
         <wf lemma="un" pos="X">un</wf>
         <wf lemma="movemento" pos="X">movemento</wf>
         <instance id="d000.s733.t000" lemma="ascendente" pos="ADJ">ascendente</instance>
         <wf lemma="." pos="X">.</wf>
      </sentence>
      <sentence id="d000.s734" source="wordnet-galician">
         <wf lemma="adolescentes" pos="X">adolescentes</wf>
         <wf lemma="ansiosos" pos="X">ansiosos</wf>
         <wf lemma="de" pos="X">de</wf>
         <wf lemma="escapar" pos="X">escapar</wf>
         <wf lemma="de" pos="X">de</wf>
         <wf lemma="ambientes" pos="X">ambientes</wf>
         <wf lemma="domésticos" pos="X">domésticos</wf>
         <instance id="d000.s734.t000" lemma="restritivo" pos="ADJ">restritivos</instance>
         <wf lemma="." pos="X">.</wf>
      </sentence>
      <sentence id="d000.s735" source="wordnet-galician">
         <wf lemma="os" pos="X">os</wf>
         <wf lemma="anos" pos="X">anos</wf>
         <wf lemma="de" pos="X">de</wf>
         <wf lemma="servizo" pos="X">servizo</wf>
         <instance id="d000.s735.t000" lemma="fiel" pos="ADJ">fiel</instance>
         <wf lemma="." pos="X">.</wf>
      </sentence>
      <sentence id="d000.s736" source="wordnet-galician">
         <wf lemma="chegou" pos="X">chegou</wf>
         <wf lemma="á" pos="X">á</wf>
         <wf lemma="hora" pos="X">hora</wf>
         <wf lemma="máis" pos="X">máis</wf>
         <instance id="d000.s736.t000" lemma="inoportuno" pos="ADJ">inoportuna</instance>
         <wf lemma="." pos="X">.</wf>
      </sentence>
      <sentence id="d000.s737" source="wordnet-galician">
         <wf lemma="os" pos="X">os</wf>
         <wf lemma="seus" pos="X">seus</wf>
         <wf lemma="pasos" pos="X">pasos</wf>
         <wf lemma="eran" pos="X">eran</wf>
         <instance id="d000.s737.t000" lemma="lento" pos="ADJ">lentos</instance>
         <wf lemma="." pos="X">.</wf>
      </sentence>
      <sentence id="d000.s738" source="wordnet-galician">
         <wf lemma="autoridade" pos="X">autoridade</wf>
         <instance id="d000.s738.t000" lemma="extraordinario" pos="ADJ">extraordinaria</instance>
         <wf lemma="." pos="X">.</wf>
      </sentence>
      <sentence id="d000.s739" source="wordnet-galician">
         <wf lemma="é" pos="X">é</wf>
         <wf lemma="indesexable" pos="X">indesexable</wf>
         <wf lemma="crer" pos="X">crer</wf>
         <wf lemma="nunha" pos="X">nunha</wf>
         <wf lemma="proposición" pos="X">proposición</wf>
         <wf lemma="cando" pos="X">cando</wf>
         <wf lemma="non" pos="X">non</wf>
         <wf lemma="hai" pos="X">hai</wf>
         <wf lemma="motivo" pos="X">motivo</wf>
         <wf lemma="para" pos="X">para</wf>
         <wf lemma="supor" pos="X">supor</wf>
         <wf lemma="que" pos="X">que</wf>
         <wf lemma="é" pos="X">é</wf>
         <instance id="d000.s739.t000" lemma="verdadeiro" pos="ADJ">verdadeira</instance>
         <wf lemma="(" pos="X">(</wf>
         <wf lemma="B." pos="X">B.</wf>
         <wf lemma="Russell" pos="X">Russell</wf>
         <wf lemma=")" pos="X">)</wf>
         <wf lemma="." pos="X">.</wf>
      </sentence>
      <sentence id="d000.s740" source="wordnet-galician">
         <wf lemma="de" pos="X">de</wf>
         <wf lemma="tamaño" pos="X">tamaño</wf>
         <wf lemma="e" pos="X">e</wf>
         <wf lemma="forma" pos="X">forma</wf>
         <instance id="d000.s740.t000" lemma="arbitrario" pos="ADJ">arbitraria</instance>
         <wf lemma="." pos="X">.</wf>
      </sentence>
      <sentence id="d000.s741" source="wordnet-galician">
         <wf lemma="recantos" pos="X">recantos</wf>
         <instance id="d000.s741.t000" lemma="distante" pos="ADJ">distantes</instance>
         <wf lemma="da" pos="X">da</wf>
         <wf lemma="terra" pos="X">terra</wf>
         <wf lemma="." pos="X">.</wf>
      </sentence>
      <sentence id="d000.s742" source="wordnet-galician">
         <wf lemma="aspecto" pos="X">aspecto</wf>
         <instance id="d000.s742.t000" lemma="saudable" pos="ADJ">saudable</instance>
         <wf lemma="." pos="X">.</wf>
      </sentence>
      <sentence id="d000.s743" source="wordnet-galician">
         <wf lemma="rodeado" pos="X">rodeado</wf>
         <wf lemma="por" pos="X">por</wf>
         <wf lemma="un" pos="X">un</wf>
         <wf lemma="xardín" pos="X">xardín</wf>
         <instance id="d000.s743.t000" lemma="profundo" pos="ADJ">profundo</instance>
         <wf lemma="." pos="X">.</wf>
      </sentence>
      <sentence id="d000.s744" source="wordnet-galician">
         <wf lemma="un" pos="X">un</wf>
         <instance id="d000.s744.t000" lemma="elegante" pos="ADJ">elegante</instance>
         <wf lemma="traxe" pos="X">traxe</wf>
         <wf lemma="escuro" pos="X">escuro</wf>
         <wf lemma="." pos="X">.</wf>
      </sentence>
      <sentence id="d000.s745" source="wordnet-galician">
         <wf lemma="os" pos="X">os</wf>
         <wf lemma="suburbios" pos="X">suburbios</wf>
         <instance id="d000.s745.t000" lemma="periférico" pos="ADJ">periféricos</instance>
         <wf lemma="." pos="X">.</wf>
      </sentence>
      <sentence id="d000.s746" source="wordnet-galician">
         <wf lemma="unha" pos="X">unha</wf>
         <wf lemma="conta" pos="X">conta</wf>
         <wf lemma="de" pos="X">de</wf>
         <instance id="d000.s746.t000" lemma="activo" pos="ADJ">activo</instance>
         <wf lemma="." pos="X">.</wf>
      </sentence>
      <sentence id="d000.s747" source="wordnet-galician">
         <instance id="d000.s747.t000" lemma="algún" pos="ADJ">algunhas</instance>
         <wf lemma="rosas" pos="X">rosas</wf>
         <wf lemma="aínda" pos="X">aínda</wf>
         <wf lemma="estaban" pos="X">estaban</wf>
         <wf lemma="florecendo" pos="X">florecendo</wf>
         <wf lemma="." pos="X">.</wf>
      </sentence>
      <sentence id="d000.s748" source="wordnet-galician">
         <wf lemma="os" pos="X">os</wf>
         <wf lemma="colonos" pos="X">colonos</wf>
         <instance id="d000.s748.t000" lemma="afouto" pos="ADJ">afoutos</instance>
         <wf lemma="nalgunha" pos="X">nalgunha</wf>
         <wf lemma="terra" pos="X">terra</wf>
         <wf lemma="estranxeira" pos="X">estranxeira</wf>
         <wf lemma="." pos="X">.</wf>
      </sentence>
      <sentence id="d000.s749" source="wordnet-galician">
         <wf lemma="foi" pos="X">foi</wf>
         <wf lemma="un" pos="X">un</wf>
         <instance id="d000.s749.t000" lemma="irrespectuoso" pos="ADJ">irrespectuoso</instance>
         <wf lemma="na" pos="X">na</wf>
         <wf lemma="presenza" pos="X">presenza</wf>
         <wf lemma="dos" pos="X">dos</wf>
         <wf lemma="seus" pos="X">seus</wf>
         <wf lemma="pais" pos="X">pais</wf>
         <wf lemma="." pos="X">.</wf>
      </sentence>
      <sentence id="d000.s750" source="wordnet-galician">
         <wf lemma="fantasmas" pos="X">fantasmas</wf>
         <wf lemma="e" pos="X">e</wf>
         <wf lemma="outras" pos="X">outras</wf>
         <wf lemma="entidades" pos="X">entidades</wf>
         <instance id="d000.s750.t000" lemma="inmaterial" pos="ADJ">inmateriais</instance>
         <wf lemma="." pos="X">.</wf>
      </sentence>
      <sentence id="d000.s751" source="wordnet-galician">
         <wf lemma="unha" pos="X">unha</wf>
         <wf lemma="lesión" pos="X">lesión</wf>
         <instance id="d000.s751.t000" lemma="maligno" pos="ADJ">maligna</instance>
         <wf lemma="." pos="X">.</wf>
      </sentence>
      <sentence id="d000.s752" source="wordnet-galician">
         <wf lemma="deu" pos="X">deu</wf>
         <wf lemma="un" pos="X">un</wf>
         <instance id="d000.s752.t000" lemma="falso" pos="ADJ">falso</instance>
         <wf lemma="testemuño" pos="X">testemuño</wf>
         <wf lemma="baixo" pos="X">baixo</wf>
         <wf lemma="xuramento" pos="X">xuramento</wf>
         <wf lemma="." pos="X">.</wf>
      </sentence>
      <sentence id="d000.s753" source="wordnet-galician">
         <wf lemma="un" pos="X">un</wf>
         <instance id="d000.s753.t000" lemma="bo" pos="ADJ">bo</instance>
         <wf lemma="coitelo" pos="X">coitelo</wf>
         <wf lemma="é" pos="X">é</wf>
         <wf lemma="algo" pos="X">algo</wf>
         <wf lemma="bo" pos="X">bo</wf>
         <wf lemma="para" pos="X">para</wf>
         <wf lemma="cortar" pos="X">cortar</wf>
         <wf lemma="." pos="X">.</wf>
      </sentence>
      <sentence id="d000.s754" source="wordnet-galician">
         <wf lemma="sería" pos="X">sería</wf>
         <instance id="d000.s754.t000" lemma="barato" pos="ADJ">barato</instance>
         <wf lemma="polo" pos="X">polo</wf>
         <wf lemma="dobre" pos="X">dobre</wf>
         <wf lemma="do" pos="X">do</wf>
         <wf lemma="prezo" pos="X">prezo</wf>
         <wf lemma="." pos="X">.</wf>
      </sentence>
      <sentence id="d000.s755" source="wordnet-galician">
         <wf lemma="un" pos="X">un</wf>
         <wf lemma="material" pos="X">material</wf>
         <instance id="d000.s755.t000" lemma="impermeable" pos="ADJ">impermeable</instance>
         <wf lemma="á" pos="X">á</wf>
         <wf lemma="auga" pos="X">auga</wf>
         <wf lemma="." pos="X">.</wf>
      </sentence>
      <sentence id="d000.s756" source="wordnet-galician">
         <wf lemma="o" pos="X">o</wf>
         <wf lemma="chan" pos="X">chan</wf>
         <wf lemma="que" pos="X">que</wf>
         <wf lemma="rodeaba" pos="X">rodeaba</wf>
         <wf lemma="a" pos="X">a</wf>
         <wf lemma="árbore" pos="X">árbore</wf>
         <wf lemma="estaba" pos="X">estaba</wf>
         <wf lemma="cheo" pos="X">cheo</wf>
         <wf lemma="de" pos="X">de</wf>
         <wf lemma="agasallos" pos="X">agasallos</wf>
         <instance id="d000.s756.t000" lemma="desempaquetado" pos="ADJ">desempaquetados</instance>
         <wf lemma="." pos="X">.</wf>
      </sentence>
      <sentence id="d000.s757" source="wordnet-galician">
         <wf lemma="alimentos" pos="X">alimentos</wf>
         <instance id="d000.s757.t000" lemma="pobre" pos="ADJ">pobres</instance>
         <wf lemma="en" pos="X">en</wf>
         <wf lemma="valor" pos="X">valor</wf>
         <wf lemma="nutritivo" pos="X">nutritivo</wf>
         <wf lemma="." pos="X">.</wf>
      </sentence>
      <sentence id="d000.s758" source="wordnet-galician">
         <wf lemma="estivemos" pos="X">estivemos</wf>
         <wf lemma="sentados" pos="X">sentados</wf>
         <instance id="d000.s758.t000" lemma="todo" pos="ADJ">toda</instance>
         <wf lemma="a" pos="X">a</wf>
         <wf lemma="noite" pos="X">noite</wf>
         <wf lemma="." pos="X">.</wf>
      </sentence>
      <sentence id="d000.s759" source="wordnet-galician">
         <wf lemma="vasos" pos="X">vasos</wf>
         <wf lemma="de" pos="X">de</wf>
         <wf lemma="papel" pos="X">papel</wf>
         <instance id="d000.s759.t000" lemma="desbotable" pos="ADJ">desbotables</instance>
         <wf lemma="." pos="X">.</wf>
      </sentence>
      <sentence id="d000.s760" source="wordnet-galician">
         <wf lemma="guerra" pos="X">guerra</wf>
         <instance id="d000.s760.t000" lemma="irregular" pos="ADJ">irregular</instance>
         <wf lemma="." pos="X">.</wf>
      </sentence>
      <sentence id="d000.s761" source="wordnet-galician">
         <wf lemma="medicación" pos="X">medicación</wf>
         <instance id="d000.s761.t000" lemma="inapropiado" pos="ADJ">inapropiada</instance>
         <wf lemma="." pos="X">.</wf>
      </sentence>
      <sentence id="d000.s762" source="wordnet-galician">
         <wf lemma="o" pos="X">o</wf>
         <wf lemma="que" pos="X">que</wf>
         <wf lemma="é" pos="X">é</wf>
         <instance id="d000.s762.t000" lemma="seguro" pos="ADJ">seguro</instance>
         <wf lemma="é" pos="X">é</wf>
         <wf lemma="que" pos="X">que</wf>
         <wf lemma="todo" pos="X">todo</wf>
         <wf lemma="efecto" pos="X">efecto</wf>
         <wf lemma="ten" pos="X">ten</wf>
         <wf lemma="unha" pos="X">unha</wf>
         <wf lemma="causa" pos="X">causa</wf>
         <wf lemma="." pos="X">.</wf>
      </sentence>
      <sentence id="d000.s763" source="wordnet-galician">
         <wf lemma="tomou" pos="X">tomou</wf>
         <wf lemma="unha" pos="X">unha</wf>
         <wf lemma="decisión" pos="X">decisión</wf>
         <instance id="d000.s763.t000" lemma="consciente" pos="ADJ">consciente</instance>
         <wf lemma="para" pos="X">para</wf>
         <wf lemma="falar" pos="X">falar</wf>
         <wf lemma="sobre" pos="X">sobre</wf>
         <wf lemma="a" pos="X">a</wf>
         <wf lemma="inxustiza" pos="X">inxustiza</wf>
         <wf lemma="." pos="X">.</wf>
      </sentence>
      <sentence id="d000.s764" source="wordnet-galician">
         <wf lemma="riqueza" pos="X">riqueza</wf>
         <instance id="d000.s764.t000" lemma="infinito" pos="ADJ">infinita</instance>
         <wf lemma="." pos="X">.</wf>
      </sentence>
      <sentence id="d000.s765" source="wordnet-galician">
         <wf lemma="montañas" pos="X">montañas</wf>
         <instance id="d000.s765.t000" lemma="visible" pos="ADJ">visibles</instance>
         <wf lemma="a" pos="X">a</wf>
         <wf lemma="distancia" pos="X">distancia</wf>
         <wf lemma="." pos="X">.</wf>
      </sentence>
      <sentence id="d000.s766" source="wordnet-galician">
         <wf lemma="un" pos="X">un</wf>
         <wf lemma="cambio" pos="X">cambio</wf>
         <instance id="d000.s766.t000" lemma="significativo" pos="ADJ">significativo</instance>
         <wf lemma="na" pos="X">na</wf>
         <wf lemma="lexislación" pos="X">lexislación</wf>
         <wf lemma="tributaria" pos="X">tributaria</wf>
         <wf lemma="." pos="X">.</wf>
      </sentence>
      <sentence id="d000.s767" source="wordnet-galician">
         <wf lemma="a" pos="X">a</wf>
         <wf lemma="miña" pos="X">miña</wf>
         <wf lemma="man" pos="X">man</wf>
         <instance id="d000.s767.t000" lemma="esquerda" pos="ADJ">esquerda</instance>
         <wf lemma="." pos="X">.</wf>
      </sentence>
      <sentence id="d000.s768" source="wordnet-galician">
         <wf lemma="os" pos="X">os</wf>
         <wf lemma="desertos" pos="X">desertos</wf>
         <wf lemma="proporcionan" pos="X">proporcionan</wf>
         <wf lemma="ambientes" pos="X">ambientes</wf>
         <instance id="d000.s768.t000" lemma="árido" pos="ADJ">áridos</instance>
         <wf lemma="." pos="X">.</wf>
      </sentence>
      <sentence id="d000.s769" source="wordnet-galician">
         <wf lemma="unha" pos="X">unha</wf>
         <wf lemma="parte" pos="X">parte</wf>
         <wf lemma="fixa" pos="X">fixa</wf>
         <wf lemma="e" pos="X">e</wf>
         <instance id="d000.s769.t000" lemma="inmutable" pos="ADJ">inmutable</instance>
         <wf lemma="do" pos="X">do</wf>
         <wf lemma="xermoplasma" pos="X">xermoplasma</wf>
         <wf lemma="(" pos="X">(</wf>
         <wf lemma="Ashley" pos="X">Ashley</wf>
         <wf lemma="Montagu" pos="X">Montagu</wf>
         <wf lemma=")" pos="X">)</wf>
         <wf lemma="." pos="X">.</wf>
      </sentence>
      <sentence id="d000.s770" source="wordnet-galician">
         <wf lemma="a" pos="X">a</wf>
         <wf lemma="súa" pos="X">súa</wf>
         <wf lemma="paixón" pos="X">paixón</wf>
         <wf lemma="polo" pos="X">polo</wf>
         <wf lemma="traballo" pos="X">traballo</wf>
         <wf lemma="era" pos="X">era</wf>
         <instance id="d000.s770.t000" lemma="insaciable" pos="ADJ">insaciable</instance>
         <wf lemma="." pos="X">.</wf>
      </sentence>
      <sentence id="d000.s771" source="wordnet-galician">
         <wf lemma="unha" pos="X">unha</wf>
         <wf lemma="cantidade" pos="X">cantidade</wf>
         <instance id="d000.s771.t000" lemma="considerable" pos="ADJ">considerable</instance>
         <wf lemma="." pos="X">.</wf>
      </sentence>
      <sentence id="d000.s772" source="wordnet-galician">
         <wf lemma="o" pos="X">o</wf>
         <wf lemma="período" pos="X">período</wf>
         <instance id="d000.s772.t000" lemma="prenatal" pos="ADJ">prenatal</instance>
         <wf lemma="." pos="X">.</wf>
      </sentence>
      <sentence id="d000.s773" source="wordnet-galician">
         <wf lemma="o" pos="X">o</wf>
         <wf lemma="sol" pos="X">sol</wf>
         <wf lemma="estaba" pos="X">estaba</wf>
         <wf lemma="quente" pos="X">quente</wf>
         <wf lemma="e" pos="X">e</wf>
         <instance id="d000.s773.t000" lemma="brillante" pos="ADJ">brillante</instance>
         <wf lemma="." pos="X">.</wf>
      </sentence>
      <sentence id="d000.s774" source="wordnet-galician">
         <wf lemma="unha" pos="X">unha</wf>
         <wf lemma="irmá" pos="X">irmá</wf>
         <instance id="d000.s774.t000" lemma="uterino" pos="ADJ">uterina</instance>
         <wf lemma="." pos="X">.</wf>
      </sentence>
      <sentence id="d000.s775" source="wordnet-galician">
         <wf lemma="decoración" pos="X">decoración</wf>
         <wf lemma="de" pos="X">de</wf>
         <instance id="d000.s775.t000" lemma="interior" pos="ADJ">interiores</instance>
         <wf lemma="." pos="X">.</wf>
      </sentence>
      <sentence id="d000.s776" source="wordnet-galician">
         <wf lemma="o" pos="X">o</wf>
         <wf lemma="mundo" pos="X">mundo</wf>
         <wf lemma="fantástico" pos="X">fantástico</wf>
         <wf lemma="e" pos="X">e</wf>
         <instance id="d000.s776.t000" lemma="irreal" pos="ADJ">irreal</instance>
         <wf lemma="da" pos="X">da</wf>
         <wf lemma="burocracia" pos="X">burocracia</wf>
         <wf lemma="gobernamental" pos="X">gobernamental</wf>
         <wf lemma="." pos="X">.</wf>
      </sentence>
      <sentence id="d000.s777" source="wordnet-galician">
         <wf lemma="os" pos="X">os</wf>
         <wf lemma="círculos" pos="X">círculos</wf>
         <wf lemma="concéntricos" pos="X">concéntricos</wf>
         <wf lemma="son" pos="X">son</wf>
         <instance id="d000.s777.t000" lemma="paralelo" pos="ADJ">paralelos</instance>
         <wf lemma="." pos="X">.</wf>
      </sentence>
      <sentence id="d000.s778" source="wordnet-galician">
         <wf lemma="coñecemento" pos="X">coñecemento</wf>
         <instance id="d000.s778.t000" lemma="superficial" pos="ADJ">superficial</instance>
         <wf lemma="." pos="X">.</wf>
      </sentence>
      <sentence id="d000.s779" source="wordnet-galician">
         <wf lemma="a" pos="X">a</wf>
         <wf lemma="relación" pos="X">relación</wf>
         <wf lemma="morfolóxica" pos="X">morfolóxica</wf>
         <wf lemma="entre" pos="X">entre</wf>
         <wf lemma="'" pos="X">'</wf>
         <wf lemma="cantar" pos="X">cantar</wf>
         <wf lemma="'" pos="X">'</wf>
         <wf lemma="e" pos="X">e</wf>
         <wf lemma="'" pos="X">'</wf>
         <wf lemma="cantante" pos="X">cantante</wf>
         <wf lemma="'" pos="X">'</wf>
         <wf lemma="e" pos="X">e</wf>
         <wf lemma="'" pos="X">'</wf>
         <wf lemma="canción" pos="X">canción</wf>
         <wf lemma="'" pos="X">'</wf>
         <wf lemma="é" pos="X">é</wf>
         <instance id="d000.s779.t000" lemma="derivativo" pos="ADJ">derivativa</instance>
         <wf lemma="." pos="X">.</wf>
      </sentence>
      <sentence id="d000.s780" source="wordnet-galician">
         <wf lemma="a" pos="X">a</wf>
         <wf lemma="súa" pos="X">súa</wf>
         <wf lemma="formación" pos="X">formación</wf>
         <wf lemma="foi" pos="X">foi</wf>
         <instance id="d000.s780.t000" lemma="adecuado" pos="ADJ">adecuada</instance>
         <wf lemma="." pos="X">.</wf>
      </sentence>
      <sentence id="d000.s781" source="wordnet-galician">
         <instance id="d000.s781.t000" lemma="rabioso" pos="ADJ">rabioso</instance>
         <wf lemma="co" pos="X">co</wf>
         <wf lemma="tempo" pos="X">tempo</wf>
         <wf lemma="." pos="X">.</wf>
      </sentence>
      <sentence id="d000.s782" source="wordnet-galician">
         <wf lemma="un" pos="X">un</wf>
         <wf lemma="bordo" pos="X">bordo</wf>
         <wf lemma="de" pos="X">de</wf>
         <wf lemma="plantas" pos="X">plantas</wf>
         <wf lemma="de" pos="X">de</wf>
         <wf lemma="floración" pos="X">floración</wf>
         <instance id="d000.s782.t000" lemma="anual" pos="ADJ">anual</instance>
         <wf lemma="." pos="X">.</wf>
      </sentence>
      <sentence id="d000.s783" source="wordnet-galician">
         <wf lemma="raios" pos="X">raios</wf>
         <instance id="d000.s783.t000" lemma="invisible" pos="ADJ">invisibles</instance>
         <wf lemma="." pos="X">.</wf>
      </sentence>
      <sentence id="d000.s784" source="wordnet-galician">
         <wf lemma="un" pos="X">un</wf>
         <wf lemma="sentimento" pos="X">sentimento</wf>
         <instance id="d000.s784.t000" lemma="estético" pos="ADJ">estético</instance>
         <wf lemma="." pos="X">.</wf>
      </sentence>
      <sentence id="d000.s785" source="wordnet-galician">
         <instance id="d000.s785.t000" lemma="activo" pos="ADJ">activo</instance>
         <wf lemma="como" pos="X">como</wf>
         <wf lemma="unha" pos="X">unha</wf>
         <wf lemma="gacela" pos="X">gacela</wf>
         <wf lemma="." pos="X">.</wf>
      </sentence>
      <sentence id="d000.s786" source="wordnet-galician">
         <wf lemma="unha" pos="X">unha</wf>
         <wf lemma="escena" pos="X">escena</wf>
         <instance id="d000.s786.t000" lemma="familiar" pos="ADJ">familiar</instance>
         <wf lemma="cotiá" pos="X">cotiá</wf>
         <wf lemma="." pos="X">.</wf>
      </sentence>
      <sentence id="d000.s787" source="wordnet-galician">
         <wf lemma="o" pos="X">o</wf>
         <wf lemma="andel" pos="X">andel</wf>
         <instance id="d000.s787.t000" lemma="superior" pos="ADJ">superior</instance>
         <wf lemma="." pos="X">.</wf>
      </sentence>
      <sentence id="d000.s788" source="wordnet-galician">
         <wf lemma="un" pos="X">un</wf>
         <wf lemma="feito" pos="X">feito</wf>
         <instance id="d000.s788.t000" lemma="básico" pos="ADJ">básico</instance>
         <wf lemma="." pos="X">.</wf>
      </sentence>
      <sentence id="d000.s789" source="wordnet-galician">
         <wf lemma="o" pos="X">o</wf>
         <wf lemma="que" pos="X">que</wf>
         <wf lemma="segue" pos="X">segue</wf>
         <wf lemma="o" pos="X">o</wf>
         <wf lemma="procedemento" pos="X">procedemento</wf>
         <instance id="d000.s789.t000" lemma="común" pos="ADJ">común</instance>
         <wf lemma="." pos="X">.</wf>
      </sentence>
      <sentence id="d000.s790" source="wordnet-galician">
         <wf lemma="moi" pos="X">moi</wf>
         <instance id="d000.s790.t000" lemma="torpe" pos="ADJ">torpe</instance>
         <wf lemma="cunha" pos="X">cunha</wf>
         <wf lemma="agulla" pos="X">agulla</wf>
         <wf lemma="para" pos="X">para</wf>
         <wf lemma="facer" pos="X">facer</wf>
         <wf lemma="a" pos="X">a</wf>
         <wf lemma="súa" pos="X">súa</wf>
         <wf lemma="propia" pos="X">propia</wf>
         <wf lemma="roupa" pos="X">roupa</wf>
         <wf lemma="." pos="X">.</wf>
      </sentence>
      <sentence id="d000.s791" source="wordnet-galician">
         <wf lemma="as" pos="X">as</wf>
         <wf lemma="armas" pos="X">armas</wf>
         <instance id="d000.s791.t000" lemma="nuclear" pos="ADJ">nucleares</instance>
         <wf lemma="." pos="X">.</wf>
      </sentence>
      <sentence id="d000.s792" source="wordnet-galician">
         <wf lemma="unha" pos="X">unha</wf>
         <wf lemma="historia" pos="X">historia</wf>
         <instance id="d000.s792.t000" lemma="convincente" pos="ADJ">convincente</instance>
         <wf lemma="." pos="X">.</wf>
      </sentence>
      <sentence id="d000.s793" source="wordnet-galician">
         <wf lemma="é" pos="X">é</wf>
         <wf lemma="un" pos="X">un</wf>
         <wf lemma="mozo" pos="X">mozo</wf>
         <instance id="d000.s793.t000" lemma="serio" pos="ADJ">serio</instance>
         <wf lemma="." pos="X">.</wf>
      </sentence>
      <sentence id="d000.s794" source="wordnet-galician">
         <wf lemma="materias" pos="X">materias</wf>
         <wf lemma="moi" pos="X">moi</wf>
         <instance id="d000.s794.t000" lemma="técnico" pos="ADJ">técnicas</instance>
         <wf lemma="dificilmente" pos="X">dificilmente</wf>
         <wf lemma="axeitadas" pos="X">axeitadas</wf>
         <wf lemma="para" pos="X">para</wf>
         <wf lemma="o" pos="X">o</wf>
         <wf lemma="público" pos="X">público</wf>
         <wf lemma="en" pos="X">en</wf>
         <wf lemma="xeral" pos="X">xeral</wf>
         <wf lemma="." pos="X">.</wf>
      </sentence>
      <sentence id="d000.s795" source="wordnet-galician">
         <wf lemma="unha" pos="X">unha</wf>
         <wf lemma="sílaba" pos="X">sílaba</wf>
         <instance id="d000.s795.t000" lemma="átono" pos="ADJ">átona</instance>
         <wf lemma="non" pos="X">non</wf>
         <wf lemma="leva" pos="X">leva</wf>
         <wf lemma="ningún" pos="X">ningún</wf>
         <wf lemma="tipo" pos="X">tipo</wf>
         <wf lemma="de" pos="X">de</wf>
         <wf lemma="tensión" pos="X">tensión</wf>
         <wf lemma="." pos="X">.</wf>
      </sentence>
      <sentence id="d000.s796" source="wordnet-galician">
         <wf lemma="unha" pos="X">unha</wf>
         <wf lemma="táctica" pos="X">táctica</wf>
         <instance id="d000.s796.t000" lemma="inconveniente" pos="ADJ">inconveniente</instance>
         <wf lemma="." pos="X">.</wf>
      </sentence>
      <sentence id="d000.s797" source="wordnet-galician">
         <wf lemma="unha" pos="X">unha</wf>
         <wf lemma="nación" pos="X">nación</wf>
         <instance id="d000.s797.t000" lemma="indivisible" pos="ADJ">indivisible</instance>
         <wf lemma="." pos="X">.</wf>
      </sentence>
      <sentence id="d000.s798" source="wordnet-galician">
         <wf lemma="interrupción" pos="X">interrupción</wf>
         <instance id="d000.s798.t000" lemma="inoportuno" pos="ADJ">inoportuna</instance>
         <wf lemma="." pos="X">.</wf>
      </sentence>
      <sentence id="d000.s799" source="wordnet-galician">
         <wf lemma="un" pos="X">un</wf>
         <wf lemma="servizo" pos="X">servizo</wf>
         <instance id="d000.s799.t000" lemma="único" pos="ADJ">único</instance>
         <wf lemma="." pos="X">.</wf>
      </sentence>
      <sentence id="d000.s800" source="wordnet-galician">
         <wf lemma="está" pos="X">está</wf>
         <instance id="d000.s800.t000" lemma="listo" pos="ADJ">listo</instance>
         <wf lemma="para" pos="X">para</wf>
         <wf lemma="dimitir" pos="X">dimitir</wf>
         <wf lemma="." pos="X">.</wf>
      </sentence>
      <sentence id="d000.s801" source="wordnet-galician">
         <wf lemma="o" pos="X">o</wf>
         <wf lemma="salón" pos="X">salón</wf>
         <wf lemma="é" pos="X">é</wf>
         <wf lemma="un" pos="X">un</wf>
         <wf lemma="lugar" pos="X">lugar</wf>
         <instance id="d000.s801.t000" lemma="inconveniente" pos="ADJ">inconveniente</instance>
         <wf lemma="para" pos="X">para</wf>
         <wf lemma="o" pos="X">o</wf>
         <wf lemma="teléfono" pos="X">teléfono</wf>
         <wf lemma="." pos="X">.</wf>
      </sentence>
      <sentence id="d000.s802" source="wordnet-galician">
         <wf lemma="os" pos="X">os</wf>
         <wf lemma="seus" pos="X">seus</wf>
         <wf lemma="dedos" pos="X">dedos</wf>
         <wf lemma="inhábiles" pos="X">inhábiles</wf>
         <wf lemma="fixeron" pos="X">fixeron</wf>
         <wf lemma="un" pos="X">un</wf>
         <wf lemma="nó" pos="X">nó</wf>
         <instance id="d000.s802.t000" lemma="torpe" pos="ADJ">torpe</instance>
         <wf lemma="." pos="X">.</wf>
      </sentence>
      <sentence id="d000.s803" source="wordnet-galician">
         <wf lemma="é" pos="X">é</wf>
         <instance id="d000.s803.t000" lemma="consciente" pos="ADJ">consciente</instance>
         <wf lemma="das" pos="X">das</wf>
         <wf lemma="críticas" pos="X">críticas</wf>
         <wf lemma="," pos="X">,</wf>
         <wf lemma="intentarei" pos="X">intentarei</wf>
         <wf lemma="xustificar" pos="X">xustificar</wf>
         <wf lemma="a" pos="X">a</wf>
         <wf lemma="miña" pos="X">miña</wf>
         <wf lemma="acción" pos="X">acción</wf>
         <wf lemma="." pos="X">.</wf>
      </sentence>
      <sentence id="d000.s804" source="wordnet-galician">
         <wf lemma="unha" pos="X">unha</wf>
         <wf lemma="civilización" pos="X">civilización</wf>
         <instance id="d000.s804.t000" lemma="agonizante" pos="ADJ">agonizante</instance>
         <wf lemma="." pos="X">.</wf>
      </sentence>
      <sentence id="d000.s805" source="wordnet-galician">
         <wf lemma="dispositivo" pos="X">dispositivo</wf>
         <instance id="d000.s805.t000" lemma="explosivo" pos="ADJ">explosivo</instance>
         <wf lemma="." pos="X">.</wf>
      </sentence>
      <sentence id="d000.s806" source="wordnet-galician">
         <wf lemma="remolque" pos="X">remolque</wf>
         <wf lemma="un" pos="X">un</wf>
         <instance id="d000.s806.t000" lemma="inútil" pos="ADJ">inútil</instance>
         <wf lemma="." pos="X">.</wf>
      </sentence>
      <sentence id="d000.s807" source="wordnet-galician">
         <wf lemma="un" pos="X">un</wf>
         <wf lemma="prisioneiro" pos="X">prisioneiro</wf>
         <instance id="d000.s807.t000" lemma="corrixíbel" pos="ADJ">corrixíbel</instance>
         <wf lemma="." pos="X">.</wf>
      </sentence>
      <sentence id="d000.s808" source="wordnet-galician">
         <wf lemma="gando" pos="X">gando</wf>
         <instance id="d000.s808.t000" lemma="cornudo" pos="ADJ">cornudo</instance>
         <wf lemma="." pos="X">.</wf>
      </sentence>
      <sentence id="d000.s809" source="wordnet-galician">
         <wf lemma="deixou" pos="X">deixou</wf>
         <wf lemma="a" pos="X">a</wf>
         <wf lemma="casa" pos="X">casa</wf>
         <wf lemma="ás" pos="X">ás</wf>
         <wf lemma="tres" pos="X">tres</wf>
         <wf lemma="da" pos="X">da</wf>
         <wf lemma="mañá" pos="X">mañá</wf>
         <wf lemma="por" pos="X">por</wf>
         <wf lemma="razóns" pos="X">razóns</wf>
         <instance id="d000.s809.t000" lemma="inexplicable" pos="ADJ">inexplicables</instance>
         <wf lemma="." pos="X">.</wf>
      </sentence>
      <sentence id="d000.s810" source="wordnet-galician">
         <instance id="d000.s810.t000" lemma="sistema" pos="NOUN">sistema</instance>
         <wf lemma="que" pos="X">que</wf>
         <wf lemma="xera" pos="X">xera</wf>
         <wf lemma="peróxido" pos="X">peróxido</wf>
         <wf lemma="de" pos="X">de</wf>
         <wf lemma="hidróxeno" pos="X">hidróxeno</wf>
         <wf lemma="." pos="X">.</wf>
      </sentence>
      <sentence id="d000.s811" source="wordnet-galician">
         <wf lemma="fondos" pos="X">fondos</wf>
         <instance id="d000.s811.t000" lemma="insuficiente" pos="ADJ">insuficientes</instance>
         <wf lemma="." pos="X">.</wf>
      </sentence>
      <sentence id="d000.s812" source="wordnet-galician">
         <wf lemma="unha" pos="X">unha</wf>
         <wf lemma="resposta" pos="X">resposta</wf>
         <instance id="d000.s812.t000" lemma="entusiasta" pos="ADJ">entusiasta</instance>
         <wf lemma="." pos="X">.</wf>
      </sentence>
      <sentence id="d000.s813" source="wordnet-galician">
         <wf lemma="estaba" pos="X">estaba</wf>
         <instance id="d000.s813.t000" lemma="próximo" pos="ADJ">próxima</instance>
         <wf lemma="a" pos="X">a</wf>
         <wf lemma="chorar" pos="X">chorar</wf>
         <wf lemma="." pos="X">.</wf>
      </sentence>
      <sentence id="d000.s814" source="wordnet-galician">
         <wf lemma="un" pos="X">un</wf>
         <wf lemma="aluguer" pos="X">aluguer</wf>
         <instance id="d000.s814.t000" lemma="renovable" pos="ADJ">renovable</instance>
         <wf lemma="." pos="X">.</wf>
      </sentence>
      <sentence id="d000.s815" source="wordnet-galician">
         <wf lemma="tose" pos="X">tose</wf>
         <instance id="d000.s815.t000" lemma="seco" pos="ADJ">seca</instance>
         <wf lemma="." pos="X">.</wf>
      </sentence>
      <sentence id="d000.s816" source="wordnet-galician">
         <wf lemma="os" pos="X">os</wf>
         <wf lemma="parentes" pos="X">parentes</wf>
         <instance id="d000.s816.t000" lemma="próximo" pos="ADJ">próximos</instance>
         <wf lemma="." pos="X">.</wf>
      </sentence>
      <sentence id="d000.s817" source="wordnet-galician">
         <wf lemma="un" pos="X">un</wf>
         <wf lemma="informe" pos="X">informe</wf>
         <instance id="d000.s817.t000" lemma="técnico" pos="ADJ">técnico</instance>
         <wf lemma="." pos="X">.</wf>
      </sentence>
      <sentence id="d000.s818" source="wordnet-galician">
         <wf lemma="os" pos="X">os</wf>
         <wf lemma="asesores" pos="X">asesores</wf>
         <instance id="d000.s818.t000" lemma="desleal" pos="ADJ">desleais</instance>
         <wf lemma="revelaron" pos="X">revelaron</wf>
         <wf lemma="as" pos="X">as</wf>
         <wf lemma="súas" pos="X">súas</wf>
         <wf lemma="indiscrecións" pos="X">indiscrecións</wf>
         <wf lemma="para" pos="X">para</wf>
         <wf lemma="os" pos="X">os</wf>
         <wf lemma="xornais" pos="X">xornais</wf>
         <wf lemma="." pos="X">.</wf>
      </sentence>
      <sentence id="d000.s819" source="wordnet-galician">
         <wf lemma="unha" pos="X">unha</wf>
         <wf lemma="carreira" pos="X">carreira</wf>
         <instance id="d000.s819.t000" lemma="gratificante" pos="ADJ">gratificante</instance>
         <wf lemma="como" pos="X">como</wf>
         <wf lemma="paramédico" pos="X">paramédico</wf>
         <wf lemma="." pos="X">.</wf>
      </sentence>
      <sentence id="d000.s820" source="wordnet-galician">
         <wf lemma="parece" pos="X">parece</wf>
         <wf lemma="que" pos="X">que</wf>
         <wf lemma="a" pos="X">a</wf>
         <wf lemma="escusa" pos="X">escusa</wf>
         <wf lemma="é" pos="X">é</wf>
         <instance id="d000.s820.t000" lemma="axeitado" pos="ADJ">axeitada</instance>
         <wf lemma="." pos="X">.</wf>
      </sentence>
      <sentence id="d000.s821" source="wordnet-galician">
         <wf lemma="o" pos="X">o</wf>
         <wf lemma="arrefriado" pos="X">arrefriado</wf>
         <instance id="d000.s821.t000" lemma="común" pos="ADJ">común</instance>
         <wf lemma="." pos="X">.</wf>
      </sentence>
      <sentence id="d000.s822" source="wordnet-galician">
         <wf lemma="un" pos="X">un</wf>
         <wf lemma="comentario" pos="X">comentario</wf>
         <wf lemma="moi" pos="X">moi</wf>
         <instance id="d000.s822.t000" lemma="tranquilizador" pos="ADJ">tranquilizador</instance>
         <wf lemma="." pos="X">.</wf>
      </sentence>
      <sentence id="d000.s824" source="wordnet-galician">
         <wf lemma="o" pos="X">o</wf>
         <wf lemma="eixo" pos="X">eixo</wf>
         <wf lemma="dun" pos="X">dun</wf>
         <wf lemma="cono" pos="X">cono</wf>
         <instance id="d000.s824.t000" lemma="oblicuo" pos="ADJ">oblicuo</instance>
         <wf lemma="non" pos="X">non</wf>
         <wf lemma="é" pos="X">é</wf>
         <wf lemma="perpendicular" pos="X">perpendicular</wf>
         <wf lemma="á" pos="X">á</wf>
         <wf lemma="súa" pos="X">súa</wf>
         <wf lemma="base" pos="X">base</wf>
         <wf lemma="." pos="X">.</wf>
      </sentence>
      <sentence id="d000.s825" source="wordnet-galician">
         <wf lemma="as" pos="X">as</wf>
         <wf lemma="tropas" pos="X">tropas</wf>
         <instance id="d000.s825.t000" lemma="anfibio" pos="ADJ">anfibias</instance>
         <wf lemma="." pos="X">.</wf>
      </sentence>
      <sentence id="d000.s826" source="wordnet-galician">
         <wf lemma="un" pos="X">un</wf>
         <wf lemma="home" pos="X">home</wf>
         <instance id="d000.s826.t000" lemma="primitivo" pos="ADJ">primitivo</instance>
         <wf lemma="." pos="X">.</wf>
      </sentence>
      <sentence id="d000.s827" source="wordnet-galician">
         <wf lemma="un" pos="X">un</wf>
         <instance id="d000.s827.t000" lemma="manto" pos="NOUN">manto</instance>
         <wf lemma="de" pos="X">de</wf>
         <wf lemma="piollos" pos="X">piollos</wf>
         <wf lemma="." pos="X">.</wf>
      </sentence>
      <sentence id="d000.s828" source="wordnet-galician">
         <wf lemma="un" pos="X">un</wf>
         <wf lemma="neno" pos="X">neno</wf>
         <instance id="d000.s828.t000" lemma="activo" pos="ADJ">activo</instance>
         <wf lemma="." pos="X">.</wf>
      </sentence>
      <sentence id="d000.s829" source="wordnet-galician">
         <wf lemma="estrada" pos="X">estrada</wf>
         <instance id="d000.s829.t000" lemma="liso" pos="ADJ">lisa</instance>
         <wf lemma="." pos="X">.</wf>
      </sentence>
      <sentence id="d000.s830" source="wordnet-galician">
         <wf lemma="o" pos="X">o</wf>
         <wf lemma="noso" pos="X">noso</wf>
         <wf lemma="planeta" pos="X">planeta</wf>
         <wf lemma="neste" pos="X">neste</wf>
         <wf lemma="momento" pos="X">momento</wf>
         <wf lemma="é" pos="X">é</wf>
         <instance id="d000.s830.t000" lemma="perecedoiro" pos="ADJ">perecedoiro</instance>
         <wf lemma="." pos="X">.</wf>
      </sentence>
      <sentence id="d000.s831" source="wordnet-galician">
         <wf lemma="un" pos="X">un</wf>
         <wf lemma="convidado" pos="X">convidado</wf>
         <instance id="d000.s831.t000" lemma="benvido" pos="ADJ">benvido</instance>
         <wf lemma="." pos="X">.</wf>
      </sentence>
      <sentence id="d000.s832" source="wordnet-galician">
         <wf lemma="parques" pos="X">parques</wf>
         <instance id="d000.s832.t000" lemma="público" pos="ADJ">públicos</instance>
         <wf lemma="." pos="X">.</wf>
      </sentence>
      <sentence id="d000.s833" source="wordnet-galician">
         <wf lemma="a" pos="X">a</wf>
         <wf lemma="nós" pos="X">nós</wf>
         <wf lemma="gústanos" pos="X">gústanos</wf>
         <wf lemma="a" pos="X">a</wf>
         <wf lemma="luz" pos="X">luz</wf>
         <instance id="d000.s833.t000" lemma="sutil" pos="ADJ">sutil</instance>
         <wf lemma="cando" pos="X">cando</wf>
         <wf lemma="ceamos" pos="X">ceamos</wf>
         <wf lemma="." pos="X">.</wf>
      </sentence>
      <sentence id="d000.s834" source="wordnet-galician">
         <wf lemma="unha" pos="X">unha</wf>
         <wf lemma="forma" pos="X">forma</wf>
         <instance id="d000.s834.t000" lemma="incómodo" pos="ADJ">incómoda</instance>
         <wf lemma="de" pos="X">de</wf>
         <wf lemma="sorprenderme" pos="X">sorprenderme</wf>
         <wf lemma="xusto" pos="X">xusto</wf>
         <wf lemma="cando" pos="X">cando</wf>
         <wf lemma="eu" pos="X">eu</wf>
         <wf lemma="me" pos="X">me</wf>
         <wf lemma="sentía" pos="X">sentía</wf>
         <wf lemma="máis" pos="X">máis</wf>
         <wf lemma="segura" pos="X">segura</wf>
         <wf lemma="." pos="X">.</wf>
      </sentence>
      <sentence id="d000.s835" source="wordnet-galician">
         <wf lemma="fixo" pos="X">fixo</wf>
         <wf lemma="a" pos="X">a</wf>
         <instance id="d000.s835.t000" lemma="raia" pos="NOUN">raia</instance>
         <wf lemma="xusto" pos="X">xusto</wf>
         <wf lemma="polo" pos="X">polo</wf>
         <wf lemma="medio" pos="X">medio</wf>
         <wf lemma="da" pos="X">da</wf>
         <wf lemma="cabeza" pos="X">cabeza</wf>
         <wf lemma="." pos="X">.</wf>
      </sentence>
      <sentence id="d000.s836" source="wordnet-galician">
         <wf lemma="fixeron" pos="X">fixeron</wf>
         <wf lemma="que" pos="X">que</wf>
         <wf lemma="aquel" pos="X">aquel</wf>
         <wf lemma="lugar" pos="X">lugar</wf>
         <wf lemma="fose" pos="X">fose</wf>
         <wf lemma="moi" pos="X">moi</wf>
         <instance id="d000.s836.t000" lemma="desagradable" pos="ADJ">desagradable</instance>
         <wf lemma="." pos="X">.</wf>
      </sentence>
      <sentence id="d000.s837" source="wordnet-galician">
         <wf lemma="unha" pos="X">unha</wf>
         <wf lemma="tradución" pos="X">tradución</wf>
         <instance id="d000.s837.t000" lemma="desaxeitado" pos="ADJ">desaxeitada</instance>
         <wf lemma="." pos="X">.</wf>
      </sentence>
      <sentence id="d000.s838" source="wordnet-galician">
         <wf lemma="foi" pos="X">foi</wf>
         <wf lemma="declarado" pos="X">declarado</wf>
         <instance id="d000.s838.t000" lemma="insán" pos="ADJ">insán</instance>
         <wf lemma="." pos="X">.</wf>
      </sentence>
      <sentence id="d000.s839" source="wordnet-galician">
         <wf lemma="pasou" pos="X">pasou</wf>
         <wf lemma="a" pos="X">a</wf>
         <wf lemma="súa" pos="X">súa</wf>
         <wf lemma="vida" pos="X">vida</wf>
         <wf lemma="nunha" pos="X">nunha</wf>
         <wf lemma="aldea" pos="X">aldea</wf>
         <instance id="d000.s839.t000" lemma="insignificante" pos="ADJ">insignificante</instance>
         <wf lemma="." pos="X">.</wf>
      </sentence>
      <sentence id="d000.s840" source="wordnet-galician">
         <wf lemma="para" pos="X">para</wf>
         <wf lemma="ter" pos="X">ter</wf>
         <wf lemma="éxito" pos="X">éxito</wf>
         <wf lemma="hai" pos="X">hai</wf>
         <wf lemma="que" pos="X">que</wf>
         <wf lemma="ser" pos="X">ser</wf>
         <instance id="d000.s840.t000" lemma="adaptable" pos="ADJ">adaptable</instance>
         <wf lemma="." pos="X">.</wf>
      </sentence>
      <sentence id="d000.s841" source="wordnet-galician">
         <instance id="d000.s841.t000" lemma="inelixible" pos="ADJ">inelixible</instance>
         <wf lemma="para" pos="X">para</wf>
         <wf lemma="recibir" pos="X">recibir</wf>
         <wf lemma="a" pos="X">a</wf>
         <wf lemma="xubilación" pos="X">xubilación</wf>
         <wf lemma="." pos="X">.</wf>
      </sentence>
      <sentence id="d000.s842" source="wordnet-galician">
         <wf lemma="unha" pos="X">unha</wf>
         <wf lemma="personalidade" pos="X">personalidade</wf>
         <instance id="d000.s842.t000" lemma="desagradable" pos="ADJ">desagradable</instance>
         <wf lemma="." pos="X">.</wf>
      </sentence>
      <sentence id="d000.s843" source="wordnet-galician">
         <wf lemma="unha" pos="X">unha</wf>
         <wf lemma="batida" pos="X">batida</wf>
         <instance id="d000.s843.t000" lemma="próximo" pos="ADJ">próxima</instance>
         <wf lemma="á" pos="X">á</wf>
         <wf lemma="bomba" pos="X">bomba</wf>
         <wf lemma="." pos="X">.</wf>
      </sentence>
      <sentence id="d000.s844" source="wordnet-galician">
         <wf lemma="as" pos="X">as</wf>
         <wf lemma="fontes" pos="X">fontes</wf>
         <wf lemma="de" pos="X">de</wf>
         <wf lemma="noticias" pos="X">noticias</wf>
         <wf lemma="reflicten" pos="X">reflicten</wf>
         <wf lemma="estimacións" pos="X">estimacións</wf>
         <instance id="d000.s844.t000" lemma="acrítico" pos="ADJ">acríticas</instance>
         <wf lemma="do" pos="X">do</wf>
         <wf lemma="número" pos="X">número</wf>
         <wf lemma="de" pos="X">de</wf>
         <wf lemma="toxicodependentes" pos="X">toxicodependentes</wf>
         <wf lemma="xuvenís" pos="X">xuvenís</wf>
         <wf lemma="." pos="X">.</wf>
      </sentence>
      <sentence id="d000.s845" source="wordnet-galician">
         <wf lemma="unha" pos="X">unha</wf>
         <wf lemma="forma" pos="X">forma</wf>
         <instance id="d000.s845.t000" lemma="unitario" pos="ADJ">unitaria</instance>
         <wf lemma="," pos="X">,</wf>
         <wf lemma="en" pos="X">en</wf>
         <wf lemma="oposición" pos="X">oposición</wf>
         <wf lemma="a" pos="X">a</wf>
         <wf lemma="unha" pos="X">unha</wf>
         <wf lemma="forma" pos="X">forma</wf>
         <wf lemma="de" pos="X">de</wf>
         <wf lemma="goberno" pos="X">goberno</wf>
         <wf lemma="federal" pos="X">federal</wf>
         <wf lemma="." pos="X">.</wf>
      </sentence>
      <sentence id="d000.s846" source="wordnet-galician">
         <wf lemma="os" pos="X">os</wf>
         <wf lemma="asuntos" pos="X">asuntos</wf>
         <instance id="d000.s846.t000" lemma="determinable" pos="ADJ">determinables</instance>
         <wf lemma="pola" pos="X">pola</wf>
         <wf lemma="lei" pos="X">lei</wf>
         <wf lemma="." pos="X">.</wf>
      </sentence>
      <sentence id="d000.s847" source="wordnet-galician">
         <wf lemma="un" pos="X">un</wf>
         <wf lemma="neno" pos="X">neno</wf>
         <wf lemma="perfectamente" pos="X">perfectamente</wf>
         <instance id="d000.s847.t000" lemma="normal" pos="ADJ">normal</instance>
         <wf lemma="." pos="X">.</wf>
      </sentence>
      <sentence id="d000.s848" source="wordnet-galician">
         <wf lemma="tivo" pos="X">tivo</wf>
         <wf lemma="un" pos="X">un</wf>
         <wf lemma="soño" pos="X">soño</wf>
         <instance id="d000.s848.t000" lemma="inquedo" pos="ADJ">inquedo</instance>
         <wf lemma="." pos="X">.</wf>
      </sentence>
      <sentence id="d000.s849" source="wordnet-galician">
         <wf lemma="carbón" pos="X">carbón</wf>
         <instance id="d000.s849.t000" lemma="aceso" pos="ADJ">aceso</instance>
         <wf lemma="." pos="X">.</wf>
      </sentence>
      <sentence id="d000.s850" source="wordnet-galician">
         <wf lemma="un" pos="X">un</wf>
         <wf lemma="aumento" pos="X">aumento</wf>
         <wf lemma="na" pos="X">na</wf>
         <wf lemma="temperatura" pos="X">temperatura</wf>
         <instance id="d000.s850.t000" lemma="indiscernible" pos="ADJ">indiscernible</instance>
         <wf lemma="." pos="X">.</wf>
      </sentence>
      <sentence id="d000.s851" source="wordnet-galician">
         <instance id="d000.s851.t000" lemma="constante" pos="ADJ">constante</instance>
         <wf lemma="como" pos="X">como</wf>
         <wf lemma="a" pos="X">a</wf>
         <wf lemma="estrela" pos="X">estrela</wf>
         <wf lemma="polar" pos="X">polar</wf>
         <wf lemma="." pos="X">.</wf>
      </sentence>
      <sentence id="d000.s852" source="wordnet-galician">
         <wf lemma="sumidoiros" pos="X">sumidoiros</wf>
         <instance id="d000.s852.t000" lemma="séptico" pos="ADJ">sépticos</instance>
         <wf lemma="." pos="X">.</wf>
      </sentence>
      <sentence id="d000.s853" source="wordnet-galician">
         <wf lemma="un" pos="X">un</wf>
         <wf lemma="proxecto" pos="X">proxecto</wf>
         <instance id="d000.s853.t000" lemma="frutífero" pos="ADJ">frutífero</instance>
         <wf lemma="." pos="X">.</wf>
      </sentence>
      <sentence id="d000.s854" source="wordnet-galician">
         <wf lemma="unha" pos="X">unha</wf>
         <wf lemma="reunión" pos="X">reunión</wf>
         <instance id="d000.s854.t000" lemma="informal" pos="ADJ">informal</instance>
         <wf lemma="de" pos="X">de</wf>
         <wf lemma="amigos" pos="X">amigos</wf>
         <wf lemma="." pos="X">.</wf>
      </sentence>
      <sentence id="d000.s855" source="wordnet-galician">
         <wf lemma="foi" pos="X">foi</wf>
         <instance id="d000.s855.t000" lemma="rexenerado" pos="ADJ">rexenerado</instance>
         <wf lemma="dos" pos="X">dos</wf>
         <wf lemma="seus" pos="X">seus</wf>
         <wf lemma="erros" pos="X">erros</wf>
         <wf lemma="." pos="X">.</wf>
      </sentence>
      <sentence id="d000.s856" source="wordnet-galician">
         <wf lemma="as" pos="X">as</wf>
         <wf lemma="súas" pos="X">súas</wf>
         <instance id="d000.s856.t000" lemma="pálpebra" pos="NOUN">pálpebras</instance>
         <wf lemma="xa" pos="X">xa</wf>
         <wf lemma="nunca" pos="X">nunca</wf>
         <wf lemma="máis" pos="X">máis</wf>
         <wf lemma="permanecerían" pos="X">permanecerían</wf>
         <wf lemma="abertas" pos="X">abertas</wf>
         <wf lemma="." pos="X">.</wf>
      </sentence>
      <sentence id="d000.s857" source="wordnet-galician">
         <wf lemma="aves" pos="X">aves</wf>
         <instance id="d000.s857.t000" lemma="raro" pos="ADJ">raras</instance>
         <wf lemma="." pos="X">.</wf>
      </sentence>
      <sentence id="d000.s858" source="wordnet-galician">
         <wf lemma="unha" pos="X">unha</wf>
         <wf lemma="zona" pos="X">zona</wf>
         <instance id="d000.s858.t000" lemma="residencial" pos="ADJ">residencial</instance>
         <wf lemma="." pos="X">.</wf>
      </sentence>
      <sentence id="d000.s859" source="wordnet-galician">
         <wf lemma="legumes" pos="X">legumes</wf>
         <instance id="d000.s859.t000" lemma="fresco" pos="ADJ">frescos</instance>
         <wf lemma="." pos="X">.</wf>
      </sentence>
      <sentence id="d000.s860" source="wordnet-galician">
         <wf lemma="o" pos="X">o</wf>
         <instance id="d000.s860.t000" lemma="cd4" pos="NOUN">CD4</instance>
         <wf lemma="é" pos="X">é</wf>
         <wf lemma="un" pos="X">un</wf>
         <wf lemma="receptor" pos="X">receptor</wf>
         <wf lemma="para" pos="X">para</wf>
         <wf lemma="o" pos="X">o</wf>
         <wf lemma="VIH" pos="X">VIH</wf>
         <wf lemma="nos" pos="X">nos</wf>
         <wf lemma="seres" pos="X">seres</wf>
         <wf lemma="humanos" pos="X">humanos</wf>
         <wf lemma="." pos="X">.</wf>
      </sentence>
      <sentence id="d000.s861" source="wordnet-galician">
         <wf lemma="tallar" pos="X">tallar</wf>
         <wf lemma="madeira" pos="X">madeira</wf>
         <wf lemma="é" pos="X">é</wf>
         <wf lemma="unha" pos="X">unha</wf>
         <wf lemma="arte" pos="X">arte</wf>
         <instance id="d000.s861.t000" lemma="práctico" pos="ADJ">práctica</instance>
         <wf lemma="." pos="X">.</wf>
      </sentence>
      <sentence id="d000.s862" source="wordnet-galician">
         <wf lemma="foi" pos="X">foi</wf>
         <wf lemma="unha" pos="X">unha</wf>
         <wf lemma="decisión" pos="X">decisión</wf>
         <instance id="d000.s862.t000" lemma="emocional" pos="ADJ">emocional</instance>
         <wf lemma="." pos="X">.</wf>
      </sentence>
      <sentence id="d000.s863" source="wordnet-galician">
         <wf lemma="a" pos="X">a</wf>
         <wf lemma="multitude" pos="X">multitude</wf>
         <wf lemma="dos" pos="X">dos</wf>
         <instance id="d000.s863.t000" lemma="seguinte" pos="ADJ">seguintes</instance>
         <wf lemma="coches" pos="X">coches</wf>
         <wf lemma="fixeron" pos="X">fixeron</wf>
         <wf lemma="que" pos="X">que</wf>
         <wf lemma="a" pos="X">a</wf>
         <wf lemma="ocasión" pos="X">ocasión</wf>
         <wf lemma="parecese" pos="X">parecese</wf>
         <wf lemma="un" pos="X">un</wf>
         <wf lemma="desfile" pos="X">desfile</wf>
         <wf lemma="." pos="X">.</wf>
      </sentence>
      <sentence id="d000.s864" source="wordnet-galician">
         <wf lemma="efecto" pos="X">efecto</wf>
         <instance id="d000.s864.t000" lemma="primario" pos="ADJ">primario</instance>
         <wf lemma="." pos="X">.</wf>
      </sentence>
      <sentence id="d000.s865" source="wordnet-galician">
         <wf lemma="unha" pos="X">unha</wf>
         <wf lemma="avaliación" pos="X">avaliación</wf>
         <instance id="d000.s865.t000" lemma="realista" pos="ADJ">realista</instance>
         <wf lemma="das" pos="X">das</wf>
         <wf lemma="nosas" pos="X">nosas</wf>
         <wf lemma="posibilidades" pos="X">posibilidades</wf>
         <wf lemma="." pos="X">.</wf>
      </sentence>
      <sentence id="d000.s866" source="wordnet-galician">
         <wf lemma="o" pos="X">o</wf>
         <wf lemma="terreo" pos="X">terreo</wf>
         <instance id="d000.s866.t000" lemma="desconxelado" pos="ADJ">desconxelado</instance>
         <wf lemma="." pos="X">.</wf>
      </sentence>
      <sentence id="d000.s867" source="wordnet-galician">
         <wf lemma="seducir" pos="X">seducir</wf>
         <wf lemma="o" pos="X">o</wf>
         <wf lemma="lector" pos="X">lector</wf>
         <instance id="d000.s867.t000" lemma="incauto" pos="ADJ">incauto</instance>
         <wf lemma="na" pos="X">na</wf>
         <wf lemma="aquiescencia" pos="X">aquiescencia</wf>
         <wf lemma="fácil" pos="X">fácil</wf>
         <wf lemma="(" pos="X">(</wf>
         <wf lemma="O." pos="X">O.</wf>
         <wf lemma="J." pos="X">J.</wf>
         <wf lemma="Campbell" pos="X">Campbell</wf>
         <wf lemma=")" pos="X">)</wf>
         <wf lemma="." pos="X">.</wf>
      </sentence>
      <sentence id="d000.s868" source="wordnet-galician">
         <wf lemma="o" pos="X">o</wf>
         <instance id="d000.s868.t000" lemma="lumen" pos="NOUN">lumen</instance>
         <wf lemma="do" pos="X">do</wf>
         <wf lemma="intestino" pos="X">intestino</wf>
         <wf lemma="." pos="X">.</wf>
      </sentence>
      <sentence id="d000.s869" source="wordnet-galician">
         <wf lemma="fixo" pos="X">fixo</wf>
         <wf lemma="un" pos="X">un</wf>
         <wf lemma="xesto" pos="X">xesto</wf>
         <instance id="d000.s869.t000" lemma="empático" pos="ADJ">empático</instance>
         <wf lemma="." pos="X">.</wf>
      </sentence>
      <sentence id="d000.s870" source="wordnet-galician">
         <wf lemma="ingresos" pos="X">ingresos</wf>
         <wf lemma="en" pos="X">en</wf>
         <instance id="d000.s870.t000" lemma="bruto" pos="ADJ">bruto</instance>
         <wf lemma="." pos="X">.</wf>
      </sentence>
      <sentence id="d000.s871" source="wordnet-galician">
         <wf lemma="a" pos="X">a</wf>
         <wf lemma="participación" pos="X">participación</wf>
         <wf lemma="foi" pos="X">foi</wf>
         <instance id="d000.s871.t000" lemma="voluntario" pos="ADJ">voluntaria</instance>
         <wf lemma="." pos="X">.</wf>
      </sentence>
      <sentence id="d000.s872" source="wordnet-galician">
         <wf lemma="roupa" pos="X">roupa</wf>
         <instance id="d000.s872.t000" lemma="modificable" pos="ADJ">modificable</instance>
         <wf lemma="." pos="X">.</wf>
      </sentence>
      <sentence id="d000.s873" source="wordnet-galician">
         <wf lemma="un" pos="X">un</wf>
         <wf lemma="ano" pos="X">ano</wf>
         <instance id="d000.s873.t000" lemma="novo" pos="ADJ">novo</instance>
         <wf lemma="." pos="X">.</wf>
      </sentence>
      <sentence id="d000.s874" source="wordnet-galician">
         <wf lemma="herdeiros" pos="X">herdeiros</wf>
         <instance id="d000.s874.t000" lemma="ingrato" pos="ADJ">ingratos</instance>
         <wf lemma="." pos="X">.</wf>
      </sentence>
      <sentence id="d000.s875" source="wordnet-galician">
         <wf lemma="un" pos="X">un</wf>
         <wf lemma="comentario" pos="X">comentario</wf>
         <instance id="d000.s875.t000" lemma="imprudente" pos="ADJ">imprudente</instance>
         <wf lemma="." pos="X">.</wf>
      </sentence>
      <sentence id="d000.s876" source="wordnet-galician">
         <wf lemma="non" pos="X">non</wf>
         <wf lemma="hai" pos="X">hai</wf>
         <wf lemma="unha" pos="X">unha</wf>
         <instance id="d000.s876.t000" lemma="maldito" pos="ADJ">maldita</instance>
         <wf lemma="gota" pos="X">gota</wf>
         <wf lemma="." pos="X">.</wf>
      </sentence>
      <sentence id="d000.s877" source="wordnet-galician">
         <wf lemma="traxe" pos="X">traxe</wf>
         <wf lemma="de" pos="X">de</wf>
         <wf lemma="baño" pos="X">baño</wf>
         <instance id="d000.s877.t000" lemma="mollado" pos="ADJ">mollado</instance>
         <wf lemma="." pos="X">.</wf>
      </sentence>
      <sentence id="d000.s878" source="wordnet-galician">
         <wf lemma="o" pos="X">o</wf>
         <wf lemma="vapor" pos="X">vapor</wf>
         <wf lemma="é" pos="X">é</wf>
         <wf lemma="auga" pos="X">auga</wf>
         <wf lemma="en" pos="X">en</wf>
         <wf lemma="estado" pos="X">estado</wf>
         <instance id="d000.s878.t000" lemma="gasoso" pos="ADJ">gasoso</instance>
         <wf lemma="." pos="X">.</wf>
      </sentence>
      <sentence id="d000.s879" source="wordnet-galician">
         <wf lemma="artistas" pos="X">artistas</wf>
         <wf lemma="como" pos="X">como</wf>
         <wf lemma="a" pos="X">a</wf>
         <wf lemma="luz" pos="X">luz</wf>
         <wf lemma="do" pos="X">do</wf>
         <instance id="d000.s879.t000" lemma="norte" pos="ADJ">norte</instance>
         <wf lemma="." pos="X">.</wf>
      </sentence>
      <sentence id="d000.s880" source="wordnet-galician">
         <wf lemma="un" pos="X">un</wf>
         <wf lemma="período" pos="X">período</wf>
         <instance id="d000.s880.t000" lemma="colorido" pos="ADJ">colorido</instance>
         <wf lemma="da" pos="X">da</wf>
         <wf lemma="historia" pos="X">historia</wf>
         <wf lemma="." pos="X">.</wf>
      </sentence>
      <sentence id="d000.s881" source="wordnet-galician">
         <wf lemma="a" pos="X">a</wf>
         <wf lemma="contaminación" pos="X">contaminación</wf>
         <wf lemma="do" pos="X">do</wf>
         <wf lemma="aire" pos="X">aire</wf>
         <instance id="d000.s881.t000" lemma="insalubre" pos="ADJ">insalubre</instance>
         <wf lemma="." pos="X">.</wf>
      </sentence>
      <sentence id="d000.s882" source="wordnet-galician">
         <wf lemma="un" pos="X">un</wf>
         <wf lemma="logro" pos="X">logro</wf>
         <instance id="d000.s882.t000" lemma="precoz" pos="ADJ">precoz</instance>
         <wf lemma="." pos="X">.</wf>
      </sentence>
      <sentence id="d000.s883" source="wordnet-galician">
         <wf lemma="unha" pos="X">unha</wf>
         <wf lemma="súbita" pos="X">súbita</wf>
         <wf lemma="onda" pos="X">onda</wf>
         <wf lemma="de" pos="X">de</wf>
         <wf lemma="ira" pos="X">ira</wf>
         <instance id="d000.s883.t000" lemma="palpable" pos="ADJ">palpable</instance>
         <wf lemma="." pos="X">.</wf>
      </sentence>
      <sentence id="d000.s884" source="wordnet-galician">
         <wf lemma="o" pos="X">o</wf>
         <wf lemma="mundo" pos="X">mundo</wf>
         <instance id="d000.s884.t000" lemma="irreal" pos="ADJ">irreal</instance>
         <wf lemma="da" pos="X">da</wf>
         <wf lemma="arte" pos="X">arte</wf>
         <wf lemma="publicitaria" pos="X">publicitaria</wf>
         <wf lemma="." pos="X">.</wf>
      </sentence>
      <sentence id="d000.s885" source="wordnet-galician">
         <wf lemma="un" pos="X">un</wf>
         <wf lemma="país" pos="X">país</wf>
         <instance id="d000.s885.t000" lemma="democrático" pos="ADJ">democrático</instance>
         <wf lemma="." pos="X">.</wf>
      </sentence>
      <sentence id="d000.s886" source="wordnet-galician">
         <wf lemma="un" pos="X">un</wf>
         <instance id="d000.s886.t000" lemma="diversificado" pos="ADJ">diversificado</instance>
         <wf lemma="programa" pos="X">programa</wf>
         <wf lemma="musical" pos="X">musical</wf>
         <wf lemma="que" pos="X">que</wf>
         <wf lemma="varía" pos="X">varía</wf>
         <wf lemma="do" pos="X">do</wf>
         <wf lemma="clásico" pos="X">clásico</wf>
         <wf lemma="ao" pos="X">ao</wf>
         <wf lemma="moderno" pos="X">moderno</wf>
         <wf lemma="." pos="X">.</wf>
      </sentence>
      <sentence id="d000.s887" source="wordnet-galician">
         <wf lemma="os" pos="X">os</wf>
         <wf lemma="nativos" pos="X">nativos</wf>
         <wf lemma="..." pos="X">...</wf>
         <wf lemma="son" pos="X">son</wf>
         <wf lemma="..." pos="X">...</wf>
         <wf lemma="de" pos="X">de</wf>
         <wf lemma="intelixencia" pos="X">intelixencia</wf>
         <instance id="d000.s887.t000" lemma="manexable" pos="ADJ">manexable</instance>
         <wf lemma="(" pos="X">(</wf>
         <wf lemma="Samuel" pos="X">Samuel</wf>
         <wf lemma="Butler" pos="X">Butler</wf>
         <wf lemma=")" pos="X">)</wf>
         <wf lemma="." pos="X">.</wf>
      </sentence>
      <sentence id="d000.s888" source="wordnet-galician">
         <wf lemma="interese" pos="X">interese</wf>
         <instance id="d000.s888.t000" lemma="esperto" pos="ADJ">esperto</instance>
         <wf lemma="no" pos="X">no</wf>
         <wf lemma="ballet." pos="X">ballet.</wf>
      </sentence>
      <sentence id="d000.s889" source="wordnet-galician">
         <wf lemma="o" pos="X">o</wf>
         <wf lemma="informe" pos="X">informe</wf>
         <wf lemma="mostra" pos="X">mostra</wf>
         <wf lemma="unha" pos="X">unha</wf>
         <instance id="d000.s889.t000" lemma="sorprendente" pos="ADJ">sorprendente</instance>
         <wf lemma="falta" pos="X">falta</wf>
         <wf lemma="de" pos="X">de</wf>
         <wf lemma="datos" pos="X">datos</wf>
         <wf lemma="factibles" pos="X">factibles</wf>
         <wf lemma="." pos="X">.</wf>
      </sentence>
      <sentence id="d000.s890" source="wordnet-galician">
         <instance id="d000.s890.t000" lemma="disolvente" pos="NOUN">disolvente</instance>
         <wf lemma="de" pos="X">de</wf>
         <wf lemma="pintura" pos="X">pintura</wf>
         <wf lemma="." pos="X">.</wf>
      </sentence>
      <sentence id="d000.s891" source="wordnet-galician">
         <wf lemma="sombreiro" pos="X">sombreiro</wf>
         <instance id="d000.s891.t000" lemma="velar" pos="ADJ">velado</instance>
         <wf lemma="." pos="X">.</wf>
      </sentence>
      <sentence id="d000.s892" source="wordnet-galician">
         <wf lemma="o" pos="X">o</wf>
         <wf lemma="criado" pos="X">criado</wf>
         <wf lemma="incurablemente" pos="X">incurablemente</wf>
         <instance id="d000.s892.t000" lemma="servil" pos="ADJ">servil</instance>
         <wf lemma="." pos="X">.</wf>
      </sentence>
      <sentence id="d000.s893" source="wordnet-galician">
         <wf lemma="quentouse" pos="X">quentouse</wf>
         <wf lemma="para" pos="X">para</wf>
         <wf lemma="evaporar" pos="X">evaporar</wf>
         <wf lemma="os" pos="X">os</wf>
         <instance id="d000.s893.t000" lemma="volátil" pos="NOUN">volátiles</instance>
         <wf lemma="." pos="X">.</wf>
      </sentence>
      <sentence id="d000.s894" source="wordnet-galician">
         <wf lemma="un" pos="X">un</wf>
         <wf lemma="home" pos="X">home</wf>
         <instance id="d000.s894.t000" lemma="relixioso" pos="ADJ">relixioso</instance>
         <wf lemma="." pos="X">.</wf>
      </sentence>
      <sentence id="d000.s895" source="wordnet-galician">
         <wf lemma="simplemente" pos="X">simplemente</wf>
         <instance id="d000.s895.t000" lemma="incapaz" pos="ADJ">incapaz</instance>
         <wf lemma="de" pos="X">de</wf>
         <wf lemma="mentir" pos="X">mentir</wf>
         <wf lemma="." pos="X">.</wf>
      </sentence>
      <sentence id="d000.s896" source="wordnet-galician">
         <wf lemma="efectuou" pos="X">efectuou</wf>
         <wf lemma="os" pos="X">os</wf>
         <wf lemma="seus" pos="X">seus</wf>
         <wf lemma="desexos" pos="X">desexos</wf>
         <instance id="d000.s896.t000" lemma="expreso" pos="ADJ">expresos</instance>
         <wf lemma="." pos="X">.</wf>
      </sentence>
      <sentence id="d000.s897" source="wordnet-galician">
         <wf lemma="todo" pos="X">todo</wf>
         <wf lemma="parecía" pos="X">parecía</wf>
         <wf lemma="moi" pos="X">moi</wf>
         <wf lemma="tranquilo" pos="X">tranquilo</wf>
         <wf lemma="e" pos="X">e</wf>
         <instance id="d000.s897.t000" lemma="familiar" pos="ADJ">familiar</instance>
         <wf lemma="." pos="X">.</wf>
      </sentence>
      <sentence id="d000.s898" source="wordnet-galician">
         <wf lemma="sentín" pos="X">sentín</wf>
         <wf lemma="unha" pos="X">unha</wf>
         <instance id="d000.s898.t000" lemma="violento" pos="ADJ">violenta</instance>
         <wf lemma="antipatía" pos="X">antipatía</wf>
         <wf lemma="." pos="X">.</wf>
      </sentence>
      <sentence id="d000.s899" source="wordnet-galician">
         <wf lemma="as" pos="X">as</wf>
         <wf lemma="cores" pos="X">cores</wf>
         <instance id="d000.s899.t000" lemma="incompatible" pos="ADJ">incompatibles</instance>
         <wf lemma="." pos="X">.</wf>
      </sentence>
      <sentence id="d000.s900" source="wordnet-galician">
         <wf lemma="día" pos="X">día</wf>
         <instance id="d000.s900.t000" lemma="axitado" pos="ADJ">axitado</instance>
         <wf lemma="por" pos="X">por</wf>
         <wf lemma="causa" pos="X">causa</wf>
         <wf lemma="dos" pos="X">dos</wf>
         <wf lemma="tumultos" pos="X">tumultos</wf>
         <wf lemma="." pos="X">.</wf>
      </sentence>
      <sentence id="d000.s901" source="wordnet-galician">
         <instance id="d000.s901.t000" lemma="medorento" pos="ADJ">medorento</instance>
         <wf lemma="da" pos="X">da</wf>
         <wf lemma="súa" pos="X">súa</wf>
         <wf lemma="vida" pos="X">vida</wf>
         <wf lemma="." pos="X">.</wf>
      </sentence>
      <sentence id="d000.s902" source="wordnet-galician">
         <wf lemma="estableceu" pos="X">estableceu</wf>
         <wf lemma="unha" pos="X">unha</wf>
         <wf lemma="cabeza" pos="X">cabeza</wf>
         <wf lemma="de" pos="X">de</wf>
         <wf lemma="praia" pos="X">praia</wf>
         <instance id="d000.s902.t000" lemma="superficial" pos="ADJ">superficial</instance>
         <wf lemma="." pos="X">.</wf>
      </sentence>
      <sentence id="d000.s903" source="wordnet-galician">
         <wf lemma="ollos" pos="X">ollos</wf>
         <instance id="d000.s903.t000" lemma="choroso" pos="ADJ">chorosos</instance>
         <wf lemma="." pos="X">.</wf>
      </sentence>
      <sentence id="d000.s904" source="wordnet-galician">
         <wf lemma="un" pos="X">un</wf>
         <wf lemma="apartamento" pos="X">apartamento</wf>
         <instance id="d000.s904.t000" lemma="desmoblado" pos="ADJ">desmoblado</instance>
         <wf lemma="." pos="X">.</wf>
      </sentence>
      <sentence id="d000.s905" source="wordnet-galician">
         <wf lemma="fotos" pos="X">fotos</wf>
         <instance id="d000.s905.t000" lemma="impublicable" pos="ADJ">impublicables</instance>
         <wf lemma="." pos="X">.</wf>
      </sentence>
      <sentence id="d000.s906" source="wordnet-galician">
         <wf lemma="unha" pos="X">unha</wf>
         <wf lemma="ponte" pos="X">ponte</wf>
         <instance id="d000.s906.t000" lemma="estreito" pos="ADJ">estreita</instance>
         <wf lemma="." pos="X">.</wf>
      </sentence>
      <sentence id="d000.s907" source="wordnet-galician">
         <wf lemma="observacións" pos="X">observacións</wf>
         <instance id="d000.s907.t000" lemma="insensato" pos="ADJ">insensatas</instance>
         <wf lemma="." pos="X">.</wf>
      </sentence>
      <sentence id="d000.s908" source="wordnet-galician">
         <wf lemma="un" pos="X">un</wf>
         <instance id="d000.s908.t000" lemma="verdadeiro" pos="ADJ">verdadeiro</instance>
         <wf lemma="Picasso" pos="X">Picasso</wf>
         <wf lemma="." pos="X">.</wf>
      </sentence>
      <sentence id="d000.s909" source="wordnet-galician">
         <wf lemma="un" pos="X">un</wf>
         <instance id="d000.s909.t000" lemma="novo" pos="ADJ">novo</instance>
         <wf lemma="amigo" pos="X">amigo</wf>
         <wf lemma="." pos="X">.</wf>
      </sentence>
      <sentence id="d000.s910" source="wordnet-galician">
         <wf lemma="prestoulle" pos="X">prestoulle</wf>
         <wf lemma="o" pos="X">o</wf>
         <wf lemma="seu" pos="X">seu</wf>
         <wf lemma="apoio" pos="X">apoio</wf>
         <instance id="d000.s910.t000" lemma="condicional" pos="ADJ">condicional</instance>
         <wf lemma="." pos="X">.</wf>
      </sentence>
      <sentence id="d000.s911" source="wordnet-galician">
         <wf lemma="unha" pos="X">unha</wf>
         <wf lemma="respiración" pos="X">respiración</wf>
         <instance id="d000.s911.t000" lemma="profundo" pos="ADJ">profunda</instance>
         <wf lemma="." pos="X">.</wf>
      </sentence>
      <sentence id="d000.s912" source="wordnet-galician">
         <wf lemma="un" pos="X">un</wf>
         <wf lemma="libro" pos="X">libro</wf>
         <instance id="d000.s912.t000" lemma="delgado" pos="ADJ">delgado</instance>
         <wf lemma="." pos="X">.</wf>
      </sentence>
      <sentence id="d000.s913" source="wordnet-galician">
         <wf lemma="aparello" pos="X">aparello</wf>
         <wf lemma="auditivo" pos="X">auditivo</wf>
         <instance id="d000.s913.t000" lemma="servible" pos="ADJ">servible</instance>
         <wf lemma="." pos="X">.</wf>
      </sentence>
      <sentence id="d000.s914" source="wordnet-galician">
         <wf lemma="un" pos="X">un</wf>
         <instance id="d000.s914.t000" lemma="novo" pos="ADJ">novo</instance>
         <wf lemma="cometa" pos="X">cometa</wf>
         <wf lemma="." pos="X">.</wf>
      </sentence>
      <sentence id="d000.s915" source="wordnet-galician">
         <wf lemma="sons" pos="X">sons</wf>
         <instance id="d000.s915.t000" lemma="consonántico" pos="ADJ">consonánticos</instance>
         <wf lemma="." pos="X">.</wf>
      </sentence>
      <sentence id="d000.s916" source="wordnet-galician">
         <instance id="d000.s916.t000" lemma="susceptible" pos="ADJ">susceptible</instance>
         <wf lemma="a" pos="X">a</wf>
         <wf lemma="arrefriados" pos="X">arrefriados</wf>
         <wf lemma="." pos="X">.</wf>
      </sentence>
      <sentence id="d000.s917" source="wordnet-galician">
         <wf lemma="un" pos="X">un</wf>
         <wf lemma="bo" pos="X">bo</wf>
         <wf lemma="poeta" pos="X">poeta</wf>
         <wf lemma="é" pos="X">é</wf>
         <wf lemma="un" pos="X">un</wf>
         <wf lemma="artista" pos="X">artista</wf>
         <instance id="d000.s917.t000" lemma="verbal" pos="ADJ">verbal</instance>
         <wf lemma="." pos="X">.</wf>
      </sentence>
      <sentence id="d000.s918" source="wordnet-galician">
         <wf lemma="unha" pos="X">unha</wf>
         <wf lemma="brisa" pos="X">brisa</wf>
         <instance id="d000.s918.t000" lemma="constante" pos="ADJ">constante</instance>
         <wf lemma="." pos="X">.</wf>
      </sentence>
      <sentence id="d000.s919" source="wordnet-galician">
         <wf lemma="necesito" pos="X">necesito</wf>
         <wf lemma="un" pos="X">un</wf>
         <wf lemma="pouco" pos="X">pouco</wf>
         <wf lemma="de" pos="X">de</wf>
         <instance id="d000.s919.t000" lemma="aire" pos="NOUN">aire</instance>
         <wf lemma="fresco" pos="X">fresco</wf>
         <wf lemma="." pos="X">.</wf>
      </sentence>
      <sentence id="d000.s920" source="wordnet-galician">
         <wf lemma="idealistas" pos="X">idealistas</wf>
         <instance id="d000.s920.t000" lemma="utópico" pos="ADJ">utópicos</instance>
         <wf lemma="." pos="X">.</wf>
      </sentence>
      <sentence id="d000.s921" source="wordnet-galician">
         <wf lemma="feitos" pos="X">feitos</wf>
         <instance id="d000.s921.t000" lemma="malvado" pos="ADJ">malvados</instance>
         <wf lemma="." pos="X">.</wf>
      </sentence>
      <sentence id="d000.s922" source="wordnet-galician">
         <wf lemma="po" pos="X">po</wf>
         <wf lemma="pouco" pos="X">pouco</wf>
         <instance id="d000.s922.t000" lemma="palpable" pos="ADJ">palpable</instance>
         <wf lemma="." pos="X">.</wf>
      </sentence>
      <sentence id="d000.s923" source="wordnet-galician">
         <wf lemma="pasou" pos="X">pasou</wf>
         <wf lemma="un" pos="X">un</wf>
         <wf lemma="cantidade" pos="X">cantidade</wf>
         <instance id="d000.s923.t000" lemma="considerable" pos="ADJ">considerable</instance>
         <wf lemma="de" pos="X">de</wf>
         <wf lemma="tempo" pos="X">tempo</wf>
         <wf lemma="sobre" pos="X">sobre</wf>
         <wf lemma="o" pos="X">o</wf>
         <wf lemma="problema" pos="X">problema</wf>
         <wf lemma="." pos="X">.</wf>
      </sentence>
      <sentence id="d000.s924" source="wordnet-galician">
         <wf lemma="unha" pos="X">unha</wf>
         <wf lemma="planta" pos="X">planta</wf>
         <instance id="d000.s924.t000" lemma="ascendente" pos="ADJ">ascendente</instance>
         <wf lemma="." pos="X">.</wf>
      </sentence>
      <sentence id="d000.s925" source="wordnet-galician">
         <wf lemma="unha" pos="X">unha</wf>
         <wf lemma="atracción" pos="X">atracción</wf>
         <wf lemma="turística" pos="X">turística</wf>
         <instance id="d000.s925.t000" lemma="popular" pos="ADJ">popular</instance>
         <wf lemma="." pos="X">.</wf>
      </sentence>
      <sentence id="d000.s926" source="wordnet-galician">
         <wf lemma="follas" pos="X">follas</wf>
         <instance id="d000.s926.t000" lemma="oposto" pos="ADJ">opostas</instance>
         <wf lemma="." pos="X">.</wf>
      </sentence>
      <sentence id="d000.s927" source="wordnet-galician">
         <wf lemma="o" pos="X">o</wf>
         <wf lemma="coitelo" pos="X">coitelo</wf>
         <wf lemma="estaba" pos="X">estaba</wf>
         <wf lemma="moi" pos="X">moi</wf>
         <instance id="d000.s927.t000" lemma="cego" pos="ADJ">cego</instance>
         <wf lemma="para" pos="X">para</wf>
         <wf lemma="ser" pos="X">ser</wf>
         <wf lemma="de" pos="X">de</wf>
         <wf lemma="utilidade" pos="X">utilidade</wf>
         <wf lemma="." pos="X">.</wf>
      </sentence>
      <sentence id="d000.s928" source="wordnet-galician">
         <wf lemma="o" pos="X">o</wf>
         <wf lemma="cloro" pos="X">cloro</wf>
         <wf lemma="no" pos="X">no</wf>
         <instance id="d000.s928.t000" lemma="cfc" pos="NOUN">CFC</instance>
         <wf lemma="provoca" pos="X">provoca</wf>
         <wf lemma="unha" pos="X">unha</wf>
         <wf lemma="diminución" pos="X">diminución</wf>
         <wf lemma="do" pos="X">do</wf>
         <wf lemma="ozono" pos="X">ozono</wf>
         <wf lemma="atmosférico" pos="X">atmosférico</wf>
         <wf lemma="." pos="X">.</wf>
      </sentence>
      <sentence id="d000.s929" source="wordnet-galician">
         <wf lemma="aeronaves" pos="X">aeronaves</wf>
         <wf lemma="que" pos="X">que</wf>
         <wf lemma="voan" pos="X">voan</wf>
         <wf lemma="a" pos="X">a</wf>
         <wf lemma="velocidades" pos="X">velocidades</wf>
         <instance id="d000.s929.t000" lemma="subsónico" pos="ADJ">subsónicas</instance>
         <wf lemma="." pos="X">.</wf>
      </sentence>
      <sentence id="d000.s930" source="wordnet-galician">
         <wf lemma="confusión" pos="X">confusión</wf>
         <instance id="d000.s930.t000" lemma="incidental" pos="ADJ">incidental</instance>
         <wf lemma="debido" pos="X">debido</wf>
         <wf lemma="a" pos="X">a</wf>
         <wf lemma="unha" pos="X">unha</wf>
         <wf lemma="rápida" pos="X">rápida</wf>
         <wf lemma="mudanza" pos="X">mudanza</wf>
         <wf lemma="." pos="X">.</wf>
      </sentence>
      <sentence id="d000.s931" source="wordnet-galician">
         <wf lemma="ordenador" pos="X">ordenador</wf>
         <instance id="d000.s931.t000" lemma="dixital" pos="ADJ">dixital</instance>
         <wf lemma="." pos="X">.</wf>
      </sentence>
      <sentence id="d000.s932" source="wordnet-galician">
         <wf lemma="un" pos="X">un</wf>
         <wf lemma="contrato" pos="X">contrato</wf>
         <instance id="d000.s932.t000" lemma="válido" pos="ADJ">válido</instance>
         <wf lemma="." pos="X">.</wf>
      </sentence>
      <sentence id="d000.s933" source="wordnet-galician">
         <wf lemma="a" pos="X">a</wf>
         <wf lemma="xuventude" pos="X">xuventude</wf>
         <instance id="d000.s933.t000" lemma="pasado" pos="ADJ">pasada</instance>
         <wf lemma="." pos="X">.</wf>
      </sentence>
      <sentence id="d000.s934" source="wordnet-galician">
         <wf lemma="en" pos="X">en</wf>
         <wf lemma="territorio" pos="X">territorio</wf>
         <instance id="d000.s934.t000" lemma="amigable" pos="ADJ">amigable</instance>
         <wf lemma="." pos="X">.</wf>
      </sentence>
      <sentence id="d000.s935" source="wordnet-galician">
         <wf lemma="está" pos="X">está</wf>
         <instance id="d000.s935.t000" lemma="doente" pos="ADJ">doente</instance>
         <wf lemma="do" pos="X">do</wf>
         <wf lemma="estómago" pos="X">estómago</wf>
         <wf lemma="." pos="X">.</wf>
      </sentence>
      <sentence id="d000.s936" source="wordnet-galician">
         <wf lemma="comportamento" pos="X">comportamento</wf>
         <instance id="d000.s936.t000" lemma="inadmisible" pos="ADJ">inadmisible</instance>
         <wf lemma="." pos="X">.</wf>
      </sentence>
      <sentence id="d000.s937" source="wordnet-galician">
         <wf lemma="unha" pos="X">unha</wf>
         <wf lemma="cuestión" pos="X">cuestión</wf>
         <instance id="d000.s937.t000" lemma="secundario" pos="ADJ">secundaria</instance>
         <wf lemma="." pos="X">.</wf>
      </sentence>
      <sentence id="d000.s938" source="wordnet-galician">
         <wf lemma="o" pos="X">o</wf>
         <wf lemma="leite" pos="X">leite</wf>
         <wf lemma="fresco" pos="X">fresco</wf>
         <wf lemma="estaba" pos="X">estaba</wf>
         <instance id="d000.s938.t000" lemma="indispoñible" pos="ADJ">indispoñible</instance>
         <wf lemma="durante" pos="X">durante</wf>
         <wf lemma="a" pos="X">a</wf>
         <wf lemma="emerxencia" pos="X">emerxencia</wf>
         <wf lemma="." pos="X">.</wf>
      </sentence>
      <sentence id="d000.s939" source="wordnet-galician">
         <wf lemma="a" pos="X">a</wf>
         <instance id="d000.s939.t000" lemma="vaxina" pos="NOUN">vaxina</instance>
         <wf lemma="é" pos="X">é</wf>
         <wf lemma="elástica" pos="X">elástica</wf>
         <wf lemma="," pos="X">,</wf>
         <wf lemma="o" pos="X">o</wf>
         <wf lemma="suficiente" pos="X">suficiente</wf>
         <wf lemma="para" pos="X">para</wf>
         <wf lemma="permitir" pos="X">permitir</wf>
         <wf lemma="o" pos="X">o</wf>
         <wf lemma="paso" pos="X">paso</wf>
         <wf lemma="dun" pos="X">dun</wf>
         <wf lemma="feto" pos="X">feto</wf>
         <wf lemma="." pos="X">.</wf>
      </sentence>
      <sentence id="d000.s940" source="wordnet-galician">
         <wf lemma="emoción" pos="X">emoción</wf>
         <instance id="d000.s940.t000" lemma="profundo" pos="ADJ">profunda</instance>
         <wf lemma="." pos="X">.</wf>
      </sentence>
      <sentence id="d000.s941" source="wordnet-galician">
         <wf lemma="traballou" pos="X">traballou</wf>
         <wf lemma="cunha" pos="X">cunha</wf>
         <wf lemma="lentitude" pos="X">lentitude</wf>
         <instance id="d000.s941.t000" lemma="doloroso" pos="ADJ">dolorosa</instance>
         <wf lemma="." pos="X">.</wf>
      </sentence>
      <sentence id="d000.s942" source="wordnet-galician">
         <wf lemma="un" pos="X">un</wf>
         <wf lemma="país" pos="X">país</wf>
         <instance id="d000.s942.t000" lemma="adoptivo" pos="ADJ">adoptivo</instance>
         <wf lemma="." pos="X">.</wf>
      </sentence>
      <sentence id="d000.s943" source="wordnet-galician">
         <wf lemma="era" pos="X">era</wf>
         <wf lemma="bondadoso" pos="X">bondadoso</wf>
         <wf lemma="," pos="X">,</wf>
         <wf lemma="sensible" pos="X">sensible</wf>
         <wf lemma="e" pos="X">e</wf>
         <instance id="d000.s943.t000" lemma="imperturbable" pos="ADJ">imperturbable</instance>
         <wf lemma="." pos="X">.</wf>
      </sentence>
      <sentence id="d000.s944" source="wordnet-galician">
         <wf lemma="combustión" pos="X">combustión</wf>
         <instance id="d000.s944.t000" lemma="espontáneo" pos="ADJ">espontánea</instance>
         <wf lemma="." pos="X">.</wf>
      </sentence>
      <sentence id="d000.s945" source="wordnet-galician">
         <wf lemma="un" pos="X">un</wf>
         <wf lemma="home" pos="X">home</wf>
         <instance id="d000.s945.t000" lemma="pequeno" pos="ADJ">pequeno</instance>
         <wf lemma="." pos="X">.</wf>
      </sentence>
      <sentence id="d000.s946" source="wordnet-galician">
         <wf lemma="sentíase" pos="X">sentíase</wf>
         <instance id="d000.s946.t000" lemma="eufórico" pos="ADJ">eufórico</instance>
         <wf lemma="e" pos="X">e</wf>
         <wf lemma="animado" pos="X">animado</wf>
         <wf lemma="." pos="X">.</wf>
      </sentence>
      <sentence id="d000.s947" source="wordnet-galician">
         <wf lemma="propuxo" pos="X">propuxo</wf>
         <instance id="d000.s947.t000" lemma="distinto" pos="ADJ">distintas</instance>
         <wf lemma="formas" pos="X">formas</wf>
         <wf lemma="para" pos="X">para</wf>
         <wf lemma="resolver" pos="X">resolver</wf>
         <wf lemma="o" pos="X">o</wf>
         <wf lemma="problema" pos="X">problema</wf>
         <wf lemma="." pos="X">.</wf>
      </sentence>
      <sentence id="d000.s948" source="wordnet-galician">
         <wf lemma="os" pos="X">os</wf>
         <wf lemma="días" pos="X">días</wf>
         <wf lemma="eran" pos="X">eran</wf>
         <wf lemma="fermosos" pos="X">fermosos</wf>
         <wf lemma="e" pos="X">e</wf>
         <wf lemma="os" pos="X">os</wf>
         <wf lemma="ventos" pos="X">ventos</wf>
         <wf lemma="foron" pos="X">foron</wf>
         <instance id="d000.s948.t000" lemma="favorable" pos="ADJ">favorables</instance>
         <wf lemma="." pos="X">.</wf>
      </sentence>
      <sentence id="d000.s949" source="wordnet-galician">
         <wf lemma="a" pos="X">a</wf>
         <wf lemma="miña" pos="X">miña</wf>
         <wf lemma="experiencia" pos="X">experiencia</wf>
         <wf lemma="..." pos="X">...</wf>
         <wf lemma="noutros" pos="X">noutros</wf>
         <wf lemma="campos" pos="X">campos</wf>
         <wf lemma="da" pos="X">da</wf>
         <wf lemma="lei" pos="X">lei</wf>
         <wf lemma="fíxome" pos="X">fíxome</wf>
         <instance id="d000.s949.t000" lemma="desconfiado" pos="ADJ">desconfiado</instance>
         <wf lemma="en" pos="X">en</wf>
         <wf lemma="relación" pos="X">relación</wf>
         <wf lemma="ás" pos="X">ás</wf>
         <wf lemma="regras" pos="X">regras</wf>
         <wf lemma="básicas" pos="X">básicas</wf>
         <wf lemma="xerais" pos="X">xerais</wf>
         <wf lemma="(" pos="X">(</wf>
         <wf lemma="B." pos="X">B.</wf>
         <wf lemma="N." pos="X">N.</wf>
         <wf lemma="Cardozo" pos="X">Cardozo</wf>
         <wf lemma=")" pos="X">)</wf>
         <wf lemma="." pos="X">.</wf>
      </sentence>
      <sentence id="d000.s950" source="wordnet-galician">
         <wf lemma="un" pos="X">un</wf>
         <wf lemma="sinal" pos="X">sinal</wf>
         <wf lemma="de" pos="X">de</wf>
         <wf lemma="radio" pos="X">radio</wf>
         <instance id="d000.s950.t000" lemma="forte" pos="ADJ">forte</instance>
         <wf lemma="." pos="X">.</wf>
      </sentence>
      <sentence id="d000.s951" source="wordnet-galician">
         <wf lemma="a" pos="X">a</wf>
         <wf lemma="tarefa" pos="X">tarefa</wf>
         <wf lemma="era" pos="X">era</wf>
         <instance id="d000.s951.t000" lemma="incompatible" pos="ADJ">incompatible</instance>
         <wf lemma="cunha" pos="X">cunha</wf>
         <wf lemma="sensibilidade" pos="X">sensibilidade</wf>
         <wf lemma="aos" pos="X">aos</wf>
         <wf lemma="rexeitamentos" pos="X">rexeitamentos</wf>
         <wf lemma="." pos="X">.</wf>
      </sentence>
      <sentence id="d000.s952" source="wordnet-galician">
         <wf lemma="unha" pos="X">unha</wf>
         <wf lemma="posición" pos="X">posición</wf>
         <instance id="d000.s952.t000" lemma="central" pos="ADJ">central</instance>
         <wf lemma="." pos="X">.</wf>
      </sentence>
      <sentence id="d000.s953" source="wordnet-galician">
         <wf lemma="un" pos="X">un</wf>
         <wf lemma="mozo" pos="X">mozo</wf>
         <instance id="d000.s953.t000" lemma="emprendedor" pos="ADJ">emprendedor</instance>
         <wf lemma="pode" pos="X">pode</wf>
         <wf lemma="chegar" pos="X">chegar</wf>
         <wf lemma="lonxe" pos="X">lonxe</wf>
         <wf lemma="." pos="X">.</wf>
      </sentence>
      <sentence id="d000.s954" source="wordnet-galician">
         <wf lemma="ten" pos="X">ten</wf>
         <wf lemma="un" pos="X">un</wf>
         <wf lemma="monte" pos="X">monte</wf>
         <wf lemma="de" pos="X">de</wf>
         <wf lemma="agasallos" pos="X">agasallos</wf>
         <instance id="d000.s954.t000" lemma="desempaquetado" pos="ADJ">desempaquetados</instance>
         <wf lemma="." pos="X">.</wf>
      </sentence>
      <sentence id="d000.s955" source="wordnet-galician">
         <wf lemma="sénteste" pos="X">sénteste</wf>
         <instance id="d000.s955.t000" lemma="cómodo" pos="ADJ">cómodo</instance>
         <wf lemma="agora" pos="X">agora</wf>
         <wf lemma="?" pos="X">?</wf>
      </sentence>
      <sentence id="d000.s956" source="wordnet-galician">
         <wf lemma="o" pos="X">o</wf>
         <wf lemma="científico" pos="X">científico</wf>
         <wf lemma="contacta" pos="X">contacta</wf>
         <wf lemma="cos" pos="X">cos</wf>
         <wf lemma="compañeiros" pos="X">compañeiros</wf>
         <wf lemma="co" pos="X">co</wf>
         <wf lemma="fin" pos="X">fin</wf>
         <wf lemma="de" pos="X">de</wf>
         <wf lemma="aprender" pos="X">aprender</wf>
         <wf lemma="sobre" pos="X">sobre</wf>
         <wf lemma="temas" pos="X">temas</wf>
         <instance id="d000.s956.t000" lemma="relevante" pos="ADJ">relevantes</instance>
         <wf lemma="para" pos="X">para</wf>
         <wf lemma="a" pos="X">a</wf>
         <wf lemma="súa" pos="X">súa</wf>
         <wf lemma="propia" pos="X">propia</wf>
         <wf lemma="investigación" pos="X">investigación</wf>
         <wf lemma="." pos="X">.</wf>
      </sentence>
      <sentence id="d000.s957" source="wordnet-galician">
         <wf lemma="nesta" pos="X">nesta</wf>
         <wf lemma="sociedade" pos="X">sociedade</wf>
         <wf lemma="ben" pos="X">ben</wf>
         <wf lemma="educada" pos="X">educada</wf>
         <wf lemma="sentinme" pos="X">sentinme</wf>
         <wf lemma="inconfortablemente" pos="X">inconfortablemente</wf>
         <instance id="d000.s957.t000" lemma="provincial" pos="ADJ">provincial</instance>
         <wf lemma="." pos="X">.</wf>
      </sentence>
      <sentence id="d000.s958" source="wordnet-galician">
         <wf lemma="bomba" pos="X">bomba</wf>
         <instance id="d000.s958.t000" lemma="somerxible" pos="ADJ">somerxible</instance>
         <wf lemma="." pos="X">.</wf>
      </sentence>
      <sentence id="d000.s959" source="wordnet-galician">
         <wf lemma="esta" pos="X">esta</wf>
         <wf lemma="música" pos="X">música</wf>
         <wf lemma="parece" pos="X">parece</wf>
         <wf lemma="case" pos="X">case</wf>
         <instance id="d000.s959.t000" lemma="ininterpretable" pos="ADJ">ininterpretable</instance>
         <wf lemma="." pos="X">.</wf>
      </sentence>
      <sentence id="d000.s960" source="wordnet-galician">
         <wf lemma="unha" pos="X">unha</wf>
         <wf lemma="feminista" pos="X">feminista</wf>
         <instance id="d000.s960.t000" lemma="progresista" pos="ADJ">progresista</instance>
         <wf lemma="." pos="X">.</wf>
      </sentence>
      <sentence id="d000.s961" source="wordnet-galician">
         <wf lemma="sons" pos="X">sons</wf>
         <instance id="d000.s961.t000" lemma="vocálico" pos="ADJ">vocálicos</instance>
         <wf lemma="." pos="X">.</wf>
      </sentence>
      <sentence id="d000.s962" source="wordnet-galician">
         <wf lemma="unha" pos="X">unha</wf>
         <wf lemma="expansión" pos="X">expansión</wf>
         <instance id="d000.s962.t000" lemma="adiabático" pos="ADJ">adiabática</instance>
         <wf lemma="." pos="X">.</wf>
      </sentence>
      <sentence id="d000.s963" source="wordnet-galician">
         <wf lemma="admiraba" pos="X">admiraba</wf>
         <wf lemma="o" pos="X">o</wf>
         <wf lemma="seu" pos="X">seu</wf>
         <instance id="d000.s963.t000" lemma="pescozo" pos="NOUN">pescozo</instance>
         <wf lemma="longo" pos="X">longo</wf>
         <wf lemma="e" pos="X">e</wf>
         <wf lemma="elegante" pos="X">elegante</wf>
         <wf lemma="." pos="X">.</wf>
      </sentence>
      <sentence id="d000.s964" source="wordnet-galician">
         <wf lemma="a" pos="X">a</wf>
         <wf lemma="aprendizaxe" pos="X">aprendizaxe</wf>
         <instance id="d000.s964.t000" lemma="asociativo" pos="ADJ">asociativa</instance>
         <wf lemma="." pos="X">.</wf>
      </sentence>
      <sentence id="d000.s965" source="wordnet-galician">
         <wf lemma="un" pos="X">un</wf>
         <wf lemma="sistema" pos="X">sistema</wf>
         <instance id="d000.s965.t000" lemma="triclínico" pos="ADJ">triclínico</instance>
         <wf lemma="." pos="X">.</wf>
      </sentence>
      <sentence id="d000.s966" source="wordnet-galician">
         <wf lemma="un" pos="X">un</wf>
         <wf lemma="problema" pos="X">problema</wf>
         <instance id="d000.s966.t000" lemma="potencial" pos="ADJ">potencial</instance>
         <wf lemma="." pos="X">.</wf>
      </sentence>
      <sentence id="d000.s967" source="wordnet-galician">
         <wf lemma="o" pos="X">o</wf>
         <wf lemma="seu" pos="X">seu</wf>
         <wf lemma="rostro" pos="X">rostro</wf>
         <instance id="d000.s967.t000" lemma="engurrado" pos="ADJ">engurrado</instance>
         <wf lemma="iluminouse" pos="X">iluminouse</wf>
         <wf lemma="por" pos="X">por</wf>
         <wf lemma="un" pos="X">un</wf>
         <wf lemma="sorriso" pos="X">sorriso</wf>
         <wf lemma="tenro" pos="X">tenro</wf>
         <wf lemma="." pos="X">.</wf>
      </sentence>
      <sentence id="d000.s968" source="wordnet-galician">
         <wf lemma="falou" pos="X">falou</wf>
         <wf lemma="nun" pos="X">nun</wf>
         <wf lemma="murmurio" pos="X">murmurio</wf>
         <instance id="d000.s968.t000" lemma="audible" pos="ADJ">audible</instance>
         <wf lemma="." pos="X">.</wf>
      </sentence>
      <sentence id="d000.s969" source="wordnet-galician">
         <wf lemma="os" pos="X">os</wf>
         <wf lemma="nenos" pos="X">nenos</wf>
         <wf lemma="son" pos="X">son</wf>
         <wf lemma="criados" pos="X">criados</wf>
         <wf lemma="nun" pos="X">nun</wf>
         <wf lemma="ambiente" pos="X">ambiente</wf>
         <wf lemma="totalmente" pos="X">totalmente</wf>
         <instance id="d000.s969.t000" lemma="profano" pos="ADJ">profano</instance>
         <wf lemma="." pos="X">.</wf>
      </sentence>
      <sentence id="d000.s970" source="wordnet-galician">
         <wf lemma="o" pos="X">o</wf>
         <wf lemma="envío" pos="X">envío</wf>
         <wf lemma="de" pos="X">de</wf>
         <wf lemma="cartas" pos="X">cartas</wf>
         <instance id="d000.s970.t000" lemma="doente" pos="ADJ">doentes</instance>
         <wf lemma="para" pos="X">para</wf>
         <wf lemma="os" pos="X">os</wf>
         <wf lemma="xornais" pos="X">xornais</wf>
         <wf lemma="." pos="X">.</wf>
      </sentence>
      <sentence id="d000.s971" source="wordnet-galician">
         <wf lemma="o" pos="X">o</wf>
         <wf lemma="corredor" pos="X">corredor</wf>
         <wf lemma="quedou" pos="X">quedou</wf>
         <instance id="d000.s971.t000" lemma="seguro" pos="ADJ">seguro</instance>
         <wf lemma="cando" pos="X">cando</wf>
         <wf lemma="o" pos="X">o</wf>
         <wf lemma="base" pos="X">base</wf>
         <wf lemma="deixou" pos="X">deixou</wf>
         <wf lemma="caer" pos="X">caer</wf>
         <wf lemma="a" pos="X">a</wf>
         <wf lemma="pelota" pos="X">pelota</wf>
         <wf lemma="." pos="X">.</wf>
      </sentence>
      <sentence id="d000.s972" source="wordnet-galician">
         <wf lemma="creceron" pos="X">creceron</wf>
         <wf lemma="os" pos="X">os</wf>
         <wf lemma="legumes" pos="X">legumes</wf>
         <instance id="d000.s972.t000" lemma="habitual" pos="ADJ">habituais</instance>
         <wf lemma="." pos="X">.</wf>
      </sentence>
      <sentence id="d000.s973" source="wordnet-galician">
         <wf lemma="Limpou" pos="X">Limpou</wf>
         <wf lemma="o" pos="X">o</wf>
         <wf lemma="carmín" pos="X">carmín</wf>
         <wf lemma="da" pos="X">da</wf>
         <wf lemma="súa" pos="X">súa</wf>
         <instance id="d000.s973.t000" lemma="boca" pos="NOUN">boca</instance>
         <wf lemma="." pos="X">.</wf>
      </sentence>
      <sentence id="d000.s974" source="wordnet-galician">
         <wf lemma="mentiras" pos="X">mentiras</wf>
         <instance id="d000.s974.t000" lemma="inquieto" pos="ADJ">inquietas</instance>
         <wf lemma="a" pos="X">a</wf>
         <wf lemma="cabeza" pos="X">cabeza</wf>
         <wf lemma="que" pos="X">que</wf>
         <wf lemma="leva" pos="X">leva</wf>
         <wf lemma="a" pos="X">a</wf>
         <wf lemma="coroa" pos="X">coroa</wf>
         <wf lemma="." pos="X">.</wf>
      </sentence>
      <sentence id="d000.s975" source="wordnet-galician">
         <wf lemma="os" pos="X">os</wf>
         <wf lemma="servos" pos="X">servos</wf>
         <instance id="d000.s975.t000" lemma="submiso" pos="ADJ">submisos</instance>
         <wf lemma="." pos="X">.</wf>
      </sentence>
      <sentence id="d000.s976" source="wordnet-galician">
         <wf lemma="todos" pos="X">todos</wf>
         <wf lemma="os" pos="X">os</wf>
         <wf lemma="mamíferos" pos="X">mamíferos</wf>
         <wf lemma="," pos="X">,</wf>
         <wf lemma="agás" pos="X">agás</wf>
         <wf lemma="os" pos="X">os</wf>
         <wf lemma="monotremas" pos="X">monotremas</wf>
         <wf lemma="e" pos="X">e</wf>
         <wf lemma="os" pos="X">os</wf>
         <wf lemma="marsupiais" pos="X">marsupiais</wf>
         <wf lemma="," pos="X">,</wf>
         <wf lemma="son" pos="X">son</wf>
         <instance id="d000.s976.t000" lemma="placentario" pos="ADJ">placentarios</instance>
         <wf lemma="." pos="X">.</wf>
      </sentence>
      <sentence id="d000.s977" source="wordnet-galician">
         <wf lemma="un" pos="X">un</wf>
         <wf lemma="xeito" pos="X">xeito</wf>
         <instance id="d000.s977.t000" lemma="tranquilo" pos="ADJ">tranquilo</instance>
         <wf lemma="de" pos="X">de</wf>
         <wf lemma="bo" pos="X">bo</wf>
         <wf lemma="carácter" pos="X">carácter</wf>
         <wf lemma="." pos="X">.</wf>
      </sentence>
      <sentence id="d000.s978" source="wordnet-galician">
         <wf lemma="unha" pos="X">unha</wf>
         <wf lemma="visión" pos="X">visión</wf>
         <instance id="d000.s978.t000" lemma="cerebral" pos="ADJ">cerebral</instance>
         <wf lemma="para" pos="X">para</wf>
         <wf lemma="o" pos="X">o</wf>
         <wf lemma="problema" pos="X">problema</wf>
         <wf lemma="." pos="X">.</wf>
      </sentence>
      <sentence id="d000.s979" source="wordnet-galician">
         <wf lemma="unha" pos="X">unha</wf>
         <wf lemma="investigación" pos="X">investigación</wf>
         <instance id="d000.s979.t000" lemma="dilixente" pos="ADJ">dilixente</instance>
         <wf lemma="dos" pos="X">dos</wf>
         <wf lemma="ficheiros" pos="X">ficheiros</wf>
         <wf lemma="." pos="X">.</wf>
      </sentence>
      <sentence id="d000.s980" source="wordnet-galician">
         <wf lemma="comentario" pos="X">comentario</wf>
         <instance id="d000.s980.t000" lemma="sabio" pos="ADJ">sabio</instance>
         <wf lemma="e" pos="X">e</wf>
         <wf lemma="perspicaz" pos="X">perspicaz</wf>
         <wf lemma="." pos="X">.</wf>
      </sentence>
      <sentence id="d000.s981" source="wordnet-galician">
         <wf lemma="un" pos="X">un</wf>
         <wf lemma="ordenador" pos="X">ordenador</wf>
         <wf lemma="con" pos="X">con</wf>
         <wf lemma="moitas" pos="X">moitas</wf>
         <wf lemma="características" pos="X">características</wf>
         <instance id="d000.s981.t000" lemma="desexable" pos="ADJ">desexables</instance>
         <wf lemma="." pos="X">.</wf>
      </sentence>
      <sentence id="d000.s982" source="wordnet-galician">
         <wf lemma="o" pos="X">o</wf>
         <wf lemma="movemento" pos="X">movemento</wf>
         <instance id="d000.s982.t000" lemma="conxunto" pos="ADJ">conxunto</instance>
         <wf lemma="dunha" pos="X">dunha</wf>
         <wf lemma="escala" pos="X">escala</wf>
         <wf lemma="ascendente" pos="X">ascendente</wf>
         <wf lemma="." pos="X">.</wf>
      </sentence>
      <sentence id="d000.s983" source="wordnet-galician">
         <wf lemma="imaxes" pos="X">imaxes</wf>
         <instance id="d000.s983.t000" lemma="mental" pos="ADJ">mentais</instance>
         <wf lemma="de" pos="X">de</wf>
         <wf lemma="momentos" pos="X">momentos</wf>
         <wf lemma="felices" pos="X">felices</wf>
         <wf lemma="." pos="X">.</wf>
      </sentence>
      <sentence id="d000.s984" source="wordnet-galician">
         <wf lemma="as" pos="X">as</wf>
         <wf lemma="operacións" pos="X">operacións</wf>
         <instance id="d000.s984.t000" lemma="anfibio" pos="ADJ">anfibias</instance>
         <wf lemma="." pos="X">.</wf>
      </sentence>
      <sentence id="d000.s985" source="wordnet-galician">
         <wf lemma="o" pos="X">o</wf>
         <wf lemma="marido" pos="X">marido</wf>
         <wf lemma="foi" pos="X">foi</wf>
         <instance id="d000.s985.t000" lemma="infiel" pos="ADJ">infiel</instance>
         <wf lemma="." pos="X">.</wf>
      </sentence>
      <sentence id="d000.s986" source="wordnet-galician">
         <wf lemma="un" pos="X">un</wf>
         <wf lemma="cuarto" pos="X">cuarto</wf>
         <instance id="d000.s986.t000" lemma="alegre" pos="ADJ">alegre</instance>
         <wf lemma="." pos="X">.</wf>
      </sentence>
      <sentence id="d000.s987" source="wordnet-galician">
         <wf lemma="dúas" pos="X">dúas</wf>
         <wf lemma="nenas" pos="X">nenas</wf>
         <wf lemma="da" pos="X">da</wf>
         <instance id="d000.s987.t000" lemma="mesmo" pos="ADJ">mesma</instance>
         <wf lemma="idade" pos="X">idade</wf>
         <wf lemma="." pos="X">.</wf>
      </sentence>
      <sentence id="d000.s988" source="wordnet-galician">
         <wf lemma="a" pos="X">a</wf>
         <wf lemma="xente" pos="X">xente</wf>
         <instance id="d000.s988.t000" lemma="novo" pos="ADJ">nova</instance>
         <wf lemma="." pos="X">.</wf>
      </sentence>
      <sentence id="d000.s989" source="wordnet-galician">
         <wf lemma="unha" pos="X">unha</wf>
         <wf lemma="cuncha" pos="X">cuncha</wf>
         <wf lemma="do" pos="X">do</wf>
         <wf lemma="gastrópode" pos="X">gastrópode</wf>
         <instance id="d000.s989.t000" lemma="dextro" pos="ADJ">dextro</instance>
         <wf lemma="co" pos="X">co</wf>
         <wf lemma="vértice" pos="X">vértice</wf>
         <wf lemma="cara" pos="X">cara</wf>
         <wf lemma="arriba" pos="X">arriba</wf>
         <wf lemma="ten" pos="X">ten</wf>
         <wf lemma="a" pos="X">a</wf>
         <wf lemma="súa" pos="X">súa</wf>
         <wf lemma="apertura" pos="X">apertura</wf>
         <wf lemma="á" pos="X">á</wf>
         <wf lemma="dereita" pos="X">dereita</wf>
         <wf lemma="cando" pos="X">cando</wf>
         <wf lemma="está" pos="X">está</wf>
         <wf lemma="de" pos="X">de</wf>
         <wf lemma="fronte" pos="X">fronte</wf>
         <wf lemma="para" pos="X">para</wf>
         <wf lemma="o" pos="X">o</wf>
         <wf lemma="observador" pos="X">observador</wf>
         <wf lemma="." pos="X">.</wf>
      </sentence>
      <sentence id="d000.s990" source="wordnet-galician">
         <wf lemma="as" pos="X">as</wf>
         <wf lemma="práctica" pos="X">práctica</wf>
         <wf lemma="médicas" pos="X">médicas</wf>
         <instance id="d000.s990.t000" lemma="ético" pos="ADJ">éticas</instance>
         <wf lemma="." pos="X">.</wf>
      </sentence>
      <sentence id="d000.s991" source="wordnet-galician">
         <wf lemma="Manhattan" pos="X">Manhattan</wf>
         <wf lemma="é" pos="X">é</wf>
         <instance id="d000.s991.t000" lemma="céntrico" pos="ADJ">céntrico</instance>
         <wf lemma="." pos="X">.</wf>
      </sentence>
      <sentence id="d000.s992" source="wordnet-galician">
         <wf lemma="movéndose" pos="X">movéndose</wf>
         <wf lemma="con" pos="X">con</wf>
         <wf lemma="pasos" pos="X">pasos</wf>
         <instance id="d000.s992.t000" lemma="inseguro" pos="ADJ">inseguros</instance>
         <wf lemma="." pos="X">.</wf>
      </sentence>
      <sentence id="d000.s993" source="wordnet-galician">
         <wf lemma="a" pos="X">a</wf>
         <wf lemma="cláusula" pos="X">cláusula</wf>
         <wf lemma="principal" pos="X">principal</wf>
         <wf lemma="(" pos="X">(</wf>
         <wf lemma="ou" pos="X">ou</wf>
         <instance id="d000.s993.t000" lemma="independente" pos="ADJ">independente</instance>
         <wf lemma=")" pos="X">)</wf>
         <wf lemma="dentro" pos="X">dentro</wf>
         <wf lemma="dunha" pos="X">dunha</wf>
         <wf lemma="cláusula" pos="X">cláusula</wf>
         <wf lemma="complexa" pos="X">complexa</wf>
         <wf lemma="ten" pos="X">ten</wf>
         <wf lemma="polo" pos="X">polo</wf>
         <wf lemma="menos" pos="X">menos</wf>
         <wf lemma="un" pos="X">un</wf>
         <wf lemma="suxeito" pos="X">suxeito</wf>
         <wf lemma="e" pos="X">e</wf>
         <wf lemma="un" pos="X">un</wf>
         <wf lemma="verbo" pos="X">verbo</wf>
         <wf lemma="." pos="X">.</wf>
      </sentence>
      <sentence id="d000.s994" source="wordnet-galician">
         <wf lemma="esta" pos="X">esta</wf>
         <wf lemma="reunión" pos="X">reunión</wf>
         <wf lemma="foi" pos="X">foi</wf>
         <instance id="d000.s994.t000" lemma="distinto" pos="ADJ">distinta</instance>
         <wf lemma="da" pos="X">da</wf>
         <wf lemma="anterior" pos="X">anterior</wf>
         <wf lemma="." pos="X">.</wf>
      </sentence>
      <sentence id="d000.s995" source="wordnet-galician">
         <wf lemma="unha" pos="X">unha</wf>
         <wf lemma="decisión" pos="X">decisión</wf>
         <instance id="d000.s995.t000" lemma="positivo" pos="ADJ">positiva</instance>
         <wf lemma="." pos="X">.</wf>
      </sentence>
      <sentence id="d000.s996" source="wordnet-galician">
         <wf lemma="o" pos="X">o</wf>
         <wf lemma="seu" pos="X">seu</wf>
         <wf lemma="destino" pos="X">destino</wf>
         <wf lemma="aínda" pos="X">aínda</wf>
         <wf lemma="é" pos="X">é</wf>
         <instance id="d000.s996.t000" lemma="incerto" pos="ADJ">incerto</instance>
         <wf lemma="." pos="X">.</wf>
      </sentence>
      <sentence id="d000.s997" source="wordnet-galician">
         <wf lemma="defensas" pos="X">defensas</wf>
         <instance id="d000.s997.t000" lemma="penetrable" pos="ADJ">penetrables</instance>
         <wf lemma="." pos="X">.</wf>
      </sentence>
      <sentence id="d000.s998" source="wordnet-galician">
         <wf lemma="ela" pos="X">ela</wf>
         <wf lemma="practica" pos="X">practica</wf>
         <wf lemma="economía" pos="X">economía</wf>
         <wf lemma="sen" pos="X">sen</wf>
         <wf lemma="ser" pos="X">ser</wf>
         <instance id="d000.s998.t000" lemma="avaro" pos="ADJ">avara</instance>
         <wf lemma="." pos="X">.</wf>
      </sentence>
      <sentence id="d000.s999" source="wordnet-galician">
         <wf lemma="os" pos="X">os</wf>
         <wf lemma="festivos" pos="X">festivos</wf>
         <wf lemma="móbiles" pos="X">móbiles</wf>
         <wf lemma="no" pos="X">no</wf>
         <wf lemma="medio" pos="X">medio</wf>
         <wf lemma="da" pos="X">da</wf>
         <wf lemma="semana" pos="X">semana</wf>
         <wf lemma="para" pos="X">para</wf>
         <wf lemma="o" pos="X">o</wf>
         <wf lemma="luns" pos="X">luns</wf>
         <wf lemma="ou" pos="X">ou</wf>
         <wf lemma="venres" pos="X">venres</wf>
         <wf lemma="máis" pos="X">máis</wf>
         <wf lemma="próximo" pos="X">próximo</wf>
         <wf lemma="permiten" pos="X">permiten</wf>
         <wf lemma="semanas" pos="X">semanas</wf>
         <wf lemma="de" pos="X">de</wf>
         <wf lemma="traballo" pos="X">traballo</wf>
         <instance id="d000.s999.t000" lemma="ininterrompido" pos="ADJ">ininterrompido</instance>
         <wf lemma="." pos="X">.</wf>
      </sentence>
      <sentence id="d000.s1000" source="wordnet-galician">
         <wf lemma="afrontou" pos="X">afrontou</wf>
         <wf lemma="unha" pos="X">unha</wf>
         <wf lemma="morte" pos="X">morte</wf>
         <instance id="d000.s1000.t000" lemma="seguro" pos="ADJ">segura</instance>
         <wf lemma="." pos="X">.</wf>
      </sentence>
      <sentence id="d000.s1001" source="wordnet-galician">
         <wf lemma="animais" pos="X">animais</wf>
         <instance id="d000.s1001.t000" lemma="irracional" pos="ADJ">irracionais</instance>
         <wf lemma="." pos="X">.</wf>
      </sentence>
      <sentence id="d000.s1002" source="wordnet-galician">
         <wf lemma="no" pos="X">no</wf>
         <wf lemma="alto" pos="X">alto</wf>
         <wf lemma="do" pos="X">do</wf>
         <wf lemma="monte" pos="X">monte</wf>
         <wf lemma="había" pos="X">había</wf>
         <instance id="d000.s1002.t000" lemma="lume" pos="NOUN">lume</instance>
         <wf lemma="." pos="X">.</wf>
      </sentence>
      <sentence id="d000.s1003" source="wordnet-galician">
         <instance id="d000.s1003.t000" lemma="disolvente" pos="NOUN">disolvente</instance>
         <wf lemma="de" pos="X">de</wf>
         <wf lemma="ferruxe" pos="X">ferruxe</wf>
         <wf lemma="." pos="X">.</wf>
      </sentence>
      <sentence id="d000.s1004" source="wordnet-galician">
         <wf lemma="a" pos="X">a</wf>
         <wf lemma="mente" pos="X">mente</wf>
         <wf lemma="dun" pos="X">dun</wf>
         <wf lemma="fanático" pos="X">fanático</wf>
         <instance id="d000.s1004.t000" lemma="raro" pos="ADJ">raro</instance>
         <wf lemma="." pos="X">.</wf>
      </sentence>
      <sentence id="d000.s1005" source="wordnet-galician">
         <wf lemma="un" pos="X">un</wf>
         <wf lemma="abrigo" pos="X">abrigo</wf>
         <instance id="d000.s1005.t000" lemma="mellor" pos="ADJ">mellor</instance>
         <wf lemma="." pos="X">.</wf>
      </sentence>
      <sentence id="d000.s1006" source="wordnet-galician">
         <wf lemma="comportamento" pos="X">comportamento</wf>
         <instance id="d000.s1006.t000" lemma="territorial" pos="ADJ">territorial</instance>
         <wf lemma="." pos="X">.</wf>
      </sentence>
      <sentence id="d000.s1007" source="wordnet-galician">
         <wf lemma="recollen" pos="X">recollen</wf>
         <wf lemma="os" pos="X">os</wf>
         <instance id="d000.s1007.t000" lemma="residuo" pos="NOUN">residuos</instance>
         <wf lemma="unha" pos="X">unha</wf>
         <wf lemma="vez" pos="X">vez</wf>
         <wf lemma="por" pos="X">por</wf>
         <wf lemma="semana" pos="X">semana</wf>
         <wf lemma="." pos="X">.</wf>
      </sentence>
      <sentence id="d000.s1008" source="wordnet-galician">
         <wf lemma="un" pos="X">un</wf>
         <wf lemma="autor" pos="X">autor</wf>
         <wf lemma="de" pos="X">de</wf>
         <wf lemma="novelas" pos="X">novelas</wf>
         <wf lemma="melodramáticas" pos="X">melodramáticas</wf>
         <wf lemma="aínda" pos="X">aínda</wf>
         <wf lemma="moi" pos="X">moi</wf>
         <instance id="d000.s1008.t000" lemma="familiar" pos="ADJ">familiares</instance>
         <wf lemma="para" pos="X">para</wf>
         <wf lemma="o" pos="X">o</wf>
         <wf lemma="seu" pos="X">seu</wf>
         <wf lemma="gusto" pos="X">gusto</wf>
         <wf lemma="." pos="X">.</wf>
      </sentence>
      <sentence id="d000.s1009" source="wordnet-galician">
         <wf lemma="danza" pos="X">danza</wf>
         <instance id="d000.s1009.t000" lemma="aeróbico" pos="ADJ">aeróbica</instance>
         <wf lemma="." pos="X">.</wf>
      </sentence>
      <sentence id="d000.s1010" source="wordnet-galician">
         <wf lemma="o" pos="X">o</wf>
         <wf lemma="rezo" pos="X">rezo</wf>
         <wf lemma="dun" pos="X">dun</wf>
         <wf lemma="home" pos="X">home</wf>
         <instance id="d000.s1010.t000" lemma="xusto" pos="ADJ">xusto</instance>
         <wf lemma="ten" pos="X">ten</wf>
         <wf lemma="moito" pos="X">moito</wf>
         <wf lemma="valor" pos="X">valor</wf>
         <wf lemma="(" pos="X">(</wf>
         <wf lemma="James_5:16" pos="X">James_5:16</wf>
         <wf lemma=")" pos="X">)</wf>
         <wf lemma="." pos="X">.</wf>
      </sentence>
      <sentence id="d000.s1011" source="wordnet-galician">
         <wf lemma="vivenda" pos="X">vivenda</wf>
         <instance id="d000.s1011.t000" lemma="temporal" pos="ADJ">temporal</instance>
         <wf lemma="." pos="X">.</wf>
      </sentence>
      <sentence id="d000.s1012" source="wordnet-galician">
         <wf lemma="a" pos="X">a</wf>
         <wf lemma="sentenza" pos="X">sentenza</wf>
         <wf lemma="de" pos="X">de</wf>
         <wf lemma="morte" pos="X">morte</wf>
         <wf lemma="foi" pos="X">foi</wf>
         <instance id="d000.s1012.t000" lemma="conmutable" pos="ADJ">conmutable</instance>
         <wf lemma="por" pos="X">por</wf>
         <wf lemma="cadea" pos="X">cadea</wf>
         <wf lemma="perpetua" pos="X">perpetua</wf>
         <wf lemma="." pos="X">.</wf>
      </sentence>
      <sentence id="d000.s1013" source="wordnet-galician">
         <instance id="d000.s1013.t000" lemma="incapaz" pos="ADJ">incapaz</instance>
         <wf lemma="de" pos="X">de</wf>
         <wf lemma="seguir" pos="X">seguir</wf>
         <wf lemma="unha" pos="X">unha</wf>
         <wf lemma="melodía" pos="X">melodía</wf>
         <wf lemma="." pos="X">.</wf>
      </sentence>
      <sentence id="d000.s1014" source="wordnet-galician">
         <wf lemma="o" pos="X">o</wf>
         <wf lemma="seu" pos="X">seu</wf>
         <wf lemma="despacho" pos="X">despacho</wf>
         <wf lemma="era" pos="X">era</wf>
         <instance id="d000.s1014.t000" lemma="modesto" pos="ADJ">modesto</instance>
         <wf lemma="." pos="X">.</wf>
      </sentence>
      <sentence id="d000.s1015" source="wordnet-galician">
         <wf lemma="fileiras" pos="X">fileiras</wf>
         <instance id="d000.s1015.t000" lemma="aberto" pos="ADJ">abertas</instance>
         <wf lemma="." pos="X">.</wf>
      </sentence>
      <sentence id="d000.s1016" source="wordnet-galician">
         <wf lemma="os" pos="X">os</wf>
         <wf lemma="crisantemos" pos="X">crisantemos</wf>
         <instance id="d000.s1016.t000" lemma="simple" pos="ADJ">simples</instance>
         <wf lemma="semellan" pos="X">semellan</wf>
         <wf lemma="margaridas" pos="X">margaridas</wf>
         <wf lemma="e" pos="X">e</wf>
         <wf lemma="poden" pos="X">poden</wf>
         <wf lemma="ter" pos="X">ter</wf>
         <wf lemma="máis" pos="X">máis</wf>
         <wf lemma="dunha" pos="X">dunha</wf>
         <wf lemma="fileira" pos="X">fileira</wf>
         <wf lemma="de" pos="X">de</wf>
         <wf lemma="pétalos" pos="X">pétalos</wf>
         <wf lemma="." pos="X">.</wf>
      </sentence>
      <sentence id="d000.s1017" source="wordnet-galician">
         <wf lemma="unha" pos="X">unha</wf>
         <wf lemma="regra" pos="X">regra</wf>
         <wf lemma="de" pos="X">de</wf>
         <wf lemma="medición" pos="X">medición</wf>
         <instance id="d000.s1017.t000" lemma="extensible" pos="ADJ">extensible</instance>
         <wf lemma="." pos="X">.</wf>
      </sentence>
      <sentence id="d000.s1018" source="wordnet-galician">
         <wf lemma="un" pos="X">un</wf>
         <wf lemma="apertón" pos="X">apertón</wf>
         <wf lemma="de" pos="X">de</wf>
         <wf lemma="mans" pos="X">mans</wf>
         <instance id="d000.s1018.t000" lemma="laxo" pos="ADJ">laxo</instance>
         <wf lemma="." pos="X">.</wf>
      </sentence>
      <sentence id="d000.s1019" source="wordnet-galician">
         <wf lemma="un" pos="X">un</wf>
         <wf lemma="tratado" pos="X">tratado</wf>
         <instance id="d000.s1019.t000" lemma="académico" pos="ADJ">académico</instance>
         <wf lemma="." pos="X">.</wf>
      </sentence>
      <sentence id="d000.s1020" source="wordnet-galician">
         <wf lemma="un" pos="X">un</wf>
         <wf lemma="vestido" pos="X">vestido</wf>
         <instance id="d000.s1020.t000" lemma="desfavorecedor" pos="ADJ">desfavorecedor</instance>
         <wf lemma="." pos="X">.</wf>
      </sentence>
      <sentence id="d000.s1021" source="wordnet-galician">
         <wf lemma="unha" pos="X">unha</wf>
         <wf lemma="lei" pos="X">lei</wf>
         <instance id="d000.s1021.t000" lemma="inoperante" pos="ADJ">inoperante</instance>
         <wf lemma="." pos="X">.</wf>
      </sentence>
      <sentence id="d000.s1022" source="wordnet-galician">
         <wf lemma="de" pos="X">de</wf>
         <wf lemma="interese" pos="X">interese</wf>
         <instance id="d000.s1022.t000" lemma="nacional" pos="ADJ">nacional</instance>
         <wf lemma="." pos="X">.</wf>
      </sentence>
      <sentence id="d000.s1023" source="wordnet-galician">
         <wf lemma="chegou" pos="X">chegou</wf>
         <wf lemma="no" pos="X">no</wf>
         <wf lemma="momento" pos="X">momento</wf>
         <instance id="d000.s1023.t000" lemma="exacto" pos="ADJ">exacto</instance>
         <wf lemma="." pos="X">.</wf>
      </sentence>
      <sentence id="d000.s1024" source="wordnet-galician">
         <wf lemma="comportamento" pos="X">comportamento</wf>
         <wf lemma="maduro" pos="X">maduro</wf>
         <wf lemma="e" pos="X">e</wf>
         <instance id="d000.s1024.t000" lemma="social" pos="ADJ">social</instance>
         <wf lemma="." pos="X">.</wf>
      </sentence>
      <sentence id="d000.s1025" source="wordnet-galician">
         <wf lemma="os" pos="X">os</wf>
         <wf lemma="obxectos" pos="X">obxectos</wf>
         <wf lemma="comúns" pos="X">comúns</wf>
         <instance id="d000.s1025.t000" lemma="familiar" pos="ADJ">familiares</instance>
         <wf lemma="atopados" pos="X">atopados</wf>
         <wf lemma="en" pos="X">en</wf>
         <wf lemma="cada" pos="X">cada</wf>
         <wf lemma="casa" pos="X">casa</wf>
         <wf lemma="." pos="X">.</wf>
      </sentence>
      <sentence id="d000.s1026" source="wordnet-galician">
         <wf lemma="cidade" pos="X">cidade</wf>
         <instance id="d000.s1026.t000" lemma="rico" pos="ADJ">rica</instance>
         <wf lemma="en" pos="X">en</wf>
         <wf lemma="interese" pos="X">interese</wf>
         <wf lemma="cultural" pos="X">cultural</wf>
         <wf lemma="." pos="X">.</wf>
      </sentence>
      <sentence id="d000.s1027" source="wordnet-galician">
         <wf lemma="aves" pos="X">aves</wf>
         <wf lemma="fortemente" pos="X">fortemente</wf>
         <instance id="d000.s1027.t000" lemma="territorial" pos="ADJ">territoriais</instance>
         <wf lemma="." pos="X">.</wf>
      </sentence>
      <sentence id="d000.s1028" source="wordnet-galician">
         <wf lemma="unha" pos="X">unha</wf>
         <wf lemma="orde" pos="X">orde</wf>
         <instance id="d000.s1028.t000" lemma="revogable" pos="ADJ">revogable</instance>
         <wf lemma="." pos="X">.</wf>
      </sentence>
      <sentence id="d000.s1029" source="wordnet-galician">
         <wf lemma="o" pos="X">o</wf>
         <wf lemma="vidro" pos="X">vidro</wf>
         <instance id="d000.s1029.t000" lemma="destrutible" pos="ADJ">destrutible</instance>
         <wf lemma="." pos="X">.</wf>
      </sentence>
      <sentence id="d000.s1030" source="wordnet-galician">
         <wf lemma="prezos" pos="X">prezos</wf>
         <wf lemma="tan" pos="X">tan</wf>
         <wf lemma="altos" pos="X">altos</wf>
         <wf lemma="que" pos="X">que</wf>
         <wf lemma="acadan" pos="X">acadan</wf>
         <wf lemma="niveis" pos="X">niveis</wf>
         <instance id="d000.s1030.t000" lemma="irreal" pos="ADJ">irreais</instance>
         <wf lemma="." pos="X">.</wf>
      </sentence>
      <sentence id="d000.s1031" source="wordnet-galician">
         <wf lemma="boa" pos="X">boa</wf>
         <wf lemma="parte" pos="X">parte</wf>
         <wf lemma="do" pos="X">do</wf>
         <wf lemma="caviar" pos="X">caviar</wf>
         <wf lemma="de" pos="X">de</wf>
         <wf lemma="beluga" pos="X">beluga</wf>
         <instance id="d000.s1031.t000" lemma="existente" pos="ADJ">existente</instance>
         <wf lemma="no" pos="X">no</wf>
         <wf lemma="mundo" pos="X">mundo</wf>
         <wf lemma="atópase" pos="X">atópase</wf>
         <wf lemma="na" pos="X">na</wf>
         <wf lemma="Unión" pos="X">Unión</wf>
         <wf lemma="Soviética" pos="X">Soviética</wf>
         <wf lemma="e" pos="X">e</wf>
         <wf lemma="Irán" pos="X">Irán</wf>
         <wf lemma="." pos="X">.</wf>
      </sentence>
      <sentence id="d000.s1032" source="wordnet-galician">
         <wf lemma="bendito" pos="X">bendito</wf>
         <wf lemma="cunha" pos="X">cunha</wf>
         <wf lemma="terra" pos="X">terra</wf>
         <instance id="d000.s1032.t000" lemma="rico" pos="ADJ">rica</instance>
         <wf lemma="en" pos="X">en</wf>
         <wf lemma="sales" pos="X">sales</wf>
         <wf lemma="minerais" pos="X">minerais</wf>
         <wf lemma="." pos="X">.</wf>
      </sentence>
      <sentence id="d000.s1033" source="wordnet-galician">
         <wf lemma="só" pos="X">só</wf>
         <wf lemma="diferenzas" pos="X">diferenzas</wf>
         <instance id="d000.s1033.t000" lemma="superficial" pos="ADJ">superficiais</instance>
         <wf lemma="." pos="X">.</wf>
      </sentence>
      <sentence id="d000.s1034" source="wordnet-galician">
         <wf lemma="as" pos="X">as</wf>
         <instance id="d000.s1034.t000" lemma="vertedura" pos="NOUN">verteduras</instance>
         <wf lemma="do" pos="X">do</wf>
         <wf lemma="Prestige" pos="X">Prestige</wf>
         <wf lemma="foron" pos="X">foron</wf>
         <wf lemma="moi" pos="X">moi</wf>
         <wf lemma="daniñas" pos="X">daniñas</wf>
         <wf lemma="." pos="X">.</wf>
      </sentence>
      <sentence id="d000.s1035" source="wordnet-galician">
         <wf lemma="libre" pos="X">libre</wf>
         <wf lemma="de" pos="X">de</wf>
         <wf lemma="defectos" pos="X">defectos</wf>
         <instance id="d000.s1035.t000" lemma="mental" pos="ADJ">mentais</instance>
         <wf lemma="." pos="X">.</wf>
      </sentence>
      <sentence id="d000.s1036" source="wordnet-galician">
         <wf lemma="linguaxe" pos="X">linguaxe</wf>
         <instance id="d000.s1036.t000" lemma="colorido" pos="ADJ">colorida</instance>
         <wf lemma="." pos="X">.</wf>
      </sentence>
      <sentence id="d000.s1037" source="wordnet-galician">
         <wf lemma="vermes" pos="X">vermes</wf>
         <instance id="d000.s1037.t000" lemma="entozoico" pos="ADJ">entozoicos</instance>
         <wf lemma="." pos="X">.</wf>
      </sentence>
      <sentence id="d000.s1038" source="wordnet-galician">
         <wf lemma="unha" pos="X">unha</wf>
         <wf lemma="sala" pos="X">sala</wf>
         <wf lemma="iluminada" pos="X">iluminada</wf>
         <wf lemma="polo" pos="X">polo</wf>
         <wf lemma="sol" pos="X">sol</wf>
         <instance id="d000.s1038.t000" lemma="brillante" pos="ADJ">brillante</instance>
         <wf lemma="." pos="X">.</wf>
      </sentence>
      <sentence id="d000.s1039" source="wordnet-galician">
         <wf lemma="unha" pos="X">unha</wf>
         <wf lemma="pasaxe" pos="X">pasaxe</wf>
         <instance id="d000.s1039.t000" lemma="descritivo" pos="ADJ">descritiva</instance>
         <wf lemma="." pos="X">.</wf>
      </sentence>
      <sentence id="d000.s1040" source="wordnet-galician">
         <wf lemma="motivacións" pos="X">motivacións</wf>
         <instance id="d000.s1040.t000" lemma="cuestionable" pos="ADJ">cuestionables</instance>
         <wf lemma="." pos="X">.</wf>
      </sentence>
      <sentence id="d000.s1041" source="wordnet-galician">
         <wf lemma="a" pos="X">a</wf>
         <wf lemma="perspectiva" pos="X">perspectiva</wf>
         <wf lemma="económica" pos="X">económica</wf>
         <wf lemma="é" pos="X">é</wf>
         <instance id="d000.s1041.t000" lemma="deprimente" pos="ADJ">deprimente</instance>
         <wf lemma="." pos="X">.</wf>
      </sentence>
      <sentence id="d000.s1042" source="wordnet-galician">
         <wf lemma="unha" pos="X">unha</wf>
         <wf lemma="visita" pos="X">visita</wf>
         <instance id="d000.s1042.t000" lemma="conciliador" pos="ADJ">conciliadora</instance>
         <wf lemma="." pos="X">.</wf>
      </sentence>
      <sentence id="d000.s1043" source="wordnet-galician">
         <wf lemma="os" pos="X">os</wf>
         <wf lemma="raios" pos="X">raios</wf>
         <instance id="d000.s1043.t000" lemma="oblicuo" pos="ADJ">oblicuos</instance>
         <wf lemma="do" pos="X">do</wf>
         <wf lemma="sol" pos="X">sol</wf>
         <wf lemma="do" pos="X">do</wf>
         <wf lemma="inverno" pos="X">inverno</wf>
         <wf lemma="." pos="X">.</wf>
      </sentence>
      <sentence id="d000.s1044" source="wordnet-galician">
         <wf lemma="unha" pos="X">unha</wf>
         <wf lemma="memoria" pos="X">memoria</wf>
         <instance id="d000.s1044.t000" lemma="infalible" pos="ADJ">infalible</instance>
         <wf lemma="." pos="X">.</wf>
      </sentence>
      <sentence id="d000.s1045" source="wordnet-galician">
         <wf lemma="un" pos="X">un</wf>
         <wf lemma="amante" pos="X">amante</wf>
         <instance id="d000.s1045.t000" lemma="tímido" pos="ADJ">tímido</instance>
         <wf lemma="." pos="X">.</wf>
      </sentence>
      <sentence id="d000.s1046" source="wordnet-galician">
         <wf lemma="placentación" pos="X">placentación</wf>
         <instance id="d000.s1046.t000" lemma="basal" pos="ADJ">basal</instance>
         <wf lemma="." pos="X">.</wf>
      </sentence>
      <sentence id="d000.s1047" source="wordnet-galician">
         <wf lemma="unha" pos="X">unha</wf>
         <wf lemma="secuencia" pos="X">secuencia</wf>
         <instance id="d000.s1047.t000" lemma="ordenado" pos="ADJ">ordenada</instance>
         <wf lemma="." pos="X">.</wf>
      </sentence>
      <sentence id="d000.s1048" source="wordnet-galician">
         <wf lemma="regras" pos="X">regras</wf>
         <wf lemma="con" pos="X">con</wf>
         <wf lemma="aplicación" pos="X">aplicación</wf>
         <instance id="d000.s1048.t000" lemma="específico" pos="ADJ">específica</instance>
         <wf lemma="." pos="X">.</wf>
      </sentence>
      <sentence id="d000.s1049" source="wordnet-galician">
         <wf lemma="discutiron" pos="X">discutiron</wf>
         <wf lemma="se" pos="X">se</wf>
         <wf lemma="Adán" pos="X">Adán</wf>
         <wf lemma="tiña" pos="X">tiña</wf>
         <wf lemma="ou" pos="X">ou</wf>
         <wf lemma="non" pos="X">non</wf>
         <instance id="d000.s1049.t000" lemma="embigo" pos="NOUN">embigo</instance>
         <wf lemma="." pos="X">.</wf>
      </sentence>
      <sentence id="d000.s1050" source="wordnet-galician">
         <wf lemma="un" pos="X">un</wf>
         <wf lemma="aumento" pos="X">aumento</wf>
         <instance id="d000.s1050.t000" lemma="gradual" pos="ADJ">gradual</instance>
         <wf lemma="dos" pos="X">dos</wf>
         <wf lemma="prezos" pos="X">prezos</wf>
         <wf lemma="." pos="X">.</wf>
      </sentence>
      <sentence id="d000.s1051" source="wordnet-galician">
         <wf lemma="o" pos="X">o</wf>
         <wf lemma="pensamento" pos="X">pensamento</wf>
         <instance id="d000.s1051.t000" lemma="cómodo" pos="ADJ">cómodo</instance>
         <wf lemma="de" pos="X">de</wf>
         <wf lemma="que" pos="X">que</wf>
         <wf lemma="nada" pos="X">nada</wf>
         <wf lemma="podería" pos="X">podería</wf>
         <wf lemma="dar" pos="X">dar</wf>
         <wf lemma="mal." pos="X">mal.</wf>
      </sentence>
      <sentence id="d000.s1052" source="wordnet-galician">
         <wf lemma="saltou" pos="X">saltou</wf>
         <wf lemma="cunha" pos="X">cunha</wf>
         <wf lemma="axilidade" pos="X">axilidade</wf>
         <instance id="d000.s1052.t000" lemma="sorprendente" pos="ADJ">sorprendente</instance>
         <wf lemma="." pos="X">.</wf>
      </sentence>
      <sentence id="d000.s1053" source="wordnet-galician">
         <wf lemma="unha" pos="X">unha</wf>
         <wf lemma="base" pos="X">base</wf>
         <instance id="d000.s1053.t000" lemma="seguro" pos="ADJ">segura</instance>
         <wf lemma="." pos="X">.</wf>
      </sentence>
      <sentence id="d000.s1054" source="wordnet-galician">
         <wf lemma="caliza" pos="X">caliza</wf>
         <instance id="d000.s1054.t000" lemma="areoso" pos="ADJ">areosa</instance>
         <wf lemma="." pos="X">.</wf>
      </sentence>
      <sentence id="d000.s1055" source="wordnet-galician">
         <wf lemma="unha" pos="X">unha</wf>
         <wf lemma="festa" pos="X">festa</wf>
         <instance id="d000.s1055.t000" lemma="animado" pos="ADJ">animada</instance>
         <wf lemma="." pos="X">.</wf>
      </sentence>
      <sentence id="d000.s1056" source="wordnet-galician">
         <wf lemma="os" pos="X">os</wf>
         <wf lemma="revestimentos" pos="X">revestimentos</wf>
         <instance id="d000.s1056.t000" lemma="protector" pos="ADJ">protectores</instance>
         <wf lemma="." pos="X">.</wf>
      </sentence>
      <sentence id="d000.s1057" source="wordnet-galician">
         <wf lemma="a" pos="X">a</wf>
         <wf lemma="exuberancia" pos="X">exuberancia</wf>
         <wf lemma="relativamente" pos="X">relativamente</wf>
         <instance id="d000.s1057.t000" lemma="saudable" pos="ADJ">saudable</instance>
         <wf lemma="de" pos="X">de</wf>
         <wf lemma="Dicken" pos="X">Dicken</wf>
         <wf lemma="." pos="X">.</wf>
      </sentence>
      <sentence id="d000.s1058" source="wordnet-galician">
         <wf lemma="un" pos="X">un</wf>
         <wf lemma="interese" pos="X">interese</wf>
         <instance id="d000.s1058.t000" lemma="anormal" pos="ADJ">anormal</instance>
         <wf lemma="pola" pos="X">pola</wf>
         <wf lemma="comida" pos="X">comida</wf>
         <wf lemma="." pos="X">.</wf>
      </sentence>
      <sentence id="d000.s1059" source="wordnet-galician">
         <instance id="d000.s1059.t000" lemma="adicto" pos="ADJ">adicto</instance>
         <wf lemma="á" pos="X">á</wf>
         <wf lemma="cocaína" pos="X">cocaína</wf>
         <wf lemma="." pos="X">.</wf>
      </sentence>
      <sentence id="d000.s1060" source="wordnet-galician">
         <wf lemma="o" pos="X">o</wf>
         <wf lemma="goberno" pos="X">goberno</wf>
         <instance id="d000.s1060.t000" lemma="constitucional" pos="ADJ">constitucional</instance>
         <wf lemma="." pos="X">.</wf>
      </sentence>
      <sentence id="d000.s1061" source="wordnet-galician">
         <wf lemma="as" pos="X">as</wf>
         <wf lemma="realizacións" pos="X">realizacións</wf>
         <instance id="d000.s1061.t000" lemma="múltiple" pos="ADJ">múltiples</instance>
         <wf lemma="da" pos="X">da</wf>
         <wf lemma="vida" pos="X">vida</wf>
         <wf lemma="pública" pos="X">pública</wf>
         <wf lemma="." pos="X">.</wf>
      </sentence>
      <sentence id="d000.s1062" source="wordnet-galician">
         <wf lemma="permiso" pos="X">permiso</wf>
         <wf lemma="de" pos="X">de</wf>
         <wf lemma="conducir" pos="X">conducir</wf>
         <instance id="d000.s1062.t000" lemma="inválido" pos="ADJ">inválido</instance>
         <wf lemma="." pos="X">.</wf>
      </sentence>
      <sentence id="d000.s1063" source="wordnet-galician">
         <wf lemma="as" pos="X">as</wf>
         <instance id="d000.s1063.t000" lemma="forte" pos="ADJ">fortes</instance>
         <wf lemma="plantas" pos="X">plantas</wf>
         <wf lemma="dos" pos="X">dos</wf>
         <wf lemma="seus" pos="X">seus</wf>
         <wf lemma="pés" pos="X">pés</wf>
         <wf lemma="." pos="X">.</wf>
      </sentence>
      <sentence id="d000.s1064" source="wordnet-galician">
         <wf lemma="unha" pos="X">unha</wf>
         <wf lemma="escena" pos="X">escena</wf>
         <instance id="d000.s1064.t000" lemma="representable" pos="ADJ">representable</instance>
         <wf lemma="." pos="X">.</wf>
      </sentence>
      <sentence id="d000.s1065" source="wordnet-galician">
         <wf lemma="un" pos="X">un</wf>
         <wf lemma="problema" pos="X">problema</wf>
         <instance id="d000.s1065.t000" lemma="común" pos="ADJ">común</instance>
         <wf lemma="." pos="X">.</wf>
      </sentence>
      <sentence id="d000.s1066" source="wordnet-galician">
         <wf lemma="un" pos="X">un</wf>
         <instance id="d000.s1066.t000" lemma="mellor" pos="ADJ">mellor</instance>
         <wf lemma="tipo" pos="X">tipo</wf>
         <wf lemma="de" pos="X">de</wf>
         <wf lemma="coche" pos="X">coche</wf>
         <wf lemma="." pos="X">.</wf>
      </sentence>
      <sentence id="d000.s1067" source="wordnet-galician">
         <wf lemma="as" pos="X">as</wf>
         <wf lemma="aldeas" pos="X">aldeas</wf>
         <instance id="d000.s1067.t000" lemma="distante" pos="ADJ">distantes</instance>
         <wf lemma="." pos="X">.</wf>
      </sentence>
      <sentence id="d000.s1068" source="wordnet-galician">
         <wf lemma="sono" pos="X">sono</wf>
         <instance id="d000.s1068.t000" lemma="tranquilo" pos="ADJ">tranquilo</instance>
         <wf lemma="." pos="X">.</wf>
      </sentence>
      <sentence id="d000.s1069" source="wordnet-galician">
         <wf lemma="un" pos="X">un</wf>
         <wf lemma="executivo" pos="X">executivo</wf>
         <instance id="d000.s1069.t000" lemma="inaccesible" pos="ADJ">inaccesible</instance>
         <wf lemma="." pos="X">.</wf>
      </sentence>
      <sentence id="d000.s1070" source="wordnet-galician">
         <wf lemma="unha" pos="X">unha</wf>
         <wf lemma="casa" pos="X">casa</wf>
         <wf lemma="impecablemente" pos="X">impecablemente</wf>
         <instance id="d000.s1070.t000" lemma="limpo" pos="ADJ">limpa</instance>
         <wf lemma="." pos="X">.</wf>
      </sentence>
      <sentence id="d000.s1071" source="wordnet-galician">
         <wf lemma="constelacións" pos="X">constelacións</wf>
         <wf lemma="do" pos="X">do</wf>
         <instance id="d000.s1071.t000" lemma="sur" pos="ADJ">sur</instance>
         <wf lemma="." pos="X">.</wf>
      </sentence>
      <sentence id="d000.s1072" source="wordnet-galician">
         <wf lemma="a" pos="X">a</wf>
         <wf lemma="persoa" pos="X">persoa</wf>
         <wf lemma="do" pos="X">do</wf>
         <wf lemma="rei" pos="X">rei</wf>
         <wf lemma="é" pos="X">é</wf>
         <instance id="d000.s1072.t000" lemma="inviolable" pos="ADJ">inviolable</instance>
         <wf lemma="." pos="X">.</wf>
      </sentence>
      <sentence id="d000.s1073" source="wordnet-galician">
         <wf lemma="foi" pos="X">foi</wf>
         <wf lemma="misericordioso" pos="X">misericordioso</wf>
         <wf lemma="só" pos="X">só</wf>
         <wf lemma="cando" pos="X">cando</wf>
         <wf lemma="a" pos="X">a</wf>
         <wf lemma="misericordia" pos="X">misericordia</wf>
         <wf lemma="era" pos="X">era</wf>
         <instance id="d000.s1073.t000" lemma="conveniente" pos="ADJ">conveniente</instance>
         <wf lemma="." pos="X">.</wf>
      </sentence>
      <sentence id="d000.s1074" source="wordnet-galician">
         <wf lemma="na" pos="X">na</wf>
         <instance id="d000.s1074.t000" lemma="rexión" pos="NOUN">rexión</instance>
         <wf lemma="abdominal" pos="X">abdominal</wf>
         <wf lemma="." pos="X">.</wf>
      </sentence>
      <sentence id="d000.s1075" source="wordnet-galician">
         <wf lemma="un" pos="X">un</wf>
         <wf lemma="comportamento" pos="X">comportamento</wf>
         <instance id="d000.s1075.t000" lemma="permisíbel" pos="ADJ">permisíbel</instance>
         <wf lemma="na" pos="X">na</wf>
         <wf lemma="escola" pos="X">escola</wf>
         <wf lemma="." pos="X">.</wf>
      </sentence>
      <sentence id="d000.s1076" source="wordnet-galician">
         <wf lemma="adornos" pos="X">adornos</wf>
         <instance id="d000.s1076.t000" lemma="estándar" pos="ADJ">estándares</instance>
         <wf lemma="." pos="X">.</wf>
      </sentence>
      <sentence id="d000.s1077" source="wordnet-galician">
         <wf lemma="un" pos="X">un</wf>
         <wf lemma="parque" pos="X">parque</wf>
         <wf lemma="ben" pos="X">ben</wf>
         <instance id="d000.s1077.t000" lemma="equipado" pos="ADJ">equipado</instance>
         <wf lemma="." pos="X">.</wf>
      </sentence>
      <sentence id="d000.s1078" source="wordnet-galician">
         <instance id="d000.s1078.t000" lemma="amplo" pos="ADJ">ampla</instance>
         <wf lemma="marxe" pos="X">marxe</wf>
         <wf lemma="." pos="X">.</wf>
      </sentence>
      <sentence id="d000.s1079" source="wordnet-galician">
         <wf lemma="tarde" pos="X">tarde</wf>
         <instance id="d000.s1079.t000" lemma="tardío" pos="ADJ">tardía</instance>
         <wf lemma="." pos="X">.</wf>
      </sentence>
      <sentence id="d000.s1080" source="wordnet-galician">
         <wf lemma="o" pos="X">o</wf>
         <wf lemma="home" pos="X">home</wf>
         <instance id="d000.s1080.t000" lemma="común" pos="ADJ">común</instance>
         <wf lemma="." pos="X">.</wf>
      </sentence>
      <sentence id="d000.s1081" source="wordnet-galician">
         <wf lemma="a" pos="X">a</wf>
         <wf lemma="parte" pos="X">parte</wf>
         <instance id="d000.s1081.t000" lemma="dominante" pos="ADJ">dominante</instance>
         <wf lemma="do" pos="X">do</wf>
         <wf lemma="matrimonio" pos="X">matrimonio</wf>
         <wf lemma="." pos="X">.</wf>
      </sentence>
      <sentence id="d000.s1082" source="wordnet-galician">
         <wf lemma="ten" pos="X">ten</wf>
         <wf lemma="que" pos="X">que</wf>
         <wf lemma="ser" pos="X">ser</wf>
         <wf lemma="tan" pos="X">tan</wf>
         <instance id="d000.s1082.t000" lemma="indefinido" pos="ADJ">indefinido</instance>
         <wf lemma="?" pos="X">?</wf>
      </sentence>
      <sentence id="d000.s1083" source="wordnet-galician">
         <wf lemma="comportamento" pos="X">comportamento</wf>
         <instance id="d000.s1083.t000" lemma="racional" pos="ADJ">racional</instance>
         <wf lemma="." pos="X">.</wf>
      </sentence>
      <sentence id="d000.s1084" source="wordnet-galician">
         <wf lemma="o" pos="X">o</wf>
         <wf lemma="que" pos="X">que</wf>
         <wf lemma="dixo" pos="X">dixo</wf>
         <wf lemma="foi" pos="X">foi</wf>
         <wf lemma="divertido" pos="X">divertido</wf>
         <wf lemma="pero" pos="X">pero</wf>
         <instance id="d000.s1084.t000" lemma="irrepetible" pos="ADJ">irrepetible</instance>
         <wf lemma="." pos="X">.</wf>
      </sentence>
      <sentence id="d000.s1085" source="wordnet-galician">
         <wf lemma="bolsas" pos="X">bolsas</wf>
         <wf lemma="de" pos="X">de</wf>
         <wf lemma="plástico" pos="X">plástico</wf>
         <instance id="d000.s1085.t000" lemma="transparente" pos="ADJ">transparentes</instance>
         <wf lemma="." pos="X">.</wf>
      </sentence>
      <sentence id="d000.s1086" source="wordnet-galician">
         <wf lemma="mesmo" pos="X">mesmo</wf>
         <instance id="d000.s1086.t000" lemma="medroso" pos="ADJ">medroso</instance>
         <wf lemma="de" pos="X">de</wf>
         <wf lemma="virar" pos="X">virar</wf>
         <wf lemma="a" pos="X">a</wf>
         <wf lemma="cabeza" pos="X">cabeza</wf>
         <wf lemma="." pos="X">.</wf>
      </sentence>
      <sentence id="d000.s1087" source="wordnet-galician">
         <wf lemma="a" pos="X">a</wf>
         <wf lemma="caligrafía" pos="X">caligrafía</wf>
         <instance id="d000.s1087.t000" lemma="elegante" pos="ADJ">elegante</instance>
         <wf lemma="." pos="X">.</wf>
      </sentence>
      <sentence id="d000.s1088" source="wordnet-galician">
         <wf lemma="a" pos="X">a</wf>
         <wf lemma="moralidade" pos="X">moralidade</wf>
         <instance id="d000.s1088.t000" lemma="tradicional" pos="ADJ">tradicional</instance>
         <wf lemma="." pos="X">.</wf>
      </sentence>
      <sentence id="d000.s1089" source="wordnet-galician">
         <wf lemma="a" pos="X">a</wf>
         <wf lemma="xente" pos="X">xente</wf>
         <wf lemma="conservadora" pos="X">conservadora</wf>
         <wf lemma="non" pos="X">non</wf>
         <wf lemma="acostumada" pos="X">acostumada</wf>
         <wf lemma="a" pos="X">a</wf>
         <wf lemma="levar" pos="X">levar</wf>
         <wf lemma="vestido" pos="X">vestido</wf>
         <instance id="d000.s1089.t000" lemma="informal" pos="ADJ">informal</instance>
         <wf lemma="." pos="X">.</wf>
      </sentence>
      <sentence id="d000.s1090" source="wordnet-galician">
         <wf lemma="tres" pos="X">tres</wf>
         <wf lemma="metros" pos="X">metros</wf>
         <wf lemma="de" pos="X">de</wf>
         <instance id="d000.s1090.t000" lemma="ancho" pos="ADJ">ancho</instance>
         <wf lemma="." pos="X">.</wf>
      </sentence>
      <sentence id="d000.s1091" source="wordnet-galician">
         <wf lemma="comportamento" pos="X">comportamento</wf>
         <instance id="d000.s1091.t000" lemma="variable" pos="ADJ">variable</instance>
         <wf lemma="." pos="X">.</wf>
      </sentence>
      <sentence id="d000.s1092" source="wordnet-galician">
         <wf lemma="víbora" pos="X">víbora</wf>
         <instance id="d000.s1092.t000" lemma="cornudo" pos="ADJ">cornuda</instance>
         <wf lemma="." pos="X">.</wf>
      </sentence>
      <sentence id="d000.s1093" source="wordnet-galician">
         <wf lemma="os" pos="X">os</wf>
         <wf lemma="tecidos" pos="X">tecidos</wf>
         <wf lemma="pesados" pos="X">pesados</wf>
         <wf lemma="son" pos="X">son</wf>
         <instance id="d000.s1093.t000" lemma="útil" pos="ADJ">útiles</instance>
         <wf lemma="." pos="X">.</wf>
      </sentence>
      <sentence id="d000.s1094" source="wordnet-galician">
         <wf lemma="un" pos="X">un</wf>
         <wf lemma="termo" pos="X">termo</wf>
         <instance id="d000.s1094.t000" lemma="impreciso" pos="ADJ">impreciso</instance>
         <wf lemma="." pos="X">.</wf>
      </sentence>
      <sentence id="d000.s1095" source="wordnet-galician">
         <instance id="d000.s1095.t000" lemma="absorbente" pos="ADJ">absorbente</instance>
         <wf lemma="como" pos="X">como</wf>
         <wf lemma="unha" pos="X">unha</wf>
         <wf lemma="esponxa" pos="X">esponxa</wf>
         <wf lemma="." pos="X">.</wf>
      </sentence>
      <sentence id="d000.s1096" source="wordnet-galician">
         <wf lemma="a" pos="X">a</wf>
         <wf lemma="miña" pos="X">miña</wf>
         <wf lemma="idea" pos="X">idea</wf>
         <wf lemma="dunha" pos="X">dunha</wf>
         <wf lemma="persoa" pos="X">persoa</wf>
         <instance id="d000.s1096.t000" lemma="agradable" pos="ADJ">agradable</instance>
         <wf lemma="..." pos="X">...</wf>
         <wf lemma="é" pos="X">é</wf>
         <wf lemma="unha" pos="X">unha</wf>
         <wf lemma="persoa" pos="X">persoa</wf>
         <wf lemma="que" pos="X">que</wf>
         <wf lemma="concorda" pos="X">concorda</wf>
         <wf lemma="comigo" pos="X">comigo</wf>
         <wf lemma="(" pos="X">(</wf>
         <wf lemma="Benjamin" pos="X">Benjamin</wf>
         <wf lemma="Disraeli" pos="X">Disraeli</wf>
         <wf lemma=")" pos="X">)</wf>
         <wf lemma="." pos="X">.</wf>
      </sentence>
      <sentence id="d000.s1097" source="wordnet-galician">
         <wf lemma="o" pos="X">o</wf>
         <wf lemma="gañador" pos="X">gañador</wf>
         <instance id="d000.s1097.t000" lemma="eufórico" pos="ADJ">eufórico</instance>
         <wf lemma="." pos="X">.</wf>
      </sentence>
      <sentence id="d000.s1098" source="wordnet-galician">
         <wf lemma="os" pos="X">os</wf>
         <wf lemma="bens" pos="X">bens</wf>
         <instance id="d000.s1098.t000" lemma="mundano" pos="ADJ">mundanos</instance>
         <wf lemma="e" pos="X">e</wf>
         <wf lemma="o" pos="X">o</wf>
         <wf lemma="progreso" pos="X">progreso</wf>
         <wf lemma="." pos="X">.</wf>
      </sentence>
      <sentence id="d000.s1099" source="wordnet-galician">
         <wf lemma="un" pos="X">un</wf>
         <wf lemma="xefe" pos="X">xefe</wf>
         <instance id="d000.s1099.t000" lemma="reclamante" pos="ADJ">reclamante</instance>
         <wf lemma="." pos="X">.</wf>
      </sentence>
      <sentence id="d000.s1100" source="wordnet-galician">
         <wf lemma="a" pos="X">a</wf>
         <wf lemma="ciencia" pos="X">ciencia</wf>
         <instance id="d000.s1100.t000" lemma="teórico" pos="ADJ">teórica</instance>
         <wf lemma="." pos="X">.</wf>
      </sentence>
      <sentence id="d000.s1101" source="wordnet-galician">
         <wf lemma="beneficio" pos="X">beneficio</wf>
         <instance id="d000.s1101.t000" lemma="neto" pos="ADJ">neto</instance>
         <wf lemma="." pos="X">.</wf>
      </sentence>
      <sentence id="d000.s1102" source="wordnet-galician">
         <wf lemma="os" pos="X">os</wf>
         <wf lemma="patróns" pos="X">patróns</wf>
         <wf lemma="de" pos="X">de</wf>
         <wf lemma="votación" pos="X">votación</wf>
         <wf lemma="no" pos="X">no</wf>
         <wf lemma="seo" pos="X">seo</wf>
         <wf lemma="da" pos="X">da</wf>
         <wf lemma="poboación" pos="X">poboación</wf>
         <instance id="d000.s1102.t000" lemma="branco" pos="ADJ">branca</instance>
         <wf lemma="." pos="X">.</wf>
      </sentence>
      <sentence id="d000.s1103" source="wordnet-galician">
         <wf lemma="un" pos="X">un</wf>
         <wf lemma="comentario" pos="X">comentario</wf>
         <instance id="d000.s1103.t000" lemma="infeliz" pos="ADJ">infeliz</instance>
         <wf lemma="." pos="X">.</wf>
      </sentence>
      <sentence id="d000.s1104" source="wordnet-galician">
         <wf lemma="a" pos="X">a</wf>
         <wf lemma="aparición" pos="X">aparición</wf>
         <instance id="d000.s1104.t000" lemma="periódico" pos="ADJ">periódica</instance>
         <wf lemma="da" pos="X">da</wf>
         <wf lemma="lagosta" pos="X">lagosta</wf>
         <wf lemma="de" pos="X">de</wf>
         <wf lemma="dezasete" pos="X">dezasete</wf>
         <wf lemma="anos" pos="X">anos</wf>
         <wf lemma="." pos="X">.</wf>
      </sentence>
      <sentence id="d000.s1105" source="wordnet-galician">
         <wf lemma="cuestións" pos="X">cuestións</wf>
         <instance id="d000.s1105.t000" lemma="interno" pos="ADJ">internas</instance>
         <wf lemma="," pos="X">,</wf>
         <wf lemma="tales" pos="X">tales</wf>
         <wf lemma="como" pos="X">como</wf>
         <wf lemma="taxa" pos="X">taxa</wf>
         <wf lemma="de" pos="X">de</wf>
         <wf lemma="impostos" pos="X">impostos</wf>
         <wf lemma="e" pos="X">e</wf>
         <wf lemma="construción" pos="X">construción</wf>
         <wf lemma="de" pos="X">de</wf>
         <wf lemma="estradas" pos="X">estradas</wf>
         <wf lemma="." pos="X">.</wf>
      </sentence>
      <sentence id="d000.s1106" source="wordnet-galician">
         <wf lemma="a" pos="X">a</wf>
         <instance id="d000.s1106.t000" lemma="primeiro" pos="ADJ">primeira</instance>
         <wf lemma="casa" pos="X">casa</wf>
         <wf lemma="á" pos="X">á</wf>
         <wf lemma="dereita" pos="X">dereita</wf>
         <wf lemma="." pos="X">.</wf>
      </sentence>
      <sentence id="d000.s1107" source="wordnet-galician">
         <wf lemma="o" pos="X">o</wf>
         <wf lemma="consello" pos="X">consello</wf>
         <instance id="d000.s1107.t000" lemma="amigable" pos="ADJ">amigable</instance>
         <wf lemma="." pos="X">.</wf>
      </sentence>
      <sentence id="d000.s1108" source="wordnet-galician">
         <wf lemma="materiais" pos="X">materiais</wf>
         <wf lemma="de" pos="X">de</wf>
         <wf lemma="envasado" pos="X">envasado</wf>
         <instance id="d000.s1108.t000" lemma="compresible" pos="ADJ">compresibles</instance>
         <wf lemma="." pos="X">.</wf>
      </sentence>
      <sentence id="d000.s1109" source="wordnet-galician">
         <wf lemma="xuramento" pos="X">xuramento</wf>
         <instance id="d000.s1109.t000" lemma="inviolable" pos="ADJ">inviolable</instance>
         <wf lemma="." pos="X">.</wf>
      </sentence>
      <sentence id="d000.s1110" source="wordnet-galician">
         <wf lemma="un" pos="X">un</wf>
         <wf lemma="proxecto" pos="X">proxecto</wf>
         <instance id="d000.s1110.t000" lemma="sinxelo" pos="ADJ">sinxelo</instance>
         <wf lemma="." pos="X">.</wf>
      </sentence>
      <sentence id="d000.s1111" source="wordnet-galician">
         <wf lemma="lentes" pos="X">lentes</wf>
         <instance id="d000.s1111.t000" lemma="escuro" pos="ADJ">escuros</instance>
         <wf lemma="." pos="X">.</wf>
      </sentence>
      <sentence id="d000.s1112" source="wordnet-galician">
         <wf lemma="unha" pos="X">unha</wf>
         <wf lemma="persoa" pos="X">persoa</wf>
         <wf lemma="temperamental" pos="X">temperamental</wf>
         <wf lemma="e" pos="X">e</wf>
         <instance id="d000.s1112.t000" lemma="deprimente" pos="ADJ">deprimente</instance>
         <wf lemma="." pos="X">.</wf>
      </sentence>
      <sentence id="d000.s1113" source="wordnet-galician">
         <wf lemma="as" pos="X">as</wf>
         <wf lemma="leis" pos="X">leis</wf>
         <wf lemma="que" pos="X">que</wf>
         <wf lemma="son" pos="X">son</wf>
         <instance id="d000.s1113.t000" lemma="ineficaz" pos="ADJ">ineficaces</instance>
         <wf lemma="para" pos="X">para</wf>
         <wf lemma="deter" pos="X">deter</wf>
         <wf lemma="a" pos="X">a</wf>
         <wf lemma="criminalidade" pos="X">criminalidade</wf>
         <wf lemma="." pos="X">.</wf>
      </sentence>
      <sentence id="d000.s1114" source="wordnet-galician">
         <wf lemma="o" pos="X">o</wf>
         <instance id="d000.s1114.t000" lemma="medio" pos="NOUN">medio</instance>
         <wf lemma="de" pos="X">de</wf>
         <wf lemma="disolución" pos="X">disolución</wf>
         <wf lemma="chámase" pos="X">chámase</wf>
         <wf lemma="un" pos="X">un</wf>
         <wf lemma="solvente" pos="X">solvente</wf>
         <wf lemma="." pos="X">.</wf>
      </sentence>
      <sentence id="d000.s1115" source="wordnet-galician">
         <wf lemma="unha" pos="X">unha</wf>
         <wf lemma="tendencia" pos="X">tendencia</wf>
         <instance id="d000.s1115.t000" lemma="crecente" pos="ADJ">crecente</instance>
         <wf lemma="." pos="X">.</wf>
      </sentence>
      <sentence id="d000.s1116" source="wordnet-galician">
         <wf lemma="tecidos" pos="X">tecidos</wf>
         <instance id="d000.s1116.t000" lemma="radiolúcido" pos="ADJ">radiolúcidos</instance>
         <wf lemma="." pos="X">.</wf>
      </sentence>
      <sentence id="d000.s1117" source="wordnet-galician">
         <wf lemma="as" pos="X">as</wf>
         <wf lemma="palabras" pos="X">palabras</wf>
         <instance id="d000.s1117.t000" lemma="abstracto" pos="ADJ">abstractas</instance>
         <wf lemma="como" pos="X">como</wf>
         <wf lemma="'" pos="X">'</wf>
         <wf lemma="verdade" pos="X">verdade</wf>
         <wf lemma="'" pos="X">'</wf>
         <wf lemma="e" pos="X">e</wf>
         <wf lemma="'" pos="X">'</wf>
         <wf lemma="xustiza" pos="X">xustiza</wf>
         <wf lemma="'" pos="X">'</wf>
         <wf lemma="." pos="X">.</wf>
      </sentence>
      <sentence id="d000.s1118" source="wordnet-galician">
         <wf lemma="o" pos="X">o</wf>
         <wf lemma="xene" pos="X">xene</wf>
         <wf lemma="que" pos="X">que</wf>
         <wf lemma="codifica" pos="X">codifica</wf>
         <wf lemma="a" pos="X">a</wf>
         <instance id="d000.s1118.t000" lemma="ada" pos="NOUN">ADA</instance>
         <wf lemma="foi" pos="X">foi</wf>
         <wf lemma="un" pos="X">un</wf>
         <wf lemma="dos" pos="X">dos</wf>
         <wf lemma="xenes" pos="X">xenes</wf>
         <wf lemma="humanos" pos="X">humanos</wf>
         <wf lemma="que" pos="X">que</wf>
         <wf lemma="antes" pos="X">antes</wf>
         <wf lemma="se" pos="X">se</wf>
         <wf lemma="puido" pos="X">puido</wf>
         <wf lemma="illar" pos="X">illar</wf>
         <wf lemma="e" pos="X">e</wf>
         <wf lemma="clonar" pos="X">clonar</wf>
         <wf lemma="para" pos="X">para</wf>
         <wf lemma="estudalo" pos="X">estudalo</wf>
         <wf lemma="." pos="X">.</wf>
      </sentence>
      <sentence id="d000.s1119" source="wordnet-galician">
         <wf lemma="este" pos="X">este</wf>
         <wf lemma="tronco" pos="X">tronco</wf>
         <wf lemma="vai" pos="X">vai</wf>
         <wf lemma="facer" pos="X">facer</wf>
         <wf lemma="de" pos="X">de</wf>
         <instance id="d000.s1119.t000" lemma="bo" pos="ADJ">boa</instance>
         <wf lemma="mesa" pos="X">mesa</wf>
         <wf lemma="de" pos="X">de</wf>
         <wf lemma="picnic." pos="X">picnic.</wf>
      </sentence>
      <sentence id="d000.s1120" source="wordnet-galician">
         <wf lemma="prezos" pos="X">prezos</wf>
         <instance id="d000.s1120.t000" lemma="variábel" pos="ADJ">variábeis</instance>
         <wf lemma="." pos="X">.</wf>
      </sentence>
      <sentence id="d000.s1121" source="wordnet-galician">
         <wf lemma="bacterias" pos="X">bacterias</wf>
         <instance id="d000.s1121.t000" lemma="inocuo" pos="ADJ">inocuas</instance>
         <wf lemma="." pos="X">.</wf>
      </sentence>
      <sentence id="d000.s1122" source="wordnet-galician">
         <wf lemma="aire" pos="X">aire</wf>
         <wf lemma="e" pos="X">e</wf>
         <wf lemma="auga" pos="X">auga</wf>
         <instance id="d000.s1122.t000" lemma="puro" pos="ADJ">puros</instance>
         <wf lemma="." pos="X">.</wf>
      </sentence>
      <sentence id="d000.s1123" source="wordnet-galician">
         <wf lemma="unha" pos="X">unha</wf>
         <wf lemma="persoa" pos="X">persoa</wf>
         <instance id="d000.s1123.t000" lemma="estético" pos="ADJ">estética</instance>
         <wf lemma="." pos="X">.</wf>
      </sentence>
      <sentence id="d000.s1124" source="wordnet-galician">
         <wf lemma="unha" pos="X">unha</wf>
         <wf lemma="peza" pos="X">peza</wf>
         <wf lemma="de" pos="X">de</wf>
         <wf lemma="xabón" pos="X">xabón</wf>
         <instance id="d000.s1124.t000" lemma="esvaradío" pos="ADJ">esvaradío</instance>
         <wf lemma="." pos="X">.</wf>
      </sentence>
      <sentence id="d000.s1125" source="wordnet-galician">
         <wf lemma="unha" pos="X">unha</wf>
         <wf lemma="táboa" pos="X">táboa</wf>
         <instance id="d000.s1125.t000" lemma="groso" pos="ADJ">grosa</instance>
         <wf lemma="." pos="X">.</wf>
      </sentence>
      <sentence id="d000.s1126" source="wordnet-galician">
         <wf lemma="escoitei" pos="X">escoitei</wf>
         <wf lemma="a" pos="X">a</wf>
         <wf lemma="risa" pos="X">risa</wf>
         <instance id="d000.s1126.t000" lemma="característico" pos="ADJ">característica</instance>
         <wf lemma="do" pos="X">do</wf>
         <wf lemma="meu" pos="X">meu</wf>
         <wf lemma="amigo" pos="X">amigo</wf>
         <wf lemma="." pos="X">.</wf>
      </sentence>
      <sentence id="d000.s1127" source="wordnet-galician">
         <wf lemma="un" pos="X">un</wf>
         <instance id="d000.s1127.t000" lemma="fermoso" pos="ADJ">fermoso</instance>
         <wf lemma="país" pos="X">país</wf>
         <wf lemma="." pos="X">.</wf>
      </sentence>
      <sentence id="d000.s1128" source="wordnet-galician">
         <wf lemma="la" pos="X">la</wf>
         <instance id="d000.s1128.t000" lemma="lavable" pos="ADJ">lavable</instance>
         <wf lemma="." pos="X">.</wf>
      </sentence>
      <sentence id="d000.s1129" source="wordnet-galician">
         <wf lemma="son" pos="X">son</wf>
         <instance id="d000.s1129.t000" lemma="coidadoso" pos="ADJ">coidadosos</instance>
         <wf lemma="ao" pos="X">ao</wf>
         <wf lemma="cruzar" pos="X">cruzar</wf>
         <wf lemma="a" pos="X">a</wf>
         <wf lemma="rúa" pos="X">rúa</wf>
         <wf lemma="con" pos="X">con</wf>
         <wf lemma="moito" pos="X">moito</wf>
         <wf lemma="tráfico" pos="X">tráfico</wf>
         <wf lemma="." pos="X">.</wf>
      </sentence>
      <sentence id="d000.s1130" source="wordnet-galician">
         <wf lemma="cuarto" pos="X">cuarto</wf>
         <wf lemma="ben" pos="X">ben</wf>
         <instance id="d000.s1130.t000" lemma="ventilado" pos="ADJ">ventilado</instance>
         <wf lemma="." pos="X">.</wf>
      </sentence>
      <sentence id="d000.s1131" source="wordnet-galician">
         <wf lemma="un" pos="X">un</wf>
         <wf lemma="argumento" pos="X">argumento</wf>
         <instance id="d000.s1131.t000" lemma="débil" pos="ADJ">débil</instance>
         <wf lemma="." pos="X">.</wf>
      </sentence>
      <sentence id="d000.s1132" source="wordnet-galician">
         <wf lemma="as" pos="X">as</wf>
         <wf lemma="enfermidades" pos="X">enfermidades</wf>
         <instance id="d000.s1132.t000" lemma="curable" pos="ADJ">curables</instance>
         <wf lemma="." pos="X">.</wf>
      </sentence>
      <sentence id="d000.s1133" source="wordnet-galician">
         <wf lemma="unha" pos="X">unha</wf>
         <wf lemma="entrada" pos="X">entrada</wf>
         <instance id="d000.s1133.t000" lemma="dramático" pos="ADJ">dramática</instance>
         <wf lemma="xirando" pos="X">xirando</wf>
         <wf lemma="velozmente" pos="X">velozmente</wf>
         <wf lemma="unha" pos="X">unha</wf>
         <wf lemma="capa" pos="X">capa</wf>
         <wf lemma="." pos="X">.</wf>
      </sentence>
      <sentence id="d000.s1134" source="wordnet-galician">
         <wf lemma="era" pos="X">era</wf>
         <instance id="d000.s1134.t000" lemma="inaxeitado" pos="ADJ">inaxeitado</instance>
         <wf lemma="para" pos="X">para</wf>
         <wf lemma="a" pos="X">a</wf>
         <wf lemma="tarefa" pos="X">tarefa</wf>
         <wf lemma="." pos="X">.</wf>
      </sentence>
      <sentence id="d000.s1135" source="wordnet-galician">
         <wf lemma="un" pos="X">un</wf>
         <wf lemma="espírito" pos="X">espírito</wf>
         <instance id="d000.s1135.t000" lemma="sectario" pos="ADJ">sectario</instance>
         <wf lemma="." pos="X">.</wf>
      </sentence>
      <sentence id="d000.s1136" source="wordnet-galician">
         <wf lemma="un" pos="X">un</wf>
         <wf lemma="matrimonio" pos="X">matrimonio</wf>
         <instance id="d000.s1136.t000" lemma="axitado" pos="ADJ">axitado</instance>
         <wf lemma="." pos="X">.</wf>
      </sentence>
      <sentence id="d000.s1137" source="wordnet-galician">
         <wf lemma="as" pos="X">as</wf>
         <wf lemma="palabras" pos="X">palabras</wf>
         <wf lemma="que" pos="X">que</wf>
         <wf lemma="usou" pos="X">usou</wf>
         <wf lemma="foron" pos="X">foron</wf>
         <instance id="d000.s1137.t000" lemma="impreciso" pos="ADJ">imprecisas</instance>
         <wf lemma="e" pos="X">e</wf>
         <wf lemma="emocionais" pos="X">emocionais</wf>
         <wf lemma="." pos="X">.</wf>
      </sentence>
      <sentence id="d000.s1138" source="wordnet-galician">
         <wf lemma="unha" pos="X">unha</wf>
         <wf lemma="multitude" pos="X">multitude</wf>
         <instance id="d000.s1138.t000" lemma="tranquilo" pos="ADJ">tranquila</instance>
         <wf lemma="de" pos="X">de</wf>
         <wf lemma="curiosos" pos="X">curiosos</wf>
         <wf lemma="." pos="X">.</wf>
      </sentence>
      <sentence id="d000.s1139" source="wordnet-galician">
         <wf lemma="xeralmente" pos="X">xeralmente</wf>
         <wf lemma="é" pos="X">é</wf>
         <instance id="d000.s1139.t000" lemma="antisocial" pos="ADJ">antisocial</instance>
         <wf lemma="excepto" pos="X">excepto</wf>
         <wf lemma="cos" pos="X">cos</wf>
         <wf lemma="amigos" pos="X">amigos</wf>
         <wf lemma="íntimos" pos="X">íntimos</wf>
         <wf lemma="." pos="X">.</wf>
      </sentence>
      <sentence id="d000.s1140" source="wordnet-galician">
         <wf lemma="as" pos="X">as</wf>
         <wf lemma="rúas" pos="X">rúas</wf>
         <wf lemma="aínda" pos="X">aínda</wf>
         <wf lemma="son" pos="X">son</wf>
         <wf lemma="moi" pos="X">moi</wf>
         <instance id="d000.s1140.t000" lemma="escorregadizo" pos="ADJ">escorregadizas</instance>
         <wf lemma="coa" pos="X">coa</wf>
         <wf lemma="choiva" pos="X">choiva</wf>
         <wf lemma="." pos="X">.</wf>
      </sentence>
      <sentence id="d000.s1141" source="wordnet-galician">
         <wf lemma="unha" pos="X">unha</wf>
         <wf lemma="conquista" pos="X">conquista</wf>
         <instance id="d000.s1141.t000" lemma="extraordinario" pos="ADJ">extraordinaria</instance>
         <wf lemma="." pos="X">.</wf>
      </sentence>
      <sentence id="d000.s1142" source="wordnet-galician">
         <wf lemma="en" pos="X">en</wf>
         <wf lemma="base" pos="X">base</wf>
         <wf lemma="a" pos="X">a</wf>
         <wf lemma="supostos" pos="X">supostos</wf>
         <instance id="d000.s1142.t000" lemma="errado" pos="ADJ">errados</instance>
         <wf lemma="." pos="X">.</wf>
      </sentence>
      <sentence id="d000.s1143" source="wordnet-galician">
         <wf lemma="unha" pos="X">unha</wf>
         <wf lemma="casa" pos="X">casa</wf>
         <instance id="d000.s1143.t000" lemma="ordenado" pos="ADJ">ordenada</instance>
         <wf lemma="." pos="X">.</wf>
      </sentence>
      <sentence id="d000.s1144" source="wordnet-galician">
         <wf lemma="os" pos="X">os</wf>
         <wf lemma="compases" pos="X">compases</wf>
         <instance id="d000.s1144.t000" lemma="inicial" pos="ADJ">iniciais</instance>
         <wf lemma="memorables" pos="X">memorables</wf>
         <wf lemma="da" pos="X">da</wf>
         <wf lemma="Quinta" pos="X">Quinta</wf>
         <wf lemma="de" pos="X">de</wf>
         <wf lemma="Beethoven" pos="X">Beethoven</wf>
         <wf lemma="." pos="X">.</wf>
      </sentence>
      <sentence id="d000.s1145" source="wordnet-galician">
         <wf lemma="mantas" pos="X">mantas</wf>
         <wf lemma="quentes" pos="X">quentes</wf>
         <wf lemma="e" pos="X">e</wf>
         <instance id="d000.s1145.t000" lemma="groso" pos="ADJ">grosas</instance>
         <wf lemma="." pos="X">.</wf>
      </sentence>
      <sentence id="d000.s1146" source="wordnet-galician">
         <wf lemma="hábitat" pos="X">hábitat</wf>
         <instance id="d000.s1146.t000" lemma="hídrico" pos="ADJ">hídrico</instance>
         <wf lemma="." pos="X">.</wf>
      </sentence>
      <sentence id="d000.s1147" source="wordnet-galician">
         <wf lemma="unha" pos="X">unha</wf>
         <wf lemma="familia" pos="X">familia</wf>
         <instance id="d000.s1147.t000" lemma="próximo" pos="ADJ">próxima</instance>
         <wf lemma="." pos="X">.</wf>
      </sentence>
      <sentence id="d000.s1148" source="wordnet-galician">
         <wf lemma="está" pos="X">está</wf>
         <wf lemma="demasiado" pos="X">demasiado</wf>
         <instance id="d000.s1148.t000" lemma="canso" pos="ADJ">canso</instance>
         <wf lemma="para" pos="X">para</wf>
         <wf lemma="comer" pos="X">comer</wf>
         <wf lemma="." pos="X">.</wf>
      </sentence>
      <sentence id="d000.s1149" source="wordnet-galician">
         <wf lemma="unha" pos="X">unha</wf>
         <wf lemma="relación" pos="X">relación</wf>
         <instance id="d000.s1149.t000" lemma="estable" pos="ADJ">estable</instance>
         <wf lemma="." pos="X">.</wf>
      </sentence>
      <sentence id="d000.s1150" source="wordnet-galician">
         <wf lemma="unha" pos="X">unha</wf>
         <wf lemma="planta" pos="X">planta</wf>
         <wf lemma="que" pos="X">que</wf>
         <wf lemma="ten" pos="X">ten</wf>
         <wf lemma="os" pos="X">os</wf>
         <wf lemma="pelos" pos="X">pelos</wf>
         <instance id="d000.s1150.t000" lemma="antrorso" pos="ADJ">antrorsos</instance>
         <wf lemma="no" pos="X">no</wf>
         <wf lemma="talo" pos="X">talo</wf>
         <wf lemma="." pos="X">.</wf>
      </sentence>
      <sentence id="d000.s1151" source="wordnet-galician">
         <wf lemma="tiña" pos="X">tiña</wf>
         <wf lemma="as" pos="X">as</wf>
         <instance id="d000.s1151.t000" lemma="man" pos="NOUN">mans</instance>
         <wf lemma="dun" pos="X">dun</wf>
         <wf lemma="cirurxián" pos="X">cirurxián</wf>
         <wf lemma="." pos="X">.</wf>
      </sentence>
      <sentence id="d000.s1152" source="wordnet-galician">
         <wf lemma="unha" pos="X">unha</wf>
         <wf lemma="opción" pos="X">opción</wf>
         <instance id="d000.s1152.t000" lemma="sensato" pos="ADJ">sensata</instance>
         <wf lemma="." pos="X">.</wf>
      </sentence>
      <sentence id="d000.s1153" source="wordnet-galician">
         <wf lemma="a" pos="X">a</wf>
         <wf lemma="auga" pos="X">auga</wf>
         <instance id="d000.s1153.t000" lemma="salgado" pos="ADJ">salgada</instance>
         <wf lemma="." pos="X">.</wf>
      </sentence>
      <sentence id="d000.s1154" source="wordnet-galician">
         <wf lemma="un" pos="X">un</wf>
         <wf lemma="relato" pos="X">relato</wf>
         <instance id="d000.s1154.t000" lemma="incompleto" pos="ADJ">incompleto</instance>
         <wf lemma="da" pos="X">da</wf>
         <wf lemma="súa" pos="X">súa</wf>
         <wf lemma="vida" pos="X">vida</wf>
         <wf lemma="." pos="X">.</wf>
      </sentence>
      <sentence id="d000.s1155" source="wordnet-galician">
         <wf lemma="relacións" pos="X">relacións</wf>
         <wf lemma="diplomáticas" pos="X">diplomáticas</wf>
         <instance id="d000.s1155.t000" lemma="normal" pos="ADJ">normais</instance>
         <wf lemma="." pos="X">.</wf>
      </sentence>
      <sentence id="d000.s1156" source="wordnet-galician">
         <wf lemma="pedra" pos="X">pedra</wf>
         <instance id="d000.s1156.t000" lemma="impermeable" pos="ADJ">impermeable</instance>
         <wf lemma="." pos="X">.</wf>
      </sentence>
      <sentence id="d000.s1157" source="wordnet-galician">
         <wf lemma="unha" pos="X">unha</wf>
         <wf lemma="rapaza" pos="X">rapaza</wf>
         <instance id="d000.s1157.t000" lemma="popular" pos="ADJ">popular</instance>
         <wf lemma="." pos="X">.</wf>
      </sentence>
      <sentence id="d000.s1158" source="wordnet-galician">
         <wf lemma="a" pos="X">a</wf>
         <instance id="d000.s1158.t000" lemma="bóla" pos="NOUN">bóla</instance>
         <wf lemma="na" pos="X">na</wf>
         <wf lemma="base" pos="X">base</wf>
         <wf lemma="do" pos="X">do</wf>
         <wf lemma="polgar" pos="X">polgar</wf>
         <wf lemma="." pos="X">.</wf>
      </sentence>
      <sentence id="d000.s1159" source="wordnet-galician">
         <wf lemma="música" pos="X">música</wf>
         <wf lemma="sagrada" pos="X">sagrada</wf>
         <wf lemma="e" pos="X">e</wf>
         <wf lemma="música" pos="X">música</wf>
         <instance id="d000.s1159.t000" lemma="profano" pos="ADJ">profana</instance>
         <wf lemma="." pos="X">.</wf>
      </sentence>
      <sentence id="d000.s1160" source="wordnet-galician">
         <wf lemma="situacións" pos="X">situacións</wf>
         <wf lemma="de" pos="X">de</wf>
         <wf lemma="perigo" pos="X">perigo</wf>
         <instance id="d000.s1160.t000" lemma="salvable" pos="ADJ">salvables</instance>
         <wf lemma="e" pos="X">e</wf>
         <wf lemma="superables" pos="X">superables</wf>
         <wf lemma="." pos="X">.</wf>
      </sentence>
      <sentence id="d000.s1161" source="wordnet-galician">
         <wf lemma="foi" pos="X">foi</wf>
         <wf lemma="moi" pos="X">moi</wf>
         <instance id="d000.s1161.t000" lemma="imprudente" pos="ADJ">imprudente</instance>
         <wf lemma="da" pos="X">da</wf>
         <wf lemma="súa" pos="X">súa</wf>
         <wf lemma="parte" pos="X">parte</wf>
         <wf lemma="animalo" pos="X">animalo</wf>
         <wf lemma="a" pos="X">a</wf>
         <wf lemma="levar" pos="X">levar</wf>
         <wf lemma="a" pos="X">a</wf>
         <wf lemma="cabo" pos="X">cabo</wf>
         <wf lemma="unhas" pos="X">unhas</wf>
         <wf lemma="ideas" pos="X">ideas</wf>
         <wf lemma="tan" pos="X">tan</wf>
         <wf lemma="tolas" pos="X">tolas</wf>
         <wf lemma="." pos="X">.</wf>
      </sentence>
      <sentence id="d000.s1162" source="wordnet-galician">
         <wf lemma="o" pos="X">o</wf>
         <wf lemma="desenvolvemento" pos="X">desenvolvemento</wf>
         <instance id="d000.s1162.t000" lemma="posnatal" pos="ADJ">posnatal</instance>
         <wf lemma="." pos="X">.</wf>
      </sentence>
      <sentence id="d000.s1163" source="wordnet-galician">
         <wf lemma="os" pos="X">os</wf>
         <wf lemma="americanos" pos="X">americanos</wf>
         <wf lemma="enfrontáronse" pos="X">enfrontáronse</wf>
         <wf lemma="nunha" pos="X">nunha</wf>
         <wf lemma="sanguenta" pos="X">sanguenta</wf>
         <wf lemma="guerra" pos="X">guerra</wf>
         <wf lemma="para" pos="X">para</wf>
         <wf lemma="probar" pos="X">probar</wf>
         <wf lemma="que" pos="X">que</wf>
         <wf lemma="a" pos="X">a</wf>
         <wf lemma="súa" pos="X">súa</wf>
         <wf lemma="nación" pos="X">nación</wf>
         <wf lemma="non" pos="X">non</wf>
         <wf lemma="é" pos="X">é</wf>
         <instance id="d000.s1163.t000" lemma="divisible" pos="ADJ">divisible</instance>
         <wf lemma="." pos="X">.</wf>
      </sentence>
      <sentence id="d000.s1164" source="wordnet-galician">
         <wf lemma="unha" pos="X">unha</wf>
         <wf lemma="cunca" pos="X">cunca</wf>
         <wf lemma="de" pos="X">de</wf>
         <wf lemma="té" pos="X">té</wf>
         <instance id="d000.s1164.t000" lemma="forte" pos="ADJ">forte</instance>
         <wf lemma="." pos="X">.</wf>
      </sentence>
      <sentence id="d000.s1165" source="wordnet-galician">
         <wf lemma="a" pos="X">a</wf>
         <wf lemma="súa" pos="X">súa</wf>
         <wf lemma="postura" pos="X">postura</wf>
         <instance id="d000.s1165.t000" lemma="inconformista" pos="ADJ">inconformista</instance>
         <wf lemma="fíxoa" pos="X">fíxoa</wf>
         <wf lemma="lendaria" pos="X">lendaria</wf>
         <wf lemma="." pos="X">.</wf>
      </sentence>
      <sentence id="d000.s1166" source="wordnet-galician">
         <wf lemma="recolleron" pos="X">recolleron</wf>
         <wf lemma="e" pos="X">e</wf>
         <wf lemma="cortaron" pos="X">cortaron</wf>
         <wf lemma="a" pos="X">a</wf>
         <wf lemma="súa" pos="X">súa</wf>
         <wf lemma="propia" pos="X">propia</wf>
         <instance id="d000.s1166.t000" lemma="leña" pos="NOUN">leña</instance>
         <wf lemma="." pos="X">.</wf>
      </sentence>
      <sentence id="d000.s1167" source="wordnet-galician">
         <wf lemma="todos" pos="X">todos</wf>
         <wf lemma="os" pos="X">os</wf>
         <wf lemma="personaxes" pos="X">personaxes</wf>
         <wf lemma="eran" pos="X">eran</wf>
         <wf lemma="particularmente" pos="X">particularmente</wf>
         <instance id="d000.s1167.t000" lemma="antipático" pos="ADJ">antipáticos</instance>
         <wf lemma="." pos="X">.</wf>
      </sentence>
      <sentence id="d000.s1168" source="wordnet-galician">
         <wf lemma="sono" pos="X">sono</wf>
         <instance id="d000.s1168.t000" lemma="saudable" pos="ADJ">saudable</instance>
         <wf lemma="." pos="X">.</wf>
      </sentence>
      <sentence id="d000.s1169" source="wordnet-galician">
         <wf lemma="unha" pos="X">unha</wf>
         <wf lemma="medida" pos="X">medida</wf>
         <instance id="d000.s1169.t000" lemma="lineal" pos="ADJ">lineal</instance>
         <wf lemma="." pos="X">.</wf>
      </sentence>
      <sentence id="d000.s1170" source="wordnet-galician">
         <wf lemma="unha" pos="X">unha</wf>
         <wf lemma="figura" pos="X">figura</wf>
         <instance id="d000.s1170.t000" lemma="familiar" pos="ADJ">familiar</instance>
         <wf lemma="." pos="X">.</wf>
      </sentence>
      <sentence id="d000.s1171" source="wordnet-galician">
         <wf lemma="o" pos="X">o</wf>
         <wf lemma="que" pos="X">que</wf>
         <wf lemma="dixo" pos="X">dixo</wf>
         <wf lemma="non" pos="X">non</wf>
         <wf lemma="é" pos="X">é</wf>
         <instance id="d000.s1171.t000" lemma="repetible" pos="ADJ">repetible</instance>
         <wf lemma="de" pos="X">de</wf>
         <wf lemma="forma" pos="X">forma</wf>
         <wf lemma="educada" pos="X">educada</wf>
         <wf lemma="." pos="X">.</wf>
      </sentence>
      <sentence id="d000.s1172" source="wordnet-galician">
         <wf lemma="o" pos="X">o</wf>
         <wf lemma="botón" pos="X">botón</wf>
         <wf lemma="de" pos="X">de</wf>
         <wf lemma="ouro" pos="X">ouro</wf>
         <wf lemma="común" pos="X">común</wf>
         <wf lemma="é" pos="X">é</wf>
         <wf lemma="unha" pos="X">unha</wf>
         <wf lemma="planta" pos="X">planta</wf>
         <instance id="d000.s1172.t000" lemma="perenne" pos="ADJ">perenne</instance>
         <wf lemma="popular" pos="X">popular</wf>
         <wf lemma="." pos="X">.</wf>
      </sentence>
      <sentence id="d000.s1173" source="wordnet-galician">
         <wf lemma="o" pos="X">o</wf>
         <wf lemma="curso" pos="X">curso</wf>
         <instance id="d000.s1173.t000" lemma="normal" pos="ADJ">normal</instance>
         <wf lemma="dos" pos="X">dos</wf>
         <wf lemma="acontecementos" pos="X">acontecementos</wf>
         <wf lemma="." pos="X">.</wf>
      </sentence>
      <sentence id="d000.s1174" source="wordnet-galician">
         <instance id="d000.s1174.t000" lemma="pequeno" pos="ADJ">pequeno</instance>
         <wf lemma="de" pos="X">de</wf>
         <wf lemma="estatura" pos="X">estatura</wf>
         <wf lemma="." pos="X">.</wf>
      </sentence>
      <sentence id="d000.s1175" source="wordnet-galician">
         <wf lemma="eu" pos="X">eu</wf>
         <wf lemma="non" pos="X">non</wf>
         <wf lemma="quero" pos="X">quero</wf>
         <wf lemma="mostrar" pos="X">mostrar</wf>
         <wf lemma="entusiasmo" pos="X">entusiasmo</wf>
         <instance id="d000.s1175.t000" lemma="indebido" pos="ADJ">indebido</instance>
         <wf lemma="." pos="X">.</wf>
      </sentence>
      <sentence id="d000.s1176" source="wordnet-galician">
         <wf lemma="un" pos="X">un</wf>
         <wf lemma="testemuño" pos="X">testemuño</wf>
         <wf lemma="completamente" pos="X">completamente</wf>
         <instance id="d000.s1176.t000" lemma="crible" pos="ADJ">crible</instance>
         <wf lemma="." pos="X">.</wf>
      </sentence>
      <sentence id="d000.s1177" source="wordnet-galician">
         <wf lemma="desde" pos="X">desde</wf>
         <wf lemma="a" pos="X">a</wf>
         <wf lemma="caída" pos="X">caída</wf>
         <wf lemma="dóenlle" pos="X">dóenlle</wf>
         <wf lemma="as" pos="X">as</wf>
         <instance id="d000.s1177.t000" lemma="costa" pos="NOUN">costas</instance>
         <wf lemma="." pos="X">.</wf>
      </sentence>
      <sentence id="d000.s1178" source="wordnet-galician">
         <wf lemma="puxo" pos="X">puxo</wf>
         <wf lemma="os" pos="X">os</wf>
         <wf lemma="seus" pos="X">seus</wf>
         <wf lemma="pés" pos="X">pés</wf>
         <instance id="d000.s1178.t000" lemma="sucio" pos="ADJ">sucios</instance>
         <wf lemma="sobre" pos="X">sobre</wf>
         <wf lemma="a" pos="X">a</wf>
         <wf lemma="saba" pos="X">saba</wf>
         <wf lemma="limpa" pos="X">limpa</wf>
         <wf lemma="." pos="X">.</wf>
      </sentence>
      <sentence id="d000.s1179" source="wordnet-galician">
         <wf lemma="aprecia" pos="X">aprecia</wf>
         <wf lemma="a" pos="X">a</wf>
         <wf lemma="popularidade" pos="X">popularidade</wf>
         <instance id="d000.s1179.t000" lemma="extraordinario" pos="ADJ">extraordinaria</instance>
         <wf lemma="." pos="X">.</wf>
      </sentence>
      <sentence id="d000.s1180" source="wordnet-galician">
         <wf lemma="o" pos="X">o</wf>
         <wf lemma="goberno" pos="X">goberno</wf>
         <wf lemma="máis" pos="X">máis</wf>
         <instance id="d000.s1180.t000" lemma="poderoso" pos="ADJ">poderoso</instance>
         <wf lemma="en" pos="X">en</wf>
         <wf lemma="Europa" pos="X">Europa</wf>
         <wf lemma="Occidental" pos="X">Occidental</wf>
         <wf lemma="." pos="X">.</wf>
      </sentence>
      <sentence id="d000.s1181" source="wordnet-galician">
         <wf lemma="detalles" pos="X">detalles</wf>
         <instance id="d000.s1181.t000" lemma="significativo" pos="ADJ">significativos</instance>
         <wf lemma="." pos="X">.</wf>
      </sentence>
      <sentence id="d000.s1182" source="wordnet-galician">
         <wf lemma="cristais" pos="X">cristais</wf>
         <instance id="d000.s1182.t000" lemma="físil" pos="ADJ">físiles</instance>
         <wf lemma="." pos="X">.</wf>
      </sentence>
      <sentence id="d000.s1183" source="wordnet-galician">
         <wf lemma="un" pos="X">un</wf>
         <wf lemma="xuíz" pos="X">xuíz</wf>
         <wf lemma="máis" pos="X">máis</wf>
         <instance id="d000.s1183.t000" lemma="clemente" pos="ADJ">clemente</instance>
         <wf lemma="reduciulle" pos="X">reduciulle</wf>
         <wf lemma="a" pos="X">a</wf>
         <wf lemma="pena" pos="X">pena</wf>
         <wf lemma="." pos="X">.</wf>
      </sentence>
      <sentence id="d000.s1184" source="wordnet-galician">
         <instance id="d000.s1184.t000" lemma="negro" pos="ADJ">negro</instance>
         <wf lemma="como" pos="X">como</wf>
         <wf lemma="o" pos="X">o</wf>
         <wf lemma="carbón" pos="X">carbón</wf>
         <wf lemma="." pos="X">.</wf>
      </sentence>
      <sentence id="d000.s1185" source="wordnet-galician">
         <wf lemma="materiais" pos="X">materiais</wf>
         <wf lemma="da" pos="X">da</wf>
         <instance id="d000.s1185.t000" lemma="superficie" pos="ADJ">superficie</instance>
         <wf lemma="da" pos="X">da</wf>
         <wf lemma="lúa" pos="X">lúa</wf>
         <wf lemma="." pos="X">.</wf>
      </sentence>
      <sentence id="d000.s1186" source="wordnet-galician">
         <wf lemma="plantas" pos="X">plantas</wf>
         <wf lemma="de" pos="X">de</wf>
         <wf lemma="clima" pos="X">clima</wf>
         <instance id="d000.s1186.t000" lemma="temperado" pos="ADJ">temperado</instance>
         <wf lemma="." pos="X">.</wf>
      </sentence>
      <sentence id="d000.s1187" source="wordnet-galician">
         <wf lemma="a" pos="X">a</wf>
         <wf lemma="gravación" pos="X">gravación</wf>
         <wf lemma="foi" pos="X">foi</wf>
         <wf lemma="enviada" pos="X">enviada</wf>
         <wf lemma="por" pos="X">por</wf>
         <wf lemma="correo" pos="X">correo</wf>
         <instance id="d000.s1187.t000" lemma="certificado" pos="ADJ">certificado</instance>
         <wf lemma="para" pos="X">para</wf>
         <wf lemma="asegurar" pos="X">asegurar</wf>
         <wf lemma="a" pos="X">a</wf>
         <wf lemma="súa" pos="X">súa</wf>
         <wf lemma="entrega" pos="X">entrega</wf>
         <wf lemma="." pos="X">.</wf>
      </sentence>
      <sentence id="d000.s1188" source="wordnet-galician">
         <wf lemma="un" pos="X">un</wf>
         <wf lemma="paseo" pos="X">paseo</wf>
         <instance id="d000.s1188.t000" lemma="irregular" pos="ADJ">irregular</instance>
         <wf lemma="." pos="X">.</wf>
      </sentence>
      <sentence id="d000.s1189" source="wordnet-galician">
         <wf lemma="un" pos="X">un</wf>
         <wf lemma="día" pos="X">día</wf>
         <instance id="d000.s1189.t000" lemma="civil" pos="ADJ">civil</instance>
         <wf lemma="comeza" pos="X">comeza</wf>
         <wf lemma="á" pos="X">á</wf>
         <wf lemma="medianoite" pos="X">medianoite</wf>
         <wf lemma="." pos="X">.</wf>
      </sentence>
      <sentence id="d000.s1190" source="wordnet-galician">
         <wf lemma="unha" pos="X">unha</wf>
         <wf lemma="versión" pos="X">versión</wf>
         <instance id="d000.s1190.t000" lemma="abreviado" pos="ADJ">abreviada</instance>
         <wf lemma="." pos="X">.</wf>
      </sentence>
      <sentence id="d000.s1191" source="wordnet-galician">
         <wf lemma="os" pos="X">os</wf>
         <wf lemma="prezos" pos="X">prezos</wf>
         <instance id="d000.s1191.t000" lemma="inflacionista" pos="ADJ">inflacionistas</instance>
         <wf lemma="." pos="X">.</wf>
      </sentence>
      <sentence id="d000.s1192" source="wordnet-galician">
         <wf lemma="unha" pos="X">unha</wf>
         <wf lemma="obra" pos="X">obra</wf>
         <instance id="d000.s1192.t000" lemma="irrepresentable" pos="ADJ">irrepresentable</instance>
         <wf lemma="." pos="X">.</wf>
      </sentence>
      <sentence id="d000.s1193" source="wordnet-galician">
         <wf lemma="o" pos="X">o</wf>
         <wf lemma="comercio" pos="X">comercio</wf>
         <instance id="d000.s1193.t000" lemma="recíproco" pos="ADJ">recíproco</instance>
         <wf lemma="." pos="X">.</wf>
      </sentence>
      <sentence id="d000.s1194" source="wordnet-galician">
         <wf lemma="un" pos="X">un</wf>
         <wf lemma="lugar" pos="X">lugar</wf>
         <instance id="d000.s1194.t000" lemma="oportuno" pos="ADJ">oportuno</instance>
         <wf lemma="para" pos="X">para</wf>
         <wf lemma="facer" pos="X">facer</wf>
         <wf lemma="o" pos="X">o</wf>
         <wf lemma="campamento" pos="X">campamento</wf>
         <wf lemma="." pos="X">.</wf>
      </sentence>
      <sentence id="d000.s1195" source="wordnet-galician">
         <wf lemma="o" pos="X">o</wf>
         <wf lemma="xeo" pos="X">xeo</wf>
         <wf lemma="é" pos="X">é</wf>
         <wf lemma="auga" pos="X">auga</wf>
         <wf lemma="en" pos="X">en</wf>
         <wf lemma="estado" pos="X">estado</wf>
         <instance id="d000.s1195.t000" lemma="sólido" pos="ADJ">sólido</instance>
         <wf lemma="." pos="X">.</wf>
      </sentence>
      <sentence id="d000.s1196" source="wordnet-galician">
         <wf lemma="a" pos="X">a</wf>
         <wf lemma="lúa" pos="X">lúa</wf>
         <instance id="d000.s1196.t000" lemma="crecente" pos="ADJ">crecente</instance>
         <wf lemma="pasa" pos="X">pasa</wf>
         <wf lemma="de" pos="X">de</wf>
         <wf lemma="novo" pos="X">novo</wf>
         <wf lemma="a" pos="X">a</wf>
         <wf lemma="chea" pos="X">chea</wf>
         <wf lemma="." pos="X">.</wf>
      </sentence>
      <sentence id="d000.s1197" source="wordnet-galician">
         <wf lemma="unha" pos="X">unha</wf>
         <wf lemma="declaración" pos="X">declaración</wf>
         <instance id="d000.s1197.t000" lemma="definitivo" pos="ADJ">definitiva</instance>
         <wf lemma="dos" pos="X">dos</wf>
         <wf lemma="termos" pos="X">termos</wf>
         <wf lemma="da" pos="X">da</wf>
         <wf lemma="vontade" pos="X">vontade</wf>
         <wf lemma="." pos="X">.</wf>
      </sentence>
      <sentence id="d000.s1198" source="wordnet-galician">
         <wf lemma="o" pos="X">o</wf>
         <wf lemma="goberno" pos="X">goberno</wf>
         <instance id="d000.s1198.t000" lemma="nacional" pos="ADJ">nacional</instance>
         <wf lemma="." pos="X">.</wf>
      </sentence>
      <sentence id="d000.s1199" source="wordnet-galician">
         <wf lemma="un" pos="X">un</wf>
         <wf lemma="apéndice" pos="X">apéndice</wf>
         <instance id="d000.s1199.t000" lemma="cirúrxico" pos="ADJ">cirúrxica</instance>
         <wf lemma="." pos="X">.</wf>
      </sentence>
      <sentence id="d000.s1200" source="wordnet-galician">
         <wf lemma="a" pos="X">a</wf>
         <wf lemma="paisaxe" pos="X">paisaxe</wf>
         <wf lemma="era" pos="X">era</wf>
         <wf lemma="un" pos="X">un</wf>
         <wf lemma="mosaico" pos="X">mosaico</wf>
         <instance id="d000.s1200.t000" lemma="descontinuo" pos="ADJ">descontinuo</instance>
         <wf lemma="de" pos="X">de</wf>
         <wf lemma="campos" pos="X">campos</wf>
         <wf lemma="e" pos="X">e</wf>
         <wf lemma="áreas" pos="X">áreas</wf>
         <wf lemma="de" pos="X">de</wf>
         <wf lemma="bosque" pos="X">bosque</wf>
         <wf lemma="." pos="X">.</wf>
      </sentence>
      <sentence id="d000.s1201" source="wordnet-galician">
         <wf lemma="cortinas" pos="X">cortinas</wf>
         <wf lemma="da" pos="X">da</wf>
         <instance id="d000.s1201.t000" lemma="mesmo" pos="ADJ">mesma</instance>
         <wf lemma="cor" pos="X">cor</wf>
         <wf lemma="que" pos="X">que</wf>
         <wf lemma="as" pos="X">as</wf>
         <wf lemma="paredes" pos="X">paredes</wf>
         <wf lemma="." pos="X">.</wf>
      </sentence>
      <sentence id="d000.s1202" source="wordnet-galician">
         <wf lemma="os" pos="X">os</wf>
         <wf lemma="personaxes" pos="X">personaxes</wf>
         <wf lemma="eran" pos="X">eran</wf>
         <instance id="d000.s1202.t000" lemma="simpático" pos="ADJ">simpáticos</instance>
         <wf lemma="." pos="X">.</wf>
      </sentence>
      <sentence id="d000.s1203" source="wordnet-galician">
         <wf lemma="raramente" pos="X">raramente</wf>
         <wf lemma="era" pos="X">era</wf>
         <instance id="d000.s1203.t000" lemma="receptivo" pos="ADJ">receptiva</instance>
         <wf lemma="ás" pos="X">ás</wf>
         <wf lemma="miñas" pos="X">miñas</wf>
         <wf lemma="suxestións" pos="X">suxestións</wf>
         <wf lemma="." pos="X">.</wf>
      </sentence>
      <sentence id="d000.s1204" source="wordnet-galician">
         <wf lemma="comercio" pos="X">comercio</wf>
         <instance id="d000.s1204.t000" lemma="exterior" pos="ADJ">exterior</instance>
         <wf lemma="." pos="X">.</wf>
      </sentence>
      <sentence id="d000.s1205" source="wordnet-galician">
         <wf lemma="números" pos="X">números</wf>
         <instance id="d000.s1205.t000" lemma="ordinal" pos="ADJ">ordinais</instance>
         <wf lemma="." pos="X">.</wf>
      </sentence>
      <sentence id="d000.s1206" source="wordnet-galician">
         <wf lemma="a" pos="X">a</wf>
         <wf lemma="banda" pos="X">banda</wf>
         <wf lemma="tocou" pos="X">tocou</wf>
         <wf lemma="un" pos="X">un</wf>
         <wf lemma="fox-trot" pos="X">fox-trot</wf>
         <instance id="d000.s1206.t000" lemma="rápido" pos="ADJ">rápido</instance>
         <wf lemma="." pos="X">.</wf>
      </sentence>
      <sentence id="d000.s1207" source="wordnet-galician">
         <wf lemma="unha" pos="X">unha</wf>
         <wf lemma="posición" pos="X">posición</wf>
         <instance id="d000.s1207.t000" lemma="xogable" pos="ADJ">xogable</instance>
         <wf lemma="no" pos="X">no</wf>
         <wf lemma="golf." pos="X">golf.</wf>
      </sentence>
      <sentence id="d000.s1208" source="wordnet-galician">
         <wf lemma="unha" pos="X">unha</wf>
         <wf lemma="mente" pos="X">mente</wf>
         <instance id="d000.s1208.t000" lemma="ordenado" pos="ADJ">ordenada</instance>
         <wf lemma="." pos="X">.</wf>
      </sentence>
      <sentence id="d000.s1209" source="wordnet-galician">
         <wf lemma="'" pos="X">'</wf>
         <wf lemma="vermello" pos="X">vermello</wf>
         <wf lemma="'" pos="X">'</wf>
         <wf lemma="é" pos="X">é</wf>
         <wf lemma="un" pos="X">un</wf>
         <wf lemma="adxectivo" pos="X">adxectivo</wf>
         <instance id="d000.s1209.t000" lemma="atributivo" pos="ADJ">atributivo</instance>
         <wf lemma="en" pos="X">en</wf>
         <wf lemma="'" pos="X">'</wf>
         <wf lemma="unha" pos="X">unha</wf>
         <wf lemma="mazá" pos="X">mazá</wf>
         <wf lemma="vermella" pos="X">vermella</wf>
         <wf lemma="'" pos="X">'</wf>
         <wf lemma="." pos="X">.</wf>
      </sentence>
      <sentence id="d000.s1210" source="wordnet-galician">
         <wf lemma="ten" pos="X">ten</wf>
         <wf lemma="o" pos="X">o</wf>
         <instance id="d000.s1210.t000" lemma="nariz" pos="NOUN">nariz</instance>
         <wf lemma="arrefriado" pos="X">arrefriado</wf>
         <wf lemma="." pos="X">.</wf>
      </sentence>
      <sentence id="d000.s1211" source="wordnet-galician">
         <wf lemma="o" pos="X">o</wf>
         <wf lemma="vento" pos="X">vento</wf>
         <wf lemma="é" pos="X">é</wf>
         <instance id="d000.s1211.t000" lemma="imparable" pos="ADJ">imparable</instance>
         <wf lemma="." pos="X">.</wf>
      </sentence>
      <sentence id="d000.s1212" source="wordnet-galician">
         <wf lemma="o" pos="X">o</wf>
         <wf lemma="condutor" pos="X">condutor</wf>
         <instance id="d000.s1212.t000" lemma="inflexible" pos="ADJ">inflexible</instance>
         <wf lemma="do" pos="X">do</wf>
         <wf lemma="autobús" pos="X">autobús</wf>
         <wf lemma="arrancou" pos="X">arrancou</wf>
         <wf lemma="cando" pos="X">cando</wf>
         <wf lemma="estaba" pos="X">estaba</wf>
         <wf lemma="batendo" pos="X">batendo</wf>
         <wf lemma="na" pos="X">na</wf>
         <wf lemma="porta" pos="X">porta</wf>
         <wf lemma="." pos="X">.</wf>
      </sentence>
      <sentence id="d000.s1213" source="wordnet-galician">
         <wf lemma="as" pos="X">as</wf>
         <wf lemma="precipitacións" pos="X">precipitacións</wf>
         <wf lemma="no" pos="X">no</wf>
         <wf lemma="trópico" pos="X">trópico</wf>
         <wf lemma="son" pos="X">son</wf>
         <wf lemma="notoriamente" pos="X">notoriamente</wf>
         <instance id="d000.s1213.t000" lemma="variable" pos="ADJ">variables</instance>
         <wf lemma="." pos="X">.</wf>
      </sentence>
      <sentence id="d000.s1214" source="wordnet-galician">
         <wf lemma="a" pos="X">a</wf>
         <wf lemma="acción" pos="X">acción</wf>
         <instance id="d000.s1214.t000" lemma="sincrónico" pos="ADJ">sincrónica</instance>
         <wf lemma="das" pos="X">das</wf>
         <wf lemma="ás" pos="X">ás</wf>
         <wf lemma="dunha" pos="X">dunha</wf>
         <wf lemma="ave" pos="X">ave</wf>
         <wf lemma="en" pos="X">en</wf>
         <wf lemma="voo" pos="X">voo</wf>
         <wf lemma="." pos="X">.</wf>
      </sentence>
      <sentence id="d000.s1215" source="wordnet-galician">
         <wf lemma="estaba" pos="X">estaba</wf>
         <instance id="d000.s1215.t000" lemma="seguro" pos="ADJ">seguro</instance>
         <wf lemma="de" pos="X">de</wf>
         <wf lemma="que" pos="X">que</wf>
         <wf lemma="nada" pos="X">nada</wf>
         <wf lemma="se" pos="X">se</wf>
         <wf lemma="lle" pos="X">lle</wf>
         <wf lemma="volvería" pos="X">volvería</wf>
         <wf lemma="na" pos="X">na</wf>
         <wf lemma="súa" pos="X">súa</wf>
         <wf lemma="contra" pos="X">contra</wf>
         <wf lemma="." pos="X">.</wf>
      </sentence>
      <sentence id="d000.s1216" source="wordnet-galician">
         <wf lemma="tecido" pos="X">tecido</wf>
         <wf lemma="muscular" pos="X">muscular</wf>
         <instance id="d000.s1216.t000" lemma="hipertónico" pos="ADJ">hipertónico</instance>
         <wf lemma="." pos="X">.</wf>
      </sentence>
      <sentence id="d000.s1217" source="wordnet-galician">
         <wf lemma="os" pos="X">os</wf>
         <wf lemma="ricos" pos="X">ricos</wf>
         <instance id="d000.s1217.t000" lemma="ocioso" pos="ADJ">ociosos</instance>
         <wf lemma="." pos="X">.</wf>
      </sentence>
      <sentence id="d000.s1218" source="wordnet-galician">
         <wf lemma="a" pos="X">a</wf>
         <instance id="d000.s1218.t000" lemma="químico" pos="NOUN">química</instance>
         <wf lemma="do" pos="X">do</wf>
         <wf lemma="solo" pos="X">solo</wf>
         <wf lemma="." pos="X">.</wf>
      </sentence>
      <sentence id="d000.s1219" source="wordnet-galician">
         <wf lemma="a" pos="X">a</wf>
         <wf lemma="fría" pos="X">fría</wf>
         <wf lemma="neutralidade" pos="X">neutralidade</wf>
         <wf lemma="dun" pos="X">dun</wf>
         <wf lemma="xuíz" pos="X">xuíz</wf>
         <instance id="d000.s1219.t000" lemma="imparcial" pos="ADJ">imparcial</instance>
         <wf lemma="." pos="X">.</wf>
      </sentence>
      <sentence id="d000.s1220" source="wordnet-galician">
         <wf lemma="foron" pos="X">foron</wf>
         <wf lemma="tempos" pos="X">tempos</wf>
         <instance id="d000.s1220.t000" lemma="axitado" pos="ADJ">axitados</instance>
         <wf lemma="." pos="X">.</wf>
      </sentence>
      <sentence id="d000.s1221" source="wordnet-galician">
         <wf lemma="quedou" pos="X">quedou</wf>
         <instance id="d000.s1221.t000" lemma="esperto" pos="ADJ">esperto</instance>
         <wf lemma="a" pos="X">a</wf>
         <wf lemma="pensar" pos="X">pensar</wf>
         <wf lemma="sobre" pos="X">sobre</wf>
         <wf lemma="o" pos="X">o</wf>
         <wf lemma="seu" pos="X">seu</wf>
         <wf lemma="novo" pos="X">novo</wf>
         <wf lemma="traballo" pos="X">traballo</wf>
         <wf lemma="." pos="X">.</wf>
      </sentence>
      <sentence id="d000.s1222" source="wordnet-galician">
         <wf lemma="as" pos="X">as</wf>
         <wf lemma="chaquetas" pos="X">chaquetas</wf>
         <wf lemma="de" pos="X">de</wf>
         <wf lemma="coiro" pos="X">coiro</wf>
         <instance id="d000.s1222.t000" lemma="negro" pos="ADJ">negro</instance>
         <wf lemma="." pos="X">.</wf>
      </sentence>
      <sentence id="d000.s1223" source="wordnet-galician">
         <wf lemma="os" pos="X">os</wf>
         <wf lemma="lentes" pos="X">lentes</wf>
         <wf lemma="deixaron" pos="X">deixaron</wf>
         <wf lemma="marcas" pos="X">marcas</wf>
         <wf lemma="na" pos="X">na</wf>
         <instance id="d000.s1223.t000" lemma="ponte" pos="NOUN">ponte</instance>
         <wf lemma="do" pos="X">do</wf>
         <wf lemma="seu" pos="X">seu</wf>
         <wf lemma="nariz" pos="X">nariz</wf>
         <wf lemma="." pos="X">.</wf>
      </sentence>
      <sentence id="d000.s1224" source="wordnet-galician">
         <wf lemma="unha" pos="X">unha</wf>
         <wf lemma="cadela" pos="X">cadela</wf>
         <wf lemma="en" pos="X">en</wf>
         <wf lemma="período" pos="X">período</wf>
         <instance id="d000.s1224.t000" lemma="anestro" pos="ADJ">anestro</instance>
         <wf lemma="." pos="X">.</wf>
      </sentence>
      <sentence id="d000.s1225" source="wordnet-galician">
         <wf lemma="unha" pos="X">unha</wf>
         <wf lemma="cafetaría" pos="X">cafetaría</wf>
         <instance id="d000.s1225.t000" lemma="ruidoso" pos="ADJ">ruidosa</instance>
         <wf lemma="." pos="X">.</wf>
      </sentence>
      <sentence id="d000.s1226" source="wordnet-galician">
         <wf lemma="un" pos="X">un</wf>
         <instance id="d000.s1226.t000" lemma="último" pos="ADJ">último</instance>
         <wf lemma="obxectivo" pos="X">obxectivo</wf>
         <wf lemma="na" pos="X">na</wf>
         <wf lemma="vida" pos="X">vida</wf>
         <wf lemma="." pos="X">.</wf>
      </sentence>
      <sentence id="d000.s1227" source="wordnet-galician">
         <wf lemma="os" pos="X">os</wf>
         <wf lemma="meus" pos="X">meus</wf>
         <wf lemma="veciños" pos="X">veciños</wf>
         <wf lemma="son" pos="X">son</wf>
         <wf lemma="estranxeiros" pos="X">estranxeiros</wf>
         <instance id="d000.s1227.t000" lemma="residente" pos="ADJ">residentes</instance>
         <wf lemma="." pos="X">.</wf>
      </sentence>
      <sentence id="d000.s1228" source="wordnet-galician">
         <wf lemma="poses" pos="X">poses</wf>
         <instance id="d000.s1228.t000" lemma="sexy" pos="ADJ">sexy</instance>
         <wf lemma="." pos="X">.</wf>
      </sentence>
      <sentence id="d000.s1229" source="wordnet-galician">
         <wf lemma="prosa" pos="X">prosa</wf>
         <instance id="d000.s1229.t000" lemma="rítmico" pos="ADJ">rítmica</instance>
         <wf lemma="." pos="X">.</wf>
      </sentence>
      <sentence id="d000.s1230" source="wordnet-galician">
         <wf lemma="unha" pos="X">unha</wf>
         <wf lemma="parte" pos="X">parte</wf>
         <instance id="d000.s1230.t000" lemma="falante" pos="ADJ">falante</instance>
         <wf lemma="no" pos="X">no</wf>
         <wf lemma="xogo" pos="X">xogo</wf>
         <wf lemma="." pos="X">.</wf>
      </sentence>
      <sentence id="d000.s1231" source="wordnet-galician">
         <wf lemma="deberes" pos="X">deberes</wf>
         <instance id="d000.s1231.t000" lemma="regular" pos="ADJ">regulares</instance>
         <wf lemma="." pos="X">.</wf>
      </sentence>
      <sentence id="d000.s1232" source="wordnet-galician">
         <wf lemma="oficial" pos="X">oficial</wf>
         <instance id="d000.s1232.t000" lemma="electivo" pos="ADJ">electivo</instance>
         <wf lemma="." pos="X">.</wf>
      </sentence>
      <sentence id="d000.s1233" source="wordnet-galician">
         <instance id="d000.s1233.t000" lemma="próximo" pos="ADJ">próximo</instance>
         <wf lemma="ao" pos="X">ao</wf>
         <wf lemma="mediodía" pos="X">mediodía</wf>
         <wf lemma="." pos="X">.</wf>
      </sentence>
      <sentence id="d000.s1234" source="wordnet-galician">
         <wf lemma="usou" pos="X">usou</wf>
         <wf lemma="unha" pos="X">unha</wf>
         <instance id="d000.s1234.t000" lemma="solución" pos="NOUN">solución</instance>
         <wf lemma="de" pos="X">de</wf>
         <wf lemma="peróxido" pos="X">peróxido</wf>
         <wf lemma="e" pos="X">e</wf>
         <wf lemma="auga" pos="X">auga</wf>
         <wf lemma="." pos="X">.</wf>
      </sentence>
      <sentence id="d000.s1235" source="wordnet-galician">
         <wf lemma="os" pos="X">os</wf>
         <wf lemma="médicos" pos="X">médicos</wf>
         <wf lemma="están" pos="X">están</wf>
         <wf lemma="traballando" pos="X">traballando</wf>
         <wf lemma="duro" pos="X">duro</wf>
         <wf lemma="para" pos="X">para</wf>
         <wf lemma="mantelo" pos="X">mantelo</wf>
         <instance id="d000.s1235.t000" lemma="vivo" pos="ADJ">vivo</instance>
         <wf lemma="." pos="X">.</wf>
      </sentence>
      <sentence id="d000.s1236" source="wordnet-galician">
         <wf lemma="forza" pos="X">forza</wf>
         <instance id="d000.s1236.t000" lemma="explosivo" pos="ADJ">explosiva</instance>
         <wf lemma="." pos="X">.</wf>
      </sentence>
      <sentence id="d000.s1237" source="wordnet-galician">
         <wf lemma="unha" pos="X">unha</wf>
         <wf lemma="mente" pos="X">mente</wf>
         <instance id="d000.s1237.t000" lemma="exacto" pos="ADJ">exacta</instance>
         <wf lemma="." pos="X">.</wf>
      </sentence>
      <sentence id="d000.s1238" source="wordnet-galician">
         <wf lemma="un" pos="X">un</wf>
         <wf lemma="traxe" pos="X">traxe</wf>
         <wf lemma="azul" pos="X">azul</wf>
         <instance id="d000.s1238.t000" lemma="simple" pos="ADJ">simple</instance>
         <wf lemma="." pos="X">.</wf>
      </sentence>
      <sentence id="d000.s1239" source="wordnet-galician">
         <wf lemma="ten" pos="X">ten</wf>
         <wf lemma="que" pos="X">que</wf>
         <wf lemma="admirala" pos="X">admirala</wf>
         <wf lemma=";" pos="X">;</wf>
         <wf lemma="había" pos="X">había</wf>
         <wf lemma="que" pos="X">que</wf>
         <wf lemma="ser" pos="X">ser</wf>
         <instance id="d000.s1239.t000" lemma="valente" pos="ADJ">valente</instance>
         <wf lemma="para" pos="X">para</wf>
         <wf lemma="facelo" pos="X">facelo</wf>
         <wf lemma="." pos="X">.</wf>
      </sentence>
      <sentence id="d000.s1240" source="wordnet-galician">
         <wf lemma="os" pos="X">os</wf>
         <wf lemma="ácidos" pos="X">ácidos</wf>
         <wf lemma="clorhídrico" pos="X">clorhídrico</wf>
         <wf lemma="e" pos="X">e</wf>
         <wf lemma="sulfúrico" pos="X">sulfúrico</wf>
         <wf lemma="son" pos="X">son</wf>
         <wf lemma="chamados" pos="X">chamados</wf>
         <wf lemma="substancias" pos="X">substancias</wf>
         <instance id="d000.s1240.t000" lemma="inorgánico" pos="ADJ">inorgánicas</instance>
         <wf lemma="." pos="X">.</wf>
      </sentence>
      <sentence id="d000.s1241" source="wordnet-galician">
         <wf lemma="sons" pos="X">sons</wf>
         <wf lemma="doadamente" pos="X">doadamente</wf>
         <instance id="d000.s1241.t000" lemma="perceptible" pos="ADJ">perceptibles</instance>
         <wf lemma="." pos="X">.</wf>
      </sentence>
      <sentence id="d000.s1242" source="wordnet-galician">
         <wf lemma="capa" pos="X">capa</wf>
         <instance id="d000.s1242.t000" lemma="vexetal" pos="ADJ">vexetal</instance>
         <wf lemma="en" pos="X">en</wf>
         <wf lemma="descomposición" pos="X">descomposición</wf>
         <wf lemma="que" pos="X">que</wf>
         <wf lemma="cobre" pos="X">cobre</wf>
         <wf lemma="o" pos="X">o</wf>
         <wf lemma="chan" pos="X">chan</wf>
         <wf lemma="do" pos="X">do</wf>
         <wf lemma="bosque" pos="X">bosque</wf>
         <wf lemma="." pos="X">.</wf>
      </sentence>
      <sentence id="d000.s1243" source="wordnet-galician">
         <wf lemma="cambios" pos="X">cambios</wf>
         <instance id="d000.s1243.t000" lemma="perceptible" pos="ADJ">perceptibles</instance>
         <wf lemma="no" pos="X">no</wf>
         <wf lemma="comportamento" pos="X">comportamento</wf>
         <wf lemma="." pos="X">.</wf>
      </sentence>
      <sentence id="d000.s1244" source="wordnet-galician">
         <wf lemma="o" pos="X">o</wf>
         <wf lemma="goberno" pos="X">goberno</wf>
         <instance id="d000.s1244.t000" lemma="socialista" pos="ADJ">socialista</instance>
         <wf lemma="." pos="X">.</wf>
      </sentence>
      <sentence id="d000.s1245" source="wordnet-galician">
         <wf lemma="un" pos="X">un</wf>
         <wf lemma="conferenciante" pos="X">conferenciante</wf>
         <instance id="d000.s1245.t000" lemma="prolixo" pos="ADJ">prolixo</instance>
         <wf lemma="que" pos="X">que</wf>
         <wf lemma="conta" pos="X">conta</wf>
         <wf lemma="máis" pos="X">máis</wf>
         <wf lemma="do" pos="X">do</wf>
         <wf lemma="que" pos="X">que</wf>
         <wf lemma="queres" pos="X">queres</wf>
         <wf lemma="saber" pos="X">saber</wf>
         <wf lemma="." pos="X">.</wf>
      </sentence>
      <sentence id="d000.s1246" source="wordnet-galician">
         <wf lemma="empurrou" pos="X">empurrou</wf>
         <wf lemma="a" pos="X">a</wf>
         <wf lemma="corda" pos="X">corda</wf>
         <wf lemma="a" pos="X">a</wf>
         <wf lemma="través" pos="X">través</wf>
         <wf lemma="dun" pos="X">dun</wf>
         <wf lemma="burato" pos="X">burato</wf>
         <instance id="d000.s1246.t000" lemma="imperceptible" pos="ADJ">imperceptible</instance>
         <wf lemma="." pos="X">.</wf>
      </sentence>
      <sentence id="d000.s1247" source="wordnet-galician">
         <wf lemma="un" pos="X">un</wf>
         <wf lemma="xeito" pos="X">xeito</wf>
         <instance id="d000.s1247.t000" lemma="informal" pos="ADJ">informal</instance>
         <wf lemma="," pos="X">,</wf>
         <wf lemma="libre" pos="X">libre</wf>
         <wf lemma="e" pos="X">e</wf>
         <wf lemma="fácil" pos="X">fácil</wf>
         <wf lemma="." pos="X">.</wf>
      </sentence>
      <sentence id="d000.s1248" source="wordnet-galician">
         <wf lemma="a" pos="X">a</wf>
         <wf lemma="nosa" pos="X">nosa</wf>
         <wf lemma="casa" pos="X">casa</wf>
         <instance id="d000.s1248.t000" lemma="terreo" pos="ADJ">terrea</instance>
         <wf lemma="." pos="X">.</wf>
      </sentence>
      <sentence id="d000.s1249" source="wordnet-galician">
         <wf lemma="un" pos="X">un</wf>
         <wf lemma="home" pos="X">home</wf>
         <instance id="d000.s1249.t000" lemma="constante" pos="ADJ">constante</instance>
         <wf lemma="na" pos="X">na</wf>
         <wf lemma="adherencia" pos="X">adherencia</wf>
         <wf lemma="aos" pos="X">aos</wf>
         <wf lemma="seus" pos="X">seus</wf>
         <wf lemma="ideais" pos="X">ideais</wf>
         <wf lemma="." pos="X">.</wf>
      </sentence>
      <sentence id="d000.s1250" source="wordnet-galician">
         <instance id="d000.s1250.t000" lemma="susceptible" pos="ADJ">susceptible</instance>
         <wf lemma="de" pos="X">de</wf>
         <wf lemma="probas" pos="X">probas</wf>
         <wf lemma="." pos="X">.</wf>
      </sentence>
      <sentence id="d000.s1251" source="wordnet-galician">
         <wf lemma="os" pos="X">os</wf>
         <wf lemma="datos" pos="X">datos</wf>
         <instance id="d000.s1251.t000" lemma="empírico" pos="ADJ">empíricos</instance>
         <wf lemma="." pos="X">.</wf>
      </sentence>
      <sentence id="d000.s1252" source="wordnet-galician">
         <wf lemma="os" pos="X">os</wf>
         <wf lemma="empregados" pos="X">empregados</wf>
         <instance id="d000.s1252.t000" lemma="fiel" pos="ADJ">fieis</instance>
         <wf lemma="." pos="X">.</wf>
      </sentence>
      <sentence id="d000.s1253" source="wordnet-galician">
         <wf lemma="unha" pos="X">unha</wf>
         <wf lemma="lei" pos="X">lei</wf>
         <instance id="d000.s1253.t000" lemma="inxusto" pos="ADJ">inxusta</instance>
         <wf lemma="." pos="X">.</wf>
      </sentence>
      <sentence id="d000.s1254" source="wordnet-galician">
         <wf lemma="medidas" pos="X">medidas</wf>
         <instance id="d000.s1254.t000" lemma="enérxico" pos="ADJ">enérxicas</instance>
         <wf lemma="." pos="X">.</wf>
      </sentence>
      <sentence id="d000.s1255" source="wordnet-galician">
         <wf lemma="non" pos="X">non</wf>
         <wf lemma="quero" pos="X">quero</wf>
         <wf lemma="nada" pos="X">nada</wf>
         <wf lemma="de" pos="X">de</wf>
         <wf lemma="ti" pos="X">ti</wf>
         <wf lemma="só" pos="X">só</wf>
         <wf lemma="irme" pos="X">irme</wf>
         <wf lemma="lonxe" pos="X">lonxe</wf>
         <wf lemma="da" pos="X">da</wf>
         <wf lemma="túa" pos="X">túa</wf>
         <wf lemma="lingua" pos="X">lingua</wf>
         <instance id="d000.s1255.t000" lemma="groseiro" pos="ADJ">groseira</instance>
         <wf lemma="(" pos="X">(</wf>
         <wf lemma="Willa" pos="X">Willa</wf>
         <wf lemma="Cather" pos="X">Cather</wf>
         <wf lemma=")" pos="X">)</wf>
         <wf lemma="." pos="X">.</wf>
      </sentence>
      <sentence id="d000.s1256" source="wordnet-galician">
         <wf lemma="abríronse" pos="X">abríronse</wf>
         <wf lemma="paso" pos="X">paso</wf>
         <wf lemma="pola" pos="X">pola</wf>
         <instance id="d000.s1256.t000" lemma="lama" pos="NOUN">lama</instance>
         <wf lemma="." pos="X">.</wf>
      </sentence>
      <sentence id="d000.s1257" source="wordnet-galician">
         <wf lemma="para" pos="X">para</wf>
         <wf lemma="mellorar" pos="X">mellorar</wf>
         <wf lemma="a" pos="X">a</wf>
         <wf lemma="súa" pos="X">súa</wf>
         <wf lemma="posición" pos="X">posición</wf>
         <instance id="d000.s1257.t000" lemma="competitivo" pos="ADJ">competitiva</instance>
         <wf lemma="." pos="X">.</wf>
      </sentence>
      <sentence id="d000.s1258" source="wordnet-galician">
         <wf lemma="tirou" pos="X">tirou</wf>
         <wf lemma="un" pos="X">un</wf>
         <wf lemma="cigarro" pos="X">cigarro</wf>
         <instance id="d000.s1258.t000" lemma="aceso" pos="ADJ">aceso</instance>
         <wf lemma="pola" pos="X">pola</wf>
         <wf lemma="fiestra" pos="X">fiestra</wf>
         <wf lemma="." pos="X">.</wf>
      </sentence>
      <sentence id="d000.s1259" source="wordnet-galician">
         <wf lemma="un" pos="X">un</wf>
         <instance id="d000.s1259.t000" lemma="relativo" pos="ADJ">relativo</instance>
         <wf lemma="descoñecido" pos="X">descoñecido</wf>
         <wf lemma="." pos="X">.</wf>
      </sentence>
      <sentence id="d000.s1260" source="wordnet-galician">
         <wf lemma="é" pos="X">é</wf>
         <instance id="d000.s1260.t000" lemma="irritable" pos="ADJ">irritable</instance>
         <wf lemma="coas" pos="X">coas</wf>
         <wf lemma="críticas" pos="X">críticas</wf>
         <wf lemma="." pos="X">.</wf>
      </sentence>
      <sentence id="d000.s1261" source="wordnet-galician">
         <wf lemma="ten" pos="X">ten</wf>
         <wf lemma="unha" pos="X">unha</wf>
         <wf lemma="estrutura" pos="X">estrutura</wf>
         <instance id="d000.s1261.t000" lemma="corpóreo" pos="ADJ">corpórea</instance>
         <wf lemma="." pos="X">.</wf>
      </sentence>
      <sentence id="d000.s1262" source="wordnet-galician">
         <wf lemma="o" pos="X">o</wf>
         <wf lemma="país" pos="X">país</wf>
         <wf lemma="tiña" pos="X">tiña</wf>
         <wf lemma="unha" pos="X">unha</wf>
         <wf lemma="economía" pos="X">economía</wf>
         <instance id="d000.s1262.t000" lemma="pobre" pos="ADJ">pobre</instance>
         <wf lemma="." pos="X">.</wf>
      </sentence>
      <sentence id="d000.s1263" source="wordnet-galician">
         <wf lemma="deu" pos="X">deu</wf>
         <wf lemma="un" pos="X">un</wf>
         <instance id="d000.s1263.t000" lemma="valente" pos="ADJ">valente</instance>
         <wf lemma="exemplo" pos="X">exemplo</wf>
         <wf lemma="cando" pos="X">cando</wf>
         <wf lemma="os" pos="X">os</wf>
         <wf lemma="conduciu" pos="X">conduciu</wf>
         <wf lemma="con" pos="X">con</wf>
         <wf lemma="seguridade" pos="X">seguridade</wf>
         <wf lemma="tanto" pos="X">tanto</wf>
         <wf lemma="dentro" pos="X">dentro</wf>
         <wf lemma="como" pos="X">como</wf>
         <wf lemma="fóra" pos="X">fóra</wf>
         <wf lemma="do" pos="X">do</wf>
         <wf lemma="territorio" pos="X">territorio</wf>
         <wf lemma="ocupado" pos="X">ocupado</wf>
         <wf lemma="polo" pos="X">polo</wf>
         <wf lemma="inimigo" pos="X">inimigo</wf>
         <wf lemma="." pos="X">.</wf>
      </sentence>
      <sentence id="d000.s1264" source="wordnet-galician">
         <wf lemma="era" pos="X">era</wf>
         <wf lemma="unha" pos="X">unha</wf>
         <wf lemma="persoa" pos="X">persoa</wf>
         <instance id="d000.s1264.t000" lemma="comunicativo" pos="ADJ">comunicativa</instance>
         <wf lemma="e" pos="X">e</wf>
         <wf lemma="rapidamente" pos="X">rapidamente</wf>
         <wf lemma="dixo" pos="X">dixo</wf>
         <wf lemma="todo" pos="X">todo</wf>
         <wf lemma="o" pos="X">o</wf>
         <wf lemma="que" pos="X">que</wf>
         <wf lemma="sabía" pos="X">sabía</wf>
         <wf lemma="(" pos="X">(</wf>
         <wf lemma="W." pos="X">W.</wf>
         <wf lemma="M." pos="X">M.</wf>
         <wf lemma="Thackeray" pos="X">Thackeray</wf>
         <wf lemma=")" pos="X">)</wf>
         <wf lemma="." pos="X">.</wf>
      </sentence>
      <sentence id="d000.s1265" source="wordnet-galician">
         <wf lemma="os" pos="X">os</wf>
         <wf lemma="amigos" pos="X">amigos</wf>
         <instance id="d000.s1265.t000" lemma="leal" pos="ADJ">leais</instance>
         <wf lemma="estaban" pos="X">estaban</wf>
         <wf lemma="con" pos="X">con</wf>
         <wf lemma="el." pos="X">el.</wf>
      </sentence>
      <sentence id="d000.s1266" source="wordnet-galician">
         <wf lemma="o" pos="X">o</wf>
         <wf lemma="carbón" pos="X">carbón</wf>
         <wf lemma="é" pos="X">é</wf>
         <wf lemma="un" pos="X">un</wf>
         <instance id="d000.s1266.t000" lemma="material" pos="NOUN">material</instance>
         <wf lemma="negro" pos="X">negro</wf>
         <wf lemma="e" pos="X">e</wf>
         <wf lemma="duro" pos="X">duro</wf>
         <wf lemma="." pos="X">.</wf>
      </sentence>
      <sentence id="d000.s1267" source="wordnet-galician">
         <wf lemma="un" pos="X">un</wf>
         <wf lemma="condutor" pos="X">condutor</wf>
         <instance id="d000.s1267.t000" lemma="inofensivo" pos="ADJ">inofensivo</instance>
         <wf lemma="non" pos="X">non</wf>
         <wf lemma="debería" pos="X">debería</wf>
         <wf lemma="ser" pos="X">ser</wf>
         <wf lemma="multado" pos="X">multado</wf>
         <wf lemma="." pos="X">.</wf>
      </sentence>
      <sentence id="d000.s1268" source="wordnet-galician">
         <wf lemma="unha" pos="X">unha</wf>
         <wf lemma="exposición" pos="X">exposición</wf>
         <wf lemma="moi" pos="X">moi</wf>
         <instance id="d000.s1268.t000" lemma="luxoso" pos="ADJ">luxosa</instance>
         <wf lemma="." pos="X">.</wf>
      </sentence>
      <sentence id="d000.s1269" source="wordnet-galician">
         <wf lemma="dispositivo" pos="X">dispositivo</wf>
         <instance id="d000.s1269.t000" lemma="analóxico" pos="ADJ">analóxico</instance>
         <wf lemma="." pos="X">.</wf>
      </sentence>
      <sentence id="d000.s1270" source="wordnet-galician">
         <wf lemma="ten" pos="X">ten</wf>
         <wf lemma="dereitos" pos="X">dereitos</wf>
         <wf lemma="e" pos="X">e</wf>
         <wf lemma="privilexios" pos="X">privilexios</wf>
         <instance id="d000.s1270.t000" lemma="extraterritorial" pos="ADJ">extraterritoriais</instance>
         <wf lemma="." pos="X">.</wf>
      </sentence>
      <sentence id="d000.s1271" source="wordnet-galician">
         <wf lemma="a" pos="X">a</wf>
         <wf lemma="miña" pos="X">miña</wf>
         <wf lemma="man" pos="X">man</wf>
         <instance id="d000.s1271.t000" lemma="dereita" pos="ADJ">dereita</instance>
         <wf lemma="." pos="X">.</wf>
      </sentence>
      <sentence id="d000.s1272" source="wordnet-galician">
         <wf lemma="substituíndo" pos="X">substituíndo</wf>
         <wf lemma="os" pos="X">os</wf>
         <wf lemma="alborotadores" pos="X">alborotadores</wf>
         <wf lemma="por" pos="X">por</wf>
         <wf lemma="xente" pos="X">xente</wf>
         <wf lemma="máis" pos="X">máis</wf>
         <instance id="d000.s1272.t000" lemma="submiso" pos="ADJ">submisa</instance>
         <wf lemma="." pos="X">.</wf>
      </sentence>
      <sentence id="d000.s1273" source="wordnet-galician">
         <wf lemma="unha" pos="X">unha</wf>
         <wf lemma="mirada" pos="X">mirada</wf>
         <instance id="d000.s1273.t000" lemma="respectuoso" pos="ADJ">respectuosa</instance>
         <wf lemma="." pos="X">.</wf>
      </sentence>
      <sentence id="d000.s1274" source="wordnet-galician">
         <wf lemma="Europa" pos="X">Europa</wf>
         <instance id="d000.s1274.t000" lemma="oriental" pos="ADJ">oriental</instance>
         <wf lemma="." pos="X">.</wf>
      </sentence>
      <sentence id="d000.s1275" source="wordnet-galician">
         <wf lemma="adolescentes" pos="X">adolescentes</wf>
         <instance id="d000.s1275.t000" lemma="perturbador" pos="ADJ">perturbadores</instance>
         <wf lemma="." pos="X">.</wf>
      </sentence>
      <sentence id="d000.s1276" source="wordnet-galician">
         <wf lemma="a" pos="X">a</wf>
         <wf lemma="resposta" pos="X">resposta</wf>
         <instance id="d000.s1276.t000" lemma="adecuado" pos="ADJ">adecuada</instance>
         <wf lemma="." pos="X">.</wf>
      </sentence>
      <sentence id="d000.s1277" source="wordnet-galician">
         <wf lemma="as" pos="X">as</wf>
         <wf lemma="condicións" pos="X">condicións</wf>
         <instance id="d000.s1277.t000" lemma="saudable" pos="ADJ">saudables</instance>
         <wf lemma="para" pos="X">para</wf>
         <wf lemma="a" pos="X">a</wf>
         <wf lemma="preparación" pos="X">preparación</wf>
         <wf lemma="de" pos="X">de</wf>
         <wf lemma="alimentos" pos="X">alimentos</wf>
         <wf lemma="." pos="X">.</wf>
      </sentence>
      <sentence id="d000.s1278" source="wordnet-galician">
         <wf lemma="un" pos="X">un</wf>
         <wf lemma="orador" pos="X">orador</wf>
         <instance id="d000.s1278.t000" lemma="contundente" pos="ADJ">contundente</instance>
         <wf lemma="." pos="X">.</wf>
      </sentence>
      <sentence id="d000.s1279" source="wordnet-galician">
         <wf lemma="bateron" pos="X">bateron</wf>
         <wf lemma="a" pos="X">a</wf>
         <wf lemma="pelota" pos="X">pelota</wf>
         <wf lemma="a" pos="X">a</wf>
         <wf lemma="medio" pos="X">medio</wf>
         <wf lemma="campo" pos="X">campo</wf>
         <instance id="d000.s1279.t000" lemma="profundo" pos="ADJ">profundo</instance>
         <wf lemma="." pos="X">.</wf>
      </sentence>
      <sentence id="d000.s1280" source="wordnet-galician">
         <wf lemma="unha" pos="X">unha</wf>
         <wf lemma="película" pos="X">película</wf>
         <instance id="d000.s1280.t000" lemma="rápido" pos="ADJ">rápida</instance>
         <wf lemma="." pos="X">.</wf>
      </sentence>
      <sentence id="d000.s1281" source="wordnet-galician">
         <wf lemma="é" pos="X">é</wf>
         <wf lemma="o" pos="X">o</wf>
         <wf lemma="orador" pos="X">orador</wf>
         <wf lemma="máis" pos="X">máis</wf>
         <instance id="d000.s1281.t000" lemma="persuasivo" pos="ADJ">persuasivo</instance>
         <wf lemma="." pos="X">.</wf>
      </sentence>
      <sentence id="d000.s1282" source="wordnet-galician">
         <wf lemma="os" pos="X">os</wf>
         <wf lemma="efectos" pos="X">efectos</wf>
         <wf lemma="serán" pos="X">serán</wf>
         <wf lemma="violentos" pos="X">violentos</wf>
         <wf lemma="e" pos="X">e</wf>
         <wf lemma="," pos="X">,</wf>
         <wf lemma="probablemente" pos="X">probablemente</wf>
         <wf lemma="," pos="X">,</wf>
         <instance id="d000.s1282.t000" lemma="sanguento" pos="ADJ">sanguentos</instance>
         <wf lemma="." pos="X">.</wf>
      </sentence>
      <sentence id="d000.s1283" source="wordnet-galician">
         <wf lemma="os" pos="X">os</wf>
         <wf lemma="nenos" pos="X">nenos</wf>
         <wf lemma="estaban" pos="X">estaban</wf>
         <wf lemma="xogando" pos="X">xogando</wf>
         <wf lemma="con" pos="X">con</wf>
         <wf lemma="soldadiños" pos="X">soldadiños</wf>
         <wf lemma="de" pos="X">de</wf>
         <instance id="d000.s1283.t000" lemma="chumbo" pos="NOUN">chumbo</instance>
         <wf lemma="." pos="X">.</wf>
      </sentence>
      <sentence id="d000.s1284" source="wordnet-galician">
         <wf lemma="este" pos="X">este</wf>
         <wf lemma="informe" pos="X">informe</wf>
         <wf lemma="é" pos="X">é</wf>
         <instance id="d000.s1284.t000" lemma="incomparábel" pos="ADJ">incomparábel</instance>
         <wf lemma="cos" pos="X">cos</wf>
         <wf lemma="anteriores" pos="X">anteriores</wf>
         <wf lemma="debido" pos="X">debido</wf>
         <wf lemma="ás" pos="X">ás</wf>
         <wf lemma="distintas" pos="X">distintas</wf>
         <wf lemma="avarías" pos="X">avarías</wf>
         <wf lemma="dos" pos="X">dos</wf>
         <wf lemma="datos" pos="X">datos</wf>
         <wf lemma="." pos="X">.</wf>
      </sentence>
      <sentence id="d000.s1285" source="wordnet-galician">
         <wf lemma="unha" pos="X">unha</wf>
         <wf lemma="escala" pos="X">escala</wf>
         <instance id="d000.s1285.t000" lemma="cromático" pos="ADJ">cromática</instance>
         <wf lemma="." pos="X">.</wf>
      </sentence>
      <sentence id="d000.s1286" source="wordnet-galician">
         <wf lemma="a" pos="X">a</wf>
         <wf lemma="demanda" pos="X">demanda</wf>
         <wf lemma="era" pos="X">era</wf>
         <wf lemma="só" pos="X">só</wf>
         <instance id="d000.s1286.t000" lemma="formal" pos="ADJ">formal</instance>
         <wf lemma="e" pos="X">e</wf>
         <wf lemma="moitas" pos="X">moitas</wf>
         <wf lemma="veces" pos="X">veces</wf>
         <wf lemma="ignorada" pos="X">ignorada</wf>
         <wf lemma="." pos="X">.</wf>
      </sentence>
      <sentence id="d000.s1287" source="wordnet-galician">
         <wf lemma="a" pos="X">a</wf>
         <wf lemma="poboación" pos="X">poboación</wf>
         <instance id="d000.s1287.t000" lemma="rural" pos="ADJ">rural</instance>
         <wf lemma="." pos="X">.</wf>
      </sentence>
      <sentence id="d000.s1288" source="wordnet-galician">
         <wf lemma="unha" pos="X">unha</wf>
         <wf lemma="sesión" pos="X">sesión</wf>
         <wf lemma="lexislativa" pos="X">lexislativa</wf>
         <instance id="d000.s1288.t000" lemma="extraordinario" pos="ADJ">extraordinaria</instance>
         <wf lemma="." pos="X">.</wf>
      </sentence>
      <sentence id="d000.s1289" source="wordnet-galician">
         <wf lemma="é" pos="X">é</wf>
         <wf lemma="unha" pos="X">unha</wf>
         <wf lemma="proba" pos="X">proba</wf>
         <instance id="d000.s1289.t000" lemma="admisible" pos="ADJ">admisible</instance>
         <wf lemma="." pos="X">.</wf>
      </sentence>
      <sentence id="d000.s1290" source="wordnet-galician">
         <wf lemma="a" pos="X">a</wf>
         <wf lemma="tecnoloxía" pos="X">tecnoloxía</wf>
         <wf lemma="sen" pos="X">sen</wf>
         <wf lemma="moralidade" pos="X">moralidade</wf>
         <wf lemma="é" pos="X">é</wf>
         <wf lemma="brutal" pos="X">brutal</wf>
         <wf lemma=";" pos="X">;</wf>
         <wf lemma="a" pos="X">a</wf>
         <wf lemma="moralidade" pos="X">moralidade</wf>
         <wf lemma="sen" pos="X">sen</wf>
         <wf lemma="tecnoloxía" pos="X">tecnoloxía</wf>
         <wf lemma="é" pos="X">é</wf>
         <instance id="d000.s1290.t000" lemma="impotente" pos="ADJ">impotente</instance>
         <wf lemma="(" pos="X">(</wf>
         <wf lemma="Freeman" pos="X">Freeman</wf>
         <wf lemma="J." pos="X">J.</wf>
         <wf lemma="Dyson" pos="X">Dyson</wf>
         <wf lemma=")" pos="X">)</wf>
         <wf lemma="." pos="X">.</wf>
      </sentence>
      <sentence id="d000.s1291" source="wordnet-galician">
         <wf lemma="un" pos="X">un</wf>
         <wf lemma="acordo" pos="X">acordo</wf>
         <instance id="d000.s1291.t000" lemma="xusto" pos="ADJ">xusto</instance>
         <wf lemma="." pos="X">.</wf>
      </sentence>
      <sentence id="d000.s1292" source="wordnet-galician">
         <wf lemma="unha" pos="X">unha</wf>
         <wf lemma="máquina" pos="X">máquina</wf>
         <instance id="d000.s1292.t000" lemma="político" pos="ADJ">política</instance>
         <wf lemma="." pos="X">.</wf>
      </sentence>
      <sentence id="d000.s1293" source="wordnet-galician">
         <wf lemma="quere" pos="X">quere</wf>
         <wf lemma="meter" pos="X">meter</wf>
         <wf lemma="unha" pos="X">unha</wf>
         <wf lemma="peza" pos="X">peza</wf>
         <instance id="d000.s1293.t000" lemma="cadrado" pos="ADJ">cadrada</instance>
         <wf lemma="nun" pos="X">nun</wf>
         <wf lemma="burato" pos="X">burato</wf>
         <wf lemma="redondo" pos="X">redondo</wf>
         <wf lemma="." pos="X">.</wf>
      </sentence>
      <sentence id="d000.s1294" source="wordnet-galician">
         <wf lemma="o" pos="X">o</wf>
         <wf lemma="seu" pos="X">seu</wf>
         <wf lemma="cabelo" pos="X">cabelo</wf>
         <instance id="d000.s1294.t000" lemma="desamañado" pos="ADJ">desamañado</instance>
         <wf lemma="." pos="X">.</wf>
      </sentence>
      <sentence id="d000.s1295" source="wordnet-galician">
         <wf lemma="unha" pos="X">unha</wf>
         <wf lemma="aplicación" pos="X">aplicación</wf>
         <instance id="d000.s1295.t000" lemma="uniforme" pos="ADJ">uniforme</instance>
         <wf lemma="de" pos="X">de</wf>
         <wf lemma="verniz" pos="X">verniz</wf>
         <wf lemma="." pos="X">.</wf>
      </sentence>
      <sentence id="d000.s1296" source="wordnet-galician">
         <wf lemma="un" pos="X">un</wf>
         <instance id="d000.s1296.t000" lemma="vello" pos="ADJ">vello</instance>
         <wf lemma="país" pos="X">país</wf>
         <wf lemma="." pos="X">.</wf>
      </sentence>
      <sentence id="d000.s1297" source="wordnet-galician">
         <wf lemma="unha" pos="X">unha</wf>
         <wf lemma="formación" pos="X">formación</wf>
         <instance id="d000.s1297.t000" lemma="próximo" pos="ADJ">próxima</instance>
         <wf lemma="de" pos="X">de</wf>
         <wf lemma="buques" pos="X">buques</wf>
         <wf lemma="." pos="X">.</wf>
      </sentence>
      <sentence id="d000.s1298" source="wordnet-galician">
         <wf lemma="pediu" pos="X">pediu</wf>
         <instance id="d000.s1298.t000" lemma="outro" pos="ADJ">outro</instance>
         <wf lemma="emprego" pos="X">emprego</wf>
         <wf lemma="." pos="X">.</wf>
      </sentence>
      <sentence id="d000.s1299" source="wordnet-galician">
         <wf lemma="o" pos="X">o</wf>
         <wf lemma="corpo" pos="X">corpo</wf>
         <wf lemma="dun" pos="X">dun</wf>
         <wf lemma="discapacitado" pos="X">discapacitado</wf>
         <wf lemma="é" pos="X">é</wf>
         <instance id="d000.s1299.t000" lemma="fráxil" pos="ADJ">fráxil</instance>
         <wf lemma="." pos="X">.</wf>
      </sentence>
      <sentence id="d000.s1300" source="wordnet-galician">
         <wf lemma="un" pos="X">un</wf>
         <wf lemma="coñecemento" pos="X">coñecemento</wf>
         <instance id="d000.s1300.t000" lemma="práctico" pos="ADJ">práctico</instance>
         <wf lemma="do" pos="X">do</wf>
         <wf lemma="xaponés" pos="X">xaponés</wf>
         <wf lemma="." pos="X">.</wf>
      </sentence>
      <sentence id="d000.s1301" source="wordnet-galician">
         <wf lemma="a" pos="X">a</wf>
         <wf lemma="oficina" pos="X">oficina</wf>
         <instance id="d000.s1301.t000" lemma="estranxeiro" pos="ADJ">estranxeira</instance>
         <wf lemma="." pos="X">.</wf>
      </sentence>
      <sentence id="d000.s1302" source="wordnet-galician">
         <wf lemma="O" pos="X">O</wf>
         <instance id="d000.s1302.t000" lemma="fondo" pos="NOUN">fondo</instance>
         <wf lemma="do" pos="X">do</wf>
         <wf lemma="estómago" pos="X">estómago</wf>
         <wf lemma="." pos="X">.</wf>
      </sentence>
      <sentence id="d000.s1303" source="wordnet-galician">
         <wf lemma="atopei" pos="X">atopei</wf>
         <wf lemma="un" pos="X">un</wf>
         <wf lemma="traballo" pos="X">traballo</wf>
         <wf lemma="moi" pos="X">moi</wf>
         <instance id="d000.s1303.t000" lemma="esixente" pos="ADJ">esixente</instance>
         <wf lemma="." pos="X">.</wf>
      </sentence>
      <sentence id="d000.s1304" source="wordnet-galician">
         <wf lemma="un" pos="X">un</wf>
         <wf lemma="matrimonio" pos="X">matrimonio</wf>
         <instance id="d000.s1304.t000" lemma="feliz" pos="ADJ">feliz</instance>
         <wf lemma="." pos="X">.</wf>
      </sentence>
      <sentence id="d000.s1305" source="wordnet-galician">
         <wf lemma="o" pos="X">o</wf>
         <wf lemma="divertículo" pos="X">divertículo</wf>
         <wf lemma="de" pos="X">de</wf>
         <wf lemma="Meckel" pos="X">Meckel</wf>
         <wf lemma="é" pos="X">é</wf>
         <wf lemma="o" pos="X">o</wf>
         <instance id="d000.s1305.t000" lemma="rudimento" pos="NOUN">rudimento</instance>
         <wf lemma="da" pos="X">da</wf>
         <wf lemma="membrana" pos="X">membrana</wf>
         <wf lemma="vitelina" pos="X">vitelina</wf>
         <wf lemma="embrionaria" pos="X">embrionaria</wf>
         <wf lemma="." pos="X">.</wf>
      </sentence>
      <sentence id="d000.s1306" source="wordnet-galician">
         <wf lemma="naceu" pos="X">naceu</wf>
         <wf lemma="de" pos="X">de</wf>
         <wf lemma="pais" pos="X">pais</wf>
         <instance id="d000.s1306.t000" lemma="escravo" pos="ADJ">escravos</instance>
         <wf lemma="." pos="X">.</wf>
      </sentence>
      <sentence id="d000.s1307" source="wordnet-galician">
         <wf lemma="nacemento" pos="X">nacemento</wf>
         <instance id="d000.s1307.t000" lemma="nobre" pos="ADJ">nobre</instance>
         <wf lemma="." pos="X">.</wf>
      </sentence>
      <sentence id="d000.s1308" source="wordnet-galician">
         <wf lemma="roupa" pos="X">roupa</wf>
         <instance id="d000.s1308.t000" lemma="cómodo" pos="ADJ">cómoda</instance>
         <wf lemma="." pos="X">.</wf>
      </sentence>
      <sentence id="d000.s1309" source="wordnet-galician">
         <wf lemma="un" pos="X">un</wf>
         <wf lemma="sorriso" pos="X">sorriso</wf>
         <instance id="d000.s1309.t000" lemma="tenro" pos="ADJ">tenro</instance>
         <wf lemma="." pos="X">.</wf>
      </sentence>
      <sentence id="d000.s1310" source="wordnet-galician">
         <wf lemma="gran" pos="X">gran</wf>
         <wf lemma="parte" pos="X">parte</wf>
         <wf lemma="do" pos="X">do</wf>
         <instance id="d000.s1310.t000" lemma="lixo" pos="NOUN">lixo</instance>
         <wf lemma="foi" pos="X">foi</wf>
         <wf lemma="transportado" pos="X">transportado</wf>
         <wf lemma="para" pos="X">para</wf>
         <wf lemma="fóra" pos="X">fóra</wf>
         <wf lemma="polos" pos="X">polos</wf>
         <wf lemma="sumidoiros" pos="X">sumidoiros</wf>
         <wf lemma="." pos="X">.</wf>
      </sentence>
      <sentence id="d000.s1311" source="wordnet-galician">
         <wf lemma="ritmo" pos="X">ritmo</wf>
         <instance id="d000.s1311.t000" lemma="acentual" pos="ADJ">acentual</instance>
         <wf lemma="." pos="X">.</wf>
      </sentence>
      <sentence id="d000.s1312" source="wordnet-galician">
         <wf lemma="é" pos="X">é</wf>
         <wf lemma="o" pos="X">o</wf>
         <wf lemma="secretario" pos="X">secretario</wf>
         <instance id="d000.s1312.t000" lemma="permanente" pos="ADJ">permanente</instance>
         <wf lemma="do" pos="X">do</wf>
         <wf lemma="presidente" pos="X">presidente</wf>
         <wf lemma="." pos="X">.</wf>
      </sentence>
      <sentence id="d000.s1313" source="wordnet-galician">
         <wf lemma="'" pos="X">'</wf>
         <wf lemma="cando" pos="X">cando</wf>
         <wf lemma="'" pos="X">'</wf>
         <wf lemma="en" pos="X">en</wf>
         <wf lemma="'" pos="X">'</wf>
         <wf lemma="eu" pos="X">eu</wf>
         <wf lemma="irei" pos="X">irei</wf>
         <wf lemma="cando" pos="X">cando</wf>
         <wf lemma="poida" pos="X">poida</wf>
         <wf lemma="'" pos="X">'</wf>
         <wf lemma="é" pos="X">é</wf>
         <wf lemma="unha" pos="X">unha</wf>
         <wf lemma="conxunción" pos="X">conxunción</wf>
         <instance id="d000.s1313.t000" lemma="subordinado" pos="ADJ">subordinada</instance>
         <wf lemma="." pos="X">.</wf>
      </sentence>
      <sentence id="d000.s1314" source="wordnet-galician">
         <wf lemma="galego" pos="X">galego</wf>
         <instance id="d000.s1314.t000" lemma="estándar" pos="ADJ">estándar</instance>
         <wf lemma="." pos="X">.</wf>
      </sentence>
      <sentence id="d000.s1315" source="wordnet-galician">
         <wf lemma="unha" pos="X">unha</wf>
         <wf lemma="torre" pos="X">torre</wf>
         <instance id="d000.s1315.t000" lemma="visible" pos="ADJ">visible</instance>
         <wf lemma="a" pos="X">a</wf>
         <wf lemma="gran" pos="X">gran</wf>
         <wf lemma="distancia" pos="X">distancia</wf>
         <wf lemma="." pos="X">.</wf>
      </sentence>
      <sentence id="d000.s1316" source="wordnet-galician">
         <wf lemma="xordeira" pos="X">xordeira</wf>
         <instance id="d000.s1316.t000" lemma="monoauricular" pos="ADJ">monoauricular</instance>
         <wf lemma="." pos="X">.</wf>
      </sentence>
      <sentence id="d000.s1317" source="wordnet-galician">
         <wf lemma="a" pos="X">a</wf>
         <wf lemma="evidencia" pos="X">evidencia</wf>
         <wf lemma="é" pos="X">é</wf>
         <instance id="d000.s1317.t000" lemma="decisivo" pos="ADJ">decisiva</instance>
         <wf lemma="." pos="X">.</wf>
      </sentence>
      <sentence id="d000.s1318" source="wordnet-galician">
         <wf lemma="a" pos="X">a</wf>
         <wf lemma="inflación" pos="X">inflación</wf>
         <instance id="d000.s1318.t000" lemma="posbélico" pos="ADJ">posbélica</instance>
         <wf lemma="." pos="X">.</wf>
      </sentence>
      <sentence id="d000.s1319" source="wordnet-galician">
         <wf lemma="estaba" pos="X">estaba</wf>
         <instance id="d000.s1319.t000" lemma="descontento" pos="ADJ">descontento</instance>
         <wf lemma="co" pos="X">co</wf>
         <wf lemma="súa" pos="X">súa</wf>
         <wf lemma="posición" pos="X">posición</wf>
         <wf lemma="." pos="X">.</wf>
      </sentence>
      <sentence id="d000.s1320" source="wordnet-galician">
         <wf lemma="estaba" pos="X">estaba</wf>
         <wf lemma="de" pos="X">de</wf>
         <wf lemma="pé" pos="X">pé</wf>
         <wf lemma="sobre" pos="X">sobre</wf>
         <wf lemma="o" pos="X">o</wf>
         <instance id="d000.s1320.t000" lemma="cemento" pos="NOUN">cemento</instance>
         <wf lemma="gris" pos="X">gris</wf>
         <wf lemma="a" pos="X">a</wf>
         <wf lemma="carón" pos="X">carón</wf>
         <wf lemma="da" pos="X">da</wf>
         <wf lemma="piscina" pos="X">piscina</wf>
         <wf lemma="." pos="X">.</wf>
      </sentence>
      <sentence id="d000.s1321" source="wordnet-galician">
         <wf lemma="é" pos="X">é</wf>
         <wf lemma="máis" pos="X">máis</wf>
         <instance id="d000.s1321.t000" lemma="prudente" pos="ADJ">prudente</instance>
         <wf lemma="retirarse" pos="X">retirarse</wf>
         <wf lemma="que" pos="X">que</wf>
         <wf lemma="loitar" pos="X">loitar</wf>
         <wf lemma="." pos="X">.</wf>
      </sentence>
      <sentence id="d000.s1322" source="wordnet-galician">
         <wf lemma="tivo" pos="X">tivo</wf>
         <wf lemma="dor" pos="X">dor</wf>
         <wf lemma="nun" pos="X">nun</wf>
         <instance id="d000.s1322.t000" lemma="flanco" pos="NOUN">flanco</instance>
         <wf lemma="." pos="X">.</wf>
      </sentence>
      <sentence id="d000.s1323" source="wordnet-galician">
         <wf lemma="poderes" pos="X">poderes</wf>
         <instance id="d000.s1323.t000" lemma="anormal" pos="ADJ">anormais</instance>
         <wf lemma="de" pos="X">de</wf>
         <wf lemma="concentración" pos="X">concentración</wf>
         <wf lemma="." pos="X">.</wf>
      </sentence>
      <sentence id="d000.s1324" source="wordnet-galician">
         <wf lemma="unha" pos="X">unha</wf>
         <wf lemma="historia" pos="X">historia</wf>
         <wf lemma="terreal" pos="X">terreal</wf>
         <wf lemma="," pos="X">,</wf>
         <wf lemma="pero" pos="X">pero</wf>
         <wf lemma="non" pos="X">non</wf>
         <instance id="d000.s1324.t000" lemma="indecente" pos="ADJ">indecente</instance>
         <wf lemma="." pos="X">.</wf>
      </sentence>
      <sentence id="d000.s1325" source="wordnet-galician">
         <wf lemma="a" pos="X">a</wf>
         <instance id="d000.s1325.t000" lemma="mellor" pos="ADJ">mellor</instance>
         <wf lemma="solución" pos="X">solución</wf>
         <wf lemma="." pos="X">.</wf>
      </sentence>
      <sentence id="d000.s1326" source="wordnet-galician">
         <wf lemma="os" pos="X">os</wf>
         <wf lemma="ventos" pos="X">ventos</wf>
         <instance id="d000.s1326.t000" lemma="forte" pos="ADJ">fortes</instance>
         <wf lemma="." pos="X">.</wf>
      </sentence>
      <sentence id="d000.s1327" source="wordnet-galician">
         <wf lemma="un" pos="X">un</wf>
         <wf lemma="líder" pos="X">líder</wf>
         <instance id="d000.s1327.t000" lemma="actual" pos="ADJ">actual</instance>
         <wf lemma="." pos="X">.</wf>
      </sentence>
      <sentence id="d000.s1328" source="wordnet-galician">
         <wf lemma="un" pos="X">un</wf>
         <wf lemma="razoamento" pos="X">razoamento</wf>
         <instance id="d000.s1328.t000" lemma="analítico" pos="ADJ">analítico</instance>
         <wf lemma="." pos="X">.</wf>
      </sentence>
      <sentence id="d000.s1329" source="wordnet-galician">
         <wf lemma="o" pos="X">o</wf>
         <instance id="d000.s1329.t000" lemma="mesmo" pos="ADJ">mesmo</instance>
         <wf lemma="home" pos="X">home</wf>
         <wf lemma="que" pos="X">que</wf>
         <wf lemma="vin" pos="X">vin</wf>
         <wf lemma="onte." pos="X">onte.</wf>
      </sentence>
      <sentence id="d000.s1330" source="wordnet-galician">
         <wf lemma="un" pos="X">un</wf>
         <wf lemma="golpe" pos="X">golpe</wf>
         <instance id="d000.s1330.t000" lemma="estable" pos="ADJ">estable</instance>
         <wf lemma="." pos="X">.</wf>
      </sentence>
      <sentence id="d000.s1331" source="wordnet-galician">
         <wf lemma="houbo" pos="X">houbo</wf>
         <wf lemma="un" pos="X">un</wf>
         <instance id="d000.s1331.t000" lemma="único" pos="ADJ">único</instance>
         <wf lemma="supervivente" pos="X">supervivente</wf>
         <wf lemma="." pos="X">.</wf>
      </sentence>
      <sentence id="d000.s1332" source="wordnet-galician">
         <wf lemma="enganar" pos="X">enganar</wf>
         <wf lemma="é" pos="X">é</wf>
         <instance id="d000.s1332.t000" lemma="malo" pos="ADJ">malo</instance>
         <wf lemma="." pos="X">.</wf>
      </sentence>
      <sentence id="d000.s1333" source="wordnet-galician">
         <instance id="d000.s1333.t000" lemma="posible" pos="ADJ">posibles</instance>
         <wf lemma="usos" pos="X">usos</wf>
         <wf lemma="da" pos="X">da</wf>
         <wf lemma="enerxía" pos="X">enerxía</wf>
         <wf lemma="nuclear" pos="X">nuclear</wf>
         <wf lemma="." pos="X">.</wf>
      </sentence>
      <sentence id="d000.s1334" source="wordnet-galician">
         <wf lemma="pagar" pos="X">pagar</wf>
         <wf lemma="os" pos="X">os</wf>
         <wf lemma="aspectos" pos="X">aspectos</wf>
         <instance id="d000.s1334.t000" lemma="formal" pos="ADJ">formais</instance>
         <wf lemma="dun" pos="X">dun</wf>
         <wf lemma="." pos="X">.</wf>
      </sentence>
      <sentence id="d000.s1335" source="wordnet-galician">
         <wf lemma="deitado" pos="X">deitado</wf>
         <wf lemma="boca" pos="X">boca</wf>
         <instance id="d000.s1335.t000" lemma="abaixo" pos="ADJ">abaixo</instance>
         <wf lemma="." pos="X">.</wf>
      </sentence>
      <sentence id="d000.s1336" source="wordnet-galician">
         <wf lemma="falou" pos="X">falou</wf>
         <wf lemma="nun" pos="X">nun</wf>
         <wf lemma="ton" pos="X">ton</wf>
         <instance id="d000.s1336.t000" lemma="servil" pos="ADJ">servil</instance>
         <wf lemma="." pos="X">.</wf>
      </sentence>
      <sentence id="d000.s1337" source="wordnet-galician">
         <wf lemma="unha" pos="X">unha</wf>
         <wf lemma="humildade" pos="X">humildade</wf>
         <instance id="d000.s1337.t000" lemma="real" pos="ADJ">real</instance>
         <wf lemma="." pos="X">.</wf>
      </sentence>
      <sentence id="d000.s1338" source="wordnet-galician">
         <wf lemma="unha" pos="X">unha</wf>
         <wf lemma="decisión" pos="X">decisión</wf>
         <instance id="d000.s1338.t000" lemma="repentino" pos="ADJ">repentina</instance>
         <wf lemma="." pos="X">.</wf>
      </sentence>
      <sentence id="d000.s1339" source="wordnet-galician">
         <wf lemma="o" pos="X">o</wf>
         <wf lemma="sodio" pos="X">sodio</wf>
         <wf lemma="é" pos="X">é</wf>
         <wf lemma="un" pos="X">un</wf>
         <wf lemma="metal" pos="X">metal</wf>
         <instance id="d000.s1339.t000" lemma="reactivo" pos="ADJ">reactivo</instance>
         <wf lemma="." pos="X">.</wf>
      </sentence>
      <sentence id="d000.s1340" source="wordnet-galician">
         <wf lemma="a" pos="X">a</wf>
         <wf lemma="súa" pos="X">súa</wf>
         <wf lemma="familia" pos="X">familia</wf>
         <wf lemma="era" pos="X">era</wf>
         <instance id="d000.s1340.t000" lemma="compasivo" pos="ADJ">compasiva</instance>
         <wf lemma="coas" pos="X">coas</wf>
         <wf lemma="súas" pos="X">súas</wf>
         <wf lemma="tentativas" pos="X">tentativas</wf>
         <wf lemma="de" pos="X">de</wf>
         <wf lemma="ser" pos="X">ser</wf>
         <wf lemma="escritor" pos="X">escritor</wf>
         <wf lemma="." pos="X">.</wf>
      </sentence>
      <sentence id="d000.s1341" source="wordnet-galician">
         <wf lemma="o" pos="X">o</wf>
         <instance id="d000.s1341.t000" lemma="primeiro" pos="ADJ">primeiro</instance>
         <wf lemma="día" pos="X">día</wf>
         <wf lemma="da" pos="X">da</wf>
         <wf lemma="primavera" pos="X">primavera</wf>
         <wf lemma="." pos="X">.</wf>
      </sentence>
      <sentence id="d000.s1342" source="wordnet-galician">
         <wf lemma="unha" pos="X">unha</wf>
         <wf lemma="dieta" pos="X">dieta</wf>
         <wf lemma="rica" pos="X">rica</wf>
         <wf lemma="en" pos="X">en</wf>
         <instance id="d000.s1342.t000" lemma="proteína" pos="NOUN">proteínas</instance>
         <wf lemma="." pos="X">.</wf>
      </sentence>
      <sentence id="d000.s1343" source="wordnet-galician">
         <wf lemma="bondade" pos="X">bondade</wf>
         <instance id="d000.s1343.t000" lemma="fraternal" pos="ADJ">fraternal</instance>
         <wf lemma="." pos="X">.</wf>
      </sentence>
      <sentence id="d000.s1344" source="wordnet-galician">
         <wf lemma="Yon" pos="X">Yon</wf>
         <wf lemma="Cassius" pos="X">Cassius</wf>
         <wf lemma="ten" pos="X">ten</wf>
         <wf lemma="unha" pos="X">unha</wf>
         <wf lemma="aparencia" pos="X">aparencia</wf>
         <instance id="d000.s1344.t000" lemma="delgado" pos="ADJ">delgada</instance>
         <wf lemma="e" pos="X">e</wf>
         <wf lemma="famélica" pos="X">famélica</wf>
         <wf lemma="(" pos="X">(</wf>
         <wf lemma="Shakespeare" pos="X">Shakespeare</wf>
         <wf lemma=")" pos="X">)</wf>
         <wf lemma="." pos="X">.</wf>
      </sentence>
      <sentence id="d000.s1345" source="wordnet-galician">
         <wf lemma="unha" pos="X">unha</wf>
         <wf lemma="escaleira" pos="X">escaleira</wf>
         <instance id="d000.s1345.t000" lemma="estable" pos="ADJ">estable</instance>
         <wf lemma="." pos="X">.</wf>
      </sentence>
      <sentence id="d000.s1346" source="wordnet-galician">
         <wf lemma="unha" pos="X">unha</wf>
         <wf lemma="economía" pos="X">economía</wf>
         <wf lemma="que" pos="X">que</wf>
         <wf lemma="é" pos="X">é</wf>
         <wf lemma="basicamente" pos="X">basicamente</wf>
         <instance id="d000.s1346.t000" lemma="rural" pos="ADJ">rural</instance>
         <wf lemma="." pos="X">.</wf>
      </sentence>
      <sentence id="d000.s1347" source="wordnet-galician">
         <wf lemma="o" pos="X">o</wf>
         <wf lemma="aspecto" pos="X">aspecto</wf>
         <instance id="d000.s1347.t000" lemma="ventral" pos="ADJ">ventral</instance>
         <wf lemma="do" pos="X">do</wf>
         <wf lemma="corpo" pos="X">corpo</wf>
         <wf lemma="humano" pos="X">humano</wf>
         <wf lemma="." pos="X">.</wf>
      </sentence>
      <sentence id="d000.s1348" source="wordnet-galician">
         <wf lemma="un" pos="X">un</wf>
         <wf lemma="cálculo" pos="X">cálculo</wf>
         <instance id="d000.s1348.t000" lemma="incorrecto" pos="ADJ">incorrecto</instance>
         <wf lemma="." pos="X">.</wf>
      </sentence>
      <sentence id="d000.s1349" source="wordnet-galician">
         <instance id="d000.s1349.t000" lemma="ansioso" pos="ADJ">ansioso</instance>
         <wf lemma="por" pos="X">por</wf>
         <wf lemma="viaxar" pos="X">viaxar</wf>
         <wf lemma="ao" pos="X">ao</wf>
         <wf lemma="estranxeiro" pos="X">estranxeiro</wf>
         <wf lemma="." pos="X">.</wf>
      </sentence>
      <sentence id="d000.s1350" source="wordnet-galician">
         <wf lemma="unha" pos="X">unha</wf>
         <wf lemma="caixa" pos="X">caixa</wf>
         <instance id="d000.s1350.t000" lemma="compresíbel" pos="ADJ">compresíbel</instance>
         <wf lemma="." pos="X">.</wf>
      </sentence>
      <sentence id="d000.s1351" source="wordnet-galician">
         <wf lemma="gañou" pos="X">gañou</wf>
         <wf lemma="unha" pos="X">unha</wf>
         <instance id="d000.s1351.t000" lemma="sorprendente" pos="ADJ">sorprendente</instance>
         <wf lemma="cantidade" pos="X">cantidade</wf>
         <wf lemma="de" pos="X">de</wf>
         <wf lemma="diñeiro" pos="X">diñeiro</wf>
         <wf lemma="." pos="X">.</wf>
      </sentence>
      <sentence id="d000.s1352" source="wordnet-galician">
         <wf lemma="unha" pos="X">unha</wf>
         <wf lemma="regra" pos="X">regra</wf>
         <wf lemma="básica" pos="X">básica</wf>
         <instance id="d000.s1352.t000" lemma="inmutable" pos="ADJ">inmutable</instance>
         <wf lemma="." pos="X">.</wf>
      </sentence>
      <sentence id="d000.s1353" source="wordnet-galician">
         <wf lemma="o" pos="X">o</wf>
         <wf lemma="ruso" pos="X">ruso</wf>
         <wf lemma="distingue" pos="X">distingue</wf>
         <wf lemma="entre" pos="X">entre</wf>
         <wf lemma="consoantes" pos="X">consoantes</wf>
         <instance id="d000.s1353.t000" lemma="velar" pos="ADJ">velares</instance>
         <wf lemma="e" pos="X">e</wf>
         <wf lemma="consoantes" pos="X">consoantes</wf>
         <wf lemma="palatalizadas" pos="X">palatalizadas</wf>
         <wf lemma="ou" pos="X">ou</wf>
         <wf lemma="brandas" pos="X">brandas</wf>
         <wf lemma="." pos="X">.</wf>
      </sentence>
      <sentence id="d000.s1354" source="wordnet-galician">
         <wf lemma="as" pos="X">as</wf>
         <wf lemma="andoriñas" pos="X">andoriñas</wf>
         <wf lemma="planearon" pos="X">planearon</wf>
         <wf lemma="dun" pos="X">dun</wf>
         <wf lemma="modo" pos="X">modo</wf>
         <instance id="d000.s1354.t000" lemma="doado" pos="ADJ">doado</instance>
         <wf lemma="polo" pos="X">polo</wf>
         <wf lemma="aire" pos="X">aire</wf>
         <wf lemma="ocupado" pos="X">ocupado</wf>
         <wf lemma="." pos="X">.</wf>
      </sentence>
      <sentence id="d000.s1355" source="wordnet-galician">
         <wf lemma="as" pos="X">as</wf>
         <wf lemma="reformas" pos="X">reformas</wf>
         <instance id="d000.s1355.t000" lemma="inexecutable" pos="ADJ">inexecutables</instance>
         <wf lemma="." pos="X">.</wf>
      </sentence>
      <sentence id="d000.s1356" source="wordnet-galician">
         <wf lemma="unha" pos="X">unha</wf>
         <wf lemma="educación" pos="X">educación</wf>
         <instance id="d000.s1356.t000" lemma="integral" pos="ADJ">integral</instance>
         <wf lemma="." pos="X">.</wf>
      </sentence>
      <sentence id="d000.s1357" source="wordnet-galician">
         <wf lemma="cantidades" pos="X">cantidades</wf>
         <instance id="d000.s1357.t000" lemma="anormal" pos="ADJ">anormais</instance>
         <wf lemma="de" pos="X">de</wf>
         <wf lemma="choiva" pos="X">choiva</wf>
         <wf lemma="." pos="X">.</wf>
      </sentence>
      <sentence id="d000.s1358" source="wordnet-galician">
         <wf lemma="tratamento" pos="X">tratamento</wf>
         <instance id="d000.s1358.t000" lemma="médico" pos="ADJ">médico</instance>
         <wf lemma="." pos="X">.</wf>
      </sentence>
      <sentence id="d000.s1359" source="wordnet-galician">
         <wf lemma="un" pos="X">un</wf>
         <wf lemma="brillo" pos="X">brillo</wf>
         <instance id="d000.s1359.t000" lemma="opaco" pos="ADJ">opaco</instance>
         <wf lemma="." pos="X">.</wf>
      </sentence>
      <sentence id="d000.s1360" source="wordnet-galician">
         <wf lemma="un" pos="X">un</wf>
         <wf lemma="traballo" pos="X">traballo</wf>
         <instance id="d000.s1360.t000" lemma="estable" pos="ADJ">estable</instance>
         <wf lemma="." pos="X">.</wf>
      </sentence>
      <sentence id="d000.s1361" source="wordnet-galician">
         <wf lemma="un" pos="X">un</wf>
         <wf lemma="abrigo" pos="X">abrigo</wf>
         <instance id="d000.s1361.t000" lemma="quente" pos="ADJ">quente</instance>
         <wf lemma="." pos="X">.</wf>
      </sentence>
      <sentence id="d000.s1362" source="wordnet-galician">
         <wf lemma="parálise" pos="X">parálise</wf>
         <instance id="d000.s1362.t000" lemma="unilateral" pos="ADJ">unilateral</instance>
         <wf lemma="." pos="X">.</wf>
      </sentence>
      <sentence id="d000.s1363" source="wordnet-galician">
         <wf lemma="o" pos="X">o</wf>
         <wf lemma="destino" pos="X">destino</wf>
         <instance id="d000.s1363.t000" lemma="final" pos="ADJ">final</instance>
         <wf lemma="do" pos="X">do</wf>
         <wf lemma="home" pos="X">home</wf>
         <wf lemma="." pos="X">.</wf>
      </sentence>
      <sentence id="d000.s1364" source="wordnet-galician">
         <wf lemma="a" pos="X">a</wf>
         <wf lemma="visión" pos="X">visión</wf>
         <wf lemma="da" pos="X">da</wf>
         <wf lemma="época" pos="X">época</wf>
         <wf lemma="era" pos="X">era</wf>
         <wf lemma="que" pos="X">que</wf>
         <wf lemma="todas" pos="X">todas</wf>
         <wf lemma="as" pos="X">as</wf>
         <wf lemma="especies" pos="X">especies</wf>
         <wf lemma="eran" pos="X">eran</wf>
         <instance id="d000.s1364.t000" lemma="inmutable" pos="ADJ">inmutables</instance>
         <wf lemma="," pos="X">,</wf>
         <wf lemma="creadas" pos="X">creadas</wf>
         <wf lemma="por" pos="X">por</wf>
         <wf lemma="Deus" pos="X">Deus</wf>
         <wf lemma="." pos="X">.</wf>
      </sentence>
      <sentence id="d000.s1365" source="wordnet-galician">
         <wf lemma="o" pos="X">o</wf>
         <wf lemma="ser" pos="X">ser</wf>
         <wf lemma="humano" pos="X">humano</wf>
         <wf lemma="é" pos="X">é</wf>
         <wf lemma="un" pos="X">un</wf>
         <wf lemma="animal" pos="X">animal</wf>
         <instance id="d000.s1365.t000" lemma="social" pos="ADJ">social</instance>
         <wf lemma="." pos="X">.</wf>
      </sentence>
      <sentence id="d000.s1366" source="wordnet-galician">
         <wf lemma="pan" pos="X">pan</wf>
         <instance id="d000.s1366.t000" lemma="caseiro" pos="ADJ">caseiro</instance>
         <wf lemma="." pos="X">.</wf>
      </sentence>
      <sentence id="d000.s1367" source="wordnet-galician">
         <wf lemma="un" pos="X">un</wf>
         <wf lemma="rexistro" pos="X">rexistro</wf>
         <instance id="d000.s1367.t000" lemma="inmaculado" pos="ADJ">inmaculado</instance>
         <wf lemma="." pos="X">.</wf>
      </sentence>
      <sentence id="d000.s1368" source="wordnet-galician">
         <wf lemma="un" pos="X">un</wf>
         <wf lemma="armario" pos="X">armario</wf>
         <instance id="d000.s1368.t000" lemma="completo" pos="ADJ">completo</instance>
         <wf lemma="." pos="X">.</wf>
      </sentence>
      <sentence id="d000.s1369" source="wordnet-galician">
         <wf lemma="os" pos="X">os</wf>
         <wf lemma="propósitos" pos="X">propósitos</wf>
         <instance id="d000.s1369.t000" lemma="maligno" pos="ADJ">malignos</instance>
         <wf lemma="." pos="X">.</wf>
      </sentence>
      <sentence id="d000.s1370" source="wordnet-galician">
         <wf lemma="un" pos="X">un</wf>
         <wf lemma="adulto" pos="X">adulto</wf>
         <instance id="d000.s1370.t000" lemma="responsable" pos="ADJ">responsable</instance>
         <wf lemma="." pos="X">.</wf>
      </sentence>
      <sentence id="d000.s1371" source="wordnet-galician">
         <instance id="d000.s1371.t000" lemma="bo" pos="ADJ">boas</instance>
         <wf lemma="novas" pos="X">novas</wf>
         <wf lemma="do" pos="X">do</wf>
         <wf lemma="hospital" pos="X">hospital</wf>
         <wf lemma="." pos="X">.</wf>
      </sentence>
      <sentence id="d000.s1372" source="wordnet-galician">
         <wf lemma="un" pos="X">un</wf>
         <wf lemma="préstamo" pos="X">préstamo</wf>
         <instance id="d000.s1372.t000" lemma="indebido" pos="ADJ">indebido</instance>
         <wf lemma="." pos="X">.</wf>
      </sentence>
      <sentence id="d000.s1373" source="wordnet-galician">
         <wf lemma="investimentos" pos="X">investimentos</wf>
         <instance id="d000.s1373.t000" lemma="sólido" pos="ADJ">sólidos</instance>
         <wf lemma="." pos="X">.</wf>
      </sentence>
      <sentence id="d000.s1374" source="wordnet-galician">
         <wf lemma="tesoiras" pos="X">tesoiras</wf>
         <wf lemma="para" pos="X">para</wf>
         <instance id="d000.s1374.t000" lemma="zurdo" pos="ADJ">zurdos</instance>
         <wf lemma="." pos="X">.</wf>
      </sentence>
      <sentence id="d000.s1375" source="wordnet-galician">
         <wf lemma="mesa" pos="X">mesa</wf>
         <instance id="d000.s1375.t000" lemma="liso" pos="ADJ">lisa</instance>
         <wf lemma="." pos="X">.</wf>
      </sentence>
      <sentence id="d000.s1376" source="wordnet-galician">
         <wf lemma="as" pos="X">as</wf>
         <wf lemma="follas" pos="X">follas</wf>
         <wf lemma="con" pos="X">con</wf>
         <wf lemma="barbas" pos="X">barbas</wf>
         <instance id="d000.s1376.t000" lemma="retrorso" pos="ADJ">retrorsas</instance>
         <wf lemma="." pos="X">.</wf>
      </sentence>
      <sentence id="d000.s1377" source="wordnet-galician">
         <wf lemma="sería" pos="X">sería</wf>
         <instance id="d000.s1377.t000" lemma="imprudente" pos="ADJ">imprudente</instance>
         <wf lemma="aceptar" pos="X">aceptar</wf>
         <wf lemma="a" pos="X">a</wf>
         <wf lemma="oferta" pos="X">oferta</wf>
         <wf lemma="." pos="X">.</wf>
      </sentence>
      <sentence id="d000.s1378" source="wordnet-galician">
         <wf lemma="calefacción" pos="X">calefacción</wf>
         <instance id="d000.s1378.t000" lemma="azonal" pos="ADJ">azonal</instance>
         <wf lemma="." pos="X">.</wf>
      </sentence>
      <sentence id="d000.s1379" source="wordnet-galician">
         <wf lemma="os" pos="X">os</wf>
         <wf lemma="mísiles" pos="X">mísiles</wf>
         <instance id="d000.s1379.t000" lemma="terra-aire" pos="ADJ">terra-aire</instance>
         <wf lemma="." pos="X">.</wf>
      </sentence>
      <sentence id="d000.s1380" source="wordnet-galician">
         <wf lemma="o" pos="X">o</wf>
         <wf lemma="artista" pos="X">artista</wf>
         <instance id="d000.s1380.t000" lemma="pobre" pos="ADJ">pobre</instance>
         <wf lemma="vive" pos="X">vive</wf>
         <wf lemma="no" pos="X">no</wf>
         <wf lemma="faiado" pos="X">faiado</wf>
         <wf lemma="." pos="X">.</wf>
      </sentence>
      <sentence id="d000.s1381" source="wordnet-galician">
         <wf lemma="un" pos="X">un</wf>
         <wf lemma="día" pos="X">día</wf>
         <instance id="d000.s1381.t000" lemma="incómodo" pos="ADJ">incómodo</instance>
         <wf lemma="de" pos="X">de</wf>
         <wf lemma="sol" pos="X">sol</wf>
         <wf lemma="quente" pos="X">quente</wf>
         <wf lemma="." pos="X">.</wf>
      </sentence>
      <sentence id="d000.s1382" source="wordnet-galician">
         <wf lemma="un" pos="X">un</wf>
         <wf lemma="ambiente" pos="X">ambiente</wf>
         <instance id="d000.s1382.t000" lemma="séptico" pos="ADJ">séptico</instance>
         <wf lemma="." pos="X">.</wf>
      </sentence>
      <sentence id="d000.s1383" source="wordnet-galician">
         <wf lemma="drogas" pos="X">drogas</wf>
         <instance id="d000.s1383.t000" lemma="adictivo" pos="ADJ">adictivas</instance>
         <wf lemma="." pos="X">.</wf>
      </sentence>
      <sentence id="d000.s1384" source="wordnet-galician">
         <wf lemma="unha" pos="X">unha</wf>
         <wf lemma="política" pos="X">política</wf>
         <instance id="d000.s1384.t000" lemma="favorable" pos="ADJ">favorable</instance>
         <wf lemma="ao" pos="X">ao</wf>
         <wf lemma="consumidor" pos="X">consumidor</wf>
         <wf lemma="." pos="X">.</wf>
      </sentence>
      <sentence id="d000.s1385" source="wordnet-galician">
         <wf lemma="rostro" pos="X">rostro</wf>
         <instance id="d000.s1385.t000" lemma="rugoso" pos="ADJ">rugoso</instance>
         <wf lemma="." pos="X">.</wf>
      </sentence>
      <sentence id="d000.s1386" source="wordnet-galician">
         <wf lemma="moito" pos="X">moito</wf>
         <wf lemma="sol" pos="X">sol</wf>
         <wf lemma="é" pos="X">é</wf>
         <instance id="d000.s1386.t000" lemma="prexudicial" pos="ADJ">prexudicial</instance>
         <wf lemma="para" pos="X">para</wf>
         <wf lemma="a" pos="X">a</wf>
         <wf lemma="pel." pos="X">pel.</wf>
      </sentence>
      <sentence id="d000.s1387" source="wordnet-galician">
         <wf lemma="un" pos="X">un</wf>
         <wf lemma="mero" pos="X">mero</wf>
         <wf lemma="soño" pos="X">soño</wf>
         <wf lemma="," pos="X">,</wf>
         <wf lemma="nin" pos="X">nin</wf>
         <instance id="d000.s1387.t000" lemma="real" pos="ADJ">real</instance>
         <wf lemma="," pos="X">,</wf>
         <wf lemma="nin" pos="X">nin</wf>
         <wf lemma="práctico" pos="X">práctico</wf>
         <wf lemma="." pos="X">.</wf>
      </sentence>
      <sentence id="d000.s1388" source="wordnet-galician">
         <wf lemma="un" pos="X">un</wf>
         <wf lemma="vermello" pos="X">vermello</wf>
         <instance id="d000.s1388.t000" lemma="insaturado" pos="ADJ">insaturado</instance>
         <wf lemma="." pos="X">.</wf>
      </sentence>
      <sentence id="d000.s1389" source="wordnet-galician">
         <wf lemma="os" pos="X">os</wf>
         <wf lemma="efectos" pos="X">efectos</wf>
         <wf lemma="beneficiosos" pos="X">beneficiosos</wf>
         <wf lemma="dos" pos="X">dos</wf>
         <wf lemma="antiinflamatorios" pos="X">antiinflamatorios</wf>
         <wf lemma="non" pos="X">non</wf>
         <wf lemma="esteroides" pos="X">esteroides</wf>
         <wf lemma="resultan" pos="X">resultan</wf>
         <wf lemma="da" pos="X">da</wf>
         <wf lemma="súa" pos="X">súa</wf>
         <wf lemma="capacidade" pos="X">capacidade</wf>
         <wf lemma="de" pos="X">de</wf>
         <wf lemma="bloquear" pos="X">bloquear</wf>
         <wf lemma="a" pos="X">a</wf>
         <instance id="d000.s1389.t000" lemma="cox-2" pos="NOUN">COX-2</instance>
         <wf lemma="." pos="X">.</wf>
      </sentence>
      <sentence id="d000.s1390" source="wordnet-galician">
         <wf lemma="unha" pos="X">unha</wf>
         <wf lemma="temperatura" pos="X">temperatura</wf>
         <instance id="d000.s1390.t000" lemma="invariable" pos="ADJ">invariable</instance>
         <wf lemma="." pos="X">.</wf>
      </sentence>
      <sentence id="d000.s1391" source="wordnet-galician">
         <wf lemma="talos" pos="X">talos</wf>
         <wf lemma="con" pos="X">con</wf>
         <wf lemma="follas" pos="X">follas</wf>
         <instance id="d000.s1391.t000" lemma="alterno" pos="ADJ">alternas</instance>
         <wf lemma="." pos="X">.</wf>
      </sentence>
      <sentence id="d000.s1392" source="wordnet-galician">
         <wf lemma="felicidade" pos="X">felicidade</wf>
         <instance id="d000.s1392.t000" lemma="perfecto" pos="ADJ">perfecta</instance>
         <wf lemma="." pos="X">.</wf>
      </sentence>
      <sentence id="d000.s1393" source="wordnet-galician">
         <wf lemma="unha" pos="X">unha</wf>
         <wf lemma="conversa" pos="X">conversa</wf>
         <instance id="d000.s1393.t000" lemma="inaudible" pos="ADJ">inaudible</instance>
         <wf lemma="." pos="X">.</wf>
      </sentence>
      <sentence id="d000.s1394" source="wordnet-galician">
         <wf lemma="esta" pos="X">esta</wf>
         <wf lemma="mercadoría" pos="X">mercadoría</wf>
         <wf lemma="é" pos="X">é</wf>
         <instance id="d000.s1394.t000" lemma="reintegrable" pos="ADJ">reintegrable</instance>
         <wf lemma="se" pos="X">se</wf>
         <wf lemma="gardar" pos="X">gardar</wf>
         <wf lemma="o" pos="X">o</wf>
         <wf lemma="recibo" pos="X">recibo</wf>
         <wf lemma="." pos="X">.</wf>
      </sentence>
      <sentence id="d000.s1395" source="wordnet-galician">
         <wf lemma="camioneiro" pos="X">camioneiro</wf>
         <instance id="d000.s1395.t000" lemma="comercial" pos="ADJ">comercial</instance>
         <wf lemma="." pos="X">.</wf>
      </sentence>
      <sentence id="d000.s1396" source="wordnet-galician">
         <instance id="d000.s1396.t000" lemma="punteiro" pos="ADJ">punteiro</instance>
         <wf lemma="na" pos="X">na</wf>
         <wf lemma="tecnoloxía" pos="X">tecnoloxía</wf>
         <wf lemma="." pos="X">.</wf>
      </sentence>
      <sentence id="d000.s1397" source="wordnet-galician">
         <wf lemma="un" pos="X">un</wf>
         <wf lemma="científico" pos="X">científico</wf>
         <wf lemma="exacto" pos="X">exacto</wf>
         <wf lemma="e" pos="X">e</wf>
         <instance id="d000.s1397.t000" lemma="paciente" pos="ADJ">paciente</instance>
         <wf lemma="." pos="X">.</wf>
      </sentence>
      <sentence id="d000.s1398" source="wordnet-galician">
         <wf lemma="algún" pos="X">algún</wf>
         <wf lemma="historiador" pos="X">historiador</wf>
         <instance id="d000.s1398.t000" lemma="futuro" pos="ADJ">futuro</instance>
         <wf lemma="estudará" pos="X">estudará</wf>
         <wf lemma="a" pos="X">a</wf>
         <wf lemma="cuestión" pos="X">cuestión</wf>
         <wf lemma="." pos="X">.</wf>
      </sentence>
      <sentence id="d000.s1399" source="wordnet-galician">
         <wf lemma="un" pos="X">un</wf>
         <wf lemma="sentimento" pos="X">sentimento</wf>
         <instance id="d000.s1399.t000" lemma="vago" pos="ADJ">vago</instance>
         <wf lemma="de" pos="X">de</wf>
         <wf lemma="tristeza" pos="X">tristeza</wf>
         <wf lemma="." pos="X">.</wf>
      </sentence>
      <sentence id="d000.s1400" source="wordnet-galician">
         <wf lemma="os" pos="X">os</wf>
         <wf lemma="seres" pos="X">seres</wf>
         <wf lemma="humanos" pos="X">humanos</wf>
         <wf lemma="teñen" pos="X">teñen</wf>
         <wf lemma="22" pos="X">22</wf>
         <wf lemma="pares" pos="X">pares</wf>
         <wf lemma="de" pos="X">de</wf>
         <instance id="d000.s1400.t000" lemma="cromosoma" pos="NOUN">cromosomas</instance>
         <wf lemma="," pos="X">,</wf>
         <wf lemma="máis" pos="X">máis</wf>
         <wf lemma="dous" pos="X">dous</wf>
         <wf lemma="cromosomas" pos="X">cromosomas</wf>
         <wf lemma="sexuais" pos="X">sexuais</wf>
         <wf lemma="." pos="X">.</wf>
      </sentence>
      <sentence id="d000.s1401" source="wordnet-galician">
         <instance id="d000.s1401.t000" lemma="triste" pos="ADJ">triste</instance>
         <wf lemma="pola" pos="X">pola</wf>
         <wf lemma="súa" pos="X">súa</wf>
         <wf lemma="partida" pos="X">partida</wf>
         <wf lemma="." pos="X">.</wf>
      </sentence>
      <sentence id="d000.s1402" source="wordnet-galician">
         <wf lemma="o" pos="X">o</wf>
         <wf lemma="seu" pos="X">seu</wf>
         <wf lemma="comportamento" pos="X">comportamento</wf>
         <wf lemma="foi" pos="X">foi</wf>
         <instance id="d000.s1402.t000" lemma="indiscreto" pos="ADJ">indiscreto</instance>
         <wf lemma="no" pos="X">no</wf>
         <wf lemma="mellor" pos="X">mellor</wf>
         <wf lemma="dos" pos="X">dos</wf>
         <wf lemma="casos" pos="X">casos</wf>
         <wf lemma="." pos="X">.</wf>
      </sentence>
      <sentence id="d000.s1403" source="wordnet-galician">
         <wf lemma="a" pos="X">a</wf>
         <wf lemma="miña" pos="X">miña</wf>
         <wf lemma="terra" pos="X">terra</wf>
         <instance id="d000.s1403.t000" lemma="natal" pos="ADJ">natal</instance>
         <wf lemma="." pos="X">.</wf>
      </sentence>
      <sentence id="d000.s1404" source="wordnet-galician">
         <wf lemma="un" pos="X">un</wf>
         <wf lemma="piar" pos="X">piar</wf>
         <instance id="d000.s1404.t000" lemma="débil" pos="ADJ">débil</instance>
         <wf lemma="." pos="X">.</wf>
      </sentence>
      <sentence id="d000.s1405" source="wordnet-galician">
         <wf lemma="tiña" pos="X">tiña</wf>
         <wf lemma="unha" pos="X">unha</wf>
         <wf lemma="formación" pos="X">formación</wf>
         <instance id="d000.s1405.t000" lemma="axeitado" pos="ADJ">axeitada</instance>
         <wf lemma="." pos="X">.</wf>
      </sentence>
      <sentence id="d000.s1406" source="wordnet-galician">
         <wf lemma="o" pos="X">o</wf>
         <wf lemma="termómetro" pos="X">termómetro</wf>
         <wf lemma="é" pos="X">é</wf>
         <instance id="d000.s1406.t000" lemma="impreciso" pos="ADJ">impreciso</instance>
         <wf lemma="." pos="X">.</wf>
      </sentence>
      <sentence id="d000.s1407" source="wordnet-galician">
         <wf lemma="unha" pos="X">unha</wf>
         <wf lemma="vida" pos="X">vida</wf>
         <instance id="d000.s1407.t000" lemma="pleno" pos="ADJ">plena</instance>
         <wf lemma="." pos="X">.</wf>
      </sentence>
      <sentence id="d000.s1408" source="wordnet-galician">
         <wf lemma="unha" pos="X">unha</wf>
         <wf lemma="veciñanza" pos="X">veciñanza</wf>
         <instance id="d000.s1408.t000" lemma="amigable" pos="ADJ">amigable</instance>
         <wf lemma="." pos="X">.</wf>
      </sentence>
      <sentence id="d000.s1409" source="wordnet-galician">
         <wf lemma="unha" pos="X">unha</wf>
         <wf lemma="bomba" pos="X">bomba</wf>
         <instance id="d000.s1409.t000" lemma="potente" pos="ADJ">potente</instance>
         <wf lemma="." pos="X">.</wf>
      </sentence>
      <sentence id="d000.s1410" source="wordnet-galician">
         <wf lemma="os" pos="X">os</wf>
         <wf lemma="motores" pos="X">motores</wf>
         <instance id="d000.s1410.t000" lemma="agresivo" pos="ADJ">agresivos</instance>
         <wf lemma="." pos="X">.</wf>
      </sentence>
      <sentence id="d000.s1411" source="wordnet-galician">
         <wf lemma="danos" pos="X">danos</wf>
         <wf lemma="no" pos="X">no</wf>
         <wf lemma="coche" pos="X">coche</wf>
         <instance id="d000.s1411.t000" lemma="reparable" pos="ADJ">reparables</instance>
         <wf lemma="." pos="X">.</wf>
      </sentence>
      <sentence id="d000.s1412" source="wordnet-galician">
         <wf lemma="alertou" pos="X">alertou</wf>
         <wf lemma="das" pos="X">das</wf>
         <instance id="d000.s1412.t000" lemma="posible" pos="ADJ">posibles</instance>
         <wf lemma="consecuencias" pos="X">consecuencias</wf>
         <wf lemma="." pos="X">.</wf>
      </sentence>
      <sentence id="d000.s1413" source="wordnet-galician">
         <wf lemma="as" pos="X">as</wf>
         <wf lemma="fibras" pos="X">fibras</wf>
         <wf lemma="miocárdicas" pos="X">miocárdicas</wf>
         <instance id="d000.s1413.t000" lemma="hipertrofiado" pos="ADJ">hipertrofiadas</instance>
         <wf lemma="." pos="X">.</wf>
      </sentence>
      <sentence id="d000.s1414" source="wordnet-galician">
         <wf lemma="o" pos="X">o</wf>
         <wf lemma="interruptor" pos="X">interruptor</wf>
         <wf lemma="está" pos="X">está</wf>
         <wf lemma="na" pos="X">na</wf>
         <wf lemma="posición" pos="X">posición</wf>
         <wf lemma="de" pos="X">de</wf>
         <instance id="d000.s1414.t000" lemma="acendido" pos="ADJ">acendido</instance>
         <wf lemma="." pos="X">.</wf>
      </sentence>
      <sentence id="d000.s1415" source="wordnet-galician">
         <wf lemma="un" pos="X">un</wf>
         <wf lemma="levantamento" pos="X">levantamento</wf>
         <instance id="d000.s1415.t000" lemma="completo" pos="ADJ">completo</instance>
         <wf lemma="." pos="X">.</wf>
      </sentence>
      <sentence id="d000.s1416" source="wordnet-galician">
         <wf lemma="non" pos="X">non</wf>
         <wf lemma="é" pos="X">é</wf>
         <wf lemma="delito" pos="X">delito</wf>
         <wf lemma="senón" pos="X">senón</wf>
         <wf lemma="só" pos="X">só</wf>
         <wf lemma="un" pos="X">un</wf>
         <wf lemma="erro" pos="X">erro</wf>
         <instance id="d000.s1416.t000" lemma="remediable" pos="ADJ">remediable</instance>
         <wf lemma="." pos="X">.</wf>
      </sentence>
      <sentence id="d000.s1417" source="wordnet-galician">
         <wf lemma="unha" pos="X">unha</wf>
         <wf lemma="lingua" pos="X">lingua</wf>
         <instance id="d000.s1417.t000" lemma="extensible" pos="ADJ">extensible</instance>
         <wf lemma="." pos="X">.</wf>
      </sentence>
      <sentence id="d000.s1418" source="wordnet-galician">
         <wf lemma="negociacións" pos="X">negociacións</wf>
         <instance id="d000.s1418.t000" lemma="sindical" pos="ADJ">sindicais</instance>
         <wf lemma="." pos="X">.</wf>
      </sentence>
      <sentence id="d000.s1419" source="wordnet-galician">
         <wf lemma="as" pos="X">as</wf>
         <wf lemma="súas" pos="X">súas</wf>
         <wf lemma="afeccións" pos="X">afeccións</wf>
         <instance id="d000.s1419.t000" lemma="inconstante" pos="ADJ">inconstantes</instance>
         <wf lemma="." pos="X">.</wf>
      </sentence>
      <sentence id="d000.s1420" source="wordnet-galician">
         <wf lemma="un" pos="X">un</wf>
         <wf lemma="prato" pos="X">prato</wf>
         <instance id="d000.s1420.t000" lemma="raso" pos="ADJ">raso</instance>
         <wf lemma="." pos="X">.</wf>
      </sentence>
      <sentence id="d000.s1421" source="wordnet-galician">
         <wf lemma="unha" pos="X">unha</wf>
         <wf lemma="barra" pos="X">barra</wf>
         <wf lemma="de" pos="X">de</wf>
         <wf lemma="ferro" pos="X">ferro</wf>
         <instance id="d000.s1421.t000" lemma="inflexible" pos="ADJ">inflexible</instance>
         <wf lemma="." pos="X">.</wf>
      </sentence>
      <sentence id="d000.s1422" source="wordnet-galician">
         <wf lemma="as" pos="X">as</wf>
         <wf lemma="bebidas" pos="X">bebidas</wf>
         <instance id="d000.s1422.t000" lemma="alcohólico" pos="ADJ">alcohólicas</instance>
         <wf lemma="." pos="X">.</wf>
      </sentence>
      <sentence id="d000.s1423" source="wordnet-galician">
         <wf lemma="a" pos="X">a</wf>
         <instance id="d000.s1423.t000" lemma="usual" pos="ADJ">usual</instance>
         <wf lemma="calor" pos="X">calor</wf>
         <wf lemma="do" pos="X">do</wf>
         <wf lemma="verán" pos="X">verán</wf>
         <wf lemma="." pos="X">.</wf>
      </sentence>
      <sentence id="d000.s1424" source="wordnet-galician">
         <wf lemma="tiña" pos="X">tiña</wf>
         <wf lemma="comida" pos="X">comida</wf>
         <instance id="d000.s1424.t000" lemma="abundante" pos="ADJ">abundante</instance>
         <wf lemma="para" pos="X">para</wf>
         <wf lemma="o" pos="X">o</wf>
         <wf lemma="partido" pos="X">partido</wf>
         <wf lemma="." pos="X">.</wf>
      </sentence>
      <sentence id="d000.s1425" source="wordnet-galician">
         <wf lemma="as" pos="X">as</wf>
         <wf lemma="boas" pos="X">boas</wf>
         <wf lemma="maneiras" pos="X">maneiras</wf>
         <instance id="d000.s1425.t000" lemma="urbano" pos="ADJ">urbanas</instance>
         <wf lemma="." pos="X">.</wf>
      </sentence>
      <sentence id="d000.s1426" source="wordnet-galician">
         <wf lemma="axustou" pos="X">axustou</wf>
         <wf lemma="o" pos="X">o</wf>
         <wf lemma="centro" pos="X">centro</wf>
         <instance id="d000.s1426.t000" lemma="exacto" pos="ADJ">exacto</instance>
         <wf lemma="do" pos="X">do</wf>
         <wf lemma="destino" pos="X">destino</wf>
         <wf lemma="." pos="X">.</wf>
      </sentence>
      <sentence id="d000.s1427" source="wordnet-galician">
         <wf lemma="unha" pos="X">unha</wf>
         <wf lemma="revolta" pos="X">revolta</wf>
         <instance id="d000.s1427.t000" lemma="nacente" pos="ADJ">nacente</instance>
         <wf lemma="." pos="X">.</wf>
      </sentence>
      <sentence id="d000.s1428" source="wordnet-galician">
         <wf lemma="o" pos="X">o</wf>
         <wf lemma="pórtico" pos="X">pórtico</wf>
         <instance id="d000.s1428.t000" lemma="norte" pos="ADJ">norte</instance>
         <wf lemma="." pos="X">.</wf>
      </sentence>
      <sentence id="d000.s1429" source="wordnet-galician">
         <wf lemma="é" pos="X">é</wf>
         <wf lemma="un" pos="X">un</wf>
         <wf lemma="compañeiro" pos="X">compañeiro</wf>
         <instance id="d000.s1429.t000" lemma="agradábel" pos="ADJ">agradábel</instance>
         <wf lemma="." pos="X">.</wf>
      </sentence>
      <sentence id="d000.s1430" source="wordnet-galician">
         <wf lemma="unha" pos="X">unha</wf>
         <wf lemma="preocupación" pos="X">preocupación</wf>
         <wf lemma="pola" pos="X">pola</wf>
         <wf lemma="beleza" pos="X">beleza</wf>
         <instance id="d000.s1430.t000" lemma="exterior" pos="ADJ">exterior</instance>
         <wf lemma="máis" pos="X">máis</wf>
         <wf lemma="que" pos="X">que</wf>
         <wf lemma="polas" pos="X">polas</wf>
         <wf lemma="reflexións" pos="X">reflexións</wf>
         <wf lemma="internas" pos="X">internas</wf>
         <wf lemma="." pos="X">.</wf>
      </sentence>
      <sentence id="d000.s1431" source="wordnet-galician">
         <wf lemma="a" pos="X">a</wf>
         <wf lemma="literatura" pos="X">literatura</wf>
         <wf lemma="ten" pos="X">ten</wf>
         <wf lemma="un" pos="X">un</wf>
         <wf lemma="valor" pos="X">valor</wf>
         <instance id="d000.s1431.t000" lemma="permanente" pos="ADJ">permanente</instance>
         <wf lemma="." pos="X">.</wf>
      </sentence>
      <sentence id="d000.s1432" source="wordnet-galician">
         <wf lemma="os" pos="X">os</wf>
         <instance id="d000.s1432.t000" lemma="xemelgo" pos="ADJ">xemelgos</instance>
         <wf lemma="idénticos" pos="X">idénticos</wf>
         <wf lemma="son" pos="X">son</wf>
         <wf lemma="monovulares" pos="X">monovulares</wf>
         <wf lemma="." pos="X">.</wf>
      </sentence>
      <sentence id="d000.s1433" source="wordnet-galician">
         <wf lemma="tras" pos="X">tras</wf>
         <wf lemma="un" pos="X">un</wf>
         <wf lemma="curso" pos="X">curso</wf>
         <instance id="d000.s1433.t000" lemma="alterado" pos="ADJ">alterado</instance>
         <wf lemma="," pos="X">,</wf>
         <wf lemma="logo" pos="X">logo</wf>
         <wf lemma="nos" pos="X">nos</wf>
         <wf lemma="atopamos" pos="X">atopamos</wf>
         <wf lemma="de" pos="X">de</wf>
         <wf lemma="volta" pos="X">volta</wf>
         <wf lemma="na" pos="X">na</wf>
         <wf lemma="civilización" pos="X">civilización</wf>
         <wf lemma="." pos="X">.</wf>
      </sentence>
      <sentence id="d000.s1434" source="wordnet-galician">
         <wf lemma="o" pos="X">o</wf>
         <instance id="d000.s1434.t000" lemma="bulbo" pos="NOUN">bulbo</instance>
         <wf lemma="é" pos="X">é</wf>
         <wf lemma="a" pos="X">a</wf>
         <wf lemma="parte" pos="X">parte</wf>
         <wf lemma="máis" pos="X">máis</wf>
         <wf lemma="vital" pos="X">vital</wf>
         <wf lemma="do" pos="X">do</wf>
         <wf lemma="cerebro" pos="X">cerebro</wf>
         <wf lemma="," pos="X">,</wf>
         <wf lemma="porque" pos="X">porque</wf>
         <wf lemma="contén" pos="X">contén</wf>
         <wf lemma="os" pos="X">os</wf>
         <wf lemma="centros" pos="X">centros</wf>
         <wf lemma="de" pos="X">de</wf>
         <wf lemma="control" pos="X">control</wf>
         <wf lemma="da" pos="X">da</wf>
         <wf lemma="respiración" pos="X">respiración</wf>
         <wf lemma="e" pos="X">e</wf>
         <wf lemma="do" pos="X">do</wf>
         <wf lemma="funcionamento" pos="X">funcionamento</wf>
         <wf lemma="do" pos="X">do</wf>
         <wf lemma="corazón" pos="X">corazón</wf>
         <wf lemma="." pos="X">.</wf>
      </sentence>
      <sentence id="d000.s1435" source="wordnet-galician">
         <wf lemma="inhibición" pos="X">inhibición</wf>
         <instance id="d000.s1435.t000" lemma="proactivo" pos="ADJ">proactiva</instance>
         <wf lemma="." pos="X">.</wf>
      </sentence>
      <sentence id="d000.s1436" source="wordnet-galician">
         <wf lemma="rexistro" pos="X">rexistro</wf>
         <instance id="d000.s1436.t000" lemma="asistemático" pos="ADJ">asistemático</instance>
         <wf lemma="e" pos="X">e</wf>
         <wf lemma="fragmentario" pos="X">fragmentario</wf>
         <wf lemma="." pos="X">.</wf>
      </sentence>
      <sentence id="d000.s1437" source="wordnet-galician">
         <wf lemma="unha" pos="X">unha</wf>
         <wf lemma="mente" pos="X">mente</wf>
         <instance id="d000.s1437.t000" lemma="cobizoso" pos="ADJ">cobizosa</instance>
         <wf lemma="." pos="X">.</wf>
      </sentence>
      <sentence id="d000.s1438" source="wordnet-galician">
         <wf lemma="tipos" pos="X">tipos</wf>
         <wf lemma="de" pos="X">de</wf>
         <wf lemma="interese" pos="X">interese</wf>
         <instance id="d000.s1438.t000" lemma="nominal" pos="ADJ">nominal</instance>
         <wf lemma="." pos="X">.</wf>
      </sentence>
      <sentence id="d000.s1439" source="wordnet-galician">
         <wf lemma="ese" pos="X">ese</wf>
         <wf lemma="tipo" pos="X">tipo</wf>
         <wf lemma="específico" pos="X">específico</wf>
         <wf lemma="de" pos="X">de</wf>
         <wf lemma="bonecas" pos="X">bonecas</wf>
         <wf lemma="xa" pos="X">xa</wf>
         <wf lemma="non" pos="X">non</wf>
         <wf lemma="é" pos="X">é</wf>
         <instance id="d000.s1439.t000" lemma="popular" pos="ADJ">popular</instance>
         <wf lemma="." pos="X">.</wf>
      </sentence>
      <sentence id="d000.s1440" source="wordnet-galician">
         <wf lemma="aloxamentos" pos="X">aloxamentos</wf>
         <instance id="d000.s1440.t000" lemma="incómodo" pos="ADJ">incómodos</instance>
         <wf lemma="." pos="X">.</wf>
      </sentence>
      <sentence id="d000.s1441" source="wordnet-galician">
         <wf lemma="ata" pos="X">ata</wf>
         <wf lemma="a" pos="X">a</wf>
         <wf lemma="súa" pos="X">súa</wf>
         <instance id="d000.s1441.t000" lemma="último" pos="ADJ">última</instance>
         <wf lemma="moeda" pos="X">moeda</wf>
         <wf lemma="." pos="X">.</wf>
      </sentence>
      <sentence id="d000.s1442" source="wordnet-galician">
         <wf lemma="a" pos="X">a</wf>
         <wf lemma="súa" pos="X">súa</wf>
         <wf lemma="man" pos="X">man</wf>
         <wf lemma="estaba" pos="X">estaba</wf>
         <wf lemma="nunha" pos="X">nunha</wf>
         <wf lemma="posición" pos="X">posición</wf>
         <instance id="d000.s1442.t000" lemma="inestable" pos="ADJ">inestable</instance>
         <wf lemma="cando" pos="X">cando</wf>
         <wf lemma="derramou" pos="X">derramou</wf>
         <wf lemma="o" pos="X">o</wf>
         <wf lemma="viño" pos="X">viño</wf>
         <wf lemma="." pos="X">.</wf>
      </sentence>
      <sentence id="d000.s1443" source="wordnet-galician">
         <wf lemma="financiamento" pos="X">financiamento</wf>
         <instance id="d000.s1443.t000" lemma="encuberto" pos="ADJ">encuberto</instance>
         <wf lemma="para" pos="X">para</wf>
         <wf lemma="os" pos="X">os</wf>
         <wf lemma="rebeldes" pos="X">rebeldes</wf>
         <wf lemma="." pos="X">.</wf>
      </sentence>
      <sentence id="d000.s1444" source="wordnet-galician">
         <wf lemma="un" pos="X">un</wf>
         <wf lemma="lume" pos="X">lume</wf>
         <instance id="d000.s1444.t000" lemma="extinguible" pos="ADJ">extinguible</instance>
         <wf lemma="." pos="X">.</wf>
      </sentence>
      <sentence id="d000.s1445" source="wordnet-galician">
         <wf lemma="despois" pos="X">despois</wf>
         <wf lemma="da" pos="X">da</wf>
         <wf lemma="Guerra" pos="X">Guerra</wf>
         <wf lemma="Civil" pos="X">Civil</wf>
         <wf lemma="era" pos="X">era</wf>
         <wf lemma="un" pos="X">un</wf>
         <wf lemma="home" pos="X">home</wf>
         <instance id="d000.s1445.t000" lemma="libre" pos="ADJ">libre</instance>
         <wf lemma="." pos="X">.</wf>
      </sentence>
      <sentence id="d000.s1446" source="wordnet-galician">
         <wf lemma="estaba" pos="X">estaba</wf>
         <instance id="d000.s1446.t000" lemma="cómodo" pos="ADJ">cómodo</instance>
         <wf lemma="nas" pos="X">nas</wf>
         <wf lemma="súas" pos="X">súas</wf>
         <wf lemma="crenzas" pos="X">crenzas</wf>
         <wf lemma="relixiosas" pos="X">relixiosas</wf>
         <wf lemma="." pos="X">.</wf>
      </sentence>
      <sentence id="d000.s1447" source="wordnet-galician">
         <wf lemma="a" pos="X">a</wf>
         <wf lemma="historia" pos="X">historia</wf>
         <instance id="d000.s1447.t000" lemma="tradicional" pos="ADJ">tradicional</instance>
         <wf lemma="." pos="X">.</wf>
      </sentence>
      <sentence id="d000.s1448" source="wordnet-galician">
         <wf lemma="as" pos="X">as</wf>
         <wf lemma="cousas" pos="X">cousas</wf>
         <wf lemma="acontecen" pos="X">acontecen</wf>
         <wf lemma="na" pos="X">na</wf>
         <wf lemma="terra" pos="X">terra</wf>
         <wf lemma="e" pos="X">e</wf>
         <wf lemma="no" pos="X">no</wf>
         <wf lemma="ceo" pos="X">ceo</wf>
         <wf lemma="sen" pos="X">sen</wf>
         <wf lemma="causa" pos="X">causa</wf>
         <instance id="d000.s1448.t000" lemma="discernible" pos="ADJ">discernible</instance>
         <wf lemma="." pos="X">.</wf>
      </sentence>
      <sentence id="d000.s1449" source="wordnet-galician">
         <wf lemma="unha" pos="X">unha</wf>
         <wf lemma="reivindicación" pos="X">reivindicación</wf>
         <wf lemma="de" pos="X">de</wf>
         <wf lemma="seguro" pos="X">seguro</wf>
         <instance id="d000.s1449.t000" lemma="axustado" pos="ADJ">axustada</instance>
         <wf lemma="." pos="X">.</wf>
      </sentence>
      <sentence id="d000.s1450" source="wordnet-galician">
         <wf lemma="un" pos="X">un</wf>
         <wf lemma="argumento" pos="X">argumento</wf>
         <instance id="d000.s1450.t000" lemma="persuasivo" pos="ADJ">persuasivo</instance>
         <wf lemma="." pos="X">.</wf>
      </sentence>
      <sentence id="d000.s1451" source="wordnet-galician">
         <wf lemma="unha" pos="X">unha</wf>
         <wf lemma="comida" pos="X">comida</wf>
         <instance id="d000.s1451.t000" lemma="completo" pos="ADJ">completa</instance>
         <wf lemma="." pos="X">.</wf>
      </sentence>
      <sentence id="d000.s1452" source="wordnet-galician">
         <wf lemma="a" pos="X">a</wf>
         <wf lemma="mortalidade" pos="X">mortalidade</wf>
         <instance id="d000.s1452.t000" lemma="perinatal" pos="ADJ">perinatal</instance>
         <wf lemma="." pos="X">.</wf>
      </sentence>
      <sentence id="d000.s1453" source="wordnet-galician">
         <wf lemma="unha" pos="X">unha</wf>
         <wf lemma="loita" pos="X">loita</wf>
         <instance id="d000.s1453.t000" lemma="xusto" pos="ADJ">xusta</instance>
         <wf lemma="." pos="X">.</wf>
      </sentence>
      <sentence id="d000.s1454" source="wordnet-galician">
         <wf lemma="unha" pos="X">unha</wf>
         <wf lemma="dor" pos="X">dor</wf>
         <instance id="d000.s1454.t000" lemma="xordo" pos="ADJ">xorda</instance>
         <wf lemma="." pos="X">.</wf>
      </sentence>
      <sentence id="d000.s1455" source="wordnet-galician">
         <wf lemma="residuos" pos="X">residuos</wf>
         <wf lemma="químicos" pos="X">químicos</wf>
         <instance id="d000.s1455.t000" lemma="nocivo" pos="ADJ">nocivos</instance>
         <wf lemma="." pos="X">.</wf>
      </sentence>
      <sentence id="d000.s1456" source="wordnet-galician">
         <wf lemma="economía" pos="X">economía</wf>
         <instance id="d000.s1456.t000" lemma="salubre" pos="ADJ">salubre</instance>
         <wf lemma="." pos="X">.</wf>
      </sentence>
      <sentence id="d000.s1457" source="wordnet-galician">
         <wf lemma="estremecemento" pos="X">estremecemento</wf>
         <instance id="d000.s1457.t000" lemma="involuntario" pos="ADJ">involuntario</instance>
         <wf lemma="." pos="X">.</wf>
      </sentence>
      <sentence id="d000.s1458" source="wordnet-galician">
         <wf lemma="formación" pos="X">formación</wf>
         <instance id="d000.s1458.t000" lemma="técnico" pos="ADJ">técnica</instance>
         <wf lemma="." pos="X">.</wf>
      </sentence>
      <sentence id="d000.s1459" source="wordnet-galician">
         <wf lemma="un" pos="X">un</wf>
         <wf lemma="dente" pos="X">dente</wf>
         <instance id="d000.s1459.t000" lemma="partido" pos="ADJ">partido</instance>
         <wf lemma="." pos="X">.</wf>
      </sentence>
      <sentence id="d000.s1460" source="wordnet-galician">
         <wf lemma="un" pos="X">un</wf>
         <wf lemma="volcán" pos="X">volcán</wf>
         <instance id="d000.s1460.t000" lemma="adormecido" pos="ADJ">adormecido</instance>
         <wf lemma="." pos="X">.</wf>
      </sentence>
      <sentence id="d000.s1461" source="wordnet-galician">
         <wf lemma="as" pos="X">as</wf>
         <wf lemma="bestas" pos="X">bestas</wf>
         <instance id="d000.s1461.t000" lemma="inarticulado" pos="ADJ">inarticuladas</instance>
         <wf lemma="." pos="X">.</wf>
      </sentence>
      <sentence id="d000.s1462" source="wordnet-galician">
         <wf lemma="incrementou" pos="X">incrementou</wf>
         <wf lemma="a" pos="X">a</wf>
         <wf lemma="súa" pos="X">súa</wf>
         <wf lemma="voz" pos="X">voz</wf>
         <wf lemma="nun" pos="X">nun</wf>
         <instance id="d000.s1462.t000" lemma="último" pos="ADJ">último</instance>
         <wf lemma="chamamento" pos="X">chamamento</wf>
         <wf lemma="supremo" pos="X">supremo</wf>
         <wf lemma="." pos="X">.</wf>
      </sentence>
      <sentence id="d000.s1463" source="wordnet-galician">
         <wf lemma="propietarios" pos="X">propietarios</wf>
         <instance id="d000.s1463.t000" lemma="conxunto" pos="ADJ">conxuntos</instance>
         <wf lemma="." pos="X">.</wf>
      </sentence>
      <sentence id="d000.s1464" source="wordnet-galician">
         <wf lemma="silencio" pos="X">silencio</wf>
         <instance id="d000.s1464.t000" lemma="absoluto" pos="ADJ">absoluto</instance>
         <wf lemma="." pos="X">.</wf>
      </sentence>
      <sentence id="d000.s1465" source="wordnet-galician">
         <wf lemma="unha" pos="X">unha</wf>
         <instance id="d000.s1465.t000" lemma="bo" pos="ADJ">boa</instance>
         <wf lemma="selección" pos="X">selección</wf>
         <wf lemma="." pos="X">.</wf>
      </sentence>
      <sentence id="d000.s1466" source="wordnet-galician">
         <wf lemma="un" pos="X">un</wf>
         <wf lemma="barrio" pos="X">barrio</wf>
         <instance id="d000.s1466.t000" lemma="residencial" pos="ADJ">residencial</instance>
         <wf lemma="." pos="X">.</wf>
      </sentence>
      <sentence id="d000.s1467" source="wordnet-galician">
         <wf lemma="personaxe" pos="X">personaxe</wf>
         <instance id="d000.s1467.t000" lemma="duro" pos="ADJ">duro</instance>
         <wf lemma="." pos="X">.</wf>
      </sentence>
      <sentence id="d000.s1468" source="wordnet-galician">
         <wf lemma="falar" pos="X">falar</wf>
         <wf lemma="neste" pos="X">neste</wf>
         <wf lemma="círculo" pos="X">círculo</wf>
         <wf lemma="," pos="X">,</wf>
         <wf lemma="se" pos="X">se</wf>
         <wf lemma="non" pos="X">non</wf>
         <wf lemma="sempre" pos="X">sempre</wf>
         <wf lemma="foi" pos="X">foi</wf>
         <instance id="d000.s1468.t000" lemma="decente" pos="ADJ">decente</instance>
         <wf lemma="," pos="X">,</wf>
         <wf lemma="nunca" pos="X">nunca</wf>
         <wf lemma="se" pos="X">se</wf>
         <wf lemma="fixo" pos="X">fixo</wf>
         <wf lemma="indecente" pos="X">indecente</wf>
         <wf lemma="(" pos="X">(</wf>
         <wf lemma="George" pos="X">George</wf>
         <wf lemma="Santayana" pos="X">Santayana</wf>
         <wf lemma=")" pos="X">)</wf>
         <wf lemma="." pos="X">.</wf>
      </sentence>
      <sentence id="d000.s1469" source="wordnet-galician">
         <wf lemma="finalmente" pos="X">finalmente</wf>
         <wf lemma="vendeu" pos="X">vendeu</wf>
         <wf lemma="o" pos="X">o</wf>
         <wf lemma="coche" pos="X">coche</wf>
         <wf lemma="para" pos="X">para</wf>
         <wf lemma="a" pos="X">a</wf>
         <instance id="d000.s1469.t000" lemma="chatarra" pos="NOUN">chatarra</instance>
         <wf lemma="." pos="X">.</wf>
      </sentence>
      <sentence id="d000.s1470" source="wordnet-galician">
         <wf lemma="unha" pos="X">unha</wf>
         <wf lemma="actitude" pos="X">actitude</wf>
         <instance id="d000.s1470.t000" lemma="rebelde" pos="ADJ">rebelde</instance>
         <wf lemma="." pos="X">.</wf>
      </sentence>
      <sentence id="d000.s1471" source="wordnet-galician">
         <wf lemma="un" pos="X">un</wf>
         <wf lemma="ataque" pos="X">ataque</wf>
         <instance id="d000.s1471.t000" lemma="resistible" pos="ADJ">resistible</instance>
         <wf lemma="." pos="X">.</wf>
      </sentence>
      <sentence id="d000.s1472" source="wordnet-galician">
         <wf lemma="horas" pos="X">horas</wf>
         <wf lemma="de" pos="X">de</wf>
         <instance id="d000.s1472.t000" lemma="baldeiro" pos="ADJ">baldeiras</instance>
         <wf lemma="." pos="X">.</wf>
      </sentence>
      <sentence id="d000.s1473" source="wordnet-galician">
         <wf lemma="prácticas" pos="X">prácticas</wf>
         <wf lemma="de" pos="X">de</wf>
         <wf lemma="contratación" pos="X">contratación</wf>
         <instance id="d000.s1473.t000" lemma="irregular" pos="ADJ">irregular</instance>
         <wf lemma="." pos="X">.</wf>
      </sentence>
      <sentence id="d000.s1474" source="wordnet-galician">
         <wf lemma="mil" pos="X">mil</wf>
         <wf lemma="páxinas" pos="X">páxinas</wf>
         <wf lemma="de" pos="X">de</wf>
         <wf lemma="prosa" pos="X">prosa</wf>
         <wf lemma="pesada" pos="X">pesada</wf>
         <wf lemma="e" pos="X">e</wf>
         <instance id="d000.s1474.t000" lemma="desordenado" pos="ADJ">desordenada</instance>
         <wf lemma="." pos="X">.</wf>
      </sentence>
      <sentence id="d000.s1475" source="wordnet-galician">
         <wf lemma="unha" pos="X">unha</wf>
         <wf lemma="forza" pos="X">forza</wf>
         <instance id="d000.s1475.t000" lemma="repulsivo" pos="ADJ">repulsiva</instance>
         <wf lemma="." pos="X">.</wf>
      </sentence>
      <sentence id="d000.s1476" source="wordnet-galician">
         <wf lemma="tocaba" pos="X">tocaba</wf>
         <wf lemma="o" pos="X">o</wf>
         <instance id="d000.s1476.t000" lemma="primeiro" pos="ADJ">primeiro</instance>
         <wf lemma="corno" pos="X">corno</wf>
         <wf lemma="." pos="X">.</wf>
      </sentence>
      <sentence id="d000.s1477" source="wordnet-galician">
         <wf lemma="ameazas" pos="X">ameazas</wf>
         <instance id="d000.s1477.t000" lemma="velado" pos="ADJ">veladas</instance>
         <wf lemma="." pos="X">.</wf>
      </sentence>
      <sentence id="d000.s1478" source="wordnet-galician">
         <wf lemma="un" pos="X">un</wf>
         <wf lemma="acontecemento" pos="X">acontecemento</wf>
         <wf lemma="concreto" pos="X">concreto</wf>
         <wf lemma="e" pos="X">e</wf>
         <instance id="d000.s1478.t000" lemma="datable" pos="ADJ">datable</instance>
         <wf lemma="(" pos="X">(</wf>
         <wf lemma="C." pos="X">C.</wf>
         <wf lemma="W." pos="X">W.</wf>
         <wf lemma="Shumaker" pos="X">Shumaker</wf>
         <wf lemma=")" pos="X">)</wf>
         <wf lemma="." pos="X">.</wf>
      </sentence>
      <sentence id="d000.s1479" source="wordnet-galician">
         <wf lemma="drama" pos="X">drama</wf>
         <instance id="d000.s1479.t000" lemma="intelectual" pos="ADJ">intelectual</instance>
         <wf lemma="." pos="X">.</wf>
      </sentence>
      <sentence id="d000.s1480" source="wordnet-galician">
         <wf lemma="non" pos="X">non</wf>
         <wf lemma="é" pos="X">é</wf>
         <wf lemma="adecuado" pos="X">adecuado</wf>
         <wf lemma="usar" pos="X">usar</wf>
         <wf lemma="a" pos="X">a</wf>
         <wf lemma="auga" pos="X">auga</wf>
         <wf lemma="de" pos="X">de</wf>
         <wf lemma="xeito" pos="X">xeito</wf>
         <instance id="d000.s1480.t000" lemma="consumista" pos="ADJ">consumista</instance>
         <wf lemma="." pos="X">.</wf>
      </sentence>
      <sentence id="d000.s1481" source="wordnet-galician">
         <wf lemma="'" pos="X">'</wf>
         <wf lemma="pipí" pos="X">pipí</wf>
         <wf lemma="'" pos="X">'</wf>
         <wf lemma="é" pos="X">é</wf>
         <wf lemma="un" pos="X">un</wf>
         <wf lemma="termo" pos="X">termo</wf>
         <instance id="d000.s1481.t000" lemma="eufemístico" pos="ADJ">eufemístico</instance>
         <wf lemma="común" pos="X">común</wf>
         <wf lemma="." pos="X">.</wf>
      </sentence>
      <sentence id="d000.s1482" source="wordnet-galician">
         <wf lemma="a" pos="X">a</wf>
         <wf lemma="inferencia" pos="X">inferencia</wf>
         <wf lemma="é" pos="X">é</wf>
         <instance id="d000.s1482.t000" lemma="válido" pos="ADJ">válida</instance>
         <wf lemma="." pos="X">.</wf>
      </sentence>
      <sentence id="d000.s1483" source="wordnet-galician">
         <instance id="d000.s1483.t000" lemma="falso" pos="ADJ">falsa</instance>
         <wf lemma="propaganda" pos="X">propaganda</wf>
         <wf lemma="que" pos="X">que</wf>
         <wf lemma="funciona" pos="X">funciona</wf>
         <wf lemma="coma" pos="X">coma</wf>
         <wf lemma="se" pos="X">se</wf>
         <wf lemma="fora" pos="X">fora</wf>
         <wf lemma="unha" pos="X">unha</wf>
         <wf lemma="noticia" pos="X">noticia</wf>
         <wf lemma="real" pos="X">real</wf>
         <wf lemma="." pos="X">.</wf>
      </sentence>
      <sentence id="d000.s1484" source="wordnet-galician">
         <wf lemma="un" pos="X">un</wf>
         <wf lemma="crítico" pos="X">crítico</wf>
         <instance id="d000.s1484.t000" lemma="esixente" pos="ADJ">esixente</instance>
         <wf lemma="." pos="X">.</wf>
      </sentence>
      <sentence id="d000.s1485" source="wordnet-galician">
         <wf lemma="o" pos="X">o</wf>
         <wf lemma="carballo" pos="X">carballo</wf>
         <wf lemma="está" pos="X">está</wf>
         <instance id="d000.s1485.t000" lemma="implícito" pos="ADJ">implícito</instance>
         <wf lemma="na" pos="X">na</wf>
         <wf lemma="landra" pos="X">landra</wf>
         <wf lemma="." pos="X">.</wf>
      </sentence>
      <sentence id="d000.s1486" source="wordnet-galician">
         <wf lemma="un" pos="X">un</wf>
         <wf lemma="xornal" pos="X">xornal</wf>
         <instance id="d000.s1486.t000" lemma="influente" pos="ADJ">influente</instance>
         <wf lemma="." pos="X">.</wf>
      </sentence>
      <sentence id="d000.s1487" source="wordnet-galician">
         <wf lemma="prezos" pos="X">prezos</wf>
         <instance id="d000.s1487.t000" lemma="real" pos="ADJ">reais</instance>
         <wf lemma="." pos="X">.</wf>
      </sentence>
      <sentence id="d000.s1488" source="wordnet-galician">
         <wf lemma="beneficios" pos="X">beneficios</wf>
         <instance id="d000.s1488.t000" lemma="prospectivo" pos="ADJ">prospectivos</instance>
         <wf lemma="." pos="X">.</wf>
      </sentence>
      <sentence id="d000.s1489" source="wordnet-galician">
         <wf lemma="é" pos="X">é</wf>
         <instance id="d000.s1489.t000" lemma="capaz" pos="ADJ">capaz</instance>
         <wf lemma="de" pos="X">de</wf>
         <wf lemma="nadar" pos="X">nadar</wf>
         <wf lemma="." pos="X">.</wf>
      </sentence>
      <sentence id="d000.s1490" source="wordnet-galician">
         <instance id="d000.s1490.t000" lemma="caritativo" pos="ADJ">caritativo</instance>
         <wf lemma="cos" pos="X">cos</wf>
         <wf lemma="pobres" pos="X">pobres</wf>
         <wf lemma="." pos="X">.</wf>
      </sentence>
      <sentence id="d000.s1491" source="wordnet-galician">
         <wf lemma="a" pos="X">a</wf>
         <wf lemma="recuperación" pos="X">recuperación</wf>
         <wf lemma="foi" pos="X">foi</wf>
         <instance id="d000.s1491.t000" lemma="sincrónico" pos="ADJ">sincrónica</instance>
         <wf lemma="coa" pos="X">coa</wf>
         <wf lemma="terapia" pos="X">terapia</wf>
         <wf lemma="(" pos="X">(</wf>
         <wf lemma="Jour" pos="X">Jour</wf>
         <wf lemma="." pos="X">.</wf>
         <wf lemma="A." pos="X">A.</wf>
         <wf lemma="M." pos="X">M.</wf>
         <wf lemma="A." pos="X">A.</wf>
         <wf lemma=")" pos="X">)</wf>
         <wf lemma="." pos="X">.</wf>
      </sentence>
      <sentence id="d000.s1492" source="wordnet-galician">
         <wf lemma="os" pos="X">os</wf>
         <wf lemma="astrónomos" pos="X">astrónomos</wf>
         <wf lemma="din" pos="X">din</wf>
         <wf lemma="que" pos="X">que</wf>
         <wf lemma="o" pos="X">o</wf>
         <wf lemma="espazo" pos="X">espazo</wf>
         <wf lemma="baleiro" pos="X">baleiro</wf>
         <wf lemma="entre" pos="X">entre</wf>
         <wf lemma="os" pos="X">os</wf>
         <wf lemma="planetas" pos="X">planetas</wf>
         <wf lemma="realmente" pos="X">realmente</wf>
         <wf lemma="contén" pos="X">contén</wf>
         <wf lemma="cantidades" pos="X">cantidades</wf>
         <wf lemma="medibles" pos="X">medibles</wf>
         <wf lemma="de" pos="X">de</wf>
         <instance id="d000.s1492.t000" lemma="po" pos="NOUN">po</instance>
         <wf lemma="." pos="X">.</wf>
      </sentence>
      <sentence id="d000.s1493" source="wordnet-galician">
         <wf lemma="el" pos="X">el</wf>
         <wf lemma="lavou" pos="X">lavou</wf>
         <wf lemma="a" pos="X">a</wf>
         <instance id="d000.s1493.t000" lemma="cara" pos="NOUN">cara</instance>
         <wf lemma="." pos="X">.</wf>
      </sentence>
      <sentence id="d000.s1494" source="wordnet-galician">
         <wf lemma="sentimentos" pos="X">sentimentos</wf>
         <instance id="d000.s1494.t000" lemma="violento" pos="ADJ">violentos</instance>
         <wf lemma="." pos="X">.</wf>
      </sentence>
      <sentence id="d000.s1495" source="wordnet-galician">
         <wf lemma="nun" pos="X">nun</wf>
         <wf lemma="sono" pos="X">sono</wf>
         <instance id="d000.s1495.t000" lemma="profundo" pos="ADJ">profundo</instance>
         <wf lemma="." pos="X">.</wf>
      </sentence>
      <sentence id="d000.s1496" source="wordnet-galician">
         <wf lemma="unha" pos="X">unha</wf>
         <wf lemma="solución" pos="X">solución</wf>
         <instance id="d000.s1496.t000" lemma="aceptable" pos="ADJ">aceptable</instance>
         <wf lemma="ao" pos="X">ao</wf>
         <wf lemma="problema" pos="X">problema</wf>
         <wf lemma="." pos="X">.</wf>
      </sentence>
      <sentence id="d000.s1497" source="wordnet-galician">
         <wf lemma="unha" pos="X">unha</wf>
         <wf lemma="viaxe" pos="X">viaxe</wf>
         <instance id="d000.s1497.t000" lemma="seguro" pos="ADJ">segura</instance>
         <wf lemma="." pos="X">.</wf>
      </sentence>
      <sentence id="d000.s1498" source="wordnet-galician">
         <wf lemma="movemento" pos="X">movemento</wf>
         <instance id="d000.s1498.t000" lemma="sindical" pos="ADJ">sindical</instance>
         <wf lemma="." pos="X">.</wf>
      </sentence>
      <sentence id="d000.s1499" source="wordnet-galician">
         <wf lemma="o" pos="X">o</wf>
         <wf lemma="ímpeto" pos="X">ímpeto</wf>
         <instance id="d000.s1499.t000" lemma="irreversible" pos="ADJ">irreversible</instance>
         <wf lemma="cara" pos="X">cara</wf>
         <wf lemma="á" pos="X">á</wf>
         <wf lemma="revolución" pos="X">revolución</wf>
         <wf lemma="." pos="X">.</wf>
      </sentence>
      <sentence id="d000.s1500" source="wordnet-galician">
         <wf lemma="de" pos="X">de</wf>
         <wf lemma="mañá" pos="X">mañá</wf>
         <wf lemma="a" pos="X">a</wf>
         <wf lemma="herba" pos="X">herba</wf>
         <wf lemma="estaba" pos="X">estaba</wf>
         <wf lemma="mollada" pos="X">mollada</wf>
         <wf lemma="co" pos="X">co</wf>
         <instance id="d000.s1500.t000" lemma="orballo" pos="NOUN">orballo</instance>
         <wf lemma="." pos="X">.</wf>
      </sentence>
      <sentence id="d000.s1501" source="wordnet-galician">
         <wf lemma="unha" pos="X">unha</wf>
         <wf lemma="posición" pos="X">posición</wf>
         <instance id="d000.s1501.t000" lemma="responsable" pos="ADJ">responsable</instance>
         <wf lemma="." pos="X">.</wf>
      </sentence>
      <sentence id="d000.s1502" source="wordnet-galician">
         <wf lemma="un" pos="X">un</wf>
         <instance id="d000.s1502.t000" lemma="incerto" pos="ADJ">incerto</instance>
         <wf lemma="sorriso" pos="X">sorriso</wf>
         <wf lemma="." pos="X">.</wf>
      </sentence>
      <sentence id="d000.s1503" source="wordnet-galician">
         <wf lemma="as" pos="X">as</wf>
         <wf lemma="camisas" pos="X">camisas</wf>
         <wf lemma="brancas" pos="X">brancas</wf>
         <wf lemma="e" pos="X">e</wf>
         <instance id="d000.s1503.t000" lemma="limpo" pos="ADJ">limpas</instance>
         <wf lemma="." pos="X">.</wf>
      </sentence>
      <sentence id="d000.s1504" source="wordnet-galician">
         <wf lemma="o" pos="X">o</wf>
         <wf lemma="vicio" pos="X">vicio</wf>
         <instance id="d000.s1504.t000" lemma="incurable" pos="ADJ">incurable</instance>
         <wf lemma="de" pos="X">de</wf>
         <wf lemma="fumar" pos="X">fumar</wf>
         <wf lemma="." pos="X">.</wf>
      </sentence>
      <sentence id="d000.s1505" source="wordnet-galician">
         <wf lemma="os" pos="X">os</wf>
         <wf lemma="artilleiros" pos="X">artilleiros</wf>
         <wf lemma="revisaron" pos="X">revisaron</wf>
         <wf lemma="a" pos="X">a</wf>
         <wf lemma="praia" pos="X">praia</wf>
         <wf lemma="desde" pos="X">desde</wf>
         <wf lemma="as" pos="X">as</wf>
         <wf lemma="súas" pos="X">súas</wf>
         <wf lemma="posicións" pos="X">posicións</wf>
         <instance id="d000.s1505.t000" lemma="invulnerable" pos="ADJ">invulnerables</instance>
         <wf lemma="nos" pos="X">nos</wf>
         <wf lemma="acantilados" pos="X">acantilados</wf>
         <wf lemma="." pos="X">.</wf>
      </sentence>
      <sentence id="d000.s1506" source="wordnet-galician">
         <wf lemma="ventos" pos="X">ventos</wf>
         <instance id="d000.s1506.t000" lemma="variable" pos="ADJ">variables</instance>
         <wf lemma="." pos="X">.</wf>
      </sentence>
      <sentence id="d000.s1507" source="wordnet-galician">
         <wf lemma="eles" pos="X">eles</wf>
         <wf lemma="usan" pos="X">usan</wf>
         <wf lemma="fardos" pos="X">fardos</wf>
         <wf lemma="de" pos="X">de</wf>
         <instance id="d000.s1507.t000" lemma="xornal" pos="NOUN">xornal</instance>
         <wf lemma="todos" pos="X">todos</wf>
         <wf lemma="os" pos="X">os</wf>
         <wf lemma="días" pos="X">días</wf>
         <wf lemma="." pos="X">.</wf>
      </sentence>
      <sentence id="d000.s1508" source="wordnet-galician">
         <wf lemma="os" pos="X">os</wf>
         <wf lemma="eventos" pos="X">eventos</wf>
         <instance id="d000.s1508.t000" lemma="actual" pos="ADJ">actuais</instance>
         <wf lemma="." pos="X">.</wf>
      </sentence>
      <sentence id="d000.s1509" source="wordnet-galician">
         <wf lemma="unha" pos="X">unha</wf>
         <wf lemma="conversa" pos="X">conversa</wf>
         <instance id="d000.s1509.t000" lemma="animado" pos="ADJ">animada</instance>
         <wf lemma="." pos="X">.</wf>
      </sentence>
      <sentence id="d000.s1510" source="wordnet-galician">
         <wf lemma="a" pos="X">a</wf>
         <wf lemma="poesía" pos="X">poesía</wf>
         <instance id="d000.s1510.t000" lemma="acentual" pos="ADJ">acentual</instance>
         <wf lemma="baséase" pos="X">baséase</wf>
         <wf lemma="no" pos="X">no</wf>
         <wf lemma="número" pos="X">número</wf>
         <wf lemma="acentual" pos="X">acentual</wf>
         <wf lemma="que" pos="X">que</wf>
         <wf lemma="se" pos="X">se</wf>
         <wf lemma="dá" pos="X">dá</wf>
         <wf lemma="en" pos="X">en</wf>
         <wf lemma="cada" pos="X">cada</wf>
         <wf lemma="verso" pos="X">verso</wf>
         <wf lemma="." pos="X">.</wf>
      </sentence>
      <sentence id="d000.s1511" source="wordnet-galician">
         <wf lemma="diamante" pos="X">diamante</wf>
         <instance id="d000.s1511.t000" lemma="polifacético" pos="ADJ">polifacético</instance>
         <wf lemma="." pos="X">.</wf>
      </sentence>
      <sentence id="d000.s1512" source="wordnet-galician">
         <wf lemma="as" pos="X">as</wf>
         <wf lemma="probas" pos="X">probas</wf>
         <instance id="d000.s1512.t000" lemma="concluínte" pos="ADJ">concluíntes</instance>
         <wf lemma="." pos="X">.</wf>
      </sentence>
      <sentence id="d000.s1513" source="wordnet-galician">
         <wf lemma="o" pos="X">o</wf>
         <wf lemma="carril" pos="X">carril</wf>
         <wf lemma="de" pos="X">de</wf>
         <wf lemma="tráfico" pos="X">tráfico</wf>
         <instance id="d000.s1513.t000" lemma="lento" pos="ADJ">lento</instance>
         <wf lemma="." pos="X">.</wf>
      </sentence>
      <sentence id="d000.s1514" source="wordnet-galician">
         <wf lemma="o" pos="X">o</wf>
         <wf lemma="cuarto" pos="X">cuarto</wf>
         <wf lemma="estaba" pos="X">estaba</wf>
         <wf lemma="escuro" pos="X">escuro</wf>
         <wf lemma="e" pos="X">e</wf>
         <instance id="d000.s1514.t000" lemma="silencioso" pos="ADJ">silencioso</instance>
         <wf lemma="." pos="X">.</wf>
      </sentence>
      <sentence id="d000.s1515" source="wordnet-galician">
         <wf lemma="unha" pos="X">unha</wf>
         <wf lemma="observación" pos="X">observación</wf>
         <instance id="d000.s1515.t000" lemma="perceptivo" pos="ADJ">perceptiva</instance>
         <wf lemma="." pos="X">.</wf>
      </sentence>
      <sentence id="d000.s1516" source="wordnet-galician">
         <wf lemma="ficheiros" pos="X">ficheiros</wf>
         <instance id="d000.s1516.t000" lemma="visible" pos="ADJ">visibles</instance>
         <wf lemma="." pos="X">.</wf>
      </sentence>
      <sentence id="d000.s1517" source="wordnet-galician">
         <wf lemma="ningunha" pos="X">ningunha</wf>
         <wf lemma="beleza" pos="X">beleza</wf>
         <wf lemma="está" pos="X">está</wf>
         <instance id="d000.s1517.t000" lemma="exento" pos="ADJ">exenta</instance>
         <wf lemma="do" pos="X">do</wf>
         <wf lemma="envellecemento" pos="X">envellecemento</wf>
         <wf lemma="." pos="X">.</wf>
      </sentence>
      <sentence id="d000.s1518" source="wordnet-galician">
         <wf lemma="os" pos="X">os</wf>
         <wf lemma="animais" pos="X">animais</wf>
         <instance id="d000.s1518.t000" lemma="nocturno" pos="ADJ">nocturnos</instance>
         <wf lemma="están" pos="X">están</wf>
         <wf lemma="activos" pos="X">activos</wf>
         <wf lemma="pola" pos="X">pola</wf>
         <wf lemma="noite" pos="X">noite</wf>
         <wf lemma="." pos="X">.</wf>
      </sentence>
      <sentence id="d000.s1519" source="wordnet-galician">
         <wf lemma="un" pos="X">un</wf>
         <wf lemma="retrato" pos="X">retrato</wf>
         <instance id="d000.s1519.t000" lemma="desfavorecedor" pos="ADJ">desfavorecedor</instance>
         <wf lemma="." pos="X">.</wf>
      </sentence>
      <sentence id="d000.s1520" source="wordnet-galician">
         <instance id="d000.s1520.t000" lemma="bo" pos="ADJ">boas</instance>
         <wf lemma="maneiras" pos="X">maneiras</wf>
         <wf lemma="." pos="X">.</wf>
      </sentence>
      <sentence id="d000.s1521" source="wordnet-galician">
         <wf lemma="a" pos="X">a</wf>
         <wf lemma="aleta" pos="X">aleta</wf>
         <wf lemma="dorsal" pos="X">dorsal</wf>
         <wf lemma="é" pos="X">é</wf>
         <instance id="d000.s1521.t000" lemma="espiñoso" pos="ADJ">espiñosa</instance>
         <wf lemma="." pos="X">.</wf>
      </sentence>
      <sentence id="d000.s1522" source="wordnet-galician">
         <wf lemma="criticou" pos="X">criticou</wf>
         <wf lemma="o" pos="X">o</wf>
         <wf lemma="candidato" pos="X">candidato</wf>
         <wf lemma="por" pos="X">por</wf>
         <wf lemma="non" pos="X">non</wf>
         <wf lemma="ter" pos="X">ter</wf>
         <wf lemma="un" pos="X">un</wf>
         <wf lemma="estilo" pos="X">estilo</wf>
         <instance id="d000.s1522.t000" lemma="presidencial" pos="ADJ">presidencial</instance>
         <wf lemma="." pos="X">.</wf>
      </sentence>
      <sentence id="d000.s1523" source="wordnet-galician">
         <wf lemma="as" pos="X">as</wf>
         <wf lemma="formas" pos="X">formas</wf>
         <instance id="d000.s1523.t000" lemma="variable" pos="ADJ">variables</instance>
         <wf lemma="da" pos="X">da</wf>
         <wf lemma="fortuna" pos="X">fortuna</wf>
         <wf lemma="." pos="X">.</wf>
      </sentence>
      <sentence id="d000.s1524" source="wordnet-galician">
         <wf lemma="as" pos="X">as</wf>
         <wf lemma="etiquetas" pos="X">etiquetas</wf>
         <instance id="d000.s1524.t000" lemma="adxunto" pos="ADJ">adxuntas</instance>
         <wf lemma="." pos="X">.</wf>
      </sentence>
      <sentence id="d000.s1525" source="wordnet-galician">
         <wf lemma="é" pos="X">é</wf>
         <wf lemma="unha" pos="X">unha</wf>
         <wf lemma="verdade" pos="X">verdade</wf>
         <instance id="d000.s1525.t000" lemma="recuperable" pos="ADJ">recuperable</instance>
         <wf lemma="dun" pos="X">dun</wf>
         <wf lemma="acontecemento" pos="X">acontecemento</wf>
         <wf lemma="pasado" pos="X">pasado</wf>
         <wf lemma="." pos="X">.</wf>
      </sentence>
      <sentence id="d000.s1526" source="wordnet-galician">
         <wf lemma="os" pos="X">os</wf>
         <wf lemma="bidueiros" pos="X">bidueiros</wf>
         <wf lemma="finos" pos="X">finos</wf>
         <wf lemma="e" pos="X">e</wf>
         <instance id="d000.s1526.t000" lemma="flexible" pos="ADJ">flexibles</instance>
         <wf lemma="." pos="X">.</wf>
      </sentence>
      <sentence id="d000.s1527" source="wordnet-galician">
         <wf lemma="un" pos="X">un</wf>
         <wf lemma="regalo" pos="X">regalo</wf>
         <instance id="d000.s1527.t000" lemma="anónimo" pos="ADJ">anónimo</instance>
         <wf lemma="." pos="X">.</wf>
      </sentence>
      <sentence id="d000.s1528" source="wordnet-galician">
         <wf lemma="unha" pos="X">unha</wf>
         <wf lemma="sala" pos="X">sala</wf>
         <instance id="d000.s1528.t000" lemma="interno" pos="ADJ">interna</instance>
         <wf lemma="." pos="X">.</wf>
      </sentence>
      <sentence id="d000.s1529" source="wordnet-galician">
         <instance id="d000.s1529.t000" lemma="inarticulado" pos="ADJ">inarticulado</instance>
         <wf lemma="con" pos="X">con</wf>
         <wf lemma="rabia" pos="X">rabia</wf>
         <wf lemma="." pos="X">.</wf>
      </sentence>
      <sentence id="d000.s1530" source="wordnet-galician">
         <wf lemma="os" pos="X">os</wf>
         <wf lemma="fungos" pos="X">fungos</wf>
         <instance id="d000.s1530.t000" lemma="heteroécico" pos="ADJ">heteroécicos</instance>
         <wf lemma="." pos="X">.</wf>
      </sentence>
      <sentence id="d000.s1531" source="wordnet-galician">
         <instance id="d000.s1531.t000" lemma="capaz" pos="ADJ">capaz</instance>
         <wf lemma="de" pos="X">de</wf>
         <wf lemma="gañar" pos="X">gañar</wf>
         <wf lemma="." pos="X">.</wf>
      </sentence>
      <sentence id="d000.s1532" source="wordnet-galician">
         <wf lemma="unha" pos="X">unha</wf>
         <wf lemma="visión" pos="X">visión</wf>
         <instance id="d000.s1532.t000" lemma="analítico" pos="ADJ">analítica</instance>
         <wf lemma="." pos="X">.</wf>
      </sentence>
      <sentence id="d000.s1533" source="wordnet-galician">
         <wf lemma="os" pos="X">os</wf>
         <wf lemma="veciños" pos="X">veciños</wf>
         <instance id="d000.s1533.t000" lemma="próximo" pos="ADJ">próximos</instance>
         <wf lemma="." pos="X">.</wf>
      </sentence>
      <sentence id="d000.s1534" source="wordnet-galician">
         <wf lemma="a" pos="X">a</wf>
         <instance id="d000.s1534.t000" lemma="típico" pos="ADJ">típica</instance>
         <wf lemma="rapaza" pos="X">rapaza</wf>
         <wf lemma="galega" pos="X">galega</wf>
         <wf lemma="." pos="X">.</wf>
      </sentence>
      <sentence id="d000.s1535" source="wordnet-galician">
         <wf lemma="disolventes" pos="X">disolventes</wf>
         <instance id="d000.s1535.t000" lemma="volátil" pos="ADJ">volátiles</instance>
         <wf lemma="." pos="X">.</wf>
      </sentence>
      <sentence id="d000.s1536" source="wordnet-galician">
         <wf lemma="tivo" pos="X">tivo</wf>
         <wf lemma="a" pos="X">a</wf>
         <instance id="d000.s1536.t000" lemma="último" pos="ADJ">última</instance>
         <wf lemma="palabra" pos="X">palabra</wf>
         <wf lemma="." pos="X">.</wf>
      </sentence>
      <sentence id="d000.s1537" source="wordnet-galician">
         <wf lemma="os" pos="X">os</wf>
         <wf lemma="seus" pos="X">seus</wf>
         <wf lemma="brazos" pos="X">brazos</wf>
         <instance id="d000.s1537.t000" lemma="poderoso" pos="ADJ">poderosos</instance>
         <wf lemma="." pos="X">.</wf>
      </sentence>
      <sentence id="d000.s1538" source="wordnet-galician">
         <wf lemma="para" pos="X">para</wf>
         <wf lemma="o" pos="X">o</wf>
         <wf lemma="ben" pos="X">ben</wf>
         <instance id="d000.s1538.t000" lemma="común" pos="ADJ">común</instance>
         <wf lemma="." pos="X">.</wf>
      </sentence>
      <sentence id="d000.s1539" source="wordnet-galician">
         <wf lemma="el" pos="X">el</wf>
         <wf lemma="tiña" pos="X">tiña</wf>
         <wf lemma="a" pos="X">a</wf>
         <wf lemma="súa" pos="X">súa</wf>
         <wf lemma="gran" pos="X">gran</wf>
         <wf lemma="débeda" pos="X">débeda</wf>
         <wf lemma="co" pos="X">co</wf>
         <wf lemma="carácter" pos="X">carácter</wf>
         <wf lemma="e" pos="X">e</wf>
         <wf lemma="coa" pos="X">coa</wf>
         <wf lemma="capacidade" pos="X">capacidade</wf>
         <instance id="d000.s1539.t000" lemma="inusual" pos="ADJ">inusual</instance>
         <wf lemma="da" pos="X">da</wf>
         <wf lemma="súa" pos="X">súa</wf>
         <wf lemma="nai" pos="X">nai</wf>
         <wf lemma="." pos="X">.</wf>
      </sentence>
      <sentence id="d000.s1540" source="wordnet-galician">
         <wf lemma="un" pos="X">un</wf>
         <wf lemma="viño" pos="X">viño</wf>
         <instance id="d000.s1540.t000" lemma="respectable" pos="ADJ">respectable</instance>
         <wf lemma="." pos="X">.</wf>
      </sentence>
      <sentence id="d000.s1541" source="wordnet-galician">
         <wf lemma="os" pos="X">os</wf>
         <wf lemma="recursos" pos="X">recursos</wf>
         <instance id="d000.s1541.t000" lemma="dispoñible" pos="ADJ">dispoñibles</instance>
         <wf lemma="." pos="X">.</wf>
      </sentence>
      <sentence id="d000.s1542" source="wordnet-galician">
         <wf lemma="as" pos="X">as</wf>
         <wf lemma="bombas" pos="X">bombas</wf>
         <wf lemma="caeron" pos="X">caeron</wf>
         <wf lemma="de" pos="X">de</wf>
         <wf lemma="forma" pos="X">forma</wf>
         <instance id="d000.s1542.t000" lemma="aleatorio" pos="ADJ">aleatoria</instance>
         <wf lemma="." pos="X">.</wf>
      </sentence>
      <sentence id="d000.s1543" source="wordnet-galician">
         <wf lemma="vida" pos="X">vida</wf>
         <instance id="d000.s1543.t000" lemma="orgánico" pos="ADJ">orgánica</instance>
         <wf lemma="." pos="X">.</wf>
      </sentence>
      <sentence id="d000.s1544" source="wordnet-galician">
         <wf lemma="decisión" pos="X">decisión</wf>
         <instance id="d000.s1544.t000" lemma="insensato" pos="ADJ">insensata</instance>
         <wf lemma="." pos="X">.</wf>
      </sentence>
      <sentence id="d000.s1545" source="wordnet-galician">
         <wf lemma="unha" pos="X">unha</wf>
         <wf lemma="xunta" pos="X">xunta</wf>
         <instance id="d000.s1545.t000" lemma="revolucionario" pos="ADJ">revolucionaria</instance>
         <wf lemma="." pos="X">.</wf>
      </sentence>
      <sentence id="d000.s1546" source="wordnet-galician">
         <wf lemma="libros" pos="X">libros</wf>
         <wf lemma="e" pos="X">e</wf>
         <wf lemma="películas" pos="X">películas</wf>
         <instance id="d000.s1546.t000" lemma="ofensivo" pos="ADJ">ofensivas</instance>
         <wf lemma="." pos="X">.</wf>
      </sentence>
      <sentence id="d000.s1547" source="wordnet-galician">
         <wf lemma="os" pos="X">os</wf>
         <wf lemma="monos" pos="X">monos</wf>
         <instance id="d000.s1547.t000" lemma="arbóreo" pos="ADJ">arbóreos</instance>
         <wf lemma="." pos="X">.</wf>
      </sentence>
      <sentence id="d000.s1548" source="wordnet-galician">
         <wf lemma="un" pos="X">un</wf>
         <wf lemma="temperamento" pos="X">temperamento</wf>
         <instance id="d000.s1548.t000" lemma="explosivo" pos="ADJ">explosivo</instance>
         <wf lemma="." pos="X">.</wf>
      </sentence>
      <sentence id="d000.s1549" source="wordnet-galician">
         <wf lemma="un" pos="X">un</wf>
         <wf lemma="líder" pos="X">líder</wf>
         <instance id="d000.s1549.t000" lemma="influente" pos="ADJ">influente</instance>
         <wf lemma="para" pos="X">para</wf>
         <wf lemma="a" pos="X">a</wf>
         <wf lemma="paz" pos="X">paz</wf>
         <wf lemma="." pos="X">.</wf>
      </sentence>
      <sentence id="d000.s1550" source="wordnet-galician">
         <wf lemma="observacións" pos="X">observacións</wf>
         <instance id="d000.s1550.t000" lemma="presente" pos="ADJ">presentes</instance>
         <wf lemma="." pos="X">.</wf>
      </sentence>
      <sentence id="d000.s1551" source="wordnet-galician">
         <wf lemma="Mercurio" pos="X">Mercurio</wf>
         <wf lemma="e" pos="X">e</wf>
         <wf lemma="Venus" pos="X">Venus</wf>
         <wf lemma="son" pos="X">son</wf>
         <wf lemma="planetas" pos="X">planetas</wf>
         <instance id="d000.s1551.t000" lemma="inferior" pos="ADJ">inferiores</instance>
         <wf lemma="." pos="X">.</wf>
      </sentence>
      <sentence id="d000.s1552" source="wordnet-galician">
         <wf lemma="os" pos="X">os</wf>
         <wf lemma="motores" pos="X">motores</wf>
         <wf lemma="máis" pos="X">máis</wf>
         <instance id="d000.s1552.t000" lemma="limpo" pos="ADJ">limpos</instance>
         <wf lemma="e" pos="X">e</wf>
         <wf lemma="máis" pos="X">máis</wf>
         <wf lemma="eficientes" pos="X">eficientes</wf>
         <wf lemma="." pos="X">.</wf>
      </sentence>
      <sentence id="d000.s1553" source="wordnet-galician">
         <wf lemma="dun" pos="X">dun</wf>
         <instance id="d000.s1553.t000" lemma="único" pos="ADJ">único</instance>
         <wf lemma="espesor" pos="X">espesor</wf>
         <wf lemma="." pos="X">.</wf>
      </sentence>
      <sentence id="d000.s1554" source="wordnet-galician">
         <wf lemma="un" pos="X">un</wf>
         <wf lemma="científico" pos="X">científico</wf>
         <instance id="d000.s1554.t000" lemma="respectable" pos="ADJ">respectable</instance>
         <wf lemma="." pos="X">.</wf>
      </sentence>
      <sentence id="d000.s1555" source="wordnet-galician">
         <wf lemma="a" pos="X">a</wf>
         <wf lemma="recuperación" pos="X">recuperación</wf>
         <wf lemma="foi" pos="X">foi</wf>
         <instance id="d000.s1555.t000" lemma="tranquilo" pos="ADJ">tranquila</instance>
         <wf lemma="." pos="X">.</wf>
      </sentence>
      <sentence id="d000.s1556" source="wordnet-galician">
         <wf lemma="aptitude" pos="X">aptitude</wf>
         <instance id="d000.s1556.t000" lemma="verbal" pos="ADJ">verbal</instance>
         <wf lemma="." pos="X">.</wf>
      </sentence>
      <sentence id="d000.s1557" source="wordnet-galician">
         <wf lemma="unha" pos="X">unha</wf>
         <wf lemma="tenda" pos="X">tenda</wf>
         <instance id="d000.s1557.t000" lemma="caro" pos="ADJ">cara</instance>
         <wf lemma="." pos="X">.</wf>
      </sentence>
      <sentence id="d000.s1558" source="wordnet-galician">
         <wf lemma="un" pos="X">un</wf>
         <wf lemma="cuarto" pos="X">cuarto</wf>
         <instance id="d000.s1558.t000" lemma="descoidado" pos="ADJ">descoidado</instance>
         <wf lemma="." pos="X">.</wf>
      </sentence>
      <sentence id="d000.s1559" source="wordnet-galician">
         <wf lemma="un" pos="X">un</wf>
         <wf lemma="funcionamento" pos="X">funcionamento</wf>
         <wf lemma="totalmente" pos="X">totalmente</wf>
         <instance id="d000.s1559.t000" lemma="profesional" pos="ADJ">profesional</instance>
         <wf lemma="." pos="X">.</wf>
      </sentence>
      <sentence id="d000.s1560" source="wordnet-galician">
         <wf lemma="Hemingway" pos="X">Hemingway</wf>
         <wf lemma="favorece" pos="X">favorece</wf>
         <wf lemma="as" pos="X">as</wf>
         <wf lemma="construcións" pos="X">construcións</wf>
         <instance id="d000.s1560.t000" lemma="activo" pos="ADJ">activas</instance>
         <wf lemma="." pos="X">.</wf>
      </sentence>
      <sentence id="d000.s1561" source="wordnet-galician">
         <wf lemma="un" pos="X">un</wf>
         <wf lemma="neno" pos="X">neno</wf>
         <instance id="d000.s1561.t000" lemma="curioso" pos="ADJ">curioso</instance>
         <wf lemma="é" pos="X">é</wf>
         <wf lemma="o" pos="X">o</wf>
         <wf lemma="pracer" pos="X">pracer</wf>
         <wf lemma="dun" pos="X">dun</wf>
         <wf lemma="profesor" pos="X">profesor</wf>
         <wf lemma="." pos="X">.</wf>
      </sentence>
      <sentence id="d000.s1562" source="wordnet-galician">
         <wf lemma="a" pos="X">a</wf>
         <wf lemma="súa" pos="X">súa</wf>
         <wf lemma="nai" pos="X">nai</wf>
         <wf lemma="é" pos="X">é</wf>
         <wf lemma="moi" pos="X">moi</wf>
         <instance id="d000.s1562.t000" lemma="vello" pos="ADJ">vella</instance>
         <wf lemma="." pos="X">.</wf>
      </sentence>
      <sentence id="d000.s1563" source="wordnet-galician">
         <wf lemma="é" pos="X">é</wf>
         <wf lemma="unha" pos="X">unha</wf>
         <wf lemma="persoa" pos="X">persoa</wf>
         <wf lemma="moi" pos="X">moi</wf>
         <instance id="d000.s1563.t000" lemma="práctico" pos="ADJ">práctica</instance>
         <wf lemma="." pos="X">.</wf>
      </sentence>
      <sentence id="d000.s1564" source="wordnet-galician">
         <wf lemma="un" pos="X">un</wf>
         <wf lemma="cuarto" pos="X">cuarto</wf>
         <instance id="d000.s1564.t000" lemma="baleiro" pos="ADJ">baleiro</instance>
         <wf lemma="." pos="X">.</wf>
      </sentence>
      <sentence id="d000.s1565" source="wordnet-galician">
         <wf lemma="chegou" pos="X">chegou</wf>
         <wf lemma="á" pos="X">á</wf>
         <wf lemma="hora" pos="X">hora</wf>
         <instance id="d000.s1565.t000" lemma="habitual" pos="ADJ">habitual</instance>
         <wf lemma="." pos="X">.</wf>
      </sentence>
      <sentence id="d000.s1566" source="wordnet-galician">
         <wf lemma="o" pos="X">o</wf>
         <wf lemma="extremo" pos="X">extremo</wf>
         <instance id="d000.s1566.t000" lemma="interior" pos="ADJ">interior</instance>
         <wf lemma="da" pos="X">da</wf>
         <wf lemma="casa" pos="X">casa</wf>
         <wf lemma="está" pos="X">está</wf>
         <wf lemma="entre" pos="X">entre</wf>
         <wf lemma="a" pos="X">a</wf>
         <wf lemma="placa" pos="X">placa</wf>
         <wf lemma="e" pos="X">e</wf>
         <wf lemma="a" pos="X">a</wf>
         <wf lemma="masa" pos="X">masa</wf>
         <wf lemma="." pos="X">.</wf>
      </sentence>
      <sentence id="d000.s1567" source="wordnet-galician">
         <wf lemma="un" pos="X">un</wf>
         <wf lemma="orador" pos="X">orador</wf>
         <instance id="d000.s1567.t000" lemma="articulado" pos="ADJ">articulado</instance>
         <wf lemma="." pos="X">.</wf>
      </sentence>
      <sentence id="d000.s1568" source="wordnet-galician">
         <wf lemma="convocar" pos="X">convocar</wf>
         <wf lemma="unha" pos="X">unha</wf>
         <wf lemma="reunión" pos="X">reunión</wf>
         <wf lemma="é" pos="X">é</wf>
         <wf lemma="un" pos="X">un</wf>
         <wf lemma="acto" pos="X">acto</wf>
         <instance id="d000.s1568.t000" lemma="político" pos="ADJ">político</instance>
         <wf lemma="en" pos="X">en</wf>
         <wf lemma="si" pos="X">si</wf>
         <wf lemma="(" pos="X">(</wf>
         <wf lemma="Daniel" pos="X">Daniel</wf>
         <wf lemma="Goleman" pos="X">Goleman</wf>
         <wf lemma=")" pos="X">)</wf>
         <wf lemma="." pos="X">.</wf>
      </sentence>
      <sentence id="d000.s1569" source="wordnet-galician">
         <wf lemma="as" pos="X">as</wf>
         <instance id="d000.s1569.t000" lemma="papila" pos="NOUN">papilas</instance>
         <wf lemma="da" pos="X">da</wf>
         <wf lemma="lingua" pos="X">lingua</wf>
         <wf lemma="." pos="X">.</wf>
      </sentence>
      <sentence id="d000.s1570" source="wordnet-galician">
         <wf lemma="as" pos="X">as</wf>
         <wf lemma="vidas" pos="X">vidas</wf>
         <wf lemma="burguesas" pos="X">burguesas</wf>
         <instance id="d000.s1570.t000" lemma="convencional" pos="ADJ">convencionais</instance>
         <wf lemma="." pos="X">.</wf>
      </sentence>
      <sentence id="d000.s1571" source="wordnet-galician">
         <wf lemma="tiña" pos="X">tiña</wf>
         <wf lemma="unha" pos="X">unha</wf>
         <wf lemma="comprensión" pos="X">comprensión</wf>
         <instance id="d000.s1571.t000" lemma="imperfecto" pos="ADJ">imperfecta</instance>
         <wf lemma="das" pos="X">das</wf>
         <wf lemma="súas" pos="X">súas</wf>
         <wf lemma="responsabilidades" pos="X">responsabilidades</wf>
         <wf lemma="." pos="X">.</wf>
      </sentence>
      <sentence id="d000.s1572" source="wordnet-galician">
         <wf lemma="o" pos="X">o</wf>
         <wf lemma="dedo" pos="X">dedo</wf>
         <wf lemma="polgar" pos="X">polgar</wf>
         <wf lemma="é" pos="X">é</wf>
         <wf lemma="o" pos="X">o</wf>
         <instance id="d000.s1572.t000" lemma="oposto" pos="ADJ">oposto</instance>
         <wf lemma="ao" pos="X">ao</wf>
         <wf lemma="dedo" pos="X">dedo</wf>
         <wf lemma="índice" pos="X">índice</wf>
         <wf lemma="." pos="X">.</wf>
      </sentence>
      <sentence id="d000.s1573" source="wordnet-galician">
         <wf lemma="a" pos="X">a</wf>
         <wf lemma="resposta" pos="X">resposta</wf>
         <instance id="d000.s1573.t000" lemma="correcto" pos="ADJ">correcta</instance>
         <wf lemma="." pos="X">.</wf>
      </sentence>
      <sentence id="d000.s1574" source="wordnet-galician">
         <wf lemma="consideracións" pos="X">consideracións</wf>
         <instance id="d000.s1574.t000" lemma="final" pos="ADJ">finais</instance>
         <wf lemma="." pos="X">.</wf>
      </sentence>
      <sentence id="d000.s1575" source="wordnet-galician">
         <wf lemma="a" pos="X">a</wf>
         <wf lemma="fase" pos="X">fase</wf>
         <instance id="d000.s1575.t000" lemma="tardío" pos="ADJ">tardía</instance>
         <wf lemma="do" pos="X">do</wf>
         <wf lemma="feudalismo" pos="X">feudalismo</wf>
         <wf lemma="." pos="X">.</wf>
      </sentence>
      <sentence id="d000.s1576" source="wordnet-galician">
         <wf lemma="as" pos="X">as</wf>
         <wf lemma="formas" pos="X">formas</wf>
         <instance id="d000.s1576.t000" lemma="convencional" pos="ADJ">convencionais</instance>
         <wf lemma="dos" pos="X">dos</wf>
         <wf lemma="enderezos" pos="X">enderezos</wf>
         <wf lemma="." pos="X">.</wf>
      </sentence>
      <sentence id="d000.s1577" source="wordnet-galician">
         <wf lemma="un" pos="X">un</wf>
         <wf lemma="éxito" pos="X">éxito</wf>
         <instance id="d000.s1577.t000" lemma="inequívoco" pos="ADJ">inequívoco</instance>
         <wf lemma="." pos="X">.</wf>
      </sentence>
      <sentence id="d000.s1578" source="wordnet-galician">
         <wf lemma="unha" pos="X">unha</wf>
         <wf lemma="lectura" pos="X">lectura</wf>
         <instance id="d000.s1578.t000" lemma="crítico" pos="ADJ">crítica</instance>
         <wf lemma="." pos="X">.</wf>
      </sentence>
      <sentence id="d000.s1579" source="wordnet-galician">
         <wf lemma="os" pos="X">os</wf>
         <wf lemma="acontecementos" pos="X">acontecementos</wf>
         <instance id="d000.s1579.t000" lemma="tecido" pos="ADJ">tecidos</instance>
         <wf lemma="na" pos="X">na</wf>
         <wf lemma="historia" pos="X">historia</wf>
         <wf lemma="." pos="X">.</wf>
      </sentence>
      <sentence id="d000.s1580" source="wordnet-galician">
         <wf lemma="tecido" pos="X">tecido</wf>
         <instance id="d000.s1580.t000" lemma="groso" pos="ADJ">groso</instance>
         <wf lemma="." pos="X">.</wf>
      </sentence>
      <sentence id="d000.s1581" source="wordnet-galician">
         <wf lemma="finalmente" pos="X">finalmente</wf>
         <wf lemma="fomos" pos="X">fomos</wf>
         <instance id="d000.s1581.t000" lemma="capaz" pos="ADJ">capaces</instance>
         <wf lemma="de" pos="X">de</wf>
         <wf lemma="mercar" pos="X">mercar</wf>
         <wf lemma="un" pos="X">un</wf>
         <wf lemma="coche" pos="X">coche</wf>
         <wf lemma="." pos="X">.</wf>
      </sentence>
      <sentence id="d000.s1582" source="wordnet-galician">
         <wf lemma="un" pos="X">un</wf>
         <wf lemma="suspiro" pos="X">suspiro</wf>
         <instance id="d000.s1582.t000" lemma="profundo" pos="ADJ">profundo</instance>
         <wf lemma="." pos="X">.</wf>
      </sentence>
      <sentence id="d000.s1583" source="wordnet-galician">
         <wf lemma="un" pos="X">un</wf>
         <wf lemma="escándalo" pos="X">escándalo</wf>
         <instance id="d000.s1583.t000" lemma="repugnante" pos="ADJ">repugnante</instance>
         <wf lemma="." pos="X">.</wf>
      </sentence>
      <sentence id="d000.s1584" source="wordnet-galician">
         <wf lemma="unha" pos="X">unha</wf>
         <wf lemma="personalidade" pos="X">personalidade</wf>
         <instance id="d000.s1584.t000" lemma="multidimensional" pos="ADJ">multidimensional</instance>
         <wf lemma="." pos="X">.</wf>
      </sentence>
      <sentence id="d000.s1585" source="wordnet-galician">
         <wf lemma="un" pos="X">un</wf>
         <wf lemma="silencio" pos="X">silencio</wf>
         <instance id="d000.s1585.t000" lemma="inquieto" pos="ADJ">inquieto</instance>
         <wf lemma="caeu" pos="X">caeu</wf>
         <wf lemma="sobre" pos="X">sobre</wf>
         <wf lemma="o" pos="X">o</wf>
         <wf lemma="grupo" pos="X">grupo</wf>
         <wf lemma="." pos="X">.</wf>
      </sentence>
      <sentence id="d000.s1586" source="wordnet-galician">
         <wf lemma="alimentación" pos="X">alimentación</wf>
         <instance id="d000.s1586.t000" lemma="simple" pos="ADJ">simple</instance>
         <wf lemma="." pos="X">.</wf>
      </sentence>
      <sentence id="d000.s1587" source="wordnet-galician">
         <wf lemma="unha" pos="X">unha</wf>
         <wf lemma="visión" pos="X">visión</wf>
         <instance id="d000.s1587.t000" lemma="realista" pos="ADJ">realista</instance>
         <wf lemma="das" pos="X">das</wf>
         <wf lemma="posibilidades" pos="X">posibilidades</wf>
         <wf lemma="." pos="X">.</wf>
      </sentence>
      <sentence id="d000.s1588" source="wordnet-galician">
         <wf lemma="pel" pos="X">pel</wf>
         <instance id="d000.s1588.t000" lemma="sensible" pos="ADJ">sensible</instance>
         <wf lemma="." pos="X">.</wf>
      </sentence>
      <sentence id="d000.s1589" source="wordnet-galician">
         <wf lemma="unha" pos="X">unha</wf>
         <wf lemma="dimensión" pos="X">dimensión</wf>
         <instance id="d000.s1589.t000" lemma="exacto" pos="ADJ">exacta</instance>
         <wf lemma="." pos="X">.</wf>
      </sentence>
      <sentence id="d000.s1590" source="wordnet-galician">
         <wf lemma="unha" pos="X">unha</wf>
         <wf lemma="educación" pos="X">educación</wf>
         <instance id="d000.s1590.t000" lemma="formal" pos="ADJ">formal</instance>
         <wf lemma="." pos="X">.</wf>
      </sentence>
      <sentence id="d000.s1591" source="wordnet-galician">
         <wf lemma="un" pos="X">un</wf>
         <wf lemma="recadador" pos="X">recadador</wf>
         <wf lemma="de" pos="X">de</wf>
         <wf lemma="fondos" pos="X">fondos</wf>
         <instance id="d000.s1591.t000" lemma="enerxético" pos="ADJ">enerxético</instance>
         <wf lemma="para" pos="X">para</wf>
         <wf lemma="a" pos="X">a</wf>
         <wf lemma="universidade" pos="X">universidade</wf>
         <wf lemma="." pos="X">.</wf>
      </sentence>
      <sentence id="d000.s1592" source="wordnet-galician">
         <wf lemma="os" pos="X">os</wf>
         <wf lemma="gatos" pos="X">gatos</wf>
         <wf lemma="teñen" pos="X">teñen</wf>
         <wf lemma="garras" pos="X">garras</wf>
         <instance id="d000.s1592.t000" lemma="retractable" pos="ADJ">retractables</instance>
         <wf lemma="." pos="X">.</wf>
      </sentence>
      <sentence id="d000.s1593" source="wordnet-galician">
         <wf lemma="hoxe" pos="X">hoxe</wf>
         <wf lemma="síntome" pos="X">síntome</wf>
         <instance id="d000.s1593.t000" lemma="peor" pos="ADJ">peor</instance>
         <wf lemma="." pos="X">.</wf>
      </sentence>
      <sentence id="d000.s1594" source="wordnet-galician">
         <wf lemma="os" pos="X">os</wf>
         <wf lemma="seus" pos="X">seus</wf>
         <wf lemma="beizos" pos="X">beizos</wf>
         <instance id="d000.s1594.t000" lemma="curvo" pos="ADJ">curvos</instance>
         <wf lemma="suxeriron" pos="X">suxeriron</wf>
         <wf lemma="un" pos="X">un</wf>
         <wf lemma="sorriso" pos="X">sorriso</wf>
         <wf lemma="pero" pos="X">pero</wf>
         <wf lemma="a" pos="X">a</wf>
         <wf lemma="súa" pos="X">súa</wf>
         <wf lemma="mirada" pos="X">mirada</wf>
         <wf lemma="era" pos="X">era</wf>
         <wf lemma="dura" pos="X">dura</wf>
         <wf lemma="." pos="X">.</wf>
      </sentence>
      <sentence id="d000.s1595" source="wordnet-galician">
         <wf lemma="sabendo" pos="X">sabendo</wf>
         <wf lemma="que" pos="X">que</wf>
         <wf lemma="eu" pos="X">eu</wf>
         <wf lemma="dera" pos="X">dera</wf>
         <wf lemma="o" pos="X">o</wf>
         <wf lemma="mellor" pos="X">mellor</wf>
         <wf lemma="de" pos="X">de</wf>
         <wf lemma="min" pos="X">min</wf>
         <wf lemma="," pos="X">,</wf>
         <wf lemma="a" pos="X">a</wf>
         <wf lemma="miña" pos="X">miña</wf>
         <wf lemma="mente" pos="X">mente</wf>
         <wf lemma="estaba" pos="X">estaba</wf>
         <wf lemma="máis" pos="X">máis</wf>
         <instance id="d000.s1595.t000" lemma="tranquilo" pos="ADJ">tranquila</instance>
         <wf lemma="." pos="X">.</wf>
      </sentence>
      <sentence id="d000.s1596" source="wordnet-galician">
         <wf lemma="tentacións" pos="X">tentacións</wf>
         <instance id="d000.s1596.t000" lemma="resistible" pos="ADJ">resistibles</instance>
         <wf lemma="." pos="X">.</wf>
      </sentence>
      <sentence id="d000.s1597" source="wordnet-galician">
         <wf lemma="o" pos="X">o</wf>
         <wf lemma="plan" pos="X">plan</wf>
         <wf lemma="é" pos="X">é</wf>
         <instance id="d000.s1597.t000" lemma="agradable" pos="ADJ">agradable</instance>
         <wf lemma="para" pos="X">para</wf>
         <wf lemma="ti" pos="X">ti</wf>
         <wf lemma="?" pos="X">?</wf>
      </sentence>
      <sentence id="d000.s1598" source="wordnet-galician">
         <wf lemma="exército" pos="X">exército</wf>
         <instance id="d000.s1598.t000" lemma="regular" pos="ADJ">regular</instance>
         <wf lemma="." pos="X">.</wf>
      </sentence>
      <sentence id="d000.s1599" source="wordnet-galician">
         <wf lemma="só" pos="X">só</wf>
         <wf lemma="existen" pos="X">existen</wf>
         <wf lemma="uns" pos="X">uns</wf>
         <wf lemma="poucos" pos="X">poucos</wf>
         <instance id="d000.s1599.t000" lemma="privilexiado" pos="ADJ">privilexiados</instance>
         <wf lemma="." pos="X">.</wf>
      </sentence>
      <sentence id="d000.s1600" source="wordnet-galician">
         <wf lemma="investimentos" pos="X">investimentos</wf>
         <instance id="d000.s1600.t000" lemma="infeliz" pos="ADJ">infelices</instance>
         <wf lemma="." pos="X">.</wf>
      </sentence>
      <sentence id="d000.s1601" source="wordnet-galician">
         <instance id="d000.s1601.t000" lemma="fondo" pos="ADJ">fondo</instance>
         <wf lemma="ata" pos="X">ata</wf>
         <wf lemma="a" pos="X">a</wf>
         <wf lemma="cintura" pos="X">cintura</wf>
         <wf lemma="." pos="X">.</wf>
      </sentence>
      <sentence id="d000.s1602" source="wordnet-galician">
         <instance id="d000.s1602.t000" lemma="falso" pos="ADJ">falsos</instance>
         <wf lemma="contos" pos="X">contos</wf>
         <wf lemma="de" pos="X">de</wf>
         <wf lemma="valentía" pos="X">valentía</wf>
         <wf lemma="." pos="X">.</wf>
      </sentence>
      <sentence id="d000.s1603" source="wordnet-galician">
         <wf lemma="fermentación" pos="X">fermentación</wf>
         <instance id="d000.s1603.t000" lemma="aeróbico" pos="ADJ">aeróbica</instance>
         <wf lemma="." pos="X">.</wf>
      </sentence>
      <sentence id="d000.s1604" source="wordnet-galician">
         <wf lemma="movementos" pos="X">movementos</wf>
         <instance id="d000.s1604.t000" lemma="aleatorio" pos="ADJ">aleatorios</instance>
         <wf lemma="." pos="X">.</wf>
      </sentence>
      <sentence id="d000.s1605" source="wordnet-galician">
         <wf lemma="as" pos="X">as</wf>
         <wf lemma="tendas" pos="X">tendas</wf>
         <wf lemma="deberían" pos="X">deberían</wf>
         <wf lemma="recoller" pos="X">recoller</wf>
         <wf lemma="os" pos="X">os</wf>
         <wf lemma="produtos" pos="X">produtos</wf>
         <wf lemma="que" pos="X">que</wf>
         <wf lemma="resultaron" pos="X">resultaron</wf>
         <instance id="d000.s1605.t000" lemma="insatisfactorio" pos="ADJ">insatisfactorios</instance>
         <wf lemma="." pos="X">.</wf>
      </sentence>
      <sentence id="d000.s1606" source="wordnet-galician">
         <wf lemma="un" pos="X">un</wf>
         <wf lemma="día" pos="X">día</wf>
         <instance id="d000.s1606.t000" lemma="tormentoso" pos="ADJ">tormentoso</instance>
         <wf lemma="." pos="X">.</wf>
      </sentence>
      <sentence id="d000.s1607" source="wordnet-galician">
         <wf lemma="un" pos="X">un</wf>
         <wf lemma="parasito" pos="X">parasito</wf>
         <instance id="d000.s1607.t000" lemma="facultativo" pos="ADJ">facultativo</instance>
         <wf lemma="pode" pos="X">pode</wf>
         <wf lemma="existir" pos="X">existir</wf>
         <wf lemma="como" pos="X">como</wf>
         <wf lemma="un" pos="X">un</wf>
         <wf lemma="parasito" pos="X">parasito</wf>
         <wf lemma="ou" pos="X">ou</wf>
         <wf lemma="como" pos="X">como</wf>
         <wf lemma="saprófito" pos="X">saprófito</wf>
         <wf lemma="." pos="X">.</wf>
      </sentence>
      <sentence id="d000.s1608" source="wordnet-galician">
         <wf lemma="rexións" pos="X">rexións</wf>
         <instance id="d000.s1608.t000" lemma="polar" pos="ADJ">polares</instance>
         <wf lemma="." pos="X">.</wf>
      </sentence>
      <sentence id="d000.s1609" source="wordnet-galician">
         <wf lemma="un" pos="X">un</wf>
         <wf lemma="aceno" pos="X">aceno</wf>
         <instance id="d000.s1609.t000" lemma="imperceptible" pos="ADJ">imperceptible</instance>
         <wf lemma="." pos="X">.</wf>
      </sentence>
      <sentence id="d000.s1610" source="wordnet-galician">
         <wf lemma="propiedade" pos="X">propiedade</wf>
         <instance id="d000.s1610.t000" lemma="tributable" pos="ADJ">tributable</instance>
         <wf lemma="." pos="X">.</wf>
      </sentence>
      <sentence id="d000.s1611" source="wordnet-galician">
         <wf lemma="unha" pos="X">unha</wf>
         <wf lemma="situación" pos="X">situación</wf>
         <instance id="d000.s1611.t000" lemma="imposible" pos="ADJ">imposible</instance>
         <wf lemma="." pos="X">.</wf>
      </sentence>
      <sentence id="d000.s1612" source="wordnet-galician">
         <wf lemma="a" pos="X">a</wf>
         <wf lemma="estrada" pos="X">estrada</wf>
         <wf lemma="vai" pos="X">vai</wf>
         <wf lemma="traer" pos="X">traer</wf>
         <wf lemma="outras" pos="X">outras</wf>
         <wf lemma="vantaxes" pos="X">vantaxes</wf>
         <instance id="d000.s1612.t000" lemma="adicional" pos="ADJ">adicionais</instance>
         <wf lemma="." pos="X">.</wf>
      </sentence>
      <sentence id="d000.s1613" source="wordnet-galician">
         <wf lemma="o" pos="X">o</wf>
         <instance id="d000.s1613.t000" lemma="orificio" pos="NOUN">orificio</instance>
         <wf lemma="na" pos="X">na</wf>
         <wf lemma="aorta" pos="X">aorta</wf>
         <wf lemma="da" pos="X">da</wf>
         <wf lemma="cámara" pos="X">cámara</wf>
         <wf lemma="inferior" pos="X">inferior</wf>
         <wf lemma="esquerda" pos="X">esquerda</wf>
         <wf lemma="do" pos="X">do</wf>
         <wf lemma="corazón" pos="X">corazón</wf>
         <wf lemma="." pos="X">.</wf>
      </sentence>
      <sentence id="d000.s1614" source="wordnet-galician">
         <wf lemma="o" pos="X">o</wf>
         <wf lemma="reactor" pos="X">reactor</wf>
         <wf lemma="atómico" pos="X">atómico</wf>
         <wf lemma="usa" pos="X">usa</wf>
         <wf lemma="un" pos="X">un</wf>
         <wf lemma="gas" pos="X">gas</wf>
         <instance id="d000.s1614.t000" lemma="refrixerante" pos="NOUN">refrixerante</instance>
         <wf lemma="." pos="X">.</wf>
      </sentence>
      <sentence id="d000.s1615" source="wordnet-galician">
         <wf lemma="unha" pos="X">unha</wf>
         <wf lemma="fe" pos="X">fe</wf>
         <instance id="d000.s1615.t000" lemma="inextinguible" pos="ADJ">inextinguible</instance>
         <wf lemma="." pos="X">.</wf>
      </sentence>
      <sentence id="d000.s1616" source="wordnet-galician">
         <wf lemma="unha" pos="X">unha</wf>
         <wf lemma="crítica" pos="X">crítica</wf>
         <instance id="d000.s1616.t000" lemma="destrutivo" pos="ADJ">destrutiva</instance>
         <wf lemma="." pos="X">.</wf>
      </sentence>
      <sentence id="d000.s1617" source="wordnet-galician">
         <wf lemma="deulle" pos="X">deulle</wf>
         <wf lemma="unha" pos="X">unha</wf>
         <wf lemma="mirada" pos="X">mirada</wf>
         <instance id="d000.s1617.t000" lemma="maligno" pos="ADJ">maligna</instance>
         <wf lemma="." pos="X">.</wf>
      </sentence>
      <sentence id="d000.s1618" source="wordnet-galician">
         <wf lemma="as" pos="X">as</wf>
         <wf lemma="proteínas" pos="X">proteínas</wf>
         <wf lemma="están" pos="X">están</wf>
         <wf lemma="compostas" pos="X">compostas</wf>
         <wf lemma="por" pos="X">por</wf>
         <wf lemma="diversas" pos="X">diversas</wf>
         <wf lemma="proporcións" pos="X">proporcións</wf>
         <wf lemma="de" pos="X">de</wf>
         <wf lemma="preto" pos="X">preto</wf>
         <wf lemma="de" pos="X">de</wf>
         <wf lemma="20" pos="X">20</wf>
         <instance id="d000.s1618.t000" lemma="aminoácido" pos="NOUN">aminoácidos</instance>
         <wf lemma="comúns" pos="X">comúns</wf>
         <wf lemma="." pos="X">.</wf>
      </sentence>
      <sentence id="d000.s1619" source="wordnet-galician">
         <wf lemma="palabras" pos="X">palabras</wf>
         <instance id="d000.s1619.t000" lemma="sucio" pos="ADJ">sucias</instance>
         <wf lemma="." pos="X">.</wf>
      </sentence>
      <sentence id="d000.s1620" source="wordnet-galician">
         <wf lemma="os" pos="X">os</wf>
         <wf lemma="desenvolvementos" pos="X">desenvolvementos</wf>
         <instance id="d000.s1620.t000" lemma="posterior" pos="ADJ">posteriores</instance>
         <wf lemma="." pos="X">.</wf>
      </sentence>
      <sentence id="d000.s1621" source="wordnet-galician">
         <instance id="d000.s1621.t000" lemma="ansioso" pos="ADJ">ansioso</instance>
         <wf lemma="por" pos="X">por</wf>
         <wf lemma="aprender" pos="X">aprender</wf>
         <wf lemma="." pos="X">.</wf>
      </sentence>
      <sentence id="d000.s1622" source="wordnet-galician">
         <wf lemma="temos" pos="X">temos</wf>
         <wf lemma="comida" pos="X">comida</wf>
         <instance id="d000.s1622.t000" lemma="suficiente" pos="ADJ">suficiente</instance>
         <wf lemma="." pos="X">.</wf>
      </sentence>
      <sentence id="d000.s1623" source="wordnet-galician">
         <wf lemma="había" pos="X">había</wf>
         <wf lemma="unha" pos="X">unha</wf>
         <wf lemma="crítica" pos="X">crítica</wf>
         <instance id="d000.s1623.t000" lemma="implícito" pos="ADJ">implícita</instance>
         <wf lemma="na" pos="X">na</wf>
         <wf lemma="súa" pos="X">súa</wf>
         <wf lemma="voz" pos="X">voz</wf>
         <wf lemma="." pos="X">.</wf>
      </sentence>
      <sentence id="d000.s1624" source="wordnet-galician">
         <wf lemma="dous" pos="X">dous</wf>
         <wf lemma="factores" pos="X">factores</wf>
         <wf lemma="tiveron" pos="X">tiveron</wf>
         <wf lemma="unha" pos="X">unha</wf>
         <wf lemma="influencia" pos="X">influencia</wf>
         <instance id="d000.s1624.t000" lemma="decisorio" pos="ADJ">decisoria</instance>
         <wf lemma="." pos="X">.</wf>
      </sentence>
      <sentence id="d000.s1625" source="wordnet-galician">
         <wf lemma="sentiuse" pos="X">sentiuse</wf>
         <instance id="d000.s1625.t000" lemma="libre" pos="ADJ">libre</instance>
         <wf lemma="para" pos="X">para</wf>
         <wf lemma="permanecer" pos="X">permanecer</wf>
         <wf lemma="alí" pos="X">alí</wf>
         <wf lemma="o" pos="X">o</wf>
         <wf lemma="tempo" pos="X">tempo</wf>
         <wf lemma="que" pos="X">que</wf>
         <wf lemma="quixo" pos="X">quixo</wf>
         <wf lemma="." pos="X">.</wf>
      </sentence>
      <sentence id="d000.s1626" source="wordnet-galician">
         <wf lemma="a" pos="X">a</wf>
         <wf lemma="política" pos="X">política</wf>
         <instance id="d000.s1626.t000" lemma="alterado" pos="ADJ">alterada</instance>
         <wf lemma="prometeu" pos="X">prometeu</wf>
         <wf lemma="éxito" pos="X">éxito</wf>
         <wf lemma="." pos="X">.</wf>
      </sentence>
      <sentence id="d000.s1627" source="wordnet-galician">
         <wf lemma="a" pos="X">a</wf>
         <wf lemma="cor" pos="X">cor</wf>
         <instance id="d000.s1627.t000" lemma="adaptativo" pos="ADJ">adaptativo</instance>
         <wf lemma="dun" pos="X">dun</wf>
         <wf lemma="camaleón" pos="X">camaleón</wf>
         <wf lemma="." pos="X">.</wf>
      </sentence>
      <sentence id="d000.s1628" source="wordnet-galician">
         <wf lemma="unha" pos="X">unha</wf>
         <wf lemma="contribución" pos="X">contribución</wf>
         <instance id="d000.s1628.t000" lemma="significativo" pos="ADJ">significativa</instance>
         <wf lemma="." pos="X">.</wf>
      </sentence>
      <sentence id="d000.s1629" source="wordnet-galician">
         <wf lemma="un" pos="X">un</wf>
         <wf lemma="mariñeiro" pos="X">mariñeiro</wf>
         <instance id="d000.s1629.t000" lemma="común" pos="ADJ">común</instance>
         <wf lemma="." pos="X">.</wf>
      </sentence>
      <sentence id="d000.s1630" source="wordnet-galician">
         <wf lemma="dereito" pos="X">dereito</wf>
         <instance id="d000.s1630.t000" lemma="procesual" pos="ADJ">procesual</instance>
         <wf lemma="." pos="X">.</wf>
      </sentence>
      <sentence id="d000.s1631" source="wordnet-galician">
         <wf lemma="aceite" pos="X">aceite</wf>
         <instance id="d000.s1631.t000" lemma="raro" pos="ADJ">raro</instance>
         <wf lemma="." pos="X">.</wf>
      </sentence>
      <sentence id="d000.s1632" source="wordnet-galician">
         <wf lemma="parecían" pos="X">parecían</wf>
         <wf lemma="ser" pos="X">ser</wf>
         <wf lemma="manifestacións" pos="X">manifestacións</wf>
         <instance id="d000.s1632.t000" lemma="paranormal" pos="ADJ">paranormais</instance>
         <wf lemma="." pos="X">.</wf>
      </sentence>
      <sentence id="d000.s1633" source="wordnet-galician">
         <wf lemma="unha" pos="X">unha</wf>
         <instance id="d000.s1633.t000" lemma="fermoso" pos="ADJ">fermosa</instance>
         <wf lemma="teoría" pos="X">teoría</wf>
         <wf lemma="." pos="X">.</wf>
      </sentence>
      <sentence id="d000.s1634" source="wordnet-galician">
         <wf lemma="o" pos="X">o</wf>
         <wf lemma="seu" pos="X">seu</wf>
         <wf lemma="pasado" pos="X">pasado</wf>
         <wf lemma="foi" pos="X">foi</wf>
         <wf lemma="pouco" pos="X">pouco</wf>
         <instance id="d000.s1634.t000" lemma="saudable" pos="ADJ">saudable</instance>
         <wf lemma="." pos="X">.</wf>
      </sentence>
      <sentence id="d000.s1635" source="wordnet-galician">
         <wf lemma="o" pos="X">o</wf>
         <wf lemma="mundo" pos="X">mundo</wf>
         <instance id="d000.s1635.t000" lemma="substancial" pos="ADJ">substancial</instance>
         <wf lemma="." pos="X">.</wf>
      </sentence>
      <sentence id="d000.s1636" source="wordnet-galician">
         <instance id="d000.s1636.t000" lemma="maldito" pos="ADJ">maldito</instance>
         <wf lemma="con" pos="X">con</wf>
         <wf lemma="catro" pos="X">catro</wf>
         <wf lemma="fillas" pos="X">fillas</wf>
         <wf lemma="." pos="X">.</wf>
      </sentence>
      <sentence id="d000.s1637" source="wordnet-galician">
         <wf lemma="o" pos="X">o</wf>
         <wf lemma="fan" pos="X">fan</wf>
         <wf lemma="de" pos="X">de</wf>
         <wf lemma="béisbol" pos="X">béisbol</wf>
         <wf lemma="alongou" pos="X">alongou</wf>
         <wf lemma="a" pos="X">a</wf>
         <wf lemma="man" pos="X">man</wf>
         <wf lemma="e" pos="X">e</wf>
         <wf lemma="fixo" pos="X">fixo</wf>
         <wf lemma="unha" pos="X">unha</wf>
         <wf lemma="falta" pos="X">falta</wf>
         <wf lemma="que" pos="X">que</wf>
         <wf lemma="foi" pos="X">foi</wf>
         <wf lemma="xulgada" pos="X">xulgada</wf>
         <instance id="d000.s1637.t000" lemma="xogable" pos="ADJ">xogable</instance>
         <wf lemma="." pos="X">.</wf>
      </sentence>
      <sentence id="d000.s1638" source="wordnet-galician">
         <wf lemma="os" pos="X">os</wf>
         <wf lemma="materiais" pos="X">materiais</wf>
         <instance id="d000.s1638.t000" lemma="termoplástico" pos="ADJ">termoplásticos</instance>
         <wf lemma="poden" pos="X">poden</wf>
         <wf lemma="quentar" pos="X">quentar</wf>
         <wf lemma="e" pos="X">e</wf>
         <wf lemma="arrefriar" pos="X">arrefriar</wf>
         <wf lemma="unha" pos="X">unha</wf>
         <wf lemma="e" pos="X">e</wf>
         <wf lemma="outra" pos="X">outra</wf>
         <wf lemma="vez" pos="X">vez</wf>
         <wf lemma="sen" pos="X">sen</wf>
         <wf lemma="sufrir" pos="X">sufrir</wf>
         <wf lemma="ningún" pos="X">ningún</wf>
         <wf lemma="cambio" pos="X">cambio</wf>
         <wf lemma="químico" pos="X">químico</wf>
         <wf lemma="apreciable" pos="X">apreciable</wf>
         <wf lemma="." pos="X">.</wf>
      </sentence>
      <sentence id="d000.s1639" source="wordnet-galician">
         <wf lemma="un" pos="X">un</wf>
         <wf lemma="Bordeaux" pos="X">Bordeaux</wf>
         <instance id="d000.s1639.t000" lemma="seco" pos="ADJ">seco</instance>
         <wf lemma="." pos="X">.</wf>
      </sentence>
      <sentence id="d000.s1640" source="wordnet-galician">
         <wf lemma="os" pos="X">os</wf>
         <wf lemma="delincuentes" pos="X">delincuentes</wf>
         <wf lemma="vagan" pos="X">vagan</wf>
         <wf lemma="polas" pos="X">polas</wf>
         <wf lemma="rúas" pos="X">rúas</wf>
         <instance id="d000.s1640.t000" lemma="céntrico" pos="ADJ">céntricas</instance>
         <wf lemma="." pos="X">.</wf>
      </sentence>
      <sentence id="d000.s1641" source="wordnet-galician">
         <wf lemma="un" pos="X">un</wf>
         <wf lemma="gobernante" pos="X">gobernante</wf>
         <instance id="d000.s1641.t000" lemma="superior" pos="ADJ">superior</instance>
         <wf lemma="." pos="X">.</wf>
      </sentence>
      <sentence id="d000.s1642" source="wordnet-galician">
         <wf lemma="o" pos="X">o</wf>
         <wf lemma="seu" pos="X">seu</wf>
         <wf lemma="destino" pos="X">destino</wf>
         <wf lemma="é" pos="X">é</wf>
         <instance id="d000.s1642.t000" lemma="seguro" pos="ADJ">seguro</instance>
         <wf lemma="." pos="X">.</wf>
      </sentence>
      <sentence id="d000.s1643" source="wordnet-galician">
         <wf lemma="un" pos="X">un</wf>
         <wf lemma="home" pos="X">home</wf>
         <instance id="d000.s1643.t000" lemma="moribundo" pos="ADJ">moribundo</instance>
         <wf lemma="." pos="X">.</wf>
      </sentence>
      <sentence id="d000.s1644" source="wordnet-galician">
         <instance id="d000.s1644.t000" lemma="libre" pos="ADJ">libres</instance>
         <wf lemma="de" pos="X">de</wf>
         <wf lemma="osíxeno" pos="X">osíxeno</wf>
         <wf lemma="." pos="X">.</wf>
      </sentence>
      <sentence id="d000.s1645" source="wordnet-galician">
         <wf lemma="un" pos="X">un</wf>
         <wf lemma="apetito" pos="X">apetito</wf>
         <instance id="d000.s1645.t000" lemma="larpeiro" pos="ADJ">larpeiro</instance>
         <wf lemma="de" pos="X">de</wf>
         <wf lemma="alimentos" pos="X">alimentos</wf>
         <wf lemma="," pos="X">,</wf>
         <wf lemma="eloxios" pos="X">eloxios</wf>
         <wf lemma="e" pos="X">e</wf>
         <wf lemma="praceres" pos="X">praceres</wf>
         <wf lemma="." pos="X">.</wf>
      </sentence>
      <sentence id="d000.s1646" source="wordnet-galician">
         <wf lemma="un" pos="X">un</wf>
         <wf lemma="negocio" pos="X">negocio</wf>
         <instance id="d000.s1646.t000" lemma="respectable" pos="ADJ">respectable</instance>
         <wf lemma="." pos="X">.</wf>
      </sentence>
      <sentence id="d000.s1647" source="wordnet-galician">
         <wf lemma="asumiu" pos="X">asumiu</wf>
         <instance id="d000.s1647.t000" lemma="diferente" pos="ADJ">diferentes</instance>
         <wf lemma="enfoques" pos="X">enfoques</wf>
         <wf lemma="para" pos="X">para</wf>
         <wf lemma="o" pos="X">o</wf>
         <wf lemma="problema" pos="X">problema</wf>
         <wf lemma="." pos="X">.</wf>
      </sentence>
      <sentence id="d000.s1648" source="wordnet-galician">
         <wf lemma="o" pos="X">o</wf>
         <wf lemma="aire" pos="X">aire</wf>
         <wf lemma="estaba" pos="X">estaba</wf>
         <wf lemma="quente" pos="X">quente</wf>
         <wf lemma="e" pos="X">e</wf>
         <wf lemma="cargado" pos="X">cargado</wf>
         <wf lemma="-" pos="X">-</wf>
         <instance id="d000.s1648.t000" lemma="palpable" pos="ADJ">palpable</instance>
         <wf lemma="como" pos="X">como</wf>
         <wf lemma="o" pos="X">o</wf>
         <wf lemma="algodón" pos="X">algodón</wf>
         <wf lemma="." pos="X">.</wf>
      </sentence>
      <sentence id="d000.s1649" source="wordnet-galician">
         <wf lemma="os" pos="X">os</wf>
         <wf lemma="peixes" pos="X">peixes</wf>
         <wf lemma="son" pos="X">son</wf>
         <wf lemma="animais" pos="X">animais</wf>
         <instance id="d000.s1649.t000" lemma="acuático" pos="ADJ">acuáticos</instance>
         <wf lemma="." pos="X">.</wf>
      </sentence>
      <sentence id="d000.s1650" source="wordnet-galician">
         <instance id="d000.s1650.t000" lemma="presente" pos="ADJ">presente</instance>
         <wf lemma="no" pos="X">no</wf>
         <wf lemma="casamento" pos="X">casamento</wf>
         <wf lemma="." pos="X">.</wf>
      </sentence>
      <sentence id="d000.s1651" source="wordnet-galician">
         <wf lemma="verdade" pos="X">verdade</wf>
         <instance id="d000.s1651.t000" lemma="absoluto" pos="ADJ">absoluta</instance>
         <wf lemma="." pos="X">.</wf>
      </sentence>
      <sentence id="d000.s1652" source="wordnet-galician">
         <wf lemma="as" pos="X">as</wf>
         <wf lemma="raíces" pos="X">raíces</wf>
         <instance id="d000.s1652.t000" lemma="dixital" pos="ADJ">dixitais</instance>
         <wf lemma="das" pos="X">das</wf>
         <wf lemma="árbores" pos="X">árbores</wf>
         <wf lemma="xigantes" pos="X">xigantes</wf>
         <wf lemma="." pos="X">.</wf>
      </sentence>
      <sentence id="d000.s1653" source="wordnet-galician">
         <wf lemma="traxes" pos="X">traxes</wf>
         <wf lemma="de" pos="X">de</wf>
         <wf lemma="noite" pos="X">noite</wf>
         <instance id="d000.s1653.t000" lemma="servible" pos="ADJ">servibles</instance>
         <wf lemma="." pos="X">.</wf>
      </sentence>
      <sentence id="d000.s1654" source="wordnet-galician">
         <wf lemma="O" pos="X">O</wf>
         <instance id="d000.s1654.t000" lemma="novo" pos="ADJ">Novo</instance>
         <wf lemma="Mundo" pos="X">Mundo</wf>
         <wf lemma="." pos="X">.</wf>
      </sentence>
      <sentence id="d000.s1655" source="wordnet-galician">
         <wf lemma="os" pos="X">os</wf>
         <wf lemma="pantanos" pos="X">pantanos</wf>
         <instance id="d000.s1655.t000" lemma="costeiro" pos="ADJ">costeiros</instance>
         <wf lemma="." pos="X">.</wf>
      </sentence>
      <sentence id="d000.s1656" source="wordnet-galician">
         <wf lemma="unha" pos="X">unha</wf>
         <wf lemma="vida" pos="X">vida</wf>
         <instance id="d000.s1656.t000" lemma="xentil" pos="ADJ">xentil</instance>
         <wf lemma="." pos="X">.</wf>
      </sentence>
      <sentence id="d000.s1657" source="wordnet-galician">
         <wf lemma="putrefacción" pos="X">putrefacción</wf>
         <instance id="d000.s1657.t000" lemma="radioactivo" pos="ADJ">radioactiva</instance>
         <wf lemma="." pos="X">.</wf>
      </sentence>
      <sentence id="d000.s1658" source="wordnet-galician">
         <wf lemma="a" pos="X">a</wf>
         <wf lemma="súa" pos="X">súa</wf>
         <wf lemma="atención" pos="X">atención</wf>
         <instance id="d000.s1658.t000" lemma="concentrado" pos="ADJ">concentrada</instance>
         <wf lemma="." pos="X">.</wf>
      </sentence>
      <sentence id="d000.s1659" source="wordnet-galician">
         <wf lemma="o" pos="X">o</wf>
         <wf lemma="campo" pos="X">campo</wf>
         <wf lemma="de" pos="X">de</wf>
         <wf lemma="fútbol" pos="X">fútbol</wf>
         <wf lemma="estaba" pos="X">estaba</wf>
         <instance id="d000.s1659.t000" lemma="xogable" pos="ADJ">xogable</instance>
         <wf lemma="." pos="X">.</wf>
      </sentence>
      <sentence id="d000.s1660" source="wordnet-galician">
         <wf lemma="a" pos="X">a</wf>
         <wf lemma="presenza" pos="X">presenza</wf>
         <wf lemma="do" pos="X">do</wf>
         <wf lemma="profesor" pos="X">profesor</wf>
         <wf lemma="na" pos="X">na</wf>
         <wf lemma="conferencia" pos="X">conferencia</wf>
         <wf lemma="fixo" pos="X">fixo</wf>
         <wf lemma="que" pos="X">que</wf>
         <wf lemma="o" pos="X">o</wf>
         <wf lemma="neno" pos="X">neno</wf>
         <wf lemma="estivese" pos="X">estivese</wf>
         <wf lemma="moi" pos="X">moi</wf>
         <instance id="d000.s1660.t000" lemma="incómodo" pos="ADJ">incómodo</instance>
         <wf lemma="." pos="X">.</wf>
      </sentence>
      <sentence id="d000.s1661" source="wordnet-galician">
         <wf lemma="barcos" pos="X">barcos</wf>
         <instance id="d000.s1661.t000" lemma="alto" pos="ADJ">altos</instance>
         <wf lemma="." pos="X">.</wf>
      </sentence>
      <sentence id="d000.s1662" source="wordnet-galician">
         <wf lemma="o" pos="X">o</wf>
         <wf lemma="tempo" pos="X">tempo</wf>
         <wf lemma="probou" pos="X">probou</wf>
         <wf lemma="que" pos="X">que</wf>
         <wf lemma="el" pos="X">el</wf>
         <wf lemma="estaba" pos="X">estaba</wf>
         <instance id="d000.s1662.t000" lemma="correcto" pos="ADJ">correcto</instance>
         <wf lemma="." pos="X">.</wf>
      </sentence>
      <sentence id="d000.s1663" source="wordnet-galician">
         <wf lemma="a" pos="X">a</wf>
         <wf lemma="parálise" pos="X">parálise</wf>
         <wf lemma="parcial" pos="X">parcial</wf>
         <wf lemma="deu" pos="X">deu</wf>
         <wf lemma="como" pos="X">como</wf>
         <wf lemma="resultado" pos="X">resultado</wf>
         <wf lemma="un" pos="X">un</wf>
         <wf lemma="brazo" pos="X">brazo</wf>
         <wf lemma="esquerdo" pos="X">esquerdo</wf>
         <instance id="d000.s1663.t000" lemma="atrofiado" pos="ADJ">atrofiado</instance>
         <wf lemma="." pos="X">.</wf>
      </sentence>
      <sentence id="d000.s1664" source="wordnet-galician">
         <wf lemma="o" pos="X">o</wf>
         <wf lemma="seu" pos="X">seu</wf>
         <wf lemma="encanto" pos="X">encanto</wf>
         <wf lemma="é" pos="X">é</wf>
         <instance id="d000.s1664.t000" lemma="espontáneo" pos="ADJ">espontáneo</instance>
         <wf lemma="." pos="X">.</wf>
      </sentence>
      <sentence id="d000.s1665" source="wordnet-galician">
         <wf lemma="isto" pos="X">isto</wf>
         <wf lemma="parece" pos="X">parece</wf>
         <instance id="d000.s1665.t000" lemma="novo" pos="ADJ">novo</instance>
         <wf lemma="." pos="X">.</wf>
      </sentence>
      <sentence id="d000.s1666" source="wordnet-galician">
         <wf lemma="problemas" pos="X">problemas</wf>
         <instance id="d000.s1666.t000" lemma="remediable" pos="ADJ">remediables</instance>
         <wf lemma="." pos="X">.</wf>
      </sentence>
      <sentence id="d000.s1667" source="wordnet-galician">
         <wf lemma="o" pos="X">o</wf>
         <wf lemma="seu" pos="X">seu</wf>
         <wf lemma="pensamento" pos="X">pensamento</wf>
         <wf lemma="era" pos="X">era</wf>
         <instance id="d000.s1667.t000" lemma="superficial" pos="ADJ">superficial</instance>
         <wf lemma="e" pos="X">e</wf>
         <wf lemma="confuso" pos="X">confuso</wf>
         <wf lemma="." pos="X">.</wf>
      </sentence>
      <sentence id="d000.s1668" source="wordnet-galician">
         <wf lemma="pel" pos="X">pel</wf>
         <wf lemma="cunha" pos="X">cunha</wf>
         <wf lemma="rugosidade" pos="X">rugosidade</wf>
         <instance id="d000.s1668.t000" lemma="tanxible" pos="ADJ">tanxible</instance>
         <wf lemma="." pos="X">.</wf>
      </sentence>
      <sentence id="d000.s1669" source="wordnet-galician">
         <wf lemma="un" pos="X">un</wf>
         <wf lemma="arranxo" pos="X">arranxo</wf>
         <instance id="d000.s1669.t000" lemma="temporal" pos="ADJ">temporal</instance>
         <wf lemma="." pos="X">.</wf>
      </sentence>
      <sentence id="d000.s1670" source="wordnet-galician">
         <wf lemma="cordas" pos="X">cordas</wf>
         <instance id="d000.s1670.t000" lemma="tenso" pos="ADJ">tensas</instance>
         <wf lemma="do" pos="X">do</wf>
         <wf lemma="piano" pos="X">piano</wf>
         <wf lemma="." pos="X">.</wf>
      </sentence>
      <sentence id="d000.s1671" source="wordnet-galician">
         <wf lemma="as" pos="X">as</wf>
         <wf lemma="impurezas" pos="X">impurezas</wf>
         <instance id="d000.s1671.t000" lemma="indesexable" pos="ADJ">indesexables</instance>
         <wf lemma="no" pos="X">no</wf>
         <wf lemma="aceiro" pos="X">aceiro</wf>
         <wf lemma="." pos="X">.</wf>
      </sentence>
      <sentence id="d000.s1672" source="wordnet-galician">
         <wf lemma="un" pos="X">un</wf>
         <instance id="d000.s1672.t000" lemma="produto" pos="NOUN">produto</instance>
         <wf lemma="de" pos="X">de</wf>
         <wf lemma="cal" pos="X">cal</wf>
         <wf lemma="e" pos="X">e</wf>
         <wf lemma="ácido" pos="X">ácido</wf>
         <wf lemma="nítrico" pos="X">nítrico</wf>
         <wf lemma="." pos="X">.</wf>
      </sentence>
      <sentence id="d000.s1673" source="wordnet-galician">
         <wf lemma="un" pos="X">un</wf>
         <wf lemma="discurso" pos="X">discurso</wf>
         <instance id="d000.s1673.t000" lemma="argumentativo" pos="ADJ">argumentativo</instance>
         <wf lemma="." pos="X">.</wf>
      </sentence>
      <sentence id="d000.s1674" source="wordnet-galician">
         <wf lemma="un" pos="X">un</wf>
         <wf lemma="home" pos="X">home</wf>
         <wf lemma="de" pos="X">de</wf>
         <wf lemma="propósito" pos="X">propósito</wf>
         <instance id="d000.s1674.t000" lemma="inflexible" pos="ADJ">inflexible</instance>
         <wf lemma="." pos="X">.</wf>
      </sentence>
      <sentence id="d000.s1675" source="wordnet-galician">
         <wf lemma="notas" pos="X">notas</wf>
         <wf lemma="en" pos="X">en</wf>
         <instance id="d000.s1675.t000" lemma="staccato" pos="ADJ">staccato</instance>
         <wf lemma="." pos="X">.</wf>
      </sentence>
      <sentence id="d000.s1676" source="wordnet-galician">
         <wf lemma="o" pos="X">o</wf>
         <wf lemma="vento" pos="X">vento</wf>
         <instance id="d000.s1676.t000" lemma="anabático" pos="ADJ">anabático</instance>
         <wf lemma="." pos="X">.</wf>
      </sentence>
      <sentence id="d000.s1677" source="wordnet-galician">
         <wf lemma="unha" pos="X">unha</wf>
         <wf lemma="asa" pos="X">asa</wf>
         <instance id="d000.s1677.t000" lemma="axustable" pos="ADJ">axustable</instance>
         <wf lemma="por" pos="X">por</wf>
         <wf lemma="dous" pos="X">dous</wf>
         <wf lemma="parafusos" pos="X">parafusos</wf>
         <wf lemma="." pos="X">.</wf>
      </sentence>
      <sentence id="d000.s1678" source="wordnet-galician">
         <instance id="d000.s1678.t000" lemma="intersticio" pos="NOUN">intersticios</instance>
         <wf lemma="dunha" pos="X">dunha</wf>
         <wf lemma="rede" pos="X">rede</wf>
         <wf lemma="." pos="X">.</wf>
      </sentence>
      <sentence id="d000.s1679" source="wordnet-galician">
         <wf lemma="un" pos="X">un</wf>
         <wf lemma="home" pos="X">home</wf>
         <wf lemma="de" pos="X">de</wf>
         <wf lemma="habilidade" pos="X">habilidade</wf>
         <instance id="d000.s1679.t000" lemma="inusual" pos="ADJ">inusual</instance>
         <wf lemma="." pos="X">.</wf>
      </sentence>
      <sentence id="d000.s1680" source="wordnet-galician">
         <wf lemma="dadas" pos="X">dadas</wf>
         <wf lemma="as" pos="X">as</wf>
         <wf lemma="circunstancias" pos="X">circunstancias</wf>
         <wf lemma="era" pos="X">era</wf>
         <instance id="d000.s1680.t000" lemma="indiscreto" pos="ADJ">indiscreto</instance>
         <wf lemma="preguntar" pos="X">preguntar</wf>
         <wf lemma="a" pos="X">a</wf>
         <wf lemma="súa" pos="X">súa</wf>
         <wf lemma="idade" pos="X">idade</wf>
         <wf lemma="." pos="X">.</wf>
      </sentence>
      <sentence id="d000.s1681" source="wordnet-galician">
         <wf lemma="é" pos="X">é</wf>
         <wf lemma="un" pos="X">un</wf>
         <wf lemma="canto" pos="X">canto</wf>
         <instance id="d000.s1681.t000" lemma="cadrado" pos="ADJ">cadrado</instance>
         <wf lemma="." pos="X">.</wf>
      </sentence>
      <sentence id="d000.s1682" source="wordnet-galician">
         <wf lemma="un" pos="X">un</wf>
         <wf lemma="día" pos="X">día</wf>
         <instance id="d000.s1682.t000" lemma="perfecto" pos="ADJ">perfecto</instance>
         <wf lemma="." pos="X">.</wf>
      </sentence>
      <sentence id="d000.s1683" source="wordnet-galician">
         <wf lemma="impostos" pos="X">impostos</wf>
         <instance id="d000.s1683.t000" lemma="local" pos="ADJ">locais</instance>
         <wf lemma="." pos="X">.</wf>
      </sentence>
      <sentence id="d000.s1684" source="wordnet-galician">
         <wf lemma="parece" pos="X">parece</wf>
         <wf lemma="estar" pos="X">estar</wf>
         <wf lemma="completamente" pos="X">completamente</wf>
         <instance id="d000.s1684.t000" lemma="san" pos="ADJ">san</instance>
         <wf lemma="." pos="X">.</wf>
      </sentence>
      <sentence id="d000.s1685" source="wordnet-galician">
         <wf lemma="un" pos="X">un</wf>
         <wf lemma="home" pos="X">home</wf>
         <wf lemma="cunha" pos="X">cunha</wf>
         <wf lemma="mula" pos="X">mula</wf>
         <wf lemma="conseguiu" pos="X">conseguiu</wf>
         <wf lemma="que" pos="X">que</wf>
         <wf lemma="o" pos="X">o</wf>
         <wf lemma="meu" pos="X">meu</wf>
         <wf lemma="coche" pos="X">coche</wf>
         <wf lemma="quedase" pos="X">quedase</wf>
         <instance id="d000.s1685.t000" lemma="libre" pos="ADJ">libre</instance>
         <wf lemma="." pos="X">.</wf>
      </sentence>
      <sentence id="d000.s1686" source="wordnet-galician">
         <wf lemma="tiña" pos="X">tiña</wf>
         <wf lemma="unha" pos="X">unha</wf>
         <wf lemma="tatuaxe" pos="X">tatuaxe</wf>
         <wf lemma="xusto" pos="X">xusto</wf>
         <wf lemma="enriba" pos="X">enriba</wf>
         <wf lemma="do" pos="X">do</wf>
         <instance id="d000.s1686.t000" lemma="embigo" pos="NOUN">embigo</instance>
         <wf lemma="." pos="X">.</wf>
      </sentence>
      <sentence id="d000.s1687" source="wordnet-galician">
         <wf lemma="a" pos="X">a</wf>
         <wf lemma="construción" pos="X">construción</wf>
         <instance id="d000.s1687.t000" lemma="celular" pos="ADJ">celular</instance>
         <wf lemma="dunha" pos="X">dunha</wf>
         <wf lemma="colmea" pos="X">colmea</wf>
         <wf lemma="." pos="X">.</wf>
      </sentence>
      <sentence id="d000.s1688" source="wordnet-galician">
         <wf lemma="un" pos="X">un</wf>
         <wf lemma="pequeno" pos="X">pequeno</wf>
         <wf lemma="pardal" pos="X">pardal</wf>
         <instance id="d000.s1688.t000" lemma="inmaturo" pos="ADJ">inmaturo</instance>
         <wf lemma="na" pos="X">na</wf>
         <wf lemma="soleira" pos="X">soleira</wf>
         <wf lemma="da" pos="X">da</wf>
         <wf lemma="xanela" pos="X">xanela</wf>
         <wf lemma="." pos="X">.</wf>
      </sentence>
      <sentence id="d000.s1689" source="wordnet-galician">
         <wf lemma="honestidade" pos="X">honestidade</wf>
         <instance id="d000.s1689.t000" lemma="inflexible" pos="ADJ">inflexible</instance>
         <wf lemma="." pos="X">.</wf>
      </sentence>
      <sentence id="d000.s1690" source="wordnet-galician">
         <wf lemma="en" pos="X">en</wf>
         <wf lemma="condicións" pos="X">condicións</wf>
         <instance id="d000.s1690.t000" lemma="xusto" pos="ADJ">xustas</instance>
         <wf lemma="." pos="X">.</wf>
      </sentence>
      <sentence id="d000.s1691" source="wordnet-galician">
         <wf lemma="moveron" pos="X">moveron</wf>
         <wf lemma="os" pos="X">os</wf>
         <wf lemma="brazos" pos="X">brazos</wf>
         <wf lemma="," pos="X">,</wf>
         <wf lemma="as" pos="X">as</wf>
         <wf lemma="pernas" pos="X">pernas</wf>
         <wf lemma="e" pos="X">e</wf>
         <wf lemma="o" pos="X">o</wf>
         <instance id="d000.s1691.t000" lemma="torso" pos="NOUN">torso</instance>
         <wf lemma="." pos="X">.</wf>
      </sentence>
      <sentence id="d000.s1692" source="wordnet-galician">
         <wf lemma="atopáronse" pos="X">atopáronse</wf>
         <wf lemma="no" pos="X">no</wf>
         <wf lemma="camiño" pos="X">camiño</wf>
         <instance id="d000.s1692.t000" lemma="inadecuado" pos="ADJ">inadecuado</instance>
         <wf lemma="." pos="X">.</wf>
      </sentence>
      <sentence id="d000.s1693" source="wordnet-galician">
         <wf lemma="o" pos="X">o</wf>
         <instance id="d000.s1693.t000" lemma="primeiro" pos="ADJ">primeiro</instance>
         <wf lemma="tempo" pos="X">tempo</wf>
         <wf lemma="." pos="X">.</wf>
      </sentence>
      <sentence id="d000.s1694" source="wordnet-galician">
         <wf lemma="o" pos="X">o</wf>
         <wf lemma="declive" pos="X">declive</wf>
         <wf lemma="dunha" pos="X">dunha</wf>
         <wf lemma="montaña" pos="X">montaña</wf>
         <instance id="d000.s1694.t000" lemma="escalable" pos="ADJ">escalable</instance>
         <wf lemma="." pos="X">.</wf>
      </sentence>
      <sentence id="d000.s1695" source="wordnet-galician">
         <wf lemma="mantívose" pos="X">mantívose</wf>
         <instance id="d000.s1695.t000" lemma="fiel" pos="ADJ">fiel</instance>
         <wf lemma="a" pos="X">a</wf>
         <wf lemma="súa" pos="X">súa</wf>
         <wf lemma="esposa" pos="X">esposa</wf>
         <wf lemma="." pos="X">.</wf>
      </sentence>
      <sentence id="d000.s1696" source="wordnet-galician">
         <wf lemma="un" pos="X">un</wf>
         <wf lemma="pouco" pos="X">pouco</wf>
         <wf lemma="menos" pos="X">menos</wf>
         <wf lemma="presumido" pos="X">presumido</wf>
         <wf lemma="," pos="X">,</wf>
         <wf lemma="pero" pos="X">pero</wf>
         <wf lemma="tan" pos="X">tan</wf>
         <instance id="d000.s1696.t000" lemma="elegante" pos="ADJ">elegante</instance>
         <wf lemma="como" pos="X">como</wf>
         <wf lemma="Lord" pos="X">Lord</wf>
         <wf lemma="Peter" pos="X">Peter</wf>
         <wf lemma="Wimsey" pos="X">Wimsey</wf>
         <wf lemma="." pos="X">.</wf>
      </sentence>
      <sentence id="d000.s1697" source="wordnet-galician">
         <wf lemma="tempo" pos="X">tempo</wf>
         <instance id="d000.s1697.t000" lemma="pasado" pos="ADJ">pasado</instance>
         <wf lemma="." pos="X">.</wf>
      </sentence>
      <sentence id="d000.s1698" source="wordnet-galician">
         <wf lemma="as" pos="X">as</wf>
         <wf lemma="súas" pos="X">súas</wf>
         <wf lemma="notas" pos="X">notas</wf>
         <wf lemma="eran" pos="X">eran</wf>
         <instance id="d000.s1698.t000" lemma="satisfactorio" pos="ADJ">satisfactorias</instance>
         <wf lemma="." pos="X">.</wf>
      </sentence>
      <sentence id="d000.s1699" source="wordnet-galician">
         <wf lemma="éxitos" pos="X">éxitos</wf>
         <wf lemma="culturais" pos="X">culturais</wf>
         <instance id="d000.s1699.t000" lemma="exportable" pos="ADJ">exportables</instance>
         <wf lemma="." pos="X">.</wf>
      </sentence>
      <sentence id="d000.s1700" source="wordnet-galician">
         <wf lemma="creo" pos="X">creo</wf>
         <wf lemma="que" pos="X">que</wf>
         <wf lemma="é" pos="X">é</wf>
         <wf lemma="moi" pos="X">moi</wf>
         <instance id="d000.s1700.t000" lemma="sentencioso" pos="ADJ">sentencioso</instance>
         <wf lemma="para" pos="X">para</wf>
         <wf lemma="ser" pos="X">ser</wf>
         <wf lemma="un" pos="X">un</wf>
         <wf lemma="bo" pos="X">bo</wf>
         <wf lemma="terapeuta" pos="X">terapeuta</wf>
         <wf lemma="." pos="X">.</wf>
      </sentence>
      <sentence id="d000.s1701" source="wordnet-galician">
         <instance id="d000.s1701.t000" lemma="distante" pos="ADJ">distante</instance>
         <wf lemma="da" pos="X">da</wf>
         <wf lemma="verdade" pos="X">verdade</wf>
         <wf lemma="." pos="X">.</wf>
      </sentence>
      <sentence id="d000.s1702" source="wordnet-galician">
         <wf lemma="unha" pos="X">unha</wf>
         <instance id="d000.s1702.t000" lemma="mellor" pos="ADJ">mellor</instance>
         <wf lemma="oportunidade" pos="X">oportunidade</wf>
         <wf lemma="de" pos="X">de</wf>
         <wf lemma="éxito" pos="X">éxito</wf>
         <wf lemma="." pos="X">.</wf>
      </sentence>
      <sentence id="d000.s1703" source="wordnet-galician">
         <wf lemma="roupa" pos="X">roupa</wf>
         <instance id="d000.s1703.t000" lemma="seco" pos="ADJ">seca</instance>
         <wf lemma="." pos="X">.</wf>
      </sentence>
      <sentence id="d000.s1704" source="wordnet-galician">
         <wf lemma="consciente" pos="X">consciente</wf>
         <wf lemma="do" pos="X">do</wf>
         <instance id="d000.s1704.t000" lemma="evitable" pos="ADJ">evitable</instance>
         <wf lemma="sufrimento" pos="X">sufrimento</wf>
         <wf lemma="humano" pos="X">humano</wf>
         <wf lemma="(" pos="X">(</wf>
         <wf lemma="A.L.Guerard" pos="X">A.L.Guerard</wf>
         <wf lemma=")" pos="X">)</wf>
         <wf lemma="." pos="X">.</wf>
      </sentence>
      <sentence id="d000.s1705" source="wordnet-galician">
         <wf lemma="unha" pos="X">unha</wf>
         <wf lemma="banda" pos="X">banda</wf>
         <instance id="d000.s1705.t000" lemma="perigoso" pos="ADJ">perigosa</instance>
         <wf lemma="." pos="X">.</wf>
      </sentence>
      <sentence id="d000.s1706" source="wordnet-galician">
         <wf lemma="leva" pos="X">leva</wf>
         <wf lemma="un" pos="X">un</wf>
         <wf lemma="estilo" pos="X">estilo</wf>
         <wf lemma="de" pos="X">de</wf>
         <wf lemma="vida" pos="X">vida</wf>
         <instance id="d000.s1706.t000" lemma="inestable" pos="ADJ">inestable</instance>
         <wf lemma="." pos="X">.</wf>
      </sentence>
      <sentence id="d000.s1707" source="wordnet-galician">
         <wf lemma="autoxustificación" pos="X">autoxustificación</wf>
         <instance id="d000.s1707.t000" lemma="retrospectivo" pos="ADJ">retrospectiva</instance>
         <wf lemma="." pos="X">.</wf>
      </sentence>
      <sentence id="d000.s1708" source="wordnet-galician">
         <wf lemma="vive" pos="X">vive</wf>
         <wf lemma="do" pos="X">do</wf>
         <instance id="d000.s1708.t000" lemma="outro" pos="ADJ">outro</instance>
         <wf lemma="lado" pos="X">lado</wf>
         <wf lemma="da" pos="X">da</wf>
         <wf lemma="rúa" pos="X">rúa</wf>
         <wf lemma="." pos="X">.</wf>
      </sentence>
      <sentence id="d000.s1709" source="wordnet-galician">
         <instance id="d000.s1709.t000" lemma="rico" pos="ADJ">rico</instance>
         <wf lemma="en" pos="X">en</wf>
         <wf lemma="ideas" pos="X">ideas</wf>
         <wf lemma="." pos="X">.</wf>
      </sentence>
      <sentence id="d000.s1710" source="wordnet-galician">
         <wf lemma="avaliación" pos="X">avaliación</wf>
         <instance id="d000.s1710.t000" lemma="negativo" pos="ADJ">negativa</instance>
         <wf lemma="." pos="X">.</wf>
      </sentence>
      <sentence id="d000.s1711" source="wordnet-galician">
         <wf lemma="vostede" pos="X">vostede</wf>
         <wf lemma="é" pos="X">é</wf>
         <wf lemma="un" pos="X">un</wf>
         <wf lemma="home" pos="X">home</wf>
         <instance id="d000.s1711.t000" lemma="mellor" pos="ADJ">mellor</instance>
         <wf lemma="do" pos="X">do</wf>
         <wf lemma="que" pos="X">que</wf>
         <wf lemma="son" pos="X">son</wf>
         <wf lemma="eu" pos="X">eu</wf>
         <wf lemma="," pos="X">,</wf>
         <wf lemma="Gunga" pos="X">Gunga</wf>
         <wf lemma="Din" pos="X">Din</wf>
         <wf lemma="." pos="X">.</wf>
      </sentence>
      <sentence id="d000.s1712" source="wordnet-galician">
         <wf lemma="a" pos="X">a</wf>
         <wf lemma="gramática" pos="X">gramática</wf>
         <instance id="d000.s1712.t000" lemma="descritivo" pos="ADJ">descritiva</instance>
         <wf lemma="." pos="X">.</wf>
      </sentence>
      <sentence id="d000.s1713" source="wordnet-galician">
         <wf lemma="unha" pos="X">unha</wf>
         <wf lemma="economía" pos="X">economía</wf>
         <instance id="d000.s1713.t000" lemma="pobre" pos="ADJ">pobre</instance>
         <wf lemma="." pos="X">.</wf>
      </sentence>
      <sentence id="d000.s1714" source="wordnet-galician">
         <wf lemma="sería" pos="X">sería</wf>
         <wf lemma="moi" pos="X">moi</wf>
         <instance id="d000.s1714.t000" lemma="imprudente" pos="ADJ">imprudente</instance>
         <wf lemma="para" pos="X">para</wf>
         <wf lemma="unha" pos="X">unha</wf>
         <wf lemma="persoa" pos="X">persoa</wf>
         <wf lemma="que" pos="X">que</wf>
         <wf lemma="non" pos="X">non</wf>
         <wf lemma="é" pos="X">é</wf>
         <wf lemma="economista" pos="X">economista</wf>
         <wf lemma="falar" pos="X">falar</wf>
         <wf lemma="sobre" pos="X">sobre</wf>
         <wf lemma="os" pos="X">os</wf>
         <wf lemma="detalles" pos="X">detalles</wf>
         <wf lemma="da" pos="X">da</wf>
         <wf lemma="política" pos="X">política</wf>
         <wf lemma="económica" pos="X">económica</wf>
         <wf lemma="(" pos="X">(</wf>
         <wf lemma="A." pos="X">A.</wf>
         <wf lemma="M." pos="X">M.</wf>
         <wf lemma="Schlesinger" pos="X">Schlesinger</wf>
         <wf lemma=")" pos="X">)</wf>
         <wf lemma="." pos="X">.</wf>
      </sentence>
      <sentence id="d000.s1715" source="wordnet-galician">
         <wf lemma="unha" pos="X">unha</wf>
         <wf lemma="novela" pos="X">novela</wf>
         <instance id="d000.s1715.t000" lemma="fácil" pos="ADJ">fácil</instance>
         <wf lemma="para" pos="X">para</wf>
         <wf lemma="o" pos="X">o</wf>
         <wf lemma="lector" pos="X">lector</wf>
         <wf lemma="." pos="X">.</wf>
      </sentence>
      <sentence id="d000.s1716" source="wordnet-galician">
         <wf lemma="o" pos="X">o</wf>
         <wf lemma="seu" pos="X">seu</wf>
         <wf lemma="asesor" pos="X">asesor</wf>
         <instance id="d000.s1716.t000" lemma="discreto" pos="ADJ">discreto</instance>
         <wf lemma="e" pos="X">e</wf>
         <wf lemma="de" pos="X">de</wf>
         <wf lemma="confianza" pos="X">confianza</wf>
         <wf lemma="." pos="X">.</wf>
      </sentence>
      <sentence id="d000.s1717" source="wordnet-galician">
         <wf lemma="non" pos="X">non</wf>
         <wf lemma="tiña" pos="X">tiña</wf>
         <wf lemma="ningunha" pos="X">ningunha</wf>
         <wf lemma="obxección" pos="X">obxección</wf>
         <instance id="d000.s1717.t000" lemma="ético" pos="ADJ">ética</instance>
         <wf lemma="para" pos="X">para</wf>
         <wf lemma="beber" pos="X">beber</wf>
         <wf lemma="." pos="X">.</wf>
      </sentence>
      <sentence id="d000.s1718" source="wordnet-galician">
         <wf lemma="un" pos="X">un</wf>
         <wf lemma="antagonismo" pos="X">antagonismo</wf>
         <instance id="d000.s1718.t000" lemma="activo" pos="ADJ">activo</instance>
         <wf lemma="." pos="X">.</wf>
      </sentence>
      <sentence id="d000.s1719" source="wordnet-galician">
         <wf lemma="os" pos="X">os</wf>
         <wf lemma="nenos" pos="X">nenos</wf>
         <instance id="d000.s1719.t000" lemma="algareiro" pos="ADJ">algareiros</instance>
         <wf lemma="só" pos="X">só</wf>
         <wf lemma="pensan" pos="X">pensan</wf>
         <wf lemma="en" pos="X">en</wf>
         <wf lemma="librarse" pos="X">librarse</wf>
         <wf lemma="da" pos="X">da</wf>
         <wf lemma="escola" pos="X">escola</wf>
         <wf lemma="." pos="X">.</wf>
      </sentence>
      <sentence id="d000.s1720" source="wordnet-galician">
         <wf lemma="precipitación" pos="X">precipitación</wf>
         <instance id="d000.s1720.t000" lemma="radioactivo" pos="ADJ">radioactiva</instance>
         <wf lemma="." pos="X">.</wf>
      </sentence>
      <sentence id="d000.s1721" source="wordnet-galician">
         <wf lemma="os" pos="X">os</wf>
         <wf lemma="órganos" pos="X">órganos</wf>
         <instance id="d000.s1721.t000" lemma="interno" pos="ADJ">internos</instance>
         <wf lemma="." pos="X">.</wf>
      </sentence>
      <sentence id="d000.s1722" source="wordnet-galician">
         <wf lemma="unha" pos="X">unha</wf>
         <wf lemma="santa" pos="X">santa</wf>
         <wf lemma="muller" pos="X">muller</wf>
         <wf lemma="inocente" pos="X">inocente</wf>
         <wf lemma="e" pos="X">e</wf>
         <instance id="d000.s1722.t000" lemma="casto" pos="ADJ">casta</instance>
         <wf lemma="." pos="X">.</wf>
      </sentence>
      <sentence id="d000.s1723" source="wordnet-galician">
         <wf lemma="cobertura" pos="X">cobertura</wf>
         <instance id="d000.s1723.t000" lemma="vexetal" pos="ADJ">vexetal</instance>
         <wf lemma="." pos="X">.</wf>
      </sentence>
      <sentence id="d000.s1724" source="wordnet-galician">
         <wf lemma="unha" pos="X">unha</wf>
         <wf lemma="escusa" pos="X">escusa</wf>
         <instance id="d000.s1724.t000" lemma="verosímil" pos="ADJ">verosímil</instance>
         <wf lemma="." pos="X">.</wf>
      </sentence>
      <sentence id="d000.s1725" source="wordnet-galician">
         <wf lemma="un" pos="X">un</wf>
         <wf lemma="leito" pos="X">leito</wf>
         <instance id="d000.s1725.t000" lemma="detectable" pos="ADJ">detectable</instance>
         <wf lemma="." pos="X">.</wf>
      </sentence>
      <sentence id="d000.s1726" source="wordnet-galician">
         <wf lemma="orde" pos="X">orde</wf>
         <wf lemma="das" pos="X">das</wf>
         <wf lemma="palabras" pos="X">palabras</wf>
         <instance id="d000.s1726.t000" lemma="normal" pos="ADJ">normal</instance>
         <wf lemma="." pos="X">.</wf>
      </sentence>
      <sentence id="d000.s1727" source="wordnet-galician">
         <wf lemma="durme" pos="X">durme</wf>
         <wf lemma="de" pos="X">de</wf>
         <wf lemma="xeito" pos="X">xeito</wf>
         <instance id="d000.s1727.t000" lemma="imperturbable" pos="ADJ">imperturbable</instance>
         <wf lemma="." pos="X">.</wf>
      </sentence>
      <sentence id="d000.s1728" source="wordnet-galician">
         <wf lemma="os" pos="X">os</wf>
         <wf lemma="grupos" pos="X">grupos</wf>
         <instance id="d000.s1728.t000" lemma="compacto" pos="ADJ">compactos</instance>
         <wf lemma="de" pos="X">de</wf>
         <wf lemma="flores" pos="X">flores</wf>
         <wf lemma="." pos="X">.</wf>
      </sentence>
      <sentence id="d000.s1729" source="wordnet-galician">
         <wf lemma="un" pos="X">un</wf>
         <wf lemma="esforzo" pos="X">esforzo</wf>
         <instance id="d000.s1729.t000" lemma="cooperativo" pos="ADJ">cooperativo</instance>
         <wf lemma="." pos="X">.</wf>
      </sentence>
      <sentence id="d000.s1730" source="wordnet-galician">
         <wf lemma="escolas" pos="X">escolas</wf>
         <instance id="d000.s1730.t000" lemma="progresista" pos="ADJ">progresistas</instance>
         <wf lemma="." pos="X">.</wf>
      </sentence>
      <sentence id="d000.s1731" source="wordnet-galician">
         <wf lemma="unha" pos="X">unha</wf>
         <wf lemma="historia" pos="X">historia</wf>
         <instance id="d000.s1731.t000" lemma="completo" pos="ADJ">completa</instance>
         <wf lemma="da" pos="X">da</wf>
         <wf lemma="revolución" pos="X">revolución</wf>
         <wf lemma="." pos="X">.</wf>
      </sentence>
      <sentence id="d000.s1732" source="wordnet-galician">
         <wf lemma="a" pos="X">a</wf>
         <wf lemma="súa" pos="X">súa</wf>
         <instance id="d000.s1732.t000" lemma="declarado" pos="ADJ">declarada</instance>
         <wf lemma="opinión" pos="X">opinión</wf>
         <wf lemma="." pos="X">.</wf>
      </sentence>
      <sentence id="d000.s1733" source="wordnet-galician">
         <wf lemma="a" pos="X">a</wf>
         <wf lemma="morfoloxía" pos="X">morfoloxía</wf>
         <instance id="d000.s1733.t000" lemma="flexivo" pos="ADJ">flexiva</instance>
         <wf lemma="é" pos="X">é</wf>
         <wf lemma="usada" pos="X">usada</wf>
         <wf lemma="para" pos="X">para</wf>
         <wf lemma="indicar" pos="X">indicar</wf>
         <wf lemma="o" pos="X">o</wf>
         <wf lemma="número" pos="X">número</wf>
         <wf lemma="," pos="X">,</wf>
         <wf lemma="o" pos="X">o</wf>
         <wf lemma="caso" pos="X">caso</wf>
         <wf lemma="," pos="X">,</wf>
         <wf lemma="o" pos="X">o</wf>
         <wf lemma="tempo" pos="X">tempo</wf>
         <wf lemma="," pos="X">,</wf>
         <wf lemma="a" pos="X">a</wf>
         <wf lemma="persoa" pos="X">persoa</wf>
         <wf lemma="etc." pos="X">etc.</wf>
      </sentence>
      <sentence id="d000.s1734" source="wordnet-galician">
         <wf lemma="o" pos="X">o</wf>
         <wf lemma="recoñecemento" pos="X">recoñecemento</wf>
         <instance id="d000.s1734.t000" lemma="exploratorio" pos="ADJ">exploratorio</instance>
         <wf lemma="." pos="X">.</wf>
      </sentence>
      <sentence id="d000.s1735" source="wordnet-galician">
         <wf lemma="canles" pos="X">canles</wf>
         <instance id="d000.s1735.t000" lemma="sensorial" pos="ADJ">sensoriais</instance>
         <wf lemma="." pos="X">.</wf>
      </sentence>
      <sentence id="d000.s1736" source="wordnet-galician">
         <wf lemma="hostilidade" pos="X">hostilidade</wf>
         <instance id="d000.s1736.t000" lemma="aberto" pos="ADJ">aberta</instance>
         <wf lemma="." pos="X">.</wf>
      </sentence>
      <sentence id="d000.s1737" source="wordnet-galician">
         <wf lemma="furia" pos="X">furia</wf>
         <instance id="d000.s1737.t000" lemma="violento" pos="ADJ">violenta</instance>
         <wf lemma="." pos="X">.</wf>
      </sentence>
      <sentence id="d000.s1738" source="wordnet-galician">
         <wf lemma="propiedade" pos="X">propiedade</wf>
         <instance id="d000.s1738.t000" lemma="privado" pos="ADJ">privada</instance>
         <wf lemma="." pos="X">.</wf>
      </sentence>
      <sentence id="d000.s1739" source="wordnet-galician">
         <wf lemma="sombras" pos="X">sombras</wf>
         <instance id="d000.s1739.t000" lemma="impalpable" pos="ADJ">impalpables</instance>
         <wf lemma="." pos="X">.</wf>
      </sentence>
      <sentence id="d000.s1740" source="wordnet-galician">
         <wf lemma="a" pos="X">a</wf>
         <wf lemma="edición" pos="X">edición</wf>
         <wf lemma="dun" pos="X">dun</wf>
         <wf lemma="manuscrito" pos="X">manuscrito</wf>
         <instance id="d000.s1740.t000" lemma="prolixo" pos="ADJ">prolixo</instance>
         <wf lemma="." pos="X">.</wf>
      </sentence>
      <sentence id="d000.s1741" source="wordnet-galician">
         <wf lemma="unha" pos="X">unha</wf>
         <wf lemma="mente" pos="X">mente</wf>
         <instance id="d000.s1741.t000" lemma="ocioso" pos="ADJ">ociosa</instance>
         <wf lemma="." pos="X">.</wf>
      </sentence>
      <sentence id="d000.s1742" source="wordnet-galician">
         <wf lemma="é" pos="X">é</wf>
         <wf lemma="un" pos="X">un</wf>
         <wf lemma="rapaz" pos="X">rapaz</wf>
         <wf lemma="moi" pos="X">moi</wf>
         <instance id="d000.s1742.t000" lemma="agradable" pos="ADJ">agradable</instance>
         <wf lemma="e" pos="X">e</wf>
         <wf lemma="todos" pos="X">todos</wf>
         <wf lemma="nós" pos="X">nós</wf>
         <wf lemma="pensabamos" pos="X">pensabamos</wf>
         <wf lemma="que" pos="X">que</wf>
         <wf lemma="era" pos="X">era</wf>
         <wf lemma="desagradable" pos="X">desagradable</wf>
         <wf lemma="(" pos="X">(</wf>
         <wf lemma="George" pos="X">George</wf>
         <wf lemma="M." pos="X">M.</wf>
         <wf lemma=")" pos="X">)</wf>
         <wf lemma="." pos="X">.</wf>
      </sentence>
      <sentence id="d000.s1743" source="wordnet-galician">
         <wf lemma="un" pos="X">un</wf>
         <wf lemma="home" pos="X">home</wf>
         <instance id="d000.s1743.t000" lemma="activo" pos="ADJ">activo</instance>
         <wf lemma="é" pos="X">é</wf>
         <wf lemma="un" pos="X">un</wf>
         <wf lemma="home" pos="X">home</wf>
         <wf lemma="de" pos="X">de</wf>
         <wf lemma="acción" pos="X">acción</wf>
         <wf lemma="." pos="X">.</wf>
      </sentence>
      <sentence id="d000.s1744" source="wordnet-galician">
         <wf lemma="unha" pos="X">unha</wf>
         <wf lemma="enfermidade" pos="X">enfermidade</wf>
         <instance id="d000.s1744.t000" lemma="crítico" pos="ADJ">crítica</instance>
         <wf lemma="." pos="X">.</wf>
      </sentence>
      <sentence id="d000.s1745" source="wordnet-galician">
         <wf lemma="a" pos="X">a</wf>
         <wf lemma="contabilidade" pos="X">contabilidade</wf>
         <wf lemma="era" pos="X">era</wf>
         <instance id="d000.s1745.t000" lemma="preciso" pos="ADJ">precisa</instance>
         <wf lemma="." pos="X">.</wf>
      </sentence>
      <sentence id="d000.s1746" source="wordnet-galician">
         <wf lemma="alcol" pos="X">alcol</wf>
         <instance id="d000.s1746.t000" lemma="absoluto" pos="ADJ">absoluto</instance>
         <wf lemma="." pos="X">.</wf>
      </sentence>
      <sentence id="d000.s1747" source="wordnet-galician">
         <wf lemma="a" pos="X">a</wf>
         <wf lemma="lúa" pos="X">lúa</wf>
         <wf lemma="está" pos="X">está</wf>
         <instance id="d000.s1747.t000" lemma="abaixo" pos="ADJ">abaixo</instance>
         <wf lemma="." pos="X">.</wf>
      </sentence>
      <sentence id="d000.s1748" source="wordnet-galician">
         <wf lemma="encontro" pos="X">encontro</wf>
         <instance id="d000.s1748.t000" lemma="consonántico" pos="ADJ">consonántico</instance>
         <wf lemma="." pos="X">.</wf>
      </sentence>
      <sentence id="d000.s1749" source="wordnet-galician">
         <wf lemma="cando" pos="X">cando</wf>
         <wf lemma="o" pos="X">o</wf>
         <wf lemma="barco" pos="X">barco</wf>
         <wf lemma="foi" pos="X">foi</wf>
         <wf lemma="golpeado" pos="X">golpeado</wf>
         <wf lemma="saltaron" pos="X">saltaron</wf>
         <instance id="d000.s1749.t000" lemma="estela" pos="NOUN">estelas</instance>
         <wf lemma="." pos="X">.</wf>
      </sentence>
      <sentence id="d000.s1750" source="wordnet-galician">
         <wf lemma="comportouse" pos="X">comportouse</wf>
         <wf lemma="como" pos="X">como</wf>
         <wf lemma="un" pos="X">un</wf>
         <wf lemma="idiota" pos="X">idiota</wf>
         <instance id="d000.s1750.t000" lemma="irresponsable" pos="ADJ">irresponsable</instance>
         <wf lemma="." pos="X">.</wf>
      </sentence>
      <sentence id="d000.s1751" source="wordnet-galician">
         <wf lemma="unha" pos="X">unha</wf>
         <wf lemma="frialdade" pos="X">frialdade</wf>
         <instance id="d000.s1751.t000" lemma="hostil" pos="ADJ">hostil</instance>
         <wf lemma="de" pos="X">de</wf>
         <wf lemma="forma" pos="X">forma</wf>
         <wf lemma="." pos="X">.</wf>
      </sentence>
      <sentence id="d000.s1752" source="wordnet-galician">
         <wf lemma="os" pos="X">os</wf>
         <wf lemma="autores" pos="X">autores</wf>
         <instance id="d000.s1752.t000" lemma="anónimo" pos="ADJ">anónimos</instance>
         <wf lemma="." pos="X">.</wf>
      </sentence>
      <sentence id="d000.s1753" source="wordnet-galician">
         <wf lemma="'e" pos="X">'e</wf>
         <wf lemma="'" pos="X">'</wf>
         <wf lemma="en" pos="X">en</wf>
         <wf lemma="'" pos="X">'</wf>
         <wf lemma="Xoán" pos="X">Xoán</wf>
         <wf lemma="e" pos="X">e</wf>
         <wf lemma="María" pos="X">María</wf>
         <wf lemma="'" pos="X">'</wf>
         <wf lemma="ou" pos="X">ou</wf>
         <wf lemma="en" pos="X">en</wf>
         <wf lemma="'" pos="X">'</wf>
         <wf lemma="Xoán" pos="X">Xoán</wf>
         <wf lemma="e" pos="X">e</wf>
         <wf lemma="María" pos="X">María</wf>
         <wf lemma="camiñaron" pos="X">camiñaron</wf>
         <wf lemma="polo" pos="X">polo</wf>
         <wf lemma="monte" pos="X">monte</wf>
         <wf lemma="'" pos="X">'</wf>
         <wf lemma="é" pos="X">é</wf>
         <wf lemma="unha" pos="X">unha</wf>
         <wf lemma="conxunción" pos="X">conxunción</wf>
         <instance id="d000.s1753.t000" lemma="coordinado" pos="ADJ">coordinada</instance>
         <wf lemma=";" pos="X">;</wf>
         <wf lemma="e" pos="X">e</wf>
         <wf lemma="así" pos="X">así</wf>
         <wf lemma="tamén" pos="X">tamén</wf>
         <wf lemma="'" pos="X">'</wf>
         <wf lemma="ou" pos="X">ou</wf>
         <wf lemma="'" pos="X">'</wf>
         <wf lemma="en" pos="X">en</wf>
         <wf lemma="'" pos="X">'</wf>
         <wf lemma="vai" pos="X">vai</wf>
         <wf lemma="ou" pos="X">ou</wf>
         <wf lemma="queda" pos="X">queda</wf>
         <wf lemma="?" pos="X">?</wf>
         <wf lemma="'" pos="X">'</wf>
         <wf lemma="." pos="X">.</wf>
      </sentence>
      <sentence id="d000.s1754" source="wordnet-galician">
         <wf lemma="un" pos="X">un</wf>
         <wf lemma="compañeiro" pos="X">compañeiro</wf>
         <wf lemma="experimentado" pos="X">experimentado</wf>
         <wf lemma="e" pos="X">e</wf>
         <instance id="d000.s1754.t000" lemma="fiable" pos="ADJ">fiable</instance>
         <wf lemma="para" pos="X">para</wf>
         <wf lemma="viaxar" pos="X">viaxar</wf>
         <wf lemma="." pos="X">.</wf>
      </sentence>
      <sentence id="d000.s1755" source="wordnet-galician">
         <wf lemma="a" pos="X">a</wf>
         <wf lemma="natureza" pos="X">natureza</wf>
         <wf lemma="xentilmente" pos="X">xentilmente</wf>
         <instance id="d000.s1755.t000" lemma="indulxente" pos="ADJ">indulxente</instance>
         <wf lemma="." pos="X">.</wf>
      </sentence>
      <sentence id="d000.s1756" source="wordnet-galician">
         <wf lemma="un" pos="X">un</wf>
         <wf lemma="programa" pos="X">programa</wf>
         <instance id="d000.s1756.t000" lemma="atestado" pos="ADJ">atestado</instance>
         <wf lemma="." pos="X">.</wf>
      </sentence>
      <sentence id="d000.s1757" source="wordnet-galician">
         <wf lemma="o" pos="X">o</wf>
         <wf lemma="truco" pos="X">truco</wf>
         <wf lemma="sería" pos="X">sería</wf>
         <wf lemma="convencer" pos="X">convencer</wf>
         <wf lemma="algúns" pos="X">algúns</wf>
         <wf lemma="," pos="X">,</wf>
         <wf lemma="pero" pos="X">pero</wf>
         <wf lemma="a" pos="X">a</wf>
         <wf lemma="maioría" pos="X">maioría</wf>
         <wf lemma="dos" pos="X">dos</wf>
         <instance id="d000.s1757.t000" lemma="crédulo" pos="ADJ">crédulos</instance>
         <wf lemma="." pos="X">.</wf>
      </sentence>
      <sentence id="d000.s1758" source="wordnet-galician">
         <wf lemma="a" pos="X">a</wf>
         <wf lemma="carne" pos="X">carne</wf>
         <instance id="d000.s1758.t000" lemma="sucio" pos="ADJ">sucia</instance>
         <wf lemma="." pos="X">.</wf>
      </sentence>
      <sentence id="d000.s1759" source="wordnet-galician">
         <wf lemma="unha" pos="X">unha</wf>
         <wf lemma="sociedade" pos="X">sociedade</wf>
         <instance id="d000.s1759.t000" lemma="cobizoso" pos="ADJ">cobizosa</instance>
         <wf lemma="na" pos="X">na</wf>
         <wf lemma="que" pos="X">que</wf>
         <wf lemma="o" pos="X">o</wf>
         <wf lemma="desexo" pos="X">desexo</wf>
         <wf lemma="polas" pos="X">polas</wf>
         <wf lemma="cousas" pos="X">cousas</wf>
         <wf lemma="materiais" pos="X">materiais</wf>
         <wf lemma="nunca" pos="X">nunca</wf>
         <wf lemma="parece" pos="X">parece</wf>
         <wf lemma="estar" pos="X">estar</wf>
         <wf lemma="satisfeito" pos="X">satisfeito</wf>
         <wf lemma="." pos="X">.</wf>
      </sentence>
      <sentence id="d000.s1760" source="wordnet-galician">
         <wf lemma="antigüidades" pos="X">antigüidades</wf>
         <instance id="d000.s1760.t000" lemma="insubstituíble" pos="ADJ">insubstituíbles</instance>
         <wf lemma="." pos="X">.</wf>
      </sentence>
      <sentence id="d000.s1761" source="wordnet-galician">
         <wf lemma="un" pos="X">un</wf>
         <wf lemma="bloque" pos="X">bloque</wf>
         <instance id="d000.s1761.t000" lemma="macizo" pos="ADJ">macizo</instance>
         <wf lemma="de" pos="X">de</wf>
         <wf lemma="madeira" pos="X">madeira</wf>
         <wf lemma="." pos="X">.</wf>
      </sentence>
      <sentence id="d000.s1762" source="wordnet-galician">
         <wf lemma="división" pos="X">división</wf>
         <instance id="d000.s1762.t000" lemma="zonal" pos="ADJ">zonal</instance>
         <wf lemma="." pos="X">.</wf>
      </sentence>
      <sentence id="d000.s1763" source="wordnet-galician">
         <wf lemma="o" pos="X">o</wf>
         <wf lemma="comportamento" pos="X">comportamento</wf>
         <instance id="d000.s1763.t000" lemma="indecoroso" pos="ADJ">indecoroso</instance>
         <wf lemma="." pos="X">.</wf>
      </sentence>
      <sentence id="d000.s1764" source="wordnet-galician">
         <wf lemma="unha" pos="X">unha</wf>
         <wf lemma="coxeira" pos="X">coxeira</wf>
         <instance id="d000.s1764.t000" lemma="perceptible" pos="ADJ">perceptible</instance>
         <wf lemma="." pos="X">.</wf>
      </sentence>
      <sentence id="d000.s1765" source="wordnet-galician">
         <wf lemma="este" pos="X">este</wf>
         <wf lemma="tipo" pos="X">tipo</wf>
         <wf lemma="de" pos="X">de</wf>
         <wf lemma="vida" pos="X">vida</wf>
         <wf lemma="pode" pos="X">pode</wf>
         <wf lemma="resultar" pos="X">resultar</wf>
         <wf lemma="prexudicial" pos="X">prexudicial</wf>
         <wf lemma="e" pos="X">e</wf>
         <instance id="d000.s1765.t000" lemma="incómodo" pos="ADJ">incómoda</instance>
         <wf lemma="." pos="X">.</wf>
      </sentence>
      <sentence id="d000.s1766" source="wordnet-galician">
         <wf lemma="o" pos="X">o</wf>
         <wf lemma="sol" pos="X">sol</wf>
         <wf lemma="está" pos="X">está</wf>
         <instance id="d000.s1766.t000" lemma="arriba" pos="ADJ">arriba</instance>
         <wf lemma="." pos="X">.</wf>
      </sentence>
      <sentence id="d000.s1767" source="wordnet-galician">
         <wf lemma="non" pos="X">non</wf>
         <wf lemma="ten" pos="X">ten</wf>
         <wf lemma="decencia" pos="X">decencia</wf>
         <instance id="d000.s1767.t000" lemma="ningún" pos="ADJ">ningunha</instance>
         <wf lemma="ou" pos="X">ou</wf>
         <wf lemma="que" pos="X">que</wf>
         <wf lemma="?" pos="X">?</wf>
      </sentence>
      <sentence id="d000.s1768" source="wordnet-galician">
         <wf lemma="unha" pos="X">unha</wf>
         <wf lemma="broma" pos="X">broma</wf>
         <instance id="d000.s1768.t000" lemma="inofensivo" pos="ADJ">inofensiva</instance>
         <wf lemma="." pos="X">.</wf>
      </sentence>
      <sentence id="d000.s1769" source="wordnet-galician">
         <wf lemma="unha" pos="X">unha</wf>
         <wf lemma="disertación" pos="X">disertación</wf>
         <instance id="d000.s1769.t000" lemma="crítico" pos="ADJ">crítica</instance>
         <wf lemma="." pos="X">.</wf>
      </sentence>
      <sentence id="d000.s1770" source="wordnet-galician">
         <wf lemma="unha" pos="X">unha</wf>
         <wf lemma="pintura" pos="X">pintura</wf>
         <instance id="d000.s1770.t000" lemma="fermoso" pos="ADJ">fermosa</instance>
         <wf lemma="." pos="X">.</wf>
      </sentence>
      <sentence id="d000.s1771" source="wordnet-galician">
         <instance id="d000.s1771.t000" lemma="xentil" pos="ADJ">xentil</instance>
         <wf lemma="mesmo" pos="X">mesmo</wf>
         <wf lemma="para" pos="X">para</wf>
         <wf lemma="os" pos="X">os</wf>
         <wf lemma="visitantes" pos="X">visitantes</wf>
         <wf lemma="inesperados" pos="X">inesperados</wf>
         <wf lemma="." pos="X">.</wf>
      </sentence>
      <sentence id="d000.s1772" source="wordnet-galician">
         <instance id="d000.s1772.t000" lemma="inelixible" pos="ADJ">inelixible</instance>
         <wf lemma="para" pos="X">para</wf>
         <wf lemma="votar" pos="X">votar</wf>
         <wf lemma="." pos="X">.</wf>
      </sentence>
      <sentence id="d000.s1773" source="wordnet-galician">
         <wf lemma="armas" pos="X">armas</wf>
         <instance id="d000.s1773.t000" lemma="ofensivo" pos="ADJ">ofensivas</instance>
         <wf lemma="." pos="X">.</wf>
      </sentence>
      <sentence id="d000.s1774" source="wordnet-galician">
         <wf lemma="a" pos="X">a</wf>
         <wf lemma="sección" pos="X">sección</wf>
         <wf lemma="do" pos="X">do</wf>
         <instance id="d000.s1774.t000" lemma="primeiro" pos="ADJ">primeiro</instance>
         <wf lemma="violín" pos="X">violín</wf>
         <wf lemma="." pos="X">.</wf>
      </sentence>
      <sentence id="d000.s1775" source="wordnet-galician">
         <wf lemma="saúdo" pos="X">saúdo</wf>
         <instance id="d000.s1775.t000" lemma="caloroso" pos="ADJ">caloroso</instance>
         <wf lemma="." pos="X">.</wf>
      </sentence>
      <sentence id="d000.s1776" source="wordnet-galician">
         <wf lemma="bosques" pos="X">bosques</wf>
         <instance id="d000.s1776.t000" lemma="impenetrable" pos="ADJ">impenetrables</instance>
         <wf lemma="." pos="X">.</wf>
      </sentence>
      <sentence id="d000.s1777" source="wordnet-galician">
         <wf lemma="as" pos="X">as</wf>
         <wf lemma="gotas" pos="X">gotas</wf>
         <instance id="d000.s1777.t000" lemma="único" pos="ADJ">únicas</instance>
         <wf lemma="de" pos="X">de</wf>
         <wf lemma="choiva" pos="X">choiva</wf>
         <wf lemma="." pos="X">.</wf>
      </sentence>
      <sentence id="d000.s1778" source="wordnet-galician">
         <wf lemma="o" pos="X">o</wf>
         <wf lemma="sistema" pos="X">sistema</wf>
         <wf lemma="viario" pos="X">viario</wf>
         <instance id="d000.s1778.t000" lemma="nacional" pos="ADJ">nacional</instance>
         <wf lemma="." pos="X">.</wf>
      </sentence>
      <sentence id="d000.s1779" source="wordnet-galician">
         <wf lemma="unha" pos="X">unha</wf>
         <wf lemma="capa" pos="X">capa</wf>
         <instance id="d000.s1779.t000" lemma="groso" pos="ADJ">grosa</instance>
         <wf lemma="de" pos="X">de</wf>
         <wf lemma="po" pos="X">po</wf>
         <wf lemma="." pos="X">.</wf>
      </sentence>
      <sentence id="d000.s1780" source="wordnet-galician">
         <wf lemma="unha" pos="X">unha</wf>
         <wf lemma="cuberta" pos="X">cuberta</wf>
         <instance id="d000.s1780.t000" lemma="protector" pos="ADJ">protectora</instance>
         <wf lemma="." pos="X">.</wf>
      </sentence>
      <sentence id="d000.s1781" source="wordnet-galician">
         <wf lemma="outros" pos="X">outros</wf>
         <wf lemma="gastos" pos="X">gastos</wf>
         <instance id="d000.s1781.t000" lemma="adicional" pos="ADJ">adicionais</instance>
         <wf lemma="." pos="X">.</wf>
      </sentence>
      <sentence id="d000.s1782" source="wordnet-galician">
         <wf lemma="un" pos="X">un</wf>
         <wf lemma="xuíz" pos="X">xuíz</wf>
         <wf lemma="brillante" pos="X">brillante</wf>
         <wf lemma="," pos="X">,</wf>
         <wf lemma="pero" pos="X">pero</wf>
         <wf lemma="de" pos="X">de</wf>
         <wf lemma="mente" pos="X">mente</wf>
         <instance id="d000.s1782.t000" lemma="estreito" pos="ADJ">estreita</instance>
         <wf lemma="." pos="X">.</wf>
      </sentence>
      <sentence id="d000.s1783" source="wordnet-galician">
         <wf lemma="un" pos="X">un</wf>
         <wf lemma="termo" pos="X">termo</wf>
         <wf lemma="está" pos="X">está</wf>
         <wf lemma="en" pos="X">en</wf>
         <wf lemma="proporción" pos="X">proporción</wf>
         <instance id="d000.s1783.t000" lemma="directo" pos="ADJ">directa</instance>
         <wf lemma="con" pos="X">con</wf>
         <wf lemma="outro" pos="X">outro</wf>
         <wf lemma="termo" pos="X">termo</wf>
         <wf lemma="se" pos="X">se</wf>
         <wf lemma="aumenta" pos="X">aumenta</wf>
         <wf lemma="(" pos="X">(</wf>
         <wf lemma="ou" pos="X">ou</wf>
         <wf lemma="diminúe" pos="X">diminúe</wf>
         <wf lemma=")" pos="X">)</wf>
         <wf lemma="," pos="X">,</wf>
         <wf lemma="mentres" pos="X">mentres</wf>
         <wf lemma="que" pos="X">que</wf>
         <wf lemma="o" pos="X">o</wf>
         <wf lemma="outro" pos="X">outro</wf>
         <wf lemma="aumenta" pos="X">aumenta</wf>
         <wf lemma="(" pos="X">(</wf>
         <wf lemma="ou" pos="X">ou</wf>
         <wf lemma="diminúe" pos="X">diminúe</wf>
         <wf lemma=")" pos="X">)</wf>
         <wf lemma="." pos="X">.</wf>
      </sentence>
      <sentence id="d000.s1784" source="wordnet-galician">
         <instance id="d000.s1784.t000" lemma="puro" pos="ADJ">pura</instance>
         <wf lemma="coma" pos="X">coma</wf>
         <wf lemma="a" pos="X">a</wf>
         <wf lemma="neve" pos="X">neve</wf>
         <wf lemma="recén" pos="X">recén</wf>
         <wf lemma="caída" pos="X">caída</wf>
         <wf lemma="." pos="X">.</wf>
      </sentence>
      <sentence id="d000.s1785" source="wordnet-galician">
         <wf lemma="pel" pos="X">pel</wf>
         <instance id="d000.s1785.t000" lemma="suave" pos="ADJ">suave</instance>
         <wf lemma="." pos="X">.</wf>
      </sentence>
      <sentence id="d000.s1786" source="wordnet-galician">
         <wf lemma="a" pos="X">a</wf>
         <wf lemma="data" pos="X">data</wf>
         <wf lemma="para" pos="X">para</wf>
         <wf lemma="a" pos="X">a</wf>
         <wf lemma="invasión" pos="X">invasión</wf>
         <wf lemma="é" pos="X">é</wf>
         <instance id="d000.s1786.t000" lemma="certo" pos="ADJ">certa</instance>
         <wf lemma="." pos="X">.</wf>
      </sentence>
      <sentence id="d000.s1787" source="wordnet-galician">
         <wf lemma="o" pos="X">o</wf>
         <wf lemma="estado" pos="X">estado</wf>
         <instance id="d000.s1787.t000" lemma="crecente" pos="ADJ">crecente</instance>
         <wf lemma="dos" pos="X">dos</wf>
         <wf lemma="prezos" pos="X">prezos</wf>
         <wf lemma="." pos="X">.</wf>
      </sentence>
      <sentence id="d000.s1788" source="wordnet-galician">
         <wf lemma="obxectos" pos="X">obxectos</wf>
         <instance id="d000.s1788.t000" lemma="real" pos="ADJ">reais</instance>
         <wf lemma="." pos="X">.</wf>
      </sentence>
      <sentence id="d000.s1789" source="wordnet-galician">
         <wf lemma="unha" pos="X">unha</wf>
         <wf lemma="reprodución" pos="X">reprodución</wf>
         <instance id="d000.s1789.t000" lemma="exacto" pos="ADJ">exacta</instance>
         <wf lemma="." pos="X">.</wf>
      </sentence>
      <sentence id="d000.s1790" source="wordnet-galician">
         <wf lemma="viños" pos="X">viños</wf>
         <instance id="d000.s1790.t000" lemma="efervescente" pos="ADJ">efervescentes</instance>
         <wf lemma="." pos="X">.</wf>
      </sentence>
      <sentence id="d000.s1791" source="wordnet-galician">
         <wf lemma="se" pos="X">se</wf>
         <wf lemma="continuamos" pos="X">continuamos</wf>
         <wf lemma="co" pos="X">co</wf>
         <wf lemma="noso" pos="X">noso</wf>
         <wf lemma="ritmo" pos="X">ritmo</wf>
         <wf lemma="pode" pos="X">pode</wf>
         <wf lemma="ser" pos="X">ser</wf>
         <instance id="d000.s1791.t000" lemma="parable" pos="ADJ">parable</instance>
         <wf lemma="." pos="X">.</wf>
      </sentence>
      <sentence id="d000.s1792" source="wordnet-galician">
         <wf lemma="un" pos="X">un</wf>
         <wf lemma="intento" pos="X">intento</wf>
         <wf lemma="de" pos="X">de</wf>
         <wf lemma="mellorar" pos="X">mellorar</wf>
         <wf lemma="os" pos="X">os</wf>
         <wf lemma="mecanismos" pos="X">mecanismos</wf>
         <instance id="d000.s1792.t000" lemma="existente" pos="ADJ">existentes</instance>
         <wf lemma="para" pos="X">para</wf>
         <wf lemma="facelos" pos="X">facelos</wf>
         <wf lemma="máis" pos="X">máis</wf>
         <wf lemma="eficientes" pos="X">eficientes</wf>
         <wf lemma="." pos="X">.</wf>
      </sentence>
      <sentence id="d000.s1793" source="wordnet-galician">
         <wf lemma="recibiu" pos="X">recibiu</wf>
         <wf lemma="unha" pos="X">unha</wf>
         <wf lemma="nota" pos="X">nota</wf>
         <instance id="d000.s1793.t000" lemma="favorable" pos="ADJ">favorable</instance>
         <wf lemma="." pos="X">.</wf>
      </sentence>
      <sentence id="d000.s1794" source="wordnet-galician">
         <wf lemma="un" pos="X">un</wf>
         <wf lemma="camiñante" pos="X">camiñante</wf>
         <instance id="d000.s1794.t000" lemma="lento" pos="ADJ">lento</instance>
         <wf lemma="." pos="X">.</wf>
      </sentence>
      <sentence id="d000.s1795" source="wordnet-galician">
         <wf lemma="tocou" pos="X">tocou</wf>
         <wf lemma="os" pos="X">os</wf>
         <wf lemma="adornos" pos="X">adornos</wf>
         <wf lemma="con" pos="X">con</wf>
         <wf lemma="dedos" pos="X">dedos</wf>
         <instance id="d000.s1795.t000" lemma="incerto" pos="ADJ">incertos</instance>
         <wf lemma="." pos="X">.</wf>
      </sentence>
      <sentence id="d000.s1796" source="wordnet-galician">
         <wf lemma="un" pos="X">un</wf>
         <wf lemma="empresario" pos="X">empresario</wf>
         <instance id="d000.s1796.t000" lemma="agresivo" pos="ADJ">agresivo</instance>
         <wf lemma="." pos="X">.</wf>
      </sentence>
      <sentence id="d000.s1797" source="wordnet-galician">
         <wf lemma="a" pos="X">a</wf>
         <instance id="d000.s1797.t000" lemma="impregnación" pos="NOUN">impregnación</instance>
         <wf lemma="," pos="X">,</wf>
         <wf lemma="calquera" pos="X">calquera</wf>
         <wf lemma="que" pos="X">que</wf>
         <wf lemma="fose" pos="X">fose</wf>
         <wf lemma="," pos="X">,</wf>
         <wf lemma="virou" pos="X">virou</wf>
         <wf lemma="a" pos="X">a</wf>
         <wf lemma="pedra" pos="X">pedra</wf>
         <wf lemma="de" pos="X">de</wf>
         <wf lemma="cor" pos="X">cor</wf>
         <wf lemma="azul" pos="X">azul</wf>
         <wf lemma="." pos="X">.</wf>
      </sentence>
      <sentence id="d000.s1798" source="wordnet-galician">
         <instance id="d000.s1798.t000" lemma="algún" pos="ADJ">algunhas</instance>
         <wf lemma="mazás" pos="X">mazás</wf>
         <wf lemma="." pos="X">.</wf>
      </sentence>
      <sentence id="d000.s1799" source="wordnet-galician">
         <wf lemma="un" pos="X">un</wf>
         <wf lemma="texto" pos="X">texto</wf>
         <wf lemma="hebreo" pos="X">hebreo</wf>
         <instance id="d000.s1799.t000" lemma="consonántico" pos="ADJ">consonántico</instance>
         <wf lemma="." pos="X">.</wf>
      </sentence>
      <sentence id="d000.s1800" source="wordnet-galician">
         <wf lemma="clima" pos="X">clima</wf>
         <instance id="d000.s1800.t000" lemma="clemente" pos="ADJ">clemente</instance>
         <wf lemma="." pos="X">.</wf>
      </sentence>
      <sentence id="d000.s1801" source="wordnet-galician">
         <wf lemma="os" pos="X">os</wf>
         <wf lemma="fillos" pos="X">fillos</wf>
         <instance id="d000.s1801.t000" lemma="nacente" pos="ADJ">nacentes</instance>
         <wf lemma="." pos="X">.</wf>
      </sentence>
      <sentence id="d000.s1802" source="wordnet-galician">
         <wf lemma="unha" pos="X">unha</wf>
         <wf lemma="ferida" pos="X">ferida</wf>
         <instance id="d000.s1802.t000" lemma="séptico" pos="ADJ">séptica</instance>
         <wf lemma="." pos="X">.</wf>
      </sentence>
      <sentence id="d000.s1803" source="wordnet-galician">
         <instance id="d000.s1803.t000" lemma="orgulloso" pos="ADJ">orgulloso</instance>
         <wf lemma="de" pos="X">de</wf>
         <wf lemma="servir" pos="X">servir</wf>
         <wf lemma="ao" pos="X">ao</wf>
         <wf lemma="seu" pos="X">seu</wf>
         <wf lemma="país" pos="X">país</wf>
         <wf lemma="." pos="X">.</wf>
      </sentence>
      <sentence id="d000.s1804" source="wordnet-galician">
         <wf lemma="unha" pos="X">unha</wf>
         <wf lemma="tarxeta" pos="X">tarxeta</wf>
         <wf lemma="de" pos="X">de</wf>
         <instance id="d000.s1804.t000" lemma="bo" pos="ADJ">boa</instance>
         <wf lemma="fama" pos="X">fama</wf>
         <wf lemma="." pos="X">.</wf>
      </sentence>
      <sentence id="d000.s1805" source="wordnet-galician">
         <wf lemma="porque" pos="X">porque</wf>
         <wf lemma="é" pos="X">é</wf>
         <wf lemma="tan" pos="X">tan</wf>
         <instance id="d000.s1805.t000" lemma="difícil" pos="ADJ">difícil</instance>
         <wf lemma="manter" pos="X">manter</wf>
         <wf lemma="un" pos="X">un</wf>
         <wf lemma="segredo" pos="X">segredo</wf>
         <wf lemma="?" pos="X">?</wf>
      </sentence>
      <sentence id="d000.s1806" source="wordnet-galician">
         <wf lemma="discriminación" pos="X">discriminación</wf>
         <instance id="d000.s1806.t000" lemma="racial" pos="ADJ">racial</instance>
         <wf lemma="." pos="X">.</wf>
      </sentence>
      <sentence id="d000.s1807" source="wordnet-galician">
         <wf lemma="un" pos="X">un</wf>
         <wf lemma="anfitrión" pos="X">anfitrión</wf>
         <instance id="d000.s1807.t000" lemma="amigable" pos="ADJ">amigable</instance>
         <wf lemma="." pos="X">.</wf>
      </sentence>
      <sentence id="d000.s1808" source="wordnet-galician">
         <wf lemma="sen" pos="X">sen</wf>
         <wf lemma="máis" pos="X">máis</wf>
         <wf lemma="evidencia" pos="X">evidencia</wf>
         <wf lemma="a" pos="X">a</wf>
         <wf lemma="súa" pos="X">súa</wf>
         <wf lemma="historia" pos="X">historia</wf>
         <wf lemma="debe" pos="X">debe</wf>
         <wf lemma="permanecer" pos="X">permanecer</wf>
         <instance id="d000.s1808.t000" lemma="incerto" pos="ADJ">incerta</instance>
         <wf lemma="." pos="X">.</wf>
      </sentence>
      <sentence id="d000.s1809" source="wordnet-galician">
         <wf lemma="un" pos="X">un</wf>
         <wf lemma="neno" pos="X">neno</wf>
         <wf lemma="intelixente" pos="X">intelixente</wf>
         <wf lemma="," pos="X">,</wf>
         <wf lemma="pero" pos="X">pero</wf>
         <instance id="d000.s1809.t000" lemma="argumentativo" pos="ADJ">argumentativo</instance>
         <wf lemma="." pos="X">.</wf>
      </sentence>
      <sentence id="d000.s1810" source="wordnet-galician">
         <wf lemma="el" pos="X">el</wf>
         <wf lemma="ten" pos="X">ten</wf>
         <wf lemma="a" pos="X">a</wf>
         <wf lemma="súa" pos="X">súa</wf>
         <wf lemma="conta" pos="X">conta</wf>
         <wf lemma="bancaria" pos="X">bancaria</wf>
         <instance id="d000.s1810.t000" lemma="persoal" pos="ADJ">persoal</instance>
         <wf lemma="e" pos="X">e</wf>
         <wf lemma="ela" pos="X">ela</wf>
         <wf lemma="ten" pos="X">ten</wf>
         <wf lemma="a" pos="X">a</wf>
         <wf lemma="súa" pos="X">súa</wf>
         <wf lemma="." pos="X">.</wf>
      </sentence>
      <sentence id="d000.s1811" source="wordnet-galician">
         <wf lemma="a" pos="X">a</wf>
         <wf lemma="súa" pos="X">súa</wf>
         <wf lemma="fortuna" pos="X">fortuna</wf>
         <wf lemma="era" pos="X">era</wf>
         <instance id="d000.s1811.t000" lemma="seguro" pos="ADJ">segura</instance>
         <wf lemma="." pos="X">.</wf>
      </sentence>
      <sentence id="d000.s1812" source="wordnet-galician">
         <wf lemma="el" pos="X">el</wf>
         <wf lemma="era" pos="X">era</wf>
         <instance id="d000.s1812.t000" lemma="baixo" pos="ADJ">baixo</instance>
         <wf lemma="e" pos="X">e</wf>
         <wf lemma="achaparrado" pos="X">achaparrado</wf>
         <wf lemma="." pos="X">.</wf>
      </sentence>
      <sentence id="d000.s1813" source="wordnet-galician">
         <wf lemma="quedou" pos="X">quedou</wf>
         <wf lemma="mal" pos="X">mal</wf>
         <wf lemma="das" pos="X">das</wf>
         <instance id="d000.s1813.t000" lemma="pata" pos="NOUN">patas</instance>
         <wf lemma="pola" pos="X">pola</wf>
         <wf lemma="febre" pos="X">febre</wf>
         <wf lemma="." pos="X">.</wf>
      </sentence>
      <sentence id="d000.s1814" source="wordnet-galician">
         <wf lemma="as" pos="X">as</wf>
         <instance id="d000.s1814.t000" lemma="primeiro" pos="ADJ">primeiras</instance>
         <wf lemma="reunións" pos="X">reunións</wf>
         <wf lemma="do" pos="X">do</wf>
         <wf lemma="novo" pos="X">novo</wf>
         <wf lemma="partido" pos="X">partido</wf>
         <wf lemma="." pos="X">.</wf>
      </sentence>
      <sentence id="d000.s1815" source="wordnet-galician">
         <wf lemma="unha" pos="X">unha</wf>
         <wf lemma="voz" pos="X">voz</wf>
         <instance id="d000.s1815.t000" lemma="vacilante" pos="ADJ">vacilante</instance>
         <wf lemma="." pos="X">.</wf>
      </sentence>
      <sentence id="d000.s1816" source="wordnet-galician">
         <wf lemma="un" pos="X">un</wf>
         <wf lemma="argumento" pos="X">argumento</wf>
         <instance id="d000.s1816.t000" lemma="válido" pos="ADJ">válido</instance>
         <wf lemma="." pos="X">.</wf>
      </sentence>
      <sentence id="d000.s1817" source="wordnet-galician">
         <wf lemma="un" pos="X">un</wf>
         <wf lemma="lapis" pos="X">lapis</wf>
         <wf lemma="cunha" pos="X">cunha</wf>
         <wf lemma="punta" pos="X">punta</wf>
         <instance id="d000.s1817.t000" lemma="afiado" pos="ADJ">afiada</instance>
         <wf lemma="." pos="X">.</wf>
      </sentence>
      <sentence id="d000.s1818" source="wordnet-galician">
         <wf lemma="a" pos="X">a</wf>
         <wf lemma="lingua" pos="X">lingua</wf>
         <instance id="d000.s1818.t000" lemma="nativo" pos="ADJ">nativa</instance>
         <wf lemma="." pos="X">.</wf>
      </sentence>
      <sentence id="d000.s1819" source="wordnet-galician">
         <wf lemma="tivo" pos="X">tivo</wf>
         <wf lemma="un" pos="X">un</wf>
         <wf lemma="momento" pos="X">momento</wf>
         <instance id="d000.s1819.t000" lemma="triste" pos="ADJ">triste</instance>
         <wf lemma="na" pos="X">na</wf>
         <wf lemma="escola" pos="X">escola</wf>
         <wf lemma="." pos="X">.</wf>
      </sentence>
      <sentence id="d000.s1820" source="wordnet-galician">
         <wf lemma="unha" pos="X">unha</wf>
         <wf lemma="visita" pos="X">visita</wf>
         <instance id="d000.s1820.t000" lemma="inoportuno" pos="ADJ">inoportuna</instance>
         <wf lemma="." pos="X">.</wf>
      </sentence>
      <sentence id="d000.s1821" source="wordnet-galician">
         <wf lemma="pasou" pos="X">pasou</wf>
         <wf lemma="moitos" pos="X">moitos</wf>
         <wf lemma="días" pos="X">días</wf>
         <instance id="d000.s1821.t000" lemma="feliz" pos="ADJ">felices</instance>
         <wf lemma="na" pos="X">na</wf>
         <wf lemma="praia" pos="X">praia</wf>
         <wf lemma="." pos="X">.</wf>
      </sentence>
      <sentence id="d000.s1822" source="wordnet-galician">
         <wf lemma="hai" pos="X">hai</wf>
         <instance id="d000.s1822.t000" lemma="impureza" pos="NOUN">impurezas</instance>
         <wf lemma="na" pos="X">na</wf>
         <wf lemma="auga" pos="X">auga</wf>
         <wf lemma="." pos="X">.</wf>
      </sentence>
      <sentence id="d000.s1823" source="wordnet-galician">
         <wf lemma="a" pos="X">a</wf>
         <wf lemma="prata" pos="X">prata</wf>
         <instance id="d000.s1823.t000" lemma="mate" pos="ADJ">mate</instance>
         <wf lemma="necesita" pos="X">necesita</wf>
         <wf lemma="un" pos="X">un</wf>
         <wf lemma="pulido" pos="X">pulido</wf>
         <wf lemma="." pos="X">.</wf>
      </sentence>
      <sentence id="d000.s1824" source="wordnet-galician">
         <wf lemma="despois" pos="X">despois</wf>
         <wf lemma="do" pos="X">do</wf>
         <wf lemma="asasinato" pos="X">asasinato</wf>
         <wf lemma="de" pos="X">de</wf>
         <wf lemma="Martin" pos="X">Martin</wf>
         <wf lemma="Luter" pos="X">Luter</wf>
         <wf lemma="King" pos="X">King</wf>
         <wf lemma="a" pos="X">a</wf>
         <wf lemma="nación" pos="X">nación</wf>
         <wf lemma="quedou" pos="X">quedou</wf>
         <instance id="d000.s1824.t000" lemma="inquedo" pos="ADJ">inqueda</instance>
         <wf lemma="." pos="X">.</wf>
      </sentence>
      <sentence id="d000.s1825" source="wordnet-galician">
         <wf lemma="un" pos="X">un</wf>
         <wf lemma="insulto" pos="X">insulto</wf>
         <instance id="d000.s1825.t000" lemma="indirecto" pos="ADJ">indirecto</instance>
         <wf lemma="." pos="X">.</wf>
      </sentence>
      <sentence id="d000.s1826" source="wordnet-galician">
         <wf lemma="deulle" pos="X">deulle</wf>
         <wf lemma="unha" pos="X">unha</wf>
         <wf lemma="resposta" pos="X">resposta</wf>
         <instance id="d000.s1826.t000" lemma="decidido" pos="ADJ">decidida</instance>
         <wf lemma="." pos="X">.</wf>
      </sentence>
      <sentence id="d000.s1827" source="wordnet-galician">
         <wf lemma="aliteración" pos="X">aliteración</wf>
         <instance id="d000.s1827.t000" lemma="consonántico" pos="ADJ">consonántica</instance>
         <wf lemma="." pos="X">.</wf>
      </sentence>
      <sentence id="d000.s1828" source="wordnet-galician">
         <wf lemma="un" pos="X">un</wf>
         <wf lemma="futuro" pos="X">futuro</wf>
         <instance id="d000.s1828.t000" lemma="incerto" pos="ADJ">incerto</instance>
         <wf lemma="." pos="X">.</wf>
      </sentence>
      <sentence id="d000.s1829" source="wordnet-galician">
         <wf lemma="unha" pos="X">unha</wf>
         <wf lemma="unión" pos="X">unión</wf>
         <instance id="d000.s1829.t000" lemma="indivisible" pos="ADJ">indivisible</instance>
         <wf lemma="dos" pos="X">dos</wf>
         <wf lemma="estados" pos="X">estados</wf>
         <wf lemma="." pos="X">.</wf>
      </sentence>
      <sentence id="d000.s1830" source="wordnet-galician">
         <wf lemma="o" pos="X">o</wf>
         <wf lemma="porco" pos="X">porco</wf>
         <instance id="d000.s1830.t000" lemma="enteiro" pos="ADJ">enteiro</instance>
         <wf lemma="." pos="X">.</wf>
      </sentence>
      <sentence id="d000.s1831" source="wordnet-galician">
         <wf lemma="deixou" pos="X">deixou</wf>
         <wf lemma="a" pos="X">a</wf>
         <wf lemma="porta" pos="X">porta</wf>
         <instance id="d000.s1831.t000" lemma="aberto" pos="ADJ">aberta</instance>
         <wf lemma="." pos="X">.</wf>
      </sentence>
      <sentence id="d000.s1832" source="wordnet-galician">
         <wf lemma="carne" pos="X">carne</wf>
         <instance id="d000.s1832.t000" lemma="tenro" pos="ADJ">tenra</instance>
         <wf lemma="." pos="X">.</wf>
      </sentence>
      <sentence id="d000.s1833" source="wordnet-galician">
         <wf lemma="unha" pos="X">unha</wf>
         <wf lemma="sanción" pos="X">sanción</wf>
         <instance id="d000.s1833.t000" lemma="arbitrario" pos="ADJ">arbitraria</instance>
         <wf lemma="." pos="X">.</wf>
      </sentence>
      <sentence id="d000.s1834" source="wordnet-galician">
         <wf lemma="unha" pos="X">unha</wf>
         <wf lemma="paisaxe" pos="X">paisaxe</wf>
         <instance id="d000.s1834.t000" lemma="descritible" pos="ADJ">descritible</instance>
         <wf lemma="." pos="X">.</wf>
      </sentence>
      <sentence id="d000.s1835" source="wordnet-galician">
         <wf lemma="un" pos="X">un</wf>
         <wf lemma="cheiro" pos="X">cheiro</wf>
         <instance id="d000.s1835.t000" lemma="desagradable" pos="ADJ">desagradable</instance>
         <wf lemma="." pos="X">.</wf>
      </sentence>
      <sentence id="d000.s1836" source="wordnet-galician">
         <wf lemma="as" pos="X">as</wf>
         <wf lemma="xeadas" pos="X">xeadas</wf>
         <wf lemma="e" pos="X">e</wf>
         <wf lemma="as" pos="X">as</wf>
         <wf lemma="inundacións" pos="X">inundacións</wf>
         <wf lemma="son" pos="X">son</wf>
         <instance id="d000.s1836.t000" lemma="raro" pos="ADJ">raras</instance>
         <wf lemma="durante" pos="X">durante</wf>
         <wf lemma="estes" pos="X">estes</wf>
         <wf lemma="meses" pos="X">meses</wf>
         <wf lemma="." pos="X">.</wf>
      </sentence>
      <sentence id="d000.s1837" source="wordnet-galician">
         <wf lemma="un" pos="X">un</wf>
         <wf lemma="orador" pos="X">orador</wf>
         <instance id="d000.s1837.t000" lemma="dinámico" pos="ADJ">dinámico</instance>
         <wf lemma="." pos="X">.</wf>
      </sentence>
      <sentence id="d000.s1838" source="wordnet-galician">
         <wf lemma="unha" pos="X">unha</wf>
         <wf lemma="mirada" pos="X">mirada</wf>
         <instance id="d000.s1838.t000" lemma="coidadoso" pos="ADJ">coidadosa</instance>
         <wf lemma="para" pos="X">para</wf>
         <wf lemma="as" pos="X">as</wf>
         <wf lemma="nubes" pos="X">nubes</wf>
         <wf lemma="negras" pos="X">negras</wf>
         <wf lemma="." pos="X">.</wf>
      </sentence>
      <sentence id="d000.s1839" source="wordnet-galician">
         <wf lemma="insulto" pos="X">insulto</wf>
         <instance id="d000.s1839.t000" lemma="final" pos="ADJ">final</instance>
         <wf lemma="." pos="X">.</wf>
      </sentence>
      <sentence id="d000.s1840" source="wordnet-galician">
         <wf lemma="un" pos="X">un</wf>
         <wf lemma="xogador" pos="X">xogador</wf>
         <wf lemma="de" pos="X">de</wf>
         <wf lemma="baloncesto" pos="X">baloncesto</wf>
         <instance id="d000.s1840.t000" lemma="agresivo" pos="ADJ">agresivo</instance>
         <wf lemma="." pos="X">.</wf>
      </sentence>
      <sentence id="d000.s1841" source="wordnet-galician">
         <wf lemma="leva" pos="X">leva</wf>
         <wf lemma="unhas" pos="X">unhas</wf>
         <wf lemma="luvas" pos="X">luvas</wf>
         <wf lemma="de" pos="X">de</wf>
         <instance id="d000.s1841.t000" lemma="pelica" pos="NOUN">pelica</instance>
         <wf lemma="." pos="X">.</wf>
      </sentence>
      <sentence id="d000.s1842" source="wordnet-galician">
         <wf lemma="reservado" pos="X">reservado</wf>
         <wf lemma="e" pos="X">e</wf>
         <instance id="d000.s1842.t000" lemma="cauteloso" pos="ADJ">cauteloso</instance>
         <wf lemma=";" pos="X">;</wf>
         <wf lemma="nunca" pos="X">nunca</wf>
         <wf lemma="toma" pos="X">toma</wf>
         <wf lemma="decisións" pos="X">decisións</wf>
         <wf lemma="apresuradas" pos="X">apresuradas</wf>
         <wf lemma="." pos="X">.</wf>
      </sentence>
      <sentence id="d000.s1843" source="wordnet-galician">
         <wf lemma="cadeiras" pos="X">cadeiras</wf>
         <wf lemma="confortables" pos="X">confortables</wf>
         <instance id="d000.s1843.t000" lemma="ordenado" pos="ADJ">ordenadas</instance>
         <wf lemma="ao" pos="X">ao</wf>
         <wf lemma="redor" pos="X">redor</wf>
         <wf lemma="da" pos="X">da</wf>
         <wf lemma="lareira" pos="X">lareira</wf>
         <wf lemma="." pos="X">.</wf>
      </sentence>
      <sentence id="d000.s1844" source="wordnet-galician">
         <wf lemma="a" pos="X">a</wf>
         <wf lemma="súa" pos="X">súa</wf>
         <wf lemma="fortuna" pos="X">fortuna</wf>
         <wf lemma="era" pos="X">era</wf>
         <wf lemma="cada" pos="X">cada</wf>
         <wf lemma="vez" pos="X">vez</wf>
         <wf lemma="máis" pos="X">máis</wf>
         <instance id="d000.s1844.t000" lemma="incerto" pos="ADJ">incerta</instance>
         <wf lemma="." pos="X">.</wf>
      </sentence>
      <sentence id="d000.s1845" source="wordnet-galician">
         <wf lemma="nun" pos="X">nun</wf>
         <wf lemma="día" pos="X">día</wf>
         <instance id="d000.s1845.t000" lemma="claro" pos="ADJ">claro</instance>
         <wf lemma="." pos="X">.</wf>
      </sentence>
      <sentence id="d000.s1846" source="wordnet-galician">
         <wf lemma="os" pos="X">os</wf>
         <wf lemma="nenos" pos="X">nenos</wf>
         <wf lemma="están" pos="X">están</wf>
         <wf lemma="contando" pos="X">contando</wf>
         <wf lemma="chistes" pos="X">chistes</wf>
         <instance id="d000.s1846.t000" lemma="ofensivo" pos="ADJ">ofensivos</instance>
         <wf lemma="." pos="X">.</wf>
      </sentence>
      <sentence id="d000.s1847" source="wordnet-galician">
         <wf lemma="un" pos="X">un</wf>
         <wf lemma="nariz" pos="X">nariz</wf>
         <instance id="d000.s1847.t000" lemma="sanguento" pos="ADJ">sanguento</instance>
         <wf lemma="." pos="X">.</wf>
      </sentence>
      <sentence id="d000.s1848" source="wordnet-galician">
         <wf lemma="a" pos="X">a</wf>
         <wf lemma="superficie" pos="X">superficie</wf>
         <instance id="d000.s1848.t000" lemma="oral" pos="ADJ">oral</instance>
         <wf lemma="dunha" pos="X">dunha</wf>
         <wf lemma="estrela" pos="X">estrela</wf>
         <wf lemma="do" pos="X">do</wf>
         <wf lemma="mar" pos="X">mar</wf>
         <wf lemma="." pos="X">.</wf>
      </sentence>
      <sentence id="d000.s1849" source="wordnet-galician">
         <wf lemma="conduta" pos="X">conduta</wf>
         <instance id="d000.s1849.t000" lemma="desordenado" pos="ADJ">desordenada</instance>
         <wf lemma="." pos="X">.</wf>
      </sentence>
      <sentence id="d000.s1850" source="wordnet-galician">
         <wf lemma="a" pos="X">a</wf>
         <wf lemma="rodaxe" pos="X">rodaxe</wf>
         <wf lemma="era" pos="X">era</wf>
         <wf lemma="imposible" pos="X">imposible</wf>
         <wf lemma="e" pos="X">e</wf>
         <instance id="d000.s1850.t000" lemma="incompetente" pos="ADJ">incompetente</instance>
         <wf lemma="." pos="X">.</wf>
      </sentence>
      <sentence id="d000.s1851" source="wordnet-galician">
         <instance id="d000.s1851.t000" lemma="zume" pos="NOUN">zumes</instance>
         <wf lemma="dixestivo" pos="X">dixestivo</wf>
         <wf lemma="." pos="X">.</wf>
      </sentence>
      <sentence id="d000.s1852" source="wordnet-galician">
         <wf lemma="collido" pos="X">collido</wf>
         <wf lemma="por" pos="X">por</wf>
         <wf lemma="unha" pos="X">unha</wf>
         <wf lemma="parella" pos="X">parella</wf>
         <wf lemma="de" pos="X">de</wf>
         <wf lemma="policías" pos="X">policías</wf>
         <instance id="d000.s1852.t000" lemma="vixiante" pos="ADJ">vixiantes</instance>
         <wf lemma="." pos="X">.</wf>
      </sentence>
      <sentence id="d000.s1853" source="wordnet-galician">
         <wf lemma="chegaron" pos="X">chegaron</wf>
         <wf lemma="ata" pos="X">ata</wf>
         <wf lemma="as" pos="X">as</wf>
         <wf lemma="súas" pos="X">súas</wf>
         <instance id="d000.s1853.t000" lemma="axila" pos="NOUN">axilas</instance>
         <wf lemma="na" pos="X">na</wf>
         <wf lemma="auga" pos="X">auga</wf>
         <wf lemma="." pos="X">.</wf>
      </sentence>
      <sentence id="d000.s1854" source="wordnet-galician">
         <wf lemma="unha" pos="X">unha</wf>
         <wf lemma="escena" pos="X">escena</wf>
         <instance id="d000.s1854.t000" lemma="agradable" pos="ADJ">agradable</instance>
         <wf lemma="." pos="X">.</wf>
      </sentence>
      <sentence id="d000.s1855" source="wordnet-galician">
         <wf lemma="eliminou" pos="X">eliminou</wf>
         <wf lemma="a" pos="X">a</wf>
         <wf lemma="vexetación" pos="X">vexetación</wf>
         <instance id="d000.s1855.t000" lemma="indesexábel" pos="ADJ">indesexábel</instance>
         <wf lemma="." pos="X">.</wf>
      </sentence>
      <sentence id="d000.s1856" source="wordnet-galician">
         <wf lemma="unha" pos="X">unha</wf>
         <wf lemma="escaseza" pos="X">escaseza</wf>
         <instance id="d000.s1856.t000" lemma="crónico" pos="ADJ">crónica</instance>
         <wf lemma="de" pos="X">de</wf>
         <wf lemma="fondos" pos="X">fondos</wf>
         <wf lemma="." pos="X">.</wf>
      </sentence>
      <sentence id="d000.s1857" source="wordnet-galician">
         <wf lemma="os" pos="X">os</wf>
         <wf lemma="seres" pos="X">seres</wf>
         <wf lemma="humanos" pos="X">humanos</wf>
         <wf lemma="," pos="X">,</wf>
         <wf lemma="os" pos="X">os</wf>
         <wf lemma="animais" pos="X">animais</wf>
         <instance id="d000.s1857.t000" lemma="falante" pos="ADJ">falantes</instance>
         <wf lemma="." pos="X">.</wf>
      </sentence>
      <sentence id="d000.s1858" source="wordnet-galician">
         <wf lemma="alimentos" pos="X">alimentos</wf>
         <instance id="d000.s1858.t000" lemma="insalubre" pos="ADJ">insalubres</instance>
         <wf lemma="." pos="X">.</wf>
      </sentence>
      <sentence id="d000.s1859" source="wordnet-galician">
         <wf lemma="a" pos="X">a</wf>
         <wf lemma="difusión" pos="X">difusión</wf>
         <wf lemma="é" pos="X">é</wf>
         <wf lemma="un" pos="X">un</wf>
         <wf lemma="proceso" pos="X">proceso</wf>
         <instance id="d000.s1859.t000" lemma="exergónico" pos="ADJ">exergónico</instance>
         <wf lemma="." pos="X">.</wf>
      </sentence>
      <sentence id="d000.s1860" source="wordnet-galician">
         <wf lemma="xustiza" pos="X">xustiza</wf>
         <instance id="d000.s1860.t000" lemma="punitivo" pos="ADJ">punitiva</instance>
         <wf lemma="." pos="X">.</wf>
      </sentence>
      <sentence id="d000.s1861" source="wordnet-galician">
         <wf lemma="unha" pos="X">unha</wf>
         <wf lemma="situación" pos="X">situación</wf>
         <instance id="d000.s1861.t000" lemma="desagradable" pos="ADJ">desagradable</instance>
         <wf lemma="." pos="X">.</wf>
      </sentence>
      <sentence id="d000.s1862" source="wordnet-galician">
         <wf lemma="'todas" pos="X">'todas</wf>
         <wf lemma="as" pos="X">as</wf>
         <wf lemma="solteironas" pos="X">solteironas</wf>
         <wf lemma="non" pos="X">non</wf>
         <wf lemma="están" pos="X">están</wf>
         <wf lemma="casadas" pos="X">casadas</wf>
         <wf lemma="'" pos="X">'</wf>
         <wf lemma="é" pos="X">é</wf>
         <wf lemma="unha" pos="X">unha</wf>
         <wf lemma="proposición" pos="X">proposición</wf>
         <instance id="d000.s1862.t000" lemma="analítico" pos="ADJ">analítica</instance>
         <wf lemma="." pos="X">.</wf>
      </sentence>
      <sentence id="d000.s1863" source="wordnet-galician">
         <wf lemma="era" pos="X">era</wf>
         <wf lemma="descoidado" pos="X">descoidado</wf>
         <wf lemma="," pos="X">,</wf>
         <wf lemma="sobre" pos="X">sobre</wf>
         <wf lemma="todo" pos="X">todo</wf>
         <wf lemma="na" pos="X">na</wf>
         <wf lemma="súa" pos="X">súa</wf>
         <wf lemma="aparencia" pos="X">aparencia</wf>
         <instance id="d000.s1863.t000" lemma="físico" pos="ADJ">física</instance>
         <wf lemma="." pos="X">.</wf>
      </sentence>
      <sentence id="d000.s1864" source="wordnet-galician">
         <wf lemma="a" pos="X">a</wf>
         <wf lemma="cuestión" pos="X">cuestión</wf>
         <wf lemma="é" pos="X">é</wf>
         <instance id="d000.s1864.t000" lemma="incerto" pos="ADJ">incerta</instance>
         <wf lemma="." pos="X">.</wf>
      </sentence>
      <sentence id="d000.s1865" source="wordnet-galician">
         <wf lemma="a" pos="X">a</wf>
         <wf lemma="honra" pos="X">honra</wf>
         <wf lemma="bendiciu" pos="X">bendiciu</wf>
         <wf lemma="a" pos="X">a</wf>
         <wf lemma="terra" pos="X">terra</wf>
         <wf lemma="que" pos="X">que</wf>
         <wf lemma="envolve" pos="X">envolve</wf>
         <wf lemma="o" pos="X">o</wf>
         <wf lemma="seu" pos="X">seu</wf>
         <instance id="d000.s1865.t000" lemma="cadáver" pos="NOUN">cadáver</instance>
         <wf lemma="." pos="X">.</wf>
      </sentence>
      <sentence id="d000.s1866" source="wordnet-galician">
         <wf lemma="unidade" pos="X">unidade</wf>
         <instance id="d000.s1866.t000" lemma="inextricable" pos="ADJ">inextricable</instance>
         <wf lemma="." pos="X">.</wf>
      </sentence>
      <sentence id="d000.s1867" source="wordnet-galician">
         <wf lemma="unha" pos="X">unha</wf>
         <wf lemma="casa" pos="X">casa</wf>
         <wf lemma="de" pos="X">de</wf>
         <wf lemma="campo" pos="X">campo</wf>
         <instance id="d000.s1867.t000" lemma="pretensioso" pos="ADJ">pretensiosa</instance>
         <wf lemma="." pos="X">.</wf>
      </sentence>
      <sentence id="d000.s1868" source="wordnet-galician">
         <wf lemma="a" pos="X">a</wf>
         <wf lemma="superficie" pos="X">superficie</wf>
         <instance id="d000.s1868.t000" lemma="aboral" pos="ADJ">aboral</instance>
         <wf lemma="dunha" pos="X">dunha</wf>
         <wf lemma="estrela" pos="X">estrela</wf>
         <wf lemma="de" pos="X">de</wf>
         <wf lemma="mar." pos="X">mar.</wf>
      </sentence>
      <sentence id="d000.s1869" source="wordnet-galician">
         <wf lemma="turistas" pos="X">turistas</wf>
         <wf lemma="ruidosos" pos="X">ruidosos</wf>
         <wf lemma="e" pos="X">e</wf>
         <instance id="d000.s1869.t000" lemma="irreverente" pos="ADJ">irreverentes</instance>
         <wf lemma="." pos="X">.</wf>
      </sentence>
      <sentence id="d000.s1870" source="wordnet-galician">
         <wf lemma="unha" pos="X">unha</wf>
         <instance id="d000.s1870.t000" lemma="novo" pos="ADJ">nova</instance>
         <wf lemma="lei" pos="X">lei</wf>
         <wf lemma="." pos="X">.</wf>
      </sentence>
      <sentence id="d000.s1871" source="wordnet-galician">
         <wf lemma="un" pos="X">un</wf>
         <wf lemma="bote" pos="X">bote</wf>
         <instance id="d000.s1871.t000" lemma="pregable" pos="ADJ">pregable</instance>
         <wf lemma="." pos="X">.</wf>
      </sentence>
      <sentence id="d000.s1872" source="wordnet-galician">
         <wf lemma="unha" pos="X">unha</wf>
         <wf lemma="aparición" pos="X">aparición</wf>
         <instance id="d000.s1872.t000" lemma="anónimo" pos="ADJ">anónima</instance>
         <wf lemma="." pos="X">.</wf>
      </sentence>
      <sentence id="d000.s1873" source="wordnet-galician">
         <wf lemma="a" pos="X">a</wf>
         <wf lemma="súa" pos="X">súa</wf>
         <wf lemma="prosa" pos="X">prosa</wf>
         <instance id="d000.s1873.t000" lemma="puído" pos="ADJ">puída</instance>
         <wf lemma="." pos="X">.</wf>
      </sentence>
      <sentence id="d000.s1874" source="wordnet-galician">
         <wf lemma="as" pos="X">as</wf>
         <wf lemma="liñas" pos="X">liñas</wf>
         <instance id="d000.s1874.t000" lemma="paralelo" pos="ADJ">paralelas</instance>
         <wf lemma="nunca" pos="X">nunca</wf>
         <wf lemma="converxen" pos="X">converxen</wf>
         <wf lemma="." pos="X">.</wf>
      </sentence>
      <sentence id="d000.s1875" source="wordnet-galician">
         <wf lemma="sopa" pos="X">sopa</wf>
         <instance id="d000.s1875.t000" lemma="espeso" pos="ADJ">espesa</instance>
         <wf lemma="." pos="X">.</wf>
      </sentence>
      <sentence id="d000.s1876" source="wordnet-galician">
         <wf lemma="pasou" pos="X">pasou</wf>
         <wf lemma="unha" pos="X">unha</wf>
         <wf lemma="noite" pos="X">noite</wf>
         <instance id="d000.s1876.t000" lemma="tranquilo" pos="ADJ">tranquila</instance>
         <wf lemma="na" pos="X">na</wf>
         <wf lemma="casa" pos="X">casa</wf>
         <wf lemma="." pos="X">.</wf>
      </sentence>
      <sentence id="d000.s1877" source="wordnet-galician">
         <wf lemma="un" pos="X">un</wf>
         <wf lemma="discurso" pos="X">discurso</wf>
         <instance id="d000.s1877.t000" lemma="audaz" pos="ADJ">audaz</instance>
         <wf lemma="." pos="X">.</wf>
      </sentence>
      <sentence id="d000.s1878" source="wordnet-galician">
         <wf lemma="regra" pos="X">regra</wf>
         <instance id="d000.s1878.t000" lemma="violable" pos="ADJ">violable</instance>
         <wf lemma="." pos="X">.</wf>
      </sentence>
      <sentence id="d000.s1879" source="wordnet-galician">
         <wf lemma="os" pos="X">os</wf>
         <wf lemma="países" pos="X">países</wf>
         <instance id="d000.s1879.t000" lemma="ocupado" pos="ADJ">ocupados</instance>
         <wf lemma="de" pos="X">de</wf>
         <wf lemma="Europa" pos="X">Europa</wf>
         <wf lemma="." pos="X">.</wf>
      </sentence>
      <sentence id="d000.s1880" source="wordnet-galician">
         <wf lemma="alimentos" pos="X">alimentos</wf>
         <instance id="d000.s1880.t000" lemma="semellante" pos="ADJ">semellantes</instance>
         <wf lemma="a" pos="X">a</wf>
         <wf lemma="prezos" pos="X">prezos</wf>
         <wf lemma="similares" pos="X">similares</wf>
         <wf lemma="." pos="X">.</wf>
      </sentence>
      <sentence id="d000.s1881" source="wordnet-galician">
         <wf lemma="nun" pos="X">nun</wf>
         <instance id="d000.s1881.t000" lemma="sistema" pos="NOUN">sistema</instance>
         <wf lemma="estático" pos="X">estático</wf>
         <wf lemma="o" pos="X">o</wf>
         <wf lemma="petróleo" pos="X">petróleo</wf>
         <wf lemma="non" pos="X">non</wf>
         <wf lemma="pode" pos="X">pode</wf>
         <wf lemma="ser" pos="X">ser</wf>
         <wf lemma="substituído" pos="X">substituído</wf>
         <wf lemma="por" pos="X">por</wf>
         <wf lemma="auga" pos="X">auga</wf>
         <wf lemma="nunha" pos="X">nunha</wf>
         <wf lemma="superficie" pos="X">superficie</wf>
         <wf lemma="." pos="X">.</wf>
      </sentence>
      <sentence id="d000.s1882" source="wordnet-galician">
         <wf lemma="leis" pos="X">leis</wf>
         <instance id="d000.s1882.t000" lemma="escrito" pos="ADJ">escritas</instance>
         <wf lemma="." pos="X">.</wf>
      </sentence>
      <sentence id="d000.s1883" source="wordnet-galician">
         <wf lemma="unha" pos="X">unha</wf>
         <wf lemma="fórmula" pos="X">fórmula</wf>
         <instance id="d000.s1883.t000" lemma="irredutible" pos="ADJ">irredutible</instance>
         <wf lemma="." pos="X">.</wf>
      </sentence>
      <sentence id="d000.s1884" source="wordnet-galician">
         <wf lemma="o" pos="X">o</wf>
         <wf lemma="repique" pos="X">repique</wf>
         <instance id="d000.s1884.t000" lemma="rítmico" pos="ADJ">rítmico</instance>
         <wf lemma="das" pos="X">das</wf>
         <wf lemma="campás" pos="X">campás</wf>
         <wf lemma="da" pos="X">da</wf>
         <wf lemma="igrexa" pos="X">igrexa</wf>
         <wf lemma="(" pos="X">(</wf>
         <wf lemma="John" pos="X">John</wf>
         <wf lemma="Galsworthy" pos="X">Galsworthy</wf>
         <wf lemma=")" pos="X">)</wf>
         <wf lemma="." pos="X">.</wf>
      </sentence>
      <sentence id="d000.s1885" source="wordnet-galician">
         <instance id="d000.s1885.t000" lemma="medroso" pos="ADJ">medroso</instance>
         <wf lemma="de" pos="X">de</wf>
         <wf lemma="facer" pos="X">facer</wf>
         <wf lemma="preguntas" pos="X">preguntas</wf>
         <wf lemma="." pos="X">.</wf>
      </sentence>
      <sentence id="d000.s1886" source="wordnet-galician">
         <wf lemma="sombras" pos="X">sombras</wf>
         <instance id="d000.s1886.t000" lemma="escuro" pos="ADJ">escuras</instance>
         <wf lemma="." pos="X">.</wf>
      </sentence>
      <sentence id="d000.s1887" source="wordnet-galician">
         <wf lemma="un" pos="X">un</wf>
         <wf lemma="porto" pos="X">porto</wf>
         <instance id="d000.s1887.t000" lemma="cómodo" pos="ADJ">cómodo</instance>
         <wf lemma="." pos="X">.</wf>
      </sentence>
      <sentence id="d000.s1888" source="wordnet-galician">
         <wf lemma="tivo" pos="X">tivo</wf>
         <wf lemma="unha" pos="X">unha</wf>
         <wf lemma="visión" pos="X">visión</wf>
         <instance id="d000.s1888.t000" lemma="optimista" pos="ADJ">optimista</instance>
         <wf lemma="." pos="X">.</wf>
      </sentence>
      <sentence id="d000.s1889" source="wordnet-galician">
         <wf lemma="os" pos="X">os</wf>
         <wf lemma="rubís" pos="X">rubís</wf>
         <wf lemma="son" pos="X">son</wf>
         <instance id="d000.s1889.t000" lemma="xema" pos="NOUN">xemas</instance>
         <wf lemma="." pos="X">.</wf>
      </sentence>
      <sentence id="d000.s1890" source="wordnet-galician">
         <wf lemma="os" pos="X">os</wf>
         <wf lemma="impulsos" pos="X">impulsos</wf>
         <wf lemma="nerviosos" pos="X">nerviosos</wf>
         <wf lemma="establecen" pos="X">establecen</wf>
         <wf lemma="unha" pos="X">unha</wf>
         <instance id="d000.s1890.t000" lemma="sinapse" pos="NOUN">sinapse</instance>
         <wf lemma="por" pos="X">por</wf>
         <wf lemma="medio" pos="X">medio</wf>
         <wf lemma="da" pos="X">da</wf>
         <wf lemma="acción" pos="X">acción</wf>
         <wf lemma="de" pos="X">de</wf>
         <wf lemma="neurotransmisores" pos="X">neurotransmisores</wf>
         <wf lemma="." pos="X">.</wf>
      </sentence>
      <sentence id="d000.s1891" source="wordnet-galician">
         <wf lemma="fixo" pos="X">fixo</wf>
         <wf lemma="un" pos="X">un</wf>
         <instance id="d000.s1891.t000" lemma="bo" pos="ADJ">bo</instance>
         <wf lemma="tempo" pos="X">tempo</wf>
         <wf lemma="no" pos="X">no</wf>
         <wf lemma="partido" pos="X">partido</wf>
         <wf lemma="." pos="X">.</wf>
      </sentence>
      <sentence id="d000.s1892" source="wordnet-galician">
         <wf lemma="diamante" pos="X">diamante</wf>
         <instance id="d000.s1892.t000" lemma="valioso" pos="ADJ">valioso</instance>
         <wf lemma="." pos="X">.</wf>
      </sentence>
      <sentence id="d000.s1893" source="wordnet-galician">
         <wf lemma="a" pos="X">a</wf>
         <wf lemma="súa" pos="X">súa</wf>
         <instance id="d000.s1893.t000" lemma="primeiro" pos="ADJ">primeira</instance>
         <wf lemma="carreira" pos="X">carreira</wf>
         <wf lemma="política" pos="X">política</wf>
         <wf lemma="." pos="X">.</wf>
      </sentence>
      <sentence id="d000.s1894" source="wordnet-galician">
         <wf lemma="o" pos="X">o</wf>
         <wf lemma="sotobosque" pos="X">sotobosque</wf>
         <instance id="d000.s1894.t000" lemma="fentoso" pos="ADJ">fentoso</instance>
         <wf lemma="." pos="X">.</wf>
      </sentence>
      <sentence id="d000.s1895" source="wordnet-galician">
         <wf lemma="os" pos="X">os</wf>
         <wf lemma="americanos" pos="X">americanos</wf>
         <instance id="d000.s1895.t000" lemma="nativo" pos="ADJ">nativos</instance>
         <wf lemma="." pos="X">.</wf>
      </sentence>
      <sentence id="d000.s1896" source="wordnet-galician">
         <wf lemma="unha" pos="X">unha</wf>
         <wf lemma="memoria" pos="X">memoria</wf>
         <instance id="d000.s1896.t000" lemma="esquecedizo" pos="ADJ">esquecediza</instance>
         <wf lemma="." pos="X">.</wf>
      </sentence>
      <sentence id="d000.s1897" source="wordnet-galician">
         <wf lemma="unha" pos="X">unha</wf>
         <wf lemma="persoa" pos="X">persoa</wf>
         <instance id="d000.s1897.t000" lemma="respectable" pos="ADJ">respectable</instance>
         <wf lemma="." pos="X">.</wf>
      </sentence>
      <sentence id="d000.s1898" source="wordnet-galician">
         <wf lemma="unha" pos="X">unha</wf>
         <wf lemma="audiencia" pos="X">audiencia</wf>
         <instance id="d000.s1898.t000" lemma="silencioso" pos="ADJ">silenciosa</instance>
         <wf lemma="no" pos="X">no</wf>
         <wf lemma="concerto" pos="X">concerto</wf>
         <wf lemma="." pos="X">.</wf>
      </sentence>
      <sentence id="d000.s1899" source="wordnet-galician">
         <wf lemma="unha" pos="X">unha</wf>
         <wf lemma="empresa" pos="X">empresa</wf>
         <instance id="d000.s1899.t000" lemma="impersoal" pos="ADJ">impersoal</instance>
         <wf lemma="." pos="X">.</wf>
      </sentence>
      <sentence id="d000.s1900" source="wordnet-galician">
         <wf lemma="as" pos="X">as</wf>
         <wf lemma="facultades" pos="X">facultades</wf>
         <instance id="d000.s1900.t000" lemma="estético" pos="ADJ">estéticas</instance>
         <wf lemma="." pos="X">.</wf>
      </sentence>
      <sentence id="d000.s1901" source="wordnet-galician">
         <wf lemma="a" pos="X">a</wf>
         <wf lemma="idea" pos="X">idea</wf>
         <wf lemma="de" pos="X">de</wf>
         <wf lemma="ter" pos="X">ter</wf>
         <wf lemma="suficiente" pos="X">suficiente</wf>
         <wf lemma="diñeiro" pos="X">diñeiro</wf>
         <wf lemma="para" pos="X">para</wf>
         <wf lemma="xubilarse" pos="X">xubilarse</wf>
         <wf lemma="aos" pos="X">aos</wf>
         <wf lemma="cincuenta" pos="X">cincuenta</wf>
         <wf lemma="anos" pos="X">anos</wf>
         <wf lemma="é" pos="X">é</wf>
         <wf lemma="moi" pos="X">moi</wf>
         <instance id="d000.s1901.t000" lemma="atractivo" pos="ADJ">atractiva</instance>
         <wf lemma="." pos="X">.</wf>
      </sentence>
      <sentence id="d000.s1902" source="wordnet-galician">
         <wf lemma="está" pos="X">está</wf>
         <instance id="d000.s1902.t000" lemma="certo" pos="ADJ">certo</instance>
         <wf lemma="da" pos="X">da</wf>
         <wf lemma="vitoria" pos="X">vitoria</wf>
         <wf lemma="." pos="X">.</wf>
      </sentence>
      <sentence id="d000.s1903" source="wordnet-galician">
         <wf lemma="unha" pos="X">unha</wf>
         <wf lemma="mente" pos="X">mente</wf>
         <instance id="d000.s1903.t000" lemma="retentivo" pos="ADJ">retentiva</instance>
         <wf lemma="." pos="X">.</wf>
      </sentence>
      <sentence id="d000.s1904" source="wordnet-galician">
         <wf lemma="había" pos="X">había</wf>
         <wf lemma="sangue" pos="X">sangue</wf>
         <wf lemma="na" pos="X">na</wf>
         <wf lemma="súa" pos="X">súa</wf>
         <instance id="d000.s1904.t000" lemma="urina" pos="NOUN">urina</instance>
         <wf lemma="." pos="X">.</wf>
      </sentence>
      <sentence id="d000.s1905" source="wordnet-galician">
         <wf lemma="unha" pos="X">unha</wf>
         <wf lemma="paz" pos="X">paz</wf>
         <instance id="d000.s1905.t000" lemma="estable" pos="ADJ">estable</instance>
         <wf lemma="." pos="X">.</wf>
      </sentence>
      <sentence id="d000.s1906" source="wordnet-galician">
         <wf lemma="un" pos="X">un</wf>
         <wf lemma="cambio" pos="X">cambio</wf>
         <instance id="d000.s1906.t000" lemma="significativo" pos="ADJ">significativo</instance>
         <wf lemma="na" pos="X">na</wf>
         <wf lemma="Constitución" pos="X">Constitución</wf>
         <wf lemma="." pos="X">.</wf>
      </sentence>
      <sentence id="d000.s1907" source="wordnet-galician">
         <wf lemma="un" pos="X">un</wf>
         <wf lemma="administrador" pos="X">administrador</wf>
         <instance id="d000.s1907.t000" lemma="sistemático" pos="ADJ">sistemático</instance>
         <wf lemma="." pos="X">.</wf>
      </sentence>
      <sentence id="d000.s1908" source="wordnet-galician">
         <wf lemma="un" pos="X">un</wf>
         <wf lemma="problema" pos="X">problema</wf>
         <instance id="d000.s1908.t000" lemma="sinxelo" pos="ADJ">sinxelo</instance>
         <wf lemma="." pos="X">.</wf>
      </sentence>
      <sentence id="d000.s1909" source="wordnet-galician">
         <wf lemma="un" pos="X">un</wf>
         <wf lemma="abono" pos="X">abono</wf>
         <instance id="d000.s1909.t000" lemma="incompleto" pos="ADJ">incompleto</instance>
         <wf lemma="." pos="X">.</wf>
      </sentence>
      <sentence id="d000.s1910" source="wordnet-galician">
         <wf lemma="un" pos="X">un</wf>
         <wf lemma="garaxe" pos="X">garaxe</wf>
         <instance id="d000.s1910.t000" lemma="individual" pos="ADJ">individual</instance>
         <wf lemma="." pos="X">.</wf>
      </sentence>
      <sentence id="d000.s1911" source="wordnet-galician">
         <wf lemma="membro" pos="X">membro</wf>
         <instance id="d000.s1911.t000" lemma="inactivo" pos="ADJ">inactivo</instance>
         <wf lemma="." pos="X">.</wf>
      </sentence>
      <sentence id="d000.s1912" source="wordnet-galician">
         <wf lemma="unha" pos="X">unha</wf>
         <wf lemma="semana" pos="X">semana</wf>
         <instance id="d000.s1912.t000" lemma="enteiro" pos="ADJ">enteira</instance>
         <wf lemma="." pos="X">.</wf>
      </sentence>
      <sentence id="d000.s1913" source="wordnet-galician">
         <wf lemma="un" pos="X">un</wf>
         <wf lemma="xeito" pos="X">xeito</wf>
         <instance id="d000.s1913.t000" lemma="agradábel" pos="ADJ">agradábel</instance>
         <wf lemma="." pos="X">.</wf>
      </sentence>
      <sentence id="d000.s1914" source="wordnet-galician">
         <wf lemma="un" pos="X">un</wf>
         <wf lemma="gran" pos="X">gran</wf>
         <wf lemma="pobo" pos="X">pobo</wf>
         <wf lemma="," pos="X">,</wf>
         <wf lemma="un" pos="X">un</wf>
         <wf lemma="pobo" pos="X">pobo</wf>
         <instance id="d000.s1914.t000" lemma="negro" pos="ADJ">negro</instance>
         <wf lemma="..." pos="X">...</wf>
         <wf lemma="inxectou" pos="X">inxectou</wf>
         <wf lemma="un" pos="X">un</wf>
         <wf lemma="novo" pos="X">novo</wf>
         <wf lemma="significado" pos="X">significado</wf>
         <wf lemma="e" pos="X">e</wf>
         <wf lemma="dignidade" pos="X">dignidade</wf>
         <wf lemma="nas" pos="X">nas</wf>
         <wf lemma="veas" pos="X">veas</wf>
         <wf lemma="da" pos="X">da</wf>
         <wf lemma="civilización" pos="X">civilización</wf>
         <wf lemma="(" pos="X">(</wf>
         <wf lemma="Martin" pos="X">Martin</wf>
         <wf lemma="Luther" pos="X">Luther</wf>
         <wf lemma="King" pos="X">King</wf>
         <wf lemma="Jr." pos="X">Jr.</wf>
         <wf lemma=")" pos="X">)</wf>
         <wf lemma="." pos="X">.</wf>
      </sentence>
      <sentence id="d000.s1915" source="wordnet-galician">
         <wf lemma="os" pos="X">os</wf>
         <wf lemma="pétalos" pos="X">pétalos</wf>
         <instance id="d000.s1915.t000" lemma="cíclico" pos="ADJ">cíclicos</instance>
         <wf lemma="." pos="X">.</wf>
      </sentence>
      <sentence id="d000.s1916" source="wordnet-galician">
         <wf lemma="a" pos="X">a</wf>
         <instance id="d000.s1916.t000" lemma="bendito" pos="ADJ">bendita</instance>
         <wf lemma="seguridade" pos="X">seguridade</wf>
         <wf lemma="dun" pos="X">dun</wf>
         <wf lemma="ingreso" pos="X">ingreso</wf>
         <wf lemma="estable" pos="X">estable</wf>
         <wf lemma="." pos="X">.</wf>
      </sentence>
      <sentence id="d000.s1917" source="wordnet-galician">
         <wf lemma="'" pos="X">'</wf>
         <wf lemma="ou" pos="X">ou</wf>
         <wf lemma="'" pos="X">'</wf>
         <wf lemma="é" pos="X">é</wf>
         <wf lemma="un" pos="X">un</wf>
         <wf lemma="termo" pos="X">termo</wf>
         <instance id="d000.s1917.t000" lemma="sincategoremático" pos="ADJ">sincategoremático</instance>
         <wf lemma="." pos="X">.</wf>
      </sentence>
      <sentence id="d000.s1918" source="wordnet-galician">
         <wf lemma="procedemento" pos="X">procedemento</wf>
         <instance id="d000.s1918.t000" lemma="estándar" pos="ADJ">estándar</instance>
         <wf lemma="." pos="X">.</wf>
      </sentence>
      <sentence id="d000.s1919" source="wordnet-galician">
         <wf lemma="viven" pos="X">viven</wf>
         <wf lemma="en" pos="X">en</wf>
         <instance id="d000.s1919.t000" lemma="diferente" pos="ADJ">diferentes</instance>
         <wf lemma="partes" pos="X">partes</wf>
         <wf lemma="do" pos="X">do</wf>
         <wf lemma="país" pos="X">país</wf>
         <wf lemma="." pos="X">.</wf>
      </sentence>
      <sentence id="d000.s1920" source="wordnet-galician">
         <wf lemma="estendeu" pos="X">estendeu</wf>
         <wf lemma="a" pos="X">a</wf>
         <wf lemma="súa" pos="X">súa</wf>
         <instance id="d000.s1920.t000" lemma="man" pos="NOUN">man</instance>
         <wf lemma="." pos="X">.</wf>
      </sentence>
      <sentence id="d000.s1921" source="wordnet-galician">
         <wf lemma="humor" pos="X">humor</wf>
         <instance id="d000.s1921.t000" lemma="cambiante" pos="ADJ">cambiante</instance>
         <wf lemma="." pos="X">.</wf>
      </sentence>
      <sentence id="d000.s1922" source="wordnet-galician">
         <wf lemma="a" pos="X">a</wf>
         <wf lemma="guerra" pos="X">guerra</wf>
         <instance id="d000.s1922.t000" lemma="convencional" pos="ADJ">convencional</instance>
         <wf lemma="." pos="X">.</wf>
      </sentence>
      <sentence id="d000.s1923" source="wordnet-galician">
         <wf lemma="un" pos="X">un</wf>
         <wf lemma="antídoto" pos="X">antídoto</wf>
         <instance id="d000.s1923.t000" lemma="infalible" pos="ADJ">infalible</instance>
         <wf lemma="." pos="X">.</wf>
      </sentence>
      <sentence id="d000.s1924" source="wordnet-galician">
         <wf lemma="as" pos="X">as</wf>
         <wf lemma="relacións" pos="X">relacións</wf>
         <wf lemma="foron" pos="X">foron</wf>
         <instance id="d000.s1924.t000" lemma="frío" pos="ADJ">frías</instance>
         <wf lemma="e" pos="X">e</wf>
         <wf lemma="educadas" pos="X">educadas</wf>
         <wf lemma="." pos="X">.</wf>
      </sentence>
      <sentence id="d000.s1925" source="wordnet-galician">
         <wf lemma="os" pos="X">os</wf>
         <wf lemma="mortais" pos="X">mortais</wf>
         <wf lemma="somos" pos="X">somos</wf>
         <instance id="d000.s1925.t000" lemma="imperfecto" pos="ADJ">imperfectos</instance>
         <wf lemma="." pos="X">.</wf>
      </sentence>
      <sentence id="d000.s1926" source="wordnet-galician">
         <wf lemma="reserva" pos="X">reserva</wf>
         <instance id="d000.s1926.t000" lemma="inactivo" pos="ADJ">inactiva</instance>
         <wf lemma="." pos="X">.</wf>
      </sentence>
      <sentence id="d000.s1927" source="wordnet-galician">
         <wf lemma="un" pos="X">un</wf>
         <wf lemma="tema" pos="X">tema</wf>
         <instance id="d000.s1927.t000" lemma="adecuado" pos="ADJ">adecuado</instance>
         <wf lemma="para" pos="X">para</wf>
         <wf lemma="a" pos="X">a</wf>
         <wf lemma="discusión" pos="X">discusión</wf>
         <wf lemma="." pos="X">.</wf>
      </sentence>
      <sentence id="d000.s1928" source="wordnet-galician">
         <wf lemma="unha" pos="X">unha</wf>
         <wf lemma="miraxe" pos="X">miraxe</wf>
         <instance id="d000.s1928.t000" lemma="insubstancial" pos="ADJ">insubstancial</instance>
         <wf lemma="no" pos="X">no</wf>
         <wf lemma="horizonte" pos="X">horizonte</wf>
         <wf lemma="." pos="X">.</wf>
      </sentence>
      <sentence id="d000.s1929" source="wordnet-galician">
         <wf lemma="o" pos="X">o</wf>
         <instance id="d000.s1929.t000" lemma="verdadeiro" pos="ADJ">verdadeiro</instance>
         <wf lemma="significado" pos="X">significado</wf>
         <wf lemma="da" pos="X">da</wf>
         <wf lemma="afirmación" pos="X">afirmación</wf>
         <wf lemma="." pos="X">.</wf>
      </sentence>
      <sentence id="d000.s1930" source="wordnet-galician">
         <wf lemma="os" pos="X">os</wf>
         <wf lemma="barcos" pos="X">barcos</wf>
         <wf lemma="son" pos="X">son</wf>
         <wf lemma="os" pos="X">os</wf>
         <wf lemma="vehículos" pos="X">vehículos</wf>
         <instance id="d000.s1930.t000" lemma="acuático" pos="ADJ">acuáticos</instance>
         <wf lemma="." pos="X">.</wf>
      </sentence>
      <sentence id="d000.s1931" source="wordnet-galician">
         <wf lemma="un" pos="X">un</wf>
         <wf lemma="sorriso" pos="X">sorriso</wf>
         <instance id="d000.s1931.t000" lemma="feliz" pos="ADJ">feliz</instance>
         <wf lemma="." pos="X">.</wf>
      </sentence>
      <sentence id="d000.s1932" source="wordnet-galician">
         <wf lemma="hai" pos="X">hai</wf>
         <wf lemma="noticias" pos="X">noticias</wf>
         <wf lemma="da" pos="X">da</wf>
         <wf lemma="súa" pos="X">súa</wf>
         <instance id="d000.s1932.t000" lemma="próximo" pos="ADJ">próxima</instance>
         <wf lemma="chegada" pos="X">chegada</wf>
         <wf lemma="." pos="X">.</wf>
      </sentence>
      <sentence id="d000.s1933" source="wordnet-galician">
         <wf lemma="coiro" pos="X">coiro</wf>
         <instance id="d000.s1933.t000" lemma="auténtico" pos="ADJ">auténtico</instance>
         <wf lemma="." pos="X">.</wf>
      </sentence>
      <sentence id="d000.s1934" source="wordnet-galician">
         <wf lemma="un" pos="X">un</wf>
         <wf lemma="baño" pos="X">baño</wf>
         <instance id="d000.s1934.t000" lemma="sanitario" pos="ADJ">sanitario</instance>
         <wf lemma="." pos="X">.</wf>
      </sentence>
      <sentence id="d000.s1935" source="wordnet-galician">
         <wf lemma="partido" pos="X">partido</wf>
         <instance id="d000.s1935.t000" lemma="salvaxe" pos="ADJ">salvaxe</instance>
         <wf lemma="." pos="X">.</wf>
      </sentence>
      <sentence id="d000.s1936" source="wordnet-galician">
         <wf lemma="comprensible" pos="X">comprensible</wf>
         <wf lemma="para" pos="X">para</wf>
         <wf lemma="o" pos="X">o</wf>
         <wf lemma="lector" pos="X">lector</wf>
         <instance id="d000.s1936.t000" lemma="xeral" pos="ADJ">xeral</instance>
         <wf lemma="." pos="X">.</wf>
      </sentence>
      <sentence id="d000.s1937" source="wordnet-galician">
         <wf lemma="ten" pos="X">ten</wf>
         <wf lemma="interese" pos="X">interese</wf>
         <wf lemma="nas" pos="X">nas</wf>
         <wf lemma="metas" pos="X">metas</wf>
         <wf lemma="máis" pos="X">máis</wf>
         <instance id="d000.s1937.t000" lemma="próximo" pos="ADJ">próximas</instance>
         <wf lemma="no" pos="X">no</wf>
         <wf lemma="canto" pos="X">canto</wf>
         <wf lemma="das" pos="X">das</wf>
         <wf lemma="máis" pos="X">máis</wf>
         <wf lemma="afastadas" pos="X">afastadas</wf>
         <wf lemma="." pos="X">.</wf>
      </sentence>
      <sentence id="d000.s1938" source="wordnet-galician">
         <wf lemma="a" pos="X">a</wf>
         <wf lemma="novela" pos="X">novela</wf>
         <wf lemma="foi" pos="X">foi</wf>
         <wf lemma="transformada" pos="X">transformada</wf>
         <wf lemma="en" pos="X">en</wf>
         <wf lemma="filme" pos="X">filme</wf>
         <wf lemma="en" pos="X">en</wf>
         <wf lemma="1943" pos="X">1943</wf>
         <wf lemma="e" pos="X">e</wf>
         <wf lemma="novamente" pos="X">novamente</wf>
         <wf lemma="en" pos="X">en</wf>
         <wf lemma="1967" pos="X">1967</wf>
         <wf lemma=";" pos="X">;</wf>
         <wf lemma="eu" pos="X">eu</wf>
         <wf lemma="prefiro" pos="X">prefiro</wf>
         <wf lemma="a" pos="X">a</wf>
         <wf lemma="versión" pos="X">versión</wf>
         <instance id="d000.s1938.t000" lemma="antigo" pos="ADJ">antiga</instance>
         <wf lemma="para" pos="X">para</wf>
         <wf lemma="o" pos="X">o</wf>
         <wf lemma="segundo" pos="X">segundo</wf>
         <wf lemma="." pos="X">.</wf>
      </sentence>
      <sentence id="d000.s1939" source="wordnet-galician">
         <wf lemma="un" pos="X">un</wf>
         <wf lemma="segmento" pos="X">segmento</wf>
         <wf lemma="estreito" pos="X">estreito</wf>
         <wf lemma="do" pos="X">do</wf>
         <wf lemma="mineral" pos="X">mineral</wf>
         <instance id="d000.s1939.t000" lemma="concentrado" pos="ADJ">concentrado</instance>
         <wf lemma="." pos="X">.</wf>
      </sentence>
      <sentence id="d000.s1940" source="wordnet-galician">
         <wf lemma="un" pos="X">un</wf>
         <wf lemma="ben" pos="X">ben</wf>
         <instance id="d000.s1940.t000" lemma="profundo" pos="ADJ">profundo</instance>
         <wf lemma="." pos="X">.</wf>
      </sentence>
      <sentence id="d000.s1941" source="wordnet-galician">
         <wf lemma="un" pos="X">un</wf>
         <wf lemma="día" pos="X">día</wf>
         <wf lemma="de" pos="X">de</wf>
         <wf lemma="outono" pos="X">outono</wf>
         <instance id="d000.s1941.t000" lemma="fresco" pos="ADJ">fresco</instance>
         <wf lemma="." pos="X">.</wf>
      </sentence>
      <sentence id="d000.s1942" source="wordnet-galician">
         <wf lemma="o" pos="X">o</wf>
         <wf lemma="leite" pos="X">leite</wf>
         <wf lemma="materno" pos="X">materno</wf>
         <wf lemma="é" pos="X">é</wf>
         <wf lemma="unha" pos="X">unha</wf>
         <wf lemma="secreción" pos="X">secreción</wf>
         <instance id="d000.s1942.t000" lemma="apócrino" pos="ADJ">apócrina</instance>
         <wf lemma="." pos="X">.</wf>
      </sentence>
      <sentence id="d000.s1943" source="wordnet-galician">
         <wf lemma="as" pos="X">as</wf>
         <wf lemma="grandes" pos="X">grandes</wf>
         <wf lemma="tendencias" pos="X">tendencias</wf>
         <instance id="d000.s1943.t000" lemma="operativo" pos="ADJ">operativas</instance>
         <wf lemma="no" pos="X">no</wf>
         <wf lemma="sistema" pos="X">sistema</wf>
         <wf lemma="político" pos="X">político</wf>
         <wf lemma="americano" pos="X">americano</wf>
         <wf lemma="." pos="X">.</wf>
      </sentence>
      <sentence id="d000.s1944" source="wordnet-galician">
         <wf lemma="un" pos="X">un</wf>
         <wf lemma="veterano" pos="X">veterano</wf>
         <wf lemma="de" pos="X">de</wf>
         <wf lemma="guerra" pos="X">guerra</wf>
         <instance id="d000.s1944.t000" lemma="manco" pos="ADJ">manco</instance>
         <wf lemma="." pos="X">.</wf>
      </sentence>
      <sentence id="d000.s1945" source="wordnet-galician">
         <wf lemma="decisión" pos="X">decisión</wf>
         <instance id="d000.s1945.t000" lemma="unilateral" pos="ADJ">unilateral</instance>
         <wf lemma="." pos="X">.</wf>
      </sentence>
      <sentence id="d000.s1946" source="wordnet-galician">
         <wf lemma="soñadora" pos="X">soñadora</wf>
         <wf lemma="e" pos="X">e</wf>
         <instance id="d000.s1946.t000" lemma="inactivo" pos="ADJ">inactiva</instance>
         <wf lemma="por" pos="X">por</wf>
         <wf lemma="natureza" pos="X">natureza</wf>
         <wf lemma="." pos="X">.</wf>
      </sentence>
      <sentence id="d000.s1947" source="wordnet-galician">
         <wf lemma="tivo" pos="X">tivo</wf>
         <wf lemma="unha" pos="X">unha</wf>
         <wf lemma="vantaxe" pos="X">vantaxe</wf>
         <instance id="d000.s1947.t000" lemma="inxusto" pos="ADJ">inxusta</instance>
         <wf lemma="." pos="X">.</wf>
      </sentence>
      <sentence id="d000.s1948" source="wordnet-galician">
         <wf lemma="nun" pos="X">nun</wf>
         <wf lemma="futuro" pos="X">futuro</wf>
         <instance id="d000.s1948.t000" lemma="próximo" pos="ADJ">próximo</instance>
         <wf lemma="." pos="X">.</wf>
      </sentence>
      <sentence id="d000.s1949" source="wordnet-galician">
         <wf lemma="un" pos="X">un</wf>
         <wf lemma="lugar" pos="X">lugar</wf>
         <instance id="d000.s1949.t000" lemma="seguro" pos="ADJ">seguro</instance>
         <wf lemma="." pos="X">.</wf>
      </sentence>
      <sentence id="d000.s1950" source="wordnet-galician">
         <wf lemma="o" pos="X">o</wf>
         <wf lemma="seu" pos="X">seu</wf>
         <instance id="d000.s1950.t000" lemma="goio" pos="NOUN">goio</instance>
         <wf lemma="apareceu" pos="X">apareceu</wf>
         <wf lemma="cando" pos="X">cando</wf>
         <wf lemma="sorriu" pos="X">sorriu</wf>
         <wf lemma="." pos="X">.</wf>
      </sentence>
      <sentence id="d000.s1951" source="wordnet-galician">
         <wf lemma="o" pos="X">o</wf>
         <wf lemma="paro" pos="X">paro</wf>
         <wf lemma="alcanzou" pos="X">alcanzou</wf>
         <wf lemma="proporcións" pos="X">proporcións</wf>
         <instance id="d000.s1951.t000" lemma="perigoso" pos="ADJ">perigosas</instance>
         <wf lemma="." pos="X">.</wf>
      </sentence>
      <sentence id="d000.s1952" source="wordnet-galician">
         <wf lemma="o" pos="X">o</wf>
         <instance id="d000.s1952.t000" lemma="poliestireno" pos="NOUN">poliestireno</instance>
         <wf lemma="expandido" pos="X">expandido</wf>
         <wf lemma="parécese" pos="X">parécese</wf>
         <wf lemma="a" pos="X">a</wf>
         <wf lemma="unha" pos="X">unha</wf>
         <wf lemma="escuma" pos="X">escuma</wf>
         <wf lemma="ríxida" pos="X">ríxida</wf>
         <wf lemma="branca" pos="X">branca</wf>
         <wf lemma="e" pos="X">e</wf>
         <wf lemma="úsase" pos="X">úsase</wf>
         <wf lemma="coma" pos="X">coma</wf>
         <wf lemma="envase" pos="X">envase</wf>
         <wf lemma="ou" pos="X">ou</wf>
         <wf lemma="o" pos="X">o</wf>
         <wf lemma="illamento" pos="X">illamento</wf>
         <wf lemma="." pos="X">.</wf>
      </sentence>
      <sentence id="d000.s1953" source="wordnet-galician">
         <wf lemma="extensión" pos="X">extensión</wf>
         <wf lemma="fortemente" pos="X">fortemente</wf>
         <instance id="d000.s1953.t000" lemma="arborizado" pos="ADJ">arborizada</instance>
         <wf lemma="." pos="X">.</wf>
      </sentence>
      <sentence id="d000.s1954" source="wordnet-galician">
         <wf lemma="as" pos="X">as</wf>
         <wf lemma="súas" pos="X">súas</wf>
         <wf lemma="respostas" pos="X">respostas</wf>
         <instance id="d000.s1954.t000" lemma="hábil" pos="ADJ">hábiles</instance>
         <wf lemma="para" pos="X">para</wf>
         <wf lemma="provocar" pos="X">provocar</wf>
         <wf lemma="gañaron" pos="X">gañaron</wf>
         <wf lemma="moitos" pos="X">moitos</wf>
         <wf lemma="seguidores" pos="X">seguidores</wf>
         <wf lemma="." pos="X">.</wf>
      </sentence>
      <sentence id="d000.s1955" source="wordnet-galician">
         <wf lemma="algo" pos="X">algo</wf>
         <instance id="d000.s1955.t000" lemma="triste" pos="ADJ">triste</instance>
         <wf lemma="sobre" pos="X">sobre</wf>
         <wf lemma="o" pos="X">o</wf>
         <wf lemma="cuarto" pos="X">cuarto</wf>
         <wf lemma="." pos="X">.</wf>
      </sentence>
      <sentence id="d000.s1956" source="wordnet-galician">
         <wf lemma="os" pos="X">os</wf>
         <wf lemma="gromos" pos="X">gromos</wf>
         <instance id="d000.s1956.t000" lemma="terminal" pos="ADJ">terminais</instance>
         <wf lemma="nunha" pos="X">nunha</wf>
         <wf lemma="póla" pos="X">póla</wf>
         <wf lemma="." pos="X">.</wf>
      </sentence>
      <sentence id="d000.s1957" source="wordnet-galician">
         <wf lemma="a" pos="X">a</wf>
         <wf lemma="sección" pos="X">sección</wf>
         <instance id="d000.s1957.t000" lemma="transmontano" pos="ADJ">transmontana</instance>
         <wf lemma="do" pos="X">do</wf>
         <wf lemma="Estado" pos="X">Estado</wf>
         <wf lemma="." pos="X">.</wf>
      </sentence>
      <sentence id="d000.s1958" source="wordnet-galician">
         <wf lemma="eleccións" pos="X">eleccións</wf>
         <instance id="d000.s1958.t000" lemma="nacional" pos="ADJ">nacionais</instance>
         <wf lemma="." pos="X">.</wf>
      </sentence>
      <sentence id="d000.s1959" source="wordnet-galician">
         <wf lemma="as" pos="X">as</wf>
         <wf lemma="alegacións" pos="X">alegacións</wf>
         <wf lemma="foron" pos="X">foron</wf>
         <instance id="d000.s1959.t000" lemma="irrelevante" pos="ADJ">irrelevantes</instance>
         <wf lemma="." pos="X">.</wf>
      </sentence>
      <sentence id="d000.s1960" source="wordnet-galician">
         <wf lemma="creado" pos="X">creado</wf>
         <wf lemma="para" pos="X">para</wf>
         <wf lemma="ser" pos="X">ser</wf>
         <wf lemma="agresivo" pos="X">agresivo</wf>
         <wf lemma="e" pos="X">e</wf>
         <instance id="d000.s1960.t000" lemma="desafiante" pos="ADJ">desafiante</instance>
         <wf lemma="." pos="X">.</wf>
      </sentence>
      <sentence id="d000.s1961" source="wordnet-galician">
         <wf lemma="era" pos="X">era</wf>
         <wf lemma="unha" pos="X">unha</wf>
         <wf lemma="área" pos="X">área</wf>
         <instance id="d000.s1961.t000" lemma="pobre" pos="ADJ">pobre</instance>
         <wf lemma="en" pos="X">en</wf>
         <wf lemma="madeira" pos="X">madeira</wf>
         <wf lemma="e" pos="X">e</wf>
         <wf lemma="carbón" pos="X">carbón</wf>
         <wf lemma="." pos="X">.</wf>
      </sentence>
      <sentence id="d000.s1962" source="wordnet-galician">
         <wf lemma="un" pos="X">un</wf>
         <wf lemma="orador" pos="X">orador</wf>
         <instance id="d000.s1962.t000" lemma="feliz" pos="ADJ">feliz</instance>
         <wf lemma="." pos="X">.</wf>
      </sentence>
      <sentence id="d000.s1963" source="wordnet-galician">
         <wf lemma="o" pos="X">o</wf>
         <wf lemma="médico" pos="X">médico</wf>
         <wf lemma="prescribiu" pos="X">prescribiu</wf>
         <wf lemma="un" pos="X">un</wf>
         <instance id="d000.s1963.t000" lemma="preparado" pos="NOUN">preparado</instance>
         <wf lemma="comercial" pos="X">comercial</wf>
         <wf lemma="do" pos="X">do</wf>
         <wf lemma="medicamento" pos="X">medicamento</wf>
         <wf lemma="." pos="X">.</wf>
      </sentence>
      <sentence id="d000.s1964" source="wordnet-galician">
         <wf lemma="pasando" pos="X">pasando</wf>
         <wf lemma="de" pos="X">de</wf>
         <wf lemma="sentado" pos="X">sentado</wf>
         <wf lemma="a" pos="X">a</wf>
         <wf lemma="en" pos="X">en</wf>
         <wf lemma="pé" pos="X">pé</wf>
         <wf lemma="," pos="X">,</wf>
         <wf lemma="sen" pos="X">sen</wf>
         <instance id="d000.s1964.t000" lemma="intermedio" pos="ADJ">intermedio</instance>
         <wf lemma="," pos="X">,</wf>
         <wf lemma="empurra" pos="X">empurra</wf>
         <wf lemma="coas" pos="X">coas</wf>
         <wf lemma="mans" pos="X">mans</wf>
         <wf lemma="." pos="X">.</wf>
      </sentence>
      <sentence id="d000.s1965" source="wordnet-galician">
         <wf lemma="a" pos="X">a</wf>
         <instance id="d000.s1965.t000" lemma="mellor" pos="ADJ">mellor</instance>
         <wf lemma="película" pos="X">película</wf>
         <wf lemma="do" pos="X">do</wf>
         <wf lemma="ano" pos="X">ano</wf>
         <wf lemma="." pos="X">.</wf>
      </sentence>
      <sentence id="d000.s1966" source="wordnet-galician">
         <wf lemma="usou" pos="X">usou</wf>
         <wf lemma="métodos" pos="X">métodos</wf>
         <instance id="d000.s1966.t000" lemma="desleal" pos="ADJ">desleais</instance>
         <wf lemma="." pos="X">.</wf>
      </sentence>
      <sentence id="d000.s1967" source="wordnet-galician">
         <wf lemma="terra" pos="X">terra</wf>
         <instance id="d000.s1967.t000" lemma="produtivo" pos="ADJ">produtiva</instance>
         <wf lemma="." pos="X">.</wf>
      </sentence>
      <sentence id="d000.s1968" source="wordnet-galician">
         <wf lemma="unha" pos="X">unha</wf>
         <wf lemma="presentación" pos="X">presentación</wf>
         <wf lemma="ampulosa" pos="X">ampulosa</wf>
         <wf lemma="e" pos="X">e</wf>
         <instance id="d000.s1968.t000" lemma="incoherente" pos="ADJ">incoherente</instance>
         <wf lemma="." pos="X">.</wf>
      </sentence>
      <sentence id="d000.s1969" source="wordnet-galician">
         <wf lemma="unha" pos="X">unha</wf>
         <wf lemma="operación" pos="X">operación</wf>
         <instance id="d000.s1969.t000" lemma="exploratorio" pos="ADJ">exploratoria</instance>
         <wf lemma="." pos="X">.</wf>
      </sentence>
      <sentence id="d000.s1970" source="wordnet-galician">
         <wf lemma="ela" pos="X">ela</wf>
         <wf lemma="esperaba" pos="X">esperaba</wf>
         <wf lemma="que" pos="X">que</wf>
         <wf lemma="os" pos="X">os</wf>
         <wf lemma="convidados" pos="X">convidados</wf>
         <wf lemma="fosen" pos="X">fosen</wf>
         <instance id="d000.s1970.t000" lemma="puntual" pos="ADJ">puntuais</instance>
         <wf lemma="á" pos="X">á</wf>
         <wf lemma="comida" pos="X">comida</wf>
         <wf lemma="." pos="X">.</wf>
      </sentence>
      <sentence id="d000.s1971" source="wordnet-galician">
         <instance id="d000.s1971.t000" lemma="insensible" pos="ADJ">insensible</instance>
         <wf lemma="á" pos="X">á</wf>
         <wf lemma="dor" pos="X">dor</wf>
         <wf lemma="." pos="X">.</wf>
      </sentence>
      <sentence id="d000.s1972" source="wordnet-galician">
         <wf lemma="estar" pos="X">estar</wf>
         <wf lemma="alerta" pos="X">alerta</wf>
         <wf lemma="durante" pos="X">durante</wf>
         <wf lemma="a" pos="X">a</wf>
         <wf lemma="noite" pos="X">noite</wf>
         <wf lemma="," pos="X">,</wf>
         <wf lemma="especialmente" pos="X">especialmente</wf>
         <wf lemma="en" pos="X">en</wf>
         <wf lemma="ambientes" pos="X">ambientes</wf>
         <instance id="d000.s1972.t000" lemma="descoñecido" pos="ADJ">descoñecidos</instance>
         <wf lemma="." pos="X">.</wf>
      </sentence>
      <sentence id="d000.s1973" source="wordnet-galician">
         <wf lemma="unha" pos="X">unha</wf>
         <wf lemma="rexión" pos="X">rexión</wf>
         <wf lemma="de" pos="X">de</wf>
         <wf lemma="clima" pos="X">clima</wf>
         <instance id="d000.s1973.t000" lemma="temperado" pos="ADJ">temperado</instance>
         <wf lemma="." pos="X">.</wf>
      </sentence>
      <sentence id="d000.s1974" source="wordnet-galician">
         <wf lemma="obxectos" pos="X">obxectos</wf>
         <instance id="d000.s1974.t000" lemma="fráxil" pos="ADJ">fráxiles</instance>
         <wf lemma="deben" pos="X">deben</wf>
         <wf lemma="ser" pos="X">ser</wf>
         <wf lemma="embalados" pos="X">embalados</wf>
         <wf lemma="coidadosamente" pos="X">coidadosamente</wf>
         <wf lemma="." pos="X">.</wf>
      </sentence>
      <sentence id="d000.s1975" source="wordnet-galician">
         <wf lemma="os" pos="X">os</wf>
         <wf lemma="acusadores" pos="X">acusadores</wf>
         <instance id="d000.s1975.t000" lemma="anónimo" pos="ADJ">anónimos</instance>
         <wf lemma="do" pos="X">do</wf>
         <wf lemma="estado" pos="X">estado</wf>
         <wf lemma="policial" pos="X">policial</wf>
         <wf lemma="." pos="X">.</wf>
      </sentence>
      <sentence id="d000.s1976" source="wordnet-galician">
         <wf lemma="dor" pos="X">dor</wf>
         <instance id="d000.s1976.t000" lemma="intratable" pos="ADJ">intratable</instance>
         <wf lemma="." pos="X">.</wf>
      </sentence>
      <sentence id="d000.s1977" source="wordnet-galician">
         <wf lemma="os" pos="X">os</wf>
         <wf lemma="nenos" pos="X">nenos</wf>
         <instance id="d000.s1977.t000" lemma="submiso" pos="ADJ">submisos</instance>
         <wf lemma="coa" pos="X">coa</wf>
         <wf lemma="vontade" pos="X">vontade</wf>
         <wf lemma="dos" pos="X">dos</wf>
         <wf lemma="pais" pos="X">pais</wf>
         <wf lemma="." pos="X">.</wf>
      </sentence>
      <sentence id="d000.s1978" source="wordnet-galician">
         <wf lemma="os" pos="X">os</wf>
         <wf lemma="círculos" pos="X">círculos</wf>
         <instance id="d000.s1978.t000" lemma="concéntrico" pos="ADJ">concéntricos</instance>
         <wf lemma="." pos="X">.</wf>
      </sentence>
      <sentence id="d000.s1979" source="wordnet-galician">
         <wf lemma="os" pos="X">os</wf>
         <wf lemma="equipos" pos="X">equipos</wf>
         <instance id="d000.s1979.t000" lemma="inservible" pos="ADJ">inservibles</instance>
         <wf lemma="poden" pos="X">poden</wf>
         <wf lemma="ser" pos="X">ser</wf>
         <wf lemma="substituídos" pos="X">substituídos</wf>
         <wf lemma="." pos="X">.</wf>
      </sentence>
      <sentence id="d000.s1980" source="wordnet-galician">
         <wf lemma="a" pos="X">a</wf>
         <wf lemma="escena" pos="X">escena</wf>
         <instance id="d000.s1980.t000" lemma="inicial" pos="ADJ">inicial</instance>
         <wf lemma="do" pos="X">do</wf>
         <wf lemma="xogo" pos="X">xogo</wf>
         <wf lemma="." pos="X">.</wf>
      </sentence>
      <sentence id="d000.s1981" source="wordnet-galician">
         <wf lemma="era" pos="X">era</wf>
         <instance id="d000.s1981.t000" lemma="paciente" pos="ADJ">paciente</instance>
         <wf lemma="cos" pos="X">cos</wf>
         <wf lemma="nenos" pos="X">nenos</wf>
         <wf lemma="." pos="X">.</wf>
      </sentence>
      <sentence id="d000.s1982" source="wordnet-galician">
         <wf lemma="condicións" pos="X">condicións</wf>
         <wf lemma="de" pos="X">de</wf>
         <wf lemma="vida" pos="X">vida</wf>
         <instance id="d000.s1982.t000" lemma="satisfactorio" pos="ADJ">satisfactorias</instance>
         <wf lemma="." pos="X">.</wf>
      </sentence>
      <sentence id="d000.s1983" source="wordnet-galician">
         <wf lemma="un" pos="X">un</wf>
         <wf lemma="ben" pos="X">ben</wf>
         <instance id="d000.s1983.t000" lemma="inesgotable" pos="ADJ">inesgotable</instance>
         <wf lemma="." pos="X">.</wf>
      </sentence>
      <sentence id="d000.s1984" source="wordnet-galician">
         <wf lemma="un" pos="X">un</wf>
         <wf lemma="risco" pos="X">risco</wf>
         <instance id="d000.s1984.t000" lemma="asegurado" pos="ADJ">asegurado</instance>
         <wf lemma="." pos="X">.</wf>
      </sentence>
      <sentence id="d000.s1985" source="wordnet-galician">
         <wf lemma="unha" pos="X">unha</wf>
         <wf lemma="pintura" pos="X">pintura</wf>
         <instance id="d000.s1985.t000" lemma="típico" pos="ADJ">típica</instance>
         <wf lemma="da" pos="X">da</wf>
         <wf lemma="escola" pos="X">escola</wf>
         <wf lemma="impresionista" pos="X">impresionista</wf>
         <wf lemma="." pos="X">.</wf>
      </sentence>
      <sentence id="d000.s1986" source="wordnet-galician">
         <wf lemma="servir" pos="X">servir</wf>
         <wf lemma="o" pos="X">o</wf>
         <wf lemma="viño" pos="X">viño</wf>
         <wf lemma="a" pos="X">a</wf>
         <wf lemma="temperatura" pos="X">temperatura</wf>
         <wf lemma="ambiente" pos="X">ambiente</wf>
         <instance id="d000.s1986.t000" lemma="normal" pos="ADJ">normal</instance>
         <wf lemma="." pos="X">.</wf>
      </sentence>
      <sentence id="d000.s1987" source="wordnet-galician">
         <wf lemma="lingüística" pos="X">lingüística</wf>
         <instance id="d000.s1987.t000" lemma="sincrónico" pos="ADJ">sincrónica</instance>
         <wf lemma="." pos="X">.</wf>
      </sentence>
      <sentence id="d000.s1988" source="wordnet-galician">
         <wf lemma="o" pos="X">o</wf>
         <wf lemma="artista" pos="X">artista</wf>
         <wf lemma="parecía" pos="X">parecía</wf>
         <instance id="d000.s1988.t000" lemma="sereno" pos="ADJ">sereno</instance>
         <wf lemma="completamente" pos="X">completamente</wf>
         <wf lemma="cando" pos="X">cando</wf>
         <wf lemma="pisou" pos="X">pisou</wf>
         <wf lemma="o" pos="X">o</wf>
         <wf lemma="escenario" pos="X">escenario</wf>
         <wf lemma="." pos="X">.</wf>
      </sentence>
      <sentence id="d000.s1989" source="wordnet-galician">
         <wf lemma="un" pos="X">un</wf>
         <wf lemma="dos" pos="X">dos</wf>
         <instance id="d000.s1989.t000" lemma="primeiro" pos="ADJ">primeiros</instance>
         <wf lemma="ordenadores" pos="X">ordenadores</wf>
         <wf lemma="." pos="X">.</wf>
      </sentence>
      <sentence id="d000.s1990" source="wordnet-galician">
         <wf lemma="as" pos="X">as</wf>
         <wf lemma="ilustracións" pos="X">ilustracións</wf>
         <wf lemma="que" pos="X">que</wf>
         <wf lemma="fixeron" pos="X">fixeron</wf>
         <wf lemma="do" pos="X">do</wf>
         <wf lemma="libro" pos="X">libro</wf>
         <wf lemma="un" pos="X">un</wf>
         <wf lemma="éxito" pos="X">éxito</wf>
         <instance id="d000.s1990.t000" lemma="estético" pos="ADJ">estético</instance>
         <wf lemma="." pos="X">.</wf>
      </sentence>
      <sentence id="d000.s1991" source="wordnet-galician">
         <wf lemma="as" pos="X">as</wf>
         <wf lemma="relixións" pos="X">relixións</wf>
         <instance id="d000.s1991.t000" lemma="oriental" pos="ADJ">orientais</instance>
         <wf lemma="." pos="X">.</wf>
      </sentence>
      <sentence id="d000.s1992" source="wordnet-galician">
         <wf lemma="un" pos="X">un</wf>
         <wf lemma="peixe" pos="X">peixe</wf>
         <wf lemma="plano" pos="X">plano</wf>
         <instance id="d000.s1992.t000" lemma="dextro" pos="ADJ">dextro</instance>
         <wf lemma="está" pos="X">está</wf>
         <wf lemma="co" pos="X">co</wf>
         <wf lemma="seu" pos="X">seu</wf>
         <wf lemma="ollo" pos="X">ollo</wf>
         <wf lemma="dereito" pos="X">dereito</wf>
         <wf lemma="máis" pos="X">máis</wf>
         <wf lemma="alto" pos="X">alto</wf>
         <wf lemma="." pos="X">.</wf>
      </sentence>
      <sentence id="d000.s1993" source="wordnet-galician">
         <wf lemma="el" pos="X">el</wf>
         <wf lemma="quedou" pos="X">quedou</wf>
         <wf lemma="parado" pos="X">parado</wf>
         <wf lemma="," pos="X">,</wf>
         <wf lemma="o" pos="X">o</wf>
         <instance id="d000.s1993.t000" lemma="corazón" pos="NOUN">corazón</instance>
         <wf lemma="estaba" pos="X">estaba</wf>
         <wf lemma="batendo" pos="X">batendo</wf>
         <wf lemma="incontroladamente" pos="X">incontroladamente</wf>
         <wf lemma="." pos="X">.</wf>
      </sentence>
      <sentence id="d000.s1994" source="wordnet-galician">
         <wf lemma="unha" pos="X">unha</wf>
         <wf lemma="política" pos="X">política</wf>
         <wf lemma="que" pos="X">que</wf>
         <wf lemma="é" pos="X">é</wf>
         <instance id="d000.s1994.t000" lemma="destrutivo" pos="ADJ">destrutiva</instance>
         <wf lemma="para" pos="X">para</wf>
         <wf lemma="a" pos="X">a</wf>
         <wf lemma="economía" pos="X">economía</wf>
         <wf lemma="." pos="X">.</wf>
      </sentence>
      <sentence id="d000.s1995" source="wordnet-galician">
         <wf lemma="obxectos" pos="X">obxectos</wf>
         <instance id="d000.s1995.t000" lemma="ordinario" pos="ADJ">ordinarios</instance>
         <wf lemma="de" pos="X">de</wf>
         <wf lemma="uso" pos="X">uso</wf>
         <wf lemma="cotián" pos="X">cotián</wf>
         <wf lemma="." pos="X">.</wf>
      </sentence>
      <sentence id="d000.s1996" source="wordnet-galician">
         <wf lemma="somos" pos="X">somos</wf>
         <instance id="d000.s1996.t000" lemma="consciente" pos="ADJ">conscientes</instance>
         <wf lemma="das" pos="X">das</wf>
         <wf lemma="nosas" pos="X">nosas</wf>
         <wf lemma="responsabilidades" pos="X">responsabilidades</wf>
         <wf lemma="." pos="X">.</wf>
      </sentence>
      <sentence id="d000.s1997" source="wordnet-galician">
         <wf lemma="movementos" pos="X">movementos</wf>
         <instance id="d000.s1997.t000" lemma="repetitivo" pos="ADJ">repetitivos</instance>
         <wf lemma="." pos="X">.</wf>
      </sentence>
      <sentence id="d000.s1998" source="wordnet-galician">
         <wf lemma="a" pos="X">a</wf>
         <wf lemma="súa" pos="X">súa</wf>
         <wf lemma="mala" pos="X">mala</wf>
         <wf lemma="oclusión" pos="X">oclusión</wf>
         <wf lemma="causouna" pos="X">causouna</wf>
         <wf lemma="a" pos="X">a</wf>
         <wf lemma="mala" pos="X">mala</wf>
         <wf lemma="posición" pos="X">posición</wf>
         <wf lemma="dos" pos="X">dos</wf>
         <instance id="d000.s1998.t000" lemma="incisivo" pos="NOUN">incisivos</instance>
         <wf lemma="." pos="X">.</wf>
      </sentence>
      <sentence id="d000.s1999" source="wordnet-galician">
         <wf lemma="comidas" pos="X">comidas</wf>
         <instance id="d000.s1999.t000" lemma="regular" pos="ADJ">regulares</instance>
         <wf lemma="." pos="X">.</wf>
      </sentence>
      <sentence id="d000.s2000" source="wordnet-galician">
         <wf lemma="unha" pos="X">unha</wf>
         <wf lemma="lei" pos="X">lei</wf>
         <instance id="d000.s2000.t000" lemma="inaplicable" pos="ADJ">inaplicable</instance>
         <wf lemma="." pos="X">.</wf>
      </sentence>
      <sentence id="d000.s2001" source="wordnet-galician">
         <wf lemma="gansos" pos="X">gansos</wf>
         <instance id="d000.s2001.t000" lemma="salvaxe" pos="ADJ">salvaxes</instance>
         <wf lemma="." pos="X">.</wf>
      </sentence>
      <sentence id="d000.s2002" source="wordnet-galician">
         <wf lemma="unha" pos="X">unha</wf>
         <wf lemma="cidade" pos="X">cidade</wf>
         <wf lemma="sometida" pos="X">sometida</wf>
         <wf lemma="a" pos="X">a</wf>
         <wf lemma="bombardeos" pos="X">bombardeos</wf>
         <instance id="d000.s2002.t000" lemma="esporádico" pos="ADJ">esporádicos</instance>
         <wf lemma="." pos="X">.</wf>
      </sentence>
      <sentence id="d000.s2003" source="wordnet-galician">
         <wf lemma="un" pos="X">un</wf>
         <wf lemma="electrón" pos="X">electrón</wf>
         <instance id="d000.s2003.t000" lemma="libre" pos="ADJ">libre</instance>
         <wf lemma="." pos="X">.</wf>
      </sentence>
      <sentence id="d000.s2004" source="wordnet-galician">
         <wf lemma="unha" pos="X">unha</wf>
         <wf lemma="peza" pos="X">peza</wf>
         <instance id="d000.s2004.t000" lemma="saboroso" pos="ADJ">saborosa</instance>
         <wf lemma="." pos="X">.</wf>
      </sentence>
      <sentence id="d000.s2005" source="wordnet-galician">
         <wf lemma="teño" pos="X">teño</wf>
         <wf lemma="unha" pos="X">unha</wf>
         <wf lemma="hora" pos="X">hora</wf>
         <instance id="d000.s2005.t000" lemma="libre" pos="ADJ">libre</instance>
         <wf lemma="." pos="X">.</wf>
      </sentence>
      <sentence id="d000.s2006" source="wordnet-galician">
         <wf lemma="pasa" pos="X">pasa</wf>
         <wf lemma="por" pos="X">por</wf>
         <wf lemma="un" pos="X">un</wf>
         <wf lemma="terrible" pos="X">terrible</wf>
         <wf lemma="estado" pos="X">estado</wf>
         <instance id="d000.s2006.t000" lemma="mental" pos="ADJ">mental</instance>
         <wf lemma="." pos="X">.</wf>
      </sentence>
      <sentence id="d000.s2007" source="wordnet-galician">
         <wf lemma="un" pos="X">un</wf>
         <wf lemma="traxe" pos="X">traxe</wf>
         <wf lemma="cun" pos="X">cun</wf>
         <instance id="d000.s2007.t000" lemma="mellor" pos="ADJ">mellor</instance>
         <wf lemma="axuste" pos="X">axuste</wf>
         <wf lemma="." pos="X">.</wf>
      </sentence>
      <sentence id="d000.s2008" source="wordnet-galician">
         <wf lemma="os" pos="X">os</wf>
         <wf lemma="nenos" pos="X">nenos</wf>
         <wf lemma="son" pos="X">son</wf>
         <wf lemma="moitas" pos="X">moitas</wf>
         <wf lemma="veces" pos="X">veces</wf>
         <wf lemma="os" pos="X">os</wf>
         <wf lemma="membros" pos="X">membros</wf>
         <wf lemma="máis" pos="X">máis</wf>
         <wf lemma="rápidos" pos="X">rápidos</wf>
         <wf lemma="e" pos="X">e</wf>
         <instance id="d000.s2008.t000" lemma="sensible" pos="ADJ">sensibles</instance>
         <wf lemma="da" pos="X">da</wf>
         <wf lemma="sociedade" pos="X">sociedade</wf>
         <wf lemma="." pos="X">.</wf>
      </sentence>
      <sentence id="d000.s2009" source="wordnet-galician">
         <wf lemma="intelixencia" pos="X">intelixencia</wf>
         <instance id="d000.s2009.t000" lemma="normal" pos="ADJ">normal</instance>
         <wf lemma="." pos="X">.</wf>
      </sentence>
      <sentence id="d000.s2010" source="wordnet-galician">
         <wf lemma="Como" pos="X">Como</wf>
         <wf lemma="horror" pos="X">horror</wf>
         <wf lemma="," pos="X">,</wf>
         <wf lemma="o" pos="X">o</wf>
         <wf lemma="apartheid" pos="X">apartheid</wf>
         <wf lemma="..." pos="X">...</wf>
         <wf lemma="é" pos="X">é</wf>
         <wf lemma="absolutamente" pos="X">absolutamente</wf>
         <instance id="d000.s2010.t000" lemma="inequívoco" pos="ADJ">inequívoco</instance>
         <wf lemma="(" pos="X">(</wf>
         <wf lemma="Mario" pos="X">Mario</wf>
         <wf lemma="Vargas" pos="X">Vargas</wf>
         <wf lemma="Llosa" pos="X">Llosa</wf>
         <wf lemma=")" pos="X">)</wf>
         <wf lemma="." pos="X">.</wf>
      </sentence>
      <sentence id="d000.s2011" source="wordnet-galician">
         <wf lemma="usou" pos="X">usou</wf>
         <wf lemma="unha" pos="X">unha</wf>
         <instance id="d000.s2011.t000" lemma="guata" pos="NOUN">guata</instance>
         <wf lemma="de" pos="X">de</wf>
         <wf lemma="algodón" pos="X">algodón</wf>
         <wf lemma="para" pos="X">para</wf>
         <wf lemma="limpar" pos="X">limpar</wf>
         <wf lemma="o" pos="X">o</wf>
         <wf lemma="balcón" pos="X">balcón</wf>
         <wf lemma="." pos="X">.</wf>
      </sentence>
      <sentence id="d000.s2012" source="wordnet-galician">
         <wf lemma="medo" pos="X">medo</wf>
         <instance id="d000.s2012.t000" lemma="irracional" pos="ADJ">irracional</instance>
         <wf lemma="." pos="X">.</wf>
      </sentence>
      <sentence id="d000.s2013" source="wordnet-galician">
         <wf lemma="o" pos="X">o</wf>
         <wf lemma="paso" pos="X">paso</wf>
         <wf lemma="de" pos="X">de</wf>
         <wf lemma="violín" pos="X">violín</wf>
         <instance id="d000.s2013.t000" lemma="delicado" pos="ADJ">delicado</instance>
         <wf lemma="." pos="X">.</wf>
      </sentence>
      <sentence id="d000.s2014" source="wordnet-galician">
         <wf lemma="unha" pos="X">unha</wf>
         <wf lemma="escaseza" pos="X">escaseza</wf>
         <wf lemma="de" pos="X">de</wf>
         <wf lemma="bebés" pos="X">bebés</wf>
         <instance id="d000.s2014.t000" lemma="adoptable" pos="ADJ">adoptables</instance>
         <wf lemma="." pos="X">.</wf>
      </sentence>
      <sentence id="d000.s2015" source="wordnet-galician">
         <wf lemma="unha" pos="X">unha</wf>
         <wf lemma="montaña" pos="X">montaña</wf>
         <instance id="d000.s2015.t000" lemma="nu" pos="ADJ">núa</instance>
         <wf lemma="." pos="X">.</wf>
      </sentence>
      <sentence id="d000.s2016" source="wordnet-galician">
         <wf lemma="ela" pos="X">ela</wf>
         <wf lemma="sentiuse" pos="X">sentiuse</wf>
         <instance id="d000.s2016.t000" lemma="cómodo" pos="ADJ">cómoda</instance>
         <wf lemma="cos" pos="X">cos</wf>
         <wf lemma="pais" pos="X">pais</wf>
         <wf lemma="do" pos="X">do</wf>
         <wf lemma="noivo" pos="X">noivo</wf>
         <wf lemma="." pos="X">.</wf>
      </sentence>
      <sentence id="d000.s2017" source="wordnet-galician">
         <wf lemma="cun" pos="X">cun</wf>
         <wf lemma="vestido" pos="X">vestido</wf>
         <wf lemma="ao" pos="X">ao</wf>
         <wf lemma="que" pos="X">que</wf>
         <wf lemma="se" pos="X">se</wf>
         <wf lemma="lle" pos="X">lle</wf>
         <wf lemma="acaba" pos="X">acaba</wf>
         <wf lemma="de" pos="X">de</wf>
         <wf lemma="pasar" pos="X">pasar</wf>
         <wf lemma="o" pos="X">o</wf>
         <wf lemma="ferro" pos="X">ferro</wf>
         <wf lemma="e" pos="X">e</wf>
         <wf lemma="cos" pos="X">cos</wf>
         <wf lemma="zapatos" pos="X">zapatos</wf>
         <instance id="d000.s2017.t000" lemma="puído" pos="ADJ">puídos</instance>
         <wf lemma="." pos="X">.</wf>
      </sentence>
      <sentence id="d000.s2018" source="wordnet-galician">
         <wf lemma="un" pos="X">un</wf>
         <wf lemma="truco" pos="X">truco</wf>
         <wf lemma="sucio" pos="X">sucio</wf>
         <wf lemma="e" pos="X">e</wf>
         <instance id="d000.s2018.t000" lemma="desagradable" pos="ADJ">desagradable</instance>
         <wf lemma="." pos="X">.</wf>
      </sentence>
      <sentence id="d000.s2019" source="wordnet-galician">
         <wf lemma="unha" pos="X">unha</wf>
         <wf lemma="cheminea" pos="X">cheminea</wf>
         <instance id="d000.s2019.t000" lemma="pequeno" pos="ADJ">pequena</instance>
         <wf lemma="." pos="X">.</wf>
      </sentence>
      <sentence id="d000.s2020" source="wordnet-galician">
         <wf lemma="un" pos="X">un</wf>
         <wf lemma="cheque" pos="X">cheque</wf>
         <instance id="d000.s2020.t000" lemma="pago" pos="ADJ">pago</instance>
         <wf lemma="." pos="X">.</wf>
      </sentence>
      <sentence id="d000.s2021" source="wordnet-galician">
         <wf lemma="xa" pos="X">xa</wf>
         <wf lemma="está" pos="X">está</wf>
         <instance id="d000.s2021.t000" lemma="preparado" pos="ADJ">preparado</instance>
         <wf lemma="para" pos="X">para</wf>
         <wf lemma="aprender" pos="X">aprender</wf>
         <wf lemma="a" pos="X">a</wf>
         <wf lemma="ler" pos="X">ler</wf>
         <wf lemma="." pos="X">.</wf>
      </sentence>
      <sentence id="d000.s2022" source="wordnet-galician">
         <wf lemma="lamentou" pos="X">lamentou</wf>
         <wf lemma="a" pos="X">a</wf>
         <wf lemma="grande" pos="X">grande</wf>
         <wf lemma="distancia" pos="X">distancia</wf>
         <wf lemma="que" pos="X">que</wf>
         <wf lemma="existe" pos="X">existe</wf>
         <wf lemma="entre" pos="X">entre</wf>
         <wf lemma="países" pos="X">países</wf>
         <wf lemma="ricos" pos="X">ricos</wf>
         <wf lemma="e" pos="X">e</wf>
         <instance id="d000.s2022.t000" lemma="pobre" pos="ADJ">pobres</instance>
         <wf lemma="." pos="X">.</wf>
      </sentence>
      <sentence id="d000.s2023" source="wordnet-galician">
         <wf lemma="pago" pos="X">pago</wf>
         <instance id="d000.s2023.t000" lemma="puntual" pos="ADJ">puntual</instance>
         <wf lemma="." pos="X">.</wf>
      </sentence>
      <sentence id="d000.s2024" source="wordnet-galician">
         <wf lemma="un" pos="X">un</wf>
         <wf lemma="técnico" pos="X">técnico</wf>
         <instance id="d000.s2024.t000" lemma="destro" pos="ADJ">destro</instance>
         <wf lemma="." pos="X">.</wf>
      </sentence>
      <sentence id="d000.s2025" source="wordnet-galician">
         <wf lemma="os" pos="X">os</wf>
         <wf lemma="pés" pos="X">pés</wf>
         <instance id="d000.s2025.t000" lemma="alado" pos="ADJ">alados</instance>
         <wf lemma="de" pos="X">de</wf>
         <wf lemma="Mercurio" pos="X">Mercurio</wf>
         <wf lemma="." pos="X">.</wf>
      </sentence>
      <sentence id="d000.s2026" source="wordnet-galician">
         <instance id="d000.s2026.t000" lemma="capaz" pos="ADJ">capaz</instance>
         <wf lemma="de" pos="X">de</wf>
         <wf lemma="andar" pos="X">andar</wf>
         <wf lemma="sobre" pos="X">sobre</wf>
         <wf lemma="dous" pos="X">dous</wf>
         <wf lemma="pés" pos="X">pés</wf>
         <wf lemma="." pos="X">.</wf>
      </sentence>
      <sentence id="d000.s2027" source="wordnet-galician">
         <wf lemma="unha" pos="X">unha</wf>
         <wf lemma="persoa" pos="X">persoa</wf>
         <wf lemma="agradable" pos="X">agradable</wf>
         <wf lemma="e" pos="X">e</wf>
         <instance id="d000.s2027.t000" lemma="accesible" pos="ADJ">accesible</instance>
         <wf lemma="." pos="X">.</wf>
      </sentence>
      <sentence id="d000.s2028" source="wordnet-galician">
         <wf lemma="un" pos="X">un</wf>
         <wf lemma="círculo" pos="X">círculo</wf>
         <instance id="d000.s2028.t000" lemma="perfecto" pos="ADJ">perfecto</instance>
         <wf lemma="." pos="X">.</wf>
      </sentence>
      <sentence id="d000.s2029" source="wordnet-galician">
         <wf lemma="un" pos="X">un</wf>
         <wf lemma="futuro" pos="X">futuro</wf>
         <instance id="d000.s2029.t000" lemma="inseguro" pos="ADJ">inseguro</instance>
         <wf lemma="." pos="X">.</wf>
      </sentence>
      <sentence id="d000.s2030" source="wordnet-galician">
         <wf lemma="unha" pos="X">unha</wf>
         <wf lemma="parella" pos="X">parella</wf>
         <instance id="d000.s2030.t000" lemma="infértil" pos="ADJ">infértil</instance>
         <wf lemma="." pos="X">.</wf>
      </sentence>
      <sentence id="d000.s2031" source="wordnet-galician">
         <wf lemma="a" pos="X">a</wf>
         <wf lemma="pregunta" pos="X">pregunta</wf>
         <instance id="d000.s2031.t000" lemma="directo" pos="ADJ">directa</instance>
         <wf lemma="." pos="X">.</wf>
      </sentence>
      <sentence id="d000.s2032" source="wordnet-galician">
         <wf lemma="rexións" pos="X">rexións</wf>
         <wf lemma="ricas" pos="X">ricas</wf>
         <wf lemma="en" pos="X">en</wf>
         <wf lemma="produtos" pos="X">produtos</wf>
         <wf lemma="de" pos="X">de</wf>
         <wf lemma="orixe" pos="X">orixe</wf>
         <instance id="d000.s2032.t000" lemma="vexetal" pos="ADJ">vexetal</instance>
         <wf lemma="." pos="X">.</wf>
      </sentence>
      <sentence id="d000.s2033" source="wordnet-galician">
         <wf lemma="unha" pos="X">unha</wf>
         <wf lemma="contabilidade" pos="X">contabilidade</wf>
         <instance id="d000.s2033.t000" lemma="completo" pos="ADJ">completa</instance>
         <wf lemma="." pos="X">.</wf>
      </sentence>
      <sentence id="d000.s2034" source="wordnet-galician">
         <wf lemma="unha" pos="X">unha</wf>
         <wf lemma="clase" pos="X">clase</wf>
         <wf lemma="de" pos="X">de</wf>
         <wf lemma="brións" pos="X">brións</wf>
         <instance id="d000.s2034.t000" lemma="atípico" pos="ADJ">atípicos</instance>
         <wf lemma="." pos="X">.</wf>
      </sentence>
      <sentence id="d000.s2035" source="wordnet-galician">
         <wf lemma="fala" pos="X">fala</wf>
         <instance id="d000.s2035.t000" lemma="salvaxe" pos="ADJ">salvaxe</instance>
         <wf lemma="." pos="X">.</wf>
      </sentence>
      <sentence id="d000.s2036" source="wordnet-galician">
         <wf lemma="fixo" pos="X">fixo</wf>
         <wf lemma="unha" pos="X">unha</wf>
         <wf lemma="entrada" pos="X">entrada</wf>
         <instance id="d000.s2036.t000" lemma="eficaz" pos="ADJ">eficaz</instance>
         <wf lemma="." pos="X">.</wf>
      </sentence>
      <sentence id="d000.s2037" source="wordnet-galician">
         <wf lemma="plans" pos="X">plans</wf>
         <instance id="d000.s2037.t000" lemma="optimista" pos="ADJ">optimistas</instance>
         <wf lemma="." pos="X">.</wf>
      </sentence>
      <sentence id="d000.s2038" source="wordnet-galician">
         <wf lemma="dotados" pos="X">dotados</wf>
         <wf lemma="polo" pos="X">polo</wf>
         <wf lemma="creador" pos="X">creador</wf>
         <wf lemma="de" pos="X">de</wf>
         <wf lemma="certos" pos="X">certos</wf>
         <wf lemma="dereitos" pos="X">dereitos</wf>
         <instance id="d000.s2038.t000" lemma="inalienable" pos="ADJ">inalienables</instance>
         <wf lemma="." pos="X">.</wf>
      </sentence>
      <sentence id="d000.s2039" source="wordnet-galician">
         <wf lemma="un" pos="X">un</wf>
         <wf lemma="batedor" pos="X">batedor</wf>
         <instance id="d000.s2039.t000" lemma="destro" pos="ADJ">destro</instance>
         <wf lemma="." pos="X">.</wf>
      </sentence>
      <sentence id="d000.s2040" source="wordnet-galician">
         <wf lemma="tivo" pos="X">tivo</wf>
         <wf lemma="un" pos="X">un</wf>
         <wf lemma="papel" pos="X">papel</wf>
         <instance id="d000.s2040.t000" lemma="mudo" pos="ADJ">mudo</instance>
         <wf lemma="no" pos="X">no</wf>
         <wf lemma="xogo" pos="X">xogo</wf>
         <wf lemma="." pos="X">.</wf>
      </sentence>
      <sentence id="d000.s2041" source="wordnet-galician">
         <wf lemma="o" pos="X">o</wf>
         <wf lemma="universo" pos="X">universo</wf>
         <instance id="d000.s2041.t000" lemma="material" pos="ADJ">material</instance>
         <wf lemma="." pos="X">.</wf>
      </sentence>
      <sentence id="d000.s2042" source="wordnet-galician">
         <wf lemma="un" pos="X">un</wf>
         <wf lemma="espírito" pos="X">espírito</wf>
         <instance id="d000.s2042.t000" lemma="nobre" pos="ADJ">nobre</instance>
         <wf lemma="." pos="X">.</wf>
      </sentence>
      <sentence id="d000.s2043" source="wordnet-galician">
         <wf lemma="area" pos="X">area</wf>
         <instance id="d000.s2043.t000" lemma="gordo" pos="ADJ">gorda</instance>
         <wf lemma="." pos="X">.</wf>
      </sentence>
      <sentence id="d000.s2044" source="wordnet-galician">
         <wf lemma="fixo" pos="X">fixo</wf>
         <wf lemma="un" pos="X">un</wf>
         <wf lemma="arrinque" pos="X">arrinque</wf>
         <instance id="d000.s2044.t000" lemma="involuntario" pos="ADJ">involuntario</instance>
         <wf lemma="." pos="X">.</wf>
      </sentence>
      <sentence id="d000.s2045" source="wordnet-galician">
         <wf lemma="condicións" pos="X">condicións</wf>
         <wf lemma="severas" pos="X">severas</wf>
         <wf lemma="e" pos="X">e</wf>
         <instance id="d000.s2045.t000" lemma="insalubre" pos="ADJ">insalubres</instance>
         <wf lemma="." pos="X">.</wf>
      </sentence>
      <sentence id="d000.s2046" source="wordnet-galician">
         <wf lemma="as" pos="X">as</wf>
         <wf lemma="actuacións" pos="X">actuacións</wf>
         <wf lemma="varían" pos="X">varían</wf>
         <wf lemma="entre" pos="X">entre</wf>
         <instance id="d000.s2046.t000" lemma="aceptable" pos="ADJ">aceptables</instance>
         <wf lemma="a" pos="X">a</wf>
         <wf lemma="excelentes" pos="X">excelentes</wf>
         <wf lemma="." pos="X">.</wf>
      </sentence>
      <sentence id="d000.s2047" source="wordnet-galician">
         <instance id="d000.s2047.t000" lemma="coidadoso" pos="ADJ">coidadoso</instance>
         <wf lemma="co" pos="X">co</wf>
         <wf lemma="seu" pos="X">seu</wf>
         <wf lemma="comportamento" pos="X">comportamento</wf>
         <wf lemma="." pos="X">.</wf>
      </sentence>
      <sentence id="d000.s2048" source="wordnet-galician">
         <wf lemma="un" pos="X">un</wf>
         <wf lemma="grupo" pos="X">grupo</wf>
         <wf lemma="de" pos="X">de</wf>
         <wf lemma="persoas" pos="X">persoas</wf>
         <wf lemma="moi" pos="X">moi</wf>
         <instance id="d000.s2048.t000" lemma="diferente" pos="ADJ">diferentes</instance>
         <wf lemma="." pos="X">.</wf>
      </sentence>
      <sentence id="d000.s2049" source="wordnet-galician">
         <instance id="d000.s2049.t000" lemma="licor" pos="NOUN">licores</instance>
         <wf lemma="de" pos="X">de</wf>
         <wf lemma="residuos" pos="X">residuos</wf>
         <wf lemma="." pos="X">.</wf>
      </sentence>
      <sentence id="d000.s2050" source="wordnet-galician">
         <wf lemma="personalidade" pos="X">personalidade</wf>
         <instance id="d000.s2050.t000" lemma="negativo" pos="ADJ">negativa</instance>
         <wf lemma="." pos="X">.</wf>
      </sentence>
      <sentence id="d000.s2051" source="wordnet-galician">
         <wf lemma="a" pos="X">a</wf>
         <wf lemma="música" pos="X">música</wf>
         <instance id="d000.s2051.t000" lemma="familiar" pos="ADJ">familiar</instance>
         <wf lemma="." pos="X">.</wf>
      </sentence>
      <sentence id="d000.s2052" source="wordnet-galician">
         <wf lemma="é" pos="X">é</wf>
         <instance id="d000.s2052.t000" lemma="incapaz" pos="ADJ">incapaz</instance>
         <wf lemma="de" pos="X">de</wf>
         <wf lemma="chegar" pos="X">chegar</wf>
         <wf lemma="á" pos="X">á</wf>
         <wf lemma="cidade" pos="X">cidade</wf>
         <wf lemma="sen" pos="X">sen</wf>
         <wf lemma="coche" pos="X">coche</wf>
         <wf lemma="." pos="X">.</wf>
      </sentence>
      <sentence id="d000.s2053" source="wordnet-galician">
         <wf lemma="unha" pos="X">unha</wf>
         <wf lemma="nación" pos="X">nación</wf>
         <instance id="d000.s2053.t000" lemma="pacífico" pos="ADJ">pacífica</instance>
         <wf lemma="." pos="X">.</wf>
      </sentence>
      <sentence id="d000.s2054" source="wordnet-galician">
         <wf lemma="estaba" pos="X">estaba</wf>
         <instance id="d000.s2054.t000" lemma="certo" pos="ADJ">certo</instance>
         <wf lemma="de" pos="X">de</wf>
         <wf lemma="que" pos="X">que</wf>
         <wf lemma="xa" pos="X">xa</wf>
         <wf lemma="o" pos="X">o</wf>
         <wf lemma="tiña" pos="X">tiña</wf>
         <wf lemma="visto" pos="X">visto</wf>
         <wf lemma="." pos="X">.</wf>
      </sentence>
      <sentence id="d000.s2055" source="wordnet-galician">
         <wf lemma="ten" pos="X">ten</wf>
         <wf lemma="que" pos="X">que</wf>
         <wf lemma="facer" pos="X">facer</wf>
         <wf lemma="un" pos="X">un</wf>
         <wf lemma="curso" pos="X">curso</wf>
         <instance id="d000.s2055.t000" lemma="indirecto" pos="ADJ">indirecto</instance>
         <wf lemma="na" pos="X">na</wf>
         <wf lemma="vela" pos="X">vela</wf>
         <wf lemma="." pos="X">.</wf>
      </sentence>
      <sentence id="d000.s2056" source="wordnet-galician">
         <instance id="d000.s2056.t000" lemma="indigno" pos="ADJ">indigno</instance>
         <wf lemma="de" pos="X">de</wf>
         <wf lemma="perdón" pos="X">perdón</wf>
         <wf lemma="." pos="X">.</wf>
      </sentence>
      <sentence id="d000.s2057" source="wordnet-galician">
         <wf lemma="o" pos="X">o</wf>
         <wf lemma="tráfico" pos="X">tráfico</wf>
         <wf lemma="foi" pos="X">foi</wf>
         <wf lemma="retardado" pos="X">retardado</wf>
         <wf lemma="polos" pos="X">polos</wf>
         <wf lemma="abesullóns" pos="X">abesullóns</wf>
         <instance id="d000.s2057.t000" lemma="curioso" pos="ADJ">curiosos</instance>
         <wf lemma="." pos="X">.</wf>
      </sentence>
      <sentence id="d000.s2058" source="wordnet-galician">
         <wf lemma="os" pos="X">os</wf>
         <wf lemma="gobernos" pos="X">gobernos</wf>
         <instance id="d000.s2058.t000" lemma="federal" pos="ADJ">federais</instance>
         <wf lemma="moitas" pos="X">moitas</wf>
         <wf lemma="veces" pos="X">veces</wf>
         <wf lemma="evolucionan" pos="X">evolucionan</wf>
         <wf lemma="cara" pos="X">cara</wf>
         <wf lemma="a" pos="X">a</wf>
         <wf lemma="confederacións" pos="X">confederacións</wf>
         <wf lemma="." pos="X">.</wf>
      </sentence>
      <sentence id="d000.s2059" source="wordnet-galician">
         <wf lemma="un" pos="X">un</wf>
         <wf lemma="síntoma" pos="X">síntoma</wf>
         <instance id="d000.s2059.t000" lemma="tardío" pos="ADJ">tardío</instance>
         <wf lemma="da" pos="X">da</wf>
         <wf lemma="enfermidade" pos="X">enfermidade</wf>
         <wf lemma="." pos="X">.</wf>
      </sentence>
      <sentence id="d000.s2060" source="wordnet-galician">
         <wf lemma="as" pos="X">as</wf>
         <wf lemma="probas" pos="X">probas</wf>
         <instance id="d000.s2060.t000" lemma="inequívoco" pos="ADJ">inequívocas</instance>
         <wf lemma="." pos="X">.</wf>
      </sentence>
      <sentence id="d000.s2061" source="wordnet-galician">
         <wf lemma="unha" pos="X">unha</wf>
         <wf lemma="linguaxe" pos="X">linguaxe</wf>
         <instance id="d000.s2061.t000" lemma="publicable" pos="ADJ">publicable</instance>
         <wf lemma="." pos="X">.</wf>
      </sentence>
      <sentence id="d000.s2062" source="wordnet-galician">
         <wf lemma="servizo" pos="X">servizo</wf>
         <instance id="d000.s2062.t000" lemma="activo" pos="ADJ">activo</instance>
         <wf lemma="." pos="X">.</wf>
      </sentence>
      <sentence id="d000.s2063" source="wordnet-galician">
         <wf lemma="todas" pos="X">todas</wf>
         <wf lemma="as" pos="X">as</wf>
         <instance id="d000.s2063.t000" lemma="vea" pos="NOUN">veas</instance>
         <wf lemma="," pos="X">,</wf>
         <wf lemma="excepto" pos="X">excepto</wf>
         <wf lemma="a" pos="X">a</wf>
         <wf lemma="vea" pos="X">vea</wf>
         <wf lemma="pulmonar" pos="X">pulmonar</wf>
         <wf lemma="leva" pos="X">leva</wf>
         <wf lemma="sangue" pos="X">sangue</wf>
         <wf lemma="sen" pos="X">sen</wf>
         <wf lemma="osíxeno" pos="X">osíxeno</wf>
         <wf lemma="." pos="X">.</wf>
      </sentence>
      <sentence id="d000.s2064" source="wordnet-galician">
         <wf lemma="este" pos="X">este</wf>
         <wf lemma="resumo" pos="X">resumo</wf>
         <wf lemma="conciso" pos="X">conciso</wf>
         <wf lemma="non" pos="X">non</wf>
         <wf lemma="se" pos="X">se</wf>
         <wf lemma="destina" pos="X">destina</wf>
         <wf lemma="a" pos="X">a</wf>
         <wf lemma="ser" pos="X">ser</wf>
         <instance id="d000.s2064.t000" lemma="desagradable" pos="ADJ">desagradable</instance>
         <wf lemma="." pos="X">.</wf>
      </sentence>
      <sentence id="d000.s2065" source="wordnet-galician">
         <wf lemma="o" pos="X">o</wf>
         <wf lemma="coche" pos="X">coche</wf>
         <wf lemma="corre" pos="X">corre</wf>
         <wf lemma="máis" pos="X">máis</wf>
         <wf lemma="suavemente" pos="X">suavemente</wf>
         <wf lemma="co" pos="X">co</wf>
         <wf lemma="acendido" pos="X">acendido</wf>
         <instance id="d000.s2065.t000" lemma="regular" pos="ADJ">regulado</instance>
         <wf lemma="." pos="X">.</wf>
      </sentence>
      <sentence id="d000.s2066" source="wordnet-galician">
         <wf lemma="o" pos="X">o</wf>
         <wf lemma="latón" pos="X">latón</wf>
         <wf lemma="é" pos="X">é</wf>
         <wf lemma="unha" pos="X">unha</wf>
         <instance id="d000.s2066.t000" lemma="aliaxe" pos="NOUN">aliaxe</instance>
         <wf lemma="de" pos="X">de</wf>
         <wf lemma="cinc" pos="X">cinc</wf>
         <wf lemma="e" pos="X">e</wf>
         <wf lemma="cobre" pos="X">cobre</wf>
         <wf lemma="." pos="X">.</wf>
      </sentence>
      <sentence id="d000.s2067" source="wordnet-galician">
         <wf lemma="o" pos="X">o</wf>
         <wf lemma="comportamento" pos="X">comportamento</wf>
         <instance id="d000.s2067.t000" lemma="explicable" pos="ADJ">explicable</instance>
         <wf lemma="." pos="X">.</wf>
      </sentence>
      <sentence id="d000.s2068" source="wordnet-galician">
         <wf lemma="venceu" pos="X">venceu</wf>
         <wf lemma="por" pos="X">por</wf>
         <wf lemma="unha" pos="X">unha</wf>
         <instance id="d000.s2068.t000" lemma="amplo" pos="ADJ">ampla</instance>
         <wf lemma="marxe" pos="X">marxe</wf>
         <wf lemma="." pos="X">.</wf>
      </sentence>
      <sentence id="d000.s2069" source="wordnet-galician">
         <wf lemma="só" pos="X">só</wf>
         <wf lemma="lle" pos="X">lle</wf>
         <wf lemma="deu" pos="X">deu</wf>
         <wf lemma="unha" pos="X">unha</wf>
         <wf lemma="aprobación" pos="X">aprobación</wf>
         <instance id="d000.s2069.t000" lemma="condicional" pos="ADJ">condicional</instance>
         <wf lemma="." pos="X">.</wf>
      </sentence>
      <sentence id="d000.s2070" source="wordnet-galician">
         <wf lemma="unha" pos="X">unha</wf>
         <wf lemma="avaliación" pos="X">avaliación</wf>
         <instance id="d000.s2070.t000" lemma="obxectivo" pos="ADJ">obxectiva</instance>
         <wf lemma="." pos="X">.</wf>
      </sentence>
      <sentence id="d000.s2071" source="wordnet-galician">
         <wf lemma="o" pos="X">o</wf>
         <wf lemma="desprezo" pos="X">desprezo</wf>
         <wf lemma="dunha" pos="X">dunha</wf>
         <wf lemma="sociedade" pos="X">sociedade</wf>
         <instance id="d000.s2071.t000" lemma="democrático" pos="ADJ">democrática</instance>
         <wf lemma="polos" pos="X">polos</wf>
         <wf lemma="duques" pos="X">duques</wf>
         <wf lemma="inchado" pos="X">inchado</wf>
         <wf lemma="e" pos="X">e</wf>
         <wf lemma="polos" pos="X">polos</wf>
         <wf lemma="señores" pos="X">señores</wf>
         <wf lemma="(" pos="X">(</wf>
         <wf lemma="George" pos="X">George</wf>
         <wf lemma="du" pos="X">du</wf>
         <wf lemma="Maurier" pos="X">Maurier</wf>
         <wf lemma=")" pos="X">)</wf>
         <wf lemma="." pos="X">.</wf>
      </sentence>
      <sentence id="d000.s2072" source="wordnet-galician">
         <wf lemma="risa" pos="X">risa</wf>
         <instance id="d000.s2072.t000" lemma="tolo" pos="ADJ">tola</instance>
         <wf lemma="." pos="X">.</wf>
      </sentence>
      <sentence id="d000.s2073" source="wordnet-galician">
         <wf lemma="os" pos="X">os</wf>
         <wf lemma="radicais" pos="X">radicais</wf>
         <wf lemma="libres" pos="X">libres</wf>
         <wf lemma="son" pos="X">son</wf>
         <wf lemma="moi" pos="X">moi</wf>
         <instance id="d000.s2073.t000" lemma="reactivo" pos="ADJ">reactivos</instance>
         <wf lemma="." pos="X">.</wf>
      </sentence>
      <sentence id="d000.s2074" source="wordnet-galician">
         <wf lemma="armas" pos="X">armas</wf>
         <instance id="d000.s2074.t000" lemma="defensivo" pos="ADJ">defensivas</instance>
         <wf lemma="." pos="X">.</wf>
      </sentence>
      <sentence id="d000.s2075" source="wordnet-galician">
         <wf lemma="verdes" pos="X">verdes</wf>
         <wf lemma="," pos="X">,</wf>
         <wf lemma="azuis" pos="X">azuis</wf>
         <wf lemma="e" pos="X">e</wf>
         <wf lemma="violetas" pos="X">violetas</wf>
         <instance id="d000.s2075.t000" lemma="fresco" pos="ADJ">frescos</instance>
         <wf lemma="." pos="X">.</wf>
      </sentence>
      <sentence id="d000.s2076" source="wordnet-galician">
         <wf lemma="contrachapado" pos="X">contrachapado</wf>
         <wf lemma="para" pos="X">para</wf>
         <instance id="d000.s2076.t000" lemma="exterior" pos="ADJ">exterior</instance>
         <wf lemma="." pos="X">.</wf>
      </sentence>
      <sentence id="d000.s2077" source="wordnet-galician">
         <wf lemma="estradas" pos="X">estradas</wf>
         <instance id="d000.s2077.t000" lemma="rural" pos="ADJ">rurais</instance>
         <wf lemma="." pos="X">.</wf>
      </sentence>
      <sentence id="d000.s2078" source="wordnet-galician">
         <wf lemma="un" pos="X">un</wf>
         <wf lemma="ataque" pos="X">ataque</wf>
         <instance id="d000.s2078.t000" lemma="directo" pos="ADJ">directo</instance>
         <wf lemma="." pos="X">.</wf>
      </sentence>
      <sentence id="d000.s2079" source="wordnet-galician">
         <wf lemma="unha" pos="X">unha</wf>
         <wf lemma="observación" pos="X">observación</wf>
         <instance id="d000.s2079.t000" lemma="impersoal" pos="ADJ">impersoal</instance>
         <wf lemma="." pos="X">.</wf>
      </sentence>
      <sentence id="d000.s2080" source="wordnet-galician">
         <wf lemma="a" pos="X">a</wf>
         <wf lemma="esperanza" pos="X">esperanza</wf>
         <wf lemma="tamén" pos="X">tamén</wf>
         <wf lemma="é" pos="X">é</wf>
         <instance id="d000.s2080.t000" lemma="extinguible" pos="ADJ">extinguible</instance>
         <wf lemma="." pos="X">.</wf>
      </sentence>
      <sentence id="d000.s2081" source="wordnet-galician">
         <wf lemma="polígono" pos="X">polígono</wf>
         <wf lemma="con" pos="X">con</wf>
         <wf lemma="ángulos" pos="X">ángulos</wf>
         <instance id="d000.s2081.t000" lemma="reentrante" pos="ADJ">reentrantes</instance>
         <wf lemma="." pos="X">.</wf>
      </sentence>
      <sentence id="d000.s2082" source="wordnet-galician">
         <wf lemma="parece" pos="X">parece</wf>
         <wf lemma="estar" pos="X">estar</wf>
         <wf lemma="completamente" pos="X">completamente</wf>
         <instance id="d000.s2082.t000" lemma="ben" pos="ADJ">ben</instance>
         <wf lemma="." pos="X">.</wf>
      </sentence>
      <sentence id="d000.s2083" source="wordnet-galician">
         <wf lemma="unha" pos="X">unha</wf>
         <wf lemma="mente" pos="X">mente</wf>
         <instance id="d000.s2083.t000" lemma="analítico" pos="ADJ">analítica</instance>
         <wf lemma="." pos="X">.</wf>
      </sentence>
      <sentence id="d000.s2084" source="wordnet-galician">
         <instance id="d000.s2084.t000" lemma="falso" pos="ADJ">falsas</instance>
         <wf lemma="obras" pos="X">obras</wf>
         <wf lemma="de" pos="X">de</wf>
         <wf lemma="arte" pos="X">arte</wf>
         <wf lemma="." pos="X">.</wf>
      </sentence>
      <sentence id="d000.s2085" source="wordnet-galician">
         <wf lemma="a" pos="X">a</wf>
         <wf lemma="característica" pos="X">característica</wf>
         <instance id="d000.s2085.t000" lemma="esencial" pos="ADJ">esencial</instance>
         <wf lemma="." pos="X">.</wf>
      </sentence>
      <sentence id="d000.s2086" source="wordnet-galician">
         <wf lemma="as" pos="X">as</wf>
         <wf lemma="palabras" pos="X">palabras</wf>
         <wf lemma="mostráronse" pos="X">mostráronse</wf>
         <instance id="d000.s2086.t000" lemma="profético" pos="ADJ">proféticas</instance>
         <wf lemma="." pos="X">.</wf>
      </sentence>
      <sentence id="d000.s2087" source="wordnet-galician">
         <wf lemma="un" pos="X">un</wf>
         <wf lemma="mozo" pos="X">mozo</wf>
         <wf lemma="moi" pos="X">moi</wf>
         <instance id="d000.s2087.t000" lemma="inseguro" pos="ADJ">inseguro</instance>
         <wf lemma="." pos="X">.</wf>
      </sentence>
      <sentence id="d000.s2088" source="wordnet-galician">
         <wf lemma="a" pos="X">a</wf>
         <wf lemma="extremidade" pos="X">extremidade</wf>
         <instance id="d000.s2088.t000" lemma="proximal" pos="ADJ">proximal</instance>
         <wf lemma="dun" pos="X">dun</wf>
         <wf lemma="óso" pos="X">óso</wf>
         <wf lemma="." pos="X">.</wf>
      </sentence>
      <sentence id="d000.s2089" source="wordnet-galician">
         <wf lemma="futbolista" pos="X">futbolista</wf>
         <instance id="d000.s2089.t000" lemma="profesional" pos="ADJ">profesional</instance>
         <wf lemma="." pos="X">.</wf>
      </sentence>
      <sentence id="d000.s2090" source="wordnet-galician">
         <wf lemma="un" pos="X">un</wf>
         <wf lemma="colar" pos="X">colar</wf>
         <wf lemma="de" pos="X">de</wf>
         <wf lemma="ouro" pos="X">ouro</wf>
         <instance id="d000.s2090.t000" lemma="discreto" pos="ADJ">discreto</instance>
         <wf lemma="," pos="X">,</wf>
         <wf lemma="finamente" pos="X">finamente</wf>
         <wf lemma="labrado" pos="X">labrado</wf>
         <wf lemma="." pos="X">.</wf>
      </sentence>
      <sentence id="d000.s2091" source="wordnet-galician">
         <wf lemma="as" pos="X">as</wf>
         <wf lemma="diferenzas" pos="X">diferenzas</wf>
         <wf lemma="son" pos="X">son</wf>
         <instance id="d000.s2091.t000" lemma="profundo" pos="ADJ">profundas</instance>
         <wf lemma="." pos="X">.</wf>
      </sentence>
      <sentence id="d000.s2092" source="wordnet-galician">
         <wf lemma="unha" pos="X">unha</wf>
         <wf lemma="autoridade" pos="X">autoridade</wf>
         <instance id="d000.s2092.t000" lemma="indefinido" pos="ADJ">indefinida</instance>
         <wf lemma="." pos="X">.</wf>
      </sentence>
      <sentence id="d000.s2093" source="wordnet-galician">
         <wf lemma="un" pos="X">un</wf>
         <wf lemma="libro" pos="X">libro</wf>
         <instance id="d000.s2093.t000" lemma="inusual" pos="ADJ">inusual</instance>
         <wf lemma="do" pos="X">do</wf>
         <wf lemma="seu" pos="X">seu</wf>
         <wf lemma="autor" pos="X">autor</wf>
         <wf lemma="." pos="X">.</wf>
      </sentence>
      <sentence id="d000.s2094" source="wordnet-galician">
         <wf lemma="o" pos="X">o</wf>
         <wf lemma="universo" pos="X">universo</wf>
         <instance id="d000.s2094.t000" lemma="multiforme" pos="ADJ">multiforme</instance>
         <wf lemma="da" pos="X">da</wf>
         <wf lemma="natureza" pos="X">natureza</wf>
         <wf lemma="e" pos="X">e</wf>
         <wf lemma="o" pos="X">o</wf>
         <wf lemma="home" pos="X">home</wf>
         <wf lemma="(" pos="X">(</wf>
         <wf lemma="John" pos="X">John</wf>
         <wf lemma="Dewey" pos="X">Dewey</wf>
         <wf lemma=")" pos="X">)</wf>
         <wf lemma="." pos="X">.</wf>
      </sentence>
      <sentence id="d000.s2095" source="wordnet-galician">
         <wf lemma="foi" pos="X">foi</wf>
         <wf lemma="un" pos="X">un</wf>
         <wf lemma="xuízo" pos="X">xuízo</wf>
         <instance id="d000.s2095.t000" lemma="inxusto" pos="ADJ">inxusto</instance>
         <wf lemma="." pos="X">.</wf>
      </sentence>
      <sentence id="d000.s2096" source="wordnet-galician">
         <wf lemma="o" pos="X">o</wf>
         <wf lemma="uso" pos="X">uso</wf>
         <wf lemma="de" pos="X">de</wf>
         <instance id="d000.s2096.t000" lemma="corticoide" pos="NOUN">corticoides</instance>
         <wf lemma="a" pos="X">a</wf>
         <wf lemma="doses" pos="X">doses</wf>
         <wf lemma="altas" pos="X">altas</wf>
         <wf lemma="durante" pos="X">durante</wf>
         <wf lemma="períodos" pos="X">períodos</wf>
         <wf lemma="prolongados" pos="X">prolongados</wf>
         <wf lemma="de" pos="X">de</wf>
         <wf lemma="tempo" pos="X">tempo</wf>
         <wf lemma="produce" pos="X">produce</wf>
         <wf lemma="importantes" pos="X">importantes</wf>
         <wf lemma="efectos" pos="X">efectos</wf>
         <wf lemma="secundarios" pos="X">secundarios</wf>
         <wf lemma="," pos="X">,</wf>
         <wf lemma="como" pos="X">como</wf>
         <wf lemma="a" pos="X">a</wf>
         <wf lemma="detención" pos="X">detención</wf>
         <wf lemma="do" pos="X">do</wf>
         <wf lemma="crecemento" pos="X">crecemento</wf>
         <wf lemma="e" pos="X">e</wf>
         <wf lemma="a" pos="X">a</wf>
         <wf lemma="osteoporose" pos="X">osteoporose</wf>
         <wf lemma="." pos="X">.</wf>
      </sentence>
      <sentence id="d000.s2097" source="wordnet-galician">
         <wf lemma="o" pos="X">o</wf>
         <wf lemma="rabo" pos="X">rabo</wf>
         <instance id="d000.s2097.t000" lemma="prénsil" pos="ADJ">prénsil</instance>
         <wf lemma="dun" pos="X">dun</wf>
         <wf lemma="mono" pos="X">mono</wf>
         <wf lemma="." pos="X">.</wf>
      </sentence>
      <sentence id="d000.s2098" source="wordnet-galician">
         <wf lemma="reprodución" pos="X">reprodución</wf>
         <instance id="d000.s2098.t000" lemma="asexuado" pos="ADJ">asexuada</instance>
         <wf lemma="." pos="X">.</wf>
      </sentence>
      <sentence id="d000.s2099" source="wordnet-galician">
         <wf lemma="medrou" pos="X">medrou</wf>
         <instance id="d000.s2099.t000" lemma="incómodo" pos="ADJ">incómodo</instance>
         <wf lemma="baixo" pos="X">baixo</wf>
         <wf lemma="os" pos="X">os</wf>
         <wf lemma="ollos" pos="X">ollos</wf>
         <wf lemma="de" pos="X">de</wf>
         <wf lemma="valoración" pos="X">valoración</wf>
         <wf lemma="." pos="X">.</wf>
      </sentence>
      <sentence id="d000.s2100" source="wordnet-galician">
         <wf lemma="os" pos="X">os</wf>
         <wf lemma="xogos" pos="X">xogos</wf>
         <instance id="d000.s2100.t000" lemma="competitivo" pos="ADJ">competitivos</instance>
         <wf lemma="." pos="X">.</wf>
      </sentence>
      <sentence id="d000.s2101" source="wordnet-galician">
         <wf lemma="é" pos="X">é</wf>
         <instance id="d000.s2101.t000" lemma="impaciente" pos="ADJ">impaciente</instance>
         <wf lemma="cos" pos="X">cos</wf>
         <wf lemma="alumnos" pos="X">alumnos</wf>
         <wf lemma="máis" pos="X">máis</wf>
         <wf lemma="lentos" pos="X">lentos</wf>
         <wf lemma="." pos="X">.</wf>
      </sentence>
      <sentence id="d000.s2102" source="wordnet-galician">
         <wf lemma="o" pos="X">o</wf>
         <wf lemma="seu" pos="X">seu</wf>
         <wf lemma="pulso" pos="X">pulso</wf>
         <instance id="d000.s2102.t000" lemma="osudo" pos="ADJ">osudo</instance>
         <wf lemma="." pos="X">.</wf>
      </sentence>
      <sentence id="d000.s2103" source="wordnet-galician">
         <wf lemma="un" pos="X">un</wf>
         <wf lemma="sistema" pos="X">sistema</wf>
         <instance id="d000.s2103.t000" lemma="monoclínico" pos="ADJ">monoclínico</instance>
         <wf lemma="." pos="X">.</wf>
      </sentence>
      <sentence id="d000.s2104" source="wordnet-galician">
         <wf lemma="lecturas" pos="X">lecturas</wf>
         <instance id="d000.s2104.t000" lemma="piadoso" pos="ADJ">piadosas</instance>
         <wf lemma="." pos="X">.</wf>
      </sentence>
      <sentence id="d000.s2105" source="wordnet-galician">
         <wf lemma="horario" pos="X">horario</wf>
         <instance id="d000.s2105.t000" lemma="normal" pos="ADJ">normal</instance>
         <wf lemma="de" pos="X">de</wf>
         <wf lemma="traballo" pos="X">traballo</wf>
         <wf lemma="." pos="X">.</wf>
      </sentence>
      <sentence id="d000.s2106" source="wordnet-galician">
         <wf lemma="roupa" pos="X">roupa</wf>
         <wf lemma="nun" pos="X">nun</wf>
         <wf lemma="estado" pos="X">estado</wf>
         <instance id="d000.s2106.t000" lemma="malo" pos="ADJ">malo</instance>
         <wf lemma="." pos="X">.</wf>
      </sentence>
      <sentence id="d000.s2107" source="wordnet-galician">
         <wf lemma="os" pos="X">os</wf>
         <wf lemma="manuscritos" pos="X">manuscritos</wf>
         <instance id="d000.s2107.t000" lemma="existente" pos="ADJ">existentes</instance>
         <wf lemma="." pos="X">.</wf>
      </sentence>
      <sentence id="d000.s2108" source="wordnet-galician">
         <wf lemma="o" pos="X">o</wf>
         <wf lemma="seu" pos="X">seu</wf>
         <wf lemma="andar" pos="X">andar</wf>
         <instance id="d000.s2108.t000" lemma="vacilante" pos="ADJ">vacilante</instance>
         <wf lemma="." pos="X">.</wf>
      </sentence>
      <sentence id="d000.s2109" source="wordnet-galician">
         <wf lemma="prácticas" pos="X">prácticas</wf>
         <wf lemma="bancarias" pos="X">bancarias</wf>
         <instance id="d000.s2109.t000" lemma="insalubre" pos="ADJ">insalubres</instance>
         <wf lemma="." pos="X">.</wf>
      </sentence>
      <sentence id="d000.s2110" source="wordnet-galician">
         <wf lemma="o" pos="X">o</wf>
         <wf lemma="director" pos="X">director</wf>
         <wf lemma="sempre" pos="X">sempre</wf>
         <wf lemma="foi" pos="X">foi</wf>
         <instance id="d000.s2110.t000" lemma="flexible" pos="ADJ">flexible</instance>
         <wf lemma="cos" pos="X">cos</wf>
         <wf lemma="visitantes" pos="X">visitantes</wf>
         <wf lemma="." pos="X">.</wf>
      </sentence>
      <sentence id="d000.s2111" source="wordnet-galician">
         <wf lemma="fabricou" pos="X">fabricou</wf>
         <wf lemma="un" pos="X">un</wf>
         <wf lemma="lugar" pos="X">lugar</wf>
         <instance id="d000.s2111.t000" lemma="seguro" pos="ADJ">seguro</instance>
         <wf lemma="no" pos="X">no</wf>
         <wf lemma="seu" pos="X">seu</wf>
         <wf lemma="campo" pos="X">campo</wf>
         <wf lemma="." pos="X">.</wf>
      </sentence>
      <sentence id="d000.s2112" source="wordnet-galician">
         <wf lemma="un" pos="X">un</wf>
         <wf lemma="corazón" pos="X">corazón</wf>
         <wf lemma="sincero" pos="X">sincero</wf>
         <wf lemma="e" pos="X">e</wf>
         <instance id="d000.s2112.t000" lemma="afouto" pos="ADJ">afouto</instance>
         <wf lemma="..." pos="X">...</wf>
         <wf lemma="triunfou" pos="X">triunfou</wf>
         <wf lemma="sobre" pos="X">sobre</wf>
         <wf lemma="a" pos="X">a</wf>
         <wf lemma="dor" pos="X">dor</wf>
         <wf lemma="(" pos="X">(</wf>
         <wf lemma="William" pos="X">William</wf>
         <wf lemma="Wordsworth" pos="X">Wordsworth</wf>
         <wf lemma=")" pos="X">)</wf>
         <wf lemma="." pos="X">.</wf>
      </sentence>
      <sentence id="d000.s2113" source="wordnet-galician">
         <wf lemma="viviron" pos="X">viviron</wf>
         <wf lemma="no" pos="X">no</wf>
         <wf lemma="medo" pos="X">medo</wf>
         <instance id="d000.s2113.t000" lemma="constante" pos="ADJ">constante</instance>
         <wf lemma="." pos="X">.</wf>
      </sentence>
      <sentence id="d000.s2114" source="wordnet-galician">
         <wf lemma="unha" pos="X">unha</wf>
         <instance id="d000.s2114.t000" lemma="potente" pos="ADJ">potente</instance>
         <wf lemma="toxina" pos="X">toxina</wf>
         <wf lemma="." pos="X">.</wf>
      </sentence>
      <sentence id="d000.s2115" source="wordnet-galician">
         <wf lemma="usaba" pos="X">usaba</wf>
         <wf lemma="unha" pos="X">unha</wf>
         <wf lemma="camisa" pos="X">camisa</wf>
         <instance id="d000.s2115.t000" lemma="porco" pos="ADJ">porca</instance>
         <wf lemma="." pos="X">.</wf>
      </sentence>
      <sentence id="d000.s2116" source="wordnet-galician">
         <wf lemma="as" pos="X">as</wf>
         <wf lemma="negociacións" pos="X">negociacións</wf>
         <instance id="d000.s2116.t000" lemma="presente" pos="ADJ">presentes</instance>
         <wf lemma="." pos="X">.</wf>
      </sentence>
      <sentence id="d000.s2117" source="wordnet-galician">
         <wf lemma="repercusións" pos="X">repercusións</wf>
         <instance id="d000.s2117.t000" lemma="desagradable" pos="ADJ">desagradables</instance>
         <wf lemma="." pos="X">.</wf>
      </sentence>
      <sentence id="d000.s2118" source="wordnet-galician">
         <wf lemma="as" pos="X">as</wf>
         <wf lemma="marchas" pos="X">marchas</wf>
         <wf lemma="atrancáronse" pos="X">atrancáronse</wf>
         <wf lemma="na" pos="X">na</wf>
         <wf lemma="segunda" pos="X">segunda</wf>
         <wf lemma="e" pos="X">e</wf>
         <wf lemma="xa" pos="X">xa</wf>
         <wf lemma="non" pos="X">non</wf>
         <wf lemma="volveron" pos="X">volveron</wf>
         <wf lemma="quedar" pos="X">quedar</wf>
         <instance id="d000.s2118.t000" lemma="libre" pos="ADJ">libres</instance>
         <wf lemma="." pos="X">.</wf>
      </sentence>
      <sentence id="d000.s2119" source="wordnet-galician">
         <wf lemma="prezos" pos="X">prezos</wf>
         <instance id="d000.s2119.t000" lemma="estable" pos="ADJ">estables</instance>
         <wf lemma="." pos="X">.</wf>
      </sentence>
      <sentence id="d000.s2120" source="wordnet-galician">
         <wf lemma="os" pos="X">os</wf>
         <wf lemma="escritos" pos="X">escritos</wf>
         <wf lemma="de" pos="X">de</wf>
         <wf lemma="carácter" pos="X">carácter</wf>
         <instance id="d000.s2120.t000" lemma="exotérico" pos="ADJ">exotérico</instance>
         <wf lemma="." pos="X">.</wf>
      </sentence>
      <sentence id="d000.s2121" source="wordnet-galician">
         <wf lemma="un" pos="X">un</wf>
         <wf lemma="sabor" pos="X">sabor</wf>
         <instance id="d000.s2121.t000" lemma="delicado" pos="ADJ">delicado</instance>
         <wf lemma="." pos="X">.</wf>
      </sentence>
      <sentence id="d000.s2122" source="wordnet-galician">
         <wf lemma="todos" pos="X">todos</wf>
         <wf lemma="estamos" pos="X">estamos</wf>
         <wf lemma="en" pos="X">en</wf>
         <wf lemma="simpatía" pos="X">simpatía</wf>
         <instance id="d000.s2122.t000" lemma="próximo" pos="ADJ">próxima</instance>
         <wf lemma="con" pos="X">con</wf>
         <wf lemma="..." pos="X">...</wf>
      </sentence>
      <sentence id="d000.s2123" source="wordnet-galician">
         <wf lemma="unha" pos="X">unha</wf>
         <wf lemma="elegancia" pos="X">elegancia</wf>
         <instance id="d000.s2123.t000" lemma="natural" pos="ADJ">natural</instance>
         <wf lemma="." pos="X">.</wf>
      </sentence>
      <sentence id="d000.s2124" source="wordnet-galician">
         <wf lemma="salarios" pos="X">salarios</wf>
         <instance id="d000.s2124.t000" lemma="real" pos="ADJ">reais</instance>
         <wf lemma="." pos="X">.</wf>
      </sentence>
      <sentence id="d000.s2125" source="wordnet-galician">
         <wf lemma="escoita" pos="X">escoita</wf>
         <wf lemma="cun" pos="X">cun</wf>
         <wf lemma="oído" pos="X">oído</wf>
         <instance id="d000.s2125.t000" lemma="favorable" pos="ADJ">favorable</instance>
         <wf lemma="." pos="X">.</wf>
      </sentence>
      <sentence id="d000.s2126" source="wordnet-galician">
         <wf lemma="gando" pos="X">gando</wf>
         <instance id="d000.s2126.t000" lemma="mouco" pos="ADJ">mouco</instance>
         <wf lemma="." pos="X">.</wf>
      </sentence>
      <sentence id="d000.s2127" source="wordnet-galician">
         <wf lemma="horarios" pos="X">horarios</wf>
         <instance id="d000.s2127.t000" lemma="flexible" pos="ADJ">flexibles</instance>
         <wf lemma="." pos="X">.</wf>
      </sentence>
      <sentence id="d000.s2128" source="wordnet-galician">
         <wf lemma="as" pos="X">as</wf>
         <wf lemma="casas" pos="X">casas</wf>
         <instance id="d000.s2128.t000" lemma="confortable" pos="ADJ">confortables</instance>
         <wf lemma="do" pos="X">do</wf>
         <wf lemma="suburbio" pos="X">suburbio</wf>
         <wf lemma="." pos="X">.</wf>
      </sentence>
      <sentence id="d000.s2129" source="wordnet-galician">
         <wf lemma="os" pos="X">os</wf>
         <wf lemma="hidrocarburos" pos="X">hidrocarburos</wf>
         <wf lemma="son" pos="X">son</wf>
         <wf lemma="compostos" pos="X">compostos</wf>
         <instance id="d000.s2129.t000" lemma="orgánico" pos="ADJ">orgánicos</instance>
         <wf lemma="." pos="X">.</wf>
      </sentence>
      <sentence id="d000.s2130" source="wordnet-galician">
         <instance id="d000.s2130.t000" lemma="libre" pos="ADJ">libre</instance>
         <wf lemma="albedrío" pos="X">albedrío</wf>
         <wf lemma="." pos="X">.</wf>
      </sentence>
      <sentence id="d000.s2131" source="wordnet-galician">
         <wf lemma="unha" pos="X">unha</wf>
         <wf lemma="lámina" pos="X">lámina</wf>
         <instance id="d000.s2131.t000" lemma="nu" pos="ADJ">núa</instance>
         <wf lemma="." pos="X">.</wf>
      </sentence>
      <sentence id="d000.s2132" source="wordnet-galician">
         <wf lemma="un" pos="X">un</wf>
         <wf lemma="sorriso" pos="X">sorriso</wf>
         <instance id="d000.s2132.t000" lemma="provocativo" pos="ADJ">provocativo</instance>
         <wf lemma="." pos="X">.</wf>
      </sentence>
      <sentence id="d000.s2133" source="wordnet-galician">
         <wf lemma="pedra" pos="X">pedra</wf>
         <instance id="d000.s2133.t000" lemma="insensible" pos="ADJ">insensible</instance>
         <wf lemma="(" pos="X">(</wf>
         <wf lemma="ou" pos="X">ou</wf>
         <wf lemma="insensata" pos="X">insensata</wf>
         <wf lemma=")" pos="X">)</wf>
         <wf lemma="." pos="X">.</wf>
      </sentence>
      <sentence id="d000.s2134" source="wordnet-galician">
         <wf lemma="un" pos="X">un</wf>
         <wf lemma="home" pos="X">home</wf>
         <wf lemma="vello" pos="X">vello</wf>
         <wf lemma="e" pos="X">e</wf>
         <instance id="d000.s2134.t000" lemma="sucio" pos="ADJ">sucio</instance>
         <wf lemma="." pos="X">.</wf>
      </sentence>
      <sentence id="d000.s2135" source="wordnet-galician">
         <wf lemma="o" pos="X">o</wf>
         <wf lemma="ano" pos="X">ano</wf>
         <instance id="d000.s2135.t000" lemma="pasado" pos="ADJ">pasado</instance>
         <wf lemma="." pos="X">.</wf>
      </sentence>
      <sentence id="d000.s2136" source="wordnet-galician">
         <wf lemma="a" pos="X">a</wf>
         <wf lemma="súa" pos="X">súa</wf>
         <wf lemma="natureza" pos="X">natureza</wf>
         <instance id="d000.s2136.t000" lemma="alegre" pos="ADJ">alegre</instance>
         <wf lemma="." pos="X">.</wf>
      </sentence>
      <sentence id="d000.s2137" source="wordnet-galician">
         <wf lemma="É" pos="X">É</wf>
         <wf lemma="importante" pos="X">importante</wf>
         <wf lemma="manter" pos="X">manter</wf>
         <wf lemma="as" pos="X">as</wf>
         <instance id="d000.s2137.t000" lemma="extremidade" pos="NOUN">extremidades</instance>
         <wf lemma="quentes" pos="X">quentes</wf>
         <wf lemma="." pos="X">.</wf>
      </sentence>
      <sentence id="d000.s2138" source="wordnet-galician">
         <wf lemma="clubs" pos="X">clubs</wf>
         <instance id="d000.s2138.t000" lemma="exclusivo" pos="ADJ">exclusivos</instance>
         <wf lemma="." pos="X">.</wf>
      </sentence>
      <sentence id="d000.s2139" source="wordnet-galician">
         <instance id="d000.s2139.t000" lemma="dispoñible" pos="ADJ">dispoñible</instance>
         <wf lemma="en" pos="X">en</wf>
         <wf lemma="moitas" pos="X">moitas</wf>
         <wf lemma="cores" pos="X">cores</wf>
         <wf lemma="." pos="X">.</wf>
      </sentence>
      <sentence id="d000.s2140" source="wordnet-galician">
         <wf lemma="busca" pos="X">busca</wf>
         <wf lemma="un" pos="X">un</wf>
         <instance id="d000.s2140.t000" lemma="positivo" pos="ADJ">positivo</instance>
         <wf lemma="." pos="X">.</wf>
      </sentence>
      <sentence id="d000.s2141" source="wordnet-galician">
         <wf lemma="arame" pos="X">arame</wf>
         <instance id="d000.s2141.t000" lemma="fino" pos="ADJ">fino</instance>
         <wf lemma="." pos="X">.</wf>
      </sentence>
      <sentence id="d000.s2142" source="wordnet-galician">
         <wf lemma="as" pos="X">as</wf>
         <wf lemma="preocupacións" pos="X">preocupacións</wf>
         <instance id="d000.s2142.t000" lemma="doméstico" pos="ADJ">domésticas</instance>
         <wf lemma="." pos="X">.</wf>
      </sentence>
      <sentence id="d000.s2143" source="wordnet-galician">
         <instance id="d000.s2143.t000" lemma="irresistible" pos="ADJ">irresistible</instance>
         <wf lemma="aos" pos="X">aos</wf>
         <wf lemma="impulsos" pos="X">impulsos</wf>
         <wf lemma="." pos="X">.</wf>
      </sentence>
      <sentence id="d000.s2144" source="wordnet-galician">
         <wf lemma="a" pos="X">a</wf>
         <wf lemma="lingua" pos="X">lingua</wf>
         <wf lemma="gaélica" pos="X">gaélica</wf>
         <wf lemma="é" pos="X">é</wf>
         <wf lemma="extraordinariamente" pos="X">extraordinariamente</wf>
         <instance id="d000.s2144.t000" lemma="vocálico" pos="ADJ">vocálica</instance>
         <wf lemma="(" pos="X">(</wf>
         <wf lemma="Walter" pos="X">Walter</wf>
         <wf lemma="Scott" pos="X">Scott</wf>
         <wf lemma=")" pos="X">)</wf>
         <wf lemma="." pos="X">.</wf>
      </sentence>
      <sentence id="d000.s2145" source="wordnet-galician">
         <wf lemma="os" pos="X">os</wf>
         <wf lemma="pacientes" pos="X">pacientes</wf>
         <wf lemma="que" pos="X">que</wf>
         <wf lemma="toman" pos="X">toman</wf>
         <wf lemma="inhibidores" pos="X">inhibidores</wf>
         <wf lemma="da" pos="X">da</wf>
         <wf lemma="monoaminooxidaxa" pos="X">monoaminooxidaxa</wf>
         <wf lemma="(" pos="X">(</wf>
         <wf lemma="IMAO" pos="X">IMAO</wf>
         <wf lemma=")" pos="X">)</wf>
         <wf lemma="deben" pos="X">deben</wf>
         <wf lemma="evitar" pos="X">evitar</wf>
         <wf lemma="alimentos" pos="X">alimentos</wf>
         <wf lemma="que" pos="X">que</wf>
         <wf lemma="conteñan" pos="X">conteñan</wf>
         <instance id="d000.s2145.t000" lemma="tiramina" pos="NOUN">tiramina</instance>
         <wf lemma="." pos="X">.</wf>
      </sentence>
      <sentence id="d000.s2146" source="wordnet-galician">
         <wf lemma="erro" pos="X">erro</wf>
         <instance id="d000.s2146.t000" lemma="irreparable" pos="ADJ">irreparable</instance>
         <wf lemma="." pos="X">.</wf>
      </sentence>
      <sentence id="d000.s2147" source="wordnet-galician">
         <wf lemma="os" pos="X">os</wf>
         <wf lemma="gatos" pos="X">gatos</wf>
         <wf lemma="son" pos="X">son</wf>
         <wf lemma="animais" pos="X">animais</wf>
         <instance id="d000.s2147.t000" lemma="limpo" pos="ADJ">limpos</instance>
         <wf lemma="." pos="X">.</wf>
      </sentence>
      <sentence id="d000.s2148" source="wordnet-galician">
         <wf lemma="casa" pos="X">casa</wf>
         <instance id="d000.s2148.t000" lemma="vello" pos="ADJ">vella</instance>
         <wf lemma="." pos="X">.</wf>
      </sentence>
      <sentence id="d000.s2149" source="wordnet-galician">
         <wf lemma="igualmente" pos="X">igualmente</wf>
         <instance id="d000.s2149.t000" lemma="indiscreto" pos="ADJ">indiscreto</instance>
         <wf lemma="foi" pos="X">foi</wf>
         <wf lemma="aquel" pos="X">aquel</wf>
         <wf lemma="graffiti." pos="X">graffiti.</wf>
      </sentence>
      <sentence id="d000.s2150" source="wordnet-galician">
         <wf lemma="as" pos="X">as</wf>
         <wf lemma="botellas" pos="X">botellas</wf>
         <wf lemma="e" pos="X">e</wf>
         <wf lemma="as" pos="X">as</wf>
         <wf lemma="latas" pos="X">latas</wf>
         <instance id="d000.s2150.t000" lemma="retornable" pos="ADJ">retornables</instance>
         <wf lemma="." pos="X">.</wf>
      </sentence>
      <sentence id="d000.s2151" source="wordnet-galician">
         <wf lemma="a" pos="X">a</wf>
         <wf lemma="creatividade" pos="X">creatividade</wf>
         <instance id="d000.s2151.t000" lemma="infinito" pos="ADJ">infinita</instance>
         <wf lemma="do" pos="X">do</wf>
         <wf lemma="home" pos="X">home</wf>
         <wf lemma="." pos="X">.</wf>
      </sentence>
      <sentence id="d000.s2152" source="wordnet-galician">
         <wf lemma="as" pos="X">as</wf>
         <wf lemma="mulleres" pos="X">mulleres</wf>
         <wf lemma="fartas" pos="X">fartas</wf>
         <wf lemma="e" pos="X">e</wf>
         <wf lemma="os" pos="X">os</wf>
         <wf lemma="seus" pos="X">seus</wf>
         <wf lemma="maridos" pos="X">maridos</wf>
         <instance id="d000.s2152.t000" lemma="lambón" pos="ADJ">lambóns</instance>
         <wf lemma="." pos="X">.</wf>
      </sentence>
      <sentence id="d000.s2153" source="wordnet-galician">
         <wf lemma="foi" pos="X">foi</wf>
         <wf lemma="un" pos="X">un</wf>
         <wf lemma="neno" pos="X">neno</wf>
         <instance id="d000.s2153.t000" lemma="nacido" pos="ADJ">nacido</instance>
         <wf lemma="do" pos="X">do</wf>
         <wf lemma="adulterio" pos="X">adulterio</wf>
         <wf lemma="." pos="X">.</wf>
      </sentence>
      <sentence id="d000.s2154" source="wordnet-galician">
         <wf lemma="propiedade" pos="X">propiedade</wf>
         <instance id="d000.s2154.t000" lemma="múltiple" pos="ADJ">múltiple</instance>
         <wf lemma="." pos="X">.</wf>
      </sentence>
      <sentence id="d000.s2155" source="wordnet-galician">
         <wf lemma="a" pos="X">a</wf>
         <wf lemma="SIDA" pos="X">SIDA</wf>
         <wf lemma="é" pos="X">é</wf>
         <wf lemma="un" pos="X">un</wf>
         <wf lemma="dos" pos="X">dos</wf>
         <wf lemma="fenómenos" pos="X">fenómenos</wf>
         <instance id="d000.s2155.t000" lemma="distópico" pos="ADJ">distópicos</instance>
         <wf lemma="das" pos="X">das</wf>
         <wf lemma="sociedades" pos="X">sociedades</wf>
         <wf lemma="globalizadas" pos="X">globalizadas</wf>
         <wf lemma="(" pos="X">(</wf>
         <wf lemma="Susan" pos="X">Susan</wf>
         <wf lemma="Sontag" pos="X">Sontag</wf>
         <wf lemma=")" pos="X">)</wf>
         <wf lemma="." pos="X">.</wf>
      </sentence>
      <sentence id="d000.s2156" source="wordnet-galician">
         <wf lemma="unha" pos="X">unha</wf>
         <wf lemma="división" pos="X">división</wf>
         <instance id="d000.s2156.t000" lemma="arbitrario" pos="ADJ">arbitraria</instance>
         <wf lemma="do" pos="X">do</wf>
         <wf lemma="grupo" pos="X">grupo</wf>
         <wf lemma="en" pos="X">en</wf>
         <wf lemma="dúas" pos="X">dúas</wf>
         <wf lemma="metades" pos="X">metades</wf>
         <wf lemma="." pos="X">.</wf>
      </sentence>
      <sentence id="d000.s2157" source="wordnet-galician">
         <wf lemma="a" pos="X">a</wf>
         <wf lemma="aceptación" pos="X">aceptación</wf>
         <instance id="d000.s2157.t000" lemma="condicional" pos="ADJ">condicional</instance>
         <wf lemma="dos" pos="X">dos</wf>
         <wf lemma="termos" pos="X">termos</wf>
         <wf lemma="." pos="X">.</wf>
      </sentence>
      <sentence id="d000.s2158" source="wordnet-galician">
         <wf lemma="a" pos="X">a</wf>
         <instance id="d000.s2158.t000" lemma="primeiro" pos="ADJ">primeira</instance>
         <wf lemma="fase" pos="X">fase</wf>
         <wf lemma="da" pos="X">da</wf>
         <wf lemma="súa" pos="X">súa</wf>
         <wf lemma="formación" pos="X">formación</wf>
         <wf lemma="." pos="X">.</wf>
      </sentence>
      <sentence id="d000.s2159" source="wordnet-galician">
         <wf lemma="bebidas" pos="X">bebidas</wf>
         <instance id="d000.s2159.t000" lemma="fresco" pos="ADJ">frescas</instance>
         <wf lemma="." pos="X">.</wf>
      </sentence>
      <sentence id="d000.s2160" source="wordnet-galician">
         <wf lemma="a" pos="X">a</wf>
         <wf lemma="persoa" pos="X">persoa</wf>
         <wf lemma="máis" pos="X">máis</wf>
         <instance id="d000.s2160.t000" lemma="normal" pos="ADJ">normal</instance>
         <wf lemma="que" pos="X">que</wf>
         <wf lemma="eu" pos="X">eu</wf>
         <wf lemma="coñecín" pos="X">coñecín</wf>
         <wf lemma="na" pos="X">na</wf>
         <wf lemma="vida" pos="X">vida</wf>
         <wf lemma="." pos="X">.</wf>
      </sentence>
      <sentence id="d000.s2161" source="wordnet-galician">
         <wf lemma="comparten" pos="X">comparten</wf>
         <wf lemma="as" pos="X">as</wf>
         <wf lemma="tarefas" pos="X">tarefas</wf>
         <instance id="d000.s2161.t000" lemma="doméstico" pos="ADJ">domésticas</instance>
         <wf lemma="." pos="X">.</wf>
      </sentence>
      <sentence id="d000.s2162" source="wordnet-galician">
         <wf lemma="cheo" pos="X">cheo</wf>
         <wf lemma="de" pos="X">de</wf>
         <wf lemma="lugares" pos="X">lugares</wf>
         <instance id="d000.s2162.t000" lemma="baleiro" pos="ADJ">baleiros</instance>
         <wf lemma="." pos="X">.</wf>
      </sentence>
      <sentence id="d000.s2163" source="wordnet-galician">
         <wf lemma="tamaños" pos="X">tamaños</wf>
         <instance id="d000.s2163.t000" lemma="estándar" pos="ADJ">estándares</instance>
         <wf lemma="." pos="X">.</wf>
      </sentence>
      <sentence id="d000.s2164" source="wordnet-galician">
         <wf lemma="terra" pos="X">terra</wf>
         <instance id="d000.s2164.t000" lemma="cultivable" pos="ADJ">cultivable</instance>
         <wf lemma="." pos="X">.</wf>
      </sentence>
      <sentence id="d000.s2165" source="wordnet-galician">
         <wf lemma="un" pos="X">un</wf>
         <wf lemma="personaxe" pos="X">personaxe</wf>
         <instance id="d000.s2165.t000" lemma="colorido" pos="ADJ">colorido</instance>
         <wf lemma="." pos="X">.</wf>
      </sentence>
      <sentence id="d000.s2166" source="wordnet-galician">
         <wf lemma="expectativas" pos="X">expectativas</wf>
         <instance id="d000.s2166.t000" lemma="irreal" pos="ADJ">irreais</instance>
         <wf lemma="." pos="X">.</wf>
      </sentence>
      <sentence id="d000.s2167" source="wordnet-galician">
         <wf lemma="morreu" pos="X">morreu</wf>
         <wf lemma="accidentalmente" pos="X">accidentalmente</wf>
         <wf lemma="polo" pos="X">polo</wf>
         <wf lemma="fogo" pos="X">fogo</wf>
         <instance id="d000.s2167.t000" lemma="amigable" pos="ADJ">amigable</instance>
         <wf lemma="." pos="X">.</wf>
      </sentence>
      <sentence id="d000.s2168" source="wordnet-galician">
         <wf lemma="ten" pos="X">ten</wf>
         <instance id="d000.s2168.t000" lemma="múltiple" pos="ADJ">múltiples</instance>
         <wf lemma="personalidades" pos="X">personalidades</wf>
         <wf lemma="." pos="X">.</wf>
      </sentence>
      <sentence id="d000.s2169" source="wordnet-galician">
         <wf lemma="fariña" pos="X">fariña</wf>
         <instance id="d000.s2169.t000" lemma="groso" pos="ADJ">grosa</instance>
         <wf lemma="." pos="X">.</wf>
      </sentence>
      <sentence id="d000.s2170" source="wordnet-galician">
         <wf lemma="unha" pos="X">unha</wf>
         <wf lemma="calma" pos="X">calma</wf>
         <instance id="d000.s2170.t000" lemma="inquedo" pos="ADJ">inqueda</instance>
         <wf lemma="." pos="X">.</wf>
      </sentence>
      <sentence id="d000.s2171" source="wordnet-galician">
         <wf lemma="unha" pos="X">unha</wf>
         <wf lemma="resposta" pos="X">resposta</wf>
         <instance id="d000.s2171.t000" lemma="ambiguo" pos="ADJ">ambigua</instance>
         <wf lemma="a" pos="X">a</wf>
         <wf lemma="unha" pos="X">unha</wf>
         <wf lemma="pregunta" pos="X">pregunta</wf>
         <wf lemma="embarazosa" pos="X">embarazosa</wf>
         <wf lemma="." pos="X">.</wf>
      </sentence>
      <sentence id="d000.s2172" source="wordnet-galician">
         <wf lemma="un" pos="X">un</wf>
         <wf lemma="hóspede" pos="X">hóspede</wf>
         <instance id="d000.s2172.t000" lemma="frecuente" pos="ADJ">frecuente</instance>
         <wf lemma="." pos="X">.</wf>
      </sentence>
      <sentence id="d000.s2173" source="wordnet-galician">
         <wf lemma="un" pos="X">un</wf>
         <wf lemma="membro" pos="X">membro</wf>
         <instance id="d000.s2173.t000" lemma="útil" pos="ADJ">útil</instance>
         <wf lemma="da" pos="X">da</wf>
         <wf lemma="sociedade" pos="X">sociedade</wf>
         <wf lemma="." pos="X">.</wf>
      </sentence>
      <sentence id="d000.s2174" source="wordnet-galician">
         <wf lemma="unha" pos="X">unha</wf>
         <wf lemma="idade" pos="X">idade</wf>
         <instance id="d000.s2174.t000" lemma="impresionable" pos="ADJ">impresionable</instance>
         <wf lemma="." pos="X">.</wf>
      </sentence>
      <sentence id="d000.s2175" source="wordnet-galician">
         <wf lemma="as" pos="X">as</wf>
         <wf lemma="palabras" pos="X">palabras</wf>
         <wf lemma="nos" pos="X">nos</wf>
         <wf lemma="dicionarios" pos="X">dicionarios</wf>
         <wf lemma="aparecen" pos="X">aparecen</wf>
         <wf lemma="nunha" pos="X">nunha</wf>
         <wf lemma="listaxe" pos="X">listaxe</wf>
         <wf lemma="en" pos="X">en</wf>
         <wf lemma="orde" pos="X">orde</wf>
         <instance id="d000.s2175.t000" lemma="alfabético" pos="ADJ">alfabética</instance>
         <wf lemma="." pos="X">.</wf>
      </sentence>
      <sentence id="d000.s2176" source="wordnet-galician">
         <wf lemma="os" pos="X">os</wf>
         <wf lemma="plans" pos="X">plans</wf>
         <wf lemma="aínda" pos="X">aínda</wf>
         <wf lemma="son" pos="X">son</wf>
         <instance id="d000.s2176.t000" lemma="inseguro" pos="ADJ">inseguros</instance>
         <wf lemma="." pos="X">.</wf>
      </sentence>
      <sentence id="d000.s2177" source="wordnet-galician">
         <wf lemma="mantivo" pos="X">mantivo</wf>
         <wf lemma="un" pos="X">un</wf>
         <wf lemma="silencio" pos="X">silencio</wf>
         <instance id="d000.s2177.t000" lemma="reverente" pos="ADJ">reverente</instance>
         <wf lemma="." pos="X">.</wf>
      </sentence>
      <sentence id="d000.s2178" source="wordnet-galician">
         <wf lemma="unha" pos="X">unha</wf>
         <wf lemma="broma" pos="X">broma</wf>
         <wf lemma="que" pos="X">que</wf>
         <wf lemma="foi" pos="X">foi</wf>
         <instance id="d000.s2178.t000" lemma="incongruente" pos="ADJ">incongruente</instance>
         <wf lemma="cunha" pos="X">cunha</wf>
         <wf lemma="conversa" pos="X">conversa</wf>
         <wf lemma="educada" pos="X">educada</wf>
         <wf lemma="." pos="X">.</wf>
      </sentence>
      <sentence id="d000.s2179" source="wordnet-galician">
         <wf lemma="unha" pos="X">unha</wf>
         <wf lemma="reputación" pos="X">reputación</wf>
         <instance id="d000.s2179.t000" lemma="desagradable" pos="ADJ">desagradable</instance>
         <wf lemma="." pos="X">.</wf>
      </sentence>
      <sentence id="d000.s2180" source="wordnet-galician">
         <instance id="d000.s2180.t000" lemma="alegre" pos="ADJ">alegre</instance>
         <wf lemma="como" pos="X">como</wf>
         <wf lemma="podería" pos="X">podería</wf>
         <wf lemma="estar" pos="X">estar</wf>
         <wf lemma="calquera" pos="X">calquera</wf>
         <wf lemma="persoa" pos="X">persoa</wf>
         <wf lemma="confinada" pos="X">confinada</wf>
         <wf lemma="nunha" pos="X">nunha</wf>
         <wf lemma="cama" pos="X">cama</wf>
         <wf lemma="de" pos="X">de</wf>
         <wf lemma="hospital" pos="X">hospital</wf>
         <wf lemma="." pos="X">.</wf>
      </sentence>
      <sentence id="d000.s2181" source="wordnet-galician">
         <wf lemma="os" pos="X">os</wf>
         <wf lemma="artistas" pos="X">artistas</wf>
         <wf lemma="e" pos="X">e</wf>
         <wf lemma="os" pos="X">os</wf>
         <wf lemma="membros" pos="X">membros</wf>
         <wf lemma="da" pos="X">da</wf>
         <wf lemma="familia" pos="X">familia</wf>
         <wf lemma="real" pos="X">real</wf>
         <wf lemma="son" pos="X">son</wf>
         <wf lemma="figuras" pos="X">figuras</wf>
         <instance id="d000.s2181.t000" lemma="público" pos="ADJ">públicas</instance>
         <wf lemma="." pos="X">.</wf>
      </sentence>
      <sentence id="d000.s2182" source="wordnet-galician">
         <wf lemma="a" pos="X">a</wf>
         <wf lemma="investigación" pos="X">investigación</wf>
         <wf lemma="foi" pos="X">foi</wf>
         <wf lemma="moi" pos="X">moi</wf>
         <instance id="d000.s2182.t000" lemma="sistemático" pos="ADJ">sistemática</instance>
         <wf lemma="." pos="X">.</wf>
      </sentence>
      <sentence id="d000.s2183" source="wordnet-galician">
         <wf lemma="cres" pos="X">cres</wf>
         <wf lemma="que" pos="X">que</wf>
         <wf lemma="ía" pos="X">ía</wf>
         <wf lemma="esquecer" pos="X">esquecer</wf>
         <wf lemma="o" pos="X">o</wf>
         <wf lemma="crime" pos="X">crime</wf>
         <wf lemma="e" pos="X">e</wf>
         <wf lemma="deixalo" pos="X">deixalo</wf>
         <instance id="d000.s2183.t000" lemma="impune" pos="ADJ">impune</instance>
         <wf lemma="?" pos="X">?</wf>
      </sentence>
      <sentence id="d000.s2184" source="wordnet-galician">
         <wf lemma="diferenzas" pos="X">diferenzas</wf>
         <instance id="d000.s2184.t000" lemma="racial" pos="ADJ">raciais</instance>
         <wf lemma="." pos="X">.</wf>
      </sentence>
      <sentence id="d000.s2185" source="wordnet-galician">
         <wf lemma="unha" pos="X">unha</wf>
         <wf lemma="reprodución" pos="X">reprodución</wf>
         <instance id="d000.s2185.t000" lemma="perfecto" pos="ADJ">perfecta</instance>
         <wf lemma="." pos="X">.</wf>
      </sentence>
      <sentence id="d000.s2186" source="wordnet-galician">
         <wf lemma="a" pos="X">a</wf>
         <wf lemma="asistencia" pos="X">asistencia</wf>
         <wf lemma="é" pos="X">é</wf>
         <instance id="d000.s2186.t000" lemma="obrigatorio" pos="ADJ">obrigatoria</instance>
         <wf lemma="." pos="X">.</wf>
      </sentence>
      <sentence id="d000.s2187" source="wordnet-galician">
         <wf lemma="sentiuse" pos="X">sentiuse</wf>
         <instance id="d000.s2187.t000" lemma="reanimado" pos="ADJ">reanimado</instance>
         <wf lemma="polo" pos="X">polo</wf>
         <wf lemma="sentimento" pos="X">sentimento</wf>
         <wf lemma="esperanzador" pos="X">esperanzador</wf>
         <wf lemma="." pos="X">.</wf>
      </sentence>
      <sentence id="d000.s2188" source="wordnet-galician">
         <wf lemma="un" pos="X">un</wf>
         <wf lemma="relato" pos="X">relato</wf>
         <instance id="d000.s2188.t000" lemma="emocionante" pos="ADJ">emocionante</instance>
         <wf lemma="da" pos="X">da</wf>
         <wf lemma="súa" pos="X">súa</wf>
         <wf lemma="viaxe" pos="X">viaxe</wf>
         <wf lemma="." pos="X">.</wf>
      </sentence>
      <sentence id="d000.s2189" source="wordnet-galician">
         <wf lemma="as" pos="X">as</wf>
         <wf lemma="follas" pos="X">follas</wf>
         <instance id="d000.s2189.t000" lemma="composto" pos="ADJ">compostas</instance>
         <wf lemma="compóñense" pos="X">compóñense</wf>
         <wf lemma="de" pos="X">de</wf>
         <wf lemma="varios" pos="X">varios</wf>
         <wf lemma="lobos" pos="X">lobos</wf>
         <wf lemma="." pos="X">.</wf>
      </sentence>
      <sentence id="d000.s2190" source="wordnet-galician">
         <wf lemma="gozo" pos="X">gozo</wf>
         <instance id="d000.s2190.t000" lemma="limpo" pos="ADJ">limpo</instance>
         <wf lemma="e" pos="X">e</wf>
         <wf lemma="bo." pos="X">bo.</wf>
      </sentence>
      <sentence id="d000.s2191" source="wordnet-galician">
         <wf lemma="audición" pos="X">audición</wf>
         <instance id="d000.s2191.t000" lemma="biauricular" pos="ADJ">biauricular</instance>
         <wf lemma="." pos="X">.</wf>
      </sentence>
      <sentence id="d000.s2192" source="wordnet-galician">
         <wf lemma="un" pos="X">un</wf>
         <wf lemma="libro" pos="X">libro</wf>
         <instance id="d000.s2192.t000" lemma="profundo" pos="ADJ">profundo</instance>
         <wf lemma="." pos="X">.</wf>
      </sentence>
      <sentence id="d000.s2193" source="wordnet-galician">
         <wf lemma="produce" pos="X">produce</wf>
         <wf lemma="unha" pos="X">unha</wf>
         <wf lemma="rateira" pos="X">rateira</wf>
         <instance id="d000.s2193.t000" lemma="mellor" pos="ADJ">mellor</instance>
         <wf lemma="." pos="X">.</wf>
      </sentence>
      <sentence id="d000.s2194" source="wordnet-galician">
         <wf lemma="o" pos="X">o</wf>
         <wf lemma="seu" pos="X">seu</wf>
         <instance id="d000.s2194.t000" lemma="único" pos="ADJ">único</instance>
         <wf lemma="pensamento" pos="X">pensamento</wf>
         <wf lemma="era" pos="X">era</wf>
         <wf lemma="que" pos="X">que</wf>
         <wf lemma="tiña" pos="X">tiña</wf>
         <wf lemma="que" pos="X">que</wf>
         <wf lemma="escapar" pos="X">escapar</wf>
         <wf lemma="." pos="X">.</wf>
      </sentence>
      <sentence id="d000.s2195" source="wordnet-galician">
         <wf lemma="estudantes" pos="X">estudantes</wf>
         <instance id="d000.s2195.t000" lemma="superior" pos="ADJ">superiores</instance>
         <wf lemma="de" pos="X">de</wf>
         <wf lemma="matemáticas" pos="X">matemáticas</wf>
         <wf lemma="." pos="X">.</wf>
      </sentence>
      <sentence id="d000.s2196" source="wordnet-galician">
         <wf lemma="comportamento" pos="X">comportamento</wf>
         <instance id="d000.s2196.t000" lemma="imperdoable" pos="ADJ">imperdoable</instance>
         <wf lemma="." pos="X">.</wf>
      </sentence>
      <sentence id="d000.s2197" source="wordnet-galician">
         <wf lemma="as" pos="X">as</wf>
         <wf lemma="mozas" pos="X">mozas</wf>
         <wf lemma="americanas" pos="X">americanas</wf>
         <wf lemma="cren" pos="X">cren</wf>
         <wf lemma="que" pos="X">que</wf>
         <wf lemma="levar" pos="X">levar</wf>
         <wf lemma="a" pos="X">a</wf>
         <instance id="d000.s2197.t000" lemma="cintura" pos="NOUN">cintura</instance>
         <wf lemma="ao" pos="X">ao</wf>
         <wf lemma="aire" pos="X">aire</wf>
         <wf lemma="está" pos="X">está</wf>
         <wf lemma="de" pos="X">de</wf>
         <wf lemma="moda" pos="X">moda</wf>
         <wf lemma="." pos="X">.</wf>
      </sentence>
      <sentence id="d000.s2198" source="wordnet-galician">
         <wf lemma="un" pos="X">un</wf>
         <wf lemma="día" pos="X">día</wf>
         <wf lemma="como" pos="X">como</wf>
         <wf lemma="calquera" pos="X">calquera</wf>
         <wf lemma="outro" pos="X">outro</wf>
         <wf lemma="cheo" pos="X">cheo</wf>
         <wf lemma="de" pos="X">de</wf>
         <wf lemma="deberes" pos="X">deberes</wf>
         <wf lemma="e" pos="X">e</wf>
         <wf lemma="experiencias" pos="X">experiencias</wf>
         <instance id="d000.s2198.t000" lemma="familiar" pos="ADJ">familiares</instance>
         <wf lemma="." pos="X">.</wf>
      </sentence>
      <sentence id="d000.s2199" source="wordnet-galician">
         <wf lemma="auga" pos="X">auga</wf>
         <instance id="d000.s2199.t000" lemma="transparente" pos="ADJ">transparente</instance>
         <wf lemma="." pos="X">.</wf>
      </sentence>
      <sentence id="d000.s2200" source="wordnet-galician">
         <wf lemma="unha" pos="X">unha</wf>
         <wf lemma="distribución" pos="X">distribución</wf>
         <instance id="d000.s2200.t000" lemma="xusto" pos="ADJ">xusta</instance>
         <wf lemma="de" pos="X">de</wf>
         <wf lemma="agasallos" pos="X">agasallos</wf>
         <wf lemma="entre" pos="X">entre</wf>
         <wf lemma="os" pos="X">os</wf>
         <wf lemma="nenos" pos="X">nenos</wf>
         <wf lemma="." pos="X">.</wf>
      </sentence>
      <sentence id="d000.s2201" source="wordnet-galician">
         <wf lemma="un" pos="X">un</wf>
         <wf lemma="caso" pos="X">caso</wf>
         <instance id="d000.s2201.t000" lemma="típico" pos="ADJ">típico</instance>
         <wf lemma="de" pos="X">de</wf>
         <wf lemma="artrite" pos="X">artrite</wf>
         <wf lemma="." pos="X">.</wf>
      </sentence>
      <sentence id="d000.s2202" source="wordnet-galician">
         <wf lemma="o" pos="X">o</wf>
         <wf lemma="home" pos="X">home</wf>
         <wf lemma="é" pos="X">é</wf>
         <wf lemma="un" pos="X">un</wf>
         <wf lemma="axente" pos="X">axente</wf>
         <instance id="d000.s2202.t000" lemma="voluntario" pos="ADJ">voluntario</instance>
         <wf lemma="." pos="X">.</wf>
      </sentence>
      <sentence id="d000.s2203" source="wordnet-galician">
         <wf lemma="unha" pos="X">unha</wf>
         <wf lemma="enfermidade" pos="X">enfermidade</wf>
         <instance id="d000.s2203.t000" lemma="real" pos="ADJ">real</instance>
         <wf lemma="." pos="X">.</wf>
      </sentence>
      <sentence id="d000.s2204" source="wordnet-galician">
         <wf lemma="sentimentos" pos="X">sentimentos</wf>
         <instance id="d000.s2204.t000" lemma="fraterno" pos="ADJ">fraternos</instance>
         <wf lemma="." pos="X">.</wf>
      </sentence>
      <sentence id="d000.s2205" source="wordnet-galician">
         <wf lemma="os" pos="X">os</wf>
         <wf lemma="elementos" pos="X">elementos</wf>
         <instance id="d000.s2205.t000" lemma="dispensable" pos="ADJ">dispensables</instance>
         <wf lemma="dos" pos="X">dos</wf>
         <wf lemma="bens" pos="X">bens</wf>
         <wf lemma="persoais" pos="X">persoais</wf>
         <wf lemma="." pos="X">.</wf>
      </sentence>
      <sentence id="d000.s2206" source="wordnet-galician">
         <wf lemma="resolución" pos="X">resolución</wf>
         <instance id="d000.s2206.t000" lemma="inalterable" pos="ADJ">inalterable</instance>
         <wf lemma="." pos="X">.</wf>
      </sentence>
      <sentence id="d000.s2207" source="wordnet-galician">
         <wf lemma="un" pos="X">un</wf>
         <wf lemma="cinto" pos="X">cinto</wf>
         <wf lemma="de" pos="X">de</wf>
         <wf lemma="seguridade" pos="X">seguridade</wf>
         <instance id="d000.s2207.t000" lemma="axustado" pos="ADJ">axustado</instance>
         <wf lemma="." pos="X">.</wf>
      </sentence>
      <sentence id="d000.s2208" source="wordnet-galician">
         <wf lemma="vivendas" pos="X">vivendas</wf>
         <instance id="d000.s2208.t000" lemma="unifamiliar" pos="ADJ">unifamiliares</instance>
         <wf lemma="." pos="X">.</wf>
      </sentence>
      <sentence id="d000.s2209" source="wordnet-galician">
         <wf lemma="un" pos="X">un</wf>
         <wf lemma="director" pos="X">director</wf>
         <wf lemma="que" pos="X">que</wf>
         <wf lemma="ten" pos="X">ten</wf>
         <wf lemma="un" pos="X">un</wf>
         <wf lemma="interese" pos="X">interese</wf>
         <instance id="d000.s2209.t000" lemma="activo" pos="ADJ">activo</instance>
         <wf lemma="en" pos="X">en</wf>
         <wf lemma="operacións" pos="X">operacións</wf>
         <wf lemma="corporativas" pos="X">corporativas</wf>
         <wf lemma="." pos="X">.</wf>
      </sentence>
      <sentence id="d000.s2210" source="wordnet-galician">
         <wf lemma="unha" pos="X">unha</wf>
         <wf lemma="proba" pos="X">proba</wf>
         <wf lemma="de" pos="X">de</wf>
         <wf lemma="embarazo" pos="X">embarazo</wf>
         <instance id="d000.s2210.t000" lemma="positivo" pos="ADJ">positiva</instance>
         <wf lemma="." pos="X">.</wf>
      </sentence>
      <sentence id="d000.s2211" source="wordnet-galician">
         <wf lemma="tropas" pos="X">tropas</wf>
         <instance id="d000.s2211.t000" lemma="irregular" pos="ADJ">irregulares</instance>
         <wf lemma="." pos="X">.</wf>
      </sentence>
      <sentence id="d000.s2212" source="wordnet-galician">
         <wf lemma="axuda" pos="X">axuda</wf>
         <instance id="d000.s2212.t000" lemma="mutuo" pos="ADJ">mutua</instance>
         <wf lemma="." pos="X">.</wf>
      </sentence>
      <sentence id="d000.s2213" source="wordnet-galician">
         <wf lemma="na" pos="X">na</wf>
         <wf lemma="marxe" pos="X">marxe</wf>
         <instance id="d000.s2213.t000" lemma="esquerda" pos="ADJ">esquerda</instance>
         <wf lemma="do" pos="X">do</wf>
         <wf lemma="río" pos="X">río</wf>
         <wf lemma="." pos="X">.</wf>
      </sentence>
      <sentence id="d000.s2214" source="wordnet-galician">
         <wf lemma="un" pos="X">un</wf>
         <wf lemma="lugar" pos="X">lugar</wf>
         <wf lemma="perfectamente" pos="X">perfectamente</wf>
         <instance id="d000.s2214.t000" lemma="conforme" pos="ADJ">conforme</instance>
         <wf lemma="coa" pos="X">coa</wf>
         <wf lemma="natureza" pos="X">natureza</wf>
         <wf lemma="do" pos="X">do</wf>
         <wf lemma="home" pos="X">home</wf>
         <wf lemma="(" pos="X">(</wf>
         <wf lemma="Thomas" pos="X">Thomas</wf>
         <wf lemma="Hardy" pos="X">Hardy</wf>
         <wf lemma=")" pos="X">)</wf>
         <wf lemma="." pos="X">.</wf>
      </sentence>
      <sentence id="d000.s2215" source="wordnet-galician">
         <wf lemma="a" pos="X">a</wf>
         <wf lemma="fase" pos="X">fase</wf>
         <instance id="d000.s2215.t000" lemma="agudo" pos="ADJ">aguda</instance>
         <wf lemma="da" pos="X">da</wf>
         <wf lemma="enfermidade" pos="X">enfermidade</wf>
         <wf lemma="." pos="X">.</wf>
      </sentence>
      <sentence id="d000.s2216" source="wordnet-galician">
         <wf lemma="ollo" pos="X">ollo</wf>
         <instance id="d000.s2216.t000" lemma="perceptivo" pos="ADJ">perceptivo</instance>
         <wf lemma="." pos="X">.</wf>
      </sentence>
      <sentence id="d000.s2217" source="wordnet-galician">
         <instance id="d000.s2217.t000" lemma="profundo" pos="ADJ">profundo</instance>
         <wf lemma="desprezo" pos="X">desprezo</wf>
         <wf lemma="." pos="X">.</wf>
      </sentence>
      <sentence id="d000.s2218" source="wordnet-galician">
         <wf lemma="a" pos="X">a</wf>
         <wf lemma="resposta" pos="X">resposta</wf>
         <wf lemma="inmune" pos="X">inmune</wf>
         <wf lemma="recoñece" pos="X">recoñece</wf>
         <wf lemma="a" pos="X">a</wf>
         <wf lemma="invasión" pos="X">invasión</wf>
         <wf lemma="de" pos="X">de</wf>
         <instance id="d000.s2218.t000" lemma="substancia" pos="NOUN">substancias</instance>
         <wf lemma="." pos="X">.</wf>
      </sentence>
      <sentence id="d000.s2219" source="wordnet-galician">
         <wf lemma="unha" pos="X">unha</wf>
         <wf lemma="persoa" pos="X">persoa</wf>
         <instance id="d000.s2219.t000" lemma="insolvente" pos="ADJ">insolvente</instance>
         <wf lemma="." pos="X">.</wf>
      </sentence>
      <sentence id="d000.s2220" source="wordnet-galician">
         <wf lemma="verdades" pos="X">verdades</wf>
         <instance id="d000.s2220.t000" lemma="desagradable" pos="ADJ">desagradables</instance>
         <wf lemma="." pos="X">.</wf>
      </sentence>
      <sentence id="d000.s2221" source="wordnet-galician">
         <wf lemma="unha" pos="X">unha</wf>
         <wf lemma="antena" pos="X">antena</wf>
         <instance id="d000.s2221.t000" lemma="unidireccional" pos="ADJ">unidireccional</instance>
         <wf lemma="." pos="X">.</wf>
      </sentence>
      <sentence id="d000.s2222" source="wordnet-galician">
         <wf lemma="o" pos="X">o</wf>
         <instance id="d000.s2222.t000" lemma="último" pos="ADJ">último</instance>
         <wf lemma="partido" pos="X">partido</wf>
         <wf lemma="da" pos="X">da</wf>
         <wf lemma="tempada" pos="X">tempada</wf>
         <wf lemma="." pos="X">.</wf>
      </sentence>
      <sentence id="d000.s2223" source="wordnet-galician">
         <wf lemma="un" pos="X">un</wf>
         <wf lemma="estado" pos="X">estado</wf>
         <wf lemma="de" pos="X">de</wf>
         <wf lemma="espírito" pos="X">espírito</wf>
         <instance id="d000.s2223.t000" lemma="inestable" pos="ADJ">inestable</instance>
         <wf lemma="." pos="X">.</wf>
      </sentence>
      <sentence id="d000.s2224" source="wordnet-galician">
         <wf lemma="é" pos="X">é</wf>
         <wf lemma="moi" pos="X">moi</wf>
         <instance id="d000.s2224.t000" lemma="empático" pos="ADJ">empático</instance>
         <wf lemma="co" pos="X">co</wf>
         <wf lemma="alumnado" pos="X">alumnado</wf>
         <wf lemma="." pos="X">.</wf>
      </sentence>
      <sentence id="d000.s2225" source="wordnet-galician">
         <wf lemma="un" pos="X">un</wf>
         <wf lemma="rapaz" pos="X">rapaz</wf>
         <wf lemma="enérxico" pos="X">enérxico</wf>
         <wf lemma="e" pos="X">e</wf>
         <instance id="d000.s2225.t000" lemma="asertivo" pos="ADJ">asertivo</instance>
         <wf lemma="que" pos="X">que</wf>
         <wf lemma="estaba" pos="X">estaba</wf>
         <wf lemma="sempre" pos="X">sempre</wf>
         <wf lemma="disposto" pos="X">disposto</wf>
         <wf lemma="a" pos="X">a</wf>
         <wf lemma="discutir" pos="X">discutir</wf>
         <wf lemma="." pos="X">.</wf>
      </sentence>
      <sentence id="d000.s2226" source="wordnet-galician">
         <wf lemma="metal" pos="X">metal</wf>
         <instance id="d000.s2226.t000" lemma="intratable" pos="ADJ">intratable</instance>
         <wf lemma="." pos="X">.</wf>
      </sentence>
      <sentence id="d000.s2227" source="wordnet-galician">
         <wf lemma="o" pos="X">o</wf>
         <wf lemma="amidón" pos="X">amidón</wf>
         <wf lemma="úsase" pos="X">úsase</wf>
         <wf lemma="na" pos="X">na</wf>
         <wf lemma="cociña" pos="X">cociña</wf>
         <wf lemma="como" pos="X">como</wf>
         <instance id="d000.s2227.t000" lemma="espesante" pos="NOUN">espesante</instance>
         <wf lemma="." pos="X">.</wf>
      </sentence>
      <sentence id="d000.s2228" source="wordnet-galician">
         <wf lemma="unha" pos="X">unha</wf>
         <wf lemma="fermosa" pos="X">fermosa</wf>
         <wf lemma="preparación" pos="X">preparación</wf>
         <instance id="d000.s2228.t000" lemma="exterior" pos="ADJ">exterior</instance>
         <wf lemma="para" pos="X">para</wf>
         <wf lemma="a" pos="X">a</wf>
         <wf lemma="voda" pos="X">voda</wf>
         <wf lemma="." pos="X">.</wf>
      </sentence>
      <sentence id="d000.s2229" source="wordnet-galician">
         <wf lemma="unha" pos="X">unha</wf>
         <wf lemma="piña" pos="X">piña</wf>
         <wf lemma="é" pos="X">é</wf>
         <wf lemma="un" pos="X">un</wf>
         <wf lemma="froito" pos="X">froito</wf>
         <instance id="d000.s2229.t000" lemma="múltiple" pos="ADJ">múltiple</instance>
         <wf lemma="." pos="X">.</wf>
      </sentence>
      <sentence id="d000.s2230" source="wordnet-galician">
         <wf lemma="prexuízos" pos="X">prexuízos</wf>
         <instance id="d000.s2230.t000" lemma="irreparable" pos="ADJ">irreparables</instance>
         <wf lemma="." pos="X">.</wf>
      </sentence>
      <sentence id="d000.s2231" source="wordnet-galician">
         <instance id="d000.s2231.t000" lemma="toxoide" pos="NOUN">toxoide</instance>
         <wf lemma="diftérico" pos="X">diftérico</wf>
         <wf lemma="." pos="X">.</wf>
      </sentence>
      <sentence id="d000.s2232" source="wordnet-galician">
         <wf lemma="o" pos="X">o</wf>
         <wf lemma="meu" pos="X">meu</wf>
         <wf lemma="estado" pos="X">estado</wf>
         <instance id="d000.s2232.t000" lemma="adoptivo" pos="ADJ">adoptivo</instance>
         <wf lemma="." pos="X">.</wf>
      </sentence>
      <sentence id="d000.s2233" source="wordnet-galician">
         <wf lemma="a" pos="X">a</wf>
         <wf lemma="dura" pos="X">dura</wf>
         <wf lemma="sentenza" pos="X">sentenza</wf>
         <wf lemma="dun" pos="X">dun</wf>
         <wf lemma="xuíz" pos="X">xuíz</wf>
         <instance id="d000.s2233.t000" lemma="inclemente" pos="ADJ">inclemente</instance>
         <wf lemma="." pos="X">.</wf>
      </sentence>
      <sentence id="d000.s2234" source="wordnet-galician">
         <wf lemma="a" pos="X">a</wf>
         <wf lemma="sección" pos="X">sección</wf>
         <instance id="d000.s2234.t000" lemma="frontal" pos="ADJ">frontal</instance>
         <wf lemma="do" pos="X">do</wf>
         <wf lemma="avión" pos="X">avión</wf>
         <wf lemma="." pos="X">.</wf>
      </sentence>
      <sentence id="d000.s2235" source="wordnet-galician">
         <wf lemma="o" pos="X">o</wf>
         <wf lemma="seu" pos="X">seu</wf>
         <instance id="d000.s2235.t000" lemma="primeiro" pos="ADJ">primeiro</instance>
         <wf lemma="fillo" pos="X">fillo</wf>
         <wf lemma="." pos="X">.</wf>
      </sentence>
      <sentence id="d000.s2236" source="wordnet-galician">
         <wf lemma="vestido" pos="X">vestido</wf>
         <instance id="d000.s2236.t000" lemma="formal" pos="ADJ">formal</instance>
         <wf lemma="." pos="X">.</wf>
      </sentence>
      <sentence id="d000.s2237" source="wordnet-galician">
         <wf lemma="comezamos" pos="X">comezamos</wf>
         <wf lemma="a" pos="X">a</wf>
         <wf lemma="remolcar" pos="X">remolcar</wf>
         <wf lemma="a" pos="X">a</wf>
         <wf lemma="estrutura" pos="X">estrutura</wf>
         <instance id="d000.s2237.t000" lemma="pesado" pos="ADJ">pesada</instance>
         <wf lemma="cara" pos="X">cara</wf>
         <wf lemma="ao" pos="X">ao</wf>
         <wf lemma="refuxio" pos="X">refuxio</wf>
         <wf lemma="." pos="X">.</wf>
      </sentence>
      <sentence id="d000.s2238" source="wordnet-galician">
         <wf lemma="en" pos="X">en</wf>
         <wf lemma="termos" pos="X">termos</wf>
         <instance id="d000.s2238.t000" lemma="xeral" pos="ADJ">xerais</instance>
         <wf lemma="." pos="X">.</wf>
      </sentence>
      <sentence id="d000.s2239" source="wordnet-galician">
         <wf lemma="un" pos="X">un</wf>
         <wf lemma="xestor" pos="X">xestor</wf>
         <instance id="d000.s2239.t000" lemma="prudente" pos="ADJ">prudente</instance>
         <wf lemma="." pos="X">.</wf>
      </sentence>
      <sentence id="d000.s2240" source="wordnet-galician">
         <wf lemma="foron" pos="X">foron</wf>
         <instance id="d000.s2240.t000" lemma="cauteloso" pos="ADJ">cautelosos</instance>
         <wf lemma="nos" pos="X">nos</wf>
         <wf lemma="seus" pos="X">seus</wf>
         <wf lemma="movementos" pos="X">movementos</wf>
         <wf lemma="." pos="X">.</wf>
      </sentence>
      <sentence id="d000.s2241" source="wordnet-galician">
         <instance id="d000.s2241.t000" lemma="algún" pos="ADJ">algún</instance>
         <wf lemma="papel" pos="X">papel</wf>
         <wf lemma="." pos="X">.</wf>
      </sentence>
      <sentence id="d000.s2242" source="wordnet-galician">
         <wf lemma="o" pos="X">o</wf>
         <wf lemma="comportamento" pos="X">comportamento</wf>
         <instance id="d000.s2242.t000" lemma="atípico" pos="ADJ">atípico</instance>
         <wf lemma="non" pos="X">non</wf>
         <wf lemma="é" pos="X">é</wf>
         <wf lemma="o" pos="X">o</wf>
         <wf lemma="tipo" pos="X">tipo</wf>
         <wf lemma="de" pos="X">de</wf>
         <wf lemma="resposta" pos="X">resposta</wf>
         <wf lemma="que" pos="X">que</wf>
         <wf lemma="podemos" pos="X">podemos</wf>
         <wf lemma="esperar" pos="X">esperar</wf>
         <wf lemma="dos" pos="X">dos</wf>
         <wf lemma="nenos" pos="X">nenos</wf>
         <wf lemma="." pos="X">.</wf>
      </sentence>
      <sentence id="d000.s2243" source="wordnet-galician">
         <wf lemma="unha" pos="X">unha</wf>
         <wf lemma="parte" pos="X">parte</wf>
         <instance id="d000.s2243.t000" lemma="fraccional" pos="ADJ">fraccional</instance>
         <wf lemma="do" pos="X">do</wf>
         <wf lemma="voto" pos="X">voto</wf>
         <wf lemma="." pos="X">.</wf>
      </sentence>
      <sentence id="d000.s2244" source="wordnet-galician">
         <wf lemma="sufriron" pos="X">sufriron</wf>
         <wf lemma="unha" pos="X">unha</wf>
         <wf lemma="exposición" pos="X">exposición</wf>
         <wf lemma="a" pos="X">a</wf>
         <wf lemma="substancias" pos="X">substancias</wf>
         <instance id="d000.s2244.t000" lemma="tóxico" pos="ADJ">tóxicas</instance>
         <wf lemma="." pos="X">.</wf>
      </sentence>
      <sentence id="d000.s2245" source="wordnet-galician">
         <wf lemma="visitantes" pos="X">visitantes</wf>
         <instance id="d000.s2245.t000" lemma="inoportuno" pos="ADJ">inoportunos</instance>
         <wf lemma="." pos="X">.</wf>
      </sentence>
      <sentence id="d000.s2246" source="wordnet-galician">
         <wf lemma="grande" pos="X">grande</wf>
         <wf lemma="bufo" pos="X">bufo</wf>
         <instance id="d000.s2246.t000" lemma="cornudo" pos="ADJ">cornudo</instance>
         <wf lemma="." pos="X">.</wf>
      </sentence>
      <sentence id="d000.s2247" source="wordnet-galician">
         <wf lemma="un" pos="X">un</wf>
         <wf lemma="triste" pos="X">triste</wf>
         <wf lemma="efecto" pos="X">efecto</wf>
         <wf lemma="secundario" pos="X">secundario</wf>
         <wf lemma="dos" pos="X">dos</wf>
         <wf lemma="antiinflamatorios" pos="X">antiinflamatorios</wf>
         <wf lemma="non" pos="X">non</wf>
         <wf lemma="esteroides" pos="X">esteroides</wf>
         <wf lemma="é" pos="X">é</wf>
         <wf lemma="que" pos="X">que</wf>
         <wf lemma="bloquean" pos="X">bloquean</wf>
         <wf lemma="o" pos="X">o</wf>
         <instance id="d000.s2247.t000" lemma="cox-1" pos="NOUN">COX-1</instance>
         <wf lemma="." pos="X">.</wf>
      </sentence>
      <sentence id="d000.s2248" source="wordnet-galician">
         <wf lemma="unha" pos="X">unha</wf>
         <wf lemma="escena" pos="X">escena</wf>
         <wf lemma="dunha" pos="X">dunha</wf>
         <wf lemma="beleza" pos="X">beleza</wf>
         <instance id="d000.s2248.t000" lemma="inusual" pos="ADJ">inusual</instance>
         <wf lemma="." pos="X">.</wf>
      </sentence>
      <sentence id="d000.s2249" source="wordnet-galician">
         <wf lemma="África" pos="X">África</wf>
         <instance id="d000.s2249.t000" lemma="ecuatorial" pos="ADJ">ecuatorial</instance>
         <wf lemma="." pos="X">.</wf>
      </sentence>
      <sentence id="d000.s2250" source="wordnet-galician">
         <wf lemma="pasos" pos="X">pasos</wf>
         <instance id="d000.s2250.t000" lemma="eficaz" pos="ADJ">eficaces</instance>
         <wf lemma="para" pos="X">para</wf>
         <wf lemma="a" pos="X">a</wf>
         <wf lemma="paz" pos="X">paz</wf>
         <wf lemma="." pos="X">.</wf>
      </sentence>
      <sentence id="d000.s2251" source="wordnet-galician">
         <wf lemma="o" pos="X">o</wf>
         <instance id="d000.s2251.t000" lemma="cadáver" pos="NOUN">cadáver</instance>
         <wf lemma="foi" pos="X">foi</wf>
         <wf lemma="destinado" pos="X">destinado</wf>
         <wf lemma="para" pos="X">para</wf>
         <wf lemma="a" pos="X">a</wf>
         <wf lemma="disección" pos="X">disección</wf>
         <wf lemma="." pos="X">.</wf>
      </sentence>
      <sentence id="d000.s2252" source="wordnet-galician">
         <wf lemma="unha" pos="X">unha</wf>
         <wf lemma="personalidade" pos="X">personalidade</wf>
         <instance id="d000.s2252.t000" lemma="forte" pos="ADJ">forte</instance>
         <wf lemma="." pos="X">.</wf>
      </sentence>
      <sentence id="d000.s2253" source="wordnet-galician">
         <wf lemma="ensinouna" pos="X">ensinouna</wf>
         <wf lemma="a" pos="X">a</wf>
         <wf lemma="ser" pos="X">ser</wf>
         <instance id="d000.s2253.t000" lemma="cauteloso" pos="ADJ">cautelosa</instance>
         <wf lemma="con" pos="X">con</wf>
         <wf lemma="estraños" pos="X">estraños</wf>
         <wf lemma="." pos="X">.</wf>
      </sentence>
      <sentence id="d000.s2254" source="wordnet-galician">
         <wf lemma="artigos" pos="X">artigos</wf>
         <wf lemma="para" pos="X">para</wf>
         <wf lemma="un" pos="X">un</wf>
         <wf lemma="uso" pos="X">uso</wf>
         <instance id="d000.s2254.t000" lemma="actual" pos="ADJ">actual</instance>
         <wf lemma="." pos="X">.</wf>
      </sentence>
      <sentence id="d000.s2255" source="wordnet-galician">
         <wf lemma="ás" pos="X">ás</wf>
         <wf lemma="veces" pos="X">veces</wf>
         <wf lemma="tomando" pos="X">tomando</wf>
         <wf lemma="un" pos="X">un</wf>
         <wf lemma="camiño" pos="X">camiño</wf>
         <instance id="d000.s2255.t000" lemma="indirecto" pos="ADJ">indirecto</instance>
         <wf lemma="aforras" pos="X">aforras</wf>
         <wf lemma="tempo" pos="X">tempo</wf>
         <wf lemma="." pos="X">.</wf>
      </sentence>
      <sentence id="d000.s2256" source="wordnet-galician">
         <wf lemma="árbores" pos="X">árbores</wf>
         <instance id="d000.s2256.t000" lemma="alto" pos="ADJ">altas</instance>
         <wf lemma="." pos="X">.</wf>
      </sentence>
      <sentence id="d000.s2257" source="wordnet-galician">
         <wf lemma="un" pos="X">un</wf>
         <wf lemma="inimigo" pos="X">inimigo</wf>
         <instance id="d000.s2257.t000" lemma="implacable" pos="ADJ">implacable</instance>
         <wf lemma="." pos="X">.</wf>
      </sentence>
      <sentence id="d000.s2258" source="wordnet-galician">
         <wf lemma="un" pos="X">un</wf>
         <instance id="d000.s2258.t000" lemma="alto" pos="ADJ">alto</instance>
         <wf lemma="cargo" pos="X">cargo</wf>
         <wf lemma="." pos="X">.</wf>
      </sentence>
      <sentence id="d000.s2259" source="wordnet-galician">
         <wf lemma="a" pos="X">a</wf>
         <wf lemma="repoboación" pos="X">repoboación</wf>
         <wf lemma="de" pos="X">de</wf>
         <instance id="d000.s2259.t000" lemma="posguerra" pos="ADJ">posguerra</instance>
         <wf lemma="." pos="X">.</wf>
      </sentence>
      <sentence id="d000.s2260" source="wordnet-galician">
         <wf lemma="algo" pos="X">algo</wf>
         <instance id="d000.s2260.t000" lemma="ponderable" pos="ADJ">ponderable</instance>
         <wf lemma="do" pos="X">do</wf>
         <wf lemma="mundo" pos="X">mundo</wf>
         <wf lemma="exterior" pos="X">exterior</wf>
         <wf lemma="-" pos="X">-</wf>
         <wf lemma="algo" pos="X">algo</wf>
         <wf lemma="do" pos="X">do</wf>
         <wf lemma="que" pos="X">que</wf>
         <wf lemma="poidamos" pos="X">poidamos</wf>
         <wf lemma="dicir" pos="X">dicir</wf>
         <wf lemma="que" pos="X">que</wf>
         <wf lemma="o" pos="X">o</wf>
         <wf lemma="seu" pos="X">seu</wf>
         <wf lemma="peso" pos="X">peso</wf>
         <wf lemma="é" pos="X">é</wf>
         <wf lemma="deste" pos="X">deste</wf>
         <wf lemma="xeito" pos="X">xeito</wf>
         <wf lemma="ou" pos="X">ou</wf>
         <wf lemma="do" pos="X">do</wf>
         <wf lemma="outro" pos="X">outro</wf>
         <wf lemma="(" pos="X">(</wf>
         <wf lemma="James" pos="X">James</wf>
         <wf lemma="Jeans" pos="X">Jeans</wf>
         <wf lemma=")" pos="X">)</wf>
         <wf lemma="." pos="X">.</wf>
      </sentence>
      <sentence id="d000.s2261" source="wordnet-galician">
         <wf lemma="defectos" pos="X">defectos</wf>
         <wf lemma="de" pos="X">de</wf>
         <wf lemma="carácter" pos="X">carácter</wf>
         <instance id="d000.s2261.t000" lemma="irremediable" pos="ADJ">irremediable</instance>
         <wf lemma="." pos="X">.</wf>
      </sentence>
      <sentence id="d000.s2262" source="wordnet-galician">
         <wf lemma="terra" pos="X">terra</wf>
         <instance id="d000.s2262.t000" lemma="insensible" pos="ADJ">insensible</instance>
         <wf lemma="." pos="X">.</wf>
      </sentence>
      <sentence id="d000.s2263" source="wordnet-galician">
         <wf lemma="arte" pos="X">arte</wf>
         <instance id="d000.s2263.t000" lemma="representativo" pos="ADJ">representativa</instance>
         <wf lemma="." pos="X">.</wf>
      </sentence>
      <sentence id="d000.s2264" source="wordnet-galician">
         <wf lemma="unha" pos="X">unha</wf>
         <wf lemma="influencia" pos="X">influencia</wf>
         <instance id="d000.s2264.t000" lemma="maligno" pos="ADJ">maligna</instance>
         <wf lemma="." pos="X">.</wf>
      </sentence>
      <sentence id="d000.s2265" source="wordnet-galician">
         <wf lemma="gañou" pos="X">gañou</wf>
         <wf lemma="por" pos="X">por</wf>
         <wf lemma="unha" pos="X">unha</wf>
         <instance id="d000.s2265.t000" lemma="estreito" pos="ADJ">estreita</instance>
         <wf lemma="marxe" pos="X">marxe</wf>
         <wf lemma="." pos="X">.</wf>
      </sentence>
      <sentence id="d000.s2266" source="wordnet-galician">
         <wf lemma="un" pos="X">un</wf>
         <wf lemma="árbitro" pos="X">árbitro</wf>
         <instance id="d000.s2266.t000" lemma="xusto" pos="ADJ">xusto</instance>
         <wf lemma="." pos="X">.</wf>
      </sentence>
      <sentence id="d000.s2267" source="wordnet-galician">
         <wf lemma="esencialmente" pos="X">esencialmente</wf>
         <instance id="d000.s2267.t000" lemma="humilde" pos="ADJ">humilde</instance>
         <wf lemma="..." pos="X">...</wf>
         <wf lemma="e" pos="X">e</wf>
         <wf lemma="modesto" pos="X">modesto</wf>
         <wf lemma="," pos="X">,</wf>
         <wf lemma="acadou" pos="X">acadou</wf>
         <wf lemma="as" pos="X">as</wf>
         <wf lemma="máis" pos="X">máis</wf>
         <wf lemma="altas" pos="X">altas</wf>
         <wf lemma="honras" pos="X">honras</wf>
         <wf lemma="e" pos="X">e</wf>
         <wf lemma="distincións" pos="X">distincións</wf>
         <wf lemma="formais" pos="X">formais</wf>
         <wf lemma="(" pos="X">(</wf>
         <wf lemma="B." pos="X">B.</wf>
         <wf lemma="K." pos="X">K.</wf>
         <wf lemma="Malinowski" pos="X">Malinowski</wf>
         <wf lemma=")" pos="X">)</wf>
         <wf lemma="." pos="X">.</wf>
      </sentence>
      <sentence id="d000.s2268" source="wordnet-galician">
         <wf lemma="unha" pos="X">unha</wf>
         <wf lemma="transmisión" pos="X">transmisión</wf>
         <instance id="d000.s2268.t000" lemma="roto" pos="ADJ">rota</instance>
         <wf lemma="por" pos="X">por</wf>
         <wf lemma="cable" pos="X">cable</wf>
         <wf lemma="." pos="X">.</wf>
      </sentence>
      <sentence id="d000.s2269" source="wordnet-galician">
         <wf lemma="as" pos="X">as</wf>
         <wf lemma="ideas" pos="X">ideas</wf>
         <instance id="d000.s2269.t000" lemma="impopular" pos="ADJ">impopulares</instance>
         <wf lemma="." pos="X">.</wf>
      </sentence>
      <sentence id="d000.s2270" source="wordnet-galician">
         <wf lemma="un" pos="X">un</wf>
         <wf lemma="problema" pos="X">problema</wf>
         <instance id="d000.s2270.t000" lemma="ético" pos="ADJ">ético</instance>
         <wf lemma="." pos="X">.</wf>
      </sentence>
      <sentence id="d000.s2271" source="wordnet-galician">
         <wf lemma="a" pos="X">a</wf>
         <wf lemma="tributación" pos="X">tributación</wf>
         <instance id="d000.s2271.t000" lemma="inxusto" pos="ADJ">inxusta</instance>
         <wf lemma="." pos="X">.</wf>
      </sentence>
      <sentence id="d000.s2272" source="wordnet-galician">
         <wf lemma="acontecemento" pos="X">acontecemento</wf>
         <instance id="d000.s2272.t000" lemma="explosivo" pos="ADJ">explosivo</instance>
         <wf lemma="." pos="X">.</wf>
      </sentence>
      <sentence id="d000.s2273" source="wordnet-galician">
         <wf lemma="correr" pos="X">correr</wf>
         <wf lemma="sobre" pos="X">sobre</wf>
         <wf lemma="o" pos="X">o</wf>
         <wf lemma="xeo" pos="X">xeo</wf>
         <wf lemma="é" pos="X">é</wf>
         <instance id="d000.s2273.t000" lemma="desaconsellable" pos="ADJ">desaconsellable</instance>
         <wf lemma="." pos="X">.</wf>
      </sentence>
      <sentence id="d000.s2274" source="wordnet-galician">
         <wf lemma="broma" pos="X">broma</wf>
         <instance id="d000.s2274.t000" lemma="atractivo" pos="ADJ">atractiva</instance>
         <wf lemma="." pos="X">.</wf>
      </sentence>
      <sentence id="d000.s2275" source="wordnet-galician">
         <wf lemma="unha" pos="X">unha</wf>
         <wf lemma="substancia" pos="X">substancia</wf>
         <instance id="d000.s2275.t000" lemma="mutable" pos="ADJ">mutable</instance>
         <wf lemma="." pos="X">.</wf>
      </sentence>
      <sentence id="d000.s2276" source="wordnet-galician">
         <wf lemma="latín" pos="X">latín</wf>
         <instance id="d000.s2276.t000" lemma="tardío" pos="ADJ">tardío</instance>
         <wf lemma="." pos="X">.</wf>
      </sentence>
      <sentence id="d000.s2277" source="wordnet-galician">
         <wf lemma="voto" pos="X">voto</wf>
         <instance id="d000.s2277.t000" lemma="favorable" pos="ADJ">favorable</instance>
         <wf lemma="." pos="X">.</wf>
      </sentence>
      <sentence id="d000.s2278" source="wordnet-galician">
         <wf lemma="deu" pos="X">deu</wf>
         <wf lemma="unha" pos="X">unha</wf>
         <instance id="d000.s2278.t000" lemma="afectuoso" pos="ADJ">afectuosa</instance>
         <wf lemma="acollida" pos="X">acollida</wf>
         <wf lemma="ao" pos="X">ao</wf>
         <wf lemma="descoñecido" pos="X">descoñecido</wf>
         <wf lemma="." pos="X">.</wf>
      </sentence>
      <sentence id="d000.s2279" source="wordnet-galician">
         <wf lemma="o" pos="X">o</wf>
         <wf lemma="alcohol" pos="X">alcohol</wf>
         <wf lemma="ten" pos="X">ten</wf>
         <wf lemma="un" pos="X">un</wf>
         <wf lemma="efecto" pos="X">efecto</wf>
         <instance id="d000.s2279.t000" lemma="antiséptico" pos="ADJ">antiséptico</instance>
         <wf lemma="." pos="X">.</wf>
      </sentence>
      <sentence id="d000.s2280" source="wordnet-galician">
         <wf lemma="síntome" pos="X">síntome</wf>
         <instance id="d000.s2280.t000" lemma="mellor" pos="ADJ">mellor</instance>
         <wf lemma="." pos="X">.</wf>
      </sentence>
      <sentence id="d000.s2281" source="wordnet-galician">
         <wf lemma="movementos" pos="X">movementos</wf>
         <instance id="d000.s2281.t000" lemma="voluntario" pos="ADJ">voluntarios</instance>
         <wf lemma="." pos="X">.</wf>
      </sentence>
      <sentence id="d000.s2282" source="wordnet-galician">
         <wf lemma="veu" pos="X">veu</wf>
         <wf lemma="o" pos="X">o</wf>
         <instance id="d000.s2282.t000" lemma="descontento" pos="ADJ">descontento</instance>
         <wf lemma="en" pos="X">en</wf>
         <wf lemma="moitas" pos="X">moitas</wf>
         <wf lemma="caras" pos="X">caras</wf>
         <wf lemma="da" pos="X">da</wf>
         <wf lemma="sala" pos="X">sala</wf>
         <wf lemma="." pos="X">.</wf>
      </sentence>
      <sentence id="d000.s2283" source="wordnet-galician">
         <wf lemma="tecido" pos="X">tecido</wf>
         <instance id="d000.s2283.t000" lemma="liso" pos="ADJ">liso</instance>
         <wf lemma="." pos="X">.</wf>
      </sentence>
      <sentence id="d000.s2284" source="wordnet-galician">
         <wf lemma="non" pos="X">non</wf>
         <wf lemma="respondería" pos="X">respondería</wf>
         <wf lemma="tan" pos="X">tan</wf>
         <instance id="d000.s2284.t000" lemma="indefinido" pos="ADJ">indefinido</instance>
         <wf lemma="unha" pos="X">unha</wf>
         <wf lemma="proposta" pos="X">proposta</wf>
         <wf lemma="." pos="X">.</wf>
      </sentence>
      <sentence id="d000.s2285" source="wordnet-galician">
         <wf lemma="os" pos="X">os</wf>
         <instance id="d000.s2285.t000" lemma="escaso" pos="ADJ">escasos</instance>
         <wf lemma="recursos" pos="X">recursos</wf>
         <wf lemma="." pos="X">.</wf>
      </sentence>
      <sentence id="d000.s2286" source="wordnet-galician">
         <wf lemma="conversas" pos="X">conversas</wf>
         <instance id="d000.s2286.t000" lemma="privado" pos="ADJ">privadas</instance>
         <wf lemma="." pos="X">.</wf>
      </sentence>
      <sentence id="d000.s2287" source="wordnet-galician">
         <wf lemma="os" pos="X">os</wf>
         <wf lemma="dispositivos" pos="X">dispositivos</wf>
         <wf lemma="polos" pos="X">polos</wf>
         <wf lemma="que" pos="X">que</wf>
         <wf lemma="os" pos="X">os</wf>
         <wf lemma="homes" pos="X">homes</wf>
         <instance id="d000.s2287.t000" lemma="ignorante" pos="ADJ">ignorantes</instance>
         <wf lemma="conservan" pos="X">conservan</wf>
         <wf lemma="a" pos="X">a</wf>
         <wf lemma="orde" pos="X">orde</wf>
         <wf lemma="social" pos="X">social</wf>
         <wf lemma="inxusta" pos="X">inxusta</wf>
         <wf lemma="." pos="X">.</wf>
      </sentence>
      <sentence id="d000.s2288" source="wordnet-galician">
         <wf lemma="o" pos="X">o</wf>
         <wf lemma="avogado" pos="X">avogado</wf>
         <instance id="d000.s2288.t000" lemma="ético" pos="ADJ">ético</instance>
         <wf lemma="." pos="X">.</wf>
      </sentence>
      <sentence id="d000.s2289" source="wordnet-galician">
         <wf lemma="en" pos="X">en</wf>
         <wf lemma="transo" pos="X">transo</wf>
         <instance id="d000.s2289.t000" lemma="superficial" pos="ADJ">superficial</instance>
         <wf lemma="." pos="X">.</wf>
      </sentence>
      <sentence id="d000.s2290" source="wordnet-galician">
         <wf lemma="Sócrates" pos="X">Sócrates</wf>
         <wf lemma="rexeitou" pos="X">rexeitou</wf>
         <wf lemma="fuxir" pos="X">fuxir</wf>
         <wf lemma="e" pos="X">e</wf>
         <wf lemma="morreu" pos="X">morreu</wf>
         <wf lemma="por" pos="X">por</wf>
         <wf lemma="beber" pos="X">beber</wf>
         <instance id="d000.s2290.t000" lemma="cicuta" pos="NOUN">cicuta</instance>
         <wf lemma="." pos="X">.</wf>
      </sentence>
      <sentence id="d000.s2291" source="wordnet-galician">
         <wf lemma="unha" pos="X">unha</wf>
         <wf lemma="copia" pos="X">copia</wf>
         <instance id="d000.s2291.t000" lemma="exacto" pos="ADJ">exacta</instance>
         <wf lemma="." pos="X">.</wf>
      </sentence>
      <sentence id="d000.s2292" source="wordnet-galician">
         <wf lemma="as" pos="X">as</wf>
         <wf lemma="melodías" pos="X">melodías</wf>
         <instance id="d000.s2292.t000" lemma="provocativo" pos="ADJ">provocativas</instance>
         <wf lemma="irlandesas" pos="X">irlandesas</wf>
         <wf lemma="..." pos="X">...</wf>
         <wf lemma="que" pos="X">que</wf>
         <wf lemma="obrigan" pos="X">obrigan</wf>
         <wf lemma="aos" pos="X">aos</wf>
         <wf lemma="que" pos="X">que</wf>
         <wf lemma="as" pos="X">as</wf>
         <wf lemma="escoitan" pos="X">escoitan</wf>
         <wf lemma="a" pos="X">a</wf>
         <wf lemma="pórse" pos="X">pórse</wf>
         <wf lemma="a" pos="X">a</wf>
         <wf lemma="bailar" pos="X">bailar</wf>
         <wf lemma="(" pos="X">(</wf>
         <wf lemma="Anthony" pos="X">Anthony</wf>
         <wf lemma="Trollope" pos="X">Trollope</wf>
         <wf lemma=")" pos="X">)</wf>
         <wf lemma="." pos="X">.</wf>
      </sentence>
      <sentence id="d000.s2293" source="wordnet-galician">
         <wf lemma="unha" pos="X">unha</wf>
         <wf lemma="ocasión" pos="X">ocasión</wf>
         <instance id="d000.s2293.t000" lemma="sociable" pos="ADJ">sociable</instance>
         <wf lemma="." pos="X">.</wf>
      </sentence>
      <sentence id="d000.s2294" source="wordnet-galician">
         <wf lemma="respecto" pos="X">respecto</wf>
         <instance id="d000.s2294.t000" lemma="filial" pos="ADJ">filial</instance>
         <wf lemma="." pos="X">.</wf>
      </sentence>
      <sentence id="d000.s2295" source="wordnet-galician">
         <wf lemma="o" pos="X">o</wf>
         <instance id="d000.s2295.t000" lemma="hilum" pos="NOUN">hilum</instance>
         <wf lemma="do" pos="X">do</wf>
         <wf lemma="ril" pos="X">ril</wf>
         <wf lemma="." pos="X">.</wf>
      </sentence>
      <sentence id="d000.s2296" source="wordnet-galician">
         <wf lemma="un" pos="X">un</wf>
         <wf lemma="perigo" pos="X">perigo</wf>
         <instance id="d000.s2296.t000" lemma="claro" pos="ADJ">claro</instance>
         <wf lemma="e" pos="X">e</wf>
         <wf lemma="presente" pos="X">presente</wf>
         <wf lemma="." pos="X">.</wf>
      </sentence>
      <sentence id="d000.s2297" source="wordnet-galician">
         <wf lemma="o" pos="X">o</wf>
         <wf lemma="mundo" pos="X">mundo</wf>
         <wf lemma="inorgánico" pos="X">inorgánico</wf>
         <wf lemma="é" pos="X">é</wf>
         <instance id="d000.s2297.t000" lemma="inanimado" pos="ADJ">inanimado</instance>
         <wf lemma="." pos="X">.</wf>
      </sentence>
      <sentence id="d000.s2298" source="wordnet-galician">
         <wf lemma="o" pos="X">o</wf>
         <wf lemma="efecto" pos="X">efecto</wf>
         <wf lemma="de" pos="X">de</wf>
         <wf lemma="interacción" pos="X">interacción</wf>
         <wf lemma="é" pos="X">é</wf>
         <instance id="d000.s2298.t000" lemma="significativo" pos="ADJ">significativo</instance>
         <wf lemma="ao" pos="X">ao</wf>
         <wf lemma="nivel" pos="X">nivel</wf>
         <wf lemma="de" pos="X">de</wf>
         <wf lemma="0,01" pos="X">0,01</wf>
         <wf lemma="." pos="X">.</wf>
      </sentence>
      <sentence id="d000.s2299" source="wordnet-galician">
         <wf lemma="a" pos="X">a</wf>
         <wf lemma="mosca" pos="X">mosca</wf>
         <instance id="d000.s2299.t000" lemma="común" pos="ADJ">común</instance>
         <wf lemma="." pos="X">.</wf>
      </sentence>
      <sentence id="d000.s2300" source="wordnet-galician">
         <wf lemma="unha" pos="X">unha</wf>
         <wf lemma="mente" pos="X">mente</wf>
         <instance id="d000.s2300.t000" lemma="independente" pos="ADJ">independente</instance>
         <wf lemma="." pos="X">.</wf>
      </sentence>
      <sentence id="d000.s2301" source="wordnet-galician">
         <wf lemma="un" pos="X">un</wf>
         <instance id="d000.s2301.t000" lemma="claro" pos="ADJ">claro</instance>
         <wf lemma="caso" pos="X">caso</wf>
         <wf lemma="de" pos="X">de</wf>
         <wf lemma="asasinato" pos="X">asasinato</wf>
         <wf lemma="." pos="X">.</wf>
      </sentence>
      <sentence id="d000.s2302" source="wordnet-galician">
         <wf lemma="o" pos="X">o</wf>
         <wf lemma="fígado" pos="X">fígado</wf>
         <wf lemma="ten" pos="X">ten</wf>
         <wf lemma="unha" pos="X">unha</wf>
         <wf lemma="posición" pos="X">posición</wf>
         <wf lemma="un" pos="X">un</wf>
         <wf lemma="pouco" pos="X">pouco</wf>
         <instance id="d000.s2302.t000" lemma="ventral" pos="ADJ">ventral</instance>
         <wf lemma="." pos="X">.</wf>
      </sentence>
      <sentence id="d000.s2303" source="wordnet-galician">
         <wf lemma="a" pos="X">a</wf>
         <wf lemma="realización" pos="X">realización</wf>
         <instance id="d000.s2303.t000" lemma="último" pos="ADJ">última</instance>
         <wf lemma="." pos="X">.</wf>
      </sentence>
      <sentence id="d000.s2304" source="wordnet-galician">
         <wf lemma="as" pos="X">as</wf>
         <wf lemma="masas" pos="X">masas</wf>
         <instance id="d000.s2304.t000" lemma="submiso" pos="ADJ">submisas</instance>
         <wf lemma="dunha" pos="X">dunha</wf>
         <wf lemma="nación" pos="X">nación</wf>
         <wf lemma="escravizada" pos="X">escravizada</wf>
         <wf lemma="." pos="X">.</wf>
      </sentence>
      <sentence id="d000.s2305" source="wordnet-galician">
         <wf lemma="aparicións" pos="X">aparicións</wf>
         <instance id="d000.s2305.t000" lemma="inmaterial" pos="ADJ">inmateriais</instance>
         <wf lemma="." pos="X">.</wf>
      </sentence>
      <sentence id="d000.s2306" source="wordnet-galician">
         <wf lemma="unha" pos="X">unha</wf>
         <wf lemma="transmisión" pos="X">transmisión</wf>
         <instance id="d000.s2306.t000" lemma="manual" pos="ADJ">manual</instance>
         <wf lemma="." pos="X">.</wf>
      </sentence>
      <sentence id="d000.s2307" source="wordnet-galician">
         <wf lemma="bacterias" pos="X">bacterias</wf>
         <instance id="d000.s2307.t000" lemma="anaeróbico" pos="ADJ">anaeróbicas</instance>
         <wf lemma="." pos="X">.</wf>
      </sentence>
      <sentence id="d000.s2308" source="wordnet-galician">
         <wf lemma="as" pos="X">as</wf>
         <wf lemma="veas" pos="X">veas</wf>
         <wf lemma="da" pos="X">da</wf>
         <wf lemma="súa" pos="X">súa</wf>
         <instance id="d000.s2308.t000" lemma="tempa" pos="NOUN">tempa</instance>
         <wf lemma="latexaban" pos="X">latexaban</wf>
         <wf lemma="." pos="X">.</wf>
      </sentence>
      <sentence id="d000.s2309" source="wordnet-galician">
         <wf lemma="exercicio" pos="X">exercicio</wf>
         <instance id="d000.s2309.t000" lemma="físico" pos="ADJ">físico</instance>
         <wf lemma="." pos="X">.</wf>
      </sentence>
      <sentence id="d000.s2310" source="wordnet-galician">
         <wf lemma="unha" pos="X">unha</wf>
         <wf lemma="emoción" pos="X">emoción</wf>
         <instance id="d000.s2310.t000" lemma="expresable" pos="ADJ">expresable</instance>
         <wf lemma="." pos="X">.</wf>
      </sentence>
      <sentence id="d000.s2311" source="wordnet-galician">
         <wf lemma="todo" pos="X">todo</wf>
         <wf lemma="é" pos="X">é</wf>
         <instance id="d000.s2311.t000" lemma="posible" pos="ADJ">posible</instance>
         <wf lemma="." pos="X">.</wf>
      </sentence>
      <sentence id="d000.s2312" source="wordnet-galician">
         <wf lemma="un" pos="X">un</wf>
         <wf lemma="fraude" pos="X">fraude</wf>
         <instance id="d000.s2312.t000" lemma="pretensioso" pos="ADJ">pretensioso</instance>
         <wf lemma="." pos="X">.</wf>
      </sentence>
      <sentence id="d000.s2313" source="wordnet-galician">
         <wf lemma="todo" pos="X">todo</wf>
         <wf lemma="o" pos="X">o</wf>
         <wf lemma="que" pos="X">que</wf>
         <wf lemma="pasou" pos="X">pasou</wf>
         <wf lemma="despois" pos="X">despois</wf>
         <wf lemma="do" pos="X">do</wf>
         <wf lemma="descubrimento" pos="X">descubrimento</wf>
         <wf lemma="do" pos="X">do</wf>
         <wf lemma="asasino" pos="X">asasino</wf>
         <wf lemma="foi" pos="X">foi</wf>
         <wf lemma="un" pos="X">un</wf>
         <instance id="d000.s2313.t000" lemma="anticlímax" pos="ADJ">anticlímax</instance>
         <wf lemma="." pos="X">.</wf>
      </sentence>
      <sentence id="d000.s2314" source="wordnet-galician">
         <wf lemma="os" pos="X">os</wf>
         <wf lemma="propietarios" pos="X">propietarios</wf>
         <instance id="d000.s2314.t000" lemma="urbano" pos="ADJ">urbanos</instance>
         <wf lemma="." pos="X">.</wf>
      </sentence>
      <sentence id="d000.s2315" source="wordnet-galician">
         <wf lemma="o" pos="X">o</wf>
         <wf lemma="voto" pos="X">voto</wf>
         <instance id="d000.s2315.t000" lemma="decisivo" pos="ADJ">decisivo</instance>
         <wf lemma="." pos="X">.</wf>
      </sentence>
      <sentence id="d000.s2316" source="wordnet-galician">
         <wf lemma="un" pos="X">un</wf>
         <wf lemma="exemplar" pos="X">exemplar</wf>
         <instance id="d000.s2316.t000" lemma="perfecto" pos="ADJ">perfecto</instance>
         <wf lemma="." pos="X">.</wf>
      </sentence>
      <sentence id="d000.s2317" source="wordnet-galician">
         <wf lemma="fixo" pos="X">fixo</wf>
         <instance id="d000.s2317.t000" lemma="múltiple" pos="ADJ">múltiples</instance>
         <wf lemma="copias" pos="X">copias</wf>
         <wf lemma="do" pos="X">do</wf>
         <wf lemma="discurso" pos="X">discurso</wf>
         <wf lemma="." pos="X">.</wf>
      </sentence>
      <sentence id="d000.s2318" source="wordnet-galician">
         <wf lemma="unha" pos="X">unha</wf>
         <wf lemma="beleza" pos="X">beleza</wf>
         <instance id="d000.s2318.t000" lemma="moreno" pos="ADJ">morena</instance>
         <wf lemma="." pos="X">.</wf>
      </sentence>
      <sentence id="d000.s2319" source="wordnet-galician">
         <wf lemma="ela" pos="X">ela</wf>
         <wf lemma="usou" pos="X">usou</wf>
         <wf lemma="unha" pos="X">unha</wf>
         <instance id="d000.s2319.t000" lemma="cor" pos="NOUN">cor</instance>
         <wf lemma="diferente" pos="X">diferente</wf>
         <wf lemma="para" pos="X">para</wf>
         <wf lemma="a" pos="X">a</wf>
         <wf lemma="tapicería" pos="X">tapicería</wf>
         <wf lemma="." pos="X">.</wf>
      </sentence>
      <sentence id="d000.s2320" source="wordnet-galician">
         <wf lemma="un" pos="X">un</wf>
         <wf lemma="asalto" pos="X">asalto</wf>
         <wf lemma="a" pos="X">a</wf>
         <wf lemma="man" pos="X">man</wf>
         <instance id="d000.s2320.t000" lemma="armado" pos="ADJ">armada</instance>
         <wf lemma="." pos="X">.</wf>
      </sentence>
      <sentence id="d000.s2321" source="wordnet-galician">
         <wf lemma="unha" pos="X">unha</wf>
         <wf lemma="enfermidade" pos="X">enfermidade</wf>
         <wf lemma="na" pos="X">na</wf>
         <wf lemma="fase" pos="X">fase</wf>
         <instance id="d000.s2321.t000" lemma="crucial" pos="ADJ">crucial</instance>
         <wf lemma="." pos="X">.</wf>
      </sentence>
      <sentence id="d000.s2322" source="wordnet-galician">
         <wf lemma="auga" pos="X">auga</wf>
         <instance id="d000.s2322.t000" lemma="liso" pos="ADJ">lisa</instance>
         <wf lemma="coma" pos="X">coma</wf>
         <wf lemma="un" pos="X">un</wf>
         <wf lemma="espello" pos="X">espello</wf>
         <wf lemma="." pos="X">.</wf>
      </sentence>
      <sentence id="d000.s2323" source="wordnet-galician">
         <wf lemma="cores" pos="X">cores</wf>
         <instance id="d000.s2323.t000" lemma="claro" pos="ADJ">claras</instance>
         <wf lemma="como" pos="X">como</wf>
         <wf lemma="os" pos="X">os</wf>
         <wf lemma="tons" pos="X">tons</wf>
         <wf lemma="pasteis" pos="X">pasteis</wf>
         <wf lemma="." pos="X">.</wf>
      </sentence>
      <sentence id="d000.s2324" source="wordnet-galician">
         <wf lemma="os" pos="X">os</wf>
         <wf lemma="pratos" pos="X">pratos</wf>
         <instance id="d000.s2324.t000" lemma="limpo" pos="ADJ">limpos</instance>
         <wf lemma="." pos="X">.</wf>
      </sentence>
      <sentence id="d000.s2325" source="wordnet-galician">
         <wf lemma="a" pos="X">a</wf>
         <wf lemma="temperatura" pos="X">temperatura</wf>
         <wf lemma="prevista" pos="X">prevista</wf>
         <wf lemma="e" pos="X">e</wf>
         <wf lemma="a" pos="X">a</wf>
         <wf lemma="temperatura" pos="X">temperatura</wf>
         <instance id="d000.s2325.t000" lemma="real" pos="ADJ">real</instance>
         <wf lemma="eran" pos="X">eran</wf>
         <wf lemma="bastante" pos="X">bastante</wf>
         <wf lemma="diferentes" pos="X">diferentes</wf>
         <wf lemma="." pos="X">.</wf>
      </sentence>
      <sentence id="d000.s2326" source="wordnet-galician">
         <wf lemma="a" pos="X">a</wf>
         <wf lemma="limnoloxía" pos="X">limnoloxía</wf>
         <wf lemma="é" pos="X">é</wf>
         <wf lemma="esencialmente" pos="X">esencialmente</wf>
         <wf lemma="unha" pos="X">unha</wf>
         <wf lemma="ciencia" pos="X">ciencia</wf>
         <instance id="d000.s2326.t000" lemma="sintético" pos="ADJ">sintética</instance>
         <wf lemma="composta" pos="X">composta</wf>
         <wf lemma="de" pos="X">de</wf>
         <wf lemma="elementos" pos="X">elementos</wf>
         <wf lemma="..." pos="X">...</wf>
         <wf lemma="que" pos="X">que</wf>
         <wf lemma="van" pos="X">van</wf>
         <wf lemma="moito" pos="X">moito</wf>
         <wf lemma="máis" pos="X">máis</wf>
         <wf lemma="alá" pos="X">alá</wf>
         <wf lemma="dos" pos="X">dos</wf>
         <wf lemma="límites" pos="X">límites</wf>
         <wf lemma="da" pos="X">da</wf>
         <wf lemma="bioloxía" pos="X">bioloxía</wf>
         <wf lemma="(" pos="X">(</wf>
         <wf lemma="P.S.Welch" pos="X">P.S.Welch</wf>
         <wf lemma=")" pos="X">)</wf>
         <wf lemma="." pos="X">.</wf>
      </sentence>
      <sentence id="d000.s2327" source="wordnet-galician">
         <wf lemma="fai" pos="X">fai</wf>
         <wf lemma="visitas" pos="X">visitas</wf>
         <instance id="d000.s2327.t000" lemma="regular" pos="ADJ">regulares</instance>
         <wf lemma="aos" pos="X">aos</wf>
         <wf lemma="seus" pos="X">seus</wf>
         <wf lemma="clientes" pos="X">clientes</wf>
         <wf lemma="." pos="X">.</wf>
      </sentence>
      <sentence id="d000.s2328" source="wordnet-galician">
         <wf lemma="actividades" pos="X">actividades</wf>
         <instance id="d000.s2328.t000" lemma="interior" pos="ADJ">interiores</instance>
         <wf lemma="para" pos="X">para</wf>
         <wf lemma="un" pos="X">un</wf>
         <wf lemma="día" pos="X">día</wf>
         <wf lemma="chuvioso" pos="X">chuvioso</wf>
         <wf lemma="." pos="X">.</wf>
      </sentence>
      <sentence id="d000.s2329" source="wordnet-galician">
         <wf lemma="os" pos="X">os</wf>
         <wf lemma="mísiles" pos="X">mísiles</wf>
         <instance id="d000.s2329.t000" lemma="aire-superficie" pos="ADJ">aire-superficie</instance>
         <wf lemma="." pos="X">.</wf>
      </sentence>
      <sentence id="d000.s2330" source="wordnet-galician">
         <wf lemma="a" pos="X">a</wf>
         <wf lemma="estrada" pos="X">estrada</wf>
         <wf lemma="está" pos="X">está</wf>
         <wf lemma="en" pos="X">en</wf>
         <instance id="d000.s2330.t000" lemma="peor" pos="ADJ">peor</instance>
         <wf lemma="estado" pos="X">estado</wf>
         <wf lemma="do" pos="X">do</wf>
         <wf lemma="que" pos="X">que</wf>
         <wf lemma="estaba" pos="X">estaba</wf>
         <wf lemma="." pos="X">.</wf>
      </sentence>
      <sentence id="d000.s2331" source="wordnet-galician">
         <wf lemma="unha" pos="X">unha</wf>
         <wf lemma="análise" pos="X">análise</wf>
         <instance id="d000.s2331.t000" lemma="cuantitativo" pos="ADJ">cuantitativa</instance>
         <wf lemma="determina" pos="X">determina</wf>
         <wf lemma="os" pos="X">os</wf>
         <wf lemma="valores" pos="X">valores</wf>
         <wf lemma="e" pos="X">e</wf>
         <wf lemma="as" pos="X">as</wf>
         <wf lemma="proporcións" pos="X">proporcións</wf>
         <wf lemma="dos" pos="X">dos</wf>
         <wf lemma="constituíntes" pos="X">constituíntes</wf>
         <wf lemma="químicos" pos="X">químicos</wf>
         <wf lemma="dunha" pos="X">dunha</wf>
         <wf lemma="substancia" pos="X">substancia</wf>
         <wf lemma="ou" pos="X">ou</wf>
         <wf lemma="mestura" pos="X">mestura</wf>
         <wf lemma="." pos="X">.</wf>
      </sentence>
      <sentence id="d000.s2332" source="wordnet-galician">
         <wf lemma="coñecido" pos="X">coñecido</wf>
         <wf lemma="como" pos="X">como</wf>
         <wf lemma="un" pos="X">un</wf>
         <wf lemma="home" pos="X">home</wf>
         <instance id="d000.s2332.t000" lemma="indirecto" pos="ADJ">indirecto</instance>
         <wf lemma="e" pos="X">e</wf>
         <wf lemma="turbio" pos="X">turbio</wf>
         <wf lemma="." pos="X">.</wf>
      </sentence>
      <sentence id="d000.s2333" source="wordnet-galician">
         <wf lemma="tuberculose" pos="X">tuberculose</wf>
         <instance id="d000.s2333.t000" lemma="activo" pos="ADJ">activa</instance>
         <wf lemma="." pos="X">.</wf>
      </sentence>
      <sentence id="d000.s2334" source="wordnet-galician">
         <wf lemma="unha" pos="X">unha</wf>
         <wf lemma="idea" pos="X">idea</wf>
         <instance id="d000.s2334.t000" lemma="comprensible" pos="ADJ">comprensible</instance>
         <wf lemma="para" pos="X">para</wf>
         <wf lemma="unha" pos="X">unha</wf>
         <wf lemma="mente" pos="X">mente</wf>
         <wf lemma="media" pos="X">media</wf>
         <wf lemma="." pos="X">.</wf>
      </sentence>
      <sentence id="d000.s2335" source="wordnet-galician">
         <wf lemma="pan" pos="X">pan</wf>
         <instance id="d000.s2335.t000" lemma="fresco" pos="ADJ">fresco</instance>
         <wf lemma="." pos="X">.</wf>
      </sentence>
      <sentence id="d000.s2336" source="wordnet-galician">
         <wf lemma="unha" pos="X">unha</wf>
         <wf lemma="visión" pos="X">visión</wf>
         <instance id="d000.s2336.t000" lemma="negativo" pos="ADJ">negativa</instance>
         <wf lemma="da" pos="X">da</wf>
         <wf lemma="vida" pos="X">vida</wf>
         <wf lemma="." pos="X">.</wf>
      </sentence>
      <sentence id="d000.s2337" source="wordnet-galician">
         <wf lemma="autoridade" pos="X">autoridade</wf>
         <instance id="d000.s2337.t000" lemma="incuestionable" pos="ADJ">incuestionable</instance>
         <wf lemma="." pos="X">.</wf>
      </sentence>
      <sentence id="d000.s2338" source="wordnet-galician">
         <wf lemma="unha" pos="X">unha</wf>
         <wf lemma="observación" pos="X">observación</wf>
         <instance id="d000.s2338.t000" lemma="provocativo" pos="ADJ">provocativa</instance>
         <wf lemma="." pos="X">.</wf>
      </sentence>
      <sentence id="d000.s2339" source="wordnet-galician">
         <instance id="d000.s2339.t000" lemma="desexoso" pos="ADJ">desexosos</instance>
         <wf lemma="de" pos="X">de</wf>
         <wf lemma="atopar" pos="X">atopar</wf>
         <wf lemma="unha" pos="X">unha</wf>
         <wf lemma="solución" pos="X">solución</wf>
         <wf lemma="rápida" pos="X">rápida</wf>
         <wf lemma="para" pos="X">para</wf>
         <wf lemma="o" pos="X">o</wf>
         <wf lemma="problema" pos="X">problema</wf>
         <wf lemma="." pos="X">.</wf>
      </sentence>
      <sentence id="d000.s2340" source="wordnet-galician">
         <wf lemma="o" pos="X">o</wf>
         <wf lemma="cabalo" pos="X">cabalo</wf>
         <wf lemma="venceu" pos="X">venceu</wf>
         <wf lemma="polo" pos="X">polo</wf>
         <instance id="d000.s2340.t000" lemma="pescozo" pos="NOUN">pescozo</instance>
         <wf lemma="." pos="X">.</wf>
      </sentence>
      <sentence id="d000.s2341" source="wordnet-galician">
         <wf lemma="foi" pos="X">foi</wf>
         <wf lemma="totalmente" pos="X">totalmente</wf>
         <instance id="d000.s2341.t000" lemma="consciente" pos="ADJ">consciente</instance>
         <wf lemma="das" pos="X">das</wf>
         <wf lemma="súas" pos="X">súas</wf>
         <wf lemma="accións" pos="X">accións</wf>
         <wf lemma="." pos="X">.</wf>
      </sentence>
      <sentence id="d000.s2342" source="wordnet-galician">
         <wf lemma="un" pos="X">un</wf>
         <instance id="d000.s2342.t000" lemma="ancho" pos="ADJ">ancho</instance>
         <wf lemma="río" pos="X">río</wf>
         <wf lemma="." pos="X">.</wf>
      </sentence>
      <sentence id="d000.s2343" source="wordnet-galician">
         <wf lemma="polo" pos="X">polo</wf>
         <wf lemma="menos" pos="X">menos</wf>
         <wf lemma="este" pos="X">este</wf>
         <wf lemma="clima" pos="X">clima</wf>
         <wf lemma="é" pos="X">é</wf>
         <instance id="d000.s2343.t000" lemma="tolerable" pos="ADJ">tolerable</instance>
         <wf lemma="." pos="X">.</wf>
      </sentence>
      <sentence id="d000.s2344" source="wordnet-galician">
         <wf lemma="unha" pos="X">unha</wf>
         <wf lemma="fonte" pos="X">fonte</wf>
         <instance id="d000.s2344.t000" lemma="inesgotable" pos="ADJ">inesgotable</instance>
         <wf lemma="de" pos="X">de</wf>
         <wf lemma="carbón" pos="X">carbón</wf>
         <wf lemma="." pos="X">.</wf>
      </sentence>
      <sentence id="d000.s2345" source="wordnet-galician">
         <wf lemma="non" pos="X">non</wf>
         <wf lemma="montes" pos="X">montes</wf>
         <wf lemma="no" pos="X">no</wf>
         <wf lemma="coche" pos="X">coche</wf>
         <instance id="d000.s2345.t000" lemma="guía" pos="ADJ">guía</instance>
         <wf lemma="." pos="X">.</wf>
      </sentence>
      <sentence id="d000.s2346" source="wordnet-galician">
         <wf lemma="enfermos" pos="X">enfermos</wf>
         <instance id="d000.s2346.t000" lemma="agudo" pos="ADJ">agudos</instance>
         <wf lemma="." pos="X">.</wf>
      </sentence>
      <sentence id="d000.s2347" source="wordnet-galician">
         <wf lemma="unha" pos="X">unha</wf>
         <wf lemma="violación" pos="X">violación</wf>
         <instance id="d000.s2347.t000" lemma="inaceptable" pos="ADJ">inaceptable</instance>
         <wf lemma="da" pos="X">da</wf>
         <wf lemma="liberdade" pos="X">liberdade</wf>
         <wf lemma="persoal" pos="X">persoal</wf>
         <wf lemma="." pos="X">.</wf>
      </sentence>
      <sentence id="d000.s2348" source="wordnet-galician">
         <wf lemma="era" pos="X">era</wf>
         <instance id="d000.s2348.t000" lemma="elegante" pos="ADJ">elegante</instance>
         <wf lemma="ata" pos="X">ata</wf>
         <wf lemma="a" pos="X">a</wf>
         <wf lemma="punta" pos="X">punta</wf>
         <wf lemma="dos" pos="X">dos</wf>
         <wf lemma="dedos" pos="X">dedos</wf>
         <wf lemma="." pos="X">.</wf>
      </sentence>
      <sentence id="d000.s2349" source="wordnet-galician">
         <wf lemma="o" pos="X">o</wf>
         <wf lemma="vento" pos="X">vento</wf>
         <wf lemma="levantou" pos="X">levantou</wf>
         <wf lemma="a" pos="X">a</wf>
         <wf lemma="basta" pos="X">basta</wf>
         <wf lemma="do" pos="X">do</wf>
         <wf lemma="abrigo" pos="X">abrigo</wf>
         <instance id="d000.s2349.t000" lemma="desabotoado" pos="ADJ">desabotoado</instance>
         <wf lemma="." pos="X">.</wf>
      </sentence>
      <sentence id="d000.s2350" source="wordnet-galician">
         <wf lemma="un" pos="X">un</wf>
         <wf lemma="relato" pos="X">relato</wf>
         <instance id="d000.s2350.t000" lemma="fiable" pos="ADJ">fiable</instance>
         <wf lemma="." pos="X">.</wf>
      </sentence>
      <sentence id="d000.s2351" source="wordnet-galician">
         <wf lemma="non" pos="X">non</wf>
         <wf lemma="debería" pos="X">debería</wf>
         <wf lemma="amosar" pos="X">amosar</wf>
         <wf lemma="o" pos="X">o</wf>
         <instance id="d000.s2351.t000" lemma="embigo" pos="NOUN">embigo</instance>
         <wf lemma="na" pos="X">na</wf>
         <wf lemma="televisión" pos="X">televisión</wf>
         <wf lemma="." pos="X">.</wf>
      </sentence>
      <sentence id="d000.s2352" source="wordnet-galician">
         <wf lemma="pinturas" pos="X">pinturas</wf>
         <instance id="d000.s2352.t000" lemma="exterior" pos="ADJ">exteriores</instance>
         <wf lemma="." pos="X">.</wf>
      </sentence>
      <sentence id="d000.s2353" source="wordnet-galician">
         <wf lemma="un" pos="X">un</wf>
         <wf lemma="pervertido" pos="X">pervertido</wf>
         <instance id="d000.s2353.t000" lemma="comellón" pos="ADJ">comellón</instance>
         <wf lemma="." pos="X">.</wf>
      </sentence>
      <sentence id="d000.s2354" source="wordnet-galician">
         <wf lemma="unha" pos="X">unha</wf>
         <wf lemma="cidade" pos="X">cidade</wf>
         <wf lemma="industrial" pos="X">industrial</wf>
         <instance id="d000.s2354.t000" lemma="descortés" pos="ADJ">descortés</instance>
         <wf lemma="." pos="X">.</wf>
      </sentence>
      <sentence id="d000.s2355" source="wordnet-galician">
         <wf lemma="augas" pos="X">augas</wf>
         <instance id="d000.s2355.t000" lemma="profundo" pos="ADJ">profundas</instance>
         <wf lemma="." pos="X">.</wf>
      </sentence>
      <sentence id="d000.s2356" source="wordnet-galician">
         <wf lemma="un" pos="X">un</wf>
         <wf lemma="acordo" pos="X">acordo</wf>
         <instance id="d000.s2356.t000" lemma="implícito" pos="ADJ">implícito</instance>
         <wf lemma="para" pos="X">para</wf>
         <wf lemma="non" pos="X">non</wf>
         <wf lemma="suscitar" pos="X">suscitar</wf>
         <wf lemma="o" pos="X">o</wf>
         <wf lemma="asunto" pos="X">asunto</wf>
         <wf lemma="." pos="X">.</wf>
      </sentence>
      <sentence id="d000.s2357" source="wordnet-galician">
         <wf lemma="só" pos="X">só</wf>
         <wf lemma="o" pos="X">o</wf>
         <wf lemma="brillo" pos="X">brillo</wf>
         <wf lemma="do" pos="X">do</wf>
         <wf lemma="seu" pos="X">seu</wf>
         <wf lemma="metal" pos="X">metal</wf>
         <wf lemma="era" pos="X">era</wf>
         <instance id="d000.s2357.t000" lemma="distinguible" pos="ADJ">distinguible</instance>
         <wf lemma="na" pos="X">na</wf>
         <wf lemma="escuridade" pos="X">escuridade</wf>
         <wf lemma="." pos="X">.</wf>
      </sentence>
      <sentence id="d000.s2358" source="wordnet-galician">
         <wf lemma="a" pos="X">a</wf>
         <wf lemma="secretaria" pos="X">secretaria</wf>
         <wf lemma="dixo" pos="X">dixo</wf>
         <wf lemma="que" pos="X">que</wf>
         <wf lemma="el" pos="X">el</wf>
         <wf lemma="estaba" pos="X">estaba</wf>
         <instance id="d000.s2358.t000" lemma="indispoñible" pos="ADJ">indispoñible</instance>
         <wf lemma="para" pos="X">para</wf>
         <wf lemma="comentarios" pos="X">comentarios</wf>
         <wf lemma="." pos="X">.</wf>
      </sentence>
      <sentence id="d000.s2359" source="wordnet-galician">
         <wf lemma="unha" pos="X">unha</wf>
         <wf lemma="política" pos="X">política</wf>
         <wf lemma="de" pos="X">de</wf>
         <instance id="d000.s2359.t000" lemma="emprendedor" pos="ADJ">emprendedores</instance>
         <wf lemma="estranxeiros" pos="X">estranxeiros</wf>
         <wf lemma="." pos="X">.</wf>
      </sentence>
      <sentence id="d000.s2360" source="wordnet-galician">
         <wf lemma="unha" pos="X">unha</wf>
         <wf lemma="aposta" pos="X">aposta</wf>
         <instance id="d000.s2360.t000" lemma="seguro" pos="ADJ">segura</instance>
         <wf lemma="." pos="X">.</wf>
      </sentence>
      <sentence id="d000.s2361" source="wordnet-galician">
         <wf lemma="unha" pos="X">unha</wf>
         <wf lemma="base" pos="X">base</wf>
         <instance id="d000.s2361.t000" lemma="empírico" pos="ADJ">empírica</instance>
         <wf lemma="para" pos="X">para</wf>
         <wf lemma="unha" pos="X">unha</wf>
         <wf lemma="teoría" pos="X">teoría</wf>
         <wf lemma="ética" pos="X">ética</wf>
         <wf lemma="." pos="X">.</wf>
      </sentence>
      <sentence id="d000.s2362" source="wordnet-galician">
         <wf lemma="persoas" pos="X">persoas</wf>
         <instance id="d000.s2362.t000" lemma="real" pos="ADJ">reais</instance>
         <wf lemma="," pos="X">,</wf>
         <wf lemma="non" pos="X">non</wf>
         <wf lemma="pantasmas" pos="X">pantasmas</wf>
         <wf lemma="." pos="X">.</wf>
      </sentence>
      <sentence id="d000.s2363" source="wordnet-galician">
         <wf lemma="a" pos="X">a</wf>
         <wf lemma="masa" pos="X">masa</wf>
         <instance id="d000.s2363.t000" lemma="crítico" pos="ADJ">crítica</instance>
         <wf lemma="." pos="X">.</wf>
      </sentence>
      <sentence id="d000.s2364" source="wordnet-galician">
         <wf lemma="as" pos="X">as</wf>
         <wf lemma="potas" pos="X">potas</wf>
         <instance id="d000.s2364.t000" lemma="fondo" pos="ADJ">fondas</instance>
         <wf lemma="." pos="X">.</wf>
      </sentence>
      <sentence id="d000.s2365" source="wordnet-galician">
         <wf lemma="o" pos="X">o</wf>
         <wf lemma="estudo" pos="X">estudo</wf>
         <instance id="d000.s2365.t000" lemma="concentrado" pos="ADJ">concentrado</instance>
         <wf lemma="." pos="X">.</wf>
      </sentence>
      <sentence id="d000.s2366" source="wordnet-galician">
         <wf lemma="a" pos="X">a</wf>
         <wf lemma="súa" pos="X">súa</wf>
         <wf lemma="actitude" pos="X">actitude</wf>
         <wf lemma="foi" pos="X">foi</wf>
         <instance id="d000.s2366.t000" lemma="revelador" pos="ADJ">reveladora</instance>
         <wf lemma="." pos="X">.</wf>
      </sentence>
      <sentence id="d000.s2367" source="wordnet-galician">
         <wf lemma="unha" pos="X">unha</wf>
         <wf lemma="loita" pos="X">loita</wf>
         <instance id="d000.s2367.t000" lemma="sanguento" pos="ADJ">sanguenta</instance>
         <wf lemma="." pos="X">.</wf>
      </sentence>
      <sentence id="d000.s2368" source="wordnet-galician">
         <wf lemma="un" pos="X">un</wf>
         <wf lemma="aumento" pos="X">aumento</wf>
         <instance id="d000.s2368.t000" lemma="constante" pos="ADJ">constante</instance>
         <wf lemma="." pos="X">.</wf>
      </sentence>
      <sentence id="d000.s2369" source="wordnet-galician">
         <wf lemma="a" pos="X">a</wf>
         <wf lemma="dedicación" pos="X">dedicación</wf>
         <instance id="d000.s2369.t000" lemma="sacerdotal" pos="ADJ">sacerdotal</instance>
         <wf lemma="á" pos="X">á</wf>
         <wf lemma="xente" pos="X">xente</wf>
         <wf lemma="da" pos="X">da</wf>
         <wf lemma="súa" pos="X">súa</wf>
         <wf lemma="parroquia" pos="X">parroquia</wf>
         <wf lemma="." pos="X">.</wf>
      </sentence>
      <sentence id="d000.s2370" source="wordnet-galician">
         <wf lemma="o" pos="X">o</wf>
         <wf lemma="granito" pos="X">granito</wf>
         <wf lemma="é" pos="X">é</wf>
         <instance id="d000.s2370.t000" lemma="cristalino" pos="ADJ">cristalino</instance>
         <wf lemma="." pos="X">.</wf>
      </sentence>
      <sentence id="d000.s2371" source="wordnet-galician">
         <wf lemma="un" pos="X">un</wf>
         <instance id="d000.s2371.t000" lemma="profundo" pos="ADJ">profundo</instance>
         <wf lemma="transo" pos="X">transo</wf>
         <wf lemma="." pos="X">.</wf>
      </sentence>
      <sentence id="d000.s2372" source="wordnet-galician">
         <wf lemma="un" pos="X">un</wf>
         <instance id="d000.s2372.t000" lemma="bo" pos="ADJ">bo</instance>
         <wf lemma="vestido" pos="X">vestido</wf>
         <wf lemma="." pos="X">.</wf>
      </sentence>
      <sentence id="d000.s2373" source="wordnet-galician">
         <wf lemma="un" pos="X">un</wf>
         <wf lemma="amante" pos="X">amante</wf>
         <instance id="d000.s2373.t000" lemma="infiel" pos="ADJ">infiel</instance>
         <wf lemma="." pos="X">.</wf>
      </sentence>
      <sentence id="d000.s2374" source="wordnet-galician">
         <wf lemma="o" pos="X">o</wf>
         <wf lemma="medicamento" pos="X">medicamento</wf>
         <wf lemma="é" pos="X">é</wf>
         <instance id="d000.s2374.t000" lemma="eficaz" pos="ADJ">eficaz</instance>
         <wf lemma="para" pos="X">para</wf>
         <wf lemma="parar" pos="X">parar</wf>
         <wf lemma="a" pos="X">a</wf>
         <wf lemma="tose" pos="X">tose</wf>
         <wf lemma="." pos="X">.</wf>
      </sentence>
      <sentence id="d000.s2375" source="wordnet-galician">
         <wf lemma="un" pos="X">un</wf>
         <wf lemma="príncipe" pos="X">príncipe</wf>
         <instance id="d000.s2375.t000" lemma="falso" pos="ADJ">falso</instance>
         <wf lemma="." pos="X">.</wf>
      </sentence>
      <sentence id="d000.s2376" source="wordnet-galician">
         <wf lemma="as" pos="X">as</wf>
         <wf lemma="illas" pos="X">illas</wf>
         <wf lemma="teñen" pos="X">teñen</wf>
         <wf lemma="un" pos="X">un</wf>
         <wf lemma="número" pos="X">número</wf>
         <wf lemma="interesante" pos="X">interesante</wf>
         <wf lemma="de" pos="X">de</wf>
         <wf lemma="especies" pos="X">especies</wf>
         <instance id="d000.s2376.t000" lemma="endémico" pos="ADJ">endémicas</instance>
         <wf lemma="." pos="X">.</wf>
      </sentence>
      <sentence id="d000.s2377" source="wordnet-galician">
         <wf lemma="nas" pos="X">nas</wf>
         <wf lemma="empresas" pos="X">empresas</wf>
         <wf lemma="nunha" pos="X">nunha</wf>
         <wf lemma="cidade" pos="X">cidade</wf>
         <instance id="d000.s2377.t000" lemma="estranxeiro" pos="ADJ">estranxeira</instance>
         <wf lemma="." pos="X">.</wf>
      </sentence>
      <sentence id="d000.s2378" source="wordnet-galician">
         <wf lemma="unha" pos="X">unha</wf>
         <wf lemma="decisión" pos="X">decisión</wf>
         <instance id="d000.s2378.t000" lemma="polémico" pos="ADJ">polémica</instance>
         <wf lemma="sobre" pos="X">sobre</wf>
         <wf lemma="a" pos="X">a</wf>
         <wf lemma="acción" pos="X">acción</wf>
         <wf lemma="afirmativa" pos="X">afirmativa</wf>
         <wf lemma="." pos="X">.</wf>
      </sentence>
      <sentence id="d000.s2379" source="wordnet-galician">
         <wf lemma="fixo" pos="X">fixo</wf>
         <wf lemma="un" pos="X">un</wf>
         <wf lemma="pequeno" pos="X">pequeno</wf>
         <wf lemma="xesto" pos="X">xesto</wf>
         <instance id="d000.s2379.t000" lemma="disuasorio" pos="ADJ">disuasorio</instance>
         <wf lemma="coa" pos="X">coa</wf>
         <wf lemma="man." pos="X">man.</wf>
      </sentence>
      <sentence id="d000.s2380" source="wordnet-galician">
         <instance id="d000.s2380.t000" lemma="listo" pos="ADJ">listo</instance>
         <wf lemma="para" pos="X">para</wf>
         <wf lemma="usar" pos="X">usar</wf>
         <wf lemma="." pos="X">.</wf>
      </sentence>
      <sentence id="d000.s2381" source="wordnet-galician">
         <wf lemma="ten" pos="X">ten</wf>
         <wf lemma="problemas" pos="X">problemas</wf>
         <instance id="d000.s2381.t000" lemma="semellante" pos="ADJ">semellantes</instance>
         <wf lemma="aos" pos="X">aos</wf>
         <wf lemma="meus" pos="X">meus</wf>
         <wf lemma="." pos="X">.</wf>
      </sentence>
      <sentence id="d000.s2382" source="wordnet-galician">
         <wf lemma="unha" pos="X">unha</wf>
         <wf lemma="masa" pos="X">masa</wf>
         <instance id="d000.s2382.t000" lemma="complexo" pos="ADJ">complexa</instance>
         <wf lemma="de" pos="X">de</wf>
         <wf lemma="diversas" pos="X">diversas</wf>
         <wf lemma="leis" pos="X">leis</wf>
         <wf lemma="e" pos="X">e</wf>
         <wf lemma="costumes" pos="X">costumes</wf>
         <wf lemma="." pos="X">.</wf>
      </sentence>
      <sentence id="d000.s2383" source="wordnet-galician">
         <wf lemma="foi" pos="X">foi</wf>
         <wf lemma="un" pos="X">un</wf>
         <wf lemma="alivio" pos="X">alivio</wf>
         <instance id="d000.s2383.t000" lemma="benvido" pos="ADJ">benvido</instance>
         <wf lemma="." pos="X">.</wf>
      </sentence>
      <sentence id="d000.s2384" source="wordnet-galician">
         <wf lemma="un" pos="X">un</wf>
         <wf lemma="cancro" pos="X">cancro</wf>
         <instance id="d000.s2384.t000" lemma="operable" pos="ADJ">operable</instance>
         <wf lemma="." pos="X">.</wf>
      </sentence>
      <sentence id="d000.s2385" source="wordnet-galician">
         <wf lemma="un" pos="X">un</wf>
         <wf lemma="home" pos="X">home</wf>
         <instance id="d000.s2385.t000" lemma="forte" pos="ADJ">forte</instance>
         <wf lemma="." pos="X">.</wf>
      </sentence>
      <sentence id="d000.s2386" source="wordnet-galician">
         <wf lemma="non" pos="X">non</wf>
         <wf lemma="temos" pos="X">temos</wf>
         <wf lemma="ningunha" pos="X">ningunha</wf>
         <wf lemma="dúbida" pos="X">dúbida</wf>
         <wf lemma="de" pos="X">de</wf>
         <wf lemma="que" pos="X">que</wf>
         <wf lemma="Inglaterra" pos="X">Inglaterra</wf>
         <wf lemma="ten" pos="X">ten</wf>
         <wf lemma="un" pos="X">un</wf>
         <wf lemma="patriota" pos="X">patriota</wf>
         <instance id="d000.s2386.t000" lemma="fiel" pos="ADJ">fiel</instance>
         <wf lemma="en" pos="X">en</wf>
         <wf lemma="Lord" pos="X">Lord</wf>
         <wf lemma="Chancellor" pos="X">Chancellor</wf>
         <wf lemma="." pos="X">.</wf>
      </sentence>
      <sentence id="d000.s2387" source="wordnet-galician">
         <wf lemma="un" pos="X">un</wf>
         <wf lemma="talo" pos="X">talo</wf>
         <instance id="d000.s2387.t000" lemma="indeterminado" pos="ADJ">indeterminado</instance>
         <wf lemma="." pos="X">.</wf>
      </sentence>
      <sentence id="d000.s2388" source="wordnet-galician">
         <wf lemma="actitude" pos="X">actitude</wf>
         <instance id="d000.s2388.t000" lemma="saudable" pos="ADJ">saudable</instance>
         <wf lemma="." pos="X">.</wf>
      </sentence>
      <sentence id="d000.s2389" source="wordnet-galician">
         <wf lemma="vou" pos="X">vou</wf>
         <wf lemma="estar" pos="X">estar</wf>
         <instance id="d000.s2389.t000" lemma="maldito" pos="ADJ">maldito</instance>
         <wf lemma="se" pos="X">se</wf>
         <wf lemma="podo" pos="X">podo</wf>
         <wf lemma="ver" pos="X">ver</wf>
         <wf lemma="o" pos="X">o</wf>
         <wf lemma="teu" pos="X">teu</wf>
         <wf lemma="razoamento" pos="X">razoamento</wf>
         <wf lemma="." pos="X">.</wf>
      </sentence>
      <sentence id="d000.s2390" source="wordnet-galician">
         <wf lemma="as" pos="X">as</wf>
         <wf lemma="roupa" pos="X">roupa</wf>
         <instance id="d000.s2390.t000" lemma="caro" pos="ADJ">caras</instance>
         <wf lemma="." pos="X">.</wf>
      </sentence>
      <sentence id="d000.s2391" source="wordnet-galician">
         <wf lemma="unha" pos="X">unha</wf>
         <wf lemma="personalidade" pos="X">personalidade</wf>
         <instance id="d000.s2391.t000" lemma="atractivo" pos="ADJ">atractiva</instance>
         <wf lemma="." pos="X">.</wf>
      </sentence>
      <sentence id="d000.s2392" source="wordnet-galician">
         <wf lemma="Os" pos="X">Os</wf>
         <wf lemma="seus" pos="X">seus</wf>
         <instance id="d000.s2392.t000" lemma="dedo" pos="NOUN">dedos</instance>
         <wf lemma="eran" pos="X">eran</wf>
         <wf lemma="longos" pos="X">longos</wf>
         <wf lemma="e" pos="X">e</wf>
         <wf lemma="finos" pos="X">finos</wf>
         <wf lemma="." pos="X">.</wf>
      </sentence>
      <sentence id="d000.s2393" source="wordnet-galician">
         <wf lemma="observacións" pos="X">observacións</wf>
         <wf lemma="astronómicas" pos="X">astronómicas</wf>
         <instance id="d000.s2393.t000" lemma="impreciso" pos="ADJ">imprecisas</instance>
         <wf lemma="." pos="X">.</wf>
      </sentence>
      <sentence id="d000.s2394" source="wordnet-galician">
         <wf lemma="o" pos="X">o</wf>
         <wf lemma="lodo" pos="X">lodo</wf>
         <wf lemma="dos" pos="X">dos</wf>
         <wf lemma="sumidoiros" pos="X">sumidoiros</wf>
         <instance id="d000.s2394.t000" lemma="tratado" pos="ADJ">tratado</instance>
         <wf lemma="pode" pos="X">pode</wf>
         <wf lemma="ser" pos="X">ser</wf>
         <wf lemma="empregado" pos="X">empregado</wf>
         <wf lemma="como" pos="X">como</wf>
         <wf lemma="fertilizante" pos="X">fertilizante</wf>
         <wf lemma="." pos="X">.</wf>
      </sentence>
      <sentence id="d000.s2395" source="wordnet-galician">
         <wf lemma="soldados" pos="X">soldados</wf>
         <instance id="d000.s2395.t000" lemma="inexperto" pos="ADJ">inexpertos</instance>
         <wf lemma="." pos="X">.</wf>
      </sentence>
      <sentence id="d000.s2396" source="wordnet-galician">
         <wf lemma="o" pos="X">o</wf>
         <wf lemma="individualismo" pos="X">individualismo</wf>
         <wf lemma="ferozmente" pos="X">ferozmente</wf>
         <instance id="d000.s2396.t000" lemma="independente" pos="ADJ">independente</instance>
         <wf lemma="." pos="X">.</wf>
      </sentence>
      <sentence id="d000.s2397" source="wordnet-galician">
         <wf lemma="as" pos="X">as</wf>
         <wf lemma="cousas" pos="X">cousas</wf>
         <instance id="d000.s2397.t000" lemma="improvisado" pos="ADJ">improvisadas</instance>
         <wf lemma="e" pos="X">e</wf>
         <wf lemma="mal" pos="X">mal</wf>
         <wf lemma="escritas" pos="X">escritas</wf>
         <wf lemma="manchan" pos="X">manchan</wf>
         <wf lemma="as" pos="X">as</wf>
         <wf lemma="entrevistas" pos="X">entrevistas</wf>
         <wf lemma="." pos="X">.</wf>
      </sentence>
      <sentence id="d000.s2398" source="wordnet-galician">
         <wf lemma="os" pos="X">os</wf>
         <wf lemma="coidados" pos="X">coidados</wf>
         <instance id="d000.s2398.t000" lemma="preparto" pos="ADJ">preparto</instance>
         <wf lemma="." pos="X">.</wf>
      </sentence>
      <sentence id="d000.s2399" source="wordnet-galician">
         <wf lemma="un" pos="X">un</wf>
         <wf lemma="contrato" pos="X">contrato</wf>
         <instance id="d000.s2399.t000" lemma="favorable" pos="ADJ">favorable</instance>
         <wf lemma="para" pos="X">para</wf>
         <wf lemma="o" pos="X">o</wf>
         <wf lemma="noso" pos="X">noso</wf>
         <wf lemma="país" pos="X">país</wf>
         <wf lemma="." pos="X">.</wf>
      </sentence>
      <sentence id="d000.s2400" source="wordnet-galician">
         <wf lemma="a" pos="X">a</wf>
         <wf lemma="variable" pos="X">variable</wf>
         <instance id="d000.s2400.t000" lemma="descritivo" pos="ADJ">descritiva</instance>
         <wf lemma="." pos="X">.</wf>
      </sentence>
      <sentence id="d000.s2401" source="wordnet-galician">
         <wf lemma="a" pos="X">a</wf>
         <wf lemma="música" pos="X">música</wf>
         <wf lemma="para" pos="X">para</wf>
         <wf lemma="clave" pos="X">clave</wf>
         <wf lemma="é" pos="X">é</wf>
         <wf lemma="facilmente" pos="X">facilmente</wf>
         <instance id="d000.s2401.t000" lemma="interpretable" pos="ADJ">interpretable</instance>
         <wf lemma="(" pos="X">(</wf>
         <wf lemma="P." pos="X">P.</wf>
         <wf lemma="H." pos="X">H.</wf>
         <wf lemma="Lang" pos="X">Lang</wf>
         <wf lemma=")" pos="X">)</wf>
         <wf lemma="." pos="X">.</wf>
      </sentence>
      <sentence id="d000.s2402" source="wordnet-galician">
         <wf lemma="sabía" pos="X">sabía</wf>
         <wf lemma="que" pos="X">que</wf>
         <wf lemma="os" pos="X">os</wf>
         <wf lemma="seus" pos="X">seus</wf>
         <wf lemma="medos" pos="X">medos</wf>
         <wf lemma="serían" pos="X">serían</wf>
         <wf lemma="finalmente" pos="X">finalmente</wf>
         <instance id="d000.s2402.t000" lemma="conquistable" pos="ADJ">conquistables</instance>
         <wf lemma="." pos="X">.</wf>
      </sentence>
      <sentence id="d000.s2403" source="wordnet-galician">
         <wf lemma="tesoiras" pos="X">tesoiras</wf>
         <wf lemma="para" pos="X">para</wf>
         <instance id="d000.s2403.t000" lemma="destro" pos="ADJ">destros</instance>
         <wf lemma="." pos="X">.</wf>
      </sentence>
      <sentence id="d000.s2404" source="wordnet-galician">
         <wf lemma="na" pos="X">na</wf>
         <wf lemma="maioría" pos="X">maioría</wf>
         <wf lemma="da" pos="X">da</wf>
         <wf lemma="xente" pos="X">xente</wf>
         <wf lemma="," pos="X">,</wf>
         <wf lemma="o" pos="X">o</wf>
         <instance id="d000.s2404.t000" lemma="centro" pos="NOUN">centro</instance>
         <wf lemma="da" pos="X">da</wf>
         <wf lemma="fala" pos="X">fala</wf>
         <wf lemma="está" pos="X">está</wf>
         <wf lemma="situado" pos="X">situado</wf>
         <wf lemma="no" pos="X">no</wf>
         <wf lemma="hemisferio" pos="X">hemisferio</wf>
         <wf lemma="esquerdo" pos="X">esquerdo</wf>
         <wf lemma="." pos="X">.</wf>
      </sentence>
      <sentence id="d000.s2405" source="wordnet-galician">
         <wf lemma="eu" pos="X">eu</wf>
         <wf lemma="sentinme" pos="X">sentinme</wf>
         <instance id="d000.s2405.t000" lemma="tranquilo" pos="ADJ">tranquila</instance>
         <wf lemma="," pos="X">,</wf>
         <wf lemma="máis" pos="X">máis</wf>
         <wf lemma="tranquila" pos="X">tranquila</wf>
         <wf lemma="do" pos="X">do</wf>
         <wf lemma="que" pos="X">que</wf>
         <wf lemma="hai" pos="X">hai</wf>
         <wf lemma="moito" pos="X">moito</wf>
         <wf lemma="tempo" pos="X">tempo</wf>
         <wf lemma="." pos="X">.</wf>
      </sentence>
      <sentence id="d000.s2406" source="wordnet-galician">
         <wf lemma="o" pos="X">o</wf>
         <wf lemma="seu" pos="X">seu</wf>
         <wf lemma="comportamento" pos="X">comportamento</wf>
         <wf lemma="foi" pos="X">foi</wf>
         <wf lemma="moi" pos="X">moi</wf>
         <instance id="d000.s2406.t000" lemma="emocional" pos="ADJ">emocional</instance>
         <wf lemma="." pos="X">.</wf>
      </sentence>
      <sentence id="d000.s2407" source="wordnet-galician">
         <wf lemma="un" pos="X">un</wf>
         <wf lemma="grupo" pos="X">grupo</wf>
         <instance id="d000.s2407.t000" lemma="enerxético" pos="ADJ">enerxético</instance>
         <wf lemma="de" pos="X">de</wf>
         <wf lemma="camiñantes" pos="X">camiñantes</wf>
         <wf lemma="." pos="X">.</wf>
      </sentence>
      <sentence id="d000.s2408" source="wordnet-galician">
         <wf lemma="explosións" pos="X">explosións</wf>
         <wf lemma="de" pos="X">de</wf>
         <wf lemma="temperamento" pos="X">temperamento</wf>
         <instance id="d000.s2408.t000" lemma="infrecuente" pos="ADJ">infrecuentes</instance>
         <wf lemma="." pos="X">.</wf>
      </sentence>
      <sentence id="d000.s2409" source="wordnet-galician">
         <wf lemma="a" pos="X">a</wf>
         <wf lemma="televisión" pos="X">televisión</wf>
         <wf lemma="desempeña" pos="X">desempeña</wf>
         <wf lemma="un" pos="X">un</wf>
         <wf lemma="papel" pos="X">papel</wf>
         <instance id="d000.s2409.t000" lemma="dominante" pos="ADJ">dominante</instance>
         <wf lemma="en" pos="X">en</wf>
         <wf lemma="modelar" pos="X">modelar</wf>
         <wf lemma="a" pos="X">a</wf>
         <wf lemma="opinión" pos="X">opinión</wf>
         <wf lemma="pública" pos="X">pública</wf>
         <wf lemma="." pos="X">.</wf>
      </sentence>
      <sentence id="d000.s2410" source="wordnet-galician">
         <wf lemma="un" pos="X">un</wf>
         <wf lemma="escritor" pos="X">escritor</wf>
         <instance id="d000.s2410.t000" lemma="talentoso" pos="ADJ">talentoso</instance>
         <wf lemma="." pos="X">.</wf>
      </sentence>
      <sentence id="d000.s2411" source="wordnet-galician">
         <wf lemma="o" pos="X">o</wf>
         <wf lemma="calendario" pos="X">calendario</wf>
         <instance id="d000.s2411.t000" lemma="civil" pos="ADJ">civil</instance>
         <wf lemma="." pos="X">.</wf>
      </sentence>
      <sentence id="d000.s2412" source="wordnet-galician">
         <wf lemma="renda" pos="X">renda</wf>
         <instance id="d000.s2412.t000" lemma="real" pos="ADJ">real</instance>
         <wf lemma="." pos="X">.</wf>
      </sentence>
      <sentence id="d000.s2413" source="wordnet-galician">
         <wf lemma="unha" pos="X">unha</wf>
         <wf lemma="expresión" pos="X">expresión</wf>
         <instance id="d000.s2413.t000" lemma="perturbador" pos="ADJ">perturbadora</instance>
         <wf lemma="." pos="X">.</wf>
      </sentence>
      <sentence id="d000.s2414" source="wordnet-galician">
         <wf lemma="a" pos="X">a</wf>
         <wf lemma="sílaba" pos="X">sílaba</wf>
         <instance id="d000.s2414.t000" lemma="terminal" pos="ADJ">terminal</instance>
         <wf lemma="." pos="X">.</wf>
      </sentence>
      <sentence id="d000.s2415" source="wordnet-galician">
         <wf lemma="tenta" pos="X">tenta</wf>
         <wf lemma="evitar" pos="X">evitar</wf>
         <wf lemma="os" pos="X">os</wf>
         <wf lemma="gastos" pos="X">gastos</wf>
         <instance id="d000.s2415.t000" lemma="superfluo" pos="ADJ">superfluos</instance>
         <wf lemma="." pos="X">.</wf>
      </sentence>
      <sentence id="d000.s2416" source="wordnet-galician">
         <wf lemma="os" pos="X">os</wf>
         <wf lemma="alquimistas" pos="X">alquimistas</wf>
         <wf lemma="crían" pos="X">crían</wf>
         <wf lemma="que" pos="X">que</wf>
         <wf lemma="existían" pos="X">existían</wf>
         <wf lemma="catro" pos="X">catro</wf>
         <instance id="d000.s2416.t000" lemma="elemento" pos="NOUN">elementos</instance>
         <wf lemma="." pos="X">.</wf>
      </sentence>
      <sentence id="d000.s2417" source="wordnet-galician">
         <wf lemma="pan" pos="X">pan</wf>
         <instance id="d000.s2417.t000" lemma="oloroso" pos="ADJ">oloroso</instance>
         <wf lemma="fresco" pos="X">fresco</wf>
         <wf lemma="." pos="X">.</wf>
      </sentence>
      <sentence id="d000.s2418" source="wordnet-galician">
         <wf lemma="disposición" pos="X">disposición</wf>
         <instance id="d000.s2418.t000" lemma="intratable" pos="ADJ">intratable</instance>
         <wf lemma="." pos="X">.</wf>
      </sentence>
      <sentence id="d000.s2419" source="wordnet-galician">
         <wf lemma="comeu" pos="X">comeu</wf>
         <wf lemma="o" pos="X">o</wf>
         <wf lemma="pan" pos="X">pan</wf>
         <instance id="d000.s2419.t000" lemma="todo" pos="ADJ">todo</instance>
         <wf lemma="." pos="X">.</wf>
      </sentence>
      <sentence id="d000.s2420" source="wordnet-galician">
         <wf lemma="remendo" pos="X">remendo</wf>
         <instance id="d000.s2420.t000" lemma="invisible" pos="ADJ">invisible</instance>
         <wf lemma="." pos="X">.</wf>
      </sentence>
      <sentence id="d000.s2421" source="wordnet-galician">
         <wf lemma="unha" pos="X">unha</wf>
         <wf lemma="cuncha" pos="X">cuncha</wf>
         <wf lemma="do" pos="X">do</wf>
         <wf lemma="gastrópode" pos="X">gastrópode</wf>
         <instance id="d000.s2421.t000" lemma="sinistro" pos="ADJ">sinistro</instance>
         <wf lemma="co" pos="X">co</wf>
         <wf lemma="vértice" pos="X">vértice</wf>
         <wf lemma="cara" pos="X">cara</wf>
         <wf lemma="arriba" pos="X">arriba</wf>
         <wf lemma="ten" pos="X">ten</wf>
         <wf lemma="a" pos="X">a</wf>
         <wf lemma="súa" pos="X">súa</wf>
         <wf lemma="apertura" pos="X">apertura</wf>
         <wf lemma="á" pos="X">á</wf>
         <wf lemma="esquerda" pos="X">esquerda</wf>
         <wf lemma="cando" pos="X">cando</wf>
         <wf lemma="está" pos="X">está</wf>
         <wf lemma="de" pos="X">de</wf>
         <wf lemma="fronte" pos="X">fronte</wf>
         <wf lemma="para" pos="X">para</wf>
         <wf lemma="o" pos="X">o</wf>
         <wf lemma="observador" pos="X">observador</wf>
         <wf lemma="." pos="X">.</wf>
      </sentence>
      <sentence id="d000.s2422" source="wordnet-galician">
         <wf lemma="é" pos="X">é</wf>
         <wf lemma="unha" pos="X">unha</wf>
         <wf lemma="edición" pos="X">edición</wf>
         <instance id="d000.s2422.t000" lemma="pretensioso" pos="ADJ">pretensiosa</instance>
         <wf lemma="dun" pos="X">dun</wf>
         <wf lemma="erudito" pos="X">erudito</wf>
         <wf lemma="." pos="X">.</wf>
      </sentence>
      <sentence id="d000.s2423" source="wordnet-galician">
         <wf lemma="onde" pos="X">onde</wf>
         <wf lemma="nunca" pos="X">nunca</wf>
         <wf lemma="se" pos="X">se</wf>
         <wf lemma="oíron" pos="X">oíron</wf>
         <wf lemma="palabras" pos="X">palabras</wf>
         <instance id="d000.s2423.t000" lemma="desalentador" pos="ADJ">desalentadoras</instance>
         <wf lemma="." pos="X">.</wf>
      </sentence>
      <sentence id="d000.s2424" source="wordnet-galician">
         <wf lemma="mantívose" pos="X">mantívose</wf>
         <wf lemma="estupidamente" pos="X">estupidamente</wf>
         <instance id="d000.s2424.t000" lemma="inarticulado" pos="ADJ">inarticulado</instance>
         <wf lemma="e" pos="X">e</wf>
         <wf lemma="dicindo" pos="X">dicindo</wf>
         <wf lemma="cousas" pos="X">cousas</wf>
         <wf lemma="evasivas" pos="X">evasivas</wf>
         <wf lemma="." pos="X">.</wf>
      </sentence>
      <sentence id="d000.s2425" source="wordnet-galician">
         <wf lemma="unha" pos="X">unha</wf>
         <wf lemma="vitoria" pos="X">vitoria</wf>
         <instance id="d000.s2425.t000" lemma="doado" pos="ADJ">doada</instance>
         <wf lemma="." pos="X">.</wf>
      </sentence>
      <sentence id="d000.s2426" source="wordnet-galician">
         <wf lemma="o" pos="X">o</wf>
         <instance id="d000.s2426.t000" lemma="último" pos="ADJ">último</instance>
         <wf lemma="día" pos="X">día</wf>
         <wf lemma="do" pos="X">do</wf>
         <wf lemma="mes" pos="X">mes</wf>
         <wf lemma="." pos="X">.</wf>
      </sentence>
      <sentence id="d000.s2427" source="wordnet-galician">
         <wf lemma="o" pos="X">o</wf>
         <wf lemma="establecemento" pos="X">establecemento</wf>
         <instance id="d000.s2427.t000" lemma="oriental" pos="ADJ">oriental</instance>
         <wf lemma="." pos="X">.</wf>
      </sentence>
      <sentence id="d000.s2428" source="wordnet-galician">
         <wf lemma="xente" pos="X">xente</wf>
         <instance id="d000.s2428.t000" lemma="alto" pos="ADJ">alta</instance>
         <wf lemma="." pos="X">.</wf>
      </sentence>
      <sentence id="d000.s2429" source="wordnet-galician">
         <wf lemma="non" pos="X">non</wf>
         <wf lemma="é" pos="X">é</wf>
         <wf lemma="educado" pos="X">educado</wf>
         <wf lemma="nin" pos="X">nin</wf>
         <instance id="d000.s2429.t000" lemma="diplomático" pos="ADJ">diplomático</instance>
         <wf lemma="entrar" pos="X">entrar</wf>
         <wf lemma="en" pos="X">en</wf>
         <wf lemma="pelexas" pos="X">pelexas</wf>
         <wf lemma="con" pos="X">con</wf>
         <wf lemma="outras" pos="X">outras</wf>
         <wf lemma="persoas" pos="X">persoas</wf>
         <wf lemma="." pos="X">.</wf>
      </sentence>
      <sentence id="d000.s2430" source="wordnet-galician">
         <wf lemma="unha" pos="X">unha</wf>
         <wf lemma="persoa" pos="X">persoa</wf>
         <instance id="d000.s2430.t000" lemma="coidado" pos="ADJ">coidada</instance>
         <wf lemma="." pos="X">.</wf>
      </sentence>
      <sentence id="d000.s2431" source="wordnet-galician">
         <wf lemma="estar" pos="X">estar</wf>
         <instance id="d000.s2431.t000" lemma="preparado" pos="ADJ">preparado</instance>
         <wf lemma="." pos="X">.</wf>
      </sentence>
      <sentence id="d000.s2432" source="wordnet-galician">
         <wf lemma="respecto" pos="X">respecto</wf>
         <instance id="d000.s2432.t000" lemma="mutuo" pos="ADJ">mutuo</instance>
         <wf lemma="." pos="X">.</wf>
      </sentence>
      <sentence id="d000.s2433" source="wordnet-galician">
         <wf lemma="unha" pos="X">unha</wf>
         <wf lemma="lei" pos="X">lei</wf>
         <instance id="d000.s2433.t000" lemma="eficaz" pos="ADJ">eficaz</instance>
         <wf lemma="." pos="X">.</wf>
      </sentence>
      <sentence id="d000.s2434" source="wordnet-galician">
         <wf lemma="grandes" pos="X">grandes</wf>
         <wf lemma="familias" pos="X">familias</wf>
         <instance id="d000.s2434.t000" lemma="rural" pos="ADJ">rurais</instance>
         <wf lemma="." pos="X">.</wf>
      </sentence>
      <sentence id="d000.s2435" source="wordnet-galician">
         <wf lemma="por" pos="X">por</wf>
         <wf lemma="favor" pos="X">favor</wf>
         <wf lemma="," pos="X">,</wf>
         <wf lemma="marcar" pos="X">marcar</wf>
         <wf lemma="as" pos="X">as</wf>
         <wf lemma="páxinas" pos="X">páxinas</wf>
         <instance id="d000.s2435.t000" lemma="individual" pos="ADJ">individuais</instance>
         <wf lemma="." pos="X">.</wf>
      </sentence>
      <sentence id="d000.s2436" source="wordnet-galician">
         <wf lemma="prata" pos="X">prata</wf>
         <wf lemma="recen" pos="X">recen</wf>
         <instance id="d000.s2436.t000" lemma="puído" pos="ADJ">puída</instance>
         <wf lemma="." pos="X">.</wf>
      </sentence>
      <sentence id="d000.s2437" source="wordnet-galician">
         <wf lemma="un" pos="X">un</wf>
         <wf lemma="terreo" pos="X">terreo</wf>
         <instance id="d000.s2437.t000" lemma="irregular" pos="ADJ">irregular</instance>
         <wf lemma="." pos="X">.</wf>
      </sentence>
      <sentence id="d000.s2438" source="wordnet-galician">
         <wf lemma="un" pos="X">un</wf>
         <wf lemma="cociñeiro" pos="X">cociñeiro</wf>
         <instance id="d000.s2438.t000" lemma="profesional" pos="ADJ">profesional</instance>
         <wf lemma=";" pos="X">;</wf>
      </sentence>
      <sentence id="d000.s2439" source="wordnet-galician">
         <wf lemma="falou" pos="X">falou</wf>
         <wf lemma="con" pos="X">con</wf>
         <wf lemma="frases" pos="X">frases</wf>
         <instance id="d000.s2439.t000" lemma="gramatical" pos="ADJ">gramaticais</instance>
         <wf lemma="." pos="X">.</wf>
      </sentence>
      <sentence id="d000.s2440" source="wordnet-galician">
         <wf lemma="sensacións" pos="X">sensacións</wf>
         <instance id="d000.s2440.t000" lemma="agradable" pos="ADJ">agradables</instance>
         <wf lemma="." pos="X">.</wf>
      </sentence>
      <sentence id="d000.s2441" source="wordnet-galician">
         <wf lemma="un" pos="X">un</wf>
         <wf lemma="neno" pos="X">neno</wf>
         <wf lemma="medio" pos="X">medio</wf>
         <instance id="d000.s2441.t000" lemma="fato" pos="ADJ">fato</instance>
         <wf lemma="necesitado" pos="X">necesitado</wf>
         <wf lemma="de" pos="X">de</wf>
         <wf lemma="disciplina" pos="X">disciplina</wf>
         <wf lemma="." pos="X">.</wf>
      </sentence>
      <sentence id="d000.s2442" source="wordnet-galician">
         <wf lemma="unha" pos="X">unha</wf>
         <wf lemma="persoa" pos="X">persoa</wf>
         <instance id="d000.s2442.t000" lemma="razoable" pos="ADJ">razoable</instance>
         <wf lemma="." pos="X">.</wf>
      </sentence>
      <sentence id="d000.s2443" source="wordnet-galician">
         <wf lemma="deitado" pos="X">deitado</wf>
         <wf lemma="boca" pos="X">boca</wf>
         <instance id="d000.s2443.t000" lemma="arriba" pos="ADJ">arriba</instance>
         <wf lemma="." pos="X">.</wf>
      </sentence>
      <sentence id="d000.s2444" source="wordnet-galician">
         <instance id="d000.s2444.t000" lemma="derivación" pos="NOUN">derivación</instance>
         <wf lemma="arteriovenosa" pos="X">arteriovenosa</wf>
         <wf lemma="." pos="X">.</wf>
      </sentence>
      <sentence id="d000.s2445" source="wordnet-galician">
         <wf lemma="unha" pos="X">unha</wf>
         <wf lemma="leituga" pos="X">leituga</wf>
         <instance id="d000.s2445.t000" lemma="fresco" pos="ADJ">fresca</instance>
         <wf lemma="." pos="X">.</wf>
      </sentence>
      <sentence id="d000.s2446" source="wordnet-galician">
         <wf lemma="é" pos="X">é</wf>
         <instance id="d000.s2446.t000" lemma="certo" pos="ADJ">certo</instance>
         <wf lemma="que" pos="X">que</wf>
         <wf lemma="eles" pos="X">eles</wf>
         <wf lemma="estaban" pos="X">estaban</wf>
         <wf lemma="no" pos="X">no</wf>
         <wf lemma="autobús" pos="X">autobús</wf>
         <wf lemma="." pos="X">.</wf>
      </sentence>
      <sentence id="d000.s2447" source="wordnet-galician">
         <wf lemma="as" pos="X">as</wf>
         <wf lemma="brasas" pos="X">brasas</wf>
         <instance id="d000.s2447.t000" lemma="morto" pos="ADJ">mortas</instance>
         <wf lemma="." pos="X">.</wf>
      </sentence>
      <sentence id="d000.s2448" source="wordnet-galician">
         <wf lemma="papel" pos="X">papel</wf>
         <instance id="d000.s2448.t000" lemma="timbrado" pos="ADJ">timbrado</instance>
         <wf lemma="." pos="X">.</wf>
      </sentence>
      <sentence id="d000.s2449" source="wordnet-galician">
         <wf lemma="ombros" pos="X">ombros</wf>
         <instance id="d000.s2449.t000" lemma="ancho" pos="ADJ">anchos</instance>
         <wf lemma="." pos="X">.</wf>
      </sentence>
      <sentence id="d000.s2450" source="wordnet-galician">
         <wf lemma="a" pos="X">a</wf>
         <wf lemma="vida" pos="X">vida</wf>
         <wf lemma="é" pos="X">é</wf>
         <wf lemma="cada" pos="X">cada</wf>
         <wf lemma="vez" pos="X">vez</wf>
         <wf lemma="máis" pos="X">máis</wf>
         <instance id="d000.s2450.t000" lemma="insatisfactorio" pos="ADJ">insatisfactoria</instance>
         <wf lemma="." pos="X">.</wf>
      </sentence>
      <sentence id="d000.s2451" source="wordnet-galician">
         <wf lemma="o" pos="X">o</wf>
         <wf lemma="público" pos="X">público</wf>
         <wf lemma="en" pos="X">en</wf>
         <instance id="d000.s2451.t000" lemma="xeral" pos="ADJ">xeral</instance>
         <wf lemma="." pos="X">.</wf>
      </sentence>
      <sentence id="d000.s2452" source="wordnet-galician">
         <wf lemma="un" pos="X">un</wf>
         <wf lemma="lume" pos="X">lume</wf>
         <instance id="d000.s2452.t000" lemma="moribundo" pos="ADJ">moribundo</instance>
         <wf lemma="." pos="X">.</wf>
      </sentence>
      <sentence id="d000.s2453" source="wordnet-galician">
         <wf lemma="un" pos="X">un</wf>
         <wf lemma="barrio" pos="X">barrio</wf>
         <instance id="d000.s2453.t000" lemma="antisocial" pos="ADJ">antisocial</instance>
         <wf lemma="." pos="X">.</wf>
      </sentence>
      <sentence id="d000.s2454" source="wordnet-galician">
         <wf lemma="nunha" pos="X">nunha</wf>
         <instance id="d000.s2454.t000" lemma="primeiro" pos="ADJ">primeira</instance>
         <wf lemma="fase" pos="X">fase</wf>
         <wf lemma="." pos="X">.</wf>
      </sentence>
      <sentence id="d000.s2455" source="wordnet-galician">
         <wf lemma="unha" pos="X">unha</wf>
         <wf lemma="preocupación" pos="X">preocupación</wf>
         <wf lemma="pola" pos="X">pola</wf>
         <wf lemma="reflexión" pos="X">reflexión</wf>
         <instance id="d000.s2455.t000" lemma="interior" pos="ADJ">interior</instance>
         <wf lemma="." pos="X">.</wf>
      </sentence>
      <sentence id="d000.s2456" source="wordnet-galician">
         <instance id="d000.s2456.t000" lemma="consciente" pos="ADJ">consciente</instance>
         <wf lemma="de" pos="X">de</wf>
         <wf lemma="que" pos="X">que</wf>
         <wf lemma="el" pos="X">el</wf>
         <wf lemma="superara" pos="X">superara</wf>
         <wf lemma="o" pos="X">o</wf>
         <wf lemma="límite" pos="X">límite</wf>
         <wf lemma="de" pos="X">de</wf>
         <wf lemma="velocidade" pos="X">velocidade</wf>
         <wf lemma="." pos="X">.</wf>
      </sentence>
      <sentence id="d000.s2457" source="wordnet-galician">
         <wf lemma="un" pos="X">un</wf>
         <wf lemma="punto" pos="X">punto</wf>
         <instance id="d000.s2457.t000" lemma="indeterminado" pos="ADJ">indeterminado</instance>
         <wf lemma="da" pos="X">da</wf>
         <wf lemma="lei" pos="X">lei</wf>
         <wf lemma="." pos="X">.</wf>
      </sentence>
      <sentence id="d000.s2458" source="wordnet-galician">
         <wf lemma="unha" pos="X">unha</wf>
         <wf lemma="observación" pos="X">observación</wf>
         <instance id="d000.s2458.t000" lemma="diplomático" pos="ADJ">diplomática</instance>
         <wf lemma="aliviou" pos="X">aliviou</wf>
         <wf lemma="a" pos="X">a</wf>
         <wf lemma="súa" pos="X">súa</wf>
         <wf lemma="vergoña" pos="X">vergoña</wf>
         <wf lemma="." pos="X">.</wf>
      </sentence>
      <sentence id="d000.s2459" source="wordnet-galician">
         <wf lemma="a" pos="X">a</wf>
         <wf lemma="palabra" pos="X">palabra</wf>
         <wf lemma="'" pos="X">'</wf>
         <wf lemma="coche" pos="X">coche</wf>
         <wf lemma="'" pos="X">'</wf>
         <wf lemma="é" pos="X">é</wf>
         <instance id="d000.s2459.t000" lemma="inanimado" pos="ADJ">inanimada</instance>
         <wf lemma="." pos="X">.</wf>
      </sentence>
      <sentence id="d000.s2460" source="wordnet-galician">
         <wf lemma="o" pos="X">o</wf>
         <wf lemma="bater" pos="X">bater</wf>
         <instance id="d000.s2460.t000" lemma="continuo" pos="ADJ">continuo</instance>
         <wf lemma="das" pos="X">das</wf>
         <wf lemma="persianas" pos="X">persianas</wf>
         <wf lemma="." pos="X">.</wf>
      </sentence>
      <sentence id="d000.s2461" source="wordnet-galician">
         <wf lemma="a" pos="X">a</wf>
         <wf lemma="súa" pos="X">súa</wf>
         <wf lemma="beleza" pos="X">beleza</wf>
         <instance id="d000.s2461.t000" lemma="extraordinario" pos="ADJ">extraordinaria</instance>
         <wf lemma="." pos="X">.</wf>
      </sentence>
      <sentence id="d000.s2462" source="wordnet-galician">
         <wf lemma="curiosidade" pos="X">curiosidade</wf>
         <instance id="d000.s2462.t000" lemma="normal" pos="ADJ">normal</instance>
         <wf lemma="." pos="X">.</wf>
      </sentence>
      <sentence id="d000.s2463" source="wordnet-galician">
         <wf lemma="el" pos="X">el</wf>
         <wf lemma="apareceu" pos="X">apareceu</wf>
         <wf lemma="vestido" pos="X">vestido</wf>
         <wf lemma="con" pos="X">con</wf>
         <wf lemma="roupa" pos="X">roupa</wf>
         <wf lemma="de" pos="X">de</wf>
         <wf lemma="bo" pos="X">bo</wf>
         <wf lemma="corte" pos="X">corte</wf>
         <wf lemma="..." pos="X">...</wf>
         <wf lemma="e" pos="X">e</wf>
         <wf lemma="cun" pos="X">cun</wf>
         <instance id="d000.s2463.t000" lemma="luxoso" pos="ADJ">luxoso</instance>
         <wf lemma="sombreiro" pos="X">sombreiro</wf>
         <wf lemma="de" pos="X">de</wf>
         <wf lemma="feltro" pos="X">feltro</wf>
         <wf lemma="(" pos="X">(</wf>
         <wf lemma="New" pos="X">New</wf>
         <wf lemma="Yorker" pos="X">Yorker</wf>
         <wf lemma=")" pos="X">)</wf>
         <wf lemma="." pos="X">.</wf>
      </sentence>
      <sentence id="d000.s2464" source="wordnet-galician">
         <wf lemma="un" pos="X">un</wf>
         <wf lemma="coche" pos="X">coche</wf>
         <instance id="d000.s2464.t000" lemma="rápido" pos="ADJ">rápido</instance>
         <wf lemma="." pos="X">.</wf>
      </sentence>
      <sentence id="d000.s2465" source="wordnet-galician">
         <wf lemma="alegaron" pos="X">alegaron</wf>
         <wf lemma="que" pos="X">que</wf>
         <wf lemma="a" pos="X">a</wf>
         <instance id="d000.s2465.t000" lemma="acrilamida" pos="NOUN">acrilamida</instance>
         <wf lemma="é" pos="X">é</wf>
         <wf lemma="producida" pos="X">producida</wf>
         <wf lemma="cando" pos="X">cando</wf>
         <wf lemma="certos" pos="X">certos</wf>
         <wf lemma="carbohidratos" pos="X">carbohidratos</wf>
         <wf lemma="son" pos="X">son</wf>
         <wf lemma="asados" pos="X">asados</wf>
         <wf lemma="ou" pos="X">ou</wf>
         <wf lemma="fritos" pos="X">fritos</wf>
         <wf lemma="a" pos="X">a</wf>
         <wf lemma="altas" pos="X">altas</wf>
         <wf lemma="temperaturas" pos="X">temperaturas</wf>
         <wf lemma="." pos="X">.</wf>
      </sentence>
      <sentence id="d000.s2466" source="wordnet-galician">
         <wf lemma="liñas" pos="X">liñas</wf>
         <instance id="d000.s2466.t000" lemma="recto" pos="ADJ">rectas</instance>
         <wf lemma="." pos="X">.</wf>
      </sentence>
      <sentence id="d000.s2467" source="wordnet-galician">
         <wf lemma="o" pos="X">o</wf>
         <instance id="d000.s2467.t000" lemma="adn" pos="NOUN">ADN</instance>
         <wf lemma="é" pos="X">é</wf>
         <wf lemma="o" pos="X">o</wf>
         <wf lemma="rei" pos="X">rei</wf>
         <wf lemma="das" pos="X">das</wf>
         <wf lemma="moléculas" pos="X">moléculas</wf>
         <wf lemma="." pos="X">.</wf>
      </sentence>
      <sentence id="d000.s2468" source="wordnet-galician">
         <wf lemma="o" pos="X">o</wf>
         <wf lemma="recurso" pos="X">recurso</wf>
         <instance id="d000.s2468.t000" lemma="elegante" pos="ADJ">elegante</instance>
         <wf lemma="de" pos="X">de</wf>
         <wf lemma="Gstadd." pos="X">Gstadd.</wf>
      </sentence>
      <sentence id="d000.s2469" source="wordnet-galician">
         <wf lemma="un" pos="X">un</wf>
         <wf lemma="argumento" pos="X">argumento</wf>
         <instance id="d000.s2469.t000" lemma="coherente" pos="ADJ">coherente</instance>
         <wf lemma="." pos="X">.</wf>
      </sentence>
      <sentence id="d000.s2470" source="wordnet-galician">
         <wf lemma="o" pos="X">o</wf>
         <wf lemma="fundamento" pos="X">fundamento</wf>
         <instance id="d000.s2470.t000" lemma="último" pos="ADJ">último</instance>
         <wf lemma="." pos="X">.</wf>
      </sentence>
      <sentence id="d000.s2471" source="wordnet-galician">
         <wf lemma="fíxose" pos="X">fíxose</wf>
         <instance id="d000.s2471.t000" lemma="cómodo" pos="ADJ">cómodo</instance>
         <wf lemma="nunha" pos="X">nunha</wf>
         <wf lemma="poltrona" pos="X">poltrona</wf>
         <wf lemma="." pos="X">.</wf>
      </sentence>
      <sentence id="d000.s2472" source="wordnet-galician">
         <wf lemma="odontoloxía" pos="X">odontoloxía</wf>
         <instance id="d000.s2472.t000" lemma="cirúrxico" pos="ADJ">cirúrxica</instance>
         <wf lemma="." pos="X">.</wf>
      </sentence>
      <sentence id="d000.s2473" source="wordnet-galician">
         <wf lemma="os" pos="X">os</wf>
         <wf lemma="números" pos="X">números</wf>
         <wf lemma="pares" pos="X">pares</wf>
         <wf lemma="son" pos="X">son</wf>
         <instance id="d000.s2473.t000" lemma="divisible" pos="ADJ">divisibles</instance>
         <wf lemma="entre" pos="X">entre</wf>
         <wf lemma="dous" pos="X">dous</wf>
         <wf lemma="." pos="X">.</wf>
      </sentence>
      <sentence id="d000.s2474" source="wordnet-galician">
         <wf lemma="a" pos="X">a</wf>
         <wf lemma="ferida" pos="X">ferida</wf>
         <wf lemma="está" pos="X">está</wf>
         <wf lemma="case" pos="X">case</wf>
         <instance id="d000.s2474.t000" lemma="ben" pos="ADJ">ben</instance>
         <wf lemma="." pos="X">.</wf>
      </sentence>
      <sentence id="d000.s2475" source="wordnet-galician">
         <wf lemma="unha" pos="X">unha</wf>
         <wf lemma="proposición" pos="X">proposición</wf>
         <instance id="d000.s2475.t000" lemma="multidimensional" pos="ADJ">multidimensional</instance>
         <wf lemma="." pos="X">.</wf>
      </sentence>
      <sentence id="d000.s2476" source="wordnet-galician">
         <wf lemma="unha" pos="X">unha</wf>
         <wf lemma="disposición" pos="X">disposición</wf>
         <instance id="d000.s2476.t000" lemma="antisocial" pos="ADJ">antisocial</instance>
         <wf lemma="." pos="X">.</wf>
      </sentence>
      <sentence id="d000.s2477" source="wordnet-galician">
         <wf lemma="ela" pos="X">ela</wf>
         <wf lemma="foi" pos="X">foi</wf>
         <wf lemma="acusada" pos="X">acusada</wf>
         <wf lemma="de" pos="X">de</wf>
         <wf lemma="cousas" pos="X">cousas</wf>
         <instance id="d000.s2477.t000" lemma="peor" pos="ADJ">peores</instance>
         <wf lemma="que" pos="X">que</wf>
         <wf lemma="enganar" pos="X">enganar</wf>
         <wf lemma="e" pos="X">e</wf>
         <wf lemma="mentir" pos="X">mentir</wf>
         <wf lemma="." pos="X">.</wf>
      </sentence>
      <sentence id="d000.s2478" source="wordnet-galician">
         <wf lemma="sentinme" pos="X">sentinme</wf>
         <instance id="d000.s2478.t000" lemma="puro" pos="ADJ">pura</instance>
         <wf lemma="e" pos="X">e</wf>
         <wf lemma="delicada" pos="X">delicada</wf>
         <wf lemma="coma" pos="X">coma</wf>
         <wf lemma="un" pos="X">un</wf>
         <wf lemma="bebé" pos="X">bebé</wf>
         <wf lemma="(" pos="X">(</wf>
         <wf lemma="Sylvia" pos="X">Sylvia</wf>
         <wf lemma="Plath" pos="X">Plath</wf>
         <wf lemma=")" pos="X">)</wf>
         <wf lemma="." pos="X">.</wf>
      </sentence>
      <sentence id="d000.s2479" source="wordnet-galician">
         <wf lemma="un" pos="X">un</wf>
         <wf lemma="traballador" pos="X">traballador</wf>
         <instance id="d000.s2479.t000" lemma="parado" pos="ADJ">parado</instance>
         <wf lemma="." pos="X">.</wf>
      </sentence>
      <sentence id="d000.s2480" source="wordnet-galician">
         <wf lemma="unha" pos="X">unha</wf>
         <wf lemma="política" pos="X">política</wf>
         <wf lemma="exterior" pos="X">exterior</wf>
         <instance id="d000.s2480.t000" lemma="variábel" pos="ADJ">variábel</instance>
         <wf lemma="." pos="X">.</wf>
      </sentence>
      <sentence id="d000.s2481" source="wordnet-galician">
         <instance id="d000.s2481.t000" lemma="sucio" pos="ADJ">sucias</instance>
         <wf lemma="beirarrúas" pos="X">beirarrúas</wf>
         <wf lemma="sen" pos="X">sen</wf>
         <wf lemma="varrer" pos="X">varrer</wf>
         <wf lemma="." pos="X">.</wf>
      </sentence>
      <sentence id="d000.s2482" source="wordnet-galician">
         <wf lemma="os" pos="X">os</wf>
         <instance id="d000.s2482.t000" lemma="telómero" pos="NOUN">telómeros</instance>
         <wf lemma="actúan" pos="X">actúan</wf>
         <wf lemma="como" pos="X">como</wf>
         <wf lemma="tapóns" pos="X">tapóns</wf>
         <wf lemma="para" pos="X">para</wf>
         <wf lemma="que" pos="X">que</wf>
         <wf lemma="as" pos="X">as</wf>
         <wf lemma="extremidades" pos="X">extremidades</wf>
         <wf lemma="dos" pos="X">dos</wf>
         <wf lemma="cromosomas" pos="X">cromosomas</wf>
         <wf lemma="non" pos="X">non</wf>
         <wf lemma="se" pos="X">se</wf>
         <wf lemma="unan" pos="X">unan</wf>
         <wf lemma="." pos="X">.</wf>
      </sentence>
      <sentence id="d000.s2483" source="wordnet-galician">
         <wf lemma="unha" pos="X">unha</wf>
         <wf lemma="liña" pos="X">liña</wf>
         <instance id="d000.s2483.t000" lemma="continuo" pos="ADJ">continua</instance>
         <wf lemma="de" pos="X">de</wf>
         <wf lemma="almacéns" pos="X">almacéns</wf>
         <wf lemma="." pos="X">.</wf>
      </sentence>
      <sentence id="d000.s2484" source="wordnet-galician">
         <wf lemma="contrato" pos="X">contrato</wf>
         <instance id="d000.s2484.t000" lemma="violable" pos="ADJ">violable</instance>
         <wf lemma="." pos="X">.</wf>
      </sentence>
      <sentence id="d000.s2485" source="wordnet-galician">
         <wf lemma="a" pos="X">a</wf>
         <wf lemma="pizza" pos="X">pizza</wf>
         <wf lemma="ten" pos="X">ten</wf>
         <wf lemma="moita" pos="X">moita</wf>
         <instance id="d000.s2485.t000" lemma="graxa" pos="NOUN">graxa</instance>
         <wf lemma="." pos="X">.</wf>
      </sentence>
      <sentence id="d000.s2486" source="wordnet-galician">
         <wf lemma="a" pos="X">a</wf>
         <wf lemma="parte" pos="X">parte</wf>
         <wf lemma="superior" pos="X">superior</wf>
         <wf lemma="da" pos="X">da</wf>
         <wf lemma="folla" pos="X">folla</wf>
         <wf lemma="é" pos="X">é</wf>
         <wf lemma="coñecida" pos="X">coñecida</wf>
         <wf lemma="como" pos="X">como</wf>
         <wf lemma="a" pos="X">a</wf>
         <wf lemma="superficie" pos="X">superficie</wf>
         <instance id="d000.s2486.t000" lemma="adaxial" pos="ADJ">adaxial</instance>
         <wf lemma="." pos="X">.</wf>
      </sentence>
      <sentence id="d000.s2487" source="wordnet-galician">
         <wf lemma="peixes" pos="X">peixes</wf>
         <instance id="d000.s2487.t000" lemma="espiñoso" pos="ADJ">espiñosos</instance>
         <wf lemma="." pos="X">.</wf>
      </sentence>
      <sentence id="d000.s2488" source="wordnet-galician">
         <wf lemma="as" pos="X">as</wf>
         <wf lemma="oficinas" pos="X">oficinas</wf>
         <instance id="d000.s2488.t000" lemma="diúrno" pos="ADJ">diúrnas</instance>
         <wf lemma="e" pos="X">e</wf>
         <wf lemma="nocturnas" pos="X">nocturnas</wf>
         <wf lemma="." pos="X">.</wf>
      </sentence>
      <sentence id="d000.s2489" source="wordnet-galician">
         <wf lemma="enterite" pos="X">enterite</wf>
         <instance id="d000.s2489.t000" lemma="inespecífico" pos="ADJ">inespecífica</instance>
         <wf lemma="." pos="X">.</wf>
      </sentence>
      <sentence id="d000.s2490" source="wordnet-galician">
         <wf lemma="era" pos="X">era</wf>
         <instance id="d000.s2490.t000" lemma="activo" pos="ADJ">activa</instance>
         <wf lemma="destacando" pos="X">destacando</wf>
         <wf lemma="as" pos="X">as</wf>
         <wf lemma="súas" pos="X">súas</wf>
         <wf lemma="reivindicacións" pos="X">reivindicacións</wf>
         <wf lemma="." pos="X">.</wf>
      </sentence>
      <sentence id="d000.s2491" source="wordnet-galician">
         <wf lemma="o" pos="X">o</wf>
         <wf lemma="cadro" pos="X">cadro</wf>
         <wf lemma="estaba" pos="X">estaba</wf>
         <instance id="d000.s2491.t000" lemma="uniforme" pos="ADJ">uniforme</instance>
         <wf lemma="coa" pos="X">coa</wf>
         <wf lemma="fiestra" pos="X">fiestra</wf>
         <wf lemma="." pos="X">.</wf>
      </sentence>
      <sentence id="d000.s2492" source="wordnet-galician">
         <wf lemma="as" pos="X">as</wf>
         <wf lemma="presións" pos="X">presións</wf>
         <instance id="d000.s2492.t000" lemma="exterior" pos="ADJ">exteriores</instance>
         <wf lemma="." pos="X">.</wf>
      </sentence>
      <sentence id="d000.s2493" source="wordnet-galician">
         <wf lemma="un" pos="X">un</wf>
         <wf lemma="director" pos="X">director</wf>
         <instance id="d000.s2493.t000" lemma="prudente" pos="ADJ">prudente</instance>
         <wf lemma="." pos="X">.</wf>
      </sentence>
      <sentence id="d000.s2494" source="wordnet-galician">
         <wf lemma="un" pos="X">un</wf>
         <wf lemma="parente" pos="X">parente</wf>
         <instance id="d000.s2494.t000" lemma="remoto" pos="ADJ">remoto</instance>
         <wf lemma="." pos="X">.</wf>
      </sentence>
      <sentence id="d000.s2495" source="wordnet-galician">
         <wf lemma="a" pos="X">a</wf>
         <wf lemma="pesar" pos="X">pesar</wf>
         <wf lemma="do" pos="X">do</wf>
         <wf lemma="que" pos="X">que</wf>
         <wf lemma="os" pos="X">os</wf>
         <wf lemma="seus" pos="X">seus</wf>
         <wf lemma="métodos" pos="X">métodos</wf>
         <wf lemma="son" pos="X">son</wf>
         <instance id="d000.s2495.t000" lemma="indirecto" pos="ADJ">indirectos</instance>
         <wf lemma="," pos="X">,</wf>
         <wf lemma="non" pos="X">non</wf>
         <wf lemma="son" pos="X">son</wf>
         <wf lemma="pillabáns" pos="X">pillabáns</wf>
         <wf lemma="." pos="X">.</wf>
      </sentence>
      <sentence id="d000.s2496" source="wordnet-galician">
         <wf lemma="é" pos="X">é</wf>
         <wf lemma="unha" pos="X">unha</wf>
         <wf lemma="proba" pos="X">proba</wf>
         <instance id="d000.s2496.t000" lemma="inadmisible" pos="ADJ">inadmisible</instance>
         <wf lemma="." pos="X">.</wf>
      </sentence>
      <sentence id="d000.s2497" source="wordnet-galician">
         <wf lemma="unha" pos="X">unha</wf>
         <wf lemma="bebida" pos="X">bebida</wf>
         <instance id="d000.s2497.t000" lemma="forte" pos="ADJ">forte</instance>
         <wf lemma="." pos="X">.</wf>
      </sentence>
      <sentence id="d000.s2498" source="wordnet-galician">
         <wf lemma="unha" pos="X">unha</wf>
         <wf lemma="fonte" pos="X">fonte</wf>
         <instance id="d000.s2498.t000" lemma="indetectable" pos="ADJ">indetectable</instance>
         <wf lemma="." pos="X">.</wf>
      </sentence>
      <sentence id="d000.s2499" source="wordnet-galician">
         <wf lemma="a" pos="X">a</wf>
         <instance id="d000.s2499.t000" lemma="libre" pos="ADJ">libre</instance>
         <wf lemma="empresa" pos="X">empresa</wf>
         <wf lemma="." pos="X">.</wf>
      </sentence>
      <sentence id="d000.s2500" source="wordnet-galician">
         <wf lemma="madeira" pos="X">madeira</wf>
         <instance id="d000.s2500.t000" lemma="físil" pos="ADJ">físil</instance>
         <wf lemma="." pos="X">.</wf>
      </sentence>
      <sentence id="d000.s2501" source="wordnet-galician">
         <wf lemma="o" pos="X">o</wf>
         <wf lemma="ex" pos="X">ex</wf>
         <wf lemma="presidente" pos="X">presidente</wf>
         <wf lemma="agora" pos="X">agora</wf>
         <wf lemma="é" pos="X">é</wf>
         <wf lemma="un" pos="X">un</wf>
         <wf lemma="cidadán" pos="X">cidadán</wf>
         <instance id="d000.s2501.t000" lemma="privado" pos="ADJ">privado</instance>
         <wf lemma="." pos="X">.</wf>
      </sentence>
      <sentence id="d000.s2502" source="wordnet-galician">
         <wf lemma="mozo" pos="X">mozo</wf>
         <instance id="d000.s2502.t000" lemma="descortés" pos="ADJ">descortés</instance>
         <wf lemma="na" pos="X">na</wf>
         <wf lemma="distancia" pos="X">distancia</wf>
         <wf lemma="e" pos="X">e</wf>
         <wf lemma="no" pos="X">no</wf>
         <wf lemma="tempo" pos="X">tempo</wf>
         <wf lemma="." pos="X">.</wf>
      </sentence>
      <sentence id="d000.s2503" source="wordnet-galician">
         <wf lemma="materiais" pos="X">materiais</wf>
         <instance id="d000.s2503.t000" lemma="fisible" pos="ADJ">fisibles</instance>
         <wf lemma="." pos="X">.</wf>
      </sentence>
      <sentence id="d000.s2504" source="wordnet-galician">
         <wf lemma="ese" pos="X">ese</wf>
         <wf lemma="libro" pos="X">libro</wf>
         <wf lemma="paréceme" pos="X">paréceme</wf>
         <instance id="d000.s2504.t000" lemma="atractivo" pos="ADJ">atractivo</instance>
         <wf lemma="." pos="X">.</wf>
      </sentence>
      <sentence id="d000.s2505" source="wordnet-galician">
         <wf lemma="unha" pos="X">unha</wf>
         <wf lemma="das" pos="X">das</wf>
         <wf lemma="figuras" pos="X">figuras</wf>
         <wf lemma="máis" pos="X">máis</wf>
         <instance id="d000.s2505.t000" lemma="teatral" pos="ADJ">teatral</instance>
         <wf lemma="na" pos="X">na</wf>
         <wf lemma="vida" pos="X">vida</wf>
         <wf lemma="pública" pos="X">pública</wf>
         <wf lemma="." pos="X">.</wf>
      </sentence>
      <sentence id="d000.s2506" source="wordnet-galician">
         <wf lemma="dirixirse" pos="X">dirixirse</wf>
         <wf lemma="directamente" pos="X">directamente</wf>
         <wf lemma="para" pos="X">para</wf>
         <wf lemma="un" pos="X">un</wf>
         <wf lemma="ouvinte" pos="X">ouvinte</wf>
         <wf lemma="é" pos="X">é</wf>
         <wf lemma="un" pos="X">un</wf>
         <wf lemma="acto" pos="X">acto</wf>
         <instance id="d000.s2506.t000" lemma="autoafirmativo" pos="ADJ">autoafirmativo</instance>
         <wf lemma="." pos="X">.</wf>
      </sentence>
      <sentence id="d000.s2507" source="wordnet-galician">
         <wf lemma="un" pos="X">un</wf>
         <instance id="d000.s2507.t000" lemma="medio" pos="ADJ">medio</instance>
         <wf lemma="irmán" pos="X">irmán</wf>
         <wf lemma="." pos="X">.</wf>
      </sentence>
      <sentence id="d000.s2508" source="wordnet-galician">
         <wf lemma="unha" pos="X">unha</wf>
         <wf lemma="mente" pos="X">mente</wf>
         <instance id="d000.s2508.t000" lemma="profundo" pos="ADJ">profunda</instance>
         <wf lemma="." pos="X">.</wf>
      </sentence>
      <sentence id="d000.s2509" source="wordnet-galician">
         <wf lemma="os" pos="X">os</wf>
         <wf lemma="nervios" pos="X">nervios</wf>
         <wf lemma="e" pos="X">e</wf>
         <wf lemma="os" pos="X">os</wf>
         <wf lemma="impulsos" pos="X">impulsos</wf>
         <instance id="d000.s2509.t000" lemma="eferente" pos="ADJ">eferentes</instance>
         <wf lemma="." pos="X">.</wf>
      </sentence>
      <sentence id="d000.s2510" source="wordnet-galician">
         <wf lemma="medicinas" pos="X">medicinas</wf>
         <instance id="d000.s2510.t000" lemma="psicoactivo" pos="ADJ">psicoactivas</instance>
         <wf lemma="." pos="X">.</wf>
      </sentence>
      <sentence id="d000.s2511" source="wordnet-galician">
         <wf lemma="uns" pos="X">uns</wf>
         <wf lemma="salarios" pos="X">salarios</wf>
         <instance id="d000.s2511.t000" lemma="arbitrable" pos="ADJ">arbitrables</instance>
         <wf lemma="e" pos="X">e</wf>
         <wf lemma="unha" pos="X">unha</wf>
         <wf lemma="política" pos="X">política</wf>
         <wf lemma="de" pos="X">de</wf>
         <wf lemma="beneficios" pos="X">beneficios</wf>
         <wf lemma="de" pos="X">de</wf>
         <wf lemma="saúde" pos="X">saúde</wf>
         <wf lemma="." pos="X">.</wf>
      </sentence>
      <sentence id="d000.s2512" source="wordnet-galician">
         <wf lemma="engadiulle" pos="X">engadiulle</wf>
         <wf lemma="máis" pos="X">máis</wf>
         <instance id="d000.s2512.t000" lemma="refrixerante" pos="NOUN">refrixerante</instance>
         <wf lemma="ao" pos="X">ao</wf>
         <wf lemma="radiador" pos="X">radiador</wf>
         <wf lemma="do" pos="X">do</wf>
         <wf lemma="automóbil" pos="X">automóbil</wf>
         <wf lemma="." pos="X">.</wf>
      </sentence>
      <sentence id="d000.s2513" source="wordnet-galician">
         <wf lemma="aves" pos="X">aves</wf>
         <wf lemma="de" pos="X">de</wf>
         <wf lemma="especies" pos="X">especies</wf>
         <instance id="d000.s2513.t000" lemma="gregario" pos="ADJ">gregarias</instance>
         <wf lemma="." pos="X">.</wf>
      </sentence>
      <sentence id="d000.s2514" source="wordnet-galician">
         <wf lemma="traballa" pos="X">traballa</wf>
         <wf lemma="de" pos="X">de</wf>
         <wf lemma="forma" pos="X">forma</wf>
         <instance id="d000.s2514.t000" lemma="asistemático" pos="ADJ">asistemática</instance>
         <wf lemma="." pos="X">.</wf>
      </sentence>
      <sentence id="d000.s2515" source="wordnet-galician">
         <wf lemma="mucosa" pos="X">mucosa</wf>
         <instance id="d000.s2515.t000" lemma="oral" pos="ADJ">oral</instance>
         <wf lemma="." pos="X">.</wf>
      </sentence>
      <sentence id="d000.s2516" source="wordnet-galician">
         <wf lemma="o" pos="X">o</wf>
         <wf lemma="carbonato" pos="X">carbonato</wf>
         <wf lemma="de" pos="X">de</wf>
         <wf lemma="calcio" pos="X">calcio</wf>
         <wf lemma="atópase" pos="X">atópase</wf>
         <wf lemma="nos" pos="X">nos</wf>
         <instance id="d000.s2516.t000" lemma="alomorfo" pos="NOUN">alomorfos</instance>
         <wf lemma="da" pos="X">da</wf>
         <wf lemma="calcita" pos="X">calcita</wf>
         <wf lemma="e" pos="X">e</wf>
         <wf lemma="da" pos="X">da</wf>
         <wf lemma="aragonita" pos="X">aragonita</wf>
         <wf lemma="." pos="X">.</wf>
      </sentence>
      <sentence id="d000.s2517" source="wordnet-galician">
         <wf lemma="un" pos="X">un</wf>
         <wf lemma="mecanismo" pos="X">mecanismo</wf>
         <instance id="d000.s2517.t000" lemma="simple" pos="ADJ">simple</instance>
         <wf lemma="." pos="X">.</wf>
      </sentence>
      <sentence id="d000.s2518" source="wordnet-galician">
         <wf lemma="as" pos="X">as</wf>
         <wf lemma="condicións" pos="X">condicións</wf>
         <instance id="d000.s2518.t000" lemma="existente" pos="ADJ">existentes</instance>
         <wf lemma="e" pos="X">e</wf>
         <wf lemma="imaxinarias" pos="X">imaxinarias</wf>
         <wf lemma="." pos="X">.</wf>
      </sentence>
      <sentence id="d000.s2519" source="wordnet-galician">
         <wf lemma="pais" pos="X">pais</wf>
         <instance id="d000.s2519.t000" lemma="orgulloso" pos="ADJ">orgullosos</instance>
         <wf lemma="." pos="X">.</wf>
      </sentence>
      <sentence id="d000.s2520" source="wordnet-galician">
         <wf lemma="adoptou" pos="X">adoptou</wf>
         <wf lemma="unha" pos="X">unha</wf>
         <wf lemma="postura" pos="X">postura</wf>
         <instance id="d000.s2520.t000" lemma="intransixente" pos="ADJ">intransixente</instance>
         <wf lemma="nas" pos="X">nas</wf>
         <wf lemma="negociacións" pos="X">negociacións</wf>
         <wf lemma="de" pos="X">de</wf>
         <wf lemma="paz" pos="X">paz</wf>
         <wf lemma="." pos="X">.</wf>
      </sentence>
      <sentence id="d000.s2521" source="wordnet-galician">
         <wf lemma="comportamento" pos="X">comportamento</wf>
         <instance id="d000.s2521.t000" lemma="desagradable" pos="ADJ">desagradable</instance>
         <wf lemma="." pos="X">.</wf>
      </sentence>
      <sentence id="d000.s2522" source="wordnet-galician">
         <wf lemma="lixo" pos="X">lixo</wf>
         <instance id="d000.s2522.t000" lemma="oloroso" pos="ADJ">oloroso</instance>
         <wf lemma="." pos="X">.</wf>
      </sentence>
      <sentence id="d000.s2523" source="wordnet-galician">
         <wf lemma="unha" pos="X">unha</wf>
         <wf lemma="porta" pos="X">porta</wf>
         <instance id="d000.s2523.t000" lemma="aberto" pos="ADJ">aberta</instance>
         <wf lemma="." pos="X">.</wf>
      </sentence>
      <sentence id="d000.s2524" source="wordnet-galician">
         <wf lemma="a" pos="X">a</wf>
         <wf lemma="contaminación" pos="X">contaminación</wf>
         <wf lemma="do" pos="X">do</wf>
         <instance id="d000.s2524.t000" lemma="aire" pos="NOUN">aire</instance>
         <wf lemma="." pos="X">.</wf>
      </sentence>
      <sentence id="d000.s2525" source="wordnet-galician">
         <wf lemma="un" pos="X">un</wf>
         <wf lemma="proxecto" pos="X">proxecto</wf>
         <instance id="d000.s2525.t000" lemma="distinguíbel" pos="ADJ">distinguíbel</instance>
         <wf lemma="en" pos="X">en</wf>
         <wf lemma="catro" pos="X">catro</wf>
         <wf lemma="fases" pos="X">fases</wf>
         <wf lemma="de" pos="X">de</wf>
         <wf lemma="progreso" pos="X">progreso</wf>
         <wf lemma="." pos="X">.</wf>
      </sentence>
      <sentence id="d000.s2526" source="wordnet-galician">
         <wf lemma="unha" pos="X">unha</wf>
         <wf lemma="decisión" pos="X">decisión</wf>
         <instance id="d000.s2526.t000" lemma="diplomático" pos="ADJ">diplomática</instance>
         <wf lemma="." pos="X">.</wf>
      </sentence>
      <sentence id="d000.s2527" source="wordnet-galician">
         <wf lemma="os" pos="X">os</wf>
         <wf lemma="economistas" pos="X">economistas</wf>
         <wf lemma="falan" pos="X">falan</wf>
         <wf lemma="dunha" pos="X">dunha</wf>
         <wf lemma="estrutura" pos="X">estrutura</wf>
         <instance id="d000.s2527.t000" lemma="inelástico" pos="ADJ">inelástica</instance>
         <wf lemma="." pos="X">.</wf>
      </sentence>
      <sentence id="d000.s2528" source="wordnet-galician">
         <wf lemma="tempo" pos="X">tempo</wf>
         <instance id="d000.s2528.t000" lemma="húmido" pos="ADJ">húmido</instance>
         <wf lemma="." pos="X">.</wf>
      </sentence>
      <sentence id="d000.s2529" source="wordnet-galician">
         <wf lemma="o" pos="X">o</wf>
         <wf lemma="PIB" pos="X">PIB</wf>
         <instance id="d000.s2529.t000" lemma="nominal" pos="ADJ">nominal</instance>
         <wf lemma="." pos="X">.</wf>
      </sentence>
      <sentence id="d000.s2530" source="wordnet-galician">
         <wf lemma="a" pos="X">a</wf>
         <wf lemma="posición" pos="X">posición</wf>
         <instance id="d000.s2530.t000" lemma="actual" pos="ADJ">actual</instance>
         <wf lemma="do" pos="X">do</wf>
         <wf lemma="buque" pos="X">buque</wf>
         <wf lemma="." pos="X">.</wf>
      </sentence>
      <sentence id="d000.s2531" source="wordnet-galician">
         <wf lemma="o" pos="X">o</wf>
         <wf lemma="ar" pos="X">ar</wf>
         <wf lemma="é" pos="X">é</wf>
         <instance id="d000.s2531.t000" lemma="raro" pos="ADJ">raro</instance>
         <wf lemma="en" pos="X">en</wf>
         <wf lemma="grandes" pos="X">grandes</wf>
         <wf lemma="altitudes" pos="X">altitudes</wf>
         <wf lemma="." pos="X">.</wf>
      </sentence>
      <sentence id="d000.s2532" source="wordnet-galician">
         <wf lemma="fala" pos="X">fala</wf>
         <wf lemma="en" pos="X">en</wf>
         <instance id="d000.s2532.t000" lemma="serio" pos="ADJ">serio</instance>
         <wf lemma="ou" pos="X">ou</wf>
         <wf lemma="está" pos="X">está</wf>
         <wf lemma="xogando" pos="X">xogando</wf>
         <wf lemma="?" pos="X">?</wf>
      </sentence>
      <sentence id="d000.s2533" source="wordnet-galician">
         <wf lemma="tiña" pos="X">tiña</wf>
         <wf lemma="unha" pos="X">unha</wf>
         <wf lemma="fixación" pos="X">fixación</wf>
         <instance id="d000.s2533.t000" lemma="seguro" pos="ADJ">segura</instance>
         <wf lemma="no" pos="X">no</wf>
         <wf lemma="seu" pos="X">seu</wf>
         <wf lemma="pulso" pos="X">pulso</wf>
         <wf lemma="." pos="X">.</wf>
      </sentence>
      <sentence id="d000.s2534" source="wordnet-galician">
         <wf lemma="a" pos="X">a</wf>
         <wf lemma="maioría" pos="X">maioría</wf>
         <wf lemma="dos" pos="X">dos</wf>
         <wf lemma="anfibios" pos="X">anfibios</wf>
         <wf lemma="teñen" pos="X">teñen</wf>
         <wf lemma="branquias" pos="X">branquias</wf>
         <instance id="d000.s2534.t000" lemma="caduco" pos="ADJ">caducas</instance>
         <wf lemma="." pos="X">.</wf>
      </sentence>
      <sentence id="d000.s2535" source="wordnet-galician">
         <wf lemma="mantén" pos="X">mantén</wf>
         <wf lemma="os" pos="X">os</wf>
         <wf lemma="ollos" pos="X">ollos</wf>
         <instance id="d000.s2535.t000" lemma="aberto" pos="ADJ">abertos</instance>
         <wf lemma="." pos="X">.</wf>
      </sentence>
      <sentence id="d000.s2536" source="wordnet-galician">
         <wf lemma="o" pos="X">o</wf>
         <wf lemma="vigor" pos="X">vigor</wf>
         <instance id="d000.s2536.t000" lemma="expansivo" pos="ADJ">expansivo</instance>
         <wf lemma="do" pos="X">do</wf>
         <wf lemma="lume" pos="X">lume</wf>
         <wf lemma="." pos="X">.</wf>
      </sentence>
      <sentence id="d000.s2537" source="wordnet-galician">
         <wf lemma="autoridades" pos="X">autoridades</wf>
         <instance id="d000.s2537.t000" lemma="local" pos="ADJ">locais</instance>
         <wf lemma="." pos="X">.</wf>
      </sentence>
      <sentence id="d000.s2538" source="wordnet-galician">
         <wf lemma="encheu" pos="X">encheu</wf>
         <wf lemma="a" pos="X">a</wf>
         <wf lemma="súa" pos="X">súa</wf>
         <instance id="d000.s2538.t000" lemma="boca" pos="NOUN">boca</instance>
         <wf lemma="cos" pos="X">cos</wf>
         <wf lemma="caramelos" pos="X">caramelos</wf>
         <wf lemma="." pos="X">.</wf>
      </sentence>
      <sentence id="d000.s2539" source="wordnet-galician">
         <wf lemma="datos" pos="X">datos</wf>
         <instance id="d000.s2539.t000" lemma="cualitativo" pos="ADJ">cualitativos</instance>
         <wf lemma="." pos="X">.</wf>
      </sentence>
      <sentence id="d000.s2540" source="wordnet-galician">
         <wf lemma="fillos" pos="X">fillos</wf>
         <instance id="d000.s2540.t000" lemma="obediente" pos="ADJ">obedientes</instance>
         <wf lemma="." pos="X">.</wf>
      </sentence>
      <sentence id="d000.s2541" source="wordnet-galician">
         <wf lemma="unha" pos="X">unha</wf>
         <wf lemma="economía" pos="X">economía</wf>
         <wf lemma="mundial" pos="X">mundial</wf>
         <instance id="d000.s2541.t000" lemma="inestable" pos="ADJ">inestable</instance>
         <wf lemma="." pos="X">.</wf>
      </sentence>
      <sentence id="d000.s2542" source="wordnet-galician">
         <wf lemma="os" pos="X">os</wf>
         <instance id="d000.s2542.t000" lemma="humor" pos="NOUN">humores</instance>
         <wf lemma="son" pos="X">son</wf>
         <wf lemma="o" pos="X">o</wf>
         <wf lemma="sangue" pos="X">sangue</wf>
         <wf lemma="," pos="X">,</wf>
         <wf lemma="a" pos="X">a</wf>
         <wf lemma="flegma" pos="X">flegma</wf>
         <wf lemma="," pos="X">,</wf>
         <wf lemma="a" pos="X">a</wf>
         <wf lemma="bile" pos="X">bile</wf>
         <wf lemma="negra" pos="X">negra</wf>
         <wf lemma="e" pos="X">e</wf>
         <wf lemma="bile" pos="X">bile</wf>
         <wf lemma="amarela" pos="X">amarela</wf>
         <wf lemma="." pos="X">.</wf>
      </sentence>
      <sentence id="d000.s2543" source="wordnet-galician">
         <wf lemma="un" pos="X">un</wf>
         <wf lemma="castigo" pos="X">castigo</wf>
         <wf lemma="cruel" pos="X">cruel</wf>
         <wf lemma="e" pos="X">e</wf>
         <instance id="d000.s2543.t000" lemma="raro" pos="ADJ">raro</instance>
         <wf lemma="." pos="X">.</wf>
      </sentence>
      <sentence id="d000.s2544" source="wordnet-galician">
         <wf lemma="a" pos="X">a</wf>
         <wf lemma="estrada" pos="X">estrada</wf>
         <wf lemma="está" pos="X">está</wf>
         <instance id="d000.s2544.t000" lemma="aberto" pos="ADJ">aberta</instance>
         <wf lemma="ao" pos="X">ao</wf>
         <wf lemma="tráfico" pos="X">tráfico</wf>
         <wf lemma="." pos="X">.</wf>
      </sentence>
      <sentence id="d000.s2545" source="wordnet-galician">
         <wf lemma="un" pos="X">un</wf>
         <wf lemma="abrigo" pos="X">abrigo</wf>
         <instance id="d000.s2545.t000" lemma="reversible" pos="ADJ">reversible</instance>
         <wf lemma="." pos="X">.</wf>
      </sentence>
      <sentence id="d000.s2546" source="wordnet-galician">
         <wf lemma="os" pos="X">os</wf>
         <wf lemma="seus" pos="X">seus</wf>
         <wf lemma="deberes" pos="X">deberes</wf>
         <wf lemma="eran" pos="X">eran</wf>
         <instance id="d000.s2546.t000" lemma="insignificante" pos="ADJ">insignificantes</instance>
         <wf lemma="." pos="X">.</wf>
      </sentence>
      <sentence id="d000.s2547" source="wordnet-galician">
         <wf lemma="as" pos="X">as</wf>
         <wf lemma="actitudes" pos="X">actitudes</wf>
         <instance id="d000.s2547.t000" lemma="intolerante" pos="ADJ">intolerantes</instance>
         <wf lemma="ou" pos="X">ou</wf>
         <wf lemma="hipercríticas" pos="X">hipercríticas</wf>
         <wf lemma="dos" pos="X">dos</wf>
         <wf lemma="pais" pos="X">pais</wf>
         <wf lemma="decepcionados" pos="X">decepcionados</wf>
         <wf lemma="." pos="X">.</wf>
      </sentence>
      <sentence id="d000.s2548" source="wordnet-galician">
         <wf lemma="formas" pos="X">formas</wf>
         <instance id="d000.s2548.t000" lemma="perfecto" pos="ADJ">perfectas</instance>
         <wf lemma="." pos="X">.</wf>
      </sentence>
      <sentence id="d000.s2549" source="wordnet-galician">
         <wf lemma="un" pos="X">un</wf>
         <wf lemma="estatuto" pos="X">estatuto</wf>
         <instance id="d000.s2549.t000" lemma="prospectivo" pos="ADJ">prospectivo</instance>
         <wf lemma="na" pos="X">na</wf>
         <wf lemma="operación" pos="X">operación</wf>
         <wf lemma="." pos="X">.</wf>
      </sentence>
      <sentence id="d000.s2550" source="wordnet-galician">
         <wf lemma="unha" pos="X">unha</wf>
         <wf lemma="sesión" pos="X">sesión</wf>
         <instance id="d000.s2550.t000" lemma="conxunto" pos="ADJ">conxunta</instance>
         <wf lemma="do" pos="X">do</wf>
         <wf lemma="congreso" pos="X">congreso</wf>
         <wf lemma="." pos="X">.</wf>
      </sentence>
      <sentence id="d000.s2551" source="wordnet-galician">
         <wf lemma="o" pos="X">o</wf>
         <wf lemma="azucre" pos="X">azucre</wf>
         <wf lemma="de" pos="X">de</wf>
         <wf lemma="pradairo" pos="X">pradairo</wf>
         <instance id="d000.s2551.t000" lemma="nativo" pos="ADJ">nativo</instance>
         <wf lemma="do" pos="X">do</wf>
         <wf lemma="Norte" pos="X">Norte</wf>
         <wf lemma="de" pos="X">de</wf>
         <wf lemma="América" pos="X">América</wf>
         <wf lemma="." pos="X">.</wf>
      </sentence>
      <sentence id="d000.s2552" source="wordnet-galician">
         <wf lemma="os" pos="X">os</wf>
         <wf lemma="ángulos" pos="X">ángulos</wf>
         <wf lemma="agudos" pos="X">agudos</wf>
         <wf lemma="e" pos="X">e</wf>
         <wf lemma="obtusos" pos="X">obtusos</wf>
         <wf lemma="son" pos="X">son</wf>
         <wf lemma="ángulos" pos="X">ángulos</wf>
         <instance id="d000.s2552.t000" lemma="oblicuo" pos="ADJ">oblicuos</instance>
         <wf lemma="." pos="X">.</wf>
      </sentence>
      <sentence id="d000.s2553" source="wordnet-galician">
         <wf lemma="é" pos="X">é</wf>
         <wf lemma="unha" pos="X">unha</wf>
         <wf lemma="cor" pos="X">cor</wf>
         <instance id="d000.s2553.t000" lemma="imperceptible" pos="ADJ">imperceptible</instance>
         <wf lemma="." pos="X">.</wf>
      </sentence>
      <sentence id="d000.s2554" source="wordnet-galician">
         <wf lemma="a" pos="X">a</wf>
         <wf lemma="mestura" pos="X">mestura</wf>
         <instance id="d000.s2554.t000" lemma="axitado" pos="ADJ">axitada</instance>
         <wf lemma="de" pos="X">de</wf>
         <wf lemma="escuma" pos="X">escuma</wf>
         <wf lemma="e" pos="X">e</wf>
         <wf lemma="burbullas" pos="X">burbullas</wf>
         <wf lemma="." pos="X">.</wf>
      </sentence>
      <sentence id="d000.s2555" source="wordnet-galician">
         <wf lemma="unha" pos="X">unha</wf>
         <wf lemma="admiradora" pos="X">admiradora</wf>
         <wf lemma="dedicada" pos="X">dedicada</wf>
         <wf lemma="e" pos="X">e</wf>
         <wf lemma="case" pos="X">case</wf>
         <instance id="d000.s2555.t000" lemma="acrítico" pos="ADJ">acrítica</instance>
         <wf lemma="." pos="X">.</wf>
      </sentence>
      <sentence id="d000.s2556" source="wordnet-galician">
         <wf lemma="un" pos="X">un</wf>
         <wf lemma="neno" pos="X">neno</wf>
         <wf lemma="cun" pos="X">cun</wf>
         <wf lemma="mono" pos="X">mono</wf>
         <instance id="d000.s2556.t000" lemma="sucio" pos="ADJ">sucio</instance>
         <wf lemma="." pos="X">.</wf>
      </sentence>
      <sentence id="d000.s2557" source="wordnet-galician">
         <wf lemma="cheiros" pos="X">cheiros</wf>
         <instance id="d000.s2557.t000" lemma="ofensivo" pos="ADJ">ofensivos</instance>
         <wf lemma="." pos="X">.</wf>
      </sentence>
      <sentence id="d000.s2558" source="wordnet-galician">
         <wf lemma="unha" pos="X">unha</wf>
         <wf lemma="noite" pos="X">noite</wf>
         <wf lemma="de" pos="X">de</wf>
         <wf lemma="sono" pos="X">sono</wf>
         <wf lemma="inquedo" pos="X">inquedo</wf>
         <wf lemma="e" pos="X">e</wf>
         <instance id="d000.s2558.t000" lemma="superficial" pos="ADJ">superficial</instance>
         <wf lemma="." pos="X">.</wf>
      </sentence>
      <sentence id="d000.s2559" source="wordnet-galician">
         <wf lemma="unha" pos="X">unha</wf>
         <wf lemma="competición" pos="X">competición</wf>
         <wf lemma="no" pos="X">no</wf>
         <wf lemma="estado" pos="X">estado</wf>
         <wf lemma="de" pos="X">de</wf>
         <wf lemma="Virxinia" pos="X">Virxinia</wf>
         <wf lemma="entre" pos="X">entre</wf>
         <wf lemma="a" pos="X">a</wf>
         <wf lemma="poboación" pos="X">poboación</wf>
         <instance id="d000.s2559.t000" lemma="cismontano" pos="ADJ">cismontana</instance>
         <wf lemma="e" pos="X">e</wf>
         <wf lemma="a" pos="X">a</wf>
         <wf lemma="transmontana" pos="X">transmontana</wf>
         <wf lemma="." pos="X">.</wf>
      </sentence>
      <sentence id="d000.s2560" source="wordnet-galician">
         <wf lemma="os" pos="X">os</wf>
         <wf lemma="bens" pos="X">bens</wf>
         <instance id="d000.s2560.t000" lemma="temporal" pos="ADJ">temporais</instance>
         <wf lemma="da" pos="X">da</wf>
         <wf lemma="Igrexa" pos="X">Igrexa</wf>
         <wf lemma="." pos="X">.</wf>
      </sentence>
      <sentence id="d000.s2561" source="wordnet-galician">
         <wf lemma="a" pos="X">a</wf>
         <wf lemma="aleta" pos="X">aleta</wf>
         <instance id="d000.s2561.t000" lemma="dorsal" pos="ADJ">dorsal</instance>
         <wf lemma="é" pos="X">é</wf>
         <wf lemma="o" pos="X">o</wf>
         <wf lemma="estabilizador" pos="X">estabilizador</wf>
         <wf lemma="vertical" pos="X">vertical</wf>
         <wf lemma="na" pos="X">na</wf>
         <wf lemma="parte" pos="X">parte</wf>
         <wf lemma="de" pos="X">de</wf>
         <wf lemma="atrás" pos="X">atrás</wf>
         <wf lemma="dun" pos="X">dun</wf>
         <wf lemma="peixe" pos="X">peixe</wf>
         <wf lemma="e" pos="X">e</wf>
         <wf lemma="de" pos="X">de</wf>
         <wf lemma="certos" pos="X">certos</wf>
         <wf lemma="mamíferos" pos="X">mamíferos</wf>
         <wf lemma="mariños" pos="X">mariños</wf>
         <wf lemma="." pos="X">.</wf>
      </sentence>
   </text>
</corpus>
