<?xml version="1.0" encoding="UTF-8"?>
<corpus lang="es" name="test-es" sources="semeval2013-es_semeval2015-es">
   <text id="d000">
      <sentence id="d000.s000" source="semeval2013-es">
         <wf lemma="el" pos="X">Los</wf>
         <wf lemma="de" pos="X">de</wf>
         <wf lemma="Ivanovic" pos="NOUN">Ivanovic</wf>
         <wf lemma="," pos="X">,</wf>
         <wf lemma="herir" pos="VERB">heridos</wf>
         <wf lemma="pero" pos="X">pero</wf>
         <wf lemma="ni" pos="X">ni</wf>
         <wf lemma="mucho" pos="ADV">mucho</wf>
         <wf lemma="menos" pos="ADV">menos</wf>
         <wf lemma="muerto" pos="ADJ">muertos</wf>
         <wf lemma="," pos="X">,</wf>
         <wf lemma="necesitar" pos="VERB">necesitaban</wf>
         <wf lemma="hilar" pos="VERB">hilar</wf>
         <wf lemma="un" pos="X">un</wf>
         <instance id="d000.s000.t000" lemma="par" pos="NOUN">par</instance>
         <wf lemma="de" pos="X">de</wf>
         <wf lemma="jugar" pos="VERB">jugadas</wf>
         <wf lemma="con" pos="X">con</wf>
         <wf lemma="acierto" pos="NOUN">acierto</wf>
         <wf lemma="para" pos="X">para</wf>
         <wf lemma="coger" pos="VERB">coger</wf>
         <instance id="d000.s000.t001" lemma="aire" pos="NOUN">aire</instance>
         <wf lemma="," pos="X">,</wf>
         <wf lemma="y" pos="X">y</wf>
         <wf lemma="en" pos="X">en</wf>
         <wf lemma="ese" pos="X">esas</wf>
         <wf lemma="llegar" pos="VERB">llegó</wf>
         <wf lemma="el" pos="X">la</wf>
         <wf lemma="ametralladora" pos="NOUN">ametralladora</wf>
         <wf lemma="de" pos="X">de</wf>
         <wf lemma="mirza_teletovic" pos="NOUN">Mirza_Teletovic</wf>
         <wf lemma="," pos="X">,</wf>
         <wf lemma="que" pos="X">que</wf>
         <wf lemma="con" pos="X">con</wf>
         <wf lemma="tres" pos="X">tres</wf>
         <wf lemma="triple" pos="NOUN">triples</wf>
         <wf lemma="casi" pos="ADV">casi</wf>
         <wf lemma="consecutivo" pos="ADJ">consecutivos</wf>
         <wf lemma="y" pos="X">y</wf>
         <wf lemma="el" pos="X">la</wf>
         <instance id="d000.s000.t002" lemma="ayuda" pos="NOUN">ayuda</instance>
         <wf lemma="de" pos="X">de</wf>
         <wf lemma="English" pos="X">English</wf>
         <wf lemma="y" pos="X">y</wf>
         <wf lemma="Ribas" pos="NOUN">Ribas</wf>
         <wf lemma="devolver" pos="VERB">devolvió</wf>
         <wf lemma="el" pos="X">el</wf>
         <wf lemma="marcador" pos="NOUN">marcador</wf>
         <wf lemma="a" pos="X">a</wf>
         <wf lemma="un" pos="X">una</wf>
         <wf lemma="renta" pos="NOUN">renta</wf>
         <wf lemma="tranquilizadora" pos="ADJ">tranquilizadora</wf>
         <wf lemma="(" pos="X">(</wf>
         <wf lemma="@card@" pos="X">54-67</wf>
         <wf lemma=")" pos="X">)</wf>
         <wf lemma="," pos="X">,</wf>
         <wf lemma="que" pos="X">que</wf>
         <wf lemma="conseguir" pos="VERB">consiguieron</wf>
         <wf lemma="maquillar" pos="VERB">maquillar</wf>
         <wf lemma="el" pos="X">los</wf>
         <wf lemma="local" pos="ADJ">locales</wf>
         <wf lemma="al" pos="X">al</wf>
         <wf lemma="final" pos="NOUN">final</wf>
         <wf lemma="del" pos="X">del</wf>
         <wf lemma="tercero" pos="X">tercer</wf>
         <instance id="d000.s000.t003" lemma="cuarto" pos="NOUN">cuarto</instance>
         <wf lemma="(" pos="X">(</wf>
         <wf lemma="@card@" pos="X">57-67</wf>
         <wf lemma=")" pos="X">)</wf>
         <wf lemma="." pos="X">.</wf>
      </sentence>
      <sentence id="d000.s001" source="semeval2013-es">
         <instance id="d000.s001.t000" lemma="wall_street" pos="NOUN">Wall_Street</instance>
         <wf lemma="perder" pos="VERB">pierde</wf>
         <wf lemma="el" pos="X">el</wf>
         <instance id="d000.s001.t001" lemma="rumbo" pos="NOUN">rumbo</instance>
         <wf lemma="y" pos="X">y</wf>
         <wf lemma="se" pos="X">se</wf>
         <wf lemma="frenar" pos="VERB">frena</wf>
         <wf lemma="por" pos="X">por</wf>
         <wf lemma="el" pos="X">el</wf>
         <wf lemma="alza" pos="NOUN">alza</wf>
         <wf lemma="del" pos="X">del</wf>
         <instance id="d000.s001.t002" lemma="dólar" pos="NOUN">dólar</instance>
      </sentence>
      <sentence id="d000.s002" source="semeval2013-es">
         <wf lemma="aunque" pos="X">Aunque</wf>
         <wf lemma="el" pos="X">los</wf>
         <instance id="d000.s002.t000" lemma="resultado" pos="NOUN">resultados</instance>
         <wf lemma="suceder" pos="VERB">sucedieron</wf>
         <wf lemma="hacer" pos="VERB">hace</wf>
         <wf lemma="alguno" pos="X">algunos</wf>
         <instance id="d000.s002.t001" lemma="año" pos="NOUN">años</instance>
         <wf lemma="," pos="X">,</wf>
         <wf lemma="actualmente" pos="ADV">actualmente</wf>
         <wf lemma="soplar" pos="VERB">sopla</wf>
         <wf lemma="un" pos="X">un</wf>
         <instance id="d000.s002.t002" lemma="viento" pos="NOUN">viento</instance>
         <wf lemma="complicar" pos="VERB">complicado</wf>
         <wf lemma="para" pos="X">para</wf>
         <wf lemma="el" pos="X">los</wf>
         <instance id="d000.s002.t003" lemma="banco" pos="NOUN">bancos</instance>
         <wf lemma="estadounidense" pos="ADJ">estadounidenses</wf>
         <wf lemma="." pos="X">.</wf>
      </sentence>
      <sentence id="d000.s003" source="semeval2013-es">
         <wf lemma="no" pos="NOUN">No</wf>
         <wf lemma="obstante" pos="ADV">obstante</wf>
         <wf lemma="," pos="X">,</wf>
         <wf lemma="tan" pos="ADV">tan</wf>
         <wf lemma="solo" pos="ADJ">solo</wf>
         <wf lemma="el" pos="X">la</wf>
         <instance id="d000.s003.t000" lemma="mitad" pos="NOUN">mitad</instance>
         <wf lemma="de" pos="X">de</wf>
         <wf lemma="el" pos="X">los</wf>
         <wf lemma="encuestado" pos="NOUN">encuestados</wf>
         <wf lemma="de" pos="X">de</wf>
         <instance id="d000.s003.t001" lemma="México" pos="NOUN">México</instance>
         <wf lemma="y" pos="X">y</wf>
         <instance id="d000.s003.t002" lemma="Brasil" pos="NOUN">Brasil</instance>
         <wf lemma="," pos="X">,</wf>
         <wf lemma="el" pos="X">los</wf>
         <wf lemma="dos" pos="X">dos</wf>
         <instance id="d000.s003.t003" lemma="país" pos="NOUN">países</instance>
         <wf lemma="más" pos="ADV">más</wf>
         <wf lemma="poblar" pos="VERB">poblados</wf>
         <wf lemma="de" pos="X">de</wf>
         <wf lemma="el" pos="X">la</wf>
         <instance id="d000.s003.t004" lemma="zona" pos="NOUN">zona</instance>
         <wf lemma="," pos="X">,</wf>
         <wf lemma="ser" pos="VERB">son</wf>
         <wf lemma="demócrata" pos="NOUN">demócratas</wf>
         <wf lemma="convencer" pos="VERB">convencidos</wf>
         <wf lemma="," pos="X">,</wf>
         <wf lemma="el" pos="X">lo</wf>
         <wf lemma="cual" pos="X">cual</wf>
         <wf lemma="bajar" pos="NOUN">baja</wf>
         <wf lemma="el" pos="X">la</wf>
         <instance id="d000.s003.t005" lemma="media" pos="NOUN">media</instance>
         <wf lemma="regional" pos="ADJ">regional</wf>
         <wf lemma="(" pos="X">(</wf>
         <wf lemma="consultar" pos="VERB">consulte</wf>
         <wf lemma="el" pos="X">el</wf>
         <instance id="d000.s003.t006" lemma="gráfico" pos="NOUN">gráfico</instance>
         <wf lemma="2" pos="X">2</wf>
         <wf lemma=")" pos="X">)</wf>
         <wf lemma="." pos="X">.</wf>
      </sentence>
      <sentence id="d000.s004" source="semeval2013-es">
         <wf lemma="se" pos="X">Se</wf>
         <wf lemma="tratar" pos="VERB">trata</wf>
         <wf lemma="de" pos="X">de</wf>
         <wf lemma="el" pos="X">la</wf>
         <instance id="d000.s004.t000" lemma="venta" pos="NOUN">venta</instance>
         <wf lemma="de" pos="X">de</wf>
         <instance id="d000.s004.t001" lemma="título" pos="NOUN">títulos</instance>
         <wf lemma="hipotecario" pos="ADJ">hipotecarios</wf>
         <wf lemma="." pos="X">.</wf>
      </sentence>
      <sentence id="d000.s005" source="semeval2015-es">
         <wf pos="X">En</wf>
         <wf pos="X">los</wf>
         <instance id="d000.s005.t000" lemma="paciente" pos="NOUN">pacientes</instance>
         <wf pos="X">que</wf>
         <wf lemma="haber" pos="VERB">habían</wf>
         <instance id="d000.s005.t001" lemma="recibir" pos="VERB">recibido</instance>
         <instance id="d000.s005.t002" lemma="quimioterapia" pos="NOUN">quimioterapia</instance>
         <instance id="d000.s005.t003" lemma="previamente" pos="ADV">previamente</instance>
         <wf pos="X">,</wf>
         <wf pos="X">el</wf>
         <instance id="d000.s005.t004" lemma="tiempo" pos="NOUN">tiempo</instance>
         <instance id="d000.s005.t005" lemma="medio" pos="ADJ">medio</instance>
         <wf pos="X">de</wf>
         <instance id="d000.s005.t006" lemma="supervivencia" pos="NOUN">supervivencia</instance>
         <wf lemma="ser" pos="VERB">fue</wf>
         <wf pos="X">de</wf>
         <wf pos="X">8,3</wf>
         <instance id="d000.s005.t007" lemma="mes" pos="NOUN">meses</instance>
         <wf pos="X">con</wf>
         <wf lemma="alimta" pos="NOUN">Alimta</wf>
         <wf pos="X">frente a</wf>
         <wf pos="X">7,9</wf>
         <instance id="d000.s005.t008" lemma="mes" pos="NOUN">meses</instance>
         <wf pos="X">con</wf>
         <wf lemma="docetaxel" pos="NOUN">docetaxel</wf>
         <wf pos="X">.</wf>
      </sentence>
      <sentence id="d000.s006" source="semeval2013-es">
         <wf lemma="el" pos="X">La</wf>
         <wf lemma="delincuencia" pos="NOUN">delincuencia</wf>
         <wf lemma="generar" pos="VERB">genera</wf>
         <wf lemma="grande" pos="ADJ">mayor</wf>
         <instance id="d000.s006.t000" lemma="preocupación" pos="NOUN">preocupación</instance>
         <wf lemma="que" pos="X">que</wf>
         <wf lemma="el" pos="X">el</wf>
         <instance id="d000.s006.t001" lemma="desempleo" pos="NOUN">desempleo</instance>
         <wf lemma="." pos="X">.</wf>
      </sentence>
      <sentence id="d000.s007" source="semeval2013-es">
         <wf lemma="este" pos="X">Esto</wf>
         <wf lemma="él" pos="X">le</wf>
         <wf lemma="dar" pos="VERB">da</wf>
         <wf lemma="mucho" pos="ADJ">mucha</wf>
         <wf lemma="flexibilidad" pos="NOUN">flexibilidad</wf>
         <wf lemma="al" pos="X">al</wf>
         <instance id="d000.s007.t000" lemma="proceso" pos="NOUN">proceso</instance>
         <wf lemma="," pos="X">,</wf>
         <wf lemma="decir" pos="VERB">dijo</wf>
         <wf lemma="John" pos="NOUN">John</wf>
         <wf lemma="Coequyt" pos="NOUN">Coequyt</wf>
         <wf lemma="," pos="X">,</wf>
         <wf lemma="alto" pos="ADJ">alto</wf>
         <instance id="d000.s007.t001" lemma="representante" pos="NOUN">representante</instance>
         <wf lemma="en" pos="X">en</wf>
         <instance id="d000.s007.t002" lemma="Washington" pos="NOUN">Washington</instance>
         <wf lemma="para" pos="X">para</wf>
         <wf lemma="el" pos="X">el</wf>
         <wf lemma="sierra" pos="NOUN">Sierra</wf>
         <wf lemma="Club" pos="NOUN">Club</wf>
         <wf lemma="." pos="X">.</wf>
      </sentence>
      <sentence id="d000.s008" source="semeval2013-es">
         <wf lemma="&quot;" pos="X">&quot;</wf>
         <wf lemma="el" pos="X">Los</wf>
         <wf lemma="aglomeración" pos="NOUN">aglomeración</wf>
         <wf lemma="diario" pos="ADJ">diaria</wf>
         <wf lemma="de" pos="X">de</wf>
         <wf lemma="el" pos="X">los</wf>
         <wf lemma="tweets" pos="NOUN">tweets</wf>
         <wf lemma="de" pos="X">de</wf>
         <wf lemma="el" pos="X">los</wf>
         <instance id="d000.s008.t000" lemma="medio" pos="NOUN">medios</instance>
         <wf lemma="," pos="X">,</wf>
         <wf lemma="el" pos="X">las</wf>
         <instance id="d000.s008.t001" lemma="cámara" pos="NOUN">cámaras</instance>
         <wf lemma="y" pos="X">y</wf>
         <wf lemma="el" pos="X">los</wf>
         <instance id="d000.s008.t002" lemma="reportero" pos="NOUN">reporteros</instance>
         <wf lemma="ser" pos="VERB">fuera</wf>
         <wf lemma="del" pos="X">del</wf>
         <instance id="d000.s008.t003" lemma="tribunal" pos="NOUN">tribunal</instance>
         <wf lemma="&quot;" pos="X">&quot;</wf>
         <wf lemma="," pos="X">,</wf>
         <wf lemma="escribir" pos="VERB">escribieron</wf>
         <wf lemma="el" pos="X">los</wf>
         <instance id="d000.s008.t004" lemma="abogado" pos="NOUN">abogados</instance>
         <wf lemma="," pos="X">,</wf>
         <wf lemma="&quot;" pos="X">&quot;</wf>
         <wf lemma="ir" pos="VERB">fue</wf>
         <wf lemma="algo" pos="X">algo</wf>
         <wf lemma="nunca" pos="ADV">nunca</wf>
         <wf lemma="ver" pos="VERB">visto</wf>
         <wf lemma="aquí" pos="ADV">aquí</wf>
         <wf lemma="en" pos="X">en</wf>
         <instance id="d000.s008.t005" lemma="new_haven" pos="NOUN">New_Haven</instance>
         <wf lemma="y" pos="X">y</wf>
         <wf lemma="tal" pos="X">tal</wf>
         <wf lemma="vez" pos="NOUN">vez</wf>
         <wf lemma="en" pos="X">en</wf>
         <wf lemma="todo" pos="X">todo</wf>
         <wf lemma="el" pos="X">el</wf>
         <instance id="d000.s008.t006" lemma="estado" pos="NOUN">estado</instance>
         <wf lemma="&quot;" pos="X">&quot;</wf>
         <wf lemma="." pos="X">.</wf>
      </sentence>
      <sentence id="d000.s009" source="semeval2013-es">
         <wf lemma="finalmente" pos="ADV">Finalmente</wf>
         <wf lemma="," pos="X">,</wf>
         <wf lemma="el" pos="X">el</wf>
         <instance id="d000.s009.t000" lemma="comité" pos="NOUN">comité</instance>
         <wf lemma="de" pos="X">de</wf>
         <instance id="d000.s009.t001" lemma="disciplina" pos="NOUN">disciplina</instance>
         <wf lemma="de" pos="X">de</wf>
         <wf lemma="el" pos="X">la</wf>
         <wf lemma="UEFA" pos="NOUN">UEFA</wf>
         <wf lemma="haber" pos="VERB">ha</wf>
         <wf lemma="sancionar" pos="VERB">sancionado</wf>
         <wf lemma="con" pos="X">con</wf>
         <wf lemma="dos" pos="X">dos</wf>
         <wf lemma="partido" pos="NOUN">partidos</wf>
         <wf lemma="al" pos="X">al</wf>
         <instance id="d000.s009.t002" lemma="entrenador" pos="NOUN">entrenador</instance>
         <wf lemma="del" pos="X">del</wf>
         <instance id="d000.s009.t003" lemma="equipo" pos="NOUN">equipo</instance>
         <wf lemma="," pos="X">,</wf>
         <wf lemma="josé_mourinho" pos="NOUN">José_Mourinho</wf>
         <wf lemma="," pos="X">,</wf>
         <wf lemma="y" pos="X">y</wf>
         <wf lemma="con" pos="X">con</wf>
         <wf lemma="distintos" pos="X">distintas</wf>
         <instance id="d000.s009.t004" lemma="cantidad" pos="NOUN">cantidades</instance>
         <wf lemma="económico" pos="ADJ">económicas</wf>
         <wf lemma="a" pos="X">a</wf>
         <wf lemma="el" pos="X">los</wf>
         <instance id="d000.s009.t005" lemma="jugador" pos="NOUN">jugadores</instance>
         <wf lemma="implicar" pos="VERB">implicados</wf>
         <wf lemma="." pos="X">.</wf>
      </sentence>
      <sentence id="d000.s010" source="semeval2013-es">
         <wf lemma="&quot;" pos="X">&quot;</wf>
         <wf lemma="este" pos="X">Este</wf>
         <instance id="d000.s010.t000" lemma="organismo" pos="NOUN">organismo</instance>
         <wf lemma="tener" pos="VERB">tiene</wf>
         <wf lemma="un" pos="X">una</wf>
         <wf lemma="doble" pos="X">doble</wf>
         <wf lemma="capacidad" pos="NOUN">capacidad</wf>
         <wf lemma="&quot;" pos="X">&quot;</wf>
         <wf lemma="." pos="X">.</wf>
      </sentence>
      <sentence id="d000.s011" source="semeval2015-es">
         <instance id="d000.s011.t000" lemma="estudiar" pos="VERB">Estudia</instance>
         <instance id="d000.s011.t001" lemma="asimismo" pos="ADV">asimismo</instance>
         <wf lemma="liasta" pos="NOUN">liasta</wf>
         <wf pos="X">qué</wf>
         <instance id="d000.s011.t002" lemma="punto" pos="NOUN">punto</instance>
         <instance id="d000.s011.t003" lemma="influir" pos="VERB">influyen</instance>
         <wf pos="X">el</wf>
         <instance id="d000.s011.t004" lemma="sexo" pos="NOUN">sexo</instance>
         <wf pos="X">y</wf>
         <wf pos="X">la</wf>
         <instance id="d000.s011.t005" lemma="raza" pos="NOUN">raza</instance>
         <wf pos="X">de</wf>
         <wf pos="X">los</wf>
         <instance id="d000.s011.t006" lemma="trabajador" pos="NOUN">trabajadores</instance>
         <wf pos="X">en</wf>
         <wf pos="X">la</wf>
         <instance id="d000.s011.t007" lemma="discriminación" pos="NOUN">discriminación</instance>
         <wf pos="X">por</wf>
         <instance id="d000.s011.t008" lemma="razón" pos="NOUN">razón</instance>
         <wf pos="X">de</wf>
         <wf pos="X">la</wf>
         <instance id="d000.s011.t009" lemma="edad" pos="NOUN">edad</instance>
         <wf pos="X">.</wf>
      </sentence>
      <sentence id="d000.s012" source="semeval2013-es">
         <wf lemma="en" pos="X">En</wf>
         <wf lemma="el" pos="X">los</wf>
         <instance id="d000.s012.t000" lemma="resultado" pos="NOUN">resultados</instance>
         <wf lemma="de" pos="X">de</wf>
         <wf lemma="el" pos="X">la</wf>
         <instance id="d000.s012.t001" lemma="encuesta" pos="NOUN">encuesta</instance>
         <wf lemma="de" pos="X">de</wf>
         <wf lemma="este" pos="X">este</wf>
         <instance id="d000.s012.t002" lemma="año" pos="NOUN">año</instance>
         <wf lemma="," pos="X">,</wf>
         <wf lemma="realizar" pos="VERB">realizada</wf>
         <wf lemma="en" pos="X">en</wf>
         <instance id="d000.s012.t003" lemma="septiembre" pos="NOUN">septiembre</instance>
         <wf lemma="y" pos="X">y</wf>
         <wf lemma="principio" pos="NOUN">principios</wf>
         <wf lemma="de" pos="X">de</wf>
         <instance id="d000.s012.t004" lemma="octubre" pos="NOUN">octubre</instance>
         <wf lemma="," pos="X">,</wf>
         <wf lemma="destacar" pos="VERB">destacan</wf>
         <wf lemma="dos" pos="X">dos</wf>
         <instance id="d000.s012.t005" lemma="cuestión" pos="NOUN">cuestiones</instance>
         <wf lemma="relacionar" pos="VERB">relacionadas</wf>
         <wf lemma="." pos="X">.</wf>
      </sentence>
      <sentence id="d000.s013" source="semeval2013-es">
         <wf lemma="el" pos="X">Los</wf>
         <wf lemma="bueno" pos="ADJ">buenos</wf>
         <instance id="d000.s013.t000" lemma="rendimiento" pos="NOUN">rendimientos</instance>
         <wf lemma="económico" pos="ADJ">económicos</wf>
         <wf lemma="de" pos="X">de</wf>
         <instance id="d000.s013.t001" lemma="Brasil" pos="NOUN">Brasil</instance>
         <wf lemma="y" pos="X">y</wf>
         <wf lemma="el" pos="X">la</wf>
         <instance id="d000.s013.t002" lemma="popularidad" pos="NOUN">popularidad</instance>
         <wf lemma="de" pos="X">de</wf>
         <wf lemma="suyo" pos="X">su</wf>
         <instance id="d000.s013.t003" lemma="presidente" pos="NOUN">presidente</instance>
         <wf lemma="saliente" pos="ADJ">saliente</wf>
         <wf lemma="," pos="X">,</wf>
         <wf lemma="luiz_inácio_lula_da_silva" pos="NOUN">Luiz_Inácio_Lula_da_Silva</wf>
         <wf lemma="," pos="X">,</wf>
         <wf lemma="se" pos="X">se</wf>
         <wf lemma="reflejar" pos="VERB">refleja</wf>
         <wf lemma="en" pos="X">en</wf>
         <wf lemma="un" pos="X">un</wf>
         <instance id="d000.s013.t004" lemma="sentimiento" pos="NOUN">sentimiento</instance>
         <wf lemma="general" pos="ADJ">general</wf>
         <wf lemma="de" pos="X">de</wf>
         <instance id="d000.s013.t005" lemma="progreso" pos="NOUN">progreso</instance>
         <wf lemma="." pos="X">.</wf>
      </sentence>
      <sentence id="d000.s014" source="semeval2013-es">
         <wf lemma="sin" pos="X">Sin</wf>
         <wf lemma="embargo" pos="NOUN">embargo</wf>
         <wf lemma="," pos="X">,</wf>
         <wf lemma="raro" pos="ADJ">rara</wf>
         <instance id="d000.s014.t000" lemma="vez" pos="NOUN">vez</instance>
         <wf lemma="se" pos="X">se</wf>
         <wf lemma="analizar" pos="VERB">analiza</wf>
         <wf lemma="desde" pos="X">desde</wf>
         <wf lemma="el" pos="X">el</wf>
         <instance id="d000.s014.t001" lemma="punto_de_vista" pos="NOUN">punto_de_vista</instance>
         <wf lemma="económico" pos="ADJ">económico</wf>
         <wf lemma="." pos="X">.</wf>
      </sentence>
      <sentence id="d000.s015" source="semeval2013-es">
         <wf lemma="el" pos="X">Los</wf>
         <instance id="d000.s015.t000" lemma="investigador" pos="NOUN">investigadores</instance>
         <wf lemma="recoger" pos="VERB">recogieron</wf>
         <wf lemma="el" pos="X">las</wf>
         <instance id="d000.s015.t001" lemma="bacteria" pos="NOUN">bacterias</instance>
         <wf lemma="conocer" pos="VERB">conocidas</wf>
         <wf lemma="como" pos="X">como</wf>
         <wf lemma="GFAJ-1" pos="NOUN">GFAJ-1</wf>
         <wf lemma="y" pos="X">y</wf>
         <wf lemma="él" pos="X">las</wf>
         <wf lemma="exponer" pos="VERB">expusieron</wf>
         <wf lemma="a" pos="X">a</wf>
         <instance id="d000.s015.t002" lemma="concentración" pos="NOUN">concentraciones</instance>
         <wf lemma="cada" pos="X">cada</wf>
         <instance id="d000.s015.t003" lemma="vez" pos="NOUN">vez</instance>
         <wf lemma="grande" pos="ADJ">mayores</wf>
         <wf lemma="de" pos="X">de</wf>
         <instance id="d000.s015.t004" lemma="arsénico" pos="NOUN">arsénico</instance>
         <wf lemma="," pos="X">,</wf>
         <wf lemma="al" pos="X">al</wf>
         <wf lemma="que" pos="X">que</wf>
         <wf lemma="lograr" pos="VERB">lograron</wf>
         <wf lemma="adaptarse" pos="VERB">adaptarse</wf>
         <wf lemma="y" pos="X">y</wf>
         <wf lemma="utilizar" pos="VERB">utilizaron</wf>
         <wf lemma="para" pos="X">para</wf>
         <wf lemma="crecer" pos="VERB">crecer</wf>
         <wf lemma="." pos="X">.</wf>
      </sentence>
      <sentence id="d000.s016" source="semeval2015-es">
         <wf pos="X">Se</wf>
         <instance id="d000.s016.t000" lemma="administrar" pos="VERB">administra</instance>
         <wf pos="X">una</wf>
         <instance id="d000.s016.t001" lemma="vez" pos="NOUN">vez</instance>
         <wf pos="X">cada</wf>
         <wf pos="X">tres</wf>
         <instance id="d000.s016.t002" lemma="semana" pos="NOUN">semanas</instance>
         <wf pos="X">por</wf>
         <instance id="d000.s016.t003" lemma="perfusión" pos="NOUN">perfusión</instance>
         <instance id="d000.s016.t004" lemma="intravenoso" pos="ADJ">intravenosa</instance>
         <wf pos="X">durante</wf>
         <wf pos="X">10</wf>
         <instance id="d000.s016.t005" lemma="minuto" pos="NOUN">minutos</instance>
         <wf pos="X">.</wf>
      </sentence>
      <sentence id="d000.s017" source="semeval2015-es">
         <instance id="d000.s017.t000" lemma="hoy" pos="ADV">Hoy</instance>
         <wf pos="X">en</wf>
         <wf lemma="día" pos="NOUN">día</wf>
         <wf lemma="ser" pos="VERB">es</wf>
         <instance id="d000.s017.t001" lemma="capaz" pos="ADJ">capaz</instance>
         <wf pos="X">de</wf>
         <instance id="d000.s017.t002" lemma="realizar" pos="VERB">realizar</instance>
         <instance id="d000.s017.t003" lemma="operación" pos="NOUN">operaciones</instance>
         <instance id="d000.s017.t004" lemma="simple" pos="ADJ">simples</instance>
         <wf pos="X">(</wf>
         <instance id="d000.s017.t005" lemma="aritmético" pos="ADJ">aritméticas</instance>
         <wf pos="X">y</wf>
         <instance id="d000.s017.t006" lemma="lógico" pos="ADJ">lógicas</instance>
         <wf pos="X">)</wf>
         <instance id="d000.s017.t007" lemma="usar" pos="VERB">usando</instance>
         <wf lemma="mathml" pos="NOUN">MathML</wf>
         <wf pos="X">y</wf>
         <wf pos="X">de</wf>
         <instance id="d000.s017.t008" lemma="representar" pos="VERB">representarlas</instance>
         <wf pos="X">en</wf>
         <wf lemma="gráfica" pos="NOUN">gráficas</wf>
         <wf pos="X">de</wf>
         <wf pos="X">dos</wf>
         <wf pos="X">y</wf>
         <wf pos="X">tres</wf>
         <instance id="d000.s017.t009" lemma="dimensión" pos="NOUN">dimensiones</instance>
         <wf pos="X">.</wf>
      </sentence>
      <sentence id="d000.s018" source="semeval2013-es">
         <wf lemma="el" pos="X">La</wf>
         <instance id="d000.s018.t000" lemma="cuestión" pos="NOUN">cuestión</instance>
         <wf lemma="ser" pos="VERB">es</wf>
         <wf lemma="que" pos="X">que</wf>
         <wf lemma="," pos="X">,</wf>
         <wf lemma="sobre" pos="X">sobre</wf>
         <wf lemma="este" pos="X">este</wf>
         <wf lemma="tema" pos="NOUN">tema</wf>
         <wf lemma="," pos="X">,</wf>
         <wf lemma="haber" pos="VERB">hay</wf>
         <wf lemma="bastante" pos="ADV">bastante</wf>
         <instance id="d000.s018.t001" lemma="consenso" pos="NOUN">consenso</instance>
         <wf lemma="entre" pos="X">entre</wf>
         <wf lemma="el" pos="X">la</wf>
         <instance id="d000.s018.t002" lemma="izquierda" pos="NOUN">izquierda</instance>
         <wf lemma="y" pos="X">y</wf>
         <wf lemma="el" pos="X">la</wf>
         <instance id="d000.s018.t003" lemma="derecha" pos="NOUN">derecha</instance>
         <wf lemma="." pos="X">.</wf>
      </sentence>
      <sentence id="d000.s019" source="semeval2013-es">
         <wf lemma="aunque" pos="X">Aunque</wf>
         <wf lemma="el" pos="X">los</wf>
         <instance id="d000.s019.t000" lemma="investigador" pos="NOUN">investigadores</instance>
         <wf lemma="descubrir" pos="VERB">descubrieron</wf>
         <wf lemma="el" pos="X">la</wf>
         <wf lemma="curioso" pos="ADJ">curiosa</wf>
         <instance id="d000.s019.t001" lemma="bacteria" pos="NOUN">bacteria</instance>
         <wf lemma="aquí" pos="ADV">aquí</wf>
         <wf lemma="en" pos="X">en</wf>
         <wf lemma="el" pos="X">la</wf>
         <instance id="d000.s019.t002" lemma="tierra" pos="NOUN">Tierra</instance>
         <wf lemma="," pos="X">,</wf>
         <wf lemma="decir" pos="VERB">dicen</wf>
         <wf lemma="que" pos="X">que</wf>
         <wf lemma="demostrar" pos="VERB">demuestra</wf>
         <wf lemma="que" pos="X">que</wf>
         <wf lemma="ser" pos="VERB">es</wf>
         <wf lemma="posible" pos="ADJ">posible</wf>
         <wf lemma="que" pos="X">que</wf>
         <wf lemma="haber" pos="VERB">haya</wf>
         <wf lemma="forma" pos="NOUN">formas</wf>
         <wf lemma="de" pos="X">de</wf>
         <instance id="d000.s019.t003" lemma="vida" pos="NOUN">vida</instance>
         <wf lemma="sin" pos="X">sin</wf>
         <wf lemma="el" pos="X">los</wf>
         <wf lemma="principal" pos="ADJ">principales</wf>
         <wf lemma="elemento" pos="NOUN">elementos</wf>
         <wf lemma="que" pos="X">que</wf>
         <wf lemma="considerar" pos="VERB">consideraban</wf>
         <wf lemma="esencial" pos="ADJ">esenciales</wf>
         <wf lemma="." pos="X">.</wf>
      </sentence>
      <sentence id="d000.s020" source="semeval2015-es">
         <wf pos="X">A</wf>
         <wf pos="X">estos</wf>
         <instance id="d000.s020.t000" lemma="efecto" pos="NOUN">efectos</instance>
         <wf pos="X">,</wf>
         <wf lemma="cerenia" pos="NOUN">Cerenia</wf>
         <wf pos="X">se</wf>
         <wf lemma="poder" pos="VERB">puede</wf>
         <instance id="d000.s020.t001" lemma="administrar" pos="VERB">administrar</instance>
         <wf pos="X">durante</wf>
         <wf pos="X">un</wf>
         <instance id="d000.s020.t002" lemma="período" pos="NOUN">período</instance>
         <wf pos="X">de</wf>
         <wf pos="X">hasta</wf>
         <wf pos="X">cinco</wf>
         <instance id="d000.s020.t003" lemma="día" pos="NOUN">días</instance>
         <wf pos="X">.</wf>
      </sentence>
      <sentence id="d000.s021" source="semeval2013-es">
         <wf lemma="Teletovic" pos="NOUN">Teletovic</wf>
         <wf lemma="ya" pos="ADV">ya</wf>
         <wf lemma="empezar" pos="VERB">empezaba</wf>
         <wf lemma="a" pos="X">a</wf>
         <wf lemma="destacar" pos="VERB">destacarse</wf>
         <wf lemma="como" pos="X">como</wf>
         <wf lemma="el" pos="X">el</wf>
         <wf lemma="bueno" pos="ADJ">mejor</wf>
         <wf lemma="de" pos="X">de</wf>
         <wf lemma="suyo" pos="X">su</wf>
         <instance id="d000.s021.t000" lemma="equipo" pos="NOUN">equipo</instance>
         <wf lemma="con" pos="X">con</wf>
         <wf lemma="@card@" pos="X">13</wf>
         <instance id="d000.s021.t001" lemma="punto" pos="NOUN">puntos</instance>
         <wf lemma="," pos="X">,</wf>
         <wf lemma="aunque" pos="X">aunque</wf>
         <wf lemma="el" pos="X">el</wf>
         <wf lemma="'" pos="X">'</wf>
         <wf lemma="menos" pos="ADV">menos</wf>
         <wf lemma="seis" pos="X">seis</wf>
         <wf lemma="'" pos="X">'</wf>
         <wf lemma="de" pos="X">de</wf>
         <instance id="d000.s021.t002" lemma="valoración" pos="NOUN">valoración</instance>
         <wf lemma="de" pos="X">de</wf>
         <wf lemma="Splitter" pos="NOUN">Splitter</wf>
         <wf lemma="ya" pos="ADV">ya</wf>
         <wf lemma="hacer" pos="VERB">hacían</wf>
         <wf lemma="presagiar" pos="VERB">presagiar</wf>
         <wf lemma="que" pos="X">que</wf>
         <wf lemma="no" pos="NOUN">no</wf>
         <wf lemma="ir" pos="VERB">iba</wf>
         <wf lemma="a" pos="X">a</wf>
         <wf lemma="ser" pos="VERB">ser</wf>
         <wf lemma="este" pos="X">ésta</wf>
         <wf lemma="el" pos="X">la</wf>
         <wf lemma="bueno" pos="ADJ">mejor</wf>
         <instance id="d000.s021.t003" lemma="noche" pos="NOUN">noche</instance>
         <wf lemma="del" pos="X">del</wf>
         <instance id="d000.s021.t004" lemma="brasileño" pos="NOUN">brasileño</instance>
         <wf lemma="." pos="X">.</wf>
      </sentence>
      <sentence id="d000.s022" source="semeval2013-es">
         <wf lemma="&quot;" pos="X">&quot;</wf>
         <wf lemma="el" pos="X">El</wf>
         <instance id="d000.s022.t000" lemma="arsénico" pos="NOUN">arsénico</instance>
         <wf lemma="ser" pos="VERB">es</wf>
         <wf lemma="tóxico" pos="ADJ">tóxico</wf>
         <wf lemma="principalmente" pos="ADV">principalmente</wf>
         <wf lemma="porque" pos="X">porque</wf>
         <wf lemma="suyo" pos="X">su</wf>
         <instance id="d000.s022.t001" lemma="comportamiento" pos="NOUN">comportamiento</instance>
         <wf lemma="químico" pos="ADJ">químico</wf>
         <wf lemma="ser" pos="VERB">es</wf>
         <wf lemma="similar" pos="ADJ">similar</wf>
         <wf lemma="al" pos="X">al</wf>
         <wf lemma="del" pos="X">del</wf>
         <instance id="d000.s022.t002" lemma="fósforo" pos="NOUN">fósforo</instance>
         <wf lemma="&quot;" pos="X">&quot;</wf>
         <wf lemma="." pos="X">.</wf>
      </sentence>
      <sentence id="d000.s023" source="semeval2013-es">
         <wf lemma="pero" pos="X">Pero</wf>
         <wf lemma="el" pos="X">los</wf>
         <instance id="d000.s023.t000" lemma="abogado" pos="NOUN">abogados</instance>
         <wf lemma="del" pos="X">del</wf>
         <wf lemma="señor" pos="NOUN">señor</wf>
         <wf lemma="Hayes" pos="ADJ">Hayes</wf>
         <wf lemma="haber" pos="VERB">han</wf>
         <wf lemma="presentar" pos="VERB">presentado</wf>
         <instance id="d000.s023.t001" lemma="escrito" pos="NOUN">escritos</instance>
         <wf lemma="en" pos="X">en</wf>
         <wf lemma="el" pos="X">la</wf>
         <wf lemma="corte" pos="NOUN">corte</wf>
         <wf lemma="que" pos="X">que</wf>
         <wf lemma="delinean" pos="VERB">delinean</wf>
         <wf lemma="el" pos="X">los</wf>
         <instance id="d000.s023.t002" lemma="argumento" pos="NOUN">argumentos</instance>
         <wf lemma="de" pos="X">de</wf>
         <wf lemma="el" pos="X">las</wf>
         <instance id="d000.s023.t003" lemma="apelación" pos="NOUN">apelaciones</instance>
         <wf lemma="que" pos="X">que</wf>
         <wf lemma="probablemente" pos="ADV">probablemente</wf>
         <wf lemma="ocupar" pos="VERB">ocuparán</wf>
         <wf lemma="a" pos="X">a</wf>
         <wf lemma="el" pos="X">los</wf>
         <instance id="d000.s023.t004" lemma="tribunal" pos="NOUN">tribunales</instance>
         <wf lemma="durante" pos="X">durante</wf>
         <instance id="d000.s023.t005" lemma="año" pos="NOUN">años</instance>
         <wf lemma="." pos="X">.</wf>
      </sentence>
      <sentence id="d000.s024" source="semeval2013-es">
         <wf lemma="de" pos="X">De</wf>
         <wf lemma="todo" pos="X">todos</wf>
         <wf lemma="modo" pos="NOUN">modos</wf>
         <wf lemma="," pos="X">,</wf>
         <wf lemma="el" pos="X">el</wf>
         <instance id="d000.s024.t000" lemma="viernes" pos="NOUN">viernes</instance>
         <wf lemma="se" pos="X">se</wf>
         <wf lemma="presentar" pos="VERB">presentó</wf>
         <wf lemma="el" pos="X">la</wf>
         <wf lemma="mismo" pos="ADJ">misma</wf>
         <wf lemma="clase" pos="NOUN">clase</wf>
         <wf lemma="de" pos="X">de</wf>
         <instance id="d000.s024.t001" lemma="fuego_artificial" pos="NOUN">fuegos_artificiales</instance>
         <wf lemma="verbal" pos="ADJ">verbales</wf>
         <wf lemma="que" pos="X">que</wf>
         <wf lemma="haber" pos="VERB">han</wf>
         <wf lemma="dominar" pos="VERB">dominado</wf>
         <wf lemma="el" pos="X">las</wf>
         <instance id="d000.s024.t002" lemma="conversación" pos="NOUN">conversaciones</instance>
         <wf lemma="el" pos="X">la</wf>
         <instance id="d000.s024.t003" lemma="semana" pos="NOUN">semana</instance>
         <wf lemma="pasar" pos="VERB">pasada</wf>
         <wf lemma="." pos="X">.</wf>
      </sentence>
      <sentence id="d000.s025" source="semeval2015-es">
         <wf pos="X">abc(parámetros)</wf>
         <wf pos="X">:</wf>
         <wf pos="X">Cuando</wf>
         <wf pos="X">el</wf>
         <instance id="d000.s025.t000" lemma="analizador_sintáctico" pos="NOUN">analizador_sintáctico</instance>
         <wf lemma="encontrar" pos="VERB">encuentra</wf>
         <wf pos="X">una</wf>
         <wf lemma="función" pos="NOUN">función</wf>
         <wf pos="X">,</wf>
         <wf lemma="comprobar" pos="VERB">comprueba</wf>
         <wf pos="X">si</wf>
         <wf pos="X">«</wf>
         <wf lemma="abc" pos="NOUN">abc</wf>
         <wf pos="X">»</wf>
         <wf lemma="ser" pos="VERB">es</wf>
         <wf pos="X">un</wf>
         <wf lemma="operador" pos="NOUN">operador</wf>
         <wf pos="X">.</wf>
      </sentence>
      <sentence id="d000.s026" source="semeval2013-es">
         <wf lemma="el" pos="X">Lo</wf>
         <wf lemma="que" pos="X">que</wf>
         <wf lemma="el" pos="X">el</wf>
         <instance id="d000.s026.t000" lemma="descubrimiento" pos="NOUN">descubrimiento</instance>
         <wf lemma="&quot;" pos="X">&quot;</wf>
         <wf lemma="él" pos="X">sí</wf>
         <wf lemma="mostrar" pos="VERB">muestra</wf>
         <wf lemma="ser" pos="VERB">es</wf>
         <wf lemma="que" pos="X">que</wf>
         <wf lemma="en" pos="X">en</wf>
         <wf lemma="otro" pos="X">otros</wf>
         <wf lemma="entorno" pos="NOUN">entornos</wf>
         <wf lemma="planetario" pos="ADJ">planetarios</wf>
         <wf lemma="," pos="X">,</wf>
         <wf lemma="poder" pos="VERB">podría</wf>
         <wf lemma="haber" pos="VERB">haber</wf>
         <instance id="d000.s026.t001" lemma="organismo" pos="NOUN">organismos</instance>
         <wf lemma="que" pos="X">que</wf>
         <wf lemma="utilizar" pos="VERB">utilicen</wf>
         <wf lemma="otro" pos="X">otros</wf>
         <wf lemma="elemento" pos="NOUN">elementos</wf>
         <wf lemma="para" pos="X">para</wf>
         <wf lemma="impulsar" pos="VERB">impulsar</wf>
         <wf lemma="suyo" pos="X">su</wf>
         <instance id="d000.s026.t002" lemma="bioquímica" pos="NOUN">bioquímica</instance>
         <wf lemma="y" pos="X">y</wf>
         <wf lemma="que" pos="X">que</wf>
         <wf lemma="el" pos="X">el</wf>
         <instance id="d000.s026.t003" lemma="conjunto" pos="NOUN">conjunto</instance>
         <wf lemma="de" pos="X">de</wf>
         <wf lemma="elemento" pos="NOUN">elementos</wf>
         <wf lemma="&quot;" pos="X">&quot;</wf>
         <wf lemma="standard" pos="NOUN">estándar</wf>
         <wf lemma="&quot;" pos="X">&quot;</wf>
         <wf lemma="que" pos="X">que</wf>
         <wf lemma="considerar" pos="VERB">consideramos</wf>
         <wf lemma="indispensable" pos="ADJ">indispensable</wf>
         <wf lemma="para" pos="X">para</wf>
         <wf lemma="el" pos="X">la</wf>
         <instance id="d000.s026.t004" lemma="vida" pos="NOUN">vida</instance>
         <wf lemma="quizá" pos="ADV">quizá</wf>
         <wf lemma="no" pos="NOUN">no</wf>
         <wf lemma="ser" pos="VERB">sea</wf>
         <wf lemma="tan" pos="ADV">tan</wf>
         <wf lemma="fijo" pos="ADJ">fijo</wf>
         <wf lemma="&quot;" pos="X">&quot;</wf>
         <wf lemma="," pos="X">,</wf>
         <wf lemma="comentar" pos="VERB">comentó</wf>
         <wf lemma="Charles" pos="VERB">Charles</wf>
         <wf lemma="Cockell" pos="NOUN">Cockell</wf>
         <wf lemma="," pos="X">,</wf>
         <wf lemma="catedrático" pos="NOUN">catedrático</wf>
         <wf lemma="del" pos="X">del</wf>
         <wf lemma="Planetary" pos="NOUN">Planetary</wf>
         <wf lemma="and" pos="X">and</wf>
         <wf lemma="Space" pos="X">Space</wf>
         <wf lemma="Sciences" pos="NOUN">Sciences</wf>
         <wf lemma="Research" pos="NOUN">Research</wf>
         <wf lemma="Institute" pos="NOUN">Institute</wf>
         <wf lemma="," pos="X">,</wf>
         <wf lemma="Open" pos="NOUN">Open</wf>
         <wf lemma="University" pos="NOUN">University</wf>
         <wf lemma="," pos="X">,</wf>
         <wf lemma="en" pos="X">en</wf>
         <wf lemma="milton_keynes" pos="NOUN">Milton_Keynes</wf>
         <wf lemma="," pos="X">,</wf>
         <instance id="d000.s026.t005" lemma="reino_unido" pos="NOUN">Reino_Unido</instance>
         <wf lemma="." pos="X">.</wf>
      </sentence>
      <sentence id="d000.s027" source="semeval2013-es">
         <wf lemma="&quot;" pos="X">&quot;</wf>
         <wf lemma="poder" pos="VERB">Puede</wf>
         <wf lemma="crecer" pos="VERB">crecer</wf>
         <wf lemma="ser" pos="VERB">sea</wf>
         <wf lemma="con" pos="X">con</wf>
         <instance id="d000.s027.t000" lemma="fósforo" pos="NOUN">fósforo</instance>
         <wf lemma="o" pos="X">o</wf>
         <wf lemma="con" pos="X">con</wf>
         <instance id="d000.s027.t001" lemma="arsénico" pos="NOUN">arsénico</instance>
         <wf lemma="&quot;" pos="X">&quot;</wf>
         <wf lemma="." pos="X">.</wf>
      </sentence>
      <sentence id="d000.s028" source="semeval2015-es">
         <wf pos="X">Se</wf>
         <instance id="d000.s028.t000" lemma="tomar" pos="VERB">tomó</instance>
         <instance id="d000.s028.t001" lemma="nota" pos="NOUN">nota</instance>
         <instance id="d000.s028.t002" lemma="también" pos="ADV">también</instance>
         <wf pos="X">de</wf>
         <wf pos="X">la</wf>
         <instance id="d000.s028.t003" lemma="diversidad" pos="NOUN">diversidad</instance>
         <wf pos="X">de</wf>
         <instance id="d000.s028.t004" lemma="función" pos="NOUN">funciones</instance>
         <wf pos="X">que</wf>
         <wf lemma="desempeñar" pos="VERB">desempeñan</wf>
         <wf pos="X">estos</wf>
         <instance id="d000.s028.t005" lemma="servicio" pos="NOUN">servicios</instance>
      </sentence>
      <sentence id="d000.s029" source="semeval2013-es">
         <wf lemma="pasar" pos="VERB">Pasará</wf>
         <wf lemma="mucho" pos="X">mucho</wf>
         <instance id="d000.s029.t000" lemma="tiempo" pos="NOUN">tiempo</instance>
         <wf lemma="antes" pos="ADV">antes</wf>
         <wf lemma="de" pos="X">de</wf>
         <wf lemma="que" pos="X">que</wf>
         <wf lemma="algo" pos="X">algo</wf>
         <wf lemma="más" pos="ADV">más</wf>
         <wf lemma="estar" pos="VERB">esté</wf>
         <wf lemma="en" pos="X">en</wf>
         <wf lemma="ofertar" pos="VERB">oferta</wf>
         <wf lemma="en" pos="X">en</wf>
         <instance id="d000.s029.t001" lemma="Irak" pos="NOUN">Irak</instance>
         <wf lemma="." pos="X">.</wf>
      </sentence>
      <sentence id="d000.s030" source="semeval2013-es">
         <wf lemma="el" pos="X">El</wf>
         <instance id="d000.s030.t000" lemma="profesor" pos="NOUN">profesor</instance>
         <wf lemma="Donohue" pos="NOUN">Donohue</wf>
         <wf lemma="decir" pos="VERB">dijo</wf>
         <wf lemma="que" pos="X">que</wf>
         <wf lemma="alguno" pos="X">algunos</wf>
         <instance id="d000.s030.t001" lemma="juez" pos="NOUN">jueces</instance>
         <wf lemma="de" pos="X">de</wf>
         <instance id="d000.s030.t002" lemma="apelación" pos="NOUN">apelación</instance>
         <wf lemma="poder" pos="VERB">podrían</wf>
         <wf lemma="sentir" pos="VERB">sentirse</wf>
         <wf lemma="intrigados" pos="VERB">intrigados</wf>
         <wf lemma="por" pos="X">por</wf>
         <wf lemma="el" pos="X">la</wf>
         <instance id="d000.s030.t003" lemma="idea" pos="NOUN">idea</instance>
         <wf lemma="de" pos="X">de</wf>
         <wf lemma="que" pos="X">que</wf>
         <wf lemma="limitar" pos="VERB">limitar</wf>
         <wf lemma="el" pos="X">la</wf>
         <instance id="d000.s030.t004" lemma="comunicación" pos="NOUN">comunicación</instance>
         <wf lemma="inmediato" pos="ADJ">inmediata</wf>
         <wf lemma="desde" pos="X">desde</wf>
         <wf lemma="el" pos="X">las</wf>
         <wf lemma="sala" pos="NOUN">salas</wf>
         <wf lemma="del" pos="X">del</wf>
         <instance id="d000.s030.t005" lemma="tribunal" pos="NOUN">tribunal</instance>
         <wf lemma="poder" pos="VERB">podría</wf>
         <wf lemma="hacer" pos="VERB">hacer</wf>
         <wf lemma="que" pos="X">que</wf>
         <wf lemma="el" pos="X">los</wf>
         <instance id="d000.s030.t006" lemma="juicio" pos="NOUN">juicios</instance>
         <wf lemma="ser" pos="VERB">fueran</wf>
         <wf lemma="más" pos="ADV">más</wf>
         <wf lemma="justo" pos="ADJ">justos</wf>
         <wf lemma="." pos="X">.</wf>
      </sentence>
      <sentence id="d000.s031" source="semeval2013-es">
         <wf lemma="elaborar" pos="VERB">Elaborado</wf>
         <wf lemma="por" pos="X">por</wf>
         <wf lemma="un" pos="X">un</wf>
         <instance id="d000.s031.t000" lemma="grupo_de_trabajo" pos="NOUN">grupo_de_trabajo</instance>
         <wf lemma="ad" pos="NOUN">ad</wf>
         <wf lemma="hoc" pos="NOUN">hoc</wf>
         <wf lemma="de" pos="X">de</wf>
         <wf lemma="el" pos="X">la</wf>
         <instance id="d000.s031.t001" lemma="ONU" pos="NOUN">ONU</instance>
         <wf lemma="," pos="X">,</wf>
         <wf lemma="el" pos="X">el</wf>
         <instance id="d000.s031.t002" lemma="texto" pos="NOUN">texto</instance>
         <wf lemma="no" pos="NOUN">no</wf>
         <wf lemma="hablar" pos="VERB">habla</wf>
         <wf lemma="de" pos="X">de</wf>
         <wf lemma="cuánto" pos="NOUN">cuánto</wf>
         <instance id="d000.s031.t003" lemma="dinero" pos="NOUN">dinero</instance>
         <wf lemma="él" pos="X">le</wf>
         <wf lemma="dar" pos="VERB">darían</wf>
         <wf lemma="el" pos="X">los</wf>
         <instance id="d000.s031.t004" lemma="país" pos="NOUN">países</instance>
         <wf lemma="rico" pos="ADJ">ricos</wf>
         <wf lemma="a" pos="X">a</wf>
         <wf lemma="el" pos="X">los</wf>
         <wf lemma="pobre" pos="ADJ">pobres</wf>
         <wf lemma="para" pos="X">para</wf>
         <wf lemma="enfrentar" pos="VERB">enfrentarse</wf>
         <wf lemma="al" pos="X">al</wf>
         <instance id="d000.s031.t005" lemma="calentamiento_global" pos="NOUN">calentamiento_global</instance>
         <wf lemma="a" pos="X">a</wf>
         <wf lemma="corto" pos="ADJ">corto</wf>
         <wf lemma="y" pos="X">y</wf>
         <wf lemma="largo" pos="ADJ">largo</wf>
         <instance id="d000.s031.t006" lemma="plazo" pos="NOUN">plazo</instance>
         <wf lemma="." pos="X">.</wf>
      </sentence>
      <sentence id="d000.s032" source="semeval2013-es">
         <wf lemma="Michael" pos="NOUN">Michael</wf>
         <wf lemma="Zammit" pos="NOUN">Zammit</wf>
         <wf lemma="Cutajar" pos="NOUN">Cutajar</wf>
         <wf lemma="," pos="X">,</wf>
         <wf lemma="que" pos="X">que</wf>
         <wf lemma="redactar" pos="VERB">redactó</wf>
         <wf lemma="el" pos="X">el</wf>
         <instance id="d000.s032.t000" lemma="documento" pos="NOUN">documento</instance>
         <wf lemma="de" pos="X">de</wf>
         <wf lemma="seis" pos="X">seis</wf>
         <instance id="d000.s032.t001" lemma="página" pos="NOUN">páginas</instance>
         <wf lemma="," pos="X">,</wf>
         <wf lemma="resumir" pos="VERB">resumió</wf>
         <wf lemma="un" pos="X">un</wf>
         <instance id="d000.s032.t002" lemma="texto" pos="NOUN">texto</instance>
         <wf lemma="de" pos="X">de</wf>
         <instance id="d000.s032.t003" lemma="negociación" pos="NOUN">negociación</instance>
         <wf lemma="de" pos="X">de</wf>
         <wf lemma="@card@" pos="X">180</wf>
         <instance id="d000.s032.t004" lemma="página" pos="NOUN">páginas</instance>
         <wf lemma="para" pos="X">para</wf>
         <wf lemma="concentrar" pos="VERB">concentrarse</wf>
         <wf lemma="en" pos="X">en</wf>
         <wf lemma="el" pos="X">lo</wf>
         <wf lemma="que" pos="X">que</wf>
         <wf lemma="el" pos="X">el</wf>
         <wf lemma="grande" pos="ADJ">máximo</wf>
         <instance id="d000.s032.t005" lemma="funcionario" pos="NOUN">funcionario</instance>
         <wf lemma="climático" pos="ADJ">climático</wf>
         <wf lemma="de" pos="X">de</wf>
         <wf lemma="el" pos="X">la</wf>
         <instance id="d000.s032.t006" lemma="ONU" pos="NOUN">ONU</instance>
         <wf lemma="," pos="X">,</wf>
         <wf lemma="Yvo_de_Boer" pos="NOUN">Yvo_de_Boer</wf>
         <wf lemma="," pos="X">,</wf>
         <wf lemma="describir" pos="VERB">describió</wf>
         <wf lemma="como" pos="X">como</wf>
         <wf lemma="&quot;" pos="X">&quot;</wf>
         <wf lemma="el" pos="X">el</wf>
         <wf lemma="grande" pos="ADJ">gran</wf>
         <wf lemma="panorama" pos="NOUN">panorama</wf>
         <wf lemma="." pos="X">.</wf>
         <wf lemma="&quot;" pos="X">&quot;</wf>
      </sentence>
      <sentence id="d000.s033" source="semeval2013-es">
         <wf lemma="el" pos="X">El</wf>
         <instance id="d000.s033.t000" lemma="jueves" pos="NOUN">jueves</instance>
         <wf lemma="," pos="X">,</wf>
         <wf lemma="el" pos="X">el</wf>
         <wf lemma="proceso" pos="NOUN">proceso</wf>
         <wf lemma="ampliamente" pos="ADV">ampliamente</wf>
         <wf lemma="seguir" pos="VERB">seguido</wf>
         <wf lemma="de" pos="X">de</wf>
         <wf lemma="Steven" pos="NOUN">Steven</wf>
         <wf lemma="J." pos="NOUN">J.</wf>
         <wf lemma="Hayes" pos="ADJ">Hayes</wf>
         <wf lemma="," pos="X">,</wf>
         <wf lemma="quien" pos="X">quien</wf>
         <wf lemma="ser" pos="VERB">fue</wf>
         <wf lemma="condenar" pos="VERB">condenado</wf>
         <wf lemma="por" pos="X">por</wf>
         <wf lemma="el" pos="X">el</wf>
         <instance id="d000.s033.t001" lemma="asesinato" pos="NOUN">asesinato</instance>
         <wf lemma="de" pos="X">de</wf>
         <wf lemma="tres" pos="X">tres</wf>
         <instance id="d000.s033.t002" lemma="miembro" pos="NOUN">miembros</instance>
         <wf lemma="de" pos="X">de</wf>
         <wf lemma="un" pos="X">una</wf>
         <instance id="d000.s033.t003" lemma="familia" pos="NOUN">familia</instance>
         <wf lemma="de" pos="X">de</wf>
         <wf lemma="Cheshire" pos="NOUN">Cheshire</wf>
         <wf lemma="," pos="X">,</wf>
         <instance id="d000.s033.t004" lemma="Connecticut" pos="NOUN">Connecticut</instance>
         <wf lemma="," pos="X">,</wf>
         <wf lemma="estar" pos="VERB">está</wf>
         <wf lemma="listo" pos="ADJ">listo</wf>
         <wf lemma="para" pos="X">para</wf>
         <wf lemma="llegar" pos="VERB">llegar</wf>
         <wf lemma="a" pos="X">a</wf>
         <wf lemma="un" pos="X">un</wf>
         <wf lemma="final" pos="NOUN">final</wf>
         <wf lemma="oficial" pos="ADJ">oficial</wf>
         <wf lemma="," pos="X">,</wf>
         <wf lemma="con" pos="X">con</wf>
         <wf lemma="el" pos="X">la</wf>
         <wf lemma="imposición" pos="NOUN">imposición</wf>
         <wf lemma="del" pos="X">del</wf>
         <instance id="d000.s033.t005" lemma="juez" pos="NOUN">juez</instance>
         <wf lemma="de" pos="X">de</wf>
         <wf lemma="el" pos="X">la</wf>
         <instance id="d000.s033.t006" lemma="pena_de_muerte" pos="NOUN">pena_de_muerte</instance>
         <wf lemma="votar" pos="VERB">votada</wf>
         <wf lemma="por" pos="X">por</wf>
         <wf lemma="el" pos="X">el</wf>
         <instance id="d000.s033.t007" lemma="jurado" pos="NOUN">jurado</instance>
         <wf lemma="." pos="X">.</wf>
      </sentence>
      <sentence id="d000.s034" source="semeval2015-es">
         <wf pos="X">Los</wf>
         <instance id="d000.s034.t000" lemma="principal" pos="ADJ">principales</instance>
         <instance id="d000.s034.t001" lemma="orador" pos="NOUN">oradores</instance>
         <wf pos="X">en</wf>
         <wf pos="X">la</wf>
         <instance id="d000.s034.t002" lemma="conferencia" pos="NOUN">conferencia</instance>
         <wf pos="X">sobre</wf>
         <instance id="d000.s034.t003" lemma="exclusión" pos="NOUN">exclusión</instance>
         <wf lemma="socialfueron" pos="ADJ">socialfueron</wf>
         <wf pos="X">(</wf>
         <wf pos="X">de</wf>
         <instance id="d000.s034.t004" lemma="izquierda" pos="NOUN">izquierda</instance>
         <wf pos="X">a</wf>
         <instance id="d000.s034.t005" lemma="derecha" pos="NOUN">derecha</instance>
         <wf pos="X">)</wf>
         <wf lemma="cristina" pos="NOUN">Cristina</wf>
         <wf lemma="louro" pos="NOUN">Louro</wf>
         <wf pos="X">,</wf>
         <instance id="d000.s034.t006" lemma="dirección" pos="NOUN">Dirección</instance>
         <wf lemma="general" pos="ADJ">General</wf>
         <wf pos="X">de</wf>
         <instance id="d000.s034.t007" lemma="empleo" pos="NOUN">Empleo</instance>
         <wf pos="X">,</wf>
         <instance id="d000.s034.t008" lemma="relación" pos="NOUN">Relaciones</instance>
         <wf lemma="laboral" pos="ADJ">Laborales</wf>
         <wf pos="X">y</wf>
         <instance id="d000.s034.t009" lemma="asunto" pos="NOUN">Asuntos</instance>
         <instance id="d000.s034.t010" lemma="social" pos="ADJ">Sociales</instance>
         <wf pos="X">de</wf>
         <wf pos="X">la</wf>
         <instance id="d000.s034.t011" lemma="comisión" pos="NOUN">Comisión</instance>
         <instance id="d000.s034.t012" lemma="europeo" pos="ADJ">Europea</instance>
         <wf lemma="fernando" pos="NOUN">Fernando</wf>
         <wf lemma="gomes" pos="NOUN">Gomes</wf>
         <wf pos="X">,</wf>
         <instance id="d000.s034.t013" lemma="comité" pos="NOUN">Comité</instance>
         <wf pos="X">de</wf>
         <wf pos="X">las</wf>
         <instance id="d000.s034.t014" lemma="región" pos="NOUN">Regiones</instance>
         <wf lemma="barbara" pos="NOUN">Barbara</wf>
         <wf lemma="weiler" pos="NOUN">Weiler</wf>
         <wf pos="X">,</wf>
         <instance id="d000.s034.t015" lemma="diputado" pos="NOUN">diputada</instance>
         <wf pos="X">al</wf>
         <instance id="d000.s034.t016" lemma="parlamento" pos="NOUN">Parlamento</instance>
         <instance id="d000.s034.t017" lemma="europeo" pos="ADJ">Europeo</instance>
         <wf lemma="josé" pos="NOUN">José</wf>
         <wf lemma="maría" pos="NOUN">María</wf>
         <wf lemma="gil-robles" pos="NOUN">Gil-Robles</wf>
         <wf lemma="gil-delgado" pos="NOUN">Gil-Delgado</wf>
         <wf pos="X">,</wf>
         <instance id="d000.s034.t018" lemma="vicepresidente" pos="NOUN">Vicepresidente</instance>
         <wf pos="X">,</wf>
         <instance id="d000.s034.t019" lemma="parlamento" pos="NOUN">Parlamento</instance>
         <instance id="d000.s034.t020" lemma="europeo" pos="ADJ">Europeo</instance>
         <wf pos="X">,</wf>
         <wf lemma="john" pos="NOUN">John</wf>
         <wf lemma="carroll" pos="NOUN">Carroll</wf>
         <instance id="d000.s034.t021" lemma="comité" pos="NOUN">Comité</instance>
         <instance id="d000.s034.t022" lemma="económico" pos="ADJ">Económico</instance>
         <wf pos="X">y</wf>
         <instance id="d000.s034.t023" lemma="social" pos="ADJ">Social</instance>
      </sentence>
      <sentence id="d000.s035" source="semeval2015-es">
         <wf pos="X">Para</wf>
         <instance id="d000.s035.t000" lemma="entender" pos="VERB">entender</instance>
         <wf lemma="cómo" pos="ADV">cómo</wf>
         <instance id="d000.s035.t001" lemma="funcionar" pos="VERB">funciona</instance>
         <wf pos="X">,</wf>
         <wf lemma="convenir" pos="VERB">conviene</wf>
         <instance id="d000.s035.t002" lemma="comprender" pos="VERB">comprender</instance>
         <wf pos="X">que</wf>
         <wf pos="X">lo</wf>
         <wf pos="X">que</wf>
         <instance id="d000.s035.t003" lemma="introducir" pos="VERB">introducimos</instance>
         <wf lemma="estar" pos="VERB">está</wf>
         <wf lemma="ser" pos="VERB">siendo</wf>
         <instance id="d000.s035.t004" lemma="convertir" pos="VERB">convertido</instance>
         <wf pos="X">a</wf>
         <wf lemma="mathml" pos="NOUN">MathML</wf>
         <wf pos="X">,</wf>
         <wf pos="X">aunque</wf>
         <wf lemma="no" pos="NOUN">no</wf>
         <wf lemma="ser" pos="VERB">es</wf>
         <instance id="d000.s035.t005" lemma="necesario" pos="ADJ">necesario</instance>
         <instance id="d000.s035.t006" lemma="conocer" pos="VERB">conocer</instance>
         <wf lemma="mathml" pos="NOUN">MathML</wf>
         <wf pos="X">.</wf>
      </sentence>
      <sentence id="d000.s036" source="semeval2013-es">
         <wf lemma="más" pos="ADV">Más</wf>
         <wf lemma="recientemente" pos="ADV">recientemente</wf>
         <wf lemma="," pos="X">,</wf>
         <wf lemma="ser" pos="VERB">es</wf>
         <wf lemma="el" pos="X">el</wf>
         <wf lemma="acoso" pos="NOUN">acoso</wf>
         <wf lemma="administrativo" pos="ADJ">administrativo</wf>
         <wf lemma="de" pos="X">de</wf>
         <wf lemma="el" pos="X">los</wf>
         <wf lemma="estudiantes_extranjeros" pos="NOUN">estudiantes_extranjeros</wf>
         <wf lemma="el" pos="X">el</wf>
         <wf lemma="que" pos="X">que</wf>
         <wf lemma="haber" pos="VERB">ha</wf>
         <wf lemma="saltar" pos="VERB">saltado</wf>
         <wf lemma="a" pos="X">a</wf>
         <wf lemma="el" pos="X">los</wf>
         <instance id="d000.s036.t000" lemma="titular" pos="NOUN">titulares</instance>
         <wf lemma="," pos="X">,</wf>
         <wf lemma="con" pos="X">con</wf>
         <wf lemma="el" pos="X">el</wf>
         <wf lemma="ministro_de_interior" pos="NOUN">Ministro_de_Interior</wf>
         <wf lemma="(" pos="X">(</wf>
         <wf lemma="véase" pos="VERB">véase</wf>
         <wf lemma="el" pos="X">el</wf>
         <instance id="d000.s036.t001" lemma="periódico" pos="NOUN">periódico</instance>
         <wf lemma="Libération" pos="NOUN">Libération</wf>
         <wf lemma="del" pos="X">del</wf>
         <wf lemma="@card@" pos="X">23</wf>
         <wf lemma="de" pos="X">de</wf>
         <instance id="d000.s036.t002" lemma="mayo" pos="NOUN">mayo</instance>
         <wf lemma=")" pos="X">)</wf>
         <wf lemma="proclamar" pos="VERB">proclamando</wf>
         <wf lemma="de" pos="X">de</wf>
         <wf lemma="pasar" pos="VERB">pasado</wf>
         <wf lemma="que" pos="X">que</wf>
         <instance id="d000.s036.t003" lemma="Francia" pos="NOUN">Francia</instance>
         <wf lemma="&quot;" pos="X">&quot;</wf>
         <wf lemma="no" pos="NOUN">no</wf>
         <wf lemma="necesitar" pos="VERB">necesita</wf>
         <wf lemma="talento" pos="NOUN">talentos</wf>
         <wf lemma="extranjero" pos="ADJ">extranjeros</wf>
         <wf lemma="," pos="X">,</wf>
         <instance id="d000.s036.t004" lemma="obrero" pos="NOUN">obreros</instance>
         <wf lemma="ni" pos="X">ni</wf>
         <instance id="d000.s036.t005" lemma="camarero" pos="NOUN">camareros</instance>
         <wf lemma="&quot;" pos="X">&quot;</wf>
         <wf lemma="." pos="X">.</wf>
      </sentence>
      <sentence id="d000.s037" source="semeval2013-es">
         <wf lemma="otro" pos="X">Otra</wf>
         <wf lemma="firma" pos="NOUN">firma</wf>
         <wf lemma="que" pos="X">que</wf>
         <wf lemma="patrocinar" pos="VERB">patrocinó</wf>
         <wf lemma="el" pos="X">la</wf>
         <instance id="d000.s037.t000" lemma="cena" pos="NOUN">cena</instance>
         <wf lemma="," pos="X">,</wf>
         <wf lemma="Jones" pos="NOUN">Jones</wf>
         <wf lemma="Day" pos="NOUN">Day</wf>
         <wf lemma="," pos="X">,</wf>
         <wf lemma="representar" pos="VERB">representa</wf>
         <wf lemma="a" pos="X">a</wf>
         <wf lemma="un" pos="X">una</wf>
         <wf lemma="de" pos="X">de</wf>
         <wf lemma="el" pos="X">las</wf>
         <wf lemma="asociación_comercial" pos="NOUN">asociaciones_comerciales</wf>
         <wf lemma="que" pos="X">que</wf>
         <wf lemma="desafiar" pos="VERB">desafió</wf>
         <wf lemma="el" pos="X">la</wf>
         <instance id="d000.s037.t001" lemma="ley" pos="NOUN">ley</instance>
         <wf lemma="," pos="X">,</wf>
         <wf lemma="el" pos="X">la</wf>
         <wf lemma="federación" pos="NOUN">Federación</wf>
         <wf lemma="Nacional" pos="NOUN">Nacional</wf>
         <wf lemma="de" pos="X">de</wf>
         <wf lemma="Negocios" pos="ADJ">Negocios</wf>
         <wf lemma="Independientes" pos="NOUN">Independientes</wf>
         <wf lemma="." pos="X">.</wf>
      </sentence>
      <sentence id="d000.s038" source="semeval2013-es">
         <wf lemma="cuando" pos="X">Cuando</wf>
         <wf lemma="el" pos="X">la</wf>
         <wf lemma="burbuja_inmobiliaria" pos="NOUN">burbuja_inmobiliaria</wf>
         <wf lemma="de" pos="X">de</wf>
         <wf lemma="el" pos="X">los</wf>
         <instance id="d000.s038.t000" lemma="EE.UU." pos="NOUN">EE.UU.</instance>
         <wf lemma="estallar" pos="VERB">estalló</wf>
         <wf lemma="en" pos="X">en</wf>
         <wf lemma="@card@" pos="X">2007</wf>
         <wf lemma="," pos="X">,</wf>
         <wf lemma="llevar" pos="VERB">llevó</wf>
         <wf lemma="a" pos="X">a</wf>
         <wf lemma="el" pos="X">la</wf>
         <wf lemma="perdición" pos="NOUN">perdición</wf>
         <wf lemma="a" pos="X">a</wf>
         <wf lemma="mucho" pos="X">muchas</wf>
         <instance id="d000.s038.t001" lemma="entidad" pos="NOUN">entidades</instance>
         <wf lemma="financiero" pos="ADJ">financieras</wf>
         <wf lemma="." pos="X">.</wf>
      </sentence>
      <sentence id="d000.s039" source="semeval2013-es">
         <wf lemma="el" pos="X">El</wf>
         <instance id="d000.s039.t000" lemma="descubrimiento" pos="NOUN">descubrimiento</instance>
         <wf lemma="no" pos="NOUN">no</wf>
         <wf lemma="se" pos="X">se</wf>
         <wf lemma="realizar" pos="VERB">realizó</wf>
         <wf lemma="por" pos="X">por</wf>
         <instance id="d000.s039.t001" lemma="casualidad" pos="NOUN">casualidad</instance>
         <wf lemma="." pos="X">.</wf>
      </sentence>
      <sentence id="d000.s040" source="semeval2013-es">
         <wf lemma="el" pos="X">El</wf>
         <instance id="d000.s040.t000" lemma="estudio" pos="NOUN">estudio</instance>
         <wf lemma="se" pos="X">se</wf>
         <wf lemma="centrar" pos="VERB">centra</wf>
         <wf lemma="en" pos="X">en</wf>
         <wf lemma="un" pos="X">un</wf>
         <instance id="d000.s040.t001" lemma="microbio" pos="NOUN">microbio</instance>
         <wf lemma="descubrir" pos="VERB">descubierto</wf>
         <wf lemma="en" pos="X">en</wf>
         <wf lemma="el" pos="X">la</wf>
         <instance id="d000.s040.t002" lemma="tierra" pos="NOUN">Tierra</instance>
         <wf lemma="." pos="X">.</wf>
      </sentence>
      <sentence id="d000.s041" source="semeval2013-es">
         <wf lemma="el" pos="X">El</wf>
         <instance id="d000.s041.t000" lemma="texto" pos="NOUN">texto</instance>
         <wf lemma="," pos="X">,</wf>
         <wf lemma="que" pos="X">que</wf>
         <wf lemma="poder" pos="VERB">podría</wf>
         <wf lemma="proporcionar" pos="VERB">proporcionar</wf>
         <wf lemma="el" pos="X">la</wf>
         <wf lemma="base" pos="NOUN">base</wf>
         <wf lemma="para" pos="X">para</wf>
         <wf lemma="un" pos="X">un</wf>
         <instance id="d000.s041.t001" lemma="acuerdo" pos="NOUN">acuerdo</instance>
         <wf lemma="político" pos="ADJ">político</wf>
         <wf lemma="final" pos="ADJ">final</wf>
         <wf lemma="para" pos="X">para</wf>
         <wf lemma="regular" pos="VERB">regular</wf>
         <wf lemma="el" pos="X">los</wf>
         <instance id="d000.s041.t002" lemma="gas_de_efecto_invernadero" pos="NOUN">gases_de_efecto_invernadero</instance>
         <wf lemma="," pos="X">,</wf>
         <wf lemma="destacar" pos="VERB">destacó</wf>
         <wf lemma="el" pos="X">los</wf>
         <instance id="d000.s041.t003" lemma="obstáculos" pos="NOUN">obstáculos</instance>
         <wf lemma="restante" pos="ADJ">restantes</wf>
         <wf lemma="y" pos="X">y</wf>
         <wf lemma="destacar" pos="VERB">destacó</wf>
         <wf lemma="el" pos="X">el</wf>
         <instance id="d000.s041.t004" lemma="camino" pos="NOUN">camino</instance>
         <wf lemma="a" pos="X">a</wf>
         <wf lemma="seguir" pos="VERB">seguir</wf>
         <wf lemma="." pos="X">.</wf>
      </sentence>
      <sentence id="d000.s042" source="semeval2013-es">
         <wf lemma="el" pos="X">La</wf>
         <wf lemma="pobre" pos="ADJ">pobre</wf>
         <instance id="d000.s042.t000" lemma="representación" pos="NOUN">representación</instance>
         <wf lemma="de" pos="X">de</wf>
         <wf lemma="el" pos="X">los</wf>
         <wf lemma="gigante" pos="ADJ">gigantes</wf>
         <instance id="d000.s042.t001" lemma="petrolero" pos="NOUN">petroleros</instance>
         <wf lemma="estadounidense" pos="ADJ">estadounidenses</wf>
         <wf lemma="en" pos="X">en</wf>
         <wf lemma="el" pos="X">la</wf>
         <wf lemma="apertura" pos="NOUN">apertura</wf>
         <wf lemma="de" pos="X">de</wf>
         <wf lemma="el" pos="X">la</wf>
         <instance id="d000.s042.t002" lemma="industria_petrolera" pos="NOUN">industria_petrolera</instance>
         <wf lemma="de" pos="X">de</wf>
         <instance id="d000.s042.t003" lemma="Irak" pos="NOUN">Irak</instance>
         <wf lemma="sorprender" pos="VERB">sorprendió</wf>
         <wf lemma="a" pos="X">a</wf>
         <wf lemma="el" pos="X">los</wf>
         <instance id="d000.s042.t004" lemma="analista" pos="NOUN">analistas</instance>
         <wf lemma="." pos="X">.</wf>
      </sentence>
      <sentence id="d000.s043" source="semeval2015-es">
         <wf pos="X">-gt</wf>
         <wf pos="X">:</wf>
         <instance id="d000.s043.t000" lemma="permitir" pos="VERB">Permite</instance>
         <instance id="d000.s043.t001" lemma="especificar" pos="VERB">especificar</instance>
         <wf pos="X">la</wf>
         <instance id="d000.s043.t002" lemma="variable" pos="NOUN">variable</instance>
         <instance id="d000.s043.t003" lemma="limitar" pos="VERB">limitada</instance>
         <wf pos="X">en</wf>
         <wf pos="X">una</wf>
         <instance id="d000.s043.t004" lemma="función" pos="NOUN">función</instance>
         <wf pos="X">.</wf>
      </sentence>
      <sentence id="d000.s044" source="semeval2013-es">
         <wf lemma="el" pos="X">El</wf>
         <instance id="d000.s044.t000" lemma="abogado" pos="NOUN">abogado</instance>
         <wf lemma="que" pos="X">que</wf>
         <wf lemma="comparecer" pos="VERB">comparecerá</wf>
         <wf lemma="ante" pos="X">ante</wf>
         <wf lemma="el" pos="X">el</wf>
         <instance id="d000.s044.t001" lemma="tribunal" pos="NOUN">tribunal</instance>
         <wf lemma="y" pos="X">y</wf>
         <wf lemma="alegará" pos="VERB">alegará</wf>
         <wf lemma="que" pos="X">que</wf>
         <wf lemma="el" pos="X">la</wf>
         <instance id="d000.s044.t002" lemma="ley" pos="NOUN">ley</instance>
         <wf lemma="deber" pos="VERB">debe</wf>
         <wf lemma="ser" pos="VERB">ser</wf>
         <wf lemma="desechar" pos="VERB">desechada</wf>
         <wf lemma="ser" pos="VERB">será</wf>
         <wf lemma="probablemente" pos="ADV">probablemente</wf>
         <wf lemma="Paul" pos="NOUN">Paul</wf>
         <wf lemma="Clement" pos="NOUN">Clement</wf>
         <wf lemma="," pos="X">,</wf>
         <wf lemma="quien" pos="X">quien</wf>
         <wf lemma="servir" pos="VERB">sirvió</wf>
         <wf lemma="como" pos="X">como</wf>
         <instance id="d000.s044.t003" lemma="fiscal_general_de_EE.UU." pos="NOUN">fiscal_general_de_EE.UU.</instance>
         <wf lemma="durante" pos="X">durante</wf>
         <wf lemma="el" pos="X">el</wf>
         <instance id="d000.s044.t004" lemma="gobierno" pos="NOUN">gobierno</instance>
         <wf lemma="de" pos="X">de</wf>
         <instance id="d000.s044.t005" lemma="george_w._bush" pos="NOUN">George_W._Bush</instance>
         <wf lemma="." pos="X">.</wf>
      </sentence>
      <sentence id="d000.s045" source="semeval2013-es">
         <wf lemma="dicho" pos="X">Dichos</wf>
         <instance id="d000.s045.t000" lemma="diente" pos="NOUN">dientes</instance>
         <wf lemma="," pos="X">,</wf>
         <wf lemma="que" pos="X">que</wf>
         <wf lemma="disuadieron" pos="VERB">disuadieron</wf>
         <wf lemma="a" pos="X">a</wf>
         <wf lemma="el" pos="X">los</wf>
         <instance id="d000.s045.t001" lemma="inmigrante" pos="NOUN">inmigrantes</instance>
         <wf lemma="," pos="X">,</wf>
         <wf lemma="tener" pos="VERB">tuvieron</wf>
         <wf lemma="exactamente" pos="ADV">exactamente</wf>
         <wf lemma="el" pos="X">el</wf>
         <instance id="d000.s045.t002" lemma="efecto" pos="NOUN">efecto</instance>
         <wf lemma="inverso" pos="ADJ">inverso</wf>
         <wf lemma="." pos="X">.</wf>
      </sentence>
      <sentence id="d000.s046" source="semeval2013-es">
         <wf lemma="el" pos="X">El</wf>
         <instance id="d000.s046.t000" lemma="microbio" pos="NOUN">microbio</instance>
         <wf lemma="crecer" pos="VERB">crece</wf>
         <wf lemma="bueno" pos="ADJ">mejor</wf>
         <wf lemma="con" pos="X">con</wf>
         <instance id="d000.s046.t001" lemma="fósforo" pos="NOUN">fósforo</instance>
         <wf lemma="," pos="X">,</wf>
         <wf lemma="pero" pos="X">pero</wf>
         <wf lemma="el" pos="X">el</wf>
         <wf lemma="hecho" pos="NOUN">hecho</wf>
         <wf lemma="de" pos="X">de</wf>
         <wf lemma="demostrar" pos="VERB">demostrar</wf>
         <wf lemma="que" pos="X">que</wf>
         <wf lemma="poder" pos="VERB">puede</wf>
         <wf lemma="vivir" pos="VERB">vivir</wf>
         <wf lemma="con" pos="X">con</wf>
         <instance id="d000.s046.t002" lemma="arsénico" pos="NOUN">arsénico</instance>
         <wf lemma="en" pos="X">en</wf>
         <wf lemma="suyo" pos="X">su</wf>
         <wf lemma="lugar" pos="NOUN">lugar</wf>
         <wf lemma="plantear" pos="VERB">plantea</wf>
         <wf lemma="el" pos="X">la</wf>
         <instance id="d000.s046.t003" lemma="posibilidad" pos="NOUN">posibilidad</instance>
         <wf lemma="de" pos="X">de</wf>
         <wf lemma="que" pos="X">que</wf>
         <wf lemma="poder" pos="VERB">pueda</wf>
         <wf lemma="existir" pos="VERB">existir</wf>
         <wf lemma="de" pos="X">de</wf>
         <wf lemma="forma" pos="NOUN">forma</wf>
         <wf lemma="natural" pos="ADJ">natural</wf>
         <wf lemma="un" pos="X">una</wf>
         <wf lemma="forma" pos="NOUN">forma</wf>
         <wf lemma="de" pos="X">de</wf>
         <instance id="d000.s046.t004" lemma="vida" pos="NOUN">vida</instance>
         <wf lemma="que" pos="X">que</wf>
         <wf lemma="utilizar" pos="VERB">utilice</wf>
         <instance id="d000.s046.t005" lemma="arsénico" pos="NOUN">arsénico</instance>
         <wf lemma="," pos="X">,</wf>
         <wf lemma="ya" pos="ADV">ya</wf>
         <wf lemma="ser" pos="VERB">sea</wf>
         <wf lemma="en" pos="X">en</wf>
         <wf lemma="otro" pos="X">otras</wf>
         <instance id="d000.s046.t006" lemma="zona" pos="NOUN">zonas</instance>
         <wf lemma="de" pos="X">de</wf>
         <wf lemma="el" pos="X">la</wf>
         <instance id="d000.s046.t007" lemma="tierra" pos="NOUN">Tierra</instance>
         <wf lemma="o" pos="X">o</wf>
         <wf lemma="en" pos="X">en</wf>
         <wf lemma="otro" pos="X">otro</wf>
         <instance id="d000.s046.t008" lemma="planeta" pos="NOUN">planeta</instance>
         <wf lemma="o" pos="X">o</wf>
         <instance id="d000.s046.t009" lemma="luna" pos="NOUN">luna</instance>
         <wf lemma="donde" pos="ADV">donde</wf>
         <wf lemma="el" pos="X">el</wf>
         <instance id="d000.s046.t010" lemma="arsénico" pos="NOUN">arsénico</instance>
         <wf lemma="ser" pos="VERB">sea</wf>
         <wf lemma="más" pos="ADV">más</wf>
         <wf lemma="común" pos="ADJ">común</wf>
         <wf lemma="." pos="X">.</wf>
      </sentence>
      <sentence id="d000.s047" source="semeval2015-es">
         <instance id="d000.s047.t000" lemma="ctrl" pos="NOUN">Ctrl</instance>
         <instance id="d000.s047.t001" lemma="q" pos="NOUN">Q</instance>
         <wf lemma="salir" pos="NOUN">Salir</wf>
      </sentence>
      <sentence id="d000.s048" source="semeval2013-es">
         <wf lemma="el" pos="X">El</wf>
         <wf lemma="resto" pos="NOUN">resto</wf>
         <wf lemma="de" pos="X">de</wf>
         <wf lemma="el" pos="X">la</wf>
         <wf lemma="suma" pos="NOUN">suma</wf>
         <wf lemma="él" pos="X">la</wf>
         <wf lemma="tomar" pos="VERB">tomó</wf>
         <wf lemma="de" pos="X">de</wf>
         <wf lemma="el" pos="X">la</wf>
         <wf lemma="propio" pos="ADJ">propia</wf>
         <instance id="d000.s048.t000" lemma="caja" pos="NOUN">caja</instance>
         <wf lemma="," pos="X">,</wf>
         <wf lemma="que" pos="X">que</wf>
         <wf lemma="disponer" pos="VERB">disponía</wf>
         <wf lemma="de" pos="X">de</wf>
         <wf lemma="bastante" pos="ADJ">bastantes</wf>
         <instance id="d000.s048.t001" lemma="medios" pos="NOUN">medios</instance>
         <wf lemma="," pos="X">,</wf>
         <wf lemma="entre" pos="X">entre</wf>
         <wf lemma="otro" pos="X">otros</wf>
         <wf lemma="por" pos="X">por</wf>
         <wf lemma="el" pos="X">la</wf>
         <instance id="d000.s048.t002" lemma="venta" pos="NOUN">venta</instance>
         <wf lemma="de" pos="X">de</wf>
         <wf lemma="rubro" pos="NOUN">rubros</wf>
         <wf lemma="." pos="X">.</wf>
      </sentence>
      <sentence id="d000.s049" source="semeval2015-es">
         <wf pos="X">Con</wf>
         <wf pos="X">el</wf>
         <instance id="d000.s049.t000" lemma="fin" pos="NOUN">fin</instance>
         <wf pos="X">de</wf>
         <instance id="d000.s049.t001" lemma="reducir" pos="VERB">reducir</instance>
         <wf pos="X">los</wf>
         <instance id="d000.s049.t002" lemma="efecto" pos="NOUN">efectos</instance>
         <instance id="d000.s049.t003" lemma="secundario" pos="ADJ">secundarios</instance>
         <wf pos="X">,</wf>
         <wf pos="X">los</wf>
         <instance id="d000.s049.t004" lemma="paciente" pos="NOUN">pacientes</instance>
         <wf lemma="deber" pos="VERB">deben</wf>
         <instance id="d000.s049.t005" lemma="recibir" pos="VERB">recibir</instance>
         <wf pos="X">un</wf>
         <instance id="d000.s049.t006" lemma="corticosteroide" pos="NOUN">corticosteroide</instance>
         <wf pos="X">y</wf>
         <instance id="d000.s049.t007" lemma="ácido" pos="NOUN">ácido</instance>
         <wf lemma="fólico" pos="ADJ">fólico</wf>
         <wf pos="X">(</wf>
         <wf pos="X">un</wf>
         <instance id="d000.s049.t008" lemma="tipo" pos="NOUN">tipo</instance>
         <wf pos="X">de</wf>
         <instance id="d000.s049.t009" lemma="vitamina" pos="NOUN">vitamina</instance>
         <wf pos="X">)</wf>
         <wf pos="X">,</wf>
         <wf pos="X">así como</wf>
         <instance id="d000.s049.t010" lemma="inyección" pos="NOUN">inyecciones</instance>
         <wf pos="X">de</wf>
         <instance id="d000.s049.t011" lemma="vitamina" pos="NOUN">vitamina</instance>
         <wf pos="X">B12</wf>
         <wf pos="X">durante</wf>
         <wf pos="X">el</wf>
         <instance id="d000.s049.t012" lemma="tratamiento" pos="NOUN">tratamiento</instance>
         <wf pos="X">con</wf>
         <wf lemma="alimta" pos="NOUN">Alimta</wf>
         <wf pos="X">.</wf>
      </sentence>
      <sentence id="d000.s050" source="semeval2015-es">
         <wf lemma="alimta" pos="NOUN">Alimta</wf>
         <wf lemma="estar" pos="VERB">está</wf>
         <instance id="d000.s050.t000" lemma="indicar" pos="VERB">indicado</instance>
         <wf pos="X">para</wf>
         <wf pos="X">el</wf>
         <instance id="d000.s050.t001" lemma="tratamiento" pos="NOUN">tratamiento</instance>
         <wf pos="X">de</wf>
         <wf pos="X">dos</wf>
         <instance id="d000.s050.t002" lemma="tipo" pos="NOUN">tipos</instance>
         <wf pos="X">de</wf>
         <instance id="d000.s050.t003" lemma="cáncer" pos="NOUN">cáncer</instance>
         <wf pos="X">:</wf>
         <instance id="d000.s050.t004" lemma="mesotelioma" pos="NOUN">mesotelioma</instance>
         <instance id="d000.s050.t005" lemma="pleural" pos="ADJ">pleural</instance>
         <wf pos="X">(</wf>
         <instance id="d000.s050.t006" lemma="cáncer" pos="NOUN">cáncer</instance>
         <wf pos="X">del</wf>
         <instance id="d000.s050.t007" lemma="revestimiento" pos="NOUN">revestimiento</instance>
         <wf pos="X">de</wf>
         <wf pos="X">los</wf>
         <instance id="d000.s050.t008" lemma="pulmón" pos="NOUN">pulmones</instance>
         <instance id="d000.s050.t009" lemma="causar" pos="VERB">causado</instance>
         <instance id="d000.s050.t010" lemma="generalmente" pos="ADV">generalmente</instance>
         <wf pos="X">por</wf>
         <wf pos="X">la</wf>
         <instance id="d000.s050.t011" lemma="exposición" pos="NOUN">exposición</instance>
         <wf pos="X">al</wf>
         <instance id="d000.s050.t012" lemma="amianto" pos="NOUN">amianto</instance>
         <wf pos="X">)</wf>
         <wf pos="X">.</wf>
      </sentence>
      <sentence id="d000.s051" source="semeval2013-es">
         <wf lemma="&quot;" pos="X">&quot;</wf>
         <wf lemma="según" pos="X">Según</wf>
         <wf lemma="el" pos="X">lo</wf>
         <wf lemma="que" pos="X">que</wf>
         <wf lemma="experimentar" pos="VERB">experimenté</wf>
         <wf lemma="durante" pos="X">durante</wf>
         <wf lemma="este" pos="X">este</wf>
         <wf lemma="proceso" pos="NOUN">proceso</wf>
         <wf lemma="," pos="X">,</wf>
         <wf lemma="pensar" pos="VERB">pienso</wf>
         <wf lemma="que" pos="X">que</wf>
         <wf lemma="haber" pos="VERB">hay</wf>
         <wf lemma="un" pos="X">un</wf>
         <wf lemma="verdadero" pos="ADJ">verdadero</wf>
         <instance id="d000.s051.t000" lemma="peligro" pos="NOUN">peligro</instance>
         <wf lemma="de" pos="X">de</wf>
         <wf lemma="que" pos="X">que</wf>
         <wf lemma="el" pos="X">la</wf>
         <wf lemma="inclusión" pos="NOUN">inclusión</wf>
         <wf lemma="de" pos="X">de</wf>
         <wf lemma="el" pos="X">la</wf>
         <wf lemma="nuevo" pos="ADJ">nueva</wf>
         <instance id="d000.s051.t001" lemma="tecnología" pos="NOUN">tecnología</instance>
         <wf lemma="en" pos="X">en</wf>
         <wf lemma="el" pos="X">la</wf>
         <wf lemma="sala" pos="NOUN">sala</wf>
         <wf lemma="del" pos="X">del</wf>
         <instance id="d000.s051.t002" lemma="tribunal" pos="NOUN">tribunal</instance>
         <wf lemma="estar" pos="VERB">esté</wf>
         <wf lemma="afectar" pos="VERB">afectando</wf>
         <wf lemma="el" pos="X">los</wf>
         <instance id="d000.s051.t003" lemma="derecho" pos="NOUN">derechos</instance>
         <wf lemma="del" pos="X">del</wf>
         <instance id="d000.s051.t004" lemma="individuo" pos="NOUN">individuo</instance>
         <wf lemma="a" pos="X">a</wf>
         <wf lemma="tener" pos="VERB">tener</wf>
         <wf lemma="un" pos="X">un</wf>
         <wf lemma="proceso" pos="NOUN">proceso</wf>
         <wf lemma="justo" pos="ADJ">justo</wf>
         <wf lemma="&quot;" pos="X">&quot;</wf>
         <wf lemma="," pos="X">,</wf>
         <wf lemma="decir" pos="VERB">dijo</wf>
         <wf lemma="Thomas" pos="NOUN">Thomas</wf>
         <wf lemma="J." pos="NOUN">J.</wf>
         <wf lemma="Ullmann" pos="NOUN">Ullmann</wf>
         <wf lemma="," pos="X">,</wf>
         <instance id="d000.s051.t005" lemma="abogado" pos="NOUN">abogado</instance>
         <wf lemma="principal" pos="ADJ">principal</wf>
         <wf lemma="de" pos="X">de</wf>
         <wf lemma="el" pos="X">la</wf>
         <wf lemma="defensa" pos="NOUN">defensa</wf>
         <wf lemma="del" pos="X">del</wf>
         <wf lemma="señor" pos="NOUN">señor</wf>
         <wf lemma="Hayes" pos="ADJ">Hayes</wf>
         <wf lemma="." pos="X">.</wf>
      </sentence>
      <sentence id="d000.s052" source="semeval2013-es">
         <wf lemma="el" pos="X">El</wf>
         <wf lemma="deutsche_bank" pos="NOUN">Deutsche_Bank</wf>
         <wf lemma="pagar" pos="VERB">paga</wf>
         <instance id="d000.s052.t000" lemma="multa" pos="NOUN">multas</instance>
         <wf lemma="millonario" pos="NOUN">millonarias</wf>
         <wf lemma="en" pos="X">en</wf>
         <wf lemma="el" pos="X">los</wf>
         <instance id="d000.s052.t001" lemma="EE.UU." pos="NOUN">EE.UU.</instance>
      </sentence>
      <sentence id="d000.s053" source="semeval2015-es">
         <instance id="d000.s053.t000" lemma="generar" pos="VERB">Genera</instance>
         <wf pos="X">un</wf>
         <instance id="d000.s053.t001" lemma="archivo" pos="NOUN">archivo</instance>
         <wf pos="X">de</wf>
         <instance id="d000.s053.t002" lemma="texto" pos="NOUN">texto</instance>
         <wf pos="X">que</wf>
         <wf lemma="poder" pos="VERB">podrá</wf>
         <instance id="d000.s053.t003" lemma="corregir" pos="VERB">corregir</instance>
         <instance id="d000.s053.t004" lemma="usar" pos="VERB">usando</instance>
         <wf pos="X">cualquier</wf>
         <instance id="d000.s053.t005" lemma="editor" pos="NOUN">editor</instance>
         <wf pos="X">de</wf>
         <instance id="d000.s053.t006" lemma="texto" pos="NOUN">texto</instance>
         <wf pos="X">,</wf>
         <wf lemma="por~ejemplo" pos="ADV">por ejemplo</wf>
         <wf lemma="kate" pos="NOUN">Kate</wf>
         <wf pos="X">.</wf>
      </sentence>
      <sentence id="d000.s054" source="semeval2013-es">
         <wf lemma="el" pos="X">La</wf>
         <wf lemma="alianza" pos="NOUN">Alianza</wf>
         <wf lemma="de" pos="X">de</wf>
         <wf lemma="Pequeños" pos="ADJ">Pequeños</wf>
         <wf lemma="estado" pos="NOUN">Estados</wf>
         <wf lemma="Insulares" pos="NOUN">Insulares</wf>
         <wf lemma="," pos="X">,</wf>
         <wf lemma="que" pos="X">que</wf>
         <wf lemma="contar" pos="VERB">cuenta</wf>
         <wf lemma="con" pos="X">con</wf>
         <wf lemma="@card@" pos="X">43</wf>
         <instance id="d000.s054.t000" lemma="miembro" pos="NOUN">miembros</instance>
         <wf lemma="," pos="X">,</wf>
         <wf lemma="elaborar" pos="VERB">elaboró</wf>
         <wf lemma="un" pos="X">una</wf>
         <instance id="d000.s054.t001" lemma="propuesta" pos="NOUN">propuesta</instance>
         <wf lemma="de" pos="X">de</wf>
         <wf lemma="tratar" pos="VERB">tratado</wf>
         <wf lemma="preliminar" pos="ADJ">preliminar</wf>
         <wf lemma="de" pos="X">de</wf>
         <wf lemma="@card@" pos="X">24</wf>
         <instance id="d000.s054.t002" lemma="página" pos="NOUN">páginas</instance>
         <wf lemma="temprano" pos="ADJ">temprano</wf>
         <wf lemma="en" pos="X">en</wf>
         <wf lemma="el" pos="X">la</wf>
         <instance id="d000.s054.t003" lemma="mañana" pos="NOUN">mañana</instance>
         <wf lemma="del" pos="X">del</wf>
         <instance id="d000.s054.t004" lemma="viernes" pos="NOUN">viernes</instance>
         <wf lemma="." pos="X">.</wf>
      </sentence>
      <sentence id="d000.s055" source="semeval2013-es">
         <wf lemma="honesto" pos="ADV">Honestamente</wf>
         <wf lemma="," pos="X">,</wf>
         <wf lemma="el" pos="X">el</wf>
         <instance id="d000.s055.t000" lemma="mercado" pos="NOUN">mercado</instance>
         <wf lemma="estar" pos="VERB">está</wf>
         <wf lemma="muy" pos="ADV">muy</wf>
         <wf lemma="tranquilo" pos="ADJ">tranquilo</wf>
         <wf lemma="," pos="X">,</wf>
         <wf lemma="señalar" pos="VERB">señaló</wf>
         <wf lemma="Mace" pos="NOUN">Mace</wf>
         <wf lemma="Blicksilver" pos="NOUN">Blicksilver</wf>
         <wf lemma="," pos="X">,</wf>
         <wf lemma="de" pos="X">de</wf>
         <wf lemma="Marblehead" pos="NOUN">Marblehead</wf>
         <wf lemma="Asset" pos="NOUN">Asset</wf>
         <wf lemma="Management" pos="NOUN">Management</wf>
         <wf lemma="." pos="X">.</wf>
      </sentence>
      <sentence id="d000.s056" source="semeval2013-es">
         <wf lemma="además" pos="ADV">Además</wf>
         <wf lemma="," pos="X">,</wf>
         <wf lemma="en" pos="X">en</wf>
         <wf lemma="grande" pos="ADJ">gran</wf>
         <instance id="d000.s056.t000" lemma="parte" pos="NOUN">parte</instance>
         <wf lemma="de" pos="X">de</wf>
         <wf lemma="el" pos="X">la</wf>
         <instance id="d000.s056.t001" lemma="región" pos="NOUN">región</instance>
         <wf lemma="," pos="X">,</wf>
         <wf lemma="se" pos="X">se</wf>
         <wf lemma="ver" pos="VERB">ve</wf>
         <wf lemma="a" pos="X">a</wf>
         <instance id="d000.s056.t002" lemma="Brasil" pos="NOUN">Brasil</instance>
         <wf lemma="como" pos="X">como</wf>
         <wf lemma="un" pos="X">un</wf>
         <instance id="d000.s056.t003" lemma="país" pos="NOUN">país</instance>
         <wf lemma="más" pos="ADV">más</wf>
         <wf lemma="influyente" pos="ADJ">influyente</wf>
         <wf lemma="que" pos="X">que</wf>
         <wf lemma="el" pos="X">los</wf>
         <instance id="d000.s056.t004" lemma="estados_unidos" pos="NOUN">Estados_Unidos</instance>
         <wf lemma="." pos="X">.</wf>
      </sentence>
      <sentence id="d000.s057" source="semeval2013-es">
         <wf lemma="tal" pos="X">Tales</wf>
         <instance id="d000.s057.t000" lemma="título" pos="NOUN">títulos</instance>
         <wf lemma="perder" pos="VERB">perdieron</wf>
         <wf lemma="suyo" pos="X">su</wf>
         <wf lemma="valor" pos="NOUN">valor</wf>
         <wf lemma="durante" pos="X">durante</wf>
         <wf lemma="el" pos="X">la</wf>
         <wf lemma="crisis_financiera" pos="NOUN">crisis_financiera</wf>
         <wf lemma="y" pos="X">y</wf>
         <wf lemma="arrastrar" pos="VERB">arrastran</wf>
         <wf lemma="a" pos="X">a</wf>
         <wf lemma="el" pos="X">los</wf>
         <instance id="d000.s057.t001" lemma="banco" pos="NOUN">bancos</instance>
         <wf lemma="a" pos="X">a</wf>
         <wf lemma="el" pos="X">las</wf>
         <wf lemma="profundidad" pos="NOUN">profundidades</wf>
         <wf lemma="." pos="X">.</wf>
      </sentence>
      <sentence id="d000.s058" source="semeval2015-es">
         <wf pos="X">El</wf>
         <instance id="d000.s058.t000" lemma="informe" pos="NOUN">informe</instance>
         <wf pos="X">y</wf>
         <wf pos="X">un</wf>
         <instance id="d000.s058.t001" lemma="repertorio" pos="NOUN">repertorio</instance>
         <wf pos="X">de</wf>
         <instance id="d000.s058.t002" lemma="iniciativa" pos="NOUN">iniciativas</instance>
         <wf pos="X">se</wf>
         <instance id="d000.s058.t003" lemma="publicar" pos="VERB">publicarán</instance>
         <wf pos="X">en</wf>
         <wf pos="X">1996</wf>
         <wf pos="X">,</wf>
         <wf pos="X">y</wf>
         <instance id="d000.s058.t004" lemma="servir" pos="VERB">servirán</instance>
         <wf pos="X">de</wf>
         <wf lemma="telón" pos="NOUN">telón</wf>
         <wf pos="X">de</wf>
         <instance id="d000.s058.t005" lemma="fondo" pos="NOUN">fondo</instance>
         <wf pos="X">a</wf>
         <wf pos="X">una</wf>
         <instance id="d000.s058.t006" lemma="conferencia" pos="NOUN">conferencia</instance>
         <wf pos="X">que</wf>
         <wf pos="X">se</wf>
         <instance id="d000.s058.t007" lemma="celebrar" pos="VERB">celebrará</instance>
         <wf pos="X">el</wf>
         <instance id="d000.s058.t008" lemma="próximo" pos="ADJ">próximo</instance>
         <instance id="d000.s058.t009" lemma="otoño" pos="NOUN">otoño</instance>
         <wf pos="X">.</wf>
      </sentence>
      <sentence id="d000.s059" source="semeval2015-es">
         <wf pos="X">La</wf>
         <instance id="d000.s059.t000" lemma="respuesta" pos="NOUN">respuesta</instance>
         <wf lemma="ser" pos="VERB">es</wf>
         <instance id="d000.s059.t001" lemma="fácil" pos="ADJ">fácil</instance>
         <wf pos="X">.</wf>
         <wf pos="X">Con</wf>
         <wf pos="X">esto</wf>
         <wf lemma="poder" pos="VERB">podremos</wf>
         <instance id="d000.s059.t002" lemma="realizar" pos="VERB">realizar</instance>
         <instance id="d000.s059.t003" lemma="operación" pos="NOUN">operaciones</instance>
         <wf pos="X">con</wf>
         <instance id="d000.s059.t004" lemma="función" pos="NOUN">funciones</instance>
         <wf pos="X">como</wf>
         <wf lemma="cos" pos="NOUN">cos()</wf>
         <wf pos="X">,</wf>
         <instance id="d000.s059.t005" lemma="sin" pos="NOUN">sin()</instance>
         <wf pos="X">(</wf>
         <wf pos="X">o</wf>
         <wf pos="X">cualquier</wf>
         <wf pos="X">otra</wf>
         <instance id="d000.s059.t006" lemma="función" pos="NOUN">función</instance>
         <wf lemma="trigonométrica" pos="ADJ">trigonométrica</wf>
         <wf pos="X">)</wf>
         <wf pos="X">,</wf>
         <wf lemma="sum" pos="NOUN">sum()</wf>
         <wf pos="X">o</wf>
         <wf lemma="product" pos="NOUN">product()</wf>
         <wf pos="X">.</wf>
      </sentence>
      <sentence id="d000.s060" source="semeval2013-es">
         <wf lemma="en" pos="X">En</wf>
         <wf lemma="un" pos="X">un</wf>
         <wf lemma="fallo" pos="NOUN">fallo</wf>
         <wf lemma="histórico" pos="ADJ">histórico</wf>
         <wf lemma="de" pos="X">de</wf>
         <wf lemma="@card@" pos="X">1966</wf>
         <wf lemma="," pos="X">,</wf>
         <wf lemma="el" pos="X">la</wf>
         <instance id="d000.s060.t000" lemma="corte_suprema_de_estados_unidos" pos="NOUN">Corte_Suprema_de_Estados_Unidos</instance>
         <wf lemma="revocar" pos="VERB">revocó</wf>
         <wf lemma="el" pos="X">la</wf>
         <instance id="d000.s060.t001" lemma="condena" pos="NOUN">condena</instance>
         <wf lemma="de" pos="X">de</wf>
         <wf lemma="un" pos="X">un</wf>
         <instance id="d000.s060.t002" lemma="osteópata" pos="NOUN">osteópata</instance>
         <wf lemma="de" pos="X">de</wf>
         <instance id="d000.s060.t003" lemma="Cleveland" pos="NOUN">Cleveland</instance>
         <wf lemma="," pos="X">,</wf>
         <wf lemma="el" pos="X">el</wf>
         <wf lemma="doctor" pos="NOUN">doctor</wf>
         <wf lemma="Sam" pos="NOUN">Sam</wf>
         <wf lemma="Sheppard" pos="NOUN">Sheppard</wf>
         <wf lemma="," pos="X">,</wf>
         <wf lemma="por" pos="X">por</wf>
         <wf lemma="el" pos="X">el</wf>
         <instance id="d000.s060.t004" lemma="asesinato" pos="NOUN">asesinato</instance>
         <wf lemma="de" pos="X">de</wf>
         <wf lemma="suyo" pos="X">su</wf>
         <instance id="d000.s060.t005" lemma="esposa" pos="NOUN">esposa</instance>
         <wf lemma="," pos="X">,</wf>
         <wf lemma="decir" pos="VERB">diciendo</wf>
         <wf lemma="en" pos="X">en</wf>
         <wf lemma="suyo" pos="X">su</wf>
         <instance id="d000.s060.t006" lemma="decisión" pos="NOUN">decisión</instance>
         <wf lemma="," pos="X">,</wf>
         <wf lemma="en" pos="X">en</wf>
         <wf lemma="el" pos="X">el</wf>
         <wf lemma="caso" pos="NOUN">caso</wf>
         <wf lemma="Sheppard" pos="NOUN">Sheppard</wf>
         <wf lemma="vs" pos="NOUN">vs</wf>
         <wf lemma="." pos="X">.</wf>
         <wf lemma="Maxwell" pos="NOUN">Maxwell</wf>
         <wf lemma="," pos="X">,</wf>
         <wf lemma="que" pos="X">que</wf>
         <wf lemma="haber" pos="VERB">había</wf>
         <wf lemma="&quot;" pos="X">&quot;</wf>
         <wf lemma="un" pos="X">una</wf>
         <instance id="d000.s060.t007" lemma="atmósfera" pos="NOUN">atmósfera</instance>
         <wf lemma="de" pos="X">de</wf>
         <instance id="d000.s060.t008" lemma="carnaval" pos="NOUN">carnaval</instance>
         <wf lemma="en" pos="X">en</wf>
         <wf lemma="el" pos="X">el</wf>
         <wf lemma="proceso" pos="NOUN">proceso</wf>
         <wf lemma="&quot;" pos="X">&quot;</wf>
         <wf lemma="deber" pos="VERB">debido</wf>
         <wf lemma="a" pos="X">a</wf>
         <wf lemma="el" pos="X">los</wf>
         <wf lemma="medio_de_comunicación" pos="NOUN">medios_de_comunicación</wf>
         <wf lemma="." pos="X">.</wf>
      </sentence>
      <sentence id="d000.s061" source="semeval2013-es">
         <wf lemma="el" pos="X">La</wf>
         <wf lemma="segundo" pos="X">segunda</wf>
         <wf lemma="ser" pos="VERB">es</wf>
         <wf lemma="el" pos="X">la</wf>
         <wf lemma="creciente" pos="ADJ">creciente</wf>
         <wf lemma="estabilidad" pos="NOUN">estabilidad</wf>
         <wf lemma="de" pos="X">de</wf>
         <wf lemma="el" pos="X">las</wf>
         <instance id="d000.s061.t000" lemma="actitud" pos="NOUN">actitudes</instance>
         <wf lemma="hacia" pos="X">hacia</wf>
         <wf lemma="el" pos="X">la</wf>
         <instance id="d000.s061.t001" lemma="democracia" pos="NOUN">democracia</instance>
         <wf lemma="y" pos="X">y</wf>
         <wf lemma="suyo" pos="X">sus</wf>
         <wf lemma="principal" pos="ADJ">principales</wf>
         <instance id="d000.s061.t002" lemma="institución" pos="NOUN">instituciones</instance>
         <wf lemma="." pos="X">.</wf>
      </sentence>
      <sentence id="d000.s062" source="semeval2015-es">
         <wf pos="X">El</wf>
         <wf lemma="principio" pos="NOUN">principio</wf>
         <instance id="d000.s062.t000" lemma="activo" pos="ADJ">activo</instance>
         <wf pos="X">de</wf>
         <wf lemma="alimta" pos="NOUN">Alimta</wf>
         <wf pos="X">,</wf>
         <wf pos="X">el</wf>
         <wf lemma="pemetrexed" pos="NOUN">pemetrexed</wf>
         <wf pos="X">,</wf>
         <wf lemma="ser" pos="VERB">es</wf>
         <wf pos="X">un</wf>
         <instance id="d000.s062.t001" lemma="medicamento" pos="NOUN">medicamento</instance>
         <instance id="d000.s062.t002" lemma="citotóxico" pos="NOUN">citotóxico</instance>
         <wf pos="X">(</wf>
         <wf pos="X">un</wf>
         <instance id="d000.s062.t003" lemma="medicamento" pos="NOUN">medicamento</instance>
         <wf pos="X">que</wf>
         <instance id="d000.s062.t004" lemma="destruir" pos="VERB">destruye</instance>
         <wf pos="X">las</wf>
         <instance id="d000.s062.t005" lemma="célula" pos="NOUN">células</instance>
         <wf pos="X">que</wf>
         <wf lemma="estar" pos="VERB">están</wf>
         <wf pos="X">en</wf>
         <instance id="d000.s062.t006" lemma="fase" pos="NOUN">fase</instance>
         <wf pos="X">de</wf>
         <instance id="d000.s062.t007" lemma="división" pos="NOUN">división</instance>
         <wf pos="X">,</wf>
         <wf pos="X">como</wf>
         <wf pos="X">las</wf>
         <instance id="d000.s062.t008" lemma="canceroso" pos="ADJ">cancerosas</instance>
         <wf pos="X">)</wf>
         <wf pos="X">que</wf>
         <instance id="d000.s062.t009" lemma="pertenecer" pos="VERB">pertenece</instance>
         <wf pos="X">al</wf>
         <instance id="d000.s062.t010" lemma="grupo" pos="NOUN">grupo</instance>
         <wf pos="X">de</wf>
         <wf pos="X">los</wf>
         <wf pos="X">«</wf>
         <instance id="d000.s062.t011" lemma="antimetabolitos" pos="NOUN">antimetabolitos</instance>
         <wf pos="X">»</wf>
         <wf pos="X">.</wf>
      </sentence>
      <sentence id="d000.s063" source="semeval2015-es">
         <wf pos="X">En</wf>
         <wf pos="X">el</wf>
         <wf lemma="organismo" pos="NOUN">organismo</wf>
         <wf pos="X">,</wf>
         <wf pos="X">el</wf>
         <wf lemma="pemetrexed" pos="NOUN">pemetrexed</wf>
         <wf pos="X">se</wf>
         <wf lemma="convertir" pos="VERB">convierte</wf>
         <wf pos="X">en</wf>
         <wf pos="X">una</wf>
         <wf lemma="forma" pos="NOUN">forma</wf>
         <wf lemma="activo" pos="ADJ">activa</wf>
         <wf pos="X">que</wf>
         <wf lemma="bloquear" pos="VERB">bloquea</wf>
         <wf pos="X">la</wf>
         <wf lemma="actividad" pos="NOUN">actividad</wf>
         <wf pos="X">de</wf>
         <wf pos="X">las</wf>
         <wf lemma="enzima" pos="NOUN">enzimas</wf>
         <wf pos="X">que</wf>
         <wf lemma="participar" pos="VERB">participan</wf>
         <wf pos="X">en</wf>
         <wf pos="X">la</wf>
         <wf lemma="producción" pos="NOUN">producción</wf>
         <wf pos="X">de</wf>
         <wf pos="X">«</wf>
         <wf lemma="nucleótido" pos="NOUN">nucleótidos</wf>
         <wf pos="X">»</wf>
         <wf pos="X">(</wf>
         <wf lemma="elemento" pos="NOUN">elementos</wf>
         <wf lemma="esencial" pos="ADJ">esenciales</wf>
         <wf pos="X">del</wf>
         <wf lemma="adn" pos="NOUN">ADN</wf>
         <wf pos="X">y</wf>
         <wf pos="X">el</wf>
         <wf lemma="arn" pos="NOUN">ARN</wf>
         <wf pos="X">,</wf>
         <wf pos="X">el</wf>
         <instance id="d000.s063.t000" lemma="material_genético" pos="NOUN">material_genético</instance>
         <wf pos="X">de</wf>
         <wf pos="X">las</wf>
         <wf lemma="célula" pos="NOUN">células</wf>
         <wf pos="X">)</wf>
         <wf pos="X">.</wf>
      </sentence>
      <sentence id="d000.s064" source="semeval2013-es">
         <wf lemma="aquí" pos="ADV">Aquí</wf>
         <wf lemma="parecer" pos="VERB">parece</wf>
         <wf lemma="necesario" pos="ADJ">necesario</wf>
         <wf lemma="constatar" pos="VERB">constatar</wf>
         <wf lemma="que" pos="X">que</wf>
         <wf lemma="no" pos="NOUN">no</wf>
         <wf lemma="se" pos="X">se</wf>
         <wf lemma="colocar" pos="VERB">coloca</wf>
         <wf lemma="en" pos="X">en</wf>
         <wf lemma="situación" pos="NOUN">situación</wf>
         <wf lemma="desventajosa" pos="VERB">desventajosa</wf>
         <wf lemma="al" pos="X">al</wf>
         <instance id="d000.s064.t000" lemma="rival" pos="NOUN">rival</instance>
         <wf lemma="ni" pos="X">ni</wf>
         <wf lemma="se" pos="X">se</wf>
         <wf lemma="obtener" pos="VERB">obtiene</wf>
         <wf lemma="beneficio" pos="NOUN">beneficio</wf>
         <wf lemma="en" pos="X">en</wf>
         <wf lemma="el" pos="X">el</wf>
         <wf lemma="mismo" pos="ADJ">mismo</wf>
         <wf lemma="partido" pos="NOUN">partido</wf>
         <wf lemma="," pos="X">,</wf>
         <wf lemma="pues" pos="X">pues</wf>
         <wf lemma="evidentemente" pos="ADV">evidentemente</wf>
         <wf lemma="el" pos="X">el</wf>
         <instance id="d000.s064.t001" lemma="resultado" pos="NOUN">resultado</instance>
         <wf lemma="de" pos="X">de</wf>
         <wf lemma="el" pos="X">la</wf>
         <instance id="d000.s064.t002" lemma="acción" pos="NOUN">acción</instance>
         <wf lemma="suponer" pos="VERB">supone</wf>
         <wf lemma="dejar" pos="VERB">dejar</wf>
         <wf lemma="al" pos="X">al</wf>
         <wf lemma="propio" pos="ADJ">propio</wf>
         <instance id="d000.s064.t003" lemma="equipo" pos="NOUN">equipo</instance>
         <wf lemma="con" pos="X">con</wf>
         <wf lemma="menos" pos="ADV">menos</wf>
         <instance id="d000.s064.t004" lemma="jugador" pos="NOUN">jugadores</instance>
         <wf lemma="." pos="X">.</wf>
      </sentence>
      <sentence id="d000.s065" source="semeval2015-es">
         <wf lemma="ser" pos="VERB">Será</wf>
         <instance id="d000.s065.t000" lemma="necesario" pos="ADJ">necesario</instance>
         <wf lemma="retrasar" pos="VERB">retrasar</wf>
         <wf pos="X">o</wf>
         <instance id="d000.s065.t001" lemma="suspender" pos="VERB">suspender</instance>
         <wf pos="X">el</wf>
         <instance id="d000.s065.t002" lemma="tratamiento" pos="NOUN">tratamiento</instance>
         <wf pos="X">,</wf>
         <wf pos="X">o</wf>
         <instance id="d000.s065.t003" lemma="reducir" pos="VERB">reducir</instance>
         <wf pos="X">la</wf>
         <instance id="d000.s065.t004" lemma="dosis" pos="NOUN">dosis</instance>
         <wf pos="X">,</wf>
         <wf pos="X">en</wf>
         <instance id="d000.s065.t005" lemma="paciente" pos="NOUN">pacientes</instance>
         <wf pos="X">que</wf>
         <instance id="d000.s065.t006" lemma="presentar" pos="VERB">presenten</instance>
         <instance id="d000.s065.t007" lemma="alteración" pos="NOUN">alteraciones</instance>
         <wf pos="X">en</wf>
         <wf pos="X">los</wf>
         <wf lemma="recuento" pos="NOUN">recuentos</wf>
         <wf lemma="sanguíneo" pos="ADJ">sanguíneos</wf>
         <wf pos="X">o</wf>
         <instance id="d000.s065.t008" lemma="determinado" pos="ADJ">determinados</instance>
         <instance id="d000.s065.t009" lemma="efecto" pos="NOUN">efectos</instance>
         <instance id="d000.s065.t010" lemma="secundario" pos="ADJ">secundarios</instance>
         <wf pos="X">.</wf>
      </sentence>
      <sentence id="d000.s066" source="semeval2013-es">
         <wf lemma="otro" pos="X">Otro</wf>
         <wf lemma="de" pos="X">de</wf>
         <wf lemma="este" pos="X">estos</wf>
         <wf lemma="bien" pos="NOUN">bienes</wf>
         <wf lemma="a" pos="X">a</wf>
         <wf lemma="el" pos="X">los</wf>
         <wf lemma="que" pos="X">que</wf>
         <wf lemma="se" pos="X">se</wf>
         <wf lemma="aludir" pos="VERB">alude</wf>
         <wf lemma="con" pos="X">con</wf>
         <wf lemma="el" pos="X">el</wf>
         <instance id="d000.s066.t000" lemma="juego_limpio" pos="NOUN">juego_limpio</instance>
         <wf lemma="ser" pos="VERB">es</wf>
         <wf lemma="evitar" pos="VERB">evitar</wf>
         <wf lemma="que" pos="X">que</wf>
         <wf lemma="el" pos="X">el</wf>
         <instance id="d000.s066.t001" lemma="equipo" pos="NOUN">equipo</instance>
         <wf lemma="de" pos="X">de</wf>
         <wf lemma="el" pos="X">los</wf>
         <instance id="d000.s066.t002" lemma="jugador" pos="NOUN">jugadores</instance>
         <wf lemma="infractor" pos="NOUN">infractores</wf>
         <wf lemma="se" pos="X">se</wf>
         <wf lemma="aprovechar" pos="VERB">aproveche</wf>
         <wf lemma="de" pos="X">de</wf>
         <instance id="d000.s066.t003" lemma="manera" pos="NOUN">manera</instance>
         <wf lemma="injusto" pos="ADJ">injusta</wf>
         <wf lemma="del" pos="X">del</wf>
         <instance id="d000.s066.t004" lemma="equipo" pos="NOUN">equipo</instance>
         <wf lemma="contrario" pos="ADJ">contrario</wf>
         <wf lemma="," pos="X">,</wf>
         <instance id="d000.s066.t005" lemma="cosa" pos="NOUN">cosa</instance>
         <wf lemma="que" pos="X">que</wf>
         <wf lemma="tampoco" pos="ADV">tampoco</wf>
         <wf lemma="ocurrir" pos="VERB">ocurrió</wf>
         <wf lemma="." pos="X">.</wf>
      </sentence>
      <sentence id="d000.s067" source="semeval2015-es">
         <wf lemma="no" pos="NOUN">No</wf>
         <instance id="d000.s067.t000" lemma="importar" pos="VERB">importa</instance>
         <wf pos="X">el</wf>
         <instance id="d000.s067.t001" lemma="tipo" pos="NOUN">tipo</instance>
         <wf pos="X">de</wf>
         <instance id="d000.s067.t002" lemma="función" pos="NOUN">función</instance>
         <wf pos="X">que</wf>
         <wf lemma="ser" pos="VERB">sea</wf>
         <wf pos="X">.</wf>
      </sentence>
      <sentence id="d000.s068" source="semeval2013-es">
         <wf lemma="dicho" pos="X">Dicho</wf>
         <instance id="d000.s068.t000" lemma="sentimiento" pos="NOUN">sentimiento</instance>
         <wf lemma="ser" pos="VERB">es</wf>
         <wf lemma="menos" pos="ADV">menos</wf>
         <wf lemma="común" pos="ADJ">común</wf>
         <wf lemma="en" pos="X">en</wf>
         <instance id="d000.s068.t001" lemma="México" pos="NOUN">México</instance>
         <wf lemma="y" pos="X">y</wf>
         <instance id="d000.s068.t002" lemma="Centroamérica" pos="NOUN">Centroamérica</instance>
         <wf lemma="," pos="X">,</wf>
         <wf lemma="donde" pos="ADV">donde</wf>
         <wf lemma="el" pos="X">la</wf>
         <instance id="d000.s068.t003" lemma="recesión" pos="NOUN">recesión</instance>
         <wf lemma="ser" pos="VERB">fue</wf>
         <wf lemma="más" pos="ADV">más</wf>
         <wf lemma="grave" pos="ADJ">grave</wf>
         <wf lemma="y" pos="X">y</wf>
         <wf lemma="haber" pos="VERB">han</wf>
         <wf lemma="aumentar" pos="VERB">aumentado</wf>
         <wf lemma="el" pos="X">los</wf>
         <instance id="d000.s068.t004" lemma="delito" pos="NOUN">delitos</instance>
         <wf lemma="violento" pos="ADJ">violentos</wf>
         <wf lemma="." pos="X">.</wf>
      </sentence>
      <sentence id="d000.s069" source="semeval2015-es">
         <instance id="d000.s069.t000" lemma="asimismo" pos="ADV">Asimismo</instance>
         <wf pos="X">,</wf>
         <wf lemma="poder" pos="VERB">puede</wf>
         <instance id="d000.s069.t001" lemma="usar" pos="VERB">usar</instance>
         <wf pos="X">los</wf>
         <instance id="d000.s069.t002" lemma="carácter" pos="NOUN">caracteres</instance>
         <wf lemma="unicode" pos="NOUN">unicode</wf>
         <wf pos="X">²</wf>
         <wf pos="X">.</wf>
      </sentence>
      <sentence id="d000.s070" source="semeval2013-es">
         <wf lemma="&quot;" pos="X">&quot;</wf>
         <wf lemma="tú" pos="X">Te</wf>
         <wf lemma="hacer" pos="VERB">hace</wf>
         <wf lemma="plantearte" pos="VERB">plantearte</wf>
         <wf lemma="qué" pos="X">qué</wf>
         <wf lemma="más" pos="ADV">más</wf>
         <wf lemma="ser" pos="VERB">es</wf>
         <wf lemma="posible" pos="ADJ">posible</wf>
         <wf lemma="&quot;" pos="X">&quot;</wf>
         <wf lemma="," pos="X">,</wf>
         <wf lemma="afirmar" pos="VERB">afirmó</wf>
         <wf lemma="Ariel" pos="NOUN">Ariel</wf>
         <wf lemma="D." pos="NOUN">D.</wf>
         <wf lemma="Anbar" pos="NOUN">Anbar</wf>
         <wf lemma="de" pos="X">de</wf>
         <wf lemma="el" pos="X">la</wf>
         <wf lemma="arizona_state_university" pos="NOUN">Arizona_State_University</wf>
         <wf lemma="," pos="X">,</wf>
         <instance id="d000.s070.t000" lemma="coautor" pos="NOUN">coautor</instance>
         <wf lemma="del" pos="X">del</wf>
         <instance id="d000.s070.t001" lemma="informe" pos="NOUN">informe</instance>
         <wf lemma="." pos="X">.</wf>
      </sentence>
      <sentence id="d000.s071" source="semeval2013-es">
         <wf lemma="pero" pos="X">Pero</wf>
         <wf lemma="probablemente" pos="ADV">probablemente</wf>
         <wf lemma="no" pos="NOUN">no</wf>
         <wf lemma="ser" pos="VERB">será</wf>
         <wf lemma="el" pos="X">la</wf>
         <wf lemma="último" pos="ADJ">última</wf>
         <instance id="d000.s071.t000" lemma="palabra" pos="NOUN">palabra</instance>
         <wf lemma="sobre" pos="X">sobre</wf>
         <wf lemma="el" pos="X">el</wf>
         <wf lemma="tema" pos="NOUN">tema</wf>
         <wf lemma="." pos="X">.</wf>
      </sentence>
      <sentence id="d000.s072" source="semeval2013-es">
         <wf lemma="tener" pos="VERB">Tenemos</wf>
         <instance id="d000.s072.t000" lemma="confianza" pos="NOUN">confianza</instance>
         <wf lemma="en" pos="X">en</wf>
         <wf lemma="que" pos="X">que</wf>
         <wf lemma="el" pos="X">la</wf>
         <wf lemma="compañía" pos="NOUN">compañía</wf>
         <wf lemma="chino" pos="ADJ">china</wf>
         <wf lemma="estar" pos="VERB">estará</wf>
         <wf lemma="a" pos="X">a</wf>
         <wf lemma="el" pos="X">la</wf>
         <wf lemma="par" pos="NOUN">par</wf>
         <wf lemma="de" pos="X">de</wf>
         <wf lemma="suyo" pos="X">sus</wf>
         <instance id="d000.s072.t001" lemma="competidor" pos="NOUN">competidores</instance>
         <wf lemma="y" pos="X">y</wf>
         <wf lemma="cumplir" pos="VERB">cumplirá</wf>
         <wf lemma="con" pos="X">con</wf>
         <wf lemma="suyo" pos="X">sus</wf>
         <instance id="d000.s072.t002" lemma="compromiso" pos="NOUN">compromisos</instance>
         <wf lemma="hacia" pos="X">hacia</wf>
         <instance id="d000.s072.t003" lemma="Irak" pos="NOUN">Irak</instance>
         <wf lemma="." pos="X">.</wf>
      </sentence>
      <sentence id="d000.s073" source="semeval2013-es">
         <wf lemma="dicho" pos="X">Dicha</wf>
         <wf lemma="cifra" pos="NOUN">cifra</wf>
         <wf lemma="el" pos="X">la</wf>
         <wf lemma="alcanzar" pos="VERB">alcanzó</wf>
         <wf lemma="el" pos="X">el</wf>
         <instance id="d000.s073.t000" lemma="viernes" pos="NOUN">viernes</instance>
         <wf lemma="anterior" pos="ADJ">anterior</wf>
         <wf lemma="en" pos="X">en</wf>
         <wf lemma="el" pos="X">el</wf>
         <wf lemma="partido" pos="NOUN">partido</wf>
         <wf lemma="contra" pos="X">contra</wf>
         <instance id="d000.s073.t001" lemma="panamá" pos="NOUN">Panamá</instance>
         <wf lemma="(" pos="X">(</wf>
         <wf lemma="@card@" pos="X">0-2</wf>
         <wf lemma=")" pos="X">)</wf>
         <wf lemma="," pos="X">,</wf>
         <wf lemma="en" pos="X">en</wf>
         <wf lemma="el" pos="X">el</wf>
         <wf lemma="rommel_fernández" pos="NOUN">Rommel_Fernández</wf>
         <wf lemma="." pos="X">.</wf>
      </sentence>
      <sentence id="d000.s074" source="semeval2013-es">
         <wf lemma="otro" pos="X">Otra</wf>
         <instance id="d000.s074.t000" lemma="cuestión" pos="NOUN">cuestión</instance>
         <wf lemma="ser" pos="VERB">es</wf>
         <wf lemma="qué" pos="X">qué</wf>
         <wf lemma="tipo" pos="NOUN">tipo</wf>
         <wf lemma="de" pos="X">de</wf>
         <instance id="d000.s074.t001" lemma="ventaja" pos="NOUN">ventaja</instance>
         <wf lemma="obtener" pos="VERB">obtienen</wf>
         <wf lemma="el" pos="X">los</wf>
         <wf lemma="infractor" pos="NOUN">infractores</wf>
         <wf lemma="en" pos="X">en</wf>
         <wf lemma="el" pos="X">las</wf>
         <wf lemma="falta" pos="NOUN">faltas</wf>
         <wf lemma="intencionadas" pos="VERB">intencionadas</wf>
         <wf lemma="examinar" pos="VERB">examinadas</wf>
         <wf lemma="." pos="X">.</wf>
      </sentence>
      <sentence id="d000.s075" source="semeval2015-es">
         <wf pos="X">?</wf>
         <wf pos="X">:</wf>
         <instance id="d000.s075.t000" lemma="definición" pos="NOUN">definición</instance>
         <wf pos="X">de</wf>
         <instance id="d000.s075.t001" lemma="condición" pos="NOUN">condiciones</instance>
         <wf pos="X">en</wf>
         <instance id="d000.s075.t002" lemma="función" pos="NOUN">funciones</instance>
         <instance id="d000.s075.t003" lemma="definir" pos="VERB">definidas</instance>
         <wf pos="X">a</wf>
         <wf lemma="trozo" pos="NOUN">trozos</wf>
         <wf pos="X">(</wf>
         <wf pos="X">«</wf>
         <wf lemma="piecewise" pos="NOUN">piecewise</wf>
         <wf pos="X">»</wf>
         <wf pos="X">)</wf>
         <wf pos="X">.</wf>
      </sentence>
      <sentence id="d000.s076" source="semeval2013-es">
         <wf lemma="el" pos="X">La</wf>
         <instance id="d000.s076.t000" lemma="inmigración" pos="NOUN">inmigración</instance>
         <wf lemma="," pos="X">,</wf>
         <wf lemma="¿" pos="X">¿</wf>
         <wf lemma="un" pos="X">una</wf>
         <instance id="d000.s076.t001" lemma="carga" pos="NOUN">carga</instance>
         <wf lemma="o" pos="X">o</wf>
         <wf lemma="un" pos="X">una</wf>
         <instance id="d000.s076.t002" lemma="oportunidad" pos="NOUN">oportunidad</instance>
         <wf lemma="para" pos="X">para</wf>
         <wf lemma="el" pos="X">la</wf>
         <instance id="d000.s076.t003" lemma="economía" pos="NOUN">economía</instance>
         <wf lemma="?" pos="X">?</wf>
      </sentence>
      <sentence id="d000.s077" source="semeval2015-es">
         <wf pos="X">Bajo</wf>
         <wf pos="X">estas</wf>
         <wf lemma="pestaña" pos="NOUN">pestañas</wf>
         <instance id="d000.s077.t000" lemma="encontrar" pos="VERB">encontrará</instance>
         <wf pos="X">un</wf>
         <instance id="d000.s077.t001" lemma="campo" pos="NOUN">campo</instance>
         <wf pos="X">de</wf>
         <instance id="d000.s077.t002" lemma="entrada" pos="NOUN">entrada</instance>
         <wf lemma="donde" pos="ADV">donde</wf>
         <wf lemma="poder" pos="VERB">podrá</wf>
         <instance id="d000.s077.t003" lemma="introducir" pos="VERB">introducir</instance>
         <wf pos="X">sus</wf>
         <instance id="d000.s077.t004" lemma="función" pos="NOUN">funciones</instance>
         <wf pos="X">o</wf>
         <instance id="d000.s077.t005" lemma="realizar" pos="VERB">realizar</instance>
         <wf pos="X">sus</wf>
         <instance id="d000.s077.t006" lemma="cálculo" pos="NOUN">cálculos</instance>
         <wf pos="X">.</wf>
      </sentence>
      <sentence id="d000.s078" source="semeval2015-es">
         <wf pos="X">(</wf>
         <wf pos="X">)</wf>
         <wf pos="X">:</wf>
         <wf pos="X">se</wf>
         <instance id="d000.s078.t000" lemma="usar" pos="VERB">usa</instance>
         <wf pos="X">para</wf>
         <instance id="d000.s078.t001" lemma="especificar" pos="VERB">especificar</instance>
         <wf pos="X">una</wf>
         <instance id="d000.s078.t002" lemma="prioridad" pos="NOUN">prioridad</instance>
         <wf lemma="grande" pos="ADJ">mayor</wf>
         <wf pos="X">.</wf>
      </sentence>
      <sentence id="d000.s079" source="semeval2015-es">
         <wf pos="X">Se</wf>
         <wf lemma="haber" pos="VERB">han</wf>
         <instance id="d000.s079.t000" lemma="realizar" pos="VERB">realizado</instance>
         <wf pos="X">una</wf>
         <instance id="d000.s079.t001" lemma="grande" pos="ADJ">gran</instance>
         <instance id="d000.s079.t002" lemma="cantidad" pos="NOUN">cantidad</instance>
         <wf pos="X">de</wf>
         <instance id="d000.s079.t003" lemma="estudio" pos="NOUN">estudios</instance>
         <wf pos="X">con</wf>
         <wf lemma="cerenia" pos="NOUN">Cerenia</wf>
         <wf pos="X">en</wf>
         <instance id="d000.s079.t004" lemma="perro" pos="NOUN">perros</instance>
         <wf pos="X">de</wf>
         <instance id="d000.s079.t005" lemma="laboratorio" pos="NOUN">laboratorio</instance>
         <wf pos="X">y</wf>
         <wf pos="X">en</wf>
         <instance id="d000.s079.t006" lemma="perro" pos="NOUN">perros</instance>
         <wf lemma="paciente" pos="ADJ">pacientes</wf>
         <wf pos="X">de</wf>
         <wf lemma="clínico" pos="ADJ">clínicas</wf>
         <instance id="d000.s079.t007" lemma="veterinario" pos="NOUN">veterinarias</instance>
         <wf pos="X">de</wf>
         <wf pos="X">varios</wf>
         <instance id="d000.s079.t008" lemma="país" pos="NOUN">países</instance>
         <instance id="d000.s079.t009" lemma="europeo" pos="ADJ">europeos</instance>
         <wf pos="X">y</wf>
         <wf pos="X">de</wf>
         <wf lemma="ee.uu." pos="NOUN">EE.UU.</wf>
      </sentence>
      <sentence id="d000.s080" source="semeval2013-es">
         <wf lemma="el" pos="X">Los</wf>
         <instance id="d000.s080.t000" lemma="inversor" pos="NOUN">inversores</instance>
         <wf lemma="y" pos="X">y</wf>
         <wf lemma="el" pos="X">la</wf>
         <wf lemma="inspección" pos="NOUN">inspección</wf>
         <wf lemma="haber" pos="VERB">han</wf>
         <wf lemma="entablar" pos="VERB">entablado</wf>
         <wf lemma="incontables" pos="ADJ">incontables</wf>
         <wf lemma="proceso" pos="NOUN">procesos</wf>
         <wf lemma="para" pos="X">para</wf>
         <wf lemma="recibir" pos="VERB">recibir</wf>
         <instance id="d000.s080.t001" lemma="indemnización" pos="NOUN">indemnizaciones</instance>
         <wf lemma="o" pos="X">o</wf>
         <wf lemma="sancionar" pos="VERB">sancionar</wf>
         <instance id="d000.s080.t002" lemma="falta" pos="NOUN">faltas</instance>
         <wf lemma="." pos="X">.</wf>
      </sentence>
      <sentence id="d000.s081" source="semeval2013-es">
         <wf lemma="el" pos="X">Los</wf>
         <instance id="d000.s081.t000" lemma="futbolista" pos="NOUN">futbolistas</instance>
         <wf lemma="español" pos="ADJ">españoles</wf>
         <wf lemma="que" pos="X">que</wf>
         <wf lemma="jugar" pos="VERB">juegan</wf>
         <wf lemma="en" pos="X">en</wf>
         <wf lemma="el" pos="X">la</wf>
         <wf lemma="liga" pos="NOUN">Liga</wf>
         <wf lemma="de" pos="X">de</wf>
         <wf lemma="el" pos="X">las</wf>
         <wf lemma="estrella" pos="NOUN">Estrellas</wf>
         <wf lemma="y" pos="X">y</wf>
         <wf lemma="en" pos="X">en</wf>
         <wf lemma="poderoso" pos="ADJ">poderosos</wf>
         <instance id="d000.s081.t001" lemma="club" pos="NOUN">clubes</instance>
         <wf lemma="de" pos="X">de</wf>
         <wf lemma="el" pos="X">la</wf>
         <wf lemma="liga_premier" pos="NOUN">Liga_Premier</wf>
         <wf lemma="de" pos="X">de</wf>
         <instance id="d000.s081.t002" lemma="Inglaterra" pos="NOUN">Inglaterra</instance>
         <wf lemma="," pos="X">,</wf>
         <wf lemma="mantener" pos="VERB">mantienen</wf>
         <wf lemma="al" pos="X">al</wf>
         <instance id="d000.s081.t003" lemma="año" pos="NOUN">año</instance>
         <wf lemma="un" pos="X">una</wf>
         <wf lemma="intenso" pos="ADJ">intensa</wf>
         <wf lemma="actividad" pos="NOUN">actividad</wf>
         <wf lemma="en" pos="X">en</wf>
         <instance id="d000.s081.t004" lemma="campeonato" pos="NOUN">campeonatos</instance>
         <wf lemma="de" pos="X">de</wf>
         <instance id="d000.s081.t005" lemma="liga" pos="NOUN">liga</instance>
         <wf lemma="y" pos="X">y</wf>
         <wf lemma="copa" pos="NOUN">copa</wf>
         <wf lemma="doméstico" pos="ADJ">doméstica</wf>
         <wf lemma="," pos="X">,</wf>
         <wf lemma="y" pos="X">y</wf>
         <wf lemma="choque" pos="NOUN">choques</wf>
         <wf lemma="de" pos="X">de</wf>
         <wf lemma="alto" pos="ADJ">alto</wf>
         <instance id="d000.s081.t006" lemma="nivel" pos="NOUN">nivel</instance>
         <wf lemma="en" pos="X">en</wf>
         <wf lemma="copa" pos="NOUN">copas</wf>
         <wf lemma="europeo" pos="ADJ">europeas</wf>
         <wf lemma="como" pos="X">como</wf>
         <wf lemma="Champions" pos="NOUN">Champions</wf>
         <wf lemma="League" pos="NOUN">League</wf>
         <wf lemma="." pos="X">.</wf>
      </sentence>
      <sentence id="d000.s082" source="semeval2015-es">
         <wf pos="X">En</wf>
         <wf pos="X">el</wf>
         <instance id="d000.s082.t000" lemma="organismo" pos="NOUN">organismo</instance>
         <wf pos="X">,</wf>
         <wf pos="X">el</wf>
         <wf lemma="pemetrexed" pos="NOUN">pemetrexed</wf>
         <wf pos="X">se</wf>
         <instance id="d000.s082.t001" lemma="convertir" pos="VERB">convierte</instance>
         <wf pos="X">en</wf>
         <wf pos="X">una</wf>
         <instance id="d000.s082.t002" lemma="forma" pos="NOUN">forma</instance>
         <instance id="d000.s082.t003" lemma="activo" pos="ADJ">activa</instance>
         <wf pos="X">que</wf>
         <instance id="d000.s082.t004" lemma="bloquear" pos="VERB">bloquea</instance>
         <wf pos="X">la</wf>
         <instance id="d000.s082.t005" lemma="actividad" pos="NOUN">actividad</instance>
         <wf pos="X">de</wf>
         <wf pos="X">las</wf>
         <instance id="d000.s082.t006" lemma="enzima" pos="NOUN">enzimas</instance>
         <wf pos="X">que</wf>
         <instance id="d000.s082.t007" lemma="participar" pos="VERB">participan</instance>
         <wf pos="X">en</wf>
         <wf pos="X">la</wf>
         <instance id="d000.s082.t008" lemma="producción" pos="NOUN">producción</instance>
         <wf pos="X">de</wf>
         <wf pos="X">«</wf>
         <instance id="d000.s082.t009" lemma="nucleótido" pos="NOUN">nucleótidos</instance>
         <wf pos="X">»</wf>
         <wf pos="X">(</wf>
         <instance id="d000.s082.t010" lemma="elemento" pos="NOUN">elementos</instance>
         <instance id="d000.s082.t011" lemma="esencial" pos="ADJ">esenciales</instance>
         <wf pos="X">del</wf>
         <instance id="d000.s082.t012" lemma="adn" pos="NOUN">ADN</instance>
         <wf pos="X">y</wf>
         <wf pos="X">el</wf>
         <wf lemma="arn" pos="NOUN">ARN</wf>
         <wf pos="X">,</wf>
         <wf pos="X">el</wf>
         <instance id="d000.s082.t013" lemma="material" pos="NOUN">material</instance>
         <instance id="d000.s082.t014" lemma="genético" pos="ADJ">genético</instance>
         <wf pos="X">de</wf>
         <wf pos="X">las</wf>
         <instance id="d000.s082.t015" lemma="célula" pos="NOUN">células</instance>
         <wf pos="X">)</wf>
         <wf pos="X">.</wf>
      </sentence>
      <sentence id="d000.s083" source="semeval2013-es">
         <wf lemma="del" pos="X">Del</wf>
         <wf lemma="lado" pos="NOUN">lado</wf>
         <wf lemma="de" pos="X">de</wf>
         <instance id="d000.s083.t000" lemma="costa_rica" pos="NOUN">Costa_Rica</instance>
         <wf lemma="solo" pos="ADJ">solo</wf>
         <wf lemma="uno" pos="X">uno</wf>
         <wf lemma="de" pos="X">de</wf>
         <wf lemma="el" pos="X">los</wf>
         <wf lemma="@card@" pos="X">22</wf>
         <wf lemma="convocar" pos="VERB">convocados</wf>
         <wf lemma="llegar" pos="VERB">llegó</wf>
         <wf lemma="a" pos="X">a</wf>
         <wf lemma="el" pos="X">los</wf>
         <wf lemma="@card@" pos="X">50</wf>
         <wf lemma="encuentro" pos="NOUN">encuentros</wf>
         <wf lemma="." pos="X">.</wf>
      </sentence>
      <sentence id="d000.s084" source="semeval2013-es">
         <wf lemma="saber" pos="VERB">Sabemos</wf>
         <wf lemma="que" pos="X">que</wf>
         <instance id="d000.s084.t000" lemma="China" pos="NOUN">China</instance>
         <wf lemma="estar" pos="VERB">está</wf>
         <wf lemma="en" pos="X">en</wf>
         <instance id="d000.s084.t001" lemma="camino" pos="NOUN">camino</instance>
         <wf lemma="de" pos="X">de</wf>
         <wf lemma="convertirse" pos="VERB">convertirse</wf>
         <wf lemma="en" pos="X">en</wf>
         <wf lemma="un" pos="X">una</wf>
         <wf lemma="principal" pos="ADJ">principal</wf>
         <instance id="d000.s084.t002" lemma="potencia" pos="NOUN">potencia</instance>
         <wf lemma="económico" pos="ADJ">económica</wf>
         <wf lemma="y" pos="X">y</wf>
         <wf lemma="tecnológico" pos="ADJ">tecnológica</wf>
         <wf lemma="," pos="X">,</wf>
         <wf lemma="manifestar" pos="VERB">manifestó</wf>
         <wf lemma="el" pos="X">el</wf>
         <instance id="d000.s084.t003" lemma="portavoz" pos="NOUN">portavoz</instance>
         <wf lemma="del" pos="X">del</wf>
         <wf lemma="ministerio" pos="NOUN">Ministerio</wf>
         <wf lemma="de" pos="X">de</wf>
         <wf lemma="petróleo" pos="NOUN">Petróleo</wf>
         <wf lemma="Assam" pos="NOUN">Assam</wf>
         <wf lemma="Jihad" pos="NOUN">Jihad</wf>
         <wf lemma="." pos="X">.</wf>
      </sentence>
      <sentence id="d000.s085" source="semeval2013-es">
         <wf lemma="&quot;" pos="X">&quot;</wf>
         <wf lemma="este" pos="X">Este</wf>
         <instance id="d000.s085.t000" lemma="trabajo" pos="NOUN">trabajo</instance>
         <wf lemma="ser" pos="VERB">es</wf>
         <wf lemma="novedoso" pos="ADJ">novedoso</wf>
         <wf lemma="porque" pos="X">porque</wf>
         <wf lemma="demostrar" pos="VERB">demuestra</wf>
         <wf lemma="el" pos="X">la</wf>
         <instance id="d000.s085.t001" lemma="sustitución" pos="NOUN">sustitución</instance>
         <wf lemma="de" pos="X">de</wf>
         <wf lemma="un" pos="X">un</wf>
         <wf lemma="elemento" pos="NOUN">elemento</wf>
         <wf lemma="por" pos="X">por</wf>
         <wf lemma="otro" pos="X">otro</wf>
         <wf lemma="en" pos="X">en</wf>
         <wf lemma="el" pos="X">la</wf>
         <instance id="d000.s085.t002" lemma="bioquímica" pos="NOUN">bioquímica</instance>
         <wf lemma="y" pos="X">y</wf>
         <wf lemma="el" pos="X">la</wf>
         <instance id="d000.s085.t003" lemma="estructura" pos="NOUN">estructura</instance>
         <instance id="d000.s085.t004" lemma="bioquímica" pos="NOUN">bioquímica</instance>
         <wf lemma="básico" pos="ADJ">básica</wf>
         <wf lemma="&quot;" pos="X">&quot;</wf>
         <wf lemma="," pos="X">,</wf>
         <wf lemma="añadir" pos="VERB">añadió</wf>
         <wf lemma="Cockell" pos="NOUN">Cockell</wf>
         <wf lemma="." pos="X">.</wf>
      </sentence>
      <sentence id="d000.s086" source="semeval2013-es">
         <wf lemma="el" pos="X">El</wf>
         <wf lemma="deutsche_bank" pos="NOUN">Deutsche_Bank</wf>
         <wf lemma="rechazar" pos="VERB">rechazó</wf>
         <wf lemma="el" pos="X">las</wf>
         <instance id="d000.s086.t000" lemma="deuda" pos="NOUN">deudas</instance>
         <wf lemma="como" pos="ADV">como</wf>
         <wf lemma="infundadas" pos="VERB">infundadas</wf>
         <wf lemma="y" pos="X">y</wf>
         <wf lemma="explicar" pos="VERB">explicó</wf>
         <wf lemma="que" pos="X">que</wf>
         <wf lemma="querer" pos="VERB">quiere</wf>
         <wf lemma="defender" pos="VERB">defenderse</wf>
         <wf lemma="." pos="X">.</wf>
      </sentence>
      <sentence id="d000.s087" source="semeval2013-es">
         <wf lemma="entre" pos="X">Entre</wf>
         <wf lemma="el" pos="X">los</wf>
         <wf lemma="asistente" pos="NOUN">asistentes</wf>
         <wf lemma="estar" pos="VERB">estaba</wf>
         <wf lemma="," pos="X">,</wf>
         <wf lemma="entre" pos="X">entre</wf>
         <wf lemma="otro" pos="X">otros</wf>
         <wf lemma="," pos="X">,</wf>
         <wf lemma="Mitch" pos="NOUN">Mitch</wf>
         <wf lemma="McConnell" pos="NOUN">McConnell</wf>
         <wf lemma="," pos="X">,</wf>
         <wf lemma="el" pos="X">el</wf>
         <wf lemma="republicano" pos="NOUN">republicano</wf>
         <wf lemma="más" pos="ADV">más</wf>
         <wf lemma="importante" pos="ADJ">importante</wf>
         <wf lemma="en" pos="X">en</wf>
         <wf lemma="el" pos="X">el</wf>
         <instance id="d000.s087.t000" lemma="senado" pos="NOUN">Senado</instance>
         <wf lemma="y" pos="X">y</wf>
         <wf lemma="un" pos="X">un</wf>
         <instance id="d000.s087.t001" lemma="opositor" pos="NOUN">opositor</instance>
         <wf lemma="declarar" pos="VERB">declarado</wf>
         <wf lemma="de" pos="X">de</wf>
         <wf lemma="el" pos="X">la</wf>
         <instance id="d000.s087.t002" lemma="ley" pos="NOUN">ley</instance>
         <wf lemma="de" pos="X">de</wf>
         <instance id="d000.s087.t003" lemma="asistencia_sanitaria" pos="NOUN">asistencia_sanitaria</instance>
         <wf lemma="." pos="X">.</wf>
      </sentence>
      <sentence id="d000.s088" source="semeval2013-es">
         <wf lemma="este" pos="X">Estos</wf>
         <wf lemma="se" pos="X">se</wf>
         <wf lemma="basar" pos="VERB">basan</wf>
         <wf lemma="en" pos="X">en</wf>
         <instance id="d000.s088.t000" lemma="crédito" pos="NOUN">créditos</instance>
         <instance id="d000.s088.t001" lemma="vivienda" pos="NOUN">vivienda</instance>
         <wf lemma="." pos="X">.</wf>
      </sentence>
      <sentence id="d000.s089" source="semeval2013-es">
         <wf lemma="el" pos="X">El</wf>
         <instance id="d000.s089.t000" lemma="juez_de_primera_instancia" pos="NOUN">juez_de_primera_instancia</instance>
         <wf lemma="Jon" pos="NOUN">Jon</wf>
         <wf lemma="C." pos="X">C.</wf>
         <wf lemma="Blue" pos="ADJ">Blue</wf>
         <wf lemma="," pos="X">,</wf>
         <wf lemma="del" pos="X">del</wf>
         <instance id="d000.s089.t001" lemma="Tribunal_Superior" pos="NOUN">Tribunal_Superior</instance>
         <wf lemma="estatal" pos="ADJ">Estatal</wf>
         <wf lemma="," pos="X">,</wf>
         <wf lemma="rechazar" pos="VERB">rechazó</wf>
         <wf lemma="lacónicamente" pos="ADV">lacónicamente</wf>
         <wf lemma="el" pos="X">las</wf>
         <instance id="d000.s089.t002" lemma="demanda" pos="NOUN">demandas</instance>
         <wf lemma="en" pos="X">en</wf>
         <wf lemma="un" pos="X">un</wf>
         <wf lemma="fallo" pos="NOUN">fallo</wf>
         <wf lemma="el" pos="X">la</wf>
         <instance id="d000.s089.t003" lemma="semana" pos="NOUN">semana</instance>
         <wf lemma="pasar" pos="VERB">pasada</wf>
         <wf lemma="," pos="X">,</wf>
         <wf lemma="decir" pos="VERB">diciendo</wf>
         <wf lemma="que" pos="X">que</wf>
         <wf lemma="el" pos="X">los</wf>
         <instance id="d000.s089.t004" lemma="medio" pos="NOUN">medios</instance>
         <wf lemma="de" pos="X">de</wf>
         <instance id="d000.s089.t005" lemma="noticia" pos="NOUN">noticias</instance>
         <wf lemma="ser" pos="VERB">fueron</wf>
         <wf lemma="&quot;" pos="X">&quot;</wf>
         <wf lemma="cuidadosamente" pos="ADV">cuidadosamente</wf>
         <wf lemma="controlar" pos="VERB">controlados</wf>
         <wf lemma="&quot;" pos="X">&quot;</wf>
         <wf lemma="y" pos="X">y</wf>
         <wf lemma="que" pos="X">que</wf>
         <wf lemma="no" pos="NOUN">no</wf>
         <wf lemma="haber" pos="VERB">había</wf>
         <wf lemma="ninguno" pos="X">ninguna</wf>
         <instance id="d000.s089.t006" lemma="prueba" pos="NOUN">prueba</instance>
         <wf lemma="de" pos="X">de</wf>
         <wf lemma="que" pos="X">que</wf>
         <wf lemma="el" pos="X">el</wf>
         <instance id="d000.s089.t007" lemma="jurado" pos="NOUN">jurado</instance>
         <wf lemma="haber" pos="VERB">haya</wf>
         <wf lemma="ser" pos="VERB">sido</wf>
         <wf lemma="llevar" pos="VERB">llevado</wf>
         <wf lemma="por" pos="X">por</wf>
         <wf lemma="el" pos="X">la</wf>
         <instance id="d000.s089.t008" lemma="pasión" pos="NOUN">pasión</instance>
         <wf lemma="." pos="X">.</wf>
      </sentence>
      <sentence id="d000.s090" source="semeval2013-es">
         <wf lemma="mientras" pos="X">Mientras</wf>
         <wf lemma="el" pos="X">los</wf>
         <instance id="d000.s090.t000" lemma="campeón" pos="NOUN">campeones</instance>
         <wf lemma="mundial" pos="ADJ">mundiales</wf>
         <wf lemma="y" pos="X">y</wf>
         <wf lemma="de" pos="X">de</wf>
         <instance id="d000.s090.t001" lemma="Europa" pos="NOUN">Europa</instance>
         <wf lemma="," pos="X">,</wf>
         <wf lemma="número" pos="NOUN">número</wf>
         <wf lemma="uno" pos="X">uno</wf>
         <wf lemma="del" pos="X">del</wf>
         <wf lemma="ranquin" pos="NOUN">ranquin</wf>
         <wf lemma="mensual" pos="ADJ">mensual</wf>
         <wf lemma="de" pos="X">de</wf>
         <wf lemma="el" pos="X">la</wf>
         <wf lemma="FIFA" pos="NOUN">FIFA</wf>
         <wf lemma="," pos="X">,</wf>
         <wf lemma="contabilizar" pos="VERB">contabilizan</wf>
         <wf lemma="un" pos="X">un</wf>
         <wf lemma="amplio" pos="ADJ">amplio</wf>
         <wf lemma="registro" pos="NOUN">registro</wf>
         <wf lemma="de" pos="X">de</wf>
         <instance id="d000.s090.t002" lemma="juego" pos="NOUN">juegos</instance>
         <wf lemma="interselecciones" pos="NOUN">interselecciones</wf>
         <wf lemma="de" pos="X">de</wf>
         <wf lemma="clase" pos="NOUN">clase</wf>
         <wf lemma="A" pos="X">A</wf>
         <wf lemma="," pos="X">,</wf>
         <wf lemma="el" pos="X">la</wf>
         <wf lemma="Tricolor" pos="NOUN">Tricolor</wf>
         <wf lemma="solo" pos="ADJ">solo</wf>
         <wf lemma="poseer" pos="VERB">posee</wf>
         <wf lemma="al" pos="X">al</wf>
         <instance id="d000.s090.t003" lemma="defensor" pos="NOUN">defensor</instance>
         <wf lemma="Michael_Umaña" pos="NOUN">Michael_Umaña</wf>
         <wf lemma="como" pos="X">como</wf>
         <wf lemma="el" pos="X">el</wf>
         <wf lemma="único" pos="ADJ">único</wf>
         <wf lemma="que" pos="X">que</wf>
         <wf lemma="tener" pos="VERB">tiene</wf>
         <wf lemma="el" pos="X">los</wf>
         <wf lemma="@card@" pos="X">50</wf>
         <wf lemma="partido" pos="NOUN">partidos</wf>
         <wf lemma="internacional" pos="ADJ">internacionales</wf>
         <wf lemma="." pos="X">.</wf>
      </sentence>
      <sentence id="d000.s091" source="semeval2015-es">
         <wf pos="X">En</wf>
         <wf pos="X">los</wf>
         <wf pos="X">tres</wf>
         <instance id="d000.s091.t000" lemma="estudio" pos="NOUN">estudios</instance>
         <wf pos="X">,</wf>
         <wf pos="X">el</wf>
         <instance id="d000.s091.t001" lemma="criterio" pos="NOUN">criterio</instance>
         <instance id="d000.s091.t002" lemma="principal" pos="ADJ">principal</instance>
         <wf pos="X">de</wf>
         <wf lemma="valoración" pos="NOUN">valoración</wf>
         <wf pos="X">de</wf>
         <wf pos="X">la</wf>
         <instance id="d000.s091.t003" lemma="eficacia" pos="NOUN">eficacia</instance>
         <wf lemma="ser" pos="VERB">fue</wf>
         <wf pos="X">el</wf>
         <instance id="d000.s091.t004" lemma="tiempo" pos="NOUN">tiempo</instance>
         <wf pos="X">de</wf>
         <instance id="d000.s091.t005" lemma="supervivencia" pos="NOUN">supervivencia</instance>
         <wf pos="X">de</wf>
         <wf pos="X">los</wf>
         <instance id="d000.s091.t006" lemma="paciente" pos="NOUN">pacientes</instance>
         <wf pos="X">.</wf>
      </sentence>
      <sentence id="d000.s092" source="semeval2015-es">
         <wf pos="X">Siete</wf>
         <instance id="d000.s092.t000" lemma="estado" pos="NOUN">Estados</instance>
         <instance id="d000.s092.t001" lemma="miembro" pos="NOUN">miembros</instance>
         <wf pos="X">se</wf>
         <instance id="d000.s092.t002" lemma="incluir" pos="VERB">incluyen</instance>
         <wf pos="X">en</wf>
         <wf pos="X">el</wf>
         <instance id="d000.s092.t003" lemma="proyecto" pos="NOUN">proyecto</instance>
         <wf pos="X">:</wf>
         <wf lemma="alemania" pos="NOUN">Alemania</wf>
         <wf pos="X">,</wf>
         <wf lemma="bélgica" pos="NOUN">Bélgica</wf>
         <wf pos="X">,</wf>
         <wf lemma="francia" pos="NOUN">Francia</wf>
         <wf pos="X">,</wf>
         <wf lemma="grecia" pos="NOUN">Grecia</wf>
         <wf pos="X">,</wf>
         <wf lemma="italia" pos="NOUN">Italia</wf>
         <wf pos="X">,</wf>
         <wf lemma="países~bajos" pos="NOUN">Países Bajos</wf>
         <wf pos="X">y</wf>
         <wf lemma="reino~unido" pos="NOUN">Reino Unido</wf>
         <wf pos="X">.</wf>
      </sentence>
      <sentence id="d000.s093" source="semeval2013-es">
         <wf lemma="suyo" pos="X">Sus</wf>
         <instance id="d000.s093.t000" lemma="crítico" pos="NOUN">críticos</instance>
         <wf lemma="haber" pos="VERB">han</wf>
         <wf lemma="presionar" pos="VERB">presionado</wf>
         <wf lemma="para" pos="X">para</wf>
         <wf lemma="que" pos="X">que</wf>
         <wf lemma="Kagan" pos="NOUN">Kagan</wf>
         <wf lemma="se" pos="X">se</wf>
         <wf lemma="abstener" pos="VERB">abstenga</wf>
         <wf lemma="de" pos="X">de</wf>
         <wf lemma="ver" pos="VERB">ver</wf>
         <wf lemma="el" pos="X">el</wf>
         <wf lemma="caso" pos="NOUN">caso</wf>
         <wf lemma="," pos="X">,</wf>
         <wf lemma="decir" pos="VERB">diciendo</wf>
         <wf lemma="que" pos="X">que</wf>
         <wf lemma="estar" pos="VERB">estaba</wf>
         <wf lemma="demasiado" pos="ADV">demasiado</wf>
         <wf lemma="involucrar" pos="VERB">involucrada</wf>
         <wf lemma="en" pos="X">en</wf>
         <wf lemma="defender" pos="VERB">defender</wf>
         <wf lemma="el" pos="X">la</wf>
         <instance id="d000.s093.t001" lemma="ley" pos="NOUN">ley</instance>
         <wf lemma="como" pos="ADV">como</wf>
         <wf lemma="para" pos="X">para</wf>
         <wf lemma="ahora" pos="ADV">ahora</wf>
         <wf lemma="ser" pos="VERB">ser</wf>
         <wf lemma="imparcial" pos="ADJ">imparcial</wf>
         <wf lemma="." pos="X">.</wf>
      </sentence>
      <sentence id="d000.s094" source="semeval2013-es">
         <wf lemma="el" pos="X">Los</wf>
         <wf lemma="alaveses" pos="NOUN">alaveses</wf>
         <wf lemma="salir" pos="VERB">salieron</wf>
         <wf lemma="a" pos="X">a</wf>
         <wf lemma="dejar" pos="VERB">dejarse</wf>
         <wf lemma="el" pos="X">la</wf>
         <instance id="d000.s094.t000" lemma="piel" pos="NOUN">piel</instance>
         <wf lemma="en" pos="X">en</wf>
         <wf lemma="el" pos="X">el</wf>
         <wf lemma="último" pos="ADJ">último</wf>
         <wf lemma="parcial" pos="NOUN">parcial</wf>
         <wf lemma="y" pos="X">y</wf>
         <wf lemma="English" pos="X">English</wf>
         <wf lemma="y" pos="X">y</wf>
         <wf lemma="Santo" pos="NOUN">San</wf>
         <wf lemma="Emeterio" pos="NOUN">Emeterio</wf>
         <wf lemma="(" pos="X">(</wf>
         <wf lemma="@card@" pos="X">60-75</wf>
         <wf lemma=")" pos="X">)</wf>
         <wf lemma="ya" pos="ADV">ya</wf>
         <wf lemma="avisar" pos="VERB">avisaron</wf>
         <wf lemma="que" pos="X">que</wf>
         <wf lemma="no" pos="NOUN">no</wf>
         <wf lemma="ir" pos="VERB">iban</wf>
         <wf lemma="a" pos="X">a</wf>
         <wf lemma="dejar" pos="VERB">dejar</wf>
         <wf lemma="que" pos="X">que</wf>
         <wf lemma="nadie" pos="NOUN">nadie</wf>
         <wf lemma="él" pos="X">les</wf>
         <wf lemma="quitar" pos="VERB">quitara</wf>
         <wf lemma="el" pos="X">lo</wf>
         <wf lemma="que" pos="X">que</wf>
         <wf lemma="se" pos="X">se</wf>
         <wf lemma="haber" pos="VERB">había</wf>
         <wf lemma="merecer" pos="VERB">merecido</wf>
         <wf lemma="durante" pos="X">durante</wf>
         <wf lemma="el" pos="X">los</wf>
         <wf lemma="treinta" pos="X">treinta</wf>
         <wf lemma="primero" pos="X">primeros</wf>
         <instance id="d000.s094.t001" lemma="minuto" pos="NOUN">minutos</instance>
         <wf lemma="." pos="X">.</wf>
      </sentence>
      <sentence id="d000.s095" source="semeval2013-es">
         <wf lemma="en" pos="X">En</wf>
         <wf lemma="el" pos="X">el</wf>
         <wf lemma="asunto" pos="NOUN">asunto</wf>
         <wf lemma="de" pos="X">de</wf>
         <wf lemma="el" pos="X">los</wf>
         <wf lemma="dudoso" pos="ADJ">dudosos</wf>
         <instance id="d000.s095.t000" lemma="título" pos="NOUN">títulos</instance>
         <wf lemma="hipotecario" pos="ADJ">hipotecarios</wf>
         <wf lemma="," pos="X">,</wf>
         <wf lemma="se" pos="X">se</wf>
         <wf lemma="tratar" pos="VERB">tratan</wf>
         <wf lemma="de" pos="X">de</wf>
         <wf lemma="el" pos="X">los</wf>
         <wf lemma="llamar" pos="VERB">llamados</wf>
         <instance id="d000.s095.t001" lemma="valores_respaldados_por_hipotecas" pos="NOUN">valores_respaldados_por_hipotecas</instance>
         <wf lemma="." pos="X">.</wf>
      </sentence>
      <sentence id="d000.s096" source="semeval2015-es">
         <wf pos="X">El</wf>
         <instance id="d000.s096.t000" lemma="estudio" pos="NOUN">estudio</instance>
         <wf pos="X">se</wf>
         <instance id="d000.s096.t001" lemma="basar" pos="VERB">basa</instance>
         <wf pos="X">en</wf>
         <wf pos="X">195</wf>
         <wf lemma="entrevistar" pos="VERB">entrevistas</wf>
         <instance id="d000.s096.t002" lemma="personal" pos="ADJ">personales</instance>
         <wf pos="X">con</wf>
         <instance id="d000.s096.t003" lemma="alto" pos="ADJ">altos</instance>
         <instance id="d000.s096.t004" lemma="responsable" pos="NOUN">responsables</instance>
         <wf pos="X">de</wf>
         <wf pos="X">los</wf>
         <instance id="d000.s096.t005" lemma="interlocutor" pos="NOUN">interlocutores</instance>
         <instance id="d000.s096.t006" lemma="social" pos="ADJ">sociales</instance>
         <wf pos="X">,</wf>
         <wf pos="X">en</wf>
         <wf pos="X">su</wf>
         <instance id="d000.s096.t007" lemma="calidad" pos="NOUN">calidad</instance>
         <wf pos="X">de</wf>
         <instance id="d000.s096.t008" lemma="representante" pos="NOUN">representantes</instance>
         <wf pos="X">de</wf>
         <instance id="d000.s096.t009" lemma="importante" pos="ADJ">importantes</instance>
         <instance id="d000.s096.t010" lemma="organización" pos="NOUN">organizaciones</instance>
         <instance id="d000.s096.t011" lemma="nacional" pos="ADJ">nacionales</instance>
         <wf pos="X">de</wf>
         <wf pos="X">15</wf>
         <instance id="d000.s096.t012" lemma="país" pos="NOUN">países</instance>
         <instance id="d000.s096.t013" lemma="europeo" pos="ADJ">europeos</instance>
         <wf pos="X">.</wf>
      </sentence>
      <sentence id="d000.s097" source="semeval2013-es">
         <wf lemma="casi" pos="ADV">Casi</wf>
         <wf lemma="cerca" pos="ADV">cerca</wf>
         <wf lemma="de" pos="X">de</wf>
         <wf lemma="el" pos="X">la</wf>
         <wf lemma="cifra" pos="NOUN">cifra</wf>
         <wf lemma="centenaria" pos="NOUN">centenaria</wf>
         <wf lemma="estar" pos="VERB">está</wf>
         <wf lemma="Carles_Puyol" pos="NOUN">Carles_Puyol</wf>
         <wf lemma="," pos="X">,</wf>
         <wf lemma="con" pos="X">con</wf>
         <wf lemma="@card@" pos="X">97</wf>
         <instance id="d000.s097.t000" lemma="juego" pos="NOUN">juegos</instance>
         <wf lemma="." pos="X">.</wf>
      </sentence>
      <sentence id="d000.s098" source="semeval2013-es">
         <wf lemma="sin" pos="X">Sin</wf>
         <wf lemma="embargo" pos="NOUN">embargo</wf>
         <wf lemma="," pos="X">,</wf>
         <wf lemma="el" pos="X">los</wf>
         <instance id="d000.s098.t000" lemma="índice" pos="NOUN">índices</instance>
         <wf lemma="se" pos="X">se</wf>
         <wf lemma="frenar" pos="VERB">frenaron</wf>
         <wf lemma="por" pos="X">por</wf>
         <wf lemma="un" pos="X">un</wf>
         <wf lemma="nuevo" pos="ADJ">nuevo</wf>
         <wf lemma="avance" pos="NOUN">avance</wf>
         <wf lemma="del" pos="X">del</wf>
         <instance id="d000.s098.t001" lemma="dólar" pos="NOUN">dólar</instance>
         <wf lemma="que" pos="X">que</wf>
         <wf lemma="alcanzar" pos="VERB">alcanzó</wf>
         <wf lemma="el" pos="X">el</wf>
         <instance id="d000.s098.t002" lemma="nivel" pos="NOUN">nivel</instance>
         <wf lemma="más" pos="ADV">más</wf>
         <wf lemma="alto" pos="ADJ">alto</wf>
         <wf lemma="de" pos="X">de</wf>
         <wf lemma="el" pos="X">los</wf>
         <wf lemma="último" pos="ADJ">últimos</wf>
         <wf lemma="dos" pos="X">dos</wf>
         <instance id="d000.s098.t003" lemma="mes" pos="NOUN">meses</instance>
         <wf lemma="frente" pos="X">frente</wf>
         <wf lemma="al" pos="X">al</wf>
         <instance id="d000.s098.t004" lemma="euro" pos="NOUN">euro</instance>
         <wf lemma="," pos="X">,</wf>
         <wf lemma="el" pos="X">lo</wf>
         <wf lemma="que" pos="X">que</wf>
         <wf lemma="&quot;" pos="X">&quot;</wf>
         <wf lemma="llevar" pos="VERB">lleva</wf>
         <wf lemma="a" pos="X">a</wf>
         <wf lemma="el" pos="X">la</wf>
         <wf lemma="baja" pos="NOUN">baja</wf>
         <wf lemma="a" pos="X">a</wf>
         <wf lemma="el" pos="X">los</wf>
         <wf lemma="sector" pos="NOUN">sectores</wf>
         <wf lemma="sensible" pos="ADJ">sensibles</wf>
         <wf lemma="a" pos="X">a</wf>
         <wf lemma="el" pos="X">la</wf>
         <wf lemma="situación" pos="NOUN">situación</wf>
         <wf lemma="económico" pos="ADJ">económica</wf>
         <wf lemma="&quot;" pos="X">&quot;</wf>
         <wf lemma="," pos="X">,</wf>
         <wf lemma="explicar" pos="VERB">explicó</wf>
         <wf lemma="Owen" pos="ADJ">Owen</wf>
         <wf lemma="Fitzpatrick" pos="NOUN">Fitzpatrick</wf>
         <wf lemma="," pos="X">,</wf>
         <wf lemma="del" pos="X">del</wf>
         <wf lemma="deutsche_bank" pos="NOUN">Deutsche_Bank</wf>
         <wf lemma="." pos="X">.</wf>
      </sentence>
      <sentence id="d000.s099" source="semeval2013-es">
         <wf lemma="alrededor" pos="X">Alrededor</wf>
         <wf lemma="del" pos="X">del</wf>
         <wf lemma="@card@" pos="X">58</wf>
         <wf lemma="%" pos="X">%</wf>
         <wf lemma="concordar" pos="VERB">concuerda</wf>
         <wf lemma="en" pos="X">en</wf>
         <wf lemma="que" pos="X">que</wf>
         <wf lemma="el" pos="X">la</wf>
         <instance id="d000.s099.t000" lemma="economía_de_mercado" pos="NOUN">economía_de_mercado</instance>
         <wf lemma="ser" pos="VERB">es</wf>
         <wf lemma="el" pos="X">el</wf>
         <wf lemma="único" pos="ADJ">único</wf>
         <instance id="d000.s099.t001" lemma="sistema" pos="NOUN">sistema</instance>
         <wf lemma="que" pos="X">que</wf>
         <wf lemma="permitir" pos="VERB">permitirá</wf>
         <wf lemma="que" pos="X">que</wf>
         <wf lemma="suyo" pos="X">su</wf>
         <instance id="d000.s099.t002" lemma="país" pos="NOUN">país</instance>
         <wf lemma="se" pos="X">se</wf>
         <wf lemma="desarrollar" pos="VERB">desarrolle</wf>
         <wf lemma="," pos="X">,</wf>
         <wf lemma="frente" pos="X">frente</wf>
         <wf lemma="al" pos="X">al</wf>
         <wf lemma="@card@" pos="X">47</wf>
         <wf lemma="%" pos="X">%</wf>
         <wf lemma="el" pos="X">el</wf>
         <instance id="d000.s099.t003" lemma="año" pos="NOUN">año</instance>
         <wf lemma="pasar" pos="VERB">pasado</wf>
         <wf lemma="." pos="X">.</wf>
      </sentence>
      <sentence id="d000.s100" source="semeval2013-es">
         <wf lemma="pero" pos="X">Pero</wf>
         <wf lemma="se" pos="X">se</wf>
         <wf lemma="tratar" pos="VERB">trata</wf>
         <wf lemma="de" pos="X">de</wf>
         <wf lemma="un" pos="X">una</wf>
         <instance id="d000.s100.t000" lemma="ventaja" pos="NOUN">ventaja</instance>
         <wf lemma="a" pos="X">a</wf>
         <wf lemma="largo" pos="ADJ">largo</wf>
         <instance id="d000.s100.t001" lemma="plazo" pos="NOUN">plazo</instance>
         <wf lemma="," pos="X">,</wf>
         <wf lemma="con" pos="X">con</wf>
         <wf lemma="un" pos="X">un</wf>
         <wf lemma="cierto" pos="X">cierto</wf>
         <wf lemma="grado" pos="NOUN">grado</wf>
         <wf lemma="de" pos="X">de</wf>
         <instance id="d000.s100.t002" lemma="indeterminación" pos="NOUN">indeterminación</instance>
         <wf lemma="," pos="X">,</wf>
         <wf lemma="pues" pos="X">pues</wf>
         <wf lemma="el" pos="X">el</wf>
         <instance id="d000.s100.t003" lemma="equipo" pos="NOUN">equipo</instance>
         <wf lemma="poder" pos="VERB">puede</wf>
         <wf lemma="quedar" pos="VERB">quedar</wf>
         <wf lemma="eliminar" pos="VERB">eliminado</wf>
         <wf lemma="a" pos="X">a</wf>
         <wf lemma="el" pos="X">las</wf>
         <wf lemma="primera" pos="NOUN">primeras</wf>
         <wf lemma="de" pos="X">de</wf>
         <wf lemma="cambio" pos="NOUN">cambio</wf>
         <wf lemma="," pos="X">,</wf>
         <wf lemma="y" pos="X">y</wf>
         <wf lemma="además" pos="ADV">además</wf>
         <wf lemma="con" pos="X">con</wf>
         <wf lemma="este" pos="X">esta</wf>
         <wf lemma="actuación" pos="NOUN">actuación</wf>
         <wf lemma="el" pos="X">los</wf>
         <instance id="d000.s100.t004" lemma="jugador" pos="NOUN">jugadores</instance>
         <wf lemma="cumplir" pos="VERB">cumplen</wf>
         <wf lemma="un" pos="X">un</wf>
         <wf lemma="partido" pos="NOUN">partido</wf>
         <wf lemma="de" pos="X">de</wf>
         <wf lemma="sanción" pos="NOUN">sanción</wf>
         <wf lemma="y" pos="X">y</wf>
         <wf lemma="pasar" pos="VERB">pasan</wf>
         <wf lemma="al" pos="X">al</wf>
         <wf lemma="segundo" pos="X">segundo</wf>
         <wf lemma="ciclo" pos="NOUN">ciclo</wf>
         <wf lemma="de" pos="X">de</wf>
         <wf lemma="tarjeta" pos="NOUN">tarjetas</wf>
         <wf lemma="," pos="X">,</wf>
         <wf lemma="en" pos="X">en</wf>
         <wf lemma="el" pos="X">el</wf>
         <wf lemma="que" pos="X">que</wf>
         <wf lemma="el" pos="X">la</wf>
         <wf lemma="suspensión" pos="NOUN">suspensión</wf>
         <wf lemma="por" pos="X">por</wf>
         <wf lemma="acumulación" pos="NOUN">acumulación</wf>
         <wf lemma="de" pos="X">de</wf>
         <wf lemma="tarjeta" pos="NOUN">tarjetas</wf>
         <wf lemma="se" pos="X">se</wf>
         <wf lemma="producir" pos="VERB">produce</wf>
         <wf lemma="con" pos="X">con</wf>
         <wf lemma="un" pos="X">una</wf>
         <wf lemma="menos" pos="ADV">menos</wf>
         <wf lemma="que" pos="X">que</wf>
         <wf lemma="en" pos="X">en</wf>
         <wf lemma="el" pos="X">el</wf>
         <wf lemma="primero" pos="X">primer</wf>
         <wf lemma="ciclo" pos="NOUN">ciclo</wf>
         <wf lemma="." pos="X">.</wf>
      </sentence>
      <sentence id="d000.s101" source="semeval2013-es">
         <wf lemma="pero" pos="X">Pero</wf>
         <wf lemma="suyo" pos="X">sus</wf>
         <instance id="d000.s101.t000" lemma="argumento" pos="NOUN">argumentos</instance>
         <wf lemma="sobre" pos="X">sobre</wf>
         <wf lemma="el" pos="X">el</wf>
         <instance id="d000.s101.t001" lemma="efecto" pos="NOUN">efecto</instance>
         <wf lemma="de" pos="X">de</wf>
         <wf lemma="el" pos="X">la</wf>
         <wf lemma="intenso" pos="ADJ">intensa</wf>
         <wf lemma="cobertura" pos="NOUN">cobertura</wf>
         <wf lemma="del" pos="X">del</wf>
         <wf lemma="proceso" pos="NOUN">proceso</wf>
         <wf lemma="poder" pos="VERB">pueden</wf>
         <wf lemma="atraer" pos="VERB">atraer</wf>
         <wf lemma="el" pos="X">la</wf>
         <instance id="d000.s101.t002" lemma="mayor_parte" pos="NOUN">mayor_parte</instance>
         <wf lemma="del" pos="X">del</wf>
         <wf lemma="interés" pos="NOUN">interés</wf>
         <wf lemma="." pos="X">.</wf>
      </sentence>
      <sentence id="d000.s102" source="semeval2013-es">
         <wf lemma="también" pos="ADV">También</wf>
         <wf lemma="el" pos="X">el</wf>
         <wf lemma="deutsche_bank" pos="NOUN">Deutsche_Bank</wf>
         <wf lemma="tener" pos="VERB">tiene</wf>
         <wf lemma="un" pos="X">una</wf>
         <instance id="d000.s102.t000" lemma="demanda" pos="NOUN">demanda</instance>
         <wf lemma="de" pos="X">de</wf>
         <wf lemma="el" pos="X">la</wf>
         <wf lemma="FHFA" pos="NOUN">FHFA</wf>
         <wf lemma="," pos="X">,</wf>
         <wf lemma="se" pos="X">se</wf>
         <wf lemma="tratar" pos="VERB">trata</wf>
         <wf lemma="de" pos="X">de</wf>
         <instance id="d000.s102.t001" lemma="negocio" pos="NOUN">negocios</instance>
         <wf lemma="por" pos="X">por</wf>
         <wf lemma="valor" pos="NOUN">valor</wf>
         <wf lemma="de" pos="X">de</wf>
         <wf lemma="@card@" pos="X">14,2</wf>
         <wf lemma="mil" pos="X">mil</wf>
         <wf lemma="millones" pos="X">millones</wf>
         <wf lemma="de" pos="X">de</wf>
         <instance id="d000.s102.t002" lemma="dólar" pos="NOUN">dólares</instance>
         <wf lemma="del" pos="X">del</wf>
         <instance id="d000.s102.t003" lemma="año" pos="NOUN">año</instance>
         <wf lemma="@card@" pos="X">2005</wf>
         <wf lemma="al" pos="X">al</wf>
         <wf lemma="@card@" pos="X">2007</wf>
         <wf lemma="." pos="X">.</wf>
      </sentence>
      <sentence id="d000.s103" source="semeval2013-es">
         <wf lemma="haber" pos="VERB">Había</wf>
         <wf lemma="medio" pos="X">media</wf>
         <wf lemma="docena" pos="NOUN">docena</wf>
         <wf lemma="de" pos="X">de</wf>
         <wf lemma="él" pos="X">ellos</wf>
         <wf lemma="&quot;" pos="X">&quot;</wf>
         <wf lemma="chateando" pos="NOUN">chateando</wf>
         <wf lemma="&quot;" pos="X">&quot;</wf>
         <wf lemma="en" pos="X">en</wf>
         <wf lemma="el" pos="X">las</wf>
         <wf lemma="fila" pos="NOUN">filas</wf>
         <wf lemma="de" pos="X">de</wf>
         <wf lemma="el" pos="X">la</wf>
         <wf lemma="sala" pos="NOUN">sala</wf>
         <wf lemma="del" pos="X">del</wf>
         <instance id="d000.s103.t000" lemma="tribunal" pos="NOUN">tribunal</instance>
         <wf lemma="." pos="X">.</wf>
      </sentence>
      <sentence id="d000.s104" source="semeval2013-es">
         <wf lemma="el" pos="X">La</wf>
         <wf lemma="intensidad" pos="NOUN">intensidad</wf>
         <wf lemma="sólo" pos="ADV">sólo</wf>
         <wf lemma="construir" pos="VERB">construye</wf>
         <wf lemma=":" pos="X">:</wf>
         <wf lemma="casi" pos="ADV">casi</wf>
         <wf lemma="todo" pos="X">todos</wf>
         <wf lemma="el" pos="X">los</wf>
         <instance id="d000.s104.t000" lemma="ministro" pos="NOUN">ministros</instance>
         <wf lemma="clave" pos="ADJ">clave</wf>
         <wf lemma="estar" pos="VERB">están</wf>
         <wf lemma="aquí" pos="ADV">aquí</wf>
         <wf lemma="en" pos="X">en</wf>
         <wf lemma="este" pos="X">este</wf>
         <instance id="d000.s104.t001" lemma="momento" pos="NOUN">momento</instance>
         <wf lemma="," pos="X">,</wf>
         <wf lemma="y" pos="X">y</wf>
         <wf lemma="el" pos="X">el</wf>
         <instance id="d000.s104.t002" lemma="miércoles" pos="NOUN">miércoles</instance>
         <wf lemma="@card@" pos="X">60</wf>
         <wf lemma="jefe_de_gobierno" pos="NOUN">jefes_de_gobierno</wf>
         <wf lemma="estar" pos="VERB">estarán</wf>
         <wf lemma="en" pos="X">en</wf>
         <instance id="d000.s104.t003" lemma="Copenhague" pos="NOUN">Copenhague</instance>
         <wf lemma="." pos="X">.</wf>
      </sentence>
      <sentence id="d000.s105" source="semeval2013-es">
         <wf lemma="no" pos="NOUN">No</wf>
         <wf lemma="ser" pos="VERB">es</wf>
         <wf lemma="nada" pos="X">nada</wf>
         <wf lemma="nuevo" pos="ADJ">nuevo</wf>
         <wf lemma=":" pos="X">:</wf>
         <wf lemma="el" pos="X">Los</wf>
         <wf lemma="dos" pos="X">dos</wf>
         <instance id="d000.s105.t000" lemma="juez" pos="NOUN">jueces</instance>
         <wf lemma="haber" pos="VERB">han</wf>
         <wf lemma="estar" pos="VERB">estado</wf>
         <wf lemma="asistir" pos="VERB">asistiendo</wf>
         <wf lemma="a" pos="X">a</wf>
         <instance id="d000.s105.t001" lemma="evento" pos="NOUN">eventos</instance>
         <wf lemma="de" pos="X">de</wf>
         <wf lemma="el" pos="X">la</wf>
         <wf lemma="sociedad" pos="NOUN">Sociedad</wf>
         <wf lemma="Federalista" pos="ADJ">Federalista</wf>
         <wf lemma="durante" pos="X">durante</wf>
         <instance id="d000.s105.t002" lemma="año" pos="NOUN">años</instance>
         <wf lemma="." pos="X">.</wf>
      </sentence>
      <sentence id="d000.s106" source="semeval2013-es">
         <wf lemma="suyo" pos="X">Su</wf>
         <wf lemma="aparición" pos="NOUN">aparición</wf>
         <wf lemma="y" pos="X">y</wf>
         <wf lemma="asistencia" pos="NOUN">asistencia</wf>
         <wf lemma="en" pos="X">en</wf>
         <wf lemma="el" pos="X">la</wf>
         <instance id="d000.s106.t000" lemma="recaudación_de_fondos" pos="NOUN">recaudación_de_fondos</instance>
         <wf lemma="para" pos="X">para</wf>
         <wf lemma="este" pos="X">este</wf>
         <instance id="d000.s106.t001" lemma="evento" pos="NOUN">evento</instance>
         <wf lemma="socavar" pos="VERB">socava</wf>
         <wf lemma="cualquier" pos="X">cualquier</wf>
         <instance id="d000.s106.t002" lemma="demanda" pos="NOUN">demanda</instance>
         <wf lemma="de" pos="X">de</wf>
         <instance id="d000.s106.t003" lemma="imparcialidad" pos="NOUN">imparcialidad</instance>
         <wf lemma="," pos="X">,</wf>
         <wf lemma="y" pos="X">y</wf>
         <wf lemma="ser" pos="VERB">es</wf>
         <wf lemma="inaceptable" pos="ADJ">inaceptable</wf>
         <wf lemma="." pos="X">.</wf>
      </sentence>
      <sentence id="d000.s107" source="semeval2013-es">
         <wf lemma="el" pos="X">Las</wf>
         <wf lemma="compañía" pos="NOUN">compañías</wf>
         <wf lemma="ruso" pos="ADJ">rusas</wf>
         <wf lemma="Lukoil" pos="NOUN">Lukoil</wf>
         <wf lemma="y" pos="X">y</wf>
         <wf lemma="Gazprom" pos="NOUN">Gazprom</wf>
         <wf lemma="ser" pos="VERB">fueron</wf>
         <wf lemma="el" pos="X">los</wf>
         <wf lemma="principal" pos="ADJ">principales</wf>
         <wf lemma="protagonista" pos="NOUN">protagonistas</wf>
         <wf lemma="en" pos="X">en</wf>
         <wf lemma="dos" pos="X">dos</wf>
         <wf lemma="de" pos="X">de</wf>
         <wf lemma="el" pos="X">los</wf>
         <instance id="d000.s107.t000" lemma="contrato" pos="NOUN">contratos</instance>
         <wf lemma="conceder" pos="VERB">concedidos</wf>
         <wf lemma="este" pos="X">este</wf>
         <instance id="d000.s107.t001" lemma="fin_de_semana" pos="NOUN">fin_de_semana</instance>
         <wf lemma="." pos="X">.</wf>
      </sentence>
      <sentence id="d000.s108" source="semeval2013-es">
         <wf lemma="sin" pos="X">Sin</wf>
         <wf lemma="embargo" pos="NOUN">embargo</wf>
         <wf lemma="," pos="X">,</wf>
         <wf lemma="el" pos="X">la</wf>
         <instance id="d000.s108.t000" lemma="proximidad" pos="NOUN">proximidad</instance>
         <wf lemma="absoluto" pos="ADJ">absoluta</wf>
         <wf lemma="de" pos="X">de</wf>
         <wf lemma="Scalia" pos="NOUN">Scalia</wf>
         <wf lemma="y" pos="X">y</wf>
         <wf lemma="Thomas" pos="NOUN">Thomas</wf>
         <wf lemma="a" pos="X">a</wf>
         <wf lemma="dos" pos="X">dos</wf>
         <wf lemma="de" pos="X">de</wf>
         <wf lemma="el" pos="X">los</wf>
         <instance id="d000.s108.t001" lemma="bufete_de_abogados" pos="NOUN">bufetes_de_abogados</instance>
         <wf lemma="en" pos="X">en</wf>
         <wf lemma="el" pos="X">el</wf>
         <wf lemma="caso" pos="NOUN">caso</wf>
         <wf lemma="," pos="X">,</wf>
         <wf lemma="así" pos="ADV">así</wf>
         <wf lemma="como" pos="X">como</wf>
         <wf lemma="a" pos="X">a</wf>
         <wf lemma="un" pos="X">una</wf>
         <instance id="d000.s108.t002" lemma="empresa" pos="NOUN">empresa</instance>
         <wf lemma="con" pos="X">con</wf>
         <wf lemma="un" pos="X">un</wf>
         <wf lemma="enorme" pos="ADJ">enorme</wf>
         <wf lemma="interés" pos="NOUN">interés</wf>
         <wf lemma="financiero" pos="ADJ">financiero</wf>
         <wf lemma="," pos="X">,</wf>
         <wf lemma="ser" pos="VERB">fue</wf>
         <wf lemma="suficiente" pos="ADJ">suficiente</wf>
         <wf lemma="para" pos="X">para</wf>
         <wf lemma="alarmar" pos="VERB">alarmar</wf>
         <wf lemma="a" pos="X">a</wf>
         <wf lemma="el" pos="X">los</wf>
         <instance id="d000.s108.t003" lemma="activista" pos="NOUN">activistas</instance>
         <wf lemma="de" pos="X">de</wf>
         <instance id="d000.s108.t004" lemma="ética" pos="NOUN">ética</instance>
         <wf lemma="en" pos="X">en</wf>
         <wf lemma="el" pos="X">el</wf>
         <instance id="d000.s108.t005" lemma="gobierno" pos="NOUN">gobierno</instance>
         <wf lemma="." pos="X">.</wf>
      </sentence>
      <sentence id="d000.s109" source="semeval2015-es">
         <instance id="d000.s109.t000" lemma="ctrl" pos="NOUN">Ctrl</instance>
         <instance id="d000.s109.t001" lemma="g" pos="NOUN">G</instance>
         <instance id="d000.s109.t002" lemma="guardar" pos="VERB">Guardar</instance>
         <wf pos="X">el</wf>
         <wf lemma="guión" pos="NOUN">guión</wf>
      </sentence>
      <sentence id="d000.s110" source="semeval2013-es">
         <wf lemma="y" pos="X">Y</wf>
         <wf lemma="el" pos="X">la</wf>
         <instance id="d000.s110.t000" lemma="esposa" pos="NOUN">esposa</instance>
         <wf lemma="de" pos="X">de</wf>
         <wf lemma="Thomas" pos="NOUN">Thomas</wf>
         <wf lemma="," pos="X">,</wf>
         <wf lemma="Ginni" pos="NOUN">Ginni</wf>
         <wf lemma="," pos="X">,</wf>
         <wf lemma="ser" pos="VERB">es</wf>
         <wf lemma="un" pos="X">una</wf>
         <wf lemma="destacar" pos="VERB">destacada</wf>
         <instance id="d000.s110.t001" lemma="activista" pos="NOUN">activista</instance>
         <wf lemma="conservador" pos="ADJ">conservadora</wf>
         <wf lemma="." pos="X">.</wf>
      </sentence>
      <sentence id="d000.s111" source="semeval2013-es">
         <wf lemma="el" pos="X">El</wf>
         <instance id="d000.s111.t000" lemma="rendimiento" pos="NOUN">rendimiento</instance>
         <wf lemma="del" pos="X">del</wf>
         <instance id="d000.s111.t001" lemma="bono" pos="NOUN">bono</instance>
         <wf lemma="del" pos="X">del</wf>
         <instance id="d000.s111.t002" lemma="tesoro" pos="NOUN">Tesoro</instance>
         <wf lemma="a" pos="X">a</wf>
         <wf lemma="@card@" pos="X">10</wf>
         <instance id="d000.s111.t003" lemma="año" pos="NOUN">años</instance>
         <wf lemma="ascender" pos="VERB">ascendió</wf>
         <wf lemma="al" pos="X">al</wf>
         <wf lemma="@card@" pos="X">3,540</wf>
         <wf lemma="%" pos="X">%</wf>
         <wf lemma="contra" pos="X">contra</wf>
         <wf lemma="@card@" pos="X">3,482</wf>
         <wf lemma="%" pos="X">%</wf>
         <wf lemma="el" pos="X">el</wf>
         <instance id="d000.s111.t004" lemma="miércoles" pos="NOUN">miércoles</instance>
         <wf lemma="por" pos="X">por</wf>
         <wf lemma="el" pos="X">la</wf>
         <instance id="d000.s111.t005" lemma="noche" pos="NOUN">noche</instance>
         <wf lemma="," pos="X">,</wf>
         <wf lemma="y" pos="X">y</wf>
         <wf lemma="el" pos="X">el</wf>
         <wf lemma="del" pos="X">del</wf>
         <instance id="d000.s111.t006" lemma="bono" pos="NOUN">bono</instance>
         <wf lemma="a" pos="X">a</wf>
         <wf lemma="@card@" pos="X">30</wf>
         <instance id="d000.s111.t007" lemma="año" pos="NOUN">años</instance>
         <wf lemma="a" pos="X">a</wf>
         <wf lemma="@card@" pos="X">4,497</wf>
         <wf lemma="%" pos="X">%</wf>
         <wf lemma="contra" pos="X">contra</wf>
         <wf lemma="@card@" pos="X">4,492</wf>
         <wf lemma="%" pos="X">%</wf>
         <wf lemma="el" pos="X">la</wf>
         <wf lemma="víspera" pos="NOUN">víspera</wf>
         <wf lemma="." pos="X">.</wf>
      </sentence>
      <sentence id="d000.s112" source="semeval2013-es">
         <instance id="d000.s112.t000" lemma="la_unión_europea" pos="NOUN">La_Unión_Europea</instance>
         <wf lemma="también" pos="ADV">también</wf>
         <wf lemma="estimular" pos="VERB">estimuló</wf>
         <wf lemma="el" pos="X">las</wf>
         <instance id="d000.s112.t001" lemma="conversación" pos="NOUN">conversaciones</instance>
         <wf lemma="el" pos="X">el</wf>
         <instance id="d000.s112.t002" lemma="viernes" pos="NOUN">viernes</instance>
         <wf lemma="," pos="X">,</wf>
         <wf lemma="prometer" pos="VERB">prometiendo</wf>
         <wf lemma="proporcionar" pos="VERB">proporcionar</wf>
         <wf lemma="@card@" pos="X">3.600</wf>
         <wf lemma="millones" pos="X">millones</wf>
         <wf lemma="de" pos="X">de</wf>
         <instance id="d000.s112.t003" lemma="dólar" pos="NOUN">dólares</instance>
         <wf lemma="anual" pos="ADJ">anuales</wf>
         <wf lemma="durante" pos="X">durante</wf>
         <wf lemma="el" pos="X">los</wf>
         <wf lemma="próximo" pos="ADJ">próximos</wf>
         <wf lemma="tres" pos="X">tres</wf>
         <instance id="d000.s112.t004" lemma="año" pos="NOUN">años</instance>
         <wf lemma="," pos="X">,</wf>
         <wf lemma="para" pos="X">para</wf>
         <wf lemma="ayudar" pos="VERB">ayudar</wf>
         <wf lemma="a" pos="X">a</wf>
         <wf lemma="el" pos="X">los</wf>
         <instance id="d000.s112.t005" lemma="país" pos="NOUN">países</instance>
         <wf lemma="más" pos="ADV">más</wf>
         <wf lemma="pobre" pos="ADJ">pobres</wf>
         <wf lemma="a" pos="X">a</wf>
         <wf lemma="adaptarse" pos="VERB">adaptarse</wf>
         <wf lemma="al" pos="X">al</wf>
         <wf lemma="impacto" pos="NOUN">impacto</wf>
         <wf lemma="del" pos="X">del</wf>
         <instance id="d000.s112.t006" lemma="cambio_climático" pos="NOUN">cambio_climático</instance>
         <wf lemma="," pos="X">,</wf>
         <wf lemma="desde" pos="X">desde</wf>
         <wf lemma="el" pos="X">las</wf>
         <instance id="d000.s112.t007" lemma="inundación" pos="NOUN">inundaciones</instance>
         <wf lemma="y" pos="X">y</wf>
         <instance id="d000.s112.t008" lemma="sequía" pos="NOUN">sequías</instance>
         <wf lemma="hasta" pos="X">hasta</wf>
         <wf lemma="el" pos="X">la</wf>
         <instance id="d000.s112.t009" lemma="deforestación" pos="NOUN">deforestación</instance>
         <wf lemma="." pos="X">.</wf>
      </sentence>
      <sentence id="d000.s113" source="semeval2013-es">
         <wf lemma="en" pos="X">En</wf>
         <wf lemma="@card@" pos="X">2005</wf>
         <wf lemma="," pos="X">,</wf>
         <wf lemma="tanto" pos="ADV">tanto</wf>
         <wf lemma="el" pos="X">la</wf>
         <instance id="d000.s113.t000" lemma="izquierda" pos="NOUN">izquierda</instance>
         <wf lemma="como" pos="X">como</wf>
         <wf lemma="el" pos="X">la</wf>
         <instance id="d000.s113.t001" lemma="derecha" pos="NOUN">derecha</instance>
         <wf lemma="compartir" pos="VERB">compartían</wf>
         <wf lemma="el" pos="X">el</wf>
         <instance id="d000.s113.t002" lemma="temor" pos="NOUN">temor</instance>
         <wf lemma="a" pos="X">a</wf>
         <wf lemma="el" pos="X">la</wf>
         <instance id="d000.s113.t003" lemma="invasión" pos="NOUN">invasión</instance>
         <wf lemma="del" pos="X">del</wf>
         <wf lemma="territorio_nacional" pos="NOUN">territorio_nacional</wf>
         <wf lemma="por" pos="X">por</wf>
         <wf lemma="un" pos="X">una</wf>
         <instance id="d000.s113.t004" lemma="multitud" pos="NOUN">multitud</instance>
         <wf lemma="de" pos="X">de</wf>
         <instance id="d000.s113.t005" lemma="fontanero" pos="NOUN">fontaneros</instance>
         <wf lemma="polaco" pos="ADJ">polacos</wf>
         <wf lemma="." pos="X">.</wf>
      </sentence>
      <sentence id="d000.s114" source="semeval2013-es">
         <wf lemma="Casillas" pos="NOUN">Casillas</wf>
         <wf lemma="jugar" pos="VERB">jugará</wf>
         <wf lemma="hoy" pos="ADV">hoy</wf>
         <wf lemma="ante" pos="X">ante</wf>
         <wf lemma="el" pos="X">la</wf>
         <wf lemma="Tricolor" pos="NOUN">Tricolor</wf>
         <wf lemma="e" pos="X">e</wf>
         <wf lemma="imponer" pos="VERB">impondrán</wf>
         <wf lemma="un" pos="X">un</wf>
         <wf lemma="nuevo" pos="ADJ">nuevo</wf>
         <instance id="d000.s114.t000" lemma="récord" pos="NOUN">récord</instance>
         <wf lemma="para" pos="X">para</wf>
         <instance id="d000.s114.t001" lemma="España" pos="NOUN">España</instance>
         <wf lemma="de" pos="X">de</wf>
         <wf lemma="@card@" pos="X">127</wf>
         <wf lemma="internacionalidades" pos="NOUN">internacionalidades</wf>
         <wf lemma="." pos="X">.</wf>
      </sentence>
      <sentence id="d000.s115" source="semeval2015-es">
         <wf lemma="alimta" pos="NOUN">Alimta</wf>
         <instance id="d000.s115.t000" lemma="prolongar" pos="VERB">prolongó</instance>
         <wf pos="X">el</wf>
         <instance id="d000.s115.t001" lemma="tiempo" pos="NOUN">tiempo</instance>
         <wf pos="X">de</wf>
         <instance id="d000.s115.t002" lemma="supervivencia" pos="NOUN">supervivencia</instance>
         <wf pos="X">de</wf>
         <wf pos="X">los</wf>
         <instance id="d000.s115.t003" lemma="paciente" pos="NOUN">pacientes</instance>
         <wf pos="X">con</wf>
         <instance id="d000.s115.t004" lemma="mesotelioma" pos="NOUN">mesotelioma</instance>
         <instance id="d000.s115.t005" lemma="pleural" pos="ADJ">pleural</instance>
         <instance id="d000.s115.t006" lemma="maligno" pos="ADJ">maligno</instance>
         <wf pos="X">.</wf>
      </sentence>
      <sentence id="d000.s116" source="semeval2013-es">
         <wf lemma="y" pos="X">Y</wf>
         <wf lemma="también" pos="ADV">también</wf>
         <wf lemma="el" pos="X">el</wf>
         <instance id="d000.s116.t000" lemma="grupo" pos="NOUN">grupo</instance>
         <wf lemma="Citi" pos="NOUN">Citi</wf>
         <wf lemma="planear" pos="VERB">planea</wf>
         <wf lemma="devolver" pos="VERB">devolver</wf>
         <wf lemma="él" pos="X">las</wf>
         <wf lemma="ayudar" pos="VERB">ayudas</wf>
         <wf lemma="estatal" pos="ADJ">estatales</wf>
         <wf lemma="," pos="X">,</wf>
         <wf lemma="según" pos="X">según</wf>
         <wf lemma="un" pos="X">un</wf>
         <instance id="d000.s116.t001" lemma="informe" pos="NOUN">informe</instance>
         <wf lemma="de" pos="X">de</wf>
         <wf lemma="el" pos="X">la</wf>
         <wf lemma="CNBC" pos="NOUN">CNBC</wf>
         <wf lemma="de" pos="X">de</wf>
         <instance id="d000.s116.t002" lemma="estados_unidos" pos="NOUN">Estados_Unidos</instance>
         <wf lemma="." pos="X">.</wf>
      </sentence>
      <sentence id="d000.s117" source="semeval2013-es">
         <wf lemma="el" pos="X">El</wf>
         <wf lemma="partido" pos="NOUN">partido</wf>
         <wf lemma="comenzar" pos="VERB">comenzó</wf>
         <wf lemma="de" pos="X">de</wf>
         <wf lemma="cara" pos="NOUN">cara</wf>
         <wf lemma="para" pos="X">para</wf>
         <wf lemma="el" pos="X">los</wf>
         <wf lemma="azulgranas" pos="NOUN">azulgranas</wf>
         <wf lemma="," pos="X">,</wf>
         <wf lemma="que" pos="X">que</wf>
         <wf lemma="se" pos="X">se</wf>
         <wf lemma="poner" pos="VERB">pusieron</wf>
         <wf lemma="desde" pos="X">desde</wf>
         <wf lemma="el" pos="X">el</wf>
         <wf lemma="inicio" pos="NOUN">inicio</wf>
         <wf lemma="por" pos="X">por</wf>
         <wf lemma="delante" pos="ADV">delante</wf>
         <wf lemma="en" pos="X">en</wf>
         <wf lemma="el" pos="X">el</wf>
         <instance id="d000.s117.t000" lemma="marcador" pos="NOUN">marcador</instance>
         <wf lemma="." pos="X">.</wf>
      </sentence>
      <sentence id="d000.s118" source="semeval2013-es">
         <wf lemma="el" pos="X">Los</wf>
         <wf lemma="grande" pos="ADJ">grandes</wf>
         <instance id="d000.s118.t000" lemma="banco" pos="NOUN">bancos</instance>
         <wf lemma="estadounidense" pos="ADJ">estadounidenses</wf>
         <wf lemma="sacudir" pos="VERB">sacudidos</wf>
         <wf lemma="por" pos="X">por</wf>
         <wf lemma="el" pos="X">la</wf>
         <instance id="d000.s118.t001" lemma="crisis" pos="NOUN">crisis</instance>
         <wf lemma="se" pos="X">se</wf>
         <wf lemma="despojan" pos="VERB">despojan</wf>
         <wf lemma="de" pos="X">de</wf>
         <wf lemma="suyo" pos="X">sus</wf>
         <wf lemma="ataduras" pos="NOUN">ataduras</wf>
         <wf lemma="estatal" pos="ADJ">estatales</wf>
         <wf lemma="." pos="X">.</wf>
      </sentence>
      <sentence id="d000.s119" source="semeval2013-es">
         <wf lemma="Scalia" pos="NOUN">Scalia</wf>
         <wf lemma="y" pos="X">y</wf>
         <wf lemma="Thomas" pos="NOUN">Thomas</wf>
         <wf lemma="cenar" pos="VERB">cenan</wf>
         <wf lemma="con" pos="X">con</wf>
         <wf lemma="el" pos="X">los</wf>
         <instance id="d000.s119.t000" lemma="rival" pos="NOUN">rivales</instance>
         <wf lemma="de" pos="X">de</wf>
         <wf lemma="el" pos="X">la</wf>
         <instance id="d000.s119.t001" lemma="ley" pos="NOUN">ley</instance>
         <wf lemma="de" pos="X">de</wf>
         <instance id="d000.s119.t002" lemma="asistencia_sanitaria" pos="NOUN">asistencia_sanitaria</instance>
         <wf lemma="mientras" pos="X">mientras</wf>
         <wf lemma="el" pos="X">el</wf>
         <instance id="d000.s119.t003" lemma="tribunal" pos="NOUN">tribunal</instance>
         <wf lemma="aceptar" pos="VERB">acepta</wf>
         <wf lemma="el" pos="X">el</wf>
         <wf lemma="caso" pos="NOUN">caso</wf>
      </sentence>
      <sentence id="d000.s120" source="semeval2013-es">
         <wf lemma="por" pos="ADV">Por</wf>
         <wf lemma="ejemplo" pos="ADV">ejemplo</wf>
         <wf lemma="," pos="X">,</wf>
         <wf lemma="en" pos="X">en</wf>
         <instance id="d000.s120.t000" lemma="Perú" pos="NOUN">Perú</instance>
         <wf lemma="," pos="X">,</wf>
         <wf lemma="donde" pos="ADV">donde</wf>
         <wf lemma="el" pos="X">el</wf>
         <instance id="d000.s120.t001" lemma="crecimiento_económico" pos="NOUN">crecimiento_económico</instance>
         <wf lemma="haber" pos="VERB">ha</wf>
         <wf lemma="alcanzar" pos="VERB">alcanzado</wf>
         <wf lemma="un" pos="X">una</wf>
         <wf lemma="medio" pos="X">media</wf>
         <wf lemma="del" pos="X">del</wf>
         <wf lemma="6" pos="X">6</wf>
         <wf lemma="%" pos="X">%</wf>
         <wf lemma="anual" pos="ADJ">anual</wf>
         <wf lemma="desde" pos="X">desde</wf>
         <wf lemma="@card@" pos="X">2002</wf>
         <wf lemma="," pos="X">,</wf>
         <wf lemma="el" pos="X">el</wf>
         <wf lemma="apoyo" pos="NOUN">apoyo</wf>
         <wf lemma="a" pos="X">a</wf>
         <wf lemma="el" pos="X">la</wf>
         <instance id="d000.s120.t002" lemma="democracia" pos="NOUN">democracia</instance>
         <wf lemma="haber" pos="VERB">ha</wf>
         <wf lemma="aumentar" pos="VERB">aumentado</wf>
         <wf lemma="desde" pos="X">desde</wf>
         <wf lemma="un" pos="X">un</wf>
         <wf lemma="reducido" pos="ADJ">reducido</wf>
         <wf lemma="@card@" pos="X">40</wf>
         <wf lemma="%" pos="X">%</wf>
         <wf lemma="en" pos="X">en</wf>
         <wf lemma="@card@" pos="X">2005</wf>
         <wf lemma="al" pos="X">al</wf>
         <wf lemma="@card@" pos="X">61</wf>
         <wf lemma="%" pos="X">%</wf>
         <wf lemma="este" pos="X">este</wf>
         <instance id="d000.s120.t003" lemma="año" pos="NOUN">año</instance>
         <wf lemma="." pos="X">.</wf>
      </sentence>
      <sentence id="d000.s121" source="semeval2013-es">
         <wf lemma="el" pos="X">La</wf>
         <wf lemma="único" pos="ADJ">única</wf>
         <instance id="d000.s121.t000" lemma="diferencia" pos="NOUN">diferencia</instance>
         <wf lemma="ser" pos="VERB">es</wf>
         <wf lemma="en" pos="X">en</wf>
         <wf lemma="el" pos="X">el</wf>
         <wf lemma="grado" pos="NOUN">grado</wf>
         <wf lemma="de" pos="X">de</wf>
         <instance id="d000.s121.t001" lemma="generosidad" pos="NOUN">generosidad</instance>
         <wf lemma="con" pos="X">con</wf>
         <wf lemma="el" pos="X">la</wf>
         <wf lemma="que" pos="X">que</wf>
         <wf lemma="actuar" pos="VERB">actúan</wf>
         <wf lemma="con" pos="X">con</wf>
         <wf lemma="respecto" pos="NOUN">respecto</wf>
         <wf lemma="a" pos="X">a</wf>
         <wf lemma="el" pos="X">los</wf>
         <instance id="d000.s121.t002" lemma="inmigrante" pos="NOUN">inmigrantes</instance>
         <wf lemma="." pos="X">.</wf>
      </sentence>
      <sentence id="d000.s122" source="semeval2015-es">
         <wf pos="X">Cuando</wf>
         <wf lemma="introducimos" pos="VERB">introducimos</wf>
         <wf pos="X">la</wf>
         <instance id="d000.s122.t000" lemma="condición" pos="NOUN">condición</instance>
         <wf pos="X">antes</wf>
         <wf pos="X">del</wf>
         <instance id="d000.s122.t001" lemma="símbolo" pos="NOUN">símbolo</instance>
         <wf pos="X">«</wf>
         <wf pos="X">?</wf>
         <wf pos="X">»</wf>
         <wf pos="X">,</wf>
         <wf lemma="kalgebra" pos="NOUN">kalgebra</wf>
         <instance id="d000.s122.t002" lemma="utilizar" pos="VERB">utiliza</instance>
         <wf pos="X">esta</wf>
         <instance id="d000.s122.t003" lemma="condición" pos="NOUN">condición</instance>
         <wf lemma="solo" pos="ADV">solo</wf>
         <wf pos="X">si</wf>
         <wf lemma="ser" pos="VERB">es</wf>
         <instance id="d000.s122.t004" lemma="verdadero" pos="ADJ">verdadera</instance>
         <wf lemma="en~cambio" pos="ADV">en cambio</wf>
         <wf pos="X">,</wf>
         <wf pos="X">si</wf>
         <instance id="d000.s122.t005" lemma="encontrar" pos="VERB">encuentra</instance>
         <wf pos="X">un</wf>
         <instance id="d000.s122.t006" lemma="símbolo" pos="NOUN">símbolo</instance>
         <wf pos="X">«</wf>
         <wf pos="X">?</wf>
         <wf pos="X">»</wf>
         <wf pos="X">sin</wf>
         <wf pos="X">ninguna</wf>
         <instance id="d000.s122.t007" lemma="condición" pos="NOUN">condición</instance>
         <wf pos="X">,</wf>
         <instance id="d000.s122.t008" lemma="tomar" pos="VERB">toma</instance>
         <wf pos="X">en</wf>
         <wf lemma="cuenta" pos="NOUN">cuenta</wf>
         <wf pos="X">el</wf>
         <instance id="d000.s122.t009" lemma="último" pos="ADJ">último</instance>
         <wf lemma="caso" pos="NOUN">caso</wf>
         <wf pos="X">.</wf>
      </sentence>
      <sentence id="d000.s123" source="semeval2015-es">
         <wf lemma="¿qué" pos="VERB">¿Qué</wf>
         <instance id="d000.s123.t000" lemma="tipo" pos="NOUN">tipo</instance>
         <wf pos="X">de</wf>
         <instance id="d000.s123.t001" lemma="estudio" pos="NOUN">estudios</instance>
         <wf pos="X">se</wf>
         <wf lemma="haber" pos="VERB">han</wf>
         <instance id="d000.s123.t002" lemma="realizar" pos="VERB">realizado</instance>
         <wf pos="X">sobre</wf>
         <wf lemma="cerenia" pos="NOUN">Cerenia</wf>
         <wf pos="X">?</wf>
      </sentence>
      <sentence id="d000.s124" source="semeval2013-es">
         <wf lemma="el" pos="X">Los</wf>
         <instance id="d000.s124.t000" lemma="inmigrante" pos="NOUN">inmigrantes</instance>
         <wf lemma="poco" pos="ADV">poco</wf>
         <wf lemma="cualificar" pos="VERB">cualificados</wf>
         <wf lemma="trabajar" pos="VERB">trabajan</wf>
         <wf lemma="en" pos="X">en</wf>
         <wf lemma="sector" pos="NOUN">sectores</wf>
         <wf lemma="que" pos="X">que</wf>
         <wf lemma="no" pos="NOUN">no</wf>
         <wf lemma="atraer" pos="VERB">atraen</wf>
         <wf lemma="a" pos="X">a</wf>
         <instance id="d000.s124.t001" lemma="trabajador" pos="NOUN">trabajadores</instance>
         <wf lemma="nacional" pos="ADJ">nacionales</wf>
         <wf lemma="y" pos="X">y</wf>
         <wf lemma="el" pos="X">los</wf>
         <wf lemma="más" pos="ADV">más</wf>
         <wf lemma="cualificar" pos="VERB">cualificados</wf>
         <wf lemma="en" pos="X">en</wf>
         <wf lemma="sector" pos="NOUN">sectores</wf>
         <wf lemma="dinámico" pos="ADJ">dinámicos</wf>
         <wf lemma="donde" pos="ADV">donde</wf>
         <wf lemma="el" pos="X">la</wf>
         <wf lemma="formación" pos="NOUN">formación</wf>
         <wf lemma="no" pos="NOUN">no</wf>
         <wf lemma="satisfacer" pos="VERB">satisface</wf>
         <wf lemma="el" pos="X">la</wf>
         <instance id="d000.s124.t002" lemma="demanda" pos="NOUN">demanda</instance>
         <wf lemma="de" pos="X">de</wf>
         <instance id="d000.s124.t003" lemma="personal" pos="NOUN">personal</instance>
         <wf lemma="." pos="X">.</wf>
      </sentence>
      <sentence id="d000.s125" source="semeval2013-es">
         <wf lemma="por" pos="X">Por</wf>
         <wf lemma="otro" pos="X">otra</wf>
         <wf lemma="parte" pos="NOUN">parte</wf>
         <wf lemma="," pos="X">,</wf>
         <wf lemma="el" pos="X">los</wf>
         <instance id="d000.s125.t000" lemma="conservador" pos="NOUN">conservadores</instance>
         <wf lemma="argumentar" pos="VERB">argumentan</wf>
         <wf lemma="que" pos="X">que</wf>
         <wf lemma="ser" pos="VERB">es</wf>
         <wf lemma="el" pos="X">la</wf>
         <instance id="d000.s125.t001" lemma="magistrado" pos="NOUN">magistrada</instance>
         <wf lemma="elena_kagan" pos="NOUN">Elena_Kagan</wf>
         <wf lemma="," pos="X">,</wf>
         <wf lemma="el" pos="X">la</wf>
         <wf lemma="que" pos="X">que</wf>
         <wf lemma="tener" pos="VERB">tiene</wf>
         <wf lemma="un" pos="X">un</wf>
         <instance id="d000.s125.t002" lemma="problema" pos="NOUN">problema</instance>
         <wf lemma="ético" pos="ADJ">ético</wf>
         <wf lemma="," pos="X">,</wf>
         <wf lemma="no" pos="NOUN">no</wf>
         <wf lemma="Scalia" pos="NOUN">Scalia</wf>
         <wf lemma="y" pos="X">y</wf>
         <wf lemma="Thomas" pos="NOUN">Thomas</wf>
         <wf lemma="." pos="X">.</wf>
      </sentence>
      <sentence id="d000.s126" source="semeval2013-es">
         <wf lemma="el" pos="X">El</wf>
         <wf lemma="&quot;" pos="X">&quot;</wf>
         <wf lemma="bank_of_america" pos="NOUN">Bank_of_America</wf>
         <wf lemma="&quot;" pos="X">&quot;</wf>
         <wf lemma="haber" pos="VERB">había</wf>
         <wf lemma="conseguir" pos="VERB">conseguido</wf>
         <wf lemma="aproximadamente" pos="ADV">aproximadamente</wf>
         <wf lemma="@card@" pos="X">19</wf>
         <wf lemma="mil" pos="X">mil</wf>
         <wf lemma="millones" pos="X">millones</wf>
         <wf lemma="de" pos="X">de</wf>
         <instance id="d000.s126.t000" lemma="dinero" pos="NOUN">dinero</instance>
         <wf lemma="líquido" pos="ADJ">líquido</wf>
         <wf lemma="a" pos="X">a</wf>
         <wf lemma="través" pos="NOUN">través</wf>
         <wf lemma="de" pos="X">de</wf>
         <instance id="d000.s126.t001" lemma="bono" pos="NOUN">bonos</instance>
         <wf lemma="convertible" pos="ADJ">convertibles</wf>
         <wf lemma="." pos="X">.</wf>
      </sentence>
      <sentence id="d000.s127" source="semeval2015-es">
         <wf pos="X">En</wf>
         <wf pos="X">cuanto</wf>
         <wf pos="X">al</wf>
         <wf lemma="tratamiento" pos="NOUN">tratamiento</wf>
         <wf pos="X">del</wf>
         <instance id="d000.s127.t000" lemma="cáncer_de_pulmón" pos="NOUN">cáncer_de_pulmón</instance>
         <wf lemma="no" pos="NOUN">no</wf>
         <wf lemma="microcito" pos="NOUN">microcítico</wf>
         <wf pos="X">,</wf>
         <wf pos="X">se</wf>
         <wf lemma="comparar" pos="VERB">compararon</wf>
         <wf pos="X">los</wf>
         <wf lemma="efecto" pos="NOUN">efectos</wf>
         <wf pos="X">de</wf>
         <wf lemma="alimta" pos="NOUN">Alimta</wf>
         <wf pos="X">con</wf>
         <wf pos="X">los</wf>
         <wf pos="X">del</wf>
         <wf lemma="docetaxel" pos="NOUN">docetaxel</wf>
         <wf pos="X">(</wf>
         <wf pos="X">otro</wf>
         <wf lemma="medicamento" pos="NOUN">medicamento</wf>
         <wf pos="X">contra</wf>
         <wf pos="X">el</wf>
         <wf lemma="cáncer" pos="NOUN">cáncer</wf>
         <wf pos="X">)</wf>
         <wf pos="X">en</wf>
         <wf pos="X">un</wf>
         <wf lemma="estudio" pos="NOUN">estudio</wf>
         <wf lemma="realizar" pos="VERB">realizado</wf>
         <wf pos="X">en</wf>
         <wf pos="X">571</wf>
         <wf lemma="paciente" pos="NOUN">pacientes</wf>
         <wf pos="X">con</wf>
         <wf lemma="enfermedad" pos="NOUN">enfermedad</wf>
         <wf lemma="localmente" pos="ADV">localmente</wf>
         <wf lemma="avanzar" pos="VERB">avanzada</wf>
         <wf pos="X">o</wf>
         <wf lemma="metastásico" pos="NOUN">metastásica</wf>
         <wf pos="X">que</wf>
         <wf lemma="haber" pos="VERB">habían</wf>
         <wf lemma="recibir" pos="VERB">recibido</wf>
         <wf lemma="quimioterapia" pos="NOUN">quimioterapia</wf>
         <wf lemma="previamente" pos="ADV">previamente</wf>
         <wf pos="X">.</wf>
      </sentence>
      <sentence id="d000.s128" source="semeval2015-es">
         <wf pos="X">La</wf>
         <wf lemma="industria" pos="NOUN">industria</wf>
         <wf pos="X">del</wf>
         <wf lemma="metal" pos="NOUN">metal</wf>
         <wf pos="X">y</wf>
         <wf pos="X">el</wf>
         <instance id="d000.s128.t000" lemma="sector_bancario" pos="NOUN">sector_bancario</instance>
         <wf pos="X">se</wf>
         <wf lemma="incluir" pos="VERB">incluyeron</wf>
         <wf lemma="también" pos="ADV">también</wf>
         <wf pos="X">en</wf>
         <wf lemma="atención" pos="NOUN">atención</wf>
         <wf pos="X">a</wf>
         <wf pos="X">su</wf>
         <wf lemma="importancia" pos="NOUN">importancia</wf>
         <wf pos="X">.</wf>
      </sentence>
      <sentence id="d000.s129" source="semeval2013-es">
         <wf lemma="alguno" pos="X">Algunos</wf>
         <wf lemma="de" pos="X">de</wf>
         <wf lemma="el" pos="X">los</wf>
         <instance id="d000.s129.t000" lemma="país" pos="NOUN">países</instance>
         <wf lemma="más" pos="ADV">más</wf>
         <wf lemma="vulnerable" pos="ADJ">vulnerables</wf>
         <wf lemma="al" pos="X">al</wf>
         <wf lemma="impacto" pos="NOUN">impacto</wf>
         <wf lemma="del" pos="X">del</wf>
         <instance id="d000.s129.t001" lemma="cambio_climático" pos="NOUN">cambio_climático</instance>
         <wf lemma="indicar" pos="VERB">indicaron</wf>
         <wf lemma="que" pos="X">que</wf>
         <wf lemma="seguir" pos="VERB">seguirían</wf>
         <wf lemma="presionar" pos="VERB">presionando</wf>
         <wf lemma="para" pos="X">para</wf>
         <wf lemma="un" pos="X">un</wf>
         <wf lemma="tratar" pos="VERB">tratado</wf>
         <wf lemma="legal" pos="ADV">legalmente</wf>
         <wf lemma="obligatorio" pos="ADJ">obligatorio</wf>
         <wf lemma="en" pos="X">en</wf>
         <instance id="d000.s129.t002" lemma="Copenhague" pos="NOUN">Copenhague</instance>
         <wf lemma="," pos="X">,</wf>
         <wf lemma="aunque" pos="X">aunque</wf>
         <wf lemma="el" pos="X">la</wf>
         <instance id="d000.s129.t003" lemma="mayoría" pos="NOUN">mayoría</instance>
         <wf lemma="de" pos="X">de</wf>
         <wf lemma="el" pos="X">los</wf>
         <wf lemma="principal" pos="ADJ">principales</wf>
         <wf lemma="participante" pos="NOUN">participantes</wf>
         <wf lemma="decir" pos="VERB">digan</wf>
         <wf lemma="que" pos="X">que</wf>
         <wf lemma="el" pos="X">las</wf>
         <instance id="d000.s129.t004" lemma="conversación" pos="NOUN">conversaciones</instance>
         <wf lemma="producir" pos="VERB">producirán</wf>
         <wf lemma="a" pos="X">a</wf>
         <wf lemma="el" pos="X">lo</wf>
         <wf lemma="sumo" pos="NOUN">sumo</wf>
         <wf lemma="un" pos="X">un</wf>
         <instance id="d000.s129.t005" lemma="acuerdo" pos="NOUN">acuerdo</instance>
         <wf lemma="político" pos="ADJ">político</wf>
         <wf lemma="." pos="X">.</wf>
      </sentence>
      <sentence id="d000.s130" source="semeval2015-es">
         <wf lemma="haber" pos="VERB">He</wf>
         <wf lemma="tener" pos="VERB">tenido</wf>
         <instance id="d000.s130.t000" lemma="también" pos="ADV">también</instance>
         <wf pos="X">en</wf>
         <wf lemma="cuenta" pos="NOUN">cuenta</wf>
         <wf pos="X">las</wf>
         <wf lemma="sintaxis" pos="NOUN">sintaxis</wf>
         <wf pos="X">de</wf>
         <wf lemma="maxima" pos="NOUN">Maxima</wf>
         <wf pos="X">y</wf>
         <wf lemma="maple" pos="NOUN">Maple</wf>
         <wf pos="X">,</wf>
         <wf pos="X">por</wf>
         <wf pos="X">lo</wf>
         <wf pos="X">que</wf>
         <wf lemma="ser" pos="VERB">es</wf>
         <instance id="d000.s130.t001" lemma="muy" pos="ADV">muy</instance>
         <instance id="d000.s130.t002" lemma="similar" pos="ADJ">similar</instance>
         <wf pos="X">a</wf>
         <wf pos="X">estas</wf>
         <wf pos="X">.</wf>
      </sentence>
      <sentence id="d000.s131" source="semeval2013-es">
         <wf lemma="después" pos="ADV">Después</wf>
         <wf lemma="del" pos="X">del</wf>
         <wf lemma="tumulto" pos="NOUN">tumulto</wf>
         <wf lemma="sobre" pos="X">sobre</wf>
         <wf lemma="el" pos="X">el</wf>
         <instance id="d000.s131.t000" lemma="presidente" pos="NOUN">presidente</instance>
         <wf lemma="Josef" pos="NOUN">Josef</wf>
         <wf lemma="Ackerman" pos="VERB">Ackerman</wf>
         <wf lemma="," pos="X">,</wf>
         <wf lemma="aparecer" pos="VERB">aparece</wf>
         <wf lemma="un" pos="X">un</wf>
         <wf lemma="nuevo" pos="ADJ">nuevo</wf>
         <instance id="d000.s131.t001" lemma="problema" pos="NOUN">problema</instance>
         <wf lemma="de" pos="X">de</wf>
         <wf lemma="el" pos="X">los</wf>
         <instance id="d000.s131.t002" lemma="EE.UU." pos="NOUN">EE.UU.</instance>
         <wf lemma="," pos="X">,</wf>
         <wf lemma="el" pos="X">el</wf>
         <wf lemma="deutsche_bank" pos="NOUN">Deutsche_Bank</wf>
         <wf lemma="deber" pos="VERB">debe</wf>
         <wf lemma="pagar" pos="VERB">pagar</wf>
         <wf lemma="allí" pos="ADV">allí</wf>
         <wf lemma="un" pos="X">una</wf>
         <instance id="d000.s131.t003" lemma="multa" pos="NOUN">multa</instance>
         <wf lemma="millonaria" pos="ADJ">millonaria</wf>
         <wf lemma="." pos="X">.</wf>
      </sentence>
      <sentence id="d000.s132" source="semeval2015-es">
         <wf lemma="alimta" pos="NOUN">Alimta</wf>
         <instance id="d000.s132.t000" lemma="también" pos="ADV">también</instance>
         <wf pos="X">se</wf>
         <instance id="d000.s132.t001" lemma="comparar" pos="VERB">comparó</instance>
         <wf pos="X">con</wf>
         <wf lemma="gemcitabina" pos="NOUN">gemcitabina</wf>
         <wf pos="X">(</wf>
         <wf pos="X">otro</wf>
         <instance id="d000.s132.t002" lemma="medicamento" pos="NOUN">medicamento</instance>
         <wf pos="X">contra</wf>
         <wf pos="X">el</wf>
         <instance id="d000.s132.t003" lemma="cáncer" pos="NOUN">cáncer</instance>
         <wf pos="X">)</wf>
         <wf pos="X">,</wf>
         <wf pos="X">ambos</wf>
         <wf pos="X">en</wf>
         <instance id="d000.s132.t004" lemma="combinación" pos="NOUN">combinación</instance>
         <wf pos="X">con</wf>
         <wf lemma="cisplatino" pos="NOUN">cisplatino</wf>
         <wf pos="X">,</wf>
         <wf pos="X">en</wf>
         <wf pos="X">un</wf>
         <instance id="d000.s132.t005" lemma="estudio" pos="NOUN">estudio</instance>
         <wf pos="X">con</wf>
         <wf pos="X">1.725</wf>
         <instance id="d000.s132.t006" lemma="paciente" pos="NOUN">pacientes</instance>
         <wf pos="X">que</wf>
         <wf lemma="no" pos="NOUN">no</wf>
         <wf lemma="haber" pos="VERB">habían</wf>
         <instance id="d000.s132.t007" lemma="recibir" pos="VERB">recibido</instance>
         <instance id="d000.s132.t008" lemma="quimioterapia" pos="NOUN">quimioterapia</instance>
         <wf pos="X">contra</wf>
         <wf pos="X">el</wf>
         <instance id="d000.s132.t009" lemma="cáncer" pos="NOUN">cáncer</instance>
         <wf pos="X">de</wf>
         <instance id="d000.s132.t010" lemma="pulmón" pos="NOUN">pulmón</instance>
         <instance id="d000.s132.t011" lemma="previamente" pos="ADV">previamente</instance>
         <wf pos="X">.</wf>
      </sentence>
      <sentence id="d000.s133" source="semeval2013-es">
         <wf lemma="el" pos="X">La</wf>
         <wf lemma="reguladora" pos="NOUN">reguladora</wf>
         <wf lemma="de" pos="X">de</wf>
         <instance id="d000.s133.t000" lemma="mercado_financiero" pos="NOUN">mercados_financieros</instance>
         <wf lemma="NCUA" pos="ADJ">NCUA</wf>
         <wf lemma="recrimina" pos="VERB">recrimina</wf>
         <wf lemma="a" pos="X">a</wf>
         <wf lemma="mucho" pos="X">muchos</wf>
         <wf lemma="grande" pos="ADJ">grandes</wf>
         <instance id="d000.s133.t001" lemma="banco" pos="NOUN">bancos</instance>
         <wf lemma="inducir" pos="VERB">inducir</wf>
         <wf lemma="a" pos="X">a</wf>
         <wf lemma="el" pos="X">las</wf>
         <instance id="d000.s133.t002" lemma="cooperativa_de_crédito" pos="NOUN">cooperativas_de_crédito</instance>
         <wf lemma="con" pos="X">con</wf>
         <wf lemma="falso" pos="ADJ">falsas</wf>
         <instance id="d000.s133.t003" lemma="promesa" pos="NOUN">promesas</instance>
         <wf lemma="a" pos="X">a</wf>
         <wf lemma="comprar" pos="VERB">comprar</wf>
         <wf lemma="producto_financiero" pos="NOUN">productos_financieros</wf>
         <wf lemma=";" pos="X">;</wf>
         <wf lemma="haber" pos="VERB">han</wf>
         <wf lemma="minimizado" pos="VERB">minimizado</wf>
         <wf lemma="el" pos="X">los</wf>
         <instance id="d000.s133.t004" lemma="riesgo" pos="NOUN">riesgos</instance>
         <wf lemma="." pos="X">.</wf>
      </sentence>
      <sentence id="d000.s134" source="semeval2013-es">
         <wf lemma="alrededor" pos="X">Alrededor</wf>
         <wf lemma="del" pos="X">del</wf>
         <wf lemma="@card@" pos="X">31</wf>
         <wf lemma="%" pos="X">%</wf>
         <wf lemma="afirmar" pos="VERB">afirma</wf>
         <wf lemma="que" pos="X">que</wf>
         <wf lemma="," pos="X">,</wf>
         <wf lemma="ser" pos="VERB">sea</wf>
         <wf lemma="él" pos="X">ellos</wf>
         <wf lemma="o" pos="X">o</wf>
         <wf lemma="un" pos="X">un</wf>
         <instance id="d000.s134.t000" lemma="pariente" pos="NOUN">pariente</instance>
         <wf lemma="cercano" pos="ADJ">cercano</wf>
         <wf lemma="," pos="X">,</wf>
         <wf lemma="haber" pos="VERB">ha</wf>
         <wf lemma="ser" pos="VERB">sido</wf>
         <instance id="d000.s134.t001" lemma="víctima" pos="NOUN">víctima</instance>
         <wf lemma="de" pos="X">de</wf>
         <wf lemma="el" pos="X">la</wf>
         <wf lemma="delincuencia" pos="NOUN">delincuencia</wf>
         <wf lemma="en" pos="X">en</wf>
         <wf lemma="el" pos="X">el</wf>
         <wf lemma="último" pos="ADJ">último</wf>
         <instance id="d000.s134.t002" lemma="año" pos="NOUN">año</instance>
         <wf lemma="," pos="X">,</wf>
         <wf lemma="un" pos="X">una</wf>
         <wf lemma="cifra" pos="NOUN">cifra</wf>
         <wf lemma="que" pos="X">que</wf>
         <wf lemma="se" pos="X">se</wf>
         <wf lemma="haber" pos="VERB">ha</wf>
         <wf lemma="reducir" pos="VERB">reducido</wf>
         <wf lemma="desde" pos="X">desde</wf>
         <wf lemma="el" pos="X">el</wf>
         <wf lemma="@card@" pos="X">38</wf>
         <wf lemma="%" pos="X">%</wf>
         <wf lemma="del" pos="X">del</wf>
         <instance id="d000.s134.t003" lemma="año" pos="NOUN">año</instance>
         <wf lemma="pasar" pos="VERB">pasado</wf>
         <wf lemma="y" pos="X">y</wf>
         <wf lemma="que" pos="X">que</wf>
         <wf lemma="ser" pos="VERB">es</wf>
         <wf lemma="el" pos="X">el</wf>
         <wf lemma="pequeño" pos="ADJ">menor</wf>
         <instance id="d000.s134.t004" lemma="porcentaje" pos="NOUN">porcentaje</instance>
         <wf lemma="registrar" pos="VERB">registrado</wf>
         <wf lemma="desde" pos="X">desde</wf>
         <wf lemma="@card@" pos="X">1995</wf>
         <wf lemma="." pos="X">.</wf>
      </sentence>
      <sentence id="d000.s135" source="semeval2013-es">
         <wf lemma="el" pos="X">La</wf>
         <wf lemma="polémica" pos="ADJ">polémica</wf>
         <wf lemma="," pos="X">,</wf>
         <wf lemma="yo" pos="X">me</wf>
         <wf lemma="parecer" pos="VERB">parece</wf>
         <wf lemma="," pos="X">,</wf>
         <wf lemma="surgir" pos="VERB">surge</wf>
         <wf lemma="por" pos="X">por</wf>
         <wf lemma="dos" pos="X">dos</wf>
         <wf lemma="factor" pos="NOUN">factores</wf>
         <wf lemma=":" pos="X">:</wf>
         <wf lemma="porque" pos="X">porque</wf>
         <wf lemma="se" pos="X">se</wf>
         <wf lemma="tratar" pos="VERB">trató</wf>
         <wf lemma="de" pos="X">de</wf>
         <wf lemma="dos" pos="X">dos</wf>
         <wf lemma="autoexpulsiones" pos="NOUN">autoexpulsiones</wf>
         <wf lemma="y" pos="X">y</wf>
         <wf lemma="por" pos="X">por</wf>
         <wf lemma="el" pos="X">la</wf>
         <instance id="d000.s135.t000" lemma="manera" pos="NOUN">manera</instance>
         <wf lemma="en" pos="X">en</wf>
         <wf lemma="que" pos="X">que</wf>
         <wf lemma="se" pos="X">se</wf>
         <wf lemma="llevar" pos="VERB">llevó</wf>
         <wf lemma="a" pos="X">a</wf>
         <wf lemma="cabo" pos="NOUN">cabo</wf>
         <wf lemma="el" pos="X">la</wf>
         <instance id="d000.s135.t001" lemma="transmisión" pos="NOUN">transmisión</instance>
         <wf lemma="de" pos="X">de</wf>
         <wf lemma="el" pos="X">la</wf>
         <wf lemma="directriz" pos="NOUN">directriz</wf>
         <wf lemma="de" pos="X">de</wf>
         <wf lemma="provocarlas" pos="VERB">provocarlas</wf>
         <wf lemma="." pos="X">.</wf>
      </sentence>
      <sentence id="d000.s136" source="semeval2015-es">
         <wf pos="X">Si</wf>
         <instance id="d000.s136.t000" lemma="desear" pos="VERB">desea</instance>
         <instance id="d000.s136.t001" lemma="más" pos="ADV">más</instance>
         <instance id="d000.s136.t002" lemma="información" pos="NOUN">información</instance>
         <wf pos="X">sobre</wf>
         <wf pos="X">su</wf>
         <instance id="d000.s136.t003" lemma="enfermedad" pos="NOUN">enfermedad</instance>
         <wf pos="X">o</wf>
         <wf pos="X">el</wf>
         <instance id="d000.s136.t004" lemma="tratamiento" pos="NOUN">tratamiento</instance>
         <wf pos="X">de</wf>
         <wf pos="X">la</wf>
         <instance id="d000.s136.t005" lemma="mismo" pos="ADJ">misma</instance>
         <wf pos="X">,</wf>
         <wf pos="X">le</wf>
         <instance id="d000.s136.t006" lemma="aconsejar" pos="VERB">aconsejamos</instance>
         <wf pos="X">que</wf>
         <instance id="d000.s136.t007" lemma="leer" pos="VERB">lea</instance>
         <wf pos="X">el</wf>
         <wf lemma="prospecto" pos="NOUN">prospecto</wf>
         <wf pos="X">(</wf>
         <instance id="d000.s136.t008" lemma="incluir" pos="VERB">incluido</instance>
         <wf pos="X">en</wf>
         <wf pos="X">el</wf>
         <wf lemma="epar" pos="NOUN">EPAR</wf>
         <wf pos="X">)</wf>
         <wf pos="X">o</wf>
         <instance id="d000.s136.t009" lemma="preguntar" pos="VERB">pregunte</instance>
         <wf pos="X">a</wf>
         <wf pos="X">su</wf>
         <instance id="d000.s136.t010" lemma="médico" pos="NOUN">médico</instance>
         <wf pos="X">o</wf>
         <wf pos="X">su</wf>
         <instance id="d000.s136.t011" lemma="farmacéutico" pos="NOUN">farmacéutico</instance>
         <wf pos="X">.</wf>
      </sentence>
      <sentence id="d000.s137" source="semeval2013-es">
         <wf lemma="Cockell" pos="NOUN">Cockell</wf>
         <wf lemma="no" pos="NOUN">no</wf>
         <wf lemma="formar" pos="VERB">formó</wf>
         <wf lemma="parte" pos="NOUN">parte</wf>
         <wf lemma="del" pos="X">del</wf>
         <instance id="d000.s137.t000" lemma="equipo" pos="NOUN">equipo</instance>
         <wf lemma="de" pos="X">de</wf>
         <instance id="d000.s137.t001" lemma="investigación" pos="NOUN">investigación</instance>
         <wf lemma="." pos="X">.</wf>
      </sentence>
      <sentence id="d000.s138" source="semeval2013-es">
         <wf lemma="Jamie" pos="NOUN">Jamie</wf>
         <wf lemma="S." pos="NOUN">S.</wf>
         <wf lemma="Foster" pos="NOUN">Foster</wf>
         <wf lemma="," pos="X">,</wf>
         <instance id="d000.s138.t000" lemma="profesor" pos="NOUN">profesora</instance>
         <wf lemma="auxiliar" pos="ADJ">auxiliar</wf>
         <wf lemma="de" pos="X">de</wf>
         <instance id="d000.s138.t001" lemma="microbiología" pos="NOUN">microbiología</instance>
         <wf lemma="en" pos="X">en</wf>
         <wf lemma="el" pos="X">la</wf>
         <wf lemma="university_of_florida" pos="NOUN">University_of_Florida</wf>
         <wf lemma="," pos="X">,</wf>
         <wf lemma="indicar" pos="VERB">indicó</wf>
         <wf lemma="que" pos="X">que</wf>
         <wf lemma="el" pos="X">la</wf>
         <instance id="d000.s138.t002" lemma="idea" pos="NOUN">idea</instance>
         <wf lemma="de" pos="X">de</wf>
         <wf lemma="que" pos="X">que</wf>
         <wf lemma="se" pos="X">se</wf>
         <wf lemma="poder" pos="VERB">pueda</wf>
         <wf lemma="sustituir" pos="VERB">sustituir</wf>
         <wf lemma="el" pos="X">el</wf>
         <instance id="d000.s138.t003" lemma="arsénico" pos="NOUN">arsénico</instance>
         <wf lemma="por" pos="X">por</wf>
         <wf lemma="el" pos="X">el</wf>
         <instance id="d000.s138.t004" lemma="fósforo" pos="NOUN">fósforo</instance>
         <wf lemma="no" pos="NOUN">no</wf>
         <wf lemma="ser" pos="VERB">es</wf>
         <wf lemma="nuevo" pos="ADJ">nueva</wf>
         <wf lemma="," pos="X">,</wf>
         <wf lemma="pero" pos="X">pero</wf>
         <wf lemma="nunca" pos="ADV">nunca</wf>
         <wf lemma="se" pos="X">se</wf>
         <wf lemma="haber" pos="VERB">había</wf>
         <wf lemma="encontrar" pos="VERB">encontrado</wf>
         <wf lemma="un" pos="X">un</wf>
         <instance id="d000.s138.t005" lemma="ejemplo" pos="NOUN">ejemplo</instance>
         <wf lemma="que" pos="X">que</wf>
         <wf lemma="demostrase" pos="VERB">demostrase</wf>
         <wf lemma="que" pos="X">que</wf>
         <wf lemma="funcionar" pos="VERB">funciona</wf>
         <wf lemma="." pos="X">.</wf>
      </sentence>
      <sentence id="d000.s139" source="semeval2013-es">
         <wf lemma="el" pos="X">Los</wf>
         <instance id="d000.s139.t000" lemma="estados_unidos" pos="NOUN">Estados_Unidos</instance>
         <wf lemma="no" pos="NOUN">no</wf>
         <wf lemma="ir" pos="VERB">van</wf>
         <wf lemma="a" pos="X">a</wf>
         <wf lemma="hacer" pos="VERB">hacer</wf>
         <wf lemma="un" pos="X">un</wf>
         <instance id="d000.s139.t001" lemma="acuerdo" pos="NOUN">acuerdo</instance>
         <wf lemma="sin" pos="X">sin</wf>
         <wf lemma="que" pos="X">que</wf>
         <wf lemma="el" pos="X">los</wf>
         <wf lemma="principal" pos="ADJ">principales</wf>
         <instance id="d000.s139.t002" lemma="país_en_vías_de_desarrollo" pos="NOUN">países_en_vías_de_desarrollo</instance>
         <wf lemma="avanzar" pos="VERB">avancen</wf>
         <wf lemma="y" pos="X">y</wf>
         <wf lemma="tomar" pos="VERB">tomen</wf>
         <wf lemma="medida" pos="NOUN">medidas</wf>
         <wf lemma="," pos="X">,</wf>
         <wf lemma="manifestar" pos="VERB">manifestó</wf>
         <wf lemma="Stern" pos="NOUN">Stern</wf>
         <wf lemma="," pos="X">,</wf>
         <wf lemma="quién" pos="X">quién</wf>
         <wf lemma="también" pos="ADV">también</wf>
         <wf lemma="lamentar" pos="VERB">lamentó</wf>
         <wf lemma="que" pos="X">que</wf>
         <wf lemma="el" pos="X">el</wf>
         <instance id="d000.s139.t003" lemma="texto" pos="NOUN">texto</instance>
         <wf lemma="no" pos="NOUN">no</wf>
         <wf lemma="hacer" pos="VERB">hizo</wf>
         <wf lemma="el" pos="X">lo</wf>
         <wf lemma="suficiente" pos="ADJ">suficiente</wf>
         <wf lemma="para" pos="X">para</wf>
         <wf lemma="asegurar" pos="VERB">asegurar</wf>
         <wf lemma="que" pos="X">que</wf>
         <wf lemma="el" pos="X">los</wf>
         <wf lemma="recorte" pos="NOUN">recortes</wf>
         <wf lemma="poder" pos="VERB">podrían</wf>
         <wf lemma="ser" pos="VERB">ser</wf>
         <wf lemma="verificar" pos="VERB">verificados</wf>
         <wf lemma="por" pos="X">por</wf>
         <wf lemma="observador" pos="NOUN">observadores</wf>
         <wf lemma="externo" pos="ADJ">externos</wf>
         <wf lemma="." pos="X">.</wf>
      </sentence>
      <sentence id="d000.s140" source="semeval2013-es">
         <wf lemma="a" pos="X">A</wf>
         <wf lemma="pesar" pos="VERB">pesar</wf>
         <wf lemma="de" pos="X">de</wf>
         <wf lemma="el" pos="X">las</wf>
         <instance id="d000.s140.t000" lemma="preocupación" pos="NOUN">preocupaciones</instance>
         <wf lemma="por" pos="X">por</wf>
         <wf lemma="el" pos="X">la</wf>
         <instance id="d000.s140.t001" lemma="violencia" pos="NOUN">violencia</instance>
         <wf lemma="y" pos="X">y</wf>
         <wf lemma="el" pos="X">la</wf>
         <instance id="d000.s140.t002" lemma="inestabilidad" pos="NOUN">inestabilidad</instance>
         <wf lemma="político" pos="ADJ">política</wf>
         <wf lemma="," pos="X">,</wf>
         <wf lemma="el" pos="X">el</wf>
         <instance id="d000.s140.t003" lemma="gobierno" pos="NOUN">gobierno</instance>
         <wf lemma="iraquí" pos="ADJ">iraquí</wf>
         <wf lemma="lograr" pos="VERB">logró</wf>
         <wf lemma="atraer" pos="VERB">atraer</wf>
         <wf lemma="importante" pos="ADJ">importantes</wf>
         <instance id="d000.s140.t004" lemma="compañía_petrolera" pos="NOUN">compañías_petroleras</instance>
         <wf lemma="para" pos="X">para</wf>
         <wf lemma="reconstruir" pos="VERB">reconstruir</wf>
         <wf lemma="suyo" pos="X">su</wf>
         <wf lemma="frágil" pos="ADJ">frágil</wf>
         <instance id="d000.s140.t005" lemma="infraestructura" pos="NOUN">infraestructura</instance>
         <wf lemma="," pos="X">,</wf>
         <wf lemma="durante" pos="X">durante</wf>
         <wf lemma="dos" pos="X">dos</wf>
         <instance id="d000.s140.t006" lemma="subasta" pos="NOUN">subastas</instance>
         <wf lemma="que" pos="X">que</wf>
         <wf lemma="concluir" pos="VERB">concluyeron</wf>
         <wf lemma="el" pos="X">el</wf>
         <instance id="d000.s140.t007" lemma="sábado" pos="NOUN">sábado</instance>
         <wf lemma="." pos="X">.</wf>
      </sentence>
      <sentence id="d000.s141" source="semeval2013-es">
         <wf lemma="con" pos="X">Con</wf>
         <wf lemma="este" pos="X">esto</wf>
         <wf lemma="el" pos="X">los</wf>
         <instance id="d000.s141.t000" lemma="instituto" pos="NOUN">institutos</instance>
         <wf lemma="pretender" pos="VERB">pretenden</wf>
         <wf lemma="liberarse" pos="VERB">liberarse</wf>
         <wf lemma="de" pos="X">de</wf>
         <wf lemma="el" pos="X">las</wf>
         <wf lemma="restricción" pos="NOUN">restricciones</wf>
         <wf lemma="que" pos="X">que</wf>
         <wf lemma="haber" pos="VERB">habían</wf>
         <wf lemma="ir" pos="VERB">ido</wf>
         <wf lemma="de" pos="X">de</wf>
         <wf lemma="el" pos="X">la</wf>
         <instance id="d000.s141.t001" lemma="mano" pos="NOUN">mano</instance>
         <wf lemma="con" pos="X">con</wf>
         <wf lemma="el" pos="X">la</wf>
         <wf lemma="aceptación" pos="NOUN">aceptación</wf>
         <wf lemma="del" pos="X">del</wf>
         <instance id="d000.s141.t002" lemma="dinero" pos="NOUN">dinero</instance>
         <wf lemma="," pos="X">,</wf>
         <wf lemma="como" pos="X">como</wf>
         <wf lemma="por" pos="ADV">por</wf>
         <wf lemma="ejemplo" pos="ADV">ejemplo</wf>
         <wf lemma="el" pos="X">la</wf>
         <instance id="d000.s141.t003" lemma="límite" pos="NOUN">limitación</instance>
         <wf lemma="en" pos="X">en</wf>
         <wf lemma="el" pos="X">el</wf>
         <instance id="d000.s141.t004" lemma="pago" pos="NOUN">pago</instance>
         <wf lemma="de" pos="X">de</wf>
         <wf lemma="el" pos="X">los</wf>
         <wf lemma="bonus" pos="NOUN">bonus</wf>
         <wf lemma="a" pos="X">a</wf>
         <wf lemma="el" pos="X">los</wf>
         <instance id="d000.s141.t005" lemma="director" pos="NOUN">directores</instance>
         <wf lemma="," pos="X">,</wf>
         <wf lemma="así" pos="ADV">así</wf>
         <wf lemma="como" pos="X">como</wf>
         <wf lemma="el" pos="X">el</wf>
         <instance id="d000.s141.t006" lemma="pago" pos="NOUN">pago</instance>
         <wf lemma="de" pos="X">de</wf>
         <instance id="d000.s141.t007" lemma="tasa" pos="NOUN">tasas</instance>
         <wf lemma="alto" pos="ADJ">altas</wf>
         <wf lemma="." pos="X">.</wf>
      </sentence>
      <sentence id="d000.s142" source="semeval2013-es">
         <wf lemma="crecer" pos="VERB">Creció</wf>
         <wf lemma="también" pos="ADV">también</wf>
         <wf lemma="en" pos="X">en</wf>
         <instance id="d000.s142.t000" lemma="México" pos="NOUN">México</instance>
         <wf lemma="," pos="X">,</wf>
         <wf lemma="donde" pos="ADV">donde</wf>
         <wf lemma="el" pos="X">la</wf>
         <instance id="d000.s142.t001" lemma="economía" pos="NOUN">economía</instance>
         <wf lemma="se" pos="X">se</wf>
         <wf lemma="haber" pos="VERB">ha</wf>
         <wf lemma="recuperar" pos="VERB">recuperado</wf>
         <wf lemma="tras" pos="X">tras</wf>
         <wf lemma="sufrir" pos="VERB">sufrir</wf>
         <wf lemma="un" pos="X">un</wf>
         <wf lemma="grande" pos="ADJ">gran</wf>
         <wf lemma="descenso" pos="NOUN">descenso</wf>
         <wf lemma="de" pos="X">de</wf>
         <wf lemma="el" pos="X">la</wf>
         <instance id="d000.s142.t002" lemma="producción" pos="NOUN">producción</instance>
         <wf lemma="el" pos="X">el</wf>
         <instance id="d000.s142.t003" lemma="año" pos="NOUN">año</instance>
         <wf lemma="pasar" pos="VERB">pasado</wf>
         <wf lemma="." pos="X">.</wf>
      </sentence>
      <sentence id="d000.s143" source="semeval2013-es">
         <wf lemma="sin" pos="X">Sin</wf>
         <wf lemma="embargo" pos="NOUN">embargo</wf>
         <wf lemma="," pos="X">,</wf>
         <wf lemma="Pnini" pos="NOUN">Pnini</wf>
         <wf lemma="y" pos="X">y</wf>
         <wf lemma="Eidson" pos="VERB">Eidson</wf>
         <wf lemma="," pos="X">,</wf>
         <wf lemma="el" pos="X">los</wf>
         <wf lemma="bueno" pos="ADJ">mejores</wf>
         <wf lemma="de" pos="X">de</wf>
         <wf lemma="suyo" pos="X">su</wf>
         <instance id="d000.s143.t000" lemma="equipo" pos="NOUN">equipo</instance>
         <wf lemma="no" pos="NOUN">no</wf>
         <wf lemma="se" pos="X">se</wf>
         <wf lemma="resignaron" pos="VERB">resignaron</wf>
         <wf lemma="y" pos="X">e</wf>
         <wf lemma="intentar" pos="VERB">intentaron</wf>
         <wf lemma="mantener" pos="VERB">mantener</wf>
         <wf lemma="con" pos="X">con</wf>
         <instance id="d000.s143.t001" lemma="vida" pos="NOUN">vida</instance>
         <wf lemma="a" pos="X">a</wf>
         <wf lemma="suyo" pos="X">su</wf>
         <instance id="d000.s143.t002" lemma="equipo" pos="NOUN">equipo</instance>
         <wf lemma="desde" pos="X">desde</wf>
         <wf lemma="el" pos="X">la</wf>
         <wf lemma="línea" pos="NOUN">línea</wf>
         <wf lemma="de" pos="X">de</wf>
         <wf lemma="tres" pos="X">tres</wf>
         <instance id="d000.s143.t003" lemma="punto" pos="NOUN">puntos</instance>
         <wf lemma="(" pos="X">(</wf>
         <wf lemma="@card@" pos="X">70-77</wf>
         <wf lemma=")" pos="X">)</wf>
         <wf lemma="." pos="X">.</wf>
      </sentence>
      <sentence id="d000.s144" source="semeval2013-es">
         <wf lemma="el" pos="X">El</wf>
         <instance id="d000.s144.t000" lemma="arsénico" pos="NOUN">arsénico</instance>
         <wf lemma="y" pos="X">y</wf>
         <wf lemma="el" pos="X">el</wf>
         <instance id="d000.s144.t001" lemma="fósforo" pos="NOUN">fósforo</instance>
         <wf lemma="ser" pos="VERB">son</wf>
         <wf lemma="similar" pos="ADJ">similares</wf>
         <wf lemma="desde" pos="X">desde</wf>
         <wf lemma="el" pos="X">el</wf>
         <instance id="d000.s144.t002" lemma="punto_de_vista" pos="NOUN">punto_de_vista</instance>
         <wf lemma="químico" pos="ADJ">químico</wf>
         <wf lemma="," pos="X">,</wf>
         <wf lemma="por" pos="X">por</wf>
         <wf lemma="el" pos="X">lo</wf>
         <wf lemma="que" pos="X">que</wf>
         <wf lemma="especular" pos="VERB">especuló</wf>
         <wf lemma="que" pos="X">que</wf>
         <wf lemma="un" pos="X">un</wf>
         <instance id="d000.s144.t003" lemma="microbio" pos="NOUN">microbio</instance>
         <wf lemma="exponer" pos="VERB">expuesto</wf>
         <wf lemma="a" pos="X">a</wf>
         <wf lemma="ambo" pos="X">ambos</wf>
         <wf lemma="poder" pos="VERB">podría</wf>
         <wf lemma="sustituir" pos="VERB">sustituir</wf>
         <wf lemma="uno" pos="X">uno</wf>
         <wf lemma="por" pos="X">por</wf>
         <wf lemma="otro" pos="X">otro</wf>
         <wf lemma="." pos="X">.</wf>
      </sentence>
      <sentence id="d000.s145" source="semeval2015-es">
         <wf pos="X">Cada vez que</wf>
         <instance id="d000.s145.t000" lemma="introducir" pos="VERB">introduzca</instance>
         <wf pos="X">una</wf>
         <instance id="d000.s145.t001" lemma="expresión" pos="NOUN">expresión</instance>
         <wf pos="X">,</wf>
         <wf pos="X">el</wf>
         <instance id="d000.s145.t002" lemma="valor" pos="NOUN">valor</instance>
         <wf pos="X">de</wf>
         <wf pos="X">la</wf>
         <instance id="d000.s145.t003" lemma="variable" pos="NOUN">variable</instance>
         <wf pos="X">«</wf>
         <wf lemma="ans" pos="NOUN">ans</wf>
         <wf pos="X">»</wf>
         <instance id="d000.s145.t004" lemma="cambiar" pos="VERB">cambiará</instance>
         <wf pos="X">para</wf>
         <instance id="d000.s145.t005" lemma="reproducir" pos="VERB">reproducir</instance>
         <wf pos="X">el</wf>
         <instance id="d000.s145.t006" lemma="último" pos="ADJ">último</instance>
         <instance id="d000.s145.t007" lemma="resultado" pos="NOUN">resultado</instance>
         <wf pos="X">.</wf>
      </sentence>
      <sentence id="d000.s146" source="semeval2015-es">
         <wf pos="X">¿Para</wf>
         <wf pos="X">qué</wf>
         <wf pos="X">se</wf>
         <instance id="d000.s146.t000" lemma="utilizar" pos="VERB">utiliza</instance>
         <wf lemma="alimta" pos="NOUN">Alimta</wf>
         <wf pos="X">?</wf>
      </sentence>
      <sentence id="d000.s147" source="semeval2015-es">
         <wf pos="X">Los</wf>
         <instance id="d000.s147.t000" lemma="resultado" pos="NOUN">resultados</instance>
         <wf pos="X">de</wf>
         <wf pos="X">los</wf>
         <instance id="d000.s147.t001" lemma="estudio" pos="NOUN">estudios</instance>
         <instance id="d000.s147.t002" lemma="demostrar" pos="VERB">demostraron</instance>
         <wf pos="X">que</wf>
         <wf lemma="cerenia" pos="NOUN">Cerenia</wf>
         <wf lemma="ser" pos="VERB">fue</wf>
         <instance id="d000.s147.t003" lemma="más" pos="ADV">más</instance>
         <instance id="d000.s147.t004" lemma="eficaz" pos="ADJ">eficaz</instance>
         <wf pos="X">que</wf>
         <wf pos="X">el</wf>
         <instance id="d000.s147.t005" lemma="placebo" pos="NOUN">placebo</instance>
         <wf pos="X">:</wf>
         <wf pos="X">se</wf>
         <instance id="d000.s147.t006" lemma="observar" pos="VERB">observaron</instance>
         <wf lemma="menos" pos="ADV">menos</wf>
         <instance id="d000.s147.t007" lemma="vómito" pos="NOUN">vómitos</instance>
         <wf pos="X">en</wf>
         <wf pos="X">los</wf>
         <instance id="d000.s147.t008" lemma="perro" pos="NOUN">perros</instance>
         <wf pos="X">que</wf>
         <instance id="d000.s147.t009" lemma="recibir" pos="VERB">recibieron</instance>
         <wf pos="X">el</wf>
         <instance id="d000.s147.t010" lemma="medicamento" pos="NOUN">medicamento</instance>
         <wf pos="X">que</wf>
         <wf pos="X">en</wf>
         <wf pos="X">los</wf>
         <instance id="d000.s147.t011" lemma="perro" pos="NOUN">perros</instance>
         <wf pos="X">que</wf>
         <instance id="d000.s147.t012" lemma="recibir" pos="VERB">recibieron</instance>
         <instance id="d000.s147.t013" lemma="placebo" pos="NOUN">placebo</instance>
         <wf pos="X">,</wf>
         <wf pos="X">bien</wf>
         <wf pos="X">como</wf>
         <instance id="d000.s147.t014" lemma="tratamiento" pos="NOUN">tratamiento</instance>
         <wf pos="X">,</wf>
         <wf pos="X">bien</wf>
         <wf pos="X">como</wf>
         <instance id="d000.s147.t015" lemma="prevención" pos="NOUN">prevención</instance>
         <wf pos="X">del</wf>
         <instance id="d000.s147.t016" lemma="vómito" pos="NOUN">vómito</instance>
         <wf pos="X">.</wf>
      </sentence>
      <sentence id="d000.s148" source="semeval2015-es">
         <instance id="d000.s148.t000" lemma="guardar" pos="VERB">Guarda</instance>
         <wf pos="X">las</wf>
         <instance id="d000.s148.t001" lemma="instrucción" pos="NOUN">intrucciones</instance>
         <wf pos="X">que</wf>
         <wf lemma="haber" pos="VERB">ha</wf>
         <instance id="d000.s148.t002" lemma="introducir" pos="VERB">introducido</instance>
         <wf pos="X">desde</wf>
         <wf pos="X">que</wf>
         <instance id="d000.s148.t003" lemma="comenzar" pos="VERB">comenzó</instance>
         <wf pos="X">la</wf>
         <wf lemma="sesión" pos="NOUN">sesión</wf>
         <wf pos="X">,</wf>
         <wf pos="X">con</wf>
         <wf pos="X">lo</wf>
         <wf pos="X">que</wf>
         <wf lemma="poder" pos="VERB">podrá</wf>
         <wf lemma="reutilizarlas" pos="VERB">reutilizarlas</wf>
         <wf pos="X">.</wf>
      </sentence>
      <sentence id="d000.s149" source="semeval2013-es">
         <wf lemma="el" pos="X">La</wf>
         <wf lemma="corporación" pos="NOUN">Corporación</wf>
         <wf lemma="Nacional" pos="NOUN">Nacional</wf>
         <wf lemma="de" pos="X">de</wf>
         <wf lemma="petróleo" pos="NOUN">Petróleo</wf>
         <wf lemma="," pos="X">,</wf>
         <instance id="d000.s149.t000" lemma="propiedad" pos="NOUN">propiedad</instance>
         <wf lemma="del" pos="X">del</wf>
         <instance id="d000.s149.t001" lemma="estado" pos="NOUN">estado</instance>
         <wf lemma="chino" pos="ADJ">chino</wf>
         <wf lemma="," pos="X">,</wf>
         <wf lemma="ofertar" pos="VERB">ofertó</wf>
         <wf lemma="en" pos="X">en</wf>
         <wf lemma="más" pos="ADV">más</wf>
         <instance id="d000.s149.t002" lemma="contrato" pos="NOUN">contratos</instance>
         <wf lemma="que" pos="X">que</wf>
         <wf lemma="cualquier" pos="X">cualquier</wf>
         <wf lemma="otro" pos="X">otra</wf>
         <wf lemma="compañía" pos="NOUN">compañía</wf>
         <wf lemma="y" pos="X">y</wf>
         <wf lemma="lograr" pos="VERB">logró</wf>
         <wf lemma="grande" pos="ADJ">grandes</wf>
         <instance id="d000.s149.t003" lemma="inversión" pos="NOUN">inversiones</instance>
         <wf lemma="en" pos="X">en</wf>
         <instance id="d000.s149.t004" lemma="contrato" pos="NOUN">contratos</instance>
         <wf lemma="para" pos="X">para</wf>
         <wf lemma="dos" pos="X">dos</wf>
         <wf lemma="yacimiento" pos="NOUN">yacimientos</wf>
         <wf lemma="principal" pos="ADJ">principales</wf>
         <wf lemma="." pos="X">.</wf>
      </sentence>
      <sentence id="d000.s150" source="semeval2013-es">
         <wf lemma="&quot;" pos="X">&quot;</wf>
         <wf lemma="haber" pos="VERB">Hay</wf>
         <wf lemma="un" pos="X">un</wf>
         <wf lemma="motivo" pos="NOUN">motivo</wf>
         <wf lemma="general" pos="ADJ">general</wf>
         <wf lemma="de" pos="X">de</wf>
         <instance id="d000.s150.t000" lemma="preocupación" pos="NOUN">preocupación</instance>
         <wf lemma="sobre" pos="X">sobre</wf>
         <wf lemma="el" pos="X">el</wf>
         <wf lemma="impacto" pos="NOUN">impacto</wf>
         <wf lemma="de" pos="X">de</wf>
         <wf lemma="el" pos="X">los</wf>
         <wf lemma="nuevo" pos="ADJ">nuevos</wf>
         <wf lemma="medio_de_comunicación" pos="NOUN">medios_de_comunicación</wf>
         <wf lemma="&quot;" pos="X">&quot;</wf>
         <wf lemma="en" pos="X">en</wf>
         <wf lemma="proceso" pos="NOUN">procesos</wf>
         <wf lemma="de" pos="X">de</wf>
         <wf lemma="perfil" pos="NOUN">perfil</wf>
         <wf lemma="alto" pos="ADJ">alto</wf>
         <wf lemma="," pos="X">,</wf>
         <wf lemma="decir" pos="VERB">dijo</wf>
         <wf lemma="John" pos="NOUN">John</wf>
         <wf lemma="J." pos="NOUN">J.</wf>
         <wf lemma="Donohue" pos="NOUN">Donohue</wf>
         <wf lemma="III" pos="X">III</wf>
         <wf lemma="," pos="X">,</wf>
         <wf lemma="un" pos="X">un</wf>
         <instance id="d000.s150.t001" lemma="profesor" pos="NOUN">profesor</instance>
         <wf lemma="de" pos="X">de</wf>
         <wf lemma="el" pos="X">la</wf>
         <wf lemma="escuela" pos="NOUN">Escuela</wf>
         <wf lemma="de" pos="X">de</wf>
         <wf lemma="ley" pos="NOUN">Leyes</wf>
         <wf lemma="de" pos="X">de</wf>
         <instance id="d000.s150.t002" lemma="Stanford" pos="NOUN">Stanford</instance>
         <wf lemma="," pos="X">,</wf>
         <wf lemma="que" pos="X">que</wf>
         <wf lemma="estudiar" pos="VERB">estudió</wf>
         <wf lemma="el" pos="X">la</wf>
         <instance id="d000.s150.t003" lemma="pena_de_muerte" pos="NOUN">pena_de_muerte</instance>
         <wf lemma="de" pos="X">de</wf>
         <instance id="d000.s150.t004" lemma="Connecticut" pos="NOUN">Connecticut</instance>
         <wf lemma="y" pos="X">y</wf>
         <wf lemma="escribir" pos="VERB">escribió</wf>
         <wf lemma="un" pos="X">un</wf>
         <instance id="d000.s150.t005" lemma="informe" pos="NOUN">informe</instance>
         <wf lemma="en" pos="X">en</wf>
         <wf lemma="el" pos="X">el</wf>
         <wf lemma="que" pos="X">que</wf>
         <wf lemma="se" pos="X">se</wf>
         <wf lemma="decir" pos="VERB">decía</wf>
         <wf lemma="que" pos="X">que</wf>
         <wf lemma="este" pos="X">ésta</wf>
         <wf lemma="ser" pos="VERB">fue</wf>
         <wf lemma="imponer" pos="VERB">impuesta</wf>
         <wf lemma="arbitrariamente" pos="ADV">arbitrariamente</wf>
         <wf lemma="." pos="X">.</wf>
      </sentence>
      <sentence id="d000.s151" source="semeval2015-es">
         <instance id="d000.s151.t000" lemma="cerrar" pos="VERB">Cierra</instance>
         <wf pos="X">el</wf>
         <instance id="d000.s151.t001" lemma="programa" pos="NOUN">programa</instance>
         <wf pos="X">.</wf>
      </sentence>
      <sentence id="d000.s152" source="semeval2013-es">
         <wf lemma="se" pos="X">Se</wf>
         <wf lemma="crear" pos="VERB">cree</wf>
         <wf lemma="que" pos="X">que</wf>
         <wf lemma="el" pos="X">el</wf>
         <instance id="d000.s152.t000" lemma="delito" pos="NOUN">delito</instance>
         <wf lemma="haber" pos="VERB">había</wf>
         <wf lemma="ser" pos="VERB">sido</wf>
         <wf lemma="inspirar" pos="VERB">inspirado</wf>
         <wf lemma="por" pos="X">por</wf>
         <wf lemma="el" pos="X">el</wf>
         <instance id="d000.s152.t001" lemma="programa_de_televisión" pos="NOUN">programa_de_televisión</instance>
         <wf lemma="y" pos="X">y</wf>
         <wf lemma="el" pos="X">la</wf>
         <instance id="d000.s152.t002" lemma="película" pos="NOUN">película</instance>
         <wf lemma="&quot;" pos="X">&quot;</wf>
         <wf lemma="el_fugitivo" pos="NOUN">El_fugitivo</wf>
         <wf lemma="&quot;" pos="X">&quot;</wf>
         <wf lemma="." pos="X">.</wf>
      </sentence>
      <sentence id="d000.s153" source="semeval2013-es">
         <wf lemma="&quot;" pos="X">&quot;</wf>
         <wf lemma="en" pos="X">En</wf>
         <instance id="d000.s153.t000" lemma="consecuencia" pos="NOUN">consecuencia</instance>
         <wf lemma="," pos="X">,</wf>
         <wf lemma="poder" pos="VERB">puede</wf>
         <wf lemma="resultarle" pos="VERB">resultarle</wf>
         <wf lemma="complicar" pos="VERB">complicado</wf>
         <wf lemma="a" pos="X">a</wf>
         <wf lemma="el" pos="X">los</wf>
         <instance id="d000.s153.t001" lemma="organismo" pos="NOUN">organismos</instance>
         <wf lemma="diferenciarlos" pos="ADJ">diferenciarlos</wf>
         <wf lemma="&quot;" pos="X">&quot;</wf>
         <wf lemma="." pos="X">.</wf>
      </sentence>
      <sentence id="d000.s154" source="semeval2013-es">
         <wf lemma="además" pos="ADV">Además</wf>
         <wf lemma="," pos="X">,</wf>
         <wf lemma="el" pos="X">la</wf>
         <instance id="d000.s154.t000" lemma="existencia" pos="NOUN">existencia</instance>
         <wf lemma="de" pos="X">de</wf>
         <wf lemma="un" pos="X">una</wf>
         <wf lemma="red" pos="NOUN">red</wf>
         <wf lemma="social" pos="ADJ">social</wf>
         <wf lemma="de" pos="X">de</wf>
         <instance id="d000.s154.t001" lemma="seguridad" pos="NOUN">seguridad</instance>
         <wf lemma="más" pos="ADV">más</wf>
         <wf lemma="fuerte" pos="ADJ">fuerte</wf>
         <wf lemma="haber" pos="VERB">ha</wf>
         <wf lemma="contribuir" pos="VERB">contribuido</wf>
         <wf lemma="a" pos="X">a</wf>
         <wf lemma="proteger" pos="VERB">proteger</wf>
         <wf lemma="a" pos="X">a</wf>
         <wf lemma="el" pos="X">los</wf>
         <wf lemma="más" pos="ADV">más</wf>
         <wf lemma="pobre" pos="ADJ">pobres</wf>
         <wf lemma="." pos="X">.</wf>
      </sentence>
      <sentence id="d000.s155" source="semeval2013-es">
         <wf lemma="el" pos="X">La</wf>
         <wf lemma="único" pos="ADJ">única</wf>
         <instance id="d000.s155.t000" lemma="diferencia" pos="NOUN">diferencia</instance>
         <wf lemma="," pos="X">,</wf>
         <wf lemma="el" pos="X">el</wf>
         <wf lemma="grado" pos="NOUN">grado</wf>
         <wf lemma="de" pos="X">de</wf>
         <instance id="d000.s155.t001" lemma="generosidad" pos="NOUN">generosidad</instance>
      </sentence>
      <sentence id="d000.s156" source="semeval2013-es">
         <wf lemma="de" pos="X">De</wf>
         <wf lemma="hecho" pos="NOUN">hecho</wf>
         <wf lemma="," pos="X">,</wf>
         <wf lemma="el" pos="X">los</wf>
         <instance id="d000.s156.t000" lemma="juez" pos="NOUN">jueces</instance>
         <wf lemma="estar" pos="VERB">están</wf>
         <wf lemma="exento" pos="ADJ">exentos</wf>
         <wf lemma="del" pos="X">del</wf>
         <instance id="d000.s156.t001" lemma="código_de_conducta" pos="NOUN">Código_de_Conducta</instance>
         <wf lemma="que" pos="X">que</wf>
         <wf lemma="regir" pos="VERB">rige</wf>
         <wf lemma="el" pos="X">las</wf>
         <instance id="d000.s156.t002" lemma="acción" pos="NOUN">acciones</instance>
         <wf lemma="de" pos="X">de</wf>
         <wf lemma="el" pos="X">los</wf>
         <instance id="d000.s156.t003" lemma="magistrado" pos="NOUN">magistrados</instance>
         <wf lemma="federal" pos="ADJ">federales</wf>
         <wf lemma="inferior" pos="ADJ">inferiores</wf>
         <wf lemma="." pos="X">.</wf>
      </sentence>
      <sentence id="d000.s157" source="semeval2013-es">
         <wf lemma="como" pos="X">Como</wf>
         <wf lemma="si" pos="X">si</wf>
         <wf lemma="el" pos="X">los</wf>
         <instance id="d000.s157.t000" lemma="problema" pos="NOUN">problemas</instance>
         <wf lemma="no" pos="NOUN">no</wf>
         <wf lemma="ser" pos="VERB">fueran</wf>
         <wf lemma="suficiente" pos="ADJ">suficientes</wf>
         <wf lemma="para" pos="X">para</wf>
         <wf lemma="el" pos="X">el</wf>
         <wf lemma="deutsche_bank" pos="NOUN">Deutsche_Bank</wf>
         <wf lemma="," pos="X">,</wf>
         <wf lemma="suyo" pos="X">su</wf>
         <wf lemma="pasar" pos="VERB">pasado</wf>
         <wf lemma="en" pos="X">en</wf>
         <wf lemma="el" pos="X">los</wf>
         <instance id="d000.s157.t001" lemma="EE.UU." pos="NOUN">EE.UU.</instance>
         <wf lemma="adquirir" pos="VERB">adquiere</wf>
         <wf lemma="al" pos="X">al</wf>
         <wf lemma="gigante" pos="ADJ">gigante</wf>
         <wf lemma="del" pos="X">del</wf>
         <wf lemma="sector" pos="NOUN">sectores</wf>
         <wf lemma="," pos="X">,</wf>
         <wf lemma="el" pos="X">el</wf>
         <wf lemma="instituto" pos="NOUN">Instituto</wf>
         <wf lemma="de" pos="X">de</wf>
         <wf lemma="Frankfurt" pos="NOUN">Frankfurt</wf>
         <wf lemma="pagar" pos="VERB">paga</wf>
         <wf lemma="@card@" pos="X">145</wf>
         <wf lemma="millones" pos="X">millones</wf>
         <wf lemma="de" pos="X">de</wf>
         <instance id="d000.s157.t002" lemma="dólar" pos="NOUN">dólares</instance>
         <wf lemma="(" pos="X">(</wf>
         <wf lemma="@card@" pos="X">106</wf>
         <wf lemma="millones" pos="X">millones</wf>
         <wf lemma="de" pos="X">de</wf>
         <instance id="d000.s157.t003" lemma="euro" pos="NOUN">euros</instance>
         <wf lemma=")" pos="X">)</wf>
         <wf lemma="en" pos="X">en</wf>
         <wf lemma="un" pos="X">un</wf>
         <wf lemma="acuerdo" pos="NOUN">acuerdo</wf>
         <wf lemma="," pos="X">,</wf>
         <wf lemma="para" pos="X">para</wf>
         <wf lemma="poner" pos="VERB">poner</wf>
         <wf lemma="fin" pos="NOUN">fin</wf>
         <wf lemma="a" pos="X">a</wf>
         <wf lemma="el" pos="X">las</wf>
         <instance id="d000.s157.t004" lemma="contienda" pos="NOUN">contiendas</instance>
         <wf lemma="deber" pos="VERB">debidas</wf>
         <wf lemma="a" pos="X">a</wf>
         <wf lemma="el" pos="X">la</wf>
         <instance id="d000.s157.t005" lemma="quiebra" pos="NOUN">quiebra</instance>
         <wf lemma="de" pos="X">de</wf>
         <wf lemma="cinco" pos="X">cinco</wf>
         <wf lemma="grande" pos="ADJ">grandes</wf>
         <instance id="d000.s157.t006" lemma="cooperativa_de_crédito" pos="NOUN">cooperativas_de_crédito</instance>
         <wf lemma="durante" pos="X">durante</wf>
         <wf lemma="el" pos="X">la</wf>
         <wf lemma="crisis_financiera" pos="NOUN">crisis_financiera</wf>
         <wf lemma="." pos="X">.</wf>
      </sentence>
      <sentence id="d000.s158" source="semeval2013-es">
         <wf lemma="si" pos="X">Si</wf>
         <wf lemma="no" pos="NOUN">no</wf>
         <wf lemma="él" pos="X">lo</wf>
         <wf lemma="estar" pos="VERB">estuvieran</wf>
         <wf lemma="," pos="X">,</wf>
         <wf lemma="poder" pos="VERB">podría</wf>
         <wf lemma="decirse" pos="VERB">decirse</wf>
         <wf lemma="que" pos="X">que</wf>
         <wf lemma="caer" pos="VERB">caerían</wf>
         <wf lemma="bajo" pos="X">bajo</wf>
         <wf lemma="el" pos="X">el</wf>
         <wf lemma="código" pos="NOUN">Código</wf>
         <wf lemma="Canon" pos="NOUN">Canon</wf>
         <wf lemma="4C" pos="X">4C</wf>
         <wf lemma="," pos="X">,</wf>
         <wf lemma="que" pos="X">que</wf>
         <wf lemma="decir" pos="VERB">dice</wf>
         <wf lemma=":" pos="X">:</wf>
         <wf lemma="&quot;" pos="X">&quot;</wf>
         <wf lemma="un" pos="X">Un</wf>
         <instance id="d000.s158.t000" lemma="juez" pos="NOUN">juez</instance>
         <wf lemma="poder" pos="VERB">puede</wf>
         <wf lemma="asistir" pos="VERB">asistir</wf>
         <wf lemma="a" pos="X">a</wf>
         <instance id="d000.s158.t001" lemma="evento" pos="NOUN">eventos</instance>
         <wf lemma="para" pos="X">para</wf>
         <wf lemma="recaudar" pos="VERB">recaudar</wf>
         <instance id="d000.s158.t002" lemma="fondos" pos="NOUN">fondos</instance>
         <wf lemma="de" pos="X">de</wf>
         <instance id="d000.s158.t003" lemma="organización" pos="NOUN">organizaciones</instance>
         <wf lemma="relacionar" pos="VERB">relacionadas</wf>
         <wf lemma="con" pos="X">con</wf>
         <wf lemma="el" pos="X">la</wf>
         <instance id="d000.s158.t004" lemma="ley" pos="NOUN">ley</instance>
         <wf lemma="y" pos="X">y</wf>
         <wf lemma="otro" pos="X">otras</wf>
         <wf lemma="," pos="X">,</wf>
         <wf lemma="aunque" pos="X">aunque</wf>
         <wf lemma="el" pos="X">el</wf>
         <instance id="d000.s158.t005" lemma="juez" pos="NOUN">juez</instance>
         <wf lemma="no" pos="NOUN">no</wf>
         <wf lemma="poder" pos="VERB">puede</wf>
         <wf lemma="ser" pos="VERB">ser</wf>
         <wf lemma="un" pos="X">un</wf>
         <instance id="d000.s158.t006" lemma="orador" pos="NOUN">orador</instance>
         <wf lemma="," pos="X">,</wf>
         <wf lemma="un" pos="X">un</wf>
         <instance id="d000.s158.t007" lemma="invitado_de_honor" pos="NOUN">invitado_de_honor</instance>
         <wf lemma="," pos="X">,</wf>
         <wf lemma="o" pos="X">o</wf>
         <wf lemma="figurar" pos="VERB">figurar</wf>
         <wf lemma="en" pos="X">en</wf>
         <wf lemma="el" pos="X">el</wf>
         <wf lemma="programa" pos="NOUN">programa</wf>
         <wf lemma="de" pos="X">de</wf>
         <wf lemma="tal" pos="X">tal</wf>
         <instance id="d000.s158.t008" lemma="evento" pos="NOUN">evento</instance>
         <wf lemma="." pos="X">.</wf>
         <wf lemma="&quot;" pos="X">&quot;</wf>
      </sentence>
      <sentence id="d000.s159" source="semeval2015-es">
         <wf lemma="no~obstante" pos="ADV">No obstante</wf>
         <wf pos="X">,</wf>
         <wf pos="X">los</wf>
         <instance id="d000.s159.t000" lemma="paciente" pos="NOUN">pacientes</instance>
         <wf pos="X">de</wf>
         <wf pos="X">ambos</wf>
         <instance id="d000.s159.t001" lemma="estudio" pos="NOUN">estudios</instance>
         <wf pos="X">cuyo</wf>
         <instance id="d000.s159.t002" lemma="cáncer" pos="NOUN">cáncer</instance>
         <wf lemma="no" pos="NOUN">no</wf>
         <instance id="d000.s159.t003" lemma="afectar" pos="VERB">afectaba</instance>
         <wf pos="X">a</wf>
         <wf pos="X">las</wf>
         <instance id="d000.s159.t004" lemma="célula" pos="NOUN">células</instance>
         <wf lemma="escamosas" pos="ADJ">escamosas</wf>
         <instance id="d000.s159.t005" lemma="presentar" pos="VERB">presentaban</instance>
         <wf pos="X">un</wf>
         <instance id="d000.s159.t006" lemma="grande" pos="ADJ">mayor</instance>
         <instance id="d000.s159.t007" lemma="tiempo" pos="NOUN">tiempo</instance>
         <wf pos="X">de</wf>
         <instance id="d000.s159.t008" lemma="supervivencia" pos="NOUN">supervivencia</instance>
         <wf pos="X">cuando</wf>
         <instance id="d000.s159.t009" lemma="recibir" pos="VERB">recibían</instance>
         <wf lemma="alimta" pos="NOUN">Alimta</wf>
         <wf pos="X">que</wf>
         <wf pos="X">cuando</wf>
         <instance id="d000.s159.t010" lemma="recibir" pos="VERB">recibían</instance>
         <wf pos="X">el</wf>
         <instance id="d000.s159.t011" lemma="medicamento" pos="NOUN">medicamento</instance>
         <wf pos="X">de</wf>
         <instance id="d000.s159.t012" lemma="comparación" pos="NOUN">comparación</instance>
         <wf pos="X">.</wf>
      </sentence>
      <sentence id="d000.s160" source="semeval2013-es">
         <wf lemma="el" pos="X">La</wf>
         <instance id="d000.s160.t000" lemma="bolsa_de_nueva_york" pos="NOUN">Bolsa_de_Nueva_York</instance>
         <wf lemma="cerrar" pos="VERB">cerró</wf>
         <wf lemma="este" pos="X">este</wf>
         <instance id="d000.s160.t001" lemma="viernes" pos="NOUN">viernes</instance>
         <wf lemma="sin" pos="X">sin</wf>
         <instance id="d000.s160.t002" lemma="rumbo" pos="NOUN">rumbo</instance>
         <wf lemma="," pos="X">,</wf>
         <wf lemma="en" pos="X">en</wf>
         <wf lemma="un" pos="X">un</wf>
         <instance id="d000.s160.t003" lemma="mercado" pos="NOUN">mercado</instance>
         <wf lemma="que" pos="X">que</wf>
         <wf lemma="se" pos="X">se</wf>
         <wf lemma="debatir" pos="VERB">debate</wf>
         <wf lemma="entre" pos="X">entre</wf>
         <wf lemma="indicador" pos="NOUN">indicadores</wf>
         <wf lemma="bueno" pos="ADJ">mejores</wf>
         <wf lemma="que" pos="X">que</wf>
         <wf lemma="el" pos="X">los</wf>
         <wf lemma="prever" pos="VERB">previstos</wf>
         <wf lemma="en" pos="X">en</wf>
         <wf lemma="el" pos="X">los</wf>
         <instance id="d000.s160.t004" lemma="estados_unidos" pos="NOUN">Estados_Unidos</instance>
         <wf lemma="y" pos="X">y</wf>
         <wf lemma="el" pos="X">el</wf>
         <wf lemma="alza" pos="NOUN">alza</wf>
         <wf lemma="del" pos="X">del</wf>
         <instance id="d000.s160.t005" lemma="dólar" pos="NOUN">dólar</instance>
         <wf lemma=":" pos="X">:</wf>
         <wf lemma="el" pos="X">el</wf>
         <instance id="d000.s160.t006" lemma="dow_jones" pos="NOUN">Dow_Jones</instance>
         <wf lemma="ganar" pos="VERB">ganó</wf>
         <wf lemma="un" pos="X">un</wf>
         <wf lemma="@card@" pos="X">0,63</wf>
         <wf lemma="%" pos="X">%</wf>
         <wf lemma="," pos="X">,</wf>
         <wf lemma="pero" pos="X">pero</wf>
         <wf lemma="el" pos="X">el</wf>
         <instance id="d000.s160.t007" lemma="Nasdaq" pos="NOUN">Nasdaq</instance>
         <wf lemma="perder" pos="VERB">perdió</wf>
         <wf lemma="un" pos="X">un</wf>
         <wf lemma="@card@" pos="X">0,03</wf>
         <wf lemma="%" pos="X">%</wf>
         <wf lemma="." pos="X">.</wf>
      </sentence>
      <sentence id="d000.s161" source="semeval2015-es">
         <wf pos="X">El</wf>
         <wf lemma="proyecto" pos="NOUN">proyecto</wf>
         <instance id="d000.s161.t000" lemma="tener_en_cuenta" pos="VERB">tiene_en_cuenta</instance>
         <wf pos="X">,</wf>
         <wf pos="X">por</wf>
         <wf pos="X">otra</wf>
         <wf lemma="paite" pos="NOUN">paite</wf>
         <wf pos="X">,</wf>
         <wf pos="X">las</wf>
         <wf lemma="iniciativa" pos="NOUN">iniciativas</wf>
         <wf pos="X">para</wf>
         <wf lemma="luchar" pos="VERB">luchar</wf>
         <wf pos="X">contra</wf>
         <wf pos="X">esta</wf>
         <wf lemma="clase" pos="NOUN">clase</wf>
         <wf pos="X">de</wf>
         <wf lemma="discriminación" pos="NOUN">discriminación</wf>
         <wf pos="X">en</wf>
         <wf pos="X">las</wf>
         <instance id="d000.s161.t001" lemma="zona_rural" pos="NOUN">zonas_rurales</instance>
         <wf pos="X">y</wf>
         <wf pos="X">en</wf>
         <wf pos="X">las</wf>
         <wf lemma="pequeño_y_mediano_empresa" pos="ADJ">pequeñas_y_medianas_empresas</wf>
         <wf pos="X">.</wf>
      </sentence>
      <sentence id="d000.s162" source="semeval2015-es">
         <wf pos="X">Para</wf>
         <wf pos="X">la</wf>
         <instance id="d000.s162.t000" lemma="continuación" pos="NOUN">continuación</instance>
         <wf pos="X">del</wf>
         <instance id="d000.s162.t001" lemma="tratamiento" pos="NOUN">tratamiento</instance>
         <wf pos="X">,</wf>
         <wf pos="X">el</wf>
         <instance id="d000.s162.t002" lemma="propietario" pos="NOUN">propietario</instance>
         <wf lemma="poder" pos="VERB">puede</wf>
         <instance id="d000.s162.t003" lemma="administrar" pos="VERB">administrar</instance>
         <wf pos="X">el</wf>
         <instance id="d000.s162.t004" lemma="medicamento" pos="NOUN">medicamento</instance>
         <wf pos="X">al</wf>
         <instance id="d000.s162.t005" lemma="animal" pos="NOUN">animal</instance>
         <wf pos="X">en</wf>
         <instance id="d000.s162.t006" lemma="forma" pos="NOUN">forma</instance>
         <wf pos="X">de</wf>
         <wf lemma="comprimir" pos="VERB">comprimidos</wf>
         <wf pos="X">.</wf>
      </sentence>
      <sentence id="d000.s163" source="semeval2015-es">
         <wf lemma="estar" pos="VERB">Está</wf>
         <wf lemma="examinar" pos="VERB">examinando</wf>
         <wf lemma="asimismo" pos="ADV">asimismo</wf>
         <wf pos="X">los</wf>
         <instance id="d000.s163.t000" lemma="punto_de_vista" pos="NOUN">puntos_de_vista</instance>
         <wf pos="X">de</wf>
         <wf pos="X">los</wf>
         <wf lemma="interlocutor_social" pos="NOUN">interlocutores_sociales</wf>
         <wf pos="X">,</wf>
         <wf lemma="prestar" pos="VERB">prestando</wf>
         <wf lemma="especial" pos="ADJ">especial</wf>
         <wf lemma="atención" pos="NOUN">atención</wf>
         <wf pos="X">a</wf>
         <wf pos="X">las</wf>
         <wf lemma="propuesta" pos="NOUN">propuestas</wf>
         <wf pos="X">para</wf>
         <wf lemma="eliminar" pos="VERB">eliminar</wf>
         <wf pos="X">dichos</wf>
         <wf lemma="obstáculo" pos="NOUN">obstáculos</wf>
         <wf pos="X">.</wf>
      </sentence>
      <sentence id="d000.s164" source="semeval2013-es">
         <wf lemma="y" pos="X">Y</wf>
         <wf lemma="no" pos="NOUN">no</wf>
         <wf lemma="ser" pos="VERB">es</wf>
         <wf lemma="algo" pos="X">algo</wf>
         <wf lemma="que" pos="X">que</wf>
         <wf lemma="entre" pos="X">entre</wf>
         <wf lemma="en" pos="X">en</wf>
         <instance id="d000.s164.t000" lemma="conflicto" pos="NOUN">conflicto</instance>
         <wf lemma="con" pos="X">con</wf>
         <wf lemma="el" pos="X">las</wf>
         <wf lemma="norma" pos="NOUN">normas</wf>
         <wf lemma="ético" pos="ADJ">éticas</wf>
         <wf lemma="." pos="X">.</wf>
      </sentence>
      <sentence id="d000.s165" source="semeval2015-es">
         <wf lemma="¿qué" pos="VERB">¿Qué</wf>
         <instance id="d000.s165.t000" lemma="precaución" pos="NOUN">precauciones</instance>
         <wf lemma="deber" pos="VERB">debe</wf>
         <instance id="d000.s165.t001" lemma="adoptar" pos="VERB">adoptar</instance>
         <wf pos="X">la</wf>
         <instance id="d000.s165.t002" lemma="persona" pos="NOUN">persona</instance>
         <wf pos="X">que</wf>
         <instance id="d000.s165.t003" lemma="administrar" pos="VERB">administre</instance>
         <wf pos="X">el</wf>
         <instance id="d000.s165.t004" lemma="medicamento" pos="NOUN">medicamento</instance>
         <wf pos="X">o</wf>
         <instance id="d000.s165.t005" lemma="estar" pos="VERB">esté</instance>
         <wf pos="X">en</wf>
         <instance id="d000.s165.t006" lemma="contacto" pos="NOUN">contacto</instance>
         <wf pos="X">con</wf>
         <wf pos="X">el</wf>
         <instance id="d000.s165.t007" lemma="animal" pos="NOUN">animal</instance>
         <wf pos="X">?</wf>
      </sentence>
      <sentence id="d000.s166" source="semeval2013-es">
         <wf lemma="¿" pos="X">¿</wf>
         <wf lemma="el" pos="X">Los</wf>
         <instance id="d000.s166.t000" lemma="invitado" pos="NOUN">invitados</instance>
         <wf lemma="especial" pos="ADJ">especiales</wf>
         <wf lemma="en" pos="X">en</wf>
         <wf lemma="el" pos="X">la</wf>
         <instance id="d000.s166.t001" lemma="cena" pos="NOUN">cena</instance>
         <wf lemma="?" pos="X">?</wf>
         <wf lemma="Scalia" pos="NOUN">Scalia</wf>
         <wf lemma="y" pos="X">y</wf>
         <wf lemma="Thomas" pos="NOUN">Thomas</wf>
         <wf lemma="." pos="X">.</wf>
      </sentence>
      <sentence id="d000.s167" source="semeval2015-es">
         <wf lemma="en~general" pos="ADV">En general</wf>
         <wf pos="X">,</wf>
         <wf lemma="cerenia" pos="NOUN">Cerenia</wf>
         <wf lemma="ser" pos="VERB">fue</wf>
         <instance id="d000.s167.t000" lemma="bien" pos="ADV">bien</instance>
         <instance id="d000.s167.t001" lemma="tolerar" pos="VERB">tolerado</instance>
         <wf pos="X">cuando</wf>
         <wf pos="X">se</wf>
         <instance id="d000.s167.t002" lemma="administrar" pos="VERB">administró</instance>
         <instance id="d000.s167.t003" lemma="diariamente" pos="ADV">diariamente</instance>
         <wf pos="X">a</wf>
         <instance id="d000.s167.t004" lemma="dosis" pos="NOUN">dosis</instance>
         <wf pos="X">de</wf>
         <wf pos="X">hasta</wf>
         <wf pos="X">5</wf>
         <wf lemma="vez" pos="NOUN">veces</wf>
         <wf pos="X">la</wf>
         <instance id="d000.s167.t005" lemma="dosis" pos="NOUN">dosis</instance>
         <instance id="d000.s167.t006" lemma="recomendar" pos="VERB">recomendada</instance>
         <wf pos="X">durante</wf>
         <wf pos="X">un</wf>
         <instance id="d000.s167.t007" lemma="período" pos="NOUN">período</instance>
         <wf pos="X">de</wf>
         <instance id="d000.s167.t008" lemma="tiempo" pos="NOUN">tiempo</instance>
         <instance id="d000.s167.t009" lemma="prolongar" pos="VERB">prolongado</instance>
         <wf pos="X">(</wf>
         <wf pos="X">hasta</wf>
         <wf pos="X">3</wf>
         <wf lemma="vez" pos="NOUN">veces</wf>
         <wf pos="X">la</wf>
         <instance id="d000.s167.t010" lemma="duración" pos="NOUN">duración</instance>
         <wf lemma="grande" pos="ADJ">máxima</wf>
         <instance id="d000.s167.t011" lemma="recomendar" pos="VERB">recomendada</instance>
         <wf pos="X">del</wf>
         <instance id="d000.s167.t012" lemma="tratamiento" pos="NOUN">tratamiento</instance>
         <wf pos="X">)</wf>
         <wf pos="X">.</wf>
      </sentence>
      <sentence id="d000.s168" source="semeval2013-es">
         <wf lemma="el" pos="X">Los</wf>
         <instance id="d000.s168.t000" lemma="abogado" pos="NOUN">abogados</instance>
         <wf lemma="de" pos="X">de</wf>
         <wf lemma="Hayes" pos="NOUN">Hayes</wf>
         <wf lemma="estar" pos="VERB">están</wf>
         <wf lemma="presionar" pos="VERB">presionando</wf>
         <wf lemma="por" pos="X">por</wf>
         <wf lemma="ese" pos="X">ese</wf>
         <wf lemma="reclamo" pos="NOUN">reclamo</wf>
         <wf lemma="." pos="X">.</wf>
      </sentence>
      <sentence id="d000.s169" source="semeval2013-es">
         <wf lemma="este" pos="X">Esto</wf>
         <wf lemma="ser" pos="VERB">es</wf>
         <wf lemma="claramente" pos="ADV">claramente</wf>
         <wf lemma="un" pos="X">un</wf>
         <wf lemma="juego" pos="NOUN">juego</wf>
         <wf lemma="donde" pos="ADV">donde</wf>
         <wf lemma="se" pos="X">se</wf>
         <wf lemma="estar" pos="VERB">está</wf>
         <wf lemma="desarrollar" pos="VERB">desarrollando</wf>
         <wf lemma="un" pos="X">una</wf>
         <wf lemma="nuevo" pos="ADJ">nueva</wf>
         <instance id="d000.s169.t000" lemma="hegemonía" pos="NOUN">hegemonía</instance>
         <wf lemma="económico" pos="ADJ">económica</wf>
         <wf lemma="," pos="X">,</wf>
         <wf lemma="sostener" pos="VERB">sostuvo</wf>
         <wf lemma="Ulate" pos="NOUN">Ulate</wf>
         <wf lemma="," pos="X">,</wf>
         <wf lemma="quien" pos="X">quien</wf>
         <wf lemma="también" pos="ADV">también</wf>
         <wf lemma="trabajar" pos="VERB">trabaja</wf>
         <wf lemma="como" pos="X">como</wf>
         <wf lemma="consejero" pos="NOUN">consejero</wf>
         <wf lemma="regional" pos="ADJ">regional</wf>
         <wf lemma="sobre" pos="X">sobre</wf>
         <instance id="d000.s169.t001" lemma="cambio_climático" pos="NOUN">cambio_climático</instance>
         <wf lemma="de" pos="X">de</wf>
         <instance id="d000.s169.t002" lemma="México" pos="NOUN">México</instance>
         <wf lemma="y" pos="X">y</wf>
         <wf lemma="américa_central" pos="NOUN">América_Central</wf>
         <wf lemma="," pos="X">,</wf>
         <wf lemma="para" pos="X">para</wf>
         <wf lemma="conservación" pos="NOUN">Conservación</wf>
         <wf lemma="internacional" pos="ADJ">Internacional</wf>
         <wf lemma="." pos="X">.</wf>
      </sentence>
      <sentence id="d000.s170" source="semeval2013-es">
         <wf lemma="alrededor" pos="X">Alrededor</wf>
         <wf lemma="del" pos="X">del</wf>
         <wf lemma="@card@" pos="X">44</wf>
         <wf lemma="%" pos="X">%</wf>
         <wf lemma="de" pos="X">de</wf>
         <wf lemma="el" pos="X">los</wf>
         <wf lemma="encuestado" pos="NOUN">encuestados</wf>
         <wf lemma="en" pos="X">en</wf>
         <wf lemma="el" pos="X">la</wf>
         <instance id="d000.s170.t000" lemma="región" pos="NOUN">región</instance>
         <wf lemma="se" pos="X">se</wf>
         <wf lemma="declarar" pos="VERB">declararon</wf>
         <wf lemma="satisfacer" pos="VERB">satisfechos</wf>
         <wf lemma="con" pos="X">con</wf>
         <wf lemma="el" pos="X">el</wf>
         <wf lemma="modo" pos="NOUN">modo</wf>
         <wf lemma="en" pos="X">en</wf>
         <wf lemma="que" pos="X">que</wf>
         <wf lemma="funcionar" pos="VERB">funciona</wf>
         <wf lemma="el" pos="X">la</wf>
         <instance id="d000.s170.t001" lemma="democracia" pos="NOUN">democracia</instance>
         <wf lemma="en" pos="X">en</wf>
         <wf lemma="el" pos="X">la</wf>
         <instance id="d000.s170.t002" lemma="práctica" pos="NOUN">práctica</instance>
         <wf lemma="en" pos="X">en</wf>
         <wf lemma="suyo" pos="X">su</wf>
         <instance id="d000.s170.t003" lemma="país" pos="NOUN">país</instance>
         <wf lemma="," pos="X">,</wf>
         <wf lemma="el" pos="X">la</wf>
         <wf lemma="mismo" pos="ADJ">misma</wf>
         <wf lemma="cifra" pos="NOUN">cifra</wf>
         <wf lemma="que" pos="X">que</wf>
         <wf lemma="el" pos="X">el</wf>
         <instance id="d000.s170.t004" lemma="año" pos="NOUN">año</instance>
         <wf lemma="pasar" pos="VERB">pasado</wf>
         <wf lemma="," pos="X">,</wf>
         <wf lemma="pero" pos="X">pero</wf>
         <wf lemma="considerablemente" pos="ADV">considerablemente</wf>
         <wf lemma="superior" pos="ADJ">superior</wf>
         <wf lemma="al" pos="X">al</wf>
         <wf lemma="@card@" pos="X">25</wf>
         <wf lemma="%" pos="X">%</wf>
         <wf lemma="registrar" pos="VERB">registrado</wf>
         <wf lemma="en" pos="X">en</wf>
         <wf lemma="@card@" pos="X">2001</wf>
         <wf lemma="(" pos="X">(</wf>
         <instance id="d000.s170.t005" lemma="gráfico" pos="NOUN">gráfico</instance>
         <wf lemma="3" pos="X">3</wf>
         <wf lemma=")" pos="X">)</wf>
         <wf lemma="." pos="X">.</wf>
      </sentence>
      <sentence id="d000.s171" source="semeval2013-es">
         <wf lemma="como" pos="X">Como</wf>
         <wf lemma="ser" pos="VERB">es</wf>
         <wf lemma="bien" pos="ADV">bien</wf>
         <wf lemma="saber" pos="VERB">sabido</wf>
         <wf lemma="," pos="X">,</wf>
         <wf lemma="a" pos="X">a</wf>
         <wf lemma="falta" pos="NOUN">falta</wf>
         <wf lemma="de" pos="X">de</wf>
         <wf lemma="un" pos="X">unos</wf>
         <instance id="d000.s171.t000" lemma="minuto" pos="NOUN">minutos</instance>
         <wf lemma="para" pos="X">para</wf>
         <wf lemma="acabar" pos="VERB">acabar</wf>
         <wf lemma="el" pos="X">el</wf>
         <wf lemma="partido" pos="NOUN">partido</wf>
         <wf lemma="(" pos="X">(</wf>
         <wf lemma="que" pos="X">que</wf>
         <wf lemma="suyo" pos="X">su</wf>
         <instance id="d000.s171.t001" lemma="equipo" pos="NOUN">equipo</instance>
         <wf lemma="ya" pos="ADV">ya</wf>
         <wf lemma="tener" pos="VERB">tenía</wf>
         <wf lemma="claramente" pos="ADV">claramente</wf>
         <wf lemma="ganar" pos="VERB">ganado</wf>
         <wf lemma=")" pos="X">)</wf>
         <wf lemma="," pos="X">,</wf>
         <wf lemma="el" pos="X">los</wf>
         <wf lemma="dos" pos="X">dos</wf>
         <instance id="d000.s171.t002" lemma="jugador" pos="NOUN">jugadores</instance>
         <wf lemma="perder" pos="VERB">perdieron</wf>
         <wf lemma="deliberadamente" pos="ADV">deliberadamente</wf>
         <instance id="d000.s171.t003" lemma="tiempo" pos="NOUN">tiempo</instance>
         <wf lemma="a" pos="X">a</wf>
         <wf lemma="el" pos="X">la</wf>
         <instance id="d000.s171.t004" lemma="hora" pos="NOUN">hora</instance>
         <wf lemma="de" pos="X">de</wf>
         <wf lemma="sacar" pos="VERB">sacar</wf>
         <wf lemma="senda" pos="VERB">sendas</wf>
         <wf lemma="falta" pos="NOUN">faltas</wf>
         <wf lemma="para" pos="X">para</wf>
         <wf lemma="provocar" pos="VERB">provocar</wf>
         <wf lemma="que" pos="X">que</wf>
         <wf lemma="el" pos="X">el</wf>
         <instance id="d000.s171.t005" lemma="árbitro" pos="NOUN">árbitro</instance>
         <wf lemma="él" pos="X">les</wf>
         <wf lemma="mostrar" pos="VERB">mostrara</wf>
         <wf lemma="el" pos="X">la</wf>
         <wf lemma="segundo" pos="X">segunda</wf>
         <wf lemma="tarjeta" pos="NOUN">tarjeta</wf>
         <wf lemma="amarillo" pos="ADJ">amarilla</wf>
         <wf lemma="." pos="X">.</wf>
      </sentence>
      <sentence id="d000.s172" source="semeval2013-es">
         <wf lemma="&quot;" pos="X">&quot;</wf>
         <wf lemma="este" pos="X">Esta</wf>
         <wf lemma="impresionante" pos="ADJ">impresionante</wf>
         <wf lemma="brecha" pos="NOUN">brecha</wf>
         <wf lemma="de" pos="X">de</wf>
         <wf lemma="el" pos="X">la</wf>
         <instance id="d000.s172.t000" lemma="ética" pos="NOUN">ética</instance>
         <wf lemma="y" pos="X">e</wf>
         <instance id="d000.s172.t001" lemma="indiferencia" pos="NOUN">indiferencia</instance>
         <wf lemma="hacia" pos="X">hacia</wf>
         <wf lemma="el" pos="X">el</wf>
         <instance id="d000.s172.t002" lemma="código" pos="NOUN">código</instance>
         <wf lemma="ir" pos="VERB">va</wf>
         <wf lemma="en" pos="X">en</wf>
         <wf lemma="contra" pos="X">contra</wf>
         <wf lemma="de" pos="X">de</wf>
         <wf lemma="el" pos="X">las</wf>
         <instance id="d000.s172.t003" lemma="demanda" pos="NOUN">demandas</instance>
         <wf lemma="de" pos="X">de</wf>
         <wf lemma="varios" pos="X">varios</wf>
         <instance id="d000.s172.t004" lemma="magistrado" pos="NOUN">magistrados</instance>
         <wf lemma="que" pos="X">que</wf>
         <wf lemma="acatar" pos="VERB">acata</wf>
         <wf lemma="el" pos="X">el</wf>
         <instance id="d000.s172.t005" lemma="tribunal" pos="NOUN">tribunal</instance>
         <wf lemma="por" pos="X">por</wf>
         <wf lemma="el" pos="X">las</wf>
         <wf lemma="mismo" pos="ADJ">mismas</wf>
         <wf lemma="regla" pos="NOUN">reglas</wf>
         <wf lemma="que" pos="X">que</wf>
         <wf lemma="se" pos="X">se</wf>
         <wf lemma="aplicar" pos="VERB">aplican</wf>
         <wf lemma="a" pos="X">a</wf>
         <wf lemma="todo" pos="X">todos</wf>
         <wf lemma="el" pos="X">los</wf>
         <instance id="d000.s172.t006" lemma="juez_federal" pos="NOUN">jueces_federales</instance>
         <wf lemma="&quot;" pos="X">&quot;</wf>
         <wf lemma="," pos="X">,</wf>
         <wf lemma="decir" pos="VERB">dijo</wf>
         <wf lemma="Bob" pos="NOUN">Bob</wf>
         <wf lemma="Edgar" pos="NOUN">Edgar</wf>
         <wf lemma="," pos="X">,</wf>
         <wf lemma="el" pos="X">el</wf>
         <instance id="d000.s172.t007" lemma="presidente" pos="NOUN">presidente</instance>
         <wf lemma="de" pos="X">de</wf>
         <wf lemma="Common" pos="NOUN">Common</wf>
         <wf lemma="Cause" pos="NOUN">Cause</wf>
         <wf lemma="(" pos="X">(</wf>
         <wf lemma="causa" pos="NOUN">Causa</wf>
         <wf lemma="Común" pos="NOUN">Común</wf>
         <wf lemma=")" pos="X">)</wf>
         <wf lemma="." pos="X">.</wf>
      </sentence>
      <sentence id="d000.s173" source="semeval2015-es">
         <wf pos="X">:</wf>
         <wf pos="X">=</wf>
         <wf pos="X">:</wf>
         <wf pos="X">Se</wf>
         <instance id="d000.s173.t000" lemma="usar" pos="VERB">usa</instance>
         <wf pos="X">para</wf>
         <instance id="d000.s173.t001" lemma="definir" pos="VERB">definir</instance>
         <wf pos="X">el</wf>
         <instance id="d000.s173.t002" lemma="valor" pos="NOUN">valor</instance>
         <wf pos="X">de</wf>
         <wf pos="X">una</wf>
         <instance id="d000.s173.t003" lemma="variable" pos="NOUN">variable</instance>
         <wf pos="X">.</wf>
      </sentence>
      <sentence id="d000.s174" source="semeval2013-es">
         <wf lemma="Debbie" pos="NOUN">Debbie</wf>
         <wf lemma="Matz" pos="NOUN">Matz</wf>
         <wf lemma="," pos="X">,</wf>
         <instance id="d000.s174.t000" lemma="presidente" pos="NOUN">presidente</instance>
         <wf lemma="de" pos="X">de</wf>
         <wf lemma="el" pos="X">la</wf>
         <wf lemma="NCUA" pos="NOUN">NCUA</wf>
         <wf lemma="," pos="X">,</wf>
         <wf lemma="celebrar" pos="VERB">celebró</wf>
         <wf lemma="el" pos="X">la</wf>
         <instance id="d000.s174.t001" lemma="deferencia" pos="NOUN">deferencia</instance>
         <wf lemma="de" pos="X">de</wf>
         <wf lemma="ambo" pos="X">ambas</wf>
         <instance id="d000.s174.t002" lemma="institución_financiera" pos="NOUN">instituciones_financieras</instance>
         <wf lemma="." pos="X">.</wf>
      </sentence>
      <sentence id="d000.s175" source="semeval2013-es">
         <wf lemma="al" pos="X">Al</wf>
         <wf lemma="principio" pos="NOUN">principio</wf>
         <wf lemma="de" pos="X">de</wf>
         <wf lemma="suyo" pos="X">su</wf>
         <wf lemma="mandato" pos="NOUN">mandato</wf>
         <wf lemma="," pos="X">,</wf>
         <wf lemma="nicolas_sarkozy" pos="NOUN">Nicolas_Sarkozy</wf>
         <wf lemma="querer" pos="VERB">quería</wf>
         <wf lemma="ir" pos="VERB">ir</wf>
         <wf lemma="a" pos="X">a</wf>
         <wf lemma="buscar" pos="VERB">buscar</wf>
         <wf lemma="el" pos="X">los</wf>
         <instance id="d000.s175.t000" lemma="punto" pos="NOUN">puntos</instance>
         <wf lemma="de" pos="X">de</wf>
         <wf lemma="crecimiento" pos="NOUN">crecimiento</wf>
         <wf lemma="que" pos="X">que</wf>
         <wf lemma="él" pos="X">le</wf>
         <wf lemma="faltar" pos="VERB">faltaban</wf>
         <wf lemma="&quot;" pos="X">&quot;</wf>
         <wf lemma="con" pos="X">con</wf>
         <wf lemma="el" pos="X">los</wf>
         <instance id="d000.s175.t001" lemma="diente" pos="NOUN">dientes</instance>
         <wf lemma="&quot;" pos="X">&quot;</wf>
         <wf lemma="." pos="X">.</wf>
      </sentence>
      <sentence id="d000.s176" source="semeval2015-es">
         <wf lemma="¿cuáles" pos="ADJ">¿Cuáles</wf>
         <wf lemma="ser" pos="VERB">son</wf>
         <wf pos="X">los</wf>
         <instance id="d000.s176.t000" lemma="efecto" pos="NOUN">efectos</instance>
         <instance id="d000.s176.t001" lemma="secundario" pos="ADJ">secundarios</instance>
         <wf pos="X">de</wf>
         <wf lemma="cerenia" pos="NOUN">Cerenia</wf>
         <wf pos="X">?</wf>
      </sentence>
      <sentence id="d000.s177" source="semeval2015-es">
         <wf pos="X">Aunque</wf>
         <wf pos="X">en</wf>
         <wf pos="X">un</wf>
         <instance id="d000.s177.t000" lemma="principio" pos="NOUN">principio</instance>
         <wf lemma="estar" pos="VERB">estuvo</wf>
         <instance id="d000.s177.t001" lemma="orientar" pos="VERB">orientado</instance>
         <wf pos="X">a</wf>
         <wf lemma="mathml" pos="NOUN">MathML</wf>
         <wf pos="X">,</wf>
         <instance id="d000.s177.t002" lemma="actualmente" pos="ADV">actualmente</instance>
         <wf lemma="poder" pos="VERB">puede</wf>
         <wf lemma="ser" pos="VERB">ser</wf>
         <instance id="d000.s177.t003" lemma="usar" pos="VERB">usado</instance>
         <wf pos="X">por</wf>
         <wf pos="X">cualquier</wf>
         <instance id="d000.s177.t004" lemma="persona" pos="NOUN">persona</instance>
         <wf pos="X">,</wf>
         <wf pos="X">aunque</wf>
         <instance id="d000.s177.t005" lemma="poseer" pos="VERB">posea</instance>
         <wf pos="X">pocos</wf>
         <instance id="d000.s177.t006" lemma="conocimiento" pos="NOUN">conocimientos</instance>
         <instance id="d000.s177.t007" lemma="matemático" pos="ADJ">matemáticos</instance>
         <wf pos="X">.</wf>
      </sentence>
      <sentence id="d000.s178" source="semeval2013-es">
         <wf lemma="uno" pos="X">Uno</wf>
         <wf lemma="de" pos="X">de</wf>
         <wf lemma="el" pos="X">los</wf>
         <wf lemma="caso" pos="NOUN">casos</wf>
         <wf lemma="en" pos="X">en</wf>
         <instance id="d000.s178.t000" lemma="cuestión" pos="NOUN">cuestión</instance>
         <wf lemma="ser" pos="VERB">era</wf>
         <wf lemma="un" pos="X">una</wf>
         <instance id="d000.s178.t001" lemma="demanda" pos="NOUN">demanda</instance>
         <wf lemma="presentar" pos="VERB">presentada</wf>
         <wf lemma="por" pos="X">por</wf>
         <wf lemma="@card@" pos="X">26</wf>
         <instance id="d000.s178.t002" lemma="estado" pos="NOUN">estados</instance>
         <wf lemma="desafiar" pos="VERB">desafiando</wf>
         <wf lemma="el" pos="X">la</wf>
         <wf lemma="reforma" pos="NOUN">reforma</wf>
         <wf lemma="total" pos="ADJ">total</wf>
         <wf lemma="de" pos="X">de</wf>
         <wf lemma="el" pos="X">la</wf>
         <instance id="d000.s178.t003" lemma="asistencia_sanitaria" pos="NOUN">asistencia_sanitaria</instance>
         <wf lemma="aprobar" pos="VERB">aprobada</wf>
         <wf lemma="por" pos="X">por</wf>
         <wf lemma="el" pos="X">el</wf>
         <instance id="d000.s178.t004" lemma="congreso" pos="NOUN">Congreso</instance>
         <wf lemma="el" pos="X">el</wf>
         <instance id="d000.s178.t005" lemma="año" pos="NOUN">año</instance>
         <wf lemma="pasar" pos="VERB">pasado</wf>
         <wf lemma="," pos="X">,</wf>
         <wf lemma="un" pos="X">una</wf>
         <instance id="d000.s178.t006" lemma="ley" pos="NOUN">ley</instance>
         <wf lemma="que" pos="X">que</wf>
         <wf lemma="haber" pos="VERB">ha</wf>
         <wf lemma="ser" pos="VERB">sido</wf>
         <wf lemma="un" pos="X">un</wf>
         <instance id="d000.s178.t007" lemma="grito_de_guerra" pos="NOUN">grito_de_guerra</instance>
         <wf lemma="para" pos="X">para</wf>
         <wf lemma="el" pos="X">los</wf>
         <instance id="d000.s178.t008" lemma="activista" pos="NOUN">activistas</instance>
         <wf lemma="conservador" pos="ADJ">conservadores</wf>
         <wf lemma="en" pos="X">en</wf>
         <wf lemma="todo" pos="X">todo</wf>
         <wf lemma="el" pos="X">el</wf>
         <instance id="d000.s178.t009" lemma="país" pos="NOUN">país</instance>
         <wf lemma="." pos="X">.</wf>
      </sentence>
      <sentence id="d000.s179" source="semeval2015-es">
         <wf pos="X">El</wf>
         <wf lemma="estudio" pos="NOUN">estudio</wf>
         <wf pos="X">se</wf>
         <wf lemma="basar" pos="VERB">basa</wf>
         <wf pos="X">en</wf>
         <wf pos="X">195</wf>
         <wf lemma="entrevistar" pos="VERB">entrevistas</wf>
         <wf lemma="personal" pos="ADJ">personales</wf>
         <wf pos="X">con</wf>
         <wf lemma="alto" pos="ADJ">altos</wf>
         <wf lemma="responsable" pos="NOUN">responsables</wf>
         <wf pos="X">de</wf>
         <wf pos="X">los</wf>
         <wf lemma="interlocutor_social" pos="NOUN">interlocutores_sociales</wf>
         <wf pos="X">,</wf>
         <wf pos="X">en</wf>
         <wf pos="X">su</wf>
         <wf lemma="calidad" pos="NOUN">calidad</wf>
         <wf pos="X">de</wf>
         <wf lemma="representante" pos="NOUN">representantes</wf>
         <wf pos="X">de</wf>
         <wf lemma="importante" pos="ADJ">importantes</wf>
         <wf lemma="organización" pos="NOUN">organizaciones</wf>
         <wf lemma="nacional" pos="ADJ">nacionales</wf>
         <wf pos="X">de</wf>
         <wf pos="X">15</wf>
         <instance id="d000.s179.t000" lemma="país_europeo" pos="NOUN">países_europeos</instance>
         <wf pos="X">.</wf>
      </sentence>
      <sentence id="d000.s180" source="semeval2015-es">
         <wf lemma="asistir" pos="VERB">Asistieron</wf>
         <wf lemma="más" pos="ADV">más</wf>
         <wf pos="X">de</wf>
         <wf pos="X">100</wf>
         <wf lemma="participante" pos="NOUN">participantes</wf>
         <wf pos="X">en</wf>
         <wf lemma="representación" pos="NOUN">representación</wf>
         <wf pos="X">de</wf>
         <wf pos="X">los</wf>
         <wf lemma="principal" pos="ADJ">principales</wf>
         <instance id="d000.s180.t000" lemma="grupo_de_interés" pos="NOUN">grupos_de_interés</instance>
         <wf pos="X">,</wf>
         <wf pos="X">los</wf>
         <wf pos="X">cuales</wf>
         <wf lemma="discutir" pos="VERB">discutieron</wf>
         <wf lemma="cuestión" pos="NOUN">cuestiones</wf>
         <wf pos="X">tales</wf>
         <wf pos="X">como</wf>
         <wf pos="X">el</wf>
         <wf lemma="papel" pos="NOUN">papel</wf>
         <wf pos="X">de</wf>
         <wf pos="X">los</wf>
         <wf lemma="principal" pos="ADJ">principales</wf>
         <wf lemma="agente" pos="NOUN">agentes</wf>
         <wf pos="X">,</wf>
         <wf pos="X">entre</wf>
         <wf pos="X">ellos</wf>
         <wf pos="X">,</wf>
         <wf pos="X">las</wf>
         <wf lemma="autoridad" pos="NOUN">autoridades</wf>
         <wf lemma="público" pos="ADJ">públicas</wf>
         <wf pos="X">,</wf>
         <wf pos="X">los</wf>
         <wf lemma="interlocutor_social" pos="NOUN">interlocutores_sociales</wf>
         <wf pos="X">y</wf>
         <wf pos="X">las</wf>
         <wf lemma="organización_comunitario" pos="NOUN">organizaciones_comunitarias</wf>
         <wf pos="X">y</wf>
         <wf pos="X">de</wf>
         <wf lemma="voluntario" pos="NOUN">voluntarios</wf>
         <wf pos="X">,</wf>
         <wf lemma="además" pos="ADV">además</wf>
         <wf pos="X">de</wf>
         <wf pos="X">los</wf>
         <wf lemma="propio" pos="ADJ">propios</wf>
         <wf lemma="usuario" pos="NOUN">usuarios</wf>
         <wf pos="X">.</wf>
      </sentence>
      <sentence id="d000.s181" source="semeval2013-es">
         <wf lemma="estar" pos="VERB">Estamos</wf>
         <wf lemma="entrar" pos="VERB">entrando</wf>
         <wf lemma="en" pos="X">en</wf>
         <wf lemma="el" pos="X">las</wf>
         <wf lemma="liga" pos="NOUN">ligas</wf>
         <wf lemma="grande" pos="ADJ">mayores</wf>
         <wf lemma="," pos="X">,</wf>
         <wf lemma="decir" pos="VERB">dijo</wf>
         <wf lemma="carlos" pos="NOUN">Carlos</wf>
         <wf lemma="manuel" pos="NOUN">Manuel</wf>
         <wf lemma="rodríguez" pos="NOUN">Rodríguez</wf>
         <wf lemma="," pos="X">,</wf>
         <instance id="d000.s181.t000" lemma="vicepresidente" pos="NOUN">vicepresidente</instance>
         <wf lemma="para" pos="X">para</wf>
         <wf lemma="el" pos="X">la</wf>
         <wf lemma="política_global" pos="NOUN">política_global</wf>
         <wf lemma="de" pos="X">de</wf>
         <wf lemma="conservación" pos="NOUN">Conservación</wf>
         <wf lemma="internacional" pos="ADJ">Internacional</wf>
         <wf lemma="." pos="X">.</wf>
      </sentence>
      <sentence id="d000.s182" source="semeval2015-es">
         <wf pos="X">En</wf>
         <wf pos="X">él</wf>
         <wf pos="X">se</wf>
         <instance id="d000.s182.t000" lemma="explicar" pos="VERB">explica</instance>
         <wf lemma="cómo" pos="ADV">cómo</wf>
         <wf pos="X">el</wf>
         <instance id="d000.s182.t001" lemma="comité" pos="NOUN">Comité</instance>
         <wf pos="X">de</wf>
         <instance id="d000.s182.t002" lemma="medicamento" pos="NOUN">Medicamentos</instance>
         <wf pos="X">de</wf>
         <instance id="d000.s182.t003" lemma="uso" pos="NOUN">Uso</instance>
         <instance id="d000.s182.t004" lemma="humano" pos="ADJ">Humano</instance>
         <wf pos="X">(</wf>
         <wf lemma="chmp" pos="NOUN">CHMP</wf>
         <wf pos="X">)</wf>
         <wf lemma="haber" pos="VERB">ha</wf>
         <instance id="d000.s182.t005" lemma="evaluar" pos="VERB">evaluado</instance>
         <wf pos="X">los</wf>
         <instance id="d000.s182.t006" lemma="estudio" pos="NOUN">estudios</instance>
         <instance id="d000.s182.t007" lemma="realizar" pos="VERB">realizados</instance>
         <wf pos="X">con</wf>
         <wf pos="X">el</wf>
         <instance id="d000.s182.t008" lemma="medicamento" pos="NOUN">medicamento</instance>
         <wf pos="X">a fin de</wf>
         <instance id="d000.s182.t009" lemma="emitir" pos="VERB">emitir</instance>
         <wf pos="X">unas</wf>
         <instance id="d000.s182.t010" lemma="recomendación" pos="NOUN">recomendaciones</instance>
         <wf pos="X">sobre</wf>
         <wf pos="X">su</wf>
         <instance id="d000.s182.t011" lemma="uso" pos="NOUN">uso</instance>
         <wf pos="X">.</wf>
      </sentence>
      <sentence id="d000.s183" source="semeval2013-es">
         <wf lemma="alguno" pos="X">Algunos</wf>
         <instance id="d000.s183.t000" lemma="jurado" pos="NOUN">jurados</instance>
         <wf lemma="haber" pos="VERB">han</wf>
         <wf lemma="decir" pos="VERB">dicho</wf>
         <wf lemma="que" pos="X">que</wf>
         <wf lemma="estar" pos="VERB">estaban</wf>
         <wf lemma="horrorizar" pos="VERB">horrorizados</wf>
         <wf lemma="por" pos="X">por</wf>
         <wf lemma="el" pos="X">las</wf>
         <instance id="d000.s183.t001" lemma="fotografía" pos="NOUN">fotografías</instance>
         <wf lemma="de" pos="X">de</wf>
         <wf lemma="el" pos="X">las</wf>
         <instance id="d000.s183.t002" lemma="víctima" pos="NOUN">víctimas</instance>
         <wf lemma="," pos="X">,</wf>
         <wf lemma="Jennifer" pos="NOUN">Jennifer</wf>
         <wf lemma="Hawke-Petit" pos="NOUN">Hawke-Petit</wf>
         <wf lemma="," pos="X">,</wf>
         <wf lemma="de" pos="X">de</wf>
         <wf lemma="@card@" pos="X">48</wf>
         <instance id="d000.s183.t003" lemma="año" pos="NOUN">años</instance>
         <wf lemma="," pos="X">,</wf>
         <wf lemma="y" pos="X">y</wf>
         <wf lemma="suyo" pos="X">sus</wf>
         <instance id="d000.s183.t004" lemma="hija" pos="NOUN">hijas</instance>
         <wf lemma="," pos="X">,</wf>
         <wf lemma="Hayley" pos="NOUN">Hayley</wf>
         <wf lemma="," pos="X">,</wf>
         <wf lemma="de" pos="X">de</wf>
         <wf lemma="@card@" pos="X">17</wf>
         <wf lemma="y" pos="X">y</wf>
         <wf lemma="Michaela" pos="NOUN">Michaela</wf>
         <wf lemma="de" pos="X">de</wf>
         <wf lemma="@card@" pos="X">11</wf>
         <wf lemma="." pos="X">.</wf>
      </sentence>
      <sentence id="d000.s184" source="semeval2013-es">
         <wf lemma="el" pos="X">El</wf>
         <wf lemma="rozar" pos="VERB">roce</wf>
         <wf lemma="de" pos="X">de</wf>
         <wf lemma="el" pos="X">los</wf>
         <instance id="d000.s184.t000" lemma="español" pos="NOUN">españoles</instance>
         <wf lemma="ser" pos="VERB">es</wf>
         <wf lemma="superior" pos="ADJ">superior</wf>
         <wf lemma="al" pos="X">al</wf>
         <wf lemma="de" pos="X">de</wf>
         <wf lemma="el" pos="X">los</wf>
         <wf lemma="tico" pos="NOUN">ticos</wf>
      </sentence>
      <sentence id="d000.s185" source="semeval2013-es">
         <wf lemma="el" pos="X">El</wf>
         <wf lemma="absoluto" pos="ADJ">absoluto</wf>
         <wf lemma="desorden" pos="NOUN">desorden</wf>
         <wf lemma="de" pos="X">de</wf>
         <wf lemma="el" pos="X">la</wf>
         <instance id="d000.s185.t000" lemma="reunión" pos="NOUN">reunión</instance>
         <wf lemma="(" pos="X">(</wf>
         <wf lemma="donde" pos="ADV">donde</wf>
         <wf lemma="cada" pos="X">cada</wf>
         <instance id="d000.s185.t001" lemma="día" pos="NOUN">día</instance>
         <wf lemma="@card@" pos="X">13.000</wf>
         <instance id="d000.s185.t002" lemma="persona" pos="NOUN">personas</instance>
         <wf lemma="entrar" pos="VERB">entran</wf>
         <wf lemma="y" pos="X">y</wf>
         <wf lemma="salar" pos="VERB">salen</wf>
         <wf lemma="del" pos="X">del</wf>
         <instance id="d000.s185.t003" lemma="centro" pos="NOUN">centro</instance>
         <wf lemma="de" pos="X">de</wf>
         <instance id="d000.s185.t004" lemma="convención" pos="NOUN">convención</instance>
         <wf lemma="," pos="X">,</wf>
         <wf lemma="el" pos="X">los</wf>
         <instance id="d000.s185.t005" lemma="activista" pos="NOUN">activistas</instance>
         <wf lemma="que" pos="X">que</wf>
         <wf lemma="tocar" pos="VERB">tocan</wf>
         <wf lemma="el" pos="X">la</wf>
         <instance id="d000.s185.t006" lemma="guitarra" pos="NOUN">guitarra</instance>
         <wf lemma="presentar" pos="VERB">presentan</wf>
         <instance id="d000.s185.t007" lemma="espectáculo" pos="NOUN">espectáculos</instance>
         <wf lemma="nocturno" pos="ADJ">nocturnos</wf>
         <wf lemma="burlándose" pos="VERB">burlándose</wf>
         <wf lemma="de" pos="X">de</wf>
         <wf lemma="el" pos="X">los</wf>
         <instance id="d000.s185.t008" lemma="país" pos="NOUN">países</instance>
         <wf lemma="que" pos="X">que</wf>
         <wf lemma="según" pos="X">según</wf>
         <wf lemma="él" pos="X">ellos</wf>
         <wf lemma="se" pos="X">se</wf>
         <wf lemma="estar" pos="VERB">están</wf>
         <wf lemma="vender" pos="VERB">vendiendo</wf>
         <wf lemma="," pos="X">,</wf>
         <wf lemma="y" pos="X">y</wf>
         <wf lemma="se" pos="X">se</wf>
         <wf lemma="pasar" pos="VERB">pasan</wf>
         <instance id="d000.s185.t009" lemma="propuesta" pos="NOUN">propuestas</instance>
         <wf lemma="preliminar" pos="ADJ">preliminares</wf>
         <wf lemma="de" pos="X">de</wf>
         <instance id="d000.s185.t010" lemma="mano" pos="NOUN">mano</instance>
         <wf lemma="en" pos="X">en</wf>
         <instance id="d000.s185.t011" lemma="mano" pos="NOUN">mano</instance>
         <wf lemma="en" pos="X">en</wf>
         <wf lemma="vez" pos="NOUN">vez</wf>
         <wf lemma="de" pos="X">de</wf>
         <wf lemma="vía" pos="NOUN">vía</wf>
         <instance id="d000.s185.t012" lemma="mail" pos="NOUN">mail</instance>
         <wf lemma=")" pos="X">)</wf>
         <wf lemma="," pos="X">,</wf>
         <wf lemma="plantear" pos="VERB">plantea</wf>
         <wf lemma="un" pos="X">un</wf>
         <wf lemma="desafío" pos="NOUN">desafío</wf>
         <wf lemma="." pos="X">.</wf>
      </sentence>
      <sentence id="d000.s186" source="semeval2015-es">
         <wf pos="X">abc(parámetros)</wf>
         <wf pos="X">:</wf>
         <wf pos="X">Cuando</wf>
         <wf pos="X">el</wf>
         <instance id="d000.s186.t000" lemma="analizador" pos="NOUN">analizador</instance>
         <instance id="d000.s186.t001" lemma="sintáctico" pos="ADJ">sintáctico</instance>
         <instance id="d000.s186.t002" lemma="encontrar" pos="VERB">encuentra</instance>
         <wf pos="X">una</wf>
         <instance id="d000.s186.t003" lemma="función" pos="NOUN">función</instance>
         <wf pos="X">,</wf>
         <instance id="d000.s186.t004" lemma="comprobar" pos="VERB">comprueba</instance>
         <wf pos="X">si</wf>
         <wf pos="X">«</wf>
         <wf lemma="abc" pos="NOUN">abc</wf>
         <wf pos="X">»</wf>
         <wf lemma="ser" pos="VERB">es</wf>
         <wf pos="X">un</wf>
         <instance id="d000.s186.t005" lemma="operador" pos="NOUN">operador</instance>
         <wf pos="X">.</wf>
      </sentence>
      <sentence id="d000.s187" source="semeval2013-es">
         <wf lemma="el" pos="X">La</wf>
         <instance id="d000.s187.t000" lemma="investigación" pos="NOUN">investigación</instance>
         <wf lemma="contar" pos="VERB">contó</wf>
         <wf lemma="con" pos="X">con</wf>
         <wf lemma="el" pos="X">el</wf>
         <wf lemma="apoyo" pos="NOUN">apoyo</wf>
         <wf lemma="de" pos="X">de</wf>
         <wf lemma="el" pos="X">la</wf>
         <instance id="d000.s187.t001" lemma="NASA" pos="NOUN">NASA</instance>
         <wf lemma="," pos="X">,</wf>
         <wf lemma="el" pos="X">el</wf>
         <instance id="d000.s187.t002" lemma="departamento_de_energía" pos="NOUN">Departamento_de_Energía</instance>
         <wf lemma="y" pos="X">y</wf>
         <wf lemma="el" pos="X">los</wf>
         <instance id="d000.s187.t003" lemma="institutos_nacionales_de_salud" pos="NOUN">Institutos_Nacionales_de_Salud</instance>
         <wf lemma="." pos="X">.</wf>
      </sentence>
      <sentence id="d000.s188" source="semeval2015-es">
         <wf pos="X">Los</wf>
         <wf lemma="principal" pos="ADJ">principales</wf>
         <wf lemma="orador" pos="NOUN">oradores</wf>
         <wf pos="X">en</wf>
         <wf pos="X">la</wf>
         <wf lemma="conferencia" pos="NOUN">conferencia</wf>
         <wf pos="X">sobre</wf>
         <wf lemma="exclusión" pos="NOUN">exclusión</wf>
         <wf lemma="socialfueron" pos="ADJ">socialfueron</wf>
         <wf pos="X">(</wf>
         <wf pos="X">de</wf>
         <wf lemma="izquierda" pos="NOUN">izquierda</wf>
         <wf pos="X">a</wf>
         <wf lemma="derecha" pos="NOUN">derecha</wf>
         <wf pos="X">)</wf>
         <wf lemma="cristina" pos="NOUN">Cristina</wf>
         <wf lemma="louro" pos="NOUN">Louro</wf>
         <wf pos="X">,</wf>
         <wf lemma="dirección" pos="NOUN">Dirección</wf>
         <wf lemma="general" pos="ADJ">General</wf>
         <wf pos="X">de</wf>
         <wf lemma="empleo" pos="NOUN">Empleo</wf>
         <wf pos="X">,</wf>
         <wf lemma="relación_laboral" pos="NOUN">Relaciones_Laborales</wf>
         <wf pos="X">y</wf>
         <instance id="d000.s188.t000" lemma="asunto_social" pos="NOUN">Asuntos_Sociales</instance>
         <wf pos="X">de</wf>
         <wf pos="X">la</wf>
         <wf lemma="comisión" pos="NOUN">Comisión</wf>
         <wf lemma="europeo" pos="ADJ">Europea</wf>
         <wf lemma="fernando" pos="NOUN">Fernando</wf>
         <wf lemma="gomes" pos="NOUN">Gomes</wf>
         <wf pos="X">,</wf>
         <wf lemma="comité" pos="NOUN">Comité</wf>
         <wf pos="X">de</wf>
         <wf pos="X">las</wf>
         <wf lemma="región" pos="NOUN">Regiones</wf>
         <wf lemma="barbara" pos="NOUN">Barbara</wf>
         <wf lemma="weiler" pos="NOUN">Weiler</wf>
         <wf pos="X">,</wf>
         <wf lemma="diputado_al_parlamento_europeo" pos="NOUN">diputada_al_Parlamento_Europeo</wf>
         <wf lemma="josé" pos="NOUN">José</wf>
         <wf lemma="maría" pos="NOUN">María</wf>
         <wf lemma="gil-robles" pos="NOUN">Gil-Robles</wf>
         <wf lemma="gil-delgado" pos="NOUN">Gil-Delgado</wf>
         <wf pos="X">,</wf>
         <wf lemma="vicepresidente" pos="NOUN">Vicepresidente</wf>
         <wf pos="X">,</wf>
         <wf lemma="parlamento" pos="NOUN">Parlamento</wf>
         <wf lemma="europeo" pos="ADJ">Europeo</wf>
         <wf pos="X">,</wf>
         <wf lemma="john" pos="NOUN">John</wf>
         <wf lemma="carroll" pos="NOUN">Carroll</wf>
         <wf lemma="comité" pos="NOUN">Comité</wf>
         <wf lemma="económico" pos="ADJ">Económico</wf>
         <wf pos="X">y</wf>
         <wf lemma="social" pos="ADJ">Social</wf>
      </sentence>
      <sentence id="d000.s189" source="semeval2015-es">
         <wf lemma="¿para" pos="VERB">¿Para</wf>
         <wf pos="X">qué</wf>
         <wf pos="X">se</wf>
         <instance id="d000.s189.t000" lemma="utilizar" pos="VERB">utiliza</instance>
         <wf lemma="cerenia" pos="NOUN">Cerenia</wf>
         <wf pos="X">?</wf>
      </sentence>
      <sentence id="d000.s190" source="semeval2013-es">
         <wf lemma="este" pos="X">Esta</wf>
         <instance id="d000.s190.t000" lemma="idea" pos="NOUN">idea</instance>
         <wf lemma="de" pos="X">de</wf>
         <wf lemma="el" pos="X">la</wf>
         <instance id="d000.s190.t001" lemma="inmigración" pos="NOUN">inmigración</instance>
         <wf lemma="como" pos="X">como</wf>
         <wf lemma="un" pos="X">una</wf>
         <instance id="d000.s190.t002" lemma="carga" pos="NOUN">carga</instance>
         <wf lemma="," pos="X">,</wf>
         <wf lemma="un" pos="X">un</wf>
         <instance id="d000.s190.t003" lemma="problema" pos="NOUN">problema</instance>
         <wf lemma="," pos="X">,</wf>
         <wf lemma="quizá" pos="ADV">quizá</wf>
         <wf lemma="resultar" pos="VERB">resulta</wf>
         <wf lemma="rentable" pos="ADJ">rentable</wf>
         <wf lemma="electoral" pos="ADV">electoralmente</wf>
         <wf lemma="," pos="X">,</wf>
         <wf lemma="pero" pos="X">pero</wf>
         <wf lemma="económicamente" pos="ADV">económicamente</wf>
         <wf lemma="salar" pos="VERB">sale</wf>
         <wf lemma="muy" pos="ADV">muy</wf>
         <wf lemma="caro" pos="ADJ">cara</wf>
         <wf lemma="." pos="X">.</wf>
      </sentence>
      <sentence id="d000.s191" source="semeval2015-es">
         <instance id="d000.s191.t000" lemma="ejecutar" pos="VERB">Ejecuta</instance>
         <wf pos="X">las</wf>
         <instance id="d000.s191.t001" lemma="instrucción" pos="NOUN">instrucciones</instance>
         <wf pos="X">en</wf>
         <wf pos="X">una</wf>
         <instance id="d000.s191.t002" lemma="archivo" pos="NOUN">archivo</instance>
         <wf pos="X">de</wf>
         <instance id="d000.s191.t003" lemma="forma" pos="NOUN">forma</instance>
         <instance id="d000.s191.t004" lemma="secuencial" pos="ADJ">secuencial</instance>
         <wf pos="X">.</wf>
      </sentence>
      <sentence id="d000.s192" source="semeval2013-es">
         <wf lemma="el" pos="X">Los</wf>
         <instance id="d000.s192.t000" lemma="jurado" pos="NOUN">jurados</instance>
         <wf lemma="no" pos="NOUN">no</wf>
         <wf lemma="ser" pos="VERB">fueron</wf>
         <wf lemma="secuestrar" pos="VERB">secuestrados</wf>
         <wf lemma="." pos="X">.</wf>
      </sentence>
      <sentence id="d000.s193" source="semeval2015-es">
         <wf pos="X">En</wf>
         <wf pos="X">el</wf>
         <instance id="d000.s193.t000" lemma="presente" pos="ADJ">presente</instance>
         <instance id="d000.s193.t001" lemma="documento" pos="NOUN">documento</instance>
         <wf pos="X">se</wf>
         <instance id="d000.s193.t002" lemma="resumir" pos="VERB">resume</instance>
         <wf pos="X">el</wf>
         <instance id="d000.s193.t003" lemma="informe" pos="NOUN">Informe</instance>
         <instance id="d000.s193.t004" lemma="público" pos="ADJ">Público</instance>
         <instance id="d000.s193.t005" lemma="europeo" pos="ADJ">Europeo</instance>
         <wf pos="X">de</wf>
         <instance id="d000.s193.t006" lemma="evaluación" pos="NOUN">Evaluación</instance>
         <wf pos="X">,</wf>
         <wf pos="X">y</wf>
         <wf pos="X">se</wf>
         <instance id="d000.s193.t007" lemma="explicar" pos="VERB">explica</instance>
         <wf lemma="cómo" pos="ADV">cómo</wf>
         <wf pos="X">la</wf>
         <instance id="d000.s193.t008" lemma="evaluación" pos="NOUN">evaluación</instance>
         <wf pos="X">del</wf>
         <instance id="d000.s193.t009" lemma="comité" pos="NOUN">Comité</instance>
         <wf pos="X">de</wf>
         <instance id="d000.s193.t010" lemma="medicamento" pos="NOUN">Medicamentos</instance>
         <wf pos="X">de</wf>
         <instance id="d000.s193.t011" lemma="uso" pos="NOUN">Uso</instance>
         <instance id="d000.s193.t012" lemma="veterinario" pos="NOUN">Veterinario</instance>
         <wf pos="X">(</wf>
         <wf lemma="cvmp" pos="NOUN">CVMP</wf>
         <wf pos="X">)</wf>
         <wf pos="X">,</wf>
         <instance id="d000.s193.t013" lemma="efectuar" pos="VERB">efectuada</instance>
         <wf pos="X">a partir de</wf>
         <wf pos="X">los</wf>
         <instance id="d000.s193.t014" lemma="estudio" pos="NOUN">estudios</instance>
         <instance id="d000.s193.t015" lemma="existente" pos="ADJ">existentes</instance>
         <wf pos="X">,</wf>
         <wf lemma="haber" pos="VERB">ha</wf>
         <instance id="d000.s193.t016" lemma="llevar" pos="VERB">llevado</instance>
         <wf pos="X">a</wf>
         <wf pos="X">las</wf>
         <instance id="d000.s193.t017" lemma="recomendación" pos="NOUN">recomendaciones</instance>
         <wf pos="X">sobre</wf>
         <wf pos="X">las</wf>
         <instance id="d000.s193.t018" lemma="condición" pos="NOUN">condiciones</instance>
         <wf pos="X">de</wf>
         <instance id="d000.s193.t019" lemma="uso" pos="NOUN">uso</instance>
         <wf pos="X">del</wf>
         <instance id="d000.s193.t020" lemma="medicamento" pos="NOUN">medicamento</instance>
         <wf pos="X">.</wf>
      </sentence>
      <sentence id="d000.s194" source="semeval2013-es">
         <wf lemma="uno" pos="X">Uno</wf>
         <wf lemma="de" pos="X">de</wf>
         <wf lemma="el" pos="X">los</wf>
         <wf lemma="más" pos="ADV">más</wf>
         <wf lemma="provocativos" pos="ADJ">provocativos</wf>
         <wf lemma="afirmar" pos="VERB">afirma</wf>
         <wf lemma="que" pos="X">que</wf>
         <wf lemma="el" pos="X">los</wf>
         <wf lemma="intenso" pos="ADJ">intensos</wf>
         <instance id="d000.s194.t000" lemma="informe" pos="NOUN">informes</instance>
         <wf lemma="sobre" pos="X">sobre</wf>
         <wf lemma="el" pos="X">el</wf>
         <wf lemma="proceso" pos="NOUN">proceso</wf>
         <wf lemma="," pos="X">,</wf>
         <wf lemma="incluir" pos="VERB">incluido</wf>
         <wf lemma="el" pos="X">el</wf>
         <wf lemma="amplio" pos="ADJ">amplio</wf>
         <instance id="d000.s194.t001" lemma="uso" pos="NOUN">uso</instance>
         <wf lemma="de" pos="X">de</wf>
         <wf lemma="Twitter" pos="NOUN">Twitter</wf>
         <wf lemma="por" pos="X">por</wf>
         <wf lemma="parte" pos="NOUN">parte</wf>
         <wf lemma="de" pos="X">de</wf>
         <wf lemma="el" pos="X">los</wf>
         <instance id="d000.s194.t002" lemma="periodista" pos="NOUN">periodistas</instance>
         <wf lemma="de" pos="X">de</wf>
         <instance id="d000.s194.t003" lemma="medio" pos="NOUN">medios</instance>
         <wf lemma="de" pos="X">de</wf>
         <instance id="d000.s194.t004" lemma="información" pos="NOUN">información</instance>
         <wf lemma="masivo" pos="ADJ">masiva</wf>
         <wf lemma="," pos="X">,</wf>
         <wf lemma="crear" pos="VERB">creó</wf>
         <wf lemma="&quot;" pos="X">&quot;</wf>
         <wf lemma="un" pos="X">una</wf>
         <instance id="d000.s194.t005" lemma="atmósfera" pos="NOUN">atmósfera</instance>
         <wf lemma="de" pos="X">de</wf>
         <instance id="d000.s194.t006" lemma="circo" pos="NOUN">circo</instance>
         <wf lemma="&quot;" pos="X">&quot;</wf>
         <wf lemma="," pos="X">,</wf>
         <wf lemma="y" pos="X">y</wf>
         <wf lemma="tal" pos="X">tal</wf>
         <wf lemma="saturación" pos="NOUN">saturación</wf>
         <wf lemma="generalizado" pos="ADJ">generalizada</wf>
         <wf lemma="y" pos="X">e</wf>
         <wf lemma="inmediato" pos="ADJ">inmediata</wf>
         <wf lemma="con" pos="X">con</wf>
         <instance id="d000.s194.t007" lemma="detalle" pos="NOUN">detalles</instance>
         <wf lemma="exaltadores" pos="ADJ">exaltadores</wf>
         <wf lemma="hacer" pos="VERB">hizo</wf>
         <wf lemma="que" pos="X">que</wf>
         <wf lemma="el" pos="X">las</wf>
         <wf lemma="pasión" pos="NOUN">pasiones</wf>
         <wf lemma="público" pos="ADJ">públicas</wf>
         <wf lemma="ejercieran" pos="VERB">ejercieran</wf>
         <wf lemma="un" pos="X">una</wf>
         <instance id="d000.s194.t008" lemma="influencia" pos="NOUN">influencia</instance>
         <wf lemma="inapropiada" pos="ADJ">inapropiada</wf>
         <wf lemma="sobre" pos="X">sobre</wf>
         <wf lemma="el" pos="X">el</wf>
         <instance id="d000.s194.t009" lemma="jurado" pos="NOUN">jurado</instance>
         <wf lemma="." pos="X">.</wf>
      </sentence>
      <sentence id="d000.s195" source="semeval2015-es">
         <wf pos="X">En</wf>
         <wf pos="X">cada</wf>
         <wf lemma="informe" pos="NOUN">informe</wf>
         <wf lemma="nacional" pos="ADJ">nacional</wf>
         <wf pos="X">se</wf>
         <wf lemma="incluir" pos="VERB">incluyen</wf>
         <wf pos="X">las</wf>
         <wf pos="X">25</wf>
         <wf pos="X">o</wf>
         <wf pos="X">30</wf>
         <wf lemma="iniciativa" pos="NOUN">iniciativas</wf>
         <wf pos="X">que</wf>
         <wf lemma="bueno" pos="ADJ">mejor</wf>
         <wf lemma="reflejar" pos="VERB">reflejan</wf>
         <wf lemma="práctica" pos="NOUN">prácticas</wf>
         <wf pos="X">y</wf>
         <wf lemma="política" pos="NOUN">políticas</wf>
         <wf pos="X">de</wf>
         <wf lemma="mejora" pos="NOUN">mejora</wf>
         <wf pos="X">de</wf>
         <wf pos="X">la</wf>
         <wf lemma="contratación" pos="NOUN">contratación</wf>
         <wf pos="X">,</wf>
         <wf pos="X">la</wf>
         <wf lemma="formación" pos="NOUN">formación</wf>
         <wf pos="X">y</wf>
         <wf pos="X">el</wf>
         <wf lemma="desarrollo_profesional" pos="NOUN">desarrollo_profesional</wf>
         <wf pos="X">de</wf>
         <wf pos="X">los</wf>
         <wf lemma="trabajador" pos="NOUN">trabajadores</wf>
         <wf lemma="grande" pos="ADJ">mayores</wf>
         <wf pos="X">en</wf>
         <wf pos="X">el</wf>
         <instance id="d000.s195.t000" lemma="lugar_de_trabajo" pos="NOUN">lugar_de_trabajo</instance>
         <wf pos="X">y</wf>
         <wf pos="X">a nivel de</wf>
         <wf pos="X">la</wf>
         <wf lemma="comunidad" pos="NOUN">comunidad</wf>
         <wf pos="X">.</wf>
      </sentence>
      <sentence id="d000.s196" source="semeval2013-es">
         <wf lemma="seguir" pos="VERB">Sigue</wf>
         <wf lemma="aumentar" pos="VERB">aumentando</wf>
         <wf lemma="el" pos="X">el</wf>
         <wf lemma="apoyo" pos="NOUN">apoyo</wf>
         <wf lemma="a" pos="X">a</wf>
         <wf lemma="el" pos="X">la</wf>
         <instance id="d000.s196.t000" lemma="democracia" pos="NOUN">democracia</instance>
         <wf lemma="en" pos="X">en</wf>
         <instance id="d000.s196.t001" lemma="Latinoamérica" pos="NOUN">Latinoamérica</instance>
         <wf lemma="," pos="X">,</wf>
         <wf lemma="así" pos="ADV">así</wf>
         <wf lemma="como" pos="X">como</wf>
         <wf lemma="el" pos="X">el</wf>
         <wf lemma="respaldo" pos="NOUN">respaldo</wf>
         <wf lemma="a" pos="X">a</wf>
         <wf lemma="el" pos="X">las</wf>
         <instance id="d000.s196.t002" lemma="empresa_privada" pos="NOUN">empresas_privadas</instance>
         <wf lemma="." pos="X">.</wf>
      </sentence>
      <sentence id="d000.s197" source="semeval2013-es">
         <wf lemma="el" pos="X">La</wf>
         <wf lemma="ocasión" pos="NOUN">ocasión</wf>
         <wf lemma="ser" pos="VERB">fue</wf>
         <wf lemma="el" pos="X">el</wf>
         <wf lemma="pasar" pos="VERB">pasado</wf>
         <instance id="d000.s197.t000" lemma="jueves" pos="NOUN">jueves</instance>
         <wf lemma="," pos="X">,</wf>
         <wf lemma="cuando" pos="X">cuando</wf>
         <wf lemma="el" pos="X">los</wf>
         <wf lemma="nueve" pos="X">nueve</wf>
         <instance id="d000.s197.t001" lemma="juez" pos="NOUN">jueces</instance>
         <wf lemma="se" pos="X">se</wf>
         <wf lemma="reunir" pos="VERB">reunieron</wf>
         <wf lemma="en" pos="X">en</wf>
         <wf lemma="un" pos="X">una</wf>
         <wf lemma="audiencia_preliminar" pos="NOUN">audiencia_preliminar</wf>
         <wf lemma="para" pos="X">para</wf>
         <wf lemma="estudiar" pos="VERB">estudiar</wf>
         <wf lemma="minuciosamente" pos="ADV">minuciosamente</wf>
         <wf lemma="el" pos="X">las</wf>
         <instance id="d000.s197.t002" lemma="petición" pos="NOUN">peticiones</instance>
         <wf lemma="de" pos="X">de</wf>
         <wf lemma="revisión" pos="NOUN">revisión</wf>
         <wf lemma="." pos="X">.</wf>
      </sentence>
      <sentence id="d000.s198" source="semeval2015-es">
         <wf pos="X">Si</wf>
         <instance id="d000.s198.t000" lemma="desear" pos="VERB">desea</instance>
         <instance id="d000.s198.t001" lemma="más" pos="ADV">más</instance>
         <instance id="d000.s198.t002" lemma="información" pos="NOUN">información</instance>
         <wf pos="X">,</wf>
         <instance id="d000.s198.t003" lemma="consultar" pos="VERB">consulte</instance>
         <wf pos="X">el</wf>
         <instance id="d000.s198.t004" lemma="resumen" pos="NOUN">Resumen</instance>
         <wf pos="X">de</wf>
         <wf pos="X">las</wf>
         <instance id="d000.s198.t005" lemma="característica" pos="NOUN">Características</instance>
         <wf pos="X">del</wf>
         <instance id="d000.s198.t006" lemma="producto" pos="NOUN">Producto</instance>
         <wf pos="X">,</wf>
         <wf pos="X">que</wf>
         <instance id="d000.s198.t007" lemma="también" pos="ADV">también</instance>
         <instance id="d000.s198.t008" lemma="formar" pos="VERB">forma</instance>
         <wf lemma="parte" pos="NOUN">parte</wf>
         <wf pos="X">del</wf>
         <wf lemma="epar" pos="NOUN">EPAR</wf>
         <wf pos="X">.</wf>
      </sentence>
      <sentence id="d000.s199" source="semeval2013-es">
         <wf lemma="en" pos="X">En</wf>
         <wf lemma="el" pos="X">los</wf>
         <instance id="d000.s199.t000" lemma="estados_unidos" pos="NOUN">Estados_Unidos</instance>
         <wf lemma="," pos="X">,</wf>
         <wf lemma="el" pos="X">las</wf>
         <instance id="d000.s199.t001" lemma="venta" pos="NOUN">ventas</instance>
         <instance id="d000.s199.t002" lemma="minorista" pos="NOUN">minoristas</instance>
         <wf lemma="aumentar" pos="VERB">aumentaron</wf>
         <wf lemma="un" pos="X">un</wf>
         <wf lemma="@card@" pos="X">1,3</wf>
         <wf lemma="%" pos="X">%</wf>
         <wf lemma="en" pos="X">en</wf>
         <instance id="d000.s199.t003" lemma="noviembre" pos="NOUN">noviembre</instance>
         <wf lemma="por" pos="X">por</wf>
         <wf lemma="segundo" pos="X">segundo</wf>
         <instance id="d000.s199.t004" lemma="mes" pos="NOUN">mes</instance>
         <wf lemma="consecutivo" pos="ADJ">consecutivo</wf>
         <wf lemma="y" pos="X">y</wf>
         <wf lemma="grande" pos="ADJ">mayores</wf>
         <wf lemma="que" pos="X">que</wf>
         <wf lemma="el" pos="X">lo</wf>
         <wf lemma="prever" pos="VERB">previsto</wf>
         <wf lemma="." pos="X">.</wf>
      </sentence>
      <sentence id="d000.s200" source="semeval2013-es">
         <wf lemma="el" pos="X">Los</wf>
         <instance id="d000.s200.t000" lemma="abogado" pos="NOUN">abogados</instance>
         <wf lemma="de" pos="X">de</wf>
         <wf lemma="el" pos="X">la</wf>
         <wf lemma="defensa" pos="NOUN">defensa</wf>
         <wf lemma="decir" pos="VERB">dicen</wf>
         <wf lemma="que" pos="X">que</wf>
         <wf lemma="también" pos="ADV">también</wf>
         <wf lemma="cuestionarán" pos="VERB">cuestionarán</wf>
         <wf lemma="el" pos="X">la</wf>
         <wf lemma="constitucionalidad" pos="NOUN">constitucionalidad</wf>
         <wf lemma="de" pos="X">de</wf>
         <wf lemma="el" pos="X">la</wf>
         <instance id="d000.s200.t001" lemma="pena_de_muerte" pos="NOUN">pena_de_muerte</instance>
         <wf lemma="y" pos="X">y</wf>
         <wf lemma="sostener" pos="VERB">sostendrán</wf>
         <wf lemma="que" pos="X">que</wf>
         <wf lemma="el" pos="X">el</wf>
         <instance id="d000.s200.t002" lemma="juez" pos="NOUN">juez</instance>
         <wf lemma="incorrectamente" pos="ADV">incorrectamente</wf>
         <wf lemma="removió" pos="VERB">removió</wf>
         <wf lemma="a" pos="X">a</wf>
         <wf lemma="un" pos="X">un</wf>
         <instance id="d000.s200.t003" lemma="jurado" pos="NOUN">jurado</instance>
         <wf lemma="que" pos="X">que</wf>
         <wf lemma="haber" pos="VERB">había</wf>
         <wf lemma="criticar" pos="VERB">criticado</wf>
         <wf lemma="a" pos="X">a</wf>
         <wf lemma="el" pos="X">los</wf>
         <instance id="d000.s200.t004" lemma="fiscal" pos="NOUN">fiscales</instance>
         <wf lemma="," pos="X">,</wf>
         <wf lemma="y" pos="X">y</wf>
         <wf lemma="que" pos="X">que</wf>
         <wf lemma="incorrectamente" pos="ADV">incorrectamente</wf>
         <wf lemma="haber" pos="VERB">había</wf>
         <wf lemma="presionar" pos="VERB">presionado</wf>
         <wf lemma="para" pos="X">para</wf>
         <wf lemma="un" pos="X">un</wf>
         <instance id="d000.s200.t005" lemma="veredicto" pos="NOUN">veredicto</instance>
         <wf lemma="por" pos="X">por</wf>
         <wf lemma="suyo" pos="X">su</wf>
         <wf lemma="extrañar" pos="VERB">extraña</wf>
         <instance id="d000.s200.t006" lemma="decisión" pos="NOUN">decisión</instance>
         <wf lemma="de" pos="X">de</wf>
         <wf lemma="ordenarle" pos="VERB">ordenarle</wf>
         <wf lemma="al" pos="X">al</wf>
         <instance id="d000.s200.t007" lemma="jurado" pos="NOUN">jurado</instance>
         <wf lemma="deliberar" pos="VERB">deliberar</wf>
         <wf lemma="durante" pos="X">durante</wf>
         <wf lemma="un" pos="X">un</wf>
         <instance id="d000.s200.t008" lemma="fin_de_semana" pos="NOUN">fin_de_semana</instance>
         <wf lemma="." pos="X">.</wf>
      </sentence>
      <sentence id="d000.s201" source="semeval2015-es">
         <wf pos="X">Se</wf>
         <instance id="d000.s201.t000" lemma="comparar" pos="VERB">compararon</instance>
         <wf pos="X">los</wf>
         <instance id="d000.s201.t001" lemma="efecto" pos="NOUN">efectos</instance>
         <wf pos="X">de</wf>
         <wf lemma="alimta" pos="NOUN">Alimta</wf>
         <wf pos="X">en</wf>
         <instance id="d000.s201.t002" lemma="combinación" pos="NOUN">combinación</instance>
         <wf pos="X">con</wf>
         <wf lemma="cisplatino" pos="NOUN">cisplatino</wf>
         <wf pos="X">con</wf>
         <wf pos="X">los</wf>
         <instance id="d000.s201.t003" lemma="efecto" pos="NOUN">efectos</instance>
         <wf pos="X">del</wf>
         <wf lemma="cisplatino" pos="NOUN">cisplatino</wf>
         <instance id="d000.s201.t004" lemma="administrar" pos="VERB">administrado</instance>
         <wf pos="X">en</wf>
         <instance id="d000.s201.t005" lemma="solitario" pos="ADJ">solitario</instance>
         <wf pos="X">.</wf>
      </sentence>
      <sentence id="d000.s202" source="semeval2013-es">
         <wf lemma="el" pos="X">Los</wf>
         <instance id="d000.s202.t000" lemma="magistrado" pos="NOUN">magistrados</instance>
         <wf lemma="acordar" pos="VERB">acordaron</wf>
         <wf lemma="admitir" pos="VERB">admitir</wf>
         <wf lemma="a" pos="X">a</wf>
         <wf lemma="trámite" pos="NOUN">trámite</wf>
         <wf lemma="el" pos="X">la</wf>
         <instance id="d000.s202.t001" lemma="demanda" pos="NOUN">demanda</instance>
         <wf lemma="y" pos="X">y</wf>
         <wf lemma="," pos="X">,</wf>
         <wf lemma="de" pos="X">de</wf>
         <wf lemma="hecho" pos="NOUN">hecho</wf>
         <wf lemma="," pos="X">,</wf>
         <wf lemma="se" pos="X">se</wf>
         <wf lemma="esperar" pos="VERB">espera</wf>
         <wf lemma="un" pos="X">un</wf>
         <wf lemma="alegato" pos="NOUN">alegato</wf>
         <wf lemma="histórico" pos="ADJ">histórico</wf>
         <wf lemma="de" pos="X">de</wf>
         <wf lemma="5" pos="X">5</wf>
         <instance id="d000.s202.t002" lemma="hora" pos="NOUN">horas</instance>
         <wf lemma="y" pos="X">y</wf>
         <wf lemma="media" pos="X">media</wf>
         <wf lemma="para" pos="X">para</wf>
         <instance id="d000.s202.t003" lemma="marzo" pos="NOUN">marzo</instance>
         <wf lemma="," pos="X">,</wf>
         <wf lemma="y" pos="X">y</wf>
         <wf lemma="el" pos="X">el</wf>
         <instance id="d000.s202.t004" lemma="resultado" pos="NOUN">resultado</instance>
         <wf lemma="probablemente" pos="ADV">probablemente</wf>
         <wf lemma="enturbiará" pos="VERB">enturbiará</wf>
         <wf lemma="aún" pos="ADV">aún</wf>
         <wf lemma="más" pos="ADV">más</wf>
         <wf lemma="el" pos="X">la</wf>
         <wf lemma="carrera" pos="NOUN">carrera</wf>
         <wf lemma="presidencial" pos="ADJ">presidencial</wf>
         <wf lemma="de" pos="X">de</wf>
         <wf lemma="@card@" pos="X">2012</wf>
         <wf lemma="," pos="X">,</wf>
         <wf lemma="que" pos="X">que</wf>
         <wf lemma="estar" pos="VERB">estará</wf>
         <wf lemma="en" pos="X">en</wf>
         <wf lemma="pleno" pos="ADJ">pleno</wf>
         <wf lemma="apogeo" pos="NOUN">apogeo</wf>
         <wf lemma="en" pos="X">en</wf>
         <wf lemma="el" pos="X">el</wf>
         <instance id="d000.s202.t005" lemma="momento" pos="NOUN">momento</instance>
         <wf lemma="en" pos="X">en</wf>
         <wf lemma="que" pos="X">que</wf>
         <wf lemma="el" pos="X">la</wf>
         <instance id="d000.s202.t006" lemma="decisión" pos="NOUN">decisión</instance>
         <wf lemma="del" pos="X">del</wf>
         <instance id="d000.s202.t007" lemma="tribunal" pos="NOUN">tribunal</instance>
         <wf lemma="se" pos="X">se</wf>
         <wf lemma="conocer" pos="VERB">conozca</wf>
         <wf lemma="." pos="X">.</wf>
      </sentence>
      <sentence id="d000.s203" source="semeval2013-es">
         <wf lemma="el" pos="X">Las</wf>
         <instance id="d000.s203.t000" lemma="preocupación" pos="NOUN">preocupaciones</instance>
         <wf lemma="por" pos="X">por</wf>
         <wf lemma="el" pos="X">la</wf>
         <instance id="d000.s203.t001" lemma="seguridad" pos="NOUN">seguridad</instance>
         <wf lemma="," pos="X">,</wf>
         <wf lemma="acentuar" pos="VERB">acentuadas</wf>
         <wf lemma="por" pos="X">por</wf>
         <instance id="d000.s203.t002" lemma="bombardeo" pos="NOUN">bombardeos</instance>
         <wf lemma="coordinar" pos="VERB">coordinados</wf>
         <wf lemma="masivo" pos="ADJ">masivos</wf>
         <wf lemma="el" pos="X">el</wf>
         <instance id="d000.s203.t003" lemma="martes" pos="NOUN">martes</instance>
         <wf lemma="," pos="X">,</wf>
         <wf lemma="y" pos="X">y</wf>
         <wf lemma="el" pos="X">la</wf>
         <instance id="d000.s203.t004" lemma="inestabilidad" pos="NOUN">inestabilidad</instance>
         <wf lemma="político" pos="ADJ">política</wf>
         <wf lemma="mientras" pos="X">mientras</wf>
         <wf lemma="el" pos="X">los</wf>
         <instance id="d000.s203.t005" lemma="militar" pos="NOUN">militares</instance>
         <wf lemma="estadounidense" pos="ADJ">estadounidenses</wf>
         <wf lemma="se" pos="X">se</wf>
         <wf lemma="retirar" pos="VERB">retiran</wf>
         <wf lemma="," pos="X">,</wf>
         <wf lemma="probablemente" pos="ADV">probablemente</wf>
         <wf lemma="impedir" pos="VERB">impidió</wf>
         <wf lemma="a" pos="X">a</wf>
         <wf lemma="el" pos="X">las</wf>
         <instance id="d000.s203.t006" lemma="compañía_petrolera" pos="NOUN">compañías_petroleras</instance>
         <wf lemma="estadounidense" pos="ADJ">estadounidenses</wf>
         <wf lemma="arriesgar" pos="VERB">arriesgarse</wf>
         <wf lemma="más" pos="ADV">más</wf>
         <wf lemma="enérgico" pos="ADV">enérgicamente</wf>
         <wf lemma="en" pos="X">en</wf>
         <instance id="d000.s203.t007" lemma="Irak" pos="NOUN">Irak</instance>
         <wf lemma="," pos="X">,</wf>
         <wf lemma="que" pos="X">que</wf>
         <wf lemma="tener" pos="VERB">tiene</wf>
         <wf lemma="el" pos="X">la</wf>
         <wf lemma="tercero" pos="X">tercera</wf>
         <wf lemma="reserva" pos="NOUN">reserva</wf>
         <wf lemma="más" pos="ADV">más</wf>
         <wf lemma="importante" pos="ADJ">importante</wf>
         <wf lemma="de" pos="X">de</wf>
         <instance id="d000.s203.t008" lemma="crudo" pos="NOUN">crudo</instance>
         <wf lemma="del" pos="X">del</wf>
         <instance id="d000.s203.t009" lemma="mundo" pos="NOUN">mundo</instance>
         <wf lemma="," pos="X">,</wf>
         <wf lemma="afirmar" pos="VERB">afirmaron</wf>
         <wf lemma="el" pos="X">los</wf>
         <instance id="d000.s203.t010" lemma="analista" pos="NOUN">analistas</instance>
         <wf lemma="." pos="X">.</wf>
      </sentence>
      <sentence id="d000.s204" source="semeval2013-es">
         <wf lemma="el" pos="X">La</wf>
         <wf lemma="provocación" pos="NOUN">provocación</wf>
         <wf lemma="de" pos="X">de</wf>
         <wf lemma="un" pos="X">una</wf>
         <wf lemma="tarjeta" pos="NOUN">tarjeta</wf>
         <wf lemma="amarillo" pos="ADJ">amarilla</wf>
         <wf lemma="en" pos="X">en</wf>
         <wf lemma="circunstancia" pos="NOUN">circunstancias</wf>
         <wf lemma="como" pos="X">como</wf>
         <wf lemma="este" pos="X">esta</wf>
         <wf lemma="o" pos="X">o</wf>
         <wf lemma="similar" pos="ADJ">similares</wf>
         <wf lemma="no" pos="NOUN">no</wf>
         <wf lemma="ser" pos="VERB">es</wf>
         <wf lemma="un" pos="X">una</wf>
         <instance id="d000.s204.t000" lemma="práctica" pos="NOUN">práctica</instance>
         <wf lemma="nuevo" pos="ADJ">nueva</wf>
         <wf lemma="," pos="X">,</wf>
         <wf lemma="sino" pos="X">sino</wf>
         <wf lemma="más" pos="ADV">más</wf>
         <wf lemma="bien" pos="ADV">bien</wf>
         <wf lemma="frecuente" pos="ADJ">frecuente</wf>
         <wf lemma="en" pos="X">en</wf>
         <wf lemma="el" pos="X">el</wf>
         <instance id="d000.s204.t001" lemma="mundo" pos="NOUN">mundo</instance>
         <wf lemma="del" pos="X">del</wf>
         <instance id="d000.s204.t002" lemma="futbol" pos="NOUN">fútbol</instance>
         <wf lemma="." pos="X">.</wf>
      </sentence>
      <sentence id="d000.s205" source="semeval2013-es">
         <wf lemma="desde" pos="X">Desde</wf>
         <wf lemma="hacer" pos="VERB">hace</wf>
         <instance id="d000.s205.t000" lemma="tiempo" pos="NOUN">tiempo</instance>
         <wf lemma="," pos="X">,</wf>
         <wf lemma="se" pos="X">se</wf>
         <wf lemma="considerar" pos="VERB">considera</wf>
         <wf lemma="que" pos="X">que</wf>
         <wf lemma="haber" pos="VERB">hay</wf>
         <wf lemma="seis" pos="X">seis</wf>
         <wf lemma="grande" pos="ADJ">grandes</wf>
         <wf lemma="elemento_esencial" pos="NOUN">elementos_esenciales</wf>
         <wf lemma="para" pos="X">para</wf>
         <wf lemma="el" pos="X">la</wf>
         <instance id="d000.s205.t001" lemma="vida" pos="NOUN">vida</instance>
         <wf lemma=":" pos="X">:</wf>
         <wf lemma="el" pos="X">el</wf>
         <instance id="d000.s205.t002" lemma="carbono" pos="NOUN">carbono</instance>
         <wf lemma="," pos="X">,</wf>
         <wf lemma="el" pos="X">el</wf>
         <instance id="d000.s205.t003" lemma="hidrógeno" pos="NOUN">hidrógeno</instance>
         <wf lemma="," pos="X">,</wf>
         <wf lemma="el" pos="X">el</wf>
         <instance id="d000.s205.t004" lemma="nitrógeno" pos="NOUN">nitrógeno</instance>
         <wf lemma="," pos="X">,</wf>
         <wf lemma="el" pos="X">el</wf>
         <instance id="d000.s205.t005" lemma="oxígeno" pos="NOUN">oxígeno</instance>
         <wf lemma="," pos="X">,</wf>
         <wf lemma="el" pos="X">el</wf>
         <instance id="d000.s205.t006" lemma="fósforo" pos="NOUN">fósforo</instance>
         <wf lemma="y" pos="X">y</wf>
         <wf lemma="el" pos="X">el</wf>
         <instance id="d000.s205.t007" lemma="azufre" pos="NOUN">azufre</instance>
         <wf lemma="." pos="X">.</wf>
      </sentence>
      <sentence id="d000.s206" source="semeval2013-es">
         <wf lemma="&quot;" pos="X">&quot;</wf>
         <wf lemma="ese" pos="X">Eso</wf>
         <wf lemma="él" pos="X">la</wf>
         <wf lemma="convertir" pos="VERB">convierte</wf>
         <wf lemma="en" pos="X">en</wf>
         <wf lemma="algo" pos="X">algo</wf>
         <wf lemma="muy" pos="ADV">muy</wf>
         <wf lemma="peculiar" pos="ADJ">peculiar</wf>
         <wf lemma="," pos="X">,</wf>
         <wf lemma="aunque" pos="X">aunque</wf>
         <wf lemma="poco" pos="ADV">poco</wf>
         <wf lemma="él" pos="X">le</wf>
         <wf lemma="faltar" pos="VERB">falta</wf>
         <wf lemma="para" pos="X">para</wf>
         <wf lemma="ser" pos="VERB">ser</wf>
         <wf lemma="un" pos="X">un</wf>
         <wf lemma="tipo" pos="NOUN">tipo</wf>
         <wf lemma="de" pos="X">de</wf>
         <wf lemma="forma" pos="NOUN">forma</wf>
         <wf lemma="de" pos="X">de</wf>
         <instance id="d000.s206.t000" lemma="vida" pos="NOUN">vida</instance>
         <wf lemma="realmente" pos="ADV">realmente</wf>
         <wf lemma="'" pos="X">'</wf>
         <wf lemma="alienígena" pos="NOUN">alienígena</wf>
         <wf lemma="'" pos="X">'</wf>
         <wf lemma="&quot;" pos="X">&quot;</wf>
         <wf lemma="," pos="X">,</wf>
         <wf lemma="comentar" pos="VERB">comentó</wf>
         <wf lemma="Paul" pos="NOUN">Paul</wf>
         <wf lemma="C." pos="NOUN">C.</wf>
         <wf lemma="W." pos="NOUN">W.</wf>
         <wf lemma="Davies" pos="NOUN">Davies</wf>
         <wf lemma="de" pos="X">de</wf>
         <wf lemma="el" pos="X">la</wf>
         <wf lemma="arizona_state_university" pos="NOUN">Arizona_State_University</wf>
         <wf lemma="," pos="X">,</wf>
         <instance id="d000.s206.t001" lemma="coautor" pos="NOUN">coautor</instance>
         <wf lemma="del" pos="X">del</wf>
         <instance id="d000.s206.t002" lemma="informe" pos="NOUN">informe</instance>
         <wf lemma="que" pos="X">que</wf>
         <wf lemma="aparecer" pos="VERB">aparece</wf>
         <wf lemma="en" pos="X">en</wf>
         <wf lemma="el" pos="X">la</wf>
         <wf lemma="edición" pos="NOUN">edición</wf>
         <wf lemma="en" pos="X">en</wf>
         <wf lemma="línea" pos="NOUN">línea</wf>
         <wf lemma="del" pos="X">del</wf>
         <instance id="d000.s206.t003" lemma="jueves" pos="NOUN">jueves</instance>
         <wf lemma="de" pos="X">de</wf>
         <wf lemma="el" pos="X">la</wf>
         <instance id="d000.s206.t004" lemma="publicación" pos="NOUN">publicación</instance>
         <wf lemma="Science" pos="NOUN">Science</wf>
         <wf lemma="." pos="X">.</wf>
      </sentence>
      <sentence id="d000.s207" source="semeval2013-es">
         <wf lemma="&quot;" pos="X">&quot;</wf>
         <wf lemma="estar" pos="VERB">Estamos</wf>
         <wf lemma="satisfacer" pos="VERB">satisfechos</wf>
         <wf lemma="de" pos="X">de</wf>
         <wf lemma="poder" pos="VERB">poder</wf>
         <wf lemma="aclarar" pos="VERB">aclarar</wf>
         <wf lemma="el" pos="X">el</wf>
         <wf lemma="tema" pos="NOUN">tema</wf>
         <wf lemma="sin" pos="X">sin</wf>
         <wf lemma="que" pos="X">que</wf>
         <wf lemma="el" pos="X">las</wf>
         <instance id="d000.s207.t000" lemma="parte" pos="NOUN">partes</instance>
         <wf lemma="tener" pos="VERB">tengan</wf>
         <wf lemma="que" pos="X">que</wf>
         <wf lemma="acudir" pos="VERB">acudir</wf>
         <wf lemma="a" pos="X">a</wf>
         <wf lemma="el" pos="X">los</wf>
         <instance id="d000.s207.t001" lemma="tribunal" pos="NOUN">tribunales</instance>
         <wf lemma="&quot;" pos="X">&quot;</wf>
         <wf lemma="," pos="X">,</wf>
         <wf lemma="decir" pos="VERB">dijo</wf>
         <wf lemma="un" pos="X">un</wf>
         <instance id="d000.s207.t002" lemma="portavoz" pos="NOUN">portavoz</instance>
         <wf lemma="del" pos="X">del</wf>
         <wf lemma="deutsche_bank" pos="NOUN">Deutsche_Bank</wf>
         <wf lemma="en" pos="X">en</wf>
         <instance id="d000.s207.t003" lemma="nueva_york" pos="NOUN">Nueva_York</instance>
         <wf lemma="." pos="X">.</wf>
      </sentence>
      <sentence id="d000.s208" source="semeval2015-es">
         <wf lemma="kalgebra" pos="NOUN">kalgebra</wf>
         <wf lemma="ser" pos="VERB">es</wf>
         <wf pos="X">una</wf>
         <wf lemma="calculadora" pos="NOUN">calculadora</wf>
         <instance id="d000.s208.t000" lemma="gráfico" pos="ADJ">gráfica</instance>
         <instance id="d000.s208.t001" lemma="basar" pos="VERB">basada</instance>
         <wf pos="X">en</wf>
         <wf lemma="mathml" pos="NOUN">MathML</wf>
         <wf pos="X">.</wf>
      </sentence>
      <sentence id="d000.s209" source="semeval2013-es">
         <wf lemma="el" pos="X">La</wf>
         <instance id="d000.s209.t000" lemma="límite" pos="NOUN">limitación</instance>
         <wf lemma="de" pos="X">de</wf>
         <wf lemma="el" pos="X">la</wf>
         <instance id="d000.s209.t001" lemma="inmigración" pos="NOUN">inmigración</instance>
         <wf lemma="debilitar" pos="VERB">debilita</wf>
         <wf lemma="el" pos="X">el</wf>
         <wf lemma="crecimiento" pos="NOUN">crecimiento</wf>
         <wf lemma="y" pos="X">y</wf>
         <wf lemma="perjudicar" pos="VERB">perjudica</wf>
         <wf lemma="al" pos="X">al</wf>
         <instance id="d000.s209.t002" lemma="empleo" pos="NOUN">empleo</instance>
         <wf lemma="." pos="X">.</wf>
      </sentence>
      <sentence id="d000.s210" source="semeval2013-es">
         <wf lemma="pero" pos="X">Pero</wf>
         <wf lemma="el" pos="X">la</wf>
         <instance id="d000.s210.t000" lemma="experiencia" pos="NOUN">experiencia</instance>
         <wf lemma="demostrar" pos="VERB">demuestra</wf>
         <wf lemma="que" pos="X">que</wf>
         <wf lemma="," pos="X">,</wf>
         <wf lemma="en" pos="X">en</wf>
         <wf lemma="realidad" pos="NOUN">realidad</wf>
         <wf lemma="," pos="X">,</wf>
         <wf lemma="el" pos="X">los</wf>
         <instance id="d000.s210.t001" lemma="inmigrante" pos="NOUN">inmigrantes</instance>
         <wf lemma="ser" pos="VERB">son</wf>
         <wf lemma="más" pos="ADV">más</wf>
         <wf lemma="bien" pos="ADV">bien</wf>
         <wf lemma="complementario" pos="ADJ">complementarios</wf>
         <wf lemma="que" pos="X">que</wf>
         <instance id="d000.s210.t002" lemma="sustituto" pos="NOUN">sustitutos</instance>
         <wf lemma="de" pos="X">de</wf>
         <wf lemma="el" pos="X">los</wf>
         <instance id="d000.s210.t003" lemma="trabajador" pos="NOUN">trabajadores</instance>
         <wf lemma="nacional" pos="ADJ">nacionales</wf>
         <wf lemma="y" pos="X">y</wf>
         <wf lemma="ejercer" pos="VERB">ejercen</wf>
         <wf lemma="principalmente" pos="ADV">principalmente</wf>
         <instance id="d000.s210.t004" lemma="profesión" pos="NOUN">profesiones</instance>
         <wf lemma="en" pos="X">en</wf>
         <wf lemma="sector" pos="NOUN">sectores</wf>
         <wf lemma="con" pos="X">con</wf>
         <wf lemma="falta" pos="NOUN">falta</wf>
         <wf lemma="de" pos="X">de</wf>
         <instance id="d000.s210.t005" lemma="empleo" pos="NOUN">empleo</instance>
         <wf lemma="." pos="X">.</wf>
      </sentence>
      <sentence id="d000.s211" source="semeval2013-es">
         <wf lemma="en" pos="X">En</wf>
         <wf lemma="cualquier" pos="X">cualquier</wf>
         <wf lemma="caso" pos="NOUN">caso</wf>
         <wf lemma="," pos="X">,</wf>
         <wf lemma="el" pos="X">el</wf>
         <instance id="d000.s211.t000" lemma="debate" pos="NOUN">debate</instance>
         <wf lemma="girar" pos="VERB">gira</wf>
         <wf lemma="en" pos="X">en</wf>
         <wf lemma="torno" pos="X">torno</wf>
         <wf lemma="a" pos="X">a</wf>
         <wf lemma="si" pos="X">si</wf>
         <wf lemma="ese" pos="X">ese</wf>
         <wf lemma="tipo" pos="NOUN">tipo</wf>
         <wf lemma="de" pos="X">de</wf>
         <instance id="d000.s211.t001" lemma="comportamiento" pos="NOUN">comportamiento</instance>
         <wf lemma="no" pos="NOUN">no</wf>
         <wf lemma="prohibir" pos="VERB">prohibido</wf>
         <wf lemma="expresamente" pos="ADV">expresamente</wf>
         <wf lemma="por" pos="X">por</wf>
         <wf lemma="el" pos="X">el</wf>
         <instance id="d000.s211.t002" lemma="reglamento" pos="NOUN">reglamento</instance>
         <wf lemma="contradecir" pos="VERB">contradice</wf>
         <wf lemma="el" pos="X">los</wf>
         <instance id="d000.s211.t003" lemma="principio" pos="NOUN">principios</instance>
         <wf lemma="del" pos="X">del</wf>
         <instance id="d000.s211.t004" lemma="deporte" pos="NOUN">deporte</instance>
         <wf lemma="," pos="X">,</wf>
         <wf lemma="ser" pos="VERB">es</wf>
         <wf lemma="decir" pos="VERB">decir</wf>
         <wf lemma="," pos="X">,</wf>
         <wf lemma="si" pos="X">si</wf>
         <wf lemma="con" pos="X">con</wf>
         <wf lemma="este" pos="X">estas</wf>
         <instance id="d000.s211.t005" lemma="acción" pos="NOUN">acciones</instance>
         <wf lemma="se" pos="X">se</wf>
         <wf lemma="cometer" pos="VERB">comete</wf>
         <instance id="d000.s211.t006" lemma="fraude_de_ley" pos="NOUN">fraude_de_ley</instance>
         <wf lemma=";" pos="X">;</wf>
         <wf lemma="pues" pos="X">pues</wf>
         <wf lemma="," pos="X">,</wf>
         <wf lemma="en" pos="X">en</wf>
         <wf lemma="efecto" pos="NOUN">efecto</wf>
         <wf lemma="," pos="X">,</wf>
         <wf lemma="ser" pos="VERB">son</wf>
         <instance id="d000.s211.t007" lemma="acción" pos="NOUN">acciones</instance>
         <wf lemma="respetuosas" pos="ADJ">respetuosas</wf>
         <wf lemma="con" pos="X">con</wf>
         <wf lemma="el" pos="X">el</wf>
         <instance id="d000.s211.t008" lemma="reglamento" pos="NOUN">reglamento</instance>
         <wf lemma="deportivo" pos="ADJ">deportivo</wf>
         <wf lemma="," pos="X">,</wf>
         <wf lemma="pero" pos="X">pero</wf>
         <wf lemma="parecer" pos="VERB">parecen</wf>
         <wf lemma="eludir" pos="VERB">eludir</wf>
         <wf lemma="suyo" pos="X">su</wf>
         <wf lemma="sentido" pos="NOUN">sentido</wf>
         <wf lemma="." pos="X">.</wf>
      </sentence>
      <sentence id="d000.s212" source="semeval2015-es">
         <wf pos="X">Se</wf>
         <instance id="d000.s212.t000" lemma="utilizar" pos="VERB">utiliza</instance>
         <wf pos="X">en</wf>
         <instance id="d000.s212.t001" lemma="perro" pos="NOUN">perros</instance>
         <wf pos="X">para</wf>
         <wf pos="X">la</wf>
         <instance id="d000.s212.t002" lemma="prevención" pos="NOUN">prevención</instance>
         <wf pos="X">de</wf>
         <wf pos="X">los</wf>
         <instance id="d000.s212.t003" lemma="vómito" pos="NOUN">vómitos</instance>
         <wf pos="X">,</wf>
         <wf lemma="por~ejemplo" pos="ADV">por ejemplo</wf>
         <wf pos="X">los</wf>
         <instance id="d000.s212.t004" lemma="causar" pos="VERB">causados</instance>
         <wf pos="X">por</wf>
         <wf pos="X">la</wf>
         <instance id="d000.s212.t005" lemma="quimioterapia" pos="NOUN">quimioterapia</instance>
         <wf pos="X">(</wf>
         <instance id="d000.s212.t006" lemma="fármaco" pos="NOUN">fármacos</instance>
         <instance id="d000.s212.t007" lemma="utilizar" pos="VERB">utilizados</instance>
         <wf pos="X">para</wf>
         <wf pos="X">el</wf>
         <instance id="d000.s212.t008" lemma="tratamiento" pos="NOUN">tratamiento</instance>
         <wf pos="X">del</wf>
         <instance id="d000.s212.t009" lemma="cáncer" pos="NOUN">cáncer</instance>
         <wf pos="X">,</wf>
         <wf pos="X">algunos</wf>
         <wf pos="X">de</wf>
         <wf pos="X">los</wf>
         <wf pos="X">cuales</wf>
         <instance id="d000.s212.t010" lemma="producir" pos="VERB">producen</instance>
         <instance id="d000.s212.t011" lemma="vómito" pos="NOUN">vómitos</instance>
         <wf pos="X">)</wf>
         <wf pos="X">.</wf>
      </sentence>
      <sentence id="d000.s213" source="semeval2015-es">
         <wf pos="X">Si</wf>
         <wf pos="X">lo</wf>
         <wf lemma="ser" pos="VERB">es</wf>
         <wf pos="X">,</wf>
         <wf pos="X">lo</wf>
         <instance id="d000.s213.t000" lemma="tratar" pos="VERB">trata</instance>
         <wf pos="X">como</wf>
         <wf pos="X">un</wf>
         <instance id="d000.s213.t001" lemma="operador" pos="NOUN">operador</instance>
         <wf pos="X">si</wf>
         <wf lemma="no" pos="NOUN">no</wf>
         <wf pos="X">lo</wf>
         <wf lemma="ser" pos="VERB">es</wf>
         <wf pos="X">,</wf>
         <wf pos="X">lo</wf>
         <instance id="d000.s213.t002" lemma="tratar" pos="VERB">trata</instance>
         <wf pos="X">como</wf>
         <wf pos="X">una</wf>
         <instance id="d000.s213.t003" lemma="función" pos="NOUN">función</instance>
         <wf pos="X">de</wf>
         <instance id="d000.s213.t004" lemma="usuario" pos="NOUN">usuario</instance>
         <wf pos="X">.</wf>
      </sentence>
      <sentence id="d000.s214" source="semeval2013-es">
         <instance id="d000.s214.t000" lemma="Irak" pos="NOUN">Irak</instance>
         <wf lemma="finalmente" pos="ADV">finalmente</wf>
         <wf lemma="abrir" pos="VERB">abrió</wf>
         <wf lemma="suyo" pos="X">sus</wf>
         <instance id="d000.s214.t001" lemma="puerta" pos="NOUN">puertas</instance>
         <wf lemma="después" pos="ADV">después</wf>
         <wf lemma="de" pos="X">de</wf>
         <wf lemma="seis" pos="X">seis</wf>
         <instance id="d000.s214.t002" lemma="año" pos="NOUN">años</instance>
         <wf lemma="de" pos="X">de</wf>
         <instance id="d000.s214.t003" lemma="guerra" pos="NOUN">guerra</instance>
         <wf lemma="," pos="X">,</wf>
         <wf lemma="y" pos="X">y</wf>
         <wf lemma="en" pos="X">en</wf>
         <wf lemma="vez" pos="NOUN">vez</wf>
         <wf lemma="de" pos="X">de</wf>
         <wf lemma="compañía" pos="NOUN">compañías</wf>
         <wf lemma="estadounidense" pos="ADJ">estadounidenses</wf>
         <wf lemma="," pos="X">,</wf>
         <wf lemma="haber" pos="VERB">hay</wf>
         <instance id="d000.s214.t004" lemma="asiático" pos="NOUN">asiáticos</instance>
         <wf lemma="y" pos="X">y</wf>
         <instance id="d000.s214.t005" lemma="europeo" pos="NOUN">europeos</instance>
         <wf lemma="a" pos="X">a</wf>
         <wf lemma="el" pos="X">la</wf>
         <wf lemma="cabeza" pos="NOUN">cabeza</wf>
         <wf lemma="," pos="X">,</wf>
         <wf lemma="decir" pos="VERB">dijo</wf>
         <wf lemma="Ruba" pos="NOUN">Ruba</wf>
         <wf lemma="Husari" pos="NOUN">Husari</wf>
         <wf lemma="," pos="X">,</wf>
         <wf lemma="redactor" pos="ADJ">redactor</wf>
         <wf lemma="del" pos="X">del</wf>
         <wf lemma="foro" pos="NOUN">Foro</wf>
         <wf lemma="de" pos="X">de</wf>
         <wf lemma="petróleo" pos="NOUN">Petróleo</wf>
         <wf lemma="de" pos="X">de</wf>
         <instance id="d000.s214.t006" lemma="Irak" pos="NOUN">Irak</instance>
         <wf lemma="," pos="X">,</wf>
         <wf lemma="un" pos="X">un</wf>
         <wf lemma="centro" pos="NOUN">centro</wf>
         <wf lemma="de" pos="X">de</wf>
         <wf lemma="noticias_en_línea" pos="NOUN">noticias_en_línea</wf>
         <wf lemma="." pos="X">.</wf>
      </sentence>
      <sentence id="d000.s215" source="semeval2013-es">
         <wf lemma="y" pos="X">Y</wf>
         <wf lemma="tampoco" pos="ADV">tampoco</wf>
         <wf lemma="ser" pos="VERB">es</wf>
         <wf lemma="un" pos="X">una</wf>
         <instance id="d000.s215.t000" lemma="estrategia" pos="NOUN">estrategia</instance>
         <wf lemma="útil" pos="ADJ">útil</wf>
         <wf lemma="para" pos="X">para</wf>
         <wf lemma="el" pos="X">el</wf>
         <wf lemma="próximo" pos="ADJ">próximo</wf>
         <wf lemma="partido" pos="NOUN">partido</wf>
         <wf lemma="," pos="X">,</wf>
         <wf lemma="pues" pos="X">pues</wf>
         <wf lemma="el" pos="X">el</wf>
         <instance id="d000.s215.t001" lemma="club" pos="NOUN">club</instance>
         <wf lemma="no" pos="NOUN">no</wf>
         <wf lemma="poder" pos="VERB">podrá</wf>
         <wf lemma="contar" pos="VERB">contar</wf>
         <wf lemma="con" pos="X">con</wf>
         <wf lemma="ese" pos="X">esos</wf>
         <instance id="d000.s215.t002" lemma="jugador" pos="NOUN">jugadores</instance>
         <wf lemma="." pos="X">.</wf>
      </sentence>
      <sentence id="d000.s216" source="semeval2013-es">
         <wf lemma="un" pos="X">Un</wf>
         <wf lemma="contraste" pos="NOUN">contraste</wf>
         <wf lemma="mayúsculo" pos="ADJ">mayúsculo</wf>
         <wf lemma="al" pos="X">al</wf>
         <wf lemma="de" pos="X">de</wf>
         <instance id="d000.s216.t000" lemma="costa_rica" pos="NOUN">Costa_Rica</instance>
         <wf lemma="," pos="X">,</wf>
         <wf lemma="si" pos="X">si</wf>
         <wf lemma="se" pos="X">se</wf>
         <wf lemma="comparar" pos="VERB">comparan</wf>
         <wf lemma="el" pos="X">los</wf>
         <wf lemma="@card@" pos="X">22</wf>
         <wf lemma="convocar" pos="VERB">convocados</wf>
         <wf lemma="por" pos="X">por</wf>
         <wf lemma="ambo" pos="X">ambos</wf>
         <instance id="d000.s216.t001" lemma="país" pos="NOUN">países</instance>
         <wf lemma="para" pos="X">para</wf>
         <wf lemma="el" pos="X">el</wf>
         <instance id="d000.s216.t002" lemma="amistoso" pos="NOUN">amistoso</instance>
         <wf lemma="de" pos="X">de</wf>
         <wf lemma="hoy" pos="ADV">hoy</wf>
         <wf lemma="," pos="X">,</wf>
         <wf lemma="a" pos="X">a</wf>
         <wf lemma="el" pos="X">las</wf>
         <wf lemma="3" pos="X">3</wf>
         <wf lemma=":" pos="X">:</wf>
         <wf lemma="@card@" pos="X">05</wf>
         <wf lemma="p" pos="X">p.</wf>
         <wf lemma="m" pos="X">m</wf>
         <wf lemma="." pos="X">.</wf>
         <wf lemma="," pos="X">,</wf>
         <wf lemma="en" pos="X">en</wf>
         <wf lemma="el" pos="X">el</wf>
         <wf lemma="estadio" pos="NOUN">Estadio</wf>
         <wf lemma="nacional" pos="NOUN">Nacional</wf>
         <wf lemma="de" pos="X">de</wf>
         <instance id="d000.s216.t003" lemma="san_josé" pos="NOUN">San_José</instance>
         <wf lemma="." pos="X">.</wf>
      </sentence>
      <sentence id="d000.s217" source="semeval2013-es">
         <wf lemma="tener" pos="VERB">Teniendo</wf>
         <wf lemma="en" pos="X">en</wf>
         <wf lemma="cuenta" pos="NOUN">cuenta</wf>
         <wf lemma="el" pos="X">lo</wf>
         <wf lemma="anterior" pos="ADJ">anterior</wf>
         <wf lemma="," pos="X">,</wf>
         <wf lemma="Giovanni" pos="NOUN">Giovanni</wf>
         <wf lemma="Peri" pos="NOUN">Peri</wf>
         <wf lemma="calcular" pos="VERB">calculó</wf>
         <wf lemma="que" pos="X">que</wf>
         <wf lemma="un" pos="X">un</wf>
         <wf lemma="aumento" pos="NOUN">aumento</wf>
         <wf lemma="del" pos="X">del</wf>
         <wf lemma="1" pos="X">1</wf>
         <wf lemma="%" pos="X">%</wf>
         <wf lemma="de" pos="X">de</wf>
         <wf lemma="el" pos="X">los</wf>
         <wf lemma="flujo" pos="NOUN">flujos</wf>
         <wf lemma="migratorio" pos="ADJ">migratorios</wf>
         <wf lemma="suponer" pos="VERB">supone</wf>
         <wf lemma="un" pos="X">una</wf>
         <wf lemma="subida" pos="NOUN">subida</wf>
         <wf lemma="de" pos="X">de</wf>
         <wf lemma="el" pos="X">los</wf>
         <instance id="d000.s217.t000" lemma="salario" pos="NOUN">salarios</instance>
         <wf lemma="real" pos="ADJ">reales</wf>
         <wf lemma="a" pos="X">a</wf>
         <wf lemma="largo" pos="ADJ">largo</wf>
         <instance id="d000.s217.t001" lemma="plazo" pos="NOUN">plazo</instance>
         <wf lemma="de" pos="X">de</wf>
         <wf lemma="entre" pos="X">entre</wf>
         <wf lemma="un" pos="X">un</wf>
         <wf lemma="@card@" pos="X">0,6</wf>
         <wf lemma="y" pos="X">y</wf>
         <wf lemma="un" pos="X">un</wf>
         <wf lemma="@card@" pos="X">0,9</wf>
         <wf lemma="%" pos="X">%</wf>
         <wf lemma="." pos="X">.</wf>
      </sentence>
      <sentence id="d000.s218" source="semeval2013-es">
         <wf lemma="mostrar" pos="VERB">Muestra</wf>
         <wf lemma="el" pos="X">los</wf>
         <wf lemma="perfil" pos="NOUN">perfiles</wf>
         <wf lemma="para" pos="X">para</wf>
         <wf lemma="un" pos="X">un</wf>
         <wf lemma="posible" pos="ADJ">posible</wf>
         <instance id="d000.s218.t000" lemma="acuerdo" pos="NOUN">acuerdo</instance>
         <wf lemma="," pos="X">,</wf>
         <wf lemma="en" pos="X">en</wf>
         <wf lemma="el" pos="X">el</wf>
         <wf lemma="cual" pos="X">cual</wf>
         <wf lemma="el" pos="X">las</wf>
         <wf lemma="nación_industrializada" pos="NOUN">naciones_industrializadas</wf>
         <wf lemma="recortarían" pos="VERB">recortarían</wf>
         <wf lemma="colectivo" pos="ADV">colectivamente</wf>
         <wf lemma="suyo" pos="X">sus</wf>
         <wf lemma="emisiones" pos="NOUN">emisiones</wf>
         <wf lemma="para" pos="X">para</wf>
         <wf lemma="@card@" pos="X">2020</wf>
         <wf lemma="entre" pos="X">entre</wf>
         <wf lemma="un" pos="X">un</wf>
         <wf lemma="@card@" pos="X">25</wf>
         <wf lemma="y" pos="X">y</wf>
         <wf lemma="un" pos="X">un</wf>
         <wf lemma="@card@" pos="X">45</wf>
         <wf lemma="por" pos="X">por</wf>
         <wf lemma="ciento" pos="X">ciento</wf>
         <wf lemma="," pos="X">,</wf>
         <wf lemma="en" pos="X">en</wf>
         <instance id="d000.s218.t001" lemma="comparación" pos="NOUN">comparación</instance>
         <wf lemma="con" pos="X">con</wf>
         <wf lemma="el" pos="X">los</wf>
         <instance id="d000.s218.t002" lemma="nivel" pos="NOUN">niveles</instance>
         <wf lemma="de" pos="X">de</wf>
         <wf lemma="@card@" pos="X">1990</wf>
         <wf lemma="," pos="X">,</wf>
         <wf lemma="mientras" pos="X">mientras</wf>
         <wf lemma="que" pos="X">que</wf>
         <wf lemma="el" pos="X">los</wf>
         <wf lemma="principal" pos="ADJ">principales</wf>
         <instance id="d000.s218.t003" lemma="país_en_desarrollo" pos="NOUN">países_en_desarrollo</instance>
         <wf lemma="reducir" pos="VERB">reducirían</wf>
         <wf lemma="el" pos="X">las</wf>
         <wf lemma="suyas" pos="X">suyas</wf>
         <wf lemma="durante" pos="X">durante</wf>
         <wf lemma="el" pos="X">el</wf>
         <wf lemma="mismo" pos="ADJ">mismo</wf>
         <instance id="d000.s218.t004" lemma="período" pos="NOUN">período</instance>
         <wf lemma="entre" pos="X">entre</wf>
         <wf lemma="un" pos="X">un</wf>
         <wf lemma="@card@" pos="X">15</wf>
         <wf lemma="y" pos="X">y</wf>
         <wf lemma="un" pos="X">un</wf>
         <wf lemma="@card@" pos="X">30</wf>
         <wf lemma="por" pos="X">por</wf>
         <wf lemma="ciento" pos="X">ciento</wf>
         <wf lemma="." pos="X">.</wf>
      </sentence>
      <sentence id="d000.s219" source="semeval2013-es">
         <wf lemma="el" pos="X">La</wf>
         <wf lemma="actual" pos="ADJ">actual</wf>
         <instance id="d000.s219.t000" lemma="batalla" pos="NOUN">batalla</instance>
         <wf lemma="ser" pos="VERB">es</wf>
         <wf lemma="tanto" pos="ADV">tanto</wf>
         <wf lemma="para" pos="X">para</wf>
         <wf lemma="salvar" pos="VERB">salvar</wf>
         <wf lemma="el" pos="X">las</wf>
         <instance id="d000.s219.t001" lemma="economía" pos="NOUN">economías</instance>
         <wf lemma="individual" pos="ADJ">individuales</wf>
         <wf lemma="como" pos="ADV">como</wf>
         <wf lemma="para" pos="X">para</wf>
         <wf lemma="salvar" pos="VERB">salvar</wf>
         <wf lemma="al" pos="X">al</wf>
         <instance id="d000.s219.t002" lemma="planeta" pos="NOUN">planeta</instance>
         <wf lemma="," pos="X">,</wf>
         <wf lemma="con" pos="X">con</wf>
         <instance id="d000.s219.t003" lemma="China" pos="NOUN">China</instance>
         <wf lemma="y" pos="X">y</wf>
         <wf lemma="el" pos="X">los</wf>
         <instance id="d000.s219.t004" lemma="estados_unidos" pos="NOUN">Estados_Unidos</instance>
         <wf lemma="enfrentar" pos="VERB">enfrentándose</wf>
         <wf lemma="sobre" pos="X">sobre</wf>
         <wf lemma="suyo" pos="X">sus</wf>
         <wf lemma="respectivo" pos="ADJ">respectivas</wf>
         <instance id="d000.s219.t005" lemma="obligación" pos="NOUN">obligaciones</instance>
         <wf lemma="," pos="X">,</wf>
         <wf lemma="mientras" pos="X">mientras</wf>
         <wf lemma="el" pos="X">las</wf>
         <instance id="d000.s219.t006" lemma="nación" pos="NOUN">naciones</instance>
         <wf lemma="más" pos="ADV">más</wf>
         <wf lemma="pobre" pos="ADJ">pobres</wf>
         <wf lemma="insistir" pos="VERB">insisten</wf>
         <wf lemma="en" pos="X">en</wf>
         <wf lemma="que" pos="X">que</wf>
         <wf lemma="el" pos="X">los</wf>
         <wf lemma="veinticuatro" pos="X">veinticuatro</wf>
         <instance id="d000.s219.t007" lemma="país" pos="NOUN">países</instance>
         <wf lemma="del" pos="X">del</wf>
         <instance id="d000.s219.t008" lemma="mundo" pos="NOUN">mundo</instance>
         <wf lemma="más" pos="ADV">más</wf>
         <wf lemma="influyente" pos="ADJ">influyentes</wf>
         <wf lemma="estar" pos="VERB">están</wf>
         <wf lemma="ignorar" pos="VERB">ignorando</wf>
         <wf lemma="el" pos="X">el</wf>
         <wf lemma="imperativo" pos="ADJ">imperativo</wf>
         <wf lemma="científico" pos="ADJ">científico</wf>
         <wf lemma="para" pos="X">para</wf>
         <wf lemma="tomar" pos="VERB">tomar</wf>
         <wf lemma="el" pos="X">la</wf>
         <instance id="d000.s219.t009" lemma="acción" pos="NOUN">acción</instance>
         <wf lemma="más" pos="ADV">más</wf>
         <wf lemma="valiente" pos="ADJ">valiente</wf>
         <wf lemma="." pos="X">.</wf>
      </sentence>
      <sentence id="d000.s220" source="semeval2013-es">
         <wf lemma="a" pos="X">A</wf>
         <wf lemma="el" pos="X">lo</wf>
         <wf lemma="anterior" pos="ADJ">anterior</wf>
         <wf lemma="se" pos="X">se</wf>
         <wf lemma="él" pos="X">le</wf>
         <wf lemma="sumar" pos="NOUN">suma</wf>
         <wf lemma="el" pos="X">la</wf>
         <instance id="d000.s220.t000" lemma="experiencia" pos="NOUN">experiencia</instance>
         <wf lemma="con" pos="X">con</wf>
         <wf lemma="el" pos="X">la</wf>
         <wf lemma="furia" pos="NOUN">Furia</wf>
         <wf lemma="español" pos="ADJ">Española</wf>
         <wf lemma="en" pos="X">en</wf>
         <wf lemma="eliminatoria" pos="NOUN">eliminatorias</wf>
         <wf lemma="complicar" pos="VERB">complicadas</wf>
         <wf lemma="de" pos="X">de</wf>
         <wf lemma="el" pos="X">la</wf>
         <wf lemma="Eurocopa" pos="NOUN">Eurocopa</wf>
         <wf lemma="y" pos="X">y</wf>
         <wf lemma="el" pos="X">el</wf>
         <instance id="d000.s220.t001" lemma="mundial_de_futbol" pos="NOUN">Mundial_de_futbol</instance>
         <wf lemma="." pos="X">.</wf>
      </sentence>
      <sentence id="d000.s221" source="semeval2015-es">
         <wf lemma="cerenia" pos="NOUN">Cerenia</wf>
         <instance id="d000.s221.t000" lemma="bloquear" pos="VERB">bloquea</instance>
         <wf pos="X">los</wf>
         <wf lemma="receptor" pos="NOUN">receptores</wf>
         <wf pos="X">de</wf>
         <wf lemma="neurocinina" pos="NOUN">neurocinina</wf>
         <wf pos="X">1</wf>
         <wf pos="X">(</wf>
         <wf lemma="nk1" pos="NOUN">NK1</wf>
         <wf pos="X">)</wf>
         <wf pos="X">en</wf>
         <wf pos="X">el</wf>
         <instance id="d000.s221.t001" lemma="sistema" pos="NOUN">sistema</instance>
         <instance id="d000.s221.t002" lemma="nervioso" pos="ADJ">nervioso</instance>
         <instance id="d000.s221.t003" lemma="central" pos="ADJ">central</instance>
         <wf pos="X">.</wf>
      </sentence>
      <sentence id="d000.s222" source="semeval2015-es">
         <wf lemma="kalgebra" pos="NOUN">kalgebra</wf>
         <wf lemma="ser" pos="VERB">es</wf>
         <wf pos="X">una</wf>
         <wf lemma="calculadora" pos="NOUN">calculadora</wf>
         <wf lemma="matemático" pos="ADJ">matemática</wf>
         <wf lemma="basar" pos="VERB">basada</wf>
         <wf pos="X">en</wf>
         <wf pos="X">el</wf>
         <instance id="d000.s222.t000" lemma="lenguaje_de_marcado" pos="NOUN">lenguaje_de_marcado</instance>
         <wf lemma="mathml" pos="NOUN">MathML</wf>
         <wf pos="X">.</wf>
      </sentence>
      <sentence id="d000.s223" source="semeval2015-es">
         <wf pos="X">La</wf>
         <wf lemma="respuesta" pos="NOUN">respuesta</wf>
         <wf lemma="ser" pos="VERB">es</wf>
         <wf lemma="fácil" pos="ADJ">fácil</wf>
         <wf pos="X">.</wf>
         <wf pos="X">Con</wf>
         <wf pos="X">esto</wf>
         <wf lemma="poder" pos="VERB">podremos</wf>
         <wf lemma="realizar" pos="VERB">realizar</wf>
         <wf lemma="operación" pos="NOUN">operaciones</wf>
         <wf pos="X">con</wf>
         <wf lemma="función" pos="NOUN">funciones</wf>
         <wf pos="X">como</wf>
         <wf lemma="cos" pos="NOUN">cos()</wf>
         <wf pos="X">,</wf>
         <wf lemma="sin" pos="NOUN">sin()</wf>
         <wf pos="X">(</wf>
         <wf pos="X">o</wf>
         <wf pos="X">cualquier</wf>
         <wf pos="X">otra</wf>
         <instance id="d000.s223.t000" lemma="función_trigonométrica" pos="NOUN">función_trigonométrica</instance>
         <wf pos="X">)</wf>
         <wf pos="X">,</wf>
         <wf lemma="sum" pos="NOUN">sum()</wf>
         <wf pos="X">o</wf>
         <wf lemma="product" pos="NOUN">product()</wf>
         <wf pos="X">.</wf>
      </sentence>
      <sentence id="d000.s224" source="semeval2013-es">
         <wf lemma="Ricardo" pos="NOUN">Ricardo</wf>
         <wf lemma="Ulate" pos="NOUN">Ulate</wf>
         <wf lemma="," pos="X">,</wf>
         <wf lemma="un" pos="X">un</wf>
         <instance id="d000.s224.t000" lemma="delegado" pos="NOUN">delegado</instance>
         <wf lemma="de" pos="X">de</wf>
         <instance id="d000.s224.t001" lemma="costa_rica" pos="NOUN">Costa_Rica</instance>
         <wf lemma="," pos="X">,</wf>
         <wf lemma="decir" pos="VERB">dijo</wf>
         <wf lemma="que" pos="X">que</wf>
         <wf lemma="no" pos="NOUN">no</wf>
         <wf lemma="ser" pos="VERB">es</wf>
         <wf lemma="sorprendente" pos="ADJ">sorprendente</wf>
         <wf lemma="que" pos="X">que</wf>
         <wf lemma="el" pos="X">las</wf>
         <wf lemma="principal" pos="ADJ">principales</wf>
         <instance id="d000.s224.t002" lemma="potencia" pos="NOUN">potencias</instance>
         <wf lemma="estar" pos="VERB">estén</wf>
         <wf lemma="discutir" pos="VERB">discutiendo</wf>
         <wf lemma="sobre" pos="X">sobre</wf>
         <wf lemma="quién" pos="X">quién</wf>
         <wf lemma="deber" pos="VERB">debería</wf>
         <wf lemma="costear" pos="VERB">costear</wf>
         <wf lemma="el" pos="X">los</wf>
         <instance id="d000.s224.t003" lemma="gasto" pos="NOUN">gastos</instance>
         <wf lemma="para" pos="X">para</wf>
         <wf lemma="limitar" pos="VERB">limitar</wf>
         <wf lemma="el" pos="X">los</wf>
         <instance id="d000.s224.t004" lemma="gas_de_efecto_invernadero" pos="NOUN">gases_de_efecto_invernadero</instance>
         <wf lemma="," pos="X">,</wf>
         <wf lemma="aún" pos="ADV">aún</wf>
         <wf lemma="cuando" pos="X">cuando</wf>
         <wf lemma="el" pos="X">los</wf>
         <instance id="d000.s224.t005" lemma="país" pos="NOUN">países</instance>
         <wf lemma="vulnerable" pos="ADJ">vulnerables</wf>
         <wf lemma="se" pos="X">se</wf>
         <wf lemma="haber" pos="VERB">han</wf>
         <wf lemma="volver" pos="VERB">vuelto</wf>
         <wf lemma="más" pos="ADV">más</wf>
         <wf lemma="agresivo" pos="ADJ">agresivos</wf>
         <wf lemma="buscar" pos="VERB">buscando</wf>
         <wf lemma="contener" pos="VERB">contener</wf>
         <wf lemma="a" pos="X">a</wf>
         <wf lemma="el" pos="X">los</wf>
         <wf lemma="grande" pos="ADJ">grandes</wf>
         <wf lemma="emisor" pos="NOUN">emisores</wf>
         <wf lemma="responsable" pos="ADJ">responsables</wf>
         <wf lemma="de" pos="X">de</wf>
         <wf lemma="suyo" pos="X">sus</wf>
         <instance id="d000.s224.t006" lemma="acción" pos="NOUN">acciones</instance>
         <wf lemma="." pos="X">.</wf>
      </sentence>
      <sentence id="d000.s225" source="semeval2015-es">
         <wf lemma="¿qué" pos="NOUN">¿Qué</wf>
         <instance id="d000.s225.t000" lemma="beneficio" pos="NOUN">beneficio</instance>
         <wf lemma="haber" pos="VERB">ha</wf>
         <instance id="d000.s225.t001" lemma="demostrar" pos="VERB">demostrado</instance>
         <instance id="d000.s225.t002" lemma="tener" pos="VERB">tener</instance>
         <wf lemma="alimta" pos="NOUN">Alimta</wf>
         <wf pos="X">durante</wf>
         <wf pos="X">los</wf>
         <instance id="d000.s225.t003" lemma="estudio" pos="NOUN">estudios</instance>
         <wf pos="X">?</wf>
      </sentence>
      <sentence id="d000.s226" source="semeval2015-es">
         <wf pos="X">La</wf>
         <wf lemma="fundación" pos="NOUN">Fundación</wf>
         <wf lemma="organizar" pos="VERB">organizó</wf>
         <wf pos="X">,</wf>
         <wf pos="X">junto con</wf>
         <wf pos="X">la</wf>
         <wf lemma="comisión" pos="NOUN">Comisión</wf>
         <wf lemma="europeo" pos="ADJ">Europea</wf>
         <wf pos="X">,</wf>
         <wf pos="X">el</wf>
         <wf lemma="ministerio" pos="NOUN">Ministerio</wf>
         <wf lemma="español" pos="ADJ">español</wf>
         <wf pos="X">de</wf>
         <instance id="d000.s226.t000" lemma="asunto_social" pos="NOUN">Asuntos_Sociales</instance>
         <wf pos="X">y</wf>
         <wf pos="X">la</wf>
         <wf lemma="comunidad_autónomo" pos="NOUN">Comunidad_Autónoma</wf>
         <wf pos="X">de</wf>
         <wf lemma="galicia" pos="NOUN">Galicia</wf>
         <wf pos="X">,</wf>
         <wf pos="X">una</wf>
         <wf lemma="conferencia" pos="NOUN">conferencia</wf>
         <wf lemma="europeo" pos="ADJ">europea</wf>
         <wf pos="X">sobre</wf>
         <wf pos="X">el</wf>
         <wf lemma="tema" pos="NOUN">tema</wf>
         <wf pos="X">&quot;</wf>
         <instance id="d000.s226.t001" lemma="exclusión_social" pos="NOUN">Exclusión_social</instance>
         <wf pos="X">:</wf>
         <wf pos="X">Un</wf>
         <wf lemma="grande" pos="ADJ">gran</wf>
         <wf lemma="reto" pos="NOUN">reto</wf>
         <wf pos="X">para</wf>
         <wf pos="X">los</wf>
         <instance id="d000.s226.t002" lemma="servicio_público" pos="NOUN">servicios_públicos</instance>
         <wf pos="X">de</wf>
         <instance id="d000.s226.t003" lemma="protección_social" pos="NOUN">protección_social</instance>
         <wf pos="X">&quot;</wf>
         <wf pos="X">.</wf>
      </sentence>
      <sentence id="d000.s227" source="semeval2015-es">
         <wf pos="X">El</wf>
         <instance id="d000.s227.t000" lemma="proyecto" pos="NOUN">proyecto</instance>
         <wf pos="X">,</wf>
         <wf pos="X">que</wf>
         <instance id="d000.s227.t001" lemma="buscar" pos="VERB">busca</instance>
         <instance id="d000.s227.t002" lemma="alternativa" pos="NOUN">alternativas</instance>
         <wf pos="X">a</wf>
         <wf pos="X">la</wf>
         <instance id="d000.s227.t003" lemma="jubilación" pos="NOUN">jubilación</instance>
         <wf lemma="anticipado" pos="ADJ">anticipada</wf>
         <wf pos="X">y</wf>
         <wf pos="X">al</wf>
         <instance id="d000.s227.t004" lemma="despido" pos="NOUN">despido</instance>
         <wf pos="X">,</wf>
         <wf pos="X">se</wf>
         <instance id="d000.s227.t005" lemma="ocupar" pos="VERB">ocupa</instance>
         <wf pos="X">ante</wf>
         <wf pos="X">todo</wf>
         <wf pos="X">de</wf>
         <wf pos="X">la</wf>
         <wf lemma="retención" pos="NOUN">retención</wf>
         <wf pos="X">,</wf>
         <wf pos="X">la</wf>
         <wf lemma="reintegración" pos="NOUN">reintegración</wf>
         <wf pos="X">y</wf>
         <wf pos="X">la</wf>
         <wf lemma="reconversión" pos="NOUN">reconversión</wf>
         <instance id="d000.s227.t006" lemma="profesional" pos="ADJ">profesional</instance>
         <wf pos="X">de</wf>
         <wf pos="X">los</wf>
         <instance id="d000.s227.t007" lemma="trabajador" pos="NOUN">trabajadores</instance>
         <wf lemma="grande" pos="ADJ">mayores</wf>
         <wf pos="X">.</wf>
      </sentence>
      <sentence id="d000.s228" source="semeval2015-es">
         <wf lemma="alimta" pos="NOUN">Alimta</wf>
         <wf pos="X">se</wf>
         <wf lemma="administrar" pos="VERB">administra</wf>
         <wf pos="X">en</wf>
         <wf lemma="combinación" pos="NOUN">combinación</wf>
         <wf pos="X">con</wf>
         <wf lemma="cisplatino" pos="NOUN">cisplatino</wf>
         <wf pos="X">(</wf>
         <wf pos="X">otro</wf>
         <wf lemma="medicamento" pos="NOUN">medicamento</wf>
         <wf pos="X">contra</wf>
         <wf pos="X">el</wf>
         <wf lemma="cáncer" pos="NOUN">cáncer</wf>
         <wf pos="X">)</wf>
         <wf pos="X">cuando</wf>
         <wf pos="X">el</wf>
         <wf lemma="tumor" pos="NOUN">tumor</wf>
         <wf pos="X">«</wf>
         <wf lemma="no" pos="ADV">no</wf>
         <wf lemma="ser" pos="VERB">es</wf>
         <wf lemma="resecable" pos="ADJ">resecable</wf>
         <wf pos="X">»</wf>
         <wf pos="X">(</wf>
         <wf pos="X">no</wf>
         <wf lemma="poder" pos="VERB">puede</wf>
         <wf lemma="extirpar" pos="VERB">extirparse</wf>
         <wf lemma="sólo" pos="ADV">sólo</wf>
         <wf pos="X">mediante</wf>
         <wf lemma="cirugía" pos="NOUN">cirugía</wf>
         <wf pos="X">)</wf>
         <wf pos="X">y</wf>
         <wf lemma="ser" pos="VERB">es</wf>
         <wf pos="X">«</wf>
         <wf lemma="maligno" pos="ADJ">maligno</wf>
         <wf pos="X">»</wf>
         <wf pos="X">(</wf>
         <wf pos="X">se</wf>
         <wf lemma="haber" pos="VERB">ha</wf>
         <wf lemma="extender" pos="VERB">extendido</wf>
         <wf pos="X">,</wf>
         <wf pos="X">o</wf>
         <wf lemma="ser" pos="VERB">es</wf>
         <wf lemma="probable" pos="ADJ">probable</wf>
         <wf pos="X">que</wf>
         <wf pos="X">se</wf>
         <wf lemma="extender" pos="VERB">extienda</wf>
         <wf lemma="fácilmente" pos="ADV">fácilmente</wf>
         <wf pos="X">,</wf>
         <wf pos="X">a</wf>
         <wf pos="X">otras</wf>
         <instance id="d000.s228.t000" lemma="parte_del_cuerpo" pos="NOUN">partes_del_cuerpo</instance>
         <wf pos="X">)</wf>
         <wf pos="X">,</wf>
         <wf pos="X">en</wf>
         <wf lemma="paciente" pos="NOUN">pacientes</wf>
         <wf pos="X">que</wf>
         <wf lemma="no" pos="ADV">no</wf>
         <wf lemma="haber" pos="VERB">han</wf>
         <wf lemma="recibir" pos="VERB">recibido</wf>
         <wf lemma="quimioterapia" pos="NOUN">quimioterapia</wf>
         <wf pos="X">(</wf>
         <wf lemma="medicamento" pos="NOUN">medicamentos</wf>
         <wf pos="X">contra</wf>
         <wf pos="X">el</wf>
         <wf lemma="cáncer" pos="NOUN">cáncer</wf>
         <wf pos="X">)</wf>
         <wf lemma="previamente" pos="ADV">previamente</wf>
         <wf pos="X">,</wf>
         <instance id="d000.s228.t001" lemma="cáncer_de_pulmón" pos="NOUN">cáncer_de_pulmón</instance>
         <wf pos="X">«</wf>
         <wf lemma="no" pos="NOUN">no</wf>
         <wf lemma="microcito" pos="NOUN">microcítico</wf>
         <wf pos="X">»</wf>
         <wf lemma="avanzado" pos="ADJ">avanzado</wf>
         <wf pos="X">o</wf>
         <wf lemma="metastásico" pos="NOUN">metastásico</wf>
         <wf pos="X">que</wf>
         <wf lemma="no" pos="ADV">no</wf>
         <wf lemma="afectar" pos="VERB">afecte</wf>
         <wf pos="X">a</wf>
         <wf pos="X">las</wf>
         <wf lemma="célula" pos="NOUN">células</wf>
         <wf pos="X">«</wf>
         <wf lemma="escamoso" pos="ADJ">escamosas</wf>
         <wf pos="X">»</wf>
         <wf pos="X">.</wf>
      </sentence>
      <sentence id="d000.s229" source="semeval2013-es">
         <wf lemma="un" pos="X">Un</wf>
         <instance id="d000.s229.t000" lemma="microbio" pos="NOUN">microbio</instance>
         <wf lemma="resistente" pos="ADJ">resistente</wf>
         <wf lemma="al" pos="X">al</wf>
         <instance id="d000.s229.t001" lemma="arsénico" pos="NOUN">arsénico</instance>
         <wf lemma="plantear" pos="VERB">plantea</wf>
         <wf lemma="el" pos="X">la</wf>
         <instance id="d000.s229.t002" lemma="posibilidad" pos="NOUN">posibilidad</instance>
         <wf lemma="de" pos="X">de</wf>
         <wf lemma="nuevo" pos="ADJ">nuevas</wf>
         <wf lemma="forma" pos="NOUN">formas</wf>
         <wf lemma="de" pos="X">de</wf>
         <instance id="d000.s229.t003" lemma="vida" pos="NOUN">vida</instance>
         <wf lemma="en" pos="X">en</wf>
         <wf lemma="el" pos="X">la</wf>
         <instance id="d000.s229.t004" lemma="tierra" pos="NOUN">Tierra</instance>
         <wf lemma="..." pos="X">...</wf>
         <wf lemma="o" pos="X">o</wf>
         <wf lemma="en" pos="X">en</wf>
         <wf lemma="otro" pos="X">otros</wf>
         <wf lemma="lugar" pos="NOUN">lugares</wf>
      </sentence>
      <sentence id="d000.s230" source="semeval2015-es">
         <wf lemma="alimta" pos="NOUN">Alimta</wf>
         <wf lemma="ser" pos="VERB">es</wf>
         <wf pos="X">un</wf>
         <instance id="d000.s230.t000" lemma="polvo" pos="NOUN">polvo</instance>
         <wf pos="X">con</wf>
         <wf pos="X">el</wf>
         <wf pos="X">que</wf>
         <wf pos="X">se</wf>
         <instance id="d000.s230.t001" lemma="preparar" pos="VERB">prepara</instance>
         <wf pos="X">una</wf>
         <instance id="d000.s230.t002" lemma="solución" pos="NOUN">solución</instance>
         <wf pos="X">para</wf>
         <instance id="d000.s230.t003" lemma="perfusión" pos="NOUN">perfusión</instance>
         <wf pos="X">(</wf>
         <instance id="d000.s230.t004" lemma="goteo" pos="NOUN">goteo</instance>
         <wf pos="X">en</wf>
         <instance id="d000.s230.t005" lemma="vena" pos="NOUN">vena</instance>
         <wf pos="X">)</wf>
         <wf pos="X">.</wf>
      </sentence>
      <sentence id="d000.s231" source="semeval2015-es">
         <wf lemma="alimta" pos="NOUN">Alimta</wf>
         <wf pos="X">se</wf>
         <instance id="d000.s231.t000" lemma="utilizar" pos="VERB">utiliza</instance>
         <wf pos="X">en</wf>
         <instance id="d000.s231.t001" lemma="combinación" pos="NOUN">combinación</instance>
         <wf pos="X">con</wf>
         <wf lemma="cisplatino" pos="NOUN">cisplatino</wf>
         <wf pos="X">en</wf>
         <instance id="d000.s231.t002" lemma="paciente" pos="NOUN">pacientes</instance>
         <wf pos="X">que</wf>
         <instance id="d000.s231.t003" lemma="no" pos="ADV">no</instance>
         <wf lemma="haber" pos="VERB">han</wf>
         <wf lemma="ser" pos="VERB">sido</wf>
         <instance id="d000.s231.t004" lemma="tratar" pos="VERB">tratados</instance>
         <instance id="d000.s231.t005" lemma="previamente" pos="ADV">previamente</instance>
         <wf pos="X">y</wf>
         <wf pos="X">en</wf>
         <wf lemma="monoterapia" pos="NOUN">monoterapia</wf>
         <wf pos="X">en</wf>
         <instance id="d000.s231.t006" lemma="paciente" pos="NOUN">pacientes</instance>
         <wf pos="X">que</wf>
         <wf lemma="haber" pos="VERB">han</wf>
         <wf lemma="ser" pos="VERB">sido</wf>
         <instance id="d000.s231.t007" lemma="tratar" pos="VERB">tratado</instance>
         <instance id="d000.s231.t008" lemma="previamente" pos="ADV">previamente</instance>
         <wf pos="X">con</wf>
         <wf pos="X">otros</wf>
         <instance id="d000.s231.t009" lemma="tipo" pos="NOUN">tipos</instance>
         <wf pos="X">de</wf>
         <instance id="d000.s231.t010" lemma="quimioterapia" pos="NOUN">quimioterapia</instance>
         <wf pos="X">.</wf>
      </sentence>
      <sentence id="d000.s232" source="semeval2013-es">
         <instance id="d000.s232.t000" lemma="minuto" pos="NOUN">Minuto</instance>
         <wf lemma="a" pos="X">a</wf>
         <instance id="d000.s232.t001" lemma="minuto" pos="NOUN">minuto</instance>
         <wf lemma="," pos="X">,</wf>
         <wf lemma="enviar" pos="VERB">enviaron</wf>
         <instance id="d000.s232.t002" lemma="informe" pos="NOUN">informes</instance>
         <wf lemma="del" pos="X">del</wf>
         <wf lemma="espantoso" pos="ADJ">espantoso</wf>
         <wf lemma="testimonio" pos="NOUN">testimonio</wf>
         <wf lemma="vía" pos="X">vía</wf>
         <wf lemma="Twitter" pos="NOUN">Twitter</wf>
         <wf lemma="." pos="X">.</wf>
      </sentence>
      <sentence id="d000.s233" source="semeval2015-es">
         <wf pos="X">La</wf>
         <instance id="d000.s233.t000" lemma="ventana" pos="NOUN">ventana</instance>
         <instance id="d000.s233.t001" lemma="principal" pos="ADJ">principal</instance>
         <wf pos="X">de</wf>
         <wf lemma="kalgebra" pos="NOUN">kalgebra</wf>
         <instance id="d000.s233.t002" lemma="constar" pos="VERB">consta</instance>
         <wf pos="X">de</wf>
         <wf pos="X">cuatro</wf>
         <wf lemma="pestaña" pos="NOUN">pestañas</wf>
         <wf pos="X">:</wf>
         <wf lemma="consola" pos="NOUN">Consola</wf>
         <wf pos="X">,</wf>
         <wf lemma="gráfica" pos="NOUN">Gráfica</wf>
         <wf lemma="2d" pos="NOUN">2D</wf>
         <wf pos="X">,</wf>
         <wf lemma="gráfica" pos="NOUN">Gráfica</wf>
         <wf lemma="3d" pos="NOUN">3D</wf>
         <wf pos="X">y</wf>
         <instance id="d000.s233.t003" lemma="diccionario" pos="NOUN">Diccionario</instance>
         <wf pos="X">.</wf>
      </sentence>
      <sentence id="d000.s234" source="semeval2015-es">
         <wf lemma="alimta" pos="NOUN">Alimta</wf>
         <instance id="d000.s234.t000" lemma="sólo" pos="ADV">sólo</instance>
         <wf lemma="deber" pos="VERB">debe</wf>
         <instance id="d000.s234.t001" lemma="administrar" pos="VERB">administrarse</instance>
         <wf pos="X">bajo</wf>
         <wf pos="X">la</wf>
         <instance id="d000.s234.t002" lemma="supervisión" pos="NOUN">supervisión</instance>
         <wf pos="X">de</wf>
         <wf pos="X">un</wf>
         <instance id="d000.s234.t003" lemma="médico" pos="NOUN">médico</instance>
         <instance id="d000.s234.t004" lemma="cualificar" pos="VERB">cualificado</instance>
         <wf pos="X">en</wf>
         <wf pos="X">el</wf>
         <instance id="d000.s234.t005" lemma="uso" pos="NOUN">uso</instance>
         <wf pos="X">de</wf>
         <instance id="d000.s234.t006" lemma="quimioterapia" pos="NOUN">quimioterapia</instance>
         <wf pos="X">contra</wf>
         <wf pos="X">el</wf>
         <instance id="d000.s234.t007" lemma="cáncer" pos="NOUN">cáncer</instance>
         <wf pos="X">.</wf>
      </sentence>
      <sentence id="d000.s235" source="semeval2015-es">
         <wf pos="X">La</wf>
         <instance id="d000.s235.t000" lemma="fundación" pos="NOUN">Fundación</instance>
         <wf lemma="haber" pos="VERB">ha</wf>
         <instance id="d000.s235.t001" lemma="intervenir" pos="VERB">intervenido</instance>
         <instance id="d000.s235.t002" lemma="recientemente" pos="ADV">recientemente</instance>
         <wf pos="X">en</wf>
         <wf pos="X">la</wf>
         <instance id="d000.s235.t003" lemma="organización" pos="NOUN">organización</instance>
         <wf pos="X">de</wf>
         <wf pos="X">una</wf>
         <instance id="d000.s235.t004" lemma="conferencia" pos="NOUN">conferencia</instance>
         <wf pos="X">sobre</wf>
         <wf pos="X">este</wf>
         <instance id="d000.s235.t005" lemma="decisivo" pos="ADJ">decisivo</instance>
         <instance id="d000.s235.t006" lemma="reto" pos="NOUN">reto</instance>
         <wf pos="X">.</wf>
      </sentence>
      <sentence id="d000.s236" source="semeval2013-es">
         <wf lemma="el" pos="X">El</wf>
         <instance id="d000.s236.t000" lemma="equipo" pos="NOUN">equipo</instance>
         <wf lemma="vitoriano" pos="ADJ">vitoriano</wf>
         <wf lemma="saber" pos="VERB">supo</wf>
         <wf lemma="suplir" pos="VERB">suplir</wf>
         <wf lemma="el" pos="X">las</wf>
         <wf lemma="importante" pos="ADJ">importantes</wf>
         <instance id="d000.s236.t001" lemma="ausencia" pos="NOUN">ausencias</instance>
         <wf lemma="de" pos="X">de</wf>
         <wf lemma="Herrmann" pos="NOUN">Herrmann</wf>
         <wf lemma="," pos="X">,</wf>
         <wf lemma="Oleson" pos="NOUN">Oleson</wf>
         <wf lemma="," pos="X">,</wf>
         <wf lemma="Huertas" pos="NOUN">Huertas</wf>
         <wf lemma="o" pos="X">o</wf>
         <wf lemma="Micov" pos="NOUN">Micov</wf>
         <wf lemma="con" pos="X">con</wf>
         <wf lemma="grande" pos="ADJ">grandes</wf>
         <wf lemma="dosis" pos="NOUN">dosis</wf>
         <wf lemma="de" pos="X">de</wf>
         <wf lemma="implicación" pos="NOUN">implicación</wf>
         <wf lemma="y" pos="X">y</wf>
         <instance id="d000.s236.t002" lemma="trabajo" pos="NOUN">trabajo</instance>
         <wf lemma="colectivo" pos="ADJ">colectivo</wf>
         <wf lemma="aunque" pos="X">aunque</wf>
         <wf lemma="tener" pos="VERB">tuvo</wf>
         <wf lemma="que" pos="X">que</wf>
         <wf lemma="sufrir" pos="VERB">sufrir</wf>
         <wf lemma="hasta" pos="X">hasta</wf>
         <wf lemma="el" pos="X">el</wf>
         <wf lemma="final" pos="NOUN">final</wf>
         <wf lemma="para" pos="X">para</wf>
         <wf lemma="hacerse" pos="VERB">hacerse</wf>
         <wf lemma="con" pos="X">con</wf>
         <wf lemma="el" pos="X">la</wf>
         <instance id="d000.s236.t003" lemma="victoria" pos="NOUN">victoria</instance>
         <wf lemma="." pos="X">.</wf>
      </sentence>
      <sentence id="d000.s237" source="semeval2013-es">
         <instance id="d000.s237.t000" lemma="deporte" pos="NOUN">Deporte</instance>
         <wf lemma="y" pos="X">y</wf>
         <instance id="d000.s237.t001" lemma="fraude_de_ley" pos="NOUN">fraude_de_ley</instance>
      </sentence>
      <sentence id="d000.s238" source="semeval2013-es">
         <wf lemma="el" pos="X">La</wf>
         <instance id="d000.s238.t000" lemma="ventaja" pos="NOUN">ventaja</instance>
         <wf lemma="," pos="X">,</wf>
         <wf lemma="obvio" pos="ADV">obviamente</wf>
         <wf lemma="," pos="X">,</wf>
         <wf lemma="consistir" pos="VERB">consiste</wf>
         <wf lemma="en" pos="X">en</wf>
         <wf lemma="que" pos="X">que</wf>
         <wf lemma="el" pos="X">los</wf>
         <instance id="d000.s238.t001" lemma="jugador" pos="NOUN">jugadores</instance>
         <wf lemma="empezar" pos="VERB">empezarán</wf>
         <wf lemma="el" pos="X">la</wf>
         <wf lemma="siguiente" pos="ADJ">siguiente</wf>
         <wf lemma="fase" pos="NOUN">fase</wf>
         <wf lemma="de" pos="X">de</wf>
         <wf lemma="el" pos="X">la</wf>
         <wf lemma="liga_de_campeones" pos="NOUN">Liga_de_Campeones</wf>
         <wf lemma="sin" pos="X">sin</wf>
         <wf lemma="tarjeta" pos="NOUN">tarjetas</wf>
         <wf lemma="que" pos="X">que</wf>
         <wf lemma="poder" pos="VERB">puedan</wf>
         <wf lemma="amenazar" pos="VERB">amenazar</wf>
         <wf lemma="suyo" pos="X">su</wf>
         <wf lemma="participación" pos="NOUN">participación</wf>
         <wf lemma="en" pos="X">en</wf>
         <wf lemma="un" pos="X">un</wf>
         <wf lemma="futuro" pos="ADJ">futuro</wf>
         <wf lemma="partido" pos="NOUN">partido</wf>
         <wf lemma="." pos="X">.</wf>
      </sentence>
      <sentence id="d000.s239" source="semeval2013-es">
         <wf lemma="ver" pos="VERB">Vemos</wf>
         <wf lemma="que" pos="X">que</wf>
         <wf lemma="el" pos="X">el</wf>
         <wf lemma="grande" pos="ADJ">máximo</wf>
         <wf lemma="registro" pos="NOUN">registro</wf>
         <wf lemma="de" pos="X">de</wf>
         <wf lemma="el" pos="X">la</wf>
         <wf lemma="selección" pos="NOUN">Selección</wf>
         <wf lemma="español" pos="NOUN">española</wf>
         <wf lemma="ser" pos="VERB">es</wf>
         <wf lemma="del" pos="X">del</wf>
         <instance id="d000.s239.t000" lemma="arquero" pos="NOUN">arquero</instance>
         <wf lemma="Íker_Casillas" pos="NOUN">Íker_Casillas</wf>
         <wf lemma="," pos="X">,</wf>
         <wf lemma="quien" pos="X">quien</wf>
         <wf lemma="el" pos="X">el</wf>
         <instance id="d000.s239.t001" lemma="sábado" pos="NOUN">sábado</instance>
         <wf lemma="anterior" pos="ADJ">anterior</wf>
         <wf lemma="ante" pos="X">ante</wf>
         <instance id="d000.s239.t002" lemma="Inglaterra" pos="NOUN">Inglaterra</instance>
         <wf lemma="(" pos="X">(</wf>
         <wf lemma="caer" pos="NOUN">caída</wf>
         <wf lemma="@card@" pos="X">0-1</wf>
         <wf lemma="en" pos="X">en</wf>
         <instance id="d000.s239.t003" lemma="Londres" pos="NOUN">Londres</instance>
         <wf lemma=")" pos="X">)</wf>
         <wf lemma="igualar" pos="VERB">igualó</wf>
         <wf lemma="el" pos="X">el</wf>
         <wf lemma="registro" pos="NOUN">registro</wf>
         <wf lemma="del" pos="X">del</wf>
         <wf lemma="exportero" pos="NOUN">exportero</wf>
         <wf lemma="Andoni_Zubizarreta" pos="NOUN">Andoni_Zubizarreta</wf>
         <wf lemma="," pos="X">,</wf>
         <wf lemma="con" pos="X">con</wf>
         <wf lemma="@card@" pos="X">126</wf>
         <wf lemma="encuentro" pos="NOUN">encuentros</wf>
         <wf lemma="internacional" pos="ADJ">internacionales</wf>
         <wf lemma="." pos="X">.</wf>
      </sentence>
      <sentence id="d000.s240" source="semeval2015-es">
         <wf lemma="qué" pos="ADJ">¿Qué</wf>
         <instance id="d000.s240.t000" lemma="tipo" pos="NOUN">tipo</instance>
         <wf pos="X">de</wf>
         <instance id="d000.s240.t001" lemma="estudio" pos="NOUN">estudios</instance>
         <wf pos="X">se</wf>
         <wf lemma="haber" pos="VERB">han</wf>
         <instance id="d000.s240.t002" lemma="realizar" pos="VERB">realizado</instance>
         <wf pos="X">con</wf>
         <wf lemma="alimta" pos="NOUN">Alimta</wf>
         <wf pos="X">?</wf>
      </sentence>
      <sentence id="d000.s241" source="semeval2013-es">
         <wf lemma="durante" pos="X">Durante</wf>
         <instance id="d000.s241.t000" lemma="década" pos="NOUN">décadas</instance>
         <wf lemma="," pos="X">,</wf>
         <wf lemma="el" pos="X">los</wf>
         <instance id="d000.s241.t001" lemma="tribunal_de_apelación" pos="NOUN">tribunales_de_apelación</instance>
         <wf lemma="haber" pos="VERB">han</wf>
         <wf lemma="reconocer" pos="VERB">reconocido</wf>
         <wf lemma="que" pos="X">que</wf>
         <wf lemma="el" pos="X">la</wf>
         <wf lemma="cobertura" pos="NOUN">cobertura</wf>
         <wf lemma="de" pos="X">de</wf>
         <wf lemma="caso" pos="NOUN">casos</wf>
         <wf lemma="celebres" pos="NOUN">celebres</wf>
         <wf lemma="poder" pos="VERB">puede</wf>
         <wf lemma="generar" pos="VERB">generar</wf>
         <instance id="d000.s241.t002" lemma="pregunta" pos="NOUN">preguntas</instance>
         <wf lemma="sobre" pos="X">sobre</wf>
         <wf lemma="el" pos="X">la</wf>
         <instance id="d000.s241.t003" lemma="imparcialidad" pos="NOUN">imparcialidad</instance>
         <wf lemma="de" pos="X">de</wf>
         <wf lemma="un" pos="X">un</wf>
         <wf lemma="proceso" pos="NOUN">proceso</wf>
         <wf lemma="." pos="X">.</wf>
      </sentence>
      <sentence id="d000.s242" source="semeval2015-es">
         <instance id="d000.s242.t000" lemma="ahora" pos="ADV">Ahora</instance>
         <wf lemma="poder" pos="VERB">puede</wf>
         <instance id="d000.s242.t001" lemma="preguntar" pos="VERB">preguntarme</instance>
         <wf lemma="por~qué" pos="ADV">por qué</wf>
         <wf lemma="deber" pos="VERB">debería</wf>
         <wf pos="X">el</wf>
         <instance id="d000.s242.t002" lemma="usuario" pos="NOUN">usuario</instance>
         <instance id="d000.s242.t003" lemma="preocupar" pos="VERB">preocuparse</instance>
         <wf pos="X">por</wf>
         <wf lemma="mathml" pos="NOUN">MathML</wf>
         <wf pos="X">.</wf>
      </sentence>
      <sentence id="d000.s243" source="semeval2013-es">
         <wf lemma="este" pos="X">Éstos</wf>
         <wf lemma="ser" pos="VERB">son</wf>
         <wf lemma="alguno" pos="X">algunas</wf>
         <wf lemma="de" pos="X">de</wf>
         <wf lemma="el" pos="X">las</wf>
         <instance id="d000.s243.t000" lemma="conclusión" pos="NOUN">conclusiones</instance>
         <wf lemma="de" pos="X">de</wf>
         <wf lemma="el" pos="X">la</wf>
         <wf lemma="último" pos="ADJ">última</wf>
         <instance id="d000.s243.t001" lemma="encuesta" pos="NOUN">encuesta</instance>
         <wf lemma="del" pos="X">del</wf>
         <wf lemma="Latinobarómetro" pos="NOUN">Latinobarómetro</wf>
         <wf lemma="realizar" pos="VERB">realizada</wf>
         <wf lemma="en" pos="X">en</wf>
         <wf lemma="@card@" pos="X">18</wf>
         <instance id="d000.s243.t002" lemma="país" pos="NOUN">países</instance>
         <wf lemma="y" pos="X">y</wf>
         <wf lemma="publicar" pos="VERB">publicada</wf>
         <wf lemma="exclusivamente" pos="ADV">exclusivamente</wf>
         <wf lemma="por" pos="X">por</wf>
         <wf lemma="The_Economist" pos="NOUN">The_Economist</wf>
         <wf lemma="." pos="X">.</wf>
      </sentence>
      <sentence id="d000.s244" source="semeval2013-es">
         <wf lemma="el" pos="X">Los</wf>
         <instance id="d000.s244.t000" lemma="abogado" pos="NOUN">abogados</instance>
         <wf lemma="de" pos="X">de</wf>
         <wf lemma="el" pos="X">la</wf>
         <wf lemma="defensa" pos="NOUN">defensa</wf>
         <wf lemma="también" pos="ADV">también</wf>
         <wf lemma="afirmar" pos="VERB">afirman</wf>
         <wf lemma="," pos="X">,</wf>
         <wf lemma="por" pos="ADV">Por</wf>
         <wf lemma="ejemplo" pos="ADV">ejemplo</wf>
         <wf lemma="," pos="X">,</wf>
         <wf lemma="que" pos="X">que</wf>
         <wf lemma="Hayes" pos="NOUN">Hayes</wf>
         <wf lemma="poder" pos="VERB">podría</wf>
         <wf lemma="haber" pos="VERB">haber</wf>
         <wf lemma="ser" pos="VERB">sido</wf>
         <wf lemma="perjudicar" pos="VERB">perjudicado</wf>
         <wf lemma="cuando" pos="X">cuando</wf>
         <wf lemma="el" pos="X">el</wf>
         <wf lemma="Juez" pos="NOUN">Juez</wf>
         <wf lemma="Blue" pos="NOUN">Blue</wf>
         <wf lemma="rehusar" pos="VERB">rehusó</wf>
         <wf lemma="permitirles" pos="VERB">permitirles</wf>
         <wf lemma="que" pos="X">que</wf>
         <wf lemma="testearan" pos="VERB">testearan</wf>
         <wf lemma="el" pos="X">las</wf>
         <instance id="d000.s244.t001" lemma="reacción" pos="NOUN">reacciones</instance>
         <wf lemma="de" pos="X">de</wf>
         <wf lemma="el" pos="X">los</wf>
         <instance id="d000.s244.t002" lemma="jurado" pos="NOUN">jurados</instance>
         <wf lemma="potencial" pos="ADJ">potenciales</wf>
         <wf lemma="," pos="X">,</wf>
         <wf lemma="mostrándoles" pos="VERB">mostrándoles</wf>
         <instance id="d000.s244.t003" lemma="fotografía" pos="NOUN">fotografías</instance>
         <wf lemma="espeluznantes" pos="NOUN">espeluznantes</wf>
         <wf lemma="de" pos="X">de</wf>
         <wf lemma="el" pos="X">la</wf>
         <wf lemma="escena" pos="NOUN">escena</wf>
         <wf lemma="del" pos="X">del</wf>
         <instance id="d000.s244.t004" lemma="crimen" pos="NOUN">crimen</instance>
         <wf lemma="durante" pos="X">durante</wf>
         <wf lemma="el" pos="X">la</wf>
         <wf lemma="selección" pos="NOUN">selección</wf>
         <wf lemma="del" pos="X">del</wf>
         <instance id="d000.s244.t005" lemma="jurado" pos="NOUN">jurado</instance>
         <wf lemma="." pos="X">.</wf>
      </sentence>
      <sentence id="d000.s245" source="semeval2015-es">
         <wf pos="X">Se</wf>
         <instance id="d000.s245.t000" lemma="seleccionar" pos="VERB">seleccionaron</instance>
         <wf pos="X">dos</wf>
         <wf pos="X">o</wf>
         <wf pos="X">tres</wf>
         <instance id="d000.s245.t001" lemma="iniciativa" pos="NOUN">iniciativas</instance>
         <wf pos="X">por</wf>
         <wf pos="X">cada</wf>
         <instance id="d000.s245.t002" lemma="país" pos="NOUN">país</instance>
         <wf pos="X">,</wf>
         <wf pos="X">para</wf>
         <wf pos="X">que</wf>
         <wf lemma="ser" pos="VERB">fueran</wf>
         <instance id="d000.s245.t003" lemma="objeto" pos="NOUN">objeto</instance>
         <wf pos="X">de</wf>
         <wf pos="X">un</wf>
         <instance id="d000.s245.t004" lemma="estudio" pos="NOUN">estudio</instance>
         <wf pos="X">de</wf>
         <instance id="d000.s245.t005" lemma="caso" pos="NOUN">caso</instance>
         <wf lemma="detallar" pos="VERB">detallado</wf>
         <wf pos="X">.</wf>
      </sentence>
      <sentence id="d000.s246" source="semeval2013-es">
         <wf lemma="hacer" pos="VERB">Hace</wf>
         <wf lemma="un" pos="X">una</wf>
         <instance id="d000.s246.t000" lemma="década" pos="NOUN">década</instance>
         <wf lemma="," pos="X">,</wf>
         <wf lemma="el" pos="X">las</wf>
         <wf lemma="turbulencias" pos="NOUN">turbulencias</wf>
         <wf lemma="económico" pos="ADJ">económicas</wf>
         <wf lemma="en" pos="X">en</wf>
         <instance id="d000.s246.t001" lemma="Latinoamérica" pos="NOUN">Latinoamérica</instance>
         <wf lemma="afectar" pos="VERB">afectaron</wf>
         <wf lemma="grave" pos="ADV">gravemente</wf>
         <wf lemma="al" pos="X">al</wf>
         <wf lemma="apoyo" pos="NOUN">apoyo</wf>
         <wf lemma="a" pos="X">a</wf>
         <wf lemma="el" pos="X">la</wf>
         <instance id="d000.s246.t002" lemma="democracia" pos="NOUN">democracia</instance>
         <wf lemma="." pos="X">.</wf>
      </sentence>
      <sentence id="d000.s247" source="semeval2015-es">
         <instance id="d000.s247.t000" lemma="ctrl" pos="NOUN">Ctrl</instance>
         <instance id="d000.s247.t001" lemma="l" pos="NOUN">L</instance>
         <wf lemma="cargar" pos="VERB">Cargar</wf>
         <wf pos="X">un</wf>
         <wf lemma="guión" pos="NOUN">guión</wf>
      </sentence>
      <sentence id="d000.s248" source="semeval2015-es">
         <wf pos="X">La</wf>
         <instance id="d000.s248.t000" lemma="fundación" pos="NOUN">Fundación</instance>
         <instance id="d000.s248.t001" lemma="publicar" pos="VERB">publicó</instance>
         <instance id="d000.s248.t002" lemma="recientemente" pos="ADV">recientemente</instance>
         <wf pos="X">en</wf>
         <wf pos="X">el</wf>
         <instance id="d000.s248.t003" lemma="marco" pos="NOUN">marco</instance>
         <wf pos="X">del</wf>
         <instance id="d000.s248.t004" lemma="proyecto" pos="NOUN">proyecto</instance>
         <wf lemma="epoc" pos="NOUN">EPOC</wf>
         <wf pos="X">un</wf>
         <instance id="d000.s248.t005" lemma="estudio" pos="NOUN">estudio</instance>
         <instance id="d000.s248.t006" lemma="comparativo" pos="ADJ">comparativo</instance>
         <wf pos="X">en</wf>
         <wf pos="X">el</wf>
         <wf pos="X">que</wf>
         <wf pos="X">se</wf>
         <instance id="d000.s248.t007" lemma="evaluar" pos="VERB">evalúa</instance>
         <wf pos="X">hasta</wf>
         <wf pos="X">qué</wf>
         <instance id="d000.s248.t008" lemma="punto" pos="NOUN">punto</instance>
         <wf pos="X">la</wf>
         <instance id="d000.s248.t009" lemma="participación" pos="NOUN">participación</instance>
         <instance id="d000.s248.t010" lemma="directo" pos="ADJ">directa</instance>
         <wf lemma="poder" pos="VERB">puede</wf>
         <wf lemma="humanizar" pos="VERB">humanizar</wf>
         <wf pos="X">el</wf>
         <instance id="d000.s248.t011" lemma="trabajo" pos="NOUN">trabajo</instance>
         <wf pos="X">e</wf>
         <instance id="d000.s248.t012" lemma="incrementar" pos="VERB">incrementar</instance>
         <wf lemma="al~mismo~tiempo" pos="ADV">al mismo tiempo</wf>
         <wf pos="X">la</wf>
         <instance id="d000.s248.t013" lemma="rentabilidad" pos="NOUN">rentabilidad</instance>
         <wf pos="X">.</wf>
      </sentence>
      <sentence id="d000.s249" source="semeval2015-es">
         <wf lemma="cerenia" pos="NOUN">Cerenia</wf>
         <instance id="d000.s249.t000" lemma="contener" pos="VERB">contiene</instance>
         <wf pos="X">el</wf>
         <wf lemma="principio" pos="NOUN">principio</wf>
         <instance id="d000.s249.t001" lemma="activo" pos="ADJ">activo</instance>
         <wf lemma="maropitant" pos="NOUN">maropitant</wf>
         <wf pos="X">y</wf>
         <wf pos="X">se</wf>
         <instance id="d000.s249.t002" lemma="presentar" pos="VERB">presenta</instance>
         <wf pos="X">en</wf>
         <instance id="d000.s249.t003" lemma="forma" pos="NOUN">forma</instance>
         <wf pos="X">de</wf>
         <wf lemma="comprimir" pos="VERB">comprimidos</wf>
         <wf pos="X">o</wf>
         <wf pos="X">de</wf>
         <instance id="d000.s249.t004" lemma="solución" pos="NOUN">solución</instance>
         <wf lemma="inyectables" pos="ADJ">inyectables</wf>
         <wf pos="X">.</wf>
      </sentence>
      <sentence id="d000.s250" source="semeval2015-es">
         <wf lemma="estar" pos="VERB">Está</wf>
         <instance id="d000.s250.t000" lemma="examinar" pos="VERB">examinando</instance>
         <instance id="d000.s250.t001" lemma="asimismo" pos="ADV">asimismo</instance>
         <wf pos="X">los</wf>
         <instance id="d000.s250.t002" lemma="punto" pos="NOUN">puntos</instance>
         <wf pos="X">de</wf>
         <instance id="d000.s250.t003" lemma="vista" pos="NOUN">vista</instance>
         <wf pos="X">de</wf>
         <wf pos="X">los</wf>
         <instance id="d000.s250.t004" lemma="interlocutor" pos="NOUN">interlocutores</instance>
         <instance id="d000.s250.t005" lemma="social" pos="ADJ">sociales</instance>
         <wf pos="X">,</wf>
         <instance id="d000.s250.t006" lemma="prestar" pos="VERB">prestando</instance>
         <instance id="d000.s250.t007" lemma="especial" pos="ADJ">especial</instance>
         <instance id="d000.s250.t008" lemma="atención" pos="NOUN">atención</instance>
         <wf pos="X">a</wf>
         <wf pos="X">las</wf>
         <instance id="d000.s250.t009" lemma="propuesta" pos="NOUN">propuestas</instance>
         <wf pos="X">para</wf>
         <instance id="d000.s250.t010" lemma="eliminar" pos="VERB">eliminar</instance>
         <wf pos="X">dichos</wf>
         <instance id="d000.s250.t011" lemma="obstáculo" pos="NOUN">obstáculos</instance>
         <wf pos="X">.</wf>
      </sentence>
      <sentence id="d000.s251" source="semeval2015-es">
         <wf pos="X">^</wf>
         <wf pos="X">,</wf>
         <wf lemma="**" pos="VERB">**</wf>
         <wf pos="X">:</wf>
         <instance id="d000.s251.t000" lemma="potencia" pos="NOUN">potencia</instance>
         <wf pos="X">,</wf>
         <wf lemma="poder" pos="VERB">puede</wf>
         <instance id="d000.s251.t001" lemma="usar" pos="VERB">usar</instance>
         <wf pos="X">cualquiera</wf>
         <wf pos="X">de</wf>
         <wf pos="X">las</wf>
         <wf pos="X">dos</wf>
         <instance id="d000.s251.t002" lemma="forma" pos="NOUN">formas</instance>
         <wf pos="X">.</wf>
      </sentence>
      <sentence id="d000.s252" source="semeval2013-es">
         <wf lemma="por" pos="X">Por</wf>
         <instance id="d000.s252.t000" lemma="costa_rica" pos="NOUN">Costa_Rica</instance>
         <wf lemma="," pos="X">,</wf>
         <wf lemma="bryan_ruiz" pos="NOUN">Bryan_Ruiz</wf>
         <wf lemma="ser" pos="VERB">es</wf>
         <wf lemma="el" pos="X">el</wf>
         <wf lemma="que" pos="X">que</wf>
         <wf lemma="registrar" pos="VERB">registra</wf>
         <wf lemma="más" pos="ADV">más</wf>
         <wf lemma="tanto" pos="ADJ">tantos</wf>
         <wf lemma="con" pos="X">con</wf>
         <wf lemma="nueve" pos="X">nueve</wf>
         <wf lemma="," pos="X">,</wf>
         <wf lemma="dos" pos="X">dos</wf>
         <wf lemma="más" pos="ADV">más</wf>
         <wf lemma="que" pos="X">que</wf>
         <wf lemma="carlos_hernández" pos="NOUN">Carlos_Hernández</wf>
         <wf lemma="y" pos="X">y</wf>
         <wf lemma="tres" pos="X">tres</wf>
         <wf lemma="más" pos="ADV">más</wf>
         <wf lemma="que" pos="X">que</wf>
         <wf lemma="Roy" pos="NOUN">Roy</wf>
         <wf lemma="Myrie" pos="NOUN">Myrie</wf>
         <wf lemma="y" pos="X">y</wf>
         <wf lemma="Parks" pos="NOUN">Parks</wf>
         <wf lemma="." pos="X">.</wf>
      </sentence>
      <sentence id="d000.s253" source="semeval2015-es">
         <wf lemma="ser" pos="VERB">Es</wf>
         <instance id="d000.s253.t000" lemma="posible" pos="ADJ">posible</instance>
         <instance id="d000.s253.t001" lemma="dibujar" pos="VERB">dibujar</instance>
         <wf pos="X">varias</wf>
         <wf lemma="gráfica" pos="NOUN">gráficas</wf>
         <wf pos="X">en</wf>
         <wf pos="X">la</wf>
         <instance id="d000.s253.t002" lemma="mismo" pos="ADJ">misma</instance>
         <instance id="d000.s253.t003" lemma="vista" pos="NOUN">vista</instance>
         <wf pos="X">.</wf>
      </sentence>
      <sentence id="d000.s254" source="semeval2013-es">
         <wf lemma="a" pos="X">A</wf>
         <wf lemma="ambo" pos="X">ambos</wf>
         <wf lemma="lado" pos="NOUN">lados</wf>
         <wf lemma="," pos="X">,</wf>
         <wf lemma="se" pos="X">se</wf>
         <wf lemma="considerar" pos="VERB">considera</wf>
         <wf lemma="que" pos="X">que</wf>
         <wf lemma="el" pos="X">los</wf>
         <instance id="d000.s254.t000" lemma="inmigrante" pos="NOUN">inmigrantes</instance>
         <wf lemma="ser" pos="VERB">son</wf>
         <wf lemma="un" pos="X">una</wf>
         <instance id="d000.s254.t001" lemma="carga" pos="NOUN">carga</instance>
         <wf lemma="para" pos="X">para</wf>
         <wf lemma="el" pos="X">la</wf>
         <instance id="d000.s254.t002" lemma="economía" pos="NOUN">economía</instance>
         <wf lemma="y" pos="X">y</wf>
         <wf lemma="el" pos="X">la</wf>
         <instance id="d000.s254.t003" lemma="sociedad" pos="NOUN">sociedad</instance>
         <wf lemma="francés" pos="ADJ">francesas</wf>
         <wf lemma="." pos="X">.</wf>
      </sentence>
      <sentence id="d000.s255" source="semeval2015-es">
         <wf pos="X">Cuando</wf>
         <wf lemma="alimta" pos="NOUN">Alimta</wf>
         <wf pos="X">se</wf>
         <instance id="d000.s255.t000" lemma="utilizar" pos="VERB">utiliza</instance>
         <instance id="d000.s255.t001" lemma="conjuntamente" pos="ADV">conjuntamente</instance>
         <wf pos="X">con</wf>
         <wf lemma="cisplatino" pos="NOUN">cisplatino</wf>
         <wf pos="X">,</wf>
         <wf lemma="haber~que" pos="VERB">hay que</wf>
         <instance id="d000.s255.t002" lemma="administrar" pos="VERB">administrar</instance>
         <instance id="d000.s255.t003" lemma="además" pos="ADV">además</instance>
         <wf pos="X">un</wf>
         <instance id="d000.s255.t004" lemma="medicamento" pos="NOUN">medicamento</instance>
         <wf pos="X">«</wf>
         <instance id="d000.s255.t005" lemma="antiemético" pos="NOUN">antiemético</instance>
         <wf pos="X">»</wf>
         <wf pos="X">(</wf>
         <wf pos="X">para</wf>
         <instance id="d000.s255.t006" lemma="evitar" pos="VERB">evitar</instance>
         <wf pos="X">los</wf>
         <instance id="d000.s255.t007" lemma="vómito" pos="NOUN">vómitos</instance>
         <wf pos="X">)</wf>
         <wf pos="X">y</wf>
         <instance id="d000.s255.t008" lemma="líquido" pos="NOUN">líquidos</instance>
         <wf pos="X">(</wf>
         <wf pos="X">para</wf>
         <instance id="d000.s255.t009" lemma="evitar" pos="VERB">evitar</instance>
         <wf pos="X">la</wf>
         <instance id="d000.s255.t010" lemma="deshidratación" pos="NOUN">deshidratación</instance>
         <wf pos="X">)</wf>
         <wf pos="X">antes</wf>
         <wf pos="X">o</wf>
         <wf pos="X">después de</wf>
         <wf pos="X">la</wf>
         <instance id="d000.s255.t011" lemma="dosis" pos="NOUN">dosis</instance>
         <wf pos="X">de</wf>
         <wf lemma="cisplatino" pos="NOUN">cisplatino</wf>
         <wf pos="X">.</wf>
      </sentence>
      <sentence id="d000.s256" source="semeval2015-es">
         <wf pos="X">En</wf>
         <wf pos="X">el</wf>
         <instance id="d000.s256.t000" lemma="tratamiento" pos="NOUN">tratamiento</instance>
         <wf pos="X">de</wf>
         <instance id="d000.s256.t001" lemma="paciente" pos="NOUN">pacientes</instance>
         <wf pos="X">con</wf>
         <instance id="d000.s256.t002" lemma="cáncer" pos="NOUN">cáncer</instance>
         <wf pos="X">de</wf>
         <instance id="d000.s256.t003" lemma="pulmón" pos="NOUN">pulmón</instance>
         <wf lemma="no" pos="NOUN">no</wf>
         <instance id="d000.s256.t004" lemma="microcito" pos="NOUN">microcítico</instance>
         <wf pos="X">,</wf>
         <wf lemma="alimta" pos="NOUN">Alimta</wf>
         <wf lemma="ser" pos="VERB">fue</wf>
         <instance id="d000.s256.t005" lemma="tan" pos="ADV">tan</instance>
         <instance id="d000.s256.t006" lemma="efectivo" pos="ADJ">efectivo</instance>
         <wf pos="X">como</wf>
         <wf pos="X">los</wf>
         <instance id="d000.s256.t007" lemma="medicamento" pos="NOUN">medicamentos</instance>
         <wf pos="X">de</wf>
         <instance id="d000.s256.t008" lemma="comparación" pos="NOUN">comparación</instance>
         <wf pos="X">.</wf>
      </sentence>
      <sentence id="d000.s257" source="semeval2013-es">
         <wf lemma="el" pos="X">La</wf>
         <instance id="d000.s257.t000" lemma="apelación" pos="NOUN">apelación</instance>
         <wf lemma="de" pos="X">de</wf>
         <wf lemma="Cheshire" pos="NOUN">Cheshire</wf>
         <wf lemma="apuntará" pos="VERB">apuntará</wf>
         <wf lemma="a" pos="X">a</wf>
         <wf lemma="Twitter" pos="NOUN">Twitter</wf>
      </sentence>
      <sentence id="d000.s258" source="semeval2013-es">
         <wf lemma="en" pos="X">En</wf>
         <wf lemma="el" pos="X">el</wf>
         <wf lemma="caso" pos="NOUN">caso</wf>
         <wf lemma="de" pos="X">de</wf>
         <wf lemma="el" pos="X">la</wf>
         <instance id="d000.s258.t000" lemma="derecha" pos="NOUN">derecha</instance>
         <wf lemma="," pos="X">,</wf>
         <wf lemma="jacques_chirac" pos="NOUN">Jacques_Chirac</wf>
         <wf lemma="fijar" pos="VERB">fijó</wf>
         <wf lemma="el" pos="X">la</wf>
         <wf lemma="orientación" pos="NOUN">orientación</wf>
         <wf lemma="declarar" pos="VERB">declarando</wf>
         <wf lemma="en" pos="X">en</wf>
         <wf lemma="@card@" pos="X">1976</wf>
         <wf lemma="que" pos="X">que</wf>
         <wf lemma="&quot;" pos="X">&quot;</wf>
         <wf lemma="@card@" pos="X">900.000</wf>
         <instance id="d000.s258.t001" lemma="desempleado" pos="NOUN">desempleados</instance>
         <wf lemma="no" pos="NOUN">no</wf>
         <wf lemma="deber" pos="VERB">deberían</wf>
         <wf lemma="ser" pos="VERB">ser</wf>
         <wf lemma="un" pos="X">un</wf>
         <instance id="d000.s258.t002" lemma="problema" pos="NOUN">problema</instance>
         <wf lemma="para" pos="X">para</wf>
         <wf lemma="un" pos="X">un</wf>
         <instance id="d000.s258.t003" lemma="país" pos="NOUN">país</instance>
         <wf lemma="que" pos="X">que</wf>
         <wf lemma="contar" pos="VERB">cuenta</wf>
         <wf lemma="con" pos="X">con</wf>
         <wf lemma="cerca" pos="ADV">cerca</wf>
         <wf lemma="de" pos="X">de</wf>
         <wf lemma="dos" pos="X">dos</wf>
         <wf lemma="millones" pos="X">millones</wf>
         <wf lemma="de" pos="X">de</wf>
         <instance id="d000.s258.t004" lemma="trabajador" pos="NOUN">trabajadores</instance>
         <wf lemma="inmigrante" pos="ADJ">inmigrantes</wf>
         <wf lemma="&quot;" pos="X">&quot;</wf>
         <wf lemma="," pos="X">,</wf>
         <wf lemma="mientras" pos="X">mientras</wf>
         <wf lemma="que" pos="X">que</wf>
         <wf lemma="en" pos="X">en</wf>
         <wf lemma="el" pos="X">la</wf>
         <instance id="d000.s258.t005" lemma="izquierda" pos="NOUN">izquierda</instance>
         <wf lemma="," pos="X">,</wf>
         <wf lemma="el" pos="X">el</wf>
         <wf lemma="tono" pos="NOUN">tono</wf>
         <wf lemma="él" pos="X">lo</wf>
         <wf lemma="fijar" pos="VERB">fijó</wf>
         <wf lemma="michel_rocard" pos="NOUN">Michel_Rocard</wf>
         <wf lemma="explicar" pos="VERB">explicando</wf>
         <wf lemma="que" pos="X">que</wf>
         <instance id="d000.s258.t006" lemma="Francia" pos="NOUN">Francia</instance>
         <wf lemma="&quot;" pos="X">&quot;</wf>
         <wf lemma="no" pos="NOUN">no</wf>
         <wf lemma="poder" pos="VERB">puede</wf>
         <wf lemma="hacerse" pos="VERB">hacerse</wf>
         <wf lemma="cargo" pos="NOUN">cargo</wf>
         <wf lemma="de" pos="X">de</wf>
         <wf lemma="todo" pos="X">toda</wf>
         <wf lemma="el" pos="X">la</wf>
         <instance id="d000.s258.t007" lemma="miseria" pos="NOUN">miseria</instance>
         <wf lemma="del" pos="X">del</wf>
         <instance id="d000.s258.t008" lemma="mundo" pos="NOUN">mundo</instance>
         <wf lemma="&quot;" pos="X">&quot;</wf>
         <wf lemma="en" pos="X">en</wf>
         <wf lemma="@card@" pos="X">1990</wf>
         <wf lemma="." pos="X">.</wf>
      </sentence>
      <sentence id="d000.s259" source="semeval2013-es">
         <wf lemma="el" pos="X">Las</wf>
         <wf lemma="principal" pos="ADJ">principales</wf>
         <wf lemma="firma" pos="NOUN">firmas</wf>
         <wf lemma="estadounidense" pos="ADJ">estadounidenses</wf>
         <wf lemma="," pos="X">,</wf>
         <wf lemma="como" pos="X">como</wf>
         <wf lemma="Chevron" pos="NOUN">Chevron</wf>
         <wf lemma="y" pos="X">y</wf>
         <wf lemma="ConocoPhillips" pos="NOUN">ConocoPhillips</wf>
         <wf lemma="," pos="X">,</wf>
         <wf lemma="que" pos="X">que</wf>
         <wf lemma="haber" pos="VERB">han</wf>
         <wf lemma="estrechado" pos="VERB">estrechado</wf>
         <wf lemma="lazo" pos="NOUN">lazos</wf>
         <wf lemma="con" pos="X">con</wf>
         <wf lemma="el" pos="X">el</wf>
         <wf lemma="ministerio" pos="NOUN">Ministerio</wf>
         <wf lemma="de" pos="X">de</wf>
         <wf lemma="petróleo" pos="NOUN">Petróleo</wf>
         <wf lemma="iraquí" pos="ADJ">iraquí</wf>
         <wf lemma="y" pos="X">y</wf>
         <wf lemma="haber" pos="VERB">han</wf>
         <wf lemma="proporcionar" pos="VERB">proporcionado</wf>
         <wf lemma="asesoría" pos="NOUN">asesoría</wf>
         <wf lemma="técnico" pos="ADJ">técnica</wf>
         <wf lemma="en" pos="X">en</wf>
         <instance id="d000.s259.t000" lemma="año" pos="NOUN">años</instance>
         <wf lemma="reciente" pos="ADJ">recientes</wf>
         <wf lemma="," pos="X">,</wf>
         <wf lemma="se" pos="X">se</wf>
         <wf lemma="alejar" pos="VERB">alejaron</wf>
         <wf lemma="con" pos="X">con</wf>
         <wf lemma="el" pos="X">las</wf>
         <instance id="d000.s259.t001" lemma="mano" pos="NOUN">manos</instance>
         <wf lemma="vacío" pos="ADJ">vacías</wf>
         <wf lemma="." pos="X">.</wf>
      </sentence>
      <sentence id="d000.s260" source="semeval2013-es">
         <wf lemma="ExxonMobil" pos="NOUN">ExxonMobil</wf>
         <wf lemma="y" pos="X">y</wf>
         <wf lemma="occidental" pos="ADJ">Occidental</wf>
         <wf lemma="Petroleum" pos="NOUN">Petroleum</wf>
         <wf lemma="Inc" pos="NOUN">Inc</wf>
         <wf lemma="erar" pos="VERB">eran</wf>
         <wf lemma="el" pos="X">las</wf>
         <wf lemma="único" pos="ADJ">únicas</wf>
         <wf lemma="compañía" pos="NOUN">compañías</wf>
         <wf lemma="estadounidense" pos="ADJ">estadounidenses</wf>
         <wf lemma="que" pos="X">que</wf>
         <wf lemma="alcanzar" pos="VERB">alcanzaron</wf>
         <instance id="d000.s260.t000" lemma="acuerdo" pos="NOUN">acuerdos</instance>
         <wf lemma="con" pos="X">con</wf>
         <wf lemma="el" pos="X">el</wf>
         <instance id="d000.s260.t001" lemma="ministerio" pos="NOUN">ministerio</instance>
         <wf lemma="." pos="X">.</wf>
      </sentence>
      <sentence id="d000.s261" source="semeval2015-es">
         <instance id="d000.s261.t000" lemma="ctrl" pos="NOUN">Ctrl</instance>
         <instance id="d000.s261.t001" lemma="s" pos="NOUN">S</instance>
         <instance id="d000.s261.t002" lemma="guardar" pos="VERB">Guardar</instance>
         <wf pos="X">el</wf>
         <wf lemma="registro" pos="NOUN">registro</wf>
      </sentence>
      <sentence id="d000.s262" source="semeval2013-es">
         <wf lemma="en" pos="X">En</wf>
         <wf lemma="suyo" pos="X">su</wf>
         <wf lemma="programa" pos="NOUN">programa</wf>
         <wf lemma="," pos="X">,</wf>
         <wf lemma="françois_hollande" pos="NOUN">François_Hollande</wf>
         <wf lemma="se" pos="X">se</wf>
         <wf lemma="limitar" pos="VERB">limita</wf>
         <wf lemma="a" pos="X">a</wf>
         <wf lemma="incluir" pos="VERB">incluir</wf>
         <wf lemma="banalidades" pos="NOUN">banalidades</wf>
         <wf lemma="," pos="X">,</wf>
         <wf lemma="indicar" pos="VERB">indicando</wf>
         <wf lemma="que" pos="X">que</wf>
         <wf lemma="el" pos="X">el</wf>
         <wf lemma="codesarrollo" pos="NOUN">codesarrollo</wf>
         <wf lemma="permitir" pos="VERB">permitirá</wf>
         <wf lemma="solucionar" pos="VERB">solucionar</wf>
         <wf lemma="el" pos="X">el</wf>
         <wf lemma="&quot;" pos="X">&quot;</wf>
         <instance id="d000.s262.t000" lemma="problema" pos="NOUN">problema</instance>
         <wf lemma="de" pos="X">de</wf>
         <wf lemma="el" pos="X">la</wf>
         <instance id="d000.s262.t001" lemma="migración" pos="NOUN">migración</instance>
         <wf lemma="&quot;" pos="X">&quot;</wf>
         <wf lemma="." pos="X">.</wf>
      </sentence>
      <sentence id="d000.s263" source="semeval2013-es">
         <wf lemma="según" pos="X">Según</wf>
         <wf lemma="el" pos="X">las</wf>
         <wf lemma="cifra" pos="NOUN">cifras</wf>
         <wf lemma="definitivo" pos="ADJ">definitivas</wf>
         <wf lemma="al" pos="X">al</wf>
         <wf lemma="cierre" pos="NOUN">cierre</wf>
         <wf lemma="," pos="X">,</wf>
         <wf lemma="el" pos="X">el</wf>
         <instance id="d000.s263.t000" lemma="dow_jones_industrial_average" pos="NOUN">Dow_Jones_Industrial_Average</instance>
         <wf lemma="subir" pos="VERB">subió</wf>
         <wf lemma="@card@" pos="X">65,67</wf>
         <instance id="d000.s263.t001" lemma="punto" pos="NOUN">puntos</instance>
         <wf lemma="alcanzar" pos="VERB">alcanzando</wf>
         <wf lemma="@card@" pos="X">10.471,50</wf>
         <instance id="d000.s263.t002" lemma="punto" pos="NOUN">puntos</instance>
         <wf lemma="," pos="X">,</wf>
         <wf lemma="mientras" pos="X">mientras</wf>
         <wf lemma="el" pos="X">el</wf>
         <instance id="d000.s263.t003" lemma="Nasdaq" pos="NOUN">Nasdaq</instance>
         <wf lemma="," pos="X">,</wf>
         <wf lemma="de" pos="X">de</wf>
         <instance id="d000.s263.t004" lemma="componente" pos="NOUN">componente</instance>
         <wf lemma="tecnológico" pos="ADJ">tecnológico</wf>
         <wf lemma="," pos="X">,</wf>
         <wf lemma="perder" pos="VERB">perdió</wf>
         <wf lemma="@card@" pos="X">0,55</wf>
         <instance id="d000.s263.t005" lemma="punto" pos="NOUN">puntos</instance>
         <wf lemma="para" pos="X">para</wf>
         <wf lemma="situarse" pos="VERB">situarse</wf>
         <wf lemma="en" pos="X">en</wf>
         <wf lemma="@card@" pos="X">2.190,31</wf>
         <instance id="d000.s263.t006" lemma="punto" pos="NOUN">puntos</instance>
         <wf lemma="." pos="X">.</wf>
      </sentence>
      <sentence id="d000.s264" source="semeval2015-es">
         <wf pos="X">Se</wf>
         <instance id="d000.s264.t000" lemma="llegar" pos="VERB">llegó</instance>
         <wf pos="X">a</wf>
         <wf pos="X">la</wf>
         <instance id="d000.s264.t001" lemma="conclusión" pos="NOUN">conclusión</instance>
         <wf pos="X">de</wf>
         <wf pos="X">que</wf>
         <wf lemma="ser" pos="VERB">es</wf>
         <instance id="d000.s264.t002" lemma="necesario" pos="ADJ">necesario</instance>
         <instance id="d000.s264.t003" lemma="adoptar" pos="VERB">adoptar</instance>
         <wf pos="X">un</wf>
         <instance id="d000.s264.t004" lemma="enfoque" pos="NOUN">enfoque</instance>
         <instance id="d000.s264.t005" lemma="más" pos="ADV">más</instance>
         <instance id="d000.s264.t006" lemma="global" pos="ADJ">global</instance>
         <wf pos="X">que</wf>
         <wf lemma="tener_en_cuenta" pos="VERB">tenga en cuenta</wf>
         <wf pos="X">que</wf>
         <wf pos="X">los</wf>
         <instance id="d000.s264.t007" lemma="usuario" pos="NOUN">usuarios</instance>
         <wf lemma="no" pos="NOUN">no</wf>
         <wf pos="X">se</wf>
         <instance id="d000.s264.t008" lemma="servir" pos="VERB">sirven</instance>
         <wf pos="X">de</wf>
         <wf pos="X">esos</wf>
         <instance id="d000.s264.t009" lemma="servicio" pos="NOUN">servicios</instance>
         <wf pos="X">de</wf>
         <instance id="d000.s264.t010" lemma="forma" pos="NOUN">forma</instance>
         <wf lemma="aislar" pos="VERB">aislada</wf>
         <wf pos="X">,</wf>
         <wf pos="X">sino</wf>
         <wf pos="X">como</wf>
         <wf lemma="parte" pos="NOUN">parte</wf>
         <wf pos="X">de</wf>
         <wf pos="X">su</wf>
         <instance id="d000.s264.t011" lemma="vida" pos="NOUN">vida</instance>
         <instance id="d000.s264.t012" lemma="cotidiano" pos="ADJ">cotidiana</instance>
         <wf pos="X">.</wf>
      </sentence>
      <sentence id="d000.s265" source="semeval2013-es">
         <instance id="d000.s265.t000" lemma="parte" pos="NOUN">Parte</instance>
         <wf lemma="del" pos="X">del</wf>
         <instance id="d000.s265.t001" lemma="debate" pos="NOUN">debate</instance>
         <wf lemma="surgir" pos="VERB">surgido</wf>
         <wf lemma="en" pos="X">en</wf>
         <wf lemma="el" pos="X">el</wf>
         <wf lemma="caso" pos="NOUN">caso</wf>
         <wf lemma="relatado" pos="ADJ">relatado</wf>
         <wf lemma="se" pos="X">se</wf>
         <wf lemma="deber" pos="VERB">debe</wf>
         <wf lemma="a" pos="X">a</wf>
         <wf lemma="que" pos="X">que</wf>
         <wf lemma="haber" pos="VERB">ha</wf>
         <wf lemma="ser" pos="VERB">sido</wf>
         <wf lemma="protagonizar" pos="VERB">protagonizado</wf>
         <wf lemma="por" pos="X">por</wf>
         <wf lemma="un" pos="X">un</wf>
         <instance id="d000.s265.t002" lemma="equipo" pos="NOUN">equipo</instance>
         <wf lemma="de" pos="X">de</wf>
         <wf lemma="el" pos="X">la</wf>
         <wf lemma="entidad" pos="NOUN">entidad</wf>
         <wf lemma="del" pos="X">del</wf>
         <wf lemma="real_madrid" pos="NOUN">Real_Madrid</wf>
         <wf lemma="(" pos="X">(</wf>
         <wf lemma="que" pos="X">que</wf>
         <wf lemma="en" pos="X">en</wf>
         <wf lemma="suyo" pos="X">su</wf>
         <instance id="d000.s265.t003" lemma="himno" pos="NOUN">himno</instance>
         <wf lemma="presumir" pos="VERB">presume</wf>
         <wf lemma="de" pos="X">de</wf>
         <wf lemma="nobleza" pos="NOUN">nobleza</wf>
         <wf lemma="y" pos="X">y</wf>
         <instance id="d000.s265.t004" lemma="honor" pos="NOUN">honor</instance>
         <wf lemma="," pos="X">,</wf>
         <wf lemma="y" pos="X">y</wf>
         <wf lemma="que" pos="X">que</wf>
         <wf lemma="en" pos="X">en</wf>
         <wf lemma="ocasión" pos="NOUN">ocasiones</wf>
         <wf lemma="pasar" pos="VERB">pasadas</wf>
         <wf lemma="haber" pos="VERB">ha</wf>
         <wf lemma="multar" pos="VERB">multado</wf>
         <wf lemma="a" pos="X">a</wf>
         <wf lemma="suyo" pos="X">sus</wf>
         <instance id="d000.s265.t005" lemma="jugador" pos="NOUN">jugadores</instance>
         <wf lemma="por" pos="X">por</wf>
         <wf lemma="acto" pos="NOUN">actos</wf>
         <wf lemma="análogo" pos="ADJ">análogos</wf>
         <wf lemma=")" pos="X">)</wf>
         <wf lemma="y" pos="X">y</wf>
         <wf lemma="a" pos="X">a</wf>
         <wf lemma="el" pos="X">la</wf>
         <wf lemma="dramatización" pos="NOUN">dramatización</wf>
         <wf lemma="orquestar" pos="VERB">orquestada</wf>
         <wf lemma="," pos="X">,</wf>
         <wf lemma="al" pos="X">al</wf>
         <wf lemma="parecer" pos="VERB">parecer</wf>
         <wf lemma="," pos="X">,</wf>
         <wf lemma="por" pos="X">por</wf>
         <wf lemma="Mourinho" pos="NOUN">Mourinho</wf>
         <wf lemma="," pos="X">,</wf>
         <wf lemma="quien" pos="X">quien</wf>
         <wf lemma="añadir" pos="VERB">añade</wf>
         <wf lemma="un" pos="X">un</wf>
         <wf lemma="episodio" pos="NOUN">episodio</wf>
         <wf lemma="más" pos="ADV">más</wf>
         <wf lemma="a" pos="X">a</wf>
         <wf lemma="suyo" pos="X">su</wf>
         <wf lemma="dilatar" pos="VERB">dilatada</wf>
         <wf lemma="historiar" pos="VERB">historia</wf>
         <wf lemma="de" pos="X">de</wf>
         <wf lemma="técnico" pos="NOUN">técnico</wf>
         <wf lemma="histriónico" pos="ADJ">histriónico</wf>
         <wf lemma="y" pos="X">y</wf>
         <wf lemma="provocador" pos="ADJ">provocador</wf>
         <wf lemma="." pos="X">.</wf>
      </sentence>
      <sentence id="d000.s266" source="semeval2013-es">
         <wf lemma="el" pos="X">El</wf>
         <wf lemma="caja" pos="NOUN">Caja</wf>
         <wf lemma="laboral" pos="NOUN">Laboral</wf>
         <wf lemma="lograr" pos="VERB">logró</wf>
         <wf lemma="un" pos="X">un</wf>
         <wf lemma="brillante" pos="ADJ">brillante</wf>
         <wf lemma="triunfo" pos="NOUN">triunfo</wf>
         <wf lemma="por" pos="X">por</wf>
         <wf lemma="@card@" pos="X">82-91</wf>
         <wf lemma="en" pos="X">en</wf>
         <wf lemma="suyo" pos="X">su</wf>
         <instance id="d000.s266.t000" lemma="visita" pos="NOUN">visita</instance>
         <wf lemma="a" pos="X">a</wf>
         <wf lemma="el" pos="X">la</wf>
         <wf lemma="complicado" pos="ADJ">complicada</wf>
         <instance id="d000.s266.t001" lemma="cancha" pos="NOUN">cancha</instance>
         <wf lemma="del" pos="X">del</wf>
         <wf lemma="Maccabi" pos="NOUN">Maccabi</wf>
         <wf lemma="Electra" pos="ADJ">Electra</wf>
         <wf lemma="," pos="X">,</wf>
         <wf lemma="pesar" pos="VERB">pese</wf>
         <wf lemma="a" pos="X">a</wf>
         <wf lemma="el" pos="X">las</wf>
         <wf lemma="numeroso" pos="ADJ">numerosas</wf>
         <instance id="d000.s266.t002" lemma="baja" pos="NOUN">bajas</instance>
         <wf lemma="con" pos="X">con</wf>
         <wf lemma="el" pos="X">las</wf>
         <wf lemma="que" pos="X">que</wf>
         <wf lemma="contar" pos="VERB">contaba</wf>
         <wf lemma="el" pos="X">el</wf>
         <instance id="d000.s266.t003" lemma="equipo" pos="NOUN">equipo</instance>
         <wf lemma="de" pos="X">de</wf>
         <wf lemma="Dusko_Ivanovic" pos="NOUN">Dusko_Ivanovic</wf>
         <wf lemma="," pos="X">,</wf>
         <wf lemma="y" pos="X">y</wf>
         <wf lemma="de" pos="X">de</wf>
         <wf lemma="este" pos="X">esta</wf>
         <instance id="d000.s266.t004" lemma="manera" pos="NOUN">manera</instance>
         <wf lemma="se" pos="X">se</wf>
         <wf lemma="situar" pos="VERB">sitúa</wf>
         <wf lemma="en" pos="X">en</wf>
         <wf lemma="el" pos="X">el</wf>
         <wf lemma="liderato" pos="NOUN">liderato</wf>
         <wf lemma="de" pos="X">de</wf>
         <wf lemma="suyo" pos="X">su</wf>
         <instance id="d000.s266.t005" lemma="grupo" pos="NOUN">grupo</instance>
         <wf lemma="," pos="X">,</wf>
         <wf lemma="tras" pos="X">tras</wf>
         <wf lemma="el" pos="X">la</wf>
         <wf lemma="grande" pos="ADJ">gran</wf>
         <wf lemma="actuación" pos="NOUN">actuación</wf>
         <wf lemma="de" pos="X">de</wf>
         <wf lemma="mirza_teletovic" pos="NOUN">Mirza_Teletovic</wf>
         <wf lemma="," pos="X">,</wf>
         <wf lemma="que" pos="X">que</wf>
         <wf lemma="con" pos="X">con</wf>
         <wf lemma="ocho" pos="X">ocho</wf>
         <wf lemma="triple" pos="NOUN">triples</wf>
         <wf lemma="anotar" pos="VERB">anotados</wf>
         <wf lemma="ser" pos="VERB">fue</wf>
         <wf lemma="el" pos="X">el</wf>
         <wf lemma="bueno" pos="ADJ">mejor</wf>
         <wf lemma="de" pos="X">de</wf>
         <wf lemma="suyo" pos="X">su</wf>
         <instance id="d000.s266.t006" lemma="equipo" pos="NOUN">equipo</instance>
         <wf lemma="(" pos="X">(</wf>
         <wf lemma="@card@" pos="X">29</wf>
         <wf lemma="de" pos="X">de</wf>
         <instance id="d000.s266.t007" lemma="valoración" pos="NOUN">valoración</instance>
         <wf lemma=")" pos="X">)</wf>
         <wf lemma="." pos="X">.</wf>
      </sentence>
      <sentence id="d000.s267" source="semeval2013-es">
         <wf lemma="estar" pos="VERB">Está</wf>
         <wf lemma="tan" pos="ADV">tan</wf>
         <wf lemma="extender" pos="VERB">extendida</wf>
         <wf lemma="que" pos="X">que</wf>
         <wf lemma="formar" pos="VERB">forma</wf>
         <wf lemma="parte" pos="NOUN">parte</wf>
         <wf lemma="del" pos="X">del</wf>
         <instance id="d000.s267.t000" lemma="ethos" pos="NOUN">ethos</instance>
         <wf lemma="," pos="X">,</wf>
         <wf lemma="de" pos="X">de</wf>
         <wf lemma="el" pos="X">las</wf>
         <wf lemma="regla" pos="NOUN">reglas</wf>
         <wf lemma="no" pos="NOUN">no</wf>
         <wf lemma="escribir" pos="VERB">escritas</wf>
         <wf lemma="," pos="X">,</wf>
         <wf lemma="pero" pos="X">pero</wf>
         <wf lemma="seguir" pos="VERB">seguidas</wf>
         <wf lemma="," pos="X">,</wf>
         <wf lemma="de" pos="X">de</wf>
         <wf lemma="este" pos="X">este</wf>
         <instance id="d000.s267.t001" lemma="deporte" pos="NOUN">deporte</instance>
         <wf lemma="." pos="X">.</wf>
      </sentence>
      <sentence id="d000.s268" source="semeval2013-es">
         <wf lemma="Felisa" pos="VERB">Felisa</wf>
         <wf lemma="Wolfe-Simon" pos="NOUN">Wolfe-Simon</wf>
         <wf lemma="del" pos="X">del</wf>
         <instance id="d000.s268.t000" lemma="instituto" pos="NOUN">instituto</instance>
         <wf lemma="de" pos="X">de</wf>
         <instance id="d000.s268.t001" lemma="astrobiología" pos="NOUN">astrobiología</instance>
         <wf lemma="de" pos="X">de</wf>
         <wf lemma="el" pos="X">la</wf>
         <instance id="d000.s268.t002" lemma="NASA" pos="NOUN">NASA</instance>
         <wf lemma="," pos="X">,</wf>
         <wf lemma="que" pos="X">que</wf>
         <wf lemma="dirigir" pos="VERB">dirigió</wf>
         <wf lemma="el" pos="X">el</wf>
         <instance id="d000.s268.t003" lemma="estudio" pos="NOUN">estudio</instance>
         <wf lemma="," pos="X">,</wf>
         <wf lemma="se" pos="X">se</wf>
         <wf lemma="centrar" pos="VERB">centró</wf>
         <wf lemma="en" pos="X">en</wf>
         <wf lemma="el" pos="X">el</wf>
         <wf lemma="mono_lake" pos="NOUN">Mono_Lake</wf>
         <wf lemma="porque" pos="X">porque</wf>
         <wf lemma="presentar" pos="VERB">presenta</wf>
         <wf lemma="elevado" pos="ADJ">elevados</wf>
         <instance id="d000.s268.t004" lemma="nivel" pos="NOUN">niveles</instance>
         <wf lemma="de" pos="X">de</wf>
         <instance id="d000.s268.t005" lemma="arsénico" pos="NOUN">arsénico</instance>
         <wf lemma="." pos="X">.</wf>
      </sentence>
      <sentence id="d000.s269" source="semeval2015-es">
         <wf pos="X">A</wf>
         <wf lemma="continuación" pos="ADV">continuación</wf>
         <wf lemma="tener" pos="VERB">tendrá</wf>
         <instance id="d000.s269.t000" lemma="dirigirse" pos="VERB">dirigirse</instance>
         <wf pos="X">al</wf>
         <wf lemma="cuadro" pos="NOUN">cuadro</wf>
         <wf pos="X">de</wf>
         <instance id="d000.s269.t001" lemma="texto" pos="NOUN">texto</instance>
         <wf pos="X">de</wf>
         <instance id="d000.s269.t002" lemma="entrada" pos="NOUN">entrada</instance>
         <wf pos="X">,</wf>
         <wf lemma="donde" pos="ADV">donde</wf>
         <wf lemma="poder" pos="VERB">podrá</wf>
         <instance id="d000.s269.t003" lemma="introducir" pos="VERB">introducir</instance>
         <wf pos="X">su</wf>
         <instance id="d000.s269.t004" lemma="función" pos="NOUN">función</instance>
         <wf pos="X">.</wf>
      </sentence>
      <sentence id="d000.s270" source="semeval2015-es">
         <instance id="d000.s270.t000" lemma="contener" pos="VERB">Contiene</instance>
         <wf pos="X">el</wf>
         <wf lemma="principio" pos="NOUN">principio</wf>
         <instance id="d000.s270.t001" lemma="activo" pos="ADJ">activo</instance>
         <wf lemma="pemetrexed" pos="NOUN">pemetrexed</wf>
         <wf pos="X">.</wf>
      </sentence>
      <sentence id="d000.s271" source="semeval2013-es">
         <wf lemma="junto" pos="ADJ">Juntos</wf>
         <wf lemma="," pos="X">,</wf>
         <wf lemma="el" pos="X">los</wf>
         <instance id="d000.s271.t000" lemma="país" pos="NOUN">países</instance>
         <wf lemma="recortarían" pos="VERB">recortarían</wf>
         <wf lemma="el" pos="X">las</wf>
         <wf lemma="emisiones" pos="NOUN">emisiones</wf>
         <wf lemma="entre" pos="X">entre</wf>
         <wf lemma="un" pos="X">un</wf>
         <wf lemma="@card@" pos="X">50</wf>
         <wf lemma="y" pos="X">y</wf>
         <wf lemma="un" pos="X">un</wf>
         <wf lemma="@card@" pos="X">95</wf>
         <wf lemma="por" pos="X">por</wf>
         <wf lemma="ciento" pos="X">ciento</wf>
         <wf lemma="hacia" pos="X">hacia</wf>
         <wf lemma="@card@" pos="X">2050</wf>
         <wf lemma="." pos="X">.</wf>
      </sentence>
      <sentence id="d000.s272" source="semeval2013-es">
         <wf lemma="tal" pos="X">Tal</wf>
         <wf lemma="como" pos="X">como</wf>
         <wf lemma="señalar" pos="VERB">señalan</wf>
         <wf lemma="el" pos="X">los</wf>
         <instance id="d000.s272.t000" lemma="economista" pos="NOUN">economistas</instance>
         <wf lemma="Ian" pos="NOUN">Ian</wf>
         <wf lemma="Goldin" pos="NOUN">Goldin</wf>
         <wf lemma="y" pos="X">y</wf>
         <wf lemma="Geoffrey" pos="NOUN">Geoffrey</wf>
         <wf lemma="Cameron" pos="VERB">Cameron</wf>
         <wf lemma="en" pos="X">en</wf>
         <wf lemma="un" pos="X">una</wf>
         <wf lemma="obra" pos="NOUN">obra</wf>
         <wf lemma="reciente" pos="ADJ">reciente</wf>
         <wf lemma="que" pos="X">que</wf>
         <wf lemma="resumir" pos="VERB">resume</wf>
         <wf lemma="el" pos="X">los</wf>
         <instance id="d000.s272.t001" lemma="conocimiento" pos="NOUN">conocimientos</instance>
         <wf lemma="más" pos="ADV">más</wf>
         <wf lemma="reciente" pos="ADJ">recientes</wf>
         <wf lemma="sobre" pos="X">sobre</wf>
         <wf lemma="el" pos="X">la</wf>
         <instance id="d000.s272.t002" lemma="inmigración" pos="NOUN">inmigración</instance>
         <wf lemma="(" pos="X">(</wf>
         <wf lemma="Exceptional" pos="ADJ">Exceptional</wf>
         <wf lemma="People" pos="NOUN">People</wf>
         <wf lemma=":" pos="X">:</wf>
         <wf lemma="How" pos="NOUN">How</wf>
         <wf lemma="Migration" pos="NOUN">Migration</wf>
         <wf lemma="Shaped" pos="NOUN">Shaped</wf>
         <wf lemma="Our" pos="NOUN">Our</wf>
         <wf lemma="World" pos="NOUN">World</wf>
         <wf lemma="and" pos="X">and</wf>
         <wf lemma="Will" pos="NOUN">Will</wf>
         <wf lemma="definir" pos="VERB">Define</wf>
         <wf lemma="Our" pos="NOUN">Our</wf>
         <wf lemma="Future" pos="NOUN">Future</wf>
         <wf lemma="," pos="X">,</wf>
         <instance id="d000.s272.t003" lemma="mayo" pos="NOUN">mayo</instance>
         <wf lemma="de" pos="X">de</wf>
         <wf lemma="@card@" pos="X">2011</wf>
         <wf lemma="," pos="X">,</wf>
         <wf lemma="princeton_university_press" pos="NOUN">Princeton_University_Press</wf>
         <wf lemma="," pos="X">,</wf>
         <wf lemma="@card@" pos="X">352</wf>
         <wf lemma="pp" pos="NOUN">pp</wf>
         <wf lemma="." pos="X">.</wf>
         <wf lemma=")" pos="X">)</wf>
         <wf lemma="," pos="X">,</wf>
         <wf lemma="existir" pos="VERB">existe</wf>
         <wf lemma="un" pos="X">un</wf>
         <wf lemma="amplio" pos="ADJ">amplio</wf>
         <instance id="d000.s272.t004" lemma="consenso" pos="NOUN">consenso</instance>
         <wf lemma="entre" pos="X">entre</wf>
         <wf lemma="el" pos="X">los</wf>
         <instance id="d000.s272.t005" lemma="especialista" pos="NOUN">especialistas</instance>
         <wf lemma="sobre" pos="X">sobre</wf>
         <wf lemma="el" pos="X">el</wf>
         <wf lemma="impacto" pos="NOUN">impacto</wf>
         <wf lemma="positivo" pos="ADJ">positivo</wf>
         <wf lemma="de" pos="X">de</wf>
         <wf lemma="el" pos="X">los</wf>
         <wf lemma="flujo" pos="NOUN">flujos</wf>
         <wf lemma="migratorio" pos="ADJ">migratorios</wf>
         <wf lemma="en" pos="X">en</wf>
         <wf lemma="el" pos="X">el</wf>
         <instance id="d000.s272.t006" lemma="crecimiento_económico" pos="NOUN">crecimiento_económico</instance>
         <wf lemma="," pos="X">,</wf>
         <wf lemma="el" pos="X">los</wf>
         <instance id="d000.s272.t007" lemma="salario" pos="NOUN">salarios</instance>
         <wf lemma="y" pos="X">y</wf>
         <wf lemma="el" pos="X">el</wf>
         <instance id="d000.s272.t008" lemma="empleo" pos="NOUN">empleo</instance>
         <wf lemma="en" pos="X">en</wf>
         <wf lemma="el" pos="X">los</wf>
         <instance id="d000.s272.t009" lemma="país" pos="NOUN">países</instance>
         <wf lemma="que" pos="X">que</wf>
         <wf lemma="recibir" pos="VERB">reciben</wf>
         <instance id="d000.s272.t010" lemma="inmigrante" pos="NOUN">inmigrantes</instance>
         <wf lemma="." pos="X">.</wf>
      </sentence>
      <sentence id="d000.s273" source="semeval2013-es">
         <wf lemma="el" pos="X">El</wf>
         <instance id="d000.s273.t000" lemma="arsénico" pos="NOUN">arsénico</instance>
         <wf lemma="ser" pos="VERB">era</wf>
         <wf lemma="más" pos="ADV">más</wf>
         <wf lemma="común" pos="ADJ">común</wf>
         <wf lemma="en" pos="X">en</wf>
         <wf lemma="el" pos="X">las</wf>
         <wf lemma="primero" pos="X">primeras</wf>
         <instance id="d000.s273.t001" lemma="era" pos="NOUN">eras</instance>
         <wf lemma="de" pos="X">de</wf>
         <wf lemma="el" pos="X">la</wf>
         <instance id="d000.s273.t002" lemma="tierra" pos="NOUN">Tierra</instance>
         <wf lemma="," pos="X">,</wf>
         <wf lemma="señalar" pos="VERB">señaló</wf>
         <wf lemma="," pos="X">,</wf>
         <wf lemma="por" pos="X">por</wf>
         <wf lemma="el" pos="X">lo</wf>
         <wf lemma="que" pos="X">que</wf>
         <wf lemma="el" pos="X">los</wf>
         <instance id="d000.s273.t003" lemma="investigador" pos="NOUN">investigadores</instance>
         <wf lemma="especular" pos="VERB">especularon</wf>
         <wf lemma="que" pos="X">que</wf>
         <wf lemma="el" pos="X">las</wf>
         <wf lemma="primero" pos="X">primeras</wf>
         <wf lemma="forma" pos="NOUN">forma</wf>
         <wf lemma="de" pos="X">de</wf>
         <instance id="d000.s273.t004" lemma="vida" pos="NOUN">vida</instance>
         <wf lemma="poder" pos="VERB">pueden</wf>
         <wf lemma="haberlo" pos="VERB">haberlo</wf>
         <wf lemma="usar" pos="VERB">usado</wf>
         <wf lemma="." pos="X">.</wf>
      </sentence>
      <sentence id="d000.s274" source="semeval2013-es">
         <wf lemma="un" pos="X">Un</wf>
         <instance id="d000.s274.t000" lemma="grupo" pos="NOUN">grupo</instance>
         <wf lemma="de" pos="X">de</wf>
         <wf lemma="el" pos="X">la</wf>
         <instance id="d000.s274.t001" lemma="ONU" pos="NOUN">ONU</instance>
         <wf lemma="esbozar" pos="VERB">esboza</wf>
         <wf lemma="un" pos="X">un</wf>
         <instance id="d000.s274.t002" lemma="plan" pos="NOUN">plan</instance>
         <wf lemma="para" pos="X">para</wf>
         <wf lemma="reducir" pos="VERB">reducir</wf>
         <wf lemma="el" pos="X">las</wf>
         <wf lemma="emisiones" pos="NOUN">emisiones</wf>
      </sentence>
      <sentence id="d000.s275" source="semeval2013-es">
         <wf lemma="este" pos="X">Esto</wf>
         <wf lemma="también" pos="ADV">también</wf>
         <wf lemma="se" pos="X">se</wf>
         <wf lemma="aplicar" pos="VERB">aplica</wf>
         <wf lemma="a" pos="X">a</wf>
         <wf lemma="Citigroup" pos="NOUN">Citigroup</wf>
         <wf lemma="," pos="X">,</wf>
         <wf lemma="que" pos="X">que</wf>
         <wf lemma="obligar" pos="VERB">obligó</wf>
         <wf lemma="un" pos="X">un</wf>
         <instance id="d000.s275.t000" lemma="pago" pos="NOUN">pago</instance>
         <wf lemma="de" pos="X">de</wf>
         <wf lemma="@card@" pos="X">20,5</wf>
         <wf lemma="millones" pos="X">millones</wf>
         <wf lemma="de" pos="X">de</wf>
         <instance id="d000.s275.t001" lemma="dólar" pos="NOUN">dólares</instance>
         <wf lemma="." pos="X">.</wf>
      </sentence>
      <sentence id="d000.s276" source="semeval2013-es">
         <wf lemma="un" pos="X">Un</wf>
         <instance id="d000.s276.t000" lemma="representante" pos="NOUN">representante</instance>
         <wf lemma="del" pos="X">del</wf>
         <instance id="d000.s276.t001" lemma="grupo" pos="NOUN">grupo</instance>
         <wf lemma="Citi" pos="NOUN">Citi</wf>
         <wf lemma="no" pos="NOUN">no</wf>
         <wf lemma="querer" pos="VERB">quiso</wf>
         <wf lemma="hacer" pos="VERB">hacer</wf>
         <instance id="d000.s276.t002" lemma="comentario" pos="NOUN">comentarios</instance>
         <wf lemma="." pos="X">.</wf>
      </sentence>
      <sentence id="d000.s277" source="semeval2013-es">
         <wf lemma="el" pos="X">Los</wf>
         <instance id="d000.s277.t000" lemma="rendimiento" pos="NOUN">rendimientos</instance>
         <wf lemma="económico" pos="ADJ">económicos</wf>
         <wf lemma="más" pos="ADV">más</wf>
         <wf lemma="positivo" pos="ADJ">positivos</wf>
         <wf lemma="se" pos="X">se</wf>
         <wf lemma="reflejar" pos="VERB">reflejan</wf>
         <wf lemma="en" pos="X">en</wf>
         <wf lemma="un" pos="X">un</wf>
         <wf lemma="grande" pos="ADJ">mayor</wf>
         <wf lemma="apoyo" pos="NOUN">apoyo</wf>
         <wf lemma="a" pos="X">a</wf>
         <wf lemma="el" pos="X">las</wf>
         <instance id="d000.s277.t001" lemma="empresa_privada" pos="NOUN">empresas_privadas</instance>
         <wf lemma="y" pos="X">y</wf>
         <wf lemma="a" pos="X">a</wf>
         <wf lemma="el" pos="X">la</wf>
         <instance id="d000.s277.t002" lemma="economía_de_mercado" pos="NOUN">economía_de_mercado</instance>
         <wf lemma=":" pos="X">:</wf>
         <wf lemma="alrededor" pos="X">alrededor</wf>
         <wf lemma="del" pos="X">del</wf>
         <wf lemma="@card@" pos="X">71</wf>
         <wf lemma="%" pos="X">%</wf>
         <wf lemma="de" pos="X">de</wf>
         <wf lemma="el" pos="X">los</wf>
         <wf lemma="encuestado" pos="NOUN">encuestados</wf>
         <wf lemma="en" pos="X">en</wf>
         <wf lemma="el" pos="X">la</wf>
         <instance id="d000.s277.t003" lemma="región" pos="NOUN">región</instance>
         <wf lemma="afirmar" pos="VERB">afirman</wf>
         <wf lemma="que" pos="X">que</wf>
         <wf lemma="el" pos="X">las</wf>
         <instance id="d000.s277.t004" lemma="empresa_privada" pos="NOUN">empresas_privadas</instance>
         <wf lemma="ser" pos="VERB">son</wf>
         <wf lemma="indispensable" pos="ADJ">indispensables</wf>
         <wf lemma="para" pos="X">para</wf>
         <wf lemma="el" pos="X">el</wf>
         <instance id="d000.s277.t005" lemma="desarrollo" pos="NOUN">desarrollo</instance>
         <wf lemma="," pos="X">,</wf>
         <wf lemma="mientras" pos="X">mientras</wf>
         <wf lemma="que" pos="X">que</wf>
         <wf lemma="en" pos="X">en</wf>
         <wf lemma="@card@" pos="X">2007</wf>
         <wf lemma="tan" pos="ADV">tan</wf>
         <wf lemma="sólo" pos="ADV">sólo</wf>
         <wf lemma="ser" pos="VERB">era</wf>
         <wf lemma="el" pos="X">el</wf>
         <wf lemma="@card@" pos="X">56</wf>
         <wf lemma="%" pos="X">%</wf>
         <wf lemma="(" pos="X">(</wf>
         <wf lemma="consultar" pos="VERB">consulte</wf>
         <wf lemma="el" pos="X">el</wf>
         <instance id="d000.s277.t006" lemma="gráfico" pos="NOUN">gráfico</instance>
         <wf lemma="6" pos="X">6</wf>
         <wf lemma=")" pos="X">)</wf>
         <wf lemma="." pos="X">.</wf>
      </sentence>
      <sentence id="d000.s278" source="semeval2015-es">
         <wf lemma="cerenia" pos="NOUN">Cerenia</wf>
         <wf lemma="ser" pos="VERB">es</wf>
         <wf pos="X">un</wf>
         <instance id="d000.s278.t000" lemma="antiemético" pos="NOUN">antiemético</instance>
         <wf pos="X">(</wf>
         <instance id="d000.s278.t001" lemma="atajar" pos="VERB">ataja</instance>
         <wf pos="X">los</wf>
         <instance id="d000.s278.t002" lemma="vómito" pos="NOUN">vómitos</instance>
         <wf pos="X">)</wf>
         <wf pos="X">.</wf>
      </sentence>
      <sentence id="d000.s279" source="semeval2015-es">
         <wf pos="X">Los</wf>
         <wf lemma="comprimir" pos="VERB">comprimidos</wf>
         <wf lemma="ser" pos="VERB">son</wf>
         <wf pos="X">de</wf>
         <instance id="d000.s279.t000" lemma="color" pos="NOUN">color</instance>
         <wf lemma="naranja" pos="NOUN">naranja</wf>
         <instance id="d000.s279.t001" lemma="claro" pos="ADJ">claro</instance>
         <wf pos="X">y</wf>
         <instance id="d000.s279.t002" lemma="tener" pos="VERB">tienen</instance>
         <wf pos="X">una</wf>
         <instance id="d000.s279.t003" lemma="ranura" pos="NOUN">ranura</instance>
         <wf pos="X">en</wf>
         <wf pos="X">ambas</wf>
         <instance id="d000.s279.t004" lemma="cara" pos="NOUN">caras</instance>
         <wf pos="X">,</wf>
         <wf pos="X">lo</wf>
         <wf pos="X">que</wf>
         <instance id="d000.s279.t005" lemma="permitir" pos="VERB">permite</instance>
         <instance id="d000.s279.t006" lemma="dividir" pos="VERB">dividirlos</instance>
         <wf pos="X">por</wf>
         <wf pos="X">la</wf>
         <instance id="d000.s279.t007" lemma="mitad" pos="NOUN">mitad</instance>
         <wf pos="X">.</wf>
      </sentence>
      <sentence id="d000.s280" source="semeval2015-es">
         <wf pos="X">En</wf>
         <wf pos="X">cuanto</wf>
         <wf pos="X">al</wf>
         <instance id="d000.s280.t000" lemma="tratamiento" pos="NOUN">tratamiento</instance>
         <wf pos="X">del</wf>
         <instance id="d000.s280.t001" lemma="cáncer" pos="NOUN">cáncer</instance>
         <wf pos="X">de</wf>
         <instance id="d000.s280.t002" lemma="pulmón" pos="NOUN">pulmón</instance>
         <wf lemma="no" pos="NOUN">no</wf>
         <instance id="d000.s280.t003" lemma="microcito" pos="NOUN">microcítico</instance>
         <wf pos="X">,</wf>
         <wf pos="X">se</wf>
         <instance id="d000.s280.t004" lemma="comparar" pos="VERB">compararon</instance>
         <wf pos="X">los</wf>
         <instance id="d000.s280.t005" lemma="efecto" pos="NOUN">efectos</instance>
         <wf pos="X">de</wf>
         <wf lemma="alimta" pos="NOUN">Alimta</wf>
         <wf pos="X">con</wf>
         <wf pos="X">los</wf>
         <wf pos="X">del</wf>
         <wf lemma="docetaxel" pos="NOUN">docetaxel</wf>
         <wf pos="X">(</wf>
         <wf pos="X">otro</wf>
         <instance id="d000.s280.t006" lemma="medicamento" pos="NOUN">medicamento</instance>
         <wf pos="X">contra</wf>
         <wf pos="X">el</wf>
         <instance id="d000.s280.t007" lemma="cáncer" pos="NOUN">cáncer</instance>
         <wf pos="X">)</wf>
         <wf pos="X">en</wf>
         <wf pos="X">un</wf>
         <instance id="d000.s280.t008" lemma="estudio" pos="NOUN">estudio</instance>
         <instance id="d000.s280.t009" lemma="realizar" pos="VERB">realizado</instance>
         <wf pos="X">en</wf>
         <wf pos="X">571</wf>
         <instance id="d000.s280.t010" lemma="paciente" pos="NOUN">pacientes</instance>
         <wf pos="X">con</wf>
         <instance id="d000.s280.t011" lemma="enfermedad" pos="NOUN">enfermedad</instance>
         <wf lemma="localmente" pos="ADV">localmente</wf>
         <instance id="d000.s280.t012" lemma="avanzar" pos="VERB">avanzada</instance>
         <wf pos="X">o</wf>
         <instance id="d000.s280.t013" lemma="metastásico" pos="NOUN">metastásica</instance>
         <wf pos="X">que</wf>
         <wf lemma="haber" pos="VERB">habían</wf>
         <instance id="d000.s280.t014" lemma="recibir" pos="VERB">recibido</instance>
         <instance id="d000.s280.t015" lemma="quimioterapia" pos="NOUN">quimioterapia</instance>
         <instance id="d000.s280.t016" lemma="previamente" pos="ADV">previamente</instance>
         <wf pos="X">.</wf>
      </sentence>
      <sentence id="d000.s281" source="semeval2013-es">
         <wf lemma="no" pos="NOUN">No</wf>
         <wf lemma="obstante" pos="ADV">obstante</wf>
         <wf lemma="," pos="X">,</wf>
         <wf lemma="el" pos="X">la</wf>
         <wf lemma="convocatoria" pos="NOUN">convocatoria</wf>
         <wf lemma="de" pos="X">de</wf>
         <wf lemma="un" pos="X">una</wf>
         <instance id="d000.s281.t000" lemma="rueda_de_prensa" pos="NOUN">rueda_de_prensa</instance>
         <wf lemma="para" pos="X">para</wf>
         <wf lemma="debatir" pos="VERB">debatirlo</wf>
         <wf lemma="," pos="X">,</wf>
         <wf lemma="en" pos="X">en</wf>
         <wf lemma="el" pos="X">la</wf>
         <wf lemma="que" pos="X">que</wf>
         <wf lemma="no" pos="NOUN">no</wf>
         <wf lemma="se" pos="X">se</wf>
         <wf lemma="divulgar" pos="VERB">divulgaron</wf>
         <instance id="d000.s281.t001" lemma="detalle" pos="NOUN">detalles</instance>
         <wf lemma="del" pos="X">del</wf>
         <instance id="d000.s281.t002" lemma="descubrimiento" pos="NOUN">descubrimiento</instance>
         <wf lemma="," pos="X">,</wf>
         <wf lemma="generar" pos="VERB">generó</wf>
         <wf lemma="un" pos="X">una</wf>
         <wf lemma="grande" pos="ADJ">gran</wf>
         <wf lemma="especulación" pos="NOUN">especulación</wf>
         <wf lemma="en" pos="X">en</wf>
         <instance id="d000.s281.t003" lemma="Internet" pos="NOUN">Internet</instance>
         <wf lemma="sobre" pos="X">sobre</wf>
         <wf lemma="el" pos="X">la</wf>
         <instance id="d000.s281.t004" lemma="posibilidad" pos="NOUN">posibilidad</instance>
         <wf lemma="de" pos="X">de</wf>
         <wf lemma="que" pos="X">que</wf>
         <wf lemma="el" pos="X">el</wf>
         <instance id="d000.s281.t005" lemma="informe" pos="NOUN">informe</instance>
         <wf lemma="indicase" pos="VERB">indicase</wf>
         <wf lemma="el" pos="X">el</wf>
         <instance id="d000.s281.t006" lemma="descubrimiento" pos="NOUN">descubrimiento</instance>
         <wf lemma="de" pos="X">de</wf>
         <instance id="d000.s281.t007" lemma="vida_extraterrestre" pos="NOUN">vida_extraterrestre</instance>
         <wf lemma="." pos="X">.</wf>
      </sentence>
      <sentence id="d000.s282" source="semeval2013-es">
         <wf lemma="el" pos="X">El</wf>
         <wf lemma="ministerio" pos="NOUN">Ministerio</wf>
         <wf lemma="del" pos="X">del</wf>
         <wf lemma="petróleo" pos="NOUN">Petróleo</wf>
         <wf lemma="iraquí" pos="ADJ">iraquí</wf>
         <wf lemma="alcanzar" pos="VERB">alcanza</wf>
         <instance id="d000.s282.t000" lemma="acuerdo" pos="NOUN">acuerdos</instance>
         <wf lemma="con" pos="X">con</wf>
         <wf lemma="@card@" pos="X">10</wf>
         <instance id="d000.s282.t001" lemma="compañía_petrolera" pos="NOUN">compañías_petroleras</instance>
         <wf lemma="extranjero" pos="ADJ">extranjeras</wf>
      </sentence>
      <sentence id="d000.s283" source="semeval2013-es">
         <wf lemma="el" pos="X">Los</wf>
         <instance id="d000.s283.t000" lemma="inmigrante" pos="NOUN">inmigrantes</instance>
         <wf lemma="también" pos="ADV">también</wf>
         <wf lemma="ser" pos="VERB">son</wf>
         <instance id="d000.s283.t001" lemma="contribuyente" pos="NOUN">contribuyentes</instance>
         <wf lemma="neto" pos="ADJ">netos</wf>
         <wf lemma="a" pos="X">a</wf>
         <wf lemma="el" pos="X">los</wf>
         <instance id="d000.s283.t002" lemma="sistema_social" pos="NOUN">sistemas_sociales</instance>
         <wf lemma="," pos="X">,</wf>
         <wf lemma="poner" pos="VERB">puesto</wf>
         <wf lemma="que" pos="X">que</wf>
         <wf lemma="aportar" pos="VERB">aportan</wf>
         <wf lemma="de" pos="X">de</wf>
         <wf lemma="medio" pos="X">media</wf>
         <wf lemma="un" pos="X">un</wf>
         <wf lemma="1" pos="X">1</wf>
         <wf lemma="%" pos="X">%</wf>
         <wf lemma="del" pos="X">del</wf>
         <instance id="d000.s283.t003" lemma="presupuesto" pos="NOUN">presupuesto</instance>
         <wf lemma="total" pos="ADJ">total</wf>
         <wf lemma="en" pos="X">en</wf>
         <wf lemma="el" pos="X">los</wf>
         <instance id="d000.s283.t004" lemma="país" pos="NOUN">países</instance>
         <wf lemma="europeo" pos="ADJ">europeos</wf>
         <wf lemma="." pos="X">.</wf>
      </sentence>
      <sentence id="d000.s284" source="semeval2013-es">
         <wf lemma="el" pos="X">El</wf>
         <wf lemma="reclamo" pos="NOUN">reclamo</wf>
         <wf lemma="poder" pos="VERB">podría</wf>
         <wf lemma="obligar" pos="VERB">obligar</wf>
         <wf lemma="a" pos="X">a</wf>
         <wf lemma="el" pos="X">los</wf>
         <instance id="d000.s284.t000" lemma="juez" pos="NOUN">jueces</instance>
         <wf lemma="de" pos="X">de</wf>
         <instance id="d000.s284.t001" lemma="apelación" pos="NOUN">apelación</instance>
         <wf lemma="a" pos="X">a</wf>
         <wf lemma="lidiar" pos="VERB">lidiar</wf>
         <wf lemma="con" pos="X">con</wf>
         <wf lemma="el" pos="X">la</wf>
         <instance id="d000.s284.t002" lemma="pregunta" pos="NOUN">pregunta</instance>
         <wf lemma="de" pos="X">de</wf>
         <wf lemma="si" pos="X">si</wf>
         <wf lemma="el" pos="X">la</wf>
         <wf lemma="nuevo" pos="ADJ">nueva</wf>
         <instance id="d000.s284.t003" lemma="tecnología" pos="NOUN">tecnología</instance>
         <wf lemma="requerir" pos="VERB">requiere</wf>
         <wf lemma="nuevo" pos="ADJ">nuevas</wf>
         <wf lemma="regla" pos="NOUN">reglas</wf>
         <wf lemma="en" pos="X">en</wf>
         <wf lemma="el" pos="X">la</wf>
         <wf lemma="sala" pos="NOUN">sala</wf>
         <wf lemma="del" pos="X">del</wf>
         <instance id="d000.s284.t004" lemma="tribunal" pos="NOUN">tribunal</instance>
         <wf lemma="." pos="X">.</wf>
      </sentence>
      <sentence id="d000.s285" source="semeval2013-es">
         <wf lemma="del" pos="X">Del</wf>
         <wf lemma="mismo" pos="ADJ">mismo</wf>
         <wf lemma="modo" pos="NOUN">modo</wf>
         <wf lemma="que" pos="X">que</wf>
         <wf lemma="un" pos="X">un</wf>
         <instance id="d000.s285.t000" lemma="cirujano" pos="NOUN">cirujano</instance>
         <wf lemma="tener" pos="VERB">tendría</wf>
         <instance id="d000.s285.t001" lemma="dificultad" pos="NOUN">dificultades</instance>
         <wf lemma="para" pos="X">para</wf>
         <wf lemma="trabajar" pos="VERB">trabajar</wf>
         <wf lemma="en" pos="X">en</wf>
         <wf lemma="un" pos="X">un</wf>
         <instance id="d000.s285.t002" lemma="país" pos="NOUN">país</instance>
         <wf lemma="que" pos="X">que</wf>
         <wf lemma="tener" pos="VERB">tenga</wf>
         <wf lemma="falta" pos="NOUN">falta</wf>
         <wf lemma="de" pos="X">de</wf>
         <instance id="d000.s285.t003" lemma="anestesista" pos="NOUN">anestesistas</instance>
         <wf lemma="," pos="X">,</wf>
         <wf lemma="el" pos="X">la</wf>
         <wf lemma="complementariedad" pos="NOUN">complementariedad</wf>
         <wf lemma="entre" pos="X">entre</wf>
         <wf lemma="nacional" pos="ADJ">nacionales</wf>
         <wf lemma="y" pos="X">e</wf>
         <instance id="d000.s285.t004" lemma="inmigrante" pos="NOUN">inmigrantes</instance>
         <wf lemma="provocar" pos="VERB">provoca</wf>
         <wf lemma="que" pos="X">que</wf>
         <wf lemma="el" pos="X">la</wf>
         <wf lemma="llegada" pos="NOUN">llegada</wf>
         <wf lemma="de" pos="X">de</wf>
         <wf lemma="este" pos="X">estos</wf>
         <wf lemma="último" pos="ADJ">últimos</wf>
         <wf lemma="influir" pos="VERB">influya</wf>
         <wf lemma="positivamente" pos="ADV">positivamente</wf>
         <wf lemma="en" pos="X">en</wf>
         <wf lemma="el" pos="X">los</wf>
         <instance id="d000.s285.t005" lemma="salario" pos="NOUN">salarios</instance>
         <wf lemma="y" pos="X">y</wf>
         <wf lemma="el" pos="X">el</wf>
         <instance id="d000.s285.t006" lemma="empleo" pos="NOUN">empleo</instance>
         <wf lemma="de" pos="X">de</wf>
         <wf lemma="el" pos="X">los</wf>
         <wf lemma="nacional" pos="ADJ">nacionales</wf>
         <wf lemma="." pos="X">.</wf>
      </sentence>
      <sentence id="d000.s286" source="semeval2015-es">
         <wf pos="X">Si</wf>
         <instance id="d000.s286.t000" lemma="querer" pos="VERB">quiere</instance>
         <instance id="d000.s286.t001" lemma="usar" pos="VERB">usar</instance>
         <wf pos="X">una</wf>
         <instance id="d000.s286.t002" lemma="función" pos="NOUN">función</instance>
         <wf lemma="f(x)" pos="NOUN">f(x)</wf>
         <instance id="d000.s286.t003" lemma="típico" pos="ADJ">típica</instance>
         <wf pos="X">,</wf>
         <wf lemma="no" pos="NOUN">no</wf>
         <wf lemma="ser" pos="VERB">es</wf>
         <instance id="d000.s286.t004" lemma="necesario" pos="ADJ">necesario</instance>
         <wf pos="X">que</wf>
         <wf pos="X">la</wf>
         <instance id="d000.s286.t005" lemma="especificar" pos="VERB">especifique</instance>
         <wf pos="X">.</wf>
      </sentence>
      <sentence id="d000.s287" source="semeval2013-es">
         <wf lemma="el" pos="X">La</wf>
         <instance id="d000.s287.t000" lemma="conferencia" pos="NOUN">conferencia</instance>
         <wf lemma="sobre" pos="X">sobre</wf>
         <wf lemma="el" pos="X">el</wf>
         <instance id="d000.s287.t001" lemma="clima" pos="NOUN">clima</instance>
         <wf lemma="patrocinar" pos="VERB">patrocinada</wf>
         <wf lemma="por" pos="X">por</wf>
         <wf lemma="el" pos="X">la</wf>
         <instance id="d000.s287.t002" lemma="ONU" pos="NOUN">ONU</instance>
         <wf lemma="," pos="X">,</wf>
         <wf lemma="caracterizar" pos="VERB">caracterizada</wf>
         <wf lemma="hasta" pos="X">hasta</wf>
         <wf lemma="ahora" pos="ADV">ahora</wf>
         <wf lemma="por" pos="X">por</wf>
         <wf lemma="postura" pos="NOUN">posturas</wf>
         <wf lemma="desafiantes" pos="ADJ">desafiantes</wf>
         <wf lemma="y" pos="X">y</wf>
         <instance id="d000.s287.t003" lemma="recriminación" pos="NOUN">recriminaciones</instance>
         <wf lemma="mutuo" pos="ADJ">mutuas</wf>
         <wf lemma="," pos="X">,</wf>
         <wf lemma="captar" pos="VERB">captó</wf>
         <wf lemma="un" pos="X">una</wf>
         <wf lemma="renovar" pos="VERB">renovada</wf>
         <instance id="d000.s287.t004" lemma="atención" pos="NOUN">atención</instance>
         <wf lemma="el" pos="X">el</wf>
         <instance id="d000.s287.t005" lemma="viernes" pos="NOUN">viernes</instance>
         <wf lemma="con" pos="X">con</wf>
         <wf lemma="el" pos="X">la</wf>
         <instance id="d000.s287.t006" lemma="divulgación" pos="NOUN">divulgación</instance>
         <wf lemma="de" pos="X">de</wf>
         <wf lemma="un" pos="X">un</wf>
         <instance id="d000.s287.t007" lemma="documento" pos="NOUN">documento</instance>
         <wf lemma="que" pos="X">que</wf>
         <wf lemma="prever" pos="VERB">prevé</wf>
         <wf lemma="ambicioso" pos="ADJ">ambiciosas</wf>
         <instance id="d000.s287.t008" lemma="reducción" pos="NOUN">reducciones</instance>
         <wf lemma="de" pos="X">de</wf>
         <wf lemma="el" pos="X">los</wf>
         <instance id="d000.s287.t009" lemma="gas_de_efecto_invernadero" pos="NOUN">gases_de_efecto_invernadero</instance>
         <wf lemma="durante" pos="X">durante</wf>
         <wf lemma="el" pos="X">los</wf>
         <wf lemma="próximo" pos="ADJ">próximos</wf>
         <wf lemma="@card@" pos="X">40</wf>
         <instance id="d000.s287.t010" lemma="año" pos="NOUN">años</instance>
         <wf lemma="," pos="X">,</wf>
         <wf lemma="con" pos="X">con</wf>
         <wf lemma="el" pos="X">las</wf>
         <instance id="d000.s287.t011" lemma="nación" pos="NOUN">naciones</instance>
         <wf lemma="industrializar" pos="VERB">industrializadas</wf>
         <wf lemma="que" pos="X">que</wf>
         <wf lemma="llevar" pos="VERB">llevan</wf>
         <wf lemma="sobre" pos="X">sobre</wf>
         <wf lemma="suyo" pos="X">sus</wf>
         <wf lemma="hombro" pos="NOUN">hombros</wf>
         <wf lemma="el" pos="X">la</wf>
         <instance id="d000.s287.t012" lemma="mayor_parte" pos="NOUN">mayor_parte</instance>
         <wf lemma="de" pos="X">de</wf>
         <wf lemma="el" pos="X">la</wf>
         <instance id="d000.s287.t013" lemma="carga" pos="NOUN">carga</instance>
         <wf lemma="en" pos="X">en</wf>
         <wf lemma="el" pos="X">el</wf>
         <wf lemma="corto" pos="ADJ">corto</wf>
         <instance id="d000.s287.t014" lemma="plazo" pos="NOUN">plazo</instance>
         <wf lemma="." pos="X">.</wf>
      </sentence>
      <sentence id="d000.s288" source="semeval2015-es">
         <wf pos="X">Si</wf>
         <wf lemma="pulsar" pos="VERB">pulsa</wf>
         <wf pos="X">dos</wf>
         <instance id="d000.s288.t000" lemma="vez" pos="NOUN">veces</instance>
         <wf pos="X">sobre</wf>
         <wf pos="X">una</wf>
         <wf pos="X">de</wf>
         <wf pos="X">ellas</wf>
         <wf pos="X">,</wf>
         <wf pos="X">le</wf>
         <instance id="d000.s288.t001" lemma="aparecer" pos="VERB">aparecerá</instance>
         <wf pos="X">un</wf>
         <wf lemma="diálogo" pos="NOUN">diálogo</wf>
         <wf pos="X">con</wf>
         <wf pos="X">el</wf>
         <wf pos="X">que</wf>
         <wf lemma="poder" pos="VERB">podrá</wf>
         <instance id="d000.s288.t002" lemma="cambiar" pos="VERB">cambiar</instance>
         <wf pos="X">su</wf>
         <instance id="d000.s288.t003" lemma="valor" pos="NOUN">valor</instance>
         <wf pos="X">(</wf>
         <wf lemma="ser" pos="VERB">es</wf>
         <wf pos="X">una</wf>
         <instance id="d000.s288.t004" lemma="forma" pos="NOUN">forma</instance>
         <wf pos="X">de</wf>
         <instance id="d000.s288.t005" lemma="engañar" pos="VERB">engañar</instance>
         <wf pos="X">al</wf>
         <wf lemma="registro" pos="NOUN">registro</wf>
         <wf pos="X">)</wf>
         <wf pos="X">.</wf>
      </sentence>
      <sentence id="d000.s289" source="semeval2013-es">
         <wf lemma="el" pos="X">El</wf>
         <instance id="d000.s289.t000" lemma="grupo" pos="NOUN">grupo</instance>
         <wf lemma="Citi" pos="NOUN">Citi</wf>
         <wf lemma="también" pos="ADV">también</wf>
         <wf lemma="pretender" pos="VERB">pretende</wf>
         <wf lemma="conseguir" pos="VERB">conseguir</wf>
         <instance id="d000.s289.t001" lemma="dinero" pos="NOUN">dinero</instance>
         <wf lemma="en" pos="X">en</wf>
         <wf lemma="el" pos="X">el</wf>
         <wf lemma="mercado_de_capitales" pos="NOUN">mercado_de_capitales</wf>
         <wf lemma="para" pos="X">para</wf>
         <wf lemma="poder" pos="VERB">poder</wf>
         <wf lemma="liberarse" pos="VERB">liberarse</wf>
         <wf lemma="de" pos="X">de</wf>
         <wf lemma="suyo" pos="X">sus</wf>
         <instance id="d000.s289.t002" lemma="obligación" pos="NOUN">obligaciones</instance>
         <wf lemma="frente" pos="X">frente</wf>
         <wf lemma="al" pos="X">al</wf>
         <instance id="d000.s289.t003" lemma="estado" pos="NOUN">estado</instance>
         <wf lemma="." pos="X">.</wf>
      </sentence>
      <sentence id="d000.s290" source="semeval2013-es">
         <wf lemma="de" pos="X">De</wf>
         <wf lemma="el" pos="X">los</wf>
         <wf lemma="@card@" pos="X">22</wf>
         <instance id="d000.s290.t000" lemma="futbolista" pos="NOUN">futbolistas</instance>
         <wf lemma="llamar" pos="VERB">llamados</wf>
         <wf lemma="de" pos="X">de</wf>
         <instance id="d000.s290.t001" lemma="España" pos="NOUN">España</instance>
         <wf lemma="," pos="X">,</wf>
         <wf lemma="diez" pos="X">diez</wf>
         <wf lemma="rebasar" pos="VERB">rebasan</wf>
         <wf lemma="el" pos="X">los</wf>
         <wf lemma="@card@" pos="X">50</wf>
         <instance id="d000.s290.t002" lemma="juego" pos="NOUN">juegos</instance>
         <wf lemma="internacional" pos="ADJ">internacionales</wf>
         <wf lemma="." pos="X">.</wf>
      </sentence>
      <sentence id="d000.s291" source="semeval2015-es">
         <wf pos="X">Después de</wf>
         <wf lemma="haber" pos="VERB">haber</wf>
         <instance id="d000.s291.t000" lemma="introducir" pos="VERB">introducido</instance>
         <wf pos="X">la</wf>
         <instance id="d000.s291.t001" lemma="función" pos="NOUN">función</instance>
         <wf pos="X">,</wf>
         <wf lemma="pulsar" pos="VERB">pulse</wf>
         <wf pos="X">el</wf>
         <wf lemma="botón" pos="NOUN">botón</wf>
         <instance id="d000.s291.t002" lemma="aceptar" pos="VERB">Aceptar</instance>
         <wf pos="X">para</wf>
         <instance id="d000.s291.t003" lemma="dibujar" pos="VERB">dibujar</instance>
         <wf pos="X">la</wf>
         <wf lemma="gráfica" pos="NOUN">gráfica</wf>
         <wf pos="X">en</wf>
         <wf pos="X">la</wf>
         <instance id="d000.s291.t004" lemma="ventana" pos="NOUN">ventana</instance>
         <instance id="d000.s291.t005" lemma="principal" pos="ADJ">principal</instance>
         <wf pos="X">.</wf>
      </sentence>
      <sentence id="d000.s292" source="semeval2015-es">
         <wf lemma="cerenia" pos="NOUN">Cerenia</wf>
         <wf lemma="no" pos="NOUN">no</wf>
         <instance id="d000.s292.t000" lemma="presentar" pos="VERB">presenta</instance>
         <wf pos="X">ningún</wf>
         <instance id="d000.s292.t001" lemma="riesgo" pos="NOUN">riesgo</instance>
         <instance id="d000.s292.t002" lemma="especial" pos="ADJ">especial</instance>
         <wf pos="X">para</wf>
         <wf pos="X">el</wf>
         <wf lemma="ser" pos="NOUN">ser</wf>
         <instance id="d000.s292.t003" lemma="humano" pos="ADJ">humano</instance>
         <wf pos="X">.</wf>
      </sentence>
      <sentence id="d000.s293" source="semeval2015-es">
         <wf pos="X">Se</wf>
         <wf lemma="haber" pos="VERB">han</wf>
         <instance id="d000.s293.t000" lemma="realizar" pos="VERB">realizado</instance>
         <instance id="d000.s293.t001" lemma="además" pos="ADV">además</instance>
         <instance id="d000.s293.t002" lemma="visita" pos="NOUN">visitas</instance>
         <wf pos="X">y</wf>
         <instance id="d000.s293.t003" lemma="entrevista" pos="NOUN">entrevistas</instance>
         <wf pos="X">a</wf>
         <instance id="d000.s293.t004" lemma="miembro" pos="NOUN">miembros</instance>
         <wf lemma="clave" pos="ADJ">clave</wf>
         <wf pos="X">del</wf>
         <instance id="d000.s293.t005" lemma="personal" pos="NOUN">personal</instance>
         <wf pos="X">.</wf>
      </sentence>
      <sentence id="d000.s294" source="semeval2015-es">
         <wf lemma="¿qué" pos="NOUN">¿Qué</wf>
         <instance id="d000.s294.t000" lemma="beneficio" pos="NOUN">beneficios</instance>
         <wf lemma="haber" pos="VERB">ha</wf>
         <instance id="d000.s294.t001" lemma="demostrar" pos="VERB">demostrado</instance>
         <wf lemma="cerenia" pos="NOUN">Cerenia</wf>
         <wf pos="X">durante</wf>
         <wf pos="X">dichos</wf>
         <instance id="d000.s294.t002" lemma="estudio" pos="NOUN">estudios</instance>
         <wf pos="X">?</wf>
      </sentence>
      <sentence id="d000.s295" source="semeval2015-es">
         <wf pos="X">En</wf>
         <wf pos="X">cada</wf>
         <instance id="d000.s295.t000" lemma="informe" pos="NOUN">informe</instance>
         <instance id="d000.s295.t001" lemma="nacional" pos="ADJ">nacional</instance>
         <wf pos="X">se</wf>
         <instance id="d000.s295.t002" lemma="incluir" pos="VERB">incluyen</instance>
         <wf pos="X">las</wf>
         <wf pos="X">25</wf>
         <wf pos="X">o</wf>
         <wf pos="X">30</wf>
         <instance id="d000.s295.t003" lemma="iniciativa" pos="NOUN">iniciativas</instance>
         <wf pos="X">que</wf>
         <wf lemma="bueno" pos="ADJ">mejor</wf>
         <instance id="d000.s295.t004" lemma="reflejar" pos="VERB">reflejan</instance>
         <instance id="d000.s295.t005" lemma="práctica" pos="NOUN">prácticas</instance>
         <wf pos="X">y</wf>
         <instance id="d000.s295.t006" lemma="política" pos="NOUN">políticas</instance>
         <wf pos="X">de</wf>
         <instance id="d000.s295.t007" lemma="mejora" pos="NOUN">mejora</instance>
         <wf pos="X">de</wf>
         <wf pos="X">la</wf>
         <instance id="d000.s295.t008" lemma="contratación" pos="NOUN">contratación</instance>
         <wf pos="X">,</wf>
         <wf pos="X">la</wf>
         <instance id="d000.s295.t009" lemma="formación" pos="NOUN">formación</instance>
         <wf pos="X">y</wf>
         <wf pos="X">el</wf>
         <instance id="d000.s295.t010" lemma="desarrollo" pos="NOUN">desarrollo</instance>
         <instance id="d000.s295.t011" lemma="profesional" pos="ADJ">profesional</instance>
         <wf pos="X">de</wf>
         <wf pos="X">los</wf>
         <instance id="d000.s295.t012" lemma="trabajador" pos="NOUN">trabajadores</instance>
         <wf lemma="grande" pos="ADJ">mayores</wf>
         <wf pos="X">en</wf>
         <wf pos="X">el</wf>
         <instance id="d000.s295.t013" lemma="lugar" pos="NOUN">lugar</instance>
         <wf pos="X">de</wf>
         <instance id="d000.s295.t014" lemma="trabajo" pos="NOUN">trabajo</instance>
         <wf pos="X">y</wf>
         <wf pos="X">a nivel de</wf>
         <wf pos="X">la</wf>
         <instance id="d000.s295.t015" lemma="comunidad" pos="NOUN">comunidad</instance>
         <wf pos="X">.</wf>
      </sentence>
      <sentence id="d000.s296" source="semeval2013-es">
         <wf lemma="dos" pos="X">Dos</wf>
         <wf lemma="compañía" pos="NOUN">compañías</wf>
         <wf lemma="estadounidense" pos="ADJ">estadounidenses</wf>
         <wf lemma="alcanzar" pos="VERB">alcanzaron</wf>
         <instance id="d000.s296.t000" lemma="acuerdo" pos="NOUN">acuerdos</instance>
         <wf lemma="para" pos="X">para</wf>
         <wf lemma="yacimiento" pos="NOUN">yacimientos</wf>
         <wf lemma="subastar" pos="VERB">subastados</wf>
         <wf lemma="en" pos="X">en</wf>
         <instance id="d000.s296.t001" lemma="junio" pos="NOUN">junio</instance>
         <wf lemma="." pos="X">.</wf>
      </sentence>
      <sentence id="d000.s297" source="semeval2013-es">
         <wf lemma="y" pos="X">Y</wf>
         <wf lemma="este" pos="X">esto</wf>
         <wf lemma="ofrecer" pos="VERB">ofrece</wf>
         <wf lemma="un" pos="X">una</wf>
         <instance id="d000.s297.t000" lemma="variedad" pos="NOUN">variedad</instance>
         <wf lemma="de" pos="X">de</wf>
         <wf lemma="opción" pos="NOUN">opciones</wf>
         <wf lemma="para" pos="X">para</wf>
         <wf lemma="el" pos="X">las</wf>
         <instance id="d000.s297.t001" lemma="pregunta" pos="NOUN">preguntas</instance>
         <wf lemma="clave" pos="ADJ">claves</wf>
         <wf lemma="," pos="X">,</wf>
         <wf lemma="que" pos="X">que</wf>
         <wf lemma="incluir" pos="VERB">incluyen</wf>
         <wf lemma="cómo" pos="ADV">cómo</wf>
         <wf lemma="el" pos="X">las</wf>
         <instance id="d000.s297.t002" lemma="economía" pos="NOUN">economías</instance>
         <wf lemma="desarrollar" pos="VERB">desarrolladas</wf>
         <wf lemma="y" pos="X">y</wf>
         <wf lemma="el" pos="X">las</wf>
         <wf lemma="principal" pos="ADJ">principales</wf>
         <wf lemma="economía_emergente" pos="NOUN">economías_emergentes</wf>
         <wf lemma="recortarían" pos="VERB">recortarían</wf>
         <wf lemma="suyo" pos="X">su</wf>
         <instance id="d000.s297.t003" lemma="producción" pos="NOUN">producción</instance>
         <wf lemma="de" pos="X">de</wf>
         <instance id="d000.s297.t004" lemma="carbón" pos="NOUN">carbón</instance>
         <wf lemma="," pos="X">,</wf>
         <wf lemma="y" pos="X">y</wf>
         <wf lemma="cuál" pos="X">cuál</wf>
         <wf lemma="ser" pos="VERB">sería</wf>
         <wf lemma="el" pos="X">el</wf>
         <instance id="d000.s297.t005" lemma="límite" pos="NOUN">límite</instance>
         <wf lemma="del" pos="X">del</wf>
         <wf lemma="aumento" pos="NOUN">aumento</wf>
         <wf lemma="global" pos="ADJ">global</wf>
         <wf lemma="de" pos="X">de</wf>
         <wf lemma="el" pos="X">la</wf>
         <instance id="d000.s297.t006" lemma="temperatura" pos="NOUN">temperatura</instance>
         <wf lemma="que" pos="X">que</wf>
         <wf lemma="el" pos="X">los</wf>
         <wf lemma="estratega_político" pos="NOUN">estrategas_políticos</wf>
         <wf lemma="estar" pos="VERB">estarían</wf>
         <wf lemma="disponer" pos="VERB">dispuestos</wf>
         <wf lemma="a" pos="X">a</wf>
         <wf lemma="tolerar" pos="VERB">tolerar</wf>
         <wf lemma="." pos="X">.</wf>
      </sentence>
      <sentence id="d000.s298" source="semeval2013-es">
         <wf lemma="reprochar" pos="VERB">Reprocha</wf>
         <wf lemma="a" pos="X">a</wf>
         <wf lemma="el" pos="X">los</wf>
         <wf lemma="@card@" pos="X">18</wf>
         <wf lemma="grande" pos="ADJ">grandes</wf>
         <instance id="d000.s298.t000" lemma="banco" pos="NOUN">bancos</instance>
         <wf lemma="internacional" pos="ADJ">internacionales</wf>
         <wf lemma="que" pos="X">que</wf>
         <wf lemma="el" pos="X">las</wf>
         <wf lemma="dos" pos="X">dos</wf>
         <wf lemma="agenciar" pos="VERB">agencias</wf>
         <wf lemma="hipotecario" pos="ADJ">hipotecarias</wf>
         <wf lemma="estatal" pos="ADJ">estatales</wf>
         <wf lemma="estadounidense" pos="ADJ">estadounidenses</wf>
         <instance id="d000.s298.t001" lemma="fannie_mae" pos="NOUN">Fannie_Mae</instance>
         <wf lemma="y" pos="X">y</wf>
         <instance id="d000.s298.t002" lemma="freddie_mac" pos="NOUN">Freddie_Mac</instance>
         <wf lemma="se" pos="X">se</wf>
         <wf lemma="haber" pos="VERB">hayan</wf>
         <wf lemma="aprovechar" pos="VERB">aprovechado</wf>
         <wf lemma="del" pos="X">del</wf>
         <instance id="d000.s298.t003" lemma="negocio" pos="NOUN">negocio</instance>
         <wf lemma="de" pos="X">de</wf>
         <wf lemma="el" pos="X">las</wf>
         <instance id="d000.s298.t004" lemma="hipoteca" pos="NOUN">hipotecas</instance>
         <wf lemma="en" pos="X">en</wf>
         <wf lemma="un" pos="X">un</wf>
         <instance id="d000.s298.t005" lemma="volumen" pos="NOUN">volumen</instance>
         <wf lemma="de" pos="X">de</wf>
         <wf lemma="aproximadamente" pos="ADV">aproximadamente</wf>
         <wf lemma="@card@" pos="X">200</wf>
         <wf lemma="mil" pos="X">mil</wf>
         <wf lemma="millones" pos="X">millones</wf>
         <wf lemma="de" pos="X">de</wf>
         <instance id="d000.s298.t006" lemma="dólar" pos="NOUN">dólares</instance>
         <wf lemma="." pos="X">.</wf>
      </sentence>
      <sentence id="d000.s299" source="semeval2013-es">
         <wf lemma="ahora" pos="ADV">Ahora</wf>
         <wf lemma="bien" pos="ADV">bien</wf>
         <wf lemma="," pos="X">,</wf>
         <wf lemma="el" pos="X">lo</wf>
         <wf lemma="paradójico" pos="NOUN">paradójico</wf>
         <wf lemma="de" pos="X">de</wf>
         <wf lemma="el" pos="X">la</wf>
         <instance id="d000.s299.t000" lemma="acción" pos="NOUN">acción</instance>
         <wf lemma="de" pos="X">de</wf>
         <wf lemma="el" pos="X">los</wf>
         <instance id="d000.s299.t001" lemma="jugador" pos="NOUN">jugadores</instance>
         <wf lemma="dos" pos="X">del</wf>
         <wf lemma="Real_Madrid" pos="NOUN">Real_Madrid</wf>
         <wf lemma="ser" pos="VERB">es</wf>
         <wf lemma="que" pos="X">que</wf>
         <wf lemma="no" pos="NOUN">no</wf>
         <wf lemma="se" pos="X">se</wf>
         <wf lemma="acomodar" pos="VERB">acomodó</wf>
         <wf lemma="a" pos="X">a</wf>
         <wf lemma="el" pos="X">lo</wf>
         <wf lemma="que" pos="X">que</wf>
         <wf lemma="normalmente" pos="ADV">normalmente</wf>
         <wf lemma="caracterizamos" pos="VERB">caracterizamos</wf>
         <wf lemma="como" pos="X">como</wf>
         <instance id="d000.s299.t002" lemma="trampa" pos="NOUN">trampa</instance>
         <wf lemma="o" pos="X">o</wf>
         <instance id="d000.s299.t003" lemma="fraude_de_ley" pos="NOUN">fraude_de_ley</instance>
         <wf lemma="," pos="X">,</wf>
         <wf lemma="pues" pos="X">pues</wf>
         <wf lemma="suyo" pos="X">su</wf>
         <wf lemma="violación" pos="NOUN">violación</wf>
         <wf lemma="de" pos="X">de</wf>
         <wf lemma="el" pos="X">las</wf>
         <wf lemma="regla" pos="NOUN">reglas</wf>
         <wf lemma="no" pos="NOUN">no</wf>
         <wf lemma="se" pos="X">se</wf>
         <wf lemma="hacer" pos="VERB">hizo</wf>
         <wf lemma="a" pos="X">a</wf>
         <wf lemma="esconder" pos="VERB">escondidas</wf>
         <wf lemma="para" pos="X">para</wf>
         <wf lemma="tratar" pos="VERB">tratar</wf>
         <wf lemma="de" pos="X">de</wf>
         <wf lemma="evitar" pos="VERB">evitar</wf>
         <wf lemma="el" pos="X">la</wf>
         <wf lemma="sanción" pos="NOUN">sanción</wf>
         <wf lemma="," pos="X">,</wf>
         <wf lemma="sino" pos="X">sino</wf>
         <wf lemma="que" pos="X">que</wf>
         <wf lemma="precisamente" pos="ADV">precisamente</wf>
         <wf lemma="suyo" pos="X">su</wf>
         <instance id="d000.s299.t004" lemma="acción" pos="NOUN">acción</instance>
         <wf lemma="tratar" pos="VERB">trató</wf>
         <wf lemma="de" pos="X">de</wf>
         <wf lemma="ser" pos="VERB">ser</wf>
         <wf lemma="el" pos="X">lo</wf>
         <wf lemma="más" pos="ADV">más</wf>
         <wf lemma="evidente" pos="ADJ">evidente</wf>
         <wf lemma="para" pos="X">para</wf>
         <wf lemma="así" pos="ADV">así</wf>
         <wf lemma="recibir" pos="VERB">recibir</wf>
         <wf lemma="el" pos="X">el</wf>
         <instance id="d000.s299.t005" lemma="castigo" pos="NOUN">castigo</instance>
         <wf lemma="del" pos="X">del</wf>
         <instance id="d000.s299.t006" lemma="árbitro" pos="NOUN">árbitro</instance>
         <wf lemma="." pos="X">.</wf>
      </sentence>
      <sentence id="d000.s300" source="semeval2013-es">
         <wf lemma="el" pos="X">El</wf>
         <instance id="d000.s300.t000" lemma="banco" pos="NOUN">banco</instance>
         <wf lemma="no" pos="NOUN">no</wf>
         <wf lemma="admitir" pos="VERB">admite</wf>
         <wf lemma="ninguno" pos="X">ninguna</wf>
         <wf lemma="culpar" pos="VERB">culpa</wf>
         <wf lemma="con" pos="X">con</wf>
         <wf lemma="el" pos="X">el</wf>
         <wf lemma="acuerdo" pos="NOUN">acuerdo</wf>
         <wf lemma="." pos="X">.</wf>
      </sentence>
      <sentence id="d000.s301" source="semeval2013-es">
         <wf lemma="el" pos="X">La</wf>
         <instance id="d000.s301.t000" lemma="política" pos="NOUN">política</instance>
         <wf lemma="de" pos="X">de</wf>
         <instance id="d000.s301.t001" lemma="inmigración" pos="NOUN">inmigración</instance>
         <wf lemma="aplicar" pos="VERB">aplicada</wf>
         <wf lemma="por" pos="X">por</wf>
         <wf lemma="nicolas_sarkozy" pos="NOUN">Nicolas_Sarkozy</wf>
         <wf lemma="haber" pos="VERB">ha</wf>
         <wf lemma="ser" pos="VERB">sido</wf>
         <wf lemma="criticar" pos="VERB">criticada</wf>
         <wf lemma="partir" pos="VERB">partiendo</wf>
         <wf lemma="desde" pos="X">desde</wf>
         <wf lemma="diversos" pos="X">diversos</wf>
         <instance id="d000.s301.t002" lemma="punto_de_vista" pos="NOUN">punto_de_vista</instance>
         <wf lemma=":" pos="X">:</wf>
         <wf lemma="el" pos="X">la</wf>
         <wf lemma="saturación" pos="NOUN">saturación</wf>
         <wf lemma="de" pos="X">de</wf>
         <wf lemma="el" pos="X">los</wf>
         <instance id="d000.s301.t003" lemma="servicio" pos="NOUN">servicios</instance>
         <wf lemma="policial" pos="ADJ">policiales</wf>
         <wf lemma="," pos="X">,</wf>
         <wf lemma="judicial" pos="ADJ">judiciales</wf>
         <wf lemma="y" pos="X">y</wf>
         <wf lemma="administrativo" pos="ADJ">administrativos</wf>
         <wf lemma="someter" pos="VERB">sometidos</wf>
         <wf lemma="a" pos="X">a</wf>
         <wf lemma="el" pos="X">la</wf>
         <instance id="d000.s301.t004" lemma="política" pos="NOUN">política</instance>
         <wf lemma="de" pos="X">de</wf>
         <wf lemma="cifra" pos="NOUN">cifras</wf>
         <wf lemma="," pos="X">,</wf>
         <wf lemma="el" pos="X">la</wf>
         <wf lemma="compatibilidad" pos="NOUN">compatibilidad</wf>
         <wf lemma="de" pos="X">de</wf>
         <wf lemma="este" pos="X">esta</wf>
         <instance id="d000.s301.t005" lemma="política" pos="NOUN">política</instance>
         <wf lemma="con" pos="X">con</wf>
         <wf lemma="el" pos="X">el</wf>
         <instance id="d000.s301.t006" lemma="estatuto" pos="NOUN">estatuto</instance>
         <wf lemma="autoproclamado" pos="NOUN">autoproclamado</wf>
         <wf lemma="de" pos="X">de</wf>
         <wf lemma="&quot;" pos="X">&quot;</wf>
         <instance id="d000.s301.t007" lemma="país" pos="NOUN">país</instance>
         <wf lemma="de" pos="X">de</wf>
         <wf lemma="el" pos="X">los</wf>
         <instance id="d000.s301.t008" lemma="derechos_humanos" pos="NOUN">derechos_humanos</instance>
         <wf lemma="&quot;" pos="X">&quot;</wf>
         <wf lemma="de" pos="X">de</wf>
         <instance id="d000.s301.t009" lemma="Francia" pos="NOUN">Francia</instance>
         <wf lemma="." pos="X">.</wf>
      </sentence>
      <sentence id="d000.s302" source="semeval2013-es">
         <wf lemma="sin" pos="X">Sin</wf>
         <wf lemma="embargo" pos="NOUN">embargo</wf>
         <wf lemma="," pos="X">,</wf>
         <instance id="d000.s302.t000" lemma="estados_unidos" pos="NOUN">Estados_Unidos</instance>
         <wf lemma="ser" pos="VERB">es</wf>
         <wf lemma="el" pos="X">el</wf>
         <instance id="d000.s302.t001" lemma="país" pos="NOUN">país</instance>
         <wf lemma="considerar" pos="VERB">considerado</wf>
         <wf lemma="más" pos="ADV">más</wf>
         <wf lemma="influyente" pos="ADJ">influyente</wf>
         <wf lemma="por" pos="X">por</wf>
         <wf lemma="el" pos="X">los</wf>
         <wf lemma="encuestado" pos="NOUN">encuestados</wf>
         <wf lemma="en" pos="X">en</wf>
         <instance id="d000.s302.t002" lemma="México" pos="NOUN">México</instance>
         <wf lemma="y" pos="X">y</wf>
         <wf lemma="grande" pos="ADJ">gran</wf>
         <instance id="d000.s302.t003" lemma="parte" pos="NOUN">parte</instance>
         <wf lemma="de" pos="X">de</wf>
         <instance id="d000.s302.t004" lemma="Centroamérica" pos="NOUN">Centroamérica</instance>
         <wf lemma="," pos="X">,</wf>
         <wf lemma="mientras" pos="X">mientras</wf>
         <wf lemma="que" pos="X">que</wf>
         <wf lemma="Venezuela" pos="NOUN">Venezuela</wf>
         <wf lemma="ostentar" pos="VERB">ostenta</wf>
         <wf lemma="tal" pos="X">tal</wf>
         <wf lemma="título" pos="NOUN">título</wf>
         <wf lemma="en" pos="X">en</wf>
         <instance id="d000.s302.t005" lemma="Ecuador" pos="NOUN">Ecuador</instance>
         <wf lemma="," pos="X">,</wf>
         <wf lemma="el" pos="X">la</wf>
         <instance id="d000.s302.t006" lemma="república_dominicana" pos="NOUN">República_Dominicana</instance>
         <wf lemma="y" pos="X">y</wf>
         <instance id="d000.s302.t007" lemma="Nicaragua" pos="NOUN">Nicaragua</instance>
         <wf lemma="." pos="X">.</wf>
      </sentence>
      <sentence id="d000.s303" source="semeval2013-es">
         <wf lemma="el" pos="X">El</wf>
         <instance id="d000.s303.t000" lemma="día" pos="NOUN">día</instance>
         <wf lemma="que" pos="X">que</wf>
         <wf lemma="el" pos="X">la</wf>
         <instance id="d000.s303.t001" lemma="Corte_Suprema" pos="NOUN">Corte_Suprema</instance>
         <wf lemma="se" pos="X">se</wf>
         <wf lemma="reunir" pos="VERB">reunió</wf>
         <wf lemma="a" pos="X">a</wf>
         <instance id="d000.s303.t002" lemma="puerta" pos="NOUN">puerta</instance>
         <wf lemma="cerrado" pos="ADJ">cerrada</wf>
         <wf lemma="para" pos="X">para</wf>
         <wf lemma="examinar" pos="VERB">examinar</wf>
         <wf lemma="el" pos="X">la</wf>
         <instance id="d000.s303.t003" lemma="cuestión" pos="NOUN">cuestión</instance>
         <wf lemma="político" pos="ADV">políticamente</wf>
         <wf lemma="controvertir" pos="VERB">controvertida</wf>
         <wf lemma="de" pos="X">de</wf>
         <wf lemma="si" pos="NOUN">si</wf>
         <wf lemma="aceptar" pos="VERB">aceptarían</wf>
         <wf lemma="el" pos="X">el</wf>
         <wf lemma="desafío" pos="NOUN">desafío</wf>
         <wf lemma="a" pos="X">a</wf>
         <wf lemma="el" pos="X">la</wf>
         <instance id="d000.s303.t004" lemma="ley" pos="NOUN">ley</instance>
         <wf lemma="de" pos="X">de</wf>
         <instance id="d000.s303.t005" lemma="asistencia_sanitaria" pos="NOUN">asistencia_sanitaria</instance>
         <wf lemma="del" pos="X">del</wf>
         <instance id="d000.s303.t006" lemma="presidente" pos="NOUN">presidente</instance>
         <wf lemma="Obama" pos="NOUN">Obama</wf>
         <wf lemma="," pos="X">,</wf>
         <wf lemma="dos" pos="X">dos</wf>
         <wf lemma="de" pos="X">de</wf>
         <wf lemma="suyo" pos="X">sus</wf>
         <instance id="d000.s303.t007" lemma="magistrado" pos="NOUN">magistrados</instance>
         <wf lemma="," pos="X">,</wf>
         <wf lemma="antonin_scalia" pos="NOUN">Antonin_Scalia</wf>
         <wf lemma="y" pos="X">y</wf>
         <wf lemma="clarence_thomas" pos="NOUN">Clarence_Thomas</wf>
         <wf lemma="," pos="X">,</wf>
         <wf lemma="ser" pos="VERB">fueron</wf>
         <wf lemma="agasajados" pos="VERB">agasajados</wf>
         <wf lemma="en" pos="X">en</wf>
         <wf lemma="un" pos="X">una</wf>
         <instance id="d000.s303.t008" lemma="cena" pos="NOUN">cena</instance>
         <wf lemma="patrocinar" pos="VERB">patrocinada</wf>
         <wf lemma="por" pos="X">por</wf>
         <wf lemma="el" pos="X">la</wf>
         <instance id="d000.s303.t009" lemma="firma_de_abogados" pos="NOUN">firma_de_abogados</instance>
         <wf lemma="que" pos="X">que</wf>
         <wf lemma="exponer" pos="VERB">expondrá</wf>
         <wf lemma="el" pos="X">el</wf>
         <wf lemma="caso" pos="NOUN">caso</wf>
         <wf lemma="ante" pos="X">ante</wf>
         <wf lemma="el" pos="X">el</wf>
         <wf lemma="alto" pos="ADJ">alto</wf>
         <instance id="d000.s303.t010" lemma="tribunal" pos="NOUN">tribunal</instance>
         <wf lemma="." pos="X">.</wf>
      </sentence>
      <sentence id="d000.s304" source="semeval2013-es">
         <wf lemma="que" pos="X">Que</wf>
         <wf lemma="el" pos="X">las</wf>
         <wf lemma="cuatro" pos="X">cuatro</wf>
         <wf lemma="primero" pos="X">primeras</wf>
         <wf lemma="canasta" pos="NOUN">canastas</wf>
         <wf lemma="de" pos="X">de</wf>
         <wf lemma="el" pos="X">los</wf>
         <wf lemma="vitorianos" pos="NOUN">vitorianos</wf>
         <wf lemma="ser" pos="VERB">fueran</wf>
         <wf lemma="desde" pos="X">desde</wf>
         <wf lemma="el" pos="X">el</wf>
         <wf lemma="perímetro" pos="NOUN">perímetro</wf>
         <wf lemma="ya" pos="ADV">ya</wf>
         <wf lemma="hacer" pos="VERB">hacía</wf>
         <wf lemma="presagiar" pos="VERB">presagiar</wf>
         <wf lemma="que" pos="X">que</wf>
         <wf lemma="haber" pos="VERB">habían</wf>
         <wf lemma="saltar" pos="VERB">saltado</wf>
         <wf lemma="a" pos="X">a</wf>
         <wf lemma="el" pos="X">la</wf>
         <instance id="d000.s304.t000" lemma="cancha" pos="NOUN">cancha</instance>
         <wf lemma="israelí" pos="ADJ">israelí</wf>
         <wf lemma="con" pos="X">con</wf>
         <wf lemma="el" pos="X">las</wf>
         <wf lemma="muñeca" pos="NOUN">muñecas</wf>
         <wf lemma="calentar" pos="VERB">calientes</wf>
         <wf lemma="..." pos="X">..</wf>
      </sentence>
      <sentence id="d000.s305" source="semeval2015-es">
         <wf pos="X">Con</wf>
         <wf pos="X">el</wf>
         <wf lemma="fin" pos="NOUN">fin</wf>
         <wf pos="X">de</wf>
         <wf lemma="reducir" pos="VERB">reducir</wf>
         <wf pos="X">los</wf>
         <instance id="d000.s305.t000" lemma="efecto_secundario" pos="NOUN">efectos_secundarios</instance>
         <wf pos="X">,</wf>
         <wf pos="X">los</wf>
         <wf lemma="paciente" pos="NOUN">pacientes</wf>
         <wf lemma="deber" pos="VERB">deben</wf>
         <wf lemma="recibir" pos="VERB">recibir</wf>
         <wf pos="X">un</wf>
         <wf lemma="corticosteroide" pos="NOUN">corticosteroide</wf>
         <wf pos="X">y</wf>
         <instance id="d000.s305.t001" lemma="ácido_fólico" pos="NOUN">ácido_fólico</instance>
         <wf pos="X">(</wf>
         <wf pos="X">un</wf>
         <wf lemma="tipo" pos="NOUN">tipo</wf>
         <wf pos="X">de</wf>
         <wf lemma="vitamina" pos="NOUN">vitamina</wf>
         <wf pos="X">)</wf>
         <wf pos="X">,</wf>
         <wf pos="X">así como</wf>
         <wf lemma="inyección" pos="NOUN">inyecciones</wf>
         <wf pos="X">de</wf>
         <instance id="d000.s305.t002" lemma="vitamina_B12" pos="NOUN">vitamina_B12</instance>
         <wf pos="X">durante</wf>
         <wf pos="X">el</wf>
         <wf lemma="tratamiento" pos="NOUN">tratamiento</wf>
         <wf pos="X">con</wf>
         <wf lemma="alimta" pos="NOUN">Alimta</wf>
         <wf pos="X">.</wf>
      </sentence>
      <sentence id="d000.s306" source="semeval2015-es">
         <wf pos="X">Estos</wf>
         <instance id="d000.s306.t000" lemma="estudio" pos="NOUN">estudios</instance>
         <instance id="d000.s306.t001" lemma="nacional" pos="ADJ">nacionales</instance>
         <instance id="d000.s306.t002" lemma="constituir" pos="VERB">constituirán</instance>
         <wf pos="X">la</wf>
         <wf lemma="liar" pos="VERB">liase</wf>
         <wf pos="X">de</wf>
         <wf pos="X">un</wf>
         <instance id="d000.s306.t003" lemma="informe" pos="NOUN">informe</instance>
         <instance id="d000.s306.t004" lemma="europeo" pos="ADJ">europeo</instance>
         <wf pos="X">en</wf>
         <wf pos="X">el</wf>
         <wf pos="X">que</wf>
         <wf pos="X">se</wf>
         <instance id="d000.s306.t005" lemma="resumir" pos="VERB">resumirán</instance>
         <wf pos="X">las</wf>
         <instance id="d000.s306.t006" lemma="práctico" pos="ADJ">prácticas</instance>
         <wf lemma="general" pos="ADJ">generales</wf>
         <wf pos="X">.</wf>
      </sentence>
      <sentence id="d000.s307" source="semeval2015-es">
         <wf pos="X">La</wf>
         <instance id="d000.s307.t000" lemma="fundación" pos="NOUN">Fundación</instance>
         <wf pos="X">se</wf>
         <instance id="d000.s307.t001" lemma="proponer" pos="VERB">propone</instance>
         <instance id="d000.s307.t002" lemma="documentar" pos="VERB">documentar</instance>
         <wf pos="X">las</wf>
         <instance id="d000.s307.t003" lemma="característica" pos="NOUN">características</instance>
         <wf pos="X">de</wf>
         <wf pos="X">los</wf>
         <instance id="d000.s307.t004" lemma="obstáculo" pos="NOUN">obstáculos</instance>
         <instance id="d000.s307.t005" lemma="relacionar" pos="VERB">relacionados</instance>
         <wf pos="X">con</wf>
         <wf pos="X">la</wf>
         <instance id="d000.s307.t006" lemma="edad" pos="NOUN">edad</instance>
         <wf pos="X">en</wf>
         <wf lemma="meteria" pos="NOUN">materia</wf>
         <wf pos="X">de</wf>
         <instance id="d000.s307.t007" lemma="contratación" pos="NOUN">contratación</instance>
         <wf pos="X">y</wf>
         <instance id="d000.s307.t008" lemma="formación" pos="NOUN">formación</instance>
         <wf pos="X">,</wf>
         <wf pos="X">y</wf>
         <instance id="d000.s307.t009" lemma="analizar" pos="VERB">analizar</instance>
         <wf pos="X">sus</wf>
         <instance id="d000.s307.t010" lemma="causa" pos="NOUN">causas</instance>
         <wf pos="X">.</wf>
      </sentence>
      <sentence id="d000.s308" source="semeval2013-es">
         <wf lemma="el" pos="X">El</wf>
         <instance id="d000.s308.t000" lemma="director" pos="NOUN">director</instance>
         <wf lemma="bancario" pos="ADJ">bancario</wf>
         <wf lemma="Kenneth" pos="NOUN">Kenneth</wf>
         <wf lemma="Lewis" pos="NOUN">Lewis</wf>
         <wf lemma="agradecer" pos="VERB">agradeció</wf>
         <wf lemma="el" pos="X">el</wf>
         <instance id="d000.s308.t001" lemma="miércoles" pos="NOUN">miércoles</instance>
         <wf lemma="de" pos="X">de</wf>
         <instance id="d000.s308.t002" lemma="noche" pos="NOUN">noche</instance>
         <wf lemma="especialmente" pos="ADV">especialmente</wf>
         <wf lemma="a" pos="X">a</wf>
         <wf lemma="el" pos="X">los</wf>
         <instance id="d000.s308.t003" lemma="contribuyente" pos="NOUN">contribuyentes</instance>
         <wf lemma="estadounidense" pos="ADJ">estadounidenses</wf>
         <wf lemma=":" pos="X">:</wf>
         <wf lemma="el" pos="X">la</wf>
         <wf lemma="inyección" pos="NOUN">inyección</wf>
         <wf lemma="financiero" pos="ADJ">financiera</wf>
         <wf lemma="ayudar" pos="VERB">ayudó</wf>
         <wf lemma="a" pos="X">a</wf>
         <wf lemma="superar" pos="VERB">superar</wf>
         <instance id="d000.s308.t004" lemma="momento" pos="NOUN">momentos</instance>
         <wf lemma="muy" pos="ADV">muy</wf>
         <wf lemma="difícil" pos="ADJ">difíciles</wf>
         <wf lemma="." pos="X">.</wf>
      </sentence>
      <sentence id="d000.s309" source="semeval2013-es">
         <wf lemma="el" pos="X">Los</wf>
         <wf lemma="@card@" pos="X">10</wf>
         <instance id="d000.s309.t000" lemma="acuerdo" pos="NOUN">acuerdos</instance>
         <wf lemma="que" pos="X">que</wf>
         <wf lemma="el" pos="X">el</wf>
         <wf lemma="ministerio" pos="NOUN">Ministerio</wf>
         <wf lemma="de" pos="X">de</wf>
         <wf lemma="petróleo" pos="NOUN">Petróleo</wf>
         <wf lemma="iraquí" pos="ADJ">iraquí</wf>
         <wf lemma="alcanzar" pos="VERB">alcanzó</wf>
         <wf lemma="con" pos="X">con</wf>
         <instance id="d000.s309.t001" lemma="compañía_petrolera" pos="NOUN">compañías_petroleras</instance>
         <wf lemma="extranjero" pos="ADJ">extranjeras</wf>
         <wf lemma="sugerir" pos="VERB">sugieren</wf>
         <wf lemma="que" pos="X">que</wf>
         <instance id="d000.s309.t002" lemma="China" pos="NOUN">China</instance>
         <wf lemma="," pos="X">,</wf>
         <instance id="d000.s309.t003" lemma="Rusia" pos="NOUN">Rusia</instance>
         <wf lemma="y" pos="X">y</wf>
         <wf lemma="el" pos="X">las</wf>
         <instance id="d000.s309.t004" lemma="compañía_petrolera" pos="NOUN">compañías_petroleras</instance>
         <wf lemma="europeo" pos="ADJ">europeas</wf>
         <wf lemma="estar" pos="VERB">están</wf>
         <wf lemma="preparar" pos="VERB">preparadas</wf>
         <wf lemma="para" pos="X">para</wf>
         <wf lemma="desempeñar" pos="VERB">desempeñar</wf>
         <wf lemma="un" pos="X">un</wf>
         <wf lemma="papel" pos="NOUN">papel</wf>
         <wf lemma="principal" pos="ADJ">principal</wf>
         <wf lemma="en" pos="X">en</wf>
         <wf lemma="el" pos="X">la</wf>
         <wf lemma="restauración" pos="NOUN">restauración</wf>
         <wf lemma="de" pos="X">de</wf>
         <wf lemma="el" pos="X">la</wf>
         <instance id="d000.s309.t005" lemma="industria_petrolera" pos="NOUN">industria_petrolera</instance>
         <wf lemma="de" pos="X">de</wf>
         <instance id="d000.s309.t006" lemma="Irak" pos="NOUN">Irak</instance>
         <wf lemma="," pos="X">,</wf>
         <wf lemma="mutilar" pos="VERB">mutilada</wf>
         <wf lemma="por" pos="X">por</wf>
         <instance id="d000.s309.t007" lemma="década" pos="NOUN">décadas</instance>
         <wf lemma="de" pos="X">de</wf>
         <instance id="d000.s309.t008" lemma="guerra" pos="NOUN">guerra</instance>
         <wf lemma="y" pos="X">y</wf>
         <wf lemma="sanción" pos="NOUN">sanciones</wf>
         <wf lemma="." pos="X">.</wf>
      </sentence>
      <sentence id="d000.s310" source="semeval2013-es">
         <wf lemma="el" pos="X">Los</wf>
         <instance id="d000.s310.t000" lemma="funcionario" pos="NOUN">funcionarios</instance>
         <wf lemma="de" pos="X">de</wf>
         <wf lemma="alto" pos="ADJ">alto</wf>
         <instance id="d000.s310.t001" lemma="nivel" pos="NOUN">nivel</instance>
         <wf lemma="," pos="X">,</wf>
         <wf lemma="como" pos="X">como</wf>
         <wf lemma="el" pos="X">el</wf>
         <wf lemma="ministro_de_medio_ambiente" pos="NOUN">ministro_de_Medio_Ambiente</wf>
         <wf lemma="indio" pos="ADJ">indio</wf>
         <wf lemma="Jairam" pos="NOUN">Jairam</wf>
         <wf lemma="Ramesh" pos="NOUN">Ramesh</wf>
         <wf lemma="y" pos="X">y</wf>
         <wf lemma="el" pos="X">el</wf>
         <wf lemma="vice" pos="NOUN">vice</wf>
         <instance id="d000.s310.t002" lemma="ministro" pos="NOUN">ministro</instance>
         <wf lemma="chino" pos="ADJ">chino</wf>
         <wf lemma="," pos="X">,</wf>
         <wf lemma="descender" pos="VERB">descendieron</wf>
         <wf lemma="de" pos="X">de</wf>
         <wf lemma="el" pos="X">los</wf>
         <instance id="d000.s310.t003" lemma="avión" pos="NOUN">aviones</instance>
         <wf lemma="y" pos="X">y</wf>
         <wf lemma="correr" pos="VERB">corrieron</wf>
         <wf lemma="hacia" pos="X">hacia</wf>
         <wf lemma="el" pos="X">los</wf>
         <instance id="d000.s310.t004" lemma="pasillo" pos="NOUN">pasillos</instance>
         <wf lemma="del" pos="X">del</wf>
         <wf lemma="Bella_Center" pos="NOUN">Bella_Center</wf>
         <wf lemma="," pos="X">,</wf>
         <wf lemma="a" pos="X">a</wf>
         <instance id="d000.s310.t005" lemma="reunión" pos="NOUN">reuniones</instance>
         <wf lemma="a" pos="X">a</wf>
         <instance id="d000.s310.t006" lemma="puerta" pos="NOUN">puertas</instance>
         <wf lemma="cerrado" pos="ADJ">cerradas</wf>
         <wf lemma="y" pos="X">y</wf>
         <instance id="d000.s310.t007" lemma="conferencia_de_prensa" pos="NOUN">conferencias_de_prensa</instance>
         <wf lemma="," pos="X">,</wf>
         <wf lemma="para" pos="X">para</wf>
         <wf lemma="poder" pos="VERB">poder</wf>
         <wf lemma="delimitar" pos="VERB">delimitar</wf>
         <wf lemma="el" pos="X">los</wf>
         <wf lemma="reclamo" pos="NOUN">reclamos</wf>
         <wf lemma="que" pos="X">que</wf>
         <wf lemma="se" pos="X">se</wf>
         <wf lemma="arbitrarán" pos="VERB">arbitrarán</wf>
         <wf lemma="durante" pos="X">durante</wf>
         <wf lemma="el" pos="X">la</wf>
         <wf lemma="próximo" pos="ADJ">próxima</wf>
         <instance id="d000.s310.t008" lemma="semana" pos="NOUN">semana</instance>
         <wf lemma="." pos="X">.</wf>
      </sentence>
      <sentence id="d000.s311" source="semeval2013-es">
         <wf lemma="permanecer" pos="VERB">Permanece</wf>
         <wf lemma="con" pos="X">con</wf>
         <wf lemma="margen" pos="NOUN">márgenes</wf>
         <wf lemma="estrecho" pos="ADJ">estrechos</wf>
         <wf lemma="," pos="X">,</wf>
         <wf lemma="el" pos="X">el</wf>
         <instance id="d000.s311.t000" lemma="volumen" pos="NOUN">volumen</instance>
         <wf lemma="de" pos="X">de</wf>
         <wf lemma="intercambio" pos="NOUN">intercambios</wf>
         <wf lemma="ser" pos="VERB">es</wf>
         <wf lemma="cada" pos="X">cada</wf>
         <instance id="d000.s311.t001" lemma="vez" pos="NOUN">vez</instance>
         <wf lemma="más" pos="ADV">más</wf>
         <wf lemma="reducir" pos="VERB">reducido</wf>
         <wf lemma="y" pos="X">y</wf>
         <wf lemma="crear" pos="VERB">creo</wf>
         <wf lemma="que" pos="X">que</wf>
         <wf lemma="se" pos="X">se</wf>
         <wf lemma="ir" pos="VERB">va</wf>
         <wf lemma="a" pos="X">a</wf>
         <wf lemma="mantener" pos="VERB">mantener</wf>
         <wf lemma="así" pos="ADV">así</wf>
         <wf lemma="hasta" pos="X">hasta</wf>
         <instance id="d000.s311.t002" lemma="fin_de_año" pos="NOUN">fin_de_año</instance>
         <wf lemma="." pos="X">.</wf>
      </sentence>
      <sentence id="d000.s312" source="semeval2013-es">
         <wf lemma="el" pos="X">Los</wf>
         <instance id="d000.s312.t000" lemma="temor" pos="NOUN">temores</instance>
         <wf lemma="relacionar" pos="VERB">relacionados</wf>
         <wf lemma="con" pos="X">con</wf>
         <wf lemma="el" pos="X">el</wf>
         <wf lemma="impacto" pos="NOUN">impacto</wf>
         <wf lemma="de" pos="X">de</wf>
         <wf lemma="el" pos="X">los</wf>
         <instance id="d000.s312.t001" lemma="inmigrante" pos="NOUN">inmigrantes</instance>
         <wf lemma="se" pos="X">se</wf>
         <wf lemma="basar" pos="VERB">basan</wf>
         <wf lemma="en" pos="X">en</wf>
         <wf lemma="el" pos="X">la</wf>
         <instance id="d000.s312.t002" lemma="idea" pos="NOUN">idea</instance>
         <wf lemma="de" pos="X">de</wf>
         <wf lemma="que" pos="X">que</wf>
         <wf lemma="este" pos="X">estos</wf>
         <wf lemma="poder" pos="VERB">pueden</wf>
         <wf lemma="sustituir" pos="VERB">sustituir</wf>
         <wf lemma="a" pos="X">a</wf>
         <wf lemma="el" pos="X">los</wf>
         <instance id="d000.s312.t003" lemma="trabajador" pos="NOUN">trabajadores</instance>
         <wf lemma="nacional" pos="ADJ">nacionales</wf>
         <wf lemma="," pos="X">,</wf>
         <wf lemma="en" pos="X">en</wf>
         <wf lemma="particular" pos="ADJ">particular</wf>
         <wf lemma="a" pos="X">a</wf>
         <wf lemma="el" pos="X">los</wf>
         <wf lemma="poco" pos="ADV">poco</wf>
         <wf lemma="cualificar" pos="VERB">cualificados</wf>
         <wf lemma="," pos="X">,</wf>
         <wf lemma="presionar" pos="VERB">presionando</wf>
         <wf lemma="para" pos="X">para</wf>
         <wf lemma="que" pos="X">que</wf>
         <wf lemma="se" pos="X">se</wf>
         <wf lemma="reducir" pos="VERB">reduzcan</wf>
         <wf lemma="suyo" pos="X">sus</wf>
         <instance id="d000.s312.t004" lemma="salario" pos="NOUN">salarios</instance>
         <wf lemma="." pos="X">.</wf>
      </sentence>
      <sentence id="d000.s313" source="semeval2013-es">
         <wf lemma="el" pos="X">La</wf>
         <instance id="d000.s313.t000" lemma="organización_internacional_del_trabajo" pos="NOUN">Organización_Internacional_del_Trabajo</instance>
         <wf lemma="calcular" pos="VERB">calcula</wf>
         <wf lemma="," pos="X">,</wf>
         <wf lemma="por" pos="ADV">por</wf>
         <wf lemma="ejemplo" pos="ADV">ejemplo</wf>
         <wf lemma="," pos="X">,</wf>
         <wf lemma="que" pos="X">que</wf>
         <wf lemma="en" pos="X">en</wf>
         <instance id="d000.s313.t001" lemma="alemania" pos="NOUN">Alemania</instance>
         <wf lemma="un" pos="X">un</wf>
         <instance id="d000.s313.t002" lemma="inmigrante" pos="NOUN">inmigrante</instance>
         <wf lemma="que" pos="X">que</wf>
         <wf lemma="llegar" pos="VERB">llegue</wf>
         <wf lemma="con" pos="X">con</wf>
         <wf lemma="un" pos="X">una</wf>
         <instance id="d000.s313.t003" lemma="edad" pos="NOUN">edad</instance>
         <wf lemma="de" pos="X">de</wf>
         <wf lemma="@card@" pos="X">30</wf>
         <instance id="d000.s313.t004" lemma="año" pos="NOUN">años</instance>
         <wf lemma="realizar" pos="VERB">realizará</wf>
         <wf lemma="un" pos="X">una</wf>
         <wf lemma="aportación" pos="NOUN">aportación</wf>
         <wf lemma="neto" pos="ADJ">neta</wf>
         <wf lemma="(" pos="X">(</wf>
         <instance id="d000.s313.t005" lemma="ingreso" pos="NOUN">ingresos</instance>
         <wf lemma="menos" pos="ADV">menos</wf>
         <instance id="d000.s313.t006" lemma="gasto" pos="NOUN">gastos</instance>
         <wf lemma=")" pos="X">)</wf>
         <wf lemma="de" pos="X">de</wf>
         <wf lemma="@card@" pos="X">150.000</wf>
         <instance id="d000.s313.t007" lemma="euro" pos="NOUN">euros</instance>
         <wf lemma="a" pos="X">a</wf>
         <wf lemma="el" pos="X">los</wf>
         <wf lemma="presupuestos_públicos" pos="NOUN">presupuestos_públicos</wf>
         <wf lemma="de" pos="X">de</wf>
         <wf lemma="medio" pos="X">media</wf>
         <wf lemma="durante" pos="X">durante</wf>
         <wf lemma="todo" pos="X">toda</wf>
         <wf lemma="suyo" pos="X">su</wf>
         <instance id="d000.s313.t008" lemma="vida" pos="NOUN">vida</instance>
         <wf lemma="." pos="X">.</wf>
      </sentence>
      <sentence id="d000.s314" source="semeval2013-es">
         <wf lemma="el" pos="X">Las</wf>
         <wf lemma="compañía" pos="NOUN">compañías</wf>
         <wf lemma="preseleccionadas" pos="VERB">preseleccionadas</wf>
         <wf lemma="para" pos="X">para</wf>
         <wf lemma="presentar" pos="VERB">presentar</wf>
         <instance id="d000.s314.t000" lemma="propuesta" pos="NOUN">propuestas</instance>
         <wf lemma="hacer" pos="VERB">hicieron</wf>
         <wf lemma="ofertar" pos="VERB">ofertas</wf>
         <wf lemma="que" pos="X">que</wf>
         <wf lemma="luego" pos="ADV">luego</wf>
         <wf lemma="se" pos="X">se</wf>
         <wf lemma="confrontaron" pos="VERB">confrontaron</wf>
         <wf lemma="con" pos="X">con</wf>
         <wf lemma="el" pos="X">la</wf>
         <wf lemma="subvención" pos="NOUN">subvención</wf>
         <wf lemma="por" pos="X">por</wf>
         <instance id="d000.s314.t001" lemma="barril" pos="NOUN">barril</instance>
         <wf lemma="que" pos="X">que</wf>
         <wf lemma="el" pos="X">el</wf>
         <instance id="d000.s314.t002" lemma="ministerio" pos="NOUN">ministerio</instance>
         <wf lemma="estar" pos="VERB">estaba</wf>
         <wf lemma="disponer" pos="VERB">dispuesto</wf>
         <wf lemma="a" pos="X">a</wf>
         <wf lemma="pagar" pos="VERB">pagar</wf>
         <wf lemma="para" pos="X">para</wf>
         <wf lemma="aumentar" pos="VERB">aumentar</wf>
         <wf lemma="el" pos="X">la</wf>
         <instance id="d000.s314.t003" lemma="producción" pos="NOUN">producción</instance>
         <wf lemma="por" pos="X">por</wf>
         <wf lemma="encima" pos="ADV">encima</wf>
         <wf lemma="de" pos="X">de</wf>
         <wf lemma="el" pos="X">los</wf>
         <wf lemma="actual" pos="ADJ">actuales</wf>
         <instance id="d000.s314.t004" lemma="nivel" pos="NOUN">niveles</instance>
         <wf lemma="en" pos="X">en</wf>
         <wf lemma="cada" pos="X">cada</wf>
         <wf lemma="yacimiento" pos="NOUN">yacimiento</wf>
         <wf lemma="." pos="X">.</wf>
      </sentence>
      <sentence id="d000.s315" source="semeval2015-es">
         <wf lemma="haber" pos="VERB">He</wf>
         <wf lemma="basar" pos="VERB">basado</wf>
         <wf pos="X">la</wf>
         <wf lemma="sintaxis" pos="NOUN">sintaxis</wf>
         <wf pos="X">en</wf>
         <wf pos="X">el</wf>
         <instance id="d000.s315.t000" lemma="sentido_común" pos="NOUN">sentido_común</instance>
         <wf pos="X">,</wf>
         <wf pos="X">por</wf>
         <wf pos="X">lo</wf>
         <wf pos="X">que</wf>
         <wf lemma="deber" pos="VERB">debería</wf>
         <wf lemma="ser" pos="VERB">ser</wf>
         <wf lemma="asequible" pos="ADJ">asequible</wf>
         <wf pos="X">para</wf>
         <wf pos="X">todos</wf>
         <wf pos="X">.</wf>
      </sentence>
      <sentence id="d000.s316" source="semeval2015-es">
         <wf pos="X">Para</wf>
         <instance id="d000.s316.t000" lemma="añadir" pos="VERB">añadir</instance>
         <wf pos="X">un</wf>
         <instance id="d000.s316.t001" lemma="gráfico" pos="ADJ">gráfica</instance>
         <wf lemma="2d" pos="NOUN">2D</wf>
         <wf pos="X">en</wf>
         <wf lemma="kalgebra" pos="NOUN">kalgebra</wf>
         <wf pos="X">,</wf>
         <wf pos="X">lo</wf>
         <wf pos="X">que</wf>
         <wf lemma="tener~que" pos="VERB">tiene que</wf>
         <wf lemma="hacer" pos="VERB">hacer</wf>
         <wf lemma="ser" pos="VERB">es</wf>
         <wf lemma="ir" pos="VERB">ir</wf>
         <wf pos="X">a</wf>
         <wf pos="X">la</wf>
         <wf lemma="pestaña" pos="NOUN">pestaña</wf>
         <instance id="d000.s316.t002" lemma="gráfico" pos="ADJ">Gráfica</instance>
         <wf lemma="2d" pos="NOUN">2D</wf>
         <wf pos="X">y</wf>
         <instance id="d000.s316.t003" lemma="aquí" pos="ADV">aquí</instance>
         <wf lemma="pulsar" pos="VERB">pulsar</wf>
         <wf pos="X">la</wf>
         <wf lemma="pestaña" pos="NOUN">pestaña</wf>
         <wf lemma="añadir" pos="NOUN">Añadir</wf>
         <wf pos="X">,</wf>
         <wf pos="X">que</wf>
         <wf pos="X">le</wf>
         <instance id="d000.s316.t004" lemma="permitir" pos="VERB">permitirá</instance>
         <instance id="d000.s316.t005" lemma="añadir" pos="VERB">añadir</instance>
         <wf pos="X">una</wf>
         <wf lemma="nuevo" pos="ADJ">nueva</wf>
         <instance id="d000.s316.t006" lemma="función" pos="NOUN">función</instance>
         <wf pos="X">.</wf>
      </sentence>
      <sentence id="d000.s317" source="semeval2013-es">
         <wf lemma="otro" pos="X">Otro</wf>
         <wf lemma="patrocinador" pos="NOUN">patrocinador</wf>
         <wf lemma="ser" pos="VERB">fue</wf>
         <wf lemma="el" pos="X">el</wf>
         <wf lemma="gigante" pos="NOUN">gigante</wf>
         <wf lemma="farmacéutico" pos="NOUN">farmacéutico</wf>
         <wf lemma="Pfizer_Inc." pos="NOUN">Pfizer_Inc.</wf>
         <wf lemma="," pos="X">,</wf>
         <wf lemma="que" pos="X">que</wf>
         <wf lemma="tener" pos="VERB">tiene</wf>
         <wf lemma="un" pos="X">un</wf>
         <wf lemma="enorme" pos="ADJ">enorme</wf>
         <wf lemma="interés" pos="NOUN">interés</wf>
         <wf lemma="financiero" pos="ADJ">financiero</wf>
         <wf lemma="en" pos="X">en</wf>
         <wf lemma="el" pos="X">el</wf>
         <instance id="d000.s317.t000" lemma="resultado" pos="NOUN">resultado</instance>
         <wf lemma="del" pos="X">del</wf>
         <instance id="d000.s317.t001" lemma="litigio" pos="NOUN">litigio</instance>
         <wf lemma="." pos="X">.</wf>
      </sentence>
      <sentence id="d000.s318" source="semeval2015-es">
         <wf pos="X">Este</wf>
         <instance id="d000.s318.t000" lemma="medicamento" pos="NOUN">medicamento</instance>
         <instance id="d000.s318.t001" lemma="sólo" pos="ADV">sólo</instance>
         <wf lemma="poder" pos="VERB">podrá</wf>
         <instance id="d000.s318.t002" lemma="dispensar" pos="VERB">dispensarse</instance>
         <wf pos="X">con</wf>
         <instance id="d000.s318.t003" lemma="receta" pos="NOUN">receta</instance>
         <instance id="d000.s318.t004" lemma="médico" pos="ADJ">médica</instance>
         <wf pos="X">.</wf>
      </sentence>
      <sentence id="d000.s319" source="semeval2013-es">
         <wf lemma="Kagan" pos="NOUN">Kagan</wf>
         <wf lemma="trabajar" pos="VERB">trabajó</wf>
         <wf lemma="como" pos="X">como</wf>
         <instance id="d000.s319.t000" lemma="procurador" pos="NOUN">procuradora</instance>
         <wf lemma="general" pos="ADJ">general</wf>
         <wf lemma="de" pos="X">de</wf>
         <wf lemma="el" pos="X">la</wf>
         <instance id="d000.s319.t001" lemma="administración" pos="NOUN">administración</instance>
         <wf lemma="Obama" pos="NOUN">Obama</wf>
         <wf lemma="cuando" pos="X">cuando</wf>
         <wf lemma="se" pos="X">se</wf>
         <wf lemma="presentar" pos="VERB">presentaron</wf>
         <wf lemma="el" pos="X">los</wf>
         <wf lemma="primero" pos="X">primeros</wf>
         <wf lemma="desafío" pos="NOUN">desafíos</wf>
         <wf lemma="legal" pos="ADJ">legales</wf>
         <wf lemma="a" pos="X">a</wf>
         <wf lemma="el" pos="X">la</wf>
         <instance id="d000.s319.t002" lemma="ley" pos="NOUN">ley</instance>
         <wf lemma="en" pos="X">en</wf>
         <wf lemma="el" pos="X">el</wf>
         <wf lemma="tribunal_de_primera_instancia" pos="NOUN">tribunal_de_primera_instancia</wf>
         <wf lemma="." pos="X">.</wf>
      </sentence>
      <sentence id="d000.s320" source="semeval2015-es">
         <wf lemma="¿cómo" pos="NOUN">¿Cómo</wf>
         <wf pos="X">se</wf>
         <instance id="d000.s320.t000" lemma="usar" pos="VERB">usa</instance>
         <wf lemma="alimta" pos="NOUN">Alimta</wf>
         <wf pos="X">?</wf>
      </sentence>
      <sentence id="d000.s321" source="semeval2013-es">
         <wf lemma="de" pos="X">De</wf>
         <wf lemma="forma" pos="NOUN">forma</wf>
         <wf lemma="que" pos="X">que</wf>
         <wf lemma="," pos="X">,</wf>
         <wf lemma="de" pos="X">de</wf>
         <wf lemma="ir" pos="VERB">ir</wf>
         <wf lemma="pasar" pos="VERB">pasando</wf>
         <wf lemma="rondar" pos="VERB">rondas</wf>
         <wf lemma="," pos="X">,</wf>
         <wf lemma="no" pos="NOUN">no</wf>
         <wf lemma="estar" pos="VERB">está</wf>
         <wf lemma="tan" pos="ADV">tan</wf>
         <wf lemma="claro" pos="ADJ">claro</wf>
         <wf lemma="que" pos="X">que</wf>
         <wf lemma="ser" pos="VERB">sea</wf>
         <wf lemma="un" pos="X">una</wf>
         <instance id="d000.s321.t000" lemma="ventaja" pos="NOUN">ventaja</instance>
         <wf lemma="." pos="X">.</wf>
      </sentence>
      <sentence id="d000.s322" source="semeval2013-es">
         <wf lemma="el" pos="X">El</wf>
         <wf lemma="regulador" pos="NOUN">regulador</wf>
         <wf lemma="también" pos="ADV">también</wf>
         <wf lemma="haber" pos="VERB">había</wf>
         <wf lemma="pedir" pos="VERB">pedido</wf>
         <wf lemma="cuenta" pos="NOUN">cuentas</wf>
         <wf lemma="a" pos="X">a</wf>
         <wf lemma="otro" pos="X">otros</wf>
         <wf lemma="grande" pos="ADJ">grandes</wf>
         <instance id="d000.s322.t000" lemma="banco" pos="NOUN">bancos</instance>
         <wf lemma="y" pos="X">y</wf>
         <wf lemma="en" pos="X">en</wf>
         <instance id="d000.s322.t001" lemma="verano" pos="NOUN">verano</instance>
         <wf lemma="entablar" pos="VERB">entablado</wf>
         <instance id="d000.s322.t002" lemma="pleito" pos="NOUN">pleitos</instance>
         <wf lemma="contra" pos="X">contra</wf>
         <wf lemma="JPMorgan_chase" pos="NOUN">JPMorgan_Chase</wf>
         <wf lemma="," pos="X">,</wf>
         <wf lemma="el" pos="X">el</wf>
         <wf lemma="royal_bank_of_scotland" pos="NOUN">Royal_Bank_of_Scotland</wf>
         <wf lemma="y" pos="X">y</wf>
         <wf lemma="goldman_sachs" pos="NOUN">Goldman_Sachs</wf>
         <wf lemma="." pos="X">.</wf>
      </sentence>
      <sentence id="d000.s323" source="semeval2015-es">
         <wf pos="X">Cada</wf>
         <instance id="d000.s323.t000" lemma="comprimido" pos="NOUN">comprimido</instance>
         <wf lemma="ir" pos="VERB">va</wf>
         <instance id="d000.s323.t001" lemma="marcar" pos="VERB">marcado</instance>
         <wf pos="X">con</wf>
         <wf pos="X">el</wf>
         <instance id="d000.s323.t002" lemma="logo" pos="NOUN">logo</instance>
         <wf lemma="pfizer" pos="NOUN">Pfizer</wf>
         <wf pos="X">en</wf>
         <wf pos="X">una</wf>
         <instance id="d000.s323.t003" lemma="cara" pos="NOUN">cara</instance>
         <wf pos="X">y</wf>
         <wf pos="X">las</wf>
         <instance id="d000.s323.t004" lemma="letra" pos="NOUN">letras</instance>
         <wf lemma="mpt" pos="NOUN">MPT</wf>
         <wf pos="X">y</wf>
         <wf pos="X">la</wf>
         <instance id="d000.s323.t005" lemma="cantidad" pos="NOUN">cantidad</instance>
         <wf pos="X">de</wf>
         <wf lemma="maropitant" pos="NOUN">maropitant</wf>
         <wf pos="X">en</wf>
         <wf pos="X">la</wf>
         <wf pos="X">otra</wf>
         <wf pos="X">.</wf>
      </sentence>
      <sentence id="d000.s324" source="semeval2013-es">
         <wf lemma="uno" pos="X">Uno</wf>
         <wf lemma="de" pos="X">de</wf>
         <wf lemma="el" pos="X">los</wf>
         <wf lemma="bien" pos="NOUN">bienes</wf>
         <wf lemma="que" pos="X">que</wf>
         <wf lemma="comprender" pos="VERB">comprende</wf>
         <wf lemma="el" pos="X">el</wf>
         <wf lemma="espíritu" pos="NOUN">espíritu</wf>
         <wf lemma="deportivo" pos="ADJ">deportivo</wf>
         <wf lemma="ser" pos="VERB">es</wf>
         <wf lemma="el" pos="X">la</wf>
         <wf lemma="integridad_física" pos="NOUN">integridad_física</wf>
         <wf lemma="de" pos="X">de</wf>
         <wf lemma="el" pos="X">los</wf>
         <instance id="d000.s324.t000" lemma="jugador" pos="NOUN">jugadores</instance>
         <wf lemma="contrario" pos="ADJ">contrarios</wf>
         <wf lemma="," pos="X">,</wf>
         <wf lemma="aspecto" pos="NOUN">aspecto</wf>
         <wf lemma="que" pos="X">que</wf>
         <wf lemma="con" pos="X">con</wf>
         <wf lemma="este" pos="X">estas</wf>
         <instance id="d000.s324.t001" lemma="acción" pos="NOUN">acciones</instance>
         <wf lemma="no" pos="NOUN">no</wf>
         <wf lemma="se" pos="X">se</wf>
         <wf lemma="poner" pos="VERB">puso</wf>
         <wf lemma="en" pos="X">en</wf>
         <instance id="d000.s324.t002" lemma="peligro" pos="NOUN">peligro</instance>
         <wf lemma="," pos="X">,</wf>
         <wf lemma="ser" pos="VERB">es</wf>
         <wf lemma="decir" pos="VERB">decir</wf>
         <wf lemma="," pos="X">,</wf>
         <wf lemma="no" pos="NOUN">no</wf>
         <wf lemma="haber" pos="VERB">hubo</wf>
         <instance id="d000.s324.t003" lemma="juego" pos="NOUN">juego</instance>
         <wf lemma="violento" pos="ADJ">violento</wf>
         <wf lemma="." pos="X">.</wf>
      </sentence>
      <sentence id="d000.s325" source="semeval2015-es">
         <wf pos="X">El</wf>
         <instance id="d000.s325.t000" lemma="tratamiento" pos="NOUN">tratamiento</instance>
         <wf pos="X">del</wf>
         <instance id="d000.s325.t001" lemma="vómito" pos="NOUN">vómito</instance>
         <wf lemma="deber" pos="VERB">debe</wf>
         <instance id="d000.s325.t002" lemma="realizar" pos="VERB">realizarse</instance>
         <instance id="d000.s325.t003" lemma="siempre" pos="ADV">siempre</instance>
         <wf pos="X">en</wf>
         <instance id="d000.s325.t004" lemma="asociación" pos="NOUN">asociación</instance>
         <wf pos="X">con</wf>
         <wf pos="X">otras</wf>
         <instance id="d000.s325.t005" lemma="medida" pos="NOUN">medidas</instance>
         <wf pos="X">de</wf>
         <instance id="d000.s325.t006" lemma="apoyo" pos="NOUN">apoyo</instance>
         <wf pos="X">u</wf>
         <wf pos="X">otros</wf>
         <instance id="d000.s325.t007" lemma="tratamiento" pos="NOUN">tratamientos</instance>
         <instance id="d000.s325.t008" lemma="veterinario" pos="NOUN">veterinarios</instance>
         <wf pos="X">para</wf>
         <instance id="d000.s325.t009" lemma="combatir" pos="VERB">combatir</instance>
         <instance id="d000.s325.t010" lemma="también" pos="ADV">también</instance>
         <wf pos="X">la</wf>
         <instance id="d000.s325.t011" lemma="causa" pos="NOUN">causa</instance>
         <instance id="d000.s325.t012" lemma="subyacente" pos="ADJ">subyacente</instance>
         <wf pos="X">del</wf>
         <instance id="d000.s325.t013" lemma="vómito" pos="NOUN">vómito</instance>
         <wf pos="X">.</wf>
      </sentence>
      <sentence id="d000.s326" source="semeval2015-es">
         <wf pos="X">La</wf>
         <instance id="d000.s326.t000" lemma="fundación" pos="NOUN">Fundación</instance>
         <instance id="d000.s326.t001" lemma="organizar" pos="VERB">organizó</instance>
         <wf pos="X">,</wf>
         <wf pos="X">junto con</wf>
         <wf pos="X">la</wf>
         <instance id="d000.s326.t002" lemma="comisión" pos="NOUN">Comisión</instance>
         <instance id="d000.s326.t003" lemma="europeo" pos="ADJ">Europea</instance>
         <wf pos="X">,</wf>
         <wf pos="X">el</wf>
         <instance id="d000.s326.t004" lemma="ministerio" pos="NOUN">Ministerio</instance>
         <instance id="d000.s326.t005" lemma="español" pos="ADJ">español</instance>
         <wf pos="X">de</wf>
         <instance id="d000.s326.t006" lemma="asunto" pos="NOUN">Asuntos</instance>
         <instance id="d000.s326.t007" lemma="social" pos="ADJ">Sociales</instance>
         <wf pos="X">y</wf>
         <wf pos="X">la</wf>
         <instance id="d000.s326.t008" lemma="comunidad" pos="NOUN">Comunidad</instance>
         <instance id="d000.s326.t009" lemma="autónomo" pos="ADJ">Autónoma</instance>
         <wf pos="X">de</wf>
         <wf lemma="galicia" pos="NOUN">Galicia</wf>
         <wf pos="X">,</wf>
         <wf pos="X">una</wf>
         <instance id="d000.s326.t010" lemma="conferencia" pos="NOUN">conferencia</instance>
         <instance id="d000.s326.t011" lemma="europeo" pos="ADJ">europea</instance>
         <wf pos="X">sobre</wf>
         <wf pos="X">el</wf>
         <instance id="d000.s326.t012" lemma="tema" pos="NOUN">tema</instance>
         <wf pos="X">&quot;</wf>
         <instance id="d000.s326.t013" lemma="exclusión" pos="NOUN">Exclusión</instance>
         <instance id="d000.s326.t014" lemma="social" pos="ADJ">social</instance>
         <wf pos="X">:</wf>
         <wf pos="X">Un</wf>
         <instance id="d000.s326.t015" lemma="grande" pos="ADJ">gran</instance>
         <instance id="d000.s326.t016" lemma="reto" pos="NOUN">reto</instance>
         <wf pos="X">para</wf>
         <wf pos="X">los</wf>
         <instance id="d000.s326.t017" lemma="servicio" pos="NOUN">servicios</instance>
         <instance id="d000.s326.t018" lemma="público" pos="ADJ">públicos</instance>
         <wf pos="X">de</wf>
         <instance id="d000.s326.t019" lemma="protección" pos="NOUN">protección</instance>
         <instance id="d000.s326.t020" lemma="social" pos="ADJ">social</instance>
         <wf pos="X">&quot;</wf>
         <wf pos="X">.</wf>
      </sentence>
      <sentence id="d000.s327" source="semeval2013-es">
         <wf lemma="el" pos="X">El</wf>
         <wf lemma="&quot;" pos="X">&quot;</wf>
         <wf lemma="bank_of_america" pos="NOUN">Bank_of_America</wf>
         <wf lemma="&quot;" pos="X">&quot;</wf>
         <wf lemma="devolver" pos="VERB">devolvió</wf>
         <wf lemma="de" pos="X">de</wf>
         <wf lemma="un" pos="X">una</wf>
         <wf lemma="solo" pos="ADJ">sola</wf>
         <instance id="d000.s327.t000" lemma="vez" pos="NOUN">vez</instance>
         <wf lemma="el" pos="X">las</wf>
         <wf lemma="ayudar" pos="VERB">ayudas</wf>
         <wf lemma="que" pos="X">que</wf>
         <wf lemma="él" pos="X">le</wf>
         <wf lemma="haber" pos="VERB">había</wf>
         <wf lemma="prestar" pos="VERB">prestado</wf>
         <wf lemma="el" pos="X">el</wf>
         <instance id="d000.s327.t001" lemma="fondo" pos="NOUN">fondo</instance>
         <wf lemma="de" pos="X">de</wf>
         <wf lemma="rescate_bancario" pos="NOUN">rescate_bancario</wf>
         <wf lemma="Tarp" pos="NOUN">Tarp</wf>
         <wf lemma="de" pos="X">de</wf>
         <wf lemma="un" pos="X">un</wf>
         <wf lemma="total" pos="ADJ">total</wf>
         <wf lemma="de" pos="X">de</wf>
         <wf lemma="@card@" pos="X">45.000</wf>
         <wf lemma="millones" pos="X">millones</wf>
         <wf lemma="(" pos="X">(</wf>
         <wf lemma="aproximadamente" pos="ADV">aproximadamente</wf>
         <wf lemma="@card@" pos="X">30.000</wf>
         <wf lemma="millones" pos="X">millones</wf>
         <wf lemma="de" pos="X">de</wf>
         <instance id="d000.s327.t002" lemma="euro" pos="NOUN">euros</instance>
         <wf lemma=")" pos="X">)</wf>
         <wf lemma="." pos="X">.</wf>
      </sentence>
      <sentence id="d000.s328" source="semeval2013-es">
         <wf lemma="con" pos="X">Con</wf>
         <wf lemma="más" pos="ADV">más</wf>
         <wf lemma="de" pos="X">de</wf>
         <wf lemma="@card@" pos="X">30</wf>
         <wf lemma="presentación" pos="NOUN">presentaciones</wf>
         <wf lemma="en" pos="X">en</wf>
         <instance id="d000.s328.t000" lemma="españa" pos="NOUN">España</instance>
         <wf lemma="figurar" pos="VERB">figuran</wf>
         <wf lemma="gerard_piqué" pos="NOUN">Gerard_Piqué</wf>
         <wf lemma="(" pos="X">(</wf>
         <wf lemma="@card@" pos="X">37</wf>
         <wf lemma=")" pos="X">)</wf>
         <wf lemma="," pos="X">,</wf>
         <wf lemma="sergio_busquets" pos="NOUN">Sergio_Busquets</wf>
         <wf lemma="(" pos="X">(</wf>
         <wf lemma="@card@" pos="X">36</wf>
         <wf lemma=")" pos="X">)</wf>
         <wf lemma="," pos="X">,</wf>
         <wf lemma="Santiago" pos="NOUN">Santiago</wf>
         <wf lemma="santi_cazorla" pos="NOUN">Santi_Cazorla</wf>
         <wf lemma="(" pos="X">(</wf>
         <wf lemma="@card@" pos="X">32</wf>
         <wf lemma=")" pos="X">)</wf>
         <wf lemma="," pos="X">,</wf>
         <wf lemma="álvaro_arbeloa" pos="NOUN">Álvaro_Arbeloa</wf>
         <wf lemma="(" pos="X">(</wf>
         <wf lemma="@card@" pos="X">31</wf>
         <wf lemma=")" pos="X">)</wf>
         <wf lemma="y" pos="X">y</wf>
         <wf lemma="raúl_albiol" pos="NOUN">Raúl_Albiol</wf>
         <wf lemma="(" pos="X">(</wf>
         <wf lemma="@card@" pos="X">31</wf>
         <wf lemma=")" pos="X">)</wf>
         <wf lemma="." pos="X">.</wf>
      </sentence>
      <sentence id="d000.s329" source="semeval2015-es">
         <wf pos="X">En</wf>
         <instance id="d000.s329.t000" lemma="paciente" pos="NOUN">pacientes</instance>
         <wf pos="X">que</wf>
         <wf lemma="no" pos="NOUN">no</wf>
         <wf lemma="haber" pos="VERB">habían</wf>
         <instance id="d000.s329.t001" lemma="recibir" pos="VERB">recibido</instance>
         <instance id="d000.s329.t002" lemma="previamente" pos="ADV">previamente</instance>
         <instance id="d000.s329.t003" lemma="quimioterapia" pos="NOUN">quimioterapia</instance>
         <wf pos="X">,</wf>
         <wf pos="X">el</wf>
         <instance id="d000.s329.t004" lemma="tiempo" pos="NOUN">tiempo</instance>
         <instance id="d000.s329.t005" lemma="medio" pos="ADJ">medio</instance>
         <wf pos="X">de</wf>
         <instance id="d000.s329.t006" lemma="supervivencia" pos="NOUN">supervivencia</instance>
         <wf lemma="ser" pos="VERB">fue</wf>
         <wf pos="X">de</wf>
         <wf pos="X">10,3</wf>
         <instance id="d000.s329.t007" lemma="mes" pos="NOUN">meses</instance>
         <wf pos="X">en</wf>
         <wf pos="X">ambos</wf>
         <instance id="d000.s329.t008" lemma="grupo" pos="NOUN">grupos</instance>
         <wf pos="X">.</wf>
      </sentence>
      <sentence id="d000.s330" source="semeval2013-es">
         <wf lemma="el" pos="X">La</wf>
         <instance id="d000.s330.t000" lemma="firma_de_abogados" pos="NOUN">firma_de_abogados</instance>
         <wf lemma="de" pos="X">de</wf>
         <wf lemma="Clement" pos="NOUN">Clement</wf>
         <wf lemma="," pos="X">,</wf>
         <wf lemma="Bancroft" pos="NOUN">Bancroft</wf>
         <wf lemma="PLLC" pos="NOUN">PLLC</wf>
         <wf lemma="," pos="X">,</wf>
         <wf lemma="ser" pos="VERB">fue</wf>
         <wf lemma="un" pos="X">una</wf>
         <wf lemma="de" pos="X">de</wf>
         <wf lemma="el" pos="X">las</wf>
         <wf lemma="casi" pos="ADV">casi</wf>
         <wf lemma="dos" pos="X">dos</wf>
         <wf lemma="docena" pos="NOUN">docenas</wf>
         <wf lemma="de" pos="X">de</wf>
         <instance id="d000.s330.t001" lemma="empresa" pos="NOUN">empresas</instance>
         <wf lemma="que" pos="X">que</wf>
         <wf lemma="ayudar" pos="VERB">ayudaron</wf>
         <wf lemma="a" pos="X">a</wf>
         <wf lemma="patrocinar" pos="VERB">patrocinar</wf>
         <wf lemma="el" pos="X">la</wf>
         <instance id="d000.s330.t002" lemma="cena" pos="NOUN">cena</instance>
         <wf lemma="anual" pos="ADJ">anual</wf>
         <wf lemma="de" pos="X">de</wf>
         <wf lemma="el" pos="X">la</wf>
         <wf lemma="sociedad" pos="NOUN">Sociedad</wf>
         <wf lemma="Federalista" pos="ADJ">Federalista</wf>
         <wf lemma="," pos="X">,</wf>
         <wf lemma="un" pos="X">un</wf>
         <instance id="d000.s330.t003" lemma="grupo" pos="NOUN">grupo</instance>
         <wf lemma="que" pos="X">que</wf>
         <wf lemma="llevar" pos="VERB">lleva</wf>
         <wf lemma="mucho" pos="X">muchos</wf>
         <instance id="d000.s330.t004" lemma="año" pos="NOUN">años</instance>
         <wf lemma="dedicar" pos="VERB">dedicado</wf>
         <wf lemma="a" pos="X">a</wf>
         <wf lemma="el" pos="X">la</wf>
         <wf lemma="defensa" pos="NOUN">defensa</wf>
         <wf lemma="de" pos="X">de</wf>
         <wf lemma="el" pos="X">los</wf>
         <instance id="d000.s330.t005" lemma="principio" pos="NOUN">principios</instance>
         <wf lemma="jurídico" pos="ADJ">jurídicos</wf>
         <wf lemma="conservador" pos="ADJ">conservadores</wf>
         <wf lemma="." pos="X">.</wf>
      </sentence>
      <sentence id="d000.s331" source="semeval2013-es">
         <wf lemma="un" pos="X">Un</wf>
         <instance id="d000.s331.t000" lemma="efecto" pos="NOUN">efecto</instance>
         <wf lemma="positivo" pos="ADJ">positivo</wf>
         <wf lemma="sobre" pos="X">sobre</wf>
         <wf lemma="el" pos="X">los</wf>
         <instance id="d000.s331.t001" lemma="salario" pos="NOUN">salarios</instance>
      </sentence>
      <sentence id="d000.s332" source="semeval2015-es">
         <wf lemma="no" pos="NOUN">No</wf>
         <wf lemma="ser" pos="VERB">es</wf>
         <instance id="d000.s332.t000" lemma="necesario" pos="ADJ">necesario</instance>
         <instance id="d000.s332.t001" lemma="conocer" pos="VERB">conocer</instance>
         <wf lemma="mathml" pos="NOUN">MathML</wf>
         <wf pos="X">para</wf>
         <instance id="d000.s332.t002" lemma="usar" pos="VERB">usar</instance>
         <wf lemma="kalgebra" pos="NOUN">kalgebra</wf>
         <wf pos="X">.</wf>
      </sentence>
      <sentence id="d000.s333" source="semeval2015-es">
         <instance id="d000.s333.t000" lemma="ventana" pos="NOUN">Ventana</instance>
         <instance id="d000.s333.t001" lemma="principal" pos="ADJ">principal</instance>
         <wf pos="X">de</wf>
         <wf lemma="kalgebra" pos="NOUN">kalgebra</wf>
      </sentence>
      <sentence id="d000.s334" source="semeval2015-es">
         <wf pos="X">Si</wf>
         <instance id="d000.s334.t000" lemma="desear" pos="VERB">desea</instance>
         <instance id="d000.s334.t001" lemma="más" pos="ADV">más</instance>
         <instance id="d000.s334.t002" lemma="información" pos="NOUN">información</instance>
         <wf pos="X">sobre</wf>
         <wf pos="X">el</wf>
         <instance id="d000.s334.t003" lemma="fundamento" pos="NOUN">fundamento</instance>
         <wf pos="X">en</wf>
         <wf pos="X">el</wf>
         <wf pos="X">que</wf>
         <wf pos="X">se</wf>
         <wf lemma="haber" pos="VERB">han</wf>
         <instance id="d000.s334.t004" lemma="basar" pos="VERB">basado</instance>
         <wf pos="X">las</wf>
         <instance id="d000.s334.t005" lemma="recomendación" pos="NOUN">recomendaciones</instance>
         <wf pos="X">del</wf>
         <wf lemma="chmp" pos="NOUN">CHMP</wf>
         <wf pos="X">,</wf>
         <wf pos="X">le</wf>
         <instance id="d000.s334.t006" lemma="aconsejar" pos="VERB">aconsejamos</instance>
         <wf pos="X">que</wf>
         <instance id="d000.s334.t007" lemma="leer" pos="VERB">lea</instance>
         <wf pos="X">el</wf>
         <instance id="d000.s334.t008" lemma="debate" pos="NOUN">Debate</instance>
         <instance id="d000.s334.t009" lemma="científico" pos="ADJ">Científico</instance>
         <wf pos="X">(</wf>
         <instance id="d000.s334.t010" lemma="también" pos="ADV">también</instance>
         <instance id="d000.s334.t011" lemma="incluir" pos="VERB">incluido</instance>
         <wf pos="X">en</wf>
         <wf pos="X">el</wf>
         <wf lemma="epar" pos="NOUN">EPAR</wf>
         <wf pos="X">)</wf>
         <wf pos="X">.</wf>
      </sentence>
      <sentence id="d000.s335" source="semeval2013-es">
         <wf lemma="él" pos="X">Ellos</wf>
         <wf lemma="argumentar" pos="VERB">argumentaron</wf>
         <wf lemma="que" pos="X">que</wf>
         <wf lemma="el" pos="X">los</wf>
         <wf lemma="medio_de_comunicación" pos="NOUN">medios_de_comunicación</wf>
         <wf lemma="continuamente" pos="ADV">continuamente</wf>
         <wf lemma="echar" pos="VERB">echaban</wf>
         <instance id="d000.s335.t000" lemma="leña" pos="NOUN">leña</instance>
         <wf lemma="al" pos="X">al</wf>
         <instance id="d000.s335.t001" lemma="fuego" pos="NOUN">fuego</instance>
         <wf lemma="de" pos="X">de</wf>
         <wf lemma="el" pos="X">la</wf>
         <instance id="d000.s335.t002" lemma="emoción" pos="NOUN">emoción</instance>
         <wf lemma="sobre" pos="X">sobre</wf>
         <wf lemma="el" pos="X">el</wf>
         <wf lemma="caso" pos="NOUN">caso</wf>
         <wf lemma="." pos="X">.</wf>
      </sentence>
      <sentence id="d000.s336" source="semeval2013-es">
         <wf lemma="el" pos="X">El</wf>
         <wf lemma="segundo" pos="X">segundo</wf>
         <instance id="d000.s336.t000" lemma="cuarto" pos="NOUN">cuarto</instance>
         <wf lemma="ser" pos="VERB">fue</wf>
         <wf lemma="más" pos="ADV">más</wf>
         <wf lemma="de" pos="X">de</wf>
         <wf lemma="el" pos="X">lo</wf>
         <wf lemma="mismo" pos="ADJ">mismo</wf>
         <wf lemma="," pos="X">,</wf>
         <wf lemma="pero" pos="X">pero</wf>
         <wf lemma="el" pos="X">el</wf>
         <instance id="d000.s336.t001" lemma="equipo" pos="NOUN">equipo</instance>
         <wf lemma="alavés" pos="ADJ">alavés</wf>
         <wf lemma="optar" pos="VERB">optó</wf>
         <wf lemma="por" pos="X">por</wf>
         <wf lemma="el" pos="X">el</wf>
         <instance id="d000.s336.t002" lemma="juego" pos="NOUN">juego</instance>
         <wf lemma="interior" pos="ADJ">interior</wf>
         <wf lemma="de" pos="X">de</wf>
         <wf lemma="Barac" pos="NOUN">Barac</wf>
         <wf lemma="y" pos="X">y</wf>
         <wf lemma="el" pos="X">el</wf>
         <instance id="d000.s336.t003" lemma="trabajo" pos="NOUN">trabajo</instance>
         <wf lemma="de" pos="X">de</wf>
         <wf lemma="Eliyahu" pos="NOUN">Eliyahu</wf>
         <wf lemma="," pos="X">,</wf>
         <wf lemma="que" pos="X">que</wf>
         <wf lemma="ser" pos="VERB">fue</wf>
         <wf lemma="recibir" pos="VERB">recibido</wf>
         <wf lemma="con" pos="X">con</wf>
         <wf lemma="pito" pos="NOUN">pitos</wf>
         <wf lemma="y" pos="X">y</wf>
         <instance id="d000.s336.t004" lemma="aplauso" pos="NOUN">aplausos</instance>
         <wf lemma="en" pos="X">en</wf>
         <wf lemma="el" pos="X">el</wf>
         <instance id="d000.s336.t005" lemma="regreso" pos="NOUN">regreso</instance>
         <wf lemma="a" pos="X">a</wf>
         <wf lemma="el" pos="X">la</wf>
         <wf lemma="que" pos="X">que</wf>
         <wf lemma="ser" pos="VERB">fuera</wf>
         <wf lemma="suyo" pos="X">su</wf>
         <instance id="d000.s336.t006" lemma="casa" pos="NOUN">casa</instance>
         <wf lemma="," pos="X">,</wf>
         <wf lemma="para" pos="X">para</wf>
         <wf lemma="seguir" pos="VERB">seguir</wf>
         <wf lemma="ampliar" pos="VERB">ampliando</wf>
         <wf lemma="suyo" pos="X">su</wf>
         <instance id="d000.s336.t007" lemma="ventaja" pos="NOUN">ventaja</instance>
         <wf lemma="al" pos="X">al</wf>
         <wf lemma="descanso" pos="NOUN">descanso</wf>
         <wf lemma="(" pos="X">(</wf>
         <wf lemma="@card@" pos="X">34-43</wf>
         <wf lemma=")" pos="X">)</wf>
         <wf lemma="." pos="X">.</wf>
      </sentence>
      <sentence id="d000.s337" source="semeval2013-es">
         <wf lemma="tomar" pos="VERB">Tomaron</wf>
         <wf lemma="un" pos="X">una</wf>
         <instance id="d000.s337.t000" lemma="decisión" pos="NOUN">decisión</instance>
         <wf lemma="estratégico" pos="ADJ">estratégica</wf>
         <wf lemma="sin" pos="X">sin</wf>
         <wf lemma="sortear" pos="VERB">sortear</wf>
         <wf lemma="el" pos="X">el</wf>
         <instance id="d000.s337.t001" lemma="castigo" pos="NOUN">castigo</instance>
         <wf lemma="ni" pos="X">ni</wf>
         <wf lemma="huir" pos="VERB">huir</wf>
         <wf lemma="del" pos="X">del</wf>
         <wf lemma="mismo" pos="ADJ">mismo</wf>
         <wf lemma="." pos="X">.</wf>
      </sentence>
      <sentence id="d000.s338" source="semeval2013-es">
         <wf lemma="el" pos="X">La</wf>
         <instance id="d000.s338.t000" lemma="cena" pos="NOUN">cena</instance>
         <wf lemma="se" pos="X">se</wf>
         <wf lemma="celebrar" pos="VERB">celebró</wf>
         <wf lemma="en" pos="X">en</wf>
         <wf lemma="un" pos="X">un</wf>
         <instance id="d000.s338.t001" lemma="hotel" pos="NOUN">hotel</instance>
         <wf lemma="de" pos="X">de</wf>
         <instance id="d000.s338.t002" lemma="Washington" pos="NOUN">Washington</instance>
         <wf lemma="," pos="X">,</wf>
         <instance id="d000.s338.t003" lemma="hora" pos="NOUN">horas</instance>
         <wf lemma="después" pos="ADV">después</wf>
         <wf lemma="de" pos="X">de</wf>
         <wf lemma="el" pos="X">la</wf>
         <wf lemma="audiencia_preliminar" pos="NOUN">audiencia_preliminar</wf>
         <wf lemma="del" pos="X">del</wf>
         <instance id="d000.s338.t004" lemma="tribunal" pos="NOUN">tribunal</instance>
         <wf lemma="sobre" pos="X">sobre</wf>
         <wf lemma="el" pos="X">el</wf>
         <wf lemma="caso" pos="NOUN">caso</wf>
         <wf lemma="." pos="X">.</wf>
      </sentence>
      <sentence id="d000.s339" source="semeval2013-es">
         <wf lemma="&quot;" pos="X">&quot;</wf>
         <wf lemma="sin" pos="X">Sin</wf>
         <wf lemma="embargo" pos="NOUN">embargo</wf>
         <wf lemma="," pos="X">,</wf>
         <wf lemma="el" pos="X">el</wf>
         <instance id="d000.s339.t000" lemma="arsénico" pos="NOUN">arsénico</instance>
         <wf lemma="ser" pos="VERB">es</wf>
         <wf lemma="el" pos="X">lo</wf>
         <wf lemma="suficientemente" pos="ADV">suficientemente</wf>
         <wf lemma="diferente" pos="ADJ">diferente</wf>
         <wf lemma="como" pos="X">como</wf>
         <wf lemma="para" pos="X">para</wf>
         <wf lemma="que" pos="X">que</wf>
         <wf lemma="no" pos="NOUN">no</wf>
         <wf lemma="funcionar" pos="VERB">funcione</wf>
         <wf lemma="tan" pos="ADV">tan</wf>
         <wf lemma="bien" pos="ADV">bien</wf>
         <wf lemma="como" pos="X">como</wf>
         <wf lemma="el" pos="X">el</wf>
         <instance id="d000.s339.t001" lemma="fósforo" pos="NOUN">fósforo</instance>
         <wf lemma="," pos="X">,</wf>
         <wf lemma="por" pos="X">por</wf>
         <wf lemma="el" pos="X">lo</wf>
         <wf lemma="que" pos="X">que</wf>
         <wf lemma="entrar" pos="VERB">entra</wf>
         <wf lemma="y" pos="X">y</wf>
         <wf lemma="," pos="X">,</wf>
         <wf lemma="por" pos="X">por</wf>
         <wf lemma="decir" pos="VERB">decirlo</wf>
         <wf lemma="de" pos="X">de</wf>
         <wf lemma="alguno" pos="X">algún</wf>
         <wf lemma="modo" pos="NOUN">modo</wf>
         <wf lemma="," pos="X">,</wf>
         <wf lemma="apelmaza" pos="VERB">apelmaza</wf>
         <wf lemma="el" pos="X">la</wf>
         <wf lemma="maquinaria" pos="NOUN">maquinaria</wf>
         <wf lemma="bioquímica" pos="ADJ">bioquímica</wf>
         <wf lemma="&quot;" pos="X">&quot;</wf>
         <wf lemma="," pos="X">,</wf>
         <wf lemma="explicar" pos="VERB">explica</wf>
         <wf lemma="Anbar" pos="NOUN">Anbar</wf>
         <wf lemma="." pos="X">.</wf>
      </sentence>
      <sentence id="d000.s340" source="semeval2015-es">
         <wf lemma="cerenia" pos="NOUN">Cerenia</wf>
         <wf lemma="bloquear" pos="VERB">bloquea</wf>
         <wf pos="X">los</wf>
         <wf lemma="receptor" pos="NOUN">receptores</wf>
         <wf pos="X">de</wf>
         <wf lemma="neurocinina" pos="NOUN">neurocinina</wf>
         <wf pos="X">1</wf>
         <wf pos="X">(</wf>
         <wf lemma="nk1" pos="NOUN">NK1</wf>
         <wf pos="X">)</wf>
         <wf pos="X">en</wf>
         <wf pos="X">el</wf>
         <instance id="d000.s340.t000" lemma="sistema_nervioso" pos="NOUN">sistema_nervioso</instance>
         <wf lemma="central" pos="ADJ">central</wf>
         <wf pos="X">.</wf>
      </sentence>
      <sentence id="d000.s341" source="semeval2013-es">
         <wf lemma="el" pos="X">La</wf>
         <wf lemma="expulsión" pos="NOUN">expulsión</wf>
         <wf lemma="presunto" pos="ADV">presuntamente</wf>
         <wf lemma="urdida" pos="VERB">urdida</wf>
         <wf lemma="por" pos="X">por</wf>
         <wf lemma="dos" pos="X">dos</wf>
         <instance id="d000.s341.t000" lemma="jugador" pos="NOUN">jugadores</instance>
         <wf lemma="dos" pos="X">del</wf>
         <wf lemma="Real_Madrid" pos="NOUN">Real_Madrid</wf>
         <wf lemma="(" pos="X">(</wf>
         <wf lemma="xabi_alonso" pos="NOUN">Xabi_Alonso</wf>
         <wf lemma="y" pos="X">y</wf>
         <wf lemma="sergio_ramos" pos="NOUN">Sergio_Ramos</wf>
         <wf lemma=")" pos="X">)</wf>
         <wf lemma="en" pos="X">en</wf>
         <wf lemma="el" pos="X">el</wf>
         <wf lemma="partido" pos="NOUN">partido</wf>
         <wf lemma="disputar" pos="VERB">disputado</wf>
         <wf lemma="el" pos="X">el</wf>
         <wf lemma="@card@" pos="X">23</wf>
         <wf lemma="de" pos="X">de</wf>
         <instance id="d000.s341.t001" lemma="noviembre" pos="NOUN">noviembre</instance>
         <wf lemma="contra" pos="X">contra</wf>
         <wf lemma="el" pos="X">el</wf>
         <wf lemma="Ajax" pos="NOUN">Ajax</wf>
         <wf lemma="en" pos="X">en</wf>
         <wf lemma="el" pos="X">la</wf>
         <wf lemma="liga_de_campeones" pos="NOUN">Liga_de_Campeones</wf>
         <wf lemma="haber" pos="VERB">ha</wf>
         <wf lemma="provocar" pos="VERB">provocado</wf>
         <wf lemma="que" pos="X">que</wf>
         <wf lemma="se" pos="X">se</wf>
         <wf lemma="escribir" pos="VERB">escriban</wf>
         <instance id="d000.s341.t002" lemma="río" pos="NOUN">ríos</instance>
         <wf lemma="de" pos="X">de</wf>
         <instance id="d000.s341.t003" lemma="tinta" pos="NOUN">tinta</instance>
         <wf lemma="acercar" pos="VERB">acerca</wf>
         <wf lemma="de" pos="X">de</wf>
         <wf lemma="si" pos="X">si</wf>
         <wf lemma="tal" pos="X">tal</wf>
         <instance id="d000.s341.t004" lemma="comportamiento" pos="NOUN">comportamiento</instance>
         <wf lemma="ser" pos="VERB">es</wf>
         <wf lemma="o" pos="X">o</wf>
         <wf lemma="no" pos="NOUN">no</wf>
         <wf lemma="antideportivo" pos="ADJ">antideportivo</wf>
         <wf lemma="y" pos="X">y</wf>
         <wf lemma="si" pos="X">si</wf>
         <wf lemma="," pos="X">,</wf>
         <wf lemma="eventualmente" pos="ADV">eventualmente</wf>
         <wf lemma="," pos="X">,</wf>
         <wf lemma="ambo" pos="X">ambos</wf>
         <instance id="d000.s341.t005" lemma="jugador" pos="NOUN">jugadores</instance>
         <wf lemma="deber" pos="VERB">debían</wf>
         <wf lemma="ser" pos="VERB">ser</wf>
         <wf lemma="sancionar" pos="VERB">sancionados</wf>
         <wf lemma="por" pos="X">por</wf>
         <wf lemma="el" pos="X">la</wf>
         <wf lemma="UEFA" pos="NOUN">UEFA</wf>
         <wf lemma="." pos="X">.</wf>
      </sentence>
      <sentence id="d000.s342" source="semeval2013-es">
         <wf lemma="el" pos="X">El</wf>
         <wf lemma="Baskonia" pos="NOUN">Baskonia</wf>
         <wf lemma="se" pos="X">se</wf>
         <wf lemma="regalar" pos="VERB">regala</wf>
         <wf lemma="un" pos="X">una</wf>
         <instance id="d000.s342.t000" lemma="victoria" pos="NOUN">victoria</instance>
         <wf lemma="en" pos="X">en</wf>
         <instance id="d000.s342.t001" lemma="Israel" pos="NOUN">Israel</instance>
      </sentence>
      <sentence id="d000.s343" source="semeval2013-es">
         <wf lemma="&quot;" pos="X">&quot;</wf>
         <wf lemma="él" pos="X">Sí</wf>
         <wf lemma="que" pos="X">que</wf>
         <wf lemma="sugerir" pos="VERB">sugiere</wf>
         <wf lemma="que" pos="X">que</wf>
         <wf lemma="poder" pos="VERB">podrían</wf>
         <wf lemma="existir" pos="VERB">existir</wf>
         <wf lemma="otro" pos="X">otros</wf>
         <instance id="d000.s343.t000" lemma="medio" pos="NOUN">medios</instance>
         <wf lemma="de" pos="X">de</wf>
         <wf lemma="generar" pos="VERB">generar</wf>
         <instance id="d000.s343.t001" lemma="vida" pos="NOUN">vida</instance>
         <wf lemma="," pos="X">,</wf>
         <wf lemma="no" pos="NOUN">no</wf>
         <wf lemma="solo" pos="ADJ">solo</wf>
         <wf lemma="el" pos="X">el</wf>
         <wf lemma="modo" pos="NOUN">modo</wf>
         <wf lemma="en" pos="X">en</wf>
         <wf lemma="que" pos="X">que</wf>
         <wf lemma="el" pos="X">la</wf>
         <instance id="d000.s343.t002" lemma="vida" pos="NOUN">vida</instance>
         <wf lemma="se" pos="X">se</wf>
         <wf lemma="formar" pos="VERB">formaba</wf>
         <wf lemma="en" pos="X">en</wf>
         <wf lemma="el" pos="X">la</wf>
         <instance id="d000.s343.t003" lemma="tierra" pos="NOUN">Tierra</instance>
         <wf lemma="antiguo" pos="ADV">antiguamente</wf>
         <wf lemma="&quot;" pos="X">&quot;</wf>
         <wf lemma="," pos="X">,</wf>
         <wf lemma="indicar" pos="VERB">indicó</wf>
         <wf lemma="Foster" pos="NOUN">Foster</wf>
         <wf lemma="," pos="X">,</wf>
         <wf lemma="que" pos="X">que</wf>
         <wf lemma="no" pos="NOUN">no</wf>
         <wf lemma="formar" pos="VERB">formaba</wf>
         <wf lemma="parte" pos="NOUN">parte</wf>
         <wf lemma="del" pos="X">del</wf>
         <instance id="d000.s343.t004" lemma="equipo" pos="NOUN">equipo</instance>
         <wf lemma="de" pos="X">de</wf>
         <instance id="d000.s343.t005" lemma="investigación" pos="NOUN">investigación</instance>
         <wf lemma="de" pos="X">de</wf>
         <wf lemma="Wolfe-Simon" pos="NOUN">Wolfe-Simon</wf>
         <wf lemma="." pos="X">.</wf>
      </sentence>
      <sentence id="d000.s344" source="semeval2015-es">
         <wf pos="X">El</wf>
         <instance id="d000.s344.t000" lemma="proyecto" pos="NOUN">proyecto</instance>
         <instance id="d000.s344.t001" lemma="tener" pos="VERB">tiene</instance>
         <wf pos="X">en</wf>
         <wf lemma="cuenta" pos="NOUN">cuenta</wf>
         <wf pos="X">,</wf>
         <wf pos="X">por</wf>
         <wf pos="X">otra</wf>
         <wf lemma="paite" pos="NOUN">paite</wf>
         <wf pos="X">,</wf>
         <wf pos="X">las</wf>
         <instance id="d000.s344.t002" lemma="iniciativa" pos="NOUN">iniciativas</instance>
         <wf pos="X">para</wf>
         <instance id="d000.s344.t003" lemma="luchar" pos="VERB">luchar</instance>
         <wf pos="X">contra</wf>
         <wf pos="X">esta</wf>
         <instance id="d000.s344.t004" lemma="clase" pos="NOUN">clase</instance>
         <wf pos="X">de</wf>
         <instance id="d000.s344.t005" lemma="discriminación" pos="NOUN">discriminación</instance>
         <wf pos="X">en</wf>
         <wf pos="X">las</wf>
         <instance id="d000.s344.t006" lemma="zona" pos="NOUN">zonas</instance>
         <instance id="d000.s344.t007" lemma="rural" pos="ADJ">rurales</instance>
         <wf pos="X">y</wf>
         <wf pos="X">en</wf>
         <wf pos="X">las</wf>
         <instance id="d000.s344.t008" lemma="pequeño" pos="ADJ">pequeñas</instance>
         <wf pos="X">y</wf>
         <instance id="d000.s344.t009" lemma="mediano" pos="ADJ">medianas</instance>
         <instance id="d000.s344.t010" lemma="empresa" pos="NOUN">empresas</instance>
         <wf pos="X">.</wf>
      </sentence>
      <sentence id="d000.s345" source="semeval2013-es">
         <wf lemma="el" pos="X">La</wf>
         <wf lemma="inspección" pos="NOUN">inspección</wf>
         <wf lemma="exigir" pos="VERB">exige</wf>
         <wf lemma="que" pos="X">que</wf>
         <wf lemma="el" pos="X">el</wf>
         <wf lemma="instituto" pos="NOUN">Instituto</wf>
         <wf lemma="de" pos="X">de</wf>
         <wf lemma="Frankfurt" pos="NOUN">Frankfurt</wf>
         <wf lemma="responder" pos="VERB">responda</wf>
         <wf lemma="de" pos="X">de</wf>
         <wf lemma="&quot;" pos="X">&quot;</wf>
         <wf lemma="el" pos="X">las</wf>
         <instance id="d000.s345.t000" lemma="pérdida" pos="NOUN">pérdidas</instance>
         <wf lemma="sustancial" pos="ADJ">sustanciales</wf>
         <wf lemma="&quot;" pos="X">&quot;</wf>
         <wf lemma="," pos="X">,</wf>
         <wf lemma="sin" pos="X">sin</wf>
         <wf lemma="nombrar" pos="VERB">nombrar</wf>
         <wf lemma="un" pos="X">una</wf>
         <wf lemma="cifra" pos="NOUN">cifra</wf>
         <wf lemma="exacto" pos="ADJ">exacta</wf>
         <wf lemma="." pos="X">.</wf>
      </sentence>
      <sentence id="d000.s346" source="semeval2015-es">
         <wf lemma="cerenia" pos="NOUN">Cerenia</wf>
         <wf lemma="no" pos="NOUN">no</wf>
         <wf lemma="presentar" pos="VERB">presenta</wf>
         <wf pos="X">ningún</wf>
         <wf lemma="riesgo" pos="NOUN">riesgo</wf>
         <wf lemma="especial" pos="ADJ">especial</wf>
         <wf pos="X">para</wf>
         <wf pos="X">el</wf>
         <instance id="d000.s346.t000" lemma="ser_humano" pos="NOUN">ser_humano</instance>
         <wf pos="X">.</wf>
      </sentence>
      <sentence id="d000.s347" source="semeval2013-es">
         <wf lemma="aunque" pos="X">Aunque</wf>
         <wf lemma="el" pos="X">la</wf>
         <wf lemma="frontera" pos="NOUN">frontera</wf>
         <wf lemma="entre" pos="X">entre</wf>
         <wf lemma="el" pos="X">el</wf>
         <instance id="d000.s347.t000" lemma="ingenio" pos="NOUN">ingenio</instance>
         <wf lemma="y" pos="X">y</wf>
         <wf lemma="el" pos="X">el</wf>
         <instance id="d000.s347.t001" lemma="fraude_de_ley" pos="NOUN">fraude_de_ley</instance>
         <wf lemma="ser" pos="VERB">es</wf>
         <wf lemma="difuso" pos="ADJ">difusa</wf>
         <wf lemma="," pos="X">,</wf>
         <wf lemma="en" pos="X">en</wf>
         <wf lemma="este" pos="X">esta</wf>
         <wf lemma="ocasión" pos="NOUN">ocasión</wf>
         <wf lemma="crear" pos="VERB">creo</wf>
         <wf lemma="que" pos="X">que</wf>
         <wf lemma="se" pos="X">se</wf>
         <wf lemma="tratar" pos="VERB">trató</wf>
         <wf lemma="de" pos="X">de</wf>
         <wf lemma="un" pos="X">un</wf>
         <wf lemma="caso" pos="NOUN">caso</wf>
         <wf lemma="claro" pos="ADJ">claro</wf>
         <wf lemma="de" pos="X">de</wf>
         <instance id="d000.s347.t002" lemma="ingenio" pos="NOUN">ingenio</instance>
         <wf lemma="." pos="X">.</wf>
      </sentence>
      <sentence id="d000.s348" source="semeval2015-es">
         <instance id="d000.s348.t000" lemma="ctrl" pos="NOUN">Ctrl</instance>
         <instance id="d000.s348.t001" lemma="n" pos="NOUN">N</instance>
         <wf lemma="nuevo" pos="NOUN">Nuevo</wf>
      </sentence>
      <sentence id="d000.s349" source="semeval2013-es">
         <wf lemma="el" pos="X">El</wf>
         <instance id="d000.s349.t000" lemma="goleador" pos="NOUN">goleador</instance>
         <wf lemma="histórico" pos="ADJ">histórico</wf>
         <wf lemma="de" pos="X">de</wf>
         <instance id="d000.s349.t001" lemma="españa" pos="NOUN">España</instance>
         <wf lemma="ser" pos="VERB">es</wf>
         <wf lemma="david_villa" pos="NOUN">David_Villa</wf>
         <wf lemma="," pos="X">,</wf>
         <wf lemma="con" pos="X">con</wf>
         <wf lemma="@card@" pos="X">50</wf>
         <wf lemma="diana" pos="NOUN">dianas</wf>
         <wf lemma="," pos="X">,</wf>
         <wf lemma="seguir" pos="VERB">seguido</wf>
         <wf lemma="por" pos="X">por</wf>
         <wf lemma="fernando_torres" pos="NOUN">Fernando_Torres</wf>
         <wf lemma="con" pos="X">con</wf>
         <wf lemma="@card@" pos="X">27</wf>
         <wf lemma="." pos="X">.</wf>
      </sentence>
      <sentence id="d000.s350" source="semeval2015-es">
         <wf lemma="poder" pos="VERB">Podremos</wf>
         <instance id="d000.s350.t000" lemma="usar" pos="VERB">usar</instance>
         <wf lemma="plus" pos="NOUN">plus()</wf>
         <wf pos="X">,</wf>
         <wf lemma="times" pos="NOUN">times()</wf>
         <wf pos="X">y</wf>
         <wf pos="X">cualquier</wf>
         <instance id="d000.s350.t001" lemma="cosa" pos="NOUN">cosa</instance>
         <wf pos="X">a la que</wf>
         <wf pos="X">le</wf>
         <instance id="d000.s350.t002" lemma="corresponder" pos="VERB">corresponda</instance>
         <wf pos="X">un</wf>
         <instance id="d000.s350.t003" lemma="operador" pos="NOUN">operador</instance>
         <wf pos="X">.</wf>
      </sentence>
      <sentence id="d000.s351" source="semeval2015-es">
         <wf lemma="¿cuáles" pos="ADJ">¿Cuáles</wf>
         <wf lemma="ser" pos="VERB">son</wf>
         <wf pos="X">los</wf>
         <instance id="d000.s351.t000" lemma="efecto_secundario" pos="NOUN">efectos_secundarios</instance>
         <wf pos="X">de</wf>
         <wf lemma="cerenia" pos="NOUN">Cerenia</wf>
         <wf pos="X">?</wf>
      </sentence>
      <sentence id="d000.s352" source="semeval2013-es">
         <wf lemma="el" pos="X">La</wf>
         <wf lemma="National" pos="NOUN">National</wf>
         <wf lemma="Credit" pos="NOUN">Credit</wf>
         <wf lemma="Union" pos="NOUN">Union</wf>
         <wf lemma="Administration" pos="NOUN">Administration</wf>
         <wf lemma="(" pos="X">(</wf>
         <wf lemma="NCUA" pos="ADJ">NCUA</wf>
         <wf lemma=")" pos="X">)</wf>
         <wf lemma="ser" pos="VERB">es</wf>
         <wf lemma="responsable" pos="ADJ">responsable</wf>
         <wf lemma="de" pos="X">de</wf>
         <wf lemma="el" pos="X">las</wf>
         <instance id="d000.s352.t000" lemma="cooperativa_de_crédito" pos="NOUN">cooperativas_de_crédito</instance>
         <wf lemma="de" pos="X">de</wf>
         <wf lemma="el" pos="X">los</wf>
         <instance id="d000.s352.t001" lemma="EE.UU." pos="NOUN">EE.UU.</instance>
         <wf lemma="y" pos="X">y</wf>
         <wf lemma="prestar" pos="VERB">presta</wf>
         <wf lemma="apoyo" pos="NOUN">apoyo</wf>
         <wf lemma="en" pos="X">en</wf>
         <wf lemma="caso" pos="NOUN">caso</wf>
         <wf lemma="de" pos="X">de</wf>
         <instance id="d000.s352.t002" lemma="quiebra" pos="NOUN">quiebra</instance>
         <wf lemma="para" pos="X">para</wf>
         <wf lemma="proteger" pos="VERB">proteger</wf>
         <wf lemma="el" pos="X">las</wf>
         <instance id="d000.s352.t003" lemma="inversión" pos="NOUN">inversiones</instance>
         <wf lemma="de" pos="X">de</wf>
         <instance id="d000.s352.t004" lemma="cliente" pos="NOUN">clientes</instance>
         <wf lemma="." pos="X">.</wf>
      </sentence>
      <sentence id="d000.s353" source="semeval2013-es">
         <wf lemma="al" pos="X">Al</wf>
         <wf lemma="final" pos="NOUN">final</wf>
         <wf lemma="," pos="X">,</wf>
         <wf lemma="decir" pos="VERB">dice</wf>
         <wf lemma="el" pos="X">la</wf>
         <wf lemma="defensa" pos="NOUN">defensa</wf>
         <wf lemma="," pos="X">,</wf>
         <wf lemma="haber" pos="VERB">había</wf>
         <wf lemma="más" pos="ADV">más</wf>
         <wf lemma="de" pos="X">de</wf>
         <wf lemma="@card@" pos="X">140.000</wf>
         <instance id="d000.s353.t000" lemma="mensaje" pos="NOUN">mensajes</instance>
         <wf lemma="de" pos="X">de</wf>
         <wf lemma="Twitter" pos="NOUN">Twitter</wf>
         <wf lemma="sobre" pos="X">sobre</wf>
         <wf lemma="el" pos="X">el</wf>
         <wf lemma="proceso" pos="NOUN">proceso</wf>
         <wf lemma="que" pos="X">que</wf>
         <wf lemma="abordar" pos="VERB">abordó</wf>
         <wf lemma="el" pos="X">la</wf>
         <instance id="d000.s353.t001" lemma="violación" pos="NOUN">violación</instance>
         <wf lemma="y" pos="X">y</wf>
         <wf lemma="el" pos="X">los</wf>
         <instance id="d000.s353.t002" lemma="niño" pos="NOUN">niños</instance>
         <wf lemma="atar" pos="VERB">atados</wf>
         <wf lemma="a" pos="X">a</wf>
         <wf lemma="suyo" pos="X">sus</wf>
         <instance id="d000.s353.t003" lemma="cama" pos="NOUN">camas</instance>
         <wf lemma="en" pos="X">en</wf>
         <wf lemma="un" pos="X">una</wf>
         <instance id="d000.s353.t004" lemma="casa" pos="NOUN">casa</instance>
         <wf lemma="que" pos="X">que</wf>
         <wf lemma="ser" pos="VERB">fue</wf>
         <wf lemma="prender" pos="VERB">prendida</wf>
         <instance id="d000.s353.t005" lemma="fuego" pos="NOUN">fuego</instance>
         <wf lemma="." pos="X">.</wf>
      </sentence>
      <sentence id="d000.s354" source="semeval2015-es">
         <instance id="d000.s354.t000" lemma="aquí" pos="ADV">Aquí</instance>
         <instance id="d000.s354.t001" lemma="tener" pos="VERB">tiene</instance>
         <wf pos="X">una</wf>
         <instance id="d000.s354.t002" lemma="lista" pos="NOUN">lista</instance>
         <wf pos="X">de</wf>
         <wf pos="X">las</wf>
         <instance id="d000.s354.t003" lemma="variable" pos="NOUN">variables</instance>
         <wf lemma="declarar" pos="VERB">declaradas</wf>
         <wf pos="X">.</wf>
      </sentence>
      <sentence id="d000.s355" source="semeval2015-es">
         <wf lemma="cómo" pos="ADV">¿Cómo</wf>
         <instance id="d000.s355.t000" lemma="actuar" pos="VERB">actúa</instance>
         <wf lemma="alimta" pos="NOUN">Alimta</wf>
         <wf pos="X">?</wf>
      </sentence>
      <sentence id="d000.s356" source="semeval2013-es">
         <wf lemma="más" pos="ADV">Más</wf>
         <instance id="d000.s356.t000" lemma="inconveniente" pos="NOUN">inconvenientes</instance>
      </sentence>
      <sentence id="d000.s357" source="semeval2015-es">
         <wf lemma="por_el_contrario" pos="ADV">Por el contrario</wf>
         <wf pos="X">,</wf>
         <wf pos="X">los</wf>
         <instance id="d000.s357.t000" lemma="paciente" pos="NOUN">pacientes</instance>
         <wf pos="X">cuyo</wf>
         <instance id="d000.s357.t001" lemma="cáncer" pos="NOUN">cáncer</instance>
         <wf lemma="estar" pos="VERB">estaba</wf>
         <instance id="d000.s357.t002" lemma="afectar" pos="VERB">afectando</instance>
         <wf pos="X">a</wf>
         <wf pos="X">las</wf>
         <instance id="d000.s357.t003" lemma="célula" pos="NOUN">células</instance>
         <wf lemma="escamosas" pos="ADJ">escamosas</wf>
         <instance id="d000.s357.t004" lemma="presentar" pos="VERB">presentaron</instance>
         <instance id="d000.s357.t005" lemma="tiempo" pos="NOUN">tiempos</instance>
         <wf pos="X">de</wf>
         <instance id="d000.s357.t006" lemma="supervivencia" pos="NOUN">supervivencia</instance>
         <instance id="d000.s357.t007" lemma="más" pos="ADV">más</instance>
         <instance id="d000.s357.t008" lemma="breve" pos="ADJ">breve</instance>
         <wf pos="X">si</wf>
         <wf pos="X">se</wf>
         <wf pos="X">les</wf>
         <instance id="d000.s357.t009" lemma="tratar" pos="VERB">trataba</instance>
         <wf pos="X">con</wf>
         <wf lemma="alimta" pos="NOUN">Alimta</wf>
         <wf pos="X">.</wf>
      </sentence>
   </text>
</corpus>
