<?xml version="1.0" encoding="UTF-8"?>
<corpus lang="sl" name="test-sl" sources="wordnet-slovenian">
   <text id="d000">
      <sentence id="d000.s000" source="wordnet-slovenian">
         <wf lemma="Svojega" pos="X">Svojega</wf>
         <wf lemma="bogatega" pos="X">bogatega</wf>
         <wf lemma="nogometnega" pos="X">nogometnega</wf>
         <wf lemma="znanja" pos="X">znanja</wf>
         <wf lemma="prav" pos="X">prav</wf>
         <wf lemma="tako" pos="X">tako</wf>
         <wf lemma="ne" pos="X">ne</wf>
         <wf lemma="bo" pos="X">bo</wf>
         <wf lemma="več" pos="X">več</wf>
         <wf lemma="prikazoval" pos="X">prikazoval</wf>
         <wf lemma="na" pos="X">na</wf>
         <wf lemma="slovenskih" pos="X">slovenskih</wf>
         <wf lemma="zelenicah" pos="X">zelenicah</wf>
         <wf lemma="," pos="X">,</wf>
         <wf lemma="temveč" pos="X">temveč</wf>
         <wf lemma="zelo" pos="X">zelo</wf>
         <wf lemma="verjetno" pos="X">verjetno</wf>
         <wf lemma="na" pos="X">na</wf>
         <wf lemma="Hrvaškem" pos="X">Hrvaškem</wf>
         <wf lemma="pri" pos="X">pri</wf>
         <wf lemma="Inkerju" pos="X">Inkerju</wf>
         <wf lemma="," pos="X">,</wf>
         <wf lemma="s" pos="X">s</wf>
         <wf lemma="katerim" pos="X">katerim</wf>
         <wf lemma="naj" pos="X">naj</wf>
         <wf lemma="bi" pos="X">bi</wf>
         <wf lemma="v" pos="X">v</wf>
         <wf lemma="teh" pos="X">teh</wf>
         <instance id="d000.s000.t000" lemma="dan" pos="NOUN">dneh</instance>
         <wf lemma="podpisal" pos="X">podpisal</wf>
         <wf lemma="svojo" pos="X">svojo</wf>
         <wf lemma="bržčas" pos="X">bržčas</wf>
         <wf lemma="zadnjo" pos="X">zadnjo</wf>
         <wf lemma="pogodbo" pos="X">pogodbo</wf>
         <wf lemma="v" pos="X">v</wf>
         <wf lemma="dolgoletni" pos="X">dolgoletni</wf>
         <wf lemma="karieri" pos="X">karieri</wf>
         <wf lemma="." pos="X">.</wf>
      </sentence>
      <sentence id="d000.s001" source="wordnet-slovenian">
         <wf lemma="Oni" pos="X">Oni</wf>
         <wf lemma="so" pos="X">so</wf>
         <wf lemma="že" pos="X">že</wf>
         <wf lemma="dolgo" pos="X">dolgo</wf>
         <wf lemma="tam" pos="X">tam</wf>
         <wf lemma="," pos="X">,</wf>
         <wf lemma="poznajo" pos="X">poznajo</wf>
         <wf lemma="pravila" pos="X">pravila</wf>
         <instance id="d000.s001.t000" lemma="igra" pos="NOUN">igre</instance>
         <wf lemma="." pos="X">.</wf>
      </sentence>
      <sentence id="d000.s002" source="wordnet-slovenian">
         <wf lemma="Virk" pos="X">Virk</wf>
         <wf lemma="," pos="X">,</wf>
         <wf lemma="Tomo" pos="X">Tomo</wf>
         <wf lemma=":" pos="X">:</wf>
         <wf lemma="»" pos="X">»</wf>
         <instance id="d000.s002.t000" lemma="čas" pos="NOUN">Čas</instance>
         <wf lemma="kratke" pos="X">kratke</wf>
         <wf lemma="zgodbe" pos="X">zgodbe</wf>
         <wf lemma="«" pos="X">«</wf>
         <wf lemma="." pos="X">.</wf>
      </sentence>
      <sentence id="d000.s003" source="wordnet-slovenian">
         <wf lemma="Muzej" pos="X">Muzej</wf>
         <wf lemma="je" pos="X">je</wf>
         <wf lemma="teritorialno" pos="X">teritorialno</wf>
         <wf lemma="pokrival" pos="X">pokrival</wf>
         <wf lemma="ozemlje" pos="X">ozemlje</wf>
         <wf lemma="današnje" pos="X">današnje</wf>
         <wf lemma="Koroške" pos="X">Koroške</wf>
         <wf lemma="v" pos="X">v</wf>
         <wf lemma="Republiki" pos="X">Republiki</wf>
         <wf lemma="Sloveniji" pos="X">Sloveniji</wf>
         <wf lemma="(" pos="X">(</wf>
         <instance id="d000.s003.t000" lemma="območje" pos="NOUN">območje</instance>
         <wf lemma="Mežiške" pos="X">Mežiške</wf>
         <wf lemma="," pos="X">,</wf>
         <wf lemma="Mislinjske" pos="X">Mislinjske</wf>
         <wf lemma="in" pos="X">in</wf>
         <wf lemma="zgornji" pos="X">zgornji</wf>
         <wf lemma="del" pos="X">del</wf>
         <wf lemma="Dravske" pos="X">Dravske</wf>
         <wf lemma="doline" pos="X">doline</wf>
         <wf lemma=")" pos="X">)</wf>
         <wf lemma="in" pos="X">in</wf>
         <wf lemma="zamejsko" pos="X">zamejsko</wf>
         <wf lemma="Koroško" pos="X">Koroško</wf>
         <wf lemma="," pos="X">,</wf>
         <wf lemma="kjer" pos="X">kjer</wf>
         <wf lemma="živijo" pos="X">živijo</wf>
         <wf lemma="Koroški" pos="X">Koroški</wf>
         <wf lemma="Slovenci" pos="X">Slovenci</wf>
         <wf lemma="." pos="X">.</wf>
      </sentence>
      <sentence id="d000.s004" source="wordnet-slovenian">
         <wf lemma="Čez" pos="X">Čez</wf>
         <wf lemma="nekaj" pos="X">nekaj</wf>
         <instance id="d000.s004.t000" lemma="mesec" pos="NOUN">mesecev</instance>
         <wf lemma="pa" pos="X">pa</wf>
         <wf lemma="se" pos="X">se</wf>
         <wf lemma="je" pos="X">je</wf>
         <wf lemma="odločil" pos="X">odločil</wf>
         <wf lemma="," pos="X">,</wf>
         <wf lemma="da" pos="X">da</wf>
         <wf lemma="se" pos="X">se</wf>
         <wf lemma="dresure" pos="X">dresure</wf>
         <wf lemma="in" pos="X">in</wf>
         <wf lemma="preskakovanja" pos="X">preskakovanja</wf>
         <wf lemma="zaprek" pos="X">zaprek</wf>
         <wf lemma="ne" pos="X">ne</wf>
         <wf lemma="bo" pos="X">bo</wf>
         <wf lemma="več" pos="X">več</wf>
         <wf lemma="šel" pos="X">šel</wf>
         <wf lemma="," pos="X">,</wf>
         <wf lemma="zato" pos="X">zato</wf>
         <wf lemma="se" pos="X">se</wf>
         <wf lemma="je" pos="X">je</wf>
         <wf lemma="ob" pos="X">ob</wf>
         <wf lemma="vsakem" pos="X">vsakem</wf>
         <wf lemma="poskusu" pos="X">poskusu</wf>
         <wf lemma="lastnic" pos="X">lastnic</wf>
         <wf lemma="," pos="X">,</wf>
         <wf lemma="da" pos="X">da</wf>
         <wf lemma="bi" pos="X">bi</wf>
         <wf lemma="začeli" pos="X">začeli</wf>
         <wf lemma="s" pos="X">s</wf>
         <wf lemma="treningom" pos="X">treningom</wf>
         <wf lemma="," pos="X">,</wf>
         <wf lemma="enostavno" pos="X">enostavno</wf>
         <wf lemma="usedel" pos="X">usedel</wf>
         <wf lemma="na" pos="X">na</wf>
         <wf lemma="zadnje" pos="X">zadnje</wf>
         <wf lemma="noge" pos="X">noge</wf>
         <wf lemma="ter" pos="X">ter</wf>
         <wf lemma="obsedel" pos="X">obsedel</wf>
         <wf lemma="v" pos="X">v</wf>
         <wf lemma="idealni" pos="X">idealni</wf>
         <wf lemma="pozi" pos="X">pozi</wf>
         <wf lemma="cirkuškega" pos="X">cirkuškega</wf>
         <wf lemma="konja" pos="X">konja</wf>
         <wf lemma="." pos="X">.</wf>
      </sentence>
      <sentence id="d000.s005" source="wordnet-slovenian">
         <wf lemma="&quot;" pos="X">&quot;</wf>
         <wf lemma="Stal" pos="X">Stal</wf>
         <wf lemma="sem" pos="X">sem</wf>
         <wf lemma="med" pos="X">med</wf>
         <wf lemma="Rudolfom" pos="X">Rudolfom</wf>
         <wf lemma="in" pos="X">in</wf>
         <wf lemma="med" pos="X">med</wf>
         <instance id="d000.s005.t000" lemma="vrata" pos="NOUN">vrati</instance>
         <wf lemma="." pos="X">.</wf>
      </sentence>
      <sentence id="d000.s006" source="wordnet-slovenian">
         <wf lemma="Na" pos="X">Na</wf>
         <instance id="d000.s006.t000" lemma="dan" pos="NOUN">dan</instance>
         <wf lemma="so" pos="X">so</wf>
         <wf lemma="otroci" pos="X">otroci</wf>
         <wf lemma="potegnili" pos="X">potegnili</wf>
         <wf lemma="le" pos="X">le</wf>
         <wf lemma="paštetko" pos="X">paštetko</wf>
         <wf lemma="," pos="X">,</wf>
         <wf lemma="kuli" pos="X">kuli</wf>
         <wf lemma="in" pos="X">in</wf>
         <wf lemma="rumeno" pos="X">rumeno</wf>
         <wf lemma="majico" pos="X">majico</wf>
         <wf lemma="," pos="X">,</wf>
         <wf lemma="nikjer" pos="X">nikjer</wf>
         <wf lemma="pa" pos="X">pa</wf>
         <wf lemma="ni" pos="X">ni</wf>
         <wf lemma="bilo" pos="X">bilo</wf>
         <wf lemma="pričakovane" pos="X">pričakovane</wf>
         <wf lemma="," pos="X">,</wf>
         <wf lemma="niti" pos="X">niti</wf>
         <wf lemma="tiste" pos="X">tiste</wf>
         <wf lemma="najmanjše" pos="X">najmanjše</wf>
         <wf lemma="," pos="X">,</wf>
         <wf lemma="med" pos="X">med</wf>
         <wf lemma="otroki" pos="X">otroki</wf>
         <wf lemma="zelo" pos="X">zelo</wf>
         <wf lemma="priljubljene" pos="X">priljubljene</wf>
         <wf lemma="klobase" pos="X">klobase</wf>
         <wf lemma="Poli" pos="X">Poli</wf>
         <wf lemma="." pos="X">.</wf>
      </sentence>
      <sentence id="d000.s007" source="wordnet-slovenian">
         <wf lemma="Namesto" pos="X">Namesto</wf>
         <wf lemma="da" pos="X">da</wf>
         <wf lemma="bi" pos="X">bi</wf>
         <wf lemma="posredovali" pos="X">posredovali</wf>
         <wf lemma="tajno" pos="X">tajno</wf>
         <wf lemma="in" pos="X">in</wf>
         <wf lemma="hitro" pos="X">hitro</wf>
         <wf lemma="kot" pos="X">kot</wf>
         <wf lemma="npr." pos="X">npr.</wf>
         <wf lemma="kriminalisti" pos="X">kriminalisti</wf>
         <wf lemma="," pos="X">,</wf>
         <wf lemma="se" pos="X">se</wf>
         <wf lemma="šele" pos="X">šele</wf>
         <wf lemma="čez" pos="X">čez</wf>
         <wf lemma="dalj" pos="X">dalj</wf>
         <instance id="d000.s007.t000" lemma="čas" pos="NOUN">časa</instance>
         <wf lemma="odzovejo" pos="X">odzovejo</wf>
         <wf lemma="na" pos="X">na</wf>
         <wf lemma="intervencijski" pos="X">intervencijski</wf>
         <wf lemma="klic" pos="X">klic</wf>
         <wf lemma="z" pos="X">z</wf>
         <wf lemma="»" pos="X">»</wf>
         <wf lemma="marico" pos="X">marico</wf>
         <wf lemma="«" pos="X">«</wf>
         <wf lemma="," pos="X">,</wf>
         <wf lemma="na" pos="X">na</wf>
         <wf lemma="kateri" pos="X">kateri</wf>
         <wf lemma="na" pos="X">na</wf>
         <wf lemma="veliko" pos="X">veliko</wf>
         <wf lemma="piše" pos="X">piše</wf>
         <wf lemma="Policija" pos="X">Policija</wf>
         <wf lemma="," pos="X">,</wf>
         <wf lemma="pri" pos="X">pri</wf>
         <wf lemma="tem" pos="X">tem</wf>
         <wf lemma="pa" pos="X">pa</wf>
         <wf lemma="v" pos="X">v</wf>
         <wf lemma="veliko" pos="X">veliko</wf>
         <wf lemma="veselje" pos="X">veselje</wf>
         <wf lemma="objestnih" pos="X">objestnih</wf>
         <wf lemma="razgrajačev" pos="X">razgrajačev</wf>
         <wf lemma="še" pos="X">še</wf>
         <wf lemma="pojačajo" pos="X">pojačajo</wf>
         <wf lemma="žaromete" pos="X">žaromete</wf>
         <wf lemma="," pos="X">,</wf>
         <wf lemma="tako" pos="X">tako</wf>
         <wf lemma="da" pos="X">da</wf>
         <wf lemma="jih" pos="X">jih</wf>
         <wf lemma="že" pos="X">že</wf>
         <wf lemma="od" pos="X">od</wf>
         <wf lemma="daleč" pos="X">daleč</wf>
         <wf lemma="opazijo" pos="X">opazijo</wf>
         <wf lemma="in" pos="X">in</wf>
         <wf lemma="se" pos="X">se</wf>
         <wf lemma="pravočasno" pos="X">pravočasno</wf>
         <wf lemma="poskrijejo" pos="X">poskrijejo</wf>
         <wf lemma="," pos="X">,</wf>
         <wf lemma="po" pos="X">po</wf>
         <wf lemma="njihovem" pos="X">njihovem</wf>
         <wf lemma="odhodu" pos="X">odhodu</wf>
         <wf lemma="pa" pos="X">pa</wf>
         <wf lemma="nadaljujejo" pos="X">nadaljujejo</wf>
         <wf lemma="svoj" pos="X">svoj</wf>
         <wf lemma="peklenski" pos="X">peklenski</wf>
         <wf lemma="ples" pos="X">ples</wf>
         <wf lemma="petard" pos="X">petard</wf>
         <wf lemma="." pos="X">.</wf>
      </sentence>
      <sentence id="d000.s008" source="wordnet-slovenian">
         <wf lemma="Preden" pos="X">Preden</wf>
         <wf lemma="prideta" pos="X">prideta</wf>
         <wf lemma="drugi" pos="X">drugi</wf>
         <wf lemma="in" pos="X">in</wf>
         <wf lemma="morda" pos="X">morda</wf>
         <wf lemma="tretji" pos="X">tretji</wf>
         <instance id="d000.s008.t000" lemma="otrok" pos="NOUN">otrok</instance>
         <wf lemma="," pos="X">,</wf>
         <wf lemma="so" pos="X">so</wf>
         <wf lemma="prvorojenci" pos="X">prvorojenci</wf>
         <wf lemma="kakor" pos="X">kakor</wf>
         <wf lemma="edinci" pos="X">edinci</wf>
         <wf lemma="in" pos="X">in</wf>
         <wf lemma="uživajo" pos="X">uživajo</wf>
         <wf lemma="vse" pos="X">vse</wf>
         <wf lemma="njihove" pos="X">njihove</wf>
         <wf lemma="prednosti" pos="X">prednosti</wf>
         <wf lemma="." pos="X">.</wf>
      </sentence>
      <sentence id="d000.s009" source="wordnet-slovenian">
         <wf lemma="O" pos="X">O</wf>
         <wf lemma="sami" pos="X">sami</wf>
         <wf lemma="religiji" pos="X">religiji</wf>
         <wf lemma="se" pos="X">se</wf>
         <wf lemma="je" pos="X">je</wf>
         <wf lemma="ohranilo" pos="X">ohranilo</wf>
         <wf lemma="le" pos="X">le</wf>
         <wf lemma="nekaj" pos="X">nekaj</wf>
         <instance id="d000.s009.t000" lemma="podatek" pos="NOUN">podatkov</instance>
         <wf lemma=":" pos="X">:</wf>
         <wf lemma="verniki" pos="X">verniki</wf>
         <wf lemma="ob" pos="X">ob</wf>
         <wf lemma="spoznavanju" pos="X">spoznavanju</wf>
         <wf lemma="verskih" pos="X">verskih</wf>
         <wf lemma="resnic" pos="X">resnic</wf>
         <wf lemma="napredujejo" pos="X">napredujejo</wf>
         <wf lemma="po" pos="X">po</wf>
         <wf lemma="lestvici" pos="X">lestvici</wf>
         <wf lemma="sedmih" pos="X">sedmih</wf>
         <wf lemma="stopenj" pos="X">stopenj</wf>
         <wf lemma="," pos="X">,</wf>
         <wf lemma="vsaki" pos="X">vsaki</wf>
         <wf lemma="pripada" pos="X">pripada</wf>
         <wf lemma="eden" pos="X">eden</wf>
         <wf lemma="izmed" pos="X">izmed</wf>
         <wf lemma="planetov" pos="X">planetov</wf>
         <wf lemma="." pos="X">.</wf>
      </sentence>
      <sentence id="d000.s010" source="wordnet-slovenian">
         <wf lemma="Ustrezna" pos="X">Ustrezna</wf>
         <instance id="d000.s010.t000" lemma="uporaba" pos="NOUN">uporaba</instance>
         <wf lemma="Priloge" pos="X">Priloge</wf>
         <wf lemma="k" pos="X">k</wf>
         <wf lemma="diplomi" pos="X">diplomi</wf>
         <wf lemma="je" pos="X">je</wf>
         <wf lemma="sredstvo" pos="X">sredstvo</wf>
         <wf lemma="," pos="X">,</wf>
         <wf lemma="ki" pos="X">ki</wf>
         <wf lemma="pospešuje" pos="X">pospešuje</wf>
         <wf lemma="ta" pos="X">ta</wf>
         <wf lemma="proces" pos="X">proces</wf>
         <wf lemma="." pos="X">.</wf>
      </sentence>
      <sentence id="d000.s011" source="wordnet-slovenian">
         <wf lemma="Mama" pos="X">Mama</wf>
         <wf lemma="in" pos="X">in</wf>
         <instance id="d000.s011.t000" lemma="oče" pos="NOUN">oče</instance>
         <wf lemma="tudi" pos="X">tudi</wf>
         <wf lemma="." pos="X">.</wf>
      </sentence>
      <sentence id="d000.s012" source="wordnet-slovenian">
         <wf lemma="-" pos="X">-</wf>
         <wf lemma="Balzam" pos="X">Balzam</wf>
         <wf lemma="za" pos="X">za</wf>
         <wf lemma="ustnice" pos="X">ustnice</wf>
         <wf lemma="z" pos="X">z</wf>
         <wf lemma="zaščitnim" pos="X">zaščitnim</wf>
         <wf lemma="faktorjem" pos="X">faktorjem</wf>
         <wf lemma="nikar" pos="X">nikar</wf>
         <wf lemma="ne" pos="X">ne</wf>
         <wf lemma="pozabite" pos="X">pozabite</wf>
         <wf lemma="na" pos="X">na</wf>
         <wf lemma="kožo" pos="X">kožo</wf>
         <wf lemma="na" pos="X">na</wf>
         <wf lemma="tem" pos="X">tem</wf>
         <wf lemma="občutljivem" pos="X">občutljivem</wf>
         <instance id="d000.s012.t000" lemma="mesto" pos="NOUN">mestu</instance>
         <wf lemma="." pos="X">.</wf>
      </sentence>
      <sentence id="d000.s013" source="wordnet-slovenian">
         <wf lemma="Prav" pos="X">Prav</wf>
         <wf lemma="je" pos="X">je</wf>
         <wf lemma="," pos="X">,</wf>
         <wf lemma="da" pos="X">da</wf>
         <wf lemma="so" pos="X">so</wf>
         <wf lemma="za" pos="X">za</wf>
         <wf lemma="tak" pos="X">tak</wf>
         <wf lemma="dogodek" pos="X">dogodek</wf>
         <wf lemma="zaprli" pos="X">zaprli</wf>
         <instance id="d000.s013.t000" lemma="cesta" pos="NOUN">cesto</instance>
         <wf lemma="," pos="X">,</wf>
         <wf lemma="saj" pos="X">saj</wf>
         <wf lemma="če" pos="X">če</wf>
         <wf lemma="jo" pos="X">jo</wf>
         <wf lemma="za" pos="X">za</wf>
         <wf lemma="vsako" pos="X">vsako</wf>
         <wf lemma="kolesarsko" pos="X">kolesarsko</wf>
         <wf lemma="dirko" pos="X">dirko</wf>
         <wf lemma="," pos="X">,</wf>
         <wf lemma="jo" pos="X">jo</wf>
         <wf lemma="lahko" pos="X">lahko</wf>
         <wf lemma="tudi" pos="X">tudi</wf>
         <wf lemma="za" pos="X">za</wf>
         <wf lemma="četvorko" pos="X">četvorko</wf>
         <wf lemma="," pos="X">,</wf>
         <wf lemma="je" pos="X">je</wf>
         <wf lemma="bila" pos="X">bila</wf>
         <wf lemma="zadovoljna" pos="X">zadovoljna</wf>
         <wf lemma="Andreja" pos="X">Andreja</wf>
         <wf lemma="Babnik" pos="X">Babnik</wf>
         <wf lemma="." pos="X">.</wf>
      </sentence>
      <sentence id="d000.s014" source="wordnet-slovenian">
         <wf lemma="Charlieja" pos="X">Charlieja</wf>
         <wf lemma="pokliče" pos="X">pokliče</wf>
         <wf lemma="Liz" pos="X">Liz</wf>
         <wf lemma="Solane" pos="X">Solane</wf>
         <wf lemma="," pos="X">,</wf>
         <wf lemma="ki" pos="X">ki</wf>
         <wf lemma="v" pos="X">v</wf>
         <wf lemma="Callawayevi" pos="X">Callawayevi</wf>
         <wf lemma="pisarni" pos="X">pisarni</wf>
         <wf lemma="končuje" pos="X">končuje</wf>
         <instance id="d000.s014.t000" lemma="delo" pos="NOUN">delo</instance>
         <wf lemma="." pos="X">.</wf>
      </sentence>
      <sentence id="d000.s015" source="wordnet-slovenian">
         <wf lemma="Seveda" pos="X">Seveda</wf>
         <wf lemma="besedilo" pos="X">besedilo</wf>
         <wf lemma="," pos="X">,</wf>
         <wf lemma="ki" pos="X">ki</wf>
         <wf lemma="je" pos="X">je</wf>
         <wf lemma="sicer" pos="X">sicer</wf>
         <wf lemma="izhodišče" pos="X">izhodišče</wf>
         <wf lemma="gledališke" pos="X">gledališke</wf>
         <instance id="d000.s015.t000" lemma="igra" pos="NOUN">igre</instance>
         <wf lemma="," pos="X">,</wf>
         <wf lemma="ne" pos="X">ne</wf>
         <wf lemma="sme" pos="X">sme</wf>
         <wf lemma="postati" pos="X">postati</wf>
         <wf lemma="igračka" pos="X">igračka</wf>
         <wf lemma="in" pos="X">in</wf>
         <wf lemma="predmet" pos="X">predmet</wf>
         <wf lemma="samovoljnih" pos="X">samovoljnih</wf>
         <wf lemma="interpretativnih" pos="X">interpretativnih</wf>
         <wf lemma="izmišljanj" pos="X">izmišljanj</wf>
         <wf lemma="in" pos="X">in</wf>
         <wf lemma="briljiranj" pos="X">briljiranj</wf>
         <wf lemma="," pos="X">,</wf>
         <wf lemma="ki" pos="X">ki</wf>
         <wf lemma="jim" pos="X">jim</wf>
         <wf lemma="dijaki" pos="X">dijaki</wf>
         <wf lemma="," pos="X">,</wf>
         <wf lemma="tudi" pos="X">tudi</wf>
         <wf lemma="v" pos="X">v</wf>
         <wf lemma="strahu" pos="X">strahu</wf>
         <wf lemma="pred" pos="X">pred</wf>
         <wf lemma="oceno" pos="X">oceno</wf>
         <wf lemma="," pos="X">,</wf>
         <wf lemma="navadno" pos="X">navadno</wf>
         <wf lemma="le" pos="X">le</wf>
         <wf lemma="tiho" pos="X">tiho</wf>
         <wf lemma="kimajo" pos="X">kimajo</wf>
         <wf lemma="in" pos="X">in</wf>
         <wf lemma="jih" pos="X">jih</wf>
         <wf lemma="ponavljajo" pos="X">ponavljajo</wf>
         <wf lemma="," pos="X">,</wf>
         <wf lemma="ne" pos="X">ne</wf>
         <wf lemma="da" pos="X">da</wf>
         <wf lemma="bi" pos="X">bi</wf>
         <wf lemma="jih" pos="X">jih</wf>
         <wf lemma="razumeli" pos="X">razumeli</wf>
         <wf lemma="." pos="X">.</wf>
      </sentence>
      <sentence id="d000.s016" source="wordnet-slovenian">
         <wf lemma="Mojo" pos="X">Mojo</wf>
         <wf lemma="agentko" pos="X">agentko</wf>
         <wf lemma="je" pos="X">je</wf>
         <wf lemma="vprašala" pos="X">vprašala</wf>
         <wf lemma="," pos="X">,</wf>
         <wf lemma="ali" pos="X">ali</wf>
         <wf lemma="bi" pos="X">bi</wf>
         <wf lemma="bila" pos="X">bila</wf>
         <wf lemma="jaz" pos="X">jaz</wf>
         <wf lemma="pripravljena" pos="X">pripravljena</wf>
         <wf lemma="spremeniti" pos="X">spremeniti</wf>
         <wf lemma="nekaj" pos="X">nekaj</wf>
         <instance id="d000.s016.t000" lemma="beseda" pos="NOUN">besed</instance>
         <wf lemma="." pos="X">.</wf>
      </sentence>
      <sentence id="d000.s017" source="wordnet-slovenian">
         <wf lemma="Združitev" pos="X">Združitev</wf>
         <wf lemma="za" pos="X">za</wf>
         <wf lemma="kulturno" pos="X">kulturno</wf>
         <wf lemma="demokracijo" pos="X">demokracijo</wf>
         <wf lemma="(" pos="X">(</wf>
         <wf lemma="RCD" pos="X">RCD</wf>
         <wf lemma=")" pos="X">)</wf>
         <wf lemma="je" pos="X">je</wf>
         <wf lemma="bila" pos="X">bila</wf>
         <wf lemma="ustanovljena" pos="X">ustanovljena</wf>
         <instance id="d000.s017.t000" lemma="leto" pos="NOUN">leta</instance>
         <wf lemma="1989" pos="X">1989</wf>
         <wf lemma="." pos="X">.</wf>
      </sentence>
      <sentence id="d000.s018" source="wordnet-slovenian">
         <wf lemma="V" pos="X">V</wf>
         <wf lemma="določenih" pos="X">določenih</wf>
         <instance id="d000.s018.t000" lemma="primer" pos="NOUN">primerih</instance>
         <wf lemma="povsem" pos="X">povsem</wf>
         <wf lemma="logično" pos="X">logično</wf>
         <wf lemma=":" pos="X">:</wf>
         <wf lemma="če" pos="X">če</wf>
         <wf lemma="so" pos="X">so</wf>
         <wf lemma="tvoji" pos="X">tvoji</wf>
         <wf lemma="predniki" pos="X">predniki</wf>
         <wf lemma="pripadniki" pos="X">pripadniki</wf>
         <wf lemma="dveh" pos="X">dveh</wf>
         <wf lemma="," pos="X">,</wf>
         <wf lemma="treh" pos="X">treh</wf>
         <wf lemma="in" pos="X">in</wf>
         <wf lemma="morda" pos="X">morda</wf>
         <wf lemma="več" pos="X">več</wf>
         <wf lemma="narodnosti" pos="X">narodnosti</wf>
         <wf lemma="," pos="X">,</wf>
         <wf lemma="je" pos="X">je</wf>
         <wf lemma="res" pos="X">res</wf>
         <wf lemma="težko" pos="X">težko</wf>
         <wf lemma="izbrati" pos="X">izbrati</wf>
         <wf lemma="pravo" pos="X">pravo</wf>
         <wf lemma="." pos="X">.</wf>
      </sentence>
      <sentence id="d000.s019" source="wordnet-slovenian">
         <wf lemma="Še" pos="X">Še</wf>
         <wf lemma="najbolj" pos="X">najbolj</wf>
         <wf lemma="izstopata" pos="X">izstopata</wf>
         <wf lemma="dva" pos="X">dva</wf>
         <wf lemma="že" pos="X">že</wf>
         <wf lemma="naložena" pos="X">naložena</wf>
         <instance id="d000.s019.t000" lemma="program" pos="NOUN">programa</instance>
         <wf lemma="»" pos="X">»</wf>
         <wf lemma="Size" pos="X">Size</wf>
         <wf lemma="converter" pos="X">converter</wf>
         <wf lemma="«" pos="X">«</wf>
         <wf lemma="in" pos="X">in</wf>
         <wf lemma="»" pos="X">»</wf>
         <wf lemma="Translator" pos="X">Translator</wf>
         <wf lemma="«" pos="X">«</wf>
         <wf lemma="." pos="X">.</wf>
      </sentence>
      <sentence id="d000.s020" source="wordnet-slovenian">
         <wf lemma="Ker" pos="X">Ker</wf>
         <wf lemma="meje" pos="X">meje</wf>
         <wf lemma="ohranjanja" pos="X">ohranjanja</wf>
         <wf lemma="naravnega" pos="X">naravnega</wf>
         <instance id="d000.s020.t000" lemma="okolje" pos="NOUN">okolja</instance>
         <wf lemma="niso" pos="X">niso</wf>
         <wf lemma="enake" pos="X">enake</wf>
         <wf lemma="mejam" pos="X">mejam</wf>
         <wf lemma="lokalnih" pos="X">lokalnih</wf>
         <wf lemma="političnih" pos="X">političnih</wf>
         <wf lemma="skupnosti" pos="X">skupnosti</wf>
         <wf lemma="," pos="X">,</wf>
         <wf lemma="zahteve" pos="X">zahteve</wf>
         <wf lemma="nekaterih" pos="X">nekaterih</wf>
         <wf lemma="županov" pos="X">županov</wf>
         <wf lemma="kažejo" pos="X">kažejo</wf>
         <wf lemma="na" pos="X">na</wf>
         <wf lemma="popolno" pos="X">popolno</wf>
         <wf lemma="nerazumevanje" pos="X">nerazumevanje</wf>
         <wf lemma="načel" pos="X">načel</wf>
         <wf lemma="varovanja" pos="X">varovanja</wf>
         <wf lemma="narave" pos="X">narave</wf>
         <wf lemma="." pos="X">.</wf>
      </sentence>
      <sentence id="d000.s021" source="wordnet-slovenian">
         <wf lemma="V" pos="X">V</wf>
         <instance id="d000.s021.t000" lemma="obdobje" pos="NOUN">obdobju</instance>
         <wf lemma="precejšnje" pos="X">precejšnje</wf>
         <wf lemma="konkurence" pos="X">konkurence</wf>
         <wf lemma=",je" pos="X">,je</wf>
         <wf lemma="potrebno" pos="X">potrebno</wf>
         <wf lemma="imeti" pos="X">imeti</wf>
         <wf lemma="veliko" pos="X">veliko</wf>
         <wf lemma="samozavesti" pos="X">samozavesti</wf>
         <wf lemma="," pos="X">,</wf>
         <wf lemma="da" pos="X">da</wf>
         <wf lemma="si" pos="X">si</wf>
         <wf lemma="upaš" pos="X">upaš</wf>
         <wf lemma="ustvariti" pos="X">ustvariti</wf>
         <wf lemma="oziroma" pos="X">oziroma</wf>
         <wf lemma="izdelati" pos="X">izdelati</wf>
         <wf lemma="nekaj" pos="X">nekaj</wf>
         <wf lemma="povsem" pos="X">povsem</wf>
         <wf lemma="novega" pos="X">novega</wf>
         <wf lemma="," pos="X">,</wf>
         <wf lemma="drugačnega" pos="X">drugačnega</wf>
         <wf lemma="…" pos="X">…</wf>
         <wf lemma="." pos="X">.</wf>
      </sentence>
      <sentence id="d000.s022" source="wordnet-slovenian">
         <wf lemma="Toda" pos="X">Toda</wf>
         <wf lemma="če" pos="X">če</wf>
         <wf lemma="pride" pos="X">pride</wf>
         <wf lemma="do" pos="X">do</wf>
         <wf lemma="prekinitve" pos="X">prekinitve</wf>
         <wf lemma="tekme" pos="X">tekme</wf>
         <wf lemma="," pos="X">,</wf>
         <wf lemma="če" pos="X">če</wf>
         <wf lemma="so" pos="X">so</wf>
         <wf lemma="navijači" pos="X">navijači</wf>
         <wf lemma="," pos="X">,</wf>
         <wf lemma="ki" pos="X">ki</wf>
         <wf lemma="nosijo" pos="X">nosijo</wf>
         <wf lemma="nove" pos="X">nove</wf>
         <wf lemma="rdeče" pos="X">rdeče</wf>
         <wf lemma="-" pos="X">-</wf>
         <wf lemma="bele" pos="X">bele</wf>
         <wf lemma="drese" pos="X">drese</wf>
         <wf lemma="našega" pos="X">našega</wf>
         <instance id="d000.s022.t000" lemma="klub" pos="NOUN">kluba</instance>
         <wf lemma="," pos="X">,</wf>
         <wf lemma="deležni" pos="X">deležni</wf>
         <wf lemma="šikaniranja" pos="X">šikaniranja</wf>
         <wf lemma="in" pos="X">in</wf>
         <wf lemma="če" pos="X">če</wf>
         <wf lemma="je" pos="X">je</wf>
         <wf lemma="napadena" pos="X">napadena</wf>
         <wf lemma="tudi" pos="X">tudi</wf>
         <wf lemma="policija" pos="X">policija</wf>
         <wf lemma="," pos="X">,</wf>
         <wf lemma="potem" pos="X">potem</wf>
         <wf lemma="tako" pos="X">tako</wf>
         <wf lemma="ne" pos="X">ne</wf>
         <wf lemma="gre" pos="X">gre</wf>
         <wf lemma="več" pos="X">več</wf>
         <wf lemma="in" pos="X">in</wf>
         <wf lemma="moramo" pos="X">moramo</wf>
         <wf lemma="temu" pos="X">temu</wf>
         <wf lemma="narediti" pos="X">narediti</wf>
         <wf lemma="konec" pos="X">konec</wf>
         <wf lemma="," pos="X">,</wf>
         <wf lemma="”" pos="X">”</wf>
         <wf lemma="je" pos="X">je</wf>
         <wf lemma="dejal" pos="X">dejal</wf>
         <wf lemma="eden" pos="X">eden</wf>
         <wf lemma="od" pos="X">od</wf>
         <wf lemma="klubskih" pos="X">klubskih</wf>
         <wf lemma="mož" pos="X">mož</wf>
         <wf lemma="." pos="X">.</wf>
      </sentence>
      <sentence id="d000.s023" source="wordnet-slovenian">
         <wf lemma="Torej" pos="X">Torej</wf>
         <wf lemma="," pos="X">,</wf>
         <wf lemma="če" pos="X">če</wf>
         <wf lemma="računsko" pos="X">računsko</wf>
         <wf lemma="sodišče" pos="X">sodišče</wf>
         <wf lemma="(" pos="X">(</wf>
         <wf lemma="potem" pos="X">potem</wf>
         <wf lemma="ko" pos="X">ko</wf>
         <wf lemma="izdela" pos="X">izdela</wf>
         <wf lemma="dokončno" pos="X">dokončno</wf>
         <wf lemma="poročilo" pos="X">poročilo</wf>
         <wf lemma=")" pos="X">)</wf>
         <wf lemma="ugotovi" pos="X">ugotovi</wf>
         <wf lemma="," pos="X">,</wf>
         <wf lemma="da" pos="X">da</wf>
         <wf lemma="obstaja" pos="X">obstaja</wf>
         <wf lemma="utemeljen" pos="X">utemeljen</wf>
         <wf lemma="sum" pos="X">sum</wf>
         <wf lemma="," pos="X">,</wf>
         <wf lemma="da" pos="X">da</wf>
         <wf lemma="je" pos="X">je</wf>
         <wf lemma="neka" pos="X">neka</wf>
         <instance id="d000.s023.t000" lemma="stranka" pos="NOUN">stranka</instance>
         <wf lemma="naredila" pos="X">naredila</wf>
         <wf lemma="prekršek" pos="X">prekršek</wf>
         <wf lemma="," pos="X">,</wf>
         <wf lemma="mora" pos="X">mora</wf>
         <wf lemma="v" pos="X">v</wf>
         <wf lemma="skladu" pos="X">skladu</wf>
         <wf lemma="z" pos="X">z</wf>
         <wf lemma="29." pos="X">29.</wf>
         <wf lemma="členom" pos="X">členom</wf>
         <wf lemma="zakona" pos="X">zakona</wf>
         <wf lemma="o" pos="X">o</wf>
         <wf lemma="računskem" pos="X">računskem</wf>
         <wf lemma="sodišču" pos="X">sodišču</wf>
         <wf lemma="predlagati" pos="X">predlagati</wf>
         <wf lemma="uvedbo" pos="X">uvedbo</wf>
         <wf lemma="postopka" pos="X">postopka</wf>
         <wf lemma="zaradi" pos="X">zaradi</wf>
         <wf lemma="prekrška" pos="X">prekrška</wf>
         <wf lemma="." pos="X">.</wf>
      </sentence>
      <sentence id="d000.s024" source="wordnet-slovenian">
         <wf lemma="Predlagam" pos="X">Predlagam</wf>
         <wf lemma="," pos="X">,</wf>
         <wf lemma="da" pos="X">da</wf>
         <wf lemma="ob" pos="X">ob</wf>
         <wf lemma="koncu" pos="X">koncu</wf>
         <wf lemma="te" pos="X">te</wf>
         <wf lemma="razprave" pos="X">razprave</wf>
         <wf lemma="zbor" pos="X">zbor</wf>
         <wf lemma="sprejme" pos="X">sprejme</wf>
         <wf lemma="nek" pos="X">nek</wf>
         <wf lemma="sklep" pos="X">sklep</wf>
         <wf lemma="," pos="X">,</wf>
         <wf lemma="da" pos="X">da</wf>
         <wf lemma="se" pos="X">se</wf>
         <wf lemma="ta" pos="X">ta</wf>
         <wf lemma="resolucija" pos="X">resolucija</wf>
         <wf lemma="sproti" pos="X">sproti</wf>
         <wf lemma="dopolnjuje" pos="X">dopolnjuje</wf>
         <wf lemma="v" pos="X">v</wf>
         <wf lemma="skladu" pos="X">skladu</wf>
         <wf lemma="s" pos="X">s</wf>
         <wf lemma="tem" pos="X">tem</wf>
         <wf lemma="," pos="X">,</wf>
         <wf lemma="ko" pos="X">ko</wf>
         <wf lemma="bodo" pos="X">bodo</wf>
         <wf lemma="posamezni" pos="X">posamezni</wf>
         <instance id="d000.s024.t000" lemma="sistem" pos="NOUN">sistemi</instance>
         <wf lemma="oziroma" pos="X">oziroma</wf>
         <wf lemma="podsistemi" pos="X">podsistemi</wf>
         <wf lemma="nacionalne" pos="X">nacionalne</wf>
         <wf lemma="varnosti" pos="X">varnosti</wf>
         <wf lemma="dograjeni" pos="X">dograjeni</wf>
         <wf lemma="," pos="X">,</wf>
         <wf lemma="ko" pos="X">ko</wf>
         <wf lemma="se" pos="X">se</wf>
         <wf lemma="bodo" pos="X">bodo</wf>
         <wf lemma="pojavile" pos="X">pojavile</wf>
         <wf lemma="neke" pos="X">neke</wf>
         <wf lemma="nove" pos="X">nove</wf>
         <wf lemma="zahteve" pos="X">zahteve</wf>
         <wf lemma="in" pos="X">in</wf>
         <wf lemma="tako" pos="X">tako</wf>
         <wf lemma="dalje" pos="X">dalje</wf>
         <wf lemma="," pos="X">,</wf>
         <wf lemma="kar" pos="X">kar</wf>
         <wf lemma="je" pos="X">je</wf>
         <wf lemma="primer" pos="X">primer</wf>
         <wf lemma="na" pos="X">na</wf>
         <wf lemma="Švedskem" pos="X">Švedskem</wf>
         <wf lemma="." pos="X">.</wf>
      </sentence>
      <sentence id="d000.s025" source="wordnet-slovenian">
         <wf lemma="Travma" pos="X">Travma</wf>
         <wf lemma="torej" pos="X">torej</wf>
         <wf lemma="ni" pos="X">ni</wf>
         <wf lemma="zgolj" pos="X">zgolj</wf>
         <wf lemma="proces" pos="X">proces</wf>
         <wf lemma="," pos="X">,</wf>
         <wf lemma="ki" pos="X">ki</wf>
         <instance id="d000.s025.t000" lemma="človek" pos="NOUN">človeka</instance>
         <wf lemma="osami" pos="X">osami</wf>
         <wf lemma="in" pos="X">in</wf>
         <wf lemma="naredi" pos="X">naredi</wf>
         <wf lemma="drugačnega" pos="X">drugačnega</wf>
         <wf lemma="od" pos="X">od</wf>
         <wf lemma="vseh" pos="X">vseh</wf>
         <wf lemma="drugih" pos="X">drugih</wf>
         <wf lemma="ljudi" pos="X">ljudi</wf>
         <wf lemma="," pos="X">,</wf>
         <wf lemma="temveč" pos="X">temveč</wf>
         <wf lemma="lahko" pos="X">lahko</wf>
         <wf lemma="tudi" pos="X">tudi</wf>
         <wf lemma="ustvarja" pos="X">ustvarja</wf>
         <wf lemma="skupnost" pos="X">skupnost</wf>
         <wf lemma="." pos="X">.</wf>
      </sentence>
      <sentence id="d000.s026" source="wordnet-slovenian">
         <wf lemma="Prizadevamo" pos="X">Prizadevamo</wf>
         <wf lemma="si" pos="X">si</wf>
         <wf lemma="," pos="X">,</wf>
         <wf lemma="da" pos="X">da</wf>
         <wf lemma="bi" pos="X">bi</wf>
         <wf lemma="bili" pos="X">bili</wf>
         <wf lemma="do" pos="X">do</wf>
         <instance id="d000.s026.t000" lemma="dan" pos="NOUN">dneva</instance>
         <wf lemma="vstopa" pos="X">vstopa</wf>
         <wf lemma="v" pos="X">v</wf>
         <wf lemma="Unijo" pos="X">Unijo</wf>
         <wf lemma="pripravljeni" pos="X">pripravljeni</wf>
         <wf lemma="na" pos="X">na</wf>
         <wf lemma="vse" pos="X">vse</wf>
         <wf lemma="zahteve" pos="X">zahteve</wf>
         <wf lemma="enotnega" pos="X">enotnega</wf>
         <wf lemma="trga" pos="X">trga</wf>
         <wf lemma="." pos="X">.</wf>
      </sentence>
      <sentence id="d000.s027" source="wordnet-slovenian">
         <wf lemma="BIKCA" pos="X">BIKCA</wf>
         <wf lemma="simentalca" pos="X">simentalca</wf>
         <wf lemma="," pos="X">,</wf>
         <wf lemma="starega" pos="X">starega</wf>
         <wf lemma="9" pos="X">9</wf>
         <instance id="d000.s027.t000" lemma="teden" pos="NOUN">tednov</instance>
         <wf lemma="," pos="X">,</wf>
         <wf lemma="prodam" pos="X">prodam</wf>
         <wf lemma="." pos="X">.</wf>
      </sentence>
      <sentence id="d000.s028" source="wordnet-slovenian">
         <wf lemma="To" pos="X">To</wf>
         <wf lemma="je" pos="X">je</wf>
         <wf lemma="seveda" pos="X">seveda</wf>
         <wf lemma="smešno" pos="X">smešno</wf>
         <wf lemma="," pos="X">,</wf>
         <wf lemma="evropsko" pos="X">evropsko</wf>
         <wf lemma="omrežje" pos="X">omrežje</wf>
         <wf lemma="ekološko" pos="X">ekološko</wf>
         <wf lemma="pomembnih" pos="X">pomembnih</wf>
         <instance id="d000.s028.t000" lemma="območje" pos="NOUN">območij</instance>
         <wf lemma="," pos="X">,</wf>
         <wf lemma="ki" pos="X">ki</wf>
         <wf lemma="je" pos="X">je</wf>
         <wf lemma="oblikovano" pos="X">oblikovano</wf>
         <wf lemma="na" pos="X">na</wf>
         <wf lemma="podlagi" pos="X">podlagi</wf>
         <wf lemma="dveh" pos="X">dveh</wf>
         <wf lemma="evropskih" pos="X">evropskih</wf>
         <wf lemma="direktiv" pos="X">direktiv</wf>
         <wf lemma="," pos="X">,</wf>
         <wf lemma="seveda" pos="X">seveda</wf>
         <wf lemma="ni" pos="X">ni</wf>
         <wf lemma="stvar" pos="X">stvar</wf>
         <wf lemma="lokalne" pos="X">lokalne</wf>
         <wf lemma="politike" pos="X">politike</wf>
         <wf lemma="," pos="X">,</wf>
         <wf lemma="prav" pos="X">prav</wf>
         <wf lemma="tako" pos="X">tako</wf>
         <wf lemma="ni" pos="X">ni</wf>
         <wf lemma="stvar" pos="X">stvar</wf>
         <wf lemma="državnih" pos="X">državnih</wf>
         <wf lemma="institucij" pos="X">institucij</wf>
         <wf lemma="." pos="X">.</wf>
      </sentence>
      <sentence id="d000.s029" source="wordnet-slovenian">
         <wf lemma="Z" pos="X">Z</wf>
         <wf lemma="vzpostavljenim" pos="X">vzpostavljenim</wf>
         <wf lemma="razstavnim" pos="X">razstavnim</wf>
         <instance id="d000.s029.t000" lemma="program" pos="NOUN">programom</instance>
         <wf lemma="bomo" pos="X">bomo</wf>
         <wf lemma="nadaljevali" pos="X">nadaljevali</wf>
         <wf lemma="," pos="X">,</wf>
         <wf lemma="saj" pos="X">saj</wf>
         <wf lemma="smo" pos="X">smo</wf>
         <wf lemma="dosegli" pos="X">dosegli</wf>
         <wf lemma="potrebno" pos="X">potrebno</wf>
         <wf lemma="ravnotežje" pos="X">ravnotežje</wf>
         <wf lemma="med" pos="X">med</wf>
         <wf lemma="starim" pos="X">starim</wf>
         <wf lemma="in" pos="X">in</wf>
         <wf lemma="novim" pos="X">novim</wf>
         <wf lemma="," pos="X">,</wf>
         <wf lemma="tujim" pos="X">tujim</wf>
         <wf lemma="in" pos="X">in</wf>
         <wf lemma="domačim" pos="X">domačim</wf>
         <wf lemma="," pos="X">,</wf>
         <wf lemma="ki" pos="X">ki</wf>
         <wf lemma="ga" pos="X">ga</wf>
         <wf lemma="je" pos="X">je</wf>
         <wf lemma="vredno" pos="X">vredno</wf>
         <wf lemma="in" pos="X">in</wf>
         <wf lemma="smiselno" pos="X">smiselno</wf>
         <wf lemma="ohranjati" pos="X">ohranjati</wf>
         <wf lemma="tudi" pos="X">tudi</wf>
         <wf lemma="v" pos="X">v</wf>
         <wf lemma="naprej" pos="X">naprej</wf>
         <wf lemma="," pos="X">,</wf>
         <wf lemma="saj" pos="X">saj</wf>
         <wf lemma="smo" pos="X">smo</wf>
         <wf lemma="hkrati" pos="X">hkrati</wf>
         <wf lemma="edina" pos="X">edina</wf>
         <wf lemma="ustanova" pos="X">ustanova</wf>
         <wf lemma="," pos="X">,</wf>
         <wf lemma="ki" pos="X">ki</wf>
         <wf lemma="lahko" pos="X">lahko</wf>
         <wf lemma="pripravlja" pos="X">pripravlja</wf>
         <wf lemma="razstave" pos="X">razstave</wf>
         <wf lemma="na" pos="X">na</wf>
         <wf lemma="tej" pos="X">tej</wf>
         <wf lemma="ravni" pos="X">ravni</wf>
         <wf lemma="in" pos="X">in</wf>
         <wf lemma="v" pos="X">v</wf>
         <wf lemma="takšnem" pos="X">takšnem</wf>
         <wf lemma="obsegu" pos="X">obsegu</wf>
         <wf lemma="." pos="X">.</wf>
      </sentence>
      <sentence id="d000.s030" source="wordnet-slovenian">
         <wf lemma="Ministrico" pos="X">Ministrico</wf>
         <wf lemma="in" pos="X">in</wf>
         <wf lemma="njene" pos="X">njene</wf>
         <wf lemma="sodelavce" pos="X">sodelavce</wf>
         <wf lemma="je" pos="X">je</wf>
         <wf lemma="očitno" pos="X">očitno</wf>
         <wf lemma="prepričala" pos="X">prepričala</wf>
         <wf lemma="tudi" pos="X">tudi</wf>
         <wf lemma="predstavitev" pos="X">predstavitev</wf>
         <instance id="d000.s030.t000" lemma="projekt" pos="NOUN">projekta</instance>
         <wf lemma="Inovacijski" pos="X">Inovacijski</wf>
         <wf lemma="preboj" pos="X">preboj</wf>
         <wf lemma="primorske" pos="X">primorske</wf>
         <wf lemma="regije" pos="X">regije</wf>
         <wf lemma="," pos="X">,</wf>
         <wf lemma="katerega" pos="X">katerega</wf>
         <wf lemma="glavni" pos="X">glavni</wf>
         <wf lemma="namen" pos="X">namen</wf>
         <wf lemma="je" pos="X">je</wf>
         <wf lemma="ustvarjalno" pos="X">ustvarjalno</wf>
         <wf lemma="povezati" pos="X">povezati</wf>
         <wf lemma="in" pos="X">in</wf>
         <wf lemma="spodbuditi" pos="X">spodbuditi</wf>
         <wf lemma="Primorsko" pos="X">Primorsko</wf>
         <wf lemma="," pos="X">,</wf>
         <wf lemma="da" pos="X">da</wf>
         <wf lemma="bi" pos="X">bi</wf>
         <wf lemma="oblikovala" pos="X">oblikovala</wf>
         <wf lemma="eno" pos="X">eno</wf>
         <wf lemma="najbolj" pos="X">najbolj</wf>
         <wf lemma="inventivnih" pos="X">inventivnih</wf>
         <wf lemma="in" pos="X">in</wf>
         <wf lemma="konkurenčnih" pos="X">konkurenčnih</wf>
         <wf lemma="regionalnih" pos="X">regionalnih</wf>
         <wf lemma="gospodarstev" pos="X">gospodarstev</wf>
         <wf lemma="v" pos="X">v</wf>
         <wf lemma="bodoči" pos="X">bodoči</wf>
         <wf lemma="," pos="X">,</wf>
         <wf lemma="povezani" pos="X">povezani</wf>
         <wf lemma="Evropi" pos="X">Evropi</wf>
         <wf lemma="." pos="X">.</wf>
      </sentence>
      <sentence id="d000.s031" source="wordnet-slovenian">
         <wf lemma="Kolesarjem" pos="X">Kolesarjem</wf>
         <wf lemma="in" pos="X">in</wf>
         <wf lemma="pešcem" pos="X">pešcem</wf>
         <wf lemma="," pos="X">,</wf>
         <wf lemma="ki" pos="X">ki</wf>
         <wf lemma="so" pos="X">so</wf>
         <wf lemma="bili" pos="X">bili</wf>
         <wf lemma="pred" pos="X">pred</wf>
         <wf lemma="odprtjem" pos="X">odprtjem</wf>
         <wf lemma="mostu" pos="X">mostu</wf>
         <wf lemma="njegovi" pos="X">njegovi</wf>
         <wf lemma="redni" pos="X">redni</wf>
         <wf lemma="uporabniki" pos="X">uporabniki</wf>
         <wf lemma="," pos="X">,</wf>
         <wf lemma="je" pos="X">je</wf>
         <instance id="d000.s031.t000" lemma="pot" pos="NOUN">pot</instance>
         <wf lemma="prepovedana" pos="X">prepovedana</wf>
         <wf lemma="." pos="X">.</wf>
      </sentence>
      <sentence id="d000.s032" source="wordnet-slovenian">
         <wf lemma="Hvala" pos="X">Hvala</wf>
         <wf lemma="za" pos="X">za</wf>
         <instance id="d000.s032.t000" lemma="beseda" pos="NOUN">besedo</instance>
         <wf lemma="." pos="X">.</wf>
      </sentence>
      <sentence id="d000.s033" source="wordnet-slovenian">
         <wf lemma="Na" pos="X">Na</wf>
         <wf lemma="drugi" pos="X">drugi</wf>
         <wf lemma="razstavi" pos="X">razstavi</wf>
         <wf lemma="," pos="X">,</wf>
         <wf lemma="na" pos="X">na</wf>
         <wf lemma="temo" pos="X">temo</wf>
         <wf lemma="Projekt" pos="X">Projekt</wf>
         <wf lemma="-" pos="X">-</wf>
         <instance id="d000.s033.t000" lemma="knjiga" pos="NOUN">knjiga</instance>
         <wf lemma="," pos="X">,</wf>
         <wf lemma="ki" pos="X">ki</wf>
         <wf lemma="so" pos="X">so</wf>
         <wf lemma="jo" pos="X">jo</wf>
         <wf lemma="odprli" pos="X">odprli</wf>
         <wf lemma="28." pos="X">28.</wf>
         <wf lemma="junija" pos="X">junija</wf>
         <wf lemma="in" pos="X">in</wf>
         <wf lemma="bo" pos="X">bo</wf>
         <wf lemma="v" pos="X">v</wf>
         <wf lemma="Chioggi" pos="X">Chioggi</wf>
         <wf lemma="na" pos="X">na</wf>
         <wf lemma="ogled" pos="X">ogled</wf>
         <wf lemma="do" pos="X">do</wf>
         <wf lemma="22." pos="X">22.</wf>
         <wf lemma="avgusta" pos="X">avgusta</wf>
         <wf lemma="," pos="X">,</wf>
         <wf lemma="prav" pos="X">prav</wf>
         <wf lemma="tako" pos="X">tako</wf>
         <wf lemma="svoja" pos="X">svoja</wf>
         <wf lemma="dela" pos="X">dela</wf>
         <wf lemma="predstavljata" pos="X">predstavljata</wf>
         <wf lemma="David" pos="X">David</wf>
         <wf lemma="Ličen" pos="X">Ličen</wf>
         <wf lemma="in" pos="X">in</wf>
         <wf lemma="Polona" pos="X">Polona</wf>
         <wf lemma="Kunaver" pos="X">Kunaver</wf>
         <wf lemma="-" pos="X">-</wf>
         <wf lemma="Ličen" pos="X">Ličen</wf>
         <wf lemma="." pos="X">.</wf>
      </sentence>
      <sentence id="d000.s034" source="wordnet-slovenian">
         <wf lemma="Finančno" pos="X">Finančno</wf>
         <wf lemma="ministrstvo" pos="X">ministrstvo</wf>
         <wf lemma="ima" pos="X">ima</wf>
         <wf lemma="zato" pos="X">zato</wf>
         <wf lemma="legitimno" pos="X">legitimno</wf>
         <instance id="d000.s034.t000" lemma="pravica" pos="NOUN">pravico</instance>
         <wf lemma="," pos="X">,</wf>
         <wf lemma="da" pos="X">da</wf>
         <wf lemma="predlaga" pos="X">predlaga</wf>
         <wf lemma="rešitev" pos="X">rešitev</wf>
         <wf lemma="." pos="X">.</wf>
      </sentence>
      <sentence id="d000.s035" source="wordnet-slovenian">
         <wf lemma="V" pos="X">V</wf>
         <wf lemma="tujini" pos="X">tujini</wf>
         <wf lemma="je" pos="X">je</wf>
         <wf lemma="zdržal" pos="X">zdržal</wf>
         <wf lemma="le" pos="X">le</wf>
         <instance id="d000.s035.t000" lemma="leto" pos="NOUN">leto</instance>
         <wf lemma="dni" pos="X">dni</wf>
         <wf lemma="." pos="X">.</wf>
      </sentence>
      <sentence id="d000.s036" source="wordnet-slovenian">
         <wf lemma="Začel" pos="X">Začel</wf>
         <wf lemma="sem" pos="X">sem</wf>
         <wf lemma="vnašati" pos="X">vnašati</wf>
         <wf lemma="steklenice" pos="X">steklenice</wf>
         <wf lemma="v" pos="X">v</wf>
         <instance id="d000.s036.t000" lemma="hiša" pos="NOUN">hišo</instance>
         <wf lemma="." pos="X">.</wf>
      </sentence>
      <sentence id="d000.s037" source="wordnet-slovenian">
         <wf lemma="Kučanu" pos="X">Kučanu</wf>
         <wf lemma="je" pos="X">je</wf>
         <wf lemma="to" pos="X">to</wf>
         <wf lemma="uspevalo" pos="X">uspevalo</wf>
         <wf lemma="predvsem" pos="X">predvsem</wf>
         <wf lemma="s" pos="X">s</wf>
         <wf lemma="posrednim" pos="X">posrednim</wf>
         <wf lemma="vplivom" pos="X">vplivom</wf>
         <wf lemma="," pos="X">,</wf>
         <wf lemma="ki" pos="X">ki</wf>
         <wf lemma="ga" pos="X">ga</wf>
         <wf lemma="je" pos="X">je</wf>
         <wf lemma="imel" pos="X">imel</wf>
         <wf lemma="na" pos="X">na</wf>
         <instance id="d000.s037.t000" lemma="politika" pos="NOUN">politiko</instance>
         <wf lemma="zaradi" pos="X">zaradi</wf>
         <wf lemma="svoje" pos="X">svoje</wf>
         <wf lemma="popularnosti" pos="X">popularnosti</wf>
         <wf lemma="," pos="X">,</wf>
         <wf lemma="segajoče" pos="X">segajoče</wf>
         <wf lemma="daleč" pos="X">daleč</wf>
         <wf lemma="čez" pos="X">čez</wf>
         <wf lemma="klasično" pos="X">klasično</wf>
         <wf lemma="razdelitev" pos="X">razdelitev</wf>
         <wf lemma="levo" pos="X">levo</wf>
         <wf lemma="-" pos="X">-</wf>
         <wf lemma="desno" pos="X">desno</wf>
         <wf lemma="." pos="X">.</wf>
      </sentence>
      <sentence id="d000.s038" source="wordnet-slovenian">
         <wf lemma="Volanski" pos="X">Volanski</wf>
         <wf lemma="obroč" pos="X">obroč</wf>
         <wf lemma="je" pos="X">je</wf>
         <wf lemma="štirikrak" pos="X">štirikrak</wf>
         <wf lemma="," pos="X">,</wf>
         <wf lemma="podprt" pos="X">podprt</wf>
         <wf lemma="s" pos="X">s</wf>
         <wf lemma="servoojačevalnikom" pos="X">servoojačevalnikom</wf>
         <wf lemma="," pos="X">,</wf>
         <wf lemma="merilniki" pos="X">merilniki</wf>
         <wf lemma="so" pos="X">so</wf>
         <wf lemma="okrogli" pos="X">okrogli</wf>
         <wf lemma="in" pos="X">in</wf>
         <wf lemma="dovolj" pos="X">dovolj</wf>
         <wf lemma="pregledni" pos="X">pregledni</wf>
         <wf lemma="," pos="X">,</wf>
         <wf lemma="obvolanske" pos="X">obvolanske</wf>
         <wf lemma="ročice" pos="X">ročice</wf>
         <wf lemma="in" pos="X">in</wf>
         <wf lemma="stikala" pos="X">stikala</wf>
         <wf lemma="so" pos="X">so</wf>
         <wf lemma="na" pos="X">na</wf>
         <wf lemma="dosegu" pos="X">dosegu</wf>
         <wf lemma="roke" pos="X">roke</wf>
         <wf lemma="," pos="X">,</wf>
         <wf lemma="tudi" pos="X">tudi</wf>
         <wf lemma="tista" pos="X">tista</wf>
         <wf lemma="na" pos="X">na</wf>
         <wf lemma="levi" pos="X">levi</wf>
         <instance id="d000.s038.t000" lemma="stran" pos="NOUN">strani</instance>
         <wf lemma="volanskega" pos="X">volanskega</wf>
         <wf lemma="obroča" pos="X">obroča</wf>
         <wf lemma="." pos="X">.</wf>
      </sentence>
      <sentence id="d000.s039" source="wordnet-slovenian">
         <wf lemma="Vendar" pos="X">Vendar</wf>
         <wf lemma="pa" pos="X">pa</wf>
         <wf lemma="ga" pos="X">ga</wf>
         <wf lemma="zanimajo" pos="X">zanimajo</wf>
         <wf lemma="samo" pos="X">samo</wf>
         <wf lemma="tradicionalni" pos="X">tradicionalni</wf>
         <wf lemma="," pos="X">,</wf>
         <wf lemma="konvencionalni" pos="X">konvencionalni</wf>
         <wf lemma="in" pos="X">in</wf>
         <wf lemma="konservativni" pos="X">konservativni</wf>
         <instance id="d000.s039.t000" lemma="način" pos="NOUN">načini</instance>
         <wf lemma="služenja" pos="X">služenja</wf>
         <wf lemma="." pos="X">.</wf>
      </sentence>
      <sentence id="d000.s040" source="wordnet-slovenian">
         <wf lemma="Iz" pos="X">Iz</wf>
         <wf lemma="daljave" pos="X">daljave</wf>
         <wf lemma="se" pos="X">se</wf>
         <wf lemma="je" pos="X">je</wf>
         <wf lemma="," pos="X">,</wf>
         <wf lemma="podoben" pos="X">podoben</wf>
         <wf lemma="pošasti" pos="X">pošasti</wf>
         <wf lemma="," pos="X">,</wf>
         <wf lemma="ki" pos="X">ki</wf>
         <wf lemma="bi" pos="X">bi</wf>
         <wf lemma="z" pos="X">z</wf>
         <wf lemma="vrtoglavo" pos="X">vrtoglavo</wf>
         <wf lemma="hitrostjo" pos="X">hitrostjo</wf>
         <wf lemma="divjala" pos="X">divjala</wf>
         <wf lemma="po" pos="X">po</wf>
         <instance id="d000.s040.t000" lemma="voda" pos="NOUN">vodi</instance>
         <wf lemma="," pos="X">,</wf>
         <wf lemma="bližal" pos="X">bližal</wf>
         <wf lemma="tornado" pos="X">tornado</wf>
         <wf lemma="." pos="X">.</wf>
      </sentence>
      <sentence id="d000.s041" source="wordnet-slovenian">
         <wf lemma="V" pos="X">V</wf>
         <wf lemma="zadnjih" pos="X">zadnjih</wf>
         <wf lemma="treh" pos="X">treh</wf>
         <wf lemma="letih" pos="X">letih</wf>
         <wf lemma="je" pos="X">je</wf>
         <wf lemma="Real" pos="X">Real</wf>
         <wf lemma="dobil" pos="X">dobil</wf>
         <wf lemma="namreč" pos="X">namreč</wf>
         <wf lemma="kar" pos="X">kar</wf>
         <wf lemma="nekakšen" pos="X">nekakšen</wf>
         <wf lemma="monopol" pos="X">monopol</wf>
         <wf lemma="nad" pos="X">nad</wf>
         <wf lemma="kupovanjem" pos="X">kupovanjem</wf>
         <wf lemma="najboljših" pos="X">najboljših</wf>
         <wf lemma="nogometašev" pos="X">nogometašev</wf>
         <wf lemma="na" pos="X">na</wf>
         <instance id="d000.s041.t000" lemma="svet" pos="NOUN">svetu</instance>
         <wf lemma="." pos="X">.</wf>
      </sentence>
      <sentence id="d000.s042" source="wordnet-slovenian">
         <wf lemma="Takšno" pos="X">Takšno</wf>
         <wf lemma="razmerje" pos="X">razmerje</wf>
         <wf lemma="sil" pos="X">sil</wf>
         <wf lemma="," pos="X">,</wf>
         <wf lemma="ki" pos="X">ki</wf>
         <wf lemma="je" pos="X">je</wf>
         <wf lemma="posledica" pos="X">posledica</wf>
         <wf lemma="nasprotovanja" pos="X">nasprotovanja</wf>
         <wf lemma="Zahoda" pos="X">Zahoda</wf>
         <wf lemma="vstopu" pos="X">vstopu</wf>
         <wf lemma="pravašev" pos="X">pravašev</wf>
         <wf lemma="v" pos="X">v</wf>
         <instance id="d000.s042.t000" lemma="vlada" pos="NOUN">vlado</instance>
         <wf lemma="," pos="X">,</wf>
         <wf lemma="onemogoča" pos="X">onemogoča</wf>
         <wf lemma="vodji" pos="X">vodji</wf>
         <wf lemma="HDZ" pos="X">HDZ</wf>
         <wf lemma="Sanaderju" pos="X">Sanaderju</wf>
         <wf lemma="," pos="X">,</wf>
         <wf lemma="da" pos="X">da</wf>
         <wf lemma="bi" pos="X">bi</wf>
         <wf lemma="Hrvaško" pos="X">Hrvaško</wf>
         <wf lemma="kmečko" pos="X">kmečko</wf>
         <wf lemma="stranko" pos="X">stranko</wf>
         <wf lemma="(" pos="X">(</wf>
         <wf lemma="HSS" pos="X">HSS</wf>
         <wf lemma=")" pos="X">)</wf>
         <wf lemma="izsiljeval" pos="X">izsiljeval</wf>
         <wf lemma="z" pos="X">z</wf>
         <wf lemma="argumentom" pos="X">argumentom</wf>
         <wf lemma="," pos="X">,</wf>
         <wf lemma="da" pos="X">da</wf>
         <wf lemma="v" pos="X">v</wf>
         <wf lemma="primeru" pos="X">primeru</wf>
         <wf lemma="njihovih" pos="X">njihovih</wf>
         <wf lemma="pretiranih" pos="X">pretiranih</wf>
         <wf lemma="zahtev" pos="X">zahtev</wf>
         <wf lemma="lahko" pos="X">lahko</wf>
         <wf lemma="sestavi" pos="X">sestavi</wf>
         <wf lemma="koalicijo" pos="X">koalicijo</wf>
         <wf lemma="s" pos="X">s</wf>
         <wf lemma="HSP" pos="X">HSP</wf>
         <wf lemma="." pos="X">.</wf>
      </sentence>
      <sentence id="d000.s043" source="wordnet-slovenian">
         <wf lemma="Zdravilišče" pos="X">Zdravilišče</wf>
         <wf lemma="Laško" pos="X">Laško</wf>
         <wf lemma="je" pos="X">je</wf>
         <wf lemma="lanske" pos="X">lanske</wf>
         <wf lemma="prihodke" pos="X">prihodke</wf>
         <wf lemma="povečalo" pos="X">povečalo</wf>
         <wf lemma="za" pos="X">za</wf>
         <wf lemma="22" pos="X">22</wf>
         <wf lemma="odstotkov" pos="X">odstotkov</wf>
         <wf lemma="," pos="X">,</wf>
         <wf lemma="na" pos="X">na</wf>
         <wf lemma="2,4" pos="X">2,4</wf>
         <wf lemma="milijarde" pos="X">milijarde</wf>
         <wf lemma="tolarjev" pos="X">tolarjev</wf>
         <wf lemma="," pos="X">,</wf>
         <wf lemma="dobiček" pos="X">dobiček</wf>
         <instance id="d000.s043.t000" lemma="družba" pos="NOUN">družbe</instance>
         <wf lemma="pa" pos="X">pa</wf>
         <wf lemma="bo" pos="X">bo</wf>
         <wf lemma="po" pos="X">po</wf>
         <wf lemma="prvih" pos="X">prvih</wf>
         <wf lemma="ocenah" pos="X">ocenah</wf>
         <wf lemma="znašal" pos="X">znašal</wf>
         <wf lemma="približno" pos="X">približno</wf>
         <wf lemma="75" pos="X">75</wf>
         <wf lemma="milijonov" pos="X">milijonov</wf>
         <wf lemma="tolarjev" pos="X">tolarjev</wf>
         <wf lemma="," pos="X">,</wf>
         <wf lemma="kar" pos="X">kar</wf>
         <wf lemma="je" pos="X">je</wf>
         <wf lemma="štiriodstotna" pos="X">štiriodstotna</wf>
         <wf lemma="donosnost" pos="X">donosnost</wf>
         <wf lemma="na" pos="X">na</wf>
         <wf lemma="kapital" pos="X">kapital</wf>
         <wf lemma="." pos="X">.</wf>
      </sentence>
      <sentence id="d000.s044" source="wordnet-slovenian">
         <wf lemma="Preseneča" pos="X">Preseneča</wf>
         <wf lemma="me" pos="X">me</wf>
         <wf lemma="," pos="X">,</wf>
         <wf lemma="da" pos="X">da</wf>
         <wf lemma="RTV" pos="X">RTV</wf>
         <wf lemma="Slovenija" pos="X">Slovenija</wf>
         <wf lemma="ni" pos="X">ni</wf>
         <wf lemma="mogla" pos="X">mogla</wf>
         <wf lemma="v" pos="X">v</wf>
         <wf lemma="enem" pos="X">enem</wf>
         <instance id="d000.s044.t000" lemma="leto" pos="NOUN">letu</instance>
         <wf lemma="popraviti" pos="X">popraviti</wf>
         <wf lemma="pravilnika" pos="X">pravilnika</wf>
         <wf lemma="," pos="X">,</wf>
         <wf lemma="sedaj" pos="X">sedaj</wf>
         <wf lemma="pa" pos="X">pa</wf>
         <wf lemma="ji" pos="X">ji</wf>
         <wf lemma="skoraj" pos="X">skoraj</wf>
         <wf lemma="grozi" pos="X">grozi</wf>
         <wf lemma="finančni" pos="X">finančni</wf>
         <wf lemma="zlom" pos="X">zlom</wf>
         <wf lemma="," pos="X">,</wf>
         <wf lemma="če" pos="X">če</wf>
         <wf lemma="do" pos="X">do</wf>
         <wf lemma="30." pos="X">30.</wf>
         <wf lemma="t." pos="X">t.</wf>
         <wf lemma="m." pos="X">m.</wf>
         <wf lemma="ne" pos="X">ne</wf>
         <wf lemma="bo" pos="X">bo</wf>
         <wf lemma="urejena" pos="X">urejena</wf>
         <wf lemma="pravna" pos="X">pravna</wf>
         <wf lemma="podlaga" pos="X">podlaga</wf>
         <wf lemma="za" pos="X">za</wf>
         <wf lemma="pobiranje" pos="X">pobiranje</wf>
         <wf lemma="rtv" pos="X">rtv</wf>
         <wf lemma="naročnine" pos="X">naročnine</wf>
         <wf lemma="." pos="X">.</wf>
      </sentence>
      <sentence id="d000.s045" source="wordnet-slovenian">
         <wf lemma="»" pos="X">»</wf>
         <wf lemma="Šel" pos="X">Šel</wf>
         <wf lemma="bi" pos="X">bi</wf>
         <wf lemma="," pos="X">,</wf>
         <wf lemma="kamorkoli" pos="X">kamorkoli</wf>
         <wf lemma="bi" pos="X">bi</wf>
         <wf lemma="me" pos="X">me</wf>
         <instance id="d000.s045.t000" lemma="življenje" pos="NOUN">življenje</instance>
         <wf lemma="pač" pos="X">pač</wf>
         <wf lemma="popeljalo" pos="X">popeljalo</wf>
         <wf lemma="." pos="X">.</wf>
      </sentence>
      <sentence id="d000.s046" source="wordnet-slovenian">
         <wf lemma="Tako" pos="X">Tako</wf>
         <wf lemma="obstaja" pos="X">obstaja</wf>
         <wf lemma="na" pos="X">na</wf>
         <wf lemma="primer" pos="X">primer</wf>
         <wf lemma="kriminalistično" pos="X">kriminalistično</wf>
         <wf lemma="pravilo" pos="X">pravilo</wf>
         <wf lemma=":" pos="X">:</wf>
         <wf lemma="Storilca" pos="X">Storilca</wf>
         <wf lemma="zmeraj" pos="X">zmeraj</wf>
         <wf lemma="vleče" pos="X">vleče</wf>
         <wf lemma="nazaj" pos="X">nazaj</wf>
         <wf lemma="na" pos="X">na</wf>
         <instance id="d000.s046.t000" lemma="kraj" pos="NOUN">kraj</instance>
         <wf lemma="zločina" pos="X">zločina</wf>
         <wf lemma="." pos="X">.</wf>
      </sentence>
      <sentence id="d000.s047" source="wordnet-slovenian">
         <wf lemma="Močan" pos="X">Močan</wf>
         <wf lemma="odziv" pos="X">odziv</wf>
         <instance id="d000.s047.t000" lemma="trg" pos="NOUN">trga</instance>
         <wf lemma="je" pos="X">je</wf>
         <wf lemma="bil" pos="X">bil</wf>
         <wf lemma="posledica" pos="X">posledica</wf>
         <wf lemma="presenečenja" pos="X">presenečenja</wf>
         <wf lemma="trgov" pos="X">trgov</wf>
         <wf lemma="nad" pos="X">nad</wf>
         <wf lemma="pozitivno" pos="X">pozitivno</wf>
         <wf lemma="novico" pos="X">novico</wf>
         <wf lemma="v" pos="X">v</wf>
         <wf lemma="tehnološkem" pos="X">tehnološkem</wf>
         <wf lemma="evropskem" pos="X">evropskem</wf>
         <wf lemma="sektorju" pos="X">sektorju</wf>
         <wf lemma="." pos="X">.</wf>
      </sentence>
      <sentence id="d000.s048" source="wordnet-slovenian">
         <wf lemma="»" pos="X">»</wf>
         <wf lemma="Nisem" pos="X">Nisem</wf>
         <wf lemma="vedel" pos="X">vedel</wf>
         <wf lemma="," pos="X">,</wf>
         <wf lemma="da" pos="X">da</wf>
         <wf lemma="so" pos="X">so</wf>
         <wf lemma="želve" pos="X">želve</wf>
         <instance id="d000.s048.t000" lemma="del" pos="NOUN">del</instance>
         <wf lemma="detektivske" pos="X">detektivske</wf>
         <wf lemma="opreme" pos="X">opreme</wf>
         <wf lemma="," pos="X">,</wf>
         <wf lemma="«" pos="X">«</wf>
         <wf lemma="se" pos="X">se</wf>
         <wf lemma="je" pos="X">je</wf>
         <wf lemma="posmehnil" pos="X">posmehnil</wf>
         <wf lemma="in" pos="X">in</wf>
         <wf lemma="jo" pos="X">jo</wf>
         <wf lemma="odložil" pos="X">odložil</wf>
         <wf lemma="na" pos="X">na</wf>
         <wf lemma="tla" pos="X">tla</wf>
         <wf lemma="." pos="X">.</wf>
      </sentence>
      <sentence id="d000.s049" source="wordnet-slovenian">
         <wf lemma="Jure" pos="X">Jure</wf>
         <wf lemma=":" pos="X">:</wf>
         <wf lemma="Mlinček" pos="X">Mlinček</wf>
         <instance id="d000.s049.t000" lemma="voda" pos="NOUN">voda</instance>
         <wf lemma="poganja" pos="X">poganja</wf>
         <wf lemma="," pos="X">,</wf>
         <wf lemma="ko" pos="X">ko</wf>
         <wf lemma="gre" pos="X">gre</wf>
         <wf lemma="tud" pos="X">tud</wf>
         <wf lemma="pod" pos="X">pod</wf>
         <wf lemma="vodo" pos="X">vodo</wf>
         <wf lemma="," pos="X">,</wf>
         <wf lemma="pa" pos="X">pa</wf>
         <wf lemma="vodo" pos="X">vodo</wf>
         <wf lemma="zajame" pos="X">zajame</wf>
         <wf lemma="." pos="X">.</wf>
      </sentence>
      <sentence id="d000.s050" source="wordnet-slovenian">
         <wf lemma="Poudaril" pos="X">Poudaril</wf>
         <wf lemma="je" pos="X">je</wf>
         <wf lemma="," pos="X">,</wf>
         <wf lemma="da" pos="X">da</wf>
         <wf lemma="je" pos="X">je</wf>
         <wf lemma="bila" pos="X">bila</wf>
         <wf lemma="to" pos="X">to</wf>
         <wf lemma="," pos="X">,</wf>
         <wf lemma="ko" pos="X">ko</wf>
         <wf lemma="je" pos="X">je</wf>
         <wf lemma="pred" pos="X">pred</wf>
         <wf lemma="desetimi" pos="X">desetimi</wf>
         <instance id="d000.s050.t000" lemma="leto" pos="NOUN">leti</instance>
         <wf lemma="postal" pos="X">postal</wf>
         <wf lemma="deželni" pos="X">deželni</wf>
         <wf lemma="glavar" pos="X">glavar</wf>
         <wf lemma="," pos="X">,</wf>
         <wf lemma="dokazano" pos="X">dokazano</wf>
         <wf lemma="najboljša" pos="X">najboljša</wf>
         <wf lemma="doba" pos="X">doba</wf>
         <wf lemma="za" pos="X">za</wf>
         <wf lemma="narodnostne" pos="X">narodnostne</wf>
         <wf lemma="manjšine" pos="X">manjšine</wf>
         <wf lemma="." pos="X">.</wf>
      </sentence>
      <sentence id="d000.s051" source="wordnet-slovenian">
         <wf lemma="Podobno" pos="X">Podobno</wf>
         <wf lemma="kot" pos="X">kot</wf>
         <wf lemma="velja" pos="X">velja</wf>
         <wf lemma="za" pos="X">za</wf>
         <wf lemma="ostale" pos="X">ostale</wf>
         <wf lemma="cvetoče" pos="X">cvetoče</wf>
         <wf lemma="okrasne" pos="X">okrasne</wf>
         <wf lemma="rastline" pos="X">rastline</wf>
         <wf lemma="," pos="X">,</wf>
         <wf lemma="so" pos="X">so</wf>
         <wf lemma="tudi" pos="X">tudi</wf>
         <wf lemma="med" pos="X">med</wf>
         <wf lemma="okrasnimi" pos="X">okrasnimi</wf>
         <wf lemma="travami" pos="X">travami</wf>
         <wf lemma="takšne" pos="X">takšne</wf>
         <wf lemma="," pos="X">,</wf>
         <wf lemma="ki" pos="X">ki</wf>
         <wf lemma="nase" pos="X">nase</wf>
         <wf lemma="opozorijo" pos="X">opozorijo</wf>
         <wf lemma="že" pos="X">že</wf>
         <wf lemma="spomladi" pos="X">spomladi</wf>
         <wf lemma="(" pos="X">(</wf>
         <wf lemma="med" pos="X">med</wf>
         <wf lemma="prvimi" pos="X">prvimi</wf>
         <wf lemma="so" pos="X">so</wf>
         <wf lemma="razni" pos="X">razni</wf>
         <wf lemma="šaši" pos="X">šaši</wf>
         <wf lemma="in" pos="X">in</wf>
         <wf lemma="ločje" pos="X">ločje</wf>
         <wf lemma="," pos="X">,</wf>
         <wf lemma="ki" pos="X">ki</wf>
         <wf lemma="z" pos="X">z</wf>
         <wf lemma="novimi" pos="X">novimi</wf>
         <wf lemma="listi" pos="X">listi</wf>
         <wf lemma="vnesejo" pos="X">vnesejo</wf>
         <wf lemma="svežino" pos="X">svežino</wf>
         <wf lemma="na" pos="X">na</wf>
         <wf lemma="vrt" pos="X">vrt</wf>
         <wf lemma=")" pos="X">)</wf>
         <wf lemma="," pos="X">,</wf>
         <instance id="d000.s051.t000" lemma="večina" pos="NOUN">večina</instance>
         <wf lemma="trav" pos="X">trav</wf>
         <wf lemma="pa" pos="X">pa</wf>
         <wf lemma="doživi" pos="X">doživi</wf>
         <wf lemma="svoj" pos="X">svoj</wf>
         <wf lemma="višek" pos="X">višek</wf>
         <wf lemma="poleti" pos="X">poleti</wf>
         <wf lemma="ali" pos="X">ali</wf>
         <wf lemma="celo" pos="X">celo</wf>
         <wf lemma="na" pos="X">na</wf>
         <wf lemma="začetku" pos="X">začetku</wf>
         <wf lemma="jeseni" pos="X">jeseni</wf>
         <wf lemma="." pos="X">.</wf>
      </sentence>
      <sentence id="d000.s052" source="wordnet-slovenian">
         <wf lemma="Postmodernistično" pos="X">Postmodernistično</wf>
         <wf lemma="oblikovanje" pos="X">oblikovanje</wf>
         <wf lemma="stoji" pos="X">stoji</wf>
         <wf lemma="na" pos="X">na</wf>
         <wf lemma="drugi" pos="X">drugi</wf>
         <wf lemma="strani" pos="X">strani</wf>
         <wf lemma="s" pos="X">s</wf>
         <wf lemma="svojim" pos="X">svojim</wf>
         <wf lemma="“" pos="X">“</wf>
         <wf lemma="protiestetskim" pos="X">protiestetskim</wf>
         <wf lemma="”" pos="X">”</wf>
         <wf lemma="za" pos="X">za</wf>
         <wf lemma="vedno" pos="X">vedno</wf>
         <wf lemma="razcepljenih" pos="X">razcepljenih</wf>
         <wf lemma="," pos="X">,</wf>
         <wf lemma="problematiziranih" pos="X">problematiziranih</wf>
         <wf lemma="," pos="X">,</wf>
         <wf lemma="vedno" pos="X">vedno</wf>
         <wf lemma="umikajočih" pos="X">umikajočih</wf>
         <wf lemma="se" pos="X">se</wf>
         <wf lemma="in" pos="X">in</wf>
         <wf lemma="odloženih" pos="X">odloženih</wf>
         <wf lemma="“" pos="X">“</wf>
         <wf lemma="objektov" pos="X">objektov</wf>
         <wf lemma="”" pos="X">”</wf>
         <wf lemma="vednosti" pos="X">vednosti</wf>
         <wf lemma="in" pos="X">in</wf>
         <wf lemma="prakse" pos="X">prakse</wf>
         <wf lemma="," pos="X">,</wf>
         <wf lemma="vključno" pos="X">vključno</wf>
         <wf lemma="z" pos="X">z</wf>
         <wf lemma="znaki" pos="X">znaki</wf>
         <wf lemma="," pos="X">,</wf>
         <wf lemma="organizmi" pos="X">organizmi</wf>
         <wf lemma="," pos="X">,</wf>
         <instance id="d000.s052.t000" lemma="sistem" pos="NOUN">sistemi</instance>
         <wf lemma="," pos="X">,</wf>
         <wf lemma="jazi" pos="X">jazi</wf>
         <wf lemma="in" pos="X">in</wf>
         <wf lemma="kulturami" pos="X">kulturami</wf>
         <wf lemma="." pos="X">.</wf>
      </sentence>
      <sentence id="d000.s053" source="wordnet-slovenian">
         <wf lemma="Glas" pos="X">Glas</wf>
         <wf lemma="Haberlove" pos="X">Haberlove</wf>
         <wf lemma="stopi" pos="X">stopi</wf>
         <wf lemma="na" pos="X">na</wf>
         <wf lemma="opustošeno" pos="X">opustošeno</wf>
         <wf lemma="obalo" pos="X">obalo</wf>
         <wf lemma="," pos="X">,</wf>
         <wf lemma="v" pos="X">v</wf>
         <wf lemma="opustošeni" pos="X">opustošeni</wf>
         <instance id="d000.s053.t000" lemma="svet" pos="NOUN">svet</instance>
         <wf lemma="," pos="X">,</wf>
         <wf lemma="razsrediščen" pos="X">razsrediščen</wf>
         <wf lemma="," pos="X">,</wf>
         <wf lemma="shizofren" pos="X">shizofren</wf>
         <wf lemma="in" pos="X">in</wf>
         <wf lemma="absolutno" pos="X">absolutno</wf>
         <wf lemma="razbolen" pos="X">razbolen</wf>
         <wf lemma="." pos="X">.</wf>
      </sentence>
      <sentence id="d000.s054" source="wordnet-slovenian">
         <wf lemma="In" pos="X">In</wf>
         <wf lemma="ponovno" pos="X">ponovno</wf>
         <wf lemma="ponavljam" pos="X">ponavljam</wf>
         <wf lemma=":" pos="X">:</wf>
         <wf lemma="do" pos="X">do</wf>
         <wf lemma="90%" pos="X">90%</wf>
         <wf lemma="oziroma" pos="X">oziroma</wf>
         <wf lemma="do" pos="X">do</wf>
         <wf lemma="93" pos="X">93</wf>
         <wf lemma="," pos="X">,</wf>
         <wf lemma="94%" pos="X">94%</wf>
         <wf lemma="davkoplačevalcev" pos="X">davkoplačevalcev</wf>
         <wf lemma="dobi" pos="X">dobi</wf>
         <wf lemma="tukaj" pos="X">tukaj</wf>
         <wf lemma="2.800" pos="X">2.800</wf>
         <wf lemma="tolarjev" pos="X">tolarjev</wf>
         <wf lemma="za" pos="X">za</wf>
         <wf lemma="prvega" pos="X">prvega</wf>
         <wf lemma="otroka" pos="X">otroka</wf>
         <wf lemma="med" pos="X">med</wf>
         <instance id="d000.s054.t000" lemma="leto" pos="NOUN">letom</instance>
         <wf lemma="." pos="X">.</wf>
      </sentence>
      <sentence id="d000.s055" source="wordnet-slovenian">
         <wf lemma="Žena" pos="X">Žena</wf>
         <wf lemma="me" pos="X">me</wf>
         <wf lemma="je" pos="X">je</wf>
         <wf lemma="pogosto" pos="X">pogosto</wf>
         <wf lemma="in" pos="X">in</wf>
         <wf lemma="na" pos="X">na</wf>
         <wf lemma="veliko" pos="X">veliko</wf>
         <wf lemma="zmerjala" pos="X">zmerjala</wf>
         <wf lemma="," pos="X">,</wf>
         <wf lemma="ko" pos="X">ko</wf>
         <wf lemma="je" pos="X">je</wf>
         <wf lemma="opazila" pos="X">opazila</wf>
         <wf lemma="," pos="X">,</wf>
         <wf lemma="da" pos="X">da</wf>
         <wf lemma="zaradi" pos="X">zaradi</wf>
         <wf lemma="svojih" pos="X">svojih</wf>
         <wf lemma="‘period’" pos="X">‘period’</wf>
         <wf lemma="izgubljam" pos="X">izgubljam</wf>
         <wf lemma="še" pos="X">še</wf>
         <wf lemma="tisto" pos="X">tisto</wf>
         <instance id="d000.s055.t000" lemma="delo" pos="NOUN">delo</instance>
         <wf lemma="," pos="X">,</wf>
         <wf lemma="ki" pos="X">ki</wf>
         <wf lemma="sem" pos="X">sem</wf>
         <wf lemma="si" pos="X">si</wf>
         <wf lemma="ga" pos="X">ga</wf>
         <wf lemma="lahko" pos="X">lahko</wf>
         <wf lemma="našel" pos="X">našel</wf>
         <wf lemma="." pos="X">.</wf>
      </sentence>
      <sentence id="d000.s056" source="wordnet-slovenian">
         <wf lemma="Šimeljček" pos="X">Šimeljček</wf>
         <wf lemma="pa" pos="X">pa</wf>
         <wf lemma="je" pos="X">je</wf>
         <wf lemma="pred" pos="X">pred</wf>
         <wf lemma="njiju" pos="X">njiju</wf>
         <wf lemma="vedno" pos="X">vedno</wf>
         <wf lemma="znova" pos="X">znova</wf>
         <wf lemma="postavljal" pos="X">postavljal</wf>
         <wf lemma="nove" pos="X">nove</wf>
         <wf lemma="in" pos="X">in</wf>
         <wf lemma="nove" pos="X">nove</wf>
         <wf lemma="zahteve" pos="X">zahteve</wf>
         <wf lemma="ter" pos="X">ter</wf>
         <wf lemma="ju" pos="X">ju</wf>
         <wf lemma="prepričeval" pos="X">prepričeval</wf>
         <wf lemma="," pos="X">,</wf>
         <wf lemma="da" pos="X">da</wf>
         <wf lemma="tega" pos="X">tega</wf>
         <wf lemma="ali" pos="X">ali</wf>
         <wf lemma="onega" pos="X">onega</wf>
         <wf lemma="nikakor" pos="X">nikakor</wf>
         <wf lemma="ne" pos="X">ne</wf>
         <wf lemma="zmoreta" pos="X">zmoreta</wf>
         <wf lemma="," pos="X">,</wf>
         <wf lemma="ter" pos="X">ter</wf>
         <wf lemma="si" pos="X">si</wf>
         <wf lemma="zamišljal" pos="X">zamišljal</wf>
         <wf lemma="poteke" pos="X">poteke</wf>
         <wf lemma="svojih" pos="X">svojih</wf>
         <instance id="d000.s056.t000" lemma="ura" pos="NOUN">ur</instance>
         <wf lemma="jahanja" pos="X">jahanja</wf>
         <wf lemma="po" pos="X">po</wf>
         <wf lemma="svoje" pos="X">svoje</wf>
         <wf lemma="," pos="X">,</wf>
         <wf lemma="kar" pos="X">kar</wf>
         <wf lemma="naj" pos="X">naj</wf>
         <wf lemma="bi" pos="X">bi</wf>
         <wf lemma="bilo" pos="X">bilo</wf>
         <wf lemma="po" pos="X">po</wf>
         <wf lemma="njegovem" pos="X">njegovem</wf>
         <wf lemma="mnenju" pos="X">mnenju</wf>
         <wf lemma="veliko" pos="X">veliko</wf>
         <wf lemma="bolje" pos="X">bolje</wf>
         <wf lemma="in" pos="X">in</wf>
         <wf lemma="bolj" pos="X">bolj</wf>
         <wf lemma="zabavno" pos="X">zabavno</wf>
         <wf lemma="kot" pos="X">kot</wf>
         <wf lemma="dolgočasne" pos="X">dolgočasne</wf>
         <wf lemma="lekcije" pos="X">lekcije</wf>
         <wf lemma="." pos="X">.</wf>
      </sentence>
      <sentence id="d000.s057" source="wordnet-slovenian">
         <wf lemma="Pravilni" pos="X">Pravilni</wf>
         <wf lemma="odgovor" pos="X">odgovor</wf>
         <wf lemma="se" pos="X">se</wf>
         <wf lemma="glasi" pos="X">glasi</wf>
         <wf lemma=":" pos="X">:</wf>
         <instance id="d000.s057.t000" lemma="knjiga" pos="NOUN">knjiga</instance>
         <wf lemma="je" pos="X">je</wf>
         <wf lemma="v" pos="X">v</wf>
         <wf lemma="ovitku" pos="X">ovitku</wf>
         <wf lemma="škatli" pos="X">škatli</wf>
         <wf lemma="od" pos="X">od</wf>
         <wf lemma="kasete" pos="X">kasete</wf>
         <wf lemma="." pos="X">.</wf>
      </sentence>
      <sentence id="d000.s058" source="wordnet-slovenian">
         <wf lemma="CAPETOWN" pos="X">CAPETOWN</wf>
         <wf lemma="-" pos="X">-</wf>
         <wf lemma="Policija" pos="X">Policija</wf>
         <wf lemma="v" pos="X">v</wf>
         <wf lemma="južnoafriškem" pos="X">južnoafriškem</wf>
         <instance id="d000.s058.t000" lemma="mesto" pos="NOUN">mestu</instance>
         <wf lemma="De" pos="X">De</wf>
         <wf lemma="Doornsu" pos="X">Doornsu</wf>
         <wf lemma="v" pos="X">v</wf>
         <wf lemma="zvezni" pos="X">zvezni</wf>
         <wf lemma="državi" pos="X">državi</wf>
         <wf lemma="West" pos="X">West</wf>
         <wf lemma="Cape" pos="X">Cape</wf>
         <wf lemma="trdi" pos="X">trdi</wf>
         <wf lemma="," pos="X">,</wf>
         <wf lemma="da" pos="X">da</wf>
         <wf lemma="še" pos="X">še</wf>
         <wf lemma="ni" pos="X">ni</wf>
         <wf lemma="imela" pos="X">imela</wf>
         <wf lemma="tako" pos="X">tako</wf>
         <wf lemma="groznega" pos="X">groznega</wf>
         <wf lemma="in" pos="X">in</wf>
         <wf lemma="bizarnega" pos="X">bizarnega</wf>
         <wf lemma="načina" pos="X">načina</wf>
         <wf lemma="posilstva" pos="X">posilstva</wf>
         <wf lemma="kakor" pos="X">kakor</wf>
         <wf lemma="zdaj" pos="X">zdaj</wf>
         <wf lemma="." pos="X">.</wf>
      </sentence>
      <sentence id="d000.s059" source="wordnet-slovenian">
         <wf lemma="Tudi" pos="X">Tudi</wf>
         <wf lemma="v" pos="X">v</wf>
         <wf lemma="Sloveniji" pos="X">Sloveniji</wf>
         <wf lemma="sta" pos="X">sta</wf>
         <wf lemma="aerobika" pos="X">aerobika</wf>
         <wf lemma="in" pos="X">in</wf>
         <wf lemma="fitnes" pos="X">fitnes</wf>
         <wf lemma="med" pos="X">med</wf>
         <wf lemma="najbolj" pos="X">najbolj</wf>
         <wf lemma="priljubljenimi" pos="X">priljubljenimi</wf>
         <instance id="d000.s059.t000" lemma="oblika" pos="NOUN">oblikami</instance>
         <wf lemma="rekreacije" pos="X">rekreacije</wf>
         <wf lemma="," pos="X">,</wf>
         <wf lemma="zato" pos="X">zato</wf>
         <wf lemma="bi" pos="X">bi</wf>
         <wf lemma="morali" pos="X">morali</wf>
         <wf lemma="posvečati" pos="X">posvečati</wf>
         <wf lemma="več" pos="X">več</wf>
         <wf lemma="pozornosti" pos="X">pozornosti</wf>
         <wf lemma="tehniki" pos="X">tehniki</wf>
         <wf lemma="vadbe" pos="X">vadbe</wf>
         <wf lemma="." pos="X">.</wf>
      </sentence>
      <sentence id="d000.s060" source="wordnet-slovenian">
         <wf lemma="Na" pos="X">Na</wf>
         <wf lemma="slikah" pos="X">slikah</wf>
         <wf lemma="smo" pos="X">smo</wf>
         <wf lemma="videvali" pos="X">videvali</wf>
         <wf lemma="Luciana" pos="X">Luciana</wf>
         <wf lemma="Pavarottija" pos="X">Pavarottija</wf>
         <wf lemma="," pos="X">,</wf>
         <wf lemma="za" pos="X">za</wf>
         <wf lemma="katerega" pos="X">katerega</wf>
         <wf lemma="se" pos="X">se</wf>
         <wf lemma="je" pos="X">je</wf>
         <wf lemma="zdelo" pos="X">zdelo</wf>
         <wf lemma="," pos="X">,</wf>
         <wf lemma="da" pos="X">da</wf>
         <wf lemma="ne" pos="X">ne</wf>
         <wf lemma="bo" pos="X">bo</wf>
         <wf lemma="zdržal" pos="X">zdržal</wf>
         <wf lemma="udarcev" pos="X">udarcev</wf>
         <wf lemma="usode" pos="X">usode</wf>
         <wf lemma="Zdaj" pos="X">Zdaj</wf>
         <wf lemma="pa" pos="X">pa</wf>
         <wf lemma="se" pos="X">se</wf>
         <wf lemma="zdi" pos="X">zdi</wf>
         <wf lemma="," pos="X">,</wf>
         <wf lemma="da" pos="X">da</wf>
         <wf lemma="je" pos="X">je</wf>
         <wf lemma="veliki" pos="X">veliki</wf>
         <wf lemma="Pavarotti" pos="X">Pavarotti</wf>
         <wf lemma="le" pos="X">le</wf>
         <wf lemma="prebrodil" pos="X">prebrodil</wf>
         <wf lemma="dolino" pos="X">dolino</wf>
         <wf lemma="solz" pos="X">solz</wf>
         <wf lemma="in" pos="X">in</wf>
         <wf lemma="se" pos="X">se</wf>
         <wf lemma="na" pos="X">na</wf>
         <wf lemma="jesen" pos="X">jesen</wf>
         <wf lemma="svojega" pos="X">svojega</wf>
         <instance id="d000.s060.t000" lemma="življenje" pos="NOUN">življenja</instance>
         <wf lemma="nadeja" pos="X">nadeja</wf>
         <wf lemma="nove" pos="X">nove</wf>
         <wf lemma="sreče" pos="X">sreče</wf>
         <wf lemma="." pos="X">.</wf>
      </sentence>
      <sentence id="d000.s061" source="wordnet-slovenian">
         <wf lemma="Do" pos="X">Do</wf>
         <wf lemma="utelešenja" pos="X">utelešenja</wf>
         <wf lemma="potujejo" pos="X">potujejo</wf>
         <wf lemma="mimo" pos="X">mimo</wf>
         <wf lemma="sfer" pos="X">sfer</wf>
         <wf lemma="gibljivih" pos="X">gibljivih</wf>
         <wf lemma="predmetov" pos="X">predmetov</wf>
         <wf lemma="in" pos="X">in</wf>
         <wf lemma="se" pos="X">se</wf>
         <wf lemma="od" pos="X">od</wf>
         <wf lemma="vsakega" pos="X">vsakega</wf>
         <wf lemma="navzameno" pos="X">navzameno</wf>
         <wf lemma="dobrih" pos="X">dobrih</wf>
         <wf lemma="in" pos="X">in</wf>
         <wf lemma="slabih" pos="X">slabih</wf>
         <wf lemma="lastnosti" pos="X">lastnosti</wf>
         <wf lemma="," pos="X">,</wf>
         <wf lemma="kar" pos="X">kar</wf>
         <wf lemma="na" pos="X">na</wf>
         <wf lemma="zemlji" pos="X">zemlji</wf>
         <wf lemma="zahteva" pos="X">zahteva</wf>
         <wf lemma="očiščenje" pos="X">očiščenje</wf>
         <instance id="d000.s061.t000" lemma="življenje" pos="NOUN">življenje</instance>
         <wf lemma="po" pos="X">po</wf>
         <wf lemma="strogih" pos="X">strogih</wf>
         <wf lemma="pravilih" pos="X">pravilih</wf>
         <wf lemma="to" pos="X">to</wf>
         <wf lemma="pa" pos="X">pa</wf>
         <wf lemma="zagotavlja" pos="X">zagotavlja</wf>
         <wf lemma="vrnitev" pos="X">vrnitev</wf>
         <wf lemma="duše" pos="X">duše</wf>
         <wf lemma="na" pos="X">na</wf>
         <wf lemma="svojo" pos="X">svojo</wf>
         <wf lemma="zvezdo" pos="X">zvezdo</wf>
         <wf lemma="in" pos="X">in</wf>
         <wf lemma="večno" pos="X">večno</wf>
         <wf lemma="življenje" pos="X">življenje</wf>
         <wf lemma="." pos="X">.</wf>
      </sentence>
      <sentence id="d000.s062" source="wordnet-slovenian">
         <wf lemma="Razstavo" pos="X">Razstavo</wf>
         <wf lemma="bo" pos="X">bo</wf>
         <wf lemma="v" pos="X">v</wf>
         <wf lemma="petek" pos="X">petek</wf>
         <wf lemma="," pos="X">,</wf>
         <wf lemma="7." pos="X">7.</wf>
         <wf lemma="maja" pos="X">maja</wf>
         <wf lemma="," pos="X">,</wf>
         <wf lemma="ob" pos="X">ob</wf>
         <wf lemma="19." pos="X">19.</wf>
         <instance id="d000.s062.t000" lemma="ura" pos="NOUN">uri</instance>
         <wf lemma="odprl" pos="X">odprl</wf>
         <wf lemma="Ivo" pos="X">Ivo</wf>
         <wf lemma="Bizjak" pos="X">Bizjak</wf>
         <wf lemma="," pos="X">,</wf>
         <wf lemma="varuh" pos="X">varuh</wf>
         <wf lemma="človekovih" pos="X">človekovih</wf>
         <wf lemma="pravic" pos="X">pravic</wf>
         <wf lemma="." pos="X">.</wf>
      </sentence>
      <sentence id="d000.s063" source="wordnet-slovenian">
         <wf lemma="O" pos="X">O</wf>
         <wf lemma="človeškem" pos="X">človeškem</wf>
         <wf lemma="srcu" pos="X">srcu</wf>
         <wf lemma="govorijo" pos="X">govorijo</wf>
         <wf lemma="Sveto" pos="X">Sveto</wf>
         <wf lemma="pismo" pos="X">pismo</wf>
         <wf lemma="Stare" pos="X">Stare</wf>
         <wf lemma="in" pos="X">in</wf>
         <wf lemma="Nove" pos="X">Nove</wf>
         <wf lemma="zaveze" pos="X">zaveze</wf>
         <wf lemma="," pos="X">,</wf>
         <wf lemma="mistiki" pos="X">mistiki</wf>
         <wf lemma="," pos="X">,</wf>
         <wf lemma="pesniki" pos="X">pesniki</wf>
         <wf lemma="in" pos="X">in</wf>
         <wf lemma="pisatelji" pos="X">pisatelji</wf>
         <wf lemma="ter" pos="X">ter</wf>
         <instance id="d000.s063.t000" lemma="človek" pos="NOUN">ljudje</instance>
         <wf lemma="v" pos="X">v</wf>
         <wf lemma="vsakdanjem" pos="X">vsakdanjem</wf>
         <wf lemma="pogovoru" pos="X">pogovoru</wf>
         <wf lemma="." pos="X">.</wf>
      </sentence>
      <sentence id="d000.s064" source="wordnet-slovenian">
         <wf lemma="Kljub" pos="X">Kljub</wf>
         <wf lemma="temu" pos="X">temu</wf>
         <wf lemma="že" pos="X">že</wf>
         <wf lemma="v" pos="X">v</wf>
         <wf lemma="zadnjih" pos="X">zadnjih</wf>
         <instance id="d000.s064.t000" lemma="mesec" pos="NOUN">mesecih</instance>
         <wf lemma="letošnjega" pos="X">letošnjega</wf>
         <wf lemma="leta" pos="X">leta</wf>
         <wf lemma="pričakujejo" pos="X">pričakujejo</wf>
         <wf lemma="prve" pos="X">prve</wf>
         <wf lemma="ladje" pos="X">ladje</wf>
         <wf lemma="premoga" pos="X">premoga</wf>
         <wf lemma="nanovo" pos="X">nanovo</wf>
         <wf lemma="izbranega" pos="X">izbranega</wf>
         <wf lemma="dobavitelja" pos="X">dobavitelja</wf>
         <wf lemma="," pos="X">,</wf>
         <wf lemma="od" pos="X">od</wf>
         <wf lemma="katerega" pos="X">katerega</wf>
         <wf lemma="bo" pos="X">bo</wf>
         <wf lemma="v" pos="X">v</wf>
         <wf lemma="treh" pos="X">treh</wf>
         <wf lemma="letih" pos="X">letih</wf>
         <wf lemma="TE" pos="X">TE</wf>
         <wf lemma="-" pos="X">-</wf>
         <wf lemma="TOL" pos="X">TOL</wf>
         <wf lemma="skupno" pos="X">skupno</wf>
         <wf lemma="kupila" pos="X">kupila</wf>
         <wf lemma="do" pos="X">do</wf>
         <wf lemma="1,450" pos="X">1,450</wf>
         <wf lemma="milijona" pos="X">milijona</wf>
         <wf lemma="ton" pos="X">ton</wf>
         <wf lemma="premoga" pos="X">premoga</wf>
         <wf lemma="." pos="X">.</wf>
      </sentence>
      <sentence id="d000.s065" source="wordnet-slovenian">
         <wf lemma="*" pos="X">*</wf>
         <wf lemma="Redno" pos="X">Redno</wf>
         <wf lemma="jejte" pos="X">jejte</wf>
         <wf lemma="," pos="X">,</wf>
         <wf lemma="da" pos="X">da</wf>
         <wf lemma="boste" pos="X">boste</wf>
         <wf lemma="ves" pos="X">ves</wf>
         <instance id="d000.s065.t000" lemma="dan" pos="NOUN">dan</instance>
         <wf lemma="ohranjali" pos="X">ohranjali</wf>
         <wf lemma="enakomerno" pos="X">enakomerno</wf>
         <wf lemma="raven" pos="X">raven</wf>
         <wf lemma="energije" pos="X">energije</wf>
         <wf lemma="." pos="X">.</wf>
      </sentence>
      <sentence id="d000.s066" source="wordnet-slovenian">
         <wf lemma="Izvajalca" pos="X">Izvajalca</wf>
         <wf lemma="," pos="X">,</wf>
         <wf lemma="ki" pos="X">ki</wf>
         <wf lemma="sta" pos="X">sta</wf>
         <wf lemma="skupaj" pos="X">skupaj</wf>
         <wf lemma="sodelovala" pos="X">sodelovala</wf>
         <wf lemma="na" pos="X">na</wf>
         <wf lemma="javnem" pos="X">javnem</wf>
         <wf lemma="razpisu" pos="X">razpisu</wf>
         <wf lemma="za" pos="X">za</wf>
         <wf lemma="graditev" pos="X">graditev</wf>
         <wf lemma="predora" pos="X">predora</wf>
         <wf lemma="Trojane" pos="X">Trojane</wf>
         <wf lemma="," pos="X">,</wf>
         <wf lemma="a" pos="X">a</wf>
         <wf lemma="dela" pos="X">dela</wf>
         <wf lemma="nista" pos="X">nista</wf>
         <wf lemma="dobila" pos="X">dobila</wf>
         <wf lemma="," pos="X">,</wf>
         <wf lemma="sta" pos="X">sta</wf>
         <wf lemma="izpodbijala" pos="X">izpodbijala</wf>
         <wf lemma="sklep" pos="X">sklep</wf>
         <wf lemma="državne" pos="X">državne</wf>
         <wf lemma="revizijske" pos="X">revizijske</wf>
         <instance id="d000.s066.t000" lemma="komisija" pos="NOUN">komisije</instance>
         <wf lemma="," pos="X">,</wf>
         <wf lemma="ki" pos="X">ki</wf>
         <wf lemma="jima" pos="X">jima</wf>
         <wf lemma="ni" pos="X">ni</wf>
         <wf lemma="dovolila" pos="X">dovolila</wf>
         <wf lemma="vpogled" pos="X">vpogled</wf>
         <wf lemma="v" pos="X">v</wf>
         <wf lemma="dokumentacijo" pos="X">dokumentacijo</wf>
         <wf lemma="konkurenčnega" pos="X">konkurenčnega</wf>
         <wf lemma="ponudnika" pos="X">ponudnika</wf>
         <wf lemma="," pos="X">,</wf>
         <wf lemma="italijanskega" pos="X">italijanskega</wf>
         <wf lemma="Grassetta" pos="X">Grassetta</wf>
         <wf lemma="." pos="X">.</wf>
      </sentence>
      <sentence id="d000.s067" source="wordnet-slovenian">
         <wf lemma="Kmetijski" pos="X">Kmetijski</wf>
         <wf lemma="minister" pos="X">minister</wf>
         <wf lemma="dr." pos="X">dr.</wf>
         <wf lemma="Milan" pos="X">Milan</wf>
         <wf lemma="Pogačnik" pos="X">Pogačnik</wf>
         <wf lemma="je" pos="X">je</wf>
         <wf lemma="o" pos="X">o</wf>
         <wf lemma="tem" pos="X">tem</wf>
         <wf lemma="povedal" pos="X">povedal</wf>
         <wf lemma=":" pos="X">:</wf>
         <wf lemma="»" pos="X">»</wf>
         <instance id="d000.s067.t000" lemma="mnenje" pos="NOUN">Mnenja</instance>
         <wf lemma="glede" pos="X">glede</wf>
         <wf lemma="učinkovitosti" pos="X">učinkovitosti</wf>
         <wf lemma="letalske" pos="X">letalske</wf>
         <wf lemma="obrambe" pos="X">obrambe</wf>
         <wf lemma="s" pos="X">s</wf>
         <wf lemma="posipavanjem" pos="X">posipavanjem</wf>
         <wf lemma="srebrovega" pos="X">srebrovega</wf>
         <wf lemma="jodida" pos="X">jodida</wf>
         <wf lemma="so" pos="X">so</wf>
         <wf lemma="deljena" pos="X">deljena</wf>
         <wf lemma="." pos="X">.</wf>
      </sentence>
      <sentence id="d000.s068" source="wordnet-slovenian">
         <wf lemma="Dr" pos="X">Dr</wf>
         <wf lemma="." pos="X">.</wf>
         <wf lemma="Bojan" pos="X">Bojan</wf>
         <wf lemma="Dekleva" pos="X">Dekleva</wf>
         <wf lemma=":" pos="X">:</wf>
         <wf lemma="&quot;" pos="X">&quot;</wf>
         <wf lemma="Tudi" pos="X">Tudi</wf>
         <wf lemma="če" pos="X">če</wf>
         <instance id="d000.s068.t000" lemma="otrok" pos="NOUN">otrok</instance>
         <wf lemma="po" pos="X">po</wf>
         <wf lemma="naravi" pos="X">naravi</wf>
         <wf lemma="ni" pos="X">ni</wf>
         <wf lemma="najbolj" pos="X">najbolj</wf>
         <wf lemma="odločen" pos="X">odločen</wf>
         <wf lemma="," pos="X">,</wf>
         <wf lemma="se" pos="X">se</wf>
         <wf lemma="lahko" pos="X">lahko</wf>
         <wf lemma="nauči" pos="X">nauči</wf>
         <wf lemma="nasilju" pos="X">nasilju</wf>
         <wf lemma="reči" pos="X">reči</wf>
         <wf lemma="'" pos="X">'</wf>
         <wf lemma="ne" pos="X">ne</wf>
         <wf lemma="'" pos="X">'</wf>
         <wf lemma="." pos="X">.</wf>
      </sentence>
      <sentence id="d000.s069" source="wordnet-slovenian">
         <wf lemma="Kaj" pos="X">Kaj</wf>
         <wf lemma="kliče" pos="X">kliče</wf>
         <wf lemma="-" pos="X">-</wf>
         <wf lemma="potiskajte" pos="X">potiskajte</wf>
         <wf lemma="z" pos="X">z</wf>
         <wf lemma="vso" pos="X">vso</wf>
         <instance id="d000.s069.t000" lemma="moč" pos="NOUN">močjo</instance>
         <wf lemma="?" pos="X">?</wf>
      </sentence>
      <sentence id="d000.s070" source="wordnet-slovenian">
         <instance id="d000.s070.t000" lemma="oče" pos="NOUN">Oče</instance>
         <wf lemma="mi" pos="X">mi</wf>
         <wf lemma="je" pos="X">je</wf>
         <wf lemma="podaril" pos="X">podaril</wf>
         <wf lemma="kamero" pos="X">kamero</wf>
         <wf lemma="super" pos="X">super</wf>
         <wf lemma="osem" pos="X">osem</wf>
         <wf lemma="." pos="X">.</wf>
      </sentence>
      <sentence id="d000.s071" source="wordnet-slovenian">
         <wf lemma="Vedel" pos="X">Vedel</wf>
         <wf lemma="sem" pos="X">sem</wf>
         <wf lemma="," pos="X">,</wf>
         <wf lemma="da" pos="X">da</wf>
         <wf lemma="je" pos="X">je</wf>
         <wf lemma="govorila" pos="X">govorila</wf>
         <wf lemma="o" pos="X">o</wf>
         <wf lemma="Casanovi" pos="X">Casanovi</wf>
         <wf lemma="in" pos="X">in</wf>
         <wf lemma="o" pos="X">o</wf>
         <wf lemma="strašni" pos="X">strašni</wf>
         <instance id="d000.s071.t000" lemma="hiša" pos="NOUN">hiši</instance>
         <wf lemma="," pos="X">,</wf>
         <wf lemma="kjer" pos="X">kjer</wf>
         <wf lemma="je" pos="X">je</wf>
         <wf lemma="zadrževal" pos="X">zadrževal</wf>
         <wf lemma="druge" pos="X">druge</wf>
         <wf lemma="ženske" pos="X">ženske</wf>
         <wf lemma="." pos="X">.</wf>
      </sentence>
      <sentence id="d000.s072" source="wordnet-slovenian">
         <wf lemma="V" pos="X">V</wf>
         <wf lemma="Sibiriji" pos="X">Sibiriji</wf>
         <wf lemma="so" pos="X">so</wf>
         <wf lemma="feministke" pos="X">feministke</wf>
         <wf lemma="ustanovile" pos="X">ustanovile</wf>
         <wf lemma="časopis" pos="X">časopis</wf>
         <wf lemma="za" pos="X">za</wf>
         <instance id="d000.s072.t000" lemma="ženska" pos="NOUN">ženske</instance>
         <wf lemma="." pos="X">.</wf>
      </sentence>
      <sentence id="d000.s073" source="wordnet-slovenian">
         <wf lemma="Spominjal" pos="X">Spominjal</wf>
         <wf lemma="se" pos="X">se</wf>
         <wf lemma="je" pos="X">je</wf>
         <wf lemma="njunih" pos="X">njunih</wf>
         <wf lemma="skupnih" pos="X">skupnih</wf>
         <instance id="d000.s073.t000" lemma="leto" pos="NOUN">let</instance>
         <wf lemma="in" pos="X">in</wf>
         <wf lemma="se" pos="X">se</wf>
         <wf lemma="nikakor" pos="X">nikakor</wf>
         <wf lemma="ni" pos="X">ni</wf>
         <wf lemma="mogel" pos="X">mogel</wf>
         <wf lemma="otresti" pos="X">otresti</wf>
         <wf lemma="misli" pos="X">misli</wf>
         <wf lemma="nanje" pos="X">nanje</wf>
         <wf lemma="." pos="X">.</wf>
      </sentence>
      <sentence id="d000.s074" source="wordnet-slovenian">
         <wf lemma="Beckhamovi" pos="X">Beckhamovi</wf>
         <wf lemma="agenti" pos="X">agenti</wf>
         <wf lemma="so" pos="X">so</wf>
         <wf lemma="tedaj" pos="X">tedaj</wf>
         <wf lemma="v" pos="X">v</wf>
         <wf lemma="izjavi" pos="X">izjavi</wf>
         <wf lemma="dejali" pos="X">dejali</wf>
         <wf lemma="," pos="X">,</wf>
         <wf lemma="da" pos="X">da</wf>
         <wf lemma="je" pos="X">je</wf>
         <wf lemma="igralec" pos="X">igralec</wf>
         <wf lemma="nad" pos="X">nad</wf>
         <wf lemma="Unitedovo" pos="X">Unitedovo</wf>
         <wf lemma="potezo" pos="X">potezo</wf>
         <wf lemma="&quot;" pos="X">&quot;</wf>
         <wf lemma="presenečen" pos="X">presenečen</wf>
         <wf lemma="in" pos="X">in</wf>
         <wf lemma="razočaran" pos="X">razočaran</wf>
         <wf lemma="&quot;" pos="X">&quot;</wf>
         <wf lemma="," pos="X">,</wf>
         <wf lemma="že" pos="X">že</wf>
         <wf lemma="tedaj" pos="X">tedaj</wf>
         <wf lemma="pa" pos="X">pa</wf>
         <wf lemma="se" pos="X">se</wf>
         <wf lemma="je" pos="X">je</wf>
         <wf lemma="dalo" pos="X">dalo</wf>
         <wf lemma="med" pos="X">med</wf>
         <wf lemma="vrsticami" pos="X">vrsticami</wf>
         <wf lemma="razbrati" pos="X">razbrati</wf>
         <wf lemma="," pos="X">,</wf>
         <wf lemma="da" pos="X">da</wf>
         <wf lemma="ga" pos="X">ga</wf>
         <wf lemma="veliko" pos="X">veliko</wf>
         <wf lemma="bolj" pos="X">bolj</wf>
         <wf lemma="kot" pos="X">kot</wf>
         <wf lemma="selitev" pos="X">selitev</wf>
         <wf lemma="v" pos="X">v</wf>
         <wf lemma="letos" pos="X">letos</wf>
         <wf lemma="skromno" pos="X">skromno</wf>
         <wf lemma="Barcelono" pos="X">Barcelono</wf>
         <wf lemma="zanima" pos="X">zanima</wf>
         <wf lemma="igranje" pos="X">igranje</wf>
         <wf lemma="za" pos="X">za</wf>
         <wf lemma="najbolj" pos="X">najbolj</wf>
         <wf lemma="prestižen" pos="X">prestižen</wf>
         <instance id="d000.s074.t000" lemma="klub" pos="NOUN">klub</instance>
         <wf lemma="," pos="X">,</wf>
         <wf lemma="kar" pos="X">kar</wf>
         <wf lemma="jih" pos="X">jih</wf>
         <wf lemma="je" pos="X">je</wf>
         <wf lemma="." pos="X">.</wf>
      </sentence>
      <sentence id="d000.s075" source="wordnet-slovenian">
         <wf lemma="PRAV" pos="X">PRAV</wf>
         <wf lemma="IDEALIZACIJA" pos="X">IDEALIZACIJA</wf>
         <wf lemma="DOLOČENIH" pos="X">DOLOČENIH</wf>
         <instance id="d000.s075.t000" lemma="oblika" pos="NOUN">OBLIK</instance>
         <wf lemma="LEPOTE" pos="X">LEPOTE</wf>
         <wf lemma="JE" pos="X">JE</wf>
         <wf lemma="NA" pos="X">NA</wf>
         <wf lemma="PRIMER" pos="X">PRIMER</wf>
         <wf lemma="PRISPEVALA" pos="X">PRISPEVALA</wf>
         <wf lemma="K" pos="X">K</wf>
         <wf lemma="OBLIKOVANJU" pos="X">OBLIKOVANJU</wf>
         <wf lemma="IN" pos="X">IN</wf>
         <wf lemma="USTANOVITVAM" pos="X">USTANOVITVAM</wf>
         <wf lemma="NACIONALNIH" pos="X">NACIONALNIH</wf>
         <wf lemma="PARKOV" pos="X">PARKOV</wf>
         <wf lemma="(" pos="X">(</wf>
         <wf lemma="AITCHISON" pos="X">AITCHISON</wf>
         <wf lemma="2002" pos="X">2002</wf>
         <wf lemma=")" pos="X">)</wf>
         <wf lemma="." pos="X">.</wf>
      </sentence>
      <sentence id="d000.s076" source="wordnet-slovenian">
         <wf lemma="Nekaj" pos="X">Nekaj</wf>
         <wf lemma="je" pos="X">je</wf>
         <wf lemma="je" pos="X">je</wf>
         <wf lemma="bilo" pos="X">bilo</wf>
         <wf lemma="v" pos="X">v</wf>
         <wf lemma="zadnjih" pos="X">zadnjih</wf>
         <wf lemma="letih" pos="X">letih</wf>
         <wf lemma="," pos="X">,</wf>
         <wf lemma="vendar" pos="X">vendar</wf>
         <wf lemma="so" pos="X">so</wf>
         <wf lemma="," pos="X">,</wf>
         <wf lemma="zlasti" pos="X">zlasti</wf>
         <wf lemma="na" pos="X">na</wf>
         <wf lemma="Koroškem" pos="X">Koroškem</wf>
         <wf lemma="," pos="X">,</wf>
         <wf lemma="ta" pos="X">ta</wf>
         <instance id="d000.s076.t000" lemma="podjetje" pos="NOUN">podjetja</instance>
         <wf lemma="žalostno" pos="X">žalostno</wf>
         <wf lemma="propadla" pos="X">propadla</wf>
         <wf lemma="." pos="X">.</wf>
      </sentence>
      <sentence id="d000.s077" source="wordnet-slovenian">
         <wf lemma="Morda" pos="X">Morda</wf>
         <wf lemma="se" pos="X">se</wf>
         <wf lemma="jim" pos="X">jim</wf>
         <wf lemma="nič" pos="X">nič</wf>
         <wf lemma="od" pos="X">od</wf>
         <wf lemma="tega" pos="X">tega</wf>
         <wf lemma="," pos="X">,</wf>
         <wf lemma="kar" pos="X">kar</wf>
         <wf lemma="je" pos="X">je</wf>
         <wf lemma="povedal" pos="X">povedal</wf>
         <wf lemma="," pos="X">,</wf>
         <wf lemma="ni" pos="X">ni</wf>
         <wf lemma="zdelo" pos="X">zdelo</wf>
         <wf lemma="tako" pos="X">tako</wf>
         <wf lemma="zelo" pos="X">zelo</wf>
         <wf lemma="pomembno" pos="X">pomembno</wf>
         <wf lemma="za" pos="X">za</wf>
         <wf lemma="prihodnost" pos="X">prihodnost</wf>
         <wf lemma="Kitajske" pos="X">Kitajske</wf>
         <wf lemma="," pos="X">,</wf>
         <wf lemma="kakor" pos="X">kakor</wf>
         <wf lemma="so" pos="X">so</wf>
         <wf lemma="se" pos="X">se</wf>
         <wf lemma="jim" pos="X">jim</wf>
         <wf lemma="zdele" pos="X">zdele</wf>
         <wf lemma="usodne" pos="X">usodne</wf>
         <wf lemma="Busheve" pos="X">Busheve</wf>
         <instance id="d000.s077.t000" lemma="beseda" pos="NOUN">besede</instance>
         <wf lemma="," pos="X">,</wf>
         <wf lemma="je" pos="X">je</wf>
         <wf lemma="pa" pos="X">pa</wf>
         <wf lemma="pred" pos="X">pred</wf>
         <wf lemma="njimi" pos="X">njimi</wf>
         <wf lemma="stal" pos="X">stal</wf>
         <wf lemma="idol" pos="X">idol</wf>
         <wf lemma="," pos="X">,</wf>
         <wf lemma="kakršnega" pos="X">kakršnega</wf>
         <wf lemma="bi" pos="X">bi</wf>
         <wf lemma="vsekakor" pos="X">vsekakor</wf>
         <wf lemma="radi" pos="X">radi</wf>
         <wf lemma="imeli" pos="X">imeli</wf>
         <wf lemma="na" pos="X">na</wf>
         <wf lemma="čelu" pos="X">čelu</wf>
         <wf lemma="svoje" pos="X">svoje</wf>
         <wf lemma="države" pos="X">države</wf>
         <wf lemma="." pos="X">.</wf>
      </sentence>
      <sentence id="d000.s078" source="wordnet-slovenian">
         <wf lemma="Švedski" pos="X">Švedski</wf>
         <wf lemma="parlament" pos="X">parlament</wf>
         <wf lemma="ima" pos="X">ima</wf>
         <wf lemma="oblikovano" pos="X">oblikovano</wf>
         <wf lemma="delovno" pos="X">delovno</wf>
         <wf lemma="telo" pos="X">telo</wf>
         <wf lemma="," pos="X">,</wf>
         <wf lemma="ki" pos="X">ki</wf>
         <wf lemma="vsakih" pos="X">vsakih</wf>
         <wf lemma="pet" pos="X">pet</wf>
         <wf lemma="let" pos="X">let</wf>
         <wf lemma="predlaga" pos="X">predlaga</wf>
         <wf lemma="določene" pos="X">določene</wf>
         <instance id="d000.s078.t000" lemma="sprememba" pos="NOUN">spremembe</instance>
         <wf lemma="na" pos="X">na</wf>
         <wf lemma="področju" pos="X">področju</wf>
         <wf lemma="nacionalne" pos="X">nacionalne</wf>
         <wf lemma="varnosti" pos="X">varnosti</wf>
         <wf lemma="," pos="X">,</wf>
         <wf lemma="naredi" pos="X">naredi</wf>
         <wf lemma="oceno" pos="X">oceno</wf>
         <wf lemma="za" pos="X">za</wf>
         <wf lemma="nazaj" pos="X">nazaj</wf>
         <wf lemma="in" pos="X">in</wf>
         <wf lemma="predlaga" pos="X">predlaga</wf>
         <wf lemma="spremembe" pos="X">spremembe</wf>
         <wf lemma="za" pos="X">za</wf>
         <wf lemma="naprej" pos="X">naprej</wf>
         <wf lemma="," pos="X">,</wf>
         <wf lemma="tako" pos="X">tako</wf>
         <wf lemma="da" pos="X">da</wf>
         <wf lemma="se" pos="X">se</wf>
         <wf lemma="neka" pos="X">neka</wf>
         <wf lemma="doktrina" pos="X">doktrina</wf>
         <wf lemma="ne" pos="X">ne</wf>
         <wf lemma="zabetonira" pos="X">zabetonira</wf>
         <wf lemma="kot" pos="X">kot</wf>
         <wf lemma="nekaj" pos="X">nekaj</wf>
         <wf lemma="nesprejemljivega" pos="X">nesprejemljivega</wf>
         <wf lemma="." pos="X">.</wf>
      </sentence>
      <sentence id="d000.s079" source="wordnet-slovenian">
         <wf lemma="Zato" pos="X">Zato</wf>
         <wf lemma="ker" pos="X">ker</wf>
         <wf lemma="je" pos="X">je</wf>
         <wf lemma="družba" pos="X">družba</wf>
         <wf lemma="vedno" pos="X">vedno</wf>
         <wf lemma="bolj" pos="X">bolj</wf>
         <wf lemma="permisivna" pos="X">permisivna</wf>
         <wf lemma="," pos="X">,</wf>
         <wf lemma="vse" pos="X">vse</wf>
         <wf lemma="dopuščajoča" pos="X">dopuščajoča</wf>
         <wf lemma="," pos="X">,</wf>
         <wf lemma="se" pos="X">se</wf>
         <wf lemma="vedno" pos="X">vedno</wf>
         <wf lemma="manj" pos="X">manj</wf>
         <wf lemma="državljanov" pos="X">državljanov</wf>
         <wf lemma="drži" pos="X">drži</wf>
         <wf lemma="pravil" pos="X">pravil</wf>
         <wf lemma="," pos="X">,</wf>
         <wf lemma="ki" pos="X">ki</wf>
         <wf lemma="so" pos="X">so</wf>
         <wf lemma="temeljni" pos="X">temeljni</wf>
         <wf lemma="pogoj" pos="X">pogoj</wf>
         <wf lemma="za" pos="X">za</wf>
         <wf lemma="rast" pos="X">rast</wf>
         <instance id="d000.s079.t000" lemma="človek" pos="NOUN">človeka</instance>
         <wf lemma="in" pos="X">in</wf>
         <wf lemma="civilizacije" pos="X">civilizacije</wf>
         <wf lemma="." pos="X">.</wf>
      </sentence>
      <sentence id="d000.s080" source="wordnet-slovenian">
         <wf lemma="Tisto" pos="X">Tisto</wf>
         <wf lemma="kar" pos="X">kar</wf>
         <wf lemma="bo" pos="X">bo</wf>
         <wf lemma="ostalo" pos="X">ostalo</wf>
         <wf lemma="od" pos="X">od</wf>
         <wf lemma="Libeskindovega" pos="X">Libeskindovega</wf>
         <wf lemma="načrta" pos="X">načrta</wf>
         <wf lemma="," pos="X">,</wf>
         <wf lemma="sta" pos="X">sta</wf>
         <wf lemma="spektakularna" pos="X">spektakularna</wf>
         <wf lemma="mestna" pos="X">mestna</wf>
         <instance id="d000.s080.t000" lemma="trg" pos="NOUN">trga</instance>
         <wf lemma="," pos="X">,</wf>
         <wf lemma="kakršna" pos="X">kakršna</wf>
         <wf lemma="sta" pos="X">sta</wf>
         <wf lemma="na" pos="X">na</wf>
         <wf lemma="Manhattnu" pos="X">Manhattnu</wf>
         <wf lemma="popolnoma" pos="X">popolnoma</wf>
         <wf lemma="neznana" pos="X">neznana</wf>
         <wf lemma="," pos="X">,</wf>
         <wf lemma="vzpenjajoči" pos="X">vzpenjajoči</wf>
         <wf lemma="se" pos="X">se</wf>
         <wf lemma="obris" pos="X">obris</wf>
         <wf lemma="Vrtov" pos="X">Vrtov</wf>
         <wf lemma="sveta" pos="X">sveta</wf>
         <wf lemma="na" pos="X">na</wf>
         <wf lemma="nebu" pos="X">nebu</wf>
         <wf lemma="in" pos="X">in</wf>
         <wf lemma="najbolj" pos="X">najbolj</wf>
         <wf lemma="inteligenten" pos="X">inteligenten</wf>
         <wf lemma="spomenik" pos="X">spomenik</wf>
         <wf lemma="," pos="X">,</wf>
         <wf lemma="ki" pos="X">ki</wf>
         <wf lemma="ga" pos="X">ga</wf>
         <wf lemma="je" pos="X">je</wf>
         <wf lemma="bilo" pos="X">bilo</wf>
         <wf lemma="mogoče" pos="X">mogoče</wf>
         <wf lemma="postaviti" pos="X">postaviti</wf>
         <wf lemma="žrtvam" pos="X">žrtvam</wf>
         <wf lemma="11." pos="X">11.</wf>
         <wf lemma="septembra" pos="X">septembra</wf>
         <wf lemma="." pos="X">.</wf>
      </sentence>
      <sentence id="d000.s081" source="wordnet-slovenian">
         <wf lemma="Tedaj" pos="X">Tedaj</wf>
         <wf lemma="bodo" pos="X">bodo</wf>
         <wf lemma="nekdanji" pos="X">nekdanji</wf>
         <wf lemma="imetniki" pos="X">imetniki</wf>
         <wf lemma="stanovanjske" pos="X">stanovanjske</wf>
         <instance id="d000.s081.t000" lemma="pravica" pos="NOUN">pravice</instance>
         <wf lemma="za" pos="X">za</wf>
         <wf lemma="povprečno" pos="X">povprečno</wf>
         <wf lemma="50" pos="X">50</wf>
         <wf lemma="kvadratnih" pos="X">kvadratnih</wf>
         <wf lemma="metrov" pos="X">metrov</wf>
         <wf lemma="veliko" pos="X">veliko</wf>
         <wf lemma="stanovanje" pos="X">stanovanje</wf>
         <wf lemma="plačali" pos="X">plačali</wf>
         <wf lemma="22,8" pos="X">22,8</wf>
         <wf lemma="odstotka" pos="X">odstotka</wf>
         <wf lemma="več" pos="X">več</wf>
         <wf lemma="kot" pos="X">kot</wf>
         <wf lemma="po" pos="X">po</wf>
         <wf lemma="zgoraj" pos="X">zgoraj</wf>
         <wf lemma="omenjeni" pos="X">omenjeni</wf>
         <wf lemma="uskladitvi" pos="X">uskladitvi</wf>
         <wf lemma="," pos="X">,</wf>
         <wf lemma="najemnikom" pos="X">najemnikom</wf>
         <wf lemma="v" pos="X">v</wf>
         <wf lemma="novejših" pos="X">novejših</wf>
         <wf lemma="stanovanjih" pos="X">stanovanjih</wf>
         <wf lemma="," pos="X">,</wf>
         <wf lemma="ki" pos="X">ki</wf>
         <wf lemma="so" pos="X">so</wf>
         <wf lemma="doslej" pos="X">doslej</wf>
         <wf lemma="plačevali" pos="X">plačevali</wf>
         <wf lemma="najvišje" pos="X">najvišje</wf>
         <wf lemma="stopnje" pos="X">stopnje</wf>
         <wf lemma="," pos="X">,</wf>
         <wf lemma="se" pos="X">se</wf>
         <wf lemma="bo" pos="X">bo</wf>
         <wf lemma="najemnina" pos="X">najemnina</wf>
         <wf lemma="za" pos="X">za</wf>
         <wf lemma="7,9" pos="X">7,9</wf>
         <wf lemma="odstotka" pos="X">odstotka</wf>
         <wf lemma="znižala" pos="X">znižala</wf>
         <wf lemma="," pos="X">,</wf>
         <wf lemma="denacionalizacijskim" pos="X">denacionalizacijskim</wf>
         <wf lemma="upravičencem" pos="X">upravičencem</wf>
         <wf lemma="pa" pos="X">pa</wf>
         <wf lemma="se" pos="X">se</wf>
         <wf lemma="bo" pos="X">bo</wf>
         <wf lemma="zvišala" pos="X">zvišala</wf>
         <wf lemma="kar" pos="X">kar</wf>
         <wf lemma="za" pos="X">za</wf>
         <wf lemma="84,2" pos="X">84,2</wf>
         <wf lemma="odstotka" pos="X">odstotka</wf>
         <wf lemma="." pos="X">.</wf>
      </sentence>
      <sentence id="d000.s082" source="wordnet-slovenian">
         <wf lemma="V" pos="X">V</wf>
         <wf lemma="kmetijstvu" pos="X">kmetijstvu</wf>
         <wf lemma="Poljska" pos="X">Poljska</wf>
         <wf lemma="ne" pos="X">ne</wf>
         <wf lemma="zahteva" pos="X">zahteva</wf>
         <wf lemma="splošnega" pos="X">splošnega</wf>
         <wf lemma="prehodnega" pos="X">prehodnega</wf>
         <instance id="d000.s082.t000" lemma="obdobje" pos="NOUN">obdobja</instance>
         <wf lemma="," pos="X">,</wf>
         <wf lemma="kot" pos="X">kot</wf>
         <wf lemma="sta" pos="X">sta</wf>
         <wf lemma="ga" pos="X">ga</wf>
         <wf lemma="," pos="X">,</wf>
         <wf lemma="denimo" pos="X">denimo</wf>
         <wf lemma="," pos="X">,</wf>
         <wf lemma="Španija" pos="X">Španija</wf>
         <wf lemma="in" pos="X">in</wf>
         <wf lemma="Portugalska" pos="X">Portugalska</wf>
         <wf lemma="." pos="X">.</wf>
      </sentence>
      <sentence id="d000.s083" source="wordnet-slovenian">
         <wf lemma="SE" pos="X">SE</wf>
         <wf lemma="BOM" pos="X">BOM</wf>
         <wf lemma="NA" pos="X">NA</wf>
         <wf lemma="TEM" pos="X">TEM</wf>
         <instance id="d000.s083.t000" lemma="mesto" pos="NOUN">MESTU</instance>
         <wf lemma="OMEJILA" pos="X">OMEJILA</wf>
         <wf lemma="LE" pos="X">LE</wf>
         <wf lemma="NA" pos="X">NA</wf>
         <wf lemma="KRATKO" pos="X">KRATKO</wf>
         <wf lemma="BIOGRAFIJO" pos="X">BIOGRAFIJO</wf>
         <wf lemma="." pos="X">.</wf>
      </sentence>
      <sentence id="d000.s084" source="wordnet-slovenian">
         <wf lemma="Če" pos="X">Če</wf>
         <wf lemma="pa" pos="X">pa</wf>
         <wf lemma="si" pos="X">si</wf>
         <wf lemma="partnerja" pos="X">partnerja</wf>
         <wf lemma="določita" pos="X">določita</wf>
         <wf lemma="vsak" pos="X">vsak</wf>
         <wf lemma="svoj" pos="X">svoj</wf>
         <wf lemma="&quot;" pos="X">&quot;</wf>
         <wf lemma="revir" pos="X">revir</wf>
         <wf lemma="&quot;" pos="X">&quot;</wf>
         <wf lemma="," pos="X">,</wf>
         <wf lemma="ponavadi" pos="X">ponavadi</wf>
         <wf lemma="ni" pos="X">ni</wf>
         <instance id="d000.s084.t000" lemma="težava" pos="NOUN">težav</instance>
         <wf lemma="." pos="X">.</wf>
      </sentence>
      <sentence id="d000.s085" source="wordnet-slovenian">
         <instance id="d000.s085.t000" lemma="država" pos="NOUN">Država</instance>
         <wf lemma="potemtakem" pos="X">potemtakem</wf>
         <wf lemma="mora" pos="X">mora</wf>
         <wf lemma="uvesti" pos="X">uvesti</wf>
         <wf lemma="nove" pos="X">nove</wf>
         <wf lemma="davke" pos="X">davke</wf>
         <wf lemma="," pos="X">,</wf>
         <wf lemma="če" pos="X">če</wf>
         <wf lemma="hoče" pos="X">hoče</wf>
         <wf lemma="ohraniti" pos="X">ohraniti</wf>
         <wf lemma="zatečeno" pos="X">zatečeno</wf>
         <wf lemma="stanje" pos="X">stanje</wf>
         <wf lemma="," pos="X">,</wf>
         <wf lemma="ali" pos="X">ali</wf>
         <wf lemma="pa" pos="X">pa</wf>
         <wf lemma="zaposlene" pos="X">zaposlene</wf>
         <wf lemma="v" pos="X">v</wf>
         <wf lemma="javnem" pos="X">javnem</wf>
         <wf lemma="sektorju" pos="X">sektorju</wf>
         <wf lemma="odpuščati" pos="X">odpuščati</wf>
         <wf lemma="." pos="X">.</wf>
      </sentence>
      <sentence id="d000.s086" source="wordnet-slovenian">
         <wf lemma="«19" pos="X">«19</wf>
         <wf lemma="Institucija" pos="X">Institucija</wf>
         <wf lemma="je" pos="X">je</wf>
         <wf lemma="za" pos="X">za</wf>
         <wf lemma="Mary" pos="X">Mary</wf>
         <wf lemma="Douglas" pos="X">Douglas</wf>
         <wf lemma="sprejetje" pos="X">sprejetje</wf>
         <wf lemma="določenega" pos="X">določenega</wf>
         <wf lemma="miselnega" pos="X">miselnega</wf>
         <wf lemma="sloga" pos="X">sloga</wf>
         <wf lemma="," pos="X">,</wf>
         <wf lemma="prevzetje" pos="X">prevzetje</wf>
         <wf lemma="skupnih" pos="X">skupnih</wf>
         <wf lemma="definicij" pos="X">definicij</wf>
         <wf lemma="za" pos="X">za</wf>
         <wf lemma="določene" pos="X">določene</wf>
         <wf lemma="kategorije" pos="X">kategorije</wf>
         <wf lemma="," pos="X">,</wf>
         <wf lemma="kar" pos="X">kar</wf>
         <wf lemma="daje" pos="X">daje</wf>
         <wf lemma="vtis" pos="X">vtis</wf>
         <wf lemma="," pos="X">,</wf>
         <wf lemma="da" pos="X">da</wf>
         <wf lemma="institucije" pos="X">institucije</wf>
         <wf lemma="mislijo" pos="X">mislijo</wf>
         <wf lemma="same" pos="X">same</wf>
         <wf lemma="od" pos="X">od</wf>
         <wf lemma="sebe" pos="X">sebe</wf>
         <wf lemma="in" pos="X">in</wf>
         <wf lemma="nato" pos="X">nato</wf>
         <wf lemma="posameznike" pos="X">posameznike</wf>
         <wf lemma="in" pos="X">in</wf>
         <instance id="d000.s086.t000" lemma="postopek" pos="NOUN">postopke</instance>
         <wf lemma="," pos="X">,</wf>
         <wf lemma="ki" pos="X">ki</wf>
         <wf lemma="potekajo" pos="X">potekajo</wf>
         <wf lemma="v" pos="X">v</wf>
         <wf lemma="instituciji" pos="X">instituciji</wf>
         <wf lemma="," pos="X">,</wf>
         <wf lemma="dejansko" pos="X">dejansko</wf>
         <wf lemma="poenotijo" pos="X">poenotijo</wf>
         <wf lemma="in" pos="X">in</wf>
         <wf lemma="iz" pos="X">iz</wf>
         <wf lemma="raznoličnih" pos="X">raznoličnih</wf>
         <wf lemma="posameznikov" pos="X">posameznikov</wf>
         <wf lemma="naredijo" pos="X">naredijo</wf>
         <wf lemma="skupino" pos="X">skupino</wf>
         <wf lemma="." pos="X">.</wf>
      </sentence>
      <sentence id="d000.s087" source="wordnet-slovenian">
         <wf lemma="Priznala" pos="X">Priznala</wf>
         <wf lemma="je" pos="X">je</wf>
         <wf lemma="," pos="X">,</wf>
         <wf lemma="da" pos="X">da</wf>
         <wf lemma="se" pos="X">se</wf>
         <wf lemma="tudi" pos="X">tudi</wf>
         <wf lemma="v" pos="X">v</wf>
         <wf lemma="kuhinji" pos="X">kuhinji</wf>
         <wf lemma="kdaj" pos="X">kdaj</wf>
         <wf lemma="pa" pos="X">pa</wf>
         <wf lemma="kdaj" pos="X">kdaj</wf>
         <wf lemma="zgodi" pos="X">zgodi</wf>
         <wf lemma="kakšna" pos="X">kakšna</wf>
         <wf lemma="nesreča" pos="X">nesreča</wf>
         <wf lemma=":" pos="X">:</wf>
         <wf lemma="&quot;" pos="X">&quot;</wf>
         <wf lemma="Nekateri" pos="X">Nekateri</wf>
         <wf lemma="pravijo" pos="X">pravijo</wf>
         <wf lemma="," pos="X">,</wf>
         <wf lemma="da" pos="X">da</wf>
         <wf lemma="razbiti" pos="X">razbiti</wf>
         <wf lemma="krožniki" pos="X">krožniki</wf>
         <wf lemma="prinašajo" pos="X">prinašajo</wf>
         <wf lemma="srečo" pos="X">srečo</wf>
         <wf lemma="," pos="X">,</wf>
         <wf lemma="drugi" pos="X">drugi</wf>
         <wf lemma="nesrečo" pos="X">nesrečo</wf>
         <wf lemma="," pos="X">,</wf>
         <wf lemma="meni" pos="X">meni</wf>
         <wf lemma="pa" pos="X">pa</wf>
         <wf lemma="taka" pos="X">taka</wf>
         <wf lemma="nesreča" pos="X">nesreča</wf>
         <wf lemma="prinaša" pos="X">prinaša</wf>
         <wf lemma="le" pos="X">le</wf>
         <wf lemma="dodatno" pos="X">dodatno</wf>
         <instance id="d000.s087.t000" lemma="delo" pos="NOUN">delo</instance>
         <wf lemma="-" pos="X">-</wf>
         <wf lemma="pospravljanje" pos="X">pospravljanje</wf>
         <wf lemma="." pos="X">.</wf>
      </sentence>
      <sentence id="d000.s088" source="wordnet-slovenian">
         <wf lemma="Ni" pos="X">Ni</wf>
         <wf lemma="čudno" pos="X">čudno</wf>
         <wf lemma="," pos="X">,</wf>
         <wf lemma="če" pos="X">če</wf>
         <instance id="d000.s088.t000" lemma="človek" pos="NOUN">ljudje</instance>
         <wf lemma="ne" pos="X">ne</wf>
         <wf lemma="utegnejo" pos="X">utegnejo</wf>
         <wf lemma="izklopiti" pos="X">izklopiti</wf>
         <wf lemma="televizije" pos="X">televizije</wf>
         <wf lemma="," pos="X">,</wf>
         <wf lemma="preden" pos="X">preden</wf>
         <wf lemma="zaspijo" pos="X">zaspijo</wf>
         <wf lemma="." pos="X">.</wf>
      </sentence>
      <sentence id="d000.s089" source="wordnet-slovenian">
         <wf lemma="Te" pos="X">Te</wf>
         <instance id="d000.s089.t000" lemma="primer" pos="NOUN">primere</instance>
         <wf lemma="je" pos="X">je</wf>
         <wf lemma="treba" pos="X">treba</wf>
         <wf lemma="reševati" pos="X">reševati</wf>
         <wf lemma="in" pos="X">in</wf>
         <wf lemma="rešiti" pos="X">rešiti</wf>
         <wf lemma="." pos="X">.</wf>
      </sentence>
      <sentence id="d000.s090" source="wordnet-slovenian">
         <wf lemma="Vsakoletni" pos="X">Vsakoletni</wf>
         <wf lemma="pregled" pos="X">pregled</wf>
         <wf lemma="spolnih" pos="X">spolnih</wf>
         <wf lemma="organov" pos="X">organov</wf>
         <wf lemma="in" pos="X">in</wf>
         <wf lemma="še" pos="X">še</wf>
         <wf lemma="pogostejši" pos="X">pogostejši</wf>
         <wf lemma="," pos="X">,</wf>
         <wf lemma="če" pos="X">če</wf>
         <wf lemma="pogosto" pos="X">pogosto</wf>
         <wf lemma="menjate" pos="X">menjate</wf>
         <wf lemma="spolne" pos="X">spolne</wf>
         <wf lemma="partnerje" pos="X">partnerje</wf>
         <wf lemma="," pos="X">,</wf>
         <wf lemma="bi" pos="X">bi</wf>
         <wf lemma="moral" pos="X">moral</wf>
         <wf lemma="odkriti" pos="X">odkriti</wf>
         <wf lemma="navzočnost" pos="X">navzočnost</wf>
         <wf lemma="SPB" pos="X">SPB</wf>
         <wf lemma="v" pos="X">v</wf>
         <instance id="d000.s090.t000" lemma="čas" pos="NOUN">času</instance>
         <wf lemma="," pos="X">,</wf>
         <wf lemma="ko" pos="X">ko</wf>
         <wf lemma="je" pos="X">je</wf>
         <wf lemma="mogoče" pos="X">mogoče</wf>
         <wf lemma="še" pos="X">še</wf>
         <wf lemma="preprečiti" pos="X">preprečiti</wf>
         <wf lemma="nepopravljivo" pos="X">nepopravljivo</wf>
         <wf lemma="škodo" pos="X">škodo</wf>
         <wf lemma="," pos="X">,</wf>
         <wf lemma="zato" pos="X">zato</wf>
         <wf lemma="nikoli" pos="X">nikoli</wf>
         <wf lemma="ne" pos="X">ne</wf>
         <wf lemma="zanemarite" pos="X">zanemarite</wf>
         <wf lemma="bolečine" pos="X">bolečine</wf>
         <wf lemma="v" pos="X">v</wf>
         <wf lemma="medenici" pos="X">medenici</wf>
         <wf lemma="ali" pos="X">ali</wf>
         <wf lemma="vaginalne" pos="X">vaginalne</wf>
         <wf lemma="infekcije" pos="X">infekcije</wf>
         <wf lemma="." pos="X">.</wf>
      </sentence>
      <sentence id="d000.s091" source="wordnet-slovenian">
         <wf lemma="Ne" pos="X">Ne</wf>
         <wf lemma="samo" pos="X">samo</wf>
         <wf lemma="v" pos="X">v</wf>
         <instance id="d000.s091.t000" lemma="kraj" pos="NOUN">kraju</instance>
         <wf lemma="," pos="X">,</wf>
         <wf lemma="kjer" pos="X">kjer</wf>
         <wf lemma="živite" pos="X">živite</wf>
         <wf lemma="," pos="X">,</wf>
         <wf lemma="povprašajte" pos="X">povprašajte</wf>
         <wf lemma="tudi" pos="X">tudi</wf>
         <wf lemma="v" pos="X">v</wf>
         <wf lemma="ostalih" pos="X">ostalih</wf>
         <wf lemma="drevesnicah" pos="X">drevesnicah</wf>
         <wf lemma="in" pos="X">in</wf>
         <wf lemma="vrtnarijah" pos="X">vrtnarijah</wf>
         <wf lemma="po" pos="X">po</wf>
         <wf lemma="Sloveniji" pos="X">Sloveniji</wf>
         <wf lemma="," pos="X">,</wf>
         <wf lemma="saj" pos="X">saj</wf>
         <wf lemma="vam" pos="X">vam</wf>
         <wf lemma="številne" pos="X">številne</wf>
         <wf lemma="vrtnarije" pos="X">vrtnarije</wf>
         <wf lemma="naročeno" pos="X">naročeno</wf>
         <wf lemma="tudi" pos="X">tudi</wf>
         <wf lemma="pošljejo" pos="X">pošljejo</wf>
         <wf lemma="." pos="X">.</wf>
      </sentence>
      <sentence id="d000.s092" source="wordnet-slovenian">
         <wf lemma="Pisateljica" pos="X">Pisateljica</wf>
         <wf lemma="vedno" pos="X">vedno</wf>
         <wf lemma="izhaja" pos="X">izhaja</wf>
         <wf lemma="iz" pos="X">iz</wf>
         <wf lemma="osebne" pos="X">osebne</wf>
         <wf lemma="(" pos="X">(</wf>
         <wf lemma="popotniške" pos="X">popotniške</wf>
         <wf lemma=")" pos="X">)</wf>
         <wf lemma="izkušnje" pos="X">izkušnje</wf>
         <wf lemma="," pos="X">,</wf>
         <wf lemma="njeno" pos="X">njeno</wf>
         <wf lemma="pisanje" pos="X">pisanje</wf>
         <wf lemma="prežemajo" pos="X">prežemajo</wf>
         <wf lemma="stvarni" pos="X">stvarni</wf>
         <wf lemma="zgodovinski" pos="X">zgodovinski</wf>
         <wf lemma="in" pos="X">in</wf>
         <wf lemma="geografski" pos="X">geografski</wf>
         <instance id="d000.s092.t000" lemma="podatek" pos="NOUN">podatki</instance>
         <wf lemma="," pos="X">,</wf>
         <wf lemma="opisi" pos="X">opisi</wf>
         <wf lemma="afriškega" pos="X">afriškega</wf>
         <wf lemma="okolja" pos="X">okolja</wf>
         <wf lemma="in" pos="X">in</wf>
         <wf lemma="komentarji" pos="X">komentarji</wf>
         <wf lemma="," pos="X">,</wf>
         <wf lemma="v" pos="X">v</wf>
         <wf lemma="katerih" pos="X">katerih</wf>
         <wf lemma="simpatizira" pos="X">simpatizira</wf>
         <wf lemma="z" pos="X">z</wf>
         <wf lemma="afriškimi" pos="X">afriškimi</wf>
         <wf lemma="domačini" pos="X">domačini</wf>
         <wf lemma="ter" pos="X">ter</wf>
         <wf lemma="posredno" pos="X">posredno</wf>
         <wf lemma="ali" pos="X">ali</wf>
         <wf lemma="neposredno" pos="X">neposredno</wf>
         <wf lemma="opozarja" pos="X">opozarja</wf>
         <wf lemma="na" pos="X">na</wf>
         <wf lemma="kvarni" pos="X">kvarni</wf>
         <wf lemma="vpliv" pos="X">vpliv</wf>
         <wf lemma="kolonizacije" pos="X">kolonizacije</wf>
         <wf lemma="," pos="X">,</wf>
         <wf lemma="ki" pos="X">ki</wf>
         <wf lemma="je" pos="X">je</wf>
         <wf lemma="tako" pos="X">tako</wf>
         <wf lemma="močno" pos="X">močno</wf>
         <wf lemma="zaznamovala" pos="X">zaznamovala</wf>
         <wf lemma="današnjo" pos="X">današnjo</wf>
         <wf lemma="podobo" pos="X">podobo</wf>
         <wf lemma="Afrike" pos="X">Afrike</wf>
         <wf lemma="," pos="X">,</wf>
         <wf lemma="vendar" pos="X">vendar</wf>
         <wf lemma="pa" pos="X">pa</wf>
         <wf lemma="vse" pos="X">vse</wf>
         <wf lemma="to" pos="X">to</wf>
         <wf lemma="uokvirja" pos="X">uokvirja</wf>
         <wf lemma="v" pos="X">v</wf>
         <wf lemma="literarno" pos="X">literarno</wf>
         <wf lemma="oblikovano" pos="X">oblikovano</wf>
         <wf lemma="zgodbo" pos="X">zgodbo</wf>
         <wf lemma="." pos="X">.</wf>
      </sentence>
      <sentence id="d000.s093" source="wordnet-slovenian">
         <wf lemma="Zdaj" pos="X">Zdaj</wf>
         <instance id="d000.s093.t000" lemma="človek" pos="NOUN">ljudje</instance>
         <wf lemma="tekajo" pos="X">tekajo</wf>
         <wf lemma="kar" pos="X">kar</wf>
         <wf lemma="čez" pos="X">čez</wf>
         <wf lemma="tire" pos="X">tire</wf>
         <wf lemma="ali" pos="X">ali</wf>
         <wf lemma="se" pos="X">se</wf>
         <wf lemma="plazijo" pos="X">plazijo</wf>
         <wf lemma="ob" pos="X">ob</wf>
         <wf lemma="strugi" pos="X">strugi</wf>
         <wf lemma="potoka" pos="X">potoka</wf>
         <wf lemma="." pos="X">.</wf>
      </sentence>
      <sentence id="d000.s094" source="wordnet-slovenian">
         <wf lemma="Še" pos="X">Še</wf>
         <instance id="d000.s094.t000" lemma="leto" pos="NOUN">leta</instance>
         <wf lemma="1967" pos="X">1967</wf>
         <wf lemma="so" pos="X">so</wf>
         <wf lemma="v" pos="X">v</wf>
         <wf lemma="vaški" pos="X">vaški</wf>
         <wf lemma="mlekarni" pos="X">mlekarni</wf>
         <wf lemma="iz" pos="X">iz</wf>
         <wf lemma="dveh" pos="X">dveh</wf>
         <wf lemma="molž" pos="X">molž</wf>
         <wf lemma="natočili" pos="X">natočili</wf>
         <wf lemma="1,7" pos="X">1,7</wf>
         <wf lemma="tone" pos="X">tone</wf>
         <wf lemma="mleka" pos="X">mleka</wf>
         <wf lemma="," pos="X">,</wf>
         <wf lemma="danes" pos="X">danes</wf>
         <wf lemma="pa" pos="X">pa</wf>
         <wf lemma="niti" pos="X">niti</wf>
         <wf lemma="enega" pos="X">enega</wf>
         <wf lemma="litra" pos="X">litra</wf>
         <wf lemma="." pos="X">.</wf>
      </sentence>
      <sentence id="d000.s095" source="wordnet-slovenian">
         <wf lemma="»" pos="X">»</wf>
         <wf lemma="Ne" pos="X">Ne</wf>
         <wf lemma="govorimo" pos="X">govorimo</wf>
         <wf lemma="na" pos="X">na</wf>
         <wf lemma="pamet" pos="X">pamet</wf>
         <wf lemma="," pos="X">,</wf>
         <wf lemma="ker" pos="X">ker</wf>
         <wf lemma="predvidevamo" pos="X">predvidevamo</wf>
         <wf lemma="," pos="X">,</wf>
         <wf lemma="da" pos="X">da</wf>
         <wf lemma="bi" pos="X">bi</wf>
         <wf lemma="država" pos="X">država</wf>
         <wf lemma="v" pos="X">v</wf>
         <wf lemma="prvem" pos="X">prvem</wf>
         <instance id="d000.s095.t000" lemma="leto" pos="NOUN">letu</instance>
         <wf lemma="dobila" pos="X">dobila</wf>
         <wf lemma="350" pos="X">350</wf>
         <wf lemma="milijonov" pos="X">milijonov</wf>
         <wf lemma="dolarjev" pos="X">dolarjev</wf>
         <wf lemma="pomoči" pos="X">pomoči</wf>
         <wf lemma="za" pos="X">za</wf>
         <wf lemma="lastninjenje" pos="X">lastninjenje</wf>
         <wf lemma="," pos="X">,</wf>
         <wf lemma="nato" pos="X">nato</wf>
         <wf lemma="pa" pos="X">pa</wf>
         <wf lemma="je" pos="X">je</wf>
         <wf lemma="treba" pos="X">treba</wf>
         <wf lemma="začeti" pos="X">začeti</wf>
         <wf lemma="reforme" pos="X">reforme</wf>
         <wf lemma="bančnega" pos="X">bančnega</wf>
         <wf lemma="sistema" pos="X">sistema</wf>
         <wf lemma="," pos="X">,</wf>
         <wf lemma="uravnotežiti" pos="X">uravnotežiti</wf>
         <wf lemma="državni" pos="X">državni</wf>
         <wf lemma="proračun" pos="X">proračun</wf>
         <wf lemma="in" pos="X">in</wf>
         <wf lemma="utrditi" pos="X">utrditi</wf>
         <wf lemma="tečaj" pos="X">tečaj</wf>
         <wf lemma="dinarja" pos="X">dinarja</wf>
         <wf lemma="," pos="X">,</wf>
         <wf lemma="«" pos="X">«</wf>
         <wf lemma="pojasnjuje" pos="X">pojasnjuje</wf>
         <wf lemma="Dinkić" pos="X">Dinkić</wf>
         <wf lemma="." pos="X">.</wf>
      </sentence>
      <sentence id="d000.s096" source="wordnet-slovenian">
         <wf lemma="Avstrijska" pos="X">Avstrijska</wf>
         <instance id="d000.s096.t000" lemma="vlada" pos="NOUN">vlada</instance>
         <wf lemma="je" pos="X">je</wf>
         <wf lemma="bila" pos="X">bila</wf>
         <wf lemma="v" pos="X">v</wf>
         <wf lemma="soboto" pos="X">soboto</wf>
         <wf lemma="na" pos="X">na</wf>
         <wf lemma="odmevnem" pos="X">odmevnem</wf>
         <wf lemma="potepu" pos="X">potepu</wf>
         <wf lemma="ob" pos="X">ob</wf>
         <wf lemma="avstrijsko" pos="X">avstrijsko</wf>
         <wf lemma="-" pos="X">-</wf>
         <wf lemma="slovenski" pos="X">slovenski</wf>
         <wf lemma="meji" pos="X">meji</wf>
         <wf lemma="." pos="X">.</wf>
      </sentence>
      <sentence id="d000.s097" source="wordnet-slovenian">
         <wf lemma="Skoraj" pos="X">Skoraj</wf>
         <wf lemma="tako" pos="X">tako</wf>
         <wf lemma="lepo" pos="X">lepo</wf>
         <wf lemma="diši" pos="X">diši</wf>
         <wf lemma="," pos="X">,</wf>
         <wf lemma="kot" pos="X">kot</wf>
         <wf lemma="je" pos="X">je</wf>
         <wf lemma="dišalo" pos="X">dišalo</wf>
         <wf lemma="tiste" pos="X">tiste</wf>
         <wf lemma="praznične" pos="X">praznične</wf>
         <instance id="d000.s097.t000" lemma="dan" pos="NOUN">dni</instance>
         <wf lemma="doma" pos="X">doma</wf>
         <wf lemma="." pos="X">.</wf>
      </sentence>
      <sentence id="d000.s098" source="wordnet-slovenian">
         <wf lemma="Narečja" pos="X">Narečja</wf>
         <wf lemma="razmejujejo" pos="X">razmejujejo</wf>
         <wf lemma="izoglose" pos="X">izoglose</wf>
         <wf lemma="črte" pos="X">črte</wf>
         <wf lemma="na" pos="X">na</wf>
         <wf lemma="zemljevidu" pos="X">zemljevidu</wf>
         <wf lemma="," pos="X">,</wf>
         <wf lemma="ki" pos="X">ki</wf>
         <wf lemma="zaznamujejo" pos="X">zaznamujejo</wf>
         <wf lemma="mejo" pos="X">mejo</wf>
         <wf lemma="med" pos="X">med</wf>
         <wf lemma="območjem" pos="X">območjem</wf>
         <wf lemma="ene" pos="X">ene</wf>
         <wf lemma="besede" pos="X">besede</wf>
         <wf lemma="," pos="X">,</wf>
         <instance id="d000.s098.t000" lemma="oblika" pos="NOUN">oblike</instance>
         <wf lemma="ali" pos="X">ali</wf>
         <wf lemma="izgovorjave" pos="X">izgovorjave</wf>
         <wf lemma="in" pos="X">in</wf>
         <wf lemma="druge" pos="X">druge</wf>
         <wf lemma="." pos="X">.</wf>
      </sentence>
      <sentence id="d000.s099" source="wordnet-slovenian">
         <wf lemma="Naslova" pos="X">Naslova</wf>
         <wf lemma="svetovnega" pos="X">svetovnega</wf>
         <wf lemma="prvaka" pos="X">prvaka</wf>
         <wf lemma="v" pos="X">v</wf>
         <instance id="d000.s099.t000" lemma="razred" pos="NOUN">razredu</instance>
         <wf lemma="do" pos="X">do</wf>
         <wf lemma="125" pos="X">125</wf>
         <wf lemma="kubičnih" pos="X">kubičnih</wf>
         <wf lemma="centimetrov" pos="X">centimetrov</wf>
         <wf lemma="se" pos="X">se</wf>
         <wf lemma="je" pos="X">je</wf>
         <wf lemma="veselil" pos="X">veselil</wf>
         <wf lemma="Manuel" pos="X">Manuel</wf>
         <wf lemma="Poggiali" pos="X">Poggiali</wf>
         <wf lemma="(" pos="X">(</wf>
         <wf lemma="San" pos="X">San</wf>
         <wf lemma="Marino" pos="X">Marino</wf>
         <wf lemma=")" pos="X">)</wf>
         <wf lemma="," pos="X">,</wf>
         <wf lemma="ki" pos="X">ki</wf>
         <wf lemma="mu" pos="X">mu</wf>
         <wf lemma="je" pos="X">je</wf>
         <wf lemma="zadoščalo" pos="X">zadoščalo</wf>
         <wf lemma="že" pos="X">že</wf>
         <wf lemma="peto" pos="X">peto</wf>
         <wf lemma="mesto" pos="X">mesto</wf>
         <wf lemma="na" pos="X">na</wf>
         <wf lemma="sobotni" pos="X">sobotni</wf>
         <wf lemma="dirki" pos="X">dirki</wf>
         <wf lemma="za" pos="X">za</wf>
         <wf lemma="&quot;" pos="X">&quot;</wf>
         <wf lemma="Veliko" pos="X">Veliko</wf>
         <wf lemma="nagrado" pos="X">nagrado</wf>
         <wf lemma="Brazilije" pos="X">Brazilije</wf>
         <wf lemma="&quot;" pos="X">&quot;</wf>
         <wf lemma="v" pos="X">v</wf>
         <wf lemma="Riu" pos="X">Riu</wf>
         <wf lemma="de" pos="X">de</wf>
         <wf lemma="Janieru" pos="X">Janieru</wf>
         <wf lemma="." pos="X">.</wf>
      </sentence>
      <sentence id="d000.s100" source="wordnet-slovenian">
         <wf lemma="Naročnik" pos="X">Naročnik</wf>
         <wf lemma="," pos="X">,</wf>
         <wf lemma="ki" pos="X">ki</wf>
         <wf lemma="bo" pos="X">bo</wf>
         <wf lemma="tokrat" pos="X">tokrat</wf>
         <wf lemma="prvi" pos="X">prvi</wf>
         <wf lemma="poklical" pos="X">poklical</wf>
         <wf lemma="in" pos="X">in</wf>
         <wf lemma="povedal" pos="X">povedal</wf>
         <wf lemma="pravi" pos="X">pravi</wf>
         <instance id="d000.s100.t000" lemma="naslov" pos="NOUN">naslov</instance>
         <wf lemma="," pos="X">,</wf>
         <wf lemma="bo" pos="X">bo</wf>
         <wf lemma="prejel" pos="X">prejel</wf>
         <wf lemma="praktično" pos="X">praktično</wf>
         <wf lemma="nagrado" pos="X">nagrado</wf>
         <wf lemma="." pos="X">.</wf>
      </sentence>
      <sentence id="d000.s101" source="wordnet-slovenian">
         <wf lemma="HKRATI" pos="X">HKRATI</wf>
         <wf lemma="SE" pos="X">SE</wf>
         <wf lemma="ZAČUDI" pos="X">ZAČUDI</wf>
         <wf lemma="NAD" pos="X">NAD</wf>
         <wf lemma="SVOJO" pos="X">SVOJO</wf>
         <wf lemma="PRISEBNOSTJO" pos="X">PRISEBNOSTJO</wf>
         <wf lemma="IN" pos="X">IN</wf>
         <wf lemma="FIZIČNO" pos="X">FIZIČNO</wf>
         <instance id="d000.s101.t000" lemma="moč" pos="NOUN">MOČJO</instance>
         <wf lemma="," pos="X">,</wf>
         <wf lemma="KI" pos="X">KI</wf>
         <wf lemma="STA" pos="X">STA</wf>
         <wf lemma="JI" pos="X">JI</wf>
         <wf lemma="SKUPAJ" pos="X">SKUPAJ</wf>
         <wf lemma="S" pos="X">S</wf>
         <wf lemma="PREDHODNIM" pos="X">PREDHODNIM</wf>
         <wf lemma="UČENJEM" pos="X">UČENJEM</wf>
         <wf lemma="SAMOOBRAMBE" pos="X">SAMOOBRAMBE</wf>
         <wf lemma="OMOGOČILI" pos="X">OMOGOČILI</wf>
         <wf lemma="," pos="X">,</wf>
         <wf lemma="DA" pos="X">DA</wf>
         <wf lemma="SE" pos="X">SE</wf>
         <wf lemma="JE" pos="X">JE</wf>
         <wf lemma="NAPADOV" pos="X">NAPADOV</wf>
         <wf lemma="UBRANILA" pos="X">UBRANILA</wf>
         <wf lemma="." pos="X">.</wf>
      </sentence>
      <sentence id="d000.s102" source="wordnet-slovenian">
         <wf lemma="Gospa" pos="X">Gospa</wf>
         <wf lemma="Katarina" pos="X">Katarina</wf>
         <wf lemma="je" pos="X">je</wf>
         <wf lemma="kuharica" pos="X">kuharica</wf>
         <wf lemma="že" pos="X">že</wf>
         <wf lemma="34" pos="X">34</wf>
         <instance id="d000.s102.t000" lemma="leto" pos="NOUN">let</instance>
         <wf lemma=":" pos="X">:</wf>
         <wf lemma="&quot;" pos="X">&quot;</wf>
         <wf lemma="Kot" pos="X">Kot</wf>
         <wf lemma="kmečko" pos="X">kmečko</wf>
         <wf lemma="dekle" pos="X">dekle</wf>
         <wf lemma="nisem" pos="X">nisem</wf>
         <wf lemma="imela" pos="X">imela</wf>
         <wf lemma="možnosti" pos="X">možnosti</wf>
         <wf lemma="za" pos="X">za</wf>
         <wf lemma="šolanje" pos="X">šolanje</wf>
         <wf lemma="in" pos="X">in</wf>
         <wf lemma="začela" pos="X">začela</wf>
         <wf lemma="sem" pos="X">sem</wf>
         <wf lemma="kot" pos="X">kot</wf>
         <wf lemma="pomivalka" pos="X">pomivalka</wf>
         <wf lemma="," pos="X">,</wf>
         <wf lemma="potem" pos="X">potem</wf>
         <wf lemma="pa" pos="X">pa</wf>
         <wf lemma="sem" pos="X">sem</wf>
         <wf lemma="se" pos="X">se</wf>
         <wf lemma="šolala" pos="X">šolala</wf>
         <wf lemma="ob" pos="X">ob</wf>
         <wf lemma="rednem" pos="X">rednem</wf>
         <wf lemma="delu" pos="X">delu</wf>
         <wf lemma="." pos="X">.</wf>
      </sentence>
      <sentence id="d000.s103" source="wordnet-slovenian">
         <wf lemma="S" pos="X">S</wf>
         <wf lemma="1." pos="X">1.</wf>
         <wf lemma="členom" pos="X">členom</wf>
         <wf lemma="zakona" pos="X">zakona</wf>
         <wf lemma="o" pos="X">o</wf>
         <wf lemma="vojaški" pos="X">vojaški</wf>
         <wf lemma="dolžnosti" pos="X">dolžnosti</wf>
         <wf lemma="pa" pos="X">pa</wf>
         <wf lemma="država" pos="X">država</wf>
         <wf lemma="dela" pos="X">dela</wf>
         <wf lemma="razlike" pos="X">razlike</wf>
         <wf lemma="med" pos="X">med</wf>
         <wf lemma="moškim" pos="X">moškim</wf>
         <wf lemma="in" pos="X">in</wf>
         <wf lemma="ženskim" pos="X">ženskim</wf>
         <wf lemma="spolom" pos="X">spolom</wf>
         <wf lemma="," pos="X">,</wf>
         <wf lemma="saj" pos="X">saj</wf>
         <wf lemma="vojaško" pos="X">vojaško</wf>
         <wf lemma="dolžnost" pos="X">dolžnost</wf>
         <wf lemma="izvajajo" pos="X">izvajajo</wf>
         <wf lemma="v" pos="X">v</wf>
         <wf lemma="miru" pos="X">miru</wf>
         <wf lemma="in" pos="X">in</wf>
         <instance id="d000.s103.t000" lemma="vojna" pos="NOUN">vojni</instance>
         <wf lemma="moški" pos="X">moški</wf>
         <wf lemma="državljani" pos="X">državljani</wf>
         <wf lemma="," pos="X">,</wf>
         <wf lemma="skladno" pos="X">skladno</wf>
         <wf lemma="z" pos="X">z</wf>
         <wf lemma="zakonom" pos="X">zakonom</wf>
         <wf lemma="pa" pos="X">pa</wf>
         <wf lemma="lahko" pos="X">lahko</wf>
         <wf lemma="sodelujejo" pos="X">sodelujejo</wf>
         <wf lemma="tudi" pos="X">tudi</wf>
         <wf lemma="ženske" pos="X">ženske</wf>
         <wf lemma="." pos="X">.</wf>
      </sentence>
      <sentence id="d000.s104" source="wordnet-slovenian">
         <wf lemma="Želi" pos="X">Želi</wf>
         <wf lemma="še" pos="X">še</wf>
         <wf lemma="kdo" pos="X">kdo</wf>
         <instance id="d000.s104.t000" lemma="beseda" pos="NOUN">besedo</instance>
         <wf lemma="?" pos="X">?</wf>
      </sentence>
      <sentence id="d000.s105" source="wordnet-slovenian">
         <wf lemma="«" pos="X">«</wf>
         <wf lemma="Barbarossa" pos="X">Barbarossa</wf>
         <wf lemma="je" pos="X">je</wf>
         <wf lemma="razburjeno" pos="X">razburjeno</wf>
         <wf lemma="pomolil" pos="X">pomolil</wf>
         <instance id="d000.s105.t000" lemma="glava" pos="NOUN">glavo</instance>
         <wf lemma="skozi" pos="X">skozi</wf>
         <wf lemma="vrata" pos="X">vrata</wf>
         <wf lemma="." pos="X">.</wf>
      </sentence>
      <sentence id="d000.s106" source="wordnet-slovenian">
         <instance id="d000.s106.t000" lemma="denar" pos="NOUN">Denar</instance>
         <wf lemma="sam" pos="X">sam</wf>
         <wf lemma="po" pos="X">po</wf>
         <wf lemma="sebi" pos="X">sebi</wf>
         <wf lemma="ni" pos="X">ni</wf>
         <wf lemma="ne" pos="X">ne</wf>
         <wf lemma="dobro" pos="X">dobro</wf>
         <wf lemma="ne" pos="X">ne</wf>
         <wf lemma="zlo" pos="X">zlo</wf>
         <wf lemma="," pos="X">,</wf>
         <wf lemma="eno" pos="X">eno</wf>
         <wf lemma="ali" pos="X">ali</wf>
         <wf lemma="drugo" pos="X">drugo</wf>
         <wf lemma="postane" pos="X">postane</wf>
         <wf lemma="šele" pos="X">šele</wf>
         <wf lemma="v" pos="X">v</wf>
         <wf lemma="zvezi" pos="X">zvezi</wf>
         <wf lemma="s" pos="X">s</wf>
         <wf lemma="človekovim" pos="X">človekovim</wf>
         <wf lemma="delovanjem" pos="X">delovanjem</wf>
         <wf lemma="." pos="X">.</wf>
      </sentence>
      <sentence id="d000.s107" source="wordnet-slovenian">
         <wf lemma="-" pos="X">-</wf>
         <wf lemma="Z" pos="X">Z</wf>
         <wf lemma="DNEM" pos="X">DNEM</wf>
         <wf lemma="," pos="X">,</wf>
         <wf lemma="KO" pos="X">KO</wf>
         <wf lemma="DOPOLNI" pos="X">DOPOLNI</wf>
         <wf lemma="40" pos="X">40</wf>
         <wf lemma="LET" pos="X">LET</wf>
         <wf lemma="POKOJNINSKE" pos="X">POKOJNINSKE</wf>
         <wf lemma="DOBE" pos="X">DOBE</wf>
         <wf lemma="," pos="X">,</wf>
         <wf lemma="ČE" pos="X">ČE</wf>
         <wf lemma="PRISTOJNI" pos="X">PRISTOJNI</wf>
         <wf lemma="ORGAN" pos="X">ORGAN</wf>
         <wf lemma="ORGANIZACIJE" pos="X">ORGANIZACIJE</wf>
         <wf lemma="OZIROMA" pos="X">OZIROMA</wf>
         <wf lemma="DELODAJALCA" pos="X">DELODAJALCA</wf>
         <wf lemma="V" pos="X">V</wf>
         <wf lemma="SKLADU" pos="X">SKLADU</wf>
         <wf lemma="S" pos="X">S</wf>
         <instance id="d000.s107.t000" lemma="pogoj" pos="NOUN">POGOJI</instance>
         <wf lemma="," pos="X">,</wf>
         <wf lemma="KI" pos="X">KI</wf>
         <wf lemma="JIH" pos="X">JIH</wf>
         <wf lemma="DOLOČI" pos="X">DOLOČI</wf>
         <wf lemma="KOLEKTIVNA" pos="X">KOLEKTIVNA</wf>
         <wf lemma="POGODBA" pos="X">POGODBA</wf>
         <wf lemma="," pos="X">,</wf>
         <wf lemma="OZIROMA" pos="X">OZIROMA</wf>
         <wf lemma="S" pos="X">S</wf>
         <wf lemma="SPLOŠNIM" pos="X">SPLOŠNIM</wf>
         <wf lemma="AKTOM" pos="X">AKTOM</wf>
         <wf lemma="NE" pos="X">NE</wf>
         <wf lemma="ODLOČI" pos="X">ODLOČI</wf>
         <wf lemma="," pos="X">,</wf>
         <wf lemma="DA" pos="X">DA</wf>
         <wf lemma="LAHKO" pos="X">LAHKO</wf>
         <wf lemma="NADALJUJE" pos="X">NADALJUJE</wf>
         <wf lemma="DELOVNO" pos="X">DELOVNO</wf>
         <wf lemma="RAZMERJE" pos="X">RAZMERJE</wf>
         <wf lemma="." pos="X">.</wf>
      </sentence>
      <sentence id="d000.s108" source="wordnet-slovenian">
         <wf lemma="Stari" pos="X">Stari</wf>
         <wf lemma="sivolasi" pos="X">sivolasi</wf>
         <wf lemma="možakar" pos="X">možakar</wf>
         <wf lemma="," pos="X">,</wf>
         <wf lemma="ki" pos="X">ki</wf>
         <wf lemma="je" pos="X">je</wf>
         <wf lemma="sedel" pos="X">sedel</wf>
         <wf lemma="eno" pos="X">eno</wf>
         <instance id="d000.s108.t000" lemma="vrsta" pos="NOUN">vrsto</instance>
         <wf lemma="za" pos="X">za</wf>
         <wf lemma="mano" pos="X">mano</wf>
         <wf lemma="," pos="X">,</wf>
         <wf lemma="se" pos="X">se</wf>
         <wf lemma="je" pos="X">je</wf>
         <wf lemma="takoj" pos="X">takoj</wf>
         <wf lemma="naslonil" pos="X">naslonil</wf>
         <wf lemma="nazaj" pos="X">nazaj</wf>
         <wf lemma="," pos="X">,</wf>
         <wf lemma="zavihal" pos="X">zavihal</wf>
         <wf lemma="ovratnik" pos="X">ovratnik</wf>
         <wf lemma="plašča" pos="X">plašča</wf>
         <wf lemma="," pos="X">,</wf>
         <wf lemma="da" pos="X">da</wf>
         <wf lemma="ga" pos="X">ga</wf>
         <wf lemma="ne" pos="X">ne</wf>
         <wf lemma="bi" pos="X">bi</wf>
         <wf lemma="naslonjalo" pos="X">naslonjalo</wf>
         <wf lemma="tiščalo" pos="X">tiščalo</wf>
         <wf lemma="v" pos="X">v</wf>
         <wf lemma="vrat" pos="X">vrat</wf>
         <wf lemma="," pos="X">,</wf>
         <wf lemma="in" pos="X">in</wf>
         <wf lemma="zaprl" pos="X">zaprl</wf>
         <wf lemma="oči" pos="X">oči</wf>
         <wf lemma="." pos="X">.</wf>
      </sentence>
      <sentence id="d000.s109" source="wordnet-slovenian">
         <wf lemma="&quot;" pos="X">&quot;</wf>
         <wf lemma="Srečna" pos="X">Srečna</wf>
         <wf lemma="sem" pos="X">sem</wf>
         <wf lemma="," pos="X">,</wf>
         <wf lemma="&quot;" pos="X">&quot;</wf>
         <wf lemma="je" pos="X">je</wf>
         <wf lemma="dejala" pos="X">dejala</wf>
         <wf lemma="," pos="X">,</wf>
         <wf lemma="&quot;" pos="X">&quot;</wf>
         <wf lemma="ker" pos="X">ker</wf>
         <wf lemma="toliko" pos="X">toliko</wf>
         <wf lemma="igram" pos="X">igram</wf>
         <wf lemma="(" pos="X">(</wf>
         <wf lemma="kljub" pos="X">kljub</wf>
         <wf lemma="mladosti" pos="X">mladosti</wf>
         <wf lemma="je" pos="X">je</wf>
         <wf lemma="posnela" pos="X">posnela</wf>
         <wf lemma="že" pos="X">že</wf>
         <wf lemma="37" pos="X">37</wf>
         <wf lemma="filmov" pos="X">filmov</wf>
         <wf lemma=")" pos="X">)</wf>
         <wf lemma="," pos="X">,</wf>
         <wf lemma="ker" pos="X">ker</wf>
         <wf lemma="sem" pos="X">sem</wf>
         <wf lemma="tu" pos="X">tu</wf>
         <wf lemma="med" pos="X">med</wf>
         <wf lemma="vami" pos="X">vami</wf>
         <wf lemma="," pos="X">,</wf>
         <wf lemma="in" pos="X">in</wf>
         <wf lemma="nesrečna" pos="X">nesrečna</wf>
         <wf lemma="," pos="X">,</wf>
         <wf lemma="ker" pos="X">ker</wf>
         <wf lemma="bolj" pos="X">bolj</wf>
         <wf lemma="ko" pos="X">ko</wf>
         <wf lemma="se" pos="X">se</wf>
         <wf lemma="dviga" pos="X">dviga</wf>
         <wf lemma="k" pos="X">k</wf>
         <wf lemma="vrhu" pos="X">vrhu</wf>
         <wf lemma="moje" pos="X">moje</wf>
         <wf lemma="profesionalno" pos="X">profesionalno</wf>
         <wf lemma="filmsko" pos="X">filmsko</wf>
         <instance id="d000.s109.t000" lemma="življenje" pos="NOUN">življenje</instance>
         <wf lemma="," pos="X">,</wf>
         <wf lemma="bolj" pos="X">bolj</wf>
         <wf lemma="se" pos="X">se</wf>
         <wf lemma="na" pos="X">na</wf>
         <wf lemma="drugi" pos="X">drugi</wf>
         <wf lemma="strani" pos="X">strani</wf>
         <wf lemma="spušča" pos="X">spušča</wf>
         <wf lemma="kakovost" pos="X">kakovost</wf>
         <wf lemma="mojega" pos="X">mojega</wf>
         <wf lemma="zasebnega" pos="X">zasebnega</wf>
         <wf lemma="življenja" pos="X">življenja</wf>
         <wf lemma="." pos="X">.</wf>
      </sentence>
      <sentence id="d000.s110" source="wordnet-slovenian">
         <wf lemma="Toda" pos="X">Toda</wf>
         <wf lemma="spet" pos="X">spet</wf>
         <wf lemma="jih" pos="X">jih</wf>
         <wf lemma="je" pos="X">je</wf>
         <wf lemma="presenetil" pos="X">presenetil</wf>
         <wf lemma="," pos="X">,</wf>
         <wf lemma="ko" pos="X">ko</wf>
         <wf lemma="je" pos="X">je</wf>
         <wf lemma="v" pos="X">v</wf>
         <wf lemma="bliskovitem" pos="X">bliskovitem</wf>
         <wf lemma="manevru" pos="X">manevru</wf>
         <wf lemma="na" pos="X">na</wf>
         <wf lemma="dagestansko" pos="X">dagestansko</wf>
         <wf lemma="-" pos="X">-</wf>
         <wf lemma="čečenski" pos="X">čečenski</wf>
         <wf lemma="meji" pos="X">meji</wf>
         <wf lemma="zajel" pos="X">zajel</wf>
         <wf lemma="22" pos="X">22</wf>
         <wf lemma="ruskih" pos="X">ruskih</wf>
         <wf lemma="policistov" pos="X">policistov</wf>
         <wf lemma="," pos="X">,</wf>
         <wf lemma="ki" pos="X">ki</wf>
         <wf lemma="jih" pos="X">jih</wf>
         <wf lemma="je" pos="X">je</wf>
         <wf lemma="potem" pos="X">potem</wf>
         <wf lemma="čez" pos="X">čez</wf>
         <wf lemma="nekaj" pos="X">nekaj</wf>
         <instance id="d000.s110.t000" lemma="dan" pos="NOUN">dni</instance>
         <wf lemma="izpustil" pos="X">izpustil</wf>
         <wf lemma="." pos="X">.</wf>
      </sentence>
      <sentence id="d000.s111" source="wordnet-slovenian">
         <wf lemma="Za" pos="X">Za</wf>
         <wf lemma="njo" pos="X">njo</wf>
         <wf lemma="je" pos="X">je</wf>
         <wf lemma="na" pos="X">na</wf>
         <wf lemma="lestvici" pos="X">lestvici</wf>
         <wf lemma="prvih" pos="X">prvih</wf>
         <wf lemma="tridesetih" pos="X">tridesetih</wf>
         <wf lemma="še" pos="X">še</wf>
         <wf lemma="29" pos="X">29</wf>
         <instance id="d000.s111.t000" lemma="mesto" pos="NOUN">mest</instance>
         <wf lemma="z" pos="X">z</wf>
         <wf lemma="juga" pos="X">juga</wf>
         <wf lemma="," pos="X">,</wf>
         <wf lemma="medtem" pos="X">medtem</wf>
         <wf lemma="ko" pos="X">ko</wf>
         <wf lemma="je" pos="X">je</wf>
         <wf lemma="na" pos="X">na</wf>
         <wf lemma="drugi" pos="X">drugi</wf>
         <wf lemma="lestvici" pos="X">lestvici</wf>
         <wf lemma="," pos="X">,</wf>
         <wf lemma="ki" pos="X">ki</wf>
         <wf lemma="kaže" pos="X">kaže</wf>
         <wf lemma="mesta" pos="X">mesta</wf>
         <wf lemma="z" pos="X">z</wf>
         <wf lemma="najmanj" pos="X">najmanj</wf>
         <wf lemma="brezposelnimi" pos="X">brezposelnimi</wf>
         <wf lemma="," pos="X">,</wf>
         <wf lemma="na" pos="X">na</wf>
         <wf lemma="vrhu" pos="X">vrhu</wf>
         <wf lemma="kar" pos="X">kar</wf>
         <wf lemma="trideset" pos="X">trideset</wf>
         <wf lemma="mest" pos="X">mest</wf>
         <wf lemma="s" pos="X">s</wf>
         <wf lemma="severa" pos="X">severa</wf>
         <wf lemma="," pos="X">,</wf>
         <wf lemma="na" pos="X">na</wf>
         <wf lemma="prvem" pos="X">prvem</wf>
         <wf lemma="pa" pos="X">pa</wf>
         <wf lemma="je" pos="X">je</wf>
         <wf lemma="Bozen" pos="X">Bozen</wf>
         <wf lemma="(" pos="X">(</wf>
         <wf lemma="Bolzano" pos="X">Bolzano</wf>
         <wf lemma=")" pos="X">)</wf>
         <wf lemma="na" pos="X">na</wf>
         <wf lemma="južnem" pos="X">južnem</wf>
         <wf lemma="Tirolskem" pos="X">Tirolskem</wf>
         <wf lemma="," pos="X">,</wf>
         <wf lemma="kjer" pos="X">kjer</wf>
         <wf lemma="je" pos="X">je</wf>
         <wf lemma="uradno" pos="X">uradno</wf>
         <wf lemma="brezposelnih" pos="X">brezposelnih</wf>
         <wf lemma="samo" pos="X">samo</wf>
         <wf lemma="2,4" pos="X">2,4</wf>
         <wf lemma="odstotka" pos="X">odstotka</wf>
         <wf lemma="prebivalcev" pos="X">prebivalcev</wf>
         <wf lemma="." pos="X">.</wf>
      </sentence>
      <sentence id="d000.s112" source="wordnet-slovenian">
         <wf lemma="Na" pos="X">Na</wf>
         <wf lemma="zahodu" pos="X">zahodu</wf>
         <wf lemma="junak" pos="X">junak</wf>
         <wf lemma="ubije" pos="X">ubije</wf>
         <wf lemma="zmaja" pos="X">zmaja</wf>
         <wf lemma="in" pos="X">in</wf>
         <wf lemma="iz" pos="X">iz</wf>
         <wf lemma="njegovega" pos="X">njegovega</wf>
         <wf lemma="telesa" pos="X">telesa</wf>
         <wf lemma="zgradi" pos="X">zgradi</wf>
         <instance id="d000.s112.t000" lemma="svet" pos="NOUN">svet</instance>
         <wf lemma="." pos="X">.</wf>
      </sentence>
      <sentence id="d000.s113" source="wordnet-slovenian">
         <wf lemma="Zaporniki" pos="X">Zaporniki</wf>
         <wf lemma="," pos="X">,</wf>
         <wf lemma="med" pos="X">med</wf>
         <wf lemma="katerimi" pos="X">katerimi</wf>
         <wf lemma="so" pos="X">so</wf>
         <wf lemma="tudi" pos="X">tudi</wf>
         <wf lemma="»" pos="X">»</wf>
         <wf lemma="teroristi" pos="X">teroristi</wf>
         <wf lemma="«" pos="X">«</wf>
         <wf lemma="iz" pos="X">iz</wf>
         <wf lemma="devetih" pos="X">devetih</wf>
         <instance id="d000.s113.t000" lemma="država" pos="NOUN">držav</instance>
         <wf lemma="članic" pos="X">članic</wf>
         <wf lemma="Sveta" pos="X">Sveta</wf>
         <wf lemma="Evrope" pos="X">Evrope</wf>
         <wf lemma="(" pos="X">(</wf>
         <wf lemma="Azerbajdžan" pos="X">Azerbajdžan</wf>
         <wf lemma="," pos="X">,</wf>
         <wf lemma="Belgija" pos="X">Belgija</wf>
         <wf lemma="," pos="X">,</wf>
         <wf lemma="Danska" pos="X">Danska</wf>
         <wf lemma="," pos="X">,</wf>
         <wf lemma="Francija" pos="X">Francija</wf>
         <wf lemma="," pos="X">,</wf>
         <wf lemma="Rusija" pos="X">Rusija</wf>
         <wf lemma="," pos="X">,</wf>
         <wf lemma="Španija" pos="X">Španija</wf>
         <wf lemma="," pos="X">,</wf>
         <wf lemma="Švedska" pos="X">Švedska</wf>
         <wf lemma="," pos="X">,</wf>
         <wf lemma="Turčija" pos="X">Turčija</wf>
         <wf lemma="in" pos="X">in</wf>
         <wf lemma="Britanija" pos="X">Britanija</wf>
         <wf lemma=")" pos="X">)</wf>
         <wf lemma="," pos="X">,</wf>
         <wf lemma="živijo" pos="X">živijo</wf>
         <wf lemma="v" pos="X">v</wf>
         <wf lemma="nemogočih" pos="X">nemogočih</wf>
         <wf lemma="razmerah" pos="X">razmerah</wf>
         <wf lemma="." pos="X">.</wf>
      </sentence>
      <sentence id="d000.s114" source="wordnet-slovenian">
         <wf lemma="Rešitev" pos="X">Rešitev</wf>
         <wf lemma="naj" pos="X">naj</wf>
         <wf lemma="bi" pos="X">bi</wf>
         <wf lemma="se" pos="X">se</wf>
         <wf lemma="skrivala" pos="X">skrivala</wf>
         <wf lemma="v" pos="X">v</wf>
         <wf lemma="možnosti" pos="X">možnosti</wf>
         <wf lemma="," pos="X">,</wf>
         <wf lemma="da" pos="X">da</wf>
         <wf lemma="se" pos="X">se</wf>
         <wf lemma="vsak" pos="X">vsak</wf>
         <wf lemma="posameznik" pos="X">posameznik</wf>
         <wf lemma="lahko" pos="X">lahko</wf>
         <wf lemma="prostovoljno" pos="X">prostovoljno</wf>
         <wf lemma="odloči" pos="X">odloči</wf>
         <wf lemma="za" pos="X">za</wf>
         <wf lemma="služenje" pos="X">služenje</wf>
         <wf lemma="vojaškega" pos="X">vojaškega</wf>
         <wf lemma="roka" pos="X">roka</wf>
         <wf lemma="ali" pos="X">ali</wf>
         <wf lemma="pa" pos="X">pa</wf>
         <wf lemma="da" pos="X">da</wf>
         <instance id="d000.s114.t000" lemma="država" pos="NOUN">država</instance>
         <wf lemma="organizira" pos="X">organizira</wf>
         <wf lemma="profesionalno" pos="X">profesionalno</wf>
         <wf lemma="vojsko" pos="X">vojsko</wf>
         <wf lemma="." pos="X">.</wf>
      </sentence>
      <sentence id="d000.s115" source="wordnet-slovenian">
         <wf lemma="Ena" pos="X">Ena</wf>
         <wf lemma="suhljata" pos="X">suhljata</wf>
         <wf lemma="bleda" pos="X">bleda</wf>
         <wf lemma="dlan" pos="X">dlan</wf>
         <wf lemma="je" pos="X">je</wf>
         <wf lemma="počivala" pos="X">počivala</wf>
         <wf lemma="na" pos="X">na</wf>
         <wf lemma="krmilni" pos="X">krmilni</wf>
         <wf lemma="plošči" pos="X">plošči</wf>
         <wf lemma="preletača" pos="X">preletača</wf>
         <wf lemma="," pos="X">,</wf>
         <wf lemma="druga" pos="X">druga</wf>
         <wf lemma="pa" pos="X">pa</wf>
         <wf lemma="je" pos="X">je</wf>
         <wf lemma="nestrpno" pos="X">nestrpno</wf>
         <wf lemma="bobnala" pos="X">bobnala</wf>
         <wf lemma="po" pos="X">po</wf>
         <wf lemma="ročnem" pos="X">ročnem</wf>
         <wf lemma="naslonjalu" pos="X">naslonjalu</wf>
         <wf lemma="pilotskega" pos="X">pilotskega</wf>
         <wf lemma="sedeža" pos="X">sedeža</wf>
         <wf lemma="," pos="X">,</wf>
         <wf lemma="dokler" pos="X">dokler</wf>
         <wf lemma="se" pos="X">se</wf>
         <instance id="d000.s115.t000" lemma="vrata" pos="NOUN">vrata</instance>
         <wf lemma="hangarja" pos="X">hangarja</wf>
         <wf lemma="niso" pos="X">niso</wf>
         <wf lemma="do" pos="X">do</wf>
         <wf lemma="konca" pos="X">konca</wf>
         <wf lemma="odprla" pos="X">odprla</wf>
         <wf lemma="." pos="X">.</wf>
      </sentence>
      <sentence id="d000.s116" source="wordnet-slovenian">
         <wf lemma="Nova" pos="X">Nova</wf>
         <wf lemma="Kaledonija" pos="X">Kaledonija</wf>
         <wf lemma="je" pos="X">je</wf>
         <wf lemma="dežela" pos="X">dežela</wf>
         <wf lemma="," pos="X">,</wf>
         <wf lemma="ki" pos="X">ki</wf>
         <wf lemma="se" pos="X">se</wf>
         <wf lemma="še" pos="X">še</wf>
         <wf lemma="do" pos="X">do</wf>
         <wf lemma="danes" pos="X">danes</wf>
         <wf lemma="ni" pos="X">ni</wf>
         <wf lemma="otresla" pos="X">otresla</wf>
         <wf lemma="Francozov" pos="X">Francozov</wf>
         <wf lemma="in" pos="X">in</wf>
         <wf lemma="je" pos="X">je</wf>
         <wf lemma="ostala" pos="X">ostala</wf>
         <wf lemma="nekakšna" pos="X">nekakšna</wf>
         <wf lemma="zadnja" pos="X">zadnja</wf>
         <wf lemma="kolonija" pos="X">kolonija</wf>
         <wf lemma="modernega" pos="X">modernega</wf>
         <instance id="d000.s116.t000" lemma="svet" pos="NOUN">sveta</instance>
         <wf lemma="." pos="X">.</wf>
      </sentence>
      <sentence id="d000.s117" source="wordnet-slovenian">
         <wf lemma="Največja" pos="X">Največja</wf>
         <wf lemma="kršiteljica" pos="X">kršiteljica</wf>
         <wf lemma="človekovih" pos="X">človekovih</wf>
         <instance id="d000.s117.t000" lemma="pravica" pos="NOUN">pravic</instance>
         <wf lemma="je" pos="X">je</wf>
         <wf lemma="bila" pos="X">bila</wf>
         <wf lemma="Italija" pos="X">Italija</wf>
         <wf lemma="," pos="X">,</wf>
         <wf lemma="največ" pos="X">največ</wf>
         <wf lemma="postopkov" pos="X">postopkov</wf>
         <wf lemma="ima" pos="X">ima</wf>
         <wf lemma="zaradi" pos="X">zaradi</wf>
         <wf lemma="kršitve" pos="X">kršitve</wf>
         <wf lemma="pravice" pos="X">pravice</wf>
         <wf lemma="do" pos="X">do</wf>
         <wf lemma="sojenja" pos="X">sojenja</wf>
         <wf lemma="v" pos="X">v</wf>
         <wf lemma="razumnem" pos="X">razumnem</wf>
         <wf lemma="roku" pos="X">roku</wf>
         <wf lemma="," pos="X">,</wf>
         <wf lemma="saj" pos="X">saj</wf>
         <wf lemma="traja" pos="X">traja</wf>
         <wf lemma="v" pos="X">v</wf>
         <wf lemma="Italiji" pos="X">Italiji</wf>
         <wf lemma="sodni" pos="X">sodni</wf>
         <wf lemma="postopek" pos="X">postopek</wf>
         <wf lemma="v" pos="X">v</wf>
         <wf lemma="povprečju" pos="X">povprečju</wf>
         <wf lemma="sedem" pos="X">sedem</wf>
         <wf lemma="let" pos="X">let</wf>
         <wf lemma="." pos="X">.</wf>
      </sentence>
      <sentence id="d000.s118" source="wordnet-slovenian">
         <wf lemma="Novost" pos="X">Novost</wf>
         <wf lemma="novega" pos="X">novega</wf>
         <wf lemma="zakona" pos="X">zakona</wf>
         <wf lemma="o" pos="X">o</wf>
         <wf lemma="pokojninskem" pos="X">pokojninskem</wf>
         <wf lemma="in" pos="X">in</wf>
         <wf lemma="invalidskem" pos="X">invalidskem</wf>
         <wf lemma="zavarovanju" pos="X">zavarovanju</wf>
         <wf lemma="je" pos="X">je</wf>
         <wf lemma="tudi" pos="X">tudi</wf>
         <wf lemma="stimuliranje" pos="X">stimuliranje</wf>
         <wf lemma="kasnejšega" pos="X">kasnejšega</wf>
         <wf lemma="odhoda" pos="X">odhoda</wf>
         <wf lemma="v" pos="X">v</wf>
         <wf lemma="pokoj" pos="X">pokoj</wf>
         <wf lemma="," pos="X">,</wf>
         <wf lemma="tako" pos="X">tako</wf>
         <wf lemma="zaradi" pos="X">zaradi</wf>
         <wf lemma="dosežene" pos="X">dosežene</wf>
         <wf lemma="daljše" pos="X">daljše</wf>
         <wf lemma="delovne" pos="X">delovne</wf>
         <wf lemma="dobe" pos="X">dobe</wf>
         <wf lemma="kot" pos="X">kot</wf>
         <wf lemma="za" pos="X">za</wf>
         <instance id="d000.s118.t000" lemma="delo" pos="NOUN">delo</instance>
         <wf lemma="po" pos="X">po</wf>
         <wf lemma="določeni" pos="X">določeni</wf>
         <wf lemma="starosti" pos="X">starosti</wf>
         <wf lemma="." pos="X">.</wf>
      </sentence>
      <sentence id="d000.s119" source="wordnet-slovenian">
         <wf lemma="Licitacija" pos="X">Licitacija</wf>
         <wf lemma="bo" pos="X">bo</wf>
         <wf lemma="v" pos="X">v</wf>
         <wf lemma="nedeljo" pos="X">nedeljo</wf>
         <wf lemma="," pos="X">,</wf>
         <wf lemma="27.12.1998" pos="X">27.12.1998</wf>
         <wf lemma="," pos="X">,</wf>
         <wf lemma="ob" pos="X">ob</wf>
         <wf lemma="9." pos="X">9.</wf>
         <wf lemma="uri" pos="X">uri</wf>
         <wf lemma="v" pos="X">v</wf>
         <instance id="d000.s119.t000" lemma="prostor" pos="NOUN">prostorih</instance>
         <wf lemma="PE" pos="X">PE</wf>
         <wf lemma="Agroservis" pos="X">Agroservis</wf>
         <wf lemma="," pos="X">,</wf>
         <wf lemma="Knafelčeva" pos="X">Knafelčeva</wf>
         <wf lemma="2" pos="X">2</wf>
         <wf lemma="," pos="X">,</wf>
         <wf lemma="Novo" pos="X">Novo</wf>
         <wf lemma="mesto" pos="X">mesto</wf>
         <wf lemma="." pos="X">.</wf>
      </sentence>
      <sentence id="d000.s120" source="wordnet-slovenian">
         <wf lemma="Ob" pos="X">Ob</wf>
         <wf lemma="izidu" pos="X">izidu</wf>
         <wf lemma="konec" pos="X">konec</wf>
         <instance id="d000.s120.t000" lemma="leto" pos="NOUN">leta</instance>
         <wf lemma="1915" pos="X">1915</wf>
         <wf lemma="je" pos="X">je</wf>
         <wf lemma="dobila" pos="X">dobila</wf>
         <wf lemma="naslov" pos="X">naslov</wf>
         <wf lemma="Ciciban" pos="X">Ciciban</wf>
         <wf lemma="in" pos="X">in</wf>
         <wf lemma="še" pos="X">še</wf>
         <wf lemma="kaj" pos="X">kaj</wf>
         <wf lemma="," pos="X">,</wf>
         <wf lemma="v" pos="X">v</wf>
         <wf lemma="drugi" pos="X">drugi</wf>
         <wf lemma="izdaji" pos="X">izdaji</wf>
         <wf lemma="1922" pos="X">1922</wf>
         <wf lemma="pa" pos="X">pa</wf>
         <wf lemma="le" pos="X">le</wf>
         <wf lemma="Ciciban" pos="X">Ciciban</wf>
         <wf lemma=";" pos="X">;</wf>
         <wf lemma="v" pos="X">v</wf>
         <wf lemma="obeh" pos="X">obeh</wf>
         <wf lemma="izdajah" pos="X">izdajah</wf>
         <wf lemma="je" pos="X">je</wf>
         <wf lemma="zbirka" pos="X">zbirka</wf>
         <wf lemma="štela" pos="X">štela</wf>
         <wf lemma="30" pos="X">30</wf>
         <wf lemma="pesmi" pos="X">pesmi</wf>
         <wf lemma="." pos="X">.</wf>
      </sentence>
      <sentence id="d000.s121" source="wordnet-slovenian">
         <instance id="d000.s121.t000" lemma="leto" pos="NOUN">Leta</instance>
         <wf lemma="1997" pos="X">1997</wf>
         <wf lemma="bosta" pos="X">bosta</wf>
         <wf lemma="samo" pos="X">samo</wf>
         <wf lemma="še" pos="X">še</wf>
         <wf lemma="dve" pos="X">dve</wf>
         <wf lemma="," pos="X">,</wf>
         <wf lemma="leta" pos="X">leta</wf>
         <wf lemma="1999" pos="X">1999</wf>
         <wf lemma="pa" pos="X">pa</wf>
         <wf lemma="poldruga" pos="X">poldruga</wf>
         <wf lemma="paralelka" pos="X">paralelka</wf>
         <wf lemma="." pos="X">.</wf>
      </sentence>
      <sentence id="d000.s122" source="wordnet-slovenian">
         <wf lemma="Kozmopolitani" pos="X">Kozmopolitani</wf>
         <wf lemma="so" pos="X">so</wf>
         <wf lemma="pač" pos="X">pač</wf>
         <wf lemma="navajeni" pos="X">navajeni</wf>
         <wf lemma="," pos="X">,</wf>
         <wf lemma="da" pos="X">da</wf>
         <wf lemma="je" pos="X">je</wf>
         <instance id="d000.s122.t000" lemma="sprememba" pos="NOUN">sprememba</instance>
         <wf lemma="edina" pos="X">edina</wf>
         <wf lemma="stalnica" pos="X">stalnica</wf>
         <wf lemma="." pos="X">.</wf>
      </sentence>
      <sentence id="d000.s123" source="wordnet-slovenian">
         <wf lemma="Sodišča" pos="X">Sodišča</wf>
         <wf lemma="odločajo" pos="X">odločajo</wf>
         <wf lemma="o" pos="X">o</wf>
         <instance id="d000.s123.t000" lemma="zadeva" pos="NOUN">zadevah</instance>
         <wf lemma="ljudi" pos="X">ljudi</wf>
         <wf lemma="." pos="X">.</wf>
      </sentence>
      <sentence id="d000.s124" source="wordnet-slovenian">
         <wf lemma="Naslednja" pos="X">Naslednja</wf>
         <wf lemma="pesem" pos="X">pesem</wf>
         <wf lemma="se" pos="X">se</wf>
         <wf lemma="odvije" pos="X">odvije</wf>
         <wf lemma="v" pos="X">v</wf>
         <wf lemma="molku" pos="X">molku</wf>
         <wf lemma="," pos="X">,</wf>
         <wf lemma="vsak" pos="X">vsak</wf>
         <wf lemma="na" pos="X">na</wf>
         <wf lemma="svojem" pos="X">svojem</wf>
         <instance id="d000.s124.t000" lemma="konec" pos="NOUN">koncu</instance>
         <wf lemma="s" pos="X">s</wf>
         <wf lemma="slušalko" pos="X">slušalko</wf>
         <wf lemma="v" pos="X">v</wf>
         <wf lemma="roki" pos="X">roki</wf>
         <wf lemma="," pos="X">,</wf>
         <wf lemma="Kaja" pos="X">Kaja</wf>
         <wf lemma="ponovno" pos="X">ponovno</wf>
         <wf lemma="v" pos="X">v</wf>
         <wf lemma="nanizanki" pos="X">nanizanki</wf>
         <wf lemma="," pos="X">,</wf>
         <wf lemma="Lut" pos="X">Lut</wf>
         <wf lemma="med" pos="X">med</wf>
         <wf lemma="kitarami" pos="X">kitarami</wf>
         <wf lemma="pod" pos="X">pod</wf>
         <wf lemma="stropom" pos="X">stropom</wf>
         <wf lemma="." pos="X">.</wf>
      </sentence>
      <sentence id="d000.s125" source="wordnet-slovenian">
         <wf lemma="Njihova" pos="X">Njihova</wf>
         <wf lemma="prednost" pos="X">prednost</wf>
         <wf lemma="je" pos="X">je</wf>
         <wf lemma="uigranost" pos="X">uigranost</wf>
         <wf lemma="," pos="X">,</wf>
         <wf lemma="naša" pos="X">naša</wf>
         <wf lemma="pa" pos="X">pa</wf>
         <wf lemma="pripravljenost" pos="X">pripravljenost</wf>
         <wf lemma="za" pos="X">za</wf>
         <wf lemma="'" pos="X">'</wf>
         <wf lemma="boj" pos="X">boj</wf>
         <wf lemma="na" pos="X">na</wf>
         <instance id="d000.s125.t000" lemma="življenje" pos="NOUN">življenje</instance>
         <wf lemma="in" pos="X">in</wf>
         <wf lemma="smrt'" pos="X">smrt'</wf>
         <wf lemma="." pos="X">.</wf>
      </sentence>
      <sentence id="d000.s126" source="wordnet-slovenian">
         <wf lemma="Kritiki" pos="X">Kritiki</wf>
         <instance id="d000.s126.t000" lemma="sistem" pos="NOUN">sistema</instance>
         <wf lemma="to" pos="X">to</wf>
         <wf lemma="najpogosteje" pos="X">najpogosteje</wf>
         <wf lemma="prikazujejo" pos="X">prikazujejo</wf>
         <wf lemma="s" pos="X">s</wf>
         <wf lemma="teoretičnim" pos="X">teoretičnim</wf>
         <wf lemma="modelom" pos="X">modelom</wf>
         <wf lemma="," pos="X">,</wf>
         <wf lemma="po" pos="X">po</wf>
         <wf lemma="katerem" pos="X">katerem</wf>
         <wf lemma="bi" pos="X">bi</wf>
         <wf lemma="stranka" pos="X">stranka</wf>
         <wf lemma="," pos="X">,</wf>
         <wf lemma="ki" pos="X">ki</wf>
         <wf lemma="bi" pos="X">bi</wf>
         <wf lemma="v" pos="X">v</wf>
         <wf lemma="vseh" pos="X">vseh</wf>
         <wf lemma="okrajih" pos="X">okrajih</wf>
         <wf lemma="dobila" pos="X">dobila</wf>
         <wf lemma="poslance" pos="X">poslance</wf>
         <wf lemma="z" pos="X">z</wf>
         <wf lemma="51" pos="X">51</wf>
         <wf lemma="odstotki" pos="X">odstotki</wf>
         <wf lemma="glasov" pos="X">glasov</wf>
         <wf lemma="," pos="X">,</wf>
         <wf lemma="zasedla" pos="X">zasedla</wf>
         <wf lemma="ves" pos="X">ves</wf>
         <wf lemma="DZ" pos="X">DZ</wf>
         <wf lemma="." pos="X">.</wf>
      </sentence>
      <sentence id="d000.s127" source="wordnet-slovenian">
         <wf lemma="So" pos="X">So</wf>
         <wf lemma="10" pos="X">10</wf>
         <wf lemma="Ves" pos="X">Ves</wf>
         <instance id="d000.s127.t000" lemma="dan" pos="NOUN">dan</instance>
         <wf lemma="za" pos="X">za</wf>
         <wf lemma="sadje" pos="X">sadje</wf>
         <wf lemma="in" pos="X">in</wf>
         <wf lemma="zelenjavo" pos="X">zelenjavo</wf>
         <wf lemma="s" pos="X">s</wf>
         <wf lemma="plodovi" pos="X">plodovi</wf>
         <wf lemma="." pos="X">.</wf>
      </sentence>
      <sentence id="d000.s128" source="wordnet-slovenian">
         <wf lemma="Skratka" pos="X">Skratka</wf>
         <wf lemma="," pos="X">,</wf>
         <wf lemma="hrastniški" pos="X">hrastniški</wf>
         <wf lemma="občinski" pos="X">občinski</wf>
         <wf lemma="svetniki" pos="X">svetniki</wf>
         <wf lemma="so" pos="X">so</wf>
         <wf lemma="bili" pos="X">bili</wf>
         <wf lemma="enotnega" pos="X">enotnega</wf>
         <instance id="d000.s128.t000" lemma="mnenje" pos="NOUN">mnenja</instance>
         <wf lemma="," pos="X">,</wf>
         <wf lemma="da" pos="X">da</wf>
         <wf lemma="bi" pos="X">bi</wf>
         <wf lemma="prihod" pos="X">prihod</wf>
         <wf lemma="prebežnikov" pos="X">prebežnikov</wf>
         <wf lemma="za" pos="X">za</wf>
         <wf lemma="njihovo" pos="X">njihovo</wf>
         <wf lemma="občino" pos="X">občino</wf>
         <wf lemma="pomenil" pos="X">pomenil</wf>
         <wf lemma="»" pos="X">»</wf>
         <wf lemma="nezaželen" pos="X">nezaželen</wf>
         <wf lemma="politični" pos="X">politični</wf>
         <wf lemma="moment" pos="X">moment</wf>
         <wf lemma="«" pos="X">«</wf>
         <wf lemma="." pos="X">.</wf>
      </sentence>
      <sentence id="d000.s129" source="wordnet-slovenian">
         <wf lemma="Gospodarski" pos="X">Gospodarski</wf>
         <wf lemma="kolobociji" pos="X">kolobociji</wf>
         <wf lemma="pa" pos="X">pa</wf>
         <wf lemma="piskrčke" pos="X">piskrčke</wf>
         <wf lemma="pristavljajo" pos="X">pristavljajo</wf>
         <wf lemma="politiki" pos="X">politiki</wf>
         <wf lemma="in" pos="X">in</wf>
         <wf lemma="vojska" pos="X">vojska</wf>
         <wf lemma="z" pos="X">z</wf>
         <wf lemma="južnega" pos="X">južnega</wf>
         <wf lemma="dela" pos="X">dela</wf>
         <wf lemma="azijske" pos="X">azijske</wf>
         <wf lemma="celine" pos="X">celine</wf>
         <wf lemma="z" pos="X">z</wf>
         <wf lemma="jedrskimi" pos="X">jedrskimi</wf>
         <wf lemma="poskusi" pos="X">poskusi</wf>
         <wf lemma="," pos="X">,</wf>
         <wf lemma="tako" pos="X">tako</wf>
         <wf lemma="da" pos="X">da</wf>
         <wf lemma="je" pos="X">je</wf>
         <wf lemma="destabilizacijska" pos="X">destabilizacijska</wf>
         <wf lemma="slika" pos="X">slika</wf>
         <wf lemma="celotne" pos="X">celotne</wf>
         <instance id="d000.s129.t000" lemma="regija" pos="NOUN">regije</instance>
         <wf lemma="začrtana" pos="X">začrtana</wf>
         <wf lemma="." pos="X">.</wf>
      </sentence>
      <sentence id="d000.s130" source="wordnet-slovenian">
         <wf lemma="Odbor" pos="X">Odbor</wf>
         <wf lemma="amandmaja" pos="X">amandmaja</wf>
         <wf lemma="ne" pos="X">ne</wf>
         <wf lemma="podpira" pos="X">podpira</wf>
         <wf lemma="," pos="X">,</wf>
         <wf lemma="ker" pos="X">ker</wf>
         <wf lemma="podpira" pos="X">podpira</wf>
         <wf lemma="amandma" pos="X">amandma</wf>
         <instance id="d000.s130.t000" lemma="vlada" pos="NOUN">Vlade</instance>
         <wf lemma="k" pos="X">k</wf>
         <wf lemma="temu" pos="X">temu</wf>
         <wf lemma="členu" pos="X">členu</wf>
         <wf lemma="." pos="X">.</wf>
      </sentence>
      <sentence id="d000.s131" source="wordnet-slovenian">
         <wf lemma="Koliko" pos="X">Koliko</wf>
         <wf lemma="iskanja" pos="X">iskanja</wf>
         <wf lemma="in" pos="X">in</wf>
         <wf lemma="koliko" pos="X">koliko</wf>
         <instance id="d000.s131.t000" lemma="delo" pos="NOUN">dela</instance>
         <wf lemma="je" pos="X">je</wf>
         <wf lemma="šlo" pos="X">šlo</wf>
         <wf lemma="v" pos="X">v</wf>
         <wf lemma="nič" pos="X">nič</wf>
         <wf lemma="!" pos="X">!</wf>
      </sentence>
      <sentence id="d000.s132" source="wordnet-slovenian">
         <wf lemma="Upam" pos="X">Upam</wf>
         <wf lemma="," pos="X">,</wf>
         <wf lemma="da" pos="X">da</wf>
         <wf lemma="podjetni" pos="X">podjetni</wf>
         <wf lemma="turistični" pos="X">turistični</wf>
         <wf lemma="delavci" pos="X">delavci</wf>
         <wf lemma="," pos="X">,</wf>
         <wf lemma="medtem" pos="X">medtem</wf>
         <wf lemma="ko" pos="X">ko</wf>
         <wf lemma="bodo" pos="X">bodo</wf>
         <wf lemma="širili" pos="X">širili</wf>
         <wf lemma="Pohorje" pos="X">Pohorje</wf>
         <wf lemma="," pos="X">,</wf>
         <wf lemma="ne" pos="X">ne</wf>
         <wf lemma="bodo" pos="X">bodo</wf>
         <wf lemma="pozabili" pos="X">pozabili</wf>
         <wf lemma="na" pos="X">na</wf>
         <wf lemma="to" pos="X">to</wf>
         <wf lemma="," pos="X">,</wf>
         <wf lemma="da" pos="X">da</wf>
         <wf lemma="je" pos="X">je</wf>
         <instance id="d000.s132.t000" lemma="svet" pos="NOUN">svet</instance>
         <wf lemma="že" pos="X">že</wf>
         <wf lemma="zdavnaj" pos="X">zdavnaj</wf>
         <wf lemma="izumil" pos="X">izumil</wf>
         <wf lemma="kabelsko" pos="X">kabelsko</wf>
         <wf lemma="televizijo" pos="X">televizijo</wf>
         <wf lemma="." pos="X">.</wf>
      </sentence>
      <sentence id="d000.s133" source="wordnet-slovenian">
         <wf lemma="A" pos="X">A</wf>
         <wf lemma="ob" pos="X">ob</wf>
         <instance id="d000.s133.t000" lemma="pogled" pos="NOUN">pogledu</instance>
         <wf lemma="na" pos="X">na</wf>
         <wf lemma="stanovanje" pos="X">stanovanje</wf>
         <wf lemma="," pos="X">,</wf>
         <wf lemma="ki" pos="X">ki</wf>
         <wf lemma="jo" pos="X">jo</wf>
         <wf lemma="je" pos="X">je</wf>
         <wf lemma="tako" pos="X">tako</wf>
         <wf lemma="zelo" pos="X">zelo</wf>
         <wf lemma="spominjalo" pos="X">spominjalo</wf>
         <wf lemma="na" pos="X">na</wf>
         <wf lemma="njen" pos="X">njen</wf>
         <wf lemma="nekdanji" pos="X">nekdanji</wf>
         <wf lemma="dom" pos="X">dom</wf>
         <wf lemma="," pos="X">,</wf>
         <wf lemma="je" pos="X">je</wf>
         <wf lemma="deklico" pos="X">deklico</wf>
         <wf lemma="razumela" pos="X">razumela</wf>
         <wf lemma="." pos="X">.</wf>
      </sentence>
      <sentence id="d000.s134" source="wordnet-slovenian">
         <wf lemma="Depresivna" pos="X">Depresivna</wf>
         <wf lemma="motnja" pos="X">motnja</wf>
         <wf lemma="se" pos="X">se</wf>
         <wf lemma="lahko" pos="X">lahko</wf>
         <wf lemma="ponavlja" pos="X">ponavlja</wf>
         <wf lemma="," pos="X">,</wf>
         <wf lemma="v" pos="X">v</wf>
         <wf lemma="takšnih" pos="X">takšnih</wf>
         <instance id="d000.s134.t000" lemma="primer" pos="NOUN">primerih</instance>
         <wf lemma="govorimo" pos="X">govorimo</wf>
         <wf lemma="o" pos="X">o</wf>
         <wf lemma="ponavljajoči" pos="X">ponavljajoči</wf>
         <wf lemma="se" pos="X">se</wf>
         <wf lemma="depresivni" pos="X">depresivni</wf>
         <wf lemma="motnji" pos="X">motnji</wf>
         <wf lemma="," pos="X">,</wf>
         <wf lemma="ali" pos="X">ali</wf>
         <wf lemma="pa" pos="X">pa</wf>
         <wf lemma="poteka" pos="X">poteka</wf>
         <wf lemma="kot" pos="X">kot</wf>
         <wf lemma="bipolarna" pos="X">bipolarna</wf>
         <wf lemma="motnja" pos="X">motnja</wf>
         <wf lemma="," pos="X">,</wf>
         <wf lemma="pri" pos="X">pri</wf>
         <wf lemma="kateri" pos="X">kateri</wf>
         <wf lemma="se" pos="X">se</wf>
         <wf lemma="obdobja" pos="X">obdobja</wf>
         <wf lemma="depresije" pos="X">depresije</wf>
         <wf lemma="izmenjavajo" pos="X">izmenjavajo</wf>
         <wf lemma="z" pos="X">z</wf>
         <wf lemma="obdobji" pos="X">obdobji</wf>
         <wf lemma="pretirane" pos="X">pretirane</wf>
         <wf lemma="veselosti" pos="X">veselosti</wf>
         <wf lemma="." pos="X">.</wf>
      </sentence>
      <sentence id="d000.s135" source="wordnet-slovenian">
         <wf lemma="Takrat" pos="X">Takrat</wf>
         <wf lemma="ne" pos="X">ne</wf>
         <wf lemma="prijemljejo" pos="X">prijemljejo</wf>
         <wf lemma="za" pos="X">za</wf>
         <wf lemma="vabo" pos="X">vabo</wf>
         <wf lemma="," pos="X">,</wf>
         <wf lemma="ribolov" pos="X">ribolov</wf>
         <wf lemma="sredi" pos="X">sredi</wf>
         <wf lemma="belega" pos="X">belega</wf>
         <instance id="d000.s135.t000" lemma="dan" pos="NOUN">dne</instance>
         <wf lemma="postane" pos="X">postane</wf>
         <wf lemma="preganjanje" pos="X">preganjanje</wf>
         <wf lemma="dolgčasa" pos="X">dolgčasa</wf>
         <wf lemma="in" pos="X">in</wf>
         <wf lemma="ne" pos="X">ne</wf>
         <wf lemma="da" pos="X">da</wf>
         <wf lemma="pravega" pos="X">pravega</wf>
         <wf lemma="učinka" pos="X">učinka</wf>
         <wf lemma="." pos="X">.</wf>
      </sentence>
      <sentence id="d000.s136" source="wordnet-slovenian">
         <wf lemma="»" pos="X">»</wf>
         <wf lemma="Gospa" pos="X">Gospa</wf>
         <wf lemma="Ryan" pos="X">Ryan</wf>
         <wf lemma="je" pos="X">je</wf>
         <wf lemma="potrdila" pos="X">potrdila</wf>
         <wf lemma="," pos="X">,</wf>
         <wf lemma="da" pos="X">da</wf>
         <wf lemma="je" pos="X">je</wf>
         <wf lemma="njen" pos="X">njen</wf>
         <wf lemma="mož" pos="X">mož</wf>
         <wf lemma="Jimmy" pos="X">Jimmy</wf>
         <wf lemma="," pos="X">,</wf>
         <wf lemma="zaposlen" pos="X">zaposlen</wf>
         <wf lemma="pri" pos="X">pri</wf>
         <wf lemma="gradbenem" pos="X">gradbenem</wf>
         <instance id="d000.s136.t000" lemma="podjetje" pos="NOUN">podjetju</instance>
         <wf lemma="Sama" pos="X">Sama</wf>
         <wf lemma="Krausa" pos="X">Krausa</wf>
         <wf lemma="," pos="X">,</wf>
         <wf lemma="danes" pos="X">danes</wf>
         <wf lemma="nameraval" pos="X">nameraval</wf>
         <wf lemma="na" pos="X">na</wf>
         <wf lemma="sestanek" pos="X">sestanek</wf>
         <wf lemma="na" pos="X">na</wf>
         <wf lemma="ladjico" pos="X">ladjico</wf>
         <wf lemma="Cornelia" pos="X">Cornelia</wf>
         <wf lemma="II" pos="X">II</wf>
         <wf lemma="," pos="X">,</wf>
         <wf lemma="«" pos="X">«</wf>
         <wf lemma="je" pos="X">je</wf>
         <wf lemma="govoril" pos="X">govoril</wf>
         <wf lemma="Brennan" pos="X">Brennan</wf>
         <wf lemma="." pos="X">.</wf>
      </sentence>
      <sentence id="d000.s137" source="wordnet-slovenian">
         <wf lemma="Leta" pos="X">Leta</wf>
         <wf lemma="1955" pos="X">1955</wf>
         <wf lemma="smo" pos="X">smo</wf>
         <wf lemma="se" pos="X">se</wf>
         <wf lemma="spominjali" pos="X">spominjali</wf>
         <wf lemma="60" pos="X">60</wf>
         <wf lemma="-" pos="X">-</wf>
         <wf lemma="letnice" pos="X">letnice</wf>
         <wf lemma="začetkov" pos="X">začetkov</wf>
         <wf lemma="slovenske" pos="X">slovenske</wf>
         <wf lemma="Moderne" pos="X">Moderne</wf>
         <wf lemma="," pos="X">,</wf>
         <wf lemma="tedaj" pos="X">tedaj</wf>
         <wf lemma="je" pos="X">je</wf>
         <wf lemma="avtor" pos="X">avtor</wf>
         <wf lemma="pričujoče" pos="X">pričujoče</wf>
         <instance id="d000.s137.t000" lemma="knjiga" pos="NOUN">knjige</instance>
         <wf lemma="objavil" pos="X">objavil</wf>
         <wf lemma="svojo" pos="X">svojo</wf>
         <wf lemma="prvo" pos="X">prvo</wf>
         <wf lemma="," pos="X">,</wf>
         <wf lemma="drobno" pos="X">drobno</wf>
         <wf lemma="monografijo" pos="X">monografijo</wf>
         <wf lemma="o" pos="X">o</wf>
         <wf lemma="Župančiču" pos="X">Župančiču</wf>
         <wf lemma="in" pos="X">in</wf>
         <wf lemma="jo" pos="X">jo</wf>
         <wf lemma="na" pos="X">na</wf>
         <wf lemma="naslovnici" pos="X">naslovnici</wf>
         <wf lemma="označil" pos="X">označil</wf>
         <wf lemma="za" pos="X">za</wf>
         <wf lemma="»" pos="X">»</wf>
         <wf lemma="poljudno" pos="X">poljudno</wf>
         <wf lemma="študijo" pos="X">študijo</wf>
         <wf lemma="«" pos="X">«</wf>
         <wf lemma="," pos="X">,</wf>
         <wf lemma="ki" pos="X">ki</wf>
         <wf lemma="naj" pos="X">naj</wf>
         <wf lemma="bi" pos="X">bi</wf>
         <wf lemma="s" pos="X">s</wf>
         <wf lemma="pesnikom" pos="X">pesnikom</wf>
         <wf lemma="pobliže" pos="X">pobliže</wf>
         <wf lemma="seznanila" pos="X">seznanila</wf>
         <wf lemma="širšo" pos="X">širšo</wf>
         <wf lemma="javnost" pos="X">javnost</wf>
         <wf lemma="." pos="X">.</wf>
      </sentence>
      <sentence id="d000.s138" source="wordnet-slovenian">
         <wf lemma="Sicer" pos="X">Sicer</wf>
         <wf lemma="pa" pos="X">pa</wf>
         <wf lemma="se" pos="X">se</wf>
         <wf lemma="mu" pos="X">mu</wf>
         <wf lemma="zdi" pos="X">zdi</wf>
         <wf lemma="," pos="X">,</wf>
         <wf lemma="da" pos="X">da</wf>
         <wf lemma="je" pos="X">je</wf>
         <instance id="d000.s138.t000" lemma="država" pos="NOUN">država</instance>
         <wf lemma="oziroma" pos="X">oziroma</wf>
         <wf lemma="ministrstvo" pos="X">ministrstvo</wf>
         <wf lemma="za" pos="X">za</wf>
         <wf lemma="gospodarstvo" pos="X">gospodarstvo</wf>
         <wf lemma="s" pos="X">s</wf>
         <wf lemma="to" pos="X">to</wf>
         <wf lemma="odločitvijo" pos="X">odločitvijo</wf>
         <wf lemma="pokazala" pos="X">pokazala</wf>
         <wf lemma="," pos="X">,</wf>
         <wf lemma="da" pos="X">da</wf>
         <wf lemma="je" pos="X">je</wf>
         <wf lemma="razvoj" pos="X">razvoj</wf>
         <wf lemma="papirno" pos="X">papirno</wf>
         <wf lemma="-" pos="X">-</wf>
         <wf lemma="predelovalne" pos="X">predelovalne</wf>
         <wf lemma="industrije" pos="X">industrije</wf>
         <wf lemma="ne" pos="X">ne</wf>
         <wf lemma="zanima" pos="X">zanima</wf>
         <wf lemma="oziroma" pos="X">oziroma</wf>
         <wf lemma="da" pos="X">da</wf>
         <wf lemma="ji" pos="X">ji</wf>
         <wf lemma="ni" pos="X">ni</wf>
         <wf lemma="v" pos="X">v</wf>
         <wf lemma="interesu" pos="X">interesu</wf>
         <wf lemma="vanjo" pos="X">vanjo</wf>
         <wf lemma="sploh" pos="X">sploh</wf>
         <wf lemma="še" pos="X">še</wf>
         <wf lemma="kaj" pos="X">kaj</wf>
         <wf lemma="vlagati" pos="X">vlagati</wf>
         <wf lemma="." pos="X">.</wf>
      </sentence>
      <sentence id="d000.s139" source="wordnet-slovenian">
         <wf lemma="Pa" pos="X">Pa</wf>
         <wf lemma="pustimo" pos="X">pustimo</wf>
         <wf lemma="to" pos="X">to</wf>
         <wf lemma="," pos="X">,</wf>
         <wf lemma="predvsem" pos="X">predvsem</wf>
         <wf lemma="velja" pos="X">velja</wf>
         <wf lemma="," pos="X">,</wf>
         <wf lemma="da" pos="X">da</wf>
         <wf lemma="v" pos="X">v</wf>
         <wf lemma="demokratičnih" pos="X">demokratičnih</wf>
         <instance id="d000.s139.t000" lemma="država" pos="NOUN">državah</instance>
         <wf lemma="šolskih" pos="X">šolskih</wf>
         <wf lemma="prenov" pos="X">prenov</wf>
         <wf lemma="ne" pos="X">ne</wf>
         <wf lemma="nadzorujejo" pos="X">nadzorujejo</wf>
         <wf lemma="politično" pos="X">politično</wf>
         <wf lemma="angažirani" pos="X">angažirani</wf>
         <wf lemma="uslužbenci" pos="X">uslužbenci</wf>
         <wf lemma="ministrstev" pos="X">ministrstev</wf>
         <wf lemma="in" pos="X">in</wf>
         <wf lemma="ministrovi" pos="X">ministrovi</wf>
         <wf lemma="svetovalci" pos="X">svetovalci</wf>
         <wf lemma="." pos="X">.</wf>
      </sentence>
      <sentence id="d000.s140" source="wordnet-slovenian">
         <wf lemma="Nemški" pos="X">Nemški</wf>
         <wf lemma="zunanji" pos="X">zunanji</wf>
         <wf lemma="minister" pos="X">minister</wf>
         <wf lemma="Joschka" pos="X">Joschka</wf>
         <wf lemma="Fischer" pos="X">Fischer</wf>
         <wf lemma="je" pos="X">je</wf>
         <wf lemma="v" pos="X">v</wf>
         <wf lemma="javni" pos="X">javni</wf>
         <wf lemma="razpravi" pos="X">razpravi</wf>
         <wf lemma="bistvo" pos="X">bistvo</wf>
         <instance id="d000.s140.t000" lemma="politika" pos="NOUN">politike</instance>
         <wf lemma="preprečevanja" pos="X">preprečevanja</wf>
         <wf lemma="konfliktov" pos="X">konfliktov</wf>
         <wf lemma="povzel" pos="X">povzel</wf>
         <wf lemma="z" pos="X">z</wf>
         <wf lemma="besedami" pos="X">besedami</wf>
         <wf lemma="," pos="X">,</wf>
         <wf lemma="da" pos="X">da</wf>
         <wf lemma="je" pos="X">je</wf>
         <wf lemma="bolje" pos="X">bolje</wf>
         <wf lemma="preprečiti" pos="X">preprečiti</wf>
         <wf lemma="kot" pos="X">kot</wf>
         <wf lemma="zdraviti" pos="X">zdraviti</wf>
         <wf lemma="," pos="X">,</wf>
         <wf lemma="kajti" pos="X">kajti</wf>
         <wf lemma="vojne" pos="X">vojne</wf>
         <wf lemma="je" pos="X">je</wf>
         <wf lemma="pogosto" pos="X">pogosto</wf>
         <wf lemma="lažje" pos="X">lažje</wf>
         <wf lemma="preprečiti" pos="X">preprečiti</wf>
         <wf lemma="kot" pos="X">kot</wf>
         <wf lemma="pa" pos="X">pa</wf>
         <wf lemma="prekiniti" pos="X">prekiniti</wf>
         <wf lemma="." pos="X">.</wf>
      </sentence>
      <sentence id="d000.s141" source="wordnet-slovenian">
         <wf lemma="Slovenija" pos="X">Slovenija</wf>
         <wf lemma="bo" pos="X">bo</wf>
         <wf lemma="skupaj" pos="X">skupaj</wf>
         <wf lemma="s" pos="X">s</wf>
         <wf lemma="Hrvaško" pos="X">Hrvaško</wf>
         <wf lemma="pripravila" pos="X">pripravila</wf>
         <wf lemma="posebno" pos="X">posebno</wf>
         <wf lemma="strokovno" pos="X">strokovno</wf>
         <wf lemma="študijo" pos="X">študijo</wf>
         <wf lemma="o" pos="X">o</wf>
         <wf lemma="razvoju" pos="X">razvoju</wf>
         <wf lemma="obmejnega" pos="X">obmejnega</wf>
         <instance id="d000.s141.t000" lemma="območje" pos="NOUN">območja</instance>
         <wf lemma="v" pos="X">v</wf>
         <wf lemma="letih" pos="X">letih</wf>
         <wf lemma="2002" pos="X">2002</wf>
         <wf lemma="do" pos="X">do</wf>
         <wf lemma="2006" pos="X">2006</wf>
         <wf lemma="." pos="X">.</wf>
      </sentence>
      <sentence id="d000.s142" source="wordnet-slovenian">
         <wf lemma="Sv" pos="X">Sv</wf>
         <wf lemma="." pos="X">.</wf>
         <wf lemma="Pavel" pos="X">Pavel</wf>
         <wf lemma="našteva" pos="X">našteva</wf>
         <wf lemma="naravne" pos="X">naravne</wf>
         <wf lemma="kreposti" pos="X">kreposti</wf>
         <wf lemma="," pos="X">,</wf>
         <wf lemma="ki" pos="X">ki</wf>
         <wf lemma="so" pos="X">so</wf>
         <wf lemma="zelo" pos="X">zelo</wf>
         <wf lemma="potrebne" pos="X">potrebne</wf>
         <wf lemma="za" pos="X">za</wf>
         <wf lemma="skupno" pos="X">skupno</wf>
         <instance id="d000.s142.t000" lemma="življenje" pos="NOUN">življenje</instance>
         <wf lemma=":" pos="X">:</wf>
         <wf lemma="“" pos="X">“</wf>
         <wf lemma="Kot" pos="X">Kot</wf>
         <wf lemma="Božji" pos="X">Božji</wf>
         <wf lemma="izvoljenci" pos="X">izvoljenci</wf>
         <wf lemma="," pos="X">,</wf>
         <wf lemma="sveti" pos="X">sveti</wf>
         <wf lemma="in" pos="X">in</wf>
         <wf lemma="ljubljeni" pos="X">ljubljeni</wf>
         <wf lemma="," pos="X">,</wf>
         <wf lemma="si" pos="X">si</wf>
         <wf lemma="torej" pos="X">torej</wf>
         <wf lemma="oblecite" pos="X">oblecite</wf>
         <wf lemma="čim" pos="X">čim</wf>
         <wf lemma="globlje" pos="X">globlje</wf>
         <wf lemma="usmiljenje" pos="X">usmiljenje</wf>
         <wf lemma="," pos="X">,</wf>
         <wf lemma="dobrotljivost" pos="X">dobrotljivost</wf>
         <wf lemma="," pos="X">,</wf>
         <wf lemma="ponižnost" pos="X">ponižnost</wf>
         <wf lemma="," pos="X">,</wf>
         <wf lemma="krotkost" pos="X">krotkost</wf>
         <wf lemma="," pos="X">,</wf>
         <wf lemma="potrpežljivost" pos="X">potrpežljivost</wf>
         <wf lemma="." pos="X">.</wf>
      </sentence>
      <sentence id="d000.s143" source="wordnet-slovenian">
         <wf lemma="V" pos="X">V</wf>
         <wf lemma="naslednjih" pos="X">naslednjih</wf>
         <instance id="d000.s143.t000" lemma="mesec" pos="NOUN">mesecih</instance>
         <wf lemma="se" pos="X">se</wf>
         <wf lemma="nam" pos="X">nam</wf>
         <wf lemma="ne" pos="X">ne</wf>
         <wf lemma="obetajo" pos="X">obetajo</wf>
         <wf lemma="podobni" pos="X">podobni</wf>
         <wf lemma="filmi" pos="X">filmi</wf>
         <wf lemma="." pos="X">.</wf>
      </sentence>
      <sentence id="d000.s144" source="wordnet-slovenian">
         <wf lemma="Čez" pos="X">Čez</wf>
         <wf lemma="nekaj" pos="X">nekaj</wf>
         <instance id="d000.s144.t000" lemma="minuta" pos="NOUN">minut</instance>
         <wf lemma="palice" pos="X">palice</wf>
         <wf lemma="za" pos="X">za</wf>
         <wf lemma="golf" pos="X">golf</wf>
         <wf lemma="položijo" pos="X">položijo</wf>
         <wf lemma="v" pos="X">v</wf>
         <wf lemma="prtljažnik" pos="X">prtljažnik</wf>
         <wf lemma="črne" pos="X">črne</wf>
         <wf lemma="limuzine" pos="X">limuzine</wf>
         <wf lemma="." pos="X">.</wf>
      </sentence>
      <sentence id="d000.s145" source="wordnet-slovenian">
         <wf lemma="-" pos="X">-</wf>
         <wf lemma="razbremenitev" pos="X">razbremenitev</wf>
         <wf lemma="obrtništva" pos="X">obrtništva</wf>
         <wf lemma="(" pos="X">(</wf>
         <wf lemma="nižje" pos="X">nižje</wf>
         <instance id="d000.s145.t000" lemma="stopnja" pos="NOUN">stopnje</instance>
         <wf lemma="DDV" pos="X">DDV</wf>
         <wf lemma="za" pos="X">za</wf>
         <wf lemma="določene" pos="X">določene</wf>
         <wf lemma="dejavnosti" pos="X">dejavnosti</wf>
         <wf lemma="," pos="X">,</wf>
         <wf lemma="uvedba" pos="X">uvedba</wf>
         <wf lemma="pavšalne" pos="X">pavšalne</wf>
         <wf lemma="obdavčitve" pos="X">obdavčitve</wf>
         <wf lemma="," pos="X">,</wf>
         <wf lemma="znižanje" pos="X">znižanje</wf>
         <wf lemma="zavarovalnih" pos="X">zavarovalnih</wf>
         <wf lemma="osnov" pos="X">osnov</wf>
         <wf lemma="," pos="X">,</wf>
         <wf lemma="zmanjšanje" pos="X">zmanjšanje</wf>
         <wf lemma="birokratskih" pos="X">birokratskih</wf>
         <wf lemma="postopkov" pos="X">postopkov</wf>
         <wf lemma="," pos="X">,</wf>
         <wf lemma="urediti" pos="X">urediti</wf>
         <wf lemma="področje" pos="X">področje</wf>
         <wf lemma="inšpekcijskih" pos="X">inšpekcijskih</wf>
         <wf lemma="nadzorov" pos="X">nadzorov</wf>
         <wf lemma="," pos="X">,</wf>
         <wf lemma="." pos="X">.</wf>
      </sentence>
      <sentence id="d000.s146" source="wordnet-slovenian">
         <wf lemma="Ena" pos="X">Ena</wf>
         <wf lemma="od" pos="X">od</wf>
         <wf lemma="tem" pos="X">tem</wf>
         <wf lemma="današnjega" pos="X">današnjega</wf>
         <wf lemma="koalicijskega" pos="X">koalicijskega</wf>
         <wf lemma="sestanka" pos="X">sestanka</wf>
         <wf lemma="naj" pos="X">naj</wf>
         <wf lemma="bi" pos="X">bi</wf>
         <wf lemma="bil" pos="X">bil</wf>
         <wf lemma="tudi" pos="X">tudi</wf>
         <wf lemma="očitek" pos="X">očitek</wf>
         <wf lemma="ljudske" pos="X">ljudske</wf>
         <instance id="d000.s146.t000" lemma="stranka" pos="NOUN">stranke</instance>
         <wf lemma="," pos="X">,</wf>
         <wf lemma="ki" pos="X">ki</wf>
         <wf lemma="ga" pos="X">ga</wf>
         <wf lemma="je" pos="X">je</wf>
         <wf lemma="izrekla" pos="X">izrekla</wf>
         <wf lemma="na" pos="X">na</wf>
         <wf lemma="petkovem" pos="X">petkovem</wf>
         <wf lemma="sestanku" pos="X">sestanku</wf>
         <wf lemma="SLS" pos="X">SLS</wf>
         <wf lemma="v" pos="X">v</wf>
         <wf lemma="Dragatušu" pos="X">Dragatušu</wf>
         <wf lemma="," pos="X">,</wf>
         <wf lemma="da" pos="X">da</wf>
         <wf lemma="naj" pos="X">naj</wf>
         <wf lemma="bi" pos="X">bi</wf>
         <wf lemma="liberalna" pos="X">liberalna</wf>
         <wf lemma="demokracija" pos="X">demokracija</wf>
         <wf lemma="večkrat" pos="X">večkrat</wf>
         <wf lemma="prekršila" pos="X">prekršila</wf>
         <wf lemma="koalicijsko" pos="X">koalicijsko</wf>
         <wf lemma="pogodbo" pos="X">pogodbo</wf>
         <wf lemma="kot" pos="X">kot</wf>
         <wf lemma="ljudska" pos="X">ljudska</wf>
         <wf lemma="stranka" pos="X">stranka</wf>
         <wf lemma=";" pos="X">;</wf>
         <wf lemma="to" pos="X">to</wf>
         <wf lemma="naj" pos="X">naj</wf>
         <wf lemma="bi" pos="X">bi</wf>
         <wf lemma="se" pos="X">se</wf>
         <wf lemma="zgodilo" pos="X">zgodilo</wf>
         <wf lemma="vsaj" pos="X">vsaj</wf>
         <wf lemma="petkrat" pos="X">petkrat</wf>
         <wf lemma="," pos="X">,</wf>
         <wf lemma="medtem" pos="X">medtem</wf>
         <wf lemma="ko" pos="X">ko</wf>
         <wf lemma="naj" pos="X">naj</wf>
         <wf lemma="bi" pos="X">bi</wf>
         <wf lemma="jo" pos="X">jo</wf>
         <wf lemma="ljudska" pos="X">ljudska</wf>
         <wf lemma="stranka" pos="X">stranka</wf>
         <wf lemma="prekršila" pos="X">prekršila</wf>
         <wf lemma="samo" pos="X">samo</wf>
         <wf lemma="enkrat" pos="X">enkrat</wf>
         <wf lemma="," pos="X">,</wf>
         <wf lemma="in" pos="X">in</wf>
         <wf lemma="sicer" pos="X">sicer</wf>
         <wf lemma="pri" pos="X">pri</wf>
         <wf lemma="glasovanju" pos="X">glasovanju</wf>
         <wf lemma="za" pos="X">za</wf>
         <wf lemma="interpelacijo" pos="X">interpelacijo</wf>
         <wf lemma="o" pos="X">o</wf>
         <wf lemma="delu" pos="X">delu</wf>
         <wf lemma="šolskega" pos="X">šolskega</wf>
         <wf lemma="ministra" pos="X">ministra</wf>
         <wf lemma="Slavka" pos="X">Slavka</wf>
         <wf lemma="Gabra" pos="X">Gabra</wf>
         <wf lemma="." pos="X">.</wf>
      </sentence>
      <sentence id="d000.s147" source="wordnet-slovenian">
         <wf lemma="/" pos="X">/</wf>
         <wf lemma="ko" pos="X">ko</wf>
         <wf lemma="sva" pos="X">sva</wf>
         <wf lemma="se" pos="X">se</wf>
         <wf lemma="spoznala" pos="X">spoznala</wf>
         <wf lemma="," pos="X">,</wf>
         <wf lemma="se" pos="X">se</wf>
         <wf lemma="je" pos="X">je</wf>
         <instance id="d000.s147.t000" lemma="svet" pos="NOUN">svet</instance>
         <wf lemma="spet" pos="X">spet</wf>
         <wf lemma="odel" pos="X">odel</wf>
         <wf lemma="v" pos="X">v</wf>
         <wf lemma="cvetje" pos="X">cvetje</wf>
         <wf lemma="." pos="X">.</wf>
      </sentence>
      <sentence id="d000.s148" source="wordnet-slovenian">
         <wf lemma="Stopil" pos="X">Stopil</wf>
         <wf lemma="je" pos="X">je</wf>
         <wf lemma="okoli" pos="X">okoli</wf>
         <instance id="d000.s148.t000" lemma="hiša" pos="NOUN">hiše</instance>
         <wf lemma="," pos="X">,</wf>
         <wf lemma="do" pos="X">do</wf>
         <wf lemma="okna" pos="X">okna</wf>
         <wf lemma="brloga" pos="X">brloga</wf>
         <wf lemma="," pos="X">,</wf>
         <wf lemma="kjer" pos="X">kjer</wf>
         <wf lemma="je" pos="X">je</wf>
         <wf lemma="skozi" pos="X">skozi</wf>
         <wf lemma="režo" pos="X">režo</wf>
         <wf lemma="med" pos="X">med</wf>
         <wf lemma="odejo" pos="X">odejo</wf>
         <wf lemma="in" pos="X">in</wf>
         <wf lemma="zidom" pos="X">zidom</wf>
         <wf lemma="videl" pos="X">videl</wf>
         <wf lemma="dovolj" pos="X">dovolj</wf>
         <wf lemma="." pos="X">.</wf>
      </sentence>
      <sentence id="d000.s149" source="wordnet-slovenian">
         <wf lemma="Danes" pos="X">Danes</wf>
         <wf lemma="ljudje" pos="X">ljudje</wf>
         <wf lemma="," pos="X">,</wf>
         <wf lemma="ki" pos="X">ki</wf>
         <wf lemma="so" pos="X">so</wf>
         <wf lemma="delovali" pos="X">delovali</wf>
         <wf lemma="v" pos="X">v</wf>
         <wf lemma="nekdanji" pos="X">nekdanji</wf>
         <wf lemma="Jugoslaviji" pos="X">Jugoslaviji</wf>
         <wf lemma="," pos="X">,</wf>
         <wf lemma="ob" pos="X">ob</wf>
         <wf lemma="meni" pos="X">meni</wf>
         <wf lemma="še" pos="X">še</wf>
         <wf lemma="Jani" pos="X">Jani</wf>
         <wf lemma="Koman" pos="X">Koman</wf>
         <wf lemma="in" pos="X">in</wf>
         <wf lemma="Jože" pos="X">Jože</wf>
         <wf lemma="Mikeln" pos="X">Mikeln</wf>
         <wf lemma="," pos="X">,</wf>
         <wf lemma="v" pos="X">v</wf>
         <wf lemma="strokovnih" pos="X">strokovnih</wf>
         <wf lemma="organizacijah" pos="X">organizacijah</wf>
         <wf lemma="zveze" pos="X">zveze</wf>
         <wf lemma="nimamo" pos="X">nimamo</wf>
         <wf lemma="nobene" pos="X">nobene</wf>
         <instance id="d000.s149.t000" lemma="vloga" pos="NOUN">vloge</instance>
         <wf lemma="." pos="X">.</wf>
      </sentence>
      <sentence id="d000.s150" source="wordnet-slovenian">
         <wf lemma="Zaprl" pos="X">Zaprl</wf>
         <wf lemma="sem" pos="X">sem</wf>
         <instance id="d000.s150.t000" lemma="vrata" pos="NOUN">vrata</instance>
         <wf lemma="za" pos="X">za</wf>
         <wf lemma="sabo" pos="X">sabo</wf>
         <wf lemma="." pos="X">.</wf>
      </sentence>
      <sentence id="d000.s151" source="wordnet-slovenian">
         <wf lemma="Mednarodne" pos="X">Mednarodne</wf>
         <wf lemma="dneve" pos="X">dneve</wf>
         <wf lemma="mineralov" pos="X">mineralov</wf>
         <wf lemma="," pos="X">,</wf>
         <wf lemma="fosilov" pos="X">fosilov</wf>
         <wf lemma="in" pos="X">in</wf>
         <instance id="d000.s151.t000" lemma="okolje" pos="NOUN">okolja</instance>
         <wf lemma="." pos="X">.</wf>
      </sentence>
      <sentence id="d000.s152" source="wordnet-slovenian">
         <wf lemma="-" pos="X">-</wf>
         <wf lemma="Mednarodna" pos="X">Mednarodna</wf>
         <wf lemma="atletska" pos="X">atletska</wf>
         <wf lemma="zveza" pos="X">zveza</wf>
         <wf lemma="(" pos="X">(</wf>
         <wf lemma="IAAF" pos="X">IAAF</wf>
         <wf lemma=")" pos="X">)</wf>
         <wf lemma="je" pos="X">je</wf>
         <wf lemma="potrdila" pos="X">potrdila</wf>
         <wf lemma="datume" pos="X">datume</wf>
         <wf lemma="mitingov" pos="X">mitingov</wf>
         <wf lemma="za" pos="X">za</wf>
         <wf lemma="zlato" pos="X">zlato</wf>
         <wf lemma="ligo" pos="X">ligo</wf>
         <wf lemma="prihodnje" pos="X">prihodnje</wf>
         <instance id="d000.s152.t000" lemma="leto" pos="NOUN">leto</instance>
         <wf lemma="." pos="X">.</wf>
      </sentence>
      <sentence id="d000.s153" source="wordnet-slovenian">
         <wf lemma="Starostni" pos="X">Starostni</wf>
         <instance id="d000.s153.t000" lemma="svet" pos="NOUN">svet</instance>
         <wf lemma="puritanske" pos="X">puritanske</wf>
         <wf lemma="družbe" pos="X">družbe</wf>
         <wf lemma="jo" pos="X">jo</wf>
         <wf lemma="ožigosa" pos="X">ožigosa</wf>
         <wf lemma="." pos="X">.</wf>
      </sentence>
      <sentence id="d000.s154" source="wordnet-slovenian">
         <wf lemma="V" pos="X">V</wf>
         <wf lemma="drugem" pos="X">drugem</wf>
         <wf lemma="desetletju" pos="X">desetletju</wf>
         <wf lemma="pa" pos="X">pa</wf>
         <wf lemma="se" pos="X">se</wf>
         <wf lemma="je" pos="X">je</wf>
         <wf lemma="dramski" pos="X">dramski</wf>
         <wf lemma="ansambl" pos="X">ansambl</wf>
         <wf lemma="precej" pos="X">precej</wf>
         <wf lemma="ustalil" pos="X">ustalil</wf>
         <wf lemma="," pos="X">,</wf>
         <wf lemma="kar" pos="X">kar</wf>
         <wf lemma="je" pos="X">je</wf>
         <wf lemma="tudi" pos="X">tudi</wf>
         <wf lemma="vplivalo" pos="X">vplivalo</wf>
         <wf lemma="na" pos="X">na</wf>
         <wf lemma="kvaliteto" pos="X">kvaliteto</wf>
         <wf lemma="ustvarjanja" pos="X">ustvarjanja</wf>
         <wf lemma="," pos="X">,</wf>
         <wf lemma="tako" pos="X">tako</wf>
         <wf lemma="da" pos="X">da</wf>
         <wf lemma="smo" pos="X">smo</wf>
         <wf lemma="o" pos="X">o</wf>
         <wf lemma="priliki" pos="X">priliki</wf>
         <wf lemma="gostovanja" pos="X">gostovanja</wf>
         <wf lemma="v" pos="X">v</wf>
         <wf lemma="Ljubljani" pos="X">Ljubljani</wf>
         <wf lemma="v" pos="X">v</wf>
         <instance id="d000.s154.t000" lemma="sezona" pos="NOUN">sezonah</instance>
         <wf lemma="1938" pos="X">1938</wf>
         <wf lemma="-" pos="X">-</wf>
         <wf lemma="39" pos="X">39</wf>
         <wf lemma="in" pos="X">in</wf>
         <wf lemma="1940" pos="X">1940</wf>
         <wf lemma="-" pos="X">-</wf>
         <wf lemma="41" pos="X">41</wf>
         <wf lemma="doživeli" pos="X">doživeli</wf>
         <wf lemma="največje" pos="X">največje</wf>
         <wf lemma="priznanje" pos="X">priznanje</wf>
         <wf lemma="." pos="X">.</wf>
      </sentence>
      <sentence id="d000.s155" source="wordnet-slovenian">
         <wf lemma="Tako" pos="X">Tako</wf>
         <wf lemma="je" pos="X">je</wf>
         <wf lemma="vodstvu" pos="X">vodstvu</wf>
         <wf lemma="Galerije" pos="X">Galerije</wf>
         <wf lemma="Božidar" pos="X">Božidar</wf>
         <wf lemma="Jakac" pos="X">Jakac</wf>
         <wf lemma="," pos="X">,</wf>
         <wf lemma="ki" pos="X">ki</wf>
         <wf lemma="danes" pos="X">danes</wf>
         <wf lemma="domuje" pos="X">domuje</wf>
         <wf lemma="za" pos="X">za</wf>
         <wf lemma="samostanskimi" pos="X">samostanskimi</wf>
         <wf lemma="zidovi" pos="X">zidovi</wf>
         <wf lemma="," pos="X">,</wf>
         <wf lemma="v" pos="X">v</wf>
         <wf lemma="minulih" pos="X">minulih</wf>
         <instance id="d000.s155.t000" lemma="leto" pos="NOUN">letih</instance>
         <wf lemma="med" pos="X">med</wf>
         <wf lemma="drugim" pos="X">drugim</wf>
         <wf lemma="uspelo" pos="X">uspelo</wf>
         <wf lemma="povsem" pos="X">povsem</wf>
         <wf lemma="obnoviti" pos="X">obnoviti</wf>
         <wf lemma="porušeno" pos="X">porušeno</wf>
         <wf lemma="samostansko" pos="X">samostansko</wf>
         <wf lemma="cerkev" pos="X">cerkev</wf>
         <wf lemma="ter" pos="X">ter</wf>
         <wf lemma="nekatere" pos="X">nekatere</wf>
         <wf lemma="druge" pos="X">druge</wf>
         <wf lemma="močno" pos="X">močno</wf>
         <wf lemma="poškodovane" pos="X">poškodovane</wf>
         <wf lemma="objekte" pos="X">objekte</wf>
         <wf lemma="," pos="X">,</wf>
         <wf lemma="lani" pos="X">lani</wf>
         <wf lemma="pa" pos="X">pa</wf>
         <wf lemma="so" pos="X">so</wf>
         <wf lemma="končali" pos="X">končali</wf>
         <wf lemma="obsežno" pos="X">obsežno</wf>
         <wf lemma="delo" pos="X">delo</wf>
         <wf lemma="," pos="X">,</wf>
         <wf lemma="prekrili" pos="X">prekrili</wf>
         <wf lemma="so" pos="X">so</wf>
         <wf lemma="streho" pos="X">streho</wf>
         <wf lemma="," pos="X">,</wf>
         <wf lemma="obnovili" pos="X">obnovili</wf>
         <wf lemma="baročno" pos="X">baročno</wf>
         <wf lemma="kuliso" pos="X">kuliso</wf>
         <wf lemma="ter" pos="X">ter</wf>
         <wf lemma="začeli" pos="X">začeli</wf>
         <wf lemma="z" pos="X">z</wf>
         <wf lemma="večjimi" pos="X">večjimi</wf>
         <wf lemma="obnovitvenimi" pos="X">obnovitvenimi</wf>
         <wf lemma="deli" pos="X">deli</wf>
         <wf lemma="v" pos="X">v</wf>
         <wf lemma="nekdanjem" pos="X">nekdanjem</wf>
         <wf lemma="samostanskem" pos="X">samostanskem</wf>
         <wf lemma="mlinu" pos="X">mlinu</wf>
         <wf lemma="." pos="X">.</wf>
      </sentence>
      <sentence id="d000.s156" source="wordnet-slovenian">
         <wf lemma="Ta" pos="X">Ta</wf>
         <wf lemma="sklep" pos="X">sklep</wf>
         <wf lemma="je" pos="X">je</wf>
         <wf lemma="že" pos="X">že</wf>
         <wf lemma="dokaj" pos="X">dokaj</wf>
         <wf lemma="konkretno" pos="X">konkretno</wf>
         <wf lemma="nakazoval" pos="X">nakazoval</wf>
         <wf lemma="usmeritev" pos="X">usmeritev</wf>
         <wf lemma="k" pos="X">k</wf>
         <wf lemma="oblikovanju" pos="X">oblikovanju</wf>
         <wf lemma="skupnega" pos="X">skupnega</wf>
         <wf lemma="ogrodja" pos="X">ogrodja</wf>
         <wf lemma="za" pos="X">za</wf>
         <wf lemma="kvalifikacije" pos="X">kvalifikacije</wf>
         <wf lemma="v" pos="X">v</wf>
         <wf lemma="evropskem" pos="X">evropskem</wf>
         <wf lemma="visoko" pos="X">visoko</wf>
         <wf lemma="-" pos="X">-</wf>
         <wf lemma="šolskem" pos="X">šolskem</wf>
         <instance id="d000.s156.t000" lemma="prostor" pos="NOUN">prostoru</instance>
         <wf lemma="." pos="X">.</wf>
      </sentence>
      <sentence id="d000.s157" source="wordnet-slovenian">
         <wf lemma="ZASTAVE" pos="X">ZASTAVE</wf>
         <wf lemma="-" pos="X">-</wf>
         <wf lemma="Vsak" pos="X">Vsak</wf>
         <wf lemma="predšolski" pos="X">predšolski</wf>
         <wf lemma="otrok" pos="X">otrok</wf>
         <wf lemma="bi" pos="X">bi</wf>
         <wf lemma="z" pos="X">z</wf>
         <wf lemma="lahkoto" pos="X">lahkoto</wf>
         <wf lemma="preštel" pos="X">preštel</wf>
         <wf lemma="tistih" pos="X">tistih</wf>
         <wf lemma="nekaj" pos="X">nekaj</wf>
         <wf lemma="zastav" pos="X">zastav</wf>
         <wf lemma="," pos="X">,</wf>
         <wf lemma="ki" pos="X">ki</wf>
         <wf lemma="so" pos="X">so</wf>
         <wf lemma="ob" pos="X">ob</wf>
         <instance id="d000.s157.t000" lemma="dan" pos="NOUN">dnevu</instance>
         <wf lemma="samostojnosti" pos="X">samostojnosti</wf>
         <wf lemma="visele" pos="X">visele</wf>
         <wf lemma="v" pos="X">v</wf>
         <wf lemma="Črnomlju" pos="X">Črnomlju</wf>
         <wf lemma="." pos="X">.</wf>
      </sentence>
      <sentence id="d000.s158" source="wordnet-slovenian">
         <wf lemma="Vendar" pos="X">Vendar</wf>
         <wf lemma="v" pos="X">v</wf>
         <wf lemma="procesu" pos="X">procesu</wf>
         <wf lemma="zastoja" pos="X">zastoja</wf>
         <wf lemma="niso" pos="X">niso</wf>
         <wf lemma="igrali" pos="X">igrali</wf>
         <instance id="d000.s158.t000" lemma="vloga" pos="NOUN">vloge</instance>
         <wf lemma="samo" pos="X">samo</wf>
         <wf lemma="omenjeni" pos="X">omenjeni</wf>
         <wf lemma="osnovni" pos="X">osnovni</wf>
         <wf lemma="dejavniki" pos="X">dejavniki</wf>
         <wf lemma="," pos="X">,</wf>
         <wf lemma="temveč" pos="X">temveč</wf>
         <wf lemma="tudi" pos="X">tudi</wf>
         <wf lemma="drugi" pos="X">drugi</wf>
         <wf lemma="," pos="X">,</wf>
         <wf lemma="o" pos="X">o</wf>
         <wf lemma="katerih" pos="X">katerih</wf>
         <wf lemma="bo" pos="X">bo</wf>
         <wf lemma="govor" pos="X">govor</wf>
         <wf lemma="v" pos="X">v</wf>
         <wf lemma="nadaljevanju" pos="X">nadaljevanju</wf>
         <wf lemma="." pos="X">.</wf>
      </sentence>
      <sentence id="d000.s159" source="wordnet-slovenian">
         <wf lemma="Med" pos="X">Med</wf>
         <wf lemma="številnimi" pos="X">številnimi</wf>
         <wf lemma="ponudniki" pos="X">ponudniki</wf>
         <wf lemma="kmetijske" pos="X">kmetijske</wf>
         <wf lemma="tehnike" pos="X">tehnike</wf>
         <wf lemma="smo" pos="X">smo</wf>
         <wf lemma="v" pos="X">v</wf>
         <wf lemma="Veroni" pos="X">Veroni</wf>
         <wf lemma="odkrili" pos="X">odkrili</wf>
         <wf lemma="tudi" pos="X">tudi</wf>
         <instance id="d000.s159.t000" lemma="podjetje" pos="NOUN">podjetje</instance>
         <wf lemma="Bonino" pos="X">Bonino</wf>
         <wf lemma="." pos="X">.</wf>
      </sentence>
      <sentence id="d000.s160" source="wordnet-slovenian">
         <wf lemma="S" pos="X">S</wf>
         <wf lemma="kuponom" pos="X">kuponom</wf>
         <wf lemma="za" pos="X">za</wf>
         <wf lemma="žrebanje" pos="X">žrebanje</wf>
         <wf lemma="v" pos="X">v</wf>
         <wf lemma="Timesovi" pos="X">Timesovi</wf>
         <wf lemma="šolski" pos="X">šolski</wf>
         <wf lemma="prilogi" pos="X">prilogi</wf>
         <wf lemma="in" pos="X">in</wf>
         <wf lemma="na" pos="X">na</wf>
         <wf lemma="spletni" pos="X">spletni</wf>
         <wf lemma="strani" pos="X">strani</wf>
         <wf lemma="Bloomsburyja" pos="X">Bloomsburyja</wf>
         <wf lemma="so" pos="X">so</wf>
         <wf lemma="povabili" pos="X">povabili</wf>
         <wf lemma="učitelje" pos="X">učitelje</wf>
         <wf lemma="-" pos="X">-</wf>
         <wf lemma="samo" pos="X">samo</wf>
         <wf lemma="učitelje" pos="X">učitelje</wf>
         <wf lemma="-" pos="X">-</wf>
         <wf lemma="naj" pos="X">naj</wf>
         <wf lemma="se" pos="X">se</wf>
         <wf lemma="v" pos="X">v</wf>
         <wf lemma="imenu" pos="X">imenu</wf>
         <wf lemma="svojih" pos="X">svojih</wf>
         <wf lemma="učencev" pos="X">učencev</wf>
         <wf lemma="prijavijo" pos="X">prijavijo</wf>
         <wf lemma="za" pos="X">za</wf>
         <wf lemma="mesta" pos="X">mesta</wf>
         <wf lemma="med" pos="X">med</wf>
         <wf lemma="publiko" pos="X">publiko</wf>
         <wf lemma="," pos="X">,</wf>
         <wf lemma="in" pos="X">in</wf>
         <wf lemma="to" pos="X">to</wf>
         <wf lemma="največ" pos="X">največ</wf>
         <wf lemma="za" pos="X">za</wf>
         <wf lemma="50" pos="X">50</wf>
         <wf lemma="na" pos="X">na</wf>
         <instance id="d000.s160.t000" lemma="šola" pos="NOUN">šolo</instance>
         <wf lemma="." pos="X">.</wf>
      </sentence>
      <sentence id="d000.s161" source="wordnet-slovenian">
         <wf lemma="Vitka" pos="X">Vitka</wf>
         <wf lemma="Ribičič" pos="X">Ribičič</wf>
         <wf lemma="je" pos="X">je</wf>
         <wf lemma="postregla" pos="X">postregla</wf>
         <wf lemma="s" pos="X">s</wf>
         <wf lemma="kratkim" pos="X">kratkim</wf>
         <wf lemma="," pos="X">,</wf>
         <wf lemma="a" pos="X">a</wf>
         <wf lemma="jasnim" pos="X">jasnim</wf>
         <wf lemma="odgovorom" pos="X">odgovorom</wf>
         <wf lemma="," pos="X">,</wf>
         <wf lemma="da" pos="X">da</wf>
         <wf lemma="je" pos="X">je</wf>
         <wf lemma="bilo" pos="X">bilo</wf>
         <wf lemma="k" pos="X">k</wf>
         <wf lemma="sreči" pos="X">sreči</wf>
         <wf lemma="takega" pos="X">takega</wf>
         <wf lemma="nasilja" pos="X">nasilja</wf>
         <wf lemma="doslej" pos="X">doslej</wf>
         <wf lemma="malo" pos="X">malo</wf>
         <wf lemma="," pos="X">,</wf>
         <wf lemma="da" pos="X">da</wf>
         <wf lemma="pa" pos="X">pa</wf>
         <wf lemma="se" pos="X">se</wf>
         <wf lemma="ga" pos="X">ga</wf>
         <wf lemma="bodo" pos="X">bodo</wf>
         <wf lemma="očitno" pos="X">očitno</wf>
         <wf lemma="morali" pos="X">morali</wf>
         <wf lemma="na" pos="X">na</wf>
         <instance id="d000.s161.t000" lemma="center" pos="NOUN">centru</instance>
         <wf lemma="lotiti" pos="X">lotiti</wf>
         <wf lemma="." pos="X">.</wf>
      </sentence>
      <sentence id="d000.s162" source="wordnet-slovenian">
         <wf lemma="Institucije" pos="X">Institucije</wf>
         <wf lemma="civilne" pos="X">civilne</wf>
         <wf lemma="družbe" pos="X">družbe</wf>
         <wf lemma="(" pos="X">(</wf>
         <wf lemma="na" pos="X">na</wf>
         <wf lemma="primer" pos="X">primer</wf>
         <wf lemma="Svetovni" pos="X">Svetovni</wf>
         <wf lemma="slovenski" pos="X">slovenski</wf>
         <wf lemma="kongres" pos="X">kongres</wf>
         <wf lemma=")" pos="X">)</wf>
         <wf lemma="bi" pos="X">bi</wf>
         <wf lemma="morale" pos="X">morale</wf>
         <wf lemma="pozvati" pos="X">pozvati</wf>
         <wf lemma="k" pos="X">k</wf>
         <wf lemma="bojkotu" pos="X">bojkotu</wf>
         <wf lemma="nasilnih" pos="X">nasilnih</wf>
         <wf lemma="trgovinskih" pos="X">trgovinskih</wf>
         <wf lemma="središč" pos="X">središč</wf>
         <wf lemma="," pos="X">,</wf>
         <wf lemma="ki" pos="X">ki</wf>
         <wf lemma="z" pos="X">z</wf>
         <wf lemma="zvenečimi" pos="X">zvenečimi</wf>
         <wf lemma="avstrijskimi" pos="X">avstrijskimi</wf>
         <wf lemma="imeni" pos="X">imeni</wf>
         <wf lemma="ustvarjajo" pos="X">ustvarjajo</wf>
         <wf lemma="nelojalno" pos="X">nelojalno</wf>
         <wf lemma="konkurenco" pos="X">konkurenco</wf>
         <wf lemma="domačim" pos="X">domačim</wf>
         <wf lemma="podjetjem" pos="X">podjetjem</wf>
         <wf lemma="," pos="X">,</wf>
         <wf lemma="denar" pos="X">denar</wf>
         <wf lemma="pa" pos="X">pa</wf>
         <wf lemma="prelivajo" pos="X">prelivajo</wf>
         <wf lemma="tja" pos="X">tja</wf>
         <wf lemma="," pos="X">,</wf>
         <wf lemma="od" pos="X">od</wf>
         <wf lemma="koder" pos="X">koder</wf>
         <wf lemma="prihajajo" pos="X">prihajajo</wf>
         <wf lemma="najmočnejši" pos="X">najmočnejši</wf>
         <wf lemma="sunki" pos="X">sunki</wf>
         <wf lemma="protislovenske" pos="X">protislovenske</wf>
         <instance id="d000.s162.t000" lemma="politika" pos="NOUN">politike</instance>
         <wf lemma="," pos="X">,</wf>
         <wf lemma="to" pos="X">to</wf>
         <wf lemma="je" pos="X">je</wf>
         <wf lemma="v" pos="X">v</wf>
         <wf lemma="Avstrijo" pos="X">Avstrijo</wf>
         <wf lemma="." pos="X">.</wf>
      </sentence>
      <sentence id="d000.s163" source="wordnet-slovenian">
         <wf lemma="V" pos="X">V</wf>
         <wf lemma="enem" pos="X">enem</wf>
         <wf lemma="tednu" pos="X">tednu</wf>
         <wf lemma="sem" pos="X">sem</wf>
         <wf lemma="se" pos="X">se</wf>
         <wf lemma="preselila" pos="X">preselila</wf>
         <wf lemma="v" pos="X">v</wf>
         <wf lemma="Los" pos="X">Los</wf>
         <wf lemma="Angeles" pos="X">Angeles</wf>
         <wf lemma="," pos="X">,</wf>
         <wf lemma="naredila" pos="X">naredila</wf>
         <wf lemma="vozniški" pos="X">vozniški</wf>
         <wf lemma="izpit" pos="X">izpit</wf>
         <wf lemma="," pos="X">,</wf>
         <wf lemma="kupila" pos="X">kupila</wf>
         <wf lemma="avto" pos="X">avto</wf>
         <wf lemma="," pos="X">,</wf>
         <wf lemma="poiskala" pos="X">poiskala</wf>
         <instance id="d000.s163.t000" lemma="hiša" pos="NOUN">hišo</instance>
         <wf lemma="," pos="X">,</wf>
         <wf lemma="najela" pos="X">najela</wf>
         <wf lemma="stanovanje" pos="X">stanovanje</wf>
         <wf lemma="," pos="X">,</wf>
         <wf lemma="poiskala" pos="X">poiskala</wf>
         <wf lemma="igralskega" pos="X">igralskega</wf>
         <wf lemma="agenta" pos="X">agenta</wf>
         <wf lemma="in" pos="X">in</wf>
         <wf lemma="začela" pos="X">začela</wf>
         <wf lemma="hodit" pos="X">hodit</wf>
         <wf lemma="na" pos="X">na</wf>
         <wf lemma="avdicije" pos="X">avdicije</wf>
         <wf lemma="." pos="X">.</wf>
      </sentence>
      <sentence id="d000.s164" source="wordnet-slovenian">
         <wf lemma="Ne" pos="X">Ne</wf>
         <wf lemma="bi" pos="X">bi</wf>
         <wf lemma="pa" pos="X">pa</wf>
         <wf lemma="bilo" pos="X">bilo</wf>
         <wf lemma="lepo" pos="X">lepo</wf>
         <wf lemma="," pos="X">,</wf>
         <wf lemma="ko" pos="X">ko</wf>
         <wf lemma="bi" pos="X">bi</wf>
         <wf lemma="zaradi" pos="X">zaradi</wf>
         <wf lemma="odpakov" pos="X">odpakov</wf>
         <wf lemma="izbruhnila" pos="X">izbruhnila</wf>
         <wf lemma="v" pos="X">v</wf>
         <wf lemma="Trgu" pos="X">Trgu</wf>
         <wf lemma="kakšna" pos="X">kakšna</wf>
         <wf lemma="huda" pos="X">huda</wf>
         <wf lemma="bolezen" pos="X">bolezen</wf>
         <wf lemma="in" pos="X">in</wf>
         <wf lemma="bi" pos="X">bi</wf>
         <wf lemma="pobrala" pos="X">pobrala</wf>
         <wf lemma="še" pos="X">še</wf>
         <wf lemma="tistih" pos="X">tistih</wf>
         <wf lemma="nekaj" pos="X">nekaj</wf>
         <wf lemma="starih" pos="X">starih</wf>
         <wf lemma="prebivalcev" pos="X">prebivalcev</wf>
         <wf lemma="in" pos="X">in</wf>
         <wf lemma="tako" pos="X">tako</wf>
         <wf lemma="na" pos="X">na</wf>
         <wf lemma="Slovenskem" pos="X">Slovenskem</wf>
         <wf lemma="ne" pos="X">ne</wf>
         <wf lemma="bi" pos="X">bi</wf>
         <wf lemma="imeli" pos="X">imeli</wf>
         <wf lemma="več" pos="X">več</wf>
         <wf lemma="grajskega" pos="X">grajskega</wf>
         <wf lemma="kompleksa" pos="X">kompleksa</wf>
         <wf lemma="," pos="X">,</wf>
         <wf lemma="ki" pos="X">ki</wf>
         <wf lemma="je" pos="X">je</wf>
         <wf lemma="poseljen" pos="X">poseljen</wf>
         <wf lemma="z" pos="X">z</wf>
         <instance id="d000.s164.t000" lemma="človek" pos="NOUN">ljudmi</instance>
         <wf lemma="domačini" pos="X">domačini</wf>
         <wf lemma="." pos="X">.</wf>
      </sentence>
      <sentence id="d000.s165" source="wordnet-slovenian">
         <wf lemma="Ob" pos="X">Ob</wf>
         <wf lemma="osmi" pos="X">osmi</wf>
         <instance id="d000.s165.t000" lemma="ura" pos="NOUN">uri</instance>
         <wf lemma="sva" pos="X">sva</wf>
         <wf lemma="se" pos="X">se</wf>
         <wf lemma="zagnala" pos="X">zagnala</wf>
         <wf lemma="ob" pos="X">ob</wf>
         <wf lemma="vrveh" pos="X">vrveh</wf>
         <wf lemma="v" pos="X">v</wf>
         <wf lemma="kamin" pos="X">kamin</wf>
         <wf lemma="kot" pos="X">kot</wf>
         <wf lemma="obsedena" pos="X">obsedena</wf>
         <wf lemma="." pos="X">.</wf>
      </sentence>
      <sentence id="d000.s166" source="wordnet-slovenian">
         <wf lemma="Ko" pos="X">Ko</wf>
         <wf lemma="je" pos="X">je</wf>
         <wf lemma="v" pos="X">v</wf>
         <wf lemma="letu" pos="X">letu</wf>
         <wf lemma="1986" pos="X">1986</wf>
         <wf lemma="izšla" pos="X">izšla</wf>
         <wf lemma="njena" pos="X">njena</wf>
         <instance id="d000.s166.t000" lemma="knjiga" pos="NOUN">knjiga</instance>
         <wf lemma="How" pos="X">How</wf>
         <wf lemma="Institutions" pos="X">Institutions</wf>
         <wf lemma="Think" pos="X">Think</wf>
         <wf lemma="ŠKako" pos="X">ŠKako</wf>
         <wf lemma="mislijo" pos="X">mislijo</wf>
         <wf lemma="institucijeĆ" pos="X">institucijeĆ</wf>
         <wf lemma="," pos="X">,</wf>
         <wf lemma="je" pos="X">je</wf>
         <wf lemma="v" pos="X">v</wf>
         <wf lemma="predgovoru" pos="X">predgovoru</wf>
         <wf lemma="zapisala" pos="X">zapisala</wf>
         <wf lemma=":" pos="X">:</wf>
         <wf lemma="»" pos="X">»</wf>
         <wf lemma="To" pos="X">To</wf>
         <wf lemma="bi" pos="X">bi</wf>
         <wf lemma="morala" pos="X">morala</wf>
         <wf lemma="biti" pos="X">biti</wf>
         <wf lemma="prva" pos="X">prva</wf>
         <wf lemma="knjiga" pos="X">knjiga</wf>
         <wf lemma="," pos="X">,</wf>
         <wf lemma="ki" pos="X">ki</wf>
         <wf lemma="bi" pos="X">bi</wf>
         <wf lemma="jo" pos="X">jo</wf>
         <wf lemma="napisala" pos="X">napisala</wf>
         <wf lemma="potem" pos="X">potem</wf>
         <wf lemma="," pos="X">,</wf>
         <wf lemma="ko" pos="X">ko</wf>
         <wf lemma="sem" pos="X">sem</wf>
         <wf lemma="pisala" pos="X">pisala</wf>
         <wf lemma="o" pos="X">o</wf>
         <wf lemma="afriškem" pos="X">afriškem</wf>
         <wf lemma="terenskem" pos="X">terenskem</wf>
         <wf lemma="delu" pos="X">delu</wf>
         <wf lemma="«18" pos="X">«18</wf>
         <wf lemma="." pos="X">.</wf>
      </sentence>
      <sentence id="d000.s167" source="wordnet-slovenian">
         <wf lemma="&quot;" pos="X">&quot;</wf>
         <wf lemma="Zato" pos="X">Zato</wf>
         <wf lemma="smo" pos="X">smo</wf>
         <wf lemma="že" pos="X">že</wf>
         <wf lemma="septembra" pos="X">septembra</wf>
         <wf lemma="lani" pos="X">lani</wf>
         <wf lemma="prek" pos="X">prek</wf>
         <wf lemma="Gospodarske" pos="X">Gospodarske</wf>
         <wf lemma="zbornice" pos="X">zbornice</wf>
         <wf lemma="Slovenije" pos="X">Slovenije</wf>
         <wf lemma="predlagali" pos="X">predlagali</wf>
         <wf lemma="obdavčitev" pos="X">obdavčitev</wf>
         <wf lemma="vseh" pos="X">vseh</wf>
         <wf lemma="javnih" pos="X">javnih</wf>
         <wf lemma="poštnih" pos="X">poštnih</wf>
         <wf lemma="storitev" pos="X">storitev</wf>
         <wf lemma="," pos="X">,</wf>
         <wf lemma="ker" pos="X">ker</wf>
         <wf lemma="bi" pos="X">bi</wf>
         <wf lemma="s" pos="X">s</wf>
         <wf lemma="tem" pos="X">tem</wf>
         <wf lemma="po" pos="X">po</wf>
         <wf lemma="naših" pos="X">naših</wf>
         <wf lemma="izračunih" pos="X">izračunih</wf>
         <wf lemma="imeli" pos="X">imeli</wf>
         <wf lemma="pozitivni" pos="X">pozitivni</wf>
         <wf lemma="finančni" pos="X">finančni</wf>
         <wf lemma="učinek" pos="X">učinek</wf>
         <wf lemma="okrog" pos="X">okrog</wf>
         <wf lemma="850" pos="X">850</wf>
         <wf lemma="milijonov" pos="X">milijonov</wf>
         <wf lemma="tolarjev" pos="X">tolarjev</wf>
         <wf lemma="na" pos="X">na</wf>
         <instance id="d000.s167.t000" lemma="leto" pos="NOUN">leto</instance>
         <wf lemma="." pos="X">.</wf>
      </sentence>
      <sentence id="d000.s168" source="wordnet-slovenian">
         <wf lemma="Oblast" pos="X">Oblast</wf>
         <wf lemma="pravzaprav" pos="X">pravzaprav</wf>
         <wf lemma="meni" pos="X">meni</wf>
         <wf lemma="," pos="X">,</wf>
         <wf lemma="da" pos="X">da</wf>
         <wf lemma="so" pos="X">so</wf>
         <wf lemma="se" pos="X">se</wf>
         <wf lemma="Rdeče" pos="X">Rdeče</wf>
         <wf lemma="brigade" pos="X">brigade</wf>
         <wf lemma="s" pos="X">s</wf>
         <wf lemma="svojimi" pos="X">svojimi</wf>
         <wf lemma="izpostavami" pos="X">izpostavami</wf>
         <wf lemma="prebudile" pos="X">prebudile</wf>
         <wf lemma="," pos="X">,</wf>
         <wf lemma="da" pos="X">da</wf>
         <wf lemma="začenjajo" pos="X">začenjajo</wf>
         <wf lemma="biti" pos="X">biti</wf>
         <wf lemma="objektivno" pos="X">objektivno</wf>
         <wf lemma="nevarne" pos="X">nevarne</wf>
         <wf lemma="," pos="X">,</wf>
         <wf lemma="kakor" pos="X">kakor</wf>
         <wf lemma="beremo" pos="X">beremo</wf>
         <wf lemma="," pos="X">,</wf>
         <wf lemma="in" pos="X">in</wf>
         <wf lemma="da" pos="X">da</wf>
         <wf lemma="si" pos="X">si</wf>
         <wf lemma="prizadevajo" pos="X">prizadevajo</wf>
         <wf lemma="okrepiti" pos="X">okrepiti</wf>
         <wf lemma="svoje" pos="X">svoje</wf>
         <instance id="d000.s168.t000" lemma="vrsta" pos="NOUN">vrste</instance>
         <wf lemma="z" pos="X">z</wf>
         <wf lemma="delavci" pos="X">delavci</wf>
         <wf lemma="," pos="X">,</wf>
         <wf lemma="zaposlenimi" pos="X">zaposlenimi</wf>
         <wf lemma="v" pos="X">v</wf>
         <wf lemma="posameznih" pos="X">posameznih</wf>
         <wf lemma="tovarnah" pos="X">tovarnah</wf>
         <wf lemma="." pos="X">.</wf>
      </sentence>
      <sentence id="d000.s169" source="wordnet-slovenian">
         <wf lemma="Pravzaprav" pos="X">Pravzaprav</wf>
         <wf lemma="lahko" pos="X">lahko</wf>
         <wf lemma="da" pos="X">da</wf>
         <wf lemma="je" pos="X">je</wf>
         <wf lemma="on" pos="X">on</wf>
         <wf lemma="vam" pos="X">vam</wf>
         <wf lemma="v" pos="X">v</wf>
         <wf lemma="večjo" pos="X">večjo</wf>
         <instance id="d000.s169.t000" lemma="pomoč" pos="NOUN">pomoč</instance>
         <wf lemma="kot" pos="X">kot</wf>
         <wf lemma="vi" pos="X">vi</wf>
         <wf lemma="njemu" pos="X">njemu</wf>
         <wf lemma="." pos="X">.</wf>
      </sentence>
      <sentence id="d000.s170" source="wordnet-slovenian">
         <wf lemma="December" pos="X">December</wf>
         <wf lemma="je" pos="X">je</wf>
         <wf lemma="vesel" pos="X">vesel</wf>
         <wf lemma="in" pos="X">in</wf>
         <wf lemma="zadovoljen" pos="X">zadovoljen</wf>
         <instance id="d000.s170.t000" lemma="mesec" pos="NOUN">mesec</instance>
         <wf lemma="," pos="X">,</wf>
         <wf lemma="saj" pos="X">saj</wf>
         <wf lemma="se" pos="X">se</wf>
         <wf lemma="sprosti" pos="X">sprosti</wf>
         <wf lemma="in" pos="X">in</wf>
         <wf lemma="razgali" pos="X">razgali</wf>
         <wf lemma="vse" pos="X">vse</wf>
         <wf lemma="ljudstvo" pos="X">ljudstvo</wf>
         <wf lemma="," pos="X">,</wf>
         <wf lemma="zabave" pos="X">zabave</wf>
         <wf lemma="pa" pos="X">pa</wf>
         <wf lemma="postanejo" pos="X">postanejo</wf>
         <wf lemma="vsakodnevni" pos="X">vsakodnevni</wf>
         <wf lemma="moto" pos="X">moto</wf>
         <wf lemma="." pos="X">.</wf>
      </sentence>
      <sentence id="d000.s171" source="wordnet-slovenian">
         <wf lemma="Zaradi" pos="X">Zaradi</wf>
         <wf lemma="prekinjenega" pos="X">prekinjenega</wf>
         <wf lemma="zasedanja" pos="X">zasedanja</wf>
         <wf lemma="odbora" pos="X">odbora</wf>
         <wf lemma="za" pos="X">za</wf>
         <wf lemma="notranjo" pos="X">notranjo</wf>
         <instance id="d000.s171.t000" lemma="politika" pos="NOUN">politiko</instance>
         <wf lemma="je" pos="X">je</wf>
         <wf lemma="protestirala" pos="X">protestirala</wf>
         <wf lemma="SDS" pos="X">SDS</wf>
         <wf lemma="." pos="X">.</wf>
      </sentence>
      <sentence id="d000.s172" source="wordnet-slovenian">
         <wf lemma="Iz" pos="X">Iz</wf>
         <wf lemma="ustja" pos="X">ustja</wf>
         <wf lemma="pristanišča" pos="X">pristanišča</wf>
         <wf lemma="je" pos="X">je</wf>
         <wf lemma="pritekala" pos="X">pritekala</wf>
         <wf lemma="v" pos="X">v</wf>
         <wf lemma="zaliv" pos="X">zaliv</wf>
         <wf lemma="sveža" pos="X">sveža</wf>
         <instance id="d000.s172.t000" lemma="voda" pos="NOUN">voda</instance>
         <wf lemma="." pos="X">.</wf>
      </sentence>
      <sentence id="d000.s173" source="wordnet-slovenian">
         <wf lemma="S" pos="X">S</wf>
         <instance id="d000.s173.t000" lemma="sprememba" pos="NOUN">spremembami</instance>
         <wf lemma="je" pos="X">je</wf>
         <wf lemma="zmeraj" pos="X">zmeraj</wf>
         <wf lemma="križ" pos="X">križ</wf>
         <wf lemma="." pos="X">.</wf>
      </sentence>
      <sentence id="d000.s174" source="wordnet-slovenian">
         <wf lemma="Vesela" pos="X">Vesela</wf>
         <wf lemma="bodi" pos="X">bodi</wf>
         <wf lemma="," pos="X">,</wf>
         <wf lemma="da" pos="X">da</wf>
         <wf lemma="imaš" pos="X">imaš</wf>
         <instance id="d000.s174.t000" lemma="glava" pos="NOUN">glavo</instance>
         <wf lemma="na" pos="X">na</wf>
         <wf lemma="ramenih" pos="X">ramenih</wf>
         <wf lemma="in" pos="X">in</wf>
         <wf lemma="da" pos="X">da</wf>
         <wf lemma="jo" pos="X">jo</wf>
         <wf lemma="znaš" pos="X">znaš</wf>
         <wf lemma="uprabljati" pos="X">uprabljati</wf>
         <wf lemma="." pos="X">.</wf>
      </sentence>
      <sentence id="d000.s175" source="wordnet-slovenian">
         <instance id="d000.s175.t000" lemma="večina" pos="NOUN">Večino</instance>
         <wf lemma="časa" pos="X">časa</wf>
         <wf lemma="so" pos="X">so</wf>
         <wf lemma="bili" pos="X">bili</wf>
         <wf lemma="boljši" pos="X">boljši</wf>
         <wf lemma="nasprotnik" pos="X">nasprotnik</wf>
         <wf lemma="in" pos="X">in</wf>
         <wf lemma="v" pos="X">v</wf>
         <wf lemma="zadnji" pos="X">zadnji</wf>
         <wf lemma="tretjini" pos="X">tretjini</wf>
         <wf lemma="so" pos="X">so</wf>
         <wf lemma="vodili" pos="X">vodili</wf>
         <wf lemma="že" pos="X">že</wf>
         <wf lemma="s" pos="X">s</wf>
         <wf lemma="4:1" pos="X">4:1</wf>
         <wf lemma="." pos="X">.</wf>
      </sentence>
      <sentence id="d000.s176" source="wordnet-slovenian">
         <wf lemma="To" pos="X">To</wf>
         <wf lemma="je" pos="X">je</wf>
         <wf lemma="strašljiv" pos="X">strašljiv</wf>
         <wf lemma="pogled" pos="X">pogled</wf>
         <wf lemma="na" pos="X">na</wf>
         <wf lemma="razmerje" pos="X">razmerje</wf>
         <wf lemma="med" pos="X">med</wf>
         <wf lemma="telesom" pos="X">telesom</wf>
         <wf lemma="in" pos="X">in</wf>
         <wf lemma="jezikom" pos="X">jezikom</wf>
         <wf lemma="za" pos="X">za</wf>
         <wf lemma="tiste" pos="X">tiste</wf>
         <wf lemma="izmed" pos="X">izmed</wf>
         <wf lemma="nas" pos="X">nas</wf>
         <wf lemma="," pos="X">,</wf>
         <wf lemma="ki" pos="X">ki</wf>
         <wf lemma="bi" pos="X">bi</wf>
         <wf lemma="o" pos="X">o</wf>
         <wf lemma="realnosti" pos="X">realnosti</wf>
         <wf lemma="še" pos="X">še</wf>
         <wf lemma="vedno" pos="X">vedno</wf>
         <wf lemma="radi" pos="X">radi</wf>
         <wf lemma="govorili" pos="X">govorili</wf>
         <wf lemma="z" pos="X">z</wf>
         <wf lemma="več" pos="X">več</wf>
         <wf lemma="zaupanja" pos="X">zaupanja</wf>
         <wf lemma="," pos="X">,</wf>
         <wf lemma="kot" pos="X">kot</wf>
         <wf lemma="pa" pos="X">pa</wf>
         <wf lemma="dopuščamo" pos="X">dopuščamo</wf>
         <wf lemma="razpravam" pos="X">razpravam</wf>
         <wf lemma="krščanske" pos="X">krščanske</wf>
         <wf lemma="desnice" pos="X">desnice</wf>
         <wf lemma="o" pos="X">o</wf>
         <wf lemma="ponovnem" pos="X">ponovnem</wf>
         <wf lemma="Kristusovem" pos="X">Kristusovem</wf>
         <wf lemma="prihodu" pos="X">prihodu</wf>
         <wf lemma="in" pos="X">in</wf>
         <wf lemma="njihovemu" pos="X">njihovemu</wf>
         <wf lemma="očaranju" pos="X">očaranju</wf>
         <wf lemma="nad" pos="X">nad</wf>
         <wf lemma="končnim" pos="X">končnim</wf>
         <wf lemma="uničenjem" pos="X">uničenjem</wf>
         <instance id="d000.s176.t000" lemma="svet" pos="NOUN">sveta</instance>
         <wf lemma="." pos="X">.</wf>
      </sentence>
      <sentence id="d000.s177" source="wordnet-slovenian">
         <wf lemma="Center" pos="X">Center</wf>
         <wf lemma="za" pos="X">za</wf>
         <wf lemma="vodenje" pos="X">vodenje</wf>
         <wf lemma="," pos="X">,</wf>
         <wf lemma="nadzor" pos="X">nadzor</wf>
         <wf lemma="in" pos="X">in</wf>
         <wf lemma="varnost" pos="X">varnost</wf>
         <wf lemma="celotnega" pos="X">celotnega</wf>
         <wf lemma="premostitvenega" pos="X">premostitvenega</wf>
         <wf lemma="objekta" pos="X">objekta</wf>
         <wf lemma="je" pos="X">je</wf>
         <wf lemma="v" pos="X">v</wf>
         <wf lemma="terminalu" pos="X">terminalu</wf>
         <wf lemma="pri" pos="X">pri</wf>
         <wf lemma="Lernackernu" pos="X">Lernackernu</wf>
         <wf lemma="na" pos="X">na</wf>
         <wf lemma="švedski" pos="X">švedski</wf>
         <instance id="d000.s177.t000" lemma="stran" pos="NOUN">strani</instance>
         <wf lemma="," pos="X">,</wf>
         <wf lemma="kjer" pos="X">kjer</wf>
         <wf lemma="je" pos="X">je</wf>
         <wf lemma="tudi" pos="X">tudi</wf>
         <wf lemma="cestninska" pos="X">cestninska</wf>
         <wf lemma="postaja" pos="X">postaja</wf>
         <wf lemma="." pos="X">.</wf>
      </sentence>
      <sentence id="d000.s178" source="wordnet-slovenian">
         <wf lemma="V" pos="X">V</wf>
         <wf lemma="svojem" pos="X">svojem</wf>
         <wf lemma="sicer" pos="X">sicer</wf>
         <wf lemma="uporabnem" pos="X">uporabnem</wf>
         <wf lemma="prispevku" pos="X">prispevku</wf>
         <wf lemma="k" pos="X">k</wf>
         <wf lemma="obdelavi" pos="X">obdelavi</wf>
         <wf lemma="ideoloških" pos="X">ideoloških</wf>
         <instance id="d000.s178.t000" lemma="vprašanje" pos="NOUN">vprašanj</instance>
         <wf lemma="v" pos="X">v</wf>
         <wf lemma="razčlembi" pos="X">razčlembi</wf>
         <wf lemma="radi" pos="X">radi</wf>
         <wf lemma="pozabijo" pos="X">pozabijo</wf>
         <wf lemma="na" pos="X">na</wf>
         <wf lemma="zgodovino" pos="X">zgodovino</wf>
         <wf lemma="in" pos="X">in</wf>
         <wf lemma="zgradbo" pos="X">zgradbo</wf>
         <wf lemma="biologije" pos="X">biologije</wf>
         <wf lemma="ter" pos="X">ter</wf>
         <wf lemma="navajajo" pos="X">navajajo</wf>
         <wf lemma="zlasti" pos="X">zlasti</wf>
         <wf lemma="njeno" pos="X">njeno</wf>
         <wf lemma="prepovedano" pos="X">prepovedano</wf>
         <wf lemma="širjenje" pos="X">širjenje</wf>
         <wf lemma="na" pos="X">na</wf>
         <wf lemma="področje" pos="X">področje</wf>
         <wf lemma="politike" pos="X">politike</wf>
         <wf lemma="in" pos="X">in</wf>
         <wf lemma="družbe" pos="X">družbe</wf>
         <wf lemma="." pos="X">.</wf>
      </sentence>
      <sentence id="d000.s179" source="wordnet-slovenian">
         <wf lemma="Nadaljevanje" pos="X">Nadaljevanje</wf>
         <instance id="d000.s179.t000" lemma="film" pos="NOUN">filma</instance>
         <wf lemma="naj" pos="X">naj</wf>
         <wf lemma="bi" pos="X">bi</wf>
         <wf lemma="v" pos="X">v</wf>
         <wf lemma="ameriških" pos="X">ameriških</wf>
         <wf lemma="kinematografih" pos="X">kinematografih</wf>
         <wf lemma="začeli" pos="X">začeli</wf>
         <wf lemma="predvajati" pos="X">predvajati</wf>
         <wf lemma="prihodnje" pos="X">prihodnje</wf>
         <wf lemma="poletje" pos="X">poletje</wf>
         <wf lemma="." pos="X">.</wf>
      </sentence>
      <sentence id="d000.s180" source="wordnet-slovenian">
         <wf lemma="Ta" pos="X">Ta</wf>
         <wf lemma="&quot;" pos="X">&quot;</wf>
         <wf lemma="konzervativna" pos="X">konzervativna</wf>
         <wf lemma="&quot;" pos="X">&quot;</wf>
         <wf lemma="razsežnost" pos="X">razsežnost</wf>
         <wf lemma="pri" pos="X">pri</wf>
         <wf lemma="Wilsonu" pos="X">Wilsonu</wf>
         <wf lemma="in" pos="X">in</wf>
         <wf lemma="številnih" pos="X">številnih</wf>
         <wf lemma="drugih" pos="X">drugih</wf>
         <wf lemma="sociobiologih" pos="X">sociobiologih</wf>
         <wf lemma="je" pos="X">je</wf>
         <wf lemma="bila" pos="X">bila</wf>
         <wf lemma="predmet" pos="X">predmet</wf>
         <wf lemma="ostre" pos="X">ostre</wf>
         <wf lemma="kritike" pos="X">kritike</wf>
         <wf lemma="s" pos="X">s</wf>
         <wf lemma="strani" pos="X">strani</wf>
         <wf lemma="evolucijskih" pos="X">evolucijskih</wf>
         <wf lemma="teoretikov" pos="X">teoretikov</wf>
         <wf lemma="," pos="X">,</wf>
         <wf lemma="ki" pos="X">ki</wf>
         <wf lemma="so" pos="X">so</wf>
         <wf lemma="si" pos="X">si</wf>
         <wf lemma="upali" pos="X">upali</wf>
         <wf lemma="mnogo" pos="X">mnogo</wf>
         <wf lemma="dlje" pos="X">dlje</wf>
         <wf lemma="pri" pos="X">pri</wf>
         <wf lemma="procesu" pos="X">procesu</wf>
         <wf lemma="denaturiranja" pos="X">denaturiranja</wf>
         <wf lemma="koordinacijskih" pos="X">koordinacijskih</wf>
         <wf lemma="načel" pos="X">načel</wf>
         <wf lemma="na" pos="X">na</wf>
         <wf lemma="vseh" pos="X">vseh</wf>
         <instance id="d000.s180.t000" lemma="stopnja" pos="NOUN">stopnjah</instance>
         <wf lemma="biotske" pos="X">biotske</wf>
         <wf lemma="organizacije" pos="X">organizacije</wf>
         <wf lemma="v" pos="X">v</wf>
         <wf lemma="organski" pos="X">organski</wf>
         <wf lemma="biologiji" pos="X">biologiji</wf>
         <wf lemma="od" pos="X">od</wf>
         <wf lemma="genskih" pos="X">genskih</wf>
         <wf lemma="fragmentov" pos="X">fragmentov</wf>
         <wf lemma="do" pos="X">do</wf>
         <wf lemma="ekosistemov" pos="X">ekosistemov</wf>
         <wf lemma="." pos="X">.</wf>
      </sentence>
      <sentence id="d000.s181" source="wordnet-slovenian">
         <instance id="d000.s181.t000" lemma="mesto" pos="NOUN">Mesto</instance>
         <wf lemma="ekstremov" pos="X">ekstremov</wf>
         <wf lemma="." pos="X">.</wf>
      </sentence>
      <sentence id="d000.s182" source="wordnet-slovenian">
         <wf lemma="Druga" pos="X">Druga</wf>
         <instance id="d000.s182.t000" lemma="ime" pos="NOUN">imena</instance>
         <wf lemma=":" pos="X">:</wf>
         <wf lemma="redfin" pos="X">redfin</wf>
         <wf lemma="pickerel" pos="X">pickerel</wf>
         <wf lemma="(" pos="X">(</wf>
         <wf lemma="angl" pos="X">angl</wf>
         <wf lemma="." pos="X">.</wf>
         <wf lemma=")" pos="X">)</wf>
         <wf lemma="," pos="X">,</wf>
         <wf lemma="Amerikanischer" pos="X">Amerikanischer</wf>
         <wf lemma="Rotflossenhecht" pos="X">Rotflossenhecht</wf>
         <wf lemma="(" pos="X">(</wf>
         <wf lemma="nem" pos="X">nem</wf>
         <wf lemma="." pos="X">.</wf>
      </sentence>
      <sentence id="d000.s183" source="wordnet-slovenian">
         <wf lemma="Letos" pos="X">Letos</wf>
         <wf lemma="je" pos="X">je</wf>
         <instance id="d000.s183.t000" lemma="vlada" pos="NOUN">vlada</instance>
         <wf lemma="izdala" pos="X">izdala</wf>
         <wf lemma="dovoljenje" pos="X">dovoljenje</wf>
         <wf lemma="za" pos="X">za</wf>
         <wf lemma="letalsko" pos="X">letalsko</wf>
         <wf lemma="obrambo" pos="X">obrambo</wf>
         <wf lemma="do" pos="X">do</wf>
         <wf lemma="30." pos="X">30.</wf>
         <wf lemma="septembra" pos="X">septembra</wf>
         <wf lemma="in" pos="X">in</wf>
         <wf lemma="do" pos="X">do</wf>
         <wf lemma="takrat" pos="X">takrat</wf>
         <wf lemma="bomo" pos="X">bomo</wf>
         <wf lemma="določili" pos="X">določili</wf>
         <wf lemma="ukrepe" pos="X">ukrepe</wf>
         <wf lemma="za" pos="X">za</wf>
         <wf lemma="prihodnje" pos="X">prihodnje</wf>
         <wf lemma="leto" pos="X">leto</wf>
         <wf lemma="." pos="X">.</wf>
      </sentence>
      <sentence id="d000.s184" source="wordnet-slovenian">
         <wf lemma="Že" pos="X">Že</wf>
         <wf lemma="tako" pos="X">tako</wf>
         <wf lemma="ste" pos="X">ste</wf>
         <wf lemma="preveč" pos="X">preveč</wf>
         <wf lemma="zanemarili" pos="X">zanemarili</wf>
         <wf lemma="svoje" pos="X">svoje</wf>
         <instance id="d000.s184.t000" lemma="delo" pos="NOUN">delo</instance>
         <wf lemma="zaradi" pos="X">zaradi</wf>
         <wf lemma="mene" pos="X">mene</wf>
         <wf lemma="." pos="X">.</wf>
      </sentence>
      <sentence id="d000.s185" source="wordnet-slovenian">
         <wf lemma="KOT" pos="X">KOT</wf>
         <instance id="d000.s185.t000" lemma="oblika" pos="NOUN">OBLIKO</instance>
         <wf lemma="REDNEGA" pos="X">REDNEGA</wf>
         <wf lemma="DELOVNEGA" pos="X">DELOVNEGA</wf>
         <wf lemma="RAZMERJA" pos="X">RAZMERJA</wf>
         <wf lemma="JE" pos="X">JE</wf>
         <wf lemma="DELO" pos="X">DELO</wf>
         <wf lemma="NA" pos="X">NA</wf>
         <wf lemma="DOMU" pos="X">DOMU</wf>
         <wf lemma="UREJALA" pos="X">UREJALA</wf>
         <wf lemma="ŽE" pos="X">ŽE</wf>
         <wf lemma="DO" pos="X">DO</wf>
         <wf lemma="TAKRAT" pos="X">TAKRAT</wf>
         <wf lemma="VELJAVNA" pos="X">VELJAVNA</wf>
         <wf lemma="ZAKONODAJA" pos="X">ZAKONODAJA</wf>
         <wf lemma="," pos="X">,</wf>
         <wf lemma="VENDAR" pos="X">VENDAR</wf>
         <wf lemma="SE" pos="X">SE</wf>
         <wf lemma="V" pos="X">V</wf>
         <wf lemma="VEČJEM" pos="X">VEČJEM</wf>
         <wf lemma="OBSEGU" pos="X">OBSEGU</wf>
         <wf lemma="NI" pos="X">NI</wf>
         <wf lemma="UVELJAVILA" pos="X">UVELJAVILA</wf>
         <wf lemma="." pos="X">.</wf>
      </sentence>
      <sentence id="d000.s186" source="wordnet-slovenian">
         <wf lemma="Največ" pos="X">Največ</wf>
         <wf lemma="ovir" pos="X">ovir</wf>
         <wf lemma="bomo" pos="X">bomo</wf>
         <wf lemma="pri" pos="X">pri</wf>
         <wf lemma="vsej" pos="X">vsej</wf>
         <wf lemma="zgodbi" pos="X">zgodbi</wf>
         <wf lemma="deležni" pos="X">deležni</wf>
         <wf lemma="od" pos="X">od</wf>
         <wf lemma="nas" pos="X">nas</wf>
         <wf lemma="samih" pos="X">samih</wf>
         <wf lemma="," pos="X">,</wf>
         <wf lemma="naše" pos="X">naše</wf>
         <wf lemma="lastne" pos="X">lastne</wf>
         <wf lemma="neodločnosti" pos="X">neodločnosti</wf>
         <wf lemma="," pos="X">,</wf>
         <wf lemma="nezmožnosti" pos="X">nezmožnosti</wf>
         <wf lemma="izpeljave" pos="X">izpeljave</wf>
         <wf lemma="korenitih" pos="X">korenitih</wf>
         <wf lemma="reform" pos="X">reform</wf>
         <wf lemma="," pos="X">,</wf>
         <wf lemma="ki" pos="X">ki</wf>
         <wf lemma="so" pos="X">so</wf>
         <wf lemma="pred" pos="X">pred</wf>
         <wf lemma="nami" pos="X">nami</wf>
         <wf lemma="in" pos="X">in</wf>
         <wf lemma="s" pos="X">s</wf>
         <wf lemma="katerimi" pos="X">katerimi</wf>
         <wf lemma="po" pos="X">po</wf>
         <wf lemma="mojem" pos="X">mojem</wf>
         <instance id="d000.s186.t000" lemma="mnenje" pos="NOUN">mnenju</instance>
         <wf lemma="odlašamo" pos="X">odlašamo</wf>
         <wf lemma="." pos="X">.</wf>
      </sentence>
      <sentence id="d000.s187" source="wordnet-slovenian">
         <wf lemma="Mislim" pos="X">Mislim</wf>
         <wf lemma="," pos="X">,</wf>
         <wf lemma="da" pos="X">da</wf>
         <wf lemma="se" pos="X">se</wf>
         <wf lemma="vsi" pos="X">vsi</wf>
         <wf lemma="strinjamo" pos="X">strinjamo</wf>
         <wf lemma="," pos="X">,</wf>
         <wf lemma="da" pos="X">da</wf>
         <wf lemma="če" pos="X">če</wf>
         <wf lemma="to" pos="X">to</wf>
         <instance id="d000.s187.t000" lemma="država" pos="NOUN">država</instance>
         <wf lemma="odstopi" pos="X">odstopi</wf>
         <wf lemma="," pos="X">,</wf>
         <wf lemma="poveča" pos="X">poveča</wf>
         <wf lemma="." pos="X">.</wf>
      </sentence>
      <sentence id="d000.s188" source="wordnet-slovenian">
         <wf lemma="V" pos="X">V</wf>
         <wf lemma="tem" pos="X">tem</wf>
         <instance id="d000.s188.t000" lemma="čas" pos="NOUN">času</instance>
         <wf lemma="lahko" pos="X">lahko</wf>
         <wf lemma="tudi" pos="X">tudi</wf>
         <wf lemma="obnavljajo" pos="X">obnavljajo</wf>
         <wf lemma="notranje" pos="X">notranje</wf>
         <wf lemma="organe" pos="X">organe</wf>
         <wf lemma="." pos="X">.</wf>
      </sentence>
      <sentence id="d000.s189" source="wordnet-slovenian">
         <wf lemma="Imam" pos="X">Imam</wf>
         <wf lemma="pač" pos="X">pač</wf>
         <wf lemma="takšno" pos="X">takšno</wf>
         <wf lemma="prepričanje" pos="X">prepričanje</wf>
         <wf lemma="," pos="X">,</wf>
         <wf lemma="da" pos="X">da</wf>
         <wf lemma="v" pos="X">v</wf>
         <instance id="d000.s189.t000" lemma="življenje" pos="NOUN">življenju</instance>
         <wf lemma="ni" pos="X">ni</wf>
         <wf lemma="nič" pos="X">nič</wf>
         <wf lemma="podarjeno" pos="X">podarjeno</wf>
         <wf lemma="." pos="X">.</wf>
      </sentence>
      <sentence id="d000.s190" source="wordnet-slovenian">
         <wf lemma="Poslanci" pos="X">Poslanci</wf>
         <wf lemma="bodo" pos="X">bodo</wf>
         <wf lemma="drugo" pos="X">drugo</wf>
         <wf lemma="obravnavo" pos="X">obravnavo</wf>
         <wf lemma="tega" pos="X">tega</wf>
         <instance id="d000.s190.t000" lemma="zakon" pos="NOUN">zakona</instance>
         <wf lemma="nadaljevali" pos="X">nadaljevali</wf>
         <wf lemma="prihodnji" pos="X">prihodnji</wf>
         <wf lemma="torek" pos="X">torek</wf>
         <wf lemma="." pos="X">.</wf>
      </sentence>
      <sentence id="d000.s191" source="wordnet-slovenian">
         <wf lemma="TELIČKA" pos="X">TELIČKA</wf>
         <wf lemma="č." pos="X">č.</wf>
         <wf lemma="b." pos="X">b.</wf>
         <wf lemma="," pos="X">,</wf>
         <wf lemma="starega" pos="X">starega</wf>
         <wf lemma="1" pos="X">1</wf>
         <instance id="d000.s191.t000" lemma="teden" pos="NOUN">teden</instance>
         <wf lemma="," pos="X">,</wf>
         <wf lemma="prodam" pos="X">prodam</wf>
         <wf lemma="." pos="X">.</wf>
      </sentence>
      <sentence id="d000.s192" source="wordnet-slovenian">
         <wf lemma="Poskusila" pos="X">Poskusila</wf>
         <wf lemma="bom" pos="X">bom</wf>
         <wf lemma="pokazati" pos="X">pokazati</wf>
         <wf lemma="," pos="X">,</wf>
         <wf lemma="da" pos="X">da</wf>
         <wf lemma="skupnost" pos="X">skupnost</wf>
         <wf lemma="," pos="X">,</wf>
         <wf lemma="kadar" pos="X">kadar</wf>
         <wf lemma="obstaja" pos="X">obstaja</wf>
         <wf lemma="," pos="X">,</wf>
         <wf lemma="disciplinira" pos="X">disciplinira</wf>
         <wf lemma="," pos="X">,</wf>
         <wf lemma="če" pos="X">če</wf>
         <wf lemma="uporabimo" pos="X">uporabimo</wf>
         <wf lemma="Foucaultov" pos="X">Foucaultov</wf>
         <wf lemma="izraz" pos="X">izraz</wf>
         <wf lemma="," pos="X">,</wf>
         <instance id="d000.s192.t000" lemma="telo" pos="NOUN">telo</instance>
         <wf lemma="in" pos="X">in</wf>
         <wf lemma="duha" pos="X">duha</wf>
         <wf lemma="." pos="X">.</wf>
      </sentence>
      <sentence id="d000.s193" source="wordnet-slovenian">
         <wf lemma="Sicer" pos="X">Sicer</wf>
         <wf lemma="niso" pos="X">niso</wf>
         <wf lemma="vedeli" pos="X">vedeli</wf>
         <wf lemma="," pos="X">,</wf>
         <wf lemma="zakaj" pos="X">zakaj</wf>
         <wf lemma="," pos="X">,</wf>
         <wf lemma="jaz" pos="X">jaz</wf>
         <wf lemma="pa" pos="X">pa</wf>
         <wf lemma="sem" pos="X">sem</wf>
         <wf lemma="preprosto" pos="X">preprosto</wf>
         <wf lemma="zagovarjala" pos="X">zagovarjala</wf>
         <wf lemma="svojo" pos="X">svojo</wf>
         <wf lemma="politično" pos="X">politično</wf>
         <wf lemma="filozofijo" pos="X">filozofijo</wf>
         <wf lemma="o" pos="X">o</wf>
         <wf lemma="tem" pos="X">tem</wf>
         <wf lemma="," pos="X">,</wf>
         <wf lemma="kdo" pos="X">kdo</wf>
         <wf lemma="v" pos="X">v</wf>
         <wf lemma="vojnah" pos="X">vojnah</wf>
         <wf lemma="posiljuje" pos="X">posiljuje</wf>
         <wf lemma="vedno" pos="X">vedno</wf>
         <wf lemma="zmagovita" pos="X">zmagovita</wf>
         <instance id="d000.s193.t000" lemma="stran" pos="NOUN">stran</instance>
         <wf lemma="." pos="X">.</wf>
      </sentence>
      <sentence id="d000.s194" source="wordnet-slovenian">
         <wf lemma="V" pos="X">V</wf>
         <wf lemma="teh" pos="X">teh</wf>
         <instance id="d000.s194.t000" lemma="leto" pos="NOUN">letih</instance>
         <wf lemma="je" pos="X">je</wf>
         <wf lemma="tudi" pos="X">tudi</wf>
         <wf lemma="pravi" pos="X">pravi</wf>
         <wf lemma="čas" pos="X">čas</wf>
         <wf lemma="," pos="X">,</wf>
         <wf lemma="da" pos="X">da</wf>
         <wf lemma="uredite" pos="X">uredite</wf>
         <wf lemma="vsakršne" pos="X">vsakršne</wf>
         <wf lemma="hormonalne" pos="X">hormonalne</wf>
         <wf lemma="težave" pos="X">težave</wf>
         <wf lemma="," pos="X">,</wf>
         <wf lemma="ki" pos="X">ki</wf>
         <wf lemma="lahko" pos="X">lahko</wf>
         <wf lemma="vplivajo" pos="X">vplivajo</wf>
         <wf lemma="na" pos="X">na</wf>
         <wf lemma="plodnost" pos="X">plodnost</wf>
         <wf lemma="," pos="X">,</wf>
         <wf lemma="na" pos="X">na</wf>
         <wf lemma="primer" pos="X">primer</wf>
         <wf lemma="sindrom" pos="X">sindrom</wf>
         <wf lemma="policističnih" pos="X">policističnih</wf>
         <wf lemma="ovarijev" pos="X">ovarijev</wf>
         <wf lemma="." pos="X">.</wf>
      </sentence>
      <sentence id="d000.s195" source="wordnet-slovenian">
         <wf lemma="V" pos="X">V</wf>
         <wf lemma="skledo" pos="X">skledo</wf>
         <wf lemma="damo" pos="X">damo</wf>
         <wf lemma="rezine" pos="X">rezine</wf>
         <wf lemma="," pos="X">,</wf>
         <wf lemma="sok" pos="X">sok</wf>
         <wf lemma="," pos="X">,</wf>
         <wf lemma="pomarančni" pos="X">pomarančni</wf>
         <wf lemma="liker" pos="X">liker</wf>
         <wf lemma="," pos="X">,</wf>
         <wf lemma="pokrijemo" pos="X">pokrijemo</wf>
         <wf lemma="in" pos="X">in</wf>
         <wf lemma="pustimo" pos="X">pustimo</wf>
         <wf lemma="stati" pos="X">stati</wf>
         <wf lemma="pol" pos="X">pol</wf>
         <instance id="d000.s195.t000" lemma="ura" pos="NOUN">ure</instance>
         <wf lemma="." pos="X">.</wf>
      </sentence>
      <sentence id="d000.s196" source="wordnet-slovenian">
         <wf lemma="V" pos="X">V</wf>
         <wf lemma="tem" pos="X">tem</wf>
         <wf lemma="duhu" pos="X">duhu</wf>
         <wf lemma="je" pos="X">je</wf>
         <wf lemma="Urška" pos="X">Urška</wf>
         <wf lemma="Lunder" pos="X">Lunder</wf>
         <wf lemma="razložila" pos="X">razložila</wf>
         <wf lemma="," pos="X">,</wf>
         <wf lemma="da" pos="X">da</wf>
         <wf lemma="je" pos="X">je</wf>
         <wf lemma="&quot;" pos="X">&quot;</wf>
         <wf lemma="sporazumevanje" pos="X">sporazumevanje</wf>
         <wf lemma="vitalni" pos="X">vitalni</wf>
         <instance id="d000.s196.t000" lemma="del" pos="NOUN">del</instance>
         <wf lemma="v" pos="X">v</wf>
         <wf lemma="procesu" pos="X">procesu</wf>
         <wf lemma="zdravljenja" pos="X">zdravljenja</wf>
         <wf lemma="," pos="X">,</wf>
         <wf lemma="vendar" pos="X">vendar</wf>
         <wf lemma="je" pos="X">je</wf>
         <wf lemma="največkrat" pos="X">največkrat</wf>
         <wf lemma="blokirano" pos="X">blokirano</wf>
         <wf lemma="&quot;" pos="X">&quot;</wf>
         <wf lemma="." pos="X">.</wf>
      </sentence>
      <sentence id="d000.s197" source="wordnet-slovenian">
         <wf lemma="/" pos="X">/</wf>
         <wf lemma="32" pos="X">32</wf>
         <wf lemma="Prim." pos="X">Prim.</wf>
         <wf lemma="W." pos="X">W.</wf>
         <wf lemma="Heinsius" pos="X">Heinsius</wf>
         <wf lemma="," pos="X">,</wf>
         <wf lemma="Allgemeines" pos="X">Allgemeines</wf>
         <wf lemma="Bücherlexikon" pos="X">Bücherlexikon</wf>
         <wf lemma="(" pos="X">(</wf>
         <wf lemma="1700" pos="X">1700</wf>
         <wf lemma="–" pos="X">–</wf>
         <wf lemma="1810" pos="X">1810</wf>
         <wf lemma=")" pos="X">)</wf>
         <wf lemma="," pos="X">,</wf>
         <wf lemma="Leipzig" pos="X">Leipzig</wf>
         <wf lemma="1812" pos="X">1812</wf>
         <wf lemma="," pos="X">,</wf>
         <wf lemma="2." pos="X">2.</wf>
         <wf lemma="zv." pos="X">zv.</wf>
         <wf lemma="," pos="X">,</wf>
         <wf lemma="kjer" pos="X">kjer</wf>
         <wf lemma="je" pos="X">je</wf>
         <wf lemma="izrinjanje" pos="X">izrinjanje</wf>
         <wf lemma="historije" pos="X">historije</wf>
         <wf lemma="v" pos="X">v</wf>
         <wf lemma="korist" pos="X">korist</wf>
         <wf lemma="zgodovine" pos="X">zgodovine</wf>
         <wf lemma="/" pos="X">/</wf>
         <wf lemma="zgodbe" pos="X">zgodbe</wf>
         <wf lemma="mogoče" pos="X">mogoče</wf>
         <wf lemma="razbrati" pos="X">razbrati</wf>
         <wf lemma="v" pos="X">v</wf>
         <instance id="d000.s197.t000" lemma="naslov" pos="NOUN">naslovih</instance>
         <wf lemma="." pos="X">.</wf>
      </sentence>
      <sentence id="d000.s198" source="wordnet-slovenian">
         <wf lemma="PREDSEDNIK" pos="X">PREDSEDNIK</wf>
         <wf lemma="V" pos="X">V</wf>
         <wf lemma="BOLNICI" pos="X">BOLNICI</wf>
         <wf lemma="-" pos="X">-</wf>
         <wf lemma="Predsednika" pos="X">Predsednika</wf>
         <wf lemma="Državnega" pos="X">Državnega</wf>
         <instance id="d000.s198.t000" lemma="svet" pos="NOUN">sveta</instance>
         <wf lemma="Toneta" pos="X">Toneta</wf>
         <wf lemma="Hrovata" pos="X">Hrovata</wf>
         <wf lemma="so" pos="X">so</wf>
         <wf lemma="direktor" pos="X">direktor</wf>
         <wf lemma="novomeške" pos="X">novomeške</wf>
         <wf lemma="bolnišnice" pos="X">bolnišnice</wf>
         <wf lemma="dr." pos="X">dr.</wf>
         <wf lemma="Tone" pos="X">Tone</wf>
         <wf lemma="Starc" pos="X">Starc</wf>
         <wf lemma="in" pos="X">in</wf>
         <wf lemma="predstojniki" pos="X">predstojniki</wf>
         <wf lemma="oddelkov" pos="X">oddelkov</wf>
         <wf lemma="seznanili" pos="X">seznanili</wf>
         <wf lemma="s" pos="X">s</wf>
         <wf lemma="problemi" pos="X">problemi</wf>
         <wf lemma="zaradi" pos="X">zaradi</wf>
         <wf lemma="nedokončane" pos="X">nedokončane</wf>
         <wf lemma="nove" pos="X">nove</wf>
         <wf lemma="bolnice" pos="X">bolnice</wf>
         <wf lemma="." pos="X">.</wf>
      </sentence>
      <sentence id="d000.s199" source="wordnet-slovenian">
         <wf lemma="Vsaj" pos="X">Vsaj</wf>
         <wf lemma="prvih" pos="X">prvih</wf>
         <wf lemma="7" pos="X">7</wf>
         <wf lemma="do" pos="X">do</wf>
         <wf lemma="8" pos="X">8</wf>
         <instance id="d000.s199.t000" lemma="dan" pos="NOUN">dni</instance>
         <wf lemma="rabijo" pos="X">rabijo</wf>
         <wf lemma="mladiči" pos="X">mladiči</wf>
         <wf lemma="izredno" pos="X">izredno</wf>
         <wf lemma="veliko" pos="X">veliko</wf>
         <wf lemma="živalskih" pos="X">živalskih</wf>
         <wf lemma="beljakovin" pos="X">beljakovin</wf>
         <wf lemma="," pos="X">,</wf>
         <wf lemma="zato" pos="X">zato</wf>
         <wf lemma="se" pos="X">se</wf>
         <wf lemma="varčevanje" pos="X">varčevanje</wf>
         <wf lemma="z" pos="X">z</wf>
         <wf lemma="njimi" pos="X">njimi</wf>
         <wf lemma="ne" pos="X">ne</wf>
         <wf lemma="izplača" pos="X">izplača</wf>
         <wf lemma="." pos="X">.</wf>
      </sentence>
      <sentence id="d000.s200" source="wordnet-slovenian">
         <wf lemma="Ta" pos="X">Ta</wf>
         <wf lemma="seveda" pos="X">seveda</wf>
         <wf lemma="posega" pos="X">posega</wf>
         <wf lemma="v" pos="X">v</wf>
         <wf lemma="zasebnost" pos="X">zasebnost</wf>
         <wf lemma="in" pos="X">in</wf>
         <wf lemma="le" pos="X">le</wf>
         <wf lemma="lokalno" pos="X">lokalno</wf>
         <wf lemma="dosegljivost" pos="X">dosegljivost</wf>
         <instance id="d000.s200.t000" lemma="podatek" pos="NOUN">podatkov</instance>
         <wf lemma="," pos="X">,</wf>
         <wf lemma="vendar" pos="X">vendar</wf>
         <wf lemma="v" pos="X">v</wf>
         <wf lemma="nadzorovanem" pos="X">nadzorovanem</wf>
         <wf lemma="okolju" pos="X">okolju</wf>
         <wf lemma="to" pos="X">to</wf>
         <wf lemma="verjetno" pos="X">verjetno</wf>
         <wf lemma="ni" pos="X">ni</wf>
         <wf lemma="težava" pos="X">težava</wf>
         <wf lemma="." pos="X">.</wf>
      </sentence>
      <sentence id="d000.s201" source="wordnet-slovenian">
         <wf lemma="In" pos="X">In</wf>
         <wf lemma="težko" pos="X">težko</wf>
         <wf lemma="si" pos="X">si</wf>
         <wf lemma="predstavljamo" pos="X">predstavljamo</wf>
         <wf lemma="," pos="X">,</wf>
         <wf lemma="da" pos="X">da</wf>
         <wf lemma="bi" pos="X">bi</wf>
         <wf lemma="državljani" pos="X">državljani</wf>
         <wf lemma="zaupali" pos="X">zaupali</wf>
         <instance id="d000.s201.t000" lemma="sistem" pos="NOUN">sistemu</instance>
         <wf lemma="," pos="X">,</wf>
         <wf lemma="ki" pos="X">ki</wf>
         <wf lemma="ga" pos="X">ga</wf>
         <wf lemma="nikoli" pos="X">nikoli</wf>
         <wf lemma="ne" pos="X">ne</wf>
         <wf lemma="vidijo" pos="X">vidijo</wf>
         <wf lemma="." pos="X">.</wf>
      </sentence>
      <sentence id="d000.s202" source="wordnet-slovenian">
         <wf lemma="Limbarska" pos="X">Limbarska</wf>
         <wf lemma="gora" pos="X">gora</wf>
         <wf lemma="nad" pos="X">nad</wf>
         <wf lemma="Moravčami" pos="X">Moravčami</wf>
         <wf lemma="je" pos="X">je</wf>
         <wf lemma="za" pos="X">za</wf>
         <wf lemma="številne" pos="X">številne</wf>
         <wf lemma="obiskovalce" pos="X">obiskovalce</wf>
         <wf lemma="vedno" pos="X">vedno</wf>
         <wf lemma="bolj" pos="X">bolj</wf>
         <wf lemma="priljubljena" pos="X">priljubljena</wf>
         <wf lemma="izletniška" pos="X">izletniška</wf>
         <instance id="d000.s202.t000" lemma="točka" pos="NOUN">točka</instance>
         <wf lemma="." pos="X">.</wf>
      </sentence>
      <sentence id="d000.s203" source="wordnet-slovenian">
         <wf lemma="V" pos="X">V</wf>
         <instance id="d000.s203.t000" lemma="sezona" pos="NOUN">sezoni</instance>
         <wf lemma="196l" pos="X">196l</wf>
         <wf lemma="/" pos="X">/</wf>
         <wf lemma="1962" pos="X">1962</wf>
         <wf lemma="smo" pos="X">smo</wf>
         <wf lemma="vnovič" pos="X">vnovič</wf>
         <wf lemma="obudili" pos="X">obudili</wf>
         <wf lemma="misel" pos="X">misel</wf>
         <wf lemma="o" pos="X">o</wf>
         <wf lemma="uprizoritvi" pos="X">uprizoritvi</wf>
         <wf lemma="Igric" pos="X">Igric</wf>
         <wf lemma="." pos="X">.</wf>
      </sentence>
      <sentence id="d000.s204" source="wordnet-slovenian">
         <wf lemma="Naša" pos="X">Naša</wf>
         <wf lemma="hipoteza" pos="X">hipoteza</wf>
         <wf lemma="je" pos="X">je</wf>
         <wf lemma="namreč" pos="X">namreč</wf>
         <wf lemma="," pos="X">,</wf>
         <wf lemma="da" pos="X">da</wf>
         <wf lemma="Kajn" pos="X">Kajn</wf>
         <wf lemma="ni" pos="X">ni</wf>
         <wf lemma="ubijal" pos="X">ubijal</wf>
         <wf lemma="iz" pos="X">iz</wf>
         <wf lemma="ljubosumja" pos="X">ljubosumja</wf>
         <wf lemma="," pos="X">,</wf>
         <wf lemma="ker" pos="X">ker</wf>
         <wf lemma="v" pos="X">v</wf>
         <wf lemma="božjem" pos="X">božjem</wf>
         <instance id="d000.s204.t000" lemma="pogled" pos="NOUN">pogledu</instance>
         <wf lemma="ni" pos="X">ni</wf>
         <wf lemma="bil" pos="X">bil</wf>
         <wf lemma="izbran" pos="X">izbran</wf>
         <wf lemma="," pos="X">,</wf>
         <wf lemma="marveč" pos="X">marveč</wf>
         <wf lemma="zato" pos="X">zato</wf>
         <wf lemma="," pos="X">,</wf>
         <wf lemma="ker" pos="X">ker</wf>
         <wf lemma="je" pos="X">je</wf>
         <wf lemma="vedel" pos="X">vedel</wf>
         <wf lemma="," pos="X">,</wf>
         <wf lemma="da" pos="X">da</wf>
         <wf lemma="bog" pos="X">bog</wf>
         <wf lemma="ve" pos="X">ve</wf>
         <wf lemma="," pos="X">,</wf>
         <wf lemma="da" pos="X">da</wf>
         <wf lemma="se" pos="X">se</wf>
         <wf lemma="ga" pos="X">ga</wf>
         <wf lemma="je" pos="X">je</wf>
         <wf lemma="želel" pos="X">želel</wf>
         <wf lemma="znebiti" pos="X">znebiti</wf>
         <wf lemma="." pos="X">.</wf>
      </sentence>
      <sentence id="d000.s205" source="wordnet-slovenian">
         <wf lemma="Odbor" pos="X">Odbor</wf>
         <wf lemma="za" pos="X">za</wf>
         <wf lemma="kreditno" pos="X">kreditno</wf>
         <wf lemma="monetarno" pos="X">monetarno</wf>
         <instance id="d000.s205.t000" lemma="politika" pos="NOUN">politiko</instance>
         <wf lemma="in" pos="X">in</wf>
         <wf lemma="finance" pos="X">finance</wf>
         <wf lemma="torej" pos="X">torej</wf>
         <wf lemma="ni" pos="X">ni</wf>
         <wf lemma="predlagal" pos="X">predlagal</wf>
         <wf lemma="uvrstitve" pos="X">uvrstitve</wf>
         <wf lemma="na" pos="X">na</wf>
         <wf lemma="dnevni" pos="X">dnevni</wf>
         <wf lemma="red" pos="X">red</wf>
         <wf lemma="," pos="X">,</wf>
         <wf lemma="zato" pos="X">zato</wf>
         <wf lemma="kot" pos="X">kot</wf>
         <wf lemma="zainteresirano" pos="X">zainteresirano</wf>
         <wf lemma="delovno" pos="X">delovno</wf>
         <wf lemma="telo" pos="X">telo</wf>
         <wf lemma="-" pos="X">-</wf>
         <wf lemma="Odbor" pos="X">Odbor</wf>
         <wf lemma="za" pos="X">za</wf>
         <wf lemma="zdravstvo" pos="X">zdravstvo</wf>
         <wf lemma="," pos="X">,</wf>
         <wf lemma="delo" pos="X">delo</wf>
         <wf lemma="," pos="X">,</wf>
         <wf lemma="družino" pos="X">družino</wf>
         <wf lemma="in" pos="X">in</wf>
         <wf lemma="socialno" pos="X">socialno</wf>
         <wf lemma="politiko" pos="X">politiko</wf>
         <wf lemma="-" pos="X">-</wf>
         <wf lemma="predlagamo" pos="X">predlagamo</wf>
         <wf lemma="," pos="X">,</wf>
         <wf lemma="vam" pos="X">vam</wf>
         <wf lemma="spoštovane" pos="X">spoštovane</wf>
         <wf lemma="poslanke" pos="X">poslanke</wf>
         <wf lemma="in" pos="X">in</wf>
         <wf lemma="poslanci" pos="X">poslanci</wf>
         <wf lemma="," pos="X">,</wf>
         <wf lemma="da" pos="X">da</wf>
         <wf lemma="uvrstimo" pos="X">uvrstimo</wf>
         <wf lemma="ta" pos="X">ta</wf>
         <wf lemma="predlog" pos="X">predlog</wf>
         <wf lemma="zakona" pos="X">zakona</wf>
         <wf lemma="na" pos="X">na</wf>
         <wf lemma="dnevni" pos="X">dnevni</wf>
         <wf lemma="red" pos="X">red</wf>
         <wf lemma="." pos="X">.</wf>
      </sentence>
      <sentence id="d000.s206" source="wordnet-slovenian">
         <wf lemma="V" pos="X">V</wf>
         <wf lemma="drugem" pos="X">drugem</wf>
         <wf lemma="odstavku" pos="X">odstavku</wf>
         <wf lemma="5." pos="X">5.</wf>
         <wf lemma="člena" pos="X">člena</wf>
         <wf lemma="se" pos="X">se</wf>
         <wf lemma="črta" pos="X">črta</wf>
         <wf lemma="besedilo" pos="X">besedilo</wf>
         <wf lemma="&quot;" pos="X">&quot;</wf>
         <wf lemma="v" pos="X">v</wf>
         <instance id="d000.s206.t000" lemma="mesec" pos="NOUN">mesecu</instance>
         <wf lemma="," pos="X">,</wf>
         <wf lemma="v" pos="X">v</wf>
         <wf lemma="katerem" pos="X">katerem</wf>
         <wf lemma="je" pos="X">je</wf>
         <wf lemma="prišlo" pos="X">prišlo</wf>
         <wf lemma="do" pos="X">do</wf>
         <wf lemma="elementarne" pos="X">elementarne</wf>
         <wf lemma="nesreče" pos="X">nesreče</wf>
         <wf lemma="&quot;" pos="X">&quot;</wf>
         <wf lemma="." pos="X">.</wf>
      </sentence>
      <sentence id="d000.s207" source="wordnet-slovenian">
         <wf lemma="Profesor" pos="X">Profesor</wf>
         <wf lemma="Osolnik" pos="X">Osolnik</wf>
         <wf lemma="iz" pos="X">iz</wf>
         <wf lemma="Ljubljane" pos="X">Ljubljane</wf>
         <wf lemma="," pos="X">,</wf>
         <wf lemma="ki" pos="X">ki</wf>
         <wf lemma="je" pos="X">je</wf>
         <wf lemma="bil" pos="X">bil</wf>
         <wf lemma="izbran" pos="X">izbran</wf>
         <wf lemma="za" pos="X">za</wf>
         <wf lemma="šefa" pos="X">šefa</wf>
         <wf lemma="te" pos="X">te</wf>
         <wf lemma="komisije" pos="X">komisije</wf>
         <wf lemma="," pos="X">,</wf>
         <wf lemma="nas" pos="X">nas</wf>
         <wf lemma="je" pos="X">je</wf>
         <wf lemma="pri" pos="X">pri</wf>
         <wf lemma="tem" pos="X">tem</wf>
         <wf lemma="obvestil" pos="X">obvestil</wf>
         <wf lemma="," pos="X">,</wf>
         <wf lemma="da" pos="X">da</wf>
         <wf lemma="je" pos="X">je</wf>
         <wf lemma="Univerza" pos="X">Univerza</wf>
         <wf lemma="v" pos="X">v</wf>
         <wf lemma="Ljubljani" pos="X">Ljubljani</wf>
         <wf lemma="odobrila" pos="X">odobrila</wf>
         <wf lemma="tri" pos="X">tri</wf>
         <wf lemma="nove" pos="X">nove</wf>
         <instance id="d000.s207.t000" lemma="program" pos="NOUN">programe</instance>
         <wf lemma="za" pos="X">za</wf>
         <wf lemma="poljski" pos="X">poljski</wf>
         <wf lemma="," pos="X">,</wf>
         <wf lemma="češki" pos="X">češki</wf>
         <wf lemma="in" pos="X">in</wf>
         <wf lemma="slovaški" pos="X">slovaški</wf>
         <wf lemma="jezik" pos="X">jezik</wf>
         <wf lemma="." pos="X">.</wf>
      </sentence>
      <sentence id="d000.s208" source="wordnet-slovenian">
         <wf lemma="To" pos="X">To</wf>
         <wf lemma="je" pos="X">je</wf>
         <wf lemma="sicer" pos="X">sicer</wf>
         <wf lemma="popolnoma" pos="X">popolnoma</wf>
         <wf lemma="očitno" pos="X">očitno</wf>
         <wf lemma="," pos="X">,</wf>
         <wf lemma="a" pos="X">a</wf>
         <wf lemma="pri" pos="X">pri</wf>
         <wf lemma="iskanju" pos="X">iskanju</wf>
         <wf lemma="živali" pos="X">živali</wf>
         <wf lemma="lahko" pos="X">lahko</wf>
         <wf lemma="prehitro" pos="X">prehitro</wf>
         <wf lemma="pozabimo" pos="X">pozabimo</wf>
         <wf lemma="na" pos="X">na</wf>
         <wf lemma="cesto" pos="X">cesto</wf>
         <wf lemma="in" pos="X">in</wf>
         <wf lemma="si" pos="X">si</wf>
         <wf lemma="uničimo" pos="X">uničimo</wf>
         <wf lemma="prelep" pos="X">prelep</wf>
         <instance id="d000.s208.t000" lemma="dan" pos="NOUN">dan</instance>
         <wf lemma="v" pos="X">v</wf>
         <wf lemma="naravi" pos="X">naravi</wf>
         <wf lemma="s" pos="X">s</wf>
         <wf lemma="prometno" pos="X">prometno</wf>
         <wf lemma="nesrečo" pos="X">nesrečo</wf>
         <wf lemma="." pos="X">.</wf>
      </sentence>
      <sentence id="d000.s209" source="wordnet-slovenian">
         <wf lemma="To" pos="X">To</wf>
         <wf lemma="bo" pos="X">bo</wf>
         <wf lemma="bivak" pos="X">bivak</wf>
         <wf lemma="," pos="X">,</wf>
         <wf lemma="vreden" pos="X">vreden</wf>
         <wf lemma="zadnjih" pos="X">zadnjih</wf>
         <instance id="d000.s209.t000" lemma="dan" pos="NOUN">dni</instance>
         <wf lemma="." pos="X">.</wf>
      </sentence>
      <sentence id="d000.s210" source="wordnet-slovenian">
         <wf lemma="Otrok" pos="X">Otrok</wf>
         <wf lemma="te" pos="X">te</wf>
         <wf lemma="vibracije" pos="X">vibracije</wf>
         <wf lemma="poveže" pos="X">poveže</wf>
         <wf lemma="še" pos="X">še</wf>
         <wf lemma="z" pos="X">z</wf>
         <wf lemma="vonjem" pos="X">vonjem</wf>
         <wf lemma="materine" pos="X">materine</wf>
         <wf lemma="kože" pos="X">kože</wf>
         <wf lemma="," pos="X">,</wf>
         <wf lemma="toploto" pos="X">toploto</wf>
         <instance id="d000.s210.t000" lemma="telo" pos="NOUN">telesa</instance>
         <wf lemma="." pos="X">.</wf>
      </sentence>
      <sentence id="d000.s211" source="wordnet-slovenian">
         <wf lemma="Ribe" pos="X">Ribe</wf>
         <wf lemma="," pos="X">,</wf>
         <wf lemma="ki" pos="X">ki</wf>
         <wf lemma="živijo" pos="X">živijo</wf>
         <wf lemma="v" pos="X">v</wf>
         <wf lemma="bližini" pos="X">bližini</wf>
         <wf lemma="obal" pos="X">obal</wf>
         <wf lemma="ali" pos="X">ali</wf>
         <wf lemma="v" pos="X">v</wf>
         <wf lemma="sladkih" pos="X">sladkih</wf>
         <wf lemma="vodah" pos="X">vodah</wf>
         <wf lemma="," pos="X">,</wf>
         <wf lemma="so" pos="X">so</wf>
         <wf lemma="zgoraj" pos="X">zgoraj</wf>
         <wf lemma="bolj" pos="X">bolj</wf>
         <wf lemma="zelenkaste" pos="X">zelenkaste</wf>
         <wf lemma="ali" pos="X">ali</wf>
         <wf lemma="olivno" pos="X">olivno</wf>
         <wf lemma="zelene" pos="X">zelene</wf>
         <wf lemma="barve" pos="X">barve</wf>
         <wf lemma="," pos="X">,</wf>
         <wf lemma="kar" pos="X">kar</wf>
         <wf lemma="za" pos="X">za</wf>
         <instance id="d000.s211.t000" lemma="okolje" pos="NOUN">okolje</instance>
         <wf lemma="," pos="X">,</wf>
         <wf lemma="v" pos="X">v</wf>
         <wf lemma="katerem" pos="X">katerem</wf>
         <wf lemma="živijo" pos="X">živijo</wf>
         <wf lemma="," pos="X">,</wf>
         <wf lemma="predstavlja" pos="X">predstavlja</wf>
         <wf lemma="varovalno" pos="X">varovalno</wf>
         <wf lemma="barvo" pos="X">barvo</wf>
         <wf lemma="." pos="X">.</wf>
      </sentence>
      <sentence id="d000.s212" source="wordnet-slovenian">
         <wf lemma="Poleg" pos="X">Poleg</wf>
         <wf lemma="pripovedne" pos="X">pripovedne</wf>
         <wf lemma="kompozicije" pos="X">kompozicije</wf>
         <wf lemma="zagotavljajo" pos="X">zagotavljajo</wf>
         <wf lemma="literarnost" pos="X">literarnost</wf>
         <wf lemma="temu" pos="X">temu</wf>
         <wf lemma="pisanju" pos="X">pisanju</wf>
         <wf lemma="tudi" pos="X">tudi</wf>
         <wf lemma="lep" pos="X">lep</wf>
         <wf lemma="," pos="X">,</wf>
         <wf lemma="metaforičen" pos="X">metaforičen</wf>
         <instance id="d000.s212.t000" lemma="jezik" pos="NOUN">jezik</instance>
         <wf lemma="ter" pos="X">ter</wf>
         <wf lemma="humornost" pos="X">humornost</wf>
         <wf lemma="in" pos="X">in</wf>
         <wf lemma="duhovitost" pos="X">duhovitost</wf>
         <wf lemma="," pos="X">,</wf>
         <wf lemma="ki" pos="X">ki</wf>
         <wf lemma="ne" pos="X">ne</wf>
         <wf lemma="nazadnje" pos="X">nazadnje</wf>
         <wf lemma="tudi" pos="X">tudi</wf>
         <wf lemma="preprečujeta" pos="X">preprečujeta</wf>
         <wf lemma="patetičnost" pos="X">patetičnost</wf>
         <wf lemma="," pos="X">,</wf>
         <wf lemma="kakršna" pos="X">kakršna</wf>
         <wf lemma="se" pos="X">se</wf>
         <wf lemma="v" pos="X">v</wf>
         <wf lemma="potopisih" pos="X">potopisih</wf>
         <wf lemma="pogosto" pos="X">pogosto</wf>
         <wf lemma="pojavlja" pos="X">pojavlja</wf>
         <wf lemma="," pos="X">,</wf>
         <wf lemma="in" pos="X">in</wf>
         <wf lemma="avtorici" pos="X">avtorici</wf>
         <wf lemma="omogočata" pos="X">omogočata</wf>
         <wf lemma="," pos="X">,</wf>
         <wf lemma="da" pos="X">da</wf>
         <wf lemma="med" pos="X">med</wf>
         <wf lemma="drugim" pos="X">drugim</wf>
         <wf lemma="razbija" pos="X">razbija</wf>
         <wf lemma="uveljavljene" pos="X">uveljavljene</wf>
         <wf lemma="stereotipe" pos="X">stereotipe</wf>
         <wf lemma="o" pos="X">o</wf>
         <wf lemma="Afriki" pos="X">Afriki</wf>
         <wf lemma="." pos="X">.</wf>
      </sentence>
      <sentence id="d000.s213" source="wordnet-slovenian">
         <wf lemma="Jesetri" pos="X">Jesetri</wf>
         <wf lemma="," pos="X">,</wf>
         <wf lemma="somi" pos="X">somi</wf>
         <wf lemma="in" pos="X">in</wf>
         <wf lemma="krapi" pos="X">krapi</wf>
         <wf lemma="," pos="X">,</wf>
         <wf lemma="ki" pos="X">ki</wf>
         <wf lemma="se" pos="X">se</wf>
         <wf lemma="hranijo" pos="X">hranijo</wf>
         <wf lemma="na" pos="X">na</wf>
         <wf lemma="dnu" pos="X">dnu</wf>
         <wf lemma="," pos="X">,</wf>
         <wf lemma="pa" pos="X">pa</wf>
         <wf lemma="imajo" pos="X">imajo</wf>
         <wf lemma="spodaj" pos="X">spodaj</wf>
         <wf lemma="ležeča" pos="X">ležeča</wf>
         <wf lemma="usta" pos="X">usta</wf>
         <wf lemma=":" pos="X">:</wf>
         <wf lemma="usta" pos="X">usta</wf>
         <wf lemma="so" pos="X">so</wf>
         <wf lemma="v" pos="X">v</wf>
         <wf lemma="spodnjem" pos="X">spodnjem</wf>
         <wf lemma="delu" pos="X">delu</wf>
         <instance id="d000.s213.t000" lemma="glava" pos="NOUN">glave</instance>
         <wf lemma="in" pos="X">in</wf>
         <wf lemma="so" pos="X">so</wf>
         <wf lemma="obrnjena" pos="X">obrnjena</wf>
         <wf lemma="navzdol" pos="X">navzdol</wf>
         <wf lemma="." pos="X">.</wf>
      </sentence>
      <sentence id="d000.s214" source="wordnet-slovenian">
         <wf lemma="Toda" pos="X">Toda</wf>
         <wf lemma="še" pos="X">še</wf>
         <wf lemma="dolgo" pos="X">dolgo</wf>
         <instance id="d000.s214.t000" lemma="leto" pos="NOUN">let</instance>
         <wf lemma="je" pos="X">je</wf>
         <wf lemma="trajalo" pos="X">trajalo</wf>
         <wf lemma="," pos="X">,</wf>
         <wf lemma="da" pos="X">da</wf>
         <wf lemma="je" pos="X">je</wf>
         <wf lemma="iz" pos="X">iz</wf>
         <wf lemma="predstave" pos="X">predstave</wf>
         <wf lemma="na" pos="X">na</wf>
         <wf lemma="ledu" pos="X">ledu</wf>
         <wf lemma="nastalo" pos="X">nastalo</wf>
         <wf lemma="tisto" pos="X">tisto</wf>
         <wf lemma="," pos="X">,</wf>
         <wf lemma="kar" pos="X">kar</wf>
         <wf lemma="danes" pos="X">danes</wf>
         <wf lemma="pojmujemo" pos="X">pojmujemo</wf>
         <wf lemma="kot" pos="X">kot</wf>
         <wf lemma="drsalno" pos="X">drsalno</wf>
         <wf lemma="revijo" pos="X">revijo</wf>
         <wf lemma="." pos="X">.</wf>
      </sentence>
      <sentence id="d000.s215" source="wordnet-slovenian">
         <wf lemma="Vstopnino" pos="X">Vstopnino</wf>
         <instance id="d000.s215.t000" lemma="rad" pos="ADV">rade</instance>
         <wf lemma="volje" pos="X">volje</wf>
         <wf lemma="plačam" pos="X">plačam</wf>
         <wf lemma="," pos="X">,</wf>
         <wf lemma="ker" pos="X">ker</wf>
         <wf lemma="zato" pos="X">zato</wf>
         <wf lemma="vsi" pos="X">vsi</wf>
         <wf lemma="dobimo" pos="X">dobimo</wf>
         <wf lemma="zanimive" pos="X">zanimive</wf>
         <wf lemma="izkušnje" pos="X">izkušnje</wf>
         <wf lemma="," pos="X">,</wf>
         <wf lemma="malčki" pos="X">malčki</wf>
         <wf lemma="pa" pos="X">pa</wf>
         <wf lemma="novo" pos="X">novo</wf>
         <wf lemma="znanje" pos="X">znanje</wf>
         <wf lemma="o" pos="X">o</wf>
         <wf lemma="živalih" pos="X">živalih</wf>
         <wf lemma="." pos="X">.</wf>
      </sentence>
      <sentence id="d000.s216" source="wordnet-slovenian">
         <wf lemma="Ugotovljeno" pos="X">Ugotovljeno</wf>
         <wf lemma="je" pos="X">je</wf>
         <wf lemma="bilo" pos="X">bilo</wf>
         <wf lemma="," pos="X">,</wf>
         <wf lemma="da" pos="X">da</wf>
         <wf lemma="so" pos="X">so</wf>
         <wf lemma="s" pos="X">s</wf>
         <wf lemma="podjetniško" pos="X">podjetniško</wf>
         <wf lemma="KP" pos="X">KP</wf>
         <wf lemma="kršene" pos="X">kršene</wf>
         <wf lemma="določbe" pos="X">določbe</wf>
         <wf lemma="o" pos="X">o</wf>
         <wf lemma="usklajevanju" pos="X">usklajevanju</wf>
         <wf lemma="plač" pos="X">plač</wf>
         <wf lemma="iz" pos="X">iz</wf>
         <wf lemma="Zakona" pos="X">Zakona</wf>
         <wf lemma="o" pos="X">o</wf>
         <wf lemma="minimalni" pos="X">minimalni</wf>
         <wf lemma="plači" pos="X">plači</wf>
         <wf lemma="," pos="X">,</wf>
         <wf lemma="o" pos="X">o</wf>
         <instance id="d000.s216.t000" lemma="način" pos="NOUN">načinu</instance>
         <wf lemma="usklajevanja" pos="X">usklajevanja</wf>
         <wf lemma="plač" pos="X">plač</wf>
         <wf lemma="in" pos="X">in</wf>
         <wf lemma="o" pos="X">o</wf>
         <wf lemma="regresu" pos="X">regresu</wf>
         <wf lemma="za" pos="X">za</wf>
         <wf lemma="letni" pos="X">letni</wf>
         <wf lemma="dopust" pos="X">dopust</wf>
         <wf lemma="za" pos="X">za</wf>
         <wf lemma="obdobje" pos="X">obdobje</wf>
         <wf lemma="19992001" pos="X">19992001</wf>
         <wf lemma="." pos="X">.</wf>
      </sentence>
      <sentence id="d000.s217" source="wordnet-slovenian">
         <wf lemma="Sploh" pos="X">Sploh</wf>
         <wf lemma="," pos="X">,</wf>
         <wf lemma="če" pos="X">če</wf>
         <wf lemma="se" pos="X">se</wf>
         <wf lemma="zavedamo" pos="X">zavedamo</wf>
         <wf lemma="," pos="X">,</wf>
         <wf lemma="da" pos="X">da</wf>
         <instance id="d000.s217.t000" lemma="otrok" pos="NOUN">otrokom</instance>
         <wf lemma="težko" pos="X">težko</wf>
         <wf lemma="razložiš" pos="X">razložiš</wf>
         <wf lemma="," pos="X">,</wf>
         <wf lemma="da" pos="X">da</wf>
         <wf lemma="ne" pos="X">ne</wf>
         <wf lemma="gre" pos="X">gre</wf>
         <wf lemma="na" pos="X">na</wf>
         <wf lemma="vlakec" pos="X">vlakec</wf>
         <wf lemma="," pos="X">,</wf>
         <wf lemma="ker" pos="X">ker</wf>
         <wf lemma="je" pos="X">je</wf>
         <wf lemma="popolnoma" pos="X">popolnoma</wf>
         <wf lemma="neumno" pos="X">neumno</wf>
         <wf lemma="plačevati" pos="X">plačevati</wf>
         <wf lemma="za" pos="X">za</wf>
         <wf lemma="kaj" pos="X">kaj</wf>
         <wf lemma="takšnega" pos="X">takšnega</wf>
         <wf lemma="." pos="X">.</wf>
      </sentence>
      <sentence id="d000.s218" source="wordnet-slovenian">
         <wf lemma="Pomembnejše" pos="X">Pomembnejše</wf>
         <wf lemma="pesmi" pos="X">pesmi</wf>
         <wf lemma="označuje" pos="X">označuje</wf>
         <wf lemma="nekoliko" pos="X">nekoliko</wf>
         <wf lemma="obširneje" pos="X">obširneje</wf>
         <wf lemma="in" pos="X">in</wf>
         <wf lemma="si" pos="X">si</wf>
         <wf lemma="pri" pos="X">pri</wf>
         <wf lemma="tem" pos="X">tem</wf>
         <wf lemma="prizadeva" pos="X">prizadeva</wf>
         <wf lemma="," pos="X">,</wf>
         <wf lemma="da" pos="X">da</wf>
         <wf lemma="bi" pos="X">bi</wf>
         <wf lemma="opozoril" pos="X">opozoril</wf>
         <wf lemma="tudi" pos="X">tudi</wf>
         <wf lemma="na" pos="X">na</wf>
         <wf lemma="artistično" pos="X">artistično</wf>
         <instance id="d000.s218.t000" lemma="stran" pos="NOUN">stran</instance>
         <wf lemma="Župančičevega" pos="X">Župančičevega</wf>
         <wf lemma="ustvarjanja" pos="X">ustvarjanja</wf>
         <wf lemma="," pos="X">,</wf>
         <wf lemma="na" pos="X">na</wf>
         <wf lemma="slog" pos="X">slog</wf>
         <wf lemma="," pos="X">,</wf>
         <wf lemma="muzikalnost" pos="X">muzikalnost</wf>
         <wf lemma="in" pos="X">in</wf>
         <wf lemma="zgradbo" pos="X">zgradbo</wf>
         <wf lemma="pesmi" pos="X">pesmi</wf>
         <wf lemma="." pos="X">.</wf>
      </sentence>
      <sentence id="d000.s219" source="wordnet-slovenian">
         <instance id="d000.s219.t000" lemma="vlada" pos="NOUN">Vlada</instance>
         <wf lemma="ne" pos="X">ne</wf>
         <wf lemma="podpira" pos="X">podpira</wf>
         <wf lemma="." pos="X">.</wf>
      </sentence>
      <sentence id="d000.s220" source="wordnet-slovenian">
         <wf lemma="Nato" pos="X">Nato</wf>
         <wf lemma="odstranimo" pos="X">odstranimo</wf>
         <wf lemma="škrge" pos="X">škrge</wf>
         <wf lemma="in" pos="X">in</wf>
         <wf lemma="oči" pos="X">oči</wf>
         <wf lemma="," pos="X">,</wf>
         <wf lemma="odrežemo" pos="X">odrežemo</wf>
         <wf lemma="vratne" pos="X">vratne</wf>
         <wf lemma="mišice" pos="X">mišice</wf>
         <wf lemma="in" pos="X">in</wf>
         <wf lemma="mišice" pos="X">mišice</wf>
         <instance id="d000.s220.t000" lemma="glava" pos="NOUN">glave</instance>
         <wf lemma="." pos="X">.</wf>
      </sentence>
      <sentence id="d000.s221" source="wordnet-slovenian">
         <wf lemma="Mitja" pos="X">Mitja</wf>
         <wf lemma="se" pos="X">se</wf>
         <wf lemma="zdaj" pos="X">zdaj</wf>
         <wf lemma="seveda" pos="X">seveda</wf>
         <wf lemma="dobro" pos="X">dobro</wf>
         <wf lemma="zaveda" pos="X">zaveda</wf>
         <wf lemma="," pos="X">,</wf>
         <wf lemma="da" pos="X">da</wf>
         <wf lemma="so" pos="X">so</wf>
         <instance id="d000.s221.t000" lemma="možnost" pos="NOUN">možnosti</instance>
         <wf lemma="olimpijskega" pos="X">olimpijskega</wf>
         <wf lemma="nastopa" pos="X">nastopa</wf>
         <wf lemma="v" pos="X">v</wf>
         <wf lemma="Atenah" pos="X">Atenah</wf>
         <wf lemma="zgolj" pos="X">zgolj</wf>
         <wf lemma="minimalne" pos="X">minimalne</wf>
         <wf lemma="," pos="X">,</wf>
         <wf lemma="saj" pos="X">saj</wf>
         <wf lemma="ga" pos="X">ga</wf>
         <wf lemma="tja" pos="X">tja</wf>
         <wf lemma="lahko" pos="X">lahko</wf>
         <wf lemma="popelje" pos="X">popelje</wf>
         <wf lemma="le" pos="X">le</wf>
         <wf lemma="še" pos="X">še</wf>
         <wf lemma="povabilo" pos="X">povabilo</wf>
         <wf lemma="FIG" pos="X">FIG</wf>
         <wf lemma="." pos="X">.</wf>
      </sentence>
      <sentence id="d000.s222" source="wordnet-slovenian">
         <wf lemma="Natura" pos="X">Natura</wf>
         <wf lemma="2000" pos="X">2000</wf>
         <wf lemma="je" pos="X">je</wf>
         <wf lemma="evropski" pos="X">evropski</wf>
         <wf lemma="projekt" pos="X">projekt</wf>
         <wf lemma="," pos="X">,</wf>
         <wf lemma="katerega" pos="X">katerega</wf>
         <wf lemma="namen" pos="X">namen</wf>
         <wf lemma="je" pos="X">je</wf>
         <wf lemma="ohranjanje" pos="X">ohranjanje</wf>
         <wf lemma="biotske" pos="X">biotske</wf>
         <wf lemma="raznovrstnosti" pos="X">raznovrstnosti</wf>
         <wf lemma="," pos="X">,</wf>
         <wf lemma="vzpostavljanje" pos="X">vzpostavljanje</wf>
         <wf lemma="takšnih" pos="X">takšnih</wf>
         <instance id="d000.s222.t000" lemma="območje" pos="NOUN">območij</instance>
         <wf lemma="pa" pos="X">pa</wf>
         <wf lemma="je" pos="X">je</wf>
         <wf lemma="mednarodna" pos="X">mednarodna</wf>
         <wf lemma="obveza" pos="X">obveza</wf>
         <wf lemma="Slovenije" pos="X">Slovenije</wf>
         <wf lemma="," pos="X">,</wf>
         <wf lemma="pravzaprav" pos="X">pravzaprav</wf>
         <wf lemma="je" pos="X">je</wf>
         <wf lemma="to" pos="X">to</wf>
         <wf lemma="njena" pos="X">njena</wf>
         <wf lemma="odgovornost" pos="X">odgovornost</wf>
         <wf lemma="s" pos="X">s</wf>
         <wf lemma="pravnega" pos="X">pravnega</wf>
         <wf lemma="in" pos="X">in</wf>
         <wf lemma="še" pos="X">še</wf>
         <wf lemma="s" pos="X">s</wf>
         <wf lemma="kakšnega" pos="X">kakšnega</wf>
         <wf lemma="drugega" pos="X">drugega</wf>
         <wf lemma="vidika" pos="X">vidika</wf>
         <wf lemma="." pos="X">.</wf>
      </sentence>
      <sentence id="d000.s223" source="wordnet-slovenian">
         <wf lemma="-" pos="X">-</wf>
         <wf lemma="Maksimalno" pos="X">Maksimalno</wf>
         <wf lemma="," pos="X">,</wf>
         <wf lemma="vendar" pos="X">vendar</wf>
         <wf lemma="realno" pos="X">realno</wf>
         <wf lemma="upoštevajmo" pos="X">upoštevajmo</wf>
         <instance id="d000.s223.t000" lemma="vloga" pos="NOUN">vlogo</instance>
         <wf lemma="otroka" pos="X">otroka</wf>
         <wf lemma="pri" pos="X">pri</wf>
         <wf lemma="oblikovanju" pos="X">oblikovanju</wf>
         <wf lemma="in" pos="X">in</wf>
         <wf lemma="vodenju" pos="X">vodenju</wf>
         <wf lemma="njegovega" pos="X">njegovega</wf>
         <wf lemma="portfolia" pos="X">portfolia</wf>
         <wf lemma="kar" pos="X">kar</wf>
         <wf lemma="je" pos="X">je</wf>
         <wf lemma="mogoče" pos="X">mogoče</wf>
         <wf lemma="," pos="X">,</wf>
         <wf lemma="delajmo" pos="X">delajmo</wf>
         <wf lemma="skupaj" pos="X">skupaj</wf>
         <wf lemma="v" pos="X">v</wf>
         <wf lemma="vrtcu" pos="X">vrtcu</wf>
         <wf lemma="." pos="X">.</wf>
      </sentence>
      <sentence id="d000.s224" source="wordnet-slovenian">
         <wf lemma="Kot" pos="X">Kot</wf>
         <wf lemma="dober" pos="X">dober</wf>
         <wf lemma="primer" pos="X">primer</wf>
         <wf lemma="pripravljenosti" pos="X">pripravljenosti</wf>
         <wf lemma="," pos="X">,</wf>
         <wf lemma="da" pos="X">da</wf>
         <wf lemma="bi" pos="X">bi</wf>
         <wf lemma="v" pos="X">v</wf>
         <wf lemma="praksi" pos="X">praksi</wf>
         <wf lemma="lahko" pos="X">lahko</wf>
         <wf lemma="uresničevali" pos="X">uresničevali</wf>
         <wf lemma="akcijski" pos="X">akcijski</wf>
         <wf lemma="program" pos="X">program</wf>
         <wf lemma="ukrepov" pos="X">ukrepov</wf>
         <wf lemma="Nacionalnega" pos="X">Nacionalnega</wf>
         <wf lemma="programa" pos="X">programa</wf>
         <wf lemma="varstva" pos="X">varstva</wf>
         <instance id="d000.s224.t000" lemma="okolje" pos="NOUN">okolja</instance>
         <wf lemma="(" pos="X">(</wf>
         <wf lemma="NPVO" pos="X">NPVO</wf>
         <wf lemma=")" pos="X">)</wf>
         <wf lemma="in" pos="X">in</wf>
         <wf lemma="strategije" pos="X">strategije</wf>
         <wf lemma="za" pos="X">za</wf>
         <wf lemma="ohranjevanje" pos="X">ohranjevanje</wf>
         <wf lemma="biotske" pos="X">biotske</wf>
         <wf lemma="raznovrstnosti" pos="X">raznovrstnosti</wf>
         <wf lemma="," pos="X">,</wf>
         <wf lemma="krajinske" pos="X">krajinske</wf>
         <wf lemma="pestrosti" pos="X">pestrosti</wf>
         <wf lemma="ter" pos="X">ter</wf>
         <wf lemma="varstva" pos="X">varstva</wf>
         <wf lemma="naravnih" pos="X">naravnih</wf>
         <wf lemma="vrednot" pos="X">vrednot</wf>
         <wf lemma="," pos="X">,</wf>
         <wf lemma="pozivamo" pos="X">pozivamo</wf>
         <wf lemma="naslovnike" pos="X">naslovnike</wf>
         <wf lemma="," pos="X">,</wf>
         <wf lemma="naj" pos="X">naj</wf>
         <wf lemma="čimprej" pos="X">čimprej</wf>
         <wf lemma="skličejo" pos="X">skličejo</wf>
         <wf lemma="sestanek" pos="X">sestanek</wf>
         <wf lemma="Ribiške" pos="X">Ribiške</wf>
         <wf lemma="družine" pos="X">družine</wf>
         <wf lemma="Ribnica" pos="X">Ribnica</wf>
         <wf lemma="in" pos="X">in</wf>
         <wf lemma="izvajalcev" pos="X">izvajalcev</wf>
         <wf lemma="gradbenih" pos="X">gradbenih</wf>
         <wf lemma="del" pos="X">del</wf>
         <wf lemma="ter" pos="X">ter</wf>
         <wf lemma="se" pos="X">se</wf>
         <wf lemma="ob" pos="X">ob</wf>
         <wf lemma="Bistrici" pos="X">Bistrici</wf>
         <wf lemma="na" pos="X">na</wf>
         <wf lemma="kraju" pos="X">kraju</wf>
         <wf lemma="samem" pos="X">samem</wf>
         <wf lemma="dogovorijo" pos="X">dogovorijo</wf>
         <wf lemma="o" pos="X">o</wf>
         <wf lemma="nadaljnih" pos="X">nadaljnih</wf>
         <wf lemma="delih" pos="X">delih</wf>
         <wf lemma="oz." pos="X">oz.</wf>
         <wf lemma="boljšem" pos="X">boljšem</wf>
         <wf lemma="sodelovanju" pos="X">sodelovanju</wf>
         <wf lemma="." pos="X">.</wf>
      </sentence>
      <sentence id="d000.s225" source="wordnet-slovenian">
         <wf lemma="Vendar" pos="X">Vendar</wf>
         <wf lemma="je" pos="X">je</wf>
         <wf lemma="don" pos="X">don</wf>
         <wf lemma="Bosko" pos="X">Bosko</wf>
         <wf lemma="dejal" pos="X">dejal</wf>
         <wf lemma="nekemu" pos="X">nekemu</wf>
         <wf lemma="prijatelju" pos="X">prijatelju</wf>
         <wf lemma="," pos="X">,</wf>
         <wf lemma="da" pos="X">da</wf>
         <wf lemma="&quot;" pos="X">&quot;</wf>
         <wf lemma="je" pos="X">je</wf>
         <wf lemma="v" pos="X">v</wf>
         <wf lemma="prvih" pos="X">prvih</wf>
         <instance id="d000.s225.t000" lemma="leto" pos="NOUN">letih</instance>
         <wf lemma="le" pos="X">le</wf>
         <wf lemma="počasi" pos="X">počasi</wf>
         <wf lemma="pripisoval" pos="X">pripisoval</wf>
         <wf lemma="tistim" pos="X">tistim</wf>
         <wf lemma="sanjam" pos="X">sanjam</wf>
         <wf lemma="pomen" pos="X">pomen</wf>
         <wf lemma="," pos="X">,</wf>
         <wf lemma="ki" pos="X">ki</wf>
         <wf lemma="so" pos="X">so</wf>
         <wf lemma="ga" pos="X">ga</wf>
         <wf lemma="zaslužile" pos="X">zaslužile</wf>
         <wf lemma="&quot;" pos="X">&quot;</wf>
         <wf lemma="." pos="X">.</wf>
      </sentence>
      <sentence id="d000.s226" source="wordnet-slovenian">
         <wf lemma="Uradno" pos="X">Uradno</wf>
         <wf lemma="zato" pos="X">zato</wf>
         <wf lemma="," pos="X">,</wf>
         <wf lemma="ker" pos="X">ker</wf>
         <wf lemma="je" pos="X">je</wf>
         <wf lemma="ugotovila" pos="X">ugotovila</wf>
         <wf lemma="," pos="X">,</wf>
         <wf lemma="da" pos="X">da</wf>
         <wf lemma="ob" pos="X">ob</wf>
         <instance id="d000.s226.t000" lemma="glasovanje" pos="NOUN">glasovanju</instance>
         <wf lemma="ne" pos="X">ne</wf>
         <wf lemma="bo" pos="X">bo</wf>
         <wf lemma="dobila" pos="X">dobila</wf>
         <wf lemma="dovolj" pos="X">dovolj</wf>
         <wf lemma="glasov" pos="X">glasov</wf>
         <wf lemma="." pos="X">.</wf>
      </sentence>
      <sentence id="d000.s227" source="wordnet-slovenian">
         <wf lemma="V" pos="X">V</wf>
         <wf lemma="drugem" pos="X">drugem</wf>
         <wf lemma="polčasu" pos="X">polčasu</wf>
         <wf lemma="so" pos="X">so</wf>
         <wf lemma="gostje" pos="X">gostje</wf>
         <wf lemma="v" pos="X">v</wf>
         <wf lemma="54." pos="X">54.</wf>
         <instance id="d000.s227.t000" lemma="minuta" pos="NOUN">minuti</instance>
         <wf lemma="preko" pos="X">preko</wf>
         <wf lemma="Kvasa" pos="X">Kvasa</wf>
         <wf lemma="sicer" pos="X">sicer</wf>
         <wf lemma="dosegli" pos="X">dosegli</wf>
         <wf lemma="gol" pos="X">gol</wf>
         <wf lemma="," pos="X">,</wf>
         <wf lemma="vendar" pos="X">vendar</wf>
         <wf lemma="iz" pos="X">iz</wf>
         <wf lemma="nedovoljenega" pos="X">nedovoljenega</wf>
         <wf lemma="položaja" pos="X">položaja</wf>
         <wf lemma="." pos="X">.</wf>
      </sentence>
      <sentence id="d000.s228" source="wordnet-slovenian">
         <instance id="d000.s228.t000" lemma="glava" pos="NOUN">Glava</instance>
         <wf lemma="in" pos="X">in</wf>
         <wf lemma="usta" pos="X">usta</wf>
         <wf lemma="so" pos="X">so</wf>
         <wf lemma="velika" pos="X">velika</wf>
         <wf lemma="." pos="X">.</wf>
      </sentence>
      <sentence id="d000.s229" source="wordnet-slovenian">
         <wf lemma="Opozarjam" pos="X">Opozarjam</wf>
         <wf lemma="vas" pos="X">vas</wf>
         <wf lemma="," pos="X">,</wf>
         <wf lemma="da" pos="X">da</wf>
         <wf lemma="če" pos="X">če</wf>
         <wf lemma="boste" pos="X">boste</wf>
         <wf lemma="glasovali" pos="X">glasovali</wf>
         <wf lemma="to" pos="X">to</wf>
         <wf lemma="zaradi" pos="X">zaradi</wf>
         <wf lemma="slovnične" pos="X">slovnične</wf>
         <wf lemma="napake" pos="X">napake</wf>
         <wf lemma="," pos="X">,</wf>
         <wf lemma="ker" pos="X">ker</wf>
         <wf lemma="je" pos="X">je</wf>
         <wf lemma="&quot;" pos="X">&quot;</wf>
         <wf lemma="če" pos="X">če</wf>
         <wf lemma="&quot;" pos="X">&quot;</wf>
         <wf lemma="namesto" pos="X">namesto</wf>
         <wf lemma="&quot;" pos="X">&quot;</wf>
         <wf lemma="ali" pos="X">ali</wf>
         <wf lemma="&quot;" pos="X">&quot;</wf>
         <wf lemma="," pos="X">,</wf>
         <wf lemma="je" pos="X">je</wf>
         <wf lemma="v" pos="X">v</wf>
         <wf lemma="resnici" pos="X">resnici</wf>
         <wf lemma="vsebina" pos="X">vsebina</wf>
         <wf lemma="tega" pos="X">tega</wf>
         <wf lemma="slovnično" pos="X">slovnično</wf>
         <wf lemma="brano" pos="X">brano</wf>
         <wf lemma="pravilno" pos="X">pravilno</wf>
         <wf lemma="," pos="X">,</wf>
         <wf lemma="naj" pos="X">naj</wf>
         <wf lemma="dajo" pos="X">dajo</wf>
         <wf lemma="izjavo" pos="X">izjavo</wf>
         <wf lemma="samo" pos="X">samo</wf>
         <wf lemma="tisti" pos="X">tisti</wf>
         <wf lemma="," pos="X">,</wf>
         <wf lemma="ki" pos="X">ki</wf>
         <wf lemma="so" pos="X">so</wf>
         <wf lemma="nekoč" pos="X">nekoč</wf>
         <wf lemma="bili" pos="X">bili</wf>
         <instance id="d000.s229.t000" lemma="član" pos="NOUN">člani</instance>
         <wf lemma="UDBE" pos="X">UDBE</wf>
         <wf lemma="ali" pos="X">ali</wf>
         <wf lemma="sodelovali" pos="X">sodelovali</wf>
         <wf lemma="z" pos="X">z</wf>
         <wf lemma="UDBO" pos="X">UDBO</wf>
         <wf lemma="." pos="X">.</wf>
      </sentence>
      <sentence id="d000.s230" source="wordnet-slovenian">
         <wf lemma="Še" pos="X">Še</wf>
         <wf lemma="dve" pos="X">dve</wf>
         <instance id="d000.s230.t000" lemma="leto" pos="NOUN">leti</instance>
         <wf lemma="sem" pos="X">sem</wf>
         <wf lemma="nastopala" pos="X">nastopala</wf>
         <wf lemma="kot" pos="X">kot</wf>
         <wf lemma="manekenka" pos="X">manekenka</wf>
         <wf lemma="," pos="X">,</wf>
         <wf lemma="trdno" pos="X">trdno</wf>
         <wf lemma="odločena" pos="X">odločena</wf>
         <wf lemma="," pos="X">,</wf>
         <wf lemma="da" pos="X">da</wf>
         <wf lemma="se" pos="X">se</wf>
         <wf lemma="bo" pos="X">bo</wf>
         <wf lemma="to" pos="X">to</wf>
         <wf lemma="nekega" pos="X">nekega</wf>
         <wf lemma="dne" pos="X">dne</wf>
         <wf lemma="spremenilo" pos="X">spremenilo</wf>
         <wf lemma="." pos="X">.</wf>
      </sentence>
      <sentence id="d000.s231" source="wordnet-slovenian">
         <instance id="d000.s231.t000" lemma="denar" pos="NOUN">Denarja</instance>
         <wf lemma="je" pos="X">je</wf>
         <wf lemma="povsod" pos="X">povsod</wf>
         <wf lemma="dovolj" pos="X">dovolj</wf>
         <wf lemma="," pos="X">,</wf>
         <wf lemma="Antonija" pos="X">Antonija</wf>
         <wf lemma="bi" pos="X">bi</wf>
         <wf lemma="lahko" pos="X">lahko</wf>
         <wf lemma="odkupili" pos="X">odkupili</wf>
         <wf lemma="." pos="X">.</wf>
      </sentence>
      <sentence id="d000.s232" source="wordnet-slovenian">
         <wf lemma="Osnovna" pos="X">Osnovna</wf>
         <wf lemma="šola" pos="X">šola</wf>
         <wf lemma="iz" pos="X">iz</wf>
         <instance id="d000.s232.t000" lemma="kraj" pos="NOUN">kraja</instance>
         <wf lemma="," pos="X">,</wf>
         <wf lemma="od" pos="X">od</wf>
         <wf lemma="koder" pos="X">koder</wf>
         <wf lemma="prihajam" pos="X">prihajam</wf>
         <wf lemma="," pos="X">,</wf>
         <wf lemma="ima" pos="X">ima</wf>
         <wf lemma="v" pos="X">v</wf>
         <wf lemma="sedanjih" pos="X">sedanjih</wf>
         <wf lemma="prvih" pos="X">prvih</wf>
         <wf lemma="petih" pos="X">petih</wf>
         <wf lemma="razredih" pos="X">razredih</wf>
         <wf lemma="po" pos="X">po</wf>
         <wf lemma="tri" pos="X">tri</wf>
         <wf lemma="paralelke" pos="X">paralelke</wf>
         <wf lemma="." pos="X">.</wf>
      </sentence>
      <sentence id="d000.s233" source="wordnet-slovenian">
         <wf lemma="Davek" pos="X">Davek</wf>
         <wf lemma="obračuna" pos="X">obračuna</wf>
         <wf lemma="pristojni" pos="X">pristojni</wf>
         <wf lemma="davčni" pos="X">davčni</wf>
         <wf lemma="organ" pos="X">organ</wf>
         <wf lemma="v" pos="X">v</wf>
         <instance id="d000.s233.t000" lemma="kraj" pos="NOUN">kraju</instance>
         <wf lemma="sedeža" pos="X">sedeža</wf>
         <wf lemma="oziroma" pos="X">oziroma</wf>
         <wf lemma="stalnega" pos="X">stalnega</wf>
         <wf lemma="prebivališča" pos="X">prebivališča</wf>
         <wf lemma="davčnega" pos="X">davčnega</wf>
         <wf lemma="zavezanca" pos="X">zavezanca</wf>
         <wf lemma="." pos="X">.</wf>
      </sentence>
      <sentence id="d000.s234" source="wordnet-slovenian">
         <wf lemma="Za" pos="X">Za</wf>
         <wf lemma="tožbo" pos="X">tožbo</wf>
         <wf lemma="se" pos="X">se</wf>
         <wf lemma="je" pos="X">je</wf>
         <wf lemma="odločil" pos="X">odločil</wf>
         <wf lemma="," pos="X">,</wf>
         <wf lemma="ker" pos="X">ker</wf>
         <wf lemma="so" pos="X">so</wf>
         <wf lemma="zapisali" pos="X">zapisali</wf>
         <wf lemma="," pos="X">,</wf>
         <wf lemma="da" pos="X">da</wf>
         <wf lemma="naj" pos="X">naj</wf>
         <wf lemma="bi" pos="X">bi</wf>
         <wf lemma="sam" pos="X">sam</wf>
         <wf lemma="direktor" pos="X">direktor</wf>
         <wf lemma="na" pos="X">na</wf>
         <instance id="d000.s234.t000" lemma="leto" pos="NOUN">leto</instance>
         <wf lemma="zbral" pos="X">zbral</wf>
         <wf lemma="za" pos="X">za</wf>
         <wf lemma="400.000" pos="X">400.000</wf>
         <wf lemma="mark" pos="X">mark</wf>
         <wf lemma="sponozorskih" pos="X">sponozorskih</wf>
         <wf lemma="prispevkov" pos="X">prispevkov</wf>
         <wf lemma="," pos="X">,</wf>
         <wf lemma="od" pos="X">od</wf>
         <wf lemma="katerih" pos="X">katerih</wf>
         <wf lemma="naj" pos="X">naj</wf>
         <wf lemma="bi" pos="X">bi</wf>
         <wf lemma="&quot;" pos="X">&quot;</wf>
         <wf lemma="v" pos="X">v</wf>
         <wf lemma="lasten" pos="X">lasten</wf>
         <wf lemma="žep" pos="X">žep</wf>
         <wf lemma="vtaknil" pos="X">vtaknil</wf>
         <wf lemma="&quot;" pos="X">&quot;</wf>
         <wf lemma="40.000" pos="X">40.000</wf>
         <wf lemma="mark" pos="X">mark</wf>
         <wf lemma="." pos="X">.</wf>
      </sentence>
      <sentence id="d000.s235" source="wordnet-slovenian">
         <wf lemma="Pred" pos="X">Pred</wf>
         <instance id="d000.s235.t000" lemma="tekma" pos="NOUN">tekmo</instance>
         <wf lemma="smo" pos="X">smo</wf>
         <wf lemma="upali" pos="X">upali</wf>
         <wf lemma="," pos="X">,</wf>
         <wf lemma="da" pos="X">da</wf>
         <wf lemma="bomo" pos="X">bomo</wf>
         <wf lemma="dosegli" pos="X">dosegli</wf>
         <wf lemma="kaj" pos="X">kaj</wf>
         <wf lemma="več" pos="X">več</wf>
         <wf lemma="," pos="X">,</wf>
         <wf lemma="saj" pos="X">saj</wf>
         <wf lemma="so" pos="X">so</wf>
         <wf lemma="pri" pos="X">pri</wf>
         <wf lemma="Slovencih" pos="X">Slovencih</wf>
         <wf lemma="manjkali" pos="X">manjkali</wf>
         <wf lemma="nekateri" pos="X">nekateri</wf>
         <wf lemma="ključni" pos="X">ključni</wf>
         <wf lemma="igralci" pos="X">igralci</wf>
         <wf lemma="," pos="X">,</wf>
         <wf lemma="a" pos="X">a</wf>
         <wf lemma="so" pos="X">so</wf>
         <wf lemma="tudi" pos="X">tudi</wf>
         <wf lemma="njihove" pos="X">njihove</wf>
         <wf lemma="rezerve" pos="X">rezerve</wf>
         <wf lemma="premočne" pos="X">premočne</wf>
         <wf lemma="za" pos="X">za</wf>
         <wf lemma="nas" pos="X">nas</wf>
         <wf lemma="," pos="X">,</wf>
         <wf lemma="je" pos="X">je</wf>
         <wf lemma="priznal" pos="X">priznal</wf>
         <wf lemma="belgijski" pos="X">belgijski</wf>
         <wf lemma="trener" pos="X">trener</wf>
         <wf lemma="Tony" pos="X">Tony</wf>
         <wf lemma="van" pos="X">van</wf>
         <wf lemma="den" pos="X">den</wf>
         <wf lemma="Bosch" pos="X">Bosch</wf>
         <wf lemma="in" pos="X">in</wf>
         <wf lemma="občudoval" pos="X">občudoval</wf>
         <wf lemma="igro" pos="X">igro</wf>
         <wf lemma="Matjaža" pos="X">Matjaža</wf>
         <wf lemma="Smodiša" pos="X">Smodiša</wf>
         <wf lemma="." pos="X">.</wf>
      </sentence>
      <sentence id="d000.s236" source="wordnet-slovenian">
         <wf lemma="A" pos="X">A</wf>
         <wf lemma="Za" pos="X">Za</wf>
         <wf lemma="podaljšanje" pos="X">podaljšanje</wf>
         <wf lemma="meta" pos="X">meta</wf>
         <wf lemma="od" pos="X">od</wf>
         <instance id="d000.s236.t000" lemma="točka" pos="NOUN">točke</instance>
         <wf lemma="X" pos="X">X</wf>
         <wf lemma="do" pos="X">do</wf>
         <wf lemma="točke" pos="X">točke</wf>
         <wf lemma="Y" pos="X">Y</wf>
         <wf lemma="sprostimo" pos="X">sprostimo</wf>
         <wf lemma="toliko" pos="X">toliko</wf>
         <wf lemma="vrvice" pos="X">vrvice</wf>
         <wf lemma="(" pos="X">(</wf>
         <wf lemma="1" pos="X">1</wf>
         <wf lemma=")" pos="X">)</wf>
         <wf lemma="," pos="X">,</wf>
         <wf lemma="da" pos="X">da</wf>
         <wf lemma="z" pos="X">z</wf>
         <wf lemma="njo" pos="X">njo</wf>
         <wf lemma="dosežemo" pos="X">dosežemo</wf>
         <wf lemma="cilj" pos="X">cilj</wf>
         <wf lemma="." pos="X">.</wf>
      </sentence>
      <sentence id="d000.s237" source="wordnet-slovenian">
         <wf lemma="Imeti" pos="X">Imeti</wf>
         <wf lemma="morajo" pos="X">morajo</wf>
         <wf lemma="pristojnost" pos="X">pristojnost</wf>
         <wf lemma="za" pos="X">za</wf>
         <wf lemma="objavljanje" pos="X">objavljanje</wf>
         <wf lemma="in" pos="X">in</wf>
         <wf lemma="sestavljanje" pos="X">sestavljanje</wf>
         <wf lemma="neodvisnih" pos="X">neodvisnih</wf>
         <wf lemma="poročil" pos="X">poročil</wf>
         <wf lemma="v" pos="X">v</wf>
         <wf lemma="zvezi" pos="X">zvezi</wf>
         <wf lemma="s" pos="X">s</wf>
         <wf lemma="pojavi" pos="X">pojavi</wf>
         <wf lemma="diskriminacije" pos="X">diskriminacije</wf>
         <wf lemma="," pos="X">,</wf>
         <wf lemma="imeti" pos="X">imeti</wf>
         <wf lemma="morajo" pos="X">morajo</wf>
         <wf lemma="možnost" pos="X">možnost</wf>
         <wf lemma="opravljanja" pos="X">opravljanja</wf>
         <wf lemma="neodvisnih" pos="X">neodvisnih</wf>
         <wf lemma="preiskav" pos="X">preiskav</wf>
         <wf lemma="in" pos="X">in</wf>
         <wf lemma="ponujati" pos="X">ponujati</wf>
         <wf lemma="neodvisno" pos="X">neodvisno</wf>
         <wf lemma="pravno" pos="X">pravno</wf>
         <wf lemma="in" pos="X">in</wf>
         <wf lemma="drugo" pos="X">drugo</wf>
         <instance id="d000.s237.t000" lemma="pomoč" pos="NOUN">pomoč</instance>
         <wf lemma="žrtvam" pos="X">žrtvam</wf>
         <wf lemma="diskriminacije" pos="X">diskriminacije</wf>
         <wf lemma="." pos="X">.</wf>
      </sentence>
      <sentence id="d000.s238" source="wordnet-slovenian">
         <wf lemma="Misel" pos="X">Misel</wf>
         <wf lemma="," pos="X">,</wf>
         <wf lemma="da" pos="X">da</wf>
         <wf lemma="imata" pos="X">imata</wf>
         <wf lemma="v" pos="X">v</wf>
         <wf lemma="rokah" pos="X">rokah</wf>
         <wf lemma="nekaj" pos="X">nekaj</wf>
         <wf lemma="," pos="X">,</wf>
         <wf lemma="česar" pos="X">česar</wf>
         <wf lemma="ni" pos="X">ni</wf>
         <wf lemma="odkril" pos="X">odkril</wf>
         <wf lemma="še" pos="X">še</wf>
         <wf lemma="nihče" pos="X">nihče</wf>
         <wf lemma="drug" pos="X">drug</wf>
         <wf lemma="," pos="X">,</wf>
         <wf lemma="le" pos="X">le</wf>
         <wf lemma="onadva" pos="X">onadva</wf>
         <wf lemma="," pos="X">,</wf>
         <wf lemma="ju" pos="X">ju</wf>
         <wf lemma="je" pos="X">je</wf>
         <wf lemma="tako" pos="X">tako</wf>
         <wf lemma="vznemirila" pos="X">vznemirila</wf>
         <wf lemma="," pos="X">,</wf>
         <wf lemma="da" pos="X">da</wf>
         <wf lemma="tudi" pos="X">tudi</wf>
         <wf lemma="naslednjega" pos="X">naslednjega</wf>
         <wf lemma="dne" pos="X">dne</wf>
         <wf lemma="nista" pos="X">nista</wf>
         <wf lemma="odšla" pos="X">odšla</wf>
         <wf lemma="v" pos="X">v</wf>
         <wf lemma="Portorož" pos="X">Portorož</wf>
         <wf lemma="zapravljat" pos="X">zapravljat</wf>
         <instance id="d000.s238.t000" lemma="denar" pos="NOUN">denarja</instance>
         <wf lemma="." pos="X">.</wf>
      </sentence>
      <sentence id="d000.s239" source="wordnet-slovenian">
         <wf lemma="Lahko" pos="X">Lahko</wf>
         <wf lemma="se" pos="X">se</wf>
         <wf lemma="pozanimate" pos="X">pozanimate</wf>
         <wf lemma="pri" pos="X">pri</wf>
         <wf lemma="proizvajalcu" pos="X">proizvajalcu</wf>
         <wf lemma="Bonino" pos="X">Bonino</wf>
         <wf lemma="," pos="X">,</wf>
         <wf lemma="Via" pos="X">Via</wf>
         <wf lemma="Torino" pos="X">Torino</wf>
         <wf lemma="173" pos="X">173</wf>
         <wf lemma="," pos="X">,</wf>
         <wf lemma="12048" pos="X">12048</wf>
         <wf lemma="Sommariva" pos="X">Sommariva</wf>
         <wf lemma="Bosco" pos="X">Bosco</wf>
         <wf lemma="," pos="X">,</wf>
         <wf lemma="Italija" pos="X">Italija</wf>
         <wf lemma="tel." pos="X">tel.</wf>
         <wf lemma="," pos="X">,</wf>
         <wf lemma="faks" pos="X">faks</wf>
         <wf lemma=":" pos="X">:</wf>
         <wf lemma="(" pos="X">(</wf>
         <wf lemma="0039" pos="X">0039</wf>
         <wf lemma=")" pos="X">)</wf>
         <wf lemma="0172" pos="X">0172</wf>
         <wf lemma="54132" pos="X">54132</wf>
         <wf lemma="ali" pos="X">ali</wf>
         <wf lemma="pri" pos="X">pri</wf>
         <wf lemma="naših" pos="X">naših</wf>
         <instance id="d000.s239.t000" lemma="podjetje" pos="NOUN">podjetjih</instance>
         <wf lemma="," pos="X">,</wf>
         <wf lemma="ki" pos="X">ki</wf>
         <wf lemma="sodelujejo" pos="X">sodelujejo</wf>
         <wf lemma="z" pos="X">z</wf>
         <wf lemma="Italijo" pos="X">Italijo</wf>
         <wf lemma="." pos="X">.</wf>
      </sentence>
      <sentence id="d000.s240" source="wordnet-slovenian">
         <wf lemma="Osrednji" pos="X">Osrednji</wf>
         <wf lemma="prostor" pos="X">prostor</wf>
         <wf lemma="," pos="X">,</wf>
         <wf lemma="namenjen" pos="X">namenjen</wf>
         <wf lemma="kegljanju" pos="X">kegljanju</wf>
         <wf lemma="," pos="X">,</wf>
         <wf lemma="za" pos="X">za</wf>
         <wf lemma="malo" pos="X">malo</wf>
         <wf lemma="denarja" pos="X">denarja</wf>
         <wf lemma="ponuja" pos="X">ponuja</wf>
         <wf lemma="sproščeno" pos="X">sproščeno</wf>
         <wf lemma="zabavo" pos="X">zabavo</wf>
         <wf lemma="za" pos="X">za</wf>
         <wf lemma="vso" pos="X">vso</wf>
         <wf lemma="družino" pos="X">družino</wf>
         <wf lemma="," pos="X">,</wf>
         <wf lemma="ljubiteljem" pos="X">ljubiteljem</wf>
         <wf lemma="te" pos="X">te</wf>
         <instance id="d000.s240.t000" lemma="igra" pos="NOUN">igre</instance>
         <wf lemma="pravo" pos="X">pravo</wf>
         <wf lemma="možnost" pos="X">možnost</wf>
         <wf lemma="za" pos="X">za</wf>
         <wf lemma="rekreacijo" pos="X">rekreacijo</wf>
         <wf lemma="," pos="X">,</wf>
         <wf lemma="zaradi" pos="X">zaradi</wf>
         <wf lemma="velikosti" pos="X">velikosti</wf>
         <wf lemma="najsodobnejše" pos="X">najsodobnejše</wf>
         <wf lemma="opremljenega" pos="X">opremljenega</wf>
         <wf lemma="računalniško" pos="X">računalniško</wf>
         <wf lemma="vodenega" pos="X">vodenega</wf>
         <wf lemma="16" pos="X">16</wf>
         <wf lemma="-" pos="X">-</wf>
         <wf lemma="steznega" pos="X">steznega</wf>
         <wf lemma="igrišča" pos="X">igrišča</wf>
         <wf lemma="pa" pos="X">pa</wf>
         <wf lemma="tudi" pos="X">tudi</wf>
         <wf lemma="vadbo" pos="X">vadbo</wf>
         <wf lemma="in" pos="X">in</wf>
         <wf lemma="vrhunska" pos="X">vrhunska</wf>
         <wf lemma="tekmovanja" pos="X">tekmovanja</wf>
         <wf lemma="za" pos="X">za</wf>
         <wf lemma="profesionalce" pos="X">profesionalce</wf>
         <wf lemma="." pos="X">.</wf>
      </sentence>
      <sentence id="d000.s241" source="wordnet-slovenian">
         <wf lemma="Nemci" pos="X">Nemci</wf>
         <wf lemma="so" pos="X">so</wf>
         <wf lemma="postali" pos="X">postali</wf>
         <wf lemma="bolj" pos="X">bolj</wf>
         <wf lemma="previdni" pos="X">previdni</wf>
         <wf lemma="in" pos="X">in</wf>
         <wf lemma="govorijo" pos="X">govorijo</wf>
         <wf lemma="," pos="X">,</wf>
         <wf lemma="da" pos="X">da</wf>
         <wf lemma="predlogi" pos="X">predlogi</wf>
         <wf lemma="niso" pos="X">niso</wf>
         <wf lemma="predlogi" pos="X">predlogi</wf>
         <wf lemma="nemške" pos="X">nemške</wf>
         <instance id="d000.s241.t000" lemma="vlada" pos="NOUN">vlade</instance>
         <wf lemma="," pos="X">,</wf>
         <wf lemma="temveč" pos="X">temveč</wf>
         <wf lemma="razmišljanja" pos="X">razmišljanja</wf>
         <wf lemma="v" pos="X">v</wf>
         <wf lemma="socialdemokratskem" pos="X">socialdemokratskem</wf>
         <wf lemma="okolju" pos="X">okolju</wf>
         <wf lemma="." pos="X">.</wf>
      </sentence>
      <sentence id="d000.s242" source="wordnet-slovenian">
         <wf lemma="Nasvet" pos="X">Nasvet</wf>
         <wf lemma=":" pos="X">:</wf>
         <wf lemma="če" pos="X">če</wf>
         <wf lemma="vaša" pos="X">vaša</wf>
         <wf lemma="oblačila" pos="X">oblačila</wf>
         <wf lemma="dajejo" pos="X">dajejo</wf>
         <wf lemma="vtis" pos="X">vtis</wf>
         <wf lemma="," pos="X">,</wf>
         <wf lemma="da" pos="X">da</wf>
         <wf lemma="jih" pos="X">jih</wf>
         <wf lemma="ni" pos="X">ni</wf>
         <wf lemma="težko" pos="X">težko</wf>
         <wf lemma="sleči" pos="X">sleči</wf>
         <wf lemma="," pos="X">,</wf>
         <wf lemma="mu" pos="X">mu</wf>
         <wf lemma="gre" pos="X">gre</wf>
         <wf lemma="to" pos="X">to</wf>
         <wf lemma="zelo" pos="X">zelo</wf>
         <wf lemma="težko" pos="X">težko</wf>
         <wf lemma="iz" pos="X">iz</wf>
         <instance id="d000.s242.t000" lemma="glava" pos="NOUN">glave</instance>
         <wf lemma="." pos="X">.</wf>
      </sentence>
      <sentence id="d000.s243" source="wordnet-slovenian">
         <wf lemma="500" pos="X">500</wf>
         <wf lemma="-" pos="X">-</wf>
         <wf lemma="letne" pos="X">letne</wf>
         <wf lemma="lipe" pos="X">lipe</wf>
         <wf lemma="so" pos="X">so</wf>
         <wf lemma="več" pos="X">več</wf>
         <wf lemma="kot" pos="X">kot</wf>
         <wf lemma="60" pos="X">60</wf>
         <instance id="d000.s243.t000" lemma="leto" pos="NOUN">let</instance>
         <wf lemma="samevale" pos="X">samevale</wf>
         <wf lemma="," pos="X">,</wf>
         <wf lemma="nekatere" pos="X">nekatere</wf>
         <wf lemma="pa" pos="X">pa</wf>
         <wf lemma="so" pos="X">so</wf>
         <wf lemma="se" pos="X">se</wf>
         <wf lemma="že" pos="X">že</wf>
         <wf lemma="posušile" pos="X">posušile</wf>
         <wf lemma="." pos="X">.</wf>
      </sentence>
      <sentence id="d000.s244" source="wordnet-slovenian">
         <wf lemma="Na" pos="X">Na</wf>
         <wf lemma="19." pos="X">19.</wf>
         <wf lemma="festivalu" pos="X">festivalu</wf>
         <wf lemma="z" pos="X">z</wf>
         <wf lemma="naslovom" pos="X">naslovom</wf>
         <wf lemma="Turizmu" pos="X">Turizmu</wf>
         <wf lemma="pomaga" pos="X">pomaga</wf>
         <wf lemma="lastna" pos="X">lastna</wf>
         <instance id="d000.s244.t000" lemma="glava" pos="NOUN">glava</instance>
         <wf lemma="bodo" pos="X">bodo</wf>
         <wf lemma="učenci" pos="X">učenci</wf>
         <wf lemma="pod" pos="X">pod</wf>
         <wf lemma="vodstvom" pos="X">vodstvom</wf>
         <wf lemma="mentoric" pos="X">mentoric</wf>
         <wf lemma="Metke" pos="X">Metke</wf>
         <wf lemma="Štuhec" pos="X">Štuhec</wf>
         <wf lemma="in" pos="X">in</wf>
         <wf lemma="Jasne" pos="X">Jasne</wf>
         <wf lemma="Markovič" pos="X">Markovič</wf>
         <wf lemma="-" pos="X">-</wf>
         <wf lemma="Jagodič" pos="X">Jagodič</wf>
         <wf lemma="predstavili" pos="X">predstavili</wf>
         <wf lemma="kasaške" pos="X">kasaške</wf>
         <wf lemma="dirke" pos="X">dirke</wf>
         <wf lemma="." pos="X">.</wf>
      </sentence>
      <sentence id="d000.s245" source="wordnet-slovenian">
         <wf lemma="Kljub" pos="X">Kljub</wf>
         <wf lemma="tradiciji" pos="X">tradiciji</wf>
         <wf lemma="so" pos="X">so</wf>
         <wf lemma="bili" pos="X">bili</wf>
         <wf lemma="tokrat" pos="X">tokrat</wf>
         <wf lemma="organizatorji" pos="X">organizatorji</wf>
         <wf lemma="prisiljeni" pos="X">prisiljeni</wf>
         <wf lemma="izvesti" pos="X">izvesti</wf>
         <wf lemma="nekatere" pos="X">nekatere</wf>
         <instance id="d000.s245.t000" lemma="sprememba" pos="NOUN">spremembe</instance>
         <wf lemma="." pos="X">.</wf>
      </sentence>
      <sentence id="d000.s246" source="wordnet-slovenian">
         <wf lemma="Pa" pos="X">Pa</wf>
         <wf lemma="imate" pos="X">imate</wf>
         <wf lemma="dovolj" pos="X">dovolj</wf>
         <wf lemma="znanja" pos="X">znanja</wf>
         <wf lemma="," pos="X">,</wf>
         <wf lemma="ljudi" pos="X">ljudi</wf>
         <wf lemma="in" pos="X">in</wf>
         <wf lemma="poznavanja" pos="X">poznavanja</wf>
         <instance id="d000.s246.t000" lemma="trg" pos="NOUN">trgov</instance>
         <wf lemma="za" pos="X">za</wf>
         <wf lemma="razvoj" pos="X">razvoj</wf>
         <wf lemma="v" pos="X">v</wf>
         <wf lemma="tujini" pos="X">tujini</wf>
         <wf lemma="?" pos="X">?</wf>
      </sentence>
      <sentence id="d000.s247" source="wordnet-slovenian">
         <wf lemma="Zadnja" pos="X">Zadnja</wf>
         <instance id="d000.s247.t000" lemma="sezona" pos="NOUN">sezona</instance>
         <wf lemma="za" pos="X">za</wf>
         <wf lemma="Dunajčane" pos="X">Dunajčane</wf>
         <wf lemma="ni" pos="X">ni</wf>
         <wf lemma="bila" pos="X">bila</wf>
         <wf lemma="preveč" pos="X">preveč</wf>
         <wf lemma="uspešna" pos="X">uspešna</wf>
         <wf lemma="." pos="X">.</wf>
      </sentence>
      <sentence id="d000.s248" source="wordnet-slovenian">
         <wf lemma="Dejansko" pos="X">Dejansko</wf>
         <wf lemma="v" pos="X">v</wf>
         <wf lemma="teh" pos="X">teh</wf>
         <instance id="d000.s248.t000" lemma="primer" pos="NOUN">primerih</instance>
         <wf lemma="ne" pos="X">ne</wf>
         <wf lemma="moremo" pos="X">moremo</wf>
         <wf lemma="govoriti" pos="X">govoriti</wf>
         <wf lemma="o" pos="X">o</wf>
         <wf lemma="oškodovanju" pos="X">oškodovanju</wf>
         <wf lemma="družbene" pos="X">družbene</wf>
         <wf lemma="lastnine" pos="X">lastnine</wf>
         <wf lemma="." pos="X">.</wf>
      </sentence>
      <sentence id="d000.s249" source="wordnet-slovenian">
         <wf lemma="Navdušena" pos="X">Navdušena</wf>
         <wf lemma="je" pos="X">je</wf>
         <wf lemma="bila" pos="X">bila</wf>
         <wf lemma="nad" pos="X">nad</wf>
         <wf lemma="samostojnim" pos="X">samostojnim</wf>
         <wf lemma="delom" pos="X">delom</wf>
         <wf lemma="," pos="X">,</wf>
         <wf lemma="sodelovanju" pos="X">sodelovanju</wf>
         <wf lemma="z" pos="X">z</wf>
         <wf lemma="ljudmi" pos="X">ljudmi</wf>
         <wf lemma="z" pos="X">z</wf>
         <wf lemma="vsega" pos="X">vsega</wf>
         <instance id="d000.s249.t000" lemma="svet" pos="NOUN">sveta</instance>
         <wf lemma="," pos="X">,</wf>
         <wf lemma="v" pos="X">v</wf>
         <wf lemma="službi" pos="X">službi</wf>
         <wf lemma="je" pos="X">je</wf>
         <wf lemma="veliko" pos="X">veliko</wf>
         <wf lemma="potovala" pos="X">potovala</wf>
         <wf lemma="tako" pos="X">tako</wf>
         <wf lemma="po" pos="X">po</wf>
         <wf lemma="Franciji" pos="X">Franciji</wf>
         <wf lemma="kot" pos="X">kot</wf>
         <wf lemma="po" pos="X">po</wf>
         <wf lemma="svetu" pos="X">svetu</wf>
         <wf lemma="." pos="X">.</wf>
      </sentence>
      <sentence id="d000.s250" source="wordnet-slovenian">
         <wf lemma="PREDVSEM" pos="X">PREDVSEM</wf>
         <wf lemma="JE" pos="X">JE</wf>
         <wf lemma="BIL" pos="X">BIL</wf>
         <wf lemma="NLRA" pos="X">NLRA</wf>
         <wf lemma="UZAKONJEN" pos="X">UZAKONJEN</wf>
         <wf lemma="Z" pos="X">Z</wf>
         <wf lemma="NAMENOM" pos="X">NAMENOM</wf>
         <wf lemma="," pos="X">,</wf>
         <wf lemma="DA" pos="X">DA</wf>
         <wf lemma="DELAVCI" pos="X">DELAVCI</wf>
         <wf lemma="Z" pos="X">Z</wf>
         <wf lemma="ZDRUŽEVANJEM" pos="X">ZDRUŽEVANJEM</wf>
         <wf lemma="V" pos="X">V</wf>
         <wf lemma="DELAVSKA" pos="X">DELAVSKA</wf>
         <wf lemma="ZDRUŽENJA" pos="X">ZDRUŽENJA</wf>
         <wf lemma="IN" pos="X">IN</wf>
         <wf lemma="S" pos="X">S</wf>
         <wf lemma="KOLEKTIVNIM" pos="X">KOLEKTIVNIM</wf>
         <wf lemma="POGAJANJEM" pos="X">POGAJANJEM</wf>
         <wf lemma="PREK" pos="X">PREK</wf>
         <wf lemma="TEH" pos="X">TEH</wf>
         <wf lemma="ZDRUŽENJ" pos="X">ZDRUŽENJ</wf>
         <wf lemma="REŠUJEJO" pos="X">REŠUJEJO</wf>
         <wf lemma="MOREBITNE" pos="X">MOREBITNE</wf>
         <wf lemma="PROBLEME" pos="X">PROBLEME</wf>
         <wf lemma="PRI" pos="X">PRI</wf>
         <wf lemma="DELU" pos="X">DELU</wf>
         <wf lemma="TER" pos="X">TER</wf>
         <wf lemma="TAKO" pos="X">TAKO</wf>
         <wf lemma="IZBOLJŠAJO" pos="X">IZBOLJŠAJO</wf>
         <wf lemma="DELOVNE" pos="X">DELOVNE</wf>
         <wf lemma="RAZMERE" pos="X">RAZMERE</wf>
         <wf lemma="IN" pos="X">IN</wf>
         <instance id="d000.s250.t000" lemma="pogoj" pos="NOUN">POGOJE</instance>
         <wf lemma="NA" pos="X">NA</wf>
         <wf lemma="SVOJEM" pos="X">SVOJEM</wf>
         <wf lemma="DELOVNEM" pos="X">DELOVNEM</wf>
         <wf lemma="MESTU" pos="X">MESTU</wf>
         <wf lemma="." pos="X">.</wf>
      </sentence>
      <sentence id="d000.s251" source="wordnet-slovenian">
         <wf lemma="Nekaj" pos="X">Nekaj</wf>
         <wf lemma="dni" pos="X">dni</wf>
         <wf lemma="prej" pos="X">prej</wf>
         <wf lemma="je" pos="X">je</wf>
         <wf lemma="odobril" pos="X">odobril</wf>
         <wf lemma="odhod" pos="X">odhod</wf>
         <wf lemma="japonskih" pos="X">japonskih</wf>
         <wf lemma="vojakov" pos="X">vojakov</wf>
         <wf lemma="v" pos="X">v</wf>
         <wf lemma="Irak" pos="X">Irak</wf>
         <wf lemma="in" pos="X">in</wf>
         <wf lemma="čeprav" pos="X">čeprav</wf>
         <wf lemma="vsi" pos="X">vsi</wf>
         <wf lemma="na" pos="X">na</wf>
         <wf lemma="tem" pos="X">tem</wf>
         <instance id="d000.s251.t000" lemma="območje" pos="NOUN">območju</instance>
         <wf lemma="po" pos="X">po</wf>
         <wf lemma="svoje" pos="X">svoje</wf>
         <wf lemma="razumejo" pos="X">razumejo</wf>
         <wf lemma="japonsko" pos="X">japonsko</wf>
         <wf lemma="žejo" pos="X">žejo</wf>
         <wf lemma="po" pos="X">po</wf>
         <wf lemma="bližnjevzhodni" pos="X">bližnjevzhodni</wf>
         <wf lemma="nafti" pos="X">nafti</wf>
         <wf lemma="," pos="X">,</wf>
         <wf lemma="so" pos="X">so</wf>
         <wf lemma="sosedje" pos="X">sosedje</wf>
         <wf lemma="zaradi" pos="X">zaradi</wf>
         <wf lemma="prvega" pos="X">prvega</wf>
         <wf lemma="odhoda" pos="X">odhoda</wf>
         <wf lemma="vojakov" pos="X">vojakov</wf>
         <wf lemma="iz" pos="X">iz</wf>
         <wf lemma="države" pos="X">države</wf>
         <wf lemma="osuplo" pos="X">osuplo</wf>
         <wf lemma="privzdignili" pos="X">privzdignili</wf>
         <wf lemma="obrvi" pos="X">obrvi</wf>
         <wf lemma="." pos="X">.</wf>
      </sentence>
      <sentence id="d000.s252" source="wordnet-slovenian">
         <wf lemma="Ravno" pos="X">Ravno</wf>
         <wf lemma="v" pos="X">v</wf>
         <wf lemma="soboto" pos="X">soboto</wf>
         <wf lemma="," pos="X">,</wf>
         <wf lemma="ko" pos="X">ko</wf>
         <wf lemma="so" pos="X">so</wf>
         <wf lemma="nameravali" pos="X">nameravali</wf>
         <wf lemma="imeti" pos="X">imeti</wf>
         <wf lemma="zabavo" pos="X">zabavo</wf>
         <wf lemma="," pos="X">,</wf>
         <wf lemma="so" pos="X">so</wf>
         <wf lemma="zaradi" pos="X">zaradi</wf>
         <wf lemma="smrti" pos="X">smrti</wf>
         <wf lemma="uglednega" pos="X">uglednega</wf>
         <wf lemma="jugoslovanskega" pos="X">jugoslovanskega</wf>
         <wf lemma="politika" pos="X">politika</wf>
         <wf lemma="v" pos="X">v</wf>
         <instance id="d000.s252.t000" lemma="država" pos="NOUN">državi</instance>
         <wf lemma="razglasili" pos="X">razglasili</wf>
         <wf lemma="žalovanje" pos="X">žalovanje</wf>
         <wf lemma="." pos="X">.</wf>
      </sentence>
      <sentence id="d000.s253" source="wordnet-slovenian">
         <wf lemma="V" pos="X">V</wf>
         <wf lemma="glavni" pos="X">glavni</wf>
         <instance id="d000.s253.t000" lemma="vloga" pos="NOUN">vlogi</instance>
         <wf lemma="bo" pos="X">bo</wf>
         <wf lemma="tako" pos="X">tako</wf>
         <wf lemma="na" pos="X">na</wf>
         <wf lemma="premieri" pos="X">premieri</wf>
         <wf lemma="plesala" pos="X">plesala</wf>
         <wf lemma="Elena" pos="X">Elena</wf>
         <wf lemma="Pankova" pos="X">Pankova</wf>
         <wf lemma="," pos="X">,</wf>
         <wf lemma="ki" pos="X">ki</wf>
         <wf lemma="je" pos="X">je</wf>
         <wf lemma="v" pos="X">v</wf>
         <wf lemma="tej" pos="X">tej</wf>
         <wf lemma="vlogi" pos="X">vlogi</wf>
         <wf lemma="že" pos="X">že</wf>
         <wf lemma="nastopila" pos="X">nastopila</wf>
         <wf lemma="skoraj" pos="X">skoraj</wf>
         <wf lemma="na" pos="X">na</wf>
         <wf lemma="vseh" pos="X">vseh</wf>
         <wf lemma="velikih" pos="X">velikih</wf>
         <wf lemma="svetovnih" pos="X">svetovnih</wf>
         <wf lemma="odrih" pos="X">odrih</wf>
         <wf lemma="." pos="X">.</wf>
      </sentence>
      <sentence id="d000.s254" source="wordnet-slovenian">
         <wf lemma="Pivovarna" pos="X">Pivovarna</wf>
         <wf lemma="Laško" pos="X">Laško</wf>
         <wf lemma="je" pos="X">je</wf>
         <wf lemma="ugotovila" pos="X">ugotovila</wf>
         <wf lemma="," pos="X">,</wf>
         <wf lemma="da" pos="X">da</wf>
         <wf lemma="multinacionalne" pos="X">multinacionalne</wf>
         <instance id="d000.s254.t000" lemma="družba" pos="NOUN">družbe</instance>
         <wf lemma="z" pos="X">z</wf>
         <wf lemma="nakupom" pos="X">nakupom</wf>
         <wf lemma="podjetja" pos="X">podjetja</wf>
         <wf lemma="dobijo" pos="X">dobijo</wf>
         <wf lemma="tudi" pos="X">tudi</wf>
         <wf lemma="lokalni" pos="X">lokalni</wf>
         <wf lemma="tržni" pos="X">tržni</wf>
         <wf lemma="delež" pos="X">delež</wf>
         <wf lemma="," pos="X">,</wf>
         <wf lemma="zato" pos="X">zato</wf>
         <wf lemma="je" pos="X">je</wf>
         <wf lemma="skušala" pos="X">skušala</wf>
         <wf lemma="braniti" pos="X">braniti</wf>
         <wf lemma="svoj" pos="X">svoj</wf>
         <wf lemma="položaj" pos="X">položaj</wf>
         <wf lemma="doma" pos="X">doma</wf>
         <wf lemma="in" pos="X">in</wf>
         <wf lemma="postati" pos="X">postati</wf>
         <wf lemma="sama" pos="X">sama</wf>
         <wf lemma="prevzemnik" pos="X">prevzemnik</wf>
         <wf lemma="z" pos="X">z</wf>
         <wf lemma="nakupom" pos="X">nakupom</wf>
         <wf lemma="Unionovih" pos="X">Unionovih</wf>
         <wf lemma="delnic" pos="X">delnic</wf>
         <wf lemma="." pos="X">.</wf>
      </sentence>
      <sentence id="d000.s255" source="wordnet-slovenian">
         <wf lemma="In" pos="X">In</wf>
         <wf lemma="tudi" pos="X">tudi</wf>
         <wf lemma="," pos="X">,</wf>
         <wf lemma="ko" pos="X">ko</wf>
         <wf lemma="grem" pos="X">grem</wf>
         <wf lemma="naprej" pos="X">naprej</wf>
         <wf lemma="v" pos="X">v</wf>
         <wf lemma="druge" pos="X">druge</wf>
         <wf lemma="vrste" pos="X">vrste</wf>
         <wf lemma="ogrožanja" pos="X">ogrožanja</wf>
         <wf lemma="nacionalne" pos="X">nacionalne</wf>
         <wf lemma="varnosti" pos="X">varnosti</wf>
         <wf lemma="Republike" pos="X">Republike</wf>
         <wf lemma="Slovenije" pos="X">Slovenije</wf>
         <wf lemma="začne" pos="X">začne</wf>
         <wf lemma="s" pos="X">s</wf>
         <wf lemma="stavkom" pos="X">stavkom</wf>
         <wf lemma="," pos="X">,</wf>
         <wf lemma="ki" pos="X">ki</wf>
         <wf lemma="je" pos="X">je</wf>
         <wf lemma="že" pos="X">že</wf>
         <wf lemma="padel" pos="X">padel</wf>
         <wf lemma="v" pos="X">v</wf>
         <wf lemma="oči" pos="X">oči</wf>
         <wf lemma="predgovornikom" pos="X">predgovornikom</wf>
         <wf lemma="," pos="X">,</wf>
         <wf lemma="namreč" pos="X">namreč</wf>
         <wf lemma="je" pos="X">je</wf>
         <wf lemma="neposredni" pos="X">neposredni</wf>
         <wf lemma="ali" pos="X">ali</wf>
         <wf lemma="posredni" pos="X">posredni</wf>
         <wf lemma="nedemokratičen" pos="X">nedemokratičen</wf>
         <wf lemma="nazivni" pos="X">nazivni</wf>
         <wf lemma="posegi" pos="X">posegi</wf>
         <wf lemma="za" pos="X">za</wf>
         <instance id="d000.s255.t000" lemma="sprememba" pos="NOUN">spremembo</instance>
         <wf lemma="ustavne" pos="X">ustavne</wf>
         <wf lemma="ureditve" pos="X">ureditve</wf>
         <wf lemma="," pos="X">,</wf>
         <wf lemma="ki" pos="X">ki</wf>
         <wf lemma="se" pos="X">se</wf>
         <wf lemma="potem" pos="X">potem</wf>
         <wf lemma="nadaljujejo" pos="X">nadaljujejo</wf>
         <wf lemma="s" pos="X">s</wf>
         <wf lemma="teoristično" pos="X">teoristično</wf>
         <wf lemma="dejavnostjo" pos="X">dejavnostjo</wf>
         <wf lemma="," pos="X">,</wf>
         <wf lemma="trgovanje" pos="X">trgovanje</wf>
         <wf lemma="z" pos="X">z</wf>
         <wf lemma="belim" pos="X">belim</wf>
         <wf lemma="blagom" pos="X">blagom</wf>
         <wf lemma="in" pos="X">in</wf>
         <wf lemma="podobna" pos="X">podobna</wf>
         <wf lemma="grozodejstva" pos="X">grozodejstva</wf>
         <wf lemma="," pos="X">,</wf>
         <wf lemma="konča" pos="X">konča</wf>
         <wf lemma="pa" pos="X">pa</wf>
         <wf lemma="s" pos="X">s</wf>
         <wf lemma="stvarjo" pos="X">stvarjo</wf>
         <wf lemma="," pos="X">,</wf>
         <wf lemma="ki" pos="X">ki</wf>
         <wf lemma="me" pos="X">me</wf>
         <wf lemma="pravzaprav" pos="X">pravzaprav</wf>
         <wf lemma="najbolj" pos="X">najbolj</wf>
         <wf lemma="skrbi" pos="X">skrbi</wf>
         <wf lemma="," pos="X">,</wf>
         <wf lemma="namreč" pos="X">namreč</wf>
         <wf lemma="definicija" pos="X">definicija</wf>
         <wf lemma="na" pos="X">na</wf>
         <wf lemma="koncu" pos="X">koncu</wf>
         <wf lemma="obstajajo" pos="X">obstajajo</wf>
         <wf lemma="tudi" pos="X">tudi</wf>
         <wf lemma="možnosti" pos="X">možnosti</wf>
         <wf lemma="nastajanja" pos="X">nastajanja</wf>
         <wf lemma="povsem" pos="X">povsem</wf>
         <wf lemma="novih" pos="X">novih</wf>
         <wf lemma="oblik" pos="X">oblik</wf>
         <wf lemma="ogrožanja" pos="X">ogrožanja</wf>
         <wf lemma="nacionalne" pos="X">nacionalne</wf>
         <wf lemma="varnosti" pos="X">varnosti</wf>
         <wf lemma="." pos="X">.</wf>
      </sentence>
      <sentence id="d000.s256" source="wordnet-slovenian">
         <wf lemma="Tudi" pos="X">Tudi</wf>
         <wf lemma="bosanje" pos="X">bosanje</wf>
         <wf lemma="v" pos="X">v</wf>
         <wf lemma="primernem" pos="X">primernem</wf>
         <wf lemma="potočku" pos="X">potočku</wf>
         <wf lemma="ali" pos="X">ali</wf>
         <wf lemma="plitvejši" pos="X">plitvejši</wf>
         <instance id="d000.s256.t000" lemma="voda" pos="NOUN">vodi</instance>
         <wf lemma="okrepi" pos="X">okrepi</wf>
         <wf lemma="krvni" pos="X">krvni</wf>
         <wf lemma="obtok" pos="X">obtok</wf>
         <wf lemma="in" pos="X">in</wf>
         <wf lemma="segreje" pos="X">segreje</wf>
         <wf lemma="noge" pos="X">noge</wf>
         <wf lemma="." pos="X">.</wf>
      </sentence>
      <sentence id="d000.s257" source="wordnet-slovenian">
         <wf lemma="Poročilo" pos="X">Poročilo</wf>
         <wf lemma="je" pos="X">je</wf>
         <wf lemma="glavni" pos="X">glavni</wf>
         <wf lemma="inšpektor" pos="X">inšpektor</wf>
         <wf lemma="za" pos="X">za</wf>
         <wf lemma="anatomijo" pos="X">anatomijo</wf>
         <wf lemma="Jeremy" pos="X">Jeremy</wf>
         <wf lemma="Metters" pos="X">Metters</wf>
         <wf lemma="predstavil" pos="X">predstavil</wf>
         <wf lemma="po" pos="X">po</wf>
         <wf lemma="dveletni" pos="X">dveletni</wf>
         <wf lemma="raziskavi" pos="X">raziskavi</wf>
         <wf lemma="," pos="X">,</wf>
         <wf lemma="s" pos="X">s</wf>
         <wf lemma="katero" pos="X">katero</wf>
         <wf lemma="je" pos="X">je</wf>
         <wf lemma="ugotovil" pos="X">ugotovil</wf>
         <wf lemma="," pos="X">,</wf>
         <wf lemma="da" pos="X">da</wf>
         <wf lemma="so" pos="X">so</wf>
         <wf lemma="med" pos="X">med</wf>
         <instance id="d000.s257.t000" lemma="leto" pos="NOUN">leti</instance>
         <wf lemma="1970" pos="X">1970</wf>
         <wf lemma="in" pos="X">in</wf>
         <wf lemma="2000" pos="X">2000</wf>
         <wf lemma="brez" pos="X">brez</wf>
         <wf lemma="dovoljenja" pos="X">dovoljenja</wf>
         <wf lemma="svojcev" pos="X">svojcev</wf>
         <wf lemma="v" pos="X">v</wf>
         <wf lemma="raziskovalne" pos="X">raziskovalne</wf>
         <wf lemma="namene" pos="X">namene</wf>
         <wf lemma="skoraj" pos="X">skoraj</wf>
         <wf lemma="100.000" pos="X">100.000</wf>
         <wf lemma="ljudem" pos="X">ljudem</wf>
         <wf lemma="odstranili" pos="X">odstranili</wf>
         <wf lemma="možgane" pos="X">možgane</wf>
         <wf lemma="in" pos="X">in</wf>
         <wf lemma="jih" pos="X">jih</wf>
         <wf lemma="predali" pos="X">predali</wf>
         <wf lemma="univerzam" pos="X">univerzam</wf>
         <wf lemma="in" pos="X">in</wf>
         <wf lemma="raziskovalnim" pos="X">raziskovalnim</wf>
         <wf lemma="inštitutom" pos="X">inštitutom</wf>
         <wf lemma="." pos="X">.</wf>
      </sentence>
      <sentence id="d000.s258" source="wordnet-slovenian">
         <wf lemma="Vse" pos="X">Vse</wf>
         <wf lemma="sodne" pos="X">sodne</wf>
         <wf lemma="instance" pos="X">instance</wf>
         <wf lemma="so" pos="X">so</wf>
         <wf lemma="tožilsko" pos="X">tožilsko</wf>
         <wf lemma="zahtevo" pos="X">zahtevo</wf>
         <wf lemma="za" pos="X">za</wf>
         <wf lemma="preiskavo" pos="X">preiskavo</wf>
         <wf lemma="zavrnile" pos="X">zavrnile</wf>
         <wf lemma="," pos="X">,</wf>
         <wf lemma="generalna" pos="X">generalna</wf>
         <wf lemma="državna" pos="X">državna</wf>
         <wf lemma="tožilka" pos="X">tožilka</wf>
         <wf lemma="pa" pos="X">pa</wf>
         <wf lemma="se" pos="X">se</wf>
         <wf lemma="je" pos="X">je</wf>
         <wf lemma="pred" pos="X">pred</wf>
         <instance id="d000.s258.t000" lemma="teden" pos="NOUN">tedni</instance>
         <wf lemma="znašla" pos="X">znašla</wf>
         <wf lemma="med" pos="X">med</wf>
         <wf lemma="kandidati" pos="X">kandidati</wf>
         <wf lemma="za" pos="X">za</wf>
         <wf lemma="nove" pos="X">nove</wf>
         <wf lemma="ministre" pos="X">ministre</wf>
         <wf lemma="." pos="X">.</wf>
      </sentence>
      <sentence id="d000.s259" source="wordnet-slovenian">
         <wf lemma="-" pos="X">-</wf>
         <wf lemma="uporabiti" pos="X">uporabiti</wf>
         <wf lemma="ustrezne" pos="X">ustrezne</wf>
         <wf lemma="metode" pos="X">metode</wf>
         <wf lemma="za" pos="X">za</wf>
         <wf lemma="evalvacijo" pos="X">evalvacijo</wf>
         <wf lemma="in" pos="X">in</wf>
         <wf lemma="kjer" pos="X">kjer</wf>
         <wf lemma="je" pos="X">je</wf>
         <wf lemma="to" pos="X">to</wf>
         <wf lemma="primerno" pos="X">primerno</wf>
         <wf lemma="tudi" pos="X">tudi</wf>
         <wf lemma="za" pos="X">za</wf>
         <wf lemma="akreditacijo" pos="X">akreditacijo</wf>
         <wf lemma="različnih" pos="X">različnih</wf>
         <instance id="d000.s259.t000" lemma="oblika" pos="NOUN">oblik</instance>
         <wf lemma="vseživljenjskega" pos="X">vseživljenjskega</wf>
         <wf lemma="učenja" pos="X">učenja</wf>
         <wf lemma="." pos="X">.</wf>
      </sentence>
      <sentence id="d000.s260" source="wordnet-slovenian">
         <instance id="d000.s260.t000" lemma="leto" pos="NOUN">Leta</instance>
         <wf lemma="1991" pos="X">1991</wf>
         <wf lemma="," pos="X">,</wf>
         <wf lemma="v" pos="X">v</wf>
         <wf lemma="zadnjem" pos="X">zadnjem</wf>
         <wf lemma="letu" pos="X">letu</wf>
         <wf lemma="," pos="X">,</wf>
         <wf lemma="za" pos="X">za</wf>
         <wf lemma="katero" pos="X">katero</wf>
         <wf lemma="so" pos="X">so</wf>
         <wf lemma="na" pos="X">na</wf>
         <wf lemma="voljo" pos="X">voljo</wf>
         <wf lemma="zanesljivi" pos="X">zanesljivi</wf>
         <wf lemma="podatki" pos="X">podatki</wf>
         <wf lemma="," pos="X">,</wf>
         <wf lemma="je" pos="X">je</wf>
         <wf lemma="bilo" pos="X">bilo</wf>
         <wf lemma="umorjenih" pos="X">umorjenih</wf>
         <wf lemma="5.300" pos="X">5.300</wf>
         <wf lemma="Rusinj" pos="X">Rusinj</wf>
         <wf lemma="." pos="X">.</wf>
      </sentence>
      <sentence id="d000.s261" source="wordnet-slovenian">
         <wf lemma="Zgradil" pos="X">Zgradil</wf>
         <wf lemma="nekaj" pos="X">nekaj</wf>
         <wf lemma="veličastnejšega" pos="X">veličastnejšega</wf>
         <wf lemma="za" pos="X">za</wf>
         <wf lemma="svojo" pos="X">svojo</wf>
         <instance id="d000.s261.t000" lemma="hiša" pos="NOUN">hišo</instance>
         <wf lemma="groze" pos="X">groze</wf>
         <wf lemma="," pos="X">,</wf>
         <wf lemma="«" pos="X">«</wf>
         <wf lemma="sem" pos="X">sem</wf>
         <wf lemma="rekel" pos="X">rekel</wf>
         <wf lemma="," pos="X">,</wf>
         <wf lemma="ko" pos="X">ko</wf>
         <wf lemma="sem" pos="X">sem</wf>
         <wf lemma="iskal" pos="X">iskal</wf>
         <wf lemma="med" pos="X">med</wf>
         <wf lemma="gosto" pos="X">gosto</wf>
         <wf lemma="podrastjo" pos="X">podrastjo</wf>
         <wf lemma="." pos="X">.</wf>
      </sentence>
      <sentence id="d000.s262" source="wordnet-slovenian">
         <wf lemma="To" pos="X">To</wf>
         <wf lemma="mu" pos="X">mu</wf>
         <wf lemma="je" pos="X">je</wf>
         <wf lemma="v" pos="X">v</wf>
         <wf lemma="nadaljevanju" pos="X">nadaljevanju</wf>
         <wf lemma="v" pos="X">v</wf>
         <wf lemma="podporo" pos="X">podporo</wf>
         <wf lemma="pri" pos="X">pri</wf>
         <wf lemma="izboljševanju" pos="X">izboljševanju</wf>
         <wf lemma="kakovosti" pos="X">kakovosti</wf>
         <wf lemma="njegovega" pos="X">njegovega</wf>
         <instance id="d000.s262.t000" lemma="delo" pos="NOUN">dela</instance>
         <wf lemma="." pos="X">.</wf>
      </sentence>
      <sentence id="d000.s263" source="wordnet-slovenian">
         <wf lemma="*" pos="X">*</wf>
         <wf lemma="Pazite" pos="X">Pazite</wf>
         <wf lemma="," pos="X">,</wf>
         <wf lemma="da" pos="X">da</wf>
         <wf lemma="boste" pos="X">boste</wf>
         <wf lemma="imeli" pos="X">imeli</wf>
         <wf lemma="med" pos="X">med</wf>
         <wf lemma="zdravljenjem" pos="X">zdravljenjem</wf>
         <wf lemma="in" pos="X">in</wf>
         <wf lemma="še" pos="X">še</wf>
         <wf lemma="nekaj" pos="X">nekaj</wf>
         <instance id="d000.s263.t000" lemma="teden" pos="NOUN">tednov</instance>
         <wf lemma="po" pos="X">po</wf>
         <wf lemma="njem" pos="X">njem</wf>
         <wf lemma="ušesa" pos="X">ušesa</wf>
         <wf lemma="vedno" pos="X">vedno</wf>
         <wf lemma="suha" pos="X">suha</wf>
         <wf lemma="." pos="X">.</wf>
      </sentence>
      <sentence id="d000.s264" source="wordnet-slovenian">
         <wf lemma="Seznanitev" pos="X">Seznanitev</wf>
         <wf lemma="s" pos="X">s</wf>
         <wf lemma="pravili" pos="X">pravili</wf>
         <wf lemma="v" pos="X">v</wf>
         <wf lemma="zvezi" pos="X">zvezi</wf>
         <wf lemma="s" pos="X">s</wf>
         <wf lemma="sprejemanjem" pos="X">sprejemanjem</wf>
         <wf lemma="daril" pos="X">daril</wf>
         <wf lemma="naj" pos="X">naj</wf>
         <wf lemma="bi" pos="X">bi</wf>
         <wf lemma="stranke" pos="X">stranke</wf>
         <wf lemma="odvrnila" pos="X">odvrnila</wf>
         <wf lemma="od" pos="X">od</wf>
         <wf lemma="poskusov" pos="X">poskusov</wf>
         <wf lemma="nedovoljenega" pos="X">nedovoljenega</wf>
         <wf lemma="»" pos="X">»</wf>
         <wf lemma="obdarovanja" pos="X">obdarovanja</wf>
         <wf lemma="«" pos="X">«</wf>
         <wf lemma="javnih" pos="X">javnih</wf>
         <wf lemma="uslužbencev" pos="X">uslužbencev</wf>
         <wf lemma="," pos="X">,</wf>
         <wf lemma="hkrati" pos="X">hkrati</wf>
         <wf lemma="pa" pos="X">pa</wf>
         <wf lemma="krepila" pos="X">krepila</wf>
         <wf lemma="zaupanje" pos="X">zaupanje</wf>
         <wf lemma="strank" pos="X">strank</wf>
         <wf lemma="v" pos="X">v</wf>
         <instance id="d000.s264.t000" lemma="delo" pos="NOUN">delo</instance>
         <wf lemma="uprave" pos="X">uprave</wf>
         <wf lemma="." pos="X">.</wf>
      </sentence>
      <sentence id="d000.s265" source="wordnet-slovenian">
         <wf lemma="Zato" pos="X">Zato</wf>
         <wf lemma="pa" pos="X">pa</wf>
         <wf lemma="držimo" pos="X">držimo</wf>
         <wf lemma="pesti" pos="X">pesti</wf>
         <wf lemma="," pos="X">,</wf>
         <wf lemma="da" pos="X">da</wf>
         <wf lemma="bodo" pos="X">bodo</wf>
         <wf lemma="čimprej" pos="X">čimprej</wf>
         <wf lemma="," pos="X">,</wf>
         <wf lemma="če" pos="X">če</wf>
         <wf lemma="sploh" pos="X">sploh</wf>
         <wf lemma="kdaj" pos="X">kdaj</wf>
         <wf lemma="," pos="X">,</wf>
         <wf lemma="luč" pos="X">luč</wf>
         <instance id="d000.s265.t000" lemma="svet" pos="NOUN">sveta</instance>
         <wf lemma="ugledali" pos="X">ugledali</wf>
         <wf lemma="»" pos="X">»</wf>
         <wf lemma="evropski" pos="X">evropski</wf>
         <wf lemma="«" pos="X">«</wf>
         <wf lemma="pametniki" pos="X">pametniki</wf>
         <wf lemma="-" pos="X">-</wf>
         <wf lemma="takšni" pos="X">takšni</wf>
         <wf lemma="," pos="X">,</wf>
         <wf lemma="ki" pos="X">ki</wf>
         <wf lemma="poznajo" pos="X">poznajo</wf>
         <wf lemma="Microsoftov" pos="X">Microsoftov</wf>
         <wf lemma="pocketPC" pos="X">pocketPC</wf>
         <wf lemma="," pos="X">,</wf>
         <wf lemma="ali" pos="X">ali</wf>
         <wf lemma="tisti" pos="X">tisti</wf>
         <wf lemma="drugi" pos="X">drugi</wf>
         <wf lemma="iz" pos="X">iz</wf>
         <wf lemma="tabora" pos="X">tabora</wf>
         <wf lemma="," pos="X">,</wf>
         <wf lemma="ki" pos="X">ki</wf>
         <wf lemma="podpira" pos="X">podpira</wf>
         <wf lemma="operacijski" pos="X">operacijski</wf>
         <wf lemma="sistem" pos="X">sistem</wf>
         <wf lemma="symbian" pos="X">symbian</wf>
         <wf lemma="." pos="X">.</wf>
      </sentence>
      <sentence id="d000.s266" source="wordnet-slovenian">
         <wf lemma="Več" pos="X">Več</wf>
         <wf lemma="kot" pos="X">kot</wf>
         <wf lemma="3000" pos="X">3000</wf>
         <wf lemma="potepuških" pos="X">potepuških</wf>
         <wf lemma="psov" pos="X">psov</wf>
         <wf lemma="je" pos="X">je</wf>
         <wf lemma="v" pos="X">v</wf>
         <wf lemma="dveh" pos="X">dveh</wf>
         <instance id="d000.s266.t000" lemma="teden" pos="NOUN">tednih</instance>
         <wf lemma="dobesedno" pos="X">dobesedno</wf>
         <wf lemma="izginilo" pos="X">izginilo</wf>
         <wf lemma="z" pos="X">z</wf>
         <wf lemma="atenskih" pos="X">atenskih</wf>
         <wf lemma="ulic" pos="X">ulic</wf>
         <wf lemma="." pos="X">.</wf>
      </sentence>
      <sentence id="d000.s267" source="wordnet-slovenian">
         <wf lemma="Z" pos="X">Z</wf>
         <wf lemma="vesoljskimi" pos="X">vesoljskimi</wf>
         <wf lemma="plovili" pos="X">plovili</wf>
         <wf lemma="je" pos="X">je</wf>
         <wf lemma="tako" pos="X">tako</wf>
         <wf lemma="kot" pos="X">kot</wf>
         <wf lemma="z" pos="X">z</wf>
         <instance id="d000.s267.t000" lemma="življenje" pos="NOUN">življenjem</instance>
         <wf lemma=":" pos="X">:</wf>
         <wf lemma="največ" pos="X">največ</wf>
         <wf lemma="stroškov" pos="X">stroškov</wf>
         <wf lemma="," pos="X">,</wf>
         <wf lemma="truda" pos="X">truda</wf>
         <wf lemma="in" pos="X">in</wf>
         <wf lemma="miselnega" pos="X">miselnega</wf>
         <wf lemma="napora" pos="X">napora</wf>
         <wf lemma="je" pos="X">je</wf>
         <wf lemma="potrebno" pos="X">potrebno</wf>
         <wf lemma="vložiti" pos="X">vložiti</wf>
         <wf lemma="vanje" pos="X">vanje</wf>
         <wf lemma="," pos="X">,</wf>
         <wf lemma="še" pos="X">še</wf>
         <wf lemma="preden" pos="X">preden</wf>
         <wf lemma="lahko" pos="X">lahko</wf>
         <wf lemma="sploh" pos="X">sploh</wf>
         <wf lemma="slutimo" pos="X">slutimo</wf>
         <wf lemma="rezultate" pos="X">rezultate</wf>
         <wf lemma="." pos="X">.</wf>
      </sentence>
      <sentence id="d000.s268" source="wordnet-slovenian">
         <wf lemma="Potok" pos="X">Potok</wf>
         <wf lemma="Bistrico" pos="X">Bistrico</wf>
         <wf lemma="je" pos="X">je</wf>
         <wf lemma="potrebno" pos="X">potrebno</wf>
         <wf lemma="ohraniti" pos="X">ohraniti</wf>
         <wf lemma="prihodnim" pos="X">prihodnim</wf>
         <wf lemma="rodovom" pos="X">rodovom</wf>
         <wf lemma="za" pos="X">za</wf>
         <instance id="d000.s268.t000" lemma="življenje" pos="NOUN">življenje</instance>
         <wf lemma="zaščitenega" pos="X">zaščitenega</wf>
         <wf lemma="raka" pos="X">raka</wf>
         <wf lemma="jelševca" pos="X">jelševca</wf>
         <wf lemma="," pos="X">,</wf>
         <wf lemma="postrvi" pos="X">postrvi</wf>
         <wf lemma="in" pos="X">in</wf>
         <wf lemma="drugih" pos="X">drugih</wf>
         <wf lemma="vodnih" pos="X">vodnih</wf>
         <wf lemma="živali" pos="X">živali</wf>
         <wf lemma="." pos="X">.</wf>
      </sentence>
      <sentence id="d000.s269" source="wordnet-slovenian">
         <wf lemma="ZJU" pos="X">ZJU</wf>
         <wf lemma="DOLOČA" pos="X">DOLOČA</wf>
         <wf lemma="ŠTIRI" pos="X">ŠTIRI</wf>
         <wf lemma="OCENE" pos="X">OCENE</wf>
         <wf lemma="," pos="X">,</wf>
         <wf lemma="IN" pos="X">IN</wf>
         <wf lemma="SICER" pos="X">SICER</wf>
         <wf lemma=":" pos="X">:</wf>
         <wf lemma="DA" pos="X">DA</wf>
         <instance id="d000.s269.t000" lemma="delo" pos="NOUN">DELO</instance>
         <wf lemma="OPRAVLJA" pos="X">OPRAVLJA</wf>
         <wf lemma="ODLIČNO" pos="X">ODLIČNO</wf>
         <wf lemma="," pos="X">,</wf>
         <wf lemma="DELO" pos="X">DELO</wf>
         <wf lemma="OPRAVLJA" pos="X">OPRAVLJA</wf>
         <wf lemma="DOBRO" pos="X">DOBRO</wf>
         <wf lemma="," pos="X">,</wf>
         <wf lemma="DELO" pos="X">DELO</wf>
         <wf lemma="OPRAVLJA" pos="X">OPRAVLJA</wf>
         <wf lemma="ZADOVOLJIVO" pos="X">ZADOVOLJIVO</wf>
         <wf lemma="IN" pos="X">IN</wf>
         <wf lemma="DELO" pos="X">DELO</wf>
         <wf lemma="OPRAVLJA" pos="X">OPRAVLJA</wf>
         <wf lemma="NEZADOVOLJIVO" pos="X">NEZADOVOLJIVO</wf>
         <wf lemma="(" pos="X">(</wf>
         <wf lemma="113" pos="X">113</wf>
         <wf lemma="." pos="X">.</wf>
      </sentence>
      <sentence id="d000.s270" source="wordnet-slovenian">
         <wf lemma="Razlogi" pos="X">Razlogi</wf>
         <wf lemma="so" pos="X">so</wf>
         <wf lemma="jasni" pos="X">jasni</wf>
         <wf lemma="," pos="X">,</wf>
         <wf lemma="saj" pos="X">saj</wf>
         <wf lemma="bi" pos="X">bi</wf>
         <wf lemma="bili" pos="X">bili</wf>
         <wf lemma="z" pos="X">z</wf>
         <wf lemma="razcvetom" pos="X">razcvetom</wf>
         <wf lemma="napovedanih" pos="X">napovedanih</wf>
         <wf lemma="prodajnih" pos="X">prodajnih</wf>
         <wf lemma="centrov" pos="X">centrov</wf>
         <wf lemma="ob" pos="X">ob</wf>
         <instance id="d000.s270.t000" lemma="del" pos="NOUN">del</instance>
         <wf lemma="dohodka" pos="X">dohodka</wf>
         <wf lemma="," pos="X">,</wf>
         <wf lemma="ki" pos="X">ki</wf>
         <wf lemma="se" pos="X">se</wf>
         <wf lemma="zliva" pos="X">zliva</wf>
         <wf lemma="v" pos="X">v</wf>
         <wf lemma="njihovo" pos="X">njihovo</wf>
         <wf lemma="malho" pos="X">malho</wf>
         <wf lemma="s" pos="X">s</wf>
         <wf lemma="prodajo" pos="X">prodajo</wf>
         <wf lemma="melodij" pos="X">melodij</wf>
         <wf lemma="zvonjenja" pos="X">zvonjenja</wf>
         <wf lemma="in" pos="X">in</wf>
         <wf lemma="tudi" pos="X">tudi</wf>
         <wf lemma="že" pos="X">že</wf>
         <wf lemma="samih" pos="X">samih</wf>
         <wf lemma="pesmi" pos="X">pesmi</wf>
         <wf lemma="različnih" pos="X">različnih</wf>
         <wf lemma="izvajalcev" pos="X">izvajalcev</wf>
         <wf lemma="." pos="X">.</wf>
      </sentence>
      <sentence id="d000.s271" source="wordnet-slovenian">
         <wf lemma="Njegova" pos="X">Njegova</wf>
         <wf lemma="vdova" pos="X">vdova</wf>
         <wf lemma="je" pos="X">je</wf>
         <wf lemma="potrebovala" pos="X">potrebovala</wf>
         <wf lemma="nekaj" pos="X">nekaj</wf>
         <instance id="d000.s271.t000" lemma="leto" pos="NOUN">let</instance>
         <wf lemma="," pos="X">,</wf>
         <wf lemma="da" pos="X">da</wf>
         <wf lemma="je" pos="X">je</wf>
         <wf lemma="poravnala" pos="X">poravnala</wf>
         <wf lemma="vse" pos="X">vse</wf>
         <wf lemma="Balzacove" pos="X">Balzacove</wf>
         <wf lemma="dolgove" pos="X">dolgove</wf>
         <wf lemma="." pos="X">.</wf>
      </sentence>
      <sentence id="d000.s272" source="wordnet-slovenian">
         <wf lemma="Vprašanje" pos="X">Vprašanje</wf>
         <wf lemma="," pos="X">,</wf>
         <wf lemma="na" pos="X">na</wf>
         <wf lemma="katero" pos="X">katero</wf>
         <wf lemma="ste" pos="X">ste</wf>
         <wf lemma="že" pos="X">že</wf>
         <wf lemma="večkrat" pos="X">večkrat</wf>
         <wf lemma="v" pos="X">v</wf>
         <wf lemma="zadnjih" pos="X">zadnjih</wf>
         <instance id="d000.s272.t000" lemma="dan" pos="NOUN">dneh</instance>
         <wf lemma="odgovorili" pos="X">odgovorili</wf>
         <wf lemma="." pos="X">.</wf>
      </sentence>
      <sentence id="d000.s273" source="wordnet-slovenian">
         <wf lemma="Nekateri" pos="X">Nekateri</wf>
         <wf lemma="bogati" pos="X">bogati</wf>
         <wf lemma="kmetavzarji" pos="X">kmetavzarji</wf>
         <wf lemma="so" pos="X">so</wf>
         <wf lemma="namreč" pos="X">namreč</wf>
         <wf lemma="poboj" pos="X">poboj</wf>
         <wf lemma="svojih" pos="X">svojih</wf>
         <wf lemma="živali" pos="X">živali</wf>
         <wf lemma="vzeli" pos="X">vzeli</wf>
         <wf lemma="za" pos="X">za</wf>
         <wf lemma="najbolj" pos="X">najbolj</wf>
         <wf lemma="zabavno" pos="X">zabavno</wf>
         <wf lemma="igro" pos="X">igro</wf>
         <wf lemma="na" pos="X">na</wf>
         <instance id="d000.s273.t000" lemma="svet" pos="NOUN">svetu</instance>
         <wf lemma="in" pos="X">in</wf>
         <wf lemma="svoje" pos="X">svoje</wf>
         <wf lemma="ovčke" pos="X">ovčke</wf>
         <wf lemma="," pos="X">,</wf>
         <wf lemma="po" pos="X">po</wf>
         <wf lemma="ukazu" pos="X">ukazu</wf>
         <wf lemma="veterinarjev" pos="X">veterinarjev</wf>
         <wf lemma="," pos="X">,</wf>
         <wf lemma="streljali" pos="X">streljali</wf>
         <wf lemma="z" pos="X">z</wf>
         <wf lemma="vsem" pos="X">vsem</wf>
         <wf lemma="mogočim" pos="X">mogočim</wf>
         <wf lemma="orožjem" pos="X">orožjem</wf>
         <wf lemma="," pos="X">,</wf>
         <wf lemma="na" pos="X">na</wf>
         <wf lemma="vse" pos="X">vse</wf>
         <wf lemma="mogoče" pos="X">mogoče</wf>
         <wf lemma="načine" pos="X">načine</wf>
         <wf lemma="." pos="X">.</wf>
      </sentence>
      <sentence id="d000.s274" source="wordnet-slovenian">
         <wf lemma="Tudi" pos="X">Tudi</wf>
         <wf lemma="sicer" pos="X">sicer</wf>
         <wf lemma="je" pos="X">je</wf>
         <wf lemma="moč" pos="X">moč</wf>
         <wf lemma="zlahka" pos="X">zlahka</wf>
         <wf lemma="ugotoviti" pos="X">ugotoviti</wf>
         <wf lemma="," pos="X">,</wf>
         <wf lemma="da" pos="X">da</wf>
         <wf lemma="je" pos="X">je</wf>
         <wf lemma="v" pos="X">v</wf>
         <wf lemma="Sredozemlju" pos="X">Sredozemlju</wf>
         <wf lemma="na" pos="X">na</wf>
         <wf lemma="sploh" pos="X">sploh</wf>
         <wf lemma="z" pos="X">z</wf>
         <wf lemma="vsakim" pos="X">vsakim</wf>
         <instance id="d000.s274.t000" lemma="dan" pos="NOUN">dnem</instance>
         <wf lemma="manj" pos="X">manj</wf>
         <wf lemma="primernih" pos="X">primernih</wf>
         <wf lemma="peščenih" pos="X">peščenih</wf>
         <wf lemma="plaž" pos="X">plaž</wf>
         <wf lemma="," pos="X">,</wf>
         <wf lemma="na" pos="X">na</wf>
         <wf lemma="katerih" pos="X">katerih</wf>
         <wf lemma="bi" pos="X">bi</wf>
         <wf lemma="morske" pos="X">morske</wf>
         <wf lemma="želve" pos="X">želve</wf>
         <wf lemma="lahko" pos="X">lahko</wf>
         <wf lemma="odlagale" pos="X">odlagale</wf>
         <wf lemma="svoja" pos="X">svoja</wf>
         <wf lemma="jajca" pos="X">jajca</wf>
         <wf lemma="." pos="X">.</wf>
      </sentence>
      <sentence id="d000.s275" source="wordnet-slovenian">
         <wf lemma="Mladina" pos="X">Mladina</wf>
         <wf lemma="se" pos="X">se</wf>
         <wf lemma="zdaj" pos="X">zdaj</wf>
         <wf lemma="trumoma" pos="X">trumoma</wf>
         <wf lemma="pojavlja" pos="X">pojavlja</wf>
         <wf lemma="na" pos="X">na</wf>
         <instance id="d000.s275.t000" lemma="vrata" pos="NOUN">vratih</instance>
         <wf lemma="mladega" pos="X">mladega</wf>
         <wf lemma="duhovnika" pos="X">duhovnika</wf>
         <wf lemma="," pos="X">,</wf>
         <wf lemma="še" pos="X">še</wf>
         <wf lemma="posebno" pos="X">posebno</wf>
         <wf lemma="odkar" pos="X">odkar</wf>
         <wf lemma="ve" pos="X">ve</wf>
         <wf lemma="," pos="X">,</wf>
         <wf lemma="da" pos="X">da</wf>
         <wf lemma="poleg" pos="X">poleg</wf>
         <wf lemma="težkih" pos="X">težkih</wf>
         <wf lemma="motorjev" pos="X">motorjev</wf>
         <wf lemma="strastno" pos="X">strastno</wf>
         <wf lemma="obožuje" pos="X">obožuje</wf>
         <wf lemma="tudi" pos="X">tudi</wf>
         <wf lemma="Metallico" pos="X">Metallico</wf>
         <wf lemma="." pos="X">.</wf>
      </sentence>
      <sentence id="d000.s276" source="wordnet-slovenian">
         <wf lemma="Slovenska" pos="X">Slovenska</wf>
         <wf lemma="razvojna" pos="X">razvojna</wf>
         <instance id="d000.s276.t000" lemma="družba" pos="NOUN">družba</instance>
         <wf lemma="(" pos="X">(</wf>
         <wf lemma="SRD" pos="X">SRD</wf>
         <wf lemma=")" pos="X">)</wf>
         <wf lemma="je" pos="X">je</wf>
         <wf lemma="včeraj" pos="X">včeraj</wf>
         <wf lemma="sprejela" pos="X">sprejela</wf>
         <wf lemma="enotno" pos="X">enotno</wf>
         <wf lemma="ponudbo" pos="X">ponudbo</wf>
         <wf lemma="pooblaščenih" pos="X">pooblaščenih</wf>
         <wf lemma="investicijskih" pos="X">investicijskih</wf>
         <wf lemma="družb" pos="X">družb</wf>
         <wf lemma="za" pos="X">za</wf>
         <wf lemma="nakup" pos="X">nakup</wf>
         <wf lemma="delnic" pos="X">delnic</wf>
         <wf lemma="," pos="X">,</wf>
         <wf lemma="tistih" pos="X">tistih</wf>
         <wf lemma="," pos="X">,</wf>
         <wf lemma="ki" pos="X">ki</wf>
         <wf lemma="še" pos="X">še</wf>
         <wf lemma="nimajo" pos="X">nimajo</wf>
         <wf lemma="porabljenih" pos="X">porabljenih</wf>
         <wf lemma="vseh" pos="X">vseh</wf>
         <wf lemma="lastniških" pos="X">lastniških</wf>
         <wf lemma="certifikatov" pos="X">certifikatov</wf>
         <wf lemma="." pos="X">.</wf>
      </sentence>
      <sentence id="d000.s277" source="wordnet-slovenian">
         <wf lemma="Zdajšnja" pos="X">Zdajšnja</wf>
         <wf lemma="davčna" pos="X">davčna</wf>
         <wf lemma="zakonodaja" pos="X">zakonodaja</wf>
         <wf lemma="je" pos="X">je</wf>
         <wf lemma="pravzaprav" pos="X">pravzaprav</wf>
         <wf lemma="absurdna" pos="X">absurdna</wf>
         <wf lemma="za" pos="X">za</wf>
         <wf lemma="situacijo" pos="X">situacijo</wf>
         <wf lemma="," pos="X">,</wf>
         <wf lemma="v" pos="X">v</wf>
         <wf lemma="kateri" pos="X">kateri</wf>
         <wf lemma="smo" pos="X">smo</wf>
         <wf lemma="," pos="X">,</wf>
         <wf lemma="in" pos="X">in</wf>
         <wf lemma="s" pos="X">s</wf>
         <wf lemma="temi" pos="X">temi</wf>
         <instance id="d000.s277.t000" lemma="stvar" pos="NOUN">stvarmi</instance>
         <wf lemma="se" pos="X">se</wf>
         <wf lemma="lahko" pos="X">lahko</wf>
         <wf lemma="vse" pos="X">vse</wf>
         <wf lemma="tisto" pos="X">tisto</wf>
         <wf lemma="pokrije" pos="X">pokrije</wf>
         <wf lemma="," pos="X">,</wf>
         <wf lemma="kar" pos="X">kar</wf>
         <wf lemma="bi" pos="X">bi</wf>
         <wf lemma="tam" pos="X">tam</wf>
         <wf lemma="izgubili" pos="X">izgubili</wf>
         <wf lemma="." pos="X">.</wf>
      </sentence>
      <sentence id="d000.s278" source="wordnet-slovenian">
         <wf lemma="Ali" pos="X">Ali</wf>
         <wf lemma="so" pos="X">so</wf>
         <wf lemma="vedeli" pos="X">vedeli</wf>
         <wf lemma="," pos="X">,</wf>
         <wf lemma="da" pos="X">da</wf>
         <wf lemma="se" pos="X">se</wf>
         <wf lemma="tako" pos="X">tako</wf>
         <wf lemma="delajo" pos="X">delajo</wf>
         <instance id="d000.s278.t000" lemma="otrok" pos="NOUN">otroci</instance>
         <wf lemma="?" pos="X">?</wf>
      </sentence>
      <sentence id="d000.s279" source="wordnet-slovenian">
         <wf lemma="V" pos="X">V</wf>
         <wf lemma="kolikor" pos="X">kolikor</wf>
         <wf lemma="so" pos="X">so</wf>
         <wf lemma="dogodki" pos="X">dogodki</wf>
         <wf lemma="opisani" pos="X">opisani</wf>
         <wf lemma="kronološko" pos="X">kronološko</wf>
         <wf lemma="in" pos="X">in</wf>
         <wf lemma="kar" pos="X">kar</wf>
         <wf lemma="se" pos="X">se</wf>
         <wf lemma="tiče" pos="X">tiče</wf>
         <wf lemma="imen" pos="X">imen</wf>
         <wf lemma="in" pos="X">in</wf>
         <wf lemma="naslovov" pos="X">naslovov</wf>
         <instance id="d000.s279.t000" lemma="igra" pos="NOUN">iger</instance>
         <wf lemma="ter" pos="X">ter</wf>
         <wf lemma="navajanje" pos="X">navajanje</wf>
         <wf lemma="raznih" pos="X">raznih</wf>
         <wf lemma="datumov" pos="X">datumov</wf>
         <wf lemma="je" pos="X">je</wf>
         <wf lemma="bilo" pos="X">bilo</wf>
         <wf lemma="to" pos="X">to</wf>
         <wf lemma="potrebno" pos="X">potrebno</wf>
         <wf lemma="zaradi" pos="X">zaradi</wf>
         <wf lemma="časovne" pos="X">časovne</wf>
         <wf lemma="orientacije" pos="X">orientacije</wf>
         <wf lemma="." pos="X">.</wf>
      </sentence>
      <sentence id="d000.s280" source="wordnet-slovenian">
         <wf lemma="Seveda" pos="X">Seveda</wf>
         <wf lemma="postane" pos="X">postane</wf>
         <wf lemma="plakatniška" pos="X">plakatniška</wf>
         <wf lemma="ošabnost" pos="X">ošabnost</wf>
         <wf lemma="bolj" pos="X">bolj</wf>
         <wf lemma="jasna" pos="X">jasna</wf>
         <wf lemma="s" pos="X">s</wf>
         <instance id="d000.s280.t000" lemma="podatek" pos="NOUN">podatkom</instance>
         <wf lemma="," pos="X">,</wf>
         <wf lemma="da" pos="X">da</wf>
         <wf lemma="naročnik" pos="X">naročnik</wf>
         <wf lemma="plakata" pos="X">plakata</wf>
         <wf lemma="," pos="X">,</wf>
         <wf lemma="hvalabogu" pos="X">hvalabogu</wf>
         <wf lemma="," pos="X">,</wf>
         <wf lemma="ni" pos="X">ni</wf>
         <wf lemma="kakšna" pos="X">kakšna</wf>
         <wf lemma="ženska" pos="X">ženska</wf>
         <wf lemma="organizacija" pos="X">organizacija</wf>
         <wf lemma="," pos="X">,</wf>
         <wf lemma="ampak" pos="X">ampak</wf>
         <wf lemma="kar" pos="X">kar</wf>
         <wf lemma="plakatniško" pos="X">plakatniško</wf>
         <wf lemma="podjetje" pos="X">podjetje</wf>
         <wf lemma="," pos="X">,</wf>
         <wf lemma="ki" pos="X">ki</wf>
         <wf lemma="v" pos="X">v</wf>
         <wf lemma="poletni" pos="X">poletni</wf>
         <wf lemma="suši" pos="X">suši</wf>
         <wf lemma="naročil" pos="X">naročil</wf>
         <wf lemma="pač" pos="X">pač</wf>
         <wf lemma="noče" pos="X">noče</wf>
         <wf lemma="puščati" pos="X">puščati</wf>
         <wf lemma="belih" pos="X">belih</wf>
         <wf lemma="lis" pos="X">lis</wf>
         <wf lemma="," pos="X">,</wf>
         <wf lemma="ampak" pos="X">ampak</wf>
         <wf lemma="si" pos="X">si</wf>
         <wf lemma="narediti" pos="X">narediti</wf>
         <wf lemma="nekaj" pos="X">nekaj</wf>
         <wf lemma="samopromocije" pos="X">samopromocije</wf>
         <wf lemma="." pos="X">.</wf>
      </sentence>
      <sentence id="d000.s281" source="wordnet-slovenian">
         <wf lemma="Za" pos="X">Za</wf>
         <wf lemma="že" pos="X">že</wf>
         <wf lemma="ustanovljene" pos="X">ustanovljene</wf>
         <wf lemma="avtošole" pos="X">avtošole</wf>
         <wf lemma="sicer" pos="X">sicer</wf>
         <wf lemma="še" pos="X">še</wf>
         <wf lemma="velja" pos="X">velja</wf>
         <wf lemma="dveletni" pos="X">dveletni</wf>
         <wf lemma="prehodni" pos="X">prehodni</wf>
         <wf lemma="rok" pos="X">rok</wf>
         <wf lemma="," pos="X">,</wf>
         <wf lemma="v" pos="X">v</wf>
         <wf lemma="katerem" pos="X">katerem</wf>
         <wf lemma="morajo" pos="X">morajo</wf>
         <wf lemma="uskladiti" pos="X">uskladiti</wf>
         <wf lemma="svoje" pos="X">svoje</wf>
         <wf lemma="delovanje" pos="X">delovanje</wf>
         <wf lemma="z" pos="X">z</wf>
         <wf lemma="novim" pos="X">novim</wf>
         <wf lemma="zakonom" pos="X">zakonom</wf>
         <wf lemma="," pos="X">,</wf>
         <wf lemma="za" pos="X">za</wf>
         <wf lemma="tiste" pos="X">tiste</wf>
         <wf lemma="," pos="X">,</wf>
         <wf lemma="ki" pos="X">ki</wf>
         <wf lemma="nastajajo" pos="X">nastajajo</wf>
         <wf lemma="v" pos="X">v</wf>
         <wf lemma="teh" pos="X">teh</wf>
         <instance id="d000.s281.t000" lemma="dan" pos="NOUN">dneh</instance>
         <wf lemma="," pos="X">,</wf>
         <wf lemma="pa" pos="X">pa</wf>
         <wf lemma="je" pos="X">je</wf>
         <wf lemma="novi" pos="X">novi</wf>
         <wf lemma="zakon" pos="X">zakon</wf>
         <wf lemma="že" pos="X">že</wf>
         <wf lemma="obvezujoč" pos="X">obvezujoč</wf>
         <wf lemma="." pos="X">.</wf>
      </sentence>
      <sentence id="d000.s282" source="wordnet-slovenian">
         <instance id="d000.s282.t000" lemma="delo" pos="NOUN">Delo</instance>
         <wf lemma="'mam" pos="X">'mam</wf>
         <wf lemma="," pos="X">,</wf>
         <wf lemma="&quot;" pos="X">&quot;</wf>
         <wf lemma="je" pos="X">je</wf>
         <wf lemma="rekla" pos="X">rekla</wf>
         <wf lemma="Pearl" pos="X">Pearl</wf>
         <wf lemma="." pos="X">.</wf>
      </sentence>
      <sentence id="d000.s283" source="wordnet-slovenian">
         <wf lemma="Vodilna" pos="X">Vodilna</wf>
         <wf lemma="slovenska" pos="X">slovenska</wf>
         <wf lemma="teniška" pos="X">teniška</wf>
         <wf lemma="igralka" pos="X">igralka</wf>
         <wf lemma="Katarina" pos="X">Katarina</wf>
         <wf lemma="Srebotnik" pos="X">Srebotnik</wf>
         <wf lemma="je" pos="X">je</wf>
         <wf lemma="dosegla" pos="X">dosegla</wf>
         <wf lemma="v" pos="X">v</wf>
         <wf lemma="vlogi" pos="X">vlogi</wf>
         <wf lemma="nosilke" pos="X">nosilke</wf>
         <wf lemma="druge" pos="X">druge</wf>
         <instance id="d000.s283.t000" lemma="skupina" pos="NOUN">skupine</instance>
         <wf lemma="pomembno" pos="X">pomembno</wf>
         <wf lemma="zmago" pos="X">zmago</wf>
         <wf lemma="v" pos="X">v</wf>
         <wf lemma="osmini" pos="X">osmini</wf>
         <wf lemma="finala" pos="X">finala</wf>
         <wf lemma="turnirja" pos="X">turnirja</wf>
         <wf lemma="Tippmix" pos="X">Tippmix</wf>
         <wf lemma="grand" pos="X">grand</wf>
         <wf lemma="prix" pos="X">prix</wf>
         <wf lemma="v" pos="X">v</wf>
         <wf lemma="Budimpešti" pos="X">Budimpešti</wf>
         <wf lemma="," pos="X">,</wf>
         <wf lemma="ko" pos="X">ko</wf>
         <wf lemma="je" pos="X">je</wf>
         <wf lemma="premagala" pos="X">premagala</wf>
         <wf lemma="rusko" pos="X">rusko</wf>
         <wf lemma="igralko" pos="X">igralko</wf>
         <wf lemma="Ekaterino" pos="X">Ekaterino</wf>
         <wf lemma="Bičkovo" pos="X">Bičkovo</wf>
         <wf lemma="po" pos="X">po</wf>
         <wf lemma="dramatičnem" pos="X">dramatičnem</wf>
         <wf lemma="maratonskem" pos="X">maratonskem</wf>
         <wf lemma="dvoboju" pos="X">dvoboju</wf>
         <wf lemma="z" pos="X">z</wf>
         <wf lemma="2:6" pos="X">2:6</wf>
         <wf lemma="," pos="X">,</wf>
         <wf lemma="7:6" pos="X">7:6</wf>
         <wf lemma="(" pos="X">(</wf>
         <wf lemma="13:11" pos="X">13:11</wf>
         <wf lemma=")" pos="X">)</wf>
         <wf lemma="," pos="X">,</wf>
         <wf lemma="6:3" pos="X">6:3</wf>
         <wf lemma="." pos="X">.</wf>
      </sentence>
      <sentence id="d000.s284" source="wordnet-slovenian">
         <wf lemma="Enak" pos="X">Enak</wf>
         <wf lemma="vzorec" pos="X">vzorec</wf>
         <wf lemma="za" pos="X">za</wf>
         <wf lemma="pridobivanje" pos="X">pridobivanje</wf>
         <wf lemma="posrednega" pos="X">posrednega</wf>
         <wf lemma="vpliva" pos="X">vpliva</wf>
         <wf lemma="na" pos="X">na</wf>
         <instance id="d000.s284.t000" lemma="politika" pos="NOUN">politiko</instance>
         <wf lemma="v" pos="X">v</wf>
         <wf lemma="bistvu" pos="X">bistvu</wf>
         <wf lemma="uporablja" pos="X">uporablja</wf>
         <wf lemma="tudi" pos="X">tudi</wf>
         <wf lemma="Drnovšek" pos="X">Drnovšek</wf>
         <wf lemma="." pos="X">.</wf>
      </sentence>
      <sentence id="d000.s285" source="wordnet-slovenian">
         <wf lemma="»" pos="X">»</wf>
         <wf lemma="Ker" pos="X">Ker</wf>
         <wf lemma="ni" pos="X">ni</wf>
         <wf lemma="več" pos="X">več</wf>
         <instance id="d000.s285.t000" lemma="denar" pos="NOUN">denarja</instance>
         <wf lemma="." pos="X">.</wf>
      </sentence>
      <sentence id="d000.s286" source="wordnet-slovenian">
         <wf lemma="Njeno" pos="X">Njeno</wf>
         <wf lemma="zgodbo" pos="X">zgodbo</wf>
         <wf lemma="mu" pos="X">mu</wf>
         <wf lemma="je" pos="X">je</wf>
         <wf lemma="povedala" pos="X">povedala</wf>
         <wf lemma="madame" pos="X">madame</wf>
         <wf lemma="Bertin" pos="X">Bertin</wf>
         <wf lemma="," pos="X">,</wf>
         <wf lemma="stara" pos="X">stara</wf>
         <wf lemma="čarovnica" pos="X">čarovnica</wf>
         <wf lemma="," pos="X">,</wf>
         <wf lemma="ki" pos="X">ki</wf>
         <wf lemma="je" pos="X">je</wf>
         <wf lemma="kljub" pos="X">kljub</wf>
         <instance id="d000.s286.t000" lemma="vojna" pos="NOUN">vojni</instance>
         <wf lemma="znala" pos="X">znala</wf>
         <wf lemma="čez" pos="X">čez</wf>
         <wf lemma="Kanal" pos="X">Kanal</wf>
         <wf lemma="pretihotapiti" pos="X">pretihotapiti</wf>
         <wf lemma="obleke" pos="X">obleke</wf>
         <wf lemma="po" pos="X">po</wf>
         <wf lemma="najnovejši" pos="X">najnovejši</wf>
         <wf lemma="modi" pos="X">modi</wf>
         <wf lemma="." pos="X">.</wf>
      </sentence>
      <sentence id="d000.s287" source="wordnet-slovenian">
         <wf lemma="Tudi" pos="X">Tudi</wf>
         <wf lemma="ta" pos="X">ta</wf>
         <wf lemma="njena" pos="X">njena</wf>
         <wf lemma="polurna" pos="X">polurna</wf>
         <instance id="d000.s287.t000" lemma="pot" pos="NOUN">pot</instance>
         <wf lemma="je" pos="X">je</wf>
         <wf lemma="bila" pos="X">bila</wf>
         <wf lemma="splet" pos="X">splet</wf>
         <wf lemma="recitacij" pos="X">recitacij</wf>
         <wf lemma=";" pos="X">;</wf>
         <wf lemma="drugega" pos="X">drugega</wf>
         <wf lemma="ji" pos="X">ji</wf>
         <wf lemma="tudi" pos="X">tudi</wf>
         <wf lemma="ni" pos="X">ni</wf>
         <wf lemma="preostalo" pos="X">preostalo</wf>
         <wf lemma="," pos="X">,</wf>
         <wf lemma="ko" pos="X">ko</wf>
         <wf lemma="pa" pos="X">pa</wf>
         <wf lemma="je" pos="X">je</wf>
         <wf lemma="režiser" pos="X">režiser</wf>
         <wf lemma="Bojan" pos="X">Bojan</wf>
         <wf lemma="Labovič" pos="X">Labovič</wf>
         <wf lemma="hotel" pos="X">hotel</wf>
         <wf lemma="pokazati" pos="X">pokazati</wf>
         <wf lemma="čim" pos="X">čim</wf>
         <wf lemma="več" pos="X">več</wf>
         <wf lemma="v" pos="X">v</wf>
         <wf lemma="čim" pos="X">čim</wf>
         <wf lemma="krajšem" pos="X">krajšem</wf>
         <wf lemma="času" pos="X">času</wf>
         <wf lemma="." pos="X">.</wf>
      </sentence>
      <sentence id="d000.s288" source="wordnet-slovenian">
         <instance id="d000.s288.t000" lemma="hiša" pos="NOUN">Hiša</instance>
         <wf lemma="," pos="X">,</wf>
         <wf lemma="kjer" pos="X">kjer</wf>
         <wf lemma="nas" pos="X">nas</wf>
         <wf lemma="je" pos="X">je</wf>
         <wf lemma="imel" pos="X">imel</wf>
         <wf lemma="ujete" pos="X">ujete</wf>
         <wf lemma="," pos="X">,</wf>
         <wf lemma="je" pos="X">je</wf>
         <wf lemma="pred" pos="X">pred</wf>
         <wf lemma="mano" pos="X">mano</wf>
         <wf lemma="preprosto" pos="X">preprosto</wf>
         <wf lemma="izginila" pos="X">izginila</wf>
         <wf lemma="." pos="X">.</wf>
      </sentence>
      <sentence id="d000.s289" source="wordnet-slovenian">
         <wf lemma="Ob" pos="X">Ob</wf>
         <wf lemma="navedenih" pos="X">navedenih</wf>
         <instance id="d000.s289.t000" lemma="primer" pos="NOUN">primerih</instance>
         <wf lemma="rabe" pos="X">rabe</wf>
         <wf lemma="govorice" pos="X">govorice</wf>
         <wf lemma="naletimo" pos="X">naletimo</wf>
         <wf lemma="tudi" pos="X">tudi</wf>
         <wf lemma="na" pos="X">na</wf>
         <wf lemma="različne" pos="X">različne</wf>
         <wf lemma="kombinacije" pos="X">kombinacije</wf>
         <wf lemma="," pos="X">,</wf>
         <wf lemma="kot" pos="X">kot</wf>
         <wf lemma="so" pos="X">so</wf>
         <wf lemma=":" pos="X">:</wf>
         <wf lemma="“" pos="X">“</wf>
         <wf lemma="milostni" pos="X">milostni</wf>
         <wf lemma="”" pos="X">”</wf>
         <wf lemma="strel" pos="X">strel</wf>
         <wf lemma="," pos="X">,</wf>
         <wf lemma="strel" pos="X">strel</wf>
         <wf lemma="iz" pos="X">iz</wf>
         <wf lemma="“" pos="X">“</wf>
         <wf lemma="usmiljenja" pos="X">usmiljenja</wf>
         <wf lemma="”" pos="X">”</wf>
         <wf lemma="," pos="X">,</wf>
         <wf lemma="vendar" pos="X">vendar</wf>
         <wf lemma="bi" pos="X">bi</wf>
         <wf lemma="tudi" pos="X">tudi</wf>
         <wf lemma="analiza" pos="X">analiza</wf>
         <wf lemma="teh" pos="X">teh</wf>
         <wf lemma="zvez" pos="X">zvez</wf>
         <wf lemma="pokazala" pos="X">pokazala</wf>
         <wf lemma="podobne" pos="X">podobne</wf>
         <wf lemma="razultate" pos="X">razultate</wf>
         <wf lemma="." pos="X">.</wf>
      </sentence>
      <sentence id="d000.s290" source="wordnet-slovenian">
         <wf lemma="Na" pos="X">Na</wf>
         <wf lemma="to" pos="X">to</wf>
         <wf lemma="karto" pos="X">karto</wf>
         <wf lemma="bo" pos="X">bo</wf>
         <wf lemma="po" pos="X">po</wf>
         <wf lemma="vsej" pos="X">vsej</wf>
         <wf lemma="verjetnosti" pos="X">verjetnosti</wf>
         <wf lemma="zdaj" pos="X">zdaj</wf>
         <wf lemma="igral" pos="X">igral</wf>
         <wf lemma="Alejandro" pos="X">Alejandro</wf>
         <wf lemma="Toledo" pos="X">Toledo</wf>
         <wf lemma="," pos="X">,</wf>
         <wf lemma="nesojeni" pos="X">nesojeni</wf>
         <wf lemma="zmagovalec" pos="X">zmagovalec</wf>
         <wf lemma="letošnjih" pos="X">letošnjih</wf>
         <wf lemma="volitev" pos="X">volitev</wf>
         <wf lemma="," pos="X">,</wf>
         <wf lemma="le" pos="X">le</wf>
         <wf lemma="da" pos="X">da</wf>
         <wf lemma="bo" pos="X">bo</wf>
         <wf lemma="moral" pos="X">moral</wf>
         <wf lemma="ubrati" pos="X">ubrati</wf>
         <wf lemma="drugo" pos="X">drugo</wf>
         <instance id="d000.s290.t000" lemma="pot" pos="NOUN">pot</instance>
         <wf lemma="." pos="X">.</wf>
      </sentence>
      <sentence id="d000.s291" source="wordnet-slovenian">
         <wf lemma="Rupel" pos="X">Rupel</wf>
         <wf lemma="je" pos="X">je</wf>
         <wf lemma="tudi" pos="X">tudi</wf>
         <wf lemma="dejal" pos="X">dejal</wf>
         <wf lemma="," pos="X">,</wf>
         <wf lemma="da" pos="X">da</wf>
         <wf lemma="je" pos="X">je</wf>
         <wf lemma="v" pos="X">v</wf>
         <wf lemma="ZDA" pos="X">ZDA</wf>
         <wf lemma="," pos="X">,</wf>
         <wf lemma="zlasti" pos="X">zlasti</wf>
         <wf lemma="v" pos="X">v</wf>
         <wf lemma="zunanjem" pos="X">zunanjem</wf>
         <wf lemma="ministrstvu" pos="X">ministrstvu</wf>
         <wf lemma="," pos="X">,</wf>
         <wf lemma="vse" pos="X">vse</wf>
         <wf lemma="do" pos="X">do</wf>
         <instance id="d000.s291.t000" lemma="konec" pos="NOUN">konca</instance>
         <wf lemma="90." pos="X">90.</wf>
         <wf lemma="let" pos="X">let</wf>
         <wf lemma="živela" pos="X">živela</wf>
         <wf lemma="ideja" pos="X">ideja</wf>
         <wf lemma="o" pos="X">o</wf>
         <wf lemma="tem" pos="X">tem</wf>
         <wf lemma="," pos="X">,</wf>
         <wf lemma="kako" pos="X">kako</wf>
         <wf lemma="lepo" pos="X">lepo</wf>
         <wf lemma="bi" pos="X">bi</wf>
         <wf lemma="bilo" pos="X">bilo</wf>
         <wf lemma="," pos="X">,</wf>
         <wf lemma="če" pos="X">če</wf>
         <wf lemma="bi" pos="X">bi</wf>
         <wf lemma="Jugoslavija" pos="X">Jugoslavija</wf>
         <wf lemma="ostala" pos="X">ostala</wf>
         <wf lemma="skupaj" pos="X">skupaj</wf>
         <wf lemma="." pos="X">.</wf>
      </sentence>
      <sentence id="d000.s292" source="wordnet-slovenian">
         <wf lemma="*" pos="X">*</wf>
         <wf lemma="Vzemite" pos="X">Vzemite</wf>
         <wf lemma="sredstvo" pos="X">sredstvo</wf>
         <wf lemma="proti" pos="X">proti</wf>
         <wf lemma="bolečinam" pos="X">bolečinam</wf>
         <wf lemma="ali" pos="X">ali</wf>
         <wf lemma="na" pos="X">na</wf>
         <wf lemma="prizadeto" pos="X">prizadeto</wf>
         <instance id="d000.s292.t000" lemma="mesto" pos="NOUN">mesto</instance>
         <wf lemma="nanesite" pos="X">nanesite</wf>
         <wf lemma="pripravek" pos="X">pripravek</wf>
         <wf lemma="," pos="X">,</wf>
         <wf lemma="ki" pos="X">ki</wf>
         <wf lemma="vsebuje" pos="X">vsebuje</wf>
         <wf lemma="ibuprofen" pos="X">ibuprofen</wf>
         <wf lemma="(" pos="X">(</wf>
         <wf lemma="gl" pos="X">gl</wf>
         <wf lemma="." pos="X">.</wf>
      </sentence>
      <sentence id="d000.s293" source="wordnet-slovenian">
         <wf lemma="Veliki" pos="X">Veliki</wf>
         <wf lemma="Žuti" pos="X">Žuti</wf>
         <wf lemma="seveda" pos="X">seveda</wf>
         <wf lemma="ni" pos="X">ni</wf>
         <wf lemma="mogel" pos="X">mogel</wf>
         <wf lemma="sprejeti" pos="X">sprejeti</wf>
         <wf lemma="takšnih" pos="X">takšnih</wf>
         <instance id="d000.s293.t000" lemma="pogoj" pos="NOUN">pogojev</instance>
         <wf lemma="," pos="X">,</wf>
         <wf lemma="še" pos="X">še</wf>
         <wf lemma="sploh" pos="X">sploh</wf>
         <wf lemma="," pos="X">,</wf>
         <wf lemma="če" pos="X">če</wf>
         <wf lemma="vemo" pos="X">vemo</wf>
         <wf lemma="," pos="X">,</wf>
         <wf lemma="da" pos="X">da</wf>
         <wf lemma="naj" pos="X">naj</wf>
         <wf lemma="bi" pos="X">bi</wf>
         <wf lemma="mu" pos="X">mu</wf>
         <wf lemma="Schollmayer" pos="X">Schollmayer</wf>
         <wf lemma="v" pos="X">v</wf>
         <wf lemma="zadnjih" pos="X">zadnjih</wf>
         <wf lemma="dneh" pos="X">dneh</wf>
         <wf lemma="vseskozi" pos="X">vseskozi</wf>
         <wf lemma="zagotavljal" pos="X">zagotavljal</wf>
         <wf lemma="," pos="X">,</wf>
         <wf lemma="da" pos="X">da</wf>
         <wf lemma="ne" pos="X">ne</wf>
         <wf lemma="bo" pos="X">bo</wf>
         <wf lemma="nikakršnih" pos="X">nikakršnih</wf>
         <wf lemma="problemov" pos="X">problemov</wf>
         <wf lemma="glede" pos="X">glede</wf>
         <wf lemma="dogovora" pos="X">dogovora</wf>
         <wf lemma="," pos="X">,</wf>
         <wf lemma="saj" pos="X">saj</wf>
         <wf lemma="naj" pos="X">naj</wf>
         <wf lemma="bi" pos="X">bi</wf>
         <wf lemma="bili" pos="X">bili</wf>
         <wf lemma="cilji" pos="X">cilji</wf>
         <wf lemma="in" pos="X">in</wf>
         <wf lemma="načrti" pos="X">načrti</wf>
         <wf lemma="ter" pos="X">ter</wf>
         <wf lemma="s" pos="X">s</wf>
         <wf lemma="tem" pos="X">tem</wf>
         <wf lemma="tudi" pos="X">tudi</wf>
         <wf lemma="proračun" pos="X">proračun</wf>
         <wf lemma="kluba" pos="X">kluba</wf>
         <wf lemma="podobni" pos="X">podobni</wf>
         <wf lemma="kot" pos="X">kot</wf>
         <wf lemma="lani" pos="X">lani</wf>
         <wf lemma="." pos="X">.</wf>
      </sentence>
      <sentence id="d000.s294" source="wordnet-slovenian">
         <wf lemma="Toda" pos="X">Toda</wf>
         <wf lemma="celo" pos="X">celo</wf>
         <wf lemma="zdaj" pos="X">zdaj</wf>
         <wf lemma="," pos="X">,</wf>
         <wf lemma="ko" pos="X">ko</wf>
         <wf lemma="se" pos="X">se</wf>
         <wf lemma="je" pos="X">je</wf>
         <wf lemma="spomnil" pos="X">spomnil</wf>
         <wf lemma="na" pos="X">na</wf>
         <wf lemma="ta" pos="X">ta</wf>
         <wf lemma="sklep" pos="X">sklep</wf>
         <wf lemma="," pos="X">,</wf>
         <wf lemma="mu" pos="X">mu</wf>
         <wf lemma="je" pos="X">je</wf>
         <wf lemma="vztrajni" pos="X">vztrajni</wf>
         <wf lemma="glas" pos="X">glas</wf>
         <wf lemma="v" pos="X">v</wf>
         <instance id="d000.s294.t000" lemma="glava" pos="NOUN">glavi</instance>
         <wf lemma="zašepetal" pos="X">zašepetal</wf>
         <wf lemma="in" pos="X">in</wf>
         <wf lemma="ga" pos="X">ga</wf>
         <wf lemma="opomnil" pos="X">opomnil</wf>
         <wf lemma="," pos="X">,</wf>
         <wf lemma="da" pos="X">da</wf>
         <wf lemma="se" pos="X">se</wf>
         <wf lemma="je" pos="X">je</wf>
         <wf lemma="preselil" pos="X">preselil</wf>
         <wf lemma="v" pos="X">v</wf>
         <wf lemma="New" pos="X">New</wf>
         <wf lemma="York" pos="X">York</wf>
         <wf lemma="tudi" pos="X">tudi</wf>
         <wf lemma="zato" pos="X">zato</wf>
         <wf lemma="," pos="X">,</wf>
         <wf lemma="ker" pos="X">ker</wf>
         <wf lemma="je" pos="X">je</wf>
         <wf lemma="upal" pos="X">upal</wf>
         <wf lemma="," pos="X">,</wf>
         <wf lemma="da" pos="X">da</wf>
         <wf lemma="jo" pos="X">jo</wf>
         <wf lemma="bo" pos="X">bo</wf>
         <wf lemma="našel" pos="X">našel</wf>
         <wf lemma="." pos="X">.</wf>
      </sentence>
      <sentence id="d000.s295" source="wordnet-slovenian">
         <wf lemma="Vse" pos="X">Vse</wf>
         <wf lemma="to" pos="X">to</wf>
         <wf lemma="so" pos="X">so</wf>
         <wf lemma="izdolbli" pos="X">izdolbli</wf>
         <wf lemma="v" pos="X">v</wf>
         <wf lemma="strjen" pos="X">strjen</wf>
         <wf lemma="peščenec" pos="X">peščenec</wf>
         <wf lemma="ljudje" pos="X">ljudje</wf>
         <wf lemma="," pos="X">,</wf>
         <wf lemma="oboroženi" pos="X">oboroženi</wf>
         <wf lemma="le" pos="X">le</wf>
         <wf lemma="z" pos="X">z</wf>
         <wf lemma="dleti" pos="X">dleti</wf>
         <wf lemma="," pos="X">,</wf>
         <wf lemma="katerih" pos="X">katerih</wf>
         <wf lemma="sledovi" pos="X">sledovi</wf>
         <wf lemma="so" pos="X">so</wf>
         <wf lemma="tu" pos="X">tu</wf>
         <wf lemma="in" pos="X">in</wf>
         <wf lemma="tam" pos="X">tam</wf>
         <wf lemma="še" pos="X">še</wf>
         <wf lemma="zdaj" pos="X">zdaj</wf>
         <wf lemma="vidni" pos="X">vidni</wf>
         <wf lemma="na" pos="X">na</wf>
         <wf lemma="stenah" pos="X">stenah</wf>
         <wf lemma="," pos="X">,</wf>
         <wf lemma="in" pos="X">in</wf>
         <wf lemma="čvrsto" pos="X">čvrsto</wf>
         <wf lemma="odločnostjo" pos="X">odločnostjo</wf>
         <wf lemma="," pos="X">,</wf>
         <wf lemma="da" pos="X">da</wf>
         <wf lemma="dobro" pos="X">dobro</wf>
         <wf lemma="opravijo" pos="X">opravijo</wf>
         <wf lemma="svoje" pos="X">svoje</wf>
         <instance id="d000.s295.t000" lemma="delo" pos="NOUN">delo</instance>
         <wf lemma="." pos="X">.</wf>
      </sentence>
      <sentence id="d000.s296" source="wordnet-slovenian">
         <wf lemma="Ženska" pos="X">Ženska</wf>
         <wf lemma="je" pos="X">je</wf>
         <wf lemma="na" pos="X">na</wf>
         <wf lemma="vrhuncu" pos="X">vrhuncu</wf>
         <wf lemma="svoje" pos="X">svoje</wf>
         <wf lemma="plodnosti" pos="X">plodnosti</wf>
         <wf lemma="že" pos="X">že</wf>
         <wf lemma="pri" pos="X">pri</wf>
         <wf lemma="šestnajstih" pos="X">šestnajstih</wf>
         <instance id="d000.s296.t000" lemma="leto" pos="NOUN">letih</instance>
         <wf lemma="in" pos="X">in</wf>
         <wf lemma="tako" pos="X">tako</wf>
         <wf lemma="ostane" pos="X">ostane</wf>
         <wf lemma="vse" pos="X">vse</wf>
         <wf lemma="do" pos="X">do</wf>
         <wf lemma="tridesetega" pos="X">tridesetega</wf>
         <wf lemma="leta" pos="X">leta</wf>
         <wf lemma="." pos="X">.</wf>
      </sentence>
      <sentence id="d000.s297" source="wordnet-slovenian">
         <wf lemma="Ko" pos="X">Ko</wf>
         <wf lemma="pride" pos="X">pride</wf>
         <wf lemma="poletje" pos="X">poletje</wf>
         <wf lemma="," pos="X">,</wf>
         <wf lemma="so" pos="X">so</wf>
         <wf lemma="lososi" pos="X">lososi</wf>
         <wf lemma="v" pos="X">v</wf>
         <instance id="d000.s297.t000" lemma="večina" pos="NOUN">večini</instance>
         <wf lemma="vodotokov" pos="X">vodotokov</wf>
         <wf lemma="razporejeni" pos="X">razporejeni</wf>
         <wf lemma="po" pos="X">po</wf>
         <wf lemma="različnih" pos="X">različnih</wf>
         <wf lemma="predelih" pos="X">predelih</wf>
         <wf lemma=";" pos="X">;</wf>
         <wf lemma="v" pos="X">v</wf>
         <wf lemma="zgornjih" pos="X">zgornjih</wf>
         <wf lemma="in" pos="X">in</wf>
         <wf lemma="srednjih" pos="X">srednjih</wf>
         <wf lemma="odsekih" pos="X">odsekih</wf>
         <wf lemma="posameznih" pos="X">posameznih</wf>
         <wf lemma="rek" pos="X">rek</wf>
         <wf lemma="." pos="X">.</wf>
      </sentence>
      <sentence id="d000.s298" source="wordnet-slovenian">
         <wf lemma="Glede" pos="X">Glede</wf>
         <wf lemma="politike" pos="X">politike</wf>
         <wf lemma="," pos="X">,</wf>
         <wf lemma="njenih" pos="X">njenih</wf>
         <wf lemma="dejanj" pos="X">dejanj</wf>
         <wf lemma="in" pos="X">in</wf>
         <wf lemma="političnega" pos="X">političnega</wf>
         <instance id="d000.s298.t000" lemma="življenje" pos="NOUN">življenja</instance>
         <wf lemma="na" pos="X">na</wf>
         <wf lemma="Madžarskem" pos="X">Madžarskem</wf>
         <wf lemma="nasploh" pos="X">nasploh</wf>
         <wf lemma="so" pos="X">so</wf>
         <wf lemma="mnenja" pos="X">mnenja</wf>
         <wf lemma="prebivalcev" pos="X">prebivalcev</wf>
         <wf lemma="in" pos="X">in</wf>
         <wf lemma="analitikov" pos="X">analitikov</wf>
         <wf lemma="različna" pos="X">različna</wf>
         <wf lemma="," pos="X">,</wf>
         <wf lemma="včasih" pos="X">včasih</wf>
         <wf lemma="pa" pos="X">pa</wf>
         <wf lemma="tudi" pos="X">tudi</wf>
         <wf lemma="povsem" pos="X">povsem</wf>
         <wf lemma="nasprotna" pos="X">nasprotna</wf>
         <wf lemma="," pos="X">,</wf>
         <wf lemma="da" pos="X">da</wf>
         <wf lemma="o" pos="X">o</wf>
         <wf lemma="političnih" pos="X">političnih</wf>
         <wf lemma="nasprotnikih" pos="X">nasprotnikih</wf>
         <wf lemma="sploh" pos="X">sploh</wf>
         <wf lemma="ne" pos="X">ne</wf>
         <wf lemma="govorimo" pos="X">govorimo</wf>
         <wf lemma="." pos="X">.</wf>
      </sentence>
      <sentence id="d000.s299" source="wordnet-slovenian">
         <wf lemma="Vsem" pos="X">Vsem</wf>
         <wf lemma="štirim" pos="X">štirim</wf>
         <wf lemma="je" pos="X">je</wf>
         <wf lemma="med" pos="X">med</wf>
         <wf lemma="drugim" pos="X">drugim</wf>
         <wf lemma="ostalo" pos="X">ostalo</wf>
         <wf lemma="dobro" pos="X">dobro</wf>
         <wf lemma="v" pos="X">v</wf>
         <wf lemma="spominu" pos="X">spominu</wf>
         <wf lemma="dvodnevno" pos="X">dvodnevno</wf>
         <wf lemma="poletno" pos="X">poletno</wf>
         <wf lemma="gostovanje" pos="X">gostovanje</wf>
         <instance id="d000.s299.t000" lemma="leto" pos="NOUN">leta</instance>
         <wf lemma="1981" pos="X">1981</wf>
         <wf lemma="v" pos="X">v</wf>
         <wf lemma="Kopru" pos="X">Kopru</wf>
         <wf lemma="." pos="X">.</wf>
      </sentence>
      <sentence id="d000.s300" source="wordnet-slovenian">
         <wf lemma="Storilec" pos="X">Storilec</wf>
         <wf lemma="je" pos="X">je</wf>
         <wf lemma="neki" pos="X">neki</wf>
         <wf lemma="trinajstletni" pos="X">trinajstletni</wf>
         <wf lemma="lokalni" pos="X">lokalni</wf>
         <wf lemma="deček" pos="X">deček</wf>
         <wf lemma="," pos="X">,</wf>
         <wf lemma="žrtev" pos="X">žrtev</wf>
         <wf lemma="pa" pos="X">pa</wf>
         <wf lemma="ženska" pos="X">ženska</wf>
         <wf lemma="," pos="X">,</wf>
         <wf lemma="ki" pos="X">ki</wf>
         <wf lemma="je" pos="X">je</wf>
         <wf lemma="vstopila" pos="X">vstopila</wf>
         <wf lemma="v" pos="X">v</wf>
         <wf lemma="stoto" pos="X">stoto</wf>
         <instance id="d000.s300.t000" lemma="leto" pos="NOUN">leto</instance>
         <wf lemma="življenja" pos="X">življenja</wf>
         <wf lemma="." pos="X">.</wf>
      </sentence>
      <sentence id="d000.s301" source="wordnet-slovenian">
         <wf lemma="Mlačni" pos="X">Mlačni</wf>
         <wf lemma="poletni" pos="X">poletni</wf>
         <wf lemma="veter" pos="X">veter</wf>
         <wf lemma="se" pos="X">se</wf>
         <wf lemma="je" pos="X">je</wf>
         <wf lemma="podil" pos="X">podil</wf>
         <wf lemma="po" pos="X">po</wf>
         <instance id="d000.s301.t000" lemma="trg" pos="NOUN">trgu</instance>
         <wf lemma="in" pos="X">in</wf>
         <wf lemma="s" pos="X">s</wf>
         <wf lemma="seboj" pos="X">seboj</wf>
         <wf lemma="nosil" pos="X">nosil</wf>
         <wf lemma="mastni" pos="X">mastni</wf>
         <wf lemma="vonj" pos="X">vonj</wf>
         <wf lemma="hotdogov" pos="X">hotdogov</wf>
         <wf lemma="s" pos="X">s</wf>
         <wf lemma="sladkastim" pos="X">sladkastim</wf>
         <wf lemma="zenfom" pos="X">zenfom</wf>
         <wf lemma="." pos="X">.</wf>
      </sentence>
      <sentence id="d000.s302" source="wordnet-slovenian">
         <wf lemma="Teodora" pos="X">Teodora</wf>
         <wf lemma="se" pos="X">se</wf>
         <wf lemma="ni" pos="X">ni</wf>
         <wf lemma="ustavila" pos="X">ustavila</wf>
         <wf lemma="," pos="X">,</wf>
         <wf lemma="da" pos="X">da</wf>
         <wf lemma="bi" pos="X">bi</wf>
         <wf lemma="izsledila" pos="X">izsledila</wf>
         <wf lemma="znamenja" pos="X">znamenja</wf>
         <instance id="d000.s302.t000" lemma="življenje" pos="NOUN">življenja</instance>
         <wf lemma="." pos="X">.</wf>
      </sentence>
      <sentence id="d000.s303" source="wordnet-slovenian">
         <wf lemma="Občina" pos="X">Občina</wf>
         <wf lemma="sicer" pos="X">sicer</wf>
         <wf lemma="ima" pos="X">ima</wf>
         <wf lemma="projekt" pos="X">projekt</wf>
         <wf lemma="oživljanja" pos="X">oživljanja</wf>
         <wf lemma="starega" pos="X">starega</wf>
         <wf lemma="mestnega" pos="X">mestnega</wf>
         <wf lemma="jedra" pos="X">jedra</wf>
         <wf lemma="," pos="X">,</wf>
         <wf lemma="vendar" pos="X">vendar</wf>
         <wf lemma="je" pos="X">je</wf>
         <wf lemma="to" pos="X">to</wf>
         <wf lemma="po" pos="X">po</wf>
         <wf lemma="mojem" pos="X">mojem</wf>
         <instance id="d000.s303.t000" lemma="mnenje" pos="NOUN">mnenju</instance>
         <wf lemma="pesek" pos="X">pesek</wf>
         <wf lemma="v" pos="X">v</wf>
         <wf lemma="oči" pos="X">oči</wf>
         <wf lemma="." pos="X">.</wf>
      </sentence>
      <sentence id="d000.s304" source="wordnet-slovenian">
         <wf lemma="Zagrebški" pos="X">Zagrebški</wf>
         <wf lemma="Kraš" pos="X">Kraš</wf>
         <wf lemma="se" pos="X">se</wf>
         <wf lemma="poteguje" pos="X">poteguje</wf>
         <wf lemma="za" pos="X">za</wf>
         <wf lemma="280" pos="X">280</wf>
         <wf lemma="hektarov" pos="X">hektarov</wf>
         <wf lemma="zemljišč" pos="X">zemljišč</wf>
         <wf lemma="," pos="X">,</wf>
         <wf lemma="70" pos="X">70</wf>
         <wf lemma="zbiralnic" pos="X">zbiralnic</wf>
         <wf lemma="mleka" pos="X">mleka</wf>
         <wf lemma="," pos="X">,</wf>
         <wf lemma="mlekarno" pos="X">mlekarno</wf>
         <wf lemma="v" pos="X">v</wf>
         <wf lemma="Kobaridu" pos="X">Kobaridu</wf>
         <wf lemma="," pos="X">,</wf>
         <wf lemma="farmo" pos="X">farmo</wf>
         <wf lemma="v" pos="X">v</wf>
         <wf lemma="Bovcu" pos="X">Bovcu</wf>
         <wf lemma="in" pos="X">in</wf>
         <wf lemma="še" pos="X">še</wf>
         <instance id="d000.s304.t000" lemma="vrsta" pos="NOUN">vrsto</instance>
         <wf lemma="drugih" pos="X">drugih</wf>
         <wf lemma="objektov" pos="X">objektov</wf>
         <wf lemma="." pos="X">.</wf>
      </sentence>
      <sentence id="d000.s305" source="wordnet-slovenian">
         <wf lemma="Po" pos="X">Po</wf>
         <wf lemma="anketah" pos="X">anketah</wf>
         <wf lemma="okoli" pos="X">okoli</wf>
         <wf lemma="20" pos="X">20</wf>
         <wf lemma="odstotkov" pos="X">odstotkov</wf>
         <wf lemma="od" pos="X">od</wf>
         <wf lemma="približno" pos="X">približno</wf>
         <wf lemma="700" pos="X">700</wf>
         <wf lemma="tisoč" pos="X">tisoč</wf>
         <wf lemma="slovenskih" pos="X">slovenskih</wf>
         <wf lemma="gospodinjstev" pos="X">gospodinjstev</wf>
         <wf lemma="izkazuje" pos="X">izkazuje</wf>
         <wf lemma="potrebe" pos="X">potrebe</wf>
         <wf lemma="po" pos="X">po</wf>
         <instance id="d000.s305.t000" lemma="sprememba" pos="NOUN">spremembi</instance>
         <wf lemma="stanovanja" pos="X">stanovanja</wf>
         <wf lemma="." pos="X">.</wf>
      </sentence>
      <sentence id="d000.s306" source="wordnet-slovenian">
         <wf lemma="Pridejo" pos="X">Pridejo</wf>
         <wf lemma="prijatelji" pos="X">prijatelji</wf>
         <wf lemma="(" pos="X">(</wf>
         <wf lemma="kasneje" pos="X">kasneje</wf>
         <wf lemma="so" pos="X">so</wf>
         <wf lemma="izginili" pos="X">izginili</wf>
         <wf lemma="iz" pos="X">iz</wf>
         <instance id="d000.s306.t000" lemma="življenje" pos="NOUN">življenja</instance>
         <wf lemma="naše" pos="X">naše</wf>
         <wf lemma="družine" pos="X">družine</wf>
         <wf lemma=")" pos="X">)</wf>
         <wf lemma="." pos="X">.</wf>
      </sentence>
      <sentence id="d000.s307" source="wordnet-slovenian">
         <wf lemma="Pritrdite" pos="X">Pritrdite</wf>
         <wf lemma="njenemu" pos="X">njenemu</wf>
         <instance id="d000.s307.t000" lemma="mnenje" pos="NOUN">mnenju</instance>
         <wf lemma="." pos="X">.</wf>
         <wf lemma="." pos="X">.</wf>
         <wf lemma="." pos="X">.</wf>
      </sentence>
      <sentence id="d000.s308" source="wordnet-slovenian">
         <wf lemma="Ker" pos="X">Ker</wf>
         <wf lemma="aerobiko" pos="X">aerobiko</wf>
         <wf lemma="poleg" pos="X">poleg</wf>
         <wf lemma="fitnes" pos="X">fitnes</wf>
         <wf lemma="centrov" pos="X">centrov</wf>
         <wf lemma="izvajajo" pos="X">izvajajo</wf>
         <wf lemma="tudi" pos="X">tudi</wf>
         <wf lemma="v" pos="X">v</wf>
         <wf lemma="mnogih" pos="X">mnogih</wf>
         <wf lemma="telovadnicah" pos="X">telovadnicah</wf>
         <wf lemma="in" pos="X">in</wf>
         <wf lemma="drugih" pos="X">drugih</wf>
         <wf lemma="dvoranah" pos="X">dvoranah</wf>
         <wf lemma="," pos="X">,</wf>
         <wf lemma="je" pos="X">je</wf>
         <wf lemma="treba" pos="X">treba</wf>
         <wf lemma="predvsem" pos="X">predvsem</wf>
         <wf lemma="pri" pos="X">pri</wf>
         <wf lemma="slednjih" pos="X">slednjih</wf>
         <wf lemma="zelo" pos="X">zelo</wf>
         <wf lemma="paziti" pos="X">paziti</wf>
         <wf lemma="na" pos="X">na</wf>
         <wf lemma="varnost" pos="X">varnost</wf>
         <wf lemma="in" pos="X">in</wf>
         <wf lemma="učinkovitost" pos="X">učinkovitost</wf>
         <instance id="d000.s308.t000" lemma="program" pos="NOUN">programa</instance>
         <wf lemma="." pos="X">.</wf>
      </sentence>
      <sentence id="d000.s309" source="wordnet-slovenian">
         <wf lemma="Gensko" pos="X">Gensko</wf>
         <wf lemma="spreminjanje" pos="X">spreminjanje</wf>
         <wf lemma="tako" pos="X">tako</wf>
         <wf lemma="rastlin" pos="X">rastlin</wf>
         <wf lemma="kot" pos="X">kot</wf>
         <wf lemma="živali" pos="X">živali</wf>
         <wf lemma="uporablja" pos="X">uporablja</wf>
         <instance id="d000.s309.t000" lemma="človek" pos="NOUN">človek</instance>
         <wf lemma="že" pos="X">že</wf>
         <wf lemma="tisočletja" pos="X">tisočletja</wf>
         <wf lemma="," pos="X">,</wf>
         <wf lemma="vse" pos="X">vse</wf>
         <wf lemma="odkar" pos="X">odkar</wf>
         <wf lemma="jih" pos="X">jih</wf>
         <wf lemma="je" pos="X">je</wf>
         <wf lemma="začel" pos="X">začel</wf>
         <wf lemma="udomačevati" pos="X">udomačevati</wf>
         <wf lemma="," pos="X">,</wf>
         <wf lemma="saj" pos="X">saj</wf>
         <wf lemma="vsako" pos="X">vsako</wf>
         <wf lemma="križanje" pos="X">križanje</wf>
         <wf lemma="in" pos="X">in</wf>
         <wf lemma="izboljšanje" pos="X">izboljšanje</wf>
         <wf lemma="lastnosti" pos="X">lastnosti</wf>
         <wf lemma="neke" pos="X">neke</wf>
         <wf lemma="živali" pos="X">živali</wf>
         <wf lemma="ali" pos="X">ali</wf>
         <wf lemma="rastline" pos="X">rastline</wf>
         <wf lemma="pomeni" pos="X">pomeni</wf>
         <wf lemma="spreminjanje" pos="X">spreminjanje</wf>
         <wf lemma="njenega" pos="X">njenega</wf>
         <wf lemma="genskega" pos="X">genskega</wf>
         <wf lemma="materiala" pos="X">materiala</wf>
         <wf lemma="." pos="X">.</wf>
      </sentence>
      <sentence id="d000.s310" source="wordnet-slovenian">
         <instance id="d000.s310.t000" lemma="knjiga" pos="NOUN">Knjige</instance>
         <wf lemma="so" pos="X">so</wf>
         <wf lemma="razstavljene" pos="X">razstavljene</wf>
         <wf lemma="v" pos="X">v</wf>
         <wf lemma="galeriji" pos="X">galeriji</wf>
         <wf lemma="Krke" pos="X">Krke</wf>
         <wf lemma="na" pos="X">na</wf>
         <wf lemma="Šmarješki" pos="X">Šmarješki</wf>
         <wf lemma="cesti" pos="X">cesti</wf>
         <wf lemma="6." pos="X">6.</wf>
      </sentence>
      <sentence id="d000.s311" source="wordnet-slovenian">
         <wf lemma="S" pos="X">S</wf>
         <wf lemma="čestitko" pos="X">čestitko</wf>
         <wf lemma="ob" pos="X">ob</wf>
         <wf lemma="rojstvu" pos="X">rojstvu</wf>
         <instance id="d000.s311.t000" lemma="otrok" pos="NOUN">otroka</instance>
         <wf lemma="in" pos="X">in</wf>
         <wf lemma="vpisom" pos="X">vpisom</wf>
         <wf lemma="simboličnega" pos="X">simboličnega</wf>
         <wf lemma="zneska" pos="X">zneska</wf>
         <wf lemma="v" pos="X">v</wf>
         <wf lemma="hranilno" pos="X">hranilno</wf>
         <wf lemma="knjižico" pos="X">knjižico</wf>
         <wf lemma="novorojenčka" pos="X">novorojenčka</wf>
         <wf lemma="povabi" pos="X">povabi</wf>
         <wf lemma="Dolenjska" pos="X">Dolenjska</wf>
         <wf lemma="banka" pos="X">banka</wf>
         <wf lemma="starše" pos="X">starše</wf>
         <wf lemma="," pos="X">,</wf>
         <wf lemma="naj" pos="X">naj</wf>
         <wf lemma="varčujejo" pos="X">varčujejo</wf>
         <wf lemma="za" pos="X">za</wf>
         <wf lemma="svojega" pos="X">svojega</wf>
         <wf lemma="otroka" pos="X">otroka</wf>
         <wf lemma="in" pos="X">in</wf>
         <wf lemma="ga" pos="X">ga</wf>
         <wf lemma="že" pos="X">že</wf>
         <wf lemma="v" pos="X">v</wf>
         <wf lemma="zgodnjem" pos="X">zgodnjem</wf>
         <wf lemma="otroštvu" pos="X">otroštvu</wf>
         <wf lemma="navajajo" pos="X">navajajo</wf>
         <wf lemma="na" pos="X">na</wf>
         <wf lemma="varčevanje" pos="X">varčevanje</wf>
         <wf lemma="." pos="X">.</wf>
      </sentence>
      <sentence id="d000.s312" source="wordnet-slovenian">
         <wf lemma="Razpisni" pos="X">Razpisni</wf>
         <instance id="d000.s312.t000" lemma="pogoj" pos="NOUN">pogoji</instance>
         <wf lemma="napisani" pos="X">napisani</wf>
         <wf lemma="na" pos="X">na</wf>
         <wf lemma="kožo" pos="X">kožo</wf>
         <wf lemma="dosedanjemu" pos="X">dosedanjemu</wf>
         <wf lemma="partnerju" pos="X">partnerju</wf>
         <wf lemma="TE" pos="X">TE</wf>
         <wf lemma="-" pos="X">-</wf>
         <wf lemma="TO" pos="X">TO</wf>
         <wf lemma="," pos="X">,</wf>
         <wf lemma="Impakti" pos="X">Impakti</wf>
         <wf lemma="." pos="X">.</wf>
      </sentence>
      <sentence id="d000.s313" source="wordnet-slovenian">
         <wf lemma="VODORAVNO" pos="X">VODORAVNO</wf>
         <wf lemma=":" pos="X">:</wf>
         <wf lemma="1" pos="X">1</wf>
         <wf lemma="globoka" pos="X">globoka</wf>
         <wf lemma="podolgovata" pos="X">podolgovata</wf>
         <wf lemma="vdolbina" pos="X">vdolbina</wf>
         <wf lemma="v" pos="X">v</wf>
         <wf lemma="apnenčastem" pos="X">apnenčastem</wf>
         <instance id="d000.s313.t000" lemma="svet" pos="NOUN">svetu</instance>
         <wf lemma="," pos="X">,</wf>
         <wf lemma="škraplja" pos="X">škraplja</wf>
         <wf lemma="," pos="X">,</wf>
         <wf lemma="7" pos="X">7</wf>
         <wf lemma="sunek" pos="X">sunek</wf>
         <wf lemma="," pos="X">,</wf>
         <wf lemma="s" pos="X">s</wf>
         <wf lemma="katerim" pos="X">katerim</wf>
         <wf lemma="se" pos="X">se</wf>
         <wf lemma="kaj" pos="X">kaj</wf>
         <wf lemma="spravi" pos="X">spravi</wf>
         <wf lemma="v" pos="X">v</wf>
         <wf lemma="premikanje" pos="X">premikanje</wf>
         <wf lemma="," pos="X">,</wf>
         <wf lemma="13" pos="X">13</wf>
         <wf lemma="vrsta" pos="X">vrsta</wf>
         <wf lemma="aminokislin" pos="X">aminokislin</wf>
         <wf lemma="," pos="X">,</wf>
         <wf lemma="14" pos="X">14</wf>
         <wf lemma="pastirska" pos="X">pastirska</wf>
         <wf lemma="igra" pos="X">igra</wf>
         <wf lemma="italijanskega" pos="X">italijanskega</wf>
         <wf lemma="pesnika" pos="X">pesnika</wf>
         <wf lemma="Torquata" pos="X">Torquata</wf>
         <wf lemma="Tassa" pos="X">Tassa</wf>
         <wf lemma="," pos="X">,</wf>
         <wf lemma="15" pos="X">15</wf>
         <wf lemma="stari" pos="X">stari</wf>
         <wf lemma="del" pos="X">del</wf>
         <wf lemma="Maribora" pos="X">Maribora</wf>
         <wf lemma="," pos="X">,</wf>
         <wf lemma="16" pos="X">16</wf>
         <wf lemma="bajtar" pos="X">bajtar</wf>
         <wf lemma="," pos="X">,</wf>
         <wf lemma="18" pos="X">18</wf>
         <wf lemma="oranje" pos="X">oranje</wf>
         <wf lemma="," pos="X">,</wf>
         <wf lemma="19" pos="X">19</wf>
         <wf lemma="indijska" pos="X">indijska</wf>
         <wf lemma="praksa" pos="X">praksa</wf>
         <wf lemma="duhovne" pos="X">duhovne</wf>
         <wf lemma="koncentracije" pos="X">koncentracije</wf>
         <wf lemma="," pos="X">,</wf>
         <wf lemma="20" pos="X">20</wf>
         <wf lemma="pripadnik" pos="X">pripadnik</wf>
         <wf lemma="Burov" pos="X">Burov</wf>
         <wf lemma="," pos="X">,</wf>
         <wf lemma="21" pos="X">21</wf>
         <wf lemma="krilo" pos="X">krilo</wf>
         <wf lemma="rimske" pos="X">rimske</wf>
         <wf lemma="konjenice" pos="X">konjenice</wf>
         <wf lemma="," pos="X">,</wf>
         <wf lemma="22" pos="X">22</wf>
         <wf lemma="mejna" pos="X">mejna</wf>
         <wf lemma="reka" pos="X">reka</wf>
         <wf lemma="med" pos="X">med</wf>
         <wf lemma="Slovaško" pos="X">Slovaško</wf>
         <wf lemma="in" pos="X">in</wf>
         <wf lemma="Madžarsko" pos="X">Madžarsko</wf>
         <wf lemma="," pos="X">,</wf>
         <wf lemma="23" pos="X">23</wf>
         <wf lemma="groza" pos="X">groza</wf>
         <wf lemma="," pos="X">,</wf>
         <wf lemma="strah" pos="X">strah</wf>
         <wf lemma="," pos="X">,</wf>
         <wf lemma="24" pos="X">24</wf>
         <wf lemma="tip" pos="X">tip</wf>
         <wf lemma="lahkega" pos="X">lahkega</wf>
         <wf lemma="mitraljeza" pos="X">mitraljeza</wf>
         <wf lemma="," pos="X">,</wf>
         <wf lemma="25" pos="X">25</wf>
         <wf lemma="varjeni" pos="X">varjeni</wf>
         <wf lemma="šiv" pos="X">šiv</wf>
         <wf lemma="," pos="X">,</wf>
         <wf lemma="26" pos="X">26</wf>
         <wf lemma="egiptovsko" pos="X">egiptovsko</wf>
         <wf lemma="krajevno" pos="X">krajevno</wf>
         <wf lemma="božanstvo" pos="X">božanstvo</wf>
         <wf lemma="Memfisa" pos="X">Memfisa</wf>
         <wf lemma="," pos="X">,</wf>
         <wf lemma="27" pos="X">27</wf>
         <wf lemma="ameriški" pos="X">ameriški</wf>
         <wf lemma="filmski" pos="X">filmski</wf>
         <wf lemma="režiser" pos="X">režiser</wf>
         <wf lemma="(" pos="X">(</wf>
         <wf lemma="Martin" pos="X">Martin</wf>
         <wf lemma=")" pos="X">)</wf>
         <wf lemma="," pos="X">,</wf>
         <wf lemma="28" pos="X">28</wf>
         <wf lemma="Olaf" pos="X">Olaf</wf>
         <wf lemma="Tufte" pos="X">Tufte</wf>
         <wf lemma="," pos="X">,</wf>
         <wf lemma="29" pos="X">29</wf>
         <wf lemma="kraljica" pos="X">kraljica</wf>
         <wf lemma="ilirskih" pos="X">ilirskih</wf>
         <wf lemma="Ardijejcev" pos="X">Ardijejcev</wf>
         <wf lemma="," pos="X">,</wf>
         <wf lemma="31" pos="X">31</wf>
         <wf lemma="ime" pos="X">ime</wf>
         <wf lemma="pesnika" pos="X">pesnika</wf>
         <wf lemma="Zajca" pos="X">Zajca</wf>
         <wf lemma="," pos="X">,</wf>
         <wf lemma="32" pos="X">32</wf>
         <wf lemma="notranji" pos="X">notranji</wf>
         <wf lemma="," pos="X">,</wf>
         <wf lemma="osrednji" pos="X">osrednji</wf>
         <wf lemma="del" pos="X">del</wf>
         <wf lemma="stebla" pos="X">stebla</wf>
         <wf lemma="," pos="X">,</wf>
         <wf lemma="34" pos="X">34</wf>
         <wf lemma="umetno" pos="X">umetno</wf>
         <wf lemma="modro" pos="X">modro</wf>
         <wf lemma="barvilo" pos="X">barvilo</wf>
         <wf lemma="," pos="X">,</wf>
         <wf lemma="36" pos="X">36</wf>
         <wf lemma="slovenski" pos="X">slovenski</wf>
         <wf lemma="pisatelj" pos="X">pisatelj</wf>
         <wf lemma="(" pos="X">(</wf>
         <wf lemma="Ivan" pos="X">Ivan</wf>
         <wf lemma="," pos="X">,</wf>
         <wf lemma="V" pos="X">V</wf>
         <wf lemma="Zali" pos="X">Zali</wf>
         <wf lemma=")" pos="X">)</wf>
         <wf lemma="," pos="X">,</wf>
         <wf lemma="37" pos="X">37</wf>
         <wf lemma="iglasto" pos="X">iglasto</wf>
         <wf lemma="drevo" pos="X">drevo</wf>
         <wf lemma="." pos="X">.</wf>
      </sentence>
      <sentence id="d000.s314" source="wordnet-slovenian">
         <wf lemma="Na" pos="X">Na</wf>
         <wf lemma="kopnem" pos="X">kopnem</wf>
         <wf lemma="se" pos="X">se</wf>
         <wf lemma="bitjeca" pos="X">bitjeca</wf>
         <wf lemma="posušijo" pos="X">posušijo</wf>
         <wf lemma="in" pos="X">in</wf>
         <wf lemma="umrejo" pos="X">umrejo</wf>
         <wf lemma="," pos="X">,</wf>
         <wf lemma="ostane" pos="X">ostane</wf>
         <wf lemma="samo" pos="X">samo</wf>
         <wf lemma="njihova" pos="X">njihova</wf>
         <instance id="d000.s314.t000" lemma="hiša" pos="NOUN">hiša</instance>
         <wf lemma="iz" pos="X">iz</wf>
         <wf lemma="kalcijevega" pos="X">kalcijevega</wf>
         <wf lemma="karbonata" pos="X">karbonata</wf>
         <wf lemma="in" pos="X">in</wf>
         <wf lemma="proteinov" pos="X">proteinov</wf>
         <wf lemma="," pos="X">,</wf>
         <wf lemma="to" pos="X">to</wf>
         <wf lemma="je" pos="X">je</wf>
         <wf lemma="nekaj" pos="X">nekaj</wf>
         <wf lemma="takega" pos="X">takega</wf>
         <wf lemma="kot" pos="X">kot</wf>
         <wf lemma="človeški" pos="X">človeški</wf>
         <wf lemma="noht" pos="X">noht</wf>
         <wf lemma="." pos="X">.</wf>
      </sentence>
      <sentence id="d000.s315" source="wordnet-slovenian">
         <wf lemma="Še" pos="X">Še</wf>
         <wf lemma="posebej" pos="X">posebej</wf>
         <wf lemma="," pos="X">,</wf>
         <wf lemma="ker" pos="X">ker</wf>
         <wf lemma="bo" pos="X">bo</wf>
         <wf lemma="koristila" pos="X">koristila</wf>
         <wf lemma="predvsem" pos="X">predvsem</wf>
         <wf lemma="delničarjem" pos="X">delničarjem</wf>
         <wf lemma="pidov" pos="X">pidov</wf>
         <wf lemma="in" pos="X">in</wf>
         <instance id="d000.s315.t000" lemma="država" pos="NOUN">državi</instance>
         <wf lemma="," pos="X">,</wf>
         <wf lemma="ne" pos="X">ne</wf>
         <wf lemma="pa" pos="X">pa</wf>
         <wf lemma="le" pos="X">le</wf>
         <wf lemma="upravljalkam" pos="X">upravljalkam</wf>
         <wf lemma="pidov" pos="X">pidov</wf>
         <wf lemma="." pos="X">.</wf>
      </sentence>
      <sentence id="d000.s316" source="wordnet-slovenian">
         <wf lemma="S" pos="X">S</wf>
         <wf lemma="svojim" pos="X">svojim</wf>
         <wf lemma="programom" pos="X">programom</wf>
         <wf lemma="je" pos="X">je</wf>
         <wf lemma="predvidel" pos="X">predvidel</wf>
         <wf lemma="poldrugo" pos="X">poldrugo</wf>
         <wf lemma="milijardo" pos="X">milijardo</wf>
         <wf lemma="dolarjev" pos="X">dolarjev</wf>
         <wf lemma="pomoči" pos="X">pomoči</wf>
         <wf lemma="," pos="X">,</wf>
         <wf lemma="ki" pos="X">ki</wf>
         <wf lemma="jo" pos="X">jo</wf>
         <wf lemma="Srbija" pos="X">Srbija</wf>
         <wf lemma="nujno" pos="X">nujno</wf>
         <wf lemma="potrebuje" pos="X">potrebuje</wf>
         <wf lemma="za" pos="X">za</wf>
         <wf lemma="korenite" pos="X">korenite</wf>
         <wf lemma="spremembe" pos="X">spremembe</wf>
         <wf lemma="v" pos="X">v</wf>
         <wf lemma="gospodarstvu" pos="X">gospodarstvu</wf>
         <wf lemma="in" pos="X">in</wf>
         <wf lemma="delovanju" pos="X">delovanju</wf>
         <instance id="d000.s316.t000" lemma="država" pos="NOUN">države</instance>
         <wf lemma="." pos="X">.</wf>
      </sentence>
      <sentence id="d000.s317" source="wordnet-slovenian">
         <wf lemma="Zato" pos="X">Zato</wf>
         <wf lemma="je" pos="X">je</wf>
         <wf lemma="morala" pos="X">morala</wf>
         <wf lemma="nasprotna" pos="X">nasprotna</wf>
         <wf lemma="udeleženka" pos="X">udeleženka</wf>
         <wf lemma="uskladiti" pos="X">uskladiti</wf>
         <wf lemma="izhodiščne" pos="X">izhodiščne</wf>
         <wf lemma="plače" pos="X">plače</wf>
         <wf lemma="za" pos="X">za</wf>
         <wf lemma="obdobje" pos="X">obdobje</wf>
         <wf lemma="," pos="X">,</wf>
         <wf lemma="ki" pos="X">ki</wf>
         <wf lemma="je" pos="X">je</wf>
         <wf lemma="bilo" pos="X">bilo</wf>
         <wf lemma="določeno" pos="X">določeno</wf>
         <wf lemma="v" pos="X">v</wf>
         <wf lemma="izreku" pos="X">izreku</wf>
         <wf lemma="sodbe" pos="X">sodbe</wf>
         <wf lemma="sodišča" pos="X">sodišča</wf>
         <wf lemma="prve" pos="X">prve</wf>
         <instance id="d000.s317.t000" lemma="stopnja" pos="NOUN">stopnje</instance>
         <wf lemma="." pos="X">.</wf>
      </sentence>
      <sentence id="d000.s318" source="wordnet-slovenian">
         <wf lemma="K" pos="X">K</wf>
         <wf lemma="rasti" pos="X">rasti</wf>
         <wf lemma="so" pos="X">so</wf>
         <wf lemma="veliko" pos="X">veliko</wf>
         <wf lemma="pripomogli" pos="X">pripomogli</wf>
         <wf lemma="julijski" pos="X">julijski</wf>
         <wf lemma="donosi" pos="X">donosi</wf>
         <wf lemma="-" pos="X">-</wf>
         <wf lemma="tako" pos="X">tako</wf>
         <wf lemma="je" pos="X">je</wf>
         <wf lemma="bil" pos="X">bil</wf>
         <wf lemma="v" pos="X">v</wf>
         <wf lemma="prejšnjem" pos="X">prejšnjem</wf>
         <instance id="d000.s318.t000" lemma="mesec" pos="NOUN">mesecu</instance>
         <wf lemma="donos" pos="X">donos</wf>
         <wf lemma="Alfe" pos="X">Alfe</wf>
         <wf lemma="7,40" pos="X">7,40</wf>
         <wf lemma="odstotka" pos="X">odstotka</wf>
         <wf lemma="," pos="X">,</wf>
         <wf lemma="sledita" pos="X">sledita</wf>
         <wf lemma="ji" pos="X">ji</wf>
         <wf lemma="sklada" pos="X">sklada</wf>
         <wf lemma="Dolenjski" pos="X">Dolenjski</wf>
         <wf lemma="(" pos="X">(</wf>
         <wf lemma="7,27" pos="X">7,27</wf>
         <wf lemma=")" pos="X">)</wf>
         <wf lemma="in" pos="X">in</wf>
         <wf lemma="Delniški" pos="X">Delniški</wf>
         <wf lemma="(" pos="X">(</wf>
         <wf lemma="6,52" pos="X">6,52</wf>
         <wf lemma=")" pos="X">)</wf>
         <wf lemma="-" pos="X">-</wf>
         <wf lemma="ter" pos="X">ter</wf>
         <wf lemma="dodatna" pos="X">dodatna</wf>
         <wf lemma="vplačila" pos="X">vplačila</wf>
         <wf lemma="," pos="X">,</wf>
         <wf lemma="tako" pos="X">tako</wf>
         <wf lemma="je" pos="X">je</wf>
         <wf lemma="samo" pos="X">samo</wf>
         <wf lemma="Probankin" pos="X">Probankin</wf>
         <wf lemma="sklad" pos="X">sklad</wf>
         <wf lemma="Alfa" pos="X">Alfa</wf>
         <wf lemma="povečal" pos="X">povečal</wf>
         <wf lemma="obseg" pos="X">obseg</wf>
         <wf lemma="sredstev" pos="X">sredstev</wf>
         <wf lemma="s" pos="X">s</wf>
         <wf lemma="708" pos="X">708</wf>
         <wf lemma="na" pos="X">na</wf>
         <wf lemma="796" pos="X">796</wf>
         <wf lemma="milijonov" pos="X">milijonov</wf>
         <wf lemma="tolarjev" pos="X">tolarjev</wf>
         <wf lemma="." pos="X">.</wf>
      </sentence>
      <sentence id="d000.s319" source="wordnet-slovenian">
         <wf lemma="Pričakovanja" pos="X">Pričakovanja</wf>
         <wf lemma="Šahovske" pos="X">Šahovske</wf>
         <instance id="d000.s319.t000" lemma="zveza" pos="NOUN">zveze</instance>
         <wf lemma="Slovenije" pos="X">Slovenije</wf>
         <wf lemma="so" pos="X">so</wf>
         <wf lemma="na" pos="X">na</wf>
         <wf lemma="načelni" pos="X">načelni</wf>
         <wf lemma="ravni" pos="X">ravni</wf>
         <wf lemma="zelo" pos="X">zelo</wf>
         <wf lemma="velika" pos="X">velika</wf>
         <wf lemma="," pos="X">,</wf>
         <wf lemma="vendar" pos="X">vendar</wf>
         <wf lemma="pa" pos="X">pa</wf>
         <wf lemma="mladi" pos="X">mladi</wf>
         <wf lemma="igralci" pos="X">igralci</wf>
         <wf lemma="od" pos="X">od</wf>
         <wf lemma="nje" pos="X">nje</wf>
         <wf lemma="nimamo" pos="X">nimamo</wf>
         <wf lemma="pravih" pos="X">pravih</wf>
         <wf lemma="spodbud" pos="X">spodbud</wf>
         <wf lemma="." pos="X">.</wf>
      </sentence>
      <sentence id="d000.s320" source="wordnet-slovenian">
         <wf lemma="V" pos="X">V</wf>
         <wf lemma="tej" pos="X">tej</wf>
         <wf lemma="rubriki" pos="X">rubriki</wf>
         <wf lemma="sem" pos="X">sem</wf>
         <wf lemma="prebral" pos="X">prebral</wf>
         <wf lemma="prispevek" pos="X">prispevek</wf>
         <wf lemma="z" pos="X">z</wf>
         <instance id="d000.s320.t000" lemma="naslov" pos="NOUN">naslovom</instance>
         <wf lemma="Vpliv" pos="X">Vpliv</wf>
         <wf lemma="avre" pos="X">avre</wf>
         <wf lemma="na" pos="X">na</wf>
         <wf lemma="zdravljenje" pos="X">zdravljenje</wf>
         <wf lemma="odvisnosti" pos="X">odvisnosti</wf>
         <wf lemma="." pos="X">.</wf>
      </sentence>
      <sentence id="d000.s321" source="wordnet-slovenian">
         <wf lemma="*" pos="X">*</wf>
         <wf lemma="Da" pos="X">Da</wf>
         <wf lemma="bi" pos="X">bi</wf>
         <wf lemma="preprečili" pos="X">preprečili</wf>
         <wf lemma="širjenje" pos="X">širjenje</wf>
         <wf lemma="infekcijskega" pos="X">infekcijskega</wf>
         <wf lemma="konjunktivitisa" pos="X">konjunktivitisa</wf>
         <wf lemma="," pos="X">,</wf>
         <wf lemma="ne" pos="X">ne</wf>
         <wf lemma="uporabljajte" pos="X">uporabljajte</wf>
         <wf lemma="istih" pos="X">istih</wf>
         <wf lemma="brisač" pos="X">brisač</wf>
         <wf lemma="kot" pos="X">kot</wf>
         <wf lemma="drugi" pos="X">drugi</wf>
         <wf lemma="družinski" pos="X">družinski</wf>
         <wf lemma="člani" pos="X">člani</wf>
         <wf lemma="ter" pos="X">ter</wf>
         <wf lemma="in" pos="X">in</wf>
         <wf lemma="vsak" pos="X">vsak</wf>
         <instance id="d000.s321.t000" lemma="dan" pos="NOUN">dan</instance>
         <wf lemma="zamenjajte" pos="X">zamenjajte</wf>
         <wf lemma="brisačo" pos="X">brisačo</wf>
         <wf lemma="in" pos="X">in</wf>
         <wf lemma="prevleko" pos="X">prevleko</wf>
         <wf lemma="za" pos="X">za</wf>
         <wf lemma="blazino" pos="X">blazino</wf>
         <wf lemma="." pos="X">.</wf>
      </sentence>
      <sentence id="d000.s322" source="wordnet-slovenian">
         <wf lemma="Da" pos="X">Da</wf>
         <wf lemma="bomo" pos="X">bomo</wf>
         <wf lemma="lahko" pos="X">lahko</wf>
         <wf lemma="ne" pos="X">ne</wf>
         <wf lemma="samo" pos="X">samo</wf>
         <wf lemma="govorili" pos="X">govorili</wf>
         <wf lemma="o" pos="X">o</wf>
         <wf lemma="pravni" pos="X">pravni</wf>
         <wf lemma="državi" pos="X">državi</wf>
         <wf lemma="," pos="X">,</wf>
         <wf lemma="pa" pos="X">pa</wf>
         <wf lemma="tudi" pos="X">tudi</wf>
         <wf lemma="da" pos="X">da</wf>
         <wf lemma="bomo" pos="X">bomo</wf>
         <wf lemma="imeli" pos="X">imeli</wf>
         <wf lemma="urejen" pos="X">urejen</wf>
         <wf lemma="pravni" pos="X">pravni</wf>
         <wf lemma="red" pos="X">red</wf>
         <wf lemma="," pos="X">,</wf>
         <wf lemma="je" pos="X">je</wf>
         <wf lemma="seveda" pos="X">seveda</wf>
         <wf lemma="treba" pos="X">treba</wf>
         <wf lemma="čimprej" pos="X">čimprej</wf>
         <wf lemma="oblikovati" pos="X">oblikovati</wf>
         <wf lemma="in" pos="X">in</wf>
         <wf lemma="sprejeti" pos="X">sprejeti</wf>
         <wf lemma="," pos="X">,</wf>
         <wf lemma="in" pos="X">in</wf>
         <wf lemma="tu" pos="X">tu</wf>
         <instance id="d000.s322.t000" lemma="vlada" pos="NOUN">Vlada</instance>
         <wf lemma="že" pos="X">že</wf>
         <wf lemma="deluje" pos="X">deluje</wf>
         <wf lemma="v" pos="X">v</wf>
         <wf lemma="tej" pos="X">tej</wf>
         <wf lemma="smeri" pos="X">smeri</wf>
         <wf lemma="," pos="X">,</wf>
         <wf lemma="vse" pos="X">vse</wf>
         <wf lemma="tiste" pos="X">tiste</wf>
         <wf lemma="zakone" pos="X">zakone</wf>
         <wf lemma="," pos="X">,</wf>
         <wf lemma="ki" pos="X">ki</wf>
         <wf lemma="pomenijo" pos="X">pomenijo</wf>
         <wf lemma="oblikovanje" pos="X">oblikovanje</wf>
         <wf lemma="sodobnih" pos="X">sodobnih</wf>
         <wf lemma="učinkovitih" pos="X">učinkovitih</wf>
         <wf lemma="," pos="X">,</wf>
         <wf lemma="državnih" pos="X">državnih</wf>
         <wf lemma="in" pos="X">in</wf>
         <wf lemma="drugih" pos="X">drugih</wf>
         <wf lemma="organov" pos="X">organov</wf>
         <wf lemma="." pos="X">.</wf>
      </sentence>
      <sentence id="d000.s323" source="wordnet-slovenian">
         <wf lemma="–" pos="X">–</wf>
         <wf lemma="NAZIV" pos="X">NAZIV</wf>
         <wf lemma="DELOVNEGA" pos="X">DELOVNEGA</wf>
         <wf lemma="MESTA" pos="X">MESTA</wf>
         <wf lemma="OZIROMA" pos="X">OZIROMA</wf>
         <instance id="d000.s323.t000" lemma="podatek" pos="NOUN">PODATKE</instance>
         <wf lemma="O" pos="X">O</wf>
         <wf lemma="VRSTI" pos="X">VRSTI</wf>
         <wf lemma="DELA" pos="X">DELA</wf>
         <wf lemma="," pos="X">,</wf>
         <wf lemma="ZA" pos="X">ZA</wf>
         <wf lemma="KATERO" pos="X">KATERO</wf>
         <wf lemma="DELAVEC" pos="X">DELAVEC</wf>
         <wf lemma="SKLEPA" pos="X">SKLEPA</wf>
         <wf lemma="POGODBO" pos="X">POGODBO</wf>
         <wf lemma="O" pos="X">O</wf>
         <wf lemma="ZAPOSLITVI" pos="X">ZAPOSLITVI</wf>
         <wf lemma="," pos="X">,</wf>
         <wf lemma="S" pos="X">S</wf>
         <wf lemma="KRATKIM" pos="X">KRATKIM</wf>
         <wf lemma="OPISOM" pos="X">OPISOM</wf>
         <wf lemma="POSLOV" pos="X">POSLOV</wf>
         <wf lemma="," pos="X">,</wf>
         <wf lemma="KI" pos="X">KI</wf>
         <wf lemma="JIH" pos="X">JIH</wf>
         <wf lemma="MORA" pos="X">MORA</wf>
         <wf lemma="OPRAVLJATI" pos="X">OPRAVLJATI</wf>
         <wf lemma="PO" pos="X">PO</wf>
         <wf lemma="POGODBI" pos="X">POGODBI</wf>
         <wf lemma="O" pos="X">O</wf>
         <wf lemma="ZAPOSLITVI" pos="X">ZAPOSLITVI</wf>
         <wf lemma="," pos="X">,</wf>
         <wf lemma="." pos="X">.</wf>
      </sentence>
      <sentence id="d000.s324" source="wordnet-slovenian">
         <wf lemma="Del" pos="X">Del</wf>
         <instance id="d000.s324.t000" lemma="otrok" pos="NOUN">otrok</instance>
         <wf lemma="in" pos="X">in</wf>
         <wf lemma="staršev" pos="X">staršev</wf>
         <wf lemma="," pos="X">,</wf>
         <wf lemma="vajen" pos="X">vajen</wf>
         <wf lemma="barantanja" pos="X">barantanja</wf>
         <wf lemma="," pos="X">,</wf>
         <wf lemma="je" pos="X">je</wf>
         <wf lemma="začel" pos="X">začel</wf>
         <wf lemma="zavirati" pos="X">zavirati</wf>
         <wf lemma="," pos="X">,</wf>
         <wf lemma="čeprav" pos="X">čeprav</wf>
         <wf lemma="je" pos="X">je</wf>
         <wf lemma="projekt" pos="X">projekt</wf>
         <wf lemma="potrdil" pos="X">potrdil</wf>
         <wf lemma="tudi" pos="X">tudi</wf>
         <wf lemma="Zavod" pos="X">Zavod</wf>
         <wf lemma="za" pos="X">za</wf>
         <wf lemma="šolstvo" pos="X">šolstvo</wf>
         <wf lemma="in" pos="X">in</wf>
         <wf lemma="ga" pos="X">ga</wf>
         <wf lemma="bo" pos="X">bo</wf>
         <wf lemma="jeseni" pos="X">jeseni</wf>
         <wf lemma="tudi" pos="X">tudi</wf>
         <wf lemma="eksterno" pos="X">eksterno</wf>
         <wf lemma="ocenil" pos="X">ocenil</wf>
         <wf lemma="." pos="X">.</wf>
      </sentence>
      <sentence id="d000.s325" source="wordnet-slovenian">
         <wf lemma="Na" pos="X">Na</wf>
         <wf lemma="prvi" pos="X">prvi</wf>
         <wf lemma="seji" pos="X">seji</wf>
         <wf lemma="so" pos="X">so</wf>
         <wf lemma="imeli" pos="X">imeli</wf>
         <wf lemma="svetniki" pos="X">svetniki</wf>
         <wf lemma="v" pos="X">v</wf>
         <wf lemma="obeh" pos="X">obeh</wf>
         <wf lemma="občinah" pos="X">občinah</wf>
         <wf lemma="na" pos="X">na</wf>
         <wf lemma="dnevnem" pos="X">dnevnem</wf>
         <wf lemma="redu" pos="X">redu</wf>
         <instance id="d000.s325.t000" lemma="točka" pos="NOUN">točke</instance>
         <wf lemma="," pos="X">,</wf>
         <wf lemma="ki" pos="X">ki</wf>
         <wf lemma="so" pos="X">so</wf>
         <wf lemma="bolj" pos="X">bolj</wf>
         <wf lemma="ali" pos="X">ali</wf>
         <wf lemma="manj" pos="X">manj</wf>
         <wf lemma="značilne" pos="X">značilne</wf>
         <wf lemma="za" pos="X">za</wf>
         <wf lemma="vse" pos="X">vse</wf>
         <wf lemma="konstitutivne" pos="X">konstitutivne</wf>
         <wf lemma="seje" pos="X">seje</wf>
         <wf lemma="občinskih" pos="X">občinskih</wf>
         <wf lemma="svetov" pos="X">svetov</wf>
         <wf lemma="." pos="X">.</wf>
      </sentence>
      <sentence id="d000.s326" source="wordnet-slovenian">
         <wf lemma="»" pos="X">»</wf>
         <wf lemma="Moj" pos="X">Moj</wf>
         <instance id="d000.s326.t000" lemma="oče" pos="NOUN">oče</instance>
         <wf lemma="je" pos="X">je</wf>
         <wf lemma="velik" pos="X">velik</wf>
         <wf lemma="strateg" pos="X">strateg</wf>
         <wf lemma="in" pos="X">in</wf>
         <wf lemma="velik" pos="X">velik</wf>
         <wf lemma="osvajalec" pos="X">osvajalec</wf>
         <wf lemma="," pos="X">,</wf>
         <wf lemma="dostojen" pos="X">dostojen</wf>
         <wf lemma="dedič" pos="X">dedič</wf>
         <wf lemma="Velikega" pos="X">Velikega</wf>
         <wf lemma="kana" pos="X">kana</wf>
         <wf lemma="." pos="X">.</wf>
      </sentence>
      <sentence id="d000.s327" source="wordnet-slovenian">
         <wf lemma="Toda" pos="X">Toda</wf>
         <wf lemma="njen" pos="X">njen</wf>
         <wf lemma="voditelj" pos="X">voditelj</wf>
         <wf lemma="dr." pos="X">dr.</wf>
         <wf lemma="Rugova" pos="X">Rugova</wf>
         <wf lemma="je" pos="X">je</wf>
         <wf lemma="pred" pos="X">pred</wf>
         <wf lemma="novim" pos="X">novim</wf>
         <instance id="d000.s327.t000" lemma="leto" pos="NOUN">letom</instance>
         <wf lemma="za" pos="X">za</wf>
         <wf lemma="pariški" pos="X">pariški</wf>
         <wf lemma="Figaro" pos="X">Figaro</wf>
         <wf lemma="dejal" pos="X">dejal</wf>
         <wf lemma="," pos="X">,</wf>
         <wf lemma="da" pos="X">da</wf>
         <wf lemma="se" pos="X">se</wf>
         <wf lemma="o" pos="X">o</wf>
         <wf lemma="osamosvojitvi" pos="X">osamosvojitvi</wf>
         <wf lemma="Kosova" pos="X">Kosova</wf>
         <wf lemma="ni" pos="X">ni</wf>
         <wf lemma="mogoče" pos="X">mogoče</wf>
         <wf lemma="pogajati" pos="X">pogajati</wf>
         <wf lemma="." pos="X">.</wf>
      </sentence>
      <sentence id="d000.s328" source="wordnet-slovenian">
         <wf lemma="»" pos="X">»</wf>
         <wf lemma="Naj" pos="X">Naj</wf>
         <wf lemma="gre" pos="X">gre</wf>
         <wf lemma="na" pos="X">na</wf>
         <wf lemma="vse" pos="X">vse</wf>
         <wf lemma="ali" pos="X">ali</wf>
         <wf lemma="nič" pos="X">nič</wf>
         <wf lemma="in" pos="X">in</wf>
         <wf lemma="naj" pos="X">naj</wf>
         <wf lemma="se" pos="X">se</wf>
         <wf lemma="bori" pos="X">bori</wf>
         <wf lemma="do" pos="X">do</wf>
         <instance id="d000.s328.t000" lemma="konec" pos="NOUN">konca</instance>
         <wf lemma="." pos="X">.</wf>
      </sentence>
      <sentence id="d000.s329" source="wordnet-slovenian">
         <wf lemma="«" pos="X">«</wf>
         <wf lemma="V" pos="X">V</wf>
         <wf lemma="prostem" pos="X">prostem</wf>
         <wf lemma="času" pos="X">času</wf>
         <wf lemma="najraje" pos="X">najraje</wf>
         <wf lemma="lenari" pos="X">lenari</wf>
         <wf lemma="in" pos="X">in</wf>
         <wf lemma="prebira" pos="X">prebira</wf>
         <instance id="d000.s329.t000" lemma="knjiga" pos="NOUN">knjige</instance>
         <wf lemma="," pos="X">,</wf>
         <wf lemma="predvsem" pos="X">predvsem</wf>
         <wf lemma="tiste" pos="X">tiste</wf>
         <wf lemma="za" pos="X">za</wf>
         <wf lemma="osebnostno" pos="X">osebnostno</wf>
         <wf lemma="rast" pos="X">rast</wf>
         <wf lemma="," pos="X">,</wf>
         <wf lemma="v" pos="X">v</wf>
         <wf lemma="katerih" pos="X">katerih</wf>
         <wf lemma="najde" pos="X">najde</wf>
         <wf lemma="veliko" pos="X">veliko</wf>
         <wf lemma="odgovorov" pos="X">odgovorov</wf>
         <wf lemma="na" pos="X">na</wf>
         <wf lemma="vprašanja" pos="X">vprašanja</wf>
         <wf lemma="," pos="X">,</wf>
         <wf lemma="ki" pos="X">ki</wf>
         <wf lemma="sem" pos="X">sem</wf>
         <wf lemma="mu" pos="X">mu</wf>
         <wf lemma="vsak" pos="X">vsak</wf>
         <wf lemma="dan" pos="X">dan</wf>
         <wf lemma="porajajo" pos="X">porajajo</wf>
         <wf lemma="." pos="X">.</wf>
      </sentence>
      <sentence id="d000.s330" source="wordnet-slovenian">
         <wf lemma="Ali" pos="X">Ali</wf>
         <wf lemma="je" pos="X">je</wf>
         <wf lemma="slišala" pos="X">slišala</wf>
         <wf lemma="Keza" pos="X">Keza</wf>
         <wf lemma="," pos="X">,</wf>
         <wf lemma="kako" pos="X">kako</wf>
         <wf lemma="mlajšim" pos="X">mlajšim</wf>
         <wf lemma="otrokom" pos="X">otrokom</wf>
         <wf lemma="pripoveduje" pos="X">pripoveduje</wf>
         <wf lemma="zgodbe" pos="X">zgodbe</wf>
         <wf lemma="," pos="X">,</wf>
         <wf lemma="po" pos="X">po</wf>
         <wf lemma="katerih" pos="X">katerih</wf>
         <wf lemma="se" pos="X">se</wf>
         <wf lemma="je" pos="X">je</wf>
         <wf lemma="zdelo" pos="X">zdelo</wf>
         <wf lemma="," pos="X">,</wf>
         <wf lemma="da" pos="X">da</wf>
         <wf lemma="je" pos="X">je</wf>
         <wf lemma="Vrana" pos="X">Vrana</wf>
         <wf lemma="lastnoročno" pos="X">lastnoročno</wf>
         <wf lemma="rešila" pos="X">rešila</wf>
         <wf lemma="vse" pos="X">vse</wf>
         <wf lemma="čarodeje" pos="X">čarodeje</wf>
         <wf lemma="v" pos="X">v</wf>
         <instance id="d000.s330.t000" lemma="skupina" pos="NOUN">skupini</instance>
         <wf lemma="ter" pos="X">ter</wf>
         <wf lemma="obenem" pos="X">obenem</wf>
         <wf lemma="potolkla" pos="X">potolkla</wf>
         <wf lemma="vsaj" pos="X">vsaj</wf>
         <wf lemma="pol" pos="X">pol</wf>
         <wf lemma="federalne" pos="X">federalne</wf>
         <wf lemma="vojske" pos="X">vojske</wf>
         <wf lemma="." pos="X">.</wf>
      </sentence>
      <sentence id="d000.s331" source="wordnet-slovenian">
         <wf lemma="Gospa" pos="X">Gospa</wf>
         <wf lemma="je" pos="X">je</wf>
         <wf lemma="čakala" pos="X">čakala</wf>
         <wf lemma="," pos="X">,</wf>
         <wf lemma="da" pos="X">da</wf>
         <instance id="d000.s331.t000" lemma="roka" pos="NOUN">roka</instance>
         <wf lemma="zgrabi" pos="X">zgrabi</wf>
         <wf lemma="platnice" pos="X">platnice</wf>
         <wf lemma="in" pos="X">in</wf>
         <wf lemma="reče" pos="X">reče</wf>
         <wf lemma=":" pos="X">:</wf>
         <wf lemma="Ujeta" pos="X">Ujeta</wf>
         <wf lemma="si" pos="X">si</wf>
         <wf lemma="," pos="X">,</wf>
         <wf lemma="videla" pos="X">videla</wf>
         <wf lemma="sem" pos="X">sem</wf>
         <wf lemma="," pos="X">,</wf>
         <wf lemma="kako" pos="X">kako</wf>
         <wf lemma="si" pos="X">si</wf>
         <wf lemma="se" pos="X">se</wf>
         <wf lemma="bala" pos="X">bala</wf>
         <wf lemma="," pos="X">,</wf>
         <wf lemma="videla" pos="X">videla</wf>
         <wf lemma="sem" pos="X">sem</wf>
         <wf lemma="," pos="X">,</wf>
         <wf lemma="kako" pos="X">kako</wf>
         <wf lemma="ti" pos="X">ti</wf>
         <wf lemma="je" pos="X">je</wf>
         <wf lemma="duša" pos="X">duša</wf>
         <wf lemma="široko" pos="X">široko</wf>
         <wf lemma="zazevala" pos="X">zazevala</wf>
         <wf lemma="kakor" pos="X">kakor</wf>
         <wf lemma="rana" pos="X">rana</wf>
         <wf lemma="." pos="X">.</wf>
      </sentence>
      <sentence id="d000.s332" source="wordnet-slovenian">
         <wf lemma="Tudi" pos="X">Tudi</wf>
         <wf lemma="Makavejev" pos="X">Makavejev</wf>
         <wf lemma="je" pos="X">je</wf>
         <wf lemma="izrazit" pos="X">izrazit</wf>
         <wf lemma="zbiralec" pos="X">zbiralec</wf>
         <wf lemma="časopisov" pos="X">časopisov</wf>
         <wf lemma="-" pos="X">-</wf>
         <wf lemma="skoraj" pos="X">skoraj</wf>
         <wf lemma="vse" pos="X">vse</wf>
         <wf lemma="ideje" pos="X">ideje</wf>
         <wf lemma="za" pos="X">za</wf>
         <wf lemma="svoje" pos="X">svoje</wf>
         <instance id="d000.s332.t000" lemma="film" pos="NOUN">filme</instance>
         <wf lemma="je" pos="X">je</wf>
         <wf lemma="našel" pos="X">našel</wf>
         <wf lemma="v" pos="X">v</wf>
         <wf lemma="raznih" pos="X">raznih</wf>
         <wf lemma="črnih" pos="X">črnih</wf>
         <wf lemma="kronikah" pos="X">kronikah</wf>
         <wf lemma="in" pos="X">in</wf>
         <wf lemma="podobnih" pos="X">podobnih</wf>
         <wf lemma="zapisih" pos="X">zapisih</wf>
         <wf lemma="." pos="X">.</wf>
      </sentence>
      <sentence id="d000.s333" source="wordnet-slovenian">
         <instance id="d000.s333.t000" lemma="hiša" pos="NOUN">hiša</instance>
         <wf lemma="." pos="X">.</wf>
         <wf lemma="." pos="X">.</wf>
         <wf lemma="." pos="X">.</wf>
      </sentence>
      <sentence id="d000.s334" source="wordnet-slovenian">
         <wf lemma="Marca" pos="X">Marca</wf>
         <wf lemma="je" pos="X">je</wf>
         <wf lemma="takšen" pos="X">takšen</wf>
         <wf lemma="pristop" pos="X">pristop</wf>
         <wf lemma="k" pos="X">k</wf>
         <instance id="d000.s334.t000" lemma="stvar" pos="NOUN">stvari</instance>
         <wf lemma="močno" pos="X">močno</wf>
         <wf lemma="presenetil" pos="X">presenetil</wf>
         <wf lemma="." pos="X">.</wf>
      </sentence>
      <sentence id="d000.s335" source="wordnet-slovenian">
         <wf lemma="Nekdanji" pos="X">Nekdanji</wf>
         <wf lemma="diktator" pos="X">diktator</wf>
         <wf lemma="," pos="X">,</wf>
         <wf lemma="general" pos="X">general</wf>
         <wf lemma="Augusto" pos="X">Augusto</wf>
         <wf lemma="Pinochet" pos="X">Pinochet</wf>
         <wf lemma="," pos="X">,</wf>
         <wf lemma="ki" pos="X">ki</wf>
         <wf lemma="se" pos="X">se</wf>
         <wf lemma="je" pos="X">je</wf>
         <wf lemma="izmuznil" pos="X">izmuznil</wf>
         <wf lemma="evropskemu" pos="X">evropskemu</wf>
         <wf lemma="pravosodju" pos="X">pravosodju</wf>
         <wf lemma="," pos="X">,</wf>
         <wf lemma="je" pos="X">je</wf>
         <wf lemma="zdaj" pos="X">zdaj</wf>
         <wf lemma="," pos="X">,</wf>
         <wf lemma="kot" pos="X">kot</wf>
         <wf lemma="pravijo" pos="X">pravijo</wf>
         <wf lemma="," pos="X">,</wf>
         <wf lemma="na" pos="X">na</wf>
         <wf lemma="začetku" pos="X">začetku</wf>
         <instance id="d000.s335.t000" lemma="pot" pos="NOUN">poti</instance>
         <wf lemma="," pos="X">,</wf>
         <wf lemma="ki" pos="X">ki</wf>
         <wf lemma="ga" pos="X">ga</wf>
         <wf lemma="utegne" pos="X">utegne</wf>
         <wf lemma="pripeljati" pos="X">pripeljati</wf>
         <wf lemma="pred" pos="X">pred</wf>
         <wf lemma="sodišče" pos="X">sodišče</wf>
         <wf lemma="v" pos="X">v</wf>
         <wf lemma="domovini" pos="X">domovini</wf>
         <wf lemma="." pos="X">.</wf>
      </sentence>
      <sentence id="d000.s336" source="wordnet-slovenian">
         <wf lemma="so" pos="X">so</wf>
         <wf lemma="prvi" pos="X">prvi</wf>
         <wf lemma="dokument" pos="X">dokument</wf>
         <wf lemma="te" pos="X">te</wf>
         <wf lemma="vrste" pos="X">vrste</wf>
         <wf lemma="in" pos="X">in</wf>
         <wf lemma="pomenijo" pos="X">pomenijo</wf>
         <wf lemma="referenčni" pos="X">referenčni</wf>
         <wf lemma="okvir" pos="X">okvir</wf>
         <wf lemma="za" pos="X">za</wf>
         <wf lemma="oblikovanje" pos="X">oblikovanje</wf>
         <wf lemma="nove" pos="X">nove</wf>
         <instance id="d000.s336.t000" lemma="stopnja" pos="NOUN">stopnje</instance>
         <wf lemma="po" pos="X">po</wf>
         <wf lemma="drugem" pos="X">drugem</wf>
         <wf lemma="glavnem" pos="X">glavnem</wf>
         <wf lemma="študijskem" pos="X">študijskem</wf>
         <wf lemma="obdobju" pos="X">obdobju</wf>
         <wf lemma="." pos="X">.</wf>
      </sentence>
      <sentence id="d000.s337" source="wordnet-slovenian">
         <wf lemma="Baumgartner" pos="X">Baumgartner</wf>
         <wf lemma="si" pos="X">si</wf>
         <wf lemma="bo" pos="X">bo</wf>
         <wf lemma="zdaj" pos="X">zdaj</wf>
         <wf lemma="vzel" pos="X">vzel</wf>
         <wf lemma="nekaj" pos="X">nekaj</wf>
         <wf lemma="prostega" pos="X">prostega</wf>
         <instance id="d000.s337.t000" lemma="čas" pos="NOUN">časa</instance>
         <wf lemma="za" pos="X">za</wf>
         <wf lemma="uživanje" pos="X">uživanje</wf>
         <wf lemma="v" pos="X">v</wf>
         <wf lemma="najljubših" pos="X">najljubših</wf>
         <wf lemma="športih" pos="X">športih</wf>
         <wf lemma="," pos="X">,</wf>
         <wf lemma="kot" pos="X">kot</wf>
         <wf lemma="je" pos="X">je</wf>
         <wf lemma="na" pos="X">na</wf>
         <wf lemma="primer" pos="X">primer</wf>
         <wf lemma="jadralno" pos="X">jadralno</wf>
         <wf lemma="padalstvo" pos="X">padalstvo</wf>
         <wf lemma="." pos="X">.</wf>
      </sentence>
      <sentence id="d000.s338" source="wordnet-slovenian">
         <wf lemma="Tak" pos="X">Tak</wf>
         <wf lemma="človek" pos="X">človek</wf>
         <wf lemma="skuša" pos="X">skuša</wf>
         <wf lemma="vselej" pos="X">vselej</wf>
         <wf lemma="in" pos="X">in</wf>
         <wf lemma="za" pos="X">za</wf>
         <wf lemma="vsako" pos="X">vsako</wf>
         <wf lemma="ceno" pos="X">ceno</wf>
         <wf lemma="strogo" pos="X">strogo</wf>
         <wf lemma="ločevati" pos="X">ločevati</wf>
         <wf lemma="zasebno" pos="X">zasebno</wf>
         <instance id="d000.s338.t000" lemma="življenje" pos="NOUN">življenje</instance>
         <wf lemma="od" pos="X">od</wf>
         <wf lemma="službenega" pos="X">službenega</wf>
         <wf lemma="," pos="X">,</wf>
         <wf lemma="delo" pos="X">delo</wf>
         <wf lemma="postavlja" pos="X">postavlja</wf>
         <wf lemma="na" pos="X">na</wf>
         <wf lemma="prvo" pos="X">prvo</wf>
         <wf lemma="mesto" pos="X">mesto</wf>
         <wf lemma="," pos="X">,</wf>
         <wf lemma="materialne" pos="X">materialne</wf>
         <wf lemma="dobrine" pos="X">dobrine</wf>
         <wf lemma="mu" pos="X">mu</wf>
         <wf lemma="zelo" pos="X">zelo</wf>
         <wf lemma="veliko" pos="X">veliko</wf>
         <wf lemma="pomenijo" pos="X">pomenijo</wf>
         <wf lemma="." pos="X">.</wf>
      </sentence>
      <sentence id="d000.s339" source="wordnet-slovenian">
         <wf lemma="»" pos="X">»</wf>
         <wf lemma="Strahotno" pos="X">Strahotno</wf>
         <wf lemma="žaluje" pos="X">žaluje</wf>
         <wf lemma="za" pos="X">za</wf>
         <instance id="d000.s339.t000" lemma="oče" pos="NOUN">očetom</instance>
         <wf lemma="," pos="X">,</wf>
         <wf lemma="«" pos="X">«</wf>
         <wf lemma="ji" pos="X">ji</wf>
         <wf lemma="je" pos="X">je</wf>
         <wf lemma="rekla" pos="X">rekla</wf>
         <wf lemma="Evansova" pos="X">Evansova</wf>
         <wf lemma="." pos="X">.</wf>
      </sentence>
      <sentence id="d000.s340" source="wordnet-slovenian">
         <wf lemma="Lisa" pos="X">Lisa</wf>
         <wf lemma="je" pos="X">je</wf>
         <wf lemma="premišljeno" pos="X">premišljeno</wf>
         <wf lemma="zganila" pos="X">zganila</wf>
         <wf lemma="in" pos="X">in</wf>
         <wf lemma="nato" pos="X">nato</wf>
         <wf lemma="raztrgala" pos="X">raztrgala</wf>
         <wf lemma="papir" pos="X">papir</wf>
         <wf lemma="," pos="X">,</wf>
         <wf lemma="ki" pos="X">ki</wf>
         <wf lemma="ga" pos="X">ga</wf>
         <wf lemma="je" pos="X">je</wf>
         <wf lemma="držala" pos="X">držala</wf>
         <wf lemma="v" pos="X">v</wf>
         <instance id="d000.s340.t000" lemma="roka" pos="NOUN">rokah</instance>
         <wf lemma="." pos="X">.</wf>
      </sentence>
      <sentence id="d000.s341" source="wordnet-slovenian">
         <wf lemma="Zakaj" pos="X">Zakaj</wf>
         <wf lemma="bi" pos="X">bi</wf>
         <wf lemma="," pos="X">,</wf>
         <wf lemma="če" pos="X">če</wf>
         <wf lemma="že" pos="X">že</wf>
         <wf lemma="strežemo" pos="X">strežemo</wf>
         <wf lemma="nebrzdanim" pos="X">nebrzdanim</wf>
         <wf lemma="apetitom" pos="X">apetitom</wf>
         <wf lemma="po" pos="X">po</wf>
         <wf lemma="dobičku" pos="X">dobičku</wf>
         <wf lemma="," pos="X">,</wf>
         <wf lemma="ki" pos="X">ki</wf>
         <wf lemma="tako" pos="X">tako</wf>
         <wf lemma="ali" pos="X">ali</wf>
         <wf lemma="tako" pos="X">tako</wf>
         <wf lemma="nikoli" pos="X">nikoli</wf>
         <wf lemma="ne" pos="X">ne</wf>
         <wf lemma="gre" pos="X">gre</wf>
         <wf lemma="v" pos="X">v</wf>
         <wf lemma="delavske" pos="X">delavske</wf>
         <wf lemma="žepe" pos="X">žepe</wf>
         <wf lemma="," pos="X">,</wf>
         <wf lemma="niti" pos="X">niti</wf>
         <wf lemma="po" pos="X">po</wf>
         <wf lemma="drobtinicah" pos="X">drobtinicah</wf>
         <wf lemma="," pos="X">,</wf>
         <wf lemma="ne" pos="X">ne</wf>
         <wf lemma="delali" pos="X">delali</wf>
         <wf lemma="ob" pos="X">ob</wf>
         <wf lemma="nedeljah" pos="X">nedeljah</wf>
         <wf lemma="še" pos="X">še</wf>
         <wf lemma="sodniki" pos="X">sodniki</wf>
         <wf lemma="," pos="X">,</wf>
         <wf lemma="ki" pos="X">ki</wf>
         <wf lemma="imajo" pos="X">imajo</wf>
         <wf lemma="zaostanke" pos="X">zaostanke</wf>
         <wf lemma="," pos="X">,</wf>
         <wf lemma="pa" pos="X">pa</wf>
         <wf lemma="poslanci" pos="X">poslanci</wf>
         <wf lemma="," pos="X">,</wf>
         <wf lemma="ki" pos="X">ki</wf>
         <wf lemma="jih" pos="X">jih</wf>
         <wf lemma="čaka" pos="X">čaka</wf>
         <wf lemma="kar" pos="X">kar</wf>
         <wf lemma="nekaj" pos="X">nekaj</wf>
         <instance id="d000.s341.t000" lemma="zakon" pos="NOUN">zakonov</instance>
         <wf lemma="," pos="X">,</wf>
         <wf lemma="pa" pos="X">pa</wf>
         <wf lemma="." pos="X">.</wf>
         <wf lemma="." pos="X">.</wf>
         <wf lemma="." pos="X">.</wf>
      </sentence>
      <sentence id="d000.s342" source="wordnet-slovenian">
         <wf lemma="Prvi" pos="X">Prvi</wf>
         <wf lemma="je" pos="X">je</wf>
         <wf lemma="organiziran" pos="X">organiziran</wf>
         <wf lemma="," pos="X">,</wf>
         <wf lemma="ima" pos="X">ima</wf>
         <wf lemma="svoj" pos="X">svoj</wf>
         <wf lemma="sedež" pos="X">sedež</wf>
         <wf lemma="," pos="X">,</wf>
         <wf lemma="izdaja" pos="X">izdaja</wf>
         <instance id="d000.s342.t000" lemma="knjiga" pos="NOUN">knjige</instance>
         <wf lemma="in" pos="X">in</wf>
         <wf lemma="druge" pos="X">druge</wf>
         <wf lemma="publikacije" pos="X">publikacije</wf>
         <wf lemma="." pos="X">.</wf>
      </sentence>
      <sentence id="d000.s343" source="wordnet-slovenian">
         <wf lemma="To" pos="X">To</wf>
         <wf lemma="pa" pos="X">pa</wf>
         <wf lemma="po" pos="X">po</wf>
         <instance id="d000.s343.t000" lemma="mnenje" pos="NOUN">mnenju</instance>
         <wf lemma="hrvaških" pos="X">hrvaških</wf>
         <wf lemma="pravnih" pos="X">pravnih</wf>
         <wf lemma="strokovnjakov" pos="X">strokovnjakov</wf>
         <wf lemma="pomeni" pos="X">pomeni</wf>
         <wf lemma="," pos="X">,</wf>
         <wf lemma="da" pos="X">da</wf>
         <wf lemma="bodo" pos="X">bodo</wf>
         <wf lemma="vložene" pos="X">vložene</wf>
         <wf lemma="tudi" pos="X">tudi</wf>
         <wf lemma="vse" pos="X">vse</wf>
         <wf lemma="obtožnice" pos="X">obtožnice</wf>
         <wf lemma="za" pos="X">za</wf>
         <wf lemma="hrvaške" pos="X">hrvaške</wf>
         <wf lemma="obtožence" pos="X">obtožence</wf>
         <wf lemma="," pos="X">,</wf>
         <wf lemma="ne" pos="X">ne</wf>
         <wf lemma="glede" pos="X">glede</wf>
         <wf lemma="na" pos="X">na</wf>
         <wf lemma="to" pos="X">to</wf>
         <wf lemma="," pos="X">,</wf>
         <wf lemma="ali" pos="X">ali</wf>
         <wf lemma="jim" pos="X">jim</wf>
         <wf lemma="bodo" pos="X">bodo</wf>
         <wf lemma="sodila" pos="X">sodila</wf>
         <wf lemma="hrvaška" pos="X">hrvaška</wf>
         <wf lemma="sodišča" pos="X">sodišča</wf>
         <wf lemma="za" pos="X">za</wf>
         <wf lemma="vojne" pos="X">vojne</wf>
         <wf lemma="zločine" pos="X">zločine</wf>
         <wf lemma="ali" pos="X">ali</wf>
         <wf lemma="ne" pos="X">ne</wf>
         <wf lemma="." pos="X">.</wf>
      </sentence>
      <sentence id="d000.s344" source="wordnet-slovenian">
         <wf lemma="Policisti" pos="X">Policisti</wf>
         <wf lemma="so" pos="X">so</wf>
         <wf lemma="takoj" pos="X">takoj</wf>
         <wf lemma="pregledali" pos="X">pregledali</wf>
         <wf lemma="Williamsovo" pos="X">Williamsovo</wf>
         <instance id="d000.s344.t000" lemma="hiša" pos="NOUN">hišo</instance>
         <wf lemma="in" pos="X">in</wf>
         <wf lemma="zbrali" pos="X">zbrali</wf>
         <wf lemma="nekaj" pos="X">nekaj</wf>
         <wf lemma="predmetov" pos="X">predmetov</wf>
         <wf lemma="," pos="X">,</wf>
         <wf lemma="ki" pos="X">ki</wf>
         <wf lemma="bi" pos="X">bi</wf>
         <wf lemma="jim" pos="X">jim</wf>
         <wf lemma="lahko" pos="X">lahko</wf>
         <wf lemma="bili" pos="X">bili</wf>
         <wf lemma="za" pos="X">za</wf>
         <wf lemma="dokazno" pos="X">dokazno</wf>
         <wf lemma="gradivo" pos="X">gradivo</wf>
         <wf lemma="." pos="X">.</wf>
      </sentence>
      <sentence id="d000.s345" source="wordnet-slovenian">
         <wf lemma="Gre" pos="X">Gre</wf>
         <wf lemma="za" pos="X">za</wf>
         <wf lemma="prehode" pos="X">prehode</wf>
         <wf lemma="Doljani" pos="X">Doljani</wf>
         <wf lemma="v" pos="X">v</wf>
         <wf lemma="Hercegovini" pos="X">Hercegovini</wf>
         <wf lemma="," pos="X">,</wf>
         <wf lemma="Izačić" pos="X">Izačić</wf>
         <wf lemma="na" pos="X">na</wf>
         <wf lemma="severozahodu" pos="X">severozahodu</wf>
         <instance id="d000.s345.t000" lemma="država" pos="NOUN">države</instance>
         <wf lemma="in" pos="X">in</wf>
         <wf lemma="Bosanski" pos="X">Bosanski</wf>
         <wf lemma="Brod" pos="X">Brod</wf>
         <wf lemma="na" pos="X">na</wf>
         <wf lemma="savskem" pos="X">savskem</wf>
         <wf lemma="bregu" pos="X">bregu</wf>
         <wf lemma="." pos="X">.</wf>
      </sentence>
      <sentence id="d000.s346" source="wordnet-slovenian">
         <wf lemma="“" pos="X">“</wf>
         <wf lemma="V" pos="X">V</wf>
         <instance id="d000.s346.t000" lemma="klub" pos="NOUN">klubu</instance>
         <wf lemma="nad" pos="X">nad</wf>
         <wf lemma="zadnjo" pos="X">zadnjo</wf>
         <wf lemma="sezono" pos="X">sezono</wf>
         <wf lemma="res" pos="X">res</wf>
         <wf lemma="niso" pos="X">niso</wf>
         <wf lemma="preveč" pos="X">preveč</wf>
         <wf lemma="navdušeni" pos="X">navdušeni</wf>
         <wf lemma="." pos="X">.</wf>
      </sentence>
      <sentence id="d000.s347" source="wordnet-slovenian">
         <wf lemma="Za" pos="X">Za</wf>
         <wf lemma="ta" pos="X">ta</wf>
         <instance id="d000.s347.t000" lemma="pogled" pos="NOUN">pogled</instance>
         <wf lemma="bi" pos="X">bi</wf>
         <wf lemma="bilo" pos="X">bilo</wf>
         <wf lemma="čudno" pos="X">čudno</wf>
         <wf lemma="," pos="X">,</wf>
         <wf lemma="če" pos="X">če</wf>
         <wf lemma="bi" pos="X">bi</wf>
         <wf lemma="bilo" pos="X">bilo</wf>
         <wf lemma="nadzor" pos="X">nadzor</wf>
         <wf lemma="sploh" pos="X">sploh</wf>
         <wf lemma="kdaj" pos="X">kdaj</wf>
         <wf lemma="mogoče" pos="X">mogoče</wf>
         <wf lemma="uspešno" pos="X">uspešno</wf>
         <wf lemma="izvrševati" pos="X">izvrševati</wf>
         <wf lemma="in" pos="X">in</wf>
         <wf lemma="ohraniti" pos="X">ohraniti</wf>
         <wf lemma="." pos="X">.</wf>
      </sentence>
      <sentence id="d000.s348" source="wordnet-slovenian">
         <wf lemma="V" pos="X">V</wf>
         <wf lemma="običajnih" pos="X">običajnih</wf>
         <wf lemma="okoliščinah" pos="X">okoliščinah</wf>
         <wf lemma="do" pos="X">do</wf>
         <wf lemma="časa" pos="X">časa</wf>
         <wf lemma="," pos="X">,</wf>
         <wf lemma="ko" pos="X">ko</wf>
         <wf lemma="začutimo" pos="X">začutimo</wf>
         <wf lemma="žejo" pos="X">žejo</wf>
         <wf lemma="," pos="X">,</wf>
         <wf lemma="izgubimo" pos="X">izgubimo</wf>
         <wf lemma="že" pos="X">že</wf>
         <wf lemma="približno" pos="X">približno</wf>
         <wf lemma="odstotek" pos="X">odstotek</wf>
         <wf lemma="telesne" pos="X">telesne</wf>
         <wf lemma="teže" pos="X">teže</wf>
         <wf lemma="s" pos="X">s</wf>
         <wf lemma="tekočino" pos="X">tekočino</wf>
         <wf lemma="," pos="X">,</wf>
         <wf lemma="to" pos="X">to</wf>
         <wf lemma="je" pos="X">je</wf>
         <wf lemma="pri" pos="X">pri</wf>
         <wf lemma="75" pos="X">75</wf>
         <wf lemma="kilogramov" pos="X">kilogramov</wf>
         <wf lemma="težkem" pos="X">težkem</wf>
         <instance id="d000.s348.t000" lemma="človek" pos="NOUN">človeku</instance>
         <wf lemma="75" pos="X">75</wf>
         <wf lemma="dekagramov" pos="X">dekagramov</wf>
         <wf lemma="." pos="X">.</wf>
      </sentence>
      <sentence id="d000.s349" source="wordnet-slovenian">
         <wf lemma="Veste" pos="X">Veste</wf>
         <wf lemma="kaj" pos="X">kaj</wf>
         <wf lemma="boste" pos="X">boste</wf>
         <wf lemma="glasovali" pos="X">glasovali</wf>
         <wf lemma="," pos="X">,</wf>
         <wf lemma="če" pos="X">če</wf>
         <wf lemma="boste" pos="X">boste</wf>
         <wf lemma="izglasovali" pos="X">izglasovali</wf>
         <wf lemma="stavek" pos="X">stavek</wf>
         <wf lemma="v" pos="X">v</wf>
         <wf lemma="tej" pos="X">tej</wf>
         <instance id="d000.s349.t000" lemma="oblika" pos="NOUN">obliki</instance>
         <wf lemma="." pos="X">.</wf>
      </sentence>
      <sentence id="d000.s350" source="wordnet-slovenian">
         <wf lemma="Če" pos="X">Če</wf>
         <wf lemma="bi" pos="X">bi</wf>
         <wf lemma="iskali" pos="X">iskali</wf>
         <wf lemma="povprečnega" pos="X">povprečnega</wf>
         <wf lemma="člana" pos="X">člana</wf>
         <wf lemma="F21" pos="X">F21</wf>
         <wf lemma="," pos="X">,</wf>
         <wf lemma="bi" pos="X">bi</wf>
         <wf lemma="bil" pos="X">bil</wf>
         <wf lemma="ta" pos="X">ta</wf>
         <wf lemma="včlanjen" pos="X">včlanjen</wf>
         <wf lemma="v" pos="X">v</wf>
         <wf lemma="kak" pos="X">kak</wf>
         <wf lemma="lions" pos="X">lions</wf>
         <instance id="d000.s350.t000" lemma="klub" pos="NOUN">klub</instance>
         <wf lemma="," pos="X">,</wf>
         <wf lemma="opravljal" pos="X">opravljal</wf>
         <wf lemma="bi" pos="X">bi</wf>
         <wf lemma="direktorske" pos="X">direktorske</wf>
         <wf lemma="posle" pos="X">posle</wf>
         <wf lemma="," pos="X">,</wf>
         <wf lemma="ob" pos="X">ob</wf>
         <wf lemma="tem" pos="X">tem</wf>
         <wf lemma="pa" pos="X">pa</wf>
         <wf lemma="bi" pos="X">bi</wf>
         <wf lemma="sedel" pos="X">sedel</wf>
         <wf lemma="še" pos="X">še</wf>
         <wf lemma="v" pos="X">v</wf>
         <wf lemma="enem" pos="X">enem</wf>
         <wf lemma="nadzornem" pos="X">nadzornem</wf>
         <wf lemma="svetu" pos="X">svetu</wf>
         <wf lemma="." pos="X">.</wf>
      </sentence>
      <sentence id="d000.s351" source="wordnet-slovenian">
         <wf lemma="Boštjan" pos="X">Boštjan</wf>
         <wf lemma="Pirc" pos="X">Pirc</wf>
         <wf lemma="," pos="X">,</wf>
         <wf lemma="zbiralec" pos="X">zbiralec</wf>
         <wf lemma="vsega" pos="X">vsega</wf>
         <wf lemma="lepega" pos="X">lepega</wf>
         <wf lemma="," pos="X">,</wf>
         <wf lemma="je" pos="X">je</wf>
         <instance id="d000.s351.t000" lemma="človek" pos="NOUN">človek</instance>
         <wf lemma="," pos="X">,</wf>
         <wf lemma="ki" pos="X">ki</wf>
         <wf lemma="ne" pos="X">ne</wf>
         <wf lemma="prenese" pos="X">prenese</wf>
         <wf lemma="avtoritete" pos="X">avtoritete</wf>
         <wf lemma="s" pos="X">s</wf>
         <wf lemma="formalne" pos="X">formalne</wf>
         <wf lemma="pozicije" pos="X">pozicije</wf>
         <wf lemma="." pos="X">.</wf>
      </sentence>
      <sentence id="d000.s352" source="wordnet-slovenian">
         <wf lemma="Novo" pos="X">Novo</wf>
         <wf lemma="zaposlena" pos="X">zaposlena</wf>
         <wf lemma="delovna" pos="X">delovna</wf>
         <wf lemma="sila" pos="X">sila</wf>
         <wf lemma="je" pos="X">je</wf>
         <wf lemma="proračun" pos="X">proračun</wf>
         <wf lemma="sosednje" pos="X">sosednje</wf>
         <wf lemma="države" pos="X">države</wf>
         <wf lemma="ob" pos="X">ob</wf>
         <wf lemma="vstopanju" pos="X">vstopanju</wf>
         <wf lemma="v" pos="X">v</wf>
         <wf lemma="EU" pos="X">EU</wf>
         <wf lemma="kratkoročno" pos="X">kratkoročno</wf>
         <wf lemma="obremenila" pos="X">obremenila</wf>
         <wf lemma="z" pos="X">z</wf>
         <wf lemma="dodatnimi" pos="X">dodatnimi</wf>
         <wf lemma="72" pos="X">72</wf>
         <wf lemma="milijoni" pos="X">milijoni</wf>
         <wf lemma="šilingov" pos="X">šilingov</wf>
         <wf lemma="(" pos="X">(</wf>
         <wf lemma="964" pos="X">964</wf>
         <wf lemma="milijoni" pos="X">milijoni</wf>
         <wf lemma="tolarjev" pos="X">tolarjev</wf>
         <wf lemma=")" pos="X">)</wf>
         <wf lemma="na" pos="X">na</wf>
         <instance id="d000.s352.t000" lemma="leto" pos="NOUN">leto</instance>
         <wf lemma="." pos="X">.</wf>
      </sentence>
      <sentence id="d000.s353" source="wordnet-slovenian">
         <wf lemma="So" pos="X">So</wf>
         <wf lemma="pa" pos="X">pa</wf>
         <wf lemma="tudi" pos="X">tudi</wf>
         <wf lemma="nekoliko" pos="X">nekoliko</wf>
         <wf lemma="drugačni" pos="X">drugačni</wf>
         <instance id="d000.s353.t000" lemma="pogled" pos="NOUN">pogledi</instance>
         <wf lemma="na" pos="X">na</wf>
         <wf lemma="možni" pos="X">možni</wf>
         <wf lemma="razvoj" pos="X">razvoj</wf>
         <wf lemma="dogodkov" pos="X">dogodkov</wf>
         <wf lemma="na" pos="X">na</wf>
         <wf lemma="stanovanjskem" pos="X">stanovanjskem</wf>
         <wf lemma="trgu" pos="X">trgu</wf>
         <wf lemma="." pos="X">.</wf>
      </sentence>
      <sentence id="d000.s354" source="wordnet-slovenian">
         <wf lemma="Slavnemu" pos="X">Slavnemu</wf>
         <wf lemma="Salzburgu" pos="X">Salzburgu</wf>
         <wf lemma="smo" pos="X">smo</wf>
         <wf lemma="njega" pos="X">njega</wf>
         <wf lemma="dni" pos="X">dni</wf>
         <wf lemma="rekli" pos="X">rekli</wf>
         <wf lemma="Solnograd" pos="X">Solnograd</wf>
         <wf lemma="," pos="X">,</wf>
         <wf lemma="bahavemu" pos="X">bahavemu</wf>
         <wf lemma="Münchnu" pos="X">Münchnu</wf>
         <wf lemma="Monakovo" pos="X">Monakovo</wf>
         <wf lemma="," pos="X">,</wf>
         <wf lemma="umetniškemu" pos="X">umetniškemu</wf>
         <wf lemma="biseru" pos="X">biseru</wf>
         <wf lemma="Italije" pos="X">Italije</wf>
         <wf lemma="," pos="X">,</wf>
         <wf lemma="Firenzam" pos="X">Firenzam</wf>
         <wf lemma="," pos="X">,</wf>
         <wf lemma="Florenca" pos="X">Florenca</wf>
         <wf lemma="," pos="X">,</wf>
         <instance id="d000.s354.t000" lemma="mesto" pos="NOUN">mestu</instance>
         <wf lemma="na" pos="X">na</wf>
         <wf lemma="lagunah" pos="X">lagunah</wf>
         <wf lemma="Veneziji" pos="X">Veneziji</wf>
         <wf lemma="pa" pos="X">pa</wf>
         <wf lemma="Benetke" pos="X">Benetke</wf>
         <wf lemma="." pos="X">.</wf>
      </sentence>
      <sentence id="d000.s355" source="wordnet-slovenian">
         <wf lemma="Vlada" pos="X">Vlada</wf>
         <wf lemma="Republike" pos="X">Republike</wf>
         <wf lemma="Slovenije" pos="X">Slovenije</wf>
         <wf lemma="je" pos="X">je</wf>
         <wf lemma="odgovorna" pos="X">odgovorna</wf>
         <wf lemma="za" pos="X">za</wf>
         <wf lemma="prevoz" pos="X">prevoz</wf>
         <wf lemma="osebja" pos="X">osebja</wf>
         <wf lemma="slovenskega" pos="X">slovenskega</wf>
         <wf lemma="kontingenta" pos="X">kontingenta</wf>
         <wf lemma="," pos="X">,</wf>
         <wf lemma="njihovega" pos="X">njihovega</wf>
         <wf lemma="orožja" pos="X">orožja</wf>
         <wf lemma="in" pos="X">in</wf>
         <wf lemma="opreme" pos="X">opreme</wf>
         <wf lemma="brez" pos="X">brez</wf>
         <wf lemma="stroškov" pos="X">stroškov</wf>
         <wf lemma="za" pos="X">za</wf>
         <wf lemma="Nato" pos="X">Nato</wf>
         <wf lemma="iz" pos="X">iz</wf>
         <wf lemma="določenega" pos="X">določenega</wf>
         <wf lemma="kraja" pos="X">kraja</wf>
         <wf lemma="do" pos="X">do</wf>
         <wf lemma="njihovega" pos="X">njihovega</wf>
         <wf lemma="štaba" pos="X">štaba</wf>
         <wf lemma="na" pos="X">na</wf>
         <instance id="d000.s355.t000" lemma="območje" pos="NOUN">območju</instance>
         <wf lemma="operacij" pos="X">operacij</wf>
         <wf lemma="in" pos="X">in</wf>
         <wf lemma="vrnitve" pos="X">vrnitve</wf>
         <wf lemma="v" pos="X">v</wf>
         <wf lemma="skladu" pos="X">skladu</wf>
         <wf lemma="z" pos="X">z</wf>
         <wf lemma="medsebojno" pos="X">medsebojno</wf>
         <wf lemma="določenim" pos="X">določenim</wf>
         <wf lemma="razporedom" pos="X">razporedom</wf>
         <wf lemma="kroženja" pos="X">kroženja</wf>
         <wf lemma="." pos="X">.</wf>
      </sentence>
      <sentence id="d000.s356" source="wordnet-slovenian">
         <wf lemma="Tako" pos="X">Tako</wf>
         <wf lemma="je" pos="X">je</wf>
         <wf lemma="npr." pos="X">npr.</wf>
         <wf lemma="zelo" pos="X">zelo</wf>
         <wf lemma="koristno" pos="X">koristno</wf>
         <wf lemma="," pos="X">,</wf>
         <wf lemma="če" pos="X">če</wf>
         <wf lemma="prejemnike" pos="X">prejemnike</wf>
         <wf lemma="svojih" pos="X">svojih</wf>
         <wf lemma="poštnih" pos="X">poštnih</wf>
         <wf lemma="sporočil" pos="X">sporočil</wf>
         <wf lemma="povabite" pos="X">povabite</wf>
         <wf lemma="na" pos="X">na</wf>
         <wf lemma="prebiranje" pos="X">prebiranje</wf>
         <wf lemma="svojega" pos="X">svojega</wf>
         <wf lemma="bloga" pos="X">bloga</wf>
         <wf lemma="," pos="X">,</wf>
         <wf lemma="v" pos="X">v</wf>
         <wf lemma="blogu" pos="X">blogu</wf>
         <wf lemma="pa" pos="X">pa</wf>
         <wf lemma="jih" pos="X">jih</wf>
         <wf lemma="povabite" pos="X">povabite</wf>
         <wf lemma="," pos="X">,</wf>
         <wf lemma="da" pos="X">da</wf>
         <wf lemma="se" pos="X">se</wf>
         <wf lemma="naročijo" pos="X">naročijo</wf>
         <wf lemma="na" pos="X">na</wf>
         <wf lemma="vaše" pos="X">vaše</wf>
         <wf lemma="e" pos="X">e</wf>
         <wf lemma="-" pos="X">-</wf>
         <wf lemma="novice" pos="X">novice</wf>
         <wf lemma="in" pos="X">in</wf>
         <wf lemma="jih" pos="X">jih</wf>
         <wf lemma="npr." pos="X">npr.</wf>
         <wf lemma="prek" pos="X">prek</wf>
         <wf lemma="RSS-a" pos="X">RSS-a</wf>
         <wf lemma="obvestite" pos="X">obvestite</wf>
         <wf lemma="o" pos="X">o</wf>
         <wf lemma="vseh" pos="X">vseh</wf>
         <wf lemma="teh" pos="X">teh</wf>
         <instance id="d000.s356.t000" lemma="stvar" pos="NOUN">stvareh</instance>
         <wf lemma="." pos="X">.</wf>
      </sentence>
      <sentence id="d000.s357" source="wordnet-slovenian">
         <wf lemma="Naravno" pos="X">Naravno</wf>
         <wf lemma="količino" pos="X">količino</wf>
         <wf lemma="ozona" pos="X">ozona</wf>
         <wf lemma="v" pos="X">v</wf>
         <wf lemma="stratosferi" pos="X">stratosferi</wf>
         <wf lemma="in" pos="X">in</wf>
         <wf lemma="njeno" pos="X">njeno</wf>
         <wf lemma="spreminjanje" pos="X">spreminjanje</wf>
         <wf lemma="med" pos="X">med</wf>
         <instance id="d000.s357.t000" lemma="leto" pos="NOUN">letom</instance>
         <wf lemma="uravnavata" pos="X">uravnavata</wf>
         <wf lemma="predvsem" pos="X">predvsem</wf>
         <wf lemma="dva" pos="X">dva</wf>
         <wf lemma="sklopa" pos="X">sklopa</wf>
         <wf lemma="dogajanj" pos="X">dogajanj</wf>
         <wf lemma=":" pos="X">:</wf>
         <wf lemma="v" pos="X">v</wf>
         <wf lemma="enega" pos="X">enega</wf>
         <wf lemma="spadajo" pos="X">spadajo</wf>
         <wf lemma="fotokemične" pos="X">fotokemične</wf>
         <wf lemma="reakcije" pos="X">reakcije</wf>
         <wf lemma="z" pos="X">z</wf>
         <wf lemma="absorpcijo" pos="X">absorpcijo</wf>
         <wf lemma="sevanja" pos="X">sevanja</wf>
         <wf lemma="," pos="X">,</wf>
         <wf lemma="v" pos="X">v</wf>
         <wf lemma="drugega" pos="X">drugega</wf>
         <wf lemma="pa" pos="X">pa</wf>
         <wf lemma="vse" pos="X">vse</wf>
         <wf lemma="," pos="X">,</wf>
         <wf lemma="kar" pos="X">kar</wf>
         <wf lemma="je" pos="X">je</wf>
         <wf lemma="povezano" pos="X">povezano</wf>
         <wf lemma="z" pos="X">z</wf>
         <wf lemma="gibanjem" pos="X">gibanjem</wf>
         <wf lemma="zraka" pos="X">zraka</wf>
         <wf lemma="in" pos="X">in</wf>
         <wf lemma="s" pos="X">s</wf>
         <wf lemma="tem" pos="X">tem</wf>
         <wf lemma="povezanim" pos="X">povezanim</wf>
         <wf lemma="prenašanjem" pos="X">prenašanjem</wf>
         <wf lemma="toplote" pos="X">toplote</wf>
         <wf lemma="in" pos="X">in</wf>
         <wf lemma="snovi" pos="X">snovi</wf>
         <wf lemma="," pos="X">,</wf>
         <wf lemma="tudi" pos="X">tudi</wf>
         <wf lemma="ozona" pos="X">ozona</wf>
         <wf lemma="," pos="X">,</wf>
         <wf lemma="iz" pos="X">iz</wf>
         <wf lemma="kraja" pos="X">kraja</wf>
         <wf lemma="v" pos="X">v</wf>
         <wf lemma="kraj" pos="X">kraj</wf>
         <wf lemma="." pos="X">.</wf>
      </sentence>
      <sentence id="d000.s358" source="wordnet-slovenian">
         <wf lemma="Užival" pos="X">Užival</wf>
         <wf lemma="je" pos="X">je</wf>
         <wf lemma="ob" pos="X">ob</wf>
         <wf lemma="predstavi" pos="X">predstavi</wf>
         <wf lemma="," pos="X">,</wf>
         <wf lemma="kako" pos="X">kako</wf>
         <wf lemma="je" pos="X">je</wf>
         <wf lemma="razneslo" pos="X">razneslo</wf>
         <instance id="d000.s358.t000" lemma="telo" pos="NOUN">telo</instance>
         <wf lemma="Adama" pos="X">Adama</wf>
         <wf lemma="Cauliffa" pos="X">Cauliffa</wf>
         <wf lemma="na" pos="X">na</wf>
         <wf lemma="drobne" pos="X">drobne</wf>
         <wf lemma="koščke" pos="X">koščke</wf>
         <wf lemma="," pos="X">,</wf>
         <wf lemma="začenši" pos="X">začenši</wf>
         <wf lemma="z" pos="X">z</wf>
         <wf lemma="nenadnim" pos="X">nenadnim</wf>
         <wf lemma="spoznanjem" pos="X">spoznanjem</wf>
         <wf lemma="," pos="X">,</wf>
         <wf lemma="ki" pos="X">ki</wf>
         <wf lemma="se" pos="X">se</wf>
         <wf lemma="je" pos="X">je</wf>
         <wf lemma="gotovo" pos="X">gotovo</wf>
         <wf lemma="registriralo" pos="X">registriralo</wf>
         <wf lemma="v" pos="X">v</wf>
         <wf lemma="Cauliffovih" pos="X">Cauliffovih</wf>
         <wf lemma="možganih" pos="X">možganih</wf>
         <wf lemma="," pos="X">,</wf>
         <wf lemma="vedenje" pos="X">vedenje</wf>
         <wf lemma="," pos="X">,</wf>
         <wf lemma="da" pos="X">da</wf>
         <wf lemma="zares" pos="X">zares</wf>
         <wf lemma="umira" pos="X">umira</wf>
         <wf lemma="." pos="X">.</wf>
      </sentence>
      <sentence id="d000.s359" source="wordnet-slovenian">
         <wf lemma="Harrison" pos="X">Harrison</wf>
         <wf lemma="je" pos="X">je</wf>
         <wf lemma="vzel" pos="X">vzel</wf>
         <wf lemma="hipoteko" pos="X">hipoteko</wf>
         <wf lemma="na" pos="X">na</wf>
         <instance id="d000.s359.t000" lemma="hiša" pos="NOUN">hišo</instance>
         <wf lemma="in" pos="X">in</wf>
         <wf lemma="postal" pos="X">postal</wf>
         <wf lemma="filmski" pos="X">filmski</wf>
         <wf lemma="producent" pos="X">producent</wf>
         <wf lemma="." pos="X">.</wf>
      </sentence>
      <sentence id="d000.s360" source="wordnet-slovenian">
         <wf lemma="Zato" pos="X">Zato</wf>
         <wf lemma="je" pos="X">je</wf>
         <wf lemma="vprašanje" pos="X">vprašanje</wf>
         <wf lemma="javnega" pos="X">javnega</wf>
         <wf lemma="nadzora" pos="X">nadzora</wf>
         <wf lemma="nad" pos="X">nad</wf>
         <instance id="d000.s360.t000" lemma="uporaba" pos="NOUN">uporabo</instance>
         <wf lemma="tveganih" pos="X">tveganih</wf>
         <wf lemma="tehnologij" pos="X">tehnologij</wf>
         <wf lemma="temeljno" pos="X">temeljno</wf>
         <wf lemma="vprašanje" pos="X">vprašanje</wf>
         <wf lemma="demokracije" pos="X">demokracije</wf>
         <wf lemma="sodobnega" pos="X">sodobnega</wf>
         <wf lemma="sveta" pos="X">sveta</wf>
         <wf lemma="." pos="X">.</wf>
      </sentence>
      <sentence id="d000.s361" source="wordnet-slovenian">
         <wf lemma="Vendar" pos="X">Vendar</wf>
         <wf lemma="je" pos="X">je</wf>
         <wf lemma="tudi" pos="X">tudi</wf>
         <wf lemma="prosilna" pos="X">prosilna</wf>
         <wf lemma="molitev" pos="X">molitev</wf>
         <wf lemma="upravičena" pos="X">upravičena</wf>
         <wf lemma="," pos="X">,</wf>
         <wf lemma="če" pos="X">če</wf>
         <wf lemma="le" pos="X">le</wf>
         <wf lemma="prosimo" pos="X">prosimo</wf>
         <wf lemma="za" pos="X">za</wf>
         <wf lemma="dobro" pos="X">dobro</wf>
         <instance id="d000.s361.t000" lemma="stvar" pos="NOUN">stvar</instance>
         <wf lemma="in" pos="X">in</wf>
         <wf lemma="s" pos="X">s</wf>
         <wf lemma="pravim" pos="X">pravim</wf>
         <wf lemma="namenom" pos="X">namenom</wf>
         <wf lemma="." pos="X">.</wf>
      </sentence>
      <sentence id="d000.s362" source="wordnet-slovenian">
         <wf lemma="Hkrati" pos="X">Hkrati</wf>
         <wf lemma="pa" pos="X">pa</wf>
         <wf lemma="ni" pos="X">ni</wf>
         <wf lemma="nikjer" pos="X">nikjer</wf>
         <wf lemma="tistih" pos="X">tistih</wf>
         <wf lemma="tako" pos="X">tako</wf>
         <wf lemma="očitnih" pos="X">očitnih</wf>
         <wf lemma="zunanjih" pos="X">zunanjih</wf>
         <wf lemma="znakov" pos="X">znakov</wf>
         <wf lemma="patriotizma" pos="X">patriotizma</wf>
         <wf lemma="," pos="X">,</wf>
         <wf lemma="ki" pos="X">ki</wf>
         <wf lemma="govorijo" pos="X">govorijo</wf>
         <wf lemma="o" pos="X">o</wf>
         <wf lemma="deželi" pos="X">deželi</wf>
         <wf lemma="v" pos="X">v</wf>
         <instance id="d000.s362.t000" lemma="vojna" pos="NOUN">vojni</instance>
         <wf lemma="." pos="X">.</wf>
      </sentence>
      <sentence id="d000.s363" source="wordnet-slovenian">
         <wf lemma="In" pos="X">In</wf>
         <wf lemma="ker" pos="X">ker</wf>
         <wf lemma="je" pos="X">je</wf>
         <wf lemma="bila" pos="X">bila</wf>
         <wf lemma="Virginia" pos="X">Virginia</wf>
         <wf lemma="Woolf" pos="X">Woolf</wf>
         <wf lemma="nedvomno" pos="X">nedvomno</wf>
         <instance id="d000.s363.t000" lemma="ženska" pos="NOUN">ženska</instance>
         <wf lemma="," pos="X">,</wf>
         <wf lemma="so" pos="X">so</wf>
         <wf lemma="logično" pos="X">logično</wf>
         <wf lemma="sklepale" pos="X">sklepale</wf>
         <wf lemma="," pos="X">,</wf>
         <wf lemma="da" pos="X">da</wf>
         <wf lemma="bo" pos="X">bo</wf>
         <wf lemma="o" pos="X">o</wf>
         <wf lemma="ponujeni" pos="X">ponujeni</wf>
         <wf lemma="temi" pos="X">temi</wf>
         <wf lemma="–" pos="X">–</wf>
         <wf lemma="Ženske" pos="X">Ženske</wf>
         <wf lemma="in" pos="X">in</wf>
         <wf lemma="leposlovje" pos="X">leposlovje</wf>
         <wf lemma="–" pos="X">–</wf>
         <wf lemma="znala" pos="X">znala</wf>
         <wf lemma="kaj" pos="X">kaj</wf>
         <wf lemma="zanimivega" pos="X">zanimivega</wf>
         <wf lemma="povedati" pos="X">povedati</wf>
         <wf lemma="." pos="X">.</wf>
      </sentence>
      <sentence id="d000.s364" source="wordnet-slovenian">
         <instance id="d000.s364.t000" lemma="razvoj" pos="NOUN">Razvoj</instance>
         <wf lemma="novega" pos="X">novega</wf>
         <wf lemma="Formore" pos="X">Formore</wf>
         <wf lemma="so" pos="X">so</wf>
         <wf lemma="ustavili" pos="X">ustavili</wf>
         <wf lemma="," pos="X">,</wf>
         <wf lemma="Roadster" pos="X">Roadster</wf>
         <wf lemma="pa" pos="X">pa</wf>
         <wf lemma="bodo" pos="X">bodo</wf>
         <wf lemma="izdelovali" pos="X">izdelovali</wf>
         <wf lemma="le" pos="X">le</wf>
         <wf lemma="še" pos="X">še</wf>
         <wf lemma="letos" pos="X">letos</wf>
         <wf lemma="." pos="X">.</wf>
      </sentence>
      <sentence id="d000.s365" source="wordnet-slovenian">
         <wf lemma="Zategadelj" pos="X">Zategadelj</wf>
         <wf lemma="si" pos="X">si</wf>
         <wf lemma="s" pos="X">s</wf>
         <wf lemma="svojim" pos="X">svojim</wf>
         <wf lemma="trenerjem" pos="X">trenerjem</wf>
         <wf lemma="," pos="X">,</wf>
         <wf lemma="ki" pos="X">ki</wf>
         <wf lemma="so" pos="X">so</wf>
         <wf lemma="ga" pos="X">ga</wf>
         <wf lemma="v" pos="X">v</wf>
         <wf lemma="Avstraliji" pos="X">Avstraliji</wf>
         <wf lemma="neutemeljeno" pos="X">neutemeljeno</wf>
         <wf lemma="očrnili" pos="X">očrnili</wf>
         <wf lemma="zaradi" pos="X">zaradi</wf>
         <wf lemma="domnevne" pos="X">domnevne</wf>
         <wf lemma="dopinške" pos="X">dopinške</wf>
         <wf lemma="afere" pos="X">afere</wf>
         <wf lemma="(" pos="X">(</wf>
         <wf lemma="Tureckij" pos="X">Tureckij</wf>
         <wf lemma="zato" pos="X">zato</wf>
         <wf lemma="zdaj" pos="X">zdaj</wf>
         <wf lemma="toži" pos="X">toži</wf>
         <wf lemma="avstralsko" pos="X">avstralsko</wf>
         <wf lemma="plavalno" pos="X">plavalno</wf>
         <wf lemma="zvezo" pos="X">zvezo</wf>
         <wf lemma=")" pos="X">)</wf>
         <wf lemma="," pos="X">,</wf>
         <wf lemma="želi" pos="X">želi</wf>
         <wf lemma="predvsem" pos="X">predvsem</wf>
         <wf lemma="miru" pos="X">miru</wf>
         <wf lemma="v" pos="X">v</wf>
         <wf lemma="prijetnem" pos="X">prijetnem</wf>
         <instance id="d000.s365.t000" lemma="okolje" pos="NOUN">okolju</instance>
         <wf lemma="švicarskih" pos="X">švicarskih</wf>
         <wf lemma="Alp" pos="X">Alp</wf>
         <wf lemma="." pos="X">.</wf>
      </sentence>
      <sentence id="d000.s366" source="wordnet-slovenian">
         <wf lemma="Bilo" pos="X">Bilo</wf>
         <wf lemma="je" pos="X">je</wf>
         <wf lemma="pri" pos="X">pri</wf>
         <wf lemma="šestih" pos="X">šestih</wf>
         <wf lemma="," pos="X">,</wf>
         <wf lemma="sedmih" pos="X">sedmih</wf>
         <instance id="d000.s366.t000" lemma="leto" pos="NOUN">letih</instance>
         <wf lemma="in" pos="X">in</wf>
         <wf lemma="potem" pos="X">potem</wf>
         <wf lemma="sem" pos="X">sem</wf>
         <wf lemma="šel" pos="X">šel</wf>
         <wf lemma="v" pos="X">v</wf>
         <wf lemma="Primorju" pos="X">Primorju</wf>
         <wf lemma="skozi" pos="X">skozi</wf>
         <wf lemma="vse" pos="X">vse</wf>
         <wf lemma="selekcije" pos="X">selekcije</wf>
         <wf lemma="." pos="X">.</wf>
      </sentence>
      <sentence id="d000.s367" source="wordnet-slovenian">
         <wf lemma="Rekel" pos="X">Rekel</wf>
         <wf lemma="je" pos="X">je</wf>
         <wf lemma="," pos="X">,</wf>
         <wf lemma="da" pos="X">da</wf>
         <wf lemma="so" pos="X">so</wf>
         <instance id="d000.s367.t000" lemma="projekt" pos="NOUN">projekt</instance>
         <wf lemma="zavrnili" pos="X">zavrnili</wf>
         <wf lemma="." pos="X">.</wf>
      </sentence>
      <sentence id="d000.s368" source="wordnet-slovenian">
         <wf lemma="Povlekel" pos="X">Povlekel</wf>
         <wf lemma="je" pos="X">je</wf>
         <wf lemma="pogled" pos="X">pogled</wf>
         <wf lemma="od" pos="X">od</wf>
         <wf lemma="žarnice" pos="X">žarnice</wf>
         <wf lemma="," pos="X">,</wf>
         <wf lemma="prevlečene" pos="X">prevlečene</wf>
         <wf lemma="s" pos="X">s</wf>
         <wf lemma="kožo" pos="X">kožo</wf>
         <wf lemma="," pos="X">,</wf>
         <wf lemma="ki" pos="X">ki</wf>
         <wf lemma="ga" pos="X">ga</wf>
         <wf lemma="je" pos="X">je</wf>
         <wf lemma="pravkar" pos="X">pravkar</wf>
         <wf lemma="nagovorila" pos="X">nagovorila</wf>
         <wf lemma="," pos="X">,</wf>
         <wf lemma="in" pos="X">in</wf>
         <wf lemma="se" pos="X">se</wf>
         <wf lemma="zagledal" pos="X">zagledal</wf>
         <wf lemma="v" pos="X">v</wf>
         <wf lemma="vrsto" pos="X">vrsto</wf>
         <wf lemma="," pos="X">,</wf>
         <wf lemma="ki" pos="X">ki</wf>
         <wf lemma="se" pos="X">se</wf>
         <wf lemma="je" pos="X">je</wf>
         <wf lemma="vila" pos="X">vila</wf>
         <wf lemma="kačasto" pos="X">kačasto</wf>
         <wf lemma="prek" pos="X">prek</wf>
         <wf lemma="vsega" pos="X">vsega</wf>
         <instance id="d000.s368.t000" lemma="trg" pos="NOUN">trga</instance>
         <wf lemma="," pos="X">,</wf>
         <wf lemma="vsi" pos="X">vsi</wf>
         <wf lemma="so" pos="X">so</wf>
         <wf lemma="si" pos="X">si</wf>
         <wf lemma="hoteli" pos="X">hoteli</wf>
         <wf lemma="za" pos="X">za</wf>
         <wf lemma="dva" pos="X">dva</wf>
         <wf lemma="zelena" pos="X">zelena</wf>
         <wf lemma="bankovca" pos="X">bankovca</wf>
         <wf lemma="očistiti" pos="X">očistiti</wf>
         <wf lemma="dušo" pos="X">dušo</wf>
         <wf lemma="in" pos="X">in</wf>
         <wf lemma="jo" pos="X">jo</wf>
         <wf lemma="preložiti" pos="X">preložiti</wf>
         <wf lemma="na" pos="X">na</wf>
         <wf lemma="očetova" pos="X">očetova</wf>
         <wf lemma="ramena" pos="X">ramena</wf>
         <wf lemma="in" pos="X">in</wf>
         <wf lemma="si" pos="X">si</wf>
         <wf lemma="za" pos="X">za</wf>
         <wf lemma="dva" pos="X">dva</wf>
         <wf lemma="naslednja" pos="X">naslednja</wf>
         <wf lemma="bankovca" pos="X">bankovca</wf>
         <wf lemma="olajšati" pos="X">olajšati</wf>
         <wf lemma="telo" pos="X">telo</wf>
         <wf lemma="," pos="X">,</wf>
         <wf lemma="ga" pos="X">ga</wf>
         <wf lemma="ubiti" pos="X">ubiti</wf>
         <wf lemma="v" pos="X">v</wf>
         <wf lemma="deklici" pos="X">deklici</wf>
         <wf lemma="." pos="X">.</wf>
      </sentence>
      <sentence id="d000.s369" source="wordnet-slovenian">
         <wf lemma="Liga" pos="X">Liga</wf>
         <wf lemma="Hypo" pos="X">Hypo</wf>
         <wf lemma="," pos="X">,</wf>
         <wf lemma="danes" pos="X">danes</wf>
         <wf lemma="ob" pos="X">ob</wf>
         <wf lemma="19." pos="X">19.</wf>
         <instance id="d000.s369.t000" lemma="ura" pos="NOUN">uri</instance>
         <wf lemma=":" pos="X">:</wf>
         <wf lemma="Elektra" pos="X">Elektra</wf>
         <wf lemma="-" pos="X">-</wf>
         <wf lemma="Helios" pos="X">Helios</wf>
         <wf lemma="," pos="X">,</wf>
         <wf lemma="Rogla" pos="X">Rogla</wf>
         <wf lemma="-" pos="X">-</wf>
         <wf lemma="Koper" pos="X">Koper</wf>
         <wf lemma="," pos="X">,</wf>
         <wf lemma="Zagorje" pos="X">Zagorje</wf>
         <wf lemma="Banka" pos="X">Banka</wf>
         <wf lemma="Zasavje" pos="X">Zasavje</wf>
         <wf lemma="-" pos="X">-</wf>
         <wf lemma="Loka" pos="X">Loka</wf>
         <wf lemma="kava" pos="X">kava</wf>
         <wf lemma="," pos="X">,</wf>
         <wf lemma="ob" pos="X">ob</wf>
         <wf lemma="20." pos="X">20.</wf>
         <wf lemma="uri" pos="X">uri</wf>
         <wf lemma=":" pos="X">:</wf>
         <wf lemma="Savinjski" pos="X">Savinjski</wf>
         <wf lemma="Hopsi" pos="X">Hopsi</wf>
         <wf lemma="-" pos="X">-</wf>
         <wf lemma="Alpos" pos="X">Alpos</wf>
         <wf lemma="Kemoplast" pos="X">Kemoplast</wf>
         <wf lemma="," pos="X">,</wf>
         <wf lemma="Kraški" pos="X">Kraški</wf>
         <wf lemma="zidar" pos="X">zidar</wf>
         <wf lemma="-" pos="X">-</wf>
         <wf lemma="Triglav" pos="X">Triglav</wf>
         <wf lemma="," pos="X">,</wf>
         <wf lemma="." pos="X">.</wf>
      </sentence>
      <sentence id="d000.s370" source="wordnet-slovenian">
         <wf lemma="Jopič" pos="X">Jopič</wf>
         <wf lemma="," pos="X">,</wf>
         <wf lemma="ki" pos="X">ki</wf>
         <wf lemma="se" pos="X">se</wf>
         <wf lemma="je" pos="X">je</wf>
         <wf lemma="prilegal" pos="X">prilegal</wf>
         <instance id="d000.s370.t000" lemma="telo" pos="NOUN">telesu</instance>
         <wf lemma="," pos="X">,</wf>
         <wf lemma="puli" pos="X">puli</wf>
         <wf lemma="," pos="X">,</wf>
         <wf lemma="oprijete" pos="X">oprijete</wf>
         <wf lemma="dolge" pos="X">dolge</wf>
         <wf lemma="hlače" pos="X">hlače</wf>
         <wf lemma="," pos="X">,</wf>
         <wf lemma="moderne" pos="X">moderne</wf>
         <wf lemma="kavbojske" pos="X">kavbojske</wf>
         <wf lemma="škornje" pos="X">škornje</wf>
         <wf lemma="." pos="X">.</wf>
      </sentence>
      <sentence id="d000.s371" source="wordnet-slovenian">
         <wf lemma="V" pos="X">V</wf>
         <wf lemma="tem" pos="X">tem</wf>
         <wf lemma="kontekstu" pos="X">kontekstu</wf>
         <wf lemma="bi" pos="X">bi</wf>
         <wf lemma="celo" pos="X">celo</wf>
         <wf lemma="tvegal" pos="X">tvegal</wf>
         <wf lemma="trditev" pos="X">trditev</wf>
         <wf lemma="," pos="X">,</wf>
         <wf lemma="da" pos="X">da</wf>
         <wf lemma="bomo" pos="X">bomo</wf>
         <instance id="d000.s371.t000" lemma="večina" pos="NOUN">večino</instance>
         <wf lemma="pogajanj" pos="X">pogajanj</wf>
         <wf lemma="opravili" pos="X">opravili</wf>
         <wf lemma="doma" pos="X">doma</wf>
         <wf lemma="," pos="X">,</wf>
         <wf lemma="da" pos="X">da</wf>
         <wf lemma="bo" pos="X">bo</wf>
         <wf lemma="manj" pos="X">manj</wf>
         <wf lemma="pomemben" pos="X">pomemben</wf>
         <wf lemma="delpogajanj" pos="X">delpogajanj</wf>
         <wf lemma="z" pos="X">z</wf>
         <wf lemma="komisijo" pos="X">komisijo</wf>
         <wf lemma="EU" pos="X">EU</wf>
         <wf lemma="," pos="X">,</wf>
         <wf lemma="čewprav" pos="X">čewprav</wf>
         <wf lemma="tega" pos="X">tega</wf>
         <wf lemma="ne" pos="X">ne</wf>
         <wf lemma="podcenjujem" pos="X">podcenjujem</wf>
         <wf lemma="," pos="X">,</wf>
         <wf lemma="še" pos="X">še</wf>
         <wf lemma="zlasti" pos="X">zlasti</wf>
         <wf lemma="ghlede" pos="X">ghlede</wf>
         <wf lemma="vprašanj" pos="X">vprašanj</wf>
         <wf lemma="glede" pos="X">glede</wf>
         <wf lemma="Luke" pos="X">Luke</wf>
         <wf lemma="Koper" pos="X">Koper</wf>
         <wf lemma="." pos="X">.</wf>
      </sentence>
      <sentence id="d000.s372" source="wordnet-slovenian">
         <wf lemma="Krivec" pos="X">Krivec</wf>
         <wf lemma="za" pos="X">za</wf>
         <wf lemma="njegovo" pos="X">njegovo</wf>
         <wf lemma="razvrednotenje" pos="X">razvrednotenje</wf>
         <wf lemma="je" pos="X">je</wf>
         <wf lemma="predsednik" pos="X">predsednik</wf>
         <wf lemma="ECB" pos="X">ECB</wf>
         <wf lemma="," pos="X">,</wf>
         <wf lemma="ki" pos="X">ki</wf>
         <wf lemma="po" pos="X">po</wf>
         <wf lemma="mnenju" pos="X">mnenju</wf>
         <wf lemma="valutnih" pos="X">valutnih</wf>
         <instance id="d000.s372.t000" lemma="trg" pos="NOUN">trgov</instance>
         <wf lemma="ne" pos="X">ne</wf>
         <wf lemma="premore" pos="X">premore</wf>
         <wf lemma="kredibilnosti" pos="X">kredibilnosti</wf>
         <wf lemma="ameriškega" pos="X">ameriškega</wf>
         <wf lemma="kolega" pos="X">kolega</wf>
         <wf lemma="Alana" pos="X">Alana</wf>
         <wf lemma="Greenspana" pos="X">Greenspana</wf>
         <wf lemma="in" pos="X">in</wf>
         <wf lemma="je" pos="X">je</wf>
         <wf lemma="edini" pos="X">edini</wf>
         <wf lemma="krivec" pos="X">krivec</wf>
         <wf lemma="za" pos="X">za</wf>
         <wf lemma="nizek" pos="X">nizek</wf>
         <wf lemma="tečaj" pos="X">tečaj</wf>
         <wf lemma="skupne" pos="X">skupne</wf>
         <wf lemma="evropske" pos="X">evropske</wf>
         <wf lemma="valute" pos="X">valute</wf>
         <wf lemma="." pos="X">.</wf>
      </sentence>
      <sentence id="d000.s373" source="wordnet-slovenian">
         <wf lemma="Že" pos="X">Že</wf>
         <wf lemma="čez" pos="X">čez</wf>
         <wf lemma="nekaj" pos="X">nekaj</wf>
         <instance id="d000.s373.t000" lemma="mesec" pos="NOUN">mesecev</instance>
         <wf lemma="se" pos="X">se</wf>
         <wf lemma="je" pos="X">je</wf>
         <wf lemma="začela" pos="X">začela</wf>
         <wf lemma="nova" pos="X">nova</wf>
         <wf lemma="gonja" pos="X">gonja</wf>
         <wf lemma="proti" pos="X">proti</wf>
         <wf lemma="meni" pos="X">meni</wf>
         <wf lemma="." pos="X">.</wf>
      </sentence>
      <sentence id="d000.s374" source="wordnet-slovenian">
         <wf lemma="Ko" pos="X">Ko</wf>
         <wf lemma="se" pos="X">se</wf>
         <wf lemma="je" pos="X">je</wf>
         <wf lemma="zgodila" pos="X">zgodila</wf>
         <wf lemma="tragedija" pos="X">tragedija</wf>
         <wf lemma="Jacka" pos="X">Jacka</wf>
         <wf lemma="Frosta" pos="X">Frosta</wf>
         <wf lemma="," pos="X">,</wf>
         <wf lemma="so" pos="X">so</wf>
         <wf lemma="se" pos="X">se</wf>
         <instance id="d000.s374.t000" lemma="človek" pos="NOUN">ljudje</instance>
         <wf lemma="spominjali" pos="X">spominjali</wf>
         <wf lemma="," pos="X">,</wf>
         <wf lemma="kako" pos="X">kako</wf>
         <wf lemma="so" pos="X">so</wf>
         <wf lemma="sami" pos="X">sami</wf>
         <wf lemma="kupovali" pos="X">kupovali</wf>
         <wf lemma="slaščice" pos="X">slaščice</wf>
         <wf lemma="pri" pos="X">pri</wf>
         <wf lemma="morilcu" pos="X">morilcu</wf>
         <wf lemma="in" pos="X">in</wf>
         <wf lemma="se" pos="X">se</wf>
         <wf lemma="pomenkovali" pos="X">pomenkovali</wf>
         <wf lemma="z" pos="X">z</wf>
         <wf lemma="njim" pos="X">njim</wf>
         <wf lemma="." pos="X">.</wf>
      </sentence>
      <sentence id="d000.s375" source="wordnet-slovenian">
         <wf lemma="Beguncem" pos="X">Beguncem</wf>
         <wf lemma="bo" pos="X">bo</wf>
         <wf lemma="posredoval" pos="X">posredoval</wf>
         <wf lemma="različna" pos="X">različna</wf>
         <instance id="d000.s375.t000" lemma="delo" pos="NOUN">dela</instance>
         <wf lemma="," pos="X">,</wf>
         <wf lemma="za" pos="X">za</wf>
         <wf lemma="katera" pos="X">katera</wf>
         <wf lemma="ne" pos="X">ne</wf>
         <wf lemma="bodo" pos="X">bodo</wf>
         <wf lemma="potrebovali" pos="X">potrebovali</wf>
         <wf lemma="delovnega" pos="X">delovnega</wf>
         <wf lemma="vizuma" pos="X">vizuma</wf>
         <wf lemma="." pos="X">.</wf>
      </sentence>
      <sentence id="d000.s376" source="wordnet-slovenian">
         <wf lemma="Druga" pos="X">Druga</wf>
         <instance id="d000.s376.t000" lemma="zadeva" pos="NOUN">zadeva</instance>
         <wf lemma="." pos="X">.</wf>
      </sentence>
      <sentence id="d000.s377" source="wordnet-slovenian">
         <wf lemma="A" pos="X">A</wf>
         <wf lemma="v" pos="X">v</wf>
         <wf lemma="času" pos="X">času</wf>
         <wf lemma="," pos="X">,</wf>
         <wf lemma="ko" pos="X">ko</wf>
         <wf lemma="kajenje" pos="X">kajenje</wf>
         <wf lemma="v" pos="X">v</wf>
         <wf lemma="Sloveniji" pos="X">Sloveniji</wf>
         <wf lemma="sicer" pos="X">sicer</wf>
         <wf lemma="upada" pos="X">upada</wf>
         <wf lemma="-" pos="X">-</wf>
         <wf lemma="smo" pos="X">smo</wf>
         <wf lemma="namreč" pos="X">namreč</wf>
         <wf lemma="v" pos="X">v</wf>
         <wf lemma="evropskem" pos="X">evropskem</wf>
         <wf lemma="vrhu" pos="X">vrhu</wf>
         <wf lemma="po" pos="X">po</wf>
         <wf lemma="vedno" pos="X">vedno</wf>
         <wf lemma="nižjem" pos="X">nižjem</wf>
         <wf lemma="," pos="X">,</wf>
         <wf lemma="zdaj" pos="X">zdaj</wf>
         <wf lemma="že" pos="X">že</wf>
         <wf lemma="23,7" pos="X">23,7</wf>
         <wf lemma="-" pos="X">-</wf>
         <wf lemma="odstotnem" pos="X">odstotnem</wf>
         <wf lemma="deležu" pos="X">deležu</wf>
         <wf lemma="kadilcev" pos="X">kadilcev</wf>
         <wf lemma="," pos="X">,</wf>
         <wf lemma="kar" pos="X">kar</wf>
         <wf lemma="je" pos="X">je</wf>
         <wf lemma="mogoče" pos="X">mogoče</wf>
         <wf lemma="pripisati" pos="X">pripisati</wf>
         <wf lemma="tudi" pos="X">tudi</wf>
         <wf lemma="precej" pos="X">precej</wf>
         <wf lemma="restriktivni" pos="X">restriktivni</wf>
         <wf lemma="zakonodaji" pos="X">zakonodaji</wf>
         <wf lemma="," pos="X">,</wf>
         <wf lemma="po" pos="X">po</wf>
         <wf lemma="hudih" pos="X">hudih</wf>
         <wf lemma="»" pos="X">»</wf>
         <wf lemma="bojih" pos="X">bojih</wf>
         <wf lemma="«" pos="X">«</wf>
         <wf lemma="in" pos="X">in</wf>
         <wf lemma="neverjetnem" pos="X">neverjetnem</wf>
         <wf lemma="lobiranju" pos="X">lobiranju</wf>
         <wf lemma="tobačne" pos="X">tobačne</wf>
         <wf lemma="industrije" pos="X">industrije</wf>
         <wf lemma="sprejeti" pos="X">sprejeti</wf>
         <instance id="d000.s377.t000" lemma="leto" pos="NOUN">leta</instance>
         <wf lemma="1996" pos="X">1996</wf>
         <wf lemma="-" pos="X">-</wf>
         <wf lemma="," pos="X">,</wf>
         <wf lemma="se" pos="X">se</wf>
         <wf lemma="povečuje" pos="X">povečuje</wf>
         <wf lemma="število" pos="X">število</wf>
         <wf lemma="kadilcev" pos="X">kadilcev</wf>
         <wf lemma="med" pos="X">med</wf>
         <wf lemma="mladimi" pos="X">mladimi</wf>
         <wf lemma="in" pos="X">in</wf>
         <wf lemma="med" pos="X">med</wf>
         <wf lemma="ženskami" pos="X">ženskami</wf>
         <wf lemma="." pos="X">.</wf>
      </sentence>
      <sentence id="d000.s378" source="wordnet-slovenian">
         <wf lemma="Ali" pos="X">Ali</wf>
         <wf lemma="ne" pos="X">ne</wf>
         <wf lemma="bi" pos="X">bi</wf>
         <wf lemma="mogli" pos="X">mogli</wf>
         <wf lemma="malo" pos="X">malo</wf>
         <wf lemma="bolj" pos="X">bolj</wf>
         <wf lemma="upoštevati" pos="X">upoštevati</wf>
         <wf lemma="tudi" pos="X">tudi</wf>
         <wf lemma="naše" pos="X">naše</wf>
         <wf lemma="skupne" pos="X">skupne</wf>
         <wf lemma="dediščine" pos="X">dediščine</wf>
         <wf lemma="kot" pos="X">kot</wf>
         <wf lemma="ozadja" pos="X">ozadja</wf>
         <wf lemma="za" pos="X">za</wf>
         <wf lemma="aktualna" pos="X">aktualna</wf>
         <instance id="d000.s378.t000" lemma="vprašanje" pos="NOUN">vprašanja</instance>
         <wf lemma="," pos="X">,</wf>
         <wf lemma="tistih" pos="X">tistih</wf>
         <wf lemma="delov" pos="X">delov</wf>
         <wf lemma="dediščine" pos="X">dediščine</wf>
         <wf lemma="," pos="X">,</wf>
         <wf lemma="ki" pos="X">ki</wf>
         <wf lemma="se" pos="X">se</wf>
         <wf lemma="dobro" pos="X">dobro</wf>
         <wf lemma="dopolnjujejo" pos="X">dopolnjujejo</wf>
         <wf lemma="in" pos="X">in</wf>
         <wf lemma="lahko" pos="X">lahko</wf>
         <wf lemma="obe" pos="X">obe</wf>
         <wf lemma="strani" pos="X">strani</wf>
         <wf lemma="bogatijo" pos="X">bogatijo</wf>
         <wf lemma="?" pos="X">?</wf>
      </sentence>
      <sentence id="d000.s379" source="wordnet-slovenian">
         <wf lemma="Tekmujeva" pos="X">Tekmujeva</wf>
         <wf lemma="s" pos="X">s</wf>
         <instance id="d000.s379.t000" lemma="čas" pos="NOUN">časom</instance>
         <wf lemma="." pos="X">.</wf>
      </sentence>
      <sentence id="d000.s380" source="wordnet-slovenian">
         <wf lemma="Njegova" pos="X">Njegova</wf>
         <wf lemma="producentska" pos="X">producentska</wf>
         <wf lemma="hiša" pos="X">hiša</wf>
         <wf lemma="HandMade" pos="X">HandMade</wf>
         <wf lemma="Films" pos="X">Films</wf>
         <wf lemma="je" pos="X">je</wf>
         <wf lemma="bila" pos="X">bila</wf>
         <wf lemma="zaslužna" pos="X">zaslužna</wf>
         <wf lemma="za" pos="X">za</wf>
         <wf lemma="vzpon" pos="X">vzpon</wf>
         <wf lemma="britanskega" pos="X">britanskega</wf>
         <wf lemma="filma" pos="X">filma</wf>
         <wf lemma="v" pos="X">v</wf>
         <wf lemma="osemdesetih" pos="X">osemdesetih</wf>
         <instance id="d000.s380.t000" lemma="leto" pos="NOUN">letih</instance>
         <wf lemma="," pos="X">,</wf>
         <wf lemma="veljala" pos="X">veljala</wf>
         <wf lemma="pa" pos="X">pa</wf>
         <wf lemma="je" pos="X">je</wf>
         <wf lemma="za" pos="X">za</wf>
         <wf lemma="eno" pos="X">eno</wf>
         <wf lemma="najuspešnejših" pos="X">najuspešnejših</wf>
         <wf lemma="in" pos="X">in</wf>
         <wf lemma="najbolj" pos="X">najbolj</wf>
         <wf lemma="neodvisnih" pos="X">neodvisnih</wf>
         <wf lemma="produkcijskih" pos="X">produkcijskih</wf>
         <wf lemma="hiš" pos="X">hiš</wf>
         <wf lemma="." pos="X">.</wf>
      </sentence>
      <sentence id="d000.s381" source="wordnet-slovenian">
         <wf lemma="•" pos="X">•</wf>
         <wf lemma="&gt;" pos="X">&gt;</wf>
         <wf lemma="Roke" pos="X">Roke</wf>
         <wf lemma="nato" pos="X">nato</wf>
         <wf lemma="spet" pos="X">spet</wf>
         <wf lemma="iztegnite" pos="X">iztegnite</wf>
         <wf lemma="ob" pos="X">ob</wf>
         <instance id="d000.s381.t000" lemma="telo" pos="NOUN">telesu</instance>
         <wf lemma="." pos="X">.</wf>
      </sentence>
      <sentence id="d000.s382" source="wordnet-slovenian">
         <wf lemma="Po" pos="X">Po</wf>
         <wf lemma="sklepu" pos="X">sklepu</wf>
         <wf lemma="vlade" pos="X">vlade</wf>
         <wf lemma="naj" pos="X">naj</wf>
         <wf lemma="bi" pos="X">bi</wf>
         <wf lemma="delovna" pos="X">delovna</wf>
         <wf lemma="skupina" pos="X">skupina</wf>
         <wf lemma="," pos="X">,</wf>
         <wf lemma="ki" pos="X">ki</wf>
         <wf lemma="jo" pos="X">jo</wf>
         <wf lemma="vodimo" pos="X">vodimo</wf>
         <wf lemma="," pos="X">,</wf>
         <wf lemma="v" pos="X">v</wf>
         <wf lemma="enem" pos="X">enem</wf>
         <instance id="d000.s382.t000" lemma="mesec" pos="NOUN">mesecu</instance>
         <wf lemma="pripravila" pos="X">pripravila</wf>
         <wf lemma="antidiskriminacijski" pos="X">antidiskriminacijski</wf>
         <wf lemma="zakon" pos="X">zakon</wf>
         <wf lemma="." pos="X">.</wf>
      </sentence>
      <sentence id="d000.s383" source="wordnet-slovenian">
         <wf lemma="Avtorji" pos="X">Avtorji</wf>
         <wf lemma="grožnje" pos="X">grožnje</wf>
         <wf lemma="na" pos="X">na</wf>
         <wf lemma="račun" pos="X">račun</wf>
         <wf lemma="te" pos="X">te</wf>
         <wf lemma="firme" pos="X">firme</wf>
         <wf lemma="in" pos="X">in</wf>
         <wf lemma="nekaterih" pos="X">nekaterih</wf>
         <wf lemma="njenih" pos="X">njenih</wf>
         <wf lemma="predstavnikov" pos="X">predstavnikov</wf>
         <wf lemma="(" pos="X">(</wf>
         <wf lemma="poleg" pos="X">poleg</wf>
         <wf lemma="sindikatov" pos="X">sindikatov</wf>
         <wf lemma=")" pos="X">)</wf>
         <wf lemma="so" pos="X">so</wf>
         <wf lemma="tokrat" pos="X">tokrat</wf>
         <wf lemma="tako" pos="X">tako</wf>
         <wf lemma="imenovani" pos="X">imenovani</wf>
         <wf lemma="Nuclei" pos="X">Nuclei</wf>
         <wf lemma="territoriali" pos="X">territoriali</wf>
         <wf lemma="antiimperialisti" pos="X">antiimperialisti</wf>
         <wf lemma="(" pos="X">(</wf>
         <wf lemma="Protiimperialistična" pos="X">Protiimperialistična</wf>
         <wf lemma="ozemeljska" pos="X">ozemeljska</wf>
         <wf lemma="jedra" pos="X">jedra</wf>
         <wf lemma=")" pos="X">)</wf>
         <wf lemma="," pos="X">,</wf>
         <wf lemma="ki" pos="X">ki</wf>
         <wf lemma="da" pos="X">da</wf>
         <wf lemma="so" pos="X">so</wf>
         <wf lemma="," pos="X">,</wf>
         <wf lemma="po" pos="X">po</wf>
         <instance id="d000.s383.t000" lemma="mnenje" pos="NOUN">mnenju</instance>
         <wf lemma="policije" pos="X">policije</wf>
         <wf lemma="," pos="X">,</wf>
         <wf lemma="del" pos="X">del</wf>
         <wf lemma="Protiimperialistične" pos="X">Protiimperialistične</wf>
         <wf lemma="bojevniške" pos="X">bojevniške</wf>
         <wf lemma="fronte" pos="X">fronte</wf>
         <wf lemma="," pos="X">,</wf>
         <wf lemma="ta" pos="X">ta</wf>
         <wf lemma="pa" pos="X">pa</wf>
         <wf lemma="naj" pos="X">naj</wf>
         <wf lemma="bi" pos="X">bi</wf>
         <wf lemma="bila" pos="X">bila</wf>
         <wf lemma="dejansko" pos="X">dejansko</wf>
         <wf lemma="veja" pos="X">veja</wf>
         <wf lemma="Rdečih" pos="X">Rdečih</wf>
         <wf lemma="brigad" pos="X">brigad</wf>
         <wf lemma="." pos="X">.</wf>
      </sentence>
      <sentence id="d000.s384" source="wordnet-slovenian">
         <wf lemma="Za" pos="X">Za</wf>
         <wf lemma="vozila" pos="X">vozila</wf>
         <wf lemma="pod" pos="X">pod</wf>
         <wf lemma="zaporedno" pos="X">zaporedno</wf>
         <wf lemma="številko" pos="X">številko</wf>
         <wf lemma="11" pos="X">11</wf>
         <wf lemma="-" pos="X">-</wf>
         <wf lemma="15" pos="X">15</wf>
         <wf lemma="je" pos="X">je</wf>
         <wf lemma="ogled" pos="X">ogled</wf>
         <wf lemma="samo" pos="X">samo</wf>
         <wf lemma="v" pos="X">v</wf>
         <wf lemma="četrtek" pos="X">četrtek</wf>
         <wf lemma="," pos="X">,</wf>
         <wf lemma="24.12." pos="X">24.12.</wf>
         <wf lemma="," pos="X">,</wf>
         <wf lemma="od" pos="X">od</wf>
         <wf lemma="8." pos="X">8.</wf>
         <wf lemma="do" pos="X">do</wf>
         <wf lemma="9." pos="X">9.</wf>
         <instance id="d000.s384.t000" lemma="ura" pos="NOUN">ure</instance>
         <wf lemma="." pos="X">.</wf>
      </sentence>
      <sentence id="d000.s385" source="wordnet-slovenian">
         <wf lemma="Sicer" pos="X">Sicer</wf>
         <wf lemma="pa" pos="X">pa</wf>
         <wf lemma="naj" pos="X">naj</wf>
         <wf lemma="bi" pos="X">bi</wf>
         <wf lemma="bilo" pos="X">bilo</wf>
         <wf lemma="v" pos="X">v</wf>
         <instance id="d000.s385.t000" lemma="sistem" pos="NOUN">sistem</instance>
         <wf lemma="davka" pos="X">davka</wf>
         <wf lemma="na" pos="X">na</wf>
         <wf lemma="dodano" pos="X">dodano</wf>
         <wf lemma="vrednost" pos="X">vrednost</wf>
         <wf lemma="po" pos="X">po</wf>
         <wf lemma="ocenah" pos="X">ocenah</wf>
         <wf lemma="ministrstva" pos="X">ministrstva</wf>
         <wf lemma="za" pos="X">za</wf>
         <wf lemma="finance" pos="X">finance</wf>
         <wf lemma="obvezno" pos="X">obvezno</wf>
         <wf lemma="vključenih" pos="X">vključenih</wf>
         <wf lemma="okoli" pos="X">okoli</wf>
         <wf lemma="51.000" pos="X">51.000</wf>
         <wf lemma="zavezancev" pos="X">zavezancev</wf>
         <wf lemma="." pos="X">.</wf>
      </sentence>
      <sentence id="d000.s386" source="wordnet-slovenian">
         <wf lemma="Obenem" pos="X">Obenem</wf>
         <wf lemma="tudi" pos="X">tudi</wf>
         <wf lemma="ugotoviva" pos="X">ugotoviva</wf>
         <wf lemma="," pos="X">,</wf>
         <wf lemma="da" pos="X">da</wf>
         <wf lemma="sva" pos="X">sva</wf>
         <wf lemma="dosegla" pos="X">dosegla</wf>
         <wf lemma="toliko" pos="X">toliko</wf>
         <wf lemma="pričakovano" pos="X">pričakovano</wf>
         <wf lemma="škrbino" pos="X">škrbino</wf>
         <wf lemma="," pos="X">,</wf>
         <wf lemma="kjer" pos="X">kjer</wf>
         <wf lemma="se" pos="X">se</wf>
         <wf lemma="je" pos="X">je</wf>
         <wf lemma="Marjanu" pos="X">Marjanu</wf>
         <wf lemma="pred" pos="X">pred</wf>
         <wf lemma="šestimi" pos="X">šestimi</wf>
         <instance id="d000.s386.t000" lemma="leto" pos="NOUN">leti</instance>
         <wf lemma="stojišče" pos="X">stojišče</wf>
         <wf lemma="enostavno" pos="X">enostavno</wf>
         <wf lemma="podrlo" pos="X">podrlo</wf>
         <wf lemma="pod" pos="X">pod</wf>
         <wf lemma="nogami" pos="X">nogami</wf>
         <wf lemma="." pos="X">.</wf>
      </sentence>
      <sentence id="d000.s387" source="wordnet-slovenian">
         <wf lemma="Misel" pos="X">Misel</wf>
         <wf lemma="," pos="X">,</wf>
         <wf lemma="da" pos="X">da</wf>
         <wf lemma="se" pos="X">se</wf>
         <wf lemma="Cornelia" pos="X">Cornelia</wf>
         <wf lemma="II" pos="X">II</wf>
         <wf lemma="ne" pos="X">ne</wf>
         <wf lemma="ziblje" pos="X">ziblje</wf>
         <wf lemma="več" pos="X">več</wf>
         <wf lemma="ošabno" pos="X">ošabno</wf>
         <wf lemma="na" pos="X">na</wf>
         <wf lemma="vodi" pos="X">vodi</wf>
         <wf lemma="," pos="X">,</wf>
         <wf lemma="mu" pos="X">mu</wf>
         <wf lemma="je" pos="X">je</wf>
         <wf lemma="pognala" pos="X">pognala</wf>
         <wf lemma="prijeten" pos="X">prijeten</wf>
         <wf lemma="," pos="X">,</wf>
         <wf lemma="skoraj" pos="X">skoraj</wf>
         <wf lemma="čuten" pos="X">čuten</wf>
         <wf lemma="drget" pos="X">drget</wf>
         <wf lemma="po" pos="X">po</wf>
         <instance id="d000.s387.t000" lemma="telo" pos="NOUN">telesu</instance>
         <wf lemma="." pos="X">.</wf>
      </sentence>
      <sentence id="d000.s388" source="wordnet-slovenian">
         <wf lemma="In" pos="X">In</wf>
         <wf lemma="obljubim" pos="X">obljubim</wf>
         <wf lemma="vsaki" pos="X">vsaki</wf>
         <wf lemma="," pos="X">,</wf>
         <wf lemma="da" pos="X">da</wf>
         <wf lemma="imam" pos="X">imam</wf>
         <wf lemma="rajši" pos="X">rajši</wf>
         <wf lemma="sto" pos="X">sto</wf>
         <wf lemma="žuljev" pos="X">žuljev</wf>
         <wf lemma="na" pos="X">na</wf>
         <wf lemma="svoji" pos="X">svoji</wf>
         <wf lemma="roki" pos="X">roki</wf>
         <wf lemma="kot" pos="X">kot</wf>
         <wf lemma="enega" pos="X">enega</wf>
         <wf lemma="na" pos="X">na</wf>
         <wf lemma="njeni" pos="X">njeni</wf>
         <wf lemma="," pos="X">,</wf>
         <wf lemma="čeprav" pos="X">čeprav</wf>
         <wf lemma="mislim" pos="X">mislim</wf>
         <wf lemma="," pos="X">,</wf>
         <wf lemma="da" pos="X">da</wf>
         <wf lemma="se" pos="X">se</wf>
         <wf lemma="pri" pos="X">pri</wf>
         <wf lemma="garanju" pos="X">garanju</wf>
         <wf lemma="v" pos="X">v</wf>
         <wf lemma="treh" pos="X">treh</wf>
         <wf lemma="vogalih" pos="X">vogalih</wf>
         <wf lemma="ne" pos="X">ne</wf>
         <wf lemma="dobijo" pos="X">dobijo</wf>
         <wf lemma="žulji" pos="X">žulji</wf>
         <wf lemma="," pos="X">,</wf>
         <wf lemma="bi" pos="X">bi</wf>
         <wf lemma="pa" pos="X">pa</wf>
         <wf lemma="poljubil" pos="X">poljubil</wf>
         <wf lemma="vsak" pos="X">vsak</wf>
         <wf lemma="žulj" pos="X">žulj</wf>
         <wf lemma="milijonkrat" pos="X">milijonkrat</wf>
         <wf lemma="," pos="X">,</wf>
         <wf lemma="že" pos="X">že</wf>
         <wf lemma="zaradi" pos="X">zaradi</wf>
         <wf lemma="tega" pos="X">tega</wf>
         <wf lemma="," pos="X">,</wf>
         <wf lemma="ker" pos="X">ker</wf>
         <wf lemma="ste" pos="X">ste</wf>
         <wf lemma="v" pos="X">v</wf>
         <wf lemma="petih" pos="X">petih</wf>
         <instance id="d000.s388.t000" lemma="leto" pos="NOUN">letih</instance>
         <wf lemma="prva" pos="X">prva</wf>
         <wf lemma="," pos="X">,</wf>
         <wf lemma="ki" pos="X">ki</wf>
         <wf lemma="ve" pos="X">ve</wf>
         <wf lemma="," pos="X">,</wf>
         <wf lemma="da" pos="X">da</wf>
         <wf lemma="žulji" pos="X">žulji</wf>
         <wf lemma="sploh" pos="X">sploh</wf>
         <wf lemma="obstajajo" pos="X">obstajajo</wf>
         <wf lemma="," pos="X">,</wf>
         <wf lemma="in" pos="X">in</wf>
         <wf lemma="upam" pos="X">upam</wf>
         <wf lemma="tudi" pos="X">tudi</wf>
         <wf lemma="," pos="X">,</wf>
         <wf lemma="kako" pos="X">kako</wf>
         <wf lemma="se" pos="X">se</wf>
         <wf lemma="dobijo" pos="X">dobijo</wf>
         <wf lemma="." pos="X">.</wf>
      </sentence>
      <sentence id="d000.s389" source="wordnet-slovenian">
         <wf lemma="Ko" pos="X">Ko</wf>
         <wf lemma="je" pos="X">je</wf>
         <wf lemma="našla" pos="X">našla</wf>
         <wf lemma="pravo" pos="X">pravo</wf>
         <instance id="d000.s389.t000" lemma="vrsta" pos="NOUN">vrsto</instance>
         <wf lemma="," pos="X">,</wf>
         <wf lemma="je" pos="X">je</wf>
         <wf lemma="pazljivo" pos="X">pazljivo</wf>
         <wf lemma="," pos="X">,</wf>
         <wf lemma="kot" pos="X">kot</wf>
         <wf lemma="da" pos="X">da</wf>
         <wf lemma="se" pos="X">se</wf>
         <wf lemma="sprehaja" pos="X">sprehaja</wf>
         <wf lemma="po" pos="X">po</wf>
         <wf lemma="trgovini" pos="X">trgovini</wf>
         <wf lemma="s" pos="X">s</wf>
         <wf lemma="porcelanom" pos="X">porcelanom</wf>
         <wf lemma="," pos="X">,</wf>
         <wf lemma="šla" pos="X">šla</wf>
         <wf lemma="do" pos="X">do</wf>
         <wf lemma="svojega" pos="X">svojega</wf>
         <wf lemma="sedeža" pos="X">sedeža</wf>
         <wf lemma="," pos="X">,</wf>
         <wf lemma="še" pos="X">še</wf>
         <wf lemma="enkrat" pos="X">enkrat</wf>
         <wf lemma="pogledala" pos="X">pogledala</wf>
         <wf lemma="na" pos="X">na</wf>
         <wf lemma="karto" pos="X">karto</wf>
         <wf lemma="in" pos="X">in</wf>
         <wf lemma="se" pos="X">se</wf>
         <wf lemma="šele" pos="X">šele</wf>
         <wf lemma="potem" pos="X">potem</wf>
         <wf lemma="ozrla" pos="X">ozrla</wf>
         <wf lemma="po" pos="X">po</wf>
         <wf lemma="dvorani" pos="X">dvorani</wf>
         <wf lemma="." pos="X">.</wf>
      </sentence>
      <sentence id="d000.s390" source="wordnet-slovenian">
         <wf lemma="Vreme" pos="X">Vreme</wf>
         <wf lemma="je" pos="X">je</wf>
         <wf lemma="obetalo" pos="X">obetalo</wf>
         <wf lemma="najbolje" pos="X">najbolje</wf>
         <wf lemma="in" pos="X">in</wf>
         <wf lemma="v" pos="X">v</wf>
         <wf lemma="petici" pos="X">petici</wf>
         <wf lemma="je" pos="X">je</wf>
         <wf lemma="bilo" pos="X">bilo</wf>
         <wf lemma="dovolj" pos="X">dovolj</wf>
         <wf lemma="materiala" pos="X">materiala</wf>
         <wf lemma="tudi" pos="X">tudi</wf>
         <wf lemma="za" pos="X">za</wf>
         <wf lemma="zadnjo" pos="X">zadnjo</wf>
         <instance id="d000.s390.t000" lemma="skupina" pos="NOUN">skupino</instance>
         <wf lemma="." pos="X">.</wf>
      </sentence>
      <sentence id="d000.s391" source="wordnet-slovenian">
         <wf lemma="Odgovora" pos="X">Odgovora</wf>
         <wf lemma="na" pos="X">na</wf>
         <wf lemma="ta" pos="X">ta</wf>
         <wf lemma="vprašanja" pos="X">vprašanja</wf>
         <wf lemma="ni" pos="X">ni</wf>
         <wf lemma="bilo" pos="X">bilo</wf>
         <wf lemma="," pos="X">,</wf>
         <instance id="d000.s391.t000" lemma="primer" pos="NOUN">primer</instance>
         <wf lemma="pa" pos="X">pa</wf>
         <wf lemma="je" pos="X">je</wf>
         <wf lemma="pokazal" pos="X">pokazal</wf>
         <wf lemma="," pos="X">,</wf>
         <wf lemma="da" pos="X">da</wf>
         <wf lemma="ta" pos="X">ta</wf>
         <wf lemma="»" pos="X">»</wf>
         <wf lemma="nacionalno" pos="X">nacionalno</wf>
         <wf lemma="priznana" pos="X">priznana</wf>
         <wf lemma="«" pos="X">«</wf>
         <wf lemma="ocenjevalca" pos="X">ocenjevalca</wf>
         <wf lemma="lahko" pos="X">lahko</wf>
         <wf lemma="ustrelita" pos="X">ustrelita</wf>
         <wf lemma="mimo" pos="X">mimo</wf>
         <wf lemma="prav" pos="X">prav</wf>
         <wf lemma="tako" pos="X">tako</wf>
         <wf lemma="," pos="X">,</wf>
         <wf lemma="kakor" pos="X">kakor</wf>
         <wf lemma="so" pos="X">so</wf>
         <wf lemma="," pos="X">,</wf>
         <wf lemma="večinoma" pos="X">večinoma</wf>
         <wf lemma="namerno" pos="X">namerno</wf>
         <wf lemma="," pos="X">,</wf>
         <wf lemma="streljali" pos="X">streljali</wf>
         <wf lemma="mimo" pos="X">mimo</wf>
         <wf lemma="toliko" pos="X">toliko</wf>
         <wf lemma="napadani" pos="X">napadani</wf>
         <wf lemma="borzni" pos="X">borzni</wf>
         <wf lemma="analitiki" pos="X">analitiki</wf>
         <wf lemma="z" pos="X">z</wf>
         <wf lemma="Wall" pos="X">Wall</wf>
         <wf lemma="Streeta" pos="X">Streeta</wf>
         <wf lemma="," pos="X">,</wf>
         <wf lemma="ki" pos="X">ki</wf>
         <wf lemma="so" pos="X">so</wf>
         <wf lemma="priporočali" pos="X">priporočali</wf>
         <wf lemma="nakupe" pos="X">nakupe</wf>
         <wf lemma="delnic" pos="X">delnic</wf>
         <wf lemma="korporacij" pos="X">korporacij</wf>
         <wf lemma="tudi" pos="X">tudi</wf>
         <wf lemma="," pos="X">,</wf>
         <wf lemma="ko" pos="X">ko</wf>
         <wf lemma="je" pos="X">je</wf>
         <wf lemma="šla" pos="X">šla</wf>
         <wf lemma="njihova" pos="X">njihova</wf>
         <wf lemma="vrednost" pos="X">vrednost</wf>
         <wf lemma="navzdol" pos="X">navzdol</wf>
         <wf lemma="." pos="X">.</wf>
      </sentence>
      <sentence id="d000.s392" source="wordnet-slovenian">
         <wf lemma="nevrolog" pos="X">nevrolog</wf>
         <wf lemma="in" pos="X">in</wf>
         <wf lemma="akupunkturolog" pos="X">akupunkturolog</wf>
         <wf lemma="iz" pos="X">iz</wf>
         <wf lemma="Toplic" pos="X">Toplic</wf>
         <wf lemma="Dobrna" pos="X">Dobrna</wf>
         <wf lemma="razlaga" pos="X">razlaga</wf>
         <wf lemma=":" pos="X">:</wf>
         <wf lemma="Seveda" pos="X">Seveda</wf>
         <wf lemma="iglice" pos="X">iglice</wf>
         <wf lemma="niso" pos="X">niso</wf>
         <wf lemma="edini" pos="X">edini</wf>
         <wf lemma="pripomoček" pos="X">pripomoček</wf>
         <wf lemma="za" pos="X">za</wf>
         <wf lemma="stimulacijo" pos="X">stimulacijo</wf>
         <wf lemma="akupunkturnih" pos="X">akupunkturnih</wf>
         <instance id="d000.s392.t000" lemma="točka" pos="NOUN">točk</instance>
         <wf lemma="." pos="X">.</wf>
      </sentence>
      <sentence id="d000.s393" source="wordnet-slovenian">
         <wf lemma="K" pos="X">K</wf>
         <wf lemma="ponižnemu" pos="X">ponižnemu</wf>
         <instance id="d000.s393.t000" lemma="človek" pos="NOUN">človeku</instance>
         <wf lemma="se" pos="X">se</wf>
         <wf lemma="sklanja" pos="X">sklanja</wf>
         <wf lemma="Bog" pos="X">Bog</wf>
         <wf lemma="," pos="X">,</wf>
         <wf lemma="ponižnemu" pos="X">ponižnemu</wf>
         <wf lemma="daje" pos="X">daje</wf>
         <wf lemma="veliko" pos="X">veliko</wf>
         <wf lemma="milosti" pos="X">milosti</wf>
         <wf lemma="in" pos="X">in</wf>
         <wf lemma="po" pos="X">po</wf>
         <wf lemma="ponižanju" pos="X">ponižanju</wf>
         <wf lemma="ga" pos="X">ga</wf>
         <wf lemma="povišuje" pos="X">povišuje</wf>
         <wf lemma="v" pos="X">v</wf>
         <wf lemma="slavo" pos="X">slavo</wf>
         <wf lemma="." pos="X">.</wf>
      </sentence>
      <sentence id="d000.s394" source="wordnet-slovenian">
         <wf lemma="Ustanovitev" pos="X">Ustanovitev</wf>
         <wf lemma="gasilskega" pos="X">gasilskega</wf>
         <wf lemma="društva" pos="X">društva</wf>
         <wf lemma="je" pos="X">je</wf>
         <wf lemma="bila" pos="X">bila</wf>
         <wf lemma="tako" pos="X">tako</wf>
         <wf lemma="rekoč" pos="X">rekoč</wf>
         <wf lemma="neizbežna" pos="X">neizbežna</wf>
         <wf lemma="," pos="X">,</wf>
         <wf lemma="saj" pos="X">saj</wf>
         <wf lemma="so" pos="X">so</wf>
         <wf lemma="se" pos="X">se</wf>
         <wf lemma="lesene" pos="X">lesene</wf>
         <wf lemma="in" pos="X">in</wf>
         <wf lemma="s" pos="X">s</wf>
         <wf lemma="slamo" pos="X">slamo</wf>
         <wf lemma="krite" pos="X">krite</wf>
         <instance id="d000.s394.t000" lemma="hiša" pos="NOUN">hiše</instance>
         <wf lemma="ter" pos="X">ter</wf>
         <wf lemma="gospodarska" pos="X">gospodarska</wf>
         <wf lemma="poslopja" pos="X">poslopja</wf>
         <wf lemma="nemalokrat" pos="X">nemalokrat</wf>
         <wf lemma="čez" pos="X">čez</wf>
         <wf lemma="noč" pos="X">noč</wf>
         <wf lemma="spremenile" pos="X">spremenile</wf>
         <wf lemma="v" pos="X">v</wf>
         <wf lemma="kup" pos="X">kup</wf>
         <wf lemma="pepela" pos="X">pepela</wf>
         <wf lemma="." pos="X">.</wf>
      </sentence>
      <sentence id="d000.s395" source="wordnet-slovenian">
         <wf lemma="Poleg" pos="X">Poleg</wf>
         <wf lemma="tega" pos="X">tega</wf>
         <wf lemma="je" pos="X">je</wf>
         <wf lemma="pa" pos="X">pa</wf>
         <instance id="d000.s395.t000" lemma="zadeva" pos="NOUN">zadeva</instance>
         <wf lemma="lahko" pos="X">lahko</wf>
         <wf lemma="tudi" pos="X">tudi</wf>
         <wf lemma="ustavno" pos="X">ustavno</wf>
         <wf lemma="sporna" pos="X">sporna</wf>
         <wf lemma="." pos="X">.</wf>
      </sentence>
      <sentence id="d000.s396" source="wordnet-slovenian">
         <wf lemma="Dr" pos="X">Dr</wf>
         <wf lemma="." pos="X">.</wf>
         <wf lemma="Michael" pos="X">Michael</wf>
         <wf lemma="Kennedy" pos="X">Kennedy</wf>
         <wf lemma="," pos="X">,</wf>
         <wf lemma="zgodovinar" pos="X">zgodovinar</wf>
         <wf lemma="," pos="X">,</wf>
         <wf lemma="izvedenec" pos="X">izvedenec</wf>
         <wf lemma="za" pos="X">za</wf>
         <wf lemma="zgodovino" pos="X">zgodovino</wf>
         <wf lemma="irske" pos="X">irske</wf>
         <wf lemma="diplomacije" pos="X">diplomacije</wf>
         <wf lemma="," pos="X">,</wf>
         <wf lemma="pravi" pos="X">pravi</wf>
         <wf lemma="," pos="X">,</wf>
         <wf lemma="da" pos="X">da</wf>
         <instance id="d000.s396.t000" lemma="uporaba" pos="NOUN">uporaba</instance>
         <wf lemma="birokratskih" pos="X">birokratskih</wf>
         <wf lemma="postopkov" pos="X">postopkov</wf>
         <wf lemma="izpolnjevanja" pos="X">izpolnjevanja</wf>
         <wf lemma="obrazcev" pos="X">obrazcev</wf>
         <wf lemma="," pos="X">,</wf>
         <wf lemma="fotografiranja" pos="X">fotografiranja</wf>
         <wf lemma="in" pos="X">in</wf>
         <wf lemma="udarjanja" pos="X">udarjanja</wf>
         <wf lemma="s" pos="X">s</wf>
         <wf lemma="petami" pos="X">petami</wf>
         <wf lemma="znotraj" pos="X">znotraj</wf>
         <wf lemma="umetniškega" pos="X">umetniškega</wf>
         <wf lemma="performansa" pos="X">performansa</wf>
         <wf lemma="pomeni" pos="X">pomeni</wf>
         <wf lemma="globoko" pos="X">globoko</wf>
         <wf lemma="ironijo" pos="X">ironijo</wf>
         <wf lemma="," pos="X">,</wf>
         <wf lemma="posebej" pos="X">posebej</wf>
         <wf lemma="v" pos="X">v</wf>
         <wf lemma="kontekstu" pos="X">kontekstu</wf>
         <wf lemma="dogodkov" pos="X">dogodkov</wf>
         <wf lemma="," pos="X">,</wf>
         <wf lemma="ki" pos="X">ki</wf>
         <wf lemma="so" pos="X">so</wf>
         <wf lemma="spremljali" pos="X">spremljali</wf>
         <wf lemma="nastop" pos="X">nastop</wf>
         <wf lemma="NSK" pos="X">NSK</wf>
         <wf lemma="." pos="X">.</wf>
      </sentence>
      <sentence id="d000.s397" source="wordnet-slovenian">
         <wf lemma="Pisatelji" pos="X">Pisatelji</wf>
         <wf lemma="bodo" pos="X">bodo</wf>
         <wf lemma="obiskali" pos="X">obiskali</wf>
         <wf lemma="19" pos="X">19</wf>
         <instance id="d000.s397.t000" lemma="mesto" pos="NOUN">mest</instance>
         <wf lemma="," pos="X">,</wf>
         <wf lemma="kjer" pos="X">kjer</wf>
         <wf lemma="bodo" pos="X">bodo</wf>
         <wf lemma="pripravili" pos="X">pripravili</wf>
         <wf lemma="seminarje" pos="X">seminarje</wf>
         <wf lemma="in" pos="X">in</wf>
         <wf lemma="kulturna" pos="X">kulturna</wf>
         <wf lemma="srečanja" pos="X">srečanja</wf>
         <wf lemma="." pos="X">.</wf>
      </sentence>
      <sentence id="d000.s398" source="wordnet-slovenian">
         <wf lemma="Djordje" pos="X">Djordje</wf>
         <wf lemma="Žebeljan" pos="X">Žebeljan</wf>
         <wf lemma="," pos="X">,</wf>
         <wf lemma="državni" pos="X">državni</wf>
         <wf lemma="podsekretar" pos="X">podsekretar</wf>
         <wf lemma="za" pos="X">za</wf>
         <wf lemma="energetiko" pos="X">energetiko</wf>
         <wf lemma="," pos="X">,</wf>
         <wf lemma="je" pos="X">je</wf>
         <wf lemma="po" pos="X">po</wf>
         <wf lemma="sestanku" pos="X">sestanku</wf>
         <wf lemma="razložil" pos="X">razložil</wf>
         <wf lemma="," pos="X">,</wf>
         <wf lemma="da" pos="X">da</wf>
         <wf lemma="so" pos="X">so</wf>
         <wf lemma="se" pos="X">se</wf>
         <wf lemma="pogovarjali" pos="X">pogovarjali</wf>
         <wf lemma="o" pos="X">o</wf>
         <wf lemma="več" pos="X">več</wf>
         <wf lemma="različicah" pos="X">različicah</wf>
         <wf lemma="," pos="X">,</wf>
         <wf lemma="saj" pos="X">saj</wf>
         <wf lemma="status" pos="X">status</wf>
         <wf lemma="JE" pos="X">JE</wf>
         <wf lemma="Krško" pos="X">Krško</wf>
         <wf lemma="v" pos="X">v</wf>
         <wf lemma="prihodnjem" pos="X">prihodnjem</wf>
         <instance id="d000.s398.t000" lemma="leto" pos="NOUN">letu</instance>
         <wf lemma="še" pos="X">še</wf>
         <wf lemma="ni" pos="X">ni</wf>
         <wf lemma="dokončno" pos="X">dokončno</wf>
         <wf lemma="opredeljen" pos="X">opredeljen</wf>
         <wf lemma="." pos="X">.</wf>
      </sentence>
      <sentence id="d000.s399" source="wordnet-slovenian">
         <wf lemma="Pogosto" pos="X">Pogosto</wf>
         <wf lemma="se" pos="X">se</wf>
         <wf lemma="zgodi" pos="X">zgodi</wf>
         <wf lemma="," pos="X">,</wf>
         <wf lemma="da" pos="X">da</wf>
         <wf lemma="zdravnik" pos="X">zdravnik</wf>
         <wf lemma="za" pos="X">za</wf>
         <wf lemma="boljše" pos="X">boljše</wf>
         <wf lemma="zdravje" pos="X">zdravje</wf>
         <wf lemma="svetuje" pos="X">svetuje</wf>
         <wf lemma="tudi" pos="X">tudi</wf>
         <wf lemma="kozarček" pos="X">kozarček</wf>
         <wf lemma="ali" pos="X">ali</wf>
         <wf lemma="dva" pos="X">dva</wf>
         <wf lemma="vina" pos="X">vina</wf>
         <wf lemma="na" pos="X">na</wf>
         <instance id="d000.s399.t000" lemma="dan" pos="NOUN">dan</instance>
         <wf lemma="." pos="X">.</wf>
      </sentence>
      <sentence id="d000.s400" source="wordnet-slovenian">
         <wf lemma="Včasih" pos="X">Včasih</wf>
         <wf lemma="ujameš" pos="X">ujameš</wf>
         <wf lemma="kak" pos="X">kak</wf>
         <wf lemma="kanal" pos="X">kanal</wf>
         <wf lemma="," pos="X">,</wf>
         <wf lemma="ki" pos="X">ki</wf>
         <wf lemma="predvaja" pos="X">predvaja</wf>
         <wf lemma="stare" pos="X">stare</wf>
         <wf lemma="črno" pos="X">črno</wf>
         <wf lemma="-" pos="X">-</wf>
         <wf lemma="bele" pos="X">bele</wf>
         <instance id="d000.s400.t000" lemma="film" pos="NOUN">filme</instance>
         <wf lemma="." pos="X">.</wf>
      </sentence>
      <sentence id="d000.s401" source="wordnet-slovenian">
         <wf lemma="Čeprav" pos="X">Čeprav</wf>
         <wf lemma="svojih" pos="X">svojih</wf>
         <wf lemma="pogledov" pos="X">pogledov</wf>
         <wf lemma="na" pos="X">na</wf>
         <wf lemma="povojne" pos="X">povojne</wf>
         <wf lemma="dogodke" pos="X">dogodke</wf>
         <wf lemma="niso" pos="X">niso</wf>
         <wf lemma="mogli" pos="X">mogli</wf>
         <wf lemma="vsiliti" pos="X">vsiliti</wf>
         <wf lemma="niti" pos="X">niti</wf>
         <wf lemma="konservativni" pos="X">konservativni</wf>
         <instance id="d000.s401.t000" lemma="vlada" pos="NOUN">vladi</instance>
         <wf lemma="Helmuta" pos="X">Helmuta</wf>
         <wf lemma="Kohla" pos="X">Kohla</wf>
         <wf lemma="," pos="X">,</wf>
         <wf lemma="kaj" pos="X">kaj</wf>
         <wf lemma="šele" pos="X">šele</wf>
         <wf lemma="socialdemokratski" pos="X">socialdemokratski</wf>
         <wf lemma="Gerharda" pos="X">Gerharda</wf>
         <wf lemma="Schröderja" pos="X">Schröderja</wf>
         <wf lemma="," pos="X">,</wf>
         <wf lemma="je" pos="X">je</wf>
         <wf lemma="predsednica" pos="X">predsednica</wf>
         <wf lemma="organizacije" pos="X">organizacije</wf>
         <wf lemma="pregnancev" pos="X">pregnancev</wf>
         <wf lemma="Erika" pos="X">Erika</wf>
         <wf lemma="Steinbach" pos="X">Steinbach</wf>
         <wf lemma="dovolj" pos="X">dovolj</wf>
         <wf lemma="glasna" pos="X">glasna</wf>
         <wf lemma="," pos="X">,</wf>
         <wf lemma="da" pos="X">da</wf>
         <wf lemma="zgodovine" pos="X">zgodovine</wf>
         <wf lemma="ne" pos="X">ne</wf>
         <wf lemma="pusti" pos="X">pusti</wf>
         <wf lemma="pri" pos="X">pri</wf>
         <wf lemma="miru" pos="X">miru</wf>
         <wf lemma="." pos="X">.</wf>
      </sentence>
      <sentence id="d000.s402" source="wordnet-slovenian">
         <wf lemma="Kot" pos="X">Kot</wf>
         <wf lemma="otrok" pos="X">otrok</wf>
         <wf lemma="sem" pos="X">sem</wf>
         <wf lemma="brcal" pos="X">brcal</wf>
         <wf lemma="žogo" pos="X">žogo</wf>
         <wf lemma="pred" pos="X">pred</wf>
         <wf lemma="blokom" pos="X">blokom</wf>
         <wf lemma="," pos="X">,</wf>
         <wf lemma="nato" pos="X">nato</wf>
         <wf lemma="pa" pos="X">pa</wf>
         <wf lemma="je" pos="X">je</wf>
         <wf lemma="prišla" pos="X">prišla</wf>
         <wf lemma="zamisel" pos="X">zamisel</wf>
         <wf lemma="," pos="X">,</wf>
         <wf lemma="da" pos="X">da</wf>
         <wf lemma="bi" pos="X">bi</wf>
         <wf lemma="začel" pos="X">začel</wf>
         <wf lemma="trenirati" pos="X">trenirati</wf>
         <wf lemma="v" pos="X">v</wf>
         <wf lemma="nogometnem" pos="X">nogometnem</wf>
         <instance id="d000.s402.t000" lemma="klub" pos="NOUN">klubu</instance>
         <wf lemma="in" pos="X">in</wf>
         <wf lemma="prišlo" pos="X">prišlo</wf>
         <wf lemma="je" pos="X">je</wf>
         <wf lemma="do" pos="X">do</wf>
         <wf lemma="vpisa" pos="X">vpisa</wf>
         <wf lemma="v" pos="X">v</wf>
         <wf lemma="Primorje" pos="X">Primorje</wf>
         <wf lemma="." pos="X">.</wf>
      </sentence>
      <sentence id="d000.s403" source="wordnet-slovenian">
         <wf lemma="Bil" pos="X">Bil</wf>
         <wf lemma="sem" pos="X">sem</wf>
         <wf lemma="star" pos="X">star</wf>
         <wf lemma="kakšna" pos="X">kakšna</wf>
         <wf lemma="tri" pos="X">tri</wf>
         <wf lemma="," pos="X">,</wf>
         <wf lemma="štiri" pos="X">štiri</wf>
         <instance id="d000.s403.t000" lemma="leto" pos="NOUN">leta</instance>
         <wf lemma="." pos="X">.</wf>
      </sentence>
      <sentence id="d000.s404" source="wordnet-slovenian">
         <wf lemma="V" pos="X">V</wf>
         <instance id="d000.s404.t000" lemma="leto" pos="NOUN">letih</instance>
         <wf lemma="največje" pos="X">največje</wf>
         <wf lemma="plodnosti" pos="X">plodnosti</wf>
         <wf lemma="je" pos="X">je</wf>
         <wf lemma="med" pos="X">med</wf>
         <wf lemma="vsakim" pos="X">vsakim</wf>
         <wf lemma="spolnim" pos="X">spolnim</wf>
         <wf lemma="odnosom" pos="X">odnosom</wf>
         <wf lemma="25" pos="X">25</wf>
         <wf lemma="odstotkov" pos="X">odstotkov</wf>
         <wf lemma="možnosti" pos="X">možnosti</wf>
         <wf lemma="," pos="X">,</wf>
         <wf lemma="da" pos="X">da</wf>
         <wf lemma="zanosi" pos="X">zanosi</wf>
         <wf lemma="." pos="X">.</wf>
      </sentence>
      <sentence id="d000.s405" source="wordnet-slovenian">
         <wf lemma="Osnovna" pos="X">Osnovna</wf>
         <wf lemma="hrana" pos="X">hrana</wf>
         <wf lemma="papagajev" pos="X">papagajev</wf>
         <wf lemma="amadin" pos="X">amadin</wf>
         <wf lemma="," pos="X">,</wf>
         <wf lemma="zlasti" pos="X">zlasti</wf>
         <wf lemma="v" pos="X">v</wf>
         <instance id="d000.s405.t000" lemma="čas" pos="NOUN">času</instance>
         <wf lemma="odraščanja" pos="X">odraščanja</wf>
         <wf lemma="mladičev" pos="X">mladičev</wf>
         <wf lemma="," pos="X">,</wf>
         <wf lemma="je" pos="X">je</wf>
         <wf lemma="mehka" pos="X">mehka</wf>
         <wf lemma="jajčna" pos="X">jajčna</wf>
         <wf lemma="hrana" pos="X">hrana</wf>
         <wf lemma="," pos="X">,</wf>
         <wf lemma="mokarji" pos="X">mokarji</wf>
         <wf lemma="," pos="X">,</wf>
         <wf lemma="kaljeno" pos="X">kaljeno</wf>
         <wf lemma="travniško" pos="X">travniško</wf>
         <wf lemma="," pos="X">,</wf>
         <wf lemma="žitno" pos="X">žitno</wf>
         <wf lemma="in" pos="X">in</wf>
         <wf lemma="riževo" pos="X">riževo</wf>
         <wf lemma="seme" pos="X">seme</wf>
         <wf lemma="." pos="X">.</wf>
      </sentence>
      <sentence id="d000.s406" source="wordnet-slovenian">
         <wf lemma="Prvo" pos="X">Prvo</wf>
         <wf lemma="so" pos="X">so</wf>
         <wf lemma="pripravili" pos="X">pripravili</wf>
         <wf lemma="," pos="X">,</wf>
         <wf lemma="ker" pos="X">ker</wf>
         <wf lemma="so" pos="X">so</wf>
         <wf lemma="potrebovali" pos="X">potrebovali</wf>
         <instance id="d000.s406.t000" lemma="denar" pos="NOUN">denar</instance>
         <wf lemma="za" pos="X">za</wf>
         <wf lemma="gostovanje" pos="X">gostovanje</wf>
         <wf lemma="," pos="X">,</wf>
         <wf lemma="po" pos="X">po</wf>
         <wf lemma="velikem" pos="X">velikem</wf>
         <wf lemma="uspehu" pos="X">uspehu</wf>
         <wf lemma="pa" pos="X">pa</wf>
         <wf lemma="jih" pos="X">jih</wf>
         <wf lemma="je" pos="X">je</wf>
         <wf lemma="sledilo" pos="X">sledilo</wf>
         <wf lemma="še" pos="X">še</wf>
         <wf lemma="sedem" pos="X">sedem</wf>
         <wf lemma="." pos="X">.</wf>
      </sentence>
      <sentence id="d000.s407" source="wordnet-slovenian">
         <wf lemma="Lokalne" pos="X">Lokalne</wf>
         <wf lemma="skupnosti" pos="X">skupnosti</wf>
         <wf lemma="so" pos="X">so</wf>
         <wf lemma="namreč" pos="X">namreč</wf>
         <wf lemma="lahko" pos="X">lahko</wf>
         <wf lemma="z" pos="X">z</wf>
         <wf lemma="dodatnim" pos="X">dodatnim</wf>
         <wf lemma="projektom" pos="X">projektom</wf>
         <wf lemma="kandidirale" pos="X">kandidirale</wf>
         <wf lemma="za" pos="X">za</wf>
         <wf lemma="nagrado" pos="X">nagrado</wf>
         <wf lemma="10.000" pos="X">10.000</wf>
         <wf lemma="britanskih" pos="X">britanskih</wf>
         <wf lemma="funtov" pos="X">funtov</wf>
         <wf lemma="," pos="X">,</wf>
         <wf lemma="ki" pos="X">ki</wf>
         <wf lemma="je" pos="X">je</wf>
         <wf lemma="namenjena" pos="X">namenjena</wf>
         <wf lemma="sofinanciranju" pos="X">sofinanciranju</wf>
         <wf lemma="točno" pos="X">točno</wf>
         <wf lemma="določenega" pos="X">določenega</wf>
         <wf lemma="projekta" pos="X">projekta</wf>
         <wf lemma="," pos="X">,</wf>
         <wf lemma="ki" pos="X">ki</wf>
         <wf lemma="je" pos="X">je</wf>
         <wf lemma="vezan" pos="X">vezan</wf>
         <wf lemma="na" pos="X">na</wf>
         <wf lemma="upravljanje" pos="X">upravljanje</wf>
         <wf lemma="z" pos="X">z</wf>
         <instance id="d000.s407.t000" lemma="okolje" pos="NOUN">okoljem</instance>
         <wf lemma="." pos="X">.</wf>
      </sentence>
      <sentence id="d000.s408" source="wordnet-slovenian">
         <wf lemma="Gozdarsko" pos="X">Gozdarsko</wf>
         <wf lemma="kmetijska" pos="X">kmetijska</wf>
         <wf lemma="zadruga" pos="X">zadruga</wf>
         <wf lemma="Srednja" pos="X">Srednja</wf>
         <wf lemma="vas" pos="X">vas</wf>
         <wf lemma="je" pos="X">je</wf>
         <wf lemma="že" pos="X">že</wf>
         <wf lemma="dalj" pos="X">dalj</wf>
         <wf lemma="časa" pos="X">časa</wf>
         <wf lemma="v" pos="X">v</wf>
         <wf lemma="težavah" pos="X">težavah</wf>
         <wf lemma="Večja" pos="X">Večja</wf>
         <instance id="d000.s408.t000" lemma="sprememba" pos="NOUN">sprememba</instance>
         <wf lemma="v" pos="X">v</wf>
         <wf lemma="klavnici" pos="X">klavnici</wf>
         <wf lemma="-" pos="X">-</wf>
         <wf lemma="Usmeritev" pos="X">Usmeritev</wf>
         <wf lemma="na" pos="X">na</wf>
         <wf lemma="trajne" pos="X">trajne</wf>
         <wf lemma="izdelke" pos="X">izdelke</wf>
         <wf lemma="." pos="X">.</wf>
      </sentence>
      <sentence id="d000.s409" source="wordnet-slovenian">
         <wf lemma="Vodja" pos="X">Vodja</wf>
         <wf lemma="je" pos="X">je</wf>
         <wf lemma="Andrej" pos="X">Andrej</wf>
         <wf lemma="Babič" pos="X">Babič</wf>
         <wf lemma="," pos="X">,</wf>
         <wf lemma="stalni" pos="X">stalni</wf>
         <instance id="d000.s409.t000" lemma="član" pos="NOUN">člani</instance>
         <wf lemma="pa" pos="X">pa</wf>
         <wf lemma="Dušan" pos="X">Dušan</wf>
         <wf lemma="Božičnik" pos="X">Božičnik</wf>
         <wf lemma="," pos="X">,</wf>
         <wf lemma="sekretar" pos="X">sekretar</wf>
         <wf lemma="GIZ" pos="X">GIZ</wf>
         <wf lemma="žičničarjev" pos="X">žičničarjev</wf>
         <wf lemma="Slovenije" pos="X">Slovenije</wf>
         <wf lemma="in" pos="X">in</wf>
         <wf lemma="stalni" pos="X">stalni</wf>
         <wf lemma="sodni" pos="X">sodni</wf>
         <wf lemma="izvedenec" pos="X">izvedenec</wf>
         <wf lemma="za" pos="X">za</wf>
         <wf lemma="področje" pos="X">področje</wf>
         <wf lemma="cestnega" pos="X">cestnega</wf>
         <wf lemma="prometa" pos="X">prometa</wf>
         <wf lemma="," pos="X">,</wf>
         <wf lemma="Karel" pos="X">Karel</wf>
         <wf lemma="Lipič" pos="X">Lipič</wf>
         <wf lemma="," pos="X">,</wf>
         <wf lemma="glavni" pos="X">glavni</wf>
         <wf lemma="tajnik" pos="X">tajnik</wf>
         <wf lemma="Slovenskega" pos="X">Slovenskega</wf>
         <wf lemma="ekološkega" pos="X">ekološkega</wf>
         <wf lemma="gibanja" pos="X">gibanja</wf>
         <wf lemma="in" pos="X">in</wf>
         <wf lemma="Duša" pos="X">Duša</wf>
         <wf lemma="P." pos="X">P.</wf>
         <wf lemma="Podbevšek" pos="X">Podbevšek</wf>
         <wf lemma="," pos="X">,</wf>
         <wf lemma="novinarka" pos="X">novinarka</wf>
         <wf lemma="Dnevnika" pos="X">Dnevnika</wf>
         <wf lemma="." pos="X">.</wf>
      </sentence>
      <sentence id="d000.s410" source="wordnet-slovenian">
         <wf lemma="Morfologija" pos="X">Morfologija</wf>
         <wf lemma=":" pos="X">:</wf>
         <wf lemma="Ima" pos="X">Ima</wf>
         <wf lemma="kratko" pos="X">kratko</wf>
         <wf lemma="," pos="X">,</wf>
         <wf lemma="visoko" pos="X">visoko</wf>
         <instance id="d000.s410.t000" lemma="telo" pos="NOUN">telo</instance>
         <wf lemma="," pos="X">,</wf>
         <wf lemma="daljšo" pos="X">daljšo</wf>
         <wf lemma="zgornjo" pos="X">zgornjo</wf>
         <wf lemma="čeljust" pos="X">čeljust</wf>
         <wf lemma="in" pos="X">in</wf>
         <wf lemma="izstopajočo" pos="X">izstopajočo</wf>
         <wf lemma="brčico" pos="X">brčico</wf>
         <wf lemma="na" pos="X">na</wf>
         <wf lemma="spodnji" pos="X">spodnji</wf>
         <wf lemma="čeljusti" pos="X">čeljusti</wf>
         <wf lemma="." pos="X">.</wf>
      </sentence>
      <sentence id="d000.s411" source="wordnet-slovenian">
         <wf lemma="Kmalu" pos="X">Kmalu</wf>
         <wf lemma="pa" pos="X">pa</wf>
         <wf lemma="se" pos="X">se</wf>
         <wf lemma="obeta" pos="X">obeta</wf>
         <wf lemma="še" pos="X">še</wf>
         <wf lemma="ena" pos="X">ena</wf>
         <wf lemma="organizacijska" pos="X">organizacijska</wf>
         <instance id="d000.s411.t000" lemma="sprememba" pos="NOUN">sprememba</instance>
         <wf lemma="." pos="X">.</wf>
      </sentence>
      <sentence id="d000.s412" source="wordnet-slovenian">
         <wf lemma="Odgovor" pos="X">Odgovor</wf>
         <wf lemma=":" pos="X">:</wf>
         <wf lemma="Stvarnopravni" pos="X">Stvarnopravni</wf>
         <wf lemma="zakonik" pos="X">zakonik</wf>
         <wf lemma="določa" pos="X">določa</wf>
         <wf lemma="," pos="X">,</wf>
         <wf lemma="da" pos="X">da</wf>
         <wf lemma="ima" pos="X">ima</wf>
         <wf lemma="lastnik" pos="X">lastnik</wf>
         <wf lemma="nepremičnine" pos="X">nepremičnine</wf>
         <instance id="d000.s412.t000" lemma="pravica" pos="NOUN">pravico</instance>
         <wf lemma="odstraniti" pos="X">odstraniti</wf>
         <wf lemma="in" pos="X">in</wf>
         <wf lemma="si" pos="X">si</wf>
         <wf lemma="prilastiti" pos="X">prilastiti</wf>
         <wf lemma="veje" pos="X">veje</wf>
         <wf lemma="sosedovega" pos="X">sosedovega</wf>
         <wf lemma="drevesa" pos="X">drevesa</wf>
         <wf lemma="," pos="X">,</wf>
         <wf lemma="ki" pos="X">ki</wf>
         <wf lemma="segajo" pos="X">segajo</wf>
         <wf lemma="v" pos="X">v</wf>
         <wf lemma="zračni" pos="X">zračni</wf>
         <wf lemma="prostor" pos="X">prostor</wf>
         <wf lemma="njegove" pos="X">njegove</wf>
         <wf lemma="nepremičnine" pos="X">nepremičnine</wf>
         <wf lemma="," pos="X">,</wf>
         <wf lemma="in" pos="X">in</wf>
         <wf lemma="korenine" pos="X">korenine</wf>
         <wf lemma="," pos="X">,</wf>
         <wf lemma="ki" pos="X">ki</wf>
         <wf lemma="rastejo" pos="X">rastejo</wf>
         <wf lemma="v" pos="X">v</wf>
         <wf lemma="njegovo" pos="X">njegovo</wf>
         <wf lemma="nepremičnino" pos="X">nepremičnino</wf>
         <wf lemma="," pos="X">,</wf>
         <wf lemma="če" pos="X">če</wf>
         <wf lemma="ga" pos="X">ga</wf>
         <wf lemma="motijo" pos="X">motijo</wf>
         <wf lemma="in" pos="X">in</wf>
         <wf lemma="če" pos="X">če</wf>
         <wf lemma="tega" pos="X">tega</wf>
         <wf lemma="na" pos="X">na</wf>
         <wf lemma="njegov" pos="X">njegov</wf>
         <wf lemma="poziv" pos="X">poziv</wf>
         <wf lemma="ne" pos="X">ne</wf>
         <wf lemma="stori" pos="X">stori</wf>
         <wf lemma="lastnik" pos="X">lastnik</wf>
         <wf lemma="sosednje" pos="X">sosednje</wf>
         <wf lemma="nepremičnine" pos="X">nepremičnine</wf>
         <wf lemma="." pos="X">.</wf>
      </sentence>
      <sentence id="d000.s413" source="wordnet-slovenian">
         <wf lemma="Tehnologijo" pos="X">Tehnologijo</wf>
         <wf lemma="je" pos="X">je</wf>
         <wf lemma="razvil" pos="X">razvil</wf>
         <wf lemma="svetovalec" pos="X">svetovalec</wf>
         <wf lemma="kanadske" pos="X">kanadske</wf>
         <wf lemma="vlade" pos="X">vlade</wf>
         <wf lemma="dr." pos="X">dr.</wf>
         <wf lemma="Norman" pos="X">Norman</wf>
         <wf lemma="L." pos="X">L.</wf>
         <wf lemma="Arrison" pos="X">Arrison</wf>
         <wf lemma="," pos="X">,</wf>
         <wf lemma="ki" pos="X">ki</wf>
         <wf lemma="je" pos="X">je</wf>
         <wf lemma="drugim" pos="X">drugim</wf>
         <wf lemma="povedal" pos="X">povedal</wf>
         <wf lemma="," pos="X">,</wf>
         <wf lemma="da" pos="X">da</wf>
         <wf lemma="v" pos="X">v</wf>
         <wf lemma="osmih" pos="X">osmih</wf>
         <wf lemma="državah" pos="X">državah</wf>
         <wf lemma="po" pos="X">po</wf>
         <instance id="d000.s413.t000" lemma="svet" pos="NOUN">svetu</instance>
         <wf lemma="že" pos="X">že</wf>
         <wf lemma="deluje" pos="X">deluje</wf>
         <wf lemma="27" pos="X">27</wf>
         <wf lemma="projektov" pos="X">projektov</wf>
         <wf lemma="s" pos="X">s</wf>
         <wf lemma="tovrstno" pos="X">tovrstno</wf>
         <wf lemma="tehnologijo" pos="X">tehnologijo</wf>
         <wf lemma="." pos="X">.</wf>
      </sentence>
      <sentence id="d000.s414" source="wordnet-slovenian">
         <wf lemma="Zvone" pos="X">Zvone</wf>
         <wf lemma="Šedlbauer" pos="X">Šedlbauer</wf>
         <wf lemma="," pos="X">,</wf>
         <wf lemma="režiser" pos="X">režiser</wf>
         <wf lemma="predstave" pos="X">predstave</wf>
         <wf lemma="Gorje" pos="X">Gorje</wf>
         <wf lemma="pametnemu" pos="X">pametnemu</wf>
         <wf lemma=":" pos="X">:</wf>
         <instance id="d000.s414.t000" lemma="besedilo" pos="NOUN">Besedila</instance>
         <wf lemma="smo" pos="X">smo</wf>
         <wf lemma="se" pos="X">se</wf>
         <wf lemma="lotili" pos="X">lotili</wf>
         <wf lemma="s" pos="X">s</wf>
         <wf lemma="spoštovanjem" pos="X">spoštovanjem</wf>
         <wf lemma="," pos="X">,</wf>
         <wf lemma="predvsem" pos="X">predvsem</wf>
         <wf lemma="zaradi" pos="X">zaradi</wf>
         <wf lemma="Vidmarjevega" pos="X">Vidmarjevega</wf>
         <wf lemma="prevoda" pos="X">prevoda</wf>
         <wf lemma="ta" pos="X">ta</wf>
         <wf lemma="se" pos="X">se</wf>
         <wf lemma="je" pos="X">je</wf>
         <wf lemma="za" pos="X">za</wf>
         <wf lemma="nas" pos="X">nas</wf>
         <wf lemma="," pos="X">,</wf>
         <wf lemma="ki" pos="X">ki</wf>
         <wf lemma="smo" pos="X">smo</wf>
         <wf lemma="že" pos="X">že</wf>
         <wf lemma="nekoliko" pos="X">nekoliko</wf>
         <wf lemma="oddaljeni" pos="X">oddaljeni</wf>
         <wf lemma="od" pos="X">od</wf>
         <wf lemma="izrazite" pos="X">izrazite</wf>
         <wf lemma="forme" pos="X">forme</wf>
         <wf lemma="in" pos="X">in</wf>
         <wf lemma="verzov" pos="X">verzov</wf>
         <wf lemma="," pos="X">,</wf>
         <wf lemma="izkazal" pos="X">izkazal</wf>
         <wf lemma="kot" pos="X">kot</wf>
         <wf lemma="poseben" pos="X">poseben</wf>
         <wf lemma="izziv" pos="X">izziv</wf>
         <wf lemma="." pos="X">.</wf>
      </sentence>
      <sentence id="d000.s415" source="wordnet-slovenian">
         <wf lemma="Več" pos="X">Več</wf>
         <wf lemma="tehničnih" pos="X">tehničnih</wf>
         <instance id="d000.s415.t000" lemma="podatek" pos="NOUN">podatkov</instance>
         <wf lemma="o" pos="X">o</wf>
         <wf lemma="letalu" pos="X">letalu</wf>
         <wf lemma="," pos="X">,</wf>
         <wf lemma="s" pos="X">s</wf>
         <wf lemma="katerim" pos="X">katerim</wf>
         <wf lemma="se" pos="X">se</wf>
         <wf lemma="bo" pos="X">bo</wf>
         <wf lemma="na" pos="X">na</wf>
         <wf lemma="pot" pos="X">pot</wf>
         <wf lemma="odpravil" pos="X">odpravil</wf>
         <wf lemma="Matevž" pos="X">Matevž</wf>
         <wf lemma="Lenarčič" pos="X">Lenarčič</wf>
         <wf lemma="," pos="X">,</wf>
         <wf lemma="smo" pos="X">smo</wf>
         <wf lemma="v" pos="X">v</wf>
         <wf lemma="Gei" pos="X">Gei</wf>
         <wf lemma="objavili" pos="X">objavili</wf>
         <wf lemma="decembra" pos="X">decembra</wf>
         <wf lemma="lani" pos="X">lani</wf>
         <wf lemma="(" pos="X">(</wf>
         <wf lemma="Gea" pos="X">Gea</wf>
         <wf lemma="XI." pos="X">XI.</wf>
         <wf lemma="," pos="X">,</wf>
         <wf lemma="12/6" pos="X">12/6</wf>
         <wf lemma=")" pos="X">)</wf>
         <wf lemma="." pos="X">.</wf>
      </sentence>
      <sentence id="d000.s416" source="wordnet-slovenian">
         <wf lemma="V" pos="X">V</wf>
         <wf lemma="junijski" pos="X">junijski</wf>
         <wf lemma="reviji" pos="X">reviji</wf>
         <wf lemma="Moj" pos="X">Moj</wf>
         <wf lemma="mali" pos="X">mali</wf>
         <instance id="d000.s416.t000" lemma="svet" pos="NOUN">svet</instance>
         <wf lemma="sem" pos="X">sem</wf>
         <wf lemma="zasledila" pos="X">zasledila</wf>
         <wf lemma="," pos="X">,</wf>
         <wf lemma="da" pos="X">da</wf>
         <wf lemma="gospa" pos="X">gospa</wf>
         <wf lemma="Ana" pos="X">Ana</wf>
         <wf lemma="Šemrov" pos="X">Šemrov</wf>
         <wf lemma="išče" pos="X">išče</wf>
         <wf lemma="pasijonko" pos="X">pasijonko</wf>
         <wf lemma="." pos="X">.</wf>
      </sentence>
      <sentence id="d000.s417" source="wordnet-slovenian">
         <instance id="d000.s417.t000" lemma="leto" pos="NOUN">Leta</instance>
         <wf lemma="1876" pos="X">1876</wf>
         <wf lemma="je" pos="X">je</wf>
         <wf lemma="Jožefu" pos="X">Jožefu</wf>
         <wf lemma="Vespignianiju" pos="X">Vespignianiju</wf>
         <wf lemma="odgovoril" pos="X">odgovoril</wf>
         <wf lemma="," pos="X">,</wf>
         <wf lemma="da" pos="X">da</wf>
         <wf lemma="brez" pos="X">brez</wf>
         <wf lemma="sanj" pos="X">sanj</wf>
         <wf lemma="v" pos="X">v</wf>
         <wf lemma="razmerah" pos="X">razmerah</wf>
         <wf lemma="," pos="X">,</wf>
         <wf lemma="v" pos="X">v</wf>
         <wf lemma="kakršnih" pos="X">kakršnih</wf>
         <wf lemma="je" pos="X">je</wf>
         <wf lemma="bil" pos="X">bil</wf>
         <wf lemma="," pos="X">,</wf>
         <wf lemma="ne" pos="X">ne</wf>
         <wf lemma="bi" pos="X">bi</wf>
         <wf lemma="mogel" pos="X">mogel</wf>
         <wf lemma="izpolniti" pos="X">izpolniti</wf>
         <wf lemma="poslanstva" pos="X">poslanstva</wf>
         <wf lemma="v" pos="X">v</wf>
         <wf lemma="prid" pos="X">prid</wf>
         <wf lemma="mladih" pos="X">mladih</wf>
         <wf lemma="," pos="X">,</wf>
         <wf lemma="če" pos="X">če</wf>
         <wf lemma="mu" pos="X">mu</wf>
         <wf lemma="Marija" pos="X">Marija</wf>
         <wf lemma="Pomočnica" pos="X">Pomočnica</wf>
         <wf lemma="ne" pos="X">ne</wf>
         <wf lemma="bi" pos="X">bi</wf>
         <wf lemma="priskočila" pos="X">priskočila</wf>
         <wf lemma="na" pos="X">na</wf>
         <wf lemma="pomoč" pos="X">pomoč</wf>
         <wf lemma="s" pos="X">s</wf>
         <wf lemma="&quot;" pos="X">&quot;</wf>
         <wf lemma="posebnimi" pos="X">posebnimi</wf>
         <wf lemma="razsvetljenji" pos="X">razsvetljenji</wf>
         <wf lemma="," pos="X">,</wf>
         <wf lemma="številnimi" pos="X">številnimi</wf>
         <wf lemma="gmotnimi" pos="X">gmotnimi</wf>
         <wf lemma="in" pos="X">in</wf>
         <wf lemma="duhovnimi" pos="X">duhovnimi</wf>
         <wf lemma="pomočmi" pos="X">pomočmi</wf>
         <wf lemma="&quot;" pos="X">&quot;</wf>
         <wf lemma="(" pos="X">(</wf>
         <wf lemma="MB" pos="X">MB</wf>
         <wf lemma="XI" pos="X">XI</wf>
         <wf lemma="256" pos="X">256</wf>
         <wf lemma=")" pos="X">)</wf>
         <wf lemma="." pos="X">.</wf>
      </sentence>
      <sentence id="d000.s418" source="wordnet-slovenian">
         <wf lemma="Z" pos="X">Z</wf>
         <wf lemma="vojnami" pos="X">vojnami</wf>
         <wf lemma="," pos="X">,</wf>
         <wf lemma="ki" pos="X">ki</wf>
         <wf lemma="so" pos="X">so</wf>
         <wf lemma="pustošile" pos="X">pustošile</wf>
         <wf lemma="okoli" pos="X">okoli</wf>
         <wf lemma="Jezusovega" pos="X">Jezusovega</wf>
         <wf lemma="rojstnega" pos="X">rojstnega</wf>
         <wf lemma="kraja" pos="X">kraja</wf>
         <wf lemma="," pos="X">,</wf>
         <wf lemma="so" pos="X">so</wf>
         <instance id="d000.s418.t000" lemma="vrata" pos="NOUN">vrata</instance>
         <wf lemma="postajala" pos="X">postajala</wf>
         <wf lemma="manjša" pos="X">manjša</wf>
         <wf lemma="," pos="X">,</wf>
         <wf lemma="deležna" pos="X">deležna</wf>
         <wf lemma="prezidav" pos="X">prezidav</wf>
         <wf lemma="…" pos="X">…</wf>
         <wf lemma="." pos="X">.</wf>
      </sentence>
      <sentence id="d000.s419" source="wordnet-slovenian">
         <wf lemma="Razumem" pos="X">Razumem</wf>
         <wf lemma="," pos="X">,</wf>
         <wf lemma="da" pos="X">da</wf>
         <wf lemma="živalski" pos="X">živalski</wf>
         <wf lemma="vrt" pos="X">vrt</wf>
         <wf lemma="potrebuje" pos="X">potrebuje</wf>
         <instance id="d000.s419.t000" lemma="denar" pos="NOUN">denar</instance>
         <wf lemma="," pos="X">,</wf>
         <wf lemma="a" pos="X">a</wf>
         <wf lemma="da" pos="X">da</wf>
         <wf lemma="ga" pos="X">ga</wf>
         <wf lemma="zbira" pos="X">zbira</wf>
         <wf lemma="s" pos="X">s</wf>
         <wf lemma="predragimi" pos="X">predragimi</wf>
         <wf lemma="sladoledi" pos="X">sladoledi</wf>
         <wf lemma="in" pos="X">in</wf>
         <wf lemma="poskakovanju" pos="X">poskakovanju</wf>
         <wf lemma="po" pos="X">po</wf>
         <wf lemma="napeti" pos="X">napeti</wf>
         <wf lemma="tkanini" pos="X">tkanini</wf>
         <wf lemma="," pos="X">,</wf>
         <wf lemma="preprosto" pos="X">preprosto</wf>
         <wf lemma="nima" pos="X">nima</wf>
         <wf lemma="smisla" pos="X">smisla</wf>
         <wf lemma="." pos="X">.</wf>
      </sentence>
      <sentence id="d000.s420" source="wordnet-slovenian">
         <wf lemma="To" pos="X">To</wf>
         <wf lemma="pa" pos="X">pa</wf>
         <wf lemma="ni" pos="X">ni</wf>
         <wf lemma="pogodu" pos="X">pogodu</wf>
         <wf lemma="Pungartniku" pos="X">Pungartniku</wf>
         <wf lemma="," pos="X">,</wf>
         <wf lemma="ki" pos="X">ki</wf>
         <wf lemma="meni" pos="X">meni</wf>
         <wf lemma="," pos="X">,</wf>
         <wf lemma="da" pos="X">da</wf>
         <wf lemma="je" pos="X">je</wf>
         <wf lemma="uporaba" pos="X">uporaba</wf>
         <wf lemma="prepoznavnega" pos="X">prepoznavnega</wf>
         <instance id="d000.s420.t000" lemma="ime" pos="NOUN">imena</instance>
         <wf lemma="koroška" pos="X">koroška</wf>
         <wf lemma="gavda" pos="X">gavda</wf>
         <wf lemma="za" pos="X">za</wf>
         <wf lemma="Rotovnikovo" pos="X">Rotovnikovo</wf>
         <wf lemma="zabavo" pos="X">zabavo</wf>
         <wf lemma="moralno" pos="X">moralno</wf>
         <wf lemma="sporna" pos="X">sporna</wf>
         <wf lemma="." pos="X">.</wf>
      </sentence>
      <sentence id="d000.s421" source="wordnet-slovenian">
         <wf lemma="Vseeno" pos="X">Vseeno</wf>
         <wf lemma="pa" pos="X">pa</wf>
         <wf lemma="zavedanje" pos="X">zavedanje</wf>
         <wf lemma="njene" pos="X">njene</wf>
         <instance id="d000.s421.t000" lemma="moč" pos="NOUN">moči</instance>
         <wf lemma="," pos="X">,</wf>
         <wf lemma="sposobnosti" pos="X">sposobnosti</wf>
         <wf lemma="," pos="X">,</wf>
         <wf lemma="da" pos="X">da</wf>
         <wf lemma="lahko" pos="X">lahko</wf>
         <wf lemma="hitro" pos="X">hitro</wf>
         <wf lemma="in" pos="X">in</wf>
         <wf lemma="korenito" pos="X">korenito</wf>
         <wf lemma="spremeni" pos="X">spremeni</wf>
         <wf lemma="vrste" pos="X">vrste</wf>
         <wf lemma="(" pos="X">(</wf>
         <wf lemma="vključno" pos="X">vključno</wf>
         <wf lemma="z" pos="X">z</wf>
         <wf lemma="našo" pos="X">našo</wf>
         <wf lemma=")" pos="X">)</wf>
         <wf lemma="," pos="X">,</wf>
         <wf lemma="ki" pos="X">ki</wf>
         <wf lemma="se" pos="X">se</wf>
         <wf lemma="že" pos="X">že</wf>
         <wf lemma="tisočletja" pos="X">tisočletja</wf>
         <wf lemma="razvijajo" pos="X">razvijajo</wf>
         <wf lemma="," pos="X">,</wf>
         <wf lemma="terja" pos="X">terja</wf>
         <wf lemma="od" pos="X">od</wf>
         <wf lemma="nas" pos="X">nas</wf>
         <wf lemma="," pos="X">,</wf>
         <wf lemma="da" pos="X">da</wf>
         <wf lemma="smo" pos="X">smo</wf>
         <wf lemma="skromni" pos="X">skromni</wf>
         <wf lemma="in" pos="X">in</wf>
         <wf lemma="previdni" pos="X">previdni</wf>
         <wf lemma="ter" pos="X">ter</wf>
         <wf lemma="kolikor" pos="X">kolikor</wf>
         <wf lemma="je" pos="X">je</wf>
         <wf lemma="mogoče" pos="X">mogoče</wf>
         <wf lemma="vnaprej" pos="X">vnaprej</wf>
         <wf lemma="presojamo" pos="X">presojamo</wf>
         <wf lemma="morebitna" pos="X">morebitna</wf>
         <wf lemma="tveganja" pos="X">tveganja</wf>
         <wf lemma="za" pos="X">za</wf>
         <wf lemma="naše" pos="X">naše</wf>
         <wf lemma="zdravje" pos="X">zdravje</wf>
         <wf lemma="in" pos="X">in</wf>
         <wf lemma="okolje" pos="X">okolje</wf>
         <wf lemma="." pos="X">.</wf>
      </sentence>
      <sentence id="d000.s422" source="wordnet-slovenian">
         <wf lemma="Deklaracija" pos="X">Deklaracija</wf>
         <wf lemma="iz" pos="X">iz</wf>
         <wf lemma="Kanade" pos="X">Kanade</wf>
         <wf lemma="ni" pos="X">ni</wf>
         <wf lemma="po" pos="X">po</wf>
         <wf lemma="volji" pos="X">volji</wf>
         <instance id="d000.s422.t000" lemma="večina" pos="NOUN">večine</instance>
         <wf lemma="držav" pos="X">držav</wf>
         <wf lemma="," pos="X">,</wf>
         <wf lemma="toda" pos="X">toda</wf>
         <wf lemma="ker" pos="X">ker</wf>
         <wf lemma="so" pos="X">so</wf>
         <wf lemma="dogovor" pos="X">dogovor</wf>
         <wf lemma="morali" pos="X">morali</wf>
         <wf lemma="sprejeti" pos="X">sprejeti</wf>
         <wf lemma="s" pos="X">s</wf>
         <wf lemma="konsenzom" pos="X">konsenzom</wf>
         <wf lemma="," pos="X">,</wf>
         <wf lemma="je" pos="X">je</wf>
         <wf lemma="na" pos="X">na</wf>
         <wf lemma="koncu" pos="X">koncu</wf>
         <wf lemma="zmagal" pos="X">zmagal</wf>
         <wf lemma="Fujimori" pos="X">Fujimori</wf>
         <wf lemma="," pos="X">,</wf>
         <wf lemma="čeprav" pos="X">čeprav</wf>
         <wf lemma="ne" pos="X">ne</wf>
         <wf lemma="manjka" pos="X">manjka</wf>
         <wf lemma="ocen" pos="X">ocen</wf>
         <wf lemma="," pos="X">,</wf>
         <wf lemma="da" pos="X">da</wf>
         <wf lemma="to" pos="X">to</wf>
         <wf lemma="pomeni" pos="X">pomeni</wf>
         <wf lemma="njegov" pos="X">njegov</wf>
         <wf lemma="poraz" pos="X">poraz</wf>
         <wf lemma="," pos="X">,</wf>
         <wf lemma="ker" pos="X">ker</wf>
         <wf lemma="bo" pos="X">bo</wf>
         <wf lemma="moral" pos="X">moral</wf>
         <wf lemma="sprejeti" pos="X">sprejeti</wf>
         <wf lemma="delegacijo" pos="X">delegacijo</wf>
         <wf lemma="," pos="X">,</wf>
         <wf lemma="ki" pos="X">ki</wf>
         <wf lemma="naj" pos="X">naj</wf>
         <wf lemma="bi" pos="X">bi</wf>
         <wf lemma="nato" pos="X">nato</wf>
         <wf lemma="predlagala" pos="X">predlagala</wf>
         <wf lemma="," pos="X">,</wf>
         <wf lemma="kako" pos="X">kako</wf>
         <wf lemma="naprej" pos="X">naprej</wf>
         <wf lemma="." pos="X">.</wf>
      </sentence>
      <sentence id="d000.s423" source="wordnet-slovenian">
         <wf lemma="To" pos="X">To</wf>
         <wf lemma="drevesce" pos="X">drevesce</wf>
         <wf lemma="je" pos="X">je</wf>
         <wf lemma="trdno" pos="X">trdno</wf>
         <wf lemma="ogrodje" pos="X">ogrodje</wf>
         <wf lemma="," pos="X">,</wf>
         <wf lemma="ki" pos="X">ki</wf>
         <wf lemma="ga" pos="X">ga</wf>
         <wf lemma="s" pos="X">s</wf>
         <wf lemma="procesom" pos="X">procesom</wf>
         <wf lemma="," pos="X">,</wf>
         <wf lemma="imenovanim" pos="X">imenovanim</wf>
         <wf lemma="&quot;" pos="X">&quot;</wf>
         <wf lemma="zunanja" pos="X">zunanja</wf>
         <wf lemma="sekrecija" pos="X">sekrecija</wf>
         <wf lemma="&quot;" pos="X">&quot;</wf>
         <wf lemma="," pos="X">,</wf>
         <wf lemma="tvorijo" pos="X">tvorijo</wf>
         <wf lemma="majhni" pos="X">majhni</wf>
         <wf lemma="polipi" pos="X">polipi</wf>
         <wf lemma="," pos="X">,</wf>
         <wf lemma="nekakšne" pos="X">nekakšne</wf>
         <wf lemma="vetrnice" pos="X">vetrnice</wf>
         <wf lemma="," pos="X">,</wf>
         <wf lemma="od" pos="X">od</wf>
         <wf lemma="katerih" pos="X">katerih</wf>
         <wf lemma="ima" pos="X">ima</wf>
         <wf lemma="vsaka" pos="X">vsaka</wf>
         <wf lemma="osem" pos="X">osem</wf>
         <wf lemma="lovk" pos="X">lovk</wf>
         <wf lemma="," pos="X">,</wf>
         <wf lemma="razvrščenih" pos="X">razvrščenih</wf>
         <wf lemma="v" pos="X">v</wf>
         <instance id="d000.s423.t000" lemma="oblika" pos="NOUN">obliki</instance>
         <wf lemma="cveta" pos="X">cveta</wf>
         <wf lemma="." pos="X">.</wf>
      </sentence>
      <sentence id="d000.s424" source="wordnet-slovenian">
         <wf lemma="Za" pos="X">Za</wf>
         <wf lemma="osebno" pos="X">osebno</wf>
         <wf lemma="higieno" pos="X">higieno</wf>
         <wf lemma="imajo" pos="X">imajo</wf>
         <wf lemma="na" pos="X">na</wf>
         <wf lemma="voljo" pos="X">voljo</wf>
         <wf lemma="15" pos="X">15</wf>
         <instance id="d000.s424.t000" lemma="minuta" pos="NOUN">minut</instance>
         <wf lemma="dnevno" pos="X">dnevno</wf>
         <wf lemma="(" pos="X">(</wf>
         <wf lemma="brez" pos="X">brez</wf>
         <wf lemma="tuširanja" pos="X">tuširanja</wf>
         <wf lemma=")" pos="X">)</wf>
         <wf lemma="," pos="X">,</wf>
         <wf lemma="za" pos="X">za</wf>
         <wf lemma="razgibavanje" pos="X">razgibavanje</wf>
         <wf lemma="pa" pos="X">pa</wf>
         <wf lemma="jim" pos="X">jim</wf>
         <wf lemma="je" pos="X">je</wf>
         <wf lemma="odmerjenih" pos="X">odmerjenih</wf>
         <wf lemma="dvakrat" pos="X">dvakrat</wf>
         <wf lemma="po" pos="X">po</wf>
         <wf lemma="15" pos="X">15</wf>
         <wf lemma="minut" pos="X">minut</wf>
         <wf lemma="na" pos="X">na</wf>
         <wf lemma="teden" pos="X">teden</wf>
         <wf lemma="." pos="X">.</wf>
      </sentence>
      <sentence id="d000.s425" source="wordnet-slovenian">
         <wf lemma="Živimo" pos="X">Živimo</wf>
         <wf lemma="v" pos="X">v</wf>
         <wf lemma="družbi" pos="X">družbi</wf>
         <wf lemma="," pos="X">,</wf>
         <wf lemma="katere" pos="X">katere</wf>
         <instance id="d000.s425.t000" lemma="član" pos="NOUN">člani</instance>
         <wf lemma="so" pos="X">so</wf>
         <wf lemma="zmožni" pos="X">zmožni</wf>
         <wf lemma="samo" pos="X">samo</wf>
         <wf lemma="še" pos="X">še</wf>
         <wf lemma="minimalnih" pos="X">minimalnih</wf>
         <wf lemma="dogovorov" pos="X">dogovorov</wf>
         <wf lemma="," pos="X">,</wf>
         <wf lemma="na" pos="X">na</wf>
         <wf lemma="primer" pos="X">primer</wf>
         <wf lemma="," pos="X">,</wf>
         <wf lemma="po" pos="X">po</wf>
         <wf lemma="kateri" pos="X">kateri</wf>
         <wf lemma="strani" pos="X">strani</wf>
         <wf lemma="ceste" pos="X">ceste</wf>
         <wf lemma="naj" pos="X">naj</wf>
         <wf lemma="vozimo" pos="X">vozimo</wf>
         <wf lemma="." pos="X">.</wf>
      </sentence>
      <sentence id="d000.s426" source="wordnet-slovenian">
         <wf lemma="Ta" pos="X">Ta</wf>
         <wf lemma="akcija" pos="X">akcija</wf>
         <wf lemma="," pos="X">,</wf>
         <wf lemma="ki" pos="X">ki</wf>
         <wf lemma="jo" pos="X">jo</wf>
         <wf lemma="Dolenjska" pos="X">Dolenjska</wf>
         <wf lemma="banka" pos="X">banka</wf>
         <wf lemma="že" pos="X">že</wf>
         <wf lemma="16." pos="X">16.</wf>
         <wf lemma="leto" pos="X">leto</wf>
         <wf lemma="izvaja" pos="X">izvaja</wf>
         <wf lemma="na" pos="X">na</wf>
         <wf lemma="Dolenjskem" pos="X">Dolenjskem</wf>
         <wf lemma="in" pos="X">in</wf>
         <wf lemma="v" pos="X">v</wf>
         <wf lemma="Beli" pos="X">Beli</wf>
         <wf lemma="krajini" pos="X">krajini</wf>
         <wf lemma="," pos="X">,</wf>
         <wf lemma="ima" pos="X">ima</wf>
         <wf lemma="dober" pos="X">dober</wf>
         <wf lemma="odziv" pos="X">odziv</wf>
         <wf lemma="," pos="X">,</wf>
         <wf lemma="saj" pos="X">saj</wf>
         <wf lemma="se" pos="X">se</wf>
         <wf lemma="več" pos="X">več</wf>
         <wf lemma="kot" pos="X">kot</wf>
         <wf lemma="polovica" pos="X">polovica</wf>
         <wf lemma="staršev" pos="X">staršev</wf>
         <wf lemma="odloči" pos="X">odloči</wf>
         <wf lemma="za" pos="X">za</wf>
         <wf lemma="obisk" pos="X">obisk</wf>
         <wf lemma="v" pos="X">v</wf>
         <wf lemma="banki" pos="X">banki</wf>
         <wf lemma="in" pos="X">in</wf>
         <wf lemma="varčevanje" pos="X">varčevanje</wf>
         <wf lemma="za" pos="X">za</wf>
         <wf lemma="svojega" pos="X">svojega</wf>
         <wf lemma="otroka" pos="X">otroka</wf>
         <wf lemma=";" pos="X">;</wf>
         <wf lemma="z" pos="X">z</wf>
         <wf lemma="otvoritvijo" pos="X">otvoritvijo</wf>
         <wf lemma="ekspoziture" pos="X">ekspoziture</wf>
         <wf lemma="Dolenjske" pos="X">Dolenjske</wf>
         <wf lemma="banke" pos="X">banke</wf>
         <wf lemma="v" pos="X">v</wf>
         <wf lemma="Krškem" pos="X">Krškem</wf>
         <wf lemma="in" pos="X">in</wf>
         <wf lemma="Brežicah" pos="X">Brežicah</wf>
         <wf lemma="se" pos="X">se</wf>
         <wf lemma="akcija" pos="X">akcija</wf>
         <wf lemma="širi" pos="X">širi</wf>
         <wf lemma="tudi" pos="X">tudi</wf>
         <wf lemma="na" pos="X">na</wf>
         <instance id="d000.s426.t000" lemma="območje" pos="NOUN">območje</instance>
         <wf lemma="Posavja" pos="X">Posavja</wf>
         <wf lemma="." pos="X">.</wf>
      </sentence>
      <sentence id="d000.s427" source="wordnet-slovenian">
         <wf lemma="Največje" pos="X">Največje</wf>
         <wf lemma="vozlišče" pos="X">vozlišče</wf>
         <wf lemma="članstva" pos="X">članstva</wf>
         <wf lemma="F21" pos="X">F21</wf>
         <wf lemma="pa" pos="X">pa</wf>
         <wf lemma="je" pos="X">je</wf>
         <wf lemma="v" pos="X">v</wf>
         <wf lemma="različnih" pos="X">različnih</wf>
         <wf lemma="lions" pos="X">lions</wf>
         <instance id="d000.s427.t000" lemma="klub" pos="NOUN">klubih</instance>
         <wf lemma="." pos="X">.</wf>
      </sentence>
      <sentence id="d000.s428" source="wordnet-slovenian">
         <wf lemma="Ko" pos="X">Ko</wf>
         <wf lemma="ga" pos="X">ga</wf>
         <wf lemma="mati" pos="X">mati</wf>
         <wf lemma="objame" pos="X">objame</wf>
         <wf lemma="in" pos="X">in</wf>
         <wf lemma="mu" pos="X">mu</wf>
         <wf lemma="zapoje" pos="X">zapoje</wf>
         <wf lemma="pesmico" pos="X">pesmico</wf>
         <wf lemma="ali" pos="X">ali</wf>
         <wf lemma="pove" pos="X">pove</wf>
         <wf lemma="kratko" pos="X">kratko</wf>
         <wf lemma="zgodbo" pos="X">zgodbo</wf>
         <wf lemma="," pos="X">,</wf>
         <wf lemma="nevede" pos="X">nevede</wf>
         <instance id="d000.s428.t000" lemma="otrok" pos="NOUN">otroku</instance>
         <wf lemma="privzgaja" pos="X">privzgaja</wf>
         <wf lemma="občutek" pos="X">občutek</wf>
         <wf lemma="," pos="X">,</wf>
         <wf lemma="da" pos="X">da</wf>
         <wf lemma="je" pos="X">je</wf>
         <wf lemma="to" pos="X">to</wf>
         <wf lemma="nekaj" pos="X">nekaj</wf>
         <wf lemma="lepega" pos="X">lepega</wf>
         <wf lemma="." pos="X">.</wf>
      </sentence>
      <sentence id="d000.s429" source="wordnet-slovenian">
         <wf lemma="Tanin" pos="X">Tanin</wf>
         <wf lemma="se" pos="X">se</wf>
         <wf lemma="je" pos="X">je</wf>
         <wf lemma="v" pos="X">v</wf>
         <wf lemma="zadnjih" pos="X">zadnjih</wf>
         <instance id="d000.s429.t000" lemma="leto" pos="NOUN">letih</instance>
         <wf lemma="reševal" pos="X">reševal</wf>
         <wf lemma="z" pos="X">z</wf>
         <wf lemma="odkupom" pos="X">odkupom</wf>
         <wf lemma="na" pos="X">na</wf>
         <wf lemma="slovenskem" pos="X">slovenskem</wf>
         <wf lemma="trgu" pos="X">trgu</wf>
         <wf lemma="," pos="X">,</wf>
         <wf lemma="kjer" pos="X">kjer</wf>
         <wf lemma="je" pos="X">je</wf>
         <wf lemma="vzpostavil" pos="X">vzpostavil</wf>
         <wf lemma="mrežo" pos="X">mrežo</wf>
         <wf lemma="odkupovalcev" pos="X">odkupovalcev</wf>
         <wf lemma="," pos="X">,</wf>
         <wf lemma="oblikoval" pos="X">oblikoval</wf>
         <wf lemma="pogodbene" pos="X">pogodbene</wf>
         <wf lemma="sekaške" pos="X">sekaške</wf>
         <wf lemma="ekipe" pos="X">ekipe</wf>
         <wf lemma="in" pos="X">in</wf>
         <wf lemma="vzpodbujal" pos="X">vzpodbujal</wf>
         <wf lemma="k" pos="X">k</wf>
         <wf lemma="sanitarni" pos="X">sanitarni</wf>
         <wf lemma="sečnji" pos="X">sečnji</wf>
         <wf lemma="kostanja" pos="X">kostanja</wf>
         <wf lemma="." pos="X">.</wf>
      </sentence>
      <sentence id="d000.s430" source="wordnet-slovenian">
         <wf lemma="Po" pos="X">Po</wf>
         <wf lemma="končani" pos="X">končani</wf>
         <wf lemma="osnovni" pos="X">osnovni</wf>
         <instance id="d000.s430.t000" lemma="šola" pos="NOUN">šoli</instance>
         <wf lemma="je" pos="X">je</wf>
         <wf lemma="obiskoval" pos="X">obiskoval</wf>
         <wf lemma="kovinarsko" pos="X">kovinarsko</wf>
         <wf lemma="šolo" pos="X">šolo</wf>
         <wf lemma="v" pos="X">v</wf>
         <wf lemma="Mariboru" pos="X">Mariboru</wf>
         <wf lemma="in" pos="X">in</wf>
         <wf lemma="se" pos="X">se</wf>
         <wf lemma="potem" pos="X">potem</wf>
         <wf lemma="zaposlil" pos="X">zaposlil</wf>
         <wf lemma="v" pos="X">v</wf>
         <wf lemma="Industriji" pos="X">Industriji</wf>
         <wf lemma="kovinske" pos="X">kovinske</wf>
         <wf lemma="opreme" pos="X">opreme</wf>
         <wf lemma="Inkop" pos="X">Inkop</wf>
         <wf lemma="Kočevje" pos="X">Kočevje</wf>
         <wf lemma="," pos="X">,</wf>
         <wf lemma="kjer" pos="X">kjer</wf>
         <wf lemma="je" pos="X">je</wf>
         <wf lemma="delal" pos="X">delal</wf>
         <wf lemma="vse" pos="X">vse</wf>
         <wf lemma="do" pos="X">do</wf>
         <wf lemma="upokojitve" pos="X">upokojitve</wf>
         <wf lemma="." pos="X">.</wf>
      </sentence>
      <sentence id="d000.s431" source="wordnet-slovenian">
         <wf lemma="Met" pos="X">Met</wf>
         <wf lemma="začnemo" pos="X">začnemo</wf>
         <wf lemma="z" pos="X">z</wf>
         <wf lemma="dviganjem" pos="X">dviganjem</wf>
         <wf lemma="vrvice" pos="X">vrvice</wf>
         <wf lemma="," pos="X">,</wf>
         <wf lemma="ki" pos="X">ki</wf>
         <wf lemma="jo" pos="X">jo</wf>
         <wf lemma="dvigamo" pos="X">dvigamo</wf>
         <wf lemma="toliko" pos="X">toliko</wf>
         <instance id="d000.s431.t000" lemma="čas" pos="NOUN">časa</instance>
         <wf lemma="," pos="X">,</wf>
         <wf lemma="da" pos="X">da</wf>
         <wf lemma="se" pos="X">se</wf>
         <wf lemma="izravna" pos="X">izravna</wf>
         <wf lemma="in" pos="X">in</wf>
         <wf lemma="je" pos="X">je</wf>
         <wf lemma="brez" pos="X">brez</wf>
         <wf lemma="vozlov" pos="X">vozlov</wf>
         <wf lemma="." pos="X">.</wf>
      </sentence>
      <sentence id="d000.s432" source="wordnet-slovenian">
         <wf lemma="Projekt" pos="X">Projekt</wf>
         <wf lemma="Literarni" pos="X">Literarni</wf>
         <wf lemma="vlak" pos="X">vlak</wf>
         <wf lemma="Evropa" pos="X">Evropa</wf>
         <wf lemma="2000" pos="X">2000</wf>
         <wf lemma="poteka" pos="X">poteka</wf>
         <wf lemma="pod" pos="X">pod</wf>
         <wf lemma="pokroviteljstvom" pos="X">pokroviteljstvom</wf>
         <wf lemma="Evropske" pos="X">Evropske</wf>
         <instance id="d000.s432.t000" lemma="komisija" pos="NOUN">komisije</instance>
         <wf lemma="." pos="X">.</wf>
      </sentence>
      <sentence id="d000.s433" source="wordnet-slovenian">
         <wf lemma="Glede" pos="X">Glede</wf>
         <wf lemma="oblike" pos="X">oblike</wf>
         <wf lemma="je" pos="X">je</wf>
         <wf lemma="zanimivo" pos="X">zanimivo</wf>
         <wf lemma="," pos="X">,</wf>
         <wf lemma="da" pos="X">da</wf>
         <wf lemma="je" pos="X">je</wf>
         <wf lemma="prav" pos="X">prav</wf>
         <wf lemma="majhen" pos="X">majhen</wf>
         <wf lemma="del" pos="X">del</wf>
         <wf lemma="dramskih" pos="X">dramskih</wf>
         <wf lemma="besedil" pos="X">besedil</wf>
         <wf lemma="napisan" pos="X">napisan</wf>
         <wf lemma="v" pos="X">v</wf>
         <wf lemma="prozi" pos="X">prozi</wf>
         <wf lemma="," pos="X">,</wf>
         <wf lemma="daleč" pos="X">daleč</wf>
         <wf lemma="pa" pos="X">pa</wf>
         <wf lemma="prevladuje" pos="X">prevladuje</wf>
         <wf lemma="verz" pos="X">verz</wf>
         <wf lemma="," pos="X">,</wf>
         <wf lemma="v" pos="X">v</wf>
         <wf lemma="njem" pos="X">njem</wf>
         <wf lemma="so" pos="X">so</wf>
         <wf lemma="napisana" pos="X">napisana</wf>
         <wf lemma="tudi" pos="X">tudi</wf>
         <wf lemma="vsa" pos="X">vsa</wf>
         <wf lemma="poglavitna" pos="X">poglavitna</wf>
         <wf lemma="objavljena" pos="X">objavljena</wf>
         <instance id="d000.s433.t000" lemma="delo" pos="NOUN">dela</instance>
         <wf lemma="," pos="X">,</wf>
         <wf lemma="kar" pos="X">kar</wf>
         <wf lemma="potrjuje" pos="X">potrjuje</wf>
         <wf lemma="," pos="X">,</wf>
         <wf lemma="da" pos="X">da</wf>
         <wf lemma="je" pos="X">je</wf>
         <wf lemma="bil" pos="X">bil</wf>
         <wf lemma="Župančič" pos="X">Župančič</wf>
         <wf lemma="predvsem" pos="X">predvsem</wf>
         <wf lemma="pesnik" pos="X">pesnik</wf>
         <wf lemma="." pos="X">.</wf>
      </sentence>
      <sentence id="d000.s434" source="wordnet-slovenian">
         <wf lemma="-" pos="X">-</wf>
         <wf lemma="Z" pos="X">Z</wf>
         <instance id="d000.s434.t000" lemma="dan" pos="NOUN">DNEM</instance>
         <wf lemma="PRENEHANJA" pos="X">PRENEHANJA</wf>
         <wf lemma="VELJAVNOSTI" pos="X">VELJAVNOSTI</wf>
         <wf lemma="DELOVNEGA" pos="X">DELOVNEGA</wf>
         <wf lemma="DOVOLJENJA" pos="X">DOVOLJENJA</wf>
         <wf lemma="POGODBA" pos="X">POGODBA</wf>
         <wf lemma="O" pos="X">O</wf>
         <wf lemma="ZAPOSLITVI" pos="X">ZAPOSLITVI</wf>
         <wf lemma="," pos="X">,</wf>
         <wf lemma="KI" pos="X">KI</wf>
         <wf lemma="JO" pos="X">JO</wf>
         <wf lemma="SKLENE" pos="X">SKLENE</wf>
         <wf lemma="TUJEC" pos="X">TUJEC</wf>
         <wf lemma="ALI" pos="X">ALI</wf>
         <wf lemma="OSEBA" pos="X">OSEBA</wf>
         <wf lemma="BREZ" pos="X">BREZ</wf>
         <wf lemma="DRŽAVLJANSTVA" pos="X">DRŽAVLJANSTVA</wf>
         <wf lemma="," pos="X">,</wf>
         <wf lemma="PRENEHA" pos="X">PRENEHA</wf>
         <wf lemma="VELJATI" pos="X">VELJATI</wf>
         <wf lemma="PO" pos="X">PO</wf>
         <wf lemma="SAMEM" pos="X">SAMEM</wf>
         <wf lemma="ZAKONU" pos="X">ZAKONU</wf>
         <wf lemma="." pos="X">.</wf>
      </sentence>
      <sentence id="d000.s435" source="wordnet-slovenian">
         <wf lemma="Pričujoče" pos="X">Pričujoče</wf>
         <wf lemma="poglavje" pos="X">poglavje</wf>
         <wf lemma="orisuje" pos="X">orisuje</wf>
         <wf lemma="te" pos="X">te</wf>
         <instance id="d000.s435.t000" lemma="sprememba" pos="NOUN">spremembe</instance>
         <wf lemma="v" pos="X">v</wf>
         <wf lemma="prizadevanju" pos="X">prizadevanju</wf>
         <wf lemma="," pos="X">,</wf>
         <wf lemma="da" pos="X">da</wf>
         <wf lemma="bi" pos="X">bi</wf>
         <wf lemma="raziskalo" pos="X">raziskalo</wf>
         <wf lemma="zgodovinsko" pos="X">zgodovinsko</wf>
         <wf lemma="povezavo" pos="X">povezavo</wf>
         <wf lemma="med" pos="X">med</wf>
         <wf lemma="vsebino" pos="X">vsebino</wf>
         <wf lemma="znanosti" pos="X">znanosti</wf>
         <wf lemma="in" pos="X">in</wf>
         <wf lemma="njenim" pos="X">njenim</wf>
         <wf lemma="družbenim" pos="X">družbenim</wf>
         <wf lemma="ozadjem" pos="X">ozadjem</wf>
         <wf lemma="." pos="X">.</wf>
      </sentence>
      <sentence id="d000.s436" source="wordnet-slovenian">
         <instance id="d000.s436.t000" lemma="leto" pos="NOUN">Leta</instance>
         <wf lemma="1986" pos="X">1986</wf>
         <wf lemma="je" pos="X">je</wf>
         <wf lemma="vzniknila" pos="X">vzniknila</wf>
         <wf lemma="ideja" pos="X">ideja</wf>
         <wf lemma="o" pos="X">o</wf>
         <wf lemma="preoblikovanju" pos="X">preoblikovanju</wf>
         <wf lemma="muzeja" pos="X">muzeja</wf>
         <wf lemma="iz" pos="X">iz</wf>
         <wf lemma="posebnega" pos="X">posebnega</wf>
         <wf lemma="v" pos="X">v</wf>
         <wf lemma="splošni" pos="X">splošni</wf>
         <wf lemma="pokrajinski" pos="X">pokrajinski</wf>
         <wf lemma="muzej" pos="X">muzej</wf>
         <wf lemma="," pos="X">,</wf>
         <wf lemma="ki" pos="X">ki</wf>
         <wf lemma="naj" pos="X">naj</wf>
         <wf lemma="bi" pos="X">bi</wf>
         <wf lemma="skrbel" pos="X">skrbel</wf>
         <wf lemma="za" pos="X">za</wf>
         <wf lemma="varstvo" pos="X">varstvo</wf>
         <wf lemma="premične" pos="X">premične</wf>
         <wf lemma="kulturne" pos="X">kulturne</wf>
         <wf lemma="dediščine" pos="X">dediščine</wf>
         <wf lemma="," pos="X">,</wf>
         <wf lemma="njeno" pos="X">njeno</wf>
         <wf lemma="realizacijo" pos="X">realizacijo</wf>
         <wf lemma="pa" pos="X">pa</wf>
         <wf lemma="je" pos="X">je</wf>
         <wf lemma="prinesla" pos="X">prinesla</wf>
         <wf lemma="sprememba" pos="X">sprememba</wf>
         <wf lemma="financiranja" pos="X">financiranja</wf>
         <wf lemma="muzeja" pos="X">muzeja</wf>
         <wf lemma="leta" pos="X">leta</wf>
         <wf lemma="1990" pos="X">1990</wf>
         <wf lemma="." pos="X">.</wf>
      </sentence>
      <sentence id="d000.s437" source="wordnet-slovenian">
         <wf lemma="Vse" pos="X">Vse</wf>
         <wf lemma="," pos="X">,</wf>
         <wf lemma="kar" pos="X">kar</wf>
         <wf lemma="je" pos="X">je</wf>
         <wf lemma="treba" pos="X">treba</wf>
         <wf lemma="narediti" pos="X">narediti</wf>
         <wf lemma="," pos="X">,</wf>
         <wf lemma="je" pos="X">je</wf>
         <wf lemma="namestiti" pos="X">namestiti</wf>
         <instance id="d000.s437.t000" lemma="program" pos="NOUN">program</instance>
         <wf lemma="DNKA" pos="X">DNKA</wf>
         <wf lemma="," pos="X">,</wf>
         <wf lemma="ki" pos="X">ki</wf>
         <wf lemma="ga" pos="X">ga</wf>
         <wf lemma="skupaj" pos="X">skupaj</wf>
         <wf lemma="s" pos="X">s</wf>
         <wf lemma="preprostimi" pos="X">preprostimi</wf>
         <wf lemma="navodili" pos="X">navodili</wf>
         <wf lemma="najdete" pos="X">najdete</wf>
         <wf lemma="na" pos="X">na</wf>
         <wf lemma="naslovu" pos="X">naslovu</wf>
         <wf lemma="http://dnka.com/" pos="X">http://dnka.com/</wf>
         <wf lemma="." pos="X">.</wf>
      </sentence>
      <sentence id="d000.s438" source="wordnet-slovenian">
         <wf lemma="Ob" pos="X">Ob</wf>
         <instance id="d000.s438.t000" lemma="konec" pos="NOUN">koncu</instance>
         <wf lemma="potovanja" pos="X">potovanja</wf>
         <wf lemma="bodo" pos="X">bodo</wf>
         <wf lemma="izdali" pos="X">izdali</wf>
         <wf lemma="literarni" pos="X">literarni</wf>
         <wf lemma="potopis" pos="X">potopis</wf>
         <wf lemma="." pos="X">.</wf>
      </sentence>
      <sentence id="d000.s439" source="wordnet-slovenian">
         <wf lemma="Devizni" pos="X">Devizni</wf>
         <wf lemma="trgovci" pos="X">trgovci</wf>
         <wf lemma="so" pos="X">so</wf>
         <wf lemma="po" pos="X">po</wf>
         <wf lemma="začetnih" pos="X">začetnih</wf>
         <wf lemma="nekaj" pos="X">nekaj</wf>
         <wf lemma="sunkovitih" pos="X">sunkovitih</wf>
         <wf lemma="poskusih" pos="X">poskusih</wf>
         <wf lemma="navzgor" pos="X">navzgor</wf>
         <wf lemma="," pos="X">,</wf>
         <wf lemma="ki" pos="X">ki</wf>
         <wf lemma="so" pos="X">so</wf>
         <wf lemma="v" pos="X">v</wf>
         <wf lemma="nekaj" pos="X">nekaj</wf>
         <instance id="d000.s439.t000" lemma="minuta" pos="NOUN">minutah</instance>
         <wf lemma="splahneli" pos="X">splahneli</wf>
         <wf lemma="," pos="X">,</wf>
         <wf lemma="morali" pos="X">morali</wf>
         <wf lemma="reševati" pos="X">reševati</wf>
         <wf lemma="nakupljene" pos="X">nakupljene</wf>
         <wf lemma="evro" pos="X">evro</wf>
         <wf lemma="pozicije" pos="X">pozicije</wf>
         <wf lemma="s" pos="X">s</wf>
         <wf lemma="prodajami" pos="X">prodajami</wf>
         <wf lemma="le" pos="X">le</wf>
         <wf lemma="-" pos="X">-</wf>
         <wf lemma="teh" pos="X">teh</wf>
         <wf lemma="," pos="X">,</wf>
         <wf lemma="saj" pos="X">saj</wf>
         <wf lemma="je" pos="X">je</wf>
         <wf lemma="takoj" pos="X">takoj</wf>
         <wf lemma="po" pos="X">po</wf>
         <wf lemma="objavi" pos="X">objavi</wf>
         <wf lemma="zmanjšanja" pos="X">zmanjšanja</wf>
         <wf lemma="ameriških" pos="X">ameriških</wf>
         <wf lemma="brezposelnih" pos="X">brezposelnih</wf>
         <wf lemma="prosilcev" pos="X">prosilcev</wf>
         <wf lemma="pomoči" pos="X">pomoči</wf>
         <wf lemma="dolar" pos="X">dolar</wf>
         <wf lemma="začel" pos="X">začel</wf>
         <wf lemma="neustavljivo" pos="X">neustavljivo</wf>
         <wf lemma="pridobivati" pos="X">pridobivati</wf>
         <wf lemma="," pos="X">,</wf>
         <wf lemma="vse" pos="X">vse</wf>
         <wf lemma="do" pos="X">do</wf>
         <wf lemma="najprej" pos="X">najprej</wf>
         <wf lemma="močno" pos="X">močno</wf>
         <wf lemma="za" pos="X">za</wf>
         <wf lemma="evro" pos="X">evro</wf>
         <wf lemma="podpornega" pos="X">podpornega</wf>
         <wf lemma="0,8910" pos="X">0,8910</wf>
         <wf lemma="dolarja" pos="X">dolarja</wf>
         <wf lemma="." pos="X">.</wf>
      </sentence>
      <sentence id="d000.s440" source="wordnet-slovenian">
         <wf lemma="«" pos="X">«</wf>
         <wf lemma="In" pos="X">In</wf>
         <wf lemma="je" pos="X">je</wf>
         <wf lemma="spet" pos="X">spet</wf>
         <wf lemma="naštevala" pos="X">naštevala</wf>
         <wf lemma="," pos="X">,</wf>
         <wf lemma="kaj" pos="X">kaj</wf>
         <wf lemma="vse" pos="X">vse</wf>
         <wf lemma="se" pos="X">se</wf>
         <wf lemma="naj" pos="X">naj</wf>
         <wf lemma="onemu" pos="X">onemu</wf>
         <wf lemma="na" pos="X">na</wf>
         <wf lemma="oni" pos="X">oni</wf>
         <instance id="d000.s440.t000" lemma="stran" pos="NOUN">strani</instance>
         <wf lemma="posuši" pos="X">posuši</wf>
         <wf lemma="." pos="X">.</wf>
      </sentence>
      <sentence id="d000.s441" source="wordnet-slovenian">
         <wf lemma="Nase" pos="X">Nase</wf>
         <wf lemma="je" pos="X">je</wf>
         <wf lemma="opozorila" pos="X">opozorila</wf>
         <wf lemma="s" pos="X">s</wf>
         <wf lemma="potopisnim" pos="X">potopisnim</wf>
         <wf lemma="romanom" pos="X">romanom</wf>
         <wf lemma="Črni" pos="X">Črni</wf>
         <wf lemma="angel" pos="X">angel</wf>
         <wf lemma="," pos="X">,</wf>
         <wf lemma="varuh" pos="X">varuh</wf>
         <wf lemma="moj" pos="X">moj</wf>
         <wf lemma="(" pos="X">(</wf>
         <wf lemma="1997" pos="X">1997</wf>
         <wf lemma=")" pos="X">)</wf>
         <wf lemma="," pos="X">,</wf>
         <instance id="d000.s441.t000" lemma="leto" pos="NOUN">leto</instance>
         <wf lemma="pozneje" pos="X">pozneje</wf>
         <wf lemma="pa" pos="X">pa</wf>
         <wf lemma="je" pos="X">je</wf>
         <wf lemma="izdala" pos="X">izdala</wf>
         <wf lemma="še" pos="X">še</wf>
         <wf lemma="zbirko" pos="X">zbirko</wf>
         <wf lemma="potopisnih" pos="X">potopisnih</wf>
         <wf lemma="reportaž" pos="X">reportaž</wf>
         <wf lemma="Barva" pos="X">Barva</wf>
         <wf lemma="sladke" pos="X">sladke</wf>
         <wf lemma="čokolade" pos="X">čokolade</wf>
         <wf lemma="(" pos="X">(</wf>
         <wf lemma="1998" pos="X">1998</wf>
         <wf lemma=")" pos="X">)</wf>
         <wf lemma="." pos="X">.</wf>
      </sentence>
      <sentence id="d000.s442" source="wordnet-slovenian">
         <wf lemma="Vsem" pos="X">Vsem</wf>
         <wf lemma="študijam" pos="X">študijam</wf>
         <wf lemma="je" pos="X">je</wf>
         <wf lemma="skupna" pos="X">skupna</wf>
         <wf lemma="ugotovitev" pos="X">ugotovitev</wf>
         <wf lemma="," pos="X">,</wf>
         <wf lemma="da" pos="X">da</wf>
         <wf lemma="se" pos="X">se</wf>
         <wf lemma="je" pos="X">je</wf>
         <wf lemma="izziv" pos="X">izziv</wf>
         <wf lemma="prihodnosti" pos="X">prihodnosti</wf>
         <wf lemma="stopnjeval" pos="X">stopnjeval</wf>
         <wf lemma="toliko" pos="X">toliko</wf>
         <wf lemma="," pos="X">,</wf>
         <wf lemma="kolikor" pos="X">kolikor</wf>
         <wf lemma="je" pos="X">je</wf>
         <wf lemma="bil" pos="X">bil</wf>
         <wf lemma="lastni" pos="X">lastni</wf>
         <instance id="d000.s442.t000" lemma="čas" pos="NOUN">čas</instance>
         <wf lemma="izkušan" pos="X">izkušan</wf>
         <wf lemma="kot" pos="X">kot</wf>
         <wf lemma="zmeraj" pos="X">zmeraj</wf>
         <wf lemma="novi" pos="X">novi</wf>
         <wf lemma="čas" pos="X">čas</wf>
         <wf lemma="," pos="X">,</wf>
         <wf lemma="kot" pos="X">kot</wf>
         <wf lemma="‘novi" pos="X">‘novi</wf>
         <wf lemma="vek’" pos="X">vek’</wf>
         <wf lemma="." pos="X">.</wf>
      </sentence>
      <sentence id="d000.s443" source="wordnet-slovenian">
         <wf lemma="Dedova" pos="X">Dedova</wf>
         <wf lemma="pripomba" pos="X">pripomba</wf>
         <wf lemma="je" pos="X">je</wf>
         <wf lemma="bila" pos="X">bila</wf>
         <wf lemma="značilna" pos="X">značilna</wf>
         <wf lemma="zanj" pos="X">zanj</wf>
         <wf lemma=":" pos="X">:</wf>
         <wf lemma="»" pos="X">»</wf>
         <wf lemma="Za" pos="X">Za</wf>
         <wf lemma="božjo" pos="X">božjo</wf>
         <instance id="d000.s443.t000" lemma="volja" pos="NOUN">voljo</instance>
         <wf lemma="," pos="X">,</wf>
         <wf lemma="ne" pos="X">ne</wf>
         <wf lemma="bodi" pos="X">bodi</wf>
         <wf lemma="tako" pos="X">tako</wf>
         <wf lemma="trapasta" pos="X">trapasta</wf>
         <wf lemma="." pos="X">.</wf>
      </sentence>
      <sentence id="d000.s444" source="wordnet-slovenian">
         <wf lemma="&quot;" pos="X">&quot;</wf>
         <wf lemma="V" pos="X">V</wf>
         <wf lemma="nekdanji" pos="X">nekdanji</wf>
         <wf lemma="Jugoslaviji" pos="X">Jugoslaviji</wf>
         <instance id="d000.s444.t000" lemma="denar" pos="NOUN">denarja</instance>
         <wf lemma="za" pos="X">za</wf>
         <wf lemma="trenersko" pos="X">trenersko</wf>
         <wf lemma="usposabljanje" pos="X">usposabljanje</wf>
         <wf lemma="ni" pos="X">ni</wf>
         <wf lemma="manjkalo" pos="X">manjkalo</wf>
         <wf lemma="," pos="X">,</wf>
         <wf lemma="tudi" pos="X">tudi</wf>
         <wf lemma="sam" pos="X">sam</wf>
         <wf lemma="sem" pos="X">sem</wf>
         <wf lemma="se" pos="X">se</wf>
         <wf lemma="tako" pos="X">tako</wf>
         <wf lemma="usposabljal" pos="X">usposabljal</wf>
         <wf lemma="na" pos="X">na</wf>
         <wf lemma="Japonskem" pos="X">Japonskem</wf>
         <wf lemma="." pos="X">.</wf>
      </sentence>
      <sentence id="d000.s445" source="wordnet-slovenian">
         <wf lemma="Nicholas" pos="X">Nicholas</wf>
         <wf lemma="z" pos="X">z</wf>
         <wf lemma="ženo" pos="X">ženo</wf>
         <wf lemma="Tresso" pos="X">Tresso</wf>
         <wf lemma="," pos="X">,</wf>
         <wf lemma="s" pos="X">s</wf>
         <wf lemma="katero" pos="X">katero</wf>
         <wf lemma="je" pos="X">je</wf>
         <wf lemma="poročen" pos="X">poročen</wf>
         <wf lemma="tri" pos="X">tri</wf>
         <instance id="d000.s445.t000" lemma="leto" pos="NOUN">leta</instance>
         <wf lemma="." pos="X">.</wf>
      </sentence>
      <sentence id="d000.s446" source="wordnet-slovenian">
         <wf lemma="Ključar" pos="X">Ključar</wf>
         <wf lemma="Viktor" pos="X">Viktor</wf>
         <wf lemma="Papler" pos="X">Papler</wf>
         <wf lemma="," pos="X">,</wf>
         <wf lemma="ki" pos="X">ki</wf>
         <wf lemma="mu" pos="X">mu</wf>
         <wf lemma="je" pos="X">je</wf>
         <wf lemma="prvi" pos="X">prvi</wf>
         <wf lemma="priskočil" pos="X">priskočil</wf>
         <wf lemma="na" pos="X">na</wf>
         <instance id="d000.s446.t000" lemma="pomoč" pos="NOUN">pomoč</instance>
         <wf lemma="in" pos="X">in</wf>
         <wf lemma="bil" pos="X">bil</wf>
         <wf lemma="nato" pos="X">nato</wf>
         <wf lemma="tudi" pos="X">tudi</wf>
         <wf lemma="sam" pos="X">sam</wf>
         <wf lemma="ogrožen" pos="X">ogrožen</wf>
         <wf lemma="," pos="X">,</wf>
         <wf lemma="je" pos="X">je</wf>
         <wf lemma="povedal" pos="X">povedal</wf>
         <wf lemma="," pos="X">,</wf>
         <wf lemma="kako" pos="X">kako</wf>
         <wf lemma="sta" pos="X">sta</wf>
         <wf lemma="tja" pos="X">tja</wf>
         <wf lemma="prihitela" pos="X">prihitela</wf>
         <wf lemma="še" pos="X">še</wf>
         <wf lemma="dva" pos="X">dva</wf>
         <wf lemma="vaščana" pos="X">vaščana</wf>
         <wf lemma="." pos="X">.</wf>
      </sentence>
      <sentence id="d000.s447" source="wordnet-slovenian">
         <wf lemma="Pritisk" pos="X">Pritisk</wf>
         <wf lemma="na" pos="X">na</wf>
         <wf lemma="mlade" pos="X">mlade</wf>
         <wf lemma="je" pos="X">je</wf>
         <wf lemma="dandanes" pos="X">dandanes</wf>
         <wf lemma="velik" pos="X">velik</wf>
         <wf lemma=":" pos="X">:</wf>
         <wf lemma="najprej" pos="X">najprej</wf>
         <wf lemma="jih" pos="X">jih</wf>
         <wf lemma="obremenjuje" pos="X">obremenjuje</wf>
         <wf lemma="že" pos="X">že</wf>
         <wf lemma="njihov" pos="X">njihov</wf>
         <wf lemma="lastni" pos="X">lastni</wf>
         <wf lemma="razvoj" pos="X">razvoj</wf>
         <wf lemma="," pos="X">,</wf>
         <wf lemma="nato" pos="X">nato</wf>
         <wf lemma="vse" pos="X">vse</wf>
         <wf lemma="hujše" pos="X">hujše</wf>
         <wf lemma="zahteve" pos="X">zahteve</wf>
         <instance id="d000.s447.t000" lemma="šola" pos="NOUN">šole</instance>
         <wf lemma="," pos="X">,</wf>
         <wf lemma="preobilica" pos="X">preobilica</wf>
         <wf lemma="učne" pos="X">učne</wf>
         <wf lemma="snovi" pos="X">snovi</wf>
         <wf lemma="," pos="X">,</wf>
         <wf lemma="zahtevni" pos="X">zahtevni</wf>
         <wf lemma="urniki" pos="X">urniki</wf>
         <wf lemma="," pos="X">,</wf>
         <wf lemma="vse" pos="X">vse</wf>
         <wf lemma="ostrejši" pos="X">ostrejši</wf>
         <wf lemma="boj" pos="X">boj</wf>
         <wf lemma="za" pos="X">za</wf>
         <wf lemma="čim" pos="X">čim</wf>
         <wf lemma="boljše" pos="X">boljše</wf>
         <wf lemma="ocene" pos="X">ocene</wf>
         <wf lemma="in" pos="X">in</wf>
         <wf lemma="uvrstitev" pos="X">uvrstitev</wf>
         <wf lemma="v" pos="X">v</wf>
         <wf lemma="razredu" pos="X">razredu</wf>
         <wf lemma="ter" pos="X">ter</wf>
         <wf lemma="včasih" pos="X">včasih</wf>
         <wf lemma="tudi" pos="X">tudi</wf>
         <wf lemma="pretirana" pos="X">pretirana</wf>
         <wf lemma="pričakovanja" pos="X">pričakovanja</wf>
         <wf lemma="staršev" pos="X">staršev</wf>
         <wf lemma="." pos="X">.</wf>
      </sentence>
      <sentence id="d000.s448" source="wordnet-slovenian">
         <wf lemma="Zaposlen" pos="X">Zaposlen</wf>
         <wf lemma="človek" pos="X">človek</wf>
         <wf lemma="v" pos="X">v</wf>
         <wf lemma="naši" pos="X">naši</wf>
         <wf lemma="državi" pos="X">državi</wf>
         <wf lemma="je" pos="X">je</wf>
         <wf lemma="v" pos="X">v</wf>
         <wf lemma="povprečju" pos="X">povprečju</wf>
         <wf lemma="," pos="X">,</wf>
         <wf lemma="po" pos="X">po</wf>
         <wf lemma="podatkih" pos="X">podatkih</wf>
         <wf lemma="iz" pos="X">iz</wf>
         <wf lemma="leta" pos="X">leta</wf>
         <wf lemma="1999" pos="X">1999</wf>
         <wf lemma="," pos="X">,</wf>
         <wf lemma="na" pos="X">na</wf>
         <wf lemma="dopustu" pos="X">dopustu</wf>
         <wf lemma="17" pos="X">17</wf>
         <wf lemma="delovnih" pos="X">delovnih</wf>
         <wf lemma="ur" pos="X">ur</wf>
         <wf lemma="na" pos="X">na</wf>
         <instance id="d000.s448.t000" lemma="mesec" pos="NOUN">mesec</instance>
         <wf lemma="." pos="X">.</wf>
      </sentence>
      <sentence id="d000.s449" source="wordnet-slovenian">
         <wf lemma="Medtem" pos="X">Medtem</wf>
         <wf lemma="pa" pos="X">pa</wf>
         <wf lemma="seveda" pos="X">seveda</wf>
         <wf lemma="ostali" pos="X">ostali</wf>
         <wf lemma="trije" pos="X">trije</wf>
         <wf lemma="lepo" pos="X">lepo</wf>
         <wf lemma="posedajo" pos="X">posedajo</wf>
         <wf lemma="po" pos="X">po</wf>
         <instance id="d000.s449.t000" lemma="hiša" pos="NOUN">hiši</instance>
         <wf lemma="," pos="X">,</wf>
         <wf lemma="spijo" pos="X">spijo</wf>
         <wf lemma="," pos="X">,</wf>
         <wf lemma="se" pos="X">se</wf>
         <wf lemma="ga" pos="X">ga</wf>
         <wf lemma="pokajo" pos="X">pokajo</wf>
         <wf lemma="in" pos="X">in</wf>
         <wf lemma="gledajo" pos="X">gledajo</wf>
         <wf lemma="televizijo" pos="X">televizijo</wf>
         <wf lemma="," pos="X">,</wf>
         <wf lemma="skratka" pos="X">skratka</wf>
         <wf lemma="," pos="X">,</wf>
         <wf lemma="počnejo" pos="X">počnejo</wf>
         <wf lemma="nič" pos="X">nič</wf>
         <wf lemma="." pos="X">.</wf>
      </sentence>
      <sentence id="d000.s450" source="wordnet-slovenian">
         <wf lemma="To" pos="X">To</wf>
         <wf lemma="je" pos="X">je</wf>
         <wf lemma="najlažje" pos="X">najlažje</wf>
         <wf lemma="storiti" pos="X">storiti</wf>
         <wf lemma="prek" pos="X">prek</wf>
         <wf lemma="umetnosti" pos="X">umetnosti</wf>
         <wf lemma="," pos="X">,</wf>
         <wf lemma="kjer" pos="X">kjer</wf>
         <wf lemma="so" pos="X">so</wf>
         <wf lemma="čutila" pos="X">čutila</wf>
         <wf lemma="dovzetna" pos="X">dovzetna</wf>
         <wf lemma="za" pos="X">za</wf>
         <wf lemma="številne" pos="X">številne</wf>
         <wf lemma="različne" pos="X">različne</wf>
         <wf lemma="odtenke" pos="X">odtenke</wf>
         <wf lemma="barv" pos="X">barv</wf>
         <wf lemma="," pos="X">,</wf>
         <wf lemma="tonov" pos="X">tonov</wf>
         <wf lemma="-" pos="X">-</wf>
         <wf lemma="s" pos="X">s</wf>
         <wf lemma="to" pos="X">to</wf>
         <wf lemma="izkušnjo" pos="X">izkušnjo</wf>
         <wf lemma="se" pos="X">se</wf>
         <wf lemma="oblikuje" pos="X">oblikuje</wf>
         <wf lemma="odprtost" pos="X">odprtost</wf>
         <wf lemma="," pos="X">,</wf>
         <wf lemma="seznanjanje" pos="X">seznanjanje</wf>
         <wf lemma="z" pos="X">z</wf>
         <wf lemma="drugačnim" pos="X">drugačnim</wf>
         <wf lemma="pa" pos="X">pa</wf>
         <wf lemma="utrdi" pos="X">utrdi</wf>
         <wf lemma="strpnost" pos="X">strpnost</wf>
         <wf lemma="ter" pos="X">ter</wf>
         <wf lemma="bogati" pos="X">bogati</wf>
         <wf lemma="lastno" pos="X">lastno</wf>
         <wf lemma="doživljanje" pos="X">doživljanje</wf>
         <instance id="d000.s450.t000" lemma="svet" pos="NOUN">sveta</instance>
         <wf lemma="in" pos="X">in</wf>
         <wf lemma="življenja" pos="X">življenja</wf>
         <wf lemma="." pos="X">.</wf>
      </sentence>
      <sentence id="d000.s451" source="wordnet-slovenian">
         <wf lemma="Vsak" pos="X">Vsak</wf>
         <wf lemma="državni" pos="X">državni</wf>
         <wf lemma="uslužbenec" pos="X">uslužbenec</wf>
         <wf lemma="na" pos="X">na</wf>
         <wf lemma="ministrstvih" pos="X">ministrstvih</wf>
         <instance id="d000.s451.t000" lemma="država" pos="NOUN">državo</instance>
         <wf lemma="letno" pos="X">letno</wf>
         <wf lemma="&quot;" pos="X">&quot;</wf>
         <wf lemma="stane" pos="X">stane</wf>
         <wf lemma="&quot;" pos="X">&quot;</wf>
         <wf lemma="okoli" pos="X">okoli</wf>
         <wf lemma="450.000" pos="X">450.000</wf>
         <wf lemma="šilingov" pos="X">šilingov</wf>
         <wf lemma="(" pos="X">(</wf>
         <wf lemma="okoli" pos="X">okoli</wf>
         <wf lemma="6,030.000" pos="X">6,030.000</wf>
         <wf lemma="tolarjev" pos="X">tolarjev</wf>
         <wf lemma=")" pos="X">)</wf>
         <wf lemma="." pos="X">.</wf>
      </sentence>
      <sentence id="d000.s452" source="wordnet-slovenian">
         <wf lemma="Po" pos="X">Po</wf>
         <wf lemma="ustanovni" pos="X">ustanovni</wf>
         <wf lemma="listini" pos="X">listini</wf>
         <wf lemma="Združenih" pos="X">Združenih</wf>
         <wf lemma="narodov" pos="X">narodov</wf>
         <wf lemma="lahko" pos="X">lahko</wf>
         <wf lemma="članica" pos="X">članica</wf>
         <wf lemma="ZN" pos="X">ZN</wf>
         <wf lemma="uporabi" pos="X">uporabi</wf>
         <wf lemma="silo" pos="X">silo</wf>
         <wf lemma="v" pos="X">v</wf>
         <wf lemma="samoobrambi" pos="X">samoobrambi</wf>
         <wf lemma="brez" pos="X">brez</wf>
         <wf lemma="odobritve" pos="X">odobritve</wf>
         <wf lemma="VS" pos="X">VS</wf>
         <wf lemma="sicer" pos="X">sicer</wf>
         <wf lemma="res" pos="X">res</wf>
         <wf lemma="legalno" pos="X">legalno</wf>
         <wf lemma="in" pos="X">in</wf>
         <wf lemma="legitimno" pos="X">legitimno</wf>
         <wf lemma="," pos="X">,</wf>
         <wf lemma="a" pos="X">a</wf>
         <wf lemma="samo" pos="X">samo</wf>
         <wf lemma="," pos="X">,</wf>
         <wf lemma="če" pos="X">če</wf>
         <wf lemma="jo" pos="X">jo</wf>
         <instance id="d000.s452.t000" lemma="država" pos="NOUN">država</instance>
         <wf lemma="," pos="X">,</wf>
         <wf lemma="pred" pos="X">pred</wf>
         <wf lemma="katero" pos="X">katero</wf>
         <wf lemma="se" pos="X">se</wf>
         <wf lemma="brani" pos="X">brani</wf>
         <wf lemma="," pos="X">,</wf>
         <wf lemma="napade" pos="X">napade</wf>
         <wf lemma="z" pos="X">z</wf>
         <wf lemma="oboroženo" pos="X">oboroženo</wf>
         <wf lemma="silo" pos="X">silo</wf>
         <wf lemma="." pos="X">.</wf>
      </sentence>
      <sentence id="d000.s453" source="wordnet-slovenian">
         <wf lemma="Veš" pos="X">Veš</wf>
         <wf lemma="," pos="X">,</wf>
         <wf lemma="v" pos="X">v</wf>
         <wf lemma="slovenščini" pos="X">slovenščini</wf>
         <wf lemma="se" pos="X">se</wf>
         <instance id="d000.s453.t000" lemma="beseda" pos="NOUN">besede</instance>
         <wf lemma="spreminjajo" pos="X">spreminjajo</wf>
         <wf lemma="." pos="X">.</wf>
      </sentence>
      <sentence id="d000.s454" source="wordnet-slovenian">
         <wf lemma="Po" pos="X">Po</wf>
         <wf lemma="večerji" pos="X">večerji</wf>
         <wf lemma="je" pos="X">je</wf>
         <wf lemma="predvidena" pos="X">predvidena</wf>
         <wf lemma="zabava" pos="X">zabava</wf>
         <wf lemma="v" pos="X">v</wf>
         <wf lemma="klubskih" pos="X">klubskih</wf>
         <instance id="d000.s454.t000" lemma="prostor" pos="NOUN">prostorih</instance>
         <wf lemma="," pos="X">,</wf>
         <wf lemma="z" pos="X">z</wf>
         <wf lemma="didžejem" pos="X">didžejem</wf>
         <wf lemma="," pos="X">,</wf>
         <wf lemma="vstop" pos="X">vstop</wf>
         <wf lemma="vanje" pos="X">vanje</wf>
         <wf lemma="bo" pos="X">bo</wf>
         <wf lemma="mogoč" pos="X">mogoč</wf>
         <wf lemma="po" pos="X">po</wf>
         <wf lemma="polnoči" pos="X">polnoči</wf>
         <wf lemma="tudi" pos="X">tudi</wf>
         <wf lemma="naključnim" pos="X">naključnim</wf>
         <wf lemma="obiskovalcem" pos="X">obiskovalcem</wf>
         <wf lemma="(" pos="X">(</wf>
         <wf lemma="za" pos="X">za</wf>
         <wf lemma="2000" pos="X">2000</wf>
         <wf lemma="tolarjev" pos="X">tolarjev</wf>
         <wf lemma="na" pos="X">na</wf>
         <wf lemma="osebo" pos="X">osebo</wf>
         <wf lemma=")" pos="X">)</wf>
         <wf lemma="," pos="X">,</wf>
         <wf lemma="je" pos="X">je</wf>
         <wf lemma="naštel" pos="X">naštel</wf>
         <wf lemma="Simon" pos="X">Simon</wf>
         <wf lemma="Soklič" pos="X">Soklič</wf>
         <wf lemma="iz" pos="X">iz</wf>
         <wf lemma="Asa" pos="X">Asa</wf>
         <wf lemma="." pos="X">.</wf>
      </sentence>
      <sentence id="d000.s455" source="wordnet-slovenian">
         <wf lemma="Sledi" pos="X">Sledi</wf>
         <wf lemma="povzetek" pos="X">povzetek</wf>
         <instance id="d000.s455.t000" lemma="zgodba" pos="NOUN">zgodbe</instance>
         <wf lemma="ali" pos="X">ali</wf>
         <wf lemma="dela" pos="X">dela</wf>
         <wf lemma="zgodbe" pos="X">zgodbe</wf>
         <wf lemma="," pos="X">,</wf>
         <wf lemma="ki" pos="X">ki</wf>
         <wf lemma="je" pos="X">je</wf>
         <wf lemma="za" pos="X">za</wf>
         <wf lemma="razumevanje" pos="X">razumevanje</wf>
         <wf lemma="lika" pos="X">lika</wf>
         <wf lemma="ključna" pos="X">ključna</wf>
         <wf lemma="." pos="X">.</wf>
      </sentence>
      <sentence id="d000.s456" source="wordnet-slovenian">
         <wf lemma="Škof" pos="X">Škof</wf>
         <wf lemma="iz" pos="X">iz</wf>
         <wf lemma="Angersa" pos="X">Angersa</wf>
         <wf lemma="je" pos="X">je</wf>
         <wf lemma="bil" pos="X">bil</wf>
         <wf lemma="enakega" pos="X">enakega</wf>
         <instance id="d000.s456.t000" lemma="mnenje" pos="NOUN">mnenja</instance>
         <wf lemma="." pos="X">.</wf>
      </sentence>
      <sentence id="d000.s457" source="wordnet-slovenian">
         <wf lemma="DDV" pos="X">DDV</wf>
         <wf lemma="naj" pos="X">naj</wf>
         <wf lemma="ne" pos="X">ne</wf>
         <wf lemma="bilo" pos="X">bilo</wf>
         <wf lemma="treba" pos="X">treba</wf>
         <wf lemma="plačevati" pos="X">plačevati</wf>
         <wf lemma="tudi" pos="X">tudi</wf>
         <wf lemma="ob" pos="X">ob</wf>
         <wf lemma="izvozu" pos="X">izvozu</wf>
         <wf lemma="blaga" pos="X">blaga</wf>
         <wf lemma="in" pos="X">in</wf>
         <wf lemma="storitev" pos="X">storitev</wf>
         <wf lemma="," pos="X">,</wf>
         <instance id="d000.s457.t000" lemma="država" pos="NOUN">država</instance>
         <wf lemma="pa" pos="X">pa</wf>
         <wf lemma="naj" pos="X">naj</wf>
         <wf lemma="bi" pos="X">bi</wf>
         <wf lemma="neto" pos="X">neto</wf>
         <wf lemma="izvoznikom" pos="X">izvoznikom</wf>
         <wf lemma="vračala" pos="X">vračala</wf>
         <wf lemma="plačani" pos="X">plačani</wf>
         <wf lemma="davek" pos="X">davek</wf>
         <wf lemma="najkasneje" pos="X">najkasneje</wf>
         <wf lemma="v" pos="X">v</wf>
         <wf lemma="roku" pos="X">roku</wf>
         <wf lemma="30" pos="X">30</wf>
         <wf lemma="dni" pos="X">dni</wf>
         <wf lemma="." pos="X">.</wf>
      </sentence>
      <sentence id="d000.s458" source="wordnet-slovenian">
         <wf lemma="Drugi" pos="X">Drugi</wf>
         <wf lemma="je" pos="X">je</wf>
         <wf lemma="Brus" pos="X">Brus</wf>
         <wf lemma="(" pos="X">(</wf>
         <wf lemma="pavliha" pos="X">pavliha</wf>
         <wf lemma=")" pos="X">)</wf>
         <wf lemma="," pos="X">,</wf>
         <wf lemma="ki" pos="X">ki</wf>
         <wf lemma="je" pos="X">je</wf>
         <wf lemma="tudi" pos="X">tudi</wf>
         <wf lemma="filozofično" pos="X">filozofično</wf>
         <wf lemma="nadarjen" pos="X">nadarjen</wf>
         <wf lemma="," pos="X">,</wf>
         <wf lemma="je" pos="X">je</wf>
         <wf lemma="pa" pos="X">pa</wf>
         <wf lemma="“" pos="X">“</wf>
         <wf lemma="človek" pos="X">človek</wf>
         <wf lemma="iz" pos="X">iz</wf>
         <wf lemma="ljudstva" pos="X">ljudstva</wf>
         <wf lemma="”" pos="X">”</wf>
         <wf lemma="in" pos="X">in</wf>
         <wf lemma="sprejme" pos="X">sprejme</wf>
         <instance id="d000.s458.t000" lemma="vloga" pos="NOUN">vlogo</instance>
         <wf lemma="Norca" pos="X">Norca</wf>
         <wf lemma="zato" pos="X">zato</wf>
         <wf lemma="," pos="X">,</wf>
         <wf lemma="da" pos="X">da</wf>
         <wf lemma="bo" pos="X">bo</wf>
         <wf lemma="lahko" pos="X">lahko</wf>
         <wf lemma="neobremenjeno" pos="X">neobremenjeno</wf>
         <wf lemma="govoril" pos="X">govoril</wf>
         <wf lemma="resnico" pos="X">resnico</wf>
         <wf lemma="." pos="X">.</wf>
      </sentence>
      <sentence id="d000.s459" source="wordnet-slovenian">
         <wf lemma="Sicer" pos="X">Sicer</wf>
         <wf lemma="pa" pos="X">pa</wf>
         <wf lemma="so" pos="X">so</wf>
         <wf lemma="na" pos="X">na</wf>
         <wf lemma="tej" pos="X">tej</wf>
         <wf lemma="znamki" pos="X">znamki</wf>
         <wf lemma="iz" pos="X">iz</wf>
         <wf lemma="modrega" pos="X">modrega</wf>
         <wf lemma="blaga" pos="X">blaga</wf>
         <wf lemma="poleg" pos="X">poleg</wf>
         <wf lemma="vezene" pos="X">vezene</wf>
         <wf lemma="rožice" pos="X">rožice</wf>
         <wf lemma="še" pos="X">še</wf>
         <wf lemma="napis" pos="X">napis</wf>
         <instance id="d000.s459.t000" lemma="država" pos="NOUN">države</instance>
         <wf lemma="izdajateljice" pos="X">izdajateljice</wf>
         <wf lemma="," pos="X">,</wf>
         <wf lemma="nominala" pos="X">nominala</wf>
         <wf lemma="," pos="X">,</wf>
         <wf lemma="letnica" pos="X">letnica</wf>
         <wf lemma="izida" pos="X">izida</wf>
         <wf lemma="in" pos="X">in</wf>
         <wf lemma="kratici" pos="X">kratici</wf>
         <wf lemma="IPZS" pos="X">IPZS</wf>
         <wf lemma="in" pos="X">in</wf>
         <wf lemma="AC" pos="X">AC</wf>
         <wf lemma="," pos="X">,</wf>
         <wf lemma="ki" pos="X">ki</wf>
         <wf lemma="samovšečno" pos="X">samovšečno</wf>
         <wf lemma="in" pos="X">in</wf>
         <wf lemma="prav" pos="X">prav</wf>
         <wf lemma="nič" pos="X">nič</wf>
         <wf lemma="skromno" pos="X">skromno</wf>
         <wf lemma="predstavljata" pos="X">predstavljata</wf>
         <wf lemma="nosilca" pos="X">nosilca</wf>
         <wf lemma="izvedbe" pos="X">izvedbe</wf>
         <wf lemma="(" pos="X">(</wf>
         <wf lemma="tiskarno" pos="X">tiskarno</wf>
         <wf lemma="Instituto" pos="X">Instituto</wf>
         <wf lemma="Poligrafico" pos="X">Poligrafico</wf>
         <wf lemma="e" pos="X">e</wf>
         <wf lemma="Zecca" pos="X">Zecca</wf>
         <wf lemma="dello" pos="X">dello</wf>
         <wf lemma="Stato" pos="X">Stato</wf>
         <wf lemma="in" pos="X">in</wf>
         <wf lemma="tekstilno" pos="X">tekstilno</wf>
         <wf lemma="tvrdko" pos="X">tvrdko</wf>
         <wf lemma="Gruppo" pos="X">Gruppo</wf>
         <wf lemma="Tessile" pos="X">Tessile</wf>
         <wf lemma="Arnaldo" pos="X">Arnaldo</wf>
         <wf lemma="Caprai" pos="X">Caprai</wf>
         <wf lemma="," pos="X">,</wf>
         <wf lemma="ki" pos="X">ki</wf>
         <wf lemma="je" pos="X">je</wf>
         <wf lemma="opravila" pos="X">opravila</wf>
         <wf lemma="vezenje" pos="X">vezenje</wf>
         <wf lemma=")" pos="X">)</wf>
         <wf lemma="." pos="X">.</wf>
      </sentence>
      <sentence id="d000.s460" source="wordnet-slovenian">
         <wf lemma="Vaša" pos="X">Vaša</wf>
         <wf lemma="vloga" pos="X">vloga</wf>
         <wf lemma="»" pos="X">»</wf>
         <wf lemma="pivota" pos="X">pivota</wf>
         <wf lemma="«" pos="X">«</wf>
         <wf lemma="," pos="X">,</wf>
         <wf lemma="krožne" pos="X">krožne</wf>
         <wf lemma="napadalke" pos="X">napadalke</wf>
         <wf lemma="," pos="X">,</wf>
         <wf lemma="je" pos="X">je</wf>
         <wf lemma="malce" pos="X">malce</wf>
         <wf lemma="nenavadna" pos="X">nenavadna</wf>
         <wf lemma=":" pos="X">:</wf>
         <instance id="d000.s460.t000" lemma="večina" pos="NOUN">večino</instance>
         <wf lemma="časa" pos="X">časa</wf>
         <wf lemma="ste" pos="X">ste</wf>
         <wf lemma="obrnjeni" pos="X">obrnjeni</wf>
         <wf lemma="s" pos="X">s</wf>
         <wf lemma="hrbtom" pos="X">hrbtom</wf>
         <wf lemma="proti" pos="X">proti</wf>
         <wf lemma="golu" pos="X">golu</wf>
         <wf lemma="," pos="X">,</wf>
         <wf lemma="ki" pos="X">ki</wf>
         <wf lemma="ga" pos="X">ga</wf>
         <wf lemma="napadate" pos="X">napadate</wf>
         <wf lemma="." pos="X">.</wf>
      </sentence>
      <sentence id="d000.s461" source="wordnet-slovenian">
         <wf lemma="Ugotavljamo" pos="X">Ugotavljamo</wf>
         <wf lemma="," pos="X">,</wf>
         <wf lemma="da" pos="X">da</wf>
         <wf lemma="smo" pos="X">smo</wf>
         <wf lemma="v" pos="X">v</wf>
         <wf lemma="zadnjih" pos="X">zadnjih</wf>
         <wf lemma="treh" pos="X">treh</wf>
         <instance id="d000.s461.t000" lemma="mesec" pos="NOUN">mesecih</instance>
         <wf lemma="minulega" pos="X">minulega</wf>
         <wf lemma="leta" pos="X">leta</wf>
         <wf lemma="," pos="X">,</wf>
         <wf lemma="ko" pos="X">ko</wf>
         <wf lemma="se" pos="X">se</wf>
         <wf lemma="je" pos="X">je</wf>
         <wf lemma="to" pos="X">to</wf>
         <wf lemma="najbolj" pos="X">najbolj</wf>
         <wf lemma="dogajalo" pos="X">dogajalo</wf>
         <wf lemma="," pos="X">,</wf>
         <wf lemma="prejeli" pos="X">prejeli</wf>
         <wf lemma="za" pos="X">za</wf>
         <wf lemma="več" pos="X">več</wf>
         <wf lemma="kot" pos="X">kot</wf>
         <wf lemma="800" pos="X">800</wf>
         <wf lemma="milijonov" pos="X">milijonov</wf>
         <wf lemma="evrov" pos="X">evrov</wf>
         <wf lemma="dodatnih" pos="X">dodatnih</wf>
         <wf lemma="pritokov" pos="X">pritokov</wf>
         <wf lemma="v" pos="X">v</wf>
         <wf lemma="tujih" pos="X">tujih</wf>
         <wf lemma="valutah" pos="X">valutah</wf>
         <wf lemma="." pos="X">.</wf>
      </sentence>
      <sentence id="d000.s462" source="wordnet-slovenian">
         <wf lemma="Ministrstvu" pos="X">Ministrstvu</wf>
         <wf lemma="za" pos="X">za</wf>
         <wf lemma="okolje" pos="X">okolje</wf>
         <wf lemma="," pos="X">,</wf>
         <wf lemma="prostor" pos="X">prostor</wf>
         <wf lemma="in" pos="X">in</wf>
         <wf lemma="energijo" pos="X">energijo</wf>
         <wf lemma="so" pos="X">so</wf>
         <wf lemma="pravzaprav" pos="X">pravzaprav</wf>
         <wf lemma="poslali" pos="X">poslali</wf>
         <wf lemma="grozeče" pos="X">grozeče</wf>
         <wf lemma="zahteve" pos="X">zahteve</wf>
         <wf lemma="," pos="X">,</wf>
         <wf lemma="opremljene" pos="X">opremljene</wf>
         <wf lemma="z" pos="X">z</wf>
         <instance id="d000.s462.t000" lemma="beseda" pos="NOUN">besedami</instance>
         <wf lemma="o" pos="X">o</wf>
         <wf lemma="postopkih" pos="X">postopkih</wf>
         <wf lemma="na" pos="X">na</wf>
         <wf lemma="ustavnem" pos="X">ustavnem</wf>
         <wf lemma="sodišču" pos="X">sodišču</wf>
         <wf lemma="." pos="X">.</wf>
      </sentence>
      <sentence id="d000.s463" source="wordnet-slovenian">
         <wf lemma="Že" pos="X">Že</wf>
         <wf lemma="zdaj" pos="X">zdaj</wf>
         <wf lemma="apeliramo" pos="X">apeliramo</wf>
         <wf lemma="na" pos="X">na</wf>
         <wf lemma="navijače" pos="X">navijače</wf>
         <wf lemma="," pos="X">,</wf>
         <wf lemma="da" pos="X">da</wf>
         <wf lemma="naj" pos="X">naj</wf>
         <wf lemma="ne" pos="X">ne</wf>
         <wf lemma="porušijo" pos="X">porušijo</wf>
         <wf lemma="tistega" pos="X">tistega</wf>
         <wf lemma="," pos="X">,</wf>
         <wf lemma="kar" pos="X">kar</wf>
         <wf lemma="smo" pos="X">smo</wf>
         <wf lemma="preteklo" pos="X">preteklo</wf>
         <instance id="d000.s463.t000" lemma="sezona" pos="NOUN">sezono</instance>
         <wf lemma="gradili" pos="X">gradili</wf>
         <wf lemma="." pos="X">.</wf>
      </sentence>
      <sentence id="d000.s464" source="wordnet-slovenian">
         <wf lemma="Za" pos="X">Za</wf>
         <wf lemma="razliko" pos="X">razliko</wf>
         <wf lemma="od" pos="X">od</wf>
         <wf lemma="prejšnje" pos="X">prejšnje</wf>
         <wf lemma="priznava" pos="X">priznava</wf>
         <wf lemma="obstoj" pos="X">obstoj</wf>
         <wf lemma="islamskih" pos="X">islamskih</wf>
         <wf lemma="sil" pos="X">sil</wf>
         <wf lemma="in" pos="X">in</wf>
         <wf lemma="uveljavljanje" pos="X">uveljavljanje</wf>
         <wf lemma="islamskih" pos="X">islamskih</wf>
         <wf lemma="gibanj" pos="X">gibanj</wf>
         <wf lemma="v" pos="X">v</wf>
         <wf lemma="javnem" pos="X">javnem</wf>
         <instance id="d000.s464.t000" lemma="življenje" pos="NOUN">življenju</instance>
         <wf lemma="." pos="X">.</wf>
      </sentence>
      <sentence id="d000.s465" source="wordnet-slovenian">
         <wf lemma="Podobna" pos="X">Podobna</wf>
         <wf lemma="matineja" pos="X">matineja</wf>
         <wf lemma="bo" pos="X">bo</wf>
         <wf lemma="na" pos="X">na</wf>
         <wf lemma="sporedu" pos="X">sporedu</wf>
         <wf lemma="danes" pos="X">danes</wf>
         <wf lemma="," pos="X">,</wf>
         <wf lemma="ko" pos="X">ko</wf>
         <wf lemma="bodo" pos="X">bodo</wf>
         <wf lemma="srečanju" pos="X">srečanju</wf>
         <wf lemma="z" pos="X">z</wf>
         <wf lemma="likovno" pos="X">likovno</wf>
         <wf lemma="umetnostjo" pos="X">umetnostjo</wf>
         <wf lemma="dve" pos="X">dve</wf>
         <wf lemma="šolski" pos="X">šolski</wf>
         <instance id="d000.s465.t000" lemma="ura" pos="NOUN">uri</instance>
         <wf lemma="namenili" pos="X">namenili</wf>
         <wf lemma="člani" pos="X">člani</wf>
         <wf lemma="likovnih" pos="X">likovnih</wf>
         <wf lemma="krožkov" pos="X">krožkov</wf>
         <wf lemma="osnovnih" pos="X">osnovnih</wf>
         <wf lemma="šol" pos="X">šol</wf>
         <wf lemma="iz" pos="X">iz</wf>
         <wf lemma="Brežic" pos="X">Brežic</wf>
         <wf lemma="in" pos="X">in</wf>
         <wf lemma="Senovega" pos="X">Senovega</wf>
         <wf lemma="." pos="X">.</wf>
      </sentence>
      <sentence id="d000.s466" source="wordnet-slovenian">
         <wf lemma="V" pos="X">V</wf>
         <wf lemma="zraku" pos="X">zraku</wf>
         <wf lemma="je" pos="X">je</wf>
         <instance id="d000.s466.t000" lemma="vprašanje" pos="NOUN">vprašanje</instance>
         <wf lemma="," pos="X">,</wf>
         <wf lemma="kolikšno" pos="X">kolikšno</wf>
         <wf lemma="je" pos="X">je</wf>
         <wf lemma="tveganje" pos="X">tveganje</wf>
         <wf lemma="pri" pos="X">pri</wf>
         <wf lemma="uživanju" pos="X">uživanju</wf>
         <wf lemma="govejega" pos="X">govejega</wf>
         <wf lemma="mesa" pos="X">mesa</wf>
         <wf lemma="." pos="X">.</wf>
      </sentence>
      <sentence id="d000.s467" source="wordnet-slovenian">
         <wf lemma="Spodnji" pos="X">Spodnji</wf>
         <wf lemma="del" pos="X">del</wf>
         <wf lemma="je" pos="X">je</wf>
         <wf lemma="bil" pos="X">bil</wf>
         <wf lemma="iz" pos="X">iz</wf>
         <wf lemma="črnih" pos="X">črnih</wf>
         <wf lemma="hlodov" pos="X">hlodov</wf>
         <wf lemma="z" pos="X">z</wf>
         <wf lemma="bolj" pos="X">bolj</wf>
         <wf lemma="bledo" pos="X">bledo</wf>
         <wf lemma="ilovico" pos="X">ilovico</wf>
         <wf lemma="ali" pos="X">ali</wf>
         <wf lemma="nežgano" pos="X">nežgano</wf>
         <wf lemma="opeko" pos="X">opeko</wf>
         <wf lemma="," pos="X">,</wf>
         <wf lemma="nametanima" pos="X">nametanima</wf>
         <wf lemma="v" pos="X">v</wf>
         <wf lemma="špranje" pos="X">špranje</wf>
         <wf lemma="med" pos="X">med</wf>
         <wf lemma="njimi" pos="X">njimi</wf>
         <wf lemma="," pos="X">,</wf>
         <wf lemma="više" pos="X">više</wf>
         <wf lemma="pa" pos="X">pa</wf>
         <wf lemma="je" pos="X">je</wf>
         <wf lemma="postala" pos="X">postala</wf>
         <instance id="d000.s467.t000" lemma="hiša" pos="NOUN">hiša</instance>
         <wf lemma="po" pos="X">po</wf>
         <wf lemma="sestavu" pos="X">sestavu</wf>
         <wf lemma="bolj" pos="X">bolj</wf>
         <wf lemma="krhka" pos="X">krhka</wf>
         <wf lemma="," pos="X">,</wf>
         <wf lemma="z" pos="X">z</wf>
         <wf lemma="razpotegnjenimi" pos="X">razpotegnjenimi</wf>
         <wf lemma="okni" pos="X">okni</wf>
         <wf lemma="," pos="X">,</wf>
         <wf lemma="skozi" pos="X">skozi</wf>
         <wf lemma="katera" pos="X">katera</wf>
         <wf lemma="se" pos="X">se</wf>
         <wf lemma="seveda" pos="X">seveda</wf>
         <wf lemma="ni" pos="X">ni</wf>
         <wf lemma="kazalo" pos="X">kazalo</wf>
         <wf lemma="nič" pos="X">nič</wf>
         <wf lemma="," pos="X">,</wf>
         <wf lemma="zaradi" pos="X">zaradi</wf>
         <wf lemma="višine" pos="X">višine</wf>
         <wf lemma="." pos="X">.</wf>
      </sentence>
      <sentence id="d000.s468" source="wordnet-slovenian">
         <wf lemma="Med" pos="X">Med</wf>
         <wf lemma="igralkami" pos="X">igralkami</wf>
         <wf lemma="do" pos="X">do</wf>
         <wf lemma="16" pos="X">16</wf>
         <instance id="d000.s468.t000" lemma="leto" pos="NOUN">let</instance>
         <wf lemma="je" pos="X">je</wf>
         <wf lemma="zmagala" pos="X">zmagala</wf>
         <wf lemma="Diana" pos="X">Diana</wf>
         <wf lemma="Nakič" pos="X">Nakič</wf>
         <wf lemma="(" pos="X">(</wf>
         <wf lemma="ŠTK" pos="X">ŠTK</wf>
         <wf lemma="Velenje" pos="X">Velenje</wf>
         <wf lemma=")" pos="X">)</wf>
         <wf lemma="," pos="X">,</wf>
         <wf lemma="rojena" pos="X">rojena</wf>
         <wf lemma="leta" pos="X">leta</wf>
         <wf lemma="1988" pos="X">1988</wf>
         <wf lemma="." pos="X">.</wf>
      </sentence>
      <sentence id="d000.s469" source="wordnet-slovenian">
         <wf lemma="IZRAZ" pos="X">IZRAZ</wf>
         <wf lemma="EONIZEM" pos="X">EONIZEM</wf>
         <wf lemma="JE" pos="X">JE</wf>
         <wf lemma="IZPELJAN" pos="X">IZPELJAN</wf>
         <wf lemma="IZ" pos="X">IZ</wf>
         <wf lemma="IMENA" pos="X">IMENA</wf>
         <wf lemma="CHARLESA" pos="X">CHARLESA</wf>
         <wf lemma="EONA" pos="X">EONA</wf>
         <wf lemma="DE" pos="X">DE</wf>
         <wf lemma="BEAUMONTA" pos="X">BEAUMONTA</wf>
         <wf lemma="," pos="X">,</wf>
         <wf lemma="KI" pos="X">KI</wf>
         <wf lemma="SE" pos="X">SE</wf>
         <wf lemma="JE" pos="X">JE</wf>
         <wf lemma="V" pos="X">V</wf>
         <wf lemma="ZGODNJEM" pos="X">ZGODNJEM</wf>
         <wf lemma="DEVETNAJSTEM" pos="X">DEVETNAJSTEM</wf>
         <wf lemma="STOLETJU" pos="X">STOLETJU</wf>
         <wf lemma="TRIINTRIDESET" pos="X">TRIINTRIDESET</wf>
         <instance id="d000.s469.t000" lemma="leto" pos="NOUN">LET</instance>
         <wf lemma="USPEŠNO" pos="X">USPEŠNO</wf>
         <wf lemma="PREOBLAČIL" pos="X">PREOBLAČIL</wf>
         <wf lemma="V" pos="X">V</wf>
         <wf lemma="ŽENSKO" pos="X">ŽENSKO</wf>
         <wf lemma="." pos="X">.</wf>
      </sentence>
      <sentence id="d000.s470" source="wordnet-slovenian">
         <wf lemma="Gre" pos="X">Gre</wf>
         <wf lemma="za" pos="X">za</wf>
         <wf lemma="prvi" pos="X">prvi</wf>
         <wf lemma="uradni" pos="X">uradni</wf>
         <wf lemma="obisk" pos="X">obisk</wf>
         <wf lemma="poljskega" pos="X">poljskega</wf>
         <wf lemma="premiera" pos="X">premiera</wf>
         <wf lemma="v" pos="X">v</wf>
         <wf lemma="Sloveniji" pos="X">Sloveniji</wf>
         <wf lemma="in" pos="X">in</wf>
         <wf lemma="hkrati" pos="X">hkrati</wf>
         <wf lemma="prvi" pos="X">prvi</wf>
         <wf lemma="uradni" pos="X">uradni</wf>
         <wf lemma="dvostranski" pos="X">dvostranski</wf>
         <wf lemma="Buzekov" pos="X">Buzekov</wf>
         <wf lemma="obisk" pos="X">obisk</wf>
         <wf lemma="v" pos="X">v</wf>
         <wf lemma="tujini" pos="X">tujini</wf>
         <wf lemma="po" pos="X">po</wf>
         <wf lemma="imenovanju" pos="X">imenovanju</wf>
         <wf lemma="poljske" pos="X">poljske</wf>
         <instance id="d000.s470.t000" lemma="vlada" pos="NOUN">vlade</instance>
         <wf lemma="lansko" pos="X">lansko</wf>
         <wf lemma="jesen" pos="X">jesen</wf>
         <wf lemma="." pos="X">.</wf>
      </sentence>
      <sentence id="d000.s471" source="wordnet-slovenian">
         <wf lemma="Njegove" pos="X">Njegove</wf>
         <instance id="d000.s471.t000" lemma="beseda" pos="NOUN">besede</instance>
         <wf lemma="ob" pos="X">ob</wf>
         <wf lemma="prihodu" pos="X">prihodu</wf>
         <wf lemma="iz" pos="X">iz</wf>
         <wf lemma="klubske" pos="X">klubske</wf>
         <wf lemma="stavbe" pos="X">stavbe</wf>
         <wf lemma="na" pos="X">na</wf>
         <wf lemma="Vodovodni" pos="X">Vodovodni</wf>
         <wf lemma="20" pos="X">20</wf>
         <wf lemma="," pos="X">,</wf>
         <wf lemma="ko" pos="X">ko</wf>
         <wf lemma="je" pos="X">je</wf>
         <wf lemma="dejal" pos="X">dejal</wf>
         <wf lemma="," pos="X">,</wf>
         <wf lemma="da" pos="X">da</wf>
         <wf lemma="bo" pos="X">bo</wf>
         <wf lemma="o" pos="X">o</wf>
         <wf lemma="celotni" pos="X">celotni</wf>
         <wf lemma="stvari" pos="X">stvari</wf>
         <wf lemma="še" pos="X">še</wf>
         <wf lemma="malce" pos="X">malce</wf>
         <wf lemma="premislil" pos="X">premislil</wf>
         <wf lemma="," pos="X">,</wf>
         <wf lemma="so" pos="X">so</wf>
         <wf lemma="bile" pos="X">bile</wf>
         <wf lemma="torej" pos="X">torej</wf>
         <wf lemma="le" pos="X">le</wf>
         <wf lemma="metanje" pos="X">metanje</wf>
         <wf lemma="peska" pos="X">peska</wf>
         <wf lemma="v" pos="X">v</wf>
         <wf lemma="oči" pos="X">oči</wf>
         <wf lemma="," pos="X">,</wf>
         <wf lemma="saj" pos="X">saj</wf>
         <wf lemma="naj" pos="X">naj</wf>
         <wf lemma="bi" pos="X">bi</wf>
         <wf lemma="bil" pos="X">bil</wf>
         <wf lemma="že" pos="X">že</wf>
         <wf lemma="takrat" pos="X">takrat</wf>
         <wf lemma="odločen" pos="X">odločen</wf>
         <wf lemma="zapustiti" pos="X">zapustiti</wf>
         <wf lemma="Ljubljano" pos="X">Ljubljano</wf>
         <wf lemma="." pos="X">.</wf>
      </sentence>
      <sentence id="d000.s472" source="wordnet-slovenian">
         <wf lemma="Prevladujejo" pos="X">Prevladujejo</wf>
         <wf lemma="humoristični" pos="X">humoristični</wf>
         <wf lemma="toni" pos="X">toni</wf>
         <wf lemma="," pos="X">,</wf>
         <wf lemma="vendar" pos="X">vendar</wf>
         <wf lemma="je" pos="X">je</wf>
         <wf lemma="med" pos="X">med</wf>
         <wf lemma="vrsticami" pos="X">vrsticami</wf>
         <wf lemma="izjemno" pos="X">izjemno</wf>
         <wf lemma="humornih" pos="X">humornih</wf>
         <wf lemma="dialogov" pos="X">dialogov</wf>
         <wf lemma="ves" pos="X">ves</wf>
         <wf lemma="čas" pos="X">čas</wf>
         <wf lemma="čutiti" pos="X">čutiti</wf>
         <wf lemma="prisotnost" pos="X">prisotnost</wf>
         <wf lemma="resnega" pos="X">resnega</wf>
         <wf lemma="," pos="X">,</wf>
         <wf lemma="skoraj" pos="X">skoraj</wf>
         <wf lemma="filozofsko" pos="X">filozofsko</wf>
         <wf lemma="zastavljenega" pos="X">zastavljenega</wf>
         <instance id="d000.s472.t000" lemma="pogled" pos="NOUN">pogleda</instance>
         <wf lemma="na" pos="X">na</wf>
         <wf lemma="svet" pos="X">svet</wf>
         <wf lemma="." pos="X">.</wf>
      </sentence>
      <sentence id="d000.s473" source="wordnet-slovenian">
         <wf lemma="Na" pos="X">Na</wf>
         <wf lemma="vse" pos="X">vse</wf>
         <wf lemma="ravni" pos="X">ravni</wf>
         <wf lemma="so" pos="X">so</wf>
         <wf lemma="uvedli" pos="X">uvedli</wf>
         <wf lemma="tudi" pos="X">tudi</wf>
         <instance id="d000.s473.t000" lemma="sistem" pos="NOUN">sistem</instance>
         <wf lemma="planiranja" pos="X">planiranja</wf>
         <wf lemma="ter" pos="X">ter</wf>
         <wf lemma="sestanke" pos="X">sestanke</wf>
         <wf lemma="z" pos="X">z</wf>
         <wf lemma="delavci" pos="X">delavci</wf>
         <wf lemma="," pos="X">,</wf>
         <wf lemma="kjer" pos="X">kjer</wf>
         <wf lemma="se" pos="X">se</wf>
         <wf lemma="seznanijo" pos="X">seznanijo</wf>
         <wf lemma="s" pos="X">s</wf>
         <wf lemma="cilji" pos="X">cilji</wf>
         <wf lemma="in" pos="X">in</wf>
         <wf lemma="s" pos="X">s</wf>
         <wf lemma="svojo" pos="X">svojo</wf>
         <wf lemma="vlogo" pos="X">vlogo</wf>
         <wf lemma="pri" pos="X">pri</wf>
         <wf lemma="tem" pos="X">tem</wf>
         <wf lemma="." pos="X">.</wf>
      </sentence>
      <sentence id="d000.s474" source="wordnet-slovenian">
         <wf lemma="Na" pos="X">Na</wf>
         <wf lemma="srečo" pos="X">srečo</wf>
         <wf lemma="slovenski" pos="X">slovenski</wf>
         <instance id="d000.s474.t000" lemma="vlada" pos="NOUN">vladi</instance>
         <wf lemma="in" pos="X">in</wf>
         <wf lemma="zakonodajalcu" pos="X">zakonodajalcu</wf>
         <wf lemma="ni" pos="X">ni</wf>
         <wf lemma="treba" pos="X">treba</wf>
         <wf lemma="hiteti" pos="X">hiteti</wf>
         <wf lemma="z" pos="X">z</wf>
         <wf lemma="reformami" pos="X">reformami</wf>
         <wf lemma="pred" pos="X">pred</wf>
         <wf lemma="Berlinom" pos="X">Berlinom</wf>
         <wf lemma="-" pos="X">-</wf>
         <wf lemma="po" pos="X">po</wf>
         <wf lemma="njem" pos="X">njem</wf>
         <wf lemma="pa" pos="X">pa</wf>
         <wf lemma="bo" pos="X">bo</wf>
         <wf lemma="mogoče" pos="X">mogoče</wf>
         <wf lemma="in" pos="X">in</wf>
         <wf lemma="potrebno" pos="X">potrebno</wf>
         <wf lemma="premišljeno" pos="X">premišljeno</wf>
         <wf lemma="in" pos="X">in</wf>
         <wf lemma="odločno" pos="X">odločno</wf>
         <wf lemma="vstopiti" pos="X">vstopiti</wf>
         <wf lemma="tudi" pos="X">tudi</wf>
         <wf lemma="na" pos="X">na</wf>
         <wf lemma="tega" pos="X">tega</wf>
         <wf lemma="od" pos="X">od</wf>
         <wf lemma="evropskih" pos="X">evropskih</wf>
         <wf lemma="vlakov" pos="X">vlakov</wf>
         <wf lemma="." pos="X">.</wf>
      </sentence>
      <sentence id="d000.s475" source="wordnet-slovenian">
         <wf lemma="Zato" pos="X">Zato</wf>
         <wf lemma="strokovnjaki" pos="X">strokovnjaki</wf>
         <wf lemma="Oceanografskega" pos="X">Oceanografskega</wf>
         <wf lemma="inštituta" pos="X">inštituta</wf>
         <wf lemma="iz" pos="X">iz</wf>
         <wf lemma="Dubrovnika" pos="X">Dubrovnika</wf>
         <wf lemma="domnevajo" pos="X">domnevajo</wf>
         <wf lemma="," pos="X">,</wf>
         <wf lemma="da" pos="X">da</wf>
         <wf lemma="te" pos="X">te</wf>
         <wf lemma="jadranske" pos="X">jadranske</wf>
         <wf lemma="morske" pos="X">morske</wf>
         <wf lemma="želve" pos="X">želve</wf>
         <wf lemma="pravzaprav" pos="X">pravzaprav</wf>
         <wf lemma="gnezdijo" pos="X">gnezdijo</wf>
         <wf lemma="v" pos="X">v</wf>
         <wf lemma="Grčiji" pos="X">Grčiji</wf>
         <wf lemma="," pos="X">,</wf>
         <wf lemma="od" pos="X">od</wf>
         <wf lemma="koder" pos="X">koder</wf>
         <wf lemma="del" pos="X">del</wf>
         <wf lemma="populacije" pos="X">populacije</wf>
         <wf lemma="redno" pos="X">redno</wf>
         <wf lemma="migrira" pos="X">migrira</wf>
         <wf lemma="v" pos="X">v</wf>
         <wf lemma="hrvaške" pos="X">hrvaške</wf>
         <instance id="d000.s475.t000" lemma="voda" pos="NOUN">vode</instance>
         <wf lemma="," pos="X">,</wf>
         <wf lemma="kjer" pos="X">kjer</wf>
         <wf lemma="se" pos="X">se</wf>
         <wf lemma="tudi" pos="X">tudi</wf>
         <wf lemma="naseli" pos="X">naseli</wf>
         <wf lemma="in" pos="X">in</wf>
         <wf lemma="se" pos="X">se</wf>
         <wf lemma="do" pos="X">do</wf>
         <wf lemma="grških" pos="X">grških</wf>
         <wf lemma="obal" pos="X">obal</wf>
         <wf lemma="vrača" pos="X">vrača</wf>
         <wf lemma="le" pos="X">le</wf>
         <wf lemma="v" pos="X">v</wf>
         <wf lemma="času" pos="X">času</wf>
         <wf lemma="gnezdenja" pos="X">gnezdenja</wf>
         <wf lemma="." pos="X">.</wf>
      </sentence>
      <sentence id="d000.s476" source="wordnet-slovenian">
         <wf lemma="Tudi" pos="X">Tudi</wf>
         <wf lemma="sam" pos="X">sam</wf>
         <wf lemma="trdim" pos="X">trdim</wf>
         <wf lemma="," pos="X">,</wf>
         <wf lemma="da" pos="X">da</wf>
         <wf lemma="bolan" pos="X">bolan</wf>
         <instance id="d000.s476.t000" lemma="človek" pos="NOUN">človek</instance>
         <wf lemma="," pos="X">,</wf>
         <wf lemma="odvisen" pos="X">odvisen</wf>
         <wf lemma="od" pos="X">od</wf>
         <wf lemma="alkoholne" pos="X">alkoholne</wf>
         <wf lemma="omame" pos="X">omame</wf>
         <wf lemma="," pos="X">,</wf>
         <wf lemma="nima" pos="X">nima</wf>
         <wf lemma="močne" pos="X">močne</wf>
         <wf lemma="volje" pos="X">volje</wf>
         <wf lemma="in" pos="X">in</wf>
         <wf lemma="da" pos="X">da</wf>
         <wf lemma="z" pos="X">z</wf>
         <wf lemma="njim" pos="X">njim</wf>
         <wf lemma="lahko" pos="X">lahko</wf>
         <wf lemma="manipulirajo" pos="X">manipulirajo</wf>
         <wf lemma="njemu" pos="X">njemu</wf>
         <wf lemma="enaki" pos="X">enaki</wf>
         <wf lemma="in" pos="X">in</wf>
         <wf lemma="vsi" pos="X">vsi</wf>
         <wf lemma="močnejši" pos="X">močnejši</wf>
         <wf lemma="," pos="X">,</wf>
         <wf lemma="saj" pos="X">saj</wf>
         <wf lemma="sem" pos="X">sem</wf>
         <wf lemma="to" pos="X">to</wf>
         <wf lemma="okusil" pos="X">okusil</wf>
         <wf lemma="na" pos="X">na</wf>
         <wf lemma="lastni" pos="X">lastni</wf>
         <wf lemma="koži" pos="X">koži</wf>
         <wf lemma="." pos="X">.</wf>
      </sentence>
      <sentence id="d000.s477" source="wordnet-slovenian">
         <wf lemma="Evropske" pos="X">Evropske</wf>
         <wf lemma="smernice" pos="X">smernice</wf>
         <wf lemma="za" pos="X">za</wf>
         <wf lemma="zdravljenje" pos="X">zdravljenje</wf>
         <wf lemma="bolnikov" pos="X">bolnikov</wf>
         <wf lemma="s" pos="X">s</wf>
         <wf lemma="povišano" pos="X">povišano</wf>
         <wf lemma="ravnijo" pos="X">ravnijo</wf>
         <wf lemma="holesterola" pos="X">holesterola</wf>
         <wf lemma="v" pos="X">v</wf>
         <wf lemma="krvi" pos="X">krvi</wf>
         <wf lemma="se" pos="X">se</wf>
         <wf lemma="že" pos="X">že</wf>
         <wf lemma="nekaj" pos="X">nekaj</wf>
         <instance id="d000.s477.t000" lemma="leto" pos="NOUN">let</instance>
         <wf lemma="spreminjajo" pos="X">spreminjajo</wf>
         <wf lemma="," pos="X">,</wf>
         <wf lemma="tako" pos="X">tako</wf>
         <wf lemma="da" pos="X">da</wf>
         <wf lemma="je" pos="X">je</wf>
         <wf lemma="postalo" pos="X">postalo</wf>
         <wf lemma="priporočljivo" pos="X">priporočljivo</wf>
         <wf lemma="zdraviti" pos="X">zdraviti</wf>
         <wf lemma="bolnike" pos="X">bolnike</wf>
         <wf lemma="čimprej" pos="X">čimprej</wf>
         <wf lemma="," pos="X">,</wf>
         <wf lemma="ko" pos="X">ko</wf>
         <wf lemma="je" pos="X">je</wf>
         <wf lemma="holesterola" pos="X">holesterola</wf>
         <wf lemma="komaj" pos="X">komaj</wf>
         <wf lemma="malo" pos="X">malo</wf>
         <wf lemma="več" pos="X">več</wf>
         <wf lemma="," pos="X">,</wf>
         <wf lemma="kot" pos="X">kot</wf>
         <wf lemma="je" pos="X">je</wf>
         <wf lemma="normalno" pos="X">normalno</wf>
         <wf lemma="." pos="X">.</wf>
      </sentence>
      <sentence id="d000.s478" source="wordnet-slovenian">
         <wf lemma="(" pos="X">(</wf>
         <wf lemma="smeh" pos="X">smeh</wf>
         <wf lemma=")" pos="X">)</wf>
         <wf lemma="(" pos="X">(</wf>
         <wf lemma="Grega" pos="X">Grega</wf>
         <wf lemma="nam" pos="X">nam</wf>
         <wf lemma="je" pos="X">je</wf>
         <wf lemma="na" pos="X">na</wf>
         <wf lemma="enako" pos="X">enako</wf>
         <instance id="d000.s478.t000" lemma="vprašanje" pos="NOUN">vprašanje</instance>
         <wf lemma="odgovoril" pos="X">odgovoril</wf>
         <wf lemma="," pos="X">,</wf>
         <wf lemma="da" pos="X">da</wf>
         <wf lemma="ga" pos="X">ga</wf>
         <wf lemma="je" pos="X">je</wf>
         <wf lemma="premagal" pos="X">premagal</wf>
         <wf lemma="on" pos="X">on</wf>
         <wf lemma="," pos="X">,</wf>
         <wf lemma="op." pos="X">op.</wf>
         <wf lemma="p." pos="X">p.</wf>
      </sentence>
      <sentence id="d000.s479" source="wordnet-slovenian">
         <wf lemma="Mlada" pos="X">Mlada</wf>
         <wf lemma="nemška" pos="X">nemška</wf>
         <wf lemma="deklica" pos="X">deklica</wf>
         <wf lemma="z" pos="X">z</wf>
         <wf lemma="imenom" pos="X">imenom</wf>
         <wf lemma="Hildegund" pos="X">Hildegund</wf>
         <wf lemma="je" pos="X">je</wf>
         <wf lemma="bila" pos="X">bila</wf>
         <wf lemma="oblečena" pos="X">oblečena</wf>
         <wf lemma="kot" pos="X">kot</wf>
         <wf lemma="fant" pos="X">fant</wf>
         <wf lemma="," pos="X">,</wf>
         <wf lemma="ko" pos="X">ko</wf>
         <wf lemma="je" pos="X">je</wf>
         <wf lemma="z" pos="X">z</wf>
         <instance id="d000.s479.t000" lemma="oče" pos="NOUN">očetom</instance>
         <wf lemma="romala" pos="X">romala</wf>
         <wf lemma="v" pos="X">v</wf>
         <wf lemma="Jeruzalem" pos="X">Jeruzalem</wf>
         <wf lemma="." pos="X">.</wf>
      </sentence>
      <sentence id="d000.s480" source="wordnet-slovenian">
         <wf lemma="Tudi" pos="X">Tudi</wf>
         <wf lemma="pilo" pos="X">pilo</wf>
         <wf lemma="se" pos="X">se</wf>
         <wf lemma="je" pos="X">je</wf>
         <wf lemma="dobro" pos="X">dobro</wf>
         <wf lemma="trškogorsko" pos="X">trškogorsko</wf>
         <wf lemma="vino" pos="X">vino</wf>
         <wf lemma="," pos="X">,</wf>
         <wf lemma="tisto" pos="X">tisto</wf>
         <wf lemma="za" pos="X">za</wf>
         <wf lemma="zdravje" pos="X">zdravje</wf>
         <wf lemma="," pos="X">,</wf>
         <wf lemma="po" pos="X">po</wf>
         <wf lemma="katerem" pos="X">katerem</wf>
         <wf lemma="drugi" pos="X">drugi</wf>
         <wf lemma="dan" pos="X">dan</wf>
         <instance id="d000.s480.t000" lemma="glava" pos="NOUN">glava</instance>
         <wf lemma="ne" pos="X">ne</wf>
         <wf lemma="boli" pos="X">boli</wf>
         <wf lemma="." pos="X">.</wf>
      </sentence>
      <sentence id="d000.s481" source="wordnet-slovenian">
         <wf lemma="Darko" pos="X">Darko</wf>
         <wf lemma="je" pos="X">je</wf>
         <wf lemma="do" pos="X">do</wf>
         <wf lemma="konca" pos="X">konca</wf>
         <wf lemma="verjel" pos="X">verjel</wf>
         <wf lemma="v" pos="X">v</wf>
         <wf lemma="enopartijski" pos="X">enopartijski</wf>
         <instance id="d000.s481.t000" lemma="sistem" pos="NOUN">sistem</instance>
         <wf lemma="in" pos="X">in</wf>
         <wf lemma="vse" pos="X">vse</wf>
         <wf lemma="v" pos="X">v</wf>
         <wf lemma="zvezi" pos="X">zvezi</wf>
         <wf lemma="s" pos="X">s</wf>
         <wf lemma="civilno" pos="X">civilno</wf>
         <wf lemma="družbo" pos="X">družbo</wf>
         <wf lemma="mu" pos="X">mu</wf>
         <wf lemma="je" pos="X">je</wf>
         <wf lemma="šlo" pos="X">šlo</wf>
         <wf lemma="neznansko" pos="X">neznansko</wf>
         <wf lemma="na" pos="X">na</wf>
         <wf lemma="živce" pos="X">živce</wf>
         <wf lemma="." pos="X">.</wf>
      </sentence>
      <sentence id="d000.s482" source="wordnet-slovenian">
         <wf lemma="Mož" pos="X">Mož</wf>
         <wf lemma="je" pos="X">je</wf>
         <wf lemma="stopil" pos="X">stopil</wf>
         <wf lemma="v" pos="X">v</wf>
         <wf lemma="stik" pos="X">stik</wf>
         <wf lemma="z" pos="X">z</wf>
         <wf lemma="uglednim" pos="X">uglednim</wf>
         <wf lemma="psihiatrom" pos="X">psihiatrom</wf>
         <wf lemma="," pos="X">,</wf>
         <wf lemma="ki" pos="X">ki</wf>
         <wf lemma="je" pos="X">je</wf>
         <wf lemma="prevzel" pos="X">prevzel</wf>
         <wf lemma="nekatere" pos="X">nekatere</wf>
         <wf lemma="odgovornosti" pos="X">odgovornosti</wf>
         <wf lemma="v" pos="X">v</wf>
         <instance id="d000.s482.t000" lemma="zveza" pos="NOUN">zvezi</instance>
         <wf lemma="z" pos="X">z</wf>
         <wf lemma="mentalnim" pos="X">mentalnim</wf>
         <wf lemma="zdravjem" pos="X">zdravjem</wf>
         <wf lemma="skupnosti" pos="X">skupnosti</wf>
         <wf lemma="." pos="X">.</wf>
      </sentence>
      <sentence id="d000.s483" source="wordnet-slovenian">
         <wf lemma="Poslanci" pos="X">Poslanci</wf>
         <wf lemma="so" pos="X">so</wf>
         <wf lemma="nato" pos="X">nato</wf>
         <wf lemma="obravnavali" pos="X">obravnavali</wf>
         <instance id="d000.s483.t000" lemma="sprememba" pos="NOUN">spremembe</instance>
         <wf lemma="pravilnika" pos="X">pravilnika</wf>
         <wf lemma="o" pos="X">o</wf>
         <wf lemma="merilih" pos="X">merilih</wf>
         <wf lemma="za" pos="X">za</wf>
         <wf lemma="uporabo" pos="X">uporabo</wf>
         <wf lemma="sredstev" pos="X">sredstev</wf>
         <wf lemma="fundacije" pos="X">fundacije</wf>
         <wf lemma="za" pos="X">za</wf>
         <wf lemma="financiranje" pos="X">financiranje</wf>
         <wf lemma="športnih" pos="X">športnih</wf>
         <wf lemma="organizacij" pos="X">organizacij</wf>
         <wf lemma="." pos="X">.</wf>
      </sentence>
      <sentence id="d000.s484" source="wordnet-slovenian">
         <wf lemma="Sodobna" pos="X">Sodobna</wf>
         <wf lemma="krpanka" pos="X">krpanka</wf>
         <wf lemma="se" pos="X">se</wf>
         <wf lemma="je" pos="X">je</wf>
         <wf lemma="osvobodila" pos="X">osvobodila</wf>
         <wf lemma="nekdanjih" pos="X">nekdanjih</wf>
         <wf lemma="togih" pos="X">togih</wf>
         <wf lemma="oblikovalskih" pos="X">oblikovalskih</wf>
         <wf lemma="pravil" pos="X">pravil</wf>
         <wf lemma="," pos="X">,</wf>
         <wf lemma="ki" pos="X">ki</wf>
         <wf lemma="so" pos="X">so</wf>
         <wf lemma="temeljila" pos="X">temeljila</wf>
         <wf lemma="na" pos="X">na</wf>
         <wf lemma="povezovanju" pos="X">povezovanju</wf>
         <wf lemma="pravokotniških" pos="X">pravokotniških</wf>
         <instance id="d000.s484.t000" lemma="oblika" pos="NOUN">oblik</instance>
         <wf lemma="in" pos="X">in</wf>
         <wf lemma="umirjenih" pos="X">umirjenih</wf>
         <wf lemma="enobarvnih" pos="X">enobarvnih</wf>
         <wf lemma="ter" pos="X">ter</wf>
         <wf lemma="vzorčastih" pos="X">vzorčastih</wf>
         <wf lemma="ostankov" pos="X">ostankov</wf>
         <wf lemma="blaga" pos="X">blaga</wf>
         <wf lemma="." pos="X">.</wf>
      </sentence>
      <sentence id="d000.s485" source="wordnet-slovenian">
         <wf lemma="Slovenija" pos="X">Slovenija</wf>
         <wf lemma="se" pos="X">se</wf>
         <wf lemma="s" pos="X">s</wf>
         <wf lemma="tem" pos="X">tem</wf>
         <wf lemma="uvršča" pos="X">uvršča</wf>
         <wf lemma="med" pos="X">med</wf>
         <wf lemma="evropske" pos="X">evropske</wf>
         <instance id="d000.s485.t000" lemma="država" pos="NOUN">države</instance>
         <wf lemma="z" pos="X">z</wf>
         <wf lemma="višjo" pos="X">višjo</wf>
         <wf lemma="stopnjo" pos="X">stopnjo</wf>
         <wf lemma="maternalne" pos="X">maternalne</wf>
         <wf lemma="umrljivosti" pos="X">umrljivosti</wf>
         <wf lemma="." pos="X">.</wf>
      </sentence>
      <sentence id="d000.s486" source="wordnet-slovenian">
         <wf lemma="V" pos="X">V</wf>
         <wf lemma="posebej" pos="X">posebej</wf>
         <wf lemma="trdovratnih" pos="X">trdovratnih</wf>
         <instance id="d000.s486.t000" lemma="primer" pos="NOUN">primerih</instance>
         <wf lemma="so" pos="X">so</wf>
         <wf lemma="uporabljali" pos="X">uporabljali</wf>
         <wf lemma="natezalnico" pos="X">natezalnico</wf>
         <wf lemma="s" pos="X">s</wf>
         <wf lemma="škripcem" pos="X">škripcem</wf>
         <wf lemma="." pos="X">.</wf>
      </sentence>
      <sentence id="d000.s487" source="wordnet-slovenian">
         <wf lemma="Ustvarjalci" pos="X">Ustvarjalci</wf>
         <wf lemma="pa" pos="X">pa</wf>
         <wf lemma="so" pos="X">so</wf>
         <wf lemma="se" pos="X">se</wf>
         <wf lemma="tik" pos="X">tik</wf>
         <wf lemma="pred" pos="X">pred</wf>
         <wf lemma="premiero" pos="X">premiero</wf>
         <wf lemma="znašli" pos="X">znašli</wf>
         <wf lemma="pred" pos="X">pred</wf>
         <wf lemma="veliko" pos="X">veliko</wf>
         <instance id="d000.s487.t000" lemma="težava" pos="NOUN">težavo</instance>
         <wf lemma="," pos="X">,</wf>
         <wf lemma="saj" pos="X">saj</wf>
         <wf lemma="je" pos="X">je</wf>
         <wf lemma="zaradi" pos="X">zaradi</wf>
         <wf lemma="bolezni" pos="X">bolezni</wf>
         <wf lemma="obležala" pos="X">obležala</wf>
         <wf lemma="v" pos="X">v</wf>
         <wf lemma="postelji" pos="X">postelji</wf>
         <wf lemma="nosilka" pos="X">nosilka</wf>
         <wf lemma="naslovne" pos="X">naslovne</wf>
         <wf lemma="vloge" pos="X">vloge</wf>
         <wf lemma="Olga" pos="X">Olga</wf>
         <wf lemma="Andrejeva" pos="X">Andrejeva</wf>
         <wf lemma="." pos="X">.</wf>
      </sentence>
      <sentence id="d000.s488" source="wordnet-slovenian">
         <wf lemma="»" pos="X">»</wf>
         <wf lemma="Nana" pos="X">Nana</wf>
         <wf lemma="," pos="X">,</wf>
         <wf lemma="prosim" pos="X">prosim</wf>
         <wf lemma="," pos="X">,</wf>
         <wf lemma="pazi" pos="X">pazi</wf>
         <wf lemma="na" pos="X">na</wf>
         <instance id="d000.s488.t000" lemma="otrok" pos="NOUN">otroka</instance>
         <wf lemma="!" pos="X">!</wf>
      </sentence>
      <sentence id="d000.s489" source="wordnet-slovenian">
         <wf lemma="Za" pos="X">Za</wf>
         <wf lemma="seboj" pos="X">seboj</wf>
         <wf lemma="ima" pos="X">ima</wf>
         <wf lemma="odlično" pos="X">odlično</wf>
         <wf lemma="sezono" pos="X">sezono</wf>
         <wf lemma="," pos="X">,</wf>
         <wf lemma="v" pos="X">v</wf>
         <wf lemma="kateri" pos="X">kateri</wf>
         <wf lemma="sicer" pos="X">sicer</wf>
         <wf lemma="ni" pos="X">ni</wf>
         <wf lemma="igral" pos="X">igral</wf>
         <wf lemma="veliko" pos="X">veliko</wf>
         <wf lemma="," pos="X">,</wf>
         <wf lemma="a" pos="X">a</wf>
         <wf lemma="je" pos="X">je</wf>
         <wf lemma="lahko" pos="X">lahko</wf>
         <wf lemma="spoznal" pos="X">spoznal</wf>
         <wf lemma="," pos="X">,</wf>
         <wf lemma="kako" pos="X">kako</wf>
         <wf lemma="se" pos="X">se</wf>
         <wf lemma="živi" pos="X">živi</wf>
         <wf lemma="in" pos="X">in</wf>
         <wf lemma="igra" pos="X">igra</wf>
         <wf lemma="zunaj" pos="X">zunaj</wf>
         <wf lemma="Slovenije" pos="X">Slovenije</wf>
         <wf lemma="," pos="X">,</wf>
         <wf lemma="ob" pos="X">ob</wf>
         <wf lemma="tem" pos="X">tem</wf>
         <wf lemma="pa" pos="X">pa</wf>
         <wf lemma="je" pos="X">je</wf>
         <wf lemma="brez" pos="X">brez</wf>
         <wf lemma="težav" pos="X">težav</wf>
         <wf lemma="opravil" pos="X">opravil</wf>
         <wf lemma="tudi" pos="X">tudi</wf>
         <instance id="d000.s489.t000" lemma="šola" pos="NOUN">šolo</instance>
         <wf lemma="." pos="X">.</wf>
      </sentence>
      <sentence id="d000.s490" source="wordnet-slovenian">
         <wf lemma="To" pos="X">To</wf>
         <wf lemma="pomeni" pos="X">pomeni</wf>
         <wf lemma="," pos="X">,</wf>
         <wf lemma="da" pos="X">da</wf>
         <wf lemma="ves" pos="X">ves</wf>
         <instance id="d000.s490.t000" lemma="čas" pos="NOUN">čas</instance>
         <wf lemma="ugotavljamo" pos="X">ugotavljamo</wf>
         <wf lemma="," pos="X">,</wf>
         <wf lemma="da" pos="X">da</wf>
         <wf lemma="je" pos="X">je</wf>
         <wf lemma="treba" pos="X">treba</wf>
         <wf lemma="začeti" pos="X">začeti</wf>
         <wf lemma="zdraviti" pos="X">zdraviti</wf>
         <wf lemma="s" pos="X">s</wf>
         <wf lemma="statini" pos="X">statini</wf>
         <wf lemma="že" pos="X">že</wf>
         <wf lemma="pri" pos="X">pri</wf>
         <wf lemma="rahlem" pos="X">rahlem</wf>
         <wf lemma="povišanju" pos="X">povišanju</wf>
         <wf lemma="ravni" pos="X">ravni</wf>
         <wf lemma="holesterola" pos="X">holesterola</wf>
         <wf lemma="v" pos="X">v</wf>
         <wf lemma="krvi" pos="X">krvi</wf>
         <wf lemma="." pos="X">.</wf>
      </sentence>
      <sentence id="d000.s491" source="wordnet-slovenian">
         <wf lemma="Ta" pos="X">Ta</wf>
         <wf lemma="raznolikost" pos="X">raznolikost</wf>
         <wf lemma="različnih" pos="X">različnih</wf>
         <instance id="d000.s491.t000" lemma="okolje" pos="NOUN">okolij</instance>
         <wf lemma="zahteva" pos="X">zahteva</wf>
         <wf lemma="tesnejše" pos="X">tesnejše</wf>
         <wf lemma="povezave" pos="X">povezave</wf>
         <wf lemma="med" pos="X">med</wf>
         <wf lemma="domom" pos="X">domom</wf>
         <wf lemma="," pos="X">,</wf>
         <wf lemma="učitelji" pos="X">učitelji</wf>
         <wf lemma="in" pos="X">in</wf>
         <wf lemma="šolskimi" pos="X">šolskimi</wf>
         <wf lemma="zdravstvenimi" pos="X">zdravstvenimi</wf>
         <wf lemma="delavci" pos="X">delavci</wf>
         <wf lemma="." pos="X">.</wf>
      </sentence>
      <sentence id="d000.s492" source="wordnet-slovenian">
         <wf lemma="Najpomembnejši" pos="X">Najpomembnejši</wf>
         <wf lemma="dosežek" pos="X">dosežek</wf>
         <wf lemma="pogovorov" pos="X">pogovorov</wf>
         <wf lemma="je" pos="X">je</wf>
         <wf lemma="odločitev" pos="X">odločitev</wf>
         <wf lemma="o" pos="X">o</wf>
         <wf lemma="sestavi" pos="X">sestavi</wf>
         <wf lemma="tekaških" pos="X">tekaških</wf>
         <wf lemma="reprezentanc" pos="X">reprezentanc</wf>
         <wf lemma="za" pos="X">za</wf>
         <wf lemma="poolimpijsko" pos="X">poolimpijsko</wf>
         <instance id="d000.s492.t000" lemma="sezona" pos="NOUN">sezono</instance>
         <wf lemma="," pos="X">,</wf>
         <wf lemma="v" pos="X">v</wf>
         <wf lemma="kateri" pos="X">kateri</wf>
         <wf lemma="je" pos="X">je</wf>
         <wf lemma="na" pos="X">na</wf>
         <wf lemma="sporedu" pos="X">sporedu</wf>
         <wf lemma="tudi" pos="X">tudi</wf>
         <wf lemma="svetovno" pos="X">svetovno</wf>
         <wf lemma="prvenstvo" pos="X">prvenstvo</wf>
         <wf lemma="v" pos="X">v</wf>
         <wf lemma="italijanski" pos="X">italijanski</wf>
         <wf lemma="dolini" pos="X">dolini</wf>
         <wf lemma="Fiemme" pos="X">Fiemme</wf>
         <wf lemma="." pos="X">.</wf>
      </sentence>
      <sentence id="d000.s493" source="wordnet-slovenian">
         <wf lemma="Vse" pos="X">Vse</wf>
         <wf lemma="več" pos="X">več</wf>
         <wf lemma="je" pos="X">je</wf>
         <wf lemma="ledu" pos="X">ledu</wf>
         <wf lemma="po" pos="X">po</wf>
         <wf lemma="žlebovih" pos="X">žlebovih</wf>
         <wf lemma="," pos="X">,</wf>
         <wf lemma="ki" pos="X">ki</wf>
         <wf lemma="se" pos="X">se</wf>
         <wf lemma="mu" pos="X">mu</wf>
         <wf lemma="umikava" pos="X">umikava</wf>
         <wf lemma="v" pos="X">v</wf>
         <wf lemma="težka" pos="X">težka</wf>
         <wf lemma="," pos="X">,</wf>
         <wf lemma="včasih" pos="X">včasih</wf>
         <wf lemma="previsna" pos="X">previsna</wf>
         <instance id="d000.s493.t000" lemma="mesto" pos="NOUN">mesta</instance>
         <wf lemma="." pos="X">.</wf>
      </sentence>
      <sentence id="d000.s494" source="wordnet-slovenian">
         <wf lemma="Kot" pos="X">Kot</wf>
         <wf lemma="uspešnega" pos="X">uspešnega</wf>
         <wf lemma="letalca" pos="X">letalca</wf>
         <wf lemma="in" pos="X">in</wf>
         <wf lemma="poslovneža" pos="X">poslovneža</wf>
         <wf lemma="vas" pos="X">vas</wf>
         <wf lemma="mediji" pos="X">mediji</wf>
         <wf lemma="primerjajo" pos="X">primerjajo</wf>
         <wf lemma="celo" pos="X">celo</wf>
         <wf lemma="z" pos="X">z</wf>
         <wf lemma="legendarnim" pos="X">legendarnim</wf>
         <wf lemma="Howardom" pos="X">Howardom</wf>
         <wf lemma="Hughesom" pos="X">Hughesom</wf>
         <wf lemma="," pos="X">,</wf>
         <wf lemma="ovekovečenim" pos="X">ovekovečenim</wf>
         <wf lemma="v" pos="X">v</wf>
         <wf lemma="Scorsesejevem" pos="X">Scorsesejevem</wf>
         <instance id="d000.s494.t000" lemma="film" pos="NOUN">filmu</instance>
         <wf lemma="," pos="X">,</wf>
         <wf lemma="nagrajenem" pos="X">nagrajenem</wf>
         <wf lemma="z" pos="X">z</wf>
         <wf lemma="oskarji" pos="X">oskarji</wf>
         <wf lemma="." pos="X">.</wf>
      </sentence>
      <sentence id="d000.s495" source="wordnet-slovenian">
         <wf lemma="Dvižna" pos="X">Dvižna</wf>
         <instance id="d000.s495.t000" lemma="vrata" pos="NOUN">vrata</instance>
         <wf lemma="so" pos="X">so</wf>
         <wf lemma="bila" pos="X">bila</wf>
         <wf lemma="skrita" pos="X">skrita</wf>
         <wf lemma="v" pos="X">v</wf>
         <wf lemma="kovačniku" pos="X">kovačniku</wf>
         <wf lemma="in" pos="X">in</wf>
         <wf lemma="travi" pos="X">travi</wf>
         <wf lemma="," pos="X">,</wf>
         <wf lemma="ki" pos="X">ki</wf>
         <wf lemma="nama" pos="X">nama</wf>
         <wf lemma="je" pos="X">je</wf>
         <wf lemma="tam" pos="X">tam</wf>
         <wf lemma="," pos="X">,</wf>
         <wf lemma="kjer" pos="X">kjer</wf>
         <wf lemma="sva" pos="X">sva</wf>
         <wf lemma="iskala" pos="X">iskala</wf>
         <wf lemma="s" pos="X">s</wf>
         <wf lemma="Sampsonom" pos="X">Sampsonom</wf>
         <wf lemma="," pos="X">,</wf>
         <wf lemma="segala" pos="X">segala</wf>
         <wf lemma="do" pos="X">do</wf>
         <wf lemma="prsi" pos="X">prsi</wf>
         <wf lemma="." pos="X">.</wf>
      </sentence>
      <sentence id="d000.s496" source="wordnet-slovenian">
         <wf lemma="Predstavniki" pos="X">Predstavniki</wf>
         <wf lemma="žrtev" pos="X">žrtev</wf>
         <wf lemma="spolnih" pos="X">spolnih</wf>
         <wf lemma="zlorab" pos="X">zlorab</wf>
         <wf lemma="duhovnikov" pos="X">duhovnikov</wf>
         <wf lemma="so" pos="X">so</wf>
         <wf lemma="izrazili" pos="X">izrazili</wf>
         <wf lemma="ogorčenje" pos="X">ogorčenje</wf>
         <wf lemma="nad" pos="X">nad</wf>
         <wf lemma="sprejetjem" pos="X">sprejetjem</wf>
         <wf lemma="te" pos="X">te</wf>
         <wf lemma="nove" pos="X">nove</wf>
         <instance id="d000.s496.t000" lemma="politika" pos="NOUN">politike</instance>
         <wf lemma="," pos="X">,</wf>
         <wf lemma="ki" pos="X">ki</wf>
         <wf lemma="so" pos="X">so</wf>
         <wf lemma="jo" pos="X">jo</wf>
         <wf lemma="primerjali" pos="X">primerjali</wf>
         <wf lemma="s" pos="X">s</wf>
         <wf lemma="preselitvijo" pos="X">preselitvijo</wf>
         <wf lemma="mestnega" pos="X">mestnega</wf>
         <wf lemma="morilca" pos="X">morilca</wf>
         <wf lemma="na" pos="X">na</wf>
         <wf lemma="vas" pos="X">vas</wf>
         <wf lemma="." pos="X">.</wf>
      </sentence>
      <sentence id="d000.s497" source="wordnet-slovenian">
         <wf lemma="Medtem" pos="X">Medtem</wf>
         <wf lemma="je" pos="X">je</wf>
         <wf lemma="perujska" pos="X">perujska</wf>
         <wf lemma="volilna" pos="X">volilna</wf>
         <wf lemma="komisija" pos="X">komisija</wf>
         <wf lemma="razglasila" pos="X">razglasila</wf>
         <wf lemma="Fujimorija" pos="X">Fujimorija</wf>
         <wf lemma="za" pos="X">za</wf>
         <wf lemma="zmagovalca" pos="X">zmagovalca</wf>
         <wf lemma="in" pos="X">in</wf>
         <wf lemma="objavila" pos="X">objavila</wf>
         <wf lemma="," pos="X">,</wf>
         <wf lemma="da" pos="X">da</wf>
         <wf lemma="je" pos="X">je</wf>
         <wf lemma="na" pos="X">na</wf>
         <wf lemma="volitvah" pos="X">volitvah</wf>
         <wf lemma="," pos="X">,</wf>
         <wf lemma="na" pos="X">na</wf>
         <wf lemma="katerih" pos="X">katerih</wf>
         <wf lemma="je" pos="X">je</wf>
         <wf lemma="nastopil" pos="X">nastopil</wf>
         <wf lemma="sam" pos="X">sam</wf>
         <wf lemma="," pos="X">,</wf>
         <wf lemma="&quot;" pos="X">&quot;</wf>
         <wf lemma="zmagal" pos="X">zmagal</wf>
         <wf lemma="&quot;" pos="X">&quot;</wf>
         <wf lemma="z" pos="X">z</wf>
         <wf lemma="51,20" pos="X">51,20</wf>
         <wf lemma="odstotka" pos="X">odstotka</wf>
         <instance id="d000.s497.t000" lemma="glas" pos="NOUN">glasov</instance>
         <wf lemma="vseh" pos="X">vseh</wf>
         <wf lemma="volilnih" pos="X">volilnih</wf>
         <wf lemma="upravičencev" pos="X">upravičencev</wf>
         <wf lemma="." pos="X">.</wf>
      </sentence>
      <sentence id="d000.s498" source="wordnet-slovenian">
         <instance id="d000.s498.t000" lemma="dan" pos="NOUN">Dnevi</instance>
         <wf lemma="so" pos="X">so</wf>
         <wf lemma="minevali" pos="X">minevali</wf>
         <wf lemma="." pos="X">.</wf>
      </sentence>
      <sentence id="d000.s499" source="wordnet-slovenian">
         <wf lemma="Če" pos="X">Če</wf>
         <wf lemma="bo" pos="X">bo</wf>
         <wf lemma="postopek" pos="X">postopek</wf>
         <wf lemma="do" pos="X">do</wf>
         <wf lemma="vseh" pos="X">vseh</wf>
         <wf lemma="enak" pos="X">enak</wf>
         <wf lemma="in" pos="X">in</wf>
         <wf lemma="pravičen" pos="X">pravičen</wf>
         <wf lemma="," pos="X">,</wf>
         <wf lemma="ne" pos="X">ne</wf>
         <wf lemma="bi" pos="X">bi</wf>
         <wf lemma="smelo" pos="X">smelo</wf>
         <wf lemma="biti" pos="X">biti</wf>
         <instance id="d000.s499.t000" lemma="težava" pos="NOUN">težav</instance>
         <wf lemma="." pos="X">.</wf>
      </sentence>
      <sentence id="d000.s500" source="wordnet-slovenian">
         <wf lemma="Ker" pos="X">Ker</wf>
         <wf lemma="smo" pos="X">smo</wf>
         <wf lemma="bojda" pos="X">bojda</wf>
         <wf lemma="šli" pos="X">šli</wf>
         <wf lemma="z" pos="X">z</wf>
         <wf lemma="leve" pos="X">leve</wf>
         <wf lemma="bolj" pos="X">bolj</wf>
         <wf lemma="na" pos="X">na</wf>
         <wf lemma="desno" pos="X">desno</wf>
         <wf lemma="," pos="X">,</wf>
         <wf lemma="sem" pos="X">sem</wf>
         <wf lemma="iskal" pos="X">iskal</wf>
         <wf lemma="desničarske" pos="X">desničarske</wf>
         <wf lemma="lastnosti" pos="X">lastnosti</wf>
         <wf lemma="Janševih" pos="X">Janševih</wf>
         <wf lemma="sledbenikov" pos="X">sledbenikov</wf>
         <wf lemma="," pos="X">,</wf>
         <wf lemma="ki" pos="X">ki</wf>
         <wf lemma="nasprotujejo" pos="X">nasprotujejo</wf>
         <wf lemma="levičarskim" pos="X">levičarskim</wf>
         <instance id="d000.s500.t000" lemma="mnenje" pos="NOUN">mnenjem</instance>
         <wf lemma="Ropovih" pos="X">Ropovih</wf>
         <wf lemma="gorečnikov" pos="X">gorečnikov</wf>
         <wf lemma="." pos="X">.</wf>
      </sentence>
      <sentence id="d000.s501" source="wordnet-slovenian">
         <wf lemma="Zelo" pos="X">Zelo</wf>
         <wf lemma="dobra" pos="X">dobra</wf>
         <wf lemma="igra" pos="X">igra</wf>
         <wf lemma="domačih" pos="X">domačih</wf>
         <wf lemma="v" pos="X">v</wf>
         <wf lemma="obrambi" pos="X">obrambi</wf>
         <wf lemma="je" pos="X">je</wf>
         <wf lemma="goste" pos="X">goste</wf>
         <wf lemma="silila" pos="X">silila</wf>
         <wf lemma="k" pos="X">k</wf>
         <wf lemma="številnim" pos="X">številnim</wf>
         <wf lemma="napakam" pos="X">napakam</wf>
         <wf lemma="," pos="X">,</wf>
         <wf lemma="šele" pos="X">šele</wf>
         <wf lemma="v" pos="X">v</wf>
         <wf lemma="32." pos="X">32.</wf>
         <instance id="d000.s501.t000" lemma="minuta" pos="NOUN">minuti</instance>
         <wf lemma="je" pos="X">je</wf>
         <wf lemma="najaktivnejši" pos="X">najaktivnejši</wf>
         <wf lemma="Koprčan" pos="X">Koprčan</wf>
         <wf lemma="Ipavec" pos="X">Ipavec</wf>
         <wf lemma="prišel" pos="X">prišel</wf>
         <wf lemma="do" pos="X">do</wf>
         <wf lemma="strela" pos="X">strela</wf>
         <wf lemma="z" pos="X">z</wf>
         <wf lemma="roba" pos="X">roba</wf>
         <wf lemma="kazenskega" pos="X">kazenskega</wf>
         <wf lemma="prostora" pos="X">prostora</wf>
         <wf lemma="." pos="X">.</wf>
      </sentence>
      <sentence id="d000.s502" source="wordnet-slovenian">
         <wf lemma="Predstavniki" pos="X">Predstavniki</wf>
         <wf lemma="Ljudske" pos="X">Ljudske</wf>
         <instance id="d000.s502.t000" lemma="stranka" pos="NOUN">stranke</instance>
         <wf lemma="so" pos="X">so</wf>
         <wf lemma="namreč" pos="X">namreč</wf>
         <wf lemma="iz" pos="X">iz</wf>
         <wf lemma="državnega" pos="X">državnega</wf>
         <wf lemma="proračuna" pos="X">proračuna</wf>
         <wf lemma="dobili" pos="X">dobili</wf>
         <wf lemma="malo" pos="X">malo</wf>
         <wf lemma="denarja" pos="X">denarja</wf>
         <wf lemma="," pos="X">,</wf>
         <wf lemma="saj" pos="X">saj</wf>
         <wf lemma="so" pos="X">so</wf>
         <wf lemma="v" pos="X">v</wf>
         <wf lemma="poročilih" pos="X">poročilih</wf>
         <wf lemma="o" pos="X">o</wf>
         <wf lemma="financiranju" pos="X">financiranju</wf>
         <wf lemma="volilne" pos="X">volilne</wf>
         <wf lemma="kampanje" pos="X">kampanje</wf>
         <wf lemma="naredili" pos="X">naredili</wf>
         <wf lemma="nekaj" pos="X">nekaj</wf>
         <wf lemma="nedopustnih" pos="X">nedopustnih</wf>
         <wf lemma="napak" pos="X">napak</wf>
         <wf lemma="." pos="X">.</wf>
      </sentence>
      <sentence id="d000.s503" source="wordnet-slovenian">
         <wf lemma="Nisem" pos="X">Nisem</wf>
         <wf lemma="bil" pos="X">bil</wf>
         <wf lemma="v" pos="X">v</wf>
         <instance id="d000.s503.t000" lemma="mesto" pos="NOUN">mestu</instance>
         <wf lemma="," pos="X">,</wf>
         <wf lemma="bil" pos="X">bil</wf>
         <wf lemma="sem" pos="X">sem</wf>
         <wf lemma="na" pos="X">na</wf>
         <wf lemma="dnu" pos="X">dnu</wf>
         <wf lemma="brezna" pos="X">brezna</wf>
         <wf lemma="." pos="X">.</wf>
      </sentence>
      <sentence id="d000.s504" source="wordnet-slovenian">
         <wf lemma="Več" pos="X">Več</wf>
         <instance id="d000.s504.t000" lemma="podatek" pos="NOUN">podatkov</instance>
         <wf lemma="o" pos="X">o</wf>
         <wf lemma="specifikacijah" pos="X">specifikacijah</wf>
         <wf lemma="in" pos="X">in</wf>
         <wf lemma="moči" pos="X">moči</wf>
         <wf lemma="novih" pos="X">novih</wf>
         <wf lemma="grafičnih" pos="X">grafičnih</wf>
         <wf lemma="procesorjev" pos="X">procesorjev</wf>
         <wf lemma="še" pos="X">še</wf>
         <wf lemma="ni" pos="X">ni</wf>
         <wf lemma="znanih" pos="X">znanih</wf>
         <wf lemma="." pos="X">.</wf>
      </sentence>
      <sentence id="d000.s505" source="wordnet-slovenian">
         <wf lemma="Ta" pos="X">Ta</wf>
         <instance id="d000.s505.t000" lemma="del" pos="NOUN">del</instance>
         <wf lemma="je" pos="X">je</wf>
         <wf lemma="bil" pos="X">bil</wf>
         <wf lemma="sila" pos="X">sila</wf>
         <wf lemma="splošen" pos="X">splošen</wf>
         <wf lemma="," pos="X">,</wf>
         <wf lemma="tako" pos="X">tako</wf>
         <wf lemma="nabit" pos="X">nabit</wf>
         <wf lemma="z" pos="X">z</wf>
         <wf lemma="gradivom" pos="X">gradivom</wf>
         <wf lemma="," pos="X">,</wf>
         <wf lemma="da" pos="X">da</wf>
         <wf lemma="smo" pos="X">smo</wf>
         <wf lemma="mu" pos="X">mu</wf>
         <wf lemma="komaj" pos="X">komaj</wf>
         <wf lemma="sledili" pos="X">sledili</wf>
         <wf lemma="," pos="X">,</wf>
         <wf lemma="ampak" pos="X">ampak</wf>
         <wf lemma="je" pos="X">je</wf>
         <wf lemma="sprehod" pos="X">sprehod</wf>
         <wf lemma="povezovala" pos="X">povezovala</wf>
         <wf lemma="nikoli" pos="X">nikoli</wf>
         <wf lemma="moteča" pos="X">moteča</wf>
         <wf lemma="se" pos="X">se</wf>
         <wf lemma="Tajda" pos="X">Tajda</wf>
         <wf lemma="Lekše" pos="X">Lekše</wf>
         <wf lemma="," pos="X">,</wf>
         <wf lemma="ki" pos="X">ki</wf>
         <wf lemma="bi" pos="X">bi</wf>
         <wf lemma="bila" pos="X">bila</wf>
         <wf lemma="sposobna" pos="X">sposobna</wf>
         <wf lemma="odrecitirati" pos="X">odrecitirati</wf>
         <wf lemma="na" pos="X">na</wf>
         <wf lemma="pamet" pos="X">pamet</wf>
         <wf lemma="cel" pos="X">cel</wf>
         <wf lemma="Krst" pos="X">Krst</wf>
         <wf lemma="pri" pos="X">pri</wf>
         <wf lemma="Savici" pos="X">Savici</wf>
         <wf lemma="." pos="X">.</wf>
      </sentence>
      <sentence id="d000.s506" source="wordnet-slovenian">
         <wf lemma="V" pos="X">V</wf>
         <wf lemma="njem" pos="X">njem</wf>
         <wf lemma="je" pos="X">je</wf>
         <wf lemma="bilo" pos="X">bilo</wf>
         <wf lemma="med" pos="X">med</wf>
         <wf lemma="drugim" pos="X">drugim</wf>
         <wf lemma="zapisano" pos="X">zapisano</wf>
         <wf lemma=":" pos="X">:</wf>
         <wf lemma="&quot;" pos="X">&quot;</wf>
         <wf lemma="Po" pos="X">Po</wf>
         <wf lemma="Rimu" pos="X">Rimu</wf>
         <wf lemma="se" pos="X">se</wf>
         <wf lemma="vlačuge" pos="X">vlačuge</wf>
         <wf lemma="sprehajajo" pos="X">sprehajajo</wf>
         <wf lemma="kot" pos="X">kot</wf>
         <wf lemma="poročene" pos="X">poročene</wf>
         <wf lemma="ženske" pos="X">ženske</wf>
         <wf lemma="ali" pos="X">ali</wf>
         <wf lemma="jezdijo" pos="X">jezdijo</wf>
         <wf lemma="na" pos="X">na</wf>
         <wf lemma="mulah" pos="X">mulah</wf>
         <wf lemma="," pos="X">,</wf>
         <wf lemma="iz" pos="X">iz</wf>
         <wf lemma="srca" pos="X">srca</wf>
         <wf lemma="mesta" pos="X">mesta</wf>
         <wf lemma="pa" pos="X">pa</wf>
         <wf lemma="jim" pos="X">jim</wf>
         <wf lemma="sledijo" pos="X">sledijo</wf>
         <wf lemma="plemenitaši" pos="X">plemenitaši</wf>
         <wf lemma="in" pos="X">in</wf>
         <wf lemma="kleriki" pos="X">kleriki</wf>
         <wf lemma="iz" pos="X">iz</wf>
         <instance id="d000.s506.t000" lemma="hiša" pos="NOUN">hiše</instance>
         <wf lemma="kardinalov" pos="X">kardinalov</wf>
         <wf lemma="." pos="X">.</wf>
      </sentence>
      <sentence id="d000.s507" source="wordnet-slovenian">
         <wf lemma="Seveda" pos="X">Seveda</wf>
         <wf lemma="je" pos="X">je</wf>
         <wf lemma="že" pos="X">že</wf>
         <wf lemma="slišal" pos="X">slišal</wf>
         <instance id="d000.s507.t000" lemma="ime" pos="NOUN">imena</instance>
         <wf lemma="," pos="X">,</wf>
         <wf lemma="ki" pos="X">ki</wf>
         <wf lemma="jih" pos="X">jih</wf>
         <wf lemma="je" pos="X">je</wf>
         <wf lemma="rdečebradec" pos="X">rdečebradec</wf>
         <wf lemma="tako" pos="X">tako</wf>
         <wf lemma="maziljeno" pos="X">maziljeno</wf>
         <wf lemma="našteval" pos="X">našteval</wf>
         <wf lemma="," pos="X">,</wf>
         <wf lemma="poznal" pos="X">poznal</wf>
         <wf lemma="je" pos="X">je</wf>
         <wf lemma="palače" pos="X">palače</wf>
         <wf lemma="in" pos="X">in</wf>
         <wf lemma="muzeje" pos="X">muzeje</wf>
         <wf lemma="," pos="X">,</wf>
         <wf lemma="ki" pos="X">ki</wf>
         <wf lemma="so" pos="X">so</wf>
         <wf lemma="se" pos="X">se</wf>
         <wf lemma="imenovali" pos="X">imenovali</wf>
         <wf lemma="po" pos="X">po</wf>
         <wf lemma="njih" pos="X">njih</wf>
         <wf lemma="," pos="X">,</wf>
         <wf lemma="toda" pos="X">toda</wf>
         <wf lemma="o" pos="X">o</wf>
         <wf lemma="ljudeh" pos="X">ljudeh</wf>
         <wf lemma="s" pos="X">s</wf>
         <wf lemma="tem" pos="X">tem</wf>
         <wf lemma="imenom" pos="X">imenom</wf>
         <wf lemma="ni" pos="X">ni</wf>
         <wf lemma="vedel" pos="X">vedel</wf>
         <wf lemma="ničesar" pos="X">ničesar</wf>
         <wf lemma="." pos="X">.</wf>
      </sentence>
      <sentence id="d000.s508" source="wordnet-slovenian">
         <wf lemma="Kreativni" pos="X">Kreativni</wf>
         <instance id="d000.s508.t000" lemma="del" pos="NOUN">del</instance>
         <wf lemma="človeške" pos="X">človeške</wf>
         <wf lemma="zgodovine" pos="X">zgodovine</wf>
         <wf lemma="se" pos="X">se</wf>
         <wf lemma="ne" pos="X">ne</wf>
         <wf lemma="dogaja" pos="X">dogaja</wf>
         <wf lemma="brez" pos="X">brez</wf>
         <wf lemma="prehodov" pos="X">prehodov</wf>
         <wf lemma="in" pos="X">in</wf>
         <wf lemma="razvidne" pos="X">razvidne</wf>
         <wf lemma="kontinuitete" pos="X">kontinuitete</wf>
         <wf lemma=":" pos="X">:</wf>
         <wf lemma="renesančniki" pos="X">renesančniki</wf>
         <wf lemma="so" pos="X">so</wf>
         <wf lemma="še" pos="X">še</wf>
         <wf lemma="kako" pos="X">kako</wf>
         <wf lemma="študirali" pos="X">študirali</wf>
         <wf lemma="in" pos="X">in</wf>
         <wf lemma="odkrivali" pos="X">odkrivali</wf>
         <wf lemma="antiko" pos="X">antiko</wf>
         <wf lemma="in" pos="X">in</wf>
         <wf lemma="niso" pos="X">niso</wf>
         <wf lemma="spregledali" pos="X">spregledali</wf>
         <wf lemma="tudi" pos="X">tudi</wf>
         <wf lemma="srednjeveškega" pos="X">srednjeveškega</wf>
         <wf lemma="izročila" pos="X">izročila</wf>
         <wf lemma="." pos="X">.</wf>
      </sentence>
      <sentence id="d000.s509" source="wordnet-slovenian">
         <wf lemma="Povprašal" pos="X">Povprašal</wf>
         <wf lemma="sem" pos="X">sem</wf>
         <wf lemma="nekaj" pos="X">nekaj</wf>
         <wf lemma="kolegov" pos="X">kolegov</wf>
         <wf lemma="," pos="X">,</wf>
         <wf lemma="ki" pos="X">ki</wf>
         <wf lemma="tudi" pos="X">tudi</wf>
         <wf lemma="niso" pos="X">niso</wf>
         <wf lemma="vedeli" pos="X">vedeli</wf>
         <wf lemma="natančnega" pos="X">natančnega</wf>
         <wf lemma="odgovora" pos="X">odgovora</wf>
         <wf lemma="na" pos="X">na</wf>
         <wf lemma="vaše" pos="X">vaše</wf>
         <instance id="d000.s509.t000" lemma="vprašanje" pos="NOUN">vprašanje</instance>
         <wf lemma="." pos="X">.</wf>
      </sentence>
      <sentence id="d000.s510" source="wordnet-slovenian">
         <wf lemma="Nekega" pos="X">Nekega</wf>
         <instance id="d000.s510.t000" lemma="dan" pos="NOUN">dne</instance>
         <wf lemma="sem" pos="X">sem</wf>
         <wf lemma="slišal" pos="X">slišal</wf>
         <wf lemma="zgodbo" pos="X">zgodbo</wf>
         <wf lemma="o" pos="X">o</wf>
         <wf lemma="vrtiljaku" pos="X">vrtiljaku</wf>
         <wf lemma="sester" pos="X">sester</wf>
         <wf lemma="usmiljenk" pos="X">usmiljenk</wf>
         <wf lemma="." pos="X">.</wf>
      </sentence>
      <sentence id="d000.s511" source="wordnet-slovenian">
         <wf lemma="Filmi" pos="X">Filmi</wf>
         <wf lemma="Straight" pos="X">Straight</wf>
         <wf lemma="out" pos="X">out</wf>
         <wf lemma="of" pos="X">of</wf>
         <wf lemma="Brooklyn" pos="X">Brooklyn</wf>
         <wf lemma="(" pos="X">(</wf>
         <wf lemma="Matty" pos="X">Matty</wf>
         <wf lemma="Rich" pos="X">Rich</wf>
         <wf lemma=")" pos="X">)</wf>
         <wf lemma="," pos="X">,</wf>
         <wf lemma="Hangin" pos="X">Hangin</wf>
         <wf lemma="'" pos="X">'</wf>
         <wf lemma="with" pos="X">with</wf>
         <wf lemma="the" pos="X">the</wf>
         <wf lemma="Homeboys" pos="X">Homeboys</wf>
         <wf lemma="(" pos="X">(</wf>
         <wf lemma="Joseph" pos="X">Joseph</wf>
         <wf lemma="Vasquez" pos="X">Vasquez</wf>
         <wf lemma=")" pos="X">)</wf>
         <wf lemma="in" pos="X">in</wf>
         <wf lemma="Jungle" pos="X">Jungle</wf>
         <wf lemma="Fever" pos="X">Fever</wf>
         <wf lemma="(" pos="X">(</wf>
         <wf lemma="Spike" pos="X">Spike</wf>
         <wf lemma="Lee" pos="X">Lee</wf>
         <wf lemma=")" pos="X">)</wf>
         <wf lemma="imajo" pos="X">imajo</wf>
         <wf lemma="isti" pos="X">isti</wf>
         <wf lemma="podton" pos="X">podton</wf>
         <wf lemma=":" pos="X">:</wf>
         <wf lemma="rešitev" pos="X">rešitev</wf>
         <wf lemma="za" pos="X">za</wf>
         <wf lemma="črnca" pos="X">črnca</wf>
         <wf lemma="," pos="X">,</wf>
         <wf lemma="odraščajočega" pos="X">odraščajočega</wf>
         <wf lemma="v" pos="X">v</wf>
         <wf lemma="getu" pos="X">getu</wf>
         <wf lemma="," pos="X">,</wf>
         <wf lemma="je" pos="X">je</wf>
         <wf lemma="izobrazba" pos="X">izobrazba</wf>
         <wf lemma="," pos="X">,</wf>
         <wf lemma="odhod" pos="X">odhod</wf>
         <wf lemma="iz" pos="X">iz</wf>
         <wf lemma="geta" pos="X">geta</wf>
         <wf lemma="v" pos="X">v</wf>
         <instance id="d000.s511.t000" lemma="šola" pos="NOUN">šole</instance>
         <wf lemma="(" pos="X">(</wf>
         <wf lemma="Fishburneov" pos="X">Fishburneov</wf>
         <wf lemma="sin" pos="X">sin</wf>
         <wf lemma="odide" pos="X">odide</wf>
         <wf lemma="na" pos="X">na</wf>
         <wf lemma="Morehouse" pos="X">Morehouse</wf>
         <wf lemma="College" pos="X">College</wf>
         <wf lemma="," pos="X">,</wf>
         <wf lemma="prizorišče" pos="X">prizorišče</wf>
         <wf lemma="filma" pos="X">filma</wf>
         <wf lemma="School" pos="X">School</wf>
         <wf lemma="Daze" pos="X">Daze</wf>
         <wf lemma=")" pos="X">)</wf>
         <wf lemma="." pos="X">.</wf>
      </sentence>
      <sentence id="d000.s512" source="wordnet-slovenian">
         <wf lemma="Ali" pos="X">Ali</wf>
         <wf lemma="natančneje" pos="X">natančneje</wf>
         <wf lemma=":" pos="X">:</wf>
         <wf lemma="do" pos="X">do</wf>
         <wf lemma="59." pos="X">59.</wf>
         <instance id="d000.s512.t000" lemma="minuta" pos="NOUN">minute</instance>
         <wf lemma="," pos="X">,</wf>
         <wf lemma="ko" pos="X">ko</wf>
         <wf lemma="je" pos="X">je</wf>
         <wf lemma="Perić" pos="X">Perić</wf>
         <wf lemma="po" pos="X">po</wf>
         <wf lemma="Pajovičevi" pos="X">Pajovičevi</wf>
         <wf lemma="seriji" pos="X">seriji</wf>
         <wf lemma="ubranil" pos="X">ubranil</wf>
         <wf lemma="sedemmetrovko" pos="X">sedemmetrovko</wf>
         <wf lemma="Lubeju" pos="X">Lubeju</wf>
         <wf lemma="," pos="X">,</wf>
         <wf lemma="ki" pos="X">ki</wf>
         <wf lemma="je" pos="X">je</wf>
         <wf lemma="dotlej" pos="X">dotlej</wf>
         <wf lemma="grozil" pos="X">grozil</wf>
         <wf lemma="z" pos="X">z</wf>
         <wf lemma="novim" pos="X">novim</wf>
         <wf lemma="strelskim" pos="X">strelskim</wf>
         <wf lemma="rekordom" pos="X">rekordom</wf>
         <wf lemma="in" pos="X">in</wf>
         <wf lemma="senzacijo" pos="X">senzacijo</wf>
         <wf lemma="." pos="X">.</wf>
      </sentence>
      <sentence id="d000.s513" source="wordnet-slovenian">
         <wf lemma="Naj" pos="X">Naj</wf>
         <wf lemma="gre" pos="X">gre</wf>
         <wf lemma="za" pos="X">za</wf>
         <wf lemma="umetne" pos="X">umetne</wf>
         <wf lemma="ribe" pos="X">ribe</wf>
         <wf lemma="(" pos="X">(</wf>
         <wf lemma="F" pos="X">F</wf>
         <wf lemma=")" pos="X">)</wf>
         <wf lemma="," pos="X">,</wf>
         <wf lemma="vrteče" pos="X">vrteče</wf>
         <wf lemma="ali" pos="X">ali</wf>
         <wf lemma="valujoče" pos="X">valujoče</wf>
         <wf lemma="blestivke" pos="X">blestivke</wf>
         <wf lemma="(" pos="X">(</wf>
         <wf lemma="G" pos="X">G</wf>
         <wf lemma=")" pos="X">)</wf>
         <wf lemma="," pos="X">,</wf>
         <wf lemma="ribič" pos="X">ribič</wf>
         <wf lemma="mora" pos="X">mora</wf>
         <wf lemma="po" pos="X">po</wf>
         <wf lemma="metu" pos="X">metu</wf>
         <wf lemma="čutiti" pos="X">čutiti</wf>
         <wf lemma="," pos="X">,</wf>
         <wf lemma="kako" pos="X">kako</wf>
         <wf lemma="se" pos="X">se</wf>
         <wf lemma="umetno" pos="X">umetno</wf>
         <wf lemma="vabo" pos="X">vabo</wf>
         <wf lemma="obnaša" pos="X">obnaša</wf>
         <wf lemma="in" pos="X">in</wf>
         <wf lemma="jo" pos="X">jo</wf>
         <wf lemma="medtem" pos="X">medtem</wf>
         <wf lemma="vleči" pos="X">vleči</wf>
         <wf lemma="k" pos="X">k</wf>
         <wf lemma="sebi" pos="X">sebi</wf>
         <wf lemma="s" pos="X">s</wf>
         <wf lemma="hitrostjo" pos="X">hitrostjo</wf>
         <wf lemma="," pos="X">,</wf>
         <wf lemma="ki" pos="X">ki</wf>
         <wf lemma="je" pos="X">je</wf>
         <wf lemma="primerna" pos="X">primerna</wf>
         <instance id="d000.s513.t000" lemma="okolje" pos="NOUN">okolju</instance>
         <wf lemma="(" pos="X">(</wf>
         <wf lemma="globini" pos="X">globini</wf>
         <wf lemma="," pos="X">,</wf>
         <wf lemma="hitrosti" pos="X">hitrosti</wf>
         <wf lemma="toka" pos="X">toka</wf>
         <wf lemma=")" pos="X">)</wf>
         <wf lemma="," pos="X">,</wf>
         <wf lemma="v" pos="X">v</wf>
         <wf lemma="katerem" pos="X">katerem</wf>
         <wf lemma="lovi" pos="X">lovi</wf>
         <wf lemma="in" pos="X">in</wf>
         <wf lemma="izbrani" pos="X">izbrani</wf>
         <wf lemma="umetni" pos="X">umetni</wf>
         <wf lemma="vabi" pos="X">vabi</wf>
         <wf lemma="." pos="X">.</wf>
      </sentence>
      <sentence id="d000.s514" source="wordnet-slovenian">
         <wf lemma="Finančne" pos="X">Finančne</wf>
         <wf lemma="obveznosti" pos="X">obveznosti</wf>
         <wf lemma="za" pos="X">za</wf>
         <wf lemma="sodelovanje" pos="X">sodelovanje</wf>
         <wf lemma="vaše" pos="X">vaše</wf>
         <instance id="d000.s514.t000" lemma="država" pos="NOUN">države</instance>
         <wf lemma="v" pos="X">v</wf>
         <wf lemma="SFOR-ju" pos="X">SFOR-ju</wf>
         <wf lemma="so" pos="X">so</wf>
         <wf lemma="naslednje" pos="X">naslednje</wf>
         <wf lemma=":" pos="X">:</wf>
      </sentence>
      <sentence id="d000.s515" source="wordnet-slovenian">
         <wf lemma="Če" pos="X">Če</wf>
         <wf lemma="k" pos="X">k</wf>
         <wf lemma="temu" pos="X">temu</wf>
         <wf lemma="številu" pos="X">številu</wf>
         <wf lemma="dodamo" pos="X">dodamo</wf>
         <wf lemma="še" pos="X">še</wf>
         <wf lemma="22" pos="X">22</wf>
         <wf lemma="voznikov" pos="X">voznikov</wf>
         <wf lemma="," pos="X">,</wf>
         <wf lemma="ki" pos="X">ki</wf>
         <wf lemma="so" pos="X">so</wf>
         <wf lemma="preizkus" pos="X">preizkus</wf>
         <wf lemma="z" pos="X">z</wf>
         <wf lemma="alkotestom" pos="X">alkotestom</wf>
         <wf lemma="odklonili" pos="X">odklonili</wf>
         <wf lemma="," pos="X">,</wf>
         <wf lemma="dobimo" pos="X">dobimo</wf>
         <wf lemma="podatek" pos="X">podatek</wf>
         <wf lemma="," pos="X">,</wf>
         <wf lemma="da" pos="X">da</wf>
         <wf lemma="je" pos="X">je</wf>
         <wf lemma="bilo" pos="X">bilo</wf>
         <wf lemma="v" pos="X">v</wf>
         <wf lemma="minulem" pos="X">minulem</wf>
         <wf lemma="Martinovem" pos="X">Martinovem</wf>
         <wf lemma="vikendu" pos="X">vikendu</wf>
         <wf lemma="na" pos="X">na</wf>
         <wf lemma="cestah" pos="X">cestah</wf>
         <wf lemma="več" pos="X">več</wf>
         <wf lemma="kot" pos="X">kot</wf>
         <wf lemma="15" pos="X">15</wf>
         <wf lemma="odstotkov" pos="X">odstotkov</wf>
         <wf lemma="takšnih" pos="X">takšnih</wf>
         <wf lemma="," pos="X">,</wf>
         <wf lemma="ki" pos="X">ki</wf>
         <wf lemma="so" pos="X">so</wf>
         <wf lemma="bolj" pos="X">bolj</wf>
         <wf lemma="ali" pos="X">ali</wf>
         <wf lemma="manj" pos="X">manj</wf>
         <wf lemma="," pos="X">,</wf>
         <wf lemma="pa" pos="X">pa</wf>
         <wf lemma="tudi" pos="X">tudi</wf>
         <wf lemma="krepko" pos="X">krepko</wf>
         <wf lemma="prekoračili" pos="X">prekoračili</wf>
         <wf lemma="še" pos="X">še</wf>
         <wf lemma="dovoljeno" pos="X">dovoljeno</wf>
         <instance id="d000.s515.t000" lemma="stopnja" pos="NOUN">stopnjo</instance>
         <wf lemma="alkoholiziranosti" pos="X">alkoholiziranosti</wf>
         <wf lemma="." pos="X">.</wf>
      </sentence>
      <sentence id="d000.s516" source="wordnet-slovenian">
         <wf lemma="Toda" pos="X">Toda</wf>
         <wf lemma="Nikolaju" pos="X">Nikolaju</wf>
         <wf lemma="je" pos="X">je</wf>
         <wf lemma="bilo" pos="X">bilo</wf>
         <wf lemma="njegovo" pos="X">njegovo</wf>
         <instance id="d000.s516.t000" lemma="delo" pos="NOUN">delo</instance>
         <wf lemma="všeč" pos="X">všeč</wf>
         <wf lemma="," pos="X">,</wf>
         <wf lemma="Felelfu" pos="X">Felelfu</wf>
         <wf lemma="je" pos="X">je</wf>
         <wf lemma="dobro" pos="X">dobro</wf>
         <wf lemma="plačal" pos="X">plačal</wf>
         <wf lemma="in" pos="X">in</wf>
         <wf lemma="ga" pos="X">ga</wf>
         <wf lemma="vzel" pos="X">vzel</wf>
         <wf lemma="v" pos="X">v</wf>
         <wf lemma="redno" pos="X">redno</wf>
         <wf lemma="službo" pos="X">službo</wf>
         <wf lemma="." pos="X">.</wf>
      </sentence>
      <sentence id="d000.s517" source="wordnet-slovenian">
         <wf lemma="-" pos="X">-</wf>
         <wf lemma="Vratar" pos="X">Vratar</wf>
         <wf lemma="italijanskega" pos="X">italijanskega</wf>
         <wf lemma="prvoligaškega" pos="X">prvoligaškega</wf>
         <instance id="d000.s517.t000" lemma="klub" pos="NOUN">kluba</instance>
         <wf lemma="FC" pos="X">FC</wf>
         <wf lemma="Perugia" pos="X">Perugia</wf>
         <wf lemma="Angelo" pos="X">Angelo</wf>
         <wf lemma="Pagotto" pos="X">Pagotto</wf>
         <wf lemma="zaradi" pos="X">zaradi</wf>
         <wf lemma="jemanja" pos="X">jemanja</wf>
         <wf lemma="kokaina" pos="X">kokaina</wf>
         <wf lemma="prihodnji" pos="X">prihodnji</wf>
         <wf lemma="dve" pos="X">dve</wf>
         <wf lemma="leti" pos="X">leti</wf>
         <wf lemma="ne" pos="X">ne</wf>
         <wf lemma="bo" pos="X">bo</wf>
         <wf lemma="smel" pos="X">smel</wf>
         <wf lemma="igrati" pos="X">igrati</wf>
         <wf lemma="nogometa" pos="X">nogometa</wf>
         <wf lemma="." pos="X">.</wf>
      </sentence>
      <sentence id="d000.s518" source="wordnet-slovenian">
         <wf lemma="-" pos="X">-</wf>
         <wf lemma="Dolga" pos="X">Dolga</wf>
         <wf lemma="leta" pos="X">leta</wf>
         <wf lemma="težko" pos="X">težko</wf>
         <wf lemma="pričakovano" pos="X">pričakovano</wf>
         <wf lemma="," pos="X">,</wf>
         <wf lemma="lani" pos="X">lani</wf>
         <wf lemma="zelo" pos="X">zelo</wf>
         <wf lemma="uspešno" pos="X">uspešno</wf>
         <wf lemma="uresničeno" pos="X">uresničeno</wf>
         <wf lemma="umetno" pos="X">umetno</wf>
         <wf lemma="zasneževanje" pos="X">zasneževanje</wf>
         <wf lemma="Krvavca" pos="X">Krvavca</wf>
         <wf lemma="očitno" pos="X">očitno</wf>
         <wf lemma="letos" pos="X">letos</wf>
         <wf lemma="dobiva" pos="X">dobiva</wf>
         <wf lemma="še" pos="X">še</wf>
         <wf lemma="eno" pos="X">eno</wf>
         <wf lemma="pomembno" pos="X">pomembno</wf>
         <wf lemma="nadaljevanje" pos="X">nadaljevanje</wf>
         <wf lemma=":" pos="X">:</wf>
         <wf lemma="&quot;" pos="X">&quot;</wf>
         <wf lemma="Res" pos="X">Res</wf>
         <wf lemma="je" pos="X">je</wf>
         <wf lemma="," pos="X">,</wf>
         <wf lemma="pripravljamo" pos="X">pripravljamo</wf>
         <wf lemma="vse" pos="X">vse</wf>
         <wf lemma="potrebno" pos="X">potrebno</wf>
         <wf lemma="za" pos="X">za</wf>
         <wf lemma="novo" pos="X">novo</wf>
         <wf lemma="naložbo" pos="X">naložbo</wf>
         <wf lemma="," pos="X">,</wf>
         <wf lemma="ki" pos="X">ki</wf>
         <wf lemma="bo" pos="X">bo</wf>
         <wf lemma="v" pos="X">v</wf>
         <wf lemma="začetnem" pos="X">začetnem</wf>
         <wf lemma="delu" pos="X">delu</wf>
         <wf lemma="vredna" pos="X">vredna</wf>
         <wf lemma="okoli" pos="X">okoli</wf>
         <wf lemma="45" pos="X">45</wf>
         <wf lemma="milijonov" pos="X">milijonov</wf>
         <wf lemma="tolarjev" pos="X">tolarjev</wf>
         <wf lemma="in" pos="X">in</wf>
         <wf lemma="seveda" pos="X">seveda</wf>
         <wf lemma="nadaljuje" pos="X">nadaljuje</wf>
         <wf lemma="naša" pos="X">naša</wf>
         <wf lemma="prizadevanja" pos="X">prizadevanja</wf>
         <wf lemma="," pos="X">,</wf>
         <wf lemma="da" pos="X">da</wf>
         <wf lemma="bi" pos="X">bi</wf>
         <wf lemma="Krvavec" pos="X">Krvavec</wf>
         <wf lemma="imel" pos="X">imel</wf>
         <wf lemma="kar" pos="X">kar</wf>
         <wf lemma="najdaljšo" pos="X">najdaljšo</wf>
         <wf lemma="smučarsko" pos="X">smučarsko</wf>
         <instance id="d000.s518.t000" lemma="sezona" pos="NOUN">sezono</instance>
         <wf lemma="," pos="X">,</wf>
         <wf lemma="&quot;" pos="X">&quot;</wf>
         <wf lemma="je" pos="X">je</wf>
         <wf lemma="povedal" pos="X">povedal</wf>
         <wf lemma="direktor" pos="X">direktor</wf>
         <wf lemma="RTC" pos="X">RTC</wf>
         <wf lemma="Krvavec" pos="X">Krvavec</wf>
         <wf lemma="Tomaž" pos="X">Tomaž</wf>
         <wf lemma="Šumi" pos="X">Šumi</wf>
         <wf lemma="." pos="X">.</wf>
      </sentence>
      <sentence id="d000.s519" source="wordnet-slovenian">
         <wf lemma="Bela" pos="X">Bela</wf>
         <wf lemma="hiša" pos="X">hiša</wf>
         <wf lemma="je" pos="X">je</wf>
         <wf lemma="nekaj" pos="X">nekaj</wf>
         <instance id="d000.s519.t000" lemma="dan" pos="NOUN">dni</instance>
         <wf lemma="po" pos="X">po</wf>
         <wf lemma="napadu" pos="X">napadu</wf>
         <wf lemma="dejala" pos="X">dejala</wf>
         <wf lemma="," pos="X">,</wf>
         <wf lemma="da" pos="X">da</wf>
         <wf lemma="sta" pos="X">sta</wf>
         <wf lemma="po" pos="X">po</wf>
         <wf lemma="njenem" pos="X">njenem</wf>
         <wf lemma="za" pos="X">za</wf>
         <wf lemma="napade" pos="X">napade</wf>
         <wf lemma="odgovorna" pos="X">odgovorna</wf>
         <wf lemma="bin" pos="X">bin</wf>
         <wf lemma="Laden" pos="X">Laden</wf>
         <wf lemma="in" pos="X">in</wf>
         <wf lemma="njegova" pos="X">njegova</wf>
         <wf lemma="mreža" pos="X">mreža</wf>
         <wf lemma="Al" pos="X">Al</wf>
         <wf lemma="Kaida" pos="X">Kaida</wf>
         <wf lemma="." pos="X">.</wf>
      </sentence>
      <sentence id="d000.s520" source="wordnet-slovenian">
         <wf lemma="Na" pos="X">Na</wf>
         <instance id="d000.s520.t000" lemma="pomoč" pos="NOUN">pomoč</instance>
         <wf lemma="mora" pos="X">mora</wf>
         <wf lemma="priskočiti" pos="X">priskočiti</wf>
         <wf lemma="najin" pos="X">najin</wf>
         <wf lemma="doma" pos="X">doma</wf>
         <wf lemma="tolikokrat" pos="X">tolikokrat</wf>
         <wf lemma="prebrani" pos="X">prebrani</wf>
         <wf lemma="opis" pos="X">opis</wf>
         <wf lemma="," pos="X">,</wf>
         <wf lemma="ki" pos="X">ki</wf>
         <wf lemma="ga" pos="X">ga</wf>
         <wf lemma="morava" pos="X">morava</wf>
         <wf lemma="z" pos="X">z</wf>
         <wf lemma="mnogo" pos="X">mnogo</wf>
         <wf lemma="mimike" pos="X">mimike</wf>
         <wf lemma="prevajati" pos="X">prevajati</wf>
         <wf lemma="v" pos="X">v</wf>
         <wf lemma="francoščino" pos="X">francoščino</wf>
         <wf lemma="in" pos="X">in</wf>
         <wf lemma="nemščino" pos="X">nemščino</wf>
         <wf lemma="." pos="X">.</wf>
      </sentence>
      <sentence id="d000.s521" source="wordnet-slovenian">
         <wf lemma="»" pos="X">»</wf>
         <wf lemma="Nell" pos="X">Nell</wf>
         <wf lemma="," pos="X">,</wf>
         <wf lemma="ko" pos="X">ko</wf>
         <wf lemma="je" pos="X">je</wf>
         <wf lemma="Jimmy" pos="X">Jimmy</wf>
         <wf lemma="zaprosil" pos="X">zaprosil</wf>
         <wf lemma="za" pos="X">za</wf>
         <wf lemma="službo" pos="X">službo</wf>
         <wf lemma="v" pos="X">v</wf>
         <instance id="d000.s521.t000" lemma="podjetje" pos="NOUN">podjetju</instance>
         <wf lemma="vašega" pos="X">vašega</wf>
         <wf lemma="moža" pos="X">moža</wf>
         <wf lemma="," pos="X">,</wf>
         <wf lemma="se" pos="X">se</wf>
         <wf lemma="nista" pos="X">nista</wf>
         <wf lemma="srečala" pos="X">srečala</wf>
         <wf lemma="-" pos="X">-</wf>
         <wf lemma="-" pos="X">-</wf>
         <wf lemma="o" pos="X">o</wf>
         <wf lemma="tem" pos="X">tem</wf>
         <wf lemma="sem" pos="X">sem</wf>
         <wf lemma="prepričana" pos="X">prepričana</wf>
         <wf lemma="." pos="X">.</wf>
      </sentence>
      <sentence id="d000.s522" source="wordnet-slovenian">
         <wf lemma="Le" pos="X">Le</wf>
         <wf lemma="dolge" pos="X">dolge</wf>
         <instance id="d000.s522.t000" lemma="vrsta" pos="NOUN">vrste</instance>
         <wf lemma="za" pos="X">za</wf>
         <wf lemma="bencin" pos="X">bencin</wf>
         <wf lemma="in" pos="X">in</wf>
         <wf lemma="popolno" pos="X">popolno</wf>
         <wf lemma="pomanjkanje" pos="X">pomanjkanje</wf>
         <wf lemma="nafte" pos="X">nafte</wf>
         <wf lemma="kažejo" pos="X">kažejo</wf>
         <wf lemma="na" pos="X">na</wf>
         <wf lemma="zoprne" pos="X">zoprne</wf>
         <wf lemma="čase" pos="X">čase</wf>
         <wf lemma="." pos="X">.</wf>
      </sentence>
      <sentence id="d000.s523" source="wordnet-slovenian">
         <wf lemma="Dokupljena" pos="X">Dokupljena</wf>
         <wf lemma="doba" pos="X">doba</wf>
         <wf lemma="je" pos="X">je</wf>
         <wf lemma="obdobje" pos="X">obdobje</wf>
         <wf lemma="," pos="X">,</wf>
         <wf lemma="določeno" pos="X">določeno</wf>
         <wf lemma="z" pos="X">z</wf>
         <wf lemma="zakonom" pos="X">zakonom</wf>
         <wf lemma="," pos="X">,</wf>
         <wf lemma="v" pos="X">v</wf>
         <wf lemma="katerem" pos="X">katerem</wf>
         <wf lemma="zavarovanec" pos="X">zavarovanec</wf>
         <wf lemma="ni" pos="X">ni</wf>
         <wf lemma="vključen" pos="X">vključen</wf>
         <wf lemma="v" pos="X">v</wf>
         <wf lemma="obvezno" pos="X">obvezno</wf>
         <wf lemma="ali" pos="X">ali</wf>
         <wf lemma="prostovoljno" pos="X">prostovoljno</wf>
         <wf lemma="pokojninsko" pos="X">pokojninsko</wf>
         <wf lemma="in" pos="X">in</wf>
         <wf lemma="invalidsko" pos="X">invalidsko</wf>
         <wf lemma="zavarovanje" pos="X">zavarovanje</wf>
         <wf lemma="," pos="X">,</wf>
         <wf lemma="šteje" pos="X">šteje</wf>
         <wf lemma="pa" pos="X">pa</wf>
         <wf lemma="se" pos="X">se</wf>
         <wf lemma="v" pos="X">v</wf>
         <wf lemma="zavarovalno" pos="X">zavarovalno</wf>
         <wf lemma="dobo" pos="X">dobo</wf>
         <wf lemma="pod" pos="X">pod</wf>
         <instance id="d000.s523.t000" lemma="pogoj" pos="NOUN">pogojem</instance>
         <wf lemma="plačila" pos="X">plačila</wf>
         <wf lemma="prispevkov" pos="X">prispevkov</wf>
         <wf lemma="." pos="X">.</wf>
      </sentence>
      <sentence id="d000.s524" source="wordnet-slovenian">
         <wf lemma="Priprava" pos="X">Priprava</wf>
         <wf lemma="opisnega" pos="X">opisnega</wf>
         <wf lemma="poročila" pos="X">poročila</wf>
         <wf lemma="je" pos="X">je</wf>
         <wf lemma="vzgojitelju" pos="X">vzgojitelju</wf>
         <wf lemma="v" pos="X">v</wf>
         <instance id="d000.s524.t000" lemma="pomoč" pos="NOUN">pomoč</instance>
         <wf lemma="pri" pos="X">pri</wf>
         <wf lemma="presoji" pos="X">presoji</wf>
         <wf lemma="," pos="X">,</wf>
         <wf lemma="ali" pos="X">ali</wf>
         <wf lemma="je" pos="X">je</wf>
         <wf lemma="proces" pos="X">proces</wf>
         <wf lemma="učenja" pos="X">učenja</wf>
         <wf lemma="načrtoval" pos="X">načrtoval</wf>
         <wf lemma="," pos="X">,</wf>
         <wf lemma="spremljal" pos="X">spremljal</wf>
         <wf lemma="in" pos="X">in</wf>
         <wf lemma="izvajal" pos="X">izvajal</wf>
         <wf lemma="tako" pos="X">tako</wf>
         <wf lemma="," pos="X">,</wf>
         <wf lemma="da" pos="X">da</wf>
         <wf lemma="ima" pos="X">ima</wf>
         <wf lemma="dovolj" pos="X">dovolj</wf>
         <wf lemma="dokazil" pos="X">dokazil</wf>
         <wf lemma="o" pos="X">o</wf>
         <wf lemma="napredku" pos="X">napredku</wf>
         <wf lemma="posameznega" pos="X">posameznega</wf>
         <wf lemma="otroka" pos="X">otroka</wf>
         <wf lemma="na" pos="X">na</wf>
         <wf lemma="pomembnih" pos="X">pomembnih</wf>
         <wf lemma="področjih" pos="X">področjih</wf>
         <wf lemma="razvoja" pos="X">razvoja</wf>
         <wf lemma="," pos="X">,</wf>
         <wf lemma="ki" pos="X">ki</wf>
         <wf lemma="so" pos="X">so</wf>
         <wf lemma="v" pos="X">v</wf>
         <wf lemma="skladu" pos="X">skladu</wf>
         <wf lemma="z" pos="X">z</wf>
         <wf lemma="referenčnim" pos="X">referenčnim</wf>
         <wf lemma="okvirom" pos="X">okvirom</wf>
         <wf lemma="." pos="X">.</wf>
      </sentence>
      <sentence id="d000.s525" source="wordnet-slovenian">
         <wf lemma="Tudi" pos="X">Tudi</wf>
         <wf lemma="če" pos="X">če</wf>
         <wf lemma="bo" pos="X">bo</wf>
         <instance id="d000.s525.t000" lemma="zakon" pos="NOUN">zakon</instance>
         <wf lemma="o" pos="X">o</wf>
         <wf lemma="zaščiti" pos="X">zaščiti</wf>
         <wf lemma="jezika" pos="X">jezika</wf>
         <wf lemma="na" pos="X">na</wf>
         <wf lemma="začetku" pos="X">začetku</wf>
         <wf lemma="novega" pos="X">novega</wf>
         <wf lemma="tisočletja" pos="X">tisočletja</wf>
         <wf lemma="sprejet" pos="X">sprejet</wf>
         <wf lemma="," pos="X">,</wf>
         <wf lemma="se" pos="X">se</wf>
         <wf lemma="bojim" pos="X">bojim</wf>
         <wf lemma="," pos="X">,</wf>
         <wf lemma="da" pos="X">da</wf>
         <wf lemma="ga" pos="X">ga</wf>
         <wf lemma="pa" pos="X">pa</wf>
         <wf lemma="ne" pos="X">ne</wf>
         <wf lemma="bomo" pos="X">bomo</wf>
         <wf lemma="izvajali" pos="X">izvajali</wf>
         <wf lemma="." pos="X">.</wf>
      </sentence>
      <sentence id="d000.s526" source="wordnet-slovenian">
         <wf lemma="Kakih" pos="X">Kakih</wf>
         <wf lemma="deset" pos="X">deset</wf>
         <wf lemma="mož" pos="X">mož</wf>
         <wf lemma="se" pos="X">se</wf>
         <wf lemma="je" pos="X">je</wf>
         <wf lemma="z" pos="X">z</wf>
         <wf lemma="vsemi" pos="X">vsemi</wf>
         <instance id="d000.s526.t000" lemma="moč" pos="NOUN">močmi</instance>
         <wf lemma="trudilo" pos="X">trudilo</wf>
         <wf lemma="napeti" pos="X">napeti</wf>
         <wf lemma="ogromne" pos="X">ogromne</wf>
         <wf lemma="samostrele" pos="X">samostrele</wf>
         <wf lemma="." pos="X">.</wf>
      </sentence>
      <sentence id="d000.s527" source="wordnet-slovenian">
         <wf lemma="Navrgel" pos="X">Navrgel</wf>
         <wf lemma="sem" pos="X">sem</wf>
         <wf lemma="ti" pos="X">ti</wf>
         <wf lemma="zato" pos="X">zato</wf>
         <wf lemma="," pos="X">,</wf>
         <wf lemma="da" pos="X">da</wf>
         <wf lemma="ne" pos="X">ne</wf>
         <wf lemma="boš" pos="X">boš</wf>
         <wf lemma="mislil" pos="X">mislil</wf>
         <wf lemma="," pos="X">,</wf>
         <wf lemma="da" pos="X">da</wf>
         <wf lemma="gre" pos="X">gre</wf>
         <wf lemma="za" pos="X">za</wf>
         <wf lemma="kakšen" pos="X">kakšen</wf>
         <wf lemma="neliterarni" pos="X">neliterarni</wf>
         <instance id="d000.s527.t000" lemma="izraz" pos="NOUN">izraz</instance>
         <wf lemma="," pos="X">,</wf>
         <wf lemma="ker" pos="X">ker</wf>
         <wf lemma="besedo" pos="X">besedo</wf>
         <wf lemma="v" pos="X">v</wf>
         <wf lemma="naših" pos="X">naših</wf>
         <wf lemma="krajih" pos="X">krajih</wf>
         <wf lemma="veliko" pos="X">veliko</wf>
         <wf lemma="uporabljajo" pos="X">uporabljajo</wf>
         <wf lemma="." pos="X">.</wf>
      </sentence>
      <sentence id="d000.s528" source="wordnet-slovenian">
         <wf lemma="Takrat" pos="X">Takrat</wf>
         <wf lemma="bo" pos="X">bo</wf>
         <wf lemma="," pos="X">,</wf>
         <wf lemma="kot" pos="X">kot</wf>
         <wf lemma="smo" pos="X">smo</wf>
         <wf lemma="slišali" pos="X">slišali</wf>
         <wf lemma="," pos="X">,</wf>
         <wf lemma="o" pos="X">o</wf>
         <wf lemma="njej" pos="X">njej</wf>
         <wf lemma="in" pos="X">in</wf>
         <wf lemma="o" pos="X">o</wf>
         <wf lemma="scenarijih" pos="X">scenarijih</wf>
         <wf lemma="uvedbe" pos="X">uvedbe</wf>
         <wf lemma="reforme" pos="X">reforme</wf>
         <wf lemma="pri" pos="X">pri</wf>
         <wf lemma="nas" pos="X">nas</wf>
         <wf lemma="(" pos="X">(</wf>
         <instance id="d000.s528.t000" lemma="leto" pos="NOUN">leta</instance>
         <wf lemma="2005" pos="X">2005</wf>
         <wf lemma="," pos="X">,</wf>
         <wf lemma="2006" pos="X">2006</wf>
         <wf lemma="ali" pos="X">ali</wf>
         <wf lemma="2007" pos="X">2007</wf>
         <wf lemma=")" pos="X">)</wf>
         <wf lemma="razpravljal" pos="X">razpravljal</wf>
         <wf lemma="tudi" pos="X">tudi</wf>
         <wf lemma="parlamentarni" pos="X">parlamentarni</wf>
         <wf lemma="odbor" pos="X">odbor</wf>
         <wf lemma="za" pos="X">za</wf>
         <wf lemma="kmetijstvo" pos="X">kmetijstvo</wf>
         <wf lemma="," pos="X">,</wf>
         <wf lemma="gozdarstvo" pos="X">gozdarstvo</wf>
         <wf lemma="in" pos="X">in</wf>
         <wf lemma="prehrano" pos="X">prehrano</wf>
         <wf lemma="." pos="X">.</wf>
      </sentence>
      <sentence id="d000.s529" source="wordnet-slovenian">
         <wf lemma="Na" pos="X">Na</wf>
         <wf lemma="voljo" pos="X">voljo</wf>
         <wf lemma="naj" pos="X">naj</wf>
         <wf lemma="bi" pos="X">bi</wf>
         <wf lemma="imeli" pos="X">imeli</wf>
         <wf lemma="blizu" pos="X">blizu</wf>
         <wf lemma="milijardo" pos="X">milijardo</wf>
         <wf lemma="tolarjev" pos="X">tolarjev</wf>
         <wf lemma="(" pos="X">(</wf>
         <wf lemma="10" pos="X">10</wf>
         <wf lemma="milijonov" pos="X">milijonov</wf>
         <wf lemma="DEM" pos="X">DEM</wf>
         <wf lemma=")" pos="X">)</wf>
         <wf lemma="več" pos="X">več</wf>
         <wf lemma="kot" pos="X">kot</wf>
         <wf lemma="pred" pos="X">pred</wf>
         <wf lemma="petimi" pos="X">petimi</wf>
         <instance id="d000.s529.t000" lemma="leto" pos="NOUN">leti</instance>
         <wf lemma="." pos="X">.</wf>
      </sentence>
      <sentence id="d000.s530" source="wordnet-slovenian">
         <wf lemma="Alkohol" pos="X">Alkohol</wf>
         <wf lemma="v" pos="X">v</wf>
         <wf lemma="vsakem" pos="X">vsakem</wf>
         <instance id="d000.s530.t000" lemma="primer" pos="NOUN">primeru</instance>
         <wf lemma="ojači" pos="X">ojači</wf>
         <wf lemma="delovanje" pos="X">delovanje</wf>
         <wf lemma="pomirjevalnih" pos="X">pomirjevalnih</wf>
         <wf lemma="sredstev" pos="X">sredstev</wf>
         <wf lemma="," pos="X">,</wf>
         <wf lemma="kar" pos="X">kar</wf>
         <wf lemma="je" pos="X">je</wf>
         <wf lemma="lahko" pos="X">lahko</wf>
         <wf lemma="zelo" pos="X">zelo</wf>
         <wf lemma="nevarno" pos="X">nevarno</wf>
         <wf lemma="," pos="X">,</wf>
         <wf lemma="še" pos="X">še</wf>
         <wf lemma="posebej" pos="X">posebej</wf>
         <wf lemma="v" pos="X">v</wf>
         <wf lemma="prometu" pos="X">prometu</wf>
         <wf lemma="." pos="X">.</wf>
      </sentence>
      <sentence id="d000.s531" source="wordnet-slovenian">
         <wf lemma="Šele" pos="X">Šele</wf>
         <wf lemma="vsi" pos="X">vsi</wf>
         <wf lemma="ti" pos="X">ti</wf>
         <wf lemma="zakoni" pos="X">zakoni</wf>
         <wf lemma="skupaj" pos="X">skupaj</wf>
         <wf lemma="bodo" pos="X">bodo</wf>
         <wf lemma="predstavljali" pos="X">predstavljali</wf>
         <wf lemma="potrebno" pos="X">potrebno</wf>
         <wf lemma="normativno" pos="X">normativno</wf>
         <wf lemma="podlago" pos="X">podlago</wf>
         <wf lemma="za" pos="X">za</wf>
         <wf lemma="trajno" pos="X">trajno</wf>
         <wf lemma="tržno" pos="X">tržno</wf>
         <wf lemma="zasnovan" pos="X">zasnovan</wf>
         <wf lemma="gospodarski" pos="X">gospodarski</wf>
         <instance id="d000.s531.t000" lemma="sistem" pos="NOUN">sistem</instance>
         <wf lemma="." pos="X">.</wf>
      </sentence>
      <sentence id="d000.s532" source="wordnet-slovenian">
         <wf lemma="Po" pos="X">Po</wf>
         <wf lemma="nekajmesečnem" pos="X">nekajmesečnem</wf>
         <wf lemma="zavlačevanju" pos="X">zavlačevanju</wf>
         <wf lemma="in" pos="X">in</wf>
         <wf lemma="usklajevanju" pos="X">usklajevanju</wf>
         <wf lemma="so" pos="X">so</wf>
         <wf lemma="pogovori" pos="X">pogovori</wf>
         <wf lemma="z" pos="X">z</wf>
         <wf lemma="ameriškim" pos="X">ameriškim</wf>
         <wf lemma="poslovnežem" pos="X">poslovnežem</wf>
         <wf lemma="srbskega" pos="X">srbskega</wf>
         <wf lemma="rodu" pos="X">rodu</wf>
         <wf lemma="Milanom" pos="X">Milanom</wf>
         <wf lemma="Mandarićem" pos="X">Mandarićem</wf>
         <wf lemma="očitno" pos="X">očitno</wf>
         <wf lemma="prišli" pos="X">prišli</wf>
         <wf lemma="do" pos="X">do</wf>
         <wf lemma="te" pos="X">te</wf>
         <instance id="d000.s532.t000" lemma="točka" pos="NOUN">točke</instance>
         <wf lemma="," pos="X">,</wf>
         <wf lemma="da" pos="X">da</wf>
         <wf lemma="je" pos="X">je</wf>
         <wf lemma="lahko" pos="X">lahko</wf>
         <wf lemma="tudi" pos="X">tudi</wf>
         <wf lemma="širša" pos="X">širša</wf>
         <wf lemma="javnost" pos="X">javnost</wf>
         <wf lemma="izvedela" pos="X">izvedela</wf>
         <wf lemma="kaj" pos="X">kaj</wf>
         <wf lemma="več" pos="X">več</wf>
         <wf lemma="o" pos="X">o</wf>
         <wf lemma="njih" pos="X">njih</wf>
         <wf lemma="," pos="X">,</wf>
         <wf lemma="vendar" pos="X">vendar</wf>
         <wf lemma="pa" pos="X">pa</wf>
         <wf lemma="končne" pos="X">končne</wf>
         <wf lemma="odločitve" pos="X">odločitve</wf>
         <wf lemma="še" pos="X">še</wf>
         <wf lemma="vedno" pos="X">vedno</wf>
         <wf lemma="ni" pos="X">ni</wf>
         <wf lemma="." pos="X">.</wf>
      </sentence>
      <sentence id="d000.s533" source="wordnet-slovenian">
         <instance id="d000.s533.t000" lemma="svet" pos="NOUN">Svet</instance>
         <wf lemma="je" pos="X">je</wf>
         <wf lemma="za" pos="X">za</wf>
         <wf lemma="obveščevalno" pos="X">obveščevalno</wf>
         <wf lemma="delo" pos="X">delo</wf>
         <wf lemma="Sorgea" pos="X">Sorgea</wf>
         <wf lemma="in" pos="X">in</wf>
         <wf lemma="njegove" pos="X">njegove</wf>
         <wf lemma="skupine" pos="X">skupine</wf>
         <wf lemma="izvedel" pos="X">izvedel</wf>
         <wf lemma="šele" pos="X">šele</wf>
         <wf lemma="iz" pos="X">iz</wf>
         <wf lemma="poročila" pos="X">poročila</wf>
         <wf lemma="," pos="X">,</wf>
         <wf lemma="ki" pos="X">ki</wf>
         <wf lemma="ga" pos="X">ga</wf>
         <wf lemma="je" pos="X">je</wf>
         <wf lemma="po" pos="X">po</wf>
         <wf lemma="2." pos="X">2.</wf>
         <wf lemma="svetovni" pos="X">svetovni</wf>
         <wf lemma="vojni" pos="X">vojni</wf>
         <wf lemma="za" pos="X">za</wf>
         <wf lemma="senatni" pos="X">senatni</wf>
         <wf lemma="odbor" pos="X">odbor</wf>
         <wf lemma="v" pos="X">v</wf>
         <wf lemma="Washingtonu" pos="X">Washingtonu</wf>
         <wf lemma="izdelal" pos="X">izdelal</wf>
         <wf lemma="šef" pos="X">šef</wf>
         <wf lemma="obveščevalne" pos="X">obveščevalne</wf>
         <wf lemma="službe" pos="X">službe</wf>
         <wf lemma="ameriškega" pos="X">ameriškega</wf>
         <wf lemma="generala" pos="X">generala</wf>
         <wf lemma="McArthurja" pos="X">McArthurja</wf>
         <wf lemma="na" pos="X">na</wf>
         <wf lemma="Japonskem" pos="X">Japonskem</wf>
         <wf lemma="." pos="X">.</wf>
      </sentence>
      <sentence id="d000.s534" source="wordnet-slovenian">
         <wf lemma="Nekatere" pos="X">Nekatere</wf>
         <wf lemma="vrste" pos="X">vrste</wf>
         <wf lemma="imajo" pos="X">imajo</wf>
         <wf lemma="pozimi" pos="X">pozimi</wf>
         <instance id="d000.s534.t000" lemma="obdobje" pos="NOUN">obdobja</instance>
         <wf lemma="počitka" pos="X">počitka</wf>
         <wf lemma="," pos="X">,</wf>
         <wf lemma="ko" pos="X">ko</wf>
         <wf lemma="se" pos="X">se</wf>
         <wf lemma="ne" pos="X">ne</wf>
         <wf lemma="prehranjujejo" pos="X">prehranjujejo</wf>
         <wf lemma="." pos="X">.</wf>
      </sentence>
      <sentence id="d000.s535" source="wordnet-slovenian">
         <wf lemma="In" pos="X">In</wf>
         <wf lemma="zato" pos="X">zato</wf>
         <wf lemma="si" pos="X">si</wf>
         <wf lemma="tokrat" pos="X">tokrat</wf>
         <wf lemma="lahko" pos="X">lahko</wf>
         <wf lemma="ogledate" pos="X">ogledate</wf>
         <wf lemma="pametni" pos="X">pametni</wf>
         <wf lemma="telefon" pos="X">telefon</wf>
         <wf lemma="," pos="X">,</wf>
         <wf lemma="ki" pos="X">ki</wf>
         <wf lemma="ima" pos="X">ima</wf>
         <wf lemma="vse" pos="X">vse</wf>
         <wf lemma="slabosti" pos="X">slabosti</wf>
         <wf lemma="drugih" pos="X">drugih</wf>
         <wf lemma="tovrstnih" pos="X">tovrstnih</wf>
         <wf lemma="naprav" pos="X">naprav</wf>
         <wf lemma="(" pos="X">(</wf>
         <wf lemma="velikost" pos="X">velikost</wf>
         <wf lemma="," pos="X">,</wf>
         <wf lemma="nerodna" pos="X">nerodna</wf>
         <instance id="d000.s535.t000" lemma="uporaba" pos="NOUN">uporaba</instance>
         <wf lemma="za" pos="X">za</wf>
         <wf lemma="telefoniranje" pos="X">telefoniranje</wf>
         <wf lemma="in" pos="X">in</wf>
         <wf lemma="podobno" pos="X">podobno</wf>
         <wf lemma=")" pos="X">)</wf>
         <wf lemma="," pos="X">,</wf>
         <wf lemma="hkrati" pos="X">hkrati</wf>
         <wf lemma="pa" pos="X">pa</wf>
         <wf lemma="eno" pos="X">eno</wf>
         <wf lemma="zelo" pos="X">zelo</wf>
         <wf lemma="dobro" pos="X">dobro</wf>
         <wf lemma="lastnost" pos="X">lastnost</wf>
         <wf lemma=":" pos="X">:</wf>
         <wf lemma="govori" pos="X">govori</wf>
         <wf lemma="palmOS" pos="X">palmOS</wf>
         <wf lemma="." pos="X">.</wf>
      </sentence>
      <sentence id="d000.s536" source="wordnet-slovenian">
         <wf lemma="Avstrijski" pos="X">Avstrijski</wf>
         <wf lemma="Wien" pos="X">Wien</wf>
         <wf lemma="," pos="X">,</wf>
         <wf lemma="ki" pos="X">ki</wf>
         <wf lemma="je" pos="X">je</wf>
         <wf lemma="bil" pos="X">bil</wf>
         <wf lemma="precej" pos="X">precej</wf>
         <instance id="d000.s536.t000" lemma="leto" pos="NOUN">let</instance>
         <wf lemma="prestolnica" pos="X">prestolnica</wf>
         <wf lemma="Slovencev" pos="X">Slovencev</wf>
         <wf lemma="v" pos="X">v</wf>
         <wf lemma="črno" pos="X">črno</wf>
         <wf lemma="-" pos="X">-</wf>
         <wf lemma="žolti" pos="X">žolti</wf>
         <wf lemma="monarhiji" pos="X">monarhiji</wf>
         <wf lemma="," pos="X">,</wf>
         <wf lemma="je" pos="X">je</wf>
         <wf lemma="bil" pos="X">bil</wf>
         <wf lemma="za" pos="X">za</wf>
         <wf lemma="nas" pos="X">nas</wf>
         <wf lemma="Dunaj" pos="X">Dunaj</wf>
         <wf lemma="," pos="X">,</wf>
         <wf lemma="pa" pos="X">pa</wf>
         <wf lemma="še" pos="X">še</wf>
         <wf lemma="dodali" pos="X">dodali</wf>
         <wf lemma="smo" pos="X">smo</wf>
         <wf lemma="iz" pos="X">iz</wf>
         <wf lemma="slabih" pos="X">slabih</wf>
         <wf lemma="izkušenj" pos="X">izkušenj</wf>
         <wf lemma="iz" pos="X">iz</wf>
         <wf lemma="preteklosti" pos="X">preteklosti</wf>
         <wf lemma="," pos="X">,</wf>
         <wf lemma="da" pos="X">da</wf>
         <wf lemma="kdor" pos="X">kdor</wf>
         <wf lemma="gre" pos="X">gre</wf>
         <wf lemma="na" pos="X">na</wf>
         <wf lemma="Dunaj" pos="X">Dunaj</wf>
         <wf lemma="," pos="X">,</wf>
         <wf lemma="naj" pos="X">naj</wf>
         <wf lemma="pusti" pos="X">pusti</wf>
         <wf lemma="trebuh" pos="X">trebuh</wf>
         <wf lemma="zunaj" pos="X">zunaj</wf>
         <wf lemma="." pos="X">.</wf>
      </sentence>
      <sentence id="d000.s537" source="wordnet-slovenian">
         <wf lemma="Lastniška" pos="X">Lastniška</wf>
         <wf lemma="struktura" pos="X">struktura</wf>
         <wf lemma="Belinke" pos="X">Belinke</wf>
         <wf lemma="se" pos="X">se</wf>
         <wf lemma="v" pos="X">v</wf>
         <wf lemma="zadnjih" pos="X">zadnjih</wf>
         <wf lemma="dveh" pos="X">dveh</wf>
         <instance id="d000.s537.t000" lemma="mesec" pos="NOUN">mesecih</instance>
         <wf lemma="," pos="X">,</wf>
         <wf lemma="razen" pos="X">razen</wf>
         <wf lemma="rahlega" pos="X">rahlega</wf>
         <wf lemma="povečevanja" pos="X">povečevanja</wf>
         <wf lemma="števila" pos="X">števila</wf>
         <wf lemma="delnic" pos="X">delnic</wf>
         <wf lemma="," pos="X">,</wf>
         <wf lemma="do" pos="X">do</wf>
         <wf lemma="katerih" pos="X">katerih</wf>
         <wf lemma="je" pos="X">je</wf>
         <wf lemma="z" pos="X">z</wf>
         <wf lemma="novimi" pos="X">novimi</wf>
         <wf lemma="nakupi" pos="X">nakupi</wf>
         <wf lemma="prišla" pos="X">prišla</wf>
         <wf lemma="Krekova" pos="X">Krekova</wf>
         <wf lemma="družba" pos="X">družba</wf>
         <wf lemma="," pos="X">,</wf>
         <wf lemma="ni" pos="X">ni</wf>
         <wf lemma="bistveno" pos="X">bistveno</wf>
         <wf lemma="spremenila" pos="X">spremenila</wf>
         <wf lemma="." pos="X">.</wf>
      </sentence>
      <sentence id="d000.s538" source="wordnet-slovenian">
         <wf lemma="Dr" pos="X">Dr</wf>
         <wf lemma="." pos="X">.</wf>
         <wf lemma="Matej" pos="X">Matej</wf>
         <wf lemma="Lahovnik" pos="X">Lahovnik</wf>
         <wf lemma="," pos="X">,</wf>
         <wf lemma="31" pos="X">31</wf>
         <instance id="d000.s538.t000" lemma="leto" pos="NOUN">let</instance>
         <wf lemma="," pos="X">,</wf>
         <wf lemma="docent" pos="X">docent</wf>
         <wf lemma="na" pos="X">na</wf>
         <wf lemma="ljubljanski" pos="X">ljubljanski</wf>
         <wf lemma="ekonomski" pos="X">ekonomski</wf>
         <wf lemma="fakulteti" pos="X">fakulteti</wf>
         <wf lemma="," pos="X">,</wf>
         <wf lemma="je" pos="X">je</wf>
         <wf lemma="študiral" pos="X">študiral</wf>
         <wf lemma="," pos="X">,</wf>
         <wf lemma="ko" pos="X">ko</wf>
         <wf lemma="se" pos="X">se</wf>
         <wf lemma="je" pos="X">je</wf>
         <wf lemma="socialistični" pos="X">socialistični</wf>
         <wf lemma="sistem" pos="X">sistem</wf>
         <wf lemma="sesipal" pos="X">sesipal</wf>
         <wf lemma=";" pos="X">;</wf>
         <wf lemma="teoretično" pos="X">teoretično</wf>
         <wf lemma="je" pos="X">je</wf>
         <wf lemma="," pos="X">,</wf>
         <wf lemma="pove" pos="X">pove</wf>
         <wf lemma="," pos="X">,</wf>
         <wf lemma="rasel" pos="X">rasel</wf>
         <wf lemma="z" pos="X">z</wf>
         <wf lemma="neoliberalističnimi" pos="X">neoliberalističnimi</wf>
         <wf lemma="pogledi" pos="X">pogledi</wf>
         <wf lemma="na" pos="X">na</wf>
         <wf lemma="gospodarstvo" pos="X">gospodarstvo</wf>
         <wf lemma="in" pos="X">in</wf>
         <wf lemma="družbo" pos="X">družbo</wf>
         <wf lemma="," pos="X">,</wf>
         <wf lemma="ki" pos="X">ki</wf>
         <wf lemma="so" pos="X">so</wf>
         <wf lemma="jih" pos="X">jih</wf>
         <wf lemma="kot" pos="X">kot</wf>
         <wf lemma="edino" pos="X">edino</wf>
         <wf lemma="zveličavne" pos="X">zveličavne</wf>
         <wf lemma="v" pos="X">v</wf>
         <wf lemma="tistem" pos="X">tistem</wf>
         <wf lemma="obdobju" pos="X">obdobju</wf>
         <wf lemma="posredovali" pos="X">posredovali</wf>
         <wf lemma="profesorji" pos="X">profesorji</wf>
         <wf lemma="." pos="X">.</wf>
      </sentence>
      <sentence id="d000.s539" source="wordnet-slovenian">
         <wf lemma="Prebivalci" pos="X">Prebivalci</wf>
         <wf lemma="menijo" pos="X">menijo</wf>
         <wf lemma="," pos="X">,</wf>
         <wf lemma="da" pos="X">da</wf>
         <wf lemma="garažna" pos="X">garažna</wf>
         <wf lemma="hiša" pos="X">hiša</wf>
         <wf lemma="," pos="X">,</wf>
         <wf lemma="bloki" pos="X">bloki</wf>
         <wf lemma="in" pos="X">in</wf>
         <wf lemma="široke" pos="X">široke</wf>
         <instance id="d000.s539.t000" lemma="cesta" pos="NOUN">ceste</instance>
         <wf lemma="ne" pos="X">ne</wf>
         <wf lemma="sodijo" pos="X">sodijo</wf>
         <wf lemma="v" pos="X">v</wf>
         <wf lemma="staro" pos="X">staro</wf>
         <wf lemma="mestno" pos="X">mestno</wf>
         <wf lemma="jedro" pos="X">jedro</wf>
         <wf lemma="." pos="X">.</wf>
      </sentence>
      <sentence id="d000.s540" source="wordnet-slovenian">
         <wf lemma="Na" pos="X">Na</wf>
         <wf lemma="esej" pos="X">esej</wf>
         <wf lemma="pri" pos="X">pri</wf>
         <wf lemma="poklicni" pos="X">poklicni</wf>
         <wf lemma="maturi" pos="X">maturi</wf>
         <wf lemma="se" pos="X">se</wf>
         <wf lemma="pripravljajo" pos="X">pripravljajo</wf>
         <wf lemma="vsa" pos="X">vsa</wf>
         <wf lemma="šolska" pos="X">šolska</wf>
         <wf lemma="leta" pos="X">leta</wf>
         <wf lemma="," pos="X">,</wf>
         <wf lemma="intenzivneje" pos="X">intenzivneje</wf>
         <wf lemma="proti" pos="X">proti</wf>
         <instance id="d000.s540.t000" lemma="konec" pos="NOUN">koncu</instance>
         <wf lemma="šolanja" pos="X">šolanja</wf>
         <wf lemma="." pos="X">.</wf>
      </sentence>
      <sentence id="d000.s541" source="wordnet-slovenian">
         <wf lemma="V" pos="X">V</wf>
         <wf lemma="drugem" pos="X">drugem</wf>
         <wf lemma="delu" pos="X">delu</wf>
         <wf lemma="," pos="X">,</wf>
         <wf lemma="ki" pos="X">ki</wf>
         <wf lemma="se" pos="X">se</wf>
         <wf lemma="bo" pos="X">bo</wf>
         <wf lemma="začel" pos="X">začel</wf>
         <wf lemma="ob" pos="X">ob</wf>
         <wf lemma="18." pos="X">18.</wf>
         <instance id="d000.s541.t000" lemma="ura" pos="NOUN">uri</instance>
         <wf lemma="," pos="X">,</wf>
         <wf lemma="bodo" pos="X">bodo</wf>
         <wf lemma="na" pos="X">na</wf>
         <wf lemma="portoroški" pos="X">portoroški</wf>
         <wf lemma="ploščadi" pos="X">ploščadi</wf>
         <wf lemma="izvedli" pos="X">izvedli</wf>
         <wf lemma="krajši" pos="X">krajši</wf>
         <wf lemma="program" pos="X">program</wf>
         <wf lemma="v" pos="X">v</wf>
         <wf lemma="spremstvu" pos="X">spremstvu</wf>
         <wf lemma="fanfar" pos="X">fanfar</wf>
         <wf lemma="," pos="X">,</wf>
         <wf lemma="po" pos="X">po</wf>
         <wf lemma="devetnajsti" pos="X">devetnajsti</wf>
         <wf lemma="uri" pos="X">uri</wf>
         <wf lemma="pa" pos="X">pa</wf>
         <wf lemma="bo" pos="X">bo</wf>
         <wf lemma="v" pos="X">v</wf>
         <wf lemma="restavraciji" pos="X">restavraciji</wf>
         <wf lemma="hotela" pos="X">hotela</wf>
         <wf lemma="Slovenija" pos="X">Slovenija</wf>
         <wf lemma="slavnostni" pos="X">slavnostni</wf>
         <wf lemma="program" pos="X">program</wf>
         <wf lemma="," pos="X">,</wf>
         <wf lemma="ki" pos="X">ki</wf>
         <wf lemma="ga" pos="X">ga</wf>
         <wf lemma="bodo" pos="X">bodo</wf>
         <wf lemma="v" pos="X">v</wf>
         <wf lemma="celoti" pos="X">celoti</wf>
         <wf lemma="pripravili" pos="X">pripravili</wf>
         <wf lemma="študentje" pos="X">študentje</wf>
         <wf lemma="." pos="X">.</wf>
      </sentence>
      <sentence id="d000.s542" source="wordnet-slovenian">
         <instance id="d000.s542.t000" lemma="pravica" pos="NOUN">Pravico</instance>
         <wf lemma="voliti" pos="X">voliti</wf>
         <wf lemma="in" pos="X">in</wf>
         <wf lemma="biti" pos="X">biti</wf>
         <wf lemma="voljen" pos="X">voljen</wf>
         <wf lemma="za" pos="X">za</wf>
         <wf lemma="člana" pos="X">člana</wf>
         <wf lemma="občinskega" pos="X">občinskega</wf>
         <wf lemma="sveta" pos="X">sveta</wf>
         <wf lemma="-" pos="X">-</wf>
         <wf lemma="predstavnika" pos="X">predstavnika</wf>
         <wf lemma="romske" pos="X">romske</wf>
         <wf lemma="skupnosti" pos="X">skupnosti</wf>
         <wf lemma="imajo" pos="X">imajo</wf>
         <wf lemma="pripadniki" pos="X">pripadniki</wf>
         <wf lemma="te" pos="X">te</wf>
         <wf lemma="skupnosti" pos="X">skupnosti</wf>
         <wf lemma="," pos="X">,</wf>
         <wf lemma="ki" pos="X">ki</wf>
         <wf lemma="imajo" pos="X">imajo</wf>
         <wf lemma="volilno" pos="X">volilno</wf>
         <wf lemma="pravico" pos="X">pravico</wf>
         <wf lemma="." pos="X">.</wf>
      </sentence>
      <sentence id="d000.s543" source="wordnet-slovenian">
         <wf lemma="Dolgo" pos="X">Dolgo</wf>
         <wf lemma="časa" pos="X">časa</wf>
         <wf lemma="sem" pos="X">sem</wf>
         <wf lemma="omahoval" pos="X">omahoval</wf>
         <wf lemma="," pos="X">,</wf>
         <wf lemma="ali" pos="X">ali</wf>
         <wf lemma="bi" pos="X">bi</wf>
         <wf lemma="napisal" pos="X">napisal</wf>
         <wf lemma="pismo" pos="X">pismo</wf>
         <wf lemma="," pos="X">,</wf>
         <wf lemma="v" pos="X">v</wf>
         <wf lemma="katerem" pos="X">katerem</wf>
         <wf lemma="bi" pos="X">bi</wf>
         <wf lemma="strnil" pos="X">strnil</wf>
         <wf lemma="svoje" pos="X">svoje</wf>
         <wf lemma="bojazni" pos="X">bojazni</wf>
         <wf lemma="," pos="X">,</wf>
         <wf lemma="pa" pos="X">pa</wf>
         <wf lemma="vendar" pos="X">vendar</wf>
         <wf lemma="sem" pos="X">sem</wf>
         <wf lemma="se" pos="X">se</wf>
         <wf lemma="tolažil" pos="X">tolažil</wf>
         <wf lemma="," pos="X">,</wf>
         <wf lemma="da" pos="X">da</wf>
         <wf lemma="država" pos="X">država</wf>
         <wf lemma="in" pos="X">in</wf>
         <wf lemma="državljani" pos="X">državljani</wf>
         <wf lemma="niso" pos="X">niso</wf>
         <wf lemma="tako" pos="X">tako</wf>
         <wf lemma="nerazumni" pos="X">nerazumni</wf>
         <wf lemma="," pos="X">,</wf>
         <wf lemma="da" pos="X">da</wf>
         <wf lemma="bi" pos="X">bi</wf>
         <wf lemma="podlegli" pos="X">podlegli</wf>
         <wf lemma="egoističnim" pos="X">egoističnim</wf>
         <wf lemma="težnjam" pos="X">težnjam</wf>
         <wf lemma="posameznikov" pos="X">posameznikov</wf>
         <wf lemma="in" pos="X">in</wf>
         <wf lemma="ozkih" pos="X">ozkih</wf>
         <instance id="d000.s543.t000" lemma="skupina" pos="NOUN">skupin</instance>
         <wf lemma="." pos="X">.</wf>
      </sentence>
      <sentence id="d000.s544" source="wordnet-slovenian">
         <wf lemma="Dolgoročno" pos="X">Dolgoročno</wf>
         <wf lemma="gledano" pos="X">gledano</wf>
         <wf lemma="ne" pos="X">ne</wf>
         <wf lemma="bo" pos="X">bo</wf>
         <wf lemma="noben" pos="X">noben</wf>
         <wf lemma="analgetik" pos="X">analgetik</wf>
         <wf lemma="odpravil" pos="X">odpravil</wf>
         <wf lemma="vozličkov" pos="X">vozličkov</wf>
         <wf lemma="," pos="X">,</wf>
         <wf lemma="zaprtja" pos="X">zaprtja</wf>
         <wf lemma="in" pos="X">in</wf>
         <wf lemma="blokade" pos="X">blokade</wf>
         <wf lemma="tega" pos="X">tega</wf>
         <instance id="d000.s544.t000" lemma="območje" pos="NOUN">območja</instance>
         <wf lemma="." pos="X">.</wf>
      </sentence>
      <sentence id="d000.s545" source="wordnet-slovenian">
         <wf lemma="Je" pos="X">Je</wf>
         <wf lemma="zelo" pos="X">zelo</wf>
         <wf lemma="pomembna" pos="X">pomembna</wf>
         <wf lemma="športnoribolovna" pos="X">športnoribolovna</wf>
         <wf lemma="vrsta" pos="X">vrsta</wf>
         <wf lemma="," pos="X">,</wf>
         <wf lemma="lovimo" pos="X">lovimo</wf>
         <wf lemma="jo" pos="X">jo</wf>
         <wf lemma="vse" pos="X">vse</wf>
         <wf lemma="leto" pos="X">leto</wf>
         <wf lemma="," pos="X">,</wf>
         <wf lemma="na" pos="X">na</wf>
         <wf lemma="različne" pos="X">različne</wf>
         <instance id="d000.s545.t000" lemma="način" pos="NOUN">načine</instance>
         <wf lemma=":" pos="X">:</wf>
         <wf lemma="z" pos="X">z</wf>
         <wf lemma="brega" pos="X">brega</wf>
         <wf lemma="ali" pos="X">ali</wf>
         <wf lemma="čolna" pos="X">čolna</wf>
         <wf lemma="z" pos="X">z</wf>
         <wf lemma="blestivko" pos="X">blestivko</wf>
         <wf lemma="," pos="X">,</wf>
         <wf lemma="naravnimi" pos="X">naravnimi</wf>
         <wf lemma="vabami" pos="X">vabami</wf>
         <wf lemma="in" pos="X">in</wf>
         <wf lemma="posebnimi" pos="X">posebnimi</wf>
         <wf lemma="trnki" pos="X">trnki</wf>
         <wf lemma="jig" pos="X">jig</wf>
         <wf lemma="(" pos="X">(</wf>
         <wf lemma="jigging" pos="X">jigging</wf>
         <wf lemma=")" pos="X">)</wf>
         <wf lemma="." pos="X">.</wf>
      </sentence>
      <sentence id="d000.s546" source="wordnet-slovenian">
         <wf lemma="V" pos="X">V</wf>
         <wf lemma="skladu" pos="X">skladu</wf>
         <wf lemma="s" pos="X">s</wf>
         <wf lemma="priporočili" pos="X">priporočili</wf>
         <wf lemma="listine" pos="X">listine</wf>
         <wf lemma="se" pos="X">se</wf>
         <wf lemma="je" pos="X">je</wf>
         <wf lemma="evropska" pos="X">evropska</wf>
         <instance id="d000.s546.t000" lemma="komisija" pos="NOUN">komisija</instance>
         <wf lemma="obvezala" pos="X">obvezala</wf>
         <wf lemma="," pos="X">,</wf>
         <wf lemma="da" pos="X">da</wf>
         <wf lemma="bo" pos="X">bo</wf>
         <wf lemma="letno" pos="X">letno</wf>
         <wf lemma="poročala" pos="X">poročala</wf>
         <wf lemma="o" pos="X">o</wf>
         <wf lemma="doseženem" pos="X">doseženem</wf>
         <wf lemma="napredku" pos="X">napredku</wf>
         <wf lemma="pri" pos="X">pri</wf>
         <wf lemma="izvajanju" pos="X">izvajanju</wf>
         <wf lemma="v" pos="X">v</wf>
         <wf lemma="listini" pos="X">listini</wf>
         <wf lemma="zastavljenih" pos="X">zastavljenih</wf>
         <wf lemma="ciljev" pos="X">ciljev</wf>
         <wf lemma="." pos="X">.</wf>
      </sentence>
      <sentence id="d000.s547" source="wordnet-slovenian">
         <wf lemma="Literarno" pos="X">Literarno</wf>
         <wf lemma="-" pos="X">-</wf>
         <wf lemma="glasbeni" pos="X">glasbeni</wf>
         <wf lemma="maraton" pos="X">maraton</wf>
         <wf lemma="za" pos="X">za</wf>
         <wf lemma="srednješolce" pos="X">srednješolce</wf>
         <wf lemma="," pos="X">,</wf>
         <wf lemma="ki" pos="X">ki</wf>
         <wf lemma="ustvarjajo" pos="X">ustvarjajo</wf>
         <wf lemma="glasbo" pos="X">glasbo</wf>
         <wf lemma="hip" pos="X">hip</wf>
         <wf lemma="-" pos="X">-</wf>
         <wf lemma="hop" pos="X">hop</wf>
         <wf lemma="in" pos="X">in</wf>
         <wf lemma="rap" pos="X">rap</wf>
         <wf lemma="," pos="X">,</wf>
         <wf lemma="bo" pos="X">bo</wf>
         <wf lemma="23." pos="X">23.</wf>
         <wf lemma="aprila" pos="X">aprila</wf>
         <wf lemma="2003" pos="X">2003</wf>
         <wf lemma="v" pos="X">v</wf>
         <wf lemma="okviru" pos="X">okviru</wf>
         <wf lemma="Slovenskih" pos="X">Slovenskih</wf>
         <wf lemma="dnevov" pos="X">dnevov</wf>
         <instance id="d000.s547.t000" lemma="knjiga" pos="NOUN">knjige</instance>
         <wf lemma="v" pos="X">v</wf>
         <wf lemma="Mariboru" pos="X">Mariboru</wf>
         <wf lemma=":" pos="X">:</wf>
         <wf lemma="Ko" pos="X">Ko</wf>
         <wf lemma="te" pos="X">te</wf>
         <wf lemma="napiše" pos="X">napiše</wf>
         <wf lemma="knjiga" pos="X">knjiga</wf>
         <wf lemma="2003" pos="X">2003</wf>
         <wf lemma="na" pos="X">na</wf>
         <wf lemma="Grajskem" pos="X">Grajskem</wf>
         <wf lemma="trgu" pos="X">trgu</wf>
         <wf lemma="v" pos="X">v</wf>
         <wf lemma="Mariboru" pos="X">Mariboru</wf>
         <wf lemma="." pos="X">.</wf>
      </sentence>
      <sentence id="d000.s548" source="wordnet-slovenian">
         <wf lemma="Ali" pos="X">Ali</wf>
         <wf lemma="se" pos="X">se</wf>
         <wf lemma="je" pos="X">je</wf>
         <wf lemma="," pos="X">,</wf>
         <wf lemma="ne" pos="X">ne</wf>
         <wf lemma="meneč" pos="X">meneč</wf>
         <wf lemma="se" pos="X">se</wf>
         <wf lemma="za" pos="X">za</wf>
         <wf lemma="Vrano" pos="X">Vrano</wf>
         <wf lemma="in" pos="X">in</wf>
         <wf lemma="Daniela" pos="X">Daniela</wf>
         <wf lemma="," pos="X">,</wf>
         <wf lemma="osredotočila" pos="X">osredotočila</wf>
         <wf lemma="na" pos="X">na</wf>
         <instance id="d000.s548.t000" lemma="otrok" pos="NOUN">otroka</instance>
         <wf lemma="pred" pos="X">pred</wf>
         <wf lemma="seboj" pos="X">seboj</wf>
         <wf lemma="." pos="X">.</wf>
      </sentence>
      <sentence id="d000.s549" source="wordnet-slovenian">
         <wf lemma="Postajava" pos="X">Postajava</wf>
         <wf lemma="nestrpna" pos="X">nestrpna</wf>
         <wf lemma="," pos="X">,</wf>
         <wf lemma="kajti" pos="X">kajti</wf>
         <wf lemma="podoba" pos="X">podoba</wf>
         <wf lemma="je" pos="X">je</wf>
         <wf lemma="," pos="X">,</wf>
         <wf lemma="da" pos="X">da</wf>
         <wf lemma="bova" pos="X">bova</wf>
         <wf lemma="ves" pos="X">ves</wf>
         <instance id="d000.s549.t000" lemma="čas" pos="NOUN">čas</instance>
         <wf lemma="vzpona" pos="X">vzpona</wf>
         <wf lemma="čakala" pos="X">čakala</wf>
         <wf lemma="na" pos="X">na</wf>
         <wf lemma="stojiščih" pos="X">stojiščih</wf>
         <wf lemma="," pos="X">,</wf>
         <wf lemma="da" pos="X">da</wf>
         <wf lemma="se" pos="X">se</wf>
         <wf lemma="bodo" pos="X">bodo</wf>
         <wf lemma="najini" pos="X">najini</wf>
         <wf lemma="predhodniki" pos="X">predhodniki</wf>
         <wf lemma="spravili" pos="X">spravili</wf>
         <wf lemma="naprej" pos="X">naprej</wf>
         <wf lemma="." pos="X">.</wf>
      </sentence>
      <sentence id="d000.s550" source="wordnet-slovenian">
         <wf lemma="Priključek" pos="X">Priključek</wf>
         <wf lemma="je" pos="X">je</wf>
         <wf lemma="zanimiv" pos="X">zanimiv</wf>
         <wf lemma="za" pos="X">za</wf>
         <wf lemma="kmetije" pos="X">kmetije</wf>
         <wf lemma="," pos="X">,</wf>
         <wf lemma="ki" pos="X">ki</wf>
         <wf lemma="preko" pos="X">preko</wf>
         <instance id="d000.s550.t000" lemma="sezona" pos="NOUN">sezone</instance>
         <wf lemma="krmijo" pos="X">krmijo</wf>
         <wf lemma="z" pos="X">z</wf>
         <wf lemma="zeleno" pos="X">zeleno</wf>
         <wf lemma="krmo" pos="X">krmo</wf>
         <wf lemma="v" pos="X">v</wf>
         <wf lemma="hlevu" pos="X">hlevu</wf>
         <wf lemma="(" pos="X">(</wf>
         <wf lemma="t." pos="X">t.</wf>
         <wf lemma="i." pos="X">i.</wf>
         <wf lemma="zeleni" pos="X">zeleni</wf>
         <wf lemma="krmni" pos="X">krmni</wf>
         <wf lemma="trak" pos="X">trak</wf>
         <wf lemma=")" pos="X">)</wf>
         <wf lemma="." pos="X">.</wf>
      </sentence>
      <sentence id="d000.s551" source="wordnet-slovenian">
         <wf lemma="Dve" pos="X">Dve</wf>
         <wf lemma="ugrabljeni" pos="X">ugrabljeni</wf>
         <wf lemma="letali" pos="X">letali</wf>
         <wf lemma="sta" pos="X">sta</wf>
         <wf lemma="takrat" pos="X">takrat</wf>
         <wf lemma="zadeli" pos="X">zadeli</wf>
         <wf lemma="nebotičnika" pos="X">nebotičnika</wf>
         <wf lemma="Svetovnega" pos="X">Svetovnega</wf>
         <wf lemma="trgovskega" pos="X">trgovskega</wf>
         <instance id="d000.s551.t000" lemma="center" pos="NOUN">centra</instance>
         <wf lemma="," pos="X">,</wf>
         <wf lemma="tretje" pos="X">tretje</wf>
         <wf lemma="poslopje" pos="X">poslopje</wf>
         <wf lemma="Pentagona" pos="X">Pentagona</wf>
         <wf lemma="," pos="X">,</wf>
         <wf lemma="četrto" pos="X">četrto</wf>
         <wf lemma="pa" pos="X">pa</wf>
         <wf lemma="je" pos="X">je</wf>
         <wf lemma="strmoglavilo" pos="X">strmoglavilo</wf>
         <wf lemma="v" pos="X">v</wf>
         <wf lemma="Pensilvaniji" pos="X">Pensilvaniji</wf>
         <wf lemma="." pos="X">.</wf>
      </sentence>
      <sentence id="d000.s552" source="wordnet-slovenian">
         <wf lemma="In" pos="X">In</wf>
         <wf lemma="tu" pos="X">tu</wf>
         <wf lemma="se" pos="X">se</wf>
         <wf lemma="pokaže" pos="X">pokaže</wf>
         <wf lemma="druga" pos="X">druga</wf>
         <instance id="d000.s552.t000" lemma="stran" pos="NOUN">stran</instance>
         <wf lemma="medalje" pos="X">medalje</wf>
         <wf lemma="." pos="X">.</wf>
      </sentence>
      <sentence id="d000.s553" source="wordnet-slovenian">
         <wf lemma="Rojs" pos="X">Rojs</wf>
         <wf lemma="je" pos="X">je</wf>
         <wf lemma="zamenjal" pos="X">zamenjal</wf>
         <wf lemma="dosedanjega" pos="X">dosedanjega</wf>
         <wf lemma="prvega" pos="X">prvega</wf>
         <wf lemma="človeka" pos="X">človeka</wf>
         <instance id="d000.s553.t000" lemma="družba" pos="NOUN">družbe</instance>
         <wf lemma="Stojana" pos="X">Stojana</wf>
         <wf lemma="Ložarja" pos="X">Ložarja</wf>
         <wf lemma="," pos="X">,</wf>
         <wf lemma="odpoklicali" pos="X">odpoklicali</wf>
         <wf lemma="pa" pos="X">pa</wf>
         <wf lemma="so" pos="X">so</wf>
         <wf lemma="tudi" pos="X">tudi</wf>
         <wf lemma="njegovega" pos="X">njegovega</wf>
         <wf lemma="namestnika" pos="X">namestnika</wf>
         <wf lemma="Iztoka" pos="X">Iztoka</wf>
         <wf lemma="Zupančiča" pos="X">Zupančiča</wf>
         <wf lemma="." pos="X">.</wf>
      </sentence>
      <sentence id="d000.s554" source="wordnet-slovenian">
         <wf lemma="Opozorila" pos="X">Opozorila</wf>
         <wf lemma="je" pos="X">je</wf>
         <wf lemma="tudi" pos="X">tudi</wf>
         <wf lemma="na" pos="X">na</wf>
         <wf lemma="slabo" pos="X">slabo</wf>
         <wf lemma="komunikacijo" pos="X">komunikacijo</wf>
         <wf lemma="med" pos="X">med</wf>
         <wf lemma="obema" pos="X">obema</wf>
         <wf lemma="medicinskima" pos="X">medicinskima</wf>
         <instance id="d000.s554.t000" lemma="sistem" pos="NOUN">sistemoma</instance>
         <wf lemma="," pos="X">,</wf>
         <wf lemma="ko" pos="X">ko</wf>
         <wf lemma="gre" pos="X">gre</wf>
         <wf lemma="za" pos="X">za</wf>
         <wf lemma="zdravljenje" pos="X">zdravljenje</wf>
         <wf lemma="istega" pos="X">istega</wf>
         <wf lemma="bolnika" pos="X">bolnika</wf>
         <wf lemma="." pos="X">.</wf>
      </sentence>
      <sentence id="d000.s555" source="wordnet-slovenian">
         <wf lemma="Sachsu" pos="X">Sachsu</wf>
         <wf lemma="sem" pos="X">sem</wf>
         <wf lemma="hotel" pos="X">hotel</wf>
         <wf lemma="zastaviti" pos="X">zastaviti</wf>
         <wf lemma="stotino" pos="X">stotino</wf>
         <instance id="d000.s555.t000" lemma="vprašanje" pos="NOUN">vprašanj</instance>
         <wf lemma="," pos="X">,</wf>
         <wf lemma="vendar" pos="X">vendar</wf>
         <wf lemma="nisem" pos="X">nisem</wf>
         <wf lemma="mogel" pos="X">mogel</wf>
         <wf lemma="." pos="X">.</wf>
      </sentence>
      <sentence id="d000.s556" source="wordnet-slovenian">
         <wf lemma="Vseh" pos="X">Vseh</wf>
         <wf lemma="izbirnikov" pos="X">izbirnikov</wf>
         <wf lemma="je" pos="X">je</wf>
         <wf lemma="devet" pos="X">devet</wf>
         <wf lemma="," pos="X">,</wf>
         <wf lemma="poleg" pos="X">poleg</wf>
         <wf lemma="omenjenih" pos="X">omenjenih</wf>
         <wf lemma="pritisni" pos="X">pritisni</wf>
         <wf lemma="in" pos="X">in</wf>
         <wf lemma="govori" pos="X">govori</wf>
         <wf lemma="ter" pos="X">ter</wf>
         <wf lemma="organizatorja" pos="X">organizatorja</wf>
         <wf lemma="so" pos="X">so</wf>
         <wf lemma="še" pos="X">še</wf>
         <wf lemma="operaterjeve" pos="X">operaterjeve</wf>
         <wf lemma="storitve" pos="X">storitve</wf>
         <wf lemma="(" pos="X">(</wf>
         <wf lemma="WAP" pos="X">WAP</wf>
         <wf lemma="," pos="X">,</wf>
         <wf lemma="GPRS" pos="X">GPRS</wf>
         <wf lemma=")" pos="X">)</wf>
         <wf lemma="," pos="X">,</wf>
         <wf lemma="programi" pos="X">programi</wf>
         <wf lemma="(" pos="X">(</wf>
         <instance id="d000.s556.t000" lemma="igra" pos="NOUN">igri</instance>
         <wf lemma="Disco" pos="X">Disco</wf>
         <wf lemma="in" pos="X">in</wf>
         <wf lemma="Chic" pos="X">Chic</wf>
         <wf lemma="Pinball" pos="X">Pinball</wf>
         <wf lemma="ter" pos="X">ter</wf>
         <wf lemma="Translator" pos="X">Translator</wf>
         <wf lemma="in" pos="X">in</wf>
         <wf lemma="Size" pos="X">Size</wf>
         <wf lemma="converter" pos="X">converter</wf>
         <wf lemma=";" pos="X">;</wf>
         <wf lemma="te" pos="X">te</wf>
         <wf lemma="ne" pos="X">ne</wf>
         <wf lemma="smejo" pos="X">smejo</wf>
         <wf lemma="preseči" pos="X">preseči</wf>
         <wf lemma="128" pos="X">128</wf>
         <wf lemma="kB" pos="X">kB</wf>
         <wf lemma=")" pos="X">)</wf>
         <wf lemma="," pos="X">,</wf>
         <wf lemma="nastavitve" pos="X">nastavitve</wf>
         <wf lemma="(" pos="X">(</wf>
         <wf lemma="profili" pos="X">profili</wf>
         <wf lemma="možnost" pos="X">možnost</wf>
         <wf lemma="kreiranja" pos="X">kreiranja</wf>
         <wf lemma="dveh" pos="X">dveh</wf>
         <wf lemma="lastnih" pos="X">lastnih</wf>
         <wf lemma="," pos="X">,</wf>
         <wf lemma="toni" pos="X">toni</wf>
         <wf lemma="," pos="X">,</wf>
         <wf lemma="teme" pos="X">teme</wf>
         <wf lemma="," pos="X">,</wf>
         <wf lemma="nastavitve" pos="X">nastavitve</wf>
         <wf lemma="obeh" pos="X">obeh</wf>
         <wf lemma="zaslonov" pos="X">zaslonov</wf>
         <wf lemma="," pos="X">,</wf>
         <wf lemma="časa" pos="X">časa</wf>
         <wf lemma="," pos="X">,</wf>
         <wf lemma="datuma" pos="X">datuma</wf>
         <wf lemma="," pos="X">,</wf>
         <wf lemma="bližnjic" pos="X">bližnjic</wf>
         <wf lemma="," pos="X">,</wf>
         <wf lemma="glasovni" pos="X">glasovni</wf>
         <wf lemma="ukazi" pos="X">ukazi</wf>
         <wf lemma="," pos="X">,</wf>
         <wf lemma="desna" pos="X">desna</wf>
         <wf lemma="izbirna" pos="X">izbirna</wf>
         <wf lemma="tipka" pos="X">tipka</wf>
         <wf lemma=")" pos="X">)</wf>
         <wf lemma="," pos="X">,</wf>
         <wf lemma="povezovanje" pos="X">povezovanje</wf>
         <wf lemma="(" pos="X">(</wf>
         <wf lemma="infrardeči" pos="X">infrardeči</wf>
         <wf lemma="vmesnik" pos="X">vmesnik</wf>
         <wf lemma="," pos="X">,</wf>
         <wf lemma="GPRS" pos="X">GPRS</wf>
         <wf lemma=")" pos="X">)</wf>
         <wf lemma="," pos="X">,</wf>
         <wf lemma="klicne" pos="X">klicne</wf>
         <wf lemma="nastavitve" pos="X">nastavitve</wf>
         <wf lemma="," pos="X">,</wf>
         <wf lemma="nastavitve" pos="X">nastavitve</wf>
         <wf lemma="telefona" pos="X">telefona</wf>
         <wf lemma="," pos="X">,</wf>
         <wf lemma="dodatkov" pos="X">dodatkov</wf>
         <wf lemma="," pos="X">,</wf>
         <wf lemma="konfiguracije" pos="X">konfiguracije</wf>
         <wf lemma="," pos="X">,</wf>
         <wf lemma="nastavitve" pos="X">nastavitve</wf>
         <wf lemma="zaščitne" pos="X">zaščitne</wf>
         <wf lemma="narave" pos="X">narave</wf>
         <wf lemma=")" pos="X">)</wf>
         <wf lemma="," pos="X">,</wf>
         <wf lemma="galerija" pos="X">galerija</wf>
         <wf lemma="(" pos="X">(</wf>
         <wf lemma="podobe" pos="X">podobe</wf>
         <wf lemma="," pos="X">,</wf>
         <wf lemma="videoposnetki" pos="X">videoposnetki</wf>
         <wf lemma="," pos="X">,</wf>
         <wf lemma="teme" pos="X">teme</wf>
         <wf lemma="," pos="X">,</wf>
         <wf lemma="grafike" pos="X">grafike</wf>
         <wf lemma="," pos="X">,</wf>
         <wf lemma="zvočni" pos="X">zvočni</wf>
         <wf lemma="posnetki" pos="X">posnetki</wf>
         <wf lemma=")" pos="X">)</wf>
         <wf lemma="," pos="X">,</wf>
         <wf lemma="predstavnost" pos="X">predstavnost</wf>
         <wf lemma="(" pos="X">(</wf>
         <wf lemma="digitalna" pos="X">digitalna</wf>
         <wf lemma="kamera" pos="X">kamera</wf>
         <wf lemma="," pos="X">,</wf>
         <wf lemma="predvajalnik" pos="X">predvajalnik</wf>
         <wf lemma="," pos="X">,</wf>
         <wf lemma="snemalnik" pos="X">snemalnik</wf>
         <wf lemma="zvoka" pos="X">zvoka</wf>
         <wf lemma="," pos="X">,</wf>
         <wf lemma="radio" pos="X">radio</wf>
         <wf lemma=")" pos="X">)</wf>
         <wf lemma="," pos="X">,</wf>
         <wf lemma="zadnji" pos="X">zadnji</wf>
         <wf lemma="klici" pos="X">klici</wf>
         <wf lemma="(" pos="X">(</wf>
         <wf lemma="neodgovorjeni" pos="X">neodgovorjeni</wf>
         <wf lemma="," pos="X">,</wf>
         <wf lemma="prejeti" pos="X">prejeti</wf>
         <wf lemma="in" pos="X">in</wf>
         <wf lemma="klicani" pos="X">klicani</wf>
         <wf lemma="…" pos="X">…</wf>
         <wf lemma="." pos="X">.</wf>
      </sentence>
      <sentence id="d000.s557" source="wordnet-slovenian">
         <wf lemma="Tole" pos="X">Tole</wf>
         <wf lemma="gotovo" pos="X">gotovo</wf>
         <wf lemma="ni" pos="X">ni</wf>
         <wf lemma="darilce" pos="X">darilce</wf>
         <wf lemma="," pos="X">,</wf>
         <wf lemma="kakršnega" pos="X">kakršnega</wf>
         <wf lemma="bi" pos="X">bi</wf>
         <wf lemma="si" pos="X">si</wf>
         <instance id="d000.s557.t000" lemma="človek" pos="NOUN">človek</instance>
         <wf lemma="želel" pos="X">želel</wf>
         <wf lemma="ob" pos="X">ob</wf>
         <wf lemma="začetku" pos="X">začetku</wf>
         <wf lemma="novega" pos="X">novega</wf>
         <wf lemma="leta" pos="X">leta</wf>
         <wf lemma=":" pos="X">:</wf>
         <wf lemma="Anna" pos="X">Anna</wf>
         <wf lemma="Nicole" pos="X">Nicole</wf>
         <wf lemma="Smith" pos="X">Smith</wf>
         <wf lemma="," pos="X">,</wf>
         <wf lemma="slačipunca" pos="X">slačipunca</wf>
         <wf lemma="," pos="X">,</wf>
         <wf lemma="kvazimanekenka" pos="X">kvazimanekenka</wf>
         <wf lemma="in" pos="X">in</wf>
         <wf lemma="igralka" pos="X">igralka</wf>
         <wf lemma="," pos="X">,</wf>
         <wf lemma="očitno" pos="X">očitno</wf>
         <wf lemma="le" pos="X">le</wf>
         <wf lemma="ne" pos="X">ne</wf>
         <wf lemma="bo" pos="X">bo</wf>
         <wf lemma="bajno" pos="X">bajno</wf>
         <wf lemma="bogata" pos="X">bogata</wf>
         <wf lemma="vdova" pos="X">vdova</wf>
         <wf lemma="!" pos="X">!</wf>
      </sentence>
      <sentence id="d000.s558" source="wordnet-slovenian">
         <wf lemma="Sprememba" pos="X">Sprememba</wf>
         <wf lemma="," pos="X">,</wf>
         <wf lemma="ki" pos="X">ki</wf>
         <wf lemma="jo" pos="X">jo</wf>
         <wf lemma="predlagamo" pos="X">predlagamo</wf>
         <wf lemma="k" pos="X">k</wf>
         <wf lemma="1." pos="X">1.</wf>
         <instance id="d000.s558.t000" lemma="točka" pos="NOUN">točki</instance>
         <wf lemma="," pos="X">,</wf>
         <wf lemma="opozarja" pos="X">opozarja</wf>
         <wf lemma="na" pos="X">na</wf>
         <wf lemma="zakone" pos="X">zakone</wf>
         <wf lemma="s" pos="X">s</wf>
         <wf lemma="posameznih" pos="X">posameznih</wf>
         <wf lemma="področij" pos="X">področij</wf>
         <wf lemma="," pos="X">,</wf>
         <wf lemma="ki" pos="X">ki</wf>
         <wf lemma="mora" pos="X">mora</wf>
         <wf lemma="natančno" pos="X">natančno</wf>
         <wf lemma="razmejiti" pos="X">razmejiti</wf>
         <wf lemma="oziroma" pos="X">oziroma</wf>
         <wf lemma="mora" pos="X">mora</wf>
         <wf lemma="upoštevati" pos="X">upoštevati</wf>
         <wf lemma="razmejitev" pos="X">razmejitev</wf>
         <wf lemma="nalog" pos="X">nalog</wf>
         <wf lemma="države" pos="X">države</wf>
         <wf lemma="in" pos="X">in</wf>
         <wf lemma="nalog" pos="X">nalog</wf>
         <wf lemma="lokalnih" pos="X">lokalnih</wf>
         <wf lemma="skupnosti" pos="X">skupnosti</wf>
         <wf lemma="," pos="X">,</wf>
         <wf lemma="se" pos="X">se</wf>
         <wf lemma="pravi" pos="X">pravi</wf>
         <wf lemma="," pos="X">,</wf>
         <wf lemma="ob" pos="X">ob</wf>
         <wf lemma="sprejemanju" pos="X">sprejemanju</wf>
         <wf lemma="teh" pos="X">teh</wf>
         <wf lemma="zakonov" pos="X">zakonov</wf>
         <wf lemma="za" pos="X">za</wf>
         <wf lemma="posamezna" pos="X">posamezna</wf>
         <wf lemma="področja" pos="X">področja</wf>
         <wf lemma="." pos="X">.</wf>
      </sentence>
      <sentence id="d000.s559" source="wordnet-slovenian">
         <wf lemma="Upoštevati" pos="X">Upoštevati</wf>
         <wf lemma="je" pos="X">je</wf>
         <wf lemma="treba" pos="X">treba</wf>
         <wf lemma="tudi" pos="X">tudi</wf>
         <wf lemma="periodičnost" pos="X">periodičnost</wf>
         <wf lemma="petih" pos="X">petih</wf>
         <instance id="d000.s559.t000" lemma="leto" pos="NOUN">let</instance>
         <wf lemma="zakonodaje" pos="X">zakonodaje</wf>
         <wf lemma="in" pos="X">in</wf>
         <wf lemma="standardov" pos="X">standardov</wf>
         <wf lemma="." pos="X">.</wf>
      </sentence>
      <sentence id="d000.s560" source="wordnet-slovenian">
         <wf lemma="Če" pos="X">Če</wf>
         <wf lemma="vsebuje" pos="X">vsebuje</wf>
         <wf lemma="pivo" pos="X">pivo</wf>
         <wf lemma="sedimentirane" pos="X">sedimentirane</wf>
         <wf lemma="kvasovke" pos="X">kvasovke</wf>
         <wf lemma="," pos="X">,</wf>
         <wf lemma="nehamo" pos="X">nehamo</wf>
         <wf lemma="nalivati" pos="X">nalivati</wf>
         <wf lemma="," pos="X">,</wf>
         <wf lemma="še" pos="X">še</wf>
         <wf lemma="preden" pos="X">preden</wf>
         <wf lemma="pridejo" pos="X">pridejo</wf>
         <wf lemma="kvasovke" pos="X">kvasovke</wf>
         <wf lemma="v" pos="X">v</wf>
         <wf lemma="kozarec" pos="X">kozarec</wf>
         <wf lemma="(" pos="X">(</wf>
         <wf lemma="razen" pos="X">razen</wf>
         <wf lemma="pri" pos="X">pri</wf>
         <wf lemma="nekaterih" pos="X">nekaterih</wf>
         <instance id="d000.s560.t000" lemma="vrsta" pos="NOUN">vrstah</instance>
         <wf lemma="piva" pos="X">piva</wf>
         <wf lemma="," pos="X">,</wf>
         <wf lemma="pri" pos="X">pri</wf>
         <wf lemma="katerih" pos="X">katerih</wf>
         <wf lemma="je" pos="X">je</wf>
         <wf lemma="sediment" pos="X">sediment</wf>
         <wf lemma="zaželen" pos="X">zaželen</wf>
         <wf lemma="-" pos="X">-</wf>
         <wf lemma="na" pos="X">na</wf>
         <wf lemma="primer" pos="X">primer</wf>
         <wf lemma="pšenično" pos="X">pšenično</wf>
         <wf lemma="pivo" pos="X">pivo</wf>
         <wf lemma=")" pos="X">)</wf>
         <wf lemma="." pos="X">.</wf>
      </sentence>
      <sentence id="d000.s561" source="wordnet-slovenian">
         <wf lemma="Ta" pos="X">Ta</wf>
         <instance id="d000.s561.t000" lemma="kraj" pos="NOUN">kraj</instance>
         <wf lemma="pozna" pos="X">pozna</wf>
         <wf lemma="kot" pos="X">kot</wf>
         <wf lemma="lastno" pos="X">lastno</wf>
         <wf lemma="dlan" pos="X">dlan</wf>
         <wf lemma="," pos="X">,</wf>
         <wf lemma="saj" pos="X">saj</wf>
         <wf lemma="je" pos="X">je</wf>
         <wf lemma="z" pos="X">z</wf>
         <wf lemma="družino" pos="X">družino</wf>
         <wf lemma="tja" pos="X">tja</wf>
         <wf lemma="zahajala" pos="X">zahajala</wf>
         <wf lemma="zadnja" pos="X">zadnja</wf>
         <wf lemma="tri" pos="X">tri</wf>
         <wf lemma="desetletja" pos="X">desetletja</wf>
         <wf lemma="." pos="X">.</wf>
      </sentence>
      <sentence id="d000.s562" source="wordnet-slovenian">
         <wf lemma="Katere" pos="X">Katere</wf>
         <instance id="d000.s562.t000" lemma="podatek" pos="NOUN">podatke</instance>
         <wf lemma="ste" pos="X">ste</wf>
         <wf lemma="si" pos="X">si</wf>
         <wf lemma="zapomnili" pos="X">zapomnili</wf>
         <wf lemma="o" pos="X">o</wf>
         <wf lemma="prvem" pos="X">prvem</wf>
         <wf lemma="," pos="X">,</wf>
         <wf lemma="katere" pos="X">katere</wf>
         <wf lemma="o" pos="X">o</wf>
         <wf lemma="drugem" pos="X">drugem</wf>
         <wf lemma="športniku" pos="X">športniku</wf>
         <wf lemma="?" pos="X">?</wf>
      </sentence>
      <sentence id="d000.s563" source="wordnet-slovenian">
         <wf lemma="Prejeli" pos="X">Prejeli</wf>
         <wf lemma="ste" pos="X">ste</wf>
         <wf lemma="tudi" pos="X">tudi</wf>
         <wf lemma="mnenje" pos="X">mnenje</wf>
         <instance id="d000.s563.t000" lemma="vlada" pos="NOUN">Vlade</instance>
         <wf lemma="Republike" pos="X">Republike</wf>
         <wf lemma="Slovenije" pos="X">Slovenije</wf>
         <wf lemma="in" pos="X">in</wf>
         <wf lemma="Sekretariata" pos="X">Sekretariata</wf>
         <wf lemma="za" pos="X">za</wf>
         <wf lemma="zakonodajo" pos="X">zakonodajo</wf>
         <wf lemma="in" pos="X">in</wf>
         <wf lemma="pravne" pos="X">pravne</wf>
         <wf lemma="zadeve" pos="X">zadeve</wf>
         <wf lemma="." pos="X">.</wf>
      </sentence>
      <sentence id="d000.s564" source="wordnet-slovenian">
         <wf lemma="Te" pos="X">Te</wf>
         <wf lemma="modele" pos="X">modele</wf>
         <wf lemma="je" pos="X">je</wf>
         <wf lemma="treba" pos="X">treba</wf>
         <wf lemma="potem" pos="X">potem</wf>
         <wf lemma="le" pos="X">le</wf>
         <wf lemma="malenkostno" pos="X">malenkostno</wf>
         <wf lemma="prilagoditi" pos="X">prilagoditi</wf>
         <wf lemma="posameznim" pos="X">posameznim</wf>
         <instance id="d000.s564.t000" lemma="sistem" pos="NOUN">sistemom</instance>
         <wf lemma="," pos="X">,</wf>
         <wf lemma="trdijo" pos="X">trdijo</wf>
         <wf lemma="pri" pos="X">pri</wf>
         <wf lemma="IBM" pos="X">IBM</wf>
         <wf lemma="." pos="X">.</wf>
      </sentence>
      <sentence id="d000.s565" source="wordnet-slovenian">
         <wf lemma="Darja" pos="X">Darja</wf>
         <wf lemma=":" pos="X">:</wf>
         <wf lemma="Mojemu" pos="X">Mojemu</wf>
         <instance id="d000.s565.t000" lemma="oče" pos="NOUN">očetu</instance>
         <wf lemma="recimo" pos="X">recimo</wf>
         <wf lemma="so" pos="X">so</wf>
         <wf lemma="naše" pos="X">naše</wf>
         <wf lemma="trenutne" pos="X">trenutne</wf>
         <wf lemma="smernice" pos="X">smernice</wf>
         <wf lemma="noro" pos="X">noro</wf>
         <wf lemma="všeč" pos="X">všeč</wf>
         <wf lemma="," pos="X">,</wf>
         <wf lemma="verjamem" pos="X">verjamem</wf>
         <wf lemma="pa" pos="X">pa</wf>
         <wf lemma="," pos="X">,</wf>
         <wf lemma="da" pos="X">da</wf>
         <wf lemma="kakemu" pos="X">kakemu</wf>
         <wf lemma="drugemu" pos="X">drugemu</wf>
         <wf lemma="petdesetletniku" pos="X">petdesetletniku</wf>
         <wf lemma="ne" pos="X">ne</wf>
         <wf lemma="zveni" pos="X">zveni</wf>
         <wf lemma="tako" pos="X">tako</wf>
         <wf lemma="zelo" pos="X">zelo</wf>
         <wf lemma="poslušljivo" pos="X">poslušljivo</wf>
         <wf lemma="(" pos="X">(</wf>
         <wf lemma="smeh" pos="X">smeh</wf>
         <wf lemma=")" pos="X">)</wf>
         <wf lemma="{#8230" pos="X">{#8230</wf>
         <wf lemma="}" pos="X">}</wf>
         <wf lemma="Kakor" pos="X">Kakor</wf>
         <wf lemma="za" pos="X">za</wf>
         <wf lemma="koga" pos="X">koga</wf>
         <wf lemma="!" pos="X">!</wf>
      </sentence>
      <sentence id="d000.s566" source="wordnet-slovenian">
         <wf lemma="Za" pos="X">Za</wf>
         <wf lemma="te" pos="X">te</wf>
         <wf lemma="je" pos="X">je</wf>
         <wf lemma="odgovoren" pos="X">odgovoren</wf>
         <wf lemma="Pungartnik" pos="X">Pungartnik</wf>
         <wf lemma="," pos="X">,</wf>
         <wf lemma="ki" pos="X">ki</wf>
         <wf lemma="pravi" pos="X">pravi</wf>
         <wf lemma="," pos="X">,</wf>
         <wf lemma="da" pos="X">da</wf>
         <wf lemma="ima" pos="X">ima</wf>
         <wf lemma="kot" pos="X">kot</wf>
         <wf lemma="član" pos="X">član</wf>
         <wf lemma="IO" pos="X">IO</wf>
         <wf lemma="KKŠpravico" pos="X">KKŠpravico</wf>
         <wf lemma="obveščati" pos="X">obveščati</wf>
         <wf lemma="člane" pos="X">člane</wf>
         <wf lemma="o" pos="X">o</wf>
         <instance id="d000.s566.t000" lemma="projekt" pos="NOUN">projektih</instance>
         <wf lemma="," pos="X">,</wf>
         <wf lemma="čeprav" pos="X">čeprav</wf>
         <wf lemma="sam" pos="X">sam</wf>
         <wf lemma="za" pos="X">za</wf>
         <wf lemma="koroško" pos="X">koroško</wf>
         <wf lemma="gavdo" pos="X">gavdo</wf>
         <wf lemma="18." pos="X">18.</wf>
         <wf lemma="decembra" pos="X">decembra</wf>
         <wf lemma="ni" pos="X">ni</wf>
         <wf lemma="pristojen" pos="X">pristojen</wf>
         <wf lemma="." pos="X">.</wf>
      </sentence>
      <sentence id="d000.s567" source="wordnet-slovenian">
         <wf lemma="Če" pos="X">Če</wf>
         <wf lemma="povpraševanje" pos="X">povpraševanje</wf>
         <wf lemma="ne" pos="X">ne</wf>
         <wf lemma="bo" pos="X">bo</wf>
         <wf lemma="dovolj" pos="X">dovolj</wf>
         <wf lemma="močno" pos="X">močno</wf>
         <wf lemma="pri" pos="X">pri</wf>
         <wf lemma="20.000" pos="X">20.000</wf>
         <wf lemma="tolarjih" pos="X">tolarjih</wf>
         <wf lemma="," pos="X">,</wf>
         <wf lemma="lahko" pos="X">lahko</wf>
         <wf lemma="pričakujemo" pos="X">pričakujemo</wf>
         <wf lemma="pomik" pos="X">pomik</wf>
         <wf lemma="trgovanja" pos="X">trgovanja</wf>
         <wf lemma="v" pos="X">v</wf>
         <instance id="d000.s567.t000" lemma="območje" pos="NOUN">območje</instance>
         <wf lemma="med" pos="X">med</wf>
         <wf lemma="18.000" pos="X">18.000</wf>
         <wf lemma="in" pos="X">in</wf>
         <wf lemma="19.000" pos="X">19.000</wf>
         <wf lemma="tolarjev" pos="X">tolarjev</wf>
         <wf lemma="." pos="X">.</wf>
      </sentence>
      <sentence id="d000.s568" source="wordnet-slovenian">
         <wf lemma="Njegova" pos="X">Njegova</wf>
         <wf lemma="mati" pos="X">mati</wf>
         <wf lemma="je" pos="X">je</wf>
         <wf lemma="takrat" pos="X">takrat</wf>
         <wf lemma="dejala" pos="X">dejala</wf>
         <wf lemma="," pos="X">,</wf>
         <wf lemma="da" pos="X">da</wf>
         <wf lemma="ji" pos="X">ji</wf>
         <wf lemma="je" pos="X">je</wf>
         <wf lemma="pokojni" pos="X">pokojni</wf>
         <wf lemma="mož" pos="X">mož</wf>
         <wf lemma="zapustil" pos="X">zapustil</wf>
         <wf lemma="skrinjo" pos="X">skrinjo</wf>
         <wf lemma="," pos="X">,</wf>
         <wf lemma="ki" pos="X">ki</wf>
         <wf lemma="je" pos="X">je</wf>
         <wf lemma="bila" pos="X">bila</wf>
         <wf lemma="skrita" pos="X">skrita</wf>
         <wf lemma="pod" pos="X">pod</wf>
         <wf lemma="posteljo" pos="X">posteljo</wf>
         <wf lemma="in" pos="X">in</wf>
         <wf lemma="v" pos="X">v</wf>
         <wf lemma="kateri" pos="X">kateri</wf>
         <wf lemma="je" pos="X">je</wf>
         <wf lemma="bil" pos="X">bil</wf>
         <wf lemma="kup" pos="X">kup</wf>
         <instance id="d000.s568.t000" lemma="denar" pos="NOUN">denarja</instance>
         <wf lemma="." pos="X">.</wf>
      </sentence>
      <sentence id="d000.s569" source="wordnet-slovenian">
         <wf lemma="Folkloristi" pos="X">Folkloristi</wf>
         <wf lemma="so" pos="X">so</wf>
         <wf lemma="bili" pos="X">bili</wf>
         <wf lemma="tako" pos="X">tako</wf>
         <wf lemma="vneti" pos="X">vneti</wf>
         <wf lemma="pri" pos="X">pri</wf>
         <wf lemma="zbiranju" pos="X">zbiranju</wf>
         <instance id="d000.s569.t000" lemma="denar" pos="NOUN">denarja</instance>
         <wf lemma="," pos="X">,</wf>
         <wf lemma="da" pos="X">da</wf>
         <wf lemma="je" pos="X">je</wf>
         <wf lemma="moral" pos="X">moral</wf>
         <wf lemma="vstopnino" pos="X">vstopnino</wf>
         <wf lemma="plačati" pos="X">plačati</wf>
         <wf lemma="celo" pos="X">celo</wf>
         <wf lemma="nastopajoči" pos="X">nastopajoči</wf>
         <wf lemma="Tomaž" pos="X">Tomaž</wf>
         <wf lemma="Domicelj" pos="X">Domicelj</wf>
         <wf lemma="." pos="X">.</wf>
      </sentence>
      <sentence id="d000.s570" source="wordnet-slovenian">
         <wf lemma="Točno" pos="X">Točno</wf>
         <wf lemma="," pos="X">,</wf>
         <wf lemma="bila" pos="X">bila</wf>
         <wf lemma="je" pos="X">je</wf>
         <wf lemma="grda" pos="X">grda</wf>
         <instance id="d000.s570.t000" lemma="igra" pos="NOUN">igra</instance>
         <wf lemma="in" pos="X">in</wf>
         <wf lemma="z" pos="X">z</wf>
         <wf lemma="mojo" pos="X">mojo</wf>
         <wf lemma="naivnostjo" pos="X">naivnostjo</wf>
         <wf lemma="je" pos="X">je</wf>
         <wf lemma="imela" pos="X">imela</wf>
         <wf lemma="nekaj" pos="X">nekaj</wf>
         <wf lemma="skupnega" pos="X">skupnega</wf>
         <wf lemma="." pos="X">.</wf>
      </sentence>
      <sentence id="d000.s571" source="wordnet-slovenian">
         <wf lemma="Ta" pos="X">Ta</wf>
         <wf lemma="reakcija" pos="X">reakcija</wf>
         <wf lemma="upočasnjuje" pos="X">upočasnjuje</wf>
         <instance id="d000.s571.t000" lemma="razvoj" pos="NOUN">razvoj</instance>
         <wf lemma="vina" pos="X">vina</wf>
         <wf lemma="in" pos="X">in</wf>
         <wf lemma="mu" pos="X">mu</wf>
         <wf lemma="daje" pos="X">daje</wf>
         <wf lemma="kompleksnost" pos="X">kompleksnost</wf>
         <wf lemma="v" pos="X">v</wf>
         <wf lemma="barvi" pos="X">barvi</wf>
         <wf lemma="in" pos="X">in</wf>
         <wf lemma="okusu" pos="X">okusu</wf>
         <wf lemma="." pos="X">.</wf>
      </sentence>
      <sentence id="d000.s572" source="wordnet-slovenian">
         <wf lemma="Ta" pos="X">Ta</wf>
         <instance id="d000.s572.t000" lemma="podjetje" pos="NOUN">podjetja</instance>
         <wf lemma="namreč" pos="X">namreč</wf>
         <wf lemma="rabijo" pos="X">rabijo</wf>
         <wf lemma="več" pos="X">več</wf>
         <wf lemma="časa" pos="X">časa</wf>
         <wf lemma="," pos="X">,</wf>
         <wf lemma="da" pos="X">da</wf>
         <wf lemma="bodo" pos="X">bodo</wf>
         <wf lemma="lahko" pos="X">lahko</wf>
         <wf lemma="povečala" pos="X">povečala</wf>
         <wf lemma="proizvodne" pos="X">proizvodne</wf>
         <wf lemma="zmogljivosti" pos="X">zmogljivosti</wf>
         <wf lemma="," pos="X">,</wf>
         <wf lemma="dodatno" pos="X">dodatno</wf>
         <wf lemma="izobrazila" pos="X">izobrazila</wf>
         <wf lemma="zaposlene" pos="X">zaposlene</wf>
         <wf lemma="itd." pos="X">itd.</wf>
      </sentence>
      <sentence id="d000.s573" source="wordnet-slovenian">
         <wf lemma="Tako" pos="X">Tako</wf>
         <wf lemma="Melik" pos="X">Melik</wf>
         <wf lemma="(" pos="X">(</wf>
         <wf lemma="1959" pos="X">1959</wf>
         <wf lemma=")" pos="X">)</wf>
         <wf lemma="meni" pos="X">meni</wf>
         <wf lemma="," pos="X">,</wf>
         <wf lemma="da" pos="X">da</wf>
         <wf lemma="so" pos="X">so</wf>
         <wf lemma="vojaško" pos="X">vojaško</wf>
         <wf lemma="-" pos="X">-</wf>
         <wf lemma="strateški" pos="X">strateški</wf>
         <wf lemma="razlogi" pos="X">razlogi</wf>
         <wf lemma="za" pos="X">za</wf>
         <wf lemma="ustanovitev" pos="X">ustanovitev</wf>
         <instance id="d000.s573.t000" lemma="mesto" pos="NOUN">mesta</instance>
         <wf lemma="sčasoma" pos="X">sčasoma</wf>
         <wf lemma="izgubljali" pos="X">izgubljali</wf>
         <wf lemma="svojo" pos="X">svojo</wf>
         <wf lemma="vrednost" pos="X">vrednost</wf>
         <wf lemma="," pos="X">,</wf>
         <wf lemma="toliko" pos="X">toliko</wf>
         <wf lemma="bolj" pos="X">bolj</wf>
         <wf lemma="pa" pos="X">pa</wf>
         <wf lemma="se" pos="X">se</wf>
         <wf lemma="je" pos="X">je</wf>
         <wf lemma="kazalo" pos="X">kazalo</wf>
         <wf lemma="," pos="X">,</wf>
         <wf lemma="da" pos="X">da</wf>
         <wf lemma="je" pos="X">je</wf>
         <wf lemma="Kostanjevica" pos="X">Kostanjevica</wf>
         <wf lemma="za" pos="X">za</wf>
         <wf lemma="tržišče" pos="X">tržišče</wf>
         <wf lemma="in" pos="X">in</wf>
         <wf lemma="gospodarsko" pos="X">gospodarsko</wf>
         <wf lemma="središče" pos="X">središče</wf>
         <wf lemma="ni" pos="X">ni</wf>
         <wf lemma="bila" pos="X">bila</wf>
         <wf lemma="najbolje" pos="X">najbolje</wf>
         <wf lemma="odbrana" pos="X">odbrana</wf>
         <wf lemma="." pos="X">.</wf>
      </sentence>
      <sentence id="d000.s574" source="wordnet-slovenian">
         <wf lemma="Prav" pos="X">Prav</wf>
         <wf lemma="zato" pos="X">zato</wf>
         <wf lemma="za" pos="X">za</wf>
         <wf lemma="OI" pos="X">OI</wf>
         <wf lemma="tudi" pos="X">tudi</wf>
         <wf lemma="ne" pos="X">ne</wf>
         <wf lemma="želim" pos="X">želim</wf>
         <wf lemma="dajati" pos="X">dajati</wf>
         <wf lemma="kakšnih" pos="X">kakšnih</wf>
         <wf lemma="posebnih" pos="X">posebnih</wf>
         <wf lemma="napovedi" pos="X">napovedi</wf>
         <wf lemma="," pos="X">,</wf>
         <wf lemma="saj" pos="X">saj</wf>
         <wf lemma="se" pos="X">se</wf>
         <wf lemma="ti" pos="X">ti</wf>
         <wf lemma="lahko" pos="X">lahko</wf>
         <wf lemma="zgodi" pos="X">zgodi</wf>
         <wf lemma="," pos="X">,</wf>
         <wf lemma="da" pos="X">da</wf>
         <wf lemma="že" pos="X">že</wf>
         <wf lemma="na" pos="X">na</wf>
         <instance id="d000.s574.t000" lemma="začetek" pos="NOUN">začetku</instance>
         <wf lemma="dobiš" pos="X">dobiš</wf>
         <wf lemma="močno" pos="X">močno</wf>
         <wf lemma="nasprotnico" pos="X">nasprotnico</wf>
         <wf lemma="," pos="X">,</wf>
         <wf lemma="ki" pos="X">ki</wf>
         <wf lemma="nato" pos="X">nato</wf>
         <wf lemma="izpade" pos="X">izpade</wf>
         <wf lemma="in" pos="X">in</wf>
         <wf lemma="nimaš" pos="X">nimaš</wf>
         <wf lemma="več" pos="X">več</wf>
         <wf lemma="popravnega" pos="X">popravnega</wf>
         <wf lemma="izpita" pos="X">izpita</wf>
         <wf lemma="." pos="X">.</wf>
      </sentence>
      <sentence id="d000.s575" source="wordnet-slovenian">
         <wf lemma="Hkrati" pos="X">Hkrati</wf>
         <wf lemma="sodeluje" pos="X">sodeluje</wf>
         <wf lemma="tudi" pos="X">tudi</wf>
         <wf lemma="z" pos="X">z</wf>
         <wf lemma="mnogimi" pos="X">mnogimi</wf>
         <instance id="d000.s575.t000" lemma="podjetje" pos="NOUN">podjetji</instance>
         <wf lemma="kot" pos="X">kot</wf>
         <wf lemma="svetovalec" pos="X">svetovalec</wf>
         <wf lemma="pri" pos="X">pri</wf>
         <wf lemma="razvoju" pos="X">razvoju</wf>
         <wf lemma="novih" pos="X">novih</wf>
         <wf lemma="tehnik" pos="X">tehnik</wf>
         <wf lemma="menedžmenta" pos="X">menedžmenta</wf>
         <wf lemma="," pos="X">,</wf>
         <wf lemma="ki" pos="X">ki</wf>
         <wf lemma="predvidevajo" pos="X">predvidevajo</wf>
         <wf lemma="srečne" pos="X">srečne</wf>
         <wf lemma="in" pos="X">in</wf>
         <wf lemma="zadovoljne" pos="X">zadovoljne</wf>
         <wf lemma="uslužbence" pos="X">uslužbence</wf>
         <wf lemma="kot" pos="X">kot</wf>
         <wf lemma="glavni" pos="X">glavni</wf>
         <wf lemma="razlog" pos="X">razlog</wf>
         <wf lemma="za" pos="X">za</wf>
         <wf lemma="uspešno" pos="X">uspešno</wf>
         <wf lemma="in" pos="X">in</wf>
         <wf lemma="dobičkonosno" pos="X">dobičkonosno</wf>
         <wf lemma="poslovanje" pos="X">poslovanje</wf>
         <wf lemma="." pos="X">.</wf>
      </sentence>
      <sentence id="d000.s576" source="wordnet-slovenian">
         <wf lemma="Pod" pos="X">Pod</wf>
         <instance id="d000.s576.t000" lemma="točka" pos="NOUN">točko</instance>
         <wf lemma="dva" pos="X">dva</wf>
         <wf lemma="na" pos="X">na</wf>
         <wf lemma="šesti" pos="X">šesti</wf>
         <wf lemma="strani" pos="X">strani</wf>
         <wf lemma="k" pos="X">k</wf>
         <wf lemma="19." pos="X">19.</wf>
         <wf lemma="členu" pos="X">členu</wf>
         <wf lemma="imamo" pos="X">imamo</wf>
         <wf lemma="amandma" pos="X">amandma</wf>
         <wf lemma="k" pos="X">k</wf>
         <wf lemma="prvemu" pos="X">prvemu</wf>
         <wf lemma="odstavku" pos="X">odstavku</wf>
         <wf lemma="tega" pos="X">tega</wf>
         <wf lemma="člena" pos="X">člena</wf>
         <wf lemma="." pos="X">.</wf>
      </sentence>
      <sentence id="d000.s577" source="wordnet-slovenian">
         <wf lemma="Nesojena" pos="X">Nesojena</wf>
         <wf lemma="morilca" pos="X">morilca</wf>
         <wf lemma="sta" pos="X">sta</wf>
         <wf lemma="policistom" pos="X">policistom</wf>
         <wf lemma="kasneje" pos="X">kasneje</wf>
         <wf lemma="povedala" pos="X">povedala</wf>
         <wf lemma="," pos="X">,</wf>
         <wf lemma="da" pos="X">da</wf>
         <wf lemma="sta" pos="X">sta</wf>
         <wf lemma="se" pos="X">se</wf>
         <wf lemma="dogovorila" pos="X">dogovorila</wf>
         <wf lemma="," pos="X">,</wf>
         <wf lemma="da" pos="X">da</wf>
         <wf lemma="Damijana" pos="X">Damijana</wf>
         <wf lemma="R." pos="X">R.</wf>
         <wf lemma="," pos="X">,</wf>
         <wf lemma="ko" pos="X">ko</wf>
         <wf lemma="dobita" pos="X">dobita</wf>
         <instance id="d000.s577.t000" lemma="denar" pos="NOUN">denar</instance>
         <wf lemma="," pos="X">,</wf>
         <wf lemma="ubijeta" pos="X">ubijeta</wf>
         <wf lemma="in" pos="X">in</wf>
         <wf lemma="skrijeta" pos="X">skrijeta</wf>
         <wf lemma="truplo" pos="X">truplo</wf>
         <wf lemma="." pos="X">.</wf>
      </sentence>
      <sentence id="d000.s578" source="wordnet-slovenian">
         <wf lemma="Obiskovalce" pos="X">Obiskovalce</wf>
         <wf lemma="v" pos="X">v</wf>
         <wf lemma="podzemni" pos="X">podzemni</wf>
         <wf lemma="del" pos="X">del</wf>
         <wf lemma="muzeja" pos="X">muzeja</wf>
         <wf lemma="pospremi" pos="X">pospremi</wf>
         <wf lemma="vodnik" pos="X">vodnik</wf>
         <wf lemma="," pos="X">,</wf>
         <wf lemma="ki" pos="X">ki</wf>
         <wf lemma="jih" pos="X">jih</wf>
         <wf lemma="sprejme" pos="X">sprejme</wf>
         <wf lemma="v" pos="X">v</wf>
         <wf lemma="»" pos="X">»</wf>
         <wf lemma="prezivnici" pos="X">prezivnici</wf>
         <wf lemma="«" pos="X">«</wf>
         <wf lemma="," pos="X">,</wf>
         <instance id="d000.s578.t000" lemma="prostor" pos="NOUN">prostoru</instance>
         <wf lemma="," pos="X">,</wf>
         <wf lemma="kjer" pos="X">kjer</wf>
         <wf lemma="so" pos="X">so</wf>
         <wf lemma="prej" pos="X">prej</wf>
         <wf lemma="rudarji" pos="X">rudarji</wf>
         <wf lemma="čakali" pos="X">čakali</wf>
         <wf lemma="na" pos="X">na</wf>
         <wf lemma="spust" pos="X">spust</wf>
         <wf lemma="v" pos="X">v</wf>
         <wf lemma="globino" pos="X">globino</wf>
         <wf lemma="." pos="X">.</wf>
      </sentence>
      <sentence id="d000.s579" source="wordnet-slovenian">
         <wf lemma="Kakor" pos="X">Kakor</wf>
         <wf lemma="da" pos="X">da</wf>
         <wf lemma="je" pos="X">je</wf>
         <wf lemma="to" pos="X">to</wf>
         <wf lemma="moda" pos="X">moda</wf>
         <wf lemma="ali" pos="X">ali</wf>
         <wf lemma="kaj" pos="X">kaj</wf>
         <wf lemma="," pos="X">,</wf>
         <wf lemma="doživljamo" pos="X">doživljamo</wf>
         <wf lemma="že" pos="X">že</wf>
         <wf lemma="tretjo" pos="X">tretjo</wf>
         <wf lemma="dokumentarno" pos="X">dokumentarno</wf>
         <wf lemma="oddajo" pos="X">oddajo</wf>
         <wf lemma="v" pos="X">v</wf>
         <wf lemma="dveh" pos="X">dveh</wf>
         <instance id="d000.s579.t000" lemma="del" pos="NOUN">delih</instance>
         <wf lemma="(" pos="X">(</wf>
         <wf lemma="na" pos="X">na</wf>
         <wf lemma="drugi" pos="X">drugi</wf>
         <wf lemma="del" pos="X">del</wf>
         <wf lemma="Hudečkovega" pos="X">Hudečkovega</wf>
         <wf lemma="portreta" pos="X">portreta</wf>
         <wf lemma="še" pos="X">še</wf>
         <wf lemma="čakamo" pos="X">čakamo</wf>
         <wf lemma=")" pos="X">)</wf>
         <wf lemma="." pos="X">.</wf>
      </sentence>
      <sentence id="d000.s580" source="wordnet-slovenian">
         <wf lemma="Japonska" pos="X">Japonska</wf>
         <wf lemma="je" pos="X">je</wf>
         <wf lemma="pokazala" pos="X">pokazala</wf>
         <wf lemma="," pos="X">,</wf>
         <wf lemma="da" pos="X">da</wf>
         <wf lemma="je" pos="X">je</wf>
         <wf lemma="tudi" pos="X">tudi</wf>
         <wf lemma="sama" pos="X">sama</wf>
         <wf lemma="pripravljena" pos="X">pripravljena</wf>
         <wf lemma="odpreti" pos="X">odpreti</wf>
         <wf lemma="vrata" pos="X">vrata</wf>
         <wf lemma="svojemu" pos="X">svojemu</wf>
         <instance id="d000.s580.t000" lemma="območje" pos="NOUN">območju</instance>
         <wf lemma="in" pos="X">in</wf>
         <wf lemma="narediti" pos="X">narediti</wf>
         <wf lemma="korak" pos="X">korak</wf>
         <wf lemma="iz" pos="X">iz</wf>
         <wf lemma="sto" pos="X">sto</wf>
         <wf lemma="let" pos="X">let</wf>
         <wf lemma="samote" pos="X">samote</wf>
         <wf lemma="," pos="X">,</wf>
         <wf lemma="samo" pos="X">samo</wf>
         <wf lemma="da" pos="X">da</wf>
         <wf lemma="ne" pos="X">ne</wf>
         <wf lemma="bi" pos="X">bi</wf>
         <wf lemma="še" pos="X">še</wf>
         <wf lemma="naprej" pos="X">naprej</wf>
         <wf lemma="zaostajala" pos="X">zaostajala</wf>
         <wf lemma="za" pos="X">za</wf>
         <wf lemma="azijsko" pos="X">azijsko</wf>
         <wf lemma="velesilo" pos="X">velesilo</wf>
         <wf lemma="." pos="X">.</wf>
      </sentence>
      <sentence id="d000.s581" source="wordnet-slovenian">
         <wf lemma="V" pos="X">V</wf>
         <wf lemma="zvezi" pos="X">zvezi</wf>
         <wf lemma="z" pos="X">z</wf>
         <wf lemma="zagotavljanjem" pos="X">zagotavljanjem</wf>
         <wf lemma="uresničevanja" pos="X">uresničevanja</wf>
         <wf lemma="sporazuma" pos="X">sporazuma</wf>
         <wf lemma="je" pos="X">je</wf>
         <wf lemma="v" pos="X">v</wf>
         <wf lemma="njegovem" pos="X">njegovem</wf>
         <wf lemma="osnutku" pos="X">osnutku</wf>
         <wf lemma="zapisano" pos="X">zapisano</wf>
         <wf lemma="," pos="X">,</wf>
         <wf lemma="da" pos="X">da</wf>
         <instance id="d000.s581.t000" lemma="stran" pos="NOUN">strani</instance>
         <wf lemma="Nato" pos="X">Nato</wf>
         <wf lemma="pozivajo" pos="X">pozivajo</wf>
         <wf lemma="," pos="X">,</wf>
         <wf lemma="naj" pos="X">naj</wf>
         <wf lemma="na" pos="X">na</wf>
         <wf lemma="Kosovo" pos="X">Kosovo</wf>
         <wf lemma="pošlje" pos="X">pošlje</wf>
         <wf lemma="svoje" pos="X">svoje</wf>
         <wf lemma="vojaške" pos="X">vojaške</wf>
         <wf lemma="sile" pos="X">sile</wf>
         <wf lemma="(" pos="X">(</wf>
         <wf lemma="Kfor" pos="X">Kfor</wf>
         <wf lemma=")" pos="X">)</wf>
         <wf lemma="," pos="X">,</wf>
         <wf lemma="ki" pos="X">ki</wf>
         <wf lemma="bodo" pos="X">bodo</wf>
         <wf lemma="posredovale" pos="X">posredovale</wf>
         <wf lemma="," pos="X">,</wf>
         <wf lemma="če" pos="X">če</wf>
         <wf lemma="bi" pos="X">bi</wf>
         <wf lemma="bilo" pos="X">bilo</wf>
         <wf lemma="potrebno" pos="X">potrebno</wf>
         <wf lemma="." pos="X">.</wf>
      </sentence>
      <sentence id="d000.s582" source="wordnet-slovenian">
         <wf lemma="V" pos="X">V</wf>
         <wf lemma="tem" pos="X">tem</wf>
         <wf lemma="pogledu" pos="X">pogledu</wf>
         <wf lemma="torej" pos="X">torej</wf>
         <wf lemma="Mobitel" pos="X">Mobitel</wf>
         <wf lemma="zase" pos="X">zase</wf>
         <wf lemma="ni" pos="X">ni</wf>
         <wf lemma="zahteval" pos="X">zahteval</wf>
         <wf lemma="nobenih" pos="X">nobenih</wf>
         <wf lemma="posebnih" pos="X">posebnih</wf>
         <instance id="d000.s582.t000" lemma="pravica" pos="NOUN">pravic</instance>
         <wf lemma="." pos="X">.</wf>
      </sentence>
      <sentence id="d000.s583" source="wordnet-slovenian">
         <wf lemma="Odkrili" pos="X">Odkrili</wf>
         <wf lemma="bi" pos="X">bi</wf>
         <wf lemma="dokaj" pos="X">dokaj</wf>
         <wf lemma="veliko" pos="X">veliko</wf>
         <wf lemma="in" pos="X">in</wf>
         <wf lemma="zanimivo" pos="X">zanimivo</wf>
         <wf lemma="ponudbo" pos="X">ponudbo</wf>
         <wf lemma="na" pos="X">na</wf>
         <wf lemma="eni" pos="X">eni</wf>
         <wf lemma="ter" pos="X">ter</wf>
         <wf lemma="nenavadno" pos="X">nenavadno</wf>
         <wf lemma="majhno" pos="X">majhno</wf>
         <wf lemma="število" pos="X">število</wf>
         <wf lemma="obiskovalcev" pos="X">obiskovalcev</wf>
         <wf lemma="na" pos="X">na</wf>
         <wf lemma="drugi" pos="X">drugi</wf>
         <wf lemma="strani" pos="X">strani</wf>
         <wf lemma="," pos="X">,</wf>
         <wf lemma="vendar" pos="X">vendar</wf>
         <wf lemma="nas" pos="X">nas</wf>
         <wf lemma="je" pos="X">je</wf>
         <wf lemma="prehitel" pos="X">prehitel</wf>
         <instance id="d000.s583.t000" lemma="dan" pos="NOUN">dan</instance>
         <wf lemma="." pos="X">.</wf>
      </sentence>
      <sentence id="d000.s584" source="wordnet-slovenian">
         <wf lemma="Poglejte" pos="X">Poglejte</wf>
         <wf lemma="Ljubljano" pos="X">Ljubljano</wf>
         <wf lemma=":" pos="X">:</wf>
         <wf lemma="za" pos="X">za</wf>
         <wf lemma="3" pos="X">3</wf>
         <wf lemma="do" pos="X">do</wf>
         <wf lemma="4" pos="X">4</wf>
         <wf lemma="tisoč" pos="X">tisoč</wf>
         <wf lemma="mark" pos="X">mark</wf>
         <wf lemma="za" pos="X">za</wf>
         <wf lemma="kvadratni" pos="X">kvadratni</wf>
         <wf lemma="meter" pos="X">meter</wf>
         <wf lemma="investitorji" pos="X">investitorji</wf>
         <wf lemma="kljub" pos="X">kljub</wf>
         <wf lemma="agresivni" pos="X">agresivni</wf>
         <wf lemma="propagandi" pos="X">propagandi</wf>
         <wf lemma="ne" pos="X">ne</wf>
         <wf lemma="morejo" pos="X">morejo</wf>
         <wf lemma="prodati" pos="X">prodati</wf>
         <wf lemma="vsega" pos="X">vsega</wf>
         <wf lemma="," pos="X">,</wf>
         <wf lemma="saj" pos="X">saj</wf>
         <wf lemma="hočejo" pos="X">hočejo</wf>
         <wf lemma="kupci" pos="X">kupci</wf>
         <wf lemma="za" pos="X">za</wf>
         <wf lemma="tak" pos="X">tak</wf>
         <instance id="d000.s584.t000" lemma="denar" pos="NOUN">denar</instance>
         <wf lemma="kakovostno" pos="X">kakovostno</wf>
         <wf lemma="stanovanje" pos="X">stanovanje</wf>
         <wf lemma="na" pos="X">na</wf>
         <wf lemma="dobri" pos="X">dobri</wf>
         <wf lemma="lokaciji" pos="X">lokaciji</wf>
         <wf lemma="v" pos="X">v</wf>
         <wf lemma="dobri" pos="X">dobri</wf>
         <wf lemma="soseski" pos="X">soseski</wf>
         <wf lemma="." pos="X">.</wf>
      </sentence>
      <sentence id="d000.s585" source="wordnet-slovenian">
         <wf lemma="«" pos="X">«</wf>
         <wf lemma="Jan" pos="X">Jan</wf>
         <wf lemma="," pos="X">,</wf>
         <wf lemma="ki" pos="X">ki</wf>
         <wf lemma="je" pos="X">je</wf>
         <wf lemma="že" pos="X">že</wf>
         <wf lemma="nekaj" pos="X">nekaj</wf>
         <instance id="d000.s585.t000" lemma="čas" pos="NOUN">časa</instance>
         <wf lemma="razmišljal" pos="X">razmišljal</wf>
         <wf lemma="o" pos="X">o</wf>
         <wf lemma="tem" pos="X">tem</wf>
         <wf lemma="," pos="X">,</wf>
         <wf lemma="da" pos="X">da</wf>
         <wf lemma="bi" pos="X">bi</wf>
         <wf lemma="bilo" pos="X">bilo</wf>
         <wf lemma="mogoče" pos="X">mogoče</wf>
         <wf lemma="dobro" pos="X">dobro</wf>
         <wf lemma="skrajšati" pos="X">skrajšati</wf>
         <wf lemma="jadra" pos="X">jadra</wf>
         <wf lemma="," pos="X">,</wf>
         <wf lemma="je" pos="X">je</wf>
         <wf lemma="sicer" pos="X">sicer</wf>
         <wf lemma="zasikal" pos="X">zasikal</wf>
         <wf lemma="nekaj" pos="X">nekaj</wf>
         <wf lemma="kot" pos="X">kot</wf>
         <wf lemma="vse" pos="X">vse</wf>
         <wf lemma="je" pos="X">je</wf>
         <wf lemma="pod" pos="X">pod</wf>
         <wf lemma="kontrolo" pos="X">kontrolo</wf>
         <wf lemma="," pos="X">,</wf>
         <wf lemma="vendar" pos="X">vendar</wf>
         <wf lemma="je" pos="X">je</wf>
         <wf lemma="že" pos="X">že</wf>
         <wf lemma="trenutek" pos="X">trenutek</wf>
         <wf lemma="pozneje" pos="X">pozneje</wf>
         <wf lemma="na" pos="X">na</wf>
         <wf lemma="glas" pos="X">glas</wf>
         <wf lemma="oznanil" pos="X">oznanil</wf>
         <wf lemma=":" pos="X">:</wf>
         <wf lemma="»" pos="X">»</wf>
         <wf lemma="Pripravite" pos="X">Pripravite</wf>
         <wf lemma="se" pos="X">se</wf>
         <wf lemma="za" pos="X">za</wf>
         <wf lemma="krajšavo" pos="X">krajšavo</wf>
         <wf lemma="genove" pos="X">genove</wf>
         <wf lemma="!" pos="X">!</wf>
      </sentence>
      <sentence id="d000.s586" source="wordnet-slovenian">
         <wf lemma="Nagnite" pos="X">Nagnite</wf>
         <wf lemma="se" pos="X">se</wf>
         <wf lemma="naprej" pos="X">naprej</wf>
         <wf lemma="in" pos="X">in</wf>
         <wf lemma="sklonite" pos="X">sklonite</wf>
         <instance id="d000.s586.t000" lemma="glava" pos="NOUN">glavo</instance>
         <wf lemma="," pos="X">,</wf>
         <wf lemma="da" pos="X">da</wf>
         <wf lemma="boste" pos="X">boste</wf>
         <wf lemma="povečali" pos="X">povečali</wf>
         <wf lemma="pritok" pos="X">pritok</wf>
         <wf lemma="krvi" pos="X">krvi</wf>
         <wf lemma="v" pos="X">v</wf>
         <wf lemma="možgane" pos="X">možgane</wf>
         <wf lemma="." pos="X">.</wf>
      </sentence>
      <sentence id="d000.s587" source="wordnet-slovenian">
         <wf lemma="Za" pos="X">Za</wf>
         <instance id="d000.s587.t000" lemma="začetek" pos="NOUN">začetek</instance>
         <wf lemma="je" pos="X">je</wf>
         <wf lemma="najbolje" pos="X">najbolje</wf>
         <wf lemma="," pos="X">,</wf>
         <wf lemma="da" pos="X">da</wf>
         <wf lemma="ugotovite" pos="X">ugotovite</wf>
         <wf lemma="," pos="X">,</wf>
         <wf lemma="ali" pos="X">ali</wf>
         <wf lemma="vaš" pos="X">vaš</wf>
         <wf lemma="dih" pos="X">dih</wf>
         <wf lemma="seže" pos="X">seže</wf>
         <wf lemma="do" pos="X">do</wf>
         <wf lemma="spolnih" pos="X">spolnih</wf>
         <wf lemma="organov" pos="X">organov</wf>
         <wf lemma="." pos="X">.</wf>
      </sentence>
      <sentence id="d000.s588" source="wordnet-slovenian">
         <wf lemma="Na" pos="X">Na</wf>
         <instance id="d000.s588.t000" lemma="leto" pos="NOUN">leto</instance>
         <wf lemma="pa" pos="X">pa</wf>
         <wf lemma="," pos="X">,</wf>
         <wf lemma="tako" pos="X">tako</wf>
         <wf lemma="ugotavlja" pos="X">ugotavlja</wf>
         <wf lemma="zadnji" pos="X">zadnji</wf>
         <wf lemma="letopis" pos="X">letopis</wf>
         <wf lemma="," pos="X">,</wf>
         <wf lemma="je" pos="X">je</wf>
         <wf lemma="v" pos="X">v</wf>
         <wf lemma="povprečju" pos="X">povprečju</wf>
         <wf lemma="vsak" pos="X">vsak</wf>
         <wf lemma="odsoten" pos="X">odsoten</wf>
         <wf lemma="v" pos="X">v</wf>
         <wf lemma="službi" pos="X">službi</wf>
         <wf lemma="5,3" pos="X">5,3</wf>
         <wf lemma="dneva" pos="X">dneva</wf>
         <wf lemma="zaradi" pos="X">zaradi</wf>
         <wf lemma="bolezni" pos="X">bolezni</wf>
         <wf lemma="." pos="X">.</wf>
      </sentence>
      <sentence id="d000.s589" source="wordnet-slovenian">
         <wf lemma="Tako" pos="X">Tako</wf>
         <wf lemma="se" pos="X">se</wf>
         <wf lemma="z" pos="X">z</wf>
         <instance id="d000.s589.t000" lemma="volja" pos="NOUN">voljo</instance>
         <wf lemma="odločamo" pos="X">odločamo</wf>
         <wf lemma="za" pos="X">za</wf>
         <wf lemma="dobro" pos="X">dobro</wf>
         <wf lemma="," pos="X">,</wf>
         <wf lemma="za" pos="X">za</wf>
         <wf lemma="izpolnjevanje" pos="X">izpolnjevanje</wf>
         <wf lemma="Božje" pos="X">Božje</wf>
         <wf lemma="volje" pos="X">volje</wf>
         <wf lemma="." pos="X">.</wf>
      </sentence>
      <sentence id="d000.s590" source="wordnet-slovenian">
         <wf lemma="Zato" pos="X">Zato</wf>
         <wf lemma="," pos="X">,</wf>
         <wf lemma="ker" pos="X">ker</wf>
         <wf lemma="je" pos="X">je</wf>
         <wf lemma="predlagatelj" pos="X">predlagatelj</wf>
         <instance id="d000.s590.t000" lemma="zakon" pos="NOUN">zakona</instance>
         <wf lemma="v" pos="X">v</wf>
         <wf lemma="22." pos="X">22.</wf>
         <wf lemma="tezi" pos="X">tezi</wf>
         <wf lemma="zajel" pos="X">zajel</wf>
         <wf lemma="dve" pos="X">dve</wf>
         <wf lemma="kategoriji" pos="X">kategoriji</wf>
         <wf lemma="kršitev" pos="X">kršitev</wf>
         <wf lemma="," pos="X">,</wf>
         <wf lemma="in" pos="X">in</wf>
         <wf lemma="sicer" pos="X">sicer</wf>
         <wf lemma="kršitve" pos="X">kršitve</wf>
         <wf lemma="," pos="X">,</wf>
         <wf lemma="s" pos="X">s</wf>
         <wf lemma="katerimi" pos="X">katerimi</wf>
         <wf lemma="ima" pos="X">ima</wf>
         <wf lemma="kršitelj" pos="X">kršitelj</wf>
         <wf lemma="materialno" pos="X">materialno</wf>
         <wf lemma="korist" pos="X">korist</wf>
         <wf lemma="od" pos="X">od</wf>
         <wf lemma="kršenja" pos="X">kršenja</wf>
         <wf lemma="členov" pos="X">členov</wf>
         <wf lemma="," pos="X">,</wf>
         <wf lemma="in" pos="X">in</wf>
         <wf lemma="druga" pos="X">druga</wf>
         <wf lemma="vrsta" pos="X">vrsta</wf>
         <wf lemma="kršitve" pos="X">kršitve</wf>
         <wf lemma="," pos="X">,</wf>
         <wf lemma="kjer" pos="X">kjer</wf>
         <wf lemma="posameznik" pos="X">posameznik</wf>
         <wf lemma="škodi" pos="X">škodi</wf>
         <wf lemma="sebi" pos="X">sebi</wf>
         <wf lemma="oziroma" pos="X">oziroma</wf>
         <wf lemma="s" pos="X">s</wf>
         <wf lemma="kajenjem" pos="X">kajenjem</wf>
         <wf lemma="ogroža" pos="X">ogroža</wf>
         <wf lemma="druge" pos="X">druge</wf>
         <wf lemma="in" pos="X">in</wf>
         <wf lemma="s" pos="X">s</wf>
         <wf lemma="tem" pos="X">tem</wf>
         <wf lemma="nima" pos="X">nima</wf>
         <wf lemma="materialne" pos="X">materialne</wf>
         <wf lemma="koristi" pos="X">koristi</wf>
         <wf lemma="." pos="X">.</wf>
      </sentence>
      <sentence id="d000.s591" source="wordnet-slovenian">
         <wf lemma="Ekonomski" pos="X">Ekonomski</wf>
         <wf lemma="inštituti" pos="X">inštituti</wf>
         <wf lemma="in" pos="X">in</wf>
         <wf lemma="analitiki" pos="X">analitiki</wf>
         <wf lemma="mednarodnih" pos="X">mednarodnih</wf>
         <wf lemma="organizacij" pos="X">organizacij</wf>
         <wf lemma="še" pos="X">še</wf>
         <wf lemma="vedno" pos="X">vedno</wf>
         <wf lemma="znižujejo" pos="X">znižujejo</wf>
         <wf lemma="svoje" pos="X">svoje</wf>
         <wf lemma="napovedi" pos="X">napovedi</wf>
         <wf lemma="stopenj" pos="X">stopenj</wf>
         <wf lemma="gospodarske" pos="X">gospodarske</wf>
         <wf lemma="rasti" pos="X">rasti</wf>
         <wf lemma="," pos="X">,</wf>
         <wf lemma="ki" pos="X">ki</wf>
         <wf lemma="so" pos="X">so</wf>
         <wf lemma="glede" pos="X">glede</wf>
         <wf lemma="na" pos="X">na</wf>
         <wf lemma="dobro" pos="X">dobro</wf>
         <instance id="d000.s591.t000" lemma="leto" pos="NOUN">leto</instance>
         <wf lemma="nazaj" pos="X">nazaj</wf>
         <wf lemma="pravzaprav" pos="X">pravzaprav</wf>
         <wf lemma="že" pos="X">že</wf>
         <wf lemma="prepolovljene" pos="X">prepolovljene</wf>
         <wf lemma="." pos="X">.</wf>
      </sentence>
      <sentence id="d000.s592" source="wordnet-slovenian">
         <wf lemma="Na" pos="X">Na</wf>
         <wf lemma="tem" pos="X">tem</wf>
         <instance id="d000.s592.t000" lemma="področje" pos="NOUN">področju</instance>
         <wf lemma="bo" pos="X">bo</wf>
         <wf lemma="treba" pos="X">treba</wf>
         <wf lemma="še" pos="X">še</wf>
         <wf lemma="marsikaj" pos="X">marsikaj</wf>
         <wf lemma="postoriti" pos="X">postoriti</wf>
         <wf lemma="." pos="X">.</wf>
      </sentence>
      <sentence id="d000.s593" source="wordnet-slovenian">
         <wf lemma="Dokazila" pos="X">Dokazila</wf>
         <wf lemma="in" pos="X">in</wf>
         <wf lemma="zapisi" pos="X">zapisi</wf>
         <wf lemma="v" pos="X">v</wf>
         <wf lemma="portfoliu" pos="X">portfoliu</wf>
         <wf lemma="vzgojitelju" pos="X">vzgojitelju</wf>
         <wf lemma="pomagajo" pos="X">pomagajo</wf>
         <wf lemma="," pos="X">,</wf>
         <wf lemma="da" pos="X">da</wf>
         <wf lemma="pripravi" pos="X">pripravi</wf>
         <wf lemma="izčrpen" pos="X">izčrpen</wf>
         <wf lemma="in" pos="X">in</wf>
         <wf lemma="zanimiv" pos="X">zanimiv</wf>
         <wf lemma="zapis" pos="X">zapis</wf>
         <wf lemma="o" pos="X">o</wf>
         <wf lemma="različnih" pos="X">različnih</wf>
         <wf lemma="področjih" pos="X">področjih</wf>
         <wf lemma="otrokovega" pos="X">otrokovega</wf>
         <instance id="d000.s593.t000" lemma="razvoj" pos="NOUN">razvoja</instance>
         <wf lemma="," pos="X">,</wf>
         <wf lemma="ki" pos="X">ki</wf>
         <wf lemma="temelji" pos="X">temelji</wf>
         <wf lemma="na" pos="X">na</wf>
         <wf lemma="dokazilih" pos="X">dokazilih</wf>
         <wf lemma="v" pos="X">v</wf>
         <wf lemma="portfoliu" pos="X">portfoliu</wf>
         <wf lemma="in" pos="X">in</wf>
         <wf lemma="ki" pos="X">ki</wf>
         <wf lemma="je" pos="X">je</wf>
         <wf lemma="edinstven" pos="X">edinstven</wf>
         <wf lemma="," pos="X">,</wf>
         <wf lemma="kakor" pos="X">kakor</wf>
         <wf lemma="je" pos="X">je</wf>
         <wf lemma="izjemen" pos="X">izjemen</wf>
         <wf lemma="vsak" pos="X">vsak</wf>
         <wf lemma="posameznik" pos="X">posameznik</wf>
         <wf lemma="." pos="X">.</wf>
      </sentence>
      <sentence id="d000.s594" source="wordnet-slovenian">
         <wf lemma="ZOPER" pos="X">ZOPER</wf>
         <wf lemma="SKLEP" pos="X">SKLEP</wf>
         <wf lemma="O" pos="X">O</wf>
         <wf lemma="PRAVICI" pos="X">PRAVICI</wf>
         <wf lemma="OZIROMA" pos="X">OZIROMA</wf>
         <wf lemma="OBVEZNOSTI" pos="X">OBVEZNOSTI</wf>
         <wf lemma="IZ" pos="X">IZ</wf>
         <wf lemma="DELOVNEGA" pos="X">DELOVNEGA</wf>
         <wf lemma="RAZMERJA" pos="X">RAZMERJA</wf>
         <wf lemma="JE" pos="X">JE</wf>
         <wf lemma="DOVOLJENO" pos="X">DOVOLJENO</wf>
         <wf lemma="SODNO" pos="X">SODNO</wf>
         <wf lemma="VARSTVO" pos="X">VARSTVO</wf>
         <wf lemma="PRED" pos="X">PRED</wf>
         <wf lemma="DELOVNIM" pos="X">DELOVNIM</wf>
         <wf lemma="SODIŠČEM" pos="X">SODIŠČEM</wf>
         <wf lemma="POD" pos="X">POD</wf>
         <instance id="d000.s594.t000" lemma="pogoj" pos="NOUN">POGOJEM</instance>
         <wf lemma="," pos="X">,</wf>
         <wf lemma="DA" pos="X">DA</wf>
         <wf lemma="JE" pos="X">JE</wf>
         <wf lemma="JAVNI" pos="X">JAVNI</wf>
         <wf lemma="USLUŽBENEC" pos="X">USLUŽBENEC</wf>
         <wf lemma="IZKORISTIL" pos="X">IZKORISTIL</wf>
         <wf lemma="MOŽNOST" pos="X">MOŽNOST</wf>
         <wf lemma="PRITOŽBE" pos="X">PRITOŽBE</wf>
         <wf lemma="." pos="X">.</wf>
      </sentence>
      <sentence id="d000.s595" source="wordnet-slovenian">
         <wf lemma="Nekaj" pos="X">Nekaj</wf>
         <wf lemma="let" pos="X">let</wf>
         <wf lemma="po" pos="X">po</wf>
         <wf lemma="stekleničenju" pos="X">stekleničenju</wf>
         <wf lemma="vina" pos="X">vina</wf>
         <wf lemma="(" pos="X">(</wf>
         <wf lemma="eno" pos="X">eno</wf>
         <wf lemma="do" pos="X">do</wf>
         <wf lemma="tri" pos="X">tri</wf>
         <wf lemma=")" pos="X">)</wf>
         <wf lemma="je" pos="X">je</wf>
         <wf lemma="očitna" pos="X">očitna</wf>
         <instance id="d000.s595.t000" lemma="sprememba" pos="NOUN">sprememba</instance>
         <wf lemma="okusa" pos="X">okusa</wf>
         <wf lemma="vina" pos="X">vina</wf>
         <wf lemma="predvsem" pos="X">predvsem</wf>
         <wf lemma="z" pos="X">z</wf>
         <wf lemma="vidika" pos="X">vidika</wf>
         <wf lemma="taninskih" pos="X">taninskih</wf>
         <wf lemma="snovi" pos="X">snovi</wf>
         <wf lemma="." pos="X">.</wf>
      </sentence>
      <sentence id="d000.s596" source="wordnet-slovenian">
         <wf lemma="Premier" pos="X">Premier</wf>
         <wf lemma="dr." pos="X">dr.</wf>
         <wf lemma="Janez" pos="X">Janez</wf>
         <wf lemma="Drnovšek" pos="X">Drnovšek</wf>
         <wf lemma="je" pos="X">je</wf>
         <wf lemma="včeraj" pos="X">včeraj</wf>
         <wf lemma="dopoldan" pos="X">dopoldan</wf>
         <wf lemma="na" pos="X">na</wf>
         <wf lemma="celjskem" pos="X">celjskem</wf>
         <wf lemma="sejmišču" pos="X">sejmišču</wf>
         <wf lemma="odprl" pos="X">odprl</wf>
         <wf lemma="34." pos="X">34.</wf>
         <wf lemma="mednarodni" pos="X">mednarodni</wf>
         <wf lemma="obrtni" pos="X">obrtni</wf>
         <wf lemma="sejem" pos="X">sejem</wf>
         <wf lemma="," pos="X">,</wf>
         <wf lemma="na" pos="X">na</wf>
         <wf lemma="katerem" pos="X">katerem</wf>
         <wf lemma="se" pos="X">se</wf>
         <wf lemma="bo" pos="X">bo</wf>
         <wf lemma="v" pos="X">v</wf>
         <wf lemma="desetih" pos="X">desetih</wf>
         <wf lemma="dneh" pos="X">dneh</wf>
         <wf lemma="predstavilo" pos="X">predstavilo</wf>
         <wf lemma="1758" pos="X">1758</wf>
         <wf lemma="razstavljavcev" pos="X">razstavljavcev</wf>
         <wf lemma="iz" pos="X">iz</wf>
         <wf lemma="30" pos="X">30</wf>
         <instance id="d000.s596.t000" lemma="država" pos="NOUN">držav</instance>
         <wf lemma="," pos="X">,</wf>
         <wf lemma="zvrstilo" pos="X">zvrstilo</wf>
         <wf lemma="pa" pos="X">pa</wf>
         <wf lemma="se" pos="X">se</wf>
         <wf lemma="bo" pos="X">bo</wf>
         <wf lemma="okoli" pos="X">okoli</wf>
         <wf lemma="130" pos="X">130</wf>
         <wf lemma="obsejemskih" pos="X">obsejemskih</wf>
         <wf lemma="prireditev" pos="X">prireditev</wf>
         <wf lemma="." pos="X">.</wf>
      </sentence>
      <sentence id="d000.s597" source="wordnet-slovenian">
         <wf lemma="Preden" pos="X">Preden</wf>
         <wf lemma="bodo" pos="X">bodo</wf>
         <wf lemma="s" pos="X">s</wf>
         <wf lemma="štirinožcem" pos="X">štirinožcem</wf>
         <wf lemma="stopili" pos="X">stopili</wf>
         <wf lemma="iz" pos="X">iz</wf>
         <instance id="d000.s597.t000" lemma="hiša" pos="NOUN">hiše</instance>
         <wf lemma="in" pos="X">in</wf>
         <wf lemma="se" pos="X">se</wf>
         <wf lemma="namenili" pos="X">namenili</wf>
         <wf lemma="v" pos="X">v</wf>
         <wf lemma="bližnji" pos="X">bližnji</wf>
         <wf lemma="park" pos="X">park</wf>
         <wf lemma="ali" pos="X">ali</wf>
         <wf lemma="na" pos="X">na</wf>
         <wf lemma="travnik" pos="X">travnik</wf>
         <wf lemma="," pos="X">,</wf>
         <wf lemma="bodo" pos="X">bodo</wf>
         <wf lemma="morali" pos="X">morali</wf>
         <wf lemma="dobiti" pos="X">dobiti</wf>
         <wf lemma="posebno" pos="X">posebno</wf>
         <wf lemma="dovoljenje" pos="X">dovoljenje</wf>
         <wf lemma="lokalne" pos="X">lokalne</wf>
         <wf lemma="policije" pos="X">policije</wf>
         <wf lemma="." pos="X">.</wf>
      </sentence>
      <sentence id="d000.s598" source="wordnet-slovenian">
         <wf lemma="TELIČKO" pos="X">TELIČKO</wf>
         <wf lemma="sivko" pos="X">sivko</wf>
         <wf lemma="," pos="X">,</wf>
         <wf lemma="staro" pos="X">staro</wf>
         <wf lemma="3" pos="X">3</wf>
         <instance id="d000.s598.t000" lemma="teden" pos="NOUN">tedne</instance>
         <wf lemma="," pos="X">,</wf>
         <wf lemma="prodam" pos="X">prodam</wf>
         <wf lemma="." pos="X">.</wf>
      </sentence>
      <sentence id="d000.s599" source="wordnet-slovenian">
         <wf lemma="Z" pos="X">Z</wf>
         <wf lemma="rokami" pos="X">rokami</wf>
         <wf lemma="na" pos="X">na</wf>
         <wf lemma="kozarcih" pos="X">kozarcih</wf>
         <wf lemma="in" pos="X">in</wf>
         <wf lemma="zdrobljen" pos="X">zdrobljen</wf>
         <wf lemma="na" pos="X">na</wf>
         <wf lemma="koščke" pos="X">koščke</wf>
         <wf lemma="je" pos="X">je</wf>
         <wf lemma="videl" pos="X">videl</wf>
         <wf lemma="," pos="X">,</wf>
         <wf lemma="da" pos="X">da</wf>
         <wf lemma="si" pos="X">si</wf>
         <wf lemma="je" pos="X">je</wf>
         <wf lemma="spisal" pos="X">spisal</wf>
         <instance id="d000.s599.t000" lemma="vloga" pos="NOUN">vlogo</instance>
         <wf lemma="nekakšnega" pos="X">nekakšnega</wf>
         <wf lemma="odrešitelja" pos="X">odrešitelja</wf>
         <wf lemma="," pos="X">,</wf>
         <wf lemma="nekakšnega" pos="X">nekakšnega</wf>
         <wf lemma="zmagovalca" pos="X">zmagovalca</wf>
         <wf lemma="," pos="X">,</wf>
         <wf lemma="vlogo" pos="X">vlogo</wf>
         <wf lemma="zablodelega" pos="X">zablodelega</wf>
         <wf lemma="viteza" pos="X">viteza</wf>
         <wf lemma="," pos="X">,</wf>
         <wf lemma="don" pos="X">don</wf>
         <wf lemma="Kihota" pos="X">Kihota</wf>
         <wf lemma="," pos="X">,</wf>
         <wf lemma="ki" pos="X">ki</wf>
         <wf lemma="je" pos="X">je</wf>
         <wf lemma="zgrešil" pos="X">zgrešil</wf>
         <wf lemma="čas" pos="X">čas</wf>
         <wf lemma="in" pos="X">in</wf>
         <wf lemma="vrata" pos="X">vrata</wf>
         <wf lemma="in" pos="X">in</wf>
         <wf lemma="na" pos="X">na</wf>
         <wf lemma="svojem" pos="X">svojem</wf>
         <wf lemma="vrancu" pos="X">vrancu</wf>
         <wf lemma="prijezdil" pos="X">prijezdil</wf>
         <wf lemma="v" pos="X">v</wf>
         <wf lemma="sobo" pos="X">sobo</wf>
         <wf lemma="." pos="X">.</wf>
      </sentence>
      <sentence id="d000.s600" source="wordnet-slovenian">
         <wf lemma="Kot" pos="X">Kot</wf>
         <wf lemma="so" pos="X">so</wf>
         <wf lemma="nam" pos="X">nam</wf>
         <wf lemma="pred" pos="X">pred</wf>
         <wf lemma="časom" pos="X">časom</wf>
         <wf lemma="," pos="X">,</wf>
         <wf lemma="ko" pos="X">ko</wf>
         <wf lemma="smo" pos="X">smo</wf>
         <wf lemma="o" pos="X">o</wf>
         <wf lemma="uporabi" pos="X">uporabi</wf>
         <wf lemma="novega" pos="X">novega</wf>
         <wf lemma="inštituta" pos="X">inštituta</wf>
         <wf lemma="kazenske" pos="X">kazenske</wf>
         <wf lemma="zakonodaje" pos="X">zakonodaje</wf>
         <wf lemma="poročali" pos="X">poročali</wf>
         <wf lemma="podrobneje" pos="X">podrobneje</wf>
         <wf lemma="," pos="X">,</wf>
         <wf lemma="povedali" pos="X">povedali</wf>
         <wf lemma="na" pos="X">na</wf>
         <wf lemma="ljubljanskem" pos="X">ljubljanskem</wf>
         <wf lemma="okrožnem" pos="X">okrožnem</wf>
         <wf lemma="državnem" pos="X">državnem</wf>
         <wf lemma="tožilstvu" pos="X">tožilstvu</wf>
         <wf lemma="," pos="X">,</wf>
         <wf lemma="v" pos="X">v</wf>
         <wf lemma="takih" pos="X">takih</wf>
         <instance id="d000.s600.t000" lemma="primer" pos="NOUN">primerih</instance>
         <wf lemma="tožilec" pos="X">tožilec</wf>
         <wf lemma="ob" pos="X">ob</wf>
         <wf lemma="vložitvi" pos="X">vložitvi</wf>
         <wf lemma="obtožnice" pos="X">obtožnice</wf>
         <wf lemma="ali" pos="X">ali</wf>
         <wf lemma="obtožnega" pos="X">obtožnega</wf>
         <wf lemma="predloga" pos="X">predloga</wf>
         <wf lemma="sodišču" pos="X">sodišču</wf>
         <wf lemma="predlaga" pos="X">predlaga</wf>
         <wf lemma="," pos="X">,</wf>
         <wf lemma="da" pos="X">da</wf>
         <wf lemma="zadevo" pos="X">zadevo</wf>
         <wf lemma="obravnava" pos="X">obravnava</wf>
         <wf lemma="prednostno" pos="X">prednostno</wf>
         <wf lemma="." pos="X">.</wf>
      </sentence>
      <sentence id="d000.s601" source="wordnet-slovenian">
         <wf lemma="Priložimo" pos="X">Priložimo</wf>
         <wf lemma="na" pos="X">na</wf>
         <wf lemma="koščke" pos="X">koščke</wf>
         <wf lemma="narezano" pos="X">narezano</wf>
         <wf lemma="jušno" pos="X">jušno</wf>
         <wf lemma="zelenjavo" pos="X">zelenjavo</wf>
         <wf lemma="in" pos="X">in</wf>
         <wf lemma="pečemo" pos="X">pečemo</wf>
         <wf lemma="v" pos="X">v</wf>
         <wf lemma="pečici" pos="X">pečici</wf>
         <wf lemma="približno" pos="X">približno</wf>
         <instance id="d000.s601.t000" lemma="ura" pos="NOUN">uro</instance>
         <wf lemma="." pos="X">.</wf>
      </sentence>
      <sentence id="d000.s602" source="wordnet-slovenian">
         <wf lemma="Eden" pos="X">Eden</wf>
         <wf lemma="je" pos="X">je</wf>
         <wf lemma="upor" pos="X">upor</wf>
         <wf lemma="discipliniranega" pos="X">discipliniranega</wf>
         <wf lemma="," pos="X">,</wf>
         <wf lemma="preračunanega" pos="X">preračunanega</wf>
         <wf lemma="umika" pos="X">umika</wf>
         <wf lemma="," pos="X">,</wf>
         <wf lemma="kakršen" pos="X">kakršen</wf>
         <wf lemma="je" pos="X">je</wf>
         <wf lemma="," pos="X">,</wf>
         <wf lemma="denimo" pos="X">denimo</wf>
         <wf lemma="," pos="X">,</wf>
         <wf lemma="zavračanje" pos="X">zavračanje</wf>
         <wf lemma="klobukov" pos="X">klobukov</wf>
         <wf lemma="," pos="X">,</wf>
         <wf lemma="kar" pos="X">kar</wf>
         <wf lemma="je" pos="X">je</wf>
         <wf lemma="neverjetno" pos="X">neverjetno</wf>
         <wf lemma="težko" pos="X">težko</wf>
         <wf lemma="storiti" pos="X">storiti</wf>
         <wf lemma="," pos="X">,</wf>
         <wf lemma="če" pos="X">če</wf>
         <wf lemma="si" pos="X">si</wf>
         <wf lemma="sam" pos="X">sam</wf>
         <wf lemma="," pos="X">,</wf>
         <wf lemma="in" pos="X">in</wf>
         <wf lemma="je" pos="X">je</wf>
         <wf lemma="znamenje" pos="X">znamenje</wf>
         <wf lemma="izjemno" pos="X">izjemno</wf>
         <wf lemma="močne" pos="X">močne</wf>
         <instance id="d000.s602.t000" lemma="volja" pos="NOUN">volje</instance>
         <wf lemma="." pos="X">.</wf>
      </sentence>
      <sentence id="d000.s603" source="wordnet-slovenian">
         <wf lemma="Kaj" pos="X">Kaj</wf>
         <wf lemma="naj" pos="X">naj</wf>
         <wf lemma="si" pos="X">si</wf>
         <wf lemma="mislimo" pos="X">mislimo</wf>
         <wf lemma="o" pos="X">o</wf>
         <instance id="d000.s603.t000" lemma="igra" pos="NOUN">igri</instance>
         <wf lemma="takšnih" pos="X">takšnih</wf>
         <wf lemma="otrok" pos="X">otrok</wf>
         <wf lemma="?" pos="X">?</wf>
      </sentence>
      <sentence id="d000.s604" source="wordnet-slovenian">
         <wf lemma="Bilo" pos="X">Bilo</wf>
         <wf lemma="je" pos="X">je</wf>
         <wf lemma="kakor" pos="X">kakor</wf>
         <wf lemma="v" pos="X">v</wf>
         <wf lemma="ilegali" pos="X">ilegali</wf>
         <wf lemma="," pos="X">,</wf>
         <wf lemma="razpoloženje" pos="X">razpoloženje</wf>
         <wf lemma="je" pos="X">je</wf>
         <wf lemma="bilo" pos="X">bilo</wf>
         <wf lemma="podobno" pos="X">podobno</wf>
         <wf lemma="tistemu" pos="X">tistemu</wf>
         <wf lemma="ob" pos="X">ob</wf>
         <instance id="d000.s604.t000" lemma="konec" pos="NOUN">koncu</instance>
         <wf lemma="80." pos="X">80.</wf>
         <wf lemma="let" pos="X">let</wf>
         <wf lemma="," pos="X">,</wf>
         <wf lemma="ko" pos="X">ko</wf>
         <wf lemma="so" pos="X">so</wf>
         <wf lemma="sovjetski" pos="X">sovjetski</wf>
         <wf lemma="umetniki" pos="X">umetniki</wf>
         <wf lemma="pripravljali" pos="X">pripravljali</wf>
         <wf lemma="performanse" pos="X">performanse</wf>
         <wf lemma="zaprtega" pos="X">zaprtega</wf>
         <wf lemma="tipa" pos="X">tipa</wf>
         <wf lemma="," pos="X">,</wf>
         <wf lemma="ker" pos="X">ker</wf>
         <wf lemma="jih" pos="X">jih</wf>
         <wf lemma="je" pos="X">je</wf>
         <wf lemma="policija" pos="X">policija</wf>
         <wf lemma="sicer" pos="X">sicer</wf>
         <wf lemma="že" pos="X">že</wf>
         <wf lemma="pustila" pos="X">pustila</wf>
         <wf lemma="pri" pos="X">pri</wf>
         <wf lemma="miru" pos="X">miru</wf>
         <wf lemma="," pos="X">,</wf>
         <wf lemma="a" pos="X">a</wf>
         <wf lemma="javno" pos="X">javno</wf>
         <wf lemma="še" pos="X">še</wf>
         <wf lemma="niso" pos="X">niso</wf>
         <wf lemma="smeli" pos="X">smeli</wf>
         <wf lemma="nastopiti" pos="X">nastopiti</wf>
         <wf lemma="." pos="X">.</wf>
      </sentence>
      <sentence id="d000.s605" source="wordnet-slovenian">
         <wf lemma="Wesley" pos="X">Wesley</wf>
         <wf lemma="Snipes" pos="X">Snipes</wf>
         <wf lemma="," pos="X">,</wf>
         <wf lemma="mejaško" pos="X">mejaško</wf>
         <wf lemma="-" pos="X">-</wf>
         <wf lemma="psihopatski" pos="X">psihopatski</wf>
         <wf lemma="narko" pos="X">narko</wf>
         <wf lemma="-" pos="X">-</wf>
         <wf lemma="baron" pos="X">baron</wf>
         <wf lemma="v" pos="X">v</wf>
         <wf lemma="filmu" pos="X">filmu</wf>
         <wf lemma="New" pos="X">New</wf>
         <wf lemma="Jack" pos="X">Jack</wf>
         <wf lemma="City" pos="X">City</wf>
         <wf lemma="," pos="X">,</wf>
         <wf lemma="pa" pos="X">pa</wf>
         <wf lemma="ima" pos="X">ima</wf>
         <wf lemma="drugačno" pos="X">drugačno</wf>
         <wf lemma="vizijo" pos="X">vizijo</wf>
         <wf lemma=":" pos="X">:</wf>
         <wf lemma="v" pos="X">v</wf>
         <wf lemma="getu" pos="X">getu</wf>
         <wf lemma="vse" pos="X">vse</wf>
         <wf lemma="»" pos="X">»</wf>
         <wf lemma="meje" pos="X">meje</wf>
         <wf lemma="«" pos="X">«</wf>
         <wf lemma="še" pos="X">še</wf>
         <wf lemma="niso" pos="X">niso</wf>
         <wf lemma="osvojene" pos="X">osvojene</wf>
         <wf lemma="," pos="X">,</wf>
         <wf lemma="zato" pos="X">zato</wf>
         <wf lemma="ga" pos="X">ga</wf>
         <wf lemma="je" pos="X">je</wf>
         <wf lemma="treba" pos="X">treba</wf>
         <wf lemma="preleviti" pos="X">preleviti</wf>
         <wf lemma="v" pos="X">v</wf>
         <wf lemma="post" pos="X">post</wf>
         <wf lemma="-" pos="X">-</wf>
         <wf lemma="utopično" pos="X">utopično</wf>
         <wf lemma="in" pos="X">in</wf>
         <wf lemma="ultra" pos="X">ultra</wf>
         <wf lemma="-" pos="X">-</wf>
         <wf lemma="korporirano" pos="X">korporirano</wf>
         <wf lemma="zaprto" pos="X">zaprto</wf>
         <wf lemma="trgovsko" pos="X">trgovsko</wf>
         <wf lemma="državo" pos="X">državo</wf>
         <wf lemma="," pos="X">,</wf>
         <wf lemma="Enterprise" pos="X">Enterprise</wf>
         <wf lemma="(" pos="X">(</wf>
         <wf lemma="marketing" pos="X">marketing</wf>
         <wf lemma="&amp;" pos="X">&amp;</wf>
         <wf lemma="strategija" pos="X">strategija</wf>
         <wf lemma="," pos="X">,</wf>
         <wf lemma="consulting" pos="X">consulting</wf>
         <wf lemma="&amp;" pos="X">&amp;</wf>
         <wf lemma="kompjuterizacija" pos="X">kompjuterizacija</wf>
         <wf lemma=")" pos="X">)</wf>
         <wf lemma="," pos="X">,</wf>
         <wf lemma="podobno" pos="X">podobno</wf>
         <wf lemma="tistim" pos="X">tistim</wf>
         <wf lemma="iz" pos="X">iz</wf>
         <wf lemma="filmov" pos="X">filmov</wf>
         <wf lemma="Escape" pos="X">Escape</wf>
         <wf lemma="from" pos="X">from</wf>
         <wf lemma="New" pos="X">New</wf>
         <wf lemma="York" pos="X">York</wf>
         <wf lemma="(" pos="X">(</wf>
         <wf lemma="Manhattan" pos="X">Manhattan</wf>
         <wf lemma="an" pos="X">an</wf>
         <wf lemma="sich" pos="X">sich</wf>
         <wf lemma=")" pos="X">)</wf>
         <wf lemma="," pos="X">,</wf>
         <wf lemma="Blade" pos="X">Blade</wf>
         <wf lemma="Runner" pos="X">Runner</wf>
         <wf lemma="(" pos="X">(</wf>
         <wf lemma="L." pos="X">L.</wf>
         <wf lemma="A" pos="X">A</wf>
         <wf lemma="." pos="X">.</wf>
         <wf lemma="an" pos="X">an</wf>
         <wf lemma="sich" pos="X">sich</wf>
         <wf lemma=")" pos="X">)</wf>
         <wf lemma="in" pos="X">in</wf>
         <wf lemma="Robocop" pos="X">Robocop</wf>
         <wf lemma="(" pos="X">(</wf>
         <wf lemma="Delta" pos="X">Delta</wf>
         <wf lemma="City" pos="X">City</wf>
         <wf lemma=")" pos="X">)</wf>
         <wf lemma="," pos="X">,</wf>
         <wf lemma="v" pos="X">v</wf>
         <wf lemma="kateri" pos="X">kateri</wf>
         <wf lemma="je" pos="X">je</wf>
         <wf lemma="»" pos="X">»</wf>
         <wf lemma="užitek" pos="X">užitek</wf>
         <wf lemma="«" pos="X">«</wf>
         <wf lemma="mogoč" pos="X">mogoč</wf>
         <wf lemma="le" pos="X">le</wf>
         <wf lemma="v" pos="X">v</wf>
         <instance id="d000.s605.t000" lemma="pogoj" pos="NOUN">pogojih</instance>
         <wf lemma="totalitarizma" pos="X">totalitarizma</wf>
         <wf lemma="(" pos="X">(</wf>
         <wf lemma="»" pos="X">»</wf>
         <wf lemma="uživajoče" pos="X">uživajoče</wf>
         <wf lemma="«" pos="X">«</wf>
         <wf lemma="crackerje" pos="X">crackerje</wf>
         <wf lemma="v" pos="X">v</wf>
         <wf lemma="Enterpriseu" pos="X">Enterpriseu</wf>
         <wf lemma="ščitijo" pos="X">ščitijo</wf>
         <wf lemma="ljudje" pos="X">ljudje</wf>
         <wf lemma="z" pos="X">z</wf>
         <wf lemma="avtomati" pos="X">avtomati</wf>
         <wf lemma=")" pos="X">)</wf>
         <wf lemma="." pos="X">.</wf>
      </sentence>
      <sentence id="d000.s606" source="wordnet-slovenian">
         <wf lemma="Suho" pos="X">Suho</wf>
         <wf lemma="listje" pos="X">listje</wf>
         <wf lemma="jima" pos="X">jima</wf>
         <wf lemma="je" pos="X">je</wf>
         <wf lemma="šelestelo" pos="X">šelestelo</wf>
         <wf lemma="pod" pos="X">pod</wf>
         <wf lemma="čevlji" pos="X">čevlji</wf>
         <wf lemma="," pos="X">,</wf>
         <wf lemma="ko" pos="X">ko</wf>
         <wf lemma="sta" pos="X">sta</wf>
         <wf lemma="se" pos="X">se</wf>
         <wf lemma="plazila" pos="X">plazila</wf>
         <wf lemma="mimo" pos="X">mimo</wf>
         <wf lemma="opustelih" pos="X">opustelih</wf>
         <wf lemma="gredic" pos="X">gredic</wf>
         <wf lemma="in" pos="X">in</wf>
         <wf lemma="praznih" pos="X">praznih</wf>
         <wf lemma="posod" pos="X">posod</wf>
         <wf lemma="za" pos="X">za</wf>
         <wf lemma="rože" pos="X">rože</wf>
         <wf lemma="proti" pos="X">proti</wf>
         <instance id="d000.s606.t000" lemma="hiša" pos="NOUN">hiši</instance>
         <wf lemma="." pos="X">.</wf>
      </sentence>
      <sentence id="d000.s607" source="wordnet-slovenian">
         <wf lemma="Ko" pos="X">Ko</wf>
         <wf lemma="je" pos="X">je</wf>
         <wf lemma="izrekla" pos="X">izrekla</wf>
         <wf lemma="te" pos="X">te</wf>
         <wf lemma="besede" pos="X">besede</wf>
         <wf lemma="," pos="X">,</wf>
         <wf lemma="se" pos="X">se</wf>
         <wf lemma="je" pos="X">je</wf>
         <wf lemma="v" pos="X">v</wf>
         <instance id="d000.s607.t000" lemma="prostor" pos="NOUN">prostor</instance>
         <wf lemma="vrnil" pos="X">vrnil</wf>
         <wf lemma="prejšnji" pos="X">prejšnji</wf>
         <wf lemma="mrak" pos="X">mrak</wf>
         <wf lemma="." pos="X">.</wf>
      </sentence>
      <sentence id="d000.s608" source="wordnet-slovenian">
         <wf lemma="Rade" pos="X">Rade</wf>
         <wf lemma="bi" pos="X">bi</wf>
         <wf lemma="mislile" pos="X">mislile</wf>
         <wf lemma="," pos="X">,</wf>
         <wf lemma="da" pos="X">da</wf>
         <wf lemma="so" pos="X">so</wf>
         <wf lemma="naši" pos="X">naši</wf>
         <wf lemma="pozivi" pos="X">pozivi</wf>
         <wf lemma="k" pos="X">k</wf>
         <wf lemma="realnim" pos="X">realnim</wf>
         <instance id="d000.s608.t000" lemma="svet" pos="NOUN">svetovom</instance>
         <wf lemma="več" pos="X">več</wf>
         <wf lemma="kot" pos="X">kot</wf>
         <wf lemma="le" pos="X">le</wf>
         <wf lemma="obupan" pos="X">obupan</wf>
         <wf lemma="odmik" pos="X">odmik</wf>
         <wf lemma="od" pos="X">od</wf>
         <wf lemma="cinizma" pos="X">cinizma</wf>
         <wf lemma="in" pos="X">in</wf>
         <wf lemma="dejanje" pos="X">dejanje</wf>
         <wf lemma="vere" pos="X">vere</wf>
         <wf lemma="," pos="X">,</wf>
         <wf lemma="podobno" pos="X">podobno</wf>
         <wf lemma="kakšnemu" pos="X">kakšnemu</wf>
         <wf lemma="drugemu" pos="X">drugemu</wf>
         <wf lemma="kultu" pos="X">kultu</wf>
         <wf lemma="," pos="X">,</wf>
         <wf lemma="ne" pos="X">ne</wf>
         <wf lemma="glede" pos="X">glede</wf>
         <wf lemma="na" pos="X">na</wf>
         <wf lemma="to" pos="X">to</wf>
         <wf lemma="," pos="X">,</wf>
         <wf lemma="koliko" pos="X">koliko</wf>
         <wf lemma="prostora" pos="X">prostora</wf>
         <wf lemma="radodarno" pos="X">radodarno</wf>
         <wf lemma="namenimo" pos="X">namenimo</wf>
         <wf lemma="bogatim" pos="X">bogatim</wf>
         <wf lemma="in" pos="X">in</wf>
         <wf lemma="vedno" pos="X">vedno</wf>
         <wf lemma="zgodovinsko" pos="X">zgodovinsko</wf>
         <wf lemma="specifičnim" pos="X">specifičnim</wf>
         <wf lemma="posredovanjem" pos="X">posredovanjem</wf>
         <wf lemma="," pos="X">,</wf>
         <wf lemma="s" pos="X">s</wf>
         <wf lemma="katerimi" pos="X">katerimi</wf>
         <wf lemma="moramo" pos="X">moramo</wf>
         <wf lemma="me" pos="X">me</wf>
         <wf lemma="in" pos="X">in</wf>
         <wf lemma="vsi" pos="X">vsi</wf>
         <wf lemma="drugi" pos="X">drugi</wf>
         <wf lemma="spoznavati" pos="X">spoznavati</wf>
         <wf lemma="svet" pos="X">svet</wf>
         <wf lemma="." pos="X">.</wf>
      </sentence>
      <sentence id="d000.s609" source="wordnet-slovenian">
         <wf lemma="Je" pos="X">Je</wf>
         <wf lemma="pa" pos="X">pa</wf>
         <wf lemma="opozoril" pos="X">opozoril</wf>
         <wf lemma="tudi" pos="X">tudi</wf>
         <wf lemma="na" pos="X">na</wf>
         <wf lemma="pogoje" pos="X">pogoje</wf>
         <wf lemma="," pos="X">,</wf>
         <wf lemma="ki" pos="X">ki</wf>
         <wf lemma="jih" pos="X">jih</wf>
         <wf lemma="morajo" pos="X">morajo</wf>
         <wf lemma="te" pos="X">te</wf>
         <instance id="d000.s609.t000" lemma="država" pos="NOUN">države</instance>
         <wf lemma="izpolnjevati" pos="X">izpolnjevati</wf>
         <wf lemma="(" pos="X">(</wf>
         <wf lemma="tako" pos="X">tako</wf>
         <wf lemma="je" pos="X">je</wf>
         <wf lemma="bilo" pos="X">bilo</wf>
         <wf lemma="tudi" pos="X">tudi</wf>
         <wf lemma="pri" pos="X">pri</wf>
         <wf lemma="Španiji" pos="X">Španiji</wf>
         <wf lemma="," pos="X">,</wf>
         <wf lemma="Portugalski" pos="X">Portugalski</wf>
         <wf lemma="in" pos="X">in</wf>
         <wf lemma="Grčiji" pos="X">Grčiji</wf>
         <wf lemma=")" pos="X">)</wf>
         <wf lemma="." pos="X">.</wf>
      </sentence>
      <sentence id="d000.s610" source="wordnet-slovenian">
         <wf lemma="Morje" pos="X">Morje</wf>
         <wf lemma="je" pos="X">je</wf>
         <wf lemma="nepretrgoma" pos="X">nepretrgoma</wf>
         <wf lemma="valovilo" pos="X">valovilo</wf>
         <wf lemma="in" pos="X">in</wf>
         <wf lemma="pljuskalo" pos="X">pljuskalo</wf>
         <wf lemma="vanje" pos="X">vanje</wf>
         <wf lemma="z" pos="X">z</wf>
         <wf lemma="vseh" pos="X">vseh</wf>
         <instance id="d000.s610.t000" lemma="stran" pos="NOUN">strani</instance>
         <wf lemma="," pos="X">,</wf>
         <wf lemma="na" pos="X">na</wf>
         <wf lemma="obzorju" pos="X">obzorju</wf>
         <wf lemma="pa" pos="X">pa</wf>
         <wf lemma="se" pos="X">se</wf>
         <wf lemma="ni" pos="X">ni</wf>
         <wf lemma="pokazala" pos="X">pokazala</wf>
         <wf lemma="niti" pos="X">niti</wf>
         <wf lemma="najmanjša" pos="X">najmanjša</wf>
         <wf lemma="ladja" pos="X">ladja</wf>
         <wf lemma="." pos="X">.</wf>
      </sentence>
      <sentence id="d000.s611" source="wordnet-slovenian">
         <wf lemma="Ta" pos="X">Ta</wf>
         <wf lemma="podpira" pos="X">podpira</wf>
         <wf lemma="preteklo" pos="X">preteklo</wf>
         <wf lemma="raznarodovalno" pos="X">raznarodovalno</wf>
         <instance id="d000.s611.t000" lemma="politika" pos="NOUN">politiko</instance>
         <wf lemma="na" pos="X">na</wf>
         <wf lemma="Koroškem" pos="X">Koroškem</wf>
         <wf lemma="," pos="X">,</wf>
         <wf lemma="hkrati" pos="X">hkrati</wf>
         <wf lemma="pa" pos="X">pa</wf>
         <wf lemma="pripravlja" pos="X">pripravlja</wf>
         <wf lemma="ukrepe" pos="X">ukrepe</wf>
         <wf lemma="," pos="X">,</wf>
         <wf lemma="s" pos="X">s</wf>
         <wf lemma="katerimi" pos="X">katerimi</wf>
         <wf lemma="bo" pos="X">bo</wf>
         <wf lemma="onemogočala" pos="X">onemogočala</wf>
         <wf lemma="vstopanje" pos="X">vstopanje</wf>
         <wf lemma="Slovenije" pos="X">Slovenije</wf>
         <wf lemma="v" pos="X">v</wf>
         <wf lemma="EU" pos="X">EU</wf>
         <wf lemma="." pos="X">.</wf>
      </sentence>
      <sentence id="d000.s612" source="wordnet-slovenian">
         <wf lemma=")" pos="X">)</wf>
         <wf lemma="," pos="X">,</wf>
         <wf lemma="da" pos="X">da</wf>
         <wf lemma="se" pos="X">se</wf>
         <wf lemma="je" pos="X">je</wf>
         <wf lemma="o" pos="X">o</wf>
         <wf lemma="podžupanskem" pos="X">podžupanskem</wf>
         <wf lemma="mestu" pos="X">mestu</wf>
         <wf lemma="pogovarjal" pos="X">pogovarjal</wf>
         <wf lemma="celo" pos="X">celo</wf>
         <wf lemma="z" pos="X">z</wf>
         <wf lemma="dosedanjim" pos="X">dosedanjim</wf>
         <wf lemma="županom" pos="X">županom</wf>
         <wf lemma="iz" pos="X">iz</wf>
         <instance id="d000.s612.t000" lemma="vrsta" pos="NOUN">vrst</instance>
         <wf lemma="LDS" pos="X">LDS</wf>
         <wf lemma="," pos="X">,</wf>
         <wf lemma="pa" pos="X">pa</wf>
         <wf lemma="tudi" pos="X">tudi</wf>
         <wf lemma="s" pos="X">s</wf>
         <wf lemma="Tatjano" pos="X">Tatjano</wf>
         <wf lemma="Jevševar" pos="X">Jevševar</wf>
         <wf lemma="," pos="X">,</wf>
         <wf lemma="predsednico" pos="X">predsednico</wf>
         <wf lemma="trboveljske" pos="X">trboveljske</wf>
         <wf lemma="ZLSD" pos="X">ZLSD</wf>
         <wf lemma="." pos="X">.</wf>
      </sentence>
      <sentence id="d000.s613" source="wordnet-slovenian">
         <wf lemma="Rezultat" pos="X">Rezultat</wf>
         <wf lemma="referendumov" pos="X">referendumov</wf>
         <wf lemma="so" pos="X">so</wf>
         <wf lemma="po" pos="X">po</wf>
         <instance id="d000.s613.t000" lemma="beseda" pos="NOUN">besedah</instance>
         <wf lemma="vodje" pos="X">vodje</wf>
         <wf lemma="poslancev" pos="X">poslancev</wf>
         <wf lemma="DeSUS" pos="X">DeSUS</wf>
         <wf lemma="Ivana" pos="X">Ivana</wf>
         <wf lemma="Kebriča" pos="X">Kebriča</wf>
         <wf lemma="v" pos="X">v</wf>
         <wf lemma="stranki" pos="X">stranki</wf>
         <wf lemma="pričakovali" pos="X">pričakovali</wf>
         <wf lemma="." pos="X">.</wf>
      </sentence>
      <sentence id="d000.s614" source="wordnet-slovenian">
         <wf lemma="Vzemite" pos="X">Vzemite</wf>
         <wf lemma="Larryja" pos="X">Larryja</wf>
         <wf lemma="Fishburnea" pos="X">Fishburnea</wf>
         <wf lemma="," pos="X">,</wf>
         <wf lemma="slovitega" pos="X">slovitega</wf>
         <wf lemma="surferja" pos="X">surferja</wf>
         <wf lemma="iz" pos="X">iz</wf>
         <wf lemma="filma" pos="X">filma</wf>
         <wf lemma="Apocalypse" pos="X">Apocalypse</wf>
         <wf lemma="Now" pos="X">Now</wf>
         <wf lemma=":" pos="X">:</wf>
         <wf lemma="v" pos="X">v</wf>
         <wf lemma="orto" pos="X">orto</wf>
         <wf lemma="-" pos="X">-</wf>
         <wf lemma="črnskem" pos="X">črnskem</wf>
         <wf lemma="filmu" pos="X">filmu</wf>
         <wf lemma="School" pos="X">School</wf>
         <wf lemma="Daze" pos="X">Daze</wf>
         <wf lemma="(" pos="X">(</wf>
         <wf lemma="1988" pos="X">1988</wf>
         <wf lemma="," pos="X">,</wf>
         <wf lemma="Spike" pos="X">Spike</wf>
         <wf lemma="Lee" pos="X">Lee</wf>
         <wf lemma=")" pos="X">)</wf>
         <wf lemma="je" pos="X">je</wf>
         <wf lemma="bil" pos="X">bil</wf>
         <wf lemma="še" pos="X">še</wf>
         <wf lemma="militantno" pos="X">militantno</wf>
         <wf lemma="-" pos="X">-</wf>
         <wf lemma="uporniški" pos="X">uporniški</wf>
         <wf lemma="aktivist" pos="X">aktivist</wf>
         <wf lemma="," pos="X">,</wf>
         <wf lemma="vdan" pos="X">vdan</wf>
         <wf lemma="pučistični" pos="X">pučistični</wf>
         <wf lemma="razrešitvi" pos="X">razrešitvi</wf>
         <wf lemma="»" pos="X">»</wf>
         <wf lemma="črne" pos="X">črne</wf>
         <wf lemma="stvari" pos="X">stvari</wf>
         <wf lemma="«" pos="X">«</wf>
         <wf lemma="," pos="X">,</wf>
         <wf lemma="zdaj" pos="X">zdaj</wf>
         <wf lemma="v" pos="X">v</wf>
         <wf lemma="filmu" pos="X">filmu</wf>
         <wf lemma="Boyz'n" pos="X">Boyz'n</wf>
         <wf lemma="the" pos="X">the</wf>
         <wf lemma="Hood" pos="X">Hood</wf>
         <wf lemma="(" pos="X">(</wf>
         <wf lemma="John" pos="X">John</wf>
         <wf lemma="Singleton" pos="X">Singleton</wf>
         <wf lemma=")" pos="X">)</wf>
         <wf lemma="pa" pos="X">pa</wf>
         <wf lemma="je" pos="X">je</wf>
         <wf lemma="dobro" pos="X">dobro</wf>
         <wf lemma="asimilirani" pos="X">asimilirani</wf>
         <wf lemma="oče" pos="X">oče</wf>
         <wf lemma="," pos="X">,</wf>
         <wf lemma="ki" pos="X">ki</wf>
         <wf lemma="skuša" pos="X">skuša</wf>
         <wf lemma="svojemu" pos="X">svojemu</wf>
         <wf lemma="sinu" pos="X">sinu</wf>
         <wf lemma="pokazati" pos="X">pokazati</wf>
         <wf lemma="pedagoško" pos="X">pedagoško</wf>
         <instance id="d000.s614.t000" lemma="pot" pos="NOUN">pot</instance>
         <wf lemma="iz" pos="X">iz</wf>
         <wf lemma="geta" pos="X">geta</wf>
         <wf lemma="." pos="X">.</wf>
      </sentence>
      <sentence id="d000.s615" source="wordnet-slovenian">
         <wf lemma="Vse" pos="X">Vse</wf>
         <wf lemma="je" pos="X">je</wf>
         <wf lemma="torej" pos="X">torej</wf>
         <wf lemma="v" pos="X">v</wf>
         <instance id="d000.s615.t000" lemma="človek" pos="NOUN">človeku</instance>
         <wf lemma="in" pos="X">in</wf>
         <wf lemma="v" pos="X">v</wf>
         <wf lemma="spletu" pos="X">spletu</wf>
         <wf lemma="dogodkov" pos="X">dogodkov</wf>
         <wf lemma="," pos="X">,</wf>
         <wf lemma="ki" pos="X">ki</wf>
         <wf lemma="jih" pos="X">jih</wf>
         <wf lemma="povzročajo" pos="X">povzročajo</wf>
         <wf lemma="ljudje" pos="X">ljudje</wf>
         <wf lemma="s" pos="X">s</wf>
         <wf lemma="svojimi" pos="X">svojimi</wf>
         <wf lemma="različnimi" pos="X">različnimi</wf>
         <wf lemma="interesi" pos="X">interesi</wf>
         <wf lemma="," pos="X">,</wf>
         <wf lemma="značajskimi" pos="X">značajskimi</wf>
         <wf lemma="potezami" pos="X">potezami</wf>
         <wf lemma="in" pos="X">in</wf>
         <wf lemma="strastmi" pos="X">strastmi</wf>
         <wf lemma="." pos="X">.</wf>
      </sentence>
      <sentence id="d000.s616" source="wordnet-slovenian">
         <wf lemma="Direktor" pos="X">Direktor</wf>
         <instance id="d000.s616.t000" lemma="podjetje" pos="NOUN">podjetja</instance>
         <wf lemma="Steve" pos="X">Steve</wf>
         <wf lemma="Jobs" pos="X">Jobs</wf>
         <wf lemma="," pos="X">,</wf>
         <wf lemma="ki" pos="X">ki</wf>
         <wf lemma="je" pos="X">je</wf>
         <wf lemma="v" pos="X">v</wf>
         <wf lemma="zadnjih" pos="X">zadnjih</wf>
         <wf lemma="treh" pos="X">treh</wf>
         <wf lemma="letih" pos="X">letih</wf>
         <wf lemma="podjetje" pos="X">podjetje</wf>
         <wf lemma="vodil" pos="X">vodil</wf>
         <wf lemma="izjemno" pos="X">izjemno</wf>
         <wf lemma="uspešno" pos="X">uspešno</wf>
         <wf lemma="," pos="X">,</wf>
         <wf lemma="je" pos="X">je</wf>
         <wf lemma="napovedal" pos="X">napovedal</wf>
         <wf lemma="nove" pos="X">nove</wf>
         <wf lemma="programske" pos="X">programske</wf>
         <wf lemma="in" pos="X">in</wf>
         <wf lemma="strojne" pos="X">strojne</wf>
         <wf lemma="izdelke" pos="X">izdelke</wf>
         <wf lemma="." pos="X">.</wf>
      </sentence>
      <sentence id="d000.s617" source="wordnet-slovenian">
         <wf lemma="V" pos="X">V</wf>
         <instance id="d000.s617.t000" lemma="zveza" pos="NOUN">zvezi</instance>
         <wf lemma="z" pos="X">z</wf>
         <wf lemma="njim" pos="X">njim</wf>
         <wf lemma="so" pos="X">so</wf>
         <wf lemma="policisti" pos="X">policisti</wf>
         <wf lemma="zbrali" pos="X">zbrali</wf>
         <wf lemma="kar" pos="X">kar</wf>
         <wf lemma="precej" pos="X">precej</wf>
         <wf lemma="podatkov" pos="X">podatkov</wf>
         <wf lemma="," pos="X">,</wf>
         <wf lemma="ki" pos="X">ki</wf>
         <wf lemma="bi" pos="X">bi</wf>
         <wf lemma="lahko" pos="X">lahko</wf>
         <wf lemma="pripomogli" pos="X">pripomogli</wf>
         <wf lemma="k" pos="X">k</wf>
         <wf lemma="temu" pos="X">temu</wf>
         <wf lemma="," pos="X">,</wf>
         <wf lemma="da" pos="X">da</wf>
         <wf lemma="bi" pos="X">bi</wf>
         <wf lemma="razjasnili" pos="X">razjasnili</wf>
         <wf lemma="okoliščine" pos="X">okoliščine</wf>
         <wf lemma="njegovega" pos="X">njegovega</wf>
         <wf lemma="izginotja" pos="X">izginotja</wf>
         <wf lemma="in" pos="X">in</wf>
         <wf lemma="ga" pos="X">ga</wf>
         <wf lemma="našli" pos="X">našli</wf>
         <wf lemma="." pos="X">.</wf>
      </sentence>
      <sentence id="d000.s618" source="wordnet-slovenian">
         <wf lemma="EU" pos="X">EU</wf>
         <wf lemma="je" pos="X">je</wf>
         <wf lemma="po" pos="X">po</wf>
         <wf lemma="Bučarjevem" pos="X">Bučarjevem</wf>
         <wf lemma="mnenju" pos="X">mnenju</wf>
         <wf lemma="poskus" pos="X">poskus</wf>
         <wf lemma="zapiranja" pos="X">zapiranja</wf>
         <wf lemma="," pos="X">,</wf>
         <wf lemma="zato" pos="X">zato</wf>
         <wf lemma="se" pos="X">se</wf>
         <wf lemma="zastavlja" pos="X">zastavlja</wf>
         <wf lemma="vprašanje" pos="X">vprašanje</wf>
         <wf lemma="," pos="X">,</wf>
         <wf lemma="kakšno" pos="X">kakšno</wf>
         <wf lemma="je" pos="X">je</wf>
         <wf lemma="mesto" pos="X">mesto</wf>
         <wf lemma="Slovenije" pos="X">Slovenije</wf>
         <wf lemma="v" pos="X">v</wf>
         <wf lemma="tem" pos="X">tem</wf>
         <wf lemma="zaprtem" pos="X">zaprtem</wf>
         <instance id="d000.s618.t000" lemma="sistem" pos="NOUN">sistemu</instance>
         <wf lemma="." pos="X">.</wf>
      </sentence>
      <sentence id="d000.s619" source="wordnet-slovenian">
         <instance id="d000.s619.t000" lemma="dan" pos="NOUN">Dan</instance>
         <wf lemma="je" pos="X">je</wf>
         <wf lemma="bil" pos="X">bil</wf>
         <wf lemma="prekrasen" pos="X">prekrasen</wf>
         <wf lemma="." pos="X">.</wf>
      </sentence>
      <sentence id="d000.s620" source="wordnet-slovenian">
         <wf lemma="Na" pos="X">Na</wf>
         <instance id="d000.s620.t000" lemma="mesec" pos="NOUN">mesec</instance>
         <wf lemma="so" pos="X">so</wf>
         <wf lemma="mu" pos="X">mu</wf>
         <wf lemma="plačali" pos="X">plačali</wf>
         <wf lemma="735" pos="X">735</wf>
         <wf lemma="evrov" pos="X">evrov</wf>
         <wf lemma="," pos="X">,</wf>
         <wf lemma="polovico" pos="X">polovico</wf>
         <wf lemma="je" pos="X">je</wf>
         <wf lemma="dal" pos="X">dal</wf>
         <wf lemma="za" pos="X">za</wf>
         <wf lemma="najemnino" pos="X">najemnino</wf>
         <wf lemma="." pos="X">.</wf>
      </sentence>
      <sentence id="d000.s621" source="wordnet-slovenian">
         <wf lemma="Toda" pos="X">Toda</wf>
         <wf lemma="v" pos="X">v</wf>
         <wf lemma="Avstriji" pos="X">Avstriji</wf>
         <wf lemma="so" pos="X">so</wf>
         <wf lemma="Fagana" pos="X">Fagana</wf>
         <wf lemma="na" pos="X">na</wf>
         <wf lemma="prvi" pos="X">prvi</wf>
         <instance id="d000.s621.t000" lemma="stopnja" pos="NOUN">stopnji</instance>
         <wf lemma="oprostili" pos="X">oprostili</wf>
         <wf lemma="," pos="X">,</wf>
         <wf lemma="v" pos="X">v</wf>
         <wf lemma="Švici" pos="X">Švici</wf>
         <wf lemma="pa" pos="X">pa</wf>
         <wf lemma="sploh" pos="X">sploh</wf>
         <wf lemma="še" pos="X">še</wf>
         <wf lemma="niso" pos="X">niso</wf>
         <wf lemma="sestavili" pos="X">sestavili</wf>
         <wf lemma="obtožnice" pos="X">obtožnice</wf>
         <wf lemma="." pos="X">.</wf>
      </sentence>
      <sentence id="d000.s622" source="wordnet-slovenian">
         <wf lemma="Tako" pos="X">Tako</wf>
         <wf lemma="morajo" pos="X">morajo</wf>
         <wf lemma="slovenska" pos="X">slovenska</wf>
         <wf lemma="komunalna" pos="X">komunalna</wf>
         <instance id="d000.s622.t000" lemma="podjetje" pos="NOUN">podjetja</instance>
         <wf lemma="najemati" pos="X">najemati</wf>
         <wf lemma="drage" pos="X">drage</wf>
         <wf lemma="tuje" pos="X">tuje</wf>
         <wf lemma="firme" pos="X">firme</wf>
         <wf lemma="," pos="X">,</wf>
         <wf lemma="ki" pos="X">ki</wf>
         <wf lemma="naše" pos="X">naše</wf>
         <wf lemma="odpadke" pos="X">odpadke</wf>
         <wf lemma="potem" pos="X">potem</wf>
         <wf lemma="izvozijo" pos="X">izvozijo</wf>
         <wf lemma="," pos="X">,</wf>
         <wf lemma="domača" pos="X">domača</wf>
         <wf lemma="podjetja" pos="X">podjetja</wf>
         <wf lemma="pa" pos="X">pa</wf>
         <wf lemma="morajo" pos="X">morajo</wf>
         <wf lemma="plačati" pos="X">plačati</wf>
         <wf lemma="okoli" pos="X">okoli</wf>
         <wf lemma="400" pos="X">400</wf>
         <wf lemma="tolarjev" pos="X">tolarjev</wf>
         <wf lemma="za" pos="X">za</wf>
         <wf lemma="kilogram" pos="X">kilogram</wf>
         <wf lemma="teh" pos="X">teh</wf>
         <wf lemma="odpadkov" pos="X">odpadkov</wf>
         <wf lemma="." pos="X">.</wf>
      </sentence>
      <sentence id="d000.s623" source="wordnet-slovenian">
         <wf lemma="Ne" pos="X">Ne</wf>
         <wf lemma="da" pos="X">da</wf>
         <wf lemma="bi" pos="X">bi</wf>
         <wf lemma="pogledal" pos="X">pogledal</wf>
         <wf lemma="," pos="X">,</wf>
         <wf lemma="sem" pos="X">sem</wf>
         <wf lemma="zakoračil" pos="X">zakoračil</wf>
         <wf lemma="v" pos="X">v</wf>
         <wf lemma="eno" pos="X">eno</wf>
         <wf lemma="izmed" pos="X">izmed</wf>
         <instance id="d000.s623.t000" lemma="vrsta" pos="NOUN">vrst</instance>
         <wf lemma="," pos="X">,</wf>
         <wf lemma="z" pos="X">z</wf>
         <wf lemma="roko" pos="X">roko</wf>
         <wf lemma="udaril" pos="X">udaril</wf>
         <wf lemma="po" pos="X">po</wf>
         <wf lemma="poklopljenem" pos="X">poklopljenem</wf>
         <wf lemma="lesenem" pos="X">lesenem</wf>
         <wf lemma="sedalu" pos="X">sedalu</wf>
         <wf lemma="stola" pos="X">stola</wf>
         <wf lemma="," pos="X">,</wf>
         <wf lemma="da" pos="X">da</wf>
         <wf lemma="je" pos="X">je</wf>
         <wf lemma="glasno" pos="X">glasno</wf>
         <wf lemma="počilo" pos="X">počilo</wf>
         <wf lemma="," pos="X">,</wf>
         <wf lemma="ko" pos="X">ko</wf>
         <wf lemma="je" pos="X">je</wf>
         <wf lemma="skočilo" pos="X">skočilo</wf>
         <wf lemma="v" pos="X">v</wf>
         <wf lemma="vodoravni" pos="X">vodoravni</wf>
         <wf lemma="položaj" pos="X">položaj</wf>
         <wf lemma="." pos="X">.</wf>
      </sentence>
      <sentence id="d000.s624" source="wordnet-slovenian">
         <wf lemma="To" pos="X">To</wf>
         <wf lemma="je" pos="X">je</wf>
         <wf lemma="turističen" pos="X">turističen</wf>
         <instance id="d000.s624.t000" lemma="kraj" pos="NOUN">kraj</instance>
         <wf lemma="." pos="X">.</wf>
      </sentence>
      <sentence id="d000.s625" source="wordnet-slovenian">
         <wf lemma="Prav" pos="X">Prav</wf>
         <wf lemma="to" pos="X">to</wf>
         <wf lemma="," pos="X">,</wf>
         <wf lemma="»" pos="X">»</wf>
         <wf lemma="tiho" pos="X">tiho</wf>
         <wf lemma="«" pos="X">«</wf>
         <instance id="d000.s625.t000" lemma="sprememba" pos="NOUN">spremembo</instance>
         <wf lemma="namembnosti" pos="X">namembnosti</wf>
         <wf lemma="begunskega" pos="X">begunskega</wf>
         <wf lemma="centra" pos="X">centra</wf>
         <wf lemma="v" pos="X">v</wf>
         <wf lemma="prehodni" pos="X">prehodni</wf>
         <wf lemma="dom" pos="X">dom</wf>
         <wf lemma="za" pos="X">za</wf>
         <wf lemma="tujce" pos="X">tujce</wf>
         <wf lemma="," pos="X">,</wf>
         <wf lemma="kot" pos="X">kot</wf>
         <wf lemma="so" pos="X">so</wf>
         <wf lemma="jo" pos="X">jo</wf>
         <wf lemma="v" pos="X">v</wf>
         <wf lemma="Hrastniku" pos="X">Hrastniku</wf>
         <wf lemma="takrat" pos="X">takrat</wf>
         <wf lemma="poimenovali" pos="X">poimenovali</wf>
         <wf lemma="," pos="X">,</wf>
         <wf lemma="so" pos="X">so</wf>
         <wf lemma="Hrastničani" pos="X">Hrastničani</wf>
         <wf lemma="," pos="X">,</wf>
         <wf lemma="še" pos="X">še</wf>
         <wf lemma="posebno" pos="X">posebno</wf>
         <wf lemma="pa" pos="X">pa</wf>
         <wf lemma="njihova" pos="X">njihova</wf>
         <wf lemma="SNS" pos="X">SNS</wf>
         <wf lemma="," pos="X">,</wf>
         <wf lemma="najbolj" pos="X">najbolj</wf>
         <wf lemma="zamerili" pos="X">zamerili</wf>
         <wf lemma="pristojnim" pos="X">pristojnim</wf>
         <wf lemma="na" pos="X">na</wf>
         <wf lemma="državi" pos="X">državi</wf>
         <wf lemma="." pos="X">.</wf>
      </sentence>
      <sentence id="d000.s626" source="wordnet-slovenian">
         <wf lemma="To" pos="X">To</wf>
         <wf lemma="prakticirajo" pos="X">prakticirajo</wf>
         <wf lemma="tudi" pos="X">tudi</wf>
         <wf lemma="v" pos="X">v</wf>
         <wf lemma="drugih" pos="X">drugih</wf>
         <instance id="d000.s626.t000" lemma="vlada" pos="NOUN">vladah</instance>
         <wf lemma="." pos="X">.</wf>
      </sentence>
      <sentence id="d000.s627" source="wordnet-slovenian">
         <wf lemma="V" pos="X">V</wf>
         <wf lemma="Mariboru" pos="X">Mariboru</wf>
         <wf lemma="so" pos="X">so</wf>
         <wf lemma="se" pos="X">se</wf>
         <wf lemma="zbrali" pos="X">zbrali</wf>
         <wf lemma="praktiki" pos="X">praktiki</wf>
         <wf lemma="s" pos="X">s</wf>
         <wf lemma="tega" pos="X">tega</wf>
         <wf lemma="področja" pos="X">področja</wf>
         <wf lemma="," pos="X">,</wf>
         <wf lemma="ki" pos="X">ki</wf>
         <wf lemma="jih" pos="X">jih</wf>
         <wf lemma="je" pos="X">je</wf>
         <wf lemma="zanimala" pos="X">zanimala</wf>
         <wf lemma="vladna" pos="X">vladna</wf>
         <wf lemma="politika" pos="X">politika</wf>
         <wf lemma="o" pos="X">o</wf>
         <instance id="d000.s627.t000" lemma="voda" pos="NOUN">vodah</instance>
         <wf lemma="v" pos="X">v</wf>
         <wf lemma="Sloveniji" pos="X">Sloveniji</wf>
         <wf lemma="," pos="X">,</wf>
         <wf lemma="predvsem" pos="X">predvsem</wf>
         <wf lemma="pa" pos="X">pa</wf>
         <wf lemma="konkretni" pos="X">konkretni</wf>
         <wf lemma="primeri" pos="X">primeri</wf>
         <wf lemma="čiščenja" pos="X">čiščenja</wf>
         <wf lemma="vod" pos="X">vod</wf>
         <wf lemma="pri" pos="X">pri</wf>
         <wf lemma="nas" pos="X">nas</wf>
         <wf lemma="." pos="X">.</wf>
      </sentence>
      <sentence id="d000.s628" source="wordnet-slovenian">
         <wf lemma="Gospodar" pos="X">Gospodar</wf>
         <wf lemma="," pos="X">,</wf>
         <wf lemma="sem" pos="X">sem</wf>
         <wf lemma="odgovoril" pos="X">odgovoril</wf>
         <wf lemma="," pos="X">,</wf>
         <wf lemma="lahko" pos="X">lahko</wf>
         <wf lemma="gospoduje" pos="X">gospoduje</wf>
         <wf lemma="nad" pos="X">nad</wf>
         <wf lemma="dejanji" pos="X">dejanji</wf>
         <wf lemma="služabnika" pos="X">služabnika</wf>
         <wf lemma="," pos="X">,</wf>
         <wf lemma="ne" pos="X">ne</wf>
         <wf lemma="pa" pos="X">pa</wf>
         <wf lemma="tudi" pos="X">tudi</wf>
         <wf lemma="nad" pos="X">nad</wf>
         <wf lemma="njegovim" pos="X">njegovim</wf>
         <instance id="d000.s628.t000" lemma="življenje" pos="NOUN">življenjem</instance>
         <wf lemma="." pos="X">.</wf>
      </sentence>
      <sentence id="d000.s629" source="wordnet-slovenian">
         <wf lemma="Dajte" pos="X">Dajte</wf>
         <wf lemma="vse" pos="X">vse</wf>
         <wf lemma="od" pos="X">od</wf>
         <wf lemma="sebe" pos="X">sebe</wf>
         <wf lemma="," pos="X">,</wf>
         <wf lemma="potrudite" pos="X">potrudite</wf>
         <wf lemma="se" pos="X">se</wf>
         <wf lemma="po" pos="X">po</wf>
         <wf lemma="najboljših" pos="X">najboljših</wf>
         <instance id="d000.s629.t000" lemma="moč" pos="NOUN">močeh</instance>
         <wf lemma="," pos="X">,</wf>
         <wf lemma="delajte" pos="X">delajte</wf>
         <wf lemma="," pos="X">,</wf>
         <wf lemma="kar" pos="X">kar</wf>
         <wf lemma="ljubite" pos="X">ljubite</wf>
         <wf lemma="," pos="X">,</wf>
         <wf lemma="in" pos="X">in</wf>
         <wf lemma="življenje" pos="X">življenje</wf>
         <wf lemma="vam" pos="X">vam</wf>
         <wf lemma="bo" pos="X">bo</wf>
         <wf lemma="vrnilo" pos="X">vrnilo</wf>
         <wf lemma="v" pos="X">v</wf>
         <wf lemma="enaki" pos="X">enaki</wf>
         <wf lemma="meri" pos="X">meri</wf>
         <wf lemma="." pos="X">.</wf>
      </sentence>
      <sentence id="d000.s630" source="wordnet-slovenian">
         <wf lemma="Pri" pos="X">Pri</wf>
         <wf lemma="tem" pos="X">tem</wf>
         <wf lemma="vrtljivem" pos="X">vrtljivem</wf>
         <wf lemma="gledalčevem" pos="X">gledalčevem</wf>
         <instance id="d000.s630.t000" lemma="prostor" pos="NOUN">prostoru</instance>
         <wf lemma="gre" pos="X">gre</wf>
         <wf lemma="v" pos="X">v</wf>
         <wf lemma="bistvu" pos="X">bistvu</wf>
         <wf lemma="…" pos="X">…</wf>
         <wf lemma="." pos="X">.</wf>
      </sentence>
      <sentence id="d000.s631" source="wordnet-slovenian">
         <wf lemma="Fotografija" pos="X">Fotografija</wf>
         <wf lemma="kaže" pos="X">kaže</wf>
         <wf lemma="velikansko" pos="X">velikansko</wf>
         <wf lemma="sipinsko" pos="X">sipinsko</wf>
         <instance id="d000.s631.t000" lemma="območje" pos="NOUN">območje</instance>
         <wf lemma="Al" pos="X">Al</wf>
         <wf lemma="Kidan" pos="X">Kidan</wf>
         <wf lemma="na" pos="X">na</wf>
         <wf lemma="vzhodu" pos="X">vzhodu</wf>
         <wf lemma="Savdske" pos="X">Savdske</wf>
         <wf lemma="Arabije" pos="X">Arabije</wf>
         <wf lemma="," pos="X">,</wf>
         <wf lemma="kjer" pos="X">kjer</wf>
         <wf lemma="skoraj" pos="X">skoraj</wf>
         <wf lemma="nikoli" pos="X">nikoli</wf>
         <wf lemma="ne" pos="X">ne</wf>
         <wf lemma="dežuje" pos="X">dežuje</wf>
         <wf lemma="." pos="X">.</wf>
      </sentence>
      <sentence id="d000.s632" source="wordnet-slovenian">
         <wf lemma="OTOČEC" pos="X">OTOČEC</wf>
         <wf lemma="-" pos="X">-</wf>
         <wf lemma="V" pos="X">V</wf>
         <wf lemma="soboto" pos="X">soboto</wf>
         <wf lemma="," pos="X">,</wf>
         <wf lemma="11." pos="X">11.</wf>
         <wf lemma="maja" pos="X">maja</wf>
         <wf lemma="," pos="X">,</wf>
         <wf lemma="od" pos="X">od</wf>
         <wf lemma="15." pos="X">15.</wf>
         <instance id="d000.s632.t000" lemma="ura" pos="NOUN">ure</instance>
         <wf lemma="dalje" pos="X">dalje</wf>
         <wf lemma="se" pos="X">se</wf>
         <wf lemma="bo" pos="X">bo</wf>
         <wf lemma="restavracija" pos="X">restavracija</wf>
         <wf lemma="Tango" pos="X">Tango</wf>
         <wf lemma="na" pos="X">na</wf>
         <wf lemma="Otočcu" pos="X">Otočcu</wf>
         <wf lemma="spremenila" pos="X">spremenila</wf>
         <wf lemma="v" pos="X">v</wf>
         <wf lemma="pravi" pos="X">pravi</wf>
         <wf lemma="plesni" pos="X">plesni</wf>
         <wf lemma="center" pos="X">center</wf>
         <wf lemma="." pos="X">.</wf>
      </sentence>
      <sentence id="d000.s633" source="wordnet-slovenian">
         <wf lemma="Prireditev" pos="X">Prireditev</wf>
         <wf lemma="v" pos="X">v</wf>
         <instance id="d000.s633.t000" lemma="mesto" pos="NOUN">mestu</instance>
         <wf lemma="ob" pos="X">ob</wf>
         <wf lemma="Paki" pos="X">Paki</wf>
         <wf lemma="bo" pos="X">bo</wf>
         <wf lemma="na" pos="X">na</wf>
         <wf lemma="športnem" pos="X">športnem</wf>
         <wf lemma="področju" pos="X">področju</wf>
         <wf lemma="potekala" pos="X">potekala</wf>
         <wf lemma="po" pos="X">po</wf>
         <wf lemma="lanskem" pos="X">lanskem</wf>
         <wf lemma="scenariju" pos="X">scenariju</wf>
         <wf lemma="," pos="X">,</wf>
         <wf lemma="gledalci" pos="X">gledalci</wf>
         <wf lemma="pa" pos="X">pa</wf>
         <wf lemma="si" pos="X">si</wf>
         <wf lemma="bodo" pos="X">bodo</wf>
         <wf lemma="lahko" pos="X">lahko</wf>
         <wf lemma="ogledali" pos="X">ogledali</wf>
         <wf lemma="kar" pos="X">kar</wf>
         <wf lemma="deset" pos="X">deset</wf>
         <wf lemma="rokometnih" pos="X">rokometnih</wf>
         <wf lemma="tekem" pos="X">tekem</wf>
         <wf lemma="." pos="X">.</wf>
      </sentence>
      <sentence id="d000.s634" source="wordnet-slovenian">
         <wf lemma="Lucy" pos="X">Lucy</wf>
         <wf lemma="Liu" pos="X">Liu</wf>
         <wf lemma="(" pos="X">(</wf>
         <wf lemma="na" pos="X">na</wf>
         <wf lemma="sliki" pos="X">sliki</wf>
         <wf lemma=")" pos="X">)</wf>
         <wf lemma="priznava" pos="X">priznava</wf>
         <wf lemma="," pos="X">,</wf>
         <wf lemma="da" pos="X">da</wf>
         <wf lemma="so" pos="X">so</wf>
         <wf lemma="jo" pos="X">jo</wf>
         <wf lemma="v" pos="X">v</wf>
         <instance id="d000.s634.t000" lemma="šola" pos="NOUN">šoli</instance>
         <wf lemma="pogosto" pos="X">pogosto</wf>
         <wf lemma="zbadali" pos="X">zbadali</wf>
         <wf lemma="," pos="X">,</wf>
         <wf lemma="ker" pos="X">ker</wf>
         <wf lemma="ni" pos="X">ni</wf>
         <wf lemma="bila" pos="X">bila</wf>
         <wf lemma="podobna" pos="X">podobna</wf>
         <wf lemma="barbiki" pos="X">barbiki</wf>
         <wf lemma="." pos="X">.</wf>
      </sentence>
      <sentence id="d000.s635" source="wordnet-slovenian">
         <wf lemma="Kapitalska" pos="X">Kapitalska</wf>
         <wf lemma="družba" pos="X">družba</wf>
         <wf lemma="," pos="X">,</wf>
         <wf lemma="Slovenska" pos="X">Slovenska</wf>
         <wf lemma="odškodninska" pos="X">odškodninska</wf>
         <wf lemma="družba" pos="X">družba</wf>
         <wf lemma="ter" pos="X">ter</wf>
         <wf lemma="Krekov" pos="X">Krekov</wf>
         <wf lemma="pid" pos="X">pid</wf>
         <wf lemma="Zvon" pos="X">Zvon</wf>
         <wf lemma="1" pos="X">1</wf>
         <wf lemma="imajo" pos="X">imajo</wf>
         <wf lemma="v" pos="X">v</wf>
         <wf lemma="lasti" pos="X">lasti</wf>
         <wf lemma="po" pos="X">po</wf>
         <wf lemma="od" pos="X">od</wf>
         <wf lemma="10" pos="X">10</wf>
         <wf lemma="do" pos="X">do</wf>
         <wf lemma="12" pos="X">12</wf>
         <wf lemma="odstotkov" pos="X">odstotkov</wf>
         <wf lemma="delnic" pos="X">delnic</wf>
         <wf lemma="," pos="X">,</wf>
         <wf lemma="pomembnejši" pos="X">pomembnejši</wf>
         <wf lemma="lastnici" pos="X">lastnici</wf>
         <wf lemma="sta" pos="X">sta</wf>
         <wf lemma="še" pos="X">še</wf>
         <wf lemma="Nacionalna" pos="X">Nacionalna</wf>
         <wf lemma="finančna" pos="X">finančna</wf>
         <wf lemma="družba" pos="X">družba</wf>
         <wf lemma="in" pos="X">in</wf>
         <wf lemma="Atena" pos="X">Atena</wf>
         <wf lemma="," pos="X">,</wf>
         <wf lemma="v" pos="X">v</wf>
         <wf lemma="rokah" pos="X">rokah</wf>
         <wf lemma="notranjih" pos="X">notranjih</wf>
         <wf lemma="lastnikov" pos="X">lastnikov</wf>
         <wf lemma="," pos="X">,</wf>
         <wf lemma="ki" pos="X">ki</wf>
         <wf lemma="jih" pos="X">jih</wf>
         <wf lemma="po" pos="X">po</wf>
         <instance id="d000.s635.t000" lemma="beseda" pos="NOUN">besedah</instance>
         <wf lemma="direktorja" pos="X">direktorja</wf>
         <wf lemma="delnic" pos="X">delnic</wf>
         <wf lemma="Belinke" pos="X">Belinke</wf>
         <wf lemma="večinoma" pos="X">večinoma</wf>
         <wf lemma="ne" pos="X">ne</wf>
         <wf lemma="nameravajo" pos="X">nameravajo</wf>
         <wf lemma="prodati" pos="X">prodati</wf>
         <wf lemma="," pos="X">,</wf>
         <wf lemma="pa" pos="X">pa</wf>
         <wf lemma="je" pos="X">je</wf>
         <wf lemma="okoli" pos="X">okoli</wf>
         <wf lemma="30" pos="X">30</wf>
         <wf lemma="odstotkov" pos="X">odstotkov</wf>
         <wf lemma="lastništva" pos="X">lastništva</wf>
         <wf lemma="." pos="X">.</wf>
      </sentence>
      <sentence id="d000.s636" source="wordnet-slovenian">
         <wf lemma="SPREJET" pos="X">SPREJET</wf>
         <wf lemma="JE" pos="X">JE</wf>
         <wf lemma="BIL" pos="X">BIL</wf>
         <wf lemma="PRED" pos="X">PRED</wf>
         <wf lemma="KRATKIM" pos="X">KRATKIM</wf>
         <wf lemma=";" pos="X">;</wf>
         <wf lemma="VELJATI" pos="X">VELJATI</wf>
         <wf lemma="JE" pos="X">JE</wf>
         <wf lemma="ZAČEL" pos="X">ZAČEL</wf>
         <wf lemma="28." pos="X">28.</wf>
         <wf lemma="7." pos="X">7.</wf>
         <wf lemma="1999" pos="X">1999</wf>
         <wf lemma="(" pos="X">(</wf>
         <wf lemma="PETNAJSTI" pos="X">PETNAJSTI</wf>
         <instance id="d000.s636.t000" lemma="dan" pos="NOUN">DAN</instance>
         <wf lemma="PO" pos="X">PO</wf>
         <wf lemma="OBJAVI" pos="X">OBJAVI</wf>
         <wf lemma="V" pos="X">V</wf>
         <wf lemma="URADNEM" pos="X">URADNEM</wf>
         <wf lemma="LISTU" pos="X">LISTU</wf>
         <wf lemma="RS" pos="X">RS</wf>
         <wf lemma="13." pos="X">13.</wf>
         <wf lemma="7." pos="X">7.</wf>
         <wf lemma="1999" pos="X">1999</wf>
         <wf lemma=")" pos="X">)</wf>
         <wf lemma="." pos="X">.</wf>
      </sentence>
      <sentence id="d000.s637" source="wordnet-slovenian">
         <wf lemma="S" pos="X">S</wf>
         <instance id="d000.s637.t000" lemma="projekt" pos="NOUN">projektom</instance>
         <wf lemma="," pos="X">,</wf>
         <wf lemma="ki" pos="X">ki</wf>
         <wf lemma="vključuje" pos="X">vključuje</wf>
         <wf lemma="tudi" pos="X">tudi</wf>
         <wf lemma="razstavo" pos="X">razstavo</wf>
         <wf lemma="originalnih" pos="X">originalnih</wf>
         <wf lemma="del" pos="X">del</wf>
         <wf lemma="," pos="X">,</wf>
         <wf lemma="objavljenih" pos="X">objavljenih</wf>
         <wf lemma="v" pos="X">v</wf>
         <wf lemma="antologiji" pos="X">antologiji</wf>
         <wf lemma="," pos="X">,</wf>
         <wf lemma="stripovske" pos="X">stripovske</wf>
         <wf lemma="delavnice" pos="X">delavnice</wf>
         <wf lemma="," pos="X">,</wf>
         <wf lemma="jam" pos="X">jam</wf>
         <wf lemma="sessione" pos="X">sessione</wf>
         <wf lemma="in" pos="X">in</wf>
         <wf lemma="predavanja" pos="X">predavanja</wf>
         <wf lemma="," pos="X">,</wf>
         <wf lemma="so" pos="X">so</wf>
         <wf lemma="letos" pos="X">letos</wf>
         <wf lemma="gostovali" pos="X">gostovali</wf>
         <wf lemma="že" pos="X">že</wf>
         <wf lemma="v" pos="X">v</wf>
         <wf lemma="Budimpešti" pos="X">Budimpešti</wf>
         <wf lemma="," pos="X">,</wf>
         <wf lemma="Poitiersu" pos="X">Poitiersu</wf>
         <wf lemma="," pos="X">,</wf>
         <wf lemma="Bourgesu" pos="X">Bourgesu</wf>
         <wf lemma="in" pos="X">in</wf>
         <wf lemma="Parizu" pos="X">Parizu</wf>
         <wf lemma="." pos="X">.</wf>
      </sentence>
      <sentence id="d000.s638" source="wordnet-slovenian">
         <wf lemma="Jerry" pos="X">Jerry</wf>
         <wf lemma="se" pos="X">se</wf>
         <wf lemma="je" pos="X">je</wf>
         <wf lemma="štopal" pos="X">štopal</wf>
         <wf lemma="na" pos="X">na</wf>
         <instance id="d000.s638.t000" lemma="pot" pos="NOUN">poti</instance>
         <wf lemma="do" pos="X">do</wf>
         <wf lemma="zasilnega" pos="X">zasilnega</wf>
         <wf lemma="izhoda" pos="X">izhoda</wf>
         <wf lemma="na" pos="X">na</wf>
         <wf lemma="streho" pos="X">streho</wf>
         <wf lemma="." pos="X">.</wf>
      </sentence>
      <sentence id="d000.s639" source="wordnet-slovenian">
         <wf lemma="Ne" pos="X">Ne</wf>
         <wf lemma="sprašujta" pos="X">sprašujta</wf>
         <wf lemma="," pos="X">,</wf>
         <wf lemma="koliko" pos="X">koliko</wf>
         <instance id="d000.s639.t000" lemma="leto" pos="NOUN">let</instance>
         <wf lemma="je" pos="X">je</wf>
         <wf lemma="trajalo" pos="X">trajalo</wf>
         <wf lemma="," pos="X">,</wf>
         <wf lemma="preden" pos="X">preden</wf>
         <wf lemma="sem" pos="X">sem</wf>
         <wf lemma="ga" pos="X">ga</wf>
         <wf lemma="izsledil" pos="X">izsledil</wf>
         <wf lemma="." pos="X">.</wf>
      </sentence>
      <sentence id="d000.s640" source="wordnet-slovenian">
         <wf lemma="Ko" pos="X">Ko</wf>
         <wf lemma="je" pos="X">je</wf>
         <wf lemma="deklica" pos="X">deklica</wf>
         <wf lemma="videla" pos="X">videla</wf>
         <wf lemma="," pos="X">,</wf>
         <wf lemma="da" pos="X">da</wf>
         <wf lemma="oba" pos="X">oba</wf>
         <wf lemma="s" pos="X">s</wf>
         <wf lemma="starim" pos="X">starim</wf>
         <wf lemma="gospodom" pos="X">gospodom</wf>
         <wf lemma="že" pos="X">že</wf>
         <wf lemma="sediva" pos="X">sediva</wf>
         <wf lemma="," pos="X">,</wf>
         <wf lemma="se" pos="X">se</wf>
         <wf lemma="je" pos="X">je</wf>
         <wf lemma="tudi" pos="X">tudi</wf>
         <wf lemma="ona" pos="X">ona</wf>
         <wf lemma="plaho" pos="X">plaho</wf>
         <wf lemma="usedla" pos="X">usedla</wf>
         <wf lemma="in" pos="X">in</wf>
         <wf lemma="se" pos="X">se</wf>
         <wf lemma="takoj" pos="X">takoj</wf>
         <wf lemma="zazrla" pos="X">zazrla</wf>
         <wf lemma="navzgor" pos="X">navzgor</wf>
         <wf lemma="v" pos="X">v</wf>
         <wf lemma="sivkasto" pos="X">sivkasto</wf>
         <wf lemma="in" pos="X">in</wf>
         <wf lemma="na" pos="X">na</wf>
         <wf lemma="mnogih" pos="X">mnogih</wf>
         <instance id="d000.s640.t000" lemma="konec" pos="NOUN">koncih</instance>
         <wf lemma="strgano" pos="X">strgano</wf>
         <wf lemma="projekcijsko" pos="X">projekcijsko</wf>
         <wf lemma="platno" pos="X">platno</wf>
         <wf lemma="…" pos="X">…</wf>
         <wf lemma="." pos="X">.</wf>
      </sentence>
      <sentence id="d000.s641" source="wordnet-slovenian">
         <wf lemma="Tako" pos="X">Tako</wf>
         <wf lemma="je" pos="X">je</wf>
         <wf lemma="mogoče" pos="X">mogoče</wf>
         <wf lemma="po" pos="X">po</wf>
         <wf lemma="treh" pos="X">treh</wf>
         <wf lemma="do" pos="X">do</wf>
         <wf lemma="šestih" pos="X">šestih</wf>
         <wf lemma="posegih" pos="X">posegih</wf>
         <wf lemma="uničiti" pos="X">uničiti</wf>
         <wf lemma="od" pos="X">od</wf>
         <wf lemma="75" pos="X">75</wf>
         <wf lemma="do" pos="X">do</wf>
         <wf lemma="95" pos="X">95</wf>
         <wf lemma="odstotkov" pos="X">odstotkov</wf>
         <wf lemma="dlačic" pos="X">dlačic</wf>
         <wf lemma="," pos="X">,</wf>
         <wf lemma="odvisno" pos="X">odvisno</wf>
         <wf lemma="od" pos="X">od</wf>
         <wf lemma="njihovega" pos="X">njihovega</wf>
         <instance id="d000.s641.t000" lemma="tip" pos="NOUN">tipa</instance>
         <wf lemma="," pos="X">,</wf>
         <wf lemma="vrste" pos="X">vrste</wf>
         <wf lemma="kože" pos="X">kože</wf>
         <wf lemma="oziroma" pos="X">oziroma</wf>
         <wf lemma="celotnega" pos="X">celotnega</wf>
         <wf lemma="organizma" pos="X">organizma</wf>
         <wf lemma="." pos="X">.</wf>
      </sentence>
      <sentence id="d000.s642" source="wordnet-slovenian">
         <wf lemma="Eno" pos="X">Eno</wf>
         <wf lemma="najprimernejših" pos="X">najprimernejših</wf>
         <instance id="d000.s642.t000" lemma="mesto" pos="NOUN">mest</instance>
         <wf lemma="za" pos="X">za</wf>
         <wf lemma="odlaganje" pos="X">odlaganje</wf>
         <wf lemma="jajc" pos="X">jajc</wf>
         <wf lemma="bi" pos="X">bi</wf>
         <wf lemma="bila" pos="X">bila</wf>
         <wf lemma="v" pos="X">v</wf>
         <wf lemma="hrvaškem" pos="X">hrvaškem</wf>
         <wf lemma="delu" pos="X">delu</wf>
         <wf lemma="Jadrana" pos="X">Jadrana</wf>
         <wf lemma="lahko" pos="X">lahko</wf>
         <wf lemma="peščena" pos="X">peščena</wf>
         <wf lemma="plaža" pos="X">plaža</wf>
         <wf lemma="na" pos="X">na</wf>
         <wf lemma="Lopudu" pos="X">Lopudu</wf>
         <wf lemma="," pos="X">,</wf>
         <wf lemma="vendar" pos="X">vendar</wf>
         <wf lemma="se" pos="X">se</wf>
         <wf lemma="ji" pos="X">ji</wf>
         <wf lemma="želve" pos="X">želve</wf>
         <wf lemma="zaradi" pos="X">zaradi</wf>
         <wf lemma="obilice" pos="X">obilice</wf>
         <wf lemma="kopalcev" pos="X">kopalcev</wf>
         <wf lemma="pač" pos="X">pač</wf>
         <wf lemma="izogibajo" pos="X">izogibajo</wf>
         <wf lemma="." pos="X">.</wf>
      </sentence>
      <sentence id="d000.s643" source="wordnet-slovenian">
         <wf lemma="V" pos="X">V</wf>
         <wf lemma="deželni" pos="X">deželni</wf>
         <instance id="d000.s643.t000" lemma="vlada" pos="NOUN">vladi</instance>
         <wf lemma="so" pos="X">so</wf>
         <wf lemma="uredili" pos="X">uredili</wf>
         <wf lemma="Urad" pos="X">Urad</wf>
         <wf lemma="za" pos="X">za</wf>
         <wf lemma="narodnostne" pos="X">narodnostne</wf>
         <wf lemma="manjšine" pos="X">manjšine</wf>
         <wf lemma="in" pos="X">in</wf>
         <wf lemma="jim" pos="X">jim</wf>
         <wf lemma="dali" pos="X">dali</wf>
         <wf lemma="vedeti" pos="X">vedeti</wf>
         <wf lemma="," pos="X">,</wf>
         <wf lemma="da" pos="X">da</wf>
         <wf lemma="so" pos="X">so</wf>
         <wf lemma="za" pos="X">za</wf>
         <wf lemma="njih" pos="X">njih</wf>
         <wf lemma="pomembne" pos="X">pomembne</wf>
         <wf lemma="in" pos="X">in</wf>
         <wf lemma="da" pos="X">da</wf>
         <wf lemma="spoštujejo" pos="X">spoštujejo</wf>
         <wf lemma="ter" pos="X">ter</wf>
         <wf lemma="podpirajo" pos="X">podpirajo</wf>
         <wf lemma="njihova" pos="X">njihova</wf>
         <wf lemma="hotenja" pos="X">hotenja</wf>
         <wf lemma="," pos="X">,</wf>
         <wf lemma="njihovo" pos="X">njihovo</wf>
         <wf lemma="identiteto" pos="X">identiteto</wf>
         <wf lemma="v" pos="X">v</wf>
         <wf lemma="kulturnem" pos="X">kulturnem</wf>
         <wf lemma="in" pos="X">in</wf>
         <wf lemma="jezikovnem" pos="X">jezikovnem</wf>
         <wf lemma="smislu" pos="X">smislu</wf>
         <wf lemma="." pos="X">.</wf>
      </sentence>
      <sentence id="d000.s644" source="wordnet-slovenian">
         <wf lemma="Nadaljevali" pos="X">Nadaljevali</wf>
         <wf lemma="bomo" pos="X">bomo</wf>
         <wf lemma="z" pos="X">z</wf>
         <wf lemma="eno" pos="X">eno</wf>
         <wf lemma="retrospektivno" pos="X">retrospektivno</wf>
         <wf lemma="ali" pos="X">ali</wf>
         <wf lemma="pregledno" pos="X">pregledno</wf>
         <wf lemma="razstavo" pos="X">razstavo</wf>
         <wf lemma="domačega" pos="X">domačega</wf>
         <wf lemma="avtorja" pos="X">avtorja</wf>
         <wf lemma="na" pos="X">na</wf>
         <instance id="d000.s644.t000" lemma="leto" pos="NOUN">leto</instance>
         <wf lemma="," pos="X">,</wf>
         <wf lemma="s" pos="X">s</wf>
         <wf lemma="pomembnimi" pos="X">pomembnimi</wf>
         <wf lemma="študijskimi" pos="X">študijskimi</wf>
         <wf lemma="razstavami" pos="X">razstavami</wf>
         <wf lemma="in" pos="X">in</wf>
         <wf lemma="uglednimi" pos="X">uglednimi</wf>
         <wf lemma="mednarodnimi" pos="X">mednarodnimi</wf>
         <wf lemma="imeni" pos="X">imeni</wf>
         <wf lemma="." pos="X">.</wf>
      </sentence>
      <sentence id="d000.s645" source="wordnet-slovenian">
         <wf lemma="Minimalna" pos="X">Minimalna</wf>
         <wf lemma="stopnja" pos="X">stopnja</wf>
         <wf lemma="narodne" pos="X">narodne</wf>
         <wf lemma="zavesti" pos="X">zavesti</wf>
         <wf lemma="veleva" pos="X">veleva</wf>
         <wf lemma="," pos="X">,</wf>
         <wf lemma="da" pos="X">da</wf>
         <wf lemma="v" pos="X">v</wf>
         <wf lemma="duhu" pos="X">duhu</wf>
         <wf lemma="naše" pos="X">naše</wf>
         <wf lemma="narodnostne" pos="X">narodnostne</wf>
         <wf lemma="identitete" pos="X">identitete</wf>
         <wf lemma="ne" pos="X">ne</wf>
         <wf lemma="bi" pos="X">bi</wf>
         <wf lemma="smeli" pos="X">smeli</wf>
         <wf lemma="prestopiti" pos="X">prestopiti</wf>
         <wf lemma="vrat" pos="X">vrat</wf>
         <wf lemma="nasilnih" pos="X">nasilnih</wf>
         <wf lemma="trgovskih" pos="X">trgovskih</wf>
         <wf lemma="središč" pos="X">središč</wf>
         <wf lemma="še" pos="X">še</wf>
         <wf lemma="bolj" pos="X">bolj</wf>
         <wf lemma="nasilnih" pos="X">nasilnih</wf>
         <instance id="d000.s645.t000" lemma="ime" pos="NOUN">imen</instance>
         <wf lemma="." pos="X">.</wf>
      </sentence>
      <sentence id="d000.s646" source="wordnet-slovenian">
         <wf lemma="Poskušal" pos="X">Poskušal</wf>
         <wf lemma="sem" pos="X">sem</wf>
         <wf lemma="se" pos="X">se</wf>
         <wf lemma="tudi" pos="X">tudi</wf>
         <wf lemma="zbrati" pos="X">zbrati</wf>
         <wf lemma="za" pos="X">za</wf>
         <instance id="d000.s646.t000" lemma="primer" pos="NOUN">primer</instance>
         <wf lemma="," pos="X">,</wf>
         <wf lemma="če" pos="X">če</wf>
         <wf lemma="bi" pos="X">bi</wf>
         <wf lemma="našla" pos="X">našla</wf>
         <wf lemma="kaj" pos="X">kaj</wf>
         <wf lemma="nepričakovanega" pos="X">nepričakovanega</wf>
         <wf lemma="." pos="X">.</wf>
      </sentence>
      <sentence id="d000.s647" source="wordnet-slovenian">
         <wf lemma="Zdaj" pos="X">Zdaj</wf>
         <wf lemma="bi" pos="X">bi</wf>
         <wf lemma="lahko" pos="X">lahko</wf>
         <wf lemma="jaz" pos="X">jaz</wf>
         <wf lemma="obrazložil" pos="X">obrazložil</wf>
         <wf lemma="svoj" pos="X">svoj</wf>
         <instance id="d000.s647.t000" lemma="glas" pos="NOUN">glas</instance>
         <wf lemma="v" pos="X">v</wf>
         <wf lemma="imenu" pos="X">imenu</wf>
         <wf lemma="divjadi" pos="X">divjadi</wf>
         <wf lemma="," pos="X">,</wf>
         <wf lemma="ampak" pos="X">ampak</wf>
         <wf lemma="se" pos="X">se</wf>
         <wf lemma="bom" pos="X">bom</wf>
         <wf lemma="temu" pos="X">temu</wf>
         <wf lemma="raje" pos="X">raje</wf>
         <wf lemma="odpovedal" pos="X">odpovedal</wf>
         <wf lemma="." pos="X">.</wf>
      </sentence>
      <sentence id="d000.s648" source="wordnet-slovenian">
         <wf lemma="Po" pos="X">Po</wf>
         <wf lemma="njegovem" pos="X">njegovem</wf>
         <instance id="d000.s648.t000" lemma="mnenje" pos="NOUN">mnenju</instance>
         <wf lemma="so" pos="X">so</wf>
         <wf lemma="nova" pos="X">nova</wf>
         <wf lemma="dejstva" pos="X">dejstva</wf>
         <wf lemma="," pos="X">,</wf>
         <wf lemma="da" pos="X">da</wf>
         <wf lemma="formalno" pos="X">formalno</wf>
         <wf lemma="sklepa" pos="X">sklepa</wf>
         <wf lemma="o" pos="X">o</wf>
         <wf lemma="izključitvi" pos="X">izključitvi</wf>
         <wf lemma="sploh" pos="X">sploh</wf>
         <wf lemma="še" pos="X">še</wf>
         <wf lemma="niso" pos="X">niso</wf>
         <wf lemma="dobili" pos="X">dobili</wf>
         <wf lemma="in" pos="X">in</wf>
         <wf lemma="da" pos="X">da</wf>
         <wf lemma="bi" pos="X">bi</wf>
         <wf lemma="potem" pos="X">potem</wf>
         <wf lemma="morali" pos="X">morali</wf>
         <wf lemma="nadaljevati" pos="X">nadaljevati</wf>
         <wf lemma="ligo" pos="X">ligo</wf>
         <wf lemma="." pos="X">.</wf>
      </sentence>
      <sentence id="d000.s649" source="wordnet-slovenian">
         <wf lemma="Golf" pos="X">Golf</wf>
         <wf lemma="v" pos="X">v</wf>
         <wf lemma="Evropi" pos="X">Evropi</wf>
         <wf lemma="in" pos="X">in</wf>
         <instance id="d000.s649.t000" lemma="svet" pos="NOUN">svetu</instance>
         <wf lemma="še" pos="X">še</wf>
         <wf lemma="zdaleč" pos="X">zdaleč</wf>
         <wf lemma="ni" pos="X">ni</wf>
         <wf lemma="šport" pos="X">šport</wf>
         <wf lemma="elite" pos="X">elite</wf>
         <wf lemma="," pos="X">,</wf>
         <wf lemma="saj" pos="X">saj</wf>
         <wf lemma="ga" pos="X">ga</wf>
         <wf lemma="igra" pos="X">igra</wf>
         <wf lemma="okrog" pos="X">okrog</wf>
         <wf lemma="70" pos="X">70</wf>
         <wf lemma="milijonov" pos="X">milijonov</wf>
         <wf lemma="ljudi" pos="X">ljudi</wf>
         <wf lemma="," pos="X">,</wf>
         <wf lemma="kar" pos="X">kar</wf>
         <wf lemma="ga" pos="X">ga</wf>
         <wf lemma="uvršča" pos="X">uvršča</wf>
         <wf lemma="med" pos="X">med</wf>
         <wf lemma="najbolj" pos="X">najbolj</wf>
         <wf lemma="množične" pos="X">množične</wf>
         <wf lemma="športe" pos="X">športe</wf>
         <wf lemma="." pos="X">.</wf>
      </sentence>
      <sentence id="d000.s650" source="wordnet-slovenian">
         <wf lemma="Srce" pos="X">Srce</wf>
         <wf lemma="je" pos="X">je</wf>
         <wf lemma="več" pos="X">več</wf>
         <wf lemma="kakor" pos="X">kakor</wf>
         <wf lemma="človekov" pos="X">človekov</wf>
         <wf lemma="razum" pos="X">razum</wf>
         <wf lemma="," pos="X">,</wf>
         <instance id="d000.s650.t000" lemma="volja" pos="NOUN">volja</instance>
         <wf lemma="in" pos="X">in</wf>
         <wf lemma="čustvo" pos="X">čustvo</wf>
         <wf lemma="." pos="X">.</wf>
      </sentence>
      <sentence id="d000.s651" source="wordnet-slovenian">
         <wf lemma="V" pos="X">V</wf>
         <wf lemma=":" pos="X">:</wf>
         <instance id="d000.s651.t000" lemma="čas" pos="NOUN">Čas</instance>
         <wf lemma="kratke" pos="X">kratke</wf>
         <wf lemma="zgodbe" pos="X">zgodbe</wf>
         <wf lemma="." pos="X">.</wf>
      </sentence>
      <sentence id="d000.s652" source="wordnet-slovenian">
         <wf lemma="Mladinski" pos="X">Mladinski</wf>
         <wf lemma="kulturni" pos="X">kulturni</wf>
         <wf lemma="center" pos="X">center</wf>
         <wf lemma="Maribor" pos="X">Maribor</wf>
         <wf lemma="ob" pos="X">ob</wf>
         <wf lemma="podpori" pos="X">podpori</wf>
         <wf lemma="Študentske" pos="X">Študentske</wf>
         <wf lemma="organizacije" pos="X">organizacije</wf>
         <wf lemma="Univerze" pos="X">Univerze</wf>
         <wf lemma="v" pos="X">v</wf>
         <wf lemma="Mariboru" pos="X">Mariboru</wf>
         <wf lemma="pripravlja" pos="X">pripravlja</wf>
         <wf lemma="danes" pos="X">danes</wf>
         <wf lemma="ob" pos="X">ob</wf>
         <wf lemma="19." pos="X">19.</wf>
         <instance id="d000.s652.t000" lemma="ura" pos="NOUN">uri</instance>
         <wf lemma="v" pos="X">v</wf>
         <wf lemma="galeriji" pos="X">galeriji</wf>
         <wf lemma="Abruni" pos="X">Abruni</wf>
         <wf lemma="v" pos="X">v</wf>
         <wf lemma="Mariboru" pos="X">Mariboru</wf>
         <wf lemma="galerijski" pos="X">galerijski</wf>
         <wf lemma="literarni" pos="X">literarni</wf>
         <wf lemma="večer" pos="X">večer</wf>
         <wf lemma="." pos="X">.</wf>
      </sentence>
      <sentence id="d000.s653" source="wordnet-slovenian">
         <wf lemma="Devetindvajset" pos="X">Devetindvajset</wf>
         <wf lemma="stopinj" pos="X">stopinj</wf>
         <wf lemma="Celzija" pos="X">Celzija</wf>
         <wf lemma="so" pos="X">so</wf>
         <wf lemma="pokazali" pos="X">pokazali</wf>
         <wf lemma="termometri" pos="X">termometri</wf>
         <wf lemma="v" pos="X">v</wf>
         <wf lemma="Montpellieru" pos="X">Montpellieru</wf>
         <wf lemma="ob" pos="X">ob</wf>
         <wf lemma="sredozemski" pos="X">sredozemski</wf>
         <wf lemma="obali" pos="X">obali</wf>
         <wf lemma="," pos="X">,</wf>
         <wf lemma="kjer" pos="X">kjer</wf>
         <wf lemma="je" pos="X">je</wf>
         <wf lemma="bilo" pos="X">bilo</wf>
         <wf lemma="doslej" pos="X">doslej</wf>
         <wf lemma="9." pos="X">9.</wf>
         <wf lemma="marca" pos="X">marca</wf>
         <wf lemma="najtopleje" pos="X">najtopleje</wf>
         <instance id="d000.s653.t000" lemma="leto" pos="NOUN">leta</instance>
         <wf lemma="1978" pos="X">1978</wf>
         <wf lemma="-" pos="X">-</wf>
         <wf lemma="23" pos="X">23</wf>
         <wf lemma="stopinj" pos="X">stopinj</wf>
         <wf lemma="Celzija" pos="X">Celzija</wf>
         <wf lemma="." pos="X">.</wf>
      </sentence>
      <sentence id="d000.s654" source="wordnet-slovenian">
         <wf lemma="Seveda" pos="X">Seveda</wf>
         <wf lemma="pod" pos="X">pod</wf>
         <instance id="d000.s654.t000" lemma="pogoj" pos="NOUN">pogojem</instance>
         <wf lemma="," pos="X">,</wf>
         <wf lemma="da" pos="X">da</wf>
         <wf lemma="v" pos="X">v</wf>
         <wf lemma="prihodnjem" pos="X">prihodnjem</wf>
         <wf lemma="obdobju" pos="X">obdobju</wf>
         <wf lemma="ne" pos="X">ne</wf>
         <wf lemma="bodo" pos="X">bodo</wf>
         <wf lemma="začeli" pos="X">začeli</wf>
         <wf lemma="iskati" pos="X">iskati</wf>
         <wf lemma="partnerjev" pos="X">partnerjev</wf>
         <wf lemma="v" pos="X">v</wf>
         <wf lemma="poraženem" pos="X">poraženem</wf>
         <wf lemma="levo" pos="X">levo</wf>
         <wf lemma="-" pos="X">-</wf>
         <wf lemma="liberalnem" pos="X">liberalnem</wf>
         <wf lemma="bloku" pos="X">bloku</wf>
         <wf lemma="." pos="X">.</wf>
      </sentence>
      <sentence id="d000.s655" source="wordnet-slovenian">
         <wf lemma="Očividci" pos="X">Očividci</wf>
         <wf lemma="prometne" pos="X">prometne</wf>
         <wf lemma="nesreče" pos="X">nesreče</wf>
         <wf lemma="so" pos="X">so</wf>
         <wf lemma="si" pos="X">si</wf>
         <wf lemma="namreč" pos="X">namreč</wf>
         <wf lemma="dokaj" pos="X">dokaj</wf>
         <wf lemma="dobro" pos="X">dobro</wf>
         <wf lemma="zapomnili" pos="X">zapomnili</wf>
         <wf lemma="ženski" pos="X">ženski</wf>
         <wf lemma="," pos="X">,</wf>
         <wf lemma="ki" pos="X">ki</wf>
         <wf lemma="sta" pos="X">sta</wf>
         <wf lemma="se" pos="X">se</wf>
         <wf lemma="kobacali" pos="X">kobacali</wf>
         <wf lemma="iz" pos="X">iz</wf>
         <wf lemma="njegovega" pos="X">njegovega</wf>
         <wf lemma="razbitega" pos="X">razbitega</wf>
         <wf lemma="vozila" pos="X">vozila</wf>
         <wf lemma="in" pos="X">in</wf>
         <wf lemma="vse" pos="X">vse</wf>
         <wf lemma="," pos="X">,</wf>
         <wf lemma="ki" pos="X">ki</wf>
         <wf lemma="so" pos="X">so</wf>
         <wf lemma="jima" pos="X">jima</wf>
         <wf lemma="hoteli" pos="X">hoteli</wf>
         <wf lemma="pomagati" pos="X">pomagati</wf>
         <wf lemma="," pos="X">,</wf>
         <wf lemma="prepričevali" pos="X">prepričevali</wf>
         <wf lemma="," pos="X">,</wf>
         <wf lemma="da" pos="X">da</wf>
         <wf lemma="ne" pos="X">ne</wf>
         <wf lemma="potrebujeta" pos="X">potrebujeta</wf>
         <instance id="d000.s655.t000" lemma="pomoč" pos="NOUN">pomoči</instance>
         <wf lemma="." pos="X">.</wf>
      </sentence>
      <sentence id="d000.s656" source="wordnet-slovenian">
         <wf lemma="V" pos="X">V</wf>
         <wf lemma="Bruslju" pos="X">Bruslju</wf>
         <wf lemma="namenjajo" pos="X">namenjajo</wf>
         <wf lemma="veliko" pos="X">veliko</wf>
         <instance id="d000.s656.t000" lemma="denar" pos="NOUN">denarja</instance>
         <wf lemma="za" pos="X">za</wf>
         <wf lemma="različne" pos="X">različne</wf>
         <wf lemma="projekte" pos="X">projekte</wf>
         <wf lemma="." pos="X">.</wf>
      </sentence>
      <sentence id="d000.s657" source="wordnet-slovenian">
         <wf lemma="Ustvarjalci" pos="X">Ustvarjalci</wf>
         <wf lemma="so" pos="X">so</wf>
         <wf lemma="posebno" pos="X">posebno</wf>
         <wf lemma="pozornost" pos="X">pozornost</wf>
         <wf lemma="posvetili" pos="X">posvetili</wf>
         <wf lemma="slovenskemu" pos="X">slovenskemu</wf>
         <wf lemma="jeziku" pos="X">jeziku</wf>
         <wf lemma="," pos="X">,</wf>
         <wf lemma="ki" pos="X">ki</wf>
         <wf lemma="je" pos="X">je</wf>
         <wf lemma="v" pos="X">v</wf>
         <wf lemma="slovarju" pos="X">slovarju</wf>
         <wf lemma="dejansko" pos="X">dejansko</wf>
         <wf lemma="tak" pos="X">tak</wf>
         <wf lemma="," pos="X">,</wf>
         <wf lemma="kot" pos="X">kot</wf>
         <wf lemma="se" pos="X">se</wf>
         <wf lemma="pojavlja" pos="X">pojavlja</wf>
         <wf lemma="v" pos="X">v</wf>
         <instance id="d000.s657.t000" lemma="besedilo" pos="NOUN">besedilih</instance>
         <wf lemma="." pos="X">.</wf>
      </sentence>
      <sentence id="d000.s658" source="wordnet-slovenian">
         <wf lemma="Med" pos="X">Med</wf>
         <wf lemma="drugim" pos="X">drugim</wf>
         <wf lemma="to" pos="X">to</wf>
         <wf lemma="," pos="X">,</wf>
         <wf lemma="da" pos="X">da</wf>
         <wf lemma="se" pos="X">se</wf>
         <wf lemma="zavedajo" pos="X">zavedajo</wf>
         <wf lemma="," pos="X">,</wf>
         <wf lemma="da" pos="X">da</wf>
         <wf lemma="je" pos="X">je</wf>
         <wf lemma="45" pos="X">45</wf>
         <instance id="d000.s658.t000" lemma="glas" pos="NOUN">glasov</instance>
         <wf lemma="njihov" pos="X">njihov</wf>
         <wf lemma="skrajni" pos="X">skrajni</wf>
         <wf lemma="domet" pos="X">domet</wf>
         <wf lemma="v" pos="X">v</wf>
         <wf lemma="državnem" pos="X">državnem</wf>
         <wf lemma="zboru" pos="X">zboru</wf>
         <wf lemma="," pos="X">,</wf>
         <wf lemma="&quot;" pos="X">&quot;</wf>
         <wf lemma="je" pos="X">je</wf>
         <wf lemma="včeraj" pos="X">včeraj</wf>
         <wf lemma="ocenil" pos="X">ocenil</wf>
         <wf lemma="generalni" pos="X">generalni</wf>
         <wf lemma="sekretar" pos="X">sekretar</wf>
         <wf lemma="LDS" pos="X">LDS</wf>
         <wf lemma="Gregor" pos="X">Gregor</wf>
         <wf lemma="Golobič" pos="X">Golobič</wf>
         <wf lemma="." pos="X">.</wf>
      </sentence>
      <sentence id="d000.s659" source="wordnet-slovenian">
         <wf lemma="Znani" pos="X">Znani</wf>
         <wf lemma="so" pos="X">so</wf>
         <instance id="d000.s659.t000" lemma="primer" pos="NOUN">primeri</instance>
         <wf lemma="," pos="X">,</wf>
         <wf lemma="da" pos="X">da</wf>
         <wf lemma="je" pos="X">je</wf>
         <wf lemma="celo" pos="X">celo</wf>
         <wf lemma="mešanica" pos="X">mešanica</wf>
         <wf lemma="vode" pos="X">vode</wf>
         <wf lemma="z" pos="X">z</wf>
         <wf lemma="natrijevim" pos="X">natrijevim</wf>
         <wf lemma="hipokloritom" pos="X">hipokloritom</wf>
         <wf lemma="povzročila" pos="X">povzročila</wf>
         <wf lemma="manjše" pos="X">manjše</wf>
         <wf lemma="»" pos="X">»</wf>
         <wf lemma="eksplozije" pos="X">eksplozije</wf>
         <wf lemma="«" pos="X">«</wf>
         <wf lemma="v" pos="X">v</wf>
         <wf lemma="domačem" pos="X">domačem</wf>
         <wf lemma="stranišču" pos="X">stranišču</wf>
         <wf lemma="." pos="X">.</wf>
      </sentence>
      <sentence id="d000.s660" source="wordnet-slovenian">
         <wf lemma="Toda" pos="X">Toda</wf>
         <wf lemma="petinpetdeset" pos="X">petinpetdeset</wf>
         <instance id="d000.s660.t000" lemma="leto" pos="NOUN">let</instance>
         <wf lemma="pozneje" pos="X">pozneje</wf>
         <wf lemma="ne" pos="X">ne</wf>
         <wf lemma="moremo" pos="X">moremo</wf>
         <wf lemma="popravljati" pos="X">popravljati</wf>
         <wf lemma="tega" pos="X">tega</wf>
         <wf lemma="," pos="X">,</wf>
         <wf lemma="kar" pos="X">kar</wf>
         <wf lemma="se" pos="X">se</wf>
         <wf lemma="je" pos="X">je</wf>
         <wf lemma="tedaj" pos="X">tedaj</wf>
         <wf lemma="zgodilo" pos="X">zgodilo</wf>
         <wf lemma="." pos="X">.</wf>
      </sentence>
      <sentence id="d000.s661" source="wordnet-slovenian">
         <wf lemma="«" pos="X">«</wf>
         <wf lemma="Bežno" pos="X">Bežno</wf>
         <wf lemma="se" pos="X">se</wf>
         <wf lemma="je" pos="X">je</wf>
         <wf lemma="nasmehnil" pos="X">nasmehnil</wf>
         <wf lemma="ob" pos="X">ob</wf>
         <wf lemma="neumnem" pos="X">neumnem</wf>
         <wf lemma="izrazu" pos="X">izrazu</wf>
         <wf lemma="," pos="X">,</wf>
         <wf lemma="ki" pos="X">ki</wf>
         <wf lemma="ju" pos="X">ju</wf>
         <wf lemma="je" pos="X">je</wf>
         <wf lemma="zabaval" pos="X">zabaval</wf>
         <wf lemma="v" pos="X">v</wf>
         <wf lemma="najstniških" pos="X">najstniških</wf>
         <instance id="d000.s661.t000" lemma="leto" pos="NOUN">letih</instance>
         <wf lemma="." pos="X">.</wf>
      </sentence>
      <sentence id="d000.s662" source="wordnet-slovenian">
         <wf lemma="Evalvacijo" pos="X">Evalvacijo</wf>
         <wf lemma="bo" pos="X">bo</wf>
         <wf lemma="pripravila" pos="X">pripravila</wf>
         <wf lemma="svetovalka" pos="X">svetovalka</wf>
         <wf lemma="ministra" pos="X">ministra</wf>
         <wf lemma="," pos="X">,</wf>
         <wf lemma="ki" pos="X">ki</wf>
         <wf lemma="je" pos="X">je</wf>
         <wf lemma="s" pos="X">s</wf>
         <wf lemma="polnim" pos="X">polnim</wf>
         <wf lemma="delovnim" pos="X">delovnim</wf>
         <wf lemma="časom" pos="X">časom</wf>
         <wf lemma="zaposlena" pos="X">zaposlena</wf>
         <wf lemma="na" pos="X">na</wf>
         <wf lemma="Ministrstvu" pos="X">Ministrstvu</wf>
         <wf lemma="za" pos="X">za</wf>
         <wf lemma="znanost" pos="X">znanost</wf>
         <wf lemma="," pos="X">,</wf>
         <wf lemma="o" pos="X">o</wf>
         <wf lemma="prenovi" pos="X">prenovi</wf>
         <wf lemma="pa" pos="X">pa</wf>
         <wf lemma="&quot;" pos="X">&quot;</wf>
         <wf lemma="vse" pos="X">vse</wf>
         <wf lemma="ve" pos="X">ve</wf>
         <wf lemma="&quot;" pos="X">&quot;</wf>
         <wf lemma="že" pos="X">že</wf>
         <wf lemma="nekaj" pos="X">nekaj</wf>
         <instance id="d000.s662.t000" lemma="leto" pos="NOUN">let</instance>
         <wf lemma="." pos="X">.</wf>
      </sentence>
      <sentence id="d000.s663" source="wordnet-slovenian">
         <wf lemma="Predlagatelj" pos="X">Predlagatelj</wf>
         <wf lemma="je" pos="X">je</wf>
         <instance id="d000.s663.t000" lemma="komisija" pos="NOUN">Komisija</instance>
         <wf lemma="za" pos="X">za</wf>
         <wf lemma="spremljanje" pos="X">spremljanje</wf>
         <wf lemma="in" pos="X">in</wf>
         <wf lemma="nadzor" pos="X">nadzor</wf>
         <wf lemma="lastninskega" pos="X">lastninskega</wf>
         <wf lemma="preoblikovanja" pos="X">preoblikovanja</wf>
         <wf lemma="družbene" pos="X">družbene</wf>
         <wf lemma="lastnine" pos="X">lastnine</wf>
         <wf lemma="." pos="X">.</wf>
      </sentence>
      <sentence id="d000.s664" source="wordnet-slovenian">
         <wf lemma="Dean" pos="X">Dean</wf>
         <wf lemma="Podgornik" pos="X">Podgornik</wf>
         <wf lemma="(" pos="X">(</wf>
         <wf lemma="desno" pos="X">desno</wf>
         <wf lemma=")" pos="X">)</wf>
         <wf lemma="je" pos="X">je</wf>
         <wf lemma="s" pos="X">s</wf>
         <wf lemma="pogumno" pos="X">pogumno</wf>
         <wf lemma="vožnjo" pos="X">vožnjo</wf>
         <wf lemma="dobil" pos="X">dobil</wf>
         <instance id="d000.s664.t000" lemma="večina" pos="NOUN">večino</instance>
         <wf lemma="šprintov" pos="X">šprintov</wf>
         <wf lemma="v" pos="X">v</wf>
         <wf lemma="Šenčurju" pos="X">Šenčurju</wf>
         <wf lemma="in" pos="X">in</wf>
         <wf lemma="zasluženo" pos="X">zasluženo</wf>
         <wf lemma="slavil" pos="X">slavil</wf>
         <wf lemma="na" pos="X">na</wf>
         <wf lemma="prvi" pos="X">prvi</wf>
         <wf lemma="kolesarski" pos="X">kolesarski</wf>
         <wf lemma="dirki" pos="X">dirki</wf>
         <wf lemma="v" pos="X">v</wf>
         <wf lemma="letu" pos="X">letu</wf>
         <wf lemma="2002" pos="X">2002</wf>
         <wf lemma="v" pos="X">v</wf>
         <wf lemma="Sloveniji" pos="X">Sloveniji</wf>
         <wf lemma="." pos="X">.</wf>
      </sentence>
      <sentence id="d000.s665" source="wordnet-slovenian">
         <wf lemma="Napadalca" pos="X">Napadalca</wf>
         <wf lemma="so" pos="X">so</wf>
         <wf lemma="do" pos="X">do</wf>
         <wf lemma="prihoda" pos="X">prihoda</wf>
         <wf lemma="tržiških" pos="X">tržiških</wf>
         <wf lemma="policistov" pos="X">policistov</wf>
         <wf lemma="zvezali" pos="X">zvezali</wf>
         <wf lemma="k" pos="X">k</wf>
         <wf lemma="cerkvenim" pos="X">cerkvenim</wf>
         <instance id="d000.s665.t000" lemma="vrata" pos="NOUN">vratom</instance>
         <wf lemma="." pos="X">.</wf>
      </sentence>
      <sentence id="d000.s666" source="wordnet-slovenian">
         <wf lemma="Morfologija" pos="X">Morfologija</wf>
         <wf lemma=":" pos="X">:</wf>
         <wf lemma="Ima" pos="X">Ima</wf>
         <wf lemma="dolg" pos="X">dolg</wf>
         <wf lemma="," pos="X">,</wf>
         <wf lemma="vitek" pos="X">vitek</wf>
         <wf lemma="trup" pos="X">trup</wf>
         <wf lemma="," pos="X">,</wf>
         <wf lemma="koničasto" pos="X">koničasto</wf>
         <instance id="d000.s666.t000" lemma="glava" pos="NOUN">glavo</instance>
         <wf lemma="in" pos="X">in</wf>
         <wf lemma="gobec" pos="X">gobec</wf>
         <wf lemma="z" pos="X">z</wf>
         <wf lemma="majhnimi" pos="X">majhnimi</wf>
         <wf lemma="krajnimi" pos="X">krajnimi</wf>
         <wf lemma="usti" pos="X">usti</wf>
         <wf lemma="ter" pos="X">ter</wf>
         <wf lemma="precej" pos="X">precej</wf>
         <wf lemma="daljšo" pos="X">daljšo</wf>
         <wf lemma="spodnjo" pos="X">spodnjo</wf>
         <wf lemma="čeljustjo" pos="X">čeljustjo</wf>
         <wf lemma="." pos="X">.</wf>
      </sentence>
      <sentence id="d000.s667" source="wordnet-slovenian">
         <wf lemma="Prav" pos="X">Prav</wf>
         <wf lemma="nobene" pos="X">nobene</wf>
         <instance id="d000.s667.t000" lemma="zveza" pos="NOUN">zveze</instance>
         <wf lemma="ni" pos="X">ni</wf>
         <wf lemma="bilo" pos="X">bilo</wf>
         <wf lemma="." pos="X">.</wf>
      </sentence>
      <sentence id="d000.s668" source="wordnet-slovenian">
         <wf lemma="Vendar" pos="X">Vendar</wf>
         <wf lemma="je" pos="X">je</wf>
         <wf lemma="z" pos="X">z</wf>
         <wf lemma="ovitka" pos="X">ovitka</wf>
         <instance id="d000.s668.t000" lemma="knjiga" pos="NOUN">knjige</instance>
         <wf lemma="prežala" pos="X">prežala</wf>
         <wf lemma="njena" pos="X">njena</wf>
         <wf lemma="roka" pos="X">roka</wf>
         <wf lemma="z" pos="X">z</wf>
         <wf lemma="diamantnimi" pos="X">diamantnimi</wf>
         <wf lemma="očmi" pos="X">očmi</wf>
         <wf lemma="." pos="X">.</wf>
      </sentence>
      <sentence id="d000.s669" source="wordnet-slovenian">
         <wf lemma="»" pos="X">»</wf>
         <wf lemma="Naši" pos="X">Naši</wf>
         <wf lemma="pogledi" pos="X">pogledi</wf>
         <wf lemma="na" pos="X">na</wf>
         <wf lemma="lepoto" pos="X">lepoto</wf>
         <wf lemma="," pos="X">,</wf>
         <wf lemma="«" pos="X">«</wf>
         <wf lemma="pojasnjuje" pos="X">pojasnjuje</wf>
         <wf lemma="Emmanuele" pos="X">Emmanuele</wf>
         <wf lemma="Janini" pos="X">Janini</wf>
         <wf lemma="," pos="X">,</wf>
         <wf lemma="italijanski" pos="X">italijanski</wf>
         <wf lemma="profesor" pos="X">profesor</wf>
         <wf lemma="medicinske" pos="X">medicinske</wf>
         <wf lemma="seksologije" pos="X">seksologije</wf>
         <wf lemma="," pos="X">,</wf>
         <wf lemma="»" pos="X">»</wf>
         <wf lemma="so" pos="X">so</wf>
         <wf lemma="nastali" pos="X">nastali</wf>
         <wf lemma="kot" pos="X">kot</wf>
         <wf lemma="instrument" pos="X">instrument</wf>
         <wf lemma="za" pos="X">za</wf>
         <wf lemma="prepoznavanje" pos="X">prepoznavanje</wf>
         <wf lemma="bistvenih" pos="X">bistvenih</wf>
         <wf lemma="lastnosti" pos="X">lastnosti</wf>
         <wf lemma="evolucije" pos="X">evolucije</wf>
         <wf lemma="vrste" pos="X">vrste</wf>
         <wf lemma="," pos="X">,</wf>
         <wf lemma="pri" pos="X">pri</wf>
         <wf lemma="čemer" pos="X">čemer</wf>
         <wf lemma="so" pos="X">so</wf>
         <instance id="d000.s669.t000" lemma="človek" pos="NOUN">ljudje</instance>
         <wf lemma="uporabljali" pos="X">uporabljali</wf>
         <wf lemma="signale" pos="X">signale</wf>
         <wf lemma="," pos="X">,</wf>
         <wf lemma="ki" pos="X">ki</wf>
         <wf lemma="niso" pos="X">niso</wf>
         <wf lemma="bili" pos="X">bili</wf>
         <wf lemma="besedni" pos="X">besedni</wf>
         <wf lemma="." pos="X">.</wf>
      </sentence>
      <sentence id="d000.s670" source="wordnet-slovenian">
         <wf lemma="In" pos="X">In</wf>
         <wf lemma="če" pos="X">če</wf>
         <wf lemma="velja" pos="X">velja</wf>
         <wf lemma="," pos="X">,</wf>
         <wf lemma="da" pos="X">da</wf>
         <wf lemma="znanost" pos="X">znanost</wf>
         <wf lemma="lahko" pos="X">lahko</wf>
         <wf lemma="deluje" pos="X">deluje</wf>
         <wf lemma="le" pos="X">le</wf>
         <wf lemma="v" pos="X">v</wf>
         <wf lemma="svobodnem" pos="X">svobodnem</wf>
         <wf lemma="okolju" pos="X">okolju</wf>
         <wf lemma="," pos="X">,</wf>
         <wf lemma="je" pos="X">je</wf>
         <wf lemma="obenem" pos="X">obenem</wf>
         <wf lemma="tudi" pos="X">tudi</wf>
         <wf lemma="neodtujljiva" pos="X">neodtujljiva</wf>
         <instance id="d000.s670.t000" lemma="pravica" pos="NOUN">pravica</instance>
         <wf lemma="vsakega" pos="X">vsakega</wf>
         <wf lemma="človeka" pos="X">človeka</wf>
         <wf lemma="," pos="X">,</wf>
         <wf lemma="da" pos="X">da</wf>
         <wf lemma="mu" pos="X">mu</wf>
         <wf lemma="tvegane" pos="X">tvegane</wf>
         <wf lemma="tehnologije" pos="X">tehnologije</wf>
         <wf lemma="ne" pos="X">ne</wf>
         <wf lemma="kratijo" pos="X">kratijo</wf>
         <wf lemma="človeškega" pos="X">človeškega</wf>
         <wf lemma="dostojanstva" pos="X">dostojanstva</wf>
         <wf lemma="in" pos="X">in</wf>
         <wf lemma="ne" pos="X">ne</wf>
         <wf lemma="jemljejo" pos="X">jemljejo</wf>
         <wf lemma="njegove" pos="X">njegove</wf>
         <wf lemma="svobode" pos="X">svobode</wf>
         <wf lemma="." pos="X">.</wf>
      </sentence>
      <sentence id="d000.s671" source="wordnet-slovenian">
         <wf lemma="Pomemben" pos="X">Pomemben</wf>
         <wf lemma="pogoj" pos="X">pogoj</wf>
         <wf lemma="je" pos="X">je</wf>
         <instance id="d000.s671.t000" lemma="stopnja" pos="NOUN">stopnja</instance>
         <wf lemma="gospodarske" pos="X">gospodarske</wf>
         <wf lemma="razvitosti" pos="X">razvitosti</wf>
         <wf lemma="," pos="X">,</wf>
         <wf lemma="kar" pos="X">kar</wf>
         <wf lemma="pomeni" pos="X">pomeni</wf>
         <wf lemma="," pos="X">,</wf>
         <wf lemma="da" pos="X">da</wf>
         <wf lemma="morajo" pos="X">morajo</wf>
         <wf lemma="pred" pos="X">pred</wf>
         <wf lemma="polnopravnim" pos="X">polnopravnim</wf>
         <wf lemma="članstvom" pos="X">članstvom</wf>
         <wf lemma="Slovenije" pos="X">Slovenije</wf>
         <wf lemma="osebni" pos="X">osebni</wf>
         <wf lemma="dohodki" pos="X">dohodki</wf>
         <wf lemma="njenih" pos="X">njenih</wf>
         <wf lemma="državljanov" pos="X">državljanov</wf>
         <wf lemma="dosegati" pos="X">dosegati</wf>
         <wf lemma="vsaj" pos="X">vsaj</wf>
         <wf lemma="50" pos="X">50</wf>
         <wf lemma="ali" pos="X">ali</wf>
         <wf lemma="60" pos="X">60</wf>
         <wf lemma="odstotkov" pos="X">odstotkov</wf>
         <wf lemma="povprečnega" pos="X">povprečnega</wf>
         <wf lemma="evropskega" pos="X">evropskega</wf>
         <wf lemma="dohodka" pos="X">dohodka</wf>
         <wf lemma="." pos="X">.</wf>
      </sentence>
      <sentence id="d000.s672" source="wordnet-slovenian">
         <wf lemma="V" pos="X">V</wf>
         <wf lemma="Moskvi" pos="X">Moskvi</wf>
         <wf lemma="žensko" pos="X">žensko</wf>
         <wf lemma="gledališče" pos="X">gledališče</wf>
         <wf lemma="uprizarja" pos="X">uprizarja</wf>
         <wf lemma="igre" pos="X">igre</wf>
         <wf lemma="," pos="X">,</wf>
         <wf lemma="ki" pos="X">ki</wf>
         <wf lemma="so" pos="X">so</wf>
         <wf lemma="jih" pos="X">jih</wf>
         <wf lemma="o" pos="X">o</wf>
         <instance id="d000.s672.t000" lemma="ženska" pos="NOUN">ženskah</instance>
         <wf lemma="napisale" pos="X">napisale</wf>
         <wf lemma="ženske" pos="X">ženske</wf>
         <wf lemma="." pos="X">.</wf>
      </sentence>
      <sentence id="d000.s673" source="wordnet-slovenian">
         <wf lemma="Udeleženci" pos="X">Udeleženci</wf>
         <wf lemma="helsinškega" pos="X">helsinškega</wf>
         <wf lemma="seminarja" pos="X">seminarja</wf>
         <wf lemma="so" pos="X">so</wf>
         <wf lemma="se" pos="X">se</wf>
         <wf lemma="tako" pos="X">tako</wf>
         <wf lemma="zavzeli" pos="X">zavzeli</wf>
         <wf lemma="za" pos="X">za</wf>
         <wf lemma="skupno" pos="X">skupno</wf>
         <wf lemma="referenčno" pos="X">referenčno</wf>
         <wf lemma="ogrodje" pos="X">ogrodje</wf>
         <wf lemma="(" pos="X">(</wf>
         <wf lemma="»" pos="X">»</wf>
         <wf lemma="common" pos="X">common</wf>
         <wf lemma="denominators" pos="X">denominators</wf>
         <wf lemma="for" pos="X">for</wf>
         <wf lemma="a" pos="X">a</wf>
         <wf lemma="Master" pos="X">Master</wf>
         <wf lemma="Degree" pos="X">Degree</wf>
         <wf lemma="in" pos="X">in</wf>
         <wf lemma="the" pos="X">the</wf>
         <wf lemma="EHEA" pos="X">EHEA</wf>
         <wf lemma="«" pos="X">«</wf>
         <wf lemma=")" pos="X">)</wf>
         <wf lemma="," pos="X">,</wf>
         <wf lemma="to" pos="X">to</wf>
         <wf lemma="pa" pos="X">pa</wf>
         <wf lemma="naj" pos="X">naj</wf>
         <wf lemma="bo" pos="X">bo</wf>
         <wf lemma="dovolj" pos="X">dovolj</wf>
         <wf lemma="fleksibilno" pos="X">fleksibilno</wf>
         <wf lemma="," pos="X">,</wf>
         <wf lemma="da" pos="X">da</wf>
         <wf lemma="bo" pos="X">bo</wf>
         <wf lemma="dopuščalo" pos="X">dopuščalo</wf>
         <wf lemma="variacije" pos="X">variacije</wf>
         <wf lemma="v" pos="X">v</wf>
         <wf lemma="nacionalnih" pos="X">nacionalnih</wf>
         <instance id="d000.s673.t000" lemma="okolje" pos="NOUN">okoljih</instance>
         <wf lemma="in" pos="X">in</wf>
         <wf lemma="na" pos="X">na</wf>
         <wf lemma="posameznih" pos="X">posameznih</wf>
         <wf lemma="visoko" pos="X">visoko</wf>
         <wf lemma="-" pos="X">-</wf>
         <wf lemma="šolskih" pos="X">šolskih</wf>
         <wf lemma="zavodih" pos="X">zavodih</wf>
         <wf lemma="," pos="X">,</wf>
         <wf lemma="obenem" pos="X">obenem</wf>
         <wf lemma="pa" pos="X">pa</wf>
         <wf lemma="tudi" pos="X">tudi</wf>
         <wf lemma="dovolj" pos="X">dovolj</wf>
         <wf lemma="jasno" pos="X">jasno</wf>
         <wf lemma="," pos="X">,</wf>
         <wf lemma="da" pos="X">da</wf>
         <wf lemma="bo" pos="X">bo</wf>
         <wf lemma="uporabno" pos="X">uporabno</wf>
         <wf lemma="kot" pos="X">kot</wf>
         <wf lemma="skupna" pos="X">skupna</wf>
         <wf lemma="definicija" pos="X">definicija</wf>
         <wf lemma="." pos="X">.</wf>
      </sentence>
      <sentence id="d000.s674" source="wordnet-slovenian">
         <instance id="d000.s674.t000" lemma="človek" pos="NOUN">Človek</instance>
         <wf lemma="nenehno" pos="X">nenehno</wf>
         <wf lemma="presega" pos="X">presega</wf>
         <wf lemma="snovnost" pos="X">snovnost</wf>
         <wf lemma="," pos="X">,</wf>
         <wf lemma="zasužnjenost" pos="X">zasužnjenost</wf>
         <wf lemma="materiji" pos="X">materiji</wf>
         <wf lemma="in" pos="X">in</wf>
         <wf lemma="se" pos="X">se</wf>
         <wf lemma="dviga" pos="X">dviga</wf>
         <wf lemma="nad" pos="X">nad</wf>
         <wf lemma="vse" pos="X">vse</wf>
         <wf lemma="." pos="X">.</wf>
      </sentence>
      <sentence id="d000.s675" source="wordnet-slovenian">
         <wf lemma="Vladni" pos="X">Vladni</wf>
         <wf lemma="in" pos="X">in</wf>
         <wf lemma="zasebni" pos="X">zasebni</wf>
         <wf lemma="strokovnjaki" pos="X">strokovnjaki</wf>
         <wf lemma="za" pos="X">za</wf>
         <wf lemma="arabščino" pos="X">arabščino</wf>
         <wf lemma="so" pos="X">so</wf>
         <wf lemma="po" pos="X">po</wf>
         <wf lemma="naročilu" pos="X">naročilu</wf>
         <wf lemma="Bele" pos="X">Bele</wf>
         <wf lemma="hiše" pos="X">hiše</wf>
         <wf lemma="več" pos="X">več</wf>
         <instance id="d000.s675.t000" lemma="dan" pos="NOUN">dni</instance>
         <wf lemma="prevajali" pos="X">prevajali</wf>
         <wf lemma="bin" pos="X">bin</wf>
         <wf lemma="Ladnove" pos="X">Ladnove</wf>
         <wf lemma="komentarje" pos="X">komentarje</wf>
         <wf lemma="dogajanja" pos="X">dogajanja</wf>
         <wf lemma="v" pos="X">v</wf>
         <wf lemma="New" pos="X">New</wf>
         <wf lemma="Yorku" pos="X">Yorku</wf>
         <wf lemma="in" pos="X">in</wf>
         <wf lemma="Washingtonu" pos="X">Washingtonu</wf>
         <wf lemma="." pos="X">.</wf>
      </sentence>
      <sentence id="d000.s676" source="wordnet-slovenian">
         <wf lemma="Se" pos="X">Se</wf>
         <wf lemma="bo" pos="X">bo</wf>
         <wf lemma="zdaj" pos="X">zdaj</wf>
         <wf lemma="ko" pos="X">ko</wf>
         <wf lemma="bo" pos="X">bo</wf>
         <wf lemma="odločitev" pos="X">odločitev</wf>
         <wf lemma="o" pos="X">o</wf>
         <wf lemma="začasni" pos="X">začasni</wf>
         <wf lemma="odložitvi" pos="X">odložitvi</wf>
         <wf lemma="embarga" pos="X">embarga</wf>
         <wf lemma="morala" pos="X">morala</wf>
         <wf lemma="spoštovati" pos="X">spoštovati</wf>
         <wf lemma="tudi" pos="X">tudi</wf>
         <wf lemma="Avstrija" pos="X">Avstrija</wf>
         <wf lemma="-" pos="X">-</wf>
         <wf lemma="čeprav" pos="X">čeprav</wf>
         <wf lemma="vemo" pos="X">vemo</wf>
         <wf lemma="celo" pos="X">celo</wf>
         <wf lemma="za" pos="X">za</wf>
         <wf lemma="primere" pos="X">primere</wf>
         <wf lemma="," pos="X">,</wf>
         <wf lemma="ko" pos="X">ko</wf>
         <wf lemma="skušajo" pos="X">skušajo</wf>
         <instance id="d000.s676.t000" lemma="država" pos="NOUN">države</instance>
         <wf lemma="to" pos="X">to</wf>
         <wf lemma="v" pos="X">v</wf>
         <wf lemma="praksi" pos="X">praksi</wf>
         <wf lemma="zaobiti" pos="X">zaobiti</wf>
         <wf lemma="-" pos="X">-</wf>
         <wf lemma="tiho" pos="X">tiho</wf>
         <wf lemma="umaknila" pos="X">umaknila</wf>
         <wf lemma="?" pos="X">?</wf>
      </sentence>
      <sentence id="d000.s677" source="wordnet-slovenian">
         <wf lemma="On" pos="X">On</wf>
         <wf lemma="ni" pos="X">ni</wf>
         <wf lemma="bil" pos="X">bil</wf>
         <wf lemma="uslišan" pos="X">uslišan</wf>
         <wf lemma="," pos="X">,</wf>
         <wf lemma="njegova" pos="X">njegova</wf>
         <wf lemma="daritev" pos="X">daritev</wf>
         <wf lemma="je" pos="X">je</wf>
         <wf lemma="bila" pos="X">bila</wf>
         <wf lemma="zavrnjena" pos="X">zavrnjena</wf>
         <wf lemma="," pos="X">,</wf>
         <wf lemma="in" pos="X">in</wf>
         <wf lemma="tu" pos="X">tu</wf>
         <wf lemma="že" pos="X">že</wf>
         <wf lemma="ne" pos="X">ne</wf>
         <wf lemma="gre" pos="X">gre</wf>
         <wf lemma="drugače" pos="X">drugače</wf>
         <wf lemma="," pos="X">,</wf>
         <wf lemma="kot" pos="X">kot</wf>
         <wf lemma="da" pos="X">da</wf>
         <wf lemma="se" pos="X">se</wf>
         <wf lemma="je" pos="X">je</wf>
         <instance id="d000.s677.t000" lemma="človek" pos="NOUN">človek</instance>
         <wf lemma="vprašal" pos="X">vprašal</wf>
         <wf lemma="," pos="X">,</wf>
         <wf lemma="kaj" pos="X">kaj</wf>
         <wf lemma="zdaj" pos="X">zdaj</wf>
         <wf lemma="to" pos="X">to</wf>
         <wf lemma="pomeni" pos="X">pomeni</wf>
         <wf lemma="." pos="X">.</wf>
      </sentence>
      <sentence id="d000.s678" source="wordnet-slovenian">
         <wf lemma="Zinedine" pos="X">Zinedine</wf>
         <wf lemma="Zidane" pos="X">Zidane</wf>
         <wf lemma="," pos="X">,</wf>
         <wf lemma="Luis" pos="X">Luis</wf>
         <wf lemma="Figo" pos="X">Figo</wf>
         <wf lemma="in" pos="X">in</wf>
         <wf lemma="Ronaldo" pos="X">Ronaldo</wf>
         <wf lemma="," pos="X">,</wf>
         <wf lemma="samo" pos="X">samo</wf>
         <wf lemma="dobitniki" pos="X">dobitniki</wf>
         <wf lemma="prestižne" pos="X">prestižne</wf>
         <wf lemma="nagrade" pos="X">nagrade</wf>
         <wf lemma="svetovni" pos="X">svetovni</wf>
         <wf lemma="nogometaš" pos="X">nogometaš</wf>
         <instance id="d000.s678.t000" lemma="leto" pos="NOUN">leta</instance>
         <wf lemma="," pos="X">,</wf>
         <wf lemma="so" pos="X">so</wf>
         <wf lemma="prišli" pos="X">prišli</wf>
         <wf lemma="na" pos="X">na</wf>
         <wf lemma="znameniti" pos="X">znameniti</wf>
         <wf lemma="štadion" pos="X">štadion</wf>
         <wf lemma="Bernabeu" pos="X">Bernabeu</wf>
         <wf lemma="za" pos="X">za</wf>
         <wf lemma="skupno" pos="X">skupno</wf>
         <wf lemma="več" pos="X">več</wf>
         <wf lemma="kot" pos="X">kot</wf>
         <wf lemma="160" pos="X">160</wf>
         <wf lemma="milijonov" pos="X">milijonov</wf>
         <wf lemma="dolarjev" pos="X">dolarjev</wf>
         <wf lemma="," pos="X">,</wf>
         <wf lemma="Beckhamov" pos="X">Beckhamov</wf>
         <wf lemma="prestop" pos="X">prestop</wf>
         <wf lemma="pa" pos="X">pa</wf>
         <wf lemma="bo" pos="X">bo</wf>
         <wf lemma="vsoto" pos="X">vsoto</wf>
         <wf lemma="dvignil" pos="X">dvignil</wf>
         <wf lemma="že" pos="X">že</wf>
         <wf lemma="nad" pos="X">nad</wf>
         <wf lemma="200" pos="X">200</wf>
         <wf lemma="milijonov" pos="X">milijonov</wf>
         <wf lemma="ameriških" pos="X">ameriških</wf>
         <wf lemma="zelencev" pos="X">zelencev</wf>
         <wf lemma="." pos="X">.</wf>
      </sentence>
      <sentence id="d000.s679" source="wordnet-slovenian">
         <wf lemma="Tretja" pos="X">Tretja</wf>
         <instance id="d000.s679.t000" lemma="stopnja" pos="NOUN">stopnja</instance>
         <wf lemma="vojak" pos="X">vojak</wf>
         <wf lemma="(" pos="X">(</wf>
         <wf lemma="MILES" pos="X">MILES</wf>
         <wf lemma=")" pos="X">)</wf>
         <wf lemma="je" pos="X">je</wf>
         <wf lemma="pod" pos="X">pod</wf>
         <wf lemma="zaščito" pos="X">zaščito</wf>
         <wf lemma="planeta" pos="X">planeta</wf>
         <wf lemma="Marsa" pos="X">Marsa</wf>
         <wf lemma="." pos="X">.</wf>
      </sentence>
      <sentence id="d000.s680" source="wordnet-slovenian">
         <wf lemma="Siliato" pos="X">Siliato</wf>
         <wf lemma="," pos="X">,</wf>
         <wf lemma="ki" pos="X">ki</wf>
         <wf lemma="ji" pos="X">ji</wf>
         <wf lemma="Barberis" pos="X">Barberis</wf>
         <wf lemma="očita" pos="X">očita</wf>
         <wf lemma="&quot;" pos="X">&quot;</wf>
         <wf lemma="zelo" pos="X">zelo</wf>
         <wf lemma="veliko" pos="X">veliko</wf>
         <wf lemma="domišljije" pos="X">domišljije</wf>
         <wf lemma="&quot;" pos="X">&quot;</wf>
         <wf lemma="," pos="X">,</wf>
         <wf lemma="hoče" pos="X">hoče</wf>
         <wf lemma="dokazati" pos="X">dokazati</wf>
         <wf lemma="&quot;" pos="X">&quot;</wf>
         <wf lemma="pristnost" pos="X">pristnost</wf>
         <wf lemma="&quot;" pos="X">&quot;</wf>
         <wf lemma="prta" pos="X">prta</wf>
         <wf lemma="," pos="X">,</wf>
         <wf lemma="vendar" pos="X">vendar</wf>
         <wf lemma="se" pos="X">se</wf>
         <wf lemma="teoloških" pos="X">teoloških</wf>
         <instance id="d000.s680.t000" lemma="vprašanje" pos="NOUN">vprašanj</instance>
         <wf lemma="ne" pos="X">ne</wf>
         <wf lemma="dotika" pos="X">dotika</wf>
         <wf lemma="." pos="X">.</wf>
      </sentence>
      <sentence id="d000.s681" source="wordnet-slovenian">
         <wf lemma="Glavne" pos="X">Glavne</wf>
         <instance id="d000.s681.t000" lemma="sprememba" pos="NOUN">spremembe</instance>
         <wf lemma="," pos="X">,</wf>
         <wf lemma="je" pos="X">je</wf>
         <wf lemma="pojasnil" pos="X">pojasnil</wf>
         <wf lemma="Gregor" pos="X">Gregor</wf>
         <wf lemma="Jurak" pos="X">Jurak</wf>
         <wf lemma="," pos="X">,</wf>
         <wf lemma="se" pos="X">se</wf>
         <wf lemma="dotikajo" pos="X">dotikajo</wf>
         <wf lemma="področja" pos="X">področja</wf>
         <wf lemma="gradnje" pos="X">gradnje</wf>
         <wf lemma="športnih" pos="X">športnih</wf>
         <wf lemma="objektov" pos="X">objektov</wf>
         <wf lemma="," pos="X">,</wf>
         <wf lemma="in" pos="X">in</wf>
         <wf lemma="sicer" pos="X">sicer</wf>
         <wf lemma="bo" pos="X">bo</wf>
         <wf lemma="omogočeno" pos="X">omogočeno</wf>
         <wf lemma="večje" pos="X">večje</wf>
         <wf lemma="sofinanciranje" pos="X">sofinanciranje</wf>
         <wf lemma="majhnih" pos="X">majhnih</wf>
         <wf lemma="investicij" pos="X">investicij</wf>
         <wf lemma="," pos="X">,</wf>
         <wf lemma="katerih" pos="X">katerih</wf>
         <wf lemma="predračunska" pos="X">predračunska</wf>
         <wf lemma="vrednost" pos="X">vrednost</wf>
         <wf lemma="ne" pos="X">ne</wf>
         <wf lemma="presega" pos="X">presega</wf>
         <wf lemma="15" pos="X">15</wf>
         <wf lemma="milijonov" pos="X">milijonov</wf>
         <wf lemma="tolarjev" pos="X">tolarjev</wf>
         <wf lemma="." pos="X">.</wf>
      </sentence>
      <sentence id="d000.s682" source="wordnet-slovenian">
         <wf lemma="To" pos="X">To</wf>
         <wf lemma="snov" pos="X">snov</wf>
         <wf lemma="obdelujejo" pos="X">obdelujejo</wf>
         <wf lemma="&quot;" pos="X">&quot;</wf>
         <wf lemma="koraljari" pos="X">koraljari</wf>
         <wf lemma="&quot;" pos="X">&quot;</wf>
         <wf lemma="," pos="X">,</wf>
         <wf lemma="lahko" pos="X">lahko</wf>
         <wf lemma="bi" pos="X">bi</wf>
         <wf lemma="jim" pos="X">jim</wf>
         <wf lemma="rekli" pos="X">rekli</wf>
         <wf lemma="&quot;" pos="X">&quot;</wf>
         <wf lemma="morski" pos="X">morski</wf>
         <wf lemma="draguljarji" pos="X">draguljarji</wf>
         <wf lemma="&quot;" pos="X">&quot;</wf>
         <wf lemma="," pos="X">,</wf>
         <wf lemma="izumirajoča" pos="X">izumirajoča</wf>
         <instance id="d000.s682.t000" lemma="vrsta" pos="NOUN">vrsta</instance>
         <wf lemma="obrtnikov" pos="X">obrtnikov</wf>
         <wf lemma="," pos="X">,</wf>
         <wf lemma="ki" pos="X">ki</wf>
         <wf lemma="obdelujejo" pos="X">obdelujejo</wf>
         <wf lemma="rdeče" pos="X">rdeče</wf>
         <wf lemma="korale" pos="X">korale</wf>
         <wf lemma="in" pos="X">in</wf>
         <wf lemma="iz" pos="X">iz</wf>
         <wf lemma="njih" pos="X">njih</wf>
         <wf lemma="izdelujejo" pos="X">izdelujejo</wf>
         <wf lemma="nakit" pos="X">nakit</wf>
         <wf lemma="." pos="X">.</wf>
      </sentence>
      <sentence id="d000.s683" source="wordnet-slovenian">
         <wf lemma="NOVO" pos="X">NOVO</wf>
         <wf lemma="MESTO" pos="X">MESTO</wf>
         <wf lemma="-" pos="X">-</wf>
         <wf lemma="Prejšnjo" pos="X">Prejšnjo</wf>
         <wf lemma="soboto" pos="X">soboto</wf>
         <wf lemma="je" pos="X">je</wf>
         <wf lemma="bilo" pos="X">bilo</wf>
         <wf lemma="sto" pos="X">sto</wf>
         <instance id="d000.s683.t000" lemma="član" pos="NOUN">članov</instance>
         <wf lemma="Rodu" pos="X">Rodu</wf>
         <wf lemma="gorjanskih" pos="X">gorjanskih</wf>
         <wf lemma="tabornikov" pos="X">tabornikov</wf>
         <wf lemma="na" pos="X">na</wf>
         <wf lemma="veselem" pos="X">veselem</wf>
         <wf lemma="izletu" pos="X">izletu</wf>
         <wf lemma="," pos="X">,</wf>
         <wf lemma="ki" pos="X">ki</wf>
         <wf lemma="so" pos="X">so</wf>
         <wf lemma="ga" pos="X">ga</wf>
         <wf lemma="po" pos="X">po</wf>
         <wf lemma="poti" pos="X">poti</wf>
         <wf lemma="čez" pos="X">čez</wf>
         <wf lemma="Sv." pos="X">Sv.</wf>
         <wf lemma="Rok" pos="X">Rok</wf>
         <wf lemma="na" pos="X">na</wf>
         <wf lemma="ruperčvrški" pos="X">ruperčvrški</wf>
         <wf lemma="jasi" pos="X">jasi</wf>
         <wf lemma="sklenili" pos="X">sklenili</wf>
         <wf lemma="s" pos="X">s</wf>
         <wf lemma="priljubljenim" pos="X">priljubljenim</wf>
         <wf lemma="opravilom" pos="X">opravilom</wf>
         <wf lemma=":" pos="X">:</wf>
         <wf lemma="s" pos="X">s</wf>
         <wf lemma="peko" pos="X">peko</wf>
         <wf lemma="kostanja" pos="X">kostanja</wf>
         <wf lemma="." pos="X">.</wf>
      </sentence>
      <sentence id="d000.s684" source="wordnet-slovenian">
         <wf lemma="Že" pos="X">Že</wf>
         <wf lemma="dolgo" pos="X">dolgo</wf>
         <instance id="d000.s684.t000" lemma="čas" pos="NOUN">časa</instance>
         <wf lemma="jo" pos="X">jo</wf>
         <wf lemma="je" pos="X">je</wf>
         <wf lemma="nepopisno" pos="X">nepopisno</wf>
         <wf lemma="jezila" pos="X">jezila</wf>
         <wf lemma="kratka" pos="X">kratka</wf>
         <wf lemma="," pos="X">,</wf>
         <wf lemma="žehteča" pos="X">žehteča</wf>
         <wf lemma="sapa" pos="X">sapa</wf>
         <wf lemma="Aljoše" pos="X">Aljoše</wf>
         <wf lemma="Sergeja" pos="X">Sergeja</wf>
         <wf lemma="." pos="X">.</wf>
      </sentence>
      <sentence id="d000.s685" source="wordnet-slovenian">
         <wf lemma="S" pos="X">S</wf>
         <wf lemma="tem" pos="X">tem</wf>
         <wf lemma="ribo" pos="X">ribo</wf>
         <wf lemma="utrujamo" pos="X">utrujamo</wf>
         <wf lemma="," pos="X">,</wf>
         <wf lemma="dokler" pos="X">dokler</wf>
         <wf lemma="je" pos="X">je</wf>
         <wf lemma="ne" pos="X">ne</wf>
         <wf lemma="potegnemo" pos="X">potegnemo</wf>
         <wf lemma="k" pos="X">k</wf>
         <wf lemma="sebi" pos="X">sebi</wf>
         <wf lemma="na" pos="X">na</wf>
         <wf lemma="doseg" pos="X">doseg</wf>
         <instance id="d000.s685.t000" lemma="roka" pos="NOUN">roke</instance>
         <wf lemma="." pos="X">.</wf>
      </sentence>
      <sentence id="d000.s686" source="wordnet-slovenian">
         <wf lemma="V" pos="X">V</wf>
         <instance id="d000.s686.t000" lemma="roka" pos="NOUN">rokah</instance>
         <wf lemma="nosi" pos="X">nosi</wf>
         <wf lemma="škatlo" pos="X">škatlo</wf>
         <wf lemma="za" pos="X">za</wf>
         <wf lemma="čevlje" pos="X">čevlje</wf>
         <wf lemma="…" pos="X">…</wf>
         <wf lemma="." pos="X">.</wf>
      </sentence>
      <sentence id="d000.s687" source="wordnet-slovenian">
         <wf lemma="»" pos="X">»</wf>
         <wf lemma="V" pos="X">V</wf>
         <wf lemma="sedmi" pos="X">sedmi</wf>
         <wf lemma="vrstici" pos="X">vrstici</wf>
         <wf lemma="imenuje" pos="X">imenuje</wf>
         <wf lemma="svojega" pos="X">svojega</wf>
         <instance id="d000.s687.t000" lemma="oče" pos="NOUN">očeta</instance>
         <wf lemma="kalina" pos="X">kalina</wf>
         <wf lemma="." pos="X">.</wf>
      </sentence>
      <sentence id="d000.s688" source="wordnet-slovenian">
         <wf lemma="Marsikateri" pos="X">Marsikateri</wf>
         <wf lemma="seksualno" pos="X">seksualno</wf>
         <wf lemma="sprevrženi" pos="X">sprevrženi</wf>
         <wf lemma="Kozorog" pos="X">Kozorog</wf>
         <wf lemma="se" pos="X">se</wf>
         <wf lemma="poslužuje" pos="X">poslužuje</wf>
         <wf lemma="hujših" pos="X">hujših</wf>
         <instance id="d000.s688.t000" lemma="oblika" pos="NOUN">oblik</instance>
         <wf lemma="sadizma" pos="X">sadizma</wf>
         <wf lemma="," pos="X">,</wf>
         <wf lemma="kot" pos="X">kot</wf>
         <wf lemma="so" pos="X">so</wf>
         <wf lemma="denimo" pos="X">denimo</wf>
         <wf lemma="igrice" pos="X">igrice</wf>
         <wf lemma="»" pos="X">»</wf>
         <wf lemma="ujetništva" pos="X">ujetništva</wf>
         <wf lemma="«" pos="X">«</wf>
         <wf lemma="." pos="X">.</wf>
      </sentence>
      <sentence id="d000.s689" source="wordnet-slovenian">
         <wf lemma="Navzočih" pos="X">Navzočih</wf>
         <wf lemma="je" pos="X">je</wf>
         <wf lemma="več" pos="X">več</wf>
         <wf lemma="sto" pos="X">sto</wf>
         <instance id="d000.s689.t000" lemma="otrok" pos="NOUN">otrok</instance>
         <wf lemma="." pos="X">.</wf>
      </sentence>
      <sentence id="d000.s690" source="wordnet-slovenian">
         <wf lemma="Celje" pos="X">Celje</wf>
         <wf lemma="se" pos="X">se</wf>
         <wf lemma="je" pos="X">je</wf>
         <wf lemma="v" pos="X">v</wf>
         <wf lemma="zadnjih" pos="X">zadnjih</wf>
         <wf lemma="letih" pos="X">letih</wf>
         <wf lemma="zelo" pos="X">zelo</wf>
         <wf lemma="razvilo" pos="X">razvilo</wf>
         <wf lemma="," pos="X">,</wf>
         <wf lemma="to" pos="X">to</wf>
         <wf lemma="vidi" pos="X">vidi</wf>
         <wf lemma="vsak" pos="X">vsak</wf>
         <wf lemma="," pos="X">,</wf>
         <wf lemma="ki" pos="X">ki</wf>
         <wf lemma="se" pos="X">se</wf>
         <wf lemma="pelje" pos="X">pelje</wf>
         <wf lemma="skozi" pos="X">skozi</wf>
         <instance id="d000.s690.t000" lemma="mesto" pos="NOUN">mesto</instance>
         <wf lemma="." pos="X">.</wf>
      </sentence>
      <sentence id="d000.s691" source="wordnet-slovenian">
         <wf lemma="Na" pos="X">Na</wf>
         <wf lemma="neki" pos="X">neki</wf>
         <wf lemma="čuden" pos="X">čuden</wf>
         <wf lemma="in" pos="X">in</wf>
         <wf lemma="skrivnosten" pos="X">skrivnosten</wf>
         <instance id="d000.s691.t000" lemma="način" pos="NOUN">način</instance>
         <wf lemma="sva" pos="X">sva</wf>
         <wf lemma="se" pos="X">se</wf>
         <wf lemma="nazadnje" pos="X">nazadnje</wf>
         <wf lemma="oba" pos="X">oba</wf>
         <wf lemma="zaposlila" pos="X">zaposlila</wf>
         <wf lemma="v" pos="X">v</wf>
         <wf lemma="washingtonski" pos="X">washingtonski</wf>
         <wf lemma="policiji" pos="X">policiji</wf>
         <wf lemma="." pos="X">.</wf>
      </sentence>
      <sentence id="d000.s692" source="wordnet-slovenian">
         <wf lemma="»" pos="X">»</wf>
         <wf lemma="e" pos="X">e</wf>
         <wf lemma="se" pos="X">se</wf>
         <wf lemma="pri" pos="X">pri</wf>
         <wf lemma="tem" pos="X">tem</wf>
         <wf lemma="poveča" pos="X">poveča</wf>
         <wf lemma="teža" pos="X">teža</wf>
         <wf lemma="prihodnosti" pos="X">prihodnosti</wf>
         <wf lemma="v" pos="X">v</wf>
         <wf lemma="subjektivnem" pos="X">subjektivnem</wf>
         <wf lemma="gospodinjenju" pos="X">gospodinjenju</wf>
         <wf lemma="z" pos="X">z</wf>
         <wf lemma="izkušnjami" pos="X">izkušnjami</wf>
         <wf lemma="," pos="X">,</wf>
         <wf lemma="je" pos="X">je</wf>
         <wf lemma="to" pos="X">to</wf>
         <wf lemma="zagotovo" pos="X">zagotovo</wf>
         <wf lemma="povezano" pos="X">povezano</wf>
         <wf lemma="s" pos="X">s</wf>
         <wf lemma="tehnično" pos="X">tehnično</wf>
         <wf lemma="-" pos="X">-</wf>
         <wf lemma="industrijsko" pos="X">industrijsko</wf>
         <wf lemma="preoblikovanim" pos="X">preoblikovanim</wf>
         <instance id="d000.s692.t000" lemma="svet" pos="NOUN">svetom</instance>
         <wf lemma="," pos="X">,</wf>
         <wf lemma="ki" pos="X">ki</wf>
         <wf lemma="človeka" pos="X">človeka</wf>
         <wf lemma="sili" pos="X">sili</wf>
         <wf lemma="k" pos="X">k</wf>
         <wf lemma="vedno" pos="X">vedno</wf>
         <wf lemma="krajšim" pos="X">krajšim</wf>
         <wf lemma="časovnim" pos="X">časovnim</wf>
         <wf lemma="obdobjem" pos="X">obdobjem</wf>
         <wf lemma="," pos="X">,</wf>
         <wf lemma="ko" pos="X">ko</wf>
         <wf lemma="lahko" pos="X">lahko</wf>
         <wf lemma="nabira" pos="X">nabira</wf>
         <wf lemma="nove" pos="X">nove</wf>
         <wf lemma="izkušnje" pos="X">izkušnje</wf>
         <wf lemma="in" pos="X">in</wf>
         <wf lemma="se" pos="X">se</wf>
         <wf lemma="lahko" pos="X">lahko</wf>
         <wf lemma="prilagodi" pos="X">prilagodi</wf>
         <wf lemma="vedno" pos="X">vedno</wf>
         <wf lemma="hitreje" pos="X">hitreje</wf>
         <wf lemma="izzvanim" pos="X">izzvanim</wf>
         <wf lemma="spremembam" pos="X">spremembam</wf>
         <wf lemma="." pos="X">.</wf>
      </sentence>
      <sentence id="d000.s693" source="wordnet-slovenian">
         <wf lemma="Prvi" pos="X">Prvi</wf>
         <wf lemma="dve" pos="X">dve</wf>
         <instance id="d000.s693.t000" lemma="leto" pos="NOUN">leti</instance>
         <wf lemma="po" pos="X">po</wf>
         <wf lemma="potovanju" pos="X">potovanju</wf>
         <wf lemma="označuje" pos="X">označuje</wf>
         <wf lemma="kot" pos="X">kot</wf>
         <wf lemma="najbolj" pos="X">najbolj</wf>
         <wf lemma="delovni" pos="X">delovni</wf>
         <wf lemma="v" pos="X">v</wf>
         <wf lemma="vsej" pos="X">vsej</wf>
         <wf lemma="svoji" pos="X">svoji</wf>
         <wf lemma="karieri" pos="X">karieri</wf>
         <wf lemma="." pos="X">.</wf>
      </sentence>
      <sentence id="d000.s694" source="wordnet-slovenian">
         <wf lemma="Po" pos="X">Po</wf>
         <instance id="d000.s694.t000" lemma="vojna" pos="NOUN">vojni</instance>
         <wf lemma="službuje" pos="X">službuje</wf>
         <wf lemma="v" pos="X">v</wf>
         <wf lemma="Ljubljani" pos="X">Ljubljani</wf>
         <wf lemma="," pos="X">,</wf>
         <wf lemma="najprej" pos="X">najprej</wf>
         <wf lemma="v" pos="X">v</wf>
         <wf lemma="gledališču" pos="X">gledališču</wf>
         <wf lemma="," pos="X">,</wf>
         <wf lemma="nato" pos="X">nato</wf>
         <wf lemma="pretežno" pos="X">pretežno</wf>
         <wf lemma="kot" pos="X">kot</wf>
         <wf lemma="likovna" pos="X">likovna</wf>
         <wf lemma="pedagoginja" pos="X">pedagoginja</wf>
         <wf lemma="do" pos="X">do</wf>
         <wf lemma="upokojitve" pos="X">upokojitve</wf>
         <wf lemma="." pos="X">.</wf>
      </sentence>
      <sentence id="d000.s695" source="wordnet-slovenian">
         <wf lemma="Dekonstruktivizmu" pos="X">Dekonstruktivizmu</wf>
         <wf lemma="," pos="X">,</wf>
         <wf lemma="ki" pos="X">ki</wf>
         <wf lemma="ga" pos="X">ga</wf>
         <wf lemma="je" pos="X">je</wf>
         <wf lemma="treba" pos="X">treba</wf>
         <wf lemma="kljub" pos="X">kljub</wf>
         <wf lemma="vsem" pos="X">vsem</wf>
         <wf lemma="pridržkom" pos="X">pridržkom</wf>
         <wf lemma="do" pos="X">do</wf>
         <wf lemma="takih" pos="X">takih</wf>
         <wf lemma="pojmov" pos="X">pojmov</wf>
         <wf lemma="pripisati" pos="X">pripisati</wf>
         <wf lemma="Libeskindu" pos="X">Libeskindu</wf>
         <wf lemma="," pos="X">,</wf>
         <wf lemma="grozi" pos="X">grozi</wf>
         <wf lemma="," pos="X">,</wf>
         <wf lemma="da" pos="X">da</wf>
         <wf lemma="bo" pos="X">bo</wf>
         <wf lemma="dobil" pos="X">dobil</wf>
         <wf lemma="frivolen" pos="X">frivolen</wf>
         <wf lemma="priokus" pos="X">priokus</wf>
         <wf lemma="," pos="X">,</wf>
         <wf lemma="ko" pos="X">ko</wf>
         <wf lemma="naj" pos="X">naj</wf>
         <wf lemma="bi" pos="X">bi</wf>
         <wf lemma="nadomestil" pos="X">nadomestil</wf>
         <wf lemma="poslopja" pos="X">poslopja</wf>
         <wf lemma="," pos="X">,</wf>
         <wf lemma="ki" pos="X">ki</wf>
         <wf lemma="so" pos="X">so</wf>
         <wf lemma="bila" pos="X">bila</wf>
         <wf lemma="na" pos="X">na</wf>
         <wf lemma="podobno" pos="X">podobno</wf>
         <wf lemma="nasilen" pos="X">nasilen</wf>
         <instance id="d000.s695.t000" lemma="način" pos="NOUN">način</instance>
         <wf lemma="dekonstruirana" pos="X">dekonstruirana</wf>
         <wf lemma="kot" pos="X">kot</wf>
         <wf lemma="»" pos="X">»</wf>
         <wf lemma="twin" pos="X">twin</wf>
         <wf lemma="towers" pos="X">towers</wf>
         <wf lemma="«" pos="X">«</wf>
         <wf lemma="." pos="X">.</wf>
      </sentence>
      <sentence id="d000.s696" source="wordnet-slovenian">
         <wf lemma="Toda" pos="X">Toda</wf>
         <wf lemma="namesto" pos="X">namesto</wf>
         <wf lemma="razprave" pos="X">razprave</wf>
         <wf lemma="o" pos="X">o</wf>
         <wf lemma="novem" pos="X">novem</wf>
         <wf lemma="sistemu" pos="X">sistemu</wf>
         <wf lemma="je" pos="X">je</wf>
         <wf lemma="predstavnik" pos="X">predstavnik</wf>
         <wf lemma="Acroni" pos="X">Acroni</wf>
         <wf lemma="Jesenic" pos="X">Jesenic</wf>
         <wf lemma="Boštjan" pos="X">Boštjan</wf>
         <wf lemma="Gasser" pos="X">Gasser</wf>
         <wf lemma="ponovno" pos="X">ponovno</wf>
         <wf lemma="načel" pos="X">načel</wf>
         <wf lemma="debato" pos="X">debato</wf>
         <wf lemma="o" pos="X">o</wf>
         <wf lemma="izključitvi" pos="X">izključitvi</wf>
         <wf lemma="svojega" pos="X">svojega</wf>
         <instance id="d000.s696.t000" lemma="klub" pos="NOUN">kluba</instance>
         <wf lemma="." pos="X">.</wf>
      </sentence>
      <sentence id="d000.s697" source="wordnet-slovenian">
         <wf lemma="Kljub" pos="X">Kljub</wf>
         <wf lemma="vročini" pos="X">vročini</wf>
         <wf lemma="in" pos="X">in</wf>
         <wf lemma="velikemu" pos="X">velikemu</wf>
         <wf lemma="strahu" pos="X">strahu</wf>
         <wf lemma="pred" pos="X">pred</wf>
         <wf lemma="kačami" pos="X">kačami</wf>
         <wf lemma="," pos="X">,</wf>
         <wf lemma="ki" pos="X">ki</wf>
         <wf lemma="jih" pos="X">jih</wf>
         <wf lemma="v" pos="X">v</wf>
         <wf lemma="teh" pos="X">teh</wf>
         <wf lemma="krajih" pos="X">krajih</wf>
         <wf lemma="ne" pos="X">ne</wf>
         <wf lemma="manjka" pos="X">manjka</wf>
         <wf lemma="," pos="X">,</wf>
         <wf lemma="sem" pos="X">sem</wf>
         <wf lemma="se" pos="X">se</wf>
         <wf lemma="odločil" pos="X">odločil</wf>
         <wf lemma="," pos="X">,</wf>
         <wf lemma="da" pos="X">da</wf>
         <wf lemma="si" pos="X">si</wf>
         <wf lemma="ogledam" pos="X">ogledam</wf>
         <wf lemma="vsaj" pos="X">vsaj</wf>
         <instance id="d000.s697.t000" lemma="del" pos="NOUN">del</instance>
         <wf lemma="poti" pos="X">poti</wf>
         <wf lemma="okoli" pos="X">okoli</wf>
         <wf lemma="gore" pos="X">gore</wf>
         <wf lemma="." pos="X">.</wf>
      </sentence>
      <sentence id="d000.s698" source="wordnet-slovenian">
         <wf lemma="Tad" pos="X">Tad</wf>
         <wf lemma="prepričuje" pos="X">prepričuje</wf>
         <wf lemma="Dixie" pos="X">Dixie</wf>
         <wf lemma="," pos="X">,</wf>
         <wf lemma="naj" pos="X">naj</wf>
         <wf lemma="ne" pos="X">ne</wf>
         <wf lemma="žaluje" pos="X">žaluje</wf>
         <wf lemma="vse" pos="X">vse</wf>
         <instance id="d000.s698.t000" lemma="življenje" pos="NOUN">življenje</instance>
         <wf lemma="za" pos="X">za</wf>
         <wf lemma="mrtvim" pos="X">mrtvim</wf>
         <wf lemma="bratom" pos="X">bratom</wf>
         <wf lemma="," pos="X">,</wf>
         <wf lemma="ampak" pos="X">ampak</wf>
         <wf lemma="naj" pos="X">naj</wf>
         <wf lemma="nekaj" pos="X">nekaj</wf>
         <wf lemma="ljubezni" pos="X">ljubezni</wf>
         <wf lemma="prihrani" pos="X">prihrani</wf>
         <wf lemma="za" pos="X">za</wf>
         <wf lemma="tiste" pos="X">tiste</wf>
         <wf lemma="," pos="X">,</wf>
         <wf lemma="ki" pos="X">ki</wf>
         <wf lemma="so" pos="X">so</wf>
         <wf lemma="še" pos="X">še</wf>
         <wf lemma="živi" pos="X">živi</wf>
         <wf lemma="." pos="X">.</wf>
      </sentence>
      <sentence id="d000.s699" source="wordnet-slovenian">
         <wf lemma="Na" pos="X">Na</wf>
         <wf lemma="besedi" pos="X">besedi</wf>
         <instance id="d000.s699.t000" lemma="delo" pos="NOUN">delo</instance>
         <wf lemma="smo" pos="X">smo</wf>
         <wf lemma="brali" pos="X">brali</wf>
         <wf lemma=":" pos="X">:</wf>
         <wf lemma="Sredstvo" pos="X">Sredstvo</wf>
         <wf lemma="proti" pos="X">proti</wf>
         <wf lemma="poželjivosti" pos="X">poželjivosti</wf>
         <wf lemma="," pos="X">,</wf>
         <wf lemma="najmočnejše" pos="X">najmočnejše</wf>
         <wf lemma="orožje" pos="X">orožje</wf>
         <wf lemma="proti" pos="X">proti</wf>
         <wf lemma="vsem" pos="X">vsem</wf>
         <wf lemma="napadom" pos="X">napadom</wf>
         <wf lemma="hudobnega" pos="X">hudobnega</wf>
         <wf lemma="duha" pos="X">duha</wf>
         <wf lemma="." pos="X">.</wf>
      </sentence>
      <sentence id="d000.s700" source="wordnet-slovenian">
         <wf lemma="Portfolio" pos="X">Portfolio</wf>
         <wf lemma="se" pos="X">se</wf>
         <wf lemma="mora" pos="X">mora</wf>
         <wf lemma="integrirati" pos="X">integrirati</wf>
         <wf lemma="v" pos="X">v</wf>
         <wf lemma="vsakodnevno" pos="X">vsakodnevno</wf>
         <wf lemma="dogajanje" pos="X">dogajanje</wf>
         <wf lemma="v" pos="X">v</wf>
         <wf lemma="vrtcu" pos="X">vrtcu</wf>
         <wf lemma="in" pos="X">in</wf>
         <wf lemma="naj" pos="X">naj</wf>
         <wf lemma="ne" pos="X">ne</wf>
         <wf lemma="postane" pos="X">postane</wf>
         <wf lemma="dodatno" pos="X">dodatno</wf>
         <wf lemma="breme" pos="X">breme</wf>
         <wf lemma="vzgojiteljice" pos="X">vzgojiteljice</wf>
         <wf lemma="v" pos="X">v</wf>
         <wf lemma="poznih" pos="X">poznih</wf>
         <wf lemma="večernih" pos="X">večernih</wf>
         <instance id="d000.s700.t000" lemma="ura" pos="NOUN">urah</instance>
         <wf lemma="doma" pos="X">doma</wf>
         <wf lemma="." pos="X">.</wf>
      </sentence>
      <sentence id="d000.s701" source="wordnet-slovenian">
         <wf lemma="V" pos="X">V</wf>
         <wf lemma="teh" pos="X">teh</wf>
         <wf lemma="sanjah" pos="X">sanjah</wf>
         <wf lemma="se" pos="X">se</wf>
         <wf lemma="je" pos="X">je</wf>
         <wf lemma="Pastirica" pos="X">Pastirica</wf>
         <wf lemma="prikazala" pos="X">prikazala</wf>
         <wf lemma="kot" pos="X">kot</wf>
         <wf lemma="gospa" pos="X">gospa</wf>
         <wf lemma="," pos="X">,</wf>
         <wf lemma="ki" pos="X">ki</wf>
         <wf lemma="mu" pos="X">mu</wf>
         <wf lemma="je" pos="X">je</wf>
         <wf lemma="nakazala" pos="X">nakazala</wf>
         <wf lemma="nova" pos="X">nova</wf>
         <instance id="d000.s701.t000" lemma="obdobje" pos="NOUN">obdobja</instance>
         <wf lemma="Oratorija" pos="X">Oratorija</wf>
         <wf lemma=":" pos="X">:</wf>
         <wf lemma="običajen" pos="X">običajen</wf>
         <wf lemma="travnik" pos="X">travnik</wf>
         <wf lemma="(" pos="X">(</wf>
         <wf lemma="travnik" pos="X">travnik</wf>
         <wf lemma="Filippi" pos="X">Filippi</wf>
         <wf lemma=")" pos="X">)</wf>
         <wf lemma=";" pos="X">;</wf>
         <wf lemma="končno" pos="X">končno</wf>
         <wf lemma="stalni" pos="X">stalni</wf>
         <wf lemma="kraj" pos="X">kraj</wf>
         <wf lemma="bolj" pos="X">bolj</wf>
         <wf lemma="severno" pos="X">severno</wf>
         <wf lemma="(" pos="X">(</wf>
         <wf lemma="Valdocco" pos="X">Valdocco</wf>
         <wf lemma=")" pos="X">)</wf>
         <wf lemma="." pos="X">.</wf>
      </sentence>
      <sentence id="d000.s702" source="wordnet-slovenian">
         <wf lemma="Konec" pos="X">Konec</wf>
         <wf lemma="februarja" pos="X">februarja</wf>
         <wf lemma="je" pos="X">je</wf>
         <wf lemma="KZS" pos="X">KZS</wf>
         <wf lemma="skupaj" pos="X">skupaj</wf>
         <wf lemma="s" pos="X">s</wf>
         <instance id="d000.s702.t000" lemma="klub" pos="NOUN">klubom</instance>
         <wf lemma="Kreativ" pos="X">Kreativ</wf>
         <wf lemma="iz" pos="X">iz</wf>
         <wf lemma="Murske" pos="X">Murske</wf>
         <wf lemma="Sobote" pos="X">Sobote</wf>
         <wf lemma="v" pos="X">v</wf>
         <wf lemma="Prekmurju" pos="X">Prekmurju</wf>
         <wf lemma="organizirala" pos="X">organizirala</wf>
         <wf lemma="mednarodni" pos="X">mednarodni</wf>
         <wf lemma="turnir" pos="X">turnir</wf>
         <wf lemma="za" pos="X">za</wf>
         <wf lemma="kadetske" pos="X">kadetske</wf>
         <wf lemma="reprezentance" pos="X">reprezentance</wf>
         <wf lemma="," pos="X">,</wf>
         <wf lemma="kjer" pos="X">kjer</wf>
         <wf lemma="so" pos="X">so</wf>
         <wf lemma="bili" pos="X">bili</wf>
         <wf lemma="najboljši" pos="X">najboljši</wf>
         <wf lemma="slovenski" pos="X">slovenski</wf>
         <wf lemma="16" pos="X">16</wf>
         <wf lemma="-" pos="X">-</wf>
         <wf lemma="letniki" pos="X">letniki</wf>
         <wf lemma="zelo" pos="X">zelo</wf>
         <wf lemma="uspešni" pos="X">uspešni</wf>
         <wf lemma="." pos="X">.</wf>
      </sentence>
      <sentence id="d000.s703" source="wordnet-slovenian">
         <instance id="d000.s703.t000" lemma="zadeva" pos="NOUN">Zadeva</instance>
         <wf lemma="je" pos="X">je</wf>
         <wf lemma="zapletena" pos="X">zapletena</wf>
         <wf lemma="," pos="X">,</wf>
         <wf lemma="ker" pos="X">ker</wf>
         <wf lemma="si" pos="X">si</wf>
         <wf lemma="strokovnjaki" pos="X">strokovnjaki</wf>
         <wf lemma="niso" pos="X">niso</wf>
         <wf lemma="edini" pos="X">edini</wf>
         <wf lemma="o" pos="X">o</wf>
         <wf lemma="njenih" pos="X">njenih</wf>
         <wf lemma="vzrokih" pos="X">vzrokih</wf>
         <wf lemma="." pos="X">.</wf>
      </sentence>
      <sentence id="d000.s704" source="wordnet-slovenian">
         <wf lemma="Nismo" pos="X">Nismo</wf>
         <wf lemma="proti" pos="X">proti</wf>
         <wf lemma="zasebni" pos="X">zasebni</wf>
         <wf lemma="lastnini" pos="X">lastnini</wf>
         <wf lemma="in" pos="X">in</wf>
         <wf lemma="zdi" pos="X">zdi</wf>
         <wf lemma="se" pos="X">se</wf>
         <wf lemma="nam" pos="X">nam</wf>
         <wf lemma="prav" pos="X">prav</wf>
         <wf lemma="," pos="X">,</wf>
         <wf lemma="da" pos="X">da</wf>
         <wf lemma="imajo" pos="X">imajo</wf>
         <wf lemma="nekateri" pos="X">nekateri</wf>
         <wf lemma="več" pos="X">več</wf>
         <instance id="d000.s704.t000" lemma="denar" pos="NOUN">denarja</instance>
         <wf lemma="," pos="X">,</wf>
         <wf lemma="vendar" pos="X">vendar</wf>
         <wf lemma="si" pos="X">si</wf>
         <wf lemma="želimo" pos="X">želimo</wf>
         <wf lemma="več" pos="X">več</wf>
         <wf lemma="pravičnosti" pos="X">pravičnosti</wf>
         <wf lemma="." pos="X">.</wf>
      </sentence>
      <sentence id="d000.s705" source="wordnet-slovenian">
         <wf lemma="HRASTNIK" pos="X">HRASTNIK</wf>
         <wf lemma="-" pos="X">-</wf>
         <wf lemma="Delniška" pos="X">Delniška</wf>
         <wf lemma="družba" pos="X">družba</wf>
         <wf lemma="Stedek" pos="X">Stedek</wf>
         <wf lemma="," pos="X">,</wf>
         <wf lemma="ki" pos="X">ki</wf>
         <wf lemma="se" pos="X">se</wf>
         <wf lemma="ukvarja" pos="X">ukvarja</wf>
         <wf lemma="s" pos="X">s</wf>
         <wf lemma="satiniranjem" pos="X">satiniranjem</wf>
         <wf lemma="in" pos="X">in</wf>
         <wf lemma="dekoriranjem" pos="X">dekoriranjem</wf>
         <wf lemma="steklanih" pos="X">steklanih</wf>
         <wf lemma="izdelkov" pos="X">izdelkov</wf>
         <wf lemma="," pos="X">,</wf>
         <wf lemma="zdaj" pos="X">zdaj</wf>
         <wf lemma="še" pos="X">še</wf>
         <wf lemma="deluje" pos="X">deluje</wf>
         <wf lemma="v" pos="X">v</wf>
         <instance id="d000.s705.t000" lemma="prostor" pos="NOUN">prostorih</instance>
         <wf lemma="steklarne" pos="X">steklarne</wf>
         <wf lemma="." pos="X">.</wf>
      </sentence>
      <sentence id="d000.s706" source="wordnet-slovenian">
         <wf lemma="To" pos="X">To</wf>
         <wf lemma="pomeni" pos="X">pomeni</wf>
         <wf lemma="," pos="X">,</wf>
         <wf lemma="da" pos="X">da</wf>
         <wf lemma="nekdanji" pos="X">nekdanji</wf>
         <wf lemma="novorokerski" pos="X">novorokerski</wf>
         <wf lemma="program" pos="X">program</wf>
         <wf lemma="Štirke" pos="X">Štirke</wf>
         <wf lemma="sedaj" pos="X">sedaj</wf>
         <wf lemma="lahko" pos="X">lahko</wf>
         <wf lemma="najdemo" pos="X">najdemo</wf>
         <wf lemma="v" pos="X">v</wf>
         <wf lemma="Orto" pos="X">Orto</wf>
         <instance id="d000.s706.t000" lemma="klub" pos="NOUN">klubu</instance>
         <wf lemma="." pos="X">.</wf>
      </sentence>
      <sentence id="d000.s707" source="wordnet-slovenian">
         <wf lemma="Škatli" pos="X">Škatli</wf>
         <wf lemma="z" pos="X">z</wf>
         <instance id="d000.s707.t000" lemma="denar" pos="NOUN">denarjem</instance>
         <wf lemma="sta" pos="X">sta</wf>
         <wf lemma="bili" pos="X">bili</wf>
         <wf lemma="zapečateni" pos="X">zapečateni</wf>
         <wf lemma="." pos="X">.</wf>
      </sentence>
      <sentence id="d000.s708" source="wordnet-slovenian">
         <wf lemma="Čeprav" pos="X">Čeprav</wf>
         <wf lemma="so" pos="X">so</wf>
         <wf lemma="bili" pos="X">bili</wf>
         <wf lemma="kmetje" pos="X">kmetje</wf>
         <wf lemma="pod" pos="X">pod</wf>
         <wf lemma="vodstvom" pos="X">vodstvom</wf>
         <wf lemma="Zlatka" pos="X">Zlatka</wf>
         <wf lemma="Tomčića" pos="X">Tomčića</wf>
         <wf lemma="na" pos="X">na</wf>
         <wf lemma="volitvah" pos="X">volitvah</wf>
         <wf lemma="poraženi" pos="X">poraženi</wf>
         <wf lemma="," pos="X">,</wf>
         <wf lemma="saj" pos="X">saj</wf>
         <wf lemma="je" pos="X">je</wf>
         <wf lemma="število" pos="X">število</wf>
         <wf lemma="njihovih" pos="X">njihovih</wf>
         <wf lemma="mandatov" pos="X">mandatov</wf>
         <wf lemma="padlo" pos="X">padlo</wf>
         <wf lemma="s" pos="X">s</wf>
         <wf lemma="šestnajst" pos="X">šestnajst</wf>
         <wf lemma="na" pos="X">na</wf>
         <wf lemma="devet" pos="X">devet</wf>
         <wf lemma="," pos="X">,</wf>
         <wf lemma="si" pos="X">si</wf>
         <wf lemma="bodo" pos="X">bodo</wf>
         <wf lemma="lahko" pos="X">lahko</wf>
         <wf lemma="izborili" pos="X">izborili</wf>
         <wf lemma="vpliven" pos="X">vpliven</wf>
         <wf lemma="položaj" pos="X">položaj</wf>
         <wf lemma="v" pos="X">v</wf>
         <instance id="d000.s708.t000" lemma="vlada" pos="NOUN">vladi</instance>
         <wf lemma="." pos="X">.</wf>
      </sentence>
      <sentence id="d000.s709" source="wordnet-slovenian">
         <wf lemma="ODPRAVILA" pos="X">ODPRAVILA</wf>
         <wf lemma="SE" pos="X">SE</wf>
         <wf lemma="JE" pos="X">JE</wf>
         <wf lemma="NA" pos="X">NA</wf>
         <wf lemma="POTOVANJE" pos="X">POTOVANJE</wf>
         <wf lemma="IN" pos="X">IN</wf>
         <wf lemma="TAKOJ" pos="X">TAKOJ</wf>
         <wf lemma="ODKRILA" pos="X">ODKRILA</wf>
         <wf lemma="," pos="X">,</wf>
         <wf lemma="DA" pos="X">DA</wf>
         <wf lemma="KOT" pos="X">KOT</wf>
         <wf lemma="SAMSKA" pos="X">SAMSKA</wf>
         <wf lemma="," pos="X">,</wf>
         <wf lemma="NEZAVAROVANA" pos="X">NEZAVAROVANA</wf>
         <instance id="d000.s709.t000" lemma="ženska" pos="NOUN">ŽENSKA</instance>
         <wf lemma="NE" pos="X">NE</wf>
         <wf lemma="BO" pos="X">BO</wf>
         <wf lemma="MOGLA" pos="X">MOGLA</wf>
         <wf lemma="PREŽIVETI" pos="X">PREŽIVETI</wf>
         <wf lemma="," pos="X">,</wf>
         <wf lemma="SAJ" pos="X">SAJ</wf>
         <wf lemma="SO" pos="X">SO</wf>
         <wf lemma="JO" pos="X">JO</wf>
         <wf lemma="NAJPREJ" pos="X">NAJPREJ</wf>
         <wf lemma="SPOLNO" pos="X">SPOLNO</wf>
         <wf lemma="NAPADLI" pos="X">NAPADLI</wf>
         <wf lemma="IN" pos="X">IN</wf>
         <wf lemma="NATO" pos="X">NATO</wf>
         <wf lemma="ŠE" pos="X">ŠE</wf>
         <wf lemma="PRODALI" pos="X">PRODALI</wf>
         <wf lemma="." pos="X">.</wf>
      </sentence>
      <sentence id="d000.s710" source="wordnet-slovenian">
         <wf lemma="Ko" pos="X">Ko</wf>
         <wf lemma="je" pos="X">je</wf>
         <wf lemma="strateg" pos="X">strateg</wf>
         <wf lemma="slovenskih" pos="X">slovenskih</wf>
         <wf lemma="prvakinj" pos="X">prvakinj</wf>
         <wf lemma="Vinko" pos="X">Vinko</wf>
         <wf lemma="Kandija" pos="X">Kandija</wf>
         <wf lemma="skupaj" pos="X">skupaj</wf>
         <wf lemma="s" pos="X">s</wf>
         <wf lemma="podpredsednikom" pos="X">podpredsednikom</wf>
         <instance id="d000.s710.t000" lemma="klub" pos="NOUN">kluba</instance>
         <wf lemma="Marjanom" pos="X">Marjanom</wf>
         <wf lemma="Dolerjem" pos="X">Dolerjem</wf>
         <wf lemma="v" pos="X">v</wf>
         <wf lemma="soboto" pos="X">soboto</wf>
         <wf lemma="obiskal" pos="X">obiskal</wf>
         <wf lemma="dunajsko" pos="X">dunajsko</wf>
         <wf lemma="katedralo" pos="X">katedralo</wf>
         <wf lemma="sv." pos="X">sv.</wf>
         <wf lemma="Štefana" pos="X">Štefana</wf>
         <wf lemma="," pos="X">,</wf>
         <wf lemma="najbrž" pos="X">najbrž</wf>
         <wf lemma="ni" pos="X">ni</wf>
         <wf lemma="upal" pos="X">upal</wf>
         <wf lemma="pomisliti" pos="X">pomisliti</wf>
         <wf lemma="," pos="X">,</wf>
         <wf lemma="da" pos="X">da</wf>
         <wf lemma="bodo" pos="X">bodo</wf>
         <wf lemma="njegove" pos="X">njegove</wf>
         <wf lemma="prošnje" pos="X">prošnje</wf>
         <wf lemma="in" pos="X">in</wf>
         <wf lemma="molitve" pos="X">molitve</wf>
         <wf lemma="zares" pos="X">zares</wf>
         <wf lemma="uresničene" pos="X">uresničene</wf>
         <wf lemma="." pos="X">.</wf>
      </sentence>
      <sentence id="d000.s711" source="wordnet-slovenian">
         <wf lemma="Malečniška" pos="X">Malečniška</wf>
         <wf lemma="cesta" pos="X">cesta</wf>
         <wf lemma="-" pos="X">-</wf>
         <wf lemma="Gotovo" pos="X">Gotovo</wf>
         <wf lemma="je" pos="X">je</wf>
         <wf lemma="ena" pos="X">ena</wf>
         <wf lemma="najbolj" pos="X">najbolj</wf>
         <wf lemma="»" pos="X">»</wf>
         <wf lemma="zelenih" pos="X">zelenih</wf>
         <wf lemma="«" pos="X">«</wf>
         <wf lemma="državnih" pos="X">državnih</wf>
         <wf lemma="cest" pos="X">cest</wf>
         <wf lemma="," pos="X">,</wf>
         <wf lemma="že" pos="X">že</wf>
         <wf lemma="v" pos="X">v</wf>
         <wf lemma="dveh" pos="X">dveh</wf>
         <wf lemma="do" pos="X">do</wf>
         <wf lemma="treh" pos="X">treh</wf>
         <instance id="d000.s711.t000" lemma="mesec" pos="NOUN">mesecih</instance>
         <wf lemma="pa" pos="X">pa</wf>
         <wf lemma="bi" pos="X">bi</wf>
         <wf lemma="jo" pos="X">jo</wf>
         <wf lemma="po" pos="X">po</wf>
         <wf lemma="mnenju" pos="X">mnenju</wf>
         <wf lemma="direktorja" pos="X">direktorja</wf>
         <wf lemma="Komunalne" pos="X">Komunalne</wf>
         <wf lemma="direkcije" pos="X">direkcije</wf>
         <wf lemma="mag." pos="X">mag.</wf>
         <wf lemma="Borisa" pos="X">Borisa</wf>
         <wf lemma="Škerbinka" pos="X">Škerbinka</wf>
         <wf lemma="lahko" pos="X">lahko</wf>
         <wf lemma="usposobili" pos="X">usposobili</wf>
         <wf lemma="vsaj" pos="X">vsaj</wf>
         <wf lemma="za" pos="X">za</wf>
         <wf lemma="enosmerni" pos="X">enosmerni</wf>
         <wf lemma="promet" pos="X">promet</wf>
         <wf lemma="." pos="X">.</wf>
      </sentence>
      <sentence id="d000.s712" source="wordnet-slovenian">
         <instance id="d000.s712.t000" lemma="država" pos="NOUN">Država</instance>
         <wf lemma="očitke" pos="X">očitke</wf>
         <wf lemma="preprosto" pos="X">preprosto</wf>
         <wf lemma="požre" pos="X">požre</wf>
         <wf lemma="." pos="X">.</wf>
      </sentence>
      <sentence id="d000.s713" source="wordnet-slovenian">
         <wf lemma="»" pos="X">»</wf>
         <wf lemma="Ko" pos="X">Ko</wf>
         <instance id="d000.s713.t000" lemma="podjetje" pos="NOUN">podjetje</instance>
         <wf lemma="postane" pos="X">postane</wf>
         <wf lemma="tarča" pos="X">tarča</wf>
         <wf lemma="prevzema" pos="X">prevzema</wf>
         <wf lemma="," pos="X">,</wf>
         <wf lemma="lahko" pos="X">lahko</wf>
         <wf lemma="menedžment" pos="X">menedžment</wf>
         <wf lemma="zelo" pos="X">zelo</wf>
         <wf lemma="hitro" pos="X">hitro</wf>
         <wf lemma="vpliva" pos="X">vpliva</wf>
         <wf lemma="na" pos="X">na</wf>
         <wf lemma="zaposlene" pos="X">zaposlene</wf>
         <wf lemma="," pos="X">,</wf>
         <wf lemma="prav" pos="X">prav</wf>
         <wf lemma="ta" pos="X">ta</wf>
         <wf lemma="podpora" pos="X">podpora</wf>
         <wf lemma="je" pos="X">je</wf>
         <wf lemma="nujna" pos="X">nujna</wf>
         <wf lemma="," pos="X">,</wf>
         <wf lemma="saj" pos="X">saj</wf>
         <wf lemma="je" pos="X">je</wf>
         <wf lemma="integracija" pos="X">integracija</wf>
         <wf lemma="podjetja" pos="X">podjetja</wf>
         <wf lemma="kasneje" pos="X">kasneje</wf>
         <wf lemma="veliko" pos="X">veliko</wf>
         <wf lemma="uspešnejša" pos="X">uspešnejša</wf>
         <wf lemma="." pos="X">.</wf>
      </sentence>
      <sentence id="d000.s714" source="wordnet-slovenian">
         <wf lemma="DOBREPOLJE" pos="X">DOBREPOLJE</wf>
         <wf lemma="-" pos="X">-</wf>
         <wf lemma="Pod" pos="X">Pod</wf>
         <wf lemma="krošnjami" pos="X">krošnjami</wf>
         <wf lemma="Lipovga" pos="X">Lipovga</wf>
         <wf lemma="gaja" pos="X">gaja</wf>
         <wf lemma="pri" pos="X">pri</wf>
         <wf lemma="cerkvi" pos="X">cerkvi</wf>
         <wf lemma="sv." pos="X">sv.</wf>
         <wf lemma="Antona" pos="X">Antona</wf>
         <wf lemma="nad" pos="X">nad</wf>
         <wf lemma="Zdensko" pos="X">Zdensko</wf>
         <wf lemma="vasjo" pos="X">vasjo</wf>
         <wf lemma="v" pos="X">v</wf>
         <wf lemma="občini" pos="X">občini</wf>
         <wf lemma="Dobrepolje" pos="X">Dobrepolje</wf>
         <wf lemma="so" pos="X">so</wf>
         <wf lemma="več" pos="X">več</wf>
         <wf lemma="kot" pos="X">kot</wf>
         <wf lemma="tri" pos="X">tri</wf>
         <wf lemma="stoletja" pos="X">stoletja</wf>
         <wf lemma="," pos="X">,</wf>
         <wf lemma="vse" pos="X">vse</wf>
         <wf lemma="do" pos="X">do</wf>
         <instance id="d000.s714.t000" lemma="začetek" pos="NOUN">začetka</instance>
         <wf lemma="2." pos="X">2.</wf>
         <wf lemma="svetovne" pos="X">svetovne</wf>
         <wf lemma="vojne" pos="X">vojne</wf>
         <wf lemma="," pos="X">,</wf>
         <wf lemma="pripravljali" pos="X">pripravljali</wf>
         <wf lemma="odmevne" pos="X">odmevne</wf>
         <wf lemma="živinorejske" pos="X">živinorejske</wf>
         <wf lemma="sejme" pos="X">sejme</wf>
         <wf lemma="na" pos="X">na</wf>
         <wf lemma="Dolenjskem" pos="X">Dolenjskem</wf>
         <wf lemma="." pos="X">.</wf>
      </sentence>
      <sentence id="d000.s715" source="wordnet-slovenian">
         <wf lemma="Prihodnje" pos="X">Prihodnje</wf>
         <wf lemma="šolsko" pos="X">šolsko</wf>
         <wf lemma="leto" pos="X">leto</wf>
         <wf lemma="bo" pos="X">bo</wf>
         <wf lemma="novi" pos="X">novi</wf>
         <wf lemma="program" pos="X">program</wf>
         <wf lemma="devetletke" pos="X">devetletke</wf>
         <wf lemma="poskusno" pos="X">poskusno</wf>
         <wf lemma="izvajalo" pos="X">izvajalo</wf>
         <wf lemma="skoraj" pos="X">skoraj</wf>
         <wf lemma="sto" pos="X">sto</wf>
         <instance id="d000.s715.t000" lemma="šola" pos="NOUN">šol</instance>
         <wf lemma="." pos="X">.</wf>
      </sentence>
      <sentence id="d000.s716" source="wordnet-slovenian">
         <wf lemma="PODOBNA" pos="X">PODOBNA</wf>
         <wf lemma="ZGODBA" pos="X">ZGODBA</wf>
         <wf lemma="JE" pos="X">JE</wf>
         <wf lemma="V" pos="X">V</wf>
         <wf lemma="PRIBLIŽNO" pos="X">PRIBLIŽNO</wf>
         <wf lemma="ISTEM" pos="X">ISTEM</wf>
         <wf lemma="ČASU" pos="X">ČASU</wf>
         <wf lemma="BURILA" pos="X">BURILA</wf>
         <wf lemma="DUHOVE" pos="X">DUHOVE</wf>
         <wf lemma="V" pos="X">V</wf>
         <wf lemma="ZDA" pos="X">ZDA</wf>
         <wf lemma="," pos="X">,</wf>
         <wf lemma="LE" pos="X">LE</wf>
         <wf lemma="DA" pos="X">DA</wf>
         <wf lemma="JE" pos="X">JE</wf>
         <wf lemma="ŠLO" pos="X">ŠLO</wf>
         <wf lemma="ZA" pos="X">ZA</wf>
         <instance id="d000.s716.t000" lemma="ženska" pos="NOUN">ŽENSKO</instance>
         <wf lemma="," pos="X">,</wf>
         <wf lemma="KI" pos="X">KI</wf>
         <wf lemma="JE" pos="X">JE</wf>
         <wf lemma="SKORAJ" pos="X">SKORAJ</wf>
         <wf lemma="VSE" pos="X">VSE</wf>
         <wf lemma="ODRASLO" pos="X">ODRASLO</wf>
         <wf lemma="ŽIVLJENJE" pos="X">ŽIVLJENJE</wf>
         <wf lemma="PREŽIVELA" pos="X">PREŽIVELA</wf>
         <wf lemma="KOT" pos="X">KOT</wf>
         <wf lemma="MOŠKI" pos="X">MOŠKI</wf>
         <wf lemma="IN" pos="X">IN</wf>
         <wf lemma="SO" pos="X">SO</wf>
         <wf lemma="NJEN" pos="X">NJEN</wf>
         <wf lemma="SPOL" pos="X">SPOL</wf>
         <wf lemma="PRAV" pos="X">PRAV</wf>
         <wf lemma="TAKO" pos="X">TAKO</wf>
         <wf lemma="ODKRILI" pos="X">ODKRILI</wf>
         <wf lemma="ŠELE" pos="X">ŠELE</wf>
         <wf lemma="PO" pos="X">PO</wf>
         <wf lemma="SMRTI" pos="X">SMRTI</wf>
         <wf lemma="." pos="X">.</wf>
      </sentence>
      <sentence id="d000.s717" source="wordnet-slovenian">
         <wf lemma="Filmska" pos="X">Filmska</wf>
         <wf lemma="pripoved" pos="X">pripoved</wf>
         <wf lemma="o" pos="X">o</wf>
         <wf lemma="slovenskih" pos="X">slovenskih</wf>
         <wf lemma="muzejih" pos="X">muzejih</wf>
         <wf lemma="je" pos="X">je</wf>
         <wf lemma="nastala" pos="X">nastala</wf>
         <wf lemma="kot" pos="X">kot</wf>
         <wf lemma="projekt" pos="X">projekt</wf>
         <wf lemma="," pos="X">,</wf>
         <wf lemma="katerega" pos="X">katerega</wf>
         <wf lemma="nadaljevanje" pos="X">nadaljevanje</wf>
         <wf lemma="bomo" pos="X">bomo</wf>
         <wf lemma="za" pos="X">za</wf>
         <instance id="d000.s717.t000" lemma="sprememba" pos="NOUN">spremembo</instance>
         <wf lemma="gledali" pos="X">gledali</wf>
         <wf lemma="že" pos="X">že</wf>
         <wf lemma="prihodnji" pos="X">prihodnji</wf>
         <wf lemma="teden" pos="X">teden</wf>
         <wf lemma="." pos="X">.</wf>
      </sentence>
      <sentence id="d000.s718" source="wordnet-slovenian">
         <wf lemma="Kadar" pos="X">Kadar</wf>
         <wf lemma="si" pos="X">si</wf>
         <wf lemma="umivate" pos="X">umivate</wf>
         <wf lemma="lase" pos="X">lase</wf>
         <wf lemma="," pos="X">,</wf>
         <wf lemma="pazite" pos="X">pazite</wf>
         <wf lemma="," pos="X">,</wf>
         <wf lemma="da" pos="X">da</wf>
         <wf lemma="vam" pos="X">vam</wf>
         <instance id="d000.s718.t000" lemma="voda" pos="NOUN">voda</instance>
         <wf lemma="ne" pos="X">ne</wf>
         <wf lemma="bo" pos="X">bo</wf>
         <wf lemma="šlazaide" pos="X">šlazaide</wf>
         <wf lemma="voda" pos="X">voda</wf>
         <wf lemma="v" pos="X">v</wf>
         <wf lemma="ušesa" pos="X">ušesa</wf>
         <wf lemma="," pos="X">,</wf>
         <wf lemma="zato" pos="X">zato</wf>
         <wf lemma="v" pos="X">v</wf>
         <wf lemma="vsako" pos="X">vsako</wf>
         <wf lemma="uho" pos="X">uho</wf>
         <wf lemma="vtaknite" pos="X">vtaknite</wf>
         <wf lemma="kosem" pos="X">kosem</wf>
         <wf lemma="vate" pos="X">vate</wf>
         <wf lemma="," pos="X">,</wf>
         <wf lemma="namočene" pos="X">namočene</wf>
         <wf lemma="v" pos="X">v</wf>
         <wf lemma="vazelin" pos="X">vazelin</wf>
         <wf lemma="," pos="X">,</wf>
         <wf lemma="ki" pos="X">ki</wf>
         <wf lemma="jo" pos="X">jo</wf>
         <wf lemma="potem" pos="X">potem</wf>
         <wf lemma="odstranite" pos="X">odstranite</wf>
         <wf lemma="." pos="X">.</wf>
      </sentence>
      <sentence id="d000.s719" source="wordnet-slovenian">
         <wf lemma="Indeks" pos="X">Indeks</wf>
         <wf lemma="relativne" pos="X">relativne</wf>
         <instance id="d000.s719.t000" lemma="moč" pos="NOUN">moči</instance>
         <wf lemma="se" pos="X">se</wf>
         <wf lemma="trenutno" pos="X">trenutno</wf>
         <wf lemma="zadržuje" pos="X">zadržuje</wf>
         <wf lemma="okoli" pos="X">okoli</wf>
         <wf lemma="35" pos="X">35</wf>
         <wf lemma="indeksnih" pos="X">indeksnih</wf>
         <wf lemma="točk" pos="X">točk</wf>
         <wf lemma="," pos="X">,</wf>
         <wf lemma="za" pos="X">za</wf>
         <wf lemma="močnejši" pos="X">močnejši</wf>
         <wf lemma="porast" pos="X">porast</wf>
         <wf lemma="pa" pos="X">pa</wf>
         <wf lemma="bi" pos="X">bi</wf>
         <wf lemma="potrebovali" pos="X">potrebovali</wf>
         <wf lemma="preboj" pos="X">preboj</wf>
         <wf lemma="45" pos="X">45</wf>
         <wf lemma="točk" pos="X">točk</wf>
         <wf lemma="." pos="X">.</wf>
      </sentence>
      <sentence id="d000.s720" source="wordnet-slovenian">
         <wf lemma="Vadi" pos="X">Vadi</wf>
         <wf lemma="od" pos="X">od</wf>
         <wf lemma="8." pos="X">8.</wf>
         <instance id="d000.s720.t000" lemma="ura" pos="NOUN">ure</instance>
         <wf lemma="zjutraj" pos="X">zjutraj</wf>
         <wf lemma="do" pos="X">do</wf>
         <wf lemma="14." pos="X">14.</wf>
         <wf lemma="ure" pos="X">ure</wf>
         <wf lemma="popoldan" pos="X">popoldan</wf>
         <wf lemma="," pos="X">,</wf>
         <wf lemma="potem" pos="X">potem</wf>
         <wf lemma="pa" pos="X">pa</wf>
         <wf lemma="spet" pos="X">spet</wf>
         <wf lemma="od" pos="X">od</wf>
         <wf lemma="15.30" pos="X">15.30</wf>
         <wf lemma="do" pos="X">do</wf>
         <wf lemma="19." pos="X">19.</wf>
         <wf lemma="ure" pos="X">ure</wf>
         <wf lemma="." pos="X">.</wf>
      </sentence>
      <sentence id="d000.s721" source="wordnet-slovenian">
         <wf lemma="Na" pos="X">Na</wf>
         <wf lemma="brniškem" pos="X">brniškem</wf>
         <wf lemma="letališču" pos="X">letališču</wf>
         <wf lemma="ga" pos="X">ga</wf>
         <wf lemma="je" pos="X">je</wf>
         <wf lemma="z" pos="X">z</wf>
         <wf lemma="vojaškimi" pos="X">vojaškimi</wf>
         <wf lemma="častmi" pos="X">častmi</wf>
         <wf lemma="sprejel" pos="X">sprejel</wf>
         <wf lemma="gostitelj" pos="X">gostitelj</wf>
         <wf lemma="," pos="X">,</wf>
         <wf lemma="predsednik" pos="X">predsednik</wf>
         <wf lemma="slovenske" pos="X">slovenske</wf>
         <instance id="d000.s721.t000" lemma="vlada" pos="NOUN">vlade</instance>
         <wf lemma="Janez" pos="X">Janez</wf>
         <wf lemma="Drnovšek" pos="X">Drnovšek</wf>
         <wf lemma="." pos="X">.</wf>
      </sentence>
      <sentence id="d000.s722" source="wordnet-slovenian">
         <wf lemma="&quot;" pos="X">&quot;</wf>
         <wf lemma="Pagotto" pos="X">Pagotto</wf>
         <wf lemma="ni" pos="X">ni</wf>
         <wf lemma="želel" pos="X">želel</wf>
         <wf lemma="sodelovati" pos="X">sodelovati</wf>
         <wf lemma="pri" pos="X">pri</wf>
         <wf lemma="raziskavi" pos="X">raziskavi</wf>
         <instance id="d000.s722.t000" lemma="primer" pos="NOUN">primera</instance>
         <wf lemma="," pos="X">,</wf>
         <wf lemma="zato" pos="X">zato</wf>
         <wf lemma="je" pos="X">je</wf>
         <wf lemma="kazen" pos="X">kazen</wf>
         <wf lemma="tako" pos="X">tako</wf>
         <wf lemma="ostra" pos="X">ostra</wf>
         <wf lemma="," pos="X">,</wf>
         <wf lemma="&quot;" pos="X">&quot;</wf>
         <wf lemma="so" pos="X">so</wf>
         <wf lemma="pojasnili" pos="X">pojasnili</wf>
         <wf lemma="na" pos="X">na</wf>
         <wf lemma="zvezi" pos="X">zvezi</wf>
         <wf lemma="." pos="X">.</wf>
      </sentence>
      <sentence id="d000.s723" source="wordnet-slovenian">
         <wf lemma="Leninova" pos="X">Leninova</wf>
         <wf lemma="nova" pos="X">nova</wf>
         <wf lemma="ekonomska" pos="X">ekonomska</wf>
         <wf lemma="politika" pos="X">politika</wf>
         <wf lemma="(" pos="X">(</wf>
         <wf lemma="NEP" pos="X">NEP</wf>
         <wf lemma=")" pos="X">)</wf>
         <wf lemma="je" pos="X">je</wf>
         <wf lemma="po" pos="X">po</wf>
         <wf lemma="oktobrski" pos="X">oktobrski</wf>
         <wf lemma="revoluciji" pos="X">revoluciji</wf>
         <wf lemma="predstavljala" pos="X">predstavljala</wf>
         <wf lemma="nekajletni" pos="X">nekajletni</wf>
         <wf lemma="predah" pos="X">predah</wf>
         <wf lemma="," pos="X">,</wf>
         <wf lemma="ko" pos="X">ko</wf>
         <wf lemma="so" pos="X">so</wf>
         <wf lemma="dovolili" pos="X">dovolili</wf>
         <wf lemma="delovanje" pos="X">delovanje</wf>
         <instance id="d000.s723.t000" lemma="trg" pos="NOUN">trga</instance>
         <wf lemma="." pos="X">.</wf>
      </sentence>
      <sentence id="d000.s724" source="wordnet-slovenian">
         <wf lemma="To" pos="X">To</wf>
         <wf lemma="se" pos="X">se</wf>
         <wf lemma="mi" pos="X">mi</wf>
         <wf lemma="je" pos="X">je</wf>
         <wf lemma="zdela" pos="X">zdela</wf>
         <wf lemma="slaba" pos="X">slaba</wf>
         <wf lemma="politična" pos="X">politična</wf>
         <wf lemma="poteza" pos="X">poteza</wf>
         <wf lemma="," pos="X">,</wf>
         <wf lemma="saj" pos="X">saj</wf>
         <wf lemma="nikoli" pos="X">nikoli</wf>
         <wf lemma="ne" pos="X">ne</wf>
         <wf lemma="posiljujejo" pos="X">posiljujejo</wf>
         <wf lemma="celi" pos="X">celi</wf>
         <wf lemma="narodi" pos="X">narodi</wf>
         <wf lemma="," pos="X">,</wf>
         <wf lemma="temveč" pos="X">temveč</wf>
         <wf lemma="samo" pos="X">samo</wf>
         <wf lemma="moški" pos="X">moški</wf>
         <wf lemma="z" pos="X">z</wf>
         <wf lemma="zmagovite" pos="X">zmagovite</wf>
         <instance id="d000.s724.t000" lemma="stran" pos="NOUN">strani</instance>
         <wf lemma="." pos="X">.</wf>
      </sentence>
      <sentence id="d000.s725" source="wordnet-slovenian">
         <wf lemma="&quot;" pos="X">&quot;</wf>
         <wf lemma="Težava" pos="X">Težava</wf>
         <wf lemma="in" pos="X">in</wf>
         <wf lemma="nevarno" pos="X">nevarno</wf>
         <wf lemma="je" pos="X">je</wf>
         <wf lemma="ne" pos="X">ne</wf>
         <wf lemma="samo" pos="X">samo</wf>
         <wf lemma="," pos="X">,</wf>
         <wf lemma="če" pos="X">če</wf>
         <wf lemma="greš" pos="X">greš</wf>
         <wf lemma="peš" pos="X">peš</wf>
         <wf lemma="ob" pos="X">ob</wf>
         <instance id="d000.s725.t000" lemma="cesta" pos="NOUN">cesti</instance>
         <wf lemma="." pos="X">.</wf>
      </sentence>
      <sentence id="d000.s726" source="wordnet-slovenian">
         <wf lemma="Ob" pos="X">Ob</wf>
         <wf lemma="malo" pos="X">malo</wf>
         <wf lemma="večjem" pos="X">večjem</wf>
         <wf lemma="povpraševanju" pos="X">povpraševanju</wf>
         <wf lemma="pa" pos="X">pa</wf>
         <wf lemma="se" pos="X">se</wf>
         <wf lemma="bo" pos="X">bo</wf>
         <instance id="d000.s726.t000" lemma="območje" pos="NOUN">območje</instance>
         <wf lemma="trgovanja" pos="X">trgovanja</wf>
         <wf lemma="takoj" pos="X">takoj</wf>
         <wf lemma="pomaknilo" pos="X">pomaknilo</wf>
         <wf lemma="na" pos="X">na</wf>
         <wf lemma="21.000" pos="X">21.000</wf>
         <wf lemma="tolarjev" pos="X">tolarjev</wf>
         <wf lemma="," pos="X">,</wf>
         <wf lemma="kjer" pos="X">kjer</wf>
         <wf lemma="ponudbe" pos="X">ponudbe</wf>
         <wf lemma="ni" pos="X">ni</wf>
         <wf lemma="veliko" pos="X">veliko</wf>
         <wf lemma="." pos="X">.</wf>
      </sentence>
      <sentence id="d000.s727" source="wordnet-slovenian">
         <wf lemma="Njena" pos="X">Njena</wf>
         <instance id="d000.s727.t000" lemma="oblika" pos="NOUN">oblika</instance>
         <wf lemma="je" pos="X">je</wf>
         <wf lemma="spominjala" pos="X">spominjala</wf>
         <wf lemma="na" pos="X">na</wf>
         <wf lemma="polovico" pos="X">polovico</wf>
         <wf lemma="cerkvene" pos="X">cerkvene</wf>
         <wf lemma="kupole" pos="X">kupole</wf>
         <wf lemma="." pos="X">.</wf>
      </sentence>
      <sentence id="d000.s728" source="wordnet-slovenian">
         <wf lemma="Hkrati" pos="X">Hkrati</wf>
         <wf lemma="so" pos="X">so</wf>
         <wf lemma="predstavili" pos="X">predstavili</wf>
         <wf lemma="statistične" pos="X">statistične</wf>
         <wf lemma="kazalce" pos="X">kazalce</wf>
         <wf lemma="(" pos="X">(</wf>
         <wf lemma="mimogrede" pos="X">mimogrede</wf>
         <wf lemma="," pos="X">,</wf>
         <instance id="d000.s728.t000" lemma="večina" pos="NOUN">večina</instance>
         <wf lemma="jih" pos="X">jih</wf>
         <wf lemma="je" pos="X">je</wf>
         <wf lemma="strogo" pos="X">strogo</wf>
         <wf lemma="zaupna" pos="X">zaupna</wf>
         <wf lemma="," pos="X">,</wf>
         <wf lemma="zato" pos="X">zato</wf>
         <wf lemma="jih" pos="X">jih</wf>
         <wf lemma="ne" pos="X">ne</wf>
         <wf lemma="moremo" pos="X">moremo</wf>
         <wf lemma="predstaviti" pos="X">predstaviti</wf>
         <wf lemma=")" pos="X">)</wf>
         <wf lemma="," pos="X">,</wf>
         <wf lemma="ki" pos="X">ki</wf>
         <wf lemma="nas" pos="X">nas</wf>
         <wf lemma="uvrščajo" pos="X">uvrščajo</wf>
         <wf lemma="v" pos="X">v</wf>
         <wf lemma="povprečje" pos="X">povprečje</wf>
         <wf lemma="ali" pos="X">ali</wf>
         <wf lemma="celo" pos="X">celo</wf>
         <wf lemma="med" pos="X">med</wf>
         <wf lemma="najuspešnejše" pos="X">najuspešnejše</wf>
         <wf lemma="evropske" pos="X">evropske</wf>
         <wf lemma="države" pos="X">države</wf>
         <wf lemma="(" pos="X">(</wf>
         <wf lemma="gre" pos="X">gre</wf>
         <wf lemma="za" pos="X">za</wf>
         <wf lemma="kazalce" pos="X">kazalce</wf>
         <wf lemma="," pos="X">,</wf>
         <wf lemma="ki" pos="X">ki</wf>
         <wf lemma="kažejo" pos="X">kažejo</wf>
         <wf lemma="uspešnost" pos="X">uspešnost</wf>
         <wf lemma="regulacije" pos="X">regulacije</wf>
         <wf lemma="trga" pos="X">trga</wf>
         <wf lemma=")" pos="X">)</wf>
         <wf lemma="." pos="X">.</wf>
      </sentence>
      <sentence id="d000.s729" source="wordnet-slovenian">
         <wf lemma="Druga" pos="X">Druga</wf>
         <wf lemma="stran" pos="X">stran</wf>
         <wf lemma="," pos="X">,</wf>
         <wf lemma="zelo" pos="X">zelo</wf>
         <wf lemma="skromna" pos="X">skromna</wf>
         <wf lemma="manjšina" pos="X">manjšina</wf>
         <wf lemma="," pos="X">,</wf>
         <wf lemma="je" pos="X">je</wf>
         <wf lemma="nad" pos="X">nad</wf>
         <wf lemma="njimi" pos="X">njimi</wf>
         <wf lemma="navdušena" pos="X">navdušena</wf>
         <wf lemma="," pos="X">,</wf>
         <wf lemma="pa" pos="X">pa</wf>
         <wf lemma="čeprav" pos="X">čeprav</wf>
         <wf lemma="&amp;amp" pos="X">&amp;amp</wf>
         <wf lemma=";" pos="X">;</wf>
         <wf lemma="so" pos="X">so</wf>
         <wf lemma="tipke" pos="X">tipke</wf>
         <wf lemma="premajhne" pos="X">premajhne</wf>
         <wf lemma="," pos="X">,</wf>
         <wf lemma="telefon" pos="X">telefon</wf>
         <wf lemma="ne" pos="X">ne</wf>
         <wf lemma="zna" pos="X">zna</wf>
         <wf lemma="pošiljati" pos="X">pošiljati</wf>
         <wf lemma="faksa" pos="X">faksa</wf>
         <wf lemma="," pos="X">,</wf>
         <instance id="d000.s729.t000" lemma="stvar" pos="NOUN">stvar</instance>
         <wf lemma="je" pos="X">je</wf>
         <wf lemma="velika" pos="X">velika</wf>
         <wf lemma="in" pos="X">in</wf>
         <wf lemma="ne" pos="X">ne</wf>
         <wf lemma="gre" pos="X">gre</wf>
         <wf lemma="v" pos="X">v</wf>
         <wf lemma="žep" pos="X">žep</wf>
         <wf lemma="," pos="X">,</wf>
         <wf lemma="kot" pos="X">kot</wf>
         <wf lemma="telefon" pos="X">telefon</wf>
         <wf lemma="pa" pos="X">pa</wf>
         <wf lemma="ni" pos="X">ni</wf>
         <wf lemma="nič" pos="X">nič</wf>
         <wf lemma="kaj" pos="X">kaj</wf>
         <wf lemma="prida" pos="X">prida</wf>
         <wf lemma="." pos="X">.</wf>
      </sentence>
      <sentence id="d000.s730" source="wordnet-slovenian">
         <wf lemma="URADNIKI" pos="X">URADNIKI</wf>
         <wf lemma="SO" pos="X">SO</wf>
         <wf lemma="BILI" pos="X">BILI</wf>
         <wf lemma="RAZVRŠČENI" pos="X">RAZVRŠČENI</wf>
         <wf lemma="NA" pos="X">NA</wf>
         <wf lemma="DESET" pos="X">DESET</wf>
         <instance id="d000.s730.t000" lemma="skupina" pos="NOUN">SKUPIN</instance>
         <wf lemma="," pos="X">,</wf>
         <wf lemma="S" pos="X">S</wf>
         <wf lemma="TEM" pos="X">TEM</wf>
         <wf lemma="DA" pos="X">DA</wf>
         <wf lemma="SO" pos="X">SO</wf>
         <wf lemma="IMELE" pos="X">IMELE</wf>
         <wf lemma="PRVE" pos="X">PRVE</wf>
         <wf lemma="TRI" pos="X">TRI</wf>
         <wf lemma="SKUPINE" pos="X">SKUPINE</wf>
         <wf lemma="ZNOTRAJ" pos="X">ZNOTRAJ</wf>
         <wf lemma="PO" pos="X">PO</wf>
         <wf lemma="DVE" pos="X">DVE</wf>
         <wf lemma="DO" pos="X">DO</wf>
         <wf lemma="TRI" pos="X">TRI</wf>
         <wf lemma="STOPNJE" pos="X">STOPNJE</wf>
         <wf lemma="." pos="X">.</wf>
      </sentence>
      <sentence id="d000.s731" source="wordnet-slovenian">
         <wf lemma="Sin" pos="X">Sin</wf>
         <wf lemma="doktorja" pos="X">doktorja</wf>
         <wf lemma="Massima" pos="X">Massima</wf>
         <wf lemma="mu" pos="X">mu</wf>
         <wf lemma="je" pos="X">je</wf>
         <wf lemma="še" pos="X">še</wf>
         <wf lemma="tako" pos="X">tako</wf>
         <wf lemma="hitro" pos="X">hitro</wf>
         <wf lemma="zamašil" pos="X">zamašil</wf>
         <wf lemma="usta" pos="X">usta</wf>
         <wf lemma="," pos="X">,</wf>
         <wf lemma="da" pos="X">da</wf>
         <wf lemma="malim" pos="X">malim</wf>
         <wf lemma="lopovom" pos="X">lopovom</wf>
         <wf lemma="ni" pos="X">ni</wf>
         <wf lemma="utegnil" pos="X">utegnil</wf>
         <wf lemma="omeniti" pos="X">omeniti</wf>
         <wf lemma="," pos="X">,</wf>
         <wf lemma="da" pos="X">da</wf>
         <wf lemma="zunaj" pos="X">zunaj</wf>
         <wf lemma="pred" pos="X">pred</wf>
         <instance id="d000.s731.t000" lemma="vrata" pos="NOUN">vrati</instance>
         <wf lemma="v" pos="X">v</wf>
         <wf lemma="prepišni" pos="X">prepišni</wf>
         <wf lemma="škatli" pos="X">škatli</wf>
         <wf lemma="sameva" pos="X">sameva</wf>
         <wf lemma="uboga" pos="X">uboga</wf>
         <wf lemma="prehlajena" pos="X">prehlajena</wf>
         <wf lemma="želva" pos="X">želva</wf>
         <wf lemma="." pos="X">.</wf>
      </sentence>
      <sentence id="d000.s732" source="wordnet-slovenian">
         <wf lemma="Poročite" pos="X">Poročite</wf>
         <wf lemma="se" pos="X">se</wf>
         <wf lemma="s" pos="X">s</wf>
         <wf lemma="komerkoli" pos="X">komerkoli</wf>
         <wf lemma="," pos="X">,</wf>
         <wf lemma="ker" pos="X">ker</wf>
         <wf lemma="se" pos="X">se</wf>
         <wf lemma="ne" pos="X">ne</wf>
         <wf lemma="boste" pos="X">boste</wf>
         <wf lemma="več" pos="X">več</wf>
         <wf lemma="čutila" pos="X">čutila</wf>
         <wf lemma="počaščena" pos="X">počaščena</wf>
         <wf lemma="in" pos="X">in</wf>
         <wf lemma="rešena" pos="X">rešena</wf>
         <wf lemma="," pos="X">,</wf>
         <wf lemma="če" pos="X">če</wf>
         <wf lemma="vas" pos="X">vas</wf>
         <wf lemma="bo" pos="X">bo</wf>
         <instance id="d000.s732.t000" lemma="človek" pos="NOUN">človek</instance>
         <wf lemma="z" pos="X">z</wf>
         <wf lemma="veliko" pos="X">veliko</wf>
         <wf lemma="kulturo" pos="X">kulturo</wf>
         <wf lemma="sprejel" pos="X">sprejel</wf>
         <wf lemma="v" pos="X">v</wf>
         <wf lemma="svoje" pos="X">svoje</wf>
         <wf lemma="naročje" pos="X">naročje</wf>
         <wf lemma="in" pos="X">in</wf>
         <wf lemma="vam" pos="X">vam</wf>
         <wf lemma="odpustil" pos="X">odpustil</wf>
         <wf lemma="," pos="X">,</wf>
         <wf lemma="vam" pos="X">vam</wf>
         <wf lemma="spregledal" pos="X">spregledal</wf>
         <wf lemma="," pos="X">,</wf>
         <wf lemma="da" pos="X">da</wf>
         <wf lemma="ste" pos="X">ste</wf>
         <wf lemma="se" pos="X">se</wf>
         <wf lemma="rodila" pos="X">rodila</wf>
         <wf lemma="slovenskim" pos="X">slovenskim</wf>
         <wf lemma="staršem" pos="X">staršem</wf>
         <wf lemma="!" pos="X">!</wf>
      </sentence>
      <sentence id="d000.s733" source="wordnet-slovenian">
         <wf lemma="Prav" pos="X">Prav</wf>
         <wf lemma="tako" pos="X">tako</wf>
         <wf lemma="izzivalna" pos="X">izzivalna</wf>
         <wf lemma="je" pos="X">je</wf>
         <wf lemma="zelo" pos="X">zelo</wf>
         <wf lemma="rafinirana" pos="X">rafinirana</wf>
         <instance id="d000.s733.t000" lemma="zgodba" pos="NOUN">zgodba</instance>
         <wf lemma="drame" pos="X">drame</wf>
         <wf lemma="," pos="X">,</wf>
         <wf lemma="čeprav" pos="X">čeprav</wf>
         <wf lemma="je" pos="X">je</wf>
         <wf lemma="bil" pos="X">bil</wf>
         <wf lemma="to" pos="X">to</wf>
         <wf lemma="prvenec" pos="X">prvenec</wf>
         <wf lemma="tega" pos="X">tega</wf>
         <wf lemma="avtorja" pos="X">avtorja</wf>
         <wf lemma=";" pos="X">;</wf>
         <wf lemma="tematsko" pos="X">tematsko</wf>
         <wf lemma="prepoznaven" pos="X">prepoznaven</wf>
         <wf lemma="in" pos="X">in</wf>
         <wf lemma="sprejemljiv" pos="X">sprejemljiv</wf>
         <wf lemma="za" pos="X">za</wf>
         <wf lemma="današnji" pos="X">današnji</wf>
         <wf lemma="čas" pos="X">čas</wf>
         <wf lemma="je" pos="X">je</wf>
         <wf lemma="tudi" pos="X">tudi</wf>
         <wf lemma="dramatikov" pos="X">dramatikov</wf>
         <wf lemma="gnev" pos="X">gnev</wf>
         <wf lemma="," pos="X">,</wf>
         <wf lemma="ki" pos="X">ki</wf>
         <wf lemma="je" pos="X">je</wf>
         <wf lemma="uporaben" pos="X">uporaben</wf>
         <wf lemma="za" pos="X">za</wf>
         <wf lemma="navezavo" pos="X">navezavo</wf>
         <wf lemma="te" pos="X">te</wf>
         <wf lemma="igre" pos="X">igre</wf>
         <wf lemma="na" pos="X">na</wf>
         <wf lemma="sodobnost" pos="X">sodobnost</wf>
         <wf lemma="." pos="X">.</wf>
      </sentence>
      <sentence id="d000.s734" source="wordnet-slovenian">
         <wf lemma="Zveza" pos="X">Zveza</wf>
         <wf lemma="med" pos="X">med</wf>
         <wf lemma="jedrom" pos="X">jedrom</wf>
         <wf lemma="ene" pos="X">ene</wf>
         <wf lemma="povedi" pos="X">povedi</wf>
         <wf lemma="in" pos="X">in</wf>
         <wf lemma="izhodiščem" pos="X">izhodiščem</wf>
         <wf lemma="naslednje" pos="X">naslednje</wf>
         <wf lemma="ustvarja" pos="X">ustvarja</wf>
         <wf lemma="vsebinsko" pos="X">vsebinsko</wf>
         <wf lemma="zaokroženost" pos="X">zaokroženost</wf>
         <instance id="d000.s734.t000" lemma="besedilo" pos="NOUN">besedila</instance>
         <wf lemma="." pos="X">.</wf>
      </sentence>
      <sentence id="d000.s735" source="wordnet-slovenian">
         <wf lemma="&quot;" pos="X">&quot;</wf>
         <wf lemma="V" pos="X">V</wf>
         <wf lemma="teh" pos="X">teh</wf>
         <wf lemma="težkih" pos="X">težkih</wf>
         <wf lemma="časih" pos="X">časih</wf>
         <wf lemma="mi" pos="X">mi</wf>
         <wf lemma="je" pos="X">je</wf>
         <wf lemma="stala" pos="X">stala</wf>
         <wf lemma="ob" pos="X">ob</wf>
         <instance id="d000.s735.t000" lemma="stran" pos="NOUN">strani</instance>
         <wf lemma="," pos="X">,</wf>
         <wf lemma="podarila" pos="X">podarila</wf>
         <wf lemma="pa" pos="X">pa</wf>
         <wf lemma="mi" pos="X">mi</wf>
         <wf lemma="je" pos="X">je</wf>
         <wf lemma="tudi" pos="X">tudi</wf>
         <wf lemma="Alice" pos="X">Alice</wf>
         <wf lemma="." pos="X">.</wf>
      </sentence>
      <sentence id="d000.s736" source="wordnet-slovenian">
         <wf lemma="&quot;" pos="X">&quot;</wf>
         <wf lemma="Pred" pos="X">Pred</wf>
         <wf lemma="sprejetjem" pos="X">sprejetjem</wf>
         <wf lemma="dopolnjene" pos="X">dopolnjene</wf>
         <wf lemma="zakonodaje" pos="X">zakonodaje</wf>
         <wf lemma="o" pos="X">o</wf>
         <wf lemma="lokalni" pos="X">lokalni</wf>
         <wf lemma="samoupravi" pos="X">samoupravi</wf>
         <wf lemma="smo" pos="X">smo</wf>
         <wf lemma="bili" pos="X">bili</wf>
         <wf lemma="proti" pos="X">proti</wf>
         <wf lemma="KS" pos="X">KS</wf>
         <wf lemma="," pos="X">,</wf>
         <wf lemma="sedaj" pos="X">sedaj</wf>
         <wf lemma="jim" pos="X">jim</wf>
         <wf lemma="ne" pos="X">ne</wf>
         <wf lemma="nasprotujemo" pos="X">nasprotujemo</wf>
         <wf lemma="," pos="X">,</wf>
         <wf lemma="če" pos="X">če</wf>
         <wf lemma="si" pos="X">si</wf>
         <wf lemma="jih" pos="X">jih</wf>
         <wf lemma="ljudje" pos="X">ljudje</wf>
         <wf lemma="želijo" pos="X">želijo</wf>
         <wf lemma="," pos="X">,</wf>
         <wf lemma="vendar" pos="X">vendar</wf>
         <wf lemma="to" pos="X">to</wf>
         <wf lemma="ne" pos="X">ne</wf>
         <wf lemma="pomeni" pos="X">pomeni</wf>
         <wf lemma="," pos="X">,</wf>
         <wf lemma="da" pos="X">da</wf>
         <wf lemma="je" pos="X">je</wf>
         <wf lemma="prišlo" pos="X">prišlo</wf>
         <wf lemma="do" pos="X">do</wf>
         <wf lemma="preloma" pos="X">preloma</wf>
         <wf lemma="v" pos="X">v</wf>
         <wf lemma="našem" pos="X">našem</wf>
         <wf lemma="mišlenju" pos="X">mišlenju</wf>
         <wf lemma="," pos="X">,</wf>
         <wf lemma="ampak" pos="X">ampak</wf>
         <wf lemma="se" pos="X">se</wf>
         <wf lemma="je" pos="X">je</wf>
         <wf lemma="v" pos="X">v</wf>
         <wf lemma="tem" pos="X">tem</wf>
         <wf lemma="času" pos="X">času</wf>
         <wf lemma="zakonodaja" pos="X">zakonodaja</wf>
         <wf lemma="obrnila" pos="X">obrnila</wf>
         <wf lemma="na" pos="X">na</wf>
         <instance id="d000.s736.t000" lemma="glava" pos="NOUN">glavo</instance>
         <wf lemma="," pos="X">,</wf>
         <wf lemma="&quot;" pos="X">&quot;</wf>
         <wf lemma="je" pos="X">je</wf>
         <wf lemma="povedal" pos="X">povedal</wf>
         <wf lemma="Simončič" pos="X">Simončič</wf>
         <wf lemma="." pos="X">.</wf>
      </sentence>
      <sentence id="d000.s737" source="wordnet-slovenian">
         <instance id="d000.s737.t000" lemma="točka" pos="NOUN">TOČKA</instance>
         <wf lemma="95." pos="X">95.</wf>
      </sentence>
      <sentence id="d000.s738" source="wordnet-slovenian">
         <wf lemma="Več" pos="X">Več</wf>
         <wf lemma="je" pos="X">je</wf>
         <instance id="d000.s738.t000" lemma="zakon" pos="NOUN">zakonov</instance>
         <wf lemma="," pos="X">,</wf>
         <wf lemma="bolj" pos="X">bolj</wf>
         <wf lemma="so" pos="X">so</wf>
         <wf lemma="zapleteni" pos="X">zapleteni</wf>
         <wf lemma="," pos="X">,</wf>
         <wf lemma="manj" pos="X">manj</wf>
         <wf lemma="je" pos="X">je</wf>
         <wf lemma="prava" pos="X">prava</wf>
         <wf lemma="." pos="X">.</wf>
      </sentence>
      <sentence id="d000.s739" source="wordnet-slovenian">
         <wf lemma="Stranko" pos="X">Stranko</wf>
         <wf lemma="pregleda" pos="X">pregleda</wf>
         <wf lemma="zdravnik" pos="X">zdravnik</wf>
         <wf lemma="," pos="X">,</wf>
         <wf lemma="označi" pos="X">označi</wf>
         <wf lemma="mesta" pos="X">mesta</wf>
         <wf lemma="dlakavosti" pos="X">dlakavosti</wf>
         <wf lemma="," pos="X">,</wf>
         <wf lemma="izvor" pos="X">izvor</wf>
         <wf lemma="dlak" pos="X">dlak</wf>
         <wf lemma="(" pos="X">(</wf>
         <wf lemma="posledica" pos="X">posledica</wf>
         <wf lemma="morebitnega" pos="X">morebitnega</wf>
         <wf lemma="hormonskega" pos="X">hormonskega</wf>
         <wf lemma="delovanja" pos="X">delovanja</wf>
         <wf lemma=")" pos="X">)</wf>
         <wf lemma="ter" pos="X">ter</wf>
         <wf lemma="določi" pos="X">določi</wf>
         <instance id="d000.s739.t000" lemma="postopek" pos="NOUN">postopek</instance>
         <wf lemma="njihovega" pos="X">njihovega</wf>
         <wf lemma="odstranjevanja" pos="X">odstranjevanja</wf>
         <wf lemma="in" pos="X">in</wf>
         <wf lemma="moč" pos="X">moč</wf>
         <wf lemma="nastavitve" pos="X">nastavitve</wf>
         <wf lemma="laserja" pos="X">laserja</wf>
         <wf lemma="." pos="X">.</wf>
      </sentence>
      <sentence id="d000.s740" source="wordnet-slovenian">
         <wf lemma="Po" pos="X">Po</wf>
         <wf lemma="besedah" pos="X">besedah</wf>
         <wf lemma="trenerja" pos="X">trenerja</wf>
         <wf lemma="Mira" pos="X">Mira</wf>
         <wf lemma="Požuna" pos="X">Požuna</wf>
         <wf lemma="so" pos="X">so</wf>
         <wf lemma="Makedonci" pos="X">Makedonci</wf>
         <wf lemma="značilni" pos="X">značilni</wf>
         <wf lemma="zastopniki" pos="X">zastopniki</wf>
         <wf lemma="jugoslovanske" pos="X">jugoslovanske</wf>
         <wf lemma="rokometne" pos="X">rokometne</wf>
         <instance id="d000.s740.t000" lemma="šola" pos="NOUN">šole</instance>
         <wf lemma="z" pos="X">z</wf>
         <wf lemma="agresivno" pos="X">agresivno</wf>
         <wf lemma="obrambo" pos="X">obrambo</wf>
         <wf lemma="od" pos="X">od</wf>
         <wf lemma="6" pos="X">6</wf>
         <wf lemma="-" pos="X">-</wf>
         <wf lemma="0" pos="X">0</wf>
         <wf lemma="do" pos="X">do</wf>
         <wf lemma="3" pos="X">3</wf>
         <wf lemma="-" pos="X">-</wf>
         <wf lemma="2" pos="X">2</wf>
         <wf lemma="-" pos="X">-</wf>
         <wf lemma="1" pos="X">1</wf>
         <wf lemma="." pos="X">.</wf>
      </sentence>
      <sentence id="d000.s741" source="wordnet-slovenian">
         <wf lemma="Orto" pos="X">Orto</wf>
         <wf lemma="bar" pos="X">bar</wf>
         <wf lemma="je" pos="X">je</wf>
         <wf lemma="prerasel" pos="X">prerasel</wf>
         <wf lemma="status" pos="X">status</wf>
         <wf lemma="bara" pos="X">bara</wf>
         <wf lemma="s" pos="X">s</wf>
         <wf lemma="predelavo" pos="X">predelavo</wf>
         <wf lemma="zgornjega" pos="X">zgornjega</wf>
         <wf lemma="nadstropja" pos="X">nadstropja</wf>
         <wf lemma="v" pos="X">v</wf>
         <wf lemma="plesišče" pos="X">plesišče</wf>
         <wf lemma="in" pos="X">in</wf>
         <wf lemma="od" pos="X">od</wf>
         <wf lemma="takrat" pos="X">takrat</wf>
         <wf lemma="se" pos="X">se</wf>
         <wf lemma="pogovarjamo" pos="X">pogovarjamo</wf>
         <wf lemma="tudi" pos="X">tudi</wf>
         <wf lemma="o" pos="X">o</wf>
         <wf lemma="Orto" pos="X">Orto</wf>
         <instance id="d000.s741.t000" lemma="klub" pos="NOUN">klubu</instance>
         <wf lemma="." pos="X">.</wf>
      </sentence>
      <sentence id="d000.s742" source="wordnet-slovenian">
         <wf lemma="To" pos="X">To</wf>
         <wf lemma="je" pos="X">je</wf>
         <wf lemma="vse" pos="X">vse</wf>
         <wf lemma="posledica" pos="X">posledica</wf>
         <wf lemma="dejstva" pos="X">dejstva</wf>
         <wf lemma="," pos="X">,</wf>
         <wf lemma="razmišlja" pos="X">razmišlja</wf>
         <wf lemma="Murko" pos="X">Murko</wf>
         <wf lemma="," pos="X">,</wf>
         <wf lemma="da" pos="X">da</wf>
         <wf lemma="je" pos="X">je</wf>
         <wf lemma="Maribor" pos="X">Maribor</wf>
         <wf lemma="ekonomsko" pos="X">ekonomsko</wf>
         <wf lemma="izčrpan" pos="X">izčrpan</wf>
         <wf lemma="," pos="X">,</wf>
         <wf lemma="tam" pos="X">tam</wf>
         <wf lemma="ni" pos="X">ni</wf>
         <wf lemma="novih" pos="X">novih</wf>
         <instance id="d000.s742.t000" lemma="podjetje" pos="NOUN">podjetij</instance>
         <wf lemma="," pos="X">,</wf>
         <wf lemma="ni" pos="X">ni</wf>
         <wf lemma="služb" pos="X">služb</wf>
         <wf lemma="," pos="X">,</wf>
         <wf lemma="v" pos="X">v</wf>
         <wf lemma="zraku" pos="X">zraku</wf>
         <wf lemma="visijo" pos="X">visijo</wf>
         <wf lemma="grožnje" pos="X">grožnje</wf>
         <wf lemma="stečajev" pos="X">stečajev</wf>
         <wf lemma="." pos="X">.</wf>
      </sentence>
      <sentence id="d000.s743" source="wordnet-slovenian">
         <wf lemma="Ko" pos="X">Ko</wf>
         <wf lemma="poleti" pos="X">poleti</wf>
         <instance id="d000.s743.t000" lemma="moč" pos="NOUN">moč</instance>
         <wf lemma="sonca" pos="X">sonca</wf>
         <wf lemma="narašča" pos="X">narašča</wf>
         <wf lemma="in" pos="X">in</wf>
         <wf lemma="se" pos="X">se</wf>
         <wf lemma="rečni" pos="X">rečni</wf>
         <wf lemma="pretoki" pos="X">pretoki</wf>
         <wf lemma="manjšajo" pos="X">manjšajo</wf>
         <wf lemma="," pos="X">,</wf>
         <wf lemma="se" pos="X">se</wf>
         <wf lemma="tudi" pos="X">tudi</wf>
         <wf lemma="ribe" pos="X">ribe</wf>
         <wf lemma="umikajo" pos="X">umikajo</wf>
         <wf lemma="v" pos="X">v</wf>
         <wf lemma="najgloblje" pos="X">najgloblje</wf>
         <wf lemma="dele" pos="X">dele</wf>
         <wf lemma="rek" pos="X">rek</wf>
         <wf lemma="." pos="X">.</wf>
      </sentence>
      <sentence id="d000.s744" source="wordnet-slovenian">
         <wf lemma="Ema" pos="X">Ema</wf>
         <wf lemma="je" pos="X">je</wf>
         <wf lemma="že" pos="X">že</wf>
         <wf lemma="pred" pos="X">pred</wf>
         <wf lemma="dvema" pos="X">dvema</wf>
         <instance id="d000.s744.t000" lemma="leto" pos="NOUN">letoma</instance>
         <wf lemma="v" pos="X">v</wf>
         <wf lemma="isti" pos="X">isti</wf>
         <wf lemma="akciji" pos="X">akciji</wf>
         <wf lemma="dobila" pos="X">dobila</wf>
         <wf lemma="prvo" pos="X">prvo</wf>
         <wf lemma="nagrado" pos="X">nagrado</wf>
         <wf lemma="za" pos="X">za</wf>
         <wf lemma="najlepši" pos="X">najlepši</wf>
         <wf lemma="balkon" pos="X">balkon</wf>
         <wf lemma="," pos="X">,</wf>
         <wf lemma="takrat" pos="X">takrat</wf>
         <wf lemma="pa" pos="X">pa</wf>
         <wf lemma="si" pos="X">si</wf>
         <wf lemma="je" pos="X">je</wf>
         <wf lemma="Moverna" pos="X">Moverna</wf>
         <wf lemma="vas" pos="X">vas</wf>
         <wf lemma="skupaj" pos="X">skupaj</wf>
         <wf lemma="s" pos="X">s</wf>
         <wf lemma="sosednjo" pos="X">sosednjo</wf>
         <wf lemma="Krupo" pos="X">Krupo</wf>
         <wf lemma="ter" pos="X">ter</wf>
         <wf lemma="s" pos="X">s</wf>
         <wf lemma="Prapročami" pos="X">Prapročami</wf>
         <wf lemma="delila" pos="X">delila</wf>
         <wf lemma="tudi" pos="X">tudi</wf>
         <wf lemma="prvo" pos="X">prvo</wf>
         <wf lemma="mesto" pos="X">mesto</wf>
         <wf lemma="za" pos="X">za</wf>
         <wf lemma="najlepše" pos="X">najlepše</wf>
         <wf lemma="urejeno" pos="X">urejeno</wf>
         <wf lemma="vas" pos="X">vas</wf>
         <wf lemma="v" pos="X">v</wf>
         <wf lemma="semiški" pos="X">semiški</wf>
         <wf lemma="občini" pos="X">občini</wf>
         <wf lemma="." pos="X">.</wf>
      </sentence>
      <sentence id="d000.s745" source="wordnet-slovenian">
         <wf lemma="Ustavno" pos="X">Ustavno</wf>
         <wf lemma="sodišče" pos="X">sodišče</wf>
         <wf lemma="je" pos="X">je</wf>
         <wf lemma="zavrnilo" pos="X">zavrnilo</wf>
         <wf lemma="zahtevo" pos="X">zahtevo</wf>
         <wf lemma="mestne" pos="X">mestne</wf>
         <wf lemma="občine" pos="X">občine</wf>
         <wf lemma="Slovenj" pos="X">Slovenj</wf>
         <wf lemma="Gradec" pos="X">Gradec</wf>
         <wf lemma="," pos="X">,</wf>
         <wf lemma="ki" pos="X">ki</wf>
         <wf lemma="je" pos="X">je</wf>
         <wf lemma="konec" pos="X">konec</wf>
         <wf lemma="lanskega" pos="X">lanskega</wf>
         <instance id="d000.s745.t000" lemma="leto" pos="NOUN">leta</instance>
         <wf lemma="zahtevala" pos="X">zahtevala</wf>
         <wf lemma="oceno" pos="X">oceno</wf>
         <wf lemma="ustavnosti" pos="X">ustavnosti</wf>
         <wf lemma="in" pos="X">in</wf>
         <wf lemma="zakonitost" pos="X">zakonitost</wf>
         <wf lemma="vladnega" pos="X">vladnega</wf>
         <wf lemma="sklepa" pos="X">sklepa</wf>
         <wf lemma="," pos="X">,</wf>
         <wf lemma="ki" pos="X">ki</wf>
         <wf lemma="so" pos="X">so</wf>
         <wf lemma="ga" pos="X">ga</wf>
         <wf lemma="sprejeli" pos="X">sprejeli</wf>
         <wf lemma="oktobra" pos="X">oktobra</wf>
         <wf lemma="lani" pos="X">lani</wf>
         <wf lemma="v" pos="X">v</wf>
         <wf lemma="zvezi" pos="X">zvezi</wf>
         <wf lemma="s" pos="X">s</wf>
         <wf lemma="predlogom" pos="X">predlogom</wf>
         <wf lemma="izračuna" pos="X">izračuna</wf>
         <wf lemma="primerne" pos="X">primerne</wf>
         <wf lemma="porabe" pos="X">porabe</wf>
         <wf lemma="občin" pos="X">občin</wf>
         <wf lemma="in" pos="X">in</wf>
         <wf lemma="zneskov" pos="X">zneskov</wf>
         <wf lemma="finančne" pos="X">finančne</wf>
         <wf lemma="izravnave" pos="X">izravnave</wf>
         <wf lemma="za" pos="X">za</wf>
         <wf lemma="leti" pos="X">leti</wf>
         <wf lemma="1999" pos="X">1999</wf>
         <wf lemma="in" pos="X">in</wf>
         <wf lemma="2000" pos="X">2000</wf>
         <wf lemma="." pos="X">.</wf>
      </sentence>
      <sentence id="d000.s746" source="wordnet-slovenian">
         <wf lemma="Vse" pos="X">Vse</wf>
         <wf lemma="to" pos="X">to</wf>
         <wf lemma="je" pos="X">je</wf>
         <wf lemma="čutila" pos="X">čutila</wf>
         <wf lemma="," pos="X">,</wf>
         <wf lemma="vendar" pos="X">vendar</wf>
         <wf lemma="ni" pos="X">ni</wf>
         <wf lemma="imela" pos="X">imela</wf>
         <instance id="d000.s746.t000" lemma="moč" pos="NOUN">moči</instance>
         <wf lemma="," pos="X">,</wf>
         <wf lemma="da" pos="X">da</wf>
         <wf lemma="bi" pos="X">bi</wf>
         <wf lemma="to" pos="X">to</wf>
         <wf lemma="preprečila" pos="X">preprečila</wf>
         <wf lemma="," pos="X">,</wf>
         <wf lemma="pa" pos="X">pa</wf>
         <wf lemma="karkoli" pos="X">karkoli</wf>
         <wf lemma="je" pos="X">je</wf>
         <wf lemma="že" pos="X">že</wf>
         <wf lemma="bilo" pos="X">bilo</wf>
         <wf lemma="." pos="X">.</wf>
      </sentence>
      <sentence id="d000.s747" source="wordnet-slovenian">
         <wf lemma="Ko" pos="X">Ko</wf>
         <wf lemma="sem" pos="X">sem</wf>
         <wf lemma="po" pos="X">po</wf>
         <wf lemma="odprtju" pos="X">odprtju</wf>
         <wf lemma="Orto" pos="X">Orto</wf>
         <instance id="d000.s747.t000" lemma="klub" pos="NOUN">kluba</instance>
         <wf lemma="spet" pos="X">spet</wf>
         <wf lemma="prišel" pos="X">prišel</wf>
         <wf lemma="nazaj" pos="X">nazaj</wf>
         <wf lemma="v" pos="X">v</wf>
         <wf lemma="Orto" pos="X">Orto</wf>
         <wf lemma="bar" pos="X">bar</wf>
         <wf lemma="," pos="X">,</wf>
         <wf lemma="je" pos="X">je</wf>
         <wf lemma="bil" pos="X">bil</wf>
         <wf lemma="bajkerski" pos="X">bajkerski</wf>
         <wf lemma="potencial" pos="X">potencial</wf>
         <wf lemma="skrit" pos="X">skrit</wf>
         <wf lemma="na" pos="X">na</wf>
         <wf lemma="vsakem" pos="X">vsakem</wf>
         <wf lemma="vogalu" pos="X">vogalu</wf>
         <wf lemma="." pos="X">.</wf>
      </sentence>
      <sentence id="d000.s748" source="wordnet-slovenian">
         <wf lemma="Študirale" pos="X">Študirale</wf>
         <wf lemma="so" pos="X">so</wf>
         <wf lemma="literaturo" pos="X">literaturo</wf>
         <wf lemma="in" pos="X">in</wf>
         <wf lemma="brale" pos="X">brale</wf>
         <instance id="d000.s748.t000" lemma="knjiga" pos="NOUN">knjige</instance>
         <wf lemma="," pos="X">,</wf>
         <wf lemma="tudi" pos="X">tudi</wf>
         <wf lemma="trojico" pos="X">trojico</wf>
         <wf lemma="romanov" pos="X">romanov</wf>
         <wf lemma="," pos="X">,</wf>
         <wf lemma="ki" pos="X">ki</wf>
         <wf lemma="jih" pos="X">jih</wf>
         <wf lemma="zgodovina" pos="X">zgodovina</wf>
         <wf lemma="književnosti" pos="X">književnosti</wf>
         <wf lemma="prišteva" pos="X">prišteva</wf>
         <wf lemma="med" pos="X">med</wf>
         <wf lemma="četverico" pos="X">četverico</wf>
         <wf lemma="Viginiinih" pos="X">Viginiinih</wf>
         <wf lemma="osrednjih" pos="X">osrednjih</wf>
         <wf lemma="leposlovnih" pos="X">leposlovnih</wf>
         <wf lemma="del" pos="X">del</wf>
         <wf lemma="," pos="X">,</wf>
         <wf lemma="Jakobovo" pos="X">Jakobovo</wf>
         <wf lemma="sobo" pos="X">sobo</wf>
         <wf lemma="(" pos="X">(</wf>
         <wf lemma="1922" pos="X">1922</wf>
         <wf lemma=")" pos="X">)</wf>
         <wf lemma="," pos="X">,</wf>
         <wf lemma="Gospo" pos="X">Gospo</wf>
         <wf lemma="Dalloway" pos="X">Dalloway</wf>
         <wf lemma="(" pos="X">(</wf>
         <wf lemma="1924" pos="X">1924</wf>
         <wf lemma=")" pos="X">)</wf>
         <wf lemma="in" pos="X">in</wf>
         <wf lemma="K" pos="X">K</wf>
         <wf lemma="svetilniku" pos="X">svetilniku</wf>
         <wf lemma="(" pos="X">(</wf>
         <wf lemma="1927" pos="X">1927</wf>
         <wf lemma=")" pos="X">)</wf>
         <wf lemma="–" pos="X">–</wf>
         <wf lemma="Valovi" pos="X">Valovi</wf>
         <wf lemma="(" pos="X">(</wf>
         <wf lemma="1931" pos="X">1931</wf>
         <wf lemma=")" pos="X">)</wf>
         <wf lemma="tedaj" pos="X">tedaj</wf>
         <wf lemma="še" pos="X">še</wf>
         <wf lemma="niso" pos="X">niso</wf>
         <wf lemma="bili" pos="X">bili</wf>
         <wf lemma="napisani" pos="X">napisani</wf>
         <wf lemma="in" pos="X">in</wf>
         <wf lemma="Orlando" pos="X">Orlando</wf>
         <wf lemma="(" pos="X">(</wf>
         <wf lemma="1928" pos="X">1928</wf>
         <wf lemma=")" pos="X">)</wf>
         <wf lemma="je" pos="X">je</wf>
         <wf lemma="šele" pos="X">šele</wf>
         <wf lemma="pravkar" pos="X">pravkar</wf>
         <wf lemma="zapustil" pos="X">zapustil</wf>
         <wf lemma="tiskarno" pos="X">tiskarno</wf>
         <wf lemma=";" pos="X">;</wf>
         <wf lemma="sicer" pos="X">sicer</wf>
         <wf lemma="pa" pos="X">pa</wf>
         <wf lemma="tako" pos="X">tako</wf>
         <wf lemma="in" pos="X">in</wf>
         <wf lemma="tako" pos="X">tako</wf>
         <wf lemma="še" pos="X">še</wf>
         <wf lemma="ni" pos="X">ni</wf>
         <wf lemma="napočil" pos="X">napočil</wf>
         <wf lemma="čas" pos="X">čas</wf>
         <wf lemma="," pos="X">,</wf>
         <wf lemma="ki" pos="X">ki</wf>
         <wf lemma="bi" pos="X">bi</wf>
         <wf lemma="to" pos="X">to</wf>
         <wf lemma="izjemno" pos="X">izjemno</wf>
         <wf lemma="zanimivo" pos="X">zanimivo</wf>
         <wf lemma="knjigo" pos="X">knjigo</wf>
         <wf lemma="cenil" pos="X">cenil</wf>
         <wf lemma="po" pos="X">po</wf>
         <wf lemma="zaslugi" pos="X">zaslugi</wf>
         <wf lemma="." pos="X">.</wf>
      </sentence>
      <sentence id="d000.s749" source="wordnet-slovenian">
         <wf lemma="Celo" pos="X">Celo</wf>
         <wf lemma="človeštvo" pos="X">človeštvo</wf>
         <wf lemma="je" pos="X">je</wf>
         <wf lemma="rezultat" pos="X">rezultat</wf>
         <wf lemma="neštetih" pos="X">neštetih</wf>
         <wf lemma="fukov" pos="X">fukov</wf>
         <wf lemma="-" pos="X">-</wf>
         <wf lemma="in" pos="X">in</wf>
         <wf lemma="jaz" pos="X">jaz</wf>
         <wf lemma="," pos="X">,</wf>
         <wf lemma="Klaus" pos="X">Klaus</wf>
         <wf lemma="z" pos="X">z</wf>
         <wf lemma="naslovnice" pos="X">naslovnice</wf>
         <wf lemma="," pos="X">,</wf>
         <wf lemma="mladi" pos="X">mladi</wf>
         <wf lemma="znanstvenik" pos="X">znanstvenik</wf>
         <wf lemma="," pos="X">,</wf>
         <wf lemma="ki" pos="X">ki</wf>
         <wf lemma="se" pos="X">se</wf>
         <wf lemma="je" pos="X">je</wf>
         <wf lemma="vsak" pos="X">vsak</wf>
         <instance id="d000.s749.t000" lemma="dan" pos="NOUN">dan</instance>
         <wf lemma="bolj" pos="X">bolj</wf>
         <wf lemma="bližal" pos="X">bližal</wf>
         <wf lemma="njemu" pos="X">njemu</wf>
         <wf lemma="določeni" pos="X">določeni</wf>
         <wf lemma="Nobelovi" pos="X">Nobelovi</wf>
         <wf lemma="nagradi" pos="X">nagradi</wf>
         <wf lemma="," pos="X">,</wf>
         <wf lemma="ni" pos="X">ni</wf>
         <wf lemma="ničesar" pos="X">ničesar</wf>
         <wf lemma="vedel" pos="X">vedel</wf>
         <wf lemma="o" pos="X">o</wf>
         <wf lemma="tem" pos="X">tem</wf>
         <wf lemma="!" pos="X">!</wf>
      </sentence>
      <sentence id="d000.s750" source="wordnet-slovenian">
         <wf lemma="Namesto" pos="X">Namesto</wf>
         <wf lemma="da" pos="X">da</wf>
         <wf lemma="bi" pos="X">bi</wf>
         <wf lemma="država" pos="X">država</wf>
         <wf lemma="naročila" pos="X">naročila</wf>
         <wf lemma="vsaj" pos="X">vsaj</wf>
         <wf lemma="predinvesticijsko" pos="X">predinvesticijsko</wf>
         <wf lemma="študijo" pos="X">študijo</wf>
         <wf lemma="ali" pos="X">ali</wf>
         <wf lemma="preučila" pos="X">preučila</wf>
         <wf lemma="možnosti" pos="X">možnosti</wf>
         <wf lemma="," pos="X">,</wf>
         <wf lemma="kako" pos="X">kako</wf>
         <wf lemma="bi" pos="X">bi</wf>
         <wf lemma="lahko" pos="X">lahko</wf>
         <wf lemma="pomagala" pos="X">pomagala</wf>
         <instance id="d000.s750.t000" lemma="podjetje" pos="NOUN">podjetju</instance>
         <wf lemma="in" pos="X">in</wf>
         <wf lemma="občini" pos="X">občini</wf>
         <wf lemma="," pos="X">,</wf>
         <wf lemma="je" pos="X">je</wf>
         <wf lemma="predloge" pos="X">predloge</wf>
         <wf lemma="že" pos="X">že</wf>
         <wf lemma="na" pos="X">na</wf>
         <wf lemma="začetku" pos="X">začetku</wf>
         <wf lemma="zatrla" pos="X">zatrla</wf>
         <wf lemma="." pos="X">.</wf>
      </sentence>
      <sentence id="d000.s751" source="wordnet-slovenian">
         <wf lemma="Kot" pos="X">Kot</wf>
         <wf lemma="da" pos="X">da</wf>
         <wf lemma="mu" pos="X">mu</wf>
         <wf lemma="ne" pos="X">ne</wf>
         <wf lemma="gre" pos="X">gre</wf>
         <wf lemma="za" pos="X">za</wf>
         <instance id="d000.s751.t000" lemma="denar" pos="NOUN">denar</instance>
         <wf lemma="ali" pos="X">ali</wf>
         <wf lemma="dragocenost" pos="X">dragocenost</wf>
         <wf lemma="," pos="X">,</wf>
         <wf lemma="ki" pos="X">ki</wf>
         <wf lemma="jo" pos="X">jo</wf>
         <wf lemma="hoče" pos="X">hoče</wf>
         <wf lemma="prodati" pos="X">prodati</wf>
         <wf lemma="." pos="X">.</wf>
         <wf lemma="." pos="X">.</wf>
         <wf lemma="." pos="X">.</wf>
      </sentence>
      <sentence id="d000.s752" source="wordnet-slovenian">
         <wf lemma="Pri" pos="X">Pri</wf>
         <wf lemma="založbi" pos="X">založbi</wf>
         <wf lemma="pravijo" pos="X">pravijo</wf>
         <wf lemma="," pos="X">,</wf>
         <wf lemma="da" pos="X">da</wf>
         <wf lemma="ga" pos="X">ga</wf>
         <wf lemma="je" pos="X">je</wf>
         <wf lemma="kupilo" pos="X">kupilo</wf>
         <wf lemma="že" pos="X">že</wf>
         <wf lemma="lepo" pos="X">lepo</wf>
         <wf lemma="število" pos="X">število</wf>
         <wf lemma="znanja" pos="X">znanja</wf>
         <wf lemma="angleškega" pos="X">angleškega</wf>
         <instance id="d000.s752.t000" lemma="jezik" pos="NOUN">jezika</instance>
         <wf lemma="željnih" pos="X">željnih</wf>
         <wf lemma="Slovencev" pos="X">Slovencev</wf>
         <wf lemma="." pos="X">.</wf>
      </sentence>
      <sentence id="d000.s753" source="wordnet-slovenian">
         <wf lemma="Bral" pos="X">Bral</wf>
         <wf lemma="sem" pos="X">sem</wf>
         <instance id="d000.s753.t000" lemma="knjiga" pos="NOUN">knjigo</instance>
         <wf lemma="Andrewa" pos="X">Andrewa</wf>
         <wf lemma="Chaikena" pos="X">Chaikena</wf>
         <wf lemma="o" pos="X">o</wf>
         <wf lemma="Apollu" pos="X">Apollu</wf>
         <wf lemma="." pos="X">.</wf>
      </sentence>
      <sentence id="d000.s754" source="wordnet-slovenian">
         <wf lemma="Pomembno" pos="X">Pomembno</wf>
         <wf lemma="za" pos="X">za</wf>
         <wf lemma="dananšnji" pos="X">dananšnji</wf>
         <wf lemma="čas" pos="X">čas</wf>
         <wf lemma="je" pos="X">je</wf>
         <wf lemma="," pos="X">,</wf>
         <wf lemma="da" pos="X">da</wf>
         <wf lemma="je" pos="X">je</wf>
         <wf lemma="krščanstvo" pos="X">krščanstvo</wf>
         <wf lemma="novačilo" pos="X">novačilo</wf>
         <wf lemma="predvsem" pos="X">predvsem</wf>
         <wf lemma="mlade" pos="X">mlade</wf>
         <wf lemma="," pos="X">,</wf>
         <wf lemma="ki" pos="X">ki</wf>
         <wf lemma="so" pos="X">so</wf>
         <wf lemma="jih" pos="X">jih</wf>
         <wf lemma="odbijale" pos="X">odbijale</wf>
         <wf lemma="neustrezne" pos="X">neustrezne</wf>
         <wf lemma="vrednote" pos="X">vrednote</wf>
         <wf lemma="starejše" pos="X">starejše</wf>
         <wf lemma="generacije" pos="X">generacije</wf>
         <wf lemma="," pos="X">,</wf>
         <wf lemma="ki" pos="X">ki</wf>
         <wf lemma="jih" pos="X">jih</wf>
         <wf lemma="ni" pos="X">ni</wf>
         <wf lemma="zanimal" pos="X">zanimal</wf>
         <wf lemma="prenos" pos="X">prenos</wf>
         <wf lemma="premoženja" pos="X">premoženja</wf>
         <wf lemma="," pos="X">,</wf>
         <wf lemma="odvisen" pos="X">odvisen</wf>
         <wf lemma="od" pos="X">od</wf>
         <wf lemma="poroke" pos="X">poroke</wf>
         <wf lemma="," pos="X">,</wf>
         <wf lemma="ki" pos="X">ki</wf>
         <wf lemma="so" pos="X">so</wf>
         <wf lemma="bili" pos="X">bili</wf>
         <wf lemma="utrujeni" pos="X">utrujeni</wf>
         <wf lemma="od" pos="X">od</wf>
         <wf lemma="nespametnega" pos="X">nespametnega</wf>
         <wf lemma="pehanja" pos="X">pehanja</wf>
         <wf lemma="za" pos="X">za</wf>
         <wf lemma="bogastvom" pos="X">bogastvom</wf>
         <wf lemma="in" pos="X">in</wf>
         <instance id="d000.s754.t000" lemma="moč" pos="NOUN">močjo</instance>
         <wf lemma="in" pos="X">in</wf>
         <wf lemma="ki" pos="X">ki</wf>
         <wf lemma="se" pos="X">se</wf>
         <wf lemma="jim" pos="X">jim</wf>
         <wf lemma="je" pos="X">je</wf>
         <wf lemma="gnusila" pos="X">gnusila</wf>
         <wf lemma="družba" pos="X">družba</wf>
         <wf lemma="," pos="X">,</wf>
         <wf lemma="ki" pos="X">ki</wf>
         <wf lemma="je" pos="X">je</wf>
         <wf lemma="po" pos="X">po</wf>
         <wf lemma="njihovem" pos="X">njihovem</wf>
         <wf lemma="mnenju" pos="X">mnenju</wf>
         <wf lemma="»" pos="X">»</wf>
         <wf lemma="uživala" pos="X">uživala</wf>
         <wf lemma="v" pos="X">v</wf>
         <wf lemma="spolni" pos="X">spolni</wf>
         <wf lemma="razuzdanosti" pos="X">razuzdanosti</wf>
         <wf lemma="«" pos="X">«</wf>
         <wf lemma="(" pos="X">(</wf>
         <wf lemma="tako" pos="X">tako</wf>
         <wf lemma="so" pos="X">so</wf>
         <wf lemma="kristjani" pos="X">kristjani</wf>
         <wf lemma="stereotipizirali" pos="X">stereotipizirali</wf>
         <wf lemma="pogansko" pos="X">pogansko</wf>
         <wf lemma="družbo" pos="X">družbo</wf>
         <wf lemma="," pos="X">,</wf>
         <wf lemma="ki" pos="X">ki</wf>
         <wf lemma="so" pos="X">so</wf>
         <wf lemma="jo" pos="X">jo</wf>
         <wf lemma="naposled" pos="X">naposled</wf>
         <wf lemma="spremenili" pos="X">spremenili</wf>
         <wf lemma=")" pos="X">)</wf>
         <wf lemma="5" pos="X">5</wf>
         <wf lemma="." pos="X">.</wf>
      </sentence>
      <sentence id="d000.s755" source="wordnet-slovenian">
         <wf lemma="Alan" pos="X">Alan</wf>
         <wf lemma="Greenspan" pos="X">Greenspan</wf>
         <wf lemma="," pos="X">,</wf>
         <instance id="d000.s755.t000" lemma="predsednik" pos="NOUN">predsednik</instance>
         <wf lemma="Zveznih" pos="X">Zveznih</wf>
         <wf lemma="rezerv" pos="X">rezerv</wf>
         <wf lemma="," pos="X">,</wf>
         <wf lemma="na" pos="X">na</wf>
         <wf lemma="ta" pos="X">ta</wf>
         <wf lemma="načrt" pos="X">načrt</wf>
         <wf lemma="gleda" pos="X">gleda</wf>
         <wf lemma="pesimistično" pos="X">pesimistično</wf>
         <wf lemma="." pos="X">.</wf>
      </sentence>
      <sentence id="d000.s756" source="wordnet-slovenian">
         <wf lemma="Toda" pos="X">Toda</wf>
         <wf lemma="asfaltna" pos="X">asfaltna</wf>
         <wf lemma="baza" pos="X">baza</wf>
         <wf lemma="še" pos="X">še</wf>
         <wf lemma="vedno" pos="X">vedno</wf>
         <wf lemma="stoji" pos="X">stoji</wf>
         <wf lemma="," pos="X">,</wf>
         <wf lemma="na" pos="X">na</wf>
         <wf lemma="šentjurski" pos="X">šentjurski</wf>
         <wf lemma="občini" pos="X">občini</wf>
         <wf lemma="pa" pos="X">pa</wf>
         <wf lemma="so" pos="X">so</wf>
         <wf lemma="iznašli" pos="X">iznašli</wf>
         <instance id="d000.s756.t000" lemma="način" pos="NOUN">način</instance>
         <wf lemma="," pos="X">,</wf>
         <wf lemma="kako" pos="X">kako</wf>
         <wf lemma="bi" pos="X">bi</wf>
         <wf lemma="vendarle" pos="X">vendarle</wf>
         <wf lemma="obšli" pos="X">obšli</wf>
         <wf lemma="predpise" pos="X">predpise</wf>
         <wf lemma="in" pos="X">in</wf>
         <wf lemma="asfaltno" pos="X">asfaltno</wf>
         <wf lemma="bazo" pos="X">bazo</wf>
         <wf lemma="legalizirali" pos="X">legalizirali</wf>
         <wf lemma="." pos="X">.</wf>
      </sentence>
      <sentence id="d000.s757" source="wordnet-slovenian">
         <wf lemma="Cerkev" pos="X">Cerkev</wf>
         <wf lemma="Kristusovega" pos="X">Kristusovega</wf>
         <wf lemma="rojstva" pos="X">rojstva</wf>
         <wf lemma="se" pos="X">se</wf>
         <wf lemma="tudi" pos="X">tudi</wf>
         <wf lemma="v" pos="X">v</wf>
         <wf lemma="sedanjosti" pos="X">sedanjosti</wf>
         <wf lemma="ne" pos="X">ne</wf>
         <wf lemma="more" pos="X">more</wf>
         <wf lemma="izogniti" pos="X">izogniti</wf>
         <instance id="d000.s757.t000" lemma="vojna" pos="NOUN">vojni</instance>
         <wf lemma="." pos="X">.</wf>
         <wf lemma="." pos="X">.</wf>
         <wf lemma="." pos="X">.</wf>
      </sentence>
      <sentence id="d000.s758" source="wordnet-slovenian">
         <wf lemma="Mineva" pos="X">Mineva</wf>
         <wf lemma="leto" pos="X">leto</wf>
         <wf lemma="dni" pos="X">dni</wf>
         <wf lemma="," pos="X">,</wf>
         <wf lemma="odkar" pos="X">odkar</wf>
         <wf lemma="me" pos="X">me</wf>
         <wf lemma="je" pos="X">je</wf>
         <instance id="d000.s758.t000" lemma="pot" pos="NOUN">pot</instance>
         <wf lemma="vodila" pos="X">vodila</wf>
         <wf lemma="v" pos="X">v</wf>
         <wf lemma="Spodnji" pos="X">Spodnji</wf>
         <wf lemma="Gasteraj" pos="X">Gasteraj</wf>
         <wf lemma="k" pos="X">k</wf>
         <wf lemma="družini" pos="X">družini</wf>
         <wf lemma="Bohak" pos="X">Bohak</wf>
         <wf lemma="," pos="X">,</wf>
         <wf lemma="Jožici" pos="X">Jožici</wf>
         <wf lemma="," pos="X">,</wf>
         <wf lemma="Zarji" pos="X">Zarji</wf>
         <wf lemma="in" pos="X">in</wf>
         <wf lemma="Ernestu" pos="X">Ernestu</wf>
         <wf lemma="." pos="X">.</wf>
      </sentence>
      <sentence id="d000.s759" source="wordnet-slovenian">
         <wf lemma="Prav" pos="X">Prav</wf>
         <wf lemma="zato" pos="X">zato</wf>
         <wf lemma="bi" pos="X">bi</wf>
         <wf lemma="bila" pos="X">bila</wf>
         <wf lemma="za" pos="X">za</wf>
         <wf lemma="mnoge" pos="X">mnoge</wf>
         <wf lemma="zmaga" pos="X">zmaga</wf>
         <wf lemma="Valdasa" pos="X">Valdasa</wf>
         <wf lemma="Adamkusa" pos="X">Adamkusa</wf>
         <wf lemma="rešilni" pos="X">rešilni</wf>
         <wf lemma="kompromis" pos="X">kompromis</wf>
         <wf lemma="," pos="X">,</wf>
         <wf lemma="ki" pos="X">ki</wf>
         <wf lemma="bi" pos="X">bi</wf>
         <wf lemma="vladajočim" pos="X">vladajočim</wf>
         <wf lemma="konservativcem" pos="X">konservativcem</wf>
         <wf lemma="omogočil" pos="X">omogočil</wf>
         <wf lemma="," pos="X">,</wf>
         <wf lemma="da" pos="X">da</wf>
         <wf lemma="bi" pos="X">bi</wf>
         <wf lemma="kljub" pos="X">kljub</wf>
         <wf lemma="porazu" pos="X">porazu</wf>
         <wf lemma="na" pos="X">na</wf>
         <wf lemma="predsedniških" pos="X">predsedniških</wf>
         <wf lemma="volitvah" pos="X">volitvah</wf>
         <wf lemma="ohranili" pos="X">ohranili</wf>
         <wf lemma="glavne" pos="X">glavne</wf>
         <wf lemma="zamisli" pos="X">zamisli</wf>
         <wf lemma="svoje" pos="X">svoje</wf>
         <instance id="d000.s759.t000" lemma="politika" pos="NOUN">politike</instance>
         <wf lemma="," pos="X">,</wf>
         <wf lemma="ki" pos="X">ki</wf>
         <wf lemma="jo" pos="X">jo</wf>
         <wf lemma="je" pos="X">je</wf>
         <wf lemma="zastavil" pos="X">zastavil</wf>
         <wf lemma="njihov" pos="X">njihov</wf>
         <wf lemma="voditelj" pos="X">voditelj</wf>
         <wf lemma="Vitautas" pos="X">Vitautas</wf>
         <wf lemma="Landsbergis" pos="X">Landsbergis</wf>
         <wf lemma="." pos="X">.</wf>
      </sentence>
      <sentence id="d000.s760" source="wordnet-slovenian">
         <wf lemma="V" pos="X">V</wf>
         <wf lemma="svojo" pos="X">svojo</wf>
         <wf lemma="najboljšo" pos="X">najboljšo</wf>
         <wf lemma="zbirko" pos="X">zbirko</wf>
         <wf lemma="otroških" pos="X">otroških</wf>
         <wf lemma="je" pos="X">je</wf>
         <wf lemma="Župančič" pos="X">Župančič</wf>
         <wf lemma="pritegnil" pos="X">pritegnil</wf>
         <wf lemma="nekaj" pos="X">nekaj</wf>
         <wf lemma="pesmi" pos="X">pesmi</wf>
         <wf lemma="," pos="X">,</wf>
         <wf lemma="ki" pos="X">ki</wf>
         <wf lemma="so" pos="X">so</wf>
         <wf lemma="nastale" pos="X">nastale</wf>
         <wf lemma="v" pos="X">v</wf>
         <instance id="d000.s760.t000" lemma="leto" pos="NOUN">letih</instance>
         <wf lemma="1900" pos="X">1900</wf>
         <wf lemma="-" pos="X">-</wf>
         <wf lemma="1914" pos="X">1914</wf>
         <wf lemma="ter" pos="X">ter</wf>
         <wf lemma="izšle" pos="X">izšle</wf>
         <wf lemma="predvsem" pos="X">predvsem</wf>
         <wf lemma="v" pos="X">v</wf>
         <wf lemma="Zvončku" pos="X">Zvončku</wf>
         <wf lemma="ali" pos="X">ali</wf>
         <wf lemma="zbirki" pos="X">zbirki</wf>
         <wf lemma="»" pos="X">»</wf>
         <wf lemma="Lahkih" pos="X">Lahkih</wf>
         <wf lemma="nog" pos="X">nog</wf>
         <wf lemma="naokrog" pos="X">naokrog</wf>
         <wf lemma="«" pos="X">«</wf>
         <wf lemma="(" pos="X">(</wf>
         <wf lemma="Breza" pos="X">Breza</wf>
         <wf lemma="in" pos="X">in</wf>
         <wf lemma="hrast" pos="X">hrast</wf>
         <wf lemma="," pos="X">,</wf>
         <wf lemma="Turek" pos="X">Turek</wf>
         <wf lemma="," pos="X">,</wf>
         <wf lemma="Pastirčki" pos="X">Pastirčki</wf>
         <wf lemma="," pos="X">,</wf>
         <wf lemma="Otroci" pos="X">Otroci</wf>
         <wf lemma="spuščajo" pos="X">spuščajo</wf>
         <wf lemma="mehurčke" pos="X">mehurčke</wf>
         <wf lemma="," pos="X">,</wf>
         <wf lemma="Ples" pos="X">Ples</wf>
         <wf lemma="kralja" pos="X">kralja</wf>
         <wf lemma="Matjaža" pos="X">Matjaža</wf>
         <wf lemma="," pos="X">,</wf>
         <wf lemma="Zeleni" pos="X">Zeleni</wf>
         <wf lemma="Jurij" pos="X">Jurij</wf>
         <wf lemma=")" pos="X">)</wf>
         <wf lemma="." pos="X">.</wf>
      </sentence>
      <sentence id="d000.s761" source="wordnet-slovenian">
         <wf lemma="Odbor" pos="X">Odbor</wf>
         <wf lemma="Združenih" pos="X">Združenih</wf>
         <wf lemma="narodov" pos="X">narodov</wf>
         <wf lemma="za" pos="X">za</wf>
         <wf lemma="odpravo" pos="X">odpravo</wf>
         <wf lemma="diskriminacije" pos="X">diskriminacije</wf>
         <instance id="d000.s761.t000" lemma="ženska" pos="NOUN">žensk</instance>
         <wf lemma="je" pos="X">je</wf>
         <wf lemma="izrazil" pos="X">izrazil</wf>
         <wf lemma="zaskrbljenost" pos="X">zaskrbljenost</wf>
         <wf lemma="zaradi" pos="X">zaradi</wf>
         <wf lemma="visoke" pos="X">visoke</wf>
         <wf lemma="maternalne" pos="X">maternalne</wf>
         <wf lemma="umrljivosti" pos="X">umrljivosti</wf>
         <wf lemma="v" pos="X">v</wf>
         <wf lemma="Sloveniji" pos="X">Sloveniji</wf>
         <wf lemma="." pos="X">.</wf>
      </sentence>
      <sentence id="d000.s762" source="wordnet-slovenian">
         <wf lemma="Zdravila" pos="X">Zdravila</wf>
         <wf lemma="in" pos="X">in</wf>
         <wf lemma="droge" pos="X">droge</wf>
         <wf lemma="," pos="X">,</wf>
         <wf lemma="tudi" pos="X">tudi</wf>
         <wf lemma="tobak" pos="X">tobak</wf>
         <wf lemma="," pos="X">,</wf>
         <wf lemma="kofein" pos="X">kofein</wf>
         <wf lemma="in" pos="X">in</wf>
         <wf lemma="alkohol" pos="X">alkohol</wf>
         <wf lemma="," pos="X">,</wf>
         <wf lemma="lahko" pos="X">lahko</wf>
         <wf lemma="zmanjšajo" pos="X">zmanjšajo</wf>
         <instance id="d000.s762.t000" lemma="možnost" pos="NOUN">možnost</instance>
         <wf lemma="zanositve" pos="X">zanositve</wf>
         <wf lemma="ter" pos="X">ter</wf>
         <wf lemma="škodujejo" pos="X">škodujejo</wf>
         <wf lemma="zarodku" pos="X">zarodku</wf>
         <wf lemma="ali" pos="X">ali</wf>
         <wf lemma="maternici" pos="X">maternici</wf>
         <wf lemma="." pos="X">.</wf>
      </sentence>
      <sentence id="d000.s763" source="wordnet-slovenian">
         <wf lemma="Sklepi" pos="X">Sklepi</wf>
         <wf lemma="in" pos="X">in</wf>
         <wf lemma="priporočila" pos="X">priporočila</wf>
         <wf lemma="s" pos="X">s</wf>
         <wf lemma="tega" pos="X">tega</wf>
         <wf lemma="seminarja" pos="X">seminarja</wf>
         <wf lemma="Prim." pos="X">Prim.</wf>
         <wf lemma="v" pos="X">v</wf>
         <wf lemma="Dodatku" pos="X">Dodatku</wf>
         <wf lemma="B." pos="X">B.</wf>
         <wf lemma="V" pos="X">V</wf>
         <wf lemma="tem" pos="X">tem</wf>
         <wf lemma="dokumentu" pos="X">dokumentu</wf>
         <wf lemma="se" pos="X">se</wf>
         <wf lemma="izraz" pos="X">izraz</wf>
         <wf lemma="master" pos="X">master</wf>
         <wf lemma="degree" pos="X">degree</wf>
         <wf lemma="uporablja" pos="X">uporablja</wf>
         <wf lemma="za" pos="X">za</wf>
         <wf lemma="opis" pos="X">opis</wf>
         <wf lemma="vseh" pos="X">vseh</wf>
         <wf lemma="visokošolskih" pos="X">visokošolskih</wf>
         <wf lemma="stopenj" pos="X">stopenj</wf>
         <wf lemma="po" pos="X">po</wf>
         <wf lemma="drugem" pos="X">drugem</wf>
         <wf lemma="glavnem" pos="X">glavnem</wf>
         <wf lemma="študijskem" pos="X">študijskem</wf>
         <wf lemma="obdobju" pos="X">obdobju</wf>
         <wf lemma="," pos="X">,</wf>
         <wf lemma="ne" pos="X">ne</wf>
         <wf lemma="glede" pos="X">glede</wf>
         <wf lemma="na" pos="X">na</wf>
         <wf lemma="njihova" pos="X">njihova</wf>
         <wf lemma="različna" pos="X">različna</wf>
         <instance id="d000.s763.t000" lemma="ime" pos="NOUN">imena</instance>
         <wf lemma="v" pos="X">v</wf>
         <wf lemma="nacionalno" pos="X">nacionalno</wf>
         <wf lemma="določenih" pos="X">določenih</wf>
         <wf lemma="strokovnih" pos="X">strokovnih</wf>
         <wf lemma="in/ali" pos="X">in/ali</wf>
         <wf lemma="znanstvenih" pos="X">znanstvenih</wf>
         <wf lemma="naslovih" pos="X">naslovih</wf>
         <wf lemma="." pos="X">.</wf>
      </sentence>
      <sentence id="d000.s764" source="wordnet-slovenian">
         <instance id="d000.s764.t000" lemma="leto" pos="NOUN">Leta</instance>
         <wf lemma="1994" pos="X">1994</wf>
         <wf lemma="so" pos="X">so</wf>
         <wf lemma="Dolenjskemu" pos="X">Dolenjskemu</wf>
         <wf lemma="muzeju" pos="X">muzeju</wf>
         <wf lemma="zaupali" pos="X">zaupali</wf>
         <wf lemma="skrb" pos="X">skrb</wf>
         <wf lemma="za" pos="X">za</wf>
         <wf lemma="spomenike" pos="X">spomenike</wf>
         <wf lemma="v" pos="X">v</wf>
         <wf lemma="Rogu" pos="X">Rogu</wf>
         <wf lemma="," pos="X">,</wf>
         <wf lemma="še" pos="X">še</wf>
         <wf lemma="posebno" pos="X">posebno</wf>
         <wf lemma="Bazo" pos="X">Bazo</wf>
         <wf lemma="20" pos="X">20</wf>
         <wf lemma="ter" pos="X">ter</wf>
         <wf lemma="bolnišnici" pos="X">bolnišnici</wf>
         <wf lemma="Jelendol" pos="X">Jelendol</wf>
         <wf lemma="in" pos="X">in</wf>
         <wf lemma="Zgornji" pos="X">Zgornji</wf>
         <wf lemma="Hrastnik" pos="X">Hrastnik</wf>
         <wf lemma="." pos="X">.</wf>
      </sentence>
      <sentence id="d000.s765" source="wordnet-slovenian">
         <wf lemma="Ukrajinci" pos="X">Ukrajinci</wf>
         <wf lemma="so" pos="X">so</wf>
         <wf lemma="neugoden" pos="X">neugoden</wf>
         <wf lemma="nasprotnik" pos="X">nasprotnik</wf>
         <wf lemma="," pos="X">,</wf>
         <wf lemma="a" pos="X">a</wf>
         <wf lemma="glede" pos="X">glede</wf>
         <wf lemma="na" pos="X">na</wf>
         <wf lemma="vse" pos="X">vse</wf>
         <instance id="d000.s765.t000" lemma="težava" pos="NOUN">težave</instance>
         <wf lemma="s" pos="X">s</wf>
         <wf lemma="poškodbami" pos="X">poškodbami</wf>
         <wf lemma="in" pos="X">in</wf>
         <wf lemma="igralskimi" pos="X">igralskimi</wf>
         <wf lemma="spremembami" pos="X">spremembami</wf>
         <wf lemma="v" pos="X">v</wf>
         <wf lemma="reprezentanci" pos="X">reprezentanci</wf>
         <wf lemma="je" pos="X">je</wf>
         <wf lemma="za" pos="X">za</wf>
         <wf lemma="nas" pos="X">nas</wf>
         <wf lemma="neugoden" pos="X">neugoden</wf>
         <wf lemma="prav" pos="X">prav</wf>
         <wf lemma="vsak" pos="X">vsak</wf>
         <wf lemma="nasprotnik" pos="X">nasprotnik</wf>
         <wf lemma="." pos="X">.</wf>
      </sentence>
      <sentence id="d000.s766" source="wordnet-slovenian">
         <wf lemma="»" pos="X">»</wf>
         <wf lemma="Mi" pos="X">Mi</wf>
         <wf lemma="," pos="X">,</wf>
         <wf lemma="ki" pos="X">ki</wf>
         <wf lemma="prebivamo" pos="X">prebivamo</wf>
         <wf lemma="v" pos="X">v</wf>
         <wf lemma="teh" pos="X">teh</wf>
         <instance id="d000.s766.t000" lemma="kraj" pos="NOUN">krajih</instance>
         <wf lemma="," pos="X">,</wf>
         <wf lemma="po" pos="X">po</wf>
         <wf lemma="vsej" pos="X">vsej</wf>
         <wf lemma="dolini" pos="X">dolini</wf>
         <wf lemma="do" pos="X">do</wf>
         <wf lemma="Čedada" pos="X">Čedada</wf>
         <wf lemma="?" pos="X">?</wf>
      </sentence>
      <sentence id="d000.s767" source="wordnet-slovenian">
         <instance id="d000.s767.t000" lemma="vprašanje" pos="NOUN">Vprašanje</instance>
         <wf lemma="je" pos="X">je</wf>
         <wf lemma="zelo" pos="X">zelo</wf>
         <wf lemma="resno" pos="X">resno</wf>
         <wf lemma="." pos="X">.</wf>
      </sentence>
      <sentence id="d000.s768" source="wordnet-slovenian">
         <wf lemma="Lastnici" pos="X">Lastnici</wf>
         <wf lemma="sta" pos="X">sta</wf>
         <wf lemma="se" pos="X">se</wf>
         <wf lemma="odločili" pos="X">odločili</wf>
         <wf lemma="," pos="X">,</wf>
         <wf lemma="da" pos="X">da</wf>
         <wf lemma="turnirski" pos="X">turnirski</wf>
         <wf lemma="šport" pos="X">šport</wf>
         <wf lemma="ni" pos="X">ni</wf>
         <wf lemma="šport" pos="X">šport</wf>
         <wf lemma="," pos="X">,</wf>
         <wf lemma="ampak" pos="X">ampak</wf>
         <wf lemma="okrutna" pos="X">okrutna</wf>
         <wf lemma="tekmovalnost" pos="X">tekmovalnost</wf>
         <wf lemma="," pos="X">,</wf>
         <wf lemma="in" pos="X">in</wf>
         <wf lemma="sta" pos="X">sta</wf>
         <wf lemma="začeli" pos="X">začeli</wf>
         <wf lemma="uživati" pos="X">uživati</wf>
         <wf lemma="v" pos="X">v</wf>
         <wf lemma="tem" pos="X">tem</wf>
         <wf lemma="," pos="X">,</wf>
         <wf lemma="da" pos="X">da</wf>
         <wf lemma="sta" pos="X">sta</wf>
         <wf lemma="s" pos="X">s</wf>
         <wf lemma="konjem" pos="X">konjem</wf>
         <wf lemma="prijateljevali" pos="X">prijateljevali</wf>
         <wf lemma="," pos="X">,</wf>
         <wf lemma="rekreativno" pos="X">rekreativno</wf>
         <wf lemma="in" pos="X">in</wf>
         <wf lemma="za" pos="X">za</wf>
         <wf lemma="svoje" pos="X">svoje</wf>
         <wf lemma="zdravje" pos="X">zdravje</wf>
         <wf lemma="malce" pos="X">malce</wf>
         <wf lemma="jahali" pos="X">jahali</wf>
         <wf lemma="," pos="X">,</wf>
         <wf lemma="sicer" pos="X">sicer</wf>
         <wf lemma="pa" pos="X">pa</wf>
         <wf lemma="spoznavali" pos="X">spoznavali</wf>
         <wf lemma="draž" pos="X">draž</wf>
         <wf lemma="košnje" pos="X">košnje</wf>
         <wf lemma="trave" pos="X">trave</wf>
         <wf lemma="za" pos="X">za</wf>
         <wf lemma="štirinožca" pos="X">štirinožca</wf>
         <wf lemma="," pos="X">,</wf>
         <instance id="d000.s768.t000" lemma="igra" pos="NOUN">igre</instance>
         <wf lemma="z" pos="X">z</wf>
         <wf lemma="njim" pos="X">njim</wf>
         <wf lemma="ter" pos="X">ter</wf>
         <wf lemma="lovljenja" pos="X">lovljenja</wf>
         <wf lemma="po" pos="X">po</wf>
         <wf lemma="jahalnici" pos="X">jahalnici</wf>
         <wf lemma="." pos="X">.</wf>
      </sentence>
      <sentence id="d000.s769" source="wordnet-slovenian">
         <wf lemma="In" pos="X">In</wf>
         <wf lemma="te" pos="X">te</wf>
         <wf lemma="orjaške" pos="X">orjaške</wf>
         <wf lemma="zvezde" pos="X">zvezde</wf>
         <wf lemma="so" pos="X">so</wf>
         <wf lemma="zelo" pos="X">zelo</wf>
         <wf lemma="kmalu" pos="X">kmalu</wf>
         <wf lemma="," pos="X">,</wf>
         <wf lemma="kak" pos="X">kak</wf>
         <wf lemma="milijon" pos="X">milijon</wf>
         <instance id="d000.s769.t000" lemma="leto" pos="NOUN">let</instance>
         <wf lemma="po" pos="X">po</wf>
         <wf lemma="rojstvu" pos="X">rojstvu</wf>
         <wf lemma="," pos="X">,</wf>
         <wf lemma="druga" pos="X">druga</wf>
         <wf lemma="za" pos="X">za</wf>
         <wf lemma="drugo" pos="X">drugo</wf>
         <wf lemma="eksplodirale" pos="X">eksplodirale</wf>
         <wf lemma="in" pos="X">in</wf>
         <wf lemma="nastale" pos="X">nastale</wf>
         <wf lemma="so" pos="X">so</wf>
         <wf lemma="supernove" pos="X">supernove</wf>
         <wf lemma="." pos="X">.</wf>
      </sentence>
      <sentence id="d000.s770" source="wordnet-slovenian">
         <instance id="d000.s770.t000" lemma="vrata" pos="NOUN">Vrata</instance>
         <wf lemma="sosednjega" pos="X">sosednjega</wf>
         <wf lemma="puba" pos="X">puba</wf>
         <wf lemma="Cutty" pos="X">Cutty</wf>
         <wf lemma="Sark" pos="X">Sark</wf>
         <wf lemma="bodo" pos="X">bodo</wf>
         <wf lemma="odprta" pos="X">odprta</wf>
         <wf lemma="samo" pos="X">samo</wf>
         <wf lemma="gostom" pos="X">gostom</wf>
         <wf lemma="z" pos="X">z</wf>
         <wf lemma="rezervacijo" pos="X">rezervacijo</wf>
         <wf lemma="(" pos="X">(</wf>
         <wf lemma="9500" pos="X">9500</wf>
         <wf lemma="tolarjev" pos="X">tolarjev</wf>
         <wf lemma="na" pos="X">na</wf>
         <wf lemma="osebo" pos="X">osebo</wf>
         <wf lemma="-" pos="X">-</wf>
         <wf lemma="vključeno" pos="X">vključeno</wf>
         <wf lemma="»" pos="X">»</wf>
         <wf lemma="malce" pos="X">malce</wf>
         <wf lemma="hrane" pos="X">hrane</wf>
         <wf lemma="in" pos="X">in</wf>
         <wf lemma="nekaj" pos="X">nekaj</wf>
         <wf lemma="pijače" pos="X">pijače</wf>
         <wf lemma="«" pos="X">«</wf>
         <wf lemma="," pos="X">,</wf>
         <wf lemma="so" pos="X">so</wf>
         <wf lemma="pojasnili" pos="X">pojasnili</wf>
         <wf lemma="v" pos="X">v</wf>
         <wf lemma="lokalu" pos="X">lokalu</wf>
         <wf lemma=")" pos="X">)</wf>
         <wf lemma="." pos="X">.</wf>
      </sentence>
      <sentence id="d000.s771" source="wordnet-slovenian">
         <wf lemma="Kljub" pos="X">Kljub</wf>
         <wf lemma="temu" pos="X">temu</wf>
         <wf lemma="mu" pos="X">mu</wf>
         <wf lemma="je" pos="X">je</wf>
         <wf lemma="doma" pos="X">doma</wf>
         <wf lemma="uspelo" pos="X">uspelo</wf>
         <wf lemma="dobiti" pos="X">dobiti</wf>
         <wf lemma="le" pos="X">le</wf>
         <wf lemma="70" pos="X">70</wf>
         <wf lemma="do" pos="X">do</wf>
         <wf lemma="80" pos="X">80</wf>
         <wf lemma="odst." pos="X">odst.</wf>
         <wf lemma="od" pos="X">od</wf>
         <wf lemma="60.000" pos="X">60.000</wf>
         <wf lemma="ton" pos="X">ton</wf>
         <wf lemma="letno" pos="X">letno</wf>
         <wf lemma="potrebne" pos="X">potrebne</wf>
         <wf lemma="surovine" pos="X">surovine</wf>
         <wf lemma="," pos="X">,</wf>
         <wf lemma="zato" pos="X">zato</wf>
         <wf lemma="se" pos="X">se</wf>
         <wf lemma="zdaj" pos="X">zdaj</wf>
         <wf lemma="spet" pos="X">spet</wf>
         <wf lemma="vrača" pos="X">vrača</wf>
         <wf lemma="na" pos="X">na</wf>
         <wf lemma="stara" pos="X">stara</wf>
         <wf lemma="nabavna" pos="X">nabavna</wf>
         <instance id="d000.s771.t000" lemma="območje" pos="NOUN">območja</instance>
         <wf lemma="." pos="X">.</wf>
      </sentence>
      <sentence id="d000.s772" source="wordnet-slovenian">
         <wf lemma="Čez" pos="X">Čez</wf>
         <wf lemma="most" pos="X">most</wf>
         <wf lemma="naj" pos="X">naj</wf>
         <wf lemma="bi" pos="X">bi</wf>
         <wf lemma="se" pos="X">se</wf>
         <wf lemma="prepeljalo" pos="X">prepeljalo</wf>
         <wf lemma="11.000" pos="X">11.000</wf>
         <wf lemma="vozil" pos="X">vozil</wf>
         <wf lemma="na" pos="X">na</wf>
         <instance id="d000.s772.t000" lemma="dan" pos="NOUN">dan</instance>
         <wf lemma="," pos="X">,</wf>
         <wf lemma="med" pos="X">med</wf>
         <wf lemma="katera" pos="X">katera</wf>
         <wf lemma="ne" pos="X">ne</wf>
         <wf lemma="smemo" pos="X">smemo</wf>
         <wf lemma="prišteti" pos="X">prišteti</wf>
         <wf lemma="koles" pos="X">koles</wf>
         <wf lemma="." pos="X">.</wf>
      </sentence>
      <sentence id="d000.s773" source="wordnet-slovenian">
         <wf lemma="Ženskam" pos="X">Ženskam</wf>
         <wf lemma="se" pos="X">se</wf>
         <wf lemma="je" pos="X">je</wf>
         <wf lemma="težje" pos="X">težje</wf>
         <wf lemma="odločiti" pos="X">odločiti</wf>
         <wf lemma="za" pos="X">za</wf>
         <wf lemma="tako" pos="X">tako</wf>
         <instance id="d000.s773.t000" lemma="pot" pos="NOUN">pot</instance>
         <wf lemma="," pos="X">,</wf>
         <wf lemma="ker" pos="X">ker</wf>
         <wf lemma="sta" pos="X">sta</wf>
         <wf lemma="naše" pos="X">naše</wf>
         <wf lemma="odrekanje" pos="X">odrekanje</wf>
         <wf lemma="in" pos="X">in</wf>
         <wf lemma="slaba" pos="X">slaba</wf>
         <wf lemma="vest" pos="X">vest</wf>
         <wf lemma="drugačna" pos="X">drugačna</wf>
         <wf lemma="kot" pos="X">kot</wf>
         <wf lemma="pri" pos="X">pri</wf>
         <wf lemma="moških" pos="X">moških</wf>
         <wf lemma="." pos="X">.</wf>
      </sentence>
      <sentence id="d000.s774" source="wordnet-slovenian">
         <wf lemma="K" pos="X">K</wf>
         <wf lemma="sreči" pos="X">sreči</wf>
         <wf lemma="je" pos="X">je</wf>
         <wf lemma="brežiški" pos="X">brežiški</wf>
         <wf lemma="poslanec" pos="X">poslanec</wf>
         <wf lemma="DZ" pos="X">DZ</wf>
         <wf lemma="Jože" pos="X">Jože</wf>
         <wf lemma="Avšič" pos="X">Avšič</wf>
         <wf lemma="(" pos="X">(</wf>
         <wf lemma="LDS" pos="X">LDS</wf>
         <wf lemma=")" pos="X">)</wf>
         <wf lemma="uspel" pos="X">uspel</wf>
         <wf lemma="kolege" pos="X">kolege</wf>
         <wf lemma="prepričati" pos="X">prepričati</wf>
         <wf lemma="v" pos="X">v</wf>
         <wf lemma="škodljivost" pos="X">škodljivost</wf>
         <wf lemma="tega" pos="X">tega</wf>
         <wf lemma="določila" pos="X">določila</wf>
         <wf lemma="," pos="X">,</wf>
         <wf lemma="ki" pos="X">ki</wf>
         <wf lemma="bi" pos="X">bi</wf>
         <wf lemma="močno" pos="X">močno</wf>
         <wf lemma="skrčil" pos="X">skrčil</wf>
         <instance id="d000.s774.t000" lemma="območje" pos="NOUN">območje</instance>
         <wf lemma="pridelave" pos="X">pridelave</wf>
         <wf lemma="cvička" pos="X">cvička</wf>
         <wf lemma="." pos="X">.</wf>
      </sentence>
      <sentence id="d000.s775" source="wordnet-slovenian">
         <wf lemma="Opozorilno" pos="X">Opozorilno</wf>
         <wf lemma="okrožnico" pos="X">okrožnico</wf>
         <wf lemma="v" pos="X">v</wf>
         <wf lemma="zvezi" pos="X">zvezi</wf>
         <wf lemma="s" pos="X">s</wf>
         <wf lemma="to" pos="X">to</wf>
         <wf lemma="grožnjo" pos="X">grožnjo</wf>
         <wf lemma="je" pos="X">je</wf>
         <wf lemma="te" pos="X">te</wf>
         <instance id="d000.s775.t000" lemma="dan" pos="NOUN">dni</instance>
         <wf lemma="razposlal" pos="X">razposlal</wf>
         <wf lemma="tudi" pos="X">tudi</wf>
         <wf lemma="minister" pos="X">minister</wf>
         <wf lemma="za" pos="X">za</wf>
         <wf lemma="delo" pos="X">delo</wf>
         <wf lemma="Roberto" pos="X">Roberto</wf>
         <wf lemma="Maroni" pos="X">Maroni</wf>
         <wf lemma="." pos="X">.</wf>
      </sentence>
      <sentence id="d000.s776" source="wordnet-slovenian">
         <instance id="d000.s776.t000" lemma="besedilo" pos="NOUN">Besedilo</instance>
         <wf lemma="mi" pos="X">mi</wf>
         <wf lemma="je" pos="X">je</wf>
         <wf lemma="bilo" pos="X">bilo</wf>
         <wf lemma="zelo" pos="X">zelo</wf>
         <wf lemma="všeč" pos="X">všeč</wf>
         <wf lemma="," pos="X">,</wf>
         <wf lemma="napisano" pos="X">napisano</wf>
         <wf lemma="je" pos="X">je</wf>
         <wf lemma="bilo" pos="X">bilo</wf>
         <wf lemma="zelo" pos="X">zelo</wf>
         <wf lemma="spretno" pos="X">spretno</wf>
         <wf lemma="," pos="X">,</wf>
         <wf lemma="zaplete" pos="X">zaplete</wf>
         <wf lemma="treh" pos="X">treh</wf>
         <wf lemma="prijateljev" pos="X">prijateljev</wf>
         <wf lemma="okrog" pos="X">okrog</wf>
         <wf lemma="modernistične" pos="X">modernistične</wf>
         <wf lemma="bele" pos="X">bele</wf>
         <wf lemma="slike" pos="X">slike</wf>
         <wf lemma="," pos="X">,</wf>
         <wf lemma="je" pos="X">je</wf>
         <wf lemma="mlada" pos="X">mlada</wf>
         <wf lemma="avtorica" pos="X">avtorica</wf>
         <wf lemma="izkoristila" pos="X">izkoristila</wf>
         <wf lemma="za" pos="X">za</wf>
         <wf lemma="vivisekcijo" pos="X">vivisekcijo</wf>
         <wf lemma="zapletenih" pos="X">zapletenih</wf>
         <wf lemma="odnosov" pos="X">odnosov</wf>
         <wf lemma="med" pos="X">med</wf>
         <wf lemma="tremi" pos="X">tremi</wf>
         <wf lemma="mladimi" pos="X">mladimi</wf>
         <wf lemma="ljudmi" pos="X">ljudmi</wf>
         <wf lemma="v" pos="X">v</wf>
         <wf lemma="odtujeni" pos="X">odtujeni</wf>
         <wf lemma="moderni" pos="X">moderni</wf>
         <wf lemma="družbi" pos="X">družbi</wf>
         <wf lemma="." pos="X">.</wf>
      </sentence>
      <sentence id="d000.s777" source="wordnet-slovenian">
         <wf lemma="Vsakega" pos="X">Vsakega</wf>
         <wf lemma="zobatca" pos="X">zobatca</wf>
         <wf lemma="," pos="X">,</wf>
         <wf lemma="ki" pos="X">ki</wf>
         <wf lemma="ga" pos="X">ga</wf>
         <wf lemma="bomo" pos="X">bomo</wf>
         <wf lemma="ujeli" pos="X">ujeli</wf>
         <wf lemma="in" pos="X">in</wf>
         <wf lemma="pojedli" pos="X">pojedli</wf>
         <wf lemma="," pos="X">,</wf>
         <wf lemma="se" pos="X">se</wf>
         <wf lemma="bomo" pos="X">bomo</wf>
         <wf lemma="spominjali" pos="X">spominjali</wf>
         <wf lemma="vse" pos="X">vse</wf>
         <instance id="d000.s777.t000" lemma="življenje" pos="NOUN">življenje</instance>
         <wf lemma="." pos="X">.</wf>
      </sentence>
      <sentence id="d000.s778" source="wordnet-slovenian">
         <wf lemma="Razlika" pos="X">Razlika</wf>
         <wf lemma="je" pos="X">je</wf>
         <wf lemma="samo" pos="X">samo</wf>
         <wf lemma="v" pos="X">v</wf>
         <wf lemma="tem" pos="X">tem</wf>
         <wf lemma="," pos="X">,</wf>
         <wf lemma="da" pos="X">da</wf>
         <wf lemma="v" pos="X">v</wf>
         <wf lemma="zadnji" pos="X">zadnji</wf>
         <instance id="d000.s778.t000" lemma="vojna" pos="NOUN">vojni</instance>
         <wf lemma="Muslimani" pos="X">Muslimani</wf>
         <wf lemma="in" pos="X">in</wf>
         <wf lemma="Hrvati" pos="X">Hrvati</wf>
         <wf lemma="niso" pos="X">niso</wf>
         <wf lemma="bili" pos="X">bili</wf>
         <wf lemma="zavezniki" pos="X">zavezniki</wf>
         <wf lemma="proti" pos="X">proti</wf>
         <wf lemma="Srbom" pos="X">Srbom</wf>
         <wf lemma="," pos="X">,</wf>
         <wf lemma="temveč" pos="X">temveč</wf>
         <wf lemma="so" pos="X">so</wf>
         <wf lemma="se" pos="X">se</wf>
         <wf lemma="tokrat" pos="X">tokrat</wf>
         <wf lemma="množično" pos="X">množično</wf>
         <wf lemma="pobijali" pos="X">pobijali</wf>
         <wf lemma="tudi" pos="X">tudi</wf>
         <wf lemma="med" pos="X">med</wf>
         <wf lemma="seboj" pos="X">seboj</wf>
         <wf lemma="." pos="X">.</wf>
      </sentence>
      <sentence id="d000.s779" source="wordnet-slovenian">
         <wf lemma="V" pos="X">V</wf>
         <wf lemma="takem" pos="X">takem</wf>
         <instance id="d000.s779.t000" lemma="primer" pos="NOUN">primeru</instance>
         <wf lemma="se" pos="X">se</wf>
         <wf lemma="mora" pos="X">mora</wf>
         <wf lemma="seveda" pos="X">seveda</wf>
         <wf lemma="posameznik" pos="X">posameznik</wf>
         <wf lemma="izogibati" pos="X">izogibati</wf>
         <wf lemma="jemanju" pos="X">jemanju</wf>
         <wf lemma="teh" pos="X">teh</wf>
         <wf lemma="zdravil" pos="X">zdravil</wf>
         <wf lemma="." pos="X">.</wf>
      </sentence>
      <sentence id="d000.s780" source="wordnet-slovenian">
         <wf lemma="Kaže" pos="X">Kaže</wf>
         <wf lemma="," pos="X">,</wf>
         <wf lemma="da" pos="X">da</wf>
         <wf lemma="bosta" pos="X">bosta</wf>
         <wf lemma="utrditev" pos="X">utrditev</wf>
         <wf lemma="in" pos="X">in</wf>
         <wf lemma="shranjevanje" pos="X">shranjevanje</wf>
         <wf lemma="tega" pos="X">tega</wf>
         <instance id="d000.s780.t000" lemma="besedilo" pos="NOUN">besedila</instance>
         <wf lemma="človeške" pos="X">človeške</wf>
         <wf lemma="narave" pos="X">narave</wf>
         <wf lemma="dražja" pos="X">dražja</wf>
         <wf lemma="kot" pos="X">kot</wf>
         <wf lemma="njegov" pos="X">njegov</wf>
         <wf lemma="zapis" pos="X">zapis</wf>
         <wf lemma="." pos="X">.</wf>
      </sentence>
      <sentence id="d000.s781" source="wordnet-slovenian">
         <wf lemma="Cilj" pos="X">Cilj</wf>
         <wf lemma="posebnih" pos="X">posebnih</wf>
         <wf lemma="rešitev" pos="X">rešitev</wf>
         <wf lemma="za" pos="X">za</wf>
         <wf lemma="omenjena" pos="X">omenjena</wf>
         <wf lemma="sektorja" pos="X">sektorja</wf>
         <wf lemma="je" pos="X">je</wf>
         <wf lemma="omilitev" pos="X">omilitev</wf>
         <wf lemma="socialnih" pos="X">socialnih</wf>
         <wf lemma="posledic" pos="X">posledic</wf>
         <wf lemma="prilagajanja" pos="X">prilagajanja</wf>
         <wf lemma="na" pos="X">na</wf>
         <wf lemma="hudo" pos="X">hudo</wf>
         <wf lemma="konkurenco" pos="X">konkurenco</wf>
         <wf lemma="na" pos="X">na</wf>
         <wf lemma="enotnem" pos="X">enotnem</wf>
         <instance id="d000.s781.t000" lemma="trg" pos="NOUN">trgu</instance>
         <wf lemma="." pos="X">.</wf>
      </sentence>
      <sentence id="d000.s782" source="wordnet-slovenian">
         <instance id="d000.s782.t000" lemma="uporaba" pos="NOUN">Uporaba</instance>
         <wf lemma="RSS" pos="X">RSS</wf>
         <wf lemma="-" pos="X">-</wf>
         <wf lemma="vira" pos="X">vira</wf>
         <wf lemma="za" pos="X">za</wf>
         <wf lemma="posredovanje" pos="X">posredovanje</wf>
         <wf lemma="informacij" pos="X">informacij</wf>
         <wf lemma="je" pos="X">je</wf>
         <wf lemma="še" pos="X">še</wf>
         <wf lemma="zlasti" pos="X">zlasti</wf>
         <wf lemma="primerna" pos="X">primerna</wf>
         <wf lemma="za" pos="X">za</wf>
         <wf lemma="vse" pos="X">vse</wf>
         <wf lemma="informacijsko" pos="X">informacijsko</wf>
         <wf lemma="naravnane" pos="X">naravnane</wf>
         <wf lemma="spletne" pos="X">spletne</wf>
         <wf lemma="strani" pos="X">strani</wf>
         <wf lemma="in" pos="X">in</wf>
         <wf lemma="za" pos="X">za</wf>
         <wf lemma="vse" pos="X">vse</wf>
         <wf lemma="tiste" pos="X">tiste</wf>
         <wf lemma="strani" pos="X">strani</wf>
         <wf lemma="," pos="X">,</wf>
         <wf lemma="ki" pos="X">ki</wf>
         <wf lemma="v" pos="X">v</wf>
         <wf lemma="pogostih" pos="X">pogostih</wf>
         <wf lemma="časovnih" pos="X">časovnih</wf>
         <wf lemma="intervalih" pos="X">intervalih</wf>
         <wf lemma="osvežujejo" pos="X">osvežujejo</wf>
         <wf lemma="svojo" pos="X">svojo</wf>
         <wf lemma="vsebino" pos="X">vsebino</wf>
         <wf lemma="." pos="X">.</wf>
      </sentence>
      <sentence id="d000.s783" source="wordnet-slovenian">
         <wf lemma="Da" pos="X">Da</wf>
         <wf lemma="bi" pos="X">bi</wf>
         <wf lemma="v" pos="X">v</wf>
         <wf lemma="ljudski" pos="X">ljudski</wf>
         <instance id="d000.s783.t000" lemma="stranka" pos="NOUN">stranki</instance>
         <wf lemma="nastala" pos="X">nastala</wf>
         <wf lemma="zaradi" pos="X">zaradi</wf>
         <wf lemma="spornih" pos="X">spornih</wf>
         <wf lemma="finančnih" pos="X">finančnih</wf>
         <wf lemma="poslov" pos="X">poslov</wf>
         <wf lemma="kakšna" pos="X">kakšna</wf>
         <wf lemma="posebna" pos="X">posebna</wf>
         <wf lemma="notranja" pos="X">notranja</wf>
         <wf lemma="trenja" pos="X">trenja</wf>
         <wf lemma="," pos="X">,</wf>
         <wf lemma="ki" pos="X">ki</wf>
         <wf lemma="bi" pos="X">bi</wf>
         <wf lemma="bila" pos="X">bila</wf>
         <wf lemma="lahko" pos="X">lahko</wf>
         <wf lemma="nevarna" pos="X">nevarna</wf>
         <wf lemma="za" pos="X">za</wf>
         <wf lemma="Podobnikov" pos="X">Podobnikov</wf>
         <wf lemma="predsedniški" pos="X">predsedniški</wf>
         <wf lemma="stolček" pos="X">stolček</wf>
         <wf lemma="," pos="X">,</wf>
         <wf lemma="namreč" pos="X">namreč</wf>
         <wf lemma="za" pos="X">za</wf>
         <wf lemma="zdaj" pos="X">zdaj</wf>
         <wf lemma="ni" pos="X">ni</wf>
         <wf lemma="pričakovati" pos="X">pričakovati</wf>
         <wf lemma="." pos="X">.</wf>
      </sentence>
      <sentence id="d000.s784" source="wordnet-slovenian">
         <wf lemma="Za" pos="X">Za</wf>
         <wf lemma="škržnimi" pos="X">škržnimi</wf>
         <wf lemma="režami" pos="X">režami</wf>
         <wf lemma="ima" pos="X">ima</wf>
         <wf lemma="izrazito" pos="X">izrazito</wf>
         <wf lemma="temno" pos="X">temno</wf>
         <wf lemma="pego" pos="X">pego</wf>
         <wf lemma="in" pos="X">in</wf>
         <wf lemma="več" pos="X">več</wf>
         <wf lemma="manjših" pos="X">manjših</wf>
         <wf lemma="," pos="X">,</wf>
         <wf lemma="v" pos="X">v</wf>
         <wf lemma="nepravilne" pos="X">nepravilne</wf>
         <instance id="d000.s784.t000" lemma="vrsta" pos="NOUN">vrste</instance>
         <wf lemma="razpršenih" pos="X">razpršenih</wf>
         <wf lemma="temnih" pos="X">temnih</wf>
         <wf lemma="pegic" pos="X">pegic</wf>
         <wf lemma="." pos="X">.</wf>
      </sentence>
      <sentence id="d000.s785" source="wordnet-slovenian">
         <wf lemma="Pod" pos="X">Pod</wf>
         <wf lemma="vplivom" pos="X">vplivom</wf>
         <wf lemma="bavarske" pos="X">bavarske</wf>
         <wf lemma="CSU" pos="X">CSU</wf>
         <wf lemma="je" pos="X">je</wf>
         <wf lemma="lani" pos="X">lani</wf>
         <wf lemma="evropski" pos="X">evropski</wf>
         <wf lemma="parlament" pos="X">parlament</wf>
         <wf lemma="pozval" pos="X">pozval</wf>
         <wf lemma="k" pos="X">k</wf>
         <wf lemma="preklicu" pos="X">preklicu</wf>
         <wf lemma="Beneševih" pos="X">Beneševih</wf>
         <wf lemma="dekretov" pos="X">dekretov</wf>
         <wf lemma="," pos="X">,</wf>
         <wf lemma="pridružil" pos="X">pridružil</wf>
         <wf lemma="se" pos="X">se</wf>
         <wf lemma="mu" pos="X">mu</wf>
         <wf lemma="je" pos="X">je</wf>
         <wf lemma="avstrijski" pos="X">avstrijski</wf>
         <wf lemma="parlament" pos="X">parlament</wf>
         <wf lemma="," pos="X">,</wf>
         <wf lemma="nemški" pos="X">nemški</wf>
         <wf lemma="opozicijski" pos="X">opozicijski</wf>
         <wf lemma="stranki" pos="X">stranki</wf>
         <wf lemma="CDU" pos="X">CDU</wf>
         <wf lemma="in" pos="X">in</wf>
         <wf lemma="CSU" pos="X">CSU</wf>
         <wf lemma="pa" pos="X">pa</wf>
         <wf lemma="sta" pos="X">sta</wf>
         <wf lemma="na" pos="X">na</wf>
         <instance id="d000.s785.t000" lemma="vlada" pos="NOUN">vlado</instance>
         <wf lemma="v" pos="X">v</wf>
         <wf lemma="Berlinu" pos="X">Berlinu</wf>
         <wf lemma="naslovili" pos="X">naslovili</wf>
         <wf lemma="peticijo" pos="X">peticijo</wf>
         <wf lemma="," pos="X">,</wf>
         <wf lemma="naj" pos="X">naj</wf>
         <wf lemma="stori" pos="X">stori</wf>
         <wf lemma="enako" pos="X">enako</wf>
         <wf lemma="." pos="X">.</wf>
      </sentence>
      <sentence id="d000.s786" source="wordnet-slovenian">
         <wf lemma="Objavljen" pos="X">Objavljen</wf>
         <wf lemma="razpis" pos="X">razpis</wf>
         <wf lemma="je" pos="X">je</wf>
         <wf lemma="prvi" pos="X">prvi</wf>
         <wf lemma="stik" pos="X">stik</wf>
         <wf lemma="med" pos="X">med</wf>
         <wf lemma="organizacijo" pos="X">organizacijo</wf>
         <wf lemma="in" pos="X">in</wf>
         <wf lemma="kandidatom" pos="X">kandidatom</wf>
         <wf lemma="in" pos="X">in</wf>
         <wf lemma="vpliva" pos="X">vpliva</wf>
         <wf lemma="na" pos="X">na</wf>
         <wf lemma="oblikovanje" pos="X">oblikovanje</wf>
         <wf lemma="ugodnega" pos="X">ugodnega</wf>
         <wf lemma="ali" pos="X">ali</wf>
         <wf lemma="neugodnega" pos="X">neugodnega</wf>
         <wf lemma="vtisa" pos="X">vtisa</wf>
         <wf lemma="o" pos="X">o</wf>
         <instance id="d000.s786.t000" lemma="podjetje" pos="NOUN">podjetju</instance>
         <wf lemma="." pos="X">.</wf>
      </sentence>
      <sentence id="d000.s787" source="wordnet-slovenian">
         <wf lemma="OBE" pos="X">OBE</wf>
         <wf lemma="POPOTNICI" pos="X">POPOTNICI</wf>
         <wf lemma="NAPAD" pos="X">NAPAD</wf>
         <wf lemma="INTERPRETIRATA" pos="X">INTERPRETIRATA</wf>
         <wf lemma="KOT" pos="X">KOT</wf>
         <wf lemma="POSLEDICO" pos="X">POSLEDICO</wf>
         <wf lemma="ZMANJŠANE" pos="X">ZMANJŠANE</wf>
         <wf lemma="POZORNOSTI" pos="X">POZORNOSTI</wf>
         <wf lemma="IN" pos="X">IN</wf>
         <wf lemma="SI" pos="X">SI</wf>
         <wf lemma="S" pos="X">S</wf>
         <wf lemma="TEM" pos="X">TEM</wf>
         <wf lemma="PRIPIŠETA" pos="X">PRIPIŠETA</wf>
         <instance id="d000.s787.t000" lemma="del" pos="NOUN">DEL</instance>
         <wf lemma="KRIVDE" pos="X">KRIVDE</wf>
         <wf lemma="," pos="X">,</wf>
         <wf lemma="KAR" pos="X">KAR</wf>
         <wf lemma="JE" pos="X">JE</wf>
         <wf lemma="ZA" pos="X">ZA</wf>
         <wf lemma="ŽRTVE" pos="X">ŽRTVE</wf>
         <wf lemma="POSILSTVA" pos="X">POSILSTVA</wf>
         <wf lemma="PRECEJ" pos="X">PRECEJ</wf>
         <wf lemma="ZNAČILNO" pos="X">ZNAČILNO</wf>
         <wf lemma="," pos="X">,</wf>
         <wf lemma="KOT" pos="X">KOT</wf>
         <wf lemma="JE" pos="X">JE</wf>
         <wf lemma="V" pos="X">V</wf>
         <wf lemma="SVOJI" pos="X">SVOJI</wf>
         <wf lemma="ŠTUDIJI" pos="X">ŠTUDIJI</wf>
         <wf lemma="UGOTOVILA" pos="X">UGOTOVILA</wf>
         <wf lemma="SUSAN" pos="X">SUSAN</wf>
         <wf lemma="BROWNMILLER" pos="X">BROWNMILLER</wf>
         <wf lemma="(" pos="X">(</wf>
         <wf lemma="BROWNMILLER" pos="X">BROWNMILLER</wf>
         <wf lemma="1988" pos="X">1988</wf>
         <wf lemma=")" pos="X">)</wf>
         <wf lemma="." pos="X">.</wf>
      </sentence>
      <sentence id="d000.s788" source="wordnet-slovenian">
         <wf lemma="Šimpanzi" pos="X">Šimpanzi</wf>
         <wf lemma="se" pos="X">se</wf>
         <wf lemma="tlačijo" pos="X">tlačijo</wf>
         <wf lemma="po" pos="X">po</wf>
         <wf lemma="nezavidljivo" pos="X">nezavidljivo</wf>
         <wf lemma="majhnem" pos="X">majhnem</wf>
         <wf lemma="prostoru" pos="X">prostoru</wf>
         <wf lemma="," pos="X">,</wf>
         <wf lemma="lev" pos="X">lev</wf>
         <wf lemma="bi" pos="X">bi</wf>
         <wf lemma="lahko" pos="X">lahko</wf>
         <wf lemma="vsak" pos="X">vsak</wf>
         <wf lemma="trenutek" pos="X">trenutek</wf>
         <wf lemma="raztrgal" pos="X">raztrgal</wf>
         <wf lemma="žičnato" pos="X">žičnato</wf>
         <wf lemma="ograjo" pos="X">ograjo</wf>
         <wf lemma="," pos="X">,</wf>
         <wf lemma="če" pos="X">če</wf>
         <wf lemma="ne" pos="X">ne</wf>
         <wf lemma="bi" pos="X">bi</wf>
         <wf lemma="bil" pos="X">bil</wf>
         <wf lemma="zaradi" pos="X">zaradi</wf>
         <wf lemma="dolgoletnega" pos="X">dolgoletnega</wf>
         <wf lemma="ujetništva" pos="X">ujetništva</wf>
         <wf lemma="že" pos="X">že</wf>
         <wf lemma="popolnoma" pos="X">popolnoma</wf>
         <wf lemma="apatičen" pos="X">apatičen</wf>
         <wf lemma="," pos="X">,</wf>
         <wf lemma="slonica" pos="X">slonica</wf>
         <wf lemma="Ganga" pos="X">Ganga</wf>
         <wf lemma="pa" pos="X">pa</wf>
         <wf lemma="očitno" pos="X">očitno</wf>
         <wf lemma="trpi" pos="X">trpi</wf>
         <wf lemma="akutno" pos="X">akutno</wf>
         <wf lemma="pomanjkanje" pos="X">pomanjkanje</wf>
         <instance id="d000.s788.t000" lemma="družba" pos="NOUN">družbe</instance>
         <wf lemma="." pos="X">.</wf>
      </sentence>
      <sentence id="d000.s789" source="wordnet-slovenian">
         <wf lemma="-" pos="X">-</wf>
         <wf lemma="Francosko" pos="X">Francosko</wf>
         <wf lemma="-" pos="X">-</wf>
         <wf lemma="slovenski" pos="X">slovenski</wf>
         <wf lemma="klub" pos="X">klub</wf>
         <wf lemma="CFME" pos="X">CFME</wf>
         <wf lemma="-" pos="X">-</wf>
         <wf lemma="ACTIM" pos="X">ACTIM</wf>
         <wf lemma="je" pos="X">je</wf>
         <wf lemma="v" pos="X">v</wf>
         <wf lemma="sodelovanju" pos="X">sodelovanju</wf>
         <wf lemma="s" pos="X">s</wf>
         <wf lemma="francoskim" pos="X">francoskim</wf>
         <wf lemma="veleposlaništvom" pos="X">veleposlaništvom</wf>
         <wf lemma="v" pos="X">v</wf>
         <wf lemma="Sloveniji" pos="X">Sloveniji</wf>
         <wf lemma="in" pos="X">in</wf>
         <instance id="d000.s789.t000" lemma="podjetje" pos="NOUN">podjetjem</instance>
         <wf lemma="Aquasystems" pos="X">Aquasystems</wf>
         <wf lemma="d." pos="X">d.</wf>
         <wf lemma="o." pos="X">o.</wf>
         <wf lemma="o." pos="X">o.</wf>
         <wf lemma="organiziral" pos="X">organiziral</wf>
         <wf lemma="konferenco" pos="X">konferenco</wf>
         <wf lemma="o" pos="X">o</wf>
         <wf lemma="čiščenju" pos="X">čiščenju</wf>
         <wf lemma="odpadnih" pos="X">odpadnih</wf>
         <wf lemma="vod" pos="X">vod</wf>
         <wf lemma="." pos="X">.</wf>
      </sentence>
      <sentence id="d000.s790" source="wordnet-slovenian">
         <wf lemma="Frančišek" pos="X">Frančišek</wf>
         <wf lemma=":" pos="X">:</wf>
         <wf lemma="Sedaj" pos="X">Sedaj</wf>
         <wf lemma="razumete" pos="X">razumete</wf>
         <wf lemma="," pos="X">,</wf>
         <wf lemma="kaj" pos="X">kaj</wf>
         <wf lemma="ste" pos="X">ste</wf>
         <wf lemma="naredili" pos="X">naredili</wf>
         <wf lemma="s" pos="X">s</wf>
         <wf lemma="svojo" pos="X">svojo</wf>
         <wf lemma="vero" pos="X">vero</wf>
         <wf lemma="v" pos="X">v</wf>
         <wf lemma="teh" pos="X">teh</wf>
         <wf lemma="zadnjih" pos="X">zadnjih</wf>
         <instance id="d000.s790.t000" lemma="leto" pos="NOUN">letih</instance>
         <wf lemma="." pos="X">.</wf>
      </sentence>
      <sentence id="d000.s791" source="wordnet-slovenian">
         <wf lemma="Ker" pos="X">Ker</wf>
         <wf lemma="sta" pos="X">sta</wf>
         <wf lemma="inkviziciji" pos="X">inkviziciji</wf>
         <wf lemma="prijavila" pos="X">prijavila</wf>
         <wf lemma="tako" pos="X">tako</wf>
         <wf lemma="sumljivo" pos="X">sumljivo</wf>
         <wf lemma="obnašanje" pos="X">obnašanje</wf>
         <wf lemma="," pos="X">,</wf>
         <wf lemma="sta" pos="X">sta</wf>
         <wf lemma="bila" pos="X">bila</wf>
         <wf lemma="nagrajena" pos="X">nagrajena</wf>
         <wf lemma="s" pos="X">s</wf>
         <wf lemma="tremi" pos="X">tremi</wf>
         <instance id="d000.s791.t000" lemma="leto" pos="NOUN">leti</instance>
         <wf lemma="posebnih" pos="X">posebnih</wf>
         <wf lemma="pravic" pos="X">pravic</wf>
         <wf lemma="." pos="X">.</wf>
      </sentence>
      <sentence id="d000.s792" source="wordnet-slovenian">
         <wf lemma="Razliko" pos="X">Razliko</wf>
         <wf lemma="med" pos="X">med</wf>
         <wf lemma="nemetafizično" pos="X">nemetafizično</wf>
         <wf lemma="," pos="X">,</wf>
         <wf lemma="zemeljsko" pos="X">zemeljsko</wf>
         <wf lemma="in" pos="X">in</wf>
         <wf lemma="gnostično" pos="X">gnostično</wf>
         <wf lemma="(" pos="X">(</wf>
         <wf lemma="religiozno" pos="X">religiozno</wf>
         <wf lemma=")" pos="X">)</wf>
         <wf lemma="varianto" pos="X">varianto</wf>
         <wf lemma="predstav" pos="X">predstav</wf>
         <wf lemma="o" pos="X">o</wf>
         <wf lemma="rešitvi" pos="X">rešitvi</wf>
         <wf lemma="(" pos="X">(</wf>
         <wf lemma="milosti" pos="X">milosti</wf>
         <wf lemma=")" pos="X">)</wf>
         <wf lemma="ohranja" pos="X">ohranja</wf>
         <wf lemma="pravzaprav" pos="X">pravzaprav</wf>
         <wf lemma="že" pos="X">že</wf>
         <wf lemma="običajni" pos="X">običajni</wf>
         <instance id="d000.s792.t000" lemma="jezik" pos="NOUN">jezik</instance>
         <wf lemma="." pos="X">.</wf>
      </sentence>
      <sentence id="d000.s793" source="wordnet-slovenian">
         <wf lemma="Gledala" pos="X">Gledala</wf>
         <wf lemma="sta" pos="X">sta</wf>
         <wf lemma="nekakšen" pos="X">nekakšen</wf>
         <wf lemma="star" pos="X">star</wf>
         <wf lemma="film" pos="X">film</wf>
         <wf lemma="," pos="X">,</wf>
         <wf lemma="ki" pos="X">ki</wf>
         <wf lemma="bi" pos="X">bi</wf>
         <wf lemma="ga" pos="X">ga</wf>
         <wf lemma="lahko" pos="X">lahko</wf>
         <wf lemma="videla" pos="X">videla</wf>
         <wf lemma="že" pos="X">že</wf>
         <wf lemma="pred" pos="X">pred</wf>
         <wf lemma="nekaj" pos="X">nekaj</wf>
         <instance id="d000.s793.t000" lemma="mesec" pos="NOUN">meseci</instance>
         <wf lemma="." pos="X">.</wf>
      </sentence>
      <sentence id="d000.s794" source="wordnet-slovenian">
         <wf lemma="Lahko" pos="X">Lahko</wf>
         <wf lemma="je" pos="X">je</wf>
         <wf lemma="spal" pos="X">spal</wf>
         <wf lemma="deset" pos="X">deset</wf>
         <wf lemma="," pos="X">,</wf>
         <wf lemma="dvanajst" pos="X">dvanajst</wf>
         <instance id="d000.s794.t000" lemma="ura" pos="NOUN">ur</instance>
         <wf lemma="," pos="X">,</wf>
         <wf lemma="žena" pos="X">žena</wf>
         <wf lemma="mu" pos="X">mu</wf>
         <wf lemma="je" pos="X">je</wf>
         <wf lemma="vedno" pos="X">vedno</wf>
         <wf lemma="rekla" pos="X">rekla</wf>
         <wf lemma="," pos="X">,</wf>
         <wf lemma="da" pos="X">da</wf>
         <wf lemma="bo" pos="X">bo</wf>
         <wf lemma="prespal" pos="X">prespal</wf>
         <wf lemma="življenje" pos="X">življenje</wf>
         <wf lemma="…" pos="X">…</wf>
         <wf lemma="." pos="X">.</wf>
      </sentence>
      <sentence id="d000.s795" source="wordnet-slovenian">
         <wf lemma="Pri" pos="X">Pri</wf>
         <wf lemma="dvajsetih" pos="X">dvajsetih</wf>
         <wf lemma="letih" pos="X">letih</wf>
         <wf lemma="se" pos="X">se</wf>
         <wf lemma="le" pos="X">le</wf>
         <wf lemma="redko" pos="X">redko</wf>
         <wf lemma="katera" pos="X">katera</wf>
         <wf lemma="ženska" pos="X">ženska</wf>
         <wf lemma="sprašuje" pos="X">sprašuje</wf>
         <wf lemma="o" pos="X">o</wf>
         <wf lemma="svoji" pos="X">svoji</wf>
         <wf lemma="plodnosti" pos="X">plodnosti</wf>
         <wf lemma="," pos="X">,</wf>
         <instance id="d000.s795.t000" lemma="večina" pos="NOUN">večina</instance>
         <wf lemma="se" pos="X">se</wf>
         <wf lemma="zanositvi" pos="X">zanositvi</wf>
         <wf lemma="prav" pos="X">prav</wf>
         <wf lemma="v" pos="X">v</wf>
         <wf lemma="teh" pos="X">teh</wf>
         <wf lemma="letih" pos="X">letih</wf>
         <wf lemma="skuša" pos="X">skuša</wf>
         <wf lemma="čim" pos="X">čim</wf>
         <wf lemma="bolj" pos="X">bolj</wf>
         <wf lemma="izogniti" pos="X">izogniti</wf>
         <wf lemma="." pos="X">.</wf>
      </sentence>
      <sentence id="d000.s796" source="wordnet-slovenian">
         <wf lemma="In" pos="X">In</wf>
         <wf lemma="tudi" pos="X">tudi</wf>
         <wf lemma="naslednjega" pos="X">naslednjega</wf>
         <wf lemma="ne" pos="X">ne</wf>
         <wf lemma="in" pos="X">in</wf>
         <wf lemma="tako" pos="X">tako</wf>
         <wf lemma="vsa" pos="X">vsa</wf>
         <instance id="d000.s796.t000" lemma="leto" pos="NOUN">leta</instance>
         <wf lemma="…" pos="X">…</wf>
         <wf lemma="." pos="X">.</wf>
      </sentence>
      <sentence id="d000.s797" source="wordnet-slovenian">
         <wf lemma="Moj" pos="X">Moj</wf>
         <instance id="d000.s797.t000" lemma="oče" pos="NOUN">oče</instance>
         <wf lemma="se" pos="X">se</wf>
         <wf lemma="je" pos="X">je</wf>
         <wf lemma="tako" pos="X">tako</wf>
         <wf lemma="trudil" pos="X">trudil</wf>
         <wf lemma="," pos="X">,</wf>
         <wf lemma="da" pos="X">da</wf>
         <wf lemma="bi" pos="X">bi</wf>
         <wf lemma="me" pos="X">me</wf>
         <wf lemma="obvaroval" pos="X">obvaroval</wf>
         <wf lemma="pred" pos="X">pred</wf>
         <wf lemma="tatinskimi" pos="X">tatinskimi</wf>
         <wf lemma="karakterji" pos="X">karakterji</wf>
         <wf lemma="v" pos="X">v</wf>
         <wf lemma="otroškem" pos="X">otroškem</wf>
         <wf lemma="počitniškem" pos="X">počitniškem</wf>
         <wf lemma="taboru" pos="X">taboru</wf>
         <wf lemma="-" pos="X">-</wf>
         <wf lemma="in" pos="X">in</wf>
         <wf lemma="kljub" pos="X">kljub</wf>
         <wf lemma="temu" pos="X">temu</wf>
         <wf lemma="se" pos="X">se</wf>
         <wf lemma="je" pos="X">je</wf>
         <wf lemma="zgodilo" pos="X">zgodilo</wf>
         <wf lemma=":" pos="X">:</wf>
         <wf lemma="Postal" pos="X">Postal</wf>
         <wf lemma="sem" pos="X">sem</wf>
         <wf lemma="žrtev" pos="X">žrtev</wf>
         <wf lemma="teh" pos="X">teh</wf>
         <wf lemma="tatov" pos="X">tatov</wf>
         <wf lemma="!" pos="X">!</wf>
      </sentence>
      <sentence id="d000.s798" source="wordnet-slovenian">
         <wf lemma="Pevec" pos="X">Pevec</wf>
         <wf lemma="skupine" pos="X">skupine</wf>
         <wf lemma="U2" pos="X">U2</wf>
         <wf lemma="Bono" pos="X">Bono</wf>
         <wf lemma="je" pos="X">je</wf>
         <wf lemma="znan" pos="X">znan</wf>
         <wf lemma="po" pos="X">po</wf>
         <wf lemma="humanitarni" pos="X">humanitarni</wf>
         <wf lemma="pomoči" pos="X">pomoči</wf>
         <wf lemma="žrtvam" pos="X">žrtvam</wf>
         <wf lemma="katastrof" pos="X">katastrof</wf>
         <wf lemma="po" pos="X">po</wf>
         <wf lemma="vsem" pos="X">vsem</wf>
         <instance id="d000.s798.t000" lemma="svet" pos="NOUN">svetu</instance>
         <wf lemma="." pos="X">.</wf>
      </sentence>
      <sentence id="d000.s799" source="wordnet-slovenian">
         <wf lemma="Pevci" pos="X">Pevci</wf>
         <wf lemma="bodo" pos="X">bodo</wf>
         <wf lemma="predstavili" pos="X">predstavili</wf>
         <instance id="d000.s799.t000" lemma="delo" pos="NOUN">dela</instance>
         <wf lemma="Palestrine" pos="X">Palestrine</wf>
         <wf lemma="," pos="X">,</wf>
         <wf lemma="Gallusa" pos="X">Gallusa</wf>
         <wf lemma="," pos="X">,</wf>
         <wf lemma="Morleya" pos="X">Morleya</wf>
         <wf lemma="," pos="X">,</wf>
         <wf lemma="Brahmsa" pos="X">Brahmsa</wf>
         <wf lemma="in" pos="X">in</wf>
         <wf lemma="dela" pos="X">dela</wf>
         <wf lemma="slovenskih" pos="X">slovenskih</wf>
         <wf lemma="sodobnih" pos="X">sodobnih</wf>
         <wf lemma="skladateljev" pos="X">skladateljev</wf>
         <wf lemma="ter" pos="X">ter</wf>
         <wf lemma="priredbe" pos="X">priredbe</wf>
         <wf lemma="slovenskih" pos="X">slovenskih</wf>
         <wf lemma="ljudskih" pos="X">ljudskih</wf>
         <wf lemma="pesmi" pos="X">pesmi</wf>
         <wf lemma="." pos="X">.</wf>
      </sentence>
      <sentence id="d000.s800" source="wordnet-slovenian">
         <wf lemma="Povsem" pos="X">Povsem</wf>
         <wf lemma="drugačnega" pos="X">drugačnega</wf>
         <instance id="d000.s800.t000" lemma="mnenje" pos="NOUN">mnenja</instance>
         <wf lemma="pa" pos="X">pa</wf>
         <wf lemma="so" pos="X">so</wf>
         <wf lemma="v" pos="X">v</wf>
         <wf lemma="ZŠD" pos="X">ZŠD</wf>
         <wf lemma="Ilirija" pos="X">Ilirija</wf>
         <wf lemma="." pos="X">.</wf>
      </sentence>
      <sentence id="d000.s801" source="wordnet-slovenian">
         <wf lemma="Če" pos="X">Če</wf>
         <wf lemma="ga" pos="X">ga</wf>
         <wf lemma="bodo" pos="X">bodo</wf>
         <wf lemma="do" pos="X">do</wf>
         <wf lemma="pomladi" pos="X">pomladi</wf>
         <wf lemma="našli" pos="X">našli</wf>
         <wf lemma="," pos="X">,</wf>
         <wf lemma="bodo" pos="X">bodo</wf>
         <wf lemma="z" pos="X">z</wf>
         <wf lemma="gradnjo" pos="X">gradnjo</wf>
         <wf lemma="nadaljevali" pos="X">nadaljevali</wf>
         <wf lemma="," pos="X">,</wf>
         <wf lemma="sicer" pos="X">sicer</wf>
         <wf lemma="pa" pos="X">pa</wf>
         <wf lemma="bodo" pos="X">bodo</wf>
         <instance id="d000.s801.t000" lemma="podjetje" pos="NOUN">podjetje</instance>
         <wf lemma="," pos="X">,</wf>
         <wf lemma="ki" pos="X">ki</wf>
         <wf lemma="so" pos="X">so</wf>
         <wf lemma="ga" pos="X">ga</wf>
         <wf lemma="ustanovili" pos="X">ustanovili</wf>
         <wf lemma="za" pos="X">za</wf>
         <wf lemma="gradnjo" pos="X">gradnjo</wf>
         <wf lemma="in" pos="X">in</wf>
         <wf lemma="upravljanje" pos="X">upravljanje</wf>
         <wf lemma="s" pos="X">s</wf>
         <wf lemma="smučiščem" pos="X">smučiščem</wf>
         <wf lemma="," pos="X">,</wf>
         <wf lemma="pahnili" pos="X">pahnili</wf>
         <wf lemma="v" pos="X">v</wf>
         <wf lemma="bankrot" pos="X">bankrot</wf>
         <wf lemma="." pos="X">.</wf>
      </sentence>
      <sentence id="d000.s802" source="wordnet-slovenian">
         <wf lemma="S" pos="X">S</wf>
         <wf lemma="preiskavo" pos="X">preiskavo</wf>
         <wf lemma="bodo" pos="X">bodo</wf>
         <wf lemma="skušali" pos="X">skušali</wf>
         <wf lemma="odkriti" pos="X">odkriti</wf>
         <wf lemma="," pos="X">,</wf>
         <wf lemma="kakšen" pos="X">kakšen</wf>
         <wf lemma="je" pos="X">je</wf>
         <wf lemma="notranji" pos="X">notranji</wf>
         <wf lemma="in" pos="X">in</wf>
         <wf lemma="zunanji" pos="X">zunanji</wf>
         <wf lemma="nadzor" pos="X">nadzor</wf>
         <wf lemma="kakovosti" pos="X">kakovosti</wf>
         <wf lemma="v" pos="X">v</wf>
         <wf lemma="vrhunsko" pos="X">vrhunsko</wf>
         <wf lemma="zavarovanem" pos="X">zavarovanem</wf>
         <instance id="d000.s802.t000" lemma="podjetje" pos="NOUN">podjetju</instance>
         <wf lemma="." pos="X">.</wf>
      </sentence>
      <sentence id="d000.s803" source="wordnet-slovenian">
         <instance id="d000.s803.t000" lemma="človek" pos="NOUN">Ljudje</instance>
         <wf lemma="bi" pos="X">bi</wf>
         <wf lemma="morali" pos="X">morali</wf>
         <wf lemma="normalno" pos="X">normalno</wf>
         <wf lemma="služiti" pos="X">služiti</wf>
         <wf lemma="," pos="X">,</wf>
         <wf lemma="da" pos="X">da</wf>
         <wf lemma="bi" pos="X">bi</wf>
         <wf lemma="si" pos="X">si</wf>
         <wf lemma="lahko" pos="X">lahko</wf>
         <wf lemma="kupili" pos="X">kupili</wf>
         <wf lemma="stanovanje" pos="X">stanovanje</wf>
         <wf lemma="." pos="X">.</wf>
      </sentence>
      <sentence id="d000.s804" source="wordnet-slovenian">
         <wf lemma="To" pos="X">To</wf>
         <wf lemma="se" pos="X">se</wf>
         <wf lemma="je" pos="X">je</wf>
         <wf lemma="zgodilo" pos="X">zgodilo</wf>
         <wf lemma="komaj" pos="X">komaj</wf>
         <wf lemma="nekaj" pos="X">nekaj</wf>
         <instance id="d000.s804.t000" lemma="dan" pos="NOUN">dni</instance>
         <wf lemma="prej" pos="X">prej</wf>
         <wf lemma="," pos="X">,</wf>
         <wf lemma="kot" pos="X">kot</wf>
         <wf lemma="pišemo" pos="X">pišemo</wf>
         <wf lemma="tole" pos="X">tole</wf>
         <wf lemma="(" pos="X">(</wf>
         <wf lemma="1939" pos="X">1939</wf>
         <wf lemma=")" pos="X">)</wf>
         <wf lemma="." pos="X">.</wf>
      </sentence>
      <sentence id="d000.s805" source="wordnet-slovenian">
         <wf lemma="Ko" pos="X">Ko</wf>
         <wf lemma="je" pos="X">je</wf>
         <wf lemma="Teodora" pos="X">Teodora</wf>
         <wf lemma="sedela" pos="X">sedela</wf>
         <wf lemma="z" pos="X">z</wf>
         <wf lemma="generalom" pos="X">generalom</wf>
         <wf lemma="na" pos="X">na</wf>
         <wf lemma="vrtu" pos="X">vrtu</wf>
         <wf lemma="," pos="X">,</wf>
         <wf lemma="se" pos="X">se</wf>
         <wf lemma="ji" pos="X">ji</wf>
         <wf lemma="je" pos="X">je</wf>
         <wf lemma="zdelo" pos="X">zdelo</wf>
         <wf lemma="," pos="X">,</wf>
         <wf lemma="da" pos="X">da</wf>
         <wf lemma="sta" pos="X">sta</wf>
         <wf lemma="skupaj" pos="X">skupaj</wf>
         <wf lemma="opazovala" pos="X">opazovala</wf>
         <wf lemma="," pos="X">,</wf>
         <wf lemma="kako" pos="X">kako</wf>
         <wf lemma="je" pos="X">je</wf>
         <wf lemma="lezel" pos="X">lezel</wf>
         <wf lemma="mimo" pos="X">mimo</wf>
         <wf lemma="polž" pos="X">polž</wf>
         <wf lemma="," pos="X">,</wf>
         <wf lemma="s" pos="X">s</wf>
         <wf lemma="skupnimi" pos="X">skupnimi</wf>
         <wf lemma="očmi" pos="X">očmi</wf>
         <wf lemma="," pos="X">,</wf>
         <wf lemma="s" pos="X">s</wf>
         <wf lemma="katerimi" pos="X">katerimi</wf>
         <wf lemma="sta" pos="X">sta</wf>
         <wf lemma="merila" pos="X">merila</wf>
         <wf lemma="centimetre" pos="X">centimetre</wf>
         <wf lemma="skozi" pos="X">skozi</wf>
         <wf lemma="mnogo" pos="X">mnogo</wf>
         <instance id="d000.s805.t000" lemma="leto" pos="NOUN">let</instance>
         <wf lemma="." pos="X">.</wf>
      </sentence>
      <sentence id="d000.s806" source="wordnet-slovenian">
         <wf lemma="Predvsem" pos="X">Predvsem</wf>
         <wf lemma="o" pos="X">o</wf>
         <wf lemma="tisti" pos="X">tisti</wf>
         <wf lemma="," pos="X">,</wf>
         <wf lemma="ki" pos="X">ki</wf>
         <wf lemma="ženskam" pos="X">ženskam</wf>
         <wf lemma="»" pos="X">»</wf>
         <wf lemma="lajša" pos="X">lajša</wf>
         <wf lemma="«" pos="X">«</wf>
         <wf lemma="delo" pos="X">delo</wf>
         <wf lemma="v" pos="X">v</wf>
         <instance id="d000.s806.t000" lemma="hiša" pos="NOUN">hiši</instance>
         <wf lemma="." pos="X">.</wf>
      </sentence>
      <sentence id="d000.s807" source="wordnet-slovenian">
         <wf lemma="Seveda" pos="X">Seveda</wf>
         <wf lemma="je" pos="X">je</wf>
         <wf lemma="v" pos="X">v</wf>
         <wf lemma="posameznih" pos="X">posameznih</wf>
         <wf lemma="trdovratnejših" pos="X">trdovratnejših</wf>
         <instance id="d000.s807.t000" lemma="primer" pos="NOUN">primerih</instance>
         <wf lemma="potrebnih" pos="X">potrebnih</wf>
         <wf lemma="več" pos="X">več</wf>
         <wf lemma="posegov" pos="X">posegov</wf>
         <wf lemma="," pos="X">,</wf>
         <wf lemma="ki" pos="X">ki</wf>
         <wf lemma="pa" pos="X">pa</wf>
         <wf lemma="so" pos="X">so</wf>
         <wf lemma="za" pos="X">za</wf>
         <wf lemma="kožo" pos="X">kožo</wf>
         <wf lemma="neškodljivi" pos="X">neškodljivi</wf>
         <wf lemma="." pos="X">.</wf>
      </sentence>
      <sentence id="d000.s808" source="wordnet-slovenian">
         <wf lemma="»" pos="X">»</wf>
         <wf lemma="Ne" pos="X">Ne</wf>
         <wf lemma="spoznam" pos="X">spoznam</wf>
         <wf lemma="se" pos="X">se</wf>
         <wf lemma="kaj" pos="X">kaj</wf>
         <wf lemma="prida" pos="X">prida</wf>
         <wf lemma="na" pos="X">na</wf>
         <instance id="d000.s808.t000" lemma="zakon" pos="NOUN">zakone</instance>
         <wf lemma="," pos="X">,</wf>
         <wf lemma="vem" pos="X">vem</wf>
         <wf lemma="pa" pos="X">pa</wf>
         <wf lemma="," pos="X">,</wf>
         <wf lemma="da" pos="X">da</wf>
         <wf lemma="tole" pos="X">tole</wf>
         <wf lemma="na" pos="X">na</wf>
         <wf lemma="sodišču" pos="X">sodišču</wf>
         <wf lemma="ne" pos="X">ne</wf>
         <wf lemma="velja" pos="X">velja</wf>
         <wf lemma="za" pos="X">za</wf>
         <wf lemma="dokaz" pos="X">dokaz</wf>
         <wf lemma="." pos="X">.</wf>
      </sentence>
      <sentence id="d000.s809" source="wordnet-slovenian">
         <wf lemma="Spremljevalca" pos="X">Spremljevalca</wf>
         <wf lemma="sta" pos="X">sta</wf>
         <wf lemma="mi" pos="X">mi</wf>
         <wf lemma="povedala" pos="X">povedala</wf>
         <wf lemma="," pos="X">,</wf>
         <wf lemma="da" pos="X">da</wf>
         <wf lemma="bi" pos="X">bi</wf>
         <wf lemma="ta" pos="X">ta</wf>
         <instance id="d000.s809.t000" lemma="prostor" pos="NOUN">prostor</instance>
         <wf lemma="meril" pos="X">meril</wf>
         <wf lemma="od" pos="X">od</wf>
         <wf lemma="tal" pos="X">tal</wf>
         <wf lemma="do" pos="X">do</wf>
         <wf lemma="stropa" pos="X">stropa</wf>
         <wf lemma="pravzaprav" pos="X">pravzaprav</wf>
         <wf lemma="kar" pos="X">kar</wf>
         <wf lemma="30" pos="X">30</wf>
         <wf lemma="metrov" pos="X">metrov</wf>
         <wf lemma="," pos="X">,</wf>
         <wf lemma="če" pos="X">če</wf>
         <wf lemma="bi" pos="X">bi</wf>
         <wf lemma="iz" pos="X">iz</wf>
         <wf lemma="njega" pos="X">njega</wf>
         <wf lemma="odstranili" pos="X">odstranili</wf>
         <wf lemma="vso" pos="X">vso</wf>
         <wf lemma="kramo" pos="X">kramo</wf>
         <wf lemma="in" pos="X">in</wf>
         <wf lemma="odpadke" pos="X">odpadke</wf>
         <wf lemma="," pos="X">,</wf>
         <wf lemma="na" pos="X">na</wf>
         <wf lemma="katerih" pos="X">katerih</wf>
         <wf lemma="smo" pos="X">smo</wf>
         <wf lemma="stali" pos="X">stali</wf>
         <wf lemma="in" pos="X">in</wf>
         <wf lemma="ki" pos="X">ki</wf>
         <wf lemma="so" pos="X">so</wf>
         <wf lemma="jih" pos="X">jih</wf>
         <wf lemma="meščani" pos="X">meščani</wf>
         <wf lemma="dolga" pos="X">dolga</wf>
         <wf lemma="desetletja" pos="X">desetletja</wf>
         <wf lemma="metali" pos="X">metali</wf>
         <wf lemma="vanj" pos="X">vanj</wf>
         <wf lemma="." pos="X">.</wf>
      </sentence>
      <sentence id="d000.s810" source="wordnet-slovenian">
         <wf lemma="Vse" pos="X">Vse</wf>
         <wf lemma="skupaj" pos="X">skupaj</wf>
         <wf lemma="je" pos="X">je</wf>
         <wf lemma="presenečeno" pos="X">presenečeno</wf>
         <wf lemma="opazovala" pos="X">opazovala</wf>
         <wf lemma="skupina" pos="X">skupina</wf>
         <wf lemma="moških" pos="X">moških</wf>
         <wf lemma="srednjih" pos="X">srednjih</wf>
         <instance id="d000.s810.t000" lemma="leto" pos="NOUN">let</instance>
         <wf lemma="," pos="X">,</wf>
         <wf lemma="ki" pos="X">ki</wf>
         <wf lemma="so" pos="X">so</wf>
         <wf lemma="sedeli" pos="X">sedeli</wf>
         <wf lemma="za" pos="X">za</wf>
         <wf lemma="sosednjo" pos="X">sosednjo</wf>
         <wf lemma="mizo" pos="X">mizo</wf>
         <wf lemma="," pos="X">,</wf>
         <wf lemma="in" pos="X">in</wf>
         <wf lemma="razdražena" pos="X">razdražena</wf>
         <wf lemma="Lindsay" pos="X">Lindsay</wf>
         <wf lemma="se" pos="X">se</wf>
         <wf lemma="je" pos="X">je</wf>
         <wf lemma="lotila" pos="X">lotila</wf>
         <wf lemma="še" pos="X">še</wf>
         <wf lemma="njih" pos="X">njih</wf>
         <wf lemma="," pos="X">,</wf>
         <wf lemma="pripoveduje" pos="X">pripoveduje</wf>
         <wf lemma="isti" pos="X">isti</wf>
         <wf lemma="vir" pos="X">vir</wf>
         <wf lemma="." pos="X">.</wf>
      </sentence>
      <sentence id="d000.s811" source="wordnet-slovenian">
         <wf lemma="Sklep" pos="X">Sklep</wf>
         <wf lemma="o" pos="X">o</wf>
         <wf lemma="določitvi" pos="X">določitvi</wf>
         <wf lemma="višine" pos="X">višine</wf>
         <wf lemma="in" pos="X">in</wf>
         <wf lemma="načinu" pos="X">načinu</wf>
         <wf lemma="obračunavanja" pos="X">obračunavanja</wf>
         <wf lemma="stroškov" pos="X">stroškov</wf>
         <wf lemma="za" pos="X">za</wf>
         <wf lemma="opravljanje" pos="X">opravljanje</wf>
         <wf lemma="storitve" pos="X">storitve</wf>
         <wf lemma="v" pos="X">v</wf>
         <instance id="d000.s811.t000" lemma="zveza" pos="NOUN">zvezi</instance>
         <wf lemma="s" pos="X">s</wf>
         <wf lemma="carinskim" pos="X">carinskim</wf>
         <wf lemma="blagom" pos="X">blagom</wf>
         <wf lemma="," pos="X">,</wf>
         <wf lemma="ki" pos="X">ki</wf>
         <wf lemma="bremenijo" pos="X">bremenijo</wf>
         <wf lemma="lastnika" pos="X">lastnika</wf>
         <wf lemma="blaga" pos="X">blaga</wf>
         <wf lemma="oziroma" pos="X">oziroma</wf>
         <wf lemma="stranko" pos="X">stranko</wf>
         <wf lemma="v" pos="X">v</wf>
         <wf lemma="postopkuUradni" pos="X">postopkuUradni</wf>
         <wf lemma="list" pos="X">list</wf>
         <wf lemma="RS" pos="X">RS</wf>
         <wf lemma="." pos="X">.</wf>
      </sentence>
      <sentence id="d000.s812" source="wordnet-slovenian">
         <wf lemma="-" pos="X">-</wf>
         <wf lemma="Kakšno" pos="X">Kakšno</wf>
         <instance id="d000.s812.t000" lemma="vloga" pos="NOUN">vlogo</instance>
         <wf lemma="imata" pos="X">imata</wf>
         <wf lemma="v" pos="X">v</wf>
         <wf lemma="doživljanju" pos="X">doživljanju</wf>
         <wf lemma="ljubezni" pos="X">ljubezni</wf>
         <wf lemma="naravno" pos="X">naravno</wf>
         <wf lemma="in" pos="X">in</wf>
         <wf lemma="človeško" pos="X">človeško</wf>
         <wf lemma="okolje" pos="X">okolje</wf>
         <wf lemma="?" pos="X">?</wf>
      </sentence>
      <sentence id="d000.s813" source="wordnet-slovenian">
         <wf lemma="Najbrž" pos="X">Najbrž</wf>
         <wf lemma="še" pos="X">še</wf>
         <wf lemma="ni" pos="X">ni</wf>
         <wf lemma="uporabnika" pos="X">uporabnika</wf>
         <wf lemma="elektronske" pos="X">elektronske</wf>
         <wf lemma="pošte" pos="X">pošte</wf>
         <wf lemma="," pos="X">,</wf>
         <wf lemma="ki" pos="X">ki</wf>
         <wf lemma="v" pos="X">v</wf>
         <wf lemma="svojem" pos="X">svojem</wf>
         <wf lemma="poštnem" pos="X">poštnem</wf>
         <wf lemma="predalu" pos="X">predalu</wf>
         <wf lemma="še" pos="X">še</wf>
         <wf lemma="ni" pos="X">ni</wf>
         <wf lemma="našel" pos="X">našel</wf>
         <wf lemma="takoimenovane" pos="X">takoimenovane</wf>
         <wf lemma="spam" pos="X">spam</wf>
         <wf lemma="mail" pos="X">mail</wf>
         <wf lemma="ali" pos="X">ali</wf>
         <wf lemma="odpadne" pos="X">odpadne</wf>
         <wf lemma="pošte" pos="X">pošte</wf>
         <wf lemma="," pos="X">,</wf>
         <wf lemma="ki" pos="X">ki</wf>
         <wf lemma="je" pos="X">je</wf>
         <wf lemma="največkrat" pos="X">največkrat</wf>
         <wf lemma="namenjena" pos="X">namenjena</wf>
         <wf lemma="različnim" pos="X">različnim</wf>
         <wf lemma="propagandnim" pos="X">propagandnim</wf>
         <wf lemma="sporočilom" pos="X">sporočilom</wf>
         <wf lemma="ali" pos="X">ali</wf>
         <wf lemma="kakšnim" pos="X">kakšnim</wf>
         <wf lemma="podobnim" pos="X">podobnim</wf>
         <instance id="d000.s813.t000" lemma="zadeva" pos="NOUN">zadevam</instance>
         <wf lemma="." pos="X">.</wf>
      </sentence>
      <sentence id="d000.s814" source="wordnet-slovenian">
         <wf lemma="Kar" pos="X">Kar</wf>
         <wf lemma="ni" pos="X">ni</wf>
         <wf lemma="uspelo" pos="X">uspelo</wf>
         <wf lemma="njemu" pos="X">njemu</wf>
         <wf lemma="," pos="X">,</wf>
         <wf lemma="je" pos="X">je</wf>
         <wf lemma="dve" pos="X">dve</wf>
         <instance id="d000.s814.t000" lemma="leto" pos="NOUN">leti</instance>
         <wf lemma="pozneje" pos="X">pozneje</wf>
         <wf lemma="Tonetu" pos="X">Tonetu</wf>
         <wf lemma="Tislju" pos="X">Tislju</wf>
         <wf lemma="," pos="X">,</wf>
         <wf lemma="ki" pos="X">ki</wf>
         <wf lemma="je" pos="X">je</wf>
         <wf lemma="bil" pos="X">bil</wf>
         <wf lemma="s" pos="X">s</wf>
         <wf lemma="krimovkami" pos="X">krimovkami</wf>
         <wf lemma="na" pos="X">na</wf>
         <wf lemma="tronu" pos="X">tronu</wf>
         <wf lemma="tudi" pos="X">tudi</wf>
         <wf lemma="lani" pos="X">lani</wf>
         <wf lemma="." pos="X">.</wf>
      </sentence>
      <sentence id="d000.s815" source="wordnet-slovenian">
         <instance id="d000.s815.t000" lemma="država" pos="NOUN">Država</instance>
         <wf lemma="s" pos="X">s</wf>
         <wf lemma="tem" pos="X">tem</wf>
         <wf lemma="priznava" pos="X">priznava</wf>
         <wf lemma="," pos="X">,</wf>
         <wf lemma="da" pos="X">da</wf>
         <wf lemma="je" pos="X">je</wf>
         <wf lemma="prostovoljnih" pos="X">prostovoljnih</wf>
         <wf lemma="vojakov" pos="X">vojakov</wf>
         <wf lemma="premalo" pos="X">premalo</wf>
         <wf lemma="," pos="X">,</wf>
         <wf lemma="če" pos="X">če</wf>
         <wf lemma="ne" pos="X">ne</wf>
         <wf lemma="kar" pos="X">kar</wf>
         <wf lemma="nič" pos="X">nič</wf>
         <wf lemma="." pos="X">.</wf>
      </sentence>
      <sentence id="d000.s816" source="wordnet-slovenian">
         <wf lemma="Tisto" pos="X">Tisto</wf>
         <wf lemma="," pos="X">,</wf>
         <wf lemma="za" pos="X">za</wf>
         <wf lemma="kar" pos="X">kar</wf>
         <wf lemma="gre" pos="X">gre</wf>
         <wf lemma="v" pos="X">v</wf>
         <wf lemma="razpravah" pos="X">razpravah</wf>
         <wf lemma="o" pos="X">o</wf>
         <wf lemma="modernizmu" pos="X">modernizmu</wf>
         <wf lemma="in" pos="X">in</wf>
         <wf lemma="postmodernizmu" pos="X">postmodernizmu</wf>
         <wf lemma="," pos="X">,</wf>
         <wf lemma="je" pos="X">je</wf>
         <wf lemma="vzorec" pos="X">vzorec</wf>
         <wf lemma="razmerij" pos="X">razmerij</wf>
         <wf lemma="med" pos="X">med</wf>
         <instance id="d000.s816.t000" lemma="telo" pos="NOUN">telesi</instance>
         <wf lemma="in" pos="X">in</wf>
         <wf lemma="jezikom" pos="X">jezikom</wf>
         <wf lemma="ter" pos="X">ter</wf>
         <wf lemma="v" pos="X">v</wf>
         <wf lemma="njih" pos="X">njih</wf>
         <wf lemma="." pos="X">.</wf>
      </sentence>
      <sentence id="d000.s817" source="wordnet-slovenian">
         <wf lemma="Ko" pos="X">Ko</wf>
         <wf lemma="sem" pos="X">sem</wf>
         <wf lemma="bil" pos="X">bil</wf>
         <wf lemma="že" pos="X">že</wf>
         <wf lemma="šest" pos="X">šest</wf>
         <instance id="d000.s817.t000" lemma="mesec" pos="NOUN">mesecev</instance>
         <wf lemma="generalni" pos="X">generalni</wf>
         <wf lemma="direktor" pos="X">direktor</wf>
         <wf lemma="," pos="X">,</wf>
         <wf lemma="me" pos="X">me</wf>
         <wf lemma="je" pos="X">je</wf>
         <wf lemma="svet" pos="X">svet</wf>
         <wf lemma="zavoda" pos="X">zavoda</wf>
         <wf lemma="odstavil" pos="X">odstavil</wf>
         <wf lemma="," pos="X">,</wf>
         <wf lemma="ne" pos="X">ne</wf>
         <wf lemma="da" pos="X">da</wf>
         <wf lemma="bi" pos="X">bi</wf>
         <wf lemma="za" pos="X">za</wf>
         <wf lemma="to" pos="X">to</wf>
         <wf lemma="navedli" pos="X">navedli</wf>
         <wf lemma="en" pos="X">en</wf>
         <wf lemma="sam" pos="X">sam</wf>
         <wf lemma="razlog" pos="X">razlog</wf>
         <wf lemma="." pos="X">.</wf>
      </sentence>
      <sentence id="d000.s818" source="wordnet-slovenian">
         <wf lemma="Prekinitev" pos="X">Prekinitev</wf>
         <wf lemma="stavke" pos="X">stavke</wf>
         <wf lemma="je" pos="X">je</wf>
         <wf lemma="dopustna" pos="X">dopustna</wf>
         <wf lemma="," pos="X">,</wf>
         <wf lemma="če" pos="X">če</wf>
         <wf lemma="se" pos="X">se</wf>
         <instance id="d000.s818.t000" lemma="stranka" pos="NOUN">stranki</instance>
         <wf lemma="KDS" pos="X">KDS</wf>
         <wf lemma="," pos="X">,</wf>
         <wf lemma="ki" pos="X">ki</wf>
         <wf lemma="se" pos="X">se</wf>
         <wf lemma="želita" pos="X">želita</wf>
         <wf lemma="pogajati" pos="X">pogajati</wf>
         <wf lemma="in" pos="X">in</wf>
         <wf lemma="doseči" pos="X">doseči</wf>
         <wf lemma="sporazum" pos="X">sporazum</wf>
         <wf lemma="," pos="X">,</wf>
         <wf lemma="prav" pos="X">prav</wf>
         <wf lemma="zaradi" pos="X">zaradi</wf>
         <wf lemma="tega" pos="X">tega</wf>
         <wf lemma="dogovorita" pos="X">dogovorita</wf>
         <wf lemma="za" pos="X">za</wf>
         <wf lemma="njeno" pos="X">njeno</wf>
         <wf lemma="prekinitev" pos="X">prekinitev</wf>
         <wf lemma="(" pos="X">(</wf>
         <wf lemma="zadeva" pos="X">zadeva</wf>
         <wf lemma="VIII" pos="X">VIII</wf>
         <wf lemma="-" pos="X">-</wf>
         <wf lemma="Ips" pos="X">Ips</wf>
         <wf lemma="-" pos="X">-</wf>
         <wf lemma="48" pos="X">48</wf>
         <wf lemma="/" pos="X">/</wf>
         <wf lemma="2003" pos="X">2003</wf>
         <wf lemma=")" pos="X">)</wf>
         <wf lemma="." pos="X">.</wf>
      </sentence>
      <sentence id="d000.s819" source="wordnet-slovenian">
         <wf lemma="Brata" pos="X">Brata</wf>
         <wf lemma="Jakopin" pos="X">Jakopin</wf>
         <wf lemma="sta" pos="X">sta</wf>
         <wf lemma="s" pos="X">s</wf>
         <wf lemma="svojo" pos="X">svojo</wf>
         <wf lemma="ekipo" pos="X">ekipo</wf>
         <wf lemma="za" pos="X">za</wf>
         <wf lemma="Bavario" pos="X">Bavario</wf>
         <wf lemma="pripravila" pos="X">pripravila</wf>
         <wf lemma="še" pos="X">še</wf>
         <wf lemma="dve" pos="X">dve</wf>
         <wf lemma="novi" pos="X">novi</wf>
         <wf lemma="jadrnici" pos="X">jadrnici</wf>
         <wf lemma="za" pos="X">za</wf>
         <wf lemma="letošnjo" pos="X">letošnjo</wf>
         <instance id="d000.s819.t000" lemma="sezona" pos="NOUN">sezono</instance>
         <wf lemma="." pos="X">.</wf>
      </sentence>
      <sentence id="d000.s820" source="wordnet-slovenian">
         <wf lemma="Prvi" pos="X">Prvi</wf>
         <wf lemma="v" pos="X">v</wf>
         <wf lemma="vrsti" pos="X">vrsti</wf>
         <wf lemma="so" pos="X">so</wf>
         <instance id="d000.s820.t000" lemma="igra" pos="NOUN">Igre</instance>
         <wf lemma="in" pos="X">in</wf>
         <wf lemma="aplikacije" pos="X">aplikacije</wf>
         <wf lemma="." pos="X">.</wf>
      </sentence>
      <sentence id="d000.s821" source="wordnet-slovenian">
         <wf lemma="Sprašujejo" pos="X">Sprašujejo</wf>
         <wf lemma="pa" pos="X">pa</wf>
         <wf lemma="se" pos="X">se</wf>
         <wf lemma="tudi" pos="X">tudi</wf>
         <wf lemma="," pos="X">,</wf>
         <wf lemma="zakaj" pos="X">zakaj</wf>
         <wf lemma="je" pos="X">je</wf>
         <wf lemma="selitev" pos="X">selitev</wf>
         <wf lemma="iz" pos="X">iz</wf>
         <wf lemma="obstoječega" pos="X">obstoječega</wf>
         <wf lemma="objekta" pos="X">objekta</wf>
         <wf lemma="sploh" pos="X">sploh</wf>
         <wf lemma="potrebna" pos="X">potrebna</wf>
         <wf lemma="," pos="X">,</wf>
         <wf lemma="saj" pos="X">saj</wf>
         <wf lemma="so" pos="X">so</wf>
         <wf lemma="si" pos="X">si</wf>
         <wf lemma="pridobili" pos="X">pridobili</wf>
         <wf lemma="celo" pos="X">celo</wf>
         <wf lemma="rezultate" pos="X">rezultate</wf>
         <wf lemma="ZRMK-ja" pos="X">ZRMK-ja</wf>
         <wf lemma="iz" pos="X">iz</wf>
         <wf lemma="lanskega" pos="X">lanskega</wf>
         <wf lemma="leta" pos="X">leta</wf>
         <wf lemma="," pos="X">,</wf>
         <wf lemma="ki" pos="X">ki</wf>
         <wf lemma="so" pos="X">so</wf>
         <wf lemma="pokazali" pos="X">pokazali</wf>
         <wf lemma="," pos="X">,</wf>
         <wf lemma="da" pos="X">da</wf>
         <wf lemma="je" pos="X">je</wf>
         <instance id="d000.s821.t000" lemma="šola" pos="NOUN">šola</instance>
         <wf lemma="statično" pos="X">statično</wf>
         <wf lemma="varna" pos="X">varna</wf>
         <wf lemma="," pos="X">,</wf>
         <wf lemma="poškodbe" pos="X">poškodbe</wf>
         <wf lemma="pa" pos="X">pa</wf>
         <wf lemma="je" pos="X">je</wf>
         <wf lemma="možno" pos="X">možno</wf>
         <wf lemma="odpraviti" pos="X">odpraviti</wf>
         <wf lemma="." pos="X">.</wf>
      </sentence>
      <sentence id="d000.s822" source="wordnet-slovenian">
         <wf lemma="Po" pos="X">Po</wf>
         <wf lemma="ZDSS" pos="X">ZDSS</wf>
         <wf lemma="je" pos="X">je</wf>
         <wf lemma="bilo" pos="X">bilo</wf>
         <wf lemma="arbitražno" pos="X">arbitražno</wf>
         <wf lemma="odločbo" pos="X">odločbo</wf>
         <wf lemma="mogoče" pos="X">mogoče</wf>
         <wf lemma="izpodbijati" pos="X">izpodbijati</wf>
         <wf lemma="zaradi" pos="X">zaradi</wf>
         <wf lemma="kršitve" pos="X">kršitve</wf>
         <wf lemma="prisilnih" pos="X">prisilnih</wf>
         <wf lemma="predpisov" pos="X">predpisov</wf>
         <wf lemma="ali" pos="X">ali</wf>
         <wf lemma="morale" pos="X">morale</wf>
         <wf lemma="," pos="X">,</wf>
         <wf lemma="po" pos="X">po</wf>
         <wf lemma="ZPP" pos="X">ZPP</wf>
         <wf lemma="pa" pos="X">pa</wf>
         <wf lemma="zaradi" pos="X">zaradi</wf>
         <wf lemma="nasprotovanja" pos="X">nasprotovanja</wf>
         <wf lemma="javnemu" pos="X">javnemu</wf>
         <wf lemma="redu" pos="X">redu</wf>
         <wf lemma="Republike" pos="X">Republike</wf>
         <wf lemma="Slovenije" pos="X">Slovenije</wf>
         <wf lemma="(" pos="X">(</wf>
         <wf lemma="9." pos="X">9.</wf>
         <instance id="d000.s822.t000" lemma="točka" pos="NOUN">točka</instance>
         <wf lemma="477." pos="X">477.</wf>
         <wf lemma="člena" pos="X">člena</wf>
         <wf lemma="ZPP" pos="X">ZPP</wf>
         <wf lemma=")" pos="X">)</wf>
         <wf lemma="." pos="X">.</wf>
      </sentence>
      <sentence id="d000.s823" source="wordnet-slovenian">
         <wf lemma="Vsak" pos="X">Vsak</wf>
         <wf lemma="portfolio" pos="X">portfolio</wf>
         <wf lemma="se" pos="X">se</wf>
         <wf lemma="zaključi" pos="X">zaključi</wf>
         <wf lemma="z" pos="X">z</wf>
         <wf lemma="zapisom" pos="X">zapisom</wf>
         <wf lemma="»" pos="X">»</wf>
         <instance id="d000.s823.t000" lemma="pot" pos="NOUN">poti</instance>
         <wf lemma="," pos="X">,</wf>
         <wf lemma="ki" pos="X">ki</wf>
         <wf lemma="jo" pos="X">jo</wf>
         <wf lemma="je" pos="X">je</wf>
         <wf lemma="otrok" pos="X">otrok</wf>
         <wf lemma="prehodil" pos="X">prehodil</wf>
         <wf lemma="«" pos="X">«</wf>
         <wf lemma="," pos="X">,</wf>
         <wf lemma="ki" pos="X">ki</wf>
         <wf lemma="se" pos="X">se</wf>
         <wf lemma="ga" pos="X">ga</wf>
         <wf lemma="pripravi" pos="X">pripravi</wf>
         <wf lemma="s" pos="X">s</wf>
         <wf lemma="pomočjo" pos="X">pomočjo</wf>
         <wf lemma="prelistavanja" pos="X">prelistavanja</wf>
         <wf lemma="portfolia" pos="X">portfolia</wf>
         <wf lemma="oz." pos="X">oz.</wf>
         <wf lemma="vsega" pos="X">vsega</wf>
         <wf lemma="," pos="X">,</wf>
         <wf lemma="kar" pos="X">kar</wf>
         <wf lemma="je" pos="X">je</wf>
         <wf lemma="bilo" pos="X">bilo</wf>
         <wf lemma="vloženo" pos="X">vloženo</wf>
         <wf lemma="vanj" pos="X">vanj</wf>
         <wf lemma="." pos="X">.</wf>
      </sentence>
      <sentence id="d000.s824" source="wordnet-slovenian">
         <wf lemma="Tavzes" pos="X">Tavzes</wf>
         <wf lemma=":" pos="X">:</wf>
         <wf lemma="Besede" pos="X">Besede</wf>
         <wf lemma="se" pos="X">se</wf>
         <wf lemma="ves" pos="X">ves</wf>
         <wf lemma="čas" pos="X">čas</wf>
         <wf lemma="spreminjajo" pos="X">spreminjajo</wf>
         <wf lemma="," pos="X">,</wf>
         <instance id="d000.s824.t000" lemma="stvar" pos="NOUN">stvar</instance>
         <wf lemma="redakcij" pos="X">redakcij</wf>
         <wf lemma="in" pos="X">in</wf>
         <wf lemma="slovaropiscev" pos="X">slovaropiscev</wf>
         <wf lemma="pa" pos="X">pa</wf>
         <wf lemma="je" pos="X">je</wf>
         <wf lemma="," pos="X">,</wf>
         <wf lemma="koliko" pos="X">koliko</wf>
         <wf lemma="hitro" pos="X">hitro</wf>
         <wf lemma="so" pos="X">so</wf>
         <wf lemma="to" pos="X">to</wf>
         <wf lemma="zmožni" pos="X">zmožni</wf>
         <wf lemma="sprejemati" pos="X">sprejemati</wf>
         <wf lemma="." pos="X">.</wf>
      </sentence>
      <sentence id="d000.s825" source="wordnet-slovenian">
         <wf lemma="»" pos="X">»</wf>
         <wf lemma="Slovenski" pos="X">Slovenski</wf>
         <wf lemma="«" pos="X">«</wf>
         <wf lemma="begunci" pos="X">begunci</wf>
         <wf lemma="so" pos="X">so</wf>
         <wf lemma="že" pos="X">že</wf>
         <wf lemma="lani" pos="X">lani</wf>
         <wf lemma="dobili" pos="X">dobili</wf>
         <wf lemma="skromne" pos="X">skromne</wf>
         <wf lemma="4" pos="X">4</wf>
         <wf lemma="milijone" pos="X">milijone</wf>
         <wf lemma="dolarjev" pos="X">dolarjev</wf>
         <wf lemma="humanitarne" pos="X">humanitarne</wf>
         <wf lemma="pomoči" pos="X">pomoči</wf>
         <wf lemma="," pos="X">,</wf>
         <wf lemma="letos" pos="X">letos</wf>
         <wf lemma="pa" pos="X">pa</wf>
         <wf lemma="je" pos="X">je</wf>
         <instance id="d000.s825.t000" lemma="denar" pos="NOUN">denarja</instance>
         <wf lemma="le" pos="X">le</wf>
         <wf lemma="še" pos="X">še</wf>
         <wf lemma="desetino" pos="X">desetino</wf>
         <wf lemma="lanskega" pos="X">lanskega</wf>
         <wf lemma="." pos="X">.</wf>
      </sentence>
      <sentence id="d000.s826" source="wordnet-slovenian">
         <wf lemma="Ocenjevali" pos="X">Ocenjevali</wf>
         <wf lemma="jih" pos="X">jih</wf>
         <wf lemma="bodo" pos="X">bodo</wf>
         <wf lemma="po" pos="X">po</wf>
         <wf lemma="dveh" pos="X">dveh</wf>
         <wf lemma="in" pos="X">in</wf>
         <wf lemma="po" pos="X">po</wf>
         <wf lemma="štirih" pos="X">štirih</wf>
         <instance id="d000.s826.t000" lemma="leto" pos="NOUN">letih</instance>
         <wf lemma="in" pos="X">in</wf>
         <wf lemma="če" pos="X">če</wf>
         <wf lemma="bo" pos="X">bo</wf>
         <wf lemma="ocena" pos="X">ocena</wf>
         <wf lemma="ugodna" pos="X">ugodna</wf>
         <wf lemma="," pos="X">,</wf>
         <wf lemma="se" pos="X">se</wf>
         <wf lemma="bodo" pos="X">bodo</wf>
         <wf lemma="naslednjič" pos="X">naslednjič</wf>
         <wf lemma="znašli" pos="X">znašli</wf>
         <wf lemma="pod" pos="X">pod</wf>
         <wf lemma="drobnogledom" pos="X">drobnogledom</wf>
         <wf lemma="čez" pos="X">čez</wf>
         <wf lemma="šest" pos="X">šest</wf>
         <wf lemma="let" pos="X">let</wf>
         <wf lemma="." pos="X">.</wf>
      </sentence>
      <sentence id="d000.s827" source="wordnet-slovenian">
         <wf lemma="Na" pos="X">Na</wf>
         <wf lemma="3." pos="X">3.</wf>
         <wf lemma="strani" pos="X">strani</wf>
         <wf lemma="spodaj" pos="X">spodaj</wf>
         <wf lemma="imamo" pos="X">imamo</wf>
         <wf lemma="amandma" pos="X">amandma</wf>
         <wf lemma="pod" pos="X">pod</wf>
         <wf lemma="1." pos="X">1.</wf>
         <instance id="d000.s827.t000" lemma="točka" pos="NOUN">točko</instance>
         <wf lemma="predlagatelja" pos="X">predlagatelja</wf>
         <wf lemma="dr." pos="X">dr.</wf>
         <wf lemma="Lea" pos="X">Lea</wf>
         <wf lemma="Šešerka" pos="X">Šešerka</wf>
         <wf lemma="in" pos="X">in</wf>
         <wf lemma="Franca" pos="X">Franca</wf>
         <wf lemma="Lipoglavška" pos="X">Lipoglavška</wf>
         <wf lemma="." pos="X">.</wf>
      </sentence>
      <sentence id="d000.s828" source="wordnet-slovenian">
         <wf lemma="Če" pos="X">Če</wf>
         <wf lemma="pa" pos="X">pa</wf>
         <wf lemma="bo" pos="X">bo</wf>
         <wf lemma="slovenska" pos="X">slovenska</wf>
         <instance id="d000.s828.t000" lemma="država" pos="NOUN">država</instance>
         <wf lemma="želela" pos="X">želela</wf>
         <wf lemma="tudi" pos="X">tudi</wf>
         <wf lemma="v" pos="X">v</wf>
         <wf lemma="prihodnje" pos="X">prihodnje</wf>
         <wf lemma="dosegati" pos="X">dosegati</wf>
         <wf lemma="z" pos="X">z</wf>
         <wf lemma="domsko" pos="X">domsko</wf>
         <wf lemma="vzgojo" pos="X">vzgojo</wf>
         <wf lemma="dobre" pos="X">dobre</wf>
         <wf lemma="rezultate" pos="X">rezultate</wf>
         <wf lemma="," pos="X">,</wf>
         <wf lemma="bo" pos="X">bo</wf>
         <wf lemma="morala" pos="X">morala</wf>
         <wf lemma="," pos="X">,</wf>
         <wf lemma="kot" pos="X">kot</wf>
         <wf lemma="pravi" pos="X">pravi</wf>
         <wf lemma="sedanji" pos="X">sedanji</wf>
         <wf lemma="direktor" pos="X">direktor</wf>
         <wf lemma="doma" pos="X">doma</wf>
         <wf lemma="Marjan" pos="X">Marjan</wf>
         <wf lemma="Grahut" pos="X">Grahut</wf>
         <wf lemma="," pos="X">,</wf>
         <wf lemma="več" pos="X">več</wf>
         <wf lemma="vlagati" pos="X">vlagati</wf>
         <wf lemma="v" pos="X">v</wf>
         <wf lemma="bivalne" pos="X">bivalne</wf>
         <wf lemma="razmere" pos="X">razmere</wf>
         <wf lemma="in" pos="X">in</wf>
         <wf lemma="sodobnejšo" pos="X">sodobnejšo</wf>
         <wf lemma="tehnologijo" pos="X">tehnologijo</wf>
         <wf lemma="." pos="X">.</wf>
      </sentence>
      <sentence id="d000.s829" source="wordnet-slovenian">
         <wf lemma="Poglavitni" pos="X">Poglavitni</wf>
         <wf lemma="problem" pos="X">problem</wf>
         <wf lemma="je" pos="X">je</wf>
         <wf lemma="," pos="X">,</wf>
         <wf lemma="da" pos="X">da</wf>
         <wf lemma="Leva" pos="X">Leva</wf>
         <wf lemma="zanima" pos="X">zanima</wf>
         <wf lemma="predvsem" pos="X">predvsem</wf>
         <wf lemma="telesna" pos="X">telesna</wf>
         <wf lemma="," pos="X">,</wf>
         <wf lemma="Vodnarja" pos="X">Vodnarja</wf>
         <wf lemma="pa" pos="X">pa</wf>
         <wf lemma="duhovna" pos="X">duhovna</wf>
         <wf lemma="plat" pos="X">plat</wf>
         <instance id="d000.s829.t000" lemma="življenje" pos="NOUN">življenja</instance>
         <wf lemma="." pos="X">.</wf>
      </sentence>
      <sentence id="d000.s830" source="wordnet-slovenian">
         <wf lemma="Roditi" pos="X">Roditi</wf>
         <wf lemma="želim" pos="X">želim</wf>
         <wf lemma="po" pos="X">po</wf>
         <wf lemma="naravni" pos="X">naravni</wf>
         <instance id="d000.s830.t000" lemma="pot" pos="NOUN">poti</instance>
         <wf lemma="brez" pos="X">brez</wf>
         <wf lemma="lajšanja" pos="X">lajšanja</wf>
         <wf lemma="bolečin" pos="X">bolečin</wf>
         <wf lemma="," pos="X">,</wf>
         <wf lemma="ker" pos="X">ker</wf>
         <wf lemma="menim" pos="X">menim</wf>
         <wf lemma="," pos="X">,</wf>
         <wf lemma="da" pos="X">da</wf>
         <wf lemma="bolečina" pos="X">bolečina</wf>
         <wf lemma="poveže" pos="X">poveže</wf>
         <wf lemma="mamo" pos="X">mamo</wf>
         <wf lemma="in" pos="X">in</wf>
         <wf lemma="otroka" pos="X">otroka</wf>
         <wf lemma="." pos="X">.</wf>
      </sentence>
      <sentence id="d000.s831" source="wordnet-slovenian">
         <wf lemma="To" pos="X">To</wf>
         <wf lemma="dejstvo" pos="X">dejstvo</wf>
         <wf lemma="nam" pos="X">nam</wf>
         <wf lemma="omogoča" pos="X">omogoča</wf>
         <wf lemma="," pos="X">,</wf>
         <wf lemma="da" pos="X">da</wf>
         <wf lemma="tudi" pos="X">tudi</wf>
         <wf lemma="brez" pos="X">brez</wf>
         <instance id="d000.s831.t000" lemma="uporaba" pos="NOUN">uporabe</instance>
         <wf lemma="kompasa" pos="X">kompasa</wf>
         <wf lemma="ali" pos="X">ali</wf>
         <wf lemma="podobnih" pos="X">podobnih</wf>
         <wf lemma="pripomočkov" pos="X">pripomočkov</wf>
         <wf lemma="zlahka" pos="X">zlahka</wf>
         <wf lemma="ocenimo" pos="X">ocenimo</wf>
         <wf lemma="," pos="X">,</wf>
         <wf lemma="v" pos="X">v</wf>
         <wf lemma="katero" pos="X">katero</wf>
         <wf lemma="smer" pos="X">smer</wf>
         <wf lemma="bo" pos="X">bo</wf>
         <wf lemma="jadrnica" pos="X">jadrnica</wf>
         <wf lemma="plula" pos="X">plula</wf>
         <wf lemma="po" pos="X">po</wf>
         <wf lemma="prečenju" pos="X">prečenju</wf>
         <wf lemma="." pos="X">.</wf>
      </sentence>
      <sentence id="d000.s832" source="wordnet-slovenian">
         <wf lemma="Vse" pos="X">Vse</wf>
         <wf lemma="do" pos="X">do</wf>
         <wf lemma="Gerharda" pos="X">Gerharda</wf>
         <wf lemma="Schröderja" pos="X">Schröderja</wf>
         <wf lemma="je" pos="X">je</wf>
         <wf lemma="imela" pos="X">imela</wf>
         <wf lemma="to" pos="X">to</wf>
         <instance id="d000.s832.t000" lemma="vloga" pos="NOUN">vlogo</instance>
         <wf lemma="imela" pos="X">imela</wf>
         <wf lemma="Nemčija" pos="X">Nemčija</wf>
         <wf lemma="," pos="X">,</wf>
         <wf lemma="ki" pos="X">ki</wf>
         <wf lemma="zdaj" pos="X">zdaj</wf>
         <wf lemma="nima" pos="X">nima</wf>
         <wf lemma="več" pos="X">več</wf>
         <wf lemma="ne" pos="X">ne</wf>
         <wf lemma="volje" pos="X">volje</wf>
         <wf lemma="ne" pos="X">ne</wf>
         <wf lemma="sredstev" pos="X">sredstev</wf>
         <wf lemma="za" pos="X">za</wf>
         <wf lemma="nenehno" pos="X">nenehno</wf>
         <wf lemma="žrtvovanje" pos="X">žrtvovanje</wf>
         <wf lemma="za" pos="X">za</wf>
         <wf lemma="skupno" pos="X">skupno</wf>
         <wf lemma="dobro" pos="X">dobro</wf>
         <wf lemma="." pos="X">.</wf>
      </sentence>
      <sentence id="d000.s833" source="wordnet-slovenian">
         <wf lemma="VODNAR" pos="X">VODNAR</wf>
         <wf lemma="in" pos="X">in</wf>
         <wf lemma="LEV" pos="X">LEV</wf>
         <wf lemma=":" pos="X">:</wf>
         <wf lemma="Na" pos="X">Na</wf>
         <instance id="d000.s833.t000" lemma="začetek" pos="NOUN">začetku</instance>
         <wf lemma="se" pos="X">se</wf>
         <wf lemma="zdi" pos="X">zdi</wf>
         <wf lemma="njuno" pos="X">njuno</wf>
         <wf lemma="razmerje" pos="X">razmerje</wf>
         <wf lemma="vznemirljivo" pos="X">vznemirljivo</wf>
         <wf lemma="in" pos="X">in</wf>
         <wf lemma="obetavno" pos="X">obetavno</wf>
         <wf lemma="," pos="X">,</wf>
         <wf lemma="sčasoma" pos="X">sčasoma</wf>
         <wf lemma="pa" pos="X">pa</wf>
         <wf lemma="lahko" pos="X">lahko</wf>
         <wf lemma="pride" pos="X">pride</wf>
         <wf lemma="do" pos="X">do</wf>
         <wf lemma="prave" pos="X">prave</wf>
         <wf lemma="zmešnjave" pos="X">zmešnjave</wf>
         <wf lemma="." pos="X">.</wf>
      </sentence>
      <sentence id="d000.s834" source="wordnet-slovenian">
         <wf lemma="Gostitelji" pos="X">Gostitelji</wf>
         <wf lemma="so" pos="X">so</wf>
         <wf lemma="z" pos="X">z</wf>
         <wf lemma="delnim" pos="X">delnim</wf>
         <wf lemma="izidom" pos="X">izidom</wf>
         <wf lemma="6:0" pos="X">6:0</wf>
         <wf lemma="v" pos="X">v</wf>
         <wf lemma="devetih" pos="X">devetih</wf>
         <instance id="d000.s834.t000" lemma="minuta" pos="NOUN">minutah</instance>
         <wf lemma="prišli" pos="X">prišli</wf>
         <wf lemma="do" pos="X">do</wf>
         <wf lemma="prve" pos="X">prve</wf>
         <wf lemma="visoke" pos="X">visoke</wf>
         <wf lemma="prednosti" pos="X">prednosti</wf>
         <wf lemma="(" pos="X">(</wf>
         <wf lemma="10:5" pos="X">10:5</wf>
         <wf lemma=")" pos="X">)</wf>
         <wf lemma="," pos="X">,</wf>
         <wf lemma="predvsem" pos="X">predvsem</wf>
         <wf lemma="po" pos="X">po</wf>
         <wf lemma="zaslugi" pos="X">zaslugi</wf>
         <wf lemma="Pajoviča" pos="X">Pajoviča</wf>
         <wf lemma="," pos="X">,</wf>
         <wf lemma="ki" pos="X">ki</wf>
         <wf lemma="je" pos="X">je</wf>
         <wf lemma="rešetal" pos="X">rešetal</wf>
         <wf lemma="mrežo" pos="X">mrežo</wf>
         <wf lemma="sicer" pos="X">sicer</wf>
         <wf lemma="solidnega" pos="X">solidnega</wf>
         <wf lemma="Hombradosa" pos="X">Hombradosa</wf>
         <wf lemma="(" pos="X">(</wf>
         <wf lemma="skupaj" pos="X">skupaj</wf>
         <wf lemma="13" pos="X">13</wf>
         <wf lemma="obramb" pos="X">obramb</wf>
         <wf lemma=")" pos="X">)</wf>
         <wf lemma="," pos="X">,</wf>
         <wf lemma="Ademar" pos="X">Ademar</wf>
         <wf lemma="pa" pos="X">pa</wf>
         <wf lemma="kar" pos="X">kar</wf>
         <wf lemma="12" pos="X">12</wf>
         <wf lemma="minut" pos="X">minut</wf>
         <wf lemma="ni" pos="X">ni</wf>
         <wf lemma="dosegel" pos="X">dosegel</wf>
         <wf lemma="zadetka" pos="X">zadetka</wf>
         <wf lemma="iz" pos="X">iz</wf>
         <wf lemma="igre" pos="X">igre</wf>
         <wf lemma="." pos="X">.</wf>
      </sentence>
      <sentence id="d000.s835" source="wordnet-slovenian">
         <wf lemma="Inkubacijska" pos="X">Inkubacijska</wf>
         <wf lemma="doba" pos="X">doba</wf>
         <wf lemma="," pos="X">,</wf>
         <wf lemma="to" pos="X">to</wf>
         <wf lemma="je" pos="X">je</wf>
         <wf lemma="obdobje" pos="X">obdobje</wf>
         <wf lemma="od" pos="X">od</wf>
         <wf lemma="okužbe" pos="X">okužbe</wf>
         <wf lemma="do" pos="X">do</wf>
         <wf lemma="pojava" pos="X">pojava</wf>
         <wf lemma="kliničnih" pos="X">kliničnih</wf>
         <wf lemma="znakov" pos="X">znakov</wf>
         <wf lemma="bolezni" pos="X">bolezni</wf>
         <wf lemma="," pos="X">,</wf>
         <wf lemma="je" pos="X">je</wf>
         <wf lemma="lahko" pos="X">lahko</wf>
         <wf lemma="dolga" pos="X">dolga</wf>
         <wf lemma="nekaj" pos="X">nekaj</wf>
         <instance id="d000.s835.t000" lemma="mesec" pos="NOUN">mesecev</instance>
         <wf lemma="ali" pos="X">ali</wf>
         <wf lemma="nekaj" pos="X">nekaj</wf>
         <wf lemma="let" pos="X">let</wf>
         <wf lemma="." pos="X">.</wf>
      </sentence>
      <sentence id="d000.s836" source="wordnet-slovenian">
         <wf lemma="Najprej" pos="X">Najprej</wf>
         <wf lemma="," pos="X">,</wf>
         <wf lemma="na" pos="X">na</wf>
         <wf lemma="voljo" pos="X">voljo</wf>
         <wf lemma="imamo" pos="X">imamo</wf>
         <instance id="d000.s836.t000" lemma="delo" pos="NOUN">delo</instance>
         <wf lemma="Geralda" pos="X">Geralda</wf>
         <wf lemma="in" pos="X">in</wf>
         <wf lemma="Valerie" pos="X">Valerie</wf>
         <wf lemma="Mars" pos="X">Mars</wf>
         <wf lemma="o" pos="X">o</wf>
         <wf lemma="kulturni" pos="X">kulturni</wf>
         <wf lemma="razvrstitvi" pos="X">razvrstitvi</wf>
         <wf lemma="londonskih" pos="X">londonskih</wf>
         <wf lemma="gospodinjstev" pos="X">gospodinjstev</wf>
         <wf lemma="." pos="X">.</wf>
      </sentence>
      <sentence id="d000.s837" source="wordnet-slovenian">
         <wf lemma="POGODBA" pos="X">POGODBA</wf>
         <wf lemma="O" pos="X">O</wf>
         <wf lemma="ZAPOSLITVI" pos="X">ZAPOSLITVI</wf>
         <wf lemma="ZA" pos="X">ZA</wf>
         <wf lemma="DOPOLNILNO" pos="X">DOPOLNILNO</wf>
         <wf lemma="DELO" pos="X">DELO</wf>
         <wf lemma="PRENEHA" pos="X">PRENEHA</wf>
         <wf lemma="VELJATI" pos="X">VELJATI</wf>
         <wf lemma="PO" pos="X">PO</wf>
         <wf lemma="POTEKU" pos="X">POTEKU</wf>
         <wf lemma="DOGOVORJENEGA" pos="X">DOGOVORJENEGA</wf>
         <wf lemma="ČASA" pos="X">ČASA</wf>
         <wf lemma="(" pos="X">(</wf>
         <wf lemma="IZ" pos="X">IZ</wf>
         <wf lemma="ČESAR" pos="X">ČESAR</wf>
         <wf lemma="IZHAJA" pos="X">IZHAJA</wf>
         <wf lemma="," pos="X">,</wf>
         <wf lemma="DA" pos="X">DA</wf>
         <wf lemma="JE" pos="X">JE</wf>
         <wf lemma="TAKŠNO" pos="X">TAKŠNO</wf>
         <wf lemma="POGODBO" pos="X">POGODBO</wf>
         <wf lemma="DOPUSTNO" pos="X">DOPUSTNO</wf>
         <wf lemma="SKLENITI" pos="X">SKLENITI</wf>
         <wf lemma="TUDI" pos="X">TUDI</wf>
         <wf lemma="ZA" pos="X">ZA</wf>
         <wf lemma="DOLOČEN" pos="X">DOLOČEN</wf>
         <wf lemma="ČAS" pos="X">ČAS</wf>
         <wf lemma="," pos="X">,</wf>
         <wf lemma="LAHKO" pos="X">LAHKO</wf>
         <wf lemma="PA" pos="X">PA</wf>
         <wf lemma="TUDI" pos="X">TUDI</wf>
         <wf lemma="ZA" pos="X">ZA</wf>
         <wf lemma="NEDOLOČEN" pos="X">NEDOLOČEN</wf>
         <wf lemma="ČAS" pos="X">ČAS</wf>
         <wf lemma=")" pos="X">)</wf>
         <wf lemma="ALI" pos="X">ALI</wf>
         <wf lemma="ČE" pos="X">ČE</wf>
         <wf lemma="JE" pos="X">JE</wf>
         <wf lemma="UMAKNJENO" pos="X">UMAKNJENO</wf>
         <wf lemma="SOGLASJE" pos="X">SOGLASJE</wf>
         <wf lemma="DELODAJALCA" pos="X">DELODAJALCA</wf>
         <wf lemma="," pos="X">,</wf>
         <wf lemma="KJER" pos="X">KJER</wf>
         <wf lemma="JE" pos="X">JE</wf>
         <instance id="d000.s837.t000" lemma="delavec" pos="NOUN">DELAVEC</instance>
         <wf lemma="ZAPOSLEN" pos="X">ZAPOSLEN</wf>
         <wf lemma="S" pos="X">S</wf>
         <wf lemma="POLNIM" pos="X">POLNIM</wf>
         <wf lemma="DELOVNIM" pos="X">DELOVNIM</wf>
         <wf lemma="ČASOM" pos="X">ČASOM</wf>
         <wf lemma="." pos="X">.</wf>
      </sentence>
      <sentence id="d000.s838" source="wordnet-slovenian">
         <wf lemma="ČLENU" pos="X">ČLENU</wf>
         <wf lemma="ZJU" pos="X">ZJU</wf>
         <wf lemma="DOLOČA" pos="X">DOLOČA</wf>
         <wf lemma="," pos="X">,</wf>
         <wf lemma="DA" pos="X">DA</wf>
         <instance id="d000.s838.t000" lemma="pravica" pos="NOUN">PRAVICE</instance>
         <wf lemma="IN" pos="X">IN</wf>
         <wf lemma="DOLŽNOSTI" pos="X">DOLŽNOSTI</wf>
         <wf lemma="DELODAJALCA" pos="X">DELODAJALCA</wf>
         <wf lemma="V" pos="X">V</wf>
         <wf lemma="ORGANU" pos="X">ORGANU</wf>
         <wf lemma="DRŽAVNE" pos="X">DRŽAVNE</wf>
         <wf lemma="UPRAVE" pos="X">UPRAVE</wf>
         <wf lemma="IN" pos="X">IN</wf>
         <wf lemma="V" pos="X">V</wf>
         <wf lemma="UPRAVI" pos="X">UPRAVI</wf>
         <wf lemma="LOKALNE" pos="X">LOKALNE</wf>
         <wf lemma="SKUPNOSTI" pos="X">SKUPNOSTI</wf>
         <wf lemma="IZVRŠUJE" pos="X">IZVRŠUJE</wf>
         <wf lemma="PREDSTOJNIK" pos="X">PREDSTOJNIK</wf>
         <wf lemma="." pos="X">.</wf>
      </sentence>
      <sentence id="d000.s839" source="wordnet-slovenian">
         <wf lemma="Nekateri" pos="X">Nekateri</wf>
         <wf lemma="znanstveniki" pos="X">znanstveniki</wf>
         <wf lemma="vidijo" pos="X">vidijo</wf>
         <wf lemma="gensko" pos="X">gensko</wf>
         <wf lemma="tehnologijo" pos="X">tehnologijo</wf>
         <wf lemma="kot" pos="X">kot</wf>
         <wf lemma="podaljšek" pos="X">podaljšek</wf>
         <wf lemma="klasičnega" pos="X">klasičnega</wf>
         <wf lemma="križanja" pos="X">križanja</wf>
         <wf lemma="oziroma" pos="X">oziroma</wf>
         <wf lemma="kot" pos="X">kot</wf>
         <wf lemma="eno" pos="X">eno</wf>
         <wf lemma="izmed" pos="X">izmed</wf>
         <wf lemma="metod" pos="X">metod</wf>
         <wf lemma="žlahtnenja" pos="X">žlahtnenja</wf>
         <wf lemma="," pos="X">,</wf>
         <wf lemma="ki" pos="X">ki</wf>
         <wf lemma="nam" pos="X">nam</wf>
         <wf lemma="je" pos="X">je</wf>
         <wf lemma="danes" pos="X">danes</wf>
         <wf lemma="omogočena" pos="X">omogočena</wf>
         <wf lemma="zaradi" pos="X">zaradi</wf>
         <instance id="d000.s839.t000" lemma="razvoj" pos="NOUN">razvoja</instance>
         <wf lemma="in" pos="X">in</wf>
         <wf lemma="ravni" pos="X">ravni</wf>
         <wf lemma="znanja" pos="X">znanja</wf>
         <wf lemma="," pos="X">,</wf>
         <wf lemma="s" pos="X">s</wf>
         <wf lemma="katerim" pos="X">katerim</wf>
         <wf lemma="razpolagamo" pos="X">razpolagamo</wf>
         <wf lemma="." pos="X">.</wf>
      </sentence>
      <sentence id="d000.s840" source="wordnet-slovenian">
         <wf lemma="Vsa" pos="X">Vsa</wf>
         <wf lemma="druga" pos="X">druga</wf>
         <instance id="d000.s840.t000" lemma="razmerje" pos="NOUN">razmerja</instance>
         <wf lemma="pa" pos="X">pa</wf>
         <wf lemma="prestavljajo" pos="X">prestavljajo</wf>
         <wf lemma="svet" pos="X">svet</wf>
         <wf lemma="prijateljstva" pos="X">prijateljstva</wf>
         <wf lemma="," pos="X">,</wf>
         <wf lemma="ljubezni" pos="X">ljubezni</wf>
         <wf lemma="in" pos="X">in</wf>
         <wf lemma="žrtvovanja" pos="X">žrtvovanja</wf>
         <wf lemma=":" pos="X">:</wf>
         <wf lemma="Antonio" pos="X">Antonio</wf>
         <wf lemma="-" pos="X">-</wf>
         <wf lemma="Bassanio" pos="X">Bassanio</wf>
         <wf lemma="," pos="X">,</wf>
         <wf lemma="Bassanio" pos="X">Bassanio</wf>
         <wf lemma="-" pos="X">-</wf>
         <wf lemma="Porzia" pos="X">Porzia</wf>
         <wf lemma="," pos="X">,</wf>
         <wf lemma="Lorenco" pos="X">Lorenco</wf>
         <wf lemma="-" pos="X">-</wf>
         <wf lemma="Jessica" pos="X">Jessica</wf>
         <wf lemma="," pos="X">,</wf>
         <wf lemma="Graziano" pos="X">Graziano</wf>
         <wf lemma="-" pos="X">-</wf>
         <wf lemma="Nerissa" pos="X">Nerissa</wf>
         <wf lemma="." pos="X">.</wf>
         <wf lemma="." pos="X">.</wf>
         <wf lemma="." pos="X">.</wf>
      </sentence>
      <sentence id="d000.s841" source="wordnet-slovenian">
         <wf lemma="Gre" pos="X">Gre</wf>
         <wf lemma="za" pos="X">za</wf>
         <wf lemma="najdaljšo" pos="X">najdaljšo</wf>
         <wf lemma="kazen" pos="X">kazen</wf>
         <wf lemma="zaradi" pos="X">zaradi</wf>
         <wf lemma="kokaina" pos="X">kokaina</wf>
         <wf lemma="," pos="X">,</wf>
         <wf lemma="ki" pos="X">ki</wf>
         <wf lemma="jo" pos="X">jo</wf>
         <wf lemma="je" pos="X">je</wf>
         <wf lemma="izrekla" pos="X">izrekla</wf>
         <wf lemma="italijanska" pos="X">italijanska</wf>
         <wf lemma="nogometna" pos="X">nogometna</wf>
         <instance id="d000.s841.t000" lemma="zveza" pos="NOUN">zveza</instance>
         <wf lemma="." pos="X">.</wf>
      </sentence>
      <sentence id="d000.s842" source="wordnet-slovenian">
         <wf lemma="Bržčas" pos="X">Bržčas</wf>
         <wf lemma="pa" pos="X">pa</wf>
         <wf lemma="so" pos="X">so</wf>
         <wf lemma="si" pos="X">si</wf>
         <wf lemma="tudi" pos="X">tudi</wf>
         <wf lemma="želele" pos="X">želele</wf>
         <wf lemma="iz" pos="X">iz</wf>
         <wf lemma="oči" pos="X">oči</wf>
         <wf lemma="v" pos="X">v</wf>
         <wf lemma="oči" pos="X">oči</wf>
         <wf lemma="videti" pos="X">videti</wf>
         <instance id="d000.s842.t000" lemma="ženska" pos="NOUN">žensko</instance>
         <wf lemma="," pos="X">,</wf>
         <wf lemma="pisateljico" pos="X">pisateljico</wf>
         <wf lemma="," pos="X">,</wf>
         <wf lemma="ki" pos="X">ki</wf>
         <wf lemma="si" pos="X">si</wf>
         <wf lemma="je" pos="X">je</wf>
         <wf lemma="vendarle" pos="X">vendarle</wf>
         <wf lemma="zagotovila" pos="X">zagotovila</wf>
         <wf lemma="trdno" pos="X">trdno</wf>
         <wf lemma="mesto" pos="X">mesto</wf>
         <wf lemma="na" pos="X">na</wf>
         <wf lemma="sočasni" pos="X">sočasni</wf>
         <wf lemma="literarni" pos="X">literarni</wf>
         <wf lemma="sceni" pos="X">sceni</wf>
         <wf lemma="." pos="X">.</wf>
      </sentence>
      <sentence id="d000.s843" source="wordnet-slovenian">
         <wf lemma="No" pos="X">No</wf>
         <wf lemma="," pos="X">,</wf>
         <wf lemma="mislim" pos="X">mislim</wf>
         <wf lemma="," pos="X">,</wf>
         <wf lemma="če" pos="X">če</wf>
         <wf lemma="sta" pos="X">sta</wf>
         <wf lemma="se" pos="X">se</wf>
         <wf lemma="zadnje" pos="X">zadnje</wf>
         <instance id="d000.s843.t000" lemma="čas" pos="NOUN">čase</instance>
         <wf lemma="prepirala" pos="X">prepirala</wf>
         <wf lemma="?" pos="X">?</wf>
      </sentence>
      <sentence id="d000.s844" source="wordnet-slovenian">
         <wf lemma="Pravzaprav" pos="X">Pravzaprav</wf>
         <wf lemma="imate" pos="X">imate</wf>
         <wf lemma="tako" pos="X">tako</wf>
         <wf lemma="malo" pos="X">malo</wf>
         <instance id="d000.s844.t000" lemma="možnost" pos="NOUN">možnosti</instance>
         <wf lemma="," pos="X">,</wf>
         <wf lemma="da" pos="X">da</wf>
         <wf lemma="bi" pos="X">bi</wf>
         <wf lemma="ga" pos="X">ga</wf>
         <wf lemma="od" pos="X">od</wf>
         <wf lemma="njegovega" pos="X">njegovega</wf>
         <wf lemma="namena" pos="X">namena</wf>
         <wf lemma="odvrnili" pos="X">odvrnili</wf>
         <wf lemma="," pos="X">,</wf>
         <wf lemma="kot" pos="X">kot</wf>
         <wf lemma="če" pos="X">če</wf>
         <wf lemma="bi" pos="X">bi</wf>
         <wf lemma="poskušali" pos="X">poskušali</wf>
         <wf lemma="skreniti" pos="X">skreniti</wf>
         <wf lemma="tok" pos="X">tok</wf>
         <wf lemma="deroče" pos="X">deroče</wf>
         <wf lemma="reke" pos="X">reke</wf>
         <wf lemma="!" pos="X">!</wf>
      </sentence>
      <sentence id="d000.s845" source="wordnet-slovenian">
         <wf lemma="V" pos="X">V</wf>
         <wf lemma="Šmartnem" pos="X">Šmartnem</wf>
         <wf lemma="so" pos="X">so</wf>
         <wf lemma="se" pos="X">se</wf>
         <wf lemma="pred" pos="X">pred</wf>
         <wf lemma="začetkom" pos="X">začetkom</wf>
         <instance id="d000.s845.t000" lemma="sezona" pos="NOUN">sezone</instance>
         <wf lemma="soočili" pos="X">soočili</wf>
         <wf lemma="z" pos="X">z</wf>
         <wf lemma="nekaj" pos="X">nekaj</wf>
         <wf lemma="neprijetnostmi" pos="X">neprijetnostmi</wf>
         <wf lemma="," pos="X">,</wf>
         <wf lemma="ki" pos="X">ki</wf>
         <wf lemma="pa" pos="X">pa</wf>
         <wf lemma="so" pos="X">so</wf>
         <wf lemma="jih" pos="X">jih</wf>
         <wf lemma="uspešno" pos="X">uspešno</wf>
         <wf lemma="prebrodili" pos="X">prebrodili</wf>
         <wf lemma="." pos="X">.</wf>
      </sentence>
      <sentence id="d000.s846" source="wordnet-slovenian">
         <wf lemma="SICER" pos="X">SICER</wf>
         <wf lemma="NAČITANI" pos="X">NAČITANI</wf>
         <wf lemma="INŠPEKTOR" pos="X">INŠPEKTOR</wf>
         <wf lemma="MORA" pos="X">MORA</wf>
         <wf lemma="POGLEDATI" pos="X">POGLEDATI</wf>
         <wf lemma="V" pos="X">V</wf>
         <wf lemma="DEBELE" pos="X">DEBELE</wf>
         <wf lemma="SLOVARJE" pos="X">SLOVARJE</wf>
         <wf lemma="," pos="X">,</wf>
         <wf lemma="DA" pos="X">DA</wf>
         <wf lemma="NAJDE" pos="X">NAJDE</wf>
         <wf lemma="RAZLAGO" pos="X">RAZLAGO</wf>
         <wf lemma="BESEDE" pos="X">BESEDE</wf>
         <wf lemma="EONIZEM" pos="X">EONIZEM</wf>
         <wf lemma="," pos="X">,</wf>
         <wf lemma="KI" pos="X">KI</wf>
         <wf lemma="JO" pos="X">JO</wf>
         <wf lemma="JE" pos="X">JE</wf>
         <wf lemma="LETA" pos="X">LETA</wf>
         <wf lemma="1928" pos="X">1928</wf>
         <wf lemma="VPELJAL" pos="X">VPELJAL</wf>
         <wf lemma="SEKSOLOG" pos="X">SEKSOLOG</wf>
         <wf lemma="HAVELOCK" pos="X">HAVELOCK</wf>
         <wf lemma="ELLIS" pos="X">ELLIS</wf>
         <wf lemma="V" pos="X">V</wf>
         <instance id="d000.s846.t000" lemma="knjiga" pos="NOUN">KNJIGI</instance>
         <wf lemma="ŠTUDIJE" pos="X">ŠTUDIJE</wf>
         <wf lemma="O" pos="X">O</wf>
         <wf lemma="PSIHOLOGIJI" pos="X">PSIHOLOGIJI</wf>
         <wf lemma="SPOLNOSTI" pos="X">SPOLNOSTI</wf>
         <wf lemma="," pos="X">,</wf>
         <wf lemma="EONIZMU" pos="X">EONIZMU</wf>
         <wf lemma="IN" pos="X">IN</wf>
         <wf lemma="DRUGE" pos="X">DRUGE</wf>
         <wf lemma="ŠTUDIJE" pos="X">ŠTUDIJE</wf>
         <wf lemma="." pos="X">.</wf>
      </sentence>
      <sentence id="d000.s847" source="wordnet-slovenian">
         <wf lemma="&quot;" pos="X">&quot;</wf>
         <wf lemma="Francozi" pos="X">Francozi</wf>
         <wf lemma="so" pos="X">so</wf>
         <wf lemma="po" pos="X">po</wf>
         <wf lemma="njegovem" pos="X">njegovem</wf>
         <instance id="d000.s847.t000" lemma="mnenje" pos="NOUN">mnenju</instance>
         <wf lemma="igrali" pos="X">igrali</wf>
         <wf lemma="dobro" pos="X">dobro</wf>
         <wf lemma="tudi" pos="X">tudi</wf>
         <wf lemma="v" pos="X">v</wf>
         <wf lemma="obrambi" pos="X">obrambi</wf>
         <wf lemma="." pos="X">.</wf>
      </sentence>
      <sentence id="d000.s848" source="wordnet-slovenian">
         <wf lemma="Napačno" pos="X">Napačno</wf>
         <wf lemma="je" pos="X">je</wf>
         <wf lemma="mišljenje" pos="X">mišljenje</wf>
         <wf lemma="," pos="X">,</wf>
         <wf lemma="da" pos="X">da</wf>
         <wf lemma="so" pos="X">so</wf>
         <wf lemma="mu" pos="X">mu</wf>
         <wf lemma="bila" pos="X">bila</wf>
         <wf lemma="vrata" pos="X">vrata</wf>
         <wf lemma="na" pos="X">na</wf>
         <wf lemma="vrh" pos="X">vrh</wf>
         <wf lemma="hrvaške" pos="X">hrvaške</wf>
         <wf lemma="glasbene" pos="X">glasbene</wf>
         <wf lemma="scene" pos="X">scene</wf>
         <wf lemma="zaradi" pos="X">zaradi</wf>
         <wf lemma="znanega" pos="X">znanega</wf>
         <wf lemma="očeta" pos="X">očeta</wf>
         <wf lemma="in" pos="X">in</wf>
         <wf lemma="uspešne" pos="X">uspešne</wf>
         <wf lemma="mame" pos="X">mame</wf>
         <wf lemma="na" pos="X">na</wf>
         <wf lemma="široko" pos="X">široko</wf>
         <wf lemma="odprta" pos="X">odprta</wf>
         <wf lemma="," pos="X">,</wf>
         <wf lemma="zvezda" pos="X">zvezda</wf>
         <wf lemma="iz" pos="X">iz</wf>
         <wf lemma="sosednje" pos="X">sosednje</wf>
         <wf lemma="države" pos="X">države</wf>
         <wf lemma="s" pos="X">s</wf>
         <wf lemma="slovenskimi" pos="X">slovenskimi</wf>
         <wf lemma="koreninami" pos="X">koreninami</wf>
         <wf lemma="odkriva" pos="X">odkriva</wf>
         <wf lemma="," pos="X">,</wf>
         <wf lemma="da" pos="X">da</wf>
         <wf lemma="je" pos="X">je</wf>
         <wf lemma="proti" pos="X">proti</wf>
         <wf lemma="svojim" pos="X">svojim</wf>
         <wf lemma="ciljem" pos="X">ciljem</wf>
         <wf lemma="moral" pos="X">moral</wf>
         <wf lemma="vedno" pos="X">vedno</wf>
         <wf lemma="stopati" pos="X">stopati</wf>
         <wf lemma="po" pos="X">po</wf>
         <wf lemma="težji" pos="X">težji</wf>
         <instance id="d000.s848.t000" lemma="pot" pos="NOUN">poti</instance>
         <wf lemma="." pos="X">.</wf>
      </sentence>
      <sentence id="d000.s849" source="wordnet-slovenian">
         <wf lemma="No" pos="X">No</wf>
         <wf lemma="," pos="X">,</wf>
         <wf lemma="tudi" pos="X">tudi</wf>
         <wf lemma="Slovenci" pos="X">Slovenci</wf>
         <wf lemma="smo" pos="X">smo</wf>
         <wf lemma="nekdaj" pos="X">nekdaj</wf>
         <wf lemma="pri" pos="X">pri</wf>
         <wf lemma="poimenovanju" pos="X">poimenovanju</wf>
         <wf lemma="tujih" pos="X">tujih</wf>
         <instance id="d000.s849.t000" lemma="kraj" pos="NOUN">krajev</instance>
         <wf lemma="kar" pos="X">kar</wf>
         <wf lemma="pošteno" pos="X">pošteno</wf>
         <wf lemma="pokazali" pos="X">pokazali</wf>
         <wf lemma="svojo" pos="X">svojo</wf>
         <wf lemma="domišljijo" pos="X">domišljijo</wf>
         <wf lemma="." pos="X">.</wf>
      </sentence>
      <sentence id="d000.s850" source="wordnet-slovenian">
         <wf lemma="V" pos="X">V</wf>
         <instance id="d000.s850.t000" lemma="primer" pos="NOUN">primeru</instance>
         <wf lemma="Mercatorja" pos="X">Mercatorja</wf>
         <wf lemma="in" pos="X">in</wf>
         <wf lemma="Emone" pos="X">Emone</wf>
         <wf lemma="Merkur" pos="X">Merkur</wf>
         <wf lemma="so" pos="X">so</wf>
         <wf lemma="," pos="X">,</wf>
         <wf lemma="na" pos="X">na</wf>
         <wf lemma="primer" pos="X">primer</wf>
         <wf lemma="," pos="X">,</wf>
         <wf lemma="vedeli" pos="X">vedeli</wf>
         <wf lemma="," pos="X">,</wf>
         <wf lemma="kdo" pos="X">kdo</wf>
         <wf lemma="je" pos="X">je</wf>
         <wf lemma="glavni" pos="X">glavni</wf>
         <wf lemma="," pos="X">,</wf>
         <wf lemma="kdo" pos="X">kdo</wf>
         <wf lemma="je" pos="X">je</wf>
         <wf lemma="steber" pos="X">steber</wf>
         <wf lemma="združitve" pos="X">združitve</wf>
         <wf lemma="," pos="X">,</wf>
         <wf lemma="zato" pos="X">zato</wf>
         <wf lemma="je" pos="X">je</wf>
         <wf lemma="bilo" pos="X">bilo</wf>
         <wf lemma="povezovanje" pos="X">povezovanje</wf>
         <wf lemma="uspešno" pos="X">uspešno</wf>
         <wf lemma="," pos="X">,</wf>
         <wf lemma="«" pos="X">«</wf>
         <wf lemma="pravi" pos="X">pravi</wf>
         <wf lemma="dr." pos="X">dr.</wf>
         <wf lemma="Lahovnik" pos="X">Lahovnik</wf>
         <wf lemma="." pos="X">.</wf>
      </sentence>
      <sentence id="d000.s851" source="wordnet-slovenian">
         <wf lemma="Približno" pos="X">Približno</wf>
         <wf lemma="dva" pos="X">dva</wf>
         <wf lemma="meseca" pos="X">meseca</wf>
         <wf lemma="pozneje" pos="X">pozneje</wf>
         <wf lemma="," pos="X">,</wf>
         <wf lemma="18." pos="X">18.</wf>
         <wf lemma="novembra" pos="X">novembra</wf>
         <wf lemma="1969" pos="X">1969</wf>
         <wf lemma="," pos="X">,</wf>
         <wf lemma="je" pos="X">je</wf>
         <wf lemma="Stane" pos="X">Stane</wf>
         <wf lemma="Sever" pos="X">Sever</wf>
         <wf lemma="naslovil" pos="X">naslovil</wf>
         <wf lemma="vodstvu" pos="X">vodstvu</wf>
         <wf lemma="Drame" pos="X">Drame</wf>
         <wf lemma="dopis" pos="X">dopis</wf>
         <wf lemma="," pos="X">,</wf>
         <wf lemma="s" pos="X">s</wf>
         <wf lemma="katerim" pos="X">katerim</wf>
         <wf lemma="je" pos="X">je</wf>
         <wf lemma="ta" pos="X">ta</wf>
         <wf lemma="veliki" pos="X">veliki</wf>
         <wf lemma="umetnik" pos="X">umetnik</wf>
         <wf lemma="sklenil" pos="X">sklenil</wf>
         <wf lemma="svojo" pos="X">svojo</wf>
         <wf lemma="izjemno" pos="X">izjemno</wf>
         <wf lemma="bogato" pos="X">bogato</wf>
         <wf lemma="in" pos="X">in</wf>
         <wf lemma="pomembno" pos="X">pomembno</wf>
         <wf lemma="umetniško" pos="X">umetniško</wf>
         <instance id="d000.s851.t000" lemma="pot" pos="NOUN">pot</instance>
         <wf lemma="." pos="X">.</wf>
      </sentence>
      <sentence id="d000.s852" source="wordnet-slovenian">
         <wf lemma="Če" pos="X">Če</wf>
         <wf lemma="bi" pos="X">bi</wf>
         <wf lemma="med" pos="X">med</wf>
         <wf lemma="številnimi" pos="X">številnimi</wf>
         <wf lemma="raziskavami" pos="X">raziskavami</wf>
         <wf lemma="tržišča" pos="X">tržišča</wf>
         <wf lemma="naredili" pos="X">naredili</wf>
         <wf lemma="še" pos="X">še</wf>
         <wf lemma="kakšno" pos="X">kakšno</wf>
         <wf lemma="o" pos="X">o</wf>
         <wf lemma="tem" pos="X">tem</wf>
         <wf lemma="," pos="X">,</wf>
         <wf lemma="bi" pos="X">bi</wf>
         <wf lemma="jim" pos="X">jim</wf>
         <wf lemma="postalo" pos="X">postalo</wf>
         <wf lemma="kaj" pos="X">kaj</wf>
         <wf lemma="hitro" pos="X">hitro</wf>
         <wf lemma="jasno" pos="X">jasno</wf>
         <wf lemma="," pos="X">,</wf>
         <wf lemma="da" pos="X">da</wf>
         <wf lemma="je" pos="X">je</wf>
         <instance id="d000.s852.t000" lemma="večina" pos="NOUN">večina</instance>
         <wf lemma="klobas" pos="X">klobas</wf>
         <wf lemma="Poli" pos="X">Poli</wf>
         <wf lemma="v" pos="X">v</wf>
         <wf lemma="hladilnikih" pos="X">hladilnikih</wf>
         <wf lemma="le" pos="X">le</wf>
         <wf lemma="zato" pos="X">zato</wf>
         <wf lemma="," pos="X">,</wf>
         <wf lemma="ker" pos="X">ker</wf>
         <wf lemma="jih" pos="X">jih</wf>
         <wf lemma="imajo" pos="X">imajo</wf>
         <wf lemma="radi" pos="X">radi</wf>
         <wf lemma="otroci" pos="X">otroci</wf>
         <wf lemma="-" pos="X">-</wf>
         <wf lemma="kategorija" pos="X">kategorija</wf>
         <wf lemma="potrošnikov" pos="X">potrošnikov</wf>
         <wf lemma="," pos="X">,</wf>
         <wf lemma="ki" pos="X">ki</wf>
         <wf lemma="jo" pos="X">jo</wf>
         <wf lemma="bodo" pos="X">bodo</wf>
         <wf lemma="v" pos="X">v</wf>
         <wf lemma="PP" pos="X">PP</wf>
         <wf lemma="morali" pos="X">morali</wf>
         <wf lemma="vzeti" pos="X">vzeti</wf>
         <wf lemma="bolj" pos="X">bolj</wf>
         <wf lemma="resno" pos="X">resno</wf>
         <wf lemma="kot" pos="X">kot</wf>
         <wf lemma="doslej" pos="X">doslej</wf>
         <wf lemma="." pos="X">.</wf>
      </sentence>
      <sentence id="d000.s853" source="wordnet-slovenian">
         <wf lemma="Ameriška" pos="X">Ameriška</wf>
         <wf lemma="igralka" pos="X">igralka</wf>
         <wf lemma="Cameron" pos="X">Cameron</wf>
         <wf lemma="Diaz" pos="X">Diaz</wf>
         <wf lemma="je" pos="X">je</wf>
         <wf lemma="za" pos="X">za</wf>
         <wf lemma="filmsko" pos="X">filmsko</wf>
         <wf lemma="revijo" pos="X">revijo</wf>
         <wf lemma="Variety" pos="X">Variety</wf>
         <wf lemma="povedala" pos="X">povedala</wf>
         <wf lemma="," pos="X">,</wf>
         <wf lemma="da" pos="X">da</wf>
         <wf lemma="je" pos="X">je</wf>
         <wf lemma="pripravljena" pos="X">pripravljena</wf>
         <wf lemma="ponovno" pos="X">ponovno</wf>
         <wf lemma="prevzeti" pos="X">prevzeti</wf>
         <instance id="d000.s853.t000" lemma="vloga" pos="NOUN">vlogo</instance>
         <wf lemma="Charlijevega" pos="X">Charlijevega</wf>
         <wf lemma="angelčka" pos="X">angelčka</wf>
         <wf lemma="v" pos="X">v</wf>
         <wf lemma="nadaljevanju" pos="X">nadaljevanju</wf>
         <wf lemma="te" pos="X">te</wf>
         <wf lemma="filmske" pos="X">filmske</wf>
         <wf lemma="uspešnice" pos="X">uspešnice</wf>
         <wf lemma="," pos="X">,</wf>
         <wf lemma="a" pos="X">a</wf>
         <wf lemma="le" pos="X">le</wf>
         <wf lemma="za" pos="X">za</wf>
         <wf lemma="plačilo" pos="X">plačilo</wf>
         <wf lemma="v" pos="X">v</wf>
         <wf lemma="višini" pos="X">višini</wf>
         <wf lemma="20" pos="X">20</wf>
         <wf lemma="milijonov" pos="X">milijonov</wf>
         <wf lemma="dolarjev" pos="X">dolarjev</wf>
         <wf lemma="." pos="X">.</wf>
      </sentence>
      <sentence id="d000.s854" source="wordnet-slovenian">
         <wf lemma="Pa" pos="X">Pa</wf>
         <wf lemma="vendar" pos="X">vendar</wf>
         <wf lemma="ne" pos="X">ne</wf>
         <wf lemma="morem" pos="X">morem</wf>
         <wf lemma="izbrisati" pos="X">izbrisati</wf>
         <wf lemma="sestrinega" pos="X">sestrinega</wf>
         <wf lemma="bednega" pos="X">bednega</wf>
         <instance id="d000.s854.t000" lemma="življenje" pos="NOUN">življenja</instance>
         <wf lemma="iz" pos="X">iz</wf>
         <wf lemma="sebe" pos="X">sebe</wf>
         <wf lemma="," pos="X">,</wf>
         <wf lemma="vsak" pos="X">vsak</wf>
         <wf lemma="dan" pos="X">dan</wf>
         <wf lemma="znova" pos="X">znova</wf>
         <wf lemma="mislim" pos="X">mislim</wf>
         <wf lemma="na" pos="X">na</wf>
         <wf lemma="nje" pos="X">nje</wf>
         <wf lemma="." pos="X">.</wf>
      </sentence>
      <sentence id="d000.s855" source="wordnet-slovenian">
         <wf lemma="Pred" pos="X">Pred</wf>
         <wf lemma="dvajset" pos="X">dvajset</wf>
         <wf lemma="tisoč" pos="X">tisoč</wf>
         <instance id="d000.s855.t000" lemma="leto" pos="NOUN">leti</instance>
         <wf lemma="je" pos="X">je</wf>
         <wf lemma="kromanjonski" pos="X">kromanjonski</wf>
         <wf lemma="človek" pos="X">človek</wf>
         <wf lemma="bil" pos="X">bil</wf>
         <wf lemma="sicer" pos="X">sicer</wf>
         <wf lemma="telesno" pos="X">telesno</wf>
         <wf lemma="enak" pos="X">enak</wf>
         <wf lemma="nam" pos="X">nam</wf>
         <wf lemma="," pos="X">,</wf>
         <wf lemma="ni" pos="X">ni</wf>
         <wf lemma="pa" pos="X">pa</wf>
         <wf lemma="obvladal" pos="X">obvladal</wf>
         <wf lemma="jezika" pos="X">jezika</wf>
         <wf lemma="," pos="X">,</wf>
         <wf lemma="s" pos="X">s</wf>
         <wf lemma="katerim" pos="X">katerim</wf>
         <wf lemma="bi" pos="X">bi</wf>
         <wf lemma="z" pos="X">z</wf>
         <wf lemma="besedami" pos="X">besedami</wf>
         <wf lemma="izrazil" pos="X">izrazil</wf>
         <wf lemma="tiste" pos="X">tiste</wf>
         <wf lemma="značilnosti" pos="X">značilnosti</wf>
         <wf lemma="," pos="X">,</wf>
         <wf lemma="zaradi" pos="X">zaradi</wf>
         <wf lemma="katerih" pos="X">katerih</wf>
         <wf lemma="še" pos="X">še</wf>
         <wf lemma="danes" pos="X">danes</wf>
         <wf lemma="kako" pos="X">kako</wf>
         <wf lemma="osebo" pos="X">osebo</wf>
         <wf lemma="ocenimo" pos="X">ocenimo</wf>
         <wf lemma="kot" pos="X">kot</wf>
         <wf lemma="privlačno" pos="X">privlačno</wf>
         <wf lemma=":" pos="X">:</wf>
         <wf lemma="znamenja" pos="X">znamenja</wf>
         <wf lemma="plodnosti" pos="X">plodnosti</wf>
         <wf lemma="pri" pos="X">pri</wf>
         <wf lemma="ženski" pos="X">ženski</wf>
         <wf lemma="," pos="X">,</wf>
         <wf lemma="pri" pos="X">pri</wf>
         <wf lemma="moških" pos="X">moških</wf>
         <wf lemma="pa" pos="X">pa</wf>
         <wf lemma="sposobnost" pos="X">sposobnost</wf>
         <wf lemma="vzdrževanja" pos="X">vzdrževanja</wf>
         <wf lemma="družine" pos="X">družine</wf>
         <wf lemma="in" pos="X">in</wf>
         <wf lemma="vodenje" pos="X">vodenje</wf>
         <wf lemma="otrok" pos="X">otrok</wf>
         <wf lemma="." pos="X">.</wf>
      </sentence>
      <sentence id="d000.s856" source="wordnet-slovenian">
         <wf lemma="»" pos="X">»</wf>
         <wf lemma="Size" pos="X">Size</wf>
         <wf lemma="converter" pos="X">converter</wf>
         <wf lemma="«" pos="X">«</wf>
         <wf lemma="pa" pos="X">pa</wf>
         <wf lemma="bo" pos="X">bo</wf>
         <wf lemma="v" pos="X">v</wf>
         <instance id="d000.s856.t000" lemma="pomoč" pos="NOUN">pomoč</instance>
         <wf lemma="pri" pos="X">pri</wf>
         <wf lemma="nakupovanjih" pos="X">nakupovanjih</wf>
         <wf lemma="." pos="X">.</wf>
      </sentence>
      <sentence id="d000.s857" source="wordnet-slovenian">
         <wf lemma="Na" pos="X">Na</wf>
         <wf lemma="razstavi" pos="X">razstavi</wf>
         <wf lemma="avtorja" pos="X">avtorja</wf>
         <wf lemma="Marka" pos="X">Marka</wf>
         <wf lemma="Košana" pos="X">Košana</wf>
         <wf lemma="in" pos="X">in</wf>
         <wf lemma="njegovih" pos="X">njegovih</wf>
         <wf lemma="sodelavcev" pos="X">sodelavcev</wf>
         <wf lemma="bodo" pos="X">bodo</wf>
         <wf lemma="predstavljeni" pos="X">predstavljeni</wf>
         <wf lemma="motivi" pos="X">motivi</wf>
         <wf lemma="iz" pos="X">iz</wf>
         <wf lemma="40" pos="X">40</wf>
         <wf lemma="-" pos="X">-</wf>
         <wf lemma="letnega" pos="X">letnega</wf>
         <wf lemma="delovanja" pos="X">delovanja</wf>
         <wf lemma="muzeja" pos="X">muzeja</wf>
         <wf lemma="NOB" pos="X">NOB</wf>
         <wf lemma="," pos="X">,</wf>
         <wf lemma="rekonstrukcija" pos="X">rekonstrukcija</wf>
         <wf lemma="delovnega" pos="X">delovnega</wf>
         <wf lemma="prostora" pos="X">prostora</wf>
         <wf lemma="iz" pos="X">iz</wf>
         <instance id="d000.s857.t000" lemma="obdobje" pos="NOUN">obdobja</instance>
         <wf lemma="ravnatelja" pos="X">ravnatelja</wf>
         <wf lemma="Žolnirja" pos="X">Žolnirja</wf>
         <wf lemma="," pos="X">,</wf>
         <wf lemma="literatura" pos="X">literatura</wf>
         <wf lemma="," pos="X">,</wf>
         <wf lemma="ki" pos="X">ki</wf>
         <wf lemma="je" pos="X">je</wf>
         <wf lemma="nastajala" pos="X">nastajala</wf>
         <wf lemma="v" pos="X">v</wf>
         <wf lemma="muzeju" pos="X">muzeju</wf>
         <wf lemma="in" pos="X">in</wf>
         <wf lemma="z" pos="X">z</wf>
         <wf lemma="muzejem" pos="X">muzejem</wf>
         <wf lemma="," pos="X">,</wf>
         <wf lemma="delovanje" pos="X">delovanje</wf>
         <wf lemma="muzeja" pos="X">muzeja</wf>
         <wf lemma="v" pos="X">v</wf>
         <wf lemma="zadnjem" pos="X">zadnjem</wf>
         <wf lemma="desetletju" pos="X">desetletju</wf>
         <wf lemma="pa" pos="X">pa</wf>
         <wf lemma="bo" pos="X">bo</wf>
         <wf lemma="prikazano" pos="X">prikazano</wf>
         <wf lemma="z" pos="X">z</wf>
         <wf lemma="diaprojekcijo" pos="X">diaprojekcijo</wf>
         <wf lemma="." pos="X">.</wf>
      </sentence>
      <sentence id="d000.s858" source="wordnet-slovenian">
         <wf lemma="»" pos="X">»</wf>
         <wf lemma="Zahteve" pos="X">Zahteve</wf>
         <wf lemma="po" pos="X">po</wf>
         <wf lemma="mednarodnih" pos="X">mednarodnih</wf>
         <wf lemma="objavah" pos="X">objavah</wf>
         <wf lemma="se" pos="X">se</wf>
         <wf lemma="na" pos="X">na</wf>
         <wf lemma="UL" pos="X">UL</wf>
         <wf lemma="v" pos="X">v</wf>
         <wf lemma="zadnjem" pos="X">zadnjem</wf>
         <wf lemma="desetletju" pos="X">desetletju</wf>
         <wf lemma="zaostrujejo" pos="X">zaostrujejo</wf>
         <wf lemma="," pos="X">,</wf>
         <wf lemma="zato" pos="X">zato</wf>
         <wf lemma="marsikdo" pos="X">marsikdo</wf>
         <wf lemma="," pos="X">,</wf>
         <wf lemma="ki" pos="X">ki</wf>
         <wf lemma="je" pos="X">je</wf>
         <wf lemma="bil" pos="X">bil</wf>
         <wf lemma="pred" pos="X">pred</wf>
         <wf lemma="20" pos="X">20</wf>
         <instance id="d000.s858.t000" lemma="leto" pos="NOUN">leti</instance>
         <wf lemma="izvoljen" pos="X">izvoljen</wf>
         <wf lemma="v" pos="X">v</wf>
         <wf lemma="naziv" pos="X">naziv</wf>
         <wf lemma="rednega" pos="X">rednega</wf>
         <wf lemma="profesorja" pos="X">profesorja</wf>
         <wf lemma="," pos="X">,</wf>
         <wf lemma="zdaj" pos="X">zdaj</wf>
         <wf lemma="ne" pos="X">ne</wf>
         <wf lemma="bi" pos="X">bi</wf>
         <wf lemma="izpolnjeval" pos="X">izpolnjeval</wf>
         <wf lemma="niti" pos="X">niti</wf>
         <wf lemma="pogojev" pos="X">pogojev</wf>
         <wf lemma="za" pos="X">za</wf>
         <wf lemma="izvolitev" pos="X">izvolitev</wf>
         <wf lemma="v" pos="X">v</wf>
         <wf lemma="docenta" pos="X">docenta</wf>
         <wf lemma="." pos="X">.</wf>
      </sentence>
      <sentence id="d000.s859" source="wordnet-slovenian">
         <wf lemma="Američan" pos="X">Američan</wf>
         <wf lemma="Darryl" pos="X">Darryl</wf>
         <wf lemma="Middleton" pos="X">Middleton</wf>
         <wf lemma="(" pos="X">(</wf>
         <wf lemma="202" pos="X">202</wf>
         <wf lemma="cm" pos="X">cm</wf>
         <wf lemma="," pos="X">,</wf>
         <wf lemma="1966" pos="X">1966</wf>
         <wf lemma=")" pos="X">)</wf>
         <wf lemma="si" pos="X">si</wf>
         <wf lemma="bo" pos="X">bo</wf>
         <wf lemma="v" pos="X">v</wf>
         <wf lemma="naslednji" pos="X">naslednji</wf>
         <instance id="d000.s859.t000" lemma="sezona" pos="NOUN">sezoni</instance>
         <wf lemma="kot" pos="X">kot</wf>
         <wf lemma="številni" pos="X">številni</wf>
         <wf lemma="odlični" pos="X">odlični</wf>
         <wf lemma="igralci" pos="X">igralci</wf>
         <wf lemma="služil" pos="X">služil</wf>
         <wf lemma="kruh" pos="X">kruh</wf>
         <wf lemma="v" pos="X">v</wf>
         <wf lemma="Rusiji" pos="X">Rusiji</wf>
         <wf lemma="," pos="X">,</wf>
         <wf lemma="in" pos="X">in</wf>
         <wf lemma="sicer" pos="X">sicer</wf>
         <wf lemma="pri" pos="X">pri</wf>
         <wf lemma="Dinamu" pos="X">Dinamu</wf>
         <wf lemma="iz" pos="X">iz</wf>
         <wf lemma="Saint" pos="X">Saint</wf>
         <wf lemma="Petersburga" pos="X">Petersburga</wf>
         <wf lemma="." pos="X">.</wf>
      </sentence>
      <sentence id="d000.s860" source="wordnet-slovenian">
         <wf lemma="Pravzaprav" pos="X">Pravzaprav</wf>
         <wf lemma="smo" pos="X">smo</wf>
         <instance id="d000.s860.t000" lemma="človek" pos="NOUN">človeka</instance>
         <wf lemma="v" pos="X">v</wf>
         <wf lemma="obeh" pos="X">obeh</wf>
         <wf lemma="primerih" pos="X">primerih</wf>
         <wf lemma="ubili" pos="X">ubili</wf>
         <wf lemma="in" pos="X">in</wf>
         <wf lemma="ga" pos="X">ga</wf>
         <wf lemma="tako" pos="X">tako</wf>
         <wf lemma="po" pos="X">po</wf>
         <wf lemma="splošnem" pos="X">splošnem</wf>
         <wf lemma="mnenju" pos="X">mnenju</wf>
         <wf lemma="kvečjemu" pos="X">kvečjemu</wf>
         <wf lemma="od" pos="X">od</wf>
         <wf lemma="-" pos="X">-</wf>
         <wf lemma="rešili" pos="X">rešili</wf>
         <wf lemma="vse" pos="X">vse</wf>
         <wf lemma="hujših" pos="X">hujših</wf>
         <wf lemma="predsmrtnih" pos="X">predsmrtnih</wf>
         <wf lemma="muk" pos="X">muk</wf>
         <wf lemma="." pos="X">.</wf>
      </sentence>
      <sentence id="d000.s861" source="wordnet-slovenian">
         <wf lemma="Razpon" pos="X">Razpon</wf>
         <instance id="d000.s861.t000" lemma="možnost" pos="NOUN">možnosti</instance>
         <wf lemma="tako" pos="X">tako</wf>
         <wf lemma="ni" pos="X">ni</wf>
         <wf lemma="bil" pos="X">bil</wf>
         <wf lemma="širok" pos="X">širok</wf>
         <wf lemma="." pos="X">.</wf>
      </sentence>
      <sentence id="d000.s862" source="wordnet-slovenian">
         <wf lemma="Izkazalo" pos="X">Izkazalo</wf>
         <wf lemma="se" pos="X">se</wf>
         <wf lemma="je" pos="X">je</wf>
         <wf lemma="," pos="X">,</wf>
         <wf lemma="da" pos="X">da</wf>
         <wf lemma="so" pos="X">so</wf>
         <wf lemma="slovenska" pos="X">slovenska</wf>
         <instance id="d000.s862.t000" lemma="podjetje" pos="NOUN">podjetja</instance>
         <wf lemma="slabo" pos="X">slabo</wf>
         <wf lemma="organizirana" pos="X">organizirana</wf>
         <wf lemma="," pos="X">,</wf>
         <wf lemma="da" pos="X">da</wf>
         <wf lemma="bi" pos="X">bi</wf>
         <wf lemma="lahko" pos="X">lahko</wf>
         <wf lemma="konkurirala" pos="X">konkurirala</wf>
         <wf lemma="za" pos="X">za</wf>
         <wf lemma="ta" pos="X">ta</wf>
         <wf lemma="denar" pos="X">denar</wf>
         <wf lemma="." pos="X">.</wf>
      </sentence>
      <sentence id="d000.s863" source="wordnet-slovenian">
         <wf lemma="In" pos="X">In</wf>
         <wf lemma="nazaj" pos="X">nazaj</wf>
         <wf lemma="naj" pos="X">naj</wf>
         <wf lemma="bi" pos="X">bi</wf>
         <wf lemma="jo" pos="X">jo</wf>
         <wf lemma="dobil" pos="X">dobil</wf>
         <wf lemma="z" pos="X">z</wf>
         <instance id="d000.s863.t000" lemma="igra" pos="NOUN">igro</instance>
         <wf lemma="," pos="X">,</wf>
         <wf lemma="ki" pos="X">ki</wf>
         <wf lemma="je" pos="X">je</wf>
         <wf lemma="nisem" pos="X">nisem</wf>
         <wf lemma="poznal" pos="X">poznal</wf>
         <wf lemma="-" pos="X">-</wf>
         <wf lemma="v" pos="X">v</wf>
         <wf lemma="nasprotju" pos="X">nasprotju</wf>
         <wf lemma="s" pos="X">s</wf>
         <wf lemma="temi" pos="X">temi</wf>
         <wf lemma="izkoreninjenimi" pos="X">izkoreninjenimi</wf>
         <wf lemma="otroki" pos="X">otroki</wf>
         <wf lemma="," pos="X">,</wf>
         <wf lemma="ki" pos="X">ki</wf>
         <wf lemma="niti" pos="X">niti</wf>
         <wf lemma="z" pos="X">z</wf>
         <wf lemma="očesom" pos="X">očesom</wf>
         <wf lemma="ne" pos="X">ne</wf>
         <wf lemma="trenejo" pos="X">trenejo</wf>
         <wf lemma="," pos="X">,</wf>
         <wf lemma="ko" pos="X">ko</wf>
         <wf lemma="se" pos="X">se</wf>
         <wf lemma="poslavljajo" pos="X">poslavljajo</wf>
         <wf lemma="od" pos="X">od</wf>
         <wf lemma="svojih" pos="X">svojih</wf>
         <wf lemma="mater" pos="X">mater</wf>
         <wf lemma="!" pos="X">!</wf>
      </sentence>
      <sentence id="d000.s864" source="wordnet-slovenian">
         <instance id="d000.s864.t000" lemma="večina" pos="NOUN">Večina</instance>
         <wf lemma="slovenskih" pos="X">slovenskih</wf>
         <wf lemma="srednješolcev" pos="X">srednješolcev</wf>
         <wf lemma="opravlja" pos="X">opravlja</wf>
         <wf lemma="tudi" pos="X">tudi</wf>
         <wf lemma="delovno" pos="X">delovno</wf>
         <wf lemma="prakso" pos="X">prakso</wf>
         <wf lemma="ali" pos="X">ali</wf>
         <wf lemma="praktični" pos="X">praktični</wf>
         <wf lemma="pouk" pos="X">pouk</wf>
         <wf lemma="v" pos="X">v</wf>
         <wf lemma="vsakdanjem" pos="X">vsakdanjem</wf>
         <wf lemma="delovnem" pos="X">delovnem</wf>
         <wf lemma="okolju" pos="X">okolju</wf>
         <wf lemma="preizkušajo" pos="X">preizkušajo</wf>
         <wf lemma="in" pos="X">in</wf>
         <wf lemma="dokazujejo" pos="X">dokazujejo</wf>
         <wf lemma="svoje" pos="X">svoje</wf>
         <wf lemma="znanje" pos="X">znanje</wf>
         <wf lemma="." pos="X">.</wf>
      </sentence>
      <sentence id="d000.s865" source="wordnet-slovenian">
         <wf lemma="Vse" pos="X">Vse</wf>
         <wf lemma="bolj" pos="X">bolj</wf>
         <wf lemma="pa" pos="X">pa</wf>
         <wf lemma="se" pos="X">se</wf>
         <wf lemma="oglašajo" pos="X">oglašajo</wf>
         <wf lemma="," pos="X">,</wf>
         <wf lemma="ko" pos="X">ko</wf>
         <wf lemma="imajo" pos="X">imajo</wf>
         <wf lemma="druge" pos="X">druge</wf>
         <instance id="d000.s865.t000" lemma="težava" pos="NOUN">težave</instance>
         <wf lemma="-" pos="X">-</wf>
         <wf lemma="zlasti" pos="X">zlasti</wf>
         <wf lemma="pri" pos="X">pri</wf>
         <wf lemma="učenju" pos="X">učenju</wf>
         <wf lemma="," pos="X">,</wf>
         <wf lemma="v" pos="X">v</wf>
         <wf lemma="svojem" pos="X">svojem</wf>
         <wf lemma="razvoju" pos="X">razvoju</wf>
         <wf lemma="in" pos="X">in</wf>
         <wf lemma="stiskah" pos="X">stiskah</wf>
         <wf lemma="." pos="X">.</wf>
      </sentence>
      <sentence id="d000.s866" source="wordnet-slovenian">
         <wf lemma="Po" pos="X">Po</wf>
         <wf lemma="njegovem" pos="X">njegovem</wf>
         <wf lemma="mnenju" pos="X">mnenju</wf>
         <wf lemma="je" pos="X">je</wf>
         <wf lemma="zato" pos="X">zato</wf>
         <wf lemma="družbeno" pos="X">družbeno</wf>
         <wf lemma="najbolj" pos="X">najbolj</wf>
         <wf lemma="sprejemljiva" pos="X">sprejemljiva</wf>
         <wf lemma="rešitev" pos="X">rešitev</wf>
         <wf lemma="," pos="X">,</wf>
         <wf lemma="da" pos="X">da</wf>
         <wf lemma="bi" pos="X">bi</wf>
         <wf lemma="plačilo" pos="X">plačilo</wf>
         <wf lemma="parkiranja" pos="X">parkiranja</wf>
         <wf lemma="uvedli" pos="X">uvedli</wf>
         <wf lemma="na" pos="X">na</wf>
         <wf lemma="vseh" pos="X">vseh</wf>
         <wf lemma="javnih" pos="X">javnih</wf>
         <wf lemma="parkiriščih" pos="X">parkiriščih</wf>
         <wf lemma="v" pos="X">v</wf>
         <instance id="d000.s866.t000" lemma="mesto" pos="NOUN">mestu</instance>
         <wf lemma="," pos="X">,</wf>
         <wf lemma="hkrati" pos="X">hkrati</wf>
         <wf lemma="pa" pos="X">pa</wf>
         <wf lemma="bi" pos="X">bi</wf>
         <wf lemma="se" pos="X">se</wf>
         <wf lemma="skrajšal" pos="X">skrajšal</wf>
         <wf lemma="čas" pos="X">čas</wf>
         <wf lemma="pobiranja" pos="X">pobiranja</wf>
         <wf lemma="parkirnine" pos="X">parkirnine</wf>
         <wf lemma="." pos="X">.</wf>
      </sentence>
      <sentence id="d000.s867" source="wordnet-slovenian">
         <wf lemma="Fanika" pos="X">Fanika</wf>
         <wf lemma="ne" pos="X">ne</wf>
         <wf lemma="govori" pos="X">govori</wf>
         <wf lemma="nobenega" pos="X">nobenega</wf>
         <wf lemma="živega" pos="X">živega</wf>
         <wf lemma="ali" pos="X">ali</wf>
         <wf lemma="mrtvega" pos="X">mrtvega</wf>
         <wf lemma="jezika" pos="X">jezika</wf>
         <wf lemma="razen" pos="X">razen</wf>
         <wf lemma="nekaj" pos="X">nekaj</wf>
         <wf lemma="mimogrede" pos="X">mimogrede</wf>
         <wf lemma="nalovljenih" pos="X">nalovljenih</wf>
         <wf lemma="drobcev" pos="X">drobcev</wf>
         <wf lemma="štajerščine" pos="X">štajerščine</wf>
         <wf lemma="," pos="X">,</wf>
         <wf lemma="zato" pos="X">zato</wf>
         <wf lemma="tudi" pos="X">tudi</wf>
         <wf lemma="misli" pos="X">misli</wf>
         <wf lemma="s" pos="X">s</wf>
         <instance id="d000.s867.t000" lemma="težava" pos="NOUN">težavo</instance>
         <wf lemma="." pos="X">.</wf>
      </sentence>
      <sentence id="d000.s868" source="wordnet-slovenian">
         <wf lemma="»" pos="X">»</wf>
         <wf lemma="Počakajte" pos="X">Počakajte</wf>
         <wf lemma="," pos="X">,</wf>
         <wf lemma="slabo" pos="X">slabo</wf>
         <wf lemma="vidim" pos="X">vidim</wf>
         <wf lemma="," pos="X">,</wf>
         <wf lemma="«" pos="X">«</wf>
         <wf lemma="reče" pos="X">reče</wf>
         <instance id="d000.s868.t000" lemma="ženska" pos="NOUN">ženska</instance>
         <wf lemma="in" pos="X">in</wf>
         <wf lemma="se" pos="X">se</wf>
         <wf lemma="nagne" pos="X">nagne</wf>
         <wf lemma="k" pos="X">k</wf>
         <wf lemma="Hansu" pos="X">Hansu</wf>
         <wf lemma="." pos="X">.</wf>
      </sentence>
      <sentence id="d000.s869" source="wordnet-slovenian">
         <wf lemma="Idriart" pos="X">Idriart</wf>
         <wf lemma="international" pos="X">international</wf>
         <wf lemma="(" pos="X">(</wf>
         <wf lemma="francoska" pos="X">francoska</wf>
         <wf lemma="okrajšava" pos="X">okrajšava</wf>
         <wf lemma="za" pos="X">za</wf>
         <wf lemma="-" pos="X">-</wf>
         <wf lemma="Pobuda" pos="X">Pobuda</wf>
         <wf lemma="za" pos="X">za</wf>
         <wf lemma="razvoj" pos="X">razvoj</wf>
         <wf lemma="medkulturnih" pos="X">medkulturnih</wf>
         <wf lemma="povezav" pos="X">povezav</wf>
         <wf lemma="skozi" pos="X">skozi</wf>
         <wf lemma="tokove" pos="X">tokove</wf>
         <wf lemma="umetnosti" pos="X">umetnosti</wf>
         <wf lemma=")" pos="X">)</wf>
         <wf lemma="je" pos="X">je</wf>
         <wf lemma="letos" pos="X">letos</wf>
         <wf lemma="uspešno" pos="X">uspešno</wf>
         <wf lemma="zaključil" pos="X">zaključil</wf>
         <wf lemma="že" pos="X">že</wf>
         <wf lemma="14." pos="X">14.</wf>
         <wf lemma="mednarodni" pos="X">mednarodni</wf>
         <wf lemma="poletni" pos="X">poletni</wf>
         <wf lemma="festival" pos="X">festival</wf>
         <wf lemma="v" pos="X">v</wf>
         <wf lemma="Sloveniji" pos="X">Sloveniji</wf>
         <wf lemma="," pos="X">,</wf>
         <wf lemma="ki" pos="X">ki</wf>
         <wf lemma="je" pos="X">je</wf>
         <wf lemma="bil" pos="X">bil</wf>
         <wf lemma="četrto" pos="X">četrto</wf>
         <instance id="d000.s869.t000" lemma="leto" pos="NOUN">leto</instance>
         <wf lemma="na" pos="X">na</wf>
         <wf lemma="omenjenem" pos="X">omenjenem</wf>
         <wf lemma="gradu" pos="X">gradu</wf>
         <wf lemma="." pos="X">.</wf>
      </sentence>
      <sentence id="d000.s870" source="wordnet-slovenian">
         <wf lemma="Na" pos="X">Na</wf>
         <wf lemma="otoke" pos="X">otoke</wf>
         <wf lemma="me" pos="X">me</wf>
         <wf lemma="je" pos="X">je</wf>
         <wf lemma="pritegnilo" pos="X">pritegnilo</wf>
         <wf lemma="več" pos="X">več</wf>
         <wf lemma="kot" pos="X">kot</wf>
         <wf lemma="3000" pos="X">3000</wf>
         <wf lemma="endemičnih" pos="X">endemičnih</wf>
         <wf lemma="rastlin" pos="X">rastlin</wf>
         <wf lemma="in" pos="X">in</wf>
         <wf lemma="pa" pos="X">pa</wf>
         <wf lemma="zelo" pos="X">zelo</wf>
         <wf lemma="ogrožena" pos="X">ogrožena</wf>
         <wf lemma="vrsta" pos="X">vrsta</wf>
         <wf lemma="ptiča" pos="X">ptiča</wf>
         <wf lemma="kagu" pos="X">kagu</wf>
         <wf lemma="," pos="X">,</wf>
         <wf lemma="na" pos="X">na</wf>
         <instance id="d000.s870.t000" lemma="svet" pos="NOUN">svetu</instance>
         <wf lemma="jih" pos="X">jih</wf>
         <wf lemma="živi" pos="X">živi</wf>
         <wf lemma="le" pos="X">le</wf>
         <wf lemma="še" pos="X">še</wf>
         <wf lemma="okoli" pos="X">okoli</wf>
         <wf lemma="200" pos="X">200</wf>
         <wf lemma="." pos="X">.</wf>
      </sentence>
      <sentence id="d000.s871" source="wordnet-slovenian">
         <wf lemma="»" pos="X">»</wf>
         <wf lemma="Na" pos="X">Na</wf>
         <instance id="d000.s871.t000" lemma="izbira" pos="NOUN">izbiro</instance>
         <wf lemma="pa" pos="X">pa</wf>
         <wf lemma="nisem" pos="X">nisem</wf>
         <wf lemma="imel" pos="X">imel</wf>
         <wf lemma="druge" pos="X">druge</wf>
         <wf lemma="možnosti" pos="X">možnosti</wf>
         <wf lemma="," pos="X">,</wf>
         <wf lemma="saj" pos="X">saj</wf>
         <wf lemma="me" pos="X">me</wf>
         <wf lemma="slovenski" pos="X">slovenski</wf>
         <wf lemma="javni" pos="X">javni</wf>
         <wf lemma="mediji" pos="X">mediji</wf>
         <wf lemma="niso" pos="X">niso</wf>
         <wf lemma="podprli" pos="X">podprli</wf>
         <wf lemma="." pos="X">.</wf>
      </sentence>
      <sentence id="d000.s872" source="wordnet-slovenian">
         <wf lemma="Dogodki" pos="X">Dogodki</wf>
         <wf lemma="v" pos="X">v</wf>
         <wf lemma="prihodnjih" pos="X">prihodnjih</wf>
         <instance id="d000.s872.t000" lemma="mesec" pos="NOUN">mesecih</instance>
         <wf lemma="pa" pos="X">pa</wf>
         <wf lemma="bodo" pos="X">bodo</wf>
         <wf lemma="pokazali" pos="X">pokazali</wf>
         <wf lemma="," pos="X">,</wf>
         <wf lemma="ali" pos="X">ali</wf>
         <wf lemma="bo" pos="X">bo</wf>
         <wf lemma="morilcu" pos="X">morilcu</wf>
         <wf lemma="iz" pos="X">iz</wf>
         <wf lemma="Ankarana" pos="X">Ankarana</wf>
         <wf lemma="tokrat" pos="X">tokrat</wf>
         <wf lemma="uspelo" pos="X">uspelo</wf>
         <wf lemma="prepričati" pos="X">prepričati</wf>
         <wf lemma="italijanske" pos="X">italijanske</wf>
         <wf lemma="pravosodne" pos="X">pravosodne</wf>
         <wf lemma="oblasti" pos="X">oblasti</wf>
         <wf lemma="." pos="X">.</wf>
      </sentence>
      <sentence id="d000.s873" source="wordnet-slovenian">
         <wf lemma="To" pos="X">To</wf>
         <wf lemma="naj" pos="X">naj</wf>
         <wf lemma="bi" pos="X">bi</wf>
         <wf lemma="se" pos="X">se</wf>
         <wf lemma="zgodilo" pos="X">zgodilo</wf>
         <instance id="d000.s873.t000" lemma="konec" pos="NOUN">konec</instance>
         <wf lemma="junija" pos="X">junija</wf>
         <wf lemma="1996" pos="X">1996</wf>
         <wf lemma="," pos="X">,</wf>
         <wf lemma="čeprav" pos="X">čeprav</wf>
         <wf lemma="bi" pos="X">bi</wf>
         <wf lemma="moj" pos="X">moj</wf>
         <wf lemma="mandat" pos="X">mandat</wf>
         <wf lemma="potekel" pos="X">potekel</wf>
         <wf lemma="šele" pos="X">šele</wf>
         <wf lemma="proti" pos="X">proti</wf>
         <wf lemma="koncu" pos="X">koncu</wf>
         <wf lemma="1997." pos="X">1997.</wf>
         <wf lemma="leta" pos="X">leta</wf>
         <wf lemma="." pos="X">.</wf>
      </sentence>
      <sentence id="d000.s874" source="wordnet-slovenian">
         <wf lemma="Na" pos="X">Na</wf>
         <wf lemma="oddelku" pos="X">oddelku</wf>
         <wf lemma="za" pos="X">za</wf>
         <wf lemma="gospodarske" pos="X">gospodarske</wf>
         <wf lemma="javne" pos="X">javne</wf>
         <wf lemma="službe" pos="X">službe</wf>
         <wf lemma="in" pos="X">in</wf>
         <wf lemma="promet" pos="X">promet</wf>
         <wf lemma="ugotavljajo" pos="X">ugotavljajo</wf>
         <wf lemma="," pos="X">,</wf>
         <wf lemma="da" pos="X">da</wf>
         <wf lemma="so" pos="X">so</wf>
         <wf lemma="nekateri" pos="X">nekateri</wf>
         <wf lemma="gostinci" pos="X">gostinci</wf>
         <wf lemma="že" pos="X">že</wf>
         <wf lemma="dodobra" pos="X">dodobra</wf>
         <wf lemma="dojeli" pos="X">dojeli</wf>
         <wf lemma="nov" pos="X">nov</wf>
         <instance id="d000.s874.t000" lemma="sistem" pos="NOUN">sistem</instance>
         <wf lemma="." pos="X">.</wf>
      </sentence>
      <sentence id="d000.s875" source="wordnet-slovenian">
         <wf lemma="Davek" pos="X">Davek</wf>
         <wf lemma="iz" pos="X">iz</wf>
         <wf lemma="drugega" pos="X">drugega</wf>
         <wf lemma="odstavka" pos="X">odstavka</wf>
         <wf lemma="3." pos="X">3.</wf>
         <wf lemma="člena" pos="X">člena</wf>
         <wf lemma="tega" pos="X">tega</wf>
         <wf lemma="zakona" pos="X">zakona</wf>
         <wf lemma="se" pos="X">se</wf>
         <wf lemma="plača" pos="X">plača</wf>
         <wf lemma="v" pos="X">v</wf>
         <wf lemma="roku" pos="X">roku</wf>
         <wf lemma="15" pos="X">15</wf>
         <instance id="d000.s875.t000" lemma="dan" pos="NOUN">dni</instance>
         <wf lemma="od" pos="X">od</wf>
         <wf lemma="nastanka" pos="X">nastanka</wf>
         <wf lemma="davčne" pos="X">davčne</wf>
         <wf lemma="obveznosti" pos="X">obveznosti</wf>
         <wf lemma="." pos="X">.</wf>
      </sentence>
      <sentence id="d000.s876" source="wordnet-slovenian">
         <wf lemma="Darujemo" pos="X">Darujemo</wf>
         <wf lemma="vdano" pos="X">vdano</wf>
         <wf lemma="ti" pos="X">ti</wf>
         <wf lemma="svoje" pos="X">svoje</wf>
         <wf lemma="srce" pos="X">srce</wf>
         <wf lemma="," pos="X">,</wf>
         <wf lemma="*" pos="X">*</wf>
         <wf lemma="dejanja" pos="X">dejanja</wf>
         <wf lemma="," pos="X">,</wf>
         <instance id="d000.s876.t000" lemma="beseda" pos="NOUN">besede</instance>
         <wf lemma="," pos="X">,</wf>
         <wf lemma="vse" pos="X">vse</wf>
         <wf lemma="misli" pos="X">misli</wf>
         <wf lemma="," pos="X">,</wf>
         <wf lemma="želje" pos="X">želje</wf>
         <wf lemma="." pos="X">.</wf>
      </sentence>
      <sentence id="d000.s877" source="wordnet-slovenian">
         <wf lemma="Catherine" pos="X">Catherine</wf>
         <wf lemma="Voisin" pos="X">Voisin</wf>
         <wf lemma="," pos="X">,</wf>
         <wf lemma="ki" pos="X">ki</wf>
         <wf lemma="je" pos="X">je</wf>
         <wf lemma="v" pos="X">v</wf>
         <wf lemma="17." pos="X">17.</wf>
         <wf lemma="stoletju" pos="X">stoletju</wf>
         <wf lemma="delovala" pos="X">delovala</wf>
         <wf lemma="v" pos="X">v</wf>
         <wf lemma="pariški" pos="X">pariški</wf>
         <wf lemma="aristokraciji" pos="X">aristokraciji</wf>
         <wf lemma="," pos="X">,</wf>
         <wf lemma="si" pos="X">si</wf>
         <wf lemma="je" pos="X">je</wf>
         <wf lemma="izmislila" pos="X">izmislila</wf>
         <wf lemma="črne" pos="X">črne</wf>
         <wf lemma="maše" pos="X">maše</wf>
         <wf lemma="," pos="X">,</wf>
         <wf lemma="perverzno" pos="X">perverzno</wf>
         <wf lemma="parodijo" pos="X">parodijo</wf>
         <wf lemma="katoliškega" pos="X">katoliškega</wf>
         <wf lemma="obreda" pos="X">obreda</wf>
         <wf lemma="," pos="X">,</wf>
         <wf lemma="obsegajočo" pos="X">obsegajočo</wf>
         <wf lemma="spolne" pos="X">spolne</wf>
         <wf lemma="»" pos="X">»</wf>
         <wf lemma="vaje" pos="X">vaje</wf>
         <wf lemma="«" pos="X">«</wf>
         <wf lemma="in" pos="X">in</wf>
         <wf lemma="žrtvovanje" pos="X">žrtvovanje</wf>
         <instance id="d000.s877.t000" lemma="otrok" pos="NOUN">otrok</instance>
         <wf lemma="na" pos="X">na</wf>
         <wf lemma="oltarju" pos="X">oltarju</wf>
         <wf lemma="." pos="X">.</wf>
      </sentence>
      <sentence id="d000.s878" source="wordnet-slovenian">
         <wf lemma="TAKO" pos="X">TAKO</wf>
         <wf lemma="NA" pos="X">NA</wf>
         <wf lemma="PRIMER" pos="X">PRIMER</wf>
         <wf lemma="DOGOVOR" pos="X">DOGOVOR</wf>
         <wf lemma="O" pos="X">O</wf>
         <wf lemma="POLITIKI" pos="X">POLITIKI</wf>
         <wf lemma="PLAČ" pos="X">PLAČ</wf>
         <wf lemma="ZA" pos="X">ZA</wf>
         <wf lemma="OBDOBJE" pos="X">OBDOBJE</wf>
         <wf lemma="19992001" pos="X">19992001</wf>
         <wf lemma="," pos="X">,</wf>
         <wf lemma="URADNI" pos="X">URADNI</wf>
         <wf lemma="LIST" pos="X">LIST</wf>
         <wf lemma="RS" pos="X">RS</wf>
         <wf lemma="," pos="X">,</wf>
         <wf lemma="ŠT." pos="X">ŠT.</wf>
         <wf lemma="22" pos="X">22</wf>
         <wf lemma="-" pos="X">-</wf>
         <wf lemma="1017/99" pos="X">1017/99</wf>
         <wf lemma="," pos="X">,</wf>
         <wf lemma="RS" pos="X">RS</wf>
         <wf lemma="39" pos="X">39</wf>
         <wf lemma="-" pos="X">-</wf>
         <wf lemma="1963" pos="X">1963</wf>
         <wf lemma="/" pos="X">/</wf>
         <wf lemma="99" pos="X">99</wf>
         <wf lemma="(" pos="X">(</wf>
         <wf lemma="V" pos="X">V</wf>
         <wf lemma="ČASU" pos="X">ČASU</wf>
         <wf lemma="VELJAVNOSTI" pos="X">VELJAVNOSTI</wf>
         <wf lemma="ZAKONA" pos="X">ZAKONA</wf>
         <wf lemma="O" pos="X">O</wf>
         <wf lemma="MINIMALNI" pos="X">MINIMALNI</wf>
         <wf lemma="PLAČI" pos="X">PLAČI</wf>
         <wf lemma="," pos="X">,</wf>
         <wf lemma="O" pos="X">O</wf>
         <instance id="d000.s878.t000" lemma="način" pos="NOUN">NAČINU</instance>
         <wf lemma="USKLAJEVANJA" pos="X">USKLAJEVANJA</wf>
         <wf lemma="PLAČ" pos="X">PLAČ</wf>
         <wf lemma="IN" pos="X">IN</wf>
         <wf lemma="O" pos="X">O</wf>
         <wf lemma="REGRESU" pos="X">REGRESU</wf>
         <wf lemma="ZA" pos="X">ZA</wf>
         <wf lemma="LETNI" pos="X">LETNI</wf>
         <wf lemma="DOPUST" pos="X">DOPUST</wf>
         <wf lemma="V" pos="X">V</wf>
         <wf lemma="OBDOBJU" pos="X">OBDOBJU</wf>
         <wf lemma="19992001" pos="X">19992001</wf>
         <wf lemma="(" pos="X">(</wf>
         <wf lemma="ZMPUPR" pos="X">ZMPUPR</wf>
         <wf lemma="," pos="X">,</wf>
         <wf lemma="URADNI" pos="X">URADNI</wf>
         <wf lemma="LIST" pos="X">LIST</wf>
         <wf lemma="RS" pos="X">RS</wf>
         <wf lemma="," pos="X">,</wf>
         <wf lemma="ŠT." pos="X">ŠT.</wf>
         <wf lemma="39" pos="X">39</wf>
         <wf lemma="-" pos="X">-</wf>
         <wf lemma="1963" pos="X">1963</wf>
         <wf lemma="/99" pos="X">/99</wf>
         <wf lemma=")" pos="X">)</wf>
         <wf lemma="SE" pos="X">SE</wf>
         <wf lemma="NE" pos="X">NE</wf>
         <wf lemma="UPORABLJAJO" pos="X">UPORABLJAJO</wf>
         <wf lemma="DOLOČBE" pos="X">DOLOČBE</wf>
         <wf lemma="PREDPISA" pos="X">PREDPISA</wf>
         <wf lemma="," pos="X">,</wf>
         <wf lemma="KI" pos="X">KI</wf>
         <wf lemma="SO" pos="X">SO</wf>
         <wf lemma="V" pos="X">V</wf>
         <wf lemma="NASPROTJU" pos="X">NASPROTJU</wf>
         <wf lemma="S" pos="X">S</wf>
         <wf lemma="TEM" pos="X">TEM</wf>
         <wf lemma="ZAKONOM" pos="X">ZAKONOM</wf>
         <wf lemma=")" pos="X">)</wf>
         <wf lemma="," pos="X">,</wf>
         <wf lemma="51" pos="X">51</wf>
         <wf lemma="-" pos="X">-</wf>
         <wf lemma="2422" pos="X">2422</wf>
         <wf lemma="/" pos="X">/</wf>
         <wf lemma="00" pos="X">00</wf>
         <wf lemma="(" pos="X">(</wf>
         <wf lemma="ANEKS" pos="X">ANEKS</wf>
         <wf lemma=")" pos="X">)</wf>
         <wf lemma="." pos="X">.</wf>
      </sentence>
      <sentence id="d000.s879" source="wordnet-slovenian">
         <wf lemma="Svoje" pos="X">Svoje</wf>
         <wf lemma="želje" pos="X">želje</wf>
         <wf lemma="je" pos="X">je</wf>
         <wf lemma="kazal" pos="X">kazal</wf>
         <wf lemma="na" pos="X">na</wf>
         <wf lemma="izviren" pos="X">izviren</wf>
         <instance id="d000.s879.t000" lemma="način" pos="NOUN">način</instance>
         <wf lemma="." pos="X">.</wf>
      </sentence>
      <sentence id="d000.s880" source="wordnet-slovenian">
         <wf lemma="Na" pos="X">Na</wf>
         <wf lemma="primer" pos="X">primer</wf>
         <wf lemma="uspešne" pos="X">uspešne</wf>
         <wf lemma="in" pos="X">in</wf>
         <wf lemma="že" pos="X">že</wf>
         <wf lemma="vsepovsod" pos="X">vsepovsod</wf>
         <wf lemma="navzoče" pos="X">navzoče</wf>
         <wf lemma="finske" pos="X">finske</wf>
         <wf lemma="in" pos="X">in</wf>
         <wf lemma="v" pos="X">v</wf>
         <wf lemma="zadnjem" pos="X">zadnjem</wf>
         <wf lemma="obdobju" pos="X">obdobju</wf>
         <wf lemma="-" pos="X">-</wf>
         <wf lemma="pred" pos="X">pred</wf>
         <instance id="d000.s880.t000" lemma="leto" pos="NOUN">leti</instance>
         <wf lemma="z" pos="X">z</wf>
         <wf lemma="Miko" pos="X">Miko</wf>
         <wf lemma="Kojonkoskim" pos="X">Kojonkoskim</wf>
         <wf lemma="," pos="X">,</wf>
         <wf lemma="zdaj" pos="X">zdaj</wf>
         <wf lemma="pa" pos="X">pa</wf>
         <wf lemma="s" pos="X">s</wf>
         <wf lemma="Hannujem" pos="X">Hannujem</wf>
         <wf lemma="Lepistöjem" pos="X">Lepistöjem</wf>
         <wf lemma="-" pos="X">-</wf>
         <wf lemma="z" pos="X">z</wf>
         <wf lemma="njo" pos="X">njo</wf>
         <wf lemma="že" pos="X">že</wf>
         <wf lemma="oplemenitene" pos="X">oplemenitene</wf>
         <wf lemma="avstrijske" pos="X">avstrijske</wf>
         <wf lemma="." pos="X">.</wf>
      </sentence>
      <sentence id="d000.s881" source="wordnet-slovenian">
         <wf lemma="V" pos="X">V</wf>
         <wf lemma="začetku" pos="X">začetku</wf>
         <wf lemma="avgusta" pos="X">avgusta</wf>
         <wf lemma="so" pos="X">so</wf>
         <wf lemma="se" pos="X">se</wf>
         <wf lemma="pod" pos="X">pod</wf>
         <wf lemma="okriljem" pos="X">okriljem</wf>
         <wf lemma="urednika" pos="X">urednika</wf>
         <wf lemma="Igorja" pos="X">Igorja</wf>
         <wf lemma="Prassla" pos="X">Prassla</wf>
         <wf lemma="(" pos="X">(</wf>
         <wf lemma="foto" pos="X">foto</wf>
         <wf lemma=":" pos="X">:</wf>
         <wf lemma="Bojan" pos="X">Bojan</wf>
         <wf lemma="Velikonja" pos="X">Velikonja</wf>
         <wf lemma=")" pos="X">)</wf>
         <wf lemma="mudili" pos="X">mudili</wf>
         <wf lemma="že" pos="X">že</wf>
         <wf lemma="v" pos="X">v</wf>
         <wf lemma="Dubrovniku" pos="X">Dubrovniku</wf>
         <wf lemma="," pos="X">,</wf>
         <wf lemma="konec" pos="X">konec</wf>
         <instance id="d000.s881.t000" lemma="mesec" pos="NOUN">meseca</instance>
         <wf lemma="pa" pos="X">pa</wf>
         <wf lemma="odhajajo" pos="X">odhajajo</wf>
         <wf lemma="še" pos="X">še</wf>
         <wf lemma="v" pos="X">v</wf>
         <wf lemma="Raveno" pos="X">Raveno</wf>
         <wf lemma="na" pos="X">na</wf>
         <wf lemma="deželni" pos="X">deželni</wf>
         <wf lemma="festival" pos="X">festival</wf>
         <wf lemma="Festa" pos="X">Festa</wf>
         <wf lemma="Provinciale" pos="X">Provinciale</wf>
         <wf lemma="dell" pos="X">dell</wf>
         <wf lemma="'" pos="X">'</wf>
         <wf lemma="Unita" pos="X">Unita</wf>
         <wf lemma="." pos="X">.</wf>
      </sentence>
      <sentence id="d000.s882" source="wordnet-slovenian">
         <wf lemma="Prepričan" pos="X">Prepričan</wf>
         <wf lemma="sem" pos="X">sem</wf>
         <wf lemma="," pos="X">,</wf>
         <wf lemma="da" pos="X">da</wf>
         <wf lemma="moram" pos="X">moram</wf>
         <wf lemma="rešiti" pos="X">rešiti</wf>
         <wf lemma="svoja" pos="X">svoja</wf>
         <instance id="d000.s882.t000" lemma="otrok" pos="NOUN">otroka</instance>
         <wf lemma=";" pos="X">;</wf>
         <wf lemma="v" pos="X">v</wf>
         <wf lemma="bistvu" pos="X">bistvu</wf>
         <wf lemma="pa" pos="X">pa</wf>
         <wf lemma="sta" pos="X">sta</wf>
         <wf lemma="me" pos="X">me</wf>
         <wf lemma="reševala" pos="X">reševala</wf>
         <wf lemma="onadva" pos="X">onadva</wf>
         <wf lemma="," pos="X">,</wf>
         <wf lemma="tako" pos="X">tako</wf>
         <wf lemma="da" pos="X">da</wf>
         <wf lemma="sta" pos="X">sta</wf>
         <wf lemma="mi" pos="X">mi</wf>
         <wf lemma="preprečevala" pos="X">preprečevala</wf>
         <wf lemma="," pos="X">,</wf>
         <wf lemma="da" pos="X">da</wf>
         <wf lemma="bi" pos="X">bi</wf>
         <wf lemma="obupal" pos="X">obupal</wf>
         <wf lemma="." pos="X">.</wf>
      </sentence>
      <sentence id="d000.s883" source="wordnet-slovenian">
         <wf lemma="Izbrana" pos="X">Izbrana</wf>
         <instance id="d000.s883.t000" lemma="delo" pos="NOUN">dela</instance>
         <wf lemma="so" pos="X">so</wf>
         <wf lemma="razstavili" pos="X">razstavili</wf>
         <wf lemma="v" pos="X">v</wf>
         <wf lemma="vhodni" pos="X">vhodni</wf>
         <wf lemma="avli" pos="X">avli</wf>
         <wf lemma="upravne" pos="X">upravne</wf>
         <wf lemma="stavbe" pos="X">stavbe</wf>
         <wf lemma="PP" pos="X">PP</wf>
         <wf lemma="in" pos="X">in</wf>
         <wf lemma="tja" pos="X">tja</wf>
         <wf lemma="konec" pos="X">konec</wf>
         <wf lemma="novembra" pos="X">novembra</wf>
         <wf lemma="na" pos="X">na</wf>
         <wf lemma="otvoritev" pos="X">otvoritev</wf>
         <wf lemma="povabili" pos="X">povabili</wf>
         <wf lemma="male" pos="X">male</wf>
         <wf lemma="risarje" pos="X">risarje</wf>
         <wf lemma="," pos="X">,</wf>
         <wf lemma="njihove" pos="X">njihove</wf>
         <wf lemma="starše" pos="X">starše</wf>
         <wf lemma="in" pos="X">in</wf>
         <wf lemma="učitelje" pos="X">učitelje</wf>
         <wf lemma="." pos="X">.</wf>
      </sentence>
      <sentence id="d000.s884" source="wordnet-slovenian">
         <wf lemma="Po" pos="X">Po</wf>
         <wf lemma="hodnikih" pos="X">hodnikih</wf>
         <wf lemma="so" pos="X">so</wf>
         <wf lemma="že" pos="X">že</wf>
         <wf lemma="hodili" pos="X">hodili</wf>
         <instance id="d000.s884.t000" lemma="človek" pos="NOUN">ljudje</instance>
         <wf lemma="in" pos="X">in</wf>
         <wf lemma="se" pos="X">se</wf>
         <wf lemma="pogovarjali" pos="X">pogovarjali</wf>
         <wf lemma="." pos="X">.</wf>
      </sentence>
      <sentence id="d000.s885" source="wordnet-slovenian">
         <wf lemma="Že" pos="X">Že</wf>
         <wf lemma="naslednje" pos="X">naslednje</wf>
         <instance id="d000.s885.t000" lemma="leto" pos="NOUN">leto</instance>
         <wf lemma="po" pos="X">po</wf>
         <wf lemma="ustanovitvi" pos="X">ustanovitvi</wf>
         <wf lemma="so" pos="X">so</wf>
         <wf lemma="Božakovčani" pos="X">Božakovčani</wf>
         <wf lemma="postavili" pos="X">postavili</wf>
         <wf lemma="gasilski" pos="X">gasilski</wf>
         <wf lemma="dom" pos="X">dom</wf>
         <wf lemma="," pos="X">,</wf>
         <wf lemma="v" pos="X">v</wf>
         <wf lemma="katerem" pos="X">katerem</wf>
         <wf lemma="sta" pos="X">sta</wf>
         <wf lemma="bila" pos="X">bila</wf>
         <wf lemma="oder" pos="X">oder</wf>
         <wf lemma="in" pos="X">in</wf>
         <wf lemma="galerija" pos="X">galerija</wf>
         <wf lemma="," pos="X">,</wf>
         <wf lemma="kar" pos="X">kar</wf>
         <wf lemma="je" pos="X">je</wf>
         <wf lemma="takrat" pos="X">takrat</wf>
         <wf lemma="veljalo" pos="X">veljalo</wf>
         <wf lemma="za" pos="X">za</wf>
         <wf lemma="velik" pos="X">velik</wf>
         <wf lemma="ugled" pos="X">ugled</wf>
         <wf lemma="." pos="X">.</wf>
      </sentence>
      <sentence id="d000.s886" source="wordnet-slovenian">
         <wf lemma="Nato" pos="X">Nato</wf>
         <wf lemma="bodo" pos="X">bodo</wf>
         <wf lemma="za" pos="X">za</wf>
         <wf lemma="zabavo" pos="X">zabavo</wf>
         <wf lemma="in" pos="X">in</wf>
         <wf lemma="smeh" pos="X">smeh</wf>
         <wf lemma="v" pos="X">v</wf>
         <wf lemma="medsebojnem" pos="X">medsebojnem</wf>
         <wf lemma="dvoboju" pos="X">dvoboju</wf>
         <wf lemma="poskrbeli" pos="X">poskrbeli</wf>
         <wf lemma="športni" pos="X">športni</wf>
         <wf lemma="novinarji" pos="X">novinarji</wf>
         <wf lemma="in" pos="X">in</wf>
         <wf lemma="medijske" pos="X">medijske</wf>
         <wf lemma="zvezde" pos="X">zvezde</wf>
         <wf lemma="," pos="X">,</wf>
         <wf lemma="v" pos="X">v</wf>
         <wf lemma="&quot;" pos="X">&quot;</wf>
         <wf lemma="predigri" pos="X">predigri</wf>
         <wf lemma="&quot;" pos="X">&quot;</wf>
         <wf lemma="glavne" pos="X">glavne</wf>
         <wf lemma="tekme" pos="X">tekme</wf>
         <wf lemma="prireditve" pos="X">prireditve</wf>
         <wf lemma="pa" pos="X">pa</wf>
         <wf lemma="bodo" pos="X">bodo</wf>
         <wf lemma="merili" pos="X">merili</wf>
         <instance id="d000.s886.t000" lemma="moč" pos="NOUN">moči</instance>
         <wf lemma="tudi" pos="X">tudi</wf>
         <wf lemma="igralci" pos="X">igralci</wf>
         <wf lemma="Gorenja" pos="X">Gorenja</wf>
         <wf lemma="in" pos="X">in</wf>
         <wf lemma="veteranske" pos="X">veteranske</wf>
         <wf lemma="selekcije" pos="X">selekcije</wf>
         <wf lemma="." pos="X">.</wf>
      </sentence>
      <sentence id="d000.s887" source="wordnet-slovenian">
         <wf lemma="Koliko" pos="X">Koliko</wf>
         <wf lemma="ta" pos="X">ta</wf>
         <wf lemma="specifični" pos="X">specifični</wf>
         <instance id="d000.s887.t000" lemma="način" pos="NOUN">način</instance>
         <wf lemma="prodaje" pos="X">prodaje</wf>
         <wf lemma="odloča" pos="X">odloča</wf>
         <wf lemma="o" pos="X">o</wf>
         <wf lemma="vsebini" pos="X">vsebini</wf>
         <wf lemma="časopisa" pos="X">časopisa</wf>
         <wf lemma="?" pos="X">?</wf>
      </sentence>
      <sentence id="d000.s888" source="wordnet-slovenian">
         <wf lemma="Udeležence" pos="X">Udeležence</wf>
         <wf lemma="že" pos="X">že</wf>
         <wf lemma="opozarjajo" pos="X">opozarjajo</wf>
         <wf lemma="," pos="X">,</wf>
         <wf lemma="naj" pos="X">naj</wf>
         <wf lemma="med" pos="X">med</wf>
         <wf lemma="tekom" pos="X">tekom</wf>
         <wf lemma="ne" pos="X">ne</wf>
         <wf lemma="jemljejo" pos="X">jemljejo</wf>
         <instance id="d000.s888.t000" lemma="voda" pos="NOUN">vode</instance>
         <wf lemma="iz" pos="X">iz</wf>
         <wf lemma="rok" pos="X">rok</wf>
         <wf lemma="neznanih" pos="X">neznanih</wf>
         <wf lemma="mimoidočih" pos="X">mimoidočih</wf>
         <wf lemma="gledalcev" pos="X">gledalcev</wf>
         <wf lemma="." pos="X">.</wf>
      </sentence>
      <sentence id="d000.s889" source="wordnet-slovenian">
         <wf lemma="Odbor" pos="X">Odbor</wf>
         <wf lemma="amandma" pos="X">amandma</wf>
         <wf lemma="podpira" pos="X">podpira</wf>
         <wf lemma="," pos="X">,</wf>
         <instance id="d000.s889.t000" lemma="vlada" pos="NOUN">Vlada</instance>
         <wf lemma="amandmaja" pos="X">amandmaja</wf>
         <wf lemma="ne" pos="X">ne</wf>
         <wf lemma="podpira" pos="X">podpira</wf>
         <wf lemma="." pos="X">.</wf>
      </sentence>
      <sentence id="d000.s890" source="wordnet-slovenian">
         <wf lemma="Tudi" pos="X">Tudi</wf>
         <wf lemma="s" pos="X">s</wf>
         <wf lemma="tem" pos="X">tem</wf>
         <wf lemma="," pos="X">,</wf>
         <wf lemma="da" pos="X">da</wf>
         <wf lemma="zaradi" pos="X">zaradi</wf>
         <wf lemma="svojega" pos="X">svojega</wf>
         <wf lemma="slabega" pos="X">slabega</wf>
         <wf lemma="razmišljanja" pos="X">razmišljanja</wf>
         <wf lemma="," pos="X">,</wf>
         <wf lemma="negativne" pos="X">negativne</wf>
         <wf lemma="naravnanosti" pos="X">naravnanosti</wf>
         <wf lemma="in" pos="X">in</wf>
         <wf lemma="nepravilnega" pos="X">nepravilnega</wf>
         <wf lemma="delovanja" pos="X">delovanja</wf>
         <wf lemma="v" pos="X">v</wf>
         <instance id="d000.s890.t000" lemma="življenje" pos="NOUN">življenju</instance>
         <wf lemma="zapademo" pos="X">zapademo</wf>
         <wf lemma="v" pos="X">v</wf>
         <wf lemma="katero" pos="X">katero</wf>
         <wf lemma="koli" pos="X">koli</wf>
         <wf lemma="bolezen" pos="X">bolezen</wf>
         <wf lemma="," pos="X">,</wf>
         <wf lemma="lahko" pos="X">lahko</wf>
         <wf lemma="tudi" pos="X">tudi</wf>
         <wf lemma="v" pos="X">v</wf>
         <wf lemma="odvisnost" pos="X">odvisnost</wf>
         <wf lemma="." pos="X">.</wf>
      </sentence>
      <sentence id="d000.s891" source="wordnet-slovenian">
         <wf lemma="Politiki" pos="X">Politiki</wf>
         <wf lemma="," pos="X">,</wf>
         <wf lemma="ki" pos="X">ki</wf>
         <wf lemma="so" pos="X">so</wf>
         <wf lemma="s" pos="X">s</wf>
         <wf lemma="kratkovidno" pos="X">kratkovidno</wf>
         <wf lemma="in" pos="X">in</wf>
         <wf lemma="neodgovorno" pos="X">neodgovorno</wf>
         <wf lemma="politiko" pos="X">politiko</wf>
         <wf lemma="zakuhali" pos="X">zakuhali</wf>
         <wf lemma="tak" pos="X">tak</wf>
         <instance id="d000.s891.t000" lemma="svet" pos="NOUN">svet</instance>
         <wf lemma="," pos="X">,</wf>
         <wf lemma="v" pos="X">v</wf>
         <wf lemma="tem" pos="X">tem</wf>
         <wf lemma="peklenskem" pos="X">peklenskem</wf>
         <wf lemma="položaju" pos="X">položaju</wf>
         <wf lemma="povsem" pos="X">povsem</wf>
         <wf lemma="izgubljajo" pos="X">izgubljajo</wf>
         <wf lemma="razsodnost" pos="X">razsodnost</wf>
         <wf lemma=";" pos="X">;</wf>
         <wf lemma="da" pos="X">da</wf>
         <wf lemma="bi" pos="X">bi</wf>
         <wf lemma="našli" pos="X">našli</wf>
         <wf lemma="opravičilo" pos="X">opravičilo</wf>
         <wf lemma="pred" pos="X">pred</wf>
         <wf lemma="pretresenim" pos="X">pretresenim</wf>
         <wf lemma="ljudstvom" pos="X">ljudstvom</wf>
         <wf lemma="," pos="X">,</wf>
         <wf lemma="obljubljajo" pos="X">obljubljajo</wf>
         <wf lemma="najbolj" pos="X">najbolj</wf>
         <wf lemma="primitivne" pos="X">primitivne</wf>
         <wf lemma="odgovore" pos="X">odgovore</wf>
         <wf lemma="," pos="X">,</wf>
         <wf lemma="zob" pos="X">zob</wf>
         <wf lemma="za" pos="X">za</wf>
         <wf lemma="zob" pos="X">zob</wf>
         <wf lemma="," pos="X">,</wf>
         <wf lemma="krvno" pos="X">krvno</wf>
         <wf lemma="maščevanje" pos="X">maščevanje</wf>
         <wf lemma="ne" pos="X">ne</wf>
         <wf lemma="le" pos="X">le</wf>
         <wf lemma="proti" pos="X">proti</wf>
         <wf lemma="krivcem" pos="X">krivcem</wf>
         <wf lemma="," pos="X">,</wf>
         <wf lemma="ampak" pos="X">ampak</wf>
         <wf lemma="tudi" pos="X">tudi</wf>
         <wf lemma="proti" pos="X">proti</wf>
         <wf lemma="vsej" pos="X">vsej</wf>
         <wf lemma="njihovi" pos="X">njihovi</wf>
         <wf lemma="okolici" pos="X">okolici</wf>
         <wf lemma="," pos="X">,</wf>
         <wf lemma="obljubljajo" pos="X">obljubljajo</wf>
         <wf lemma="rasno" pos="X">rasno</wf>
         <wf lemma="vojno" pos="X">vojno</wf>
         <wf lemma="." pos="X">.</wf>
      </sentence>
      <sentence id="d000.s892" source="wordnet-slovenian">
         <wf lemma="Širše" pos="X">Širše</wf>
         <instance id="d000.s892.t000" lemma="vprašanje" pos="NOUN">vprašanje</instance>
         <wf lemma="," pos="X">,</wf>
         <wf lemma="ki" pos="X">ki</wf>
         <wf lemma="preveva" pos="X">preveva</wf>
         <wf lemma="to" pos="X">to</wf>
         <wf lemma="kritično" pos="X">kritično</wf>
         <wf lemma="razčlembo" pos="X">razčlembo</wf>
         <wf lemma="," pos="X">,</wf>
         <wf lemma="pa" pos="X">pa</wf>
         <wf lemma="je" pos="X">je</wf>
         <wf lemma="," pos="X">,</wf>
         <wf lemma="kako" pos="X">kako</wf>
         <wf lemma="razviti" pos="X">razviti</wf>
         <wf lemma="socialistično" pos="X">socialistično</wf>
         <wf lemma="-" pos="X">-</wf>
         <wf lemma="feministično" pos="X">feministično</wf>
         <wf lemma="znanost" pos="X">znanost</wf>
         <wf lemma="o" pos="X">o</wf>
         <wf lemma="življenju" pos="X">življenju</wf>
         <wf lemma="." pos="X">.</wf>
      </sentence>
      <sentence id="d000.s893" source="wordnet-slovenian">
         <wf lemma="Po" pos="X">Po</wf>
         <wf lemma="tem" pos="X">tem</wf>
         <instance id="d000.s893.t000" lemma="mnenje" pos="NOUN">mnenju</instance>
         <wf lemma="ni" pos="X">ni</wf>
         <wf lemma="porabništva" pos="X">porabništva</wf>
         <wf lemma="nič" pos="X">nič</wf>
         <wf lemma="teže" pos="X">teže</wf>
         <wf lemma="pojasniti" pos="X">pojasniti</wf>
         <wf lemma="kot" pos="X">kot</wf>
         <wf lemma="nezmožnost" pos="X">nezmožnost</wf>
         <wf lemma="nadzorovanja" pos="X">nadzorovanja</wf>
         <wf lemma="želje" pos="X">želje</wf>
         <wf lemma="po" pos="X">po</wf>
         <wf lemma="hrani" pos="X">hrani</wf>
         <wf lemma="ali" pos="X">ali</wf>
         <wf lemma="kajenju" pos="X">kajenju</wf>
         <wf lemma="." pos="X">.</wf>
      </sentence>
      <sentence id="d000.s894" source="wordnet-slovenian">
         <wf lemma="ČLENU" pos="X">ČLENU</wf>
         <wf lemma="ZSPJS" pos="X">ZSPJS</wf>
         <wf lemma="SE" pos="X">SE</wf>
         <wf lemma="USKLADITVE" pos="X">USKLADITVE</wf>
         <wf lemma="NOVIH" pos="X">NOVIH</wf>
         <wf lemma="RAZMERIJ" pos="X">RAZMERIJ</wf>
         <wf lemma="MED" pos="X">MED</wf>
         <wf lemma="POSAMEZNIMI" pos="X">POSAMEZNIMI</wf>
         <wf lemma="PLAČNIMI" pos="X">PLAČNIMI</wf>
         <wf lemma="PODSKUPINAMI" pos="X">PODSKUPINAMI</wf>
         <wf lemma="," pos="X">,</wf>
         <wf lemma="KI" pos="X">KI</wf>
         <wf lemma="SO" pos="X">SO</wf>
         <wf lemma="DOLOČENA" pos="X">DOLOČENA</wf>
         <wf lemma="V" pos="X">V</wf>
         <wf lemma="PRILOGI" pos="X">PRILOGI</wf>
         <wf lemma="2" pos="X">2</wf>
         <wf lemma="ZSPJS" pos="X">ZSPJS</wf>
         <wf lemma="," pos="X">,</wf>
         <wf lemma="UVELJAVIJO" pos="X">UVELJAVIJO</wf>
         <wf lemma="POSTOPOMA" pos="X">POSTOPOMA</wf>
         <wf lemma="DO" pos="X">DO</wf>
         <instance id="d000.s894.t000" lemma="leto" pos="NOUN">LETA</instance>
         <wf lemma="2008" pos="X">2008</wf>
         <wf lemma="." pos="X">.</wf>
      </sentence>
      <sentence id="d000.s895" source="wordnet-slovenian">
         <wf lemma="Po" pos="X">Po</wf>
         <wf lemma="krajši" pos="X">krajši</wf>
         <wf lemma="digresiji" pos="X">digresiji</wf>
         <wf lemma="v" pos="X">v</wf>
         <wf lemma="zgodovino" pos="X">zgodovino</wf>
         <instance id="d000.s895.t000" lemma="film" pos="NOUN">filma</instance>
         <wf lemma="," pos="X">,</wf>
         <wf lemma="ki" pos="X">ki</wf>
         <wf lemma="premore" pos="X">premore</wf>
         <wf lemma="dosti" pos="X">dosti</wf>
         <wf lemma="bolj" pos="X">bolj</wf>
         <wf lemma="nosne" pos="X">nosne</wf>
         <wf lemma="in" pos="X">in</wf>
         <wf lemma="inteligentne" pos="X">inteligentne</wf>
         <wf lemma="finte" pos="X">finte</wf>
         <wf lemma="," pos="X">,</wf>
         <wf lemma="je" pos="X">je</wf>
         <wf lemma="cigo" pos="X">cigo</wf>
         <wf lemma="ceno" pos="X">ceno</wf>
         <wf lemma="spustil" pos="X">spustil</wf>
         <wf lemma="na" pos="X">na</wf>
         <wf lemma="160" pos="X">160</wf>
         <wf lemma="šilingov" pos="X">šilingov</wf>
         <wf lemma="," pos="X">,</wf>
         <wf lemma="kot" pos="X">kot</wf>
         <wf lemma="bonus" pos="X">bonus</wf>
         <wf lemma="ponujal" pos="X">ponujal</wf>
         <wf lemma="cunjasto" pos="X">cunjasto</wf>
         <wf lemma="lutkico" pos="X">lutkico</wf>
         <wf lemma="," pos="X">,</wf>
         <wf lemma="ter" pos="X">ter</wf>
         <wf lemma="stokal" pos="X">stokal</wf>
         <wf lemma="o" pos="X">o</wf>
         <wf lemma="izgubi" pos="X">izgubi</wf>
         <wf lemma="," pos="X">,</wf>
         <wf lemma="ki" pos="X">ki</wf>
         <wf lemma="mu" pos="X">mu</wf>
         <wf lemma="jo" pos="X">jo</wf>
         <wf lemma="prinašam" pos="X">prinašam</wf>
         <wf lemma="," pos="X">,</wf>
         <wf lemma="in" pos="X">in</wf>
         <wf lemma="o" pos="X">o</wf>
         <wf lemma="njegovi" pos="X">njegovi</wf>
         <wf lemma="službi" pos="X">službi</wf>
         <wf lemma="," pos="X">,</wf>
         <wf lemma="ki" pos="X">ki</wf>
         <wf lemma="jo" pos="X">jo</wf>
         <wf lemma="s" pos="X">s</wf>
         <wf lemma="tem" pos="X">tem</wf>
         <wf lemma="popustom" pos="X">popustom</wf>
         <wf lemma="postavlja" pos="X">postavlja</wf>
         <wf lemma="na" pos="X">na</wf>
         <wf lemma="kocko" pos="X">kocko</wf>
         <wf lemma="." pos="X">.</wf>
      </sentence>
      <sentence id="d000.s896" source="wordnet-slovenian">
         <wf lemma="»" pos="X">»</wf>
         <instance id="d000.s896.t000" lemma="pomoč" pos="NOUN">Pomoči</instance>
         <wf lemma="prve" pos="X">prve</wf>
         <wf lemma="vrste" pos="X">vrste</wf>
         <wf lemma="ne" pos="X">ne</wf>
         <wf lemma="potrebujemo" pos="X">potrebujemo</wf>
         <wf lemma="," pos="X">,</wf>
         <wf lemma="saj" pos="X">saj</wf>
         <wf lemma="nas" pos="X">nas</wf>
         <wf lemma="vsi" pos="X">vsi</wf>
         <wf lemma="tovrstni" pos="X">tovrstni</wf>
         <wf lemma="'" pos="X">'</wf>
         <wf lemma="humanitarci" pos="X">humanitarci</wf>
         <wf lemma="'" pos="X">'</wf>
         <wf lemma="še" pos="X">še</wf>
         <wf lemma="vedno" pos="X">vedno</wf>
         <wf lemma="uvrščajo" pos="X">uvrščajo</wf>
         <wf lemma="v" pos="X">v</wf>
         <wf lemma="Jugoslavijo" pos="X">Jugoslavijo</wf>
         <wf lemma="," pos="X">,</wf>
         <wf lemma="zato" pos="X">zato</wf>
         <wf lemma="smo" pos="X">smo</wf>
         <wf lemma="pomoči" pos="X">pomoči</wf>
         <wf lemma="deležni" pos="X">deležni</wf>
         <wf lemma="kot" pos="X">kot</wf>
         <wf lemma="del" pos="X">del</wf>
         <wf lemma="nekdanje" pos="X">nekdanje</wf>
         <wf lemma="Jugoslavije" pos="X">Jugoslavije</wf>
         <wf lemma="," pos="X">,</wf>
         <wf lemma="ne" pos="X">ne</wf>
         <wf lemma="kot" pos="X">kot</wf>
         <wf lemma="samostojna" pos="X">samostojna</wf>
         <wf lemma="država" pos="X">država</wf>
         <wf lemma="." pos="X">.</wf>
      </sentence>
      <sentence id="d000.s897" source="wordnet-slovenian">
         <wf lemma="Med" pos="X">Med</wf>
         <wf lemma="celotnim" pos="X">celotnim</wf>
         <instance id="d000.s897.t000" lemma="postopek" pos="NOUN">postopkom</instance>
         <wf lemma="moramo" pos="X">moramo</wf>
         <wf lemma="paziti" pos="X">paziti</wf>
         <wf lemma="," pos="X">,</wf>
         <wf lemma="da" pos="X">da</wf>
         <wf lemma="koža" pos="X">koža</wf>
         <wf lemma="in" pos="X">in</wf>
         <wf lemma="plavuti" pos="X">plavuti</wf>
         <wf lemma="ostanejo" pos="X">ostanejo</wf>
         <wf lemma="vlažne" pos="X">vlažne</wf>
         <wf lemma="." pos="X">.</wf>
      </sentence>
      <sentence id="d000.s898" source="wordnet-slovenian">
         <wf lemma="WASHINGTON" pos="X">WASHINGTON</wf>
         <wf lemma="Svetovalci" pos="X">Svetovalci</wf>
         <wf lemma="ameriškega" pos="X">ameriškega</wf>
         <wf lemma="predsednika" pos="X">predsednika</wf>
         <wf lemma="Georgea" pos="X">Georgea</wf>
         <wf lemma="Busha" pos="X">Busha</wf>
         <wf lemma="so" pos="X">so</wf>
         <wf lemma="sestavili" pos="X">sestavili</wf>
         <wf lemma="osnutek" pos="X">osnutek</wf>
         <wf lemma="predvolilne" pos="X">predvolilne</wf>
         <wf lemma="strategije" pos="X">strategije</wf>
         <wf lemma="za" pos="X">za</wf>
         <wf lemma="prihodnje" pos="X">prihodnje</wf>
         <instance id="d000.s898.t000" lemma="leto" pos="NOUN">leto</instance>
         <wf lemma="," pos="X">,</wf>
         <wf lemma="ki" pos="X">ki</wf>
         <wf lemma="predvideva" pos="X">predvideva</wf>
         <wf lemma="najbolj" pos="X">najbolj</wf>
         <wf lemma="pozno" pos="X">pozno</wf>
         <wf lemma="konvencijo" pos="X">konvencijo</wf>
         <wf lemma="(" pos="X">(</wf>
         <wf lemma="strankarsko" pos="X">strankarsko</wf>
         <wf lemma="zborovanje" pos="X">zborovanje</wf>
         <wf lemma=")" pos="X">)</wf>
         <wf lemma="v" pos="X">v</wf>
         <wf lemma="zgodovini" pos="X">zgodovini</wf>
         <wf lemma="republikanske" pos="X">republikanske</wf>
         <wf lemma="stranke" pos="X">stranke</wf>
         <wf lemma="," pos="X">,</wf>
         <wf lemma="da" pos="X">da</wf>
         <wf lemma="bi" pos="X">bi</wf>
         <wf lemma="bila" pos="X">bila</wf>
         <wf lemma="ta" pos="X">ta</wf>
         <wf lemma="lahko" pos="X">lahko</wf>
         <wf lemma="čim" pos="X">čim</wf>
         <wf lemma="bliže" pos="X">bliže</wf>
         <wf lemma="obletnici" pos="X">obletnici</wf>
         <wf lemma="terorističnih" pos="X">terorističnih</wf>
         <wf lemma="napadov" pos="X">napadov</wf>
         <wf lemma="." pos="X">.</wf>
      </sentence>
      <sentence id="d000.s899" source="wordnet-slovenian">
         <wf lemma="Nekaj" pos="X">Nekaj</wf>
         <wf lemma="časa" pos="X">časa</wf>
         <wf lemma="ste" pos="X">ste</wf>
         <wf lemma="živeli" pos="X">živeli</wf>
         <wf lemma="v" pos="X">v</wf>
         <wf lemma="različnih" pos="X">različnih</wf>
         <wf lemma="krajih" pos="X">krajih</wf>
         <wf lemma="po" pos="X">po</wf>
         <instance id="d000.s899.t000" lemma="svet" pos="NOUN">svetu</instance>
         <wf lemma="." pos="X">.</wf>
      </sentence>
      <sentence id="d000.s900" source="wordnet-slovenian">
         <wf lemma="Letošnje" pos="X">Letošnje</wf>
         <wf lemma="letno" pos="X">letno</wf>
         <wf lemma="poročilo" pos="X">poročilo</wf>
         <wf lemma="evropske" pos="X">evropske</wf>
         <wf lemma="komisije" pos="X">komisije</wf>
         <wf lemma="navaja" pos="X">navaja</wf>
         <wf lemma="velik" pos="X">velik</wf>
         <wf lemma="napredek" pos="X">napredek</wf>
         <wf lemma="pri" pos="X">pri</wf>
         <instance id="d000.s900.t000" lemma="postopek" pos="NOUN">postopkih</instance>
         <wf lemma="za" pos="X">za</wf>
         <wf lemma="ustanavljanje" pos="X">ustanavljanje</wf>
         <wf lemma="podjetij" pos="X">podjetij</wf>
         <wf lemma="," pos="X">,</wf>
         <wf lemma="boljši" pos="X">boljši</wf>
         <wf lemma="dostop" pos="X">dostop</wf>
         <wf lemma="podjetij" pos="X">podjetij</wf>
         <wf lemma="do" pos="X">do</wf>
         <wf lemma="elektronskega" pos="X">elektronskega</wf>
         <wf lemma="poslovanja" pos="X">poslovanja</wf>
         <wf lemma="," pos="X">,</wf>
         <wf lemma="uvajanje" pos="X">uvajanje</wf>
         <wf lemma="različnih" pos="X">različnih</wf>
         <wf lemma="oblik" pos="X">oblik</wf>
         <wf lemma="podjetniškega" pos="X">podjetniškega</wf>
         <wf lemma="izobraževanja" pos="X">izobraževanja</wf>
         <wf lemma="na" pos="X">na</wf>
         <wf lemma="visokih" pos="X">visokih</wf>
         <wf lemma="in" pos="X">in</wf>
         <wf lemma="srednjih" pos="X">srednjih</wf>
         <wf lemma="šolah" pos="X">šolah</wf>
         <wf lemma="," pos="X">,</wf>
         <wf lemma="na" pos="X">na</wf>
         <wf lemma="drugi" pos="X">drugi</wf>
         <wf lemma="strani" pos="X">strani</wf>
         <wf lemma="pa" pos="X">pa</wf>
         <wf lemma="tudi" pos="X">tudi</wf>
         <wf lemma="opozarja" pos="X">opozarja</wf>
         <wf lemma="na" pos="X">na</wf>
         <wf lemma="zanemarjanje" pos="X">zanemarjanje</wf>
         <wf lemma="vprašanja" pos="X">vprašanja</wf>
         <wf lemma="učinkovitega" pos="X">učinkovitega</wf>
         <wf lemma="zastopanja" pos="X">zastopanja</wf>
         <wf lemma="interesov" pos="X">interesov</wf>
         <wf lemma="malih" pos="X">malih</wf>
         <wf lemma="podjetij" pos="X">podjetij</wf>
         <wf lemma="na" pos="X">na</wf>
         <wf lemma="nacionalni" pos="X">nacionalni</wf>
         <wf lemma="in" pos="X">in</wf>
         <wf lemma="evropski" pos="X">evropski</wf>
         <wf lemma="ravni" pos="X">ravni</wf>
         <wf lemma="." pos="X">.</wf>
      </sentence>
      <sentence id="d000.s901" source="wordnet-slovenian">
         <wf lemma="Loka" pos="X">Loka</wf>
         <wf lemma="TV" pos="X">TV</wf>
         <wf lemma="je" pos="X">je</wf>
         <wf lemma="bila" pos="X">bila</wf>
         <wf lemma="že" pos="X">že</wf>
         <instance id="d000.s901.t000" lemma="leto" pos="NOUN">leto</instance>
         <wf lemma="dni" pos="X">dni</wf>
         <wf lemma="v" pos="X">v</wf>
         <wf lemma="hudi" pos="X">hudi</wf>
         <wf lemma="finančni" pos="X">finančni</wf>
         <wf lemma="stiski" pos="X">stiski</wf>
         <wf lemma="," pos="X">,</wf>
         <wf lemma="kar" pos="X">kar</wf>
         <wf lemma="je" pos="X">je</wf>
         <wf lemma="bilo" pos="X">bilo</wf>
         <wf lemma="za" pos="X">za</wf>
         <wf lemma="gledalce" pos="X">gledalce</wf>
         <wf lemma="več" pos="X">več</wf>
         <wf lemma="kot" pos="X">kot</wf>
         <wf lemma="očitno" pos="X">očitno</wf>
         <wf lemma="," pos="X">,</wf>
         <wf lemma="saj" pos="X">saj</wf>
         <wf lemma="ni" pos="X">ni</wf>
         <wf lemma="bilo" pos="X">bilo</wf>
         <wf lemma="več" pos="X">več</wf>
         <wf lemma="lastnega" pos="X">lastnega</wf>
         <wf lemma="programa" pos="X">programa</wf>
         <wf lemma="," pos="X">,</wf>
         <wf lemma="v" pos="X">v</wf>
         <wf lemma="glavnem" pos="X">glavnem</wf>
         <wf lemma="so" pos="X">so</wf>
         <wf lemma="prek" pos="X">prek</wf>
         <wf lemma="oddajnika" pos="X">oddajnika</wf>
         <wf lemma="na" pos="X">na</wf>
         <wf lemma="Lubniku" pos="X">Lubniku</wf>
         <wf lemma="na" pos="X">na</wf>
         <wf lemma="kanalu" pos="X">kanalu</wf>
         <wf lemma="51" pos="X">51</wf>
         <wf lemma="predvajali" pos="X">predvajali</wf>
         <wf lemma="video" pos="X">video</wf>
         <wf lemma="-" pos="X">-</wf>
         <wf lemma="strani" pos="X">strani</wf>
         <wf lemma="in" pos="X">in</wf>
         <wf lemma="stare" pos="X">stare</wf>
         <wf lemma="posnetke" pos="X">posnetke</wf>
         <wf lemma="drugih" pos="X">drugih</wf>
         <wf lemma="lokalnih" pos="X">lokalnih</wf>
         <wf lemma="televizij" pos="X">televizij</wf>
         <wf lemma="." pos="X">.</wf>
      </sentence>
      <sentence id="d000.s902" source="wordnet-slovenian">
         <wf lemma="V" pos="X">V</wf>
         <instance id="d000.s902.t000" lemma="leto" pos="NOUN">letih</instance>
         <wf lemma="1907" pos="X">1907</wf>
         <wf lemma="-" pos="X">-</wf>
         <wf lemma="1910" pos="X">1910</wf>
         <wf lemma="," pos="X">,</wf>
         <wf lemma="ko" pos="X">ko</wf>
         <wf lemma="je" pos="X">je</wf>
         <wf lemma="bil" pos="X">bil</wf>
         <wf lemma="Župančič" pos="X">Župančič</wf>
         <wf lemma="domači" pos="X">domači</wf>
         <wf lemma="učitelj" pos="X">učitelj</wf>
         <wf lemma="grofiču" pos="X">grofiču</wf>
         <wf lemma="Manfredu" pos="X">Manfredu</wf>
         <wf lemma="Attemsu" pos="X">Attemsu</wf>
         <wf lemma="na" pos="X">na</wf>
         <wf lemma="Nemškem" pos="X">Nemškem</wf>
         <wf lemma="in" pos="X">in</wf>
         <wf lemma="v" pos="X">v</wf>
         <wf lemma="Vorarlbergu" pos="X">Vorarlbergu</wf>
         <wf lemma="," pos="X">,</wf>
         <wf lemma="se" pos="X">se</wf>
         <wf lemma="je" pos="X">je</wf>
         <wf lemma="njegova" pos="X">njegova</wf>
         <wf lemma="pozornost" pos="X">pozornost</wf>
         <wf lemma="vnovič" pos="X">vnovič</wf>
         <wf lemma="usmerila" pos="X">usmerila</wf>
         <wf lemma="k" pos="X">k</wf>
         <wf lemma="mladinski" pos="X">mladinski</wf>
         <wf lemma="literaturi" pos="X">literaturi</wf>
         <wf lemma="." pos="X">.</wf>
      </sentence>
      <sentence id="d000.s903" source="wordnet-slovenian">
         <wf lemma="V" pos="X">V</wf>
         <wf lemma="Evropi" pos="X">Evropi</wf>
         <wf lemma="je" pos="X">je</wf>
         <wf lemma="pust" pos="X">pust</wf>
         <wf lemma="ohranil" pos="X">ohranil</wf>
         <wf lemma="določene" pos="X">določene</wf>
         <wf lemma="prvobitne" pos="X">prvobitne</wf>
         <wf lemma="prvine" pos="X">prvine</wf>
         <wf lemma="," pos="X">,</wf>
         <wf lemma="odvisno" pos="X">odvisno</wf>
         <wf lemma="od" pos="X">od</wf>
         <wf lemma="kraja" pos="X">kraja</wf>
         <wf lemma="do" pos="X">do</wf>
         <wf lemma="kraja" pos="X">kraja</wf>
         <wf lemma="in" pos="X">in</wf>
         <wf lemma="od" pos="X">od</wf>
         <instance id="d000.s903.t000" lemma="država" pos="NOUN">države</instance>
         <wf lemma="do" pos="X">do</wf>
         <wf lemma="države" pos="X">države</wf>
         <wf lemma="." pos="X">.</wf>
      </sentence>
      <sentence id="d000.s904" source="wordnet-slovenian">
         <wf lemma="Danes" pos="X">Danes</wf>
         <wf lemma="je" pos="X">je</wf>
         <wf lemma="v" pos="X">v</wf>
         <wf lemma="domu" pos="X">domu</wf>
         <wf lemma="224" pos="X">224</wf>
         <wf lemma="učencev" pos="X">učencev</wf>
         <wf lemma="," pos="X">,</wf>
         <wf lemma="ki" pos="X">ki</wf>
         <wf lemma="tako" pos="X">tako</wf>
         <wf lemma="kot" pos="X">kot</wf>
         <wf lemma="vsa" pos="X">vsa</wf>
         <wf lemma="ta" pos="X">ta</wf>
         <instance id="d000.s904.t000" lemma="leto" pos="NOUN">leta</instance>
         <wf lemma="dokazujejo" pos="X">dokazujejo</wf>
         <wf lemma="," pos="X">,</wf>
         <wf lemma="da" pos="X">da</wf>
         <wf lemma="so" pos="X">so</wf>
         <wf lemma="gojenci" pos="X">gojenci</wf>
         <wf lemma="doma" pos="X">doma</wf>
         <wf lemma="postali" pos="X">postali</wf>
         <wf lemma="močnejše" pos="X">močnejše</wf>
         <wf lemma="osebnosti" pos="X">osebnosti</wf>
         <wf lemma="in" pos="X">in</wf>
         <wf lemma="uspešnejši" pos="X">uspešnejši</wf>
         <wf lemma="učenci" pos="X">učenci</wf>
         <wf lemma="." pos="X">.</wf>
      </sentence>
      <sentence id="d000.s905" source="wordnet-slovenian">
         <wf lemma="Nekatere" pos="X">Nekatere</wf>
         <wf lemma="se" pos="X">se</wf>
         <wf lemma="osredotočajo" pos="X">osredotočajo</wf>
         <wf lemma="na" pos="X">na</wf>
         <wf lemma="zdravljenje" pos="X">zdravljenje</wf>
         <instance id="d000.s905.t000" lemma="telo" pos="NOUN">telesa</instance>
         <wf lemma="," pos="X">,</wf>
         <wf lemma="nekatere" pos="X">nekatere</wf>
         <wf lemma="na" pos="X">na</wf>
         <wf lemma="pokoro" pos="X">pokoro</wf>
         <wf lemma="." pos="X">.</wf>
      </sentence>
      <sentence id="d000.s906" source="wordnet-slovenian">
         <wf lemma="Nadzorujte" pos="X">Nadzorujte</wf>
         <wf lemma="porabo" pos="X">porabo</wf>
         <wf lemma="svojega" pos="X">svojega</wf>
         <instance id="d000.s906.t000" lemma="denar" pos="NOUN">denarja</instance>
         <wf lemma="," pos="X">,</wf>
         <wf lemma="spomnite" pos="X">spomnite</wf>
         <wf lemma="se" pos="X">se</wf>
         <wf lemma="," pos="X">,</wf>
         <wf lemma="kje" pos="X">kje</wf>
         <wf lemma="in" pos="X">in</wf>
         <wf lemma="kako" pos="X">kako</wf>
         <wf lemma="ste" pos="X">ste</wf>
         <wf lemma="ga" pos="X">ga</wf>
         <wf lemma="porabili" pos="X">porabili</wf>
         <wf lemma="," pos="X">,</wf>
         <wf lemma="odkar" pos="X">odkar</wf>
         <wf lemma="ste" pos="X">ste</wf>
         <wf lemma="bili" pos="X">bili</wf>
         <wf lemma="nazadnje" pos="X">nazadnje</wf>
         <wf lemma="v" pos="X">v</wf>
         <wf lemma="banki" pos="X">banki</wf>
         <wf lemma="." pos="X">.</wf>
      </sentence>
      <sentence id="d000.s907" source="wordnet-slovenian">
         <instance id="d000.s907.t000" lemma="začetek" pos="NOUN">Začetki</instance>
         <wf lemma="muzeja" pos="X">muzeja</wf>
         <wf lemma="so" pos="X">so</wf>
         <wf lemma="povezani" pos="X">povezani</wf>
         <wf lemma="z" pos="X">z</wf>
         <wf lemma="izjemno" pos="X">izjemno</wf>
         <wf lemma="zbirateljsko" pos="X">zbirateljsko</wf>
         <wf lemma="vnemo" pos="X">vnemo</wf>
         <wf lemma="učitelja" pos="X">učitelja</wf>
         <wf lemma="Bogdana" pos="X">Bogdana</wf>
         <wf lemma="Žolnirja" pos="X">Žolnirja</wf>
         <wf lemma="(" pos="X">(</wf>
         <wf lemma="1908" pos="X">1908</wf>
         <wf lemma="-" pos="X">-</wf>
         <wf lemma="1998" pos="X">1998</wf>
         <wf lemma=")" pos="X">)</wf>
         <wf lemma="," pos="X">,</wf>
         <wf lemma="ki" pos="X">ki</wf>
         <wf lemma="ga" pos="X">ga</wf>
         <wf lemma="je" pos="X">je</wf>
         <wf lemma="okrajna" pos="X">okrajna</wf>
         <wf lemma="organizacija" pos="X">organizacija</wf>
         <wf lemma="Zveze" pos="X">Zveze</wf>
         <wf lemma="borcev" pos="X">borcev</wf>
         <wf lemma="leta" pos="X">leta</wf>
         <wf lemma="1949" pos="X">1949</wf>
         <wf lemma="postavila" pos="X">postavila</wf>
         <wf lemma="za" pos="X">za</wf>
         <wf lemma="predsednika" pos="X">predsednika</wf>
         <wf lemma="t." pos="X">t.</wf>
         <wf lemma="i." pos="X">i.</wf>
         <wf lemma="zgodovinske" pos="X">zgodovinske</wf>
         <wf lemma="komisije" pos="X">komisije</wf>
         <wf lemma="," pos="X">,</wf>
         <wf lemma="ob" pos="X">ob</wf>
         <wf lemma="uradni" pos="X">uradni</wf>
         <wf lemma="ustanovitvi" pos="X">ustanovitvi</wf>
         <wf lemma="muzeja" pos="X">muzeja</wf>
         <wf lemma="leta" pos="X">leta</wf>
         <wf lemma="1951" pos="X">1951</wf>
         <wf lemma="pa" pos="X">pa</wf>
         <wf lemma="za" pos="X">za</wf>
         <wf lemma="prvega" pos="X">prvega</wf>
         <wf lemma="ravnatelja" pos="X">ravnatelja</wf>
         <wf lemma="Okrajnega" pos="X">Okrajnega</wf>
         <wf lemma="muzeja" pos="X">muzeja</wf>
         <wf lemma="NOB" pos="X">NOB</wf>
         <wf lemma="." pos="X">.</wf>
      </sentence>
      <sentence id="d000.s908" source="wordnet-slovenian">
         <instance id="d000.s908.t000" lemma="podjetje" pos="NOUN">Podjetje</instance>
         <wf lemma="," pos="X">,</wf>
         <wf lemma="ki" pos="X">ki</wf>
         <wf lemma="v" pos="X">v</wf>
         <wf lemma="Šaleški" pos="X">Šaleški</wf>
         <wf lemma="dolini" pos="X">dolini</wf>
         <wf lemma="in" pos="X">in</wf>
         <wf lemma="delu" pos="X">delu</wf>
         <wf lemma="Zgornje" pos="X">Zgornje</wf>
         <wf lemma="Savinjske" pos="X">Savinjske</wf>
         <wf lemma="doline" pos="X">doline</wf>
         <wf lemma="skrbi" pos="X">skrbi</wf>
         <wf lemma="za" pos="X">za</wf>
         <wf lemma="odvoz" pos="X">odvoz</wf>
         <wf lemma="teh" pos="X">teh</wf>
         <wf lemma="materialov" pos="X">materialov</wf>
         <wf lemma="," pos="X">,</wf>
         <wf lemma="v" pos="X">v</wf>
         <wf lemma="svojo" pos="X">svojo</wf>
         <wf lemma="dejavnost" pos="X">dejavnost</wf>
         <wf lemma="vključuje" pos="X">vključuje</wf>
         <wf lemma="okoli" pos="X">okoli</wf>
         <wf lemma="14.000" pos="X">14.000</wf>
         <wf lemma="gospodinjstev" pos="X">gospodinjstev</wf>
         <wf lemma="." pos="X">.</wf>
      </sentence>
      <sentence id="d000.s909" source="wordnet-slovenian">
         <wf lemma="Tak" pos="X">Tak</wf>
         <wf lemma="človek" pos="X">človek</wf>
         <wf lemma="se" pos="X">se</wf>
         <wf lemma="bo" pos="X">bo</wf>
         <wf lemma="sicer" pos="X">sicer</wf>
         <wf lemma="obdal" pos="X">obdal</wf>
         <wf lemma="z" pos="X">z</wf>
         <wf lemma="več" pos="X">več</wf>
         <wf lemma="predmeti" pos="X">predmeti</wf>
         <wf lemma="," pos="X">,</wf>
         <wf lemma="a" pos="X">a</wf>
         <wf lemma="le" pos="X">le</wf>
         <wf lemma="onimi" pos="X">onimi</wf>
         <wf lemma="," pos="X">,</wf>
         <wf lemma="ki" pos="X">ki</wf>
         <wf lemma="so" pos="X">so</wf>
         <wf lemma="uporabni" pos="X">uporabni</wf>
         <wf lemma="in" pos="X">in</wf>
         <wf lemma="koristni" pos="X">koristni</wf>
         <wf lemma="za" pos="X">za</wf>
         <wf lemma="delo" pos="X">delo</wf>
         <wf lemma="(" pos="X">(</wf>
         <wf lemma="priročen" pos="X">priročen</wf>
         <wf lemma="telefonski" pos="X">telefonski</wf>
         <wf lemma="imenik" pos="X">imenik</wf>
         <wf lemma="," pos="X">,</wf>
         <wf lemma="stojalo" pos="X">stojalo</wf>
         <wf lemma="s" pos="X">s</wf>
         <wf lemma="pisali" pos="X">pisali</wf>
         <wf lemma="-" pos="X">-</wf>
         <wf lemma="zanimive" pos="X">zanimive</wf>
         <instance id="d000.s909.t000" lemma="oblika" pos="NOUN">oblike</instance>
         <wf lemma="," pos="X">,</wf>
         <wf lemma="nenavaden" pos="X">nenavaden</wf>
         <wf lemma="koledar" pos="X">koledar</wf>
         <wf lemma="." pos="X">.</wf>
         <wf lemma="." pos="X">.</wf>
         <wf lemma="." pos="X">.</wf>
      </sentence>
      <sentence id="d000.s910" source="wordnet-slovenian">
         <wf lemma="V" pos="X">V</wf>
         <wf lemma="sindikatu" pos="X">sindikatu</wf>
         <wf lemma="," pos="X">,</wf>
         <wf lemma="kot" pos="X">kot</wf>
         <wf lemma="nam" pos="X">nam</wf>
         <wf lemma="je" pos="X">je</wf>
         <wf lemma="povedal" pos="X">povedal</wf>
         <wf lemma="njegov" pos="X">njegov</wf>
         <wf lemma="predsednik" pos="X">predsednik</wf>
         <wf lemma="Roman" pos="X">Roman</wf>
         <wf lemma="Molan" pos="X">Molan</wf>
         <wf lemma="," pos="X">,</wf>
         <wf lemma="sicer" pos="X">sicer</wf>
         <wf lemma="še" pos="X">še</wf>
         <wf lemma="vedno" pos="X">vedno</wf>
         <wf lemma="upajo" pos="X">upajo</wf>
         <wf lemma="," pos="X">,</wf>
         <wf lemma="da" pos="X">da</wf>
         <wf lemma="jim" pos="X">jim</wf>
         <wf lemma="bo" pos="X">bo</wf>
         <wf lemma="do" pos="X">do</wf>
         <instance id="d000.s910.t000" lemma="konec" pos="NOUN">konca</instance>
         <wf lemma="leta" pos="X">leta</wf>
         <wf lemma="le" pos="X">le</wf>
         <wf lemma="uspelo" pos="X">uspelo</wf>
         <wf lemma="prepričati" pos="X">prepričati</wf>
         <wf lemma="ljudi" pos="X">ljudi</wf>
         <wf lemma="v" pos="X">v</wf>
         <wf lemma="ministrstvu" pos="X">ministrstvu</wf>
         <wf lemma="za" pos="X">za</wf>
         <wf lemma="gospodarstvo" pos="X">gospodarstvo</wf>
         <wf lemma="in" pos="X">in</wf>
         <wf lemma="za" pos="X">za</wf>
         <wf lemma="okolje" pos="X">okolje</wf>
         <wf lemma="," pos="X">,</wf>
         <wf lemma="da" pos="X">da</wf>
         <wf lemma="je" pos="X">je</wf>
         <wf lemma="proizvodnja" pos="X">proizvodnja</wf>
         <wf lemma="celuloze" pos="X">celuloze</wf>
         <wf lemma="pomembna" pos="X">pomembna</wf>
         <wf lemma="ne" pos="X">ne</wf>
         <wf lemma="le" pos="X">le</wf>
         <wf lemma="za" pos="X">za</wf>
         <wf lemma="Krško" pos="X">Krško</wf>
         <wf lemma="," pos="X">,</wf>
         <wf lemma="ampak" pos="X">ampak</wf>
         <wf lemma="tudi" pos="X">tudi</wf>
         <wf lemma="za" pos="X">za</wf>
         <wf lemma="celo" pos="X">celo</wf>
         <wf lemma="papirno" pos="X">papirno</wf>
         <wf lemma="-" pos="X">-</wf>
         <wf lemma="predelovalno" pos="X">predelovalno</wf>
         <wf lemma="industrijo" pos="X">industrijo</wf>
         <wf lemma="," pos="X">,</wf>
         <wf lemma="slovenske" pos="X">slovenske</wf>
         <wf lemma="gozdove" pos="X">gozdove</wf>
         <wf lemma="in" pos="X">in</wf>
         <wf lemma="državo" pos="X">državo</wf>
         <wf lemma="sploh" pos="X">sploh</wf>
         <wf lemma="." pos="X">.</wf>
      </sentence>
      <sentence id="d000.s911" source="wordnet-slovenian">
         <instance id="d000.s911.t000" lemma="predsednik" pos="NOUN">Predsednik</instance>
         <wf lemma="društva" pos="X">društva</wf>
         <wf lemma="Janči" pos="X">Janči</wf>
         <wf lemma="Majzelj" pos="X">Majzelj</wf>
         <wf lemma="je" pos="X">je</wf>
         <wf lemma="bil" pos="X">bil</wf>
         <wf lemma="direktor" pos="X">direktor</wf>
         <wf lemma="doma" pos="X">doma</wf>
         <wf lemma="," pos="X">,</wf>
         <wf lemma="Toni" pos="X">Toni</wf>
         <wf lemma="Gašperič" pos="X">Gašperič</wf>
         <wf lemma="," pos="X">,</wf>
         <wf lemma="ki" pos="X">ki</wf>
         <wf lemma="ga" pos="X">ga</wf>
         <wf lemma="vsi" pos="X">vsi</wf>
         <wf lemma="poznajo" pos="X">poznajo</wf>
         <wf lemma="," pos="X">,</wf>
         <wf lemma="pa" pos="X">pa</wf>
         <wf lemma="povabljen" pos="X">povabljen</wf>
         <wf lemma="spremljevalec" pos="X">spremljevalec</wf>
         <wf lemma="." pos="X">.</wf>
      </sentence>
      <sentence id="d000.s912" source="wordnet-slovenian">
         <wf lemma="Od" pos="X">Od</wf>
         <wf lemma="1." pos="X">1.</wf>
         <wf lemma="maja" pos="X">maja</wf>
         <wf lemma="letos" pos="X">letos</wf>
         <wf lemma="," pos="X">,</wf>
         <wf lemma="ko" pos="X">ko</wf>
         <wf lemma="je" pos="X">je</wf>
         <wf lemma="bil" pos="X">bil</wf>
         <wf lemma="sprejet" pos="X">sprejet</wf>
         <wf lemma="nov" pos="X">nov</wf>
         <wf lemma="zakon" pos="X">zakon</wf>
         <wf lemma="o" pos="X">o</wf>
         <wf lemma="varnosti" pos="X">varnosti</wf>
         <wf lemma="cestnega" pos="X">cestnega</wf>
         <wf lemma="prometa" pos="X">prometa</wf>
         <wf lemma="," pos="X">,</wf>
         <wf lemma="do" pos="X">do</wf>
         <wf lemma="22." pos="X">22.</wf>
         <wf lemma="decembra" pos="X">decembra</wf>
         <wf lemma="je" pos="X">je</wf>
         <wf lemma="umrlo" pos="X">umrlo</wf>
         <wf lemma="188" pos="X">188</wf>
         <wf lemma="oseb" pos="X">oseb</wf>
         <wf lemma="," pos="X">,</wf>
         <wf lemma="kar" pos="X">kar</wf>
         <wf lemma="je" pos="X">je</wf>
         <wf lemma="za" pos="X">za</wf>
         <wf lemma="dobro" pos="X">dobro</wf>
         <wf lemma="četrtino" pos="X">četrtino</wf>
         <wf lemma="manj" pos="X">manj</wf>
         <wf lemma="kot" pos="X">kot</wf>
         <wf lemma="v" pos="X">v</wf>
         <wf lemma="enakem" pos="X">enakem</wf>
         <instance id="d000.s912.t000" lemma="obdobje" pos="NOUN">obdobju</instance>
         <wf lemma="lani" pos="X">lani</wf>
         <wf lemma="." pos="X">.</wf>
      </sentence>
      <sentence id="d000.s913" source="wordnet-slovenian">
         <wf lemma="S" pos="X">S</wf>
         <wf lemma="številnimi" pos="X">številnimi</wf>
         <wf lemma="muzeji" pos="X">muzeji</wf>
         <wf lemma="," pos="X">,</wf>
         <wf lemma="galerijami" pos="X">galerijami</wf>
         <wf lemma="," pos="X">,</wf>
         <wf lemma="gledališči" pos="X">gledališči</wf>
         <wf lemma="in" pos="X">in</wf>
         <wf lemma="univerzami" pos="X">univerzami</wf>
         <wf lemma="," pos="X">,</wf>
         <wf lemma="z" pos="X">z</wf>
         <wf lemma="rasno" pos="X">rasno</wf>
         <wf lemma="in" pos="X">in</wf>
         <wf lemma="narodnostno" pos="X">narodnostno</wf>
         <wf lemma="pisanostjo" pos="X">pisanostjo</wf>
         <wf lemma="ter" pos="X">ter</wf>
         <wf lemma="z" pos="X">z</wf>
         <wf lemma="največjoskupnostjo" pos="X">največjoskupnostjo</wf>
         <wf lemma="gejev" pos="X">gejev</wf>
         <wf lemma="na" pos="X">na</wf>
         <instance id="d000.s913.t000" lemma="svet" pos="NOUN">svetu</instance>
         <wf lemma="San" pos="X">San</wf>
         <wf lemma="Francisco" pos="X">Francisco</wf>
         <wf lemma="danes" pos="X">danes</wf>
         <wf lemma="slovi" pos="X">slovi</wf>
         <wf lemma="kot" pos="X">kot</wf>
         <wf lemma="najbolj" pos="X">najbolj</wf>
         <wf lemma="odprto" pos="X">odprto</wf>
         <wf lemma="," pos="X">,</wf>
         <wf lemma="gostoljubno" pos="X">gostoljubno</wf>
         <wf lemma="in" pos="X">in</wf>
         <wf lemma="svetovljansko" pos="X">svetovljansko</wf>
         <wf lemma="mesto" pos="X">mesto</wf>
         <wf lemma="ZDA" pos="X">ZDA</wf>
         <wf lemma="." pos="X">.</wf>
      </sentence>
      <sentence id="d000.s914" source="wordnet-slovenian">
         <wf lemma="Sicer" pos="X">Sicer</wf>
         <wf lemma="smo" pos="X">smo</wf>
         <wf lemma="pa" pos="X">pa</wf>
         <wf lemma="imeli" pos="X">imeli</wf>
         <wf lemma="takrat" pos="X">takrat</wf>
         <wf lemma="617" pos="X">617</wf>
         <wf lemma="v" pos="X">v</wf>
         <wf lemma="prvem" pos="X">prvem</wf>
         <wf lemma="davčnem" pos="X">davčnem</wf>
         <wf lemma="razredu" pos="X">razredu</wf>
         <wf lemma="oziroma" pos="X">oziroma</wf>
         <wf lemma="1.100" pos="X">1.100</wf>
         <wf lemma="tolarjev" pos="X">tolarjev</wf>
         <wf lemma="davčne" pos="X">davčne</wf>
         <wf lemma="olajšave" pos="X">olajšave</wf>
         <wf lemma="učinka" pos="X">učinka</wf>
         <wf lemma="med" pos="X">med</wf>
         <instance id="d000.s914.t000" lemma="leto" pos="NOUN">letom</instance>
         <wf lemma="." pos="X">.</wf>
      </sentence>
      <sentence id="d000.s915" source="wordnet-slovenian">
         <wf lemma="DELODAJALEC" pos="X">DELODAJALEC</wf>
         <wf lemma="MORA" pos="X">MORA</wf>
         <wf lemma="DELAVCU" pos="X">DELAVCU</wf>
         <wf lemma="NADURNO" pos="X">NADURNO</wf>
         <wf lemma="DELO" pos="X">DELO</wf>
         <wf lemma="ODREDITI" pos="X">ODREDITI</wf>
         <wf lemma="V" pos="X">V</wf>
         <wf lemma="PISNI" pos="X">PISNI</wf>
         <instance id="d000.s915.t000" lemma="oblika" pos="NOUN">OBLIKI</instance>
         <wf lemma="(" pos="X">(</wf>
         <wf lemma="IZJEMOMA" pos="X">IZJEMOMA</wf>
         <wf lemma="TUDI" pos="X">TUDI</wf>
         <wf lemma="USTNO" pos="X">USTNO</wf>
         <wf lemma="," pos="X">,</wf>
         <wf lemma="V" pos="X">V</wf>
         <wf lemma="TEM" pos="X">TEM</wf>
         <wf lemma="PRIMERU" pos="X">PRIMERU</wf>
         <wf lemma="SE" pos="X">SE</wf>
         <wf lemma="PISNO" pos="X">PISNO</wf>
         <wf lemma="ODREDITEV" pos="X">ODREDITEV</wf>
         <wf lemma="VROČI" pos="X">VROČI</wf>
         <wf lemma="DELAVCU" pos="X">DELAVCU</wf>
         <wf lemma="NAKNADNO" pos="X">NAKNADNO</wf>
         <wf lemma="," pos="X">,</wf>
         <wf lemma="VENDAR" pos="X">VENDAR</wf>
         <wf lemma="NAJKASNEJE" pos="X">NAJKASNEJE</wf>
         <wf lemma="DO" pos="X">DO</wf>
         <wf lemma="KONCA" pos="X">KONCA</wf>
         <wf lemma="DELOVNEGA" pos="X">DELOVNEGA</wf>
         <wf lemma="TEDNA" pos="X">TEDNA</wf>
         <wf lemma="PO" pos="X">PO</wf>
         <wf lemma="OPRAVLJENEM" pos="X">OPRAVLJENEM</wf>
         <wf lemma="NADURNEM" pos="X">NADURNEM</wf>
         <wf lemma="DELU" pos="X">DELU</wf>
         <wf lemma=")" pos="X">)</wf>
         <wf lemma="." pos="X">.</wf>
      </sentence>
      <sentence id="d000.s916" source="wordnet-slovenian">
         <wf lemma="Kolikokrat" pos="X">Kolikokrat</wf>
         <wf lemma="smo" pos="X">smo</wf>
         <wf lemma="," pos="X">,</wf>
         <wf lemma="kadar" pos="X">kadar</wf>
         <wf lemma="nas" pos="X">nas</wf>
         <wf lemma="je" pos="X">je</wf>
         <wf lemma="nagovoril" pos="X">nagovoril</wf>
         <wf lemma="kdo" pos="X">kdo</wf>
         <wf lemma="," pos="X">,</wf>
         <wf lemma="ki" pos="X">ki</wf>
         <wf lemma="je" pos="X">je</wf>
         <wf lemma="govoril" pos="X">govoril</wf>
         <wf lemma="z" pos="X">z</wf>
         <wf lemma="duhovnim" pos="X">duhovnim</wf>
         <instance id="d000.s916.t000" lemma="jezik" pos="NOUN">jezikom</instance>
         <wf lemma="," pos="X">,</wf>
         <wf lemma="rekli" pos="X">rekli</wf>
         <wf lemma=":" pos="X">:</wf>
         <wf lemma="'" pos="X">'</wf>
         <wf lemma="Škoda" pos="X">Škoda</wf>
         <wf lemma="," pos="X">,</wf>
         <wf lemma="da" pos="X">da</wf>
         <wf lemma="nimam" pos="X">nimam</wf>
         <wf lemma="tega" pos="X">tega</wf>
         <wf lemma="," pos="X">,</wf>
         <wf lemma="kar" pos="X">kar</wf>
         <wf lemma="ima" pos="X">ima</wf>
         <wf lemma="tale" pos="X">tale</wf>
         <wf lemma="." pos="X">.</wf>
      </sentence>
      <sentence id="d000.s917" source="wordnet-slovenian">
         <wf lemma="V" pos="X">V</wf>
         <wf lemma="revni" pos="X">revni</wf>
         <wf lemma="družini" pos="X">družini</wf>
         <wf lemma="se" pos="X">se</wf>
         <wf lemma="je" pos="X">je</wf>
         <wf lemma="rodil" pos="X">rodil</wf>
         <wf lemma="deček" pos="X">deček</wf>
         <wf lemma="," pos="X">,</wf>
         <wf lemma="ki" pos="X">ki</wf>
         <wf lemma="ga" pos="X">ga</wf>
         <wf lemma="je" pos="X">je</wf>
         <wf lemma="že" pos="X">že</wf>
         <wf lemma="v" pos="X">v</wf>
         <wf lemma="otroških" pos="X">otroških</wf>
         <instance id="d000.s917.t000" lemma="leto" pos="NOUN">letih</instance>
         <wf lemma="očaral" pos="X">očaral</wf>
         <wf lemma="vojaški" pos="X">vojaški</wf>
         <wf lemma="stan" pos="X">stan</wf>
         <wf lemma="." pos="X">.</wf>
      </sentence>
      <sentence id="d000.s918" source="wordnet-slovenian">
         <wf lemma="»" pos="X">»</wf>
         <instance id="d000.s918.t000" lemma="vlada" pos="NOUN">Vlada</instance>
         <wf lemma="zavlačuje" pos="X">zavlačuje</wf>
         <wf lemma="s" pos="X">s</wf>
         <wf lemma="sprejetjem" pos="X">sprejetjem</wf>
         <wf lemma="zakona" pos="X">zakona</wf>
         <wf lemma="." pos="X">.</wf>
      </sentence>
      <sentence id="d000.s919" source="wordnet-slovenian">
         <wf lemma="Novinarka" pos="X">Novinarka</wf>
         <wf lemma="s" pos="X">s</wf>
         <wf lemma="sladoledasto" pos="X">sladoledasto</wf>
         <wf lemma="rumenim" pos="X">rumenim</wf>
         <wf lemma="mikrofonom" pos="X">mikrofonom</wf>
         <wf lemma="je" pos="X">je</wf>
         <wf lemma="sladko" pos="X">sladko</wf>
         <wf lemma="žuborela" pos="X">žuborela</wf>
         <wf lemma="," pos="X">,</wf>
         <wf lemma="da" pos="X">da</wf>
         <wf lemma="so" pos="X">so</wf>
         <wf lemma="ali" pos="X">ali</wf>
         <wf lemma="pa" pos="X">pa</wf>
         <wf lemma="niso" pos="X">niso</wf>
         <wf lemma="resnične" pos="X">resnične</wf>
         <wf lemma="trditve" pos="X">trditve</wf>
         <wf lemma="," pos="X">,</wf>
         <wf lemma="po" pos="X">po</wf>
         <wf lemma="katerih" pos="X">katerih</wf>
         <wf lemma="je" pos="X">je</wf>
         <wf lemma="slovenska" pos="X">slovenska</wf>
         <wf lemma="vojska" pos="X">vojska</wf>
         <wf lemma="z" pos="X">z</wf>
         <wf lemma="nakupom" pos="X">nakupom</wf>
         <wf lemma="orožja" pos="X">orožja</wf>
         <wf lemma="v" pos="X">v</wf>
         <wf lemma="bližnjevzhodnih" pos="X">bližnjevzhodnih</wf>
         <instance id="d000.s919.t000" lemma="država" pos="NOUN">državah</instance>
         <wf lemma="kršila" pos="X">kršila</wf>
         <wf lemma="brionski" pos="X">brionski</wf>
         <wf lemma="moratorij" pos="X">moratorij</wf>
         <wf lemma="," pos="X">,</wf>
         <wf lemma="in" pos="X">in</wf>
         <wf lemma="napovedala" pos="X">napovedala</wf>
         <wf lemma="kontaktno" pos="X">kontaktno</wf>
         <wf lemma="oddajo" pos="X">oddajo</wf>
         <wf lemma="," pos="X">,</wf>
         <wf lemma="v" pos="X">v</wf>
         <wf lemma="kateri" pos="X">kateri</wf>
         <wf lemma="bodo" pos="X">bodo</wf>
         <wf lemma="poslušalci" pos="X">poslušalci</wf>
         <wf lemma="odgovarjali" pos="X">odgovarjali</wf>
         <wf lemma="na" pos="X">na</wf>
         <wf lemma="vprašanje" pos="X">vprašanje</wf>
         <wf lemma=":" pos="X">:</wf>
         <wf lemma="»" pos="X">»</wf>
         <wf lemma="Zakaj" pos="X">Zakaj</wf>
         <wf lemma="menite" pos="X">menite</wf>
         <wf lemma="," pos="X">,</wf>
         <wf lemma="da" pos="X">da</wf>
         <wf lemma="jastogovo" pos="X">jastogovo</wf>
         <wf lemma="mesto" pos="X">mesto</wf>
         <wf lemma="povzroča" pos="X">povzroča</wf>
         <wf lemma="raka" pos="X">raka</wf>
         <wf lemma="?" pos="X">?</wf>
      </sentence>
      <sentence id="d000.s920" source="wordnet-slovenian">
         <wf lemma="Testni" pos="X">Testni</wf>
         <wf lemma="primerek" pos="X">primerek</wf>
         <wf lemma="je" pos="X">je</wf>
         <wf lemma="imel" pos="X">imel</wf>
         <wf lemma="naloženih" pos="X">naloženih</wf>
         <wf lemma="nič" pos="X">nič</wf>
         <wf lemma="aplikacij" pos="X">aplikacij</wf>
         <wf lemma="in" pos="X">in</wf>
         <wf lemma="dve" pos="X">dve</wf>
         <instance id="d000.s920.t000" lemma="igra" pos="NOUN">igri</instance>
         <wf lemma=":" pos="X">:</wf>
         <wf lemma="Gulos" pos="X">Gulos</wf>
         <wf lemma="Tale" pos="X">Tale</wf>
         <wf lemma="in" pos="X">in</wf>
         <wf lemma="Speed" pos="X">Speed</wf>
         <wf lemma="Devils" pos="X">Devils</wf>
         <wf lemma="," pos="X">,</wf>
         <wf lemma="dve" pos="X">dve</wf>
         <wf lemma="precej" pos="X">precej</wf>
         <wf lemma="preprosti" pos="X">preprosti</wf>
         <wf lemma="zadevščini" pos="X">zadevščini</wf>
         <wf lemma="," pos="X">,</wf>
         <wf lemma="zaradi" pos="X">zaradi</wf>
         <wf lemma="katerih" pos="X">katerih</wf>
         <wf lemma="ne" pos="X">ne</wf>
         <wf lemma="boste" pos="X">boste</wf>
         <wf lemma="dobili" pos="X">dobili</wf>
         <wf lemma="občutka" pos="X">občutka</wf>
         <wf lemma="," pos="X">,</wf>
         <wf lemma="da" pos="X">da</wf>
         <wf lemma="so" pos="X">so</wf>
         <wf lemma="mobilne" pos="X">mobilne</wf>
         <wf lemma="igre" pos="X">igre</wf>
         <wf lemma="kaj" pos="X">kaj</wf>
         <wf lemma="napredovale" pos="X">napredovale</wf>
         <wf lemma="." pos="X">.</wf>
      </sentence>
      <sentence id="d000.s921" source="wordnet-slovenian">
         <wf lemma="Smo" pos="X">Smo</wf>
         <wf lemma="gverilci" pos="X">gverilci</wf>
         <wf lemma="in" pos="X">in</wf>
         <wf lemma="uporabljamo" pos="X">uporabljamo</wf>
         <wf lemma="orožje" pos="X">orožje</wf>
         <wf lemma="," pos="X">,</wf>
         <wf lemma="toda" pos="X">toda</wf>
         <wf lemma="le" pos="X">le</wf>
         <wf lemma="zato" pos="X">zato</wf>
         <wf lemma="," pos="X">,</wf>
         <wf lemma="ker" pos="X">ker</wf>
         <wf lemma="ne" pos="X">ne</wf>
         <wf lemma="vemo" pos="X">vemo</wf>
         <wf lemma="," pos="X">,</wf>
         <wf lemma="kako" pos="X">kako</wf>
         <wf lemma="bi" pos="X">bi</wf>
         <wf lemma="drugače" pos="X">drugače</wf>
         <wf lemma="dosegli" pos="X">dosegli</wf>
         <instance id="d000.s921.t000" lemma="sprememba" pos="NOUN">spremembe</instance>
         <wf lemma="." pos="X">.</wf>
      </sentence>
      <sentence id="d000.s922" source="wordnet-slovenian">
         <wf lemma="Brez" pos="X">Brez</wf>
         <wf lemma="slovenščine" pos="X">slovenščine</wf>
         <wf lemma="ni" pos="X">ni</wf>
         <wf lemma="Evrope" pos="X">Evrope</wf>
         <wf lemma="in" pos="X">in</wf>
         <instance id="d000.s922.t000" lemma="svet" pos="NOUN">sveta</instance>
         <wf lemma="." pos="X">.</wf>
      </sentence>
      <sentence id="d000.s923" source="wordnet-slovenian">
         <wf lemma="Že" pos="X">Že</wf>
         <wf lemma="pred" pos="X">pred</wf>
         <wf lemma="dobrim" pos="X">dobrim</wf>
         <instance id="d000.s923.t000" lemma="leto" pos="NOUN">letom</instance>
         <wf lemma="smo" pos="X">smo</wf>
         <wf lemma="z" pos="X">z</wf>
         <wf lemma="operativnimi" pos="X">operativnimi</wf>
         <wf lemma="metodami" pos="X">metodami</wf>
         <wf lemma="in" pos="X">in</wf>
         <wf lemma="upravnimi" pos="X">upravnimi</wf>
         <wf lemma="ukrepi" pos="X">ukrepi</wf>
         <wf lemma="ugotavljali" pos="X">ugotavljali</wf>
         <wf lemma="verodostojnost" pos="X">verodostojnost</wf>
         <wf lemma="listin" pos="X">listin</wf>
         <wf lemma="in" pos="X">in</wf>
         <wf lemma="upravičenost" pos="X">upravičenost</wf>
         <wf lemma="nošenja" pos="X">nošenja</wf>
         <wf lemma="orožja" pos="X">orožja</wf>
         <wf lemma="vseh" pos="X">vseh</wf>
         <wf lemma="imetnikov" pos="X">imetnikov</wf>
         <wf lemma="orožja" pos="X">orožja</wf>
         <wf lemma="," pos="X">,</wf>
         <wf lemma="pri" pos="X">pri</wf>
         <wf lemma="čemer" pos="X">čemer</wf>
         <wf lemma="smo" pos="X">smo</wf>
         <wf lemma="zajeli" pos="X">zajeli</wf>
         <wf lemma="tudi" pos="X">tudi</wf>
         <wf lemma="bivše" pos="X">bivše</wf>
         <wf lemma="pripadnike" pos="X">pripadnike</wf>
         <wf lemma="JLA" pos="X">JLA</wf>
         <wf lemma="," pos="X">,</wf>
         <wf lemma="ki" pos="X">ki</wf>
         <wf lemma="so" pos="X">so</wf>
         <wf lemma="tako" pos="X">tako</wf>
         <wf lemma="orožje" pos="X">orožje</wf>
         <wf lemma="oz." pos="X">oz.</wf>
         <wf lemma="listine" pos="X">listine</wf>
         <wf lemma="posedovali" pos="X">posedovali</wf>
         <wf lemma="." pos="X">.</wf>
      </sentence>
      <sentence id="d000.s924" source="wordnet-slovenian">
         <wf lemma="In" pos="X">In</wf>
         <wf lemma="Lut" pos="X">Lut</wf>
         <wf lemma="na" pos="X">na</wf>
         <wf lemma="drugi" pos="X">drugi</wf>
         <instance id="d000.s924.t000" lemma="stran" pos="NOUN">strani</instance>
         <wf lemma="sobe" pos="X">sobe</wf>
         <wf lemma="čuti" pos="X">čuti</wf>
         <wf lemma="," pos="X">,</wf>
         <wf lemma="da" pos="X">da</wf>
         <wf lemma="bi" pos="X">bi</wf>
         <wf lemma="resnično" pos="X">resnično</wf>
         <wf lemma="storil" pos="X">storil</wf>
         <wf lemma="." pos="X">.</wf>
      </sentence>
      <sentence id="d000.s925" source="wordnet-slovenian">
         <wf lemma="V" pos="X">V</wf>
         <wf lemma="bolnišnici" pos="X">bolnišnici</wf>
         <wf lemma="so" pos="X">so</wf>
         <wf lemma="že" pos="X">že</wf>
         <wf lemma="pred" pos="X">pred</wf>
         <instance id="d000.s925.t000" lemma="čas" pos="NOUN">časom</instance>
         <wf lemma="pripravili" pos="X">pripravili</wf>
         <wf lemma="vse" pos="X">vse</wf>
         <wf lemma="potrebno" pos="X">potrebno</wf>
         <wf lemma="za" pos="X">za</wf>
         <wf lemma="negovanje" pos="X">negovanje</wf>
         <wf lemma="bolnikov" pos="X">bolnikov</wf>
         <wf lemma="," pos="X">,</wf>
         <wf lemma="pri" pos="X">pri</wf>
         <wf lemma="katerih" pos="X">katerih</wf>
         <wf lemma="je" pos="X">je</wf>
         <wf lemma="bilo" pos="X">bilo</wf>
         <wf lemma="zdravljenje" pos="X">zdravljenje</wf>
         <wf lemma="končano" pos="X">končano</wf>
         <wf lemma="." pos="X">.</wf>
      </sentence>
      <sentence id="d000.s926" source="wordnet-slovenian">
         <wf lemma="Krava" pos="X">Krava</wf>
         <wf lemma="je" pos="X">je</wf>
         <wf lemma="bila" pos="X">bila</wf>
         <wf lemma="kupljena" pos="X">kupljena</wf>
         <wf lemma="v" pos="X">v</wf>
         <wf lemma="Nemčiji" pos="X">Nemčiji</wf>
         <wf lemma="V" pos="X">V</wf>
         <wf lemma="Sloveniji" pos="X">Sloveniji</wf>
         <wf lemma="doslej" pos="X">doslej</wf>
         <wf lemma="potrjeni" pos="X">potrjeni</wf>
         <wf lemma="štirje" pos="X">štirje</wf>
         <instance id="d000.s926.t000" lemma="primer" pos="NOUN">primeri</instance>
         <wf lemma="BSE" pos="X">BSE</wf>
         <wf lemma="." pos="X">.</wf>
      </sentence>
      <sentence id="d000.s927" source="wordnet-slovenian">
         <instance id="d000.s927.t000" lemma="pravica" pos="NOUN">Pravico</instance>
         <wf lemma="do" pos="X">do</wf>
         <wf lemma="stavke" pos="X">stavke</wf>
         <wf lemma="omejuje" pos="X">omejuje</wf>
         <wf lemma="natanko" pos="X">natanko</wf>
         <wf lemma="toliko" pos="X">toliko</wf>
         <wf lemma="," pos="X">,</wf>
         <wf lemma="kolikor" pos="X">kolikor</wf>
         <wf lemma="jo" pos="X">jo</wf>
         <wf lemma="omejuje" pos="X">omejuje</wf>
         <wf lemma="sedanji" pos="X">sedanji</wf>
         <wf lemma="zakon" pos="X">zakon</wf>
         <wf lemma="o" pos="X">o</wf>
         <wf lemma="stavki" pos="X">stavki</wf>
         <wf lemma="." pos="X">.</wf>
      </sentence>
      <sentence id="d000.s928" source="wordnet-slovenian">
         <wf lemma="Ta" pos="X">Ta</wf>
         <wf lemma="karakter" pos="X">karakter</wf>
         <wf lemma="(" pos="X">(</wf>
         <wf lemma="s" pos="X">s</wf>
         <wf lemma="tem" pos="X">tem</wf>
         <wf lemma="problemom" pos="X">problemom</wf>
         <wf lemma="se" pos="X">se</wf>
         <wf lemma="je" pos="X">je</wf>
         <wf lemma="dosti" pos="X">dosti</wf>
         <wf lemma="kasneje" pos="X">kasneje</wf>
         <wf lemma="," pos="X">,</wf>
         <wf lemma="sicer" pos="X">sicer</wf>
         <wf lemma="drugače" pos="X">drugače</wf>
         <wf lemma="," pos="X">,</wf>
         <wf lemma="a" pos="X">a</wf>
         <wf lemma="zanimivo" pos="X">zanimivo</wf>
         <wf lemma="ubadal" pos="X">ubadal</wf>
         <wf lemma="August" pos="X">August</wf>
         <wf lemma="Strindberg" pos="X">Strindberg</wf>
         <wf lemma=")" pos="X">)</wf>
         <wf lemma="pomeni" pos="X">pomeni</wf>
         <wf lemma="polnost" pos="X">polnost</wf>
         <wf lemma="osvobojenega" pos="X">osvobojenega</wf>
         <instance id="d000.s928.t000" lemma="človek" pos="NOUN">človeka</instance>
         <wf lemma="in" pos="X">in</wf>
         <wf lemma="ga" pos="X">ga</wf>
         <wf lemma="je" pos="X">je</wf>
         <wf lemma="odkrila" pos="X">odkrila</wf>
         <wf lemma="renesansa" pos="X">renesansa</wf>
         <wf lemma="," pos="X">,</wf>
         <wf lemma="seveda" pos="X">seveda</wf>
         <wf lemma="v" pos="X">v</wf>
         <wf lemma="povezavi" pos="X">povezavi</wf>
         <wf lemma="z" pos="X">z</wf>
         <wf lemma="vsemi" pos="X">vsemi</wf>
         <wf lemma="drugimi" pos="X">drugimi</wf>
         <wf lemma="," pos="X">,</wf>
         <wf lemma="tudi" pos="X">tudi</wf>
         <wf lemma="epohalnimi" pos="X">epohalnimi</wf>
         <wf lemma="odkritji" pos="X">odkritji</wf>
         <wf lemma="." pos="X">.</wf>
      </sentence>
      <sentence id="d000.s929" source="wordnet-slovenian">
         <wf lemma="»" pos="X">»</wf>
         <instance id="d000.s929.t000" lemma="komisija" pos="NOUN">Komisija</instance>
         <wf lemma="verjame" pos="X">verjame</wf>
         <wf lemma="trditvi" pos="X">trditvi</wf>
         <wf lemma="," pos="X">,</wf>
         <wf lemma="da" pos="X">da</wf>
         <wf lemma="strokovni" pos="X">strokovni</wf>
         <wf lemma="svet" pos="X">svet</wf>
         <wf lemma="ni" pos="X">ni</wf>
         <wf lemma="izrecno" pos="X">izrecno</wf>
         <wf lemma="razpravljal" pos="X">razpravljal</wf>
         <wf lemma="o" pos="X">o</wf>
         <wf lemma="znamki" pos="X">znamki</wf>
         <wf lemma="miz" pos="X">miz</wf>
         <wf lemma="," pos="X">,</wf>
         <wf lemma="gotovo" pos="X">gotovo</wf>
         <wf lemma="pa" pos="X">pa</wf>
         <wf lemma="bi" pos="X">bi</wf>
         <wf lemma="moral" pos="X">moral</wf>
         <wf lemma="razpravljati" pos="X">razpravljati</wf>
         <wf lemma="o" pos="X">o</wf>
         <wf lemma="številu" pos="X">številu</wf>
         <wf lemma="operacijskih" pos="X">operacijskih</wf>
         <wf lemma="miz" pos="X">miz</wf>
         <wf lemma="," pos="X">,</wf>
         <wf lemma="ki" pos="X">ki</wf>
         <wf lemma="naj" pos="X">naj</wf>
         <wf lemma="bi" pos="X">bi</wf>
         <wf lemma="jih" pos="X">jih</wf>
         <wf lemma="obnovili" pos="X">obnovili</wf>
         <wf lemma="," pos="X">,</wf>
         <wf lemma="in" pos="X">in</wf>
         <wf lemma="o" pos="X">o</wf>
         <wf lemma="tipu" pos="X">tipu</wf>
         <wf lemma="miz" pos="X">miz</wf>
         <wf lemma="," pos="X">,</wf>
         <wf lemma="ker" pos="X">ker</wf>
         <wf lemma="je" pos="X">je</wf>
         <wf lemma="oboje" pos="X">oboje</wf>
         <wf lemma="strokovno" pos="X">strokovno</wf>
         <wf lemma="in" pos="X">in</wf>
         <wf lemma="ne" pos="X">ne</wf>
         <wf lemma="le" pos="X">le</wf>
         <wf lemma="finančno" pos="X">finančno</wf>
         <wf lemma="vprašanje" pos="X">vprašanje</wf>
         <wf lemma="," pos="X">,</wf>
         <wf lemma="«" pos="X">«</wf>
         <wf lemma="je" pos="X">je</wf>
         <wf lemma="povedal" pos="X">povedal</wf>
         <wf lemma="Končina" pos="X">Končina</wf>
         <wf lemma="," pos="X">,</wf>
         <wf lemma="minister" pos="X">minister</wf>
         <wf lemma="Keber" pos="X">Keber</wf>
         <wf lemma="pa" pos="X">pa</wf>
         <wf lemma="dodal" pos="X">dodal</wf>
         <wf lemma="," pos="X">,</wf>
         <wf lemma="da" pos="X">da</wf>
         <wf lemma="gre" pos="X">gre</wf>
         <wf lemma="pri" pos="X">pri</wf>
         <wf lemma="mizah" pos="X">mizah</wf>
         <wf lemma="za" pos="X">za</wf>
         <wf lemma="potencialne" pos="X">potencialne</wf>
         <wf lemma="potrebe" pos="X">potrebe</wf>
         <wf lemma="približno" pos="X">približno</wf>
         <wf lemma="15" pos="X">15</wf>
         <wf lemma="kirurških" pos="X">kirurških</wf>
         <wf lemma="strok" pos="X">strok</wf>
         <wf lemma="in" pos="X">in</wf>
         <wf lemma="strokovni" pos="X">strokovni</wf>
         <wf lemma="svet" pos="X">svet</wf>
         <wf lemma="ni" pos="X">ni</wf>
         <wf lemma="pridobil" pos="X">pridobil</wf>
         <wf lemma="mnenj" pos="X">mnenj</wf>
         <wf lemma="posameznih" pos="X">posameznih</wf>
         <wf lemma="kirurških" pos="X">kirurških</wf>
         <wf lemma="strok" pos="X">strok</wf>
         <wf lemma="niti" pos="X">niti</wf>
         <wf lemma="o" pos="X">o</wf>
         <wf lemma="številu" pos="X">številu</wf>
         <wf lemma="niti" pos="X">niti</wf>
         <wf lemma="o" pos="X">o</wf>
         <wf lemma="tipu" pos="X">tipu</wf>
         <wf lemma="miz" pos="X">miz</wf>
         <wf lemma="," pos="X">,</wf>
         <wf lemma="ki" pos="X">ki</wf>
         <wf lemma="bi" pos="X">bi</wf>
         <wf lemma="jih" pos="X">jih</wf>
         <wf lemma="potrebovale" pos="X">potrebovale</wf>
         <wf lemma="." pos="X">.</wf>
      </sentence>
      <sentence id="d000.s930" source="wordnet-slovenian">
         <wf lemma="Če" pos="X">Če</wf>
         <wf lemma="bi" pos="X">bi</wf>
         <wf lemma="obveljalo" pos="X">obveljalo</wf>
         <wf lemma="določilo" pos="X">določilo</wf>
         <wf lemma="o" pos="X">o</wf>
         <wf lemma="nadmorski" pos="X">nadmorski</wf>
         <wf lemma="višini" pos="X">višini</wf>
         <wf lemma="," pos="X">,</wf>
         <wf lemma="bi" pos="X">bi</wf>
         <wf lemma="se" pos="X">se</wf>
         <wf lemma="namreč" pos="X">namreč</wf>
         <wf lemma="dogajalo" pos="X">dogajalo</wf>
         <wf lemma="," pos="X">,</wf>
         <wf lemma="da" pos="X">da</wf>
         <wf lemma="gostinci" pos="X">gostinci</wf>
         <wf lemma="v" pos="X">v</wf>
         <wf lemma="Kostanjevici" pos="X">Kostanjevici</wf>
         <wf lemma="," pos="X">,</wf>
         <wf lemma="Šentjerneju" pos="X">Šentjerneju</wf>
         <wf lemma="," pos="X">,</wf>
         <wf lemma="Čatežu" pos="X">Čatežu</wf>
         <wf lemma="ob" pos="X">ob</wf>
         <wf lemma="Savi" pos="X">Savi</wf>
         <wf lemma="in" pos="X">in</wf>
         <wf lemma="drugih" pos="X">drugih</wf>
         <wf lemma="nižinskih" pos="X">nižinskih</wf>
         <instance id="d000.s930.t000" lemma="kraj" pos="NOUN">krajih</instance>
         <wf lemma="cvička" pos="X">cvička</wf>
         <wf lemma="ne" pos="X">ne</wf>
         <wf lemma="bi" pos="X">bi</wf>
         <wf lemma="smeli" pos="X">smeli</wf>
         <wf lemma="več" pos="X">več</wf>
         <wf lemma="točiti" pos="X">točiti</wf>
         <wf lemma="." pos="X">.</wf>
      </sentence>
      <sentence id="d000.s931" source="wordnet-slovenian">
         <wf lemma="Leta" pos="X">Leta</wf>
         <wf lemma="1997" pos="X">1997</wf>
         <wf lemma="so" pos="X">so</wf>
         <wf lemma="nam" pos="X">nam</wf>
         <wf lemma="obljubili" pos="X">obljubili</wf>
         <wf lemma="porušitev" pos="X">porušitev</wf>
         <wf lemma="oziroma" pos="X">oziroma</wf>
         <wf lemma="odkup" pos="X">odkup</wf>
         <wf lemma="vseh" pos="X">vseh</wf>
         <instance id="d000.s931.t000" lemma="hiša" pos="NOUN">hiš</instance>
         <wf lemma="na" pos="X">na</wf>
         <wf lemma="Griču" pos="X">Griču</wf>
         <wf lemma="," pos="X">,</wf>
         <wf lemma="danes" pos="X">danes</wf>
         <wf lemma="pa" pos="X">pa</wf>
         <wf lemma="vidimo" pos="X">vidimo</wf>
         <wf lemma="v" pos="X">v</wf>
         <wf lemma="predloženem" pos="X">predloženem</wf>
         <wf lemma="načrtu" pos="X">načrtu</wf>
         <wf lemma="," pos="X">,</wf>
         <wf lemma="da" pos="X">da</wf>
         <wf lemma="naj" pos="X">naj</wf>
         <wf lemma="bi" pos="X">bi</wf>
         <wf lemma="nekaj" pos="X">nekaj</wf>
         <wf lemma="domačij" pos="X">domačij</wf>
         <wf lemma="ostalo" pos="X">ostalo</wf>
         <wf lemma="." pos="X">.</wf>
      </sentence>
      <sentence id="d000.s932" source="wordnet-slovenian">
         <wf lemma="Skupna" pos="X">Skupna</wf>
         <instance id="d000.s932.t000" lemma="stopnja" pos="NOUN">stopnja</instance>
         <wf lemma="[a" pos="X">[a</wf>
         <wf lemma="joint" pos="X">joint</wf>
         <wf lemma="degree]" pos="X">degree]</wf>
         <wf lemma="se" pos="X">se</wf>
         <wf lemma="lahko" pos="X">lahko</wf>
         <wf lemma="izda" pos="X">izda</wf>
         <wf lemma="kot" pos="X">kot</wf>
         <wf lemma=":" pos="X">:</wf>
      </sentence>
      <sentence id="d000.s933" source="wordnet-slovenian">
         <wf lemma="Počasi" pos="X">Počasi</wf>
         <wf lemma="se" pos="X">se</wf>
         <wf lemma="je" pos="X">je</wf>
         <wf lemma="pomikala" pos="X">pomikala</wf>
         <wf lemma="med" pos="X">med</wf>
         <instance id="d000.s933.t000" lemma="vrsta" pos="NOUN">vrstami</instance>
         <wf lemma="in" pos="X">in</wf>
         <wf lemma="iskala" pos="X">iskala</wf>
         <wf lemma="svojo" pos="X">svojo</wf>
         <wf lemma="." pos="X">.</wf>
      </sentence>
      <sentence id="d000.s934" source="wordnet-slovenian">
         <wf lemma="Umora" pos="X">Umora</wf>
         <wf lemma="je" pos="X">je</wf>
         <wf lemma="osumljen" pos="X">osumljen</wf>
         <wf lemma="18" pos="X">18</wf>
         <wf lemma="-" pos="X">-</wf>
         <wf lemma="letni" pos="X">letni</wf>
         <wf lemma="Rom" pos="X">Rom</wf>
         <wf lemma="," pos="X">,</wf>
         <wf lemma="ki" pos="X">ki</wf>
         <wf lemma="sta" pos="X">sta</wf>
         <wf lemma="mu" pos="X">mu</wf>
         <wf lemma="pri" pos="X">pri</wf>
         <wf lemma="zločinu" pos="X">zločinu</wf>
         <wf lemma="pomagala" pos="X">pomagala</wf>
         <wf lemma="sorodnika" pos="X">sorodnika</wf>
         <wf lemma="," pos="X">,</wf>
         <wf lemma="16" pos="X">16</wf>
         <wf lemma="-" pos="X">-</wf>
         <wf lemma="letnik" pos="X">letnik</wf>
         <wf lemma="in" pos="X">in</wf>
         <wf lemma="komaj" pos="X">komaj</wf>
         <wf lemma="13" pos="X">13</wf>
         <instance id="d000.s934.t000" lemma="leto" pos="NOUN">leta</instance>
         <wf lemma="in" pos="X">in</wf>
         <wf lemma="pol" pos="X">pol</wf>
         <wf lemma="star" pos="X">star</wf>
         <wf lemma="fant" pos="X">fant</wf>
         <wf lemma="-" pos="X">-</wf>
         <wf lemma="Koristoljubje" pos="X">Koristoljubje</wf>
         <wf lemma="." pos="X">.</wf>
      </sentence>
      <sentence id="d000.s935" source="wordnet-slovenian">
         <wf lemma="A" pos="X">A</wf>
         <wf lemma="ker" pos="X">ker</wf>
         <wf lemma="so" pos="X">so</wf>
         <wf lemma="pri" pos="X">pri</wf>
         <wf lemma="tem" pos="X">tem</wf>
         <wf lemma="nemško" pos="X">nemško</wf>
         <wf lemma="-" pos="X">-</wf>
         <wf lemma="ameriškem" pos="X">ameriškem</wf>
         <wf lemma="avtomobilskem" pos="X">avtomobilskem</wf>
         <wf lemma="gigantu" pos="X">gigantu</wf>
         <wf lemma="v" pos="X">v</wf>
         <wf lemma="precej" pos="X">precej</wf>
         <wf lemma="nenavadne" pos="X">nenavadne</wf>
         <wf lemma="marketinške" pos="X">marketinške</wf>
         <wf lemma="prijeme" pos="X">prijeme</wf>
         <wf lemma="že" pos="X">že</wf>
         <wf lemma="doslej" pos="X">doslej</wf>
         <wf lemma="vložili" pos="X">vložili</wf>
         <wf lemma="veliko" pos="X">veliko</wf>
         <wf lemma="," pos="X">,</wf>
         <wf lemma="bi" pos="X">bi</wf>
         <wf lemma="bilo" pos="X">bilo</wf>
         <wf lemma="škoda" pos="X">škoda</wf>
         <wf lemma="ves" pos="X">ves</wf>
         <instance id="d000.s935.t000" lemma="denar" pos="NOUN">denar</instance>
         <wf lemma="na" pos="X">na</wf>
         <wf lemma="hitrico" pos="X">hitrico</wf>
         <wf lemma="vreči" pos="X">vreči</wf>
         <wf lemma="stran" pos="X">stran</wf>
         <wf lemma="." pos="X">.</wf>
      </sentence>
      <sentence id="d000.s936" source="wordnet-slovenian">
         <wf lemma="Četrta" pos="X">Četrta</wf>
         <instance id="d000.s936.t000" lemma="stopnja" pos="NOUN">stopnja</instance>
         <wf lemma="LEO" pos="X">LEO</wf>
         <wf lemma="(" pos="X">(</wf>
         <wf lemma="lev" pos="X">lev</wf>
         <wf lemma=")" pos="X">)</wf>
         <wf lemma="je" pos="X">je</wf>
         <wf lemma="prva" pos="X">prva</wf>
         <wf lemma="višjih" pos="X">višjih</wf>
         <wf lemma="stopenj" pos="X">stopenj</wf>
         <wf lemma="in" pos="X">in</wf>
         <wf lemma="je" pos="X">je</wf>
         <wf lemma="pod" pos="X">pod</wf>
         <wf lemma="zaščito" pos="X">zaščito</wf>
         <wf lemma="planeta" pos="X">planeta</wf>
         <wf lemma="Jupitra" pos="X">Jupitra</wf>
         <wf lemma="." pos="X">.</wf>
      </sentence>
      <sentence id="d000.s937" source="wordnet-slovenian">
         <wf lemma="Tudi" pos="X">Tudi</wf>
         <wf lemma="negujem" pos="X">negujem</wf>
         <wf lemma="ga" pos="X">ga</wf>
         <wf lemma="po" pos="X">po</wf>
         <wf lemma="svojih" pos="X">svojih</wf>
         <instance id="d000.s937.t000" lemma="moč" pos="NOUN">močeh</instance>
         <wf lemma="." pos="X">.</wf>
      </sentence>
      <sentence id="d000.s938" source="wordnet-slovenian">
         <wf lemma="Ko" pos="X">Ko</wf>
         <wf lemma="se" pos="X">se</wf>
         <wf lemma="je" pos="X">je</wf>
         <wf lemma="nadaljevalo" pos="X">nadaljevalo</wf>
         <wf lemma="sojenje" pos="X">sojenje</wf>
         <wf lemma="predsedniku" pos="X">predsedniku</wf>
         <wf lemma="Clintonu" pos="X">Clintonu</wf>
         <wf lemma="," pos="X">,</wf>
         <wf lemma="je" pos="X">je</wf>
         <wf lemma="ta" pos="X">ta</wf>
         <wf lemma="v" pos="X">v</wf>
         <wf lemma="svojem" pos="X">svojem</wf>
         <wf lemma="letnem" pos="X">letnem</wf>
         <wf lemma="sporočilu" pos="X">sporočilu</wf>
         <wf lemma="predlagal" pos="X">predlagal</wf>
         <wf lemma="," pos="X">,</wf>
         <wf lemma="da" pos="X">da</wf>
         <wf lemma="bi" pos="X">bi</wf>
         <wf lemma="okrog" pos="X">okrog</wf>
         <wf lemma="2,7" pos="X">2,7</wf>
         <wf lemma="bilijona" pos="X">bilijona</wf>
         <wf lemma="dolarjev" pos="X">dolarjev</wf>
         <wf lemma="načrtovanih" pos="X">načrtovanih</wf>
         <wf lemma="proračunskih" pos="X">proračunskih</wf>
         <wf lemma="presežkov" pos="X">presežkov</wf>
         <wf lemma="v" pos="X">v</wf>
         <wf lemma="naslednjih" pos="X">naslednjih</wf>
         <wf lemma="15" pos="X">15</wf>
         <wf lemma="letih" pos="X">letih</wf>
         <wf lemma="namenili" pos="X">namenili</wf>
         <wf lemma="za" pos="X">za</wf>
         <wf lemma="pokojninski" pos="X">pokojninski</wf>
         <instance id="d000.s938.t000" lemma="sistem" pos="NOUN">sistem</instance>
         <wf lemma="." pos="X">.</wf>
      </sentence>
      <sentence id="d000.s939" source="wordnet-slovenian">
         <wf lemma="ZAKONODAJA" pos="X">ZAKONODAJA</wf>
         <wf lemma="O" pos="X">O</wf>
         <wf lemma="NACIONALNIH" pos="X">NACIONALNIH</wf>
         <wf lemma="PARKIH" pos="X">PARKIH</wf>
         <wf lemma="V" pos="X">V</wf>
         <wf lemma="ZDA" pos="X">ZDA</wf>
         <wf lemma="JE" pos="X">JE</wf>
         <wf lemma="BILA" pos="X">BILA</wf>
         <wf lemma="SPREJETA" pos="X">SPREJETA</wf>
         <wf lemma="NA" pos="X">NA</wf>
         <instance id="d000.s939.t000" lemma="začetek" pos="NOUN">ZAČETKU</instance>
         <wf lemma="PREJŠNJEGA" pos="X">PREJŠNJEGA</wf>
         <wf lemma="STOLETJA" pos="X">STOLETJA</wf>
         <wf lemma="," pos="X">,</wf>
         <wf lemma="KO" pos="X">KO</wf>
         <wf lemma="JE" pos="X">JE</wf>
         <wf lemma="TJA" pos="X">TJA</wf>
         <wf lemma="PRIŠEL" pos="X">PRIŠEL</wf>
         <wf lemma="VEČJI" pos="X">VEČJI</wf>
         <wf lemma="VAL" pos="X">VAL</wf>
         <wf lemma="PRISELJENCEV" pos="X">PRISELJENCEV</wf>
         <wf lemma="," pos="X">,</wf>
         <wf lemma="KI" pos="X">KI</wf>
         <wf lemma="NISO" pos="X">NISO</wf>
         <wf lemma="BILI" pos="X">BILI</wf>
         <wf lemma="ANGLOSAKSONSKEGA" pos="X">ANGLOSAKSONSKEGA</wf>
         <wf lemma="POREKLA" pos="X">POREKLA</wf>
         <wf lemma="." pos="X">.</wf>
      </sentence>
      <sentence id="d000.s940" source="wordnet-slovenian">
         <wf lemma="»" pos="X">»</wf>
         <instance id="d000.s940.t000" lemma="dan" pos="NOUN">Dan</instance>
         <wf lemma="je" pos="X">je</wf>
         <wf lemma="ugoden" pos="X">ugoden</wf>
         <wf lemma="za" pos="X">za</wf>
         <wf lemma="napad" pos="X">napad</wf>
         <wf lemma="." pos="X">.</wf>
      </sentence>
      <sentence id="d000.s941" source="wordnet-slovenian">
         <wf lemma="No" pos="X">No</wf>
         <wf lemma="," pos="X">,</wf>
         <wf lemma="ker" pos="X">ker</wf>
         <wf lemma="so" pos="X">so</wf>
         <wf lemma="bili" pos="X">bili</wf>
         <wf lemma="nekateri" pos="X">nekateri</wf>
         <wf lemma="telefoni" pos="X">telefoni</wf>
         <wf lemma="znamke" pos="X">znamke</wf>
         <wf lemma="Nokia" pos="X">Nokia</wf>
         <wf lemma="zaklenjeni" pos="X">zaklenjeni</wf>
         <wf lemma="za" pos="X">za</wf>
         <instance id="d000.s941.t000" lemma="uporaba" pos="NOUN">uporabo</instance>
         <wf lemma="le" pos="X">le</wf>
         <wf lemma="finskih" pos="X">finskih</wf>
         <wf lemma="slušalk" pos="X">slušalk</wf>
         <wf lemma="," pos="X">,</wf>
         <wf lemma="so" pos="X">so</wf>
         <wf lemma="bile" pos="X">bile</wf>
         <wf lemma="takšne" pos="X">takšne</wf>
         <wf lemma="domneve" pos="X">domneve</wf>
         <wf lemma="deloma" pos="X">deloma</wf>
         <wf lemma="upravičene" pos="X">upravičene</wf>
         <wf lemma="." pos="X">.</wf>
      </sentence>
      <sentence id="d000.s942" source="wordnet-slovenian">
         <wf lemma="Nekatere" pos="X">Nekatere</wf>
         <wf lemma="sladkovodne" pos="X">sladkovodne</wf>
         <wf lemma="ribe" pos="X">ribe</wf>
         <wf lemma="," pos="X">,</wf>
         <wf lemma="ki" pos="X">ki</wf>
         <wf lemma="se" pos="X">se</wf>
         <wf lemma="hranijo" pos="X">hranijo</wf>
         <wf lemma="s" pos="X">s</wf>
         <wf lemma="kopenskimi" pos="X">kopenskimi</wf>
         <wf lemma="žuželkami" pos="X">žuželkami</wf>
         <wf lemma="," pos="X">,</wf>
         <wf lemma="imajo" pos="X">imajo</wf>
         <wf lemma="zgoraj" pos="X">zgoraj</wf>
         <wf lemma="ležeča" pos="X">ležeča</wf>
         <wf lemma="usta" pos="X">usta</wf>
         <wf lemma=":" pos="X">:</wf>
         <wf lemma="usta" pos="X">usta</wf>
         <wf lemma="so" pos="X">so</wf>
         <wf lemma="v" pos="X">v</wf>
         <wf lemma="zgornjem" pos="X">zgornjem</wf>
         <wf lemma="delu" pos="X">delu</wf>
         <instance id="d000.s942.t000" lemma="glava" pos="NOUN">glave</instance>
         <wf lemma="in" pos="X">in</wf>
         <wf lemma="so" pos="X">so</wf>
         <wf lemma="obrnjena" pos="X">obrnjena</wf>
         <wf lemma="navzgor" pos="X">navzgor</wf>
         <wf lemma="." pos="X">.</wf>
      </sentence>
      <sentence id="d000.s943" source="wordnet-slovenian">
         <wf lemma="Krajevna" pos="X">Krajevna</wf>
         <wf lemma="organizacija" pos="X">organizacija</wf>
         <wf lemma="Rdečega" pos="X">Rdečega</wf>
         <wf lemma="križa" pos="X">križa</wf>
         <wf lemma="Šmarjeta" pos="X">Šmarjeta</wf>
         <wf lemma="vsako" pos="X">vsako</wf>
         <wf lemma="jesen" pos="X">jesen</wf>
         <wf lemma="organizira" pos="X">organizira</wf>
         <wf lemma="srečanje" pos="X">srečanje</wf>
         <wf lemma="za" pos="X">za</wf>
         <wf lemma="starostnike" pos="X">starostnike</wf>
         <wf lemma="nad" pos="X">nad</wf>
         <wf lemma="70." pos="X">70.</wf>
         <instance id="d000.s943.t000" lemma="leto" pos="NOUN">letom</instance>
         <wf lemma="starosti" pos="X">starosti</wf>
         <wf lemma="." pos="X">.</wf>
      </sentence>
      <sentence id="d000.s944" source="wordnet-slovenian">
         <wf lemma="Že" pos="X">Že</wf>
         <wf lemma="na" pos="X">na</wf>
         <wf lemma="prijateljskih" pos="X">prijateljskih</wf>
         <wf lemma="tekmah" pos="X">tekmah</wf>
         <wf lemma="pred" pos="X">pred</wf>
         <wf lemma="sezono" pos="X">sezono</wf>
         <wf lemma="pa" pos="X">pa</wf>
         <wf lemma="so" pos="X">so</wf>
         <wf lemma="ti" pos="X">ti</wf>
         <wf lemma="navijači" pos="X">navijači</wf>
         <wf lemma="vedno" pos="X">vedno</wf>
         <wf lemma="znova" pos="X">znova</wf>
         <wf lemma="na" pos="X">na</wf>
         <wf lemma="različne" pos="X">različne</wf>
         <instance id="d000.s944.t000" lemma="način" pos="NOUN">načine</instance>
         <wf lemma="protestirali" pos="X">protestirali</wf>
         <wf lemma="proti" pos="X">proti</wf>
         <wf lemma="novim" pos="X">novim</wf>
         <wf lemma="rdeče" pos="X">rdeče</wf>
         <wf lemma="-" pos="X">-</wf>
         <wf lemma="belim" pos="X">belim</wf>
         <wf lemma="oziroma" pos="X">oziroma</wf>
         <wf lemma="modrim" pos="X">modrim</wf>
         <wf lemma="dresom" pos="X">dresom</wf>
         <wf lemma="." pos="X">.</wf>
      </sentence>
      <sentence id="d000.s945" source="wordnet-slovenian">
         <wf lemma="Drugo" pos="X">Drugo</wf>
         <instance id="d000.s945.t000" lemma="leto" pos="NOUN">leto</instance>
         <wf lemma="bo" pos="X">bo</wf>
         <wf lemma="ostal" pos="X">ostal</wf>
         <wf lemma="mogoče" pos="X">mogoče</wf>
         <wf lemma="na" pos="X">na</wf>
         <wf lemma="istem" pos="X">istem</wf>
         <wf lemma="kolidžu" pos="X">kolidžu</wf>
         <wf lemma="ali" pos="X">ali</wf>
         <wf lemma="pa" pos="X">pa</wf>
         <wf lemma="bo" pos="X">bo</wf>
         <wf lemma="odšel" pos="X">odšel</wf>
         <wf lemma="na" pos="X">na</wf>
         <wf lemma="sosednjega" pos="X">sosednjega</wf>
         <wf lemma="v" pos="X">v</wf>
         <wf lemma="Houstonu" pos="X">Houstonu</wf>
         <wf lemma="," pos="X">,</wf>
         <wf lemma="kjer" pos="X">kjer</wf>
         <wf lemma="bo" pos="X">bo</wf>
         <wf lemma="mogoče" pos="X">mogoče</wf>
         <wf lemma="dobil" pos="X">dobil</wf>
         <wf lemma="več" pos="X">več</wf>
         <wf lemma="priložnosti" pos="X">priložnosti</wf>
         <wf lemma="za" pos="X">za</wf>
         <wf lemma="igranje" pos="X">igranje</wf>
         <wf lemma="." pos="X">.</wf>
      </sentence>
      <sentence id="d000.s946" source="wordnet-slovenian">
         <wf lemma="Ker" pos="X">Ker</wf>
         <wf lemma="je" pos="X">je</wf>
         <wf lemma="neuspeli" pos="X">neuspeli</wf>
         <wf lemma="predsedniški" pos="X">predsedniški</wf>
         <wf lemma="kandidat" pos="X">kandidat</wf>
         <wf lemma="in" pos="X">in</wf>
         <wf lemma="»" pos="X">»</wf>
         <wf lemma="edini" pos="X">edini</wf>
         <wf lemma="slovenski" pos="X">slovenski</wf>
         <wf lemma="politični" pos="X">politični</wf>
         <wf lemma="zapornik" pos="X">zapornik</wf>
         <wf lemma="«" pos="X">«</wf>
         <wf lemma="Joško" pos="X">Joško</wf>
         <wf lemma="Joras" pos="X">Joras</wf>
         <wf lemma="na" pos="X">na</wf>
         <wf lemma="dan" pos="X">dan</wf>
         <wf lemma="državnosti" pos="X">državnosti</wf>
         <wf lemma="na" pos="X">na</wf>
         <wf lemma="svoji" pos="X">svoji</wf>
         <instance id="d000.s946.t000" lemma="hiša" pos="NOUN">hiši</instance>
         <wf lemma="spet" pos="X">spet</wf>
         <wf lemma="obesil" pos="X">obesil</wf>
         <wf lemma="slovenski" pos="X">slovenski</wf>
         <wf lemma="zastavo" pos="X">zastavo</wf>
         <wf lemma="," pos="X">,</wf>
         <wf lemma="so" pos="X">so</wf>
         <wf lemma="jo" pos="X">jo</wf>
         <wf lemma="hrvaški" pos="X">hrvaški</wf>
         <wf lemma="policisti" pos="X">policisti</wf>
         <wf lemma="odstranili" pos="X">odstranili</wf>
         <wf lemma="," pos="X">,</wf>
         <wf lemma="sodniku" pos="X">sodniku</wf>
         <wf lemma="za" pos="X">za</wf>
         <wf lemma="prekrške" pos="X">prekrške</wf>
         <wf lemma="pa" pos="X">pa</wf>
         <wf lemma="poslali" pos="X">poslali</wf>
         <wf lemma="kazensko" pos="X">kazensko</wf>
         <wf lemma="ovadbo" pos="X">ovadbo</wf>
         <wf lemma="." pos="X">.</wf>
      </sentence>
      <sentence id="d000.s947" source="wordnet-slovenian">
         <wf lemma="Ena" pos="X">Ena</wf>
         <wf lemma="od" pos="X">od</wf>
         <wf lemma="najpogostejših" pos="X">najpogostejših</wf>
         <wf lemma="napačnih" pos="X">napačnih</wf>
         <wf lemma="domnev" pos="X">domnev</wf>
         <wf lemma="pri" pos="X">pri</wf>
         <wf lemma="ljudeh" pos="X">ljudeh</wf>
         <wf lemma="je" pos="X">je</wf>
         <wf lemma="," pos="X">,</wf>
         <wf lemma="da" pos="X">da</wf>
         <instance id="d000.s947.t000" lemma="denar" pos="NOUN">denar</instance>
         <wf lemma="sam" pos="X">sam</wf>
         <wf lemma="po" pos="X">po</wf>
         <wf lemma="sebi" pos="X">sebi</wf>
         <wf lemma="prinaša" pos="X">prinaša</wf>
         <wf lemma="le" pos="X">le</wf>
         <wf lemma="pozitivne" pos="X">pozitivne</wf>
         <wf lemma="lastnosti" pos="X">lastnosti</wf>
         <wf lemma="," pos="X">,</wf>
         <wf lemma="večne" pos="X">večne</wf>
         <wf lemma="dobičke" pos="X">dobičke</wf>
         <wf lemma="in" pos="X">in</wf>
         <wf lemma="nič" pos="X">nič</wf>
         <wf lemma="slabega" pos="X">slabega</wf>
         <wf lemma="." pos="X">.</wf>
      </sentence>
      <sentence id="d000.s948" source="wordnet-slovenian">
         <wf lemma="Boja" pos="X">Boja</wf>
         <wf lemma="proti" pos="X">proti</wf>
         <wf lemma="Japoncem" pos="X">Japoncem</wf>
         <wf lemma="je" pos="X">je</wf>
         <wf lemma="bilo" pos="X">bilo</wf>
         <instance id="d000.s948.t000" lemma="konec" pos="NOUN">konec</instance>
         <wf lemma="," pos="X">,</wf>
         <wf lemma="umaknil" pos="X">umaknil</wf>
         <wf lemma="se" pos="X">se</wf>
         <wf lemma="je" pos="X">je</wf>
         <wf lemma="boju" pos="X">boju</wf>
         <wf lemma="za" pos="X">za</wf>
         <wf lemma="preživetje" pos="X">preživetje</wf>
         <wf lemma="." pos="X">.</wf>
      </sentence>
      <sentence id="d000.s949" source="wordnet-slovenian">
         <wf lemma="KRAJ" pos="X">KRAJ</wf>
         <wf lemma="JE" pos="X">JE</wf>
         <wf lemma="RHODES" pos="X">RHODES</wf>
         <wf lemma="POIMENOVAL" pos="X">POIMENOVAL</wf>
         <wf lemma="&quot;" pos="X">&quot;</wf>
         <wf lemma="RAZGLED" pos="X">RAZGLED</wf>
         <wf lemma="NA" pos="X">NA</wf>
         <instance id="d000.s949.t000" lemma="svet" pos="NOUN">SVET</instance>
         <wf lemma="&quot;" pos="X">&quot;</wf>
         <wf lemma="." pos="X">.</wf>
      </sentence>
      <sentence id="d000.s950" source="wordnet-slovenian">
         <wf lemma="O" pos="X">O</wf>
         <wf lemma="svoji" pos="X">svoji</wf>
         <wf lemma="ertevejevski" pos="X">ertevejevski</wf>
         <wf lemma="pustolovščini" pos="X">pustolovščini</wf>
         <wf lemma="sem" pos="X">sem</wf>
         <wf lemma="napisal" pos="X">napisal</wf>
         <instance id="d000.s950.t000" lemma="knjiga" pos="NOUN">knjigo</instance>
         <wf lemma="," pos="X">,</wf>
         <wf lemma="ki" pos="X">ki</wf>
         <wf lemma="bo" pos="X">bo</wf>
         <wf lemma="morda" pos="X">morda</wf>
         <wf lemma="nekoč" pos="X">nekoč</wf>
         <wf lemma="izšla" pos="X">izšla</wf>
         <wf lemma="," pos="X">,</wf>
         <wf lemma="tukaj" pos="X">tukaj</wf>
         <wf lemma="bom" pos="X">bom</wf>
         <wf lemma="navedel" pos="X">navedel</wf>
         <wf lemma="le" pos="X">le</wf>
         <wf lemma="nekaj" pos="X">nekaj</wf>
         <wf lemma="bistvenih" pos="X">bistvenih</wf>
         <wf lemma="podatkov" pos="X">podatkov</wf>
         <wf lemma="o" pos="X">o</wf>
         <wf lemma="tem" pos="X">tem</wf>
         <wf lemma="nenavadnem" pos="X">nenavadnem</wf>
         <wf lemma="obdobju" pos="X">obdobju</wf>
         <wf lemma="mojega" pos="X">mojega</wf>
         <wf lemma="življenja" pos="X">življenja</wf>
         <wf lemma="." pos="X">.</wf>
      </sentence>
      <sentence id="d000.s951" source="wordnet-slovenian">
         <wf lemma="Predstavnik" pos="X">Predstavnik</wf>
         <wf lemma="storitvenih" pos="X">storitvenih</wf>
         <wf lemma="obrti" pos="X">obrti</wf>
         <wf lemma="," pos="X">,</wf>
         <wf lemma="slikar" pos="X">slikar</wf>
         <wf lemma="iz" pos="X">iz</wf>
         <wf lemma="Bologne" pos="X">Bologne</wf>
         <wf lemma="," pos="X">,</wf>
         <wf lemma="ki" pos="X">ki</wf>
         <wf lemma="je" pos="X">je</wf>
         <wf lemma="za" pos="X">za</wf>
         <wf lemma="Pirančane" pos="X">Pirančane</wf>
         <wf lemma="izdelal" pos="X">izdelal</wf>
         <wf lemma="božje" pos="X">božje</wf>
         <wf lemma="podobe" pos="X">podobe</wf>
         <wf lemma="(" pos="X">(</wf>
         <wf lemma="figurae" pos="X">figurae</wf>
         <wf lemma="divinae" pos="X">divinae</wf>
         <wf lemma=")" pos="X">)</wf>
         <wf lemma="," pos="X">,</wf>
         <wf lemma="je" pos="X">je</wf>
         <wf lemma="za" pos="X">za</wf>
         <wf lemma="preostanek" pos="X">preostanek</wf>
         <wf lemma="plačila" pos="X">plačila</wf>
         <wf lemma="dobil" pos="X">dobil</wf>
         <wf lemma="vina" pos="X">vina</wf>
         <wf lemma="za" pos="X">za</wf>
         <wf lemma="96" pos="X">96</wf>
         <wf lemma="liber,1" pos="X">liber,1</wf>
         <wf lemma="solid" pos="X">solid</wf>
         <wf lemma="in" pos="X">in</wf>
         <wf lemma="8" pos="X">8</wf>
         <instance id="d000.s951.t000" lemma="denar" pos="NOUN">denarjev</instance>
         <wf lemma="(" pos="X">(</wf>
         <wf lemma="PA" pos="X">PA</wf>
         <wf lemma="," pos="X">,</wf>
         <wf lemma="VK" pos="X">VK</wf>
         <wf lemma="2" pos="X">2</wf>
         <wf lemma="," pos="X">,</wf>
         <wf lemma="f." pos="X">f.</wf>
      </sentence>
      <sentence id="d000.s952" source="wordnet-slovenian">
         <wf lemma="Podoba" pos="X">Podoba</wf>
         <wf lemma="našega" pos="X">našega</wf>
         <wf lemma="sveta" pos="X">sveta</wf>
         <wf lemma="nastaja" pos="X">nastaja</wf>
         <wf lemma="po" pos="X">po</wf>
         <wf lemma="dveh" pos="X">dveh</wf>
         <instance id="d000.s952.t000" lemma="pot" pos="NOUN">poteh</instance>
         <wf lemma=":" pos="X">:</wf>
         <wf lemma="prva" pos="X">prva</wf>
         <wf lemma="vodi" pos="X">vodi</wf>
         <wf lemma="preko" pos="X">preko</wf>
         <wf lemma="neposrednega" pos="X">neposrednega</wf>
         <wf lemma="spoznanja" pos="X">spoznanja</wf>
         <wf lemma="tega" pos="X">tega</wf>
         <wf lemma="," pos="X">,</wf>
         <wf lemma="kar" pos="X">kar</wf>
         <wf lemma="lahko" pos="X">lahko</wf>
         <wf lemma="vidimo" pos="X">vidimo</wf>
         <wf lemma="z" pos="X">z</wf>
         <wf lemma="lastnimi" pos="X">lastnimi</wf>
         <wf lemma="očmi" pos="X">očmi</wf>
         <wf lemma=";" pos="X">;</wf>
         <wf lemma="sistem" pos="X">sistem</wf>
         <wf lemma="," pos="X">,</wf>
         <wf lemma="ki" pos="X">ki</wf>
         <wf lemma="s" pos="X">s</wf>
         <wf lemma="tem" pos="X">tem</wf>
         <wf lemma="nastane" pos="X">nastane</wf>
         <wf lemma="in" pos="X">in</wf>
         <wf lemma="v" pos="X">v</wf>
         <wf lemma="katerega" pos="X">katerega</wf>
         <wf lemma="informacije" pos="X">informacije</wf>
         <wf lemma="umeščamo" pos="X">umeščamo</wf>
         <wf lemma="," pos="X">,</wf>
         <wf lemma="nam" pos="X">nam</wf>
         <wf lemma="pomaga" pos="X">pomaga</wf>
         <wf lemma="osmišljati" pos="X">osmišljati</wf>
         <wf lemma="vsakdanje" pos="X">vsakdanje</wf>
         <wf lemma="življenje" pos="X">življenje</wf>
         <wf lemma="." pos="X">.</wf>
      </sentence>
      <sentence id="d000.s953" source="wordnet-slovenian">
         <wf lemma="V" pos="X">V</wf>
         <wf lemma="nekaj" pos="X">nekaj</wf>
         <wf lemma="dneh" pos="X">dneh</wf>
         <wf lemma="je" pos="X">je</wf>
         <wf lemma="skozi" pos="X">skozi</wf>
         <instance id="d000.s953.t000" lemma="vrata" pos="NOUN">vrata</instance>
         <wf lemma="Bloomsburyja" pos="X">Bloomsburyja</wf>
         <wf lemma="pridrlo" pos="X">pridrlo</wf>
         <wf lemma="več" pos="X">več</wf>
         <wf lemma="sto" pos="X">sto</wf>
         <wf lemma="kuponov" pos="X">kuponov</wf>
         <wf lemma=";" pos="X">;</wf>
         <wf lemma="rezultati" pos="X">rezultati</wf>
         <wf lemma="žrebanja" pos="X">žrebanja</wf>
         <wf lemma="bodo" pos="X">bodo</wf>
         <wf lemma="znani" pos="X">znani</wf>
         <wf lemma="kmalu" pos="X">kmalu</wf>
         <wf lemma="in" pos="X">in</wf>
         <wf lemma="4000" pos="X">4000</wf>
         <wf lemma="šolarjev" pos="X">šolarjev</wf>
         <wf lemma="bo" pos="X">bo</wf>
         <wf lemma="zelo" pos="X">zelo</wf>
         <wf lemma="srečnih" pos="X">srečnih</wf>
         <wf lemma="." pos="X">.</wf>
      </sentence>
      <sentence id="d000.s954" source="wordnet-slovenian">
         <instance id="d000.s954.t000" lemma="otrok" pos="NOUN">Otroka</instance>
         <wf lemma="poskusimo" pos="X">poskusimo</wf>
         <wf lemma="hraniti" pos="X">hraniti</wf>
         <wf lemma="z" pos="X">z</wf>
         <wf lemma="mleki" pos="X">mleki</wf>
         <wf lemma="," pos="X">,</wf>
         <wf lemma="ki" pos="X">ki</wf>
         <wf lemma="imajo" pos="X">imajo</wf>
         <wf lemma="hidrolizirano" pos="X">hidrolizirano</wf>
         <wf lemma="beljakovino" pos="X">beljakovino</wf>
         <wf lemma="kazein" pos="X">kazein</wf>
         <wf lemma="." pos="X">.</wf>
      </sentence>
      <sentence id="d000.s955" source="wordnet-slovenian">
         <wf lemma="Zaveda" pos="X">Zaveda</wf>
         <wf lemma="se" pos="X">se</wf>
         <wf lemma="," pos="X">,</wf>
         <wf lemma="da" pos="X">da</wf>
         <wf lemma="so" pos="X">so</wf>
         <wf lemma="tovrstni" pos="X">tovrstni</wf>
         <wf lemma="tabori" pos="X">tabori</wf>
         <wf lemma="odlična" pos="X">odlična</wf>
         <wf lemma="priložnost" pos="X">priložnost</wf>
         <wf lemma="za" pos="X">za</wf>
         <wf lemma="pridobivanje" pos="X">pridobivanje</wf>
         <wf lemma="mladih" pos="X">mladih</wf>
         <instance id="d000.s955.t000" lemma="moč" pos="NOUN">moči</instance>
         <wf lemma="na" pos="X">na</wf>
         <wf lemma="področju" pos="X">področju</wf>
         <wf lemma="ekologije" pos="X">ekologije</wf>
         <wf lemma="." pos="X">.</wf>
      </sentence>
      <sentence id="d000.s956" source="wordnet-slovenian">
         <wf lemma="Nadaljnjih" pos="X">Nadaljnjih</wf>
         <wf lemma="7" pos="X">7</wf>
         <wf lemma="do" pos="X">do</wf>
         <wf lemma="14" pos="X">14</wf>
         <wf lemma="dni" pos="X">dni</wf>
         <wf lemma="opazujemo" pos="X">opazujemo</wf>
         <wf lemma="," pos="X">,</wf>
         <wf lemma="ali" pos="X">ali</wf>
         <wf lemma="se" pos="X">se</wf>
         <wf lemma="je" pos="X">je</wf>
         <wf lemma="pojavil" pos="X">pojavil</wf>
         <wf lemma="rdeč" pos="X">rdeč</wf>
         <wf lemma="kolobar" pos="X">kolobar</wf>
         <wf lemma="na" pos="X">na</wf>
         <instance id="d000.s956.t000" lemma="telo" pos="NOUN">telesu</instance>
         <wf lemma="ali" pos="X">ali</wf>
         <wf lemma="na" pos="X">na</wf>
         <wf lemma="mestu" pos="X">mestu</wf>
         <wf lemma="pika" pos="X">pika</wf>
         <wf lemma="oziroma" pos="X">oziroma</wf>
         <wf lemma="otrdel" pos="X">otrdel</wf>
         <wf lemma="tilnik" pos="X">tilnik</wf>
         <wf lemma="in" pos="X">in</wf>
         <wf lemma="bruhanje" pos="X">bruhanje</wf>
         <wf lemma="znak" pos="X">znak</wf>
         <wf lemma="borelioze" pos="X">borelioze</wf>
         <wf lemma="." pos="X">.</wf>
      </sentence>
      <sentence id="d000.s957" source="wordnet-slovenian">
         <wf lemma="V" pos="X">V</wf>
         <wf lemma="zadnjem" pos="X">zadnjem</wf>
         <wf lemma="predhodnem" pos="X">predhodnem</wf>
         <instance id="d000.s957.t000" lemma="življenje" pos="NOUN">življenju</instance>
         <wf lemma="je" pos="X">je</wf>
         <wf lemma="bila" pos="X">bila</wf>
         <wf lemma="moškega" pos="X">moškega</wf>
         <wf lemma="spola" pos="X">spola</wf>
         <wf lemma="." pos="X">.</wf>
      </sentence>
      <sentence id="d000.s958" source="wordnet-slovenian">
         <wf lemma="Na" pos="X">Na</wf>
         <wf lemma="srečo" pos="X">srečo</wf>
         <wf lemma="pa" pos="X">pa</wf>
         <wf lemma="obstajajo" pos="X">obstajajo</wf>
         <wf lemma="tudi" pos="X">tudi</wf>
         <wf lemma="nekatere" pos="X">nekatere</wf>
         <wf lemma="pomembne" pos="X">pomembne</wf>
         <wf lemma="značilnosti" pos="X">značilnosti</wf>
         <wf lemma="madžarske" pos="X">madžarske</wf>
         <wf lemma="družbe" pos="X">družbe</wf>
         <wf lemma="in" pos="X">in</wf>
         <wf lemma="gospodarstva" pos="X">gospodarstva</wf>
         <wf lemma="," pos="X">,</wf>
         <wf lemma="ki" pos="X">ki</wf>
         <wf lemma="jim" pos="X">jim</wf>
         <wf lemma="ne" pos="X">ne</wf>
         <wf lemma="oporeka" pos="X">oporeka</wf>
         <wf lemma="nobena" pos="X">nobena</wf>
         <instance id="d000.s958.t000" lemma="stran" pos="NOUN">stran</instance>
         <wf lemma="." pos="X">.</wf>
      </sentence>
      <sentence id="d000.s959" source="wordnet-slovenian">
         <wf lemma="PO" pos="X">PO</wf>
         <wf lemma="75" pos="X">75</wf>
         <instance id="d000.s959.t000" lemma="leto" pos="NOUN">LETIH</instance>
         <wf lemma="NAVZGOR" pos="X">NAVZGOR</wf>
         <wf lemma="-" pos="X">-</wf>
         <wf lemma="Kot" pos="X">Kot</wf>
         <wf lemma="je" pos="X">je</wf>
         <wf lemma="povedal" pos="X">povedal</wf>
         <wf lemma="direktor" pos="X">direktor</wf>
         <wf lemma="Tanina" pos="X">Tanina</wf>
         <wf lemma="Ivan" pos="X">Ivan</wf>
         <wf lemma="Mirt" pos="X">Mirt</wf>
         <wf lemma="(" pos="X">(</wf>
         <wf lemma="na" pos="X">na</wf>
         <wf lemma="sliki" pos="X">sliki</wf>
         <wf lemma="prvi" pos="X">prvi</wf>
         <wf lemma="z" pos="X">z</wf>
         <wf lemma="leve" pos="X">leve</wf>
         <wf lemma=")" pos="X">)</wf>
         <wf lemma="," pos="X">,</wf>
         <wf lemma="so" pos="X">so</wf>
         <wf lemma="v" pos="X">v</wf>
         <wf lemma="tovarni" pos="X">tovarni</wf>
         <wf lemma="z" pos="X">z</wf>
         <wf lemma="obstoječimi" pos="X">obstoječimi</wf>
         <wf lemma="napravami" pos="X">napravami</wf>
         <wf lemma="za" pos="X">za</wf>
         <wf lemma="četrtino" pos="X">četrtino</wf>
         <wf lemma="povečali" pos="X">povečali</wf>
         <wf lemma="proizvodnjo" pos="X">proizvodnjo</wf>
         <wf lemma="." pos="X">.</wf>
      </sentence>
      <sentence id="d000.s960" source="wordnet-slovenian">
         <wf lemma="Zato" pos="X">Zato</wf>
         <wf lemma="so" pos="X">so</wf>
         <wf lemma="jo" pos="X">jo</wf>
         <instance id="d000.s960.t000" lemma="leto" pos="NOUN">leta</instance>
         <wf lemma="1977" pos="X">1977</wf>
         <wf lemma="razširili" pos="X">razširili</wf>
         <wf lemma="z" pos="X">z</wf>
         <wf lemma="dvema" pos="X">dvema</wf>
         <wf lemma="dodatnima" pos="X">dodatnima</wf>
         <wf lemma="protokoloma" pos="X">protokoloma</wf>
         <wf lemma="," pos="X">,</wf>
         <wf lemma="s" pos="X">s</wf>
         <wf lemma="katerima" pos="X">katerima</wf>
         <wf lemma="so" pos="X">so</wf>
         <wf lemma="vanjo" pos="X">vanjo</wf>
         <wf lemma="zajeli" pos="X">zajeli</wf>
         <wf lemma="tudi" pos="X">tudi</wf>
         <wf lemma="pripadnike" pos="X">pripadnike</wf>
         <wf lemma="osvobodilnih" pos="X">osvobodilnih</wf>
         <wf lemma="organizacij" pos="X">organizacij</wf>
         <wf lemma="." pos="X">.</wf>
      </sentence>
      <sentence id="d000.s961" source="wordnet-slovenian">
         <wf lemma="Če" pos="X">Če</wf>
         <wf lemma="so" pos="X">so</wf>
         <wf lemma="v" pos="X">v</wf>
         <wf lemma="njihovem" pos="X">njihovem</wf>
         <wf lemma="času" pos="X">času</wf>
         <wf lemma="obstajale" pos="X">obstajale</wf>
         <wf lemma="na" pos="X">na</wf>
         <wf lemma="primer" pos="X">primer</wf>
         <wf lemma="tri" pos="X">tri</wf>
         <instance id="d000.s961.t000" lemma="mesec" pos="NOUN">mesece</instance>
         <wf lemma="," pos="X">,</wf>
         <wf lemma="jih" pos="X">jih</wf>
         <wf lemma="bodo" pos="X">bodo</wf>
         <wf lemma="astronomi" pos="X">astronomi</wf>
         <wf lemma="mogli" pos="X">mogli</wf>
         <wf lemma="opazovati" pos="X">opazovati</wf>
         <wf lemma="skoraj" pos="X">skoraj</wf>
         <wf lemma="osem" pos="X">osem</wf>
         <wf lemma="let" pos="X">let</wf>
         <wf lemma="!" pos="X">!</wf>
      </sentence>
      <sentence id="d000.s962" source="wordnet-slovenian">
         <wf lemma="Vsekakor" pos="X">Vsekakor</wf>
         <wf lemma="je" pos="X">je</wf>
         <wf lemma="nekoliko" pos="X">nekoliko</wf>
         <wf lemma="resnejši" pos="X">resnejši</wf>
         <wf lemma="s" pos="X">s</wf>
         <wf lemma="stališča" pos="X">stališča</wf>
         <wf lemma="izvirnosti" pos="X">izvirnosti</wf>
         <wf lemma="kot" pos="X">kot</wf>
         <wf lemma="v" pos="X">v</wf>
         <wf lemma="Latinski" pos="X">Latinski</wf>
         <wf lemma="Ameriki" pos="X">Ameriki</wf>
         <wf lemma="in" pos="X">in</wf>
         <wf lemma="na" pos="X">na</wf>
         <wf lemma="Karibih" pos="X">Karibih</wf>
         <wf lemma="," pos="X">,</wf>
         <wf lemma="a" pos="X">a</wf>
         <wf lemma="so" pos="X">so</wf>
         <wf lemma="tudi" pos="X">tudi</wf>
         <wf lemma="tukaj" pos="X">tukaj</wf>
         <wf lemma="pri" pos="X">pri</wf>
         <wf lemma="preganjanju" pos="X">preganjanju</wf>
         <wf lemma="zlih" pos="X">zlih</wf>
         <wf lemma="duhov" pos="X">duhov</wf>
         <instance id="d000.s962.t000" lemma="možnost" pos="NOUN">možnosti</instance>
         <wf lemma="za" pos="X">za</wf>
         <wf lemma="transgresijo" pos="X">transgresijo</wf>
         <wf lemma="kot" pos="X">kot</wf>
         <wf lemma="na" pos="X">na</wf>
         <wf lemma="primer" pos="X">primer</wf>
         <wf lemma="v" pos="X">v</wf>
         <wf lemma="Benetkah" pos="X">Benetkah</wf>
         <wf lemma=":" pos="X">:</wf>
         <wf lemma="trangresije" pos="X">trangresije</wf>
         <wf lemma="," pos="X">,</wf>
         <wf lemma="ki" pos="X">ki</wf>
         <wf lemma="seveda" pos="X">seveda</wf>
         <wf lemma="izpadejo" pos="X">izpadejo</wf>
         <wf lemma="naivne" pos="X">naivne</wf>
         <wf lemma="v" pos="X">v</wf>
         <wf lemma="primerjavi" pos="X">primerjavi</wf>
         <wf lemma="s" pos="X">s</wf>
         <wf lemma="tistimi" pos="X">tistimi</wf>
         <wf lemma="iz" pos="X">iz</wf>
         <wf lemma="eksotičnih" pos="X">eksotičnih</wf>
         <wf lemma="dežel" pos="X">dežel</wf>
         <wf lemma="." pos="X">.</wf>
      </sentence>
      <sentence id="d000.s963" source="wordnet-slovenian">
         <wf lemma="Preračunano" pos="X">Preračunano</wf>
         <wf lemma="na" pos="X">na</wf>
         <wf lemma="manjše" pos="X">manjše</wf>
         <wf lemma="število" pos="X">število</wf>
         <wf lemma="zaposlenih" pos="X">zaposlenih</wf>
         <wf lemma="(" pos="X">(</wf>
         <wf lemma="predvsem" pos="X">predvsem</wf>
         <wf lemma="na" pos="X">na</wf>
         <wf lemma="manjše" pos="X">manjše</wf>
         <wf lemma="število" pos="X">število</wf>
         <wf lemma="študentov" pos="X">študentov</wf>
         <wf lemma="," pos="X">,</wf>
         <wf lemma="ki" pos="X">ki</wf>
         <wf lemma="jih" pos="X">jih</wf>
         <wf lemma="je" pos="X">je</wf>
         <wf lemma="med" pos="X">med</wf>
         <wf lemma="cestninarji" pos="X">cestninarji</wf>
         <wf lemma="40" pos="X">40</wf>
         <wf lemma="odstotkov" pos="X">odstotkov</wf>
         <wf lemma=")" pos="X">)</wf>
         <wf lemma="in" pos="X">in</wf>
         <wf lemma="višje" pos="X">višje</wf>
         <wf lemma="vzdrževalne" pos="X">vzdrževalne</wf>
         <wf lemma="stroške" pos="X">stroške</wf>
         <wf lemma="za" pos="X">za</wf>
         <wf lemma="novi" pos="X">novi</wf>
         <instance id="d000.s963.t000" lemma="sistem" pos="NOUN">sistem</instance>
         <wf lemma="bi" pos="X">bi</wf>
         <wf lemma="bili" pos="X">bili</wf>
         <wf lemma="stroški" pos="X">stroški</wf>
         <wf lemma="za" pos="X">za</wf>
         <wf lemma="pobiranje" pos="X">pobiranje</wf>
         <wf lemma="cestnine" pos="X">cestnine</wf>
         <wf lemma="s" pos="X">s</wf>
         <wf lemma="podajalno" pos="X">podajalno</wf>
         <wf lemma="-" pos="X">-</wf>
         <wf lemma="bralnim" pos="X">bralnim</wf>
         <wf lemma="sistemom" pos="X">sistemom</wf>
         <wf lemma="na" pos="X">na</wf>
         <wf lemma="letni" pos="X">letni</wf>
         <wf lemma="ravni" pos="X">ravni</wf>
         <wf lemma="(" pos="X">(</wf>
         <wf lemma="glede" pos="X">glede</wf>
         <wf lemma="na" pos="X">na</wf>
         <wf lemma="stroške" pos="X">stroške</wf>
         <wf lemma="pobiranja" pos="X">pobiranja</wf>
         <wf lemma="v" pos="X">v</wf>
         <wf lemma="lanskem" pos="X">lanskem</wf>
         <wf lemma="letu" pos="X">letu</wf>
         <wf lemma=")" pos="X">)</wf>
         <wf lemma="nižji" pos="X">nižji</wf>
         <wf lemma="za" pos="X">za</wf>
         <wf lemma="največ" pos="X">največ</wf>
         <wf lemma="115" pos="X">115</wf>
         <wf lemma="milijonov" pos="X">milijonov</wf>
         <wf lemma="tolarjev" pos="X">tolarjev</wf>
         <wf lemma="." pos="X">.</wf>
      </sentence>
      <sentence id="d000.s964" source="wordnet-slovenian">
         <wf lemma="Mogoče" pos="X">Mogoče</wf>
         <wf lemma="ste" pos="X">ste</wf>
         <wf lemma="ga" pos="X">ga</wf>
         <wf lemma="vznemirili" pos="X">vznemirili</wf>
         <wf lemma="," pos="X">,</wf>
         <wf lemma="kar" pos="X">kar</wf>
         <wf lemma="se" pos="X">se</wf>
         <wf lemma="tiče" pos="X">tiče</wf>
         <instance id="d000.s964.t000" lemma="vprašanje" pos="NOUN">vprašanja</instance>
         <wf lemma="o" pos="X">o</wf>
         <wf lemma="njegovem" pos="X">njegovem</wf>
         <wf lemma="alkoholizmu" pos="X">alkoholizmu</wf>
         <wf lemma="." pos="X">.</wf>
      </sentence>
      <sentence id="d000.s965" source="wordnet-slovenian">
         <wf lemma="*" pos="X">*</wf>
         <wf lemma="čutite" pos="X">čutite</wf>
         <wf lemma="mravljince" pos="X">mravljince</wf>
         <wf lemma="," pos="X">,</wf>
         <wf lemma="otrplost" pos="X">otrplost</wf>
         <wf lemma="ali" pos="X">ali</wf>
         <wf lemma="nemoč" pos="X">nemoč</wf>
         <wf lemma="v" pos="X">v</wf>
         <instance id="d000.s965.t000" lemma="roka" pos="NOUN">roki</instance>
         <wf lemma="ali" pos="X">ali</wf>
         <wf lemma="dlani" pos="X">dlani</wf>
         <wf lemma="," pos="X">,</wf>
         <wf lemma="če" pos="X">če</wf>
         <wf lemma="ste" pos="X">ste</wf>
         <wf lemma="shujšali" pos="X">shujšali</wf>
         <wf lemma="ali" pos="X">ali</wf>
         <wf lemma="imate" pos="X">imate</wf>
         <wf lemma="vročino" pos="X">vročino</wf>
         <wf lemma="." pos="X">.</wf>
      </sentence>
      <sentence id="d000.s966" source="wordnet-slovenian">
         <wf lemma="Saj" pos="X">Saj</wf>
         <wf lemma="veste" pos="X">veste</wf>
         <wf lemma="," pos="X">,</wf>
         <wf lemma="da" pos="X">da</wf>
         <wf lemma="imajo" pos="X">imajo</wf>
         <wf lemma="tablete" pos="X">tablete</wf>
         <wf lemma="le" pos="X">le</wf>
         <wf lemma="prehoden" pos="X">prehoden</wf>
         <wf lemma="učinek" pos="X">učinek</wf>
         <wf lemma="," pos="X">,</wf>
         <wf lemma="sami" pos="X">sami</wf>
         <wf lemma="pa" pos="X">pa</wf>
         <wf lemma="potrebujete" pos="X">potrebujete</wf>
         <wf lemma="nekaj" pos="X">nekaj</wf>
         <wf lemma="," pos="X">,</wf>
         <wf lemma="kar" pos="X">kar</wf>
         <wf lemma="vas" pos="X">vas</wf>
         <wf lemma="bo" pos="X">bo</wf>
         <wf lemma="poživilo" pos="X">poživilo</wf>
         <wf lemma="za" pos="X">za</wf>
         <wf lemma="dalj" pos="X">dalj</wf>
         <instance id="d000.s966.t000" lemma="čas" pos="NOUN">časa</instance>
         <wf lemma="." pos="X">.</wf>
      </sentence>
      <sentence id="d000.s967" source="wordnet-slovenian">
         <wf lemma="Kakšno" pos="X">Kakšno</wf>
         <wf lemma="je" pos="X">je</wf>
         <wf lemma="vaše" pos="X">vaše</wf>
         <instance id="d000.s967.t000" lemma="mnenje" pos="NOUN">mnenje</instance>
         <wf lemma="o" pos="X">o</wf>
         <wf lemma="tem" pos="X">tem</wf>
         <wf lemma="?" pos="X">?</wf>
      </sentence>
      <sentence id="d000.s968" source="wordnet-slovenian">
         <wf lemma="V" pos="X">V</wf>
         <wf lemma="San" pos="X">San</wf>
         <wf lemma="Franciscu" pos="X">Franciscu</wf>
         <wf lemma="je" pos="X">je</wf>
         <wf lemma="od" pos="X">od</wf>
         <wf lemma="9." pos="X">9.</wf>
         <wf lemma="do" pos="X">do</wf>
         <wf lemma="12." pos="X">12.</wf>
         <wf lemma="januarja" pos="X">januarja</wf>
         <wf lemma="v" pos="X">v</wf>
         <instance id="d000.s968.t000" lemma="prostor" pos="NOUN">prostorih</instance>
         <wf lemma="konferenčnega" pos="X">konferenčnega</wf>
         <wf lemma="centra" pos="X">centra</wf>
         <wf lemma="Moscone" pos="X">Moscone</wf>
         <wf lemma="potekala" pos="X">potekala</wf>
         <wf lemma="konferenca" pos="X">konferenca</wf>
         <wf lemma="Mac" pos="X">Mac</wf>
         <wf lemma="World" pos="X">World</wf>
         <wf lemma="Expo" pos="X">Expo</wf>
         <wf lemma="," pos="X">,</wf>
         <wf lemma="na" pos="X">na</wf>
         <wf lemma="kateri" pos="X">kateri</wf>
         <wf lemma="se" pos="X">se</wf>
         <wf lemma="je" pos="X">je</wf>
         <wf lemma="zbralo" pos="X">zbralo</wf>
         <wf lemma="93.000" pos="X">93.000</wf>
         <wf lemma="privržencev" pos="X">privržencev</wf>
         <wf lemma="računalnikov" pos="X">računalnikov</wf>
         <wf lemma="Macintosh" pos="X">Macintosh</wf>
         <wf lemma="." pos="X">.</wf>
      </sentence>
      <sentence id="d000.s969" source="wordnet-slovenian">
         <wf lemma="Po" pos="X">Po</wf>
         <instance id="d000.s969.t000" lemma="beseda" pos="NOUN">besedah</instance>
         <wf lemma="Dermeljeve" pos="X">Dermeljeve</wf>
         <wf lemma="obstajajo" pos="X">obstajajo</wf>
         <wf lemma="boljše" pos="X">boljše</wf>
         <wf lemma="in" pos="X">in</wf>
         <wf lemma="okoljsko" pos="X">okoljsko</wf>
         <wf lemma="sprejemljivejše" pos="X">sprejemljivejše</wf>
         <wf lemma="možnosti" pos="X">možnosti</wf>
         <wf lemma="," pos="X">,</wf>
         <wf lemma="kot" pos="X">kot</wf>
         <wf lemma="je" pos="X">je</wf>
         <wf lemma="uporaba" pos="X">uporaba</wf>
         <wf lemma="gensko" pos="X">gensko</wf>
         <wf lemma="spremenjenih" pos="X">spremenjenih</wf>
         <wf lemma="organizmov" pos="X">organizmov</wf>
         <wf lemma="." pos="X">.</wf>
      </sentence>
      <sentence id="d000.s970" source="wordnet-slovenian">
         <instance id="d000.s970.t000" lemma="leto" pos="NOUN">Leta</instance>
         <wf lemma="1966" pos="X">1966</wf>
         <wf lemma="je" pos="X">je</wf>
         <wf lemma="bila" pos="X">bila</wf>
         <wf lemma="ta" pos="X">ta</wf>
         <wf lemma="26" pos="X">26</wf>
         <wf lemma="umrlih" pos="X">umrlih</wf>
         <wf lemma="žensk" pos="X">žensk</wf>
         <wf lemma="na" pos="X">na</wf>
         <wf lemma="100.000" pos="X">100.000</wf>
         <wf lemma="živorojenih" pos="X">živorojenih</wf>
         <wf lemma="otrok" pos="X">otrok</wf>
         <wf lemma="," pos="X">,</wf>
         <wf lemma="leta" pos="X">leta</wf>
         <wf lemma="2000" pos="X">2000</wf>
         <wf lemma="pa" pos="X">pa</wf>
         <wf lemma="se" pos="X">se</wf>
         <wf lemma="je" pos="X">je</wf>
         <wf lemma="ta" pos="X">ta</wf>
         <wf lemma="številka" pos="X">številka</wf>
         <wf lemma="še" pos="X">še</wf>
         <wf lemma="povečala" pos="X">povečala</wf>
         <wf lemma="," pos="X">,</wf>
         <wf lemma="na" pos="X">na</wf>
         <wf lemma="27,8" pos="X">27,8</wf>
         <wf lemma="umrle" pos="X">umrle</wf>
         <wf lemma="ženske" pos="X">ženske</wf>
         <wf lemma="na" pos="X">na</wf>
         <wf lemma="enako" pos="X">enako</wf>
         <wf lemma="število" pos="X">število</wf>
         <wf lemma="živorojenih" pos="X">živorojenih</wf>
         <wf lemma="otrok" pos="X">otrok</wf>
         <wf lemma="." pos="X">.</wf>
      </sentence>
      <sentence id="d000.s971" source="wordnet-slovenian">
         <wf lemma="Drugi" pos="X">Drugi</wf>
         <wf lemma="pomemben" pos="X">pomemben</wf>
         <wf lemma="podatek" pos="X">podatek</wf>
         <wf lemma="je" pos="X">je</wf>
         <wf lemma="," pos="X">,</wf>
         <wf lemma="da" pos="X">da</wf>
         <wf lemma="bo" pos="X">bo</wf>
         <wf lemma="začel" pos="X">začel</wf>
         <wf lemma="nov" pos="X">nov</wf>
         <instance id="d000.s971.t000" lemma="sistem" pos="NOUN">sistem</instance>
         <wf lemma="neprofitnih" pos="X">neprofitnih</wf>
         <wf lemma="najemnin" pos="X">najemnin</wf>
         <wf lemma="veljati" pos="X">veljati</wf>
         <wf lemma="šele" pos="X">šele</wf>
         <wf lemma="v" pos="X">v</wf>
         <wf lemma="začetku" pos="X">začetku</wf>
         <wf lemma="leta" pos="X">leta</wf>
         <wf lemma="2005" pos="X">2005</wf>
         <wf lemma="," pos="X">,</wf>
         <wf lemma="in" pos="X">in</wf>
         <wf lemma="sicer" pos="X">sicer</wf>
         <wf lemma="bo" pos="X">bo</wf>
         <wf lemma="prehod" pos="X">prehod</wf>
         <wf lemma="tudi" pos="X">tudi</wf>
         <wf lemma="tedaj" pos="X">tedaj</wf>
         <wf lemma="postopen" pos="X">postopen</wf>
         <wf lemma="," pos="X">,</wf>
         <wf lemma="namreč" pos="X">namreč</wf>
         <wf lemma="v" pos="X">v</wf>
         <wf lemma="štirih" pos="X">štirih</wf>
         <wf lemma="fazah" pos="X">fazah</wf>
         <wf lemma="," pos="X">,</wf>
         <wf lemma="do" pos="X">do</wf>
         <wf lemma="leta" pos="X">leta</wf>
         <wf lemma="2007" pos="X">2007</wf>
         <wf lemma="." pos="X">.</wf>
      </sentence>
      <sentence id="d000.s972" source="wordnet-slovenian">
         <wf lemma="Ubogljivi" pos="X">Ubogljivi</wf>
         <wf lemma="in" pos="X">in</wf>
         <wf lemma="od" pos="X">od</wf>
         <wf lemma="vodilne" pos="X">vodilne</wf>
         <instance id="d000.s972.t000" lemma="stranka" pos="NOUN">stranke</instance>
         <wf lemma="poslušni" pos="X">poslušni</wf>
         <wf lemma="minister" pos="X">minister</wf>
         <wf lemma="Jelko" pos="X">Jelko</wf>
         <wf lemma="Kacin" pos="X">Kacin</wf>
         <wf lemma="je" pos="X">je</wf>
         <wf lemma="s" pos="X">s</wf>
         <wf lemma="svojo" pos="X">svojo</wf>
         <wf lemma="operativno" pos="X">operativno</wf>
         <wf lemma="udarno" pos="X">udarno</wf>
         <wf lemma="enoto" pos="X">enoto</wf>
         <wf lemma="(" pos="X">(</wf>
         <wf lemma="šest" pos="X">šest</wf>
         <wf lemma="oboroženih" pos="X">oboroženih</wf>
         <wf lemma="pripadnikov" pos="X">pripadnikov</wf>
         <wf lemma="Voma" pos="X">Voma</wf>
         <wf lemma=")" pos="X">)</wf>
         <wf lemma="opravil" pos="X">opravil</wf>
         <wf lemma="še" pos="X">še</wf>
         <wf lemma="zadnje" pos="X">zadnje</wf>
         <wf lemma="kadrovske" pos="X">kadrovske</wf>
         <wf lemma="zamenjave" pos="X">zamenjave</wf>
         <wf lemma="in" pos="X">in</wf>
         <wf lemma="prerazporeditve" pos="X">prerazporeditve</wf>
         <wf lemma="in" pos="X">in</wf>
         <wf lemma="tako" pos="X">tako</wf>
         <wf lemma="brigadi" pos="X">brigadi</wf>
         <wf lemma="zadal" pos="X">zadal</wf>
         <wf lemma="še" pos="X">še</wf>
         <wf lemma="zadnji" pos="X">zadnji</wf>
         <wf lemma="smrtni" pos="X">smrtni</wf>
         <wf lemma="udarec" pos="X">udarec</wf>
         <wf lemma="." pos="X">.</wf>
      </sentence>
      <sentence id="d000.s973" source="wordnet-slovenian">
         <wf lemma="V" pos="X">V</wf>
         <wf lemma="finalu" pos="X">finalu</wf>
         <wf lemma="deklic" pos="X">deklic</wf>
         <wf lemma="in" pos="X">in</wf>
         <wf lemma="dečkov" pos="X">dečkov</wf>
         <wf lemma="do" pos="X">do</wf>
         <wf lemma="14" pos="X">14</wf>
         <instance id="d000.s973.t000" lemma="leto" pos="NOUN">let</instance>
         <wf lemma="Slovenija" pos="X">Slovenija</wf>
         <wf lemma="ni" pos="X">ni</wf>
         <wf lemma="imela" pos="X">imela</wf>
         <wf lemma="predstavnikov" pos="X">predstavnikov</wf>
         <wf lemma="." pos="X">.</wf>
      </sentence>
      <sentence id="d000.s974" source="wordnet-slovenian">
         <wf lemma="–" pos="X">–</wf>
         <wf lemma="ODDELEK" pos="X">ODDELEK</wf>
         <wf lemma="73" pos="X">73</wf>
         <wf lemma="RAZISKOVANJE" pos="X">RAZISKOVANJE</wf>
         <wf lemma="IN" pos="X">IN</wf>
         <instance id="d000.s974.t000" lemma="razvoj" pos="NOUN">RAZVOJ</instance>
         <wf lemma="Z" pos="X">Z</wf>
         <wf lemma="PODROČJA" pos="X">PODROČJA</wf>
         <wf lemma="K" pos="X">K</wf>
         <wf lemma="POSLOVANJE" pos="X">POSLOVANJE</wf>
         <wf lemma="Z" pos="X">Z</wf>
         <wf lemma="NEPREMIČNINAMI" pos="X">NEPREMIČNINAMI</wf>
         <wf lemma="," pos="X">,</wf>
         <wf lemma="NAJEM" pos="X">NAJEM</wf>
         <wf lemma="IN" pos="X">IN</wf>
         <wf lemma="POSLOVNE" pos="X">POSLOVNE</wf>
         <wf lemma="STORITVE" pos="X">STORITVE</wf>
         <wf lemma="," pos="X">,</wf>
         <wf lemma="." pos="X">.</wf>
      </sentence>
      <sentence id="d000.s975" source="wordnet-slovenian">
         <wf lemma="Še" pos="X">Še</wf>
         <wf lemma="posebno" pos="X">posebno</wf>
         <wf lemma="pa" pos="X">pa</wf>
         <wf lemma="je" pos="X">je</wf>
         <wf lemma="ta" pos="X">ta</wf>
         <wf lemma="773" pos="X">773</wf>
         <wf lemma="metrov" pos="X">metrov</wf>
         <wf lemma="visok" pos="X">visok</wf>
         <wf lemma="vrh" pos="X">vrh</wf>
         <wf lemma="obiskan" pos="X">obiskan</wf>
         <wf lemma="eno" pos="X">eno</wf>
         <wf lemma="od" pos="X">od</wf>
         <wf lemma="nedelj" pos="X">nedelj</wf>
         <wf lemma="v" pos="X">v</wf>
         <instance id="d000.s975.t000" lemma="mesec" pos="NOUN">mesecu</instance>
         <wf lemma="marcu" pos="X">marcu</wf>
         <wf lemma="," pos="X">,</wf>
         <wf lemma="ko" pos="X">ko</wf>
         <wf lemma="tu" pos="X">tu</wf>
         <wf lemma="pripravijo" pos="X">pripravijo</wf>
         <wf lemma="tradicionalno" pos="X">tradicionalno</wf>
         <wf lemma="prireditev" pos="X">prireditev</wf>
         <wf lemma="Pohod" pos="X">Pohod</wf>
         <wf lemma="po" pos="X">po</wf>
         <wf lemma="nagelj" pos="X">nagelj</wf>
         <wf lemma="." pos="X">.</wf>
      </sentence>
      <sentence id="d000.s976" source="wordnet-slovenian">
         <wf lemma="Razlika" pos="X">Razlika</wf>
         <wf lemma="ni" pos="X">ni</wf>
         <wf lemma="nepomemba" pos="X">nepomemba</wf>
         <wf lemma="tedaj" pos="X">tedaj</wf>
         <wf lemma="," pos="X">,</wf>
         <wf lemma="ko" pos="X">ko</wf>
         <wf lemma="pust" pos="X">pust</wf>
         <wf lemma="ob" pos="X">ob</wf>
         <wf lemma="preganjanju" pos="X">preganjanju</wf>
         <wf lemma="duhov" pos="X">duhov</wf>
         <wf lemma="in" pos="X">in</wf>
         <wf lemma="čarovnic" pos="X">čarovnic</wf>
         <wf lemma="postane" pos="X">postane</wf>
         <wf lemma="v" pos="X">v</wf>
         <wf lemma="meščanskem" pos="X">meščanskem</wf>
         <instance id="d000.s976.t000" lemma="okolje" pos="NOUN">okolju</instance>
         <wf lemma="tudi" pos="X">tudi</wf>
         <wf lemma="satira" pos="X">satira</wf>
         <wf lemma="vsakdanjega" pos="X">vsakdanjega</wf>
         <wf lemma="življenja" pos="X">življenja</wf>
         <wf lemma="in" pos="X">in</wf>
         <wf lemma="predvsem" pos="X">predvsem</wf>
         <wf lemma="priložnost" pos="X">priložnost</wf>
         <wf lemma="za" pos="X">za</wf>
         <wf lemma="karikiranje" pos="X">karikiranje</wf>
         <wf lemma="dnevne" pos="X">dnevne</wf>
         <wf lemma="politike" pos="X">politike</wf>
         <wf lemma="in" pos="X">in</wf>
         <wf lemma="politikov" pos="X">politikov</wf>
         <wf lemma="ter" pos="X">ter</wf>
         <wf lemma="ironiziranje" pos="X">ironiziranje</wf>
         <wf lemma="njihovega" pos="X">njihovega</wf>
         <wf lemma="delovanja" pos="X">delovanja</wf>
         <wf lemma="." pos="X">.</wf>
      </sentence>
      <sentence id="d000.s977" source="wordnet-slovenian">
         <wf lemma="&quot;" pos="X">&quot;</wf>
         <wf lemma="Na" pos="X">Na</wf>
         <wf lemma="to" pos="X">to</wf>
         <wf lemma="sem" pos="X">sem</wf>
         <wf lemma="vam" pos="X">vam</wf>
         <wf lemma="že" pos="X">že</wf>
         <wf lemma="odgovoril" pos="X">odgovoril</wf>
         <wf lemma="s" pos="X">s</wf>
         <wf lemma="trditvijo" pos="X">trditvijo</wf>
         <wf lemma="," pos="X">,</wf>
         <wf lemma="da" pos="X">da</wf>
         <wf lemma="je" pos="X">je</wf>
         <instance id="d000.s977.t000" lemma="država" pos="NOUN">država</instance>
         <wf lemma="prenormirana" pos="X">prenormirana</wf>
         <wf lemma="in" pos="X">in</wf>
         <wf lemma="zbirokratizirana" pos="X">zbirokratizirana</wf>
         <wf lemma="." pos="X">.</wf>
      </sentence>
      <sentence id="d000.s978" source="wordnet-slovenian">
         <wf lemma="Cik" pos="X">Cik</wf>
         <wf lemma="-" pos="X">-</wf>
         <wf lemma="cak" pos="X">cak</wf>
         <wf lemma="(" pos="X">(</wf>
         <wf lemma="angl." pos="X">angl.</wf>
         <wf lemma="criss" pos="X">criss</wf>
         <wf lemma="-" pos="X">-</wf>
         <wf lemma="cross" pos="X">cross</wf>
         <wf lemma=")" pos="X">)</wf>
         <wf lemma="krepi" pos="X">krepi</wf>
         <wf lemma="celotno" pos="X">celotno</wf>
         <instance id="d000.s978.t000" lemma="telo" pos="NOUN">telo</instance>
         <wf lemma="in" pos="X">in</wf>
         <wf lemma="razteguje" pos="X">razteguje</wf>
         <wf lemma="hrbtenico" pos="X">hrbtenico</wf>
         <wf lemma="." pos="X">.</wf>
      </sentence>
      <sentence id="d000.s979" source="wordnet-slovenian">
         <wf lemma="Snovanje" pos="X">Snovanje</wf>
         <wf lemma="iger" pos="X">iger</wf>
         <wf lemma="ga" pos="X">ga</wf>
         <wf lemma="je" pos="X">je</wf>
         <wf lemma="pritegovalo" pos="X">pritegovalo</wf>
         <wf lemma="že" pos="X">že</wf>
         <wf lemma="v" pos="X">v</wf>
         <wf lemma="dijaških" pos="X">dijaških</wf>
         <wf lemma="letih" pos="X">letih</wf>
         <wf lemma="," pos="X">,</wf>
         <wf lemma="zatem" pos="X">zatem</wf>
         <wf lemma="v" pos="X">v</wf>
         <wf lemma="začetku" pos="X">začetku</wf>
         <wf lemma="stoletja" pos="X">stoletja</wf>
         <wf lemma="," pos="X">,</wf>
         <wf lemma="v" pos="X">v</wf>
         <wf lemma="času" pos="X">času</wf>
         <wf lemma="prve" pos="X">prve</wf>
         <instance id="d000.s979.t000" lemma="vojna" pos="NOUN">vojne</instance>
         <wf lemma="in" pos="X">in</wf>
         <wf lemma="v" pos="X">v</wf>
         <wf lemma="dvajsetih" pos="X">dvajsetih</wf>
         <wf lemma="letih" pos="X">letih</wf>
         <wf lemma="," pos="X">,</wf>
         <wf lemma="misel" pos="X">misel</wf>
         <wf lemma="nanje" pos="X">nanje</wf>
         <wf lemma="ga" pos="X">ga</wf>
         <wf lemma="je" pos="X">je</wf>
         <wf lemma="obletavala" pos="X">obletavala</wf>
         <wf lemma="še" pos="X">še</wf>
         <wf lemma="v" pos="X">v</wf>
         <wf lemma="tridesetih" pos="X">tridesetih</wf>
         <wf lemma="." pos="X">.</wf>
      </sentence>
      <sentence id="d000.s980" source="wordnet-slovenian">
         <wf lemma="Dijaki" pos="X">Dijaki</wf>
         <wf lemma="z" pos="X">z</wf>
         <wf lemma="učiteljem" pos="X">učiteljem</wf>
         <wf lemma="kritično" pos="X">kritično</wf>
         <wf lemma="(" pos="X">(</wf>
         <wf lemma="pisno" pos="X">pisno</wf>
         <wf lemma="ali" pos="X">ali</wf>
         <wf lemma="ustno" pos="X">ustno</wf>
         <wf lemma=")" pos="X">)</wf>
         <wf lemma="ocenijo" pos="X">ocenijo</wf>
         <wf lemma="uprizoritveno" pos="X">uprizoritveno</wf>
         <instance id="d000.s980.t000" lemma="besedilo" pos="NOUN">besedilo</instance>
         <wf lemma="," pos="X">,</wf>
         <wf lemma="opravijo" pos="X">opravijo</wf>
         <wf lemma="prve" pos="X">prve</wf>
         <wf lemma="korekture" pos="X">korekture</wf>
         <wf lemma="in" pos="X">in</wf>
         <wf lemma="pretehtajo" pos="X">pretehtajo</wf>
         <wf lemma="možnosti" pos="X">možnosti</wf>
         <wf lemma="postavitve" pos="X">postavitve</wf>
         <wf lemma="." pos="X">.</wf>
      </sentence>
      <sentence id="d000.s981" source="wordnet-slovenian">
         <wf lemma="Žrtvi" pos="X">Žrtvi</wf>
         <wf lemma="se" pos="X">se</wf>
         <wf lemma="odpravita" pos="X">odpravita</wf>
         <wf lemma="proti" pos="X">proti</wf>
         <wf lemma="studiu" pos="X">studiu</wf>
         <wf lemma="," pos="X">,</wf>
         <wf lemma="sumljivi" pos="X">sumljivi</wf>
         <wf lemma="individuum" pos="X">individuum</wf>
         <wf lemma="pa" pos="X">pa</wf>
         <wf lemma="odide" pos="X">odide</wf>
         <wf lemma="v" pos="X">v</wf>
         <wf lemma="svojo" pos="X">svojo</wf>
         <instance id="d000.s981.t000" lemma="hiša" pos="NOUN">hišo</instance>
         <wf lemma="." pos="X">.</wf>
      </sentence>
      <sentence id="d000.s982" source="wordnet-slovenian">
         <wf lemma="Vendar" pos="X">Vendar</wf>
         <wf lemma="so" pos="X">so</wf>
         <wf lemma="tvoje" pos="X">tvoje</wf>
         <wf lemma="oči" pos="X">oči</wf>
         <wf lemma="," pos="X">,</wf>
         <wf lemma="tvoja" pos="X">tvoja</wf>
         <wf lemma="ušesa" pos="X">ušesa</wf>
         <wf lemma="," pos="X">,</wf>
         <wf lemma="tvoje" pos="X">tvoje</wf>
         <wf lemma="srce" pos="X">srce</wf>
         <wf lemma="za" pos="X">za</wf>
         <wf lemma="zmeraj" pos="X">zmeraj</wf>
         <wf lemma="na" pos="X">na</wf>
         <wf lemma="drugi" pos="X">drugi</wf>
         <instance id="d000.s982.t000" lemma="stran" pos="NOUN">strani</instance>
         <wf lemma="!" pos="X">!</wf>
      </sentence>
      <sentence id="d000.s983" source="wordnet-slovenian">
         <wf lemma="Za" pos="X">Za</wf>
         <wf lemma="odhod" pos="X">odhod</wf>
         <wf lemma="smo" pos="X">smo</wf>
         <wf lemma="določili" pos="X">določili</wf>
         <wf lemma="četrto" pos="X">četrto</wf>
         <instance id="d000.s983.t000" lemma="ura" pos="NOUN">uro</instance>
         <wf lemma="zjutraj" pos="X">zjutraj</wf>
         <wf lemma="." pos="X">.</wf>
      </sentence>
      <sentence id="d000.s984" source="wordnet-slovenian">
         <wf lemma="Omenili" pos="X">Omenili</wf>
         <wf lemma="smo" pos="X">smo</wf>
         <wf lemma="že" pos="X">že</wf>
         <wf lemma="," pos="X">,</wf>
         <wf lemma="da" pos="X">da</wf>
         <wf lemma="je" pos="X">je</wf>
         <wf lemma="dejanje" pos="X">dejanje</wf>
         <wf lemma="v" pos="X">v</wf>
         <wf lemma="Beneškem" pos="X">Beneškem</wf>
         <wf lemma="trgovcu" pos="X">trgovcu</wf>
         <wf lemma="dokaj" pos="X">dokaj</wf>
         <wf lemma="zapleteno" pos="X">zapleteno</wf>
         <wf lemma="," pos="X">,</wf>
         <wf lemma="vsaka" pos="X">vsaka</wf>
         <wf lemma="od" pos="X">od</wf>
         <wf lemma="navzočih" pos="X">navzočih</wf>
         <instance id="d000.s984.t000" lemma="zgodba" pos="NOUN">zgodb</instance>
         <wf lemma="bi" pos="X">bi</wf>
         <wf lemma="lahko" pos="X">lahko</wf>
         <wf lemma="predstavljala" pos="X">predstavljala</wf>
         <wf lemma="tudi" pos="X">tudi</wf>
         <wf lemma="enoto" pos="X">enoto</wf>
         <wf lemma="zase" pos="X">zase</wf>
         <wf lemma="." pos="X">.</wf>
      </sentence>
      <sentence id="d000.s985" source="wordnet-slovenian">
         <wf lemma="Mislim" pos="X">Mislim</wf>
         <wf lemma="," pos="X">,</wf>
         <wf lemma="da" pos="X">da</wf>
         <wf lemma="lahko" pos="X">lahko</wf>
         <wf lemma="takoj" pos="X">takoj</wf>
         <wf lemma="zatrdimo" pos="X">zatrdimo</wf>
         <wf lemma="," pos="X">,</wf>
         <wf lemma="da" pos="X">da</wf>
         <wf lemma="so" pos="X">so</wf>
         <wf lemma="tisti" pos="X">tisti</wf>
         <wf lemma="spisi" pos="X">spisi</wf>
         <wf lemma="," pos="X">,</wf>
         <wf lemma="ki" pos="X">ki</wf>
         <wf lemma="skušajo" pos="X">skušajo</wf>
         <wf lemma="ustreči" pos="X">ustreči</wf>
         <wf lemma="pričakovanjem" pos="X">pričakovanjem</wf>
         <wf lemma="(" pos="X">(</wf>
         <wf lemma="učitelja" pos="X">učitelja</wf>
         <wf lemma="," pos="X">,</wf>
         <wf lemma="staršev" pos="X">staršev</wf>
         <wf lemma="," pos="X">,</wf>
         <instance id="d000.s985.t000" lemma="naslov" pos="NOUN">naslova</instance>
         <wf lemma="," pos="X">,</wf>
         <wf lemma="tematike" pos="X">tematike</wf>
         <wf lemma=")" pos="X">)</wf>
         <wf lemma="," pos="X">,</wf>
         <wf lemma="nekreativni" pos="X">nekreativni</wf>
         <wf lemma="(" pos="X">(</wf>
         <wf lemma="čeprav" pos="X">čeprav</wf>
         <wf lemma="potrebni" pos="X">potrebni</wf>
         <wf lemma="s" pos="X">s</wf>
         <wf lemma="socializacijskega" pos="X">socializacijskega</wf>
         <wf lemma="vidika" pos="X">vidika</wf>
         <wf lemma=")" pos="X">)</wf>
         <wf lemma="," pos="X">,</wf>
         <wf lemma="kajti" pos="X">kajti</wf>
         <wf lemma="tudi" pos="X">tudi</wf>
         <wf lemma="če" pos="X">če</wf>
         <wf lemma="so" pos="X">so</wf>
         <wf lemma="izpisani" pos="X">izpisani</wf>
         <wf lemma="z" pos="X">z</wf>
         <wf lemma="bravurozno" pos="X">bravurozno</wf>
         <wf lemma="tehniko" pos="X">tehniko</wf>
         <wf lemma="in" pos="X">in</wf>
         <wf lemma="poznanjem" pos="X">poznanjem</wf>
         <wf lemma="," pos="X">,</wf>
         <wf lemma="gravitirajo" pos="X">gravitirajo</wf>
         <wf lemma="v" pos="X">v</wf>
         <wf lemma="središče" pos="X">središče</wf>
         <wf lemma="standardnega" pos="X">standardnega</wf>
         <wf lemma="mišljenja" pos="X">mišljenja</wf>
         <wf lemma="," pos="X">,</wf>
         <wf lemma="se" pos="X">se</wf>
         <wf lemma="pravi" pos="X">pravi</wf>
         <wf lemma="proč" pos="X">proč</wf>
         <wf lemma="od" pos="X">od</wf>
         <wf lemma="mejine" pos="X">mejine</wf>
         <wf lemma="." pos="X">.</wf>
      </sentence>
      <sentence id="d000.s986" source="wordnet-slovenian">
         <wf lemma="A" pos="X">A</wf>
         <wf lemma="v" pos="X">v</wf>
         <wf lemma="štirih" pos="X">štirih</wf>
         <instance id="d000.s986.t000" lemma="mesec" pos="NOUN">mesecih</instance>
         <wf lemma="do" pos="X">do</wf>
         <wf lemma="nastopa" pos="X">nastopa</wf>
         <wf lemma="v" pos="X">v</wf>
         <wf lemma="Sydneyju" pos="X">Sydneyju</wf>
         <wf lemma="se" pos="X">se</wf>
         <wf lemma="lahko" pos="X">lahko</wf>
         <wf lemma="zgodi" pos="X">zgodi</wf>
         <wf lemma="še" pos="X">še</wf>
         <wf lemma="marsikaj" pos="X">marsikaj</wf>
         <wf lemma="." pos="X">.</wf>
      </sentence>
      <sentence id="d000.s987" source="wordnet-slovenian">
         <wf lemma="Zanimive" pos="X">Zanimive</wf>
         <wf lemma="so" pos="X">so</wf>
         <wf lemma="že" pos="X">že</wf>
         <wf lemma="lokacije" pos="X">lokacije</wf>
         <wf lemma="bienalov" pos="X">bienalov</wf>
         <wf lemma="sodobne" pos="X">sodobne</wf>
         <wf lemma="umetnosti" pos="X">umetnosti</wf>
         <wf lemma="," pos="X">,</wf>
         <wf lemma="ki" pos="X">ki</wf>
         <wf lemma="se" pos="X">se</wf>
         <wf lemma="pojavljajo" pos="X">pojavljajo</wf>
         <wf lemma="na" pos="X">na</wf>
         <wf lemma="različnih" pos="X">različnih</wf>
         <wf lemma="koncih" pos="X">koncih</wf>
         <instance id="d000.s987.t000" lemma="svet" pos="NOUN">sveta</instance>
         <wf lemma="," pos="X">,</wf>
         <wf lemma="v" pos="X">v</wf>
         <wf lemma="metropolah" pos="X">metropolah</wf>
         <wf lemma="," pos="X">,</wf>
         <wf lemma="ki" pos="X">ki</wf>
         <wf lemma="so" pos="X">so</wf>
         <wf lemma="prenaseljene" pos="X">prenaseljene</wf>
         <wf lemma="," pos="X">,</wf>
         <wf lemma="se" pos="X">se</wf>
         <wf lemma="dvigajo" pos="X">dvigajo</wf>
         <wf lemma="v" pos="X">v</wf>
         <wf lemma="razkošju" pos="X">razkošju</wf>
         <wf lemma="in" pos="X">in</wf>
         <wf lemma="hkrati" pos="X">hkrati</wf>
         <wf lemma="dušijo" pos="X">dušijo</wf>
         <wf lemma="v" pos="X">v</wf>
         <wf lemma="številkah" pos="X">številkah</wf>
         <wf lemma="visoke" pos="X">visoke</wf>
         <wf lemma="brezposelnosti" pos="X">brezposelnosti</wf>
         <wf lemma="." pos="X">.</wf>
      </sentence>
      <sentence id="d000.s988" source="wordnet-slovenian">
         <instance id="d000.s988.t000" lemma="ura" pos="NOUN">Ura</instance>
         <wf lemma="je" pos="X">je</wf>
         <wf lemma="štiri" pos="X">štiri</wf>
         <wf lemma="zjutraj" pos="X">zjutraj</wf>
         <wf lemma="in" pos="X">in</wf>
         <wf lemma="na" pos="X">na</wf>
         <wf lemma="vzhodu" pos="X">vzhodu</wf>
         <wf lemma="se" pos="X">se</wf>
         <wf lemma="začenja" pos="X">začenja</wf>
         <wf lemma="daniti" pos="X">daniti</wf>
         <wf lemma="." pos="X">.</wf>
      </sentence>
      <sentence id="d000.s989" source="wordnet-slovenian">
         <wf lemma="Stroga" pos="X">Stroga</wf>
         <instance id="d000.s989.t000" lemma="komisija" pos="NOUN">komisija</instance>
         <wf lemma="v" pos="X">v</wf>
         <wf lemma="sestavi" pos="X">sestavi</wf>
         <wf lemma="vseh" pos="X">vseh</wf>
         <wf lemma="treh" pos="X">treh</wf>
         <wf lemma="organizatorjev" pos="X">organizatorjev</wf>
         <wf lemma="," pos="X">,</wf>
         <wf lemma="ki" pos="X">ki</wf>
         <wf lemma="jo" pos="X">jo</wf>
         <wf lemma="je" pos="X">je</wf>
         <wf lemma="presenetil" pos="X">presenetil</wf>
         <wf lemma="velik" pos="X">velik</wf>
         <wf lemma="odziv" pos="X">odziv</wf>
         <wf lemma="," pos="X">,</wf>
         <wf lemma="še" pos="X">še</wf>
         <wf lemma="bolj" pos="X">bolj</wf>
         <wf lemma="pa" pos="X">pa</wf>
         <wf lemma="izjemna" pos="X">izjemna</wf>
         <wf lemma="ustvarjalnost" pos="X">ustvarjalnost</wf>
         <wf lemma="in" pos="X">in</wf>
         <wf lemma="domiselnost" pos="X">domiselnost</wf>
         <wf lemma="najmlajših" pos="X">najmlajših</wf>
         <wf lemma="likovnih" pos="X">likovnih</wf>
         <wf lemma="talentov" pos="X">talentov</wf>
         <wf lemma="," pos="X">,</wf>
         <wf lemma="se" pos="X">se</wf>
         <wf lemma="je" pos="X">je</wf>
         <wf lemma="odločila" pos="X">odločila</wf>
         <wf lemma="nagraditi" pos="X">nagraditi</wf>
         <wf lemma="22" pos="X">22</wf>
         <wf lemma="učencev" pos="X">učencev</wf>
         <wf lemma="in" pos="X">in</wf>
         <wf lemma="njihove" pos="X">njihove</wf>
         <wf lemma="mentorje" pos="X">mentorje</wf>
         <wf lemma="." pos="X">.</wf>
      </sentence>
      <sentence id="d000.s990" source="wordnet-slovenian">
         <wf lemma="Na" pos="X">Na</wf>
         <instance id="d000.s990.t000" lemma="konec" pos="NOUN">koncu</instance>
         <wf lemma="gesla" pos="X">gesla</wf>
         <wf lemma="so" pos="X">so</wf>
         <wf lemma="še" pos="X">še</wf>
         <wf lemma="povezave" pos="X">povezave</wf>
         <wf lemma="," pos="X">,</wf>
         <wf lemma="ki" pos="X">ki</wf>
         <wf lemma="usmerjajo" pos="X">usmerjajo</wf>
         <wf lemma="k" pos="X">k</wf>
         <wf lemma="literarnim" pos="X">literarnim</wf>
         <wf lemma="likom" pos="X">likom</wf>
         <wf lemma="s" pos="X">s</wf>
         <wf lemma="podobnimi" pos="X">podobnimi</wf>
         <wf lemma="lastnostmi" pos="X">lastnostmi</wf>
         <wf lemma="." pos="X">.</wf>
      </sentence>
      <sentence id="d000.s991" source="wordnet-slovenian">
         <wf lemma="Na" pos="X">Na</wf>
         <wf lemma="mirovnih" pos="X">mirovnih</wf>
         <wf lemma="pogajanjih" pos="X">pogajanjih</wf>
         <wf lemma="danes" pos="X">danes</wf>
         <wf lemma="pričakujejo" pos="X">pričakujejo</wf>
         <wf lemma="visokega" pos="X">visokega</wf>
         <wf lemma="predstavnika" pos="X">predstavnika</wf>
         <wf lemma="Evropske" pos="X">Evropske</wf>
         <wf lemma="unije" pos="X">unije</wf>
         <wf lemma="za" pos="X">za</wf>
         <wf lemma="skupno" pos="X">skupno</wf>
         <wf lemma="zunanjo" pos="X">zunanjo</wf>
         <wf lemma="in" pos="X">in</wf>
         <wf lemma="varnostno" pos="X">varnostno</wf>
         <instance id="d000.s991.t000" lemma="politika" pos="NOUN">politiko</instance>
         <wf lemma="Javierja" pos="X">Javierja</wf>
         <wf lemma="Solano" pos="X">Solano</wf>
         <wf lemma="." pos="X">.</wf>
      </sentence>
      <sentence id="d000.s992" source="wordnet-slovenian">
         <wf lemma="Dosedanja" pos="X">Dosedanja</wf>
         <wf lemma="pogodba" pos="X">pogodba</wf>
         <wf lemma="se" pos="X">se</wf>
         <wf lemma="namreč" pos="X">namreč</wf>
         <wf lemma="izteče" pos="X">izteče</wf>
         <wf lemma="konec" pos="X">konec</wf>
         <wf lemma="maja" pos="X">maja</wf>
         <wf lemma="," pos="X">,</wf>
         <wf lemma="v" pos="X">v</wf>
         <wf lemma="toplarni" pos="X">toplarni</wf>
         <wf lemma="pa" pos="X">pa</wf>
         <wf lemma="bi" pos="X">bi</wf>
         <instance id="d000.s992.t000" lemma="možnost" pos="NOUN">možnost</instance>
         <wf lemma="njenega" pos="X">njenega</wf>
         <wf lemma="podaljšanja" pos="X">podaljšanja</wf>
         <wf lemma="radi" pos="X">radi</wf>
         <wf lemma="izkoristili" pos="X">izkoristili</wf>
         <wf lemma="zaradi" pos="X">zaradi</wf>
         <wf lemma="morebitnih" pos="X">morebitnih</wf>
         <wf lemma="pritožb" pos="X">pritožb</wf>
         <wf lemma="zainteresiranih" pos="X">zainteresiranih</wf>
         <wf lemma="dobaviteljev" pos="X">dobaviteljev</wf>
         <wf lemma="." pos="X">.</wf>
      </sentence>
      <sentence id="d000.s993" source="wordnet-slovenian">
         <wf lemma=")" pos="X">)</wf>
         <wf lemma="in" pos="X">in</wf>
         <instance id="d000.s993.t000" lemma="način" pos="NOUN">načinov</instance>
         <wf lemma="jezikovne" pos="X">jezikovne</wf>
         <wf lemma="individualizacije" pos="X">individualizacije</wf>
         <wf lemma="likov" pos="X">likov</wf>
         <wf lemma="(" pos="X">(</wf>
         <wf lemma="prvin" pos="X">prvin</wf>
         <wf lemma="idiolektov" pos="X">idiolektov</wf>
         <wf lemma="," pos="X">,</wf>
         <wf lemma="posebnosti" pos="X">posebnosti</wf>
         <wf lemma="v" pos="X">v</wf>
         <wf lemma="slovarju" pos="X">slovarju</wf>
         <wf lemma="likov" pos="X">likov</wf>
         <wf lemma=")" pos="X">)</wf>
         <wf lemma=";" pos="X">;</wf>
         <wf lemma="opazovanje" pos="X">opazovanje</wf>
         <wf lemma="menjav" pos="X">menjav</wf>
         <wf lemma="govornega" pos="X">govornega</wf>
         <wf lemma="ritma" pos="X">ritma</wf>
         <wf lemma=";" pos="X">;</wf>
         <wf lemma="ocenjevanje" pos="X">ocenjevanje</wf>
         <wf lemma="kvalitete" pos="X">kvalitete</wf>
         <wf lemma="govorno" pos="X">govorno</wf>
         <wf lemma="-" pos="X">-</wf>
         <wf lemma="telesne" pos="X">telesne</wf>
         <wf lemma="interpretacije" pos="X">interpretacije</wf>
         <wf lemma="(" pos="X">(</wf>
         <wf lemma="stavčnofonetičnih" pos="X">stavčnofonetičnih</wf>
         <wf lemma="realizacij" pos="X">realizacij</wf>
         <wf lemma="," pos="X">,</wf>
         <wf lemma="slišnosti" pos="X">slišnosti</wf>
         <wf lemma="," pos="X">,</wf>
         <wf lemma="razumljivosti" pos="X">razumljivosti</wf>
         <wf lemma="," pos="X">,</wf>
         <wf lemma="jasnosti" pos="X">jasnosti</wf>
         <wf lemma="," pos="X">,</wf>
         <wf lemma="akcentuiranja" pos="X">akcentuiranja</wf>
         <wf lemma="," pos="X">,</wf>
         <wf lemma="barvanja" pos="X">barvanja</wf>
         <wf lemma="idr" pos="X">idr</wf>
         <wf lemma="." pos="X">.</wf>
      </sentence>
      <sentence id="d000.s994" source="wordnet-slovenian">
         <wf lemma="Moje" pos="X">Moje</wf>
         <instance id="d000.s994.t000" lemma="življenje" pos="NOUN">življenje</instance>
         <wf lemma="se" pos="X">se</wf>
         <wf lemma="je" pos="X">je</wf>
         <wf lemma="kar" pos="X">kar</wf>
         <wf lemma="na" pos="X">na</wf>
         <wf lemma="lepem" pos="X">lepem</wf>
         <wf lemma="začelo" pos="X">začelo</wf>
         <wf lemma="spreminjati" pos="X">spreminjati</wf>
         <wf lemma="na" pos="X">na</wf>
         <wf lemma="vse" pos="X">vse</wf>
         <wf lemma="načine" pos="X">načine</wf>
         <wf lemma="." pos="X">.</wf>
      </sentence>
      <sentence id="d000.s995" source="wordnet-slovenian">
         <wf lemma="Njen" pos="X">Njen</wf>
         <wf lemma="predsednik" pos="X">predsednik</wf>
         <wf lemma="John" pos="X">John</wf>
         <wf lemma="Howett" pos="X">Howett</wf>
         <wf lemma="je" pos="X">je</wf>
         <wf lemma="potrdil" pos="X">potrdil</wf>
         <wf lemma="," pos="X">,</wf>
         <wf lemma="da" pos="X">da</wf>
         <wf lemma="so" pos="X">so</wf>
         <wf lemma="pogajanja" pos="X">pogajanja</wf>
         <wf lemma="v" pos="X">v</wf>
         <wf lemma="teku" pos="X">teku</wf>
         <wf lemma="," pos="X">,</wf>
         <wf lemma="da" pos="X">da</wf>
         <wf lemma="pa" pos="X">pa</wf>
         <wf lemma="sodelovanje" pos="X">sodelovanje</wf>
         <wf lemma="v" pos="X">v</wf>
         <wf lemma="prihodnjem" pos="X">prihodnjem</wf>
         <instance id="d000.s995.t000" lemma="leto" pos="NOUN">letu</instance>
         <wf lemma="še" pos="X">še</wf>
         <wf lemma="ne" pos="X">ne</wf>
         <wf lemma="pride" pos="X">pride</wf>
         <wf lemma="v" pos="X">v</wf>
         <wf lemma="poštev" pos="X">poštev</wf>
         <wf lemma="," pos="X">,</wf>
         <wf lemma="saj" pos="X">saj</wf>
         <wf lemma="je" pos="X">je</wf>
         <wf lemma="premalo" pos="X">premalo</wf>
         <wf lemma="časa" pos="X">časa</wf>
         <wf lemma="za" pos="X">za</wf>
         <wf lemma="reorganizacijo" pos="X">reorganizacijo</wf>
         <wf lemma="." pos="X">.</wf>
      </sentence>
      <sentence id="d000.s996" source="wordnet-slovenian">
         <wf lemma="«" pos="X">«</wf>
         <wf lemma="Vsekakor" pos="X">Vsekakor</wf>
         <wf lemma="pa" pos="X">pa</wf>
         <wf lemma="bi" pos="X">bi</wf>
         <wf lemma="po" pos="X">po</wf>
         <wf lemma="Šuštarjevem" pos="X">Šuštarjevem</wf>
         <instance id="d000.s996.t000" lemma="mnenje" pos="NOUN">mnenju</instance>
         <wf lemma="20" pos="X">20</wf>
         <wf lemma="milijonov" pos="X">milijonov</wf>
         <wf lemma="dolarjev" pos="X">dolarjev</wf>
         <wf lemma="," pos="X">,</wf>
         <wf lemma="kolikor" pos="X">kolikor</wf>
         <wf lemma="jih" pos="X">jih</wf>
         <wf lemma="beguncem" pos="X">beguncem</wf>
         <wf lemma="namenja" pos="X">namenja</wf>
         <wf lemma="slovenski" pos="X">slovenski</wf>
         <wf lemma="proračun" pos="X">proračun</wf>
         <wf lemma="," pos="X">,</wf>
         <wf lemma="moralo" pos="X">moralo</wf>
         <wf lemma="zadostovati" pos="X">zadostovati</wf>
         <wf lemma="." pos="X">.</wf>
      </sentence>
      <sentence id="d000.s997" source="wordnet-slovenian">
         <wf lemma="Šest" pos="X">Šest</wf>
         <instance id="d000.s997.t000" lemma="leto" pos="NOUN">let</instance>
         <wf lemma="je" pos="X">je</wf>
         <wf lemma="že" pos="X">že</wf>
         <wf lemma="," pos="X">,</wf>
         <wf lemma="odkar" pos="X">odkar</wf>
         <wf lemma="sva" pos="X">sva</wf>
         <wf lemma="se" pos="X">se</wf>
         <wf lemma="spoznala" pos="X">spoznala</wf>
         <wf lemma="na" pos="X">na</wf>
         <wf lemma="fitnesu" pos="X">fitnesu</wf>
         <wf lemma="na" pos="X">na</wf>
         <wf lemma="Jesenicah" pos="X">Jesenicah</wf>
         <wf lemma="." pos="X">.</wf>
      </sentence>
      <sentence id="d000.s998" source="wordnet-slovenian">
         <wf lemma="Se" pos="X">Se</wf>
         <wf lemma="ne" pos="X">ne</wf>
         <wf lemma="bi" pos="X">bi</wf>
         <wf lemma="mogli" pos="X">mogli</wf>
         <instance id="d000.s998.t000" lemma="človek" pos="NOUN">ljudje</instance>
         <wf lemma="v" pos="X">v</wf>
         <wf lemma="medijih" pos="X">medijih</wf>
         <wf lemma="," pos="X">,</wf>
         <wf lemma="pisatelji" pos="X">pisatelji</wf>
         <wf lemma="," pos="X">,</wf>
         <wf lemma="gospodarstveniki" pos="X">gospodarstveniki</wf>
         <wf lemma="povezati" pos="X">povezati</wf>
         <wf lemma="," pos="X">,</wf>
         <wf lemma="da" pos="X">da</wf>
         <wf lemma="bi" pos="X">bi</wf>
         <wf lemma="stran" pos="X">stran</wf>
         <wf lemma="za" pos="X">za</wf>
         <wf lemma="stranjo" pos="X">stranjo</wf>
         <wf lemma="prelistali" pos="X">prelistali</wf>
         <wf lemma="preteklost" pos="X">preteklost</wf>
         <wf lemma="," pos="X">,</wf>
         <wf lemma="tudi" pos="X">tudi</wf>
         <wf lemma="temne" pos="X">temne</wf>
         <wf lemma="strani" pos="X">strani</wf>
         <wf lemma="," pos="X">,</wf>
         <wf lemma="da" pos="X">da</wf>
         <wf lemma="bi" pos="X">bi</wf>
         <wf lemma="pred" pos="X">pred</wf>
         <wf lemma="nas" pos="X">nas</wf>
         <wf lemma="tako" pos="X">tako</wf>
         <wf lemma="objektivno" pos="X">objektivno</wf>
         <wf lemma="razgrnili" pos="X">razgrnili</wf>
         <wf lemma="predstave" pos="X">predstave</wf>
         <wf lemma="o" pos="X">o</wf>
         <wf lemma="zgodovini" pos="X">zgodovini</wf>
         <wf lemma="in" pos="X">in</wf>
         <wf lemma="zgodovinske" pos="X">zgodovinske</wf>
         <wf lemma="interpretacije" pos="X">interpretacije</wf>
         <wf lemma="," pos="X">,</wf>
         <wf lemma="ki" pos="X">ki</wf>
         <wf lemma="jih" pos="X">jih</wf>
         <wf lemma="imamo" pos="X">imamo</wf>
         <wf lemma="," pos="X">,</wf>
         <wf lemma="da" pos="X">da</wf>
         <wf lemma="pretrgamo" pos="X">pretrgamo</wf>
         <wf lemma="z" pos="X">z</wf>
         <wf lemma="njimi" pos="X">njimi</wf>
         <wf lemma="?" pos="X">?</wf>
      </sentence>
      <sentence id="d000.s999" source="wordnet-slovenian">
         <wf lemma="Poraženci" pos="X">Poraženci</wf>
         <wf lemma="za" pos="X">za</wf>
         <wf lemma="kaj" pos="X">kaj</wf>
         <wf lemma="takega" pos="X">takega</wf>
         <wf lemma="nimajo" pos="X">nimajo</wf>
         <instance id="d000.s999.t000" lemma="čas" pos="NOUN">časa</instance>
         <wf lemma="," pos="X">,</wf>
         <wf lemma="saj" pos="X">saj</wf>
         <wf lemma="se" pos="X">se</wf>
         <wf lemma="morajo" pos="X">morajo</wf>
         <wf lemma="umikati" pos="X">umikati</wf>
         <wf lemma="." pos="X">.</wf>
      </sentence>
      <sentence id="d000.s1000" source="wordnet-slovenian">
         <wf lemma="Tako" pos="X">Tako</wf>
         <wf lemma="sta" pos="X">sta</wf>
         <wf lemma="minila" pos="X">minila</wf>
         <wf lemma="dva" pos="X">dva</wf>
         <instance id="d000.s1000.t000" lemma="dan" pos="NOUN">dneva</instance>
         <wf lemma="," pos="X">,</wf>
         <wf lemma="nato" pos="X">nato</wf>
         <wf lemma="pa" pos="X">pa</wf>
         <wf lemma="je" pos="X">je</wf>
         <wf lemma="luna" pos="X">luna</wf>
         <wf lemma="obsijala" pos="X">obsijala</wf>
         <wf lemma="temno" pos="X">temno</wf>
         <wf lemma="gladino" pos="X">gladino</wf>
         <wf lemma="oceana" pos="X">oceana</wf>
         <wf lemma="," pos="X">,</wf>
         <wf lemma="kakor" pos="X">kakor</wf>
         <wf lemma="da" pos="X">da</wf>
         <wf lemma="je" pos="X">je</wf>
         <wf lemma="beli" pos="X">beli</wf>
         <wf lemma="dan" pos="X">dan</wf>
         <wf lemma="." pos="X">.</wf>
      </sentence>
      <sentence id="d000.s1001" source="wordnet-slovenian">
         <wf lemma="Vetrova" pos="X">Vetrova</wf>
         <instance id="d000.s1001.t000" lemma="pot" pos="NOUN">pot</instance>
         <wf lemma="ni" pos="X">ni</wf>
         <wf lemma="vetrovna" pos="X">vetrovna</wf>
         <wf lemma="," pos="X">,</wf>
         <wf lemma="ampak" pos="X">ampak</wf>
         <wf lemma="tista" pos="X">tista</wf>
         <wf lemma="," pos="X">,</wf>
         <wf lemma="na" pos="X">na</wf>
         <wf lemma="kateri" pos="X">kateri</wf>
         <wf lemma="se" pos="X">se</wf>
         <wf lemma="pogosto" pos="X">pogosto</wf>
         <wf lemma="srečaš" pos="X">srečaš</wf>
         <wf lemma="z" pos="X">z</wf>
         <wf lemma="vetrom" pos="X">vetrom</wf>
         <wf lemma="." pos="X">.</wf>
      </sentence>
      <sentence id="d000.s1002" source="wordnet-slovenian">
         <wf lemma="«" pos="X">«</wf>
         <wf lemma="Te" pos="X">Te</wf>
         <instance id="d000.s1002.t000" lemma="beseda" pos="NOUN">besede</instance>
         <wf lemma="pa" pos="X">pa</wf>
         <wf lemma="zanj" pos="X">zanj</wf>
         <wf lemma="pravzaprav" pos="X">pravzaprav</wf>
         <wf lemma="niso" pos="X">niso</wf>
         <wf lemma="nič" pos="X">nič</wf>
         <wf lemma="novega" pos="X">novega</wf>
         <wf lemma="." pos="X">.</wf>
      </sentence>
      <sentence id="d000.s1003" source="wordnet-slovenian">
         <wf lemma="Ona" pos="X">Ona</wf>
         <wf lemma="je" pos="X">je</wf>
         <wf lemma="lahko" pos="X">lahko</wf>
         <wf lemma="spala" pos="X">spala</wf>
         <wf lemma="največ" pos="X">največ</wf>
         <wf lemma="pet" pos="X">pet</wf>
         <wf lemma="ur" pos="X">ur</wf>
         <wf lemma="," pos="X">,</wf>
         <wf lemma="tako" pos="X">tako</wf>
         <wf lemma="," pos="X">,</wf>
         <wf lemma="da" pos="X">da</wf>
         <wf lemma="je" pos="X">je</wf>
         <wf lemma="revica" pos="X">revica</wf>
         <wf lemma="bila" pos="X">bila</wf>
         <instance id="d000.s1003.t000" lemma="večina" pos="NOUN">večino</instance>
         <wf lemma="dneva" pos="X">dneva</wf>
         <wf lemma="sama" pos="X">sama</wf>
         <wf lemma="." pos="X">.</wf>
      </sentence>
      <sentence id="d000.s1004" source="wordnet-slovenian">
         <wf lemma="Kako" pos="X">Kako</wf>
         <wf lemma="so" pos="X">so</wf>
         <wf lemma="lahko" pos="X">lahko</wf>
         <wf lemma="vodilni" pos="X">vodilni</wf>
         <wf lemma="marketinški" pos="X">marketinški</wf>
         <wf lemma="delavci" pos="X">delavci</wf>
         <wf lemma="perutninarskega" pos="X">perutninarskega</wf>
         <wf lemma="vele" pos="X">vele</wf>
         <instance id="d000.s1004.t000" lemma="podjetje" pos="NOUN">podjetja</instance>
         <wf lemma="," pos="X">,</wf>
         <wf lemma="ki" pos="X">ki</wf>
         <wf lemma="svojo" pos="X">svojo</wf>
         <wf lemma="strategijo" pos="X">strategijo</wf>
         <wf lemma="uspešnega" pos="X">uspešnega</wf>
         <wf lemma="nadaljnjega" pos="X">nadaljnjega</wf>
         <wf lemma="poslovanja" pos="X">poslovanja</wf>
         <wf lemma="gradijo" pos="X">gradijo</wf>
         <wf lemma="menda" pos="X">menda</wf>
         <wf lemma="prav" pos="X">prav</wf>
         <wf lemma="na" pos="X">na</wf>
         <wf lemma="izpolnjevanju" pos="X">izpolnjevanju</wf>
         <wf lemma="želja" pos="X">želja</wf>
         <wf lemma="in" pos="X">in</wf>
         <wf lemma="sanj" pos="X">sanj</wf>
         <wf lemma="(" pos="X">(</wf>
         <wf lemma="ne" pos="X">ne</wf>
         <wf lemma="le" pos="X">le</wf>
         <wf lemma="potreb" pos="X">potreb</wf>
         <wf lemma=")" pos="X">)</wf>
         <wf lemma="potrošnikov" pos="X">potrošnikov</wf>
         <wf lemma="," pos="X">,</wf>
         <wf lemma="zagrešili" pos="X">zagrešili</wf>
         <wf lemma="tako" pos="X">tako</wf>
         <wf lemma="veliko" pos="X">veliko</wf>
         <wf lemma="napako" pos="X">napako</wf>
         <wf lemma="," pos="X">,</wf>
         <wf lemma="še" pos="X">še</wf>
         <wf lemma="danes" pos="X">danes</wf>
         <wf lemma="ni" pos="X">ni</wf>
         <wf lemma="jasno" pos="X">jasno</wf>
         <wf lemma="nikomur" pos="X">nikomur</wf>
         <wf lemma="," pos="X">,</wf>
         <wf lemma="bilo" pos="X">bilo</wf>
         <wf lemma="pa" pos="X">pa</wf>
         <wf lemma="je" pos="X">je</wf>
         <wf lemma="slišati" pos="X">slišati</wf>
         <wf lemma="kar" pos="X">kar</wf>
         <wf lemma="precej" pos="X">precej</wf>
         <wf lemma="ciničnih" pos="X">ciničnih</wf>
         <wf lemma="na" pos="X">na</wf>
         <wf lemma="ta" pos="X">ta</wf>
         <wf lemma="račun" pos="X">račun</wf>
         <wf lemma="." pos="X">.</wf>
      </sentence>
      <sentence id="d000.s1005" source="wordnet-slovenian">
         <wf lemma="Prvič" pos="X">Prvič</wf>
         <wf lemma="so" pos="X">so</wf>
         <wf lemma="v" pos="X">v</wf>
         <wf lemma="finalu" pos="X">finalu</wf>
         <wf lemma="zaigrale" pos="X">zaigrale</wf>
         <wf lemma="v" pos="X">v</wf>
         <wf lemma="sezoni" pos="X">sezoni</wf>
         <wf lemma="1998/99" pos="X">1998/99</wf>
         <wf lemma="," pos="X">,</wf>
         <wf lemma="ko" pos="X">ko</wf>
         <wf lemma="jih" pos="X">jih</wf>
         <wf lemma="je" pos="X">je</wf>
         <wf lemma="vodil" pos="X">vodil</wf>
         <wf lemma="še" pos="X">še</wf>
         <wf lemma="pokojni" pos="X">pokojni</wf>
         <wf lemma="Vinko" pos="X">Vinko</wf>
         <wf lemma="Kandija" pos="X">Kandija</wf>
         <wf lemma="," pos="X">,</wf>
         <wf lemma="ki" pos="X">ki</wf>
         <wf lemma="je" pos="X">je</wf>
         <wf lemma="prepričal" pos="X">prepričal</wf>
         <wf lemma="igralke" pos="X">igralke</wf>
         <wf lemma="in" pos="X">in</wf>
         <wf lemma="vodstvo" pos="X">vodstvo</wf>
         <instance id="d000.s1005.t000" lemma="klub" pos="NOUN">kluba</instance>
         <wf lemma="," pos="X">,</wf>
         <wf lemma="da" pos="X">da</wf>
         <wf lemma="gre" pos="X">gre</wf>
         <wf lemma="Krim" pos="X">Krim</wf>
         <wf lemma="lahko" pos="X">lahko</wf>
         <wf lemma="do" pos="X">do</wf>
         <wf lemma="konca" pos="X">konca</wf>
         <wf lemma="." pos="X">.</wf>
      </sentence>
      <sentence id="d000.s1006" source="wordnet-slovenian">
         <wf lemma=")" pos="X">)</wf>
         <wf lemma="," pos="X">,</wf>
         <wf lemma="po" pos="X">po</wf>
         <instance id="d000.s1006.t000" lemma="leto" pos="NOUN">letu</instance>
         <wf lemma="1985" pos="X">1985</wf>
         <wf lemma="pa" pos="X">pa</wf>
         <wf lemma="tudi" pos="X">tudi</wf>
         <wf lemma="kratke" pos="X">kratke</wf>
         <wf lemma="zgodbe" pos="X">zgodbe</wf>
         <wf lemma="(" pos="X">(</wf>
         <wf lemma="Molčanja" pos="X">Molčanja</wf>
         <wf lemma=";" pos="X">;</wf>
         <wf lemma="Lahkotne" pos="X">Lahkotne</wf>
         <wf lemma="menipeje" pos="X">menipeje</wf>
         <wf lemma="," pos="X">,</wf>
         <wf lemma="2005" pos="X">2005</wf>
         <wf lemma=")" pos="X">)</wf>
         <wf lemma="." pos="X">.</wf>
      </sentence>
      <sentence id="d000.s1007" source="wordnet-slovenian">
         <wf lemma="To" pos="X">To</wf>
         <wf lemma="pa" pos="X">pa</wf>
         <wf lemma="ne" pos="X">ne</wf>
         <wf lemma="velja" pos="X">velja</wf>
         <wf lemma="samo" pos="X">samo</wf>
         <wf lemma="za" pos="X">za</wf>
         <wf lemma="prebivalce" pos="X">prebivalce</wf>
         <wf lemma="Slovenije" pos="X">Slovenije</wf>
         <wf lemma="," pos="X">,</wf>
         <wf lemma="temveč" pos="X">temveč</wf>
         <wf lemma="tudi" pos="X">tudi</wf>
         <wf lemma="za" pos="X">za</wf>
         <wf lemma="vse" pos="X">vse</wf>
         <wf lemma="Slovence" pos="X">Slovence</wf>
         <wf lemma="," pos="X">,</wf>
         <wf lemma="ki" pos="X">ki</wf>
         <wf lemma="živijo" pos="X">živijo</wf>
         <wf lemma="zunaj" pos="X">zunaj</wf>
         <wf lemma="geografskih" pos="X">geografskih</wf>
         <wf lemma="in" pos="X">in</wf>
         <wf lemma="političnih" pos="X">političnih</wf>
         <wf lemma="meja" pos="X">meja</wf>
         <wf lemma="naše" pos="X">naše</wf>
         <instance id="d000.s1007.t000" lemma="država" pos="NOUN">države</instance>
         <wf lemma=":" pos="X">:</wf>
         <wf lemma="za" pos="X">za</wf>
         <wf lemma="zamejske" pos="X">zamejske</wf>
         <wf lemma="Slovence" pos="X">Slovence</wf>
         <wf lemma="," pos="X">,</wf>
         <wf lemma="delavce" pos="X">delavce</wf>
         <wf lemma="v" pos="X">v</wf>
         <wf lemma="tujini" pos="X">tujini</wf>
         <wf lemma="in" pos="X">in</wf>
         <wf lemma="izseljence" pos="X">izseljence</wf>
         <wf lemma="." pos="X">.</wf>
      </sentence>
      <sentence id="d000.s1008" source="wordnet-slovenian">
         <wf lemma="Ker" pos="X">Ker</wf>
         <wf lemma="nihče" pos="X">nihče</wf>
         <wf lemma="ne" pos="X">ne</wf>
         <wf lemma="želi" pos="X">želi</wf>
         <wf lemma="več" pos="X">več</wf>
         <instance id="d000.s1008.t000" lemma="beseda" pos="NOUN">besede</instance>
         <wf lemma="," pos="X">,</wf>
         <wf lemma="zaključujem" pos="X">zaključujem</wf>
         <wf lemma="razpravo" pos="X">razpravo</wf>
         <wf lemma="o" pos="X">o</wf>
         <wf lemma="predlogu" pos="X">predlogu</wf>
         <wf lemma="zakona" pos="X">zakona</wf>
         <wf lemma="o" pos="X">o</wf>
         <wf lemma="gozdovih" pos="X">gozdovih</wf>
         <wf lemma="in" pos="X">in</wf>
         <wf lemma="prekinjam" pos="X">prekinjam</wf>
         <wf lemma="to" pos="X">to</wf>
         <wf lemma="točko" pos="X">točko</wf>
         <wf lemma="dnevnega" pos="X">dnevnega</wf>
         <wf lemma="reda" pos="X">reda</wf>
         <wf lemma="do" pos="X">do</wf>
         <wf lemma="odločanja" pos="X">odločanja</wf>
         <wf lemma="." pos="X">.</wf>
      </sentence>
      <sentence id="d000.s1009" source="wordnet-slovenian">
         <wf lemma="Goran" pos="X">Goran</wf>
         <wf lemma="je" pos="X">je</wf>
         <wf lemma="z" pos="X">z</wf>
         <wf lemma="nemirno" pos="X">nemirno</wf>
         <wf lemma="kretnjo" pos="X">kretnjo</wf>
         <wf lemma="," pos="X">,</wf>
         <wf lemma="ki" pos="X">ki</wf>
         <wf lemma="so" pos="X">so</wf>
         <wf lemma="bile" pos="X">bile</wf>
         <wf lemma="v" pos="X">v</wf>
         <wf lemma="zadnjih" pos="X">zadnjih</wf>
         <instance id="d000.s1009.t000" lemma="dan" pos="NOUN">dneh</instance>
         <wf lemma="stalnica" pos="X">stalnica</wf>
         <wf lemma="v" pos="X">v</wf>
         <wf lemma="njegovem" pos="X">njegovem</wf>
         <wf lemma="obnašanju" pos="X">obnašanju</wf>
         <wf lemma="," pos="X">,</wf>
         <wf lemma="pograbil" pos="X">pograbil</wf>
         <wf lemma="cigarete" pos="X">cigarete</wf>
         <wf lemma="z" pos="X">z</wf>
         <wf lemma="mize" pos="X">mize</wf>
         <wf lemma="," pos="X">,</wf>
         <wf lemma="prižgal" pos="X">prižgal</wf>
         <wf lemma="in" pos="X">in</wf>
         <wf lemma="se" pos="X">se</wf>
         <wf lemma="nemo" pos="X">nemo</wf>
         <wf lemma="zagledal" pos="X">zagledal</wf>
         <wf lemma="v" pos="X">v</wf>
         <wf lemma="televizijo" pos="X">televizijo</wf>
         <wf lemma="." pos="X">.</wf>
      </sentence>
      <sentence id="d000.s1010" source="wordnet-slovenian">
         <wf lemma="Met" pos="X">Met</wf>
         <wf lemma="za" pos="X">za</wf>
         <wf lemma="tri" pos="X">tri</wf>
         <instance id="d000.s1010.t000" lemma="točka" pos="NOUN">točke</instance>
         <wf lemma=":" pos="X">:</wf>
         <wf lemma="Geoplin" pos="X">Geoplin</wf>
         <wf lemma="Slovan" pos="X">Slovan</wf>
         <wf lemma="19" pos="X">19</wf>
         <wf lemma="-" pos="X">-</wf>
         <wf lemma="5" pos="X">5</wf>
         <wf lemma="," pos="X">,</wf>
         <wf lemma="Union" pos="X">Union</wf>
         <wf lemma="Olimpija" pos="X">Olimpija</wf>
         <wf lemma="18" pos="X">18</wf>
         <wf lemma="-" pos="X">-</wf>
         <wf lemma="8" pos="X">8</wf>
         <wf lemma="." pos="X">.</wf>
      </sentence>
      <sentence id="d000.s1011" source="wordnet-slovenian">
         <wf lemma="SKORAJ" pos="X">SKORAJ</wf>
         <wf lemma="SEDEMDESET" pos="X">SEDEMDESET</wf>
         <instance id="d000.s1011.t000" lemma="leto" pos="NOUN">LET</instance>
         <wf lemma="KASNEJE" pos="X">KASNEJE</wf>
         <wf lemma="JANEY" pos="X">JANEY</wf>
         <wf lemma="MITCHELL" pos="X">MITCHELL</wf>
         <wf lemma="PODOBNO" pos="X">PODOBNO</wf>
         <wf lemma="OZNAČI" pos="X">OZNAČI</wf>
         <wf lemma="DVA" pos="X">DVA</wf>
         <wf lemma="POSKUSA" pos="X">POSKUSA</wf>
         <wf lemma="POSILSTVA" pos="X">POSILSTVA</wf>
         <wf lemma="," pos="X">,</wf>
         <wf lemma="KATERIH" pos="X">KATERIH</wf>
         <wf lemma="ŽRTEV" pos="X">ŽRTEV</wf>
         <wf lemma="JE" pos="X">JE</wf>
         <wf lemma="BILA" pos="X">BILA</wf>
         <wf lemma="." pos="X">.</wf>
      </sentence>
      <sentence id="d000.s1012" source="wordnet-slovenian">
         <wf lemma="Z" pos="X">Z</wf>
         <wf lemma="nezanesljivimi" pos="X">nezanesljivimi</wf>
         <wf lemma="," pos="X">,</wf>
         <wf lemma="mehkimi" pos="X">mehkimi</wf>
         <wf lemma="nogami" pos="X">nogami</wf>
         <wf lemma="sem" pos="X">sem</wf>
         <wf lemma="začel" pos="X">začel</wf>
         <wf lemma="stopati" pos="X">stopati</wf>
         <wf lemma="proti" pos="X">proti</wf>
         <wf lemma="Katini" pos="X">Katini</wf>
         <instance id="d000.s1012.t000" lemma="hiša" pos="NOUN">hiši</instance>
         <wf lemma="." pos="X">.</wf>
      </sentence>
      <sentence id="d000.s1013" source="wordnet-slovenian">
         <wf lemma="Opombe" pos="X">Opombe</wf>
         <wf lemma=":" pos="X">:</wf>
         <wf lemma="Je" pos="X">Je</wf>
         <wf lemma="sladkovodni" pos="X">sladkovodni</wf>
         <wf lemma="predstavnik" pos="X">predstavnik</wf>
         <wf lemma="rodu" pos="X">rodu</wf>
         <wf lemma="Aplodinotus" pos="X">Aplodinotus</wf>
         <wf lemma="," pos="X">,</wf>
         <wf lemma="ki" pos="X">ki</wf>
         <wf lemma="lahko" pos="X">lahko</wf>
         <wf lemma="z" pos="X">z</wf>
         <wf lemma="ribjim" pos="X">ribjim</wf>
         <wf lemma="mehurjem" pos="X">mehurjem</wf>
         <wf lemma="izvabljejo" pos="X">izvabljejo</wf>
         <instance id="d000.s1013.t000" lemma="glas" pos="NOUN">glasove</instance>
         <wf lemma="," pos="X">,</wf>
         <wf lemma="podobne" pos="X">podobne</wf>
         <wf lemma="godrnjanju" pos="X">godrnjanju</wf>
         <wf lemma="." pos="X">.</wf>
      </sentence>
      <sentence id="d000.s1014" source="wordnet-slovenian">
         <wf lemma="Literarno" pos="X">Literarno</wf>
         <wf lemma="in" pos="X">in</wf>
         <wf lemma="dramaturško" pos="X">dramaturško</wf>
         <wf lemma="-" pos="X">-</wf>
         <wf lemma="uprizoritveno" pos="X">uprizoritveno</wf>
         <wf lemma="branje" pos="X">branje</wf>
         <wf lemma="se" pos="X">se</wf>
         <wf lemma="medsebojno" pos="X">medsebojno</wf>
         <wf lemma="dopolnjujeta" pos="X">dopolnjujeta</wf>
         <wf lemma="," pos="X">,</wf>
         <wf lemma="tako" pos="X">tako</wf>
         <wf lemma="da" pos="X">da</wf>
         <wf lemma="“" pos="X">“</wf>
         <wf lemma="kritično" pos="X">kritično</wf>
         <wf lemma="razčlenjevanje" pos="X">razčlenjevanje</wf>
         <wf lemma="dramskega" pos="X">dramskega</wf>
         <instance id="d000.s1014.t000" lemma="besedilo" pos="NOUN">besedila</instance>
         <wf lemma="lahko" pos="X">lahko</wf>
         <wf lemma="proizvaja" pos="X">proizvaja</wf>
         <wf lemma="sugestije" pos="X">sugestije</wf>
         <wf lemma="za" pos="X">za</wf>
         <wf lemma="uprizoritev" pos="X">uprizoritev</wf>
         <wf lemma="," pos="X">,</wf>
         <wf lemma="ki" pos="X">ki</wf>
         <wf lemma="jih" pos="X">jih</wf>
         <wf lemma="lahko" pos="X">lahko</wf>
         <wf lemma="preskusi" pos="X">preskusi</wf>
         <wf lemma="le" pos="X">le</wf>
         <wf lemma="gledališče" pos="X">gledališče</wf>
         <wf lemma="," pos="X">,</wf>
         <wf lemma="nova" pos="X">nova</wf>
         <wf lemma="uprizoritev" pos="X">uprizoritev</wf>
         <wf lemma="pa" pos="X">pa</wf>
         <wf lemma="lahko" pos="X">lahko</wf>
         <wf lemma="spodbudi" pos="X">spodbudi</wf>
         <wf lemma="interpretacijo" pos="X">interpretacijo</wf>
         <wf lemma="," pos="X">,</wf>
         <wf lemma="na" pos="X">na</wf>
         <wf lemma="katero" pos="X">katero</wf>
         <wf lemma="ni" pos="X">ni</wf>
         <wf lemma="noben" pos="X">noben</wf>
         <wf lemma="kritik" pos="X">kritik</wf>
         <wf lemma="niti" pos="X">niti</wf>
         <wf lemma="pomislil" pos="X">pomislil</wf>
         <wf lemma="," pos="X">,</wf>
         <wf lemma="bi" pos="X">bi</wf>
         <wf lemma="jo" pos="X">jo</wf>
         <wf lemma="pa" pos="X">pa</wf>
         <wf lemma="lahko" pos="X">lahko</wf>
         <wf lemma="ovrednotili" pos="X">ovrednotili</wf>
         <wf lemma="le" pos="X">le</wf>
         <wf lemma="na" pos="X">na</wf>
         <wf lemma="podlagi" pos="X">podlagi</wf>
         <wf lemma="primerjave" pos="X">primerjave</wf>
         <wf lemma="z" pos="X">z</wf>
         <wf lemma="besedilom" pos="X">besedilom</wf>
         <wf lemma="”" pos="X">”</wf>
         <wf lemma="." pos="X">.</wf>
      </sentence>
      <sentence id="d000.s1015" source="wordnet-slovenian">
         <wf lemma="V" pos="X">V</wf>
         <wf lemma="prošnji" pos="X">prošnji</wf>
         <wf lemma="so" pos="X">so</wf>
         <wf lemma="zapisali" pos="X">zapisali</wf>
         <wf lemma="," pos="X">,</wf>
         <wf lemma="da" pos="X">da</wf>
         <wf lemma="bi" pos="X">bi</wf>
         <wf lemma="se" pos="X">se</wf>
         <wf lemma="pri" pos="X">pri</wf>
         <wf lemma="takšnem" pos="X">takšnem</wf>
         <wf lemma="delu" pos="X">delu</wf>
         <wf lemma="učiteljica" pos="X">učiteljica</wf>
         <wf lemma="in" pos="X">in</wf>
         <wf lemma="vzgojiteljica" pos="X">vzgojiteljica</wf>
         <wf lemma="laže" pos="X">laže</wf>
         <wf lemma="posvetili" pos="X">posvetili</wf>
         <wf lemma="tistim" pos="X">tistim</wf>
         <wf lemma="učencem" pos="X">učencem</wf>
         <wf lemma="," pos="X">,</wf>
         <wf lemma="ki" pos="X">ki</wf>
         <wf lemma="imajo" pos="X">imajo</wf>
         <wf lemma="pri" pos="X">pri</wf>
         <wf lemma="pouku" pos="X">pouku</wf>
         <instance id="d000.s1015.t000" lemma="težava" pos="NOUN">težave</instance>
         <wf lemma="," pos="X">,</wf>
         <wf lemma="oziroma" pos="X">oziroma</wf>
         <wf lemma="laže" pos="X">laže</wf>
         <wf lemma="dodatno" pos="X">dodatno</wf>
         <wf lemma="zaposlili" pos="X">zaposlili</wf>
         <wf lemma="tiste" pos="X">tiste</wf>
         <wf lemma="," pos="X">,</wf>
         <wf lemma="ki" pos="X">ki</wf>
         <wf lemma="nekatere" pos="X">nekatere</wf>
         <wf lemma="dele" pos="X">dele</wf>
         <wf lemma="učnega" pos="X">učnega</wf>
         <wf lemma="programa" pos="X">programa</wf>
         <wf lemma="že" pos="X">že</wf>
         <wf lemma="obvladajo" pos="X">obvladajo</wf>
         <wf lemma="." pos="X">.</wf>
      </sentence>
      <sentence id="d000.s1016" source="wordnet-slovenian">
         <wf lemma="Čakanje" pos="X">Čakanje</wf>
         <wf lemma="je" pos="X">je</wf>
         <wf lemma="povzročilo" pos="X">povzročilo</wf>
         <wf lemma="nekaj" pos="X">nekaj</wf>
         <wf lemma="nervoze" pos="X">nervoze</wf>
         <wf lemma="," pos="X">,</wf>
         <wf lemma="ki" pos="X">ki</wf>
         <wf lemma="se" pos="X">se</wf>
         <wf lemma="je" pos="X">je</wf>
         <wf lemma="izražala" pos="X">izražala</wf>
         <wf lemma="v" pos="X">v</wf>
         <wf lemma="različnih" pos="X">različnih</wf>
         <wf lemma="pismih" pos="X">pismih</wf>
         <wf lemma="predsedniku" pos="X">predsedniku</wf>
         <instance id="d000.s1016.t000" lemma="vlada" pos="NOUN">vlade</instance>
         <wf lemma="in" pos="X">in</wf>
         <wf lemma="drugim" pos="X">drugim</wf>
         <wf lemma="ministrom" pos="X">ministrom</wf>
         <wf lemma="." pos="X">.</wf>
      </sentence>
      <sentence id="d000.s1017" source="wordnet-slovenian">
         <wf lemma="Toda" pos="X">Toda</wf>
         <wf lemma="v" pos="X">v</wf>
         <wf lemma="vlogi" pos="X">vlogi</wf>
         <wf lemma="goljufivega" pos="X">goljufivega</wf>
         <wf lemma="vaškega" pos="X">vaškega</wf>
         <wf lemma="zdravnika" pos="X">zdravnika</wf>
         <wf lemma="," pos="X">,</wf>
         <wf lemma="ki" pos="X">ki</wf>
         <wf lemma="ljudem" pos="X">ljudem</wf>
         <wf lemma="izbija" pos="X">izbija</wf>
         <wf lemma="iz" pos="X">iz</wf>
         <instance id="d000.s1017.t000" lemma="glava" pos="NOUN">glave</instance>
         <wf lemma="zdravje" pos="X">zdravje</wf>
         <wf lemma="," pos="X">,</wf>
         <wf lemma="je" pos="X">je</wf>
         <wf lemma="neprimerljivo" pos="X">neprimerljivo</wf>
         <wf lemma="večja" pos="X">večja</wf>
         <wf lemma="moč" pos="X">moč</wf>
         <wf lemma=":" pos="X">:</wf>
         <wf lemma="sodobna" pos="X">sodobna</wf>
         <wf lemma="medicina" pos="X">medicina</wf>
         <wf lemma="." pos="X">.</wf>
      </sentence>
      <sentence id="d000.s1018" source="wordnet-slovenian">
         <wf lemma="»" pos="X">»</wf>
         <wf lemma="Verjamem" pos="X">Verjamem</wf>
         <wf lemma="v" pos="X">v</wf>
         <wf lemma="takšen" pos="X">takšen</wf>
         <instance id="d000.s1018.t000" lemma="projekt" pos="NOUN">projekt</instance>
         <wf lemma="," pos="X">,</wf>
         <wf lemma="dali" pos="X">dali</wf>
         <wf lemma="smo" pos="X">smo</wf>
         <wf lemma="mu" pos="X">mu</wf>
         <wf lemma="izrazito" pos="X">izrazito</wf>
         <wf lemma="podporo" pos="X">podporo</wf>
         <wf lemma="." pos="X">.</wf>
      </sentence>
      <sentence id="d000.s1019" source="wordnet-slovenian">
         <wf lemma="In" pos="X">In</wf>
         <wf lemma="zdaj" pos="X">zdaj</wf>
         <wf lemma="je" pos="X">je</wf>
         <wf lemma="," pos="X">,</wf>
         <wf lemma="prav" pos="X">prav</wf>
         <wf lemma="tako" pos="X">tako</wf>
         <wf lemma="kakor" pos="X">kakor</wf>
         <wf lemma="prejšnje" pos="X">prejšnje</wf>
         <instance id="d000.s1019.t000" lemma="dan" pos="NOUN">dni</instance>
         <wf lemma="," pos="X">,</wf>
         <wf lemma="sedel" pos="X">sedel</wf>
         <wf lemma="in" pos="X">in</wf>
         <wf lemma="z" pos="X">z</wf>
         <wf lemma="drobnim" pos="X">drobnim</wf>
         <wf lemma="nasmehom" pos="X">nasmehom</wf>
         <wf lemma="na" pos="X">na</wf>
         <wf lemma="ustnicah" pos="X">ustnicah</wf>
         <wf lemma="strmel" pos="X">strmel</wf>
         <wf lemma="čez" pos="X">čez</wf>
         <wf lemma="Hudson" pos="X">Hudson</wf>
         <wf lemma="." pos="X">.</wf>
      </sentence>
      <sentence id="d000.s1020" source="wordnet-slovenian">
         <wf lemma="Že" pos="X">Že</wf>
         <wf lemma="pet" pos="X">pet</wf>
         <instance id="d000.s1020.t000" lemma="leto" pos="NOUN">let</instance>
         <wf lemma="v" pos="X">v</wf>
         <wf lemma="vasi" pos="X">vasi</wf>
         <wf lemma="ni" pos="X">ni</wf>
         <wf lemma="zbiralnice" pos="X">zbiralnice</wf>
         <wf lemma="mleka" pos="X">mleka</wf>
         <wf lemma="." pos="X">.</wf>
      </sentence>
      <sentence id="d000.s1021" source="wordnet-slovenian">
         <wf lemma="Program" pos="X">Program</wf>
         <wf lemma="je" pos="X">je</wf>
         <wf lemma="primeren" pos="X">primeren</wf>
         <wf lemma="predvsem" pos="X">predvsem</wf>
         <wf lemma="za" pos="X">za</wf>
         <wf lemma="večje" pos="X">večje</wf>
         <wf lemma="organizacije" pos="X">organizacije</wf>
         <wf lemma="," pos="X">,</wf>
         <wf lemma="kjer" pos="X">kjer</wf>
         <wf lemma="je" pos="X">je</wf>
         <wf lemma="v" pos="X">v</wf>
         <wf lemma="navezi" pos="X">navezi</wf>
         <wf lemma="s" pos="X">s</wf>
         <wf lemma="programom" pos="X">programom</wf>
         <wf lemma="Symantec" pos="X">Symantec</wf>
         <wf lemma="Enterprise" pos="X">Enterprise</wf>
         <wf lemma="Security" pos="X">Security</wf>
         <wf lemma="Manager" pos="X">Manager</wf>
         <wf lemma="odličen" pos="X">odličen</wf>
         <wf lemma="par" pos="X">par</wf>
         <wf lemma="," pos="X">,</wf>
         <wf lemma="saj" pos="X">saj</wf>
         <wf lemma="slednji" pos="X">slednji</wf>
         <wf lemma="skrbi" pos="X">skrbi</wf>
         <wf lemma="," pos="X">,</wf>
         <wf lemma="da" pos="X">da</wf>
         <wf lemma="se" pos="X">se</wf>
         <wf lemma="vsi" pos="X">vsi</wf>
         <wf lemma="člani" pos="X">člani</wf>
         <wf lemma="omrežja" pos="X">omrežja</wf>
         <wf lemma="držijo" pos="X">držijo</wf>
         <wf lemma="iste" pos="X">iste</wf>
         <wf lemma="varnostne" pos="X">varnostne</wf>
         <instance id="d000.s1021.t000" lemma="politika" pos="NOUN">politike</instance>
         <wf lemma="oz." pos="X">oz.</wf>
         <wf lemma="predpisov" pos="X">predpisov</wf>
         <wf lemma="." pos="X">.</wf>
      </sentence>
      <sentence id="d000.s1022" source="wordnet-slovenian">
         <wf lemma="Zanimajo" pos="X">Zanimajo</wf>
         <wf lemma="ga" pos="X">ga</wf>
         <wf lemma="materiali" pos="X">materiali</wf>
         <wf lemma="," pos="X">,</wf>
         <instance id="d000.s1022.t000" lemma="uporaba" pos="NOUN">uporaba</instance>
         <wf lemma="in" pos="X">in</wf>
         <wf lemma="načini" pos="X">načini</wf>
         <wf lemma="izdelovanja" pos="X">izdelovanja</wf>
         <wf lemma="krakov" pos="X">krakov</wf>
         <wf lemma="za" pos="X">za</wf>
         <wf lemma="loke" pos="X">loke</wf>
         <wf lemma="." pos="X">.</wf>
      </sentence>
      <sentence id="d000.s1023" source="wordnet-slovenian">
         <wf lemma="V" pos="X">V</wf>
         <wf lemma="78." pos="X">78.</wf>
         <wf lemma="členu" pos="X">členu</wf>
         <wf lemma="se" pos="X">se</wf>
         <instance id="d000.s1023.t000" lemma="beseda" pos="NOUN">besedi</instance>
         <wf lemma="&quot;" pos="X">&quot;</wf>
         <wf lemma="do" pos="X">do</wf>
         <wf lemma="30." pos="X">30.</wf>
         <wf lemma="junija" pos="X">junija</wf>
         <wf lemma="&quot;" pos="X">&quot;</wf>
         <wf lemma="nadomestita" pos="X">nadomestita</wf>
         <wf lemma="z" pos="X">z</wf>
         <wf lemma="besedama" pos="X">besedama</wf>
         <wf lemma="&quot;" pos="X">&quot;</wf>
         <wf lemma="do" pos="X">do</wf>
         <wf lemma="31." pos="X">31.</wf>
         <wf lemma="marca" pos="X">marca</wf>
         <wf lemma="&quot;" pos="X">&quot;</wf>
         <wf lemma="." pos="X">.</wf>
      </sentence>
      <sentence id="d000.s1024" source="wordnet-slovenian">
         <wf lemma="-" pos="X">-</wf>
         <wf lemma="Včeraj" pos="X">Včeraj</wf>
         <wf lemma="ob" pos="X">ob</wf>
         <wf lemma="enih" pos="X">enih</wf>
         <wf lemma="zjutraj" pos="X">zjutraj</wf>
         <wf lemma="so" pos="X">so</wf>
         <wf lemma="zagoreli" pos="X">zagoreli</wf>
         <wf lemma="trije" pos="X">trije</wf>
         <wf lemma="plastični" pos="X">plastični</wf>
         <wf lemma="kesoni" pos="X">kesoni</wf>
         <wf lemma="ob" pos="X">ob</wf>
         <wf lemma="stavbi" pos="X">stavbi</wf>
         <wf lemma="tukajšnje" pos="X">tukajšnje</wf>
         <wf lemma="III." pos="X">III.</wf>
         <wf lemma="gimnazije" pos="X">gimnazije</wf>
         <wf lemma="," pos="X">,</wf>
         <wf lemma="nakar" pos="X">nakar</wf>
         <wf lemma="je" pos="X">je</wf>
         <wf lemma="ogenj" pos="X">ogenj</wf>
         <wf lemma="počrnil" pos="X">počrnil</wf>
         <wf lemma="velik" pos="X">velik</wf>
         <instance id="d000.s1024.t000" lemma="del" pos="NOUN">del</instance>
         <wf lemma="fasade" pos="X">fasade</wf>
         <wf lemma="," pos="X">,</wf>
         <wf lemma="kar" pos="X">kar</wf>
         <wf lemma="pa" pos="X">pa</wf>
         <wf lemma="ni" pos="X">ni</wf>
         <wf lemma="bila" pos="X">bila</wf>
         <wf lemma="največja" pos="X">največja</wf>
         <wf lemma="neprijetnost" pos="X">neprijetnost</wf>
         <wf lemma="." pos="X">.</wf>
      </sentence>
      <sentence id="d000.s1025" source="wordnet-slovenian">
         <wf lemma="Izrezuje" pos="X">Izrezuje</wf>
         <wf lemma="in" pos="X">in</wf>
         <wf lemma="spravlja" pos="X">spravlja</wf>
         <wf lemma="si" pos="X">si</wf>
         <wf lemma="vse" pos="X">vse</wf>
         <wf lemma="mogoče" pos="X">mogoče</wf>
         <wf lemma="," pos="X">,</wf>
         <wf lemma="kar" pos="X">kar</wf>
         <wf lemma="mu" pos="X">mu</wf>
         <wf lemma="lahko" pos="X">lahko</wf>
         <wf lemma="pride" pos="X">pride</wf>
         <wf lemma="prav" pos="X">prav</wf>
         <wf lemma="tako" pos="X">tako</wf>
         <wf lemma="pri" pos="X">pri</wf>
         <wf lemma="dokumentarnih" pos="X">dokumentarnih</wf>
         <wf lemma="kot" pos="X">kot</wf>
         <wf lemma="igranih" pos="X">igranih</wf>
         <instance id="d000.s1025.t000" lemma="film" pos="NOUN">filmih</instance>
         <wf lemma="." pos="X">.</wf>
      </sentence>
      <sentence id="d000.s1026" source="wordnet-slovenian">
         <wf lemma="In" pos="X">In</wf>
         <wf lemma="tu" pos="X">tu</wf>
         <wf lemma="smo" pos="X">smo</wf>
         <wf lemma="že" pos="X">že</wf>
         <wf lemma="pri" pos="X">pri</wf>
         <instance id="d000.s1026.t000" lemma="začetek" pos="NOUN">začetku</instance>
         <wf lemma="razlage" pos="X">razlage</wf>
         <wf lemma="o" pos="X">o</wf>
         <wf lemma="kloniranju" pos="X">kloniranju</wf>
         <wf lemma="." pos="X">.</wf>
      </sentence>
      <sentence id="d000.s1027" source="wordnet-slovenian">
         <wf lemma="Že" pos="X">Že</wf>
         <wf lemma="pred" pos="X">pred</wf>
         <wf lemma="drugo" pos="X">drugo</wf>
         <instance id="d000.s1027.t000" lemma="vojna" pos="NOUN">vojno</instance>
         <wf lemma="so" pos="X">so</wf>
         <wf lemma="kupili" pos="X">kupili</wf>
         <wf lemma="novo" pos="X">novo</wf>
         <wf lemma="brizgalno" pos="X">brizgalno</wf>
         <wf lemma="," pos="X">,</wf>
         <wf lemma="ki" pos="X">ki</wf>
         <wf lemma="je" pos="X">je</wf>
         <wf lemma="veljala" pos="X">veljala</wf>
         <wf lemma="takrat" pos="X">takrat</wf>
         <wf lemma="5" pos="X">5</wf>
         <wf lemma="do" pos="X">do</wf>
         <wf lemma="6" pos="X">6</wf>
         <wf lemma="parov" pos="X">parov</wf>
         <wf lemma="dobrih" pos="X">dobrih</wf>
         <wf lemma="volov" pos="X">volov</wf>
         <wf lemma="." pos="X">.</wf>
      </sentence>
      <sentence id="d000.s1028" source="wordnet-slovenian">
         <wf lemma="V" pos="X">V</wf>
         <wf lemma="letu" pos="X">letu</wf>
         <wf lemma="1980" pos="X">1980</wf>
         <wf lemma="," pos="X">,</wf>
         <wf lemma="ko" pos="X">ko</wf>
         <wf lemma="se" pos="X">se</wf>
         <wf lemma="je" pos="X">je</wf>
         <wf lemma="preselil" pos="X">preselil</wf>
         <wf lemma="v" pos="X">v</wf>
         <wf lemma="svojo" pos="X">svojo</wf>
         <instance id="d000.s1028.t000" lemma="hiša" pos="NOUN">hišo</instance>
         <wf lemma="," pos="X">,</wf>
         <wf lemma="se" pos="X">se</wf>
         <wf lemma="je" pos="X">je</wf>
         <wf lemma="v" pos="X">v</wf>
         <wf lemma="Dolgi" pos="X">Dolgi</wf>
         <wf lemma="vasi" pos="X">vasi</wf>
         <wf lemma="vključil" pos="X">vključil</wf>
         <wf lemma="v" pos="X">v</wf>
         <wf lemma="vrste" pos="X">vrste</wf>
         <wf lemma="prostovoljnega" pos="X">prostovoljnega</wf>
         <wf lemma="gasilskega" pos="X">gasilskega</wf>
         <wf lemma="društva" pos="X">društva</wf>
         <wf lemma="Dolga" pos="X">Dolga</wf>
         <wf lemma="vas" pos="X">vas</wf>
         <wf lemma="," pos="X">,</wf>
         <wf lemma="kjer" pos="X">kjer</wf>
         <wf lemma="je" pos="X">je</wf>
         <wf lemma="več" pos="X">več</wf>
         <wf lemma="let" pos="X">let</wf>
         <wf lemma="prizadevno" pos="X">prizadevno</wf>
         <wf lemma="opravljal" pos="X">opravljal</wf>
         <wf lemma="delo" pos="X">delo</wf>
         <wf lemma="tajnika" pos="X">tajnika</wf>
         <wf lemma="." pos="X">.</wf>
      </sentence>
      <sentence id="d000.s1029" source="wordnet-slovenian">
         <wf lemma="Pri" pos="X">Pri</wf>
         <wf lemma="muharjenju" pos="X">muharjenju</wf>
         <wf lemma="v" pos="X">v</wf>
         <wf lemma="morju" pos="X">morju</wf>
         <wf lemma="je" pos="X">je</wf>
         <wf lemma="utrujanje" pos="X">utrujanje</wf>
         <instance id="d000.s1029.t000" lemma="večina" pos="NOUN">večine</instance>
         <wf lemma="rib" pos="X">rib</wf>
         <wf lemma="," pos="X">,</wf>
         <wf lemma="brez" pos="X">brez</wf>
         <wf lemma="kolesca" pos="X">kolesca</wf>
         <wf lemma="," pos="X">,</wf>
         <wf lemma="opremljenega" pos="X">opremljenega</wf>
         <wf lemma="z" pos="X">z</wf>
         <wf lemma="zavoro" pos="X">zavoro</wf>
         <wf lemma="," pos="X">,</wf>
         <wf lemma="ki" pos="X">ki</wf>
         <wf lemma="sprosti" pos="X">sprosti</wf>
         <wf lemma="rezervno" pos="X">rezervno</wf>
         <wf lemma="vrvico" pos="X">vrvico</wf>
         <wf lemma="," pos="X">,</wf>
         <wf lemma="preden" pos="X">preden</wf>
         <wf lemma="se" pos="X">se</wf>
         <wf lemma="konica" pos="X">konica</wf>
         <wf lemma="vrvice" pos="X">vrvice</wf>
         <wf lemma="pretrga" pos="X">pretrga</wf>
         <wf lemma="," pos="X">,</wf>
         <wf lemma="nemogoče" pos="X">nemogoče</wf>
         <wf lemma="." pos="X">.</wf>
      </sentence>
      <sentence id="d000.s1030" source="wordnet-slovenian">
         <instance id="d000.s1030.t000" lemma="stvar" pos="NOUN">Stvari</instance>
         <wf lemma="so" pos="X">so</wf>
         <wf lemma="ponovno" pos="X">ponovno</wf>
         <wf lemma="začele" pos="X">začele</wf>
         <wf lemma="iti" pos="X">iti</wf>
         <wf lemma="na" pos="X">na</wf>
         <wf lemma="bolje" pos="X">bolje</wf>
         <wf lemma="." pos="X">.</wf>
      </sentence>
      <sentence id="d000.s1031" source="wordnet-slovenian">
         <wf lemma="Peking" pos="X">Peking</wf>
         <wf lemma="-" pos="X">-</wf>
         <wf lemma="Šest" pos="X">Šest</wf>
         <wf lemma="mednarodnih" pos="X">mednarodnih</wf>
         <wf lemma="organizacij" pos="X">organizacij</wf>
         <wf lemma="za" pos="X">za</wf>
         <wf lemma="zaščito" pos="X">zaščito</wf>
         <wf lemma="človekovih" pos="X">človekovih</wf>
         <wf lemma="pravic" pos="X">pravic</wf>
         <wf lemma="(" pos="X">(</wf>
         <wf lemma="vključno" pos="X">vključno</wf>
         <wf lemma="z" pos="X">z</wf>
         <wf lemma="Amnesty" pos="X">Amnesty</wf>
         <wf lemma="International" pos="X">International</wf>
         <wf lemma=")" pos="X">)</wf>
         <wf lemma="je" pos="X">je</wf>
         <wf lemma="pozvalo" pos="X">pozvalo</wf>
         <wf lemma="EU" pos="X">EU</wf>
         <wf lemma="," pos="X">,</wf>
         <wf lemma="naj" pos="X">naj</wf>
         <wf lemma="na" pos="X">na</wf>
         <wf lemma="naslednjem" pos="X">naslednjem</wf>
         <wf lemma="zasedanju" pos="X">zasedanju</wf>
         <instance id="d000.s1031.t000" lemma="komisija" pos="NOUN">komisije</instance>
         <wf lemma="za" pos="X">za</wf>
         <wf lemma="človekove" pos="X">človekove</wf>
         <wf lemma="pravice" pos="X">pravice</wf>
         <wf lemma="ZN" pos="X">ZN</wf>
         <wf lemma="v" pos="X">v</wf>
         <wf lemma="Ženevi" pos="X">Ženevi</wf>
         <wf lemma="podpre" pos="X">podpre</wf>
         <wf lemma="resolucijo" pos="X">resolucijo</wf>
         <wf lemma="," pos="X">,</wf>
         <wf lemma="s" pos="X">s</wf>
         <wf lemma="katero" pos="X">katero</wf>
         <wf lemma="bi" pos="X">bi</wf>
         <wf lemma="obsodili" pos="X">obsodili</wf>
         <wf lemma="LR" pos="X">LR</wf>
         <wf lemma="Kitajsko" pos="X">Kitajsko</wf>
         <wf lemma="za" pos="X">za</wf>
         <wf lemma="preganjanje" pos="X">preganjanje</wf>
         <wf lemma="političnih" pos="X">političnih</wf>
         <wf lemma="aktivistov" pos="X">aktivistov</wf>
         <wf lemma="in" pos="X">in</wf>
         <wf lemma="verskih" pos="X">verskih</wf>
         <wf lemma="skupnosti" pos="X">skupnosti</wf>
         <wf lemma="." pos="X">.</wf>
      </sentence>
      <sentence id="d000.s1032" source="wordnet-slovenian">
         <wf lemma="PRITOŽBA" pos="X">PRITOŽBA</wf>
         <wf lemma="ZADRŽI" pos="X">ZADRŽI</wf>
         <wf lemma="IZVRŠITEV" pos="X">IZVRŠITEV</wf>
         <wf lemma="ODLOČITVE" pos="X">ODLOČITVE</wf>
         <wf lemma="O" pos="X">O</wf>
         <instance id="d000.s1032.t000" lemma="pravica" pos="NOUN">PRAVICI</instance>
         <wf lemma="OZIROMA" pos="X">OZIROMA</wf>
         <wf lemma="OBVEZNOSTI" pos="X">OBVEZNOSTI</wf>
         <wf lemma="IZ" pos="X">IZ</wf>
         <wf lemma="DELOVNEGA" pos="X">DELOVNEGA</wf>
         <wf lemma="RAZMERJA" pos="X">RAZMERJA</wf>
         <wf lemma="JAVNEGA" pos="X">JAVNEGA</wf>
         <wf lemma="USLUŽBENCA" pos="X">USLUŽBENCA</wf>
         <wf lemma="," pos="X">,</wf>
         <wf lemma="ČE" pos="X">ČE</wf>
         <wf lemma="ZAKON" pos="X">ZAKON</wf>
         <wf lemma="NE" pos="X">NE</wf>
         <wf lemma="DOLOČA" pos="X">DOLOČA</wf>
         <wf lemma="DRUGAČE" pos="X">DRUGAČE</wf>
         <wf lemma="." pos="X">.</wf>
      </sentence>
      <sentence id="d000.s1033" source="wordnet-slovenian">
         <wf lemma="VSI" pos="X">VSI</wf>
         <wf lemma="POKLICI" pos="X">POKLICI</wf>
         <wf lemma="CIVILNIH" pos="X">CIVILNIH</wf>
         <wf lemma="URADNIKOV" pos="X">URADNIKOV</wf>
         <wf lemma="SO" pos="X">SO</wf>
         <wf lemma="BILI" pos="X">BILI</wf>
         <wf lemma="RAZDELJENI" pos="X">RAZDELJENI</wf>
         <wf lemma="NA" pos="X">NA</wf>
         <wf lemma="POLOŽAJNE" pos="X">POLOŽAJNE</wf>
         <instance id="d000.s1033.t000" lemma="skupina" pos="NOUN">SKUPINE</instance>
         <wf lemma="," pos="X">,</wf>
         <wf lemma="DOLOČENE" pos="X">DOLOČENE</wf>
         <wf lemma="Z" pos="X">Z</wf>
         <wf lemma="RAZPREDELNICO" pos="X">RAZPREDELNICO</wf>
         <wf lemma="." pos="X">.</wf>
      </sentence>
      <sentence id="d000.s1034" source="wordnet-slovenian">
         <wf lemma="Okvirji" pos="X">Okvirji</wf>
         <wf lemma="zagotavljajo" pos="X">zagotavljajo</wf>
         <wf lemma="šabloni" pos="X">šabloni</wf>
         <wf lemma="stabilno" pos="X">stabilno</wf>
         <instance id="d000.s1034.t000" lemma="oblika" pos="NOUN">obliko</instance>
         <wf lemma="." pos="X">.</wf>
      </sentence>
      <sentence id="d000.s1035" source="wordnet-slovenian">
         <wf lemma="Mosca" pos="X">Mosca</wf>
         <wf lemma="in" pos="X">in</wf>
         <wf lemma="Riccio" pos="X">Riccio</wf>
         <wf lemma="sta" pos="X">sta</wf>
         <wf lemma="se" pos="X">se</wf>
         <wf lemma="že" pos="X">že</wf>
         <wf lemma="lotila" pos="X">lotila</wf>
         <wf lemma="kuhinjskih" pos="X">kuhinjskih</wf>
         <instance id="d000.s1035.t000" lemma="vrata" pos="NOUN">vrat</instance>
         <wf lemma="." pos="X">.</wf>
      </sentence>
      <sentence id="d000.s1036" source="wordnet-slovenian">
         <wf lemma="Veš" pos="X">Veš</wf>
         <wf lemma="," pos="X">,</wf>
         <wf lemma="koliko" pos="X">koliko</wf>
         <wf lemma="najinega" pos="X">najinega</wf>
         <wf lemma="skupnega" pos="X">skupnega</wf>
         <instance id="d000.s1036.t000" lemma="življenje" pos="NOUN">življenja</instance>
         <wf lemma="gre" pos="X">gre</wf>
         <wf lemma="zaradi" pos="X">zaradi</wf>
         <wf lemma="tvojega" pos="X">tvojega</wf>
         <wf lemma="spanca" pos="X">spanca</wf>
         <wf lemma="v" pos="X">v</wf>
         <wf lemma="nič" pos="X">nič</wf>
         <wf lemma="?" pos="X">?</wf>
      </sentence>
      <sentence id="d000.s1037" source="wordnet-slovenian">
         <wf lemma="Tudi" pos="X">Tudi</wf>
         <wf lemma="njeno" pos="X">njeno</wf>
         <wf lemma="zavzemanje" pos="X">zavzemanje</wf>
         <wf lemma="za" pos="X">za</wf>
         <wf lemma="higienske" pos="X">higienske</wf>
         <instance id="d000.s1037.t000" lemma="zadeva" pos="NOUN">zadeve</instance>
         <wf lemma="našega" pos="X">našega</wf>
         <wf lemma="gospodinjstva" pos="X">gospodinjstva</wf>
         <wf lemma="je" pos="X">je</wf>
         <wf lemma="začela" pos="X">začela</wf>
         <wf lemma="z" pos="X">z</wf>
         <wf lemma="besedami" pos="X">besedami</wf>
         <wf lemma="&quot;" pos="X">&quot;</wf>
         <wf lemma="Saj" pos="X">Saj</wf>
         <wf lemma="zares" pos="X">zares</wf>
         <wf lemma="ne" pos="X">ne</wf>
         <wf lemma="zahtevam" pos="X">zahtevam</wf>
         <wf lemma="preveč" pos="X">preveč</wf>
         <wf lemma="." pos="X">.</wf>
         <wf lemma="." pos="X">.</wf>
         <wf lemma="." pos="X">.</wf>
      </sentence>
      <sentence id="d000.s1038" source="wordnet-slovenian">
         <wf lemma="Med" pos="X">Med</wf>
         <wf lemma="njimi" pos="X">njimi</wf>
         <wf lemma="morda" pos="X">morda</wf>
         <instance id="d000.s1038.t000" lemma="film" pos="NOUN">film</instance>
         <wf lemma="z" pos="X">z</wf>
         <wf lemma="naslovom" pos="X">naslovom</wf>
         <wf lemma=":" pos="X">:</wf>
         <wf lemma="»" pos="X">»</wf>
         <wf lemma="Imam" pos="X">Imam</wf>
         <wf lemma="dve" pos="X">dve</wf>
         <wf lemma="mami" pos="X">mami</wf>
         <wf lemma="in" pos="X">in</wf>
         <wf lemma="dva" pos="X">dva</wf>
         <wf lemma="očeta" pos="X">očeta</wf>
         <wf lemma="«" pos="X">«</wf>
         <wf lemma="." pos="X">.</wf>
      </sentence>
      <sentence id="d000.s1039" source="wordnet-slovenian">
         <wf lemma="Danes" pos="X">Danes</wf>
         <wf lemma="ob" pos="X">ob</wf>
         <wf lemma="dvajseti" pos="X">dvajseti</wf>
         <instance id="d000.s1039.t000" lemma="ura" pos="NOUN">uri</instance>
         <wf lemma="bo" pos="X">bo</wf>
         <wf lemma="večer" pos="X">večer</wf>
         <wf lemma="branja" pos="X">branja</wf>
         <wf lemma="za" pos="X">za</wf>
         <wf lemma="branje" pos="X">branje</wf>
         <wf lemma="," pos="X">,</wf>
         <wf lemma="na" pos="X">na</wf>
         <wf lemma="katerem" pos="X">katerem</wf>
         <wf lemma="bodo" pos="X">bodo</wf>
         <wf lemma="nastopili" pos="X">nastopili</wf>
         <wf lemma="Aleš" pos="X">Aleš</wf>
         <wf lemma="Debeljak" pos="X">Debeljak</wf>
         <wf lemma="," pos="X">,</wf>
         <wf lemma="Manca" pos="X">Manca</wf>
         <wf lemma="Košir" pos="X">Košir</wf>
         <wf lemma="," pos="X">,</wf>
         <wf lemma="Ivanka" pos="X">Ivanka</wf>
         <wf lemma="Mestnik" pos="X">Mestnik</wf>
         <wf lemma="," pos="X">,</wf>
         <wf lemma="Andreja" pos="X">Andreja</wf>
         <wf lemma="Pleničar" pos="X">Pleničar</wf>
         <wf lemma="," pos="X">,</wf>
         <wf lemma="Jože" pos="X">Jože</wf>
         <wf lemma="Zupan" pos="X">Zupan</wf>
         <wf lemma="in" pos="X">in</wf>
         <wf lemma="študijski" pos="X">študijski</wf>
         <wf lemma="krožek" pos="X">krožek</wf>
         <wf lemma="širjenja" pos="X">širjenja</wf>
         <wf lemma="bralne" pos="X">bralne</wf>
         <wf lemma="kulture" pos="X">kulture</wf>
         <wf lemma="razvojnoraziskovalnega" pos="X">razvojnoraziskovalnega</wf>
         <wf lemma="centra" pos="X">centra</wf>
         <wf lemma="Novo" pos="X">Novo</wf>
         <wf lemma="mesto" pos="X">mesto</wf>
         <wf lemma="." pos="X">.</wf>
      </sentence>
      <sentence id="d000.s1040" source="wordnet-slovenian">
         <wf lemma="Marion" pos="X">Marion</wf>
         <wf lemma="je" pos="X">je</wf>
         <wf lemma="štiriletnega" pos="X">štiriletnega</wf>
         <wf lemma="sina" pos="X">sina</wf>
         <wf lemma="Johna" pos="X">Johna</wf>
         <wf lemma="dala" pos="X">dala</wf>
         <wf lemma="v" pos="X">v</wf>
         <wf lemma="rejo" pos="X">rejo</wf>
         <wf lemma="v" pos="X">v</wf>
         <wf lemma="dobri" pos="X">dobri</wf>
         <wf lemma="veri" pos="X">veri</wf>
         <wf lemma="," pos="X">,</wf>
         <wf lemma="da" pos="X">da</wf>
         <wf lemma="mu" pos="X">mu</wf>
         <wf lemma="bo" pos="X">bo</wf>
         <wf lemma="s" pos="X">s</wf>
         <wf lemma="tem" pos="X">tem</wf>
         <wf lemma="omogočila" pos="X">omogočila</wf>
         <wf lemma="boljše" pos="X">boljše</wf>
         <instance id="d000.s1040.t000" lemma="življenje" pos="NOUN">življenje</instance>
         <wf lemma="." pos="X">.</wf>
      </sentence>
      <sentence id="d000.s1041" source="wordnet-slovenian">
         <wf lemma="Nato" pos="X">Nato</wf>
         <instance id="d000.s1041.t000" lemma="skupina" pos="NOUN">skupini</instance>
         <wf lemma="prebereta" pos="X">prebereta</wf>
         <wf lemma="in" pos="X">in</wf>
         <wf lemma="primerjata" pos="X">primerjata</wf>
         <wf lemma="svoje" pos="X">svoje</wf>
         <wf lemma="odgovore" pos="X">odgovore</wf>
         <wf lemma="." pos="X">.</wf>
      </sentence>
      <sentence id="d000.s1042" source="wordnet-slovenian">
         <wf lemma="Zakon" pos="X">Zakon</wf>
         <wf lemma="o" pos="X">o</wf>
         <wf lemma="industrijski" pos="X">industrijski</wf>
         <wf lemma="lastnini" pos="X">lastnini</wf>
         <wf lemma="," pos="X">,</wf>
         <wf lemma="uradno" pos="X">uradno</wf>
         <wf lemma="prečiščeno" pos="X">prečiščeno</wf>
         <instance id="d000.s1042.t000" lemma="besedilo" pos="NOUN">besedilo</instance>
         <wf lemma="(" pos="X">(</wf>
         <wf lemma="Ur." pos="X">Ur.</wf>
         <wf lemma="list" pos="X">list</wf>
         <wf lemma="št." pos="X">št.</wf>
         <wf lemma="7" pos="X">7</wf>
         <wf lemma=")" pos="X">)</wf>
         <wf lemma="." pos="X">.</wf>
      </sentence>
      <sentence id="d000.s1043" source="wordnet-slovenian">
         <wf lemma="Vsem" pos="X">Vsem</wf>
         <wf lemma="pa" pos="X">pa</wf>
         <wf lemma="se" pos="X">se</wf>
         <instance id="d000.s1043.t000" lemma="zadeva" pos="NOUN">zadeva</instance>
         <wf lemma="ne" pos="X">ne</wf>
         <wf lemma="zdi" pos="X">zdi</wf>
         <wf lemma="smešna" pos="X">smešna</wf>
         <wf lemma="." pos="X">.</wf>
      </sentence>
      <sentence id="d000.s1044" source="wordnet-slovenian">
         <wf lemma="Mary" pos="X">Mary</wf>
         <wf lemma="Douglas" pos="X">Douglas</wf>
         <wf lemma="vse" pos="X">vse</wf>
         <instance id="d000.s1044.t000" lemma="življenje" pos="NOUN">življenje</instance>
         <wf lemma="spremlja" pos="X">spremlja</wf>
         <wf lemma="teorija" pos="X">teorija</wf>
         <wf lemma="institucij" pos="X">institucij</wf>
         <wf lemma="." pos="X">.</wf>
      </sentence>
      <sentence id="d000.s1045" source="wordnet-slovenian">
         <wf lemma="Taksist" pos="X">Taksist</wf>
         <wf lemma="je" pos="X">je</wf>
         <wf lemma="nasilnega" pos="X">nasilnega</wf>
         <wf lemma="mladeniča" pos="X">mladeniča</wf>
         <wf lemma="zgrabil" pos="X">zgrabil</wf>
         <wf lemma="za" pos="X">za</wf>
         <wf lemma="roko" pos="X">roko</wf>
         <wf lemma="in" pos="X">in</wf>
         <wf lemma="mu" pos="X">mu</wf>
         <wf lemma="poskušal" pos="X">poskušal</wf>
         <wf lemma="vzeti" pos="X">vzeti</wf>
         <wf lemma="orožje" pos="X">orožje</wf>
         <wf lemma="," pos="X">,</wf>
         <wf lemma="med" pos="X">med</wf>
         <wf lemma="prerivanjem" pos="X">prerivanjem</wf>
         <wf lemma="pa" pos="X">pa</wf>
         <wf lemma="ga" pos="X">ga</wf>
         <wf lemma="je" pos="X">je</wf>
         <wf lemma="S." pos="X">S.</wf>
         <wf lemma="Z." pos="X">Z.</wf>
         <wf lemma="z" pos="X">z</wf>
         <wf lemma="ročajem" pos="X">ročajem</wf>
         <wf lemma="pištole" pos="X">pištole</wf>
         <wf lemma="udaril" pos="X">udaril</wf>
         <wf lemma="po" pos="X">po</wf>
         <instance id="d000.s1045.t000" lemma="glava" pos="NOUN">glavi</instance>
         <wf lemma="in" pos="X">in</wf>
         <wf lemma="zbežal" pos="X">zbežal</wf>
         <wf lemma="v" pos="X">v</wf>
         <wf lemma="bližnjo" pos="X">bližnjo</wf>
         <wf lemma="trgovino" pos="X">trgovino</wf>
         <wf lemma="Noč" pos="X">Noč</wf>
         <wf lemma="in" pos="X">in</wf>
         <wf lemma="Dan" pos="X">Dan</wf>
         <wf lemma="." pos="X">.</wf>
      </sentence>
      <sentence id="d000.s1046" source="wordnet-slovenian">
         <wf lemma="Teči" pos="X">Teči</wf>
         <wf lemma="skozi" pos="X">skozi</wf>
         <wf lemma="visok" pos="X">visok</wf>
         <wf lemma="gost" pos="X">gost</wf>
         <wf lemma="plevel" pos="X">plevel</wf>
         <wf lemma="je" pos="X">je</wf>
         <wf lemma="bilo" pos="X">bilo</wf>
         <wf lemma="," pos="X">,</wf>
         <wf lemma="kakor" pos="X">kakor</wf>
         <wf lemma="da" pos="X">da</wf>
         <wf lemma="bi" pos="X">bi</wf>
         <wf lemma="brodila" pos="X">brodila</wf>
         <wf lemma="po" pos="X">po</wf>
         <instance id="d000.s1046.t000" lemma="voda" pos="NOUN">vodi</instance>
         <wf lemma="." pos="X">.</wf>
      </sentence>
      <sentence id="d000.s1047" source="wordnet-slovenian">
         <instance id="d000.s1047.t000" lemma="država" pos="NOUN">Države</instance>
         <wf lemma="članice" pos="X">članice</wf>
         <wf lemma="EU" pos="X">EU</wf>
         <wf lemma="morajo" pos="X">morajo</wf>
         <wf lemma="v" pos="X">v</wf>
         <wf lemma="skladu" pos="X">skladu</wf>
         <wf lemma="z" pos="X">z</wf>
         <wf lemma="direktivo" pos="X">direktivo</wf>
         <wf lemma="določiti" pos="X">določiti</wf>
         <wf lemma="poseben" pos="X">poseben</wf>
         <wf lemma="organ" pos="X">organ</wf>
         <wf lemma="za" pos="X">za</wf>
         <wf lemma="pospeševanje" pos="X">pospeševanje</wf>
         <wf lemma="enakega" pos="X">enakega</wf>
         <wf lemma="obravnavanja" pos="X">obravnavanja</wf>
         <wf lemma="vseh" pos="X">vseh</wf>
         <wf lemma="oseb" pos="X">oseb</wf>
         <wf lemma="brez" pos="X">brez</wf>
         <wf lemma="diskriminacije" pos="X">diskriminacije</wf>
         <wf lemma="na" pos="X">na</wf>
         <wf lemma="podlagi" pos="X">podlagi</wf>
         <wf lemma="rasnega" pos="X">rasnega</wf>
         <wf lemma="ali" pos="X">ali</wf>
         <wf lemma="etničnega" pos="X">etničnega</wf>
         <wf lemma="izvora" pos="X">izvora</wf>
         <wf lemma="." pos="X">.</wf>
      </sentence>
      <sentence id="d000.s1048" source="wordnet-slovenian">
         <wf lemma="Smreka" pos="X">Smreka</wf>
         <wf lemma="se" pos="X">se</wf>
         <wf lemma="dotika" pos="X">dotika</wf>
         <wf lemma="stropa" pos="X">stropa</wf>
         <wf lemma="in" pos="X">in</wf>
         <instance id="d000.s1048.t000" lemma="oče" pos="NOUN">oče</instance>
         <wf lemma="mora" pos="X">mora</wf>
         <wf lemma="odrezati" pos="X">odrezati</wf>
         <wf lemma="vrh" pos="X">vrh</wf>
         <wf lemma="." pos="X">.</wf>
      </sentence>
      <sentence id="d000.s1049" source="wordnet-slovenian">
         <wf lemma="Z" pos="X">Z</wf>
         <wf lemma="njo" pos="X">njo</wf>
         <wf lemma="je" pos="X">je</wf>
         <wf lemma="mogoče" pos="X">mogoče</wf>
         <wf lemma="delovati" pos="X">delovati</wf>
         <wf lemma="bolj" pos="X">bolj</wf>
         <wf lemma="ciljno" pos="X">ciljno</wf>
         <wf lemma="," pos="X">,</wf>
         <wf lemma="saj" pos="X">saj</wf>
         <wf lemma="lahko" pos="X">lahko</wf>
         <wf lemma="znanstveniki" pos="X">znanstveniki</wf>
         <wf lemma="dosežejo" pos="X">dosežejo</wf>
         <instance id="d000.s1049.t000" lemma="sprememba" pos="NOUN">spremembo</instance>
         <wf lemma="ene" pos="X">ene</wf>
         <wf lemma="same" pos="X">same</wf>
         <wf lemma="lastnosti" pos="X">lastnosti</wf>
         <wf lemma="," pos="X">,</wf>
         <wf lemma="kar" pos="X">kar</wf>
         <wf lemma="bi" pos="X">bi</wf>
         <wf lemma="jim" pos="X">jim</wf>
         <wf lemma="z" pos="X">z</wf>
         <wf lemma="uporabo" pos="X">uporabo</wf>
         <wf lemma="tradicionalnih" pos="X">tradicionalnih</wf>
         <wf lemma="metod" pos="X">metod</wf>
         <wf lemma="težko" pos="X">težko</wf>
         <wf lemma="uspelo" pos="X">uspelo</wf>
         <wf lemma="oziroma" pos="X">oziroma</wf>
         <wf lemma="bi" pos="X">bi</wf>
         <wf lemma="bil" pos="X">bil</wf>
         <wf lemma="proces" pos="X">proces</wf>
         <wf lemma="zelo" pos="X">zelo</wf>
         <wf lemma="dolgotrajen" pos="X">dolgotrajen</wf>
         <wf lemma="." pos="X">.</wf>
      </sentence>
      <sentence id="d000.s1050" source="wordnet-slovenian">
         <wf lemma="Morfologija" pos="X">Morfologija</wf>
         <wf lemma=":" pos="X">:</wf>
         <wf lemma="Ima" pos="X">Ima</wf>
         <wf lemma="dolgo" pos="X">dolgo</wf>
         <wf lemma="," pos="X">,</wf>
         <wf lemma="sploščeno" pos="X">sploščeno</wf>
         <wf lemma="in" pos="X">in</wf>
         <wf lemma="eliptično" pos="X">eliptično</wf>
         <wf lemma="oblikovano" pos="X">oblikovano</wf>
         <instance id="d000.s1050.t000" lemma="telo" pos="NOUN">telo</instance>
         <wf lemma="," pos="X">,</wf>
         <wf lemma="široko" pos="X">široko</wf>
         <wf lemma="za" pos="X">za</wf>
         <wf lemma="tretjino" pos="X">tretjino</wf>
         <wf lemma="do" pos="X">do</wf>
         <wf lemma="polovice" pos="X">polovice</wf>
         <wf lemma="telesne" pos="X">telesne</wf>
         <wf lemma="višine" pos="X">višine</wf>
         <wf lemma="." pos="X">.</wf>
      </sentence>
      <sentence id="d000.s1051" source="wordnet-slovenian">
         <wf lemma="Očitno" pos="X">Očitno</wf>
         <wf lemma="ji" pos="X">ji</wf>
         <wf lemma="je" pos="X">je</wf>
         <wf lemma="nekdo" pos="X">nekdo</wf>
         <wf lemma="na" pos="X">na</wf>
         <wf lemma="drugi" pos="X">drugi</wf>
         <instance id="d000.s1051.t000" lemma="stran" pos="NOUN">strani</instance>
         <wf lemma="razložil" pos="X">razložil</wf>
         <wf lemma="," pos="X">,</wf>
         <wf lemma="da" pos="X">da</wf>
         <wf lemma="je" pos="X">je</wf>
         <wf lemma="zavarovalnica" pos="X">zavarovalnica</wf>
         <wf lemma="predlog" pos="X">predlog</wf>
         <wf lemma="umaknila" pos="X">umaknila</wf>
         <wf lemma="." pos="X">.</wf>
      </sentence>
      <sentence id="d000.s1052" source="wordnet-slovenian">
         <wf lemma="(" pos="X">(</wf>
         <wf lemma="Delno" pos="X">Delno</wf>
         <wf lemma="povzeto" pos="X">povzeto</wf>
         <wf lemma="iz" pos="X">iz</wf>
         <wf lemma="avtorjeve" pos="X">avtorjeve</wf>
         <wf lemma="nove" pos="X">nove</wf>
         <instance id="d000.s1052.t000" lemma="knjiga" pos="NOUN">knjige</instance>
         <wf lemma="Imena" pos="X">Imena</wf>
         <wf lemma="nebesnih" pos="X">nebesnih</wf>
         <wf lemma="teles" pos="X">teles</wf>
         <wf lemma="." pos="X">.</wf>
      </sentence>
      <sentence id="d000.s1053" source="wordnet-slovenian">
         <wf lemma="Medtem" pos="X">Medtem</wf>
         <wf lemma="ko" pos="X">ko</wf>
         <wf lemma="je" pos="X">je</wf>
         <wf lemma="japonski" pos="X">japonski</wf>
         <wf lemma="premier" pos="X">premier</wf>
         <wf lemma="Džuničiro" pos="X">Džuničiro</wf>
         <wf lemma="Koizumi" pos="X">Koizumi</wf>
         <wf lemma="v" pos="X">v</wf>
         <wf lemma="svojem" pos="X">svojem</wf>
         <wf lemma="uradu" pos="X">uradu</wf>
         <wf lemma="v" pos="X">v</wf>
         <wf lemma="Tokiu" pos="X">Tokiu</wf>
         <wf lemma="nedavno" pos="X">nedavno</wf>
         <wf lemma="prisrčno" pos="X">prisrčno</wf>
         <wf lemma="gostil" pos="X">gostil</wf>
         <wf lemma="voditelje" pos="X">voditelje</wf>
         <wf lemma="desetih" pos="X">desetih</wf>
         <instance id="d000.s1053.t000" lemma="država" pos="NOUN">držav</instance>
         <wf lemma="Aseana" pos="X">Aseana</wf>
         <wf lemma="," pos="X">,</wf>
         <wf lemma="se" pos="X">se</wf>
         <wf lemma="je" pos="X">je</wf>
         <wf lemma="moral" pos="X">moral</wf>
         <wf lemma="zavedati" pos="X">zavedati</wf>
         <wf lemma="," pos="X">,</wf>
         <wf lemma="da" pos="X">da</wf>
         <wf lemma="vse" pos="X">vse</wf>
         <wf lemma="milijarde" pos="X">milijarde</wf>
         <wf lemma="dolarjev" pos="X">dolarjev</wf>
         <wf lemma="," pos="X">,</wf>
         <wf lemma="ki" pos="X">ki</wf>
         <wf lemma="jim" pos="X">jim</wf>
         <wf lemma="jih" pos="X">jih</wf>
         <wf lemma="je" pos="X">je</wf>
         <wf lemma="obljubil" pos="X">obljubil</wf>
         <wf lemma="za" pos="X">za</wf>
         <wf lemma="izobraževanje" pos="X">izobraževanje</wf>
         <wf lemma="strokovnjakov" pos="X">strokovnjakov</wf>
         <wf lemma="ali" pos="X">ali</wf>
         <wf lemma="razvoj" pos="X">razvoj</wf>
         <wf lemma="bazena" pos="X">bazena</wf>
         <wf lemma="reke" pos="X">reke</wf>
         <wf lemma="Mekong" pos="X">Mekong</wf>
         <wf lemma="," pos="X">,</wf>
         <wf lemma="ne" pos="X">ne</wf>
         <wf lemma="bodo" pos="X">bodo</wf>
         <wf lemma="dovolj" pos="X">dovolj</wf>
         <wf lemma="za" pos="X">za</wf>
         <wf lemma="vzpostavitev" pos="X">vzpostavitev</wf>
         <wf lemma="prijetnega" pos="X">prijetnega</wf>
         <wf lemma="družinskega" pos="X">družinskega</wf>
         <wf lemma="ozračja" pos="X">ozračja</wf>
         <wf lemma="." pos="X">.</wf>
      </sentence>
      <sentence id="d000.s1054" source="wordnet-slovenian">
         <wf lemma="ČE" pos="X">ČE</wf>
         <wf lemma="POGODBO" pos="X">POGODBO</wf>
         <wf lemma="O" pos="X">O</wf>
         <wf lemma="ZAPOSLITVI" pos="X">ZAPOSLITVI</wf>
         <wf lemma="ODPOVEDUJE" pos="X">ODPOVEDUJE</wf>
         <wf lemma="DELAVEC" pos="X">DELAVEC</wf>
         <wf lemma="," pos="X">,</wf>
         <wf lemma="JE" pos="X">JE</wf>
         <wf lemma="MINIMALNI" pos="X">MINIMALNI</wf>
         <wf lemma="ODPOVEDNI" pos="X">ODPOVEDNI</wf>
         <wf lemma="ROK" pos="X">ROK</wf>
         <wf lemma="30" pos="X">30</wf>
         <instance id="d000.s1054.t000" lemma="dan" pos="NOUN">DNI</instance>
         <wf lemma="." pos="X">.</wf>
      </sentence>
      <sentence id="d000.s1055" source="wordnet-slovenian">
         <wf lemma="Nočemo" pos="X">Nočemo</wf>
         <wf lemma="namreč" pos="X">namreč</wf>
         <wf lemma="," pos="X">,</wf>
         <wf lemma="da" pos="X">da</wf>
         <wf lemma="bi" pos="X">bi</wf>
         <wf lemma="vstop" pos="X">vstop</wf>
         <wf lemma="Poljske" pos="X">Poljske</wf>
         <wf lemma="v" pos="X">v</wf>
         <wf lemma="bruseljsko" pos="X">bruseljsko</wf>
         <wf lemma="skupnost" pos="X">skupnost</wf>
         <wf lemma="našemu" pos="X">našemu</wf>
         <wf lemma="podeželju" pos="X">podeželju</wf>
         <wf lemma="povzročil" pos="X">povzročil</wf>
         <wf lemma="nove" pos="X">nove</wf>
         <instance id="d000.s1055.t000" lemma="težava" pos="NOUN">težave</instance>
         <wf lemma="." pos="X">.</wf>
      </sentence>
      <sentence id="d000.s1056" source="wordnet-slovenian">
         <wf lemma="Ni" pos="X">Ni</wf>
         <wf lemma="razloga" pos="X">razloga</wf>
         <wf lemma="," pos="X">,</wf>
         <wf lemma="da" pos="X">da</wf>
         <wf lemma="bi" pos="X">bi</wf>
         <wf lemma="sodišče" pos="X">sodišče</wf>
         <wf lemma="nadaljevalo" pos="X">nadaljevalo</wf>
         <wf lemma="postopek" pos="X">postopek</wf>
         <wf lemma="," pos="X">,</wf>
         <wf lemma="za" pos="X">za</wf>
         <wf lemma="katerega" pos="X">katerega</wf>
         <wf lemma="nobena" pos="X">nobena</wf>
         <wf lemma="od" pos="X">od</wf>
         <instance id="d000.s1056.t000" lemma="stranka" pos="NOUN">strank</instance>
         <wf lemma="ne" pos="X">ne</wf>
         <wf lemma="izkaže" pos="X">izkaže</wf>
         <wf lemma="pravega" pos="X">pravega</wf>
         <wf lemma="interesa" pos="X">interesa</wf>
         <wf lemma="." pos="X">.</wf>
      </sentence>
      <sentence id="d000.s1057" source="wordnet-slovenian">
         <wf lemma="Podobno" pos="X">Podobno</wf>
         <wf lemma="se" pos="X">se</wf>
         <wf lemma="je" pos="X">je</wf>
         <wf lemma="istega" pos="X">istega</wf>
         <instance id="d000.s1057.t000" lemma="dan" pos="NOUN">dne</instance>
         <wf lemma="zgodilo" pos="X">zgodilo</wf>
         <wf lemma="tudi" pos="X">tudi</wf>
         <wf lemma="z" pos="X">z</wf>
         <wf lemma="39" pos="X">39</wf>
         <wf lemma="-" pos="X">-</wf>
         <wf lemma="letnim" pos="X">letnim</wf>
         <wf lemma="B." pos="X">B.</wf>
         <wf lemma="H." pos="X">H.</wf>
         <wf lemma="iz" pos="X">iz</wf>
         <wf lemma="Metlike" pos="X">Metlike</wf>
         <wf lemma="." pos="X">.</wf>
      </sentence>
      <sentence id="d000.s1058" source="wordnet-slovenian">
         <wf lemma="(" pos="X">(</wf>
         <wf lemma="»" pos="X">»</wf>
         <instance id="d000.s1058.t000" lemma="stvar" pos="NOUN">Stvar</instance>
         <wf lemma="je" pos="X">je</wf>
         <wf lemma="super" pos="X">super</wf>
         <wf lemma="." pos="X">.</wf>
      </sentence>
      <sentence id="d000.s1059" source="wordnet-slovenian">
         <wf lemma="Cilji" pos="X">Cilji</wf>
         <wf lemma="so" pos="X">so</wf>
         <wf lemma="nekoliko" pos="X">nekoliko</wf>
         <wf lemma="nižji" pos="X">nižji</wf>
         <wf lemma="," pos="X">,</wf>
         <wf lemma="kot" pos="X">kot</wf>
         <wf lemma="so" pos="X">so</wf>
         <wf lemma="bili" pos="X">bili</wf>
         <wf lemma="lani" pos="X">lani</wf>
         <wf lemma="," pos="X">,</wf>
         <wf lemma="kljub" pos="X">kljub</wf>
         <wf lemma="temu" pos="X">temu</wf>
         <wf lemma="pa" pos="X">pa</wf>
         <wf lemma="je" pos="X">je</wf>
         <wf lemma="direktor" pos="X">direktor</wf>
         <instance id="d000.s1059.t000" lemma="klub" pos="NOUN">kluba</instance>
         <wf lemma="Jože" pos="X">Jože</wf>
         <wf lemma="Krajnc" pos="X">Krajnc</wf>
         <wf lemma="optimist" pos="X">optimist</wf>
         <wf lemma=":" pos="X">:</wf>
         <wf lemma="»" pos="X">»</wf>
         <wf lemma="Še" pos="X">Še</wf>
         <wf lemma="vedno" pos="X">vedno</wf>
         <wf lemma="mi" pos="X">mi</wf>
         <wf lemma="je" pos="X">je</wf>
         <wf lemma="žal" pos="X">žal</wf>
         <wf lemma="," pos="X">,</wf>
         <wf lemma="da" pos="X">da</wf>
         <wf lemma="nismo" pos="X">nismo</wf>
         <wf lemma="uresničili" pos="X">uresničili</wf>
         <wf lemma="združitve" pos="X">združitve</wf>
         <wf lemma="z" pos="X">z</wf>
         <wf lemma="Rudarjem" pos="X">Rudarjem</wf>
         <wf lemma="," pos="X">,</wf>
         <wf lemma="ker" pos="X">ker</wf>
         <wf lemma="mislim" pos="X">mislim</wf>
         <wf lemma="," pos="X">,</wf>
         <wf lemma="da" pos="X">da</wf>
         <wf lemma="bi" pos="X">bi</wf>
         <wf lemma="lahko" pos="X">lahko</wf>
         <wf lemma="ustvarili" pos="X">ustvarili</wf>
         <wf lemma="zasedbo" pos="X">zasedbo</wf>
         <wf lemma="za" pos="X">za</wf>
         <wf lemma="Evropo" pos="X">Evropo</wf>
         <wf lemma="." pos="X">.</wf>
      </sentence>
      <sentence id="d000.s1060" source="wordnet-slovenian">
         <wf lemma="Ko" pos="X">Ko</wf>
         <wf lemma="potapljač" pos="X">potapljač</wf>
         <wf lemma="koralo" pos="X">koralo</wf>
         <wf lemma="odlomi" pos="X">odlomi</wf>
         <wf lemma="in" pos="X">in</wf>
         <wf lemma="prinese" pos="X">prinese</wf>
         <wf lemma="na" pos="X">na</wf>
         <wf lemma="kopno" pos="X">kopno</wf>
         <wf lemma="," pos="X">,</wf>
         <wf lemma="se" pos="X">se</wf>
         <wf lemma="bitjeca" pos="X">bitjeca</wf>
         <wf lemma="skrijejo" pos="X">skrijejo</wf>
         <wf lemma="v" pos="X">v</wf>
         <wf lemma="notranje" pos="X">notranje</wf>
         <wf lemma="kanale" pos="X">kanale</wf>
         <wf lemma="," pos="X">,</wf>
         <wf lemma="po" pos="X">po</wf>
         <wf lemma="katerih" pos="X">katerih</wf>
         <wf lemma="kroži" pos="X">kroži</wf>
         <wf lemma="voda" pos="X">voda</wf>
         <wf lemma="," pos="X">,</wf>
         <wf lemma="in" pos="X">in</wf>
         <instance id="d000.s1060.t000" lemma="človek" pos="NOUN">človek</instance>
         <wf lemma="vidi" pos="X">vidi</wf>
         <wf lemma="samo" pos="X">samo</wf>
         <wf lemma="rdeče" pos="X">rdeče</wf>
         <wf lemma="kamnito" pos="X">kamnito</wf>
         <wf lemma="drevesce" pos="X">drevesce</wf>
         <wf lemma="." pos="X">.</wf>
      </sentence>
      <sentence id="d000.s1061" source="wordnet-slovenian">
         <wf lemma="Pa" pos="X">Pa</wf>
         <wf lemma="tudi" pos="X">tudi</wf>
         <wf lemma="za" pos="X">za</wf>
         <wf lemma="to" pos="X">to</wf>
         <wf lemma="," pos="X">,</wf>
         <wf lemma="da" pos="X">da</wf>
         <wf lemma="so" pos="X">so</wf>
         <wf lemma="vrata" pos="X">vrata</wf>
         <wf lemma="televizije" pos="X">televizije</wf>
         <wf lemma="do" pos="X">do</wf>
         <wf lemma="zadnjega" pos="X">zadnjega</wf>
         <wf lemma="ostala" pos="X">ostala</wf>
         <wf lemma="trdno" pos="X">trdno</wf>
         <wf lemma="zaprta" pos="X">zaprta</wf>
         <wf lemma="za" pos="X">za</wf>
         <wf lemma="civilno" pos="X">civilno</wf>
         <wf lemma="-" pos="X">-</wf>
         <wf lemma="družbena" pos="X">družbena</wf>
         <wf lemma="gibanja" pos="X">gibanja</wf>
         <wf lemma="in" pos="X">in</wf>
         <wf lemma="za" pos="X">za</wf>
         <wf lemma="zametke" pos="X">zametke</wf>
         <wf lemma="novih" pos="X">novih</wf>
         <wf lemma="političnih" pos="X">političnih</wf>
         <instance id="d000.s1061.t000" lemma="stranka" pos="NOUN">strank</instance>
         <wf lemma="." pos="X">.</wf>
      </sentence>
      <sentence id="d000.s1062" source="wordnet-slovenian">
         <wf lemma="V" pos="X">V</wf>
         <wf lemma="osemdesetih" pos="X">osemdesetih</wf>
         <instance id="d000.s1062.t000" lemma="leto" pos="NOUN">letih</instance>
         <wf lemma="se" pos="X">se</wf>
         <wf lemma="je" pos="X">je</wf>
         <wf lemma="izseljevanje" pos="X">izseljevanje</wf>
         <wf lemma="z" pos="X">z</wf>
         <wf lemma="juga" pos="X">juga</wf>
         <wf lemma="oziroma" pos="X">oziroma</wf>
         <wf lemma="priseljevanje" pos="X">priseljevanje</wf>
         <wf lemma="na" pos="X">na</wf>
         <wf lemma="sever" pos="X">sever</wf>
         <wf lemma="malo" pos="X">malo</wf>
         <wf lemma="ustavilo" pos="X">ustavilo</wf>
         <wf lemma="(" pos="X">(</wf>
         <wf lemma="samo" pos="X">samo</wf>
         <wf lemma="27" pos="X">27</wf>
         <wf lemma="tisoč" pos="X">tisoč</wf>
         <wf lemma="na" pos="X">na</wf>
         <wf lemma="leto" pos="X">leto</wf>
         <wf lemma=")" pos="X">)</wf>
         <wf lemma="," pos="X">,</wf>
         <wf lemma="v" pos="X">v</wf>
         <wf lemma="devetdesetih" pos="X">devetdesetih</wf>
         <wf lemma="pa" pos="X">pa</wf>
         <wf lemma="spet" pos="X">spet</wf>
         <wf lemma="postopno" pos="X">postopno</wf>
         <wf lemma="dvigalo" pos="X">dvigalo</wf>
         <wf lemma="," pos="X">,</wf>
         <wf lemma="vendar" pos="X">vendar</wf>
         <wf lemma="nikoli" pos="X">nikoli</wf>
         <wf lemma="toliko" pos="X">toliko</wf>
         <wf lemma="kot" pos="X">kot</wf>
         <wf lemma="lani" pos="X">lani</wf>
         <wf lemma="." pos="X">.</wf>
      </sentence>
      <sentence id="d000.s1063" source="wordnet-slovenian">
         <wf lemma="V" pos="X">V</wf>
         <wf lemma="sodni" pos="X">sodni</wf>
         <wf lemma="dvorani" pos="X">dvorani</wf>
         <wf lemma="je" pos="X">je</wf>
         <wf lemma="dejal" pos="X">dejal</wf>
         <wf lemma="," pos="X">,</wf>
         <wf lemma="da" pos="X">da</wf>
         <wf lemma="nima" pos="X">nima</wf>
         <wf lemma="več" pos="X">več</wf>
         <wf lemma="vstopa" pos="X">vstopa</wf>
         <wf lemma="na" pos="X">na</wf>
         <wf lemma="njihov" pos="X">njihov</wf>
         <instance id="d000.s1063.t000" lemma="svet" pos="NOUN">svet</instance>
         <wf lemma="in" pos="X">in</wf>
         <wf lemma="naj" pos="X">naj</wf>
         <wf lemma="pusti" pos="X">pusti</wf>
         <wf lemma="otroka" pos="X">otroka</wf>
         <wf lemma="pri" pos="X">pri</wf>
         <wf lemma="miru" pos="X">miru</wf>
         <wf lemma="." pos="X">.</wf>
      </sentence>
      <sentence id="d000.s1064" source="wordnet-slovenian">
         <wf lemma="Protivirusni" pos="X">Protivirusni</wf>
         <wf lemma="proizvajalci" pos="X">proizvajalci</wf>
         <wf lemma="uvrščajo" pos="X">uvrščajo</wf>
         <wf lemma="Back" pos="X">Back</wf>
         <wf lemma="Orifice" pos="X">Orifice</wf>
         <wf lemma="v" pos="X">v</wf>
         <wf lemma="kategorijo" pos="X">kategorijo</wf>
         <wf lemma="trojanskih" pos="X">trojanskih</wf>
         <wf lemma="konjev" pos="X">konjev</wf>
         <wf lemma="," pos="X">,</wf>
         <instance id="d000.s1064.t000" lemma="program" pos="NOUN">program</instance>
         <wf lemma="pa" pos="X">pa</wf>
         <wf lemma="je" pos="X">je</wf>
         <wf lemma="podobno" pos="X">podobno</wf>
         <wf lemma="kot" pos="X">kot</wf>
         <wf lemma="Netbus" pos="X">Netbus</wf>
         <wf lemma="sestavljen" pos="X">sestavljen</wf>
         <wf lemma="iz" pos="X">iz</wf>
         <wf lemma="strežnika" pos="X">strežnika</wf>
         <wf lemma="in" pos="X">in</wf>
         <wf lemma="odjemalca" pos="X">odjemalca</wf>
         <wf lemma="," pos="X">,</wf>
         <wf lemma="ki" pos="X">ki</wf>
         <wf lemma="medsebojno" pos="X">medsebojno</wf>
         <wf lemma="komunicirata" pos="X">komunicirata</wf>
         <wf lemma="prek" pos="X">prek</wf>
         <wf lemma="protokola" pos="X">protokola</wf>
         <wf lemma="TCP" pos="X">TCP</wf>
         <wf lemma="/" pos="X">/</wf>
         <wf lemma="IP" pos="X">IP</wf>
         <wf lemma="(" pos="X">(</wf>
         <wf lemma="slika" pos="X">slika</wf>
         <wf lemma="5" pos="X">5</wf>
         <wf lemma=")" pos="X">)</wf>
         <wf lemma="." pos="X">.</wf>
      </sentence>
      <sentence id="d000.s1065" source="wordnet-slovenian">
         <instance id="d000.s1065.t000" lemma="zadeva" pos="NOUN">Zadeva</instance>
         <wf lemma="Jacka" pos="X">Jacka</wf>
         <wf lemma="Frosta" pos="X">Frosta</wf>
         <wf lemma="je" pos="X">je</wf>
         <wf lemma="zbudila" pos="X">zbudila</wf>
         <wf lemma="veliko" pos="X">veliko</wf>
         <wf lemma="hrupa" pos="X">hrupa</wf>
         <wf lemma="." pos="X">.</wf>
      </sentence>
      <sentence id="d000.s1066" source="wordnet-slovenian">
         <wf lemma="Da" pos="X">Da</wf>
         <wf lemma="bi" pos="X">bi</wf>
         <wf lemma="bilo" pos="X">bilo</wf>
         <wf lemma="cerkvi" pos="X">cerkvi</wf>
         <wf lemma="prizaneseno" pos="X">prizaneseno</wf>
         <wf lemma="in" pos="X">in</wf>
         <wf lemma="ne" pos="X">ne</wf>
         <wf lemma="zaradi" pos="X">zaradi</wf>
         <wf lemma="spoštovanja" pos="X">spoštovanja</wf>
         <wf lemma="," pos="X">,</wf>
         <wf lemma="izkazovanja" pos="X">izkazovanja</wf>
         <wf lemma="ponižnosti" pos="X">ponižnosti</wf>
         <wf lemma="s" pos="X">s</wf>
         <wf lemma="priklonom" pos="X">priklonom</wf>
         <wf lemma="pred" pos="X">pred</wf>
         <wf lemma="svetim" pos="X">svetim</wf>
         <instance id="d000.s1066.t000" lemma="kraj" pos="NOUN">krajem</instance>
         <wf lemma="…" pos="X">…</wf>
         <wf lemma="." pos="X">.</wf>
      </sentence>
      <sentence id="d000.s1067" source="wordnet-slovenian">
         <wf lemma="Velika" pos="X">Velika</wf>
         <wf lemma="priložnost" pos="X">priložnost</wf>
         <wf lemma="se" pos="X">se</wf>
         <wf lemma="je" pos="X">je</wf>
         <wf lemma="sicer" pos="X">sicer</wf>
         <wf lemma="ponudila" pos="X">ponudila</wf>
         <wf lemma="s" pos="X">s</wf>
         <wf lemma="pridobitvijo" pos="X">pridobitvijo</wf>
         <wf lemma="organizacije" pos="X">organizacije</wf>
         <wf lemma="šahovske" pos="X">šahovske</wf>
         <wf lemma="olimpijade" pos="X">olimpijade</wf>
         <instance id="d000.s1067.t000" lemma="leto" pos="NOUN">leta</instance>
         <wf lemma="2002" pos="X">2002</wf>
         <wf lemma="na" pos="X">na</wf>
         <wf lemma="Bledu" pos="X">Bledu</wf>
         <wf lemma="," pos="X">,</wf>
         <wf lemma="žal" pos="X">žal</wf>
         <wf lemma="pa" pos="X">pa</wf>
         <wf lemma="sem" pos="X">sem</wf>
         <wf lemma="zadržan" pos="X">zadržan</wf>
         <wf lemma="glede" pos="X">glede</wf>
         <wf lemma="njene" pos="X">njene</wf>
         <wf lemma="koristnosti" pos="X">koristnosti</wf>
         <wf lemma="." pos="X">.</wf>
      </sentence>
      <sentence id="d000.s1068" source="wordnet-slovenian">
         <wf lemma="Občutki" pos="X">Občutki</wf>
         <wf lemma="so" pos="X">so</wf>
         <wf lemma="nepozabni" pos="X">nepozabni</wf>
         <wf lemma="in" pos="X">in</wf>
         <wf lemma="se" pos="X">se</wf>
         <wf lemma="jih" pos="X">jih</wf>
         <wf lemma="še" pos="X">še</wf>
         <wf lemma="nekaj" pos="X">nekaj</wf>
         <instance id="d000.s1068.t000" lemma="dan" pos="NOUN">dni</instance>
         <wf lemma="po" pos="X">po</wf>
         <wf lemma="jahanju" pos="X">jahanju</wf>
         <wf lemma="rada" pos="X">rada</wf>
         <wf lemma="spominjam" pos="X">spominjam</wf>
         <wf lemma="." pos="X">.</wf>
      </sentence>
      <sentence id="d000.s1069" source="wordnet-slovenian">
         <wf lemma="Nova" pos="X">Nova</wf>
         <wf lemma="mora" pos="X">mora</wf>
         <wf lemma="biti" pos="X">biti</wf>
         <wf lemma="vsekakor" pos="X">vsekakor</wf>
         <wf lemma="boljša" pos="X">boljša</wf>
         <wf lemma="in" pos="X">in</wf>
         <wf lemma="verjamem" pos="X">verjamem</wf>
         <wf lemma="," pos="X">,</wf>
         <wf lemma="da" pos="X">da</wf>
         <wf lemma="bom" pos="X">bom</wf>
         <wf lemma="k" pos="X">k</wf>
         <wf lemma="temu" pos="X">temu</wf>
         <wf lemma="tudi" pos="X">tudi</wf>
         <wf lemma="sam" pos="X">sam</wf>
         <wf lemma="prispeval" pos="X">prispeval</wf>
         <wf lemma="pomembni" pos="X">pomembni</wf>
         <wf lemma="delež" pos="X">delež</wf>
         <wf lemma="," pos="X">,</wf>
         <wf lemma="”" pos="X">”</wf>
         <wf lemma="pravi" pos="X">pravi</wf>
         <wf lemma="Nastja" pos="X">Nastja</wf>
         <wf lemma="," pos="X">,</wf>
         <wf lemma="ki" pos="X">ki</wf>
         <wf lemma="se" pos="X">se</wf>
         <wf lemma="bo" pos="X">bo</wf>
         <wf lemma="novim" pos="X">novim</wf>
         <wf lemma="soigralcem" pos="X">soigralcem</wf>
         <wf lemma="pridružil" pos="X">pridružil</wf>
         <wf lemma="v" pos="X">v</wf>
         <wf lemma="ponedeljek" pos="X">ponedeljek</wf>
         <wf lemma="," pos="X">,</wf>
         <wf lemma="ko" pos="X">ko</wf>
         <wf lemma="bo" pos="X">bo</wf>
         <wf lemma="Austria" pos="X">Austria</wf>
         <wf lemma="pod" pos="X">pod</wf>
         <wf lemma="taktirko" pos="X">taktirko</wf>
         <wf lemma="trenerja" pos="X">trenerja</wf>
         <wf lemma="Frenkieja" pos="X">Frenkieja</wf>
         <wf lemma="Schinkelsa" pos="X">Schinkelsa</wf>
         <wf lemma="začela" pos="X">začela</wf>
         <wf lemma="priprave" pos="X">priprave</wf>
         <wf lemma="na" pos="X">na</wf>
         <wf lemma="novo" pos="X">novo</wf>
         <instance id="d000.s1069.t000" lemma="sezona" pos="NOUN">sezono</instance>
         <wf lemma="." pos="X">.</wf>
      </sentence>
      <sentence id="d000.s1070" source="wordnet-slovenian">
         <wf lemma="To" pos="X">To</wf>
         <wf lemma="se" pos="X">se</wf>
         <wf lemma="utegne" pos="X">utegne</wf>
         <wf lemma="končati" pos="X">končati</wf>
         <wf lemma="s" pos="X">s</wf>
         <wf lemma="tem" pos="X">tem</wf>
         <wf lemma="," pos="X">,</wf>
         <wf lemma="da" pos="X">da</wf>
         <wf lemma="boste" pos="X">boste</wf>
         <wf lemma="večer" pos="X">večer</wf>
         <wf lemma="preživljali" pos="X">preživljali</wf>
         <wf lemma="v" pos="X">v</wf>
         <wf lemma="samoti" pos="X">samoti</wf>
         <wf lemma="," pos="X">,</wf>
         <wf lemma="ona" pos="X">ona</wf>
         <wf lemma="pa" pos="X">pa</wf>
         <wf lemma="si" pos="X">si</wf>
         <wf lemma="bo" pos="X">bo</wf>
         <wf lemma="morda" pos="X">morda</wf>
         <wf lemma="iskal" pos="X">iskal</wf>
         <wf lemma="utehe" pos="X">utehe</wf>
         <wf lemma="drugje" pos="X">drugje</wf>
         <wf lemma="-" pos="X">-</wf>
         <wf lemma="ne" pos="X">ne</wf>
         <wf lemma="vselej" pos="X">vselej</wf>
         <wf lemma="v" pos="X">v</wf>
         <wf lemma="moški" pos="X">moški</wf>
         <instance id="d000.s1070.t000" lemma="družba" pos="NOUN">družbi</instance>
         <wf lemma="." pos="X">.</wf>
      </sentence>
      <sentence id="d000.s1071" source="wordnet-slovenian">
         <wf lemma="Najbolj" pos="X">Najbolj</wf>
         <wf lemma="priljubljen" pos="X">priljubljen</wf>
         <wf lemma="zimski" pos="X">zimski</wf>
         <wf lemma="svetnik" pos="X">svetnik</wf>
         <wf lemma="je" pos="X">je</wf>
         <wf lemma="Miklavž" pos="X">Miklavž</wf>
         <wf lemma="," pos="X">,</wf>
         <wf lemma="še" pos="X">še</wf>
         <wf lemma="posebej" pos="X">posebej</wf>
         <wf lemma="pri" pos="X">pri</wf>
         <instance id="d000.s1071.t000" lemma="otrok" pos="NOUN">otrocih</instance>
         <wf lemma="," pos="X">,</wf>
         <wf lemma="saj" pos="X">saj</wf>
         <wf lemma="jih" pos="X">jih</wf>
         <wf lemma="obdaruje" pos="X">obdaruje</wf>
         <wf lemma="," pos="X">,</wf>
         <wf lemma="za" pos="X">za</wf>
         <wf lemma="pridnost" pos="X">pridnost</wf>
         <wf lemma="nagrajuje" pos="X">nagrajuje</wf>
         <wf lemma="," pos="X">,</wf>
         <wf lemma="poredne" pos="X">poredne</wf>
         <wf lemma="in" pos="X">in</wf>
         <wf lemma="nemarne" pos="X">nemarne</wf>
         <wf lemma="pa" pos="X">pa</wf>
         <wf lemma="prepusti" pos="X">prepusti</wf>
         <wf lemma="kaznim" pos="X">kaznim</wf>
         <wf lemma="spremljevalcev" pos="X">spremljevalcev</wf>
         <wf lemma="," pos="X">,</wf>
         <wf lemma="parkeljnov" pos="X">parkeljnov</wf>
         <wf lemma="." pos="X">.</wf>
      </sentence>
      <sentence id="d000.s1072" source="wordnet-slovenian">
         <wf lemma="In" pos="X">In</wf>
         <wf lemma="Resnica" pos="X">Resnica</wf>
         <wf lemma="," pos="X">,</wf>
         <wf lemma="ki" pos="X">ki</wf>
         <wf lemma="so" pos="X">so</wf>
         <wf lemma="jo" pos="X">jo</wf>
         <instance id="d000.s1072.t000" lemma="človek" pos="NOUN">ljudje</instance>
         <wf lemma="začeli" pos="X">začeli</wf>
         <wf lemma="kupovati" pos="X">kupovati</wf>
         <wf lemma="," pos="X">,</wf>
         <wf lemma="ne" pos="X">ne</wf>
         <wf lemma="od" pos="X">od</wf>
         <wf lemma="prodajalcev" pos="X">prodajalcev</wf>
         <wf lemma="časopisov" pos="X">časopisov</wf>
         <wf lemma="," pos="X">,</wf>
         <wf lemma="temveč" pos="X">temveč</wf>
         <wf lemma="čez" pos="X">čez</wf>
         <wf lemma="vrtno" pos="X">vrtno</wf>
         <wf lemma="ograjo" pos="X">ograjo</wf>
         <wf lemma="," pos="X">,</wf>
         <wf lemma="je" pos="X">je</wf>
         <wf lemma="prinesla" pos="X">prinesla</wf>
         <wf lemma="popolno" pos="X">popolno</wf>
         <wf lemma="poročilo" pos="X">poročilo</wf>
         <wf lemma="s" pos="X">s</wf>
         <wf lemma="fotografijami" pos="X">fotografijami</wf>
         <wf lemma="." pos="X">.</wf>
      </sentence>
      <sentence id="d000.s1073" source="wordnet-slovenian">
         <wf lemma="TEHNIK" pos="X">TEHNIK</wf>
         <wf lemma="-" pos="X">-</wf>
         <wf lemma="EKONOMSKI" pos="X">EKONOMSKI</wf>
         <wf lemma="(" pos="X">(</wf>
         <wf lemma="splošni" pos="X">splošni</wf>
         <wf lemma=")" pos="X">)</wf>
         <wf lemma=";" pos="X">;</wf>
         <wf lemma="Ž" pos="X">Ž</wf>
         <wf lemma=";" pos="X">;</wf>
         <wf lemma="mariborska" pos="X">mariborska</wf>
         <wf lemma=";" pos="X">;</wf>
         <wf lemma=";" pos="X">;</wf>
         <wf lemma="MARIBOR" pos="X">MARIBOR</wf>
         <wf lemma=";" pos="X">;</wf>
         <wf lemma="1987" pos="X">1987</wf>
         <wf lemma=";" pos="X">;</wf>
         <wf lemma="Agencija" pos="X">Agencija</wf>
         <wf lemma="RS" pos="X">RS</wf>
         <wf lemma="za" pos="X">za</wf>
         <wf lemma="plačilni" pos="X">plačilni</wf>
         <wf lemma="promet" pos="X">promet</wf>
         <wf lemma=";" pos="X">;</wf>
         <wf lemma=";" pos="X">;</wf>
         <wf lemma="računovodstvo" pos="X">računovodstvo</wf>
         <wf lemma="," pos="X">,</wf>
         <wf lemma="plačilni" pos="X">plačilni</wf>
         <wf lemma="promet" pos="X">promet</wf>
         <wf lemma="," pos="X">,</wf>
         <wf lemma="sposobnost" pos="X">sposobnost</wf>
         <wf lemma="vodenja" pos="X">vodenja</wf>
         <wf lemma="in" pos="X">in</wf>
         <wf lemma="javnega" pos="X">javnega</wf>
         <wf lemma="nastopanja" pos="X">nastopanja</wf>
         <wf lemma="," pos="X">,</wf>
         <instance id="d000.s1073.t000" lemma="delo" pos="NOUN">delo</instance>
         <wf lemma="z" pos="X">z</wf>
         <wf lemma="ljudmi" pos="X">ljudmi</wf>
         <wf lemma="," pos="X">,</wf>
         <wf lemma="terensko" pos="X">terensko</wf>
         <wf lemma="delo" pos="X">delo</wf>
         <wf lemma="," pos="X">,</wf>
         <wf lemma="poznavanje" pos="X">poznavanje</wf>
         <wf lemma="dela" pos="X">dela</wf>
         <wf lemma="na" pos="X">na</wf>
         <wf lemma="računalniku" pos="X">računalniku</wf>
         <wf lemma=";" pos="X">;</wf>
         <wf lemma=";" pos="X">;</wf>
         <wf lemma="banka" pos="X">banka</wf>
         <wf lemma="," pos="X">,</wf>
         <wf lemma="pisarniško" pos="X">pisarniško</wf>
         <wf lemma="delo" pos="X">delo</wf>
         <wf lemma="kjerkoli" pos="X">kjerkoli</wf>
         <wf lemma=";" pos="X">;</wf>
         <wf lemma=";" pos="X">;</wf>
         <wf lemma="programirano" pos="X">programirano</wf>
         <wf lemma="," pos="X">,</wf>
         <wf lemma="kreativno" pos="X">kreativno</wf>
         <wf lemma=";" pos="X">;</wf>
         <wf lemma="administrativno" pos="X">administrativno</wf>
         <wf lemma="," pos="X">,</wf>
         <wf lemma="strokovno" pos="X">strokovno</wf>
         <wf lemma=";" pos="X">;</wf>
         <wf lemma="neposredni" pos="X">neposredni</wf>
         <wf lemma="izvajalec" pos="X">izvajalec</wf>
         <wf lemma="," pos="X">,</wf>
         <wf lemma="nižji" pos="X">nižji</wf>
         <wf lemma="vodja" pos="X">vodja</wf>
         <wf lemma="," pos="X">,</wf>
         <wf lemma="srednji" pos="X">srednji</wf>
         <wf lemma="vodja" pos="X">vodja</wf>
         <wf lemma=";" pos="X">;</wf>
         <wf lemma="31292" pos="X">31292</wf>
         <wf lemma="." pos="X">.</wf>
      </sentence>
      <sentence id="d000.s1074" source="wordnet-slovenian">
         <wf lemma="O" pos="X">O</wf>
         <wf lemma="podvrženosti" pos="X">podvrženosti</wf>
         <wf lemma="prava" pos="X">prava</wf>
         <wf lemma="potrebam" pos="X">potrebam</wf>
         <wf lemma="dnevne" pos="X">dnevne</wf>
         <wf lemma="notranje" pos="X">notranje</wf>
         <wf lemma="politike" pos="X">politike</wf>
         <wf lemma="po" pos="X">po</wf>
         <wf lemma="Golobičevih" pos="X">Golobičevih</wf>
         <instance id="d000.s1074.t000" lemma="beseda" pos="NOUN">besedah</instance>
         <wf lemma="priča" pos="X">priča</wf>
         <wf lemma="ne" pos="X">ne</wf>
         <wf lemma="le" pos="X">le</wf>
         <wf lemma="ta" pos="X">ta</wf>
         <wf lemma="tožba" pos="X">tožba</wf>
         <wf lemma="," pos="X">,</wf>
         <wf lemma="marveč" pos="X">marveč</wf>
         <wf lemma="tudi" pos="X">tudi</wf>
         <wf lemma="pismo" pos="X">pismo</wf>
         <wf lemma="Petra" pos="X">Petra</wf>
         <wf lemma="Jambreka" pos="X">Jambreka</wf>
         <wf lemma="o" pos="X">o</wf>
         <wf lemma="tem" pos="X">tem</wf>
         <wf lemma="," pos="X">,</wf>
         <wf lemma="da" pos="X">da</wf>
         <wf lemma="bi" pos="X">bi</wf>
         <wf lemma="moral" pos="X">moral</wf>
         <wf lemma="Drnovšek" pos="X">Drnovšek</wf>
         <wf lemma="predati" pos="X">predati</wf>
         <wf lemma="vladne" pos="X">vladne</wf>
         <wf lemma="posle" pos="X">posle</wf>
         <wf lemma="Bajuku" pos="X">Bajuku</wf>
         <wf lemma="." pos="X">.</wf>
      </sentence>
      <sentence id="d000.s1075" source="wordnet-slovenian">
         <wf lemma="KOT" pos="X">KOT</wf>
         <wf lemma="DELO" pos="X">DELO</wf>
         <wf lemma="NA" pos="X">NA</wf>
         <wf lemma="DOMU" pos="X">DOMU</wf>
         <wf lemma="SE" pos="X">SE</wf>
         <wf lemma="ŠTEJE" pos="X">ŠTEJE</wf>
         <wf lemma="OPRAVLJANJE" pos="X">OPRAVLJANJE</wf>
         <wf lemma="DELA" pos="X">DELA</wf>
         <wf lemma="NA" pos="X">NA</wf>
         <wf lemma="DOMU" pos="X">DOMU</wf>
         <wf lemma="DELAVCA" pos="X">DELAVCA</wf>
         <wf lemma="ALI" pos="X">ALI</wf>
         <wf lemma="V" pos="X">V</wf>
         <instance id="d000.s1075.t000" lemma="prostor" pos="NOUN">PROSTORIH</instance>
         <wf lemma="PO" pos="X">PO</wf>
         <wf lemma="NJEGOVI" pos="X">NJEGOVI</wf>
         <wf lemma="IZBIRI" pos="X">IZBIRI</wf>
         <wf lemma="," pos="X">,</wf>
         <wf lemma="VENDAR" pos="X">VENDAR</wf>
         <wf lemma="ZUNAJ" pos="X">ZUNAJ</wf>
         <wf lemma="DELOVNIH" pos="X">DELOVNIH</wf>
         <wf lemma="PROSTOROV" pos="X">PROSTOROV</wf>
         <wf lemma="DELODAJALCA" pos="X">DELODAJALCA</wf>
         <wf lemma="." pos="X">.</wf>
      </sentence>
      <sentence id="d000.s1076" source="wordnet-slovenian">
         <wf lemma="To" pos="X">To</wf>
         <wf lemma="večno" pos="X">večno</wf>
         <wf lemma="razkaz'vanje" pos="X">razkaz'vanje</wf>
         <instance id="d000.s1076.t000" lemma="stvar" pos="NOUN">stvari</instance>
         <wf lemma="!" pos="X">!</wf>
      </sentence>
      <sentence id="d000.s1077" source="wordnet-slovenian">
         <wf lemma="Marijan" pos="X">Marijan</wf>
         <wf lemma="Schiffrer" pos="X">Schiffrer</wf>
         <wf lemma="," pos="X">,</wf>
         <wf lemma="poslanec" pos="X">poslanec</wf>
         <wf lemma="SKD" pos="X">SKD</wf>
         <wf lemma="in" pos="X">in</wf>
         <wf lemma="predsednik" pos="X">predsednik</wf>
         <wf lemma="parlamentarne" pos="X">parlamentarne</wf>
         <wf lemma="komisije" pos="X">komisije</wf>
         <wf lemma="za" pos="X">za</wf>
         <wf lemma="odnose" pos="X">odnose</wf>
         <wf lemma="s" pos="X">s</wf>
         <wf lemma="Slovenci" pos="X">Slovenci</wf>
         <wf lemma="v" pos="X">v</wf>
         <wf lemma="zamejstvu" pos="X">zamejstvu</wf>
         <wf lemma="in" pos="X">in</wf>
         <wf lemma="po" pos="X">po</wf>
         <instance id="d000.s1077.t000" lemma="svet" pos="NOUN">svetu</instance>
         <wf lemma="," pos="X">,</wf>
         <wf lemma="v" pos="X">v</wf>
         <wf lemma="časniku" pos="X">časniku</wf>
         <wf lemma="Parlamentarec" pos="X">Parlamentarec</wf>
         <wf lemma="o" pos="X">o</wf>
         <wf lemma="tem" pos="X">tem</wf>
         <wf lemma="," pos="X">,</wf>
         <wf lemma="kaj" pos="X">kaj</wf>
         <wf lemma="naj" pos="X">naj</wf>
         <wf lemma="bi" pos="X">bi</wf>
         <wf lemma="država" pos="X">država</wf>
         <wf lemma="ponudila" pos="X">ponudila</wf>
         <wf lemma="oziroma" pos="X">oziroma</wf>
         <wf lemma="dobila" pos="X">dobila</wf>
         <wf lemma="od" pos="X">od</wf>
         <wf lemma="zamejcev" pos="X">zamejcev</wf>
         <wf lemma="in" pos="X">in</wf>
         <wf lemma="Slovencev" pos="X">Slovencev</wf>
         <wf lemma="po" pos="X">po</wf>
         <wf lemma="svetu" pos="X">svetu</wf>
         <wf lemma=":" pos="X">:</wf>
         <wf lemma="&quot;" pos="X">&quot;</wf>
         <wf lemma="Zamejci" pos="X">Zamejci</wf>
         <wf lemma="bodo" pos="X">bodo</wf>
         <wf lemma="naš" pos="X">naš</wf>
         <wf lemma="ključni" pos="X">ključni</wf>
         <wf lemma="člen" pos="X">člen</wf>
         <wf lemma="," pos="X">,</wf>
         <wf lemma="če" pos="X">če</wf>
         <wf lemma="in" pos="X">in</wf>
         <wf lemma="ko" pos="X">ko</wf>
         <wf lemma="vstopimo" pos="X">vstopimo</wf>
         <wf lemma="v" pos="X">v</wf>
         <wf lemma="EU" pos="X">EU</wf>
         <wf lemma="." pos="X">.</wf>
      </sentence>
      <sentence id="d000.s1078" source="wordnet-slovenian">
         <wf lemma="Z" pos="X">Z</wf>
         <instance id="d000.s1078.t000" lemma="zakon" pos="NOUN">zakonom</instance>
         <wf lemma="naj" pos="X">naj</wf>
         <wf lemma="bi" pos="X">bi</wf>
         <wf lemma="ustanovili" pos="X">ustanovili</wf>
         <wf lemma="takšno" pos="X">takšno</wf>
         <wf lemma="neodvisno" pos="X">neodvisno</wf>
         <wf lemma="institucijo" pos="X">institucijo</wf>
         <wf lemma="," pos="X">,</wf>
         <wf lemma="ki" pos="X">ki</wf>
         <wf lemma="bo" pos="X">bo</wf>
         <wf lemma="dajala" pos="X">dajala</wf>
         <wf lemma="mnenja" pos="X">mnenja</wf>
         <wf lemma="in" pos="X">in</wf>
         <wf lemma="obravnavala" pos="X">obravnavala</wf>
         <wf lemma="pritožbe" pos="X">pritožbe</wf>
         <wf lemma="." pos="X">.</wf>
      </sentence>
      <sentence id="d000.s1079" source="wordnet-slovenian">
         <wf lemma="Moje" pos="X">Moje</wf>
         <instance id="d000.s1079.t000" lemma="življenje" pos="NOUN">življenje</instance>
         <wf lemma="ima" pos="X">ima</wf>
         <wf lemma="tako" pos="X">tako</wf>
         <wf lemma="malo" pos="X">malo</wf>
         <wf lemma="ugank" pos="X">ugank</wf>
         <wf lemma="in" pos="X">in</wf>
         <wf lemma="nerazumljivosti" pos="X">nerazumljivosti</wf>
         <wf lemma="," pos="X">,</wf>
         <wf lemma="da" pos="X">da</wf>
         <wf lemma="mi" pos="X">mi</wf>
         <wf lemma="je" pos="X">je</wf>
         <wf lemma="skoraj" pos="X">skoraj</wf>
         <wf lemma="nerodno" pos="X">nerodno</wf>
         <wf lemma="." pos="X">.</wf>
      </sentence>
      <sentence id="d000.s1080" source="wordnet-slovenian">
         <wf lemma="Da" pos="X">Da</wf>
         <wf lemma="bi" pos="X">bi</wf>
         <wf lemma="stranke" pos="X">stranke</wf>
         <wf lemma="prepričali" pos="X">prepričali</wf>
         <wf lemma="," pos="X">,</wf>
         <wf lemma="da" pos="X">da</wf>
         <wf lemma="je" pos="X">je</wf>
         <wf lemma="res" pos="X">res</wf>
         <wf lemma="tako" pos="X">tako</wf>
         <wf lemma="," pos="X">,</wf>
         <wf lemma="ponujajo" pos="X">ponujajo</wf>
         <wf lemma="možnost" pos="X">možnost</wf>
         <wf lemma="tako" pos="X">tako</wf>
         <wf lemma="imenovanega" pos="X">imenovanega</wf>
         <wf lemma="POC" pos="X">POC</wf>
         <wf lemma="(" pos="X">(</wf>
         <wf lemma="proof" pos="X">proof</wf>
         <wf lemma="of" pos="X">of</wf>
         <wf lemma="concept" pos="X">concept</wf>
         <wf lemma=")" pos="X">)</wf>
         <wf lemma="," pos="X">,</wf>
         <wf lemma="ki" pos="X">ki</wf>
         <wf lemma="je" pos="X">je</wf>
         <wf lemma="nekakšna" pos="X">nekakšna</wf>
         <wf lemma="predintegracija" pos="X">predintegracija</wf>
         <instance id="d000.s1080.t000" lemma="sistem" pos="NOUN">sistema</instance>
         <wf lemma="," pos="X">,</wf>
         <wf lemma="ki" pos="X">ki</wf>
         <wf lemma="uporabniku" pos="X">uporabniku</wf>
         <wf lemma="pokaže" pos="X">pokaže</wf>
         <wf lemma="," pos="X">,</wf>
         <wf lemma="da" pos="X">da</wf>
         <wf lemma="rešitev" pos="X">rešitev</wf>
         <wf lemma="res" pos="X">res</wf>
         <wf lemma="deluje" pos="X">deluje</wf>
         <wf lemma="." pos="X">.</wf>
      </sentence>
      <sentence id="d000.s1081" source="wordnet-slovenian">
         <wf lemma="Neki" pos="X">Neki</wf>
         <wf lemma="vitez" pos="X">vitez</wf>
         <wf lemma="je" pos="X">je</wf>
         <wf lemma="zanikal" pos="X">zanikal</wf>
         <wf lemma="obtožbe" pos="X">obtožbe</wf>
         <wf lemma="sodomije" pos="X">sodomije</wf>
         <wf lemma="med" pos="X">med</wf>
         <wf lemma="templjarji" pos="X">templjarji</wf>
         <wf lemma="," pos="X">,</wf>
         <wf lemma="&quot;" pos="X">&quot;</wf>
         <wf lemma="ker" pos="X">ker</wf>
         <wf lemma="so" pos="X">so</wf>
         <wf lemma="lahko" pos="X">lahko</wf>
         <wf lemma="dobili" pos="X">dobili</wf>
         <wf lemma="vsako" pos="X">vsako</wf>
         <wf lemma="čedno" pos="X">čedno</wf>
         <wf lemma="in" pos="X">in</wf>
         <wf lemma="elegantno" pos="X">elegantno</wf>
         <instance id="d000.s1081.t000" lemma="ženska" pos="NOUN">žensko</instance>
         <wf lemma="," pos="X">,</wf>
         <wf lemma="ki" pos="X">ki</wf>
         <wf lemma="jim" pos="X">jim</wf>
         <wf lemma="je" pos="X">je</wf>
         <wf lemma="bila" pos="X">bila</wf>
         <wf lemma="všeč" pos="X">všeč</wf>
         <wf lemma="," pos="X">,</wf>
         <wf lemma="in" pos="X">in</wf>
         <wf lemma="vzeli" pos="X">vzeli</wf>
         <wf lemma="so" pos="X">so</wf>
         <wf lemma="si" pos="X">si</wf>
         <wf lemma="jih" pos="X">jih</wf>
         <wf lemma="pogosto" pos="X">pogosto</wf>
         <wf lemma="," pos="X">,</wf>
         <wf lemma="ko" pos="X">ko</wf>
         <wf lemma="so" pos="X">so</wf>
         <wf lemma="bili" pos="X">bili</wf>
         <wf lemma="bogati" pos="X">bogati</wf>
         <wf lemma="in" pos="X">in</wf>
         <wf lemma="dovolj" pos="X">dovolj</wf>
         <wf lemma="močni" pos="X">močni</wf>
         <wf lemma="," pos="X">,</wf>
         <wf lemma="da" pos="X">da</wf>
         <wf lemma="so" pos="X">so</wf>
         <wf lemma="si" pos="X">si</wf>
         <wf lemma="to" pos="X">to</wf>
         <wf lemma="lahko" pos="X">lahko</wf>
         <wf lemma="privoščili" pos="X">privoščili</wf>
         <wf lemma="&quot;" pos="X">&quot;</wf>
         <wf lemma="." pos="X">.</wf>
      </sentence>
      <sentence id="d000.s1082" source="wordnet-slovenian">
         <wf lemma="Ker" pos="X">Ker</wf>
         <wf lemma="je" pos="X">je</wf>
         <wf lemma="stara" pos="X">stara</wf>
         <wf lemma="le" pos="X">le</wf>
         <wf lemma="osemnajst" pos="X">osemnajst</wf>
         <instance id="d000.s1082.t000" lemma="leto" pos="NOUN">let</instance>
         <wf lemma="," pos="X">,</wf>
         <wf lemma="ji" pos="X">ji</wf>
         <wf lemma="natakarji" pos="X">natakarji</wf>
         <wf lemma="nočejo" pos="X">nočejo</wf>
         <wf lemma="postreči" pos="X">postreči</wf>
         <wf lemma="z" pos="X">z</wf>
         <wf lemma="alkoholom" pos="X">alkoholom</wf>
         <wf lemma="," pos="X">,</wf>
         <wf lemma="in" pos="X">in</wf>
         <wf lemma="takrat" pos="X">takrat</wf>
         <wf lemma="postane" pos="X">postane</wf>
         <wf lemma="zares" pos="X">zares</wf>
         <wf lemma="besna" pos="X">besna</wf>
         <wf lemma="." pos="X">.</wf>
      </sentence>
      <sentence id="d000.s1083" source="wordnet-slovenian">
         <wf lemma="Inženir" pos="X">Inženir</wf>
         <wf lemma="Kikelj" pos="X">Kikelj</wf>
         <wf lemma="," pos="X">,</wf>
         <wf lemma="asistent" pos="X">asistent</wf>
         <wf lemma="na" pos="X">na</wf>
         <wf lemma="letalskem" pos="X">letalskem</wf>
         <wf lemma="oddelku" pos="X">oddelku</wf>
         <wf lemma="Strojne" pos="X">Strojne</wf>
         <wf lemma="fakultete" pos="X">fakultete</wf>
         <wf lemma="," pos="X">,</wf>
         <wf lemma="je" pos="X">je</wf>
         <wf lemma="prispeval" pos="X">prispeval</wf>
         <wf lemma="ključne" pos="X">ključne</wf>
         <wf lemma="aerodinamične" pos="X">aerodinamične</wf>
         <wf lemma="in" pos="X">in</wf>
         <wf lemma="trdnostne" pos="X">trdnostne</wf>
         <wf lemma="izračune" pos="X">izračune</wf>
         <wf lemma="," pos="X">,</wf>
         <wf lemma="zmanjševanje" pos="X">zmanjševanje</wf>
         <wf lemma="teže" pos="X">teže</wf>
         <wf lemma="letala" pos="X">letala</wf>
         <wf lemma="do" pos="X">do</wf>
         <wf lemma="najnižje" pos="X">najnižje</wf>
         <wf lemma="možne" pos="X">možne</wf>
         <wf lemma="točke" pos="X">točke</wf>
         <wf lemma="pa" pos="X">pa</wf>
         <wf lemma="je" pos="X">je</wf>
         <wf lemma="delo" pos="X">delo</wf>
         <wf lemma="Saša" pos="X">Saša</wf>
         <wf lemma="Kolarja" pos="X">Kolarja</wf>
         <wf lemma="," pos="X">,</wf>
         <wf lemma="medtem" pos="X">medtem</wf>
         <wf lemma="ko" pos="X">ko</wf>
         <wf lemma="je" pos="X">je</wf>
         <wf lemma="Celjan" pos="X">Celjan</wf>
         <wf lemma="Črt" pos="X">Črt</wf>
         <wf lemma="Rojnik" pos="X">Rojnik</wf>
         <wf lemma="v" pos="X">v</wf>
         <wf lemma="svojem" pos="X">svojem</wf>
         <wf lemma="svetovno" pos="X">svetovno</wf>
         <wf lemma="uveljavljenem" pos="X">uveljavljenem</wf>
         <instance id="d000.s1083.t000" lemma="podjetje" pos="NOUN">podjetju</instance>
         <wf lemma="letalskih" pos="X">letalskih</wf>
         <wf lemma="instrumentov" pos="X">instrumentov</wf>
         <wf lemma="in" pos="X">in</wf>
         <wf lemma="letalske" pos="X">letalske</wf>
         <wf lemma="opreme" pos="X">opreme</wf>
         <wf lemma="LX" pos="X">LX</wf>
         <wf lemma="Navigation" pos="X">Navigation</wf>
         <wf lemma="izdelal" pos="X">izdelal</wf>
         <wf lemma="instrumente" pos="X">instrumente</wf>
         <wf lemma="zanj" pos="X">zanj</wf>
         <wf lemma="." pos="X">.</wf>
      </sentence>
      <sentence id="d000.s1084" source="wordnet-slovenian">
         <wf lemma="ZAGREB" pos="X">ZAGREB</wf>
         <wf lemma="Na" pos="X">Na</wf>
         <wf lemma="zagrebškem" pos="X">zagrebškem</wf>
         <wf lemma="Trgu" pos="X">Trgu</wf>
         <wf lemma="hrvaških" pos="X">hrvaških</wf>
         <wf lemma="velikanov" pos="X">velikanov</wf>
         <wf lemma="sinočnje" pos="X">sinočnje</wf>
         <wf lemma="srečanje" pos="X">srečanje</wf>
         <wf lemma="protifašistov" pos="X">protifašistov</wf>
         <wf lemma="ob" pos="X">ob</wf>
         <instance id="d000.s1084.t000" lemma="dan" pos="NOUN">dnevu</instance>
         <wf lemma="zmage" pos="X">zmage</wf>
         <wf lemma="ni" pos="X">ni</wf>
         <wf lemma="minilo" pos="X">minilo</wf>
         <wf lemma="povsem" pos="X">povsem</wf>
         <wf lemma="mirno" pos="X">mirno</wf>
         <wf lemma="." pos="X">.</wf>
      </sentence>
      <sentence id="d000.s1085" source="wordnet-slovenian">
         <wf lemma="O" pos="X">O</wf>
         <wf lemma="tem" pos="X">tem</wf>
         <wf lemma="navsezadnje" pos="X">navsezadnje</wf>
         <wf lemma="zgovorno" pos="X">zgovorno</wf>
         <wf lemma="priča" pos="X">priča</wf>
         <wf lemma="v" pos="X">v</wf>
         <wf lemma="dobrega" pos="X">dobrega</wf>
         <wf lemma="pol" pos="X">pol</wf>
         <wf lemma="stoletja" pos="X">stoletja</wf>
         <wf lemma="porabljen" pos="X">porabljen</wf>
         <wf lemma="bilijon" pos="X">bilijon</wf>
         <wf lemma="dolarjev" pos="X">dolarjev</wf>
         <wf lemma="," pos="X">,</wf>
         <wf lemma="ki" pos="X">ki</wf>
         <wf lemma="revščine" pos="X">revščine</wf>
         <wf lemma="ne" pos="X">ne</wf>
         <wf lemma="le" pos="X">le</wf>
         <wf lemma="niso" pos="X">niso</wf>
         <wf lemma="omilili" pos="X">omilili</wf>
         <wf lemma="," pos="X">,</wf>
         <wf lemma="ampak" pos="X">ampak</wf>
         <wf lemma="so" pos="X">so</wf>
         <wf lemma="jo" pos="X">jo</wf>
         <wf lemma="ponekod" pos="X">ponekod</wf>
         <wf lemma="še" pos="X">še</wf>
         <wf lemma="poglobili" pos="X">poglobili</wf>
         <wf lemma="," pos="X">,</wf>
         <wf lemma="ker" pos="X">ker</wf>
         <wf lemma="so" pos="X">so</wf>
         <wf lemma="imele" pos="X">imele</wf>
         <wf lemma="od" pos="X">od</wf>
         <wf lemma="porabljenega" pos="X">porabljenega</wf>
         <wf lemma="denarja" pos="X">denarja</wf>
         <wf lemma="večidel" pos="X">večidel</wf>
         <wf lemma="koristi" pos="X">koristi</wf>
         <wf lemma="skorumpirane" pos="X">skorumpirane</wf>
         <wf lemma="in" pos="X">in</wf>
         <wf lemma="nesposobne" pos="X">nesposobne</wf>
         <wf lemma="gospodarsko" pos="X">gospodarsko</wf>
         <wf lemma="-" pos="X">-</wf>
         <wf lemma="politične" pos="X">politične</wf>
         <wf lemma="kaste" pos="X">kaste</wf>
         <wf lemma="v" pos="X">v</wf>
         <wf lemma="slabo" pos="X">slabo</wf>
         <wf lemma="upravljanih" pos="X">upravljanih</wf>
         <wf lemma="in" pos="X">in</wf>
         <wf lemma="vodenih" pos="X">vodenih</wf>
         <instance id="d000.s1085.t000" lemma="država" pos="NOUN">državah</instance>
         <wf lemma="v" pos="X">v</wf>
         <wf lemma="razvoju" pos="X">razvoju</wf>
         <wf lemma="," pos="X">,</wf>
         <wf lemma="kakršnih" pos="X">kakršnih</wf>
         <wf lemma="je" pos="X">je</wf>
         <wf lemma="okrog" pos="X">okrog</wf>
         <wf lemma="sedemdeset" pos="X">sedemdeset</wf>
         <wf lemma="." pos="X">.</wf>
      </sentence>
      <sentence id="d000.s1086" source="wordnet-slovenian">
         <wf lemma="Muzej" pos="X">Muzej</wf>
         <wf lemma="je" pos="X">je</wf>
         <wf lemma="postavljen" pos="X">postavljen</wf>
         <wf lemma="v" pos="X">v</wf>
         <wf lemma="avtentično" pos="X">avtentično</wf>
         <instance id="d000.s1086.t000" lemma="okolje" pos="NOUN">okolje</instance>
         <wf lemma="jaška" pos="X">jaška</wf>
         <wf lemma="Škale" pos="X">Škale</wf>
         <wf lemma="," pos="X">,</wf>
         <wf lemma="kjer" pos="X">kjer</wf>
         <wf lemma="se" pos="X">se</wf>
         <wf lemma="je" pos="X">je</wf>
         <wf lemma="premogovništvo" pos="X">premogovništvo</wf>
         <wf lemma="v" pos="X">v</wf>
         <wf lemma="Šaleški" pos="X">Šaleški</wf>
         <wf lemma="dolini" pos="X">dolini</wf>
         <wf lemma="tudi" pos="X">tudi</wf>
         <wf lemma="začelo" pos="X">začelo</wf>
         <wf lemma="." pos="X">.</wf>
      </sentence>
      <sentence id="d000.s1087" source="wordnet-slovenian">
         <wf lemma="Izberite" pos="X">Izberite</wf>
         <wf lemma="kaj" pos="X">kaj</wf>
         <wf lemma="," pos="X">,</wf>
         <wf lemma="kar" pos="X">kar</wf>
         <wf lemma="polepša" pos="X">polepša</wf>
         <wf lemma="dom" pos="X">dom</wf>
         <wf lemma="–" pos="X">–</wf>
         <wf lemma="morda" pos="X">morda</wf>
         <wf lemma="sliko" pos="X">sliko</wf>
         <wf lemma="ali" pos="X">ali</wf>
         <wf lemma="tapiserijo" pos="X">tapiserijo</wf>
         <wf lemma="," pos="X">,</wf>
         <wf lemma="ki" pos="X">ki</wf>
         <wf lemma="jo" pos="X">jo</wf>
         <wf lemma="bo" pos="X">bo</wf>
         <wf lemma="obesila" pos="X">obesila</wf>
         <wf lemma="na" pos="X">na</wf>
         <wf lemma="steno" pos="X">steno</wf>
         <wf lemma="," pos="X">,</wf>
         <wf lemma="v" pos="X">v</wf>
         <wf lemma="usnje" pos="X">usnje</wf>
         <wf lemma="ovito" pos="X">ovito</wf>
         <instance id="d000.s1087.t000" lemma="knjiga" pos="NOUN">knjigo</instance>
         <wf lemma="ali" pos="X">ali</wf>
         <wf lemma="celo" pos="X">celo</wf>
         <wf lemma="lep" pos="X">lep</wf>
         <wf lemma="," pos="X">,</wf>
         <wf lemma="moderen" pos="X">moderen</wf>
         <wf lemma="kos" pos="X">kos</wf>
         <wf lemma="kuhinjske" pos="X">kuhinjske</wf>
         <wf lemma="posode" pos="X">posode</wf>
         <wf lemma="." pos="X">.</wf>
      </sentence>
      <sentence id="d000.s1088" source="wordnet-slovenian">
         <wf lemma="Bila" pos="X">Bila</wf>
         <wf lemma="je" pos="X">je</wf>
         <instance id="d000.s1088.t000" lemma="del" pos="NOUN">del</instance>
         <wf lemma="vsega" pos="X">vsega</wf>
         <wf lemma="tega" pos="X">tega</wf>
         <wf lemma="," pos="X">,</wf>
         <wf lemma="igralka" pos="X">igralka</wf>
         <wf lemma="v" pos="X">v</wf>
         <wf lemma="neizogibnem" pos="X">neizogibnem</wf>
         <wf lemma="prizoru" pos="X">prizoru</wf>
         <wf lemma="," pos="X">,</wf>
         <wf lemma="ki" pos="X">ki</wf>
         <wf lemma="ga" pos="X">ga</wf>
         <wf lemma="je" pos="X">je</wf>
         <wf lemma="bilo" pos="X">bilo</wf>
         <wf lemma="treba" pos="X">treba</wf>
         <wf lemma="odigrati" pos="X">odigrati</wf>
         <wf lemma="," pos="X">,</wf>
         <wf lemma="ki" pos="X">ki</wf>
         <wf lemma="se" pos="X">se</wf>
         <wf lemma="mu" pos="X">mu</wf>
         <wf lemma="ni" pos="X">ni</wf>
         <wf lemma="bilo" pos="X">bilo</wf>
         <wf lemma="mogoče" pos="X">mogoče</wf>
         <wf lemma="izogniti" pos="X">izogniti</wf>
         <wf lemma="." pos="X">.</wf>
      </sentence>
      <sentence id="d000.s1089" source="wordnet-slovenian">
         <wf lemma="Po" pos="X">Po</wf>
         <wf lemma="načelu" pos="X">načelu</wf>
         <wf lemma="»" pos="X">»</wf>
         <wf lemma="vsak" pos="X">vsak</wf>
         <wf lemma="mora" pos="X">mora</wf>
         <wf lemma="poskrbeti" pos="X">poskrbeti</wf>
         <wf lemma="zase" pos="X">zase</wf>
         <wf lemma="«" pos="X">«</wf>
         <wf lemma="bodo" pos="X">bodo</wf>
         <wf lemma="tisti" pos="X">tisti</wf>
         <wf lemma="," pos="X">,</wf>
         <wf lemma="ki" pos="X">ki</wf>
         <wf lemma="imajo" pos="X">imajo</wf>
         <wf lemma="prihodke" pos="X">prihodke</wf>
         <wf lemma="(" pos="X">(</wf>
         <wf lemma="tudi" pos="X">tudi</wf>
         <wf lemma="pokojnine" pos="X">pokojnine</wf>
         <wf lemma="in" pos="X">in</wf>
         <wf lemma="otroške" pos="X">otroške</wf>
         <wf lemma="dodatke" pos="X">dodatke</wf>
         <wf lemma=")" pos="X">)</wf>
         <wf lemma="morali" pos="X">morali</wf>
         <wf lemma="za" pos="X">za</wf>
         <wf lemma="nastanitev" pos="X">nastanitev</wf>
         <wf lemma="in" pos="X">in</wf>
         <wf lemma="hrano" pos="X">hrano</wf>
         <wf lemma="v" pos="X">v</wf>
         <instance id="d000.s1089.t000" lemma="center" pos="NOUN">centrih</instance>
         <wf lemma="plačevati" pos="X">plačevati</wf>
         <wf lemma="." pos="X">.</wf>
      </sentence>
      <sentence id="d000.s1090" source="wordnet-slovenian">
         <wf lemma="Kmalu" pos="X">Kmalu</wf>
         <wf lemma="pa" pos="X">pa</wf>
         <wf lemma="so" pos="X">so</wf>
         <wf lemma="druga" pos="X">druga</wf>
         <instance id="d000.s1090.t000" lemma="področje" pos="NOUN">področja</instance>
         <wf lemma="v" pos="X">v</wf>
         <wf lemma="sosedstvu" pos="X">sosedstvu</wf>
         <wf lemma="z" pos="X">z</wf>
         <wf lemma="ugodnejšim" pos="X">ugodnejšim</wf>
         <wf lemma="zemljepisnim" pos="X">zemljepisnim</wf>
         <wf lemma="," pos="X">,</wf>
         <wf lemma="prometnim" pos="X">prometnim</wf>
         <wf lemma="," pos="X">,</wf>
         <wf lemma="gospodarskim" pos="X">gospodarskim</wf>
         <wf lemma="in" pos="X">in</wf>
         <wf lemma="tržnim" pos="X">tržnim</wf>
         <wf lemma="položajem" pos="X">položajem</wf>
         <wf lemma="pridobivala" pos="X">pridobivala</wf>
         <wf lemma="pomen" pos="X">pomen</wf>
         <wf lemma="in" pos="X">in</wf>
         <wf lemma="Kostanjevica" pos="X">Kostanjevica</wf>
         <wf lemma="je" pos="X">je</wf>
         <wf lemma="postopoma" pos="X">postopoma</wf>
         <wf lemma="kot" pos="X">kot</wf>
         <wf lemma="mesto" pos="X">mesto</wf>
         <wf lemma="drsela" pos="X">drsela</wf>
         <wf lemma="ter" pos="X">ter</wf>
         <wf lemma="končno" pos="X">končno</wf>
         <wf lemma="zdrsnila" pos="X">zdrsnila</wf>
         <wf lemma="v" pos="X">v</wf>
         <wf lemma="večstoletno" pos="X">večstoletno</wf>
         <wf lemma="mrtvilo" pos="X">mrtvilo</wf>
         <wf lemma="." pos="X">.</wf>
      </sentence>
      <sentence id="d000.s1091" source="wordnet-slovenian">
         <wf lemma="Takoj" pos="X">Takoj</wf>
         <wf lemma="so" pos="X">so</wf>
         <wf lemma="mu" pos="X">mu</wf>
         <wf lemma="ponudili" pos="X">ponudili</wf>
         <instance id="d000.s1091.t000" lemma="mesto" pos="NOUN">mesto</instance>
         <wf lemma="svetovalca" pos="X">svetovalca</wf>
         <wf lemma="." pos="X">.</wf>
      </sentence>
      <sentence id="d000.s1092" source="wordnet-slovenian">
         <wf lemma="Predstavilo" pos="X">Predstavilo</wf>
         <wf lemma="se" pos="X">se</wf>
         <wf lemma="bo" pos="X">bo</wf>
         <wf lemma="sto" pos="X">sto</wf>
         <wf lemma="razstavljavcev" pos="X">razstavljavcev</wf>
         <wf lemma="iz" pos="X">iz</wf>
         <wf lemma="petnajstih" pos="X">petnajstih</wf>
         <instance id="d000.s1092.t000" lemma="država" pos="NOUN">držav</instance>
         <wf lemma="," pos="X">,</wf>
         <wf lemma="ki" pos="X">ki</wf>
         <wf lemma="bodo" pos="X">bodo</wf>
         <wf lemma="razstavljali" pos="X">razstavljali</wf>
         <wf lemma="in" pos="X">in</wf>
         <wf lemma="prodajali" pos="X">prodajali</wf>
         <wf lemma="naravne" pos="X">naravne</wf>
         <wf lemma="in" pos="X">in</wf>
         <wf lemma="obdelane" pos="X">obdelane</wf>
         <wf lemma="lepote" pos="X">lepote</wf>
         <wf lemma="skritega" pos="X">skritega</wf>
         <wf lemma="podzemlja" pos="X">podzemlja</wf>
         <wf lemma="." pos="X">.</wf>
      </sentence>
      <sentence id="d000.s1093" source="wordnet-slovenian">
         <wf lemma="Še" pos="X">Še</wf>
         <wf lemma="do" pos="X">do</wf>
         <instance id="d000.s1093.t000" lemma="leto" pos="NOUN">leta</instance>
         <wf lemma="1965" pos="X">1965</wf>
         <wf lemma="so" pos="X">so</wf>
         <wf lemma="v" pos="X">v</wf>
         <wf lemma="spodnjem" pos="X">spodnjem</wf>
         <wf lemma="delu" pos="X">delu</wf>
         <wf lemma="Čezsoče" pos="X">Čezsoče</wf>
         <wf lemma="kmetje" pos="X">kmetje</wf>
         <wf lemma="imeli" pos="X">imeli</wf>
         <wf lemma="okrog" pos="X">okrog</wf>
         <wf lemma="75" pos="X">75</wf>
         <wf lemma="glav" pos="X">glav</wf>
         <wf lemma="goveje" pos="X">goveje</wf>
         <wf lemma="živine" pos="X">živine</wf>
         <wf lemma="," pos="X">,</wf>
         <wf lemma="kot" pos="X">kot</wf>
         <wf lemma="kaže" pos="X">kaže</wf>
         <wf lemma="," pos="X">,</wf>
         <wf lemma="pa" pos="X">pa</wf>
         <wf lemma="je" pos="X">je</wf>
         <wf lemma="zaslužek" pos="X">zaslužek</wf>
         <wf lemma="boljši" pos="X">boljši</wf>
         <wf lemma="v" pos="X">v</wf>
         <wf lemma="industriji" pos="X">industriji</wf>
         <wf lemma="in" pos="X">in</wf>
         <wf lemma="turizmu" pos="X">turizmu</wf>
         <wf lemma="kot" pos="X">kot</wf>
         <wf lemma="pa" pos="X">pa</wf>
         <wf lemma="v" pos="X">v</wf>
         <wf lemma="kmetijstvu" pos="X">kmetijstvu</wf>
         <wf lemma="," pos="X">,</wf>
         <wf lemma="čeprav" pos="X">čeprav</wf>
         <wf lemma="je" pos="X">je</wf>
         <wf lemma="v" pos="X">v</wf>
         <wf lemma="Čezsoči" pos="X">Čezsoči</wf>
         <wf lemma="veliko" pos="X">veliko</wf>
         <wf lemma="ravnih" pos="X">ravnih</wf>
         <wf lemma="površin" pos="X">površin</wf>
         <wf lemma="." pos="X">.</wf>
      </sentence>
      <sentence id="d000.s1094" source="wordnet-slovenian">
         <wf lemma="V" pos="X">V</wf>
         <wf lemma="35." pos="X">35.</wf>
         <wf lemma="členu" pos="X">členu</wf>
         <wf lemma="se" pos="X">se</wf>
         <wf lemma="v" pos="X">v</wf>
         <wf lemma="prvem" pos="X">prvem</wf>
         <wf lemma="odstavku" pos="X">odstavku</wf>
         <wf lemma="za" pos="X">za</wf>
         <wf lemma="besedo" pos="X">besedo</wf>
         <wf lemma="&quot;" pos="X">&quot;</wf>
         <wf lemma="zasebniki" pos="X">zasebniki</wf>
         <wf lemma="&quot;" pos="X">&quot;</wf>
         <wf lemma="doda" pos="X">doda</wf>
         <instance id="d000.s1094.t000" lemma="besedilo" pos="NOUN">besedilo</instance>
         <wf lemma="&quot;" pos="X">&quot;</wf>
         <wf lemma="razen" pos="X">razen</wf>
         <wf lemma="zavezancev" pos="X">zavezancev</wf>
         <wf lemma="iz" pos="X">iz</wf>
         <wf lemma="51." pos="X">51.</wf>
         <wf lemma="a" pos="X">a</wf>
         <wf lemma="in" pos="X">in</wf>
         <wf lemma="51." pos="X">51.</wf>
         <wf lemma="b" pos="X">b</wf>
         <wf lemma="člena" pos="X">člena</wf>
         <wf lemma="tega" pos="X">tega</wf>
         <wf lemma="zakona" pos="X">zakona</wf>
         <wf lemma="." pos="X">.</wf>
      </sentence>
      <sentence id="d000.s1095" source="wordnet-slovenian">
         <wf lemma="Teoretično" pos="X">Teoretično</wf>
         <wf lemma="bi" pos="X">bi</wf>
         <wf lemma="eden" pos="X">eden</wf>
         <wf lemma="izmed" pos="X">izmed</wf>
         <wf lemma="njiju" pos="X">njiju</wf>
         <wf lemma="zmagal" pos="X">zmagal</wf>
         <wf lemma="z" pos="X">z</wf>
         <wf lemma="veliko" pos="X">veliko</wf>
         <wf lemma="prednostjo" pos="X">prednostjo</wf>
         <wf lemma="," pos="X">,</wf>
         <wf lemma="če" pos="X">če</wf>
         <wf lemma="bi" pos="X">bi</wf>
         <wf lemma="kolesarsko" pos="X">kolesarsko</wf>
         <instance id="d000.s1095.t000" lemma="društvo" pos="NOUN">društvo</instance>
         <wf lemma="Krka" pos="X">Krka</wf>
         <wf lemma="Telekom" pos="X">Telekom</wf>
         <wf lemma="kandidiralo" pos="X">kandidiralo</wf>
         <wf lemma="le" pos="X">le</wf>
         <wf lemma="enega" pos="X">enega</wf>
         <wf lemma="," pos="X">,</wf>
         <wf lemma="kar" pos="X">kar</wf>
         <wf lemma="pa" pos="X">pa</wf>
         <wf lemma="po" pos="X">po</wf>
         <wf lemma="mnenju" pos="X">mnenju</wf>
         <wf lemma="vodstva" pos="X">vodstva</wf>
         <wf lemma="kluba" pos="X">kluba</wf>
         <wf lemma="ne" pos="X">ne</wf>
         <wf lemma="bi" pos="X">bi</wf>
         <wf lemma="bilo" pos="X">bilo</wf>
         <wf lemma="pošteno" pos="X">pošteno</wf>
         <wf lemma="," pos="X">,</wf>
         <wf lemma="saj" pos="X">saj</wf>
         <wf lemma="sta" pos="X">sta</wf>
         <wf lemma="si" pos="X">si</wf>
         <wf lemma="to" pos="X">to</wf>
         <wf lemma="zaslužila" pos="X">zaslužila</wf>
         <wf lemma="oba" pos="X">oba</wf>
         <wf lemma="." pos="X">.</wf>
      </sentence>
      <sentence id="d000.s1096" source="wordnet-slovenian">
         <wf lemma="Censke" pos="X">Censke</wf>
         <wf lemma="razlike" pos="X">razlike</wf>
         <wf lemma="med" pos="X">med</wf>
         <instance id="d000.s1096.t000" lemma="mesto" pos="NOUN">mesti</instance>
         <wf lemma="so" pos="X">so</wf>
         <wf lemma="očitne" pos="X">očitne</wf>
         <wf lemma="." pos="X">.</wf>
      </sentence>
      <sentence id="d000.s1097" source="wordnet-slovenian">
         <wf lemma="Vsakič" pos="X">Vsakič</wf>
         <wf lemma="," pos="X">,</wf>
         <wf lemma="ko" pos="X">ko</wf>
         <wf lemma="vstopim" pos="X">vstopim</wf>
         <wf lemma="v" pos="X">v</wf>
         <wf lemma="kuhinjo" pos="X">kuhinjo</wf>
         <wf lemma="," pos="X">,</wf>
         <wf lemma="ga" pos="X">ga</wf>
         <wf lemma="nežno" pos="X">nežno</wf>
         <wf lemma="pobožam" pos="X">pobožam</wf>
         <wf lemma="in" pos="X">in</wf>
         <wf lemma="mu" pos="X">mu</wf>
         <wf lemma="rečem" pos="X">rečem</wf>
         <wf lemma="kakšno" pos="X">kakšno</wf>
         <wf lemma="lepo" pos="X">lepo</wf>
         <instance id="d000.s1097.t000" lemma="beseda" pos="NOUN">besedo</instance>
         <wf lemma="." pos="X">.</wf>
      </sentence>
      <sentence id="d000.s1098" source="wordnet-slovenian">
         <wf lemma="Navznoter" pos="X">Navznoter</wf>
         <wf lemma="pa" pos="X">pa</wf>
         <wf lemma="deluje" pos="X">deluje</wf>
         <wf lemma="v" pos="X">v</wf>
         <wf lemma="tem" pos="X">tem</wf>
         <instance id="d000.s1098.t000" lemma="svet" pos="NOUN">svetu</instance>
         <wf lemma="še" pos="X">še</wf>
         <wf lemma="posebna" pos="X">posebna</wf>
         <wf lemma="logika" pos="X">logika</wf>
         <wf lemma="," pos="X">,</wf>
         <wf lemma="ki" pos="X">ki</wf>
         <wf lemma="jo" pos="X">jo</wf>
         <wf lemma="oblikuje" pos="X">oblikuje</wf>
         <wf lemma="denar" pos="X">denar</wf>
         <wf lemma="in" pos="X">in</wf>
         <wf lemma="še" pos="X">še</wf>
         <wf lemma="zlasti" pos="X">zlasti</wf>
         <wf lemma="njegov" pos="X">njegov</wf>
         <wf lemma="pomen" pos="X">pomen</wf>
         <wf lemma="." pos="X">.</wf>
      </sentence>
      <sentence id="d000.s1099" source="wordnet-slovenian">
         <instance id="d000.s1099.t000" lemma="program" pos="NOUN">PROGRAMA</instance>
         <wf lemma="RAZREŠEVANJA" pos="X">RAZREŠEVANJA</wf>
         <wf lemma="PRESEŽNIH" pos="X">PRESEŽNIH</wf>
         <wf lemma="DELAVCEV" pos="X">DELAVCEV</wf>
         <wf lemma="NI" pos="X">NI</wf>
         <wf lemma="TREBA" pos="X">TREBA</wf>
         <wf lemma="SPREJETI" pos="X">SPREJETI</wf>
         <wf lemma="," pos="X">,</wf>
         <wf lemma="ČE" pos="X">ČE</wf>
         <wf lemma="JE" pos="X">JE</wf>
         <wf lemma="SAMO" pos="X">SAMO</wf>
         <wf lemma="EN" pos="X">EN</wf>
         <wf lemma="DELAVEC" pos="X">DELAVEC</wf>
         <wf lemma="PRESEŽEK" pos="X">PRESEŽEK</wf>
         <wf lemma="." pos="X">.</wf>
      </sentence>
      <sentence id="d000.s1100" source="wordnet-slovenian">
         <wf lemma="V" pos="X">V</wf>
         <wf lemma="sklicu" pos="X">sklicu</wf>
         <wf lemma="seje" pos="X">seje</wf>
         <wf lemma="so" pos="X">so</wf>
         <wf lemma="bile" pos="X">bile</wf>
         <wf lemma="napovedane" pos="X">napovedane</wf>
         <wf lemma="," pos="X">,</wf>
         <wf lemma="kot" pos="X">kot</wf>
         <wf lemma="možne" pos="X">možne</wf>
         <wf lemma="razširitve" pos="X">razširitve</wf>
         <wf lemma="naslednje" pos="X">naslednje</wf>
         <instance id="d000.s1100.t000" lemma="točka" pos="NOUN">točke</instance>
         <wf lemma=":" pos="X">:</wf>
      </sentence>
      <sentence id="d000.s1101" source="wordnet-slovenian">
         <wf lemma="»" pos="X">»</wf>
         <wf lemma="Mlado" pos="X">Mlado</wf>
         <wf lemma="," pos="X">,</wf>
         <wf lemma="ženskega" pos="X">ženskega</wf>
         <wf lemma="spola" pos="X">spola</wf>
         <wf lemma="," pos="X">,</wf>
         <wf lemma="staro" pos="X">staro</wf>
         <wf lemma="dvanajst" pos="X">dvanajst</wf>
         <instance id="d000.s1101.t000" lemma="leto" pos="NOUN">let</instance>
         <wf lemma="," pos="X">,</wf>
         <wf lemma="verjetno" pos="X">verjetno</wf>
         <wf lemma="je" pos="X">je</wf>
         <wf lemma="naša" pos="X">naša</wf>
         <wf lemma="tarča" pos="X">tarča</wf>
         <wf lemma="." pos="X">.</wf>
      </sentence>
      <sentence id="d000.s1102" source="wordnet-slovenian">
         <wf lemma="Nastale" pos="X">Nastale</wf>
         <wf lemma="spremembe" pos="X">spremembe</wf>
         <wf lemma="so" pos="X">so</wf>
         <wf lemma="povzročile" pos="X">povzročile</wf>
         <instance id="d000.s1102.t000" lemma="nevšečnost" pos="NOUN">nevšečnosti</instance>
         <wf lemma="na" pos="X">na</wf>
         <wf lemma="televiziji" pos="X">televiziji</wf>
         <wf lemma="BBC" pos="X">BBC</wf>
         <wf lemma="," pos="X">,</wf>
         <wf lemma="kjer" pos="X">kjer</wf>
         <wf lemma="so" pos="X">so</wf>
         <wf lemma="le" pos="X">le</wf>
         <wf lemma="s" pos="X">s</wf>
         <wf lemma="težavo" pos="X">težavo</wf>
         <wf lemma="uskladili" pos="X">uskladili</wf>
         <wf lemma="prenos" pos="X">prenos</wf>
         <wf lemma="vseh" pos="X">vseh</wf>
         <wf lemma="pomembnih" pos="X">pomembnih</wf>
         <wf lemma="dogodkov" pos="X">dogodkov</wf>
         <wf lemma="." pos="X">.</wf>
      </sentence>
      <sentence id="d000.s1103" source="wordnet-slovenian">
         <wf lemma="Med" pos="X">Med</wf>
         <wf lemma="ustavljenimi" pos="X">ustavljenimi</wf>
         <wf lemma="vozniki" pos="X">vozniki</wf>
         <wf lemma="je" pos="X">je</wf>
         <wf lemma="bil" pos="X">bil</wf>
         <wf lemma="rekorder" pos="X">rekorder</wf>
         <wf lemma="tisti" pos="X">tisti</wf>
         <wf lemma="," pos="X">,</wf>
         <wf lemma="ki" pos="X">ki</wf>
         <wf lemma="je" pos="X">je</wf>
         <wf lemma="na" pos="X">na</wf>
         <instance id="d000.s1103.t000" lemma="območje" pos="NOUN">območju</instance>
         <wf lemma="Slovenskih" pos="X">Slovenskih</wf>
         <wf lemma="Konjic" pos="X">Konjic</wf>
         <wf lemma="vozil" pos="X">vozil</wf>
         <wf lemma="s" pos="X">s</wf>
         <wf lemma="3,1" pos="X">3,1</wf>
         <wf lemma="g/kg" pos="X">g/kg</wf>
         <wf lemma="alkohola" pos="X">alkohola</wf>
         <wf lemma="v" pos="X">v</wf>
         <wf lemma="organizmu" pos="X">organizmu</wf>
         <wf lemma="." pos="X">.</wf>
      </sentence>
      <sentence id="d000.s1104" source="wordnet-slovenian">
         <wf lemma="»" pos="X">»</wf>
         <wf lemma="Ostanita" pos="X">Ostanita</wf>
         <wf lemma="tukaj" pos="X">tukaj</wf>
         <wf lemma="," pos="X">,</wf>
         <instance id="d000.s1104.t000" lemma="otrok" pos="NOUN">otroka</instance>
         <wf lemma="!" pos="X">!</wf>
      </sentence>
      <sentence id="d000.s1105" source="wordnet-slovenian">
         <wf lemma="Ljudje" pos="X">Ljudje</wf>
         <wf lemma="&quot;" pos="X">&quot;</wf>
         <wf lemma="tehnične" pos="X">tehnične</wf>
         <wf lemma="pomočnike" pos="X">pomočnike</wf>
         <wf lemma="&quot;" pos="X">&quot;</wf>
         <wf lemma="namreč" pos="X">namreč</wf>
         <wf lemma="različno" pos="X">različno</wf>
         <wf lemma="uporabljamo" pos="X">uporabljamo</wf>
         <wf lemma="," pos="X">,</wf>
         <wf lemma="različno" pos="X">različno</wf>
         <wf lemma="občutimo" pos="X">občutimo</wf>
         <wf lemma="lagodje" pos="X">lagodje</wf>
         <wf lemma="in" pos="X">in</wf>
         <wf lemma="bolečine" pos="X">bolečine</wf>
         <wf lemma="," pos="X">,</wf>
         <wf lemma="različno" pos="X">različno</wf>
         <wf lemma="se" pos="X">se</wf>
         <wf lemma="lotimo" pos="X">lotimo</wf>
         <instance id="d000.s1105.t000" lemma="delo" pos="NOUN">dela</instance>
         <wf lemma="," pos="X">,</wf>
         <wf lemma="itd." pos="X">itd.</wf>
      </sentence>
      <sentence id="d000.s1106" source="wordnet-slovenian">
         <wf lemma="Sem" pos="X">Sem</wf>
         <wf lemma="pride" pos="X">pride</wf>
         <wf lemma="malo" pos="X">malo</wf>
         <wf lemma="turistov" pos="X">turistov</wf>
         <wf lemma="," pos="X">,</wf>
         <wf lemma="pa" pos="X">pa</wf>
         <wf lemma="še" pos="X">še</wf>
         <wf lemma="to" pos="X">to</wf>
         <wf lemma="so" pos="X">so</wf>
         <wf lemma="po" pos="X">po</wf>
         <wf lemma="večini" pos="X">večini</wf>
         <wf lemma="bogati" pos="X">bogati</wf>
         <wf lemma="Francozi" pos="X">Francozi</wf>
         <wf lemma="," pos="X">,</wf>
         <wf lemma="ki" pos="X">ki</wf>
         <wf lemma="se" pos="X">se</wf>
         <wf lemma="umaknejo" pos="X">umaknejo</wf>
         <wf lemma="iz" pos="X">iz</wf>
         <wf lemma="mrzle" pos="X">mrzle</wf>
         <wf lemma="domovine" pos="X">domovine</wf>
         <wf lemma="v" pos="X">v</wf>
         <wf lemma="rajske" pos="X">rajske</wf>
         <instance id="d000.s1106.t000" lemma="kraj" pos="NOUN">kraje</instance>
         <wf lemma="in" pos="X">in</wf>
         <wf lemma="od" pos="X">od</wf>
         <wf lemma="tod" pos="X">tod</wf>
         <wf lemma="vodijo" pos="X">vodijo</wf>
         <wf lemma="posle" pos="X">posle</wf>
         <wf lemma="doma" pos="X">doma</wf>
         <wf lemma="." pos="X">.</wf>
      </sentence>
      <sentence id="d000.s1107" source="wordnet-slovenian">
         <wf lemma="»" pos="X">»</wf>
         <wf lemma="V" pos="X">V</wf>
         <wf lemma="Natovskih" pos="X">Natovskih</wf>
         <instance id="d000.s1107.t000" lemma="država" pos="NOUN">državah</instance>
         <wf lemma="pozorno" pos="X">pozorno</wf>
         <wf lemma="spremljajo" pos="X">spremljajo</wf>
         <wf lemma="pisanje" pos="X">pisanje</wf>
         <wf lemma="slovenskih" pos="X">slovenskih</wf>
         <wf lemma="medijev" pos="X">medijev</wf>
         <wf lemma="," pos="X">,</wf>
         <wf lemma="je" pos="X">je</wf>
         <wf lemma="pristavil" pos="X">pristavil</wf>
         <wf lemma="minister" pos="X">minister</wf>
         <wf lemma="," pos="X">,</wf>
         <wf lemma="ogledujejo" pos="X">ogledujejo</wf>
         <wf lemma="si" pos="X">si</wf>
         <wf lemma="ilustracije" pos="X">ilustracije</wf>
         <wf lemma="na" pos="X">na</wf>
         <wf lemma="naslovnih" pos="X">naslovnih</wf>
         <wf lemma="straneh" pos="X">straneh</wf>
         <wf lemma="časnikov" pos="X">časnikov</wf>
         <wf lemma="," pos="X">,</wf>
         <wf lemma="za" pos="X">za</wf>
         <wf lemma="nekatere" pos="X">nekatere</wf>
         <wf lemma="celo" pos="X">celo</wf>
         <wf lemma="sodijo" pos="X">sodijo</wf>
         <wf lemma="," pos="X">,</wf>
         <wf lemma="da" pos="X">da</wf>
         <wf lemma="so" pos="X">so</wf>
         <wf lemma="neokusne" pos="X">neokusne</wf>
         <wf lemma="." pos="X">.</wf>
      </sentence>
      <sentence id="d000.s1108" source="wordnet-slovenian">
         <wf lemma="Napotila" pos="X">Napotila</wf>
         <wf lemma="se" pos="X">se</wf>
         <wf lemma="je" pos="X">je</wf>
         <wf lemma="k" pos="X">k</wf>
         <instance id="d000.s1108.t000" lemma="hiša" pos="NOUN">hiši</instance>
         <wf lemma="." pos="X">.</wf>
      </sentence>
      <sentence id="d000.s1109" source="wordnet-slovenian">
         <wf lemma="Pri" pos="X">Pri</wf>
         <wf lemma="več" pos="X">več</wf>
         <wf lemma="kot" pos="X">kot</wf>
         <wf lemma="6" pos="X">6</wf>
         <wf lemma="-" pos="X">-</wf>
         <wf lemma="odstotni" pos="X">odstotni</wf>
         <wf lemma="rasti" pos="X">rasti</wf>
         <wf lemma="," pos="X">,</wf>
         <wf lemma="kakršno" pos="X">kakršno</wf>
         <wf lemma="smo" pos="X">smo</wf>
         <wf lemma="imeli" pos="X">imeli</wf>
         <wf lemma="lani" pos="X">lani</wf>
         <wf lemma="in" pos="X">in</wf>
         <wf lemma="v" pos="X">v</wf>
         <wf lemma="prvih" pos="X">prvih</wf>
         <wf lemma="štirih" pos="X">štirih</wf>
         <instance id="d000.s1109.t000" lemma="mesec" pos="NOUN">mesecih</instance>
         <wf lemma="letos" pos="X">letos</wf>
         <wf lemma="," pos="X">,</wf>
         <wf lemma="bi" pos="X">bi</wf>
         <wf lemma="bila" pos="X">bila</wf>
         <wf lemma="še" pos="X">še</wf>
         <wf lemma="veliko" pos="X">veliko</wf>
         <wf lemma="večja" pos="X">večja</wf>
         <wf lemma="." pos="X">.</wf>
      </sentence>
      <sentence id="d000.s1110" source="wordnet-slovenian">
         <wf lemma="Kaže" pos="X">Kaže</wf>
         <wf lemma="," pos="X">,</wf>
         <wf lemma="da" pos="X">da</wf>
         <wf lemma="se" pos="X">se</wf>
         <wf lemma="samo" pos="X">samo</wf>
         <wf lemma="ob" pos="X">ob</wf>
         <wf lemma="takšnih" pos="X">takšnih</wf>
         <wf lemma="nepriljubljenih" pos="X">nepriljubljenih</wf>
         <wf lemma="ukrepih" pos="X">ukrepih</wf>
         <instance id="d000.s1110.t000" lemma="država" pos="NOUN">država</instance>
         <wf lemma="prebudi" pos="X">prebudi</wf>
         <wf lemma="." pos="X">.</wf>
         <wf lemma="." pos="X">.</wf>
         <wf lemma="." pos="X">.</wf>
      </sentence>
      <sentence id="d000.s1111" source="wordnet-slovenian">
         <wf lemma="Pred" pos="X">Pred</wf>
         <wf lemma="tem" pos="X">tem</wf>
         <wf lemma="s" pos="X">s</wf>
         <wf lemma="sistematičnim" pos="X">sistematičnim</wf>
         <wf lemma="pritiskanjem" pos="X">pritiskanjem</wf>
         <wf lemma="na" pos="X">na</wf>
         <wf lemma="Slovenijo" pos="X">Slovenijo</wf>
         <wf lemma="ni" pos="X">ni</wf>
         <wf lemma="bilo" pos="X">bilo</wf>
         <instance id="d000.s1111.t000" lemma="težava" pos="NOUN">težav</instance>
         <wf lemma="." pos="X">.</wf>
      </sentence>
      <sentence id="d000.s1112" source="wordnet-slovenian">
         <wf lemma="O" pos="X">O</wf>
         <instance id="d000.s1112.t000" lemma="jezik" pos="NOUN">jeziku</instance>
         <wf lemma="vemo" pos="X">vemo</wf>
         <wf lemma="," pos="X">,</wf>
         <wf lemma="da" pos="X">da</wf>
         <wf lemma="je" pos="X">je</wf>
         <wf lemma="otrok" pos="X">otrok</wf>
         <wf lemma="človekovih" pos="X">človekovih</wf>
         <wf lemma="misli" pos="X">misli</wf>
         <wf lemma="," pos="X">,</wf>
         <wf lemma="in" pos="X">in</wf>
         <wf lemma="o" pos="X">o</wf>
         <wf lemma="mislih" pos="X">mislih</wf>
         <wf lemma="drži" pos="X">drži</wf>
         <wf lemma="," pos="X">,</wf>
         <wf lemma="da" pos="X">da</wf>
         <wf lemma="so" pos="X">so</wf>
         <wf lemma="poosebljena" pos="X">poosebljena</wf>
         <wf lemma="svoboda" pos="X">svoboda</wf>
         <wf lemma="." pos="X">.</wf>
      </sentence>
      <sentence id="d000.s1113" source="wordnet-slovenian">
         <wf lemma="Vsi" pos="X">Vsi</wf>
         <wf lemma="dosedanji" pos="X">dosedanji</wf>
         <wf lemma="načrti" pos="X">načrti</wf>
         <wf lemma="za" pos="X">za</wf>
         <wf lemma="zmanjšanje" pos="X">zmanjšanje</wf>
         <wf lemma="svetovne" pos="X">svetovne</wf>
         <wf lemma="revščine" pos="X">revščine</wf>
         <wf lemma="so" pos="X">so</wf>
         <wf lemma="se" pos="X">se</wf>
         <wf lemma="izjalovili" pos="X">izjalovili</wf>
         <wf lemma="," pos="X">,</wf>
         <wf lemma="kar" pos="X">kar</wf>
         <wf lemma="sta" pos="X">sta</wf>
         <wf lemma="pred" pos="X">pred</wf>
         <instance id="d000.s1113.t000" lemma="leto" pos="NOUN">leti</instance>
         <wf lemma="priznali" pos="X">priznali</wf>
         <wf lemma="tudi" pos="X">tudi</wf>
         <wf lemma="Svetovna" pos="X">Svetovna</wf>
         <wf lemma="banka" pos="X">banka</wf>
         <wf lemma="in" pos="X">in</wf>
         <wf lemma="Mednarodni" pos="X">Mednarodni</wf>
         <wf lemma="denarni" pos="X">denarni</wf>
         <wf lemma="sklad" pos="X">sklad</wf>
         <wf lemma="." pos="X">.</wf>
      </sentence>
      <sentence id="d000.s1114" source="wordnet-slovenian">
         <wf lemma="Ko" pos="X">Ko</wf>
         <wf lemma="je" pos="X">je</wf>
         <wf lemma="Prosinečki" pos="X">Prosinečki</wf>
         <wf lemma="lansko" pos="X">lansko</wf>
         <wf lemma="jesen" pos="X">jesen</wf>
         <wf lemma="prišel" pos="X">prišel</wf>
         <wf lemma="v" pos="X">v</wf>
         <wf lemma="Ljubljano" pos="X">Ljubljano</wf>
         <wf lemma="," pos="X">,</wf>
         <wf lemma="je" pos="X">je</wf>
         <wf lemma="s" pos="X">s</wf>
         <instance id="d000.s1114.t000" lemma="klub" pos="NOUN">klubom</instance>
         <wf lemma="podpisal" pos="X">podpisal</wf>
         <wf lemma="dveletno" pos="X">dveletno</wf>
         <wf lemma="pogodbo" pos="X">pogodbo</wf>
         <wf lemma="(" pos="X">(</wf>
         <wf lemma="1" pos="X">1</wf>
         <wf lemma="+" pos="X">+</wf>
         <wf lemma="1" pos="X">1</wf>
         <wf lemma=")" pos="X">)</wf>
         <wf lemma="," pos="X">,</wf>
         <wf lemma="po" pos="X">po</wf>
         <wf lemma="kateri" pos="X">kateri</wf>
         <wf lemma="naj" pos="X">naj</wf>
         <wf lemma="bi" pos="X">bi</wf>
         <wf lemma="v" pos="X">v</wf>
         <wf lemma="prvi" pos="X">prvi</wf>
         <wf lemma="sezoni" pos="X">sezoni</wf>
         <wf lemma="zaslužil" pos="X">zaslužil</wf>
         <wf lemma="250.000" pos="X">250.000</wf>
         <wf lemma="evrov" pos="X">evrov</wf>
         <wf lemma="(" pos="X">(</wf>
         <wf lemma="Olimpija" pos="X">Olimpija</wf>
         <wf lemma="naj" pos="X">naj</wf>
         <wf lemma="bi" pos="X">bi</wf>
         <wf lemma="mu" pos="X">mu</wf>
         <wf lemma="ostala" pos="X">ostala</wf>
         <wf lemma="dolžna" pos="X">dolžna</wf>
         <wf lemma="še" pos="X">še</wf>
         <wf lemma="dobrih" pos="X">dobrih</wf>
         <wf lemma="60.000" pos="X">60.000</wf>
         <wf lemma="evrov" pos="X">evrov</wf>
         <wf lemma=")" pos="X">)</wf>
         <wf lemma="," pos="X">,</wf>
         <wf lemma="v" pos="X">v</wf>
         <wf lemma="drugi" pos="X">drugi</wf>
         <wf lemma="celo" pos="X">celo</wf>
         <wf lemma="100.000" pos="X">100.000</wf>
         <wf lemma="več" pos="X">več</wf>
         <wf lemma="." pos="X">.</wf>
      </sentence>
      <sentence id="d000.s1115" source="wordnet-slovenian">
         <wf lemma="Prodajalci" pos="X">Prodajalci</wf>
         <wf lemma="nafte" pos="X">nafte</wf>
         <wf lemma="iz" pos="X">iz</wf>
         <wf lemma="drugih" pos="X">drugih</wf>
         <instance id="d000.s1115.t000" lemma="država" pos="NOUN">držav</instance>
         <wf lemma="pa" pos="X">pa</wf>
         <wf lemma="imajo" pos="X">imajo</wf>
         <wf lemma="na" pos="X">na</wf>
         <wf lemma="voljo" pos="X">voljo</wf>
         <wf lemma="mejne" pos="X">mejne</wf>
         <wf lemma="prehode" pos="X">prehode</wf>
         <wf lemma="Bosanska" pos="X">Bosanska</wf>
         <wf lemma="Gradiška" pos="X">Gradiška</wf>
         <wf lemma="in" pos="X">in</wf>
         <wf lemma="Orašje" pos="X">Orašje</wf>
         <wf lemma="ob" pos="X">ob</wf>
         <wf lemma="Savi" pos="X">Savi</wf>
         <wf lemma="," pos="X">,</wf>
         <wf lemma="Izačić" pos="X">Izačić</wf>
         <wf lemma="pri" pos="X">pri</wf>
         <wf lemma="Bihaču" pos="X">Bihaču</wf>
         <wf lemma="in" pos="X">in</wf>
         <wf lemma="Crveni" pos="X">Crveni</wf>
         <wf lemma="grm" pos="X">grm</wf>
         <wf lemma="nad" pos="X">nad</wf>
         <wf lemma="Pločami" pos="X">Pločami</wf>
         <wf lemma="v" pos="X">v</wf>
         <wf lemma="Hercegovini" pos="X">Hercegovini</wf>
         <wf lemma="." pos="X">.</wf>
      </sentence>
      <sentence id="d000.s1116" source="wordnet-slovenian">
         <wf lemma="Kot" pos="X">Kot</wf>
         <wf lemma="primer" pos="X">primer</wf>
         <wf lemma="poslabšanja" pos="X">poslabšanja</wf>
         <wf lemma="razmer" pos="X">razmer</wf>
         <wf lemma="na" pos="X">na</wf>
         <wf lemma="tem" pos="X">tem</wf>
         <instance id="d000.s1116.t000" lemma="področje" pos="NOUN">področju</instance>
         <wf lemma="je" pos="X">je</wf>
         <wf lemma="navedeno" pos="X">navedeno</wf>
         <wf lemma="preganjanje" pos="X">preganjanje</wf>
         <wf lemma="prepovedane" pos="X">prepovedane</wf>
         <wf lemma="sekte" pos="X">sekte</wf>
         <wf lemma="Falun" pos="X">Falun</wf>
         <wf lemma="gong" pos="X">gong</wf>
         <wf lemma="," pos="X">,</wf>
         <wf lemma="katere" pos="X">katere</wf>
         <wf lemma="dva" pos="X">dva</wf>
         <wf lemma="tisoč" pos="X">tisoč</wf>
         <wf lemma="članov" pos="X">članov</wf>
         <wf lemma="so" pos="X">so</wf>
         <wf lemma="priprli" pos="X">priprli</wf>
         <wf lemma="ali" pos="X">ali</wf>
         <wf lemma="zaprli" pos="X">zaprli</wf>
         <wf lemma="v" pos="X">v</wf>
         <wf lemma="40" pos="X">40</wf>
         <wf lemma="kitajskih" pos="X">kitajskih</wf>
         <wf lemma="mestih" pos="X">mestih</wf>
         <wf lemma="samo" pos="X">samo</wf>
         <wf lemma="v" pos="X">v</wf>
         <wf lemma="zadnjih" pos="X">zadnjih</wf>
         <wf lemma="dneh" pos="X">dneh</wf>
         <wf lemma="." pos="X">.</wf>
      </sentence>
      <sentence id="d000.s1117" source="wordnet-slovenian">
         <wf lemma="Lani" pos="X">Lani</wf>
         <wf lemma="so" pos="X">so</wf>
         <wf lemma="zaključili" pos="X">zaključili</wf>
         <wf lemma="restavriranje" pos="X">restavriranje</wf>
         <wf lemma="gotske" pos="X">gotske</wf>
         <wf lemma="freske" pos="X">freske</wf>
         <wf lemma="Križanje" pos="X">Križanje</wf>
         <wf lemma="na" pos="X">na</wf>
         <wf lemma="južni" pos="X">južni</wf>
         <wf lemma="fasadi" pos="X">fasadi</wf>
         <wf lemma="cerkve" pos="X">cerkve</wf>
         <wf lemma="sv." pos="X">sv.</wf>
         <wf lemma="Mihaela" pos="X">Mihaela</wf>
         <wf lemma="na" pos="X">na</wf>
         <wf lemma="Dovjem" pos="X">Dovjem</wf>
         <wf lemma="(" pos="X">(</wf>
         <instance id="d000.s1117.t000" lemma="denar" pos="NOUN">denar</instance>
         <wf lemma="je" pos="X">je</wf>
         <wf lemma="zagotovila" pos="X">zagotovila</wf>
         <wf lemma="občina" pos="X">občina</wf>
         <wf lemma="Kranjska" pos="X">Kranjska</wf>
         <wf lemma="Gora" pos="X">Gora</wf>
         <wf lemma=")" pos="X">)</wf>
         <wf lemma="." pos="X">.</wf>
      </sentence>
      <sentence id="d000.s1118" source="wordnet-slovenian">
         <wf lemma="Skupne" pos="X">Skupne</wf>
         <wf lemma="podpore" pos="X">podpore</wf>
         <wf lemma="vladnim" pos="X">vladnim</wf>
         <wf lemma="predlogom" pos="X">predlogom</wf>
         <wf lemma="ni" pos="X">ni</wf>
         <wf lemma="niti" pos="X">niti</wf>
         <wf lemma="v" pos="X">v</wf>
         <wf lemma="koaliciji" pos="X">koaliciji</wf>
         <wf lemma="Pri" pos="X">Pri</wf>
         <instance id="d000.s1118.t000" lemma="večina" pos="NOUN">večini</instance>
         <wf lemma="olajšanje" pos="X">olajšanje</wf>
         <wf lemma="zaradi" pos="X">zaradi</wf>
         <wf lemma="propada" pos="X">propada</wf>
         <wf lemma="železničarskih" pos="X">železničarskih</wf>
         <wf lemma="zahtev" pos="X">zahtev</wf>
         <wf lemma="." pos="X">.</wf>
      </sentence>
      <sentence id="d000.s1119" source="wordnet-slovenian">
         <wf lemma="Luči" pos="X">Luči</wf>
         <wf lemma="sicer" pos="X">sicer</wf>
         <wf lemma="niso" pos="X">niso</wf>
         <wf lemma="gorele" pos="X">gorele</wf>
         <wf lemma="," pos="X">,</wf>
         <wf lemma="žaluzije" pos="X">žaluzije</wf>
         <wf lemma="so" pos="X">so</wf>
         <wf lemma="bile" pos="X">bile</wf>
         <wf lemma="spuščene" pos="X">spuščene</wf>
         <wf lemma="," pos="X">,</wf>
         <wf lemma="vstop" pos="X">vstop</wf>
         <wf lemma="je" pos="X">je</wf>
         <wf lemma="bil" pos="X">bil</wf>
         <wf lemma="mogoč" pos="X">mogoč</wf>
         <wf lemma="le" pos="X">le</wf>
         <wf lemma="z" pos="X">z</wf>
         <wf lemma="vabilom" pos="X">vabilom</wf>
         <wf lemma="," pos="X">,</wf>
         <wf lemma="še" pos="X">še</wf>
         <wf lemma="prej" pos="X">prej</wf>
         <wf lemma="pa" pos="X">pa</wf>
         <wf lemma="te" pos="X">te</wf>
         <wf lemma="je" pos="X">je</wf>
         <wf lemma="tip" pos="X">tip</wf>
         <wf lemma="pri" pos="X">pri</wf>
         <wf lemma="vratih" pos="X">vratih</wf>
         <wf lemma="dobro" pos="X">dobro</wf>
         <wf lemma="premeril" pos="X">premeril</wf>
         <wf lemma="od" pos="X">od</wf>
         <instance id="d000.s1119.t000" lemma="glava" pos="NOUN">glave</instance>
         <wf lemma="do" pos="X">do</wf>
         <wf lemma="peta" pos="X">peta</wf>
         <wf lemma="." pos="X">.</wf>
      </sentence>
      <sentence id="d000.s1120" source="wordnet-slovenian">
         <wf lemma="Ali" pos="X">Ali</wf>
         <wf lemma="je" pos="X">je</wf>
         <wf lemma="NLB" pos="X">NLB</wf>
         <wf lemma="pripravljena" pos="X">pripravljena</wf>
         <wf lemma="pomagati" pos="X">pomagati</wf>
         <wf lemma="slovenskim" pos="X">slovenskim</wf>
         <instance id="d000.s1120.t000" lemma="podjetje" pos="NOUN">podjetjem</instance>
         <wf lemma="," pos="X">,</wf>
         <wf lemma="da" pos="X">da</wf>
         <wf lemma="uspejo" pos="X">uspejo</wf>
         <wf lemma="na" pos="X">na</wf>
         <wf lemma="zahtevnem" pos="X">zahtevnem</wf>
         <wf lemma="madžarskem" pos="X">madžarskem</wf>
         <wf lemma="trgu" pos="X">trgu</wf>
         <wf lemma="," pos="X">,</wf>
         <wf lemma="podobno" pos="X">podobno</wf>
         <wf lemma="kot" pos="X">kot</wf>
         <wf lemma="počnejo" pos="X">počnejo</wf>
         <wf lemma="avstrijske" pos="X">avstrijske</wf>
         <wf lemma="in" pos="X">in</wf>
         <wf lemma="druge" pos="X">druge</wf>
         <wf lemma="banke" pos="X">banke</wf>
         <wf lemma="za" pos="X">za</wf>
         <wf lemma="njihova" pos="X">njihova</wf>
         <wf lemma="podjetja" pos="X">podjetja</wf>
         <wf lemma="?" pos="X">?</wf>
      </sentence>
      <sentence id="d000.s1121" source="wordnet-slovenian">
         <wf lemma="Manj" pos="X">Manj</wf>
         <wf lemma="možnosti" pos="X">možnosti</wf>
         <wf lemma="za" pos="X">za</wf>
         <wf lemma="napredovanje" pos="X">napredovanje</wf>
         <wf lemma="ima" pos="X">ima</wf>
         <wf lemma="Koper" pos="X">Koper</wf>
         <wf lemma="," pos="X">,</wf>
         <wf lemma="saj" pos="X">saj</wf>
         <wf lemma="sta" pos="X">sta</wf>
         <wf lemma="favorita" pos="X">favorita</wf>
         <wf lemma="v" pos="X">v</wf>
         <instance id="d000.s1121.t000" lemma="skupina" pos="NOUN">skupini</instance>
         <wf lemma="Brescia" pos="X">Brescia</wf>
         <wf lemma="(" pos="X">(</wf>
         <wf lemma="Italija" pos="X">Italija</wf>
         <wf lemma=")" pos="X">)</wf>
         <wf lemma="in" pos="X">in</wf>
         <wf lemma="Szentes" pos="X">Szentes</wf>
         <wf lemma="(" pos="X">(</wf>
         <wf lemma="Madžarska" pos="X">Madžarska</wf>
         <wf lemma=")" pos="X">)</wf>
         <wf lemma="." pos="X">.</wf>
      </sentence>
      <sentence id="d000.s1122" source="wordnet-slovenian">
         <wf lemma="Duh" pos="X">Duh</wf>
         <wf lemma="nestrpnosti" pos="X">nestrpnosti</wf>
         <wf lemma="bi" pos="X">bi</wf>
         <wf lemma="lahko" pos="X">lahko</wf>
         <wf lemma="odgnal" pos="X">odgnal</wf>
         <wf lemma="alkoholike" pos="X">alkoholike</wf>
         <wf lemma="," pos="X">,</wf>
         <wf lemma="ki" pos="X">ki</wf>
         <wf lemma="bi" pos="X">bi</wf>
         <wf lemma="jim" pos="X">jim</wf>
         <wf lemma="," pos="X">,</wf>
         <wf lemma="če" pos="X">če</wf>
         <wf lemma="ne" pos="X">ne</wf>
         <wf lemma="bi" pos="X">bi</wf>
         <wf lemma="bilo" pos="X">bilo</wf>
         <wf lemma="tovrstnih" pos="X">tovrstnih</wf>
         <wf lemma="neumnosti" pos="X">neumnosti</wf>
         <wf lemma="," pos="X">,</wf>
         <wf lemma="lahko" pos="X">lahko</wf>
         <wf lemma="rešili" pos="X">rešili</wf>
         <instance id="d000.s1122.t000" lemma="življenje" pos="NOUN">življenje</instance>
         <wf lemma="." pos="X">.</wf>
      </sentence>
      <sentence id="d000.s1123" source="wordnet-slovenian">
         <wf lemma="V" pos="X">V</wf>
         <wf lemma="nadaljevanju" pos="X">nadaljevanju</wf>
         <wf lemma="gledam" pos="X">gledam</wf>
         <wf lemma="soplezalca" pos="X">soplezalca</wf>
         <wf lemma="le" pos="X">le</wf>
         <wf lemma="kot" pos="X">kot</wf>
         <wf lemma="očeladeno" pos="X">očeladeno</wf>
         <instance id="d000.s1123.t000" lemma="glava" pos="NOUN">glavo</instance>
         <wf lemma="na" pos="X">na</wf>
         <wf lemma="temnem" pos="X">temnem</wf>
         <wf lemma="ozadju" pos="X">ozadju</wf>
         <wf lemma="ozebnika" pos="X">ozebnika</wf>
         <wf lemma="," pos="X">,</wf>
         <wf lemma="Mik" pos="X">Mik</wf>
         <wf lemma="pa" pos="X">pa</wf>
         <wf lemma="se" pos="X">se</wf>
         <wf lemma="pritožuje" pos="X">pritožuje</wf>
         <wf lemma="," pos="X">,</wf>
         <wf lemma="da" pos="X">da</wf>
         <wf lemma="nima" pos="X">nima</wf>
         <wf lemma="nobene" pos="X">nobene</wf>
         <wf lemma="prave" pos="X">prave</wf>
         <wf lemma="fotogeničnosti" pos="X">fotogeničnosti</wf>
         <wf lemma="," pos="X">,</wf>
         <wf lemma="ko" pos="X">ko</wf>
         <wf lemma="me" pos="X">me</wf>
         <wf lemma="vidi" pos="X">vidi</wf>
         <wf lemma="le" pos="X">le</wf>
         <wf lemma="v" pos="X">v</wf>
         <wf lemma="podplate" pos="X">podplate</wf>
         <wf lemma="in" pos="X">in</wf>
         <wf lemma="sem" pos="X">sem</wf>
         <wf lemma="in" pos="X">in</wf>
         <wf lemma="tja" pos="X">tja</wf>
         <wf lemma="v" pos="X">v</wf>
         <wf lemma="zadnjo" pos="X">zadnjo</wf>
         <wf lemma="plat" pos="X">plat</wf>
         <wf lemma="." pos="X">.</wf>
      </sentence>
      <sentence id="d000.s1124" source="wordnet-slovenian">
         <wf lemma="Upravni" pos="X">Upravni</wf>
         <wf lemma="odbor" pos="X">odbor</wf>
         <wf lemma="trebanjskega" pos="X">trebanjskega</wf>
         <instance id="d000.s1124.t000" lemma="klub" pos="NOUN">kluba</instance>
         <wf lemma="je" pos="X">je</wf>
         <wf lemma="v" pos="X">v</wf>
         <wf lemma="torek" pos="X">torek</wf>
         <wf lemma="za" pos="X">za</wf>
         <wf lemma="trenerja" pos="X">trenerja</wf>
         <wf lemma="v" pos="X">v</wf>
         <wf lemma="prihodnji" pos="X">prihodnji</wf>
         <wf lemma="sezoni" pos="X">sezoni</wf>
         <wf lemma="potrdil" pos="X">potrdil</wf>
         <wf lemma="Ilijo" pos="X">Ilijo</wf>
         <wf lemma="Puljevića" pos="X">Puljevića</wf>
         <wf lemma="," pos="X">,</wf>
         <wf lemma="pred" pos="X">pred</wf>
         <wf lemma="ekipo" pos="X">ekipo</wf>
         <wf lemma="pa" pos="X">pa</wf>
         <wf lemma="postavil" pos="X">postavil</wf>
         <wf lemma="zelo" pos="X">zelo</wf>
         <wf lemma="visok" pos="X">visok</wf>
         <wf lemma="cilj" pos="X">cilj</wf>
         <wf lemma="-" pos="X">-</wf>
         <wf lemma="uvrstitev" pos="X">uvrstitev</wf>
         <wf lemma="na" pos="X">na</wf>
         <wf lemma="četrto" pos="X">četrto</wf>
         <wf lemma="mesto" pos="X">mesto</wf>
         <wf lemma="." pos="X">.</wf>
      </sentence>
      <sentence id="d000.s1125" source="wordnet-slovenian">
         <wf lemma="Ogled" pos="X">Ogled</wf>
         <wf lemma="vozil" pos="X">vozil</wf>
         <wf lemma="bo" pos="X">bo</wf>
         <wf lemma="v" pos="X">v</wf>
         <wf lemma="četrtek" pos="X">četrtek</wf>
         <wf lemma="," pos="X">,</wf>
         <wf lemma="24.12.1998" pos="X">24.12.1998</wf>
         <wf lemma="," pos="X">,</wf>
         <wf lemma="od" pos="X">od</wf>
         <wf lemma="8." pos="X">8.</wf>
         <wf lemma="do" pos="X">do</wf>
         <wf lemma="15." pos="X">15.</wf>
         <instance id="d000.s1125.t000" lemma="ura" pos="NOUN">ure</instance>
         <wf lemma="ter" pos="X">ter</wf>
         <wf lemma="eno" pos="X">eno</wf>
         <wf lemma="uro" pos="X">uro</wf>
         <wf lemma="pred" pos="X">pred</wf>
         <wf lemma="začetkom" pos="X">začetkom</wf>
         <wf lemma="licitacije" pos="X">licitacije</wf>
         <wf lemma="." pos="X">.</wf>
      </sentence>
      <sentence id="d000.s1126" source="wordnet-slovenian">
         <wf lemma="Po" pos="X">Po</wf>
         <wf lemma="prepričljivem" pos="X">prepričljivem</wf>
         <wf lemma="uspehu" pos="X">uspehu</wf>
         <wf lemma="referenduma" pos="X">referenduma</wf>
         <wf lemma="o" pos="X">o</wf>
         <wf lemma="Natu" pos="X">Natu</wf>
         <wf lemma="je" pos="X">je</wf>
         <wf lemma="del" pos="X">del</wf>
         <wf lemma="vladajoče" pos="X">vladajoče</wf>
         <instance id="d000.s1126.t000" lemma="politika" pos="NOUN">politike</instance>
         <wf lemma="skušal" pos="X">skušal</wf>
         <wf lemma="obračunati" pos="X">obračunati</wf>
         <wf lemma="z" pos="X">z</wf>
         <wf lemma="njim" pos="X">njim</wf>
         <wf lemma="prek" pos="X">prek</wf>
         <wf lemma="instrumentalizacije" pos="X">instrumentalizacije</wf>
         <wf lemma="tožilstva" pos="X">tožilstva</wf>
         <wf lemma="." pos="X">.</wf>
      </sentence>
      <sentence id="d000.s1127" source="wordnet-slovenian">
         <wf lemma="Kot" pos="X">Kot</wf>
         <wf lemma="je" pos="X">je</wf>
         <wf lemma="povedal" pos="X">povedal</wf>
         <wf lemma="direktor" pos="X">direktor</wf>
         <wf lemma="Leopold" pos="X">Leopold</wf>
         <wf lemma="Panjan" pos="X">Panjan</wf>
         <wf lemma="," pos="X">,</wf>
         <wf lemma="na" pos="X">na</wf>
         <wf lemma="vseh" pos="X">vseh</wf>
         <wf lemma="ravneh" pos="X">ravneh</wf>
         <wf lemma="v" pos="X">v</wf>
         <wf lemma="tovarni" pos="X">tovarni</wf>
         <wf lemma="uvajajo" pos="X">uvajajo</wf>
         <instance id="d000.s1127.t000" lemma="sistem" pos="NOUN">sistem</instance>
         <wf lemma="&quot;" pos="X">&quot;</wf>
         <wf lemma="Planiraj" pos="X">Planiraj</wf>
         <wf lemma="," pos="X">,</wf>
         <wf lemma="naredi" pos="X">naredi</wf>
         <wf lemma="," pos="X">,</wf>
         <wf lemma="preveri" pos="X">preveri</wf>
         <wf lemma="," pos="X">,</wf>
         <wf lemma="ukrepaj" pos="X">ukrepaj</wf>
         <wf lemma="!" pos="X">!</wf>
      </sentence>
      <sentence id="d000.s1128" source="wordnet-slovenian">
         <wf lemma="Ta" pos="X">Ta</wf>
         <wf lemma="članek" pos="X">članek</wf>
         <wf lemma="je" pos="X">je</wf>
         <wf lemma="Alexandra" pos="X">Alexandra</wf>
         <wf lemma="Stiglmeyer" pos="X">Stiglmeyer</wf>
         <wf lemma="hotela" pos="X">hotela</wf>
         <wf lemma="uporabiti" pos="X">uporabiti</wf>
         <wf lemma="za" pos="X">za</wf>
         <instance id="d000.s1128.t000" lemma="začetek" pos="NOUN">začetek</instance>
         <wf lemma="svoje" pos="X">svoje</wf>
         <wf lemma="antologije" pos="X">antologije</wf>
         <wf lemma="o" pos="X">o</wf>
         <wf lemma="posilstvih" pos="X">posilstvih</wf>
         <wf lemma="kot" pos="X">kot</wf>
         <wf lemma="nekakšen" pos="X">nekakšen</wf>
         <wf lemma="tematski" pos="X">tematski</wf>
         <wf lemma="uvod" pos="X">uvod</wf>
         <wf lemma="." pos="X">.</wf>
      </sentence>
      <sentence id="d000.s1129" source="wordnet-slovenian">
         <wf lemma="V" pos="X">V</wf>
         <wf lemma="bistvu" pos="X">bistvu</wf>
         <wf lemma="gre" pos="X">gre</wf>
         <wf lemma="za" pos="X">za</wf>
         <instance id="d000.s1129.t000" lemma="sistem" pos="NOUN">sistem</instance>
         <wf lemma="Stanislavskega" pos="X">Stanislavskega</wf>
         <wf lemma="," pos="X">,</wf>
         <wf lemma="prilagojen" pos="X">prilagojen</wf>
         <wf lemma="moderni" pos="X">moderni</wf>
         <wf lemma="senzibilnosti" pos="X">senzibilnosti</wf>
         <wf lemma="." pos="X">.</wf>
      </sentence>
      <sentence id="d000.s1130" source="wordnet-slovenian">
         <wf lemma="Isti" pos="X">Isti</wf>
         <instance id="d000.s1130.t000" lemma="dan" pos="NOUN">dan</instance>
         <wf lemma="," pos="X">,</wf>
         <wf lemma="ko" pos="X">ko</wf>
         <wf lemma="smo" pos="X">smo</wf>
         <wf lemma="nagnali" pos="X">nagnali</wf>
         <wf lemma="JLA" pos="X">JLA</wf>
         <wf lemma="iz" pos="X">iz</wf>
         <wf lemma="Slovenije" pos="X">Slovenije</wf>
         <wf lemma="," pos="X">,</wf>
         <wf lemma="so" pos="X">so</wf>
         <wf lemma="šele" pos="X">šele</wf>
         <wf lemma="avstrijske" pos="X">avstrijske</wf>
         <wf lemma="obrambne" pos="X">obrambne</wf>
         <wf lemma="sile" pos="X">sile</wf>
         <wf lemma="zaznale" pos="X">zaznale</wf>
         <wf lemma="prelet" pos="X">prelet</wf>
         <wf lemma="jugoslovanskega" pos="X">jugoslovanskega</wf>
         <wf lemma="bojnega" pos="X">bojnega</wf>
         <wf lemma="letala" pos="X">letala</wf>
         <wf lemma="čez" pos="X">čez</wf>
         <wf lemma="Slovenijo" pos="X">Slovenijo</wf>
         <wf lemma="(" pos="X">(</wf>
         <wf lemma="kaj" pos="X">kaj</wf>
         <wf lemma="pa" pos="X">pa</wf>
         <wf lemma="je" pos="X">je</wf>
         <wf lemma="delala" pos="X">delala</wf>
         <wf lemma="protitočna" pos="X">protitočna</wf>
         <wf lemma="abramba" pos="X">abramba</wf>
         <wf lemma="press" pos="X">press</wf>
         <wf lemma=")" pos="X">)</wf>
         <wf lemma="." pos="X">.</wf>
      </sentence>
      <sentence id="d000.s1131" source="wordnet-slovenian">
         <wf lemma="Dokazila" pos="X">Dokazila</wf>
         <wf lemma="v" pos="X">v</wf>
         <wf lemma="portfoliu" pos="X">portfoliu</wf>
         <wf lemma="dajejo" pos="X">dajejo</wf>
         <wf lemma="odgovore" pos="X">odgovore</wf>
         <wf lemma="na" pos="X">na</wf>
         <instance id="d000.s1131.t000" lemma="vprašanje" pos="NOUN">vprašanja</instance>
         <wf lemma=":" pos="X">:</wf>
         <wf lemma="»" pos="X">»</wf>
         <wf lemma="Kdo" pos="X">Kdo</wf>
         <wf lemma="sem" pos="X">sem</wf>
         <wf lemma="?" pos="X">?</wf>
      </sentence>
      <sentence id="d000.s1132" source="wordnet-slovenian">
         <wf lemma="Med" pos="X">Med</wf>
         <wf lemma="porodom" pos="X">porodom</wf>
         <wf lemma="bo" pos="X">bo</wf>
         <wf lemma="poleg" pos="X">poleg</wf>
         <wf lemma="mene" pos="X">mene</wf>
         <wf lemma="Boris" pos="X">Boris</wf>
         <wf lemma="," pos="X">,</wf>
         <wf lemma="ki" pos="X">ki</wf>
         <wf lemma="me" pos="X">me</wf>
         <wf lemma="bo" pos="X">bo</wf>
         <wf lemma="držal" pos="X">držal</wf>
         <wf lemma="za" pos="X">za</wf>
         <instance id="d000.s1132.t000" lemma="roka" pos="NOUN">roko</instance>
         <wf lemma="in" pos="X">in</wf>
         <wf lemma="mi" pos="X">mi</wf>
         <wf lemma="pomagal" pos="X">pomagal</wf>
         <wf lemma="." pos="X">.</wf>
      </sentence>
      <sentence id="d000.s1133" source="wordnet-slovenian">
         <wf lemma="Obisk" pos="X">Obisk</wf>
         <wf lemma="ameriškega" pos="X">ameriškega</wf>
         <wf lemma="predsednika" pos="X">predsednika</wf>
         <wf lemma="Georgea" pos="X">Georgea</wf>
         <wf lemma="W." pos="X">W.</wf>
         <wf lemma="Busha" pos="X">Busha</wf>
         <wf lemma="bo" pos="X">bo</wf>
         <wf lemma="tako" pos="X">tako</wf>
         <wf lemma="s" pos="X">s</wf>
         <wf lemma="seboj" pos="X">seboj</wf>
         <wf lemma="nosil" pos="X">nosil</wf>
         <wf lemma="tudi" pos="X">tudi</wf>
         <wf lemma="simboliko" pos="X">simboliko</wf>
         <wf lemma="," pos="X">,</wf>
         <wf lemma="saj" pos="X">saj</wf>
         <wf lemma="je" pos="X">je</wf>
         <wf lemma="administracija" pos="X">administracija</wf>
         <wf lemma="njegovega" pos="X">njegovega</wf>
         <wf lemma="očeta" pos="X">očeta</wf>
         <wf lemma="," pos="X">,</wf>
         <wf lemma="predsednika" pos="X">predsednika</wf>
         <wf lemma="Georgea" pos="X">Georgea</wf>
         <wf lemma="H." pos="X">H.</wf>
         <wf lemma="W." pos="X">W.</wf>
         <wf lemma="Busha" pos="X">Busha</wf>
         <wf lemma="," pos="X">,</wf>
         <instance id="d000.s1133.t000" lemma="leto" pos="NOUN">leta</instance>
         <wf lemma="1991" pos="X">1991</wf>
         <wf lemma="nasprotovala" pos="X">nasprotovala</wf>
         <wf lemma="osamosvojitvi" pos="X">osamosvojitvi</wf>
         <wf lemma="Slovenije" pos="X">Slovenije</wf>
         <wf lemma="in" pos="X">in</wf>
         <wf lemma="potihem" pos="X">potihem</wf>
         <wf lemma="pristala" pos="X">pristala</wf>
         <wf lemma="na" pos="X">na</wf>
         <wf lemma="posredovanje" pos="X">posredovanje</wf>
         <wf lemma="JLA" pos="X">JLA</wf>
         <wf lemma="." pos="X">.</wf>
      </sentence>
      <sentence id="d000.s1134" source="wordnet-slovenian">
         <wf lemma="Avtor" pos="X">Avtor</wf>
         <instance id="d000.s1134.t000" lemma="delo" pos="NOUN">dela</instance>
         <wf lemma="»" pos="X">»</wf>
         <wf lemma="Pisanice" pos="X">Pisanice</wf>
         <wf lemma="«" pos="X">«</wf>
         <wf lemma="časovno" pos="X">časovno</wf>
         <wf lemma="postavlja" pos="X">postavlja</wf>
         <wf lemma="pred" pos="X">pred</wf>
         <wf lemma="»" pos="X">»</wf>
         <wf lemma="Čašo" pos="X">Čašo</wf>
         <wf lemma="«" pos="X">«</wf>
         <wf lemma="," pos="X">,</wf>
         <wf lemma="»" pos="X">»</wf>
         <wf lemma="Sto" pos="X">Sto</wf>
         <wf lemma="ugank" pos="X">ugank</wf>
         <wf lemma="«" pos="X">«</wf>
         <wf lemma="in" pos="X">in</wf>
         <wf lemma="»" pos="X">»</wf>
         <wf lemma="Cicibana" pos="X">Cicibana</wf>
         <wf lemma="«" pos="X">«</wf>
         <wf lemma="uvršča" pos="X">uvršča</wf>
         <wf lemma="med" pos="X">med</wf>
         <wf lemma="»" pos="X">»</wf>
         <wf lemma="Samogovore" pos="X">Samogovore</wf>
         <wf lemma="«" pos="X">«</wf>
         <wf lemma="in" pos="X">in</wf>
         <wf lemma="»" pos="X">»</wf>
         <wf lemma="Zarje" pos="X">Zarje</wf>
         <wf lemma="Vidove" pos="X">Vidove</wf>
         <wf lemma="«" pos="X">«</wf>
         <wf lemma="," pos="X">,</wf>
         <wf lemma="prikaza" pos="X">prikaza</wf>
         <wf lemma="proze" pos="X">proze</wf>
         <wf lemma="se" pos="X">se</wf>
         <wf lemma="loteva" pos="X">loteva</wf>
         <wf lemma="prvi" pos="X">prvi</wf>
         <wf lemma="," pos="X">,</wf>
         <wf lemma="saj" pos="X">saj</wf>
         <wf lemma="je" pos="X">je</wf>
         <wf lemma="tudi" pos="X">tudi</wf>
         <wf lemma="prvi" pos="X">prvi</wf>
         <wf lemma="imel" pos="X">imel</wf>
         <wf lemma="možnost" pos="X">možnost</wf>
         <wf lemma="pregleda" pos="X">pregleda</wf>
         <wf lemma="čeznjo" pos="X">čeznjo</wf>
         <wf lemma="." pos="X">.</wf>
      </sentence>
      <sentence id="d000.s1135" source="wordnet-slovenian">
         <wf lemma="Študente" pos="X">Študente</wf>
         <wf lemma="podpirajo" pos="X">podpirajo</wf>
         <wf lemma="tako" pos="X">tako</wf>
         <wf lemma="rekoč" pos="X">rekoč</wf>
         <wf lemma="vse" pos="X">vse</wf>
         <wf lemma="albanske" pos="X">albanske</wf>
         <instance id="d000.s1135.t000" lemma="stranka" pos="NOUN">stranke</instance>
         <wf lemma="," pos="X">,</wf>
         <wf lemma="nekatere" pos="X">nekatere</wf>
         <wf lemma="bolj" pos="X">bolj</wf>
         <wf lemma="odkrito" pos="X">odkrito</wf>
         <wf lemma="," pos="X">,</wf>
         <wf lemma="druge" pos="X">druge</wf>
         <wf lemma="manj" pos="X">manj</wf>
         <wf lemma="," pos="X">,</wf>
         <wf lemma="le" pos="X">le</wf>
         <wf lemma="najbolj" pos="X">najbolj</wf>
         <wf lemma="množična" pos="X">množična</wf>
         <wf lemma="Demokratična" pos="X">Demokratična</wf>
         <wf lemma="zveza" pos="X">zveza</wf>
         <wf lemma="Kosova" pos="X">Kosova</wf>
         <wf lemma="za" pos="X">za</wf>
         <wf lemma="zdaj" pos="X">zdaj</wf>
         <wf lemma="še" pos="X">še</wf>
         <wf lemma="ni" pos="X">ni</wf>
         <wf lemma="povedala" pos="X">povedala</wf>
         <wf lemma="svojega" pos="X">svojega</wf>
         <wf lemma="mnenja" pos="X">mnenja</wf>
         <wf lemma="o" pos="X">o</wf>
         <wf lemma="njihovih" pos="X">njihovih</wf>
         <wf lemma="zahtevah" pos="X">zahtevah</wf>
         <wf lemma="." pos="X">.</wf>
      </sentence>
      <sentence id="d000.s1136" source="wordnet-slovenian">
         <wf lemma="S" pos="X">S</wf>
         <wf lemma="približno" pos="X">približno</wf>
         <wf lemma="temi" pos="X">temi</wf>
         <wf lemma="besedami" pos="X">besedami</wf>
         <wf lemma="nam" pos="X">nam</wf>
         <wf lemma="je" pos="X">je</wf>
         <wf lemma="Jernej" pos="X">Jernej</wf>
         <wf lemma="Zajec" pos="X">Zajec</wf>
         <wf lemma="," pos="X">,</wf>
         <wf lemma="direktor" pos="X">direktor</wf>
         <wf lemma="projektov" pos="X">projektov</wf>
         <wf lemma="iz" pos="X">iz</wf>
         <wf lemma="podjetja" pos="X">podjetja</wf>
         <wf lemma="Hosting" pos="X">Hosting</wf>
         <wf lemma="(" pos="X">(</wf>
         <wf lemma="poleg" pos="X">poleg</wf>
         <wf lemma="Petra" pos="X">Petra</wf>
         <wf lemma="Vesenjaka" pos="X">Vesenjaka</wf>
         <wf lemma="," pos="X">,</wf>
         <wf lemma="direktorja" pos="X">direktorja</wf>
         <wf lemma="Hostinga" pos="X">Hostinga</wf>
         <wf lemma="," pos="X">,</wf>
         <wf lemma="je" pos="X">je</wf>
         <wf lemma="glavni" pos="X">glavni</wf>
         <wf lemma="pobudnik" pos="X">pobudnik</wf>
         <wf lemma="akcije" pos="X">akcije</wf>
         <wf lemma="o" pos="X">o</wf>
         <wf lemma="»" pos="X">»</wf>
         <wf lemma="stranskih" pos="X">stranskih</wf>
         <wf lemma="poteh" pos="X">poteh</wf>
         <wf lemma="«" pos="X">«</wf>
         <wf lemma=")" pos="X">)</wf>
         <wf lemma="," pos="X">,</wf>
         <wf lemma="pojasnil" pos="X">pojasnil</wf>
         <wf lemma="," pos="X">,</wf>
         <wf lemma="kaj" pos="X">kaj</wf>
         <wf lemma="v" pos="X">v</wf>
         <wf lemma="resnici" pos="X">resnici</wf>
         <wf lemma="pomeni" pos="X">pomeni</wf>
         <wf lemma="to" pos="X">to</wf>
         <instance id="d000.s1136.t000" lemma="ime" pos="NOUN">ime</instance>
         <wf lemma="." pos="X">.</wf>
      </sentence>
      <sentence id="d000.s1137" source="wordnet-slovenian">
         <wf lemma="Jezero" pos="X">Jezero</wf>
         <wf lemma="že" pos="X">že</wf>
         <wf lemma="polnijo" pos="X">polnijo</wf>
         <wf lemma="z" pos="X">z</wf>
         <instance id="d000.s1137.t000" lemma="voda" pos="NOUN">vodo</instance>
         <wf lemma="," pos="X">,</wf>
         <wf lemma="tako" pos="X">tako</wf>
         <wf lemma="da" pos="X">da</wf>
         <wf lemma="bodo" pos="X">bodo</wf>
         <wf lemma="ob" pos="X">ob</wf>
         <wf lemma="dovolj" pos="X">dovolj</wf>
         <wf lemma="nizkih" pos="X">nizkih</wf>
         <wf lemma="temperaturah" pos="X">temperaturah</wf>
         <wf lemma="pripravljeni" pos="X">pripravljeni</wf>
         <wf lemma="za" pos="X">za</wf>
         <wf lemma="izdelavo" pos="X">izdelavo</wf>
         <wf lemma="kompaktnega" pos="X">kompaktnega</wf>
         <wf lemma="snega" pos="X">snega</wf>
         <wf lemma="." pos="X">.</wf>
      </sentence>
      <sentence id="d000.s1138" source="wordnet-slovenian">
         <wf lemma="Prisotni" pos="X">Prisotni</wf>
         <wf lemma="v" pos="X">v</wf>
         <wf lemma="sobi" pos="X">sobi</wf>
         <wf lemma="so" pos="X">so</wf>
         <wf lemma="se" pos="X">se</wf>
         <wf lemma="že" pos="X">že</wf>
         <wf lemma="napolnili" pos="X">napolnili</wf>
         <wf lemma="s" pos="X">s</wf>
         <wf lemma="tremi" pos="X">tremi</wf>
         <wf lemma="dvojnimi" pos="X">dvojnimi</wf>
         <wf lemma="odmerki" pos="X">odmerki</wf>
         <wf lemma="vodke" pos="X">vodke</wf>
         <wf lemma="," pos="X">,</wf>
         <wf lemma="kot" pos="X">kot</wf>
         <wf lemma="običajno" pos="X">običajno</wf>
         <wf lemma="so" pos="X">so</wf>
         <wf lemma="pognali" pos="X">pognali</wf>
         <wf lemma="po" pos="X">po</wf>
         <wf lemma="grlu" pos="X">grlu</wf>
         <wf lemma="eno" pos="X">eno</wf>
         <wf lemma="za" pos="X">za</wf>
         <wf lemma="drugo" pos="X">drugo</wf>
         <wf lemma="," pos="X">,</wf>
         <wf lemma="takoj" pos="X">takoj</wf>
         <wf lemma="nato" pos="X">nato</wf>
         <wf lemma="pa" pos="X">pa</wf>
         <wf lemma="prižgali" pos="X">prižgali</wf>
         <wf lemma="vsak" pos="X">vsak</wf>
         <wf lemma="svoj" pos="X">svoj</wf>
         <wf lemma="zavitek" pos="X">zavitek</wf>
         <wf lemma="-" pos="X">-</wf>
         <wf lemma="to" pos="X">to</wf>
         <wf lemma="je" pos="X">je</wf>
         <wf lemma="bil" pos="X">bil</wf>
         <wf lemma="hkrati" pos="X">hkrati</wf>
         <wf lemma="trenutek" pos="X">trenutek</wf>
         <wf lemma="," pos="X">,</wf>
         <wf lemma="ko" pos="X">ko</wf>
         <wf lemma="je" pos="X">je</wf>
         <wf lemma="glasba" pos="X">glasba</wf>
         <wf lemma="s" pos="X">s</wf>
         <wf lemma="svojimi" pos="X">svojimi</wf>
         <wf lemma="temnimi" pos="X">temnimi</wf>
         <wf lemma="toni" pos="X">toni</wf>
         <wf lemma="preplavila" pos="X">preplavila</wf>
         <instance id="d000.s1138.t000" lemma="hiša" pos="NOUN">hišo</instance>
         <wf lemma="in" pos="X">in</wf>
         <wf lemma="se" pos="X">se</wf>
         <wf lemma="razlila" pos="X">razlila</wf>
         <wf lemma="prek" pos="X">prek</wf>
         <wf lemma="trga" pos="X">trga</wf>
         <wf lemma="," pos="X">,</wf>
         <wf lemma="tako" pos="X">tako</wf>
         <wf lemma="da" pos="X">da</wf>
         <wf lemma="so" pos="X">so</wf>
         <wf lemma="nekje" pos="X">nekje</wf>
         <wf lemma="na" pos="X">na</wf>
         <wf lemma="polovici" pos="X">polovici</wf>
         <wf lemma="zvitka" pos="X">zvitka</wf>
         <wf lemma="zaslišali" pos="X">zaslišali</wf>
         <wf lemma="trkanje" pos="X">trkanje</wf>
         <wf lemma="po" pos="X">po</wf>
         <wf lemma="vratih" pos="X">vratih</wf>
         <wf lemma="pameti" pos="X">pameti</wf>
         <wf lemma="," pos="X">,</wf>
         <wf lemma="le" pos="X">le</wf>
         <wf lemma="trenutek" pos="X">trenutek</wf>
         <wf lemma="zatem" pos="X">zatem</wf>
         <wf lemma="pa" pos="X">pa</wf>
         <wf lemma="sta" pos="X">sta</wf>
         <wf lemma="jo" pos="X">jo</wf>
         <wf lemma="pijača" pos="X">pijača</wf>
         <wf lemma="in" pos="X">in</wf>
         <wf lemma="dim" pos="X">dim</wf>
         <wf lemma="zavzela" pos="X">zavzela</wf>
         <wf lemma="v" pos="X">v</wf>
         <wf lemma="enem" pos="X">enem</wf>
         <wf lemma="samem" pos="X">samem</wf>
         <wf lemma="naskoku" pos="X">naskoku</wf>
         <wf lemma="in" pos="X">in</wf>
         <wf lemma="jo" pos="X">jo</wf>
         <wf lemma="zdrobila" pos="X">zdrobila</wf>
         <wf lemma="v" pos="X">v</wf>
         <wf lemma="prah" pos="X">prah</wf>
         <wf lemma="." pos="X">.</wf>
      </sentence>
      <sentence id="d000.s1139" source="wordnet-slovenian">
         <wf lemma="V" pos="X">V</wf>
         <wf lemma="29." pos="X">29.</wf>
         <instance id="d000.s1139.t000" lemma="minuta" pos="NOUN">minuti</instance>
         <wf lemma="je" pos="X">je</wf>
         <wf lemma="domača" pos="X">domača</wf>
         <wf lemma="ekipa" pos="X">ekipa</wf>
         <wf lemma="zamudila" pos="X">zamudila</wf>
         <wf lemma="priložnost" pos="X">priložnost</wf>
         <wf lemma="," pos="X">,</wf>
         <wf lemma="da" pos="X">da</wf>
         <wf lemma="bi" pos="X">bi</wf>
         <wf lemma="s" pos="X">s</wf>
         <wf lemma="strelom" pos="X">strelom</wf>
         <wf lemma="iz" pos="X">iz</wf>
         <wf lemma="enajstmetrovke" pos="X">enajstmetrovke</wf>
         <wf lemma="povedla" pos="X">povedla</wf>
         <wf lemma="z" pos="X">z</wf>
         <wf lemma="2:0" pos="X">2:0</wf>
         <wf lemma="." pos="X">.</wf>
      </sentence>
      <sentence id="d000.s1140" source="wordnet-slovenian">
         <wf lemma="V" pos="X">V</wf>
         <wf lemma="istem" pos="X">istem</wf>
         <wf lemma="Terezijinem" pos="X">Terezijinem</wf>
         <wf lemma="delu" pos="X">delu</wf>
         <wf lemma="lahko" pos="X">lahko</wf>
         <wf lemma="preberemo" pos="X">preberemo</wf>
         <wf lemma=":" pos="X">:</wf>
         <wf lemma="“" pos="X">“</wf>
         <wf lemma="Vrtnar" pos="X">Vrtnar</wf>
         <wf lemma="," pos="X">,</wf>
         <wf lemma="ki" pos="X">ki</wf>
         <wf lemma="goji" pos="X">goji</wf>
         <wf lemma="kak" pos="X">kak</wf>
         <wf lemma="sad" pos="X">sad</wf>
         <wf lemma="s" pos="X">s</wf>
         <wf lemma="prav" pos="X">prav</wf>
         <wf lemma="izredno" pos="X">izredno</wf>
         <wf lemma="skrbnostjo" pos="X">skrbnostjo</wf>
         <wf lemma="," pos="X">,</wf>
         <wf lemma="da" pos="X">da</wf>
         <wf lemma="bi" pos="X">bi</wf>
         <wf lemma="mu" pos="X">mu</wf>
         <wf lemma="dozorel" pos="X">dozorel</wf>
         <wf lemma="pred" pos="X">pred</wf>
         <instance id="d000.s1140.t000" lemma="čas" pos="NOUN">časom</instance>
         <wf lemma="," pos="X">,</wf>
         <wf lemma="ima" pos="X">ima</wf>
         <wf lemma="pri" pos="X">pri</wf>
         <wf lemma="tem" pos="X">tem</wf>
         <wf lemma="poseben" pos="X">poseben</wf>
         <wf lemma="namen" pos="X">namen</wf>
         <wf lemma="." pos="X">.</wf>
      </sentence>
      <sentence id="d000.s1141" source="wordnet-slovenian">
         <wf lemma="To" pos="X">To</wf>
         <wf lemma="bi" pos="X">bi</wf>
         <wf lemma="bila" pos="X">bila</wf>
         <wf lemma="pravična" pos="X">pravična</wf>
         <instance id="d000.s1141.t000" lemma="vojna" pos="NOUN">vojna</instance>
         <wf lemma="." pos="X">.</wf>
      </sentence>
      <sentence id="d000.s1142" source="wordnet-slovenian">
         <wf lemma="»" pos="X">»</wf>
         <wf lemma="Spominjam" pos="X">Spominjam</wf>
         <wf lemma="se" pos="X">se</wf>
         <wf lemma="," pos="X">,</wf>
         <wf lemma="da" pos="X">da</wf>
         <wf lemma="je" pos="X">je</wf>
         <wf lemma="Casanova" pos="X">Casanova</wf>
         <wf lemma="po" pos="X">po</wf>
         <wf lemma="navadi" pos="X">navadi</wf>
         <wf lemma="na" pos="X">na</wf>
         <wf lemma="glas" pos="X">glas</wf>
         <wf lemma="navijal" pos="X">navijal</wf>
         <wf lemma="rokenrol" pos="X">rokenrol</wf>
         <wf lemma="glasbo" pos="X">glasbo</wf>
         <wf lemma="," pos="X">,</wf>
         <wf lemma="kadar" pos="X">kadar</wf>
         <wf lemma="je" pos="X">je</wf>
         <wf lemma="bil" pos="X">bil</wf>
         <wf lemma="v" pos="X">v</wf>
         <instance id="d000.s1142.t000" lemma="hiša" pos="NOUN">hiši</instance>
         <wf lemma="." pos="X">.</wf>
      </sentence>
      <sentence id="d000.s1143" source="wordnet-slovenian">
         <wf lemma="Ob" pos="X">Ob</wf>
         <wf lemma="neki" pos="X">neki</wf>
         <wf lemma="priložnosti" pos="X">priložnosti</wf>
         <wf lemma="je" pos="X">je</wf>
         <wf lemma="celo" pos="X">celo</wf>
         <wf lemma="dejala" pos="X">dejala</wf>
         <wf lemma="," pos="X">,</wf>
         <wf lemma="da" pos="X">da</wf>
         <wf lemma="sumi" pos="X">sumi</wf>
         <wf lemma="," pos="X">,</wf>
         <wf lemma="da" pos="X">da</wf>
         <wf lemma="Moorova" pos="X">Moorova</wf>
         <wf lemma="na" pos="X">na</wf>
         <wf lemma="drugi" pos="X">drugi</wf>
         <instance id="d000.s1143.t000" lemma="stran" pos="NOUN">strani</instance>
         <wf lemma="žice" pos="X">žice</wf>
         <wf lemma="ni" pos="X">ni</wf>
         <wf lemma="sama" pos="X">sama</wf>
         <wf lemma="in" pos="X">in</wf>
         <wf lemma="da" pos="X">da</wf>
         <wf lemma="si" pos="X">si</wf>
         <wf lemma="nekdo" pos="X">nekdo</wf>
         <wf lemma="zapisuje" pos="X">zapisuje</wf>
         <wf lemma="njun" pos="X">njun</wf>
         <wf lemma="pogovor" pos="X">pogovor</wf>
         <wf lemma="." pos="X">.</wf>
      </sentence>
      <sentence id="d000.s1144" source="wordnet-slovenian">
         <wf lemma="Seje" pos="X">Seje</wf>
         <wf lemma="kongresa" pos="X">kongresa</wf>
         <wf lemma="so" pos="X">so</wf>
         <wf lemma="se" pos="X">se</wf>
         <wf lemma="začele" pos="X">začele</wf>
         <wf lemma="šele" pos="X">šele</wf>
         <wf lemma="zvečer" pos="X">zvečer</wf>
         <wf lemma="in" pos="X">in</wf>
         <wf lemma="so" pos="X">so</wf>
         <wf lemma="trajale" pos="X">trajale</wf>
         <wf lemma="tri" pos="X">tri</wf>
         <wf lemma="do" pos="X">do</wf>
         <wf lemma="štiri" pos="X">štiri</wf>
         <instance id="d000.s1144.t000" lemma="ura" pos="NOUN">ure</instance>
         <wf lemma="." pos="X">.</wf>
      </sentence>
      <sentence id="d000.s1145" source="wordnet-slovenian">
         <wf lemma="Petindvajsetletnica" pos="X">Petindvajsetletnica</wf>
         <wf lemma="je" pos="X">je</wf>
         <instance id="d000.s1145.t000" lemma="leto" pos="NOUN">leta</instance>
         <wf lemma="1937" pos="X">1937</wf>
         <wf lemma="-" pos="X">-</wf>
         <wf lemma="torej" pos="X">torej</wf>
         <wf lemma="pred" pos="X">pred</wf>
         <wf lemma="65" pos="X">65</wf>
         <wf lemma="leti" pos="X">leti</wf>
         <wf lemma="-" pos="X">-</wf>
         <wf lemma="odšla" pos="X">odšla</wf>
         <wf lemma="v" pos="X">v</wf>
         <wf lemma="ZDA" pos="X">ZDA</wf>
         <wf lemma="in" pos="X">in</wf>
         <wf lemma="ustanovila" pos="X">ustanovila</wf>
         <wf lemma="lastno" pos="X">lastno</wf>
         <wf lemma="drsalno" pos="X">drsalno</wf>
         <wf lemma="revijo" pos="X">revijo</wf>
         <wf lemma="na" pos="X">na</wf>
         <wf lemma="ledu" pos="X">ledu</wf>
         <wf lemma="." pos="X">.</wf>
      </sentence>
      <sentence id="d000.s1146" source="wordnet-slovenian">
         <wf lemma="Agentka" pos="X">Agentka</wf>
         <wf lemma="ni" pos="X">ni</wf>
         <wf lemma="prav" pos="X">prav</wf>
         <wf lemma="dobro" pos="X">dobro</wf>
         <wf lemma="razmislila" pos="X">razmislila</wf>
         <wf lemma="in" pos="X">in</wf>
         <wf lemma="je" pos="X">je</wf>
         <wf lemma="rekla" pos="X">rekla</wf>
         <wf lemma=":" pos="X">:</wf>
         <wf lemma="»" pos="X">»</wf>
         <wf lemma="Seveda" pos="X">Seveda</wf>
         <wf lemma="," pos="X">,</wf>
         <wf lemma="Susan" pos="X">Susan</wf>
         <wf lemma="bom" pos="X">bom</wf>
         <wf lemma="prosila" pos="X">prosila</wf>
         <wf lemma="," pos="X">,</wf>
         <wf lemma="naj" pos="X">naj</wf>
         <wf lemma="spremeni" pos="X">spremeni</wf>
         <wf lemma="nekaj" pos="X">nekaj</wf>
         <instance id="d000.s1146.t000" lemma="beseda" pos="NOUN">besed</instance>
         <wf lemma="," pos="X">,</wf>
         <wf lemma="pa" pos="X">pa</wf>
         <wf lemma="bo" pos="X">bo</wf>
         <wf lemma="." pos="X">.</wf>
      </sentence>
      <sentence id="d000.s1147" source="wordnet-slovenian">
         <wf lemma="Zanimivo" pos="X">Zanimivo</wf>
         <wf lemma="je" pos="X">je</wf>
         <wf lemma="," pos="X">,</wf>
         <wf lemma="da" pos="X">da</wf>
         <wf lemma="so" pos="X">so</wf>
         <instance id="d000.s1147.t000" lemma="večina" pos="NOUN">večino</instance>
         <wf lemma="označenih" pos="X">označenih</wf>
         <wf lemma="morskih" pos="X">morskih</wf>
         <wf lemma="želv" pos="X">želv</wf>
         <wf lemma="opazili" pos="X">opazili</wf>
         <wf lemma="prav" pos="X">prav</wf>
         <wf lemma="na" pos="X">na</wf>
         <wf lemma="Jadranu" pos="X">Jadranu</wf>
         <wf lemma="," pos="X">,</wf>
         <wf lemma="točneje" pos="X">točneje</wf>
         <wf lemma="v" pos="X">v</wf>
         <wf lemma="vzhodnojadranskem" pos="X">vzhodnojadranskem</wf>
         <wf lemma="akvatoriju" pos="X">akvatoriju</wf>
         <wf lemma="." pos="X">.</wf>
      </sentence>
      <sentence id="d000.s1148" source="wordnet-slovenian">
         <wf lemma="Popoldnevi" pos="X">Popoldnevi</wf>
         <wf lemma="tam" pos="X">tam</wf>
         <wf lemma="predstavljajo" pos="X">predstavljajo</wf>
         <wf lemma="naši" pos="X">naši</wf>
         <wf lemma="družini" pos="X">družini</wf>
         <wf lemma="velik" pos="X">velik</wf>
         <wf lemma="užitek" pos="X">užitek</wf>
         <wf lemma="in" pos="X">in</wf>
         <wf lemma="predvsem" pos="X">predvsem</wf>
         <instance id="d000.s1148.t000" lemma="otrok" pos="NOUN">otroci</instance>
         <wf lemma="vsakič" pos="X">vsakič</wf>
         <wf lemma="znova" pos="X">znova</wf>
         <wf lemma="-" pos="X">-</wf>
         <wf lemma="smo" pos="X">smo</wf>
         <wf lemma="zelo" pos="X">zelo</wf>
         <wf lemma="redni" pos="X">redni</wf>
         <wf lemma="obiskovalci" pos="X">obiskovalci</wf>
         <wf lemma="-" pos="X">-</wf>
         <wf lemma="z" pos="X">z</wf>
         <wf lemma="užitkom" pos="X">užitkom</wf>
         <wf lemma="kukajo" pos="X">kukajo</wf>
         <wf lemma="čez" pos="X">čez</wf>
         <wf lemma="ograje" pos="X">ograje</wf>
         <wf lemma="k" pos="X">k</wf>
         <wf lemma="tigrom" pos="X">tigrom</wf>
         <wf lemma="," pos="X">,</wf>
         <wf lemma="slonom" pos="X">slonom</wf>
         <wf lemma="in" pos="X">in</wf>
         <wf lemma="žirafam" pos="X">žirafam</wf>
         <wf lemma="," pos="X">,</wf>
         <wf lemma="torej" pos="X">torej</wf>
         <wf lemma="živalim" pos="X">živalim</wf>
         <wf lemma="," pos="X">,</wf>
         <wf lemma="ki" pos="X">ki</wf>
         <wf lemma="niso" pos="X">niso</wf>
         <wf lemma="ravno" pos="X">ravno</wf>
         <wf lemma="del" pos="X">del</wf>
         <wf lemma="našega" pos="X">našega</wf>
         <wf lemma="vsakdanjika" pos="X">vsakdanjika</wf>
         <wf lemma="." pos="X">.</wf>
      </sentence>
      <sentence id="d000.s1149" source="wordnet-slovenian">
         <wf lemma="Tako" pos="X">Tako</wf>
         <wf lemma="bo" pos="X">bo</wf>
         <wf lemma="laže" pos="X">laže</wf>
         <wf lemma="sledil" pos="X">sledil</wf>
         <wf lemma="vašim" pos="X">vašim</wf>
         <instance id="d000.s1149.t000" lemma="predlog" pos="NOUN">predlogom</instance>
         <wf lemma="." pos="X">.</wf>
      </sentence>
      <sentence id="d000.s1150" source="wordnet-slovenian">
         <wf lemma="Murska" pos="X">Murska</wf>
         <wf lemma="Sobota" pos="X">Sobota</wf>
         <wf lemma="-" pos="X">-</wf>
         <wf lemma="Kmetijsko" pos="X">Kmetijsko</wf>
         <wf lemma="gospodarstvo" pos="X">gospodarstvo</wf>
         <wf lemma="Rakičan" pos="X">Rakičan</wf>
         <wf lemma="je" pos="X">je</wf>
         <wf lemma="na" pos="X">na</wf>
         <wf lemma="največji" pos="X">največji</wf>
         <wf lemma="prašičji" pos="X">prašičji</wf>
         <wf lemma="farmi" pos="X">farmi</wf>
         <wf lemma="v" pos="X">v</wf>
         <instance id="d000.s1150.t000" lemma="država" pos="NOUN">državi</instance>
         <wf lemma="v" pos="X">v</wf>
         <wf lemma="Nemščaku" pos="X">Nemščaku</wf>
         <wf lemma="," pos="X">,</wf>
         <wf lemma="na" pos="X">na</wf>
         <wf lemma="kateri" pos="X">kateri</wf>
         <wf lemma="letno" pos="X">letno</wf>
         <wf lemma="spitajo" pos="X">spitajo</wf>
         <wf lemma="85" pos="X">85</wf>
         <wf lemma="tisoč" pos="X">tisoč</wf>
         <wf lemma="prašičev" pos="X">prašičev</wf>
         <wf lemma="," pos="X">,</wf>
         <wf lemma="začelo" pos="X">začelo</wf>
         <wf lemma="graditi" pos="X">graditi</wf>
         <wf lemma="čistilne" pos="X">čistilne</wf>
         <wf lemma="kanale" pos="X">kanale</wf>
         <wf lemma="za" pos="X">za</wf>
         <wf lemma="reciklažo" pos="X">reciklažo</wf>
         <wf lemma="gnojevke" pos="X">gnojevke</wf>
         <wf lemma="," pos="X">,</wf>
         <wf lemma="katere" pos="X">katere</wf>
         <wf lemma="količino" pos="X">količino</wf>
         <wf lemma="bodo" pos="X">bodo</wf>
         <wf lemma="po" pos="X">po</wf>
         <wf lemma="končani" pos="X">končani</wf>
         <wf lemma="naložbi" pos="X">naložbi</wf>
         <wf lemma="zmanjšali" pos="X">zmanjšali</wf>
         <wf lemma="za" pos="X">za</wf>
         <wf lemma="30" pos="X">30</wf>
         <wf lemma="do" pos="X">do</wf>
         <wf lemma="40" pos="X">40</wf>
         <wf lemma="odstotkov" pos="X">odstotkov</wf>
         <wf lemma="." pos="X">.</wf>
      </sentence>
      <sentence id="d000.s1151" source="wordnet-slovenian">
         <wf lemma="-" pos="X">-</wf>
         <wf lemma="Ali" pos="X">Ali</wf>
         <wf lemma="konj" pos="X">konj</wf>
         <wf lemma="z" pos="X">z</wf>
         <wf lemma="izkazanim" pos="X">izkazanim</wf>
         <wf lemma="veseljem" pos="X">veseljem</wf>
         <wf lemma="ter" pos="X">ter</wf>
         <wf lemma="zadovoljstvom" pos="X">zadovoljstvom</wf>
         <wf lemma="pričakuje" pos="X">pričakuje</wf>
         <wf lemma="in" pos="X">in</wf>
         <wf lemma="v" pos="X">v</wf>
         <wf lemma="relativno" pos="X">relativno</wf>
         <wf lemma="kratkem" pos="X">kratkem</wf>
         <instance id="d000.s1151.t000" lemma="čas" pos="NOUN">času</instance>
         <wf lemma="zaužije" pos="X">zaužije</wf>
         <wf lemma="obrok" pos="X">obrok</wf>
         <wf lemma="krme" pos="X">krme</wf>
         <wf lemma="," pos="X">,</wf>
         <wf lemma="ki" pos="X">ki</wf>
         <wf lemma="mu" pos="X">mu</wf>
         <wf lemma="ga" pos="X">ga</wf>
         <wf lemma="položite" pos="X">položite</wf>
         <wf lemma="?" pos="X">?</wf>
      </sentence>
      <sentence id="d000.s1152" source="wordnet-slovenian">
         <wf lemma="Obstajajo" pos="X">Obstajajo</wf>
         <wf lemma="pa" pos="X">pa</wf>
         <wf lemma="tudi" pos="X">tudi</wf>
         <wf lemma="sledovi" pos="X">sledovi</wf>
         <wf lemma="kar" pos="X">kar</wf>
         <wf lemma="nekaj" pos="X">nekaj</wf>
         <wf lemma="klicev" pos="X">klicev</wf>
         <wf lemma="na" pos="X">na</wf>
         <wf lemma="911" pos="X">911</wf>
         <wf lemma="," pos="X">,</wf>
         <wf lemma="ki" pos="X">ki</wf>
         <wf lemma="so" pos="X">so</wf>
         <wf lemma="prihajali" pos="X">prihajali</wf>
         <wf lemma="s" pos="X">s</wf>
         <wf lemma="strehe" pos="X">strehe</wf>
         <wf lemma="," pos="X">,</wf>
         <wf lemma="ti" pos="X">ti</wf>
         <wf lemma="pa" pos="X">pa</wf>
         <wf lemma="kažejo" pos="X">kažejo</wf>
         <wf lemma="na" pos="X">na</wf>
         <wf lemma="to" pos="X">to</wf>
         <wf lemma="," pos="X">,</wf>
         <wf lemma="da" pos="X">da</wf>
         <instance id="d000.s1152.t000" lemma="del" pos="NOUN">del</instance>
         <wf lemma="strank" pos="X">strank</wf>
         <wf lemma="le" pos="X">le</wf>
         <wf lemma="ni" pos="X">ni</wf>
         <wf lemma="upošteval" pos="X">upošteval</wf>
         <wf lemma="napotkov" pos="X">napotkov</wf>
         <wf lemma="in" pos="X">in</wf>
         <wf lemma="je" pos="X">je</wf>
         <wf lemma="v" pos="X">v</wf>
         <wf lemma="obupu" pos="X">obupu</wf>
         <wf lemma="skušal" pos="X">skušal</wf>
         <wf lemma="pobegniti" pos="X">pobegniti</wf>
         <wf lemma="po" pos="X">po</wf>
         <wf lemma="zraku" pos="X">zraku</wf>
         <wf lemma="." pos="X">.</wf>
      </sentence>
      <sentence id="d000.s1153" source="wordnet-slovenian">
         <wf lemma="Nekaj" pos="X">Nekaj</wf>
         <wf lemma="študentk" pos="X">študentk</wf>
         <wf lemma="dveh" pos="X">dveh</wf>
         <wf lemma="angleških" pos="X">angleških</wf>
         <wf lemma="ženskih" pos="X">ženskih</wf>
         <wf lemma="kolidžev" pos="X">kolidžev</wf>
         <wf lemma="je" pos="X">je</wf>
         <wf lemma="zaprosilo" pos="X">zaprosilo</wf>
         <wf lemma="Virginio" pos="X">Virginio</wf>
         <wf lemma="Woolf" pos="X">Woolf</wf>
         <wf lemma="za" pos="X">za</wf>
         <wf lemma="predavanje" pos="X">predavanje</wf>
         <wf lemma="o" pos="X">o</wf>
         <instance id="d000.s1153.t000" lemma="ženska" pos="NOUN">Ženskah</instance>
         <wf lemma="in" pos="X">in</wf>
         <wf lemma="leposlovju" pos="X">leposlovju</wf>
         <wf lemma="." pos="X">.</wf>
      </sentence>
      <sentence id="d000.s1154" source="wordnet-slovenian">
         <wf lemma="Dolgoročnejši" pos="X">Dolgoročnejši</wf>
         <wf lemma="program" pos="X">program</wf>
         <wf lemma="je" pos="X">je</wf>
         <wf lemma="močno" pos="X">močno</wf>
         <wf lemma="povezan" pos="X">povezan</wf>
         <wf lemma="z" pos="X">z</wf>
         <wf lemma="adaptacijami" pos="X">adaptacijami</wf>
         <wf lemma="," pos="X">,</wf>
         <wf lemma="saj" pos="X">saj</wf>
         <wf lemma="moramo" pos="X">moramo</wf>
         <wf lemma="prenoviti" pos="X">prenoviti</wf>
         <wf lemma="matično" pos="X">matično</wf>
         <wf lemma="hišo" pos="X">hišo</wf>
         <wf lemma="," pos="X">,</wf>
         <wf lemma="poleg" pos="X">poleg</wf>
         <wf lemma="tega" pos="X">tega</wf>
         <wf lemma="pa" pos="X">pa</wf>
         <wf lemma="načrtujemo" pos="X">načrtujemo</wf>
         <wf lemma="tudi" pos="X">tudi</wf>
         <wf lemma="posebne" pos="X">posebne</wf>
         <wf lemma="programe" pos="X">programe</wf>
         <wf lemma="za" pos="X">za</wf>
         <wf lemma="nove" pos="X">nove</wf>
         <wf lemma="," pos="X">,</wf>
         <wf lemma="oz." pos="X">oz.</wf>
         <wf lemma="obnovljene" pos="X">obnovljene</wf>
         <instance id="d000.s1154.t000" lemma="prostor" pos="NOUN">prostore</instance>
         <wf lemma="," pos="X">,</wf>
         <wf lemma="ki" pos="X">ki</wf>
         <wf lemma="so" pos="X">so</wf>
         <wf lemma="nam" pos="X">nam</wf>
         <wf lemma="namenjeni" pos="X">namenjeni</wf>
         <wf lemma="na" pos="X">na</wf>
         <wf lemma="Metelkovi" pos="X">Metelkovi</wf>
         <wf lemma="." pos="X">.</wf>
      </sentence>
      <sentence id="d000.s1155" source="wordnet-slovenian">
         <wf lemma="Po" pos="X">Po</wf>
         <wf lemma="pričakovanju" pos="X">pričakovanju</wf>
         <wf lemma="so" pos="X">so</wf>
         <wf lemma="bili" pos="X">bili</wf>
         <wf lemma="najuspešnejši" pos="X">najuspešnejši</wf>
         <instance id="d000.s1155.t000" lemma="član" pos="NOUN">člani</instance>
         <wf lemma="in" pos="X">in</wf>
         <wf lemma="članice" pos="X">članice</wf>
         <wf lemma="celjskega" pos="X">celjskega</wf>
         <wf lemma="Sankakuja" pos="X">Sankakuja</wf>
         <wf lemma="," pos="X">,</wf>
         <wf lemma="ki" pos="X">ki</wf>
         <wf lemma="so" pos="X">so</wf>
         <wf lemma="osvojili" pos="X">osvojili</wf>
         <wf lemma="kar" pos="X">kar</wf>
         <wf lemma="osem" pos="X">osem</wf>
         <wf lemma="naslovov" pos="X">naslovov</wf>
         <wf lemma="državnega" pos="X">državnega</wf>
         <wf lemma="prvaka" pos="X">prvaka</wf>
         <wf lemma="." pos="X">.</wf>
      </sentence>
      <sentence id="d000.s1156" source="wordnet-slovenian">
         <wf lemma="V" pos="X">V</wf>
         <wf lemma="tem" pos="X">tem</wf>
         <instance id="d000.s1156.t000" lemma="območje" pos="NOUN">območju</instance>
         <wf lemma="se" pos="X">se</wf>
         <wf lemma="nahaja" pos="X">nahaja</wf>
         <wf lemma="tudi" pos="X">tudi</wf>
         <wf lemma="močna" pos="X">močna</wf>
         <wf lemma="podpora" pos="X">podpora</wf>
         <wf lemma="," pos="X">,</wf>
         <wf lemma="kjer" pos="X">kjer</wf>
         <wf lemma="pa" pos="X">pa</wf>
         <wf lemma="bi" pos="X">bi</wf>
         <wf lemma="postavili" pos="X">postavili</wf>
         <wf lemma="prve" pos="X">prve</wf>
         <wf lemma="nakupne" pos="X">nakupne</wf>
         <wf lemma="naloge" pos="X">naloge</wf>
         <wf lemma="." pos="X">.</wf>
      </sentence>
      <sentence id="d000.s1157" source="wordnet-slovenian">
         <wf lemma="Roke" pos="X">Roke</wf>
         <wf lemma="so" pos="X">so</wf>
         <wf lemma="iztegnjene" pos="X">iztegnjene</wf>
         <wf lemma="tudi" pos="X">tudi</wf>
         <wf lemma="v" pos="X">v</wf>
         <wf lemma="položaju" pos="X">položaju</wf>
         <wf lemma="za" pos="X">za</wf>
         <instance id="d000.s1157.t000" lemma="glava" pos="NOUN">glavo</instance>
         <wf lemma="." pos="X">.</wf>
      </sentence>
      <sentence id="d000.s1158" source="wordnet-slovenian">
         <wf lemma="Odprl" pos="X">Odprl</wf>
         <wf lemma="sem" pos="X">sem</wf>
         <instance id="d000.s1158.t000" lemma="vrata" pos="NOUN">vrata</instance>
         <wf lemma="stranišča" pos="X">stranišča</wf>
         <wf lemma="." pos="X">.</wf>
      </sentence>
      <sentence id="d000.s1159" source="wordnet-slovenian">
         <wf lemma="Vendar" pos="X">Vendar</wf>
         <wf lemma="pa" pos="X">pa</wf>
         <wf lemma="se" pos="X">se</wf>
         <wf lemma="slovenski" pos="X">slovenski</wf>
         <wf lemma="izvozniki" pos="X">izvozniki</wf>
         <wf lemma="ob" pos="X">ob</wf>
         <wf lemma="tem" pos="X">tem</wf>
         <wf lemma="na" pos="X">na</wf>
         <wf lemma="svetovni" pos="X">svetovni</wf>
         <wf lemma="sceni" pos="X">sceni</wf>
         <wf lemma="med" pos="X">med</wf>
         <wf lemma="drugim" pos="X">drugim</wf>
         <wf lemma="soočajo" pos="X">soočajo</wf>
         <wf lemma="z" pos="X">z</wf>
         <wf lemma="novimi" pos="X">novimi</wf>
         <wf lemma="razmerami" pos="X">razmerami</wf>
         <wf lemma="v" pos="X">v</wf>
         <wf lemma="mednarodni" pos="X">mednarodni</wf>
         <wf lemma="konkurenci" pos="X">konkurenci</wf>
         <wf lemma="in" pos="X">in</wf>
         <wf lemma="zahtevnimi" pos="X">zahtevnimi</wf>
         <wf lemma="pogoji" pos="X">pogoji</wf>
         <wf lemma="," pos="X">,</wf>
         <wf lemma="ki" pos="X">ki</wf>
         <wf lemma="jih" pos="X">jih</wf>
         <wf lemma="na" pos="X">na</wf>
         <wf lemma="trgih" pos="X">trgih</wf>
         <wf lemma="uveljavljajo" pos="X">uveljavljajo</wf>
         <wf lemma="tudi" pos="X">tudi</wf>
         <wf lemma="vse" pos="X">vse</wf>
         <wf lemma="močneje" pos="X">močneje</wf>
         <wf lemma="povezani" pos="X">povezani</wf>
         <wf lemma="svetovni" pos="X">svetovni</wf>
         <wf lemma="in" pos="X">in</wf>
         <wf lemma="evropski" pos="X">evropski</wf>
         <wf lemma="giganti" pos="X">giganti</wf>
         <wf lemma="ter" pos="X">ter</wf>
         <wf lemma="multinacionalke" pos="X">multinacionalke</wf>
         <wf lemma="s" pos="X">s</wf>
         <instance id="d000.s1159.t000" lemma="sprememba" pos="NOUN">spremembami</instance>
         <wf lemma="valutnih" pos="X">valutnih</wf>
         <wf lemma="razmerij" pos="X">razmerij</wf>
         <wf lemma="in" pos="X">in</wf>
         <wf lemma="vztrajno" pos="X">vztrajno</wf>
         <wf lemma="rastjo" pos="X">rastjo</wf>
         <wf lemma="vhodnih" pos="X">vhodnih</wf>
         <wf lemma="surovin" pos="X">surovin</wf>
         <wf lemma="," pos="X">,</wf>
         <wf lemma="ne" pos="X">ne</wf>
         <wf lemma="samo" pos="X">samo</wf>
         <wf lemma="nafte" pos="X">nafte</wf>
         <wf lemma="." pos="X">.</wf>
      </sentence>
      <sentence id="d000.s1160" source="wordnet-slovenian">
         <wf lemma="»" pos="X">»</wf>
         <wf lemma="Potrebovala" pos="X">Potrebovala</wf>
         <wf lemma="bi" pos="X">bi</wf>
         <wf lemma="prenočišče" pos="X">prenočišče</wf>
         <wf lemma="za" pos="X">za</wf>
         <wf lemma="nekaj" pos="X">nekaj</wf>
         <instance id="d000.s1160.t000" lemma="dan" pos="NOUN">dni</instance>
         <wf lemma="." pos="X">.</wf>
      </sentence>
      <sentence id="d000.s1161" source="wordnet-slovenian">
         <wf lemma="Spominjam" pos="X">Spominjam</wf>
         <wf lemma="se" pos="X">se</wf>
         <wf lemma="otroških" pos="X">otroških</wf>
         <wf lemma="let" pos="X">let</wf>
         <wf lemma="pod" pos="X">pod</wf>
         <wf lemma="Šmarno" pos="X">Šmarno</wf>
         <wf lemma="goro" pos="X">goro</wf>
         <wf lemma="," pos="X">,</wf>
         <wf lemma="kjer" pos="X">kjer</wf>
         <wf lemma="smo" pos="X">smo</wf>
         <wf lemma="vedno" pos="X">vedno</wf>
         <wf lemma="radi" pos="X">radi</wf>
         <wf lemma="prisluhnili" pos="X">prisluhnili</wf>
         <wf lemma="cvrčanju" pos="X">cvrčanju</wf>
         <wf lemma="po" pos="X">po</wf>
         <wf lemma="travnikih" pos="X">travnikih</wf>
         <wf lemma="in" pos="X">in</wf>
         <wf lemma="senožetih" pos="X">senožetih</wf>
         <wf lemma="," pos="X">,</wf>
         <wf lemma="mu" pos="X">mu</wf>
         <wf lemma="sledili" pos="X">sledili</wf>
         <wf lemma="in" pos="X">in</wf>
         <wf lemma="s" pos="X">s</wf>
         <wf lemma="travno" pos="X">travno</wf>
         <wf lemma="bilko" pos="X">bilko</wf>
         <wf lemma="izbezali" pos="X">izbezali</wf>
         <wf lemma="iz" pos="X">iz</wf>
         <wf lemma="rova" pos="X">rova</wf>
         <wf lemma="črno" pos="X">črno</wf>
         <wf lemma="živalco" pos="X">živalco</wf>
         <wf lemma="z" pos="X">z</wf>
         <wf lemma="veliko" pos="X">veliko</wf>
         <instance id="d000.s1161.t000" lemma="glava" pos="NOUN">glavo</instance>
         <wf lemma="murna" pos="X">murna</wf>
         <wf lemma="." pos="X">.</wf>
      </sentence>
      <sentence id="d000.s1162" source="wordnet-slovenian">
         <wf lemma="Hvala" pos="X">Hvala</wf>
         <wf lemma="lepa" pos="X">lepa</wf>
         <wf lemma="," pos="X">,</wf>
         <wf lemma="gospod" pos="X">gospod</wf>
         <instance id="d000.s1162.t000" lemma="predsednik" pos="NOUN">predsednik</instance>
         <wf lemma="." pos="X">.</wf>
      </sentence>
      <sentence id="d000.s1163" source="wordnet-slovenian">
         <wf lemma="Zadovoljen" pos="X">Zadovoljen</wf>
         <wf lemma="je" pos="X">je</wf>
         <wf lemma="bil" pos="X">bil</wf>
         <wf lemma="," pos="X">,</wf>
         <wf lemma="ko" pos="X">ko</wf>
         <wf lemma="je" pos="X">je</wf>
         <wf lemma="opazil" pos="X">opazil</wf>
         <wf lemma="," pos="X">,</wf>
         <wf lemma="da" pos="X">da</wf>
         <wf lemma="ima" pos="X">ima</wf>
         <wf lemma="pod" pos="X">pod</wf>
         <instance id="d000.s1163.t000" lemma="roka" pos="NOUN">roko</instance>
         <wf lemma="njegovo" pos="X">njegovo</wf>
         <wf lemma="aktovko" pos="X">aktovko</wf>
         <wf lemma="in" pos="X">in</wf>
         <wf lemma="suknjič" pos="X">suknjič</wf>
         <wf lemma="." pos="X">.</wf>
      </sentence>
      <sentence id="d000.s1164" source="wordnet-slovenian">
         <wf lemma="»" pos="X">»</wf>
         <wf lemma="Ne" pos="X">Ne</wf>
         <wf lemma="," pos="X">,</wf>
         <wf lemma="jaz" pos="X">jaz</wf>
         <wf lemma="bom" pos="X">bom</wf>
         <wf lemma="," pos="X">,</wf>
         <wf lemma="«" pos="X">«</wf>
         <wf lemma="je" pos="X">je</wf>
         <wf lemma="odvrnil" pos="X">odvrnil</wf>
         <wf lemma="Victor" pos="X">Victor</wf>
         <wf lemma="in" pos="X">in</wf>
         <wf lemma="Boja" pos="X">Boja</wf>
         <wf lemma="previdno" pos="X">previdno</wf>
         <wf lemma="odložil" pos="X">odložil</wf>
         <wf lemma="v" pos="X">v</wf>
         <wf lemma="naslanjač" pos="X">naslanjač</wf>
         <wf lemma="ob" pos="X">ob</wf>
         <wf lemma="vhodnih" pos="X">vhodnih</wf>
         <instance id="d000.s1164.t000" lemma="vrata" pos="NOUN">vratih</instance>
         <wf lemma="." pos="X">.</wf>
      </sentence>
      <sentence id="d000.s1165" source="wordnet-slovenian">
         <wf lemma="Nakičeva" pos="X">Nakičeva</wf>
         <wf lemma="je" pos="X">je</wf>
         <wf lemma="v" pos="X">v</wf>
         <wf lemma="včerajšnjem" pos="X">včerajšnjem</wf>
         <wf lemma="finalu" pos="X">finalu</wf>
         <wf lemma="prav" pos="X">prav</wf>
         <wf lemma="tako" pos="X">tako</wf>
         <wf lemma="pokazala" pos="X">pokazala</wf>
         <wf lemma="dobro" pos="X">dobro</wf>
         <wf lemma="igro" pos="X">igro</wf>
         <wf lemma="in" pos="X">in</wf>
         <wf lemma="se" pos="X">se</wf>
         <wf lemma="na" pos="X">na</wf>
         <instance id="d000.s1165.t000" lemma="konec" pos="NOUN">koncu</instance>
         <wf lemma="veselila" pos="X">veselila</wf>
         <wf lemma="največjega" pos="X">največjega</wf>
         <wf lemma="uspeha" pos="X">uspeha</wf>
         <wf lemma="doslej" pos="X">doslej</wf>
         <wf lemma="." pos="X">.</wf>
      </sentence>
      <sentence id="d000.s1166" source="wordnet-slovenian">
         <wf lemma="Nadalje" pos="X">Nadalje</wf>
         <wf lemma="smo" pos="X">smo</wf>
         <wf lemma="mnenja" pos="X">mnenja</wf>
         <wf lemma="," pos="X">,</wf>
         <wf lemma="da" pos="X">da</wf>
         <wf lemma="mu" pos="X">mu</wf>
         <wf lemma="ne" pos="X">ne</wf>
         <wf lemma="smete" pos="X">smete</wf>
         <wf lemma="nikoli" pos="X">nikoli</wf>
         <wf lemma="govoriti" pos="X">govoriti</wf>
         <wf lemma="," pos="X">,</wf>
         <wf lemma="kaj" pos="X">kaj</wf>
         <wf lemma="da" pos="X">da</wf>
         <wf lemma="mora" pos="X">mora</wf>
         <wf lemma="ukreniti" pos="X">ukreniti</wf>
         <wf lemma="v" pos="X">v</wf>
         <instance id="d000.s1166.t000" lemma="zveza" pos="NOUN">zvezi</instance>
         <wf lemma="s" pos="X">s</wf>
         <wf lemma="svojim" pos="X">svojim</wf>
         <wf lemma="pitjem" pos="X">pitjem</wf>
         <wf lemma="." pos="X">.</wf>
      </sentence>
      <sentence id="d000.s1167" source="wordnet-slovenian">
         <wf lemma="V" pos="X">V</wf>
         <instance id="d000.s1167.t000" lemma="človek" pos="NOUN">človeku</instance>
         <wf lemma="zmeraj" pos="X">zmeraj</wf>
         <wf lemma="tiči" pos="X">tiči</wf>
         <wf lemma="“" pos="X">“</wf>
         <wf lemma="rogata" pos="X">rogata</wf>
         <wf lemma="muka" pos="X">muka</wf>
         <wf lemma="”" pos="X">”</wf>
         <wf lemma="." pos="X">.</wf>
      </sentence>
      <sentence id="d000.s1168" source="wordnet-slovenian">
         <wf lemma="Skrbno" pos="X">Skrbno</wf>
         <wf lemma="sem" pos="X">sem</wf>
         <wf lemma="jih" pos="X">jih</wf>
         <wf lemma="poskrival" pos="X">poskrival</wf>
         <wf lemma="po" pos="X">po</wf>
         <wf lemma="vsej" pos="X">vsej</wf>
         <instance id="d000.s1168.t000" lemma="hiša" pos="NOUN">hiši</instance>
         <wf lemma="in" pos="X">in</wf>
         <wf lemma="v" pos="X">v</wf>
         <wf lemma="lokalu" pos="X">lokalu</wf>
         <wf lemma="." pos="X">.</wf>
      </sentence>
      <sentence id="d000.s1169" source="wordnet-slovenian">
         <wf lemma="Liga" pos="X">Liga</wf>
         <wf lemma="prvakov" pos="X">prvakov</wf>
         <wf lemma="," pos="X">,</wf>
         <wf lemma="3." pos="X">3.</wf>
         <wf lemma="krog" pos="X">krog</wf>
         <wf lemma="," pos="X">,</wf>
         <wf lemma="skupina" pos="X">skupina</wf>
         <wf lemma="C" pos="X">C</wf>
         <wf lemma=":" pos="X">:</wf>
         <wf lemma="Real" pos="X">Real</wf>
         <wf lemma="Madrid" pos="X">Madrid</wf>
         <wf lemma="-" pos="X">-</wf>
         <wf lemma="Bayern" pos="X">Bayern</wf>
         <wf lemma="2:4" pos="X">2:4</wf>
         <wf lemma="(" pos="X">(</wf>
         <wf lemma="1:3" pos="X">1:3</wf>
         <wf lemma=")" pos="X">)</wf>
         <wf lemma="," pos="X">,</wf>
         <wf lemma="Dinamo" pos="X">Dinamo</wf>
         <wf lemma="Kijev" pos="X">Kijev</wf>
         <wf lemma="-" pos="X">-</wf>
         <wf lemma="Rosenborg" pos="X">Rosenborg</wf>
         <wf lemma="2:1" pos="X">2:1</wf>
         <wf lemma="(" pos="X">(</wf>
         <wf lemma="2:0" pos="X">2:0</wf>
         <wf lemma=")" pos="X">)</wf>
         <wf lemma=";" pos="X">;</wf>
         <wf lemma="vrstni" pos="X">vrstni</wf>
         <wf lemma="red" pos="X">red</wf>
         <wf lemma=":" pos="X">:</wf>
         <wf lemma="Bayern" pos="X">Bayern</wf>
         <wf lemma="7" pos="X">7</wf>
         <instance id="d000.s1169.t000" lemma="točka" pos="NOUN">točk</instance>
         <wf lemma="," pos="X">,</wf>
         <wf lemma="Real" pos="X">Real</wf>
         <wf lemma="6" pos="X">6</wf>
         <wf lemma="," pos="X">,</wf>
         <wf lemma="Dinamo" pos="X">Dinamo</wf>
         <wf lemma="3" pos="X">3</wf>
         <wf lemma="," pos="X">,</wf>
         <wf lemma="Roseborg" pos="X">Roseborg</wf>
         <wf lemma="1" pos="X">1</wf>
         <wf lemma=";" pos="X">;</wf>
         <wf lemma="skupina" pos="X">skupina</wf>
         <wf lemma="D" pos="X">D</wf>
         <wf lemma=":" pos="X">:</wf>
         <wf lemma="Lazio" pos="X">Lazio</wf>
         <wf lemma="-" pos="X">-</wf>
         <wf lemma="Feyenoord" pos="X">Feyenoord</wf>
         <wf lemma="1:2" pos="X">1:2</wf>
         <wf lemma="(" pos="X">(</wf>
         <wf lemma="1:0" pos="X">1:0</wf>
         <wf lemma=")" pos="X">)</wf>
         <wf lemma="," pos="X">,</wf>
         <wf lemma="Olympique" pos="X">Olympique</wf>
         <wf lemma="Marseille" pos="X">Marseille</wf>
         <wf lemma="-" pos="X">-</wf>
         <wf lemma="Chelsea" pos="X">Chelsea</wf>
         <wf lemma="1:0" pos="X">1:0</wf>
         <wf lemma="(" pos="X">(</wf>
         <wf lemma="1:0" pos="X">1:0</wf>
         <wf lemma=")" pos="X">)</wf>
         <wf lemma=";" pos="X">;</wf>
         <wf lemma="vrstni" pos="X">vrstni</wf>
         <wf lemma="red" pos="X">red</wf>
         <wf lemma=":" pos="X">:</wf>
         <wf lemma="Feyenoord" pos="X">Feyenoord</wf>
         <wf lemma="6" pos="X">6</wf>
         <wf lemma="točk" pos="X">točk</wf>
         <wf lemma="," pos="X">,</wf>
         <wf lemma="Chelsea" pos="X">Chelsea</wf>
         <wf lemma="in" pos="X">in</wf>
         <wf lemma="Lazio" pos="X">Lazio</wf>
         <wf lemma="po" pos="X">po</wf>
         <wf lemma="4" pos="X">4</wf>
         <wf lemma="," pos="X">,</wf>
         <wf lemma="Marseille" pos="X">Marseille</wf>
         <wf lemma="3." pos="X">3.</wf>
      </sentence>
      <sentence id="d000.s1170" source="wordnet-slovenian">
         <wf lemma="Meso" pos="X">Meso</wf>
         <wf lemma="med" pos="X">med</wf>
         <wf lemma="prsti" pos="X">prsti</wf>
         <wf lemma="Lutove" pos="X">Lutove</wf>
         <instance id="d000.s1170.t000" lemma="roka" pos="NOUN">roke</instance>
         <wf lemma="žalostno" pos="X">žalostno</wf>
         <wf lemma="odmre" pos="X">odmre</wf>
         <wf lemma="," pos="X">,</wf>
         <wf lemma="popravi" pos="X">popravi</wf>
         <wf lemma="si" pos="X">si</wf>
         <wf lemma="hlače" pos="X">hlače</wf>
         <wf lemma="in" pos="X">in</wf>
         <wf lemma="pograbi" pos="X">pograbi</wf>
         <wf lemma="hladno" pos="X">hladno</wf>
         <wf lemma="pivo" pos="X">pivo</wf>
         <wf lemma="." pos="X">.</wf>
      </sentence>
      <sentence id="d000.s1171" source="wordnet-slovenian">
         <wf lemma="&quot;" pos="X">&quot;</wf>
         <wf lemma="in" pos="X">in</wf>
         <wf lemma="spet" pos="X">spet</wf>
         <wf lemma="mi" pos="X">mi</wf>
         <wf lemma="je" pos="X">je</wf>
         <instance id="d000.s1171.t000" lemma="beseda" pos="NOUN">beseda</instance>
         <wf lemma="za" pos="X">za</wf>
         <wf lemma="hip" pos="X">hip</wf>
         <wf lemma="obstala" pos="X">obstala</wf>
         <wf lemma="v" pos="X">v</wf>
         <wf lemma="grlu" pos="X">grlu</wf>
         <wf lemma="," pos="X">,</wf>
         <wf lemma="&quot;" pos="X">&quot;</wf>
         <wf lemma="tisto" pos="X">tisto</wf>
         <wf lemma="," pos="X">,</wf>
         <wf lemma="o" pos="X">o</wf>
         <wf lemma="čemer" pos="X">čemer</wf>
         <wf lemma="nočeš" pos="X">nočeš</wf>
         <wf lemma="nikoli" pos="X">nikoli</wf>
         <wf lemma="pripovedovati" pos="X">pripovedovati</wf>
         <wf lemma="…" pos="X">…</wf>
         <wf lemma="." pos="X">.</wf>
      </sentence>
      <sentence id="d000.s1172" source="wordnet-slovenian">
         <wf lemma="Vodja" pos="X">Vodja</wf>
         <wf lemma="projekta" pos="X">projekta</wf>
         <wf lemma="Phare" pos="X">Phare</wf>
         <wf lemma="in" pos="X">in</wf>
         <wf lemma="predstavnik" pos="X">predstavnik</wf>
         <wf lemma="danskega" pos="X">danskega</wf>
         <wf lemma="tehnološkega" pos="X">tehnološkega</wf>
         <wf lemma="inštituta" pos="X">inštituta</wf>
         <wf lemma="Ib" pos="X">Ib</wf>
         <wf lemma="Sejersen" pos="X">Sejersen</wf>
         <wf lemma="pa" pos="X">pa</wf>
         <wf lemma="je" pos="X">je</wf>
         <wf lemma="dejal" pos="X">dejal</wf>
         <wf lemma="," pos="X">,</wf>
         <wf lemma="da" pos="X">da</wf>
         <wf lemma="slovenska" pos="X">slovenska</wf>
         <instance id="d000.s1172.t000" lemma="podjetje" pos="NOUN">podjetja</instance>
         <wf lemma="večinoma" pos="X">večinoma</wf>
         <wf lemma="že" pos="X">že</wf>
         <wf lemma="ravnajo" pos="X">ravnajo</wf>
         <wf lemma="v" pos="X">v</wf>
         <wf lemma="skladu" pos="X">skladu</wf>
         <wf lemma="z" pos="X">z</wf>
         <wf lemma="evropskimi" pos="X">evropskimi</wf>
         <wf lemma="predpisi" pos="X">predpisi</wf>
         <wf lemma="," pos="X">,</wf>
         <wf lemma="čeprav" pos="X">čeprav</wf>
         <wf lemma="ta" pos="X">ta</wf>
         <wf lemma="za" pos="X">za</wf>
         <wf lemma="zdaj" pos="X">zdaj</wf>
         <wf lemma="še" pos="X">še</wf>
         <wf lemma="niso" pos="X">niso</wf>
         <wf lemma="zavezujoča" pos="X">zavezujoča</wf>
         <wf lemma="." pos="X">.</wf>
      </sentence>
      <sentence id="d000.s1173" source="wordnet-slovenian">
         <wf lemma="Dvojčki" pos="X">Dvojčki</wf>
         <wf lemma="ljubijo" pos="X">ljubijo</wf>
         <wf lemma="klepet" pos="X">klepet</wf>
         <wf lemma="in" pos="X">in</wf>
         <wf lemma="opravljive" pos="X">opravljive</wf>
         <wf lemma="čenče" pos="X">čenče</wf>
         <wf lemma="," pos="X">,</wf>
         <wf lemma="zato" pos="X">zato</wf>
         <wf lemma="pogumno" pos="X">pogumno</wf>
         <wf lemma="na" pos="X">na</wf>
         <instance id="d000.s1173.t000" lemma="dan" pos="NOUN">dan</instance>
         <wf lemma="s" pos="X">s</wf>
         <wf lemma="sočnimi" pos="X">sočnimi</wf>
         <wf lemma="novicami" pos="X">novicami</wf>
         <wf lemma="," pos="X">,</wf>
         <wf lemma="ki" pos="X">ki</wf>
         <wf lemma="ste" pos="X">ste</wf>
         <wf lemma="jih" pos="X">jih</wf>
         <wf lemma="prebrali" pos="X">prebrali</wf>
         <wf lemma="v" pos="X">v</wf>
         <wf lemma="časopisu" pos="X">časopisu</wf>
         <wf lemma="," pos="X">,</wf>
         <wf lemma="reviji" pos="X">reviji</wf>
         <wf lemma="ali" pos="X">ali</wf>
         <wf lemma="jih" pos="X">jih</wf>
         <wf lemma="slišali" pos="X">slišali</wf>
         <wf lemma="pri" pos="X">pri</wf>
         <wf lemma="prijateljih" pos="X">prijateljih</wf>
         <wf lemma="in" pos="X">in</wf>
         <wf lemma="znancih" pos="X">znancih</wf>
         <wf lemma="." pos="X">.</wf>
      </sentence>
      <sentence id="d000.s1174" source="wordnet-slovenian">
         <wf lemma="Stopila" pos="X">Stopila</wf>
         <wf lemma="sta" pos="X">sta</wf>
         <wf lemma="," pos="X">,</wf>
         <wf lemma="povsod" pos="X">povsod</wf>
         <wf lemma="kresničke" pos="X">kresničke</wf>
         <wf lemma="," pos="X">,</wf>
         <wf lemma="ki" pos="X">ki</wf>
         <wf lemma="so" pos="X">so</wf>
         <wf lemma="švigale" pos="X">švigale</wf>
         <wf lemma="po" pos="X">po</wf>
         <wf lemma="zraku" pos="X">zraku</wf>
         <wf lemma="," pos="X">,</wf>
         <wf lemma="noč" pos="X">noč</wf>
         <wf lemma="se" pos="X">se</wf>
         <wf lemma="je" pos="X">je</wf>
         <wf lemma="spremenila" pos="X">spremenila</wf>
         <wf lemma="v" pos="X">v</wf>
         <wf lemma="slavje" pos="X">slavje</wf>
         <wf lemma="," pos="X">,</wf>
         <wf lemma="v" pos="X">v</wf>
         <wf lemma="ognjemet" pos="X">ognjemet</wf>
         <wf lemma="," pos="X">,</wf>
         <wf lemma="ognjene" pos="X">ognjene</wf>
         <wf lemma="krogle" pos="X">krogle</wf>
         <wf lemma="so" pos="X">so</wf>
         <wf lemma="padale" pos="X">padale</wf>
         <wf lemma="po" pos="X">po</wf>
         <instance id="d000.s1174.t000" lemma="mesto" pos="NOUN">mestu</instance>
         <wf lemma="in" pos="X">in</wf>
         <wf lemma="ga" pos="X">ga</wf>
         <wf lemma="spreminjale" pos="X">spreminjale</wf>
         <wf lemma="v" pos="X">v</wf>
         <wf lemma="škrbine" pos="X">škrbine</wf>
         <wf lemma="," pos="X">,</wf>
         <wf lemma="bučanje" pos="X">bučanje</wf>
         <wf lemma="je" pos="X">je</wf>
         <wf lemma="razjedalo" pos="X">razjedalo</wf>
         <wf lemma="bregove" pos="X">bregove</wf>
         <wf lemma="," pos="X">,</wf>
         <wf lemma="od" pos="X">od</wf>
         <wf lemma="bobnenja" pos="X">bobnenja</wf>
         <wf lemma="se" pos="X">se</wf>
         <wf lemma="je" pos="X">je</wf>
         <wf lemma="cefrala" pos="X">cefrala</wf>
         <wf lemma="zemlja" pos="X">zemlja</wf>
         <wf lemma="," pos="X">,</wf>
         <wf lemma="cefral" pos="X">cefral</wf>
         <wf lemma="se" pos="X">se</wf>
         <wf lemma="je" pos="X">je</wf>
         <wf lemma="zrak" pos="X">zrak</wf>
         <wf lemma="," pos="X">,</wf>
         <wf lemma="cefral" pos="X">cefral</wf>
         <wf lemma="se" pos="X">se</wf>
         <wf lemma="je" pos="X">je</wf>
         <wf lemma="prostor" pos="X">prostor</wf>
         <wf lemma="." pos="X">.</wf>
      </sentence>
      <sentence id="d000.s1175" source="wordnet-slovenian">
         <wf lemma="Mislim" pos="X">Mislim</wf>
         <wf lemma="," pos="X">,</wf>
         <wf lemma="da" pos="X">da</wf>
         <wf lemma="to" pos="X">to</wf>
         <instance id="d000.s1175.t000" lemma="vojna" pos="NOUN">vojno</instance>
         <wf lemma="razumem" pos="X">razumem</wf>
         <wf lemma="." pos="X">.</wf>
      </sentence>
      <sentence id="d000.s1176" source="wordnet-slovenian">
         <wf lemma="V" pos="X">V</wf>
         <wf lemma="največjem" pos="X">največjem</wf>
         <wf lemma="evropskem" pos="X">evropskem</wf>
         <wf lemma="kulturnem" pos="X">kulturnem</wf>
         <instance id="d000.s1176.t000" lemma="center" pos="NOUN">centru</instance>
         <wf lemma="," pos="X">,</wf>
         <wf lemma="ki" pos="X">ki</wf>
         <wf lemma="na" pos="X">na</wf>
         <wf lemma="površini" pos="X">površini</wf>
         <wf lemma="60.000" pos="X">60.000</wf>
         <wf lemma="kvadratnih" pos="X">kvadratnih</wf>
         <wf lemma="metrov" pos="X">metrov</wf>
         <wf lemma="združuje" pos="X">združuje</wf>
         <wf lemma="ustvarjalne" pos="X">ustvarjalne</wf>
         <wf lemma="različnosti" pos="X">različnosti</wf>
         <wf lemma="," pos="X">,</wf>
         <wf lemma="pričakujejo" pos="X">pričakujejo</wf>
         <wf lemma="letno" pos="X">letno</wf>
         <wf lemma="nad" pos="X">nad</wf>
         <wf lemma="en" pos="X">en</wf>
         <wf lemma="milijon" pos="X">milijon</wf>
         <wf lemma="obiskovalcev" pos="X">obiskovalcev</wf>
         <wf lemma="." pos="X">.</wf>
      </sentence>
      <sentence id="d000.s1177" source="wordnet-slovenian">
         <wf lemma="Če" pos="X">Če</wf>
         <wf lemma="smo" pos="X">smo</wf>
         <wf lemma="natančni" pos="X">natančni</wf>
         <wf lemma="," pos="X">,</wf>
         <wf lemma="naj" pos="X">naj</wf>
         <wf lemma="bi" pos="X">bi</wf>
         <wf lemma="hrvaški" pos="X">hrvaški</wf>
         <wf lemma="mojster" pos="X">mojster</wf>
         <wf lemma="nogometa" pos="X">nogometa</wf>
         <wf lemma="za" pos="X">za</wf>
         <wf lemma="igranje" pos="X">igranje</wf>
         <wf lemma="v" pos="X">v</wf>
         <wf lemma="naslednji" pos="X">naslednji</wf>
         <instance id="d000.s1177.t000" lemma="sezona" pos="NOUN">sezoni</instance>
         <wf lemma="prejel" pos="X">prejel</wf>
         <wf lemma="150.000" pos="X">150.000</wf>
         <wf lemma="evrov" pos="X">evrov</wf>
         <wf lemma="," pos="X">,</wf>
         <wf lemma="kar" pos="X">kar</wf>
         <wf lemma="je" pos="X">je</wf>
         <wf lemma="torej" pos="X">torej</wf>
         <wf lemma="kar" pos="X">kar</wf>
         <wf lemma="dvakrat" pos="X">dvakrat</wf>
         <wf lemma="manj" pos="X">manj</wf>
         <wf lemma="," pos="X">,</wf>
         <wf lemma="kot" pos="X">kot</wf>
         <wf lemma="je" pos="X">je</wf>
         <wf lemma="bilo" pos="X">bilo</wf>
         <wf lemma="prvotno" pos="X">prvotno</wf>
         <wf lemma="dogovorjeno" pos="X">dogovorjeno</wf>
         <wf lemma="." pos="X">.</wf>
      </sentence>
      <sentence id="d000.s1178" source="wordnet-slovenian">
         <instance id="d000.s1178.t000" lemma="vrata" pos="NOUN">Vrata</instance>
         <wf lemma="so" pos="X">so</wf>
         <wf lemma="bila" pos="X">bila</wf>
         <wf lemma="prekrita" pos="X">prekrita</wf>
         <wf lemma="z" pos="X">z</wf>
         <wf lemma="dodatno" pos="X">dodatno</wf>
         <wf lemma="plastjo" pos="X">plastjo</wf>
         <wf lemma="ruše" pos="X">ruše</wf>
         <wf lemma="in" pos="X">in</wf>
         <wf lemma="z" pos="X">z</wf>
         <wf lemma="debelo" pos="X">debelo</wf>
         <wf lemma="odejo" pos="X">odejo</wf>
         <wf lemma="borovih" pos="X">borovih</wf>
         <wf lemma="iglic" pos="X">iglic</wf>
         <wf lemma="." pos="X">.</wf>
      </sentence>
      <sentence id="d000.s1179" source="wordnet-slovenian">
         <wf lemma="Toda" pos="X">Toda</wf>
         <wf lemma="entitete" pos="X">entitete</wf>
         <wf lemma="poznega" pos="X">poznega</wf>
         <wf lemma="dvajsetega" pos="X">dvajsetega</wf>
         <wf lemma="stoletja" pos="X">stoletja</wf>
         <wf lemma="," pos="X">,</wf>
         <wf lemma="ne" pos="X">ne</wf>
         <wf lemma="glede" pos="X">glede</wf>
         <wf lemma="na" pos="X">na</wf>
         <wf lemma="to" pos="X">to</wf>
         <wf lemma="," pos="X">,</wf>
         <wf lemma="ali" pos="X">ali</wf>
         <wf lemma="imajo" pos="X">imajo</wf>
         <wf lemma="strukturo" pos="X">strukturo</wf>
         <wf lemma="in" pos="X">in</wf>
         <wf lemma="lastnosti" pos="X">lastnosti</wf>
         <wf lemma="retoričnih" pos="X">retoričnih</wf>
         <wf lemma="objektov" pos="X">objektov</wf>
         <wf lemma="–" pos="X">–</wf>
         <wf lemma="infekcijski" pos="X">infekcijski</wf>
         <wf lemma="vektorji" pos="X">vektorji</wf>
         <wf lemma="(" pos="X">(</wf>
         <wf lemma="mikrobi" pos="X">mikrobi</wf>
         <wf lemma=")" pos="X">)</wf>
         <wf lemma="," pos="X">,</wf>
         <wf lemma="elementarni" pos="X">elementarni</wf>
         <wf lemma="delci" pos="X">delci</wf>
         <wf lemma="(" pos="X">(</wf>
         <wf lemma="kvarki" pos="X">kvarki</wf>
         <wf lemma=")" pos="X">)</wf>
         <wf lemma="in" pos="X">in</wf>
         <wf lemma="biomolekularne" pos="X">biomolekularne</wf>
         <wf lemma="kode" pos="X">kode</wf>
         <wf lemma="(" pos="X">(</wf>
         <wf lemma="geni" pos="X">geni</wf>
         <wf lemma=")" pos="X">)</wf>
         <wf lemma="–" pos="X">–</wf>
         <wf lemma="niso" pos="X">niso</wf>
         <wf lemma="romantični" pos="X">romantični</wf>
         <wf lemma="ali" pos="X">ali</wf>
         <wf lemma="modernistični" pos="X">modernistični</wf>
         <wf lemma="objekti" pos="X">objekti</wf>
         <wf lemma="z" pos="X">z</wf>
         <wf lemma="notranjimi" pos="X">notranjimi</wf>
         <instance id="d000.s1179.t000" lemma="zakon" pos="NOUN">zakoni</instance>
         <wf lemma="koherence" pos="X">koherence</wf>
         <wf lemma="." pos="X">.</wf>
      </sentence>
      <sentence id="d000.s1180" source="wordnet-slovenian">
         <wf lemma="Poleg" pos="X">Poleg</wf>
         <wf lemma="tega" pos="X">tega</wf>
         <wf lemma="rodiš" pos="X">rodiš</wf>
         <wf lemma="dvakrat" pos="X">dvakrat</wf>
         <wf lemma="," pos="X">,</wf>
         <wf lemma="morda" pos="X">morda</wf>
         <wf lemma="trikrat" pos="X">trikrat</wf>
         <wf lemma="v" pos="X">v</wf>
         <instance id="d000.s1180.t000" lemma="življenje" pos="NOUN">življenju</instance>
         <wf lemma="," pos="X">,</wf>
         <wf lemma="zato" pos="X">zato</wf>
         <wf lemma="je" pos="X">je</wf>
         <wf lemma="treba" pos="X">treba</wf>
         <wf lemma="vse" pos="X">vse</wf>
         <wf lemma="čutiti" pos="X">čutiti</wf>
         <wf lemma="." pos="X">.</wf>
      </sentence>
      <sentence id="d000.s1181" source="wordnet-slovenian">
         <wf lemma="Za" pos="X">Za</wf>
         <wf lemma="format" pos="X">format</wf>
         <wf lemma="VCD" pos="X">VCD</wf>
         <wf lemma="ni" pos="X">ni</wf>
         <wf lemma="potrebno" pos="X">potrebno</wf>
         <wf lemma="veliko" pos="X">veliko</wf>
         <wf lemma="," pos="X">,</wf>
         <instance id="d000.s1181.t000" lemma="zadeva" pos="NOUN">zadeva</instance>
         <wf lemma="pa" pos="X">pa</wf>
         <wf lemma="bo" pos="X">bo</wf>
         <wf lemma="na" pos="X">na</wf>
         <wf lemma="TV" pos="X">TV</wf>
         <wf lemma="-" pos="X">-</wf>
         <wf lemma="zaslonu" pos="X">zaslonu</wf>
         <wf lemma="popolnoma" pos="X">popolnoma</wf>
         <wf lemma="gledljiva" pos="X">gledljiva</wf>
         <wf lemma="." pos="X">.</wf>
      </sentence>
      <sentence id="d000.s1182" source="wordnet-slovenian">
         <wf lemma="A" pos="X">A</wf>
         <wf lemma="medtem" pos="X">medtem</wf>
         <wf lemma="v" pos="X">v</wf>
         <wf lemma="Velenju" pos="X">Velenju</wf>
         <wf lemma="še" pos="X">še</wf>
         <wf lemma="vedno" pos="X">vedno</wf>
         <wf lemma="niso" pos="X">niso</wf>
         <wf lemma="določeni" pos="X">določeni</wf>
         <wf lemma="ekološki" pos="X">ekološki</wf>
         <wf lemma="otoki" pos="X">otoki</wf>
         <wf lemma="," pos="X">,</wf>
         <wf lemma="tako" pos="X">tako</wf>
         <wf lemma="da" pos="X">da</wf>
         <wf lemma="zbiranje" pos="X">zbiranje</wf>
         <wf lemma="odpadkov" pos="X">odpadkov</wf>
         <wf lemma="v" pos="X">v</wf>
         <wf lemma="mestu" pos="X">mestu</wf>
         <wf lemma="še" pos="X">še</wf>
         <wf lemma="vedno" pos="X">vedno</wf>
         <wf lemma="ni" pos="X">ni</wf>
         <wf lemma="ločeno" pos="X">ločeno</wf>
         <wf lemma="," pos="X">,</wf>
         <wf lemma="zgovoren" pos="X">zgovoren</wf>
         <wf lemma="pa" pos="X">pa</wf>
         <wf lemma="je" pos="X">je</wf>
         <wf lemma="tudi" pos="X">tudi</wf>
         <instance id="d000.s1182.t000" lemma="podatek" pos="NOUN">podatek</instance>
         <wf lemma="o" pos="X">o</wf>
         <wf lemma="zbiranju" pos="X">zbiranju</wf>
         <wf lemma="nevarnih" pos="X">nevarnih</wf>
         <wf lemma="odpadkov" pos="X">odpadkov</wf>
         <wf lemma="." pos="X">.</wf>
      </sentence>
      <sentence id="d000.s1183" source="wordnet-slovenian">
         <wf lemma="Za" pos="X">Za</wf>
         <wf lemma="koristno" pos="X">koristno</wf>
         <wf lemma="diskusijo" pos="X">diskusijo</wf>
         <wf lemma="o" pos="X">o</wf>
         <wf lemma="idejah" pos="X">idejah</wf>
         <wf lemma="tega" pos="X">tega</wf>
         <wf lemma="poglavja" pos="X">poglavja</wf>
         <wf lemma="se" pos="X">se</wf>
         <wf lemma="zahvaljujem" pos="X">zahvaljujem</wf>
         <instance id="d000.s1183.t000" lemma="član" pos="NOUN">članom</instance>
         <wf lemma="Baltimore" pos="X">Baltimore</wf>
         <wf lemma="Science" pos="X">Science</wf>
         <wf lemma="for" pos="X">for</wf>
         <wf lemma="the" pos="X">the</wf>
         <wf lemma="People" pos="X">People</wf>
         <wf lemma="." pos="X">.</wf>
      </sentence>
      <sentence id="d000.s1184" source="wordnet-slovenian">
         <wf lemma="Vrstni" pos="X">Vrstni</wf>
         <wf lemma="red" pos="X">red</wf>
         <wf lemma=";" pos="X">;</wf>
         <instance id="d000.s1184.t000" lemma="ženska" pos="NOUN">ženske</instance>
         <wf lemma=":" pos="X">:</wf>
         <wf lemma="1." pos="X">1.</wf>
      </sentence>
      <sentence id="d000.s1185" source="wordnet-slovenian">
         <wf lemma="Se" pos="X">Se</wf>
         <wf lemma="strinjate" pos="X">strinjate</wf>
         <wf lemma="s" pos="X">s</wf>
         <wf lemma="trditvijo" pos="X">trditvijo</wf>
         <wf lemma="," pos="X">,</wf>
         <wf lemma="postavljeno" pos="X">postavljeno</wf>
         <wf lemma="v" pos="X">v</wf>
         <instance id="d000.s1185.t000" lemma="naslov" pos="NOUN">naslovu</instance>
         <wf lemma="pesmi" pos="X">pesmi</wf>
         <wf lemma="?" pos="X">?</wf>
      </sentence>
      <sentence id="d000.s1186" source="wordnet-slovenian">
         <wf lemma="Jutri" pos="X">Jutri</wf>
         <wf lemma="se" pos="X">se</wf>
         <wf lemma="začne" pos="X">začne</wf>
         <wf lemma="popis" pos="X">popis</wf>
         <wf lemma="prebivalstva" pos="X">prebivalstva</wf>
         <wf lemma="-" pos="X">-</wf>
         <wf lemma="Popisovalec" pos="X">Popisovalec</wf>
         <wf lemma="za" pos="X">za</wf>
         <wf lemma="vsakega" pos="X">vsakega</wf>
         <wf lemma="popisanega" pos="X">popisanega</wf>
         <wf lemma="po" pos="X">po</wf>
         <wf lemma="deset" pos="X">deset</wf>
         <instance id="d000.s1186.t000" lemma="minuta" pos="NOUN">minut</instance>
         <wf lemma="-" pos="X">-</wf>
         <wf lemma="Do" pos="X">Do</wf>
         <wf lemma="leta" pos="X">leta</wf>
         <wf lemma="2012" pos="X">2012</wf>
         <wf lemma="popisov" pos="X">popisov</wf>
         <wf lemma="bržkone" pos="X">bržkone</wf>
         <wf lemma="ne" pos="X">ne</wf>
         <wf lemma="bo" pos="X">bo</wf>
         <wf lemma="." pos="X">.</wf>
      </sentence>
      <sentence id="d000.s1187" source="wordnet-slovenian">
         <wf lemma="»" pos="X">»</wf>
         <wf lemma="Vendar" pos="X">Vendar</wf>
         <wf lemma="nisva" pos="X">nisva</wf>
         <wf lemma="imela" pos="X">imela</wf>
         <instance id="d000.s1187.t000" lemma="denar" pos="NOUN">denarja</instance>
         <wf lemma="," pos="X">,</wf>
         <wf lemma="Ibrahim" pos="X">Ibrahim</wf>
         <wf lemma="pa" pos="X">pa</wf>
         <wf lemma="zaradi" pos="X">zaradi</wf>
         <wf lemma="rasizma" pos="X">rasizma</wf>
         <wf lemma="tudi" pos="X">tudi</wf>
         <wf lemma="ni" pos="X">ni</wf>
         <wf lemma="mogel" pos="X">mogel</wf>
         <wf lemma="dobiti" pos="X">dobiti</wf>
         <wf lemma="ustrezne" pos="X">ustrezne</wf>
         <wf lemma="zaposlitve" pos="X">zaposlitve</wf>
         <wf lemma="." pos="X">.</wf>
      </sentence>
      <sentence id="d000.s1188" source="wordnet-slovenian">
         <wf lemma="Prvi" pos="X">Prvi</wf>
         <wf lemma="višek" pos="X">višek</wf>
         <wf lemma="rokometnega" pos="X">rokometnega</wf>
         <instance id="d000.s1188.t000" lemma="dan" pos="NOUN">dneva</instance>
         <wf lemma="v" pos="X">v</wf>
         <wf lemma="Rdeči" pos="X">Rdeči</wf>
         <wf lemma="dvorani" pos="X">dvorani</wf>
         <wf lemma="bo" pos="X">bo</wf>
         <wf lemma="ob" pos="X">ob</wf>
         <wf lemma="14.30" pos="X">14.30</wf>
         <wf lemma="," pos="X">,</wf>
         <wf lemma="ko" pos="X">ko</wf>
         <wf lemma="se" pos="X">se</wf>
         <wf lemma="bosta" pos="X">bosta</wf>
         <wf lemma="pomerili" pos="X">pomerili</wf>
         <wf lemma="ženska" pos="X">ženska</wf>
         <wf lemma="reprezentanca" pos="X">reprezentanca</wf>
         <wf lemma="Slovenije" pos="X">Slovenije</wf>
         <wf lemma="in" pos="X">in</wf>
         <wf lemma="selekcija" pos="X">selekcija</wf>
         <wf lemma="tujk" pos="X">tujk</wf>
         <wf lemma="," pos="X">,</wf>
         <wf lemma="ki" pos="X">ki</wf>
         <wf lemma="si" pos="X">si</wf>
         <wf lemma="rokometni" pos="X">rokometni</wf>
         <wf lemma="kruh" pos="X">kruh</wf>
         <wf lemma="služijo" pos="X">služijo</wf>
         <wf lemma="na" pos="X">na</wf>
         <wf lemma="sončni" pos="X">sončni</wf>
         <wf lemma="strani" pos="X">strani</wf>
         <wf lemma="Alp" pos="X">Alp</wf>
         <wf lemma="." pos="X">.</wf>
      </sentence>
      <sentence id="d000.s1189" source="wordnet-slovenian">
         <wf lemma="Tako" pos="X">Tako</wf>
         <wf lemma="naj" pos="X">naj</wf>
         <wf lemma="bi" pos="X">bi</wf>
         <wf lemma="trem" pos="X">trem</wf>
         <wf lemma="hčeram" pos="X">hčeram</wf>
         <wf lemma="siromašnega" pos="X">siromašnega</wf>
         <instance id="d000.s1189.t000" lemma="oče" pos="NOUN">očeta</instance>
         <wf lemma="ponoči" pos="X">ponoči</wf>
         <wf lemma="skozi" pos="X">skozi</wf>
         <wf lemma="okno" pos="X">okno</wf>
         <wf lemma="porinil" pos="X">porinil</wf>
         <wf lemma="tri" pos="X">tri</wf>
         <wf lemma="kepe" pos="X">kepe</wf>
         <wf lemma="zlata" pos="X">zlata</wf>
         <wf lemma="in" pos="X">in</wf>
         <wf lemma="jim" pos="X">jim</wf>
         <wf lemma="tako" pos="X">tako</wf>
         <wf lemma="priskrbel" pos="X">priskrbel</wf>
         <wf lemma="potrebno" pos="X">potrebno</wf>
         <wf lemma="doto" pos="X">doto</wf>
         <wf lemma="." pos="X">.</wf>
      </sentence>
      <sentence id="d000.s1190" source="wordnet-slovenian">
         <wf lemma="In" pos="X">In</wf>
         <wf lemma="doma" pos="X">doma</wf>
         <wf lemma="postavlja" pos="X">postavlja</wf>
         <wf lemma="tudi" pos="X">tudi</wf>
         <wf lemma="svoja" pos="X">svoja</wf>
         <instance id="d000.s1190.t000" lemma="vprašanje" pos="NOUN">vprašanja</instance>
         <wf lemma="." pos="X">.</wf>
      </sentence>
      <sentence id="d000.s1191" source="wordnet-slovenian">
         <wf lemma="V" pos="X">V</wf>
         <wf lemma="Cimbelinu" pos="X">Cimbelinu</wf>
         <wf lemma="je" pos="X">je</wf>
         <wf lemma="to" pos="X">to</wf>
         <instance id="d000.s1191.t000" lemma="vprašanje" pos="NOUN">vprašanje</instance>
         <wf lemma="še" pos="X">še</wf>
         <wf lemma="posebej" pos="X">posebej</wf>
         <wf lemma="zapleteno" pos="X">zapleteno</wf>
         <wf lemma="prav" pos="X">prav</wf>
         <wf lemma="do" pos="X">do</wf>
         <wf lemma="razpleta" pos="X">razpleta</wf>
         <wf lemma="," pos="X">,</wf>
         <wf lemma="ki" pos="X">ki</wf>
         <wf lemma="je" pos="X">je</wf>
         <wf lemma="zelo" pos="X">zelo</wf>
         <wf lemma="presenetljiv" pos="X">presenetljiv</wf>
         <wf lemma="in" pos="X">in</wf>
         <wf lemma="nov" pos="X">nov</wf>
         <wf lemma=":" pos="X">:</wf>
      </sentence>
      <sentence id="d000.s1192" source="wordnet-slovenian">
         <wf lemma="Na" pos="X">Na</wf>
         <wf lemma="njih" pos="X">njih</wf>
         <wf lemma="so" pos="X">so</wf>
         <wf lemma="na" pos="X">na</wf>
         <wf lemma="zgornji" pos="X">zgornji</wf>
         <instance id="d000.s1192.t000" lemma="stran" pos="NOUN">strani</instance>
         <wf lemma="vidne" pos="X">vidne</wf>
         <wf lemma="drobne" pos="X">drobne</wf>
         <wf lemma="točkice" pos="X">točkice</wf>
         <wf lemma="," pos="X">,</wf>
         <wf lemma="to" pos="X">to</wf>
         <wf lemma="so" pos="X">so</wf>
         <wf lemma="spermogoniji" pos="X">spermogoniji</wf>
         <wf lemma="." pos="X">.</wf>
      </sentence>
      <sentence id="d000.s1193" source="wordnet-slovenian">
         <wf lemma="Na" pos="X">Na</wf>
         <wf lemma="ustavno" pos="X">ustavno</wf>
         <wf lemma="sodišče" pos="X">sodišče</wf>
         <wf lemma="sem" pos="X">sem</wf>
         <wf lemma="vložil" pos="X">vložil</wf>
         <wf lemma="zahtevek" pos="X">zahtevek</wf>
         <wf lemma="za" pos="X">za</wf>
         <wf lemma="presojo" pos="X">presojo</wf>
         <wf lemma="zakonitosti" pos="X">zakonitosti</wf>
         <wf lemma="tega" pos="X">tega</wf>
         <wf lemma="ukrepa" pos="X">ukrepa</wf>
         <wf lemma="in" pos="X">in</wf>
         <wf lemma="po" pos="X">po</wf>
         <wf lemma="šestih" pos="X">šestih</wf>
         <instance id="d000.s1193.t000" lemma="mesec" pos="NOUN">mesecih</instance>
         <wf lemma="me" pos="X">me</wf>
         <wf lemma="je" pos="X">je</wf>
         <wf lemma="najvišje" pos="X">najvišje</wf>
         <wf lemma="sodišče" pos="X">sodišče</wf>
         <wf lemma="v" pos="X">v</wf>
         <wf lemma="državi" pos="X">državi</wf>
         <wf lemma="vrnilo" pos="X">vrnilo</wf>
         <wf lemma="na" pos="X">na</wf>
         <wf lemma="položaj" pos="X">položaj</wf>
         <wf lemma="prvega" pos="X">prvega</wf>
         <wf lemma="moža" pos="X">moža</wf>
         <wf lemma="slovenskega" pos="X">slovenskega</wf>
         <wf lemma="radia" pos="X">radia</wf>
         <wf lemma="in" pos="X">in</wf>
         <wf lemma="televizije" pos="X">televizije</wf>
         <wf lemma="," pos="X">,</wf>
         <wf lemma="članom" pos="X">članom</wf>
         <wf lemma="sveta" pos="X">sveta</wf>
         <wf lemma="pa" pos="X">pa</wf>
         <wf lemma="dalo" pos="X">dalo</wf>
         <wf lemma="poduk" pos="X">poduk</wf>
         <wf lemma="," pos="X">,</wf>
         <wf lemma="ki" pos="X">ki</wf>
         <wf lemma="ga" pos="X">ga</wf>
         <wf lemma="najbrž" pos="X">najbrž</wf>
         <wf lemma="niso" pos="X">niso</wf>
         <wf lemma="niti" pos="X">niti</wf>
         <wf lemma="prebrali" pos="X">prebrali</wf>
         <wf lemma="." pos="X">.</wf>
      </sentence>
      <sentence id="d000.s1194" source="wordnet-slovenian">
         <wf lemma="Že" pos="X">Že</wf>
         <wf lemma="sredi" pos="X">sredi</wf>
         <wf lemma="šestdesetih" pos="X">šestdesetih</wf>
         <instance id="d000.s1194.t000" lemma="leto" pos="NOUN">let</instance>
         <wf lemma="je" pos="X">je</wf>
         <wf lemma="bil" pos="X">bil</wf>
         <wf lemma="z" pos="X">z</wf>
         <wf lemma="delitvijo" pos="X">delitvijo</wf>
         <wf lemma="lastnine" pos="X">lastnine</wf>
         <wf lemma="na" pos="X">na</wf>
         <wf lemma="lastnino" pos="X">lastnino</wf>
         <wf lemma="v" pos="X">v</wf>
         <wf lemma="pravnem" pos="X">pravnem</wf>
         <wf lemma="in" pos="X">in</wf>
         <wf lemma="lastnino" pos="X">lastnino</wf>
         <wf lemma="v" pos="X">v</wf>
         <wf lemma="ekonomskem" pos="X">ekonomskem</wf>
         <wf lemma="smislu" pos="X">smislu</wf>
         <wf lemma="predhodnik" pos="X">predhodnik</wf>
         <wf lemma="in" pos="X">in</wf>
         <wf lemma="eden" pos="X">eden</wf>
         <wf lemma="od" pos="X">od</wf>
         <wf lemma="začetnikov" pos="X">začetnikov</wf>
         <wf lemma="teorije" pos="X">teorije</wf>
         <wf lemma="o" pos="X">o</wf>
         <wf lemma="property" pos="X">property</wf>
         <wf lemma="rights" pos="X">rights</wf>
         <wf lemma="," pos="X">,</wf>
         <wf lemma="ki" pos="X">ki</wf>
         <wf lemma="omogoča" pos="X">omogoča</wf>
         <wf lemma="razumevanje" pos="X">razumevanje</wf>
         <wf lemma="povezave" pos="X">povezave</wf>
         <wf lemma="med" pos="X">med</wf>
         <wf lemma="pravom" pos="X">pravom</wf>
         <wf lemma="in" pos="X">in</wf>
         <wf lemma="trgom" pos="X">trgom</wf>
         <wf lemma="." pos="X">.</wf>
      </sentence>
      <sentence id="d000.s1195" source="wordnet-slovenian">
         <wf lemma="A" pos="X">A</wf>
         <wf lemma="vidiš" pos="X">vidiš</wf>
         <wf lemma="," pos="X">,</wf>
         <wf lemma="raje" pos="X">raje</wf>
         <wf lemma="nimam" pos="X">nimam</wf>
         <instance id="d000.s1195.t000" lemma="ženska" pos="NOUN">ženske</instance>
         <wf lemma="," pos="X">,</wf>
         <wf lemma="dovolj" pos="X">dovolj</wf>
         <wf lemma="mi" pos="X">mi</wf>
         <wf lemma="teži" pos="X">teži</wf>
         <wf lemma="sin" pos="X">sin</wf>
         <wf lemma="in" pos="X">in</wf>
         <wf lemma="bivša" pos="X">bivša</wf>
         <wf lemma="!" pos="X">!</wf>
      </sentence>
      <sentence id="d000.s1196" source="wordnet-slovenian">
         <wf lemma="V" pos="X">V</wf>
         <wf lemma="takšnem" pos="X">takšnem</wf>
         <instance id="d000.s1196.t000" lemma="primer" pos="NOUN">primeru</instance>
         <wf lemma="se" pos="X">se</wf>
         <wf lemma="lahko" pos="X">lahko</wf>
         <wf lemma="bolnikovo" pos="X">bolnikovo</wf>
         <wf lemma="stanje" pos="X">stanje</wf>
         <wf lemma="celo" pos="X">celo</wf>
         <wf lemma="poslabša" pos="X">poslabša</wf>
         <wf lemma="." pos="X">.</wf>
      </sentence>
      <sentence id="d000.s1197" source="wordnet-slovenian">
         <instance id="d000.s1197.t000" lemma="družba" pos="NOUN">Družba</instance>
         <wf lemma="Primorje" pos="X">Primorje</wf>
         <wf lemma="Ajdovščina" pos="X">Ajdovščina</wf>
         <wf lemma="je" pos="X">je</wf>
         <wf lemma="prevzela" pos="X">prevzela</wf>
         <wf lemma="Gradis" pos="X">Gradis</wf>
         <wf lemma="gradbeno" pos="X">gradbeno</wf>
         <wf lemma="podjetje" pos="X">podjetje</wf>
         <wf lemma="Ljubljana" pos="X">Ljubljana</wf>
         <wf lemma="(" pos="X">(</wf>
         <wf lemma="GPL" pos="X">GPL</wf>
         <wf lemma=")" pos="X">)</wf>
         <wf lemma="," pos="X">,</wf>
         <wf lemma="prevzem" pos="X">prevzem</wf>
         <wf lemma="je" pos="X">je</wf>
         <wf lemma="v" pos="X">v</wf>
         <wf lemma="avgustu" pos="X">avgustu</wf>
         <wf lemma="odobrila" pos="X">odobrila</wf>
         <wf lemma="tudi" pos="X">tudi</wf>
         <wf lemma="Agencija" pos="X">Agencija</wf>
         <wf lemma="za" pos="X">za</wf>
         <wf lemma="trg" pos="X">trg</wf>
         <wf lemma="vrednostnih" pos="X">vrednostnih</wf>
         <wf lemma="papirjev" pos="X">papirjev</wf>
         <wf lemma="." pos="X">.</wf>
      </sentence>
      <sentence id="d000.s1198" source="wordnet-slovenian">
         <wf lemma="-" pos="X">-</wf>
         <wf lemma="Sorodniki" pos="X">Sorodniki</wf>
         <wf lemma="," pos="X">,</wf>
         <wf lemma="ki" pos="X">ki</wf>
         <wf lemma="so" pos="X">so</wf>
         <wf lemma="v" pos="X">v</wf>
         <wf lemma="soboto" pos="X">soboto</wf>
         <wf lemma="zvečer" pos="X">zvečer</wf>
         <wf lemma="prišli" pos="X">prišli</wf>
         <wf lemma="k" pos="X">k</wf>
         <wf lemma="70" pos="X">70</wf>
         <wf lemma="-" pos="X">-</wf>
         <wf lemma="letnemu" pos="X">letnemu</wf>
         <wf lemma="Ivanu" pos="X">Ivanu</wf>
         <wf lemma="Lenarčiču" pos="X">Lenarčiču</wf>
         <wf lemma="in" pos="X">in</wf>
         <wf lemma="njegovi" pos="X">njegovi</wf>
         <wf lemma="leto" pos="X">leto</wf>
         <wf lemma="dni" pos="X">dni</wf>
         <wf lemma="starejši" pos="X">starejši</wf>
         <wf lemma="ženi" pos="X">ženi</wf>
         <wf lemma="Antoniji" pos="X">Antoniji</wf>
         <wf lemma="v" pos="X">v</wf>
         <instance id="d000.s1198.t000" lemma="hiša" pos="NOUN">hišo</instance>
         <wf lemma="št." pos="X">št.</wf>
         <wf lemma="21" pos="X">21</wf>
         <wf lemma="v" pos="X">v</wf>
         <wf lemma="naselju" pos="X">naselju</wf>
         <wf lemma="Studeno" pos="X">Studeno</wf>
         <wf lemma="," pos="X">,</wf>
         <wf lemma="so" pos="X">so</wf>
         <wf lemma="naleteli" pos="X">naleteli</wf>
         <wf lemma="na" pos="X">na</wf>
         <wf lemma="grozljiv" pos="X">grozljiv</wf>
         <wf lemma="prizor" pos="X">prizor</wf>
         <wf lemma="." pos="X">.</wf>
      </sentence>
      <sentence id="d000.s1199" source="wordnet-slovenian">
         <wf lemma="TEMELJI" pos="X">TEMELJI</wf>
         <wf lemma="NA" pos="X">NA</wf>
         <wf lemma="SKUPNEM" pos="X">SKUPNEM</wf>
         <wf lemma="IZHODIŠČU" pos="X">IZHODIŠČU</wf>
         <wf lemma="," pos="X">,</wf>
         <wf lemma="DA" pos="X">DA</wf>
         <wf lemma="JE" pos="X">JE</wf>
         <wf lemma="PLAČNA" pos="X">PLAČNA</wf>
         <wf lemma="POLITIKA" pos="X">POLITIKA</wf>
         <wf lemma="ENA" pos="X">ENA</wf>
         <wf lemma="IZMED" pos="X">IZMED</wf>
         <wf lemma="POMEMBNEJŠIH" pos="X">POMEMBNEJŠIH</wf>
         <wf lemma="POLITIK" pos="X">POLITIK</wf>
         <wf lemma="O" pos="X">O</wf>
         <wf lemma="KATERI" pos="X">KATERI</wf>
         <wf lemma="JE" pos="X">JE</wf>
         <wf lemma="POTREBNO" pos="X">POTREBNO</wf>
         <wf lemma="DOSEČI" pos="X">DOSEČI</wf>
         <wf lemma="SOGLASJE" pos="X">SOGLASJE</wf>
         <wf lemma="," pos="X">,</wf>
         <wf lemma="DA" pos="X">DA</wf>
         <wf lemma="BI" pos="X">BI</wf>
         <wf lemma="SE" pos="X">SE</wf>
         <wf lemma="OHRANILO" pos="X">OHRANILO</wf>
         <wf lemma="STABILNE" pos="X">STABILNE</wf>
         <instance id="d000.s1199.t000" lemma="pogoj" pos="NOUN">POGOJE</instance>
         <wf lemma="ZA" pos="X">ZA</wf>
         <wf lemma="OHRANJANJE" pos="X">OHRANJANJE</wf>
         <wf lemma="DELOVNIH" pos="X">DELOVNIH</wf>
         <wf lemma="MEST" pos="X">MEST</wf>
         <wf lemma="IN" pos="X">IN</wf>
         <wf lemma="DINAMIČNI" pos="X">DINAMIČNI</wf>
         <wf lemma="RAZVOJ" pos="X">RAZVOJ</wf>
         <wf lemma=";" pos="X">;</wf>
         <wf lemma="KOT" pos="X">KOT</wf>
         <wf lemma="SE" pos="X">SE</wf>
         <wf lemma="NAVAJA" pos="X">NAVAJA</wf>
         <wf lemma="V" pos="X">V</wf>
         <wf lemma="DOGOVORU" pos="X">DOGOVORU</wf>
         <wf lemma="JE" pos="X">JE</wf>
         <wf lemma="DOGOVOR" pos="X">DOGOVOR</wf>
         <wf lemma="O" pos="X">O</wf>
         <wf lemma="POLITIKI" pos="X">POLITIKI</wf>
         <wf lemma="PLAČ" pos="X">PLAČ</wf>
         <wf lemma="," pos="X">,</wf>
         <wf lemma="PRVI" pos="X">PRVI</wf>
         <wf lemma="IZMED" pos="X">IZMED</wf>
         <wf lemma="SKUPNIH" pos="X">SKUPNIH</wf>
         <wf lemma="DOKUMENTOV" pos="X">DOKUMENTOV</wf>
         <wf lemma="V" pos="X">V</wf>
         <wf lemma="KATERIH" pos="X">KATERIH</wf>
         <wf lemma="NAJ" pos="X">NAJ</wf>
         <wf lemma="BI" pos="X">BI</wf>
         <wf lemma="SOCIALNI" pos="X">SOCIALNI</wf>
         <wf lemma="PARTNERJI" pos="X">PARTNERJI</wf>
         <wf lemma="OPREDELILI" pos="X">OPREDELILI</wf>
         <wf lemma="SVOJE" pos="X">SVOJE</wf>
         <wf lemma="SKUPNE" pos="X">SKUPNE</wf>
         <wf lemma="TER" pos="X">TER</wf>
         <wf lemma="POSAMIČNE" pos="X">POSAMIČNE</wf>
         <wf lemma="NALOGE" pos="X">NALOGE</wf>
         <wf lemma="IN" pos="X">IN</wf>
         <wf lemma="CILJE" pos="X">CILJE</wf>
         <wf lemma="," pos="X">,</wf>
         <wf lemma="KI" pos="X">KI</wf>
         <wf lemma="NAJ" pos="X">NAJ</wf>
         <wf lemma="BI" pos="X">BI</wf>
         <wf lemma="JIH" pos="X">JIH</wf>
         <wf lemma="NA" pos="X">NA</wf>
         <wf lemma="EKONOMSKO" pos="X">EKONOMSKO</wf>
         <wf lemma="SOCIALNEM" pos="X">SOCIALNEM</wf>
         <wf lemma="PODROČJU" pos="X">PODROČJU</wf>
         <wf lemma="DOSEGLI" pos="X">DOSEGLI</wf>
         <wf lemma="V" pos="X">V</wf>
         <wf lemma="NASLEDNJIH" pos="X">NASLEDNJIH</wf>
         <wf lemma="LETIH" pos="X">LETIH</wf>
         <wf lemma="." pos="X">.</wf>
      </sentence>
      <sentence id="d000.s1200" source="wordnet-slovenian">
         <wf lemma="Način" pos="X">Način</wf>
         <wf lemma="vstopanja" pos="X">vstopanja</wf>
         <wf lemma="v" pos="X">v</wf>
         <wf lemma="slikovno" pos="X">slikovno</wf>
         <wf lemma="polje" pos="X">polje</wf>
         <wf lemma="," pos="X">,</wf>
         <wf lemma="likovna" pos="X">likovna</wf>
         <wf lemma="problematika" pos="X">problematika</wf>
         <wf lemma="in" pos="X">in</wf>
         <wf lemma="končna" pos="X">končna</wf>
         <wf lemma="realizacija" pos="X">realizacija</wf>
         <wf lemma="pa" pos="X">pa</wf>
         <wf lemma="je" pos="X">je</wf>
         <wf lemma="v" pos="X">v</wf>
         <wf lemma="obeh" pos="X">obeh</wf>
         <instance id="d000.s1200.t000" lemma="primer" pos="NOUN">primerih</instance>
         <wf lemma="enaka" pos="X">enaka</wf>
         <wf lemma="." pos="X">.</wf>
      </sentence>
      <sentence id="d000.s1201" source="wordnet-slovenian">
         <wf lemma="Odločitev" pos="X">Odločitev</wf>
         <wf lemma="mu" pos="X">mu</wf>
         <wf lemma="je" pos="X">je</wf>
         <wf lemma="pomagal" pos="X">pomagal</wf>
         <wf lemma="sprejeti" pos="X">sprejeti</wf>
         <wf lemma="kar" pos="X">kar</wf>
         <wf lemma="Černomirdin" pos="X">Černomirdin</wf>
         <wf lemma="sam" pos="X">sam</wf>
         <wf lemma="," pos="X">,</wf>
         <wf lemma="ki" pos="X">ki</wf>
         <wf lemma="je" pos="X">je</wf>
         <wf lemma="odstopil" pos="X">odstopil</wf>
         <wf lemma="od" pos="X">od</wf>
         <wf lemma="kandidature" pos="X">kandidature</wf>
         <wf lemma="," pos="X">,</wf>
         <wf lemma="ker" pos="X">ker</wf>
         <wf lemma="ne" pos="X">ne</wf>
         <wf lemma="želi" pos="X">želi</wf>
         <wf lemma="biti" pos="X">biti</wf>
         <wf lemma="&quot;" pos="X">&quot;</wf>
         <wf lemma="jabolko" pos="X">jabolko</wf>
         <wf lemma="&quot;" pos="X">&quot;</wf>
         <wf lemma="spora" pos="X">spora</wf>
         <wf lemma="v" pos="X">v</wf>
         <wf lemma="kriznem" pos="X">kriznem</wf>
         <instance id="d000.s1201.t000" lemma="obdobje" pos="NOUN">obdobju</instance>
         <wf lemma="," pos="X">,</wf>
         <wf lemma="ki" pos="X">ki</wf>
         <wf lemma="ta" pos="X">ta</wf>
         <wf lemma="hip" pos="X">hip</wf>
         <wf lemma="vlada" pos="X">vlada</wf>
         <wf lemma="v" pos="X">v</wf>
         <wf lemma="Rusiji" pos="X">Rusiji</wf>
         <wf lemma="." pos="X">.</wf>
      </sentence>
      <sentence id="d000.s1202" source="wordnet-slovenian">
         <wf lemma="V" pos="X">V</wf>
         <wf lemma="ponedeljek" pos="X">ponedeljek</wf>
         <wf lemma="izide" pos="X">izide</wf>
         <wf lemma="razpis" pos="X">razpis</wf>
         <wf lemma="za" pos="X">za</wf>
         <wf lemma="vpis" pos="X">vpis</wf>
         <wf lemma="v" pos="X">v</wf>
         <wf lemma="srednješolske" pos="X">srednješolske</wf>
         <wf lemma="programe" pos="X">programe</wf>
         <wf lemma="v" pos="X">v</wf>
         <instance id="d000.s1202.t000" lemma="leto" pos="NOUN">letu</instance>
         <wf lemma="2002" pos="X">2002</wf>
         <wf lemma="/" pos="X">/</wf>
         <wf lemma="2003" pos="X">2003</wf>
         <wf lemma="." pos="X">.</wf>
      </sentence>
      <sentence id="d000.s1203" source="wordnet-slovenian">
         <wf lemma="Do" pos="X">Do</wf>
         <wf lemma="leta" pos="X">leta</wf>
         <wf lemma="2015" pos="X">2015</wf>
         <wf lemma="naj" pos="X">naj</wf>
         <wf lemma="bi" pos="X">bi</wf>
         <wf lemma="bilivsi" pos="X">bilivsi</wf>
         <wf lemma="otroci" pos="X">otroci</wf>
         <wf lemma="sveta" pos="X">sveta</wf>
         <wf lemma="v" pos="X">v</wf>
         <instance id="d000.s1203.t000" lemma="šola" pos="NOUN">šolah</instance>
         <wf lemma="." pos="X">.</wf>
      </sentence>
      <sentence id="d000.s1204" source="wordnet-slovenian">
         <wf lemma="Začetek" pos="X">Začetek</wf>
         <wf lemma="izvajanja" pos="X">izvajanja</wf>
         <wf lemma="programa" pos="X">programa</wf>
         <wf lemma="je" pos="X">je</wf>
         <wf lemma="odvisen" pos="X">odvisen</wf>
         <wf lemma="od" pos="X">od</wf>
         <wf lemma="podpisa" pos="X">podpisa</wf>
         <wf lemma="sporazuma" pos="X">sporazuma</wf>
         <wf lemma="z" pos="X">z</wf>
         <wf lemma="republiškim" pos="X">republiškim</wf>
         <wf lemma="zavodom" pos="X">zavodom</wf>
         <wf lemma="za" pos="X">za</wf>
         <wf lemma="zdravstveno" pos="X">zdravstveno</wf>
         <wf lemma="zavarovanje" pos="X">zavarovanje</wf>
         <wf lemma="," pos="X">,</wf>
         <wf lemma="po" pos="X">po</wf>
         <wf lemma="napovedih" pos="X">napovedih</wf>
         <wf lemma="pa" pos="X">pa</wf>
         <wf lemma="bi" pos="X">bi</wf>
         <wf lemma="se" pos="X">se</wf>
         <wf lemma="naj" pos="X">naj</wf>
         <wf lemma="to" pos="X">to</wf>
         <wf lemma="zgodilo" pos="X">zgodilo</wf>
         <wf lemma="prihodnji" pos="X">prihodnji</wf>
         <instance id="d000.s1204.t000" lemma="mesec" pos="NOUN">mesec</instance>
         <wf lemma="." pos="X">.</wf>
      </sentence>
      <sentence id="d000.s1205" source="wordnet-slovenian">
         <wf lemma="Dolgo" pos="X">Dolgo</wf>
         <wf lemma="sem" pos="X">sem</wf>
         <wf lemma="ležal" pos="X">ležal</wf>
         <wf lemma="buden" pos="X">buden</wf>
         <wf lemma="in" pos="X">in</wf>
         <wf lemma="premišljeval" pos="X">premišljeval</wf>
         <wf lemma="o" pos="X">o</wf>
         <wf lemma="tej" pos="X">tej</wf>
         <instance id="d000.s1205.t000" lemma="zadeva" pos="NOUN">zadevi</instance>
         <wf lemma="." pos="X">.</wf>
      </sentence>
      <sentence id="d000.s1206" source="wordnet-slovenian">
         <wf lemma="Izprijenci" pos="X">Izprijenci</wf>
         <wf lemma="bodo" pos="X">bodo</wf>
         <wf lemma="zanesljivo" pos="X">zanesljivo</wf>
         <wf lemma="našli" pos="X">našli</wf>
         <wf lemma="priložnost" pos="X">priložnost</wf>
         <wf lemma="za" pos="X">za</wf>
         <wf lemma="nadlegovanje" pos="X">nadlegovanje</wf>
         <instance id="d000.s1206.t000" lemma="otrok" pos="NOUN">otrok</instance>
         <wf lemma="," pos="X">,</wf>
         <wf lemma="je" pos="X">je</wf>
         <wf lemma="menil" pos="X">menil</wf>
         <wf lemma="predstavnik" pos="X">predstavnik</wf>
         <wf lemma="Mreže" pos="X">Mreže</wf>
         <wf lemma="preživelih" pos="X">preživelih</wf>
         <wf lemma="spolnega" pos="X">spolnega</wf>
         <wf lemma="zlorabljanja" pos="X">zlorabljanja</wf>
         <wf lemma="duhovnikov" pos="X">duhovnikov</wf>
         <wf lemma="Mark" pos="X">Mark</wf>
         <wf lemma="Serrano" pos="X">Serrano</wf>
         <wf lemma="." pos="X">.</wf>
      </sentence>
      <sentence id="d000.s1207" source="wordnet-slovenian">
         <wf lemma="Zemljo" pos="X">Zemljo</wf>
         <wf lemma="si" pos="X">si</wf>
         <wf lemma="razdelil" pos="X">razdelil</wf>
         <wf lemma="med" pos="X">med</wf>
         <wf lemma="sinove" pos="X">sinove</wf>
         <wf lemma="," pos="X">,</wf>
         <wf lemma="prgišče" pos="X">prgišče</wf>
         <wf lemma="morja" pos="X">morja</wf>
         <wf lemma="," pos="X">,</wf>
         <wf lemma="ki" pos="X">ki</wf>
         <wf lemma="ti" pos="X">ti</wf>
         <wf lemma="je" pos="X">je</wf>
         <wf lemma="ostalo" pos="X">ostalo</wf>
         <wf lemma="," pos="X">,</wf>
         <wf lemma="si" pos="X">si</wf>
         <wf lemma="prodal" pos="X">prodal</wf>
         <wf lemma="za" pos="X">za</wf>
         <wf lemma="temen" pos="X">temen</wf>
         <wf lemma="kot" pos="X">kot</wf>
         <wf lemma="v" pos="X">v</wf>
         <wf lemma="nedokončani" pos="X">nedokončani</wf>
         <instance id="d000.s1207.t000" lemma="hiša" pos="NOUN">hiši</instance>
         <wf lemma="s" pos="X">s</wf>
         <wf lemma="pogledom" pos="X">pogledom</wf>
         <wf lemma="na" pos="X">na</wf>
         <wf lemma="vaško" pos="X">vaško</wf>
         <wf lemma="pristanišče" pos="X">pristanišče</wf>
         <wf lemma="." pos="X">.</wf>
      </sentence>
      <sentence id="d000.s1208" source="wordnet-slovenian">
         <wf lemma="Nataša" pos="X">Nataša</wf>
         <wf lemma="Jerkovič" pos="X">Jerkovič</wf>
         <wf lemma="(" pos="X">(</wf>
         <wf lemma="367" pos="X">367</wf>
         <wf lemma=")" pos="X">)</wf>
         <wf lemma="na" pos="X">na</wf>
         <instance id="d000.s1208.t000" lemma="človek" pos="NOUN">človeku</instance>
         <wf lemma="najprej" pos="X">najprej</wf>
         <wf lemma="opazi" pos="X">opazi</wf>
         <wf lemma="njegov" pos="X">njegov</wf>
         <wf lemma="pogled" pos="X">pogled</wf>
         <wf lemma="." pos="X">.</wf>
      </sentence>
      <sentence id="d000.s1209" source="wordnet-slovenian">
         <wf lemma="V" pos="X">V</wf>
         <wf lemma="JNA" pos="X">JNA</wf>
         <wf lemma="se" pos="X">se</wf>
         <wf lemma="ne" pos="X">ne</wf>
         <wf lemma="identificiramo" pos="X">identificiramo</wf>
         <wf lemma="niti" pos="X">niti</wf>
         <wf lemma="z" pos="X">z</wf>
         <wf lemma="interesi" pos="X">interesi</wf>
         <wf lemma="ene" pos="X">ene</wf>
         <wf lemma="niti" pos="X">niti</wf>
         <wf lemma="z" pos="X">z</wf>
         <wf lemma="interesi" pos="X">interesi</wf>
         <wf lemma="druge" pos="X">druge</wf>
         <instance id="d000.s1209.t000" lemma="stran" pos="NOUN">strani</instance>
         <wf lemma="." pos="X">.</wf>
      </sentence>
      <sentence id="d000.s1210" source="wordnet-slovenian">
         <wf lemma="Uvedba" pos="X">Uvedba</wf>
         <instance id="d000.s1210.t000" lemma="sistem" pos="NOUN">sistema</instance>
         <wf lemma="magnetnih" pos="X">magnetnih</wf>
         <wf lemma="listkov" pos="X">listkov</wf>
         <wf lemma="bi" pos="X">bi</wf>
         <wf lemma="pomenila" pos="X">pomenila</wf>
         <wf lemma="," pos="X">,</wf>
         <wf lemma="da" pos="X">da</wf>
         <wf lemma="bi" pos="X">bi</wf>
         <wf lemma="se" pos="X">se</wf>
         <wf lemma="število" pos="X">število</wf>
         <wf lemma="zaposlenih" pos="X">zaposlenih</wf>
         <wf lemma="zmanjšalo" pos="X">zmanjšalo</wf>
         <wf lemma="za" pos="X">za</wf>
         <wf lemma="okoli" pos="X">okoli</wf>
         <wf lemma="35" pos="X">35</wf>
         <wf lemma="delavcev" pos="X">delavcev</wf>
         <wf lemma="." pos="X">.</wf>
      </sentence>
      <sentence id="d000.s1211" source="wordnet-slovenian">
         <wf lemma="Mnogokrat" pos="X">Mnogokrat</wf>
         <wf lemma="kritizirana" pos="X">kritizirana</wf>
         <wf lemma="Simona" pos="X">Simona</wf>
         <wf lemma="Šturm" pos="X">Šturm</wf>
         <wf lemma="je" pos="X">je</wf>
         <wf lemma="s" pos="X">s</wf>
         <wf lemma="serijo" pos="X">serijo</wf>
         <wf lemma="izjemnih" pos="X">izjemnih</wf>
         <wf lemma="strelov" pos="X">strelov</wf>
         <wf lemma="dokazala" pos="X">dokazala</wf>
         <wf lemma="," pos="X">,</wf>
         <wf lemma="da" pos="X">da</wf>
         <wf lemma="je" pos="X">je</wf>
         <wf lemma="vendarle" pos="X">vendarle</wf>
         <wf lemma="sposobna" pos="X">sposobna</wf>
         <wf lemma="dobrih" pos="X">dobrih</wf>
         <instance id="d000.s1211.t000" lemma="igra" pos="NOUN">iger</instance>
         <wf lemma="," pos="X">,</wf>
         <wf lemma="obenem" pos="X">obenem</wf>
         <wf lemma="pa" pos="X">pa</wf>
         <wf lemma="se" pos="X">se</wf>
         <wf lemma="je" pos="X">je</wf>
         <wf lemma="prebudila" pos="X">prebudila</wf>
         <wf lemma="še" pos="X">še</wf>
         <wf lemma="vratarka" pos="X">vratarka</wf>
         <wf lemma="Branka" pos="X">Branka</wf>
         <wf lemma="Jovanović" pos="X">Jovanović</wf>
         <wf lemma="," pos="X">,</wf>
         <wf lemma="ki" pos="X">ki</wf>
         <wf lemma="je" pos="X">je</wf>
         <wf lemma="," pos="X">,</wf>
         <wf lemma="kot" pos="X">kot</wf>
         <wf lemma="se" pos="X">se</wf>
         <wf lemma="je" pos="X">je</wf>
         <wf lemma="med" pos="X">med</wf>
         <wf lemma="tekmo" pos="X">tekmo</wf>
         <wf lemma="šepetalo" pos="X">šepetalo</wf>
         <wf lemma="po" pos="X">po</wf>
         <wf lemma="tribunah" pos="X">tribunah</wf>
         <wf lemma="," pos="X">,</wf>
         <wf lemma="bržkone" pos="X">bržkone</wf>
         <wf lemma="odbranila" pos="X">odbranila</wf>
         <wf lemma="eno" pos="X">eno</wf>
         <wf lemma="najboljših" pos="X">najboljših</wf>
         <wf lemma="tekem" pos="X">tekem</wf>
         <wf lemma="v" pos="X">v</wf>
         <wf lemma="svoji" pos="X">svoji</wf>
         <wf lemma="karieri" pos="X">karieri</wf>
         <wf lemma="." pos="X">.</wf>
      </sentence>
      <sentence id="d000.s1212" source="wordnet-slovenian">
         <wf lemma="Ker" pos="X">Ker</wf>
         <wf lemma="je" pos="X">je</wf>
         <wf lemma="več" pos="X">več</wf>
         <wf lemma="kot" pos="X">kot</wf>
         <wf lemma="očitno" pos="X">očitno</wf>
         <wf lemma="," pos="X">,</wf>
         <wf lemma="da" pos="X">da</wf>
         <wf lemma="je" pos="X">je</wf>
         <wf lemma="vodilna" pos="X">vodilna</wf>
         <wf lemma="kultura" pos="X">kultura</wf>
         <wf lemma="že" pos="X">že</wf>
         <wf lemma="posrkala" pos="X">posrkala</wf>
         <wf lemma="vse" pos="X">vse</wf>
         <wf lemma="subkulture" pos="X">subkulture</wf>
         <wf lemma="," pos="X">,</wf>
         <wf lemma="jih" pos="X">jih</wf>
         <wf lemma="prežvečila" pos="X">prežvečila</wf>
         <wf lemma="in" pos="X">in</wf>
         <wf lemma="zmešala" pos="X">zmešala</wf>
         <wf lemma="z" pos="X">z</wf>
         <wf lemma="drugimi" pos="X">drugimi</wf>
         <wf lemma="," pos="X">,</wf>
         <wf lemma="bi" pos="X">bi</wf>
         <wf lemma="bilo" pos="X">bilo</wf>
         <wf lemma="nespametno" pos="X">nespametno</wf>
         <wf lemma="neki" pos="X">neki</wf>
         <wf lemma="nočni" pos="X">nočni</wf>
         <instance id="d000.s1212.t000" lemma="klub" pos="NOUN">klub</instance>
         <wf lemma="voditi" pos="X">voditi</wf>
         <wf lemma="le" pos="X">le</wf>
         <wf lemma="za" pos="X">za</wf>
         <wf lemma="absolutno" pos="X">absolutno</wf>
         <wf lemma="alter" pos="X">alter</wf>
         <wf lemma="sceno" pos="X">sceno</wf>
         <wf lemma="." pos="X">.</wf>
      </sentence>
      <sentence id="d000.s1213" source="wordnet-slovenian">
         <instance id="d000.s1213.t000" lemma="dan" pos="NOUN">Dan</instance>
         <wf lemma="se" pos="X">se</wf>
         <wf lemma="nagiba" pos="X">nagiba</wf>
         <wf lemma="v" pos="X">v</wf>
         <wf lemma="zaton" pos="X">zaton</wf>
         <wf lemma="," pos="X">,</wf>
         <wf lemma="ko" pos="X">ko</wf>
         <wf lemma="načenjava" pos="X">načenjava</wf>
         <wf lemma="nekoliko" pos="X">nekoliko</wf>
         <wf lemma="lažji" pos="X">lažji</wf>
         <wf lemma="del" pos="X">del</wf>
         <wf lemma="stene" pos="X">stene</wf>
         <wf lemma="." pos="X">.</wf>
      </sentence>
      <sentence id="d000.s1214" source="wordnet-slovenian">
         <wf lemma="Ne" pos="X">Ne</wf>
         <wf lemma="pozabite" pos="X">pozabite</wf>
         <wf lemma="pa" pos="X">pa</wf>
         <wf lemma="na" pos="X">na</wf>
         <wf lemma="zdravje" pos="X">zdravje</wf>
         <wf lemma="-" pos="X">-</wf>
         <wf lemma="po" pos="X">po</wf>
         <wf lemma="družabnosti" pos="X">družabnosti</wf>
         <wf lemma="rada" pos="X">rada</wf>
         <wf lemma="boli" pos="X">boli</wf>
         <instance id="d000.s1214.t000" lemma="glava" pos="NOUN">glava</instance>
         <wf lemma="." pos="X">.</wf>
      </sentence>
      <sentence id="d000.s1215" source="wordnet-slovenian">
         <wf lemma="Druga" pos="X">Druga</wf>
         <wf lemma="ne" pos="X">ne</wf>
         <wf lemma="prevaja" pos="X">prevaja</wf>
         <wf lemma="," pos="X">,</wf>
         <wf lemma="ampak" pos="X">ampak</wf>
         <wf lemma="ponudi" pos="X">ponudi</wf>
         <wf lemma="v" pos="X">v</wf>
         <wf lemma="nekaj" pos="X">nekaj</wf>
         <wf lemma="različnih" pos="X">različnih</wf>
         <wf lemma="jezikih" pos="X">jezikih</wf>
         <wf lemma="jezikovne" pos="X">jezikovne</wf>
         <wf lemma="možnosti" pos="X">možnosti</wf>
         <wf lemma="s" pos="X">s</wf>
         <instance id="d000.s1215.t000" lemma="pomoč" pos="NOUN">pomočjo</instance>
         <wf lemma="izpeljanke" pos="X">izpeljanke</wf>
         <wf lemma="na" pos="X">na</wf>
         <wf lemma="vpisano" pos="X">vpisano</wf>
         <wf lemma="besedo" pos="X">besedo</wf>
         <wf lemma="," pos="X">,</wf>
         <wf lemma="glagol" pos="X">glagol</wf>
         <wf lemma="…" pos="X">…</wf>
         <wf lemma="." pos="X">.</wf>
      </sentence>
      <sentence id="d000.s1216" source="wordnet-slovenian">
         <wf lemma="Slovesi" pos="X">Slovesi</wf>
         <wf lemma="so" pos="X">so</wf>
         <wf lemma="bili" pos="X">bili</wf>
         <wf lemma="v" pos="X">v</wf>
         <wf lemma="obojih" pos="X">obojih</wf>
         <instance id="d000.s1216.t000" lemma="primer" pos="NOUN">primerih</instance>
         <wf lemma="težki" pos="X">težki</wf>
         <wf lemma="," pos="X">,</wf>
         <wf lemma="toda" pos="X">toda</wf>
         <wf lemma="Ali" pos="X">Ali</wf>
         <wf lemma="še" pos="X">še</wf>
         <wf lemma="ni" pos="X">ni</wf>
         <wf lemma="srečala" pos="X">srečala</wf>
         <wf lemma="čarodejke" pos="X">čarodejke</wf>
         <wf lemma="," pos="X">,</wf>
         <wf lemma="ki" pos="X">ki</wf>
         <wf lemma="se" pos="X">se</wf>
         <wf lemma="ne" pos="X">ne</wf>
         <wf lemma="bi" pos="X">bi</wf>
         <wf lemma="hotela" pos="X">hotela</wf>
         <wf lemma="rešiti" pos="X">rešiti</wf>
         <wf lemma="." pos="X">.</wf>
      </sentence>
      <sentence id="d000.s1217" source="wordnet-slovenian">
         <wf lemma="Kajpak" pos="X">Kajpak</wf>
         <wf lemma="biatlon" pos="X">biatlon</wf>
         <wf lemma="še" pos="X">še</wf>
         <wf lemma="dolgo" pos="X">dolgo</wf>
         <wf lemma="pri" pos="X">pri</wf>
         <wf lemma="naših" pos="X">naših</wf>
         <wf lemma="severnih" pos="X">severnih</wf>
         <wf lemma="sosedih" pos="X">sosedih</wf>
         <wf lemma="ne" pos="X">ne</wf>
         <wf lemma="bo" pos="X">bo</wf>
         <wf lemma="dosegel" pos="X">dosegel</wf>
         <wf lemma="takšne" pos="X">takšne</wf>
         <wf lemma="priljubljenosti" pos="X">priljubljenosti</wf>
         <wf lemma="kot" pos="X">kot</wf>
         <wf lemma="v" pos="X">v</wf>
         <wf lemma="Nemčiji" pos="X">Nemčiji</wf>
         <wf lemma="-" pos="X">-</wf>
         <wf lemma="nacionalni" pos="X">nacionalni</wf>
         <wf lemma="TV" pos="X">TV</wf>
         <wf lemma="hiši" pos="X">hiši</wf>
         <wf lemma="ZDF" pos="X">ZDF</wf>
         <wf lemma="in" pos="X">in</wf>
         <wf lemma="ARD" pos="X">ARD</wf>
         <wf lemma="sta" pos="X">sta</wf>
         <wf lemma="že" pos="X">že</wf>
         <instance id="d000.s1217.t000" lemma="dan" pos="NOUN">dan</instance>
         <wf lemma="pred" pos="X">pred</wf>
         <wf lemma="štartom" pos="X">štartom</wf>
         <wf lemma="sezone" pos="X">sezone</wf>
         <wf lemma="izčrpno" pos="X">izčrpno</wf>
         <wf lemma="poročali" pos="X">poročali</wf>
         <wf lemma="s" pos="X">s</wf>
         <wf lemma="prenovljenega" pos="X">prenovljenega</wf>
         <wf lemma="štadiona" pos="X">štadiona</wf>
         <wf lemma="," pos="X">,</wf>
         <wf lemma="medtem" pos="X">medtem</wf>
         <wf lemma="ko" pos="X">ko</wf>
         <wf lemma="domače" pos="X">domače</wf>
         <wf lemma="ORF" pos="X">ORF</wf>
         <wf lemma="ni" pos="X">ni</wf>
         <wf lemma="bilo" pos="X">bilo</wf>
         <wf lemma="še" pos="X">še</wf>
         <wf lemma="niti" pos="X">niti</wf>
         <wf lemma="blizu" pos="X">blizu</wf>
         <wf lemma="-" pos="X">-</wf>
         <wf lemma="a" pos="X">a</wf>
         <wf lemma="posebni" pos="X">posebni</wf>
         <wf lemma="vlaki" pos="X">vlaki</wf>
         <wf lemma="za" pos="X">za</wf>
         <wf lemma="obiskovalce" pos="X">obiskovalce</wf>
         <wf lemma="iz" pos="X">iz</wf>
         <wf lemma="Salzburga" pos="X">Salzburga</wf>
         <wf lemma="in" pos="X">in</wf>
         <wf lemma="Innsbrucka" pos="X">Innsbrucka</wf>
         <wf lemma="naj" pos="X">naj</wf>
         <wf lemma="bi" pos="X">bi</wf>
         <wf lemma="Avstrijcem" pos="X">Avstrijcem</wf>
         <wf lemma="vendarle" pos="X">vendarle</wf>
         <wf lemma="približali" pos="X">približali</wf>
         <wf lemma="to" pos="X">to</wf>
         <wf lemma="športno" pos="X">športno</wf>
         <wf lemma="panogo" pos="X">panogo</wf>
         <wf lemma="." pos="X">.</wf>
      </sentence>
      <sentence id="d000.s1218" source="wordnet-slovenian">
         <wf lemma="Tako" pos="X">Tako</wf>
         <wf lemma="," pos="X">,</wf>
         <wf lemma="počitnice" pos="X">počitnice</wf>
         <wf lemma="so" pos="X">so</wf>
         <wf lemma="tu" pos="X">tu</wf>
         <wf lemma="," pos="X">,</wf>
         <wf lemma="nekateri" pos="X">nekateri</wf>
         <wf lemma="ste" pos="X">ste</wf>
         <wf lemma="že" pos="X">že</wf>
         <wf lemma="doma" pos="X">doma</wf>
         <wf lemma="," pos="X">,</wf>
         <wf lemma="drugi" pos="X">drugi</wf>
         <wf lemma="še" pos="X">še</wf>
         <wf lemma="naprej" pos="X">naprej</wf>
         <wf lemma="letamo" pos="X">letamo</wf>
         <wf lemma="po" pos="X">po</wf>
         <instance id="d000.s1218.t000" lemma="svet" pos="NOUN">svetu</instance>
         <wf lemma="in" pos="X">in</wf>
         <wf lemma="bližnji" pos="X">bližnji</wf>
         <wf lemma="okolici" pos="X">okolici</wf>
         <wf lemma="." pos="X">.</wf>
      </sentence>
      <sentence id="d000.s1219" source="wordnet-slovenian">
         <wf lemma="Tudi" pos="X">Tudi</wf>
         <wf lemma="to" pos="X">to</wf>
         <wf lemma="je" pos="X">je</wf>
         <instance id="d000.s1219.t000" lemma="način" pos="NOUN">način</instance>
         <wf lemma="," pos="X">,</wf>
         <wf lemma="kako" pos="X">kako</wf>
         <wf lemma="žensko" pos="X">žensko</wf>
         <wf lemma="vzburiti" pos="X">vzburiti</wf>
         <wf lemma="." pos="X">.</wf>
      </sentence>
      <sentence id="d000.s1220" source="wordnet-slovenian">
         <wf lemma="Šibke" pos="X">Šibke</wf>
         <wf lemma="gospodarske" pos="X">gospodarske</wf>
         <wf lemma="subjekte" pos="X">subjekte</wf>
         <wf lemma="," pos="X">,</wf>
         <wf lemma="o" pos="X">o</wf>
         <wf lemma="katerih" pos="X">katerih</wf>
         <wf lemma="pišejo" pos="X">pišejo</wf>
         <wf lemma="predstavniki" pos="X">predstavniki</wf>
         <wf lemma="SAS" pos="X">SAS</wf>
         <wf lemma="," pos="X">,</wf>
         <wf lemma="bomo" pos="X">bomo</wf>
         <wf lemma="zaščitili" pos="X">zaščitili</wf>
         <wf lemma="podobno" pos="X">podobno</wf>
         <wf lemma="kot" pos="X">kot</wf>
         <wf lemma="druge" pos="X">druge</wf>
         <wf lemma="gospodarske" pos="X">gospodarske</wf>
         <wf lemma="subjekte" pos="X">subjekte</wf>
         <wf lemma=":" pos="X">:</wf>
         <wf lemma="z" pos="X">z</wf>
         <wf lemma="znižanjem" pos="X">znižanjem</wf>
         <wf lemma="bremen" pos="X">bremen</wf>
         <wf lemma="," pos="X">,</wf>
         <wf lemma="ki" pos="X">ki</wf>
         <wf lemma="nam" pos="X">nam</wf>
         <wf lemma="jih" pos="X">jih</wf>
         <wf lemma="nalaga" pos="X">nalaga</wf>
         <wf lemma="draga" pos="X">draga</wf>
         <wf lemma="država" pos="X">država</wf>
         <wf lemma="," pos="X">,</wf>
         <wf lemma="pa" pos="X">pa</wf>
         <wf lemma="tudi" pos="X">tudi</wf>
         <wf lemma="z" pos="X">z</wf>
         <wf lemma="znižanjem" pos="X">znižanjem</wf>
         <wf lemma="nekaterih" pos="X">nekaterih</wf>
         <wf lemma="vrst" pos="X">vrst</wf>
         <wf lemma="stroškov" pos="X">stroškov</wf>
         <wf lemma="," pos="X">,</wf>
         <wf lemma="ki" pos="X">ki</wf>
         <wf lemma="v" pos="X">v</wf>
         <wf lemma="strukturi" pos="X">strukturi</wf>
         <wf lemma="stroškov" pos="X">stroškov</wf>
         <wf lemma="storitve" pos="X">storitve</wf>
         <wf lemma="zavzemajo" pos="X">zavzemajo</wf>
         <wf lemma="pomemben" pos="X">pomemben</wf>
         <wf lemma="delež" pos="X">delež</wf>
         <wf lemma="(" pos="X">(</wf>
         <wf lemma="stroški" pos="X">stroški</wf>
         <instance id="d000.s1220.t000" lemma="delo" pos="NOUN">dela</instance>
         <wf lemma="," pos="X">,</wf>
         <wf lemma="pogonskih" pos="X">pogonskih</wf>
         <wf lemma="goriv" pos="X">goriv</wf>
         <wf lemma="," pos="X">,</wf>
         <wf lemma="zavarovalnih" pos="X">zavarovalnih</wf>
         <wf lemma="premij" pos="X">premij</wf>
         <wf lemma="." pos="X">.</wf>
         <wf lemma="." pos="X">.</wf>
         <wf lemma="." pos="X">.</wf>
      </sentence>
      <sentence id="d000.s1221" source="wordnet-slovenian">
         <wf lemma="Brez" pos="X">Brez</wf>
         <wf lemma="tujega" pos="X">tujega</wf>
         <wf lemma="orožja" pos="X">orožja</wf>
         <wf lemma="so" pos="X">so</wf>
         <wf lemma="za" pos="X">za</wf>
         <wf lemma="vzgled" pos="X">vzgled</wf>
         <wf lemma="ostalim" pos="X">ostalim</wf>
         <wf lemma="ekipam" pos="X">ekipam</wf>
         <wf lemma="znova" pos="X">znova</wf>
         <wf lemma="nastopili" pos="X">nastopili</wf>
         <wf lemma="Ljubljančani" pos="X">Ljubljančani</wf>
         <wf lemma="," pos="X">,</wf>
         <wf lemma="ki" pos="X">ki</wf>
         <wf lemma="na" pos="X">na</wf>
         <instance id="d000.s1221.t000" lemma="konec" pos="NOUN">koncu</instance>
         <wf lemma="v" pos="X">v</wf>
         <wf lemma="svojih" pos="X">svojih</wf>
         <wf lemma="vrstah" pos="X">vrstah</wf>
         <wf lemma="niso" pos="X">niso</wf>
         <wf lemma="pogrešali" pos="X">pogrešali</wf>
         <wf lemma="niti" pos="X">niti</wf>
         <wf lemma="Ferjana" pos="X">Ferjana</wf>
         <wf lemma="(" pos="X">(</wf>
         <wf lemma="mudil" pos="X">mudil</wf>
         <wf lemma="se" pos="X">se</wf>
         <wf lemma="je" pos="X">je</wf>
         <wf lemma="na" pos="X">na</wf>
         <wf lemma="Poljskem" pos="X">Poljskem</wf>
         <wf lemma=")" pos="X">)</wf>
         <wf lemma="in" pos="X">in</wf>
         <wf lemma="poškodovanega" pos="X">poškodovanega</wf>
         <wf lemma="Šušteršiča" pos="X">Šušteršiča</wf>
         <wf lemma="," pos="X">,</wf>
         <wf lemma="ki" pos="X">ki</wf>
         <wf lemma="jih" pos="X">jih</wf>
         <wf lemma="je" pos="X">je</wf>
         <wf lemma="z" pos="X">z</wf>
         <wf lemma="mavcem" pos="X">mavcem</wf>
         <wf lemma="na" pos="X">na</wf>
         <wf lemma="nogi" pos="X">nogi</wf>
         <wf lemma="lahko" pos="X">lahko</wf>
         <wf lemma="bodril" pos="X">bodril</wf>
         <wf lemma="le" pos="X">le</wf>
         <wf lemma="iz" pos="X">iz</wf>
         <wf lemma="tribun" pos="X">tribun</wf>
         <wf lemma="." pos="X">.</wf>
      </sentence>
      <sentence id="d000.s1222" source="wordnet-slovenian">
         <wf lemma="Na" pos="X">Na</wf>
         <wf lemma="podlagi" pos="X">podlagi</wf>
         <wf lemma="teh" pos="X">teh</wf>
         <wf lemma="in" pos="X">in</wf>
         <wf lemma="drugih" pos="X">drugih</wf>
         <wf lemma="proučevanih" pos="X">proučevanih</wf>
         <wf lemma="podatkov" pos="X">podatkov</wf>
         <wf lemma="je" pos="X">je</wf>
         <wf lemma="hrvaški" pos="X">hrvaški</wf>
         <wf lemma="Jadran" pos="X">Jadran</wf>
         <wf lemma="uvrščen" pos="X">uvrščen</wf>
         <wf lemma="med" pos="X">med</wf>
         <wf lemma="prednostna" pos="X">prednostna</wf>
         <instance id="d000.s1222.t000" lemma="področje" pos="NOUN">področja</instance>
         <wf lemma="za" pos="X">za</wf>
         <wf lemma="proučevanje" pos="X">proučevanje</wf>
         <wf lemma="in" pos="X">in</wf>
         <wf lemma="zaščito" pos="X">zaščito</wf>
         <wf lemma="glavatih" pos="X">glavatih</wf>
         <wf lemma="želv" pos="X">želv</wf>
         <wf lemma="v" pos="X">v</wf>
         <wf lemma="okviru" pos="X">okviru</wf>
         <wf lemma="načrta" pos="X">načrta</wf>
         <wf lemma="zaščite" pos="X">zaščite</wf>
         <wf lemma="morskih" pos="X">morskih</wf>
         <wf lemma="želv" pos="X">želv</wf>
         <wf lemma="Mediterana" pos="X">Mediterana</wf>
         <wf lemma="organizacije" pos="X">organizacije</wf>
         <wf lemma="UNEP" pos="X">UNEP</wf>
         <wf lemma="." pos="X">.</wf>
      </sentence>
      <sentence id="d000.s1223" source="wordnet-slovenian">
         <wf lemma="Nekaterim" pos="X">Nekaterim</wf>
         <wf lemma="od" pos="X">od</wf>
         <wf lemma="njih" pos="X">njih</wf>
         <instance id="d000.s1223.t000" lemma="država" pos="NOUN">država</instance>
         <wf lemma="obljublja" pos="X">obljublja</wf>
         <wf lemma="nadomestno" pos="X">nadomestno</wf>
         <wf lemma="gradnjo" pos="X">gradnjo</wf>
         <wf lemma="na" pos="X">na</wf>
         <wf lemma="zemljišču" pos="X">zemljišču</wf>
         <wf lemma="," pos="X">,</wf>
         <wf lemma="ki" pos="X">ki</wf>
         <wf lemma="naj" pos="X">naj</wf>
         <wf lemma="bi" pos="X">bi</wf>
         <wf lemma="si" pos="X">si</wf>
         <wf lemma="ga" pos="X">ga</wf>
         <wf lemma="sami" pos="X">sami</wf>
         <wf lemma="izbrali" pos="X">izbrali</wf>
         <wf lemma="," pos="X">,</wf>
         <wf lemma="hkrati" pos="X">hkrati</wf>
         <wf lemma="pa" pos="X">pa</wf>
         <wf lemma="jih" pos="X">jih</wf>
         <wf lemma="pri" pos="X">pri</wf>
         <wf lemma="tem" pos="X">tem</wf>
         <wf lemma="tudi" pos="X">tudi</wf>
         <wf lemma="ovira" pos="X">ovira</wf>
         <wf lemma="." pos="X">.</wf>
      </sentence>
      <sentence id="d000.s1224" source="wordnet-slovenian">
         <wf lemma="Karpo" pos="X">Karpo</wf>
         <wf lemma="Godina" pos="X">Godina</wf>
         <wf lemma="najde" pos="X">najde</wf>
         <wf lemma="veliko" pos="X">veliko</wf>
         <wf lemma="idej" pos="X">idej</wf>
         <wf lemma="za" pos="X">za</wf>
         <instance id="d000.s1224.t000" lemma="film" pos="NOUN">filme</instance>
         <wf lemma="v" pos="X">v</wf>
         <wf lemma="dnevnem" pos="X">dnevnem</wf>
         <wf lemma="časopisju" pos="X">časopisju</wf>
         <wf lemma="." pos="X">.</wf>
      </sentence>
      <sentence id="d000.s1225" source="wordnet-slovenian">
         <wf lemma="Priročno" pos="X">Priročno</wf>
         <wf lemma="za" pos="X">za</wf>
         <wf lemma="vse" pos="X">vse</wf>
         <wf lemma="," pos="X">,</wf>
         <wf lemma="ki" pos="X">ki</wf>
         <wf lemma="veliko" pos="X">veliko</wf>
         <wf lemma="kupujete" pos="X">kupujete</wf>
         <wf lemma="v" pos="X">v</wf>
         <wf lemma="drugih" pos="X">drugih</wf>
         <instance id="d000.s1225.t000" lemma="država" pos="NOUN">državah</instance>
         <wf lemma="." pos="X">.</wf>
      </sentence>
      <sentence id="d000.s1226" source="wordnet-slovenian">
         <wf lemma="Nujno" pos="X">Nujno</wf>
         <instance id="d000.s1226.t000" lemma="pomoč" pos="NOUN">pomoč</instance>
         <wf lemma="je" pos="X">je</wf>
         <wf lemma="potrebovalo" pos="X">potrebovalo</wf>
         <wf lemma="48" pos="X">48</wf>
         <wf lemma="ljudi" pos="X">ljudi</wf>
         <wf lemma="," pos="X">,</wf>
         <wf lemma="21" pos="X">21</wf>
         <wf lemma="jih" pos="X">jih</wf>
         <wf lemma="je" pos="X">je</wf>
         <wf lemma="pristalo" pos="X">pristalo</wf>
         <wf lemma="na" pos="X">na</wf>
         <wf lemma="internem" pos="X">internem</wf>
         <wf lemma="oddelku" pos="X">oddelku</wf>
         <wf lemma="." pos="X">.</wf>
      </sentence>
      <sentence id="d000.s1227" source="wordnet-slovenian">
         <wf lemma="Videli" pos="X">Videli</wf>
         <wf lemma="smo" pos="X">smo</wf>
         <wf lemma="tudi" pos="X">tudi</wf>
         <wf lemma="novejša" pos="X">novejša</wf>
         <wf lemma="vozila" pos="X">vozila</wf>
         <wf lemma="," pos="X">,</wf>
         <wf lemma="audije" pos="X">audije</wf>
         <wf lemma="in" pos="X">in</wf>
         <wf lemma="BMW-je" pos="X">BMW-je</wf>
         <wf lemma=";" pos="X">;</wf>
         <wf lemma="od" pos="X">od</wf>
         <wf lemma="njih" pos="X">njih</wf>
         <wf lemma="se" pos="X">se</wf>
         <wf lemma="lastniki" pos="X">lastniki</wf>
         <wf lemma="," pos="X">,</wf>
         <wf lemma="kot" pos="X">kot</wf>
         <wf lemma="so" pos="X">so</wf>
         <wf lemma="sami" pos="X">sami</wf>
         <wf lemma="povedali" pos="X">povedali</wf>
         <wf lemma="," pos="X">,</wf>
         <wf lemma="ločujejo" pos="X">ločujejo</wf>
         <wf lemma="predvsem" pos="X">predvsem</wf>
         <wf lemma="zato" pos="X">zato</wf>
         <wf lemma="," pos="X">,</wf>
         <wf lemma="ker" pos="X">ker</wf>
         <wf lemma="potrebujejo" pos="X">potrebujejo</wf>
         <instance id="d000.s1227.t000" lemma="denar" pos="NOUN">denar</instance>
         <wf lemma="za" pos="X">za</wf>
         <wf lemma="nakup" pos="X">nakup</wf>
         <wf lemma="stanovanja" pos="X">stanovanja</wf>
         <wf lemma="in" pos="X">in</wf>
         <wf lemma="podobno" pos="X">podobno</wf>
         <wf lemma="." pos="X">.</wf>
      </sentence>
      <sentence id="d000.s1228" source="wordnet-slovenian">
         <wf lemma="To" pos="X">To</wf>
         <wf lemma="je" pos="X">je</wf>
         <wf lemma="bil" pos="X">bil</wf>
         <wf lemma="hkrati" pos="X">hkrati</wf>
         <wf lemma="tudi" pos="X">tudi</wf>
         <wf lemma="težko" pos="X">težko</wf>
         <wf lemma="pričakovan" pos="X">pričakovan</wf>
         <wf lemma="test" pos="X">test</wf>
         <wf lemma="pnevmatik" pos="X">pnevmatik</wf>
         <wf lemma="za" pos="X">za</wf>
         <wf lemma="novi" pos="X">novi</wf>
         <wf lemma="razred" pos="X">razred</wf>
         <wf lemma="," pos="X">,</wf>
         <wf lemma="a" pos="X">a</wf>
         <wf lemma="posebnih" pos="X">posebnih</wf>
         <instance id="d000.s1228.t000" lemma="težava" pos="NOUN">težav</instance>
         <wf lemma="ni" pos="X">ni</wf>
         <wf lemma="bilo" pos="X">bilo</wf>
         <wf lemma="." pos="X">.</wf>
      </sentence>
      <sentence id="d000.s1229" source="wordnet-slovenian">
         <wf lemma="Občina" pos="X">Občina</wf>
         <wf lemma="je" pos="X">je</wf>
         <wf lemma="Lipov" pos="X">Lipov</wf>
         <wf lemma="gaj" pos="X">gaj</wf>
         <wf lemma="spomeniško" pos="X">spomeniško</wf>
         <wf lemma="zaščitila" pos="X">zaščitila</wf>
         <wf lemma="," pos="X">,</wf>
         <wf lemma="saj" pos="X">saj</wf>
         <wf lemma="je" pos="X">je</wf>
         <wf lemma="eden" pos="X">eden</wf>
         <wf lemma="redkih" pos="X">redkih</wf>
         <instance id="d000.s1229.t000" lemma="primer" pos="NOUN">primerov</instance>
         <wf lemma="ohranjenih" pos="X">ohranjenih</wf>
         <wf lemma="stoletnih" pos="X">stoletnih</wf>
         <wf lemma="lip" pos="X">lip</wf>
         <wf lemma="v" pos="X">v</wf>
         <wf lemma="Sloveniji" pos="X">Sloveniji</wf>
         <wf lemma="." pos="X">.</wf>
      </sentence>
      <sentence id="d000.s1230" source="wordnet-slovenian">
         <wf lemma="Za" pos="X">Za</wf>
         <wf lemma="srčne" pos="X">srčne</wf>
         <wf lemma="operacije" pos="X">operacije</wf>
         <wf lemma="že" pos="X">že</wf>
         <wf lemma="uporabljajo" pos="X">uporabljajo</wf>
         <wf lemma="umetne" pos="X">umetne</wf>
         <wf lemma="mišične" pos="X">mišične</wf>
         <wf lemma="strukture" pos="X">strukture</wf>
         <wf lemma="in" pos="X">in</wf>
         <wf lemma="v" pos="X">v</wf>
         <instance id="d000.s1230.t000" lemma="uporaba" pos="NOUN">uporabi</instance>
         <wf lemma="so" pos="X">so</wf>
         <wf lemma="že" pos="X">že</wf>
         <wf lemma="&quot;" pos="X">&quot;</wf>
         <wf lemma="čitalci" pos="X">čitalci</wf>
         <wf lemma="&quot;" pos="X">&quot;</wf>
         <wf lemma="očesne" pos="X">očesne</wf>
         <wf lemma="roženice" pos="X">roženice</wf>
         <wf lemma="," pos="X">,</wf>
         <wf lemma="ki" pos="X">ki</wf>
         <wf lemma="ni" pos="X">ni</wf>
         <wf lemma="enaka" pos="X">enaka</wf>
         <wf lemma="niti" pos="X">niti</wf>
         <wf lemma="pri" pos="X">pri</wf>
         <wf lemma="dveh" pos="X">dveh</wf>
         <wf lemma="osebah" pos="X">osebah</wf>
         <wf lemma="in" pos="X">in</wf>
         <wf lemma="jih" pos="X">jih</wf>
         <wf lemma="uporabljajo" pos="X">uporabljajo</wf>
         <wf lemma="kot" pos="X">kot</wf>
         <wf lemma="PIN" pos="X">PIN</wf>
         <wf lemma="kodoZ" pos="X">kodoZ</wf>
         <wf lemma="vodo" pos="X">vodo</wf>
         <wf lemma="v" pos="X">v</wf>
         <wf lemma="Evropo" pos="X">Evropo</wf>
         <wf lemma="." pos="X">.</wf>
      </sentence>
      <sentence id="d000.s1231" source="wordnet-slovenian">
         <instance id="d000.s1231.t000" lemma="svet" pos="NOUN">Svet</instance>
         <wf lemma="za" pos="X">za</wf>
         <wf lemma="radiodifuzijo" pos="X">radiodifuzijo</wf>
         <wf lemma="še" pos="X">še</wf>
         <wf lemma="naprej" pos="X">naprej</wf>
         <wf lemma="opozarja" pos="X">opozarja</wf>
         <wf lemma="na" pos="X">na</wf>
         <wf lemma="kršitve" pos="X">kršitve</wf>
         <wf lemma="pravil" pos="X">pravil</wf>
         <wf lemma="o" pos="X">o</wf>
         <wf lemma="televizijskem" pos="X">televizijskem</wf>
         <wf lemma="oglaševanju" pos="X">oglaševanju</wf>
         <wf lemma="." pos="X">.</wf>
      </sentence>
      <sentence id="d000.s1232" source="wordnet-slovenian">
         <wf lemma="Na" pos="X">Na</wf>
         <wf lemma="koncu" pos="X">koncu</wf>
         <wf lemma="objavljenega" pos="X">objavljenega</wf>
         <wf lemma="besedila" pos="X">besedila</wf>
         <wf lemma="sporazuma" pos="X">sporazuma</wf>
         <wf lemma="piše" pos="X">piše</wf>
         <wf lemma="," pos="X">,</wf>
         <wf lemma="da" pos="X">da</wf>
         <wf lemma="bodo" pos="X">bodo</wf>
         <wf lemma="tri" pos="X">tri</wf>
         <wf lemma="leta" pos="X">leta</wf>
         <wf lemma="po" pos="X">po</wf>
         <wf lemma="začetku" pos="X">začetku</wf>
         <wf lemma="njegove" pos="X">njegove</wf>
         <wf lemma="veljave" pos="X">veljave</wf>
         <wf lemma="sklicali" pos="X">sklicali</wf>
         <wf lemma="mednarodni" pos="X">mednarodni</wf>
         <wf lemma="sestanek" pos="X">sestanek</wf>
         <wf lemma="," pos="X">,</wf>
         <wf lemma="na" pos="X">na</wf>
         <wf lemma="katerem" pos="X">katerem</wf>
         <wf lemma="bodo" pos="X">bodo</wf>
         <wf lemma="opredelili" pos="X">opredelili</wf>
         <wf lemma="mehanizme" pos="X">mehanizme</wf>
         <wf lemma="za" pos="X">za</wf>
         <wf lemma="končno" pos="X">končno</wf>
         <wf lemma="rešitev" pos="X">rešitev</wf>
         <wf lemma="kosovskega" pos="X">kosovskega</wf>
         <wf lemma="vprašanja" pos="X">vprašanja</wf>
         <wf lemma="," pos="X">,</wf>
         <wf lemma="in" pos="X">in</wf>
         <wf lemma="sicer" pos="X">sicer</wf>
         <wf lemma="na" pos="X">na</wf>
         <wf lemma="podlagi" pos="X">podlagi</wf>
         <instance id="d000.s1232.t000" lemma="volja" pos="NOUN">volje</instance>
         <wf lemma="ljudstva" pos="X">ljudstva</wf>
         <wf lemma="," pos="X">,</wf>
         <wf lemma="stališč" pos="X">stališč</wf>
         <wf lemma="relevantnih" pos="X">relevantnih</wf>
         <wf lemma="oblasti" pos="X">oblasti</wf>
         <wf lemma="," pos="X">,</wf>
         <wf lemma="prizadevanj" pos="X">prizadevanj</wf>
         <wf lemma="vsake" pos="X">vsake</wf>
         <wf lemma="strani" pos="X">strani</wf>
         <wf lemma="pri" pos="X">pri</wf>
         <wf lemma="uresničevanju" pos="X">uresničevanju</wf>
         <wf lemma="sporazuma" pos="X">sporazuma</wf>
         <wf lemma="in" pos="X">in</wf>
         <wf lemma="sklepne" pos="X">sklepne</wf>
         <wf lemma="helsinške" pos="X">helsinške</wf>
         <wf lemma="listine" pos="X">listine</wf>
         <wf lemma="." pos="X">.</wf>
      </sentence>
      <sentence id="d000.s1233" source="wordnet-slovenian">
         <wf lemma="Pri" pos="X">Pri</wf>
         <wf lemma="pogledu" pos="X">pogledu</wf>
         <wf lemma="od" pos="X">od</wf>
         <instance id="d000.s1233.t000" lemma="stran" pos="NOUN">strani</instance>
         <wf lemma="in" pos="X">in</wf>
         <wf lemma="od" pos="X">od</wf>
         <wf lemma="zadaj" pos="X">zadaj</wf>
         <wf lemma="se" pos="X">se</wf>
         <wf lemma="nam" pos="X">nam</wf>
         <wf lemma="na" pos="X">na</wf>
         <wf lemma="desni" pos="X">desni</wf>
         <wf lemma="strani" pos="X">strani</wf>
         <wf lemma="najprej" pos="X">najprej</wf>
         <wf lemma="prismehlja" pos="X">prismehlja</wf>
         <wf lemma="priročno" pos="X">priročno</wf>
         <wf lemma="nameščen" pos="X">nameščen</wf>
         <wf lemma="vmesnik" pos="X">vmesnik</wf>
         <wf lemma="USB" pos="X">USB</wf>
         <wf lemma="," pos="X">,</wf>
         <wf lemma="nato" pos="X">nato</wf>
         <wf lemma="pa" pos="X">pa</wf>
         <wf lemma="še" pos="X">še</wf>
         <wf lemma="podpora" pos="X">podpora</wf>
         <wf lemma="za" pos="X">za</wf>
         <wf lemma="FireWire" pos="X">FireWire</wf>
         <wf lemma="in" pos="X">in</wf>
         <wf lemma="reža" pos="X">reža</wf>
         <wf lemma="za" pos="X">za</wf>
         <wf lemma="različne" pos="X">različne</wf>
         <wf lemma="PC" pos="X">PC</wf>
         <wf lemma="kartice" pos="X">kartice</wf>
         <wf lemma="tipa" pos="X">tipa</wf>
         <wf lemma="II" pos="X">II</wf>
         <wf lemma="," pos="X">,</wf>
         <wf lemma="na" pos="X">na</wf>
         <wf lemma="desni" pos="X">desni</wf>
         <wf lemma="strani" pos="X">strani</wf>
         <wf lemma="pa" pos="X">pa</wf>
         <wf lemma="je" pos="X">je</wf>
         <wf lemma="svoj" pos="X">svoj</wf>
         <wf lemma="prostor" pos="X">prostor</wf>
         <wf lemma="našel" pos="X">našel</wf>
         <wf lemma="pogon" pos="X">pogon</wf>
         <wf lemma="DVD" pos="X">DVD</wf>
         <wf lemma="Super" pos="X">Super</wf>
         <wf lemma="Multi" pos="X">Multi</wf>
         <wf lemma="Drive" pos="X">Drive</wf>
         <wf lemma="," pos="X">,</wf>
         <wf lemma="ki" pos="X">ki</wf>
         <wf lemma="v" pos="X">v</wf>
         <wf lemma="eni" pos="X">eni</wf>
         <wf lemma="enoti" pos="X">enoti</wf>
         <wf lemma="zmore" pos="X">zmore</wf>
         <wf lemma="brati" pos="X">brati</wf>
         <wf lemma="bolj" pos="X">bolj</wf>
         <wf lemma="ali" pos="X">ali</wf>
         <wf lemma="manj" pos="X">manj</wf>
         <wf lemma="vse" pos="X">vse</wf>
         <wf lemma="," pos="X">,</wf>
         <wf lemma="kar" pos="X">kar</wf>
         <wf lemma="lahko" pos="X">lahko</wf>
         <wf lemma="svetlečega" pos="X">svetlečega</wf>
         <wf lemma="in" pos="X">in</wf>
         <wf lemma="okroglega" pos="X">okroglega</wf>
         <wf lemma="dobite" pos="X">dobite</wf>
         <wf lemma="na" pos="X">na</wf>
         <wf lemma="trgu" pos="X">trgu</wf>
         <wf lemma="." pos="X">.</wf>
      </sentence>
      <sentence id="d000.s1234" source="wordnet-slovenian">
         <wf lemma="Izraelski" pos="X">Izraelski</wf>
         <wf lemma="zunanji" pos="X">zunanji</wf>
         <wf lemma="minister" pos="X">minister</wf>
         <wf lemma="Šimon" pos="X">Šimon</wf>
         <wf lemma="Peres" pos="X">Peres</wf>
         <wf lemma="je" pos="X">je</wf>
         <wf lemma="včeraj" pos="X">včeraj</wf>
         <wf lemma="med" pos="X">med</wf>
         <wf lemma="obiskom" pos="X">obiskom</wf>
         <wf lemma="v" pos="X">v</wf>
         <wf lemma="Helsinkih" pos="X">Helsinkih</wf>
         <wf lemma="izrazil" pos="X">izrazil</wf>
         <wf lemma="previden" pos="X">previden</wf>
         <wf lemma="optimizem" pos="X">optimizem</wf>
         <wf lemma="glede" pos="X">glede</wf>
         <wf lemma="morebitnega" pos="X">morebitnega</wf>
         <wf lemma="vnovičnega" pos="X">vnovičnega</wf>
         <wf lemma="začetka" pos="X">začetka</wf>
         <wf lemma="bližnjevzhodnega" pos="X">bližnjevzhodnega</wf>
         <wf lemma="mirovnega" pos="X">mirovnega</wf>
         <wf lemma="procesa" pos="X">procesa</wf>
         <wf lemma="po" pos="X">po</wf>
         <wf lemma="odločitvi" pos="X">odločitvi</wf>
         <wf lemma="Izraela" pos="X">Izraela</wf>
         <wf lemma="," pos="X">,</wf>
         <wf lemma="da" pos="X">da</wf>
         <wf lemma="se" pos="X">se</wf>
         <wf lemma="postopno" pos="X">postopno</wf>
         <wf lemma="umakne" pos="X">umakne</wf>
         <wf lemma="z" pos="X">z</wf>
         <instance id="d000.s1234.t000" lemma="območje" pos="NOUN">območja</instance>
         <wf lemma="Gaze" pos="X">Gaze</wf>
         <wf lemma="in" pos="X">in</wf>
         <wf lemma="Betlehema" pos="X">Betlehema</wf>
         <wf lemma="." pos="X">.</wf>
      </sentence>
      <sentence id="d000.s1235" source="wordnet-slovenian">
         <wf lemma="Po" pos="X">Po</wf>
         <wf lemma="njegovem" pos="X">njegovem</wf>
         <instance id="d000.s1235.t000" lemma="mnenje" pos="NOUN">mnenju</instance>
         <wf lemma="gre" pos="X">gre</wf>
         <wf lemma="pri" pos="X">pri</wf>
         <wf lemma="vojaščini" pos="X">vojaščini</wf>
         <wf lemma="za" pos="X">za</wf>
         <wf lemma="bistvene" pos="X">bistvene</wf>
         <wf lemma="kršitve" pos="X">kršitve</wf>
         <wf lemma="ustavnih" pos="X">ustavnih</wf>
         <wf lemma="pravic" pos="X">pravic</wf>
         <wf lemma="državljanov" pos="X">državljanov</wf>
         <wf lemma="moškega" pos="X">moškega</wf>
         <wf lemma="spola" pos="X">spola</wf>
         <wf lemma="." pos="X">.</wf>
      </sentence>
      <sentence id="d000.s1236" source="wordnet-slovenian">
         <wf lemma="ČLEN" pos="X">ČLEN</wf>
         <wf lemma="KPND" pos="X">KPND</wf>
         <wf lemma="," pos="X">,</wf>
         <wf lemma="KI" pos="X">KI</wf>
         <wf lemma="DOLOČA" pos="X">DOLOČA</wf>
         <wf lemma="," pos="X">,</wf>
         <wf lemma="DA" pos="X">DA</wf>
         <wf lemma="JE" pos="X">JE</wf>
         <instance id="d000.s1236.t000" lemma="delavec" pos="NOUN">DELAVCA</instance>
         <wf lemma="MOGOČE" pos="X">MOGOČE</wf>
         <wf lemma="RAZPOREDITI" pos="X">RAZPOREDITI</wf>
         <wf lemma="V" pos="X">V</wf>
         <wf lemma="DRUG" pos="X">DRUG</wf>
         <wf lemma="ZAVOD" pos="X">ZAVOD</wf>
         <wf lemma="," pos="X">,</wf>
         <wf lemma="ORGANIZACIJO" pos="X">ORGANIZACIJO</wf>
         <wf lemma="OZIROMA" pos="X">OZIROMA</wf>
         <wf lemma="K" pos="X">K</wf>
         <wf lemma="DRUGEMU" pos="X">DRUGEMU</wf>
         <wf lemma="DELODAJALCU" pos="X">DELODAJALCU</wf>
         <wf lemma="," pos="X">,</wf>
         <wf lemma="ČE" pos="X">ČE</wf>
         <wf lemma="JE" pos="X">JE</wf>
         <wf lemma="TO" pos="X">TO</wf>
         <wf lemma="POTREBNO" pos="X">POTREBNO</wf>
         <wf lemma="ZARADI" pos="X">ZARADI</wf>
         <wf lemma="NEMOTENEGA" pos="X">NEMOTENEGA</wf>
         <wf lemma="OPRAVLJANJA" pos="X">OPRAVLJANJA</wf>
         <wf lemma="NALOG" pos="X">NALOG</wf>
         <wf lemma="," pos="X">,</wf>
         <wf lemma="IN" pos="X">IN</wf>
         <wf lemma="SICER" pos="X">SICER</wf>
         <wf lemma=":" pos="X">:</wf>
      </sentence>
      <sentence id="d000.s1237" source="wordnet-slovenian">
         <wf lemma="OBVEZNA" pos="X">OBVEZNA</wf>
         <wf lemma="SESTAVINA" pos="X">SESTAVINA</wf>
         <wf lemma="POGODBE" pos="X">POGODBE</wf>
         <wf lemma="O" pos="X">O</wf>
         <wf lemma="ZAPOSLITVI" pos="X">ZAPOSLITVI</wf>
         <wf lemma="JE" pos="X">JE</wf>
         <wf lemma="DOGOVOR" pos="X">DOGOVOR</wf>
         <wf lemma="O" pos="X">O</wf>
         <wf lemma="NAČINU" pos="X">NAČINU</wf>
         <wf lemma="URESNIČEVANJA" pos="X">URESNIČEVANJA</wf>
         <instance id="d000.s1237.t000" lemma="pravica" pos="NOUN">PRAVIC</instance>
         <wf lemma="IN" pos="X">IN</wf>
         <wf lemma="OBVEZNOSTI" pos="X">OBVEZNOSTI</wf>
         <wf lemma="IZ" pos="X">IZ</wf>
         <wf lemma="TEGA" pos="X">TEGA</wf>
         <wf lemma="DELOVNEGA" pos="X">DELOVNEGA</wf>
         <wf lemma="RAZMERJA" pos="X">RAZMERJA</wf>
         <wf lemma="GLEDE" pos="X">GLEDE</wf>
         <wf lemma="NA" pos="X">NA</wf>
         <wf lemma="PRAVICE" pos="X">PRAVICE</wf>
         <wf lemma="IN" pos="X">IN</wf>
         <wf lemma="OBVEZNOSTI" pos="X">OBVEZNOSTI</wf>
         <wf lemma="DELAVCA" pos="X">DELAVCA</wf>
         <wf lemma="PRI" pos="X">PRI</wf>
         <wf lemma="DELODAJALCU" pos="X">DELODAJALCU</wf>
         <wf lemma="," pos="X">,</wf>
         <wf lemma="KJER" pos="X">KJER</wf>
         <wf lemma="JE" pos="X">JE</wf>
         <wf lemma="ZAPOSLEN" pos="X">ZAPOSLEN</wf>
         <wf lemma="S" pos="X">S</wf>
         <wf lemma="POLNIM" pos="X">POLNIM</wf>
         <wf lemma="DELOVNIM" pos="X">DELOVNIM</wf>
         <wf lemma="ČASOM" pos="X">ČASOM</wf>
         <wf lemma="." pos="X">.</wf>
      </sentence>
      <sentence id="d000.s1238" source="wordnet-slovenian">
         <wf lemma="Čim" pos="X">Čim</wf>
         <wf lemma="boljše" pos="X">boljše</wf>
         <wf lemma="bo" pos="X">bo</wf>
         <wf lemma="v" pos="X">v</wf>
         <wf lemma="Sloveniji" pos="X">Sloveniji</wf>
         <wf lemma="znanje" pos="X">znanje</wf>
         <wf lemma="tujih" pos="X">tujih</wf>
         <wf lemma="jezikov" pos="X">jezikov</wf>
         <wf lemma="," pos="X">,</wf>
         <wf lemma="tem" pos="X">tem</wf>
         <wf lemma="bolje" pos="X">bolje</wf>
         <wf lemma="se" pos="X">se</wf>
         <wf lemma="bo" pos="X">bo</wf>
         <wf lemma="Slovenija" pos="X">Slovenija</wf>
         <wf lemma="sporazumevala" pos="X">sporazumevala</wf>
         <wf lemma="s" pos="X">s</wf>
         <instance id="d000.s1238.t000" lemma="svet" pos="NOUN">svetom</instance>
         <wf lemma="." pos="X">.</wf>
      </sentence>
      <sentence id="d000.s1239" source="wordnet-slovenian">
         <wf lemma="Zaradi" pos="X">Zaradi</wf>
         <wf lemma="utesnjenosti" pos="X">utesnjenosti</wf>
         <wf lemma="in" pos="X">in</wf>
         <wf lemma="iztekajoče" pos="X">iztekajoče</wf>
         <wf lemma="se" pos="X">se</wf>
         <wf lemma="najemne" pos="X">najemne</wf>
         <wf lemma="pogodbe" pos="X">pogodbe</wf>
         <wf lemma="za" pos="X">za</wf>
         <wf lemma="sedanje" pos="X">sedanje</wf>
         <instance id="d000.s1239.t000" lemma="prostor" pos="NOUN">prostore</instance>
         <wf lemma="se" pos="X">se</wf>
         <wf lemma="je" pos="X">je</wf>
         <wf lemma="vodstvo" pos="X">vodstvo</wf>
         <wf lemma="Stedeka" pos="X">Stedeka</wf>
         <wf lemma="odločilo" pos="X">odločilo</wf>
         <wf lemma="za" pos="X">za</wf>
         <wf lemma="nakup" pos="X">nakup</wf>
         <wf lemma="nekdanjih" pos="X">nekdanjih</wf>
         <wf lemma="prostorov" pos="X">prostorov</wf>
         <wf lemma="obrata" pos="X">obrata</wf>
         <wf lemma="cestne" pos="X">cestne</wf>
         <wf lemma="mehanizacije" pos="X">mehanizacije</wf>
         <wf lemma="," pos="X">,</wf>
         <wf lemma="ki" pos="X">ki</wf>
         <wf lemma="je" pos="X">je</wf>
         <wf lemma="pred" pos="X">pred</wf>
         <wf lemma="leti" pos="X">leti</wf>
         <wf lemma="deloval" pos="X">deloval</wf>
         <wf lemma="v" pos="X">v</wf>
         <wf lemma="okviru" pos="X">okviru</wf>
         <wf lemma="Strojne" pos="X">Strojne</wf>
         <wf lemma="tovarne" pos="X">tovarne</wf>
         <wf lemma="Trbovlje" pos="X">Trbovlje</wf>
         <wf lemma="oziroma" pos="X">oziroma</wf>
         <wf lemma="njene" pos="X">njene</wf>
         <wf lemma="naslednice" pos="X">naslednice</wf>
         <wf lemma="Strojegradnje" pos="X">Strojegradnje</wf>
         <wf lemma="Trbovlje" pos="X">Trbovlje</wf>
         <wf lemma="," pos="X">,</wf>
         <wf lemma="ki" pos="X">ki</wf>
         <wf lemma="je" pos="X">je</wf>
         <wf lemma="prav" pos="X">prav</wf>
         <wf lemma="tako" pos="X">tako</wf>
         <wf lemma="končala" pos="X">končala</wf>
         <wf lemma="v" pos="X">v</wf>
         <wf lemma="stečaju" pos="X">stečaju</wf>
         <wf lemma="." pos="X">.</wf>
      </sentence>
      <sentence id="d000.s1240" source="wordnet-slovenian">
         <wf lemma="Ustvarjalci" pos="X">Ustvarjalci</wf>
         <wf lemma="oziroma" pos="X">oziroma</wf>
         <wf lemma="uredništvo" pos="X">uredništvo</wf>
         <wf lemma="revije" pos="X">revije</wf>
         <wf lemma="Stripburger" pos="X">Stripburger</wf>
         <wf lemma="je" pos="X">je</wf>
         <wf lemma="namreč" pos="X">namreč</wf>
         <wf lemma="lani" pos="X">lani</wf>
         <wf lemma="izdalo" pos="X">izdalo</wf>
         <wf lemma="antologijo" pos="X">antologijo</wf>
         <wf lemma="stripov" pos="X">stripov</wf>
         <wf lemma="iz" pos="X">iz</wf>
         <wf lemma="vzhodne" pos="X">vzhodne</wf>
         <wf lemma="in" pos="X">in</wf>
         <wf lemma="srednje" pos="X">srednje</wf>
         <wf lemma="Evrope" pos="X">Evrope</wf>
         <wf lemma="z" pos="X">z</wf>
         <instance id="d000.s1240.t000" lemma="naslov" pos="NOUN">naslovom</instance>
         <wf lemma="Stripburek" pos="X">Stripburek</wf>
         <wf lemma="stripi" pos="X">stripi</wf>
         <wf lemma="iz" pos="X">iz</wf>
         <wf lemma="drugačne" pos="X">drugačne</wf>
         <wf lemma="Evrope" pos="X">Evrope</wf>
         <wf lemma="." pos="X">.</wf>
      </sentence>
      <sentence id="d000.s1241" source="wordnet-slovenian">
         <wf lemma="Poskrbela" pos="X">Poskrbela</wf>
         <wf lemma="bom" pos="X">bom</wf>
         <wf lemma="," pos="X">,</wf>
         <wf lemma="da" pos="X">da</wf>
         <wf lemma="bom" pos="X">bom</wf>
         <wf lemma="čim" pos="X">čim</wf>
         <wf lemma="manj" pos="X">manj</wf>
         <wf lemma="mislila" pos="X">mislila</wf>
         <wf lemma="na" pos="X">na</wf>
         <instance id="d000.s1241.t000" lemma="šola" pos="NOUN">šolo</instance>
         <wf lemma="in" pos="X">in</wf>
         <wf lemma="se" pos="X">se</wf>
         <wf lemma="bom" pos="X">bom</wf>
         <wf lemma="bolj" pos="X">bolj</wf>
         <wf lemma="posvečala" pos="X">posvečala</wf>
         <wf lemma="prijateljem" pos="X">prijateljem</wf>
         <wf lemma="in" pos="X">in</wf>
         <wf lemma="televiziji" pos="X">televiziji</wf>
         <wf lemma="." pos="X">.</wf>
      </sentence>
      <sentence id="d000.s1242" source="wordnet-slovenian">
         <wf lemma="Čustveno" pos="X">Čustveno</wf>
         <wf lemma="prizadeto" pos="X">prizadeto</wf>
         <wf lemma="je" pos="X">je</wf>
         <wf lemma="pričala" pos="X">pričala</wf>
         <wf lemma="tudi" pos="X">tudi</wf>
         <wf lemma="Barbara" pos="X">Barbara</wf>
         <wf lemma="P." pos="X">P.</wf>
         <wf lemma="iz" pos="X">iz</wf>
         <wf lemma="sosednje" pos="X">sosednje</wf>
         <wf lemma="vasi" pos="X">vasi</wf>
         <wf lemma="," pos="X">,</wf>
         <wf lemma="s" pos="X">s</wf>
         <wf lemma="katero" pos="X">katero</wf>
         <wf lemma="naj" pos="X">naj</wf>
         <wf lemma="bi" pos="X">bi</wf>
         <wf lemma="Godnov" pos="X">Godnov</wf>
         <wf lemma="imel" pos="X">imel</wf>
         <instance id="d000.s1242.t000" lemma="otrok" pos="NOUN">otroka</instance>
         <wf lemma="." pos="X">.</wf>
      </sentence>
      <sentence id="d000.s1243" source="wordnet-slovenian">
         <wf lemma="Analitične" pos="X">Analitične</wf>
         <wf lemma="Parižane" pos="X">Parižane</wf>
         <wf lemma="sem" pos="X">sem</wf>
         <wf lemma="nekako" pos="X">nekako</wf>
         <wf lemma="zadovoljil" pos="X">zadovoljil</wf>
         <wf lemma="šele" pos="X">šele</wf>
         <wf lemma="s" pos="X">s</wf>
         <wf lemma="stavkom" pos="X">stavkom</wf>
         <wf lemma="," pos="X">,</wf>
         <wf lemma="da" pos="X">da</wf>
         <wf lemma="so" pos="X">so</wf>
         <wf lemma="pač" pos="X">pač</wf>
         <wf lemma="tisti" pos="X">tisti</wf>
         <wf lemma="," pos="X">,</wf>
         <wf lemma="ki" pos="X">ki</wf>
         <wf lemma="so" pos="X">so</wf>
         <wf lemma="," pos="X">,</wf>
         <wf lemma="s" pos="X">s</wf>
         <wf lemma="kratko" pos="X">kratko</wf>
         <wf lemma="pavzo" pos="X">pavzo</wf>
         <wf lemma="," pos="X">,</wf>
         <wf lemma="Sloveniji" pos="X">Sloveniji</wf>
         <wf lemma="vladali" pos="X">vladali</wf>
         <wf lemma="12" pos="X">12</wf>
         <instance id="d000.s1243.t000" lemma="leto" pos="NOUN">let</instance>
         <wf lemma="," pos="X">,</wf>
         <wf lemma="zdaj" pos="X">zdaj</wf>
         <wf lemma="šli" pos="X">šli</wf>
         <wf lemma="v" pos="X">v</wf>
         <wf lemma="opozicijo" pos="X">opozicijo</wf>
         <wf lemma="," pos="X">,</wf>
         <wf lemma="tisti" pos="X">tisti</wf>
         <wf lemma="," pos="X">,</wf>
         <wf lemma="ki" pos="X">ki</wf>
         <wf lemma="so" pos="X">so</wf>
         <wf lemma="bili" pos="X">bili</wf>
         <wf lemma="v" pos="X">v</wf>
         <wf lemma="opoziciji" pos="X">opoziciji</wf>
         <wf lemma="," pos="X">,</wf>
         <wf lemma="pa" pos="X">pa</wf>
         <wf lemma="na" pos="X">na</wf>
         <wf lemma="oblast" pos="X">oblast</wf>
         <wf lemma="." pos="X">.</wf>
      </sentence>
      <sentence id="d000.s1244" source="wordnet-slovenian">
         <instance id="d000.s1244.t000" lemma="način" pos="NOUN">Načini</instance>
         <wf lemma="ribolova" pos="X">ribolova</wf>
         <wf lemma=":" pos="X">:</wf>
         <wf lemma="površinski" pos="X">površinski</wf>
         <wf lemma="ali" pos="X">ali</wf>
         <wf lemma="globinski" pos="X">globinski</wf>
         <wf lemma="met" pos="X">met</wf>
         <wf lemma=";" pos="X">;</wf>
         <wf lemma="ribolov" pos="X">ribolov</wf>
         <wf lemma="z" pos="X">z</wf>
         <wf lemma="naravnimi" pos="X">naravnimi</wf>
         <wf lemma="vabami" pos="X">vabami</wf>
         <wf lemma="kot" pos="X">kot</wf>
         <wf lemma="so" pos="X">so</wf>
         <wf lemma="školjke" pos="X">školjke</wf>
         <wf lemma="(" pos="X">(</wf>
         <wf lemma="venernice" pos="X">venernice</wf>
         <wf lemma="-" pos="X">-</wf>
         <wf lemma="vongole" pos="X">vongole</wf>
         <wf lemma=")" pos="X">)</wf>
         <wf lemma="," pos="X">,</wf>
         <wf lemma="raki" pos="X">raki</wf>
         <wf lemma="," pos="X">,</wf>
         <wf lemma="sipami" pos="X">sipami</wf>
         <wf lemma="," pos="X">,</wf>
         <wf lemma="itd." pos="X">itd.</wf>
      </sentence>
      <sentence id="d000.s1245" source="wordnet-slovenian">
         <wf lemma="Vsak" pos="X">Vsak</wf>
         <wf lemma="delovnik" pos="X">delovnik</wf>
         <wf lemma="in" pos="X">in</wf>
         <wf lemma="tudi" pos="X">tudi</wf>
         <wf lemma="v" pos="X">v</wf>
         <wf lemma="nedeljo" pos="X">nedeljo</wf>
         <wf lemma="si" pos="X">si</wf>
         <wf lemma="lahko" pos="X">lahko</wf>
         <wf lemma="ogledate" pos="X">ogledate</wf>
         <wf lemma="Tartinijevo" pos="X">Tartinijevo</wf>
         <wf lemma="spominsko" pos="X">spominsko</wf>
         <wf lemma="sobo" pos="X">sobo</wf>
         <wf lemma="," pos="X">,</wf>
         <wf lemma="ki" pos="X">ki</wf>
         <wf lemma="je" pos="X">je</wf>
         <wf lemma="lepo" pos="X">lepo</wf>
         <wf lemma="urejena" pos="X">urejena</wf>
         <wf lemma="v" pos="X">v</wf>
         <wf lemma="Tartinijevi" pos="X">Tartinijevi</wf>
         <wf lemma="rojstni" pos="X">rojstni</wf>
         <instance id="d000.s1245.t000" lemma="hiša" pos="NOUN">hiši</instance>
         <wf lemma="." pos="X">.</wf>
         <wf lemma="." pos="X">.</wf>
         <wf lemma="." pos="X">.</wf>
      </sentence>
      <sentence id="d000.s1246" source="wordnet-slovenian">
         <wf lemma="V" pos="X">V</wf>
         <wf lemma="skrajnem" pos="X">skrajnem</wf>
         <instance id="d000.s1246.t000" lemma="primer" pos="NOUN">primeru</instance>
         <wf lemma="bi" pos="X">bi</wf>
         <wf lemma="ga" pos="X">ga</wf>
         <wf lemma="lahko" pos="X">lahko</wf>
         <wf lemma="izključili" pos="X">izključili</wf>
         <wf lemma="iz" pos="X">iz</wf>
         <wf lemma="organizacije" pos="X">organizacije</wf>
         <wf lemma="," pos="X">,</wf>
         <wf lemma="kar" pos="X">kar</wf>
         <wf lemma="bi" pos="X">bi</wf>
         <wf lemma="pomenilo" pos="X">pomenilo</wf>
         <wf lemma="izgubo" pos="X">izgubo</wf>
         <wf lemma="kreditne" pos="X">kreditne</wf>
         <wf lemma="sposobnosti" pos="X">sposobnosti</wf>
         <wf lemma="v" pos="X">v</wf>
         <wf lemma="tem" pos="X">tem</wf>
         <wf lemma="organizmu" pos="X">organizmu</wf>
         <wf lemma="in" pos="X">in</wf>
         <wf lemma="tudi" pos="X">tudi</wf>
         <wf lemma="v" pos="X">v</wf>
         <wf lemma="drugih" pos="X">drugih</wf>
         <wf lemma="mednarodnih" pos="X">mednarodnih</wf>
         <wf lemma="institucijah" pos="X">institucijah</wf>
         <wf lemma="," pos="X">,</wf>
         <wf lemma="to" pos="X">to</wf>
         <wf lemma="pa" pos="X">pa</wf>
         <wf lemma="bi" pos="X">bi</wf>
         <wf lemma="praktično" pos="X">praktično</wf>
         <wf lemma="pomenilo" pos="X">pomenilo</wf>
         <wf lemma="," pos="X">,</wf>
         <wf lemma="da" pos="X">da</wf>
         <wf lemma="bi" pos="X">bi</wf>
         <wf lemma="Fujimori" pos="X">Fujimori</wf>
         <wf lemma="moral" pos="X">moral</wf>
         <wf lemma="odstopiti" pos="X">odstopiti</wf>
         <wf lemma="." pos="X">.</wf>
      </sentence>
      <sentence id="d000.s1247" source="wordnet-slovenian">
         <wf lemma="Pričakujemo" pos="X">Pričakujemo</wf>
         <wf lemma="," pos="X">,</wf>
         <wf lemma="da" pos="X">da</wf>
         <wf lemma="bo" pos="X">bo</wf>
         <wf lemma="za" pos="X">za</wf>
         <wf lemma="naša" pos="X">naša</wf>
         <wf lemma="srednje" pos="X">srednje</wf>
         <wf lemma="velika" pos="X">velika</wf>
         <wf lemma="mesarska" pos="X">mesarska</wf>
         <instance id="d000.s1247.t000" lemma="podjetje" pos="NOUN">podjetja</instance>
         <wf lemma="še" pos="X">še</wf>
         <wf lemma="dve" pos="X">dve</wf>
         <wf lemma="ali" pos="X">ali</wf>
         <wf lemma="tri" pos="X">tri</wf>
         <wf lemma="leta" pos="X">leta</wf>
         <wf lemma="po" pos="X">po</wf>
         <wf lemma="vstopu" pos="X">vstopu</wf>
         <wf lemma="v" pos="X">v</wf>
         <wf lemma="Unijo" pos="X">Unijo</wf>
         <wf lemma="veljala" pos="X">veljala</wf>
         <wf lemma="zakonodaja" pos="X">zakonodaja</wf>
         <wf lemma="," pos="X">,</wf>
         <wf lemma="ki" pos="X">ki</wf>
         <wf lemma="ureja" pos="X">ureja</wf>
         <wf lemma="delovanje" pos="X">delovanje</wf>
         <wf lemma="malih" pos="X">malih</wf>
         <wf lemma="mesarskih" pos="X">mesarskih</wf>
         <wf lemma="obratov" pos="X">obratov</wf>
         <wf lemma="." pos="X">.</wf>
      </sentence>
      <sentence id="d000.s1248" source="wordnet-slovenian">
         <wf lemma="Pri" pos="X">Pri</wf>
         <wf lemma="nas" pos="X">nas</wf>
         <wf lemma="sicer" pos="X">sicer</wf>
         <wf lemma="niso" pos="X">niso</wf>
         <wf lemma="delali" pos="X">delali</wf>
         <wf lemma="podobnih" pos="X">podobnih</wf>
         <wf lemma="poskusov" pos="X">poskusov</wf>
         <wf lemma="," pos="X">,</wf>
         <wf lemma="a" pos="X">a</wf>
         <wf lemma="v" pos="X">v</wf>
         <wf lemma="Ameriki" pos="X">Ameriki</wf>
         <wf lemma="so" pos="X">so</wf>
         <wf lemma="se" pos="X">se</wf>
         <wf lemma="potrudili" pos="X">potrudili</wf>
         <wf lemma="in" pos="X">in</wf>
         <wf lemma="pri" pos="X">pri</wf>
         <wf lemma="2500" pos="X">2500</wf>
         <wf lemma="zaposlenih" pos="X">zaposlenih</wf>
         <wf lemma="," pos="X">,</wf>
         <wf lemma="ki" pos="X">ki</wf>
         <wf lemma="so" pos="X">so</wf>
         <wf lemma="kadili" pos="X">kadili</wf>
         <wf lemma="hašiš" pos="X">hašiš</wf>
         <wf lemma="," pos="X">,</wf>
         <wf lemma="ugotovili" pos="X">ugotovili</wf>
         <wf lemma="," pos="X">,</wf>
         <wf lemma="da" pos="X">da</wf>
         <wf lemma="se" pos="X">se</wf>
         <wf lemma="je" pos="X">je</wf>
         <wf lemma="število" pos="X">število</wf>
         <wf lemma="delovnih" pos="X">delovnih</wf>
         <wf lemma="nezgod" pos="X">nezgod</wf>
         <wf lemma="(" pos="X">(</wf>
         <wf lemma="dr" pos="X">dr</wf>
         <wf lemma="." pos="X">.</wf>
         <wf lemma="Bilban" pos="X">Bilban</wf>
         <wf lemma="je" pos="X">je</wf>
         <wf lemma="za" pos="X">za</wf>
         <wf lemma="potrebe" pos="X">potrebe</wf>
         <wf lemma="stroke" pos="X">stroke</wf>
         <wf lemma="izračunal" pos="X">izračunal</wf>
         <wf lemma="," pos="X">,</wf>
         <wf lemma="da" pos="X">da</wf>
         <wf lemma="je" pos="X">je</wf>
         <wf lemma="zaradi" pos="X">zaradi</wf>
         <wf lemma="poškodb" pos="X">poškodb</wf>
         <wf lemma="na" pos="X">na</wf>
         <wf lemma="delu" pos="X">delu</wf>
         <wf lemma="v" pos="X">v</wf>
         <wf lemma="Sloveniji" pos="X">Sloveniji</wf>
         <wf lemma="toliko" pos="X">toliko</wf>
         <wf lemma="škode" pos="X">škode</wf>
         <wf lemma="," pos="X">,</wf>
         <wf lemma="da" pos="X">da</wf>
         <wf lemma="bi" pos="X">bi</wf>
         <wf lemma="lahko" pos="X">lahko</wf>
         <wf lemma="na" pos="X">na</wf>
         <instance id="d000.s1248.t000" lemma="leto" pos="NOUN">leto</instance>
         <wf lemma="zgradili" pos="X">zgradili</wf>
         <wf lemma="150" pos="X">150</wf>
         <wf lemma="kilometrov" pos="X">kilometrov</wf>
         <wf lemma="avtocest" pos="X">avtocest</wf>
         <wf lemma=")" pos="X">)</wf>
         <wf lemma="povečalo" pos="X">povečalo</wf>
         <wf lemma="za" pos="X">za</wf>
         <wf lemma="85" pos="X">85</wf>
         <wf lemma="odstotkov" pos="X">odstotkov</wf>
         <wf lemma="." pos="X">.</wf>
      </sentence>
      <sentence id="d000.s1249" source="wordnet-slovenian">
         <wf lemma="Nekatere" pos="X">Nekatere</wf>
         <wf lemma="duše" pos="X">duše</wf>
         <wf lemma="potrebujejo" pos="X">potrebujejo</wf>
         <wf lemma="več" pos="X">več</wf>
         <wf lemma="potrpežljivosti" pos="X">potrpežljivosti</wf>
         <wf lemma="," pos="X">,</wf>
         <wf lemma="razumevanja" pos="X">razumevanja</wf>
         <wf lemma="in" pos="X">in</wf>
         <wf lemma="nežnosti" pos="X">nežnosti</wf>
         <wf lemma="," pos="X">,</wf>
         <wf lemma="da" pos="X">da</wf>
         <wf lemma="zmorejo" pos="X">zmorejo</wf>
         <wf lemma="prve" pos="X">prve</wf>
         <wf lemma="korake" pos="X">korake</wf>
         <wf lemma="v" pos="X">v</wf>
         <instance id="d000.s1249.t000" lemma="svet" pos="NOUN">svet</instance>
         <wf lemma="." pos="X">.</wf>
      </sentence>
      <sentence id="d000.s1250" source="wordnet-slovenian">
         <wf lemma="Mateja" pos="X">Mateja</wf>
         <wf lemma="Kocjan" pos="X">Kocjan</wf>
         <wf lemma="pa" pos="X">pa</wf>
         <wf lemma="je" pos="X">je</wf>
         <wf lemma="povedala" pos="X">povedala</wf>
         <wf lemma="," pos="X">,</wf>
         <wf lemma="da" pos="X">da</wf>
         <wf lemma="inšpekcija" pos="X">inšpekcija</wf>
         <wf lemma="," pos="X">,</wf>
         <wf lemma="predvsem" pos="X">predvsem</wf>
         <wf lemma="v" pos="X">v</wf>
         <wf lemma="poletnih" pos="X">poletnih</wf>
         <instance id="d000.s1250.t000" lemma="mesec" pos="NOUN">mesecih</instance>
         <wf lemma="," pos="X">,</wf>
         <wf lemma="prejme" pos="X">prejme</wf>
         <wf lemma="tudi" pos="X">tudi</wf>
         <wf lemma="po" pos="X">po</wf>
         <wf lemma="več" pos="X">več</wf>
         <wf lemma="kot" pos="X">kot</wf>
         <wf lemma="eno" pos="X">eno</wf>
         <wf lemma="prijavo" pos="X">prijavo</wf>
         <wf lemma="dnevno" pos="X">dnevno</wf>
         <wf lemma="." pos="X">.</wf>
      </sentence>
      <sentence id="d000.s1251" source="wordnet-slovenian">
         <wf lemma="Če" pos="X">Če</wf>
         <wf lemma="bi" pos="X">bi</wf>
         <wf lemma="model" pos="X">model</wf>
         <wf lemma="izpopolnili" pos="X">izpopolnili</wf>
         <wf lemma="," pos="X">,</wf>
         <wf lemma="tako" pos="X">tako</wf>
         <wf lemma="da" pos="X">da</wf>
         <wf lemma="bi" pos="X">bi</wf>
         <wf lemma="do" pos="X">do</wf>
         <wf lemma="popolnosti" pos="X">popolnosti</wf>
         <wf lemma="posnemal" pos="X">posnemal</wf>
         <wf lemma="tržna" pos="X">tržna</wf>
         <wf lemma="nihanja" pos="X">nihanja</wf>
         <wf lemma="navzgor" pos="X">navzgor</wf>
         <wf lemma="in" pos="X">in</wf>
         <wf lemma="navzdol" pos="X">navzdol</wf>
         <wf lemma="," pos="X">,</wf>
         <wf lemma="bi" pos="X">bi</wf>
         <wf lemma="v" pos="X">v</wf>
         <wf lemma="nekem" pos="X">nekem</wf>
         <wf lemma="oziru" pos="X">oziru</wf>
         <instance id="d000.s1251.t000" lemma="trg" pos="NOUN">trgu</instance>
         <wf lemma="prišel" pos="X">prišel</wf>
         <wf lemma="pod" pos="X">pod</wf>
         <wf lemma="kožo" pos="X">kožo</wf>
         <wf lemma="." pos="X">.</wf>
      </sentence>
      <sentence id="d000.s1252" source="wordnet-slovenian">
         <wf lemma="Volilne" pos="X">Volilne</wf>
         <wf lemma="so" pos="X">so</wf>
         <wf lemma="mi" pos="X">mi</wf>
         <wf lemma="že" pos="X">že</wf>
         <wf lemma="prvi" pos="X">prvi</wf>
         <instance id="d000.s1252.t000" lemma="dan" pos="NOUN">dan</instance>
         <wf lemma="prinesle" pos="X">prinesle</wf>
         <wf lemma="sive" pos="X">sive</wf>
         <wf lemma="lase" pos="X">lase</wf>
         <wf lemma="," pos="X">,</wf>
         <wf lemma="saj" pos="X">saj</wf>
         <wf lemma="so" pos="X">so</wf>
         <wf lemma="moji" pos="X">moji</wf>
         <wf lemma="francoski" pos="X">francoski</wf>
         <wf lemma="prijatelji" pos="X">prijatelji</wf>
         <wf lemma="na" pos="X">na</wf>
         <wf lemma="svoji" pos="X">svoji</wf>
         <wf lemma="televiziji" pos="X">televiziji</wf>
         <wf lemma="zasledili" pos="X">zasledili</wf>
         <wf lemma="poročilo" pos="X">poročilo</wf>
         <wf lemma="o" pos="X">o</wf>
         <wf lemma="slovenskem" pos="X">slovenskem</wf>
         <wf lemma="političnem" pos="X">političnem</wf>
         <wf lemma="preobratu" pos="X">preobratu</wf>
         <wf lemma="in" pos="X">in</wf>
         <wf lemma="navalili" pos="X">navalili</wf>
         <wf lemma="z" pos="X">z</wf>
         <wf lemma="zasliševanji" pos="X">zasliševanji</wf>
         <wf lemma="o" pos="X">o</wf>
         <wf lemma="tem" pos="X">tem</wf>
         <wf lemma="," pos="X">,</wf>
         <wf lemma="kaj" pos="X">kaj</wf>
         <wf lemma="se" pos="X">se</wf>
         <wf lemma="je" pos="X">je</wf>
         <wf lemma="preobrnilo" pos="X">preobrnilo</wf>
         <wf lemma="." pos="X">.</wf>
      </sentence>
      <sentence id="d000.s1253" source="wordnet-slovenian">
         <wf lemma="-" pos="X">-</wf>
         <wf lemma="M." pos="X">M.</wf>
         <wf lemma="Grosman" pos="X">Grosman</wf>
         <wf lemma=":" pos="X">:</wf>
         <wf lemma="Bralec" pos="X">Bralec</wf>
         <wf lemma="in" pos="X">in</wf>
         <wf lemma="književnost" pos="X">književnost</wf>
         <wf lemma=":" pos="X">:</wf>
         <instance id="d000.s1253.t000" lemma="težava" pos="NOUN">težave</instance>
         <wf lemma="pri" pos="X">pri</wf>
         <wf lemma="branju" pos="X">branju</wf>
         <wf lemma="poezije" pos="X">poezije</wf>
         <wf lemma="v" pos="X">v</wf>
         <wf lemma="tujem" pos="X">tujem</wf>
         <wf lemma="jeziku" pos="X">jeziku</wf>
         <wf lemma="(" pos="X">(</wf>
         <wf lemma="7985" pos="X">7985</wf>
         <wf lemma=")" pos="X">)</wf>
         <wf lemma="." pos="X">.</wf>
      </sentence>
      <sentence id="d000.s1254" source="wordnet-slovenian">
         <wf lemma="Potem" pos="X">Potem</wf>
         <wf lemma="je" pos="X">je</wf>
         <instance id="d000.s1254.t000" lemma="svet" pos="NOUN">svet</instance>
         <wf lemma="postal" pos="X">postal</wf>
         <wf lemma="lepši" pos="X">lepši</wf>
         <wf lemma="." pos="X">.</wf>
      </sentence>
      <sentence id="d000.s1255" source="wordnet-slovenian">
         <instance id="d000.s1255.t000" lemma="leto" pos="NOUN">Leta</instance>
         <wf lemma="1428" pos="X">1428</wf>
         <wf lemma="je" pos="X">je</wf>
         <wf lemma="priznal" pos="X">priznal</wf>
         <wf lemma="," pos="X">,</wf>
         <wf lemma="da" pos="X">da</wf>
         <wf lemma="je" pos="X">je</wf>
         <wf lemma="razuzdanost" pos="X">razuzdanost</wf>
         <wf lemma="med" pos="X">med</wf>
         <wf lemma="duhovščino" pos="X">duhovščino</wf>
         <wf lemma="že" pos="X">že</wf>
         <wf lemma="nekaj" pos="X">nekaj</wf>
         <wf lemma="tako" pos="X">tako</wf>
         <wf lemma="običajnega" pos="X">običajnega</wf>
         <wf lemma="," pos="X">,</wf>
         <wf lemma="da" pos="X">da</wf>
         <wf lemma="v" pos="X">v</wf>
         <wf lemma="tem" pos="X">tem</wf>
         <wf lemma="nihče" pos="X">nihče</wf>
         <wf lemma="več" pos="X">več</wf>
         <wf lemma="ne" pos="X">ne</wf>
         <wf lemma="vidi" pos="X">vidi</wf>
         <wf lemma="greha" pos="X">greha</wf>
         <wf lemma="." pos="X">.</wf>
      </sentence>
      <sentence id="d000.s1256" source="wordnet-slovenian">
         <wf lemma="Vojni" pos="X">Vojni</wf>
         <wf lemma="se" pos="X">se</wf>
         <wf lemma="ne" pos="X">ne</wf>
         <wf lemma="morejo" pos="X">morejo</wf>
         <wf lemma="izogniti" pos="X">izogniti</wf>
         <wf lemma="niti" pos="X">niti</wf>
         <instance id="d000.s1256.t000" lemma="človek" pos="NOUN">ljudje</instance>
         <wf lemma="," pos="X">,</wf>
         <wf lemma="ki" pos="X">ki</wf>
         <wf lemma="živijo" pos="X">živijo</wf>
         <wf lemma="v" pos="X">v</wf>
         <wf lemma="bližini" pos="X">bližini</wf>
         <wf lemma="." pos="X">.</wf>
      </sentence>
      <sentence id="d000.s1257" source="wordnet-slovenian">
         <wf lemma="Stopil" pos="X">Stopil</wf>
         <wf lemma="sem" pos="X">sem</wf>
         <wf lemma="na" pos="X">na</wf>
         <wf lemma="začetek" pos="X">začetek</wf>
         <instance id="d000.s1257.t000" lemma="vrsta" pos="NOUN">vrste</instance>
         <wf lemma="," pos="X">,</wf>
         <wf lemma="vendar" pos="X">vendar</wf>
         <wf lemma="so" pos="X">so</wf>
         <wf lemma="me" pos="X">me</wf>
         <wf lemma="sprva" pos="X">sprva</wf>
         <wf lemma="zavrnili" pos="X">zavrnili</wf>
         <wf lemma="," pos="X">,</wf>
         <wf lemma="dokler" pos="X">dokler</wf>
         <wf lemma="nisem" pos="X">nisem</wf>
         <wf lemma="povedal" pos="X">povedal</wf>
         <wf lemma="," pos="X">,</wf>
         <wf lemma="da" pos="X">da</wf>
         <wf lemma="me" pos="X">me</wf>
         <wf lemma="je" pos="X">je</wf>
         <wf lemma="poslal" pos="X">poslal</wf>
         <wf lemma="Nurejev" pos="X">Nurejev</wf>
         <wf lemma="." pos="X">.</wf>
      </sentence>
      <sentence id="d000.s1258" source="wordnet-slovenian">
         <wf lemma="Po" pos="X">Po</wf>
         <wf lemma="njegovem" pos="X">njegovem</wf>
         <wf lemma="mnenju" pos="X">mnenju</wf>
         <wf lemma="je" pos="X">je</wf>
         <wf lemma="raziskovalcem" pos="X">raziskovalcem</wf>
         <wf lemma="z" pos="X">z</wf>
         <wf lemma="Vinske" pos="X">Vinske</wf>
         <wf lemma="Gore" pos="X">Gore</wf>
         <wf lemma="odprta" pos="X">odprta</wf>
         <instance id="d000.s1258.t000" lemma="pot" pos="NOUN">pot</instance>
         <wf lemma="do" pos="X">do</wf>
         <wf lemma="praktičnih" pos="X">praktičnih</wf>
         <wf lemma="spoznanj" pos="X">spoznanj</wf>
         <wf lemma="," pos="X">,</wf>
         <wf lemma="lažjega" pos="X">lažjega</wf>
         <wf lemma="razumevanja" pos="X">razumevanja</wf>
         <wf lemma="družbe" pos="X">družbe</wf>
         <wf lemma="in" pos="X">in</wf>
         <wf lemma="vključevanja" pos="X">vključevanja</wf>
         <wf lemma="v" pos="X">v</wf>
         <wf lemma="družbo" pos="X">družbo</wf>
         <wf lemma="odraslih" pos="X">odraslih</wf>
         <wf lemma="." pos="X">.</wf>
      </sentence>
      <sentence id="d000.s1259" source="wordnet-slovenian">
         <wf lemma="ZAKON" pos="X">ZAKON</wf>
         <wf lemma="JE" pos="X">JE</wf>
         <wf lemma="UVEDEL" pos="X">UVEDEL</wf>
         <wf lemma="OBVEZNO" pos="X">OBVEZNO</wf>
         <wf lemma="OCENJEVANJE" pos="X">OCENJEVANJE</wf>
         <wf lemma="ZA" pos="X">ZA</wf>
         <wf lemma="VSE" pos="X">VSE</wf>
         <wf lemma="URADNIKE" pos="X">URADNIKE</wf>
         <wf lemma="DO" pos="X">DO</wf>
         <wf lemma="TRETJE" pos="X">TRETJE</wf>
         <wf lemma="SKUPINE" pos="X">SKUPINE</wf>
         <wf lemma="Z" pos="X">Z</wf>
         <wf lemma="IZJEMO" pos="X">IZJEMO</wf>
         <wf lemma="SODNIKOV" pos="X">SODNIKOV</wf>
         <wf lemma="," pos="X">,</wf>
         <wf lemma="UČITELJEV" pos="X">UČITELJEV</wf>
         <wf lemma="VSEH" pos="X">VSEH</wf>
         <instance id="d000.s1259.t000" lemma="šola" pos="NOUN">ŠOL</instance>
         <wf lemma="IN" pos="X">IN</wf>
         <wf lemma="USLUŽBENCEV" pos="X">USLUŽBENCEV</wf>
         <wf lemma="DIPLOMATSKO" pos="X">DIPLOMATSKO</wf>
         <wf lemma="-" pos="X">-</wf>
         <wf lemma="KONZULARNIH" pos="X">KONZULARNIH</wf>
         <wf lemma="ZASTOPNIŠTEV" pos="X">ZASTOPNIŠTEV</wf>
         <wf lemma="." pos="X">.</wf>
      </sentence>
      <sentence id="d000.s1260" source="wordnet-slovenian">
         <wf lemma="Po" pos="X">Po</wf>
         <wf lemma="nadnaravni" pos="X">nadnaravni</wf>
         <wf lemma="ljubezni" pos="X">ljubezni</wf>
         <wf lemma="Bog" pos="X">Bog</wf>
         <wf lemma="deluje" pos="X">deluje</wf>
         <wf lemma="na" pos="X">na</wf>
         <wf lemma="našo" pos="X">našo</wf>
         <instance id="d000.s1260.t000" lemma="volja" pos="NOUN">voljo</instance>
         <wf lemma="." pos="X">.</wf>
      </sentence>
      <sentence id="d000.s1261" source="wordnet-slovenian">
         <wf lemma="Morda" pos="X">Morda</wf>
         <wf lemma="je" pos="X">je</wf>
         <wf lemma="vaša" pos="X">vaša</wf>
         <wf lemma="nečakinja" pos="X">nečakinja</wf>
         <wf lemma="tak" pos="X">tak</wf>
         <instance id="d000.s1261.t000" lemma="primer" pos="NOUN">primer</instance>
         <wf lemma="," pos="X">,</wf>
         <wf lemma="ponudi" pos="X">ponudi</wf>
         <wf lemma="s" pos="X">s</wf>
         <wf lemma="tolažljivim" pos="X">tolažljivim</wf>
         <wf lemma="glasom" pos="X">glasom</wf>
         <wf lemma="oče" pos="X">oče</wf>
         <wf lemma="in" pos="X">in</wf>
         <wf lemma="opazuje" pos="X">opazuje</wf>
         <wf lemma="slamnik" pos="X">slamnik</wf>
         <wf lemma="," pos="X">,</wf>
         <wf lemma="črne" pos="X">črne</wf>
         <wf lemma="trakove" pos="X">trakove</wf>
         <wf lemma="na" pos="X">na</wf>
         <wf lemma="vratu" pos="X">vratu</wf>
         <wf lemma="," pos="X">,</wf>
         <wf lemma="kako" pos="X">kako</wf>
         <wf lemma="mahajo" pos="X">mahajo</wf>
         <wf lemma="za" pos="X">za</wf>
         <wf lemma="njenim" pos="X">njenim</wf>
         <wf lemma="hrbtom" pos="X">hrbtom</wf>
         <wf lemma="." pos="X">.</wf>
      </sentence>
      <sentence id="d000.s1262" source="wordnet-slovenian">
         <wf lemma="Nič" pos="X">Nič</wf>
         <wf lemma="težjega" pos="X">težjega</wf>
         <instance id="d000.s1262.t000" lemma="delo" pos="NOUN">dela</instance>
         <wf lemma="ne" pos="X">ne</wf>
         <wf lemma="bi" pos="X">bi</wf>
         <wf lemma="imel" pos="X">imel</wf>
         <wf lemma="," pos="X">,</wf>
         <wf lemma="če" pos="X">če</wf>
         <wf lemma="bi" pos="X">bi</wf>
         <wf lemma="moral" pos="X">moral</wf>
         <wf lemma="prišteti" pos="X">prišteti</wf>
         <wf lemma="še" pos="X">še</wf>
         <wf lemma="zastave" pos="X">zastave</wf>
         <wf lemma="v" pos="X">v</wf>
         <wf lemma="drugih" pos="X">drugih</wf>
         <wf lemma="dveh" pos="X">dveh</wf>
         <wf lemma="belokranjskih" pos="X">belokranjskih</wf>
         <wf lemma="občinskih" pos="X">občinskih</wf>
         <wf lemma="prestolnicah" pos="X">prestolnicah</wf>
         <wf lemma="." pos="X">.</wf>
      </sentence>
      <sentence id="d000.s1263" source="wordnet-slovenian">
         <wf lemma="Možje" pos="X">Možje</wf>
         <instance id="d000.s1263.t000" lemma="večina" pos="NOUN">večina</instance>
         <wf lemma="jih" pos="X">jih</wf>
         <wf lemma="sploh" pos="X">sploh</wf>
         <wf lemma="ni" pos="X">ni</wf>
         <wf lemma="spala" pos="X">spala</wf>
         <wf lemma="so" pos="X">so</wf>
         <wf lemma="si" pos="X">si</wf>
         <wf lemma="začeli" pos="X">začeli</wf>
         <wf lemma="pošiljati" pos="X">pošiljati</wf>
         <wf lemma="signale" pos="X">signale</wf>
         <wf lemma="z" pos="X">z</wf>
         <wf lemma="ladje" pos="X">ladje</wf>
         <wf lemma="na" pos="X">na</wf>
         <wf lemma="ladjo" pos="X">ladjo</wf>
         <wf lemma=";" pos="X">;</wf>
         <wf lemma="upali" pos="X">upali</wf>
         <wf lemma="so" pos="X">so</wf>
         <wf lemma="," pos="X">,</wf>
         <wf lemma="da" pos="X">da</wf>
         <wf lemma="se" pos="X">se</wf>
         <wf lemma="bo" pos="X">bo</wf>
         <wf lemma="vsak" pos="X">vsak</wf>
         <wf lemma="čas" pos="X">čas</wf>
         <wf lemma="izza" pos="X">izza</wf>
         <wf lemma="pene" pos="X">pene</wf>
         <wf lemma="pojavilo" pos="X">pojavilo</wf>
         <wf lemma="veliko" pos="X">veliko</wf>
         <wf lemma="kitajsko" pos="X">kitajsko</wf>
         <wf lemma="ladjevje" pos="X">ladjevje</wf>
         <wf lemma="." pos="X">.</wf>
      </sentence>
      <sentence id="d000.s1264" source="wordnet-slovenian">
         <wf lemma="Veliko" pos="X">Veliko</wf>
         <wf lemma="je" pos="X">je</wf>
         <wf lemma="odvisno" pos="X">odvisno</wf>
         <wf lemma="od" pos="X">od</wf>
         <wf lemma="tega" pos="X">tega</wf>
         <wf lemma="," pos="X">,</wf>
         <wf lemma="kakšnega" pos="X">kakšnega</wf>
         <wf lemma="nasprotnika" pos="X">nasprotnika</wf>
         <wf lemma="ti" pos="X">ti</wf>
         <wf lemma="že" pos="X">že</wf>
         <wf lemma="na" pos="X">na</wf>
         <instance id="d000.s1264.t000" lemma="začetek" pos="NOUN">začetku</instance>
         <wf lemma="določi" pos="X">določi</wf>
         <wf lemma="žreb" pos="X">žreb</wf>
         <wf lemma="." pos="X">.</wf>
      </sentence>
      <sentence id="d000.s1265" source="wordnet-slovenian">
         <wf lemma="Če" pos="X">Če</wf>
         <wf lemma="ne" pos="X">ne</wf>
         <wf lemma="," pos="X">,</wf>
         <wf lemma="položite" pos="X">položite</wf>
         <wf lemma="tople" pos="X">tople</wf>
         <instance id="d000.s1265.t000" lemma="roka" pos="NOUN">roke</instance>
         <wf lemma="na" pos="X">na</wf>
         <wf lemma="spodnji" pos="X">spodnji</wf>
         <wf lemma="del" pos="X">del</wf>
         <wf lemma="trebuha" pos="X">trebuha</wf>
         <wf lemma="(" pos="X">(</wf>
         <wf lemma="spolni" pos="X">spolni</wf>
         <wf lemma="center" pos="X">center</wf>
         <wf lemma=")" pos="X">)</wf>
         <wf lemma="in" pos="X">in</wf>
         <wf lemma="dihajte" pos="X">dihajte</wf>
         <wf lemma="vanj" pos="X">vanj</wf>
         <wf lemma="." pos="X">.</wf>
      </sentence>
      <sentence id="d000.s1266" source="wordnet-slovenian">
         <wf lemma="Nekatere" pos="X">Nekatere</wf>
         <wf lemma="oddaje" pos="X">oddaje</wf>
         <wf lemma="o" pos="X">o</wf>
         <wf lemma="slovenski" pos="X">slovenski</wf>
         <wf lemma="glasbeni" pos="X">glasbeni</wf>
         <wf lemma="kulturni" pos="X">kulturni</wf>
         <wf lemma="so" pos="X">so</wf>
         <wf lemma="bile" pos="X">bile</wf>
         <wf lemma="posnete" pos="X">posnete</wf>
         <wf lemma="v" pos="X">v</wf>
         <wf lemma="nemškem" pos="X">nemškem</wf>
         <wf lemma="in" pos="X">in</wf>
         <wf lemma="angleškem" pos="X">angleškem</wf>
         <instance id="d000.s1266.t000" lemma="jezik" pos="NOUN">jeziku</instance>
         <wf lemma="ter" pos="X">ter</wf>
         <wf lemma="predvajane" pos="X">predvajane</wf>
         <wf lemma="na" pos="X">na</wf>
         <wf lemma="tujih" pos="X">tujih</wf>
         <wf lemma="radijskih" pos="X">radijskih</wf>
         <wf lemma="postajah" pos="X">postajah</wf>
         <wf lemma="." pos="X">.</wf>
      </sentence>
      <sentence id="d000.s1267" source="wordnet-slovenian">
         <wf lemma="Celo" pos="X">Celo</wf>
         <wf lemma="več" pos="X">več</wf>
         <wf lemma="," pos="X">,</wf>
         <wf lemma="prvi" pos="X">prvi</wf>
         <wf lemma="dnevi" pos="X">dnevi</wf>
         <wf lemma="po" pos="X">po</wf>
         <wf lemma="izvalitvi" pos="X">izvalitvi</wf>
         <wf lemma="so" pos="X">so</wf>
         <wf lemma="brez" pos="X">brez</wf>
         <wf lemma="tega" pos="X">tega</wf>
         <wf lemma="lahko" pos="X">lahko</wf>
         <wf lemma="celo" pos="X">celo</wf>
         <wf lemma="usodni" pos="X">usodni</wf>
         <wf lemma="za" pos="X">za</wf>
         <instance id="d000.s1267.t000" lemma="večina" pos="NOUN">večino</instance>
         <wf lemma="teh" pos="X">teh</wf>
         <wf lemma="in" pos="X">in</wf>
         <wf lemma="sorodnih" pos="X">sorodnih</wf>
         <wf lemma="vrst" pos="X">vrst</wf>
         <wf lemma="." pos="X">.</wf>
      </sentence>
      <sentence id="d000.s1268" source="wordnet-slovenian">
         <wf lemma="V" pos="X">V</wf>
         <wf lemma="medijih" pos="X">medijih</wf>
         <wf lemma="redno" pos="X">redno</wf>
         <wf lemma="spremljam" pos="X">spremljam</wf>
         <wf lemma="razprave" pos="X">razprave</wf>
         <wf lemma="o" pos="X">o</wf>
         <wf lemma="novem" pos="X">novem</wf>
         <instance id="d000.s1268.t000" lemma="zakon" pos="NOUN">zakonu</instance>
         <wf lemma="in" pos="X">in</wf>
         <wf lemma="ne" pos="X">ne</wf>
         <wf lemma="morem" pos="X">morem</wf>
         <wf lemma="mimo" pos="X">mimo</wf>
         <wf lemma="tega" pos="X">tega</wf>
         <wf lemma="," pos="X">,</wf>
         <wf lemma="da" pos="X">da</wf>
         <wf lemma="ne" pos="X">ne</wf>
         <wf lemma="bi" pos="X">bi</wf>
         <wf lemma="še" pos="X">še</wf>
         <wf lemma="jaz" pos="X">jaz</wf>
         <wf lemma="dodal" pos="X">dodal</wf>
         <wf lemma="svojega" pos="X">svojega</wf>
         <wf lemma="mnenja" pos="X">mnenja</wf>
         <wf lemma="." pos="X">.</wf>
      </sentence>
      <sentence id="d000.s1269" source="wordnet-slovenian">
         <wf lemma="Kazen" pos="X">Kazen</wf>
         <wf lemma="za" pos="X">za</wf>
         <wf lemma="neučinkovitost" pos="X">neučinkovitost</wf>
         <wf lemma="je" pos="X">je</wf>
         <wf lemma="prišla" pos="X">prišla</wf>
         <wf lemma="v" pos="X">v</wf>
         <wf lemma="zadnjih" pos="X">zadnjih</wf>
         <wf lemma="desetih" pos="X">desetih</wf>
         <instance id="d000.s1269.t000" lemma="minuta" pos="NOUN">minutah</instance>
         <wf lemma="," pos="X">,</wf>
         <wf lemma="ko" pos="X">ko</wf>
         <wf lemma="so" pos="X">so</wf>
         <wf lemma="mladi" pos="X">mladi</wf>
         <wf lemma="Jeseničani" pos="X">Jeseničani</wf>
         <wf lemma="uspeli" pos="X">uspeli</wf>
         <wf lemma="izenačiti" pos="X">izenačiti</wf>
         <wf lemma="." pos="X">.</wf>
      </sentence>
      <sentence id="d000.s1270" source="wordnet-slovenian">
         <wf lemma="Janu" pos="X">Janu</wf>
         <wf lemma="," pos="X">,</wf>
         <wf lemma="s" pos="X">s</wf>
         <wf lemma="katerim" pos="X">katerim</wf>
         <wf lemma="se" pos="X">se</wf>
         <wf lemma="skoraj" pos="X">skoraj</wf>
         <wf lemma="vsak" pos="X">vsak</wf>
         <wf lemma="dan" pos="X">dan</wf>
         <wf lemma="slišita" pos="X">slišita</wf>
         <wf lemma="po" pos="X">po</wf>
         <wf lemma="telefonu" pos="X">telefonu</wf>
         <wf lemma="," pos="X">,</wf>
         <wf lemma="je" pos="X">je</wf>
         <wf lemma="na" pos="X">na</wf>
         <wf lemma="srce" pos="X">srce</wf>
         <wf lemma="položila" pos="X">položila</wf>
         <wf lemma="nekaj" pos="X">nekaj</wf>
         <wf lemma="nasvetov" pos="X">nasvetov</wf>
         <wf lemma=":" pos="X">:</wf>
         <wf lemma="zabičala" pos="X">zabičala</wf>
         <wf lemma="mu" pos="X">mu</wf>
         <wf lemma="je" pos="X">je</wf>
         <wf lemma="," pos="X">,</wf>
         <wf lemma="da" pos="X">da</wf>
         <wf lemma="nekdanjih" pos="X">nekdanjih</wf>
         <wf lemma="deklet" pos="X">deklet</wf>
         <wf lemma="niti" pos="X">niti</wf>
         <wf lemma="v" pos="X">v</wf>
         <instance id="d000.s1270.t000" lemma="knjiga" pos="NOUN">knjigi</instance>
         <wf lemma="niti" pos="X">niti</wf>
         <wf lemma="kako" pos="X">kako</wf>
         <wf lemma="drugače" pos="X">drugače</wf>
         <wf lemma="ne" pos="X">ne</wf>
         <wf lemma="sme" pos="X">sme</wf>
         <wf lemma="žaliti" pos="X">žaliti</wf>
         <wf lemma="in" pos="X">in</wf>
         <wf lemma="da" pos="X">da</wf>
         <wf lemma="naj" pos="X">naj</wf>
         <wf lemma="se" pos="X">se</wf>
         <wf lemma="spominja" pos="X">spominja</wf>
         <wf lemma="najlepših" pos="X">najlepših</wf>
         <wf lemma="trenutkov" pos="X">trenutkov</wf>
         <wf lemma="z" pos="X">z</wf>
         <wf lemma="njimi" pos="X">njimi</wf>
         <wf lemma="," pos="X">,</wf>
         <wf lemma="slabe" pos="X">slabe</wf>
         <wf lemma="pa" pos="X">pa</wf>
         <wf lemma="naj" pos="X">naj</wf>
         <wf lemma="pozabi" pos="X">pozabi</wf>
         <wf lemma="." pos="X">.</wf>
      </sentence>
      <sentence id="d000.s1271" source="wordnet-slovenian">
         <wf lemma="D" pos="X">D</wf>
         <wf lemma="Kadar" pos="X">Kadar</wf>
         <wf lemma="se" pos="X">se</wf>
         <wf lemma="riba" pos="X">riba</wf>
         <wf lemma="odloči" pos="X">odloči</wf>
         <wf lemma="," pos="X">,</wf>
         <wf lemma="da" pos="X">da</wf>
         <wf lemma="se" pos="X">se</wf>
         <wf lemma="spusti" pos="X">spusti</wf>
         <wf lemma="v" pos="X">v</wf>
         <wf lemma="globljo" pos="X">globljo</wf>
         <instance id="d000.s1271.t000" lemma="voda" pos="NOUN">vodo</instance>
         <wf lemma="," pos="X">,</wf>
         <wf lemma="ji" pos="X">ji</wf>
         <wf lemma="ribič" pos="X">ribič</wf>
         <wf lemma="ne" pos="X">ne</wf>
         <wf lemma="nasprotuje" pos="X">nasprotuje</wf>
         <wf lemma="," pos="X">,</wf>
         <wf lemma="nasloni" pos="X">nasloni</wf>
         <wf lemma="se" pos="X">se</wf>
         <wf lemma="na" pos="X">na</wf>
         <wf lemma="naslonjalo" pos="X">naslonjalo</wf>
         <wf lemma="stola" pos="X">stola</wf>
         <wf lemma="," pos="X">,</wf>
         <wf lemma="z" pos="X">z</wf>
         <wf lemma="zapetim" pos="X">zapetim</wf>
         <wf lemma="pasom" pos="X">pasom</wf>
         <wf lemma="pa" pos="X">pa</wf>
         <wf lemma="vzdržuje" pos="X">vzdržuje</wf>
         <wf lemma="potreben" pos="X">potreben</wf>
         <wf lemma="položaj" pos="X">položaj</wf>
         <wf lemma="palice" pos="X">palice</wf>
         <wf lemma="in" pos="X">in</wf>
         <wf lemma="si" pos="X">si</wf>
         <wf lemma="v" pos="X">v</wf>
         <wf lemma="kratkem" pos="X">kratkem</wf>
         <wf lemma="predahu" pos="X">predahu</wf>
         <wf lemma="nabira" pos="X">nabira</wf>
         <wf lemma="novih" pos="X">novih</wf>
         <wf lemma="moči" pos="X">moči</wf>
         <wf lemma="." pos="X">.</wf>
      </sentence>
      <sentence id="d000.s1272" source="wordnet-slovenian">
         <wf lemma="Cerklje" pos="X">Cerklje</wf>
         <wf lemma="-" pos="X">-</wf>
         <wf lemma="Starši" pos="X">Starši</wf>
         <wf lemma="prvošolcev" pos="X">prvošolcev</wf>
         <wf lemma="v" pos="X">v</wf>
         <wf lemma="občini" pos="X">občini</wf>
         <wf lemma="Cerklje" pos="X">Cerklje</wf>
         <wf lemma="niso" pos="X">niso</wf>
         <wf lemma="zadovoljni" pos="X">zadovoljni</wf>
         <wf lemma="," pos="X">,</wf>
         <wf lemma="ker" pos="X">ker</wf>
         <wf lemma="učiteljici" pos="X">učiteljici</wf>
         <wf lemma="pri" pos="X">pri</wf>
         <wf lemma="pouku" pos="X">pouku</wf>
         <wf lemma="ne" pos="X">ne</wf>
         <wf lemma="pomaga" pos="X">pomaga</wf>
         <wf lemma="vsak" pos="X">vsak</wf>
         <instance id="d000.s1272.t000" lemma="dan" pos="NOUN">dan</instance>
         <wf lemma="vzgojiteljica" pos="X">vzgojiteljica</wf>
         <wf lemma="." pos="X">.</wf>
      </sentence>
      <sentence id="d000.s1273" source="wordnet-slovenian">
         <wf lemma="Opazil" pos="X">Opazil</wf>
         <wf lemma="je" pos="X">je</wf>
         <wf lemma="novo" pos="X">novo</wf>
         <wf lemma="jahto" pos="X">jahto</wf>
         <wf lemma="," pos="X">,</wf>
         <wf lemma="ki" pos="X">ki</wf>
         <wf lemma="je" pos="X">je</wf>
         <wf lemma="prejšnji" pos="X">prejšnji</wf>
         <instance id="d000.s1273.t000" lemma="dan" pos="NOUN">dan</instance>
         <wf lemma="še" pos="X">še</wf>
         <wf lemma="ni" pos="X">ni</wf>
         <wf lemma="bilo" pos="X">bilo</wf>
         <wf lemma="v" pos="X">v</wf>
         <wf lemma="pristanišču" pos="X">pristanišču</wf>
         <wf lemma="." pos="X">.</wf>
      </sentence>
      <sentence id="d000.s1274" source="wordnet-slovenian">
         <wf lemma="Menim" pos="X">Menim</wf>
         <wf lemma="," pos="X">,</wf>
         <wf lemma="da" pos="X">da</wf>
         <wf lemma="so" pos="X">so</wf>
         <wf lemma="bile" pos="X">bile</wf>
         <wf lemma="strokovne" pos="X">strokovne</wf>
         <wf lemma="podlage" pos="X">podlage</wf>
         <wf lemma="za" pos="X">za</wf>
         <wf lemma="razglasitev" pos="X">razglasitev</wf>
         <wf lemma="Nature" pos="X">Nature</wf>
         <wf lemma="2000" pos="X">2000</wf>
         <wf lemma="narejene" pos="X">narejene</wf>
         <wf lemma="kakovostno" pos="X">kakovostno</wf>
         <wf lemma="," pos="X">,</wf>
         <wf lemma="zmanjkalo" pos="X">zmanjkalo</wf>
         <wf lemma="pa" pos="X">pa</wf>
         <wf lemma="je" pos="X">je</wf>
         <instance id="d000.s1274.t000" lemma="čas" pos="NOUN">časa</instance>
         <wf lemma="za" pos="X">za</wf>
         <wf lemma="boljše" pos="X">boljše</wf>
         <wf lemma="komuniciranje" pos="X">komuniciranje</wf>
         <wf lemma="z" pos="X">z</wf>
         <wf lemma="javnostjo" pos="X">javnostjo</wf>
         <wf lemma="in" pos="X">in</wf>
         <wf lemma="z" pos="X">z</wf>
         <wf lemma="občinami" pos="X">občinami</wf>
         <wf lemma="." pos="X">.</wf>
      </sentence>
      <sentence id="d000.s1275" source="wordnet-slovenian">
         <wf lemma="Izostanek" pos="X">Izostanek</wf>
         <wf lemma="obeh" pos="X">obeh</wf>
         <instance id="d000.s1275.t000" lemma="stranka" pos="NOUN">strank</instance>
         <wf lemma="z" pos="X">z</wf>
         <wf lemma="naroka" pos="X">naroka</wf>
         <wf lemma="povzroči" pos="X">povzroči</wf>
         <wf lemma="," pos="X">,</wf>
         <wf lemma="da" pos="X">da</wf>
         <wf lemma="sodišče" pos="X">sodišče</wf>
         <wf lemma="narok" pos="X">narok</wf>
         <wf lemma="preloži" pos="X">preloži</wf>
         <wf lemma="," pos="X">,</wf>
         <wf lemma="izostanek" pos="X">izostanek</wf>
         <wf lemma="z" pos="X">z</wf>
         <wf lemma="dveh" pos="X">dveh</wf>
         <wf lemma="zaporednih" pos="X">zaporednih</wf>
         <wf lemma="narokov" pos="X">narokov</wf>
         <wf lemma="pa" pos="X">pa</wf>
         <wf lemma="povzroči" pos="X">povzroči</wf>
         <wf lemma="fikcijo" pos="X">fikcijo</wf>
         <wf lemma="umika" pos="X">umika</wf>
         <wf lemma="tožbe" pos="X">tožbe</wf>
         <wf lemma="." pos="X">.</wf>
      </sentence>
      <sentence id="d000.s1276" source="wordnet-slovenian">
         <wf lemma="KI" pos="X">KI</wf>
         <wf lemma="SO" pos="X">SO</wf>
         <wf lemma="GA" pos="X">GA</wf>
         <wf lemma="SKLENILI" pos="X">SKLENILI</wf>
         <instance id="d000.s1276.t000" lemma="vlada" pos="NOUN">VLADA</instance>
         <wf lemma="REPUBLIKE" pos="X">REPUBLIKE</wf>
         <wf lemma="SLOVENIJE" pos="X">SLOVENIJE</wf>
         <wf lemma="," pos="X">,</wf>
         <wf lemma="PREDSTAVNIKI" pos="X">PREDSTAVNIKI</wf>
         <wf lemma="DELOJEMALCEV" pos="X">DELOJEMALCEV</wf>
         <wf lemma="IN" pos="X">IN</wf>
         <wf lemma="PREDSTAVNIKI" pos="X">PREDSTAVNIKI</wf>
         <wf lemma="DELODAJALCEV" pos="X">DELODAJALCEV</wf>
         <wf lemma="(" pos="X">(</wf>
         <wf lemma="SOCIALNI" pos="X">SOCIALNI</wf>
         <wf lemma="PARTNERJI" pos="X">PARTNERJI</wf>
         <wf lemma=")" pos="X">)</wf>
         <wf lemma="," pos="X">,</wf>
         <wf lemma="OPREDELJUJE" pos="X">OPREDELJUJE</wf>
         <wf lemma="OSNOVNA" pos="X">OSNOVNA</wf>
         <wf lemma="NAČELA" pos="X">NAČELA</wf>
         <wf lemma="IN" pos="X">IN</wf>
         <wf lemma="CILJE" pos="X">CILJE</wf>
         <wf lemma="," pos="X">,</wf>
         <wf lemma="KI" pos="X">KI</wf>
         <wf lemma="JIH" pos="X">JIH</wf>
         <wf lemma="SOCIALNI" pos="X">SOCIALNI</wf>
         <wf lemma="PARTNERJI" pos="X">PARTNERJI</wf>
         <wf lemma="ŽELIJO" pos="X">ŽELIJO</wf>
         <wf lemma="DOSEČI" pos="X">DOSEČI</wf>
         <wf lemma="NA" pos="X">NA</wf>
         <wf lemma="PODROČJU" pos="X">PODROČJU</wf>
         <wf lemma="POLITIKE" pos="X">POLITIKE</wf>
         <wf lemma="PLAČ" pos="X">PLAČ</wf>
         <wf lemma="." pos="X">.</wf>
      </sentence>
      <sentence id="d000.s1277" source="wordnet-slovenian">
         <wf lemma="Ravnatelj" pos="X">Ravnatelj</wf>
         <wf lemma="Stane" pos="X">Stane</wf>
         <wf lemma="Osojnik" pos="X">Osojnik</wf>
         <wf lemma="z" pos="X">z</wf>
         <wf lemma="osnovne" pos="X">osnovne</wf>
         <instance id="d000.s1277.t000" lemma="šola" pos="NOUN">šole</instance>
         <wf lemma="Prežihov" pos="X">Prežihov</wf>
         <wf lemma="Voranc" pos="X">Voranc</wf>
         <wf lemma="z" pos="X">z</wf>
         <wf lemma="Raven" pos="X">Raven</wf>
         <wf lemma="na" pos="X">na</wf>
         <wf lemma="Koroškem" pos="X">Koroškem</wf>
         <wf lemma="o" pos="X">o</wf>
         <wf lemma="nasilju" pos="X">nasilju</wf>
         <wf lemma="med" pos="X">med</wf>
         <wf lemma="učenci" pos="X">učenci</wf>
         <wf lemma="pravi" pos="X">pravi</wf>
         <wf lemma="," pos="X">,</wf>
         <wf lemma="da" pos="X">da</wf>
         <wf lemma="se" pos="X">se</wf>
         <wf lemma="tudi" pos="X">tudi</wf>
         <wf lemma="pri" pos="X">pri</wf>
         <wf lemma="njih" pos="X">njih</wf>
         <wf lemma="kot" pos="X">kot</wf>
         <wf lemma="na" pos="X">na</wf>
         <wf lemma="vsaki" pos="X">vsaki</wf>
         <wf lemma="šoli" pos="X">šoli</wf>
         <wf lemma="učenci" pos="X">učenci</wf>
         <wf lemma="pretepajo" pos="X">pretepajo</wf>
         <wf lemma="," pos="X">,</wf>
         <wf lemma="vzroke" pos="X">vzroke</wf>
         <wf lemma="v" pos="X">v</wf>
         <wf lemma="vse" pos="X">vse</wf>
         <wf lemma="večjem" pos="X">večjem</wf>
         <wf lemma="medsebojnem" pos="X">medsebojnem</wf>
         <wf lemma="nasilju" pos="X">nasilju</wf>
         <wf lemma="pa" pos="X">pa</wf>
         <wf lemma="vidi" pos="X">vidi</wf>
         <wf lemma="v" pos="X">v</wf>
         <wf lemma="večjem" pos="X">večjem</wf>
         <wf lemma="tempu" pos="X">tempu</wf>
         <wf lemma="življenja" pos="X">življenja</wf>
         <wf lemma="," pos="X">,</wf>
         <wf lemma="medijih" pos="X">medijih</wf>
         <wf lemma="in" pos="X">in</wf>
         <wf lemma="celo" pos="X">celo</wf>
         <wf lemma="prevzemanju" pos="X">prevzemanju</wf>
         <wf lemma="evropskih" pos="X">evropskih</wf>
         <wf lemma="negativnih" pos="X">negativnih</wf>
         <wf lemma="značajev" pos="X">značajev</wf>
         <wf lemma="." pos="X">.</wf>
      </sentence>
      <sentence id="d000.s1278" source="wordnet-slovenian">
         <wf lemma="Tudi" pos="X">Tudi</wf>
         <wf lemma="don" pos="X">don</wf>
         <wf lemma="Bosko" pos="X">Bosko</wf>
         <wf lemma="sam" pos="X">sam</wf>
         <wf lemma="večkrat" pos="X">večkrat</wf>
         <wf lemma="ni" pos="X">ni</wf>
         <wf lemma="prikrival" pos="X">prikrival</wf>
         <wf lemma="prepričanja" pos="X">prepričanja</wf>
         <wf lemma="," pos="X">,</wf>
         <wf lemma="da" pos="X">da</wf>
         <wf lemma="gre" pos="X">gre</wf>
         <wf lemma="za" pos="X">za</wf>
         <wf lemma="izredne" pos="X">izredne</wf>
         <instance id="d000.s1278.t000" lemma="stvar" pos="NOUN">stvari</instance>
         <wf lemma="." pos="X">.</wf>
      </sentence>
      <sentence id="d000.s1279" source="wordnet-slovenian">
         <wf lemma="Zadovoljni" pos="X">Zadovoljni</wf>
         <wf lemma="policisti" pos="X">policisti</wf>
         <wf lemma="in" pos="X">in</wf>
         <wf lemma="ljudje" pos="X">ljudje</wf>
         <wf lemma="z" pos="X">z</wf>
         <instance id="d000.s1279.t000" lemma="območje" pos="NOUN">območja</instance>
         <wf lemma="Policijske" pos="X">Policijske</wf>
         <wf lemma="uprave" pos="X">uprave</wf>
         <wf lemma="v" pos="X">v</wf>
         <wf lemma="Mariboru" pos="X">Mariboru</wf>
         <wf lemma="." pos="X">.</wf>
      </sentence>
      <sentence id="d000.s1280" source="wordnet-slovenian">
         <wf lemma="Pot" pos="X">Pot</wf>
         <wf lemma="do" pos="X">do</wf>
         <wf lemma="novega" pos="X">novega</wf>
         <wf lemma="izdelka" pos="X">izdelka</wf>
         <wf lemma="ali" pos="X">ali</wf>
         <wf lemma="le" pos="X">le</wf>
         <wf lemma="do" pos="X">do</wf>
         <wf lemma="izboljšave" pos="X">izboljšave</wf>
         <wf lemma="je" pos="X">je</wf>
         <wf lemma="dolga" pos="X">dolga</wf>
         <wf lemma="vsaj" pos="X">vsaj</wf>
         <instance id="d000.s1280.t000" lemma="leto" pos="NOUN">leto</instance>
         <wf lemma="dni" pos="X">dni</wf>
         <wf lemma="in" pos="X">in</wf>
         <wf lemma="terja" pos="X">terja</wf>
         <wf lemma="delo" pos="X">delo</wf>
         <wf lemma="različnih" pos="X">različnih</wf>
         <wf lemma="strokovnjakov" pos="X">strokovnjakov</wf>
         <wf lemma="," pos="X">,</wf>
         <wf lemma="raziskovalcev" pos="X">raziskovalcev</wf>
         <wf lemma="trga" pos="X">trga</wf>
         <wf lemma="," pos="X">,</wf>
         <wf lemma="razvojnih" pos="X">razvojnih</wf>
         <wf lemma="konstruktorjev" pos="X">konstruktorjev</wf>
         <wf lemma="," pos="X">,</wf>
         <wf lemma="oblikovalcev" pos="X">oblikovalcev</wf>
         <wf lemma="," pos="X">,</wf>
         <wf lemma="psihologov" pos="X">psihologov</wf>
         <wf lemma="," pos="X">,</wf>
         <wf lemma="strokovnjakov" pos="X">strokovnjakov</wf>
         <wf lemma="z" pos="X">z</wf>
         <wf lemma="določenega" pos="X">določenega</wf>
         <wf lemma="področja" pos="X">področja</wf>
         <wf lemma="raziskav" pos="X">raziskav</wf>
         <wf lemma="in" pos="X">in</wf>
         <wf lemma="razvoja" pos="X">razvoja</wf>
         <wf lemma="(" pos="X">(</wf>
         <wf lemma="če" pos="X">če</wf>
         <wf lemma="gre" pos="X">gre</wf>
         <wf lemma="za" pos="X">za</wf>
         <wf lemma="gospodinjstvo" pos="X">gospodinjstvo</wf>
         <wf lemma="," pos="X">,</wf>
         <wf lemma="sodelujejo" pos="X">sodelujejo</wf>
         <wf lemma="tudi" pos="X">tudi</wf>
         <wf lemma="kuharji" pos="X">kuharji</wf>
         <wf lemma="," pos="X">,</wf>
         <wf lemma="pri" pos="X">pri</wf>
         <wf lemma="osebni" pos="X">osebni</wf>
         <wf lemma="negi" pos="X">negi</wf>
         <wf lemma="pa" pos="X">pa</wf>
         <wf lemma="ne" pos="X">ne</wf>
         <wf lemma="gre" pos="X">gre</wf>
         <wf lemma="brez" pos="X">brez</wf>
         <wf lemma="medicincev" pos="X">medicincev</wf>
         <wf lemma=")" pos="X">)</wf>
         <wf lemma="in" pos="X">in</wf>
         <wf lemma="tudi" pos="X">tudi</wf>
         <wf lemma="ljudi" pos="X">ljudi</wf>
         <wf lemma="s" pos="X">s</wf>
         <wf lemma="ceste" pos="X">ceste</wf>
         <wf lemma="." pos="X">.</wf>
      </sentence>
      <sentence id="d000.s1281" source="wordnet-slovenian">
         <wf lemma="Podatki" pos="X">Podatki</wf>
         <wf lemma="iz" pos="X">iz</wf>
         <instance id="d000.s1281.t000" lemma="sistem" pos="NOUN">sistema</instance>
         <wf lemma="omogočajo" pos="X">omogočajo</wf>
         <wf lemma="gospodarne" pos="X">gospodarne</wf>
         <wf lemma="odločitve" pos="X">odločitve</wf>
         <wf lemma="o" pos="X">o</wf>
         <wf lemma="tem" pos="X">tem</wf>
         <wf lemma="," pos="X">,</wf>
         <wf lemma="kakšna" pos="X">kakšna</wf>
         <wf lemma="prenapetostna" pos="X">prenapetostna</wf>
         <wf lemma="zaščita" pos="X">zaščita</wf>
         <wf lemma="električnih" pos="X">električnih</wf>
         <wf lemma="naprav" pos="X">naprav</wf>
         <wf lemma="je" pos="X">je</wf>
         <wf lemma="na" pos="X">na</wf>
         <wf lemma="posameznih" pos="X">posameznih</wf>
         <wf lemma="območjih" pos="X">območjih</wf>
         <wf lemma="potrebna" pos="X">potrebna</wf>
         <wf lemma="," pos="X">,</wf>
         <wf lemma="lažje" pos="X">lažje</wf>
         <wf lemma="pa" pos="X">pa</wf>
         <wf lemma="je" pos="X">je</wf>
         <wf lemma="tudi" pos="X">tudi</wf>
         <wf lemma="odkrivanje" pos="X">odkrivanje</wf>
         <wf lemma="krajev" pos="X">krajev</wf>
         <wf lemma="poškodb" pos="X">poškodb</wf>
         <wf lemma="zaradi" pos="X">zaradi</wf>
         <wf lemma="strele" pos="X">strele</wf>
         <wf lemma="." pos="X">.</wf>
      </sentence>
      <sentence id="d000.s1282" source="wordnet-slovenian">
         <wf lemma="Za" pos="X">Za</wf>
         <wf lemma="nastop" pos="X">nastop</wf>
         <wf lemma="na" pos="X">na</wf>
         <wf lemma="tem" pos="X">tem</wf>
         <wf lemma="reliju" pos="X">reliju</wf>
         <wf lemma="smo" pos="X">smo</wf>
         <wf lemma="se" pos="X">se</wf>
         <wf lemma="odločili" pos="X">odločili</wf>
         <wf lemma="dokaj" pos="X">dokaj</wf>
         <wf lemma="pozno" pos="X">pozno</wf>
         <wf lemma="," pos="X">,</wf>
         <wf lemma="zato" pos="X">zato</wf>
         <wf lemma="tudi" pos="X">tudi</wf>
         <wf lemma="nismo" pos="X">nismo</wf>
         <wf lemma="imeli" pos="X">imeli</wf>
         <instance id="d000.s1282.t000" lemma="čas" pos="NOUN">časa</instance>
         <wf lemma="za" pos="X">za</wf>
         <wf lemma="optimalno" pos="X">optimalno</wf>
         <wf lemma="pripravo" pos="X">pripravo</wf>
         <wf lemma="." pos="X">.</wf>
      </sentence>
      <sentence id="d000.s1283" source="wordnet-slovenian">
         <wf lemma="Oba" pos="X">Oba</wf>
         <wf lemma="športnika" pos="X">športnika</wf>
         <wf lemma="sta" pos="X">sta</wf>
         <wf lemma="predstavljena" pos="X">predstavljena</wf>
         <wf lemma="tudi" pos="X">tudi</wf>
         <wf lemma="z" pos="X">z</wf>
         <wf lemma="osebnimi" pos="X">osebnimi</wf>
         <instance id="d000.s1283.t000" lemma="podatek" pos="NOUN">podatki</instance>
         <wf lemma="in" pos="X">in</wf>
         <wf lemma="športnimi" pos="X">športnimi</wf>
         <wf lemma="dosežki" pos="X">dosežki</wf>
         <wf lemma="." pos="X">.</wf>
      </sentence>
      <sentence id="d000.s1284" source="wordnet-slovenian">
         <wf lemma="Tako" pos="X">Tako</wf>
         <wf lemma="bo" pos="X">bo</wf>
         <wf lemma="nekaj" pos="X">nekaj</wf>
         <wf lemma="manj" pos="X">manj</wf>
         <wf lemma="kot" pos="X">kot</wf>
         <wf lemma="dva" pos="X">dva</wf>
         <wf lemma="milijona" pos="X">milijona</wf>
         <wf lemma="najslabše" pos="X">najslabše</wf>
         <wf lemma="plačanih" pos="X">plačanih</wf>
         <wf lemma="delavcev" pos="X">delavcev</wf>
         <wf lemma="v" pos="X">v</wf>
         <wf lemma="Britaniji" pos="X">Britaniji</wf>
         <wf lemma="čez" pos="X">čez</wf>
         <wf lemma="dobrih" pos="X">dobrih</wf>
         <wf lemma="sedem" pos="X">sedem</wf>
         <instance id="d000.s1284.t000" lemma="mesec" pos="NOUN">mesecev</instance>
         <wf lemma="zaslužilo" pos="X">zaslužilo</wf>
         <wf lemma="3,70" pos="X">3,70</wf>
         <wf lemma="funta" pos="X">funta</wf>
         <wf lemma="na" pos="X">na</wf>
         <wf lemma="uro" pos="X">uro</wf>
         <wf lemma="." pos="X">.</wf>
      </sentence>
      <sentence id="d000.s1285" source="wordnet-slovenian">
         <wf lemma="Po" pos="X">Po</wf>
         <instance id="d000.s1285.t000" lemma="beseda" pos="NOUN">besedah</instance>
         <wf lemma="Bojana" pos="X">Bojana</wf>
         <wf lemma="Lučovnika" pos="X">Lučovnika</wf>
         <wf lemma="," pos="X">,</wf>
         <wf lemma="generalnega" pos="X">generalnega</wf>
         <wf lemma="direktorja" pos="X">direktorja</wf>
         <wf lemma="Adrie" pos="X">Adrie</wf>
         <wf lemma="," pos="X">,</wf>
         <wf lemma="bo" pos="X">bo</wf>
         <wf lemma="družba" pos="X">družba</wf>
         <wf lemma="svoje" pos="X">svoje</wf>
         <wf lemma="aktivnosti" pos="X">aktivnosti</wf>
         <wf lemma="odslej" pos="X">odslej</wf>
         <wf lemma="koordinirala" pos="X">koordinirala</wf>
         <wf lemma="skupaj" pos="X">skupaj</wf>
         <wf lemma="z" pos="X">z</wf>
         <wf lemma="ministrstvoma" pos="X">ministrstvoma</wf>
         <wf lemma="za" pos="X">za</wf>
         <wf lemma="promet" pos="X">promet</wf>
         <wf lemma="in" pos="X">in</wf>
         <wf lemma="zunanje" pos="X">zunanje</wf>
         <wf lemma="zadeve" pos="X">zadeve</wf>
         <wf lemma="," pos="X">,</wf>
         <wf lemma="torej" pos="X">torej</wf>
         <wf lemma="je" pos="X">je</wf>
         <wf lemma="vendarle" pos="X">vendarle</wf>
         <wf lemma="možnost" pos="X">možnost</wf>
         <wf lemma="," pos="X">,</wf>
         <wf lemma="da" pos="X">da</wf>
         <wf lemma="Jat" pos="X">Jat</wf>
         <wf lemma="dovoljenja" pos="X">dovoljenja</wf>
         <wf lemma="ne" pos="X">ne</wf>
         <wf lemma="bo" pos="X">bo</wf>
         <wf lemma="dobil" pos="X">dobil</wf>
         <wf lemma="." pos="X">.</wf>
      </sentence>
      <sentence id="d000.s1286" source="wordnet-slovenian">
         <wf lemma="Ko" pos="X">Ko</wf>
         <wf lemma="je" pos="X">je</wf>
         <wf lemma="prišel" pos="X">prišel</wf>
         <wf lemma="Henrik" pos="X">Henrik</wf>
         <wf lemma="," pos="X">,</wf>
         <wf lemma="resnično" pos="X">resnično</wf>
         <wf lemma="skesan" pos="X">skesan</wf>
         <wf lemma="," pos="X">,</wf>
         <wf lemma="ga" pos="X">ga</wf>
         <wf lemma="je" pos="X">je</wf>
         <wf lemma="pred" pos="X">pred</wf>
         <wf lemma="trojnim" pos="X">trojnim</wf>
         <wf lemma="obzidjem" pos="X">obzidjem</wf>
         <wf lemma="grofičine" pos="X">grofičine</wf>
         <wf lemma="trdnjave" pos="X">trdnjave</wf>
         <wf lemma="pustil" pos="X">pustil</wf>
         <wf lemma="čakati" pos="X">čakati</wf>
         <wf lemma="tri" pos="X">tri</wf>
         <instance id="d000.s1286.t000" lemma="dan" pos="NOUN">dni</instance>
         <wf lemma="v" pos="X">v</wf>
         <wf lemma="januarskem" pos="X">januarskem</wf>
         <wf lemma="mrazu" pos="X">mrazu</wf>
         <wf lemma="," pos="X">,</wf>
         <wf lemma="čeprav" pos="X">čeprav</wf>
         <wf lemma="je" pos="X">je</wf>
         <wf lemma="nosil" pos="X">nosil</wf>
         <wf lemma="samo" pos="X">samo</wf>
         <wf lemma="spokorno" pos="X">spokorno</wf>
         <wf lemma="obleko" pos="X">obleko</wf>
         <wf lemma="." pos="X">.</wf>
      </sentence>
      <sentence id="d000.s1287" source="wordnet-slovenian">
         <wf lemma="Težko" pos="X">Težko</wf>
         <wf lemma="razumljivo" pos="X">razumljivo</wf>
         <wf lemma="je" pos="X">je</wf>
         <wf lemma="," pos="X">,</wf>
         <wf lemma="da" pos="X">da</wf>
         <wf lemma="na" pos="X">na</wf>
         <instance id="d000.s1287.t000" lemma="trg" pos="NOUN">trgu</instance>
         <wf lemma="ponujeni" pos="X">ponujeni</wf>
         <wf lemma="izdelki" pos="X">izdelki</wf>
         <wf lemma="za" pos="X">za</wf>
         <wf lemma="čiščenje" pos="X">čiščenje</wf>
         <wf lemma="keramike" pos="X">keramike</wf>
         <wf lemma="vsebujejo" pos="X">vsebujejo</wf>
         <wf lemma="natrijev" pos="X">natrijev</wf>
         <wf lemma="hidroksid" pos="X">hidroksid</wf>
         <wf lemma="in" pos="X">in</wf>
         <wf lemma="natrijev" pos="X">natrijev</wf>
         <wf lemma="hipoklorit" pos="X">hipoklorit</wf>
         <wf lemma="." pos="X">.</wf>
      </sentence>
      <sentence id="d000.s1288" source="wordnet-slovenian">
         <wf lemma="Čeprav" pos="X">Čeprav</wf>
         <wf lemma="je" pos="X">je</wf>
         <wf lemma="jasno" pos="X">jasno</wf>
         <wf lemma="," pos="X">,</wf>
         <wf lemma="da" pos="X">da</wf>
         <wf lemma="je" pos="X">je</wf>
         <wf lemma="manananggal" pos="X">manananggal</wf>
         <wf lemma="plod" pos="X">plod</wf>
         <wf lemma="bujne" pos="X">bujne</wf>
         <wf lemma="domišljije" pos="X">domišljije</wf>
         <wf lemma="," pos="X">,</wf>
         <wf lemma="je" pos="X">je</wf>
         <wf lemma="takrat" pos="X">takrat</wf>
         <wf lemma="mnogo" pos="X">mnogo</wf>
         <wf lemma="ljudi" pos="X">ljudi</wf>
         <wf lemma="trdno" pos="X">trdno</wf>
         <wf lemma="verjelo" pos="X">verjelo</wf>
         <wf lemma="," pos="X">,</wf>
         <wf lemma="da" pos="X">da</wf>
         <wf lemma="obstaja" pos="X">obstaja</wf>
         <wf lemma="," pos="X">,</wf>
         <wf lemma="in" pos="X">in</wf>
         <wf lemma="še" pos="X">še</wf>
         <wf lemma="po" pos="X">po</wf>
         <wf lemma="toliko" pos="X">toliko</wf>
         <instance id="d000.s1288.t000" lemma="leto" pos="NOUN">letih</instance>
         <wf lemma="se" pos="X">se</wf>
         <wf lemma="ga" pos="X">ga</wf>
         <wf lemma="še" pos="X">še</wf>
         <wf lemma="vedno" pos="X">vedno</wf>
         <wf lemma="bojijo" pos="X">bojijo</wf>
         <wf lemma="." pos="X">.</wf>
      </sentence>
      <sentence id="d000.s1289" source="wordnet-slovenian">
         <wf lemma="V" pos="X">V</wf>
         <wf lemma="zgodovinskih" pos="X">zgodovinskih</wf>
         <wf lemma="delih" pos="X">delih</wf>
         <wf lemma="recimo" pos="X">recimo</wf>
         <wf lemma="beremo" pos="X">beremo</wf>
         <wf lemma="o" pos="X">o</wf>
         <wf lemma="samih" pos="X">samih</wf>
         <wf lemma="začetkih" pos="X">začetkih</wf>
         <wf lemma="satanizma" pos="X">satanizma</wf>
         <wf lemma="," pos="X">,</wf>
         <wf lemma="segajočih" pos="X">segajočih</wf>
         <wf lemma="v" pos="X">v</wf>
         <instance id="d000.s1289.t000" lemma="čas" pos="NOUN">čase</instance>
         <wf lemma="Sončnega" pos="X">Sončnega</wf>
         <wf lemma="kralja" pos="X">kralja</wf>
         <wf lemma="." pos="X">.</wf>
      </sentence>
      <sentence id="d000.s1290" source="wordnet-slovenian">
         <wf lemma="Mangan" pos="X">Mangan</wf>
         <wf lemma="zaradi" pos="X">zaradi</wf>
         <wf lemma="omejenih" pos="X">omejenih</wf>
         <wf lemma="dostopnih" pos="X">dostopnih</wf>
         <instance id="d000.s1290.t000" lemma="podatek" pos="NOUN">podatkov</instance>
         <wf lemma="ni" pos="X">ni</wf>
         <wf lemma="priporočene" pos="X">priporočene</wf>
         <wf lemma="zgornje" pos="X">zgornje</wf>
         <wf lemma="mejne" pos="X">mejne</wf>
         <wf lemma="vrednosti" pos="X">vrednosti</wf>
         <wf lemma="." pos="X">.</wf>
      </sentence>
      <sentence id="d000.s1291" source="wordnet-slovenian">
         <wf lemma="Pri" pos="X">Pri</wf>
         <wf lemma="gospodarjenju" pos="X">gospodarjenju</wf>
         <wf lemma="z" pos="X">z</wf>
         <wf lemma="gozdom" pos="X">gozdom</wf>
         <wf lemma="," pos="X">,</wf>
         <wf lemma="ki" pos="X">ki</wf>
         <wf lemma="obkroža" pos="X">obkroža</wf>
         <wf lemma="pokljuška" pos="X">pokljuška</wf>
         <wf lemma="barja" pos="X">barja</wf>
         <wf lemma="," pos="X">,</wf>
         <wf lemma="je" pos="X">je</wf>
         <wf lemma="pogosto" pos="X">pogosto</wf>
         <wf lemma="nepravilno" pos="X">nepravilno</wf>
         <wf lemma="poseganje" pos="X">poseganje</wf>
         <wf lemma="v" pos="X">v</wf>
         <wf lemma="občutljive" pos="X">občutljive</wf>
         <instance id="d000.s1291.t000" lemma="sistem" pos="NOUN">sisteme</instance>
         <wf lemma="." pos="X">.</wf>
      </sentence>
      <sentence id="d000.s1292" source="wordnet-slovenian">
         <wf lemma="Hrvaški" pos="X">Hrvaški</wf>
         <wf lemma="predsednik" pos="X">predsednik</wf>
         <wf lemma="je" pos="X">je</wf>
         <wf lemma="konec" pos="X">konec</wf>
         <wf lemma="lanskega" pos="X">lanskega</wf>
         <instance id="d000.s1292.t000" lemma="leto" pos="NOUN">leta</instance>
         <wf lemma="umrl" pos="X">umrl</wf>
         <wf lemma="," pos="X">,</wf>
         <wf lemma="novi" pos="X">novi</wf>
         <wf lemma="predsednik" pos="X">predsednik</wf>
         <wf lemma="je" pos="X">je</wf>
         <wf lemma="postal" pos="X">postal</wf>
         <wf lemma="Stipe" pos="X">Stipe</wf>
         <wf lemma="Mesić" pos="X">Mesić</wf>
         <wf lemma="." pos="X">.</wf>
      </sentence>
      <sentence id="d000.s1293" source="wordnet-slovenian">
         <wf lemma="Ja" pos="X">Ja</wf>
         <wf lemma="," pos="X">,</wf>
         <wf lemma="se" pos="X">se</wf>
         <wf lemma="je" pos="X">je</wf>
         <wf lemma="nasmehnil" pos="X">nasmehnil</wf>
         <wf lemma="Florijan" pos="X">Florijan</wf>
         <wf lemma="in" pos="X">in</wf>
         <wf lemma="obmiroval" pos="X">obmiroval</wf>
         <wf lemma="s" pos="X">s</wf>
         <wf lemma="pogledom" pos="X">pogledom</wf>
         <wf lemma="na" pos="X">na</wf>
         <wf lemma="skupinici" pos="X">skupinici</wf>
         <wf lemma="kaplanov" pos="X">kaplanov</wf>
         <wf lemma="iz" pos="X">iz</wf>
         <wf lemma="okoliških" pos="X">okoliških</wf>
         <wf lemma="mestec" pos="X">mestec</wf>
         <wf lemma="in" pos="X">in</wf>
         <wf lemma="vasi" pos="X">vasi</wf>
         <wf lemma="," pos="X">,</wf>
         <wf lemma="ki" pos="X">ki</wf>
         <wf lemma="so" pos="X">so</wf>
         <wf lemma="se" pos="X">se</wf>
         <wf lemma="hranili" pos="X">hranili</wf>
         <wf lemma="ob" pos="X">ob</wf>
         <wf lemma="obloženi" pos="X">obloženi</wf>
         <wf lemma="mizi" pos="X">mizi</wf>
         <wf lemma="sredi" pos="X">sredi</wf>
         <wf lemma="prostora" pos="X">prostora</wf>
         <wf lemma="," pos="X">,</wf>
         <wf lemma="ampak" pos="X">ampak</wf>
         <instance id="d000.s1293.t000" lemma="svet" pos="NOUN">svet</instance>
         <wf lemma="je" pos="X">je</wf>
         <wf lemma="ne" pos="X">ne</wf>
         <wf lemma="glede" pos="X">glede</wf>
         <wf lemma="na" pos="X">na</wf>
         <wf lemma="muke" pos="X">muke</wf>
         <wf lemma="zadnjih" pos="X">zadnjih</wf>
         <wf lemma="dni" pos="X">dni</wf>
         <wf lemma="odrešen" pos="X">odrešen</wf>
         <wf lemma="." pos="X">.</wf>
      </sentence>
      <sentence id="d000.s1294" source="wordnet-slovenian">
         <wf lemma="Predvideni" pos="X">Predvideni</wf>
         <wf lemma="datum" pos="X">datum</wf>
         <wf lemma="letošnje" pos="X">letošnje</wf>
         <wf lemma="osrednje" pos="X">osrednje</wf>
         <wf lemma="dirke" pos="X">dirke</wf>
         <wf lemma="je" pos="X">je</wf>
         <wf lemma="sovpadal" pos="X">sovpadal</wf>
         <wf lemma="z" pos="X">z</wf>
         <instance id="d000.s1294.t000" lemma="dan" pos="NOUN">dnevom</instance>
         <wf lemma="pogreba" pos="X">pogreba</wf>
         <wf lemma="papeža" pos="X">papeža</wf>
         <wf lemma="Janeza" pos="X">Janeza</wf>
         <wf lemma="Pavla" pos="X">Pavla</wf>
         <wf lemma="II." pos="X">II.</wf>
      </sentence>
      <sentence id="d000.s1295" source="wordnet-slovenian">
         <instance id="d000.s1295.t000" lemma="pravica" pos="NOUN">Pravica</instance>
         <wf lemma="do" pos="X">do</wf>
         <wf lemma="stavke" pos="X">stavke</wf>
         <wf lemma="v" pos="X">v</wf>
         <wf lemma="javnem" pos="X">javnem</wf>
         <wf lemma="sektorju" pos="X">sektorju</wf>
         <wf lemma="," pos="X">,</wf>
         <wf lemma="zlasti" pos="X">zlasti</wf>
         <wf lemma="pa" pos="X">pa</wf>
         <wf lemma="v" pos="X">v</wf>
         <wf lemma="državnih" pos="X">državnih</wf>
         <wf lemma="organih" pos="X">organih</wf>
         <wf lemma="," pos="X">,</wf>
         <wf lemma="mora" pos="X">mora</wf>
         <wf lemma="biti" pos="X">biti</wf>
         <wf lemma="omejena" pos="X">omejena</wf>
         <wf lemma="in" pos="X">in</wf>
         <wf lemma="je" pos="X">je</wf>
         <wf lemma="omejena" pos="X">omejena</wf>
         <wf lemma="v" pos="X">v</wf>
         <wf lemma="vseh" pos="X">vseh</wf>
         <wf lemma="državah" pos="X">državah</wf>
         <wf lemma="." pos="X">.</wf>
      </sentence>
      <sentence id="d000.s1296" source="wordnet-slovenian">
         <wf lemma="Tudi" pos="X">Tudi</wf>
         <wf lemma="v" pos="X">v</wf>
         <instance id="d000.s1296.t000" lemma="svet" pos="NOUN">svetu</instance>
         <wf lemma="običajno" pos="X">običajno</wf>
         <wf lemma="na" pos="X">na</wf>
         <wf lemma="referendume" pos="X">referendume</wf>
         <wf lemma="hodi" pos="X">hodi</wf>
         <wf lemma="manj" pos="X">manj</wf>
         <wf lemma="ljudi" pos="X">ljudi</wf>
         <wf lemma="kot" pos="X">kot</wf>
         <wf lemma="na" pos="X">na</wf>
         <wf lemma="volitve" pos="X">volitve</wf>
         <wf lemma="," pos="X">,</wf>
         <wf lemma="morda" pos="X">morda</wf>
         <wf lemma="pa" pos="X">pa</wf>
         <wf lemma="imajo" pos="X">imajo</wf>
         <wf lemma="zato" pos="X">zato</wf>
         <wf lemma="tudi" pos="X">tudi</wf>
         <wf lemma="manj" pos="X">manj</wf>
         <wf lemma="referendumov" pos="X">referendumov</wf>
         <wf lemma="kot" pos="X">kot</wf>
         <wf lemma="volitev" pos="X">volitev</wf>
         <wf lemma="." pos="X">.</wf>
      </sentence>
      <sentence id="d000.s1297" source="wordnet-slovenian">
         <wf lemma="Če" pos="X">Če</wf>
         <wf lemma="se" pos="X">se</wf>
         <wf lemma="prav" pos="X">prav</wf>
         <wf lemma="spominjam" pos="X">spominjam</wf>
         <wf lemma="," pos="X">,</wf>
         <wf lemma="je" pos="X">je</wf>
         <wf lemma="kot" pos="X">kot</wf>
         <wf lemma="opravičilo" pos="X">opravičilo</wf>
         <wf lemma="navajal" pos="X">navajal</wf>
         <wf lemma="," pos="X">,</wf>
         <wf lemma="da" pos="X">da</wf>
         <wf lemma="je" pos="X">je</wf>
         <wf lemma="prezaposlen" pos="X">prezaposlen</wf>
         <wf lemma="v" pos="X">v</wf>
         <wf lemma="matični" pos="X">matični</wf>
         <instance id="d000.s1297.t000" lemma="hiša" pos="NOUN">hiši</instance>
         <wf lemma="." pos="X">.</wf>
      </sentence>
      <sentence id="d000.s1298" source="wordnet-slovenian">
         <wf lemma="Umeščena" pos="X">Umeščena</wf>
         <wf lemma="je" pos="X">je</wf>
         <wf lemma="bila" pos="X">bila</wf>
         <wf lemma="sredi" pos="X">sredi</wf>
         <wf lemma="razmeroma" pos="X">razmeroma</wf>
         <wf lemma="malo" pos="X">malo</wf>
         <wf lemma="obljudene" pos="X">obljudene</wf>
         <wf lemma="pokrajine" pos="X">pokrajine</wf>
         <wf lemma="in" pos="X">in</wf>
         <wf lemma="je" pos="X">je</wf>
         <wf lemma="mogla" pos="X">mogla</wf>
         <wf lemma="ponujati" pos="X">ponujati</wf>
         <wf lemma="svoje" pos="X">svoje</wf>
         <wf lemma="tržno" pos="X">tržno</wf>
         <wf lemma="posredovanje" pos="X">posredovanje</wf>
         <wf lemma="razmeroma" pos="X">razmeroma</wf>
         <wf lemma="majhnemu" pos="X">majhnemu</wf>
         <instance id="d000.s1298.t000" lemma="območje" pos="NOUN">območju</instance>
         <wf lemma="." pos="X">.</wf>
      </sentence>
      <sentence id="d000.s1299" source="wordnet-slovenian">
         <wf lemma="&quot;" pos="X">&quot;</wf>
         <wf lemma="," pos="X">,</wf>
         <wf lemma="vzpostavljajo" pos="X">vzpostavljajo</wf>
         <wf lemma="neposredne" pos="X">neposredne</wf>
         <wf lemma="stike" pos="X">stike</wf>
         <wf lemma="z" pos="X">z</wf>
         <instance id="d000.s1299.t000" lemma="delavec" pos="NOUN">delavci</instance>
         <wf lemma="," pos="X">,</wf>
         <wf lemma="jih" pos="X">jih</wf>
         <wf lemma="poskušajo" pos="X">poskušajo</wf>
         <wf lemma="motivirati" pos="X">motivirati</wf>
         <wf lemma="in" pos="X">in</wf>
         <wf lemma="izbrskati" pos="X">izbrskati</wf>
         <wf lemma="njihovo" pos="X">njihovo</wf>
         <wf lemma="iniciativnost" pos="X">iniciativnost</wf>
         <wf lemma="." pos="X">.</wf>
      </sentence>
      <sentence id="d000.s1300" source="wordnet-slovenian">
         <wf lemma="Nenavadno" pos="X">Nenavadno</wf>
         <wf lemma="je" pos="X">je</wf>
         <wf lemma="," pos="X">,</wf>
         <wf lemma="da" pos="X">da</wf>
         <wf lemma="so" pos="X">so</wf>
         <wf lemma="se" pos="X">se</wf>
         <wf lemma="nasprotniki" pos="X">nasprotniki</wf>
         <instance id="d000.s1300.t000" lemma="vprašanje" pos="NOUN">vprašanja</instance>
         <wf lemma="," pos="X">,</wf>
         <wf lemma="katere" pos="X">katere</wf>
         <wf lemma="narodnosti" pos="X">narodnosti</wf>
         <wf lemma="ste" pos="X">ste</wf>
         <wf lemma="," pos="X">,</wf>
         <wf lemma="oglasili" pos="X">oglasili</wf>
         <wf lemma="šele" pos="X">šele</wf>
         <wf lemma="po" pos="X">po</wf>
         <wf lemma="objavi" pos="X">objavi</wf>
         <wf lemma="podatkov" pos="X">podatkov</wf>
         <wf lemma="." pos="X">.</wf>
      </sentence>
      <sentence id="d000.s1301" source="wordnet-slovenian">
         <wf lemma="Tako" pos="X">Tako</wf>
         <wf lemma="jih" pos="X">jih</wf>
         <wf lemma="je" pos="X">je</wf>
         <wf lemma="brez" pos="X">brez</wf>
         <wf lemma="zadržkov" pos="X">zadržkov</wf>
         <wf lemma="podprla" pos="X">podprla</wf>
         <wf lemma="kosovska" pos="X">kosovska</wf>
         <wf lemma="albanska" pos="X">albanska</wf>
         <instance id="d000.s1301.t000" lemma="vlada" pos="NOUN">vlada</instance>
         <wf lemma="v" pos="X">v</wf>
         <wf lemma="pregnanstvu" pos="X">pregnanstvu</wf>
         <wf lemma="," pos="X">,</wf>
         <wf lemma="pridružil" pos="X">pridružil</wf>
         <wf lemma="pa" pos="X">pa</wf>
         <wf lemma="se" pos="X">se</wf>
         <wf lemma="jim" pos="X">jim</wf>
         <wf lemma="je" pos="X">je</wf>
         <wf lemma="tudi" pos="X">tudi</wf>
         <wf lemma="Forum" pos="X">Forum</wf>
         <wf lemma="albanskih" pos="X">albanskih</wf>
         <wf lemma="razumnikov" pos="X">razumnikov</wf>
         <wf lemma="iz" pos="X">iz</wf>
         <wf lemma="Prištine" pos="X">Prištine</wf>
         <wf lemma="." pos="X">.</wf>
      </sentence>
      <sentence id="d000.s1302" source="wordnet-slovenian">
         <wf lemma="iz" pos="X">iz</wf>
         <wf lemma="Kopra" pos="X">Kopra</wf>
         <wf lemma="," pos="X">,</wf>
         <wf lemma="ki" pos="X">ki</wf>
         <wf lemma="ji" pos="X">ji</wf>
         <wf lemma="je" pos="X">je</wf>
         <wf lemma="v" pos="X">v</wf>
         <wf lemma="tem" pos="X">tem</wf>
         <instance id="d000.s1302.t000" lemma="čas" pos="NOUN">času</instance>
         <wf lemma="dal" pos="X">dal</wf>
         <wf lemma="za" pos="X">za</wf>
         <wf lemma="uživanje" pos="X">uživanje</wf>
         <wf lemma="najmanj" pos="X">najmanj</wf>
         <wf lemma="20" pos="X">20</wf>
         <wf lemma="tablet" pos="X">tablet</wf>
         <wf lemma="ecstasyja" pos="X">ecstasyja</wf>
         <wf lemma="." pos="X">.</wf>
      </sentence>
      <sentence id="d000.s1303" source="wordnet-slovenian">
         <wf lemma="V" pos="X">V</wf>
         <wf lemma="zadnjih" pos="X">zadnjih</wf>
         <instance id="d000.s1303.t000" lemma="mesec" pos="NOUN">mesecih</instance>
         <wf lemma="smo" pos="X">smo</wf>
         <wf lemma="bili" pos="X">bili</wf>
         <wf lemma="prek" pos="X">prek</wf>
         <wf lemma="sredstev" pos="X">sredstev</wf>
         <wf lemma="javnega" pos="X">javnega</wf>
         <wf lemma="obveščanja" pos="X">obveščanja</wf>
         <wf lemma="seznanjeni" pos="X">seznanjeni</wf>
         <wf lemma="še" pos="X">še</wf>
         <wf lemma="z" pos="X">z</wf>
         <wf lemma="nekaterimi" pos="X">nekaterimi</wf>
         <wf lemma="primeri" pos="X">primeri</wf>
         <wf lemma="," pos="X">,</wf>
         <wf lemma="kjer" pos="X">kjer</wf>
         <wf lemma="se" pos="X">se</wf>
         <wf lemma="je" pos="X">je</wf>
         <wf lemma="dolgotrajno" pos="X">dolgotrajno</wf>
         <wf lemma="nasilje" pos="X">nasilje</wf>
         <wf lemma="končalo" pos="X">končalo</wf>
         <wf lemma="s" pos="X">s</wf>
         <wf lemma="tragedijo" pos="X">tragedijo</wf>
         <wf lemma="." pos="X">.</wf>
      </sentence>
      <sentence id="d000.s1304" source="wordnet-slovenian">
         <wf lemma="S" pos="X">S</wf>
         <wf lemma="tem" pos="X">tem</wf>
         <wf lemma="naj" pos="X">naj</wf>
         <wf lemma="bi" pos="X">bi</wf>
         <wf lemma="pridobila" pos="X">pridobila</wf>
         <wf lemma="prednost" pos="X">prednost</wf>
         <wf lemma="na" pos="X">na</wf>
         <wf lemma="trgu" pos="X">trgu</wf>
         <wf lemma="banan" pos="X">banan</wf>
         <wf lemma="pred" pos="X">pred</wf>
         <wf lemma="evropsko" pos="X">evropsko</wf>
         <wf lemma="konkurenco" pos="X">konkurenco</wf>
         <wf lemma="," pos="X">,</wf>
         <wf lemma="obenem" pos="X">obenem</wf>
         <wf lemma="pa" pos="X">pa</wf>
         <wf lemma="bo" pos="X">bo</wf>
         <wf lemma="lahko" pos="X">lahko</wf>
         <wf lemma="z" pos="X">z</wf>
         <wf lemma="bananami" pos="X">bananami</wf>
         <wf lemma="zadovoljila" pos="X">zadovoljila</wf>
         <wf lemma="lastno" pos="X">lastno</wf>
         <wf lemma="tržišče" pos="X">tržišče</wf>
         <wf lemma="za" pos="X">za</wf>
         <wf lemma="več" pos="X">več</wf>
         <instance id="d000.s1304.t000" lemma="leto" pos="NOUN">let</instance>
         <wf lemma="." pos="X">.</wf>
      </sentence>
      <sentence id="d000.s1305" source="wordnet-slovenian">
         <wf lemma="Komisija" pos="X">Komisija</wf>
         <wf lemma="je" pos="X">je</wf>
         <wf lemma="zahtevo" pos="X">zahtevo</wf>
         <wf lemma="za" pos="X">za</wf>
         <wf lemma="revizijo" pos="X">revizijo</wf>
         <instance id="d000.s1305.t000" lemma="postopek" pos="NOUN">postopka</instance>
         <wf lemma="zavrnila" pos="X">zavrnila</wf>
         <wf lemma="z" pos="X">z</wf>
         <wf lemma="razlago" pos="X">razlago</wf>
         <wf lemma="," pos="X">,</wf>
         <wf lemma="da" pos="X">da</wf>
         <wf lemma="v" pos="X">v</wf>
         <wf lemma="reviziji" pos="X">reviziji</wf>
         <wf lemma="postopka" pos="X">postopka</wf>
         <wf lemma="oddaje" pos="X">oddaje</wf>
         <wf lemma="javnega" pos="X">javnega</wf>
         <wf lemma="naročila" pos="X">naročila</wf>
         <wf lemma="ni" pos="X">ni</wf>
         <wf lemma="mogoče" pos="X">mogoče</wf>
         <wf lemma="oddati" pos="X">oddati</wf>
         <wf lemma="začasne" pos="X">začasne</wf>
         <wf lemma="odredbe" pos="X">odredbe</wf>
         <wf lemma="." pos="X">.</wf>
      </sentence>
      <sentence id="d000.s1306" source="wordnet-slovenian">
         <wf lemma="V" pos="X">V</wf>
         <wf lemma="prijetni" pos="X">prijetni</wf>
         <instance id="d000.s1306.t000" lemma="družba" pos="NOUN">družbi</instance>
         <wf lemma="boste" pos="X">boste</wf>
         <wf lemma="izvedeli" pos="X">izvedeli</wf>
         <wf lemma="," pos="X">,</wf>
         <wf lemma="kar" pos="X">kar</wf>
         <wf lemma="boste" pos="X">boste</wf>
         <wf lemma="želeli" pos="X">želeli</wf>
         <wf lemma="," pos="X">,</wf>
         <wf lemma="in" pos="X">in</wf>
         <wf lemma="to" pos="X">to</wf>
         <wf lemma="vam" pos="X">vam</wf>
         <wf lemma="bo" pos="X">bo</wf>
         <wf lemma="veliko" pos="X">veliko</wf>
         <wf lemma="pomagalo" pos="X">pomagalo</wf>
         <wf lemma="pri" pos="X">pri</wf>
         <wf lemma="premagovanju" pos="X">premagovanju</wf>
         <wf lemma="vaših" pos="X">vaših</wf>
         <wf lemma="finančnih" pos="X">finančnih</wf>
         <wf lemma="težav" pos="X">težav</wf>
         <wf lemma="." pos="X">.</wf>
      </sentence>
      <sentence id="d000.s1307" source="wordnet-slovenian">
         <wf lemma="Naslednjega" pos="X">Naslednjega</wf>
         <instance id="d000.s1307.t000" lemma="dan" pos="NOUN">dne</instance>
         <wf lemma="," pos="X">,</wf>
         <wf lemma="v" pos="X">v</wf>
         <wf lemma="ponedeljek" pos="X">ponedeljek</wf>
         <wf lemma="," pos="X">,</wf>
         <wf lemma="17." pos="X">17.</wf>
         <wf lemma="maja" pos="X">maja</wf>
         <wf lemma="," pos="X">,</wf>
         <wf lemma="si" pos="X">si</wf>
         <wf lemma="spet" pos="X">spet</wf>
         <wf lemma="ogledujem" pos="X">ogledujem</wf>
         <wf lemma="trgovine" pos="X">trgovine</wf>
         <wf lemma="in" pos="X">in</wf>
         <wf lemma="spominke" pos="X">spominke</wf>
         <wf lemma="." pos="X">.</wf>
      </sentence>
      <sentence id="d000.s1308" source="wordnet-slovenian">
         <wf lemma="Del" pos="X">Del</wf>
         <wf lemma="je" pos="X">je</wf>
         <wf lemma="sestri" pos="X">sestri</wf>
         <wf lemma="hvaležen" pos="X">hvaležen</wf>
         <wf lemma="," pos="X">,</wf>
         <wf lemma="da" pos="X">da</wf>
         <wf lemma="ga" pos="X">ga</wf>
         <wf lemma="je" pos="X">je</wf>
         <wf lemma="sprejela" pos="X">sprejela</wf>
         <wf lemma="v" pos="X">v</wf>
         <wf lemma="svoje" pos="X">svoje</wf>
         <instance id="d000.s1308.t000" lemma="življenje" pos="NOUN">življenje</instance>
         <wf lemma="," pos="X">,</wf>
         <wf lemma="ona" pos="X">ona</wf>
         <wf lemma="pa" pos="X">pa</wf>
         <wf lemma="mu" pos="X">mu</wf>
         <wf lemma="predlaga" pos="X">predlaga</wf>
         <wf lemma="," pos="X">,</wf>
         <wf lemma="naj" pos="X">naj</wf>
         <wf lemma="gre" pos="X">gre</wf>
         <wf lemma="na" pos="X">na</wf>
         <wf lemma="zmenek" pos="X">zmenek</wf>
         <wf lemma="z" pos="X">z</wf>
         <wf lemma="njeno" pos="X">njeno</wf>
         <wf lemma="prijateljico" pos="X">prijateljico</wf>
         <wf lemma="Cecily" pos="X">Cecily</wf>
         <wf lemma="." pos="X">.</wf>
      </sentence>
      <sentence id="d000.s1309" source="wordnet-slovenian">
         <wf lemma="Med" pos="X">Med</wf>
         <wf lemma="naravnimi" pos="X">naravnimi</wf>
         <wf lemma="spomeniki" pos="X">spomeniki</wf>
         <wf lemma="velja" pos="X">velja</wf>
         <wf lemma="omeniti" pos="X">omeniti</wf>
         <wf lemma="najnižje" pos="X">najnižje</wf>
         <wf lemma="ležeči" pos="X">ležeči</wf>
         <wf lemma="nasad" pos="X">nasad</wf>
         <wf lemma="smreke" pos="X">smreke</wf>
         <wf lemma="v" pos="X">v</wf>
         <wf lemma="Evropi" pos="X">Evropi</wf>
         <wf lemma="," pos="X">,</wf>
         <wf lemma="najvišje" pos="X">najvišje</wf>
         <wf lemma="bukve" pos="X">bukve</wf>
         <wf lemma="na" pos="X">na</wf>
         <instance id="d000.s1309.t000" lemma="svet" pos="NOUN">svetu</instance>
         <wf lemma="in" pos="X">in</wf>
         <wf lemma="evropske" pos="X">evropske</wf>
         <wf lemma="živalske" pos="X">živalske</wf>
         <wf lemma="posebnosti" pos="X">posebnosti</wf>
         <wf lemma="," pos="X">,</wf>
         <wf lemma="kot" pos="X">kot</wf>
         <wf lemma="je" pos="X">je</wf>
         <wf lemma="medved" pos="X">medved</wf>
         <wf lemma="ali" pos="X">ali</wf>
         <wf lemma="ris" pos="X">ris</wf>
         <wf lemma="." pos="X">.</wf>
      </sentence>
      <sentence id="d000.s1310" source="wordnet-slovenian">
         <wf lemma="NEW" pos="X">NEW</wf>
         <wf lemma="YORK" pos="X">YORK</wf>
         <wf lemma="-" pos="X">-</wf>
         <wf lemma="Končno" pos="X">Končno</wf>
         <wf lemma="so" pos="X">so</wf>
         <wf lemma="raziskali" pos="X">raziskali</wf>
         <wf lemma="," pos="X">,</wf>
         <wf lemma="zakaj" pos="X">zakaj</wf>
         <wf lemma="ženske" pos="X">ženske</wf>
         <wf lemma="tako" pos="X">tako</wf>
         <wf lemma="rade" pos="X">rade</wf>
         <wf lemma="telefonirajo" pos="X">telefonirajo</wf>
         <wf lemma="," pos="X">,</wf>
         <wf lemma="da" pos="X">da</wf>
         <wf lemma="imajo" pos="X">imajo</wf>
         <wf lemma="slušalko" pos="X">slušalko</wf>
         <wf lemma="v" pos="X">v</wf>
         <wf lemma="roki" pos="X">roki</wf>
         <instance id="d000.s1310.t000" lemma="ura" pos="NOUN">ure</instance>
         <wf lemma="in" pos="X">in</wf>
         <wf lemma="ure" pos="X">ure</wf>
         <wf lemma="." pos="X">.</wf>
      </sentence>
      <sentence id="d000.s1311" source="wordnet-slovenian">
         <instance id="d000.s1311.t000" lemma="pot" pos="NOUN">Pot</instance>
         <wf lemma="je" pos="X">je</wf>
         <wf lemma="peljala" pos="X">peljala</wf>
         <wf lemma="v" pos="X">v</wf>
         <wf lemma="labirint" pos="X">labirint</wf>
         <wf lemma="," pos="X">,</wf>
         <wf lemma="kjer" pos="X">kjer</wf>
         <wf lemma="so" pos="X">so</wf>
         <wf lemma="se" pos="X">se</wf>
         <wf lemma="Vallaressovi" pos="X">Vallaressovi</wf>
         <wf lemma="najbrž" pos="X">najbrž</wf>
         <wf lemma="včasih" pos="X">včasih</wf>
         <wf lemma="kratkočasili" pos="X">kratkočasili</wf>
         <wf lemma="." pos="X">.</wf>
      </sentence>
      <sentence id="d000.s1312" source="wordnet-slovenian">
         <wf lemma="Se" pos="X">Se</wf>
         <wf lemma="je" pos="X">je</wf>
         <wf lemma="pa" pos="X">pa</wf>
         <wf lemma="zato" pos="X">zato</wf>
         <wf lemma="predvsem" pos="X">predvsem</wf>
         <wf lemma="s" pos="X">s</wf>
         <wf lemma="to" pos="X">to</wf>
         <wf lemma="uvrstitvijo" pos="X">uvrstitvijo</wf>
         <wf lemma="v" pos="X">v</wf>
         <wf lemma="ligo" pos="X">ligo</wf>
         <wf lemma="Goodyear" pos="X">Goodyear</wf>
         <wf lemma="dvignil" pos="X">dvignil</wf>
         <wf lemma="Helios" pos="X">Helios</wf>
         <wf lemma="," pos="X">,</wf>
         <wf lemma="ki" pos="X">ki</wf>
         <wf lemma="pa" pos="X">pa</wf>
         <wf lemma="tako" pos="X">tako</wf>
         <wf lemma="kot" pos="X">kot</wf>
         <wf lemma="na" pos="X">na</wf>
         <wf lemma="Hrvaškem" pos="X">Hrvaškem</wf>
         <wf lemma="Hermes" pos="X">Hermes</wf>
         <wf lemma="Analitica" pos="X">Analitica</wf>
         <wf lemma="ali" pos="X">ali</wf>
         <wf lemma="pa" pos="X">pa</wf>
         <wf lemma="Šibenka" pos="X">Šibenka</wf>
         <wf lemma="v" pos="X">v</wf>
         <wf lemma="primeru" pos="X">primeru</wf>
         <wf lemma="tekmovalnega" pos="X">tekmovalnega</wf>
         <wf lemma="uspeha" pos="X">uspeha</wf>
         <wf lemma="še" pos="X">še</wf>
         <wf lemma="ne" pos="X">ne</wf>
         <wf lemma="izpolnjuje" pos="X">izpolnjuje</wf>
         <instance id="d000.s1312.t000" lemma="pogoj" pos="NOUN">pogojev</instance>
         <wf lemma="," pos="X">,</wf>
         <wf lemma="ki" pos="X">ki</wf>
         <wf lemma="zadevajo" pos="X">zadevajo</wf>
         <wf lemma="dvorane" pos="X">dvorane</wf>
         <wf lemma="in" pos="X">in</wf>
         <wf lemma="verjetno" pos="X">verjetno</wf>
         <wf lemma="še" pos="X">še</wf>
         <wf lemma="marsikaj" pos="X">marsikaj</wf>
         <wf lemma="?" pos="X">?</wf>
      </sentence>
      <sentence id="d000.s1313" source="wordnet-slovenian">
         <wf lemma="Časopis" pos="X">Časopis</wf>
         <wf lemma="v" pos="X">v</wf>
         <wf lemma="revialni" pos="X">revialni</wf>
         <wf lemma="obliki" pos="X">obliki</wf>
         <wf lemma="," pos="X">,</wf>
         <wf lemma="ki" pos="X">ki</wf>
         <wf lemma="je" pos="X">je</wf>
         <wf lemma="dolga" pos="X">dolga</wf>
         <instance id="d000.s1313.t000" lemma="leto" pos="NOUN">leta</instance>
         <wf lemma="izhajal" pos="X">izhajal</wf>
         <wf lemma="štirikrat" pos="X">štirikrat</wf>
         <wf lemma="," pos="X">,</wf>
         <wf lemma="zdaj" pos="X">zdaj</wf>
         <wf lemma="pa" pos="X">pa</wf>
         <wf lemma="le" pos="X">le</wf>
         <wf lemma="še" pos="X">še</wf>
         <wf lemma="dvakrat" pos="X">dvakrat</wf>
         <wf lemma="na" pos="X">na</wf>
         <wf lemma="leto" pos="X">leto</wf>
         <wf lemma="," pos="X">,</wf>
         <wf lemma="ni" pos="X">ni</wf>
         <wf lemma="le" pos="X">le</wf>
         <wf lemma="dokument" pos="X">dokument</wf>
         <wf lemma="časa" pos="X">časa</wf>
         <wf lemma="," pos="X">,</wf>
         <wf lemma="temveč" pos="X">temveč</wf>
         <wf lemma="odlična" pos="X">odlična</wf>
         <wf lemma="domoznanska" pos="X">domoznanska</wf>
         <wf lemma="zbirka" pos="X">zbirka</wf>
         <wf lemma="Raven" pos="X">Raven</wf>
         <wf lemma="in" pos="X">in</wf>
         <wf lemma="tudi" pos="X">tudi</wf>
         <wf lemma="vse" pos="X">vse</wf>
         <wf lemma="Mežiške" pos="X">Mežiške</wf>
         <wf lemma="doline" pos="X">doline</wf>
         <wf lemma="." pos="X">.</wf>
      </sentence>
      <sentence id="d000.s1314" source="wordnet-slovenian">
         <wf lemma="Kakor" pos="X">Kakor</wf>
         <wf lemma="da" pos="X">da</wf>
         <wf lemma="se" pos="X">se</wf>
         <wf lemma="mobilizacija" pos="X">mobilizacija</wf>
         <wf lemma="dogaja" pos="X">dogaja</wf>
         <wf lemma="ponoči" pos="X">ponoči</wf>
         <wf lemma="," pos="X">,</wf>
         <instance id="d000.s1314.t000" lemma="vojna" pos="NOUN">vojna</instance>
         <wf lemma="pa" pos="X">pa</wf>
         <wf lemma="v" pos="X">v</wf>
         <wf lemma="Ameriki" pos="X">Ameriki</wf>
         <wf lemma="." pos="X">.</wf>
      </sentence>
      <sentence id="d000.s1315" source="wordnet-slovenian">
         <wf lemma="Lisa" pos="X">Lisa</wf>
         <wf lemma="," pos="X">,</wf>
         <wf lemma="ki" pos="X">ki</wf>
         <wf lemma="je" pos="X">je</wf>
         <wf lemma="črpala" pos="X">črpala</wf>
         <wf lemma="moč" pos="X">moč</wf>
         <wf lemma="iz" pos="X">iz</wf>
         <wf lemma="poguma" pos="X">poguma</wf>
         <wf lemma="," pos="X">,</wf>
         <wf lemma="ki" pos="X">ki</wf>
         <wf lemma="je" pos="X">je</wf>
         <wf lemma="bil" pos="X">bil</wf>
         <wf lemma="večji" pos="X">večji</wf>
         <wf lemma="," pos="X">,</wf>
         <wf lemma="kot" pos="X">kot</wf>
         <wf lemma="si" pos="X">si</wf>
         <wf lemma="je" pos="X">je</wf>
         <wf lemma="mislila" pos="X">mislila</wf>
         <wf lemma="," pos="X">,</wf>
         <wf lemma="se" pos="X">se</wf>
         <wf lemma="je" pos="X">je</wf>
         <wf lemma="nagnila" pos="X">nagnila</wf>
         <wf lemma="naprej" pos="X">naprej</wf>
         <wf lemma="," pos="X">,</wf>
         <wf lemma="stegnila" pos="X">stegnila</wf>
         <wf lemma="roko" pos="X">roko</wf>
         <wf lemma="čez" pos="X">čez</wf>
         <wf lemma="mizo" pos="X">mizo</wf>
         <wf lemma="in" pos="X">in</wf>
         <wf lemma="prijela" pos="X">prijela</wf>
         <wf lemma="drugo" pos="X">drugo</wf>
         <instance id="d000.s1315.t000" lemma="ženska" pos="NOUN">žensko</instance>
         <wf lemma="za" pos="X">za</wf>
         <wf lemma="roko" pos="X">roko</wf>
         <wf lemma="." pos="X">.</wf>
      </sentence>
      <sentence id="d000.s1316" source="wordnet-slovenian">
         <wf lemma="Za" pos="X">Za</wf>
         <instance id="d000.s1316.t000" lemma="večina" pos="NOUN">večino</instance>
         <wf lemma="od" pos="X">od</wf>
         <wf lemma="nas" pos="X">nas</wf>
         <wf lemma="je" pos="X">je</wf>
         <wf lemma="to" pos="X">to</wf>
         <wf lemma="materni" pos="X">materni</wf>
         <wf lemma="jezik" pos="X">jezik</wf>
         <wf lemma="naučili" pos="X">naučili</wf>
         <wf lemma="smo" pos="X">smo</wf>
         <wf lemma="se" pos="X">se</wf>
         <wf lemma="ga" pos="X">ga</wf>
         <wf lemma="v" pos="X">v</wf>
         <wf lemma="zgodnjem" pos="X">zgodnjem</wf>
         <wf lemma="otroštvu" pos="X">otroštvu</wf>
         <wf lemma="v" pos="X">v</wf>
         <wf lemma="domačem" pos="X">domačem</wf>
         <wf lemma="okolju" pos="X">okolju</wf>
         <wf lemma="." pos="X">.</wf>
      </sentence>
      <sentence id="d000.s1317" source="wordnet-slovenian">
         <wf lemma="Tehnološki" pos="X">Tehnološki</wf>
         <wf lemma="park" pos="X">park</wf>
         <wf lemma="je" pos="X">je</wf>
         <wf lemma="zasnovan" pos="X">zasnovan</wf>
         <wf lemma="kot" pos="X">kot</wf>
         <wf lemma="oblika" pos="X">oblika</wf>
         <wf lemma="t." pos="X">t.</wf>
         <wf lemma="i." pos="X">i.</wf>
         <wf lemma="podjetniških" pos="X">podjetniških</wf>
         <wf lemma="inkubatorjev" pos="X">inkubatorjev</wf>
         <wf lemma="," pos="X">,</wf>
         <wf lemma="kjer" pos="X">kjer</wf>
         <wf lemma="novoustanovljena" pos="X">novoustanovljena</wf>
         <wf lemma="inovacijska" pos="X">inovacijska</wf>
         <wf lemma="podjetja" pos="X">podjetja</wf>
         <wf lemma="dobijo" pos="X">dobijo</wf>
         <wf lemma="pomoč" pos="X">pomoč</wf>
         <wf lemma="lokalne" pos="X">lokalne</wf>
         <wf lemma="skupnosti" pos="X">skupnosti</wf>
         <wf lemma="ali" pos="X">ali</wf>
         <wf lemma="države" pos="X">države</wf>
         <wf lemma="z" pos="X">z</wf>
         <wf lemma="namenom" pos="X">namenom</wf>
         <wf lemma="," pos="X">,</wf>
         <wf lemma="da" pos="X">da</wf>
         <wf lemma="pod" pos="X">pod</wf>
         <wf lemma="ugodnejšimi" pos="X">ugodnejšimi</wf>
         <instance id="d000.s1317.t000" lemma="pogoj" pos="NOUN">pogoji</instance>
         <wf lemma="razvijejo" pos="X">razvijejo</wf>
         <wf lemma="in" pos="X">in</wf>
         <wf lemma="ustvarijo" pos="X">ustvarijo</wf>
         <wf lemma="pogoje" pos="X">pogoje</wf>
         <wf lemma="za" pos="X">za</wf>
         <wf lemma="samostojno" pos="X">samostojno</wf>
         <wf lemma="delovanje" pos="X">delovanje</wf>
         <wf lemma="." pos="X">.</wf>
      </sentence>
      <sentence id="d000.s1318" source="wordnet-slovenian">
         <wf lemma="Rodney" pos="X">Rodney</wf>
         <wf lemma="je" pos="X">je</wf>
         <wf lemma="malce" pos="X">malce</wf>
         <wf lemma="razdraženo" pos="X">razdraženo</wf>
         <wf lemma="pribil" pos="X">pribil</wf>
         <wf lemma=":" pos="X">:</wf>
         <wf lemma="»" pos="X">»</wf>
         <wf lemma="Dragi" pos="X">Dragi</wf>
         <wf lemma="moj" pos="X">moj</wf>
         <instance id="d000.s1318.t000" lemma="otrok" pos="NOUN">otrok</instance>
         <wf lemma="," pos="X">,</wf>
         <wf lemma="le" pos="X">le</wf>
         <wf lemma="za" pos="X">za</wf>
         <wf lemma="kakšnega" pos="X">kakšnega</wf>
         <wf lemma="me" pos="X">me</wf>
         <wf lemma="imaš" pos="X">imaš</wf>
         <wf lemma="." pos="X">.</wf>
      </sentence>
      <sentence id="d000.s1319" source="wordnet-slovenian">
         <wf lemma="Ko" pos="X">Ko</wf>
         <wf lemma="sem" pos="X">sem</wf>
         <wf lemma="v" pos="X">v</wf>
         <wf lemma="sedemdesetih" pos="X">sedemdesetih</wf>
         <wf lemma="letih" pos="X">letih</wf>
         <wf lemma="svojim" pos="X">svojim</wf>
         <wf lemma="italijanskim" pos="X">italijanskim</wf>
         <wf lemma="znancem" pos="X">znancem</wf>
         <wf lemma="v" pos="X">v</wf>
         <wf lemma="Rimu" pos="X">Rimu</wf>
         <wf lemma="povedal" pos="X">povedal</wf>
         <wf lemma="," pos="X">,</wf>
         <wf lemma="da" pos="X">da</wf>
         <wf lemma="se" pos="X">se</wf>
         <wf lemma="nameravam" pos="X">nameravam</wf>
         <wf lemma="preseliti" pos="X">preseliti</wf>
         <wf lemma="v" pos="X">v</wf>
         <wf lemma="Jugoslavijo" pos="X">Jugoslavijo</wf>
         <wf lemma="," pos="X">,</wf>
         <wf lemma="so" pos="X">so</wf>
         <wf lemma="me" pos="X">me</wf>
         <wf lemma="pogledali" pos="X">pogledali</wf>
         <wf lemma="s" pos="X">s</wf>
         <wf lemma="takšnim" pos="X">takšnim</wf>
         <wf lemma="sočutjem" pos="X">sočutjem</wf>
         <wf lemma="," pos="X">,</wf>
         <wf lemma="kot" pos="X">kot</wf>
         <wf lemma="da" pos="X">da</wf>
         <wf lemma="odhajam" pos="X">odhajam</wf>
         <wf lemma="v" pos="X">v</wf>
         <wf lemma="deželo" pos="X">deželo</wf>
         <wf lemma="dinozavrov" pos="X">dinozavrov</wf>
         <wf lemma="," pos="X">,</wf>
         <wf lemma="saj" pos="X">saj</wf>
         <wf lemma="se" pos="X">se</wf>
         <wf lemma="ve" pos="X">ve</wf>
         <wf lemma="," pos="X">,</wf>
         <wf lemma="da" pos="X">da</wf>
         <wf lemma="se" pos="X">se</wf>
         <wf lemma="za" pos="X">za</wf>
         <wf lemma="prenekatere" pos="X">prenekatere</wf>
         <wf lemma="današnje" pos="X">današnje</wf>
         <wf lemma="Rimljane" pos="X">Rimljane</wf>
         <instance id="d000.s1319.t000" lemma="svet" pos="NOUN">svet</instance>
         <wf lemma="začenja" pos="X">začenja</wf>
         <wf lemma="in" pos="X">in</wf>
         <wf lemma="konča" pos="X">konča</wf>
         <wf lemma="na" pos="X">na</wf>
         <wf lemma="okoliških" pos="X">okoliških</wf>
         <wf lemma="gričih" pos="X">gričih</wf>
         <wf lemma="." pos="X">.</wf>
      </sentence>
      <sentence id="d000.s1320" source="wordnet-slovenian">
         <wf lemma="Ker" pos="X">Ker</wf>
         <wf lemma="nista" pos="X">nista</wf>
         <wf lemma="hotela" pos="X">hotela</wf>
         <wf lemma="razkriti" pos="X">razkriti</wf>
         <wf lemma="," pos="X">,</wf>
         <wf lemma="kateri" pos="X">kateri</wf>
         <wf lemma="od" pos="X">od</wf>
         <wf lemma="njiju" pos="X">njiju</wf>
         <wf lemma="mu" pos="X">mu</wf>
         <wf lemma="je" pos="X">je</wf>
         <wf lemma="zadal" pos="X">zadal</wf>
         <wf lemma="smrtni" pos="X">smrtni</wf>
         <wf lemma="udarec" pos="X">udarec</wf>
         <wf lemma="," pos="X">,</wf>
         <wf lemma="so" pos="X">so</wf>
         <wf lemma="ju" pos="X">ju</wf>
         <wf lemma="obsodili" pos="X">obsodili</wf>
         <wf lemma="na" pos="X">na</wf>
         <wf lemma="zgolj" pos="X">zgolj</wf>
         <wf lemma="osem" pos="X">osem</wf>
         <instance id="d000.s1320.t000" lemma="leto" pos="NOUN">let</instance>
         <wf lemma="zapora" pos="X">zapora</wf>
         <wf lemma="zaradi" pos="X">zaradi</wf>
         <wf lemma="okrutnosti" pos="X">okrutnosti</wf>
         <wf lemma="do" pos="X">do</wf>
         <wf lemma="otrok" pos="X">otrok</wf>
         <wf lemma="." pos="X">.</wf>
      </sentence>
      <sentence id="d000.s1321" source="wordnet-slovenian">
         <wf lemma="Tistih" pos="X">Tistih</wf>
         <wf lemma="," pos="X">,</wf>
         <wf lemma="ki" pos="X">ki</wf>
         <wf lemma="jih" pos="X">jih</wf>
         <wf lemma="ne" pos="X">ne</wf>
         <wf lemma="more" pos="X">more</wf>
         <wf lemma="potolažiti" pos="X">potolažiti</wf>
         <wf lemma="niti" pos="X">niti</wf>
         <wf lemma="takšna" pos="X">takšna</wf>
         <wf lemma="pridobitev" pos="X">pridobitev</wf>
         <wf lemma="," pos="X">,</wf>
         <wf lemma="kot" pos="X">kot</wf>
         <wf lemma="je" pos="X">je</wf>
         <wf lemma="logistični" pos="X">logistični</wf>
         <wf lemma="center" pos="X">center</wf>
         <wf lemma="za" pos="X">za</wf>
         <wf lemma="pošto" pos="X">pošto</wf>
         <wf lemma="," pos="X">,</wf>
         <wf lemma="saj" pos="X">saj</wf>
         <wf lemma="zanjo" pos="X">zanjo</wf>
         <wf lemma="s" pos="X">s</wf>
         <wf lemma="sarkazmom" pos="X">sarkazmom</wf>
         <wf lemma="pravijo" pos="X">pravijo</wf>
         <wf lemma="," pos="X">,</wf>
         <wf lemma="da" pos="X">da</wf>
         <wf lemma="bodo" pos="X">bodo</wf>
         <wf lemma="zdaj" pos="X">zdaj</wf>
         <wf lemma="iz" pos="X">iz</wf>
         <instance id="d000.s1321.t000" lemma="mesto" pos="NOUN">mesta</instance>
         <wf lemma="poleg" pos="X">poleg</wf>
         <wf lemma="ljudi" pos="X">ljudi</wf>
         <wf lemma="pač" pos="X">pač</wf>
         <wf lemma="hitreje" pos="X">hitreje</wf>
         <wf lemma="odhajale" pos="X">odhajale</wf>
         <wf lemma="še" pos="X">še</wf>
         <wf lemma="pošiljke" pos="X">pošiljke</wf>
         <wf lemma="." pos="X">.</wf>
      </sentence>
      <sentence id="d000.s1322" source="wordnet-slovenian">
         <wf lemma="V" pos="X">V</wf>
         <wf lemma="zadevi" pos="X">zadevi</wf>
         <wf lemma="VIII" pos="X">VIII</wf>
         <wf lemma="-" pos="X">-</wf>
         <wf lemma="Ips" pos="X">Ips</wf>
         <wf lemma="-" pos="X">-</wf>
         <wf lemma="17" pos="X">17</wf>
         <wf lemma="/" pos="X">/</wf>
         <wf lemma="2003" pos="X">2003</wf>
         <wf lemma="," pos="X">,</wf>
         <wf lemma="kjer" pos="X">kjer</wf>
         <wf lemma="sta" pos="X">sta</wf>
         <wf lemma="sodišči" pos="X">sodišči</wf>
         <wf lemma="druge" pos="X">druge</wf>
         <wf lemma="in" pos="X">in</wf>
         <wf lemma="prve" pos="X">prve</wf>
         <instance id="d000.s1322.t000" lemma="stopnja" pos="NOUN">stopnje</instance>
         <wf lemma="ugotovili" pos="X">ugotovili</wf>
         <wf lemma="delno" pos="X">delno</wf>
         <wf lemma="kršitev" pos="X">kršitev</wf>
         <wf lemma="KP" pos="X">KP</wf>
         <wf lemma="glede" pos="X">glede</wf>
         <wf lemma="uskladitve" pos="X">uskladitve</wf>
         <wf lemma="izhodiščnih" pos="X">izhodiščnih</wf>
         <wf lemma="plač" pos="X">plač</wf>
         <wf lemma="," pos="X">,</wf>
         <wf lemma="je" pos="X">je</wf>
         <wf lemma="revizijsko" pos="X">revizijsko</wf>
         <wf lemma="sodišče" pos="X">sodišče</wf>
         <wf lemma="revizijo" pos="X">revizijo</wf>
         <wf lemma="zavrnilo" pos="X">zavrnilo</wf>
         <wf lemma="." pos="X">.</wf>
      </sentence>
      <sentence id="d000.s1323" source="wordnet-slovenian">
         <instance id="d000.s1323.t000" lemma="uporaba" pos="NOUN">Uporaba</instance>
         <wf lemma="RSS" pos="X">RSS</wf>
         <wf lemma="-" pos="X">-</wf>
         <wf lemma="vira" pos="X">vira</wf>
         <wf lemma="nikakor" pos="X">nikakor</wf>
         <wf lemma="ne" pos="X">ne</wf>
         <wf lemma="pomeni" pos="X">pomeni</wf>
         <wf lemma="," pos="X">,</wf>
         <wf lemma="da" pos="X">da</wf>
         <wf lemma="morate" pos="X">morate</wf>
         <wf lemma="na" pos="X">na</wf>
         <wf lemma="stranski" pos="X">stranski</wf>
         <wf lemma="tir" pos="X">tir</wf>
         <wf lemma="postaviti" pos="X">postaviti</wf>
         <wf lemma="e" pos="X">e</wf>
         <wf lemma="-" pos="X">-</wf>
         <wf lemma="pošto" pos="X">pošto</wf>
         <wf lemma="." pos="X">.</wf>
      </sentence>
      <sentence id="d000.s1324" source="wordnet-slovenian">
         <wf lemma="NAPOVED" pos="X">NAPOVED</wf>
         <wf lemma="-" pos="X">-</wf>
         <wf lemma="Danes" pos="X">Danes</wf>
         <wf lemma="bo" pos="X">bo</wf>
         <wf lemma="pretežno" pos="X">pretežno</wf>
         <wf lemma="jasno" pos="X">jasno</wf>
         <wf lemma="," pos="X">,</wf>
         <wf lemma="čez" pos="X">čez</wf>
         <instance id="d000.s1324.t000" lemma="dan" pos="NOUN">dan</instance>
         <wf lemma="občasno" pos="X">občasno</wf>
         <wf lemma="zmerno" pos="X">zmerno</wf>
         <wf lemma="oblačno" pos="X">oblačno</wf>
         <wf lemma="." pos="X">.</wf>
      </sentence>
      <sentence id="d000.s1325" source="wordnet-slovenian">
         <wf lemma="Prav" pos="X">Prav</wf>
         <wf lemma="vzajemno" pos="X">vzajemno</wf>
         <wf lemma="rivalstvo" pos="X">rivalstvo</wf>
         <wf lemma="obe" pos="X">obe</wf>
         <wf lemma="sosedi" pos="X">sosedi</wf>
         <wf lemma="sili" pos="X">sili</wf>
         <wf lemma="v" pos="X">v</wf>
         <wf lemma="objem" pos="X">objem</wf>
         <wf lemma="-" pos="X">-</wf>
         <wf lemma="celotno" pos="X">celotno</wf>
         <instance id="d000.s1325.t000" lemma="območje" pos="NOUN">območje</instance>
         <wf lemma="pa" pos="X">pa</wf>
         <wf lemma="mora" pos="X">mora</wf>
         <wf lemma="iz" pos="X">iz</wf>
         <wf lemma="tega" pos="X">tega</wf>
         <wf lemma="potegniti" pos="X">potegniti</wf>
         <wf lemma="čim" pos="X">čim</wf>
         <wf lemma="večjo" pos="X">večjo</wf>
         <wf lemma="korist" pos="X">korist</wf>
         <wf lemma="." pos="X">.</wf>
      </sentence>
      <sentence id="d000.s1326" source="wordnet-slovenian">
         <wf lemma="Mestna" pos="X">Mestna</wf>
         <wf lemma="občina" pos="X">občina</wf>
         <wf lemma="Celje" pos="X">Celje</wf>
         <wf lemma="se" pos="X">se</wf>
         <wf lemma="je" pos="X">je</wf>
         <wf lemma="prijavila" pos="X">prijavila</wf>
         <wf lemma="s" pos="X">s</wf>
         <wf lemma="projektom" pos="X">projektom</wf>
         <wf lemma="celostnega" pos="X">celostnega</wf>
         <wf lemma="komuniciranja" pos="X">komuniciranja</wf>
         <wf lemma="za" pos="X">za</wf>
         <wf lemma="odgovorno" pos="X">odgovorno</wf>
         <wf lemma="ravnanje" pos="X">ravnanje</wf>
         <wf lemma="z" pos="X">z</wf>
         <instance id="d000.s1326.t000" lemma="okolje" pos="NOUN">okoljem</instance>
         <wf lemma="," pos="X">,</wf>
         <wf lemma="lokalno" pos="X">lokalno</wf>
         <wf lemma="agendo" pos="X">agendo</wf>
         <wf lemma="21" pos="X">21</wf>
         <wf lemma="," pos="X">,</wf>
         <wf lemma="in" pos="X">in</wf>
         <wf lemma="med" pos="X">med</wf>
         <wf lemma="vsemi" pos="X">vsemi</wf>
         <wf lemma="lokalnimi" pos="X">lokalnimi</wf>
         <wf lemma="skupnostmi" pos="X">skupnostmi</wf>
         <wf lemma="prepričljivo" pos="X">prepričljivo</wf>
         <wf lemma="zmagala" pos="X">zmagala</wf>
         <wf lemma="," pos="X">,</wf>
         <wf lemma="je" pos="X">je</wf>
         <wf lemma="povedal" pos="X">povedal</wf>
         <wf lemma="." pos="X">.</wf>
      </sentence>
      <sentence id="d000.s1327" source="wordnet-slovenian">
         <wf lemma="O" pos="X">O</wf>
         <wf lemma="primernem" pos="X">primernem</wf>
         <wf lemma="nadomestilu" pos="X">nadomestilu</wf>
         <wf lemma="," pos="X">,</wf>
         <wf lemma="o" pos="X">o</wf>
         <wf lemma="katerem" pos="X">katerem</wf>
         <wf lemma="govorijo" pos="X">govorijo</wf>
         <wf lemma="v" pos="X">v</wf>
         <wf lemma="Jatu" pos="X">Jatu</wf>
         <wf lemma="s" pos="X">s</wf>
         <wf lemma="komercialnim" pos="X">komercialnim</wf>
         <wf lemma="sporazumom" pos="X">sporazumom</wf>
         <wf lemma="naj" pos="X">naj</wf>
         <wf lemma="bi" pos="X">bi</wf>
         <wf lemma="Adria" pos="X">Adria</wf>
         <wf lemma="Jatu" pos="X">Jatu</wf>
         <wf lemma="plačevala" pos="X">plačevala</wf>
         <wf lemma="polete" pos="X">polete</wf>
         <wf lemma="v" pos="X">v</wf>
         <wf lemma="jugoslovansko" pos="X">jugoslovansko</wf>
         <wf lemma="prestolnico" pos="X">prestolnico</wf>
         <wf lemma="v" pos="X">v</wf>
         <wf lemma="slovenskem" pos="X">slovenskem</wf>
         <wf lemma="prevozniku" pos="X">prevozniku</wf>
         <wf lemma="ne" pos="X">ne</wf>
         <wf lemma="želijo" pos="X">želijo</wf>
         <wf lemma="nič" pos="X">nič</wf>
         <wf lemma="slišati" pos="X">slišati</wf>
         <wf lemma="in" pos="X">in</wf>
         <wf lemma="pravijo" pos="X">pravijo</wf>
         <wf lemma="," pos="X">,</wf>
         <wf lemma="da" pos="X">da</wf>
         <wf lemma="se" pos="X">se</wf>
         <wf lemma="takšne" pos="X">takšne</wf>
         <instance id="d000.s1327.t000" lemma="vrsta" pos="NOUN">vrste</instance>
         <wf lemma="povračilo" pos="X">povračilo</wf>
         <wf lemma="v" pos="X">v</wf>
         <wf lemma="Evropi" pos="X">Evropi</wf>
         <wf lemma="že" pos="X">že</wf>
         <wf lemma="dolgo" pos="X">dolgo</wf>
         <wf lemma="ne" pos="X">ne</wf>
         <wf lemma="uporablja" pos="X">uporablja</wf>
         <wf lemma="več" pos="X">več</wf>
         <wf lemma="in" pos="X">in</wf>
         <wf lemma="so" pos="X">so</wf>
         <wf lemma="ga" pos="X">ga</wf>
         <wf lemma="nadomestili" pos="X">nadomestili</wf>
         <wf lemma="recipročni" pos="X">recipročni</wf>
         <wf lemma="poleti" pos="X">poleti</wf>
         <wf lemma="." pos="X">.</wf>
      </sentence>
      <sentence id="d000.s1328" source="wordnet-slovenian">
         <wf lemma="Odločitev" pos="X">Odločitev</wf>
         <wf lemma="," pos="X">,</wf>
         <wf lemma="ki" pos="X">ki</wf>
         <wf lemma="so" pos="X">so</wf>
         <wf lemma="jo" pos="X">jo</wf>
         <wf lemma="sodniki" pos="X">sodniki</wf>
         <wf lemma="sprejeli" pos="X">sprejeli</wf>
         <wf lemma="že" pos="X">že</wf>
         <wf lemma="prejšnji" pos="X">prejšnji</wf>
         <instance id="d000.s1328.t000" lemma="mesec" pos="NOUN">mesec</instance>
         <wf lemma="," pos="X">,</wf>
         <wf lemma="za" pos="X">za</wf>
         <wf lemma="zdaj" pos="X">zdaj</wf>
         <wf lemma="še" pos="X">še</wf>
         <wf lemma="ni" pos="X">ni</wf>
         <wf lemma="pravnoveljavna" pos="X">pravnoveljavna</wf>
         <wf lemma="," pos="X">,</wf>
         <wf lemma="kajti" pos="X">kajti</wf>
         <wf lemma="generalovi" pos="X">generalovi</wf>
         <wf lemma="odvetniki" pos="X">odvetniki</wf>
         <wf lemma="so" pos="X">so</wf>
         <wf lemma="napovedali" pos="X">napovedali</wf>
         <wf lemma="," pos="X">,</wf>
         <wf lemma="da" pos="X">da</wf>
         <wf lemma="bodo" pos="X">bodo</wf>
         <wf lemma="vložili" pos="X">vložili</wf>
         <wf lemma="priziv" pos="X">priziv</wf>
         <wf lemma="na" pos="X">na</wf>
         <wf lemma="čilsko" pos="X">čilsko</wf>
         <wf lemma="vrhovno" pos="X">vrhovno</wf>
         <wf lemma="sodišče" pos="X">sodišče</wf>
         <wf lemma="." pos="X">.</wf>
      </sentence>
      <sentence id="d000.s1329" source="wordnet-slovenian">
         <wf lemma="Gre" pos="X">Gre</wf>
         <wf lemma="za" pos="X">za</wf>
         <wf lemma="zakon" pos="X">zakon</wf>
         <wf lemma="o" pos="X">o</wf>
         <wf lemma="ustavnem" pos="X">ustavnem</wf>
         <wf lemma="sodišču" pos="X">sodišču</wf>
         <wf lemma="," pos="X">,</wf>
         <wf lemma="o" pos="X">o</wf>
         <wf lemma="sodiščih" pos="X">sodiščih</wf>
         <wf lemma="," pos="X">,</wf>
         <wf lemma="o" pos="X">o</wf>
         <wf lemma="socialnih" pos="X">socialnih</wf>
         <wf lemma="in" pos="X">in</wf>
         <wf lemma="o" pos="X">o</wf>
         <wf lemma="delovnih" pos="X">delovnih</wf>
         <wf lemma="," pos="X">,</wf>
         <wf lemma="o" pos="X">o</wf>
         <wf lemma="državnem" pos="X">državnem</wf>
         <wf lemma="tožilstvu" pos="X">tožilstvu</wf>
         <wf lemma="," pos="X">,</wf>
         <wf lemma="o" pos="X">o</wf>
         <wf lemma="računskem" pos="X">računskem</wf>
         <wf lemma="sodišču" pos="X">sodišču</wf>
         <wf lemma="," pos="X">,</wf>
         <wf lemma="o" pos="X">o</wf>
         <wf lemma="varuhu" pos="X">varuhu</wf>
         <instance id="d000.s1329.t000" lemma="pravica" pos="NOUN">pravic</instance>
         <wf lemma="državljanov" pos="X">državljanov</wf>
         <wf lemma="," pos="X">,</wf>
         <wf lemma="o" pos="X">o</wf>
         <wf lemma="davčni" pos="X">davčni</wf>
         <wf lemma="zakonodaji" pos="X">zakonodaji</wf>
         <wf lemma="in" pos="X">in</wf>
         <wf lemma="drugo" pos="X">drugo</wf>
         <wf lemma="." pos="X">.</wf>
      </sentence>
      <sentence id="d000.s1330" source="wordnet-slovenian">
         <wf lemma="Evropski" pos="X">Evropski</wf>
         <wf lemma="prvak" pos="X">prvak</wf>
         <wf lemma="v" pos="X">v</wf>
         <wf lemma="kategoriji" pos="X">kategoriji</wf>
         <wf lemma="Masters" pos="X">Masters</wf>
         <wf lemma="Rob" pos="X">Rob</wf>
         <wf lemma="Costa" pos="X">Costa</wf>
         <wf lemma="je" pos="X">je</wf>
         <wf lemma="dejal" pos="X">dejal</wf>
         <wf lemma=":" pos="X">:</wf>
         <wf lemma="Strinjam" pos="X">Strinjam</wf>
         <wf lemma="se" pos="X">se</wf>
         <wf lemma="," pos="X">,</wf>
         <wf lemma="da" pos="X">da</wf>
         <wf lemma="je" pos="X">je</wf>
         <wf lemma="treba" pos="X">treba</wf>
         <wf lemma="skoke" pos="X">skoke</wf>
         <wf lemma="v" pos="X">v</wf>
         <instance id="d000.s1330.t000" lemma="voda" pos="NOUN">vodo</instance>
         <wf lemma="približati" pos="X">približati</wf>
         <wf lemma="ljudem" pos="X">ljudem</wf>
         <wf lemma="," pos="X">,</wf>
         <wf lemma="vendar" pos="X">vendar</wf>
         <wf lemma="bi" pos="X">bi</wf>
         <wf lemma="na" pos="X">na</wf>
         <wf lemma="tekmovanjih" pos="X">tekmovanjih</wf>
         <wf lemma="rad" pos="X">rad</wf>
         <wf lemma="videl" pos="X">videl</wf>
         <wf lemma="dovolj" pos="X">dovolj</wf>
         <wf lemma="visoke" pos="X">visoke</wf>
         <wf lemma="standarde" pos="X">standarde</wf>
         <wf lemma="." pos="X">.</wf>
      </sentence>
      <sentence id="d000.s1331" source="wordnet-slovenian">
         <wf lemma="O" pos="X">O</wf>
         <instance id="d000.s1331.t000" lemma="ženska" pos="NOUN">ženskah</instance>
         <wf lemma="na" pos="X">na</wf>
         <wf lemma="pomembnih" pos="X">pomembnih</wf>
         <wf lemma="položajih" pos="X">položajih</wf>
         <wf lemma="pa" pos="X">pa</wf>
         <wf lemma="pravi" pos="X">pravi</wf>
         <wf lemma=":" pos="X">:</wf>
         <wf lemma="&quot;" pos="X">&quot;</wf>
         <wf lemma="Še" pos="X">Še</wf>
         <wf lemma="zmeraj" pos="X">zmeraj</wf>
         <wf lemma="nam" pos="X">nam</wf>
         <wf lemma="je" pos="X">je</wf>
         <wf lemma="bistveno" pos="X">bistveno</wf>
         <wf lemma="težje" pos="X">težje</wf>
         <wf lemma="kot" pos="X">kot</wf>
         <wf lemma="moškim" pos="X">moškim</wf>
         <wf lemma="," pos="X">,</wf>
         <wf lemma="zaradi" pos="X">zaradi</wf>
         <wf lemma="tega" pos="X">tega</wf>
         <wf lemma="nas" pos="X">nas</wf>
         <wf lemma="je" pos="X">je</wf>
         <wf lemma="tako" pos="X">tako</wf>
         <wf lemma="malo" pos="X">malo</wf>
         <wf lemma="v" pos="X">v</wf>
         <wf lemma="politiki" pos="X">politiki</wf>
         <wf lemma="," pos="X">,</wf>
         <wf lemma="gospodarstvu" pos="X">gospodarstvu</wf>
         <wf lemma="," pos="X">,</wf>
         <wf lemma="javnem" pos="X">javnem</wf>
         <wf lemma="sektorju" pos="X">sektorju</wf>
         <wf lemma="." pos="X">.</wf>
         <wf lemma="." pos="X">.</wf>
         <wf lemma="." pos="X">.</wf>
      </sentence>
      <sentence id="d000.s1332" source="wordnet-slovenian">
         <wf lemma="Tako" pos="X">Tako</wf>
         <wf lemma="sta" pos="X">sta</wf>
         <wf lemma="oba" pos="X">oba</wf>
         <wf lemma="s" pos="X">s</wf>
         <instance id="d000.s1332.t000" lemma="klub" pos="NOUN">klubom</instance>
         <wf lemma="odpotovala" pos="X">odpotovala</wf>
         <wf lemma="na" pos="X">na</wf>
         <wf lemma="tekmo" pos="X">tekmo</wf>
         <wf lemma="v" pos="X">v</wf>
         <wf lemma="Philadelphio" pos="X">Philadelphio</wf>
         <wf lemma="." pos="X">.</wf>
      </sentence>
      <sentence id="d000.s1333" source="wordnet-slovenian">
         <wf lemma="To" pos="X">To</wf>
         <wf lemma="pomeni" pos="X">pomeni</wf>
         <wf lemma="," pos="X">,</wf>
         <wf lemma="da" pos="X">da</wf>
         <wf lemma="lahko" pos="X">lahko</wf>
         <wf lemma="kdorkoli" pos="X">kdorkoli</wf>
         <wf lemma="uporabi" pos="X">uporabi</wf>
         <wf lemma="," pos="X">,</wf>
         <wf lemma="denimo" pos="X">denimo</wf>
         <wf lemma="," pos="X">,</wf>
         <wf lemma="verz" pos="X">verz</wf>
         <wf lemma="iz" pos="X">iz</wf>
         <wf lemma="pesmi" pos="X">pesmi</wf>
         <wf lemma="," pos="X">,</wf>
         <wf lemma="napisane" pos="X">napisane</wf>
         <wf lemma="pred" pos="X">pred</wf>
         <wf lemma="več" pos="X">več</wf>
         <wf lemma="kot" pos="X">kot</wf>
         <wf lemma="70" pos="X">70</wf>
         <instance id="d000.s1333.t000" lemma="leto" pos="NOUN">leti</instance>
         <wf lemma="," pos="X">,</wf>
         <wf lemma="in" pos="X">in</wf>
         <wf lemma="ga" pos="X">ga</wf>
         <wf lemma="objavlja" pos="X">objavlja</wf>
         <wf lemma="," pos="X">,</wf>
         <wf lemma="ne" pos="X">ne</wf>
         <wf lemma="da" pos="X">da</wf>
         <wf lemma="bi" pos="X">bi</wf>
         <wf lemma="za" pos="X">za</wf>
         <wf lemma="to" pos="X">to</wf>
         <wf lemma="moral" pos="X">moral</wf>
         <wf lemma="dobiti" pos="X">dobiti</wf>
         <wf lemma="posebna" pos="X">posebna</wf>
         <wf lemma="dovoljenja" pos="X">dovoljenja</wf>
         <wf lemma="." pos="X">.</wf>
      </sentence>
      <sentence id="d000.s1334" source="wordnet-slovenian">
         <wf lemma="Na" pos="X">Na</wf>
         <wf lemma="vsakem" pos="X">vsakem</wf>
         <wf lemma="srečanju" pos="X">srečanju</wf>
         <wf lemma="želimo" pos="X">želimo</wf>
         <wf lemma="v" pos="X">v</wf>
         <wf lemma="delavnice" pos="X">delavnice</wf>
         <wf lemma="vključiti" pos="X">vključiti</wf>
         <wf lemma="tudi" pos="X">tudi</wf>
         <wf lemma="nekaj" pos="X">nekaj</wf>
         <wf lemma="taborniškega" pos="X">taborniškega</wf>
         <wf lemma="," pos="X">,</wf>
         <wf lemma="med" pos="X">med</wf>
         <wf lemma="drugim" pos="X">drugim</wf>
         <wf lemma="smo" pos="X">smo</wf>
         <wf lemma="se" pos="X">se</wf>
         <wf lemma="učili" pos="X">učili</wf>
         <wf lemma="delati" pos="X">delati</wf>
         <wf lemma="taborniške" pos="X">taborniške</wf>
         <wf lemma="vozle" pos="X">vozle</wf>
         <wf lemma="(" pos="X">(</wf>
         <wf lemma="slika" pos="X">slika</wf>
         <wf lemma="zgoraj" pos="X">zgoraj</wf>
         <wf lemma=")" pos="X">)</wf>
         <wf lemma="kljub" pos="X">kljub</wf>
         <wf lemma="temu" pos="X">temu</wf>
         <wf lemma="," pos="X">,</wf>
         <wf lemma="da" pos="X">da</wf>
         <wf lemma="je" pos="X">je</wf>
         <wf lemma="letos" pos="X">letos</wf>
         <wf lemma="poudarek" pos="X">poudarek</wf>
         <wf lemma="na" pos="X">na</wf>
         <wf lemma="otrokovih" pos="X">otrokovih</wf>
         <instance id="d000.s1334.t000" lemma="pravica" pos="NOUN">pravicah</instance>
         <wf lemma="," pos="X">,</wf>
         <wf lemma="je" pos="X">je</wf>
         <wf lemma="povedala" pos="X">povedala</wf>
         <wf lemma="vodja" pos="X">vodja</wf>
         <wf lemma="projekta" pos="X">projekta</wf>
         <wf lemma="Mateja" pos="X">Mateja</wf>
         <wf lemma="Klep" pos="X">Klep</wf>
         <wf lemma="iz" pos="X">iz</wf>
         <wf lemma="roda" pos="X">roda</wf>
         <wf lemma="Dobra" pos="X">Dobra</wf>
         <wf lemma="volja" pos="X">volja</wf>
         <wf lemma="." pos="X">.</wf>
      </sentence>
      <sentence id="d000.s1335" source="wordnet-slovenian">
         <wf lemma="Jeseni" pos="X">Jeseni</wf>
         <wf lemma="1971" pos="X">1971</wf>
         <wf lemma="se" pos="X">se</wf>
         <wf lemma="je" pos="X">je</wf>
         <wf lemma="začel" pos="X">začel</wf>
         <wf lemma="redni" pos="X">redni</wf>
         <wf lemma="študij" pos="X">študij</wf>
         <wf lemma="živilske" pos="X">živilske</wf>
         <wf lemma="tehnologije" pos="X">tehnologije</wf>
         <wf lemma="kot" pos="X">kot</wf>
         <wf lemma="smer" pos="X">smer</wf>
         <wf lemma="agronomskega" pos="X">agronomskega</wf>
         <wf lemma="oddelka" pos="X">oddelka</wf>
         <wf lemma="in" pos="X">in</wf>
         <instance id="d000.s1335.t000" lemma="leto" pos="NOUN">leta</instance>
         <wf lemma="1965" pos="X">1965</wf>
         <wf lemma="kot" pos="X">kot</wf>
         <wf lemma="samostojen" pos="X">samostojen</wf>
         <wf lemma="študij" pos="X">študij</wf>
         <wf lemma="živilstva" pos="X">živilstva</wf>
         <wf lemma="." pos="X">.</wf>
      </sentence>
      <sentence id="d000.s1336" source="wordnet-slovenian">
         <wf lemma="Ko" pos="X">Ko</wf>
         <wf lemma="bo" pos="X">bo</wf>
         <wf lemma="zakon" pos="X">zakon</wf>
         <wf lemma="o" pos="X">o</wf>
         <instance id="d000.s1336.t000" lemma="družba" pos="NOUN">družbah</instance>
         <wf lemma="," pos="X">,</wf>
         <wf lemma="prepričani" pos="X">prepričani</wf>
         <wf lemma="smo" pos="X">smo</wf>
         <wf lemma="," pos="X">,</wf>
         <wf lemma="da" pos="X">da</wf>
         <wf lemma="bo" pos="X">bo</wf>
         <wf lemma="sprejet" pos="X">sprejet</wf>
         <wf lemma="," pos="X">,</wf>
         <wf lemma="sprejet" pos="X">sprejet</wf>
         <wf lemma="," pos="X">,</wf>
         <wf lemma="se" pos="X">se</wf>
         <wf lemma="bo" pos="X">bo</wf>
         <wf lemma="pravo" pos="X">pravo</wf>
         <wf lemma="delo" pos="X">delo</wf>
         <wf lemma="šele" pos="X">šele</wf>
         <wf lemma="začelo" pos="X">začelo</wf>
         <wf lemma="." pos="X">.</wf>
      </sentence>
      <sentence id="d000.s1337" source="wordnet-slovenian">
         <wf lemma="Do" pos="X">Do</wf>
         <instance id="d000.s1337.t000" lemma="konec" pos="NOUN">konca</instance>
         <wf lemma="sezone" pos="X">sezone</wf>
         <wf lemma="bo" pos="X">bo</wf>
         <wf lemma="še" pos="X">še</wf>
         <wf lemma="nekaj" pos="X">nekaj</wf>
         <wf lemma="močnih" pos="X">močnih</wf>
         <wf lemma="dirk" pos="X">dirk</wf>
         <wf lemma="." pos="X">.</wf>
      </sentence>
      <sentence id="d000.s1338" source="wordnet-slovenian">
         <wf lemma="Telefoniral" pos="X">Telefoniral</wf>
         <wf lemma="sem" pos="X">sem</wf>
         <wf lemma="mu" pos="X">mu</wf>
         <wf lemma="," pos="X">,</wf>
         <wf lemma="se" pos="X">se</wf>
         <wf lemma="dobil" pos="X">dobil</wf>
         <wf lemma="z" pos="X">z</wf>
         <wf lemma="njim" pos="X">njim</wf>
         <wf lemma="in" pos="X">in</wf>
         <wf lemma="tako" pos="X">tako</wf>
         <wf lemma="je" pos="X">je</wf>
         <wf lemma="nastal" pos="X">nastal</wf>
         <wf lemma="ta" pos="X">ta</wf>
         <instance id="d000.s1338.t000" lemma="film" pos="NOUN">film</instance>
         <wf lemma="." pos="X">.</wf>
      </sentence>
      <sentence id="d000.s1339" source="wordnet-slovenian">
         <wf lemma="Plavuti" pos="X">Plavuti</wf>
         <wf lemma="so" pos="X">so</wf>
         <wf lemma="razporejene" pos="X">razporejene</wf>
         <wf lemma="podobno" pos="X">podobno</wf>
         <wf lemma="kot" pos="X">kot</wf>
         <wf lemma="pri" pos="X">pri</wf>
         <wf lemma="altlantskih" pos="X">altlantskih</wf>
         <wf lemma="sledeh" pos="X">sledeh</wf>
         <wf lemma=";" pos="X">;</wf>
         <wf lemma="hrbtna" pos="X">hrbtna</wf>
         <wf lemma="plavut" pos="X">plavut</wf>
         <wf lemma="leži" pos="X">leži</wf>
         <wf lemma="sredi" pos="X">sredi</wf>
         <instance id="d000.s1339.t000" lemma="telo" pos="NOUN">telesa</instance>
         <wf lemma="," pos="X">,</wf>
         <wf lemma="tolščenke" pos="X">tolščenke</wf>
         <wf lemma="nima" pos="X">nima</wf>
         <wf lemma=";" pos="X">;</wf>
         <wf lemma="trebušni" pos="X">trebušni</wf>
         <wf lemma="plavuti" pos="X">plavuti</wf>
         <wf lemma="sta" pos="X">sta</wf>
         <wf lemma="na" pos="X">na</wf>
         <wf lemma="sredini" pos="X">sredini</wf>
         <wf lemma="med" pos="X">med</wf>
         <wf lemma="gobcem" pos="X">gobcem</wf>
         <wf lemma="in" pos="X">in</wf>
         <wf lemma="repom" pos="X">repom</wf>
         <wf lemma=";" pos="X">;</wf>
         <wf lemma="repna" pos="X">repna</wf>
         <wf lemma="plavut" pos="X">plavut</wf>
         <wf lemma="je" pos="X">je</wf>
         <wf lemma="razcepljena" pos="X">razcepljena</wf>
         <wf lemma="." pos="X">.</wf>
      </sentence>
      <sentence id="d000.s1340" source="wordnet-slovenian">
         <wf lemma="V" pos="X">V</wf>
         <wf lemma="soboto" pos="X">soboto</wf>
         <wf lemma="je" pos="X">je</wf>
         <wf lemma="SLS" pos="X">SLS</wf>
         <wf lemma="," pos="X">,</wf>
         <wf lemma="ki" pos="X">ki</wf>
         <wf lemma="se" pos="X">se</wf>
         <wf lemma="šteje" pos="X">šteje</wf>
         <wf lemma="za" pos="X">za</wf>
         <wf lemma="naslednico" pos="X">naslednico</wf>
         <wf lemma="zgodovinske" pos="X">zgodovinske</wf>
         <wf lemma="Slovenske" pos="X">Slovenske</wf>
         <wf lemma="ljudske" pos="X">ljudske</wf>
         <instance id="d000.s1340.t000" lemma="stranka" pos="NOUN">stranke</instance>
         <wf lemma="," pos="X">,</wf>
         <wf lemma="s" pos="X">s</wf>
         <wf lemma="slavnostno" pos="X">slavnostno</wf>
         <wf lemma="akademijo" pos="X">akademijo</wf>
         <wf lemma="v" pos="X">v</wf>
         <wf lemma="Koloseju" pos="X">Koloseju</wf>
         <wf lemma="proslavila" pos="X">proslavila</wf>
         <wf lemma="svojo" pos="X">svojo</wf>
         <wf lemma="110." pos="X">110.</wf>
         <wf lemma="obletnico" pos="X">obletnico</wf>
         <wf lemma="." pos="X">.</wf>
      </sentence>
      <sentence id="d000.s1341" source="wordnet-slovenian">
         <wf lemma="Nekaj" pos="X">Nekaj</wf>
         <wf lemma="pozitivnega" pos="X">pozitivnega</wf>
         <wf lemma="presenečenja" pos="X">presenečenja</wf>
         <wf lemma="je" pos="X">je</wf>
         <wf lemma="na" pos="X">na</wf>
         <wf lemma="evropske" pos="X">evropske</wf>
         <instance id="d000.s1341.t000" lemma="trg" pos="NOUN">trge</instance>
         <wf lemma="v" pos="X">v</wf>
         <wf lemma="četrtek" pos="X">četrtek</wf>
         <wf lemma="prinesla" pos="X">prinesla</wf>
         <wf lemma="Nokia" pos="X">Nokia</wf>
         <wf lemma="," pos="X">,</wf>
         <wf lemma="ki" pos="X">ki</wf>
         <wf lemma="je" pos="X">je</wf>
         <wf lemma="v" pos="X">v</wf>
         <wf lemma="tretjem" pos="X">tretjem</wf>
         <wf lemma="četrtletju" pos="X">četrtletju</wf>
         <wf lemma="povečala" pos="X">povečala</wf>
         <wf lemma="dobiček" pos="X">dobiček</wf>
         <wf lemma="za" pos="X">za</wf>
         <wf lemma="43" pos="X">43</wf>
         <wf lemma="odstotkov" pos="X">odstotkov</wf>
         <wf lemma="in" pos="X">in</wf>
         <wf lemma="s" pos="X">s</wf>
         <wf lemma="tem" pos="X">tem</wf>
         <wf lemma="precej" pos="X">precej</wf>
         <wf lemma="presegla" pos="X">presegla</wf>
         <wf lemma="pričakovanja" pos="X">pričakovanja</wf>
         <wf lemma="analitikov" pos="X">analitikov</wf>
         <wf lemma="." pos="X">.</wf>
      </sentence>
      <sentence id="d000.s1342" source="wordnet-slovenian">
         <wf lemma="Zaradi" pos="X">Zaradi</wf>
         <wf lemma="nizkih" pos="X">nizkih</wf>
         <wf lemma="plač" pos="X">plač</wf>
         <wf lemma="v" pos="X">v</wf>
         <wf lemma="Sloveniji" pos="X">Sloveniji</wf>
         <wf lemma="bi" pos="X">bi</wf>
         <wf lemma="namreč" pos="X">namreč</wf>
         <wf lemma="na" pos="X">na</wf>
         <wf lemma="Koroško" pos="X">Koroško</wf>
         <wf lemma="prihajala" pos="X">prihajala</wf>
         <wf lemma="poceni" pos="X">poceni</wf>
         <wf lemma="delovna" pos="X">delovna</wf>
         <wf lemma="sila" pos="X">sila</wf>
         <wf lemma="in" pos="X">in</wf>
         <wf lemma="tamkajšnji" pos="X">tamkajšnji</wf>
         <instance id="d000.s1342.t000" lemma="človek" pos="NOUN">ljudje</instance>
         <wf lemma="bi" pos="X">bi</wf>
         <wf lemma="izgubljali" pos="X">izgubljali</wf>
         <wf lemma="delo" pos="X">delo</wf>
         <wf lemma="." pos="X">.</wf>
      </sentence>
      <sentence id="d000.s1343" source="wordnet-slovenian">
         <wf lemma="Zvezo" pos="X">Zvezo</wf>
         <wf lemma="komunistov" pos="X">komunistov</wf>
         <wf lemma="so" pos="X">so</wf>
         <wf lemma="že" pos="X">že</wf>
         <wf lemma="zgodaj" pos="X">zgodaj</wf>
         <wf lemma="," pos="X">,</wf>
         <wf lemma="kmalu" pos="X">kmalu</wf>
         <wf lemma="po" pos="X">po</wf>
         <instance id="d000.s1343.t000" lemma="vojna" pos="NOUN">vojni</instance>
         <wf lemma="," pos="X">,</wf>
         <wf lemma="zapuščali" pos="X">zapuščali</wf>
         <wf lemma="najbolj" pos="X">najbolj</wf>
         <wf lemma="premeteni" pos="X">premeteni</wf>
         <wf lemma="," pos="X">,</wf>
         <wf lemma="ki" pos="X">ki</wf>
         <wf lemma="so" pos="X">so</wf>
         <wf lemma="potem" pos="X">potem</wf>
         <wf lemma="navadno" pos="X">navadno</wf>
         <wf lemma="končali" pos="X">končali</wf>
         <wf lemma="kot" pos="X">kot</wf>
         <wf lemma="direktorji" pos="X">direktorji</wf>
         <wf lemma="uspešnih" pos="X">uspešnih</wf>
         <wf lemma="podjetij" pos="X">podjetij</wf>
         <wf lemma="." pos="X">.</wf>
      </sentence>
      <sentence id="d000.s1344" source="wordnet-slovenian">
         <wf lemma="Že" pos="X">Že</wf>
         <wf lemma="po" pos="X">po</wf>
         <wf lemma="prvih" pos="X">prvih</wf>
         <wf lemma="odzivih" pos="X">odzivih</wf>
         <wf lemma="nekaterih" pos="X">nekaterih</wf>
         <wf lemma="poslancev" pos="X">poslancev</wf>
         <wf lemma="je" pos="X">je</wf>
         <wf lemma="jasno" pos="X">jasno</wf>
         <wf lemma="," pos="X">,</wf>
         <wf lemma="da" pos="X">da</wf>
         <wf lemma="razprave" pos="X">razprave</wf>
         <wf lemma="o" pos="X">o</wf>
         <wf lemma="preoblikovanju" pos="X">preoblikovanju</wf>
         <wf lemma="PCP" pos="X">PCP</wf>
         <wf lemma="v" pos="X">v</wf>
         <wf lemma="parlamentu" pos="X">parlamentu</wf>
         <wf lemma="ne" pos="X">ne</wf>
         <wf lemma="bodo" pos="X">bodo</wf>
         <wf lemma="nič" pos="X">nič</wf>
         <wf lemma="manj" pos="X">manj</wf>
         <wf lemma="burne" pos="X">burne</wf>
         <wf lemma="," pos="X">,</wf>
         <wf lemma="kot" pos="X">kot</wf>
         <wf lemma="so" pos="X">so</wf>
         <wf lemma="bile" pos="X">bile</wf>
         <wf lemma="doslej" pos="X">doslej</wf>
         <wf lemma="zunaj" pos="X">zunaj</wf>
         <wf lemma="njega" pos="X">njega</wf>
         <wf lemma="," pos="X">,</wf>
         <wf lemma="in" pos="X">in</wf>
         <wf lemma="da" pos="X">da</wf>
         <wf lemma="je" pos="X">je</wf>
         <wf lemma="uresničitev" pos="X">uresničitev</wf>
         <instance id="d000.s1344.t000" lemma="program" pos="NOUN">programa</instance>
         <wf lemma="še" pos="X">še</wf>
         <wf lemma="zelo" pos="X">zelo</wf>
         <wf lemma="vprašljiva" pos="X">vprašljiva</wf>
         <wf lemma="." pos="X">.</wf>
      </sentence>
      <sentence id="d000.s1345" source="wordnet-slovenian">
         <instance id="d000.s1345.t000" lemma="denar" pos="NOUN">Denar</instance>
         <wf lemma="je" pos="X">je</wf>
         <wf lemma="pogoltnil" pos="X">pogoltnil</wf>
         <wf lemma="in" pos="X">in</wf>
         <wf lemma="ga" pos="X">ga</wf>
         <wf lemma="pretihotapil" pos="X">pretihotapil</wf>
         <wf lemma="čez" pos="X">čez</wf>
         <wf lemma="mejo" pos="X">mejo</wf>
         <wf lemma="v" pos="X">v</wf>
         <wf lemma="Bagdad" pos="X">Bagdad</wf>
         <wf lemma="." pos="X">.</wf>
      </sentence>
      <sentence id="d000.s1346" source="wordnet-slovenian">
         <wf lemma="Toda" pos="X">Toda</wf>
         <wf lemma="v" pos="X">v</wf>
         <wf lemma="minulih" pos="X">minulih</wf>
         <wf lemma="dveh" pos="X">dveh</wf>
         <wf lemma="tednih" pos="X">tednih</wf>
         <wf lemma="smo" pos="X">smo</wf>
         <wf lemma="," pos="X">,</wf>
         <wf lemma="res" pos="X">res</wf>
         <wf lemma="ne" pos="X">ne</wf>
         <wf lemma="pretirano" pos="X">pretirano</wf>
         <wf lemma="javno" pos="X">javno</wf>
         <wf lemma="," pos="X">,</wf>
         <wf lemma="pripravljali" pos="X">pripravljali</wf>
         <wf lemma="ukrepe" pos="X">ukrepe</wf>
         <wf lemma="," pos="X">,</wf>
         <wf lemma="ki" pos="X">ki</wf>
         <wf lemma="jih" pos="X">jih</wf>
         <wf lemma="je" pos="X">je</wf>
         <instance id="d000.s1346.t000" lemma="vlada" pos="NOUN">vlada</instance>
         <wf lemma="zdaj" pos="X">zdaj</wf>
         <wf lemma="sprejela" pos="X">sprejela</wf>
         <wf lemma="." pos="X">.</wf>
      </sentence>
      <sentence id="d000.s1347" source="wordnet-slovenian">
         <instance id="d000.s1347.t000" lemma="otrok" pos="NOUN">Otrokoma</instance>
         <wf lemma="pa" pos="X">pa</wf>
         <wf lemma="to" pos="X">to</wf>
         <wf lemma="ni" pos="X">ni</wf>
         <wf lemma="prav" pos="X">prav</wf>
         <wf lemma="nič" pos="X">nič</wf>
         <wf lemma="všeč" pos="X">všeč</wf>
         <wf lemma="." pos="X">.</wf>
      </sentence>
      <sentence id="d000.s1348" source="wordnet-slovenian">
         <wf lemma="Poleg" pos="X">Poleg</wf>
         <wf lemma="diete" pos="X">diete</wf>
         <wf lemma="in" pos="X">in</wf>
         <wf lemma="zdravega" pos="X">zdravega</wf>
         <instance id="d000.s1348.t000" lemma="način" pos="NOUN">načina</instance>
         <wf lemma="življenja" pos="X">življenja</wf>
         <wf lemma="k" pos="X">k</wf>
         <wf lemma="zniževanju" pos="X">zniževanju</wf>
         <wf lemma="vrednosti" pos="X">vrednosti</wf>
         <wf lemma="zlasti" pos="X">zlasti</wf>
         <wf lemma="slabega" pos="X">slabega</wf>
         <wf lemma="holesterola" pos="X">holesterola</wf>
         <wf lemma="zelo" pos="X">zelo</wf>
         <wf lemma="pripomorejo" pos="X">pripomorejo</wf>
         <wf lemma="tudi" pos="X">tudi</wf>
         <wf lemma="zdravila" pos="X">zdravila</wf>
         <wf lemma="satini" pos="X">satini</wf>
         <wf lemma="." pos="X">.</wf>
      </sentence>
      <sentence id="d000.s1349" source="wordnet-slovenian">
         <wf lemma="Z" pos="X">Z</wf>
         <wf lemma="uvedbo" pos="X">uvedbo</wf>
         <wf lemma="alternativnega" pos="X">alternativnega</wf>
         <wf lemma="zdravljenja" pos="X">zdravljenja</wf>
         <wf lemma="pa" pos="X">pa</wf>
         <wf lemma="bi" pos="X">bi</wf>
         <wf lemma="bili" pos="X">bili</wf>
         <wf lemma="mnogi" pos="X">mnogi</wf>
         <wf lemma="zdravniki" pos="X">zdravniki</wf>
         <wf lemma="razbremenjeni" pos="X">razbremenjeni</wf>
         <wf lemma="," pos="X">,</wf>
         <wf lemma="saj" pos="X">saj</wf>
         <wf lemma="so" pos="X">so</wf>
         <wf lemma="tudi" pos="X">tudi</wf>
         <wf lemma="oni" pos="X">oni</wf>
         <wf lemma="samo" pos="X">samo</wf>
         <wf lemma="ljudje" pos="X">ljudje</wf>
         <wf lemma="z" pos="X">z</wf>
         <wf lemma="dobrimi" pos="X">dobrimi</wf>
         <wf lemma="in" pos="X">in</wf>
         <wf lemma="slabimi" pos="X">slabimi</wf>
         <instance id="d000.s1349.t000" lemma="dan" pos="NOUN">dnevi</instance>
         <wf lemma="." pos="X">.</wf>
      </sentence>
      <sentence id="d000.s1350" source="wordnet-slovenian">
         <wf lemma="Z" pos="X">Z</wf>
         <wf lemma="vsako" pos="X">vsako</wf>
         <instance id="d000.s1350.t000" lemma="minuta" pos="NOUN">minuto</instance>
         <wf lemma="so" pos="X">so</wf>
         <wf lemma="sence" pos="X">sence</wf>
         <wf lemma="po" pos="X">po</wf>
         <wf lemma="navpičnih" pos="X">navpičnih</wf>
         <wf lemma="stenah" pos="X">stenah</wf>
         <wf lemma="priplezale" pos="X">priplezale</wf>
         <wf lemma="nekaj" pos="X">nekaj</wf>
         <wf lemma="metrov" pos="X">metrov</wf>
         <wf lemma="višje" pos="X">višje</wf>
         <wf lemma="." pos="X">.</wf>
      </sentence>
      <sentence id="d000.s1351" source="wordnet-slovenian">
         <wf lemma="Na" pos="X">Na</wf>
         <wf lemma="Hrvaškem" pos="X">Hrvaškem</wf>
         <wf lemma="," pos="X">,</wf>
         <wf lemma="v" pos="X">v</wf>
         <wf lemma="Bosni" pos="X">Bosni</wf>
         <wf lemma="in" pos="X">in</wf>
         <wf lemma="na" pos="X">na</wf>
         <wf lemma="Madžarskem" pos="X">Madžarskem</wf>
         <wf lemma="bo" pos="X">bo</wf>
         <wf lemma="že" pos="X">že</wf>
         <wf lemma="v" pos="X">v</wf>
         <wf lemma="prihodnjem" pos="X">prihodnjem</wf>
         <instance id="d000.s1351.t000" lemma="leto" pos="NOUN">letu</instance>
         <wf lemma="odkupil" pos="X">odkupil</wf>
         <wf lemma="petino" pos="X">petino</wf>
         <wf lemma="potrebnega" pos="X">potrebnega</wf>
         <wf lemma="kostanja" pos="X">kostanja</wf>
         <wf lemma="." pos="X">.</wf>
      </sentence>
      <sentence id="d000.s1352" source="wordnet-slovenian">
         <wf lemma="Pojem" pos="X">Pojem</wf>
         <wf lemma="četnika" pos="X">četnika</wf>
         <wf lemma="je" pos="X">je</wf>
         <wf lemma="najverjetneje" pos="X">najverjetneje</wf>
         <wf lemma="izkrivljena" pos="X">izkrivljena</wf>
         <wf lemma="slika" pos="X">slika</wf>
         <wf lemma="ali" pos="X">ali</wf>
         <wf lemma="pa" pos="X">pa</wf>
         <wf lemma="se" pos="X">se</wf>
         <wf lemma="ne" pos="X">ne</wf>
         <wf lemma="ve" pos="X">ve</wf>
         <wf lemma="," pos="X">,</wf>
         <wf lemma="kakšna" pos="X">kakšna</wf>
         <wf lemma="je" pos="X">je</wf>
         <wf lemma="bila" pos="X">bila</wf>
         <instance id="d000.s1352.t000" lemma="vloga" pos="NOUN">vloga</instance>
         <wf lemma="četnikov" pos="X">četnikov</wf>
         <wf lemma="med" pos="X">med</wf>
         <wf lemma="narodnoosvobodilnim" pos="X">narodnoosvobodilnim</wf>
         <wf lemma="bojem" pos="X">bojem</wf>
         <wf lemma="pri" pos="X">pri</wf>
         <wf lemma="nas" pos="X">nas</wf>
         <wf lemma="." pos="X">.</wf>
      </sentence>
      <sentence id="d000.s1353" source="wordnet-slovenian">
         <wf lemma="Oblasti" pos="X">Oblasti</wf>
         <wf lemma="v" pos="X">v</wf>
         <wf lemma="Šanghaju" pos="X">Šanghaju</wf>
         <wf lemma="," pos="X">,</wf>
         <wf lemma="enem" pos="X">enem</wf>
         <wf lemma="največjih" pos="X">največjih</wf>
         <wf lemma="mest" pos="X">mest</wf>
         <wf lemma="na" pos="X">na</wf>
         <wf lemma="Kitajskem" pos="X">Kitajskem</wf>
         <wf lemma="," pos="X">,</wf>
         <wf lemma="so" pos="X">so</wf>
         <wf lemma="se" pos="X">se</wf>
         <wf lemma="zelo" pos="X">zelo</wf>
         <wf lemma="resno" pos="X">resno</wf>
         <wf lemma="zavzele" pos="X">zavzele</wf>
         <wf lemma="za" pos="X">za</wf>
         <wf lemma="izboljšanje" pos="X">izboljšanje</wf>
         <wf lemma="podobe" pos="X">podobe</wf>
         <wf lemma="mesta" pos="X">mesta</wf>
         <wf lemma="in" pos="X">in</wf>
         <wf lemma="v" pos="X">v</wf>
         <wf lemma="ta" pos="X">ta</wf>
         <wf lemma="namen" pos="X">namen</wf>
         <wf lemma="sprejele" pos="X">sprejele</wf>
         <wf lemma="celo" pos="X">celo</wf>
         <instance id="d000.s1353.t000" lemma="vrsta" pos="NOUN">vrsto</instance>
         <wf lemma="ukrepov" pos="X">ukrepov</wf>
         <wf lemma="." pos="X">.</wf>
      </sentence>
      <sentence id="d000.s1354" source="wordnet-slovenian">
         <wf lemma="Letos" pos="X">Letos</wf>
         <wf lemma="načrtujemo" pos="X">načrtujemo</wf>
         <wf lemma="odprtje" pos="X">odprtje</wf>
         <wf lemma="samostojne" pos="X">samostojne</wf>
         <wf lemma="pisarne" pos="X">pisarne</wf>
         <wf lemma="ter" pos="X">ter</wf>
         <wf lemma="uvedbo" pos="X">uvedbo</wf>
         <wf lemma="dežurstva" pos="X">dežurstva</wf>
         <wf lemma="za" pos="X">za</wf>
         <wf lemma="potrebe" pos="X">potrebe</wf>
         <wf lemma="članstva" pos="X">članstva</wf>
         <wf lemma="in" pos="X">in</wf>
         <wf lemma="sploh" pos="X">sploh</wf>
         <wf lemma="bolnikov" pos="X">bolnikov</wf>
         <wf lemma="s" pos="X">s</wf>
         <wf lemma="sladkorno" pos="X">sladkorno</wf>
         <wf lemma="boleznijo" pos="X">boleznijo</wf>
         <wf lemma="," pos="X">,</wf>
         <wf lemma="je" pos="X">je</wf>
         <wf lemma="povedal" pos="X">povedal</wf>
         <wf lemma="predsednik" pos="X">predsednik</wf>
         <wf lemma="društva" pos="X">društva</wf>
         <wf lemma="," pos="X">,</wf>
         <wf lemma="ki" pos="X">ki</wf>
         <wf lemma="so" pos="X">so</wf>
         <wf lemma="ga" pos="X">ga</wf>
         <wf lemma="ustanovili" pos="X">ustanovili</wf>
         <instance id="d000.s1354.t000" lemma="leto" pos="NOUN">leta</instance>
         <wf lemma="1976" pos="X">1976</wf>
         <wf lemma="." pos="X">.</wf>
      </sentence>
      <sentence id="d000.s1355" source="wordnet-slovenian">
         <wf lemma="Prednost" pos="X">Prednost</wf>
         <wf lemma="kompatibilnostnega" pos="X">kompatibilnostnega</wf>
         <wf lemma="pred" pos="X">pred</wf>
         <wf lemma="načinom" pos="X">načinom</wf>
         <wf lemma="»" pos="X">»</wf>
         <wf lemma="legacy" pos="X">legacy</wf>
         <wf lemma="«" pos="X">«</wf>
         <wf lemma="je" pos="X">je</wf>
         <wf lemma="predvsem" pos="X">predvsem</wf>
         <wf lemma="v" pos="X">v</wf>
         <instance id="d000.s1355.t000" lemma="uporaba" pos="NOUN">uporabi</instance>
         <wf lemma="vseh" pos="X">vseh</wf>
         <wf lemma="4" pos="X">4</wf>
         <wf lemma="GB" pos="X">GB</wf>
         <wf lemma="pomnilnika" pos="X">pomnilnika</wf>
         <wf lemma="za" pos="X">za</wf>
         <wf lemma="namen" pos="X">namen</wf>
         <wf lemma="določenega" pos="X">določenega</wf>
         <wf lemma="procesa" pos="X">procesa</wf>
         <wf lemma="(" pos="X">(</wf>
         <wf lemma="pri" pos="X">pri</wf>
         <wf lemma="32" pos="X">32</wf>
         <wf lemma="-" pos="X">-</wf>
         <wf lemma="bitnih" pos="X">bitnih</wf>
         <wf lemma="aplikacijah" pos="X">aplikacijah</wf>
         <wf lemma="obstaja" pos="X">obstaja</wf>
         <wf lemma="2" pos="X">2</wf>
         <wf lemma="GB" pos="X">GB</wf>
         <wf lemma="omejitev" pos="X">omejitev</wf>
         <wf lemma="," pos="X">,</wf>
         <wf lemma="preostala" pos="X">preostala</wf>
         <wf lemma="2" pos="X">2</wf>
         <wf lemma="GB" pos="X">GB</wf>
         <wf lemma="pa" pos="X">pa</wf>
         <wf lemma="sta" pos="X">sta</wf>
         <wf lemma="namenjena" pos="X">namenjena</wf>
         <wf lemma="operacijskemu" pos="X">operacijskemu</wf>
         <wf lemma="sistemu" pos="X">sistemu</wf>
         <wf lemma=")" pos="X">)</wf>
         <wf lemma="." pos="X">.</wf>
      </sentence>
      <sentence id="d000.s1356" source="wordnet-slovenian">
         <wf lemma="Na" pos="X">Na</wf>
         <wf lemma="moje" pos="X">moje</wf>
         <wf lemma="poizvedovanje" pos="X">poizvedovanje</wf>
         <wf lemma="o" pos="X">o</wf>
         <wf lemma="vprašanju" pos="X">vprašanju</wf>
         <wf lemma="," pos="X">,</wf>
         <wf lemma="ali" pos="X">ali</wf>
         <wf lemma="se" pos="X">se</wf>
         <wf lemma="je" pos="X">je</wf>
         <wf lemma="slovenski" pos="X">slovenski</wf>
         <instance id="d000.s1356.t000" lemma="zakon" pos="NOUN">zakon</instance>
         <wf lemma="znašel" pos="X">znašel</wf>
         <wf lemma="znotraj" pos="X">znotraj</wf>
         <wf lemma="evropskega" pos="X">evropskega</wf>
         <wf lemma="modela" pos="X">modela</wf>
         <wf lemma="slučajno" pos="X">slučajno</wf>
         <wf lemma="ali" pos="X">ali</wf>
         <wf lemma="načrtno" pos="X">načrtno</wf>
         <wf lemma="," pos="X">,</wf>
         <wf lemma="sem" pos="X">sem</wf>
         <wf lemma="v" pos="X">v</wf>
         <wf lemma="strokovnih" pos="X">strokovnih</wf>
         <wf lemma="krogih" pos="X">krogih</wf>
         <wf lemma="resornega" pos="X">resornega</wf>
         <wf lemma="ministrstva" pos="X">ministrstva</wf>
         <wf lemma="dobil" pos="X">dobil</wf>
         <wf lemma="odgovor" pos="X">odgovor</wf>
         <wf lemma="," pos="X">,</wf>
         <wf lemma="da" pos="X">da</wf>
         <wf lemma="je" pos="X">je</wf>
         <wf lemma="šlo" pos="X">šlo</wf>
         <wf lemma="za" pos="X">za</wf>
         <wf lemma="zavestno" pos="X">zavestno</wf>
         <wf lemma="prilagajanje" pos="X">prilagajanje</wf>
         <wf lemma="evropskim" pos="X">evropskim</wf>
         <wf lemma="merilom" pos="X">merilom</wf>
         <wf lemma="in" pos="X">in</wf>
         <wf lemma="načelom" pos="X">načelom</wf>
         <wf lemma="iz" pos="X">iz</wf>
         <wf lemma="Magne" pos="X">Magne</wf>
         <wf lemma="Charte" pos="X">Charte</wf>
         <wf lemma="," pos="X">,</wf>
         <wf lemma="ki" pos="X">ki</wf>
         <wf lemma="so" pos="X">so</wf>
         <wf lemma="jo" pos="X">jo</wf>
         <wf lemma="rektorji" pos="X">rektorji</wf>
         <wf lemma="evropskih" pos="X">evropskih</wf>
         <wf lemma="univerz" pos="X">univerz</wf>
         <wf lemma="podpisali" pos="X">podpisali</wf>
         <wf lemma="v" pos="X">v</wf>
         <wf lemma="Bologni" pos="X">Bologni</wf>
         <wf lemma="18." pos="X">18.</wf>
         <wf lemma="septembra" pos="X">septembra</wf>
         <wf lemma="1988" pos="X">1988</wf>
         <wf lemma="in" pos="X">in</wf>
         <wf lemma="ki" pos="X">ki</wf>
         <wf lemma="se" pos="X">se</wf>
         <wf lemma="je" pos="X">je</wf>
         <wf lemma="izrečno" pos="X">izrečno</wf>
         <wf lemma="zavzela" pos="X">zavzela</wf>
         <wf lemma="za" pos="X">za</wf>
         <wf lemma="»" pos="X">»</wf>
         <wf lemma="gibljivost" pos="X">gibljivost</wf>
         <wf lemma="učiteljev" pos="X">učiteljev</wf>
         <wf lemma="in" pos="X">in</wf>
         <wf lemma="študentov" pos="X">študentov</wf>
         <wf lemma="«" pos="X">«</wf>
         <wf lemma="ter" pos="X">ter</wf>
         <wf lemma="za" pos="X">za</wf>
         <wf lemma="splošno" pos="X">splošno</wf>
         <wf lemma="politiko" pos="X">politiko</wf>
         <wf lemma="»" pos="X">»</wf>
         <wf lemma="medsebojne" pos="X">medsebojne</wf>
         <wf lemma="ekvivalence" pos="X">ekvivalence</wf>
         <wf lemma="glede" pos="X">glede</wf>
         <wf lemma="statusa" pos="X">statusa</wf>
         <wf lemma="," pos="X">,</wf>
         <wf lemma="nazivov" pos="X">nazivov</wf>
         <wf lemma="," pos="X">,</wf>
         <wf lemma="izpitov" pos="X">izpitov</wf>
         <wf lemma="«" pos="X">«</wf>
         <wf lemma="." pos="X">.</wf>
      </sentence>
      <sentence id="d000.s1357" source="wordnet-slovenian">
         <wf lemma="Wilson" pos="X">Wilson</wf>
         <wf lemma="in" pos="X">in</wf>
         <wf lemma="drugi" pos="X">drugi</wf>
         <wf lemma="vodilni" pos="X">vodilni</wf>
         <wf lemma="pisci" pos="X">pisci</wf>
         <wf lemma="otroških" pos="X">otroških</wf>
         <instance id="d000.s1357.t000" lemma="knjiga" pos="NOUN">knjig</instance>
         <wf lemma="veliko" pos="X">veliko</wf>
         <wf lemma="časa" pos="X">časa</wf>
         <wf lemma="namenijo" pos="X">namenijo</wf>
         <wf lemma="rednemu" pos="X">rednemu</wf>
         <wf lemma="pojavljanju" pos="X">pojavljanju</wf>
         <wf lemma="," pos="X">,</wf>
         <wf lemma="dogodkom" pos="X">dogodkom</wf>
         <wf lemma="in" pos="X">in</wf>
         <wf lemma="podpisovanju" pos="X">podpisovanju</wf>
         <wf lemma="knjig" pos="X">knjig</wf>
         <wf lemma="." pos="X">.</wf>
      </sentence>
      <sentence id="d000.s1358" source="wordnet-slovenian">
         <wf lemma="Vallaressovi" pos="X">Vallaressovi</wf>
         <wf lemma="so" pos="X">so</wf>
         <wf lemma="izgubili" pos="X">izgubili</wf>
         <wf lemma="svoje" pos="X">svoje</wf>
         <wf lemma="premoženje" pos="X">premoženje</wf>
         <wf lemma="in" pos="X">in</wf>
         <wf lemma="zapustili" pos="X">zapustili</wf>
         <wf lemma="otok" pos="X">otok</wf>
         <wf lemma="in" pos="X">in</wf>
         <wf lemma="s" pos="X">s</wf>
         <wf lemma="sestro" pos="X">sestro</wf>
         <wf lemma="sva" pos="X">sva</wf>
         <wf lemma="si" pos="X">si</wf>
         <wf lemma="poiskala" pos="X">poiskala</wf>
         <wf lemma="delo" pos="X">delo</wf>
         <wf lemma="v" pos="X">v</wf>
         <instance id="d000.s1358.t000" lemma="mesto" pos="NOUN">mestu</instance>
         <wf lemma="." pos="X">.</wf>
      </sentence>
      <sentence id="d000.s1359" source="wordnet-slovenian">
         <wf lemma="So" pos="X">So</wf>
         <wf lemma="pa" pos="X">pa</wf>
         <wf lemma="tudi" pos="X">tudi</wf>
         <wf lemma="mnenja" pos="X">mnenja</wf>
         <wf lemma="," pos="X">,</wf>
         <wf lemma="da" pos="X">da</wf>
         <wf lemma="je" pos="X">je</wf>
         <wf lemma="odločitev" pos="X">odločitev</wf>
         <wf lemma="povsem" pos="X">povsem</wf>
         <wf lemma="normalna" pos="X">normalna</wf>
         <wf lemma="," pos="X">,</wf>
         <wf lemma="saj" pos="X">saj</wf>
         <wf lemma="v" pos="X">v</wf>
         <wf lemma="Jugoslaviji" pos="X">Jugoslaviji</wf>
         <wf lemma="nogometno" pos="X">nogometno</wf>
         <instance id="d000.s1359.t000" lemma="pot" pos="NOUN">pot</instance>
         <wf lemma="krojijo" pos="X">krojijo</wf>
         <wf lemma="slabe" pos="X">slabe</wf>
         <wf lemma="razmere" pos="X">razmere</wf>
         <wf lemma="," pos="X">,</wf>
         <wf lemma="razen" pos="X">razen</wf>
         <wf lemma="če" pos="X">če</wf>
         <wf lemma="nisi" pos="X">nisi</wf>
         <wf lemma="član" pos="X">član</wf>
         <wf lemma="slovitih" pos="X">slovitih</wf>
         <wf lemma="klubov" pos="X">klubov</wf>
         <wf lemma="Crvene" pos="X">Crvene</wf>
         <wf lemma="zvezde" pos="X">zvezde</wf>
         <wf lemma="ali" pos="X">ali</wf>
         <wf lemma="Partizana" pos="X">Partizana</wf>
         <wf lemma="." pos="X">.</wf>
      </sentence>
      <sentence id="d000.s1360" source="wordnet-slovenian">
         <wf lemma="Po" pos="X">Po</wf>
         <wf lemma="Dergančevih" pos="X">Dergančevih</wf>
         <instance id="d000.s1360.t000" lemma="beseda" pos="NOUN">besedah</instance>
         <wf lemma="se" pos="X">se</wf>
         <wf lemma="ideje" pos="X">ideje</wf>
         <wf lemma="opirajo" pos="X">opirajo</wf>
         <wf lemma="na" pos="X">na</wf>
         <wf lemma="cenejše" pos="X">cenejše</wf>
         <wf lemma="ali" pos="X">ali</wf>
         <wf lemma="celo" pos="X">celo</wf>
         <wf lemma="brezplačno" pos="X">brezplačno</wf>
         <wf lemma="popoldansko" pos="X">popoldansko</wf>
         <wf lemma="parkiranje" pos="X">parkiranje</wf>
         <wf lemma="," pos="X">,</wf>
         <wf lemma="čeprav" pos="X">čeprav</wf>
         <wf lemma="del" pos="X">del</wf>
         <wf lemma="javnosti" pos="X">javnosti</wf>
         <wf lemma="in" pos="X">in</wf>
         <wf lemma="občinski" pos="X">občinski</wf>
         <wf lemma="svetniki" pos="X">svetniki</wf>
         <wf lemma="tega" pos="X">tega</wf>
         <wf lemma="verjetno" pos="X">verjetno</wf>
         <wf lemma="ne" pos="X">ne</wf>
         <wf lemma="bodo" pos="X">bodo</wf>
         <wf lemma="sprejeli" pos="X">sprejeli</wf>
         <wf lemma="." pos="X">.</wf>
      </sentence>
      <sentence id="d000.s1361" source="wordnet-slovenian">
         <wf lemma="S" pos="X">S</wf>
         <wf lemma="TEM" pos="X">TEM</wf>
         <instance id="d000.s1361.t000" lemma="dan" pos="NOUN">DNEM</instance>
         <wf lemma="PRENEHAJO" pos="X">PRENEHAJO</wf>
         <wf lemma="VELJATI" pos="X">VELJATI</wf>
         <wf lemma="ZAKON" pos="X">ZAKON</wf>
         <wf lemma="O" pos="X">O</wf>
         <wf lemma="VARSTVU" pos="X">VARSTVU</wf>
         <wf lemma="PRI" pos="X">PRI</wf>
         <wf lemma="DELU" pos="X">DELU</wf>
         <wf lemma="(" pos="X">(</wf>
         <wf lemma="URADNI" pos="X">URADNI</wf>
         <wf lemma="LIST" pos="X">LIST</wf>
         <wf lemma="SRS" pos="X">SRS</wf>
         <wf lemma="," pos="X">,</wf>
         <wf lemma="ŠT." pos="X">ŠT.</wf>
         <wf lemma="32/" pos="X">32/</wf>
         <wf lemma="74" pos="X">74</wf>
         <wf lemma="," pos="X">,</wf>
         <wf lemma="16" pos="X">16</wf>
         <wf lemma="/" pos="X">/</wf>
         <wf lemma="80" pos="X">80</wf>
         <wf lemma="IN" pos="X">IN</wf>
         <wf lemma="25/86" pos="X">25/86</wf>
         <wf lemma=")" pos="X">)</wf>
         <wf lemma="," pos="X">,</wf>
         <wf lemma="RAZEN" pos="X">RAZEN</wf>
         <wf lemma="48." pos="X">48.</wf>
      </sentence>
      <sentence id="d000.s1362" source="wordnet-slovenian">
         <wf lemma="Kaj" pos="X">Kaj</wf>
         <wf lemma="bo" pos="X">bo</wf>
         <wf lemma="Ircem" pos="X">Ircem</wf>
         <wf lemma="državljanstvo" pos="X">državljanstvo</wf>
         <wf lemma="v" pos="X">v</wf>
         <instance id="d000.s1362.t000" lemma="država" pos="NOUN">državi</instance>
         <wf lemma="NSK" pos="X">NSK</wf>
         <wf lemma="," pos="X">,</wf>
         <wf lemma="in" pos="X">in</wf>
         <wf lemma="to" pos="X">to</wf>
         <wf lemma="prav" pos="X">prav</wf>
         <wf lemma="zdaj" pos="X">zdaj</wf>
         <wf lemma="?" pos="X">?</wf>
      </sentence>
      <sentence id="d000.s1363" source="wordnet-slovenian">
         <wf lemma="Če" pos="X">Če</wf>
         <wf lemma="se" pos="X">se</wf>
         <wf lemma="odločimo" pos="X">odločimo</wf>
         <wf lemma="," pos="X">,</wf>
         <wf lemma="da" pos="X">da</wf>
         <wf lemma="bomo" pos="X">bomo</wf>
         <wf lemma="lovili" pos="X">lovili</wf>
         <wf lemma="samo" pos="X">samo</wf>
         <wf lemma="velike" pos="X">velike</wf>
         <wf lemma="ribe" pos="X">ribe</wf>
         <wf lemma="," pos="X">,</wf>
         <wf lemma="zobatca" pos="X">zobatca</wf>
         <wf lemma="ali" pos="X">ali</wf>
         <wf lemma="gofa" pos="X">gofa</wf>
         <wf lemma="," pos="X">,</wf>
         <wf lemma="potrebujemo" pos="X">potrebujemo</wf>
         <wf lemma="dolgo" pos="X">dolgo</wf>
         <wf lemma="gumarico" pos="X">gumarico</wf>
         <wf lemma="s" pos="X">s</wf>
         <wf lemma="harpuno" pos="X">harpuno</wf>
         <wf lemma="in" pos="X">in</wf>
         <wf lemma="mlinčkom" pos="X">mlinčkom</wf>
         <wf lemma="oziroma" pos="X">oziroma</wf>
         <wf lemma="rolo" pos="X">rolo</wf>
         <wf lemma="," pos="X">,</wf>
         <wf lemma="s" pos="X">s</wf>
         <wf lemma="katere" pos="X">katere</wf>
         <wf lemma="v" pos="X">v</wf>
         <wf lemma="srečnem" pos="X">srečnem</wf>
         <instance id="d000.s1363.t000" lemma="primer" pos="NOUN">primeru</instance>
         <wf lemma="," pos="X">,</wf>
         <wf lemma="ko" pos="X">ko</wf>
         <wf lemma="smo" pos="X">smo</wf>
         <wf lemma="ustrelili" pos="X">ustrelili</wf>
         <wf lemma="zobatca" pos="X">zobatca</wf>
         <wf lemma="," pos="X">,</wf>
         <wf lemma="spustimo" pos="X">spustimo</wf>
         <wf lemma="do" pos="X">do</wf>
         <wf lemma="petdeset" pos="X">petdeset</wf>
         <wf lemma="metrov" pos="X">metrov</wf>
         <wf lemma="vrvi" pos="X">vrvi</wf>
         <wf lemma="." pos="X">.</wf>
      </sentence>
      <sentence id="d000.s1364" source="wordnet-slovenian">
         <wf lemma="Izvoljenih" pos="X">Izvoljenih</wf>
         <wf lemma="je" pos="X">je</wf>
         <wf lemma="bilo" pos="X">bilo</wf>
         <wf lemma="tudi" pos="X">tudi</wf>
         <wf lemma="sedem" pos="X">sedem</wf>
         <wf lemma="ministrov" pos="X">ministrov</wf>
         <wf lemma="sedanje" pos="X">sedanje</wf>
         <instance id="d000.s1364.t000" lemma="vlada" pos="NOUN">vlade</instance>
         <wf lemma="premiera" pos="X">premiera</wf>
         <wf lemma="Jean" pos="X">Jean</wf>
         <wf lemma="-" pos="X">-</wf>
         <wf lemma="Pierra" pos="X">Pierra</wf>
         <wf lemma="Raffarina" pos="X">Raffarina</wf>
         <wf lemma="," pos="X">,</wf>
         <wf lemma="med" pos="X">med</wf>
         <wf lemma="njimi" pos="X">njimi</wf>
         <wf lemma="notranji" pos="X">notranji</wf>
         <wf lemma="minister" pos="X">minister</wf>
         <wf lemma="Nicolas" pos="X">Nicolas</wf>
         <wf lemma="Sarkozy" pos="X">Sarkozy</wf>
         <wf lemma="in" pos="X">in</wf>
         <wf lemma="minister" pos="X">minister</wf>
         <wf lemma="za" pos="X">za</wf>
         <wf lemma="socialne" pos="X">socialne</wf>
         <wf lemma="zadeve" pos="X">zadeve</wf>
         <wf lemma="Francois" pos="X">Francois</wf>
         <wf lemma="Fillon" pos="X">Fillon</wf>
         <wf lemma="." pos="X">.</wf>
      </sentence>
      <sentence id="d000.s1365" source="wordnet-slovenian">
         <wf lemma="Vključevanje" pos="X">Vključevanje</wf>
         <instance id="d000.s1365.t000" lemma="otrok" pos="NOUN">otrok</instance>
         <wf lemma="v" pos="X">v</wf>
         <wf lemma="varčevanje" pos="X">varčevanje</wf>
         <wf lemma="se" pos="X">se</wf>
         <wf lemma="nadaljuje" pos="X">nadaljuje</wf>
         <wf lemma="preko" pos="X">preko</wf>
         <wf lemma="cicibanskih" pos="X">cicibanskih</wf>
         <wf lemma="in" pos="X">in</wf>
         <wf lemma="šolskih" pos="X">šolskih</wf>
         <wf lemma="hranilnic" pos="X">hranilnic</wf>
         <wf lemma="." pos="X">.</wf>
      </sentence>
      <sentence id="d000.s1366" source="wordnet-slovenian">
         <wf lemma="Nikakor" pos="X">Nikakor</wf>
         <wf lemma="ne" pos="X">ne</wf>
         <wf lemma="zagovarjam" pos="X">zagovarjam</wf>
         <wf lemma="vožnje" pos="X">vožnje</wf>
         <wf lemma="zunaj" pos="X">zunaj</wf>
         <wf lemma="utrjenih" pos="X">utrjenih</wf>
         <instance id="d000.s1366.t000" lemma="cesta" pos="NOUN">cest</instance>
         <wf lemma="da" pos="X">da</wf>
         <wf lemma="bi" pos="X">bi</wf>
         <wf lemma="se" pos="X">se</wf>
         <wf lemma="približali" pos="X">približali</wf>
         <wf lemma="objektu" pos="X">objektu</wf>
         <wf lemma="." pos="X">.</wf>
      </sentence>
      <sentence id="d000.s1367" source="wordnet-slovenian">
         <wf lemma="Petčlanska" pos="X">Petčlanska</wf>
         <wf lemma="uprava" pos="X">uprava</wf>
         <wf lemma="Sume" pos="X">Sume</wf>
         <wf lemma="postala" pos="X">postala</wf>
         <wf lemma="tričlanska" pos="X">tričlanska</wf>
         <wf lemma="-" pos="X">-</wf>
         <wf lemma="Članice" pos="X">Članice</wf>
         <wf lemma="še" pos="X">še</wf>
         <wf lemma="niso" pos="X">niso</wf>
         <wf lemma="določile" pos="X">določile</wf>
         <wf lemma="menjalnega" pos="X">menjalnega</wf>
         <wf lemma="razmerja" pos="X">razmerja</wf>
         <wf lemma="-" pos="X">-</wf>
         <wf lemma="Kljub" pos="X">Kljub</wf>
         <instance id="d000.s1367.t000" lemma="težava" pos="NOUN">težavam</instance>
         <wf lemma="optimisti" pos="X">optimisti</wf>
         <wf lemma="." pos="X">.</wf>
      </sentence>
      <sentence id="d000.s1368" source="wordnet-slovenian">
         <wf lemma="Potem" pos="X">Potem</wf>
         <wf lemma="," pos="X">,</wf>
         <wf lemma="v" pos="X">v</wf>
         <wf lemma="nekakšnem" pos="X">nekakšnem</wf>
         <wf lemma="pol" pos="X">pol</wf>
         <wf lemma="snu" pos="X">snu</wf>
         <wf lemma="vidim" pos="X">vidim</wf>
         <wf lemma="babico" pos="X">babico</wf>
         <wf lemma="," pos="X">,</wf>
         <wf lemma="kako" pos="X">kako</wf>
         <wf lemma="prihaja" pos="X">prihaja</wf>
         <wf lemma="v" pos="X">v</wf>
         <wf lemma="sobo" pos="X">sobo</wf>
         <wf lemma="in" pos="X">in</wf>
         <wf lemma="me" pos="X">me</wf>
         <wf lemma="poljublja" pos="X">poljublja</wf>
         <wf lemma="na" pos="X">na</wf>
         <wf lemma="čelo" pos="X">čelo</wf>
         <wf lemma="," pos="X">,</wf>
         <wf lemma="za" pos="X">za</wf>
         <wf lemma="njo" pos="X">njo</wf>
         <wf lemma="prideta" pos="X">prideta</wf>
         <wf lemma="še" pos="X">še</wf>
         <instance id="d000.s1368.t000" lemma="oče" pos="NOUN">oče</instance>
         <wf lemma="in" pos="X">in</wf>
         <wf lemma="mama" pos="X">mama</wf>
         <wf lemma="." pos="X">.</wf>
      </sentence>
      <sentence id="d000.s1369" source="wordnet-slovenian">
         <wf lemma="Na" pos="X">Na</wf>
         <wf lemma="prelomu" pos="X">prelomu</wf>
         <wf lemma="zadnjega" pos="X">zadnjega</wf>
         <wf lemma="tisočletja" pos="X">tisočletja</wf>
         <wf lemma="je" pos="X">je</wf>
         <wf lemma="bilo" pos="X">bilo</wf>
         <wf lemma="zelo" pos="X">zelo</wf>
         <wf lemma="popularno" pos="X">popularno</wf>
         <wf lemma="razpredati" pos="X">razpredati</wf>
         <wf lemma="o" pos="X">o</wf>
         <wf lemma="koncu" pos="X">koncu</wf>
         <instance id="d000.s1369.t000" lemma="svet" pos="NOUN">sveta</instance>
         <wf lemma="," pos="X">,</wf>
         <wf lemma="o" pos="X">o</wf>
         <wf lemma="globalni" pos="X">globalni</wf>
         <wf lemma="katastrofi" pos="X">katastrofi</wf>
         <wf lemma="," pos="X">,</wf>
         <wf lemma="o" pos="X">o</wf>
         <wf lemma="vseh" pos="X">vseh</wf>
         <wf lemma="mogočih" pos="X">mogočih</wf>
         <wf lemma="svetovnih" pos="X">svetovnih</wf>
         <wf lemma="nesrečah" pos="X">nesrečah</wf>
         <wf lemma="," pos="X">,</wf>
         <wf lemma="ki" pos="X">ki</wf>
         <wf lemma="jih" pos="X">jih</wf>
         <wf lemma="bodo" pos="X">bodo</wf>
         <wf lemma="povzročili" pos="X">povzročili</wf>
         <wf lemma="hudi" pos="X">hudi</wf>
         <wf lemma="potresi" pos="X">potresi</wf>
         <wf lemma="," pos="X">,</wf>
         <wf lemma="vulkanski" pos="X">vulkanski</wf>
         <wf lemma="izbruhi" pos="X">izbruhi</wf>
         <wf lemma="," pos="X">,</wf>
         <wf lemma="poplave" pos="X">poplave</wf>
         <wf lemma="," pos="X">,</wf>
         <wf lemma="premiki" pos="X">premiki</wf>
         <wf lemma="zemeljskih" pos="X">zemeljskih</wf>
         <wf lemma="polov" pos="X">polov</wf>
         <wf lemma="," pos="X">,</wf>
         <wf lemma="celo" pos="X">celo</wf>
         <wf lemma="o" pos="X">o</wf>
         <wf lemma="bližajočem" pos="X">bližajočem</wf>
         <wf lemma="se" pos="X">se</wf>
         <wf lemma="kometu" pos="X">kometu</wf>
         <wf lemma="so" pos="X">so</wf>
         <wf lemma="vsi" pos="X">vsi</wf>
         <wf lemma="znali" pos="X">znali</wf>
         <wf lemma="kaj" pos="X">kaj</wf>
         <wf lemma="povedati" pos="X">povedati</wf>
         <wf lemma="." pos="X">.</wf>
      </sentence>
      <sentence id="d000.s1370" source="wordnet-slovenian">
         <wf lemma="Renzo" pos="X">Renzo</wf>
         <wf lemma="je" pos="X">je</wf>
         <wf lemma="Prosperja" pos="X">Prosperja</wf>
         <wf lemma="in" pos="X">in</wf>
         <wf lemma="Scipia" pos="X">Scipia</wf>
         <wf lemma="popeljal" pos="X">popeljal</wf>
         <wf lemma="za" pos="X">za</wf>
         <instance id="d000.s1370.t000" lemma="hiša" pos="NOUN">hišo</instance>
         <wf lemma="skozi" pos="X">skozi</wf>
         <wf lemma="lesene" pos="X">lesene</wf>
         <wf lemma="arkade" pos="X">arkade</wf>
         <wf lemma="," pos="X">,</wf>
         <wf lemma="s" pos="X">s</wf>
         <wf lemma="katerih" pos="X">katerih</wf>
         <wf lemma="je" pos="X">je</wf>
         <wf lemma="viselo" pos="X">viselo</wf>
         <wf lemma="zmrznjeno" pos="X">zmrznjeno</wf>
         <wf lemma="listje" pos="X">listje</wf>
         <wf lemma="." pos="X">.</wf>
      </sentence>
      <sentence id="d000.s1371" source="wordnet-slovenian">
         <wf lemma="Povedati" pos="X">Povedati</wf>
         <wf lemma="vam" pos="X">vam</wf>
         <wf lemma="moram" pos="X">moram</wf>
         <wf lemma="to" pos="X">to</wf>
         <wf lemma="," pos="X">,</wf>
         <wf lemma="da" pos="X">da</wf>
         <wf lemma="mnoga" pos="X">mnoga</wf>
         <instance id="d000.s1371.t000" lemma="podjetje" pos="NOUN">podjetja</instance>
         <wf lemma="že" pos="X">že</wf>
         <wf lemma="sama" pos="X">sama</wf>
         <wf lemma="skrbijo" pos="X">skrbijo</wf>
         <wf lemma="za" pos="X">za</wf>
         <wf lemma="to" pos="X">to</wf>
         <wf lemma="," pos="X">,</wf>
         <wf lemma="da" pos="X">da</wf>
         <wf lemma="bi" pos="X">bi</wf>
         <wf lemma="odstranjevala" pos="X">odstranjevala</wf>
         <wf lemma="svoje" pos="X">svoje</wf>
         <wf lemma="odpadke" pos="X">odpadke</wf>
         <wf lemma="," pos="X">,</wf>
         <wf lemma="ki" pos="X">ki</wf>
         <wf lemma="jih" pos="X">jih</wf>
         <wf lemma="zelo" pos="X">zelo</wf>
         <wf lemma="dobro" pos="X">dobro</wf>
         <wf lemma="poznajo" pos="X">poznajo</wf>
         <wf lemma="in" pos="X">in</wf>
         <wf lemma="da" pos="X">da</wf>
         <wf lemma="imajo" pos="X">imajo</wf>
         <wf lemma="mnoga" pos="X">mnoga</wf>
         <wf lemma="podjetja" pos="X">podjetja</wf>
         <wf lemma="že" pos="X">že</wf>
         <wf lemma="odprte" pos="X">odprte</wf>
         <wf lemma="investicije" pos="X">investicije</wf>
         <wf lemma="v" pos="X">v</wf>
         <wf lemma="tem" pos="X">tem</wf>
         <wf lemma="smislu" pos="X">smislu</wf>
         <wf lemma="in" pos="X">in</wf>
         <wf lemma="ne" pos="X">ne</wf>
         <wf lemma="bi" pos="X">bi</wf>
         <wf lemma="bilo" pos="X">bilo</wf>
         <wf lemma="prav" pos="X">prav</wf>
         <wf lemma="," pos="X">,</wf>
         <wf lemma="da" pos="X">da</wf>
         <wf lemma="bi" pos="X">bi</wf>
         <wf lemma="jim" pos="X">jim</wf>
         <wf lemma="takšna" pos="X">takšna</wf>
         <wf lemma="dikcija" pos="X">dikcija</wf>
         <wf lemma="," pos="X">,</wf>
         <wf lemma="kot" pos="X">kot</wf>
         <wf lemma="jo" pos="X">jo</wf>
         <wf lemma="predlagatelj" pos="X">predlagatelj</wf>
         <wf lemma="predlaga" pos="X">predlaga</wf>
         <wf lemma="," pos="X">,</wf>
         <wf lemma="to" pos="X">to</wf>
         <wf lemma="onemogočila" pos="X">onemogočila</wf>
         <wf lemma="ali" pos="X">ali</wf>
         <wf lemma="pa" pos="X">pa</wf>
         <wf lemma="," pos="X">,</wf>
         <wf lemma="da" pos="X">da</wf>
         <wf lemma="bi" pos="X">bi</wf>
         <wf lemma="jih" pos="X">jih</wf>
         <wf lemma="privedla" pos="X">privedla</wf>
         <wf lemma="v" pos="X">v</wf>
         <wf lemma="dvom" pos="X">dvom</wf>
         <wf lemma="," pos="X">,</wf>
         <wf lemma="če" pos="X">če</wf>
         <wf lemma="to" pos="X">to</wf>
         <wf lemma="sploh" pos="X">sploh</wf>
         <wf lemma="lahko" pos="X">lahko</wf>
         <wf lemma="počnejo" pos="X">počnejo</wf>
         <wf lemma="ali" pos="X">ali</wf>
         <wf lemma="ne" pos="X">ne</wf>
         <wf lemma="." pos="X">.</wf>
      </sentence>
      <sentence id="d000.s1372" source="wordnet-slovenian">
         <wf lemma="Na" pos="X">Na</wf>
         <wf lemma="zgornjem" pos="X">zgornjem</wf>
         <wf lemma="in" pos="X">in</wf>
         <wf lemma="spodnjem" pos="X">spodnjem</wf>
         <wf lemma="delu" pos="X">delu</wf>
         <wf lemma="telesa" pos="X">telesa</wf>
         <wf lemma="ima" pos="X">ima</wf>
         <instance id="d000.s1372.t000" lemma="vrsta" pos="NOUN">vrsto</instance>
         <wf lemma="5" pos="X">5</wf>
         <wf lemma="-" pos="X">-</wf>
         <wf lemma="6" pos="X">6</wf>
         <wf lemma="majhnih" pos="X">majhnih</wf>
         <wf lemma="plavuti" pos="X">plavuti</wf>
         <wf lemma="." pos="X">.</wf>
      </sentence>
      <sentence id="d000.s1373" source="wordnet-slovenian">
         <wf lemma="Skrajni" pos="X">Skrajni</wf>
         <instance id="d000.s1373.t000" lemma="čas" pos="NOUN">čas</instance>
         <wf lemma="je" pos="X">je</wf>
         <wf lemma="," pos="X">,</wf>
         <wf lemma="da" pos="X">da</wf>
         <wf lemma="se" pos="X">se</wf>
         <wf lemma="odločite" pos="X">odločite</wf>
         <wf lemma="," pos="X">,</wf>
         <wf lemma="komu" pos="X">komu</wf>
         <wf lemma="boste" pos="X">boste</wf>
         <wf lemma="naklonili" pos="X">naklonili</wf>
         <wf lemma="svoja" pos="X">svoja</wf>
         <wf lemma="čustva" pos="X">čustva</wf>
         <wf lemma="." pos="X">.</wf>
      </sentence>
      <sentence id="d000.s1374" source="wordnet-slovenian">
         <wf lemma="V" pos="X">V</wf>
         <wf lemma="DRUGIH" pos="X">DRUGIH</wf>
         <wf lemma="DRŽAVNIH" pos="X">DRŽAVNIH</wf>
         <wf lemma="ORGANIH" pos="X">ORGANIH</wf>
         <instance id="d000.s1374.t000" lemma="pravica" pos="NOUN">PRAVICE</instance>
         <wf lemma="IN" pos="X">IN</wf>
         <wf lemma="DOLŽNOSTI" pos="X">DOLŽNOSTI</wf>
         <wf lemma="DELODAJALCA" pos="X">DELODAJALCA</wf>
         <wf lemma="IZVRŠUJE" pos="X">IZVRŠUJE</wf>
         <wf lemma="PREDSTOJNIK" pos="X">PREDSTOJNIK</wf>
         <wf lemma="," pos="X">,</wf>
         <wf lemma="ČE" pos="X">ČE</wf>
         <wf lemma="ZAKON" pos="X">ZAKON</wf>
         <wf lemma="," pos="X">,</wf>
         <wf lemma="DRUG" pos="X">DRUG</wf>
         <wf lemma="PREDPIS" pos="X">PREDPIS</wf>
         <wf lemma="ALI" pos="X">ALI</wf>
         <wf lemma="SPLOŠNI" pos="X">SPLOŠNI</wf>
         <wf lemma="AKT" pos="X">AKT</wf>
         <wf lemma="ORGANA" pos="X">ORGANA</wf>
         <wf lemma="NE" pos="X">NE</wf>
         <wf lemma="DOLOČA" pos="X">DOLOČA</wf>
         <wf lemma="DRUGAČE" pos="X">DRUGAČE</wf>
         <wf lemma="." pos="X">.</wf>
      </sentence>
      <sentence id="d000.s1375" source="wordnet-slovenian">
         <wf lemma="Screening" pos="X">Screening</wf>
         <wf lemma="bo" pos="X">bo</wf>
         <wf lemma="pokazala" pos="X">pokazala</wf>
         <wf lemma="," pos="X">,</wf>
         <wf lemma="kje" pos="X">kje</wf>
         <wf lemma="smo" pos="X">smo</wf>
         <wf lemma="na" pos="X">na</wf>
         <instance id="d000.s1375.t000" lemma="pot" pos="NOUN">poti</instance>
         <wf lemma="v" pos="X">v</wf>
         <wf lemma="EU" pos="X">EU</wf>
         <wf lemma="." pos="X">.</wf>
         <wf lemma="kaj" pos="X">kaj</wf>
         <wf lemma="mu" pos="X">mu</wf>
         <wf lemma="sledi" pos="X">sledi</wf>
         <wf lemma="in" pos="X">in</wf>
         <wf lemma="ali" pos="X">ali</wf>
         <wf lemma="je" pos="X">je</wf>
         <wf lemma="leto" pos="X">leto</wf>
         <wf lemma="2002" pos="X">2002</wf>
         <wf lemma="še" pos="X">še</wf>
         <wf lemma="vedno" pos="X">vedno</wf>
         <wf lemma="tisto" pos="X">tisto</wf>
         <wf lemma="," pos="X">,</wf>
         <wf lemma="ko" pos="X">ko</wf>
         <wf lemma="naj" pos="X">naj</wf>
         <wf lemma="bi" pos="X">bi</wf>
         <wf lemma="Slovenija" pos="X">Slovenija</wf>
         <wf lemma="dosegla" pos="X">dosegla</wf>
         <wf lemma="polnopravno" pos="X">polnopravno</wf>
         <wf lemma="članstvo" pos="X">članstvo</wf>
         <wf lemma="v" pos="X">v</wf>
         <wf lemma="novi" pos="X">novi</wf>
         <wf lemma="širši" pos="X">širši</wf>
         <wf lemma="domovini" pos="X">domovini</wf>
         <wf lemma="?" pos="X">?</wf>
      </sentence>
      <sentence id="d000.s1376" source="wordnet-slovenian">
         <wf lemma="Fanny" pos="X">Fanny</wf>
         <wf lemma="je" pos="X">je</wf>
         <wf lemma="našobila" pos="X">našobila</wf>
         <wf lemma="usta" pos="X">usta</wf>
         <wf lemma="in" pos="X">in</wf>
         <wf lemma="nagnila" pos="X">nagnila</wf>
         <instance id="d000.s1376.t000" lemma="glava" pos="NOUN">glavo</instance>
         <wf lemma="na" pos="X">na</wf>
         <wf lemma="eno" pos="X">eno</wf>
         <wf lemma="stran" pos="X">stran</wf>
         <wf lemma="," pos="X">,</wf>
         <wf lemma="da" pos="X">da</wf>
         <wf lemma="bi" pos="X">bi</wf>
         <wf lemma="pokazala" pos="X">pokazala</wf>
         <wf lemma="divjakoma" pos="X">divjakoma</wf>
         <wf lemma="," pos="X">,</wf>
         <wf lemma="kako" pos="X">kako</wf>
         <wf lemma="je" pos="X">je</wf>
         <wf lemma="v" pos="X">v</wf>
         <wf lemma="svoji" pos="X">svoji</wf>
         <wf lemma="nenapovedljivosti" pos="X">nenapovedljivosti</wf>
         <wf lemma="močnejša" pos="X">močnejša</wf>
         <wf lemma="." pos="X">.</wf>
      </sentence>
      <sentence id="d000.s1377" source="wordnet-slovenian">
         <wf lemma="HDZ" pos="X">HDZ</wf>
         <wf lemma="-" pos="X">-</wf>
         <wf lemma="v" pos="X">v</wf>
         <wf lemma="Splitu" pos="X">Splitu</wf>
         <wf lemma="je" pos="X">je</wf>
         <wf lemma="zanimiv" pos="X">zanimiv</wf>
         <wf lemma="grafit" pos="X">grafit</wf>
         <wf lemma="»" pos="X">»</wf>
         <wf lemma="HDZ" pos="X">HDZ</wf>
         <wf lemma="-" pos="X">-</wf>
         <wf lemma="pokret" pos="X">pokret</wf>
         <wf lemma="za" pos="X">za</wf>
         <wf lemma="Jugoslaviju" pos="X">Jugoslaviju</wf>
         <wf lemma="«" pos="X">«</wf>
         <wf lemma="-" pos="X">-</wf>
         <wf lemma="v" pos="X">v</wf>
         <wf lemma="Šibeniku" pos="X">Šibeniku</wf>
         <wf lemma="in" pos="X">in</wf>
         <wf lemma="Splitu" pos="X">Splitu</wf>
         <wf lemma="kljub" pos="X">kljub</wf>
         <wf lemma="uspehom" pos="X">uspehom</wf>
         <wf lemma="zahteva" pos="X">zahteva</wf>
         <wf lemma="zamenjave" pos="X">zamenjave</wf>
         <wf lemma="načelnikov" pos="X">načelnikov</wf>
         <wf lemma="policijskih" pos="X">policijskih</wf>
         <wf lemma="uprav" pos="X">uprav</wf>
         <wf lemma="v" pos="X">v</wf>
         <wf lemma="teh" pos="X">teh</wf>
         <wf lemma="dveh" pos="X">dveh</wf>
         <instance id="d000.s1377.t000" lemma="kraj" pos="NOUN">krajih</instance>
         <wf lemma="," pos="X">,</wf>
         <wf lemma="ker" pos="X">ker</wf>
         <wf lemma="naj" pos="X">naj</wf>
         <wf lemma="bi" pos="X">bi</wf>
         <wf lemma="bila" pos="X">bila</wf>
         <wf lemma="star" pos="X">star</wf>
         <wf lemma="partijski" pos="X">partijski</wf>
         <wf lemma="kader" pos="X">kader</wf>
         <wf lemma="," pos="X">,</wf>
         <wf lemma="kontaktirala" pos="X">kontaktirala</wf>
         <wf lemma="naj" pos="X">naj</wf>
         <wf lemma="bi" pos="X">bi</wf>
         <wf lemma="s" pos="X">s</wf>
         <wf lemma="četniki" pos="X">četniki</wf>
         <wf lemma="in" pos="X">in</wf>
         <wf lemma="podobno" pos="X">podobno</wf>
         <wf lemma="." pos="X">.</wf>
      </sentence>
      <sentence id="d000.s1378" source="wordnet-slovenian">
         <wf lemma="Radi" pos="X">Radi</wf>
         <wf lemma="bi" pos="X">bi</wf>
         <wf lemma="nadaljevali" pos="X">nadaljevali</wf>
         <wf lemma="z" pos="X">z</wf>
         <wf lemma="razstavo" pos="X">razstavo</wf>
         <wf lemma="," pos="X">,</wf>
         <wf lemma="ki" pos="X">ki</wf>
         <wf lemma="jo" pos="X">jo</wf>
         <wf lemma="je" pos="X">je</wf>
         <wf lemma="MG" pos="X">MG</wf>
         <wf lemma="naredila" pos="X">naredila</wf>
         <instance id="d000.s1378.t000" lemma="leto" pos="NOUN">leta</instance>
         <wf lemma="1979" pos="X">1979</wf>
         <wf lemma="," pos="X">,</wf>
         <wf lemma="ko" pos="X">ko</wf>
         <wf lemma="so" pos="X">so</wf>
         <wf lemma="predstavili" pos="X">predstavili</wf>
         <wf lemma="slovensko" pos="X">slovensko</wf>
         <wf lemma="umetnost" pos="X">umetnost</wf>
         <wf lemma="od" pos="X">od</wf>
         <wf lemma="leta" pos="X">leta</wf>
         <wf lemma="1945" pos="X">1945</wf>
         <wf lemma="do" pos="X">do</wf>
         <wf lemma="1978" pos="X">1978</wf>
         <wf lemma=";" pos="X">;</wf>
         <wf lemma="zdaj" pos="X">zdaj</wf>
         <wf lemma="bi" pos="X">bi</wf>
         <wf lemma="predstavili" pos="X">predstavili</wf>
         <wf lemma="razvoj" pos="X">razvoj</wf>
         <wf lemma="naše" pos="X">naše</wf>
         <wf lemma="umetnosti" pos="X">umetnosti</wf>
         <wf lemma="med" pos="X">med</wf>
         <wf lemma="letoma" pos="X">letoma</wf>
         <wf lemma="1978" pos="X">1978</wf>
         <wf lemma="do" pos="X">do</wf>
         <wf lemma="2000" pos="X">2000</wf>
         <wf lemma="." pos="X">.</wf>
      </sentence>
      <sentence id="d000.s1379" source="wordnet-slovenian">
         <wf lemma="Za" pos="X">Za</wf>
         <wf lemma="tovrstne" pos="X">tovrstne</wf>
         <wf lemma="projekte" pos="X">projekte</wf>
         <wf lemma="je" pos="X">je</wf>
         <wf lemma="Slovenija" pos="X">Slovenija</wf>
         <wf lemma="namenila" pos="X">namenila</wf>
         <wf lemma="80" pos="X">80</wf>
         <wf lemma="milijonov" pos="X">milijonov</wf>
         <wf lemma="tolarjev" pos="X">tolarjev</wf>
         <wf lemma="," pos="X">,</wf>
         <wf lemma="kar" pos="X">kar</wf>
         <wf lemma="seveda" pos="X">seveda</wf>
         <wf lemma="ni" pos="X">ni</wf>
         <wf lemma="veliko" pos="X">veliko</wf>
         <wf lemma="," pos="X">,</wf>
         <wf lemma="vendar" pos="X">vendar</wf>
         <wf lemma="je" pos="X">je</wf>
         <wf lemma="denar" pos="X">denar</wf>
         <wf lemma="namenjen" pos="X">namenjen</wf>
         <wf lemma="za" pos="X">za</wf>
         <wf lemma="majhne" pos="X">majhne</wf>
         <wf lemma="projekte" pos="X">projekte</wf>
         <wf lemma="," pos="X">,</wf>
         <wf lemma="ki" pos="X">ki</wf>
         <wf lemma="bodo" pos="X">bodo</wf>
         <wf lemma="zagotavljali" pos="X">zagotavljali</wf>
         <wf lemma="gospodarsko" pos="X">gospodarsko</wf>
         <wf lemma="oživitev" pos="X">oživitev</wf>
         <wf lemma="v" pos="X">v</wf>
         <wf lemma="demografsko" pos="X">demografsko</wf>
         <wf lemma="ogroženih" pos="X">ogroženih</wf>
         <instance id="d000.s1379.t000" lemma="področje" pos="NOUN">področjih</instance>
         <wf lemma="." pos="X">.</wf>
      </sentence>
      <sentence id="d000.s1380" source="wordnet-slovenian">
         <wf lemma="Delovna" pos="X">Delovna</wf>
         <wf lemma="praksa" pos="X">praksa</wf>
         <wf lemma="je" pos="X">je</wf>
         <wf lemma="po" pos="X">po</wf>
         <wf lemma="navadi" pos="X">navadi</wf>
         <wf lemma="organizirana" pos="X">organizirana</wf>
         <wf lemma="ob" pos="X">ob</wf>
         <instance id="d000.s1380.t000" lemma="konec" pos="NOUN">koncu</instance>
         <wf lemma="šolskega" pos="X">šolskega</wf>
         <wf lemma="leta" pos="X">leta</wf>
         <wf lemma="," pos="X">,</wf>
         <wf lemma="praktični" pos="X">praktični</wf>
         <wf lemma="pouk" pos="X">pouk</wf>
         <wf lemma="pa" pos="X">pa</wf>
         <wf lemma="poteka" pos="X">poteka</wf>
         <wf lemma="že" pos="X">že</wf>
         <wf lemma="med" pos="X">med</wf>
         <wf lemma="šolskim" pos="X">šolskim</wf>
         <wf lemma="letom" pos="X">letom</wf>
         <wf lemma="," pos="X">,</wf>
         <wf lemma="enkrat" pos="X">enkrat</wf>
         <wf lemma="ali" pos="X">ali</wf>
         <wf lemma="večkrat" pos="X">večkrat</wf>
         <wf lemma="na" pos="X">na</wf>
         <wf lemma="teden" pos="X">teden</wf>
         <wf lemma="." pos="X">.</wf>
      </sentence>
      <sentence id="d000.s1381" source="wordnet-slovenian">
         <wf lemma="Ne" pos="X">Ne</wf>
         <wf lemma="dvomim" pos="X">dvomim</wf>
         <wf lemma="v" pos="X">v</wf>
         <wf lemma="srečnejšo" pos="X">srečnejšo</wf>
         <wf lemma="prihodnost" pos="X">prihodnost</wf>
         <wf lemma="kot" pos="X">kot</wf>
         <wf lemma="v" pos="X">v</wf>
         <instance id="d000.s1381.t000" lemma="čas" pos="NOUN">času</instance>
         <wf lemma="prvega" pos="X">prvega</wf>
         <wf lemma="NEP" pos="X">NEP</wf>
         <wf lemma="," pos="X">,</wf>
         <wf lemma="saj" pos="X">saj</wf>
         <wf lemma="ne" pos="X">ne</wf>
         <wf lemma="računam" pos="X">računam</wf>
         <wf lemma="na" pos="X">na</wf>
         <wf lemma="skorajšnji" pos="X">skorajšnji</wf>
         <wf lemma="nastop" pos="X">nastop</wf>
         <wf lemma="kakega" pos="X">kakega</wf>
         <wf lemma="Stalina" pos="X">Stalina</wf>
         <wf lemma="." pos="X">.</wf>
      </sentence>
      <sentence id="d000.s1382" source="wordnet-slovenian">
         <wf lemma="Vsem" pos="X">Vsem</wf>
         <wf lemma="napovedim" pos="X">napovedim</wf>
         <wf lemma="navkljub" pos="X">navkljub</wf>
         <wf lemma="je" pos="X">je</wf>
         <wf lemma="bruseljska" pos="X">bruseljska</wf>
         <instance id="d000.s1382.t000" lemma="komisija" pos="NOUN">komisija</instance>
         <wf lemma="na" pos="X">na</wf>
         <wf lemma="sestanku" pos="X">sestanku</wf>
         <wf lemma="veterinarskega" pos="X">veterinarskega</wf>
         <wf lemma="odbora" pos="X">odbora</wf>
         <wf lemma="sredi" pos="X">sredi</wf>
         <wf lemma="tedna" pos="X">tedna</wf>
         <wf lemma="nenadoma" pos="X">nenadoma</wf>
         <wf lemma="umaknila" pos="X">umaknila</wf>
         <wf lemma="predlog" pos="X">predlog</wf>
         <wf lemma="embarga" pos="X">embarga</wf>
         <wf lemma="." pos="X">.</wf>
      </sentence>
      <sentence id="d000.s1383" source="wordnet-slovenian">
         <wf lemma="Vendar" pos="X">Vendar</wf>
         <wf lemma="je" pos="X">je</wf>
         <wf lemma="vedela" pos="X">vedela</wf>
         <wf lemma="in" pos="X">in</wf>
         <wf lemma="se" pos="X">se</wf>
         <wf lemma="nasmehnila" pos="X">nasmehnila</wf>
         <wf lemma="," pos="X">,</wf>
         <wf lemma="ker" pos="X">ker</wf>
         <wf lemma="je" pos="X">je</wf>
         <wf lemma="bil" pos="X">bil</wf>
         <instance id="d000.s1383.t000" lemma="svet" pos="NOUN">svet</instance>
         <wf lemma="majhna" pos="X">majhna</wf>
         <wf lemma="kristalna" pos="X">kristalna</wf>
         <wf lemma="žoga" pos="X">žoga</wf>
         <wf lemma="." pos="X">.</wf>
      </sentence>
      <sentence id="d000.s1384" source="wordnet-slovenian">
         <instance id="d000.s1384.t000" lemma="čas" pos="NOUN">Čas</instance>
         <wf lemma="se" pos="X">se</wf>
         <wf lemma="med" pos="X">med</wf>
         <wf lemma="tem" pos="X">tem</wf>
         <wf lemma="spremeni" pos="X">spremeni</wf>
         <wf lemma="," pos="X">,</wf>
         <wf lemma="stare" pos="X">stare</wf>
         <wf lemma="rešitve" pos="X">rešitve</wf>
         <wf lemma="pa" pos="X">pa</wf>
         <wf lemma="potem" pos="X">potem</wf>
         <wf lemma="pridejo" pos="X">pridejo</wf>
         <wf lemma="navzkriž" pos="X">navzkriž</wf>
         <wf lemma="z" pos="X">z</wf>
         <wf lemma="novimi" pos="X">novimi</wf>
         <wf lemma="razmerami" pos="X">razmerami</wf>
         <wf lemma="." pos="X">.</wf>
      </sentence>
      <sentence id="d000.s1385" source="wordnet-slovenian">
         <wf lemma="Uživajmo" pos="X">Uživajmo</wf>
         <wf lemma="ob" pos="X">ob</wf>
         <instance id="d000.s1385.t000" lemma="igra" pos="NOUN">igri</instance>
         <wf lemma="mehurčkov" pos="X">mehurčkov</wf>
         <wf lemma="." pos="X">.</wf>
      </sentence>
      <sentence id="d000.s1386" source="wordnet-slovenian">
         <wf lemma="Iz" pos="X">Iz</wf>
         <wf lemma="urada" pos="X">urada</wf>
         <wf lemma="trboveljskega" pos="X">trboveljskega</wf>
         <wf lemma="župana" pos="X">župana</wf>
         <wf lemma="so" pos="X">so</wf>
         <wf lemma="še" pos="X">še</wf>
         <wf lemma="sporočili" pos="X">sporočili</wf>
         <wf lemma="," pos="X">,</wf>
         <wf lemma="da" pos="X">da</wf>
         <wf lemma="župan" pos="X">župan</wf>
         <wf lemma="od" pos="X">od</wf>
         <wf lemma="LDS" pos="X">LDS</wf>
         <wf lemma="doslej" pos="X">doslej</wf>
         <wf lemma="ni" pos="X">ni</wf>
         <wf lemma="dobil" pos="X">dobil</wf>
         <wf lemma="nobenih" pos="X">nobenih</wf>
         <wf lemma="predlogov" pos="X">predlogov</wf>
         <wf lemma="za" pos="X">za</wf>
         <wf lemma="imenovanje" pos="X">imenovanje</wf>
         <wf lemma="podžupanov" pos="X">podžupanov</wf>
         <wf lemma="-" pos="X">-</wf>
         <wf lemma="»" pos="X">»</wf>
         <wf lemma="čeprav" pos="X">čeprav</wf>
         <wf lemma="je" pos="X">je</wf>
         <wf lemma="njihovemu" pos="X">njihovemu</wf>
         <instance id="d000.s1386.t000" lemma="predsednik" pos="NOUN">predsedniku</instance>
         <wf lemma="Zoranu" pos="X">Zoranu</wf>
         <wf lemma="Gračnerju" pos="X">Gračnerju</wf>
         <wf lemma="ponudil" pos="X">ponudil</wf>
         <wf lemma="možnost" pos="X">možnost</wf>
         <wf lemma="za" pos="X">za</wf>
         <wf lemma="imenovanje" pos="X">imenovanje</wf>
         <wf lemma="enega" pos="X">enega</wf>
         <wf lemma=";" pos="X">;</wf>
         <wf lemma="le" pos="X">le</wf>
         <wf lemma="-" pos="X">-</wf>
         <wf lemma="ta" pos="X">ta</wf>
         <wf lemma="pa" pos="X">pa</wf>
         <wf lemma="je" pos="X">je</wf>
         <wf lemma="v" pos="X">v</wf>
         <wf lemma="javnosti" pos="X">javnosti</wf>
         <wf lemma="ponudbo" pos="X">ponudbo</wf>
         <wf lemma="spremenil" pos="X">spremenil</wf>
         <wf lemma="v" pos="X">v</wf>
         <wf lemma="dejstvo" pos="X">dejstvo</wf>
         <wf lemma="," pos="X">,</wf>
         <wf lemma="da" pos="X">da</wf>
         <wf lemma="o" pos="X">o</wf>
         <wf lemma="takšnem" pos="X">takšnem</wf>
         <wf lemma="predlogu" pos="X">predlogu</wf>
         <wf lemma="ne" pos="X">ne</wf>
         <wf lemma="ve" pos="X">ve</wf>
         <wf lemma="ničesar" pos="X">ničesar</wf>
         <wf lemma="«" pos="X">«</wf>
         <wf lemma="." pos="X">.</wf>
      </sentence>
      <sentence id="d000.s1387" source="wordnet-slovenian">
         <wf lemma="Nastopili" pos="X">Nastopili</wf>
         <wf lemma="so" pos="X">so</wf>
         <wf lemma="na" pos="X">na</wf>
         <wf lemma="množičnih" pos="X">množičnih</wf>
         <wf lemma="rockovskih" pos="X">rockovskih</wf>
         <wf lemma="manifestacijah" pos="X">manifestacijah</wf>
         <wf lemma="," pos="X">,</wf>
         <wf lemma="proglašeni" pos="X">proglašeni</wf>
         <wf lemma="so" pos="X">so</wf>
         <wf lemma="bili" pos="X">bili</wf>
         <wf lemma="za" pos="X">za</wf>
         <wf lemma="najboljši" pos="X">najboljši</wf>
         <wf lemma="rock" pos="X">rock</wf>
         <wf lemma="band" pos="X">band</wf>
         <instance id="d000.s1387.t000" lemma="leto" pos="NOUN">leta</instance>
         <wf lemma="1993" pos="X">1993</wf>
         <wf lemma="," pos="X">,</wf>
         <wf lemma="izdali" pos="X">izdali</wf>
         <wf lemma="so" pos="X">so</wf>
         <wf lemma="tri" pos="X">tri</wf>
         <wf lemma="plošče" pos="X">plošče</wf>
         <wf lemma="." pos="X">.</wf>
      </sentence>
      <sentence id="d000.s1388" source="wordnet-slovenian">
         <wf lemma="Je" pos="X">Je</wf>
         <wf lemma="pa" pos="X">pa</wf>
         <wf lemma="res" pos="X">res</wf>
         <wf lemma="," pos="X">,</wf>
         <wf lemma="da" pos="X">da</wf>
         <wf lemma="je" pos="X">je</wf>
         <wf lemma="tudi" pos="X">tudi</wf>
         <wf lemma="v" pos="X">v</wf>
         <instance id="d000.s1388.t000" lemma="svet" pos="NOUN">svetu</instance>
         <wf lemma="pogost" pos="X">pogost</wf>
         <wf lemma="odstop" pos="X">odstop</wf>
         <wf lemma="od" pos="X">od</wf>
         <wf lemma="tožbe" pos="X">tožbe</wf>
         <wf lemma="ali" pos="X">ali</wf>
         <wf lemma="poravnava" pos="X">poravnava</wf>
         <wf lemma="," pos="X">,</wf>
         <wf lemma="ker" pos="X">ker</wf>
         <wf lemma="se" pos="X">se</wf>
         <wf lemma="med" pos="X">med</wf>
         <wf lemma="procesom" pos="X">procesom</wf>
         <wf lemma="zgodijo" pos="X">zgodijo</wf>
         <wf lemma="spremembe" pos="X">spremembe</wf>
         <wf lemma="ali" pos="X">ali</wf>
         <wf lemma="pa" pos="X">pa</wf>
         <wf lemma="preprosto" pos="X">preprosto</wf>
         <wf lemma="ugotovijo" pos="X">ugotovijo</wf>
         <wf lemma="," pos="X">,</wf>
         <wf lemma="da" pos="X">da</wf>
         <wf lemma="bodo" pos="X">bodo</wf>
         <wf lemma="krivdo" pos="X">krivdo</wf>
         <wf lemma="težko" pos="X">težko</wf>
         <wf lemma="dokazali" pos="X">dokazali</wf>
         <wf lemma="." pos="X">.</wf>
      </sentence>
      <sentence id="d000.s1389" source="wordnet-slovenian">
         <wf lemma="Šele" pos="X">Šele</wf>
         <wf lemma="nekaj" pos="X">nekaj</wf>
         <instance id="d000.s1389.t000" lemma="teden" pos="NOUN">tednov</instance>
         <wf lemma="je" pos="X">je</wf>
         <wf lemma="bil" pos="X">bil</wf>
         <wf lemma="tam" pos="X">tam</wf>
         <wf lemma="," pos="X">,</wf>
         <wf lemma="pa" pos="X">pa</wf>
         <wf lemma="je" pos="X">je</wf>
         <wf lemma="že" pos="X">že</wf>
         <wf lemma="odkril" pos="X">odkril</wf>
         <wf lemma="," pos="X">,</wf>
         <wf lemma="da" pos="X">da</wf>
         <wf lemma="je" pos="X">je</wf>
         <wf lemma="tu" pos="X">tu</wf>
         <wf lemma="po" pos="X">po</wf>
         <wf lemma="vsej" pos="X">vsej</wf>
         <wf lemma="verjetnosti" pos="X">verjetnosti</wf>
         <wf lemma="več" pos="X">več</wf>
         <wf lemma="alkoholikov" pos="X">alkoholikov</wf>
         <wf lemma="na" pos="X">na</wf>
         <wf lemma="kvadratni" pos="X">kvadratni</wf>
         <wf lemma="kilometer" pos="X">kilometer</wf>
         <wf lemma="kot" pos="X">kot</wf>
         <wf lemma="v" pos="X">v</wf>
         <wf lemma="kateremkoli" pos="X">kateremkoli</wf>
         <wf lemma="drugem" pos="X">drugem</wf>
         <wf lemma="velemestu" pos="X">velemestu</wf>
         <wf lemma="v" pos="X">v</wf>
         <wf lemma="deželi" pos="X">deželi</wf>
         <wf lemma="." pos="X">.</wf>
      </sentence>
      <sentence id="d000.s1390" source="wordnet-slovenian">
         <wf lemma="Nisem" pos="X">Nisem</wf>
         <wf lemma="bil" pos="X">bil</wf>
         <wf lemma="pri" pos="X">pri</wf>
         <instance id="d000.s1390.t000" lemma="stvar" pos="NOUN">stvari</instance>
         <wf lemma="samo" pos="X">samo</wf>
         <wf lemma="z" pos="X">z</wf>
         <wf lemma="razumom" pos="X">razumom</wf>
         <wf lemma="," pos="X">,</wf>
         <wf lemma="temveč" pos="X">temveč</wf>
         <wf lemma="tudi" pos="X">tudi</wf>
         <wf lemma="s" pos="X">s</wf>
         <wf lemma="čustvi" pos="X">čustvi</wf>
         <wf lemma="." pos="X">.</wf>
      </sentence>
      <sentence id="d000.s1391" source="wordnet-slovenian">
         <wf lemma="Najljubše" pos="X">Najljubše</wf>
         <wf lemma="so" pos="X">so</wf>
         <wf lemma="mu" pos="X">mu</wf>
         <instance id="d000.s1391.t000" lemma="ženska" pos="NOUN">ženske</instance>
         <wf lemma="," pos="X">,</wf>
         <wf lemma="ki" pos="X">ki</wf>
         <wf lemma="se" pos="X">se</wf>
         <wf lemma="okusno" pos="X">okusno</wf>
         <wf lemma="oblačijo" pos="X">oblačijo</wf>
         <wf lemma="," pos="X">,</wf>
         <wf lemma="imajo" pos="X">imajo</wf>
         <wf lemma="dolge" pos="X">dolge</wf>
         <wf lemma="lase" pos="X">lase</wf>
         <wf lemma="in" pos="X">in</wf>
         <wf lemma="napol" pos="X">napol</wf>
         <wf lemma="priprte" pos="X">priprte</wf>
         <wf lemma="," pos="X">,</wf>
         <wf lemma="rahlo" pos="X">rahlo</wf>
         <wf lemma="vlažne" pos="X">vlažne</wf>
         <wf lemma="ustnice" pos="X">ustnice</wf>
         <wf lemma="." pos="X">.</wf>
      </sentence>
      <sentence id="d000.s1392" source="wordnet-slovenian">
         <wf lemma="Glede" pos="X">Glede</wf>
         <wf lemma="na" pos="X">na</wf>
         <wf lemma="število" pos="X">število</wf>
         <wf lemma="prebivalcev" pos="X">prebivalcev</wf>
         <wf lemma="je" pos="X">je</wf>
         <wf lemma="to" pos="X">to</wf>
         <wf lemma="trikrat" pos="X">trikrat</wf>
         <wf lemma="več" pos="X">več</wf>
         <wf lemma="kot" pos="X">kot</wf>
         <wf lemma="v" pos="X">v</wf>
         <wf lemma="večini" pos="X">večini</wf>
         <wf lemma="srednjeevropskih" pos="X">srednjeevropskih</wf>
         <instance id="d000.s1392.t000" lemma="država" pos="NOUN">držav</instance>
         <wf lemma="." pos="X">.</wf>
      </sentence>
      <sentence id="d000.s1393" source="wordnet-slovenian">
         <wf lemma="Strah" pos="X">Strah</wf>
         <wf lemma="pred" pos="X">pred</wf>
         <wf lemma="neoviranim" pos="X">neoviranim</wf>
         <wf lemma="kapitalističnim" pos="X">kapitalističnim</wf>
         <wf lemma="pohodom" pos="X">pohodom</wf>
         <wf lemma="pa" pos="X">pa</wf>
         <wf lemma="je" pos="X">je</wf>
         <wf lemma="porajal" pos="X">porajal</wf>
         <wf lemma="nove" pos="X">nove</wf>
         <wf lemma="levosredinske" pos="X">levosredinske</wf>
         <instance id="d000.s1393.t000" lemma="sprememba" pos="NOUN">spremembe</instance>
         <wf lemma="." pos="X">.</wf>
      </sentence>
      <sentence id="d000.s1394" source="wordnet-slovenian">
         <wf lemma="Merila" pos="X">Merila</wf>
         <wf lemma="sta" pos="X">sta</wf>
         <wf lemma="se" pos="X">se</wf>
         <wf lemma="izpod" pos="X">izpod</wf>
         <wf lemma="čela" pos="X">čela</wf>
         <wf lemma="," pos="X">,</wf>
         <instance id="d000.s1394.t000" lemma="oče" pos="NOUN">oče</instance>
         <wf lemma="je" pos="X">je</wf>
         <wf lemma="dvignil" pos="X">dvignil</wf>
         <wf lemma="skodelico" pos="X">skodelico</wf>
         <wf lemma="in" pos="X">in</wf>
         <wf lemma="spustil" pos="X">spustil</wf>
         <wf lemma="po" pos="X">po</wf>
         <wf lemma="grlu" pos="X">grlu</wf>
         <wf lemma="zadnji" pos="X">zadnji</wf>
         <wf lemma="požirek" pos="X">požirek</wf>
         <wf lemma="kave" pos="X">kave</wf>
         <wf lemma="." pos="X">.</wf>
      </sentence>
      <sentence id="d000.s1395" source="wordnet-slovenian">
         <wf lemma="Te" pos="X">Te</wf>
         <wf lemma="pesmi" pos="X">pesmi</wf>
         <wf lemma="je" pos="X">je</wf>
         <wf lemma="dodal" pos="X">dodal</wf>
         <wf lemma="na" pos="X">na</wf>
         <wf lemma="vsebinsko" pos="X">vsebinsko</wf>
         <wf lemma="ustreznih" pos="X">ustreznih</wf>
         <instance id="d000.s1395.t000" lemma="mesto" pos="NOUN">mestih</instance>
         <wf lemma="pesmim" pos="X">pesmim</wf>
         <wf lemma="iz" pos="X">iz</wf>
         <wf lemma="prve" pos="X">prve</wf>
         <wf lemma="in" pos="X">in</wf>
         <wf lemma="druge" pos="X">druge</wf>
         <wf lemma="izdaje" pos="X">izdaje</wf>
         <wf lemma="in" pos="X">in</wf>
         <wf lemma="tako" pos="X">tako</wf>
         <wf lemma="je" pos="X">je</wf>
         <wf lemma="1932." pos="X">1932.</wf>
         <wf lemma="izšel" pos="X">izšel</wf>
         <wf lemma="tretji" pos="X">tretji</wf>
         <wf lemma="»" pos="X">»</wf>
         <wf lemma="Ciciban" pos="X">Ciciban</wf>
         <wf lemma="«" pos="X">«</wf>
         <wf lemma="s" pos="X">s</wf>
         <wf lemma="35" pos="X">35</wf>
         <wf lemma="enotami" pos="X">enotami</wf>
         <wf lemma="." pos="X">.</wf>
      </sentence>
      <sentence id="d000.s1396" source="wordnet-slovenian">
         <wf lemma="Vnovično" pos="X">Vnovično</wf>
         <wf lemma="uvajanje" pos="X">uvajanje</wf>
         <wf lemma="»" pos="X">»</wf>
         <wf lemma="pridobitev" pos="X">pridobitev</wf>
         <wf lemma="socializma" pos="X">socializma</wf>
         <wf lemma="«" pos="X">«</wf>
         <wf lemma="bi" pos="X">bi</wf>
         <wf lemma="bilo" pos="X">bilo</wf>
         <wf lemma="namreč" pos="X">namreč</wf>
         <wf lemma="zelo" pos="X">zelo</wf>
         <wf lemma="nevarno" pos="X">nevarno</wf>
         <wf lemma="za" pos="X">za</wf>
         <wf lemma="produktivnost" pos="X">produktivnost</wf>
         <wf lemma="," pos="X">,</wf>
         <wf lemma="konkurenčnost" pos="X">konkurenčnost</wf>
         <wf lemma="in" pos="X">in</wf>
         <wf lemma="s" pos="X">s</wf>
         <wf lemma="tem" pos="X">tem</wf>
         <wf lemma="povezan" pos="X">povezan</wf>
         <wf lemma="obstoj" pos="X">obstoj</wf>
         <wf lemma="naših" pos="X">naših</wf>
         <instance id="d000.s1396.t000" lemma="podjetje" pos="NOUN">podjetij</instance>
         <wf lemma="." pos="X">.</wf>
      </sentence>
      <sentence id="d000.s1397" source="wordnet-slovenian">
         <wf lemma="Po" pos="X">Po</wf>
         <wf lemma="našem" pos="X">našem</wf>
         <wf lemma="merjenju" pos="X">merjenju</wf>
         <wf lemma="časa" pos="X">časa</wf>
         <wf lemma="je" pos="X">je</wf>
         <wf lemma="preteklo" pos="X">preteklo</wf>
         <wf lemma="po" pos="X">po</wf>
         <wf lemma="strugi" pos="X">strugi</wf>
         <wf lemma="Donave" pos="X">Donave</wf>
         <wf lemma="veliko" pos="X">veliko</wf>
         <instance id="d000.s1397.t000" lemma="voda" pos="NOUN">vode</instance>
         <wf lemma="do" pos="X">do</wf>
         <wf lemma="ponovnega" pos="X">ponovnega</wf>
         <wf lemma="utelešanja" pos="X">utelešanja</wf>
         <wf lemma="." pos="X">.</wf>
      </sentence>
      <sentence id="d000.s1398" source="wordnet-slovenian">
         <wf lemma="Uefa" pos="X">Uefa</wf>
         <wf lemma="bo" pos="X">bo</wf>
         <wf lemma="prihodnje" pos="X">prihodnje</wf>
         <instance id="d000.s1398.t000" lemma="leto" pos="NOUN">leto</instance>
         <wf lemma="podeljevala" pos="X">podeljevala</wf>
         <wf lemma="licence" pos="X">licence</wf>
         <wf lemma="za" pos="X">za</wf>
         <wf lemma="nastopanje" pos="X">nastopanje</wf>
         <wf lemma="v" pos="X">v</wf>
         <wf lemma="evropskih" pos="X">evropskih</wf>
         <wf lemma="pokalih" pos="X">pokalih</wf>
         <wf lemma="," pos="X">,</wf>
         <wf lemma="zato" pos="X">zato</wf>
         <wf lemma="si" pos="X">si</wf>
         <wf lemma="ne" pos="X">ne</wf>
         <wf lemma="smemo" pos="X">smemo</wf>
         <wf lemma="dovoliti" pos="X">dovoliti</wf>
         <wf lemma="," pos="X">,</wf>
         <wf lemma="da" pos="X">da</wf>
         <wf lemma="bi" pos="X">bi</wf>
         <wf lemma="bili" pos="X">bili</wf>
         <wf lemma="za" pos="X">za</wf>
         <wf lemma="kakšno" pos="X">kakšno</wf>
         <wf lemma="sezono" pos="X">sezono</wf>
         <wf lemma="odstranjeni" pos="X">odstranjeni</wf>
         <wf lemma="zaradi" pos="X">zaradi</wf>
         <wf lemma="navijačev" pos="X">navijačev</wf>
         <wf lemma="." pos="X">.</wf>
      </sentence>
      <sentence id="d000.s1399" source="wordnet-slovenian">
         <wf lemma="Tokrat" pos="X">Tokrat</wf>
         <wf lemma="so" pos="X">so</wf>
         <wf lemma="lansirali" pos="X">lansirali</wf>
         <wf lemma="napoved" pos="X">napoved</wf>
         <wf lemma="," pos="X">,</wf>
         <wf lemma="da" pos="X">da</wf>
         <wf lemma="bom" pos="X">bom</wf>
         <wf lemma="moral" pos="X">moral</wf>
         <wf lemma="," pos="X">,</wf>
         <wf lemma="ko" pos="X">ko</wf>
         <wf lemma="bom" pos="X">bom</wf>
         <wf lemma="dosegel" pos="X">dosegel</wf>
         <wf lemma="oba" pos="X">oba</wf>
         <instance id="d000.s1399.t000" lemma="pogoj" pos="NOUN">pogoja</instance>
         <wf lemma="za" pos="X">za</wf>
         <wf lemma="upokojitev" pos="X">upokojitev</wf>
         <wf lemma="," pos="X">,</wf>
         <wf lemma="starost" pos="X">starost</wf>
         <wf lemma="in" pos="X">in</wf>
         <wf lemma="delovno" pos="X">delovno</wf>
         <wf lemma="dobo" pos="X">dobo</wf>
         <wf lemma="," pos="X">,</wf>
         <wf lemma="oditi" pos="X">oditi</wf>
         <wf lemma="v" pos="X">v</wf>
         <wf lemma="pokoj" pos="X">pokoj</wf>
         <wf lemma="." pos="X">.</wf>
      </sentence>
      <sentence id="d000.s1400" source="wordnet-slovenian">
         <wf lemma="Velik" pos="X">Velik</wf>
         <instance id="d000.s1400.t000" lemma="del" pos="NOUN">del</instance>
         <wf lemma="te" pos="X">te</wf>
         <wf lemma="priljubljenosti" pos="X">priljubljenosti</wf>
         <wf lemma="je" pos="X">je</wf>
         <wf lemma="izviral" pos="X">izviral</wf>
         <wf lemma="iz" pos="X">iz</wf>
         <wf lemma="njegove" pos="X">njegove</wf>
         <wf lemma="ljudskosti" pos="X">ljudskosti</wf>
         <wf lemma="." pos="X">.</wf>
      </sentence>
      <sentence id="d000.s1401" source="wordnet-slovenian">
         <wf lemma="Najmanj" pos="X">Najmanj</wf>
         <wf lemma="uspešne" pos="X">uspešne</wf>
         <wf lemma="so" pos="X">so</wf>
         <wf lemma="združitve" pos="X">združitve</wf>
         <wf lemma="enakih" pos="X">enakih</wf>
         <instance id="d000.s1401.t000" lemma="podjetje" pos="NOUN">podjetij</instance>
         <wf lemma="," pos="X">,</wf>
         <wf lemma="ker" pos="X">ker</wf>
         <wf lemma="se" pos="X">se</wf>
         <wf lemma="pojavi" pos="X">pojavi</wf>
         <wf lemma="težava" pos="X">težava</wf>
         <wf lemma="," pos="X">,</wf>
         <wf lemma="kdo" pos="X">kdo</wf>
         <wf lemma="bo" pos="X">bo</wf>
         <wf lemma="prevzel" pos="X">prevzel</wf>
         <wf lemma="vodilno" pos="X">vodilno</wf>
         <wf lemma="vlogo" pos="X">vlogo</wf>
         <wf lemma="v" pos="X">v</wf>
         <wf lemma="podjetju" pos="X">podjetju</wf>
         <wf lemma="," pos="X">,</wf>
         <wf lemma="katera" pos="X">katera</wf>
         <wf lemma="blagovna" pos="X">blagovna</wf>
         <wf lemma="znamka" pos="X">znamka</wf>
         <wf lemma="bo" pos="X">bo</wf>
         <wf lemma="prevladala" pos="X">prevladala</wf>
         <wf lemma="." pos="X">.</wf>
      </sentence>
      <sentence id="d000.s1402" source="wordnet-slovenian">
         <wf lemma="Študentje" pos="X">Študentje</wf>
         <wf lemma="Turistice" pos="X">Turistice</wf>
         <wf lemma="se" pos="X">se</wf>
         <wf lemma="bodo" pos="X">bodo</wf>
         <wf lemma="tako" pos="X">tako</wf>
         <wf lemma="na" pos="X">na</wf>
         <wf lemma="svoj" pos="X">svoj</wf>
         <instance id="d000.s1402.t000" lemma="način" pos="NOUN">način</instance>
         <wf lemma="preskusili" pos="X">preskusili</wf>
         <wf lemma="v" pos="X">v</wf>
         <wf lemma="organiziranju" pos="X">organiziranju</wf>
         <wf lemma="prireditev" pos="X">prireditev</wf>
         <wf lemma="." pos="X">.</wf>
      </sentence>
      <sentence id="d000.s1403" source="wordnet-slovenian">
         <wf lemma="Veš" pos="X">Veš</wf>
         <wf lemma="," pos="X">,</wf>
         <wf lemma="kaj" pos="X">kaj</wf>
         <wf lemma="pomeni" pos="X">pomeni</wf>
         <wf lemma="nemška" pos="X">nemška</wf>
         <instance id="d000.s1403.t000" lemma="beseda" pos="NOUN">beseda</instance>
         <wf lemma="natürlich" pos="X">natürlich</wf>
         <wf lemma="?" pos="X">?</wf>
      </sentence>
      <sentence id="d000.s1404" source="wordnet-slovenian">
         <wf lemma="V" pos="X">V</wf>
         <wf lemma="šolskem" pos="X">šolskem</wf>
         <instance id="d000.s1404.t000" lemma="okolje" pos="NOUN">okolju</instance>
         <wf lemma="se" pos="X">se</wf>
         <wf lemma="srečamo" pos="X">srečamo</wf>
         <wf lemma="z" pos="X">z</wf>
         <wf lemma="esejem" pos="X">esejem</wf>
         <wf lemma="pri" pos="X">pri</wf>
         <wf lemma="nekaterih" pos="X">nekaterih</wf>
         <wf lemma="predmetih" pos="X">predmetih</wf>
         <wf lemma="," pos="X">,</wf>
         <wf lemma="zlasti" pos="X">zlasti</wf>
         <wf lemma="pri" pos="X">pri</wf>
         <wf lemma="slovenščini" pos="X">slovenščini</wf>
         <wf lemma="." pos="X">.</wf>
      </sentence>
      <sentence id="d000.s1405" source="wordnet-slovenian">
         <wf lemma="Roke" pos="X">Roke</wf>
         <wf lemma="sproščeno" pos="X">sproščeno</wf>
         <wf lemma="počivajo" pos="X">počivajo</wf>
         <wf lemma="ob" pos="X">ob</wf>
         <instance id="d000.s1405.t000" lemma="telo" pos="NOUN">telesu</instance>
         <wf lemma="." pos="X">.</wf>
      </sentence>
      <sentence id="d000.s1406" source="wordnet-slovenian">
         <wf lemma="&quot;" pos="X">&quot;</wf>
         <wf lemma="Domačije" pos="X">Domačije</wf>
         <wf lemma="ne" pos="X">ne</wf>
         <wf lemma="urejamo" pos="X">urejamo</wf>
         <wf lemma="zaradi" pos="X">zaradi</wf>
         <wf lemma="nagrad" pos="X">nagrad</wf>
         <wf lemma="," pos="X">,</wf>
         <wf lemma="temveč" pos="X">temveč</wf>
         <wf lemma="zaradi" pos="X">zaradi</wf>
         <wf lemma="boljšega" pos="X">boljšega</wf>
         <wf lemma="počutja" pos="X">počutja</wf>
         <wf lemma="," pos="X">,</wf>
         <wf lemma="&quot;" pos="X">&quot;</wf>
         <wf lemma="pravi" pos="X">pravi</wf>
         <wf lemma="Starihova" pos="X">Starihova</wf>
         <wf lemma="," pos="X">,</wf>
         <wf lemma="ki" pos="X">ki</wf>
         <wf lemma="tudi" pos="X">tudi</wf>
         <wf lemma="meni" pos="X">meni</wf>
         <wf lemma="," pos="X">,</wf>
         <wf lemma="da" pos="X">da</wf>
         <wf lemma="zadnja" pos="X">zadnja</wf>
         <instance id="d000.s1406.t000" lemma="leto" pos="NOUN">leta</instance>
         <wf lemma="na" pos="X">na</wf>
         <wf lemma="marsikateri" pos="X">marsikateri</wf>
         <wf lemma="kmečki" pos="X">kmečki</wf>
         <wf lemma="domačiji" pos="X">domačiji</wf>
         <wf lemma="vzorno" pos="X">vzorno</wf>
         <wf lemma="skrbijo" pos="X">skrbijo</wf>
         <wf lemma="za" pos="X">za</wf>
         <wf lemma="urejenost" pos="X">urejenost</wf>
         <wf lemma="," pos="X">,</wf>
         <wf lemma="a" pos="X">a</wf>
         <wf lemma="morda" pos="X">morda</wf>
         <wf lemma="ne" pos="X">ne</wf>
         <wf lemma="vedo" pos="X">vedo</wf>
         <wf lemma="za" pos="X">za</wf>
         <wf lemma="akcijo" pos="X">akcijo</wf>
         <wf lemma="ali" pos="X">ali</wf>
         <wf lemma="pa" pos="X">pa</wf>
         <wf lemma="se" pos="X">se</wf>
         <wf lemma="nanjo" pos="X">nanjo</wf>
         <wf lemma="ne" pos="X">ne</wf>
         <wf lemma="prijavijo" pos="X">prijavijo</wf>
         <wf lemma="zaradi" pos="X">zaradi</wf>
         <wf lemma="svoje" pos="X">svoje</wf>
         <wf lemma="skromnosti" pos="X">skromnosti</wf>
         <wf lemma="." pos="X">.</wf>
      </sentence>
      <sentence id="d000.s1407" source="wordnet-slovenian">
         <wf lemma="Morda" pos="X">Morda</wf>
         <wf lemma="bo" pos="X">bo</wf>
         <wf lemma="pripravljen" pos="X">pripravljen</wf>
         <wf lemma="priznati" pos="X">priznati</wf>
         <wf lemma="vašo" pos="X">vašo</wf>
         <instance id="d000.s1407.t000" lemma="moč" pos="NOUN">moč</instance>
         <wf lemma="." pos="X">.</wf>
      </sentence>
      <sentence id="d000.s1408" source="wordnet-slovenian">
         <wf lemma="Šele" pos="X">Šele</wf>
         <wf lemma="ko" pos="X">ko</wf>
         <wf lemma="ga" pos="X">ga</wf>
         <wf lemma="je" pos="X">je</wf>
         <wf lemma="grofica" pos="X">grofica</wf>
         <wf lemma="Matilda" pos="X">Matilda</wf>
         <wf lemma="prepričala" pos="X">prepričala</wf>
         <wf lemma="," pos="X">,</wf>
         <wf lemma="da" pos="X">da</wf>
         <wf lemma="bo" pos="X">bo</wf>
         <wf lemma="Henrik" pos="X">Henrik</wf>
         <wf lemma="umrl" pos="X">umrl</wf>
         <wf lemma="," pos="X">,</wf>
         <wf lemma="če" pos="X">če</wf>
         <wf lemma="ga" pos="X">ga</wf>
         <wf lemma="pusti" pos="X">pusti</wf>
         <wf lemma="pred" pos="X">pred</wf>
         <wf lemma="zidovjem" pos="X">zidovjem</wf>
         <wf lemma="samo" pos="X">samo</wf>
         <wf lemma="še" pos="X">še</wf>
         <instance id="d000.s1408.t000" lemma="minuta" pos="NOUN">minuto</instance>
         <wf lemma="," pos="X">,</wf>
         <wf lemma="se" pos="X">se</wf>
         <wf lemma="je" pos="X">je</wf>
         <wf lemma="Gregor" pos="X">Gregor</wf>
         <wf lemma="odločil" pos="X">odločil</wf>
         <wf lemma="," pos="X">,</wf>
         <wf lemma="da" pos="X">da</wf>
         <wf lemma="ga" pos="X">ga</wf>
         <wf lemma="sprejme" pos="X">sprejme</wf>
         <wf lemma="." pos="X">.</wf>
      </sentence>
      <sentence id="d000.s1409" source="wordnet-slovenian">
         <wf lemma="POSEBEJ" pos="X">POSEBEJ</wf>
         <wf lemma="POMEMBNO" pos="X">POMEMBNO</wf>
         <wf lemma="PRI" pos="X">PRI</wf>
         <wf lemma="TEJ" pos="X">TEJ</wf>
         <wf lemma="OBLIKI" pos="X">OBLIKI</wf>
         <wf lemma="ZAČASNE" pos="X">ZAČASNE</wf>
         <wf lemma="POROKE" pos="X">POROKE</wf>
         <wf lemma="JE" pos="X">JE</wf>
         <wf lemma="," pos="X">,</wf>
         <wf lemma="DA" pos="X">DA</wf>
         <wf lemma="JE" pos="X">JE</wf>
         <wf lemma="ŽENSKA" pos="X">ŽENSKA</wf>
         <wf lemma="TISTA" pos="X">TISTA</wf>
         <wf lemma="," pos="X">,</wf>
         <wf lemma="KI" pos="X">KI</wf>
         <wf lemma="DA" pos="X">DA</wf>
         <wf lemma="POBUDO" pos="X">POBUDO</wf>
         <wf lemma="ZA" pos="X">ZA</wf>
         <wf lemma="SKLENITEV" pos="X">SKLENITEV</wf>
         <wf lemma="ZVEZE" pos="X">ZVEZE</wf>
         <wf lemma="IN" pos="X">IN</wf>
         <wf lemma="TUDI" pos="X">TUDI</wf>
         <wf lemma="DOLOČI" pos="X">DOLOČI</wf>
         <instance id="d000.s1409.t000" lemma="pogoj" pos="NOUN">POGOJE</instance>
         <wf lemma="POGODBE" pos="X">POGODBE</wf>
         <wf lemma="," pos="X">,</wf>
         <wf lemma="POGOSTO" pos="X">POGOSTO</wf>
         <wf lemma="PA" pos="X">PA</wf>
         <wf lemma="POGODBO" pos="X">POGODBO</wf>
         <wf lemma="TUDI" pos="X">TUDI</wf>
         <wf lemma="PLAČA" pos="X">PLAČA</wf>
         <wf lemma="," pos="X">,</wf>
         <wf lemma="MEDTEM" pos="X">MEDTEM</wf>
         <wf lemma="KO" pos="X">KO</wf>
         <wf lemma="IMA" pos="X">IMA</wf>
         <wf lemma="TAKŠNO" pos="X">TAKŠNO</wf>
         <wf lemma="VLOGO" pos="X">VLOGO</wf>
         <wf lemma="PRI" pos="X">PRI</wf>
         <wf lemma="DRUGIH" pos="X">DRUGIH</wf>
         <wf lemma="OBLIKAH" pos="X">OBLIKAH</wf>
         <wf lemma="ZAČASNE" pos="X">ZAČASNE</wf>
         <wf lemma="POROKE" pos="X">POROKE</wf>
         <wf lemma="MOŠKI" pos="X">MOŠKI</wf>
         <wf lemma="." pos="X">.</wf>
      </sentence>
      <sentence id="d000.s1410" source="wordnet-slovenian">
         <wf lemma="Zemeljska" pos="X">Zemeljska</wf>
         <instance id="d000.s1410.t000" lemma="delo" pos="NOUN">dela</instance>
         <wf lemma="pri" pos="X">pri</wf>
         <wf lemma="dograditvi" pos="X">dograditvi</wf>
         <wf lemma="sedanje" pos="X">sedanje</wf>
         <wf lemma="plastične" pos="X">plastične</wf>
         <wf lemma="smučarske" pos="X">smučarske</wf>
         <wf lemma="skakalnice" pos="X">skakalnice</wf>
         <wf lemma="so" pos="X">so</wf>
         <wf lemma="že" pos="X">že</wf>
         <wf lemma="stekla" pos="X">stekla</wf>
         <wf lemma="-" pos="X">-</wf>
         <wf lemma="Skakalci" pos="X">Skakalci</wf>
         <wf lemma="se" pos="X">se</wf>
         <wf lemma="bodo" pos="X">bodo</wf>
         <wf lemma="pomerili" pos="X">pomerili</wf>
         <wf lemma="ob" pos="X">ob</wf>
         <wf lemma="rudarskem" pos="X">rudarskem</wf>
         <wf lemma="prazniku" pos="X">prazniku</wf>
         <wf lemma="." pos="X">.</wf>
      </sentence>
      <sentence id="d000.s1411" source="wordnet-slovenian">
         <wf lemma="Louise" pos="X">Louise</wf>
         <wf lemma="Hay" pos="X">Hay</wf>
         <wf lemma="v" pos="X">v</wf>
         <wf lemma="svoji" pos="X">svoji</wf>
         <wf lemma="uspešnici" pos="X">uspešnici</wf>
         <wf lemma="You" pos="X">You</wf>
         <wf lemma="Can" pos="X">Can</wf>
         <wf lemma="Heal" pos="X">Heal</wf>
         <wf lemma="Your" pos="X">Your</wf>
         <wf lemma="Life" pos="X">Life</wf>
         <wf lemma="(" pos="X">(</wf>
         <wf lemma="Svoje" pos="X">Svoje</wf>
         <instance id="d000.s1411.t000" lemma="življenje" pos="NOUN">življenje</instance>
         <wf lemma="lahko" pos="X">lahko</wf>
         <wf lemma="ozdravite" pos="X">ozdravite</wf>
         <wf lemma="sami" pos="X">sami</wf>
         <wf lemma=")" pos="X">)</wf>
         <wf lemma="piše" pos="X">piše</wf>
         <wf lemma=":" pos="X">:</wf>
      </sentence>
      <sentence id="d000.s1412" source="wordnet-slovenian">
         <wf lemma="Ker" pos="X">Ker</wf>
         <wf lemma="so" pos="X">so</wf>
         <wf lemma="vzorci" pos="X">vzorci</wf>
         <wf lemma="sipin" pos="X">sipin</wf>
         <wf lemma="od" pos="X">od</wf>
         <instance id="d000.s1412.t000" lemma="območje" pos="NOUN">območja</instance>
         <wf lemma="do" pos="X">do</wf>
         <wf lemma="območja" pos="X">območja</wf>
         <wf lemma="različni" pos="X">različni</wf>
         <wf lemma="," pos="X">,</wf>
         <wf lemma="lahko" pos="X">lahko</wf>
         <wf lemma="vesoljci" pos="X">vesoljci</wf>
         <wf lemma="pri" pos="X">pri</wf>
         <wf lemma="preletu" pos="X">preletu</wf>
         <wf lemma="ugotavljajo" pos="X">ugotavljajo</wf>
         <wf lemma="," pos="X">,</wf>
         <wf lemma="za" pos="X">za</wf>
         <wf lemma="katero" pos="X">katero</wf>
         <wf lemma="puščavo" pos="X">puščavo</wf>
         <wf lemma="gre" pos="X">gre</wf>
         <wf lemma="." pos="X">.</wf>
      </sentence>
      <sentence id="d000.s1413" source="wordnet-slovenian">
         <wf lemma="Gre" pos="X">Gre</wf>
         <wf lemma="," pos="X">,</wf>
         <wf lemma="to" pos="X">to</wf>
         <wf lemma="mislim" pos="X">mislim</wf>
         <wf lemma="čisto" pos="X">čisto</wf>
         <wf lemma="resno" pos="X">resno</wf>
         <wf lemma="," pos="X">,</wf>
         <wf lemma="za" pos="X">za</wf>
         <wf lemma="zgodovinski" pos="X">zgodovinski</wf>
         <wf lemma="dokument" pos="X">dokument</wf>
         <wf lemma="," pos="X">,</wf>
         <wf lemma="ki" pos="X">ki</wf>
         <wf lemma="napoveduje" pos="X">napoveduje</wf>
         <instance id="d000.s1413.t000" lemma="konec" pos="NOUN">konec</instance>
         <wf lemma="vznemirljivega" pos="X">vznemirljivega</wf>
         <wf lemma="," pos="X">,</wf>
         <wf lemma="pa" pos="X">pa</wf>
         <wf lemma="tudi" pos="X">tudi</wf>
         <wf lemma="dramatičnega" pos="X">dramatičnega</wf>
         <wf lemma="obdobja" pos="X">obdobja</wf>
         <wf lemma="slovenskega" pos="X">slovenskega</wf>
         <wf lemma="teatra" pos="X">teatra</wf>
         <wf lemma="," pos="X">,</wf>
         <wf lemma="hkrati" pos="X">hkrati</wf>
         <wf lemma="pa" pos="X">pa</wf>
         <wf lemma="govori" pos="X">govori</wf>
         <wf lemma="o" pos="X">o</wf>
         <wf lemma="globoki" pos="X">globoki</wf>
         <wf lemma="človeški" pos="X">človeški</wf>
         <wf lemma="stiski" pos="X">stiski</wf>
         <wf lemma="enega" pos="X">enega</wf>
         <wf lemma="izmed" pos="X">izmed</wf>
         <wf lemma="največjih" pos="X">največjih</wf>
         <wf lemma="slovenskih" pos="X">slovenskih</wf>
         <wf lemma="igralcev" pos="X">igralcev</wf>
         <wf lemma="vseh" pos="X">vseh</wf>
         <wf lemma="časov" pos="X">časov</wf>
         <wf lemma="." pos="X">.</wf>
      </sentence>
      <sentence id="d000.s1414" source="wordnet-slovenian">
         <wf lemma="Poročila" pos="X">Poročila</wf>
         <wf lemma="temeljijo" pos="X">temeljijo</wf>
         <wf lemma="na" pos="X">na</wf>
         <wf lemma="poročilih" pos="X">poročilih</wf>
         <wf lemma="posameznih" pos="X">posameznih</wf>
         <wf lemma="držav" pos="X">držav</wf>
         <wf lemma="članic" pos="X">članic</wf>
         <wf lemma="ter" pos="X">ter</wf>
         <wf lemma="bilateralnih" pos="X">bilateralnih</wf>
         <wf lemma="sestankih" pos="X">sestankih</wf>
         <wf lemma="," pos="X">,</wf>
         <wf lemma="ki" pos="X">ki</wf>
         <wf lemma="jih" pos="X">jih</wf>
         <wf lemma="je" pos="X">je</wf>
         <wf lemma="imela" pos="X">imela</wf>
         <instance id="d000.s1414.t000" lemma="komisija" pos="NOUN">komisija</instance>
         <wf lemma="z" pos="X">z</wf>
         <wf lemma="oblastmi" pos="X">oblastmi</wf>
         <wf lemma="posameznih" pos="X">posameznih</wf>
         <wf lemma="držav" pos="X">držav</wf>
         <wf lemma="." pos="X">.</wf>
      </sentence>
      <sentence id="d000.s1415" source="wordnet-slovenian">
         <wf lemma="Kopica" pos="X">Kopica</wf>
         <wf lemma="kaznivih" pos="X">kaznivih</wf>
         <wf lemma="dejanj" pos="X">dejanj</wf>
         <wf lemma="," pos="X">,</wf>
         <wf lemma="o" pos="X">o</wf>
         <wf lemma="katerih" pos="X">katerih</wf>
         <wf lemma="policija" pos="X">policija</wf>
         <wf lemma="še" pos="X">še</wf>
         <wf lemma="dobiva" pos="X">dobiva</wf>
         <wf lemma="obvestila" pos="X">obvestila</wf>
         <wf lemma="," pos="X">,</wf>
         <wf lemma="povezana" pos="X">povezana</wf>
         <wf lemma="s" pos="X">s</wf>
         <instance id="d000.s1415.t000" lemma="podjetje" pos="NOUN">podjetji</instance>
         <wf lemma="." pos="X">.</wf>
      </sentence>
      <sentence id="d000.s1416" source="wordnet-slovenian">
         <instance id="d000.s1416.t000" lemma="leto" pos="NOUN">Leta</instance>
         <wf lemma="so" pos="X">so</wf>
         <wf lemma="tekla" pos="X">tekla</wf>
         <wf lemma="," pos="X">,</wf>
         <wf lemma="najino" pos="X">najino</wf>
         <wf lemma="otroštvo" pos="X">otroštvo</wf>
         <wf lemma="je" pos="X">je</wf>
         <wf lemma="minilo" pos="X">minilo</wf>
         <wf lemma="," pos="X">,</wf>
         <wf lemma="mati" pos="X">mati</wf>
         <wf lemma="je" pos="X">je</wf>
         <wf lemma="umrla" pos="X">umrla</wf>
         <wf lemma="," pos="X">,</wf>
         <wf lemma="midva" pos="X">midva</wf>
         <wf lemma="pa" pos="X">pa</wf>
         <wf lemma="sva" pos="X">sva</wf>
         <wf lemma="se" pos="X">se</wf>
         <wf lemma="starala" pos="X">starala</wf>
         <wf lemma="." pos="X">.</wf>
      </sentence>
      <sentence id="d000.s1417" source="wordnet-slovenian">
         <wf lemma="Če" pos="X">Če</wf>
         <wf lemma="prvorojenca" pos="X">prvorojenca</wf>
         <wf lemma="postaneta" pos="X">postaneta</wf>
         <wf lemma="par" pos="X">par</wf>
         <wf lemma="," pos="X">,</wf>
         <wf lemma="se" pos="X">se</wf>
         <wf lemma="to" pos="X">to</wf>
         <wf lemma="lahko" pos="X">lahko</wf>
         <wf lemma="sprevrže" pos="X">sprevrže</wf>
         <wf lemma="v" pos="X">v</wf>
         <wf lemma="preskušanje" pos="X">preskušanje</wf>
         <instance id="d000.s1417.t000" lemma="moč" pos="NOUN">moči</instance>
         <wf lemma="." pos="X">.</wf>
      </sentence>
      <sentence id="d000.s1418" source="wordnet-slovenian">
         <wf lemma="In" pos="X">In</wf>
         <wf lemma="drugače" pos="X">drugače</wf>
         <wf lemma="kot" pos="X">kot</wf>
         <wf lemma="katerikoli" pos="X">katerikoli</wf>
         <instance id="d000.s1418.t000" lemma="otrok" pos="NOUN">otrok</instance>
         <wf lemma="iz" pos="X">iz</wf>
         <wf lemma="drobovja" pos="X">drobovja</wf>
         <wf lemma="popolnoma" pos="X">popolnoma</wf>
         <wf lemma="moja" pos="X">moja</wf>
         <wf lemma="." pos="X">.</wf>
      </sentence>
      <sentence id="d000.s1419" source="wordnet-slovenian">
         <wf lemma="To" pos="X">To</wf>
         <wf lemma="je" pos="X">je</wf>
         <wf lemma="zahtevala" pos="X">zahtevala</wf>
         <wf lemma="z" pos="X">z</wf>
         <wf lemma="zelo" pos="X">zelo</wf>
         <wf lemma="povišanim" pos="X">povišanim</wf>
         <instance id="d000.s1419.t000" lemma="glas" pos="NOUN">glasom</instance>
         <wf lemma="in" pos="X">in</wf>
         <wf lemma="drugi" pos="X">drugi</wf>
         <wf lemma="gostje" pos="X">gostje</wf>
         <wf lemma="so" pos="X">so</wf>
         <wf lemma="jo" pos="X">jo</wf>
         <wf lemma="morali" pos="X">morali</wf>
         <wf lemma="opaziti" pos="X">opaziti</wf>
         <wf lemma="," pos="X">,</wf>
         <wf lemma="če" pos="X">če</wf>
         <wf lemma="so" pos="X">so</wf>
         <wf lemma="hoteli" pos="X">hoteli</wf>
         <wf lemma="ali" pos="X">ali</wf>
         <wf lemma="ne" pos="X">ne</wf>
         <wf lemma="." pos="X">.</wf>
      </sentence>
      <sentence id="d000.s1420" source="wordnet-slovenian">
         <wf lemma="Pregled" pos="X">Pregled</wf>
         <wf lemma="slednjega" pos="X">slednjega</wf>
         <wf lemma="je" pos="X">je</wf>
         <wf lemma="pokazal" pos="X">pokazal</wf>
         <wf lemma="," pos="X">,</wf>
         <wf lemma="da" pos="X">da</wf>
         <wf lemma="je" pos="X">je</wf>
         <wf lemma="bil" pos="X">bil</wf>
         <wf lemma="namenjen" pos="X">namenjen</wf>
         <wf lemma="na" pos="X">na</wf>
         <wf lemma="preprodajalsko" pos="X">preprodajalsko</wf>
         <instance id="d000.s1420.t000" lemma="pot" pos="NOUN">pot</instance>
         <wf lemma="." pos="X">.</wf>
      </sentence>
      <sentence id="d000.s1421" source="wordnet-slovenian">
         <wf lemma="Sedele" pos="X">Sedele</wf>
         <wf lemma="so" pos="X">so</wf>
         <wf lemma="," pos="X">,</wf>
         <wf lemma="izmučenih" pos="X">izmučenih</wf>
         <wf lemma="obrazov" pos="X">obrazov</wf>
         <wf lemma="in" pos="X">in</wf>
         <wf lemma="mlahavih" pos="X">mlahavih</wf>
         <instance id="d000.s1421.t000" lemma="telo" pos="NOUN">teles</instance>
         <wf lemma="," pos="X">,</wf>
         <wf lemma="tako" pos="X">tako</wf>
         <wf lemma="da" pos="X">da</wf>
         <wf lemma="tudi" pos="X">tudi</wf>
         <wf lemma="matere" pos="X">matere</wf>
         <wf lemma="z" pos="X">z</wf>
         <wf lemma="otroki" pos="X">otroki</wf>
         <wf lemma="na" pos="X">na</wf>
         <wf lemma="rokah" pos="X">rokah</wf>
         <wf lemma="niso" pos="X">niso</wf>
         <wf lemma="niti" pos="X">niti</wf>
         <wf lemma="pomislile" pos="X">pomislile</wf>
         <wf lemma="," pos="X">,</wf>
         <wf lemma="da" pos="X">da</wf>
         <wf lemma="bi" pos="X">bi</wf>
         <wf lemma="jih" pos="X">jih</wf>
         <wf lemma="prosile" pos="X">prosile</wf>
         <wf lemma="za" pos="X">za</wf>
         <wf lemma="sedež" pos="X">sedež</wf>
         <wf lemma=";" pos="X">;</wf>
         <wf lemma="vse" pos="X">vse</wf>
         <wf lemma="do" pos="X">do</wf>
         <wf lemma="mejnega" pos="X">mejnega</wf>
         <wf lemma="prehoda" pos="X">prehoda</wf>
         <wf lemma="," pos="X">,</wf>
         <wf lemma="prek" pos="X">prek</wf>
         <wf lemma="katerega" pos="X">katerega</wf>
         <wf lemma="je" pos="X">je</wf>
         <wf lemma="bilo" pos="X">bilo</wf>
         <wf lemma="treba" pos="X">treba</wf>
         <wf lemma="peš" pos="X">peš</wf>
         <wf lemma="," pos="X">,</wf>
         <wf lemma="mimo" pos="X">mimo</wf>
         <wf lemma="carinikov" pos="X">carinikov</wf>
         <wf lemma="obeh" pos="X">obeh</wf>
         <wf lemma="držav" pos="X">držav</wf>
         <wf lemma="." pos="X">.</wf>
      </sentence>
      <sentence id="d000.s1422" source="wordnet-slovenian">
         <wf lemma="Glede" pos="X">Glede</wf>
         <wf lemma="vključitve" pos="X">vključitve</wf>
         <wf lemma="Slovenije" pos="X">Slovenije</wf>
         <wf lemma="v" pos="X">v</wf>
         <wf lemma="EU" pos="X">EU</wf>
         <wf lemma="je" pos="X">je</wf>
         <wf lemma="sogovornik" pos="X">sogovornik</wf>
         <wf lemma="dejal" pos="X">dejal</wf>
         <wf lemma="," pos="X">,</wf>
         <wf lemma="da" pos="X">da</wf>
         <wf lemma="si" pos="X">si</wf>
         <wf lemma="to" pos="X">to</wf>
         <wf lemma="želijo" pos="X">želijo</wf>
         <wf lemma="," pos="X">,</wf>
         <wf lemma="saj" pos="X">saj</wf>
         <wf lemma="si" pos="X">si</wf>
         <wf lemma="zaradi" pos="X">zaradi</wf>
         <wf lemma="trenutnih" pos="X">trenutnih</wf>
         <wf lemma="dogajanj" pos="X">dogajanj</wf>
         <wf lemma="na" pos="X">na</wf>
         <wf lemma="Balkanu" pos="X">Balkanu</wf>
         <wf lemma="morajo" pos="X">morajo</wf>
         <wf lemma="prizadevati" pos="X">prizadevati</wf>
         <wf lemma="," pos="X">,</wf>
         <wf lemma="da" pos="X">da</wf>
         <wf lemma="bi" pos="X">bi</wf>
         <wf lemma="mirovna" pos="X">mirovna</wf>
         <wf lemma="skupnost" pos="X">skupnost</wf>
         <wf lemma="Evrope" pos="X">Evrope</wf>
         <wf lemma="vključevala" pos="X">vključevala</wf>
         <wf lemma="tudi" pos="X">tudi</wf>
         <wf lemma="države" pos="X">države</wf>
         <wf lemma="," pos="X">,</wf>
         <wf lemma="ki" pos="X">ki</wf>
         <wf lemma="so" pos="X">so</wf>
         <wf lemma="se" pos="X">se</wf>
         <wf lemma="šele" pos="X">šele</wf>
         <wf lemma="pred" pos="X">pred</wf>
         <wf lemma="nekaj" pos="X">nekaj</wf>
         <instance id="d000.s1422.t000" lemma="leto" pos="NOUN">leti</instance>
         <wf lemma="osvobodile" pos="X">osvobodile</wf>
         <wf lemma="komunizma" pos="X">komunizma</wf>
         <wf lemma="." pos="X">.</wf>
      </sentence>
      <sentence id="d000.s1423" source="wordnet-slovenian">
         <wf lemma="Neka" pos="X">Neka</wf>
         <wf lemma="znanka" pos="X">znanka</wf>
         <wf lemma="mi" pos="X">mi</wf>
         <wf lemma="je" pos="X">je</wf>
         <wf lemma="opisala" pos="X">opisala</wf>
         <wf lemma="ljubljenje" pos="X">ljubljenje</wf>
         <wf lemma="s" pos="X">s</wf>
         <wf lemma="Škorpijonom" pos="X">Škorpijonom</wf>
         <wf lemma="kot" pos="X">kot</wf>
         <wf lemma="»" pos="X">»</wf>
         <instance id="d000.s1423.t000" lemma="pogled" pos="NOUN">pogled</instance>
         <wf lemma="na" pos="X">na</wf>
         <wf lemma="vulkansko" pos="X">vulkansko</wf>
         <wf lemma="lavo" pos="X">lavo</wf>
         <wf lemma="," pos="X">,</wf>
         <wf lemma="ki" pos="X">ki</wf>
         <wf lemma="se" pos="X">se</wf>
         <wf lemma="vali" pos="X">vali</wf>
         <wf lemma="proti" pos="X">proti</wf>
         <wf lemma="tebi" pos="X">tebi</wf>
         <wf lemma="«" pos="X">«</wf>
         <wf lemma="!" pos="X">!</wf>
      </sentence>
      <sentence id="d000.s1424" source="wordnet-slovenian">
         <wf lemma="Danes" pos="X">Danes</wf>
         <wf lemma="že" pos="X">že</wf>
         <wf lemma="uporabljajo" pos="X">uporabljajo</wf>
         <wf lemma="tehnologijo" pos="X">tehnologijo</wf>
         <wf lemma="za" pos="X">za</wf>
         <wf lemma="katero" pos="X">katero</wf>
         <wf lemma="so" pos="X">so</wf>
         <wf lemma="mislili" pos="X">mislili</wf>
         <wf lemma="," pos="X">,</wf>
         <wf lemma="da" pos="X">da</wf>
         <wf lemma="bo" pos="X">bo</wf>
         <wf lemma="prišla" pos="X">prišla</wf>
         <wf lemma="v" pos="X">v</wf>
         <instance id="d000.s1424.t000" lemma="uporaba" pos="NOUN">uporabo</instance>
         <wf lemma="šele" pos="X">šele</wf>
         <wf lemma="v" pos="X">v</wf>
         <wf lemma="prihodnjem" pos="X">prihodnjem</wf>
         <wf lemma="tisočletju" pos="X">tisočletju</wf>
         <wf lemma="." pos="X">.</wf>
      </sentence>
      <sentence id="d000.s1425" source="wordnet-slovenian">
         <wf lemma="&quot;" pos="X">&quot;</wf>
         <wf lemma="Menimo" pos="X">Menimo</wf>
         <wf lemma="," pos="X">,</wf>
         <wf lemma="da" pos="X">da</wf>
         <instance id="d000.s1425.t000" lemma="uporaba" pos="NOUN">uporaba</instance>
         <wf lemma="GSO" pos="X">GSO</wf>
         <wf lemma="v" pos="X">v</wf>
         <wf lemma="kmetijstvu" pos="X">kmetijstvu</wf>
         <wf lemma="ogroža" pos="X">ogroža</wf>
         <wf lemma="ekonomski" pos="X">ekonomski</wf>
         <wf lemma="obstoj" pos="X">obstoj</wf>
         <wf lemma="konvencionalnih" pos="X">konvencionalnih</wf>
         <wf lemma="in" pos="X">in</wf>
         <wf lemma="ekoloških" pos="X">ekoloških</wf>
         <wf lemma="kmetov" pos="X">kmetov</wf>
         <wf lemma="," pos="X">,</wf>
         <wf lemma="poleg" pos="X">poleg</wf>
         <wf lemma="tega" pos="X">tega</wf>
         <wf lemma="nihče" pos="X">nihče</wf>
         <wf lemma="ne" pos="X">ne</wf>
         <wf lemma="ve" pos="X">ve</wf>
         <wf lemma="," pos="X">,</wf>
         <wf lemma="kako" pos="X">kako</wf>
         <wf lemma="bo" pos="X">bo</wf>
         <wf lemma="njihova" pos="X">njihova</wf>
         <wf lemma="uporaba" pos="X">uporaba</wf>
         <wf lemma="dolgoročno" pos="X">dolgoročno</wf>
         <wf lemma="vplivala" pos="X">vplivala</wf>
         <wf lemma="na" pos="X">na</wf>
         <wf lemma="okolje" pos="X">okolje</wf>
         <wf lemma="in" pos="X">in</wf>
         <wf lemma="zdravje" pos="X">zdravje</wf>
         <wf lemma="ljudi" pos="X">ljudi</wf>
         <wf lemma="." pos="X">.</wf>
      </sentence>
      <sentence id="d000.s1426" source="wordnet-slovenian">
         <wf lemma="Med" pos="X">Med</wf>
         <wf lemma="metom" pos="X">metom</wf>
         <wf lemma="prosto" pos="X">prosto</wf>
         <wf lemma="vrvico" pos="X">vrvico</wf>
         <wf lemma="držimo" pos="X">držimo</wf>
         <wf lemma="v" pos="X">v</wf>
         <wf lemma="levi" pos="X">levi</wf>
         <instance id="d000.s1426.t000" lemma="roka" pos="NOUN">roki</instance>
         <wf lemma="." pos="X">.</wf>
      </sentence>
      <sentence id="d000.s1427" source="wordnet-slovenian">
         <wf lemma="Meni" pos="X">Meni</wf>
         <wf lemma="se" pos="X">se</wf>
         <wf lemma="zdi" pos="X">zdi</wf>
         <wf lemma="to" pos="X">to</wf>
         <wf lemma="najzanimivejši" pos="X">najzanimivejši</wf>
         <wf lemma="," pos="X">,</wf>
         <wf lemma="obetavni" pos="X">obetavni</wf>
         <instance id="d000.s1427.t000" lemma="del" pos="NOUN">del</instance>
         <wf lemma="pusta" pos="X">pusta</wf>
         <wf lemma="in" pos="X">in</wf>
         <wf lemma="pustovanja" pos="X">pustovanja</wf>
         <wf lemma="." pos="X">.</wf>
      </sentence>
      <sentence id="d000.s1428" source="wordnet-slovenian">
         <wf lemma="Zdaj" pos="X">Zdaj</wf>
         <wf lemma="objekt" pos="X">objekt</wf>
         <wf lemma="pripravljajo" pos="X">pripravljajo</wf>
         <wf lemma="za" pos="X">za</wf>
         <wf lemma="potrebe" pos="X">potrebe</wf>
         <wf lemma="Stedekove" pos="X">Stedekove</wf>
         <wf lemma="proizvodnje" pos="X">proizvodnje</wf>
         <wf lemma="," pos="X">,</wf>
         <wf lemma="v" pos="X">v</wf>
         <wf lemma="obnovljene" pos="X">obnovljene</wf>
         <instance id="d000.s1428.t000" lemma="prostor" pos="NOUN">prostore</instance>
         <wf lemma="pa" pos="X">pa</wf>
         <wf lemma="naj" pos="X">naj</wf>
         <wf lemma="bi" pos="X">bi</wf>
         <wf lemma="se" pos="X">se</wf>
         <wf lemma="zaposleni" pos="X">zaposleni</wf>
         <wf lemma="vselili" pos="X">vselili</wf>
         <wf lemma="konec" pos="X">konec</wf>
         <wf lemma="letošnjega" pos="X">letošnjega</wf>
         <wf lemma="oziroma" pos="X">oziroma</wf>
         <wf lemma="na" pos="X">na</wf>
         <wf lemma="začetku" pos="X">začetku</wf>
         <wf lemma="prihodnjega" pos="X">prihodnjega</wf>
         <wf lemma="leta" pos="X">leta</wf>
         <wf lemma="." pos="X">.</wf>
      </sentence>
      <sentence id="d000.s1429" source="wordnet-slovenian">
         <wf lemma="Pri" pos="X">Pri</wf>
         <wf lemma="tem" pos="X">tem</wf>
         <wf lemma="je" pos="X">je</wf>
         <wf lemma="vzgojiteljevo" pos="X">vzgojiteljevo</wf>
         <wf lemma="zaupanje" pos="X">zaupanje</wf>
         <wf lemma="," pos="X">,</wf>
         <wf lemma="da" pos="X">da</wf>
         <wf lemma="bo" pos="X">bo</wf>
         <wf lemma="otrok" pos="X">otrok</wf>
         <wf lemma="tega" pos="X">tega</wf>
         <wf lemma="sposoben" pos="X">sposoben</wf>
         <wf lemma="," pos="X">,</wf>
         <wf lemma="bistvenega" pos="X">bistvenega</wf>
         <wf lemma="pomena" pos="X">pomena</wf>
         <wf lemma="," pos="X">,</wf>
         <wf lemma="saj" pos="X">saj</wf>
         <wf lemma="se" pos="X">se</wf>
         <wf lemma="je" pos="X">je</wf>
         <wf lemma="le" pos="X">le</wf>
         <wf lemma="tako" pos="X">tako</wf>
         <wf lemma="sposoben" pos="X">sposoben</wf>
         <wf lemma="odpovedati" pos="X">odpovedati</wf>
         <wf lemma="svoji" pos="X">svoji</wf>
         <instance id="d000.s1429.t000" lemma="moč" pos="NOUN">moči</instance>
         <wf lemma="in" pos="X">in</wf>
         <wf lemma="avtoriteti" pos="X">avtoriteti</wf>
         <wf lemma="," pos="X">,</wf>
         <wf lemma="da" pos="X">da</wf>
         <wf lemma="o" pos="X">o</wf>
         <wf lemma="vsem" pos="X">vsem</wf>
         <wf lemma="odloča" pos="X">odloča</wf>
         <wf lemma="sam" pos="X">sam</wf>
         <wf lemma="," pos="X">,</wf>
         <wf lemma="in" pos="X">in</wf>
         <wf lemma="povabiti" pos="X">povabiti</wf>
         <wf lemma="otroke" pos="X">otroke</wf>
         <wf lemma="," pos="X">,</wf>
         <wf lemma="da" pos="X">da</wf>
         <wf lemma="odločajo" pos="X">odločajo</wf>
         <wf lemma="," pos="X">,</wf>
         <wf lemma="pa" pos="X">pa</wf>
         <wf lemma="tudi" pos="X">tudi</wf>
         <wf lemma="da" pos="X">da</wf>
         <wf lemma="sprejemajo" pos="X">sprejemajo</wf>
         <wf lemma="odgovornost" pos="X">odgovornost</wf>
         <wf lemma="." pos="X">.</wf>
      </sentence>
      <sentence id="d000.s1430" source="wordnet-slovenian">
         <wf lemma="In" pos="X">In</wf>
         <wf lemma="na" pos="X">na</wf>
         <wf lemma="koncu" pos="X">koncu</wf>
         <wf lemma="še" pos="X">še</wf>
         <wf lemma="tipičen" pos="X">tipičen</wf>
         <instance id="d000.s1430.t000" lemma="primer" pos="NOUN">primer</instance>
         <wf lemma="," pos="X">,</wf>
         <wf lemma="kam" pos="X">kam</wf>
         <wf lemma="gremo" pos="X">gremo</wf>
         <wf lemma="." pos="X">.</wf>
      </sentence>
      <sentence id="d000.s1431" source="wordnet-slovenian">
         <wf lemma="Obilica" pos="X">Obilica</wf>
         <instance id="d000.s1431.t000" lemma="denar" pos="NOUN">denarja</instance>
         <wf lemma="je" pos="X">je</wf>
         <wf lemma="tičala" pos="X">tičala</wf>
         <wf lemma="v" pos="X">v</wf>
         <wf lemma="njem" pos="X">njem</wf>
         <wf lemma="." pos="X">.</wf>
      </sentence>
      <sentence id="d000.s1432" source="wordnet-slovenian">
         <wf lemma="Epileptični" pos="X">Epileptični</wf>
         <wf lemma="napadi" pos="X">napadi</wf>
         <wf lemma="se" pos="X">se</wf>
         <wf lemma="lahko" pos="X">lahko</wf>
         <wf lemma="začnejo" pos="X">začnejo</wf>
         <wf lemma="kadar" pos="X">kadar</wf>
         <wf lemma="koli" pos="X">koli</wf>
         <wf lemma="v" pos="X">v</wf>
         <wf lemma="življenju" pos="X">življenju</wf>
         <wf lemma="," pos="X">,</wf>
         <wf lemma="najpogosteje" pos="X">najpogosteje</wf>
         <wf lemma="pa" pos="X">pa</wf>
         <wf lemma="se" pos="X">se</wf>
         <wf lemma="pojavi" pos="X">pojavi</wf>
         <wf lemma="prvi" pos="X">prvi</wf>
         <wf lemma="napad" pos="X">napad</wf>
         <wf lemma="v" pos="X">v</wf>
         <wf lemma="prvih" pos="X">prvih</wf>
         <wf lemma="treh" pos="X">treh</wf>
         <instance id="d000.s1432.t000" lemma="leto" pos="NOUN">letih</instance>
         <wf lemma="življenja" pos="X">življenja</wf>
         <wf lemma="ali" pos="X">ali</wf>
         <wf lemma="med" pos="X">med</wf>
         <wf lemma="puberteto" pos="X">puberteto</wf>
         <wf lemma="." pos="X">.</wf>
      </sentence>
      <sentence id="d000.s1433" source="wordnet-slovenian">
         <wf lemma="»" pos="X">»</wf>
         <wf lemma="Viš" pos="X">Viš</wf>
         <wf lemma="," pos="X">,</wf>
         <wf lemma="to" pos="X">to</wf>
         <wf lemma="je" pos="X">je</wf>
         <wf lemma="prinesla" pos="X">prinesla</wf>
         <wf lemma="preklemana" pos="X">preklemana</wf>
         <instance id="d000.s1433.t000" lemma="ženska" pos="NOUN">ženska</instance>
         <wf lemma="!" pos="X">!</wf>
      </sentence>
      <sentence id="d000.s1434" source="wordnet-slovenian">
         <wf lemma="/" pos="X">/</wf>
         <wf lemma="ko" pos="X">ko</wf>
         <wf lemma="imaš" pos="X">imaš</wf>
         <instance id="d000.s1434.t000" lemma="otrok" pos="NOUN">otroka</instance>
         <wf lemma="," pos="X">,</wf>
         <wf lemma="si" pos="X">si</wf>
         <wf lemma="preprosto" pos="X">preprosto</wf>
         <wf lemma="sploh" pos="X">sploh</wf>
         <wf lemma="ne" pos="X">ne</wf>
         <wf lemma="moreš" pos="X">moreš</wf>
         <wf lemma="zamišljati" pos="X">zamišljati</wf>
         <wf lemma="," pos="X">,</wf>
         <wf lemma="da" pos="X">da</wf>
         <wf lemma="bi" pos="X">bi</wf>
         <wf lemma="ga" pos="X">ga</wf>
         <wf lemma="." pos="X">.</wf>
      </sentence>
      <sentence id="d000.s1435" source="wordnet-slovenian">
         <wf lemma="S" pos="X">S</wf>
         <instance id="d000.s1435.t000" lemma="predsednik" pos="NOUN">predsednikom</instance>
         <wf lemma="Ilešičem" pos="X">Ilešičem</wf>
         <wf lemma="," pos="X">,</wf>
         <wf lemma="ki" pos="X">ki</wf>
         <wf lemma="je" pos="X">je</wf>
         <wf lemma="bil" pos="X">bil</wf>
         <wf lemma="zagovornik" pos="X">zagovornik</wf>
         <wf lemma="elkanja" pos="X">elkanja</wf>
         <wf lemma="," pos="X">,</wf>
         <wf lemma="glasnik" pos="X">glasnik</wf>
         <wf lemma="novega" pos="X">novega</wf>
         <wf lemma="ilirizma" pos="X">ilirizma</wf>
         <wf lemma="in" pos="X">in</wf>
         <wf lemma="nasprotnik" pos="X">nasprotnik</wf>
         <wf lemma="Moderne" pos="X">Moderne</wf>
         <wf lemma="," pos="X">,</wf>
         <wf lemma="sta" pos="X">sta</wf>
         <wf lemma="se" pos="X">se</wf>
         <wf lemma="večkrat" pos="X">večkrat</wf>
         <wf lemma="sporekla" pos="X">sporekla</wf>
         <wf lemma="." pos="X">.</wf>
      </sentence>
      <sentence id="d000.s1436" source="wordnet-slovenian">
         <wf lemma="Ti" pos="X">Ti</wf>
         <wf lemma="naj" pos="X">naj</wf>
         <wf lemma="bi" pos="X">bi</wf>
         <wf lemma="dolgoročno" pos="X">dolgoročno</wf>
         <wf lemma="zaznamovali" pos="X">zaznamovali</wf>
         <wf lemma="usmeritev" pos="X">usmeritev</wf>
         <instance id="d000.s1436.t000" lemma="podjetje" pos="NOUN">podjetja</instance>
         <wf lemma="predvsem" pos="X">predvsem</wf>
         <wf lemma="v" pos="X">v</wf>
         <wf lemma="izdelavo" pos="X">izdelavo</wf>
         <wf lemma="večpredstavnih" pos="X">večpredstavnih</wf>
         <wf lemma="vsebin" pos="X">vsebin</wf>
         <wf lemma="za" pos="X">za</wf>
         <wf lemma="zdaj" pos="X">zdaj</wf>
         <wf lemma="za" pos="X">za</wf>
         <wf lemma="MP3" pos="X">MP3</wf>
         <wf lemma="in" pos="X">in</wf>
         <wf lemma="DVD" pos="X">DVD</wf>
         <wf lemma="." pos="X">.</wf>
      </sentence>
      <sentence id="d000.s1437" source="wordnet-slovenian">
         <wf lemma="Vsebina" pos="X">Vsebina</wf>
         <wf lemma="Večpredstavnega" pos="X">Večpredstavnega</wf>
         <wf lemma="albuma" pos="X">albuma</wf>
         <wf lemma="je" pos="X">je</wf>
         <wf lemma="pričakovana" pos="X">pričakovana</wf>
         <wf lemma=";" pos="X">;</wf>
         <wf lemma="sličice" pos="X">sličice</wf>
         <wf lemma="," pos="X">,</wf>
         <wf lemma="videi" pos="X">videi</wf>
         <wf lemma="," pos="X">,</wf>
         <wf lemma="zvoki" pos="X">zvoki</wf>
         <wf lemma="(" pos="X">(</wf>
         <instance id="d000.s1437.t000" lemma="igra" pos="NOUN">igre</instance>
         <wf lemma="in" pos="X">in</wf>
         <wf lemma="programi" pos="X">programi</wf>
         <wf lemma=")" pos="X">)</wf>
         <wf lemma="ter" pos="X">ter</wf>
         <wf lemma="informacije" pos="X">informacije</wf>
         <wf lemma="o" pos="X">o</wf>
         <wf lemma="prostem" pos="X">prostem</wf>
         <wf lemma="spominu" pos="X">spominu</wf>
         <wf lemma="," pos="X">,</wf>
         <wf lemma="ki" pos="X">ki</wf>
         <wf lemma="ga" pos="X">ga</wf>
         <wf lemma="je" pos="X">je</wf>
         <wf lemma="v" pos="X">v</wf>
         <wf lemma="tem" pos="X">tem</wf>
         <wf lemma="strojčku" pos="X">strojčku</wf>
         <wf lemma="za" pos="X">za</wf>
         <wf lemma="nekaj" pos="X">nekaj</wf>
         <wf lemma="k" pos="X">k</wf>
         <wf lemma="B" pos="X">B</wf>
         <wf lemma="manj" pos="X">manj</wf>
         <wf lemma="kot" pos="X">kot</wf>
         <wf lemma="2" pos="X">2</wf>
         <wf lemma="MB" pos="X">MB</wf>
         <wf lemma="." pos="X">.</wf>
      </sentence>
      <sentence id="d000.s1438" source="wordnet-slovenian">
         <wf lemma="Po" pos="X">Po</wf>
         <wf lemma="drugi" pos="X">drugi</wf>
         <wf lemma="strani" pos="X">strani</wf>
         <wf lemma="se" pos="X">se</wf>
         <wf lemma="podoživljanju" pos="X">podoživljanju</wf>
         <wf lemma="teh" pos="X">teh</wf>
         <wf lemma="dogodkov" pos="X">dogodkov</wf>
         <instance id="d000.s1438.t000" lemma="človek" pos="NOUN">človek</instance>
         <wf lemma="ne" pos="X">ne</wf>
         <wf lemma="more" pos="X">more</wf>
         <wf lemma="izogniti" pos="X">izogniti</wf>
         <wf lemma="," pos="X">,</wf>
         <wf lemma="tudi" pos="X">tudi</wf>
         <wf lemma="če" pos="X">če</wf>
         <wf lemma="bi" pos="X">bi</wf>
         <wf lemma="se" pos="X">se</wf>
         <wf lemma="preselil" pos="X">preselil</wf>
         <wf lemma="na" pos="X">na</wf>
         <wf lemma="drugi" pos="X">drugi</wf>
         <wf lemma="konec" pos="X">konec</wf>
         <wf lemma="zemlje" pos="X">zemlje</wf>
         <wf lemma="." pos="X">.</wf>
      </sentence>
      <sentence id="d000.s1439" source="wordnet-slovenian">
         <wf lemma="Šele" pos="X">Šele</wf>
         <wf lemma="ko" pos="X">ko</wf>
         <wf lemma="se" pos="X">se</wf>
         <wf lemma="je" pos="X">je</wf>
         <wf lemma="poročil" pos="X">poročil</wf>
         <wf lemma="s" pos="X">s</wf>
         <wf lemma="poljsko" pos="X">poljsko</wf>
         <wf lemma="grofico" pos="X">grofico</wf>
         <wf lemma="Evo" pos="X">Evo</wf>
         <wf lemma="Hansko" pos="X">Hansko</wf>
         <wf lemma="(" pos="X">(</wf>
         <wf lemma="1849" pos="X">1849</wf>
         <wf lemma=")" pos="X">)</wf>
         <wf lemma="," pos="X">,</wf>
         <wf lemma="se" pos="X">se</wf>
         <wf lemma="je" pos="X">je</wf>
         <wf lemma="rešil" pos="X">rešil</wf>
         <wf lemma="dolgov" pos="X">dolgov</wf>
         <wf lemma="," pos="X">,</wf>
         <wf lemma="ker" pos="X">ker</wf>
         <wf lemma="je" pos="X">je</wf>
         <wf lemma="bil" pos="X">bil</wf>
         <wf lemma="nekaj" pos="X">nekaj</wf>
         <instance id="d000.s1439.t000" lemma="teden" pos="NOUN">tednov</instance>
         <wf lemma="pozneje" pos="X">pozneje</wf>
         <wf lemma="že" pos="X">že</wf>
         <wf lemma="mrtev" pos="X">mrtev</wf>
         <wf lemma="." pos="X">.</wf>
      </sentence>
      <sentence id="d000.s1440" source="wordnet-slovenian">
         <wf lemma="Bolj" pos="X">Bolj</wf>
         <wf lemma="odprto" pos="X">odprto</wf>
         <instance id="d000.s1440.t000" lemma="okolje" pos="NOUN">okolje</instance>
         <wf lemma="," pos="X">,</wf>
         <wf lemma="bolj" pos="X">bolj</wf>
         <wf lemma="ustvarjalno" pos="X">ustvarjalno</wf>
         <wf lemma="ozračje" pos="X">ozračje</wf>
         <wf lemma="in" pos="X">in</wf>
         <wf lemma="večjo" pos="X">večjo</wf>
         <wf lemma="elastičnost" pos="X">elastičnost</wf>
         <wf lemma="želijo" pos="X">želijo</wf>
         <wf lemma="ustvariti" pos="X">ustvariti</wf>
         <wf lemma="s" pos="X">s</wf>
         <wf lemma="protibirokratskim" pos="X">protibirokratskim</wf>
         <wf lemma="programom" pos="X">programom</wf>
         <wf lemma="." pos="X">.</wf>
      </sentence>
      <sentence id="d000.s1441" source="wordnet-slovenian">
         <wf lemma="Prav" pos="X">Prav</wf>
         <wf lemma="to" pos="X">to</wf>
         <wf lemma="je" pos="X">je</wf>
         <wf lemma="glavni" pos="X">glavni</wf>
         <wf lemma="adut" pos="X">adut</wf>
         <wf lemma="opterona" pos="X">opterona</wf>
         <wf lemma="," pos="X">,</wf>
         <wf lemma="saj" pos="X">saj</wf>
         <wf lemma="bo" pos="X">bo</wf>
         <instance id="d000.s1441.t000" lemma="podjetje" pos="NOUN">podjetjem</instance>
         <wf lemma="in" pos="X">in</wf>
         <wf lemma="razvijalcem" pos="X">razvijalcem</wf>
         <wf lemma="," pos="X">,</wf>
         <wf lemma="še" pos="X">še</wf>
         <wf lemma="posebno" pos="X">posebno</wf>
         <wf lemma="v" pos="X">v</wf>
         <wf lemma="poslovnem" pos="X">poslovnem</wf>
         <wf lemma="svetu" pos="X">svetu</wf>
         <wf lemma="," pos="X">,</wf>
         <wf lemma="tako" pos="X">tako</wf>
         <wf lemma="omogočeno" pos="X">omogočeno</wf>
         <wf lemma="varčevanje" pos="X">varčevanje</wf>
         <wf lemma="." pos="X">.</wf>
      </sentence>
      <sentence id="d000.s1442" source="wordnet-slovenian">
         <wf lemma="LJUBLJANA" pos="X">LJUBLJANA</wf>
         <wf lemma="Ministrstvo" pos="X">Ministrstvo</wf>
         <wf lemma="za" pos="X">za</wf>
         <wf lemma="zdravje" pos="X">zdravje</wf>
         <wf lemma="je" pos="X">je</wf>
         <wf lemma="s" pos="X">s</wf>
         <wf lemma="šestmesečno" pos="X">šestmesečno</wf>
         <wf lemma="odločbo" pos="X">odločbo</wf>
         <wf lemma="javnemu" pos="X">javnemu</wf>
         <instance id="d000.s1442.t000" lemma="podjetje" pos="NOUN">podjetju</instance>
         <wf lemma="Vodovod" pos="X">Vodovod</wf>
         <wf lemma="-" pos="X">-</wf>
         <wf lemma="kanalizacija" pos="X">kanalizacija</wf>
         <wf lemma="(" pos="X">(</wf>
         <wf lemma="VO" pos="X">VO</wf>
         <wf lemma="-" pos="X">-</wf>
         <wf lemma="KA" pos="X">KA</wf>
         <wf lemma=")" pos="X">)</wf>
         <wf lemma="dovolilo" pos="X">dovolilo</wf>
         <wf lemma="uporabo" pos="X">uporabo</wf>
         <wf lemma="pitne" pos="X">pitne</wf>
         <wf lemma="vode" pos="X">vode</wf>
         <wf lemma="," pos="X">,</wf>
         <wf lemma="in" pos="X">in</wf>
         <wf lemma="sicer" pos="X">sicer</wf>
         <wf lemma="kljub" pos="X">kljub</wf>
         <wf lemma="prekoračeni" pos="X">prekoračeni</wf>
         <wf lemma="vsebnosti" pos="X">vsebnosti</wf>
         <wf lemma="nekaterih" pos="X">nekaterih</wf>
         <wf lemma="pesticidov" pos="X">pesticidov</wf>
         <wf lemma="," pos="X">,</wf>
         <wf lemma="na" pos="X">na</wf>
         <wf lemma="primer" pos="X">primer</wf>
         <wf lemma="atrazina" pos="X">atrazina</wf>
         <wf lemma="," pos="X">,</wf>
         <wf lemma="desetilatrazina" pos="X">desetilatrazina</wf>
         <wf lemma="in" pos="X">in</wf>
         <wf lemma="2,6" pos="X">2,6</wf>
         <wf lemma="-" pos="X">-</wf>
         <wf lemma="diklorobenzamida" pos="X">diklorobenzamida</wf>
         <wf lemma="." pos="X">.</wf>
      </sentence>
      <sentence id="d000.s1443" source="wordnet-slovenian">
         <wf lemma="To" pos="X">To</wf>
         <wf lemma="je" pos="X">je</wf>
         <instance id="d000.s1443.t000" lemma="čas" pos="NOUN">čas</instance>
         <wf lemma="bahavega" pos="X">bahavega</wf>
         <wf lemma="cvetenja" pos="X">cvetenja</wf>
         <wf lemma="velikih" pos="X">velikih</wf>
         <wf lemma="," pos="X">,</wf>
         <wf lemma="visokoraslih" pos="X">visokoraslih</wf>
         <wf lemma="trav" pos="X">trav</wf>
         <wf lemma="," pos="X">,</wf>
         <wf lemma="kakršni" pos="X">kakršni</wf>
         <wf lemma="so" pos="X">so</wf>
         <wf lemma="miskanti" pos="X">miskanti</wf>
         <wf lemma="," pos="X">,</wf>
         <wf lemma="pampaške" pos="X">pampaške</wf>
         <wf lemma="trave" pos="X">trave</wf>
         <wf lemma="in" pos="X">in</wf>
         <wf lemma="druge" pos="X">druge</wf>
         <wf lemma="." pos="X">.</wf>
      </sentence>
      <sentence id="d000.s1444" source="wordnet-slovenian">
         <wf lemma="Anno" pos="X">Anno</wf>
         <wf lemma="je" pos="X">je</wf>
         <wf lemma="opazoval" pos="X">opazoval</wf>
         <wf lemma="že" pos="X">že</wf>
         <wf lemma="skoraj" pos="X">skoraj</wf>
         <wf lemma="dva" pos="X">dva</wf>
         <instance id="d000.s1444.t000" lemma="teden" pos="NOUN">tedna</instance>
         <wf lemma="." pos="X">.</wf>
      </sentence>
      <sentence id="d000.s1445" source="wordnet-slovenian">
         <wf lemma="B" pos="X">B</wf>
         <wf lemma=")" pos="X">)</wf>
         <wf lemma="ŽOGO" pos="X">ŽOGO</wf>
         <wf lemma="VRŽEJO" pos="X">VRŽEJO</wf>
         <wf lemma="OZ." pos="X">OZ.</wf>
         <wf lemma="UJAMEJO" pos="X">UJAMEJO</wf>
         <wf lemma="Z" pos="X">Z</wf>
         <wf lemma="OBEMA" pos="X">OBEMA</wf>
         <instance id="d000.s1445.t000" lemma="roka" pos="NOUN">ROKAMA</instance>
         <wf lemma="V" pos="X">V</wf>
         <wf lemma="VIŠINI" pos="X">VIŠINI</wf>
         <wf lemma="PASU" pos="X">PASU</wf>
         <wf lemma="." pos="X">.</wf>
      </sentence>
      <sentence id="d000.s1446" source="wordnet-slovenian">
         <wf lemma="A" pos="X">A</wf>
         <wf lemma="da" pos="X">da</wf>
         <wf lemma="morajo" pos="X">morajo</wf>
         <wf lemma="starši" pos="X">starši</wf>
         <wf lemma="dati" pos="X">dati</wf>
         <wf lemma="štiristo" pos="X">štiristo</wf>
         <wf lemma="tolarjev" pos="X">tolarjev</wf>
         <wf lemma="," pos="X">,</wf>
         <wf lemma="da" pos="X">da</wf>
         <wf lemma="lahko" pos="X">lahko</wf>
         <wf lemma="njihovi" pos="X">njihovi</wf>
         <wf lemma="otroci" pos="X">otroci</wf>
         <wf lemma="deset" pos="X">deset</wf>
         <instance id="d000.s1446.t000" lemma="minuta" pos="NOUN">minut</instance>
         <wf lemma="skačejo" pos="X">skačejo</wf>
         <wf lemma="po" pos="X">po</wf>
         <wf lemma="novem" pos="X">novem</wf>
         <wf lemma="trampolinu" pos="X">trampolinu</wf>
         <wf lemma="," pos="X">,</wf>
         <wf lemma="in" pos="X">in</wf>
         <wf lemma="potem" pos="X">potem</wf>
         <wf lemma="še" pos="X">še</wf>
         <wf lemma="," pos="X">,</wf>
         <wf lemma="da" pos="X">da</wf>
         <wf lemma="se" pos="X">se</wf>
         <wf lemma="lahko" pos="X">lahko</wf>
         <wf lemma="peljejo" pos="X">peljejo</wf>
         <wf lemma="krog" pos="X">krog</wf>
         <wf lemma="z" pos="X">z</wf>
         <wf lemma="mini" pos="X">mini</wf>
         <wf lemma="vlakcem" pos="X">vlakcem</wf>
         <wf lemma="," pos="X">,</wf>
         <wf lemma="se" pos="X">se</wf>
         <wf lemma="mi" pos="X">mi</wf>
         <wf lemma="pa" pos="X">pa</wf>
         <wf lemma="zdi" pos="X">zdi</wf>
         <wf lemma="prehudo" pos="X">prehudo</wf>
         <wf lemma="tržno" pos="X">tržno</wf>
         <wf lemma="naravnano" pos="X">naravnano</wf>
         <wf lemma="." pos="X">.</wf>
      </sentence>
      <sentence id="d000.s1447" source="wordnet-slovenian">
         <wf lemma="Na" pos="X">Na</wf>
         <wf lemma="možnost" pos="X">možnost</wf>
         <wf lemma="izigravanja" pos="X">izigravanja</wf>
         <wf lemma="pravil" pos="X">pravil</wf>
         <wf lemma="," pos="X">,</wf>
         <wf lemma="o" pos="X">o</wf>
         <wf lemma="kateri" pos="X">kateri</wf>
         <wf lemma="bomo" pos="X">bomo</wf>
         <wf lemma="pisali" pos="X">pisali</wf>
         <wf lemma="tokrat" pos="X">tokrat</wf>
         <wf lemma="," pos="X">,</wf>
         <wf lemma="smo" pos="X">smo</wf>
         <wf lemma="bili" pos="X">bili</wf>
         <wf lemma="opozorjeni" pos="X">opozorjeni</wf>
         <wf lemma="že" pos="X">že</wf>
         <wf lemma="pred" pos="X">pred</wf>
         <wf lemma="časom" pos="X">časom</wf>
         <wf lemma="," pos="X">,</wf>
         <wf lemma="točneje" pos="X">točneje</wf>
         <wf lemma="z" pos="X">z</wf>
         <instance id="d000.s1447.t000" lemma="začetek" pos="NOUN">začetkom</instance>
         <wf lemma="2." pos="X">2.</wf>
         <wf lemma="lige" pos="X">lige</wf>
         <wf lemma="MNZ" pos="X">MNZ</wf>
         <wf lemma="Ljubljana" pos="X">Ljubljana</wf>
         <wf lemma="," pos="X">,</wf>
         <wf lemma="ko" pos="X">ko</wf>
         <wf lemma="je" pos="X">je</wf>
         <wf lemma="ekipa" pos="X">ekipa</wf>
         <wf lemma="Factor" pos="X">Factor</wf>
         <wf lemma="-" pos="X">-</wf>
         <wf lemma="Šmartno" pos="X">Šmartno</wf>
         <wf lemma="odigrala" pos="X">odigrala</wf>
         <wf lemma="prvo" pos="X">prvo</wf>
         <wf lemma="tekmo" pos="X">tekmo</wf>
         <wf lemma="proti" pos="X">proti</wf>
         <wf lemma="Belinki" pos="X">Belinki</wf>
         <wf lemma="," pos="X">,</wf>
         <wf lemma="toda" pos="X">toda</wf>
         <wf lemma="treba" pos="X">treba</wf>
         <wf lemma="je" pos="X">je</wf>
         <wf lemma="bilo" pos="X">bilo</wf>
         <wf lemma="zbrati" pos="X">zbrati</wf>
         <wf lemma="dovolj" pos="X">dovolj</wf>
         <wf lemma="dokazov" pos="X">dokazov</wf>
         <wf lemma="o" pos="X">o</wf>
         <wf lemma="tem" pos="X">tem</wf>
         <wf lemma="," pos="X">,</wf>
         <wf lemma="da" pos="X">da</wf>
         <wf lemma="se" pos="X">se</wf>
         <wf lemma="v" pos="X">v</wf>
         <wf lemma="eni" pos="X">eni</wf>
         <wf lemma="od" pos="X">od</wf>
         <wf lemma="lig" pos="X">lig</wf>
         <wf lemma="MNZ" pos="X">MNZ</wf>
         <wf lemma="Ljubljana" pos="X">Ljubljana</wf>
         <wf lemma="res" pos="X">res</wf>
         <wf lemma="dogaja" pos="X">dogaja</wf>
         <wf lemma="nekaj" pos="X">nekaj</wf>
         <wf lemma="čudnega" pos="X">čudnega</wf>
         <wf lemma="," pos="X">,</wf>
         <wf lemma="da" pos="X">da</wf>
         <wf lemma="ne" pos="X">ne</wf>
         <wf lemma="rečemo" pos="X">rečemo</wf>
         <wf lemma="nepravilnega" pos="X">nepravilnega</wf>
         <wf lemma="." pos="X">.</wf>
      </sentence>
      <sentence id="d000.s1448" source="wordnet-slovenian">
         <wf lemma="V" pos="X">V</wf>
         <wf lemma="moški" pos="X">moški</wf>
         <wf lemma="konkurenci" pos="X">konkurenci</wf>
         <wf lemma="je" pos="X">je</wf>
         <wf lemma="bil" pos="X">bil</wf>
         <wf lemma="izid" pos="X">izid</wf>
         <wf lemma="zelo" pos="X">zelo</wf>
         <wf lemma="tesen" pos="X">tesen</wf>
         <wf lemma="," pos="X">,</wf>
         <wf lemma="saj" pos="X">saj</wf>
         <wf lemma="so" pos="X">so</wf>
         <wf lemma="o" pos="X">o</wf>
         <wf lemma="športniku" pos="X">športniku</wf>
         <instance id="d000.s1448.t000" lemma="leto" pos="NOUN">leta</instance>
         <wf lemma="odločili" pos="X">odločili</wf>
         <wf lemma="glasovi" pos="X">glasovi</wf>
         <wf lemma="enega" pos="X">enega</wf>
         <wf lemma="samega" pos="X">samega</wf>
         <wf lemma="člana" pos="X">člana</wf>
         <wf lemma="strokovne" pos="X">strokovne</wf>
         <wf lemma="komisije" pos="X">komisije</wf>
         <wf lemma="." pos="X">.</wf>
      </sentence>
      <sentence id="d000.s1449" source="wordnet-slovenian">
         <wf lemma="&quot;" pos="X">&quot;</wf>
         <wf lemma="Nadalje" pos="X">Nadalje</wf>
         <wf lemma="Dušana" pos="X">Dušana</wf>
         <wf lemma="zanima" pos="X">zanima</wf>
         <wf lemma="," pos="X">,</wf>
         <wf lemma="zakaj" pos="X">zakaj</wf>
         <wf lemma="v" pos="X">v</wf>
         <wf lemma="Žuničih" pos="X">Žuničih</wf>
         <wf lemma="že" pos="X">že</wf>
         <wf lemma="tri" pos="X">tri</wf>
         <instance id="d000.s1449.t000" lemma="leto" pos="NOUN">leta</instance>
         <wf lemma="ni" pos="X">ni</wf>
         <wf lemma="več" pos="X">več</wf>
         <wf lemma="trgovine" pos="X">trgovine</wf>
         <wf lemma="," pos="X">,</wf>
         <wf lemma="ki" pos="X">ki</wf>
         <wf lemma="jo" pos="X">jo</wf>
         <wf lemma="je" pos="X">je</wf>
         <wf lemma="prej" pos="X">prej</wf>
         <wf lemma="imela" pos="X">imela</wf>
         <wf lemma="črnomaljska" pos="X">črnomaljska</wf>
         <wf lemma="kmetijska" pos="X">kmetijska</wf>
         <wf lemma="zadruga" pos="X">zadruga</wf>
         <wf lemma="," pos="X">,</wf>
         <wf lemma="nanjo" pos="X">nanjo</wf>
         <wf lemma="pa" pos="X">pa</wf>
         <wf lemma="so" pos="X">so</wf>
         <wf lemma="bili" pos="X">bili</wf>
         <wf lemma="vezani" pos="X">vezani</wf>
         <wf lemma="prebivalci" pos="X">prebivalci</wf>
         <wf lemma="Žuničev" pos="X">Žuničev</wf>
         <wf lemma="," pos="X">,</wf>
         <wf lemma="Miličev" pos="X">Miličev</wf>
         <wf lemma="in" pos="X">in</wf>
         <wf lemma="Paunovičev" pos="X">Paunovičev</wf>
         <wf lemma="." pos="X">.</wf>
      </sentence>
      <sentence id="d000.s1450" source="wordnet-slovenian">
         <wf lemma="Z" pos="X">Z</wf>
         <wf lemma="vrta" pos="X">vrta</wf>
         <wf lemma="sta" pos="X">sta</wf>
         <wf lemma="lahko" pos="X">lahko</wf>
         <wf lemma="odšla" pos="X">odšla</wf>
         <wf lemma="šele" pos="X">šele</wf>
         <wf lemma="kot" pos="X">kot</wf>
         <wf lemma="zadnja" pos="X">zadnja</wf>
         <wf lemma="," pos="X">,</wf>
         <wf lemma="ždenje" pos="X">ždenje</wf>
         <wf lemma="do" pos="X">do</wf>
         <wf lemma="polnoči" pos="X">polnoči</wf>
         <wf lemma="in" pos="X">in</wf>
         <wf lemma="več" pos="X">več</wf>
         <wf lemma="pa" pos="X">pa</wf>
         <wf lemma="je" pos="X">je</wf>
         <wf lemma="postajalo" pos="X">postajalo</wf>
         <wf lemma="hudo" pos="X">hudo</wf>
         <wf lemma="mučna" pos="X">mučna</wf>
         <instance id="d000.s1450.t000" lemma="stvar" pos="NOUN">stvar</instance>
         <wf lemma="." pos="X">.</wf>
      </sentence>
      <sentence id="d000.s1451" source="wordnet-slovenian">
         <wf lemma="Ja" pos="X">Ja</wf>
         <wf lemma="," pos="X">,</wf>
         <instance id="d000.s1451.t000" lemma="vojna" pos="NOUN">vojna</instance>
         <wf lemma="je" pos="X">je</wf>
         <wf lemma="iz" pos="X">iz</wf>
         <wf lemma="njih" pos="X">njih</wf>
         <wf lemma="naredila" pos="X">naredila</wf>
         <wf lemma="pošasti" pos="X">pošasti</wf>
         <wf lemma="." pos="X">.</wf>
      </sentence>
      <sentence id="d000.s1452" source="wordnet-slovenian">
         <wf lemma="Do" pos="X">Do</wf>
         <instance id="d000.s1452.t000" lemma="konec" pos="NOUN">konca</instance>
         <wf lemma="jih" pos="X">jih</wf>
         <wf lemma="pride" pos="X">pride</wf>
         <wf lemma="zelo" pos="X">zelo</wf>
         <wf lemma="malo" pos="X">malo</wf>
         <wf lemma="." pos="X">.</wf>
      </sentence>
      <sentence id="d000.s1453" source="wordnet-slovenian">
         <wf lemma="Začetek" pos="X">Začetek</wf>
         <wf lemma="in" pos="X">in</wf>
         <instance id="d000.s1453.t000" lemma="konec" pos="NOUN">konec</instance>
         <wf lemma="tekme" pos="X">tekme</wf>
         <wf lemma="v" pos="X">v</wf>
         <wf lemma="Kranju" pos="X">Kranju</wf>
         <wf lemma="sta" pos="X">sta</wf>
         <wf lemma="pripadla" pos="X">pripadla</wf>
         <wf lemma="gostom" pos="X">gostom</wf>
         <wf lemma="z" pos="X">z</wf>
         <wf lemma="Jesenic" pos="X">Jesenic</wf>
         <wf lemma="," pos="X">,</wf>
         <wf lemma="ostali" pos="X">ostali</wf>
         <wf lemma="del" pos="X">del</wf>
         <wf lemma="Triglavanom" pos="X">Triglavanom</wf>
         <wf lemma="." pos="X">.</wf>
      </sentence>
      <sentence id="d000.s1454" source="wordnet-slovenian">
         <wf lemma="Ko" pos="X">Ko</wf>
         <wf lemma="smo" pos="X">smo</wf>
         <wf lemma="skušali" pos="X">skušali</wf>
         <wf lemma="zaspati" pos="X">zaspati</wf>
         <wf lemma="," pos="X">,</wf>
         <wf lemma="je" pos="X">je</wf>
         <wf lemma="bilo" pos="X">bilo</wf>
         <wf lemma="pred" pos="X">pred</wf>
         <wf lemma="nami" pos="X">nami</wf>
         <wf lemma="pet" pos="X">pet</wf>
         <wf lemma="ur" pos="X">ur</wf>
         <wf lemma="noči" pos="X">noči</wf>
         <wf lemma="," pos="X">,</wf>
         <wf lemma="potem" pos="X">potem</wf>
         <wf lemma="pa" pos="X">pa</wf>
         <wf lemma="se" pos="X">se</wf>
         <wf lemma="bo" pos="X">bo</wf>
         <wf lemma="začel" pos="X">začel</wf>
         <wf lemma="tudi" pos="X">tudi</wf>
         <wf lemma="za" pos="X">za</wf>
         <wf lemma="našo" pos="X">našo</wf>
         <wf lemma="trojko" pos="X">trojko</wf>
         <wf lemma="veliki" pos="X">veliki</wf>
         <instance id="d000.s1454.t000" lemma="dan" pos="NOUN">dan</instance>
         <wf lemma="zmage" pos="X">zmage</wf>
         <wf lemma="ali" pos="X">ali</wf>
         <wf lemma="poraza" pos="X">poraza</wf>
         <wf lemma="." pos="X">.</wf>
      </sentence>
      <sentence id="d000.s1455" source="wordnet-slovenian">
         <instance id="d000.s1455.t000" lemma="sistem" pos="NOUN">Sistem</instance>
         <wf lemma="torej" pos="X">torej</wf>
         <wf lemma="omogoča" pos="X">omogoča</wf>
         <wf lemma="prevlado" pos="X">prevlado</wf>
         <wf lemma="ene" pos="X">ene</wf>
         <wf lemma="ali" pos="X">ali</wf>
         <wf lemma="dveh" pos="X">dveh</wf>
         <wf lemma="strank" pos="X">strank</wf>
         <wf lemma="in" pos="X">in</wf>
         <wf lemma="s" pos="X">s</wf>
         <wf lemma="tem" pos="X">tem</wf>
         <wf lemma="bipolarizacijo" pos="X">bipolarizacijo</wf>
         <wf lemma="političnega" pos="X">političnega</wf>
         <wf lemma="prostora" pos="X">prostora</wf>
         <wf lemma="." pos="X">.</wf>
      </sentence>
      <sentence id="d000.s1456" source="wordnet-slovenian">
         <wf lemma="Ob" pos="X">Ob</wf>
         <wf lemma="mojem" pos="X">mojem</wf>
         <wf lemma="prihodu" pos="X">prihodu</wf>
         <wf lemma="je" pos="X">je</wf>
         <wf lemma="bila" pos="X">bila</wf>
         <wf lemma="edina" pos="X">edina</wf>
         <wf lemma="perspektiva" pos="X">perspektiva</wf>
         <wf lemma="za" pos="X">za</wf>
         <instance id="d000.s1456.t000" lemma="podjetje" pos="NOUN">podjetje</instance>
         <wf lemma="ustaviti" pos="X">ustaviti</wf>
         <wf lemma="krčenje" pos="X">krčenje</wf>
         <wf lemma="števila" pos="X">števila</wf>
         <wf lemma="zaposlenih" pos="X">zaposlenih</wf>
         <wf lemma="in" pos="X">in</wf>
         <wf lemma="povečati" pos="X">povečati</wf>
         <wf lemma="prodajo" pos="X">prodajo</wf>
         <wf lemma="naših" pos="X">naših</wf>
         <wf lemma="visoko" pos="X">visoko</wf>
         <wf lemma="kakovostnih" pos="X">kakovostnih</wf>
         <wf lemma="izdelkov" pos="X">izdelkov</wf>
         <wf lemma="." pos="X">.</wf>
      </sentence>
      <sentence id="d000.s1457" source="wordnet-slovenian">
         <instance id="d000.s1457.t000" lemma="denar" pos="NOUN">Denar</instance>
         <wf lemma="omogoča" pos="X">omogoča</wf>
         <wf lemma="strasti" pos="X">strasti</wf>
         <wf lemma="in" pos="X">in</wf>
         <wf lemma="sproža" pos="X">sproža</wf>
         <wf lemma="maščevalnost" pos="X">maščevalnost</wf>
         <wf lemma="," pos="X">,</wf>
         <wf lemma="omogoča" pos="X">omogoča</wf>
         <wf lemma="pa" pos="X">pa</wf>
         <wf lemma="tudi" pos="X">tudi</wf>
         <wf lemma="plemenitost" pos="X">plemenitost</wf>
         <wf lemma="in" pos="X">in</wf>
         <wf lemma="ljubezen" pos="X">ljubezen</wf>
         <wf lemma="." pos="X">.</wf>
      </sentence>
      <sentence id="d000.s1458" source="wordnet-slovenian">
         <wf lemma="Šlo" pos="X">Šlo</wf>
         <wf lemma="je" pos="X">je</wf>
         <wf lemma="za" pos="X">za</wf>
         <instance id="d000.s1458.t000" lemma="primer" pos="NOUN">primer</instance>
         <wf lemma="generala" pos="X">generala</wf>
         <wf lemma="srbske" pos="X">srbske</wf>
         <wf lemma="vojske" pos="X">vojske</wf>
         <wf lemma="," pos="X">,</wf>
         <wf lemma="ki" pos="X">ki</wf>
         <wf lemma="je" pos="X">je</wf>
         <wf lemma="pisal" pos="X">pisal</wf>
         <wf lemma="dnevnik" pos="X">dnevnik</wf>
         <wf lemma="in" pos="X">in</wf>
         <wf lemma="v" pos="X">v</wf>
         <wf lemma="njem" pos="X">njem</wf>
         <wf lemma="opisoval" pos="X">opisoval</wf>
         <wf lemma="tudi" pos="X">tudi</wf>
         <wf lemma="vojne" pos="X">vojne</wf>
         <wf lemma="zločine" pos="X">zločine</wf>
         <wf lemma="," pos="X">,</wf>
         <wf lemma="ki" pos="X">ki</wf>
         <wf lemma="so" pos="X">so</wf>
         <wf lemma="jih" pos="X">jih</wf>
         <wf lemma="zagrešili" pos="X">zagrešili</wf>
         <wf lemma="." pos="X">.</wf>
      </sentence>
      <sentence id="d000.s1459" source="wordnet-slovenian">
         <instance id="d000.s1459.t000" lemma="hiša" pos="NOUN">HIŠO</instance>
         <wf lemma="li" pos="X">li</wf>
         <wf lemma="gradbeno" pos="X">gradbeno</wf>
         <wf lemma="parcelo" pos="X">parcelo</wf>
         <wf lemma="v" pos="X">v</wf>
         <wf lemma="Okolici" pos="X">Okolici</wf>
         <wf lemma="šentjerneja" pos="X">šentjerneja</wf>
         <wf lemma="," pos="X">,</wf>
         <wf lemma="Otočca" pos="X">Otočca</wf>
         <wf lemma="do" pos="X">do</wf>
         <wf lemma="Novega" pos="X">Novega</wf>
         <wf lemma="mesta" pos="X">mesta</wf>
         <wf lemma="kupim" pos="X">kupim</wf>
         <wf lemma="." pos="X">.</wf>
      </sentence>
      <sentence id="d000.s1460" source="wordnet-slovenian">
         <wf lemma="Slovenijo" pos="X">Slovenijo</wf>
         <wf lemma="seveda" pos="X">seveda</wf>
         <wf lemma="najbolj" pos="X">najbolj</wf>
         <wf lemma="zanima" pos="X">zanima</wf>
         <wf lemma="Kinder" pos="X">Kinder</wf>
         <wf lemma="," pos="X">,</wf>
         <wf lemma="ki" pos="X">ki</wf>
         <wf lemma="je" pos="X">je</wf>
         <wf lemma="zmagal" pos="X">zmagal</wf>
         <wf lemma="tudi" pos="X">tudi</wf>
         <wf lemma="v" pos="X">v</wf>
         <wf lemma="Montecatiniju" pos="X">Montecatiniju</wf>
         <wf lemma="s" pos="X">s</wf>
         <wf lemma="93:80" pos="X">93:80</wf>
         <wf lemma="(" pos="X">(</wf>
         <wf lemma="Smodiš" pos="X">Smodiš</wf>
         <wf lemma="-" pos="X">-</wf>
         <wf lemma="15" pos="X">15</wf>
         <instance id="d000.s1460.t000" lemma="minuta" pos="NOUN">minut</instance>
         <wf lemma="," pos="X">,</wf>
         <wf lemma="7" pos="X">7</wf>
         <wf lemma="točk" pos="X">točk</wf>
         <wf lemma="," pos="X">,</wf>
         <wf lemma="za" pos="X">za</wf>
         <wf lemma="dve" pos="X">dve</wf>
         <wf lemma="3" pos="X">3</wf>
         <wf lemma="-" pos="X">-</wf>
         <wf lemma="1" pos="X">1</wf>
         <wf lemma="," pos="X">,</wf>
         <wf lemma="za" pos="X">za</wf>
         <wf lemma="tri" pos="X">tri</wf>
         <wf lemma="1" pos="X">1</wf>
         <wf lemma="-" pos="X">-</wf>
         <wf lemma="1" pos="X">1</wf>
         <wf lemma="," pos="X">,</wf>
         <wf lemma="prosti" pos="X">prosti</wf>
         <wf lemma="meti" pos="X">meti</wf>
         <wf lemma="2" pos="X">2</wf>
         <wf lemma="-" pos="X">-</wf>
         <wf lemma="2" pos="X">2</wf>
         <wf lemma="," pos="X">,</wf>
         <wf lemma="4" pos="X">4</wf>
         <wf lemma="skoki" pos="X">skoki</wf>
         <wf lemma="," pos="X">,</wf>
         <wf lemma="2" pos="X">2</wf>
         <wf lemma="izgubljeni" pos="X">izgubljeni</wf>
         <wf lemma="žogi" pos="X">žogi</wf>
         <wf lemma=")" pos="X">)</wf>
         <wf lemma="." pos="X">.</wf>
      </sentence>
      <sentence id="d000.s1461" source="wordnet-slovenian">
         <wf lemma="Kot" pos="X">Kot</wf>
         <wf lemma="je" pos="X">je</wf>
         <wf lemma="dejal" pos="X">dejal</wf>
         <wf lemma="Mišič" pos="X">Mišič</wf>
         <wf lemma="," pos="X">,</wf>
         <wf lemma="je" pos="X">je</wf>
         <wf lemma="poenotenje" pos="X">poenotenje</wf>
         <wf lemma="med" pos="X">med</wf>
         <wf lemma="sindikati" pos="X">sindikati</wf>
         <wf lemma="nujno" pos="X">nujno</wf>
         <wf lemma="tudi" pos="X">tudi</wf>
         <wf lemma="zaradi" pos="X">zaradi</wf>
         <wf lemma="sprememb" pos="X">sprememb</wf>
         <wf lemma="davčne" pos="X">davčne</wf>
         <wf lemma="zakonodaje" pos="X">zakonodaje</wf>
         <wf lemma="," pos="X">,</wf>
         <wf lemma="saj" pos="X">saj</wf>
         <wf lemma="te" pos="X">te</wf>
         <wf lemma="spričo" pos="X">spričo</wf>
         <wf lemma="neusklajenega" pos="X">neusklajenega</wf>
         <instance id="d000.s1461.t000" lemma="sistem" pos="NOUN">sistema</instance>
         <wf lemma="plač" pos="X">plač</wf>
         <wf lemma="lahko" pos="X">lahko</wf>
         <wf lemma="povzročijo" pos="X">povzročijo</wf>
         <wf lemma="še" pos="X">še</wf>
         <wf lemma="večje" pos="X">večje</wf>
         <wf lemma="socialne" pos="X">socialne</wf>
         <wf lemma="probleme" pos="X">probleme</wf>
         <wf lemma="." pos="X">.</wf>
      </sentence>
      <sentence id="d000.s1462" source="wordnet-slovenian">
         <wf lemma="Obseg" pos="X">Obseg</wf>
         <wf lemma="tovornega" pos="X">tovornega</wf>
         <wf lemma="prometa" pos="X">prometa</wf>
         <wf lemma="pa" pos="X">pa</wf>
         <wf lemma="vsako" pos="X">vsako</wf>
         <instance id="d000.s1462.t000" lemma="leto" pos="NOUN">leto</instance>
         <wf lemma="narašča" pos="X">narašča</wf>
         <wf lemma="." pos="X">.</wf>
      </sentence>
      <sentence id="d000.s1463" source="wordnet-slovenian">
         <wf lemma="Bolezenski" pos="X">Bolezenski</wf>
         <wf lemma="znaki" pos="X">znaki</wf>
         <wf lemma="se" pos="X">se</wf>
         <wf lemma="pojavijo" pos="X">pojavijo</wf>
         <wf lemma="dolgo" pos="X">dolgo</wf>
         <wf lemma="po" pos="X">po</wf>
         <wf lemma="okužbi" pos="X">okužbi</wf>
         <wf lemma="," pos="X">,</wf>
         <wf lemma="ker" pos="X">ker</wf>
         <wf lemma="se" pos="X">se</wf>
         <wf lemma="živali" pos="X">živali</wf>
         <wf lemma="večinoma" pos="X">večinoma</wf>
         <wf lemma="okužijo" pos="X">okužijo</wf>
         <wf lemma="zelo" pos="X">zelo</wf>
         <wf lemma="zgodaj" pos="X">zgodaj</wf>
         <wf lemma="," pos="X">,</wf>
         <wf lemma="največkrat" pos="X">največkrat</wf>
         <wf lemma="kmalu" pos="X">kmalu</wf>
         <wf lemma="po" pos="X">po</wf>
         <wf lemma="rojstvu" pos="X">rojstvu</wf>
         <wf lemma="ali" pos="X">ali</wf>
         <wf lemma="v" pos="X">v</wf>
         <wf lemma="prvih" pos="X">prvih</wf>
         <instance id="d000.s1463.t000" lemma="mesec" pos="NOUN">mesecih</instance>
         <wf lemma="po" pos="X">po</wf>
         <wf lemma="rojstvu" pos="X">rojstvu</wf>
         <wf lemma="." pos="X">.</wf>
      </sentence>
      <sentence id="d000.s1464" source="wordnet-slovenian">
         <wf lemma="Prehajamo" pos="X">Prehajamo</wf>
         <wf lemma="na" pos="X">na</wf>
         <wf lemma="naslednjo" pos="X">naslednjo</wf>
         <instance id="d000.s1464.t000" lemma="zadeva" pos="NOUN">zadevo</instance>
         <wf lemma="." pos="X">.</wf>
      </sentence>
      <sentence id="d000.s1465" source="wordnet-slovenian">
         <wf lemma="Vladimir" pos="X">Vladimir</wf>
         <wf lemma="Stepania" pos="X">Stepania</wf>
         <wf lemma="," pos="X">,</wf>
         <wf lemma="gruzijski" pos="X">gruzijski</wf>
         <wf lemma="košarkar" pos="X">košarkar</wf>
         <wf lemma="s" pos="X">s</wf>
         <wf lemma="slovenskim" pos="X">slovenskim</wf>
         <wf lemma="potnim" pos="X">potnim</wf>
         <wf lemma="listom" pos="X">listom</wf>
         <wf lemma="," pos="X">,</wf>
         <wf lemma="je" pos="X">je</wf>
         <wf lemma="za" pos="X">za</wf>
         <wf lemma="Miami" pos="X">Miami</wf>
         <wf lemma="igral" pos="X">igral</wf>
         <wf lemma="sedem" pos="X">sedem</wf>
         <instance id="d000.s1465.t000" lemma="minuta" pos="NOUN">minut</instance>
         <wf lemma="," pos="X">,</wf>
         <wf lemma="v" pos="X">v</wf>
         <wf lemma="tem" pos="X">tem</wf>
         <wf lemma="času" pos="X">času</wf>
         <wf lemma="pa" pos="X">pa</wf>
         <wf lemma="dosegel" pos="X">dosegel</wf>
         <wf lemma="štiri" pos="X">štiri</wf>
         <wf lemma="točke" pos="X">točke</wf>
         <wf lemma="." pos="X">.</wf>
      </sentence>
      <sentence id="d000.s1466" source="wordnet-slovenian">
         <wf lemma="»" pos="X">»</wf>
         <wf lemma="Dominantni" pos="X">Dominantni</wf>
         <wf lemma="dvojček" pos="X">dvojček</wf>
         <wf lemma="lahko" pos="X">lahko</wf>
         <wf lemma="nastopa" pos="X">nastopa</wf>
         <wf lemma="z" pos="X">z</wf>
         <wf lemma="vedenjsko" pos="X">vedenjsko</wf>
         <wf lemma="strukturo" pos="X">strukturo</wf>
         <wf lemma="modela" pos="X">modela</wf>
         <wf lemma="moške" pos="X">moške</wf>
         <instance id="d000.s1466.t000" lemma="vloga" pos="NOUN">vloge</instance>
         <wf lemma="," pos="X">,</wf>
         <wf lemma="«" pos="X">«</wf>
         <wf lemma="sem" pos="X">sem</wf>
         <wf lemma="rekel" pos="X">rekel</wf>
         <wf lemma="Kate" pos="X">Kate</wf>
         <wf lemma="." pos="X">.</wf>
      </sentence>
      <sentence id="d000.s1467" source="wordnet-slovenian">
         <wf lemma="Ljudje" pos="X">Ljudje</wf>
         <wf lemma="so" pos="X">so</wf>
         <wf lemma="nad" pos="X">nad</wf>
         <wf lemma="to" pos="X">to</wf>
         <wf lemma="najino" pos="X">najino</wf>
         <instance id="d000.s1467.t000" lemma="točka" pos="NOUN">točko</instance>
         <wf lemma="navdušeni" pos="X">navdušeni</wf>
         <wf lemma="." pos="X">.</wf>
      </sentence>
      <sentence id="d000.s1468" source="wordnet-slovenian">
         <wf lemma="Vse" pos="X">Vse</wf>
         <wf lemma="to" pos="X">to</wf>
         <wf lemma="pa" pos="X">pa</wf>
         <wf lemma="je" pos="X">je</wf>
         <wf lemma="bilo" pos="X">bilo</wf>
         <wf lemma="postavljeno" pos="X">postavljeno</wf>
         <wf lemma="z" pos="X">z</wf>
         <wf lemma="žulji" pos="X">žulji</wf>
         <wf lemma="tolminskih" pos="X">tolminskih</wf>
         <wf lemma="kmetov" pos="X">kmetov</wf>
         <wf lemma="in" pos="X">in</wf>
         <wf lemma="denarjem" pos="X">denarjem</wf>
         <wf lemma="slovenske" pos="X">slovenske</wf>
         <instance id="d000.s1468.t000" lemma="država" pos="NOUN">države</instance>
         <wf lemma="." pos="X">.</wf>
      </sentence>
      <sentence id="d000.s1469" source="wordnet-slovenian">
         <instance id="d000.s1469.t000" lemma="mesec" pos="NOUN">Mesec</instance>
         <wf lemma="maj" pos="X">maj</wf>
         <wf lemma="je" pos="X">je</wf>
         <wf lemma="tudi" pos="X">tudi</wf>
         <wf lemma="v" pos="X">v</wf>
         <wf lemma="Šaleški" pos="X">Šaleški</wf>
         <wf lemma="dolini" pos="X">dolini</wf>
         <wf lemma="namenjen" pos="X">namenjen</wf>
         <wf lemma="čiščenju" pos="X">čiščenju</wf>
         <wf lemma="in" pos="X">in</wf>
         <wf lemma="pospravljanju" pos="X">pospravljanju</wf>
         <wf lemma="odpadkov" pos="X">odpadkov</wf>
         <wf lemma="," pos="X">,</wf>
         <wf lemma="večjo" pos="X">večjo</wf>
         <wf lemma="pozornost" pos="X">pozornost</wf>
         <wf lemma="namenjajo" pos="X">namenjajo</wf>
         <wf lemma="posebnim" pos="X">posebnim</wf>
         <wf lemma="in" pos="X">in</wf>
         <wf lemma="velikim" pos="X">velikim</wf>
         <wf lemma="," pos="X">,</wf>
         <wf lemma="kosovnim" pos="X">kosovnim</wf>
         <wf lemma="odpadkom" pos="X">odpadkom</wf>
         <wf lemma="." pos="X">.</wf>
      </sentence>
      <sentence id="d000.s1470" source="wordnet-slovenian">
         <wf lemma="Občani" pos="X">Občani</wf>
         <wf lemma="naj" pos="X">naj</wf>
         <wf lemma="bi" pos="X">bi</wf>
         <wf lemma="čim" pos="X">čim</wf>
         <wf lemma="več" pos="X">več</wf>
         <wf lemma="odpadkov" pos="X">odpadkov</wf>
         <wf lemma="zložili" pos="X">zložili</wf>
         <wf lemma="in" pos="X">in</wf>
         <wf lemma="prinesli" pos="X">prinesli</wf>
         <wf lemma="v" pos="X">v</wf>
         <wf lemma="za" pos="X">za</wf>
         <wf lemma="to" pos="X">to</wf>
         <wf lemma="pripravljene" pos="X">pripravljene</wf>
         <wf lemma="večje" pos="X">večje</wf>
         <wf lemma="zabojnike" pos="X">zabojnike</wf>
         <wf lemma="," pos="X">,</wf>
         <wf lemma="z" pos="X">z</wf>
         <wf lemma="akcijami" pos="X">akcijami</wf>
         <wf lemma="," pos="X">,</wf>
         <wf lemma="v" pos="X">v</wf>
         <wf lemma="katere" pos="X">katere</wf>
         <wf lemma="so" pos="X">so</wf>
         <wf lemma="vključene" pos="X">vključene</wf>
         <wf lemma="tudi" pos="X">tudi</wf>
         <wf lemma="osnovne" pos="X">osnovne</wf>
         <wf lemma="šole" pos="X">šole</wf>
         <wf lemma="," pos="X">,</wf>
         <wf lemma="pa" pos="X">pa</wf>
         <wf lemma="želijo" pos="X">želijo</wf>
         <wf lemma="predvsem" pos="X">predvsem</wf>
         <wf lemma="ozavestiti" pos="X">ozavestiti</wf>
         <wf lemma="mlade" pos="X">mlade</wf>
         <wf lemma="," pos="X">,</wf>
         <wf lemma="kako" pos="X">kako</wf>
         <wf lemma="pomembno" pos="X">pomembno</wf>
         <wf lemma="je" pos="X">je</wf>
         <wf lemma="čisto" pos="X">čisto</wf>
         <instance id="d000.s1470.t000" lemma="okolje" pos="NOUN">okolje</instance>
         <wf lemma="." pos="X">.</wf>
      </sentence>
      <sentence id="d000.s1471" source="wordnet-slovenian">
         <wf lemma="Cigareta" pos="X">Cigareta</wf>
         <wf lemma="je" pos="X">je</wf>
         <wf lemma="zaplavala" pos="X">zaplavala</wf>
         <wf lemma="med" pos="X">med</wf>
         <wf lemma="njimi" pos="X">njimi</wf>
         <wf lemma="," pos="X">,</wf>
         <wf lemma="sprejel" pos="X">sprejel</wf>
         <wf lemma="jo" pos="X">jo</wf>
         <wf lemma="je" pos="X">je</wf>
         <wf lemma="tudi" pos="X">tudi</wf>
         <wf lemma="oče" pos="X">oče</wf>
         <wf lemma="," pos="X">,</wf>
         <wf lemma="ponižno" pos="X">ponižno</wf>
         <wf lemma="," pos="X">,</wf>
         <wf lemma="vdano" pos="X">vdano</wf>
         <wf lemma=";" pos="X">;</wf>
         <wf lemma="zmehčala" pos="X">zmehčala</wf>
         <wf lemma="je" pos="X">je</wf>
         <instance id="d000.s1471.t000" lemma="prostor" pos="NOUN">prostor</instance>
         <wf lemma="," pos="X">,</wf>
         <wf lemma="misli" pos="X">misli</wf>
         <wf lemma="," pos="X">,</wf>
         <wf lemma="Kaja" pos="X">Kaja</wf>
         <wf lemma="se" pos="X">se</wf>
         <wf lemma="je" pos="X">je</wf>
         <wf lemma="kmalu" pos="X">kmalu</wf>
         <wf lemma="zatem" pos="X">zatem</wf>
         <wf lemma="prvič" pos="X">prvič</wf>
         <wf lemma="nasmehnila" pos="X">nasmehnila</wf>
         <wf lemma="," pos="X">,</wf>
         <wf lemma="seveda" pos="X">seveda</wf>
         <wf lemma="še" pos="X">še</wf>
         <wf lemma="vedno" pos="X">vedno</wf>
         <wf lemma="zbegana" pos="X">zbegana</wf>
         <wf lemma="," pos="X">,</wf>
         <wf lemma="." pos="X">.</wf>
      </sentence>
      <sentence id="d000.s1472" source="wordnet-slovenian">
         <wf lemma="Vstopila" pos="X">Vstopila</wf>
         <wf lemma="sta" pos="X">sta</wf>
         <wf lemma="in" pos="X">in</wf>
         <wf lemma="me" pos="X">me</wf>
         <wf lemma="začela" pos="X">začela</wf>
         <wf lemma="poučevati" pos="X">poučevati</wf>
         <wf lemma="o" pos="X">o</wf>
         <wf lemma="programu" pos="X">programu</wf>
         <wf lemma="," pos="X">,</wf>
         <wf lemma="ki" pos="X">ki</wf>
         <wf lemma="je" pos="X">je</wf>
         <wf lemma="postal" pos="X">postal</wf>
         <wf lemma="pozneje" pos="X">pozneje</wf>
         <wf lemma="poznan" pos="X">poznan</wf>
         <wf lemma="pod" pos="X">pod</wf>
         <instance id="d000.s1472.t000" lemma="ime" pos="NOUN">imenom</instance>
         <wf lemma="Anonimni" pos="X">Anonimni</wf>
         <wf lemma="Alkoholiki" pos="X">Alkoholiki</wf>
         <wf lemma="." pos="X">.</wf>
      </sentence>
      <sentence id="d000.s1473" source="wordnet-slovenian">
         <wf lemma="Sicer" pos="X">Sicer</wf>
         <wf lemma="pa" pos="X">pa</wf>
         <wf lemma="imata" pos="X">imata</wf>
         <wf lemma="Adria" pos="X">Adria</wf>
         <wf lemma="in" pos="X">in</wf>
         <wf lemma="Jat" pos="X">Jat</wf>
         <wf lemma="še" pos="X">še</wf>
         <wf lemma="stare" pos="X">stare</wf>
         <wf lemma="nerazčiščene" pos="X">nerazčiščene</wf>
         <wf lemma="finančne" pos="X">finančne</wf>
         <instance id="d000.s1473.t000" lemma="zadeva" pos="NOUN">zadeve</instance>
         <wf lemma="," pos="X">,</wf>
         <wf lemma="ki" pos="X">ki</wf>
         <wf lemma="jih" pos="X">jih</wf>
         <wf lemma="bo" pos="X">bo</wf>
         <wf lemma="Adria" pos="X">Adria</wf>
         <wf lemma="potegnila" pos="X">potegnila</wf>
         <wf lemma="iz" pos="X">iz</wf>
         <wf lemma="rokava" pos="X">rokava</wf>
         <wf lemma="," pos="X">,</wf>
         <wf lemma="če" pos="X">če</wf>
         <wf lemma="se" pos="X">se</wf>
         <wf lemma="bo" pos="X">bo</wf>
         <wf lemma="položaj" pos="X">položaj</wf>
         <wf lemma="zaostril" pos="X">zaostril</wf>
         <wf lemma="." pos="X">.</wf>
      </sentence>
      <sentence id="d000.s1474" source="wordnet-slovenian">
         <wf lemma="Včeraj" pos="X">Včeraj</wf>
         <wf lemma="se" pos="X">se</wf>
         <wf lemma="je" pos="X">je</wf>
         <wf lemma="vnovič" pos="X">vnovič</wf>
         <wf lemma="sestal" pos="X">sestal</wf>
         <wf lemma="izvršni" pos="X">izvršni</wf>
         <wf lemma="odbor" pos="X">odbor</wf>
         <wf lemma="Hokejske" pos="X">Hokejske</wf>
         <wf lemma="zveze" pos="X">zveze</wf>
         <wf lemma="Slovenije" pos="X">Slovenije</wf>
         <wf lemma="," pos="X">,</wf>
         <wf lemma="ki" pos="X">ki</wf>
         <wf lemma="naj" pos="X">naj</wf>
         <wf lemma="bi" pos="X">bi</wf>
         <wf lemma="razpravljal" pos="X">razpravljal</wf>
         <wf lemma="o" pos="X">o</wf>
         <wf lemma="spremembi" pos="X">spremembi</wf>
         <wf lemma="tekmovalnega" pos="X">tekmovalnega</wf>
         <instance id="d000.s1474.t000" lemma="sistem" pos="NOUN">sistema</instance>
         <wf lemma="za" pos="X">za</wf>
         <wf lemma="naslov" pos="X">naslov</wf>
         <wf lemma="državnega" pos="X">državnega</wf>
         <wf lemma="prvaka" pos="X">prvaka</wf>
         <wf lemma="," pos="X">,</wf>
         <wf lemma="potem" pos="X">potem</wf>
         <wf lemma="ko" pos="X">ko</wf>
         <wf lemma="so" pos="X">so</wf>
         <wf lemma="iz" pos="X">iz</wf>
         <wf lemma="lige" pos="X">lige</wf>
         <wf lemma="izključili" pos="X">izključili</wf>
         <wf lemma="ekipo" pos="X">ekipo</wf>
         <wf lemma="Acroni" pos="X">Acroni</wf>
         <wf lemma="Jesenic" pos="X">Jesenic</wf>
         <wf lemma="." pos="X">.</wf>
      </sentence>
      <sentence id="d000.s1475" source="wordnet-slovenian">
         <wf lemma="Ne" pos="X">Ne</wf>
         <wf lemma="tako" pos="X">tako</wf>
         <wf lemma="davnega" pos="X">davnega</wf>
         <wf lemma="leta" pos="X">leta</wf>
         <wf lemma="1992" pos="X">1992</wf>
         <wf lemma="je" pos="X">je</wf>
         <wf lemma="mesto" pos="X">mesto</wf>
         <wf lemma="Manila" pos="X">Manila</wf>
         <wf lemma="zajela" pos="X">zajela</wf>
         <wf lemma="panika" pos="X">panika</wf>
         <wf lemma="," pos="X">,</wf>
         <wf lemma="ki" pos="X">ki</wf>
         <wf lemma="jo" pos="X">jo</wf>
         <wf lemma="je" pos="X">je</wf>
         <wf lemma="povzročilo" pos="X">povzročilo</wf>
         <wf lemma="verjetno" pos="X">verjetno</wf>
         <wf lemma="najbolj" pos="X">najbolj</wf>
         <wf lemma="čudno" pos="X">čudno</wf>
         <wf lemma="leteče" pos="X">leteče</wf>
         <wf lemma="bitje" pos="X">bitje</wf>
         <wf lemma="na" pos="X">na</wf>
         <instance id="d000.s1475.t000" lemma="svet" pos="NOUN">svetu</instance>
         <wf lemma="." pos="X">.</wf>
      </sentence>
      <sentence id="d000.s1476" source="wordnet-slovenian">
         <wf lemma="Naš" pos="X">Naš</wf>
         <wf lemma="državni" pos="X">državni</wf>
         <wf lemma="zbor" pos="X">zbor</wf>
         <wf lemma="je" pos="X">je</wf>
         <wf lemma="opravil" pos="X">opravil</wf>
         <wf lemma="veliko" pos="X">veliko</wf>
         <instance id="d000.s1476.t000" lemma="delo" pos="NOUN">delo</instance>
         <wf lemma="in" pos="X">in</wf>
         <wf lemma="ni" pos="X">ni</wf>
         <wf lemma="zamudil" pos="X">zamudil</wf>
         <wf lemma="nobene" pos="X">nobene</wf>
         <wf lemma="zgodovinske" pos="X">zgodovinske</wf>
         <wf lemma="priložnosti" pos="X">priložnosti</wf>
         <wf lemma="." pos="X">.</wf>
      </sentence>
      <sentence id="d000.s1477" source="wordnet-slovenian">
         <instance id="d000.s1477.t000" lemma="besedilo" pos="NOUN">BESEDILO</instance>
         <wf lemma=":" pos="X">:</wf>
         <wf lemma="ugotavljanje" pos="X">ugotavljanje</wf>
         <wf lemma="razmerij" pos="X">razmerij</wf>
         <wf lemma="med" pos="X">med</wf>
         <wf lemma="izvirnim" pos="X">izvirnim</wf>
         <wf lemma="," pos="X">,</wf>
         <wf lemma="avtorjevim" pos="X">avtorjevim</wf>
         <wf lemma="besedilom" pos="X">besedilom</wf>
         <wf lemma="in" pos="X">in</wf>
         <wf lemma="med" pos="X">med</wf>
         <wf lemma="uprizorjenim" pos="X">uprizorjenim</wf>
         <wf lemma="besedilom" pos="X">besedilom</wf>
         <wf lemma="ter" pos="X">ter</wf>
         <wf lemma="med" pos="X">med</wf>
         <wf lemma="njuno" pos="X">njuno</wf>
         <wf lemma="gledališko" pos="X">gledališko</wf>
         <wf lemma="upodobitvijo" pos="X">upodobitvijo</wf>
         <wf lemma="(" pos="X">(</wf>
         <wf lemma="razmerja" pos="X">razmerja</wf>
         <wf lemma="režije" pos="X">režije</wf>
         <wf lemma="in" pos="X">in</wf>
         <wf lemma="igralcev" pos="X">igralcev</wf>
         <wf lemma="do" pos="X">do</wf>
         <wf lemma="izvirnega" pos="X">izvirnega</wf>
         <wf lemma="besedila" pos="X">besedila</wf>
         <wf lemma=")" pos="X">)</wf>
         <wf lemma="," pos="X">,</wf>
         <wf lemma="med" pos="X">med</wf>
         <wf lemma="rečenim" pos="X">rečenim</wf>
         <wf lemma="(" pos="X">(</wf>
         <wf lemma="leksikalni" pos="X">leksikalni</wf>
         <wf lemma="," pos="X">,</wf>
         <wf lemma="sintaktični" pos="X">sintaktični</wf>
         <wf lemma="," pos="X">,</wf>
         <wf lemma="referenčni" pos="X">referenčni</wf>
         <wf lemma="pomen" pos="X">pomen</wf>
         <wf lemma="besed" pos="X">besed</wf>
         <wf lemma=")" pos="X">)</wf>
         <wf lemma="in" pos="X">in</wf>
         <wf lemma="zamolčanim" pos="X">zamolčanim</wf>
         <wf lemma=";" pos="X">;</wf>
         <wf lemma="ugotavljanje" pos="X">ugotavljanje</wf>
         <wf lemma="in" pos="X">in</wf>
         <wf lemma="opomenjenje" pos="X">opomenjenje</wf>
         <wf lemma="uporabljenega" pos="X">uporabljenega</wf>
         <wf lemma="sloga" pos="X">sloga</wf>
         <wf lemma="(" pos="X">(</wf>
         <wf lemma="proza" pos="X">proza</wf>
         <wf lemma="/" pos="X">/</wf>
         <wf lemma="verzi" pos="X">verzi</wf>
         <wf lemma="," pos="X">,</wf>
         <wf lemma="podobje" pos="X">podobje</wf>
         <wf lemma="," pos="X">,</wf>
         <wf lemma="simbolika" pos="X">simbolika</wf>
         <wf lemma="ipd." pos="X">ipd.</wf>
      </sentence>
      <sentence id="d000.s1478" source="wordnet-slovenian">
         <wf lemma="Preden" pos="X">Preden</wf>
         <wf lemma="začnete" pos="X">začnete</wf>
         <wf lemma="načrtovati" pos="X">načrtovati</wf>
         <wf lemma="nosečnost" pos="X">nosečnost</wf>
         <wf lemma="," pos="X">,</wf>
         <wf lemma="začnite" pos="X">začnite</wf>
         <wf lemma="zdravo" pos="X">zdravo</wf>
         <wf lemma="jesti" pos="X">jesti</wf>
         <wf lemma="in" pos="X">in</wf>
         <wf lemma="čistiti" pos="X">čistiti</wf>
         <wf lemma="toksine" pos="X">toksine</wf>
         <wf lemma="iz" pos="X">iz</wf>
         <instance id="d000.s1478.t000" lemma="telo" pos="NOUN">telesa</instance>
         <wf lemma="." pos="X">.</wf>
      </sentence>
      <sentence id="d000.s1479" source="wordnet-slovenian">
         <wf lemma="Malih" pos="X">Malih</wf>
         <wf lemma="sej" pos="X">sej</wf>
         <wf lemma="so" pos="X">so</wf>
         <wf lemma="se" pos="X">se</wf>
         <wf lemma="udeležili" pos="X">udeležili</wf>
         <wf lemma="samo" pos="X">samo</wf>
         <wf lemma="predstavniki" pos="X">predstavniki</wf>
         <wf lemma="petih" pos="X">petih</wf>
         <wf lemma="velesil" pos="X">velesil</wf>
         <wf lemma="," pos="X">,</wf>
         <wf lemma="splošne" pos="X">splošne</wf>
         <wf lemma="so" pos="X">so</wf>
         <wf lemma="bile" pos="X">bile</wf>
         <wf lemma="namenjene" pos="X">namenjene</wf>
         <wf lemma="vsem" pos="X">vsem</wf>
         <wf lemma="sodelujočim" pos="X">sodelujočim</wf>
         <instance id="d000.s1479.t000" lemma="država" pos="NOUN">državam</instance>
         <wf lemma="." pos="X">.</wf>
      </sentence>
      <sentence id="d000.s1480" source="wordnet-slovenian">
         <wf lemma="Med" pos="X">Med</wf>
         <wf lemma="neruskimi" pos="X">neruskimi</wf>
         <wf lemma="Slovani" pos="X">Slovani</wf>
         <wf lemma="je" pos="X">je</wf>
         <wf lemma="to" pos="X">to</wf>
         <wf lemma="dobilo" pos="X">dobilo</wf>
         <instance id="d000.s1480.t000" lemma="oblika" pos="NOUN">obliko</instance>
         <wf lemma="panslavizma" pos="X">panslavizma</wf>
         <wf lemma="." pos="X">.</wf>
      </sentence>
      <sentence id="d000.s1481" source="wordnet-slovenian">
         <wf lemma="Edina" pos="X">Edina</wf>
         <wf lemma="pripomba" pos="X">pripomba</wf>
         <wf lemma="," pos="X">,</wf>
         <wf lemma="ki" pos="X">ki</wf>
         <wf lemma="je" pos="X">je</wf>
         <wf lemma="bila" pos="X">bila</wf>
         <wf lemma="," pos="X">,</wf>
         <wf lemma="je" pos="X">je</wf>
         <wf lemma="bila" pos="X">bila</wf>
         <wf lemma="prav" pos="X">prav</wf>
         <wf lemma="pripomba" pos="X">pripomba</wf>
         <wf lemma="v" pos="X">v</wf>
         <wf lemma="zvezi" pos="X">zvezi</wf>
         <wf lemma="z" pos="X">z</wf>
         <wf lemma="negotovo" pos="X">negotovo</wf>
         <wf lemma="situacijo" pos="X">situacijo</wf>
         <wf lemma="," pos="X">,</wf>
         <wf lemma="povezano" pos="X">povezano</wf>
         <wf lemma="z" pos="X">z</wf>
         <wf lemma="odpiranjem" pos="X">odpiranjem</wf>
         <instance id="d000.s1481.t000" lemma="trg" pos="NOUN">trga</instance>
         <wf lemma="z" pos="X">z</wf>
         <wf lemma="električno" pos="X">električno</wf>
         <wf lemma="energijo" pos="X">energijo</wf>
         <wf lemma="." pos="X">.</wf>
      </sentence>
      <sentence id="d000.s1482" source="wordnet-slovenian">
         <wf lemma="Imam" pos="X">Imam</wf>
         <wf lemma="celo" pos="X">celo</wf>
         <instance id="d000.s1482.t000" lemma="čas" pos="NOUN">čas</instance>
         <wf lemma="," pos="X">,</wf>
         <wf lemma="da" pos="X">da</wf>
         <wf lemma="to" pos="X">to</wf>
         <wf lemma="opazim" pos="X">opazim</wf>
         <wf lemma="." pos="X">.</wf>
      </sentence>
      <sentence id="d000.s1483" source="wordnet-slovenian">
         <wf lemma="Menila" pos="X">Menila</wf>
         <wf lemma="sem" pos="X">sem</wf>
         <wf lemma="," pos="X">,</wf>
         <wf lemma="da" pos="X">da</wf>
         <wf lemma="so" pos="X">so</wf>
         <wf lemma="hoteli" pos="X">hoteli</wf>
         <wf lemma="Hrvati" pos="X">Hrvati</wf>
         <wf lemma="v" pos="X">v</wf>
         <wf lemma="imenu" pos="X">imenu</wf>
         <wf lemma="Bošnjakov" pos="X">Bošnjakov</wf>
         <wf lemma="," pos="X">,</wf>
         <wf lemma="ki" pos="X">ki</wf>
         <wf lemma="so" pos="X">so</wf>
         <wf lemma="takrat" pos="X">takrat</wf>
         <wf lemma="zaradi" pos="X">zaradi</wf>
         <wf lemma="srbskega" pos="X">srbskega</wf>
         <wf lemma="osvajanja" pos="X">osvajanja</wf>
         <wf lemma="izgubljali" pos="X">izgubljali</wf>
         <wf lemma="ozemlje" pos="X">ozemlje</wf>
         <wf lemma="," pos="X">,</wf>
         <wf lemma="prevesiti" pos="X">prevesiti</wf>
         <wf lemma="ameriško" pos="X">ameriško</wf>
         <wf lemma="javno" pos="X">javno</wf>
         <wf lemma="mnenje" pos="X">mnenje</wf>
         <wf lemma="na" pos="X">na</wf>
         <wf lemma="bosansko" pos="X">bosansko</wf>
         <instance id="d000.s1483.t000" lemma="stran" pos="NOUN">stran</instance>
         <wf lemma="tako" pos="X">tako</wf>
         <wf lemma="," pos="X">,</wf>
         <wf lemma="da" pos="X">da</wf>
         <wf lemma="so" pos="X">so</wf>
         <wf lemma="vse" pos="X">vse</wf>
         <wf lemma="Srbe" pos="X">Srbe</wf>
         <wf lemma="označevali" pos="X">označevali</wf>
         <wf lemma="za" pos="X">za</wf>
         <wf lemma="posiljevalce" pos="X">posiljevalce</wf>
         <wf lemma="." pos="X">.</wf>
      </sentence>
      <sentence id="d000.s1484" source="wordnet-slovenian">
         <wf lemma="Te" pos="X">Te</wf>
         <wf lemma="veljajo" pos="X">veljajo</wf>
         <wf lemma="za" pos="X">za</wf>
         <instance id="d000.s1484.t000" lemma="primer" pos="NOUN">primer</instance>
         <wf lemma="," pos="X">,</wf>
         <wf lemma="če" pos="X">če</wf>
         <wf lemma="na" pos="X">na</wf>
         <wf lemma="kateri" pos="X">kateri</wf>
         <wf lemma="koli" pos="X">koli</wf>
         <wf lemma="narok" pos="X">narok</wf>
         <wf lemma="(" pos="X">(</wf>
         <wf lemma="pripravljalni" pos="X">pripravljalni</wf>
         <wf lemma="narok" pos="X">narok</wf>
         <wf lemma="ali" pos="X">ali</wf>
         <wf lemma="katerega" pos="X">katerega</wf>
         <wf lemma="izmed" pos="X">izmed</wf>
         <wf lemma="narokov" pos="X">narokov</wf>
         <wf lemma="za" pos="X">za</wf>
         <wf lemma="glavno" pos="X">glavno</wf>
         <wf lemma="obravnavo" pos="X">obravnavo</wf>
         <wf lemma=")" pos="X">)</wf>
         <wf lemma="ne" pos="X">ne</wf>
         <wf lemma="prideta" pos="X">prideta</wf>
         <wf lemma="obe" pos="X">obe</wf>
         <wf lemma="stranki" pos="X">stranki</wf>
         <wf lemma="." pos="X">.</wf>
      </sentence>
      <sentence id="d000.s1485" source="wordnet-slovenian">
         <wf lemma="V" pos="X">V</wf>
         <wf lemma="drugem" pos="X">drugem</wf>
         <wf lemma="delu" pos="X">delu</wf>
         <wf lemma="tega" pos="X">tega</wf>
         <wf lemma="dejanja" pos="X">dejanja</wf>
         <wf lemma="poleg" pos="X">poleg</wf>
         <wf lemma="Friderika" pos="X">Friderika</wf>
         <wf lemma="in" pos="X">in</wf>
         <wf lemma="Jelisave" pos="X">Jelisave</wf>
         <wf lemma="nastopi" pos="X">nastopi</wf>
         <wf lemma="še" pos="X">še</wf>
         <wf lemma="stari" pos="X">stari</wf>
         <wf lemma="Herman" pos="X">Herman</wf>
         <wf lemma=":" pos="X">:</wf>
         <wf lemma="spregledal" pos="X">spregledal</wf>
         <wf lemma="je" pos="X">je</wf>
         <wf lemma="sinove" pos="X">sinove</wf>
         <wf lemma="namere" pos="X">namere</wf>
         <wf lemma="z" pos="X">z</wf>
         <wf lemma="Veroniko" pos="X">Veroniko</wf>
         <wf lemma="in" pos="X">in</wf>
         <wf lemma="jih" pos="X">jih</wf>
         <wf lemma="sklene" pos="X">sklene</wf>
         <wf lemma="preprečiti" pos="X">preprečiti</wf>
         <wf lemma="," pos="X">,</wf>
         <wf lemma="sina" pos="X">sina</wf>
         <wf lemma="in" pos="X">in</wf>
         <wf lemma="snaho" pos="X">snaho</wf>
         <wf lemma="pa" pos="X">pa</wf>
         <wf lemma="hoče" pos="X">hoče</wf>
         <wf lemma="pripraviti" pos="X">pripraviti</wf>
         <wf lemma="do" pos="X">do</wf>
         <wf lemma="sprave" pos="X">sprave</wf>
         <wf lemma=";" pos="X">;</wf>
         <wf lemma="v" pos="X">v</wf>
         <wf lemma="sinu" pos="X">sinu</wf>
         <wf lemma="hoče" pos="X">hoče</wf>
         <wf lemma="poleg" pos="X">poleg</wf>
         <wf lemma="tega" pos="X">tega</wf>
         <wf lemma="okrepiti" pos="X">okrepiti</wf>
         <wf lemma="skrb" pos="X">skrb</wf>
         <wf lemma="za" pos="X">za</wf>
         <wf lemma="ugled" pos="X">ugled</wf>
         <wf lemma="in" pos="X">in</wf>
         <instance id="d000.s1485.t000" lemma="moč" pos="NOUN">moč</instance>
         <wf lemma="Celjanov" pos="X">Celjanov</wf>
         <wf lemma="," pos="X">,</wf>
         <wf lemma="vnuk" pos="X">vnuk</wf>
         <wf lemma="Ulrik" pos="X">Ulrik</wf>
         <wf lemma="naj" pos="X">naj</wf>
         <wf lemma="bi" pos="X">bi</wf>
         <wf lemma="celo" pos="X">celo</wf>
         <wf lemma="zasnoval" pos="X">zasnoval</wf>
         <wf lemma="jugoslovansko" pos="X">jugoslovansko</wf>
         <wf lemma="državo" pos="X">državo</wf>
         <wf lemma="." pos="X">.</wf>
      </sentence>
      <sentence id="d000.s1486" source="wordnet-slovenian">
         <wf lemma="Sicer" pos="X">Sicer</wf>
         <wf lemma="pa" pos="X">pa</wf>
         <wf lemma="gre" pos="X">gre</wf>
         <wf lemma="pri" pos="X">pri</wf>
         <wf lemma="reševanju" pos="X">reševanju</wf>
         <wf lemma="privatizacijskega" pos="X">privatizacijskega</wf>
         <wf lemma="primanjkljaja" pos="X">primanjkljaja</wf>
         <wf lemma="za" pos="X">za</wf>
         <wf lemma="evidentno" pos="X">evidentno</wf>
         <wf lemma="javnofinančno" pos="X">javnofinančno</wf>
         <wf lemma="in" pos="X">in</wf>
         <wf lemma="makroekonomsko" pos="X">makroekonomsko</wf>
         <instance id="d000.s1486.t000" lemma="vprašanje" pos="NOUN">vprašanje</instance>
         <wf lemma="." pos="X">.</wf>
      </sentence>
      <sentence id="d000.s1487" source="wordnet-slovenian">
         <wf lemma="Tako" pos="X">Tako</wf>
         <wf lemma="je" pos="X">je</wf>
         <wf lemma="predsednik" pos="X">predsednik</wf>
         <instance id="d000.s1487.t000" lemma="komisija" pos="NOUN">komisije</instance>
         <wf lemma="učenjakov" pos="X">učenjakov</wf>
         <wf lemma="skrčil" pos="X">skrčil</wf>
         <wf lemma="bistvo" pos="X">bistvo</wf>
         <wf lemma="zgodovine" pos="X">zgodovine</wf>
         <wf lemma="človeštva" pos="X">človeštva</wf>
         <wf lemma="v" pos="X">v</wf>
         <wf lemma="en" pos="X">en</wf>
         <wf lemma="sam" pos="X">sam</wf>
         <wf lemma="stavek" pos="X">stavek</wf>
         <wf lemma=":" pos="X">:</wf>
         <wf lemma="Živeli" pos="X">Živeli</wf>
         <wf lemma="so" pos="X">so</wf>
         <wf lemma="," pos="X">,</wf>
         <wf lemma="trpeli" pos="X">trpeli</wf>
         <wf lemma="in" pos="X">in</wf>
         <wf lemma="umrli" pos="X">umrli</wf>
         <wf lemma=";" pos="X">;</wf>
         <wf lemma="kar" pos="X">kar</wf>
         <wf lemma="je" pos="X">je</wf>
         <wf lemma="vredno" pos="X">vredno</wf>
         <wf lemma="in" pos="X">in</wf>
         <wf lemma="preživi" pos="X">preživi</wf>
         <wf lemma="," pos="X">,</wf>
         <wf lemma="je" pos="X">je</wf>
         <wf lemma="ljubezen" pos="X">ljubezen</wf>
         <wf lemma="." pos="X">.</wf>
      </sentence>
      <sentence id="d000.s1488" source="wordnet-slovenian">
         <wf lemma="Določeni" pos="X">Določeni</wf>
         <instance id="d000.s1488.t000" lemma="del" pos="NOUN">deli</instance>
         <wf lemma="so" pos="X">so</wf>
         <wf lemma="povsem" pos="X">povsem</wf>
         <wf lemma="zaprti" pos="X">zaprti</wf>
         <wf lemma="za" pos="X">za</wf>
         <wf lemma="fotografiranje" pos="X">fotografiranje</wf>
         <wf lemma="," pos="X">,</wf>
         <wf lemma="drugi" pos="X">drugi</wf>
         <wf lemma="so" pos="X">so</wf>
         <wf lemma="bolj" pos="X">bolj</wf>
         <wf lemma="ali" pos="X">ali</wf>
         <wf lemma="manj" pos="X">manj</wf>
         <wf lemma="zanimivi" pos="X">zanimivi</wf>
         <wf lemma="." pos="X">.</wf>
      </sentence>
      <sentence id="d000.s1489" source="wordnet-slovenian">
         <wf lemma="Namen" pos="X">Namen</wf>
         <wf lemma="objave" pos="X">objave</wf>
         <wf lemma="uzakonjenih" pos="X">uzakonjenih</wf>
         <wf lemma="prepovedi" pos="X">prepovedi</wf>
         <wf lemma="in" pos="X">in</wf>
         <wf lemma="omejitev" pos="X">omejitev</wf>
         <wf lemma="v" pos="X">v</wf>
         <wf lemma="uradnih" pos="X">uradnih</wf>
         <instance id="d000.s1489.t000" lemma="prostor" pos="NOUN">prostorih</instance>
         <wf lemma="je" pos="X">je</wf>
         <wf lemma="v" pos="X">v</wf>
         <wf lemma="tem" pos="X">tem</wf>
         <wf lemma="," pos="X">,</wf>
         <wf lemma="da" pos="X">da</wf>
         <wf lemma="se" pos="X">se</wf>
         <wf lemma="stranke" pos="X">stranke</wf>
         <wf lemma="z" pos="X">z</wf>
         <wf lemma="njimi" pos="X">njimi</wf>
         <wf lemma="lahko" pos="X">lahko</wf>
         <wf lemma="seznanijo" pos="X">seznanijo</wf>
         <wf lemma="neposredno" pos="X">neposredno</wf>
         <wf lemma="tam" pos="X">tam</wf>
         <wf lemma="," pos="X">,</wf>
         <wf lemma="kjer" pos="X">kjer</wf>
         <wf lemma="pridejo" pos="X">pridejo</wf>
         <wf lemma="v" pos="X">v</wf>
         <wf lemma="stik" pos="X">stik</wf>
         <wf lemma="z" pos="X">z</wf>
         <wf lemma="javno" pos="X">javno</wf>
         <wf lemma="upravo" pos="X">upravo</wf>
         <wf lemma="," pos="X">,</wf>
         <wf lemma="ne" pos="X">ne</wf>
         <wf lemma="pa" pos="X">pa</wf>
         <wf lemma="da" pos="X">da</wf>
         <wf lemma="so" pos="X">so</wf>
         <wf lemma="ta" pos="X">ta</wf>
         <wf lemma="pravila" pos="X">pravila</wf>
         <wf lemma="»" pos="X">»</wf>
         <wf lemma="skrita" pos="X">skrita</wf>
         <wf lemma="«" pos="X">«</wf>
         <wf lemma="nekje" pos="X">nekje</wf>
         <wf lemma="v" pos="X">v</wf>
         <wf lemma="uradnem" pos="X">uradnem</wf>
         <wf lemma="listu" pos="X">listu</wf>
         <wf lemma="." pos="X">.</wf>
      </sentence>
      <sentence id="d000.s1490" source="wordnet-slovenian">
         <wf lemma="Če" pos="X">Če</wf>
         <wf lemma="tega" pos="X">tega</wf>
         <wf lemma="primanjkuje" pos="X">primanjkuje</wf>
         <wf lemma="," pos="X">,</wf>
         <wf lemma="poskuša" pos="X">poskuša</wf>
         <wf lemma="ščitnica" pos="X">ščitnica</wf>
         <wf lemma="s" pos="X">s</wf>
         <wf lemma="svojim" pos="X">svojim</wf>
         <wf lemma="večanjem" pos="X">večanjem</wf>
         <wf lemma="in" pos="X">in</wf>
         <wf lemma="intenzivnejšim" pos="X">intenzivnejšim</wf>
         <wf lemma="delovanjem" pos="X">delovanjem</wf>
         <wf lemma="preprečiti" pos="X">preprečiti</wf>
         <wf lemma="njegovo" pos="X">njegovo</wf>
         <wf lemma="izgubljanje" pos="X">izgubljanje</wf>
         <wf lemma="iz" pos="X">iz</wf>
         <instance id="d000.s1490.t000" lemma="telo" pos="NOUN">telesa</instance>
         <wf lemma="." pos="X">.</wf>
      </sentence>
      <sentence id="d000.s1491" source="wordnet-slovenian">
         <wf lemma="Na" pos="X">Na</wf>
         <wf lemma="trg" pos="X">trg</wf>
         <wf lemma="omrežij" pos="X">omrežij</wf>
         <wf lemma="CDMA" pos="X">CDMA</wf>
         <wf lemma="(" pos="X">(</wf>
         <wf lemma="uporabljajo" pos="X">uporabljajo</wf>
         <wf lemma="jih" pos="X">jih</wf>
         <wf lemma="tudi" pos="X">tudi</wf>
         <wf lemma="v" pos="X">v</wf>
         <wf lemma="Južni" pos="X">Južni</wf>
         <wf lemma="in" pos="X">in</wf>
         <wf lemma="Srednji" pos="X">Srednji</wf>
         <wf lemma="Ameriki" pos="X">Ameriki</wf>
         <wf lemma=")" pos="X">)</wf>
         <wf lemma="ga" pos="X">ga</wf>
         <wf lemma="je" pos="X">je</wf>
         <wf lemma="poslala" pos="X">poslala</wf>
         <wf lemma="Kyocera" pos="X">Kyocera</wf>
         <wf lemma="," pos="X">,</wf>
         <instance id="d000.s1491.t000" lemma="zadeva" pos="NOUN">zadeva</instance>
         <wf lemma="pa" pos="X">pa</wf>
         <wf lemma="je" pos="X">je</wf>
         <wf lemma="vzbudila" pos="X">vzbudila</wf>
         <wf lemma="veliko" pos="X">veliko</wf>
         <wf lemma="pozornosti" pos="X">pozornosti</wf>
         <wf lemma="tudi" pos="X">tudi</wf>
         <wf lemma="pri" pos="X">pri</wf>
         <wf lemma="nas" pos="X">nas</wf>
         <wf lemma="." pos="X">.</wf>
      </sentence>
      <sentence id="d000.s1492" source="wordnet-slovenian">
         <wf lemma="Iz" pos="X">Iz</wf>
         <wf lemma="plodov" pos="X">plodov</wf>
         <wf lemma="gozdnih" pos="X">gozdnih</wf>
         <wf lemma="jagod" pos="X">jagod</wf>
         <wf lemma="se" pos="X">se</wf>
         <wf lemma="da" pos="X">da</wf>
         <wf lemma="pripraviti" pos="X">pripraviti</wf>
         <wf lemma="cela" pos="X">cela</wf>
         <instance id="d000.s1492.t000" lemma="vrsta" pos="NOUN">vrsta</instance>
         <wf lemma="pripravkov" pos="X">pripravkov</wf>
         <wf lemma="in" pos="X">in</wf>
         <wf lemma="o" pos="X">o</wf>
         <wf lemma="tem" pos="X">tem</wf>
         <wf lemma="dovolj" pos="X">dovolj</wf>
         <wf lemma="piše" pos="X">piše</wf>
         <wf lemma="v" pos="X">v</wf>
         <wf lemma="kuharskih" pos="X">kuharskih</wf>
         <wf lemma="knjigah" pos="X">knjigah</wf>
         <wf lemma="." pos="X">.</wf>
      </sentence>
      <sentence id="d000.s1493" source="wordnet-slovenian">
         <wf lemma="Vrhunec" pos="X">Vrhunec</wf>
         <wf lemma="uspešnosti" pos="X">uspešnosti</wf>
         <wf lemma="je" pos="X">je</wf>
         <wf lemma="Christopher" pos="X">Christopher</wf>
         <wf lemma="Skase" pos="X">Skase</wf>
         <wf lemma="dosegel" pos="X">dosegel</wf>
         <wf lemma="v" pos="X">v</wf>
         <wf lemma="80." pos="X">80.</wf>
         <instance id="d000.s1493.t000" lemma="leto" pos="NOUN">letih</instance>
         <wf lemma="," pos="X">,</wf>
         <wf lemma="ko" pos="X">ko</wf>
         <wf lemma="si" pos="X">si</wf>
         <wf lemma="je" pos="X">je</wf>
         <wf lemma="prislužil" pos="X">prislužil</wf>
         <wf lemma="velikansko" pos="X">velikansko</wf>
         <wf lemma="bogastvo" pos="X">bogastvo</wf>
         <wf lemma="in" pos="X">in</wf>
         <wf lemma="si" pos="X">si</wf>
         <wf lemma="lahko" pos="X">lahko</wf>
         <wf lemma="privoščil" pos="X">privoščil</wf>
         <wf lemma="prav" pos="X">prav</wf>
         <wf lemma="vse" pos="X">vse</wf>
         <wf lemma="." pos="X">.</wf>
      </sentence>
      <sentence id="d000.s1494" source="wordnet-slovenian">
         <wf lemma="Gre" pos="X">Gre</wf>
         <wf lemma="za" pos="X">za</wf>
         <wf lemma="zapuščanje" pos="X">zapuščanje</wf>
         <wf lemma="potapljajoče" pos="X">potapljajoče</wf>
         <wf lemma="se" pos="X">se</wf>
         <wf lemma="ladje" pos="X">ladje</wf>
         <wf lemma="ali" pos="X">ali</wf>
         <wf lemma="za" pos="X">za</wf>
         <wf lemma="unovčevanje" pos="X">unovčevanje</wf>
         <wf lemma="političnega" pos="X">političnega</wf>
         <wf lemma="kapitala" pos="X">kapitala</wf>
         <wf lemma="," pos="X">,</wf>
         <wf lemma="akumuliranega" pos="X">akumuliranega</wf>
         <wf lemma="v" pos="X">v</wf>
         <instance id="d000.s1494.t000" lemma="leto" pos="NOUN">letih</instance>
         <wf lemma="strankarske" pos="X">strankarske</wf>
         <wf lemma="kariere" pos="X">kariere</wf>
         <wf lemma="?" pos="X">?</wf>
      </sentence>
      <sentence id="d000.s1495" source="wordnet-slovenian">
         <wf lemma="Končina" pos="X">Končina</wf>
         <wf lemma="je" pos="X">je</wf>
         <wf lemma="vzel" pos="X">vzel</wf>
         <wf lemma="pod" pos="X">pod</wf>
         <wf lemma="drobnogled" pos="X">drobnogled</wf>
         <wf lemma="še" pos="X">še</wf>
         <wf lemma="trditve" pos="X">trditve</wf>
         <wf lemma="strokovnega" pos="X">strokovnega</wf>
         <wf lemma="direktorja" pos="X">direktorja</wf>
         <wf lemma="KC" pos="X">KC</wf>
         <wf lemma="Zorana" pos="X">Zorana</wf>
         <wf lemma="Arneža" pos="X">Arneža</wf>
         <wf lemma="," pos="X">,</wf>
         <wf lemma="ki" pos="X">ki</wf>
         <wf lemma="ves" pos="X">ves</wf>
         <wf lemma="čas" pos="X">čas</wf>
         <wf lemma="zatrjuje" pos="X">zatrjuje</wf>
         <wf lemma="," pos="X">,</wf>
         <wf lemma="da" pos="X">da</wf>
         <wf lemma="je" pos="X">je</wf>
         <wf lemma="bil" pos="X">bil</wf>
         <wf lemma="nakup" pos="X">nakup</wf>
         <wf lemma="miz" pos="X">miz</wf>
         <wf lemma="strokovno" pos="X">strokovno</wf>
         <wf lemma="upravičen" pos="X">upravičen</wf>
         <wf lemma="," pos="X">,</wf>
         <wf lemma="da" pos="X">da</wf>
         <wf lemma="pa" pos="X">pa</wf>
         <wf lemma="se" pos="X">se</wf>
         <wf lemma="ni" pos="X">ni</wf>
         <wf lemma="spuščal" pos="X">spuščal</wf>
         <wf lemma="v" pos="X">v</wf>
         <wf lemma="poslovne" pos="X">poslovne</wf>
         <wf lemma="plati" pos="X">plati</wf>
         <instance id="d000.s1495.t000" lemma="zadeva" pos="NOUN">zadeve</instance>
         <wf lemma="." pos="X">.</wf>
      </sentence>
      <sentence id="d000.s1496" source="wordnet-slovenian">
         <wf lemma="V" pos="X">V</wf>
         <wf lemma="imenu" pos="X">imenu</wf>
         <wf lemma="odbora" pos="X">odbora</wf>
         <wf lemma="," pos="X">,</wf>
         <wf lemma="ki" pos="X">ki</wf>
         <wf lemma="ga" pos="X">ga</wf>
         <wf lemma="vodim" pos="X">vodim</wf>
         <wf lemma="," pos="X">,</wf>
         <wf lemma="to" pos="X">to</wf>
         <wf lemma="je" pos="X">je</wf>
         <wf lemma="Odbora" pos="X">Odbora</wf>
         <wf lemma="za" pos="X">za</wf>
         <wf lemma="zdravstvo" pos="X">zdravstvo</wf>
         <wf lemma="," pos="X">,</wf>
         <wf lemma="delo" pos="X">delo</wf>
         <wf lemma="," pos="X">,</wf>
         <wf lemma="družino" pos="X">družino</wf>
         <wf lemma="in" pos="X">in</wf>
         <wf lemma="socialno" pos="X">socialno</wf>
         <wf lemma="politiko" pos="X">politiko</wf>
         <wf lemma="," pos="X">,</wf>
         <wf lemma="sem" pos="X">sem</wf>
         <wf lemma="dolžan" pos="X">dolžan</wf>
         <wf lemma="stališče" pos="X">stališče</wf>
         <wf lemma="gospoda" pos="X">gospoda</wf>
         <wf lemma="Mozetiča" pos="X">Mozetiča</wf>
         <wf lemma="še" pos="X">še</wf>
         <wf lemma="podkrepiti" pos="X">podkrepiti</wf>
         <wf lemma="z" pos="X">z</wf>
         <instance id="d000.s1496.t000" lemma="mnenje" pos="NOUN">mnenjem</instance>
         <wf lemma="oziroma" pos="X">oziroma</wf>
         <wf lemma="poročilom" pos="X">poročilom</wf>
         <wf lemma="Odbora" pos="X">Odbora</wf>
         <wf lemma="." pos="X">.</wf>
      </sentence>
      <sentence id="d000.s1497" source="wordnet-slovenian">
         <wf lemma="Neka" pos="X">Neka</wf>
         <wf lemma="raziskava" pos="X">raziskava</wf>
         <wf lemma="je" pos="X">je</wf>
         <wf lemma="tako" pos="X">tako</wf>
         <wf lemma="dokazala" pos="X">dokazala</wf>
         <wf lemma="," pos="X">,</wf>
         <wf lemma="kako" pos="X">kako</wf>
         <wf lemma="je" pos="X">je</wf>
         <wf lemma="pogostnost" pos="X">pogostnost</wf>
         <wf lemma="nasilja" pos="X">nasilja</wf>
         <wf lemma="nad" pos="X">nad</wf>
         <instance id="d000.s1497.t000" lemma="ženska" pos="NOUN">ženskami</instance>
         <wf lemma="v" pos="X">v</wf>
         <wf lemma="neposredni" pos="X">neposredni</wf>
         <wf lemma="povezavi" pos="X">povezavi</wf>
         <wf lemma="z" pos="X">z</wf>
         <wf lemma="zunanjo" pos="X">zunanjo</wf>
         <wf lemma="temperaturo" pos="X">temperaturo</wf>
         <wf lemma=";" pos="X">;</wf>
         <wf lemma="največ" pos="X">največ</wf>
         <wf lemma="žensk" pos="X">žensk</wf>
         <wf lemma="je" pos="X">je</wf>
         <wf lemma="pretepenih" pos="X">pretepenih</wf>
         <wf lemma="med" pos="X">med</wf>
         <wf lemma="poletno" pos="X">poletno</wf>
         <wf lemma="vročino" pos="X">vročino</wf>
         <wf lemma="." pos="X">.</wf>
      </sentence>
      <sentence id="d000.s1498" source="wordnet-slovenian">
         <wf lemma="KRŠKO" pos="X">KRŠKO</wf>
         <wf lemma="-" pos="X">-</wf>
         <wf lemma="Po" pos="X">Po</wf>
         <wf lemma="informacijah" pos="X">informacijah</wf>
         <wf lemma="," pos="X">,</wf>
         <wf lemma="ki" pos="X">ki</wf>
         <wf lemma="smo" pos="X">smo</wf>
         <wf lemma="jih" pos="X">jih</wf>
         <wf lemma="dobili" pos="X">dobili</wf>
         <wf lemma="v" pos="X">v</wf>
         <wf lemma="krški" pos="X">krški</wf>
         <wf lemma="tovarni" pos="X">tovarni</wf>
         <wf lemma="papirja" pos="X">papirja</wf>
         <wf lemma="in" pos="X">in</wf>
         <wf lemma="celuloze" pos="X">celuloze</wf>
         <wf lemma="," pos="X">,</wf>
         <wf lemma="sta" pos="X">sta</wf>
         <wf lemma="v" pos="X">v</wf>
         <wf lemma="papirniškem" pos="X">papirniškem</wf>
         <wf lemma="delu" pos="X">delu</wf>
         <wf lemma="v" pos="X">v</wf>
         <wf lemma="torek" pos="X">torek</wf>
         <wf lemma="," pos="X">,</wf>
         <wf lemma="ko" pos="X">ko</wf>
         <wf lemma="to" pos="X">to</wf>
         <wf lemma="poročamo" pos="X">poročamo</wf>
         <wf lemma="," pos="X">,</wf>
         <wf lemma="obratovala" pos="X">obratovala</wf>
         <wf lemma="dva" pos="X">dva</wf>
         <wf lemma="stroja" pos="X">stroja</wf>
         <wf lemma="," pos="X">,</wf>
         <wf lemma="tretjega" pos="X">tretjega</wf>
         <wf lemma="naj" pos="X">naj</wf>
         <wf lemma="bi" pos="X">bi</wf>
         <wf lemma="pognali" pos="X">pognali</wf>
         <wf lemma="tega" pos="X">tega</wf>
         <instance id="d000.s1498.t000" lemma="dan" pos="NOUN">dne</instance>
         <wf lemma="popoldne" pos="X">popoldne</wf>
         <wf lemma="." pos="X">.</wf>
      </sentence>
      <sentence id="d000.s1499" source="wordnet-slovenian">
         <wf lemma="V" pos="X">V</wf>
         <wf lemma="okviru" pos="X">okviru</wf>
         <wf lemma="neke" pos="X">neke</wf>
         <wf lemma="vrste" pos="X">vrste</wf>
         <wf lemma="tehnološkega" pos="X">tehnološkega</wf>
         <wf lemma="holizma" pos="X">holizma</wf>
         <wf lemma="so" pos="X">so</wf>
         <wf lemma="bili" pos="X">bili</wf>
         <wf lemma="prvi" pos="X">prvi</wf>
         <wf lemma="teoretični" pos="X">teoretični</wf>
         <wf lemma="pristopi" pos="X">pristopi</wf>
         <wf lemma="k" pos="X">k</wf>
         <wf lemma="biološkemu" pos="X">biološkemu</wf>
         <wf lemma="telesu" pos="X">telesu</wf>
         <wf lemma="z" pos="X">z</wf>
         <wf lemma="vidika" pos="X">vidika</wf>
         <wf lemma="kibernetičnih" pos="X">kibernetičnih</wf>
         <wf lemma="komunikacijskih" pos="X">komunikacijskih</wf>
         <wf lemma="sistemov" pos="X">sistemov</wf>
         <wf lemma="od" pos="X">od</wf>
         <wf lemma="poznih" pos="X">poznih</wf>
         <wf lemma="štiridesetih" pos="X">štiridesetih</wf>
         <wf lemma="pa" pos="X">pa</wf>
         <wf lemma="vse" pos="X">vse</wf>
         <wf lemma="do" pos="X">do</wf>
         <instance id="d000.s1499.t000" lemma="konec" pos="NOUN">konca</instance>
         <wf lemma="šestdesetih" pos="X">šestdesetih</wf>
         <wf lemma="nagnjeni" pos="X">nagnjeni</wf>
         <wf lemma="h" pos="X">h</wf>
         <wf lemma="koordinaciji" pos="X">koordinaciji</wf>
         <wf lemma="pod" pos="X">pod</wf>
         <wf lemma="vplivom" pos="X">vplivom</wf>
         <wf lemma="&quot;" pos="X">&quot;</wf>
         <wf lemma="krožno" pos="X">krožno</wf>
         <wf lemma="-" pos="X">-</wf>
         <wf lemma="kavzalnih" pos="X">kavzalnih</wf>
         <wf lemma="mehanizmov" pos="X">mehanizmov</wf>
         <wf lemma="povratne" pos="X">povratne</wf>
         <wf lemma="informacije" pos="X">informacije</wf>
         <wf lemma="&quot;" pos="X">&quot;</wf>
         <wf lemma="." pos="X">.</wf>
      </sentence>
      <sentence id="d000.s1500" source="wordnet-slovenian">
         <wf lemma="V" pos="X">V</wf>
         <wf lemma="italijanskem" pos="X">italijanskem</wf>
         <wf lemma="mestu" pos="X">mestu</wf>
         <wf lemma="Chiogga" pos="X">Chiogga</wf>
         <wf lemma="," pos="X">,</wf>
         <wf lemma="kjer" pos="X">kjer</wf>
         <wf lemma="sta" pos="X">sta</wf>
         <wf lemma="potekala" pos="X">potekala</wf>
         <wf lemma="dva" pos="X">dva</wf>
         <wf lemma="mednarodna" pos="X">mednarodna</wf>
         <wf lemma="natečaja" pos="X">natečaja</wf>
         <wf lemma="za" pos="X">za</wf>
         <wf lemma="otroško" pos="X">otroško</wf>
         <wf lemma="ilustracijo" pos="X">ilustracijo</wf>
         <wf lemma="," pos="X">,</wf>
         <wf lemma="je" pos="X">je</wf>
         <wf lemma="na" pos="X">na</wf>
         <wf lemma="prvem" pos="X">prvem</wf>
         <wf lemma="," pos="X">,</wf>
         <wf lemma="katerega" pos="X">katerega</wf>
         <wf lemma="tema" pos="X">tema</wf>
         <wf lemma="je" pos="X">je</wf>
         <wf lemma="bila" pos="X">bila</wf>
         <wf lemma="Skrivnostni" pos="X">Skrivnostni</wf>
         <wf lemma="vzhod" pos="X">vzhod</wf>
         <wf lemma="," pos="X">,</wf>
         <wf lemma="med" pos="X">med</wf>
         <wf lemma="450" pos="X">450</wf>
         <wf lemma="ilustratorji" pos="X">ilustratorji</wf>
         <wf lemma="iz" pos="X">iz</wf>
         <wf lemma="vsega" pos="X">vsega</wf>
         <instance id="d000.s1500.t000" lemma="svet" pos="NOUN">sveta</instance>
         <wf lemma="tretje" pos="X">tretje</wf>
         <wf lemma="mesto" pos="X">mesto</wf>
         <wf lemma="zasedel" pos="X">zasedel</wf>
         <wf lemma="Slovenec" pos="X">Slovenec</wf>
         <wf lemma="David" pos="X">David</wf>
         <wf lemma="Ličen" pos="X">Ličen</wf>
         <wf lemma="," pos="X">,</wf>
         <wf lemma="Andreja" pos="X">Andreja</wf>
         <wf lemma="Burin" pos="X">Burin</wf>
         <wf lemma="pa" pos="X">pa</wf>
         <wf lemma="je" pos="X">je</wf>
         <wf lemma="dobila" pos="X">dobila</wf>
         <wf lemma="posebno" pos="X">posebno</wf>
         <wf lemma="pohvalo" pos="X">pohvalo</wf>
         <wf lemma="." pos="X">.</wf>
      </sentence>
      <sentence id="d000.s1501" source="wordnet-slovenian">
         <wf lemma="Če" pos="X">Če</wf>
         <wf lemma="so" pos="X">so</wf>
         <instance id="d000.s1501.t000" lemma="podatek" pos="NOUN">podatki</instance>
         <wf lemma="resnični" pos="X">resnični</wf>
         <wf lemma="," pos="X">,</wf>
         <wf lemma="je" pos="X">je</wf>
         <wf lemma="ta" pos="X">ta</wf>
         <wf lemma="številka" pos="X">številka</wf>
         <wf lemma="20" pos="X">20</wf>
         <wf lemma="-" pos="X">-</wf>
         <wf lemma="krat" pos="X">krat</wf>
         <wf lemma="večja" pos="X">večja</wf>
         <wf lemma="kot" pos="X">kot</wf>
         <wf lemma="v" pos="X">v</wf>
         <wf lemma="Ameriki" pos="X">Ameriki</wf>
         <wf lemma="." pos="X">.</wf>
      </sentence>
      <sentence id="d000.s1502" source="wordnet-slovenian">
         <wf lemma="Tako" pos="X">Tako</wf>
         <wf lemma="je" pos="X">je</wf>
         <wf lemma="kmečka" pos="X">kmečka</wf>
         <wf lemma="Ljudska" pos="X">Ljudska</wf>
         <instance id="d000.s1502.t000" lemma="stranka" pos="NOUN">stranka</instance>
         <wf lemma="(" pos="X">(</wf>
         <wf lemma="PSL" pos="X">PSL</wf>
         <wf lemma=")" pos="X">)</wf>
         <wf lemma="lani" pos="X">lani</wf>
         <wf lemma="ustvarila" pos="X">ustvarila</wf>
         <wf lemma="največji" pos="X">največji</wf>
         <wf lemma="dohodek" pos="X">dohodek</wf>
         <wf lemma="(" pos="X">(</wf>
         <wf lemma="okoli" pos="X">okoli</wf>
         <wf lemma="27" pos="X">27</wf>
         <wf lemma="milijonov" pos="X">milijonov</wf>
         <wf lemma="dolarjev" pos="X">dolarjev</wf>
         <wf lemma=")" pos="X">)</wf>
         <wf lemma="," pos="X">,</wf>
         <wf lemma="ko" pos="X">ko</wf>
         <wf lemma="je" pos="X">je</wf>
         <wf lemma="prodala" pos="X">prodala</wf>
         <wf lemma="več" pos="X">več</wf>
         <wf lemma="kot" pos="X">kot</wf>
         <wf lemma="80" pos="X">80</wf>
         <wf lemma="objektov" pos="X">objektov</wf>
         <wf lemma="in" pos="X">in</wf>
         <wf lemma="lokalov" pos="X">lokalov</wf>
         <wf lemma="." pos="X">.</wf>
      </sentence>
      <sentence id="d000.s1503" source="wordnet-slovenian">
         <wf lemma="Še" pos="X">Še</wf>
         <wf lemma="vedno" pos="X">vedno</wf>
         <wf lemma="obstaja" pos="X">obstaja</wf>
         <wf lemma="neka" pos="X">neka</wf>
         <wf lemma="ustaljena" pos="X">ustaljena</wf>
         <wf lemma="podoba" pos="X">podoba</wf>
         <instance id="d000.s1503.t000" lemma="ženska" pos="NOUN">ženske</instance>
         <wf lemma="," pos="X">,</wf>
         <wf lemma="s" pos="X">s</wf>
         <wf lemma="katero" pos="X">katero</wf>
         <wf lemma="smo" pos="X">smo</wf>
         <wf lemma="vsi" pos="X">vsi</wf>
         <wf lemma="obremenjeni" pos="X">obremenjeni</wf>
         <wf lemma="," pos="X">,</wf>
         <wf lemma="in" pos="X">in</wf>
         <wf lemma="dileme" pos="X">dileme</wf>
         <wf lemma="so" pos="X">so</wf>
         <wf lemma="zaradi" pos="X">zaradi</wf>
         <wf lemma="tega" pos="X">tega</wf>
         <wf lemma="hujše" pos="X">hujše</wf>
         <wf lemma="." pos="X">.</wf>
      </sentence>
      <sentence id="d000.s1504" source="wordnet-slovenian">
         <wf lemma="Danes" pos="X">Danes</wf>
         <wf lemma="so" pos="X">so</wf>
         <wf lemma="mestne" pos="X">mestne</wf>
         <wf lemma="nekropole" pos="X">nekropole</wf>
         <wf lemma="prenapolnjene" pos="X">prenapolnjene</wf>
         <wf lemma="kljub" pos="X">kljub</wf>
         <wf lemma="prekopavanju" pos="X">prekopavanju</wf>
         <wf lemma="in" pos="X">in</wf>
         <wf lemma="premeščanju" pos="X">premeščanju</wf>
         <wf lemma="‘nevzdrževanih" pos="X">‘nevzdrževanih</wf>
         <wf lemma="’" pos="X">’</wf>
         <wf lemma="ostankov" pos="X">ostankov</wf>
         <wf lemma="v" pos="X">v</wf>
         <wf lemma="skupna" pos="X">skupna</wf>
         <wf lemma="grobišča" pos="X">grobišča</wf>
         <wf lemma=":" pos="X">:</wf>
         <wf lemma="v" pos="X">v</wf>
         <wf lemma="Berlinu" pos="X">Berlinu</wf>
         <wf lemma="je" pos="X">je</wf>
         <wf lemma="treba" pos="X">treba</wf>
         <wf lemma="čakati" pos="X">čakati</wf>
         <wf lemma="skoraj" pos="X">skoraj</wf>
         <wf lemma="dva" pos="X">dva</wf>
         <instance id="d000.s1504.t000" lemma="mesec" pos="NOUN">meseca</instance>
         <wf lemma="," pos="X">,</wf>
         <wf lemma="da" pos="X">da</wf>
         <wf lemma="se" pos="X">se</wf>
         <wf lemma="najde" pos="X">najde</wf>
         <wf lemma="prostor" pos="X">prostor</wf>
         <wf lemma="na" pos="X">na</wf>
         <wf lemma="katerem" pos="X">katerem</wf>
         <wf lemma="si" pos="X">si</wf>
         <wf lemma="bodi" pos="X">bodi</wf>
         <wf lemma="od" pos="X">od</wf>
         <wf lemma="116" pos="X">116</wf>
         <wf lemma="pokopališč" pos="X">pokopališč</wf>
         <wf lemma=";" pos="X">;</wf>
         <wf lemma="na" pos="X">na</wf>
         <wf lemma="Japonskem" pos="X">Japonskem</wf>
         <wf lemma="smejo" pos="X">smejo</wf>
         <wf lemma="biti" pos="X">biti</wf>
         <wf lemma="v" pos="X">v</wf>
         <wf lemma="Tokiu" pos="X">Tokiu</wf>
         <wf lemma="pokopani" pos="X">pokopani</wf>
         <wf lemma="samo" pos="X">samo</wf>
         <wf lemma="člani" pos="X">člani</wf>
         <wf lemma="cesarske" pos="X">cesarske</wf>
         <wf lemma="rodbine" pos="X">rodbine</wf>
         <wf lemma=";" pos="X">;</wf>
         <wf lemma="znamenito" pos="X">znamenito</wf>
         <wf lemma="washingtonsko" pos="X">washingtonsko</wf>
         <wf lemma="pokopališče" pos="X">pokopališče</wf>
         <wf lemma="Arlington" pos="X">Arlington</wf>
         <wf lemma="," pos="X">,</wf>
         <wf lemma="ki" pos="X">ki</wf>
         <wf lemma="premore" pos="X">premore</wf>
         <wf lemma="145" pos="X">145</wf>
         <wf lemma="000" pos="X">000</wf>
         <wf lemma="grobov" pos="X">grobov</wf>
         <wf lemma="," pos="X">,</wf>
         <wf lemma="že" pos="X">že</wf>
         <wf lemma="deset" pos="X">deset</wf>
         <wf lemma="let" pos="X">let</wf>
         <wf lemma="sprejema" pos="X">sprejema</wf>
         <wf lemma="samo" pos="X">samo</wf>
         <wf lemma="še" pos="X">še</wf>
         <wf lemma="ameriške" pos="X">ameriške</wf>
         <wf lemma="predsednike" pos="X">predsednike</wf>
         <wf lemma="in" pos="X">in</wf>
         <wf lemma="vojne" pos="X">vojne</wf>
         <wf lemma="heroje" pos="X">heroje</wf>
         <wf lemma="." pos="X">.</wf>
      </sentence>
      <sentence id="d000.s1505" source="wordnet-slovenian">
         <wf lemma="Pravi" pos="X">Pravi</wf>
         <wf lemma="," pos="X">,</wf>
         <wf lemma="da" pos="X">da</wf>
         <wf lemma="kadarkoli" pos="X">kadarkoli</wf>
         <wf lemma="ga" pos="X">ga</wf>
         <wf lemma="kličejo" pos="X">kličejo</wf>
         <instance id="d000.s1505.t000" lemma="otrok" pos="NOUN">otroci</instance>
         <wf lemma="," pos="X">,</wf>
         <wf lemma="v" pos="X">v</wf>
         <wf lemma="telefonski" pos="X">telefonski</wf>
         <wf lemma="slušalki" pos="X">slušalki</wf>
         <wf lemma="vse" pos="X">vse</wf>
         <wf lemma="cvili" pos="X">cvili</wf>
         <wf lemma="," pos="X">,</wf>
         <wf lemma="cvrči" pos="X">cvrči</wf>
         <wf lemma="in" pos="X">in</wf>
         <wf lemma="hrešči" pos="X">hrešči</wf>
         <wf lemma="," pos="X">,</wf>
         <wf lemma="tako" pos="X">tako</wf>
         <wf lemma="da" pos="X">da</wf>
         <wf lemma="sliši" pos="X">sliši</wf>
         <wf lemma="vse" pos="X">vse</wf>
         <wf lemma="drugo" pos="X">drugo</wf>
         <wf lemma="," pos="X">,</wf>
         <wf lemma="samo" pos="X">samo</wf>
         <wf lemma="svojih" pos="X">svojih</wf>
         <wf lemma="otrok" pos="X">otrok</wf>
         <wf lemma="ne" pos="X">ne</wf>
         <wf lemma="." pos="X">.</wf>
      </sentence>
      <sentence id="d000.s1506" source="wordnet-slovenian">
         <wf lemma="Ko" pos="X">Ko</wf>
         <wf lemma="so" pos="X">so</wf>
         <wf lemma="lani" pos="X">lani</wf>
         <wf lemma="ravno" pos="X">ravno</wf>
         <wf lemma="ob" pos="X">ob</wf>
         <wf lemma="takem" pos="X">takem</wf>
         <instance id="d000.s1506.t000" lemma="čas" pos="NOUN">času</instance>
         <wf lemma="(" pos="X">(</wf>
         <wf lemma="te" pos="X">te</wf>
         <wf lemma="dni" pos="X">dni</wf>
         <wf lemma="to" pos="X">to</wf>
         <wf lemma="počnejo" pos="X">počnejo</wf>
         <wf lemma="v" pos="X">v</wf>
         <wf lemma="Zgornji" pos="X">Zgornji</wf>
         <wf lemma="Savinjski" pos="X">Savinjski</wf>
         <wf lemma="dolini" pos="X">dolini</wf>
         <wf lemma=")" pos="X">)</wf>
         <wf lemma="zbirali" pos="X">zbirali</wf>
         <wf lemma="posebne" pos="X">posebne</wf>
         <wf lemma="odpadke" pos="X">odpadke</wf>
         <wf lemma="," pos="X">,</wf>
         <wf lemma="se" pos="X">se</wf>
         <wf lemma="je" pos="X">je</wf>
         <wf lemma="odzvalo" pos="X">odzvalo</wf>
         <wf lemma="le" pos="X">le</wf>
         <wf lemma="256" pos="X">256</wf>
         <wf lemma="gospodinjstev" pos="X">gospodinjstev</wf>
         <wf lemma="." pos="X">.</wf>
      </sentence>
      <sentence id="d000.s1507" source="wordnet-slovenian">
         <wf lemma="Od" pos="X">Od</wf>
         <wf lemma="prvega" pos="X">prvega</wf>
         <wf lemma="," pos="X">,</wf>
         <wf lemma="tiho" pos="X">tiho</wf>
         <wf lemma="zašepetanega" pos="X">zašepetanega</wf>
         <instance id="d000.s1507.t000" lemma="predlog" pos="NOUN">predloga</instance>
         <wf lemma="naprej" pos="X">naprej</wf>
         <wf lemma="natanko" pos="X">natanko</wf>
         <wf lemma="ve" pos="X">ve</wf>
         <wf lemma="," pos="X">,</wf>
         <wf lemma="kam" pos="X">kam</wf>
         <wf lemma="gre" pos="X">gre</wf>
         <wf lemma="–" pos="X">–</wf>
         <wf lemma="pa" pos="X">pa</wf>
         <wf lemma="čeprav" pos="X">čeprav</wf>
         <wf lemma="bo" pos="X">bo</wf>
         <wf lemma="tja" pos="X">tja</wf>
         <wf lemma="morda" pos="X">morda</wf>
         <wf lemma="prišel" pos="X">prišel</wf>
         <wf lemma="po" pos="X">po</wf>
         <wf lemma="ovinkih" pos="X">ovinkih</wf>
         <wf lemma="." pos="X">.</wf>
      </sentence>
      <sentence id="d000.s1508" source="wordnet-slovenian">
         <wf lemma="Helena" pos="X">Helena</wf>
         <wf lemma="Bargoltz" pos="X">Bargoltz</wf>
         <wf lemma="(" pos="X">(</wf>
         <wf lemma="Švedska" pos="X">Švedska</wf>
         <wf lemma=")" pos="X">)</wf>
         <wf lemma="je" pos="X">je</wf>
         <wf lemma="svoj" pos="X">svoj</wf>
         <wf lemma="prispevek" pos="X">prispevek</wf>
         <wf lemma="k" pos="X">k</wf>
         <wf lemma="tej" pos="X">tej</wf>
         <wf lemma="temi" pos="X">temi</wf>
         <wf lemma="končala" pos="X">končala</wf>
         <wf lemma="s" pos="X">s</wf>
         <instance id="d000.s1508.t000" lemma="vprašanje" pos="NOUN">vprašanjem</instance>
         <wf lemma=":" pos="X">:</wf>
         <wf lemma="le" pos="X">le</wf>
         <wf lemma="kako" pos="X">kako</wf>
         <wf lemma="bi" pos="X">bi</wf>
         <wf lemma="reagirala" pos="X">reagirala</wf>
         <wf lemma="ameriška" pos="X">ameriška</wf>
         <wf lemma="vlada" pos="X">vlada</wf>
         <wf lemma="," pos="X">,</wf>
         <wf lemma="če" pos="X">če</wf>
         <wf lemma="bi" pos="X">bi</wf>
         <wf lemma="se" pos="X">se</wf>
         <wf lemma="njeni" pos="X">njeni</wf>
         <wf lemma="državljani" pos="X">državljani</wf>
         <wf lemma="nenadoma" pos="X">nenadoma</wf>
         <wf lemma="znašli" pos="X">znašli</wf>
         <wf lemma="v" pos="X">v</wf>
         <wf lemma="takšnem" pos="X">takšnem</wf>
         <wf lemma="položaju" pos="X">položaju</wf>
         <wf lemma="in" pos="X">in</wf>
         <wf lemma="v" pos="X">v</wf>
         <wf lemma="takšnih" pos="X">takšnih</wf>
         <wf lemma="razmerah" pos="X">razmerah</wf>
         <wf lemma="," pos="X">,</wf>
         <wf lemma="v" pos="X">v</wf>
         <wf lemma="kakršnih" pos="X">kakršnih</wf>
         <wf lemma="zdaj" pos="X">zdaj</wf>
         <wf lemma="v" pos="X">v</wf>
         <wf lemma="Guantanamu" pos="X">Guantanamu</wf>
         <wf lemma="živi" pos="X">živi</wf>
         <wf lemma="teh" pos="X">teh</wf>
         <wf lemma="680" pos="X">680</wf>
         <wf lemma="ujetnikov" pos="X">ujetnikov</wf>
         <wf lemma="?" pos="X">?</wf>
      </sentence>
      <sentence id="d000.s1509" source="wordnet-slovenian">
         <wf lemma="Perutnina" pos="X">Perutnina</wf>
         <wf lemma="Ptuj" pos="X">Ptuj</wf>
         <wf lemma="je" pos="X">je</wf>
         <wf lemma="dovolj" pos="X">dovolj</wf>
         <wf lemma="močna" pos="X">močna</wf>
         <wf lemma="ekipa" pos="X">ekipa</wf>
         <wf lemma="za" pos="X">za</wf>
         <wf lemma="dirke" pos="X">dirke</wf>
         <wf lemma="," pos="X">,</wf>
         <wf lemma="na" pos="X">na</wf>
         <wf lemma="katerih" pos="X">katerih</wf>
         <wf lemma="nastopa" pos="X">nastopa</wf>
         <wf lemma="," pos="X">,</wf>
         <wf lemma="poleg" pos="X">poleg</wf>
         <wf lemma="tega" pos="X">tega</wf>
         <wf lemma="iz" pos="X">iz</wf>
         <instance id="d000.s1509.t000" lemma="leto" pos="NOUN">leta</instance>
         <wf lemma="v" pos="X">v</wf>
         <wf lemma="leto" pos="X">leto</wf>
         <wf lemma="napreduje" pos="X">napreduje</wf>
         <wf lemma="," pos="X">,</wf>
         <wf lemma="zato" pos="X">zato</wf>
         <wf lemma="ne" pos="X">ne</wf>
         <wf lemma="vidim" pos="X">vidim</wf>
         <wf lemma="razloga" pos="X">razloga</wf>
         <wf lemma="," pos="X">,</wf>
         <wf lemma="da" pos="X">da</wf>
         <wf lemma="bi" pos="X">bi</wf>
         <wf lemma="šel" pos="X">šel</wf>
         <wf lemma="kam" pos="X">kam</wf>
         <wf lemma="drugam" pos="X">drugam</wf>
         <wf lemma="." pos="X">.</wf>
      </sentence>
      <sentence id="d000.s1510" source="wordnet-slovenian">
         <wf lemma="Orto" pos="X">Orto</wf>
         <instance id="d000.s1510.t000" lemma="klub" pos="NOUN">klub</instance>
         <wf lemma="je" pos="X">je</wf>
         <wf lemma="res" pos="X">res</wf>
         <wf lemma="postal" pos="X">postal</wf>
         <wf lemma="pravi" pos="X">pravi</wf>
         <wf lemma="nočni" pos="X">nočni</wf>
         <wf lemma="klub" pos="X">klub</wf>
         <wf lemma="za" pos="X">za</wf>
         <wf lemma="alternativno" pos="X">alternativno</wf>
         <wf lemma="mainstream" pos="X">mainstream</wf>
         <wf lemma="sceno" pos="X">sceno</wf>
         <wf lemma="." pos="X">.</wf>
      </sentence>
      <sentence id="d000.s1511" source="wordnet-slovenian">
         <wf lemma="Napenjal" pos="X">Napenjal</wf>
         <wf lemma="je" pos="X">je</wf>
         <wf lemma="oči" pos="X">oči</wf>
         <wf lemma="," pos="X">,</wf>
         <wf lemma="ničesar" pos="X">ničesar</wf>
         <wf lemma="ni" pos="X">ni</wf>
         <wf lemma="bilo" pos="X">bilo</wf>
         <wf lemma="mogoče" pos="X">mogoče</wf>
         <wf lemma="videti" pos="X">videti</wf>
         <wf lemma="," pos="X">,</wf>
         <instance id="d000.s1511.t000" lemma="ženska" pos="NOUN">ženska</instance>
         <wf lemma="je" pos="X">je</wf>
         <wf lemma="hlipala" pos="X">hlipala</wf>
         <wf lemma="v" pos="X">v</wf>
         <wf lemma="čisto" pos="X">čisto</wf>
         <wf lemma="nasprotnem" pos="X">nasprotnem</wf>
         <wf lemma="kotu" pos="X">kotu</wf>
         <wf lemma="," pos="X">,</wf>
         <wf lemma="in" pos="X">in</wf>
         <wf lemma="ker" pos="X">ker</wf>
         <wf lemma="se" pos="X">se</wf>
         <wf lemma="je" pos="X">je</wf>
         <wf lemma="bal" pos="X">bal</wf>
         <wf lemma="," pos="X">,</wf>
         <wf lemma="da" pos="X">da</wf>
         <wf lemma="bo" pos="X">bo</wf>
         <wf lemma="vsak" pos="X">vsak</wf>
         <wf lemma="hip" pos="X">hip</wf>
         <wf lemma="spet" pos="X">spet</wf>
         <wf lemma="zakričala" pos="X">zakričala</wf>
         <wf lemma="," pos="X">,</wf>
         <wf lemma="se" pos="X">se</wf>
         <wf lemma="ni" pos="X">ni</wf>
         <wf lemma="upal" pos="X">upal</wf>
         <wf lemma="premakniti" pos="X">premakniti</wf>
         <wf lemma="." pos="X">.</wf>
      </sentence>
      <sentence id="d000.s1512" source="wordnet-slovenian">
         <wf lemma="Devetindvajsetletni" pos="X">Devetindvajsetletni</wf>
         <wf lemma="Matevž" pos="X">Matevž</wf>
         <wf lemma="Hribernik" pos="X">Hribernik</wf>
         <wf lemma="je" pos="X">je</wf>
         <wf lemma="v" pos="X">v</wf>
         <wf lemma="Bruslju" pos="X">Bruslju</wf>
         <wf lemma="preživel" pos="X">preživel</wf>
         <wf lemma="pet" pos="X">pet</wf>
         <instance id="d000.s1512.t000" lemma="mesec" pos="NOUN">mesecev</instance>
         <wf lemma="kot" pos="X">kot</wf>
         <wf lemma="stažist" pos="X">stažist</wf>
         <wf lemma="na" pos="X">na</wf>
         <wf lemma="generalnem" pos="X">generalnem</wf>
         <wf lemma="direktoratu" pos="X">direktoratu</wf>
         <wf lemma="za" pos="X">za</wf>
         <wf lemma="zaposlovanje" pos="X">zaposlovanje</wf>
         <wf lemma="in" pos="X">in</wf>
         <wf lemma="socialne" pos="X">socialne</wf>
         <wf lemma="zadeve" pos="X">zadeve</wf>
         <wf lemma="." pos="X">.</wf>
      </sentence>
      <sentence id="d000.s1513" source="wordnet-slovenian">
         <wf lemma="Jaz" pos="X">Jaz</wf>
         <wf lemma="sem" pos="X">sem</wf>
         <wf lemma="kot" pos="X">kot</wf>
         <wf lemma="član" pos="X">član</wf>
         <wf lemma="te" pos="X">te</wf>
         <instance id="d000.s1513.t000" lemma="komisija" pos="NOUN">Komisije</instance>
         <wf lemma="za" pos="X">za</wf>
         <wf lemma="lokalno" pos="X">lokalno</wf>
         <wf lemma="samoupravo" pos="X">samoupravo</wf>
         <wf lemma="v" pos="X">v</wf>
         <wf lemma="nekoliko" pos="X">nekoliko</wf>
         <wf lemma="nenavadni" pos="X">nenavadni</wf>
         <wf lemma="situaciji" pos="X">situaciji</wf>
         <wf lemma="," pos="X">,</wf>
         <wf lemma="ker" pos="X">ker</wf>
         <wf lemma="sem" pos="X">sem</wf>
         <wf lemma="ves" pos="X">ves</wf>
         <wf lemma="čas" pos="X">čas</wf>
         <wf lemma="pri" pos="X">pri</wf>
         <wf lemma="nastajanju" pos="X">nastajanju</wf>
         <wf lemma="teh" pos="X">teh</wf>
         <wf lemma="stališč" pos="X">stališč</wf>
         <wf lemma="zraven" pos="X">zraven</wf>
         <wf lemma="in" pos="X">in</wf>
         <wf lemma="sem" pos="X">sem</wf>
         <wf lemma="se" pos="X">se</wf>
         <wf lemma="tudi" pos="X">tudi</wf>
         <wf lemma="precej" pos="X">precej</wf>
         <wf lemma="trudil" pos="X">trudil</wf>
         <wf lemma="v" pos="X">v</wf>
         <wf lemma="zvezi" pos="X">zvezi</wf>
         <wf lemma="z" pos="X">z</wf>
         <wf lemma="njimi" pos="X">njimi</wf>
         <wf lemma="," pos="X">,</wf>
         <wf lemma="kot" pos="X">kot</wf>
         <wf lemma="bi" pos="X">bi</wf>
         <wf lemma="se" pos="X">se</wf>
         <wf lemma="temu" pos="X">temu</wf>
         <wf lemma="reklo" pos="X">reklo</wf>
         <wf lemma="." pos="X">.</wf>
      </sentence>
      <sentence id="d000.s1514" source="wordnet-slovenian">
         <wf lemma="Verjetno" pos="X">Verjetno</wf>
         <wf lemma="je" pos="X">je</wf>
         <instance id="d000.s1514.t000" lemma="skupina" pos="NOUN">skupina</instance>
         <wf lemma="D" pos="X">D</wf>
         <wf lemma="najtežja" pos="X">najtežja</wf>
         <wf lemma="," pos="X">,</wf>
         <wf lemma="saj" pos="X">saj</wf>
         <wf lemma="se" pos="X">se</wf>
         <wf lemma="bodo" pos="X">bodo</wf>
         <wf lemma="tam" pos="X">tam</wf>
         <wf lemma="spopadale" pos="X">spopadale</wf>
         <wf lemma="Italija" pos="X">Italija</wf>
         <wf lemma="," pos="X">,</wf>
         <wf lemma="Rusija" pos="X">Rusija</wf>
         <wf lemma="in" pos="X">in</wf>
         <wf lemma="Grčija" pos="X">Grčija</wf>
         <wf lemma="," pos="X">,</wf>
         <wf lemma="je" pos="X">je</wf>
         <wf lemma="takoj" pos="X">takoj</wf>
         <wf lemma="po" pos="X">po</wf>
         <wf lemma="žrebu" pos="X">žrebu</wf>
         <wf lemma="razmišljal" pos="X">razmišljal</wf>
         <wf lemma="selektor" pos="X">selektor</wf>
         <wf lemma="slovenske" pos="X">slovenske</wf>
         <wf lemma="košarkarske" pos="X">košarkarske</wf>
         <wf lemma="reprezentance" pos="X">reprezentance</wf>
         <wf lemma="Boris" pos="X">Boris</wf>
         <wf lemma="Zrinski" pos="X">Zrinski</wf>
         <wf lemma="." pos="X">.</wf>
      </sentence>
      <sentence id="d000.s1515" source="wordnet-slovenian">
         <wf lemma="S" pos="X">S</wf>
         <wf lemma="takim" pos="X">takim</wf>
         <instance id="d000.s1515.t000" lemma="način" pos="NOUN">načinom</instance>
         <wf lemma="spodbujanja" pos="X">spodbujanja</wf>
         <wf lemma="otrok" pos="X">otrok</wf>
         <wf lemma="pa" pos="X">pa</wf>
         <wf lemma="želimo" pos="X">želimo</wf>
         <wf lemma="spodbuditi" pos="X">spodbuditi</wf>
         <wf lemma="otrokov" pos="X">otrokov</wf>
         <wf lemma="občutek" pos="X">občutek</wf>
         <wf lemma="za" pos="X">za</wf>
         <wf lemma="odpovedovanje" pos="X">odpovedovanje</wf>
         <wf lemma="." pos="X">.</wf>
      </sentence>
      <sentence id="d000.s1516" source="wordnet-slovenian">
         <wf lemma="Kljub" pos="X">Kljub</wf>
         <wf lemma="obilici" pos="X">obilici</wf>
         <wf lemma="odvajalnih" pos="X">odvajalnih</wf>
         <wf lemma="sredstev" pos="X">sredstev</wf>
         <wf lemma="je" pos="X">je</wf>
         <instance id="d000.s1516.t000" lemma="denar" pos="NOUN">denar</instance>
         <wf lemma="ostal" pos="X">ostal</wf>
         <wf lemma="v" pos="X">v</wf>
         <wf lemma="njem" pos="X">njem</wf>
         <wf lemma="." pos="X">.</wf>
      </sentence>
      <sentence id="d000.s1517" source="wordnet-slovenian">
         <wf lemma="To" pos="X">To</wf>
         <wf lemma="primerjavo" pos="X">primerjavo</wf>
         <wf lemma="Gorenjske" pos="X">Gorenjske</wf>
         <wf lemma="z" pos="X">z</wf>
         <wf lemma="drugimi" pos="X">drugimi</wf>
         <wf lemma="regijami" pos="X">regijami</wf>
         <wf lemma="oziroma" pos="X">oziroma</wf>
         <wf lemma="s" pos="X">s</wf>
         <wf lemma="slovenskim" pos="X">slovenskim</wf>
         <wf lemma="povprečjem" pos="X">povprečjem</wf>
         <wf lemma="so" pos="X">so</wf>
         <wf lemma="napravili" pos="X">napravili</wf>
         <wf lemma="v" pos="X">v</wf>
         <wf lemma="omenjenem" pos="X">omenjenem</wf>
         <wf lemma="zavodu" pos="X">zavodu</wf>
         <wf lemma="na" pos="X">na</wf>
         <wf lemma="podlagi" pos="X">podlagi</wf>
         <wf lemma="ugotovitev" pos="X">ugotovitev</wf>
         <wf lemma="raziskave" pos="X">raziskave</wf>
         <wf lemma="o" pos="X">o</wf>
         <wf lemma="vedenjskem" pos="X">vedenjskem</wf>
         <wf lemma="slogu" pos="X">slogu</wf>
         <wf lemma="ljudi" pos="X">ljudi</wf>
         <wf lemma="," pos="X">,</wf>
         <wf lemma="povezanem" pos="X">povezanem</wf>
         <wf lemma="z" pos="X">z</wf>
         <wf lemma="zdravjem" pos="X">zdravjem</wf>
         <wf lemma="," pos="X">,</wf>
         <wf lemma="ki" pos="X">ki</wf>
         <wf lemma="je" pos="X">je</wf>
         <wf lemma="bila" pos="X">bila</wf>
         <wf lemma="napravljena" pos="X">napravljena</wf>
         <wf lemma="na" pos="X">na</wf>
         <wf lemma="reprezentančnem" pos="X">reprezentančnem</wf>
         <wf lemma="vzorcu" pos="X">vzorcu</wf>
         <wf lemma="prebivalcev" pos="X">prebivalcev</wf>
         <wf lemma="iz" pos="X">iz</wf>
         <wf lemma="vseh" pos="X">vseh</wf>
         <wf lemma="slovenskih" pos="X">slovenskih</wf>
         <wf lemma="regij" pos="X">regij</wf>
         <wf lemma="v" pos="X">v</wf>
         <wf lemma="starosti" pos="X">starosti</wf>
         <wf lemma="od" pos="X">od</wf>
         <wf lemma="25" pos="X">25</wf>
         <wf lemma="do" pos="X">do</wf>
         <wf lemma="65" pos="X">65</wf>
         <instance id="d000.s1517.t000" lemma="leto" pos="NOUN">let</instance>
         <wf lemma="." pos="X">.</wf>
      </sentence>
      <sentence id="d000.s1518" source="wordnet-slovenian">
         <wf lemma="V" pos="X">V</wf>
         <wf lemma="takih" pos="X">takih</wf>
         <wf lemma="razmerah" pos="X">razmerah</wf>
         <wf lemma="bi" pos="X">bi</wf>
         <wf lemma="morale" pos="X">morale</wf>
         <wf lemma="naše" pos="X">naše</wf>
         <wf lemma="oblasti" pos="X">oblasti</wf>
         <wf lemma="pri" pos="X">pri</wf>
         <wf lemma="krojenju" pos="X">krojenju</wf>
         <wf lemma="pogojev" pos="X">pogojev</wf>
         <wf lemma="gospodarjenja" pos="X">gospodarjenja</wf>
         <wf lemma="," pos="X">,</wf>
         <wf lemma="kjer" pos="X">kjer</wf>
         <wf lemma="je" pos="X">je</wf>
         <wf lemma="le" pos="X">le</wf>
         <wf lemma="mogoče" pos="X">mogoče</wf>
         <wf lemma="," pos="X">,</wf>
         <wf lemma="spodbuditi" pos="X">spodbuditi</wf>
         <wf lemma="sleherno" pos="X">sleherno</wf>
         <instance id="d000.s1518.t000" lemma="možnost" pos="NOUN">možnost</instance>
         <wf lemma="za" pos="X">za</wf>
         <wf lemma="pridobitev" pos="X">pridobitev</wf>
         <wf lemma="kake" pos="X">kake</wf>
         <wf lemma="desetinke" pos="X">desetinke</wf>
         <wf lemma="odstotka" pos="X">odstotka</wf>
         <wf lemma="dodatnega" pos="X">dodatnega</wf>
         <wf lemma="BDP" pos="X">BDP</wf>
         <wf lemma="." pos="X">.</wf>
      </sentence>
      <sentence id="d000.s1519" source="wordnet-slovenian">
         <wf lemma="Monarhija" pos="X">Monarhija</wf>
         <wf lemma="je" pos="X">je</wf>
         <wf lemma="v" pos="X">v</wf>
         <wf lemma="zadnjem" pos="X">zadnjem</wf>
         <wf lemma="letu" pos="X">letu</wf>
         <wf lemma="nekoliko" pos="X">nekoliko</wf>
         <wf lemma="spremenila" pos="X">spremenila</wf>
         <wf lemma="svoj" pos="X">svoj</wf>
         <wf lemma="slog" pos="X">slog</wf>
         <wf lemma="," pos="X">,</wf>
         <wf lemma="&quot;" pos="X">&quot;</wf>
         <wf lemma="žal" pos="X">žal</wf>
         <wf lemma="pa" pos="X">pa</wf>
         <wf lemma="ni" pos="X">ni</wf>
         <wf lemma="pokazala" pos="X">pokazala</wf>
         <wf lemma="," pos="X">,</wf>
         <wf lemma="da" pos="X">da</wf>
         <wf lemma="je" pos="X">je</wf>
         <wf lemma="pripravljena" pos="X">pripravljena</wf>
         <wf lemma="na" pos="X">na</wf>
         <wf lemma="bolj" pos="X">bolj</wf>
         <wf lemma="temeljne" pos="X">temeljne</wf>
         <instance id="d000.s1519.t000" lemma="sprememba" pos="NOUN">spremembe</instance>
         <wf lemma="&quot;" pos="X">&quot;</wf>
         <wf lemma="." pos="X">.</wf>
      </sentence>
      <sentence id="d000.s1520" source="wordnet-slovenian">
         <wf lemma="Veliko" pos="X">Veliko</wf>
         <instance id="d000.s1520.t000" lemma="večina" pos="NOUN">večino</instance>
         <wf lemma="pesmi" pos="X">pesmi</wf>
         <wf lemma="pa" pos="X">pa</wf>
         <wf lemma="je" pos="X">je</wf>
         <wf lemma="zasnoval" pos="X">zasnoval</wf>
         <wf lemma="od" pos="X">od</wf>
         <wf lemma="pomladi" pos="X">pomladi</wf>
         <wf lemma="do" pos="X">do</wf>
         <wf lemma="jeseni" pos="X">jeseni</wf>
         <wf lemma="1915" pos="X">1915</wf>
         <wf lemma=";" pos="X">;</wf>
         <wf lemma="izmed" pos="X">izmed</wf>
         <wf lemma="njih" pos="X">njih</wf>
         <wf lemma="je" pos="X">je</wf>
         <wf lemma="samo" pos="X">samo</wf>
         <wf lemma="štiri" pos="X">štiri</wf>
         <wf lemma="(" pos="X">(</wf>
         <wf lemma="Zlato" pos="X">Zlato</wf>
         <wf lemma="v" pos="X">v</wf>
         <wf lemma="Blatni" pos="X">Blatni</wf>
         <wf lemma="vasi" pos="X">vasi</wf>
         <wf lemma="," pos="X">,</wf>
         <wf lemma="Ciciban" pos="X">Ciciban</wf>
         <wf lemma="in" pos="X">in</wf>
         <wf lemma="čebela" pos="X">čebela</wf>
         <wf lemma="," pos="X">,</wf>
         <wf lemma="Uspavanka" pos="X">Uspavanka</wf>
         <wf lemma=":" pos="X">:</wf>
         <wf lemma="Kaj" pos="X">Kaj</wf>
         <wf lemma="se" pos="X">se</wf>
         <wf lemma="sveti" pos="X">sveti</wf>
         <wf lemma="rimska" pos="X">rimska</wf>
         <wf lemma="cesta" pos="X">cesta</wf>
         <wf lemma="?" pos="X">?</wf>
      </sentence>
      <sentence id="d000.s1521" source="wordnet-slovenian">
         <instance id="d000.s1521.t000" lemma="stranka" pos="NOUN">Stranki</instance>
         <wf lemma="sta" pos="X">sta</wf>
         <wf lemma="se" pos="X">se</wf>
         <wf lemma="kljub" pos="X">kljub</wf>
         <wf lemma="temu" pos="X">temu</wf>
         <wf lemma="dogovorili" pos="X">dogovorili</wf>
         <wf lemma="," pos="X">,</wf>
         <wf lemma="da" pos="X">da</wf>
         <wf lemma="bosta" pos="X">bosta</wf>
         <wf lemma="spor" pos="X">spor</wf>
         <wf lemma="poravnali" pos="X">poravnali</wf>
         <wf lemma="zunaj" pos="X">zunaj</wf>
         <wf lemma="sodne" pos="X">sodne</wf>
         <wf lemma="obravnave" pos="X">obravnave</wf>
         <wf lemma="." pos="X">.</wf>
      </sentence>
      <sentence id="d000.s1522" source="wordnet-slovenian">
         <instance id="d000.s1522.t000" lemma="podjetje" pos="NOUN">Podjetje</instance>
         <wf lemma="je" pos="X">je</wf>
         <wf lemma="bilo" pos="X">bilo</wf>
         <wf lemma="zaradi" pos="X">zaradi</wf>
         <wf lemma="izgube" pos="X">izgube</wf>
         <wf lemma="jugoslovanskega" pos="X">jugoslovanskega</wf>
         <wf lemma="trga" pos="X">trga</wf>
         <wf lemma="v" pos="X">v</wf>
         <wf lemma="začetku" pos="X">začetku</wf>
         <wf lemma="90." pos="X">90.</wf>
         <wf lemma="let" pos="X">let</wf>
         <wf lemma="na" pos="X">na</wf>
         <wf lemma="robu" pos="X">robu</wf>
         <wf lemma="propada" pos="X">propada</wf>
         <wf lemma="," pos="X">,</wf>
         <wf lemma="vendar" pos="X">vendar</wf>
         <wf lemma="so" pos="X">so</wf>
         <wf lemma="vodstvo" pos="X">vodstvo</wf>
         <wf lemma="in" pos="X">in</wf>
         <wf lemma="vsi" pos="X">vsi</wf>
         <wf lemma="zaposleni" pos="X">zaposleni</wf>
         <wf lemma="podjetje" pos="X">podjetje</wf>
         <wf lemma="olastninili" pos="X">olastninili</wf>
         <wf lemma="in" pos="X">in</wf>
         <wf lemma="se" pos="X">se</wf>
         <wf lemma="za" pos="X">za</wf>
         <wf lemma="dobavo" pos="X">dobavo</wf>
         <wf lemma="novomeškemu" pos="X">novomeškemu</wf>
         <wf lemma="Revozu" pos="X">Revozu</wf>
         <wf lemma="povezali" pos="X">povezali</wf>
         <wf lemma="s" pos="X">s</wf>
         <wf lemma="tujim" pos="X">tujim</wf>
         <wf lemma="partnerjem" pos="X">partnerjem</wf>
         <wf lemma="." pos="X">.</wf>
      </sentence>
      <sentence id="d000.s1523" source="wordnet-slovenian">
         <wf lemma="Omenil" pos="X">Omenil</wf>
         <wf lemma="je" pos="X">je</wf>
         <wf lemma="tudi" pos="X">tudi</wf>
         <wf lemma="," pos="X">,</wf>
         <wf lemma="kaj" pos="X">kaj</wf>
         <wf lemma="se" pos="X">se</wf>
         <wf lemma="dogaja" pos="X">dogaja</wf>
         <wf lemma="v" pos="X">v</wf>
         <wf lemma="posameznih" pos="X">posameznih</wf>
         <instance id="d000.s1523.t000" lemma="država" pos="NOUN">državah</instance>
         <wf lemma="," pos="X">,</wf>
         <wf lemma="ki" pos="X">ki</wf>
         <wf lemma="so" pos="X">so</wf>
         <wf lemma="podpisnice" pos="X">podpisnice</wf>
         <wf lemma="konvencije" pos="X">konvencije</wf>
         <wf lemma="," pos="X">,</wf>
         <wf lemma="ki" pos="X">ki</wf>
         <wf lemma="je" pos="X">je</wf>
         <wf lemma="najbolj" pos="X">najbolj</wf>
         <wf lemma="pomemben" pos="X">pomemben</wf>
         <wf lemma="dokument" pos="X">dokument</wf>
         <wf lemma="o" pos="X">o</wf>
         <wf lemma="človekovih" pos="X">človekovih</wf>
         <wf lemma="pravicah" pos="X">pravicah</wf>
         <wf lemma="," pos="X">,</wf>
         <wf lemma="in" pos="X">in</wf>
         <wf lemma="da" pos="X">da</wf>
         <wf lemma="noben" pos="X">noben</wf>
         <wf lemma="pravni" pos="X">pravni</wf>
         <wf lemma="sistem" pos="X">sistem</wf>
         <wf lemma="ni" pos="X">ni</wf>
         <wf lemma="popoln" pos="X">popoln</wf>
         <wf lemma="," pos="X">,</wf>
         <wf lemma="kar" pos="X">kar</wf>
         <wf lemma="kažejo" pos="X">kažejo</wf>
         <wf lemma="tudi" pos="X">tudi</wf>
         <wf lemma="sodbe" pos="X">sodbe</wf>
         <wf lemma="evropskega" pos="X">evropskega</wf>
         <wf lemma="sodišča" pos="X">sodišča</wf>
         <wf lemma="." pos="X">.</wf>
      </sentence>
      <sentence id="d000.s1524" source="wordnet-slovenian">
         <wf lemma="Ali" pos="X">Ali</wf>
         <wf lemma="ne" pos="X">ne</wf>
         <wf lemma="bi" pos="X">bi</wf>
         <wf lemma="zadoščalo" pos="X">zadoščalo</wf>
         <wf lemma="," pos="X">,</wf>
         <wf lemma="da" pos="X">da</wf>
         <wf lemma="bi" pos="X">bi</wf>
         <wf lemma="ostali" pos="X">ostali</wf>
         <wf lemma="pri" pos="X">pri</wf>
         <instance id="d000.s1524.t000" lemma="vprašanje" pos="NOUN">vprašanju</instance>
         <wf lemma=":" pos="X">:</wf>
         <wf lemma="kateri" pos="X">kateri</wf>
         <wf lemma="je" pos="X">je</wf>
         <wf lemma="vaš" pos="X">vaš</wf>
         <wf lemma="materni" pos="X">materni</wf>
         <wf lemma="jezik" pos="X">jezik</wf>
         <wf lemma="?" pos="X">?</wf>
      </sentence>
      <sentence id="d000.s1525" source="wordnet-slovenian">
         <wf lemma="To" pos="X">To</wf>
         <wf lemma="je" pos="X">je</wf>
         <wf lemma="bil" pos="X">bil</wf>
         <wf lemma="strah" pos="X">strah</wf>
         <wf lemma="pred" pos="X">pred</wf>
         <wf lemma="brezposelnostjo" pos="X">brezposelnostjo</wf>
         <wf lemma="," pos="X">,</wf>
         <wf lemma="neskropuloznim" pos="X">neskropuloznim</wf>
         <wf lemma="bogatenjem" pos="X">bogatenjem</wf>
         <wf lemma="ozkega" pos="X">ozkega</wf>
         <wf lemma="kroga" pos="X">kroga</wf>
         <wf lemma="privilegirancev" pos="X">privilegirancev</wf>
         <wf lemma="," pos="X">,</wf>
         <wf lemma="to" pos="X">to</wf>
         <wf lemma="je" pos="X">je</wf>
         <wf lemma="bila" pos="X">bila</wf>
         <wf lemma="želja" pos="X">želja</wf>
         <wf lemma="o" pos="X">o</wf>
         <wf lemma="pravičnem" pos="X">pravičnem</wf>
         <wf lemma="pravnem" pos="X">pravnem</wf>
         <wf lemma="redu" pos="X">redu</wf>
         <wf lemma="," pos="X">,</wf>
         <wf lemma="bila" pos="X">bila</wf>
         <wf lemma="je" pos="X">je</wf>
         <wf lemma="želja" pos="X">želja</wf>
         <wf lemma="po" pos="X">po</wf>
         <wf lemma="pravičnejši" pos="X">pravičnejši</wf>
         <wf lemma="udeležbi" pos="X">udeležbi</wf>
         <wf lemma="pri" pos="X">pri</wf>
         <wf lemma="gospodarski" pos="X">gospodarski</wf>
         <wf lemma="rasti" pos="X">rasti</wf>
         <wf lemma="in" pos="X">in</wf>
         <instance id="d000.s1525.t000" lemma="razvoj" pos="NOUN">razvoju</instance>
         <wf lemma="," pos="X">,</wf>
         <wf lemma="bila" pos="X">bila</wf>
         <wf lemma="je" pos="X">je</wf>
         <wf lemma="želja" pos="X">želja</wf>
         <wf lemma="zagotoviti" pos="X">zagotoviti</wf>
         <wf lemma="višjo" pos="X">višjo</wf>
         <wf lemma="življenjsko" pos="X">življenjsko</wf>
         <wf lemma="raven" pos="X">raven</wf>
         <wf lemma="širokih" pos="X">širokih</wf>
         <wf lemma="množic" pos="X">množic</wf>
         <wf lemma="." pos="X">.</wf>
      </sentence>
      <sentence id="d000.s1526" source="wordnet-slovenian">
         <wf lemma="V" pos="X">V</wf>
         <wf lemma="strategiji" pos="X">strategiji</wf>
         <wf lemma="virtualnih" pos="X">virtualnih</wf>
         <wf lemma="borznikov" pos="X">borznikov</wf>
         <wf lemma="bi" pos="X">bi</wf>
         <wf lemma="se" pos="X">se</wf>
         <wf lemma="lahko" pos="X">lahko</wf>
         <wf lemma="skrivale" pos="X">skrivale</wf>
         <wf lemma="teorije" pos="X">teorije</wf>
         <wf lemma="in" pos="X">in</wf>
         <wf lemma="pričakovanja" pos="X">pričakovanja</wf>
         <wf lemma="," pos="X">,</wf>
         <wf lemma="ki" pos="X">ki</wf>
         <wf lemma="ženejo" pos="X">ženejo</wf>
         <wf lemma="tudi" pos="X">tudi</wf>
         <wf lemma="dejanski" pos="X">dejanski</wf>
         <instance id="d000.s1526.t000" lemma="trg" pos="NOUN">trg</instance>
         <wf lemma="surovino" pos="X">surovino</wf>
         <wf lemma="za" pos="X">za</wf>
         <wf lemma="neko" pos="X">neko</wf>
         <wf lemma="prihodnjo" pos="X">prihodnjo</wf>
         <wf lemma="realno" pos="X">realno</wf>
         <wf lemma="ekonomsko" pos="X">ekonomsko</wf>
         <wf lemma="teorijo" pos="X">teorijo</wf>
         <wf lemma="." pos="X">.</wf>
      </sentence>
      <sentence id="d000.s1527" source="wordnet-slovenian">
         <wf lemma="Odgovor" pos="X">Odgovor</wf>
         <wf lemma="se" pos="X">se</wf>
         <wf lemma="ponuja" pos="X">ponuja</wf>
         <wf lemma="sam" pos="X">sam</wf>
         <wf lemma=":" pos="X">:</wf>
         <instance id="d000.s1527.t000" lemma="svet" pos="NOUN">svet</instance>
         <wf lemma="bi" pos="X">bi</wf>
         <wf lemma="se" pos="X">se</wf>
         <wf lemma="po" pos="X">po</wf>
         <wf lemma="Afganistanu" pos="X">Afganistanu</wf>
         <wf lemma="in" pos="X">in</wf>
         <wf lemma="Iraku" pos="X">Iraku</wf>
         <wf lemma="očitno" pos="X">očitno</wf>
         <wf lemma="znašel" pos="X">znašel</wf>
         <wf lemma="pred" pos="X">pred</wf>
         <wf lemma="novo" pos="X">novo</wf>
         <wf lemma="vojno" pos="X">vojno</wf>
         <wf lemma="." pos="X">.</wf>
      </sentence>
      <sentence id="d000.s1528" source="wordnet-slovenian">
         <wf lemma="Adam" pos="X">Adam</wf>
         <wf lemma="je" pos="X">je</wf>
         <wf lemma="pohitel" pos="X">pohitel</wf>
         <wf lemma="na" pos="X">na</wf>
         <wf lemma="krov" pos="X">krov</wf>
         <wf lemma="in" pos="X">in</wf>
         <wf lemma="dal" pos="X">dal</wf>
         <instance id="d000.s1528.t000" lemma="roka" pos="NOUN">roko</instance>
         <wf lemma="Winifred" pos="X">Winifred</wf>
         <wf lemma="," pos="X">,</wf>
         <wf lemma="ko" pos="X">ko</wf>
         <wf lemma="je" pos="X">je</wf>
         <wf lemma="stopila" pos="X">stopila</wf>
         <wf lemma="na" pos="X">na</wf>
         <wf lemma="jahto" pos="X">jahto</wf>
         <wf lemma="." pos="X">.</wf>
      </sentence>
      <sentence id="d000.s1529" source="wordnet-slovenian">
         <wf lemma="A" pos="X">A</wf>
         <wf lemma="ne" pos="X">ne</wf>
         <wf lemma="v" pos="X">v</wf>
         <wf lemma="glasbi" pos="X">glasbi</wf>
         <wf lemma="," pos="X">,</wf>
         <wf lemma="temveč" pos="X">temveč</wf>
         <wf lemma="v" pos="X">v</wf>
         <instance id="d000.s1529.t000" lemma="film" pos="NOUN">filmu</instance>
         <wf lemma="." pos="X">.</wf>
      </sentence>
      <sentence id="d000.s1530" source="wordnet-slovenian">
         <wf lemma="Takrat" pos="X">Takrat</wf>
         <wf lemma="Slovenci" pos="X">Slovenci</wf>
         <wf lemma="še" pos="X">še</wf>
         <wf lemma="nismo" pos="X">nismo</wf>
         <wf lemma="poznali" pos="X">poznali</wf>
         <wf lemma="statusa" pos="X">statusa</wf>
         <wf lemma="svobodnega" pos="X">svobodnega</wf>
         <wf lemma="kulturnega" pos="X">kulturnega</wf>
         <instance id="d000.s1530.t000" lemma="delavec" pos="NOUN">delavca</instance>
         <wf lemma="," pos="X">,</wf>
         <wf lemma="za" pos="X">za</wf>
         <wf lemma="naše" pos="X">naše</wf>
         <wf lemma="male" pos="X">male</wf>
         <wf lemma="in" pos="X">in</wf>
         <wf lemma="utesnjene" pos="X">utesnjene</wf>
         <wf lemma="socialne" pos="X">socialne</wf>
         <wf lemma="razmere" pos="X">razmere</wf>
         <wf lemma="se" pos="X">se</wf>
         <wf lemma="je" pos="X">je</wf>
         <wf lemma="zdel" pos="X">zdel</wf>
         <wf lemma="nemogoč" pos="X">nemogoč</wf>
         <wf lemma="," pos="X">,</wf>
         <wf lemma="osamljeni" pos="X">osamljeni</wf>
         <wf lemma="zgled" pos="X">zgled</wf>
         <wf lemma="Ivana" pos="X">Ivana</wf>
         <wf lemma="Cankarja" pos="X">Cankarja</wf>
         <wf lemma="iz" pos="X">iz</wf>
         <wf lemma="bližnje" pos="X">bližnje</wf>
         <wf lemma="preteklosti" pos="X">preteklosti</wf>
         <wf lemma="ni" pos="X">ni</wf>
         <wf lemma="bil" pos="X">bil</wf>
         <wf lemma="posebno" pos="X">posebno</wf>
         <wf lemma="vabljiv" pos="X">vabljiv</wf>
         <wf lemma="." pos="X">.</wf>
      </sentence>
      <sentence id="d000.s1531" source="wordnet-slovenian">
         <wf lemma="Tako" pos="X">Tako</wf>
         <wf lemma="je" pos="X">je</wf>
         <wf lemma="vsako" pos="X">vsako</wf>
         <wf lemma="leto" pos="X">leto</wf>
         <wf lemma="nepogrešljiv" pos="X">nepogrešljiv</wf>
         <wf lemma="labirint" pos="X">labirint</wf>
         <wf lemma="," pos="X">,</wf>
         <wf lemma="pa" pos="X">pa</wf>
         <wf lemma="nogomet" pos="X">nogomet</wf>
         <wf lemma="," pos="X">,</wf>
         <wf lemma="je" pos="X">je</wf>
         <wf lemma="za" pos="X">za</wf>
         <instance id="d000.s1531.t000" lemma="konec" pos="NOUN">konec</instance>
         <wf lemma="Mateja" pos="X">Mateja</wf>
         <wf lemma="poskušala" pos="X">poskušala</wf>
         <wf lemma="preglasiti" pos="X">preglasiti</wf>
         <wf lemma="glasno" pos="X">glasno</wf>
         <wf lemma="glasbo" pos="X">glasbo</wf>
         <wf lemma="," pos="X">,</wf>
         <wf lemma="na" pos="X">na</wf>
         <wf lemma="katero" pos="X">katero</wf>
         <wf lemma="so" pos="X">so</wf>
         <wf lemma="čebelica" pos="X">čebelica</wf>
         <wf lemma="in" pos="X">in</wf>
         <wf lemma="medvedki" pos="X">medvedki</wf>
         <wf lemma="poplesavali" pos="X">poplesavali</wf>
         <wf lemma="." pos="X">.</wf>
      </sentence>
      <sentence id="d000.s1532" source="wordnet-slovenian">
         <wf lemma=":" pos="X">:</wf>
         <wf lemma="Ker" pos="X">Ker</wf>
         <wf lemma="se" pos="X">se</wf>
         <wf lemma="bom" pos="X">bom</wf>
         <wf lemma="čez" pos="X">čez</wf>
         <wf lemma="pol" pos="X">pol</wf>
         <instance id="d000.s1532.t000" lemma="ura" pos="NOUN">ure</instance>
         <wf lemma="sam" pos="X">sam</wf>
         <wf lemma="naslikal" pos="X">naslikal</wf>
         <wf lemma="pri" pos="X">pri</wf>
         <wf lemma="Vas" pos="X">Vas</wf>
         <wf lemma="," pos="X">,</wf>
         <wf lemma="ne" pos="X">ne</wf>
         <wf lemma="pretipkavajte" pos="X">pretipkavajte</wf>
         <wf lemma="," pos="X">,</wf>
         <wf lemma="bom" pos="X">bom</wf>
         <wf lemma="prinesel" pos="X">prinesel</wf>
         <wf lemma="disketo" pos="X">disketo</wf>
         <wf lemma="." pos="X">.</wf>
      </sentence>
      <sentence id="d000.s1533" source="wordnet-slovenian">
         <wf lemma="Če" pos="X">Če</wf>
         <instance id="d000.s1533.t000" lemma="voda" pos="NOUN">vode</instance>
         <wf lemma="ne" pos="X">ne</wf>
         <wf lemma="moremo" pos="X">moremo</wf>
         <wf lemma="prekuhati" pos="X">prekuhati</wf>
         <wf lemma="," pos="X">,</wf>
         <wf lemma="jo" pos="X">jo</wf>
         <wf lemma="razkužimo" pos="X">razkužimo</wf>
         <wf lemma="z" pos="X">z</wf>
         <wf lemma="dodajanjem" pos="X">dodajanjem</wf>
         <wf lemma="tablet" pos="X">tablet</wf>
         <wf lemma="joda" pos="X">joda</wf>
         <wf lemma="v" pos="X">v</wf>
         <wf lemma="skladu" pos="X">skladu</wf>
         <wf lemma="z" pos="X">z</wf>
         <wf lemma="navodili" pos="X">navodili</wf>
         <wf lemma="proizvajalca" pos="X">proizvajalca</wf>
         <wf lemma="ali" pos="X">ali</wf>
         <wf lemma="uporabljamo" pos="X">uporabljamo</wf>
         <wf lemma="filtre" pos="X">filtre</wf>
         <wf lemma="preko" pos="X">preko</wf>
         <wf lemma="filtrov" pos="X">filtrov</wf>
         <wf lemma="z" pos="X">z</wf>
         <wf lemma="mikrometrskimi" pos="X">mikrometrskimi</wf>
         <wf lemma="porami" pos="X">porami</wf>
         <wf lemma="." pos="X">.</wf>
      </sentence>
      <sentence id="d000.s1534" source="wordnet-slovenian">
         <wf lemma="BesediloAnton" pos="X">BesediloAnton</wf>
         <wf lemma="Tomaž" pos="X">Tomaž</wf>
         <wf lemma="Linhart" pos="X">Linhart</wf>
         <wf lemma=":" pos="X">:</wf>
         <wf lemma="Županova" pos="X">Županova</wf>
         <wf lemma="Micka" pos="X">Micka</wf>
         <wf lemma="(" pos="X">(</wf>
         <wf lemma="odlomek" pos="X">odlomek</wf>
         <wf lemma=")" pos="X">)</wf>
         <wf lemma="Ciljna" pos="X">Ciljna</wf>
         <wf lemma="skupinaNadaljevalna" pos="X">skupinaNadaljevalna</wf>
         <wf lemma="," pos="X">,</wf>
         <wf lemma="izpopolnjevalnaPotek" pos="X">izpopolnjevalnaPotek</wf>
         <wf lemma="dejavnosti" pos="X">dejavnosti</wf>
         <wf lemma="-" pos="X">-</wf>
         <wf lemma="motivacijaUčitelj" pos="X">motivacijaUčitelj</wf>
         <wf lemma="razdeli" pos="X">razdeli</wf>
         <wf lemma="prisotne" pos="X">prisotne</wf>
         <wf lemma="v" pos="X">v</wf>
         <wf lemma="dve" pos="X">dve</wf>
         <instance id="d000.s1534.t000" lemma="skupina" pos="NOUN">skupini</instance>
         <wf lemma=":" pos="X">:</wf>
         <wf lemma="eno" pos="X">eno</wf>
         <wf lemma="sestavljajo" pos="X">sestavljajo</wf>
         <wf lemma="učenke" pos="X">učenke</wf>
         <wf lemma="," pos="X">,</wf>
         <wf lemma="drugo" pos="X">drugo</wf>
         <wf lemma="pa" pos="X">pa</wf>
         <wf lemma="učenci" pos="X">učenci</wf>
         <wf lemma="." pos="X">.</wf>
      </sentence>
      <sentence id="d000.s1535" source="wordnet-slovenian">
         <wf lemma="Kot" pos="X">Kot</wf>
         <wf lemma="smo" pos="X">smo</wf>
         <wf lemma="že" pos="X">že</wf>
         <wf lemma="poročali" pos="X">poročali</wf>
         <wf lemma="," pos="X">,</wf>
         <wf lemma="je" pos="X">je</wf>
         <wf lemma="ustavno" pos="X">ustavno</wf>
         <wf lemma="sodišče" pos="X">sodišče</wf>
         <wf lemma="zavrnilo" pos="X">zavrnilo</wf>
         <wf lemma="pritožbo" pos="X">pritožbo</wf>
         <wf lemma="gradbenih" pos="X">gradbenih</wf>
         <instance id="d000.s1535.t000" lemma="podjetje" pos="NOUN">podjetij</instance>
         <wf lemma="SCT" pos="X">SCT</wf>
         <wf lemma="in" pos="X">in</wf>
         <wf lemma="Impregilo" pos="X">Impregilo</wf>
         <wf lemma="." pos="X">.</wf>
      </sentence>
      <sentence id="d000.s1536" source="wordnet-slovenian">
         <instance id="d000.s1536.t000" lemma="telo" pos="NOUN">Telo</instance>
         <wf lemma="sprejme" pos="X">sprejme</wf>
         <wf lemma="&quot;" pos="X">&quot;</wf>
         <wf lemma="dražljaj" pos="X">dražljaj</wf>
         <wf lemma="&quot;" pos="X">&quot;</wf>
         <wf lemma="in" pos="X">in</wf>
         <wf lemma="pride" pos="X">pride</wf>
         <wf lemma="v" pos="X">v</wf>
         <wf lemma="resonanco" pos="X">resonanco</wf>
         <wf lemma="s" pos="X">s</wf>
         <wf lemma="terapevtskim" pos="X">terapevtskim</wf>
         <wf lemma="nihanjem" pos="X">nihanjem</wf>
         <wf lemma="." pos="X">.</wf>
      </sentence>
      <sentence id="d000.s1537" source="wordnet-slovenian">
         <wf lemma="Njihov" pos="X">Njihov</wf>
         <wf lemma="bes" pos="X">bes</wf>
         <wf lemma="je" pos="X">je</wf>
         <wf lemma="bil" pos="X">bil</wf>
         <wf lemma="nedvoumen" pos="X">nedvoumen</wf>
         <wf lemma="," pos="X">,</wf>
         <wf lemma="država" pos="X">država</wf>
         <wf lemma="bi" pos="X">bi</wf>
         <wf lemma="morala" pos="X">morala</wf>
         <wf lemma="plačati" pos="X">plačati</wf>
         <wf lemma="stroške" pos="X">stroške</wf>
         <wf lemma="presoje" pos="X">presoje</wf>
         <wf lemma="vplivov" pos="X">vplivov</wf>
         <wf lemma="na" pos="X">na</wf>
         <wf lemma="okolje" pos="X">okolje</wf>
         <wf lemma="," pos="X">,</wf>
         <wf lemma="če" pos="X">če</wf>
         <wf lemma="se" pos="X">se</wf>
         <wf lemma="kakšna" pos="X">kakšna</wf>
         <wf lemma="lokalna" pos="X">lokalna</wf>
         <wf lemma="skupnost" pos="X">skupnost</wf>
         <wf lemma="z" pos="X">z</wf>
         <wf lemma="začrtanim" pos="X">začrtanim</wf>
         <instance id="d000.s1537.t000" lemma="območje" pos="NOUN">območjem</instance>
         <wf lemma="Nature" pos="X">Nature</wf>
         <wf lemma="2000" pos="X">2000</wf>
         <wf lemma="ne" pos="X">ne</wf>
         <wf lemma="bi" pos="X">bi</wf>
         <wf lemma="strinjala" pos="X">strinjala</wf>
         <wf lemma="," pos="X">,</wf>
         <wf lemma="bi" pos="X">bi</wf>
         <wf lemma="morale" pos="X">morale</wf>
         <wf lemma="biti" pos="X">biti</wf>
         <wf lemma="meje" pos="X">meje</wf>
         <wf lemma="popravljene" pos="X">popravljene</wf>
         <wf lemma="," pos="X">,</wf>
         <wf lemma="predvsem" pos="X">predvsem</wf>
         <wf lemma="pa" pos="X">pa</wf>
         <wf lemma="bi" pos="X">bi</wf>
         <wf lemma="morala" pos="X">morala</wf>
         <wf lemma="Slovenija" pos="X">Slovenija</wf>
         <wf lemma="»" pos="X">»</wf>
         <wf lemma="posebna" pos="X">posebna</wf>
         <wf lemma="varstvena" pos="X">varstvena</wf>
         <wf lemma="območja" pos="X">območja</wf>
         <wf lemma="določiti" pos="X">določiti</wf>
         <wf lemma="v" pos="X">v</wf>
         <wf lemma="maksimalnem" pos="X">maksimalnem</wf>
         <wf lemma="obsegu" pos="X">obsegu</wf>
         <wf lemma="," pos="X">,</wf>
         <wf lemma="ki" pos="X">ki</wf>
         <wf lemma="bi" pos="X">bi</wf>
         <wf lemma="bil" pos="X">bil</wf>
         <wf lemma="v" pos="X">v</wf>
         <wf lemma="odstotkih" pos="X">odstotkih</wf>
         <wf lemma="enak" pos="X">enak</wf>
         <wf lemma="povprečju" pos="X">povprečju</wf>
         <wf lemma="tovrstnih" pos="X">tovrstnih</wf>
         <wf lemma="območij" pos="X">območij</wf>
         <wf lemma="v" pos="X">v</wf>
         <wf lemma="EU" pos="X">EU</wf>
         <wf lemma="(" pos="X">(</wf>
         <wf lemma="14,3" pos="X">14,3</wf>
         <wf lemma="odstotka" pos="X">odstotka</wf>
         <wf lemma=")" pos="X">)</wf>
         <wf lemma="«" pos="X">«</wf>
         <wf lemma="." pos="X">.</wf>
      </sentence>
      <sentence id="d000.s1538" source="wordnet-slovenian">
         <wf lemma="Rupla" pos="X">Rupla</wf>
         <wf lemma="ne" pos="X">ne</wf>
         <wf lemma="skrbi" pos="X">skrbi</wf>
         <wf lemma="usoda" pos="X">usoda</wf>
         <wf lemma="slovenskega" pos="X">slovenskega</wf>
         <instance id="d000.s1538.t000" lemma="jezik" pos="NOUN">jezika</instance>
         <wf lemma="v" pos="X">v</wf>
         <wf lemma="EU" pos="X">EU</wf>
         <wf lemma="." pos="X">.</wf>
      </sentence>
      <sentence id="d000.s1539" source="wordnet-slovenian">
         <wf lemma="To" pos="X">To</wf>
         <instance id="d000.s1539.t000" lemma="podjetje" pos="NOUN">podjetje</instance>
         <wf lemma="je" pos="X">je</wf>
         <wf lemma="nekakšen" pos="X">nekakšen</wf>
         <wf lemma="mejni" pos="X">mejni</wf>
         <wf lemma="primer" pos="X">primer</wf>
         <wf lemma="," pos="X">,</wf>
         <wf lemma="ki" pos="X">ki</wf>
         <wf lemma="ga" pos="X">ga</wf>
         <wf lemma="neposredno" pos="X">neposredno</wf>
         <wf lemma="ne" pos="X">ne</wf>
         <wf lemma="urejata" pos="X">urejata</wf>
         <wf lemma="niti" pos="X">niti</wf>
         <wf lemma="zakon" pos="X">zakon</wf>
         <wf lemma="o" pos="X">o</wf>
         <wf lemma="lastninskem" pos="X">lastninskem</wf>
         <wf lemma="preoblikovanju" pos="X">preoblikovanju</wf>
         <wf lemma="podjetij" pos="X">podjetij</wf>
         <wf lemma="niti" pos="X">niti</wf>
         <wf lemma="zakon" pos="X">zakon</wf>
         <wf lemma="o" pos="X">o</wf>
         <wf lemma="javnih" pos="X">javnih</wf>
         <wf lemma="gospodarskih" pos="X">gospodarskih</wf>
         <wf lemma="družbah" pos="X">družbah</wf>
         <wf lemma="," pos="X">,</wf>
         <wf lemma="vrednost" pos="X">vrednost</wf>
         <wf lemma="nominalnega" pos="X">nominalnega</wf>
         <wf lemma="družbenega" pos="X">družbenega</wf>
         <wf lemma="kapitala" pos="X">kapitala</wf>
         <wf lemma="z" pos="X">z</wf>
         <wf lemma="znanimi" pos="X">znanimi</wf>
         <wf lemma="lastniki" pos="X">lastniki</wf>
         <wf lemma="na" pos="X">na</wf>
         <wf lemma="dan" pos="X">dan</wf>
         <wf lemma="1." pos="X">1.</wf>
         <wf lemma="januarja" pos="X">januarja</wf>
         <wf lemma="1993" pos="X">1993</wf>
         <wf lemma="pa" pos="X">pa</wf>
         <wf lemma="bo" pos="X">bo</wf>
         <wf lemma="bržčas" pos="X">bržčas</wf>
         <wf lemma="treba" pos="X">treba</wf>
         <wf lemma="ugotoviti" pos="X">ugotoviti</wf>
         <wf lemma="tako" pos="X">tako</wf>
         <wf lemma="," pos="X">,</wf>
         <wf lemma="kot" pos="X">kot</wf>
         <wf lemma="so" pos="X">so</wf>
         <wf lemma="to" pos="X">to</wf>
         <wf lemma="morali" pos="X">morali</wf>
         <wf lemma="storiti" pos="X">storiti</wf>
         <wf lemma="v" pos="X">v</wf>
         <wf lemma="vseh" pos="X">vseh</wf>
         <wf lemma="podjetjih" pos="X">podjetjih</wf>
         <wf lemma="," pos="X">,</wf>
         <wf lemma="ki" pos="X">ki</wf>
         <wf lemma="so" pos="X">so</wf>
         <wf lemma="šla" pos="X">šla</wf>
         <wf lemma="skozi" pos="X">skozi</wf>
         <wf lemma="postopek" pos="X">postopek</wf>
         <wf lemma="lastninskega" pos="X">lastninskega</wf>
         <wf lemma="preoblikovanja" pos="X">preoblikovanja</wf>
         <wf lemma="." pos="X">.</wf>
      </sentence>
      <sentence id="d000.s1540" source="wordnet-slovenian">
         <wf lemma="Geoplin" pos="X">Geoplin</wf>
         <wf lemma="je" pos="X">je</wf>
         <wf lemma="namreč" pos="X">namreč</wf>
         <wf lemma="še" pos="X">še</wf>
         <wf lemma="vedno" pos="X">vedno</wf>
         <wf lemma="med" pos="X">med</wf>
         <wf lemma="zadnjimi" pos="X">zadnjimi</wf>
         <wf lemma="na" pos="X">na</wf>
         <wf lemma="Agenciji" pos="X">Agenciji</wf>
         <wf lemma="za" pos="X">za</wf>
         <wf lemma="privatizacijo" pos="X">privatizacijo</wf>
         <wf lemma="in" pos="X">in</wf>
         <wf lemma="prestrukturiranje" pos="X">prestrukturiranje</wf>
         <wf lemma="in" pos="X">in</wf>
         <wf lemma="se" pos="X">se</wf>
         <wf lemma="mu" pos="X">mu</wf>
         <wf lemma="lahko" pos="X">lahko</wf>
         <wf lemma="zgodi" pos="X">zgodi</wf>
         <wf lemma="," pos="X">,</wf>
         <wf lemma="da" pos="X">da</wf>
         <wf lemma="bo" pos="X">bo</wf>
         <wf lemma="prešel" pos="X">prešel</wf>
         <wf lemma="v" pos="X">v</wf>
         <wf lemma="last" pos="X">last</wf>
         <wf lemma="Slovenske" pos="X">Slovenske</wf>
         <wf lemma="razvojne" pos="X">razvojne</wf>
         <instance id="d000.s1540.t000" lemma="družba" pos="NOUN">družbe</instance>
         <wf lemma="." pos="X">.</wf>
      </sentence>
      <sentence id="d000.s1541" source="wordnet-slovenian">
         <wf lemma="To" pos="X">To</wf>
         <wf lemma="pa" pos="X">pa</wf>
         <wf lemma="še" pos="X">še</wf>
         <wf lemma="ni" pos="X">ni</wf>
         <wf lemma="bil" pos="X">bil</wf>
         <instance id="d000.s1541.t000" lemma="konec" pos="NOUN">konec</instance>
         <wf lemma="njune" pos="X">njune</wf>
         <wf lemma="krvave" pos="X">krvave</wf>
         <wf lemma="zgodbe" pos="X">zgodbe</wf>
         <wf lemma="." pos="X">.</wf>
      </sentence>
      <sentence id="d000.s1542" source="wordnet-slovenian">
         <wf lemma="Glede" pos="X">Glede</wf>
         <wf lemma="Vaše" pos="X">Vaše</wf>
         <wf lemma="samohvale" pos="X">samohvale</wf>
         <wf lemma="," pos="X">,</wf>
         <wf lemma="koliko" pos="X">koliko</wf>
         <wf lemma="da" pos="X">da</wf>
         <wf lemma="ste" pos="X">ste</wf>
         <wf lemma="pripomogli" pos="X">pripomogli</wf>
         <wf lemma="k" pos="X">k</wf>
         <wf lemma="reševanju" pos="X">reševanju</wf>
         <wf lemma="omenjenih" pos="X">omenjenih</wf>
         <instance id="d000.s1542.t000" lemma="projekt" pos="NOUN">projektov</instance>
         <wf lemma="," pos="X">,</wf>
         <wf lemma="pa" pos="X">pa</wf>
         <wf lemma="Vam" pos="X">Vam</wf>
         <wf lemma="moram" pos="X">moram</wf>
         <wf lemma="povedati" pos="X">povedati</wf>
         <wf lemma="," pos="X">,</wf>
         <wf lemma="da" pos="X">da</wf>
         <wf lemma="sem" pos="X">sem</wf>
         <wf lemma="zbral" pos="X">zbral</wf>
         <wf lemma="podatke" pos="X">podatke</wf>
         <wf lemma="za" pos="X">za</wf>
         <wf lemma="občini" pos="X">občini</wf>
         <wf lemma="Jesenice" pos="X">Jesenice</wf>
         <wf lemma="in" pos="X">in</wf>
         <wf lemma="Kranjska" pos="X">Kranjska</wf>
         <wf lemma="Gora" pos="X">Gora</wf>
         <wf lemma="," pos="X">,</wf>
         <wf lemma="iz" pos="X">iz</wf>
         <wf lemma="katerih" pos="X">katerih</wf>
         <wf lemma="je" pos="X">je</wf>
         <wf lemma="razvidno" pos="X">razvidno</wf>
         <wf lemma="," pos="X">,</wf>
         <wf lemma="da" pos="X">da</wf>
         <wf lemma="NI" pos="X">NI</wf>
         <wf lemma="RES" pos="X">RES</wf>
         <wf lemma="," pos="X">,</wf>
         <wf lemma="da" pos="X">da</wf>
         <wf lemma="ste" pos="X">ste</wf>
         <wf lemma="lahko" pos="X">lahko</wf>
         <wf lemma="zadovoljni" pos="X">zadovoljni</wf>
         <wf lemma="." pos="X">.</wf>
      </sentence>
      <sentence id="d000.s1543" source="wordnet-slovenian">
         <wf lemma="V" pos="X">V</wf>
         <wf lemma="tistem" pos="X">tistem</wf>
         <instance id="d000.s1543.t000" lemma="čas" pos="NOUN">času</instance>
         <wf lemma="se" pos="X">se</wf>
         <wf lemma="mi" pos="X">mi</wf>
         <wf lemma="ni" pos="X">ni</wf>
         <wf lemma="zdelo" pos="X">zdelo</wf>
         <wf lemma="," pos="X">,</wf>
         <wf lemma="da" pos="X">da</wf>
         <wf lemma="bi" pos="X">bi</wf>
         <wf lemma="bilo" pos="X">bilo</wf>
         <wf lemma="v" pos="X">v</wf>
         <wf lemma="njem" pos="X">njem</wf>
         <wf lemma="kaj" pos="X">kaj</wf>
         <wf lemma="tudi" pos="X">tudi</wf>
         <wf lemma="zame" pos="X">zame</wf>
         <wf lemma="." pos="X">.</wf>
      </sentence>
      <sentence id="d000.s1544" source="wordnet-slovenian">
         <wf lemma="Zgodovinar" pos="X">Zgodovinar</wf>
         <wf lemma="dr." pos="X">dr.</wf>
         <wf lemma="Peter" pos="X">Peter</wf>
         <wf lemma="Vodopivec" pos="X">Vodopivec</wf>
         <wf lemma="je" pos="X">je</wf>
         <wf lemma="z" pos="X">z</wf>
         <wf lemma="nekaj" pos="X">nekaj</wf>
         <wf lemma="manjšimi" pos="X">manjšimi</wf>
         <wf lemma="netočnostmi" pos="X">netočnostmi</wf>
         <wf lemma="pri" pos="X">pri</wf>
         <wf lemma="preverjanju" pos="X">preverjanju</wf>
         <wf lemma="posameznih" pos="X">posameznih</wf>
         <wf lemma="odličij" pos="X">odličij</wf>
         <wf lemma="opisal" pos="X">opisal</wf>
         <wf lemma="delo" pos="X">delo</wf>
         <wf lemma="lože" pos="X">lože</wf>
         <wf lemma="Valentin" pos="X">Valentin</wf>
         <wf lemma="Vodnik" pos="X">Vodnik</wf>
         <wf lemma="," pos="X">,</wf>
         <wf lemma="predstavil" pos="X">predstavil</wf>
         <wf lemma="znani" pos="X">znani</wf>
         <wf lemma="ljubljanski" pos="X">ljubljanski</wf>
         <wf lemma="predpasnik" pos="X">predpasnik</wf>
         <wf lemma="in" pos="X">in</wf>
         <wf lemma="omenil" pos="X">omenil</wf>
         <wf lemma="odličja" pos="X">odličja</wf>
         <wf lemma="škotskega" pos="X">škotskega</wf>
         <wf lemma="reda" pos="X">reda</wf>
         <wf lemma="iz" pos="X">iz</wf>
         <instance id="d000.s1544.t000" lemma="čas" pos="NOUN">časov</instance>
         <wf lemma="francosko" pos="X">francosko</wf>
         <wf lemma="-" pos="X">-</wf>
         <wf lemma="ilirske" pos="X">ilirske</wf>
         <wf lemma="lože" pos="X">lože</wf>
         <wf lemma="," pos="X">,</wf>
         <wf lemma="kar" pos="X">kar</wf>
         <wf lemma="pomeni" pos="X">pomeni</wf>
         <wf lemma="," pos="X">,</wf>
         <wf lemma="da" pos="X">da</wf>
         <wf lemma="so" pos="X">so</wf>
         <wf lemma="nekateri" pos="X">nekateri</wf>
         <wf lemma="slovenski" pos="X">slovenski</wf>
         <wf lemma="prostozidarji" pos="X">prostozidarji</wf>
         <wf lemma="tudi" pos="X">tudi</wf>
         <wf lemma="doma" pos="X">doma</wf>
         <wf lemma="imeli" pos="X">imeli</wf>
         <wf lemma="višje" pos="X">višje</wf>
         <wf lemma="stopnje" pos="X">stopnje</wf>
         <wf lemma="," pos="X">,</wf>
         <wf lemma="torej" pos="X">torej</wf>
         <wf lemma="večje" pos="X">večje</wf>
         <wf lemma="prostozidarsko" pos="X">prostozidarsko</wf>
         <wf lemma="znanje" pos="X">znanje</wf>
         <wf lemma="," pos="X">,</wf>
         <wf lemma="odgovornost" pos="X">odgovornost</wf>
         <wf lemma="in" pos="X">in</wf>
         <wf lemma="ugled" pos="X">ugled</wf>
         <wf lemma="." pos="X">.</wf>
      </sentence>
      <sentence id="d000.s1545" source="wordnet-slovenian">
         <wf lemma="Na" pos="X">Na</wf>
         <wf lemma="vsak" pos="X">vsak</wf>
         <wf lemma="način" pos="X">način</wf>
         <wf lemma="sem" pos="X">sem</wf>
         <wf lemma="hotel" pos="X">hotel</wf>
         <wf lemma="," pos="X">,</wf>
         <wf lemma="da" pos="X">da</wf>
         <wf lemma="bi" pos="X">bi</wf>
         <wf lemma="me" pos="X">me</wf>
         <wf lemma="deklica" pos="X">deklica</wf>
         <wf lemma="opazila" pos="X">opazila</wf>
         <wf lemma="," pos="X">,</wf>
         <wf lemma="da" pos="X">da</wf>
         <wf lemma="bi" pos="X">bi</wf>
         <wf lemma="vedela" pos="X">vedela</wf>
         <wf lemma="," pos="X">,</wf>
         <wf lemma="da" pos="X">da</wf>
         <wf lemma="sem" pos="X">sem</wf>
         <wf lemma="glavni" pos="X">glavni</wf>
         <wf lemma="," pos="X">,</wf>
         <wf lemma="da" pos="X">da</wf>
         <wf lemma="sem" pos="X">sem</wf>
         <wf lemma="bil" pos="X">bil</wf>
         <wf lemma="najmanj" pos="X">najmanj</wf>
         <wf lemma="tisočkrat" pos="X">tisočkrat</wf>
         <wf lemma="v" pos="X">v</wf>
         <instance id="d000.s1545.t000" lemma="kino" pos="NOUN">kinu</instance>
         <wf lemma="in" pos="X">in</wf>
         <wf lemma="da" pos="X">da</wf>
         <wf lemma="bom" pos="X">bom</wf>
         <wf lemma="nekoč" pos="X">nekoč</wf>
         <wf lemma="delal" pos="X">delal</wf>
         <wf lemma="filme" pos="X">filme</wf>
         <wf lemma="…" pos="X">…</wf>
         <wf lemma="." pos="X">.</wf>
      </sentence>
      <sentence id="d000.s1546" source="wordnet-slovenian">
         <wf lemma="Po" pos="X">Po</wf>
         <wf lemma="osmih" pos="X">osmih</wf>
         <instance id="d000.s1546.t000" lemma="leto" pos="NOUN">letih</instance>
         <wf lemma="»" pos="X">»</wf>
         <wf lemma="sobivanja" pos="X">sobivanja</wf>
         <wf lemma="«" pos="X">«</wf>
         <wf lemma="s" pos="X">s</wf>
         <wf lemma="tujci" pos="X">tujci</wf>
         <wf lemma="-" pos="X">-</wf>
         <wf lemma="po" pos="X">po</wf>
         <wf lemma="podatkih" pos="X">podatkih</wf>
         <wf lemma="hrastniškega" pos="X">hrastniškega</wf>
         <wf lemma="občinskega" pos="X">občinskega</wf>
         <wf lemma="vodstva" pos="X">vodstva</wf>
         <wf lemma="je" pos="X">je</wf>
         <wf lemma="v" pos="X">v</wf>
         <wf lemma="centru" pos="X">centru</wf>
         <wf lemma="trenutno" pos="X">trenutno</wf>
         <wf lemma="nastanjenih" pos="X">nastanjenih</wf>
         <wf lemma="35" pos="X">35</wf>
         <wf lemma="odraslih" pos="X">odraslih</wf>
         <wf lemma="in" pos="X">in</wf>
         <wf lemma="dvanajst" pos="X">dvanajst</wf>
         <wf lemma="otrok" pos="X">otrok</wf>
         <wf lemma="-" pos="X">-</wf>
         <wf lemma="se" pos="X">se</wf>
         <wf lemma="zato" pos="X">zato</wf>
         <wf lemma="v" pos="X">v</wf>
         <wf lemma="tej" pos="X">tej</wf>
         <wf lemma="zasavski" pos="X">zasavski</wf>
         <wf lemma="občini" pos="X">občini</wf>
         <wf lemma="branijo" pos="X">branijo</wf>
         <wf lemma="vsakršnih" pos="X">vsakršnih</wf>
         <wf lemma="novih" pos="X">novih</wf>
         <wf lemma="priseljencev" pos="X">priseljencev</wf>
         <wf lemma=";" pos="X">;</wf>
         <wf lemma="tokrat" pos="X">tokrat</wf>
         <wf lemma="pa" pos="X">pa</wf>
         <wf lemma="gre" pos="X">gre</wf>
         <wf lemma="po" pos="X">po</wf>
         <wf lemma="njihovem" pos="X">njihovem</wf>
         <wf lemma="sploh" pos="X">sploh</wf>
         <wf lemma="za" pos="X">za</wf>
         <wf lemma="»" pos="X">»</wf>
         <wf lemma="popolnoma" pos="X">popolnoma</wf>
         <wf lemma="novo" pos="X">novo</wf>
         <wf lemma="kategorijo" pos="X">kategorijo</wf>
         <wf lemma="«" pos="X">«</wf>
         <wf lemma="." pos="X">.</wf>
      </sentence>
      <sentence id="d000.s1547" source="wordnet-slovenian">
         <wf lemma="Njegov" pos="X">Njegov</wf>
         <wf lemma="rojak" pos="X">rojak</wf>
         <wf lemma="Lewis" pos="X">Lewis</wf>
         <wf lemma="Goldberg" pos="X">Goldberg</wf>
         <wf lemma="," pos="X">,</wf>
         <wf lemma="ki" pos="X">ki</wf>
         <wf lemma="je" pos="X">je</wf>
         <wf lemma="vpeljal" pos="X">vpeljal</wf>
         <wf lemma="pojem" pos="X">pojem</wf>
         <wf lemma="&quot;" pos="X">&quot;</wf>
         <wf lemma="velika" pos="X">velika</wf>
         <wf lemma="peterica" pos="X">peterica</wf>
         <wf lemma="&quot;" pos="X">&quot;</wf>
         <wf lemma="," pos="X">,</wf>
         <wf lemma="pa" pos="X">pa</wf>
         <wf lemma="je" pos="X">je</wf>
         <wf lemma="ugotovil" pos="X">ugotovil</wf>
         <wf lemma="," pos="X">,</wf>
         <wf lemma="da" pos="X">da</wf>
         <wf lemma="se" pos="X">se</wf>
         <wf lemma="vsak" pos="X">vsak</wf>
         <wf lemma="od" pos="X">od</wf>
         <wf lemma="nas" pos="X">nas</wf>
         <wf lemma="," pos="X">,</wf>
         <wf lemma="ko" pos="X">ko</wf>
         <wf lemma="prvič" pos="X">prvič</wf>
         <wf lemma="sreča" pos="X">sreča</wf>
         <wf lemma="novega" pos="X">novega</wf>
         <instance id="d000.s1547.t000" lemma="človek" pos="NOUN">človeka</instance>
         <wf lemma="," pos="X">,</wf>
         <wf lemma="v" pos="X">v</wf>
         <wf lemma="mislih" pos="X">mislih</wf>
         <wf lemma="vpraša" pos="X">vpraša</wf>
         <wf lemma="prav" pos="X">prav</wf>
         <wf lemma="po" pos="X">po</wf>
         <wf lemma="teh" pos="X">teh</wf>
         <wf lemma="petih" pos="X">petih</wf>
         <wf lemma="osebnostnih" pos="X">osebnostnih</wf>
         <wf lemma="lastnostih" pos="X">lastnostih</wf>
         <wf lemma=":" pos="X">:</wf>
         <wf lemma="&quot;" pos="X">&quot;</wf>
         <wf lemma="Je" pos="X">Je</wf>
         <wf lemma="zanesljiv" pos="X">zanesljiv</wf>
         <wf lemma="," pos="X">,</wf>
         <wf lemma="dobrosrčen" pos="X">dobrosrčen</wf>
         <wf lemma="in" pos="X">in</wf>
         <wf lemma="prijeten" pos="X">prijeten</wf>
         <wf lemma="," pos="X">,</wf>
         <wf lemma="ali" pos="X">ali</wf>
         <wf lemma="pa" pos="X">pa</wf>
         <wf lemma="morda" pos="X">morda</wf>
         <wf lemma="nezanesljiv" pos="X">nezanesljiv</wf>
         <wf lemma="," pos="X">,</wf>
         <wf lemma="hladen" pos="X">hladen</wf>
         <wf lemma="in" pos="X">in</wf>
         <wf lemma="zoprn" pos="X">zoprn</wf>
         <wf lemma="?" pos="X">?</wf>
      </sentence>
      <sentence id="d000.s1548" source="wordnet-slovenian">
         <wf lemma="Prve" pos="X">Prve</wf>
         <wf lemma="ponudbe" pos="X">ponudbe</wf>
         <wf lemma="za" pos="X">za</wf>
         <wf lemma="uvoz" pos="X">uvoz</wf>
         <wf lemma="električne" pos="X">električne</wf>
         <wf lemma="energije" pos="X">energije</wf>
         <wf lemma="v" pos="X">v</wf>
         <instance id="d000.s1548.t000" lemma="leto" pos="NOUN">letu</instance>
         <wf lemma="2002" pos="X">2002</wf>
         <wf lemma="so" pos="X">so</wf>
         <wf lemma="na" pos="X">na</wf>
         <wf lemma="podlagi" pos="X">podlagi</wf>
         <wf lemma="Elesovega" pos="X">Elesovega</wf>
         <wf lemma="razpisa" pos="X">razpisa</wf>
         <wf lemma="že" pos="X">že</wf>
         <wf lemma="dobili" pos="X">dobili</wf>
         <wf lemma="." pos="X">.</wf>
      </sentence>
      <sentence id="d000.s1549" source="wordnet-slovenian">
         <wf lemma="Nekoč" pos="X">Nekoč</wf>
         <wf lemma="je" pos="X">je</wf>
         <wf lemma="natakarja" pos="X">natakarja</wf>
         <wf lemma="nahrulila" pos="X">nahrulila</wf>
         <wf lemma="z" pos="X">z</wf>
         <instance id="d000.s1549.t000" lemma="beseda" pos="NOUN">besedami</instance>
         <wf lemma="," pos="X">,</wf>
         <wf lemma="da" pos="X">da</wf>
         <wf lemma="naj" pos="X">naj</wf>
         <wf lemma="ji" pos="X">ji</wf>
         <wf lemma="takoj" pos="X">takoj</wf>
         <wf lemma="prinese" pos="X">prinese</wf>
         <wf lemma="kakšno" pos="X">kakšno</wf>
         <wf lemma="krepko" pos="X">krepko</wf>
         <wf lemma="pijačo" pos="X">pijačo</wf>
         <wf lemma="in" pos="X">in</wf>
         <wf lemma="da" pos="X">da</wf>
         <wf lemma="naj" pos="X">naj</wf>
         <wf lemma="enako" pos="X">enako</wf>
         <wf lemma="pijačo" pos="X">pijačo</wf>
         <wf lemma="prinese" pos="X">prinese</wf>
         <wf lemma="še" pos="X">še</wf>
         <wf lemma="njenim" pos="X">njenim</wf>
         <wf lemma="prijateljem" pos="X">prijateljem</wf>
         <wf lemma="." pos="X">.</wf>
      </sentence>
      <sentence id="d000.s1550" source="wordnet-slovenian">
         <instance id="d000.s1550.t000" lemma="oče" pos="NOUN">Oče</instance>
         <wf lemma="je" pos="X">je</wf>
         <wf lemma="bil" pos="X">bil</wf>
         <wf lemma="še" pos="X">še</wf>
         <wf lemma="zelo" pos="X">zelo</wf>
         <wf lemma="mlad" pos="X">mlad</wf>
         <wf lemma="," pos="X">,</wf>
         <wf lemma="oblečen" pos="X">oblečen</wf>
         <wf lemma="v" pos="X">v</wf>
         <wf lemma="pulover" pos="X">pulover</wf>
         <wf lemma="in" pos="X">in</wf>
         <wf lemma="suknjič" pos="X">suknjič</wf>
         <wf lemma="iz" pos="X">iz</wf>
         <wf lemma="tvida" pos="X">tvida</wf>
         <wf lemma="." pos="X">.</wf>
      </sentence>
      <sentence id="d000.s1551" source="wordnet-slovenian">
         <wf lemma="Potem" pos="X">Potem</wf>
         <wf lemma="," pos="X">,</wf>
         <wf lemma="ko" pos="X">ko</wf>
         <wf lemma="smo" pos="X">smo</wf>
         <wf lemma="odstranili" pos="X">odstranili</wf>
         <wf lemma="oči" pos="X">oči</wf>
         <wf lemma="," pos="X">,</wf>
         <wf lemma="lahko" pos="X">lahko</wf>
         <wf lemma="skozi" pos="X">skozi</wf>
         <wf lemma="odprtine" pos="X">odprtine</wf>
         <wf lemma="v" pos="X">v</wf>
         <wf lemma="lobanji" pos="X">lobanji</wf>
         <wf lemma="odstranimo" pos="X">odstranimo</wf>
         <wf lemma="lične" pos="X">lične</wf>
         <wf lemma="mišice" pos="X">mišice</wf>
         <wf lemma="," pos="X">,</wf>
         <wf lemma="jezik" pos="X">jezik</wf>
         <wf lemma="in" pos="X">in</wf>
         <wf lemma="vsa" pos="X">vsa</wf>
         <wf lemma="tkiva" pos="X">tkiva</wf>
         <wf lemma="na" pos="X">na</wf>
         <instance id="d000.s1551.t000" lemma="glava" pos="NOUN">glavi</instance>
         <wf lemma="." pos="X">.</wf>
      </sentence>
      <sentence id="d000.s1552" source="wordnet-slovenian">
         <wf lemma="To" pos="X">To</wf>
         <wf lemma="pa" pos="X">pa</wf>
         <wf lemma="so" pos="X">so</wf>
         <wf lemma="pospešitev" pos="X">pospešitev</wf>
         <wf lemma="notranje" pos="X">notranje</wf>
         <wf lemma="demokratizacije" pos="X">demokratizacije</wf>
         <wf lemma="v" pos="X">v</wf>
         <instance id="d000.s1552.t000" lemma="država" pos="NOUN">državi</instance>
         <wf lemma="in" pos="X">in</wf>
         <wf lemma="z" pos="X">z</wf>
         <wf lemma="njo" pos="X">njo</wf>
         <wf lemma="povezano" pos="X">povezano</wf>
         <wf lemma="vključevanje" pos="X">vključevanje</wf>
         <wf lemma="Litve" pos="X">Litve</wf>
         <wf lemma="v" pos="X">v</wf>
         <wf lemma="evropske" pos="X">evropske</wf>
         <wf lemma="povezave" pos="X">povezave</wf>
         <wf lemma="." pos="X">.</wf>
      </sentence>
      <sentence id="d000.s1553" source="wordnet-slovenian">
         <wf lemma="Ta" pos="X">Ta</wf>
         <wf lemma="teden" pos="X">teden</wf>
         <wf lemma="bo" pos="X">bo</wf>
         <wf lemma="o" pos="X">o</wf>
         <wf lemma="duty" pos="X">duty</wf>
         <wf lemma="freejih" pos="X">freejih</wf>
         <wf lemma="razpravljala" pos="X">razpravljala</wf>
         <wf lemma="parlamentarna" pos="X">parlamentarna</wf>
         <wf lemma="komisija" pos="X">komisija</wf>
         <wf lemma="za" pos="X">za</wf>
         <wf lemma="evropske" pos="X">evropske</wf>
         <instance id="d000.s1553.t000" lemma="zadeva" pos="NOUN">zadeve</instance>
         <wf lemma="," pos="X">,</wf>
         <wf lemma="pred" pos="X">pred</wf>
         <wf lemma="dnevi" pos="X">dnevi</wf>
         <wf lemma="pa" pos="X">pa</wf>
         <wf lemma="je" pos="X">je</wf>
         <wf lemma="razpravo" pos="X">razpravo</wf>
         <wf lemma="o" pos="X">o</wf>
         <wf lemma="tem" pos="X">tem</wf>
         <wf lemma="začel" pos="X">začel</wf>
         <wf lemma="(" pos="X">(</wf>
         <wf lemma="in" pos="X">in</wf>
         <wf lemma="jo" pos="X">jo</wf>
         <wf lemma="bo" pos="X">bo</wf>
         <wf lemma="še" pos="X">še</wf>
         <wf lemma="nadaljeval" pos="X">nadaljeval</wf>
         <wf lemma=")" pos="X">)</wf>
         <wf lemma="tudi" pos="X">tudi</wf>
         <wf lemma="parlamentarni" pos="X">parlamentarni</wf>
         <wf lemma="odbor" pos="X">odbor</wf>
         <wf lemma="za" pos="X">za</wf>
         <wf lemma="gospodarstvo" pos="X">gospodarstvo</wf>
         <wf lemma="." pos="X">.</wf>
      </sentence>
      <sentence id="d000.s1554" source="wordnet-slovenian">
         <wf lemma="Ker" pos="X">Ker</wf>
         <wf lemma="je" pos="X">je</wf>
         <wf lemma="naša" pos="X">naša</wf>
         <instance id="d000.s1554.t000" lemma="država" pos="NOUN">država</instance>
         <wf lemma="že" pos="X">že</wf>
         <wf lemma="v" pos="X">v</wf>
         <wf lemma="prvem" pos="X">prvem</wf>
         <wf lemma="krogu" pos="X">krogu</wf>
         <wf lemma="dobila" pos="X">dobila</wf>
         <wf lemma="več" pos="X">več</wf>
         <wf lemma="kot" pos="X">kot</wf>
         <wf lemma="polovico" pos="X">polovico</wf>
         <wf lemma="glasov" pos="X">glasov</wf>
         <wf lemma="," pos="X">,</wf>
         <wf lemma="drugi" pos="X">drugi</wf>
         <wf lemma="krog" pos="X">krog</wf>
         <wf lemma="glasovanja" pos="X">glasovanja</wf>
         <wf lemma="(" pos="X">(</wf>
         <wf lemma="če" pos="X">če</wf>
         <wf lemma="v" pos="X">v</wf>
         <wf lemma="prvem" pos="X">prvem</wf>
         <wf lemma="nobena" pos="X">nobena</wf>
         <wf lemma="država" pos="X">država</wf>
         <wf lemma="ne" pos="X">ne</wf>
         <wf lemma="dobi" pos="X">dobi</wf>
         <wf lemma="večine" pos="X">večine</wf>
         <wf lemma="," pos="X">,</wf>
         <wf lemma="gresta" pos="X">gresta</wf>
         <wf lemma="vanj" pos="X">vanj</wf>
         <wf lemma="dve" pos="X">dve</wf>
         <wf lemma="kandidatki" pos="X">kandidatki</wf>
         <wf lemma="z" pos="X">z</wf>
         <wf lemma="najvišjim" pos="X">najvišjim</wf>
         <wf lemma="številom" pos="X">številom</wf>
         <wf lemma="glasov" pos="X">glasov</wf>
         <wf lemma=")" pos="X">)</wf>
         <wf lemma="sploh" pos="X">sploh</wf>
         <wf lemma="ni" pos="X">ni</wf>
         <wf lemma="bil" pos="X">bil</wf>
         <wf lemma="potreben" pos="X">potreben</wf>
         <wf lemma="." pos="X">.</wf>
      </sentence>
      <sentence id="d000.s1555" source="wordnet-slovenian">
         <wf lemma="Po" pos="X">Po</wf>
         <instance id="d000.s1555.t000" lemma="beseda" pos="NOUN">besedah</instance>
         <wf lemma="podpredsednika" pos="X">podpredsednika</wf>
         <wf lemma="Gospodarske" pos="X">Gospodarske</wf>
         <wf lemma="zbornice" pos="X">zbornice</wf>
         <wf lemma="Slovenije" pos="X">Slovenije</wf>
         <wf lemma="Mira" pos="X">Mira</wf>
         <wf lemma="Sotlarja" pos="X">Sotlarja</wf>
         <wf lemma="je" pos="X">je</wf>
         <wf lemma="Slovenija" pos="X">Slovenija</wf>
         <wf lemma="z" pos="X">z</wf>
         <wf lemma="eno" pos="X">eno</wf>
         <wf lemma="nogo" pos="X">nogo</wf>
         <wf lemma="že" pos="X">že</wf>
         <wf lemma="v" pos="X">v</wf>
         <wf lemma="Evropski" pos="X">Evropski</wf>
         <wf lemma="uniji" pos="X">uniji</wf>
         <wf lemma="," pos="X">,</wf>
         <wf lemma="ki" pos="X">ki</wf>
         <wf lemma="je" pos="X">je</wf>
         <wf lemma="najpomembnejša" pos="X">najpomembnejša</wf>
         <wf lemma="partnerica" pos="X">partnerica</wf>
         <wf lemma="slovenskega" pos="X">slovenskega</wf>
         <wf lemma="gospodarstva" pos="X">gospodarstva</wf>
         <wf lemma="." pos="X">.</wf>
      </sentence>
      <sentence id="d000.s1556" source="wordnet-slovenian">
         <wf lemma="Še" pos="X">Še</wf>
         <wf lemma="posebej" pos="X">posebej</wf>
         <wf lemma="Rim" pos="X">Rim</wf>
         <wf lemma="in" pos="X">in</wf>
         <wf lemma="tudi" pos="X">tudi</wf>
         <wf lemma="Milano" pos="X">Milano</wf>
         <wf lemma="sta" pos="X">sta</wf>
         <wf lemma="zelo" pos="X">zelo</wf>
         <wf lemma="zanimiva" pos="X">zanimiva</wf>
         <wf lemma="," pos="X">,</wf>
         <wf lemma="&quot;" pos="X">&quot;</wf>
         <wf lemma="je" pos="X">je</wf>
         <wf lemma="dejal" pos="X">dejal</wf>
         <wf lemma="Guti" pos="X">Guti</wf>
         <wf lemma="," pos="X">,</wf>
         <wf lemma="katerega" pos="X">katerega</wf>
         <wf lemma="odhod" pos="X">odhod</wf>
         <wf lemma="v" pos="X">v</wf>
         <wf lemma="Italijo" pos="X">Italijo</wf>
         <wf lemma="je" pos="X">je</wf>
         <wf lemma="bržčas" pos="X">bržčas</wf>
         <wf lemma="samo" pos="X">samo</wf>
         <wf lemma="še" pos="X">še</wf>
         <wf lemma="vprašanje" pos="X">vprašanje</wf>
         <instance id="d000.s1556.t000" lemma="dan" pos="NOUN">dni</instance>
         <wf lemma="." pos="X">.</wf>
      </sentence>
      <sentence id="d000.s1557" source="wordnet-slovenian">
         <wf lemma="Premiera" pos="X">Premiera</wf>
         <wf lemma="sta" pos="X">sta</wf>
         <wf lemma="imela" pos="X">imela</wf>
         <wf lemma="na" pos="X">na</wf>
         <wf lemma="letališču" pos="X">letališču</wf>
         <wf lemma="krajši" pos="X">krajši</wf>
         <wf lemma="pogovor" pos="X">pogovor</wf>
         <wf lemma="," pos="X">,</wf>
         <wf lemma="vnovič" pos="X">vnovič</wf>
         <wf lemma="pa" pos="X">pa</wf>
         <wf lemma="se" pos="X">se</wf>
         <wf lemma="bosta" pos="X">bosta</wf>
         <wf lemma="srečala" pos="X">srečala</wf>
         <wf lemma="danes" pos="X">danes</wf>
         <wf lemma="," pos="X">,</wf>
         <wf lemma="ko" pos="X">ko</wf>
         <wf lemma="bosta" pos="X">bosta</wf>
         <wf lemma="Buzeka" pos="X">Buzeka</wf>
         <wf lemma="sprejela" pos="X">sprejela</wf>
         <wf lemma="tudi" pos="X">tudi</wf>
         <wf lemma="predsednik" pos="X">predsednik</wf>
         <instance id="d000.s1557.t000" lemma="država" pos="NOUN">države</instance>
         <wf lemma="Milan" pos="X">Milan</wf>
         <wf lemma="Kučan" pos="X">Kučan</wf>
         <wf lemma="in" pos="X">in</wf>
         <wf lemma="predsednik" pos="X">predsednik</wf>
         <wf lemma="državnega" pos="X">državnega</wf>
         <wf lemma="zbora" pos="X">zbora</wf>
         <wf lemma="Janez" pos="X">Janez</wf>
         <wf lemma="Podobnik" pos="X">Podobnik</wf>
         <wf lemma="." pos="X">.</wf>
      </sentence>
      <sentence id="d000.s1558" source="wordnet-slovenian">
         <wf lemma="Ko" pos="X">Ko</wf>
         <wf lemma="sem" pos="X">sem</wf>
         <wf lemma="bil" pos="X">bil</wf>
         <wf lemma="star" pos="X">star</wf>
         <wf lemma="deset" pos="X">deset</wf>
         <instance id="d000.s1558.t000" lemma="leto" pos="NOUN">let</instance>
         <wf lemma="," pos="X">,</wf>
         <wf lemma="sem" pos="X">sem</wf>
         <wf lemma="snemal" pos="X">snemal</wf>
         <wf lemma="World" pos="X">World</wf>
         <wf lemma="Trade" pos="X">Trade</wf>
         <wf lemma="Center" pos="X">Center</wf>
         <wf lemma="." pos="X">.</wf>
      </sentence>
      <sentence id="d000.s1559" source="wordnet-slovenian">
         <wf lemma="Ker" pos="X">Ker</wf>
         <wf lemma="zahteva" pos="X">zahteva</wf>
         <wf lemma="promocija" pos="X">promocija</wf>
         <wf lemma="mobilnosti" pos="X">mobilnosti</wf>
         <wf lemma="v" pos="X">v</wf>
         <wf lemma="Evropi" pos="X">Evropi</wf>
         <wf lemma="večjo" pos="X">večjo</wf>
         <wf lemma="razvidnost" pos="X">razvidnost</wf>
         <wf lemma="in" pos="X">in</wf>
         <wf lemma="primerljivost" pos="X">primerljivost</wf>
         <wf lemma="stopenj" pos="X">stopenj</wf>
         <wf lemma="," pos="X">,</wf>
         <wf lemma="se" pos="X">se</wf>
         <wf lemma="je" pos="X">je</wf>
         <wf lemma="pokazalo" pos="X">pokazalo</wf>
         <wf lemma="kot" pos="X">kot</wf>
         <wf lemma="nujno" pos="X">nujno</wf>
         <wf lemma="," pos="X">,</wf>
         <wf lemma="da" pos="X">da</wf>
         <wf lemma="se" pos="X">se</wf>
         <wf lemma="oblikuje" pos="X">oblikuje</wf>
         <wf lemma="nekaj" pos="X">nekaj</wf>
         <wf lemma="skupnih" pos="X">skupnih</wf>
         <wf lemma="meril" pos="X">meril</wf>
         <wf lemma="za" pos="X">za</wf>
         <wf lemma="strukturno" pos="X">strukturno</wf>
         <wf lemma="definicijo" pos="X">definicijo</wf>
         <wf lemma="stopenj" pos="X">stopenj</wf>
         <wf lemma="master" pos="X">master</wf>
         <wf lemma="," pos="X">,</wf>
         <wf lemma="kot" pos="X">kot</wf>
         <wf lemma="že" pos="X">že</wf>
         <wf lemma="rečeno" pos="X">rečeno</wf>
         <wf lemma="," pos="X">,</wf>
         <wf lemma="ne" pos="X">ne</wf>
         <wf lemma="glede" pos="X">glede</wf>
         <wf lemma="na" pos="X">na</wf>
         <wf lemma="njihova" pos="X">njihova</wf>
         <wf lemma="različna" pos="X">različna</wf>
         <wf lemma="nacionalna" pos="X">nacionalna</wf>
         <instance id="d000.s1559.t000" lemma="ime" pos="NOUN">imena</instance>
         <wf lemma="(" pos="X">(</wf>
         <wf lemma="konkretne" pos="X">konkretne</wf>
         <wf lemma="strokovne" pos="X">strokovne</wf>
         <wf lemma="in" pos="X">in</wf>
         <wf lemma="znanstvene" pos="X">znanstvene</wf>
         <wf lemma="naslove" pos="X">naslove</wf>
         <wf lemma=")" pos="X">)</wf>
         <wf lemma="." pos="X">.</wf>
      </sentence>
      <sentence id="d000.s1560" source="wordnet-slovenian">
         <wf lemma="Povem" pos="X">Povem</wf>
         <wf lemma="vam" pos="X">vam</wf>
         <wf lemma="," pos="X">,</wf>
         <wf lemma="da" pos="X">da</wf>
         <wf lemma="bivanje" pos="X">bivanje</wf>
         <wf lemma="na" pos="X">na</wf>
         <wf lemma="tako" pos="X">tako</wf>
         <wf lemma="zoženem" pos="X">zoženem</wf>
         <instance id="d000.s1560.t000" lemma="prostor" pos="NOUN">prostoru</instance>
         <wf lemma="in" pos="X">in</wf>
         <wf lemma="ob" pos="X">ob</wf>
         <wf lemma="tolikšnem" pos="X">tolikšnem</wf>
         <wf lemma="hrupu" pos="X">hrupu</wf>
         <wf lemma="ne" pos="X">ne</wf>
         <wf lemma="bo" pos="X">bo</wf>
         <wf lemma="več" pos="X">več</wf>
         <wf lemma="možno" pos="X">možno</wf>
         <wf lemma="," pos="X">,</wf>
         <wf lemma="saj" pos="X">saj</wf>
         <wf lemma="je" pos="X">je</wf>
         <wf lemma="že" pos="X">že</wf>
         <wf lemma="sedaj" pos="X">sedaj</wf>
         <wf lemma="domala" pos="X">domala</wf>
         <wf lemma="neznosno" pos="X">neznosno</wf>
         <wf lemma="." pos="X">.</wf>
      </sentence>
      <sentence id="d000.s1561" source="wordnet-slovenian">
         <wf lemma="Za" pos="X">Za</wf>
         <wf lemma="odpravo" pos="X">odpravo</wf>
         <wf lemma="teh" pos="X">teh</wf>
         <wf lemma="težav" pos="X">težav</wf>
         <wf lemma="bomo" pos="X">bomo</wf>
         <wf lemma="v" pos="X">v</wf>
         <wf lemma="okviru" pos="X">okviru</wf>
         <wf lemma="zborničnih" pos="X">zborničnih</wf>
         <wf lemma="strokovnih" pos="X">strokovnih</wf>
         <wf lemma="služb" pos="X">služb</wf>
         <wf lemma="in" pos="X">in</wf>
         <wf lemma="izvršilnega" pos="X">izvršilnega</wf>
         <wf lemma="odbora" pos="X">odbora</wf>
         <wf lemma="Sekcije" pos="X">Sekcije</wf>
         <wf lemma="za" pos="X">za</wf>
         <wf lemma="cestni" pos="X">cestni</wf>
         <wf lemma="tovorni" pos="X">tovorni</wf>
         <wf lemma="promet" pos="X">promet</wf>
         <wf lemma="pripravili" pos="X">pripravili</wf>
         <wf lemma="celovito" pos="X">celovito</wf>
         <wf lemma="analizo" pos="X">analizo</wf>
         <instance id="d000.s1561.t000" lemma="pogoj" pos="NOUN">pogojev</instance>
         <wf lemma="poslovanja" pos="X">poslovanja</wf>
         <wf lemma="in" pos="X">in</wf>
         <wf lemma="predlogov" pos="X">predlogov</wf>
         <wf lemma="za" pos="X">za</wf>
         <wf lemma="odpravo" pos="X">odpravo</wf>
         <wf lemma="nevzdržnih" pos="X">nevzdržnih</wf>
         <wf lemma="razmer" pos="X">razmer</wf>
         <wf lemma="na" pos="X">na</wf>
         <wf lemma="področju" pos="X">področju</wf>
         <wf lemma="cestnega" pos="X">cestnega</wf>
         <wf lemma="prevozništva" pos="X">prevozništva</wf>
         <wf lemma="." pos="X">.</wf>
      </sentence>
      <sentence id="d000.s1562" source="wordnet-slovenian">
         <wf lemma="Nimam" pos="X">Nimam</wf>
         <instance id="d000.s1562.t000" lemma="čas" pos="NOUN">časa</instance>
         <wf lemma="." pos="X">.</wf>
      </sentence>
      <sentence id="d000.s1563" source="wordnet-slovenian">
         <wf lemma="Toda" pos="X">Toda</wf>
         <wf lemma="razvoj" pos="X">razvoj</wf>
         <wf lemma="še" pos="X">še</wf>
         <wf lemma="ni" pos="X">ni</wf>
         <wf lemma="bil" pos="X">bil</wf>
         <wf lemma="končan" pos="X">končan</wf>
         <wf lemma=":" pos="X">:</wf>
         <instance id="d000.s1563.t000" lemma="leto" pos="NOUN">leta</instance>
         <wf lemma="1960" pos="X">1960</wf>
         <wf lemma="so" pos="X">so</wf>
         <wf lemma="na" pos="X">na</wf>
         <wf lemma="agronomskem" pos="X">agronomskem</wf>
         <wf lemma="oddelku" pos="X">oddelku</wf>
         <wf lemma="vpeljali" pos="X">vpeljali</wf>
         <wf lemma="študij" pos="X">študij</wf>
         <wf lemma="živinoreje" pos="X">živinoreje</wf>
         <wf lemma="," pos="X">,</wf>
         <wf lemma="to" pos="X">to</wf>
         <wf lemma="je" pos="X">je</wf>
         <wf lemma="danes" pos="X">danes</wf>
         <wf lemma="oddelek" pos="X">oddelek</wf>
         <wf lemma="za" pos="X">za</wf>
         <wf lemma="zootehniko" pos="X">zootehniko</wf>
         <wf lemma="." pos="X">.</wf>
      </sentence>
      <sentence id="d000.s1564" source="wordnet-slovenian">
         <wf lemma="Seveda" pos="X">Seveda</wf>
         <wf lemma="je" pos="X">je</wf>
         <wf lemma="prvi" pos="X">prvi</wf>
         <wf lemma="pogoj" pos="X">pogoj</wf>
         <wf lemma="za" pos="X">za</wf>
         <wf lemma="uspeh" pos="X">uspeh</wf>
         <wf lemma="točen" pos="X">točen</wf>
         <wf lemma="met" pos="X">met</wf>
         <wf lemma="," pos="X">,</wf>
         <wf lemma="oziroma" pos="X">oziroma</wf>
         <wf lemma="met" pos="X">met</wf>
         <wf lemma="na" pos="X">na</wf>
         <instance id="d000.s1564.t000" lemma="mesto" pos="NOUN">mesto</instance>
         <wf lemma="," pos="X">,</wf>
         <wf lemma="kjer" pos="X">kjer</wf>
         <wf lemma="ščuka" pos="X">ščuka</wf>
         <wf lemma="dejansko" pos="X">dejansko</wf>
         <wf lemma="je" pos="X">je</wf>
         <wf lemma="." pos="X">.</wf>
      </sentence>
      <sentence id="d000.s1565" source="wordnet-slovenian">
         <wf lemma="Moji" pos="X">Moji</wf>
         <wf lemma="najzgodnejši" pos="X">najzgodnejši</wf>
         <wf lemma="trenutki" pos="X">trenutki</wf>
         <instance id="d000.s1565.t000" lemma="življenje" pos="NOUN">življenja</instance>
         <wf lemma="so" pos="X">so</wf>
         <wf lemma="vezani" pos="X">vezani</wf>
         <wf lemma="na" pos="X">na</wf>
         <wf lemma="ta" pos="X">ta</wf>
         <wf lemma="večer" pos="X">večer</wf>
         <wf lemma="." pos="X">.</wf>
      </sentence>
      <sentence id="d000.s1566" source="wordnet-slovenian">
         <wf lemma="OBOJE" pos="X">OBOJE</wf>
         <wf lemma="JE" pos="X">JE</wf>
         <wf lemma="TEMELJ" pos="X">TEMELJ</wf>
         <wf lemma="DELOVNEMU" pos="X">DELOVNEMU</wf>
         <wf lemma="IN" pos="X">IN</wf>
         <wf lemma="USLUŽBENSKEMU" pos="X">USLUŽBENSKEMU</wf>
         <wf lemma="KOT" pos="X">KOT</wf>
         <wf lemma="POSEBNE" pos="X">POSEBNE</wf>
         <instance id="d000.s1566.t000" lemma="vrsta" pos="NOUN">VRSTE</instance>
         <wf lemma="NECIVILNOPRAVNEMU" pos="X">NECIVILNOPRAVNEMU</wf>
         <wf lemma="POGODBENEMU" pos="X">POGODBENEMU</wf>
         <wf lemma="RAZMERJU" pos="X">RAZMERJU</wf>
         <wf lemma="." pos="X">.</wf>
      </sentence>
      <sentence id="d000.s1567" source="wordnet-slovenian">
         <wf lemma="Državnemu" pos="X">Državnemu</wf>
         <wf lemma="zboru" pos="X">zboru</wf>
         <wf lemma="majske" pos="X">majske</wf>
         <wf lemma="seje" pos="X">seje</wf>
         <wf lemma="ni" pos="X">ni</wf>
         <wf lemma="uspelo" pos="X">uspelo</wf>
         <wf lemma="končati" pos="X">končati</wf>
         <wf lemma="v" pos="X">v</wf>
         <wf lemma="dveh" pos="X">dveh</wf>
         <instance id="d000.s1567.t000" lemma="dan" pos="NOUN">dneh</instance>
         <wf lemma="." pos="X">.</wf>
      </sentence>
      <sentence id="d000.s1568" source="wordnet-slovenian">
         <wf lemma="Predvsem" pos="X">Predvsem</wf>
         <wf lemma="sta" pos="X">sta</wf>
         <wf lemma="zdaj" pos="X">zdaj</wf>
         <wf lemma="predlagani" pos="X">predlagani</wf>
         <wf lemma="dve" pos="X">dve</wf>
         <wf lemma="stopnji" pos="X">stopnji</wf>
         <wf lemma="davka" pos="X">davka</wf>
         <wf lemma="," pos="X">,</wf>
         <wf lemma="in" pos="X">in</wf>
         <wf lemma="sicer" pos="X">sicer</wf>
         <wf lemma="po" pos="X">po</wf>
         <wf lemma="uklajevanju" pos="X">uklajevanju</wf>
         <wf lemma="na" pos="X">na</wf>
         <instance id="d000.s1568.t000" lemma="vlada" pos="NOUN">vladi</instance>
         <wf lemma="19" pos="X">19</wf>
         <wf lemma="in" pos="X">in</wf>
         <wf lemma="8" pos="X">8</wf>
         <wf lemma="odstotkov" pos="X">odstotkov</wf>
         <wf lemma="." pos="X">.</wf>
      </sentence>
      <sentence id="d000.s1569" source="wordnet-slovenian">
         <wf lemma="Občina" pos="X">Občina</wf>
         <wf lemma="Šempeter" pos="X">Šempeter</wf>
         <wf lemma="Vrtojba" pos="X">Vrtojba</wf>
         <wf lemma="je" pos="X">je</wf>
         <wf lemma="konec" pos="X">konec</wf>
         <instance id="d000.s1569.t000" lemma="leto" pos="NOUN">leta</instance>
         <wf lemma="1999" pos="X">1999</wf>
         <wf lemma="ustanovila" pos="X">ustanovila</wf>
         <wf lemma="Mednarodni" pos="X">Mednarodni</wf>
         <wf lemma="tehnološki" pos="X">tehnološki</wf>
         <wf lemma="park" pos="X">park</wf>
         <wf lemma="Plejade" pos="X">Plejade</wf>
         <wf lemma="," pos="X">,</wf>
         <wf lemma="v" pos="X">v</wf>
         <wf lemma="katerega" pos="X">katerega</wf>
         <wf lemma="so" pos="X">so</wf>
         <wf lemma="julija" pos="X">julija</wf>
         <wf lemma="letos" pos="X">letos</wf>
         <wf lemma="kot" pos="X">kot</wf>
         <wf lemma="družbeniki" pos="X">družbeniki</wf>
         <wf lemma="pristopile" pos="X">pristopile</wf>
         <wf lemma="občine" pos="X">občine</wf>
         <wf lemma="Kanal" pos="X">Kanal</wf>
         <wf lemma="ob" pos="X">ob</wf>
         <wf lemma="Soči" pos="X">Soči</wf>
         <wf lemma="," pos="X">,</wf>
         <wf lemma="Brda" pos="X">Brda</wf>
         <wf lemma="," pos="X">,</wf>
         <wf lemma="Bovec" pos="X">Bovec</wf>
         <wf lemma="in" pos="X">in</wf>
         <wf lemma="Vipava" pos="X">Vipava</wf>
         <wf lemma="." pos="X">.</wf>
      </sentence>
      <sentence id="d000.s1570" source="wordnet-slovenian">
         <wf lemma="Precej" pos="X">Precej</wf>
         <wf lemma="pozneje" pos="X">pozneje</wf>
         <wf lemma="se" pos="X">se</wf>
         <wf lemma="je" pos="X">je</wf>
         <wf lemma="pojavil" pos="X">pojavil</wf>
         <wf lemma="pri" pos="X">pri</wf>
         <wf lemma="Sandiju" pos="X">Sandiju</wf>
         <wf lemma="Čolniku" pos="X">Čolniku</wf>
         <wf lemma="v" pos="X">v</wf>
         <wf lemma="njegovem" pos="X">njegovem</wf>
         <wf lemma="Večernem" pos="X">Večernem</wf>
         <wf lemma="gostu" pos="X">gostu</wf>
         <wf lemma="in" pos="X">in</wf>
         <wf lemma="opazil" pos="X">opazil</wf>
         <wf lemma="sem" pos="X">sem</wf>
         <wf lemma="," pos="X">,</wf>
         <wf lemma="da" pos="X">da</wf>
         <wf lemma="je" pos="X">je</wf>
         <wf lemma="to" pos="X">to</wf>
         <wf lemma="ta" pos="X">ta</wf>
         <wf lemma="isti" pos="X">isti</wf>
         <instance id="d000.s1570.t000" lemma="človek" pos="NOUN">človek</instance>
         <wf lemma="iz" pos="X">iz</wf>
         <wf lemma="članka" pos="X">članka</wf>
         <wf lemma="," pos="X">,</wf>
         <wf lemma="ki" pos="X">ki</wf>
         <wf lemma="ga" pos="X">ga</wf>
         <wf lemma="že" pos="X">že</wf>
         <wf lemma="hranim" pos="X">hranim</wf>
         <wf lemma="v" pos="X">v</wf>
         <wf lemma="fasciklu" pos="X">fasciklu</wf>
         <wf lemma="." pos="X">.</wf>
      </sentence>
      <sentence id="d000.s1571" source="wordnet-slovenian">
         <wf lemma="Tudi" pos="X">Tudi</wf>
         <wf lemma="čevljev" pos="X">čevljev</wf>
         <wf lemma="si" pos="X">si</wf>
         <wf lemma="ne" pos="X">ne</wf>
         <wf lemma="boste" pos="X">boste</wf>
         <wf lemma="znali" pos="X">znali</wf>
         <wf lemma="kupiti" pos="X">kupiti</wf>
         <wf lemma="več" pos="X">več</wf>
         <wf lemma="brez" pos="X">brez</wf>
         <instance id="d000.s1571.t000" lemma="pomoč" pos="NOUN">pomoči</instance>
         <wf lemma="." pos="X">.</wf>
      </sentence>
      <sentence id="d000.s1572" source="wordnet-slovenian">
         <wf lemma="Zaradi" pos="X">Zaradi</wf>
         <wf lemma="gostega" pos="X">gostega</wf>
         <wf lemma="prometa" pos="X">prometa</wf>
         <wf lemma="na" pos="X">na</wf>
         <instance id="d000.s1572.t000" lemma="cesta" pos="NOUN">cesti</instance>
         <wf lemma="tudi" pos="X">tudi</wf>
         <wf lemma="težko" pos="X">težko</wf>
         <wf lemma="zapeljemo" pos="X">zapeljemo</wf>
         <wf lemma="z" pos="X">z</wf>
         <wf lemma="avtom" pos="X">avtom</wf>
         <wf lemma="iz" pos="X">iz</wf>
         <wf lemma="ulice" pos="X">ulice</wf>
         <wf lemma="na" pos="X">na</wf>
         <wf lemma="cesto" pos="X">cesto</wf>
         <wf lemma="," pos="X">,</wf>
         <wf lemma="&quot;" pos="X">&quot;</wf>
         <wf lemma="pravi" pos="X">pravi</wf>
         <wf lemma="Jesenček" pos="X">Jesenček</wf>
         <wf lemma="." pos="X">.</wf>
      </sentence>
      <sentence id="d000.s1573" source="wordnet-slovenian">
         <wf lemma="Med" pos="X">Med</wf>
         <wf lemma="180" pos="X">180</wf>
         <wf lemma="vzorci" pos="X">vzorci</wf>
         <wf lemma="sovinjona" pos="X">sovinjona</wf>
         <wf lemma="oz." pos="X">oz.</wf>
         <wf lemma="muškatnega" pos="X">muškatnega</wf>
         <wf lemma="silvanca" pos="X">silvanca</wf>
         <wf lemma="iz" pos="X">iz</wf>
         <wf lemma="14" pos="X">14</wf>
         <wf lemma="držav" pos="X">držav</wf>
         <wf lemma="z" pos="X">z</wf>
         <wf lemma="vsega" pos="X">vsega</wf>
         <instance id="d000.s1573.t000" lemma="svet" pos="NOUN">sveta</instance>
         <wf lemma="je" pos="X">je</wf>
         <wf lemma="najvišjo" pos="X">najvišjo</wf>
         <wf lemma="oceno" pos="X">oceno</wf>
         <wf lemma="dobil" pos="X">dobil</wf>
         <wf lemma="vzorec" pos="X">vzorec</wf>
         <wf lemma="iz" pos="X">iz</wf>
         <wf lemma="Krškega" pos="X">Krškega</wf>
         <wf lemma="." pos="X">.</wf>
      </sentence>
      <sentence id="d000.s1574" source="wordnet-slovenian">
         <wf lemma="Vse" pos="X">Vse</wf>
         <wf lemma="vesolje" pos="X">vesolje</wf>
         <wf lemma="je" pos="X">je</wf>
         <wf lemma="moralo" pos="X">moralo</wf>
         <wf lemma="torej" pos="X">torej</wf>
         <wf lemma="kakih" pos="X">kakih</wf>
         <wf lemma="sto" pos="X">sto</wf>
         <wf lemma="milijonov" pos="X">milijonov</wf>
         <instance id="d000.s1574.t000" lemma="leto" pos="NOUN">let</instance>
         <wf lemma="po" pos="X">po</wf>
         <wf lemma="big" pos="X">big</wf>
         <wf lemma="bangu" pos="X">bangu</wf>
         <wf lemma="kar" pos="X">kar</wf>
         <wf lemma="žareti" pos="X">žareti</wf>
         <wf lemma="od" pos="X">od</wf>
         <wf lemma="superzvezd" pos="X">superzvezd</wf>
         <wf lemma="." pos="X">.</wf>
      </sentence>
      <sentence id="d000.s1575" source="wordnet-slovenian">
         <wf lemma="Bilo" pos="X">Bilo</wf>
         <wf lemma="je" pos="X">je</wf>
         <wf lemma="jasno" pos="X">jasno</wf>
         <wf lemma="," pos="X">,</wf>
         <wf lemma="da" pos="X">da</wf>
         <wf lemma="ne" pos="X">ne</wf>
         <wf lemma="bo" pos="X">bo</wf>
         <wf lemma="mogel" pos="X">mogel</wf>
         <wf lemma="prebrati" pos="X">prebrati</wf>
         <instance id="d000.s1575.t000" lemma="knjiga" pos="NOUN">knjige</instance>
         <wf lemma="," pos="X">,</wf>
         <wf lemma="zato" pos="X">zato</wf>
         <wf lemma="je" pos="X">je</wf>
         <wf lemma="prosil" pos="X">prosil</wf>
         <wf lemma="učenjake" pos="X">učenjake</wf>
         <wf lemma="," pos="X">,</wf>
         <wf lemma="naj" pos="X">naj</wf>
         <wf lemma="mu" pos="X">mu</wf>
         <wf lemma="povedo" pos="X">povedo</wf>
         <wf lemma="bistvo" pos="X">bistvo</wf>
         <wf lemma="v" pos="X">v</wf>
         <wf lemma="enem" pos="X">enem</wf>
         <wf lemma="samem" pos="X">samem</wf>
         <wf lemma="stavku" pos="X">stavku</wf>
         <wf lemma="." pos="X">.</wf>
      </sentence>
      <sentence id="d000.s1576" source="wordnet-slovenian">
         <wf lemma="To" pos="X">To</wf>
         <wf lemma="je" pos="X">je</wf>
         <wf lemma="bil" pos="X">bil</wf>
         <wf lemma="glavni" pos="X">glavni</wf>
         <wf lemma="motiv" pos="X">motiv</wf>
         <wf lemma="za" pos="X">za</wf>
         <wf lemma="lov" pos="X">lov</wf>
         <wf lemma="," pos="X">,</wf>
         <wf lemma="za" pos="X">za</wf>
         <wf lemma="zbirko" pos="X">zbirko</wf>
         <wf lemma="bistrih" pos="X">bistrih</wf>
         <wf lemma="," pos="X">,</wf>
         <wf lemma="lepih" pos="X">lepih</wf>
         <wf lemma="," pos="X">,</wf>
         <wf lemma="nadarjenih" pos="X">nadarjenih</wf>
         <instance id="d000.s1576.t000" lemma="ženska" pos="NOUN">žensk</instance>
         <wf lemma="in" pos="X">in</wf>
         <wf lemma="celo" pos="X">celo</wf>
         <wf lemma="za" pos="X">za</wf>
         <wf lemma="dolgo" pos="X">dolgo</wf>
         <wf lemma="vrsto" pos="X">vrsto</wf>
         <wf lemma="umorov" pos="X">umorov</wf>
         <wf lemma="." pos="X">.</wf>
      </sentence>
      <sentence id="d000.s1577" source="wordnet-slovenian">
         <wf lemma="Nekaj" pos="X">Nekaj</wf>
         <instance id="d000.s1577.t000" lemma="ura" pos="NOUN">ur</instance>
         <wf lemma="kasneje" pos="X">kasneje</wf>
         <wf lemma="župan" pos="X">župan</wf>
         <wf lemma="na" pos="X">na</wf>
         <wf lemma="igrišču" pos="X">igrišču</wf>
         <wf lemma="za" pos="X">za</wf>
         <wf lemma="golf" pos="X">golf</wf>
         <wf lemma="opazuje" pos="X">opazuje</wf>
         <wf lemma="svojega" pos="X">svojega</wf>
         <wf lemma="sina" pos="X">sina</wf>
         <wf lemma="Andrewa" pos="X">Andrewa</wf>
         <wf lemma="," pos="X">,</wf>
         <wf lemma="ki" pos="X">ki</wf>
         <wf lemma="igra" pos="X">igra</wf>
         <wf lemma="golf" pos="X">golf</wf>
         <wf lemma="s" pos="X">s</wf>
         <wf lemma="Tigerjem" pos="X">Tigerjem</wf>
         <wf lemma="Woodsom" pos="X">Woodsom</wf>
         <wf lemma="." pos="X">.</wf>
      </sentence>
      <sentence id="d000.s1578" source="wordnet-slovenian">
         <wf lemma="Nekoliko" pos="X">Nekoliko</wf>
         <wf lemma="čudno" pos="X">čudno</wf>
         <wf lemma="bi" pos="X">bi</wf>
         <wf lemma="bilo" pos="X">bilo</wf>
         <wf lemma="," pos="X">,</wf>
         <wf lemma="če" pos="X">če</wf>
         <wf lemma="bi" pos="X">bi</wf>
         <wf lemma="v" pos="X">v</wf>
         <instance id="d000.s1578.t000" lemma="čas" pos="NOUN">času</instance>
         <wf lemma="od" pos="X">od</wf>
         <wf lemma="novembra" pos="X">novembra</wf>
         <wf lemma="morali" pos="X">morali</wf>
         <wf lemma="kaj" pos="X">kaj</wf>
         <wf lemma="bistvenega" pos="X">bistvenega</wf>
         <wf lemma="spreminjati" pos="X">spreminjati</wf>
         <wf lemma="." pos="X">.</wf>
      </sentence>
      <sentence id="d000.s1579" source="wordnet-slovenian">
         <wf lemma="Jasno" pos="X">Jasno</wf>
         <wf lemma="je" pos="X">je</wf>
         <wf lemma="," pos="X">,</wf>
         <wf lemma="da" pos="X">da</wf>
         <wf lemma="bodo" pos="X">bodo</wf>
         <wf lemma="posamezni" pos="X">posamezni</wf>
         <wf lemma="ekonomski" pos="X">ekonomski</wf>
         <wf lemma="interesi" pos="X">interesi</wf>
         <wf lemma="igrali" pos="X">igrali</wf>
         <wf lemma="pomembno" pos="X">pomembno</wf>
         <instance id="d000.s1579.t000" lemma="vloga" pos="NOUN">vlogo</instance>
         <wf lemma="." pos="X">.</wf>
      </sentence>
      <sentence id="d000.s1580" source="wordnet-slovenian">
         <wf lemma="Igra" pos="X">Igra</wf>
         <wf lemma="teh" pos="X">teh</wf>
         <wf lemma="pomenov" pos="X">pomenov</wf>
         <wf lemma="," pos="X">,</wf>
         <wf lemma="ki" pos="X">ki</wf>
         <wf lemma="jih" pos="X">jih</wf>
         <wf lemma="lahko" pos="X">lahko</wf>
         <wf lemma="izpeljemo" pos="X">izpeljemo</wf>
         <wf lemma="iz" pos="X">iz</wf>
         <instance id="d000.s1580.t000" lemma="ime" pos="NOUN">imena</instance>
         <wf lemma="," pos="X">,</wf>
         <wf lemma="nas" pos="X">nas</wf>
         <wf lemma="je" pos="X">je</wf>
         <wf lemma="spodbudila" pos="X">spodbudila</wf>
         <wf lemma="k" pos="X">k</wf>
         <wf lemma="delu" pos="X">delu</wf>
         <wf lemma="," pos="X">,</wf>
         <wf lemma="razvoju" pos="X">razvoju</wf>
         <wf lemma="in" pos="X">in</wf>
         <wf lemma="želji" pos="X">želji</wf>
         <wf lemma="," pos="X">,</wf>
         <wf lemma="da" pos="X">da</wf>
         <wf lemma="odpremo" pos="X">odpremo</wf>
         <wf lemma="ta" pos="X">ta</wf>
         <wf lemma="vinska" pos="X">vinska</wf>
         <wf lemma="vrata" pos="X">vrata</wf>
         <wf lemma="in" pos="X">in</wf>
         <wf lemma="ponudimo" pos="X">ponudimo</wf>
         <wf lemma="naša" pos="X">naša</wf>
         <wf lemma="zlata" pos="X">zlata</wf>
         <wf lemma="vina" pos="X">vina</wf>
         <wf lemma="," pos="X">,</wf>
         <wf lemma="je" pos="X">je</wf>
         <wf lemma="povedal" pos="X">povedal</wf>
         <wf lemma="Matjaž" pos="X">Matjaž</wf>
         <wf lemma="Berce" pos="X">Berce</wf>
         <wf lemma="," pos="X">,</wf>
         <wf lemma="ki" pos="X">ki</wf>
         <wf lemma="se" pos="X">se</wf>
         <wf lemma="je" pos="X">je</wf>
         <wf lemma="skupaj" pos="X">skupaj</wf>
         <wf lemma="s" pos="X">s</wf>
         <wf lemma="Tadejem" pos="X">Tadejem</wf>
         <wf lemma="Pavlico" pos="X">Pavlico</wf>
         <wf lemma="in" pos="X">in</wf>
         <wf lemma="Davidom" pos="X">Davidom</wf>
         <wf lemma="Rijavcem" pos="X">Rijavcem</wf>
         <wf lemma="pred" pos="X">pred</wf>
         <wf lemma="tremi" pos="X">tremi</wf>
         <wf lemma="leti" pos="X">leti</wf>
         <wf lemma="odločil" pos="X">odločil</wf>
         <wf lemma="za" pos="X">za</wf>
         <wf lemma="skupen" pos="X">skupen</wf>
         <wf lemma="nastop" pos="X">nastop</wf>
         <wf lemma="na" pos="X">na</wf>
         <wf lemma="domačem" pos="X">domačem</wf>
         <wf lemma="in" pos="X">in</wf>
         <wf lemma="tujih" pos="X">tujih</wf>
         <wf lemma="trgih" pos="X">trgih</wf>
         <wf lemma="." pos="X">.</wf>
      </sentence>
      <sentence id="d000.s1581" source="wordnet-slovenian">
         <wf lemma="«" pos="X">«</wf>
         <wf lemma="Čisto" pos="X">Čisto</wf>
         <wf lemma="možno" pos="X">možno</wf>
         <wf lemma="je" pos="X">je</wf>
         <wf lemma="," pos="X">,</wf>
         <wf lemma="da" pos="X">da</wf>
         <wf lemma="se" pos="X">se</wf>
         <wf lemma="je" pos="X">je</wf>
         <instance id="d000.s1581.t000" lemma="večina" pos="NOUN">večina</instance>
         <wf lemma="ljudi" pos="X">ljudi</wf>
         <wf lemma="v" pos="X">v</wf>
         <wf lemma="restavraciji" pos="X">restavraciji</wf>
         <wf lemma="lepo" pos="X">lepo</wf>
         <wf lemma="držala" pos="X">držala</wf>
         <wf lemma="navodil" pos="X">navodil</wf>
         <wf lemma="," pos="X">,</wf>
         <wf lemma="naj" pos="X">naj</wf>
         <wf lemma="se" pos="X">se</wf>
         <wf lemma="ne" pos="X">ne</wf>
         <wf lemma="gane" pos="X">gane</wf>
         <wf lemma="," pos="X">,</wf>
         <wf lemma="pri" pos="X">pri</wf>
         <wf lemma="čemer" pos="X">čemer</wf>
         <wf lemma="je" pos="X">je</wf>
         <wf lemma="hlastala" pos="X">hlastala</wf>
         <wf lemma="za" pos="X">za</wf>
         <wf lemma="zrakom" pos="X">zrakom</wf>
         <wf lemma="," pos="X">,</wf>
         <wf lemma="razbijala" pos="X">razbijala</wf>
         <wf lemma="šipe" pos="X">šipe</wf>
         <wf lemma="in" pos="X">in</wf>
         <wf lemma="plezala" pos="X">plezala</wf>
         <wf lemma="na" pos="X">na</wf>
         <wf lemma="mize" pos="X">mize</wf>
         <wf lemma="," pos="X">,</wf>
         <wf lemma="da" pos="X">da</wf>
         <wf lemma="ne" pos="X">ne</wf>
         <wf lemma="bi" pos="X">bi</wf>
         <wf lemma="zgorela" pos="X">zgorela</wf>
         <wf lemma="." pos="X">.</wf>
      </sentence>
      <sentence id="d000.s1582" source="wordnet-slovenian">
         <wf lemma="V" pos="X">V</wf>
         <wf lemma="takšni" pos="X">takšni</wf>
         <wf lemma="metaforiki" pos="X">metaforiki</wf>
         <wf lemma="se" pos="X">se</wf>
         <wf lemma="srečujejo" pos="X">srečujejo</wf>
         <wf lemma="zelo" pos="X">zelo</wf>
         <wf lemma="različna" pos="X">različna</wf>
         <wf lemma="in" pos="X">in</wf>
         <wf lemma="oddaljena" pos="X">oddaljena</wf>
         <instance id="d000.s1582.t000" lemma="področje" pos="NOUN">področja</instance>
         <wf lemma="." pos="X">.</wf>
      </sentence>
      <sentence id="d000.s1583" source="wordnet-slovenian">
         <wf lemma="Med" pos="X">Med</wf>
         <wf lemma="njimi" pos="X">njimi</wf>
         <wf lemma="je" pos="X">je</wf>
         <wf lemma="bila" pos="X">bila</wf>
         <wf lemma="tudi" pos="X">tudi</wf>
         <wf lemma="znana" pos="X">znana</wf>
         <wf lemma="italijanska" pos="X">italijanska</wf>
         <wf lemma="filmska" pos="X">filmska</wf>
         <wf lemma="igralka" pos="X">igralka</wf>
         <wf lemma="Eva" pos="X">Eva</wf>
         <wf lemma="Grimmaldi" pos="X">Grimmaldi</wf>
         <wf lemma="," pos="X">,</wf>
         <wf lemma="ki" pos="X">ki</wf>
         <wf lemma="je" pos="X">je</wf>
         <wf lemma="bila" pos="X">bila</wf>
         <wf lemma="tokrat" pos="X">tokrat</wf>
         <wf lemma="prvič" pos="X">prvič</wf>
         <wf lemma="v" pos="X">v</wf>
         <wf lemma="Sloveniji" pos="X">Sloveniji</wf>
         <wf lemma="in" pos="X">in</wf>
         <wf lemma="se" pos="X">se</wf>
         <wf lemma="pripravlja" pos="X">pripravlja</wf>
         <wf lemma="na" pos="X">na</wf>
         <wf lemma="snemanje" pos="X">snemanje</wf>
         <wf lemma="novega" pos="X">novega</wf>
         <wf lemma="francosko" pos="X">francosko</wf>
         <wf lemma="-" pos="X">-</wf>
         <wf lemma="italijanskega" pos="X">italijanskega</wf>
         <wf lemma="koprodukcijskega" pos="X">koprodukcijskega</wf>
         <instance id="d000.s1583.t000" lemma="film" pos="NOUN">filma</instance>
         <wf lemma="." pos="X">.</wf>
      </sentence>
      <sentence id="d000.s1584" source="wordnet-slovenian">
         <wf lemma="In" pos="X">In</wf>
         <wf lemma="tudi" pos="X">tudi</wf>
         <wf lemma="ob" pos="X">ob</wf>
         <wf lemma="hranjenju" pos="X">hranjenju</wf>
         <wf lemma="nedvomno" pos="X">nedvomno</wf>
         <wf lemma="nekaj" pos="X">nekaj</wf>
         <instance id="d000.s1584.t000" lemma="voda" pos="NOUN">vode</instance>
         <wf lemma="konča" pos="X">konča</wf>
         <wf lemma="v" pos="X">v</wf>
         <wf lemma="ribjem" pos="X">ribjem</wf>
         <wf lemma="želodcu" pos="X">želodcu</wf>
         <wf lemma="." pos="X">.</wf>
      </sentence>
      <sentence id="d000.s1585" source="wordnet-slovenian">
         <wf lemma="Pa" pos="X">Pa</wf>
         <wf lemma="vendar" pos="X">vendar</wf>
         <wf lemma="se" pos="X">se</wf>
         <wf lemma="vsi" pos="X">vsi</wf>
         <wf lemma="dogodki" pos="X">dogodki</wf>
         <wf lemma="združujejo" pos="X">združujejo</wf>
         <wf lemma="v" pos="X">v</wf>
         <wf lemma="enotno" pos="X">enotno</wf>
         <wf lemma="kompozicijo" pos="X">kompozicijo</wf>
         <wf lemma="," pos="X">,</wf>
         <wf lemma="ki" pos="X">ki</wf>
         <wf lemma="obravnava" pos="X">obravnava</wf>
         <wf lemma="konflikt" pos="X">konflikt</wf>
         <wf lemma="med" pos="X">med</wf>
         <wf lemma="ljubeznijo" pos="X">ljubeznijo</wf>
         <wf lemma="in" pos="X">in</wf>
         <wf lemma="sovraštvom" pos="X">sovraštvom</wf>
         <wf lemma="na" pos="X">na</wf>
         <wf lemma="različnih" pos="X">različnih</wf>
         <wf lemma="ravneh" pos="X">ravneh</wf>
         <wf lemma="," pos="X">,</wf>
         <wf lemma="z" pos="X">z</wf>
         <wf lemma="različnimi" pos="X">različnimi</wf>
         <wf lemma="osvetlitvami" pos="X">osvetlitvami</wf>
         <wf lemma="in" pos="X">in</wf>
         <wf lemma="poudarki" pos="X">poudarki</wf>
         <wf lemma=":" pos="X">:</wf>
         <instance id="d000.s1585.t000" lemma="razmerje" pos="NOUN">Razmerje</instance>
         <wf lemma="Shylock" pos="X">Shylock</wf>
         <wf lemma="-" pos="X">-</wf>
         <wf lemma="Antonio" pos="X">Antonio</wf>
         <wf lemma="je" pos="X">je</wf>
         <wf lemma="razmerje" pos="X">razmerje</wf>
         <wf lemma="(" pos="X">(</wf>
         <wf lemma="vzajemnega" pos="X">vzajemnega</wf>
         <wf lemma=")" pos="X">)</wf>
         <wf lemma="sovraštva" pos="X">sovraštva</wf>
         <wf lemma="." pos="X">.</wf>
      </sentence>
      <sentence id="d000.s1586" source="wordnet-slovenian">
         <wf lemma="Ljubljana" pos="X">Ljubljana</wf>
         <wf lemma="-" pos="X">-</wf>
         <wf lemma="Na" pos="X">Na</wf>
         <wf lemma="Srednji" pos="X">Srednji</wf>
         <wf lemma="vzgojiteljski" pos="X">vzgojiteljski</wf>
         <instance id="d000.s1586.t000" lemma="šola" pos="NOUN">šoli</instance>
         <wf lemma="in" pos="X">in</wf>
         <wf lemma="gimnaziji" pos="X">gimnaziji</wf>
         <wf lemma="so" pos="X">so</wf>
         <wf lemma="včeraj" pos="X">včeraj</wf>
         <wf lemma="počastili" pos="X">počastili</wf>
         <wf lemma="50" pos="X">50</wf>
         <wf lemma="-" pos="X">-</wf>
         <wf lemma="letnico" pos="X">letnico</wf>
         <wf lemma="Unesca" pos="X">Unesca</wf>
         <wf lemma="in" pos="X">in</wf>
         <wf lemma="10" pos="X">10</wf>
         <wf lemma="-" pos="X">-</wf>
         <wf lemma="letnico" pos="X">letnico</wf>
         <wf lemma="mreže" pos="X">mreže</wf>
         <wf lemma="Unescovih" pos="X">Unescovih</wf>
         <wf lemma="šol" pos="X">šol</wf>
         <wf lemma="v" pos="X">v</wf>
         <wf lemma="Sloveniji" pos="X">Sloveniji</wf>
         <wf lemma="," pos="X">,</wf>
         <wf lemma="katere" pos="X">katere</wf>
         <wf lemma="člani" pos="X">člani</wf>
         <wf lemma="so" pos="X">so</wf>
         <wf lemma="tudi" pos="X">tudi</wf>
         <wf lemma="sami" pos="X">sami</wf>
         <wf lemma="." pos="X">.</wf>
      </sentence>
      <sentence id="d000.s1587" source="wordnet-slovenian">
         <wf lemma="In" pos="X">In</wf>
         <wf lemma="prav" pos="X">prav</wf>
         <wf lemma="zato" pos="X">zato</wf>
         <wf lemma="bi" pos="X">bi</wf>
         <wf lemma="bil" pos="X">bil</wf>
         <wf lemma="potreben" pos="X">potreben</wf>
         <wf lemma="resen" pos="X">resen</wf>
         <wf lemma="razmislek" pos="X">razmislek</wf>
         <wf lemma="o" pos="X">o</wf>
         <wf lemma="škodljivosti" pos="X">škodljivosti</wf>
         <wf lemma="početja" pos="X">početja</wf>
         <wf lemma="," pos="X">,</wf>
         <wf lemma="ki" pos="X">ki</wf>
         <wf lemma="se" pos="X">se</wf>
         <wf lemma="mu" pos="X">mu</wf>
         <wf lemma="je" pos="X">je</wf>
         <wf lemma="vendarle" pos="X">vendarle</wf>
         <wf lemma="mogoče" pos="X">mogoče</wf>
         <wf lemma="odreči" pos="X">odreči</wf>
         <wf lemma="in" pos="X">in</wf>
         <wf lemma="si" pos="X">si</wf>
         <wf lemma="s" pos="X">s</wf>
         <wf lemma="tem" pos="X">tem</wf>
         <wf lemma="bistveno" pos="X">bistveno</wf>
         <wf lemma="izboljšati" pos="X">izboljšati</wf>
         <wf lemma="kakovost" pos="X">kakovost</wf>
         <wf lemma="življenja" pos="X">življenja</wf>
         <wf lemma="ter" pos="X">ter</wf>
         <wf lemma="seveda" pos="X">seveda</wf>
         <wf lemma="podaljšati" pos="X">podaljšati</wf>
         <instance id="d000.s1587.t000" lemma="čas" pos="NOUN">čas</instance>
         <wf lemma="bivanja" pos="X">bivanja</wf>
         <wf lemma="na" pos="X">na</wf>
         <wf lemma="tem" pos="X">tem</wf>
         <wf lemma="planetu" pos="X">planetu</wf>
         <wf lemma="." pos="X">.</wf>
      </sentence>
      <sentence id="d000.s1588" source="wordnet-slovenian">
         <wf lemma="Kasneje" pos="X">Kasneje</wf>
         <wf lemma="so" pos="X">so</wf>
         <wf lemma="ga" pos="X">ga</wf>
         <wf lemma="množično" pos="X">množično</wf>
         <wf lemma="naselili" pos="X">naselili</wf>
         <wf lemma="po" pos="X">po</wf>
         <wf lemma="vsem" pos="X">vsem</wf>
         <instance id="d000.s1588.t000" lemma="svet" pos="NOUN">svetu</instance>
         <wf lemma="." pos="X">.</wf>
      </sentence>
      <sentence id="d000.s1589" source="wordnet-slovenian">
         <wf lemma="Tak" pos="X">Tak</wf>
         <wf lemma="izlet" pos="X">izlet</wf>
         <wf lemma="pripravijo" pos="X">pripravijo</wf>
         <wf lemma="zdaj" pos="X">zdaj</wf>
         <wf lemma="že" pos="X">že</wf>
         <wf lemma="nekaj" pos="X">nekaj</wf>
         <instance id="d000.s1589.t000" lemma="leto" pos="NOUN">let</instance>
         <wf lemma="zapovrstjo" pos="X">zapovrstjo</wf>
         <wf lemma="in" pos="X">in</wf>
         <wf lemma="zlasti" pos="X">zlasti</wf>
         <wf lemma="najmlajši" pos="X">najmlajši</wf>
         <wf lemma="člani" pos="X">člani</wf>
         <wf lemma="organizacije" pos="X">organizacije</wf>
         <wf lemma="se" pos="X">se</wf>
         <wf lemma="ga" pos="X">ga</wf>
         <wf lemma="nadvse" pos="X">nadvse</wf>
         <wf lemma="veselijo" pos="X">veselijo</wf>
         <wf lemma="." pos="X">.</wf>
      </sentence>
      <sentence id="d000.s1590" source="wordnet-slovenian">
         <instance id="d000.s1590.t000" lemma="pot" pos="NOUN">Pot</instance>
         <wf lemma="do" pos="X">do</wf>
         <wf lemma="uspeha" pos="X">uspeha</wf>
         <wf lemma="je" pos="X">je</wf>
         <wf lemma="začela" pos="X">začela</wf>
         <wf lemma="s" pos="X">s</wf>
         <wf lemma="presenetljivo" pos="X">presenetljivo</wf>
         <wf lemma="zmago" pos="X">zmago</wf>
         <wf lemma="nad" pos="X">nad</wf>
         <wf lemma="prvo" pos="X">prvo</wf>
         <wf lemma="nosilko" pos="X">nosilko</wf>
         <wf lemma="turnirja" pos="X">turnirja</wf>
         <wf lemma="," pos="X">,</wf>
         <wf lemma="Celjanko" pos="X">Celjanko</wf>
         <wf lemma="Polono" pos="X">Polono</wf>
         <wf lemma="Reberšak" pos="X">Reberšak</wf>
         <wf lemma="," pos="X">,</wf>
         <wf lemma="letnik" pos="X">letnik</wf>
         <wf lemma="1986" pos="X">1986</wf>
         <wf lemma="." pos="X">.</wf>
      </sentence>
      <sentence id="d000.s1591" source="wordnet-slovenian">
         <wf lemma="In" pos="X">In</wf>
         <wf lemma="to" pos="X">to</wf>
         <wf lemma="v" pos="X">v</wf>
         <wf lemma="živalskem" pos="X">živalskem</wf>
         <wf lemma="vrtu" pos="X">vrtu</wf>
         <wf lemma="," pos="X">,</wf>
         <wf lemma="za" pos="X">za</wf>
         <wf lemma="katerega" pos="X">katerega</wf>
         <wf lemma="si" pos="X">si</wf>
         <wf lemma="tako" pos="X">tako</wf>
         <wf lemma="in" pos="X">in</wf>
         <wf lemma="tako" pos="X">tako</wf>
         <wf lemma="plačal" pos="X">plačal</wf>
         <wf lemma="visoko" pos="X">visoko</wf>
         <wf lemma="vstopnino" pos="X">vstopnino</wf>
         <wf lemma="," pos="X">,</wf>
         <wf lemma="ki" pos="X">ki</wf>
         <wf lemma="za" pos="X">za</wf>
         <wf lemma="otroke" pos="X">otroke</wf>
         <wf lemma="," pos="X">,</wf>
         <wf lemma="starejše" pos="X">starejše</wf>
         <wf lemma="od" pos="X">od</wf>
         <wf lemma="dveh" pos="X">dveh</wf>
         <instance id="d000.s1591.t000" lemma="leto" pos="NOUN">let</instance>
         <wf lemma="," pos="X">,</wf>
         <wf lemma="stane" pos="X">stane</wf>
         <wf lemma="sedemsto" pos="X">sedemsto</wf>
         <wf lemma="tolarjev" pos="X">tolarjev</wf>
         <wf lemma="," pos="X">,</wf>
         <wf lemma="za" pos="X">za</wf>
         <wf lemma="odrasle" pos="X">odrasle</wf>
         <wf lemma="pa" pos="X">pa</wf>
         <wf lemma="čez" pos="X">čez</wf>
         <wf lemma="tisoč" pos="X">tisoč</wf>
         <wf lemma="," pos="X">,</wf>
         <wf lemma="in" pos="X">in</wf>
         <wf lemma="kjer" pos="X">kjer</wf>
         <wf lemma="voda" pos="X">voda</wf>
         <wf lemma="stane" pos="X">stane</wf>
         <wf lemma="250" pos="X">250</wf>
         <wf lemma="tolarjev" pos="X">tolarjev</wf>
         <wf lemma="," pos="X">,</wf>
         <wf lemma="kornet" pos="X">kornet</wf>
         <wf lemma="pa" pos="X">pa</wf>
         <wf lemma="celo" pos="X">celo</wf>
         <wf lemma="malce" pos="X">malce</wf>
         <wf lemma="več" pos="X">več</wf>
         <wf lemma="." pos="X">.</wf>
      </sentence>
      <sentence id="d000.s1592" source="wordnet-slovenian">
         <wf lemma="ZJU" pos="X">ZJU</wf>
         <wf lemma="UVAJA" pos="X">UVAJA</wf>
         <instance id="d000.s1592.t000" lemma="pravica" pos="NOUN">PRAVICO</instance>
         <wf lemma="DO" pos="X">DO</wf>
         <wf lemma="PRITOŽBE" pos="X">PRITOŽBE</wf>
         <wf lemma="KOT" pos="X">KOT</wf>
         <wf lemma="SPLOŠNO" pos="X">SPLOŠNO</wf>
         <wf lemma="PRAVICO" pos="X">PRAVICO</wf>
         <wf lemma="VSAKEGA" pos="X">VSAKEGA</wf>
         <wf lemma="JAVNEGA" pos="X">JAVNEGA</wf>
         <wf lemma="USLUŽBENCA" pos="X">USLUŽBENCA</wf>
         <wf lemma="," pos="X">,</wf>
         <wf lemma="ČE" pos="X">ČE</wf>
         <wf lemma="GRE" pos="X">GRE</wf>
         <wf lemma="ZA" pos="X">ZA</wf>
         <wf lemma="ODLOČITEV" pos="X">ODLOČITEV</wf>
         <wf lemma="O" pos="X">O</wf>
         <wf lemma="PRAVICI" pos="X">PRAVICI</wf>
         <wf lemma="OZIROMA" pos="X">OZIROMA</wf>
         <wf lemma="OBVEZNOSTI" pos="X">OBVEZNOSTI</wf>
         <wf lemma="IZ" pos="X">IZ</wf>
         <wf lemma="DELOVNEGA" pos="X">DELOVNEGA</wf>
         <wf lemma="RAZMERJA" pos="X">RAZMERJA</wf>
         <wf lemma="JAVNEGA" pos="X">JAVNEGA</wf>
         <wf lemma="USLUŽBENCA" pos="X">USLUŽBENCA</wf>
         <wf lemma="IN" pos="X">IN</wf>
         <wf lemma="ZOPER" pos="X">ZOPER</wf>
         <wf lemma="KRŠITEV" pos="X">KRŠITEV</wf>
         <wf lemma="PRAVIC" pos="X">PRAVIC</wf>
         <wf lemma="IZ" pos="X">IZ</wf>
         <wf lemma="DELOVNEGA" pos="X">DELOVNEGA</wf>
         <wf lemma="RAZMERJA" pos="X">RAZMERJA</wf>
         <wf lemma="." pos="X">.</wf>
      </sentence>
      <sentence id="d000.s1593" source="wordnet-slovenian">
         <wf lemma="Tako" pos="X">Tako</wf>
         <wf lemma="bo" pos="X">bo</wf>
         <wf lemma="Jezus" pos="X">Jezus</wf>
         <wf lemma="Kristus" pos="X">Kristus</wf>
         <wf lemma="po" pos="X">po</wf>
         <wf lemma="svojem" pos="X">svojem</wf>
         <wf lemma="križu" pos="X">križu</wf>
         <wf lemma="in" pos="X">in</wf>
         <wf lemma="vstajenju" pos="X">vstajenju</wf>
         <wf lemma="zame" pos="X">zame</wf>
         <instance id="d000.s1593.t000" lemma="pot" pos="NOUN">pot</instance>
         <wf lemma="," pos="X">,</wf>
         <wf lemma="resnica" pos="X">resnica</wf>
         <wf lemma="in" pos="X">in</wf>
         <wf lemma="življenje" pos="X">življenje</wf>
         <wf lemma="." pos="X">.</wf>
      </sentence>
      <sentence id="d000.s1594" source="wordnet-slovenian">
         <wf lemma="«" pos="X">«</wf>
         <wf lemma="Pomela" pos="X">Pomela</wf>
         <wf lemma="si" pos="X">si</wf>
         <wf lemma="je" pos="X">je</wf>
         <wf lemma="premražene" pos="X">premražene</wf>
         <instance id="d000.s1594.t000" lemma="roka" pos="NOUN">roke</instance>
         <wf lemma="." pos="X">.</wf>
      </sentence>
      <sentence id="d000.s1595" source="wordnet-slovenian">
         <wf lemma="Iz" pos="X">Iz</wf>
         <wf lemma="podjetja" pos="X">podjetja</wf>
         <wf lemma="," pos="X">,</wf>
         <wf lemma="ki" pos="X">ki</wf>
         <wf lemma="sem" pos="X">sem</wf>
         <wf lemma="ga" pos="X">ga</wf>
         <wf lemma="sam" pos="X">sam</wf>
         <wf lemma="ustanovil" pos="X">ustanovil</wf>
         <wf lemma="," pos="X">,</wf>
         <wf lemma="so" pos="X">so</wf>
         <wf lemma="me" pos="X">me</wf>
         <wf lemma="na" pos="X">na</wf>
         <wf lemma="lep" pos="X">lep</wf>
         <wf lemma="način" pos="X">način</wf>
         <wf lemma="izrinili" pos="X">izrinili</wf>
         <wf lemma="," pos="X">,</wf>
         <wf lemma="tako" pos="X">tako</wf>
         <wf lemma="da" pos="X">da</wf>
         <wf lemma="sem" pos="X">sem</wf>
         <wf lemma="se" pos="X">se</wf>
         <wf lemma="moral" pos="X">moral</wf>
         <wf lemma="sprijazniti" pos="X">sprijazniti</wf>
         <wf lemma="s" pos="X">s</wf>
         <wf lemma="splošnim" pos="X">splošnim</wf>
         <wf lemma="tapetništvom" pos="X">tapetništvom</wf>
         <wf lemma="," pos="X">,</wf>
         <wf lemma="ki" pos="X">ki</wf>
         <wf lemma="sem" pos="X">sem</wf>
         <wf lemma="ga" pos="X">ga</wf>
         <wf lemma="opravljal" pos="X">opravljal</wf>
         <wf lemma="v" pos="X">v</wf>
         <wf lemma="lokalčku" pos="X">lokalčku</wf>
         <wf lemma="na" pos="X">na</wf>
         <wf lemma="zadnji" pos="X">zadnji</wf>
         <wf lemma="strani" pos="X">strani</wf>
         <wf lemma="svoje" pos="X">svoje</wf>
         <instance id="d000.s1595.t000" lemma="hiša" pos="NOUN">hiše</instance>
         <wf lemma="." pos="X">.</wf>
      </sentence>
      <sentence id="d000.s1596" source="wordnet-slovenian">
         <wf lemma="Kot" pos="X">Kot</wf>
         <wf lemma="tista" pos="X">tista</wf>
         <wf lemma="na" pos="X">na</wf>
         <wf lemma="četrtfinalni" pos="X">četrtfinalni</wf>
         <wf lemma="tekmi" pos="X">tekmi</wf>
         <wf lemma="med" pos="X">med</wf>
         <wf lemma="Nizozemsko" pos="X">Nizozemsko</wf>
         <wf lemma="in" pos="X">in</wf>
         <wf lemma="Jugoslavijo" pos="X">Jugoslavijo</wf>
         <wf lemma="," pos="X">,</wf>
         <wf lemma="ko" pos="X">ko</wf>
         <wf lemma="je" pos="X">je</wf>
         <wf lemma="po" pos="X">po</wf>
         <wf lemma="prvih" pos="X">prvih</wf>
         <instance id="d000.s1596.t000" lemma="minuta" pos="NOUN">minutah</instance>
         <wf lemma="tekme" pos="X">tekme</wf>
         <wf lemma="modro" pos="X">modro</wf>
         <wf lemma="ugotovil" pos="X">ugotovil</wf>
         <wf lemma="," pos="X">,</wf>
         <wf lemma="da" pos="X">da</wf>
         <wf lemma="obe" pos="X">obe</wf>
         <wf lemma="ekipe" pos="X">ekipe</wf>
         <wf lemma="razmišljajo" pos="X">razmišljajo</wf>
         <wf lemma="," pos="X">,</wf>
         <wf lemma="kako" pos="X">kako</wf>
         <wf lemma="doseči" pos="X">doseči</wf>
         <wf lemma="gol" pos="X">gol</wf>
         <wf lemma="." pos="X">.</wf>
      </sentence>
      <sentence id="d000.s1597" source="wordnet-slovenian">
         <wf lemma="»" pos="X">»</wf>
         <wf lemma="Ah" pos="X">Ah</wf>
         <wf lemma="," pos="X">,</wf>
         <wf lemma="končno" pos="X">končno</wf>
         <wf lemma="sem" pos="X">sem</wf>
         <wf lemma="dočakala" pos="X">dočakala</wf>
         <wf lemma="te" pos="X">te</wf>
         <wf lemma="presnete" pos="X">presnete</wf>
         <instance id="d000.s1597.t000" lemma="točka" pos="NOUN">točke</instance>
         <wf lemma="," pos="X">,</wf>
         <wf lemma="«" pos="X">«</wf>
         <wf lemma="je" pos="X">je</wf>
         <wf lemma="malce" pos="X">malce</wf>
         <wf lemma="po" pos="X">po</wf>
         <wf lemma="prihodu" pos="X">prihodu</wf>
         <wf lemma="v" pos="X">v</wf>
         <wf lemma="cilj" pos="X">cilj</wf>
         <wf lemma="dejala" pos="X">dejala</wf>
         <wf lemma="tekmovalka" pos="X">tekmovalka</wf>
         <wf lemma="," pos="X">,</wf>
         <wf lemma="ki" pos="X">ki</wf>
         <wf lemma="se" pos="X">se</wf>
         <wf lemma="je" pos="X">je</wf>
         <wf lemma="k" pos="X">k</wf>
         <wf lemma="slovenski" pos="X">slovenski</wf>
         <wf lemma="biatlonski" pos="X">biatlonski</wf>
         <wf lemma="reprezentanci" pos="X">reprezentanci</wf>
         <wf lemma="preselila" pos="X">preselila</wf>
         <wf lemma="iz" pos="X">iz</wf>
         <wf lemma="vrst" pos="X">vrst</wf>
         <wf lemma="hrvaških" pos="X">hrvaških</wf>
         <wf lemma="nordijcev" pos="X">nordijcev</wf>
         <wf lemma="pred" pos="X">pred</wf>
         <wf lemma="sezono" pos="X">sezono</wf>
         <wf lemma="2000" pos="X">2000</wf>
         <wf lemma="/" pos="X">/</wf>
         <wf lemma="01" pos="X">01</wf>
         <wf lemma="." pos="X">.</wf>
      </sentence>
      <sentence id="d000.s1598" source="wordnet-slovenian">
         <wf lemma="Resnično" pos="X">Resnično</wf>
         <wf lemma="grozen" pos="X">grozen</wf>
         <wf lemma="hotel" pos="X">hotel</wf>
         <wf lemma="v" pos="X">v</wf>
         <wf lemma="še" pos="X">še</wf>
         <wf lemma="bolj" pos="X">bolj</wf>
         <wf lemma="groznem" pos="X">groznem</wf>
         <wf lemma="umetniškem" pos="X">umetniškem</wf>
         <instance id="d000.s1598.t000" lemma="film" pos="NOUN">filmu</instance>
         <wf lemma="Jima" pos="X">Jima</wf>
         <wf lemma="Jarmuscha" pos="X">Jarmuscha</wf>
         <wf lemma="." pos="X">.</wf>
      </sentence>
      <sentence id="d000.s1599" source="wordnet-slovenian">
         <wf lemma="Telefonski" pos="X">Telefonski</wf>
         <wf lemma="pogovori" pos="X">pogovori</wf>
         <wf lemma="med" pos="X">med</wf>
         <wf lemma="njima" pos="X">njima</wf>
         <wf lemma="so" pos="X">so</wf>
         <wf lemma="se" pos="X">se</wf>
         <wf lemma="nadaljevali" pos="X">nadaljevali</wf>
         <wf lemma="naslednje" pos="X">naslednje</wf>
         <wf lemma="tri" pos="X">tri</wf>
         <instance id="d000.s1599.t000" lemma="dan" pos="NOUN">dni</instance>
         <wf lemma="." pos="X">.</wf>
      </sentence>
      <sentence id="d000.s1600" source="wordnet-slovenian">
         <wf lemma="V" pos="X">V</wf>
         <wf lemma="enem" pos="X">enem</wf>
         <wf lemma="tednu" pos="X">tednu</wf>
         <wf lemma="se" pos="X">se</wf>
         <wf lemma="je" pos="X">je</wf>
         <wf lemma="spremenilo" pos="X">spremenilo</wf>
         <wf lemma="vse" pos="X">vse</wf>
         <wf lemma="moje" pos="X">moje</wf>
         <instance id="d000.s1600.t000" lemma="življenje" pos="NOUN">življenje</instance>
         <wf lemma="." pos="X">.</wf>
      </sentence>
      <sentence id="d000.s1601" source="wordnet-slovenian">
         <wf lemma="Ponekod" pos="X">Ponekod</wf>
         <wf lemma="pa" pos="X">pa</wf>
         <wf lemma="je" pos="X">je</wf>
         <wf lemma="celo" pos="X">celo</wf>
         <wf lemma="popolnoma" pos="X">popolnoma</wf>
         <wf lemma="spregledal" pos="X">spregledal</wf>
         <instance id="d000.s1601.t000" lemma="mnenje" pos="NOUN">mnenja</instance>
         <wf lemma="strokovnjakov" pos="X">strokovnjakov</wf>
         <wf lemma="in" pos="X">in</wf>
         <wf lemma="raje" pos="X">raje</wf>
         <wf lemma="prisluhnil" pos="X">prisluhnil</wf>
         <wf lemma="drugačnim" pos="X">drugačnim</wf>
         <wf lemma="interesom" pos="X">interesom</wf>
         <wf lemma="." pos="X">.</wf>
      </sentence>
      <sentence id="d000.s1602" source="wordnet-slovenian">
         <wf lemma="Pri" pos="X">Pri</wf>
         <wf lemma="tem" pos="X">tem</wf>
         <wf lemma="vsak" pos="X">vsak</wf>
         <wf lemma="otrok" pos="X">otrok</wf>
         <wf lemma="živi" pos="X">živi</wf>
         <wf lemma="v" pos="X">v</wf>
         <wf lemma="svojem" pos="X">svojem</wf>
         <wf lemma="okolju" pos="X">okolju</wf>
         <wf lemma="doma" pos="X">doma</wf>
         <wf lemma="ter" pos="X">ter</wf>
         <wf lemma="v" pos="X">v</wf>
         <wf lemma="družbi" pos="X">družbi</wf>
         <wf lemma="svojih" pos="X">svojih</wf>
         <wf lemma="vrstnikov" pos="X">vrstnikov</wf>
         <wf lemma="v" pos="X">v</wf>
         <instance id="d000.s1602.t000" lemma="šola" pos="NOUN">šoli</instance>
         <wf lemma="in" pos="X">in</wf>
         <wf lemma="zunaj" pos="X">zunaj</wf>
         <wf lemma="nje" pos="X">nje</wf>
         <wf lemma="." pos="X">.</wf>
      </sentence>
      <sentence id="d000.s1603" source="wordnet-slovenian">
         <wf lemma="S" pos="X">S</wf>
         <wf lemma="predstavo" pos="X">predstavo</wf>
         <wf lemma="naj" pos="X">naj</wf>
         <wf lemma="bi" pos="X">bi</wf>
         <wf lemma="proslavili" pos="X">proslavili</wf>
         <wf lemma="petintrideseto" pos="X">petintrideseto</wf>
         <wf lemma="obletnico" pos="X">obletnico</wf>
         <wf lemma="ustanovitve" pos="X">ustanovitve</wf>
         <wf lemma="Male" pos="X">Male</wf>
         <wf lemma="drame" pos="X">drame</wf>
         <wf lemma="," pos="X">,</wf>
         <wf lemma="ki" pos="X">ki</wf>
         <wf lemma="sem" pos="X">sem</wf>
         <wf lemma="jo" pos="X">jo</wf>
         <wf lemma="pred" pos="X">pred</wf>
         <wf lemma="polčetrtim" pos="X">polčetrtim</wf>
         <wf lemma="desetletjem" pos="X">desetletjem</wf>
         <wf lemma="s" pos="X">s</wf>
         <wf lemma="Štihovo" pos="X">Štihovo</wf>
         <wf lemma="podporo" pos="X">podporo</wf>
         <wf lemma="postavil" pos="X">postavil</wf>
         <wf lemma="na" pos="X">na</wf>
         <wf lemma="noge" pos="X">noge</wf>
         <wf lemma="in" pos="X">in</wf>
         <wf lemma="jo" pos="X">jo</wf>
         <wf lemma="nekaj" pos="X">nekaj</wf>
         <instance id="d000.s1603.t000" lemma="čas" pos="NOUN">časa</instance>
         <wf lemma="tudi" pos="X">tudi</wf>
         <wf lemma="uspešno" pos="X">uspešno</wf>
         <wf lemma="vodil" pos="X">vodil</wf>
         <wf lemma="." pos="X">.</wf>
      </sentence>
      <sentence id="d000.s1604" source="wordnet-slovenian">
         <wf lemma="Na" pos="X">Na</wf>
         <wf lemma="vseh" pos="X">vseh</wf>
         <wf lemma="delovnih" pos="X">delovnih</wf>
         <wf lemma="mestih" pos="X">mestih</wf>
         <wf lemma="se" pos="X">se</wf>
         <wf lemma="zavarovalna" pos="X">zavarovalna</wf>
         <wf lemma="doba" pos="X">doba</wf>
         <wf lemma="šteje" pos="X">šteje</wf>
         <wf lemma="tako" pos="X">tako</wf>
         <wf lemma="," pos="X">,</wf>
         <wf lemma="da" pos="X">da</wf>
         <wf lemma="se" pos="X">se</wf>
         <wf lemma="za" pos="X">za</wf>
         <wf lemma="vsakih" pos="X">vsakih</wf>
         <wf lemma="12" pos="X">12</wf>
         <instance id="d000.s1604.t000" lemma="mesec" pos="NOUN">mesecev</instance>
         <wf lemma="dela" pos="X">dela</wf>
         <wf lemma="šteje" pos="X">šteje</wf>
         <wf lemma="16" pos="X">16</wf>
         <wf lemma="mesecev" pos="X">mesecev</wf>
         <wf lemma="pokojninske" pos="X">pokojninske</wf>
         <wf lemma="dobe" pos="X">dobe</wf>
         <wf lemma="." pos="X">.</wf>
      </sentence>
      <sentence id="d000.s1605" source="wordnet-slovenian">
         <instance id="d000.s1605.t000" lemma="dan" pos="NOUN">Dan</instance>
         <wf lemma="pogreba" pos="X">pogreba</wf>
         <wf lemma="se" pos="X">se</wf>
         <wf lemma="je" pos="X">je</wf>
         <wf lemma="križal" pos="X">križal</wf>
         <wf lemma="tudi" pos="X">tudi</wf>
         <wf lemma="z" pos="X">z</wf>
         <wf lemma="načrti" pos="X">načrti</wf>
         <wf lemma="angleške" pos="X">angleške</wf>
         <wf lemma="kraljeve" pos="X">kraljeve</wf>
         <wf lemma="družine" pos="X">družine</wf>
         <wf lemma="," pos="X">,</wf>
         <wf lemma="ki" pos="X">ki</wf>
         <wf lemma="je" pos="X">je</wf>
         <wf lemma="načrtovala" pos="X">načrtovala</wf>
         <wf lemma="poroko" pos="X">poroko</wf>
         <wf lemma="princa" pos="X">princa</wf>
         <wf lemma="Charlesa" pos="X">Charlesa</wf>
         <wf lemma="in" pos="X">in</wf>
         <wf lemma="Camille" pos="X">Camille</wf>
         <wf lemma="Parker" pos="X">Parker</wf>
         <wf lemma="Bowles" pos="X">Bowles</wf>
         <wf lemma="." pos="X">.</wf>
      </sentence>
      <sentence id="d000.s1606" source="wordnet-slovenian">
         <wf lemma="Težko" pos="X">Težko</wf>
         <wf lemma="je" pos="X">je</wf>
         <wf lemma="reči" pos="X">reči</wf>
         <wf lemma="," pos="X">,</wf>
         <wf lemma="ker" pos="X">ker</wf>
         <wf lemma="ima" pos="X">ima</wf>
         <wf lemma="vsak" pos="X">vsak</wf>
         <wf lemma="uvoznik" pos="X">uvoznik</wf>
         <wf lemma="svoje" pos="X">svoje</wf>
         <instance id="d000.s1606.t000" lemma="mnenje" pos="NOUN">mnenje</instance>
         <wf lemma="." pos="X">.</wf>
      </sentence>
      <sentence id="d000.s1607" source="wordnet-slovenian">
         <wf lemma="Slovenski" pos="X">Slovenski</wf>
         <wf lemma="avto" pos="X">avto</wf>
         <instance id="d000.s1607.t000" lemma="leto" pos="NOUN">leta</instance>
         <wf lemma="'98" pos="X">'98</wf>
         <wf lemma="audi" pos="X">audi</wf>
         <wf lemma="A6" pos="X">A6</wf>
         <wf lemma="na" pos="X">na</wf>
         <wf lemma="preizkusu" pos="X">preizkusu</wf>
         <wf lemma=":" pos="X">:</wf>
         <wf lemma="obline" pos="X">obline</wf>
         <wf lemma="prihodnosti" pos="X">prihodnosti</wf>
         <wf lemma="že" pos="X">že</wf>
         <wf lemma="danes" pos="X">danes</wf>
         <wf lemma="." pos="X">.</wf>
      </sentence>
      <sentence id="d000.s1608" source="wordnet-slovenian">
         <wf lemma="Člani" pos="X">Člani</wf>
         <wf lemma="pogajalske" pos="X">pogajalske</wf>
         <wf lemma="skupine" pos="X">skupine</wf>
         <wf lemma="so" pos="X">so</wf>
         <wf lemma="povedali" pos="X">povedali</wf>
         <wf lemma="," pos="X">,</wf>
         <wf lemma="da" pos="X">da</wf>
         <wf lemma="je" pos="X">je</wf>
         <wf lemma="mogoče" pos="X">mogoče</wf>
         <wf lemma="kmetijstvo" pos="X">kmetijstvo</wf>
         <wf lemma="ohraniti" pos="X">ohraniti</wf>
         <wf lemma="z" pos="X">z</wf>
         <wf lemma="regionalno" pos="X">regionalno</wf>
         <instance id="d000.s1608.t000" lemma="politika" pos="NOUN">politiko</instance>
         <wf lemma="," pos="X">,</wf>
         <wf lemma="nakar" pos="X">nakar</wf>
         <wf lemma="smo" pos="X">smo</wf>
         <wf lemma="tudi" pos="X">tudi</wf>
         <wf lemma="slišali" pos="X">slišali</wf>
         <wf lemma="," pos="X">,</wf>
         <wf lemma="da" pos="X">da</wf>
         <wf lemma="je" pos="X">je</wf>
         <wf lemma="slovensko" pos="X">slovensko</wf>
         <wf lemma="kmetijstvo" pos="X">kmetijstvo</wf>
         <wf lemma="danes" pos="X">danes</wf>
         <wf lemma="bolje" pos="X">bolje</wf>
         <wf lemma="zaščiteno" pos="X">zaščiteno</wf>
         <wf lemma="kot" pos="X">kot</wf>
         <wf lemma="kmetijstvo" pos="X">kmetijstvo</wf>
         <wf lemma="v" pos="X">v</wf>
         <wf lemma="vsej" pos="X">vsej</wf>
         <wf lemma="EU" pos="X">EU</wf>
         <wf lemma="." pos="X">.</wf>
      </sentence>
      <sentence id="d000.s1609" source="wordnet-slovenian">
         <wf lemma="Žal" pos="X">Žal</wf>
         <wf lemma="pa" pos="X">pa</wf>
         <wf lemma="je" pos="X">je</wf>
         <wf lemma="mnogo" pos="X">mnogo</wf>
         <wf lemma="členov" pos="X">členov</wf>
         <wf lemma="njegove" pos="X">njegove</wf>
         <wf lemma="vere" pos="X">vere</wf>
         <wf lemma="," pos="X">,</wf>
         <wf lemma="ki" pos="X">ki</wf>
         <wf lemma="so" pos="X">so</wf>
         <wf lemma="zanj" pos="X">zanj</wf>
         <wf lemma="jasni" pos="X">jasni</wf>
         <wf lemma="kot" pos="X">kot</wf>
         <wf lemma="beli" pos="X">beli</wf>
         <instance id="d000.s1609.t000" lemma="dan" pos="NOUN">dan</instance>
         <wf lemma="," pos="X">,</wf>
         <wf lemma="jaz" pos="X">jaz</wf>
         <wf lemma="pa" pos="X">pa</wf>
         <wf lemma="jih" pos="X">jih</wf>
         <wf lemma="ne" pos="X">ne</wf>
         <wf lemma="morem" pos="X">morem</wf>
         <wf lemma="sprejeti" pos="X">sprejeti</wf>
         <wf lemma="za" pos="X">za</wf>
         <wf lemma="zveličavne" pos="X">zveličavne</wf>
         <wf lemma="." pos="X">.</wf>
      </sentence>
      <sentence id="d000.s1610" source="wordnet-slovenian">
         <wf lemma="Ob" pos="X">Ob</wf>
         <instance id="d000.s1610.t000" lemma="pogled" pos="NOUN">pogledu</instance>
         <wf lemma="v" pos="X">v</wf>
         <wf lemma="preteklost" pos="X">preteklost</wf>
         <wf lemma="in" pos="X">in</wf>
         <wf lemma="na" pos="X">na</wf>
         <wf lemma="potek" pos="X">potek</wf>
         <wf lemma="dogodkov" pos="X">dogodkov</wf>
         <wf lemma="na" pos="X">na</wf>
         <wf lemma="tem" pos="X">tem</wf>
         <wf lemma="delu" pos="X">delu</wf>
         <wf lemma="Slovenije" pos="X">Slovenije</wf>
         <wf lemma="je" pos="X">je</wf>
         <wf lemma="mogoče" pos="X">mogoče</wf>
         <wf lemma="o" pos="X">o</wf>
         <wf lemma="predmetu" pos="X">predmetu</wf>
         <wf lemma="razpravljanja" pos="X">razpravljanja</wf>
         <wf lemma="razmišljati" pos="X">razmišljati</wf>
         <wf lemma="v" pos="X">v</wf>
         <wf lemma="naslednji" pos="X">naslednji</wf>
         <wf lemma="temeljni" pos="X">temeljni</wf>
         <wf lemma="smeri" pos="X">smeri</wf>
         <wf lemma="." pos="X">.</wf>
      </sentence>
      <sentence id="d000.s1611" source="wordnet-slovenian">
         <wf lemma="Kasneje" pos="X">Kasneje</wf>
         <wf lemma="se" pos="X">se</wf>
         <wf lemma="je" pos="X">je</wf>
         <wf lemma="preselil" pos="X">preselil</wf>
         <wf lemma="v" pos="X">v</wf>
         <wf lemma="drugo" pos="X">drugo</wf>
         <wf lemma="nastropje" pos="X">nastropje</wf>
         <wf lemma="nekdanje" pos="X">nekdanje</wf>
         <wf lemma="mestne" pos="X">mestne</wf>
         <instance id="d000.s1611.t000" lemma="hiša" pos="NOUN">hiše</instance>
         <wf lemma="na" pos="X">na</wf>
         <wf lemma="Glavnem" pos="X">Glavnem</wf>
         <wf lemma="trgu" pos="X">trgu</wf>
         <wf lemma="24" pos="X">24</wf>
         <wf lemma="," pos="X">,</wf>
         <wf lemma="kjer" pos="X">kjer</wf>
         <wf lemma="je" pos="X">je</wf>
         <wf lemma="še" pos="X">še</wf>
         <wf lemma="danes" pos="X">danes</wf>
         <wf lemma="sedež" pos="X">sedež</wf>
         <wf lemma="muzeja" pos="X">muzeja</wf>
         <wf lemma="," pos="X">,</wf>
         <wf lemma="ob" pos="X">ob</wf>
         <wf lemma="širitvi" pos="X">širitvi</wf>
         <wf lemma="strokovnega" pos="X">strokovnega</wf>
         <wf lemma="dela" pos="X">dela</wf>
         <wf lemma="in" pos="X">in</wf>
         <wf lemma="stalnih" pos="X">stalnih</wf>
         <wf lemma="zbirk" pos="X">zbirk</wf>
         <wf lemma="," pos="X">,</wf>
         <wf lemma="pa" pos="X">pa</wf>
         <wf lemma="je" pos="X">je</wf>
         <wf lemma="med" pos="X">med</wf>
         <wf lemma="letoma" pos="X">letoma</wf>
         <wf lemma="1974" pos="X">1974</wf>
         <wf lemma="-" pos="X">-</wf>
         <wf lemma="81" pos="X">81</wf>
         <wf lemma="pridobil" pos="X">pridobil</wf>
         <wf lemma="še" pos="X">še</wf>
         <wf lemma="drugo" pos="X">drugo</wf>
         <wf lemma="nadstropje" pos="X">nadstropje</wf>
         <wf lemma="sosednje" pos="X">sosednje</wf>
         <wf lemma="hiše" pos="X">hiše</wf>
         <wf lemma="na" pos="X">na</wf>
         <wf lemma="Glavnem" pos="X">Glavnem</wf>
         <wf lemma="trgu" pos="X">trgu</wf>
         <wf lemma="26." pos="X">26.</wf>
      </sentence>
      <sentence id="d000.s1612" source="wordnet-slovenian">
         <wf lemma="Izobčil" pos="X">Izobčil</wf>
         <wf lemma="je" pos="X">je</wf>
         <wf lemma="Henrika" pos="X">Henrika</wf>
         <wf lemma="in" pos="X">in</wf>
         <wf lemma="razglasil" pos="X">razglasil</wf>
         <wf lemma="," pos="X">,</wf>
         <wf lemma="da" pos="X">da</wf>
         <wf lemma="je" pos="X">je</wf>
         <wf lemma="odstavljen" pos="X">odstavljen</wf>
         <wf lemma="z" pos="X">z</wf>
         <instance id="d000.s1612.t000" lemma="mesto" pos="NOUN">mesta</instance>
         <wf lemma="cesarja" pos="X">cesarja</wf>
         <wf lemma="." pos="X">.</wf>
      </sentence>
      <sentence id="d000.s1613" source="wordnet-slovenian">
         <wf lemma="Nobeno" pos="X">Nobeno</wf>
         <wf lemma="od" pos="X">od</wf>
         <wf lemma="dejanj" pos="X">dejanj</wf>
         <wf lemma="spričo" pos="X">spričo</wf>
         <wf lemma="okoliščin" pos="X">okoliščin</wf>
         <wf lemma="ne" pos="X">ne</wf>
         <wf lemma="deluje" pos="X">deluje</wf>
         <wf lemma="bog" pos="X">bog</wf>
         <wf lemma="ve" pos="X">ve</wf>
         <wf lemma="kako" pos="X">kako</wf>
         <wf lemma="“" pos="X">“</wf>
         <wf lemma="rešilno" pos="X">rešilno</wf>
         <wf lemma="”" pos="X">”</wf>
         <wf lemma="," pos="X">,</wf>
         <wf lemma="saj" pos="X">saj</wf>
         <wf lemma="s" pos="X">s</wf>
         <wf lemma="tistim" pos="X">tistim</wf>
         <wf lemma="strelom" pos="X">strelom</wf>
         <wf lemma="ali" pos="X">ali</wf>
         <wf lemma="injekcijo" pos="X">injekcijo</wf>
         <instance id="d000.s1613.t000" lemma="zadeva" pos="NOUN">zadev</instance>
         <wf lemma="res" pos="X">res</wf>
         <wf lemma="nismo" pos="X">nismo</wf>
         <wf lemma="kaj" pos="X">kaj</wf>
         <wf lemma="prida" pos="X">prida</wf>
         <wf lemma="rešili" pos="X">rešili</wf>
         <wf lemma="ali" pos="X">ali</wf>
         <wf lemma="razrešili" pos="X">razrešili</wf>
         <wf lemma="." pos="X">.</wf>
      </sentence>
      <sentence id="d000.s1614" source="wordnet-slovenian">
         <wf lemma="Želi" pos="X">Želi</wf>
         <wf lemma="o" pos="X">o</wf>
         <wf lemma="predlogih" pos="X">predlogih</wf>
         <wf lemma="sklepa" pos="X">sklepa</wf>
         <wf lemma="Mandatno" pos="X">Mandatno</wf>
         <wf lemma="-" pos="X">-</wf>
         <wf lemma="imunitetne" pos="X">imunitetne</wf>
         <instance id="d000.s1614.t000" lemma="komisija" pos="NOUN">komisije</instance>
         <wf lemma="glede" pos="X">glede</wf>
         <wf lemma="imunitete" pos="X">imunitete</wf>
         <wf lemma="gospoda" pos="X">gospoda</wf>
         <wf lemma="mag." pos="X">mag.</wf>
         <wf lemma="Jožeta" pos="X">Jožeta</wf>
         <wf lemma="Protnerja" pos="X">Protnerja</wf>
         <wf lemma="kdo" pos="X">kdo</wf>
         <wf lemma="razpravljati" pos="X">razpravljati</wf>
         <wf lemma="?" pos="X">?</wf>
      </sentence>
      <sentence id="d000.s1615" source="wordnet-slovenian">
         <wf lemma="Tudi" pos="X">Tudi</wf>
         <wf lemma="oni" pos="X">oni</wf>
         <wf lemma="so" pos="X">so</wf>
         <wf lemma="bili" pos="X">bili</wf>
         <wf lemma="veseli" pos="X">veseli</wf>
         <wf lemma="," pos="X">,</wf>
         <wf lemma="da" pos="X">da</wf>
         <wf lemma="je" pos="X">je</wf>
         <wf lemma="končno" pos="X">končno</wf>
         <wf lemma="prišel" pos="X">prišel</wf>
         <wf lemma="nekdo" pos="X">nekdo</wf>
         <wf lemma="," pos="X">,</wf>
         <wf lemma="ki" pos="X">ki</wf>
         <wf lemma="je" pos="X">je</wf>
         <instance id="d000.s1615.t000" lemma="stvar" pos="NOUN">stvar</instance>
         <wf lemma="hotel" pos="X">hotel</wf>
         <wf lemma="odstraniti" pos="X">odstraniti</wf>
         <wf lemma="." pos="X">.</wf>
      </sentence>
      <sentence id="d000.s1616" source="wordnet-slovenian">
         <wf lemma="Svojčas" pos="X">Svojčas</wf>
         <wf lemma="je" pos="X">je</wf>
         <wf lemma="bil" pos="X">bil</wf>
         <wf lemma="to" pos="X">to</wf>
         <wf lemma="najhitrejši" pos="X">najhitrejši</wf>
         <wf lemma="vlak" pos="X">vlak</wf>
         <wf lemma="na" pos="X">na</wf>
         <instance id="d000.s1616.t000" lemma="svet" pos="NOUN">svetu</instance>
         <wf lemma="," pos="X">,</wf>
         <wf lemma="saj" pos="X">saj</wf>
         <wf lemma="je" pos="X">je</wf>
         <wf lemma="pot" pos="X">pot</wf>
         <wf lemma="opravil" pos="X">opravil</wf>
         <wf lemma="v" pos="X">v</wf>
         <wf lemma="84" pos="X">84</wf>
         <wf lemma="urah" pos="X">urah</wf>
         <wf lemma="." pos="X">.</wf>
      </sentence>
      <sentence id="d000.s1617" source="wordnet-slovenian">
         <wf lemma="Morda" pos="X">Morda</wf>
         <wf lemma="nas" pos="X">nas</wf>
         <wf lemma="bo" pos="X">bo</wf>
         <wf lemma="še" pos="X">še</wf>
         <wf lemma="razvese" pos="X">razvese</wf>
         <wf lemma="-" pos="X">-</wf>
         <wf lemma="ljeval" pos="X">ljeval</wf>
         <wf lemma="s" pos="X">s</wf>
         <wf lemma="sončnimi" pos="X">sončnimi</wf>
         <instance id="d000.s1617.t000" lemma="dan" pos="NOUN">dnevi</instance>
         <wf lemma="." pos="X">.</wf>
      </sentence>
      <sentence id="d000.s1618" source="wordnet-slovenian">
         <wf lemma="Kot" pos="X">Kot</wf>
         <wf lemma="intonacija" pos="X">intonacija</wf>
         <wf lemma="celote" pos="X">celote</wf>
         <wf lemma="," pos="X">,</wf>
         <wf lemma="nemara" pos="X">nemara</wf>
         <wf lemma="spomin" pos="X">spomin</wf>
         <wf lemma="na" pos="X">na</wf>
         <wf lemma="nekdanji" pos="X">nekdanji</wf>
         <wf lemma="'" pos="X">'</wf>
         <wf lemma="dan" pos="X">dan</wf>
         <wf lemma="ljubezni" pos="X">ljubezni</wf>
         <wf lemma="'" pos="X">'</wf>
         <wf lemma="s" pos="X">s</wf>
         <instance id="d000.s1618.t000" lemma="svet" pos="NOUN">svetom</instance>
         <wf lemma="." pos="X">.</wf>
      </sentence>
      <sentence id="d000.s1619" source="wordnet-slovenian">
         <wf lemma="Tik" pos="X">Tik</wf>
         <wf lemma="pred" pos="X">pred</wf>
         <wf lemma="začetkom" pos="X">začetkom</wf>
         <wf lemma="je" pos="X">je</wf>
         <wf lemma="približno" pos="X">približno</wf>
         <wf lemma="dva" pos="X">dva</wf>
         <wf lemma="tisoč" pos="X">tisoč</wf>
         <wf lemma="plesnih" pos="X">plesnih</wf>
         <wf lemma="parov" pos="X">parov</wf>
         <wf lemma="nagovorila" pos="X">nagovorila</wf>
         <wf lemma="tudi" pos="X">tudi</wf>
         <wf lemma="županja" pos="X">županja</wf>
         <wf lemma="Vika" pos="X">Vika</wf>
         <wf lemma="Potočnik" pos="X">Potočnik</wf>
         <wf lemma=":" pos="X">:</wf>
         <wf lemma="Pozdravljeni" pos="X">Pozdravljeni</wf>
         <wf lemma="v" pos="X">v</wf>
         <wf lemma="najmlajšem" pos="X">najmlajšem</wf>
         <wf lemma="mestu" pos="X">mestu</wf>
         <wf lemma="na" pos="X">na</wf>
         <instance id="d000.s1619.t000" lemma="svet" pos="NOUN">svetu</instance>
         <wf lemma="." pos="X">.</wf>
      </sentence>
      <sentence id="d000.s1620" source="wordnet-slovenian">
         <wf lemma="Ekranizacije" pos="X">Ekranizacije</wf>
         <wf lemma="Dickensovega" pos="X">Dickensovega</wf>
         <wf lemma="Oliverja" pos="X">Oliverja</wf>
         <wf lemma="Twista" pos="X">Twista</wf>
         <wf lemma="dajo" pos="X">dajo</wf>
         <wf lemma="orto" pos="X">orto</wf>
         <wf lemma="-" pos="X">-</wf>
         <wf lemma="genetikom" pos="X">genetikom</wf>
         <wf lemma="&amp;" pos="X">&amp;</wf>
         <wf lemma="agentom" pos="X">agentom</wf>
         <wf lemma="dednostne" pos="X">dednostne</wf>
         <wf lemma="teorije" pos="X">teorije</wf>
         <wf lemma="vedno" pos="X">vedno</wf>
         <wf lemma="raison" pos="X">raison</wf>
         <wf lemma="d'être" pos="X">d'être</wf>
         <wf lemma=":" pos="X">:</wf>
         <wf lemma="aristokratski" pos="X">aristokratski</wf>
         <instance id="d000.s1620.t000" lemma="otrok" pos="NOUN">otrok</instance>
         <wf lemma="," pos="X">,</wf>
         <wf lemma="zavržen" pos="X">zavržen</wf>
         <wf lemma="ob" pos="X">ob</wf>
         <wf lemma="rojstvu" pos="X">rojstvu</wf>
         <wf lemma="," pos="X">,</wf>
         <wf lemma="govori" pos="X">govori</wf>
         <wf lemma="-" pos="X">-</wf>
         <wf lemma="navkljub" pos="X">navkljub</wf>
         <wf lemma="cockney" pos="X">cockney</wf>
         <wf lemma="-" pos="X">-</wf>
         <wf lemma="proletarskemu" pos="X">proletarskemu</wf>
         <wf lemma="odraščanju" pos="X">odraščanju</wf>
         <wf lemma="-" pos="X">-</wf>
         <wf lemma="visoko" pos="X">visoko</wf>
         <wf lemma="angleščino" pos="X">angleščino</wf>
         <wf lemma="." pos="X">.</wf>
      </sentence>
      <sentence id="d000.s1621" source="wordnet-slovenian">
         <wf lemma="Ob" pos="X">Ob</wf>
         <wf lemma="trideseti" pos="X">trideseti</wf>
         <wf lemma="obletnici" pos="X">obletnici</wf>
         <wf lemma="ansambla" pos="X">ansambla</wf>
         <wf lemma="," pos="X">,</wf>
         <wf lemma="pred" pos="X">pred</wf>
         <wf lemma="tremi" pos="X">tremi</wf>
         <instance id="d000.s1621.t000" lemma="leto" pos="NOUN">leti</instance>
         <wf lemma="," pos="X">,</wf>
         <wf lemma="so" pos="X">so</wf>
         <wf lemma="Slavko" pos="X">Slavko</wf>
         <wf lemma="Podboj" pos="X">Podboj</wf>
         <wf lemma="," pos="X">,</wf>
         <wf lemma="Janez" pos="X">Janez</wf>
         <wf lemma="Pavlin" pos="X">Pavlin</wf>
         <wf lemma="in" pos="X">in</wf>
         <wf lemma="Henček" pos="X">Henček</wf>
         <wf lemma="Burkat" pos="X">Burkat</wf>
         <wf lemma="pripravili" pos="X">pripravili</wf>
         <wf lemma="v" pos="X">v</wf>
         <wf lemma="Novem" pos="X">Novem</wf>
         <wf lemma="mestu" pos="X">mestu</wf>
         <wf lemma="veliki" pos="X">veliki</wf>
         <wf lemma="koncert" pos="X">koncert</wf>
         <wf lemma="," pos="X">,</wf>
         <wf lemma="ki" pos="X">ki</wf>
         <wf lemma="je" pos="X">je</wf>
         <wf lemma="pokazal" pos="X">pokazal</wf>
         <wf lemma="na" pos="X">na</wf>
         <wf lemma="izjemno" pos="X">izjemno</wf>
         <wf lemma="priljubljenost" pos="X">priljubljenost</wf>
         <wf lemma="Henčkovega" pos="X">Henčkovega</wf>
         <wf lemma="ansambla" pos="X">ansambla</wf>
         <wf lemma="in" pos="X">in</wf>
         <wf lemma="veliko" pos="X">veliko</wf>
         <wf lemma="priljubljenost" pos="X">priljubljenost</wf>
         <wf lemma="njegove" pos="X">njegove</wf>
         <wf lemma="muzike" pos="X">muzike</wf>
         <wf lemma="." pos="X">.</wf>
      </sentence>
      <sentence id="d000.s1622" source="wordnet-slovenian">
         <wf lemma="Kislega" pos="X">Kislega</wf>
         <wf lemma="zelja" pos="X">zelja</wf>
         <wf lemma="nikoli" pos="X">nikoli</wf>
         <wf lemma="ne" pos="X">ne</wf>
         <wf lemma="spiramo" pos="X">spiramo</wf>
         <wf lemma="z" pos="X">z</wf>
         <instance id="d000.s1622.t000" lemma="voda" pos="NOUN">vodo</instance>
         <wf lemma="," pos="X">,</wf>
         <wf lemma="ker" pos="X">ker</wf>
         <wf lemma="s" pos="X">s</wf>
         <wf lemma="tem" pos="X">tem</wf>
         <wf lemma="odstranimo" pos="X">odstranimo</wf>
         <wf lemma="hranilne" pos="X">hranilne</wf>
         <wf lemma="snovi" pos="X">snovi</wf>
         <wf lemma="." pos="X">.</wf>
      </sentence>
      <sentence id="d000.s1623" source="wordnet-slovenian">
         <wf lemma="Odbor" pos="X">Odbor</wf>
         <wf lemma="je" pos="X">je</wf>
         <wf lemma="tudi" pos="X">tudi</wf>
         <wf lemma="predlagal" pos="X">predlagal</wf>
         <wf lemma="matičnemu" pos="X">matičnemu</wf>
         <wf lemma="Odboru" pos="X">Odboru</wf>
         <wf lemma="za" pos="X">za</wf>
         <wf lemma="finance" pos="X">finance</wf>
         <wf lemma="in" pos="X">in</wf>
         <wf lemma="kreditno" pos="X">kreditno</wf>
         <wf lemma="monetarno" pos="X">monetarno</wf>
         <wf lemma="politiko" pos="X">politiko</wf>
         <wf lemma="," pos="X">,</wf>
         <wf lemma="da" pos="X">da</wf>
         <wf lemma="navedeni" pos="X">navedeni</wf>
         <wf lemma="predlog" pos="X">predlog</wf>
         <wf lemma="za" pos="X">za</wf>
         <wf lemma="izdajo" pos="X">izdajo</wf>
         <instance id="d000.s1623.t000" lemma="zakon" pos="NOUN">zakona</instance>
         <wf lemma="o" pos="X">o</wf>
         <wf lemma="dohodnini" pos="X">dohodnini</wf>
         <wf lemma="z" pos="X">z</wf>
         <wf lemma="osnutkom" pos="X">osnutkom</wf>
         <wf lemma="zakona" pos="X">zakona</wf>
         <wf lemma="," pos="X">,</wf>
         <wf lemma="ki" pos="X">ki</wf>
         <wf lemma="pomeni" pos="X">pomeni</wf>
         <wf lemma="dejansko" pos="X">dejansko</wf>
         <wf lemma="uveljavitev" pos="X">uveljavitev</wf>
         <wf lemma="univerzalnega" pos="X">univerzalnega</wf>
         <wf lemma="otroškega" pos="X">otroškega</wf>
         <wf lemma="dodatka" pos="X">dodatka</wf>
         <wf lemma="," pos="X">,</wf>
         <wf lemma="obravnava" pos="X">obravnava</wf>
         <wf lemma="in" pos="X">in</wf>
         <wf lemma="predlaga" pos="X">predlaga</wf>
         <wf lemma="Državnemu" pos="X">Državnemu</wf>
         <wf lemma="zboru" pos="X">zboru</wf>
         <wf lemma="Republike" pos="X">Republike</wf>
         <wf lemma="Slovenije" pos="X">Slovenije</wf>
         <wf lemma="uvrstitev" pos="X">uvrstitev</wf>
         <wf lemma="na" pos="X">na</wf>
         <wf lemma="dnevni" pos="X">dnevni</wf>
         <wf lemma="red" pos="X">red</wf>
         <wf lemma="te" pos="X">te</wf>
         <wf lemma="8." pos="X">8.</wf>
         <wf lemma="seje" pos="X">seje</wf>
         <wf lemma="zbora" pos="X">zbora</wf>
         <wf lemma="." pos="X">.</wf>
      </sentence>
      <sentence id="d000.s1624" source="wordnet-slovenian">
         <wf lemma="RAZPOREJANJE" pos="X">RAZPOREJANJE</wf>
         <instance id="d000.s1624.t000" lemma="delavec" pos="NOUN">DELAVCEV</instance>
         <wf lemma="UREJA" pos="X">UREJA</wf>
         <wf lemma="TUDI" pos="X">TUDI</wf>
         <wf lemma="24" pos="X">24</wf>
         <wf lemma="." pos="X">.</wf>
      </sentence>
      <sentence id="d000.s1625" source="wordnet-slovenian">
         <wf lemma="V" pos="X">V</wf>
         <wf lemma="prvem" pos="X">prvem</wf>
         <wf lemma="desetletju" pos="X">desetletju</wf>
         <wf lemma="je" pos="X">je</wf>
         <wf lemma="bil" pos="X">bil</wf>
         <wf lemma="sicer" pos="X">sicer</wf>
         <wf lemma="precej" pos="X">precej</wf>
         <wf lemma="nestabilen" pos="X">nestabilen</wf>
         <wf lemma=";" pos="X">;</wf>
         <wf lemma="komaj" pos="X">komaj</wf>
         <wf lemma="da" pos="X">da</wf>
         <wf lemma="so" pos="X">so</wf>
         <wf lemma="se" pos="X">se</wf>
         <wf lemma="posamezni" pos="X">posamezni</wf>
         <wf lemma="igralci" pos="X">igralci</wf>
         <wf lemma="vživeli" pos="X">vživeli</wf>
         <wf lemma="v" pos="X">v</wf>
         <instance id="d000.s1625.t000" lemma="igra" pos="NOUN">igro</instance>
         <wf lemma="in" pos="X">in</wf>
         <wf lemma="s" pos="X">s</wf>
         <wf lemma="svojimi" pos="X">svojimi</wf>
         <wf lemma="soigralci" pos="X">soigralci</wf>
         <wf lemma="-" pos="X">-</wf>
         <wf lemma="so" pos="X">so</wf>
         <wf lemma="se" pos="X">se</wf>
         <wf lemma="spet" pos="X">spet</wf>
         <wf lemma="razšli" pos="X">razšli</wf>
         <wf lemma="." pos="X">.</wf>
      </sentence>
      <sentence id="d000.s1626" source="wordnet-slovenian">
         <wf lemma="S" pos="X">S</wf>
         <wf lemma="svojim" pos="X">svojim</wf>
         <instance id="d000.s1626.t000" lemma="telo" pos="NOUN">telesom</instance>
         <wf lemma="sem" pos="X">sem</wf>
         <wf lemma="zadovoljna" pos="X">zadovoljna</wf>
         <wf lemma="." pos="X">.</wf>
      </sentence>
      <sentence id="d000.s1627" source="wordnet-slovenian">
         <wf lemma="Potem" pos="X">Potem</wf>
         <wf lemma="sem" pos="X">sem</wf>
         <wf lemma="prebral" pos="X">prebral</wf>
         <wf lemma="prvo" pos="X">prvo</wf>
         <wf lemma="takšno" pos="X">takšno</wf>
         <instance id="d000.s1627.t000" lemma="knjiga" pos="NOUN">knjigo</instance>
         <wf lemma="," pos="X">,</wf>
         <wf lemma="za" pos="X">za</wf>
         <wf lemma="njo" pos="X">njo</wf>
         <wf lemma="so" pos="X">so</wf>
         <wf lemma="se" pos="X">se</wf>
         <wf lemma="zvrstile" pos="X">zvrstile</wf>
         <wf lemma="druge" pos="X">druge</wf>
         <wf lemma="." pos="X">.</wf>
      </sentence>
      <sentence id="d000.s1628" source="wordnet-slovenian">
         <wf lemma="Poraženci" pos="X">Poraženci</wf>
         <wf lemma="se" pos="X">se</wf>
         <wf lemma="umaknejo" pos="X">umaknejo</wf>
         <wf lemma="na" pos="X">na</wf>
         <wf lemma="osamljeni" pos="X">osamljeni</wf>
         <instance id="d000.s1628.t000" lemma="del" pos="NOUN">del</instance>
         <wf lemma="otoka" pos="X">otoka</wf>
         <wf lemma="," pos="X">,</wf>
         <wf lemma="včasih" pos="X">včasih</wf>
         <wf lemma="pa" pos="X">pa</wf>
         <wf lemma="se" pos="X">se</wf>
         <wf lemma="celo" pos="X">celo</wf>
         <wf lemma="samomorilsko" pos="X">samomorilsko</wf>
         <wf lemma="poženejo" pos="X">poženejo</wf>
         <wf lemma="s" pos="X">s</wf>
         <wf lemma="skalnih" pos="X">skalnih</wf>
         <wf lemma="pečin" pos="X">pečin</wf>
         <wf lemma="v" pos="X">v</wf>
         <wf lemma="globino" pos="X">globino</wf>
         <wf lemma="." pos="X">.</wf>
      </sentence>
      <sentence id="d000.s1629" source="wordnet-slovenian">
         <wf lemma="Strah" pos="X">Strah</wf>
         <wf lemma="me" pos="X">me</wf>
         <wf lemma="je" pos="X">je</wf>
         <wf lemma="tega" pos="X">tega</wf>
         <wf lemma="," pos="X">,</wf>
         <wf lemma="da" pos="X">da</wf>
         <wf lemma="se" pos="X">se</wf>
         <wf lemma="lahko" pos="X">lahko</wf>
         <wf lemma="tisti" pos="X">tisti</wf>
         <wf lemma="," pos="X">,</wf>
         <wf lemma="ki" pos="X">ki</wf>
         <wf lemma="ima" pos="X">ima</wf>
         <wf lemma="trenutno" pos="X">trenutno</wf>
         <wf lemma="večino" pos="X">večino</wf>
         <wf lemma="," pos="X">,</wf>
         <wf lemma="čeprav" pos="X">čeprav</wf>
         <wf lemma="samo" pos="X">samo</wf>
         <wf lemma="enega" pos="X">enega</wf>
         <wf lemma="glasu" pos="X">glasu</wf>
         <wf lemma="in" pos="X">in</wf>
         <wf lemma="čeprav" pos="X">čeprav</wf>
         <wf lemma="samo" pos="X">samo</wf>
         <wf lemma="za" pos="X">za</wf>
         <wf lemma="en" pos="X">en</wf>
         <wf lemma="dan" pos="X">dan</wf>
         <wf lemma="," pos="X">,</wf>
         <wf lemma="v" pos="X">v</wf>
         <wf lemma="trenutku" pos="X">trenutku</wf>
         <wf lemma="polasti" pos="X">polasti</wf>
         <wf lemma="poleg" pos="X">poleg</wf>
         <wf lemma="vsega" pos="X">vsega</wf>
         <wf lemma="," pos="X">,</wf>
         <wf lemma="kar" pos="X">kar</wf>
         <wf lemma="demokratični" pos="X">demokratični</wf>
         <wf lemma="politični" pos="X">politični</wf>
         <wf lemma="oblasti" pos="X">oblasti</wf>
         <wf lemma="gre" pos="X">gre</wf>
         <wf lemma="," pos="X">,</wf>
         <wf lemma="tudi" pos="X">tudi</wf>
         <wf lemma="vsega" pos="X">vsega</wf>
         <wf lemma="tistega" pos="X">tistega</wf>
         <wf lemma="," pos="X">,</wf>
         <wf lemma="česar" pos="X">česar</wf>
         <wf lemma="demokratična" pos="X">demokratična</wf>
         <wf lemma="politična" pos="X">politična</wf>
         <wf lemma="oblast" pos="X">oblast</wf>
         <wf lemma="sploh" pos="X">sploh</wf>
         <wf lemma="nikdar" pos="X">nikdar</wf>
         <wf lemma="ne" pos="X">ne</wf>
         <wf lemma="bi" pos="X">bi</wf>
         <wf lemma="smela" pos="X">smela</wf>
         <wf lemma="dobiti" pos="X">dobiti</wf>
         <wf lemma="v" pos="X">v</wf>
         <instance id="d000.s1629.t000" lemma="roka" pos="NOUN">roke</instance>
         <wf lemma="." pos="X">.</wf>
      </sentence>
      <sentence id="d000.s1630" source="wordnet-slovenian">
         <instance id="d000.s1630.t000" lemma="vprašanje" pos="NOUN">Vprašanje</instance>
         <wf lemma="se" pos="X">se</wf>
         <wf lemma="morda" pos="X">morda</wf>
         <wf lemma="zdi" pos="X">zdi</wf>
         <wf lemma="absurdno" pos="X">absurdno</wf>
         <wf lemma="," pos="X">,</wf>
         <wf lemma="vendar" pos="X">vendar</wf>
         <wf lemma="je" pos="X">je</wf>
         <wf lemma="nekaj" pos="X">nekaj</wf>
         <wf lemma="vzporednic" pos="X">vzporednic</wf>
         <wf lemma="." pos="X">.</wf>
      </sentence>
      <sentence id="d000.s1631" source="wordnet-slovenian">
         <wf lemma="Pomembno" pos="X">Pomembno</wf>
         <wf lemma="je" pos="X">je</wf>
         <wf lemma="torej" pos="X">torej</wf>
         <wf lemma="le" pos="X">le</wf>
         <wf lemma="," pos="X">,</wf>
         <wf lemma="da" pos="X">da</wf>
         <wf lemma="oskrbimo" pos="X">oskrbimo</wf>
         <wf lemma="tiste" pos="X">tiste</wf>
         <wf lemma="točke" pos="X">točke</wf>
         <wf lemma="na" pos="X">na</wf>
         <instance id="d000.s1631.t000" lemma="telo" pos="NOUN">telesu</instance>
         <wf lemma="," pos="X">,</wf>
         <wf lemma="ki" pos="X">ki</wf>
         <wf lemma="so" pos="X">so</wf>
         <wf lemma="za" pos="X">za</wf>
         <wf lemma="neko" pos="X">neko</wf>
         <wf lemma="težavo" pos="X">težavo</wf>
         <wf lemma="ali" pos="X">ali</wf>
         <wf lemma="bolezen" pos="X">bolezen</wf>
         <wf lemma="ključnega" pos="X">ključnega</wf>
         <wf lemma="pomena" pos="X">pomena</wf>
         <wf lemma="." pos="X">.</wf>
      </sentence>
      <sentence id="d000.s1632" source="wordnet-slovenian">
         <wf lemma="Preizkušali" pos="X">Preizkušali</wf>
         <wf lemma="sta" pos="X">sta</wf>
         <wf lemma="najrazličnejše" pos="X">najrazličnejše</wf>
         <wf lemma="trenerje" pos="X">trenerje</wf>
         <wf lemma="in" pos="X">in</wf>
         <wf lemma="učitelje" pos="X">učitelje</wf>
         <wf lemma="jahanja" pos="X">jahanja</wf>
         <wf lemma="," pos="X">,</wf>
         <wf lemma="prebirali" pos="X">prebirali</wf>
         <instance id="d000.s1632.t000" lemma="knjiga" pos="NOUN">knjige</instance>
         <wf lemma="o" pos="X">o</wf>
         <wf lemma="umetnosti" pos="X">umetnosti</wf>
         <wf lemma="jahanja" pos="X">jahanja</wf>
         <wf lemma="ter" pos="X">ter</wf>
         <wf lemma="gledali" pos="X">gledali</wf>
         <wf lemma="nastope" pos="X">nastope</wf>
         <wf lemma="svetovne" pos="X">svetovne</wf>
         <wf lemma="dresurne" pos="X">dresurne</wf>
         <wf lemma="in" pos="X">in</wf>
         <wf lemma="skakalne" pos="X">skakalne</wf>
         <wf lemma="elite" pos="X">elite</wf>
         <wf lemma="." pos="X">.</wf>
      </sentence>
      <sentence id="d000.s1633" source="wordnet-slovenian">
         <wf lemma="Trenutno" pos="X">Trenutno</wf>
         <wf lemma="se" pos="X">se</wf>
         <wf lemma="oborožujejo" pos="X">oborožujejo</wf>
         <wf lemma="z" pos="X">z</wf>
         <wf lemma="glasbenimi" pos="X">glasbenimi</wf>
         <instance id="d000.s1633.t000" lemma="naslov" pos="NOUN">naslovi</instance>
         <wf lemma="." pos="X">.</wf>
      </sentence>
      <sentence id="d000.s1634" source="wordnet-slovenian">
         <wf lemma="Cerkev" pos="X">Cerkev</wf>
         <wf lemma="se" pos="X">se</wf>
         <wf lemma="ni" pos="X">ni</wf>
         <wf lemma="mogla" pos="X">mogla</wf>
         <wf lemma="izogniti" pos="X">izogniti</wf>
         <instance id="d000.s1634.t000" lemma="vojna" pos="NOUN">vojnam</instance>
         <wf lemma="…" pos="X">…</wf>
         <wf lemma="." pos="X">.</wf>
      </sentence>
      <sentence id="d000.s1635" source="wordnet-slovenian">
         <wf lemma="Spored" pos="X">Spored</wf>
         <wf lemma="Dnevnikovega" pos="X">Dnevnikovega</wf>
         <wf lemma="turnirja" pos="X">turnirja</wf>
         <wf lemma="v" pos="X">v</wf>
         <wf lemma="malem" pos="X">malem</wf>
         <wf lemma="nogometu" pos="X">nogometu</wf>
         <wf lemma="," pos="X">,</wf>
         <wf lemma="skupina" pos="X">skupina</wf>
         <wf lemma="C" pos="X">C</wf>
         <wf lemma="," pos="X">,</wf>
         <wf lemma="jutri" pos="X">jutri</wf>
         <wf lemma="ob" pos="X">ob</wf>
         <wf lemma="15." pos="X">15.</wf>
         <instance id="d000.s1635.t000" lemma="ura" pos="NOUN">uri</instance>
         <wf lemma=":" pos="X">:</wf>
         <wf lemma="Tiskarna" pos="X">Tiskarna</wf>
         <wf lemma="Januš" pos="X">Januš</wf>
         <wf lemma="-" pos="X">-</wf>
         <wf lemma="Recinko" pos="X">Recinko</wf>
         <wf lemma="Kočevje" pos="X">Kočevje</wf>
         <wf lemma="," pos="X">,</wf>
         <wf lemma="ob" pos="X">ob</wf>
         <wf lemma="15.35" pos="X">15.35</wf>
         <wf lemma=":" pos="X">:</wf>
         <wf lemma="Ruski" pos="X">Ruski</wf>
         <wf lemma="car" pos="X">car</wf>
         <wf lemma="-" pos="X">-</wf>
         <wf lemma="Pinesta" pos="X">Pinesta</wf>
         <wf lemma="Kranj" pos="X">Kranj</wf>
         <wf lemma="," pos="X">,</wf>
         <wf lemma="ob" pos="X">ob</wf>
         <wf lemma="16.10" pos="X">16.10</wf>
         <wf lemma=":" pos="X">:</wf>
         <wf lemma="Poljane" pos="X">Poljane</wf>
         <wf lemma="Gemax" pos="X">Gemax</wf>
         <wf lemma="-" pos="X">-</wf>
         <wf lemma="Aškerčeva" pos="X">Aškerčeva</wf>
         <wf lemma="Celje" pos="X">Celje</wf>
         <wf lemma="," pos="X">,</wf>
         <wf lemma="ob" pos="X">ob</wf>
         <wf lemma="16.45" pos="X">16.45</wf>
         <wf lemma=":" pos="X">:</wf>
         <wf lemma="M" pos="X">M</wf>
         <wf lemma="-" pos="X">-</wf>
         <wf lemma="Express" pos="X">Express</wf>
         <wf lemma="-" pos="X">-</wf>
         <wf lemma="Tango" pos="X">Tango</wf>
         <wf lemma="Šiber" pos="X">Šiber</wf>
         <wf lemma="." pos="X">.</wf>
      </sentence>
      <sentence id="d000.s1636" source="wordnet-slovenian">
         <wf lemma="Menda" pos="X">Menda</wf>
         <wf lemma="se" pos="X">se</wf>
         <wf lemma="je" pos="X">je</wf>
         <wf lemma="v" pos="X">v</wf>
         <wf lemma="zadnjih" pos="X">zadnjih</wf>
         <wf lemma="petih" pos="X">petih</wf>
         <instance id="d000.s1636.t000" lemma="leto" pos="NOUN">letih</instance>
         <wf lemma="," pos="X">,</wf>
         <wf lemma="odkar" pos="X">odkar</wf>
         <wf lemma="se" pos="X">se</wf>
         <wf lemma="nisva" pos="X">nisva</wf>
         <wf lemma="videla" pos="X">videla</wf>
         <wf lemma="," pos="X">,</wf>
         <wf lemma="še" pos="X">še</wf>
         <wf lemma="bolj" pos="X">bolj</wf>
         <wf lemma="zredil" pos="X">zredil</wf>
         <wf lemma="." pos="X">.</wf>
      </sentence>
      <sentence id="d000.s1637" source="wordnet-slovenian">
         <wf lemma="Start" pos="X">Start</wf>
         <wf lemma="med" pos="X">med</wf>
         <wf lemma="7." pos="X">7.</wf>
         <wf lemma="in" pos="X">in</wf>
         <wf lemma="10." pos="X">10.</wf>
         <instance id="d000.s1637.t000" lemma="ura" pos="NOUN">uro</instance>
         <wf lemma="pri" pos="X">pri</wf>
         <wf lemma="Plečnikovem" pos="X">Plečnikovem</wf>
         <wf lemma="spomeniku" pos="X">spomeniku</wf>
         <wf lemma="v" pos="X">v</wf>
         <wf lemma="Litiji" pos="X">Litiji</wf>
         <wf lemma="." pos="X">.</wf>
      </sentence>
      <sentence id="d000.s1638" source="wordnet-slovenian">
         <wf lemma="V" pos="X">V</wf>
         <wf lemma="nobenem" pos="X">nobenem</wf>
         <instance id="d000.s1638.t000" lemma="mesto" pos="NOUN">mestu</instance>
         <wf lemma="nismo" pos="X">nismo</wf>
         <wf lemma="videli" pos="X">videli</wf>
         <wf lemma="take" pos="X">take</wf>
         <wf lemma="pokvarjenosti" pos="X">pokvarjenosti</wf>
         <wf lemma="razen" pos="X">razen</wf>
         <wf lemma="v" pos="X">v</wf>
         <wf lemma="tem" pos="X">tem</wf>
         <wf lemma="," pos="X">,</wf>
         <wf lemma="ki" pos="X">ki</wf>
         <wf lemma="je" pos="X">je</wf>
         <wf lemma="vsem" pos="X">vsem</wf>
         <wf lemma="za" pos="X">za</wf>
         <wf lemma="zgled" pos="X">zgled</wf>
         <wf lemma="." pos="X">.</wf>
      </sentence>
      <sentence id="d000.s1639" source="wordnet-slovenian">
         <wf lemma="Razširjenost" pos="X">Razširjenost</wf>
         <wf lemma=":" pos="X">:</wf>
         <wf lemma="V" pos="X">V</wf>
         <wf lemma="severnem" pos="X">severnem</wf>
         <wf lemma="Atlantiku" pos="X">Atlantiku</wf>
         <wf lemma="živi" pos="X">živi</wf>
         <wf lemma="več" pos="X">več</wf>
         <wf lemma="ločenih" pos="X">ločenih</wf>
         <wf lemma="populacij" pos="X">populacij</wf>
         <wf lemma="," pos="X">,</wf>
         <wf lemma="njeno" pos="X">njeno</wf>
         <wf lemma="naselitveno" pos="X">naselitveno</wf>
         <instance id="d000.s1639.t000" lemma="področje" pos="NOUN">področje</instance>
         <wf lemma="se" pos="X">se</wf>
         <wf lemma="razteza" pos="X">razteza</wf>
         <wf lemma="zahodno" pos="X">zahodno</wf>
         <wf lemma="in" pos="X">in</wf>
         <wf lemma="vzhodno" pos="X">vzhodno</wf>
         <wf lemma="od" pos="X">od</wf>
         <wf lemma="Grenlandije" pos="X">Grenlandije</wf>
         <wf lemma="," pos="X">,</wf>
         <wf lemma="proti" pos="X">proti</wf>
         <wf lemma="jugu" pos="X">jugu</wf>
         <wf lemma="do" pos="X">do</wf>
         <wf lemma="Virginije" pos="X">Virginije</wf>
         <wf lemma="," pos="X">,</wf>
         <wf lemma="na" pos="X">na</wf>
         <wf lemma="vzhodu" pos="X">vzhodu</wf>
         <wf lemma="od" pos="X">od</wf>
         <wf lemma="Spitzbergov" pos="X">Spitzbergov</wf>
         <wf lemma="do" pos="X">do</wf>
         <wf lemma="Španije" pos="X">Španije</wf>
         <wf lemma="." pos="X">.</wf>
      </sentence>
      <sentence id="d000.s1640" source="wordnet-slovenian">
         <wf lemma="Iz" pos="X">Iz</wf>
         <wf lemma="daljšega" pos="X">daljšega</wf>
         <wf lemma="Kermaunerjevega" pos="X">Kermaunerjevega</wf>
         <instance id="d000.s1640.t000" lemma="besedilo" pos="NOUN">besedila</instance>
         <wf lemma="o" pos="X">o</wf>
         <wf lemma="Taborijevi" pos="X">Taborijevi</wf>
         <wf lemma="predstavi" pos="X">predstavi</wf>
         <wf lemma="bom" pos="X">bom</wf>
         <wf lemma="navedel" pos="X">navedel</wf>
         <wf lemma="samo" pos="X">samo</wf>
         <wf lemma="začetek" pos="X">začetek</wf>
         <wf lemma="," pos="X">,</wf>
         <wf lemma="v" pos="X">v</wf>
         <wf lemma="katerem" pos="X">katerem</wf>
         <wf lemma="je" pos="X">je</wf>
         <wf lemma="Taras" pos="X">Taras</wf>
         <wf lemma="zelo" pos="X">zelo</wf>
         <wf lemma="natančno" pos="X">natančno</wf>
         <wf lemma="razložil" pos="X">razložil</wf>
         <wf lemma="svoj" pos="X">svoj</wf>
         <wf lemma="pogled" pos="X">pogled</wf>
         <wf lemma="na" pos="X">na</wf>
         <wf lemma="igro" pos="X">igro</wf>
         <wf lemma="in" pos="X">in</wf>
         <wf lemma="izvedbo" pos="X">izvedbo</wf>
         <wf lemma=":" pos="X">:</wf>
      </sentence>
      <sentence id="d000.s1641" source="wordnet-slovenian">
         <wf lemma="-" pos="X">-</wf>
         <instance id="d000.s1641.t000" lemma="leto" pos="NOUN">Leto</instance>
         <wf lemma="1997" pos="X">1997</wf>
         <wf lemma="bo" pos="X">bo</wf>
         <wf lemma="po" pos="X">po</wf>
         <wf lemma="vsem" pos="X">vsem</wf>
         <wf lemma="sodeč" pos="X">sodeč</wf>
         <wf lemma="tudi" pos="X">tudi</wf>
         <wf lemma="leto" pos="X">leto</wf>
         <wf lemma="rekordne" pos="X">rekordne</wf>
         <wf lemma="prodaje" pos="X">prodaje</wf>
         <wf lemma="šampanjca" pos="X">šampanjca</wf>
         <wf lemma="." pos="X">.</wf>
      </sentence>
      <sentence id="d000.s1642" source="wordnet-slovenian">
         <wf lemma="Imela" pos="X">Imela</wf>
         <wf lemma="pa" pos="X">pa</wf>
         <wf lemma="so" pos="X">so</wf>
         <wf lemma="okna" pos="X">okna</wf>
         <wf lemma="tudi" pos="X">tudi</wf>
         <wf lemma="goli" pos="X">goli</wf>
         <wf lemma="videz" pos="X">videz</wf>
         <wf lemma="oken" pos="X">oken</wf>
         <wf lemma="na" pos="X">na</wf>
         <wf lemma="zapuščenih" pos="X">zapuščenih</wf>
         <instance id="d000.s1642.t000" lemma="hiša" pos="NOUN">hišah</instance>
         <wf lemma="." pos="X">.</wf>
      </sentence>
      <sentence id="d000.s1643" source="wordnet-slovenian">
         <wf lemma="Iz" pos="X">Iz</wf>
         <wf lemma="lanskoletnih" pos="X">lanskoletnih</wf>
         <wf lemma="izkušenj" pos="X">izkušenj</wf>
         <wf lemma="smo" pos="X">smo</wf>
         <wf lemma="ugotovili" pos="X">ugotovili</wf>
         <wf lemma="," pos="X">,</wf>
         <wf lemma="da" pos="X">da</wf>
         <wf lemma="imajo" pos="X">imajo</wf>
         <instance id="d000.s1643.t000" lemma="otrok" pos="NOUN">otroci</instance>
         <wf lemma="raje" pos="X">raje</wf>
         <wf lemma="bolj" pos="X">bolj</wf>
         <wf lemma="sprostitvene" pos="X">sprostitvene</wf>
         <wf lemma="delavnice" pos="X">delavnice</wf>
         <wf lemma="." pos="X">.</wf>
      </sentence>
      <sentence id="d000.s1644" source="wordnet-slovenian">
         <wf lemma="Za" pos="X">Za</wf>
         <wf lemma="njimi" pos="X">njimi</wf>
         <wf lemma="trpijo" pos="X">trpijo</wf>
         <wf lemma="otroci" pos="X">otroci</wf>
         <wf lemma="," pos="X">,</wf>
         <wf lemma="razpon" pos="X">razpon</wf>
         <instance id="d000.s1644.t000" lemma="leto" pos="NOUN">let</instance>
         <wf lemma="," pos="X">,</wf>
         <wf lemma="ko" pos="X">ko</wf>
         <wf lemma="razjede" pos="X">razjede</wf>
         <wf lemma="po" pos="X">po</wf>
         <wf lemma="statistiki" pos="X">statistiki</wf>
         <wf lemma="najpogosteje" pos="X">najpogosteje</wf>
         <wf lemma="nastajajo" pos="X">nastajajo</wf>
         <wf lemma="," pos="X">,</wf>
         <wf lemma="pa" pos="X">pa</wf>
         <wf lemma="je" pos="X">je</wf>
         <wf lemma="med" pos="X">med</wf>
         <wf lemma="10." pos="X">10.</wf>
         <wf lemma="in" pos="X">in</wf>
         <wf lemma="40." pos="X">40.</wf>
         <wf lemma="letom" pos="X">letom</wf>
         <wf lemma="starosti" pos="X">starosti</wf>
         <wf lemma="." pos="X">.</wf>
      </sentence>
      <sentence id="d000.s1645" source="wordnet-slovenian">
         <wf lemma="Z" pos="X">Z</wf>
         <wf lemma="delnicami" pos="X">delnicami</wf>
         <wf lemma="bodo" pos="X">bodo</wf>
         <wf lemma="delničarji" pos="X">delničarji</wf>
         <wf lemma="razpolagali" pos="X">razpolagali</wf>
         <wf lemma="v" pos="X">v</wf>
         <wf lemma="skladu" pos="X">skladu</wf>
         <wf lemma="s" pos="X">s</wf>
         <wf lemma="predpisi" pos="X">predpisi</wf>
         <wf lemma="o" pos="X">o</wf>
         <wf lemma="izdaji" pos="X">izdaji</wf>
         <wf lemma="delnic" pos="X">delnic</wf>
         <wf lemma="v" pos="X">v</wf>
         <wf lemma="nematerializirani" pos="X">nematerializirani</wf>
         <wf lemma="obliki" pos="X">obliki</wf>
         <wf lemma="ob" pos="X">ob</wf>
         <wf lemma="upoštevanju" pos="X">upoštevanju</wf>
         <wf lemma="predkupne" pos="X">predkupne</wf>
         <instance id="d000.s1645.t000" lemma="pravica" pos="NOUN">pravice</instance>
         <wf lemma="delničarjev" pos="X">delničarjev</wf>
         <wf lemma="," pos="X">,</wf>
         <wf lemma="ki" pos="X">ki</wf>
         <wf lemma="so" pos="X">so</wf>
         <wf lemma="prevzeli" pos="X">prevzeli</wf>
         <wf lemma="delnice" pos="X">delnice</wf>
         <wf lemma="na" pos="X">na</wf>
         <wf lemma="podlagi" pos="X">podlagi</wf>
         <wf lemma="skupščinskega" pos="X">skupščinskega</wf>
         <wf lemma="sklepa" pos="X">sklepa</wf>
         <wf lemma="." pos="X">.</wf>
      </sentence>
      <sentence id="d000.s1646" source="wordnet-slovenian">
         <wf lemma="Nastopilo" pos="X">Nastopilo</wf>
         <wf lemma="je" pos="X">je</wf>
         <wf lemma="58" pos="X">58</wf>
         <wf lemma="tekmovalcev" pos="X">tekmovalcev</wf>
         <wf lemma="in" pos="X">in</wf>
         <wf lemma="20" pos="X">20</wf>
         <wf lemma="tekmovalk" pos="X">tekmovalk</wf>
         <wf lemma="iz" pos="X">iz</wf>
         <wf lemma="19" pos="X">19</wf>
         <instance id="d000.s1646.t000" lemma="klub" pos="NOUN">klubov</instance>
         <wf lemma="." pos="X">.</wf>
      </sentence>
      <sentence id="d000.s1647" source="wordnet-slovenian">
         <wf lemma="Toda" pos="X">Toda</wf>
         <wf lemma="tiskovna" pos="X">tiskovna</wf>
         <wf lemma="predstavnica" pos="X">predstavnica</wf>
         <wf lemma="haaškega" pos="X">haaškega</wf>
         <wf lemma="tožilstva" pos="X">tožilstva</wf>
         <wf lemma="Florence" pos="X">Florence</wf>
         <wf lemma="Hartmann" pos="X">Hartmann</wf>
         <wf lemma="je" pos="X">je</wf>
         <wf lemma="potrdila" pos="X">potrdila</wf>
         <wf lemma="," pos="X">,</wf>
         <wf lemma="da" pos="X">da</wf>
         <wf lemma="bodo" pos="X">bodo</wf>
         <wf lemma="tožilci" pos="X">tožilci</wf>
         <wf lemma="vložili" pos="X">vložili</wf>
         <wf lemma="vse" pos="X">vse</wf>
         <wf lemma="obtožnice" pos="X">obtožnice</wf>
         <wf lemma="proti" pos="X">proti</wf>
         <wf lemma="obtožencem" pos="X">obtožencem</wf>
         <wf lemma="za" pos="X">za</wf>
         <wf lemma="vojne" pos="X">vojne</wf>
         <wf lemma="zločine" pos="X">zločine</wf>
         <wf lemma="," pos="X">,</wf>
         <wf lemma="ki" pos="X">ki</wf>
         <wf lemma="so" pos="X">so</wf>
         <wf lemma="jih" pos="X">jih</wf>
         <wf lemma="pripravili" pos="X">pripravili</wf>
         <wf lemma="," pos="X">,</wf>
         <wf lemma="ne" pos="X">ne</wf>
         <wf lemma="glede" pos="X">glede</wf>
         <wf lemma="na" pos="X">na</wf>
         <wf lemma="to" pos="X">to</wf>
         <wf lemma="," pos="X">,</wf>
         <wf lemma="ali" pos="X">ali</wf>
         <wf lemma="bo" pos="X">bo</wf>
         <wf lemma="sodišče" pos="X">sodišče</wf>
         <wf lemma="obstajalo" pos="X">obstajalo</wf>
         <wf lemma="le" pos="X">le</wf>
         <wf lemma="še" pos="X">še</wf>
         <instance id="d000.s1647.t000" lemma="leto" pos="NOUN">leto</instance>
         <wf lemma="dni" pos="X">dni</wf>
         <wf lemma="ali" pos="X">ali</wf>
         <wf lemma="dlje" pos="X">dlje</wf>
         <wf lemma="." pos="X">.</wf>
      </sentence>
      <sentence id="d000.s1648" source="wordnet-slovenian">
         <wf lemma="Po" pos="X">Po</wf>
         <wf lemma="mojem" pos="X">mojem</wf>
         <wf lemma="pač" pos="X">pač</wf>
         <wf lemma="ni" pos="X">ni</wf>
         <wf lemma="naloga" pos="X">naloga</wf>
         <wf lemma="komentatorke" pos="X">komentatorke</wf>
         <wf lemma="," pos="X">,</wf>
         <wf lemma="da" pos="X">da</wf>
         <wf lemma="podcenjuje" pos="X">podcenjuje</wf>
         <wf lemma="igralke" pos="X">igralke</wf>
         <wf lemma="in" pos="X">in</wf>
         <wf lemma="igralce" pos="X">igralce</wf>
         <wf lemma="," pos="X">,</wf>
         <wf lemma="temveč" pos="X">temveč</wf>
         <wf lemma="," pos="X">,</wf>
         <wf lemma="da" pos="X">da</wf>
         <wf lemma="nas" pos="X">nas</wf>
         <wf lemma="vsaj" pos="X">vsaj</wf>
         <wf lemma="malo" pos="X">malo</wf>
         <wf lemma="popelje" pos="X">popelje</wf>
         <wf lemma="z" pos="X">z</wf>
         <wf lemma="zanimivostmi" pos="X">zanimivostmi</wf>
         <wf lemma="v" pos="X">v</wf>
         <wf lemma="ozadje" pos="X">ozadje</wf>
         <wf lemma="najbolj" pos="X">najbolj</wf>
         <wf lemma="uglednega" pos="X">uglednega</wf>
         <wf lemma="teniškega" pos="X">teniškega</wf>
         <wf lemma="turnirja" pos="X">turnirja</wf>
         <wf lemma="na" pos="X">na</wf>
         <instance id="d000.s1648.t000" lemma="svet" pos="NOUN">svetu</instance>
         <wf lemma="." pos="X">.</wf>
      </sentence>
      <sentence id="d000.s1649" source="wordnet-slovenian">
         <wf lemma="Ima" pos="X">Ima</wf>
         <wf lemma="številne" pos="X">številne</wf>
         <wf lemma="koničaste" pos="X">koničaste</wf>
         <wf lemma="kožne" pos="X">kožne</wf>
         <wf lemma="izrastke" pos="X">izrastke</wf>
         <wf lemma="," pos="X">,</wf>
         <wf lemma="pogoste" pos="X">pogoste</wf>
         <wf lemma="predvsem" pos="X">predvsem</wf>
         <wf lemma="na" pos="X">na</wf>
         <wf lemma="sprednjem" pos="X">sprednjem</wf>
         <wf lemma="delu" pos="X">delu</wf>
         <wf lemma="prsnih" pos="X">prsnih</wf>
         <wf lemma="plavuti" pos="X">plavuti</wf>
         <wf lemma="," pos="X">,</wf>
         <instance id="d000.s1649.t000" lemma="glava" pos="NOUN">glavi</instance>
         <wf lemma="in" pos="X">in</wf>
         <wf lemma="gobcu" pos="X">gobcu</wf>
         <wf lemma="," pos="X">,</wf>
         <wf lemma="na" pos="X">na</wf>
         <wf lemma="srednjem" pos="X">srednjem</wf>
         <wf lemma="delu" pos="X">delu</wf>
         <wf lemma="hrbta" pos="X">hrbta</wf>
         <wf lemma="in" pos="X">in</wf>
         <wf lemma="repu" pos="X">repu</wf>
         <wf lemma="." pos="X">.</wf>
      </sentence>
      <sentence id="d000.s1650" source="wordnet-slovenian">
         <wf lemma="Iz" pos="X">Iz</wf>
         <wf lemma="zapora" pos="X">zapora</wf>
         <wf lemma="jo" pos="X">jo</wf>
         <wf lemma="pospremi" pos="X">pospremi</wf>
         <wf lemma="ambiciozni" pos="X">ambiciozni</wf>
         <wf lemma="odvetnik" pos="X">odvetnik</wf>
         <wf lemma="Loudon" pos="X">Loudon</wf>
         <wf lemma="Trott" pos="X">Trott</wf>
         <wf lemma="," pos="X">,</wf>
         <wf lemma="ki" pos="X">ki</wf>
         <wf lemma="ne" pos="X">ne</wf>
         <wf lemma="sluti" pos="X">sluti</wf>
         <wf lemma="," pos="X">,</wf>
         <wf lemma="da" pos="X">da</wf>
         <wf lemma="se" pos="X">se</wf>
         <wf lemma="mu" pos="X">mu</wf>
         <wf lemma="bo" pos="X">bo</wf>
         <wf lemma="njegov" pos="X">njegov</wf>
         <wf lemma="urejeni" pos="X">urejeni</wf>
         <wf lemma="svet" pos="X">svet</wf>
         <wf lemma="v" pos="X">v</wf>
         <wf lemma="kratkem" pos="X">kratkem</wf>
         <wf lemma="obrnil" pos="X">obrnil</wf>
         <wf lemma="na" pos="X">na</wf>
         <instance id="d000.s1650.t000" lemma="glava" pos="NOUN">glavo</instance>
         <wf lemma="." pos="X">.</wf>
      </sentence>
      <sentence id="d000.s1651" source="wordnet-slovenian">
         <wf lemma="Biologi" pos="X">Biologi</wf>
         <wf lemma="so" pos="X">so</wf>
         <wf lemma="pojasnili" pos="X">pojasnili</wf>
         <wf lemma="," pos="X">,</wf>
         <wf lemma="da" pos="X">da</wf>
         <wf lemma="glavate" pos="X">glavate</wf>
         <wf lemma="želve" pos="X">želve</wf>
         <wf lemma="poletje" pos="X">poletje</wf>
         <wf lemma="preživijo" pos="X">preživijo</wf>
         <wf lemma="v" pos="X">v</wf>
         <wf lemma="Grčiji" pos="X">Grčiji</wf>
         <wf lemma="," pos="X">,</wf>
         <wf lemma="v" pos="X">v</wf>
         <wf lemma="vzhodni" pos="X">vzhodni</wf>
         <wf lemma="Jadran" pos="X">Jadran</wf>
         <wf lemma="pa" pos="X">pa</wf>
         <wf lemma="se" pos="X">se</wf>
         <wf lemma="podajo" pos="X">podajo</wf>
         <wf lemma="pozimi" pos="X">pozimi</wf>
         <wf lemma="," pos="X">,</wf>
         <wf lemma="ko" pos="X">ko</wf>
         <wf lemma="iščejo" pos="X">iščejo</wf>
         <wf lemma="toplejše" pos="X">toplejše</wf>
         <wf lemma="morske" pos="X">morske</wf>
         <wf lemma="tokove" pos="X">tokove</wf>
         <wf lemma="in" pos="X">in</wf>
         <wf lemma="peščene" pos="X">peščene</wf>
         <wf lemma="plaže" pos="X">plaže</wf>
         <wf lemma="," pos="X">,</wf>
         <wf lemma="ki" pos="X">ki</wf>
         <wf lemma="bi" pos="X">bi</wf>
         <wf lemma="bile" pos="X">bile</wf>
         <wf lemma="primerne" pos="X">primerne</wf>
         <wf lemma="za" pos="X">za</wf>
         <wf lemma="odlaganje" pos="X">odlaganje</wf>
         <wf lemma="jajc" pos="X">jajc</wf>
         <wf lemma="," pos="X">,</wf>
         <wf lemma="ko" pos="X">ko</wf>
         <wf lemma="je" pos="X">je</wf>
         <instance id="d000.s1651.t000" lemma="čas" pos="NOUN">čas</instance>
         <wf lemma="za" pos="X">za</wf>
         <wf lemma="to" pos="X">to</wf>
         <wf lemma="." pos="X">.</wf>
      </sentence>
      <sentence id="d000.s1652" source="wordnet-slovenian">
         <wf lemma="«" pos="X">«</wf>
         <wf lemma="je" pos="X">je</wf>
         <wf lemma="slednjič" pos="X">slednjič</wf>
         <wf lemma="spregovoril" pos="X">spregovoril</wf>
         <wf lemma="z" pos="X">z</wf>
         <wf lemma="rahlim" pos="X">rahlim</wf>
         <wf lemma="drhtenjem" pos="X">drhtenjem</wf>
         <wf lemma="v" pos="X">v</wf>
         <instance id="d000.s1652.t000" lemma="glas" pos="NOUN">glasu</instance>
         <wf lemma="." pos="X">.</wf>
      </sentence>
      <sentence id="d000.s1653" source="wordnet-slovenian">
         <wf lemma="Ugotavljam" pos="X">Ugotavljam</wf>
         <wf lemma="," pos="X">,</wf>
         <wf lemma="da" pos="X">da</wf>
         <wf lemma="amandma" pos="X">amandma</wf>
         <wf lemma="pod" pos="X">pod</wf>
         <instance id="d000.s1653.t000" lemma="točka" pos="NOUN">točko</instance>
         <wf lemma="1" pos="X">1</wf>
         <wf lemma="," pos="X">,</wf>
         <wf lemma="k" pos="X">k</wf>
         <wf lemma="42." pos="X">42.</wf>
         <wf lemma="členu" pos="X">členu</wf>
         <wf lemma="ni" pos="X">ni</wf>
         <wf lemma="sprejet" pos="X">sprejet</wf>
         <wf lemma="." pos="X">.</wf>
      </sentence>
      <sentence id="d000.s1654" source="wordnet-slovenian">
         <wf lemma="Kitzelstein" pos="X">Kitzelstein</wf>
         <wf lemma="," pos="X">,</wf>
         <wf lemma="ena" pos="X">ena</wf>
         <wf lemma="od" pos="X">od</wf>
         <wf lemma="posebnosti" pos="X">posebnosti</wf>
         <wf lemma="mojega" pos="X">mojega</wf>
         <instance id="d000.s1654.t000" lemma="življenje" pos="NOUN">življenja</instance>
         <wf lemma="je" pos="X">je</wf>
         <wf lemma="," pos="X">,</wf>
         <wf lemma="da" pos="X">da</wf>
         <wf lemma="lahko" pos="X">lahko</wf>
         <wf lemma="v" pos="X">v</wf>
         <wf lemma="vsem" pos="X">vsem</wf>
         <wf lemma="," pos="X">,</wf>
         <wf lemma="kar" pos="X">kar</wf>
         <wf lemma="se" pos="X">se</wf>
         <wf lemma="mi" pos="X">mi</wf>
         <wf lemma="je" pos="X">je</wf>
         <wf lemma="pripetilo" pos="X">pripetilo</wf>
         <wf lemma="," pos="X">,</wf>
         <wf lemma="vidim" pos="X">vidim</wf>
         <wf lemma="smisel" pos="X">smisel</wf>
         <wf lemma="." pos="X">.</wf>
      </sentence>
      <sentence id="d000.s1655" source="wordnet-slovenian">
         <wf lemma="»" pos="X">»</wf>
         <wf lemma="Dovolj" pos="X">Dovolj</wf>
         <wf lemma="bo" pos="X">bo</wf>
         <wf lemma="za" pos="X">za</wf>
         <instance id="d000.s1655.t000" lemma="začetek" pos="NOUN">začetek</instance>
         <wf lemma="," pos="X">,</wf>
         <wf lemma="«" pos="X">«</wf>
         <wf lemma="je" pos="X">je</wf>
         <wf lemma="rekel" pos="X">rekel</wf>
         <wf lemma="inšpektor" pos="X">inšpektor</wf>
         <wf lemma="." pos="X">.</wf>
      </sentence>
      <sentence id="d000.s1656" source="wordnet-slovenian">
         <wf lemma="Tam" pos="X">Tam</wf>
         <wf lemma="so" pos="X">so</wf>
         <wf lemma="nam" pos="X">nam</wf>
         <wf lemma="Slovenci" pos="X">Slovenci</wf>
         <wf lemma="ušli" pos="X">ušli</wf>
         <wf lemma="in" pos="X">in</wf>
         <wf lemma="ker" pos="X">ker</wf>
         <wf lemma="je" pos="X">je</wf>
         <wf lemma="bilo" pos="X">bilo</wf>
         <wf lemma="to" pos="X">to</wf>
         <wf lemma="ravno" pos="X">ravno</wf>
         <wf lemma="ob" pos="X">ob</wf>
         <instance id="d000.s1656.t000" lemma="konec" pos="NOUN">koncu</instance>
         <wf lemma="tekme" pos="X">tekme</wf>
         <wf lemma="," pos="X">,</wf>
         <wf lemma="je" pos="X">je</wf>
         <wf lemma="bilo" pos="X">bilo</wf>
         <wf lemma="naših" pos="X">naših</wf>
         <wf lemma="upov" pos="X">upov</wf>
         <wf lemma="konec" pos="X">konec</wf>
         <wf lemma="." pos="X">.</wf>
      </sentence>
      <sentence id="d000.s1657" source="wordnet-slovenian">
         <wf lemma="Najti" pos="X">Najti</wf>
         <wf lemma="bo" pos="X">bo</wf>
         <wf lemma="treba" pos="X">treba</wf>
         <instance id="d000.s1657.t000" lemma="način" pos="NOUN">način</instance>
         <wf lemma="," pos="X">,</wf>
         <wf lemma="da" pos="X">da</wf>
         <wf lemma="se" pos="X">se</wf>
         <wf lemma="uravnovesite" pos="X">uravnovesite</wf>
         <wf lemma="in" pos="X">in</wf>
         <wf lemma="ohranjate" pos="X">ohranjate</wf>
         <wf lemma="svojo" pos="X">svojo</wf>
         <wf lemma="žensko" pos="X">žensko</wf>
         <wf lemma="naravo" pos="X">naravo</wf>
         <wf lemma="," pos="X">,</wf>
         <wf lemma="ki" pos="X">ki</wf>
         <wf lemma="je" pos="X">je</wf>
         <wf lemma="sprejemanje" pos="X">sprejemanje</wf>
         <wf lemma="," pos="X">,</wf>
         <wf lemma="nežnost" pos="X">nežnost</wf>
         <wf lemma="in" pos="X">in</wf>
         <wf lemma="sproščenost" pos="X">sproščenost</wf>
         <wf lemma="." pos="X">.</wf>
      </sentence>
      <sentence id="d000.s1658" source="wordnet-slovenian">
         <wf lemma="Vidno" pos="X">Vidno</wf>
         <wf lemma="vlogo" pos="X">vlogo</wf>
         <wf lemma="je" pos="X">je</wf>
         <wf lemma="imel" pos="X">imel</wf>
         <wf lemma="Nemec" pos="X">Nemec</wf>
         <wf lemma="še" pos="X">še</wf>
         <wf lemma="pred" pos="X">pred</wf>
         <wf lemma="tremi" pos="X">tremi</wf>
         <instance id="d000.s1658.t000" lemma="leto" pos="NOUN">leti</instance>
         <wf lemma="," pos="X">,</wf>
         <wf lemma="ko" pos="X">ko</wf>
         <wf lemma="je" pos="X">je</wf>
         <wf lemma="na" pos="X">na</wf>
         <wf lemma="začetku" pos="X">začetku</wf>
         <wf lemma="tako" pos="X">tako</wf>
         <wf lemma="močno" pos="X">močno</wf>
         <wf lemma="dominiral" pos="X">dominiral</wf>
         <wf lemma="," pos="X">,</wf>
         <wf lemma="da" pos="X">da</wf>
         <wf lemma="je" pos="X">je</wf>
         <wf lemma="njegov" pos="X">njegov</wf>
         <wf lemma="najbolj" pos="X">najbolj</wf>
         <wf lemma="nevarni" pos="X">nevarni</wf>
         <wf lemma="tekmec" pos="X">tekmec</wf>
         <wf lemma="Mika" pos="X">Mika</wf>
         <wf lemma="HŠkkinen" pos="X">HŠkkinen</wf>
         <wf lemma="čutil" pos="X">čutil</wf>
         <wf lemma="že" pos="X">že</wf>
         <wf lemma="veliko" pos="X">veliko</wf>
         <wf lemma="pritiska" pos="X">pritiska</wf>
         <wf lemma="na" pos="X">na</wf>
         <wf lemma="svojih" pos="X">svojih</wf>
         <wf lemma="ramenih" pos="X">ramenih</wf>
         <wf lemma="." pos="X">.</wf>
      </sentence>
      <sentence id="d000.s1659" source="wordnet-slovenian">
         <wf lemma="V" pos="X">V</wf>
         <wf lemma="ugotovljenih" pos="X">ugotovljenih</wf>
         <instance id="d000.s1659.t000" lemma="primer" pos="NOUN">primerih</instance>
         <wf lemma="nezakonite" pos="X">nezakonite</wf>
         <wf lemma="posesti" pos="X">posesti</wf>
         <wf lemma="in" pos="X">in</wf>
         <wf lemma="nošenja" pos="X">nošenja</wf>
         <wf lemma="orožja" pos="X">orožja</wf>
         <wf lemma="smo" pos="X">smo</wf>
         <wf lemma="sprožili" pos="X">sprožili</wf>
         <wf lemma="ustrezne" pos="X">ustrezne</wf>
         <wf lemma="postopke" pos="X">postopke</wf>
         <wf lemma="." pos="X">.</wf>
      </sentence>
      <sentence id="d000.s1660" source="wordnet-slovenian">
         <wf lemma="Strastna" pos="X">Strastna</wf>
         <wf lemma="avantura" pos="X">avantura</wf>
         <wf lemma="se" pos="X">se</wf>
         <wf lemma="lahko" pos="X">lahko</wf>
         <wf lemma="razvije" pos="X">razvije</wf>
         <wf lemma="v" pos="X">v</wf>
         <wf lemma="topel" pos="X">topel</wf>
         <wf lemma="," pos="X">,</wf>
         <wf lemma="obojestransko" pos="X">obojestransko</wf>
         <wf lemma="osrečujoč" pos="X">osrečujoč</wf>
         <instance id="d000.s1660.t000" lemma="zakon" pos="NOUN">zakon</instance>
         <wf lemma="." pos="X">.</wf>
      </sentence>
      <sentence id="d000.s1661" source="wordnet-slovenian">
         <wf lemma="ZA" pos="X">ZA</wf>
         <wf lemma="DRŽAVNE" pos="X">DRŽAVNE</wf>
         <wf lemma="ORGANE" pos="X">ORGANE</wf>
         <wf lemma="PA" pos="X">PA</wf>
         <wf lemma="VELJA" pos="X">VELJA</wf>
         <wf lemma="LE" pos="X">LE</wf>
         <wf lemma="," pos="X">,</wf>
         <wf lemma="ČE" pos="X">ČE</wf>
         <wf lemma="POSAMEZNA" pos="X">POSAMEZNA</wf>
         <instance id="d000.s1661.t000" lemma="vprašanje" pos="NOUN">VPRAŠANJA</instance>
         <wf lemma="," pos="X">,</wf>
         <wf lemma="KI" pos="X">KI</wf>
         <wf lemma="JIH" pos="X">JIH</wf>
         <wf lemma="UREJA" pos="X">UREJA</wf>
         <wf lemma="," pos="X">,</wf>
         <wf lemma="NISO" pos="X">NISO</wf>
         <wf lemma="Z" pos="X">Z</wf>
         <wf lemma="ZAKONOM" pos="X">ZAKONOM</wf>
         <wf lemma="DRUGAČE" pos="X">DRUGAČE</wf>
         <wf lemma="UREJENA" pos="X">UREJENA</wf>
         <wf lemma="." pos="X">.</wf>
      </sentence>
      <sentence id="d000.s1662" source="wordnet-slovenian">
         <wf lemma="Dokupili" pos="X">Dokupili</wf>
         <wf lemma="so" pos="X">so</wf>
         <wf lemma="nekaj" pos="X">nekaj</wf>
         <wf lemma="snežnih" pos="X">snežnih</wf>
         <wf lemma="topov" pos="X">topov</wf>
         <wf lemma="," pos="X">,</wf>
         <wf lemma="vseh" pos="X">vseh</wf>
         <wf lemma="imajo" pos="X">imajo</wf>
         <wf lemma="sedaj" pos="X">sedaj</wf>
         <wf lemma="45" pos="X">45</wf>
         <wf lemma="," pos="X">,</wf>
         <wf lemma="zgradili" pos="X">zgradili</wf>
         <wf lemma="so" pos="X">so</wf>
         <wf lemma="30" pos="X">30</wf>
         <wf lemma="-" pos="X">-</wf>
         <wf lemma="metrski" pos="X">metrski</wf>
         <wf lemma="pomični" pos="X">pomični</wf>
         <wf lemma="trak" pos="X">trak</wf>
         <wf lemma="," pos="X">,</wf>
         <wf lemma="ki" pos="X">ki</wf>
         <wf lemma="bo" pos="X">bo</wf>
         <wf lemma="primeren" pos="X">primeren</wf>
         <wf lemma="predvsem" pos="X">predvsem</wf>
         <wf lemma="za" pos="X">za</wf>
         <wf lemma="začetnike" pos="X">začetnike</wf>
         <wf lemma="smučanja" pos="X">smučanja</wf>
         <wf lemma="in" pos="X">in</wf>
         <wf lemma="smučarsko" pos="X">smučarsko</wf>
         <instance id="d000.s1662.t000" lemma="šola" pos="NOUN">šolo</instance>
         <wf lemma="." pos="X">.</wf>
      </sentence>
      <sentence id="d000.s1663" source="wordnet-slovenian">
         <wf lemma="Na" pos="X">Na</wf>
         <wf lemma="vprašanje" pos="X">vprašanje</wf>
         <wf lemma="," pos="X">,</wf>
         <wf lemma="ali" pos="X">ali</wf>
         <wf lemma="ne" pos="X">ne</wf>
         <wf lemma="bi" pos="X">bi</wf>
         <wf lemma="bilo" pos="X">bilo</wf>
         <wf lemma="bolje" pos="X">bolje</wf>
         <wf lemma="," pos="X">,</wf>
         <wf lemma="da" pos="X">da</wf>
         <instance id="d000.s1663.t000" lemma="vlada" pos="NOUN">vlada</instance>
         <wf lemma="uredbo" pos="X">uredbo</wf>
         <wf lemma="spremeni" pos="X">spremeni</wf>
         <wf lemma="," pos="X">,</wf>
         <wf lemma="kot" pos="X">kot</wf>
         <wf lemma="pa" pos="X">pa</wf>
         <wf lemma="da" pos="X">da</wf>
         <wf lemma="jo" pos="X">jo</wf>
         <wf lemma="(" pos="X">(</wf>
         <wf lemma="vključno" pos="X">vključno</wf>
         <wf lemma="ali" pos="X">ali</wf>
         <wf lemma="na" pos="X">na</wf>
         <wf lemma="čelu" pos="X">čelu</wf>
         <wf lemma="z" pos="X">z</wf>
         <wf lemma="uradom" pos="X">uradom</wf>
         <wf lemma="predsednika" pos="X">predsednika</wf>
         <wf lemma="vlade" pos="X">vlade</wf>
         <wf lemma=")" pos="X">)</wf>
         <wf lemma="krši" pos="X">krši</wf>
         <wf lemma="," pos="X">,</wf>
         <wf lemma="pa" pos="X">pa</wf>
         <wf lemma="je" pos="X">je</wf>
         <wf lemma="Osolnikova" pos="X">Osolnikova</wf>
         <wf lemma="odgovorila" pos="X">odgovorila</wf>
         <wf lemma="," pos="X">,</wf>
         <wf lemma="da" pos="X">da</wf>
         <wf lemma="formalnopravno" pos="X">formalnopravno</wf>
         <wf lemma="to" pos="X">to</wf>
         <wf lemma="sicer" pos="X">sicer</wf>
         <wf lemma="drži" pos="X">drži</wf>
         <wf lemma="," pos="X">,</wf>
         <wf lemma="vendar" pos="X">vendar</wf>
         <wf lemma="pa" pos="X">pa</wf>
         <wf lemma="ocenjuje" pos="X">ocenjuje</wf>
         <wf lemma="," pos="X">,</wf>
         <wf lemma="da" pos="X">da</wf>
         <wf lemma="je" pos="X">je</wf>
         <wf lemma="bolje" pos="X">bolje</wf>
         <wf lemma="," pos="X">,</wf>
         <wf lemma="da" pos="X">da</wf>
         <wf lemma="so" pos="X">so</wf>
         <wf lemma="pri" pos="X">pri</wf>
         <wf lemma="napredovanju" pos="X">napredovanju</wf>
         <wf lemma="nekatere" pos="X">nekatere</wf>
         <wf lemma="izjeme" pos="X">izjeme</wf>
         <wf lemma="," pos="X">,</wf>
         <wf lemma="kot" pos="X">kot</wf>
         <wf lemma="pa" pos="X">pa</wf>
         <wf lemma="da" pos="X">da</wf>
         <wf lemma="na" pos="X">na</wf>
         <wf lemma="splošno" pos="X">splošno</wf>
         <wf lemma="znižajo" pos="X">znižajo</wf>
         <wf lemma="merila" pos="X">merila</wf>
         <wf lemma="," pos="X">,</wf>
         <wf lemma="kar" pos="X">kar</wf>
         <wf lemma="vsekakor" pos="X">vsekakor</wf>
         <wf lemma="ne" pos="X">ne</wf>
         <wf lemma="bi" pos="X">bi</wf>
         <wf lemma="prispevalo" pos="X">prispevalo</wf>
         <wf lemma="k" pos="X">k</wf>
         <wf lemma="boljšemu" pos="X">boljšemu</wf>
         <wf lemma="delovanju" pos="X">delovanju</wf>
         <wf lemma="vlade" pos="X">vlade</wf>
         <wf lemma="." pos="X">.</wf>
      </sentence>
      <sentence id="d000.s1664" source="wordnet-slovenian">
         <wf lemma="Nikolaj" pos="X">Nikolaj</wf>
         <wf lemma="V." pos="X">V.</wf>
         <wf lemma="je" pos="X">je</wf>
         <wf lemma="," pos="X">,</wf>
         <wf lemma="ko" pos="X">ko</wf>
         <wf lemma="je" pos="X">je</wf>
         <wf lemma="nastopil" pos="X">nastopil</wf>
         <wf lemma="papeško" pos="X">papeško</wf>
         <wf lemma="službo" pos="X">službo</wf>
         <wf lemma="," pos="X">,</wf>
         <wf lemma="plačal" pos="X">plačal</wf>
         <wf lemma="več" pos="X">več</wf>
         <wf lemma="kot" pos="X">kot</wf>
         <wf lemma="1000" pos="X">1000</wf>
         <wf lemma="funtov" pos="X">funtov</wf>
         <wf lemma="pesniku" pos="X">pesniku</wf>
         <wf lemma="Francescu" pos="X">Francescu</wf>
         <wf lemma="Filelfu" pos="X">Filelfu</wf>
         <wf lemma="," pos="X">,</wf>
         <wf lemma="da" pos="X">da</wf>
         <wf lemma="je" pos="X">je</wf>
         <wf lemma="napisal" pos="X">napisal</wf>
         <instance id="d000.s1664.t000" lemma="knjiga" pos="NOUN">knjigo</instance>
         <wf lemma="zgodb" pos="X">zgodb</wf>
         <wf lemma="," pos="X">,</wf>
         <wf lemma="ki" pos="X">ki</wf>
         <wf lemma="so" pos="X">so</wf>
         <wf lemma="jih" pos="X">jih</wf>
         <wf lemma="opisali" pos="X">opisali</wf>
         <wf lemma="kot" pos="X">kot</wf>
         <wf lemma="&quot;" pos="X">&quot;</wf>
         <wf lemma="najbolj" pos="X">najbolj</wf>
         <wf lemma="nagnusna" pos="X">nagnusna</wf>
         <wf lemma="dela" pos="X">dela</wf>
         <wf lemma="," pos="X">,</wf>
         <wf lemma="ki" pos="X">ki</wf>
         <wf lemma="jih" pos="X">jih</wf>
         <wf lemma="je" pos="X">je</wf>
         <wf lemma="kdaj" pos="X">kdaj</wf>
         <wf lemma="ustvarila" pos="X">ustvarila</wf>
         <wf lemma="surova" pos="X">surova</wf>
         <wf lemma="kljubovalnost" pos="X">kljubovalnost</wf>
         <wf lemma="in" pos="X">in</wf>
         <wf lemma="umazana" pos="X">umazana</wf>
         <wf lemma="domišljija" pos="X">domišljija</wf>
         <wf lemma="&quot;" pos="X">&quot;</wf>
         <wf lemma="." pos="X">.</wf>
      </sentence>
      <sentence id="d000.s1665" source="wordnet-slovenian">
         <wf lemma="Copyright" pos="X">Copyright</wf>
         <wf lemma="Salomon" pos="X">Salomon</wf>
         <wf lemma="d." pos="X">d.</wf>
         <wf lemma="o." pos="X">o.</wf>
         <wf lemma="o." pos="X">o.</wf>
         <wf lemma="," pos="X">,</wf>
         <wf lemma="vse" pos="X">vse</wf>
         <wf lemma="avtorske" pos="X">avtorske</wf>
         <instance id="d000.s1665.t000" lemma="pravica" pos="NOUN">pravice</instance>
         <wf lemma="pridržane" pos="X">pridržane</wf>
         <wf lemma="." pos="X">.</wf>
      </sentence>
      <sentence id="d000.s1666" source="wordnet-slovenian">
         <wf lemma="Seveda" pos="X">Seveda</wf>
         <wf lemma="pa" pos="X">pa</wf>
         <wf lemma="je" pos="X">je</wf>
         <wf lemma="gospod" pos="X">gospod</wf>
         <wf lemma="Lamut" pos="X">Lamut</wf>
         <wf lemma="v" pos="X">v</wf>
         <wf lemma="svoji" pos="X">svoji</wf>
         <wf lemma="rani" pos="X">rani</wf>
         <wf lemma="mladosti" pos="X">mladosti</wf>
         <wf lemma="," pos="X">,</wf>
         <wf lemma="in" pos="X">in</wf>
         <wf lemma="še" pos="X">še</wf>
         <wf lemma="kasneje" pos="X">kasneje</wf>
         <wf lemma="," pos="X">,</wf>
         <wf lemma="v" pos="X">v</wf>
         <wf lemma="svojih" pos="X">svojih</wf>
         <wf lemma="zrelih" pos="X">zrelih</wf>
         <instance id="d000.s1666.t000" lemma="leto" pos="NOUN">letih</instance>
         <wf lemma="," pos="X">,</wf>
         <wf lemma="zelo" pos="X">zelo</wf>
         <wf lemma="dobro" pos="X">dobro</wf>
         <wf lemma="spal" pos="X">spal</wf>
         <wf lemma="." pos="X">.</wf>
      </sentence>
      <sentence id="d000.s1667" source="wordnet-slovenian">
         <wf lemma="Nenadoma" pos="X">Nenadoma</wf>
         <wf lemma="se" pos="X">se</wf>
         <wf lemma="nam" pos="X">nam</wf>
         <wf lemma="vrnejo" pos="X">vrnejo</wf>
         <wf lemma="moči" pos="X">moči</wf>
         <wf lemma="in" pos="X">in</wf>
         <instance id="d000.s1667.t000" lemma="volja" pos="NOUN">volja</instance>
         <wf lemma="." pos="X">.</wf>
      </sentence>
      <sentence id="d000.s1668" source="wordnet-slovenian">
         <wf lemma="Za" pos="X">Za</wf>
         <wf lemma="navaden" pos="X">navaden</wf>
         <wf lemma="avtomobil" pos="X">avtomobil</wf>
         <wf lemma="je" pos="X">je</wf>
         <wf lemma="treba" pos="X">treba</wf>
         <wf lemma="odšteti" pos="X">odšteti</wf>
         <wf lemma="okrog" pos="X">okrog</wf>
         <wf lemma="6500" pos="X">6500</wf>
         <wf lemma="tolarjev" pos="X">tolarjev</wf>
         <wf lemma="mostovine" pos="X">mostovine</wf>
         <wf lemma="," pos="X">,</wf>
         <wf lemma="vožnja" pos="X">vožnja</wf>
         <wf lemma="po" pos="X">po</wf>
         <wf lemma="celotnem" pos="X">celotnem</wf>
         <wf lemma="objektu" pos="X">objektu</wf>
         <wf lemma="pa" pos="X">pa</wf>
         <wf lemma="traja" pos="X">traja</wf>
         <wf lemma="od" pos="X">od</wf>
         <wf lemma="15" pos="X">15</wf>
         <wf lemma="do" pos="X">do</wf>
         <wf lemma="20" pos="X">20</wf>
         <instance id="d000.s1668.t000" lemma="minuta" pos="NOUN">minut</instance>
         <wf lemma="." pos="X">.</wf>
      </sentence>
      <sentence id="d000.s1669" source="wordnet-slovenian">
         <wf lemma="Območje" pos="X">Območje</wf>
         <wf lemma="medenice" pos="X">medenice</wf>
         <wf lemma="je" pos="X">je</wf>
         <wf lemma="središče" pos="X">središče</wf>
         <instance id="d000.s1669.t000" lemma="telo" pos="NOUN">telesa</instance>
         <wf lemma="," pos="X">,</wf>
         <wf lemma="glavna" pos="X">glavna</wf>
         <wf lemma="peč" pos="X">peč</wf>
         <wf lemma="," pos="X">,</wf>
         <wf lemma="ki" pos="X">ki</wf>
         <wf lemma="greje" pos="X">greje</wf>
         <wf lemma="in" pos="X">in</wf>
         <wf lemma="uravnava" pos="X">uravnava</wf>
         <wf lemma="vse" pos="X">vse</wf>
         <wf lemma="telo" pos="X">telo</wf>
         <wf lemma="," pos="X">,</wf>
         <wf lemma="zato" pos="X">zato</wf>
         <wf lemma="bi" pos="X">bi</wf>
         <wf lemma="moralo" pos="X">moralo</wf>
         <wf lemma="biti" pos="X">biti</wf>
         <wf lemma="vedno" pos="X">vedno</wf>
         <wf lemma="toplo" pos="X">toplo</wf>
         <wf lemma="." pos="X">.</wf>
      </sentence>
      <sentence id="d000.s1670" source="wordnet-slovenian">
         <wf lemma="Proti" pos="X">Proti</wf>
         <wf lemma="njej" pos="X">njej</wf>
         <wf lemma="sta" pos="X">sta</wf>
         <wf lemma="pričala" pos="X">pričala</wf>
         <wf lemma="dva" pos="X">dva</wf>
         <wf lemma="delavca" pos="X">delavca</wf>
         <wf lemma="," pos="X">,</wf>
         <wf lemma="ki" pos="X">ki</wf>
         <wf lemma="sta" pos="X">sta</wf>
         <wf lemma="živela" pos="X">živela</wf>
         <wf lemma="v" pos="X">v</wf>
         <wf lemma="njeni" pos="X">njeni</wf>
         <instance id="d000.s1670.t000" lemma="hiša" pos="NOUN">hiši</instance>
         <wf lemma="." pos="X">.</wf>
      </sentence>
      <sentence id="d000.s1671" source="wordnet-slovenian">
         <wf lemma="Naključje" pos="X">Naključje</wf>
         <wf lemma="," pos="X">,</wf>
         <wf lemma="ki" pos="X">ki</wf>
         <wf lemma="je" pos="X">je</wf>
         <wf lemma="sprožilo" pos="X">sprožilo</wf>
         <wf lemma="zapleteni" pos="X">zapleteni</wf>
         <wf lemma="ustvarjalni" pos="X">ustvarjalni</wf>
         <wf lemma="proces" pos="X">proces</wf>
         <wf lemma="Lastne" pos="X">Lastne</wf>
         <wf lemma="sobe" pos="X">sobe</wf>
         <wf lemma="in" pos="X">in</wf>
         <wf lemma="s" pos="X">s</wf>
         <wf lemma="tem" pos="X">tem</wf>
         <wf lemma="posledično" pos="X">posledično</wf>
         <wf lemma="novo" pos="X">novo</wf>
         <wf lemma="usmeritev" pos="X">usmeritev</wf>
         <wf lemma="ženskega" pos="X">ženskega</wf>
         <wf lemma="samozavedanja" pos="X">samozavedanja</wf>
         <wf lemma="in" pos="X">in</wf>
         <wf lemma="nov" pos="X">nov</wf>
         <instance id="d000.s1671.t000" lemma="pogled" pos="NOUN">pogled</instance>
         <wf lemma="na" pos="X">na</wf>
         <wf lemma="zgodovino" pos="X">zgodovino</wf>
         <wf lemma="ženskega" pos="X">ženskega</wf>
         <wf lemma="pisanja" pos="X">pisanja</wf>
         <wf lemma="," pos="X">,</wf>
         <wf lemma="se" pos="X">se</wf>
         <wf lemma="je" pos="X">je</wf>
         <wf lemma="dogodilo" pos="X">dogodilo</wf>
         <wf lemma="–" pos="X">–</wf>
         <wf lemma="kot" pos="X">kot</wf>
         <wf lemma="je" pos="X">je</wf>
         <wf lemma="to" pos="X">to</wf>
         <wf lemma="že" pos="X">že</wf>
         <wf lemma="ljubezniva" pos="X">ljubezniva</wf>
         <wf lemma="narava" pos="X">narava</wf>
         <wf lemma="naključij" pos="X">naključij</wf>
         <wf lemma="–" pos="X">–</wf>
         <wf lemma="natanko" pos="X">natanko</wf>
         <wf lemma="v" pos="X">v</wf>
         <wf lemma="pravem" pos="X">pravem</wf>
         <wf lemma="trenutku" pos="X">trenutku</wf>
         <wf lemma="." pos="X">.</wf>
      </sentence>
      <sentence id="d000.s1672" source="wordnet-slovenian">
         <wf lemma="To" pos="X">To</wf>
         <wf lemma="počnem" pos="X">počnem</wf>
         <wf lemma="še" pos="X">še</wf>
         <wf lemma="danes" pos="X">danes</wf>
         <wf lemma="," pos="X">,</wf>
         <wf lemma="saj" pos="X">saj</wf>
         <wf lemma="se" pos="X">se</wf>
         <wf lemma="mi" pos="X">mi</wf>
         <wf lemma="vedno" pos="X">vedno</wf>
         <wf lemma="znova" pos="X">znova</wf>
         <wf lemma="primeri" pos="X">primeri</wf>
         <wf lemma="," pos="X">,</wf>
         <wf lemma="da" pos="X">da</wf>
         <wf lemma="me" pos="X">me</wf>
         <wf lemma="kdo" pos="X">kdo</wf>
         <wf lemma="iz" pos="X">iz</wf>
         <wf lemma="časopisne" pos="X">časopisne</wf>
         <wf lemma="redakcije" pos="X">redakcije</wf>
         <wf lemma="povpraša" pos="X">povpraša</wf>
         <wf lemma="na" pos="X">na</wf>
         <wf lemma="primer" pos="X">primer</wf>
         <wf lemma="," pos="X">,</wf>
         <wf lemma="kakšna" pos="X">kakšna</wf>
         <wf lemma="je" pos="X">je</wf>
         <wf lemma="časovna" pos="X">časovna</wf>
         <wf lemma="razlika" pos="X">razlika</wf>
         <wf lemma="med" pos="X">med</wf>
         <wf lemma="Madridom" pos="X">Madridom</wf>
         <wf lemma="in" pos="X">in</wf>
         <wf lemma="Ljubljano" pos="X">Ljubljano</wf>
         <wf lemma="ali" pos="X">ali</wf>
         <wf lemma="pa" pos="X">pa</wf>
         <wf lemma="," pos="X">,</wf>
         <wf lemma="kot" pos="X">kot</wf>
         <wf lemma="me" pos="X">me</wf>
         <wf lemma="je" pos="X">je</wf>
         <wf lemma="nekdo" pos="X">nekdo</wf>
         <wf lemma="z" pos="X">z</wf>
         <wf lemma="več" pos="X">več</wf>
         <wf lemma="kot" pos="X">kot</wf>
         <wf lemma="srednješolsko" pos="X">srednješolsko</wf>
         <wf lemma="izobrazbo" pos="X">izobrazbo</wf>
         <wf lemma="pred" pos="X">pred</wf>
         <instance id="d000.s1672.t000" lemma="leto" pos="NOUN">leti</instance>
         <wf lemma="vprašal" pos="X">vprašal</wf>
         <wf lemma="," pos="X">,</wf>
         <wf lemma="kakšen" pos="X">kakšen</wf>
         <wf lemma="letni" pos="X">letni</wf>
         <wf lemma="čas" pos="X">čas</wf>
         <wf lemma="je" pos="X">je</wf>
         <wf lemma="tam" pos="X">tam</wf>
         <wf lemma="v" pos="X">v</wf>
         <wf lemma="Sloveniji" pos="X">Sloveniji</wf>
         <wf lemma="," pos="X">,</wf>
         <wf lemma="prepričan" pos="X">prepričan</wf>
         <wf lemma="," pos="X">,</wf>
         <wf lemma="da" pos="X">da</wf>
         <wf lemma="sem" pos="X">sem</wf>
         <wf lemma="na" pos="X">na</wf>
         <wf lemma="drugi" pos="X">drugi</wf>
         <wf lemma="polobli" pos="X">polobli</wf>
         <wf lemma="." pos="X">.</wf>
      </sentence>
      <sentence id="d000.s1673" source="wordnet-slovenian">
         <wf lemma="V" pos="X">V</wf>
         <wf lemma="obratu" pos="X">obratu</wf>
         <wf lemma="bi" pos="X">bi</wf>
         <wf lemma="lahko" pos="X">lahko</wf>
         <wf lemma="na" pos="X">na</wf>
         <instance id="d000.s1673.t000" lemma="leto" pos="NOUN">leto</instance>
         <wf lemma="predelali" pos="X">predelali</wf>
         <wf lemma="6,5" pos="X">6,5</wf>
         <wf lemma="milijona" pos="X">milijona</wf>
         <wf lemma="litrov" pos="X">litrov</wf>
         <wf lemma="odpadnih" pos="X">odpadnih</wf>
         <wf lemma="olj" pos="X">olj</wf>
         <wf lemma="," pos="X">,</wf>
         <wf lemma="investicijska" pos="X">investicijska</wf>
         <wf lemma="vrednost" pos="X">vrednost</wf>
         <wf lemma="objekta" pos="X">objekta</wf>
         <wf lemma="pa" pos="X">pa</wf>
         <wf lemma="je" pos="X">je</wf>
         <wf lemma="po" pos="X">po</wf>
         <wf lemma="ocenah" pos="X">ocenah</wf>
         <wf lemma="štiri" pos="X">štiri</wf>
         <wf lemma="milijone" pos="X">milijone</wf>
         <wf lemma="ameriških" pos="X">ameriških</wf>
         <wf lemma="dolarjev" pos="X">dolarjev</wf>
         <wf lemma="." pos="X">.</wf>
      </sentence>
      <sentence id="d000.s1674" source="wordnet-slovenian">
         <wf lemma="Po" pos="X">Po</wf>
         <wf lemma="besedah" pos="X">besedah</wf>
         <wf lemma="ameriških" pos="X">ameriških</wf>
         <wf lemma="predstavnikov" pos="X">predstavnikov</wf>
         <wf lemma="je" pos="X">je</wf>
         <wf lemma="bil" pos="X">bil</wf>
         <wf lemma="posnet" pos="X">posnet</wf>
         <wf lemma="novembra" pos="X">novembra</wf>
         <wf lemma="," pos="X">,</wf>
         <wf lemma="našli" pos="X">našli</wf>
         <wf lemma="pa" pos="X">pa</wf>
         <wf lemma="so" pos="X">so</wf>
         <wf lemma="ga" pos="X">ga</wf>
         <wf lemma="v" pos="X">v</wf>
         <instance id="d000.s1674.t000" lemma="hiša" pos="NOUN">hiši</instance>
         <wf lemma="v" pos="X">v</wf>
         <wf lemma="Afganistanu" pos="X">Afganistanu</wf>
         <wf lemma="." pos="X">.</wf>
      </sentence>
      <sentence id="d000.s1675" source="wordnet-slovenian">
         <wf lemma="Francoza" pos="X">Francoza</wf>
         <wf lemma="sta" pos="X">sta</wf>
         <wf lemma="odšla" pos="X">odšla</wf>
         <wf lemma="naprej" pos="X">naprej</wf>
         <wf lemma="," pos="X">,</wf>
         <wf lemma="Nemci" pos="X">Nemci</wf>
         <wf lemma="pa" pos="X">pa</wf>
         <wf lemma="kar" pos="X">kar</wf>
         <wf lemma="nekaj" pos="X">nekaj</wf>
         <wf lemma="&quot;" pos="X">&quot;</wf>
         <wf lemma="čarajo" pos="X">čarajo</wf>
         <wf lemma="&quot;" pos="X">&quot;</wf>
         <wf lemma="cele" pos="X">cele</wf>
         <wf lemma="pol" pos="X">pol</wf>
         <instance id="d000.s1675.t000" lemma="ura" pos="NOUN">ure</instance>
         <wf lemma="," pos="X">,</wf>
         <wf lemma="preden" pos="X">preden</wf>
         <wf lemma="lahko" pos="X">lahko</wf>
         <wf lemma="nadaljujeva" pos="X">nadaljujeva</wf>
         <wf lemma="." pos="X">.</wf>
      </sentence>
      <sentence id="d000.s1676" source="wordnet-slovenian">
         <wf lemma="Ta" pos="X">Ta</wf>
         <wf lemma="nasprotna" pos="X">nasprotna</wf>
         <wf lemma="stališča" pos="X">stališča</wf>
         <wf lemma="pojasnjujejo" pos="X">pojasnjujejo</wf>
         <wf lemma="predvsem" pos="X">predvsem</wf>
         <wf lemma="z" pos="X">z</wf>
         <wf lemma="močno" pos="X">močno</wf>
         <wf lemma="polarizacijo" pos="X">polarizacijo</wf>
         <wf lemma="družbe" pos="X">družbe</wf>
         <wf lemma="," pos="X">,</wf>
         <wf lemma="ki" pos="X">ki</wf>
         <wf lemma="je" pos="X">je</wf>
         <wf lemma="po" pos="X">po</wf>
         <wf lemma="mnenju" pos="X">mnenju</wf>
         <instance id="d000.s1676.t000" lemma="večina" pos="NOUN">večine</instance>
         <wf lemma="opazovalcev" pos="X">opazovalcev</wf>
         <wf lemma="posledica" pos="X">posledica</wf>
         <wf lemma="ideologije" pos="X">ideologije</wf>
         <wf lemma="Fidesz" pos="X">Fidesz</wf>
         <wf lemma="-" pos="X">-</wf>
         <wf lemma="MPP" pos="X">MPP</wf>
         <wf lemma="," pos="X">,</wf>
         <wf lemma="ki" pos="X">ki</wf>
         <wf lemma="temelji" pos="X">temelji</wf>
         <wf lemma="na" pos="X">na</wf>
         <wf lemma="ustvarjanju" pos="X">ustvarjanju</wf>
         <wf lemma="bipolarnega" pos="X">bipolarnega</wf>
         <wf lemma="političnega" pos="X">političnega</wf>
         <wf lemma="sistema" pos="X">sistema</wf>
         <wf lemma="v" pos="X">v</wf>
         <wf lemma="državi" pos="X">državi</wf>
         <wf lemma="." pos="X">.</wf>
      </sentence>
      <sentence id="d000.s1677" source="wordnet-slovenian">
         <wf lemma="Smuknil" pos="X">Smuknil</wf>
         <wf lemma="je" pos="X">je</wf>
         <wf lemma="mimo" pos="X">mimo</wf>
         <wf lemma="nje" pos="X">nje</wf>
         <wf lemma="v" pos="X">v</wf>
         <instance id="d000.s1677.t000" lemma="hiša" pos="NOUN">hišo</instance>
         <wf lemma="in" pos="X">in</wf>
         <wf lemma="se" pos="X">se</wf>
         <wf lemma="napotil" pos="X">napotil</wf>
         <wf lemma="naravnost" pos="X">naravnost</wf>
         <wf lemma="po" pos="X">po</wf>
         <wf lemma="znani" pos="X">znani</wf>
         <wf lemma="poti" pos="X">poti</wf>
         <wf lemma="v" pos="X">v</wf>
         <wf lemma="spalnico" pos="X">spalnico</wf>
         <wf lemma="." pos="X">.</wf>
      </sentence>
      <sentence id="d000.s1678" source="wordnet-slovenian">
         <wf lemma="Starši" pos="X">Starši</wf>
         <wf lemma="," pos="X">,</wf>
         <wf lemma="ki" pos="X">ki</wf>
         <wf lemma="so" pos="X">so</wf>
         <wf lemma="bili" pos="X">bili</wf>
         <wf lemma="navzoči" pos="X">navzoči</wf>
         <wf lemma="na" pos="X">na</wf>
         <wf lemma="sestanku" pos="X">sestanku</wf>
         <wf lemma="," pos="X">,</wf>
         <wf lemma="so" pos="X">so</wf>
         <wf lemma="bili" pos="X">bili</wf>
         <wf lemma="ogorčeni" pos="X">ogorčeni</wf>
         <wf lemma="," pos="X">,</wf>
         <wf lemma="ker" pos="X">ker</wf>
         <wf lemma="jih" pos="X">jih</wf>
         <wf lemma="je" pos="X">je</wf>
         <wf lemma="vodstvo" pos="X">vodstvo</wf>
         <instance id="d000.s1678.t000" lemma="šola" pos="NOUN">šole</instance>
         <wf lemma="o" pos="X">o</wf>
         <wf lemma="namerah" pos="X">namerah</wf>
         <wf lemma="selitve" pos="X">selitve</wf>
         <wf lemma="obvestilo" pos="X">obvestilo</wf>
         <wf lemma="šele" pos="X">šele</wf>
         <wf lemma="deset" pos="X">deset</wf>
         <wf lemma="dni" pos="X">dni</wf>
         <wf lemma="pred" pos="X">pred</wf>
         <wf lemma="vpisom" pos="X">vpisom</wf>
         <wf lemma="v" pos="X">v</wf>
         <wf lemma="novo" pos="X">novo</wf>
         <wf lemma="šolsko" pos="X">šolsko</wf>
         <wf lemma="leto" pos="X">leto</wf>
         <wf lemma="." pos="X">.</wf>
      </sentence>
      <sentence id="d000.s1679" source="wordnet-slovenian">
         <wf lemma="Direktor" pos="X">Direktor</wf>
         <wf lemma="zavoda" pos="X">zavoda</wf>
         <wf lemma="za" pos="X">za</wf>
         <wf lemma="varstvo" pos="X">varstvo</wf>
         <instance id="d000.s1679.t000" lemma="okolje" pos="NOUN">okolja</instance>
         <wf lemma="dr." pos="X">dr.</wf>
         <wf lemma="Marko" pos="X">Marko</wf>
         <wf lemma="Notar" pos="X">Notar</wf>
         <wf lemma="pa" pos="X">pa</wf>
         <wf lemma="je" pos="X">je</wf>
         <wf lemma="pojasnil" pos="X">pojasnil</wf>
         <wf lemma="," pos="X">,</wf>
         <wf lemma="zakaj" pos="X">zakaj</wf>
         <wf lemma="je" pos="X">je</wf>
         <wf lemma="škoda" pos="X">škoda</wf>
         <wf lemma="," pos="X">,</wf>
         <wf lemma="ki" pos="X">ki</wf>
         <wf lemma="jo" pos="X">jo</wf>
         <wf lemma="naredijo" pos="X">naredijo</wf>
         <wf lemma="odjemalci" pos="X">odjemalci</wf>
         <wf lemma="gramoza" pos="X">gramoza</wf>
         <wf lemma="," pos="X">,</wf>
         <wf lemma="nepopravljiva" pos="X">nepopravljiva</wf>
         <wf lemma="za" pos="X">za</wf>
         <wf lemma="okolje" pos="X">okolje</wf>
         <wf lemma="." pos="X">.</wf>
      </sentence>
      <sentence id="d000.s1680" source="wordnet-slovenian">
         <wf lemma="&quot;" pos="X">&quot;</wf>
         <wf lemma="Ko" pos="X">Ko</wf>
         <wf lemma="predlagatelji" pos="X">predlagatelji</wf>
         <wf lemma="Bajukove" pos="X">Bajukove</wf>
         <instance id="d000.s1680.t000" lemma="vlada" pos="NOUN">vlade</instance>
         <wf lemma="ocenjujejo" pos="X">ocenjujejo</wf>
         <wf lemma="," pos="X">,</wf>
         <wf lemma="da" pos="X">da</wf>
         <wf lemma="v" pos="X">v</wf>
         <wf lemma="državnem" pos="X">državnem</wf>
         <wf lemma="zboru" pos="X">zboru</wf>
         <wf lemma="ne" pos="X">ne</wf>
         <wf lemma="morejo" pos="X">morejo</wf>
         <wf lemma="doseči" pos="X">doseči</wf>
         <wf lemma="več" pos="X">več</wf>
         <wf lemma="kot" pos="X">kot</wf>
         <wf lemma="45" pos="X">45</wf>
         <wf lemma="glasov" pos="X">glasov</wf>
         <wf lemma="," pos="X">,</wf>
         <wf lemma="torej" pos="X">torej</wf>
         <wf lemma="glas" pos="X">glas</wf>
         <wf lemma="premalo" pos="X">premalo</wf>
         <wf lemma="," pos="X">,</wf>
         <wf lemma="se" pos="X">se</wf>
         <wf lemma="zatekajo" pos="X">zatekajo</wf>
         <wf lemma="na" pos="X">na</wf>
         <wf lemma="vrhovno" pos="X">vrhovno</wf>
         <wf lemma="sodišče" pos="X">sodišče</wf>
         <wf lemma="," pos="X">,</wf>
         <wf lemma="kjer" pos="X">kjer</wf>
         <wf lemma="skušajo" pos="X">skušajo</wf>
         <wf lemma="najti" pos="X">najti</wf>
         <wf lemma="tisto" pos="X">tisto</wf>
         <wf lemma="," pos="X">,</wf>
         <wf lemma="česar" pos="X">česar</wf>
         <wf lemma="v" pos="X">v</wf>
         <wf lemma="državnem" pos="X">državnem</wf>
         <wf lemma="zboru" pos="X">zboru</wf>
         <wf lemma="niso" pos="X">niso</wf>
         <wf lemma="dobili" pos="X">dobili</wf>
         <wf lemma="," pos="X">,</wf>
         <wf lemma="&quot;" pos="X">&quot;</wf>
         <wf lemma="je" pos="X">je</wf>
         <wf lemma="dejal" pos="X">dejal</wf>
         <wf lemma="Golobič" pos="X">Golobič</wf>
         <wf lemma="." pos="X">.</wf>
      </sentence>
      <sentence id="d000.s1681" source="wordnet-slovenian">
         <wf lemma="Imeli" pos="X">Imeli</wf>
         <wf lemma="so" pos="X">so</wf>
         <wf lemma="jih" pos="X">jih</wf>
         <wf lemma="v" pos="X">v</wf>
         <wf lemma="deželnem" pos="X">deželnem</wf>
         <wf lemma="dvorcu" pos="X">dvorcu</wf>
         <wf lemma="," pos="X">,</wf>
         <wf lemma="v" pos="X">v</wf>
         <wf lemma="Metternichovem" pos="X">Metternichovem</wf>
         <wf lemma="stanovanju" pos="X">stanovanju</wf>
         <wf lemma="v" pos="X">v</wf>
         <wf lemma="Zoisovi" pos="X">Zoisovi</wf>
         <instance id="d000.s1681.t000" lemma="hiša" pos="NOUN">hiši</instance>
         <wf lemma="na" pos="X">na</wf>
         <wf lemma="Bregu" pos="X">Bregu</wf>
         <wf lemma="in" pos="X">in</wf>
         <wf lemma="drugod" pos="X">drugod</wf>
         <wf lemma="." pos="X">.</wf>
      </sentence>
      <sentence id="d000.s1682" source="wordnet-slovenian">
         <wf lemma="Dobili" pos="X">Dobili</wf>
         <wf lemma="smo" pos="X">smo</wf>
         <wf lemma="tudi" pos="X">tudi</wf>
         <wf lemma="taka" pos="X">taka</wf>
         <wf lemma="odgovora" pos="X">odgovora</wf>
         <wf lemma=":" pos="X">:</wf>
         <wf lemma="Vsaj" pos="X">Vsaj</wf>
         <wf lemma="pravilno" pos="X">pravilno</wf>
         <wf lemma="zložite" pos="X">zložite</wf>
         <instance id="d000.s1682.t000" lemma="stvar" pos="NOUN">stvari</instance>
         <wf lemma="." pos="X">.</wf>
         <wf lemma="." pos="X">.</wf>
         <wf lemma="." pos="X">.</wf>
      </sentence>
      <sentence id="d000.s1683" source="wordnet-slovenian">
         <wf lemma="Toda" pos="X">Toda</wf>
         <wf lemma="samo" pos="X">samo</wf>
         <wf lemma="Casanova" pos="X">Casanova</wf>
         <wf lemma="je" pos="X">je</wf>
         <wf lemma="bil" pos="X">bil</wf>
         <wf lemma="sposoben" pos="X">sposoben</wf>
         <wf lemma="ceniti" pos="X">ceniti</wf>
         <wf lemma="obe" pos="X">obe</wf>
         <instance id="d000.s1683.t000" lemma="stran" pos="NOUN">strani</instance>
         <wf lemma="njegove" pos="X">njegove</wf>
         <wf lemma="osebnosti" pos="X">osebnosti</wf>
         <wf lemma="." pos="X">.</wf>
      </sentence>
      <sentence id="d000.s1684" source="wordnet-slovenian">
         <wf lemma="Enajst" pos="X">Enajst</wf>
         <wf lemma="učencev" pos="X">učencev</wf>
         <wf lemma="osmega" pos="X">osmega</wf>
         <wf lemma="razreda" pos="X">razreda</wf>
         <wf lemma="osnovne" pos="X">osnovne</wf>
         <wf lemma="šole" pos="X">šole</wf>
         <wf lemma="Križevci" pos="X">Križevci</wf>
         <wf lemma="pri" pos="X">pri</wf>
         <wf lemma="Ljutomeru" pos="X">Ljutomeru</wf>
         <wf lemma="so" pos="X">so</wf>
         <wf lemma="v" pos="X">v</wf>
         <wf lemma="turističnem" pos="X">turističnem</wf>
         <wf lemma="krožku" pos="X">krožku</wf>
         <wf lemma="razmišljali" pos="X">razmišljali</wf>
         <wf lemma="," pos="X">,</wf>
         <wf lemma="kako" pos="X">kako</wf>
         <wf lemma="privabiti" pos="X">privabiti</wf>
         <wf lemma="v" pos="X">v</wf>
         <wf lemma="svoj" pos="X">svoj</wf>
         <instance id="d000.s1684.t000" lemma="kraj" pos="NOUN">kraj</instance>
         <wf lemma="še" pos="X">še</wf>
         <wf lemma="več" pos="X">več</wf>
         <wf lemma="obiskovalcev" pos="X">obiskovalcev</wf>
         <wf lemma="in" pos="X">in</wf>
         <wf lemma="turistov" pos="X">turistov</wf>
         <wf lemma="." pos="X">.</wf>
      </sentence>
      <sentence id="d000.s1685" source="wordnet-slovenian">
         <wf lemma="Kot" pos="X">Kot</wf>
         <wf lemma="je" pos="X">je</wf>
         <wf lemma="v" pos="X">v</wf>
         <wf lemma="četrtek" pos="X">četrtek</wf>
         <wf lemma="na" pos="X">na</wf>
         <wf lemma="novinarski" pos="X">novinarski</wf>
         <wf lemma="konferenci" pos="X">konferenci</wf>
         <wf lemma="povedal" pos="X">povedal</wf>
         <wf lemma="načelnik" pos="X">načelnik</wf>
         <wf lemma="uprave" pos="X">uprave</wf>
         <wf lemma="UNZ" pos="X">UNZ</wf>
         <wf lemma="Novo" pos="X">Novo</wf>
         <wf lemma="mesto" pos="X">mesto</wf>
         <wf lemma="Franci" pos="X">Franci</wf>
         <wf lemma="Povše" pos="X">Povše</wf>
         <wf lemma="," pos="X">,</wf>
         <wf lemma="lahko" pos="X">lahko</wf>
         <wf lemma="to" pos="X">to</wf>
         <wf lemma="eksplozivno" pos="X">eksplozivno</wf>
         <wf lemma="sredstvo" pos="X">sredstvo</wf>
         <wf lemma="prebije" pos="X">prebije</wf>
         <wf lemma="celo" pos="X">celo</wf>
         <wf lemma="30" pos="X">30</wf>
         <wf lemma="centimetrov" pos="X">centimetrov</wf>
         <wf lemma="debelo" pos="X">debelo</wf>
         <wf lemma="jekleno" pos="X">jekleno</wf>
         <wf lemma="ploščo" pos="X">ploščo</wf>
         <wf lemma="," pos="X">,</wf>
         <wf lemma="rokovanje" pos="X">rokovanje</wf>
         <wf lemma="z" pos="X">z</wf>
         <wf lemma="njim" pos="X">njim</wf>
         <wf lemma="pa" pos="X">pa</wf>
         <wf lemma="je" pos="X">je</wf>
         <wf lemma="zelo" pos="X">zelo</wf>
         <wf lemma="zahtevno" pos="X">zahtevno</wf>
         <wf lemma="," pos="X">,</wf>
         <wf lemma="zato" pos="X">zato</wf>
         <wf lemma="je" pos="X">je</wf>
         <instance id="d000.s1685.t000" lemma="možnost" pos="NOUN">možnost</instance>
         <wf lemma="samopoškodbe" pos="X">samopoškodbe</wf>
         <wf lemma="strelca" pos="X">strelca</wf>
         <wf lemma="velika" pos="X">velika</wf>
         <wf lemma="." pos="X">.</wf>
      </sentence>
      <sentence id="d000.s1686" source="wordnet-slovenian">
         <wf lemma="Tako" pos="X">Tako</wf>
         <wf lemma="je" pos="X">je</wf>
         <wf lemma="bilo" pos="X">bilo</wf>
         <wf lemma="," pos="X">,</wf>
         <wf lemma="odkar" pos="X">odkar</wf>
         <wf lemma="sta" pos="X">sta</wf>
         <wf lemma="s" pos="X">s</wf>
         <wf lemma="Petrom" pos="X">Petrom</wf>
         <wf lemma="McGrathom" pos="X">McGrathom</wf>
         <wf lemma="prekinila" pos="X">prekinila</wf>
         <instance id="d000.s1686.t000" lemma="razmerje" pos="NOUN">razmerje</instance>
         <wf lemma="," pos="X">,</wf>
         <wf lemma="ki" pos="X">ki</wf>
         <wf lemma="sta" pos="X">sta</wf>
         <wf lemma="ga" pos="X">ga</wf>
         <wf lemma="vedno" pos="X">vedno</wf>
         <wf lemma="znova" pos="X">znova</wf>
         <wf lemma="začenjala" pos="X">začenjala</wf>
         <wf lemma="in" pos="X">in</wf>
         <wf lemma="vedno" pos="X">vedno</wf>
         <wf lemma="znova" pos="X">znova</wf>
         <wf lemma="končevala" pos="X">končevala</wf>
         <wf lemma="." pos="X">.</wf>
      </sentence>
      <sentence id="d000.s1687" source="wordnet-slovenian">
         <wf lemma="Ni" pos="X">Ni</wf>
         <wf lemma="se" pos="X">se</wf>
         <wf lemma="spremenila" pos="X">spremenila</wf>
         <wf lemma="samo" pos="X">samo</wf>
         <instance id="d000.s1687.t000" lemma="oblika" pos="NOUN">oblika</instance>
         <wf lemma="Darwinove" pos="X">Darwinove</wf>
         <wf lemma="glave" pos="X">glave</wf>
         <wf lemma="," pos="X">,</wf>
         <wf lemma="ampak" pos="X">ampak</wf>
         <wf lemma="ves" pos="X">ves</wf>
         <wf lemma="njegov" pos="X">njegov</wf>
         <wf lemma="način" pos="X">način</wf>
         <wf lemma="življenja" pos="X">življenja</wf>
         <wf lemma="," pos="X">,</wf>
         <wf lemma="čutenja" pos="X">čutenja</wf>
         <wf lemma="in" pos="X">in</wf>
         <wf lemma="razmišljanja" pos="X">razmišljanja</wf>
         <wf lemma="." pos="X">.</wf>
      </sentence>
      <sentence id="d000.s1688" source="wordnet-slovenian">
         <wf lemma="Drnovšek" pos="X">Drnovšek</wf>
         <wf lemma="lani" pos="X">lani</wf>
         <wf lemma="izsilil" pos="X">izsilil</wf>
         <wf lemma="hitro" pos="X">hitro</wf>
         <wf lemma="profesionalizacijo" pos="X">profesionalizacijo</wf>
         <wf lemma="vojske" pos="X">vojske</wf>
         <wf lemma="," pos="X">,</wf>
         <wf lemma="šolski" pos="X">šolski</wf>
         <wf lemma="minister" pos="X">minister</wf>
         <wf lemma="Gaber" pos="X">Gaber</wf>
         <wf lemma="pa" pos="X">pa</wf>
         <wf lemma="predlaga" pos="X">predlaga</wf>
         <wf lemma="upočasnitev" pos="X">upočasnitev</wf>
         <instance id="d000.s1688.t000" lemma="projekt" pos="NOUN">projekta</instance>
         <wf lemma="." pos="X">.</wf>
      </sentence>
      <sentence id="d000.s1689" source="wordnet-slovenian">
         <wf lemma="ORGANIZACIJA" pos="X">ORGANIZACIJA</wf>
         <wf lemma="OZIROMA" pos="X">OZIROMA</wf>
         <wf lemma="DELODAJALEC" pos="X">DELODAJALEC</wf>
         <wf lemma="PO" pos="X">PO</wf>
         <wf lemma="ZDR" pos="X">ZDR</wf>
         <wf lemma="LAHKO" pos="X">LAHKO</wf>
         <wf lemma="ORGANIZIRA" pos="X">ORGANIZIRA</wf>
         <instance id="d000.s1689.t000" lemma="delo" pos="NOUN">DELO</instance>
         <wf lemma="NA" pos="X">NA</wf>
         <wf lemma="DOMU" pos="X">DOMU</wf>
         <wf lemma="," pos="X">,</wf>
         <wf lemma="ČE" pos="X">ČE</wf>
         <wf lemma="NARAVA" pos="X">NARAVA</wf>
         <wf lemma="DELA" pos="X">DELA</wf>
         <wf lemma="TO" pos="X">TO</wf>
         <wf lemma="DOPUŠČA" pos="X">DOPUŠČA</wf>
         <wf lemma="(" pos="X">(</wf>
         <wf lemma="26" pos="X">26</wf>
         <wf lemma="." pos="X">.</wf>
      </sentence>
      <sentence id="d000.s1690" source="wordnet-slovenian">
         <wf lemma="Ob" pos="X">Ob</wf>
         <wf lemma="50" pos="X">50</wf>
         <wf lemma="-" pos="X">-</wf>
         <wf lemma="letnici" pos="X">letnici</wf>
         <wf lemma="delovanja" pos="X">delovanja</wf>
         <wf lemma="odpira" pos="X">odpira</wf>
         <wf lemma="Koroški" pos="X">Koroški</wf>
         <wf lemma="pokrajinski" pos="X">pokrajinski</wf>
         <wf lemma="muzej" pos="X">muzej</wf>
         <wf lemma="priložnostno" pos="X">priložnostno</wf>
         <wf lemma="razstavo" pos="X">razstavo</wf>
         <wf lemma="s" pos="X">s</wf>
         <wf lemma="pregledom" pos="X">pregledom</wf>
         <wf lemma="razvoja" pos="X">razvoja</wf>
         <wf lemma="in" pos="X">in</wf>
         <wf lemma="delovanja" pos="X">delovanja</wf>
         <wf lemma="muzeja" pos="X">muzeja</wf>
         <wf lemma="od" pos="X">od</wf>
         <wf lemma="ustanovitve" pos="X">ustanovitve</wf>
         <wf lemma="Okrajnega" pos="X">Okrajnega</wf>
         <wf lemma="muzeja" pos="X">muzeja</wf>
         <wf lemma="NOB" pos="X">NOB</wf>
         <wf lemma="leta" pos="X">leta</wf>
         <wf lemma="1951" pos="X">1951</wf>
         <wf lemma="do" pos="X">do</wf>
         <wf lemma="zadnjega" pos="X">zadnjega</wf>
         <wf lemma="desetletja" pos="X">desetletja</wf>
         <wf lemma="delovanja" pos="X">delovanja</wf>
         <wf lemma="," pos="X">,</wf>
         <wf lemma="ko" pos="X">ko</wf>
         <wf lemma="so" pos="X">so</wf>
         <wf lemma="težišče" pos="X">težišče</wf>
         <wf lemma="dela" pos="X">dela</wf>
         <wf lemma="preusmerili" pos="X">preusmerili</wf>
         <wf lemma="na" pos="X">na</wf>
         <wf lemma="skrb" pos="X">skrb</wf>
         <wf lemma="za" pos="X">za</wf>
         <wf lemma="varstvo" pos="X">varstvo</wf>
         <wf lemma="premične" pos="X">premične</wf>
         <wf lemma="kulturne" pos="X">kulturne</wf>
         <wf lemma="dediščine" pos="X">dediščine</wf>
         <wf lemma="na" pos="X">na</wf>
         <instance id="d000.s1690.t000" lemma="območje" pos="NOUN">območju</instance>
         <wf lemma="Koroške" pos="X">Koroške</wf>
         <wf lemma="v" pos="X">v</wf>
         <wf lemma="Republiki" pos="X">Republiki</wf>
         <wf lemma="Sloveniji" pos="X">Sloveniji</wf>
         <wf lemma="." pos="X">.</wf>
      </sentence>
      <sentence id="d000.s1691" source="wordnet-slovenian">
         <wf lemma="Civilni" pos="X">Civilni</wf>
         <wf lemma="dialog" pos="X">dialog</wf>
         <wf lemma="je" pos="X">je</wf>
         <wf lemma="temelj" pos="X">temelj</wf>
         <wf lemma="sodelovanja" pos="X">sodelovanja</wf>
         <wf lemma="med" pos="X">med</wf>
         <instance id="d000.s1691.t000" lemma="država" pos="NOUN">državo</instance>
         <wf lemma="in" pos="X">in</wf>
         <wf lemma="NVO" pos="X">NVO</wf>
         <wf lemma="Na" pos="X">Na</wf>
         <wf lemma="prvi" pos="X">prvi</wf>
         <wf lemma="nacionalni" pos="X">nacionalni</wf>
         <wf lemma="konferenci" pos="X">konferenci</wf>
         <wf lemma="so" pos="X">so</wf>
         <wf lemma="predstavili" pos="X">predstavili</wf>
         <wf lemma="strateške" pos="X">strateške</wf>
         <wf lemma="dokumente" pos="X">dokumente</wf>
         <wf lemma="." pos="X">.</wf>
      </sentence>
      <sentence id="d000.s1692" source="wordnet-slovenian">
         <wf lemma="En" pos="X">En</wf>
         <wf lemma="dan" pos="X">dan</wf>
         <wf lemma="pri" pos="X">pri</wf>
         <wf lemma="tistih" pos="X">tistih</wf>
         <wf lemma="," pos="X">,</wf>
         <wf lemma="ki" pos="X">ki</wf>
         <wf lemma="so" pos="X">so</wf>
         <wf lemma="vključeni" pos="X">vključeni</wf>
         <wf lemma="v" pos="X">v</wf>
         <instance id="d000.s1692.t000" lemma="program" pos="NOUN">programe</instance>
         <wf lemma="razvoja" pos="X">razvoja</wf>
         <wf lemma="," pos="X">,</wf>
         <wf lemma="je" pos="X">je</wf>
         <wf lemma="mnogim" pos="X">mnogim</wf>
         <wf lemma="nakazal" pos="X">nakazal</wf>
         <wf lemma="nekatere" pos="X">nekatere</wf>
         <wf lemma="možnosti" pos="X">možnosti</wf>
         <wf lemma="za" pos="X">za</wf>
         <wf lemma="delo" pos="X">delo</wf>
         <wf lemma="." pos="X">.</wf>
      </sentence>
      <sentence id="d000.s1693" source="wordnet-slovenian">
         <wf lemma="Te" pos="X">Te</wf>
         <wf lemma="so" pos="X">so</wf>
         <wf lemma="v" pos="X">v</wf>
         <wf lemma="Ameriki" pos="X">Ameriki</wf>
         <wf lemma="obstajale" pos="X">obstajale</wf>
         <wf lemma="že" pos="X">že</wf>
         <wf lemma="med" pos="X">med</wf>
         <wf lemma="prvo" pos="X">prvo</wf>
         <wf lemma="svetovno" pos="X">svetovno</wf>
         <wf lemma="vojno" pos="X">vojno</wf>
         <wf lemma="," pos="X">,</wf>
         <wf lemma="zelo" pos="X">zelo</wf>
         <wf lemma="slovita" pos="X">slovita</wf>
         <wf lemma="je" pos="X">je</wf>
         <wf lemma="bila" pos="X">bila</wf>
         <wf lemma="tista" pos="X">tista</wf>
         <wf lemma="," pos="X">,</wf>
         <wf lemma="ki" pos="X">ki</wf>
         <wf lemma="so" pos="X">so</wf>
         <wf lemma="jo" pos="X">jo</wf>
         <wf lemma="od" pos="X">od</wf>
         <instance id="d000.s1693.t000" lemma="leto" pos="NOUN">leta</instance>
         <wf lemma="1915" pos="X">1915</wf>
         <wf lemma="prirejali" pos="X">prirejali</wf>
         <wf lemma="na" pos="X">na</wf>
         <wf lemma="starem" pos="X">starem</wf>
         <wf lemma="newyorškem" pos="X">newyorškem</wf>
         <wf lemma="hipodromu" pos="X">hipodromu</wf>
         <wf lemma="." pos="X">.</wf>
      </sentence>
      <sentence id="d000.s1694" source="wordnet-slovenian">
         <wf lemma="Ustvarjajo" pos="X">Ustvarjajo</wf>
         <wf lemma="namreč" pos="X">namreč</wf>
         <wf lemma="velike" pos="X">velike</wf>
         <wf lemma="zaslužke" pos="X">zaslužke</wf>
         <wf lemma="," pos="X">,</wf>
         <wf lemma="iz" pos="X">iz</wf>
         <wf lemma="katerih" pos="X">katerih</wf>
         <wf lemma="se" pos="X">se</wf>
         <wf lemma="posredno" pos="X">posredno</wf>
         <wf lemma="ali" pos="X">ali</wf>
         <wf lemma="neposredno" pos="X">neposredno</wf>
         <wf lemma="financira" pos="X">financira</wf>
         <wf lemma="avstrijska" pos="X">avstrijska</wf>
         <instance id="d000.s1694.t000" lemma="država" pos="NOUN">država</instance>
         <wf lemma="." pos="X">.</wf>
      </sentence>
      <sentence id="d000.s1695" source="wordnet-slovenian">
         <wf lemma="Ljudje" pos="X">Ljudje</wf>
         <wf lemma="s" pos="X">s</wf>
         <wf lemma="seboj" pos="X">seboj</wf>
         <wf lemma="nosimo" pos="X">nosimo</wf>
         <wf lemma="množico" pos="X">množico</wf>
         <wf lemma="podob" pos="X">podob</wf>
         <instance id="d000.s1695.t000" lemma="svet" pos="NOUN">sveta</instance>
         <wf lemma="," pos="X">,</wf>
         <wf lemma="ki" pos="X">ki</wf>
         <wf lemma="ga" pos="X">ga</wf>
         <wf lemma="še" pos="X">še</wf>
         <wf lemma="nikoli" pos="X">nikoli</wf>
         <wf lemma="nismo" pos="X">nismo</wf>
         <wf lemma="videli" pos="X">videli</wf>
         <wf lemma="," pos="X">,</wf>
         <wf lemma="razen" pos="X">razen</wf>
         <wf lemma="morda" pos="X">morda</wf>
         <wf lemma="po" pos="X">po</wf>
         <wf lemma="televiziji" pos="X">televiziji</wf>
         <wf lemma="." pos="X">.</wf>
      </sentence>
      <sentence id="d000.s1696" source="wordnet-slovenian">
         <wf lemma="(" pos="X">(</wf>
         <wf lemma="Foto" pos="X">Foto</wf>
         <wf lemma="6" pos="X">6</wf>
         <wf lemma=":" pos="X">:</wf>
         <wf lemma="Slika" pos="X">Slika</wf>
         <wf lemma="," pos="X">,</wf>
         <wf lemma="ki" pos="X">ki</wf>
         <wf lemma="je" pos="X">je</wf>
         <wf lemma="obšla" pos="X">obšla</wf>
         <instance id="d000.s1696.t000" lemma="svet" pos="NOUN">svet</instance>
         <wf lemma="." pos="X">.</wf>
      </sentence>
      <sentence id="d000.s1697" source="wordnet-slovenian">
         <wf lemma="Celje" pos="X">Celje</wf>
         <wf lemma="-" pos="X">-</wf>
         <wf lemma="Derbi" pos="X">Derbi</wf>
         <wf lemma="domače" pos="X">domače</wf>
         <wf lemma="scene" pos="X">scene</wf>
         <wf lemma="je" pos="X">je</wf>
         <wf lemma="bil" pos="X">bil</wf>
         <wf lemma="doslej" pos="X">doslej</wf>
         <wf lemma="najhujša" pos="X">najhujša</wf>
         <wf lemma="preizkušnja" pos="X">preizkušnja</wf>
         <wf lemma="večnih" pos="X">večnih</wf>
         <wf lemma="rokometnih" pos="X">rokometnih</wf>
         <wf lemma="prvakov" pos="X">prvakov</wf>
         <wf lemma="v" pos="X">v</wf>
         <wf lemma="tej" pos="X">tej</wf>
         <instance id="d000.s1697.t000" lemma="sezona" pos="NOUN">sezoni</instance>
         <wf lemma="." pos="X">.</wf>
      </sentence>
      <sentence id="d000.s1698" source="wordnet-slovenian">
         <wf lemma="Pred" pos="X">Pred</wf>
         <wf lemma="Casanovovo" pos="X">Casanovovo</wf>
         <instance id="d000.s1698.t000" lemma="hiša" pos="NOUN">hišo</instance>
         <wf lemma="v" pos="X">v</wf>
         <wf lemma="Durhamu" pos="X">Durhamu</wf>
         <wf lemma="sem" pos="X">sem</wf>
         <wf lemma="čakal" pos="X">čakal</wf>
         <wf lemma="štiri" pos="X">štiri</wf>
         <wf lemma="noči" pos="X">noči</wf>
         <wf lemma="." pos="X">.</wf>
      </sentence>
      <sentence id="d000.s1699" source="wordnet-slovenian">
         <wf lemma="Morfologija" pos="X">Morfologija</wf>
         <wf lemma=":" pos="X">:</wf>
         <wf lemma="Ima" pos="X">Ima</wf>
         <wf lemma="podolgovat" pos="X">podolgovat</wf>
         <wf lemma="," pos="X">,</wf>
         <wf lemma="jajčast" pos="X">jajčast</wf>
         <wf lemma="," pos="X">,</wf>
         <wf lemma="v" pos="X">v</wf>
         <wf lemma="hrbtnem" pos="X">hrbtnem</wf>
         <wf lemma="delu" pos="X">delu</wf>
         <wf lemma="sploščen" pos="X">sploščen</wf>
         <wf lemma="trup" pos="X">trup</wf>
         <wf lemma="," pos="X">,</wf>
         <wf lemma="majhna" pos="X">majhna</wf>
         <wf lemma="usta" pos="X">usta</wf>
         <wf lemma="," pos="X">,</wf>
         <wf lemma="v" pos="X">v</wf>
         <wf lemma="niz" pos="X">niz</wf>
         <wf lemma="razporejene" pos="X">razporejene</wf>
         <wf lemma="slabotne" pos="X">slabotne</wf>
         <wf lemma="zobce" pos="X">zobce</wf>
         <wf lemma="v" pos="X">v</wf>
         <wf lemma="zgornji" pos="X">zgornji</wf>
         <wf lemma="čeljusti" pos="X">čeljusti</wf>
         <wf lemma="," pos="X">,</wf>
         <wf lemma="skorajda" pos="X">skorajda</wf>
         <wf lemma="brezzobo" pos="X">brezzobo</wf>
         <wf lemma="spodnjo" pos="X">spodnjo</wf>
         <wf lemma="čeljust" pos="X">čeljust</wf>
         <wf lemma="in" pos="X">in</wf>
         <wf lemma="v" pos="X">v</wf>
         <wf lemma="nekakšno" pos="X">nekakšno</wf>
         <instance id="d000.s1699.t000" lemma="vrsta" pos="NOUN">vrsto</instance>
         <wf lemma="plošč" pos="X">plošč</wf>
         <wf lemma="sestavljene" pos="X">sestavljene</wf>
         <wf lemma="goltne" pos="X">goltne</wf>
         <wf lemma="zobe" pos="X">zobe</wf>
         <wf lemma="." pos="X">.</wf>
      </sentence>
      <sentence id="d000.s1700" source="wordnet-slovenian">
         <wf lemma="Precej" pos="X">Precej</wf>
         <wf lemma="dela" pos="X">dela</wf>
         <wf lemma="nas" pos="X">nas</wf>
         <wf lemma="čaka" pos="X">čaka</wf>
         <wf lemma="," pos="X">,</wf>
         <wf lemma="je" pos="X">je</wf>
         <wf lemma="zavzdihnil" pos="X">zavzdihnil</wf>
         <wf lemma="Lut" pos="X">Lut</wf>
         <wf lemma="," pos="X">,</wf>
         <wf lemma="ko" pos="X">ko</wf>
         <wf lemma="se" pos="X">se</wf>
         <wf lemma="je" pos="X">je</wf>
         <wf lemma="vrnil" pos="X">vrnil</wf>
         <wf lemma="iz" pos="X">iz</wf>
         <wf lemma="barake" pos="X">barake</wf>
         <wf lemma="," pos="X">,</wf>
         <wf lemma="z" pos="X">z</wf>
         <wf lemma="desnico" pos="X">desnico</wf>
         <wf lemma="neprestano" pos="X">neprestano</wf>
         <wf lemma="na" pos="X">na</wf>
         <wf lemma="svoji" pos="X">svoji</wf>
         <wf lemma="Juliji" pos="X">Juliji</wf>
         <wf lemma="," pos="X">,</wf>
         <wf lemma="kakor" pos="X">kakor</wf>
         <wf lemma="je" pos="X">je</wf>
         <wf lemma="bilo" pos="X">bilo</wf>
         <instance id="d000.s1700.t000" lemma="ime" pos="NOUN">ime</instance>
         <wf lemma="njegovi" pos="X">njegovi</wf>
         <wf lemma="dvocevki" pos="X">dvocevki</wf>
         <wf lemma="s" pos="X">s</wf>
         <wf lemma="skrajšano" pos="X">skrajšano</wf>
         <wf lemma="cevjo" pos="X">cevjo</wf>
         <wf lemma="." pos="X">.</wf>
      </sentence>
      <sentence id="d000.s1701" source="wordnet-slovenian">
         <wf lemma="Ta" pos="X">Ta</wf>
         <wf lemma="ima" pos="X">ima</wf>
         <wf lemma="možnosti" pos="X">možnosti</wf>
         <wf lemma="za" pos="X">za</wf>
         <wf lemma="to" pos="X">to</wf>
         <wf lemma="," pos="X">,</wf>
         <wf lemma="sovražnikove" pos="X">sovražnikove</wf>
         <instance id="d000.s1701.t000" lemma="ženska" pos="NOUN">ženske</instance>
         <wf lemma="ima" pos="X">ima</wf>
         <wf lemma="pred" pos="X">pred</wf>
         <wf lemma="nosom" pos="X">nosom</wf>
         <wf lemma="." pos="X">.</wf>
      </sentence>
      <sentence id="d000.s1702" source="wordnet-slovenian">
         <wf lemma="-" pos="X">-</wf>
         <wf lemma="Se" pos="X">Se</wf>
         <wf lemma="vam" pos="X">vam</wf>
         <wf lemma="zdi" pos="X">zdi</wf>
         <wf lemma="," pos="X">,</wf>
         <wf lemma="da" pos="X">da</wf>
         <wf lemma="Bush" pos="X">Bush</wf>
         <wf lemma="nadaljuje" pos="X">nadaljuje</wf>
         <wf lemma="ameriško" pos="X">ameriško</wf>
         <instance id="d000.s1702.t000" lemma="politika" pos="NOUN">politiko</instance>
         <wf lemma="," pos="X">,</wf>
         <wf lemma="samo" pos="X">samo</wf>
         <wf lemma="z" pos="X">z</wf>
         <wf lemma="bolj" pos="X">bolj</wf>
         <wf lemma="ostrimi" pos="X">ostrimi</wf>
         <wf lemma="sredstvi" pos="X">sredstvi</wf>
         <wf lemma="kot" pos="X">kot</wf>
         <wf lemma="Clinton" pos="X">Clinton</wf>
         <wf lemma="," pos="X">,</wf>
         <wf lemma="ali" pos="X">ali</wf>
         <wf lemma="vodi" pos="X">vodi</wf>
         <wf lemma="neko" pos="X">neko</wf>
         <wf lemma="povsem" pos="X">povsem</wf>
         <wf lemma="drugačno" pos="X">drugačno</wf>
         <wf lemma="zunanjo" pos="X">zunanjo</wf>
         <wf lemma="politiko" pos="X">politiko</wf>
         <wf lemma="," pos="X">,</wf>
         <wf lemma="ki" pos="X">ki</wf>
         <wf lemma="je" pos="X">je</wf>
         <wf lemma="pogojena" pos="X">pogojena</wf>
         <wf lemma="tudi" pos="X">tudi</wf>
         <wf lemma="z" pos="X">z</wf>
         <wf lemma="11." pos="X">11.</wf>
         <wf lemma="septembrom" pos="X">septembrom</wf>
         <wf lemma="?" pos="X">?</wf>
      </sentence>
      <sentence id="d000.s1703" source="wordnet-slovenian">
         <wf lemma="Toda" pos="X">Toda</wf>
         <wf lemma="rekla" pos="X">rekla</wf>
         <wf lemma="bi" pos="X">bi</wf>
         <wf lemma="," pos="X">,</wf>
         <wf lemma="da" pos="X">da</wf>
         <wf lemma="je" pos="X">je</wf>
         <wf lemma="tisto" pos="X">tisto</wf>
         <wf lemma="delo" pos="X">delo</wf>
         <wf lemma="," pos="X">,</wf>
         <wf lemma="za" pos="X">za</wf>
         <wf lemma="katero" pos="X">katero</wf>
         <wf lemma="je" pos="X">je</wf>
         <wf lemma="Jimmy" pos="X">Jimmy</wf>
         <wf lemma="rekel" pos="X">rekel</wf>
         <wf lemma="," pos="X">,</wf>
         <wf lemma="da" pos="X">da</wf>
         <wf lemma="je" pos="X">je</wf>
         <wf lemma="'" pos="X">'</wf>
         <wf lemma="prepozno" pos="X">prepozno</wf>
         <wf lemma="," pos="X">,</wf>
         <wf lemma="da" pos="X">da</wf>
         <wf lemma="bi" pos="X">bi</wf>
         <wf lemma="ga" pos="X">ga</wf>
         <wf lemma="odpovedali" pos="X">odpovedali</wf>
         <wf lemma="'" pos="X">'</wf>
         <wf lemma="," pos="X">,</wf>
         <wf lemma="v" pos="X">v</wf>
         <wf lemma="središču" pos="X">središču</wf>
         <wf lemma="vse" pos="X">vse</wf>
         <wf lemma="te" pos="X">te</wf>
         <instance id="d000.s1703.t000" lemma="zadeva" pos="NOUN">zadeve</instance>
         <wf lemma="o" pos="X">o</wf>
         <wf lemma="denarju" pos="X">denarju</wf>
         <wf lemma="in" pos="X">in</wf>
         <wf lemma="plačilu" pos="X">plačilu</wf>
         <wf lemma="." pos="X">.</wf>
      </sentence>
      <sentence id="d000.s1704" source="wordnet-slovenian">
         <wf lemma="Med" pos="X">Med</wf>
         <instance id="d000.s1704.t000" lemma="vojna" pos="NOUN">vojno</instance>
         <wf lemma="so" pos="X">so</wf>
         <wf lemma="jo" pos="X">jo</wf>
         <wf lemma="shranili" pos="X">shranili</wf>
         <wf lemma="v" pos="X">v</wf>
         <wf lemma="sosedski" pos="X">sosedski</wf>
         <wf lemma="hiši" pos="X">hiši</wf>
         <wf lemma="," pos="X">,</wf>
         <wf lemma="tako" pos="X">tako</wf>
         <wf lemma="da" pos="X">da</wf>
         <wf lemma="leta" pos="X">leta</wf>
         <wf lemma="1944" pos="X">1944</wf>
         <wf lemma="," pos="X">,</wf>
         <wf lemma="ko" pos="X">ko</wf>
         <wf lemma="je" pos="X">je</wf>
         <wf lemma="pogorel" pos="X">pogorel</wf>
         <wf lemma="dom" pos="X">dom</wf>
         <wf lemma="," pos="X">,</wf>
         <wf lemma="ni" pos="X">ni</wf>
         <wf lemma="končala" pos="X">končala</wf>
         <wf lemma="v" pos="X">v</wf>
         <wf lemma="ognju" pos="X">ognju</wf>
         <wf lemma="." pos="X">.</wf>
      </sentence>
      <sentence id="d000.s1705" source="wordnet-slovenian">
         <wf lemma="DELAVKA" pos="X">DELAVKA</wf>
         <wf lemma="," pos="X">,</wf>
         <wf lemma="ZA" pos="X">ZA</wf>
         <wf lemma="KATERO" pos="X">KATERO</wf>
         <wf lemma="JE" pos="X">JE</wf>
         <wf lemma="BILA" pos="X">BILA</wf>
         <wf lemma="S" pos="X">S</wf>
         <wf lemma="SKLEPOM" pos="X">SKLEPOM</wf>
         <wf lemma="SKUPNOSTI" pos="X">SKUPNOSTI</wf>
         <wf lemma="POKOJNINSKEGA" pos="X">POKOJNINSKEGA</wf>
         <wf lemma="IN" pos="X">IN</wf>
         <wf lemma="INVALIDSKEGA" pos="X">INVALIDSKEGA</wf>
         <wf lemma="ZAVAROVANJA" pos="X">ZAVAROVANJA</wf>
         <wf lemma="UGOTOVLJENA" pos="X">UGOTOVLJENA</wf>
         <wf lemma="SPREMENJENA" pos="X">SPREMENJENA</wf>
         <wf lemma="DELOVNA" pos="X">DELOVNA</wf>
         <wf lemma="ZMOŽNOST" pos="X">ZMOŽNOST</wf>
         <wf lemma="ZARADI" pos="X">ZARADI</wf>
         <wf lemma="POSLEDIC" pos="X">POSLEDIC</wf>
         <wf lemma="POKLICNE" pos="X">POKLICNE</wf>
         <wf lemma="BOLEZNI" pos="X">BOLEZNI</wf>
         <wf lemma="," pos="X">,</wf>
         <wf lemma="IMA" pos="X">IMA</wf>
         <instance id="d000.s1705.t000" lemma="pravica" pos="NOUN">PRAVICO</instance>
         <wf lemma="DO" pos="X">DO</wf>
         <wf lemma="PRERAZPOREDITVE" pos="X">PRERAZPOREDITVE</wf>
         <wf lemma="NA" pos="X">NA</wf>
         <wf lemma="DRUGO" pos="X">DRUGO</wf>
         <wf lemma="USTREZNO" pos="X">USTREZNO</wf>
         <wf lemma="DELOVNO" pos="X">DELOVNO</wf>
         <wf lemma="MESTO" pos="X">MESTO</wf>
         <wf lemma="V" pos="X">V</wf>
         <wf lemma="15" pos="X">15</wf>
         <wf lemma="DNEH" pos="X">DNEH</wf>
         <wf lemma="PO" pos="X">PO</wf>
         <wf lemma="DOKONČNOSTI" pos="X">DOKONČNOSTI</wf>
         <wf lemma="PRAVNOMOČNOSTI" pos="X">PRAVNOMOČNOSTI</wf>
         <wf lemma="SKLEPA" pos="X">SKLEPA</wf>
         <wf lemma="." pos="X">.</wf>
      </sentence>
      <sentence id="d000.s1706" source="wordnet-slovenian">
         <wf lemma="Po" pos="X">Po</wf>
         <instance id="d000.s1706.t000" lemma="beseda" pos="NOUN">besedah</instance>
         <wf lemma="državnega" pos="X">državnega</wf>
         <wf lemma="sekretarja" pos="X">sekretarja</wf>
         <wf lemma="Grega" pos="X">Grega</wf>
         <wf lemma="Viranta" pos="X">Viranta</wf>
         <wf lemma="," pos="X">,</wf>
         <wf lemma="ki" pos="X">ki</wf>
         <wf lemma="je" pos="X">je</wf>
         <wf lemma="na" pos="X">na</wf>
         <wf lemma="včerajšnjem" pos="X">včerajšnjem</wf>
         <wf lemma="srečanju" pos="X">srečanju</wf>
         <wf lemma="z" pos="X">z</wf>
         <wf lemma="novinarji" pos="X">novinarji</wf>
         <wf lemma="skupaj" pos="X">skupaj</wf>
         <wf lemma="z" pos="X">z</wf>
         <wf lemma="notranjim" pos="X">notranjim</wf>
         <wf lemma="ministrom" pos="X">ministrom</wf>
         <wf lemma="Radom" pos="X">Radom</wf>
         <wf lemma="Bohincem" pos="X">Bohincem</wf>
         <wf lemma="predstavil" pos="X">predstavil</wf>
         <wf lemma="dosedanji" pos="X">dosedanji</wf>
         <wf lemma="potek" pos="X">potek</wf>
         <wf lemma="reforme" pos="X">reforme</wf>
         <wf lemma="," pos="X">,</wf>
         <wf lemma="zakoni" pos="X">zakoni</wf>
         <wf lemma="na" pos="X">na</wf>
         <wf lemma="tem" pos="X">tem</wf>
         <wf lemma="področju" pos="X">področju</wf>
         <wf lemma="ne" pos="X">ne</wf>
         <wf lemma="prinašajo" pos="X">prinašajo</wf>
         <wf lemma="revolucije" pos="X">revolucije</wf>
         <wf lemma="," pos="X">,</wf>
         <wf lemma="pač" pos="X">pač</wf>
         <wf lemma="pa" pos="X">pa</wf>
         <wf lemma="evolucijo" pos="X">evolucijo</wf>
         <wf lemma="." pos="X">.</wf>
      </sentence>
      <sentence id="d000.s1707" source="wordnet-slovenian">
         <wf lemma="Rotovnik" pos="X">Rotovnik</wf>
         <wf lemma="se" pos="X">se</wf>
         <wf lemma="je" pos="X">je</wf>
         <wf lemma="v" pos="X">v</wf>
         <wf lemma="znamenje" pos="X">znamenje</wf>
         <wf lemma="protesta" pos="X">protesta</wf>
         <wf lemma="kljub" pos="X">kljub</wf>
         <wf lemma="temu" pos="X">temu</wf>
         <wf lemma="odločil" pos="X">odločil</wf>
         <wf lemma="prirediti" pos="X">prirediti</wf>
         <wf lemma="zabavo" pos="X">zabavo</wf>
         <wf lemma="," pos="X">,</wf>
         <wf lemma="ki" pos="X">ki</wf>
         <wf lemma="jo" pos="X">jo</wf>
         <wf lemma="bo" pos="X">bo</wf>
         <wf lemma="zaradi" pos="X">zaradi</wf>
         <wf lemma="nesodelovanja" pos="X">nesodelovanja</wf>
         <instance id="d000.s1707.t000" lemma="klub" pos="NOUN">kluba</instance>
         <wf lemma="tudi" pos="X">tudi</wf>
         <wf lemma="sam" pos="X">sam</wf>
         <wf lemma="financiral" pos="X">financiral</wf>
         <wf lemma="," pos="X">,</wf>
         <wf lemma="in" pos="X">in</wf>
         <wf lemma="bo" pos="X">bo</wf>
         <wf lemma="bo" pos="X">bo</wf>
         <wf lemma="danes" pos="X">danes</wf>
         <wf lemma="v" pos="X">v</wf>
         <wf lemma="klubu" pos="X">klubu</wf>
         <wf lemma="K4" pos="X">K4</wf>
         <wf lemma="." pos="X">.</wf>
      </sentence>
      <sentence id="d000.s1708" source="wordnet-slovenian">
         <wf lemma="Delo" pos="X">Delo</wf>
         <wf lemma="se" pos="X">se</wf>
         <wf lemma="v" pos="X">v</wf>
         <wf lemma="metodološkem" pos="X">metodološkem</wf>
         <wf lemma="pogledu" pos="X">pogledu</wf>
         <wf lemma="mimo" pos="X">mimo</wf>
         <wf lemma="Vidmarja" pos="X">Vidmarja</wf>
         <wf lemma="vrača" pos="X">vrača</wf>
         <wf lemma="k" pos="X">k</wf>
         <wf lemma="Tesničru" pos="X">Tesničru</wf>
         <wf lemma="ter" pos="X">ter</wf>
         <wf lemma="po" pos="X">po</wf>
         <wf lemma="orisu" pos="X">orisu</wf>
         <instance id="d000.s1708.t000" lemma="življenje" pos="NOUN">življenja</instance>
         <wf lemma="in" pos="X">in</wf>
         <wf lemma="dobe" pos="X">dobe</wf>
         <wf lemma="po" pos="X">po</wf>
         <wf lemma="zbirkah" pos="X">zbirkah</wf>
         <wf lemma="prikazuje" pos="X">prikazuje</wf>
         <wf lemma="razvoj" pos="X">razvoj</wf>
         <wf lemma="Župančičeve" pos="X">Župančičeve</wf>
         <wf lemma="lirike" pos="X">lirike</wf>
         <wf lemma="in" pos="X">in</wf>
         <wf lemma="zatem" pos="X">zatem</wf>
         <wf lemma="druga" pos="X">druga</wf>
         <wf lemma="področja" pos="X">področja</wf>
         <wf lemma="ustvarjanja" pos="X">ustvarjanja</wf>
         <wf lemma="," pos="X">,</wf>
         <wf lemma="dramatiko" pos="X">dramatiko</wf>
         <wf lemma="," pos="X">,</wf>
         <wf lemma="poskus" pos="X">poskus</wf>
         <wf lemma="epa" pos="X">epa</wf>
         <wf lemma="," pos="X">,</wf>
         <wf lemma="prozo" pos="X">prozo</wf>
         <wf lemma="in" pos="X">in</wf>
         <wf lemma="prevajanje" pos="X">prevajanje</wf>
         <wf lemma="." pos="X">.</wf>
      </sentence>
      <sentence id="d000.s1709" source="wordnet-slovenian">
         <wf lemma="Čez" pos="X">Čez</wf>
         <instance id="d000.s1709.t000" lemma="čas" pos="NOUN">čas</instance>
         <wf lemma="sem" pos="X">sem</wf>
         <wf lemma="izvedel" pos="X">izvedel</wf>
         <wf lemma="," pos="X">,</wf>
         <wf lemma="da" pos="X">da</wf>
         <wf lemma="se" pos="X">se</wf>
         <wf lemma="je" pos="X">je</wf>
         <wf lemma="vrnil" pos="X">vrnil</wf>
         <wf lemma="na" pos="X">na</wf>
         <wf lemma="Bled" pos="X">Bled</wf>
         <wf lemma="." pos="X">.</wf>
      </sentence>
      <sentence id="d000.s1710" source="wordnet-slovenian">
         <wf lemma="Slavnostni" pos="X">Slavnostni</wf>
         <wf lemma="govornik" pos="X">govornik</wf>
         <wf lemma="na" pos="X">na</wf>
         <wf lemma="petkovi" pos="X">petkovi</wf>
         <wf lemma="slovesnosti" pos="X">slovesnosti</wf>
         <wf lemma="je" pos="X">je</wf>
         <wf lemma="bil" pos="X">bil</wf>
         <instance id="d000.s1710.t000" lemma="predsednik" pos="NOUN">predsednik</instance>
         <wf lemma="GZS" pos="X">GZS</wf>
         <wf lemma="Jožko" pos="X">Jožko</wf>
         <wf lemma="Čuk" pos="X">Čuk</wf>
         <wf lemma="." pos="X">.</wf>
      </sentence>
      <sentence id="d000.s1711" source="wordnet-slovenian">
         <wf lemma="Prejšnji" pos="X">Prejšnji</wf>
         <wf lemma="lastnik" pos="X">lastnik</wf>
         <wf lemma="je" pos="X">je</wf>
         <wf lemma="sicer" pos="X">sicer</wf>
         <wf lemma="obvladoval" pos="X">obvladoval</wf>
         <wf lemma="svoj" pos="X">svoj</wf>
         <wf lemma="posel" pos="X">posel</wf>
         <wf lemma="," pos="X">,</wf>
         <wf lemma="obračanje" pos="X">obračanje</wf>
         <instance id="d000.s1711.t000" lemma="denar" pos="NOUN">denarja</instance>
         <wf lemma="," pos="X">,</wf>
         <wf lemma="ni" pos="X">ni</wf>
         <wf lemma="pa" pos="X">pa</wf>
         <wf lemma="se" pos="X">se</wf>
         <wf lemma="spoznal" pos="X">spoznal</wf>
         <wf lemma="na" pos="X">na</wf>
         <wf lemma="smučarijo" pos="X">smučarijo</wf>
         <wf lemma="in" pos="X">in</wf>
         <wf lemma="žičničarstvo" pos="X">žičničarstvo</wf>
         <wf lemma="." pos="X">.</wf>
      </sentence>
      <sentence id="d000.s1712" source="wordnet-slovenian">
         <wf lemma="Moški" pos="X">Moški</wf>
         <wf lemma="se" pos="X">se</wf>
         <wf lemma="bodo" pos="X">bodo</wf>
         <wf lemma="za" pos="X">za</wf>
         <wf lemma="zlate" pos="X">zlate</wf>
         <wf lemma="palice" pos="X">palice</wf>
         <wf lemma="merili" pos="X">merili</wf>
         <wf lemma="v" pos="X">v</wf>
         <wf lemma="teku" pos="X">teku</wf>
         <wf lemma="na" pos="X">na</wf>
         <wf lemma="200" pos="X">200</wf>
         <wf lemma="m" pos="X">m</wf>
         <wf lemma="," pos="X">,</wf>
         <wf lemma="800" pos="X">800</wf>
         <wf lemma="m" pos="X">m</wf>
         <wf lemma="," pos="X">,</wf>
         <wf lemma="1500" pos="X">1500</wf>
         <wf lemma="m" pos="X">m</wf>
         <wf lemma="," pos="X">,</wf>
         <wf lemma="400" pos="X">400</wf>
         <wf lemma="m" pos="X">m</wf>
         <wf lemma="z" pos="X">z</wf>
         <wf lemma="ovirami" pos="X">ovirami</wf>
         <wf lemma="," pos="X">,</wf>
         <wf lemma="troskoku" pos="X">troskoku</wf>
         <wf lemma="in" pos="X">in</wf>
         <wf lemma="metu" pos="X">metu</wf>
         <wf lemma="diska" pos="X">diska</wf>
         <wf lemma="," pos="X">,</wf>
         <instance id="d000.s1712.t000" lemma="ženska" pos="NOUN">ženske</instance>
         <wf lemma="pa" pos="X">pa</wf>
         <wf lemma="na" pos="X">na</wf>
         <wf lemma="100" pos="X">100</wf>
         <wf lemma="m" pos="X">m</wf>
         <wf lemma="," pos="X">,</wf>
         <wf lemma="400" pos="X">400</wf>
         <wf lemma="m" pos="X">m</wf>
         <wf lemma="," pos="X">,</wf>
         <wf lemma="1500" pos="X">1500</wf>
         <wf lemma="m" pos="X">m</wf>
         <wf lemma="," pos="X">,</wf>
         <wf lemma="3000" pos="X">3000</wf>
         <wf lemma="ali" pos="X">ali</wf>
         <wf lemma="5000" pos="X">5000</wf>
         <wf lemma="m" pos="X">m</wf>
         <wf lemma="," pos="X">,</wf>
         <wf lemma="100" pos="X">100</wf>
         <wf lemma="m" pos="X">m</wf>
         <wf lemma="z" pos="X">z</wf>
         <wf lemma="ovirami" pos="X">ovirami</wf>
         <wf lemma="in" pos="X">in</wf>
         <wf lemma="v" pos="X">v</wf>
         <wf lemma="skoku" pos="X">skoku</wf>
         <wf lemma="v" pos="X">v</wf>
         <wf lemma="višino" pos="X">višino</wf>
         <wf lemma="." pos="X">.</wf>
      </sentence>
      <sentence id="d000.s1713" source="wordnet-slovenian">
         <wf lemma="Tedaj" pos="X">Tedaj</wf>
         <wf lemma="sem" pos="X">sem</wf>
         <wf lemma="si" pos="X">si</wf>
         <wf lemma="pozorno" pos="X">pozorno</wf>
         <wf lemma="ogledal" pos="X">ogledal</wf>
         <wf lemma="njegove" pos="X">njegove</wf>
         <wf lemma="čekane" pos="X">čekane</wf>
         <wf lemma="v" pos="X">v</wf>
         <instance id="d000.s1713.t000" lemma="oblika" pos="NOUN">obliki</instance>
         <wf lemma="mečev" pos="X">mečev</wf>
         <wf lemma="in" pos="X">in</wf>
         <wf lemma="bral" pos="X">bral</wf>
         <wf lemma="na" pos="X">na</wf>
         <wf lemma="njih" pos="X">njih</wf>
         <wf lemma="besedi" pos="X">besedi</wf>
         <wf lemma="," pos="X">,</wf>
         <wf lemma="zapisani" pos="X">zapisani</wf>
         <wf lemma="z" pos="X">z</wf>
         <wf lemma="velikimi" pos="X">velikimi</wf>
         <wf lemma="črkami" pos="X">črkami</wf>
         <wf lemma="." pos="X">.</wf>
      </sentence>
      <sentence id="d000.s1714" source="wordnet-slovenian">
         <wf lemma="Na" pos="X">Na</wf>
         <wf lemma="letovanju" pos="X">letovanju</wf>
         <wf lemma="v" pos="X">v</wf>
         <wf lemma="tujini" pos="X">tujini</wf>
         <wf lemma="je" pos="X">je</wf>
         <instance id="d000.s1714.t000" lemma="denar" pos="NOUN">denar</instance>
         <wf lemma="najbolje" pos="X">najbolje</wf>
         <wf lemma="menjati" pos="X">menjati</wf>
         <wf lemma="v" pos="X">v</wf>
         <wf lemma="menjalnicah" pos="X">menjalnicah</wf>
         <wf lemma="oziroma" pos="X">oziroma</wf>
         <wf lemma="bankah" pos="X">bankah</wf>
         <wf lemma="," pos="X">,</wf>
         <wf lemma="ne" pos="X">ne</wf>
         <wf lemma="pa" pos="X">pa</wf>
         <wf lemma="na" pos="X">na</wf>
         <wf lemma="ulici" pos="X">ulici</wf>
         <wf lemma="," pos="X">,</wf>
         <wf lemma="kjer" pos="X">kjer</wf>
         <wf lemma="so" pos="X">so</wf>
         <wf lemma="turisti" pos="X">turisti</wf>
         <wf lemma="izpostavljeni" pos="X">izpostavljeni</wf>
         <wf lemma="prevaram" pos="X">prevaram</wf>
         <wf lemma="ali" pos="X">ali</wf>
         <wf lemma="pa" pos="X">pa</wf>
         <wf lemma="celo" pos="X">celo</wf>
         <wf lemma="roparjem" pos="X">roparjem</wf>
         <wf lemma="." pos="X">.</wf>
      </sentence>
      <sentence id="d000.s1715" source="wordnet-slovenian">
         <wf lemma="In" pos="X">In</wf>
         <wf lemma="ljudje" pos="X">ljudje</wf>
         <wf lemma="si" pos="X">si</wf>
         <wf lemma="ponavadi" pos="X">ponavadi</wf>
         <wf lemma="želijo" pos="X">želijo</wf>
         <wf lemma="tistega" pos="X">tistega</wf>
         <wf lemma="," pos="X">,</wf>
         <wf lemma="kar" pos="X">kar</wf>
         <wf lemma="se" pos="X">se</wf>
         <wf lemma="jim" pos="X">jim</wf>
         <wf lemma="zdi" pos="X">zdi</wf>
         <wf lemma="," pos="X">,</wf>
         <wf lemma="da" pos="X">da</wf>
         <wf lemma="od" pos="X">od</wf>
         <instance id="d000.s1715.t000" lemma="življenje" pos="NOUN">življenja</instance>
         <wf lemma="lahko" pos="X">lahko</wf>
         <wf lemma="pričakujejo" pos="X">pričakujejo</wf>
         <wf lemma="." pos="X">.</wf>
      </sentence>
      <sentence id="d000.s1716" source="wordnet-slovenian">
         <wf lemma="Zdi" pos="X">Zdi</wf>
         <wf lemma="se" pos="X">se</wf>
         <wf lemma="," pos="X">,</wf>
         <wf lemma="da" pos="X">da</wf>
         <wf lemma="so" pos="X">so</wf>
         <wf lemma="nove" pos="X">nove</wf>
         <wf lemma="tehnologije" pos="X">tehnologije</wf>
         <wf lemma="tesno" pos="X">tesno</wf>
         <wf lemma="povezane" pos="X">povezane</wf>
         <wf lemma="z" pos="X">z</wf>
         <instance id="d000.s1716.t000" lemma="oblika" pos="NOUN">oblikami</instance>
         <wf lemma="»" pos="X">»</wf>
         <wf lemma="privatizacije" pos="X">privatizacije</wf>
         <wf lemma="«" pos="X">«</wf>
         <wf lemma="," pos="X">,</wf>
         <wf lemma="ki" pos="X">ki</wf>
         <wf lemma="jih" pos="X">jih</wf>
         <wf lemma="je" pos="X">je</wf>
         <wf lemma="opisal" pos="X">opisal</wf>
         <wf lemma="Ros" pos="X">Ros</wf>
         <wf lemma="Pesetsky" pos="X">Pesetsky</wf>
         <wf lemma="(" pos="X">(</wf>
         <wf lemma="1981" pos="X">1981</wf>
         <wf lemma=")" pos="X">)</wf>
         <wf lemma="." pos="X">.</wf>
      </sentence>
      <sentence id="d000.s1717" source="wordnet-slovenian">
         <wf lemma="Pred" pos="X">Pred</wf>
         <wf lemma="dvema" pos="X">dvema</wf>
         <instance id="d000.s1717.t000" lemma="leto" pos="NOUN">letoma</instance>
         <wf lemma="je" pos="X">je</wf>
         <wf lemma="ta" pos="X">ta</wf>
         <wf lemma="tukaj" pos="X">tukaj</wf>
         <wf lemma="zablestela" pos="X">zablestela</wf>
         <wf lemma="s" pos="X">s</wf>
         <wf lemma="senzacionalno" pos="X">senzacionalno</wf>
         <wf lemma="štafetno" pos="X">štafetno</wf>
         <wf lemma="zmago" pos="X">zmago</wf>
         <wf lemma="," pos="X">,</wf>
         <wf lemma="lani" pos="X">lani</wf>
         <wf lemma="se" pos="X">se</wf>
         <wf lemma="je" pos="X">je</wf>
         <wf lemma="Avstrija" pos="X">Avstrija</wf>
         <wf lemma="spet" pos="X">spet</wf>
         <wf lemma="oddaljila" pos="X">oddaljila</wf>
         <wf lemma="od" pos="X">od</wf>
         <wf lemma="svetovnega" pos="X">svetovnega</wf>
         <wf lemma="vrha" pos="X">vrha</wf>
         <wf lemma="." pos="X">.</wf>
      </sentence>
      <sentence id="d000.s1718" source="wordnet-slovenian">
         <wf lemma="Predstavniki" pos="X">Predstavniki</wf>
         <wf lemma="podpisnikov" pos="X">podpisnikov</wf>
         <wf lemma="vsesplošnega" pos="X">vsesplošnega</wf>
         <wf lemma="kulturnega" pos="X">kulturnega</wf>
         <wf lemma="protesta" pos="X">protesta</wf>
         <wf lemma="proti" pos="X">proti</wf>
         <wf lemma="napovedanim" pos="X">napovedanim</wf>
         <wf lemma="spremembam" pos="X">spremembam</wf>
         <wf lemma="davčne" pos="X">davčne</wf>
         <wf lemma="zakonodaje" pos="X">zakonodaje</wf>
         <wf lemma="(" pos="X">(</wf>
         <wf lemma="podpisana" pos="X">podpisana</wf>
         <wf lemma="strokovna" pos="X">strokovna</wf>
         <wf lemma="stanovska" pos="X">stanovska</wf>
         <wf lemma="društva" pos="X">društva</wf>
         <wf lemma="," pos="X">,</wf>
         <wf lemma="združenja" pos="X">združenja</wf>
         <wf lemma="," pos="X">,</wf>
         <wf lemma="zveze" pos="X">zveze</wf>
         <wf lemma="," pos="X">,</wf>
         <wf lemma="sindikati" pos="X">sindikati</wf>
         <wf lemma="skupaj" pos="X">skupaj</wf>
         <wf lemma="štejejo" pos="X">štejejo</wf>
         <wf lemma="več" pos="X">več</wf>
         <wf lemma="tisoč" pos="X">tisoč</wf>
         <wf lemma="članov" pos="X">članov</wf>
         <wf lemma=")" pos="X">)</wf>
         <wf lemma="so" pos="X">so</wf>
         <wf lemma="za" pos="X">za</wf>
         <wf lemma="konstruktiven" pos="X">konstruktiven</wf>
         <wf lemma="dialog" pos="X">dialog</wf>
         <wf lemma="s" pos="X">s</wf>
         <instance id="d000.s1718.t000" lemma="politika" pos="NOUN">politiko</instance>
         <wf lemma="," pos="X">,</wf>
         <wf lemma="zato" pos="X">zato</wf>
         <wf lemma="bodo" pos="X">bodo</wf>
         <wf lemma="nekatere" pos="X">nekatere</wf>
         <wf lemma="svoje" pos="X">svoje</wf>
         <wf lemma="predloge" pos="X">predloge</wf>
         <wf lemma="(" pos="X">(</wf>
         <wf lemma="in" pos="X">in</wf>
         <wf lemma="na" pos="X">na</wf>
         <wf lemma="pogajanjih" pos="X">pogajanjih</wf>
         <wf lemma="večkrat" pos="X">večkrat</wf>
         <wf lemma="poudarjena" pos="X">poudarjena</wf>
         <wf lemma="stališča" pos="X">stališča</wf>
         <wf lemma=")" pos="X">)</wf>
         <wf lemma="skušali" pos="X">skušali</wf>
         <wf lemma="v" pos="X">v</wf>
         <wf lemma="obliki" pos="X">obliki</wf>
         <wf lemma="amandmajev" pos="X">amandmajev</wf>
         <wf lemma="spraviti" pos="X">spraviti</wf>
         <wf lemma="na" pos="X">na</wf>
         <wf lemma="poslanske" pos="X">poslanske</wf>
         <wf lemma="klopi" pos="X">klopi</wf>
         <wf lemma="." pos="X">.</wf>
      </sentence>
      <sentence id="d000.s1719" source="wordnet-slovenian">
         <wf lemma="-" pos="X">-</wf>
         <wf lemma="Svetovna" pos="X">Svetovna</wf>
         <wf lemma="gospodarska" pos="X">gospodarska</wf>
         <wf lemma="kriza" pos="X">kriza</wf>
         <wf lemma="trka" pos="X">trka</wf>
         <wf lemma="tudi" pos="X">tudi</wf>
         <wf lemma="na" pos="X">na</wf>
         <wf lemma="naša" pos="X">naša</wf>
         <instance id="d000.s1719.t000" lemma="vrata" pos="NOUN">vrata</instance>
         <wf lemma="." pos="X">.</wf>
      </sentence>
      <sentence id="d000.s1720" source="wordnet-slovenian">
         <wf lemma="-" pos="X">-</wf>
         <wf lemma="Tukaj" pos="X">Tukaj</wf>
         <wf lemma="so" pos="X">so</wf>
         <wf lemma="imeli" pos="X">imeli</wf>
         <wf lemma="dvodnevni" pos="X">dvodnevni</wf>
         <wf lemma="programski" pos="X">programski</wf>
         <wf lemma="sestanek" pos="X">sestanek</wf>
         <wf lemma="vodilni" pos="X">vodilni</wf>
         <wf lemma="sindikalisti" pos="X">sindikalisti</wf>
         <wf lemma="kovinsko" pos="X">kovinsko</wf>
         <wf lemma="predelovalne" pos="X">predelovalne</wf>
         <wf lemma="in" pos="X">in</wf>
         <wf lemma="elektro" pos="X">elektro</wf>
         <wf lemma="industrije" pos="X">industrije</wf>
         <wf lemma="držav" pos="X">držav</wf>
         <wf lemma="Višegrajske" pos="X">Višegrajske</wf>
         <instance id="d000.s1720.t000" lemma="skupina" pos="NOUN">skupine</instance>
         <wf lemma="in" pos="X">in</wf>
         <wf lemma="iz" pos="X">iz</wf>
         <wf lemma="bivših" pos="X">bivših</wf>
         <wf lemma="republik" pos="X">republik</wf>
         <wf lemma="Jugoslavije" pos="X">Jugoslavije</wf>
         <wf lemma="," pos="X">,</wf>
         <wf lemma="le" pos="X">le</wf>
         <wf lemma="črnogorski" pos="X">črnogorski</wf>
         <wf lemma="sindikalist" pos="X">sindikalist</wf>
         <wf lemma="je" pos="X">je</wf>
         <wf lemma="poslal" pos="X">poslal</wf>
         <wf lemma="samo" pos="X">samo</wf>
         <wf lemma="spodbudne" pos="X">spodbudne</wf>
         <wf lemma="telegramske" pos="X">telegramske</wf>
         <wf lemma="pozdrave" pos="X">pozdrave</wf>
         <wf lemma="." pos="X">.</wf>
      </sentence>
      <sentence id="d000.s1721" source="wordnet-slovenian">
         <wf lemma="Prisiljen" pos="X">Prisiljen</wf>
         <wf lemma="je" pos="X">je</wf>
         <wf lemma="bil" pos="X">bil</wf>
         <wf lemma="tekati" pos="X">tekati</wf>
         <wf lemma="z" pos="X">z</wf>
         <wf lemma="enega" pos="X">enega</wf>
         <wf lemma="na" pos="X">na</wf>
         <wf lemma="drugi" pos="X">drugi</wf>
         <instance id="d000.s1721.t000" lemma="konec" pos="NOUN">konec</instance>
         <wf lemma="poveljniškega" pos="X">poveljniškega</wf>
         <wf lemma="mostu" pos="X">mostu</wf>
         <wf lemma="," pos="X">,</wf>
         <wf lemma="da" pos="X">da</wf>
         <wf lemma="bi" pos="X">bi</wf>
         <wf lemma="vsi" pos="X">vsi</wf>
         <wf lemma="slišali" pos="X">slišali</wf>
         <wf lemma="njegove" pos="X">njegove</wf>
         <wf lemma="ukaze" pos="X">ukaze</wf>
         <wf lemma="." pos="X">.</wf>
      </sentence>
      <sentence id="d000.s1722" source="wordnet-slovenian">
         <wf lemma="-" pos="X">-</wf>
         <wf lemma="Ko" pos="X">Ko</wf>
         <wf lemma="sta" pos="X">sta</wf>
         <wf lemma="šla" pos="X">šla</wf>
         <wf lemma="policista" pos="X">policista</wf>
         <wf lemma="iz" pos="X">iz</wf>
         <wf lemma="Most" pos="X">Most</wf>
         <wf lemma="v" pos="X">v</wf>
         <wf lemma="soboto" pos="X">soboto</wf>
         <wf lemma="nekaj" pos="X">nekaj</wf>
         <wf lemma="pred" pos="X">pred</wf>
         <wf lemma="14." pos="X">14.</wf>
         <instance id="d000.s1722.t000" lemma="ura" pos="NOUN">uro</instance>
         <wf lemma="mimo" pos="X">mimo</wf>
         <wf lemma="gostinskega" pos="X">gostinskega</wf>
         <wf lemma="lokala" pos="X">lokala</wf>
         <wf lemma="Sladki" pos="X">Sladki</wf>
         <wf lemma="greh" pos="X">greh</wf>
         <wf lemma="na" pos="X">na</wf>
         <wf lemma="Brodarjevem" pos="X">Brodarjevem</wf>
         <wf lemma="trgu" pos="X">trgu</wf>
         <wf lemma="," pos="X">,</wf>
         <wf lemma="sta" pos="X">sta</wf>
         <wf lemma="opazila" pos="X">opazila</wf>
         <wf lemma="neznanca" pos="X">neznanca</wf>
         <wf lemma="," pos="X">,</wf>
         <wf lemma="ki" pos="X">ki</wf>
         <wf lemma="je" pos="X">je</wf>
         <wf lemma="imel" pos="X">imel</wf>
         <wf lemma="za" pos="X">za</wf>
         <wf lemma="pasom" pos="X">pasom</wf>
         <wf lemma="na" pos="X">na</wf>
         <wf lemma="hrbtu" pos="X">hrbtu</wf>
         <wf lemma="pištolo" pos="X">pištolo</wf>
         <wf lemma="." pos="X">.</wf>
      </sentence>
      <sentence id="d000.s1723" source="wordnet-slovenian">
         <wf lemma="&quot;" pos="X">&quot;</wf>
         <wf lemma="Tistega" pos="X">Tistega</wf>
         <wf lemma="večera" pos="X">večera</wf>
         <wf lemma="sem" pos="X">sem</wf>
         <wf lemma="preveč" pos="X">preveč</wf>
         <wf lemma="popil" pos="X">popil</wf>
         <wf lemma="," pos="X">,</wf>
         <wf lemma="zgodilo" pos="X">zgodilo</wf>
         <wf lemma="se" pos="X">se</wf>
         <wf lemma="je" pos="X">je</wf>
         <instance id="d000.s1723.t000" lemma="mesec" pos="NOUN">mesec</instance>
         <wf lemma="dni" pos="X">dni</wf>
         <wf lemma="po" pos="X">po</wf>
         <wf lemma="tem" pos="X">tem</wf>
         <wf lemma="," pos="X">,</wf>
         <wf lemma="ko" pos="X">ko</wf>
         <wf lemma="sem" pos="X">sem</wf>
         <wf lemma="izvedel" pos="X">izvedel</wf>
         <wf lemma="," pos="X">,</wf>
         <wf lemma="da" pos="X">da</wf>
         <wf lemma="me" pos="X">me</wf>
         <wf lemma="žena" pos="X">žena</wf>
         <wf lemma="vara" pos="X">vara</wf>
         <wf lemma="." pos="X">.</wf>
      </sentence>
      <sentence id="d000.s1724" source="wordnet-slovenian">
         <wf lemma="Če" pos="X">Če</wf>
         <wf lemma="pogledamo" pos="X">pogledamo</wf>
         <wf lemma="gibanje" pos="X">gibanje</wf>
         <wf lemma="tečaja" pos="X">tečaja</wf>
         <wf lemma="od" pos="X">od</wf>
         <instance id="d000.s1724.t000" lemma="začetek" pos="NOUN">začetka</instance>
         <wf lemma="avgusta" pos="X">avgusta</wf>
         <wf lemma="," pos="X">,</wf>
         <wf lemma="lahko" pos="X">lahko</wf>
         <wf lemma="zaznamo" pos="X">zaznamo</wf>
         <wf lemma="," pos="X">,</wf>
         <wf lemma="da" pos="X">da</wf>
         <wf lemma="tečaj" pos="X">tečaj</wf>
         <wf lemma="počasi" pos="X">počasi</wf>
         <wf lemma="končuje" pos="X">končuje</wf>
         <wf lemma="formacijo" pos="X">formacijo</wf>
         <wf lemma="kljuna" pos="X">kljuna</wf>
         <wf lemma="." pos="X">.</wf>
      </sentence>
      <sentence id="d000.s1725" source="wordnet-slovenian">
         <wf lemma="Tako" pos="X">Tako</wf>
         <wf lemma="imenovana" pos="X">imenovana</wf>
         <wf lemma="endemična" pos="X">endemična</wf>
         <wf lemma="golšavost" pos="X">golšavost</wf>
         <wf lemma="je" pos="X">je</wf>
         <wf lemma="bila" pos="X">bila</wf>
         <wf lemma="značilna" pos="X">značilna</wf>
         <wf lemma="za" pos="X">za</wf>
         <wf lemma="tiste" pos="X">tiste</wf>
         <wf lemma="kraje" pos="X">kraje</wf>
         <wf lemma="," pos="X">,</wf>
         <wf lemma="kjer" pos="X">kjer</wf>
         <wf lemma="v" pos="X">v</wf>
         <instance id="d000.s1725.t000" lemma="voda" pos="NOUN">vodi</instance>
         <wf lemma="in" pos="X">in</wf>
         <wf lemma="hrani" pos="X">hrani</wf>
         <wf lemma="primanjkuje" pos="X">primanjkuje</wf>
         <wf lemma="joda" pos="X">joda</wf>
         <wf lemma="." pos="X">.</wf>
      </sentence>
      <sentence id="d000.s1726" source="wordnet-slovenian">
         <wf lemma="Središče" pos="X">Središče</wf>
         <instance id="d000.s1726.t000" lemma="mesto" pos="NOUN">mesta</instance>
         <wf lemma="zamira" pos="X">zamira</wf>
         <wf lemma="." pos="X">.</wf>
      </sentence>
      <sentence id="d000.s1727" source="wordnet-slovenian">
         <wf lemma="V" pos="X">V</wf>
         <wf lemma="spalnici" pos="X">spalnici</wf>
         <wf lemma="švigajo" pos="X">švigajo</wf>
         <wf lemma="ognjemeti" pos="X">ognjemeti</wf>
         <wf lemma="," pos="X">,</wf>
         <wf lemma="a" pos="X">a</wf>
         <wf lemma="če" pos="X">če</wf>
         <wf lemma="njuni" pos="X">njuni</wf>
         <instance id="d000.s1727.t000" lemma="volja" pos="NOUN">volji</instance>
         <wf lemma="trčita" pos="X">trčita</wf>
         <wf lemma="," pos="X">,</wf>
         <wf lemma="mora" pos="X">mora</wf>
         <wf lemma="Tehtnica" pos="X">Tehtnica</wf>
         <wf lemma="popustiti" pos="X">popustiti</wf>
         <wf lemma="." pos="X">.</wf>
      </sentence>
      <sentence id="d000.s1728" source="wordnet-slovenian">
         <wf lemma="Rock" pos="X">Rock</wf>
         <wf lemma="skupino" pos="X">skupino</wf>
         <wf lemma="Res" pos="X">Res</wf>
         <wf lemma="Nullius" pos="X">Nullius</wf>
         <wf lemma="sestavljajo" pos="X">sestavljajo</wf>
         <wf lemma="velenjski" pos="X">velenjski</wf>
         <wf lemma="glasbeniki" pos="X">glasbeniki</wf>
         <wf lemma="Zoran" pos="X">Zoran</wf>
         <wf lemma="Benčič" pos="X">Benčič</wf>
         <wf lemma="(" pos="X">(</wf>
         <instance id="d000.s1728.t000" lemma="glas" pos="NOUN">glas</instance>
         <wf lemma=")" pos="X">)</wf>
         <wf lemma="," pos="X">,</wf>
         <wf lemma="Boštjan" pos="X">Boštjan</wf>
         <wf lemma="Senegačnik" pos="X">Senegačnik</wf>
         <wf lemma="(" pos="X">(</wf>
         <wf lemma="kitara" pos="X">kitara</wf>
         <wf lemma=")" pos="X">)</wf>
         <wf lemma="," pos="X">,</wf>
         <wf lemma="Grega" pos="X">Grega</wf>
         <wf lemma="Sevnik" pos="X">Sevnik</wf>
         <wf lemma="(" pos="X">(</wf>
         <wf lemma="bas" pos="X">bas</wf>
         <wf lemma=")" pos="X">)</wf>
         <wf lemma="in" pos="X">in</wf>
         <wf lemma="Bojan" pos="X">Bojan</wf>
         <wf lemma="Stopar" pos="X">Stopar</wf>
         <wf lemma="(" pos="X">(</wf>
         <wf lemma="bobni" pos="X">bobni</wf>
         <wf lemma=")" pos="X">)</wf>
         <wf lemma="." pos="X">.</wf>
      </sentence>
      <sentence id="d000.s1729" source="wordnet-slovenian">
         <wf lemma="Tudi" pos="X">Tudi</wf>
         <wf lemma="zato" pos="X">zato</wf>
         <wf lemma="s" pos="X">s</wf>
         <wf lemma="tovrstnim" pos="X">tovrstnim</wf>
         <wf lemma="nasiljem" pos="X">nasiljem</wf>
         <wf lemma="ne" pos="X">ne</wf>
         <wf lemma="ravnatelji" pos="X">ravnatelji</wf>
         <wf lemma="ne" pos="X">ne</wf>
         <wf lemma="učitelji" pos="X">učitelji</wf>
         <wf lemma="nimajo" pos="X">nimajo</wf>
         <wf lemma="izkušenj" pos="X">izkušenj</wf>
         <wf lemma="in" pos="X">in</wf>
         <wf lemma="ravnateljica" pos="X">ravnateljica</wf>
         <wf lemma="ljubljanske" pos="X">ljubljanske</wf>
         <instance id="d000.s1729.t000" lemma="šola" pos="NOUN">šole</instance>
         <wf lemma="je" pos="X">je</wf>
         <wf lemma="ravnala" pos="X">ravnala</wf>
         <wf lemma="prav" pos="X">prav</wf>
         <wf lemma="," pos="X">,</wf>
         <wf lemma="ko" pos="X">ko</wf>
         <wf lemma="se" pos="X">se</wf>
         <wf lemma="je" pos="X">je</wf>
         <wf lemma="nemudoma" pos="X">nemudoma</wf>
         <wf lemma="po" pos="X">po</wf>
         <wf lemma="pomoč" pos="X">pomoč</wf>
         <wf lemma="obrnila" pos="X">obrnila</wf>
         <wf lemma="na" pos="X">na</wf>
         <wf lemma="Svetovalni" pos="X">Svetovalni</wf>
         <wf lemma="center" pos="X">center</wf>
         <wf lemma="za" pos="X">za</wf>
         <wf lemma="otroke" pos="X">otroke</wf>
         <wf lemma="," pos="X">,</wf>
         <wf lemma="mladostnike" pos="X">mladostnike</wf>
         <wf lemma="in" pos="X">in</wf>
         <wf lemma="starše" pos="X">starše</wf>
         <wf lemma="." pos="X">.</wf>
      </sentence>
      <sentence id="d000.s1730" source="wordnet-slovenian">
         <wf lemma="Spoznaval" pos="X">Spoznaval</wf>
         <wf lemma="sem" pos="X">sem</wf>
         <wf lemma="," pos="X">,</wf>
         <wf lemma="morda" pos="X">morda</wf>
         <wf lemma="prvič" pos="X">prvič</wf>
         <wf lemma="," pos="X">,</wf>
         <wf lemma="da" pos="X">da</wf>
         <wf lemma="o" pos="X">o</wf>
         <wf lemma="vsej" pos="X">vsej</wf>
         <wf lemma="silni" pos="X">silni</wf>
         <wf lemma="želji" pos="X">želji</wf>
         <wf lemma="in" pos="X">in</wf>
         <wf lemma="hotenju" pos="X">hotenju</wf>
         <wf lemma="," pos="X">,</wf>
         <wf lemma="ki" pos="X">ki</wf>
         <wf lemma="ga" pos="X">ga</wf>
         <wf lemma="je" pos="X">je</wf>
         <wf lemma="zganila" pos="X">zganila</wf>
         <wf lemma="v" pos="X">v</wf>
         <wf lemma="meni" pos="X">meni</wf>
         <wf lemma="," pos="X">,</wf>
         <wf lemma="ni" pos="X">ni</wf>
         <wf lemma="mogoče" pos="X">mogoče</wf>
         <wf lemma="povedati" pos="X">povedati</wf>
         <wf lemma="z" pos="X">z</wf>
         <instance id="d000.s1730.t000" lemma="beseda" pos="NOUN">besedami</instance>
         <wf lemma="," pos="X">,</wf>
         <wf lemma="zato" pos="X">zato</wf>
         <wf lemma="nisem" pos="X">nisem</wf>
         <wf lemma="niti" pos="X">niti</wf>
         <wf lemma="poskusil" pos="X">poskusil</wf>
         <wf lemma="." pos="X">.</wf>
      </sentence>
      <sentence id="d000.s1731" source="wordnet-slovenian">
         <wf lemma="Ob" pos="X">Ob</wf>
         <wf lemma="uvedbi" pos="X">uvedbi</wf>
         <wf lemma="DDV" pos="X">DDV</wf>
         <wf lemma="pa" pos="X">pa</wf>
         <wf lemma="vsaj" pos="X">vsaj</wf>
         <wf lemma="dva" pos="X">dva</wf>
         <instance id="d000.s1731.t000" lemma="mesec" pos="NOUN">meseca</instance>
         <wf lemma="teh" pos="X">teh</wf>
         <wf lemma="prihodkov" pos="X">prihodkov</wf>
         <wf lemma="ni" pos="X">ni</wf>
         <wf lemma="mogoče" pos="X">mogoče</wf>
         <wf lemma="pričakovati" pos="X">pričakovati</wf>
         <wf lemma="." pos="X">.</wf>
      </sentence>
      <sentence id="d000.s1732" source="wordnet-slovenian">
         <wf lemma="Kaliban" pos="X">Kaliban</wf>
         <wf lemma="je" pos="X">je</wf>
         <wf lemma="bil" pos="X">bil</wf>
         <wf lemma="sam" pos="X">sam</wf>
         <wf lemma="svoj" pos="X">svoj</wf>
         <wf lemma="in" pos="X">in</wf>
         <wf lemma="sam" pos="X">sam</wf>
         <wf lemma="sebi" pos="X">sebi</wf>
         <wf lemma="kralj" pos="X">kralj</wf>
         <wf lemma="," pos="X">,</wf>
         <wf lemma="zdaj" pos="X">zdaj</wf>
         <wf lemma="pa" pos="X">pa</wf>
         <wf lemma="je" pos="X">je</wf>
         <wf lemma="suženj" pos="X">suženj</wf>
         <wf lemma="," pos="X">,</wf>
         <wf lemma="ki" pos="X">ki</wf>
         <wf lemma="mora" pos="X">mora</wf>
         <wf lemma="opravljati" pos="X">opravljati</wf>
         <wf lemma="najtežja" pos="X">najtežja</wf>
         <instance id="d000.s1732.t000" lemma="delo" pos="NOUN">dela</instance>
         <wf lemma="." pos="X">.</wf>
      </sentence>
      <sentence id="d000.s1733" source="wordnet-slovenian">
         <wf lemma="Kasneje" pos="X">Kasneje</wf>
         <wf lemma="je" pos="X">je</wf>
         <wf lemma="skupina" pos="X">skupina</wf>
         <wf lemma="moških" pos="X">moških</wf>
         <wf lemma="plačala" pos="X">plačala</wf>
         <wf lemma="račun" pos="X">račun</wf>
         <wf lemma="za" pos="X">za</wf>
         <wf lemma="Lindsay" pos="X">Lindsay</wf>
         <wf lemma="," pos="X">,</wf>
         <wf lemma="ob" pos="X">ob</wf>
         <wf lemma="tem" pos="X">tem</wf>
         <wf lemma="pa" pos="X">pa</wf>
         <wf lemma="so" pos="X">so</wf>
         <wf lemma="ji" pos="X">ji</wf>
         <wf lemma="pustili" pos="X">pustili</wf>
         <wf lemma="še" pos="X">še</wf>
         <wf lemma="kratko" pos="X">kratko</wf>
         <wf lemma="sporočilce" pos="X">sporočilce</wf>
         <wf lemma=":" pos="X">:</wf>
         <wf lemma="Ker" pos="X">Ker</wf>
         <wf lemma="vam" pos="X">vam</wf>
         <wf lemma="ni" pos="X">ni</wf>
         <wf lemma="bilo" pos="X">bilo</wf>
         <wf lemma="treba" pos="X">treba</wf>
         <wf lemma="plačati" pos="X">plačati</wf>
         <wf lemma="računa" pos="X">računa</wf>
         <wf lemma="," pos="X">,</wf>
         <wf lemma="ta" pos="X">ta</wf>
         <instance id="d000.s1733.t000" lemma="denar" pos="NOUN">denar</instance>
         <wf lemma="raje" pos="X">raje</wf>
         <wf lemma="uporabite" pos="X">uporabite</wf>
         <wf lemma="za" pos="X">za</wf>
         <wf lemma="tečaj" pos="X">tečaj</wf>
         <wf lemma="lepega" pos="X">lepega</wf>
         <wf lemma="vedenja" pos="X">vedenja</wf>
         <wf lemma="." pos="X">.</wf>
      </sentence>
      <sentence id="d000.s1734" source="wordnet-slovenian">
         <wf lemma="V" pos="X">V</wf>
         <wf lemma="zadnjem" pos="X">zadnjem</wf>
         <wf lemma="času" pos="X">času</wf>
         <wf lemma="število" pos="X">število</wf>
         <wf lemma="nekoliko" pos="X">nekoliko</wf>
         <wf lemma="narašča" pos="X">narašča</wf>
         <wf lemma="," pos="X">,</wf>
         <wf lemma="trenutno" pos="X">trenutno</wf>
         <wf lemma="poznam" pos="X">poznam</wf>
         <wf lemma="dvanajst" pos="X">dvanajst</wf>
         <instance id="d000.s1734.t000" lemma="primer" pos="NOUN">primerov</instance>
         <wf lemma="," pos="X">,</wf>
         <wf lemma="ki" pos="X">ki</wf>
         <wf lemma="so" pos="X">so</wf>
         <wf lemma="aktualni" pos="X">aktualni</wf>
         <wf lemma="." pos="X">.</wf>
      </sentence>
      <sentence id="d000.s1735" source="wordnet-slovenian">
         <wf lemma="Pojavilo" pos="X">Pojavilo</wf>
         <wf lemma="se" pos="X">se</wf>
         <wf lemma="je" pos="X">je</wf>
         <wf lemma="vprašanje" pos="X">vprašanje</wf>
         <wf lemma="," pos="X">,</wf>
         <wf lemma="s" pos="X">s</wf>
         <wf lemma="kakšnimi" pos="X">kakšnimi</wf>
         <wf lemma="novimi" pos="X">novimi</wf>
         <wf lemma="ukrepi" pos="X">ukrepi</wf>
         <wf lemma="bi" pos="X">bi</wf>
         <wf lemma="se" pos="X">se</wf>
         <wf lemma="lahko" pos="X">lahko</wf>
         <wf lemma="japonska" pos="X">japonska</wf>
         <instance id="d000.s1735.t000" lemma="vlada" pos="NOUN">vlada</instance>
         <wf lemma="spoprijela" pos="X">spoprijela</wf>
         <wf lemma="s" pos="X">s</wf>
         <wf lemma="težavami" pos="X">težavami</wf>
         <wf lemma="," pos="X">,</wf>
         <wf lemma="pa" pos="X">pa</wf>
         <wf lemma="se" pos="X">se</wf>
         <wf lemma="kaj" pos="X">kaj</wf>
         <wf lemma="bistveno" pos="X">bistveno</wf>
         <wf lemma="novega" pos="X">novega</wf>
         <wf lemma="ne" pos="X">ne</wf>
         <wf lemma="more" pos="X">more</wf>
         <wf lemma="povedati" pos="X">povedati</wf>
         <wf lemma="." pos="X">.</wf>
      </sentence>
      <sentence id="d000.s1736" source="wordnet-slovenian">
         <wf lemma="Zmedo" pos="X">Zmedo</wf>
         <wf lemma="," pos="X">,</wf>
         <wf lemma="ki" pos="X">ki</wf>
         <wf lemma="nastane" pos="X">nastane</wf>
         <wf lemma="v" pos="X">v</wf>
         <wf lemma="takih" pos="X">takih</wf>
         <instance id="d000.s1736.t000" lemma="primer" pos="NOUN">primerih</instance>
         <wf lemma="," pos="X">,</wf>
         <wf lemma="lahko" pos="X">lahko</wf>
         <wf lemma="bistveno" pos="X">bistveno</wf>
         <wf lemma="zmanjšamo" pos="X">zmanjšamo</wf>
         <wf lemma="," pos="X">,</wf>
         <wf lemma="če" pos="X">če</wf>
         <wf lemma="se" pos="X">se</wf>
         <wf lemma="tuje" pos="X">tuje</wf>
         <wf lemma="jezike" pos="X">jezike</wf>
         <wf lemma="učimo" pos="X">učimo</wf>
         <wf lemma="s" pos="X">s</wf>
         <wf lemma="tem" pos="X">tem</wf>
         <wf lemma="programom" pos="X">programom</wf>
         <wf lemma="." pos="X">.</wf>
      </sentence>
      <sentence id="d000.s1737" source="wordnet-slovenian">
         <wf lemma="James" pos="X">James</wf>
         <wf lemma="Powell" pos="X">Powell</wf>
         <wf lemma="in" pos="X">in</wf>
         <wf lemma="Gordon" pos="X">Gordon</wf>
         <wf lemma="Danby" pos="X">Danby</wf>
         <wf lemma="sta" pos="X">sta</wf>
         <wf lemma="leta" pos="X">leta</wf>
         <wf lemma="1966" pos="X">1966</wf>
         <wf lemma="razvila" pos="X">razvila</wf>
         <wf lemma="prvi" pos="X">prvi</wf>
         <wf lemma="uporabni" pos="X">uporabni</wf>
         <wf lemma="prevozni" pos="X">prevozni</wf>
         <wf lemma="sistem" pos="X">sistem</wf>
         <wf lemma="na" pos="X">na</wf>
         <wf lemma="podlagi" pos="X">podlagi</wf>
         <wf lemma="magnetne" pos="X">magnetne</wf>
         <wf lemma="levitacije" pos="X">levitacije</wf>
         <wf lemma="," pos="X">,</wf>
         <wf lemma="ki" pos="X">ki</wf>
         <wf lemma="se" pos="X">se</wf>
         <wf lemma="ga" pos="X">ga</wf>
         <wf lemma="je" pos="X">je</wf>
         <wf lemma="kmalu" pos="X">kmalu</wf>
         <wf lemma="prijelo" pos="X">prijelo</wf>
         <instance id="d000.s1737.t000" lemma="ime" pos="NOUN">ime</instance>
         <wf lemma="maglev" pos="X">maglev</wf>
         <wf lemma="." pos="X">.</wf>
      </sentence>
      <sentence id="d000.s1738" source="wordnet-slovenian">
         <wf lemma="-" pos="X">-</wf>
         <wf lemma="Preprečite" pos="X">Preprečite</wf>
         <wf lemma="zadrževanje" pos="X">zadrževanje</wf>
         <wf lemma="vode" pos="X">vode</wf>
         <wf lemma="-" pos="X">-</wf>
         <wf lemma="omejite" pos="X">omejite</wf>
         <wf lemma="porabo" pos="X">porabo</wf>
         <wf lemma="soli" pos="X">soli</wf>
         <wf lemma="," pos="X">,</wf>
         <wf lemma="uživajte" pos="X">uživajte</wf>
         <wf lemma="hrano" pos="X">hrano</wf>
         <wf lemma="," pos="X">,</wf>
         <wf lemma="ki" pos="X">ki</wf>
         <wf lemma="vsebuje" pos="X">vsebuje</wf>
         <wf lemma="dovolj" pos="X">dovolj</wf>
         <wf lemma="beljakovin" pos="X">beljakovin</wf>
         <wf lemma="," pos="X">,</wf>
         <wf lemma="pijte" pos="X">pijte</wf>
         <wf lemma="čim" pos="X">čim</wf>
         <wf lemma="več" pos="X">več</wf>
         <wf lemma="vode" pos="X">vode</wf>
         <wf lemma="," pos="X">,</wf>
         <wf lemma="ne" pos="X">ne</wf>
         <wf lemma="jemljite" pos="X">jemljite</wf>
         <wf lemma="diuretikov" pos="X">diuretikov</wf>
         <wf lemma="," pos="X">,</wf>
         <wf lemma="ne" pos="X">ne</wf>
         <wf lemma="zatekajte" pos="X">zatekajte</wf>
         <wf lemma="se" pos="X">se</wf>
         <wf lemma="k" pos="X">k</wf>
         <wf lemma="laksativom" pos="X">laksativom</wf>
         <wf lemma="," pos="X">,</wf>
         <wf lemma="nehajte" pos="X">nehajte</wf>
         <wf lemma="kaditi" pos="X">kaditi</wf>
         <wf lemma="in" pos="X">in</wf>
         <wf lemma="spite" pos="X">spite</wf>
         <wf lemma="v" pos="X">v</wf>
         <wf lemma="privzdignjeni" pos="X">privzdignjeni</wf>
         <wf lemma="postelji" pos="X">postelji</wf>
         <wf lemma="-" pos="X">-</wf>
         <instance id="d000.s1738.t000" lemma="glava" pos="NOUN">glava</instance>
         <wf lemma="naj" pos="X">naj</wf>
         <wf lemma="bo" pos="X">bo</wf>
         <wf lemma="niže" pos="X">niže</wf>
         <wf lemma="kot" pos="X">kot</wf>
         <wf lemma="noge" pos="X">noge</wf>
         <wf lemma="." pos="X">.</wf>
      </sentence>
      <sentence id="d000.s1739" source="wordnet-slovenian">
         <wf lemma="V" pos="X">V</wf>
         <wf lemma="zahtevnih" pos="X">zahtevnih</wf>
         <instance id="d000.s1739.t000" lemma="vloga" pos="NOUN">vlogah</instance>
         <wf lemma="sem" pos="X">sem</wf>
         <wf lemma="zasedel" pos="X">zasedel</wf>
         <wf lemma="mlade" pos="X">mlade</wf>
         <wf lemma="igralce" pos="X">igralce</wf>
         <wf lemma="," pos="X">,</wf>
         <wf lemma="Toneta" pos="X">Toneta</wf>
         <wf lemma="Slodnjaka" pos="X">Slodnjaka</wf>
         <wf lemma="," pos="X">,</wf>
         <wf lemma="Janeza" pos="X">Janeza</wf>
         <wf lemma="Hočevarja" pos="X">Hočevarja</wf>
         <wf lemma="," pos="X">,</wf>
         <wf lemma="Ali" pos="X">Ali</wf>
         <wf lemma="Ranerja" pos="X">Ranerja</wf>
         <wf lemma="in" pos="X">in</wf>
         <wf lemma="povsem" pos="X">povsem</wf>
         <wf lemma="neizkušeno" pos="X">neizkušeno</wf>
         <wf lemma="Majdo" pos="X">Majdo</wf>
         <wf lemma="Kohek" pos="X">Kohek</wf>
         <wf lemma="." pos="X">.</wf>
      </sentence>
      <sentence id="d000.s1740" source="wordnet-slovenian">
         <wf lemma="Seveda" pos="X">Seveda</wf>
         <wf lemma="pa" pos="X">pa</wf>
         <wf lemma="bi" pos="X">bi</wf>
         <wf lemma="bilo" pos="X">bilo</wf>
         <wf lemma="fantastično" pos="X">fantastično</wf>
         <wf lemma="," pos="X">,</wf>
         <wf lemma="da" pos="X">da</wf>
         <wf lemma="slovenska" pos="X">slovenska</wf>
         <instance id="d000.s1740.t000" lemma="zveza" pos="NOUN">zveza</instance>
         <wf lemma="dobi" pos="X">dobi</wf>
         <wf lemma="povabilo" pos="X">povabilo</wf>
         <wf lemma="." pos="X">.</wf>
      </sentence>
      <sentence id="d000.s1741" source="wordnet-slovenian">
         <wf lemma="Tudi" pos="X">Tudi</wf>
         <instance id="d000.s1741.t000" lemma="denar" pos="NOUN">denarja</instance>
         <wf lemma="ni" pos="X">ni</wf>
         <wf lemma="imel" pos="X">imel</wf>
         <wf lemma="." pos="X">.</wf>
      </sentence>
      <sentence id="d000.s1742" source="wordnet-slovenian">
         <wf lemma="Ne" pos="X">Ne</wf>
         <wf lemma="velik" pos="X">velik</wf>
         <wf lemma="prepad" pos="X">prepad</wf>
         <wf lemma="med" pos="X">med</wf>
         <instance id="d000.s1742.t000" lemma="stranka" pos="NOUN">strankami</instance>
         <wf lemma="kaže" pos="X">kaže</wf>
         <wf lemma="tudi" pos="X">tudi</wf>
         <wf lemma="njihova" pos="X">njihova</wf>
         <wf lemma="ocena" pos="X">ocena</wf>
         <wf lemma="minulega" pos="X">minulega</wf>
         <wf lemma="leta" pos="X">leta</wf>
         <wf lemma="." pos="X">.</wf>
      </sentence>
      <sentence id="d000.s1743" source="wordnet-slovenian">
         <wf lemma="&quot;" pos="X">&quot;</wf>
         <wf lemma="Tožbo" pos="X">Tožbo</wf>
         <wf lemma="glede" pos="X">glede</wf>
         <wf lemma="lastništva" pos="X">lastništva</wf>
         <wf lemma="smo" pos="X">smo</wf>
         <wf lemma="že" pos="X">že</wf>
         <wf lemma="trikrat" pos="X">trikrat</wf>
         <wf lemma="dobili" pos="X">dobili</wf>
         <wf lemma="," pos="X">,</wf>
         <wf lemma="dvakrat" pos="X">dvakrat</wf>
         <wf lemma="je" pos="X">je</wf>
         <wf lemma="bil" pos="X">bil</wf>
         <wf lemma="izdan" pos="X">izdan</wf>
         <wf lemma="tudi" pos="X">tudi</wf>
         <wf lemma="sklep" pos="X">sklep</wf>
         <wf lemma="o" pos="X">o</wf>
         <wf lemma="prisilni" pos="X">prisilni</wf>
         <wf lemma="izselitvi" pos="X">izselitvi</wf>
         <wf lemma="RD" pos="X">RD</wf>
         <wf lemma="Mostec" pos="X">Mostec</wf>
         <wf lemma="iz" pos="X">iz</wf>
         <wf lemma="objektov" pos="X">objektov</wf>
         <wf lemma="," pos="X">,</wf>
         <wf lemma="vendar" pos="X">vendar</wf>
         <wf lemma="kljub" pos="X">kljub</wf>
         <wf lemma="temu" pos="X">temu</wf>
         <wf lemma="vedno" pos="X">vedno</wf>
         <wf lemma="najdejo" pos="X">najdejo</wf>
         <wf lemma="neko" pos="X">neko</wf>
         <instance id="d000.s1743.t000" lemma="pot" pos="NOUN">pot</instance>
         <wf lemma="," pos="X">,</wf>
         <wf lemma="da" pos="X">da</wf>
         <wf lemma="vse" pos="X">vse</wf>
         <wf lemma="skupaj" pos="X">skupaj</wf>
         <wf lemma="zavlačujejo" pos="X">zavlačujejo</wf>
         <wf lemma="," pos="X">,</wf>
         <wf lemma="&quot;" pos="X">&quot;</wf>
         <wf lemma="je" pos="X">je</wf>
         <wf lemma="povedal" pos="X">povedal</wf>
         <wf lemma="Franc" pos="X">Franc</wf>
         <wf lemma="Borko" pos="X">Borko</wf>
         <wf lemma="," pos="X">,</wf>
         <wf lemma="predsednik" pos="X">predsednik</wf>
         <wf lemma="ZŠD" pos="X">ZŠD</wf>
         <wf lemma="Ilirija" pos="X">Ilirija</wf>
         <wf lemma="." pos="X">.</wf>
      </sentence>
      <sentence id="d000.s1744" source="wordnet-slovenian">
         <wf lemma="Toda" pos="X">Toda</wf>
         <wf lemma="tudi" pos="X">tudi</wf>
         <wf lemma="najbolj" pos="X">najbolj</wf>
         <wf lemma="zvezdniška" pos="X">zvezdniška</wf>
         <wf lemma="zasedba" pos="X">zasedba</wf>
         <wf lemma="v" pos="X">v</wf>
         <wf lemma="nogometni" pos="X">nogometni</wf>
         <wf lemma="zgodovini" pos="X">zgodovini</wf>
         <wf lemma="v" pos="X">v</wf>
         <wf lemma="tej" pos="X">tej</wf>
         <wf lemma="sezoni" pos="X">sezoni</wf>
         <wf lemma="ni" pos="X">ni</wf>
         <wf lemma="bila" pos="X">bila</wf>
         <wf lemma="dovolj" pos="X">dovolj</wf>
         <wf lemma="dobra" pos="X">dobra</wf>
         <wf lemma="," pos="X">,</wf>
         <wf lemma="saj" pos="X">saj</wf>
         <wf lemma="je" pos="X">je</wf>
         <wf lemma="v" pos="X">v</wf>
         <wf lemma="polfinalu" pos="X">polfinalu</wf>
         <wf lemma="lige" pos="X">lige</wf>
         <wf lemma="prvakov" pos="X">prvakov</wf>
         <wf lemma="izpadla" pos="X">izpadla</wf>
         <wf lemma="z" pos="X">z</wf>
         <wf lemma="Juventusom" pos="X">Juventusom</wf>
         <wf lemma="," pos="X">,</wf>
         <wf lemma="potem" pos="X">potem</wf>
         <wf lemma="ko" pos="X">ko</wf>
         <wf lemma="je" pos="X">je</wf>
         <wf lemma="v" pos="X">v</wf>
         <wf lemma="nepozabnem" pos="X">nepozabnem</wf>
         <wf lemma="četrtfinalu" pos="X">četrtfinalu</wf>
         <wf lemma="izločila" pos="X">izločila</wf>
         <wf lemma="prav" pos="X">prav</wf>
         <wf lemma="Beckhamov" pos="X">Beckhamov</wf>
         <wf lemma="dosedanji" pos="X">dosedanji</wf>
         <instance id="d000.s1744.t000" lemma="klub" pos="NOUN">klub</instance>
         <wf lemma="Manchester" pos="X">Manchester</wf>
         <wf lemma="United" pos="X">United</wf>
         <wf lemma="." pos="X">.</wf>
      </sentence>
      <sentence id="d000.s1745" source="wordnet-slovenian">
         <wf lemma="»" pos="X">»</wf>
         <wf lemma="Če" pos="X">Če</wf>
         <wf lemma="so" pos="X">so</wf>
         <wf lemma="naša" pos="X">naša</wf>
         <instance id="d000.s1745.t000" lemma="podjetje" pos="NOUN">podjetja</instance>
         <wf lemma="tarča" pos="X">tarča</wf>
         <wf lemma="," pos="X">,</wf>
         <wf lemma="so" pos="X">so</wf>
         <wf lemma="vedno" pos="X">vedno</wf>
         <wf lemma="zadržana" pos="X">zadržana</wf>
         <wf lemma="," pos="X">,</wf>
         <wf lemma="vprašanju" pos="X">vprašanju</wf>
         <wf lemma="vlaganj" pos="X">vlaganj</wf>
         <wf lemma="in" pos="X">in</wf>
         <wf lemma="prevzemov" pos="X">prevzemov</wf>
         <wf lemma="na" pos="X">na</wf>
         <wf lemma="tujem" pos="X">tujem</wf>
         <wf lemma="pa" pos="X">pa</wf>
         <wf lemma="so" pos="X">so</wf>
         <wf lemma="naklonjena" pos="X">naklonjena</wf>
         <wf lemma="." pos="X">.</wf>
      </sentence>
      <sentence id="d000.s1746" source="wordnet-slovenian">
         <wf lemma="Na" pos="X">Na</wf>
         <wf lemma="Čatežu" pos="X">Čatežu</wf>
         <wf lemma="bi" pos="X">bi</wf>
         <wf lemma="prišlo" pos="X">prišlo</wf>
         <wf lemma="celo" pos="X">celo</wf>
         <wf lemma="do" pos="X">do</wf>
         <instance id="d000.s1746.t000" lemma="primer" pos="NOUN">primera</instance>
         <wf lemma="," pos="X">,</wf>
         <wf lemma="ko" pos="X">ko</wf>
         <wf lemma="bi" pos="X">bi</wf>
         <wf lemma="smelo" pos="X">smelo</wf>
         <wf lemma="točiti" pos="X">točiti</wf>
         <wf lemma="odprti" pos="X">odprti</wf>
         <wf lemma="cviček" pos="X">cviček</wf>
         <wf lemma="le" pos="X">le</wf>
         <wf lemma="osebje" pos="X">osebje</wf>
         <wf lemma="višje" pos="X">višje</wf>
         <wf lemma="ležeče" pos="X">ležeče</wf>
         <wf lemma="gostilne" pos="X">gostilne</wf>
         <wf lemma="sredi" pos="X">sredi</wf>
         <wf lemma="naselja" pos="X">naselja</wf>
         <wf lemma="," pos="X">,</wf>
         <wf lemma="medtem" pos="X">medtem</wf>
         <wf lemma="ko" pos="X">ko</wf>
         <wf lemma="bi" pos="X">bi</wf>
         <wf lemma="morali" pos="X">morali</wf>
         <wf lemma="pri" pos="X">pri</wf>
         <wf lemma="njihovih" pos="X">njihovih</wf>
         <wf lemma="sosedih" pos="X">sosedih</wf>
         <wf lemma="na" pos="X">na</wf>
         <wf lemma="obrežju" pos="X">obrežju</wf>
         <wf lemma="reke" pos="X">reke</wf>
         <wf lemma="Save" pos="X">Save</wf>
         <wf lemma="kupovati" pos="X">kupovati</wf>
         <wf lemma="stekleničeno" pos="X">stekleničeno</wf>
         <wf lemma="vino" pos="X">vino</wf>
         <wf lemma="." pos="X">.</wf>
      </sentence>
      <sentence id="d000.s1747" source="wordnet-slovenian">
         <instance id="d000.s1747.t000" lemma="beseda" pos="NOUN">Besede</instance>
         <wf lemma="je" pos="X">je</wf>
         <wf lemma="uporabljala" pos="X">uporabljala</wf>
         <wf lemma="skoraj" pos="X">skoraj</wf>
         <wf lemma="tako" pos="X">tako</wf>
         <wf lemma="," pos="X">,</wf>
         <wf lemma="kakor" pos="X">kakor</wf>
         <wf lemma="da" pos="X">da</wf>
         <wf lemma="jih" pos="X">jih</wf>
         <wf lemma="oblikuje" pos="X">oblikuje</wf>
         <wf lemma="." pos="X">.</wf>
      </sentence>
      <sentence id="d000.s1748" source="wordnet-slovenian">
         <wf lemma="Zato" pos="X">Zato</wf>
         <wf lemma="so" pos="X">so</wf>
         <wf lemma="se" pos="X">se</wf>
         <wf lemma="med" pos="X">med</wf>
         <wf lemma="drugim" pos="X">drugim</wf>
         <wf lemma="devizne" pos="X">devizne</wf>
         <wf lemma="rezerve" pos="X">rezerve</wf>
         <instance id="d000.s1748.t000" lemma="država" pos="NOUN">države</instance>
         <wf lemma="močno" pos="X">močno</wf>
         <wf lemma="povečale" pos="X">povečale</wf>
         <wf lemma="." pos="X">.</wf>
      </sentence>
      <sentence id="d000.s1749" source="wordnet-slovenian">
         <wf lemma="Sedma" pos="X">Sedma</wf>
         <wf lemma="," pos="X">,</wf>
         <wf lemma="najvišja" pos="X">najvišja</wf>
         <instance id="d000.s1749.t000" lemma="stopnja" pos="NOUN">stopnja</instance>
         <wf lemma="PATER" pos="X">PATER</wf>
         <wf lemma="(" pos="X">(</wf>
         <wf lemma="oče" pos="X">oče</wf>
         <wf lemma=")" pos="X">)</wf>
         <wf lemma="je" pos="X">je</wf>
         <wf lemma="pod" pos="X">pod</wf>
         <wf lemma="zaščito" pos="X">zaščito</wf>
         <wf lemma="Saturna" pos="X">Saturna</wf>
         <wf lemma="." pos="X">.</wf>
      </sentence>
      <sentence id="d000.s1750" source="wordnet-slovenian">
         <wf lemma="Skupaj" pos="X">Skupaj</wf>
         <wf lemma="z" pos="X">z</wf>
         <wf lemma="znanstveniki" pos="X">znanstveniki</wf>
         <wf lemma="," pos="X">,</wf>
         <wf lemma="ki" pos="X">ki</wf>
         <wf lemma="so" pos="X">so</wf>
         <wf lemma="ga" pos="X">ga</wf>
         <wf lemma="navdušeni" pos="X">navdušeni</wf>
         <wf lemma="vabili" pos="X">vabili</wf>
         <wf lemma="v" pos="X">v</wf>
         <wf lemma="svoje" pos="X">svoje</wf>
         <wf lemma="vrste" pos="X">vrste</wf>
         <wf lemma="," pos="X">,</wf>
         <wf lemma="je" pos="X">je</wf>
         <wf lemma="pregledoval" pos="X">pregledoval</wf>
         <wf lemma="in" pos="X">in</wf>
         <wf lemma="urejal" pos="X">urejal</wf>
         <wf lemma="gradivo" pos="X">gradivo</wf>
         <wf lemma="," pos="X">,</wf>
         <wf lemma="ki" pos="X">ki</wf>
         <wf lemma="ga" pos="X">ga</wf>
         <wf lemma="je" pos="X">je</wf>
         <wf lemma="vsa" pos="X">vsa</wf>
         <wf lemma="ta" pos="X">ta</wf>
         <instance id="d000.s1750.t000" lemma="leto" pos="NOUN">leta</instance>
         <wf lemma="pošiljal" pos="X">pošiljal</wf>
         <wf lemma="z" pos="X">z</wf>
         <wf lemma="odprave" pos="X">odprave</wf>
         <wf lemma="." pos="X">.</wf>
      </sentence>
      <sentence id="d000.s1751" source="wordnet-slovenian">
         <wf lemma="Na" pos="X">Na</wf>
         <wf lemma="splošno" pos="X">splošno</wf>
         <wf lemma="," pos="X">,</wf>
         <wf lemma="če" pos="X">če</wf>
         <wf lemma="pregledamo" pos="X">pregledamo</wf>
         <wf lemma="teh" pos="X">teh</wf>
         <wf lemma="22" pos="X">22</wf>
         <instance id="d000.s1751.t000" lemma="leto" pos="NOUN">let</instance>
         <wf lemma="," pos="X">,</wf>
         <wf lemma="vidimo" pos="X">vidimo</wf>
         <wf lemma="," pos="X">,</wf>
         <wf lemma="da" pos="X">da</wf>
         <wf lemma="se" pos="X">se</wf>
         <wf lemma="je" pos="X">je</wf>
         <wf lemma="mariborski" pos="X">mariborski</wf>
         <wf lemma="gledališki" pos="X">gledališki</wf>
         <wf lemma="ansambl" pos="X">ansambl</wf>
         <wf lemma="iz" pos="X">iz</wf>
         <wf lemma="svojih" pos="X">svojih</wf>
         <wf lemma="začetnih" pos="X">začetnih</wf>
         <wf lemma="uspehov" pos="X">uspehov</wf>
         <wf lemma="dvigal" pos="X">dvigal</wf>
         <wf lemma="vedno" pos="X">vedno</wf>
         <wf lemma="više" pos="X">više</wf>
         <wf lemma="." pos="X">.</wf>
      </sentence>
      <sentence id="d000.s1752" source="wordnet-slovenian">
         <wf lemma="Šuštar" pos="X">Šuštar</wf>
         <wf lemma="pravi" pos="X">pravi</wf>
         <wf lemma="," pos="X">,</wf>
         <wf lemma="da" pos="X">da</wf>
         <wf lemma="zakon" pos="X">zakon</wf>
         <wf lemma="ravno" pos="X">ravno</wf>
         <wf lemma="zato" pos="X">zato</wf>
         <wf lemma="predvideva" pos="X">predvideva</wf>
         <instance id="d000.s1752.t000" lemma="pravica" pos="NOUN">pravico</instance>
         <wf lemma="beguncev" pos="X">beguncev</wf>
         <wf lemma="do" pos="X">do</wf>
         <wf lemma="začasnega" pos="X">začasnega</wf>
         <wf lemma="in" pos="X">in</wf>
         <wf lemma="občasnega" pos="X">občasnega</wf>
         <wf lemma="dela" pos="X">dela</wf>
         <wf lemma="." pos="X">.</wf>
      </sentence>
      <sentence id="d000.s1753" source="wordnet-slovenian">
         <instance id="d000.s1753.t000" lemma="vlada" pos="NOUN">Vlada</instance>
         <wf lemma="ob" pos="X">ob</wf>
         <wf lemma="tem" pos="X">tem</wf>
         <wf lemma="ugotavlja" pos="X">ugotavlja</wf>
         <wf lemma="," pos="X">,</wf>
         <wf lemma="da" pos="X">da</wf>
         <wf lemma="so" pos="X">so</wf>
         <wf lemma="v" pos="X">v</wf>
         <wf lemma="zaključnih" pos="X">zaključnih</wf>
         <wf lemma="fazah" pos="X">fazah</wf>
         <wf lemma="tudi" pos="X">tudi</wf>
         <wf lemma="vsi" pos="X">vsi</wf>
         <wf lemma="drugi" pos="X">drugi</wf>
         <wf lemma="," pos="X">,</wf>
         <wf lemma="za" pos="X">za</wf>
         <wf lemma="izvajanje" pos="X">izvajanje</wf>
         <wf lemma="zakona" pos="X">zakona</wf>
         <wf lemma="o" pos="X">o</wf>
         <wf lemma="gospodarskih" pos="X">gospodarskih</wf>
         <wf lemma="družbah" pos="X">družbah</wf>
         <wf lemma="pomembni" pos="X">pomembni</wf>
         <wf lemma="oziroma" pos="X">oziroma</wf>
         <wf lemma="z" pos="X">z</wf>
         <wf lemma="njim" pos="X">njim</wf>
         <wf lemma="neločljivo" pos="X">neločljivo</wf>
         <wf lemma="povezani" pos="X">povezani</wf>
         <wf lemma="drugi" pos="X">drugi</wf>
         <wf lemma="zakonski" pos="X">zakonski</wf>
         <wf lemma="projekti" pos="X">projekti</wf>
         <wf lemma=":" pos="X">:</wf>
         <wf lemma="revidiranje" pos="X">revidiranje</wf>
         <wf lemma="," pos="X">,</wf>
         <wf lemma="notariat" pos="X">notariat</wf>
         <wf lemma="," pos="X">,</wf>
         <wf lemma="sodelovanje" pos="X">sodelovanje</wf>
         <wf lemma="delavcev" pos="X">delavcev</wf>
         <wf lemma="pri" pos="X">pri</wf>
         <wf lemma="upravljanju" pos="X">upravljanju</wf>
         <wf lemma="," pos="X">,</wf>
         <wf lemma="trg" pos="X">trg</wf>
         <wf lemma="vrednostnih" pos="X">vrednostnih</wf>
         <wf lemma="papirjev" pos="X">papirjev</wf>
         <wf lemma="," pos="X">,</wf>
         <wf lemma="sanacija" pos="X">sanacija</wf>
         <wf lemma="," pos="X">,</wf>
         <wf lemma="tečaj" pos="X">tečaj</wf>
         <wf lemma="in" pos="X">in</wf>
         <wf lemma="podobno" pos="X">podobno</wf>
         <wf lemma="." pos="X">.</wf>
      </sentence>
      <sentence id="d000.s1754" source="wordnet-slovenian">
         <wf lemma="Na" pos="X">Na</wf>
         <wf lemma="Lomu" pos="X">Lomu</wf>
         <wf lemma="," pos="X">,</wf>
         <wf lemma="okoli" pos="X">okoli</wf>
         <wf lemma="300" pos="X">300</wf>
         <wf lemma="metrov" pos="X">metrov</wf>
         <wf lemma="stran" pos="X">stran</wf>
         <wf lemma="od" pos="X">od</wf>
         <wf lemma="sedanjega" pos="X">sedanjega</wf>
         <wf lemma="akumulacijskega" pos="X">akumulacijskega</wf>
         <wf lemma="jezera" pos="X">jezera</wf>
         <wf lemma="," pos="X">,</wf>
         <wf lemma="so" pos="X">so</wf>
         <wf lemma="zgradili" pos="X">zgradili</wf>
         <wf lemma="še" pos="X">še</wf>
         <wf lemma="eno" pos="X">eno</wf>
         <wf lemma="," pos="X">,</wf>
         <wf lemma="v" pos="X">v</wf>
         <wf lemma="katerem" pos="X">katerem</wf>
         <wf lemma="bo" pos="X">bo</wf>
         <wf lemma="trikrat" pos="X">trikrat</wf>
         <wf lemma="več" pos="X">več</wf>
         <instance id="d000.s1754.t000" lemma="voda" pos="NOUN">vode</instance>
         <wf lemma="kot" pos="X">kot</wf>
         <wf lemma="v" pos="X">v</wf>
         <wf lemma="obstoječem" pos="X">obstoječem</wf>
         <wf lemma="." pos="X">.</wf>
      </sentence>
      <sentence id="d000.s1755" source="wordnet-slovenian">
         <wf lemma="Vodilnim" pos="X">Vodilnim</wf>
         <wf lemma="možem" pos="X">možem</wf>
         <wf lemma="Salzburga" pos="X">Salzburga</wf>
         <wf lemma="je" pos="X">je</wf>
         <wf lemma="zdaj" pos="X">zdaj</wf>
         <wf lemma="očitno" pos="X">očitno</wf>
         <wf lemma="prekipelo" pos="X">prekipelo</wf>
         <wf lemma="in" pos="X">in</wf>
         <wf lemma="ne" pos="X">ne</wf>
         <wf lemma="mislijo" pos="X">mislijo</wf>
         <wf lemma="nadaljevati" pos="X">nadaljevati</wf>
         <wf lemma="s" pos="X">s</wf>
         <instance id="d000.s1755.t000" lemma="politika" pos="NOUN">politiko</instance>
         <wf lemma="strpnosti" pos="X">strpnosti</wf>
         <wf lemma="." pos="X">.</wf>
      </sentence>
      <sentence id="d000.s1756" source="wordnet-slovenian">
         <wf lemma="Pomembna" pos="X">Pomembna</wf>
         <wf lemma="novost" pos="X">novost</wf>
         <wf lemma="je" pos="X">je</wf>
         <wf lemma="tudi" pos="X">tudi</wf>
         <wf lemma="dodaten" pos="X">dodaten</wf>
         <instance id="d000.s1756.t000" lemma="postopek" pos="NOUN">postopek</instance>
         <wf lemma="za" pos="X">za</wf>
         <wf lemma="izbor" pos="X">izbor</wf>
         <wf lemma="izvajalcev" pos="X">izvajalcev</wf>
         <wf lemma="na" pos="X">na</wf>
         <wf lemma="področju" pos="X">področju</wf>
         <wf lemma="gradnje" pos="X">gradnje</wf>
         <wf lemma="športnih" pos="X">športnih</wf>
         <wf lemma="objektov" pos="X">objektov</wf>
         <wf lemma="." pos="X">.</wf>
      </sentence>
      <sentence id="d000.s1757" source="wordnet-slovenian">
         <wf lemma="»" pos="X">»</wf>
         <wf lemma="Potem" pos="X">Potem</wf>
         <wf lemma="pa" pos="X">pa</wf>
         <wf lemma="naj" pos="X">naj</wf>
         <wf lemma="gre" pos="X">gre</wf>
         <wf lemma="po" pos="X">po</wf>
         <instance id="d000.s1757.t000" lemma="svet" pos="NOUN">svetu</instance>
         <wf lemma="," pos="X">,</wf>
         <wf lemma="kdor" pos="X">kdor</wf>
         <wf lemma="hoče" pos="X">hoče</wf>
         <wf lemma="." pos="X">.</wf>
      </sentence>
      <sentence id="d000.s1758" source="wordnet-slovenian">
         <wf lemma="Župane" pos="X">Župane</wf>
         <wf lemma="je" pos="X">je</wf>
         <wf lemma="zmotila" pos="X">zmotila</wf>
         <wf lemma="Natura" pos="X">Natura</wf>
         <wf lemma="2000" pos="X">2000</wf>
         <wf lemma="," pos="X">,</wf>
         <wf lemma="evropsko" pos="X">evropsko</wf>
         <wf lemma="omrežje" pos="X">omrežje</wf>
         <wf lemma="posebnih" pos="X">posebnih</wf>
         <wf lemma="varstvenih" pos="X">varstvenih</wf>
         <instance id="d000.s1758.t000" lemma="območje" pos="NOUN">območij</instance>
         <wf lemma="," pos="X">,</wf>
         <wf lemma="ki" pos="X">ki</wf>
         <wf lemma="jih" pos="X">jih</wf>
         <wf lemma="je" pos="X">je</wf>
         <wf lemma="pet" pos="X">pet</wf>
         <wf lemma="minut" pos="X">minut</wf>
         <wf lemma="pred" pos="X">pred</wf>
         <wf lemma="1." pos="X">1.</wf>
         <wf lemma="majem" pos="X">majem</wf>
         <wf lemma="začrtala" pos="X">začrtala</wf>
         <wf lemma="tudi" pos="X">tudi</wf>
         <wf lemma="Slovenija" pos="X">Slovenija</wf>
         <wf lemma="." pos="X">.</wf>
      </sentence>
      <sentence id="d000.s1759" source="wordnet-slovenian">
         <wf lemma="Zato" pos="X">Zato</wf>
         <wf lemma="terjatev" pos="X">terjatev</wf>
         <wf lemma="ni" pos="X">ni</wf>
         <wf lemma="verjetno" pos="X">verjetno</wf>
         <wf lemma="izkazana" pos="X">izkazana</wf>
         <wf lemma="in" pos="X">in</wf>
         <wf lemma="ni" pos="X">ni</wf>
         <instance id="d000.s1759.t000" lemma="pogoj" pos="NOUN">pogojev</instance>
         <wf lemma="za" pos="X">za</wf>
         <wf lemma="izdajo" pos="X">izdajo</wf>
         <wf lemma="začasne" pos="X">začasne</wf>
         <wf lemma="odredbe" pos="X">odredbe</wf>
         <wf lemma="(" pos="X">(</wf>
         <wf lemma="sklep" pos="X">sklep</wf>
         <wf lemma="VDSSL" pos="X">VDSSL</wf>
         <wf lemma="," pos="X">,</wf>
         <wf lemma="opr." pos="X">opr.</wf>
         <wf lemma="št." pos="X">št.</wf>
         <wf lemma="Pdp" pos="X">Pdp</wf>
         <wf lemma="-" pos="X">-</wf>
         <wf lemma="1353" pos="X">1353</wf>
         <wf lemma="/" pos="X">/</wf>
         <wf lemma="2003" pos="X">2003</wf>
         <wf lemma="z" pos="X">z</wf>
         <wf lemma="dne" pos="X">dne</wf>
         <wf lemma="5." pos="X">5.</wf>
         <wf lemma="9." pos="X">9.</wf>
         <wf lemma="2003" pos="X">2003</wf>
         <wf lemma=")" pos="X">)</wf>
         <wf lemma="." pos="X">.</wf>
      </sentence>
      <sentence id="d000.s1760" source="wordnet-slovenian">
         <wf lemma="A" pos="X">A</wf>
         <wf lemma="na" pos="X">na</wf>
         <wf lemma="izjemno" pos="X">izjemno</wf>
         <wf lemma="izenačeni" pos="X">izenačeni</wf>
         <wf lemma="dirki" pos="X">dirki</wf>
         <wf lemma="so" pos="X">so</wf>
         <wf lemma="oboji" pos="X">oboji</wf>
         <wf lemma="rahlo" pos="X">rahlo</wf>
         <wf lemma="presenetili" pos="X">presenetili</wf>
         <wf lemma="in" pos="X">in</wf>
         <wf lemma="na" pos="X">na</wf>
         <instance id="d000.s1760.t000" lemma="konec" pos="NOUN">koncu</instance>
         <wf lemma="celo" pos="X">celo</wf>
         <wf lemma="stopili" pos="X">stopili</wf>
         <wf lemma="na" pos="X">na</wf>
         <wf lemma="najvišji" pos="X">najvišji</wf>
         <wf lemma="stopnički" pos="X">stopnički</wf>
         <wf lemma="." pos="X">.</wf>
      </sentence>
      <sentence id="d000.s1761" source="wordnet-slovenian">
         <instance id="d000.s1761.t000" lemma="glava" pos="NOUN">Glavo</instance>
         <wf lemma="tiščijo" pos="X">tiščijo</wf>
         <wf lemma="v" pos="X">v</wf>
         <wf lemma="pesek" pos="X">pesek</wf>
         <wf lemma="in" pos="X">in</wf>
         <wf lemma="mislijo" pos="X">mislijo</wf>
         <wf lemma="," pos="X">,</wf>
         <wf lemma="da" pos="X">da</wf>
         <wf lemma="bodo" pos="X">bodo</wf>
         <wf lemma="begunci" pos="X">begunci</wf>
         <wf lemma="kar" pos="X">kar</wf>
         <wf lemma="odšli" pos="X">odšli</wf>
         <wf lemma="," pos="X">,</wf>
         <wf lemma="«" pos="X">«</wf>
         <wf lemma="kritizira" pos="X">kritizira</wf>
         <wf lemma="državin" pos="X">državin</wf>
         <wf lemma="odnos" pos="X">odnos</wf>
         <wf lemma="do" pos="X">do</wf>
         <wf lemma="beguncev" pos="X">beguncev</wf>
         <wf lemma="in" pos="X">in</wf>
         <wf lemma="uradovih" pos="X">uradovih</wf>
         <wf lemma="predlogov" pos="X">predlogov</wf>
         <wf lemma="Šuštar" pos="X">Šuštar</wf>
         <wf lemma="." pos="X">.</wf>
      </sentence>
      <sentence id="d000.s1762" source="wordnet-slovenian">
         <wf lemma="Po" pos="X">Po</wf>
         <wf lemma="mnogih" pos="X">mnogih</wf>
         <wf lemma="poskusih" pos="X">poskusih</wf>
         <wf lemma="je" pos="X">je</wf>
         <wf lemma="Babica" pos="X">Babica</wf>
         <wf lemma="ugotovila" pos="X">ugotovila</wf>
         <wf lemma="," pos="X">,</wf>
         <wf lemma="da" pos="X">da</wf>
         <wf lemma="se" pos="X">se</wf>
         <wf lemma="potica" pos="X">potica</wf>
         <wf lemma="najlepše" pos="X">najlepše</wf>
         <wf lemma="speče" pos="X">speče</wf>
         <wf lemma="pri" pos="X">pri</wf>
         <wf lemma="325" pos="X">325</wf>
         <wf lemma="°" pos="X">°</wf>
         <wf lemma="Fahrenheita" pos="X">Fahrenheita</wf>
         <wf lemma="," pos="X">,</wf>
         <wf lemma="eno" pos="X">eno</wf>
         <instance id="d000.s1762.t000" lemma="ura" pos="NOUN">uro</instance>
         <wf lemma="." pos="X">.</wf>
      </sentence>
      <sentence id="d000.s1763" source="wordnet-slovenian">
         <wf lemma="Ker" pos="X">Ker</wf>
         <wf lemma="je" pos="X">je</wf>
         <wf lemma="tovrstnih" pos="X">tovrstnih</wf>
         <wf lemma="pobegov" pos="X">pobegov</wf>
         <wf lemma="vedno" pos="X">vedno</wf>
         <wf lemma="več" pos="X">več</wf>
         <wf lemma="," pos="X">,</wf>
         <wf lemma="skušajo" pos="X">skušajo</wf>
         <wf lemma="na" pos="X">na</wf>
         <wf lemma="ljubljanskem" pos="X">ljubljanskem</wf>
         <wf lemma="okrožnem" pos="X">okrožnem</wf>
         <wf lemma="državnem" pos="X">državnem</wf>
         <wf lemma="tožilstvu" pos="X">tožilstvu</wf>
         <wf lemma="sodišče" pos="X">sodišče</wf>
         <wf lemma="razbremeniti" pos="X">razbremeniti</wf>
         <wf lemma="obravnave" pos="X">obravnave</wf>
         <wf lemma="takih" pos="X">takih</wf>
         <instance id="d000.s1763.t000" lemma="zadeva" pos="NOUN">zadev</instance>
         <wf lemma="z" pos="X">z</wf>
         <wf lemma="uporabo" pos="X">uporabo</wf>
         <wf lemma="inštituta" pos="X">inštituta</wf>
         <wf lemma="odloženega" pos="X">odloženega</wf>
         <wf lemma="pregona" pos="X">pregona</wf>
         <wf lemma="," pos="X">,</wf>
         <wf lemma="ki" pos="X">ki</wf>
         <wf lemma="ga" pos="X">ga</wf>
         <wf lemma="opredeljuje" pos="X">opredeljuje</wf>
         <wf lemma="zakon" pos="X">zakon</wf>
         <wf lemma="o" pos="X">o</wf>
         <wf lemma="kazenskem" pos="X">kazenskem</wf>
         <wf lemma="postopku" pos="X">postopku</wf>
         <wf lemma="." pos="X">.</wf>
      </sentence>
      <sentence id="d000.s1764" source="wordnet-slovenian">
         <wf lemma="ZVZD" pos="X">ZVZD</wf>
         <wf lemma="JE" pos="X">JE</wf>
         <wf lemma="NOV" pos="X">NOV</wf>
         <wf lemma="," pos="X">,</wf>
         <wf lemma="VSEOBSEŽEN" pos="X">VSEOBSEŽEN</wf>
         <wf lemma="PRAVNI" pos="X">PRAVNI</wf>
         <wf lemma="VIR" pos="X">VIR</wf>
         <wf lemma="SODOBNE" pos="X">SODOBNE</wf>
         <wf lemma="ZAKONSKE" pos="X">ZAKONSKE</wf>
         <wf lemma="UREDITVE" pos="X">UREDITVE</wf>
         <wf lemma="VARNOSTI" pos="X">VARNOSTI</wf>
         <wf lemma="IN" pos="X">IN</wf>
         <wf lemma="ZDRAVJA" pos="X">ZDRAVJA</wf>
         <wf lemma="PRI" pos="X">PRI</wf>
         <wf lemma="DELU" pos="X">DELU</wf>
         <wf lemma="," pos="X">,</wf>
         <wf lemma="KI" pos="X">KI</wf>
         <wf lemma="JE" pos="X">JE</wf>
         <wf lemma="NADOMESTIL" pos="X">NADOMESTIL</wf>
         <wf lemma="DOTLEJ" pos="X">DOTLEJ</wf>
         <wf lemma="VELJAVNI" pos="X">VELJAVNI</wf>
         <wf lemma="ZAKON" pos="X">ZAKON</wf>
         <wf lemma="O" pos="X">O</wf>
         <wf lemma="VARSTVU" pos="X">VARSTVU</wf>
         <wf lemma="PRI" pos="X">PRI</wf>
         <wf lemma="DELU" pos="X">DELU</wf>
         <wf lemma="IZ" pos="X">IZ</wf>
         <instance id="d000.s1764.t000" lemma="leto" pos="NOUN">LETA</instance>
         <wf lemma="1974" pos="X">1974</wf>
         <wf lemma="." pos="X">.</wf>
      </sentence>
      <sentence id="d000.s1765" source="wordnet-slovenian">
         <wf lemma="December" pos="X">December</wf>
         <wf lemma="pa" pos="X">pa</wf>
         <wf lemma="je" pos="X">je</wf>
         <wf lemma="tudi" pos="X">tudi</wf>
         <instance id="d000.s1765.t000" lemma="mesec" pos="NOUN">mesec</instance>
         <wf lemma="obletnic" pos="X">obletnic</wf>
         <wf lemma="in" pos="X">in</wf>
         <wf lemma="daril" pos="X">daril</wf>
         <wf lemma="." pos="X">.</wf>
      </sentence>
      <sentence id="d000.s1766" source="wordnet-slovenian">
         <wf lemma="Včasih" pos="X">Včasih</wf>
         <wf lemma="sem" pos="X">sem</wf>
         <wf lemma="se" pos="X">se</wf>
         <wf lemma="priplazil" pos="X">priplazil</wf>
         <wf lemma="sem" pos="X">sem</wf>
         <wf lemma="in" pos="X">in</wf>
         <wf lemma="opazoval" pos="X">opazoval</wf>
         <wf lemma="bogataške" pos="X">bogataške</wf>
         <instance id="d000.s1766.t000" lemma="otrok" pos="NOUN">otroke</instance>
         <wf lemma="," pos="X">,</wf>
         <wf lemma="ki" pos="X">ki</wf>
         <wf lemma="so" pos="X">so</wf>
         <wf lemma="se" pos="X">se</wf>
         <wf lemma="igrali" pos="X">igrali</wf>
         <wf lemma="na" pos="X">na</wf>
         <wf lemma="njem" pos="X">njem</wf>
         <wf lemma="." pos="X">.</wf>
      </sentence>
      <sentence id="d000.s1767" source="wordnet-slovenian">
         <wf lemma="V" pos="X">V</wf>
         <wf lemma="tem" pos="X">tem</wf>
         <wf lemma="času" pos="X">času</wf>
         <wf lemma="je" pos="X">je</wf>
         <wf lemma="prevedel" pos="X">prevedel</wf>
         <wf lemma="Kreidolfovo" pos="X">Kreidolfovo</wf>
         <wf lemma="prozo" pos="X">prozo</wf>
         <wf lemma="s" pos="X">s</wf>
         <wf lemma="podobami" pos="X">podobami</wf>
         <wf lemma="»" pos="X">»</wf>
         <wf lemma="Palčki" pos="X">Palčki</wf>
         <wf lemma="Poljanci" pos="X">Poljanci</wf>
         <wf lemma="«" pos="X">«</wf>
         <wf lemma=";" pos="X">;</wf>
         <wf lemma="snoval" pos="X">snoval</wf>
         <wf lemma="izvirne" pos="X">izvirne</wf>
         <wf lemma="stihe" pos="X">stihe</wf>
         <wf lemma="za" pos="X">za</wf>
         <wf lemma="»" pos="X">»</wf>
         <wf lemma="Abecedo" pos="X">Abecedo</wf>
         <wf lemma="«" pos="X">«</wf>
         <wf lemma="," pos="X">,</wf>
         <wf lemma="ki" pos="X">ki</wf>
         <wf lemma="naj" pos="X">naj</wf>
         <wf lemma="bi" pos="X">bi</wf>
         <wf lemma="se" pos="X">se</wf>
         <wf lemma="jim" pos="X">jim</wf>
         <wf lemma="pridružile" pos="X">pridružile</wf>
         <wf lemma="izvirne" pos="X">izvirne</wf>
         <wf lemma="slike" pos="X">slike</wf>
         <wf lemma=";" pos="X">;</wf>
         <wf lemma="samostojno" pos="X">samostojno</wf>
         <wf lemma="obdelal" pos="X">obdelal</wf>
         <wf lemma="Meisejeve" pos="X">Meisejeve</wf>
         <wf lemma="verze" pos="X">verze</wf>
         <wf lemma="s" pos="X">s</wf>
         <wf lemma="podobami" pos="X">podobami</wf>
         <wf lemma="Casparijeve" pos="X">Casparijeve</wf>
         <wf lemma="»" pos="X">»</wf>
         <wf lemma="Lahkih" pos="X">Lahkih</wf>
         <wf lemma="nog" pos="X">nog</wf>
         <wf lemma="naokrog" pos="X">naokrog</wf>
         <wf lemma="«" pos="X">«</wf>
         <wf lemma=";" pos="X">;</wf>
         <wf lemma="graškemu" pos="X">graškemu</wf>
         <wf lemma="prof." pos="X">prof.</wf>
         <wf lemma="Karlu" pos="X">Karlu</wf>
         <wf lemma="Štreklju" pos="X">Štreklju</wf>
         <wf lemma="poslal" pos="X">poslal</wf>
         <wf lemma="za" pos="X">za</wf>
         <wf lemma="zbirko" pos="X">zbirko</wf>
         <wf lemma="»" pos="X">»</wf>
         <wf lemma="Slovenske" pos="X">Slovenske</wf>
         <wf lemma="narodne" pos="X">narodne</wf>
         <wf lemma="pesmi" pos="X">pesmi</wf>
         <wf lemma="«" pos="X">«</wf>
         <instance id="d000.s1767.t000" lemma="vrsta" pos="NOUN">vrsto</instance>
         <wf lemma="otroških" pos="X">otroških</wf>
         <wf lemma="nagajivk" pos="X">nagajivk</wf>
         <wf lemma="," pos="X">,</wf>
         <wf lemma="ki" pos="X">ki</wf>
         <wf lemma="jih" pos="X">jih</wf>
         <wf lemma="je" pos="X">je</wf>
         <wf lemma="poznal" pos="X">poznal</wf>
         <wf lemma="iz" pos="X">iz</wf>
         <wf lemma="Dragatuša" pos="X">Dragatuša</wf>
         <wf lemma="in" pos="X">in</wf>
         <wf lemma="Vinice" pos="X">Vinice</wf>
         <wf lemma="." pos="X">.</wf>
      </sentence>
      <sentence id="d000.s1768" source="wordnet-slovenian">
         <wf lemma="Njihov" pos="X">Njihov</wf>
         <instance id="d000.s1768.t000" lemma="projekt" pos="NOUN">projekt</instance>
         <wf lemma="nosi" pos="X">nosi</wf>
         <wf lemma="naslov" pos="X">naslov</wf>
         <wf lemma="Naš" pos="X">Naš</wf>
         <wf lemma="turistični" pos="X">turistični</wf>
         <wf lemma="jutri" pos="X">jutri</wf>
         <wf lemma=":" pos="X">:</wf>
         <wf lemma="Düja" pos="X">Düja</wf>
         <wf lemma="," pos="X">,</wf>
         <wf lemma="keri" pos="X">keri</wf>
         <wf lemma="de" pos="X">de</wf>
         <wf lemma="prvi" pos="X">prvi</wf>
         <wf lemma="(" pos="X">(</wf>
         <wf lemma="Dija" pos="X">Dija</wf>
         <wf lemma="," pos="X">,</wf>
         <wf lemma="kdo" pos="X">kdo</wf>
         <wf lemma="bo" pos="X">bo</wf>
         <wf lemma="prvi" pos="X">prvi</wf>
         <wf lemma=")" pos="X">)</wf>
         <wf lemma="." pos="X">.</wf>
      </sentence>
      <sentence id="d000.s1769" source="wordnet-slovenian">
         <wf lemma="Bržkone" pos="X">Bržkone</wf>
         <wf lemma="ni" pos="X">ni</wf>
         <wf lemma="velikega" pos="X">velikega</wf>
         <wf lemma="dvoma" pos="X">dvoma</wf>
         <wf lemma="," pos="X">,</wf>
         <wf lemma="da" pos="X">da</wf>
         <wf lemma="se" pos="X">se</wf>
         <wf lemma="je" pos="X">je</wf>
         <instance id="d000.s1769.t000" lemma="vprašanje" pos="NOUN">vprašanje</instance>
         <wf lemma="denacionalizacije" pos="X">denacionalizacije</wf>
         <wf lemma="," pos="X">,</wf>
         <wf lemma="ki" pos="X">ki</wf>
         <wf lemma="sploh" pos="X">sploh</wf>
         <wf lemma="ni" pos="X">ni</wf>
         <wf lemma="stvar" pos="X">stvar</wf>
         <wf lemma="acquis" pos="X">acquis</wf>
         <wf lemma="communautaire" pos="X">communautaire</wf>
         <wf lemma="," pos="X">,</wf>
         <wf lemma="to" pos="X">to</wf>
         <wf lemma="je" pos="X">je</wf>
         <wf lemma="notranjega" pos="X">notranjega</wf>
         <wf lemma="pravnega" pos="X">pravnega</wf>
         <wf lemma="reda" pos="X">reda</wf>
         <wf lemma="EU" pos="X">EU</wf>
         <wf lemma="," pos="X">,</wf>
         <wf lemma="znašlo" pos="X">znašlo</wf>
         <wf lemma="v" pos="X">v</wf>
         <wf lemma="letošnjem" pos="X">letošnjem</wf>
         <wf lemma="poročilu" pos="X">poročilu</wf>
         <wf lemma="unije" pos="X">unije</wf>
         <wf lemma="o" pos="X">o</wf>
         <wf lemma="Sloveniji" pos="X">Sloveniji</wf>
         <wf lemma="po" pos="X">po</wf>
         <wf lemma="avstrijski" pos="X">avstrijski</wf>
         <wf lemma="zaslugi" pos="X">zaslugi</wf>
         <wf lemma="." pos="X">.</wf>
      </sentence>
      <sentence id="d000.s1770" source="wordnet-slovenian">
         <wf lemma="Vsekakor" pos="X">Vsekakor</wf>
         <wf lemma="bi" pos="X">bi</wf>
         <wf lemma="bilo" pos="X">bilo</wf>
         <wf lemma="pomembno" pos="X">pomembno</wf>
         <wf lemma="," pos="X">,</wf>
         <wf lemma="tako" pos="X">tako</wf>
         <wf lemma="mislim" pos="X">mislim</wf>
         <wf lemma="," pos="X">,</wf>
         <wf lemma="da" pos="X">da</wf>
         <wf lemma="drug" pos="X">drug</wf>
         <wf lemma="z" pos="X">z</wf>
         <wf lemma="drugim" pos="X">drugim</wf>
         <wf lemma="ravnamo" pos="X">ravnamo</wf>
         <wf lemma="bolj" pos="X">bolj</wf>
         <wf lemma="velikodušno" pos="X">velikodušno</wf>
         <wf lemma="," pos="X">,</wf>
         <wf lemma="da" pos="X">da</wf>
         <wf lemma="ne" pos="X">ne</wf>
         <wf lemma="tehtamo" pos="X">tehtamo</wf>
         <wf lemma="vsake" pos="X">vsake</wf>
         <instance id="d000.s1770.t000" lemma="beseda" pos="NOUN">besede</instance>
         <wf lemma="," pos="X">,</wf>
         <wf lemma="ki" pos="X">ki</wf>
         <wf lemma="se" pos="X">se</wf>
         <wf lemma="izreče" pos="X">izreče</wf>
         <wf lemma="v" pos="X">v</wf>
         <wf lemma="notranjepolitičnih" pos="X">notranjepolitičnih</wf>
         <wf lemma="diskusijah" pos="X">diskusijah</wf>
         <wf lemma=";" pos="X">;</wf>
         <wf lemma="da" pos="X">da</wf>
         <wf lemma="ne" pos="X">ne</wf>
         <wf lemma="reagiramo" pos="X">reagiramo</wf>
         <wf lemma="vedno" pos="X">vedno</wf>
         <wf lemma="takoj" pos="X">takoj</wf>
         <wf lemma="agresivno" pos="X">agresivno</wf>
         <wf lemma="," pos="X">,</wf>
         <wf lemma="kadar" pos="X">kadar</wf>
         <wf lemma="pri" pos="X">pri</wf>
         <wf lemma="drugem" pos="X">drugem</wf>
         <wf lemma="odkrijemo" pos="X">odkrijemo</wf>
         <wf lemma="kak" pos="X">kak</wf>
         <wf lemma="negativen" pos="X">negativen</wf>
         <wf lemma="vidik" pos="X">vidik</wf>
         <wf lemma="." pos="X">.</wf>
      </sentence>
      <sentence id="d000.s1771" source="wordnet-slovenian">
         <wf lemma="Ta" pos="X">Ta</wf>
         <wf lemma="temeljni" pos="X">temeljni</wf>
         <wf lemma="preobrat" pos="X">preobrat</wf>
         <wf lemma="v" pos="X">v</wf>
         <wf lemma="znanostih" pos="X">znanostih</wf>
         <wf lemma="o" pos="X">o</wf>
         <wf lemma="življenju" pos="X">življenju</wf>
         <wf lemma="pa" pos="X">pa</wf>
         <wf lemma="se" pos="X">se</wf>
         <wf lemma="ni" pos="X">ni</wf>
         <wf lemma="zgodil" pos="X">zgodil</wf>
         <wf lemma="v" pos="X">v</wf>
         <wf lemma="zgodovinskem" pos="X">zgodovinskem</wf>
         <wf lemma="vakuumu" pos="X">vakuumu</wf>
         <wf lemma="," pos="X">,</wf>
         <wf lemma="temveč" pos="X">temveč</wf>
         <wf lemma="je" pos="X">je</wf>
         <wf lemma="spremljal" pos="X">spremljal</wf>
         <wf lemma="spremembe" pos="X">spremembe</wf>
         <wf lemma="v" pos="X">v</wf>
         <wf lemma="naravi" pos="X">naravi</wf>
         <wf lemma="in" pos="X">in</wf>
         <wf lemma="tehnologiji" pos="X">tehnologiji</wf>
         <instance id="d000.s1771.t000" lemma="moč" pos="NOUN">moči</instance>
         <wf lemma="znotraj" pos="X">znotraj</wf>
         <wf lemma="kontinuirane" pos="X">kontinuirane</wf>
         <wf lemma="gonilne" pos="X">gonilne</wf>
         <wf lemma="sile" pos="X">sile</wf>
         <wf lemma="kapitalistične" pos="X">kapitalistične</wf>
         <wf lemma="reprodukcije" pos="X">reprodukcije</wf>
         <wf lemma="." pos="X">.</wf>
      </sentence>
      <sentence id="d000.s1772" source="wordnet-slovenian">
         <wf lemma="Morilec" pos="X">Morilec</wf>
         <wf lemma="je" pos="X">je</wf>
         <wf lemma="opravil" pos="X">opravil</wf>
         <wf lemma="svoje" pos="X">svoje</wf>
         <instance id="d000.s1772.t000" lemma="delo" pos="NOUN">delo</instance>
         <wf lemma="." pos="X">.</wf>
      </sentence>
      <sentence id="d000.s1773" source="wordnet-slovenian">
         <wf lemma="Agresivno" pos="X">Agresivno</wf>
         <wf lemma="vedenje" pos="X">vedenje</wf>
         <wf lemma="pri" pos="X">pri</wf>
         <wf lemma="visokih" pos="X">visokih</wf>
         <wf lemma="temperaturah" pos="X">temperaturah</wf>
         <wf lemma="se" pos="X">se</wf>
         <wf lemma="," pos="X">,</wf>
         <wf lemma="kot" pos="X">kot</wf>
         <wf lemma="so" pos="X">so</wf>
         <wf lemma="ugotovili" pos="X">ugotovili</wf>
         <wf lemma="z" pos="X">z</wf>
         <instance id="d000.s1773.t000" lemma="vrsta" pos="NOUN">vrsto</instance>
         <wf lemma="raziskav" pos="X">raziskav</wf>
         <wf lemma="," pos="X">,</wf>
         <wf lemma="kaže" pos="X">kaže</wf>
         <wf lemma="v" pos="X">v</wf>
         <wf lemma="različnih" pos="X">različnih</wf>
         <wf lemma="oblikah" pos="X">oblikah</wf>
         <wf lemma="nasilnih" pos="X">nasilnih</wf>
         <wf lemma="dejanj" pos="X">dejanj</wf>
         <wf lemma="," pos="X">,</wf>
         <wf lemma="pri" pos="X">pri</wf>
         <wf lemma="čemer" pos="X">čemer</wf>
         <wf lemma="je" pos="X">je</wf>
         <wf lemma="prva" pos="X">prva</wf>
         <wf lemma="žrtev" pos="X">žrtev</wf>
         <wf lemma="nedvomno" pos="X">nedvomno</wf>
         <wf lemma="družina" pos="X">družina</wf>
         <wf lemma="." pos="X">.</wf>
      </sentence>
      <sentence id="d000.s1774" source="wordnet-slovenian">
         <wf lemma="Po" pos="X">Po</wf>
         <wf lemma="obliki" pos="X">obliki</wf>
         <wf lemma="je" pos="X">je</wf>
         <wf lemma="v" pos="X">v</wf>
         <wf lemma="zbirki" pos="X">zbirki</wf>
         <wf lemma="na" pos="X">na</wf>
         <wf lemma="eni" pos="X">eni</wf>
         <wf lemma="strani" pos="X">strani</wf>
         <wf lemma="sedem" pos="X">sedem</wf>
         <wf lemma="moderniziranih" pos="X">moderniziranih</wf>
         <wf lemma="sonetov" pos="X">sonetov</wf>
         <wf lemma="," pos="X">,</wf>
         <wf lemma="na" pos="X">na</wf>
         <wf lemma="drugi" pos="X">drugi</wf>
         <wf lemma="skoraj" pos="X">skoraj</wf>
         <wf lemma="enako" pos="X">enako</wf>
         <wf lemma="število" pos="X">število</wf>
         <wf lemma="pesmi" pos="X">pesmi</wf>
         <wf lemma="v" pos="X">v</wf>
         <wf lemma="prostem" pos="X">prostem</wf>
         <wf lemma="verzu" pos="X">verzu</wf>
         <wf lemma="," pos="X">,</wf>
         <wf lemma="ki" pos="X">ki</wf>
         <wf lemma="pa" pos="X">pa</wf>
         <wf lemma="spadajo" pos="X">spadajo</wf>
         <wf lemma="med" pos="X">med</wf>
         <wf lemma="daljše" pos="X">daljše</wf>
         <wf lemma="v" pos="X">v</wf>
         <instance id="d000.s1774.t000" lemma="knjiga" pos="NOUN">knjigi</instance>
         <wf lemma="," pos="X">,</wf>
         <wf lemma="kot" pos="X">kot</wf>
         <wf lemma="tretja" pos="X">tretja</wf>
         <wf lemma="skupina" pos="X">skupina</wf>
         <wf lemma="nastopajo" pos="X">nastopajo</wf>
         <wf lemma="in" pos="X">in</wf>
         <wf lemma="daleč" pos="X">daleč</wf>
         <wf lemma="prevladujejo" pos="X">prevladujejo</wf>
         <wf lemma="kitične" pos="X">kitične</wf>
         <wf lemma="pesmi" pos="X">pesmi</wf>
         <wf lemma="." pos="X">.</wf>
      </sentence>
      <sentence id="d000.s1775" source="wordnet-slovenian">
         <wf lemma="Besni" pos="X">Besni</wf>
         <wf lemma="so" pos="X">so</wf>
         <wf lemma="kmetje" pos="X">kmetje</wf>
         <wf lemma="," pos="X">,</wf>
         <wf lemma="ki" pos="X">ki</wf>
         <wf lemma="jim" pos="X">jim</wf>
         <wf lemma="erozija" pos="X">erozija</wf>
         <wf lemma="uničuje" pos="X">uničuje</wf>
         <wf lemma="polja" pos="X">polja</wf>
         <wf lemma="in" pos="X">in</wf>
         <wf lemma="travnike" pos="X">travnike</wf>
         <wf lemma="," pos="X">,</wf>
         <wf lemma="na" pos="X">na</wf>
         <wf lemma="pravo" pos="X">pravo</wf>
         <wf lemma="ekološko" pos="X">ekološko</wf>
         <wf lemma="nesrečo" pos="X">nesrečo</wf>
         <wf lemma="opozarjajo" pos="X">opozarjajo</wf>
         <wf lemma="gozdarji" pos="X">gozdarji</wf>
         <wf lemma="," pos="X">,</wf>
         <wf lemma="inšpekcijske" pos="X">inšpekcijske</wf>
         <wf lemma="službe" pos="X">službe</wf>
         <wf lemma="več" pos="X">več</wf>
         <wf lemma="kot" pos="X">kot</wf>
         <wf lemma="tri" pos="X">tri</wf>
         <instance id="d000.s1775.t000" lemma="mesec" pos="NOUN">mesece</instance>
         <wf lemma="iščejo" pos="X">iščejo</wf>
         <wf lemma="odgovorne" pos="X">odgovorne</wf>
         <wf lemma="," pos="X">,</wf>
         <wf lemma="ti" pos="X">ti</wf>
         <wf lemma="pa" pos="X">pa</wf>
         <wf lemma="pravijo" pos="X">pravijo</wf>
         <wf lemma="," pos="X">,</wf>
         <wf lemma="da" pos="X">da</wf>
         <wf lemma="jim" pos="X">jim</wf>
         <wf lemma="je" pos="X">je</wf>
         <wf lemma="enostavno" pos="X">enostavno</wf>
         <wf lemma="zmanjkalo" pos="X">zmanjkalo</wf>
         <wf lemma="denarja" pos="X">denarja</wf>
         <wf lemma="." pos="X">.</wf>
      </sentence>
      <sentence id="d000.s1776" source="wordnet-slovenian">
         <wf lemma="Najnovejše" pos="X">Najnovejše</wf>
         <instance id="d000.s1776.t000" lemma="sprememba" pos="NOUN">spremembe</instance>
         <wf lemma="se" pos="X">se</wf>
         <wf lemma="zvrstijo" pos="X">zvrstijo</wf>
         <wf lemma="v" pos="X">v</wf>
         <wf lemma="76" pos="X">76</wf>
         <wf lemma="členih" pos="X">členih</wf>
         <wf lemma="." pos="X">.</wf>
      </sentence>
      <sentence id="d000.s1777" source="wordnet-slovenian">
         <wf lemma="Po" pos="X">Po</wf>
         <wf lemma="drugi" pos="X">drugi</wf>
         <wf lemma="svetovni" pos="X">svetovni</wf>
         <instance id="d000.s1777.t000" lemma="vojna" pos="NOUN">vojni</instance>
         <wf lemma="se" pos="X">se</wf>
         <wf lemma="je" pos="X">je</wf>
         <wf lemma="izkazalo" pos="X">izkazalo</wf>
         <wf lemma="," pos="X">,</wf>
         <wf lemma="da" pos="X">da</wf>
         <wf lemma="ženevska" pos="X">ženevska</wf>
         <wf lemma="konferenca" pos="X">konferenca</wf>
         <wf lemma="ne" pos="X">ne</wf>
         <wf lemma="varuje" pos="X">varuje</wf>
         <wf lemma="pripadnike" pos="X">pripadnike</wf>
         <wf lemma="osvobodilnih" pos="X">osvobodilnih</wf>
         <wf lemma="in" pos="X">in</wf>
         <wf lemma="podtalnih" pos="X">podtalnih</wf>
         <wf lemma="skupin" pos="X">skupin</wf>
         <wf lemma="," pos="X">,</wf>
         <wf lemma="kar" pos="X">kar</wf>
         <wf lemma="je" pos="X">je</wf>
         <wf lemma="bilo" pos="X">bilo</wf>
         <wf lemma="še" pos="X">še</wf>
         <wf lemma="posebej" pos="X">posebej</wf>
         <wf lemma="očitno" pos="X">očitno</wf>
         <wf lemma="med" pos="X">med</wf>
         <wf lemma="protikolonialnimi" pos="X">protikolonialnimi</wf>
         <wf lemma="vojnami" pos="X">vojnami</wf>
         <wf lemma="." pos="X">.</wf>
      </sentence>
      <sentence id="d000.s1778" source="wordnet-slovenian">
         <wf lemma="Prizadevni" pos="X">Prizadevni</wf>
         <wf lemma="organizatorji" pos="X">organizatorji</wf>
         <wf lemma="družabnega" pos="X">družabnega</wf>
         <wf lemma="življena" pos="X">življena</wf>
         <wf lemma="v" pos="X">v</wf>
         <wf lemma="Tangu" pos="X">Tangu</wf>
         <wf lemma="bodo" pos="X">bodo</wf>
         <wf lemma="v" pos="X">v</wf>
         <wf lemma="sodelovanju" pos="X">sodelovanju</wf>
         <wf lemma="s" pos="X">s</wf>
         <wf lemma="plesnim" pos="X">plesnim</wf>
         <instance id="d000.s1778.t000" lemma="center" pos="NOUN">centrom</instance>
         <wf lemma="Dolenjske" pos="X">Dolenjske</wf>
         <wf lemma="," pos="X">,</wf>
         <wf lemma="ki" pos="X">ki</wf>
         <wf lemma="ga" pos="X">ga</wf>
         <wf lemma="vodita" pos="X">vodita</wf>
         <wf lemma="Boris" pos="X">Boris</wf>
         <wf lemma="in" pos="X">in</wf>
         <wf lemma="Mirjana" pos="X">Mirjana</wf>
         <wf lemma="Vovk" pos="X">Vovk</wf>
         <wf lemma="," pos="X">,</wf>
         <wf lemma="pripravili" pos="X">pripravili</wf>
         <wf lemma="finale" pos="X">finale</wf>
         <wf lemma="plesnega" pos="X">plesnega</wf>
         <wf lemma="turnirja" pos="X">turnirja</wf>
         <wf lemma="družabnega" pos="X">družabnega</wf>
         <wf lemma="plesa" pos="X">plesa</wf>
         <wf lemma="za" pos="X">za</wf>
         <wf lemma="pokal" pos="X">pokal</wf>
         <wf lemma="Otočca" pos="X">Otočca</wf>
         <wf lemma="." pos="X">.</wf>
      </sentence>
      <sentence id="d000.s1779" source="wordnet-slovenian">
         <wf lemma="Druga" pos="X">Druga</wf>
         <instance id="d000.s1779.t000" lemma="ime" pos="NOUN">imena</instance>
         <wf lemma=":" pos="X">:</wf>
         <wf lemma="merlan" pos="X">merlan</wf>
         <wf lemma="(" pos="X">(</wf>
         <wf lemma="sl" pos="X">sl</wf>
         <wf lemma="." pos="X">.</wf>
      </sentence>
      <sentence id="d000.s1780" source="wordnet-slovenian">
         <wf lemma="Od" pos="X">Od</wf>
         <wf lemma="treh" pos="X">treh</wf>
         <wf lemma="lepotic" pos="X">lepotic</wf>
         <wf lemma="iz" pos="X">iz</wf>
         <wf lemma="prvega" pos="X">prvega</wf>
         <wf lemma="dela" pos="X">dela</wf>
         <wf lemma="filma" pos="X">filma</wf>
         <wf lemma="Charlijevi" pos="X">Charlijevi</wf>
         <wf lemma="angelčki" pos="X">angelčki</wf>
         <wf lemma="je" pos="X">je</wf>
         <wf lemma="na" pos="X">na</wf>
         <instance id="d000.s1780.t000" lemma="vloga" pos="NOUN">vlogo</instance>
         <wf lemma="v" pos="X">v</wf>
         <wf lemma="nadaljevanju" pos="X">nadaljevanju</wf>
         <wf lemma="do" pos="X">do</wf>
         <wf lemma="zdaj" pos="X">zdaj</wf>
         <wf lemma="pristala" pos="X">pristala</wf>
         <wf lemma="le" pos="X">le</wf>
         <wf lemma="Drew" pos="X">Drew</wf>
         <wf lemma="Barrymore" pos="X">Barrymore</wf>
         <wf lemma="," pos="X">,</wf>
         <wf lemma="medtem" pos="X">medtem</wf>
         <wf lemma="ko" pos="X">ko</wf>
         <wf lemma="se" pos="X">se</wf>
         <wf lemma="Lucy" pos="X">Lucy</wf>
         <wf lemma="Liu" pos="X">Liu</wf>
         <wf lemma="še" pos="X">še</wf>
         <wf lemma="vedno" pos="X">vedno</wf>
         <wf lemma="pogaja" pos="X">pogaja</wf>
         <wf lemma="." pos="X">.</wf>
      </sentence>
      <sentence id="d000.s1781" source="wordnet-slovenian">
         <wf lemma="Piše" pos="X">Piše</wf>
         <wf lemma="se" pos="X">se</wf>
         <instance id="d000.s1781.t000" lemma="leto" pos="NOUN">leto</instance>
         <wf lemma="1666" pos="X">1666</wf>
         <wf lemma="," pos="X">,</wf>
         <wf lemma="zgodba" pos="X">zgodba</wf>
         <wf lemma="je" pos="X">je</wf>
         <wf lemma="postavljena" pos="X">postavljena</wf>
         <wf lemma="v" pos="X">v</wf>
         <wf lemma="Novi" pos="X">Novi</wf>
         <wf lemma="Jeruzalem" pos="X">Jeruzalem</wf>
         <wf lemma="." pos="X">.</wf>
      </sentence>
      <sentence id="d000.s1782" source="wordnet-slovenian">
         <wf lemma="Sandra" pos="X">Sandra</wf>
         <wf lemma="je" pos="X">je</wf>
         <wf lemma="tako" pos="X">tako</wf>
         <wf lemma="našla" pos="X">našla</wf>
         <wf lemma="službo" pos="X">službo</wf>
         <wf lemma=":" pos="X">:</wf>
         <wf lemma="povezala" pos="X">povezala</wf>
         <wf lemma="se" pos="X">se</wf>
         <wf lemma="je" pos="X">je</wf>
         <wf lemma="z" pos="X">z</wf>
         <wf lemma="majhnim" pos="X">majhnim</wf>
         <wf lemma="računalniškim" pos="X">računalniškim</wf>
         <wf lemma="podjetjem" pos="X">podjetjem</wf>
         <wf lemma="," pos="X">,</wf>
         <wf lemma="ki" pos="X">ki</wf>
         <wf lemma="razvija" pos="X">razvija</wf>
         <wf lemma="programsko" pos="X">programsko</wf>
         <wf lemma="opremo" pos="X">opremo</wf>
         <wf lemma="in" pos="X">in</wf>
         <instance id="d000.s1782.t000" lemma="sistem" pos="NOUN">sisteme</instance>
         <wf lemma="." pos="X">.</wf>
      </sentence>
      <sentence id="d000.s1783" source="wordnet-slovenian">
         <wf lemma="Tudi" pos="X">Tudi</wf>
         <wf lemma="pravilniki" pos="X">pravilniki</wf>
         <instance id="d000.s1783.t000" lemma="podjetje" pos="NOUN">podjetij</instance>
         <wf lemma="vključujejo" pos="X">vključujejo</wf>
         <wf lemma="ukrepe" pos="X">ukrepe</wf>
         <wf lemma="za" pos="X">za</wf>
         <wf lemma="delavce" pos="X">delavce</wf>
         <wf lemma="," pos="X">,</wf>
         <wf lemma="ki" pos="X">ki</wf>
         <wf lemma="bi" pos="X">bi</wf>
         <wf lemma="bili" pos="X">bili</wf>
         <wf lemma="na" pos="X">na</wf>
         <wf lemma="delovnem" pos="X">delovnem</wf>
         <wf lemma="mestu" pos="X">mestu</wf>
         <wf lemma="pod" pos="X">pod</wf>
         <wf lemma="vplivom" pos="X">vplivom</wf>
         <wf lemma="mamil" pos="X">mamil</wf>
         <wf lemma="." pos="X">.</wf>
      </sentence>
      <sentence id="d000.s1784" source="wordnet-slovenian">
         <instance id="d000.s1784.t000" lemma="vlada" pos="NOUN">Vlada</instance>
         <wf lemma="vsebinsko" pos="X">vsebinsko</wf>
         <wf lemma="podpira" pos="X">podpira</wf>
         <wf lemma="," pos="X">,</wf>
         <wf lemma="vendar" pos="X">vendar</wf>
         <wf lemma="zaradi" pos="X">zaradi</wf>
         <wf lemma="jasnejše" pos="X">jasnejše</wf>
         <wf lemma="dikcije" pos="X">dikcije</wf>
         <wf lemma="predlaga" pos="X">predlaga</wf>
         <wf lemma="svoj" pos="X">svoj</wf>
         <wf lemma="amandma" pos="X">amandma</wf>
         <wf lemma="." pos="X">.</wf>
      </sentence>
      <sentence id="d000.s1785" source="wordnet-slovenian">
         <instance id="d000.s1785.t000" lemma="okolje" pos="NOUN">Okolje</instance>
         <wf lemma="," pos="X">,</wf>
         <wf lemma="v" pos="X">v</wf>
         <wf lemma="katerem" pos="X">katerem</wf>
         <wf lemma="se" pos="X">se</wf>
         <wf lemma="gibljete" pos="X">gibljete</wf>
         <wf lemma="," pos="X">,</wf>
         <wf lemma="bi" pos="X">bi</wf>
         <wf lemma="vas" pos="X">vas</wf>
         <wf lemma="bolje" pos="X">bolje</wf>
         <wf lemma="sprejemalo" pos="X">sprejemalo</wf>
         <wf lemma="," pos="X">,</wf>
         <wf lemma="če" pos="X">če</wf>
         <wf lemma="bi" pos="X">bi</wf>
         <wf lemma="bili" pos="X">bili</wf>
         <wf lemma="večkrat" pos="X">večkrat</wf>
         <wf lemma="dobre" pos="X">dobre</wf>
         <wf lemma="volje" pos="X">volje</wf>
         <wf lemma="in" pos="X">in</wf>
         <wf lemma="prenesli" pos="X">prenesli</wf>
         <wf lemma="svojo" pos="X">svojo</wf>
         <wf lemma="vedrino" pos="X">vedrino</wf>
         <wf lemma="tudi" pos="X">tudi</wf>
         <wf lemma="na" pos="X">na</wf>
         <wf lemma="druge" pos="X">druge</wf>
         <wf lemma="." pos="X">.</wf>
      </sentence>
      <sentence id="d000.s1786" source="wordnet-slovenian">
         <wf lemma="Ker" pos="X">Ker</wf>
         <wf lemma="je" pos="X">je</wf>
         <instance id="d000.s1786.t000" lemma="mesto" pos="NOUN">mesto</instance>
         <wf lemma="bilo" pos="X">bilo</wf>
         <wf lemma="pred" pos="X">pred</wf>
         <wf lemma="ustanovitvijo" pos="X">ustanovitvijo</wf>
         <wf lemma="in" pos="X">in</wf>
         <wf lemma="po" pos="X">po</wf>
         <wf lemma="njej" pos="X">njej</wf>
         <wf lemma="še" pos="X">še</wf>
         <wf lemma="celo" pos="X">celo</wf>
         <wf lemma="stoletje" pos="X">stoletje</wf>
         <wf lemma="najpomembnejša" pos="X">najpomembnejša</wf>
         <wf lemma="naselbina" pos="X">naselbina</wf>
         <wf lemma="in" pos="X">in</wf>
         <wf lemma="edino" pos="X">edino</wf>
         <wf lemma="mesto" pos="X">mesto</wf>
         <wf lemma="v" pos="X">v</wf>
         <wf lemma="Slovenski" pos="X">Slovenski</wf>
         <wf lemma="marki" pos="X">marki</wf>
         <wf lemma="," pos="X">,</wf>
         <wf lemma="se" pos="X">se</wf>
         <wf lemma="je" pos="X">je</wf>
         <wf lemma="to" pos="X">to</wf>
         <wf lemma="stoletje" pos="X">stoletje</wf>
         <wf lemma="sicer" pos="X">sicer</wf>
         <wf lemma="gospodarsko" pos="X">gospodarsko</wf>
         <wf lemma="ugodno" pos="X">ugodno</wf>
         <wf lemma="razvijalo" pos="X">razvijalo</wf>
         <wf lemma="." pos="X">.</wf>
      </sentence>
      <sentence id="d000.s1787" source="wordnet-slovenian">
         <wf lemma="Prav" pos="X">Prav</wf>
         <wf lemma="nič" pos="X">nič</wf>
         <wf lemma="se" pos="X">se</wf>
         <wf lemma="mi" pos="X">mi</wf>
         <wf lemma="ni" pos="X">ni</wf>
         <wf lemma="mudilo" pos="X">mudilo</wf>
         <wf lemma="," pos="X">,</wf>
         <wf lemma="da" pos="X">da</wf>
         <wf lemma="bi" pos="X">bi</wf>
         <wf lemma="bila" pos="X">bila</wf>
         <instance id="d000.s1787.t000" lemma="ura" pos="NOUN">ura</instance>
         <wf lemma="še" pos="X">še</wf>
         <wf lemma="enkrat" pos="X">enkrat</wf>
         <wf lemma="9.18" pos="X">9.18</wf>
         <wf lemma="." pos="X">.</wf>
      </sentence>
      <sentence id="d000.s1788" source="wordnet-slovenian">
         <wf lemma="V" pos="X">V</wf>
         <wf lemma="povprečju" pos="X">povprečju</wf>
         <wf lemma="za" pos="X">za</wf>
         <wf lemma="odstotek" pos="X">odstotek</wf>
         <wf lemma="višje" pos="X">višje</wf>
         <wf lemma="cene" pos="X">cene</wf>
         <wf lemma="v" pos="X">v</wf>
         <instance id="d000.s1788.t000" lemma="skupina" pos="NOUN">skupini</instance>
         <wf lemma="prevozov" pos="X">prevozov</wf>
         <wf lemma="so" pos="X">so</wf>
         <wf lemma="posledica" pos="X">posledica</wf>
         <wf lemma="višjih" pos="X">višjih</wf>
         <wf lemma="cen" pos="X">cen</wf>
         <wf lemma="storitev" pos="X">storitev</wf>
         <wf lemma="," pos="X">,</wf>
         <wf lemma="povezanih" pos="X">povezanih</wf>
         <wf lemma="z" pos="X">z</wf>
         <wf lemma="vzdrževanjem" pos="X">vzdrževanjem</wf>
         <wf lemma="in" pos="X">in</wf>
         <wf lemma="popravili" pos="X">popravili</wf>
         <wf lemma="vozil" pos="X">vozil</wf>
         <wf lemma="," pos="X">,</wf>
         <wf lemma="te" pos="X">te</wf>
         <wf lemma="so" pos="X">so</wf>
         <wf lemma="se" pos="X">se</wf>
         <wf lemma="zvišale" pos="X">zvišale</wf>
         <wf lemma="za" pos="X">za</wf>
         <wf lemma="2,9" pos="X">2,9</wf>
         <wf lemma="odstotka" pos="X">odstotka</wf>
         <wf lemma="," pos="X">,</wf>
         <wf lemma="kot" pos="X">kot</wf>
         <wf lemma="tudi" pos="X">tudi</wf>
         <wf lemma="za" pos="X">za</wf>
         <wf lemma="1,2" pos="X">1,2</wf>
         <wf lemma="odstotka" pos="X">odstotka</wf>
         <wf lemma="višje" pos="X">višje</wf>
         <wf lemma="cene" pos="X">cene</wf>
         <wf lemma="osebnih" pos="X">osebnih</wf>
         <wf lemma="avtomobilov" pos="X">avtomobilov</wf>
         <wf lemma="." pos="X">.</wf>
      </sentence>
      <sentence id="d000.s1789" source="wordnet-slovenian">
         <wf lemma="Ko" pos="X">Ko</wf>
         <wf lemma="že" pos="X">že</wf>
         <wf lemma="govorimo" pos="X">govorimo</wf>
         <wf lemma="o" pos="X">o</wf>
         <wf lemma="konzolah" pos="X">konzolah</wf>
         <wf lemma=":" pos="X">:</wf>
         <wf lemma="na" pos="X">na</wf>
         <wf lemma="naš" pos="X">naš</wf>
         <instance id="d000.s1789.t000" lemma="trg" pos="NOUN">trg</instance>
         <wf lemma="tudi" pos="X">tudi</wf>
         <wf lemma="uradno" pos="X">uradno</wf>
         <wf lemma="prihajajo" pos="X">prihajajo</wf>
         <wf lemma="konzole" pos="X">konzole</wf>
         <wf lemma="Xbox" pos="X">Xbox</wf>
         <wf lemma="." pos="X">.</wf>
      </sentence>
      <sentence id="d000.s1790" source="wordnet-slovenian">
         <wf lemma="Vendar" pos="X">Vendar</wf>
         <wf lemma="nimajo" pos="X">nimajo</wf>
         <wf lemma="finančnih" pos="X">finančnih</wf>
         <instance id="d000.s1790.t000" lemma="možnost" pos="NOUN">možnosti</instance>
         <wf lemma="za" pos="X">za</wf>
         <wf lemma="to" pos="X">to</wf>
         <wf lemma="." pos="X">.</wf>
      </sentence>
      <sentence id="d000.s1791" source="wordnet-slovenian">
         <wf lemma="Gospodična" pos="X">Gospodična</wf>
         <wf lemma="Stebbings" pos="X">Stebbings</wf>
         <wf lemma="je" pos="X">je</wf>
         <wf lemma="z" pos="X">z</wf>
         <wf lemma="visokim" pos="X">visokim</wf>
         <wf lemma="uglajenim" pos="X">uglajenim</wf>
         <instance id="d000.s1791.t000" lemma="glas" pos="NOUN">glasom</instance>
         <wf lemma="zažvrgolela" pos="X">zažvrgolela</wf>
         <wf lemma=":" pos="X">:</wf>
         <wf lemma="»" pos="X">»</wf>
         <wf lemma="Oh" pos="X">Oh</wf>
         <wf lemma="," pos="X">,</wf>
         <wf lemma="lepše" pos="X">lepše</wf>
         <wf lemma="od" pos="X">od</wf>
         <wf lemma="te" pos="X">te</wf>
         <wf lemma="si" pos="X">si</wf>
         <wf lemma="niste" pos="X">niste</wf>
         <wf lemma="mogli" pos="X">mogli</wf>
         <wf lemma="izbrati" pos="X">izbrati</wf>
         <wf lemma="." pos="X">.</wf>
      </sentence>
      <sentence id="d000.s1792" source="wordnet-slovenian">
         <wf lemma="Pred" pos="X">Pred</wf>
         <wf lemma="lokali" pos="X">lokali</wf>
         <wf lemma="nimajo" pos="X">nimajo</wf>
         <wf lemma="vsevprek" pos="X">vsevprek</wf>
         <wf lemma="parkiranih" pos="X">parkiranih</wf>
         <wf lemma="avtomobilov" pos="X">avtomobilov</wf>
         <wf lemma="," pos="X">,</wf>
         <wf lemma="zato" pos="X">zato</wf>
         <wf lemma="lahko" pos="X">lahko</wf>
         <wf lemma="gostje" pos="X">gostje</wf>
         <wf lemma="tam" pos="X">tam</wf>
         <wf lemma="ustavijo" pos="X">ustavijo</wf>
         <wf lemma="," pos="X">,</wf>
         <wf lemma="100" pos="X">100</wf>
         <wf lemma="tolarjev" pos="X">tolarjev</wf>
         <wf lemma="več" pos="X">več</wf>
         <wf lemma="za" pos="X">za</wf>
         <instance id="d000.s1792.t000" lemma="ura" pos="NOUN">uro</instance>
         <wf lemma="parkiranja" pos="X">parkiranja</wf>
         <wf lemma="pa" pos="X">pa</wf>
         <wf lemma="tudi" pos="X">tudi</wf>
         <wf lemma="zlahka" pos="X">zlahka</wf>
         <wf lemma="dajo" pos="X">dajo</wf>
         <wf lemma="." pos="X">.</wf>
      </sentence>
      <sentence id="d000.s1793" source="wordnet-slovenian">
         <wf lemma="Čeprav" pos="X">Čeprav</wf>
         <wf lemma="nas" pos="X">nas</wf>
         <wf lemma="žarki" pos="X">žarki</wf>
         <wf lemma="sonca" pos="X">sonca</wf>
         <wf lemma="ne" pos="X">ne</wf>
         <wf lemma="bodo" pos="X">bodo</wf>
         <wf lemma="mogli" pos="X">mogli</wf>
         <wf lemma="ogreti" pos="X">ogreti</wf>
         <wf lemma="," pos="X">,</wf>
         <wf lemma="bo" pos="X">bo</wf>
         <wf lemma="že" pos="X">že</wf>
         <wf lemma="njegova" pos="X">njegova</wf>
         <wf lemma="svetloba" pos="X">svetloba</wf>
         <wf lemma="dovolj" pos="X">dovolj</wf>
         <wf lemma="," pos="X">,</wf>
         <wf lemma="da" pos="X">da</wf>
         <wf lemma="bomo" pos="X">bomo</wf>
         <wf lemma="pozabili" pos="X">pozabili</wf>
         <wf lemma="na" pos="X">na</wf>
         <wf lemma="sivino" pos="X">sivino</wf>
         <wf lemma="," pos="X">,</wf>
         <wf lemma="ki" pos="X">ki</wf>
         <wf lemma="nas" pos="X">nas</wf>
         <wf lemma="čaka" pos="X">čaka</wf>
         <wf lemma="," pos="X">,</wf>
         <wf lemma="in" pos="X">in</wf>
         <wf lemma="tudi" pos="X">tudi</wf>
         <wf lemma="pogled" pos="X">pogled</wf>
         <wf lemma="na" pos="X">na</wf>
         <instance id="d000.s1793.t000" lemma="svet" pos="NOUN">svet</instance>
         <wf lemma="okoli" pos="X">okoli</wf>
         <wf lemma="nas" pos="X">nas</wf>
         <wf lemma="bo" pos="X">bo</wf>
         <wf lemma="veliko" pos="X">veliko</wf>
         <wf lemma="lepši" pos="X">lepši</wf>
         <wf lemma="." pos="X">.</wf>
      </sentence>
      <sentence id="d000.s1794" source="wordnet-slovenian">
         <wf lemma="Na" pos="X">Na</wf>
         <instance id="d000.s1794.t000" lemma="konec" pos="NOUN">koncu</instance>
         <wf lemma="bi" pos="X">bi</wf>
         <wf lemma="vas" pos="X">vas</wf>
         <wf lemma="spomnil" pos="X">spomnil</wf>
         <wf lemma="še" pos="X">še</wf>
         <wf lemma="na" pos="X">na</wf>
         <wf lemma="slogan" pos="X">slogan</wf>
         <wf lemma="javne" pos="X">javne</wf>
         <wf lemma="tribune" pos="X">tribune</wf>
         <wf lemma="12." pos="X">12.</wf>
         <wf lemma="maja" pos="X">maja</wf>
         <wf lemma="1988" pos="X">1988</wf>
         <wf lemma="v" pos="X">v</wf>
         <wf lemma="Unionski" pos="X">Unionski</wf>
         <wf lemma="dvorani" pos="X">dvorani</wf>
         <wf lemma="," pos="X">,</wf>
         <wf lemma="ko" pos="X">ko</wf>
         <wf lemma="je" pos="X">je</wf>
         <wf lemma="bila" pos="X">bila</wf>
         <wf lemma="ustanovljena" pos="X">ustanovljena</wf>
         <wf lemma="Slovenska" pos="X">Slovenska</wf>
         <wf lemma="kmečka" pos="X">kmečka</wf>
         <wf lemma="zveza" pos="X">zveza</wf>
         <wf lemma="." pos="X">.</wf>
      </sentence>
      <sentence id="d000.s1795" source="wordnet-slovenian">
         <wf lemma="»" pos="X">»</wf>
         <wf lemma="In" pos="X">In</wf>
         <wf lemma="smo" pos="X">smo</wf>
         <wf lemma="potencialnega" pos="X">potencialnega</wf>
         <wf lemma="vlagatelja" pos="X">vlagatelja</wf>
         <wf lemma="tudi" pos="X">tudi</wf>
         <wf lemma="našli" pos="X">našli</wf>
         <wf lemma="je" pos="X">je</wf>
         <wf lemma="iz" pos="X">iz</wf>
         <wf lemma="ene" pos="X">ene</wf>
         <wf lemma="od" pos="X">od</wf>
         <instance id="d000.s1795.t000" lemma="država" pos="NOUN">držav</instance>
         <wf lemma="EU" pos="X">EU</wf>
         <wf lemma="," pos="X">,</wf>
         <wf lemma="vendar" pos="X">vendar</wf>
         <wf lemma="nam" pos="X">nam</wf>
         <wf lemma="je" pos="X">je</wf>
         <wf lemma="takoj" pos="X">takoj</wf>
         <wf lemma="povedal" pos="X">povedal</wf>
         <wf lemma="," pos="X">,</wf>
         <wf lemma="da" pos="X">da</wf>
         <wf lemma="morajo" pos="X">morajo</wf>
         <wf lemma="biti" pos="X">biti</wf>
         <wf lemma="za" pos="X">za</wf>
         <wf lemma="to" pos="X">to</wf>
         <wf lemma="tudi" pos="X">tudi</wf>
         <wf lemma="drugi" pos="X">drugi</wf>
         <wf lemma="," pos="X">,</wf>
         <wf lemma="med" pos="X">med</wf>
         <wf lemma="temi" pos="X">temi</wf>
         <wf lemma="tudi" pos="X">tudi</wf>
         <wf lemma="naša" pos="X">naša</wf>
         <wf lemma="država" pos="X">država</wf>
         <wf lemma="," pos="X">,</wf>
         <wf lemma="«" pos="X">«</wf>
         <wf lemma="je" pos="X">je</wf>
         <wf lemma="dejal" pos="X">dejal</wf>
         <wf lemma="Molan" pos="X">Molan</wf>
         <wf lemma="." pos="X">.</wf>
      </sentence>
      <sentence id="d000.s1796" source="wordnet-slovenian">
         <wf lemma="," pos="X">,</wf>
         <wf lemma="bi" pos="X">bi</wf>
         <wf lemma="v" pos="X">v</wf>
         <wf lemma="Sloveniji" pos="X">Sloveniji</wf>
         <wf lemma="že" pos="X">že</wf>
         <wf lemma="ob" pos="X">ob</wf>
         <wf lemma="načrtovani" pos="X">načrtovani</wf>
         <wf lemma="2,5" pos="X">2,5</wf>
         <wf lemma="-" pos="X">-</wf>
         <wf lemma="odstotni" pos="X">odstotni</wf>
         <wf lemma="letni" pos="X">letni</wf>
         <wf lemma="rasti" pos="X">rasti</wf>
         <wf lemma="do" pos="X">do</wf>
         <instance id="d000.s1796.t000" lemma="leto" pos="NOUN">leta</instance>
         <wf lemma="2020" pos="X">2020</wf>
         <wf lemma="letna" pos="X">letna</wf>
         <wf lemma="poraba" pos="X">poraba</wf>
         <wf lemma="električne" pos="X">električne</wf>
         <wf lemma="energije" pos="X">energije</wf>
         <wf lemma="narasla" pos="X">narasla</wf>
         <wf lemma="s" pos="X">s</wf>
         <wf lemma="sedanjih" pos="X">sedanjih</wf>
         <wf lemma="12" pos="X">12</wf>
         <wf lemma="na" pos="X">na</wf>
         <wf lemma="17" pos="X">17</wf>
         <wf lemma="tisoč" pos="X">tisoč</wf>
         <wf lemma="GWh" pos="X">GWh</wf>
         <wf lemma="." pos="X">.</wf>
      </sentence>
      <sentence id="d000.s1797" source="wordnet-slovenian">
         <wf lemma="Po" pos="X">Po</wf>
         <instance id="d000.s1797.t000" lemma="leto" pos="NOUN">letu</instance>
         <wf lemma="1916" pos="X">1916</wf>
         <wf lemma="jih" pos="X">jih</wf>
         <wf lemma="je" pos="X">je</wf>
         <wf lemma="avtor" pos="X">avtor</wf>
         <wf lemma="zasnoval" pos="X">zasnoval</wf>
         <wf lemma="še" pos="X">še</wf>
         <wf lemma="pet" pos="X">pet</wf>
         <wf lemma="," pos="X">,</wf>
         <wf lemma="ena" pos="X">ena</wf>
         <wf lemma="(" pos="X">(</wf>
         <wf lemma="Uspavanka" pos="X">Uspavanka</wf>
         <wf lemma=":" pos="X">:</wf>
         <wf lemma="Pismo" pos="X">Pismo</wf>
         <wf lemma=")" pos="X">)</wf>
         <wf lemma="je" pos="X">je</wf>
         <wf lemma="izšla" pos="X">izšla</wf>
         <wf lemma="1917" pos="X">1917</wf>
         <wf lemma="v" pos="X">v</wf>
         <wf lemma="Ljubljanskem" pos="X">Ljubljanskem</wf>
         <wf lemma="zvonu" pos="X">zvonu</wf>
         <wf lemma="," pos="X">,</wf>
         <wf lemma="ostale" pos="X">ostale</wf>
         <wf lemma="(" pos="X">(</wf>
         <wf lemma="Lisica" pos="X">Lisica</wf>
         <wf lemma="," pos="X">,</wf>
         <wf lemma="Veverica" pos="X">Veverica</wf>
         <wf lemma="," pos="X">,</wf>
         <wf lemma="Stari" pos="X">Stari</wf>
         <wf lemma="Medo" pos="X">Medo</wf>
         <wf lemma="in" pos="X">in</wf>
         <wf lemma="Slovo" pos="X">Slovo</wf>
         <wf lemma=")" pos="X">)</wf>
         <wf lemma="pa" pos="X">pa</wf>
         <wf lemma="v" pos="X">v</wf>
         <wf lemma="letih" pos="X">letih</wf>
         <wf lemma="1922" pos="X">1922</wf>
         <wf lemma="-" pos="X">-</wf>
         <wf lemma="1931" pos="X">1931</wf>
         <wf lemma="v" pos="X">v</wf>
         <wf lemma="tržaškem" pos="X">tržaškem</wf>
         <wf lemma="Novem" pos="X">Novem</wf>
         <wf lemma="oziroma" pos="X">oziroma</wf>
         <wf lemma="ljubljanskem" pos="X">ljubljanskem</wf>
         <wf lemma="Našem" pos="X">Našem</wf>
         <wf lemma="rodu" pos="X">rodu</wf>
         <wf lemma="." pos="X">.</wf>
      </sentence>
      <sentence id="d000.s1798" source="wordnet-slovenian">
         <wf lemma="-" pos="X">-</wf>
         <wf lemma="Predlagam" pos="X">Predlagam</wf>
         <wf lemma="namreč" pos="X">namreč</wf>
         <wf lemma="," pos="X">,</wf>
         <wf lemma="da" pos="X">da</wf>
         <wf lemma="se" pos="X">se</wf>
         <wf lemma="v" pos="X">v</wf>
         <wf lemma="prvi" pos="X">prvi</wf>
         <wf lemma="alinei" pos="X">alinei</wf>
         <wf lemma="prvega" pos="X">prvega</wf>
         <wf lemma="odstavka" pos="X">odstavka</wf>
         <wf lemma="tega" pos="X">tega</wf>
         <wf lemma="člena" pos="X">člena</wf>
         <wf lemma="črta" pos="X">črta</wf>
         <instance id="d000.s1798.t000" lemma="beseda" pos="NOUN">besede</instance>
         <wf lemma="&quot;" pos="X">&quot;</wf>
         <wf lemma="iz" pos="X">iz</wf>
         <wf lemma="sredstev" pos="X">sredstev</wf>
         <wf lemma="samoprispevka" pos="X">samoprispevka</wf>
         <wf lemma="&quot;" pos="X">&quot;</wf>
         <wf lemma="." pos="X">.</wf>
      </sentence>
      <sentence id="d000.s1799" source="wordnet-slovenian">
         <wf lemma="Resda" pos="X">Resda</wf>
         <wf lemma="ste" pos="X">ste</wf>
         <wf lemma="mi" pos="X">mi</wf>
         <wf lemma="odsvetovali" pos="X">odsvetovali</wf>
         <wf lemma="," pos="X">,</wf>
         <wf lemma="da" pos="X">da</wf>
         <wf lemma="fanta" pos="X">fanta</wf>
         <wf lemma="iščem" pos="X">iščem</wf>
         <wf lemma="na" pos="X">na</wf>
         <wf lemma="tak" pos="X">tak</wf>
         <instance id="d000.s1799.t000" lemma="način" pos="NOUN">način</instance>
         <wf lemma="," pos="X">,</wf>
         <wf lemma="in" pos="X">in</wf>
         <wf lemma="priznam" pos="X">priznam</wf>
         <wf lemma="," pos="X">,</wf>
         <wf lemma="da" pos="X">da</wf>
         <wf lemma="z" pos="X">z</wf>
         <wf lemma="denarjem" pos="X">denarjem</wf>
         <wf lemma="pritegneš" pos="X">pritegneš</wf>
         <wf lemma="raznovrstno" pos="X">raznovrstno</wf>
         <wf lemma="svojat" pos="X">svojat</wf>
         <wf lemma="," pos="X">,</wf>
         <wf lemma="ampak" pos="X">ampak</wf>
         <wf lemma="plakate" pos="X">plakate</wf>
         <wf lemma="bom" pos="X">bom</wf>
         <wf lemma="vseeno" pos="X">vseeno</wf>
         <wf lemma="obesila" pos="X">obesila</wf>
         <wf lemma="," pos="X">,</wf>
         <wf lemma="ob" pos="X">ob</wf>
         <wf lemma="vsakem" pos="X">vsakem</wf>
         <wf lemma="kanalu" pos="X">kanalu</wf>
         <wf lemma="," pos="X">,</wf>
         <wf lemma="v" pos="X">v</wf>
         <wf lemma="vsakem" pos="X">vsakem</wf>
         <wf lemma="baru" pos="X">baru</wf>
         <wf lemma="," pos="X">,</wf>
         <wf lemma="vsaki" pos="X">vsaki</wf>
         <wf lemma="kavarni" pos="X">kavarni</wf>
         <wf lemma="in" pos="X">in</wf>
         <wf lemma="muzeju" pos="X">muzeju</wf>
         <wf lemma="." pos="X">.</wf>
      </sentence>
      <sentence id="d000.s1800" source="wordnet-slovenian">
         <wf lemma="Orišite" pos="X">Orišite</wf>
         <instance id="d000.s1800.t000" lemma="program" pos="NOUN">program</instance>
         <wf lemma="dejavnosti" pos="X">dejavnosti</wf>
         <wf lemma="in" pos="X">in</wf>
         <wf lemma="pojasnite" pos="X">pojasnite</wf>
         <wf lemma="," pos="X">,</wf>
         <wf lemma="kako" pos="X">kako</wf>
         <wf lemma="ste" pos="X">ste</wf>
         <wf lemma="si" pos="X">si</wf>
         <wf lemma="izprašali" pos="X">izprašali</wf>
         <wf lemma="vest" pos="X">vest</wf>
         <wf lemma="," pos="X">,</wf>
         <wf lemma="kako" pos="X">kako</wf>
         <wf lemma="ste" pos="X">ste</wf>
         <wf lemma="pospravili" pos="X">pospravili</wf>
         <wf lemma="po" pos="X">po</wf>
         <wf lemma="preteklosti" pos="X">preteklosti</wf>
         <wf lemma="in" pos="X">in</wf>
         <wf lemma="zakaj" pos="X">zakaj</wf>
         <wf lemma="si" pos="X">si</wf>
         <wf lemma="zdaj" pos="X">zdaj</wf>
         <wf lemma="prizadevate" pos="X">prizadevate</wf>
         <wf lemma="," pos="X">,</wf>
         <wf lemma="da" pos="X">da</wf>
         <wf lemma="bi" pos="X">bi</wf>
         <wf lemma="bili" pos="X">bili</wf>
         <wf lemma="njemu" pos="X">njemu</wf>
         <wf lemma="v" pos="X">v</wf>
         <wf lemma="pomoč" pos="X">pomoč</wf>
         <wf lemma="." pos="X">.</wf>
      </sentence>
      <sentence id="d000.s1801" source="wordnet-slovenian">
         <wf lemma="Najprej" pos="X">Najprej</wf>
         <wf lemma="bomo" pos="X">bomo</wf>
         <wf lemma="glasovali" pos="X">glasovali</wf>
         <wf lemma="o" pos="X">o</wf>
         <wf lemma="predlogu" pos="X">predlogu</wf>
         <wf lemma="poslanca" pos="X">poslanca</wf>
         <wf lemma="," pos="X">,</wf>
         <wf lemma="gospoda" pos="X">gospoda</wf>
         <wf lemma="Saša" pos="X">Saša</wf>
         <wf lemma="Lapa" pos="X">Lapa</wf>
         <wf lemma="," pos="X">,</wf>
         <wf lemma="ki" pos="X">ki</wf>
         <wf lemma="se" pos="X">se</wf>
         <wf lemma="glasi" pos="X">glasi</wf>
         <wf lemma=":" pos="X">:</wf>
         <wf lemma="Državni" pos="X">Državni</wf>
         <wf lemma="zbor" pos="X">zbor</wf>
         <wf lemma="ne" pos="X">ne</wf>
         <wf lemma="sprejema" pos="X">sprejema</wf>
         <wf lemma="poročila" pos="X">poročila</wf>
         <wf lemma="v" pos="X">v</wf>
         <wf lemma="delu" pos="X">delu</wf>
         <wf lemma="," pos="X">,</wf>
         <wf lemma="kjer" pos="X">kjer</wf>
         <wf lemma="javni" pos="X">javni</wf>
         <wf lemma="pravobranilec" pos="X">pravobranilec</wf>
         <wf lemma="Republike" pos="X">Republike</wf>
         <wf lemma="Slovenije" pos="X">Slovenije</wf>
         <wf lemma="predlaga" pos="X">predlaga</wf>
         <instance id="d000.s1801.t000" lemma="vlada" pos="NOUN">Vladi</instance>
         <wf lemma="Republike" pos="X">Republike</wf>
         <wf lemma="Slovenije" pos="X">Slovenije</wf>
         <wf lemma="," pos="X">,</wf>
         <wf lemma="da" pos="X">da</wf>
         <wf lemma="presodi" pos="X">presodi</wf>
         <wf lemma="utemeljenost" pos="X">utemeljenost</wf>
         <wf lemma="oziroma" pos="X">oziroma</wf>
         <wf lemma="smotrnost" pos="X">smotrnost</wf>
         <wf lemma="eventualne" pos="X">eventualne</wf>
         <wf lemma="spremembe" pos="X">spremembe</wf>
         <wf lemma="145." pos="X">145.</wf>
         <wf lemma="člena" pos="X">člena</wf>
         <wf lemma="zakona" pos="X">zakona</wf>
         <wf lemma="o" pos="X">o</wf>
         <wf lemma="izvajanju" pos="X">izvajanju</wf>
         <wf lemma="kazenskih" pos="X">kazenskih</wf>
         <wf lemma="sankcij" pos="X">sankcij</wf>
         <wf lemma="." pos="X">.</wf>
      </sentence>
      <sentence id="d000.s1802" source="wordnet-slovenian">
         <wf lemma="Moški" pos="X">Moški</wf>
         <wf lemma="so" pos="X">so</wf>
         <wf lemma="le" pos="X">le</wf>
         <wf lemma="zavijali" pos="X">zavijali</wf>
         <wf lemma="z" pos="X">z</wf>
         <wf lemma="očmi" pos="X">očmi</wf>
         <wf lemma="in" pos="X">in</wf>
         <wf lemma="zmajevali" pos="X">zmajevali</wf>
         <wf lemma="z" pos="X">z</wf>
         <instance id="d000.s1802.t000" lemma="glava" pos="NOUN">glavo</instance>
         <wf lemma="." pos="X">.</wf>
      </sentence>
      <sentence id="d000.s1803" source="wordnet-slovenian">
         <wf lemma="Ampak" pos="X">Ampak</wf>
         <wf lemma="potiskali" pos="X">potiskali</wf>
         <wf lemma="so" pos="X">so</wf>
         <wf lemma="kljub" pos="X">kljub</wf>
         <wf lemma="vsemu" pos="X">vsemu</wf>
         <wf lemma="samo" pos="X">samo</wf>
         <wf lemma="simbolično" pos="X">simbolično</wf>
         <wf lemma="," pos="X">,</wf>
         <wf lemma="tako" pos="X">tako</wf>
         <wf lemma="da" pos="X">da</wf>
         <wf lemma="so" pos="X">so</wf>
         <wf lemma="graničarji" pos="X">graničarji</wf>
         <instance id="d000.s1803.t000" lemma="vrata" pos="NOUN">vrata</instance>
         <wf lemma="zmeraj" pos="X">zmeraj</wf>
         <wf lemma="bolj" pos="X">bolj</wf>
         <wf lemma="zapirali" pos="X">zapirali</wf>
         <wf lemma="," pos="X">,</wf>
         <wf lemma="čeprav" pos="X">čeprav</wf>
         <wf lemma="-" pos="X">-</wf>
         <wf lemma="in" pos="X">in</wf>
         <wf lemma="tu" pos="X">tu</wf>
         <wf lemma="vam" pos="X">vam</wf>
         <wf lemma="bom" pos="X">bom</wf>
         <wf lemma="zaupal" pos="X">zaupal</wf>
         <wf lemma="še" pos="X">še</wf>
         <wf lemma="eno" pos="X">eno</wf>
         <wf lemma="skrbno" pos="X">skrbno</wf>
         <wf lemma="varovano" pos="X">varovano</wf>
         <wf lemma="nemško" pos="X">nemško</wf>
         <wf lemma="skrivnost" pos="X">skrivnost</wf>
         <wf lemma="tiste" pos="X">tiste</wf>
         <wf lemma="noči" pos="X">noči</wf>
         <wf lemma="-" pos="X">-</wf>
         <wf lemma="," pos="X">,</wf>
         <wf lemma="čeprav" pos="X">čeprav</wf>
         <wf lemma="vrat" pos="X">vrat</wf>
         <wf lemma="sploh" pos="X">sploh</wf>
         <wf lemma="niso" pos="X">niso</wf>
         <wf lemma="hoteli" pos="X">hoteli</wf>
         <wf lemma="več" pos="X">več</wf>
         <wf lemma="zapreti" pos="X">zapreti</wf>
         <wf lemma="." pos="X">.</wf>
      </sentence>
      <sentence id="d000.s1804" source="wordnet-slovenian">
         <wf lemma="Slovenija" pos="X">Slovenija</wf>
         <wf lemma="je" pos="X">je</wf>
         <wf lemma="dobila" pos="X">dobila</wf>
         <wf lemma="kar" pos="X">kar</wf>
         <wf lemma="23" pos="X">23</wf>
         <instance id="d000.s1804.t000" lemma="glas" pos="NOUN">glasov</instance>
         <wf lemma="od" pos="X">od</wf>
         <wf lemma="skupno" pos="X">skupno</wf>
         <wf lemma="43" pos="X">43</wf>
         <wf lemma="," pos="X">,</wf>
         <wf lemma="Švica" pos="X">Švica</wf>
         <wf lemma="enajst" pos="X">enajst</wf>
         <wf lemma="," pos="X">,</wf>
         <wf lemma="Norveška" pos="X">Norveška</wf>
         <wf lemma="sedem" pos="X">sedem</wf>
         <wf lemma="in" pos="X">in</wf>
         <wf lemma="Romunija" pos="X">Romunija</wf>
         <wf lemma="dva" pos="X">dva</wf>
         <wf lemma="." pos="X">.</wf>
      </sentence>
      <sentence id="d000.s1805" source="wordnet-slovenian">
         <wf lemma="Sicer" pos="X">Sicer</wf>
         <wf lemma="pa" pos="X">pa</wf>
         <wf lemma="so" pos="X">so</wf>
         <wf lemma="mnenja" pos="X">mnenja</wf>
         <wf lemma="," pos="X">,</wf>
         <wf lemma="da" pos="X">da</wf>
         <wf lemma="dve" pos="X">dve</wf>
         <wf lemma="," pos="X">,</wf>
         <wf lemma="tri" pos="X">tri</wf>
         <wf lemma="skodelice" pos="X">skodelice</wf>
         <wf lemma="kave" pos="X">kave</wf>
         <wf lemma="na" pos="X">na</wf>
         <instance id="d000.s1805.t000" lemma="dan" pos="NOUN">dan</instance>
         <wf lemma="skorajda" pos="X">skorajda</wf>
         <wf lemma="ne" pos="X">ne</wf>
         <wf lemma="morejo" pos="X">morejo</wf>
         <wf lemma="škodovati" pos="X">škodovati</wf>
         <wf lemma="." pos="X">.</wf>
      </sentence>
      <sentence id="d000.s1806" source="wordnet-slovenian">
         <wf lemma="Glasoval" pos="X">Glasoval</wf>
         <wf lemma="bom" pos="X">bom</wf>
         <wf lemma="za" pos="X">za</wf>
         <wf lemma="ta" pos="X">ta</wf>
         <wf lemma="amandma" pos="X">amandma</wf>
         <wf lemma="," pos="X">,</wf>
         <wf lemma="seveda" pos="X">seveda</wf>
         <wf lemma="s" pos="X">s</wf>
         <wf lemma="tem" pos="X">tem</wf>
         <wf lemma="," pos="X">,</wf>
         <wf lemma="da" pos="X">da</wf>
         <wf lemma="bi" pos="X">bi</wf>
         <wf lemma="opozoril" pos="X">opozoril</wf>
         <wf lemma="," pos="X">,</wf>
         <wf lemma="da" pos="X">da</wf>
         <wf lemma="ta" pos="X">ta</wf>
         <wf lemma="amandma" pos="X">amandma</wf>
         <wf lemma="predvideva" pos="X">predvideva</wf>
         <wf lemma="zakonsko" pos="X">zakonsko</wf>
         <wf lemma="zavarovanje" pos="X">zavarovanje</wf>
         <wf lemma="ogroženih" pos="X">ogroženih</wf>
         <wf lemma="vrst" pos="X">vrst</wf>
         <wf lemma="in" pos="X">in</wf>
         <wf lemma="da" pos="X">da</wf>
         <wf lemma="v" pos="X">v</wf>
         <wf lemma="dosedanji" pos="X">dosedanji</wf>
         <wf lemma="praksi" pos="X">praksi</wf>
         <wf lemma="prihaja" pos="X">prihaja</wf>
         <wf lemma="do" pos="X">do</wf>
         <wf lemma="stalnih" pos="X">stalnih</wf>
         <wf lemma="pritiskov" pos="X">pritiskov</wf>
         <wf lemma="na" pos="X">na</wf>
         <instance id="d000.s1806.t000" lemma="vlada" pos="NOUN">Vlado</instance>
         <wf lemma="," pos="X">,</wf>
         <wf lemma="naj" pos="X">naj</wf>
         <wf lemma="dela" pos="X">dela</wf>
         <wf lemma="izjeme" pos="X">izjeme</wf>
         <wf lemma="," pos="X">,</wf>
         <wf lemma="naj" pos="X">naj</wf>
         <wf lemma="dovoljuje" pos="X">dovoljuje</wf>
         <wf lemma="določene" pos="X">določene</wf>
         <wf lemma="odstrele" pos="X">odstrele</wf>
         <wf lemma="," pos="X">,</wf>
         <wf lemma="poboje" pos="X">poboje</wf>
         <wf lemma="in" pos="X">in</wf>
         <wf lemma="tako" pos="X">tako</wf>
         <wf lemma="naprej" pos="X">naprej</wf>
         <wf lemma="," pos="X">,</wf>
         <wf lemma="kar" pos="X">kar</wf>
         <wf lemma="se" pos="X">se</wf>
         <wf lemma="tudi" pos="X">tudi</wf>
         <wf lemma="dogaja" pos="X">dogaja</wf>
         <wf lemma="v" pos="X">v</wf>
         <wf lemma="Vladi" pos="X">Vladi</wf>
         <wf lemma="," pos="X">,</wf>
         <wf lemma="ker" pos="X">ker</wf>
         <wf lemma="je" pos="X">je</wf>
         <wf lemma="veliko" pos="X">veliko</wf>
         <wf lemma="lažje" pos="X">lažje</wf>
         <wf lemma="delati" pos="X">delati</wf>
         <wf lemma="izjeme" pos="X">izjeme</wf>
         <wf lemma="," pos="X">,</wf>
         <wf lemma="ali" pos="X">ali</wf>
         <wf lemma="pa" pos="X">pa</wf>
         <wf lemma="vsaj" pos="X">vsaj</wf>
         <wf lemma="zaradi" pos="X">zaradi</wf>
         <wf lemma="pritiskov" pos="X">pritiskov</wf>
         <wf lemma="se" pos="X">se</wf>
         <wf lemma="to" pos="X">to</wf>
         <wf lemma="dogaja" pos="X">dogaja</wf>
         <wf lemma="," pos="X">,</wf>
         <wf lemma="kot" pos="X">kot</wf>
         <wf lemma="se" pos="X">se</wf>
         <wf lemma="bo" pos="X">bo</wf>
         <wf lemma="to" pos="X">to</wf>
         <wf lemma="dogajalo" pos="X">dogajalo</wf>
         <wf lemma="v" pos="X">v</wf>
         <wf lemma="parlamentu" pos="X">parlamentu</wf>
         <wf lemma="." pos="X">.</wf>
      </sentence>
      <sentence id="d000.s1807" source="wordnet-slovenian">
         <wf lemma="»" pos="X">»</wf>
         <wf lemma="Ne" pos="X">Ne</wf>
         <wf lemma="vem" pos="X">vem</wf>
         <wf lemma="," pos="X">,</wf>
         <wf lemma="koliko" pos="X">koliko</wf>
         <wf lemma="bo" pos="X">bo</wf>
         <wf lemma="ploskal" pos="X">ploskal</wf>
         <wf lemma="," pos="X">,</wf>
         <wf lemma="«" pos="X">«</wf>
         <wf lemma="mu" pos="X">mu</wf>
         <wf lemma="je" pos="X">je</wf>
         <wf lemma="odgovorila" pos="X">odgovorila</wf>
         <wf lemma="z" pos="X">z</wf>
         <wf lemma="malce" pos="X">malce</wf>
         <wf lemma="malodušnim" pos="X">malodušnim</wf>
         <instance id="d000.s1807.t000" lemma="glas" pos="NOUN">glasom</instance>
         <wf lemma="." pos="X">.</wf>
      </sentence>
      <sentence id="d000.s1808" source="wordnet-slovenian">
         <wf lemma="Miroslav" pos="X">Miroslav</wf>
         <wf lemma="Cerar" pos="X">Cerar</wf>
         <wf lemma="ml." pos="X">ml.</wf>
         <wf lemma="meni" pos="X">meni</wf>
         <wf lemma="," pos="X">,</wf>
         <wf lemma="da" pos="X">da</wf>
         <wf lemma="za" pos="X">za</wf>
         <wf lemma="sporno" pos="X">sporno</wf>
         <wf lemma="financiranje" pos="X">financiranje</wf>
         <wf lemma="niso" pos="X">niso</wf>
         <wf lemma="odgovorna" pos="X">odgovorna</wf>
         <wf lemma="samo" pos="X">samo</wf>
         <instance id="d000.s1808.t000" lemma="podjetje" pos="NOUN">podjetja</instance>
         <wf lemma="," pos="X">,</wf>
         <wf lemma="ampak" pos="X">ampak</wf>
         <wf lemma="tudi" pos="X">tudi</wf>
         <wf lemma="stranke" pos="X">stranke</wf>
         <wf lemma="." pos="X">.</wf>
      </sentence>
      <sentence id="d000.s1809" source="wordnet-slovenian">
         <wf lemma="Zaključni" pos="X">Zaključni</wf>
         <wf lemma="četrtkov" pos="X">četrtkov</wf>
         <wf lemma="glasbeni" pos="X">glasbeni</wf>
         <wf lemma="večer" pos="X">večer</wf>
         <wf lemma="v" pos="X">v</wf>
         <wf lemma="Linhartovi" pos="X">Linhartovi</wf>
         <wf lemma="dvorani" pos="X">dvorani</wf>
         <wf lemma="je" pos="X">je</wf>
         <wf lemma="bil" pos="X">bil</wf>
         <wf lemma="kar" pos="X">kar</wf>
         <wf lemma="pravšnji" pos="X">pravšnji</wf>
         <wf lemma="za" pos="X">za</wf>
         <wf lemma="naš" pos="X">naš</wf>
         <wf lemma="umetniško" pos="X">umetniško</wf>
         <wf lemma="vse" pos="X">vse</wf>
         <wf lemma="bolj" pos="X">bolj</wf>
         <wf lemma="razkrojen" pos="X">razkrojen</wf>
         <wf lemma="Festival" pos="X">Festival</wf>
         <wf lemma="Ljubljana" pos="X">Ljubljana</wf>
         <wf lemma="," pos="X">,</wf>
         <wf lemma="ki" pos="X">ki</wf>
         <wf lemma="so" pos="X">so</wf>
         <wf lemma="ga" pos="X">ga</wf>
         <wf lemma="samo" pos="X">samo</wf>
         <wf lemma="v" pos="X">v</wf>
         <wf lemma="pogledu" pos="X">pogledu</wf>
         <wf lemma="svoje" pos="X">svoje</wf>
         <wf lemma="pameti" pos="X">pameti</wf>
         <wf lemma="prekosile" pos="X">prekosile</wf>
         <wf lemma="," pos="X">,</wf>
         <wf lemma="da" pos="X">da</wf>
         <wf lemma="ne" pos="X">ne</wf>
         <wf lemma="rečem" pos="X">rečem</wf>
         <wf lemma="kar" pos="X">kar</wf>
         <wf lemma="osmešile" pos="X">osmešile</wf>
         <wf lemma="," pos="X">,</wf>
         <wf lemma="skoraj" pos="X">skoraj</wf>
         <wf lemma="vse" pos="X">vse</wf>
         <wf lemma="druge" pos="X">druge</wf>
         <wf lemma="prireditve" pos="X">prireditve</wf>
         <wf lemma="s" pos="X">s</wf>
         <wf lemma="podobnim" pos="X">podobnim</wf>
         <instance id="d000.s1809.t000" lemma="ime" pos="NOUN">imenom</instance>
         <wf lemma="," pos="X">,</wf>
         <wf lemma="a" pos="X">a</wf>
         <wf lemma="veliko" pos="X">veliko</wf>
         <wf lemma="manj" pos="X">manj</wf>
         <wf lemma="reprezentativno" pos="X">reprezentativno</wf>
         <wf lemma="pozo" pos="X">pozo</wf>
         <wf lemma="." pos="X">.</wf>
      </sentence>
      <sentence id="d000.s1810" source="wordnet-slovenian">
         <wf lemma="»" pos="X">»</wf>
         <wf lemma="Sicer" pos="X">Sicer</wf>
         <wf lemma="je" pos="X">je</wf>
         <wf lemma="res" pos="X">res</wf>
         <wf lemma="," pos="X">,</wf>
         <wf lemma="da" pos="X">da</wf>
         <wf lemma="je" pos="X">je</wf>
         <wf lemma="bilo" pos="X">bilo</wf>
         <wf lemma="v" pos="X">v</wf>
         <instance id="d000.s1810.t000" lemma="leto" pos="NOUN">letu</instance>
         <wf lemma="in" pos="X">in</wf>
         <wf lemma="pol" pos="X">pol</wf>
         <wf lemma="na" pos="X">na</wf>
         <wf lemma="ministrstvu" pos="X">ministrstvu</wf>
         <wf lemma="in" pos="X">in</wf>
         <wf lemma="drugod" pos="X">drugod</wf>
         <wf lemma="opravljeno" pos="X">opravljeno</wf>
         <wf lemma="ogromno" pos="X">ogromno</wf>
         <wf lemma="delo" pos="X">delo</wf>
         <wf lemma="," pos="X">,</wf>
         <wf lemma="a" pos="X">a</wf>
         <wf lemma="za" pos="X">za</wf>
         <wf lemma="takšno" pos="X">takšno</wf>
         <wf lemma="nalogo" pos="X">nalogo</wf>
         <wf lemma="je" pos="X">je</wf>
         <wf lemma="bilo" pos="X">bilo</wf>
         <wf lemma="časa" pos="X">časa</wf>
         <wf lemma="absolutno" pos="X">absolutno</wf>
         <wf lemma="premalo" pos="X">premalo</wf>
         <wf lemma="." pos="X">.</wf>
      </sentence>
      <sentence id="d000.s1811" source="wordnet-slovenian">
         <instance id="d000.s1811.t000" lemma="čas" pos="NOUN">Čas</instance>
         <wf lemma="za" pos="X">za</wf>
         <wf lemma="prijave" pos="X">prijave</wf>
         <wf lemma="na" pos="X">na</wf>
         <wf lemma="ministrstvo" pos="X">ministrstvo</wf>
         <wf lemma="za" pos="X">za</wf>
         <wf lemma="kulturo" pos="X">kulturo</wf>
         <wf lemma="je" pos="X">je</wf>
         <wf lemma="pač" pos="X">pač</wf>
         <wf lemma="," pos="X">,</wf>
         <wf lemma="vsi" pos="X">vsi</wf>
         <wf lemma="sprašujejo" pos="X">sprašujejo</wf>
         <wf lemma="," pos="X">,</wf>
         <wf lemma="kaj" pos="X">kaj</wf>
         <wf lemma="prijaviti" pos="X">prijaviti</wf>
         <wf lemma="in" pos="X">in</wf>
         <wf lemma="kako" pos="X">kako</wf>
         <wf lemma="." pos="X">.</wf>
      </sentence>
      <sentence id="d000.s1812" source="wordnet-slovenian">
         <wf lemma="Neka" pos="X">Neka</wf>
         <wf lemma="psihologinja" pos="X">psihologinja</wf>
         <wf lemma="mi" pos="X">mi</wf>
         <wf lemma="je" pos="X">je</wf>
         <wf lemma="rekla" pos="X">rekla</wf>
         <wf lemma="," pos="X">,</wf>
         <wf lemma="da" pos="X">da</wf>
         <wf lemma="moram" pos="X">moram</wf>
         <wf lemma="živeti" pos="X">živeti</wf>
         <wf lemma="le" pos="X">le</wf>
         <wf lemma="zase" pos="X">zase</wf>
         <wf lemma="in" pos="X">in</wf>
         <wf lemma="za" pos="X">za</wf>
         <wf lemma="svojega" pos="X">svojega</wf>
         <instance id="d000.s1812.t000" lemma="otrok" pos="NOUN">otroka</instance>
         <wf lemma="," pos="X">,</wf>
         <wf lemma="sestro" pos="X">sestro</wf>
         <wf lemma="pa" pos="X">pa</wf>
         <wf lemma="moram" pos="X">moram</wf>
         <wf lemma="enostavno" pos="X">enostavno</wf>
         <wf lemma="odmisliti" pos="X">odmisliti</wf>
         <wf lemma="," pos="X">,</wf>
         <wf lemma="če" pos="X">če</wf>
         <wf lemma="me" pos="X">me</wf>
         <wf lemma="ne" pos="X">ne</wf>
         <wf lemma="posluša" pos="X">posluša</wf>
         <wf lemma="." pos="X">.</wf>
      </sentence>
      <sentence id="d000.s1813" source="wordnet-slovenian">
         <wf lemma="Na" pos="X">Na</wf>
         <wf lemma="Daljnem" pos="X">Daljnem</wf>
         <wf lemma="vzhodu" pos="X">vzhodu</wf>
         <wf lemma="se" pos="X">se</wf>
         <instance id="d000.s1813.t000" lemma="stvar" pos="NOUN">stvari</instance>
         <wf lemma="niso" pos="X">niso</wf>
         <wf lemma="bistveno" pos="X">bistveno</wf>
         <wf lemma="spremenile" pos="X">spremenile</wf>
         <wf lemma="." pos="X">.</wf>
      </sentence>
      <sentence id="d000.s1814" source="wordnet-slovenian">
         <wf lemma="V" pos="X">V</wf>
         <wf lemma="nastalo" pos="X">nastalo</wf>
         <wf lemma="zaplinjeno" pos="X">zaplinjeno</wf>
         <wf lemma="ozračje" pos="X">ozračje</wf>
         <wf lemma="naj" pos="X">naj</wf>
         <wf lemma="bi" pos="X">bi</wf>
         <wf lemma="namreč" pos="X">namreč</wf>
         <wf lemma="zakorakal" pos="X">zakorakal</wf>
         <wf lemma="on" pos="X">on</wf>
         <wf lemma="," pos="X">,</wf>
         <wf lemma="jasno" pos="X">jasno</wf>
         <wf lemma="," pos="X">,</wf>
         <wf lemma="s" pos="X">s</wf>
         <wf lemma="steklenico" pos="X">steklenico</wf>
         <wf lemma="v" pos="X">v</wf>
         <instance id="d000.s1814.t000" lemma="roka" pos="NOUN">roki</instance>
         <wf lemma="," pos="X">,</wf>
         <wf lemma="z" pos="X">z</wf>
         <wf lemma="vekijo" pos="X">vekijo</wf>
         <wf lemma="." pos="X">.</wf>
      </sentence>
      <sentence id="d000.s1815" source="wordnet-slovenian">
         <wf lemma="Zaradi" pos="X">Zaradi</wf>
         <wf lemma="suhega" pos="X">suhega</wf>
         <wf lemma="vremena" pos="X">vremena</wf>
         <wf lemma="je" pos="X">je</wf>
         <wf lemma="slovenska" pos="X">slovenska</wf>
         <wf lemma="uprava" pos="X">uprava</wf>
         <wf lemma="za" pos="X">za</wf>
         <wf lemma="zaščito" pos="X">zaščito</wf>
         <wf lemma="in" pos="X">in</wf>
         <wf lemma="reševanje" pos="X">reševanje</wf>
         <wf lemma="ragzlasila" pos="X">ragzlasila</wf>
         <wf lemma="veliko" pos="X">veliko</wf>
         <wf lemma="požarno" pos="X">požarno</wf>
         <wf lemma="ogroženost" pos="X">ogroženost</wf>
         <wf lemma="naravnega" pos="X">naravnega</wf>
         <instance id="d000.s1815.t000" lemma="okolje" pos="NOUN">okolja</instance>
         <wf lemma="v" pos="X">v</wf>
         <wf lemma="treh" pos="X">treh</wf>
         <wf lemma="primorskih" pos="X">primorskih</wf>
         <wf lemma="občinah" pos="X">občinah</wf>
         <wf lemma="." pos="X">.</wf>
      </sentence>
      <sentence id="d000.s1816" source="wordnet-slovenian">
         <wf lemma="Večja" pos="X">Večja</wf>
         <wf lemma="jata" pos="X">jata</wf>
         <wf lemma="daje" pos="X">daje</wf>
         <wf lemma="pod" pos="X">pod</wf>
         <instance id="d000.s1816.t000" lemma="voda" pos="NOUN">vodo</instance>
         <wf lemma="vtis" pos="X">vtis</wf>
         <wf lemma="rdečkasto" pos="X">rdečkasto</wf>
         <wf lemma="rjave" pos="X">rjave</wf>
         <wf lemma="barve" pos="X">barve</wf>
         <wf lemma="." pos="X">.</wf>
      </sentence>
      <sentence id="d000.s1817" source="wordnet-slovenian">
         <wf lemma="Najraje" pos="X">Najraje</wf>
         <wf lemma="bi" pos="X">bi</wf>
         <wf lemma="sam" pos="X">sam</wf>
         <wf lemma="poklical" pos="X">poklical</wf>
         <wf lemma="Kyla" pos="X">Kyla</wf>
         <wf lemma="Craiga" pos="X">Craiga</wf>
         <wf lemma="in" pos="X">in</wf>
         <wf lemma="mu" pos="X">mu</wf>
         <wf lemma="rekel" pos="X">rekel</wf>
         <wf lemma="," pos="X">,</wf>
         <wf lemma="naj" pos="X">naj</wf>
         <wf lemma="pošlje" pos="X">pošlje</wf>
         <instance id="d000.s1817.t000" lemma="pomoč" pos="NOUN">pomoč</instance>
         <wf lemma="," pos="X">,</wf>
         <wf lemma="vendar" pos="X">vendar</wf>
         <wf lemma="se" pos="X">se</wf>
         <wf lemma="zdaj" pos="X">zdaj</wf>
         <wf lemma="nisem" pos="X">nisem</wf>
         <wf lemma="mogel" pos="X">mogel</wf>
         <wf lemma="ustaviti" pos="X">ustaviti</wf>
         <wf lemma="," pos="X">,</wf>
         <wf lemma="nisem" pos="X">nisem</wf>
         <wf lemma="smel" pos="X">smel</wf>
         <wf lemma="izgubiti" pos="X">izgubiti</wf>
         <wf lemma="Casanove" pos="X">Casanove</wf>
         <wf lemma="in" pos="X">in</wf>
         <wf lemma="njegovega" pos="X">njegovega</wf>
         <wf lemma="prijatelja" pos="X">prijatelja</wf>
         <wf lemma="." pos="X">.</wf>
      </sentence>
      <sentence id="d000.s1818" source="wordnet-slovenian">
         <wf lemma="Urad" pos="X">Urad</wf>
         <wf lemma="za" pos="X">za</wf>
         <wf lemma="preseljevanje" pos="X">preseljevanje</wf>
         <wf lemma="in" pos="X">in</wf>
         <wf lemma="begunce" pos="X">begunce</wf>
         <wf lemma="bo" pos="X">bo</wf>
         <wf lemma="," pos="X">,</wf>
         <wf lemma="če" pos="X">če</wf>
         <wf lemma="bo" pos="X">bo</wf>
         <instance id="d000.s1818.t000" lemma="zakon" pos="NOUN">zakon</instance>
         <wf lemma="sprejet" pos="X">sprejet</wf>
         <wf lemma="," pos="X">,</wf>
         <wf lemma="deloval" pos="X">deloval</wf>
         <wf lemma="podobno" pos="X">podobno</wf>
         <wf lemma="kot" pos="X">kot</wf>
         <wf lemma="Študentski" pos="X">Študentski</wf>
         <wf lemma="servis" pos="X">servis</wf>
         <wf lemma="." pos="X">.</wf>
      </sentence>
      <sentence id="d000.s1819" source="wordnet-slovenian">
         <wf lemma="PRODAMO" pos="X">PRODAMO</wf>
         <wf lemma="BRIZGALNI" pos="X">BRIZGALNI</wf>
         <wf lemma="STROJ" pos="X">STROJ</wf>
         <wf lemma="Boy" pos="X">Boy</wf>
         <wf lemma="50" pos="X">50</wf>
         <wf lemma="M" pos="X">M</wf>
         <wf lemma="za" pos="X">za</wf>
         <wf lemma="brizganje" pos="X">brizganje</wf>
         <wf lemma="plastike" pos="X">plastike</wf>
         <wf lemma="," pos="X">,</wf>
         <instance id="d000.s1819.t000" lemma="leto" pos="NOUN">leto</instance>
         <wf lemma="izdelave" pos="X">izdelave</wf>
         <wf lemma="1985" pos="X">1985</wf>
         <wf lemma="," pos="X">,</wf>
         <wf lemma="in" pos="X">in</wf>
         <wf lemma="brizgalni" pos="X">brizgalni</wf>
         <wf lemma="stroj" pos="X">stroj</wf>
         <wf lemma="Engel" pos="X">Engel</wf>
         <wf lemma="250" pos="X">250</wf>
         <wf lemma="/" pos="X">/</wf>
         <wf lemma="500" pos="X">500</wf>
         <wf lemma="," pos="X">,</wf>
         <wf lemma="leto" pos="X">leto</wf>
         <wf lemma="izdelave" pos="X">izdelave</wf>
         <wf lemma="1972" pos="X">1972</wf>
         <wf lemma="." pos="X">.</wf>
      </sentence>
      <sentence id="d000.s1820" source="wordnet-slovenian">
         <wf lemma="Sprejeta" pos="X">Sprejeta</wf>
         <wf lemma="sicer" pos="X">sicer</wf>
         <wf lemma="še" pos="X">še</wf>
         <wf lemma="ni" pos="X">ni</wf>
         <wf lemma="," pos="X">,</wf>
         <wf lemma="saj" pos="X">saj</wf>
         <wf lemma="se" pos="X">se</wf>
         <wf lemma="bodo" pos="X">bodo</wf>
         <wf lemma="z" pos="X">z</wf>
         <wf lemma="njo" pos="X">njo</wf>
         <wf lemma="nekaj" pos="X">nekaj</wf>
         <wf lemma="časa" pos="X">časa</wf>
         <wf lemma="ukvarjali" pos="X">ukvarjali</wf>
         <wf lemma="na" pos="X">na</wf>
         <wf lemma="medvladni" pos="X">medvladni</wf>
         <wf lemma="konferenci" pos="X">konferenci</wf>
         <wf lemma="," pos="X">,</wf>
         <wf lemma="a" pos="X">a</wf>
         <wf lemma="ker" pos="X">ker</wf>
         <wf lemma="bi" pos="X">bi</wf>
         <wf lemma="ji" pos="X">ji</wf>
         <wf lemma="to" pos="X">to</wf>
         <wf lemma="polletje" pos="X">polletje</wf>
         <wf lemma="predsedujoči" pos="X">predsedujoči</wf>
         <wf lemma="Italijani" pos="X">Italijani</wf>
         <wf lemma="radi" pos="X">radi</wf>
         <wf lemma="dali" pos="X">dali</wf>
         <instance id="d000.s1820.t000" lemma="ime" pos="NOUN">ime</instance>
         <wf lemma="po" pos="X">po</wf>
         <wf lemma="Rimu" pos="X">Rimu</wf>
         <wf lemma="," pos="X">,</wf>
         <wf lemma="si" pos="X">si</wf>
         <wf lemma="bodo" pos="X">bodo</wf>
         <wf lemma="prizadevali" pos="X">prizadevali</wf>
         <wf lemma="za" pos="X">za</wf>
         <wf lemma="čim" pos="X">čim</wf>
         <wf lemma="manj" pos="X">manj</wf>
         <wf lemma="poseganja" pos="X">poseganja</wf>
         <wf lemma="v" pos="X">v</wf>
         <wf lemma="njeno" pos="X">njeno</wf>
         <wf lemma="vsebino" pos="X">vsebino</wf>
         <wf lemma="." pos="X">.</wf>
      </sentence>
      <sentence id="d000.s1821" source="wordnet-slovenian">
         <instance id="d000.s1821.t000" lemma="leto" pos="NOUN">Leta</instance>
         <wf lemma="1929" pos="X">1929</wf>
         <wf lemma="se" pos="X">se</wf>
         <wf lemma="z" pos="X">z</wf>
         <wf lemma="družino" pos="X">družino</wf>
         <wf lemma="preseli" pos="X">preseli</wf>
         <wf lemma="v" pos="X">v</wf>
         <wf lemma="Ljubljano" pos="X">Ljubljano</wf>
         <wf lemma="." pos="X">.</wf>
      </sentence>
      <sentence id="d000.s1822" source="wordnet-slovenian">
         <wf lemma="No" pos="X">No</wf>
         <wf lemma="," pos="X">,</wf>
         <wf lemma="tudi" pos="X">tudi</wf>
         <wf lemma="to" pos="X">to</wf>
         <instance id="d000.s1822.t000" lemma="obdobje" pos="NOUN">obdobje</instance>
         <wf lemma="je" pos="X">je</wf>
         <wf lemma="minilo" pos="X">minilo</wf>
         <wf lemma="in" pos="X">in</wf>
         <wf lemma="konj" pos="X">konj</wf>
         <wf lemma="se" pos="X">se</wf>
         <wf lemma="je" pos="X">je</wf>
         <wf lemma="prenehal" pos="X">prenehal</wf>
         <wf lemma="usedati" pos="X">usedati</wf>
         <wf lemma="." pos="X">.</wf>
      </sentence>
      <sentence id="d000.s1823" source="wordnet-slovenian">
         <wf lemma="Evropski" pos="X">Evropski</wf>
         <wf lemma="inflacijski" pos="X">inflacijski</wf>
         <wf lemma="pritiski" pos="X">pritiski</wf>
         <wf lemma="so" pos="X">so</wf>
         <wf lemma="znova" pos="X">znova</wf>
         <wf lemma="povečali" pos="X">povečali</wf>
         <wf lemma="zanimanje" pos="X">zanimanje</wf>
         <wf lemma="investitorjev" pos="X">investitorjev</wf>
         <wf lemma="za" pos="X">za</wf>
         <wf lemma="obveznice" pos="X">obveznice</wf>
         <wf lemma="," pos="X">,</wf>
         <wf lemma="ki" pos="X">ki</wf>
         <wf lemma="so" pos="X">so</wf>
         <wf lemma="vezane" pos="X">vezane</wf>
         <wf lemma="na" pos="X">na</wf>
         <wf lemma="inflacijska" pos="X">inflacijska</wf>
         <wf lemma="pričakovanja" pos="X">pričakovanja</wf>
         <wf lemma="in" pos="X">in</wf>
         <wf lemma="so" pos="X">so</wf>
         <wf lemma="nekaj" pos="X">nekaj</wf>
         <wf lemma="povsem" pos="X">povsem</wf>
         <wf lemma="vsakdanjega" pos="X">vsakdanjega</wf>
         <wf lemma="na" pos="X">na</wf>
         <wf lemma="slovenskem" pos="X">slovenskem</wf>
         <instance id="d000.s1823.t000" lemma="trg" pos="NOUN">trgu</instance>
         <wf lemma="dolga" pos="X">dolga</wf>
         <wf lemma="." pos="X">.</wf>
      </sentence>
      <sentence id="d000.s1824" source="wordnet-slovenian">
         <wf lemma="Po" pos="X">Po</wf>
         <wf lemma="Marušičevih" pos="X">Marušičevih</wf>
         <instance id="d000.s1824.t000" lemma="beseda" pos="NOUN">besedah</instance>
         <wf lemma="se" pos="X">se</wf>
         <wf lemma="komisija" pos="X">komisija</wf>
         <wf lemma="izreka" pos="X">izreka</wf>
         <wf lemma="zgolj" pos="X">zgolj</wf>
         <wf lemma="v" pos="X">v</wf>
         <wf lemma="postopku" pos="X">postopku</wf>
         <wf lemma="za" pos="X">za</wf>
         <wf lemma="imenovanje" pos="X">imenovanje</wf>
         <wf lemma="vodij" pos="X">vodij</wf>
         <wf lemma="državnih" pos="X">državnih</wf>
         <wf lemma="tožilstev" pos="X">tožilstev</wf>
         <wf lemma="." pos="X">.</wf>
      </sentence>
      <sentence id="d000.s1825" source="wordnet-slovenian">
         <wf lemma="Na" pos="X">Na</wf>
         <wf lemma="primer" pos="X">primer</wf>
         <wf lemma="narečja" pos="X">narečja</wf>
         <wf lemma="jugovzhodne" pos="X">jugovzhodne</wf>
         <wf lemma="Francije" pos="X">Francije</wf>
         <wf lemma="in" pos="X">in</wf>
         <wf lemma="italijanska" pos="X">italijanska</wf>
         <wf lemma="narečja" pos="X">narečja</wf>
         <wf lemma="na" pos="X">na</wf>
         <wf lemma="drugi" pos="X">drugi</wf>
         <instance id="d000.s1825.t000" lemma="stran" pos="NOUN">strani</instance>
         <wf lemma="meje" pos="X">meje</wf>
         <wf lemma="so" pos="X">so</wf>
         <wf lemma="si" pos="X">si</wf>
         <wf lemma="tako" pos="X">tako</wf>
         <wf lemma="podobna" pos="X">podobna</wf>
         <wf lemma="," pos="X">,</wf>
         <wf lemma="da" pos="X">da</wf>
         <wf lemma="bi" pos="X">bi</wf>
         <wf lemma="lahko" pos="X">lahko</wf>
         <wf lemma="spadala" pos="X">spadala</wf>
         <wf lemma="v" pos="X">v</wf>
         <wf lemma="isti" pos="X">isti</wf>
         <wf lemma="jezik" pos="X">jezik</wf>
         <wf lemma="." pos="X">.</wf>
      </sentence>
      <sentence id="d000.s1826" source="wordnet-slovenian">
         <wf lemma="Naprava" pos="X">Naprava</wf>
         <wf lemma="BICOM" pos="X">BICOM</wf>
         <wf lemma="je" pos="X">je</wf>
         <wf lemma="torej" pos="X">torej</wf>
         <wf lemma="nekakšna" pos="X">nekakšna</wf>
         <wf lemma="zbirka" pos="X">zbirka</wf>
         <wf lemma="impulzov" pos="X">impulzov</wf>
         <wf lemma="," pos="X">,</wf>
         <wf lemma="oblikovanih" pos="X">oblikovanih</wf>
         <wf lemma="v" pos="X">v</wf>
         <wf lemma="zdravilne" pos="X">zdravilne</wf>
         <wf lemma="programe" pos="X">programe</wf>
         <wf lemma="," pos="X">,</wf>
         <wf lemma="ki" pos="X">ki</wf>
         <wf lemma="pospešujejo" pos="X">pospešujejo</wf>
         <wf lemma="zdravljenje" pos="X">zdravljenje</wf>
         <wf lemma="in" pos="X">in</wf>
         <wf lemma="normalizacijo" pos="X">normalizacijo</wf>
         <wf lemma="presnovnih" pos="X">presnovnih</wf>
         <wf lemma="procesov" pos="X">procesov</wf>
         <wf lemma="v" pos="X">v</wf>
         <instance id="d000.s1826.t000" lemma="telo" pos="NOUN">telesu</instance>
         <wf lemma="," pos="X">,</wf>
         <wf lemma="toda" pos="X">toda</wf>
         <wf lemma="na" pos="X">na</wf>
         <wf lemma="koncu" pos="X">koncu</wf>
         <wf lemma="je" pos="X">je</wf>
         <wf lemma="vseeno" pos="X">vseeno</wf>
         <wf lemma="od" pos="X">od</wf>
         <wf lemma="človeka" pos="X">človeka</wf>
         <wf lemma="," pos="X">,</wf>
         <wf lemma="ki" pos="X">ki</wf>
         <wf lemma="upravlja" pos="X">upravlja</wf>
         <wf lemma="z" pos="X">z</wf>
         <wf lemma="aparatom" pos="X">aparatom</wf>
         <wf lemma="," pos="X">,</wf>
         <wf lemma="in" pos="X">in</wf>
         <wf lemma="od" pos="X">od</wf>
         <wf lemma="njegovih" pos="X">njegovih</wf>
         <wf lemma="izkušenj" pos="X">izkušenj</wf>
         <wf lemma="odvisno" pos="X">odvisno</wf>
         <wf lemma="," pos="X">,</wf>
         <wf lemma="ali" pos="X">ali</wf>
         <wf lemma="bo" pos="X">bo</wf>
         <wf lemma="pravilno" pos="X">pravilno</wf>
         <wf lemma="postavil" pos="X">postavil</wf>
         <wf lemma="diagnozo" pos="X">diagnozo</wf>
         <wf lemma="in" pos="X">in</wf>
         <wf lemma="izbral" pos="X">izbral</wf>
         <wf lemma="pravi" pos="X">pravi</wf>
         <wf lemma="program" pos="X">program</wf>
         <wf lemma="za" pos="X">za</wf>
         <wf lemma="bolnika" pos="X">bolnika</wf>
         <wf lemma="." pos="X">.</wf>
      </sentence>
      <sentence id="d000.s1827" source="wordnet-slovenian">
         <wf lemma="In" pos="X">In</wf>
         <wf lemma="ko" pos="X">ko</wf>
         <wf lemma="je" pos="X">je</wf>
         <wf lemma="&quot;" pos="X">&quot;</wf>
         <wf lemma="Baško" pos="X">Baško</wf>
         <wf lemma="&quot;" pos="X">&quot;</wf>
         <wf lemma="z" pos="X">z</wf>
         <wf lemma="nagajivim" pos="X">nagajivim</wf>
         <wf lemma="nasmehom" pos="X">nasmehom</wf>
         <wf lemma="skrivaj" pos="X">skrivaj</wf>
         <wf lemma="pomežiknil" pos="X">pomežiknil</wf>
         <instance id="d000.s1827.t000" lemma="član" pos="NOUN">članom</instance>
         <wf lemma="slovenske" pos="X">slovenske</wf>
         <wf lemma="delegacije" pos="X">delegacije</wf>
         <wf lemma="," pos="X">,</wf>
         <wf lemma="je" pos="X">je</wf>
         <wf lemma="bilo" pos="X">bilo</wf>
         <wf lemma="jasno" pos="X">jasno</wf>
         <wf lemma="," pos="X">,</wf>
         <wf lemma="da" pos="X">da</wf>
         <wf lemma="je" pos="X">je</wf>
         <wf lemma="Slovenija" pos="X">Slovenija</wf>
         <wf lemma="zmagala" pos="X">zmagala</wf>
         <wf lemma="." pos="X">.</wf>
      </sentence>
      <sentence id="d000.s1828" source="wordnet-slovenian">
         <wf lemma="Dogovarjamo" pos="X">Dogovarjamo</wf>
         <wf lemma="se" pos="X">se</wf>
         <wf lemma="z" pos="X">z</wf>
         <wf lemma="uglednim" pos="X">uglednim</wf>
         <wf lemma="britanskim" pos="X">britanskim</wf>
         <wf lemma="kustosom" pos="X">kustosom</wf>
         <wf lemma="Henryjem" pos="X">Henryjem</wf>
         <wf lemma="Meyricem" pos="X">Meyricem</wf>
         <wf lemma="Hughesom" pos="X">Hughesom</wf>
         <wf lemma="-" pos="X">-</wf>
         <wf lemma="pripravil" pos="X">pripravil</wf>
         <wf lemma="naj" pos="X">naj</wf>
         <wf lemma="bi" pos="X">bi</wf>
         <wf lemma="razstavo" pos="X">razstavo</wf>
         <wf lemma="mednarodne" pos="X">mednarodne</wf>
         <wf lemma="umetnosti" pos="X">umetnosti</wf>
         <wf lemma="20." pos="X">20.</wf>
         <wf lemma="stoletja" pos="X">stoletja</wf>
         <wf lemma="," pos="X">,</wf>
         <wf lemma="ki" pos="X">ki</wf>
         <wf lemma="bo" pos="X">bo</wf>
         <wf lemma="v" pos="X">v</wf>
         <wf lemma="dialogu" pos="X">dialogu</wf>
         <wf lemma="z" pos="X">z</wf>
         <wf lemma="našo" pos="X">našo</wf>
         <wf lemma="zbirko" pos="X">zbirko</wf>
         <wf lemma="," pos="X">,</wf>
         <wf lemma="ker" pos="X">ker</wf>
         <wf lemma="bi" pos="X">bi</wf>
         <wf lemma="na" pos="X">na</wf>
         <wf lemma="ta" pos="X">ta</wf>
         <instance id="d000.s1828.t000" lemma="način" pos="NOUN">način</instance>
         <wf lemma="našo" pos="X">našo</wf>
         <wf lemma="zbirko" pos="X">zbirko</wf>
         <wf lemma="postavili" pos="X">postavili</wf>
         <wf lemma="v" pos="X">v</wf>
         <wf lemma="mednarodni" pos="X">mednarodni</wf>
         <wf lemma="kontekst" pos="X">kontekst</wf>
         <wf lemma="." pos="X">.</wf>
      </sentence>
      <sentence id="d000.s1829" source="wordnet-slovenian">
         <wf lemma="Če" pos="X">Če</wf>
         <instance id="d000.s1829.t000" lemma="otrok" pos="NOUN">otroka</instance>
         <wf lemma="piči" pos="X">piči</wf>
         <wf lemma="čebela" pos="X">čebela</wf>
         <wf lemma="," pos="X">,</wf>
         <wf lemma="osa" pos="X">osa</wf>
         <wf lemma="ali" pos="X">ali</wf>
         <wf lemma="sršen" pos="X">sršen</wf>
         <wf lemma="," pos="X">,</wf>
         <wf lemma="ga" pos="X">ga</wf>
         <wf lemma="skrbno" pos="X">skrbno</wf>
         <wf lemma="opazujemo" pos="X">opazujemo</wf>
         <wf lemma="zaradi" pos="X">zaradi</wf>
         <wf lemma="znakov" pos="X">znakov</wf>
         <wf lemma="preobčutljivostne" pos="X">preobčutljivostne</wf>
         <wf lemma="reakcije" pos="X">reakcije</wf>
         <wf lemma="," pos="X">,</wf>
         <wf lemma="kot" pos="X">kot</wf>
         <wf lemma="so" pos="X">so</wf>
         <wf lemma="huda" pos="X">huda</wf>
         <wf lemma="bolečina" pos="X">bolečina</wf>
         <wf lemma="," pos="X">,</wf>
         <wf lemma="oteklina" pos="X">oteklina</wf>
         <wf lemma="," pos="X">,</wf>
         <wf lemma="oteženo" pos="X">oteženo</wf>
         <wf lemma="dihanje" pos="X">dihanje</wf>
         <wf lemma="." pos="X">.</wf>
      </sentence>
      <sentence id="d000.s1830" source="wordnet-slovenian">
         <wf lemma="Strinjam" pos="X">Strinjam</wf>
         <wf lemma="se" pos="X">se</wf>
         <wf lemma="," pos="X">,</wf>
         <wf lemma="da" pos="X">da</wf>
         <wf lemma="je" pos="X">je</wf>
         <wf lemma="v" pos="X">v</wf>
         <wf lemma="prispevku" pos="X">prispevku</wf>
         <wf lemma="dobro" pos="X">dobro</wf>
         <wf lemma="napisano" pos="X">napisano</wf>
         <wf lemma="," pos="X">,</wf>
         <wf lemma="kaj" pos="X">kaj</wf>
         <wf lemma="vse" pos="X">vse</wf>
         <wf lemma="in" pos="X">in</wf>
         <wf lemma="kako" pos="X">kako</wf>
         <wf lemma="vpliva" pos="X">vpliva</wf>
         <wf lemma="na" pos="X">na</wf>
         <wf lemma="človeško" pos="X">človeško</wf>
         <instance id="d000.s1830.t000" lemma="življenje" pos="NOUN">življenje</instance>
         <wf lemma="." pos="X">.</wf>
      </sentence>
      <sentence id="d000.s1831" source="wordnet-slovenian">
         <wf lemma="Kakih" pos="X">Kakih</wf>
         <wf lemma="sedem" pos="X">sedem</wf>
         <wf lemma="metrov" pos="X">metrov</wf>
         <wf lemma="niže" pos="X">niže</wf>
         <wf lemma="sem" pos="X">sem</wf>
         <wf lemma="pred" pos="X">pred</wf>
         <wf lemma="seboj" pos="X">seboj</wf>
         <wf lemma="zagledal" pos="X">zagledal</wf>
         <wf lemma="rov" pos="X">rov</wf>
         <wf lemma="," pos="X">,</wf>
         <wf lemma="ki" pos="X">ki</wf>
         <wf lemma="so" pos="X">so</wf>
         <wf lemma="ga" pos="X">ga</wf>
         <wf lemma="ljudje" pos="X">ljudje</wf>
         <wf lemma="izkopali" pos="X">izkopali</wf>
         <wf lemma="že" pos="X">že</wf>
         <wf lemma="pred" pos="X">pred</wf>
         <wf lemma="180" pos="X">180</wf>
         <instance id="d000.s1831.t000" lemma="leto" pos="NOUN">leti</instance>
         <wf lemma="." pos="X">.</wf>
      </sentence>
      <sentence id="d000.s1832" source="wordnet-slovenian">
         <wf lemma="Vse" pos="X">Vse</wf>
         <wf lemma="druge" pos="X">druge</wf>
         <wf lemma="dvome" pos="X">dvome</wf>
         <wf lemma="je" pos="X">je</wf>
         <wf lemma="razpršilo" pos="X">razpršilo</wf>
         <wf lemma="dejstvo" pos="X">dejstvo</wf>
         <wf lemma="," pos="X">,</wf>
         <wf lemma="da" pos="X">da</wf>
         <wf lemma="je" pos="X">je</wf>
         <wf lemma="lastnik" pos="X">lastnik</wf>
         <instance id="d000.s1832.t000" lemma="klub" pos="NOUN">kluba</instance>
         <wf lemma="prav" pos="X">prav</wf>
         <wf lemma="tako" pos="X">tako</wf>
         <wf lemma="bajker" pos="X">bajker</wf>
         <wf lemma="." pos="X">.</wf>
      </sentence>
      <sentence id="d000.s1833" source="wordnet-slovenian">
         <wf lemma="Nadzorni" pos="X">Nadzorni</wf>
         <wf lemma="svet" pos="X">svet</wf>
         <wf lemma="pa" pos="X">pa</wf>
         <wf lemma="je" pos="X">je</wf>
         <wf lemma="včeraj" pos="X">včeraj</wf>
         <wf lemma="odločal" pos="X">odločal</wf>
         <wf lemma="tudi" pos="X">tudi</wf>
         <wf lemma="o" pos="X">o</wf>
         <wf lemma="podaljšanju" pos="X">podaljšanju</wf>
         <wf lemma="pogodbe" pos="X">pogodbe</wf>
         <wf lemma="z" pos="X">z</wf>
         <wf lemma="Gorenjem" pos="X">Gorenjem</wf>
         <wf lemma="trgovino" pos="X">trgovino</wf>
         <wf lemma="do" pos="X">do</wf>
         <instance id="d000.s1833.t000" lemma="konec" pos="NOUN">konca</instance>
         <wf lemma="leta" pos="X">leta</wf>
         <wf lemma="," pos="X">,</wf>
         <wf lemma="tako" pos="X">tako</wf>
         <wf lemma="da" pos="X">da</wf>
         <wf lemma="bi" pos="X">bi</wf>
         <wf lemma="ta" pos="X">ta</wf>
         <wf lemma="dobavitelj" pos="X">dobavitelj</wf>
         <wf lemma="pripeljal" pos="X">pripeljal</wf>
         <wf lemma="še" pos="X">še</wf>
         <wf lemma="150.000" pos="X">150.000</wf>
         <wf lemma="ton" pos="X">ton</wf>
         <wf lemma="premoga" pos="X">premoga</wf>
         <wf lemma="." pos="X">.</wf>
      </sentence>
      <sentence id="d000.s1834" source="wordnet-slovenian">
         <wf lemma="Naslovil" pos="X">Naslovil</wf>
         <wf lemma="jo" pos="X">jo</wf>
         <wf lemma="je" pos="X">je</wf>
         <wf lemma="na" pos="X">na</wf>
         <wf lemma="tamkajšnje" pos="X">tamkajšnje</wf>
         <wf lemma="Srbe" pos="X">Srbe</wf>
         <wf lemma="," pos="X">,</wf>
         <wf lemma="mednarodno" pos="X">mednarodno</wf>
         <wf lemma="skupnost" pos="X">skupnost</wf>
         <wf lemma="in" pos="X">in</wf>
         <wf lemma="začasnega" pos="X">začasnega</wf>
         <wf lemma="upravitelja" pos="X">upravitelja</wf>
         <wf lemma="tistega" pos="X">tistega</wf>
         <instance id="d000.s1834.t000" lemma="območje" pos="NOUN">območja</instance>
         <wf lemma="," pos="X">,</wf>
         <wf lemma="generala" pos="X">generala</wf>
         <wf lemma="Jacquesa" pos="X">Jacquesa</wf>
         <wf lemma="Kleina" pos="X">Kleina</wf>
         <wf lemma="." pos="X">.</wf>
      </sentence>
      <sentence id="d000.s1835" source="wordnet-slovenian">
         <wf lemma="Ko" pos="X">Ko</wf>
         <wf lemma="je" pos="X">je</wf>
         <wf lemma="v" pos="X">v</wf>
         <instance id="d000.s1835.t000" lemma="roka" pos="NOUN">roke</instance>
         <wf lemma="prijel" pos="X">prijel</wf>
         <wf lemma="kup" pos="X">kup</wf>
         <wf lemma="z" pos="X">z</wf>
         <wf lemma="največjim" pos="X">največjim</wf>
         <wf lemma="številom" pos="X">številom</wf>
         <wf lemma="glasovnic" pos="X">glasovnic</wf>
         <wf lemma="," pos="X">,</wf>
         <wf lemma="je" pos="X">je</wf>
         <wf lemma="v" pos="X">v</wf>
         <wf lemma="dvorani" pos="X">dvorani</wf>
         <wf lemma="zavladala" pos="X">zavladala</wf>
         <wf lemma="popolna" pos="X">popolna</wf>
         <wf lemma="tišina" pos="X">tišina</wf>
         <wf lemma="." pos="X">.</wf>
      </sentence>
      <sentence id="d000.s1836" source="wordnet-slovenian">
         <wf lemma="Govorila" pos="X">Govorila</wf>
         <wf lemma="je" pos="X">je</wf>
         <wf lemma="o" pos="X">o</wf>
         <wf lemma="prestanem" pos="X">prestanem</wf>
         <wf lemma="strahu" pos="X">strahu</wf>
         <wf lemma="," pos="X">,</wf>
         <wf lemma="prosila" pos="X">prosila</wf>
         <wf lemma="je" pos="X">je</wf>
         <wf lemma="," pos="X">,</wf>
         <wf lemma="da" pos="X">da</wf>
         <wf lemma="bi" pos="X">bi</wf>
         <wf lemma="ona" pos="X">ona</wf>
         <wf lemma="in" pos="X">in</wf>
         <wf lemma="njen" pos="X">njen</wf>
         <instance id="d000.s1836.t000" lemma="otrok" pos="NOUN">otrok</instance>
         <wf lemma="imela" pos="X">imela</wf>
         <wf lemma="mir" pos="X">mir</wf>
         <wf lemma="in" pos="X">in</wf>
         <wf lemma="da" pos="X">da</wf>
         <wf lemma="se" pos="X">se</wf>
         <wf lemma="kaj" pos="X">kaj</wf>
         <wf lemma="takega" pos="X">takega</wf>
         <wf lemma="ne" pos="X">ne</wf>
         <wf lemma="bi" pos="X">bi</wf>
         <wf lemma="več" pos="X">več</wf>
         <wf lemma="ponovilo" pos="X">ponovilo</wf>
         <wf lemma="." pos="X">.</wf>
      </sentence>
      <sentence id="d000.s1837" source="wordnet-slovenian">
         <wf lemma="Prvič" pos="X">Prvič</wf>
         <wf lemma="zato" pos="X">zato</wf>
         <wf lemma="," pos="X">,</wf>
         <wf lemma="ker" pos="X">ker</wf>
         <wf lemma="ni" pos="X">ni</wf>
         <instance id="d000.s1837.t000" lemma="denar" pos="NOUN">denarja</instance>
         <wf lemma="," pos="X">,</wf>
         <wf lemma="drugič" pos="X">drugič</wf>
         <wf lemma="pa" pos="X">pa</wf>
         <wf lemma="zato" pos="X">zato</wf>
         <wf lemma="," pos="X">,</wf>
         <wf lemma="ker" pos="X">ker</wf>
         <wf lemma="bi" pos="X">bi</wf>
         <wf lemma="morali" pos="X">morali</wf>
         <wf lemma="ravnati" pos="X">ravnati</wf>
         <wf lemma="postopno" pos="X">postopno</wf>
         <wf lemma="in" pos="X">in</wf>
         <wf lemma="hkrati" pos="X">hkrati</wf>
         <wf lemma="zelo" pos="X">zelo</wf>
         <wf lemma="radikalno" pos="X">radikalno</wf>
         <wf lemma="," pos="X">,</wf>
         <wf lemma="je" pos="X">je</wf>
         <wf lemma="prepričan" pos="X">prepričan</wf>
         <wf lemma="Budna" pos="X">Budna</wf>
         <wf lemma="." pos="X">.</wf>
      </sentence>
      <sentence id="d000.s1838" source="wordnet-slovenian">
         <wf lemma="Ta" pos="X">Ta</wf>
         <wf lemma="je" pos="X">je</wf>
         <wf lemma="še" pos="X">še</wf>
         <wf lemma="zmeraj" pos="X">zmeraj</wf>
         <wf lemma="v" pos="X">v</wf>
         <wf lemma="službi" pos="X">službi</wf>
         <wf lemma="v" pos="X">v</wf>
         <wf lemma="1." pos="X">1.</wf>
         <wf lemma="policijski" pos="X">policijski</wf>
         <wf lemma="postaji" pos="X">postaji</wf>
         <wf lemma="," pos="X">,</wf>
         <wf lemma="toda" pos="X">toda</wf>
         <wf lemma="iz" pos="X">iz</wf>
         <instance id="d000.s1838.t000" lemma="mesto" pos="NOUN">mesta</instance>
         <wf lemma="namestnika" pos="X">namestnika</wf>
         <wf lemma="poveljnika" pos="X">poveljnika</wf>
         <wf lemma="postaje" pos="X">postaje</wf>
         <wf lemma="so" pos="X">so</wf>
         <wf lemma="ga" pos="X">ga</wf>
         <wf lemma="premestili" pos="X">premestili</wf>
         <wf lemma="na" pos="X">na</wf>
         <wf lemma="detektor" pos="X">detektor</wf>
         <wf lemma="laži" pos="X">laži</wf>
         <wf lemma="." pos="X">.</wf>
      </sentence>
      <sentence id="d000.s1839" source="wordnet-slovenian">
         <wf lemma="Dežela" pos="X">Dežela</wf>
         <wf lemma="je" pos="X">je</wf>
         <wf lemma="polna" pos="X">polna</wf>
         <wf lemma="neverjetne" pos="X">neverjetne</wf>
         <wf lemma="agresivnosti" pos="X">agresivnosti</wf>
         <wf lemma="do" pos="X">do</wf>
         <wf lemma="Hrvatov" pos="X">Hrvatov</wf>
         <wf lemma="," pos="X">,</wf>
         <wf lemma="po" pos="X">po</wf>
         <wf lemma="Vojvodini" pos="X">Vojvodini</wf>
         <wf lemma="pohajkujejo" pos="X">pohajkujejo</wf>
         <wf lemma="rezervisti" pos="X">rezervisti</wf>
         <wf lemma="," pos="X">,</wf>
         <wf lemma="na" pos="X">na</wf>
         <wf lemma="vsakem" pos="X">vsakem</wf>
         <wf lemma="koraku" pos="X">koraku</wf>
         <wf lemma="govorijo" pos="X">govorijo</wf>
         <wf lemma="o" pos="X">o</wf>
         <wf lemma="Srbiji" pos="X">Srbiji</wf>
         <wf lemma="in" pos="X">in</wf>
         <instance id="d000.s1839.t000" lemma="vojna" pos="NOUN">vojni</instance>
         <wf lemma="," pos="X">,</wf>
         <wf lemma="o" pos="X">o</wf>
         <wf lemma="žrtvah" pos="X">žrtvah</wf>
         <wf lemma="," pos="X">,</wf>
         <wf lemma="zločinih" pos="X">zločinih</wf>
         <wf lemma="in" pos="X">in</wf>
         <wf lemma="junaštvih" pos="X">junaštvih</wf>
         <wf lemma="." pos="X">.</wf>
      </sentence>
      <sentence id="d000.s1840" source="wordnet-slovenian">
         <wf lemma="Roland" pos="X">Roland</wf>
         <wf lemma="Waeyaert" pos="X">Waeyaert</wf>
         <wf lemma="," pos="X">,</wf>
         <wf lemma="direktor" pos="X">direktor</wf>
         <wf lemma="belgijskega" pos="X">belgijskega</wf>
         <wf lemma="združenja" pos="X">združenja</wf>
         <wf lemma="malih" pos="X">malih</wf>
         <wf lemma="in" pos="X">in</wf>
         <wf lemma="srednjih" pos="X">srednjih</wf>
         <instance id="d000.s1840.t000" lemma="podjetje" pos="NOUN">podjetij</instance>
         <wf lemma="UNIZO" pos="X">UNIZO</wf>
         <wf lemma="(" pos="X">(</wf>
         <wf lemma="foto" pos="X">foto</wf>
         <wf lemma="M." pos="X">M.</wf>
         <wf lemma="K." pos="X">K.</wf>
         <wf lemma=")" pos="X">)</wf>
         <wf lemma="." pos="X">.</wf>
      </sentence>
      <sentence id="d000.s1841" source="wordnet-slovenian">
         <instance id="d000.s1841.t000" lemma="leto" pos="NOUN">Leta</instance>
         <wf lemma="1820" pos="X">1820</wf>
         <wf lemma="je" pos="X">je</wf>
         <wf lemma="bil" pos="X">bil</wf>
         <wf lemma="že" pos="X">že</wf>
         <wf lemma="v" pos="X">v</wf>
         <wf lemma="Parizu" pos="X">Parizu</wf>
         <wf lemma="," pos="X">,</wf>
         <wf lemma="kjer" pos="X">kjer</wf>
         <wf lemma="mu" pos="X">mu</wf>
         <wf lemma="je" pos="X">je</wf>
         <wf lemma="madam" pos="X">madam</wf>
         <wf lemma="de" pos="X">de</wf>
         <wf lemma="Berny" pos="X">Berny</wf>
         <wf lemma="omogočila" pos="X">omogočila</wf>
         <wf lemma="," pos="X">,</wf>
         <wf lemma="da" pos="X">da</wf>
         <wf lemma="se" pos="X">se</wf>
         <wf lemma="je" pos="X">je</wf>
         <wf lemma="smel" pos="X">smel</wf>
         <wf lemma="gibati" pos="X">gibati</wf>
         <wf lemma="v" pos="X">v</wf>
         <wf lemma="umetniških" pos="X">umetniških</wf>
         <wf lemma="krogih" pos="X">krogih</wf>
         <wf lemma="." pos="X">.</wf>
      </sentence>
      <sentence id="d000.s1842" source="wordnet-slovenian">
         <wf lemma="DOSEDANJA" pos="X">DOSEDANJA</wf>
         <wf lemma="," pos="X">,</wf>
         <wf lemma="ZELO" pos="X">ZELO</wf>
         <wf lemma="RAZVEJENA" pos="X">RAZVEJENA</wf>
         <wf lemma="UREDITEV" pos="X">UREDITEV</wf>
         <wf lemma="PLAČ" pos="X">PLAČ</wf>
         <wf lemma="V" pos="X">V</wf>
         <wf lemma="JAVNEM" pos="X">JAVNEM</wf>
         <wf lemma="SEKTORJU" pos="X">SEKTORJU</wf>
         <wf lemma="NI" pos="X">NI</wf>
         <wf lemma="ZAGOTAVLJALA" pos="X">ZAGOTAVLJALA</wf>
         <wf lemma="PREGLEDNOSTI" pos="X">PREGLEDNOSTI</wf>
         <wf lemma="IN" pos="X">IN</wf>
         <wf lemma="PRIMERLJIVOSTI" pos="X">PRIMERLJIVOSTI</wf>
         <instance id="d000.s1842.t000" lemma="sistem" pos="NOUN">SISTEMA</instance>
         <wf lemma="PLAČ" pos="X">PLAČ</wf>
         <wf lemma="," pos="X">,</wf>
         <wf lemma="KAR" pos="X">KAR</wf>
         <wf lemma="SKUPAJ" pos="X">SKUPAJ</wf>
         <wf lemma="S" pos="X">S</wf>
         <wf lemma="PARCIALNIM" pos="X">PARCIALNIM</wf>
         <wf lemma="UREJANJEM" pos="X">UREJANJEM</wf>
         <wf lemma="TEGA" pos="X">TEGA</wf>
         <wf lemma="PODROČJA" pos="X">PODROČJA</wf>
         <wf lemma="PRIPELJE" pos="X">PRIPELJE</wf>
         <wf lemma="DO" pos="X">DO</wf>
         <wf lemma="NEOBVLADLJIVOSTI" pos="X">NEOBVLADLJIVOSTI</wf>
         <wf lemma="SISTEMA" pos="X">SISTEMA</wf>
         <wf lemma="." pos="X">.</wf>
      </sentence>
      <sentence id="d000.s1843" source="wordnet-slovenian">
         <wf lemma="Ta" pos="X">Ta</wf>
         <wf lemma="mala" pos="X">mala</wf>
         <wf lemma="," pos="X">,</wf>
         <wf lemma="mehka" pos="X">mehka</wf>
         <wf lemma="bitja" pos="X">bitja</wf>
         <wf lemma="si" pos="X">si</wf>
         <wf lemma="izdelajo" pos="X">izdelajo</wf>
         <instance id="d000.s1843.t000" lemma="hiša" pos="NOUN">hišo</instance>
         <wf lemma="iz" pos="X">iz</wf>
         <wf lemma="snovi" pos="X">snovi</wf>
         <wf lemma="," pos="X">,</wf>
         <wf lemma="ki" pos="X">ki</wf>
         <wf lemma="je" pos="X">je</wf>
         <wf lemma="desetkrat" pos="X">desetkrat</wf>
         <wf lemma="trša" pos="X">trša</wf>
         <wf lemma="od" pos="X">od</wf>
         <wf lemma="betona" pos="X">betona</wf>
         <wf lemma="!" pos="X">!</wf>
      </sentence>
      <sentence id="d000.s1844" source="wordnet-slovenian">
         <wf lemma="Imenuje" pos="X">Imenuje</wf>
         <wf lemma="se" pos="X">se</wf>
         <wf lemma="»" pos="X">»</wf>
         <instance id="d000.s1844.t000" lemma="težava" pos="NOUN">težava</instance>
         <wf lemma="z" pos="X">z</wf>
         <wf lemma="zabavo" pos="X">zabavo</wf>
         <wf lemma="«" pos="X">«</wf>
         <wf lemma="." pos="X">.</wf>
      </sentence>
      <sentence id="d000.s1845" source="wordnet-slovenian">
         <wf lemma="Njeni" pos="X">Njeni</wf>
         <wf lemma="berberski" pos="X">berberski</wf>
         <wf lemma="nasprotniki" pos="X">nasprotniki</wf>
         <wf lemma="pa" pos="X">pa</wf>
         <wf lemma="so" pos="X">so</wf>
         <wf lemma="organizirani" pos="X">organizirani</wf>
         <wf lemma="v" pos="X">v</wf>
         <wf lemma="Fronti" pos="X">Fronti</wf>
         <wf lemma="socialističnih" pos="X">socialističnih</wf>
         <wf lemma="sil" pos="X">sil</wf>
         <wf lemma="(" pos="X">(</wf>
         <wf lemma="FFS" pos="X">FFS</wf>
         <wf lemma=")" pos="X">)</wf>
         <wf lemma="," pos="X">,</wf>
         <wf lemma="ki" pos="X">ki</wf>
         <wf lemma="je" pos="X">je</wf>
         <wf lemma="bila" pos="X">bila</wf>
         <wf lemma="organizirana" pos="X">organizirana</wf>
         <instance id="d000.s1845.t000" lemma="leto" pos="NOUN">leta</instance>
         <wf lemma="1960" pos="X">1960</wf>
         <wf lemma="." pos="X">.</wf>
      </sentence>
      <sentence id="d000.s1846" source="wordnet-slovenian">
         <wf lemma="Kmalu" pos="X">Kmalu</wf>
         <wf lemma="se" pos="X">se</wf>
         <wf lemma="je" pos="X">je</wf>
         <wf lemma="v" pos="X">v</wf>
         <wf lemma="spremstvu" pos="X">spremstvu</wf>
         <wf lemma="vodnikov" pos="X">vodnikov</wf>
         <wf lemma="," pos="X">,</wf>
         <wf lemma="mestnega" pos="X">mestnega</wf>
         <wf lemma="zgodovinarja" pos="X">zgodovinarja</wf>
         <wf lemma="Gabriela" pos="X">Gabriela</wf>
         <wf lemma="Muiesa" pos="X">Muiesa</wf>
         <wf lemma="in" pos="X">in</wf>
         <wf lemma="zastopnika" pos="X">zastopnika</wf>
         <wf lemma="liverpoolskega" pos="X">liverpoolskega</wf>
         <wf lemma="mestnega" pos="X">mestnega</wf>
         <instance id="d000.s1846.t000" lemma="svet" pos="NOUN">sveta</instance>
         <wf lemma="Petra" pos="X">Petra</wf>
         <wf lemma="O'Briana" pos="X">O'Briana</wf>
         <wf lemma="," pos="X">,</wf>
         <wf lemma="spustil" pos="X">spustil</wf>
         <wf lemma="v" pos="X">v</wf>
         <wf lemma="podzemlje" pos="X">podzemlje</wf>
         <wf lemma="." pos="X">.</wf>
      </sentence>
      <sentence id="d000.s1847" source="wordnet-slovenian">
         <wf lemma="»" pos="X">»</wf>
         <wf lemma="Za" pos="X">Za</wf>
         <wf lemma="namene" pos="X">namene</wf>
         <wf lemma="tega" pos="X">tega</wf>
         <wf lemma="priporočila" pos="X">priporočila</wf>
         <wf lemma="se" pos="X">se</wf>
         <wf lemma="skupna" pos="X">skupna</wf>
         <instance id="d000.s1847.t000" lemma="stopnja" pos="NOUN">stopnja</instance>
         <wf lemma="nanaša" pos="X">nanaša</wf>
         <wf lemma="na" pos="X">na</wf>
         <wf lemma="visokošolsko" pos="X">visokošolsko</wf>
         <wf lemma="kvalifikacijo" pos="X">kvalifikacijo</wf>
         <wf lemma="," pos="X">,</wf>
         <wf lemma="ki" pos="X">ki</wf>
         <wf lemma="jo" pos="X">jo</wf>
         <wf lemma="skupaj" pos="X">skupaj</wf>
         <wf lemma="izdata" pos="X">izdata</wf>
         <wf lemma="vsaj" pos="X">vsaj</wf>
         <wf lemma="dva" pos="X">dva</wf>
         <wf lemma="visokošolska" pos="X">visokošolska</wf>
         <wf lemma="zavoda" pos="X">zavoda</wf>
         <wf lemma="ali" pos="X">ali</wf>
         <wf lemma="več" pos="X">več</wf>
         <wf lemma="ali" pos="X">ali</wf>
         <wf lemma="jo" pos="X">jo</wf>
         <wf lemma="skupaj" pos="X">skupaj</wf>
         <wf lemma="izdajo" pos="X">izdajo</wf>
         <wf lemma="en" pos="X">en</wf>
         <wf lemma="visokošolski" pos="X">visokošolski</wf>
         <wf lemma="zavod" pos="X">zavod</wf>
         <wf lemma="ali" pos="X">ali</wf>
         <wf lemma="več" pos="X">več</wf>
         <wf lemma="ter" pos="X">ter</wf>
         <wf lemma="druga" pos="X">druga</wf>
         <wf lemma="telesa" pos="X">telesa</wf>
         <wf lemma="," pos="X">,</wf>
         <wf lemma="pristojna" pos="X">pristojna</wf>
         <wf lemma="za" pos="X">za</wf>
         <wf lemma="podeljevanje" pos="X">podeljevanje</wf>
         <wf lemma="," pos="X">,</wf>
         <wf lemma="in" pos="X">in</wf>
         <wf lemma="sicer" pos="X">sicer</wf>
         <wf lemma="na" pos="X">na</wf>
         <wf lemma="podlagi" pos="X">podlagi</wf>
         <wf lemma="študijskega" pos="X">študijskega</wf>
         <wf lemma="programa" pos="X">programa</wf>
         <wf lemma="," pos="X">,</wf>
         <wf lemma="ki" pos="X">ki</wf>
         <wf lemma="so" pos="X">so</wf>
         <wf lemma="ga" pos="X">ga</wf>
         <wf lemma="skupaj" pos="X">skupaj</wf>
         <wf lemma="razvili" pos="X">razvili</wf>
         <wf lemma="in/ali" pos="X">in/ali</wf>
         <wf lemma="ga" pos="X">ga</wf>
         <wf lemma="izvajajo" pos="X">izvajajo</wf>
         <wf lemma="visokošolski" pos="X">visokošolski</wf>
         <wf lemma="zavodi" pos="X">zavodi</wf>
         <wf lemma="," pos="X">,</wf>
         <wf lemma="lahko" pos="X">lahko</wf>
         <wf lemma="tudi" pos="X">tudi</wf>
         <wf lemma="v" pos="X">v</wf>
         <wf lemma="sodelovanju" pos="X">sodelovanju</wf>
         <wf lemma="z" pos="X">z</wf>
         <wf lemma="drugimi" pos="X">drugimi</wf>
         <wf lemma="institucijami" pos="X">institucijami</wf>
         <wf lemma="." pos="X">.</wf>
      </sentence>
      <sentence id="d000.s1848" source="wordnet-slovenian">
         <wf lemma="Gre" pos="X">Gre</wf>
         <wf lemma="namreč" pos="X">namreč</wf>
         <wf lemma="za" pos="X">za</wf>
         <wf lemma="popolno" pos="X">popolno</wf>
         <wf lemma="seznanjanje" pos="X">seznanjanje</wf>
         <wf lemma="z" pos="X">z</wf>
         <wf lemma="njegovo" pos="X">njegovo</wf>
         <wf lemma="celotno" pos="X">celotno</wf>
         <wf lemma="vsebino" pos="X">vsebino</wf>
         <wf lemma="," pos="X">,</wf>
         <wf lemma="tako" pos="X">tako</wf>
         <wf lemma="znotraj" pos="X">znotraj</wf>
         <instance id="d000.s1848.t000" lemma="podjetje" pos="NOUN">podjetij</instance>
         <wf lemma="," pos="X">,</wf>
         <wf lemma="znotraj" pos="X">znotraj</wf>
         <wf lemma="državnih" pos="X">državnih</wf>
         <wf lemma="organov" pos="X">organov</wf>
         <wf lemma="in" pos="X">in</wf>
         <wf lemma="znotraj" pos="X">znotraj</wf>
         <wf lemma="drugih" pos="X">drugih</wf>
         <wf lemma="institucij" pos="X">institucij</wf>
         <wf lemma="." pos="X">.</wf>
      </sentence>
      <sentence id="d000.s1849" source="wordnet-slovenian">
         <wf lemma="Zagovornici" pos="X">Zagovornici</wf>
         <wf lemma="selitve" pos="X">selitve</wf>
         <wf lemma="," pos="X">,</wf>
         <wf lemma="predstavnica" pos="X">predstavnica</wf>
         <wf lemma="mesta" pos="X">mesta</wf>
         <wf lemma="Francka" pos="X">Francka</wf>
         <wf lemma="Trobec" pos="X">Trobec</wf>
         <wf lemma="," pos="X">,</wf>
         <wf lemma="načelnica" pos="X">načelnica</wf>
         <wf lemma="mestnega" pos="X">mestnega</wf>
         <wf lemma="oddelka" pos="X">oddelka</wf>
         <wf lemma="za" pos="X">za</wf>
         <wf lemma="predšolsko" pos="X">predšolsko</wf>
         <wf lemma="vzgojo" pos="X">vzgojo</wf>
         <wf lemma="," pos="X">,</wf>
         <wf lemma="izobraževanje" pos="X">izobraževanje</wf>
         <wf lemma="in" pos="X">in</wf>
         <wf lemma="šport" pos="X">šport</wf>
         <wf lemma="ter" pos="X">ter</wf>
         <wf lemma="ravnateljica" pos="X">ravnateljica</wf>
         <wf lemma="glasbene" pos="X">glasbene</wf>
         <wf lemma="šole" pos="X">šole</wf>
         <wf lemma="Lučka" pos="X">Lučka</wf>
         <wf lemma="Winkler" pos="X">Winkler</wf>
         <wf lemma="-" pos="X">-</wf>
         <wf lemma="Kurent" pos="X">Kurent</wf>
         <wf lemma="," pos="X">,</wf>
         <wf lemma="sta" pos="X">sta</wf>
         <wf lemma="prepričevali" pos="X">prepričevali</wf>
         <wf lemma="starše" pos="X">starše</wf>
         <wf lemma="," pos="X">,</wf>
         <wf lemma="da" pos="X">da</wf>
         <wf lemma="je" pos="X">je</wf>
         <wf lemma="selitev" pos="X">selitev</wf>
         <wf lemma="smotrna" pos="X">smotrna</wf>
         <wf lemma="," pos="X">,</wf>
         <wf lemma="saj" pos="X">saj</wf>
         <wf lemma="bi" pos="X">bi</wf>
         <wf lemma="se" pos="X">se</wf>
         <wf lemma="glasbena" pos="X">glasbena</wf>
         <wf lemma="dejavnost" pos="X">dejavnost</wf>
         <wf lemma="za" pos="X">za</wf>
         <wf lemma="to" pos="X">to</wf>
         <wf lemma="področje" pos="X">področje</wf>
         <wf lemma="lahko" pos="X">lahko</wf>
         <wf lemma="odvijala" pos="X">odvijala</wf>
         <wf lemma="v" pos="X">v</wf>
         <wf lemma="enem" pos="X">enem</wf>
         <wf lemma="glasbenem" pos="X">glasbenem</wf>
         <wf lemma="centru" pos="X">centru</wf>
         <wf lemma="v" pos="X">v</wf>
         <wf lemma="Reboljevi" pos="X">Reboljevi</wf>
         <wf lemma="ulici" pos="X">ulici</wf>
         <wf lemma="v" pos="X">v</wf>
         <wf lemma="adaptiranih" pos="X">adaptiranih</wf>
         <instance id="d000.s1849.t000" lemma="prostor" pos="NOUN">prostorih</instance>
         <wf lemma="vrtca" pos="X">vrtca</wf>
         <wf lemma="Ciciban" pos="X">Ciciban</wf>
         <wf lemma="in" pos="X">in</wf>
         <wf lemma="kasneje" pos="X">kasneje</wf>
         <wf lemma="še" pos="X">še</wf>
         <wf lemma="v" pos="X">v</wf>
         <wf lemma="prizidku" pos="X">prizidku</wf>
         <wf lemma="OŠ" pos="X">OŠ</wf>
         <wf lemma="Milana" pos="X">Milana</wf>
         <wf lemma="Šušteršiča" pos="X">Šušteršiča</wf>
         <wf lemma="," pos="X">,</wf>
         <wf lemma="ki" pos="X">ki</wf>
         <wf lemma="se" pos="X">se</wf>
         <wf lemma="nahaja" pos="X">nahaja</wf>
         <wf lemma="v" pos="X">v</wf>
         <wf lemma="bližini" pos="X">bližini</wf>
         <wf lemma="," pos="X">,</wf>
         <wf lemma="ne" pos="X">ne</wf>
         <wf lemma="pa" pos="X">pa</wf>
         <wf lemma="da" pos="X">da</wf>
         <wf lemma="je" pos="X">je</wf>
         <wf lemma="razbita" pos="X">razbita</wf>
         <wf lemma="po" pos="X">po</wf>
         <wf lemma="sedmih" pos="X">sedmih</wf>
         <wf lemma="različnih" pos="X">različnih</wf>
         <wf lemma="lokacijah" pos="X">lokacijah</wf>
         <wf lemma="." pos="X">.</wf>
      </sentence>
      <sentence id="d000.s1850" source="wordnet-slovenian">
         <wf lemma="Za" pos="X">Za</wf>
         <wf lemma="obe" pos="X">obe</wf>
         <instance id="d000.s1850.t000" lemma="stran" pos="NOUN">strani</instance>
         <wf lemma="pa" pos="X">pa</wf>
         <wf lemma="je" pos="X">je</wf>
         <wf lemma="najbolj" pos="X">najbolj</wf>
         <wf lemma="zadovoljiva" pos="X">zadovoljiva</wf>
         <wf lemma="dvosmerna" pos="X">dvosmerna</wf>
         <wf lemma="komunikacija" pos="X">komunikacija</wf>
         <wf lemma="." pos="X">.</wf>
      </sentence>
      <sentence id="d000.s1851" source="wordnet-slovenian">
         <wf lemma="Že" pos="X">Že</wf>
         <wf lemma="pred" pos="X">pred</wf>
         <instance id="d000.s1851.t000" lemma="leto" pos="NOUN">leti</instance>
         <wf lemma="se" pos="X">se</wf>
         <wf lemma="je" pos="X">je</wf>
         <wf lemma="v" pos="X">v</wf>
         <wf lemma="urejenem" pos="X">urejenem</wf>
         <wf lemma="kaosu" pos="X">kaosu</wf>
         <wf lemma="Karpovih" pos="X">Karpovih</wf>
         <wf lemma="izrezkov" pos="X">izrezkov</wf>
         <wf lemma="znašel" pos="X">znašel</wf>
         <wf lemma="gospod" pos="X">gospod</wf>
         <wf lemma="Peter" pos="X">Peter</wf>
         <wf lemma="Florjančič" pos="X">Florjančič</wf>
         <wf lemma="(" pos="X">(</wf>
         <wf lemma="o" pos="X">o</wf>
         <wf lemma="njem" pos="X">njem</wf>
         <wf lemma="smo" pos="X">smo</wf>
         <wf lemma="lani" pos="X">lani</wf>
         <wf lemma="aprila" pos="X">aprila</wf>
         <wf lemma="pisali" pos="X">pisali</wf>
         <wf lemma="v" pos="X">v</wf>
         <wf lemma="Nedelu" pos="X">Nedelu</wf>
         <wf lemma=")" pos="X">)</wf>
         <wf lemma="iz" pos="X">iz</wf>
         <wf lemma="Zgodbe" pos="X">Zgodbe</wf>
         <wf lemma="o" pos="X">o</wf>
         <wf lemma="gospodu" pos="X">gospodu</wf>
         <wf lemma="P." pos="X">P.</wf>
         <wf lemma="F." pos="X">F.</wf>
         <wf lemma="," pos="X">,</wf>
         <wf lemma="dokumentarnega" pos="X">dokumentarnega</wf>
         <wf lemma="filma" pos="X">filma</wf>
         <wf lemma="," pos="X">,</wf>
         <wf lemma="ki" pos="X">ki</wf>
         <wf lemma="bo" pos="X">bo</wf>
         <wf lemma="premierno" pos="X">premierno</wf>
         <wf lemma="prikazan" pos="X">prikazan</wf>
         <wf lemma="prihodnji" pos="X">prihodnji</wf>
         <wf lemma="konec" pos="X">konec</wf>
         <wf lemma="tedna" pos="X">tedna</wf>
         <wf lemma="na" pos="X">na</wf>
         <wf lemma="Festivalu" pos="X">Festivalu</wf>
         <wf lemma="slovenskega" pos="X">slovenskega</wf>
         <wf lemma="filma" pos="X">filma</wf>
         <wf lemma="v" pos="X">v</wf>
         <wf lemma="Portorožu" pos="X">Portorožu</wf>
         <wf lemma="." pos="X">.</wf>
      </sentence>
      <sentence id="d000.s1852" source="wordnet-slovenian">
         <wf lemma="Pri" pos="X">Pri</wf>
         <wf lemma="tem" pos="X">tem</wf>
         <wf lemma="seveda" pos="X">seveda</wf>
         <wf lemma="upošteva" pos="X">upošteva</wf>
         <wf lemma="bolnikovo" pos="X">bolnikovo</wf>
         <wf lemma="zdravstveno" pos="X">zdravstveno</wf>
         <wf lemma="stanje" pos="X">stanje</wf>
         <wf lemma="," pos="X">,</wf>
         <wf lemma="socialno" pos="X">socialno</wf>
         <instance id="d000.s1852.t000" lemma="okolje" pos="NOUN">okolje</instance>
         <wf lemma="," pos="X">,</wf>
         <wf lemma="njegove" pos="X">njegove</wf>
         <wf lemma="navade" pos="X">navade</wf>
         <wf lemma="in" pos="X">in</wf>
         <wf lemma="vrsto" pos="X">vrsto</wf>
         <wf lemma="dela" pos="X">dela</wf>
         <wf lemma="," pos="X">,</wf>
         <wf lemma="ki" pos="X">ki</wf>
         <wf lemma="ga" pos="X">ga</wf>
         <wf lemma="opravlja" pos="X">opravlja</wf>
         <wf lemma="." pos="X">.</wf>
      </sentence>
      <sentence id="d000.s1853" source="wordnet-slovenian">
         <wf lemma="Ubijalska" pos="X">Ubijalska</wf>
         <wf lemma="velikost" pos="X">velikost</wf>
         <wf lemma="teh" pos="X">teh</wf>
         <wf lemma="dveh" pos="X">dveh</wf>
         <wf lemma="mastodontov" pos="X">mastodontov</wf>
         <wf lemma="je" pos="X">je</wf>
         <wf lemma="bil" pos="X">bil</wf>
         <wf lemma="moj" pos="X">moj</wf>
         <wf lemma="prvi" pos="X">prvi</wf>
         <wf lemma="stik" pos="X">stik</wf>
         <wf lemma="z" pos="X">z</wf>
         <wf lemma="metafiziko" pos="X">metafiziko</wf>
         <wf lemma="ure" pos="X">ure</wf>
         <wf lemma="katekizma" pos="X">katekizma</wf>
         <wf lemma="na" pos="X">na</wf>
         <instance id="d000.s1853.t000" lemma="šola" pos="NOUN">šoli</instance>
         <wf lemma="Bossuet" pos="X">Bossuet</wf>
         <wf lemma="so" pos="X">so</wf>
         <wf lemma="bile" pos="X">bile</wf>
         <wf lemma="manj" pos="X">manj</wf>
         <wf lemma="razburljive" pos="X">razburljive</wf>
         <wf lemma="." pos="X">.</wf>
      </sentence>
      <sentence id="d000.s1854" source="wordnet-slovenian">
         <wf lemma="Direktor" pos="X">Direktor</wf>
         <wf lemma="Koroške" pos="X">Koroške</wf>
         <wf lemma="banke" pos="X">banke</wf>
         <wf lemma="Božo" pos="X">Božo</wf>
         <wf lemma="Štor" pos="X">Štor</wf>
         <wf lemma="pravi" pos="X">pravi</wf>
         <wf lemma="," pos="X">,</wf>
         <wf lemma="da" pos="X">da</wf>
         <wf lemma="imajo" pos="X">imajo</wf>
         <wf lemma="premalo" pos="X">premalo</wf>
         <wf lemma="informacij" pos="X">informacij</wf>
         <wf lemma="za" pos="X">za</wf>
         <wf lemma="kakršnokoli" pos="X">kakršnokoli</wf>
         <wf lemma="stališče" pos="X">stališče</wf>
         <wf lemma="ali" pos="X">ali</wf>
         <instance id="d000.s1854.t000" lemma="mnenje" pos="NOUN">mnenje</instance>
         <wf lemma="o" pos="X">o</wf>
         <wf lemma="tem" pos="X">tem</wf>
         <wf lemma="," pos="X">,</wf>
         <wf lemma="kaj" pos="X">kaj</wf>
         <wf lemma="bi" pos="X">bi</wf>
         <wf lemma="lahko" pos="X">lahko</wf>
         <wf lemma="takšno" pos="X">takšno</wf>
         <wf lemma="združevanje" pos="X">združevanje</wf>
         <wf lemma="pomenilo" pos="X">pomenilo</wf>
         <wf lemma="in" pos="X">in</wf>
         <wf lemma="kakšen" pos="X">kakšen</wf>
         <wf lemma="vpliv" pos="X">vpliv</wf>
         <wf lemma="bi" pos="X">bi</wf>
         <wf lemma="imelo" pos="X">imelo</wf>
         <wf lemma="na" pos="X">na</wf>
         <wf lemma="Koroško" pos="X">Koroško</wf>
         <wf lemma="banko" pos="X">banko</wf>
         <wf lemma="." pos="X">.</wf>
      </sentence>
      <sentence id="d000.s1855" source="wordnet-slovenian">
         <wf lemma="Pomlad" pos="X">Pomlad</wf>
         <instance id="d000.s1855.t000" lemma="leto" pos="NOUN">leta</instance>
         <wf lemma="1957" pos="X">1957</wf>
         <wf lemma="je" pos="X">je</wf>
         <wf lemma="bila" pos="X">bila</wf>
         <wf lemma="očitno" pos="X">očitno</wf>
         <wf lemma="naklonjena" pos="X">naklonjena</wf>
         <wf lemma="velikim" pos="X">velikim</wf>
         <wf lemma="zgodbam" pos="X">zgodbam</wf>
         <wf lemma="," pos="X">,</wf>
         <wf lemma="v" pos="X">v</wf>
         <wf lemma="zraku" pos="X">zraku</wf>
         <wf lemma="je" pos="X">je</wf>
         <wf lemma="bilo" pos="X">bilo</wf>
         <wf lemma="čutiti" pos="X">čutiti</wf>
         <wf lemma="nekakšno" pos="X">nekakšno</wf>
         <wf lemma="vznemirjenje" pos="X">vznemirjenje</wf>
         <wf lemma="," pos="X">,</wf>
         <wf lemma="ki" pos="X">ki</wf>
         <wf lemma="je" pos="X">je</wf>
         <wf lemma="obetalo" pos="X">obetalo</wf>
         <wf lemma="pozitivne" pos="X">pozitivne</wf>
         <wf lemma="premike" pos="X">premike</wf>
         <wf lemma="." pos="X">.</wf>
      </sentence>
      <sentence id="d000.s1856" source="wordnet-slovenian">
         <wf lemma="Banka" pos="X">Banka</wf>
         <wf lemma="Slovenije" pos="X">Slovenije</wf>
         <wf lemma="bo" pos="X">bo</wf>
         <wf lemma="naredila" pos="X">naredila</wf>
         <wf lemma="vse" pos="X">vse</wf>
         <wf lemma="," pos="X">,</wf>
         <wf lemma="da" pos="X">da</wf>
         <wf lemma="se" pos="X">se</wf>
         <wf lemma="bo" pos="X">bo</wf>
         <wf lemma="v" pos="X">v</wf>
         <wf lemma="Sloveniji" pos="X">Sloveniji</wf>
         <wf lemma="zadržala" pos="X">zadržala</wf>
         <wf lemma="sedanja" pos="X">sedanja</wf>
         <instance id="d000.s1856.t000" lemma="stopnja" pos="NOUN">stopnja</instance>
         <wf lemma="razvoja" pos="X">razvoja</wf>
         <wf lemma="in" pos="X">in</wf>
         <wf lemma="da" pos="X">da</wf>
         <wf lemma="bo" pos="X">bo</wf>
         <wf lemma="domača" pos="X">domača</wf>
         <wf lemma="valuta" pos="X">valuta</wf>
         <wf lemma="še" pos="X">še</wf>
         <wf lemma="naprej" pos="X">naprej</wf>
         <wf lemma="dokaj" pos="X">dokaj</wf>
         <wf lemma="stabilna" pos="X">stabilna</wf>
         <wf lemma="," pos="X">,</wf>
         <wf lemma="je" pos="X">je</wf>
         <wf lemma="na" pos="X">na</wf>
         <wf lemma="včerajšnjem" pos="X">včerajšnjem</wf>
         <wf lemma="srečanju" pos="X">srečanju</wf>
         <wf lemma="z" pos="X">z</wf>
         <wf lemma="gorenjskimi" pos="X">gorenjskimi</wf>
         <wf lemma="gospodarstveniki" pos="X">gospodarstveniki</wf>
         <wf lemma="dejal" pos="X">dejal</wf>
         <wf lemma="guverner" pos="X">guverner</wf>
         <wf lemma="Banke" pos="X">Banke</wf>
         <wf lemma="Slovenije" pos="X">Slovenije</wf>
         <wf lemma="dr." pos="X">dr.</wf>
         <wf lemma="France" pos="X">France</wf>
         <wf lemma="Arhar" pos="X">Arhar</wf>
         <wf lemma="," pos="X">,</wf>
         <wf lemma="ki" pos="X">ki</wf>
         <wf lemma="ob" pos="X">ob</wf>
         <wf lemma="neugodnih" pos="X">neugodnih</wf>
         <wf lemma="mednarodnih" pos="X">mednarodnih</wf>
         <wf lemma="razmerah" pos="X">razmerah</wf>
         <wf lemma="pričakuje" pos="X">pričakuje</wf>
         <wf lemma="rebalans" pos="X">rebalans</wf>
         <wf lemma="proračuna" pos="X">proračuna</wf>
         <wf lemma="in" pos="X">in</wf>
         <wf lemma="prevlado" pos="X">prevlado</wf>
         <wf lemma="razuma" pos="X">razuma</wf>
         <wf lemma="v" pos="X">v</wf>
         <wf lemma="slovenski" pos="X">slovenski</wf>
         <wf lemma="plačni" pos="X">plačni</wf>
         <wf lemma="politiki" pos="X">politiki</wf>
         <wf lemma="." pos="X">.</wf>
      </sentence>
      <sentence id="d000.s1857" source="wordnet-slovenian">
         <wf lemma="&quot;" pos="X">&quot;</wf>
         <wf lemma="Kakšna" pos="X">Kakšna</wf>
         <wf lemma="škoda" pos="X">škoda</wf>
         <wf lemma="," pos="X">,</wf>
         <wf lemma="&quot;" pos="X">&quot;</wf>
         <wf lemma="je" pos="X">je</wf>
         <wf lemma="rekla" pos="X">rekla</wf>
         <wf lemma="gospa" pos="X">gospa</wf>
         <wf lemma="Rapallo" pos="X">Rapallo</wf>
         <wf lemma="," pos="X">,</wf>
         <wf lemma="&quot;" pos="X">&quot;</wf>
         <wf lemma="ker" pos="X">ker</wf>
         <wf lemma="je" pos="X">je</wf>
         <wf lemma="bila" pos="X">bila</wf>
         <wf lemma="Glorija" pos="X">Glorija</wf>
         <wf lemma="samozavestna" pos="X">samozavestna</wf>
         <instance id="d000.s1857.t000" lemma="ženska" pos="NOUN">ženska</instance>
         <wf lemma="in" pos="X">in</wf>
         <wf lemma="je" pos="X">je</wf>
         <wf lemma="imela" pos="X">imela</wf>
         <wf lemma="svoj" pos="X">svoj</wf>
         <wf lemma="slog" pos="X">slog</wf>
         <wf lemma="v" pos="X">v</wf>
         <wf lemma="pisanju" pos="X">pisanju</wf>
         <wf lemma="pisem" pos="X">pisem</wf>
         <wf lemma="." pos="X">.</wf>
      </sentence>
      <sentence id="d000.s1858" source="wordnet-slovenian">
         <wf lemma="Glede" pos="X">Glede</wf>
         <wf lemma="tega" pos="X">tega</wf>
         <wf lemma="je" pos="X">je</wf>
         <wf lemma="ustanovna" pos="X">ustanovna</wf>
         <wf lemma="listina" pos="X">listina</wf>
         <wf lemma="jasna" pos="X">jasna</wf>
         <wf lemma="in" pos="X">in</wf>
         <wf lemma="bi" pos="X">bi</wf>
         <wf lemma="bilo" pos="X">bilo</wf>
         <wf lemma="v" pos="X">v</wf>
         <wf lemma="primeru" pos="X">primeru</wf>
         <wf lemma="napada" pos="X">napada</wf>
         <wf lemma="na" pos="X">na</wf>
         <wf lemma="Irak" pos="X">Irak</wf>
         <wf lemma="sklicevanje" pos="X">sklicevanje</wf>
         <wf lemma="na" pos="X">na</wf>
         <wf lemma="samoobrambo" pos="X">samoobrambo</wf>
         <wf lemma="zloraba" pos="X">zloraba</wf>
         <wf lemma="te" pos="X">te</wf>
         <instance id="d000.s1858.t000" lemma="pravica" pos="NOUN">pravice</instance>
         <wf lemma="." pos="X">.</wf>
      </sentence>
      <sentence id="d000.s1859" source="wordnet-slovenian">
         <wf lemma="Razširjenost" pos="X">Razširjenost</wf>
         <wf lemma=":" pos="X">:</wf>
         <wf lemma="Prvotno" pos="X">Prvotno</wf>
         <wf lemma="je" pos="X">je</wf>
         <wf lemma="bil" pos="X">bil</wf>
         <wf lemma="razširjen" pos="X">razširjen</wf>
         <wf lemma="v" pos="X">v</wf>
         <wf lemma="Severni" pos="X">Severni</wf>
         <wf lemma="Ameriki" pos="X">Ameriki</wf>
         <wf lemma="," pos="X">,</wf>
         <wf lemma="predvsem" pos="X">predvsem</wf>
         <wf lemma="v" pos="X">v</wf>
         <wf lemma="jezerih" pos="X">jezerih</wf>
         <wf lemma="in" pos="X">in</wf>
         <wf lemma="toplejših" pos="X">toplejših</wf>
         <wf lemma="odsekih" pos="X">odsekih</wf>
         <wf lemma="tekočih" pos="X">tekočih</wf>
         <instance id="d000.s1859.t000" lemma="voda" pos="NOUN">vod</instance>
         <wf lemma="." pos="X">.</wf>
      </sentence>
      <sentence id="d000.s1860" source="wordnet-slovenian">
         <wf lemma="Kaliban" pos="X">Kaliban</wf>
         <wf lemma="pa" pos="X">pa</wf>
         <wf lemma="mu" pos="X">mu</wf>
         <wf lemma="je" pos="X">je</wf>
         <wf lemma="hotel" pos="X">hotel</wf>
         <wf lemma="posiliti" pos="X">posiliti</wf>
         <wf lemma="hči" pos="X">hči</wf>
         <wf lemma="(" pos="X">(</wf>
         <wf lemma="Mirando" pos="X">Mirando</wf>
         <wf lemma=")" pos="X">)</wf>
         <wf lemma="in" pos="X">in</wf>
         <wf lemma="se" pos="X">se</wf>
         <wf lemma="posmehuje" pos="X">posmehuje</wf>
         <wf lemma="tistemu" pos="X">tistemu</wf>
         <instance id="d000.s1860.t000" lemma="svet" pos="NOUN">svetu</instance>
         <wf lemma="," pos="X">,</wf>
         <wf lemma="ki" pos="X">ki</wf>
         <wf lemma="ni" pos="X">ni</wf>
         <wf lemma="njegov" pos="X">njegov</wf>
         <wf lemma="svet" pos="X">svet</wf>
         <wf lemma=":" pos="X">:</wf>
      </sentence>
      <sentence id="d000.s1861" source="wordnet-slovenian">
         <wf lemma="Le" pos="X">Le</wf>
         <wf lemma="vse" pos="X">vse</wf>
         <wf lemma="obširnejši" pos="X">obširnejši</wf>
         <wf lemma="razgledi" pos="X">razgledi</wf>
         <wf lemma="s" pos="X">s</wf>
         <wf lemma="stebra" pos="X">stebra</wf>
         <wf lemma="nama" pos="X">nama</wf>
         <wf lemma="vlivajo" pos="X">vlivajo</wf>
         <instance id="d000.s1861.t000" lemma="moč" pos="NOUN">moči</instance>
         <wf lemma="." pos="X">.</wf>
      </sentence>
      <sentence id="d000.s1862" source="wordnet-slovenian">
         <wf lemma="A" pos="X">A</wf>
         <wf lemma="veste" pos="X">veste</wf>
         <wf lemma="," pos="X">,</wf>
         <wf lemma="koliko" pos="X">koliko</wf>
         <instance id="d000.s1862.t000" lemma="ženska" pos="NOUN">žensk</instance>
         <wf lemma="takole" pos="X">takole</wf>
         <wf lemma="zapusti" pos="X">zapusti</wf>
         <wf lemma="svoje" pos="X">svoje</wf>
         <wf lemma="partnerje" pos="X">partnerje</wf>
         <wf lemma="in" pos="X">in</wf>
         <wf lemma="se" pos="X">se</wf>
         <wf lemma="potem" pos="X">potem</wf>
         <wf lemma="vrnejo" pos="X">vrnejo</wf>
         <wf lemma="…" pos="X">…</wf>
         <wf lemma="." pos="X">.</wf>
      </sentence>
      <sentence id="d000.s1863" source="wordnet-slovenian">
         <wf lemma="V" pos="X">V</wf>
         <wf lemma="obeh" pos="X">obeh</wf>
         <instance id="d000.s1863.t000" lemma="primer" pos="NOUN">primerih</instance>
         <wf lemma="je" pos="X">je</wf>
         <wf lemma="treba" pos="X">treba</wf>
         <wf lemma="pisati" pos="X">pisati</wf>
         <wf lemma="tudi" pos="X">tudi</wf>
         <wf lemma="delovni" pos="X">delovni</wf>
         <wf lemma="dnevnik" pos="X">dnevnik</wf>
         <wf lemma="," pos="X">,</wf>
         <wf lemma="v" pos="X">v</wf>
         <wf lemma="katerem" pos="X">katerem</wf>
         <wf lemma="dijak" pos="X">dijak</wf>
         <wf lemma="sproti" pos="X">sproti</wf>
         <wf lemma="zapisuje" pos="X">zapisuje</wf>
         <wf lemma="novo" pos="X">novo</wf>
         <wf lemma="znanje" pos="X">znanje</wf>
         <wf lemma="in" pos="X">in</wf>
         <wf lemma="pomembne" pos="X">pomembne</wf>
         <wf lemma="dogodke" pos="X">dogodke</wf>
         <wf lemma="." pos="X">.</wf>
      </sentence>
      <sentence id="d000.s1864" source="wordnet-slovenian">
         <wf lemma="Oziroma" pos="X">Oziroma</wf>
         <wf lemma="se" pos="X">se</wf>
         <wf lemma="ti" pos="X">ti</wf>
         <wf lemma="ne" pos="X">ne</wf>
         <wf lemma="skladajo" pos="X">skladajo</wf>
         <wf lemma="s" pos="X">s</wf>
         <wf lemma="podatki" pos="X">podatki</wf>
         <wf lemma="," pos="X">,</wf>
         <wf lemma="ki" pos="X">ki</wf>
         <wf lemma="so" pos="X">so</wf>
         <wf lemma="jih" pos="X">jih</wf>
         <wf lemma="dali" pos="X">dali</wf>
         <instance id="d000.s1864.t000" lemma="komisija" pos="NOUN">komisiji</instance>
         <wf lemma="." pos="X">.</wf>
      </sentence>
      <sentence id="d000.s1865" source="wordnet-slovenian">
         <wf lemma="Je" pos="X">Je</wf>
         <wf lemma="mož" pos="X">mož</wf>
         <wf lemma="," pos="X">,</wf>
         <wf lemma="ki" pos="X">ki</wf>
         <wf lemma="zmeraj" pos="X">zmeraj</wf>
         <wf lemma="vključi" pos="X">vključi</wf>
         <wf lemma="svetilko" pos="X">svetilko</wf>
         <wf lemma="in" pos="X">in</wf>
         <wf lemma="jo" pos="X">jo</wf>
         <wf lemma="podrži" pos="X">podrži</wf>
         <wf lemma="v" pos="X">v</wf>
         <wf lemma="obraz" pos="X">obraz</wf>
         <wf lemma="," pos="X">,</wf>
         <wf lemma="ki" pos="X">ki</wf>
         <wf lemma="z" pos="X">z</wf>
         <wf lemma="zavihanimi" pos="X">zavihanimi</wf>
         <wf lemma="rokavi" pos="X">rokavi</wf>
         <wf lemma="štorklja" pos="X">štorklja</wf>
         <wf lemma="po" pos="X">po</wf>
         <wf lemma="sobi" pos="X">sobi</wf>
         <wf lemma="in" pos="X">in</wf>
         <wf lemma="pri" pos="X">pri</wf>
         <wf lemma="katerem" pos="X">katerem</wf>
         <wf lemma="si" pos="X">si</wf>
         <wf lemma="je" pos="X">je</wf>
         <wf lemma="treba" pos="X">treba</wf>
         <wf lemma="kozarec" pos="X">kozarec</wf>
         <instance id="d000.s1865.t000" lemma="voda" pos="NOUN">vode</instance>
         <wf lemma="šele" pos="X">šele</wf>
         <wf lemma="zaslužiti" pos="X">zaslužiti</wf>
         <wf lemma="." pos="X">.</wf>
      </sentence>
      <sentence id="d000.s1866" source="wordnet-slovenian">
         <wf lemma="Ne" pos="X">Ne</wf>
         <wf lemma="bi" pos="X">bi</wf>
         <wf lemma="bilo" pos="X">bilo</wf>
         <wf lemma="pravično" pos="X">pravično</wf>
         <wf lemma="zahtevati" pos="X">zahtevati</wf>
         <wf lemma="," pos="X">,</wf>
         <wf lemma="naj" pos="X">naj</wf>
         <wf lemma="Nemčija" pos="X">Nemčija</wf>
         <wf lemma="še" pos="X">še</wf>
         <wf lemma="naprej" pos="X">naprej</wf>
         <wf lemma="podpira" pos="X">podpira</wf>
         <wf lemma="tri" pos="X">tri</wf>
         <wf lemma="evropske" pos="X">evropske</wf>
         <wf lemma="vogale" pos="X">vogale</wf>
         <wf lemma="," pos="X">,</wf>
         <wf lemma="v" pos="X">v</wf>
         <wf lemma="zameno" pos="X">zameno</wf>
         <wf lemma="pa" pos="X">pa</wf>
         <wf lemma="bi" pos="X">bi</wf>
         <wf lemma="morala" pos="X">morala</wf>
         <wf lemma="Berlin" pos="X">Berlin</wf>
         <wf lemma="in" pos="X">in</wf>
         <wf lemma="Pariz" pos="X">Pariz</wf>
         <wf lemma="prenehati" pos="X">prenehati</wf>
         <wf lemma="razglašati" pos="X">razglašati</wf>
         <wf lemma="," pos="X">,</wf>
         <wf lemma="da" pos="X">da</wf>
         <wf lemma="je" pos="X">je</wf>
         <wf lemma="njuna" pos="X">njuna</wf>
         <instance id="d000.s1866.t000" lemma="politika" pos="NOUN">politika</instance>
         <wf lemma="že" pos="X">že</wf>
         <wf lemma="a" pos="X">a</wf>
         <wf lemma="priori" pos="X">priori</wf>
         <wf lemma="dobra" pos="X">dobra</wf>
         <wf lemma="za" pos="X">za</wf>
         <wf lemma="vse" pos="X">vse</wf>
         <wf lemma="." pos="X">.</wf>
      </sentence>
      <sentence id="d000.s1867" source="wordnet-slovenian">
         <wf lemma="Namesto" pos="X">Namesto</wf>
         <wf lemma="tega" pos="X">tega</wf>
         <wf lemma="bere" pos="X">bere</wf>
         <wf lemma="preveč" pos="X">preveč</wf>
         <instance id="d000.s1867.t000" lemma="knjiga" pos="NOUN">knjig</instance>
         <wf lemma="." pos="X">.</wf>
      </sentence>
      <sentence id="d000.s1868" source="wordnet-slovenian">
         <wf lemma="Lastnica" pos="X">Lastnica</wf>
         <wf lemma="Jožica" pos="X">Jožica</wf>
         <wf lemma="Bohak" pos="X">Bohak</wf>
         <wf lemma="mi" pos="X">mi</wf>
         <wf lemma="je" pos="X">je</wf>
         <wf lemma="ob" pos="X">ob</wf>
         <wf lemma="prvem" pos="X">prvem</wf>
         <wf lemma="obisku" pos="X">obisku</wf>
         <wf lemma="prijazno" pos="X">prijazno</wf>
         <wf lemma="predstavila" pos="X">predstavila</wf>
         <wf lemma="zgodovino" pos="X">zgodovino</wf>
         <wf lemma="islandskih" pos="X">islandskih</wf>
         <wf lemma="konj" pos="X">konj</wf>
         <wf lemma="in" pos="X">in</wf>
         <wf lemma="mi" pos="X">mi</wf>
         <wf lemma="tako" pos="X">tako</wf>
         <wf lemma="ponudila" pos="X">ponudila</wf>
         <wf lemma="pomoč" pos="X">pomoč</wf>
         <wf lemma="ob" pos="X">ob</wf>
         <wf lemma="veliki" pos="X">veliki</wf>
         <wf lemma="travmi" pos="X">travmi</wf>
         <wf lemma="," pos="X">,</wf>
         <wf lemma="ki" pos="X">ki</wf>
         <wf lemma="sem" pos="X">sem</wf>
         <wf lemma="jo" pos="X">jo</wf>
         <wf lemma="doživela" pos="X">doživela</wf>
         <wf lemma="pred" pos="X">pred</wf>
         <wf lemma="nekaj" pos="X">nekaj</wf>
         <instance id="d000.s1868.t000" lemma="mesec" pos="NOUN">meseci</instance>
         <wf lemma="." pos="X">.</wf>
      </sentence>
      <sentence id="d000.s1869" source="wordnet-slovenian">
         <wf lemma="Ali" pos="X">Ali</wf>
         <wf lemma="je" pos="X">je</wf>
         <wf lemma="mogoče" pos="X">mogoče</wf>
         <wf lemma="," pos="X">,</wf>
         <wf lemma="da" pos="X">da</wf>
         <wf lemma="so" pos="X">so</wf>
         <wf lemma="v" pos="X">v</wf>
         <wf lemma="našem" pos="X">našem</wf>
         <wf lemma="zavodu" pos="X">zavodu</wf>
         <wf lemma="," pos="X">,</wf>
         <wf lemma="kjer" pos="X">kjer</wf>
         <wf lemma="je" pos="X">je</wf>
         <wf lemma="toliko" pos="X">toliko</wf>
         <instance id="d000.s1869.t000" lemma="delo" pos="NOUN">dela</instance>
         <wf lemma="," pos="X">,</wf>
         <wf lemma="taki" pos="X">taki</wf>
         <wf lemma="," pos="X">,</wf>
         <wf lemma="ki" pos="X">ki</wf>
         <wf lemma="grešijo" pos="X">grešijo</wf>
         <wf lemma="z" pos="X">z</wf>
         <wf lemma="brezdeljem" pos="X">brezdeljem</wf>
         <wf lemma="?" pos="X">?</wf>
      </sentence>
      <sentence id="d000.s1870" source="wordnet-slovenian">
         <wf lemma="Pametni" pos="X">Pametni</wf>
         <wf lemma="telefoni" pos="X">telefoni</wf>
         <wf lemma="so" pos="X">so</wf>
         <wf lemma="se" pos="X">se</wf>
         <wf lemma="sicer" pos="X">sicer</wf>
         <wf lemma="pojavili" pos="X">pojavili</wf>
         <wf lemma="tudi" pos="X">tudi</wf>
         <wf lemma="v" pos="X">v</wf>
         <wf lemma="naših" pos="X">naših</wf>
         <wf lemma="krajih" pos="X">krajih</wf>
         <wf lemma="," pos="X">,</wf>
         <wf lemma="le" pos="X">le</wf>
         <wf lemma="da" pos="X">da</wf>
         <instance id="d000.s1870.t000" lemma="večina" pos="NOUN">večina</instance>
         <wf lemma="ne" pos="X">ne</wf>
         <wf lemma="ve" pos="X">ve</wf>
         <wf lemma="," pos="X">,</wf>
         <wf lemma="kaj" pos="X">kaj</wf>
         <wf lemma="bi" pos="X">bi</wf>
         <wf lemma="z" pos="X">z</wf>
         <wf lemma="njimi" pos="X">njimi</wf>
         <wf lemma="." pos="X">.</wf>
      </sentence>
      <sentence id="d000.s1871" source="wordnet-slovenian">
         <wf lemma="Potem" pos="X">Potem</wf>
         <wf lemma="s" pos="X">s</wf>
         <wf lemma="pobiranjem" pos="X">pobiranjem</wf>
         <wf lemma="odpadkov" pos="X">odpadkov</wf>
         <wf lemma="ne" pos="X">ne</wf>
         <wf lemma="bi" pos="X">bi</wf>
         <wf lemma="bilo" pos="X">bilo</wf>
         <instance id="d000.s1871.t000" lemma="težava" pos="NOUN">težav</instance>
         <wf lemma="," pos="X">,</wf>
         <wf lemma="saj" pos="X">saj</wf>
         <wf lemma="je" pos="X">je</wf>
         <wf lemma="bila" pos="X">bila</wf>
         <wf lemma="takrat" pos="X">takrat</wf>
         <wf lemma="cesta" pos="X">cesta</wf>
         <wf lemma="prevozna" pos="X">prevozna</wf>
         <wf lemma="tudi" pos="X">tudi</wf>
         <wf lemma="za" pos="X">za</wf>
         <wf lemma="težke" pos="X">težke</wf>
         <wf lemma="vozove" pos="X">vozove</wf>
         <wf lemma="," pos="X">,</wf>
         <wf lemma="danes" pos="X">danes</wf>
         <wf lemma="pa" pos="X">pa</wf>
         <wf lemma="ni" pos="X">ni</wf>
         <wf lemma="." pos="X">.</wf>
      </sentence>
      <sentence id="d000.s1872" source="wordnet-slovenian">
         <wf lemma="&quot;" pos="X">&quot;</wf>
         <wf lemma="Tako" pos="X">Tako</wf>
         <wf lemma="smo" pos="X">smo</wf>
         <wf lemma="se" pos="X">se</wf>
         <wf lemma="po" pos="X">po</wf>
         <wf lemma="zaslugi" pos="X">zaslugi</wf>
         <wf lemma="njenega" pos="X">njenega</wf>
         <wf lemma="prepričevanja" pos="X">prepričevanja</wf>
         <wf lemma="proti" pos="X">proti</wf>
         <wf lemma="grozeči" pos="X">grozeči</wf>
         <wf lemma="zanemarjenosti" pos="X">zanemarjenosti</wf>
         <wf lemma="oborožili" pos="X">oborožili</wf>
         <wf lemma="še" pos="X">še</wf>
         <wf lemma="z" pos="X">z</wf>
         <wf lemma="drugim" pos="X">drugim</wf>
         <wf lemma="sesalcem" pos="X">sesalcem</wf>
         <wf lemma="," pos="X">,</wf>
         <wf lemma="če" pos="X">če</wf>
         <wf lemma="bi" pos="X">bi</wf>
         <wf lemma="se" pos="X">se</wf>
         <wf lemma="zgodilo" pos="X">zgodilo</wf>
         <wf lemma="," pos="X">,</wf>
         <wf lemma="da" pos="X">da</wf>
         <wf lemma="bi" pos="X">bi</wf>
         <wf lemma="morali" pos="X">morali</wf>
         <wf lemma="naš" pos="X">naš</wf>
         <wf lemma="1100" pos="X">1100</wf>
         <wf lemma="-" pos="X">-</wf>
         <wf lemma="vatni" pos="X">vatni</wf>
         <wf lemma="sesalec" pos="X">sesalec</wf>
         <wf lemma="nekega" pos="X">nekega</wf>
         <instance id="d000.s1872.t000" lemma="dan" pos="NOUN">dne</instance>
         <wf lemma="dati" pos="X">dati</wf>
         <wf lemma="v" pos="X">v</wf>
         <wf lemma="popravilo" pos="X">popravilo</wf>
         <wf lemma="." pos="X">.</wf>
      </sentence>
      <sentence id="d000.s1873" source="wordnet-slovenian">
         <wf lemma="Pisatelji" pos="X">Pisatelji</wf>
         <wf lemma="so" pos="X">so</wf>
         <wf lemma="se" pos="X">se</wf>
         <wf lemma="podali" pos="X">podali</wf>
         <wf lemma="po" pos="X">po</wf>
         <instance id="d000.s1873.t000" lemma="pot" pos="NOUN">poteh</instance>
         <wf lemma="ekspresnega" pos="X">ekspresnega</wf>
         <wf lemma="vlaka" pos="X">vlaka</wf>
         <wf lemma="sever" pos="X">sever</wf>
         <wf lemma="-" pos="X">-</wf>
         <wf lemma="jug" pos="X">jug</wf>
         <wf lemma="iz" pos="X">iz</wf>
         <wf lemma="začetka" pos="X">začetka</wf>
         <wf lemma="20." pos="X">20.</wf>
         <wf lemma="stoletja" pos="X">stoletja</wf>
         <wf lemma="," pos="X">,</wf>
         <wf lemma="ki" pos="X">ki</wf>
         <wf lemma="je" pos="X">je</wf>
         <wf lemma="povezoval" pos="X">povezoval</wf>
         <wf lemma="Lizbono" pos="X">Lizbono</wf>
         <wf lemma="in" pos="X">in</wf>
         <wf lemma="Sankt" pos="X">Sankt</wf>
         <wf lemma="Peterburg" pos="X">Peterburg</wf>
         <wf lemma="." pos="X">.</wf>
      </sentence>
      <sentence id="d000.s1874" source="wordnet-slovenian">
         <wf lemma="V" pos="X">V</wf>
         <wf lemma="svoji" pos="X">svoji</wf>
         <wf lemma="drugi" pos="X">drugi</wf>
         <wf lemma="ameriški" pos="X">ameriški</wf>
         <instance id="d000.s1874.t000" lemma="sezona" pos="NOUN">sezoni</instance>
         <wf lemma="je" pos="X">je</wf>
         <wf lemma="prvič" pos="X">prvič</wf>
         <wf lemma="začel" pos="X">začel</wf>
         <wf lemma="tekmo" pos="X">tekmo</wf>
         <wf lemma="v" pos="X">v</wf>
         <wf lemma="prvi" pos="X">prvi</wf>
         <wf lemma="peterki" pos="X">peterki</wf>
         <wf lemma="." pos="X">.</wf>
      </sentence>
      <sentence id="d000.s1875" source="wordnet-slovenian">
         <instance id="d000.s1875.t000" lemma="predlog" pos="NOUN">Predlog</instance>
         <wf lemma="stališč" pos="X">stališč</wf>
         <wf lemma="je" pos="X">je</wf>
         <wf lemma="v" pos="X">v</wf>
         <wf lemma="obravnavo" pos="X">obravnavo</wf>
         <wf lemma="predložila" pos="X">predložila</wf>
         <wf lemma="Komisija" pos="X">Komisija</wf>
         <wf lemma="za" pos="X">za</wf>
         <wf lemma="lokalno" pos="X">lokalno</wf>
         <wf lemma="samoupravo" pos="X">samoupravo</wf>
         <wf lemma="." pos="X">.</wf>
      </sentence>
      <sentence id="d000.s1876" source="wordnet-slovenian">
         <wf lemma="Tržaški" pos="X">Tržaški</wf>
         <wf lemma="župan" pos="X">župan</wf>
         <wf lemma="Roberto" pos="X">Roberto</wf>
         <wf lemma="Dipiazza" pos="X">Dipiazza</wf>
         <wf lemma="je" pos="X">je</wf>
         <wf lemma="nekajkrat" pos="X">nekajkrat</wf>
         <wf lemma="izrazil" pos="X">izrazil</wf>
         <wf lemma="pripravljenost" pos="X">pripravljenost</wf>
         <wf lemma="občine" pos="X">občine</wf>
         <wf lemma="," pos="X">,</wf>
         <wf lemma="da" pos="X">da</wf>
         <wf lemma="bi" pos="X">bi</wf>
         <wf lemma="izvajala" pos="X">izvajala</wf>
         <wf lemma="določila" pos="X">določila</wf>
         <wf lemma="zakona" pos="X">zakona</wf>
         <wf lemma="o" pos="X">o</wf>
         <wf lemma="zaščiti" pos="X">zaščiti</wf>
         <wf lemma="manjšine" pos="X">manjšine</wf>
         <wf lemma="na" pos="X">na</wf>
         <wf lemma="robu" pos="X">robu</wf>
         <wf lemma="kraške" pos="X">kraške</wf>
         <wf lemma="planote" pos="X">planote</wf>
         <wf lemma="," pos="X">,</wf>
         <wf lemma="ki" pos="X">ki</wf>
         <wf lemma="sodi" pos="X">sodi</wf>
         <wf lemma="v" pos="X">v</wf>
         <wf lemma="vzhodno" pos="X">vzhodno</wf>
         <wf lemma="-" pos="X">-</wf>
         <wf lemma="in" pos="X">in</wf>
         <wf lemma="zahodnokraški" pos="X">zahodnokraški</wf>
         <wf lemma="rajonski" pos="X">rajonski</wf>
         <instance id="d000.s1876.t000" lemma="svet" pos="NOUN">svet</instance>
         <wf lemma="," pos="X">,</wf>
         <wf lemma="mesto" pos="X">mesto</wf>
         <wf lemma="pa" pos="X">pa</wf>
         <wf lemma="naj" pos="X">naj</wf>
         <wf lemma="bi" pos="X">bi</wf>
         <wf lemma="ostalo" pos="X">ostalo</wf>
         <wf lemma="izvzeto" pos="X">izvzeto</wf>
         <wf lemma="iz" pos="X">iz</wf>
         <wf lemma="zaščitnih" pos="X">zaščitnih</wf>
         <wf lemma="norm" pos="X">norm</wf>
         <wf lemma="." pos="X">.</wf>
      </sentence>
      <sentence id="d000.s1877" source="wordnet-slovenian">
         <wf lemma="Unilateralna" pos="X">Unilateralna</wf>
         <wf lemma="poteza" pos="X">poteza</wf>
         <wf lemma="," pos="X">,</wf>
         <wf lemma="precedens" pos="X">precedens</wf>
         <wf lemma="neke" pos="X">neke</wf>
         <instance id="d000.s1877.t000" lemma="vrsta" pos="NOUN">vrste</instance>
         <wf lemma="," pos="X">,</wf>
         <wf lemma="se" pos="X">se</wf>
         <wf lemma="očitno" pos="X">očitno</wf>
         <wf lemma="ni" pos="X">ni</wf>
         <wf lemma="obnesla" pos="X">obnesla</wf>
         <wf lemma="." pos="X">.</wf>
      </sentence>
      <sentence id="d000.s1878" source="wordnet-slovenian">
         <wf lemma="V" pos="X">V</wf>
         <wf lemma="tretjem" pos="X">tretjem</wf>
         <wf lemma="odstavku" pos="X">odstavku</wf>
         <wf lemma="so" pos="X">so</wf>
         <wf lemma="določene" pos="X">določene</wf>
         <wf lemma="sankcije" pos="X">sankcije</wf>
         <wf lemma="za" pos="X">za</wf>
         <wf lemma="skupno" pos="X">skupno</wf>
         <wf lemma="neaktivnost" pos="X">neaktivnost</wf>
         <wf lemma="obeh" pos="X">obeh</wf>
         <instance id="d000.s1878.t000" lemma="stranka" pos="NOUN">strank</instance>
         <wf lemma="." pos="X">.</wf>
      </sentence>
      <sentence id="d000.s1879" source="wordnet-slovenian">
         <wf lemma="Zdaj" pos="X">Zdaj</wf>
         <wf lemma="pa" pos="X">pa</wf>
         <wf lemma="vzeti" pos="X">vzeti</wf>
         <wf lemma="," pos="X">,</wf>
         <wf lemma="edino" pos="X">edino</wf>
         <wf lemma="socialno" pos="X">socialno</wf>
         <wf lemma="pravični" pos="X">pravični</wf>
         <wf lemma="," pos="X">,</wf>
         <wf lemma="ne" pos="X">ne</wf>
         <wf lemma="bom" pos="X">bom</wf>
         <wf lemma="rekel" pos="X">rekel</wf>
         <wf lemma="edini" pos="X">edini</wf>
         <wf lemma="socialno" pos="X">socialno</wf>
         <wf lemma="pravični" pos="X">pravični</wf>
         <wf lemma="," pos="X">,</wf>
         <wf lemma="edini" pos="X">edini</wf>
         <wf lemma="davčni" pos="X">davčni</wf>
         <wf lemma="vir" pos="X">vir</wf>
         <wf lemma="," pos="X">,</wf>
         <wf lemma="ki" pos="X">ki</wf>
         <wf lemma="ima" pos="X">ima</wf>
         <wf lemma="to" pos="X">to</wf>
         <wf lemma="socialno" pos="X">socialno</wf>
         <wf lemma="pravičnost" pos="X">pravičnost</wf>
         <wf lemma="vsebovano" pos="X">vsebovano</wf>
         <wf lemma="," pos="X">,</wf>
         <wf lemma="se" pos="X">se</wf>
         <wf lemma="mi" pos="X">mi</wf>
         <wf lemma="pa" pos="X">pa</wf>
         <wf lemma="zdi" pos="X">zdi</wf>
         <wf lemma="nespametno" pos="X">nespametno</wf>
         <wf lemma="in" pos="X">in</wf>
         <wf lemma="zato" pos="X">zato</wf>
         <wf lemma="predlagam" pos="X">predlagam</wf>
         <wf lemma="še" pos="X">še</wf>
         <wf lemma="enkrat" pos="X">enkrat</wf>
         <wf lemma="oz." pos="X">oz.</wf>
         <wf lemma="apeliram" pos="X">apeliram</wf>
         <wf lemma="tudi" pos="X">tudi</wf>
         <wf lemma="na" pos="X">na</wf>
         <wf lemma="tiste" pos="X">tiste</wf>
         <wf lemma="," pos="X">,</wf>
         <wf lemma="ki" pos="X">ki</wf>
         <wf lemma="boste" pos="X">boste</wf>
         <wf lemma="glasovali" pos="X">glasovali</wf>
         <wf lemma="za" pos="X">za</wf>
         <wf lemma="ta" pos="X">ta</wf>
         <wf lemma="osnutek" pos="X">osnutek</wf>
         <wf lemma="zakona" pos="X">zakona</wf>
         <wf lemma=":" pos="X">:</wf>
         <wf lemma="pokažite" pos="X">pokažite</wf>
         <wf lemma="toliko" pos="X">toliko</wf>
         <wf lemma="strpnosti" pos="X">strpnosti</wf>
         <wf lemma="in" pos="X">in</wf>
         <wf lemma="glasujte" pos="X">glasujte</wf>
         <wf lemma="potem" pos="X">potem</wf>
         <wf lemma="še" pos="X">še</wf>
         <wf lemma="za" pos="X">za</wf>
         <wf lemma="moj" pos="X">moj</wf>
         <instance id="d000.s1879.t000" lemma="predlog" pos="NOUN">predlog</instance>
         <wf lemma="." pos="X">.</wf>
      </sentence>
      <sentence id="d000.s1880" source="wordnet-slovenian">
         <wf lemma="JAVNIH" pos="X">JAVNIH</wf>
         <wf lemma="GOSPODARSKIH" pos="X">GOSPODARSKIH</wf>
         <wf lemma="ZAVODIH" pos="X">ZAVODIH</wf>
         <wf lemma="TER" pos="X">TER</wf>
         <wf lemma="PRI" pos="X">PRI</wf>
         <wf lemma="DRUGIH" pos="X">DRUGIH</wf>
         <wf lemma="UPORABNIKIH" pos="X">UPORABNIKIH</wf>
         <wf lemma="PRORAČUNA" pos="X">PRORAČUNA</wf>
         <wf lemma="I1" pos="X">I1</wf>
         <wf lemma="STROKOVNI" pos="X">STROKOVNI</wf>
         <instance id="d000.s1880.t000" lemma="delavec" pos="NOUN">DELAVCI</instance>
         <wf lemma="." pos="X">.</wf>
      </sentence>
      <sentence id="d000.s1881" source="wordnet-slovenian">
         <wf lemma="ZGODBA" pos="X">ZGODBA</wf>
         <wf lemma="JE" pos="X">JE</wf>
         <wf lemma="BILA" pos="X">BILA</wf>
         <wf lemma="PRIREJENA" pos="X">PRIREJENA</wf>
         <wf lemma="ZA" pos="X">ZA</wf>
         <instance id="d000.s1881.t000" lemma="film" pos="NOUN">FILM</instance>
         <wf lemma="BALADA" pos="X">BALADA</wf>
         <wf lemma="O" pos="X">O</wf>
         <wf lemma="MALEM" pos="X">MALEM</wf>
         <wf lemma="JOEJU" pos="X">JOEJU</wf>
         <wf lemma="." pos="X">.</wf>
      </sentence>
      <sentence id="d000.s1882" source="wordnet-slovenian">
         <wf lemma="Henrik" pos="X">Henrik</wf>
         <wf lemma="je" pos="X">je</wf>
         <wf lemma="sklical" pos="X">sklical</wf>
         <wf lemma="sinodo" pos="X">sinodo</wf>
         <wf lemma="šestindvajsetih" pos="X">šestindvajsetih</wf>
         <wf lemma="nemških" pos="X">nemških</wf>
         <wf lemma="škofov" pos="X">škofov</wf>
         <wf lemma="," pos="X">,</wf>
         <wf lemma="in" pos="X">in</wf>
         <wf lemma="ta" pos="X">ta</wf>
         <wf lemma="je" pos="X">je</wf>
         <wf lemma="Gregorja" pos="X">Gregorja</wf>
         <wf lemma="odstavila" pos="X">odstavila</wf>
         <wf lemma=";" pos="X">;</wf>
         <wf lemma="ena" pos="X">ena</wf>
         <wf lemma="od" pos="X">od</wf>
         <wf lemma="obtožb" pos="X">obtožb</wf>
         <wf lemma="je" pos="X">je</wf>
         <wf lemma="bila" pos="X">bila</wf>
         <wf lemma="njegovo" pos="X">njegovo</wf>
         <wf lemma="vsem" pos="X">vsem</wf>
         <wf lemma="znano" pos="X">znano</wf>
         <wf lemma="&quot;" pos="X">&quot;</wf>
         <wf lemma="škandalozno" pos="X">škandalozno</wf>
         <wf lemma="druženje" pos="X">druženje</wf>
         <wf lemma="z" pos="X">z</wf>
         <instance id="d000.s1882.t000" lemma="ženska" pos="NOUN">ženskami</instance>
         <wf lemma="&quot;" pos="X">&quot;</wf>
         <wf lemma="," pos="X">,</wf>
         <wf lemma="zlasti" pos="X">zlasti</wf>
         <wf lemma="z" pos="X">z</wf>
         <wf lemma="grofico" pos="X">grofico</wf>
         <wf lemma="Matildo" pos="X">Matildo</wf>
         <wf lemma="." pos="X">.</wf>
      </sentence>
      <sentence id="d000.s1883" source="wordnet-slovenian">
         <wf lemma="Šesta" pos="X">Šesta</wf>
         <instance id="d000.s1883.t000" lemma="stopnja" pos="NOUN">stopnja</instance>
         <wf lemma="HELIODROMUS" pos="X">HELIODROMUS</wf>
         <wf lemma="(" pos="X">(</wf>
         <wf lemma="sončni" pos="X">sončni</wf>
         <wf lemma="tekač" pos="X">tekač</wf>
         <wf lemma=")" pos="X">)</wf>
         <wf lemma="je" pos="X">je</wf>
         <wf lemma="pod" pos="X">pod</wf>
         <wf lemma="zaščito" pos="X">zaščito</wf>
         <wf lemma="Sonca" pos="X">Sonca</wf>
         <wf lemma="." pos="X">.</wf>
      </sentence>
      <sentence id="d000.s1884" source="wordnet-slovenian">
         <wf lemma="Na" pos="X">Na</wf>
         <wf lemma="njegovem" pos="X">njegovem</wf>
         <wf lemma="obrazu" pos="X">obrazu</wf>
         <wf lemma="je" pos="X">je</wf>
         <wf lemma="bila" pos="X">bila</wf>
         <wf lemma="vidna" pos="X">vidna</wf>
         <wf lemma="utrujenost" pos="X">utrujenost</wf>
         <wf lemma="in" pos="X">in</wf>
         <wf lemma="znerviranost" pos="X">znerviranost</wf>
         <wf lemma="," pos="X">,</wf>
         <wf lemma="celodnevno" pos="X">celodnevno</wf>
         <wf lemma="izigravanje" pos="X">izigravanje</wf>
         <wf lemma="čudežno" pos="X">čudežno</wf>
         <wf lemma="ozdravljenega" pos="X">ozdravljenega</wf>
         <wf lemma="fanatika" pos="X">fanatika</wf>
         <wf lemma="je" pos="X">je</wf>
         <wf lemma="bilo" pos="X">bilo</wf>
         <wf lemma="naporno" pos="X">naporno</wf>
         <instance id="d000.s1884.t000" lemma="delo" pos="NOUN">delo</instance>
         <wf lemma="." pos="X">.</wf>
      </sentence>
      <sentence id="d000.s1885" source="wordnet-slovenian">
         <wf lemma="TUDI" pos="X">TUDI</wf>
         <wf lemma="SICER" pos="X">SICER</wf>
         <wf lemma="JE" pos="X">JE</wf>
         <wf lemma="BIL" pos="X">BIL</wf>
         <wf lemma="ZRP" pos="X">ZRP</wf>
         <wf lemma="JZDOLS" pos="X">JZDOLS</wf>
         <wf lemma="PRESEŽEN" pos="X">PRESEŽEN</wf>
         <wf lemma="IN" pos="X">IN</wf>
         <wf lemma="ZARADI" pos="X">ZARADI</wf>
         <wf lemma="TOGOSTI" pos="X">TOGOSTI</wf>
         <wf lemma="DOLOČANJA" pos="X">DOLOČANJA</wf>
         <wf lemma="RAZMERIJ" pos="X">RAZMERIJ</wf>
         <wf lemma="OSNOVNIH" pos="X">OSNOVNIH</wf>
         <wf lemma="PLAČ" pos="X">PLAČ</wf>
         <wf lemma="TER" pos="X">TER</wf>
         <wf lemma="OMEJENIH" pos="X">OMEJENIH</wf>
         <instance id="d000.s1885.t000" lemma="možnost" pos="NOUN">MOŽNOSTI</instance>
         <wf lemma="NAGRAJEVANJA" pos="X">NAGRAJEVANJA</wf>
         <wf lemma="POSAMEZNEGA" pos="X">POSAMEZNEGA</wf>
         <wf lemma="ZAPOSLENEGA" pos="X">ZAPOSLENEGA</wf>
         <wf lemma="V" pos="X">V</wf>
         <wf lemma="SKLADU" pos="X">SKLADU</wf>
         <wf lemma="Z" pos="X">Z</wf>
         <wf lemma="REZULTATI" pos="X">REZULTATI</wf>
         <wf lemma="NJEGOVEGA" pos="X">NJEGOVEGA</wf>
         <wf lemma="DELA" pos="X">DELA</wf>
         <wf lemma="ZA" pos="X">ZA</wf>
         <wf lemma="DANAŠNJI" pos="X">DANAŠNJI</wf>
         <wf lemma="ČAS" pos="X">ČAS</wf>
         <wf lemma="ZASTAREL" pos="X">ZASTAREL</wf>
         <wf lemma="." pos="X">.</wf>
      </sentence>
      <sentence id="d000.s1886" source="wordnet-slovenian">
         <wf lemma="Za" pos="X">Za</wf>
         <wf lemma="raziskovalno" pos="X">raziskovalno</wf>
         <wf lemma="," pos="X">,</wf>
         <wf lemma="pedagoško" pos="X">pedagoško</wf>
         <wf lemma="in" pos="X">in</wf>
         <wf lemma="svetovalno" pos="X">svetovalno</wf>
         <wf lemma="delovanje" pos="X">delovanje</wf>
         <wf lemma="je" pos="X">je</wf>
         <wf lemma="BTF" pos="X">BTF</wf>
         <wf lemma="skupaj" pos="X">skupaj</wf>
         <wf lemma="s" pos="X">s</wf>
         <wf lemma="Kmetijskim" pos="X">Kmetijskim</wf>
         <wf lemma="inštitutom" pos="X">inštitutom</wf>
         <wf lemma="ustanovila" pos="X">ustanovila</wf>
         <wf lemma="Kmetijski" pos="X">Kmetijski</wf>
         <wf lemma="poskusni" pos="X">poskusni</wf>
         <wf lemma="center" pos="X">center</wf>
         <wf lemma="Jable" pos="X">Jable</wf>
         <wf lemma="," pos="X">,</wf>
         <instance id="d000.s1886.t000" lemma="leto" pos="NOUN">leta</instance>
         <wf lemma="1967" pos="X">1967</wf>
         <wf lemma="pa" pos="X">pa</wf>
         <wf lemma="Raziskovalno" pos="X">Raziskovalno</wf>
         <wf lemma="postajo" pos="X">postajo</wf>
         <wf lemma="za" pos="X">za</wf>
         <wf lemma="živinorejo" pos="X">živinorejo</wf>
         <wf lemma="Rodica" pos="X">Rodica</wf>
         <wf lemma="(" pos="X">(</wf>
         <wf lemma="Groblje" pos="X">Groblje</wf>
         <wf lemma=")" pos="X">)</wf>
         <wf lemma="in" pos="X">in</wf>
         <wf lemma="leta" pos="X">leta</wf>
         <wf lemma="1974" pos="X">1974</wf>
         <wf lemma="se" pos="X">se</wf>
         <wf lemma="je" pos="X">je</wf>
         <wf lemma="agronomskemu" pos="X">agronomskemu</wf>
         <wf lemma="oddelku" pos="X">oddelku</wf>
         <wf lemma="pridružil" pos="X">pridružil</wf>
         <wf lemma="Zavod" pos="X">Zavod</wf>
         <wf lemma="za" pos="X">za</wf>
         <wf lemma="sadjarstvo" pos="X">sadjarstvo</wf>
         <wf lemma="v" pos="X">v</wf>
         <wf lemma="Mariboru" pos="X">Mariboru</wf>
         <wf lemma="(" pos="X">(</wf>
         <wf lemma="ust" pos="X">ust</wf>
         <wf lemma="." pos="X">.</wf>
      </sentence>
      <sentence id="d000.s1887" source="wordnet-slovenian">
         <wf lemma="Slovenski" pos="X">Slovenski</wf>
         <wf lemma="tenis" pos="X">tenis</wf>
         <wf lemma="je" pos="X">je</wf>
         <wf lemma="imel" pos="X">imel</wf>
         <wf lemma="v" pos="X">v</wf>
         <wf lemma="finalu" pos="X">finalu</wf>
         <wf lemma="še" pos="X">še</wf>
         <wf lemma="enega" pos="X">enega</wf>
         <wf lemma="predstavnika" pos="X">predstavnika</wf>
         <wf lemma="," pos="X">,</wf>
         <wf lemma="in" pos="X">in</wf>
         <wf lemma="sicer" pos="X">sicer</wf>
         <wf lemma="v" pos="X">v</wf>
         <wf lemma="kategoriji" pos="X">kategoriji</wf>
         <wf lemma="fantov" pos="X">fantov</wf>
         <wf lemma="do" pos="X">do</wf>
         <wf lemma="16" pos="X">16</wf>
         <instance id="d000.s1887.t000" lemma="leto" pos="NOUN">let</instance>
         <wf lemma="." pos="X">.</wf>
      </sentence>
      <sentence id="d000.s1888" source="wordnet-slovenian">
         <wf lemma="Misli" pos="X">Misli</wf>
         <wf lemma="in" pos="X">in</wf>
         <wf lemma="čustva" pos="X">čustva</wf>
         <wf lemma="nastopajočih" pos="X">nastopajočih</wf>
         <wf lemma="oseb" pos="X">oseb</wf>
         <wf lemma="najbolj" pos="X">najbolj</wf>
         <wf lemma="pogosto" pos="X">pogosto</wf>
         <wf lemma="izražajo" pos="X">izražajo</wf>
         <wf lemma="po" pos="X">po</wf>
         <wf lemma="asociativni" pos="X">asociativni</wf>
         <instance id="d000.s1888.t000" lemma="pot" pos="NOUN">poti</instance>
         <wf lemma="določene" pos="X">določene</wf>
         <wf lemma="stvari" pos="X">stvari</wf>
         <wf lemma="iz" pos="X">iz</wf>
         <wf lemma="narave" pos="X">narave</wf>
         <wf lemma="," pos="X">,</wf>
         <wf lemma="ki" pos="X">ki</wf>
         <wf lemma="jih" pos="X">jih</wf>
         <wf lemma="kot" pos="X">kot</wf>
         <wf lemma="značilne" pos="X">značilne</wf>
         <wf lemma="v" pos="X">v</wf>
         <wf lemma="veliki" pos="X">veliki</wf>
         <wf lemma="meri" pos="X">meri</wf>
         <wf lemma="poznamo" pos="X">poznamo</wf>
         <wf lemma="že" pos="X">že</wf>
         <wf lemma="iz" pos="X">iz</wf>
         <wf lemma="Župančičeve" pos="X">Župančičeve</wf>
         <wf lemma="lirike" pos="X">lirike</wf>
         <wf lemma=":" pos="X">:</wf>
         <wf lemma="peruti" pos="X">peruti</wf>
         <wf lemma="oziroma" pos="X">oziroma</wf>
         <wf lemma="krila" pos="X">krila</wf>
         <wf lemma="in" pos="X">in</wf>
         <wf lemma="živali" pos="X">živali</wf>
         <wf lemma="s" pos="X">s</wf>
         <wf lemma="perutmi" pos="X">perutmi</wf>
         <wf lemma="," pos="X">,</wf>
         <wf lemma="zlasti" pos="X">zlasti</wf>
         <wf lemma="ptice" pos="X">ptice</wf>
         <wf lemma=":" pos="X">:</wf>
         <wf lemma="metuljčki" pos="X">metuljčki</wf>
         <wf lemma="," pos="X">,</wf>
         <wf lemma="čebelica" pos="X">čebelica</wf>
         <wf lemma="," pos="X">,</wf>
         <wf lemma="golobi" pos="X">golobi</wf>
         <wf lemma="," pos="X">,</wf>
         <wf lemma="kukavica" pos="X">kukavica</wf>
         <wf lemma="," pos="X">,</wf>
         <wf lemma="utva" pos="X">utva</wf>
         <wf lemma="," pos="X">,</wf>
         <wf lemma="sokoli" pos="X">sokoli</wf>
         <wf lemma="in" pos="X">in</wf>
         <wf lemma="orli" pos="X">orli</wf>
         <wf lemma="," pos="X">,</wf>
         <wf lemma="nadalje" pos="X">nadalje</wf>
         <wf lemma="konji" pos="X">konji</wf>
         <wf lemma="vranci" pos="X">vranci</wf>
         <wf lemma="," pos="X">,</wf>
         <wf lemma="potem" pos="X">potem</wf>
         <wf lemma="svetlobna" pos="X">svetlobna</wf>
         <wf lemma="telesa" pos="X">telesa</wf>
         <wf lemma="in" pos="X">in</wf>
         <wf lemma="pojavi" pos="X">pojavi</wf>
         <wf lemma=":" pos="X">:</wf>
         <wf lemma="zvezde" pos="X">zvezde</wf>
         <wf lemma="," pos="X">,</wf>
         <wf lemma="mesec" pos="X">mesec</wf>
         <wf lemma="," pos="X">,</wf>
         <wf lemma="zarja" pos="X">zarja</wf>
         <wf lemma="in" pos="X">in</wf>
         <wf lemma="sonce" pos="X">sonce</wf>
         <wf lemma="pa" pos="X">pa</wf>
         <wf lemma="luč" pos="X">luč</wf>
         <wf lemma="in" pos="X">in</wf>
         <wf lemma="kres" pos="X">kres</wf>
         <wf lemma="," pos="X">,</wf>
         <wf lemma="od" pos="X">od</wf>
         <wf lemma="rastlin" pos="X">rastlin</wf>
         <wf lemma="posebno" pos="X">posebno</wf>
         <wf lemma="rože" pos="X">rože</wf>
         <wf lemma="in" pos="X">in</wf>
         <wf lemma="pelin" pos="X">pelin</wf>
         <wf lemma="ter" pos="X">ter</wf>
         <wf lemma="končno" pos="X">končno</wf>
         <wf lemma="morje" pos="X">morje</wf>
         <wf lemma="," pos="X">,</wf>
         <wf lemma="veter" pos="X">veter</wf>
         <wf lemma="in" pos="X">in</wf>
         <wf lemma="val" pos="X">val</wf>
         <wf lemma="," pos="X">,</wf>
         <wf lemma="od" pos="X">od</wf>
         <wf lemma="predmetov" pos="X">predmetov</wf>
         <wf lemma="pa" pos="X">pa</wf>
         <wf lemma="plašč" pos="X">plašč</wf>
         <wf lemma="in" pos="X">in</wf>
         <wf lemma="čaša" pos="X">čaša</wf>
         <wf lemma="." pos="X">.</wf>
      </sentence>
      <sentence id="d000.s1889" source="wordnet-slovenian">
         <wf lemma="Opisno" pos="X">Opisno</wf>
         <wf lemma="poročilo" pos="X">poročilo</wf>
         <wf lemma="olajša" pos="X">olajša</wf>
         <wf lemma="komunikacijo" pos="X">komunikacijo</wf>
         <wf lemma="s" pos="X">s</wf>
         <wf lemma="starši" pos="X">starši</wf>
         <wf lemma="in" pos="X">in</wf>
         <wf lemma="preprečuje" pos="X">preprečuje</wf>
         <wf lemma="," pos="X">,</wf>
         <wf lemma="da" pos="X">da</wf>
         <wf lemma="bi" pos="X">bi</wf>
         <wf lemma="posameznikove" pos="X">posameznikove</wf>
         <wf lemma="značilnosti" pos="X">značilnosti</wf>
         <wf lemma="," pos="X">,</wf>
         <wf lemma="navade" pos="X">navade</wf>
         <wf lemma="," pos="X">,</wf>
         <wf lemma="napredek" pos="X">napredek</wf>
         <wf lemma="in" pos="X">in</wf>
         <instance id="d000.s1889.t000" lemma="težava" pos="NOUN">težave</instance>
         <wf lemma="posploševali" pos="X">posploševali</wf>
         <wf lemma="," pos="X">,</wf>
         <wf lemma="ker" pos="X">ker</wf>
         <wf lemma="bi" pos="X">bi</wf>
         <wf lemma="se" pos="X">se</wf>
         <wf lemma="nam" pos="X">nam</wf>
         <wf lemma="izgubile" pos="X">izgubile</wf>
         <wf lemma="v" pos="X">v</wf>
         <wf lemma="množici" pos="X">množici</wf>
         <wf lemma="otrok" pos="X">otrok</wf>
         <wf lemma="v" pos="X">v</wf>
         <wf lemma="skupini" pos="X">skupini</wf>
         <wf lemma="." pos="X">.</wf>
      </sentence>
      <sentence id="d000.s1890" source="wordnet-slovenian">
         <wf lemma="V" pos="X">V</wf>
         <wf lemma="požaru" pos="X">požaru</wf>
         <wf lemma="je" pos="X">je</wf>
         <wf lemma="zgorela" pos="X">zgorela</wf>
         <wf lemma="nočna" pos="X">nočna</wf>
         <wf lemma="omarica" pos="X">omarica</wf>
         <wf lemma="," pos="X">,</wf>
         <wf lemma="zavesa" pos="X">zavesa</wf>
         <wf lemma="," pos="X">,</wf>
         <wf lemma="parket" pos="X">parket</wf>
         <wf lemma="," pos="X">,</wf>
         <wf lemma="preproga" pos="X">preproga</wf>
         <wf lemma="," pos="X">,</wf>
         <instance id="d000.s1890.t000" lemma="knjiga" pos="NOUN">knjige</instance>
         <wf lemma="in" pos="X">in</wf>
         <wf lemma="posteljnina" pos="X">posteljnina</wf>
         <wf lemma="." pos="X">.</wf>
      </sentence>
      <sentence id="d000.s1891" source="wordnet-slovenian">
         <wf lemma="Zdi" pos="X">Zdi</wf>
         <wf lemma="se" pos="X">se</wf>
         <wf lemma="torej" pos="X">torej</wf>
         <wf lemma="," pos="X">,</wf>
         <wf lemma="da" pos="X">da</wf>
         <wf lemma="je" pos="X">je</wf>
         <wf lemma="slovenski" pos="X">slovenski</wf>
         <wf lemma="zakonodajalec" pos="X">zakonodajalec</wf>
         <wf lemma="sledil" pos="X">sledil</wf>
         <wf lemma="tudi" pos="X">tudi</wf>
         <wf lemma="zahtevi" pos="X">zahtevi</wf>
         <wf lemma="iz" pos="X">iz</wf>
         <wf lemma="Magne" pos="X">Magne</wf>
         <wf lemma="Charte" pos="X">Charte</wf>
         <wf lemma="," pos="X">,</wf>
         <wf lemma="da" pos="X">da</wf>
         <wf lemma="je" pos="X">je</wf>
         <wf lemma="»" pos="X">»</wf>
         <wf lemma="svoboda" pos="X">svoboda</wf>
         <wf lemma="raziskovanja" pos="X">raziskovanja</wf>
         <wf lemma="," pos="X">,</wf>
         <wf lemma="poučevanja" pos="X">poučevanja</wf>
         <wf lemma="in" pos="X">in</wf>
         <wf lemma="študija" pos="X">študija</wf>
         <wf lemma="temeljno" pos="X">temeljno</wf>
         <wf lemma="načelo" pos="X">načelo</wf>
         <wf lemma="v" pos="X">v</wf>
         <wf lemma="življenju" pos="X">življenju</wf>
         <wf lemma="univerz" pos="X">univerz</wf>
         <wf lemma=";" pos="X">;</wf>
         <wf lemma="zato" pos="X">zato</wf>
         <wf lemma="morajo" pos="X">morajo</wf>
         <instance id="d000.s1891.t000" lemma="vlada" pos="NOUN">vlade</instance>
         <wf lemma="in" pos="X">in</wf>
         <wf lemma="univerze" pos="X">univerze</wf>
         <wf lemma="v" pos="X">v</wf>
         <wf lemma="okviru" pos="X">okviru</wf>
         <wf lemma="svojih" pos="X">svojih</wf>
         <wf lemma="pristojnosti" pos="X">pristojnosti</wf>
         <wf lemma="zagotoviti" pos="X">zagotoviti</wf>
         <wf lemma="spoštovanje" pos="X">spoštovanje</wf>
         <wf lemma="te" pos="X">te</wf>
         <wf lemma="temeljne" pos="X">temeljne</wf>
         <wf lemma="zahteve" pos="X">zahteve</wf>
         <wf lemma="«" pos="X">«</wf>
         <wf lemma="." pos="X">.</wf>
      </sentence>
      <sentence id="d000.s1892" source="wordnet-slovenian">
         <wf lemma="Tudi" pos="X">Tudi</wf>
         <wf lemma="njen" pos="X">njen</wf>
         <instance id="d000.s1892.t000" lemma="oče" pos="NOUN">oče</instance>
         <wf lemma="Marjan" pos="X">Marjan</wf>
         <wf lemma="P." pos="X">P.</wf>
         <wf lemma="ne" pos="X">ne</wf>
         <wf lemma="želi" pos="X">želi</wf>
         <wf lemma="imeti" pos="X">imeti</wf>
         <wf lemma="več" pos="X">več</wf>
         <wf lemma="opravka" pos="X">opravka</wf>
         <wf lemma="z" pos="X">z</wf>
         <wf lemma="Godnovim" pos="X">Godnovim</wf>
         <wf lemma="." pos="X">.</wf>
      </sentence>
      <sentence id="d000.s1893" source="wordnet-slovenian">
         <wf lemma="(" pos="X">(</wf>
         <wf lemma="foto" pos="X">foto</wf>
         <wf lemma="45b" pos="X">45b</wf>
         <wf lemma=")" pos="X">)</wf>
         <wf lemma=":" pos="X">:</wf>
         <wf lemma="Z" pos="X">Z</wf>
         <wf lemma="eno" pos="X">eno</wf>
         <instance id="d000.s1893.t000" lemma="roka" pos="NOUN">roko</instance>
         <wf lemma="primemo" pos="X">primemo</wf>
         <wf lemma="stopalo" pos="X">stopalo</wf>
         <wf lemma="(" pos="X">(</wf>
         <wf lemma="z" pos="X">z</wf>
         <wf lemma="levo" pos="X">levo</wf>
         <wf lemma="roko" pos="X">roko</wf>
         <wf lemma="levo" pos="X">levo</wf>
         <wf lemma="stopalo" pos="X">stopalo</wf>
         <wf lemma="," pos="X">,</wf>
         <wf lemma="pozneje" pos="X">pozneje</wf>
         <wf lemma="z" pos="X">z</wf>
         <wf lemma="desno" pos="X">desno</wf>
         <wf lemma="roko" pos="X">roko</wf>
         <wf lemma="desno" pos="X">desno</wf>
         <wf lemma="stopalo" pos="X">stopalo</wf>
         <wf lemma=")" pos="X">)</wf>
         <wf lemma="." pos="X">.</wf>
      </sentence>
      <sentence id="d000.s1894" source="wordnet-slovenian">
         <wf lemma="Slovensko" pos="X">Slovensko</wf>
         <wf lemma="cesto" pos="X">cesto</wf>
         <wf lemma="so" pos="X">so</wf>
         <wf lemma="zaprli" pos="X">zaprli</wf>
         <wf lemma="že" pos="X">že</wf>
         <wf lemma="ob" pos="X">ob</wf>
         <wf lemma="12." pos="X">12.</wf>
         <instance id="d000.s1894.t000" lemma="ura" pos="NOUN">uri</instance>
         <wf lemma="," pos="X">,</wf>
         <wf lemma="prvi" pos="X">prvi</wf>
         <wf lemma="maturanti" pos="X">maturanti</wf>
         <wf lemma="pa" pos="X">pa</wf>
         <wf lemma="so" pos="X">so</wf>
         <wf lemma="na" pos="X">na</wf>
         <wf lemma="prizorišče" pos="X">prizorišče</wf>
         <wf lemma="začeli" pos="X">začeli</wf>
         <wf lemma="prihajati" pos="X">prihajati</wf>
         <wf lemma="malo" pos="X">malo</wf>
         <wf lemma="po" pos="X">po</wf>
         <wf lemma="14." pos="X">14.</wf>
         <wf lemma="uri" pos="X">uri</wf>
         <wf lemma="," pos="X">,</wf>
         <wf lemma="ko" pos="X">ko</wf>
         <wf lemma="so" pos="X">so</wf>
         <wf lemma="se" pos="X">se</wf>
         <wf lemma="na" pos="X">na</wf>
         <wf lemma="obeh" pos="X">obeh</wf>
         <wf lemma="straneh" pos="X">straneh</wf>
         <wf lemma="ceste" pos="X">ceste</wf>
         <wf lemma="že" pos="X">že</wf>
         <wf lemma="začeli" pos="X">začeli</wf>
         <wf lemma="zbirati" pos="X">zbirati</wf>
         <wf lemma="tudi" pos="X">tudi</wf>
         <wf lemma="prvi" pos="X">prvi</wf>
         <wf lemma="radovedneži" pos="X">radovedneži</wf>
         <wf lemma="." pos="X">.</wf>
      </sentence>
      <sentence id="d000.s1895" source="wordnet-slovenian">
         <wf lemma="DOGOVOR" pos="X">DOGOVOR</wf>
         <wf lemma="O" pos="X">O</wf>
         <instance id="d000.s1895.t000" lemma="politika" pos="NOUN">POLITIKI</instance>
         <wf lemma="PLAČ" pos="X">PLAČ</wf>
         <wf lemma="JE" pos="X">JE</wf>
         <wf lemma="POMEMBEN" pos="X">POMEMBEN</wf>
         <wf lemma="INSTRUMENT" pos="X">INSTRUMENT</wf>
         <wf lemma="IN" pos="X">IN</wf>
         <wf lemma="IZRAZ" pos="X">IZRAZ</wf>
         <wf lemma="DELUJOČEGA" pos="X">DELUJOČEGA</wf>
         <wf lemma="SOCIALNEGA" pos="X">SOCIALNEGA</wf>
         <wf lemma="PARTNERSTVA" pos="X">PARTNERSTVA</wf>
         <wf lemma="V" pos="X">V</wf>
         <wf lemma="RS" pos="X">RS</wf>
         <wf lemma="." pos="X">.</wf>
      </sentence>
      <sentence id="d000.s1896" source="wordnet-slovenian">
         <wf lemma="Vsi" pos="X">Vsi</wf>
         <wf lemma="procesi" pos="X">procesi</wf>
         <wf lemma="morajo" pos="X">morajo</wf>
         <wf lemma="biti" pos="X">biti</wf>
         <wf lemma="stalno" pos="X">stalno</wf>
         <wf lemma="pod" pos="X">pod</wf>
         <wf lemma="nadzorom" pos="X">nadzorom</wf>
         <wf lemma="," pos="X">,</wf>
         <wf lemma="poleg" pos="X">poleg</wf>
         <wf lemma="tega" pos="X">tega</wf>
         <wf lemma="moramo" pos="X">moramo</wf>
         <wf lemma="dobavitelji" pos="X">dobavitelji</wf>
         <wf lemma="imeti" pos="X">imeti</wf>
         <wf lemma="odgovore" pos="X">odgovore</wf>
         <wf lemma="na" pos="X">na</wf>
         <wf lemma="vsa" pos="X">vsa</wf>
         <instance id="d000.s1896.t000" lemma="vprašanje" pos="NOUN">vprašanja</instance>
         <wf lemma="o" pos="X">o</wf>
         <wf lemma="izdelkih" pos="X">izdelkih</wf>
         <wf lemma="za" pos="X">za</wf>
         <wf lemma="vgradnjo" pos="X">vgradnjo</wf>
         <wf lemma="v" pos="X">v</wf>
         <wf lemma="avtomobile" pos="X">avtomobile</wf>
         <wf lemma="," pos="X">,</wf>
         <wf lemma="«" pos="X">«</wf>
         <wf lemma="pravi" pos="X">pravi</wf>
         <wf lemma="predsednik" pos="X">predsednik</wf>
         <wf lemma="uprave" pos="X">uprave</wf>
         <wf lemma="novomeškega" pos="X">novomeškega</wf>
         <wf lemma="TPV" pos="X">TPV</wf>
         <wf lemma="Vladimir" pos="X">Vladimir</wf>
         <wf lemma="Bahč" pos="X">Bahč</wf>
         <wf lemma="." pos="X">.</wf>
      </sentence>
      <sentence id="d000.s1897" source="wordnet-slovenian">
         <wf lemma="Avtorji" pos="X">Avtorji</wf>
         <wf lemma="se" pos="X">se</wf>
         <wf lemma="v" pos="X">v</wf>
         <wf lemma="filmu" pos="X">filmu</wf>
         <wf lemma="sprehajajo" pos="X">sprehajajo</wf>
         <wf lemma="skozi" pos="X">skozi</wf>
         <wf lemma="čas" pos="X">čas</wf>
         <wf lemma="in" pos="X">in</wf>
         <instance id="d000.s1897.t000" lemma="prostor" pos="NOUN">prostor</instance>
         <wf lemma="," pos="X">,</wf>
         <wf lemma="skušajo" pos="X">skušajo</wf>
         <wf lemma="nam" pos="X">nam</wf>
         <wf lemma="predstaviti" pos="X">predstaviti</wf>
         <wf lemma="bogato" pos="X">bogato</wf>
         <wf lemma="zgodovino" pos="X">zgodovino</wf>
         <wf lemma="in" pos="X">in</wf>
         <wf lemma="manj" pos="X">manj</wf>
         <wf lemma="znano" pos="X">znano</wf>
         <wf lemma="bogastvo" pos="X">bogastvo</wf>
         <wf lemma="Roga" pos="X">Roga</wf>
         <wf lemma="." pos="X">.</wf>
      </sentence>
      <sentence id="d000.s1898" source="wordnet-slovenian">
         <wf lemma="-" pos="X">-</wf>
         <instance id="d000.s1898.t000" lemma="član" pos="NOUN">Člani</instance>
         <wf lemma="slovenskega" pos="X">slovenskega</wf>
         <wf lemma="etapnega" pos="X">etapnega</wf>
         <wf lemma="odbora" pos="X">odbora</wf>
         <wf lemma="kolesarske" pos="X">kolesarske</wf>
         <wf lemma="dirke" pos="X">dirke</wf>
         <wf lemma="po" pos="X">po</wf>
         <wf lemma="Italiji" pos="X">Italiji</wf>
         <wf lemma="ter" pos="X">ter</wf>
         <wf lemma="predstavniki" pos="X">predstavniki</wf>
         <wf lemma="slovenske" pos="X">slovenske</wf>
         <wf lemma="in" pos="X">in</wf>
         <wf lemma="italijanske" pos="X">italijanske</wf>
         <wf lemma="carine" pos="X">carine</wf>
         <wf lemma="in" pos="X">in</wf>
         <wf lemma="policije" pos="X">policije</wf>
         <wf lemma="so" pos="X">so</wf>
         <wf lemma="se" pos="X">se</wf>
         <wf lemma="v" pos="X">v</wf>
         <wf lemma="Novi" pos="X">Novi</wf>
         <wf lemma="Gorici" pos="X">Gorici</wf>
         <wf lemma="dogovarjali" pos="X">dogovarjali</wf>
         <wf lemma="o" pos="X">o</wf>
         <wf lemma="režimu" pos="X">režimu</wf>
         <wf lemma="pri" pos="X">pri</wf>
         <wf lemma="prehodu" pos="X">prehodu</wf>
         <wf lemma="državne" pos="X">državne</wf>
         <wf lemma="meje" pos="X">meje</wf>
         <wf lemma="in" pos="X">in</wf>
         <wf lemma="policijskem" pos="X">policijskem</wf>
         <wf lemma="spremstvu" pos="X">spremstvu</wf>
         <wf lemma="dirke" pos="X">dirke</wf>
         <wf lemma="," pos="X">,</wf>
         <wf lemma="ki" pos="X">ki</wf>
         <wf lemma="bo" pos="X">bo</wf>
         <wf lemma="med" pos="X">med</wf>
         <wf lemma="10." pos="X">10.</wf>
         <wf lemma="in" pos="X">in</wf>
         <wf lemma="11." pos="X">11.</wf>
         <wf lemma="etapo" pos="X">etapo</wf>
         <wf lemma="29." pos="X">29.</wf>
         <wf lemma="in" pos="X">in</wf>
         <wf lemma="30." pos="X">30.</wf>
         <wf lemma="maja" pos="X">maja</wf>
         <wf lemma="gostovala" pos="X">gostovala</wf>
         <wf lemma="v" pos="X">v</wf>
         <wf lemma="Sloveniji" pos="X">Sloveniji</wf>
         <wf lemma="." pos="X">.</wf>
      </sentence>
      <sentence id="d000.s1899" source="wordnet-slovenian">
         <wf lemma="Po" pos="X">Po</wf>
         <wf lemma="podatkih" pos="X">podatkih</wf>
         <wf lemma="notranjega" pos="X">notranjega</wf>
         <wf lemma="ministrstva" pos="X">ministrstva</wf>
         <wf lemma="so" pos="X">so</wf>
         <wf lemma="leta" pos="X">leta</wf>
         <wf lemma="1993" pos="X">1993</wf>
         <wf lemma="samo" pos="X">samo</wf>
         <wf lemma="možje" pos="X">možje</wf>
         <wf lemma="," pos="X">,</wf>
         <wf lemma="ljubimci" pos="X">ljubimci</wf>
         <wf lemma="ali" pos="X">ali</wf>
         <wf lemma="bivši" pos="X">bivši</wf>
         <wf lemma="partnerji" pos="X">partnerji</wf>
         <wf lemma="umorili" pos="X">umorili</wf>
         <wf lemma="14.000" pos="X">14.000</wf>
         <instance id="d000.s1899.t000" lemma="ženska" pos="NOUN">žensk</instance>
         <wf lemma="." pos="X">.</wf>
      </sentence>
      <sentence id="d000.s1900" source="wordnet-slovenian">
         <wf lemma="NJEGOV" pos="X">NJEGOV</wf>
         <wf lemma="SPOL" pos="X">SPOL</wf>
         <wf lemma="SO" pos="X">SO</wf>
         <wf lemma="ODKRILI" pos="X">ODKRILI</wf>
         <wf lemma="ŠELE" pos="X">ŠELE</wf>
         <wf lemma="PO" pos="X">PO</wf>
         <wf lemma="SMRTI" pos="X">SMRTI</wf>
         <wf lemma="," pos="X">,</wf>
         <wf lemma="ČEPRAV" pos="X">ČEPRAV</wf>
         <wf lemma="JE" pos="X">JE</wf>
         <wf lemma="ŽE" pos="X">ŽE</wf>
         <instance id="d000.s1900.t000" lemma="vrsta" pos="NOUN">VRSTO</instance>
         <wf lemma="LET" pos="X">LET</wf>
         <wf lemma="ŽIVEL" pos="X">ŽIVEL</wf>
         <wf lemma="Z" pos="X">Z</wf>
         <wf lemma="ŽENSKO" pos="X">ŽENSKO</wf>
         <wf lemma="," pos="X">,</wf>
         <wf lemma="KI" pos="X">KI</wf>
         <wf lemma="PA" pos="X">PA</wf>
         <wf lemma="TUDI" pos="X">TUDI</wf>
         <wf lemma="NI" pos="X">NI</wf>
         <wf lemma="VEDELA" pos="X">VEDELA</wf>
         <wf lemma="ZA" pos="X">ZA</wf>
         <wf lemma="NJEGOV" pos="X">NJEGOV</wf>
         <wf lemma="SPOL" pos="X">SPOL</wf>
         <wf lemma="." pos="X">.</wf>
      </sentence>
      <sentence id="d000.s1901" source="wordnet-slovenian">
         <wf lemma="Taksistu" pos="X">Taksistu</wf>
         <wf lemma="sem" pos="X">sem</wf>
         <wf lemma="rekla" pos="X">rekla</wf>
         <wf lemma="," pos="X">,</wf>
         <wf lemma="da" pos="X">da</wf>
         <wf lemma="boste" pos="X">boste</wf>
         <wf lemma="vi" pos="X">vi</wf>
         <wf lemma="plačali" pos="X">plačali</wf>
         <wf lemma="vožnjo" pos="X">vožnjo</wf>
         <wf lemma="," pos="X">,</wf>
         <wf lemma="ker" pos="X">ker</wf>
         <wf lemma="nimam" pos="X">nimam</wf>
         <instance id="d000.s1901.t000" lemma="denar" pos="NOUN">denarja</instance>
         <wf lemma="." pos="X">.</wf>
      </sentence>
      <sentence id="d000.s1902" source="wordnet-slovenian">
         <wf lemma="Do" pos="X">Do</wf>
         <wf lemma="1." pos="X">1.</wf>
         <wf lemma="maja" pos="X">maja</wf>
         <instance id="d000.s1902.t000" lemma="leto" pos="NOUN">leta</instance>
         <wf lemma="2004" pos="X">2004</wf>
         <wf lemma="," pos="X">,</wf>
         <wf lemma="ko" pos="X">ko</wf>
         <wf lemma="bo" pos="X">bo</wf>
         <wf lemma="Slovenija" pos="X">Slovenija</wf>
         <wf lemma="postala" pos="X">postala</wf>
         <wf lemma="polnopravna" pos="X">polnopravna</wf>
         <wf lemma="članica" pos="X">članica</wf>
         <wf lemma="EU" pos="X">EU</wf>
         <wf lemma="," pos="X">,</wf>
         <wf lemma="pa" pos="X">pa</wf>
         <wf lemma="bo" pos="X">bo</wf>
         <wf lemma="moralo" pos="X">moralo</wf>
         <wf lemma="kmetijsko" pos="X">kmetijsko</wf>
         <wf lemma="ministrstvo" pos="X">ministrstvo</wf>
         <wf lemma="še" pos="X">še</wf>
         <wf lemma="veliko" pos="X">veliko</wf>
         <wf lemma="postoriti" pos="X">postoriti</wf>
         <wf lemma="." pos="X">.</wf>
      </sentence>
      <sentence id="d000.s1903" source="wordnet-slovenian">
         <wf lemma="TA" pos="X">TA</wf>
         <wf lemma="ZAKON" pos="X">ZAKON</wf>
         <wf lemma="JE" pos="X">JE</wf>
         <wf lemma="IZRECNO" pos="X">IZRECNO</wf>
         <wf lemma="DOLOČAL" pos="X">DOLOČAL</wf>
         <wf lemma="," pos="X">,</wf>
         <wf lemma="DA" pos="X">DA</wf>
         <wf lemma="SO" pos="X">SO</wf>
         <wf lemma="VSI" pos="X">VSI</wf>
         <wf lemma="POKLICI" pos="X">POKLICI</wf>
         <wf lemma="IN" pos="X">IN</wf>
         <wf lemma="POLOŽAJI" pos="X">POLOŽAJI</wf>
         <wf lemma="V" pos="X">V</wf>
         <wf lemma="DRŽAVNIH" pos="X">DRŽAVNIH</wf>
         <wf lemma="SLUŽBAH" pos="X">SLUŽBAH</wf>
         <wf lemma="OB" pos="X">OB</wf>
         <wf lemma="IZPOLNJEVANJU" pos="X">IZPOLNJEVANJU</wf>
         <wf lemma="ZAKONSKIH" pos="X">ZAKONSKIH</wf>
         <instance id="d000.s1903.t000" lemma="pogoj" pos="NOUN">POGOJEV</instance>
         <wf lemma="ENAKO" pos="X">ENAKO</wf>
         <wf lemma="DOSTOPNI" pos="X">DOSTOPNI</wf>
         <wf lemma="VSEM" pos="X">VSEM</wf>
         <wf lemma="DRŽAVLJANOM" pos="X">DRŽAVLJANOM</wf>
         <wf lemma="," pos="X">,</wf>
         <wf lemma="TUJCI" pos="X">TUJCI</wf>
         <wf lemma="PA" pos="X">PA</wf>
         <wf lemma="SO" pos="X">SO</wf>
         <wf lemma="SMELI" pos="X">SMELI</wf>
         <wf lemma="BITI" pos="X">BITI</wf>
         <wf lemma="SPREJETI" pos="X">SPREJETI</wf>
         <wf lemma="V" pos="X">V</wf>
         <wf lemma="DRŽAVNO" pos="X">DRŽAVNO</wf>
         <wf lemma="SLUŽBO" pos="X">SLUŽBO</wf>
         <wf lemma="LE" pos="X">LE</wf>
         <wf lemma="PO" pos="X">PO</wf>
         <wf lemma="POGODBI" pos="X">POGODBI</wf>
         <wf lemma="." pos="X">.</wf>
      </sentence>
      <sentence id="d000.s1904" source="wordnet-slovenian">
         <wf lemma="Verjetno" pos="X">Verjetno</wf>
         <wf lemma="ga" pos="X">ga</wf>
         <instance id="d000.s1904.t000" lemma="delo" pos="NOUN">delo</instance>
         <wf lemma="v" pos="X">v</wf>
         <wf lemma="eksperimentalnem" pos="X">eksperimentalnem</wf>
         <wf lemma="gledališču" pos="X">gledališču</wf>
         <wf lemma="," pos="X">,</wf>
         <wf lemma="kot" pos="X">kot</wf>
         <wf lemma="smo" pos="X">smo</wf>
         <wf lemma="si" pos="X">si</wf>
         <wf lemma="ga" pos="X">ga</wf>
         <wf lemma="predstavljali" pos="X">predstavljali</wf>
         <wf lemma="mi" pos="X">mi</wf>
         <wf lemma="," pos="X">,</wf>
         <wf lemma="ni" pos="X">ni</wf>
         <wf lemma="pretirano" pos="X">pretirano</wf>
         <wf lemma="zanimalo" pos="X">zanimalo</wf>
         <wf lemma="." pos="X">.</wf>
      </sentence>
      <sentence id="d000.s1905" source="wordnet-slovenian">
         <wf lemma="Današnji" pos="X">Današnji</wf>
         <wf lemma="tempo" pos="X">tempo</wf>
         <wf lemma="stvari" pos="X">stvari</wf>
         <wf lemma="spreminja" pos="X">spreminja</wf>
         <wf lemma="vsak" pos="X">vsak</wf>
         <instance id="d000.s1905.t000" lemma="mesec" pos="NOUN">mesec</instance>
         <wf lemma="," pos="X">,</wf>
         <wf lemma="vprašanje" pos="X">vprašanje</wf>
         <wf lemma="pa" pos="X">pa</wf>
         <wf lemma="je" pos="X">je</wf>
         <wf lemma="," pos="X">,</wf>
         <wf lemma="kdaj" pos="X">kdaj</wf>
         <wf lemma="se" pos="X">se</wf>
         <wf lemma="splača" pos="X">splača</wf>
         <wf lemma="obnoviti" pos="X">obnoviti</wf>
         <wf lemma="knjižno" pos="X">knjižno</wf>
         <wf lemma="obliko" pos="X">obliko</wf>
         <wf lemma="in" pos="X">in</wf>
         <wf lemma="ali" pos="X">ali</wf>
         <wf lemma="je" pos="X">je</wf>
         <wf lemma="perioda" pos="X">perioda</wf>
         <wf lemma="petih" pos="X">petih</wf>
         <wf lemma="let" pos="X">let</wf>
         <wf lemma="za" pos="X">za</wf>
         <wf lemma="to" pos="X">to</wf>
         <wf lemma="prekratka" pos="X">prekratka</wf>
         <wf lemma="." pos="X">.</wf>
      </sentence>
      <sentence id="d000.s1906" source="wordnet-slovenian">
         <instance id="d000.s1906.t000" lemma="ženska" pos="NOUN">ŽENSKA</instance>
         <wf lemma="SE" pos="X">SE</wf>
         <wf lemma="ZAOBLJUBI" pos="X">ZAOBLJUBI</wf>
         <wf lemma="V" pos="X">V</wf>
         <wf lemma="SVOJEM" pos="X">SVOJEM</wf>
         <wf lemma="ALI" pos="X">ALI</wf>
         <wf lemma="HČERINEM" pos="X">HČERINEM</wf>
         <wf lemma="IMENU" pos="X">IMENU</wf>
         <wf lemma="," pos="X">,</wf>
         <wf lemma="DA" pos="X">DA</wf>
         <wf lemma="BO" pos="X">BO</wf>
         <wf lemma="SKLENILA" pos="X">SKLENILA</wf>
         <wf lemma="SIGHEH" pos="X">SIGHEH</wf>
         <wf lemma="Z" pos="X">Z</wf>
         <wf lemma="VERSKIM" pos="X">VERSKIM</wf>
         <wf lemma="VODJEM" pos="X">VODJEM</wf>
         <wf lemma="," pos="X">,</wf>
         <wf lemma="NAJVEČKRAT" pos="X">NAJVEČKRAT</wf>
         <wf lemma="S" pos="X">S</wf>
         <wf lemma="SAYYIDOM" pos="X">SAYYIDOM</wf>
         <wf lemma="," pos="X">,</wf>
         <wf lemma="KI" pos="X">KI</wf>
         <wf lemma="JE" pos="X">JE</wf>
         <wf lemma="PREROKOV" pos="X">PREROKOV</wf>
         <wf lemma="POTOMEC" pos="X">POTOMEC</wf>
         <wf lemma="." pos="X">.</wf>
      </sentence>
      <sentence id="d000.s1907" source="wordnet-slovenian">
         <wf lemma="Bolezen" pos="X">Bolezen</wf>
         <wf lemma="norih" pos="X">norih</wf>
         <wf lemma="krav" pos="X">krav</wf>
         <wf lemma="(" pos="X">(</wf>
         <wf lemma="BSE" pos="X">BSE</wf>
         <wf lemma="-" pos="X">-</wf>
         <wf lemma="Bovine" pos="X">Bovine</wf>
         <wf lemma="Spongiforme" pos="X">Spongiforme</wf>
         <wf lemma="Enzephalophatie" pos="X">Enzephalophatie</wf>
         <wf lemma=")" pos="X">)</wf>
         <wf lemma="vsesplošno" pos="X">vsesplošno</wf>
         <wf lemma="vznemirja" pos="X">vznemirja</wf>
         <wf lemma="ljudi" pos="X">ljudi</wf>
         <wf lemma="tako" pos="X">tako</wf>
         <wf lemma="po" pos="X">po</wf>
         <instance id="d000.s1907.t000" lemma="svet" pos="NOUN">svetu</instance>
         <wf lemma="kot" pos="X">kot</wf>
         <wf lemma="tudi" pos="X">tudi</wf>
         <wf lemma="pri" pos="X">pri</wf>
         <wf lemma="nas" pos="X">nas</wf>
         <wf lemma="." pos="X">.</wf>
      </sentence>
      <sentence id="d000.s1908" source="wordnet-slovenian">
         <wf lemma="Autosport" pos="X">Autosport</wf>
         <wf lemma="poroča" pos="X">poroča</wf>
         <wf lemma="," pos="X">,</wf>
         <wf lemma="da" pos="X">da</wf>
         <wf lemma="je" pos="X">je</wf>
         <wf lemma="posel" pos="X">posel</wf>
         <wf lemma="sklenjen" pos="X">sklenjen</wf>
         <wf lemma="," pos="X">,</wf>
         <wf lemma="čaka" pos="X">čaka</wf>
         <wf lemma="se" pos="X">se</wf>
         <wf lemma="le" pos="X">le</wf>
         <wf lemma="še" pos="X">še</wf>
         <wf lemma="na" pos="X">na</wf>
         <wf lemma="uradno" pos="X">uradno</wf>
         <wf lemma="potrditev" pos="X">potrditev</wf>
         <wf lemma="," pos="X">,</wf>
         <wf lemma="ki" pos="X">ki</wf>
         <wf lemma="naj" pos="X">naj</wf>
         <wf lemma="bi" pos="X">bi</wf>
         <wf lemma="prišla" pos="X">prišla</wf>
         <wf lemma="v" pos="X">v</wf>
         <wf lemma="naslednjih" pos="X">naslednjih</wf>
         <instance id="d000.s1908.t000" lemma="dan" pos="NOUN">dneh</instance>
         <wf lemma="." pos="X">.</wf>
      </sentence>
      <sentence id="d000.s1909" source="wordnet-slovenian">
         <wf lemma="V" pos="X">V</wf>
         <wf lemma="drugih" pos="X">drugih</wf>
         <wf lemma="dveh" pos="X">dveh</wf>
         <wf lemma="Asovih" pos="X">Asovih</wf>
         <instance id="d000.s1909.t000" lemma="prostor" pos="NOUN">prostorih</instance>
         <wf lemma="," pos="X">,</wf>
         <wf lemma="zimskem" pos="X">zimskem</wf>
         <wf lemma="vrtu" pos="X">vrtu</wf>
         <wf lemma="in" pos="X">in</wf>
         <wf lemma="spodnjih" pos="X">spodnjih</wf>
         <wf lemma="," pos="X">,</wf>
         <wf lemma="klubskih" pos="X">klubskih</wf>
         <wf lemma="," pos="X">,</wf>
         <wf lemma="so" pos="X">so</wf>
         <wf lemma="napovedali" pos="X">napovedali</wf>
         <wf lemma="skromnejšo" pos="X">skromnejšo</wf>
         <wf lemma="večerjo" pos="X">večerjo</wf>
         <wf lemma="(" pos="X">(</wf>
         <wf lemma="s" pos="X">s</wf>
         <wf lemma="pijačo" pos="X">pijačo</wf>
         <wf lemma="dobrodošlice" pos="X">dobrodošlice</wf>
         <wf lemma="in" pos="X">in</wf>
         <wf lemma="penino" pos="X">penino</wf>
         <wf lemma="opolnoči" pos="X">opolnoči</wf>
         <wf lemma=")" pos="X">)</wf>
         <wf lemma="za" pos="X">za</wf>
         <wf lemma="13.000" pos="X">13.000</wf>
         <wf lemma="tolarjev" pos="X">tolarjev</wf>
         <wf lemma="." pos="X">.</wf>
      </sentence>
      <sentence id="d000.s1910" source="wordnet-slovenian">
         <wf lemma="V" pos="X">V</wf>
         <wf lemma="zadnjih" pos="X">zadnjih</wf>
         <wf lemma="20" pos="X">20</wf>
         <instance id="d000.s1910.t000" lemma="leto" pos="NOUN">letih</instance>
         <wf lemma="so" pos="X">so</wf>
         <wf lemma="se" pos="X">se</wf>
         <wf lemma="ti" pos="X">ti</wf>
         <wf lemma="cilji" pos="X">cilji</wf>
         <wf lemma="stalno" pos="X">stalno</wf>
         <wf lemma="spreminjali" pos="X">spreminjali</wf>
         <wf lemma="." pos="X">.</wf>
      </sentence>
      <sentence id="d000.s1911" source="wordnet-slovenian">
         <wf lemma="Tako" pos="X">Tako</wf>
         <wf lemma="je" pos="X">je</wf>
         <wf lemma="velika" pos="X">velika</wf>
         <wf lemma="," pos="X">,</wf>
         <wf lemma="korenine" pos="X">korenine</wf>
         <wf lemma="je" pos="X">je</wf>
         <wf lemma="razrasla" pos="X">razrasla</wf>
         <wf lemma="na" pos="X">na</wf>
         <wf lemma="vse" pos="X">vse</wf>
         <instance id="d000.s1911.t000" lemma="stran" pos="NOUN">strani</instance>
         <wf lemma="," pos="X">,</wf>
         <wf lemma="pravi" pos="X">pravi</wf>
         <wf lemma="," pos="X">,</wf>
         <wf lemma="in" pos="X">in</wf>
         <wf lemma="tako" pos="X">tako</wf>
         <wf lemma="razkošatila" pos="X">razkošatila</wf>
         <wf lemma="krošnjo" pos="X">krošnjo</wf>
         <wf lemma="," pos="X">,</wf>
         <wf lemma="da" pos="X">da</wf>
         <wf lemma="meče" pos="X">meče</wf>
         <wf lemma="senco" pos="X">senco</wf>
         <wf lemma="celo" pos="X">celo</wf>
         <wf lemma="na" pos="X">na</wf>
         <wf lemma="bližnjo" pos="X">bližnjo</wf>
         <wf lemma="njivo" pos="X">njivo</wf>
         <wf lemma="koruze" pos="X">koruze</wf>
         <wf lemma="." pos="X">.</wf>
      </sentence>
      <sentence id="d000.s1912" source="wordnet-slovenian">
         <wf lemma="Ognjeni" pos="X">Ognjeni</wf>
         <wf lemma="zublji" pos="X">zublji</wf>
         <wf lemma="so" pos="X">so</wf>
         <wf lemma="se" pos="X">se</wf>
         <wf lemma="hitro" pos="X">hitro</wf>
         <wf lemma="razširili" pos="X">razširili</wf>
         <wf lemma="na" pos="X">na</wf>
         <wf lemma="bližnjo" pos="X">bližnjo</wf>
         <wf lemma="stanovanjsko" pos="X">stanovanjsko</wf>
         <instance id="d000.s1912.t000" lemma="hiša" pos="NOUN">hišo</instance>
         <wf lemma="in" pos="X">in</wf>
         <wf lemma="v" pos="X">v</wf>
         <wf lemma="celoti" pos="X">celoti</wf>
         <wf lemma="uničili" pos="X">uničili</wf>
         <wf lemma="leseno" pos="X">leseno</wf>
         <wf lemma="ostrešje" pos="X">ostrešje</wf>
         <wf lemma="." pos="X">.</wf>
      </sentence>
      <sentence id="d000.s1913" source="wordnet-slovenian">
         <wf lemma="Prababica" pos="X">Prababica</wf>
         <wf lemma="Olga" pos="X">Olga</wf>
         <wf lemma="," pos="X">,</wf>
         <wf lemma="ki" pos="X">ki</wf>
         <wf lemma="si" pos="X">si</wf>
         <wf lemma="je" pos="X">je</wf>
         <wf lemma="prišla" pos="X">prišla</wf>
         <wf lemma="pogledat" pos="X">pogledat</wf>
         <wf lemma="svojo" pos="X">svojo</wf>
         <wf lemma="vnukinjo" pos="X">vnukinjo</wf>
         <wf lemma="," pos="X">,</wf>
         <wf lemma="je" pos="X">je</wf>
         <wf lemma="postala" pos="X">postala</wf>
         <wf lemma="nostalgična" pos="X">nostalgična</wf>
         <wf lemma=":" pos="X">:</wf>
         <wf lemma="To" pos="X">To</wf>
         <wf lemma="me" pos="X">me</wf>
         <wf lemma="spominja" pos="X">spominja</wf>
         <wf lemma="na" pos="X">na</wf>
         <wf lemma="moj" pos="X">moj</wf>
         <wf lemma="maturantski" pos="X">maturantski</wf>
         <wf lemma="ples" pos="X">ples</wf>
         <wf lemma="," pos="X">,</wf>
         <wf lemma="glasba" pos="X">glasba</wf>
         <wf lemma="in" pos="X">in</wf>
         <wf lemma="četvorka" pos="X">četvorka</wf>
         <wf lemma="sta" pos="X">sta</wf>
         <wf lemma="me" pos="X">me</wf>
         <wf lemma="popeljali" pos="X">popeljali</wf>
         <wf lemma="v" pos="X">v</wf>
         <wf lemma="moja" pos="X">moja</wf>
         <wf lemma="najstniška" pos="X">najstniška</wf>
         <instance id="d000.s1913.t000" lemma="leto" pos="NOUN">leta</instance>
         <wf lemma="." pos="X">.</wf>
      </sentence>
      <sentence id="d000.s1914" source="wordnet-slovenian">
         <wf lemma="Brigači" pos="X">Brigači</wf>
         <wf lemma="torej" pos="X">torej</wf>
         <wf lemma="niso" pos="X">niso</wf>
         <wf lemma="samo" pos="X">samo</wf>
         <wf lemma="klobase" pos="X">klobase</wf>
         <wf lemma="na" pos="X">na</wf>
         <wf lemma="dnu" pos="X">dnu</wf>
         <wf lemma="morja" pos="X">morja</wf>
         <wf lemma="," pos="X">,</wf>
         <wf lemma="le" pos="X">le</wf>
         <wf lemma="njihovo" pos="X">njihovo</wf>
         <instance id="d000.s1914.t000" lemma="življenje" pos="NOUN">življenje</instance>
         <wf lemma="je" pos="X">je</wf>
         <wf lemma="malce" pos="X">malce</wf>
         <wf lemma="bolj" pos="X">bolj</wf>
         <wf lemma="umirjeno" pos="X">umirjeno</wf>
         <wf lemma="," pos="X">,</wf>
         <wf lemma="kot" pos="X">kot</wf>
         <wf lemma="smo" pos="X">smo</wf>
         <wf lemma="ga" pos="X">ga</wf>
         <wf lemma="vajeni" pos="X">vajeni</wf>
         <wf lemma="." pos="X">.</wf>
      </sentence>
      <sentence id="d000.s1915" source="wordnet-slovenian">
         <wf lemma="V" pos="X">V</wf>
         <wf lemma="Ameriki" pos="X">Ameriki</wf>
         <wf lemma="imajo" pos="X">imajo</wf>
         <wf lemma="že" pos="X">že</wf>
         <wf lemma="kar" pos="X">kar</wf>
         <wf lemma="v" pos="X">v</wf>
         <wf lemma="40" pos="X">40</wf>
         <wf lemma="odstotkih" pos="X">odstotkih</wf>
         <instance id="d000.s1915.t000" lemma="podjetje" pos="NOUN">podjetij</instance>
         <wf lemma="za" pos="X">za</wf>
         <wf lemma="potencialne" pos="X">potencialne</wf>
         <wf lemma="kandidate" pos="X">kandidate</wf>
         <wf lemma="pred" pos="X">pred</wf>
         <wf lemma="sprejemom" pos="X">sprejemom</wf>
         <wf lemma="v" pos="X">v</wf>
         <wf lemma="službo" pos="X">službo</wf>
         <wf lemma="pripravljene" pos="X">pripravljene</wf>
         <wf lemma="teste" pos="X">teste</wf>
         <wf lemma="na" pos="X">na</wf>
         <wf lemma="drogo" pos="X">drogo</wf>
         <wf lemma="." pos="X">.</wf>
      </sentence>
      <sentence id="d000.s1916" source="wordnet-slovenian">
         <wf lemma="Muzej" pos="X">Muzej</wf>
         <wf lemma="je" pos="X">je</wf>
         <wf lemma="imel" pos="X">imel</wf>
         <wf lemma="prve" pos="X">prve</wf>
         <wf lemma="razstavne" pos="X">razstavne</wf>
         <wf lemma="in" pos="X">in</wf>
         <wf lemma="delovne" pos="X">delovne</wf>
         <wf lemma="prostore" pos="X">prostore</wf>
         <wf lemma="v" pos="X">v</wf>
         <wf lemma="Žleznikarjevi" pos="X">Žleznikarjevi</wf>
         <instance id="d000.s1916.t000" lemma="hiša" pos="NOUN">hiši</instance>
         <wf lemma="na" pos="X">na</wf>
         <wf lemma="slovenjegraškem" pos="X">slovenjegraškem</wf>
         <wf lemma="Trgu" pos="X">Trgu</wf>
         <wf lemma="svobode" pos="X">svobode</wf>
         <wf lemma="." pos="X">.</wf>
      </sentence>
      <sentence id="d000.s1917" source="wordnet-slovenian">
         <wf lemma="TELIČKO" pos="X">TELIČKO</wf>
         <wf lemma="," pos="X">,</wf>
         <wf lemma="črnobelo" pos="X">črnobelo</wf>
         <wf lemma="," pos="X">,</wf>
         <wf lemma="od" pos="X">od</wf>
         <wf lemma="dobre" pos="X">dobre</wf>
         <wf lemma="molznice" pos="X">molznice</wf>
         <wf lemma="," pos="X">,</wf>
         <wf lemma="staro" pos="X">staro</wf>
         <wf lemma="3" pos="X">3</wf>
         <instance id="d000.s1917.t000" lemma="teden" pos="NOUN">tedne</instance>
         <wf lemma="prodam" pos="X">prodam</wf>
         <wf lemma="ali" pos="X">ali</wf>
         <wf lemma="zamenjam" pos="X">zamenjam</wf>
         <wf lemma="za" pos="X">za</wf>
         <wf lemma="smrekove" pos="X">smrekove</wf>
         <wf lemma="plohe" pos="X">plohe</wf>
         <wf lemma="." pos="X">.</wf>
      </sentence>
      <sentence id="d000.s1918" source="wordnet-slovenian">
         <wf lemma="*" pos="X">*</wf>
         <wf lemma="Če" pos="X">Če</wf>
         <wf lemma="ste" pos="X">ste</wf>
         <wf lemma="si" pos="X">si</wf>
         <wf lemma="poškodovali" pos="X">poškodovali</wf>
         <wf lemma="koleno" pos="X">koleno</wf>
         <wf lemma="," pos="X">,</wf>
         <wf lemma="priporočajo" pos="X">priporočajo</wf>
         <wf lemma="zdravniki" pos="X">zdravniki</wf>
         <wf lemma="t." pos="X">t.</wf>
         <wf lemma="i." pos="X">i.</wf>
         <instance id="d000.s1918.t000" lemma="program" pos="NOUN">program</instance>
         <wf lemma="PLOD" pos="X">PLOD</wf>
         <wf lemma="(" pos="X">(</wf>
         <wf lemma="počitek" pos="X">počitek</wf>
         <wf lemma="," pos="X">,</wf>
         <wf lemma="led" pos="X">led</wf>
         <wf lemma="," pos="X">,</wf>
         <wf lemma="obveza" pos="X">obveza</wf>
         <wf lemma="in" pos="X">in</wf>
         <wf lemma="dvig" pos="X">dvig</wf>
         <wf lemma=")" pos="X">)</wf>
         <wf lemma="(" pos="X">(</wf>
         <wf lemma="gl" pos="X">gl</wf>
         <wf lemma="." pos="X">.</wf>
      </sentence>
      <sentence id="d000.s1919" source="wordnet-slovenian">
         <wf lemma="Gotovo" pos="X">Gotovo</wf>
         <wf lemma="vam" pos="X">vam</wf>
         <wf lemma="bo" pos="X">bo</wf>
         <wf lemma="dovolila" pos="X">dovolila</wf>
         <wf lemma="," pos="X">,</wf>
         <wf lemma="da" pos="X">da</wf>
         <wf lemma="s" pos="X">s</wf>
         <instance id="d000.s1919.t000" lemma="pogled" pos="NOUN">pogledom</instance>
         <wf lemma="ujamete" pos="X">ujamete</wf>
         <wf lemma="njene" pos="X">njene</wf>
         <wf lemma="noge" pos="X">noge</wf>
         <wf lemma="." pos="X">.</wf>
      </sentence>
      <sentence id="d000.s1920" source="wordnet-slovenian">
         <wf lemma="Glede" pos="X">Glede</wf>
         <wf lemma="zadnjega" pos="X">zadnjega</wf>
         <wf lemma="dela" pos="X">dela</wf>
         <instance id="d000.s1920.t000" lemma="vprašanje" pos="NOUN">vprašanja</instance>
         <wf lemma="vam" pos="X">vam</wf>
         <wf lemma="moram" pos="X">moram</wf>
         <wf lemma="priznati" pos="X">priznati</wf>
         <wf lemma="," pos="X">,</wf>
         <wf lemma="da" pos="X">da</wf>
         <wf lemma="o" pos="X">o</wf>
         <wf lemma="tem" pos="X">tem</wf>
         <wf lemma="problemu" pos="X">problemu</wf>
         <wf lemma="še" pos="X">še</wf>
         <wf lemma="nisem" pos="X">nisem</wf>
         <wf lemma="nič" pos="X">nič</wf>
         <wf lemma="slišal" pos="X">slišal</wf>
         <wf lemma="." pos="X">.</wf>
      </sentence>
      <sentence id="d000.s1921" source="wordnet-slovenian">
         <wf lemma="Besedila" pos="X">Besedila</wf>
         <wf lemma="in" pos="X">in</wf>
         <wf lemma="fotografije" pos="X">fotografije</wf>
         <wf lemma="," pos="X">,</wf>
         <wf lemma="ki" pos="X">ki</wf>
         <wf lemma="slavijo" pos="X">slavijo</wf>
         <wf lemma="lepoto" pos="X">lepoto</wf>
         <wf lemma="Triglava" pos="X">Triglava</wf>
         <wf lemma="," pos="X">,</wf>
         <wf lemma="je" pos="X">je</wf>
         <wf lemma="za" pos="X">za</wf>
         <instance id="d000.s1921.t000" lemma="knjiga" pos="NOUN">knjigo</instance>
         <wf lemma="Triglav" pos="X">Triglav</wf>
         <wf lemma="," pos="X">,</wf>
         <wf lemma="Sveta" pos="X">Sveta</wf>
         <wf lemma="gora" pos="X">gora</wf>
         <wf lemma="Slovencev" pos="X">Slovencev</wf>
         <wf lemma="," pos="X">,</wf>
         <wf lemma="ki" pos="X">ki</wf>
         <wf lemma="je" pos="X">je</wf>
         <wf lemma="izšla" pos="X">izšla</wf>
         <wf lemma="pri" pos="X">pri</wf>
         <wf lemma="Založbi" pos="X">Založbi</wf>
         <wf lemma="Mladinska" pos="X">Mladinska</wf>
         <wf lemma="knjiga" pos="X">knjiga</wf>
         <wf lemma="," pos="X">,</wf>
         <wf lemma="izbral" pos="X">izbral</wf>
         <wf lemma="France" pos="X">France</wf>
         <wf lemma="Stele" pos="X">Stele</wf>
         <wf lemma="." pos="X">.</wf>
      </sentence>
      <sentence id="d000.s1922" source="wordnet-slovenian">
         <wf lemma="Izbruhnil" pos="X">Izbruhnil</wf>
         <wf lemma="je" pos="X">je</wf>
         <wf lemma="velik" pos="X">velik</wf>
         <wf lemma="škandal" pos="X">škandal</wf>
         <wf lemma="," pos="X">,</wf>
         <wf lemma="disciplinska" pos="X">disciplinska</wf>
         <instance id="d000.s1922.t000" lemma="komisija" pos="NOUN">komisija</instance>
         <wf lemma="združenja" pos="X">združenja</wf>
         <wf lemma="ameriškega" pos="X">ameriškega</wf>
         <wf lemma="nogometa" pos="X">nogometa</wf>
         <wf lemma="pa" pos="X">pa</wf>
         <wf lemma="je" pos="X">je</wf>
         <wf lemma="sporočila" pos="X">sporočila</wf>
         <wf lemma="," pos="X">,</wf>
         <wf lemma="da" pos="X">da</wf>
         <wf lemma="proti" pos="X">proti</wf>
         <wf lemma="osumljenim" pos="X">osumljenim</wf>
         <wf lemma="igralcem" pos="X">igralcem</wf>
         <wf lemma="ne" pos="X">ne</wf>
         <wf lemma="bo" pos="X">bo</wf>
         <wf lemma="ukrepala" pos="X">ukrepala</wf>
         <wf lemma="," pos="X">,</wf>
         <wf lemma="dokler" pos="X">dokler</wf>
         <wf lemma="svojega" pos="X">svojega</wf>
         <wf lemma="ne" pos="X">ne</wf>
         <wf lemma="bo" pos="X">bo</wf>
         <wf lemma="povedalo" pos="X">povedalo</wf>
         <wf lemma="sodišče" pos="X">sodišče</wf>
         <wf lemma="." pos="X">.</wf>
      </sentence>
      <sentence id="d000.s1923" source="wordnet-slovenian">
         <wf lemma="DDV" pos="X">DDV</wf>
         <wf lemma="z" pos="X">z</wf>
         <wf lemma="omenjenima" pos="X">omenjenima</wf>
         <wf lemma="stopnjama" pos="X">stopnjama</wf>
         <wf lemma="in" pos="X">in</wf>
         <wf lemma="trošarine" pos="X">trošarine</wf>
         <wf lemma="," pos="X">,</wf>
         <wf lemma="katerih" pos="X">katerih</wf>
         <wf lemma="uvedbo" pos="X">uvedbo</wf>
         <wf lemma="tudi" pos="X">tudi</wf>
         <wf lemma="predlaga" pos="X">predlaga</wf>
         <instance id="d000.s1923.t000" lemma="vlada" pos="NOUN">vlada</instance>
         <wf lemma="," pos="X">,</wf>
         <wf lemma="naj" pos="X">naj</wf>
         <wf lemma="bi" pos="X">bi</wf>
         <wf lemma="s" pos="X">s</wf>
         <wf lemma="stališča" pos="X">stališča</wf>
         <wf lemma="proračunskih" pos="X">proračunskih</wf>
         <wf lemma="prilivov" pos="X">prilivov</wf>
         <wf lemma="zagotovili" pos="X">zagotovili</wf>
         <wf lemma="toliko" pos="X">toliko</wf>
         <wf lemma="sredstev" pos="X">sredstev</wf>
         <wf lemma="(" pos="X">(</wf>
         <wf lemma="skupaj" pos="X">skupaj</wf>
         <wf lemma="13,7" pos="X">13,7</wf>
         <wf lemma="odstotka" pos="X">odstotka</wf>
         <wf lemma="BDP" pos="X">BDP</wf>
         <wf lemma=")" pos="X">)</wf>
         <wf lemma="," pos="X">,</wf>
         <wf lemma="kot" pos="X">kot</wf>
         <wf lemma="jih" pos="X">jih</wf>
         <wf lemma="zdaj" pos="X">zdaj</wf>
         <wf lemma="zagotavlja" pos="X">zagotavlja</wf>
         <wf lemma="prometni" pos="X">prometni</wf>
         <wf lemma="davek" pos="X">davek</wf>
         <wf lemma="." pos="X">.</wf>
      </sentence>
      <sentence id="d000.s1924" source="wordnet-slovenian">
         <wf lemma="Ko" pos="X">Ko</wf>
         <wf lemma="jo" pos="X">jo</wf>
         <wf lemma="je" pos="X">je</wf>
         <wf lemma="dobil" pos="X">dobil</wf>
         <wf lemma="Bojan" pos="X">Bojan</wf>
         <wf lemma="Tokič" pos="X">Tokič</wf>
         <wf lemma="," pos="X">,</wf>
         <wf lemma="pa" pos="X">pa</wf>
         <wf lemma="je" pos="X">je</wf>
         <wf lemma="moral" pos="X">moral</wf>
         <wf lemma="matični" pos="X">matični</wf>
         <instance id="d000.s1924.t000" lemma="klub" pos="NOUN">klub</instance>
         <wf lemma="Maximarket" pos="X">Maximarket</wf>
         <wf lemma="Olimpija" pos="X">Olimpija</wf>
         <wf lemma="za" pos="X">za</wf>
         <wf lemma="njegov" pos="X">njegov</wf>
         <wf lemma="nastop" pos="X">nastop</wf>
         <wf lemma="na" pos="X">na</wf>
         <wf lemma="evropskem" pos="X">evropskem</wf>
         <wf lemma="prvenstvu" pos="X">prvenstvu</wf>
         <wf lemma="plačati" pos="X">plačati</wf>
         <wf lemma="blizu" pos="X">blizu</wf>
         <wf lemma="300.000" pos="X">300.000</wf>
         <wf lemma="tolarjev" pos="X">tolarjev</wf>
         <wf lemma="." pos="X">.</wf>
      </sentence>
      <sentence id="d000.s1925" source="wordnet-slovenian">
         <wf lemma="Minister" pos="X">Minister</wf>
         <wf lemma="za" pos="X">za</wf>
         <wf lemma="pravosodje" pos="X">pravosodje</wf>
         <wf lemma="Tomaž" pos="X">Tomaž</wf>
         <wf lemma="Marušič" pos="X">Marušič</wf>
         <wf lemma="meni" pos="X">meni</wf>
         <wf lemma="," pos="X">,</wf>
         <wf lemma="da" pos="X">da</wf>
         <wf lemma="o" pos="X">o</wf>
         <wf lemma="kandidatih" pos="X">kandidatih</wf>
         <wf lemma="za" pos="X">za</wf>
         <wf lemma="generalnega" pos="X">generalnega</wf>
         <wf lemma="državnega" pos="X">državnega</wf>
         <wf lemma="tožilca" pos="X">tožilca</wf>
         <wf lemma="mnenje" pos="X">mnenje</wf>
         <wf lemma="personalne" pos="X">personalne</wf>
         <instance id="d000.s1925.t000" lemma="komisija" pos="NOUN">komisije</instance>
         <wf lemma="tožilstva" pos="X">tožilstva</wf>
         <wf lemma="ni" pos="X">ni</wf>
         <wf lemma="potrebno" pos="X">potrebno</wf>
         <wf lemma="." pos="X">.</wf>
      </sentence>
      <sentence id="d000.s1926" source="wordnet-slovenian">
         <wf lemma="V" pos="X">V</wf>
         <wf lemma="teh" pos="X">teh</wf>
         <wf lemma="dneh" pos="X">dneh</wf>
         <wf lemma="pričakujejo" pos="X">pričakujejo</wf>
         <wf lemma="tudi" pos="X">tudi</wf>
         <wf lemma="pravno" pos="X">pravno</wf>
         <wf lemma="mnenje" pos="X">mnenje</wf>
         <wf lemma="," pos="X">,</wf>
         <wf lemma="ki" pos="X">ki</wf>
         <wf lemma="je" pos="X">je</wf>
         <wf lemma="drugačno" pos="X">drugačno</wf>
         <wf lemma="od" pos="X">od</wf>
         <wf lemma="vladnega" pos="X">vladnega</wf>
         <wf lemma="in" pos="X">in</wf>
         <wf lemma="po" pos="X">po</wf>
         <wf lemma="katerem" pos="X">katerem</wf>
         <wf lemma="naj" pos="X">naj</wf>
         <wf lemma="bi" pos="X">bi</wf>
         <wf lemma="bilo" pos="X">bilo</wf>
         <wf lemma="mogoče" pos="X">mogoče</wf>
         <wf lemma="sanacijski" pos="X">sanacijski</wf>
         <instance id="d000.s1926.t000" lemma="program" pos="NOUN">program</instance>
         <wf lemma="spreminjati" pos="X">spreminjati</wf>
         <wf lemma="tudi" pos="X">tudi</wf>
         <wf lemma="večkrat" pos="X">večkrat</wf>
         <wf lemma="." pos="X">.</wf>
      </sentence>
      <sentence id="d000.s1927" source="wordnet-slovenian">
         <wf lemma="Gospod" pos="X">Gospod</wf>
         <wf lemma="novinar" pos="X">novinar</wf>
         <wf lemma="Miran" pos="X">Miran</wf>
         <wf lemma="Šubic" pos="X">Šubic</wf>
         <wf lemma="je" pos="X">je</wf>
         <wf lemma="23." pos="X">23.</wf>
         <wf lemma="maja" pos="X">maja</wf>
         <wf lemma="1998" pos="X">1998</wf>
         <wf lemma="v" pos="X">v</wf>
         <wf lemma="članku" pos="X">članku</wf>
         <wf lemma="z" pos="X">z</wf>
         <instance id="d000.s1927.t000" lemma="naslov" pos="NOUN">naslovom</instance>
         <wf lemma="&quot;" pos="X">&quot;</wf>
         <wf lemma="Boljši" pos="X">Boljši</wf>
         <wf lemma="Američani" pos="X">Američani</wf>
         <wf lemma="kot" pos="X">kot</wf>
         <wf lemma="sosedje" pos="X">sosedje</wf>
         <wf lemma="&quot;" pos="X">&quot;</wf>
         <wf lemma="zapisal" pos="X">zapisal</wf>
         <wf lemma="," pos="X">,</wf>
         <wf lemma="češ" pos="X">češ</wf>
         <wf lemma="da" pos="X">da</wf>
         <wf lemma="sem" pos="X">sem</wf>
         <wf lemma="izjavil" pos="X">izjavil</wf>
         <wf lemma=":" pos="X">:</wf>
         <wf lemma="&quot;" pos="X">&quot;</wf>
         <wf lemma="Če" pos="X">Če</wf>
         <wf lemma="prihaja" pos="X">prihaja</wf>
         <wf lemma="k" pos="X">k</wf>
         <wf lemma="nam" pos="X">nam</wf>
         <wf lemma="tuji" pos="X">tuji</wf>
         <wf lemma="kapital" pos="X">kapital</wf>
         <wf lemma="," pos="X">,</wf>
         <wf lemma="je" pos="X">je</wf>
         <wf lemma="boljši" pos="X">boljši</wf>
         <wf lemma="ameriški" pos="X">ameriški</wf>
         <wf lemma="," pos="X">,</wf>
         <wf lemma="nemški" pos="X">nemški</wf>
         <wf lemma="ali" pos="X">ali</wf>
         <wf lemma="ruski" pos="X">ruski</wf>
         <wf lemma="!" pos="X">!</wf>
      </sentence>
      <sentence id="d000.s1928" source="wordnet-slovenian">
         <wf lemma="Agenciji" pos="X">Agenciji</wf>
         <wf lemma="se" pos="X">se</wf>
         <wf lemma="branita" pos="X">branita</wf>
         <wf lemma="s" pos="X">s</wf>
         <wf lemma="statistiko" pos="X">statistiko</wf>
         <wf lemma="," pos="X">,</wf>
         <wf lemma="ki" pos="X">ki</wf>
         <wf lemma="dejansko" pos="X">dejansko</wf>
         <wf lemma="kaže" pos="X">kaže</wf>
         <wf lemma="nedvomno" pos="X">nedvomno</wf>
         <instance id="d000.s1928.t000" lemma="zveza" pos="NOUN">zvezo</instance>
         <wf lemma="med" pos="X">med</wf>
         <wf lemma="znižanimi" pos="X">znižanimi</wf>
         <wf lemma="kreditnimi" pos="X">kreditnimi</wf>
         <wf lemma="ocenami" pos="X">ocenami</wf>
         <wf lemma="in" pos="X">in</wf>
         <wf lemma="bankroti" pos="X">bankroti</wf>
         <wf lemma="." pos="X">.</wf>
      </sentence>
      <sentence id="d000.s1929" source="wordnet-slovenian">
         <wf lemma="Sloj" pos="X">Sloj</wf>
         <instance id="d000.s1929.t000" lemma="človek" pos="NOUN">ljudi</instance>
         <wf lemma="," pos="X">,</wf>
         <wf lemma="ki" pos="X">ki</wf>
         <wf lemma="je" pos="X">je</wf>
         <wf lemma="gmotno" pos="X">gmotno</wf>
         <wf lemma="bolje" pos="X">bolje</wf>
         <wf lemma="preskrbljen" pos="X">preskrbljen</wf>
         <wf lemma="," pos="X">,</wf>
         <wf lemma="številčno" pos="X">številčno</wf>
         <wf lemma="pa" pos="X">pa</wf>
         <wf lemma="manjši" pos="X">manjši</wf>
         <wf lemma="," pos="X">,</wf>
         <wf lemma="je" pos="X">je</wf>
         <wf lemma="izpolnil" pos="X">izpolnil</wf>
         <wf lemma="svoje" pos="X">svoje</wf>
         <wf lemma="stanovanjske" pos="X">stanovanjske</wf>
         <wf lemma="načrte" pos="X">načrte</wf>
         <wf lemma="," pos="X">,</wf>
         <wf lemma="zato" pos="X">zato</wf>
         <wf lemma="je" pos="X">je</wf>
         <wf lemma="nastal" pos="X">nastal</wf>
         <wf lemma="presežek" pos="X">presežek</wf>
         <wf lemma="večjih" pos="X">večjih</wf>
         <wf lemma="stanovanj" pos="X">stanovanj</wf>
         <wf lemma="." pos="X">.</wf>
      </sentence>
      <sentence id="d000.s1930" source="wordnet-slovenian">
         <wf lemma="Ekstrem" pos="X">Ekstrem</wf>
         <instance id="d000.s1930.t000" lemma="mesto" pos="NOUN">mesta</instance>
         <wf lemma="." pos="X">.</wf>
      </sentence>
      <sentence id="d000.s1931" source="wordnet-slovenian">
         <wf lemma="Do" pos="X">Do</wf>
         <wf lemma="tega" pos="X">tega</wf>
         <wf lemma="je" pos="X">je</wf>
         <wf lemma="upravičen" pos="X">upravičen</wf>
         <wf lemma="le" pos="X">le</wf>
         <wf lemma="upravljalec" pos="X">upravljalec</wf>
         <wf lemma="javne" pos="X">javne</wf>
         <wf lemma="poti" pos="X">poti</wf>
         <wf lemma="(" pos="X">(</wf>
         <wf lemma="občina" pos="X">občina</wf>
         <wf lemma="," pos="X">,</wf>
         <wf lemma="komunalno" pos="X">komunalno</wf>
         <instance id="d000.s1931.t000" lemma="podjetje" pos="NOUN">podjetje</instance>
         <wf lemma=")" pos="X">)</wf>
         <wf lemma="," pos="X">,</wf>
         <wf lemma="kamor" pos="X">kamor</wf>
         <wf lemma="naslovite" pos="X">naslovite</wf>
         <wf lemma="vaš" pos="X">vaš</wf>
         <wf lemma="zahtevek" pos="X">zahtevek</wf>
         <wf lemma="." pos="X">.</wf>
      </sentence>
      <sentence id="d000.s1932" source="wordnet-slovenian">
         <wf lemma="Potem" pos="X">Potem</wf>
         <wf lemma="je" pos="X">je</wf>
         <wf lemma="za" pos="X">za</wf>
         <wf lemma="nekaj" pos="X">nekaj</wf>
         <instance id="d000.s1932.t000" lemma="čas" pos="NOUN">časa</instance>
         <wf lemma="utihnila" pos="X">utihnila</wf>
         <wf lemma="." pos="X">.</wf>
      </sentence>
      <sentence id="d000.s1933" source="wordnet-slovenian">
         <wf lemma="Odvisno" pos="X">Odvisno</wf>
         <wf lemma="od" pos="X">od</wf>
         <wf lemma="terapevtskega" pos="X">terapevtskega</wf>
         <wf lemma="cilja" pos="X">cilja</wf>
         <wf lemma="nihanja" pos="X">nihanja</wf>
         <wf lemma="informacijo" pos="X">informacijo</wf>
         <wf lemma="oslabijo" pos="X">oslabijo</wf>
         <wf lemma="," pos="X">,</wf>
         <wf lemma="okrepijo" pos="X">okrepijo</wf>
         <wf lemma="ali" pos="X">ali</wf>
         <wf lemma="pa" pos="X">pa</wf>
         <wf lemma="jo" pos="X">jo</wf>
         <wf lemma="postavijo" pos="X">postavijo</wf>
         <wf lemma="na" pos="X">na</wf>
         <instance id="d000.s1933.t000" lemma="glava" pos="NOUN">glavo</instance>
         <wf lemma="(" pos="X">(</wf>
         <wf lemma="invertirajo" pos="X">invertirajo</wf>
         <wf lemma=")" pos="X">)</wf>
         <wf lemma="." pos="X">.</wf>
      </sentence>
      <sentence id="d000.s1934" source="wordnet-slovenian">
         <wf lemma="Točno" pos="X">Točno</wf>
         <wf lemma="ob" pos="X">ob</wf>
         <wf lemma="15." pos="X">15.</wf>
         <instance id="d000.s1934.t000" lemma="ura" pos="NOUN">uri</instance>
         <wf lemma="so" pos="X">so</wf>
         <wf lemma="pari" pos="X">pari</wf>
         <wf lemma="zaplesali" pos="X">zaplesali</wf>
         <wf lemma="četvorko" pos="X">četvorko</wf>
         <wf lemma="," pos="X">,</wf>
         <wf lemma="čeprav" pos="X">čeprav</wf>
         <wf lemma="je" pos="X">je</wf>
         <wf lemma="ravno" pos="X">ravno</wf>
         <wf lemma="takrat" pos="X">takrat</wf>
         <wf lemma="začelo" pos="X">začelo</wf>
         <wf lemma="deževati" pos="X">deževati</wf>
         <wf lemma="." pos="X">.</wf>
      </sentence>
      <sentence id="d000.s1935" source="wordnet-slovenian">
         <wf lemma="Sredi" pos="X">Sredi</wf>
         <wf lemma="osemdesetih" pos="X">osemdesetih</wf>
         <wf lemma="pa" pos="X">pa</wf>
         <wf lemma="je" pos="X">je</wf>
         <wf lemma="v" pos="X">v</wf>
         <wf lemma="kritiki" pos="X">kritiki</wf>
         <wf lemma="samoupravnega" pos="X">samoupravnega</wf>
         <instance id="d000.s1935.t000" lemma="podjetje" pos="NOUN">podjetja</instance>
         <wf lemma="razvil" pos="X">razvil</wf>
         <wf lemma="teorijo" pos="X">teorijo</wf>
         <wf lemma="dinamične" pos="X">dinamične</wf>
         <wf lemma="zmožnosti" pos="X">zmožnosti</wf>
         <wf lemma="podjetja" pos="X">podjetja</wf>
         <wf lemma="," pos="X">,</wf>
         <wf lemma="v" pos="X">v</wf>
         <wf lemma="katere" pos="X">katere</wf>
         <wf lemma="središče" pos="X">središče</wf>
         <wf lemma="je" pos="X">je</wf>
         <wf lemma="postavil" pos="X">postavil</wf>
         <wf lemma="produkcijski" pos="X">produkcijski</wf>
         <wf lemma="faktor" pos="X">faktor</wf>
         <wf lemma="podjetništva" pos="X">podjetništva</wf>
         <wf lemma="." pos="X">.</wf>
      </sentence>
      <sentence id="d000.s1936" source="wordnet-slovenian">
         <wf lemma="Odklenkalo" pos="X">Odklenkalo</wf>
         <wf lemma="pa" pos="X">pa</wf>
         <wf lemma="bi" pos="X">bi</wf>
         <wf lemma="predvsem" pos="X">predvsem</wf>
         <wf lemma="mazačem" pos="X">mazačem</wf>
         <wf lemma="," pos="X">,</wf>
         <wf lemma="ki" pos="X">ki</wf>
         <wf lemma="nepošteno" pos="X">nepošteno</wf>
         <wf lemma="služijo" pos="X">služijo</wf>
         <wf lemma="denar" pos="X">denar</wf>
         <wf lemma="," pos="X">,</wf>
         <wf lemma="težave" pos="X">težave</wf>
         <wf lemma="pacientov" pos="X">pacientov</wf>
         <wf lemma="pa" pos="X">pa</wf>
         <wf lemma="ostajajo" pos="X">ostajajo</wf>
         <wf lemma="," pos="X">,</wf>
         <wf lemma="se" pos="X">se</wf>
         <wf lemma="večajo" pos="X">večajo</wf>
         <wf lemma="in" pos="X">in</wf>
         <wf lemma="celo" pos="X">celo</wf>
         <wf lemma="njihovim" pos="X">njihovim</wf>
         <wf lemma="bližnjim" pos="X">bližnjim</wf>
         <wf lemma="onemogočajo" pos="X">onemogočajo</wf>
         <instance id="d000.s1936.t000" lemma="človek" pos="NOUN">človeka</instance>
         <wf lemma="vredno" pos="X">vredno</wf>
         <wf lemma="življenje" pos="X">življenje</wf>
         <wf lemma="." pos="X">.</wf>
      </sentence>
      <sentence id="d000.s1937" source="wordnet-slovenian">
         <wf lemma="Predstavniki" pos="X">Predstavniki</wf>
         <instance id="d000.s1937.t000" lemma="vlada" pos="NOUN">vlade</instance>
         <wf lemma="pa" pos="X">pa</wf>
         <wf lemma="opozarjajo" pos="X">opozarjajo</wf>
         <wf lemma="," pos="X">,</wf>
         <wf lemma="da" pos="X">da</wf>
         <wf lemma="Bruselj" pos="X">Bruselj</wf>
         <wf lemma="pri" pos="X">pri</wf>
         <wf lemma="čakanju" pos="X">čakanju</wf>
         <wf lemma="na" pos="X">na</wf>
         <wf lemma="naše" pos="X">naše</wf>
         <wf lemma="ukrepe" pos="X">ukrepe</wf>
         <wf lemma="vse" pos="X">vse</wf>
         <wf lemma="pogosteje" pos="X">pogosteje</wf>
         <wf lemma="gleda" pos="X">gleda</wf>
         <wf lemma="na" pos="X">na</wf>
         <wf lemma="uro" pos="X">uro</wf>
         <wf lemma="." pos="X">.</wf>
      </sentence>
      <sentence id="d000.s1938" source="wordnet-slovenian">
         <wf lemma="Ne" pos="X">Ne</wf>
         <wf lemma="mencajte" pos="X">mencajte</wf>
         <wf lemma="oči" pos="X">oči</wf>
         <wf lemma="," pos="X">,</wf>
         <wf lemma="če" pos="X">če</wf>
         <wf lemma="pa" pos="X">pa</wf>
         <wf lemma="to" pos="X">to</wf>
         <wf lemma="vendarle" pos="X">vendarle</wf>
         <wf lemma="storite" pos="X">storite</wf>
         <wf lemma="," pos="X">,</wf>
         <wf lemma="si" pos="X">si</wf>
         <instance id="d000.s1938.t000" lemma="roka" pos="NOUN">roke</instance>
         <wf lemma="umijte" pos="X">umijte</wf>
         <wf lemma="." pos="X">.</wf>
      </sentence>
      <sentence id="d000.s1939" source="wordnet-slovenian">
         <wf lemma="Njegov" pos="X">Njegov</wf>
         <wf lemma="psihični" pos="X">psihični</wf>
         <wf lemma="status" pos="X">status</wf>
         <wf lemma="deluje" pos="X">deluje</wf>
         <wf lemma="iz" pos="X">iz</wf>
         <wf lemma="dveh" pos="X">dveh</wf>
         <wf lemma="nasprotujočih" pos="X">nasprotujočih</wf>
         <wf lemma="si" pos="X">si</wf>
         <instance id="d000.s1939.t000" lemma="možnost" pos="NOUN">možnosti</instance>
         <wf lemma=":" pos="X">:</wf>
         <wf lemma="iz" pos="X">iz</wf>
         <wf lemma="ljubezni" pos="X">ljubezni</wf>
         <wf lemma="ali" pos="X">ali</wf>
         <wf lemma="iz" pos="X">iz</wf>
         <wf lemma="sovraštva" pos="X">sovraštva</wf>
         <wf lemma="." pos="X">.</wf>
      </sentence>
      <sentence id="d000.s1940" source="wordnet-slovenian">
         <wf lemma="In" pos="X">In</wf>
         <wf lemma="tako" pos="X">tako</wf>
         <wf lemma="sta" pos="X">sta</wf>
         <wf lemma="se" pos="X">se</wf>
         <wf lemma="trudili" pos="X">trudili</wf>
         <wf lemma="na" pos="X">na</wf>
         <wf lemma="vse" pos="X">vse</wf>
         <wf lemma="možne" pos="X">možne</wf>
         <instance id="d000.s1940.t000" lemma="način" pos="NOUN">načine</instance>
         <wf lemma="," pos="X">,</wf>
         <wf lemma="da" pos="X">da</wf>
         <wf lemma="bi" pos="X">bi</wf>
         <wf lemma="vedno" pos="X">vedno</wf>
         <wf lemma="bolje" pos="X">bolje</wf>
         <wf lemma="jahali" pos="X">jahali</wf>
         <wf lemma="." pos="X">.</wf>
      </sentence>
      <sentence id="d000.s1941" source="wordnet-slovenian">
         <wf lemma="Slovenci" pos="X">Slovenci</wf>
         <wf lemma="svoji" pos="X">svoji</wf>
         <instance id="d000.s1941.t000" lemma="država" pos="NOUN">državi</instance>
         <wf lemma="često" pos="X">često</wf>
         <wf lemma="očitajo" pos="X">očitajo</wf>
         <wf lemma="požrešnost" pos="X">požrešnost</wf>
         <wf lemma="." pos="X">.</wf>
      </sentence>
      <sentence id="d000.s1942" source="wordnet-slovenian">
         <wf lemma="Ob" pos="X">Ob</wf>
         <wf lemma="praznovanju" pos="X">praznovanju</wf>
         <wf lemma="obletnice" pos="X">obletnice</wf>
         <wf lemma="na" pos="X">na</wf>
         <wf lemma="šoli" pos="X">šoli</wf>
         <wf lemma="že" pos="X">že</wf>
         <wf lemma="vse" pos="X">vse</wf>
         <instance id="d000.s1942.t000" lemma="leto" pos="NOUN">leto</instance>
         <wf lemma="številne" pos="X">številne</wf>
         <wf lemma="kulturne" pos="X">kulturne</wf>
         <wf lemma="prireditve" pos="X">prireditve</wf>
         <wf lemma="in" pos="X">in</wf>
         <wf lemma="strokovna" pos="X">strokovna</wf>
         <wf lemma="srečanja" pos="X">srečanja</wf>
         <wf lemma="-" pos="X">-</wf>
         <wf lemma="V" pos="X">V</wf>
         <wf lemma="novi" pos="X">novi</wf>
         <wf lemma="sodobno" pos="X">sodobno</wf>
         <wf lemma="opremljeni" pos="X">opremljeni</wf>
         <wf lemma="knjižnici" pos="X">knjižnici</wf>
         <wf lemma="bo" pos="X">bo</wf>
         <wf lemma="prostor" pos="X">prostor</wf>
         <wf lemma="tudi" pos="X">tudi</wf>
         <wf lemma="za" pos="X">za</wf>
         <wf lemma="občasne" pos="X">občasne</wf>
         <wf lemma="razstave" pos="X">razstave</wf>
         <wf lemma="in" pos="X">in</wf>
         <wf lemma="manjše" pos="X">manjše</wf>
         <wf lemma="kulturne" pos="X">kulturne</wf>
         <wf lemma="prireditve" pos="X">prireditve</wf>
         <wf lemma="." pos="X">.</wf>
      </sentence>
      <sentence id="d000.s1943" source="wordnet-slovenian">
         <wf lemma="Da" pos="X">Da</wf>
         <wf lemma="sploh" pos="X">sploh</wf>
         <wf lemma="ni" pos="X">ni</wf>
         <wf lemma="padel" pos="X">padel</wf>
         <wf lemma="v" pos="X">v</wf>
         <instance id="d000.s1943.t000" lemma="vojna" pos="NOUN">vojni</instance>
         <wf lemma="." pos="X">.</wf>
      </sentence>
      <sentence id="d000.s1944" source="wordnet-slovenian">
         <wf lemma="Peter" pos="X">Peter</wf>
         <wf lemma="je" pos="X">je</wf>
         <wf lemma="bil" pos="X">bil</wf>
         <wf lemma="star" pos="X">star</wf>
         <wf lemma="osemintrideset" pos="X">osemintrideset</wf>
         <instance id="d000.s1944.t000" lemma="leto" pos="NOUN">let</instance>
         <wf lemma="," pos="X">,</wf>
         <wf lemma="bil" pos="X">bil</wf>
         <wf lemma="je" pos="X">je</wf>
         <wf lemma="doktor" pos="X">doktor</wf>
         <wf lemma="zgodovine" pos="X">zgodovine</wf>
         <wf lemma="in" pos="X">in</wf>
         <wf lemma="skorajda" pos="X">skorajda</wf>
         <wf lemma="briljanten" pos="X">briljanten</wf>
         <wf lemma="." pos="X">.</wf>
      </sentence>
      <sentence id="d000.s1945" source="wordnet-slovenian">
         <wf lemma="Nimam" pos="X">Nimam</wf>
         <instance id="d000.s1945.t000" lemma="pravica" pos="NOUN">pravice</instance>
         <wf lemma="." pos="X">.</wf>
      </sentence>
      <sentence id="d000.s1946" source="wordnet-slovenian">
         <wf lemma="Kako" pos="X">Kako</wf>
         <wf lemma="ocenjujete" pos="X">ocenjujete</wf>
         <wf lemma="tekmo" pos="X">tekmo</wf>
         <wf lemma="," pos="X">,</wf>
         <wf lemma="ki" pos="X">ki</wf>
         <wf lemma="ste" pos="X">ste</wf>
         <wf lemma="jo" pos="X">jo</wf>
         <wf lemma="kljub" pos="X">kljub</wf>
         <wf lemma="temu" pos="X">temu</wf>
         <wf lemma="," pos="X">,</wf>
         <wf lemma="da" pos="X">da</wf>
         <wf lemma="ste" pos="X">ste</wf>
         <wf lemma="tokrat" pos="X">tokrat</wf>
         <wf lemma="igrali" pos="X">igrali</wf>
         <wf lemma="brez" pos="X">brez</wf>
         <wf lemma="Baždarića" pos="X">Baždarića</wf>
         <wf lemma="in" pos="X">in</wf>
         <wf lemma="Rahimića" pos="X">Rahimića</wf>
         <wf lemma="," pos="X">,</wf>
         <wf lemma="dobili" pos="X">dobili</wf>
         <wf lemma="tako" pos="X">tako</wf>
         <wf lemma="zlahka" pos="X">zlahka</wf>
         <wf lemma="in" pos="X">in</wf>
         <wf lemma="kar" pos="X">kar</wf>
         <wf lemma="preveč" pos="X">preveč</wf>
         <wf lemma="gladko" pos="X">gladko</wf>
         <wf lemma="glede" pos="X">glede</wf>
         <wf lemma="na" pos="X">na</wf>
         <wf lemma="izenačena" pos="X">izenačena</wf>
         <wf lemma="srečanja" pos="X">srečanja</wf>
         <wf lemma="z" pos="X">z</wf>
         <wf lemma="Laščani" pos="X">Laščani</wf>
         <wf lemma="v" pos="X">v</wf>
         <wf lemma="tej" pos="X">tej</wf>
         <instance id="d000.s1946.t000" lemma="sezona" pos="NOUN">sezoni</instance>
         <wf lemma="?" pos="X">?</wf>
      </sentence>
      <sentence id="d000.s1947" source="wordnet-slovenian">
         <wf lemma="Kakšno" pos="X">Kakšno</wf>
         <wf lemma="grozno" pos="X">grozno</wf>
         <instance id="d000.s1947.t000" lemma="leto" pos="NOUN">leto</instance>
         <wf lemma="je" pos="X">je</wf>
         <wf lemma="bilo" pos="X">bilo</wf>
         <wf lemma="to" pos="X">to</wf>
         <wf lemma=":" pos="X">:</wf>
         <wf lemma="najprej" pos="X">najprej</wf>
         <wf lemma="je" pos="X">je</wf>
         <wf lemma="umrla" pos="X">umrla</wf>
         <wf lemma="njegova" pos="X">njegova</wf>
         <wf lemma="mama" pos="X">mama</wf>
         <wf lemma="Luciana" pos="X">Luciana</wf>
         <wf lemma="Pavarottija" pos="X">Pavarottija</wf>
         <wf lemma="Adela" pos="X">Adela</wf>
         <wf lemma="," pos="X">,</wf>
         <wf lemma="86" pos="X">86</wf>
         <wf lemma="," pos="X">,</wf>
         <wf lemma="kmalu" pos="X">kmalu</wf>
         <wf lemma="zatem" pos="X">zatem</wf>
         <wf lemma="oče" pos="X">oče</wf>
         <wf lemma="Fernando" pos="X">Fernando</wf>
         <wf lemma="," pos="X">,</wf>
         <wf lemma="89" pos="X">89</wf>
         <wf lemma="," pos="X">,</wf>
         <wf lemma="naposled" pos="X">naposled</wf>
         <wf lemma="pa" pos="X">pa</wf>
         <wf lemma="je" pos="X">je</wf>
         <wf lemma="sloviti" pos="X">sloviti</wf>
         <wf lemma="italijanski" pos="X">italijanski</wf>
         <wf lemma="tenorist" pos="X">tenorist</wf>
         <wf lemma="Luciano" pos="X">Luciano</wf>
         <wf lemma="Pavarotti" pos="X">Pavarotti</wf>
         <wf lemma="točil" pos="X">točil</wf>
         <wf lemma="grenke" pos="X">grenke</wf>
         <wf lemma="solze" pos="X">solze</wf>
         <wf lemma="še" pos="X">še</wf>
         <wf lemma="za" pos="X">za</wf>
         <wf lemma="svojim" pos="X">svojim</wf>
         <wf lemma="sinom" pos="X">sinom</wf>
         <wf lemma="Ricardom" pos="X">Ricardom</wf>
         <wf lemma="," pos="X">,</wf>
         <wf lemma="ki" pos="X">ki</wf>
         <wf lemma="je" pos="X">je</wf>
         <wf lemma="umrl" pos="X">umrl</wf>
         <wf lemma="ob" pos="X">ob</wf>
         <wf lemma="porodu" pos="X">porodu</wf>
         <wf lemma="." pos="X">.</wf>
      </sentence>
      <sentence id="d000.s1948" source="wordnet-slovenian">
         <wf lemma="Med" pos="X">Med</wf>
         <instance id="d000.s1948.t000" lemma="leto" pos="NOUN">leti</instance>
         <wf lemma="1937" pos="X">1937</wf>
         <wf lemma="–" pos="X">–</wf>
         <wf lemma="1941" pos="X">1941</wf>
         <wf lemma="študira" pos="X">študira</wf>
         <wf lemma="na" pos="X">na</wf>
         <wf lemma="Akademiji" pos="X">Akademiji</wf>
         <wf lemma="za" pos="X">za</wf>
         <wf lemma="likovno" pos="X">likovno</wf>
         <wf lemma="umetnost" pos="X">umetnost</wf>
         <wf lemma="v" pos="X">v</wf>
         <wf lemma="Zagrebu" pos="X">Zagrebu</wf>
         <wf lemma="pri" pos="X">pri</wf>
         <wf lemma="prof." pos="X">prof.</wf>
         <wf lemma="Krstu" pos="X">Krstu</wf>
         <wf lemma="Hegedušiću" pos="X">Hegedušiću</wf>
         <wf lemma="(" pos="X">(</wf>
         <wf lemma="risanje" pos="X">risanje</wf>
         <wf lemma=")" pos="X">)</wf>
         <wf lemma="in" pos="X">in</wf>
         <wf lemma="Vladimiru" pos="X">Vladimiru</wf>
         <wf lemma="Beciću" pos="X">Beciću</wf>
         <wf lemma="(" pos="X">(</wf>
         <wf lemma="slikanje" pos="X">slikanje</wf>
         <wf lemma=")" pos="X">)</wf>
         <wf lemma="." pos="X">.</wf>
      </sentence>
      <sentence id="d000.s1949" source="wordnet-slovenian">
         <wf lemma="Če" pos="X">Če</wf>
         <wf lemma="so" pos="X">so</wf>
         <wf lemma="tisti" pos="X">tisti</wf>
         <wf lemma="," pos="X">,</wf>
         <wf lemma="ki" pos="X">ki</wf>
         <wf lemma="so" pos="X">so</wf>
         <wf lemma="preživeli" pos="X">preživeli</wf>
         <wf lemma="Šoah" pos="X">Šoah</wf>
         <wf lemma="v" pos="X">v</wf>
         <wf lemma="petdesetih" pos="X">petdesetih</wf>
         <instance id="d000.s1949.t000" lemma="leto" pos="NOUN">letih</instance>
         <wf lemma="še" pos="X">še</wf>
         <wf lemma="množično" pos="X">množično</wf>
         <wf lemma="trdili" pos="X">trdili</wf>
         <wf lemma="," pos="X">,</wf>
         <wf lemma="da" pos="X">da</wf>
         <wf lemma="je" pos="X">je</wf>
         <wf lemma="pozabljanje" pos="X">pozabljanje</wf>
         <wf lemma="konstitutivno" pos="X">konstitutivno</wf>
         <wf lemma="za" pos="X">za</wf>
         <wf lemma="preživetje" pos="X">preživetje</wf>
         <wf lemma="," pos="X">,</wf>
         <wf lemma="pa" pos="X">pa</wf>
         <wf lemma="spominjanje" pos="X">spominjanje</wf>
         <wf lemma="in" pos="X">in</wf>
         <wf lemma="pripovedovanje" pos="X">pripovedovanje</wf>
         <wf lemma="v" pos="X">v</wf>
         <wf lemma="devetdesetih" pos="X">devetdesetih</wf>
         <wf lemma="strukturirata" pos="X">strukturirata</wf>
         <wf lemma="in" pos="X">in</wf>
         <wf lemma="omogočata" pos="X">omogočata</wf>
         <wf lemma="preživetje" pos="X">preživetje</wf>
         <wf lemma="." pos="X">.</wf>
      </sentence>
      <sentence id="d000.s1950" source="wordnet-slovenian">
         <wf lemma="Nekatere" pos="X">Nekatere</wf>
         <wf lemma="fotografije" pos="X">fotografije</wf>
         <wf lemma="," pos="X">,</wf>
         <wf lemma="ki" pos="X">ki</wf>
         <wf lemma="so" pos="X">so</wf>
         <wf lemma="nam" pos="X">nam</wf>
         <wf lemma="jih" pos="X">jih</wf>
         <wf lemma="dali" pos="X">dali</wf>
         <wf lemma="za" pos="X">za</wf>
         <wf lemma="objavo" pos="X">objavo</wf>
         <wf lemma="," pos="X">,</wf>
         <wf lemma="sicer" pos="X">sicer</wf>
         <wf lemma="razkrivajo" pos="X">razkrivajo</wf>
         <wf lemma="njihove" pos="X">njihove</wf>
         <wf lemma="obraze" pos="X">obraze</wf>
         <wf lemma="," pos="X">,</wf>
         <wf lemma="vendar" pos="X">vendar</wf>
         <wf lemma="pravijo" pos="X">pravijo</wf>
         <wf lemma="," pos="X">,</wf>
         <wf lemma="da" pos="X">da</wf>
         <wf lemma="jih" pos="X">jih</wf>
         <instance id="d000.s1950.t000" lemma="večina" pos="NOUN">večina</instance>
         <wf lemma="ljudi" pos="X">ljudi</wf>
         <wf lemma="ne" pos="X">ne</wf>
         <wf lemma="bo" pos="X">bo</wf>
         <wf lemma="spoznala" pos="X">spoznala</wf>
         <wf lemma="." pos="X">.</wf>
      </sentence>
      <sentence id="d000.s1951" source="wordnet-slovenian">
         <wf lemma="V" pos="X">V</wf>
         <wf lemma="sredo" pos="X">sredo</wf>
         <wf lemma="ob" pos="X">ob</wf>
         <wf lemma="10.25" pos="X">10.25</wf>
         <wf lemma="so" pos="X">so</wf>
         <wf lemma="ljubljanski" pos="X">ljubljanski</wf>
         <wf lemma="policisti" pos="X">policisti</wf>
         <wf lemma="v" pos="X">v</wf>
         <instance id="d000.s1951.t000" lemma="center" pos="NOUN">centru</instance>
         <wf lemma="Ledina" pos="X">Ledina</wf>
         <wf lemma="legitimirali" pos="X">legitimirali</wf>
         <wf lemma="30" pos="X">30</wf>
         <wf lemma="-" pos="X">-</wf>
         <wf lemma="letnega" pos="X">letnega</wf>
         <wf lemma="Ljubljančana" pos="X">Ljubljančana</wf>
         <wf lemma="R." pos="X">R.</wf>
         <wf lemma="R." pos="X">R.</wf>
         <wf lemma="Pri" pos="X">Pri</wf>
         <wf lemma="njem" pos="X">njem</wf>
         <wf lemma="so" pos="X">so</wf>
         <wf lemma="našli" pos="X">našli</wf>
         <wf lemma="manjšo" pos="X">manjšo</wf>
         <wf lemma="plastično" pos="X">plastično</wf>
         <wf lemma="vrečko" pos="X">vrečko</wf>
         <wf lemma="z" pos="X">z</wf>
         <wf lemma="rjavo" pos="X">rjavo</wf>
         <wf lemma="snovjo" pos="X">snovjo</wf>
         <wf lemma="(" pos="X">(</wf>
         <wf lemma="za" pos="X">za</wf>
         <wf lemma="katero" pos="X">katero</wf>
         <wf lemma="domnevajo" pos="X">domnevajo</wf>
         <wf lemma="," pos="X">,</wf>
         <wf lemma="da" pos="X">da</wf>
         <wf lemma="je" pos="X">je</wf>
         <wf lemma="heroin" pos="X">heroin</wf>
         <wf lemma=")" pos="X">)</wf>
         <wf lemma="in" pos="X">in</wf>
         <wf lemma="še" pos="X">še</wf>
         <wf lemma="26" pos="X">26</wf>
         <wf lemma="različnih" pos="X">različnih</wf>
         <wf lemma="tablet" pos="X">tablet</wf>
         <wf lemma="ter" pos="X">ter</wf>
         <wf lemma="stekleničko" pos="X">stekleničko</wf>
         <wf lemma="raztopine" pos="X">raztopine</wf>
         <wf lemma="metadona" pos="X">metadona</wf>
         <wf lemma="," pos="X">,</wf>
         <wf lemma="čeprav" pos="X">čeprav</wf>
         <wf lemma="nima" pos="X">nima</wf>
         <wf lemma="metadonske" pos="X">metadonske</wf>
         <wf lemma="izkaznice" pos="X">izkaznice</wf>
         <wf lemma="." pos="X">.</wf>
      </sentence>
      <sentence id="d000.s1952" source="wordnet-slovenian">
         <wf lemma="V" pos="X">V</wf>
         <wf lemma="petdesetih" pos="X">petdesetih</wf>
         <wf lemma="letih" pos="X">letih</wf>
         <wf lemma="so" pos="X">so</wf>
         <wf lemma="biološka" pos="X">biološka</wf>
         <wf lemma="telesa" pos="X">telesa</wf>
         <wf lemma="postala" pos="X">postala</wf>
         <wf lemma="tehnološki" pos="X">tehnološki</wf>
         <wf lemma="komunikacijski" pos="X">komunikacijski</wf>
         <wf lemma="sistemi" pos="X">sistemi</wf>
         <wf lemma="," pos="X">,</wf>
         <wf lemma="a" pos="X">a</wf>
         <wf lemma="se" pos="X">se</wf>
         <wf lemma="pri" pos="X">pri</wf>
         <wf lemma="tem" pos="X">tem</wf>
         <wf lemma="še" pos="X">še</wf>
         <wf lemma="niso" pos="X">niso</wf>
         <wf lemma="povsem" pos="X">povsem</wf>
         <wf lemma="rekonstituirala" pos="X">rekonstituirala</wf>
         <wf lemma="kot" pos="X">kot</wf>
         <wf lemma="prostori" pos="X">prostori</wf>
         <wf lemma="&quot;" pos="X">&quot;</wf>
         <wf lemma="razlik" pos="X">razlik</wf>
         <wf lemma="&quot;" pos="X">&quot;</wf>
         <wf lemma="v" pos="X">v</wf>
         <wf lemma="postmodernem" pos="X">postmodernem</wf>
         <wf lemma="smislu" pos="X">smislu</wf>
         <wf lemma="-" pos="X">-</wf>
         <wf lemma="kot" pos="X">kot</wf>
         <wf lemma="igra" pos="X">igra</wf>
         <wf lemma="označevalcev" pos="X">označevalcev</wf>
         <wf lemma="in" pos="X">in</wf>
         <wf lemma="replikatorjev" pos="X">replikatorjev</wf>
         <wf lemma="v" pos="X">v</wf>
         <wf lemma="strateškem" pos="X">strateškem</wf>
         <wf lemma="polju" pos="X">polju</wf>
         <wf lemma="," pos="X">,</wf>
         <wf lemma="katerega" pos="X">katerega</wf>
         <wf lemma="pomen" pos="X">pomen</wf>
         <wf lemma="je" pos="X">je</wf>
         <wf lemma="le" pos="X">le</wf>
         <wf lemma="z" pos="X">z</wf>
         <wf lemma="zelo" pos="X">zelo</wf>
         <wf lemma="problematičnega" pos="X">problematičnega</wf>
         <wf lemma="vidika" pos="X">vidika</wf>
         <wf lemma="odvisen" pos="X">odvisen</wf>
         <wf lemma="od" pos="X">od</wf>
         <wf lemma="zunanjega" pos="X">zunanjega</wf>
         <instance id="d000.s1952.t000" lemma="svet" pos="NOUN">sveta</instance>
         <wf lemma="." pos="X">.</wf>
      </sentence>
      <sentence id="d000.s1953" source="wordnet-slovenian">
         <wf lemma="Ivan" pos="X">Ivan</wf>
         <wf lemma="skupaj" pos="X">skupaj</wf>
         <wf lemma="z" pos="X">z</wf>
         <wf lemma="ženo" pos="X">ženo</wf>
         <wf lemma="Dagny" pos="X">Dagny</wf>
         <wf lemma="živi" pos="X">živi</wf>
         <wf lemma="v" pos="X">v</wf>
         <wf lemma="New" pos="X">New</wf>
         <wf lemma="Hampshiru" pos="X">Hampshiru</wf>
         <wf lemma="," pos="X">,</wf>
         <wf lemma="kjer" pos="X">kjer</wf>
         <wf lemma="v" pos="X">v</wf>
         <instance id="d000.s1953.t000" lemma="center" pos="NOUN">centru</instance>
         <wf lemma="Ossipee" pos="X">Ossipee</wf>
         <wf lemma="vodi" pos="X">vodi</wf>
         <wf lemma="nadaljevalne" pos="X">nadaljevalne</wf>
         <wf lemma="tečaje" pos="X">tečaje</wf>
         <wf lemma="»" pos="X">»</wf>
         <wf lemma="RECI" pos="X">RECI</wf>
         <wf lemma="-" pos="X">-</wf>
         <wf lemma="DA" pos="X">DA</wf>
         <wf lemma="!" pos="X">!</wf>
      </sentence>
      <sentence id="d000.s1954" source="wordnet-slovenian">
         <wf lemma="Ker" pos="X">Ker</wf>
         <wf lemma="smo" pos="X">smo</wf>
         <wf lemma="se" pos="X">se</wf>
         <wf lemma="»" pos="X">»</wf>
         <wf lemma="spanja" pos="X">spanja</wf>
         <wf lemma="«" pos="X">«</wf>
         <wf lemma="na" pos="X">na</wf>
         <wf lemma="delovnih" pos="X">delovnih</wf>
         <wf lemma="mestih" pos="X">mestih</wf>
         <wf lemma="bolezni" pos="X">bolezni</wf>
         <wf lemma="," pos="X">,</wf>
         <wf lemma="ki" pos="X">ki</wf>
         <wf lemma="nas" pos="X">nas</wf>
         <wf lemma="je" pos="X">je</wf>
         <wf lemma="(" pos="X">(</wf>
         <wf lemma="menda" pos="X">menda</wf>
         <wf lemma=")" pos="X">)</wf>
         <wf lemma="pestila" pos="X">pestila</wf>
         <wf lemma="skoraj" pos="X">skoraj</wf>
         <wf lemma="petdeset" pos="X">petdeset</wf>
         <instance id="d000.s1954.t000" lemma="leto" pos="NOUN">let</instance>
         <wf lemma="šele" pos="X">šele</wf>
         <wf lemma="dobro" pos="X">dobro</wf>
         <wf lemma="ozdravili" pos="X">ozdravili</wf>
         <wf lemma="," pos="X">,</wf>
         <wf lemma="je" pos="X">je</wf>
         <wf lemma="malo" pos="X">malo</wf>
         <wf lemma="verjetno" pos="X">verjetno</wf>
         <wf lemma="," pos="X">,</wf>
         <wf lemma="da" pos="X">da</wf>
         <wf lemma="se" pos="X">se</wf>
         <wf lemma="bodo" pos="X">bodo</wf>
         <wf lemma="kavči" pos="X">kavči</wf>
         <wf lemma="," pos="X">,</wf>
         <wf lemma="zofe" pos="X">zofe</wf>
         <wf lemma="in" pos="X">in</wf>
         <wf lemma="podobni" pos="X">podobni</wf>
         <wf lemma="kosi" pos="X">kosi</wf>
         <wf lemma="pohištva" pos="X">pohištva</wf>
         <wf lemma="kmalu" pos="X">kmalu</wf>
         <wf lemma="vrnili" pos="X">vrnili</wf>
         <wf lemma="v" pos="X">v</wf>
         <wf lemma="naše" pos="X">naše</wf>
         <wf lemma="pisarne" pos="X">pisarne</wf>
         <wf lemma="." pos="X">.</wf>
      </sentence>
      <sentence id="d000.s1955" source="wordnet-slovenian">
         <wf lemma="Poleg" pos="X">Poleg</wf>
         <wf lemma="Zavoda" pos="X">Zavoda</wf>
         <wf lemma="za" pos="X">za</wf>
         <wf lemma="zdravstveno" pos="X">zdravstveno</wf>
         <wf lemma="zavarovanje" pos="X">zavarovanje</wf>
         <wf lemma="Slovenije" pos="X">Slovenije</wf>
         <wf lemma="je" pos="X">je</wf>
         <wf lemma="1." pos="X">1.</wf>
         <wf lemma="junija" pos="X">junija</wf>
         <wf lemma="letos" pos="X">letos</wf>
         <wf lemma="premije" pos="X">premije</wf>
         <wf lemma="za" pos="X">za</wf>
         <wf lemma="prostovoljno" pos="X">prostovoljno</wf>
         <wf lemma="zdravstveno" pos="X">zdravstveno</wf>
         <wf lemma="zavarovanje" pos="X">zavarovanje</wf>
         <wf lemma="za" pos="X">za</wf>
         <wf lemma="doplačila" pos="X">doplačila</wf>
         <wf lemma="do" pos="X">do</wf>
         <wf lemma="polne" pos="X">polne</wf>
         <wf lemma="vrednosti" pos="X">vrednosti</wf>
         <wf lemma="zdravstvenih" pos="X">zdravstvenih</wf>
         <wf lemma="storitev" pos="X">storitev</wf>
         <wf lemma="podražila" pos="X">podražila</wf>
         <wf lemma="tudi" pos="X">tudi</wf>
         <wf lemma="Zavarovalna" pos="X">Zavarovalna</wf>
         <wf lemma="družba" pos="X">družba</wf>
         <wf lemma="Adriatic" pos="X">Adriatic</wf>
         <wf lemma="," pos="X">,</wf>
         <wf lemma="vendar" pos="X">vendar</wf>
         <wf lemma="smo" pos="X">smo</wf>
         <wf lemma="v" pos="X">v</wf>
         <wf lemma="včerajšnji" pos="X">včerajšnji</wf>
         <wf lemma="številki" pos="X">številki</wf>
         <wf lemma="Dnevnika" pos="X">Dnevnika</wf>
         <wf lemma="objavili" pos="X">objavili</wf>
         <wf lemma="napačen" pos="X">napačen</wf>
         <instance id="d000.s1955.t000" lemma="podatek" pos="NOUN">podatek</instance>
         <wf lemma="o" pos="X">o</wf>
         <wf lemma="tem" pos="X">tem</wf>
         <wf lemma="," pos="X">,</wf>
         <wf lemma="za" pos="X">za</wf>
         <wf lemma="koliko" pos="X">koliko</wf>
         <wf lemma="." pos="X">.</wf>
      </sentence>
      <sentence id="d000.s1956" source="wordnet-slovenian">
         <wf lemma="Tako" pos="X">Tako</wf>
         <wf lemma="da" pos="X">da</wf>
         <wf lemma="želeno" pos="X">želeno</wf>
         <wf lemma="blago" pos="X">blago</wf>
         <wf lemma="lahko" pos="X">lahko</wf>
         <wf lemma="dostavimo" pos="X">dostavimo</wf>
         <wf lemma="še" pos="X">še</wf>
         <wf lemma="isti" pos="X">isti</wf>
         <instance id="d000.s1956.t000" lemma="dan" pos="NOUN">dan</instance>
         <wf lemma="." pos="X">.</wf>
      </sentence>
      <sentence id="d000.s1957" source="wordnet-slovenian">
         <instance id="d000.s1957.t000" lemma="način" pos="NOUN">Način</instance>
         <wf lemma="," pos="X">,</wf>
         <wf lemma="kako" pos="X">kako</wf>
         <wf lemma="ga" pos="X">ga</wf>
         <wf lemma="je" pos="X">je</wf>
         <wf lemma="Lavtižarjeva" pos="X">Lavtižarjeva</wf>
         <wf lemma="prekinila" pos="X">prekinila</wf>
         <wf lemma="," pos="X">,</wf>
         <wf lemma="je" pos="X">je</wf>
         <wf lemma="nedopusten" pos="X">nedopusten</wf>
         <wf lemma="in" pos="X">in</wf>
         <wf lemma="pomeni" pos="X">pomeni</wf>
         <wf lemma="kršenje" pos="X">kršenje</wf>
         <wf lemma="ustaljenih" pos="X">ustaljenih</wf>
         <wf lemma="pravil" pos="X">pravil</wf>
         <wf lemma="parlamentarnega" pos="X">parlamentarnega</wf>
         <wf lemma="odločanja" pos="X">odločanja</wf>
         <wf lemma="," pos="X">,</wf>
         <wf lemma="so" pos="X">so</wf>
         <wf lemma="zapisali" pos="X">zapisali</wf>
         <wf lemma="." pos="X">.</wf>
      </sentence>
      <sentence id="d000.s1958" source="wordnet-slovenian">
         <wf lemma="S" pos="X">S</wf>
         <instance id="d000.s1958.t000" lemma="pomoč" pos="NOUN">pomočjo</instance>
         <wf lemma="zemljevida" pos="X">zemljevida</wf>
         <wf lemma="sem" pos="X">sem</wf>
         <wf lemma="skušal" pos="X">skušal</wf>
         <wf lemma="določiti" pos="X">določiti</wf>
         <wf lemma="," pos="X">,</wf>
         <wf lemma="kje" pos="X">kje</wf>
         <wf lemma="bi" pos="X">bi</wf>
         <wf lemma="lahko" pos="X">lahko</wf>
         <wf lemma="bila" pos="X">bila</wf>
         <wf lemma="prvotna" pos="X">prvotna</wf>
         <wf lemma="Snyderjeva" pos="X">Snyderjeva</wf>
         <wf lemma="klet" pos="X">klet</wf>
         <wf lemma="." pos="X">.</wf>
      </sentence>
      <sentence id="d000.s1959" source="wordnet-slovenian">
         <wf lemma="Razstava" pos="X">Razstava</wf>
         <wf lemma="v" pos="X">v</wf>
         <wf lemma="Umetnostni" pos="X">Umetnostni</wf>
         <wf lemma="galeriji" pos="X">galeriji</wf>
         <wf lemma="Maribor" pos="X">Maribor</wf>
         <wf lemma="predstavlja" pos="X">predstavlja</wf>
         <wf lemma="," pos="X">,</wf>
         <wf lemma="kot" pos="X">kot</wf>
         <wf lemma="rečeno" pos="X">rečeno</wf>
         <wf lemma="," pos="X">,</wf>
         <wf lemma="njegova" pos="X">njegova</wf>
         <wf lemma="slikarska" pos="X">slikarska</wf>
         <wf lemma="in" pos="X">in</wf>
         <wf lemma="scenografska" pos="X">scenografska</wf>
         <wf lemma="dela" pos="X">dela</wf>
         <wf lemma="," pos="X">,</wf>
         <wf lemma="v" pos="X">v</wf>
         <wf lemma="tretjem" pos="X">tretjem</wf>
         <wf lemma="delu" pos="X">delu</wf>
         <wf lemma="pa" pos="X">pa</wf>
         <wf lemma="dokumentarno" pos="X">dokumentarno</wf>
         <wf lemma="gradivo" pos="X">gradivo</wf>
         <wf lemma="," pos="X">,</wf>
         <wf lemma="ki" pos="X">ki</wf>
         <wf lemma="prikazuje" pos="X">prikazuje</wf>
         <wf lemma="Kavčičevo" pos="X">Kavčičevo</wf>
         <instance id="d000.s1959.t000" lemma="pot" pos="NOUN">pot</instance>
         <wf lemma="od" pos="X">od</wf>
         <wf lemma="mladosti" pos="X">mladosti</wf>
         <wf lemma="do" pos="X">do</wf>
         <wf lemma="ustvarjalne" pos="X">ustvarjalne</wf>
         <wf lemma="zrelosti" pos="X">zrelosti</wf>
         <wf lemma="." pos="X">.</wf>
      </sentence>
      <sentence id="d000.s1960" source="wordnet-slovenian">
         <wf lemma="Znanstvenike" pos="X">Znanstvenike</wf>
         <wf lemma="njihova" pos="X">njihova</wf>
         <wf lemma="božanska" pos="X">božanska</wf>
         <wf lemma="radovednost" pos="X">radovednost</wf>
         <wf lemma="in" pos="X">in</wf>
         <wf lemma="neustavljivi" pos="X">neustavljivi</wf>
         <wf lemma="entuziazem" pos="X">entuziazem</wf>
         <wf lemma="zaslepita" pos="X">zaslepita</wf>
         <wf lemma="do" pos="X">do</wf>
         <wf lemma="te" pos="X">te</wf>
         <wf lemma="mere" pos="X">mere</wf>
         <wf lemma="," pos="X">,</wf>
         <wf lemma="da" pos="X">da</wf>
         <wf lemma="praviloma" pos="X">praviloma</wf>
         <wf lemma="niti" pos="X">niti</wf>
         <wf lemma="ne" pos="X">ne</wf>
         <wf lemma="uvidijo" pos="X">uvidijo</wf>
         <wf lemma="možnih" pos="X">možnih</wf>
         <wf lemma="negativnih" pos="X">negativnih</wf>
         <wf lemma="posledic" pos="X">posledic</wf>
         <wf lemma="svojega" pos="X">svojega</wf>
         <instance id="d000.s1960.t000" lemma="delo" pos="NOUN">dela</instance>
         <wf lemma="," pos="X">,</wf>
         <wf lemma="prav" pos="X">prav</wf>
         <wf lemma="tako" pos="X">tako</wf>
         <wf lemma="pa" pos="X">pa</wf>
         <wf lemma="jim" pos="X">jim</wf>
         <wf lemma="nikoli" pos="X">nikoli</wf>
         <wf lemma="v" pos="X">v</wf>
         <wf lemma="zgodovini" pos="X">zgodovini</wf>
         <wf lemma="ni" pos="X">ni</wf>
         <wf lemma="uspelo" pos="X">uspelo</wf>
         <wf lemma="nadzirati" pos="X">nadzirati</wf>
         <wf lemma="družbenih" pos="X">družbenih</wf>
         <wf lemma="posledic" pos="X">posledic</wf>
         <wf lemma="svojih" pos="X">svojih</wf>
         <wf lemma="odkritij" pos="X">odkritij</wf>
         <wf lemma="." pos="X">.</wf>
      </sentence>
      <sentence id="d000.s1961" source="wordnet-slovenian">
         <wf lemma="A" pos="X">A</wf>
         <wf lemma="če" pos="X">če</wf>
         <wf lemma="sploh" pos="X">sploh</wf>
         <wf lemma="," pos="X">,</wf>
         <wf lemma="bodo" pos="X">bodo</wf>
         <instance id="d000.s1961.t000" lemma="večina" pos="NOUN">večino</instance>
         <wf lemma="poslopij" pos="X">poslopij</wf>
         <wf lemma="zasnovali" pos="X">zasnovali</wf>
         <wf lemma="drugi" pos="X">drugi</wf>
         <wf lemma="arhitekti" pos="X">arhitekti</wf>
         <wf lemma="," pos="X">,</wf>
         <wf lemma="s" pos="X">s</wf>
         <wf lemma="svojim" pos="X">svojim</wf>
         <wf lemma="lastnim" pos="X">lastnim</wf>
         <wf lemma="rokopisom" pos="X">rokopisom</wf>
         <wf lemma="." pos="X">.</wf>
      </sentence>
      <sentence id="d000.s1962" source="wordnet-slovenian">
         <wf lemma="Pri" pos="X">Pri</wf>
         <wf lemma="tradicionalnih" pos="X">tradicionalnih</wf>
         <instance id="d000.s1962.t000" lemma="oblika" pos="NOUN">oblikah</instance>
         <wf lemma="vzgoje" pos="X">vzgoje</wf>
         <wf lemma="novih" pos="X">novih</wf>
         <wf lemma="sort" pos="X">sort</wf>
         <wf lemma="se" pos="X">se</wf>
         <wf lemma="med" pos="X">med</wf>
         <wf lemma="seboj" pos="X">seboj</wf>
         <wf lemma="križajo" pos="X">križajo</wf>
         <wf lemma="le" pos="X">le</wf>
         <wf lemma="živali" pos="X">živali</wf>
         <wf lemma="ali" pos="X">ali</wf>
         <wf lemma="rastline" pos="X">rastline</wf>
         <wf lemma="," pos="X">,</wf>
         <wf lemma="ki" pos="X">ki</wf>
         <wf lemma="so" pos="X">so</wf>
         <wf lemma="v" pos="X">v</wf>
         <wf lemma="razmeroma" pos="X">razmeroma</wf>
         <wf lemma="tesnem" pos="X">tesnem</wf>
         <wf lemma="sorodu" pos="X">sorodu</wf>
         <wf lemma="." pos="X">.</wf>
      </sentence>
      <sentence id="d000.s1963" source="wordnet-slovenian">
         <wf lemma="Prodala" pos="X">Prodala</wf>
         <wf lemma="sva" pos="X">sva</wf>
         <wf lemma="ves" pos="X">ves</wf>
         <wf lemma="moj" pos="X">moj</wf>
         <wf lemma="nakit" pos="X">nakit</wf>
         <wf lemma="in" pos="X">in</wf>
         <wf lemma="ko" pos="X">ko</wf>
         <instance id="d000.s1963.t000" lemma="denar" pos="NOUN">denarja</instance>
         <wf lemma="ni" pos="X">ni</wf>
         <wf lemma="bilo" pos="X">bilo</wf>
         <wf lemma="več" pos="X">več</wf>
         <wf lemma="," pos="X">,</wf>
         <wf lemma="se" pos="X">se</wf>
         <wf lemma="je" pos="X">je</wf>
         <wf lemma="Ibrahim" pos="X">Ibrahim</wf>
         <wf lemma="domislil" pos="X">domislil</wf>
         <wf lemma="," pos="X">,</wf>
         <wf lemma="da" pos="X">da</wf>
         <wf lemma="bi" pos="X">bi</wf>
         <wf lemma="dala" pos="X">dala</wf>
         <wf lemma="časopisni" pos="X">časopisni</wf>
         <wf lemma="oglas" pos="X">oglas</wf>
         <wf lemma="." pos="X">.</wf>
      </sentence>
      <sentence id="d000.s1964" source="wordnet-slovenian">
         <wf lemma="V" pos="X">V</wf>
         <wf lemma="novi" pos="X">novi</wf>
         <wf lemma="22.a" pos="X">22.a</wf>
         <wf lemma=")" pos="X">)</wf>
         <wf lemma="tezi" pos="X">tezi</wf>
         <wf lemma="ali" pos="X">ali</wf>
         <wf lemma="kasneje" pos="X">kasneje</wf>
         <wf lemma="členu" pos="X">členu</wf>
         <wf lemma="pa" pos="X">pa</wf>
         <wf lemma="bi" pos="X">bi</wf>
         <wf lemma="se" pos="X">se</wf>
         <wf lemma="besedilo" pos="X">besedilo</wf>
         <wf lemma="glasilo" pos="X">glasilo</wf>
         <wf lemma=":" pos="X">:</wf>
         <wf lemma="&quot;" pos="X">&quot;</wf>
         <wf lemma="Z" pos="X">Z</wf>
         <wf lemma="denarno" pos="X">denarno</wf>
         <wf lemma="kaznijo" pos="X">kaznijo</wf>
         <wf lemma="najmanj" pos="X">najmanj</wf>
         <wf lemma="5.000" pos="X">5.000</wf>
         <wf lemma="tolarjev" pos="X">tolarjev</wf>
         <wf lemma="se" pos="X">se</wf>
         <wf lemma="kaznuje" pos="X">kaznuje</wf>
         <wf lemma="posameznik" pos="X">posameznik</wf>
         <wf lemma="," pos="X">,</wf>
         <wf lemma="če" pos="X">če</wf>
         <wf lemma="kadi" pos="X">kadi</wf>
         <wf lemma="v" pos="X">v</wf>
         <wf lemma="javnem" pos="X">javnem</wf>
         <instance id="d000.s1964.t000" lemma="prostor" pos="NOUN">prostoru</instance>
         <wf lemma="," pos="X">,</wf>
         <wf lemma="kjer" pos="X">kjer</wf>
         <wf lemma="je" pos="X">je</wf>
         <wf lemma="kajenje" pos="X">kajenje</wf>
         <wf lemma="prepovedano" pos="X">prepovedano</wf>
         <wf lemma="ali" pos="X">ali</wf>
         <wf lemma="kadi" pos="X">kadi</wf>
         <wf lemma="v" pos="X">v</wf>
         <wf lemma="delovnih" pos="X">delovnih</wf>
         <wf lemma="prostorih" pos="X">prostorih</wf>
         <wf lemma="," pos="X">,</wf>
         <wf lemma="kjer" pos="X">kjer</wf>
         <wf lemma="to" pos="X">to</wf>
         <wf lemma="ni" pos="X">ni</wf>
         <wf lemma="dovoljeno" pos="X">dovoljeno</wf>
         <wf lemma="." pos="X">.</wf>
      </sentence>
      <sentence id="d000.s1965" source="wordnet-slovenian">
         <wf lemma="V" pos="X">V</wf>
         <wf lemma="Vipapu" pos="X">Vipapu</wf>
         <wf lemma="pripravljajo" pos="X">pripravljajo</wf>
         <wf lemma="tudi" pos="X">tudi</wf>
         <wf lemma="program" pos="X">program</wf>
         <wf lemma="presežnih" pos="X">presežnih</wf>
         <wf lemma="delavcev" pos="X">delavcev</wf>
         <wf lemma="," pos="X">,</wf>
         <wf lemma="nekatere" pos="X">nekatere</wf>
         <wf lemma="so" pos="X">so</wf>
         <wf lemma="že" pos="X">že</wf>
         <wf lemma="prekvalificirali" pos="X">prekvalificirali</wf>
         <wf lemma="in" pos="X">in</wf>
         <wf lemma="zaposlili" pos="X">zaposlili</wf>
         <wf lemma="v" pos="X">v</wf>
         <instance id="d000.s1965.t000" lemma="podjetje" pos="NOUN">podjetjih</instance>
         <wf lemma="," pos="X">,</wf>
         <wf lemma="s" pos="X">s</wf>
         <wf lemma="katerimi" pos="X">katerimi</wf>
         <wf lemma="poslovno" pos="X">poslovno</wf>
         <wf lemma="sodelujejo" pos="X">sodelujejo</wf>
         <wf lemma="," pos="X">,</wf>
         <wf lemma="kljub" pos="X">kljub</wf>
         <wf lemma="temu" pos="X">temu</wf>
         <wf lemma="pa" pos="X">pa</wf>
         <wf lemma="bo" pos="X">bo</wf>
         <wf lemma="kakih" pos="X">kakih</wf>
         <wf lemma="360" pos="X">360</wf>
         <wf lemma="ljudi" pos="X">ljudi</wf>
         <wf lemma="konec" pos="X">konec</wf>
         <wf lemma="leta" pos="X">leta</wf>
         <wf lemma="ostalo" pos="X">ostalo</wf>
         <wf lemma="brez" pos="X">brez</wf>
         <wf lemma="službe" pos="X">službe</wf>
         <wf lemma="." pos="X">.</wf>
      </sentence>
      <sentence id="d000.s1966" source="wordnet-slovenian">
         <wf lemma="Ob" pos="X">Ob</wf>
         <wf lemma="branju" pos="X">branju</wf>
         <wf lemma="umetnostnega" pos="X">umetnostnega</wf>
         <wf lemma="besedila" pos="X">besedila</wf>
         <wf lemma="učenci" pos="X">učenci</wf>
         <wf lemma="naletijo" pos="X">naletijo</wf>
         <wf lemma="na" pos="X">na</wf>
         <wf lemma="različne" pos="X">različne</wf>
         <instance id="d000.s1966.t000" lemma="beseda" pos="NOUN">besede</instance>
         <wf lemma="," pos="X">,</wf>
         <wf lemma="situacije" pos="X">situacije</wf>
         <wf lemma="," pos="X">,</wf>
         <wf lemma="običaje" pos="X">običaje</wf>
         <wf lemma="," pos="X">,</wf>
         <wf lemma="ki" pos="X">ki</wf>
         <wf lemma="jih" pos="X">jih</wf>
         <wf lemma="ne" pos="X">ne</wf>
         <wf lemma="razumejo" pos="X">razumejo</wf>
         <wf lemma="in" pos="X">in</wf>
         <wf lemma="ne" pos="X">ne</wf>
         <wf lemma="poznajo" pos="X">poznajo</wf>
         <wf lemma="." pos="X">.</wf>
      </sentence>
      <sentence id="d000.s1967" source="wordnet-slovenian">
         <wf lemma="Poročilo" pos="X">Poročilo</wf>
         <wf lemma="je" pos="X">je</wf>
         <wf lemma="razburilo" pos="X">razburilo</wf>
         <wf lemma="duhove" pos="X">duhove</wf>
         <wf lemma="po" pos="X">po</wf>
         <wf lemma="vsem" pos="X">vsem</wf>
         <instance id="d000.s1967.t000" lemma="svet" pos="NOUN">svetu</instance>
         <wf lemma=";" pos="X">;</wf>
         <wf lemma="eni" pos="X">eni</wf>
         <wf lemma="so" pos="X">so</wf>
         <wf lemma="podvig" pos="X">podvig</wf>
         <wf lemma="peterice" pos="X">peterice</wf>
         <wf lemma="občudovali" pos="X">občudovali</wf>
         <wf lemma="," pos="X">,</wf>
         <wf lemma="nasprotniki" pos="X">nasprotniki</wf>
         <wf lemma="so" pos="X">so</wf>
         <wf lemma="jih" pos="X">jih</wf>
         <wf lemma="sovražili" pos="X">sovražili</wf>
         <wf lemma="," pos="X">,</wf>
         <wf lemma="v" pos="X">v</wf>
         <wf lemma="Sovjetski" pos="X">Sovjetski</wf>
         <wf lemma="zvezi" pos="X">zvezi</wf>
         <wf lemma="pa" pos="X">pa</wf>
         <wf lemma="so" pos="X">so</wf>
         <wf lemma="Sorgeevo" pos="X">Sorgeevo</wf>
         <wf lemma="ime" pos="X">ime</wf>
         <wf lemma="zavili" pos="X">zavili</wf>
         <wf lemma="v" pos="X">v</wf>
         <wf lemma="molk" pos="X">molk</wf>
         <wf lemma="." pos="X">.</wf>
      </sentence>
      <sentence id="d000.s1968" source="wordnet-slovenian">
         <wf lemma="To" pos="X">To</wf>
         <wf lemma="je" pos="X">je</wf>
         <wf lemma="vprašanje" pos="X">vprašanje</wf>
         <wf lemma="za" pos="X">za</wf>
         <wf lemma="predsednika" pos="X">predsednika</wf>
         <wf lemma="državnega" pos="X">državnega</wf>
         <wf lemma="zbora" pos="X">zbora</wf>
         <wf lemma="," pos="X">,</wf>
         <wf lemma="predvsem" pos="X">predvsem</wf>
         <wf lemma="pa" pos="X">pa</wf>
         <wf lemma="je" pos="X">je</wf>
         <wf lemma="vprašanje" pos="X">vprašanje</wf>
         <wf lemma="za" pos="X">za</wf>
         <wf lemma="vodje" pos="X">vodje</wf>
         <wf lemma="poslanskih" pos="X">poslanskih</wf>
         <instance id="d000.s1968.t000" lemma="skupina" pos="NOUN">skupin</instance>
         <wf lemma="in" pos="X">in</wf>
         <wf lemma="predsednike" pos="X">predsednike</wf>
         <wf lemma="delovnih" pos="X">delovnih</wf>
         <wf lemma="teles" pos="X">teles</wf>
         <wf lemma="," pos="X">,</wf>
         <wf lemma="ki" pos="X">ki</wf>
         <wf lemma="se" pos="X">se</wf>
         <wf lemma="ukvarjajo" pos="X">ukvarjajo</wf>
         <wf lemma="s" pos="X">s</wf>
         <wf lemma="temi" pos="X">temi</wf>
         <wf lemma="zadevami" pos="X">zadevami</wf>
         <wf lemma="." pos="X">.</wf>
      </sentence>
      <sentence id="d000.s1969" source="wordnet-slovenian">
         <wf lemma="Andraž" pos="X">Andraž</wf>
         <wf lemma="Vehovar" pos="X">Vehovar</wf>
         <wf lemma="je" pos="X">je</wf>
         <wf lemma="doživel" pos="X">doživel</wf>
         <wf lemma="veliko" pos="X">veliko</wf>
         <wf lemma="osebno" pos="X">osebno</wf>
         <wf lemma="razočaranje" pos="X">razočaranje</wf>
         <wf lemma="," pos="X">,</wf>
         <wf lemma="a" pos="X">a</wf>
         <wf lemma="obenem" pos="X">obenem</wf>
         <wf lemma="se" pos="X">se</wf>
         <wf lemma="postavlja" pos="X">postavlja</wf>
         <wf lemma="vprašanje" pos="X">vprašanje</wf>
         <wf lemma="," pos="X">,</wf>
         <wf lemma="kaj" pos="X">kaj</wf>
         <wf lemma="bo" pos="X">bo</wf>
         <wf lemma="naredila" pos="X">naredila</wf>
         <wf lemma="KZS" pos="X">KZS</wf>
         <wf lemma="," pos="X">,</wf>
         <wf lemma="če" pos="X">če</wf>
         <wf lemma="Vehovar" pos="X">Vehovar</wf>
         <wf lemma="do" pos="X">do</wf>
         <instance id="d000.s1969.t000" lemma="konec" pos="NOUN">konca</instance>
         <wf lemma="julija" pos="X">julija</wf>
         <wf lemma="," pos="X">,</wf>
         <wf lemma="ko" pos="X">ko</wf>
         <wf lemma="bo" pos="X">bo</wf>
         <wf lemma="še" pos="X">še</wf>
         <wf lemma="pet" pos="X">pet</wf>
         <wf lemma="tekem" pos="X">tekem</wf>
         <wf lemma="svetovnega" pos="X">svetovnega</wf>
         <wf lemma="pokala" pos="X">pokala</wf>
         <wf lemma="," pos="X">,</wf>
         <wf lemma="zmaga" pos="X">zmaga</wf>
         <wf lemma="vsaj" pos="X">vsaj</wf>
         <wf lemma="na" pos="X">na</wf>
         <wf lemma="dveh" pos="X">dveh</wf>
         <wf lemma="tekmah" pos="X">tekmah</wf>
         <wf lemma="in" pos="X">in</wf>
         <wf lemma="dodal" pos="X">dodal</wf>
         <wf lemma="kolajno" pos="X">kolajno</wf>
         <wf lemma="na" pos="X">na</wf>
         <wf lemma="evropskem" pos="X">evropskem</wf>
         <wf lemma="prvenstvu" pos="X">prvenstvu</wf>
         <wf lemma="." pos="X">.</wf>
      </sentence>
      <sentence id="d000.s1970" source="wordnet-slovenian">
         <wf lemma="Okostje" pos="X">Okostje</wf>
         <wf lemma="dela" pos="X">dela</wf>
         <wf lemma="slehernega" pos="X">slehernega</wf>
         <wf lemma="planinskega" pos="X">planinskega</wf>
         <wf lemma="društva" pos="X">društva</wf>
         <wf lemma="je" pos="X">je</wf>
         <wf lemma="gospodarstvo" pos="X">gospodarstvo</wf>
         <wf lemma="," pos="X">,</wf>
         <wf lemma="kar" pos="X">kar</wf>
         <wf lemma="vedo" pos="X">vedo</wf>
         <wf lemma="tudi" pos="X">tudi</wf>
         <wf lemma="v" pos="X">v</wf>
         <wf lemma="Kamniku" pos="X">Kamniku</wf>
         <wf lemma="," pos="X">,</wf>
         <wf lemma="saj" pos="X">saj</wf>
         <wf lemma="veliko" pos="X">veliko</wf>
         <wf lemma="svojih" pos="X">svojih</wf>
         <wf lemma="moči" pos="X">moči</wf>
         <wf lemma="namenjajo" pos="X">namenjajo</wf>
         <wf lemma="oskrbovanju" pos="X">oskrbovanju</wf>
         <wf lemma="in" pos="X">in</wf>
         <wf lemma="vzdrževanju" pos="X">vzdrževanju</wf>
         <wf lemma="svojih" pos="X">svojih</wf>
         <wf lemma="dveh" pos="X">dveh</wf>
         <wf lemma="visokogorskih" pos="X">visokogorskih</wf>
         <wf lemma="koč" pos="X">koč</wf>
         <wf lemma="," pos="X">,</wf>
         <wf lemma="Cojzove" pos="X">Cojzove</wf>
         <wf lemma="na" pos="X">na</wf>
         <wf lemma="Kokrskem" pos="X">Kokrskem</wf>
         <wf lemma="in" pos="X">in</wf>
         <wf lemma="Kamniške" pos="X">Kamniške</wf>
         <wf lemma="na" pos="X">na</wf>
         <wf lemma="Kamniškem" pos="X">Kamniškem</wf>
         <wf lemma="sedlu" pos="X">sedlu</wf>
         <wf lemma="(" pos="X">(</wf>
         <wf lemma="oziroma" pos="X">oziroma</wf>
         <wf lemma="na" pos="X">na</wf>
         <wf lemma="Jermanovih" pos="X">Jermanovih</wf>
         <wf lemma="vratih" pos="X">vratih</wf>
         <wf lemma="," pos="X">,</wf>
         <wf lemma="kot" pos="X">kot</wf>
         <wf lemma="je" pos="X">je</wf>
         <wf lemma="sedlu" pos="X">sedlu</wf>
         <wf lemma="med" pos="X">med</wf>
         <wf lemma="Brano" pos="X">Brano</wf>
         <wf lemma="in" pos="X">in</wf>
         <wf lemma="Planjavo" pos="X">Planjavo</wf>
         <instance id="d000.s1970.t000" lemma="ime" pos="NOUN">ime</instance>
         <wf lemma="lepo" pos="X">lepo</wf>
         <wf lemma="po" pos="X">po</wf>
         <wf lemma="starem" pos="X">starem</wf>
         <wf lemma=")" pos="X">)</wf>
         <wf lemma="." pos="X">.</wf>
      </sentence>
      <sentence id="d000.s1971" source="wordnet-slovenian">
         <wf lemma="Sem" pos="X">Sem</wf>
         <wf lemma="sodijo" pos="X">sodijo</wf>
         <wf lemma="tudi" pos="X">tudi</wf>
         <wf lemma="neposredne" pos="X">neposredne</wf>
         <wf lemma="tuje" pos="X">tuje</wf>
         <wf lemma="naložbe" pos="X">naložbe</wf>
         <wf lemma="(" pos="X">(</wf>
         <wf lemma="NTN" pos="X">NTN</wf>
         <wf lemma=")" pos="X">)</wf>
         <wf lemma="," pos="X">,</wf>
         <wf lemma="kjer" pos="X">kjer</wf>
         <wf lemma="so" pos="X">so</wf>
         <wf lemma="vrli" pos="X">vrli</wf>
         <wf lemma="slovenski" pos="X">slovenski</wf>
         <wf lemma="oblastniki" pos="X">oblastniki</wf>
         <wf lemma="do" pos="X">do</wf>
         <wf lemma="zdaj" pos="X">zdaj</wf>
         <wf lemma="kleno" pos="X">kleno</wf>
         <wf lemma="in" pos="X">in</wf>
         <wf lemma="pokončno" pos="X">pokončno</wf>
         <wf lemma="izničili" pos="X">izničili</wf>
         <wf lemma="kar" pos="X">kar</wf>
         <wf lemma="nekaj" pos="X">nekaj</wf>
         <wf lemma="razvojnih" pos="X">razvojnih</wf>
         <instance id="d000.s1971.t000" lemma="možnost" pos="NOUN">možnosti</instance>
         <wf lemma="in" pos="X">in</wf>
         <wf lemma="kilave" pos="X">kilave</wf>
         <wf lemma="zasilne" pos="X">zasilne</wf>
         <wf lemma="nadomestke" pos="X">nadomestke</wf>
         <wf lemma="obesili" pos="X">obesili</wf>
         <wf lemma="na" pos="X">na</wf>
         <wf lemma="naše" pos="X">naše</wf>
         <wf lemma="davkoplačevalske" pos="X">davkoplačevalske</wf>
         <wf lemma="žepe" pos="X">žepe</wf>
         <wf lemma="." pos="X">.</wf>
      </sentence>
      <sentence id="d000.s1972" source="wordnet-slovenian">
         <wf lemma="V" pos="X">V</wf>
         <wf lemma="Veliki" pos="X">Veliki</wf>
         <wf lemma="Britaniji" pos="X">Britaniji</wf>
         <wf lemma="vsak" pos="X">vsak</wf>
         <wf lemma="teden" pos="X">teden</wf>
         <wf lemma="zaradi" pos="X">zaradi</wf>
         <wf lemma="zlorabe" pos="X">zlorabe</wf>
         <wf lemma="umreta" pos="X">umreta</wf>
         <wf lemma="dva" pos="X">dva</wf>
         <instance id="d000.s1972.t000" lemma="otrok" pos="NOUN">otroka</instance>
         <wf lemma="." pos="X">.</wf>
      </sentence>
      <sentence id="d000.s1973" source="wordnet-slovenian">
         <wf lemma="Prav" pos="X">Prav</wf>
         <wf lemma="v" pos="X">v</wf>
         <wf lemma="zbirki" pos="X">zbirki</wf>
         <wf lemma="Molčanja" pos="X">Molčanja</wf>
         <wf lemma="je" pos="X">je</wf>
         <wf lemma="sicer" pos="X">sicer</wf>
         <wf lemma="najti" pos="X">najti</wf>
         <wf lemma="tudi" pos="X">tudi</wf>
         <wf lemma="nekatere" pos="X">nekatere</wf>
         <wf lemma="postmodernistične" pos="X">postmodernistične</wf>
         <wf lemma="pripovedne" pos="X">pripovedne</wf>
         <instance id="d000.s1973.t000" lemma="postopek" pos="NOUN">postopke</instance>
         <wf lemma="(" pos="X">(</wf>
         <wf lemma="npr." pos="X">npr.</wf>
         <wf lemma="simulacija" pos="X">simulacija</wf>
         <wf lemma="»" pos="X">»</wf>
         <wf lemma="uredniške" pos="X">uredniške</wf>
         <wf lemma="«" pos="X">«</wf>
         <wf lemma="opombe" pos="X">opombe</wf>
         <wf lemma="," pos="X">,</wf>
         <wf lemma="uporaba" pos="X">uporaba</wf>
         <wf lemma="konvencije" pos="X">konvencije</wf>
         <wf lemma="najdenega" pos="X">najdenega</wf>
         <wf lemma="rokopisa" pos="X">rokopisa</wf>
         <wf lemma="," pos="X">,</wf>
         <wf lemma="imitacija" pos="X">imitacija</wf>
         <wf lemma="zgodovinske" pos="X">zgodovinske</wf>
         <wf lemma="pripovedi" pos="X">pripovedi</wf>
         <wf lemma="v" pos="X">v</wf>
         <wf lemma="slogu" pos="X">slogu</wf>
         <wf lemma="Borgesa" pos="X">Borgesa</wf>
         <wf lemma=")" pos="X">)</wf>
         <wf lemma="," pos="X">,</wf>
         <wf lemma="vendar" pos="X">vendar</wf>
         <wf lemma="Šeligo" pos="X">Šeligo</wf>
         <wf lemma="izhaja" pos="X">izhaja</wf>
         <wf lemma="iz" pos="X">iz</wf>
         <wf lemma="povsem" pos="X">povsem</wf>
         <wf lemma="drugačne" pos="X">drugačne</wf>
         <wf lemma="pisateljske" pos="X">pisateljske</wf>
         <wf lemma="poetike" pos="X">poetike</wf>
         <wf lemma="." pos="X">.</wf>
      </sentence>
      <sentence id="d000.s1974" source="wordnet-slovenian">
         <wf lemma="Ko" pos="X">Ko</wf>
         <wf lemma="se" pos="X">se</wf>
         <wf lemma="je" pos="X">je</wf>
         <wf lemma="s" pos="X">s</wf>
         <wf lemma="taksijem" pos="X">taksijem</wf>
         <wf lemma="peljala" pos="X">peljala</wf>
         <wf lemma="sem" pos="X">sem</wf>
         <wf lemma="," pos="X">,</wf>
         <wf lemma="je" pos="X">je</wf>
         <wf lemma="pomislila" pos="X">pomislila</wf>
         <wf lemma="," pos="X">,</wf>
         <wf lemma="da" pos="X">da</wf>
         <wf lemma="bi" pos="X">bi</wf>
         <wf lemma="si" pos="X">si</wf>
         <wf lemma="prav" pos="X">prav</wf>
         <wf lemma="lahko" pos="X">lahko</wf>
         <wf lemma="vzela" pos="X">vzela</wf>
         <wf lemma="čas" pos="X">čas</wf>
         <wf lemma="in" pos="X">in</wf>
         <wf lemma="pregledala" pos="X">pregledala</wf>
         <wf lemma="Adamovo" pos="X">Adamovo</wf>
         <wf lemma="pisalno" pos="X">pisalno</wf>
         <wf lemma="mizo" pos="X">mizo</wf>
         <wf lemma="," pos="X">,</wf>
         <wf lemma="toda" pos="X">toda</wf>
         <wf lemma="ko" pos="X">ko</wf>
         <wf lemma="se" pos="X">se</wf>
         <wf lemma="je" pos="X">je</wf>
         <wf lemma="ozrla" pos="X">ozrla</wf>
         <wf lemma="okrog" pos="X">okrog</wf>
         <wf lemma="sebe" pos="X">sebe</wf>
         <wf lemma="," pos="X">,</wf>
         <wf lemma="je" pos="X">je</wf>
         <wf lemma="nagonsko" pos="X">nagonsko</wf>
         <wf lemma="vedela" pos="X">vedela</wf>
         <wf lemma="," pos="X">,</wf>
         <wf lemma="da" pos="X">da</wf>
         <wf lemma="danes" pos="X">danes</wf>
         <wf lemma="ni" pos="X">ni</wf>
         <wf lemma="pravi" pos="X">pravi</wf>
         <instance id="d000.s1974.t000" lemma="dan" pos="NOUN">dan</instance>
         <wf lemma="za" pos="X">za</wf>
         <wf lemma="to" pos="X">to</wf>
         <wf lemma="." pos="X">.</wf>
      </sentence>
      <sentence id="d000.s1975" source="wordnet-slovenian">
         <wf lemma="Nemčija" pos="X">Nemčija</wf>
         <wf lemma="in" pos="X">in</wf>
         <wf lemma="Češka" pos="X">Češka</wf>
         <wf lemma="sta" pos="X">sta</wf>
         <wf lemma="sicer" pos="X">sicer</wf>
         <instance id="d000.s1975.t000" lemma="leto" pos="NOUN">leta</instance>
         <wf lemma="1997" pos="X">1997</wf>
         <wf lemma="podpisali" pos="X">podpisali</wf>
         <wf lemma="dokument" pos="X">dokument</wf>
         <wf lemma="," pos="X">,</wf>
         <wf lemma="v" pos="X">v</wf>
         <wf lemma="katerem" pos="X">katerem</wf>
         <wf lemma="zavračata" pos="X">zavračata</wf>
         <wf lemma="obremenjevanje" pos="X">obremenjevanje</wf>
         <wf lemma="današnjih" pos="X">današnjih</wf>
         <wf lemma="odnosov" pos="X">odnosov</wf>
         <wf lemma="in" pos="X">in</wf>
         <wf lemma="prihodnosti" pos="X">prihodnosti</wf>
         <wf lemma="z" pos="X">z</wf>
         <wf lemma="zgodovinskimi" pos="X">zgodovinskimi</wf>
         <wf lemma="zamerami" pos="X">zamerami</wf>
         <wf lemma="." pos="X">.</wf>
      </sentence>
      <sentence id="d000.s1976" source="wordnet-slovenian">
         <wf lemma="Krimovke" pos="X">Krimovke</wf>
         <wf lemma="so" pos="X">so</wf>
         <wf lemma="namreč" pos="X">namreč</wf>
         <wf lemma="proti" pos="X">proti</wf>
         <wf lemma="nekdanjim" pos="X">nekdanjim</wf>
         <wf lemma="evropskim" pos="X">evropskim</wf>
         <wf lemma="prvakinjam" pos="X">prvakinjam</wf>
         <wf lemma="," pos="X">,</wf>
         <wf lemma="vrsti" pos="X">vrsti</wf>
         <wf lemma="Hypa" pos="X">Hypa</wf>
         <wf lemma="iz" pos="X">iz</wf>
         <wf lemma="južnega" pos="X">južnega</wf>
         <wf lemma="dela" pos="X">dela</wf>
         <wf lemma="avstrijske" pos="X">avstrijske</wf>
         <wf lemma="prestolnice" pos="X">prestolnice</wf>
         <wf lemma="," pos="X">,</wf>
         <wf lemma="pokazale" pos="X">pokazale</wf>
         <wf lemma="najbolj" pos="X">najbolj</wf>
         <wf lemma="navdušujočo" pos="X">navdušujočo</wf>
         <instance id="d000.s1976.t000" lemma="igra" pos="NOUN">igro</instance>
         <wf lemma="v" pos="X">v</wf>
         <wf lemma="letošnji" pos="X">letošnji</wf>
         <wf lemma="sezoni" pos="X">sezoni</wf>
         <wf lemma="." pos="X">.</wf>
      </sentence>
      <sentence id="d000.s1977" source="wordnet-slovenian">
         <wf lemma="Budimpešta" pos="X">Budimpešta</wf>
         <wf lemma="-" pos="X">-</wf>
         <wf lemma="Leto" pos="X">Leto</wf>
         <wf lemma="2000" pos="X">2000</wf>
         <wf lemma="," pos="X">,</wf>
         <wf lemma="v" pos="X">v</wf>
         <wf lemma="katerem" pos="X">katerem</wf>
         <wf lemma="je" pos="X">je</wf>
         <wf lemma="Madžarska" pos="X">Madžarska</wf>
         <wf lemma="poleg" pos="X">poleg</wf>
         <wf lemma="drugega" pos="X">drugega</wf>
         <wf lemma="praznovala" pos="X">praznovala</wf>
         <wf lemma="svojo" pos="X">svojo</wf>
         <wf lemma="tisočletnico" pos="X">tisočletnico</wf>
         <wf lemma="," pos="X">,</wf>
         <wf lemma="ocenjujejo" pos="X">ocenjujejo</wf>
         <wf lemma="državljani" pos="X">državljani</wf>
         <wf lemma="," pos="X">,</wf>
         <wf lemma="politične" pos="X">politične</wf>
         <instance id="d000.s1977.t000" lemma="stranka" pos="NOUN">stranke</instance>
         <wf lemma="in" pos="X">in</wf>
         <wf lemma="mednarodne" pos="X">mednarodne</wf>
         <wf lemma="institucije" pos="X">institucije</wf>
         <wf lemma="na" pos="X">na</wf>
         <wf lemma="moč" pos="X">moč</wf>
         <wf lemma="različno" pos="X">različno</wf>
         <wf lemma="." pos="X">.</wf>
      </sentence>
      <sentence id="d000.s1978" source="wordnet-slovenian">
         <wf lemma="Tako" pos="X">Tako</wf>
         <wf lemma="kot" pos="X">kot</wf>
         <wf lemma="je" pos="X">je</wf>
         <wf lemma="besedni" pos="X">besedni</wf>
         <wf lemma="red" pos="X">red</wf>
         <wf lemma="v" pos="X">v</wf>
         <wf lemma="posameznih" pos="X">posameznih</wf>
         <wf lemma="povediih" pos="X">povediih</wf>
         <wf lemma="zasnovan" pos="X">zasnovan</wf>
         <wf lemma="na" pos="X">na</wf>
         <wf lemma="podlagi" pos="X">podlagi</wf>
         <wf lemma="členitve" pos="X">členitve</wf>
         <wf lemma="po" pos="X">po</wf>
         <wf lemma="aktualnosti" pos="X">aktualnosti</wf>
         <wf lemma="," pos="X">,</wf>
         <wf lemma="so" pos="X">so</wf>
         <wf lemma="med" pos="X">med</wf>
         <wf lemma="seboj" pos="X">seboj</wf>
         <wf lemma="povezane" pos="X">povezane</wf>
         <wf lemma="tudi" pos="X">tudi</wf>
         <wf lemma="povedi" pos="X">povedi</wf>
         <wf lemma="v" pos="X">v</wf>
         <instance id="d000.s1978.t000" lemma="besedilo" pos="NOUN">besedilu</instance>
         <wf lemma="." pos="X">.</wf>
      </sentence>
      <sentence id="d000.s1979" source="wordnet-slovenian">
         <wf lemma="»" pos="X">»</wf>
         <wf lemma="Nikoli" pos="X">Nikoli</wf>
         <wf lemma="nisem" pos="X">nisem</wf>
         <wf lemma="mogel" pos="X">mogel</wf>
         <wf lemma="nič" pos="X">nič</wf>
         <wf lemma="doseči" pos="X">doseči</wf>
         <wf lemma="preprosto" pos="X">preprosto</wf>
         <wf lemma="," pos="X">,</wf>
         <wf lemma="zato" pos="X">zato</wf>
         <wf lemma="sem" pos="X">sem</wf>
         <wf lemma="začel" pos="X">začel</wf>
         <wf lemma="iskati" pos="X">iskati</wf>
         <wf lemma="druge" pos="X">druge</wf>
         <instance id="d000.s1979.t000" lemma="pot" pos="NOUN">poti</instance>
         <wf lemma="." pos="X">.</wf>
      </sentence>
      <sentence id="d000.s1980" source="wordnet-slovenian">
         <wf lemma="V" pos="X">V</wf>
         <instance id="d000.s1980.t000" lemma="teden" pos="NOUN">tednu</instance>
         <wf lemma="in" pos="X">in</wf>
         <wf lemma="pol" pos="X">pol</wf>
         <wf lemma="sem" pos="X">sem</wf>
         <wf lemma="napredoval" pos="X">napredoval</wf>
         <wf lemma="za" pos="X">za</wf>
         <wf lemma="40" pos="X">40</wf>
         <wf lemma="stopinj" pos="X">stopinj</wf>
         <wf lemma="," pos="X">,</wf>
         <wf lemma="&quot;" pos="X">&quot;</wf>
         <wf lemma="pravi" pos="X">pravi</wf>
         <wf lemma="Kavtičnik" pos="X">Kavtičnik</wf>
         <wf lemma="," pos="X">,</wf>
         <wf lemma="ki" pos="X">ki</wf>
         <wf lemma="je" pos="X">je</wf>
         <wf lemma="zvezda" pos="X">zvezda</wf>
         <wf lemma="tudi" pos="X">tudi</wf>
         <wf lemma="med" pos="X">med</wf>
         <wf lemma="preostalimi" pos="X">preostalimi</wf>
         <wf lemma="gosti" pos="X">gosti</wf>
         <wf lemma="Šmarjeških" pos="X">Šmarjeških</wf>
         <wf lemma="Toplic" pos="X">Toplic</wf>
         <wf lemma="," pos="X">,</wf>
         <wf lemma="pravzaprav" pos="X">pravzaprav</wf>
         <wf lemma="je" pos="X">je</wf>
         <wf lemma="najbolj" pos="X">najbolj</wf>
         <wf lemma="znan" pos="X">znan</wf>
         <wf lemma="gost" pos="X">gost</wf>
         <wf lemma="in" pos="X">in</wf>
         <wf lemma="fant" pos="X">fant</wf>
         <wf lemma="," pos="X">,</wf>
         <wf lemma="ki" pos="X">ki</wf>
         <wf lemma="prinaša" pos="X">prinaša</wf>
         <wf lemma="veselje" pos="X">veselje</wf>
         <wf lemma="." pos="X">.</wf>
      </sentence>
      <sentence id="d000.s1981" source="wordnet-slovenian">
         <wf lemma="V" pos="X">V</wf>
         <wf lemma="praksi" pos="X">praksi</wf>
         <wf lemma="bi" pos="X">bi</wf>
         <wf lemma="to" pos="X">to</wf>
         <wf lemma="na" pos="X">na</wf>
         <wf lemma="letošnjih" pos="X">letošnjih</wf>
         <wf lemma="volitvah" pos="X">volitvah</wf>
         <wf lemma="pomenilo" pos="X">pomenilo</wf>
         <wf lemma="," pos="X">,</wf>
         <wf lemma="da" pos="X">da</wf>
         <wf lemma="bi" pos="X">bi</wf>
         <wf lemma="LDS" pos="X">LDS</wf>
         <wf lemma="," pos="X">,</wf>
         <wf lemma="ki" pos="X">ki</wf>
         <wf lemma="je" pos="X">je</wf>
         <wf lemma="osvojila" pos="X">osvojila</wf>
         <wf lemma="27" pos="X">27</wf>
         <wf lemma="odstotkov" pos="X">odstotkov</wf>
         <instance id="d000.s1981.t000" lemma="glas" pos="NOUN">glasov</instance>
         <wf lemma="," pos="X">,</wf>
         <wf lemma="pripadlo" pos="X">pripadlo</wf>
         <wf lemma="68" pos="X">68</wf>
         <wf lemma="odstotkov" pos="X">odstotkov</wf>
         <wf lemma="poslanskih" pos="X">poslanskih</wf>
         <wf lemma="mandatov" pos="X">mandatov</wf>
         <wf lemma="," pos="X">,</wf>
         <wf lemma="SKD" pos="X">SKD</wf>
         <wf lemma="," pos="X">,</wf>
         <wf lemma="ki" pos="X">ki</wf>
         <wf lemma="v" pos="X">v</wf>
         <wf lemma="nobenem" pos="X">nobenem</wf>
         <wf lemma="okraju" pos="X">okraju</wf>
         <wf lemma="ni" pos="X">ni</wf>
         <wf lemma="zmagala" pos="X">zmagala</wf>
         <wf lemma="," pos="X">,</wf>
         <wf lemma="pa" pos="X">pa</wf>
         <wf lemma="bi" pos="X">bi</wf>
         <wf lemma="kljub" pos="X">kljub</wf>
         <wf lemma="9,6" pos="X">9,6</wf>
         <wf lemma="odstotkom" pos="X">odstotkom</wf>
         <wf lemma="glasov" pos="X">glasov</wf>
         <wf lemma="ostala" pos="X">ostala</wf>
         <wf lemma="brez" pos="X">brez</wf>
         <wf lemma="mandata" pos="X">mandata</wf>
         <wf lemma="." pos="X">.</wf>
      </sentence>
      <sentence id="d000.s1982" source="wordnet-slovenian">
         <wf lemma="Želi" pos="X">Želi</wf>
         <wf lemma="besedo" pos="X">besedo</wf>
         <wf lemma="poročevalec" pos="X">poročevalec</wf>
         <instance id="d000.s1982.t000" lemma="komisija" pos="NOUN">komisije</instance>
         <wf lemma="?" pos="X">?</wf>
      </sentence>
      <sentence id="d000.s1983" source="wordnet-slovenian">
         <wf lemma="Takoj" pos="X">Takoj</wf>
         <wf lemma="je" pos="X">je</wf>
         <wf lemma="vzpostavil" pos="X">vzpostavil</wf>
         <wf lemma="očesni" pos="X">očesni</wf>
         <wf lemma="stik" pos="X">stik</wf>
         <wf lemma="z" pos="X">z</wf>
         <wf lemma="menoj" pos="X">menoj</wf>
         <wf lemma="in" pos="X">in</wf>
         <wf lemma="tudi" pos="X">tudi</wf>
         <wf lemma="odgovarjal" pos="X">odgovarjal</wf>
         <wf lemma="na" pos="X">na</wf>
         <wf lemma="moja" pos="X">moja</wf>
         <instance id="d000.s1983.t000" lemma="vprašanje" pos="NOUN">vprašanja</instance>
         <wf lemma="(" pos="X">(</wf>
         <wf lemma="ime" pos="X">ime</wf>
         <wf lemma="," pos="X">,</wf>
         <wf lemma="starost" pos="X">starost</wf>
         <wf lemma="," pos="X">,</wf>
         <wf lemma="kje" pos="X">kje</wf>
         <wf lemma="je" pos="X">je</wf>
         <wf lemma="doma" pos="X">doma</wf>
         <wf lemma="…" pos="X">…</wf>
         <wf lemma="." pos="X">.</wf>
      </sentence>
      <sentence id="d000.s1984" source="wordnet-slovenian">
         <wf lemma="Učenci" pos="X">Učenci</wf>
         <wf lemma="naj" pos="X">naj</wf>
         <wf lemma="napišejo" pos="X">napišejo</wf>
         <wf lemma="," pos="X">,</wf>
         <wf lemma="kakšni" pos="X">kakšni</wf>
         <wf lemma="moški" pos="X">moški</wf>
         <wf lemma="so" pos="X">so</wf>
         <wf lemma="po" pos="X">po</wf>
         <wf lemma="njihovem" pos="X">njihovem</wf>
         <wf lemma="mnenju" pos="X">mnenju</wf>
         <wf lemma="všeč" pos="X">všeč</wf>
         <instance id="d000.s1984.t000" lemma="ženska" pos="NOUN">ženskam</instance>
         <wf lemma="." pos="X">.</wf>
      </sentence>
      <sentence id="d000.s1985" source="wordnet-slovenian">
         <wf lemma="Morda" pos="X">Morda</wf>
         <wf lemma="je" pos="X">je</wf>
         <wf lemma="ravno" pos="X">ravno</wf>
         <wf lemma="v" pos="X">v</wf>
         <wf lemma="njeni" pos="X">njeni</wf>
         <wf lemma="ljubezni" pos="X">ljubezni</wf>
         <wf lemma="do" pos="X">do</wf>
         <wf lemma="narave" pos="X">narave</wf>
         <wf lemma="iskati" pos="X">iskati</wf>
         <wf lemma="razlog" pos="X">razlog</wf>
         <wf lemma="," pos="X">,</wf>
         <wf lemma="zakaj" pos="X">zakaj</wf>
         <wf lemma="toliko" pos="X">toliko</wf>
         <instance id="d000.s1985.t000" lemma="ženska" pos="NOUN">žensk</instance>
         <wf lemma="," pos="X">,</wf>
         <wf lemma="rojenih" pos="X">rojenih</wf>
         <wf lemma="v" pos="X">v</wf>
         <wf lemma="tem" pos="X">tem</wf>
         <wf lemma="znamenju" pos="X">znamenju</wf>
         <wf lemma="," pos="X">,</wf>
         <wf lemma="rado" pos="X">rado</wf>
         <wf lemma="zahaja" pos="X">zahaja</wf>
         <wf lemma="na" pos="X">na</wf>
         <wf lemma="nudistične" pos="X">nudistične</wf>
         <wf lemma="plaže" pos="X">plaže</wf>
         <wf lemma="." pos="X">.</wf>
      </sentence>
      <sentence id="d000.s1986" source="wordnet-slovenian">
         <wf lemma="Njegovo" pos="X">Njegovo</wf>
         <wf lemma="urarstvo" pos="X">urarstvo</wf>
         <wf lemma="je" pos="X">je</wf>
         <wf lemma="že" pos="X">že</wf>
         <wf lemma="desetletja" pos="X">desetletja</wf>
         <wf lemma="ena" pos="X">ena</wf>
         <wf lemma="nepogrešljivih" pos="X">nepogrešljivih</wf>
         <instance id="d000.s1986.t000" lemma="točka" pos="NOUN">točk</instance>
         <wf lemma="v" pos="X">v</wf>
         <wf lemma="mestnem" pos="X">mestnem</wf>
         <wf lemma="središču" pos="X">središču</wf>
         <wf lemma="." pos="X">.</wf>
      </sentence>
      <sentence id="d000.s1987" source="wordnet-slovenian">
         <wf lemma="On" pos="X">On</wf>
         <wf lemma="," pos="X">,</wf>
         <wf lemma="ki" pos="X">ki</wf>
         <wf lemma="je" pos="X">je</wf>
         <wf lemma="rekel" pos="X">rekel</wf>
         <wf lemma="v" pos="X">v</wf>
         <wf lemma="trenutkih" pos="X">trenutkih</wf>
         <wf lemma="globokega" pos="X">globokega</wf>
         <wf lemma="veselja" pos="X">veselja</wf>
         <wf lemma="," pos="X">,</wf>
         <wf lemma="v" pos="X">v</wf>
         <instance id="d000.s1987.t000" lemma="dan" pos="NOUN">dneh</instance>
         <wf lemma="svojega" pos="X">svojega</wf>
         <wf lemma="zemeljskega" pos="X">zemeljskega</wf>
         <wf lemma="življenja" pos="X">življenja</wf>
         <wf lemma=":" pos="X">:</wf>
         <wf lemma="Slavim" pos="X">Slavim</wf>
         <wf lemma="te" pos="X">te</wf>
         <wf lemma="," pos="X">,</wf>
         <wf lemma="Oče" pos="X">Oče</wf>
         <wf lemma="," pos="X">,</wf>
         <wf lemma="Gospod" pos="X">Gospod</wf>
         <wf lemma="neba" pos="X">neba</wf>
         <wf lemma="in" pos="X">in</wf>
         <wf lemma="zemlje" pos="X">zemlje</wf>
         <wf lemma="," pos="X">,</wf>
         <wf lemma="da" pos="X">da</wf>
         <wf lemma="si" pos="X">si</wf>
         <wf lemma="prikril" pos="X">prikril</wf>
         <wf lemma="to" pos="X">to</wf>
         <wf lemma="modrim" pos="X">modrim</wf>
         <wf lemma="in" pos="X">in</wf>
         <wf lemma="razumnim" pos="X">razumnim</wf>
         <wf lemma="in" pos="X">in</wf>
         <wf lemma="razodel" pos="X">razodel</wf>
         <wf lemma="malim" pos="X">malim</wf>
         <wf lemma="(" pos="X">(</wf>
         <wf lemma="Lk" pos="X">Lk</wf>
         <wf lemma="10,21" pos="X">10,21</wf>
         <wf lemma=")" pos="X">)</wf>
         <wf lemma="," pos="X">,</wf>
         <wf lemma="je" pos="X">je</wf>
         <wf lemma="hotel" pos="X">hotel</wf>
         <wf lemma="na" pos="X">na</wf>
         <wf lemma="meni" pos="X">meni</wf>
         <wf lemma="pokazati" pos="X">pokazati</wf>
         <wf lemma="svoje" pos="X">svoje</wf>
         <wf lemma="usmiljenje" pos="X">usmiljenje</wf>
         <wf lemma="." pos="X">.</wf>
      </sentence>
      <sentence id="d000.s1988" source="wordnet-slovenian">
         <wf lemma="ZVZD" pos="X">ZVZD</wf>
         <wf lemma="DOLOČA" pos="X">DOLOČA</wf>
         <instance id="d000.s1988.t000" lemma="pravica" pos="NOUN">PRAVICE</instance>
         <wf lemma="IN" pos="X">IN</wf>
         <wf lemma="DOLŽNOSTI" pos="X">DOLŽNOSTI</wf>
         <wf lemma="DELODAJALCEV" pos="X">DELODAJALCEV</wf>
         <wf lemma="IN" pos="X">IN</wf>
         <wf lemma="DELAVCEV" pos="X">DELAVCEV</wf>
         <wf lemma="V" pos="X">V</wf>
         <wf lemma="ZVEZI" pos="X">ZVEZI</wf>
         <wf lemma="Z" pos="X">Z</wf>
         <wf lemma="VARNIM" pos="X">VARNIM</wf>
         <wf lemma="IN" pos="X">IN</wf>
         <wf lemma="ZDRAVIM" pos="X">ZDRAVIM</wf>
         <wf lemma="DELOM" pos="X">DELOM</wf>
         <wf lemma="TER" pos="X">TER</wf>
         <wf lemma="UKREPE" pos="X">UKREPE</wf>
         <wf lemma="ZA" pos="X">ZA</wf>
         <wf lemma="ZAGOTAVLJANJE" pos="X">ZAGOTAVLJANJE</wf>
         <wf lemma="VARNOSTI" pos="X">VARNOSTI</wf>
         <wf lemma="IN" pos="X">IN</wf>
         <wf lemma="ZDRAVJA" pos="X">ZDRAVJA</wf>
         <wf lemma="PRI" pos="X">PRI</wf>
         <wf lemma="DELU" pos="X">DELU</wf>
         <wf lemma="." pos="X">.</wf>
      </sentence>
      <sentence id="d000.s1989" source="wordnet-slovenian">
         <wf lemma="Tehtnice" pos="X">Tehtnice</wf>
         <wf lemma="–" pos="X">–</wf>
         <wf lemma="moški" pos="X">moški</wf>
         <wf lemma="in" pos="X">in</wf>
         <instance id="d000.s1989.t000" lemma="ženska" pos="NOUN">ženske</instance>
         <wf lemma="–" pos="X">–</wf>
         <wf lemma="so" pos="X">so</wf>
         <wf lemma="zelo" pos="X">zelo</wf>
         <wf lemma="ponosni" pos="X">ponosni</wf>
         <wf lemma="na" pos="X">na</wf>
         <wf lemma="svoje" pos="X">svoje</wf>
         <wf lemma="kulinarične" pos="X">kulinarične</wf>
         <wf lemma="sposobnosti" pos="X">sposobnosti</wf>
         <wf lemma="." pos="X">.</wf>
      </sentence>
      <sentence id="d000.s1990" source="wordnet-slovenian">
         <wf lemma="Splošno" pos="X">Splošno</wf>
         <wf lemma="pa" pos="X">pa</wf>
         <wf lemma="odločitev" pos="X">odločitev</wf>
         <instance id="d000.s1990.t000" lemma="država" pos="NOUN">držav</instance>
         <wf lemma="članic" pos="X">članic</wf>
         <wf lemma="," pos="X">,</wf>
         <wf lemma="da" pos="X">da</wf>
         <wf lemma="je" pos="X">je</wf>
         <wf lemma="potrebno" pos="X">potrebno</wf>
         <wf lemma="Evropo" pos="X">Evropo</wf>
         <wf lemma="urediti" pos="X">urediti</wf>
         <wf lemma="kot" pos="X">kot</wf>
         <wf lemma="skupnost" pos="X">skupnost</wf>
         <wf lemma="svobodnih" pos="X">svobodnih</wf>
         <wf lemma="držav" pos="X">držav</wf>
         <wf lemma="ne" pos="X">ne</wf>
         <wf lemma="samo" pos="X">samo</wf>
         <wf lemma="presega" pos="X">presega</wf>
         <wf lemma="delitev" pos="X">delitev</wf>
         <wf lemma="v" pos="X">v</wf>
         <wf lemma="Evropi" pos="X">Evropi</wf>
         <wf lemma="po" pos="X">po</wf>
         <wf lemma="drugi" pos="X">drugi</wf>
         <wf lemma="svetovni" pos="X">svetovni</wf>
         <wf lemma="vojni" pos="X">vojni</wf>
         <wf lemma="," pos="X">,</wf>
         <wf lemma="ne" pos="X">ne</wf>
         <wf lemma="zgolj" pos="X">zgolj</wf>
         <wf lemma="med" pos="X">med</wf>
         <wf lemma="poraženci" pos="X">poraženci</wf>
         <wf lemma="in" pos="X">in</wf>
         <wf lemma="zmagovalci" pos="X">zmagovalci</wf>
         <wf lemma="ampak" pos="X">ampak</wf>
         <wf lemma="v" pos="X">v</wf>
         <wf lemma="obliki" pos="X">obliki</wf>
         <wf lemma="dveh" pos="X">dveh</wf>
         <wf lemma="sistemov" pos="X">sistemov</wf>
         <wf lemma="," pos="X">,</wf>
         <wf lemma="ki" pos="X">ki</wf>
         <wf lemma="jih" pos="X">jih</wf>
         <wf lemma="je" pos="X">je</wf>
         <wf lemma="nasledila" pos="X">nasledila</wf>
         <wf lemma="," pos="X">,</wf>
         <wf lemma="socilaističnega" pos="X">socilaističnega</wf>
         <wf lemma="in" pos="X">in</wf>
         <wf lemma="demokratskega" pos="X">demokratskega</wf>
         <wf lemma="." pos="X">.</wf>
      </sentence>
      <sentence id="d000.s1991" source="wordnet-slovenian">
         <wf lemma="Zgodba" pos="X">Zgodba</wf>
         <wf lemma="mi" pos="X">mi</wf>
         <wf lemma="ni" pos="X">ni</wf>
         <wf lemma="in" pos="X">in</wf>
         <wf lemma="ni" pos="X">ni</wf>
         <wf lemma="šla" pos="X">šla</wf>
         <wf lemma="iz" pos="X">iz</wf>
         <instance id="d000.s1991.t000" lemma="glava" pos="NOUN">glave</instance>
         <wf lemma="in" pos="X">in</wf>
         <wf lemma="sanjaril" pos="X">sanjaril</wf>
         <wf lemma="sem" pos="X">sem</wf>
         <wf lemma="," pos="X">,</wf>
         <wf lemma="da" pos="X">da</wf>
         <wf lemma="bom" pos="X">bom</wf>
         <wf lemma="našel" pos="X">našel</wf>
         <wf lemma="levje" pos="X">levje</wf>
         <wf lemma="krilo" pos="X">krilo</wf>
         <wf lemma="," pos="X">,</wf>
         <wf lemma="z" pos="X">z</wf>
         <wf lemma="njim" pos="X">njim</wf>
         <wf lemma="povrnil" pos="X">povrnil</wf>
         <wf lemma="čarovnijo" pos="X">čarovnijo</wf>
         <wf lemma="vrtiljaka" pos="X">vrtiljaka</wf>
         <wf lemma="in" pos="X">in</wf>
         <wf lemma="se" pos="X">se</wf>
         <wf lemma="s" pos="X">s</wf>
         <wf lemma="sestro" pos="X">sestro</wf>
         <wf lemma="zavrtel" pos="X">zavrtel</wf>
         <wf lemma="na" pos="X">na</wf>
         <wf lemma="njem" pos="X">njem</wf>
         <wf lemma="." pos="X">.</wf>
      </sentence>
      <sentence id="d000.s1992" source="wordnet-slovenian">
         <wf lemma="Prvi" pos="X">Prvi</wf>
         <wf lemma="dan" pos="X">dan</wf>
         <wf lemma="v" pos="X">v</wf>
         <instance id="d000.s1992.t000" lemma="mesec" pos="NOUN">mesecu</instance>
         <wf lemma="je" pos="X">je</wf>
         <wf lemma="bil" pos="X">bil</wf>
         <wf lemma="posvečen" pos="X">posvečen</wf>
         <wf lemma="soncu" pos="X">soncu</wf>
         <wf lemma="," pos="X">,</wf>
         <wf lemma="h" pos="X">h</wf>
         <wf lemma="kateremu" pos="X">kateremu</wf>
         <wf lemma="so" pos="X">so</wf>
         <wf lemma="se" pos="X">se</wf>
         <wf lemma="obračali" pos="X">obračali</wf>
         <wf lemma="verniki" pos="X">verniki</wf>
         <wf lemma="zjutraj" pos="X">zjutraj</wf>
         <wf lemma="," pos="X">,</wf>
         <wf lemma="opldne" pos="X">opldne</wf>
         <wf lemma="in" pos="X">in</wf>
         <wf lemma="zvečer" pos="X">zvečer</wf>
         <wf lemma="." pos="X">.</wf>
      </sentence>
      <sentence id="d000.s1993" source="wordnet-slovenian">
         <wf lemma="Najprej" pos="X">Najprej</wf>
         <wf lemma="bomo" pos="X">bomo</wf>
         <wf lemma="naredili" pos="X">naredili</wf>
         <wf lemma="anketo" pos="X">anketo</wf>
         <wf lemma="in" pos="X">in</wf>
         <wf lemma="se" pos="X">se</wf>
         <wf lemma="po" pos="X">po</wf>
         <wf lemma="zbranih" pos="X">zbranih</wf>
         <instance id="d000.s1993.t000" lemma="mnenje" pos="NOUN">mnenjih</instance>
         <wf lemma="odločili" pos="X">odločili</wf>
         <wf lemma="za" pos="X">za</wf>
         <wf lemma="neko" pos="X">neko</wf>
         <wf lemma="srednjo" pos="X">srednjo</wf>
         <wf lemma="možnost" pos="X">možnost</wf>
         <wf lemma="." pos="X">.</wf>
      </sentence>
      <sentence id="d000.s1994" source="wordnet-slovenian">
         <instance id="d000.s1994.t000" lemma="leto" pos="NOUN">Leta</instance>
         <wf lemma="1993" pos="X">1993</wf>
         <wf lemma="je" pos="X">je</wf>
         <wf lemma="bila" pos="X">bila</wf>
         <wf lemma="predlagana" pos="X">predlagana</wf>
         <wf lemma="za" pos="X">za</wf>
         <wf lemma="delegatko" pos="X">delegatko</wf>
         <wf lemma="v" pos="X">v</wf>
         <wf lemma="generalni" pos="X">generalni</wf>
         <wf lemma="skupščini" pos="X">skupščini</wf>
         <wf lemma="glasbenih" pos="X">glasbenih</wf>
         <wf lemma="ekspertov" pos="X">ekspertov</wf>
         <wf lemma="EBU" pos="X">EBU</wf>
         <wf lemma="," pos="X">,</wf>
         <wf lemma="na" pos="X">na</wf>
         <wf lemma="plenarnem" pos="X">plenarnem</wf>
         <wf lemma="zasedanju" pos="X">zasedanju</wf>
         <wf lemma="leto" pos="X">leto</wf>
         <wf lemma="kasneje" pos="X">kasneje</wf>
         <wf lemma="pa" pos="X">pa</wf>
         <wf lemma="je" pos="X">je</wf>
         <wf lemma="bila" pos="X">bila</wf>
         <wf lemma="izvoljena" pos="X">izvoljena</wf>
         <wf lemma="v" pos="X">v</wf>
         <wf lemma="evropsko" pos="X">evropsko</wf>
         <wf lemma="glasbeno" pos="X">glasbeno</wf>
         <wf lemma="komisijo" pos="X">komisijo</wf>
         <wf lemma="." pos="X">.</wf>
      </sentence>
      <sentence id="d000.s1995" source="wordnet-slovenian">
         <wf lemma="&quot;" pos="X">&quot;</wf>
         <wf lemma="Pevec" pos="X">Pevec</wf>
         <wf lemma="sicer" pos="X">sicer</wf>
         <wf lemma="malo" pos="X">malo</wf>
         <wf lemma="Alice" pos="X">Alice</wf>
         <wf lemma="obožuje" pos="X">obožuje</wf>
         <wf lemma="kot" pos="X">kot</wf>
         <wf lemma="boginjo" pos="X">boginjo</wf>
         <wf lemma="," pos="X">,</wf>
         <wf lemma="rad" pos="X">rad</wf>
         <wf lemma="pa" pos="X">pa</wf>
         <wf lemma="ima" pos="X">ima</wf>
         <wf lemma="tudi" pos="X">tudi</wf>
         <wf lemma="svoje" pos="X">svoje</wf>
         <wf lemma="tri" pos="X">tri</wf>
         <wf lemma="odrasle" pos="X">odrasle</wf>
         <wf lemma="hčere" pos="X">hčere</wf>
         <wf lemma="iz" pos="X">iz</wf>
         <wf lemma="prvega" pos="X">prvega</wf>
         <instance id="d000.s1995.t000" lemma="zakon" pos="NOUN">zakona</instance>
         <wf lemma="z" pos="X">z</wf>
         <wf lemma="ženo" pos="X">ženo</wf>
         <wf lemma="Aduo" pos="X">Aduo</wf>
         <wf lemma="." pos="X">.</wf>
      </sentence>
      <sentence id="d000.s1996" source="wordnet-slovenian">
         <wf lemma="Kaže" pos="X">Kaže</wf>
         <wf lemma="," pos="X">,</wf>
         <wf lemma="da" pos="X">da</wf>
         <wf lemma="Sloveniji" pos="X">Sloveniji</wf>
         <wf lemma="ni" pos="X">ni</wf>
         <wf lemma="mar" pos="X">mar</wf>
         <wf lemma="za" pos="X">za</wf>
         <wf lemma="svoje" pos="X">svoje</wf>
         <wf lemma="imetje" pos="X">imetje</wf>
         <wf lemma="," pos="X">,</wf>
         <wf lemma="za" pos="X">za</wf>
         <wf lemma="svoje" pos="X">svoje</wf>
         <instance id="d000.s1996.t000" lemma="človek" pos="NOUN">ljudi</instance>
         <wf lemma="in" pos="X">in</wf>
         <wf lemma="zato" pos="X">zato</wf>
         <wf lemma="ne" pos="X">ne</wf>
         <wf lemma="čudi" pos="X">čudi</wf>
         <wf lemma="izjava" pos="X">izjava</wf>
         <wf lemma="Franca" pos="X">Franca</wf>
         <wf lemma="Droleta" pos="X">Droleta</wf>
         <wf lemma="," pos="X">,</wf>
         <wf lemma="predsednika" pos="X">predsednika</wf>
         <wf lemma="kobariške" pos="X">kobariške</wf>
         <wf lemma="mlekarne" pos="X">mlekarne</wf>
         <wf lemma="," pos="X">,</wf>
         <wf lemma="na" pos="X">na</wf>
         <wf lemma="včerajšni" pos="X">včerajšni</wf>
         <wf lemma="tiskovni" pos="X">tiskovni</wf>
         <wf lemma="konferenci" pos="X">konferenci</wf>
         <wf lemma=":" pos="X">:</wf>
         <wf lemma="&quot;" pos="X">&quot;</wf>
         <wf lemma="Če" pos="X">Če</wf>
         <wf lemma="Ljubljani" pos="X">Ljubljani</wf>
         <wf lemma="ni" pos="X">ni</wf>
         <wf lemma="mar" pos="X">mar</wf>
         <wf lemma="za" pos="X">za</wf>
         <wf lemma="nas" pos="X">nas</wf>
         <wf lemma="," pos="X">,</wf>
         <wf lemma="se" pos="X">se</wf>
         <wf lemma="bomo" pos="X">bomo</wf>
         <wf lemma="pa" pos="X">pa</wf>
         <wf lemma="priključili" pos="X">priključili</wf>
         <wf lemma="Furlaniji" pos="X">Furlaniji</wf>
         <wf lemma="in" pos="X">in</wf>
         <wf lemma="prodajali" pos="X">prodajali</wf>
         <wf lemma="mleko" pos="X">mleko</wf>
         <wf lemma="v" pos="X">v</wf>
         <wf lemma="Videm" pos="X">Videm</wf>
         <wf lemma="." pos="X">.</wf>
      </sentence>
      <sentence id="d000.s1997" source="wordnet-slovenian">
         <wf lemma="Prepoznaven" pos="X">Prepoznaven</wf>
         <wf lemma="je" pos="X">je</wf>
         <wf lemma="po" pos="X">po</wf>
         <wf lemma="naprej" pos="X">naprej</wf>
         <wf lemma="potegnjeni" pos="X">potegnjeni</wf>
         <wf lemma="maski" pos="X">maski</wf>
         <wf lemma="z" pos="X">z</wf>
         <wf lemma="dvema" pos="X">dvema</wf>
         <wf lemma="hudomušno" pos="X">hudomušno</wf>
         <wf lemma="okroglima" pos="X">okroglima</wf>
         <wf lemma="žarometoma" pos="X">žarometoma</wf>
         <wf lemma="," pos="X">,</wf>
         <wf lemma="dokaj" pos="X">dokaj</wf>
         <wf lemma="temeljitemu" pos="X">temeljitemu</wf>
         <wf lemma="vetrobranskemu" pos="X">vetrobranskemu</wf>
         <wf lemma="steklu" pos="X">steklu</wf>
         <wf lemma="in" pos="X">in</wf>
         <wf lemma="kratkemu" pos="X">kratkemu</wf>
         <wf lemma="zadku" pos="X">zadku</wf>
         <wf lemma="," pos="X">,</wf>
         <wf lemma="ki" pos="X">ki</wf>
         <wf lemma="ga" pos="X">ga</wf>
         <wf lemma="zaključujeta" pos="X">zaključujeta</wf>
         <wf lemma="nosilec" pos="X">nosilec</wf>
         <wf lemma="za" pos="X">za</wf>
         <wf lemma="kovček" pos="X">kovček</wf>
         <wf lemma="in" pos="X">in</wf>
         <wf lemma="strešica" pos="X">strešica</wf>
         <wf lemma="v" pos="X">v</wf>
         <wf lemma="spodnjem" pos="X">spodnjem</wf>
         <instance id="d000.s1997.t000" lemma="del" pos="NOUN">delu</instance>
         <wf lemma="." pos="X">.</wf>
      </sentence>
      <sentence id="d000.s1998" source="wordnet-slovenian">
         <wf lemma=")" pos="X">)</wf>
         <wf lemma="Za" pos="X">Za</wf>
         <wf lemma="delovno" pos="X">delovno</wf>
         <wf lemma="mesto" pos="X">mesto</wf>
         <wf lemma="stažista" pos="X">stažista</wf>
         <wf lemma="je" pos="X">je</wf>
         <wf lemma="moral" pos="X">moral</wf>
         <wf lemma="izpolnjevati" pos="X">izpolnjevati</wf>
         <wf lemma="dva" pos="X">dva</wf>
         <instance id="d000.s1998.t000" lemma="pogoj" pos="NOUN">pogoja</instance>
         <wf lemma=":" pos="X">:</wf>
         <wf lemma="ni" pos="X">ni</wf>
         <wf lemma="smel" pos="X">smel</wf>
         <wf lemma="biti" pos="X">biti</wf>
         <wf lemma="prestar" pos="X">prestar</wf>
         <wf lemma="in" pos="X">in</wf>
         <wf lemma="imeti" pos="X">imeti</wf>
         <wf lemma="je" pos="X">je</wf>
         <wf lemma="moral" pos="X">moral</wf>
         <wf lemma="univerzitetno" pos="X">univerzitetno</wf>
         <wf lemma="diplomo" pos="X">diplomo</wf>
         <wf lemma="." pos="X">.</wf>
      </sentence>
      <sentence id="d000.s1999" source="wordnet-slovenian">
         <wf lemma="Ponižni" pos="X">Ponižni</wf>
         <wf lemma="je" pos="X">je</wf>
         <wf lemma="tudi" pos="X">tudi</wf>
         <wf lemma="," pos="X">,</wf>
         <wf lemma="kadar" pos="X">kadar</wf>
         <wf lemma="je" pos="X">je</wf>
         <wf lemma="osramočen" pos="X">osramočen</wf>
         <wf lemma="," pos="X">,</wf>
         <wf lemma="dosti" pos="X">dosti</wf>
         <wf lemma="miren" pos="X">miren</wf>
         <wf lemma="," pos="X">,</wf>
         <wf lemma="ker" pos="X">ker</wf>
         <wf lemma="se" pos="X">se</wf>
         <wf lemma="opira" pos="X">opira</wf>
         <wf lemma="na" pos="X">na</wf>
         <wf lemma="Boga" pos="X">Boga</wf>
         <wf lemma="in" pos="X">in</wf>
         <wf lemma="ne" pos="X">ne</wf>
         <wf lemma="na" pos="X">na</wf>
         <instance id="d000.s1999.t000" lemma="svet" pos="NOUN">svet</instance>
         <wf lemma="”" pos="X">”</wf>
         <wf lemma="(" pos="X">(</wf>
         <wf lemma="2,2,2" pos="X">2,2,2</wf>
         <wf lemma=")" pos="X">)</wf>
         <wf lemma="." pos="X">.</wf>
      </sentence>
      <sentence id="d000.s2000" source="wordnet-slovenian">
         <wf lemma="Ni" pos="X">Ni</wf>
         <wf lemma="se" pos="X">se</wf>
         <wf lemma="ji" pos="X">ji</wf>
         <wf lemma="namreč" pos="X">namreč</wf>
         <wf lemma="zdelo" pos="X">zdelo</wf>
         <wf lemma="," pos="X">,</wf>
         <wf lemma="da" pos="X">da</wf>
         <wf lemma="je" pos="X">je</wf>
         <wf lemma="med" pos="X">med</wf>
         <wf lemma="Violet" pos="X">Violet</wf>
         <wf lemma="Adamsovo" pos="X">Adamsovo</wf>
         <wf lemma="in" pos="X">in</wf>
         <wf lemma="Meroëjem" pos="X">Meroëjem</wf>
         <wf lemma="kaj" pos="X">kaj</wf>
         <wf lemma="dosti" pos="X">dosti</wf>
         <instance id="d000.s2000.t000" lemma="zveza" pos="NOUN">zveze</instance>
         <wf lemma="." pos="X">.</wf>
      </sentence>
      <sentence id="d000.s2001" source="wordnet-slovenian">
         <wf lemma="Če" pos="X">Če</wf>
         <wf lemma="bi" pos="X">bi</wf>
         <wf lemma="kdo" pos="X">kdo</wf>
         <wf lemma="želel" pos="X">želel</wf>
         <wf lemma="čez" pos="X">čez</wf>
         <wf lemma="70" pos="X">70</wf>
         <instance id="d000.s2001.t000" lemma="leto" pos="NOUN">let</instance>
         <wf lemma="objaviti" pos="X">objaviti</wf>
         <wf lemma="vstopno" pos="X">vstopno</wf>
         <wf lemma="stran" pos="X">stran</wf>
         <wf lemma="v" pos="X">v</wf>
         <wf lemma="našo" pos="X">našo</wf>
         <wf lemma="spletno" pos="X">spletno</wf>
         <wf lemma="predstavitev" pos="X">predstavitev</wf>
         <wf lemma="kot" pos="X">kot</wf>
         <wf lemma="del" pos="X">del</wf>
         <wf lemma="svoje" pos="X">svoje</wf>
         <wf lemma="oglaševalske" pos="X">oglaševalske</wf>
         <wf lemma="akcije" pos="X">akcije</wf>
         <wf lemma="ali" pos="X">ali</wf>
         <wf lemma="svojega" pos="X">svojega</wf>
         <wf lemma="medija" pos="X">medija</wf>
         <wf lemma="," pos="X">,</wf>
         <wf lemma="bi" pos="X">bi</wf>
         <wf lemma="to" pos="X">to</wf>
         <wf lemma="lahko" pos="X">lahko</wf>
         <wf lemma="storil" pos="X">storil</wf>
         <wf lemma="brez" pos="X">brez</wf>
         <wf lemma="pravnih" pos="X">pravnih</wf>
         <wf lemma="posledic" pos="X">posledic</wf>
         <wf lemma="." pos="X">.</wf>
      </sentence>
      <sentence id="d000.s2002" source="wordnet-slovenian">
         <wf lemma="Ker" pos="X">Ker</wf>
         <wf lemma="ima" pos="X">ima</wf>
         <wf lemma="vsako" pos="X">vsako</wf>
         <wf lemma="svojo" pos="X">svojo</wf>
         <instance id="d000.s2002.t000" lemma="zgodba" pos="NOUN">zgodbo</instance>
         <wf lemma="o" pos="X">o</wf>
         <wf lemma="stvarjenju" pos="X">stvarjenju</wf>
         <wf lemma="," pos="X">,</wf>
         <wf lemma="lastno" pos="X">lastno</wf>
         <wf lemma="zgodovino" pos="X">zgodovino</wf>
         <wf lemma="božjega" pos="X">božjega</wf>
         <wf lemma="posega" pos="X">posega</wf>
         <wf lemma="," pos="X">,</wf>
         <wf lemma="svoje" pos="X">svoje</wf>
         <wf lemma="predstave" pos="X">predstave</wf>
         <wf lemma="o" pos="X">o</wf>
         <wf lemma="tem" pos="X">tem</wf>
         <wf lemma="," pos="X">,</wf>
         <wf lemma="kaj" pos="X">kaj</wf>
         <wf lemma="šteje" pos="X">šteje</wf>
         <wf lemma="za" pos="X">za</wf>
         <wf lemma="greh" pos="X">greh</wf>
         <wf lemma="," pos="X">,</wf>
         <wf lemma="je" pos="X">je</wf>
         <wf lemma="bog" pos="X">bog</wf>
         <wf lemma="skozi" pos="X">skozi</wf>
         <wf lemma="prizmo" pos="X">prizmo</wf>
         <wf lemma="verskih" pos="X">verskih</wf>
         <wf lemma="doktrin" pos="X">doktrin</wf>
         <wf lemma="razcepljen" pos="X">razcepljen</wf>
         <wf lemma="v" pos="X">v</wf>
         <wf lemma="nešteto" pos="X">nešteto</wf>
         <wf lemma="refrakcij" pos="X">refrakcij</wf>
         <wf lemma="." pos="X">.</wf>
      </sentence>
      <sentence id="d000.s2003" source="wordnet-slovenian">
         <wf lemma="»" pos="X">»</wf>
         <wf lemma="Dva" pos="X">Dva</wf>
         <wf lemma="," pos="X">,</wf>
         <wf lemma="tri" pos="X">tri</wf>
         <instance id="d000.s2003.t000" lemma="dan" pos="NOUN">dni</instance>
         <wf lemma="." pos="X">.</wf>
      </sentence>
      <sentence id="d000.s2004" source="wordnet-slovenian">
         <wf lemma="Nikakor" pos="X">Nikakor</wf>
         <wf lemma="ne" pos="X">ne</wf>
         <wf lemma="gre" pos="X">gre</wf>
         <wf lemma="za" pos="X">za</wf>
         <wf lemma="omejevanje" pos="X">omejevanje</wf>
         <wf lemma="svobode" pos="X">svobode</wf>
         <wf lemma="znanosti" pos="X">znanosti</wf>
         <wf lemma="," pos="X">,</wf>
         <wf lemma="pač" pos="X">pač</wf>
         <wf lemma="pa" pos="X">pa</wf>
         <wf lemma="za" pos="X">za</wf>
         <wf lemma="omejevanje" pos="X">omejevanje</wf>
         <wf lemma="nekritične" pos="X">nekritične</wf>
         <instance id="d000.s2004.t000" lemma="uporaba" pos="NOUN">uporabe</instance>
         <wf lemma="tveganih" pos="X">tveganih</wf>
         <wf lemma="tehnologij" pos="X">tehnologij</wf>
         <wf lemma="." pos="X">.</wf>
      </sentence>
      <sentence id="d000.s2005" source="wordnet-slovenian">
         <wf lemma="V" pos="X">V</wf>
         <wf lemma="Slovenski" pos="X">Slovenski</wf>
         <wf lemma="filharmoniji" pos="X">filharmoniji</wf>
         <wf lemma="je" pos="X">je</wf>
         <wf lemma="kot" pos="X">kot</wf>
         <wf lemma="poslovna" pos="X">poslovna</wf>
         <wf lemma="in" pos="X">in</wf>
         <wf lemma="programska" pos="X">programska</wf>
         <wf lemma="direktorica" pos="X">direktorica</wf>
         <wf lemma="izpeljala" pos="X">izpeljala</wf>
         <instance id="d000.s2005.t000" lemma="projekt" pos="NOUN">projekt</instance>
         <wf lemma="obnove" pos="X">obnove</wf>
         <wf lemma="stavbe" pos="X">stavbe</wf>
         <wf lemma="Slovenske" pos="X">Slovenske</wf>
         <wf lemma="filharmonije" pos="X">filharmonije</wf>
         <wf lemma="in" pos="X">in</wf>
         <wf lemma="pripravila" pos="X">pripravila</wf>
         <wf lemma="ključne" pos="X">ključne</wf>
         <wf lemma="aktivnosti" pos="X">aktivnosti</wf>
         <wf lemma="ob" pos="X">ob</wf>
         <wf lemma="300." pos="X">300.</wf>
         <wf lemma="obletnici" pos="X">obletnici</wf>
         <wf lemma="ustanovitve" pos="X">ustanovitve</wf>
         <wf lemma="filharmonije" pos="X">filharmonije</wf>
         <wf lemma="." pos="X">.</wf>
      </sentence>
      <sentence id="d000.s2006" source="wordnet-slovenian">
         <wf lemma="Tožnica" pos="X">Tožnica</wf>
         <wf lemma="je" pos="X">je</wf>
         <wf lemma="bila" pos="X">bila</wf>
         <wf lemma="pred" pos="X">pred</wf>
         <wf lemma="odpovedjo" pos="X">odpovedjo</wf>
         <wf lemma="pogodbe" pos="X">pogodbe</wf>
         <wf lemma="o" pos="X">o</wf>
         <wf lemma="zaposlitvi" pos="X">zaposlitvi</wf>
         <wf lemma="seznanjena" pos="X">seznanjena</wf>
         <wf lemma="z" pos="X">z</wf>
         <wf lemma="mnenjem" pos="X">mnenjem</wf>
         <wf lemma="invalidske" pos="X">invalidske</wf>
         <instance id="d000.s2006.t000" lemma="komisija" pos="NOUN">komisije</instance>
         <wf lemma="," pos="X">,</wf>
         <wf lemma="da" pos="X">da</wf>
         <wf lemma="je" pos="X">je</wf>
         <wf lemma="delovno" pos="X">delovno</wf>
         <wf lemma="mesto" pos="X">mesto</wf>
         <wf lemma="," pos="X">,</wf>
         <wf lemma="za" pos="X">za</wf>
         <wf lemma="katero" pos="X">katero</wf>
         <wf lemma="ji" pos="X">ji</wf>
         <wf lemma="je" pos="X">je</wf>
         <wf lemma="delodajalec" pos="X">delodajalec</wf>
         <wf lemma="ponudil" pos="X">ponudil</wf>
         <wf lemma="novo" pos="X">novo</wf>
         <wf lemma="pogodbo" pos="X">pogodbo</wf>
         <wf lemma="o" pos="X">o</wf>
         <wf lemma="zaposlitvi" pos="X">zaposlitvi</wf>
         <wf lemma="," pos="X">,</wf>
         <wf lemma="ustrezno" pos="X">ustrezno</wf>
         <wf lemma="glede" pos="X">glede</wf>
         <wf lemma="na" pos="X">na</wf>
         <wf lemma="njeno" pos="X">njeno</wf>
         <wf lemma="delovno" pos="X">delovno</wf>
         <wf lemma="zmožnost" pos="X">zmožnost</wf>
         <wf lemma="," pos="X">,</wf>
         <wf lemma="tožnica" pos="X">tožnica</wf>
         <wf lemma="pa" pos="X">pa</wf>
         <wf lemma="se" pos="X">se</wf>
         <wf lemma="je" pos="X">je</wf>
         <wf lemma="že" pos="X">že</wf>
         <wf lemma="prej" pos="X">prej</wf>
         <wf lemma="lahko" pos="X">lahko</wf>
         <wf lemma="izrekla" pos="X">izrekla</wf>
         <wf lemma="o" pos="X">o</wf>
         <wf lemma="primernosti" pos="X">primernosti</wf>
         <wf lemma="novega" pos="X">novega</wf>
         <wf lemma="delovnega" pos="X">delovnega</wf>
         <wf lemma="mesta" pos="X">mesta</wf>
         <wf lemma="." pos="X">.</wf>
      </sentence>
      <sentence id="d000.s2007" source="wordnet-slovenian">
         <wf lemma="V" pos="X">V</wf>
         <wf lemma="petek" pos="X">petek</wf>
         <wf lemma="," pos="X">,</wf>
         <wf lemma="12." pos="X">12.</wf>
         <wf lemma="maja" pos="X">maja</wf>
         <wf lemma="," pos="X">,</wf>
         <wf lemma="ob" pos="X">ob</wf>
         <wf lemma="18." pos="X">18.</wf>
         <instance id="d000.s2007.t000" lemma="ura" pos="NOUN">uri</instance>
         <wf lemma="bo" pos="X">bo</wf>
         <wf lemma="medobčinsko" pos="X">medobčinsko</wf>
         <wf lemma="srečanje" pos="X">srečanje</wf>
         <wf lemma="najmlajših" pos="X">najmlajših</wf>
         <wf lemma="literatov" pos="X">literatov</wf>
         <wf lemma="in" pos="X">in</wf>
         <wf lemma="mladih" pos="X">mladih</wf>
         <wf lemma="literatov" pos="X">literatov</wf>
         <wf lemma="začetnikov" pos="X">začetnikov</wf>
         <wf lemma="." pos="X">.</wf>
      </sentence>
      <sentence id="d000.s2008" source="wordnet-slovenian">
         <wf lemma="Ta" pos="X">Ta</wf>
         <wf lemma="človek" pos="X">človek</wf>
         <wf lemma="bi" pos="X">bi</wf>
         <wf lemma="lahko" pos="X">lahko</wf>
         <wf lemma="zakadil" pos="X">zakadil</wf>
         <wf lemma="strope" pos="X">strope</wf>
         <wf lemma="cele" pos="X">cele</wf>
         <instance id="d000.s2008.t000" lemma="hiša" pos="NOUN">hiše</instance>
         <wf lemma="." pos="X">.</wf>
      </sentence>
      <sentence id="d000.s2009" source="wordnet-slovenian">
         <wf lemma="Celo" pos="X">Celo</wf>
         <wf lemma="evropske" pos="X">evropske</wf>
         <wf lemma="volitve" pos="X">volitve</wf>
         <wf lemma="so" pos="X">so</wf>
         <wf lemma="kljub" pos="X">kljub</wf>
         <wf lemma="zvenečemu" pos="X">zvenečemu</wf>
         <instance id="d000.s2009.t000" lemma="ime" pos="NOUN">imenu</instance>
         <wf lemma="klavrna" pos="X">klavrna</wf>
         <wf lemma="podoba" pos="X">podoba</wf>
         <wf lemma="evropske" pos="X">evropske</wf>
         <wf lemma="demokracije" pos="X">demokracije</wf>
         <wf lemma="-" pos="X">-</wf>
         <wf lemma="vsakih" pos="X">vsakih</wf>
         <wf lemma="pet" pos="X">pet</wf>
         <wf lemma="let" pos="X">let</wf>
         <wf lemma="pritegnejo" pos="X">pritegnejo</wf>
         <wf lemma="vedno" pos="X">vedno</wf>
         <wf lemma="manj" pos="X">manj</wf>
         <wf lemma="volivcev" pos="X">volivcev</wf>
         <wf lemma="," pos="X">,</wf>
         <wf lemma="ki" pos="X">ki</wf>
         <wf lemma="se" pos="X">se</wf>
         <wf lemma="jim" pos="X">jim</wf>
         <wf lemma="že" pos="X">že</wf>
         <wf lemma="dolgo" pos="X">dolgo</wf>
         <wf lemma="zdi" pos="X">zdi</wf>
         <wf lemma="zamalo" pos="X">zamalo</wf>
         <wf lemma="," pos="X">,</wf>
         <wf lemma="kako" pos="X">kako</wf>
         <wf lemma="se" pos="X">se</wf>
         <wf lemma="odloča" pos="X">odloča</wf>
         <wf lemma="," pos="X">,</wf>
         <wf lemma="kdo" pos="X">kdo</wf>
         <wf lemma="bo" pos="X">bo</wf>
         <wf lemma="sedel" pos="X">sedel</wf>
         <wf lemma="v" pos="X">v</wf>
         <wf lemma="strasbourški" pos="X">strasbourški</wf>
         <wf lemma="ali" pos="X">ali</wf>
         <wf lemma="bruseljski" pos="X">bruseljski</wf>
         <wf lemma="palači" pos="X">palači</wf>
         <wf lemma="evropskega" pos="X">evropskega</wf>
         <wf lemma="parlamenta" pos="X">parlamenta</wf>
         <wf lemma="." pos="X">.</wf>
      </sentence>
      <sentence id="d000.s2010" source="wordnet-slovenian">
         <wf lemma="Res" pos="X">Res</wf>
         <wf lemma="je" pos="X">je</wf>
         <wf lemma="tudi" pos="X">tudi</wf>
         <wf lemma="to" pos="X">to</wf>
         <wf lemma="," pos="X">,</wf>
         <wf lemma="trudil" pos="X">trudil</wf>
         <wf lemma="bi" pos="X">bi</wf>
         <wf lemma="se" pos="X">se</wf>
         <wf lemma="," pos="X">,</wf>
         <wf lemma="da" pos="X">da</wf>
         <wf lemma="bi" pos="X">bi</wf>
         <wf lemma="vsak" pos="X">vsak</wf>
         <wf lemma="trenutek" pos="X">trenutek</wf>
         <wf lemma="čutili" pos="X">čutili</wf>
         <wf lemma="," pos="X">,</wf>
         <wf lemma="da" pos="X">da</wf>
         <wf lemma="ne" pos="X">ne</wf>
         <wf lemma="garate" pos="X">garate</wf>
         <wf lemma="sami" pos="X">sami</wf>
         <wf lemma="," pos="X">,</wf>
         <wf lemma="da" pos="X">da</wf>
         <wf lemma="v" pos="X">v</wf>
         <wf lemma="četrtem" pos="X">četrtem</wf>
         <wf lemma="vogalu" pos="X">vogalu</wf>
         <wf lemma="gara" pos="X">gara</wf>
         <wf lemma="še" pos="X">še</wf>
         <wf lemma="nekdo" pos="X">nekdo</wf>
         <wf lemma="z" pos="X">z</wf>
         <wf lemma="vami" pos="X">vami</wf>
         <wf lemma="," pos="X">,</wf>
         <wf lemma="pač" pos="X">pač</wf>
         <wf lemma="na" pos="X">na</wf>
         <wf lemma="svoj" pos="X">svoj</wf>
         <instance id="d000.s2010.t000" lemma="način" pos="NOUN">način</instance>
         <wf lemma="." pos="X">.</wf>
      </sentence>
      <sentence id="d000.s2011" source="wordnet-slovenian">
         <wf lemma="Mogoče" pos="X">Mogoče</wf>
         <instance id="d000.s2011.t000" lemma="teden" pos="NOUN">teden</instance>
         <wf lemma="." pos="X">.</wf>
      </sentence>
      <sentence id="d000.s2012" source="wordnet-slovenian">
         <wf lemma="Zelo" pos="X">Zelo</wf>
         <wf lemma="nizka" pos="X">nizka</wf>
         <wf lemma="številka" pos="X">številka</wf>
         <wf lemma="po" pos="X">po</wf>
         <wf lemma="eni" pos="X">eni</wf>
         <wf lemma="strani" pos="X">strani</wf>
         <wf lemma="," pos="X">,</wf>
         <wf lemma="po" pos="X">po</wf>
         <wf lemma="drugi" pos="X">drugi</wf>
         <wf lemma="pa" pos="X">pa</wf>
         <wf lemma="za" pos="X">za</wf>
         <instance id="d000.s2012.t000" lemma="podjetje" pos="NOUN">podjetje</instance>
         <wf lemma="ugodna" pos="X">ugodna</wf>
         <wf lemma="." pos="X">.</wf>
      </sentence>
      <sentence id="d000.s2013" source="wordnet-slovenian">
         <wf lemma="Kadar" pos="X">Kadar</wf>
         <wf lemma="je" pos="X">je</wf>
         <wf lemma="z" pos="X">z</wf>
         <wf lemma="našo" pos="X">našo</wf>
         <wf lemma="srečo" pos="X">srečo</wf>
         <wf lemma="kaj" pos="X">kaj</wf>
         <wf lemma="narobe" pos="X">narobe</wf>
         <wf lemma="-" pos="X">-</wf>
         <wf lemma="največkrat" pos="X">največkrat</wf>
         <wf lemma="zato" pos="X">zato</wf>
         <wf lemma="," pos="X">,</wf>
         <wf lemma="ker" pos="X">ker</wf>
         <wf lemma="smo" pos="X">smo</wf>
         <wf lemma="se" pos="X">se</wf>
         <wf lemma="preobjedli" pos="X">preobjedli</wf>
         <wf lemma="njenih" pos="X">njenih</wf>
         <wf lemma="dobrot" pos="X">dobrot</wf>
         <wf lemma="-" pos="X">-</wf>
         <wf lemma="valimo" pos="X">valimo</wf>
         <wf lemma="krivdo" pos="X">krivdo</wf>
         <wf lemma="za" pos="X">za</wf>
         <wf lemma="svoje" pos="X">svoje</wf>
         <wf lemma="nezgode" pos="X">nezgode</wf>
         <wf lemma="na" pos="X">na</wf>
         <wf lemma="sonce" pos="X">sonce</wf>
         <wf lemma="," pos="X">,</wf>
         <wf lemma="luno" pos="X">luno</wf>
         <wf lemma="in" pos="X">in</wf>
         <wf lemma="zvezde" pos="X">zvezde</wf>
         <wf lemma=";" pos="X">;</wf>
         <wf lemma="kot" pos="X">kot</wf>
         <wf lemma="da" pos="X">da</wf>
         <wf lemma="smo" pos="X">smo</wf>
         <wf lemma="capini" pos="X">capini</wf>
         <wf lemma="po" pos="X">po</wf>
         <wf lemma="sili" pos="X">sili</wf>
         <wf lemma="usode" pos="X">usode</wf>
         <wf lemma="," pos="X">,</wf>
         <wf lemma="norci" pos="X">norci</wf>
         <wf lemma="," pos="X">,</wf>
         <wf lemma="ker" pos="X">ker</wf>
         <wf lemma="hočejo" pos="X">hočejo</wf>
         <wf lemma="nebesa" pos="X">nebesa</wf>
         <wf lemma="tako" pos="X">tako</wf>
         <wf lemma="," pos="X">,</wf>
         <wf lemma="barabe" pos="X">barabe</wf>
         <wf lemma="," pos="X">,</wf>
         <wf lemma="zmikavti" pos="X">zmikavti</wf>
         <wf lemma="in" pos="X">in</wf>
         <wf lemma="izdajalci" pos="X">izdajalci</wf>
         <wf lemma="," pos="X">,</wf>
         <wf lemma="ker" pos="X">ker</wf>
         <wf lemma="smo" pos="X">smo</wf>
         <wf lemma="hočeš" pos="X">hočeš</wf>
         <wf lemma="nočeš" pos="X">nočeš</wf>
         <wf lemma="podvrženi" pos="X">podvrženi</wf>
         <wf lemma="vplivom" pos="X">vplivom</wf>
         <wf lemma="nebeških" pos="X">nebeških</wf>
         <wf lemma="sfer" pos="X">sfer</wf>
         <wf lemma="," pos="X">,</wf>
         <wf lemma="pijanci" pos="X">pijanci</wf>
         <wf lemma="," pos="X">,</wf>
         <wf lemma="lažnivci" pos="X">lažnivci</wf>
         <wf lemma="in" pos="X">in</wf>
         <wf lemma="zakonolomci" pos="X">zakonolomci</wf>
         <wf lemma="zato" pos="X">zato</wf>
         <wf lemma="," pos="X">,</wf>
         <wf lemma="ker" pos="X">ker</wf>
         <wf lemma="je" pos="X">je</wf>
         <wf lemma="ob" pos="X">ob</wf>
         <wf lemma="našem" pos="X">našem</wf>
         <wf lemma="rojstvu" pos="X">rojstvu</wf>
         <wf lemma="en" pos="X">en</wf>
         <wf lemma="planet" pos="X">planet</wf>
         <wf lemma="imel" pos="X">imel</wf>
         <wf lemma="večjo" pos="X">večjo</wf>
         <instance id="d000.s2013.t000" lemma="moč" pos="NOUN">moč</instance>
         <wf lemma="kot" pos="X">kot</wf>
         <wf lemma="drugi" pos="X">drugi</wf>
         <wf lemma="-" pos="X">-</wf>
         <wf lemma="skratka" pos="X">skratka</wf>
         <wf lemma="," pos="X">,</wf>
         <wf lemma="kakor" pos="X">kakor</wf>
         <wf lemma="da" pos="X">da</wf>
         <wf lemma="počnemo" pos="X">počnemo</wf>
         <wf lemma="vse" pos="X">vse</wf>
         <wf lemma="svoje" pos="X">svoje</wf>
         <wf lemma="grdobje" pos="X">grdobje</wf>
         <wf lemma="," pos="X">,</wf>
         <wf lemma="ker" pos="X">ker</wf>
         <wf lemma="je" pos="X">je</wf>
         <wf lemma="pač" pos="X">pač</wf>
         <wf lemma="tam" pos="X">tam</wf>
         <wf lemma="zgoraj" pos="X">zgoraj</wf>
         <wf lemma="tako" pos="X">tako</wf>
         <wf lemma="zapisano" pos="X">zapisano</wf>
         <wf lemma="." pos="X">.</wf>
      </sentence>
      <sentence id="d000.s2014" source="wordnet-slovenian">
         <wf lemma="To" pos="X">To</wf>
         <wf lemma="je" pos="X">je</wf>
         <wf lemma="po" pos="X">po</wf>
         <wf lemma="rekreativnem" pos="X">rekreativnem</wf>
         <wf lemma="odmoru" pos="X">odmoru</wf>
         <wf lemma="in" pos="X">in</wf>
         <wf lemma="jutranji" pos="X">jutranji</wf>
         <instance id="d000.s2014.t000" lemma="skupina" pos="NOUN">skupini</instance>
         <wf lemma="," pos="X">,</wf>
         <wf lemma="avtorskem" pos="X">avtorskem</wf>
         <wf lemma="antropohigienskem" pos="X">antropohigienskem</wf>
         <wf lemma="konceptu" pos="X">konceptu</wf>
         <wf lemma="svetovalne" pos="X">svetovalne</wf>
         <wf lemma="pomoči" pos="X">pomoči</wf>
         <wf lemma="za" pos="X">za</wf>
         <wf lemma="razvoj" pos="X">razvoj</wf>
         <wf lemma="zdrave" pos="X">zdrave</wf>
         <wf lemma="osebnosti" pos="X">osebnosti</wf>
         <wf lemma="," pos="X">,</wf>
         <wf lemma="moj" pos="X">moj</wf>
         <wf lemma="tretji" pos="X">tretji</wf>
         <wf lemma="projekt" pos="X">projekt</wf>
         <wf lemma="," pos="X">,</wf>
         <wf lemma="ki" pos="X">ki</wf>
         <wf lemma="naj" pos="X">naj</wf>
         <wf lemma="bi" pos="X">bi</wf>
         <wf lemma="zmanjšal" pos="X">zmanjšal</wf>
         <wf lemma="število" pos="X">število</wf>
         <wf lemma="neuspešnih" pos="X">neuspešnih</wf>
         <wf lemma="učencev" pos="X">učencev</wf>
         <wf lemma="." pos="X">.</wf>
      </sentence>
      <sentence id="d000.s2015" source="wordnet-slovenian">
         <wf lemma="Ideja" pos="X">Ideja</wf>
         <wf lemma="o" pos="X">o</wf>
         <wf lemma="zaprtju" pos="X">zaprtju</wf>
         <wf lemma="mestnega" pos="X">mestnega</wf>
         <wf lemma="središča" pos="X">središča</wf>
         <wf lemma="za" pos="X">za</wf>
         <wf lemma="promet" pos="X">promet</wf>
         <wf lemma="je" pos="X">je</wf>
         <wf lemma="že" pos="X">že</wf>
         <wf lemma="pred" pos="X">pred</wf>
         <instance id="d000.s2015.t000" lemma="čas" pos="NOUN">časom</instance>
         <wf lemma="povzročila" pos="X">povzročila</wf>
         <wf lemma="pravo" pos="X">pravo</wf>
         <wf lemma="razburjenje" pos="X">razburjenje</wf>
         <wf lemma="med" pos="X">med</wf>
         <wf lemma="lastniki" pos="X">lastniki</wf>
         <wf lemma="trgovskih" pos="X">trgovskih</wf>
         <wf lemma="," pos="X">,</wf>
         <wf lemma="gostinskih" pos="X">gostinskih</wf>
         <wf lemma="in" pos="X">in</wf>
         <wf lemma="drugih" pos="X">drugih</wf>
         <wf lemma="lokalov" pos="X">lokalov</wf>
         <wf lemma="na" pos="X">na</wf>
         <wf lemma="eni" pos="X">eni</wf>
         <wf lemma="ter" pos="X">ter</wf>
         <wf lemma="stanovalci" pos="X">stanovalci</wf>
         <wf lemma="na" pos="X">na</wf>
         <wf lemma="drugi" pos="X">drugi</wf>
         <wf lemma="strani" pos="X">strani</wf>
         <wf lemma="." pos="X">.</wf>
      </sentence>
      <sentence id="d000.s2016" source="wordnet-slovenian">
         <wf lemma="Zdaj" pos="X">Zdaj</wf>
         <wf lemma="premišljate" pos="X">premišljate</wf>
         <wf lemma="o" pos="X">o</wf>
         <wf lemma="vsem" pos="X">vsem</wf>
         <wf lemma="tem" pos="X">tem</wf>
         <wf lemma="," pos="X">,</wf>
         <wf lemma="malce" pos="X">malce</wf>
         <wf lemma="ste" pos="X">ste</wf>
         <wf lemma="ljubosumni" pos="X">ljubosumni</wf>
         <wf lemma="na" pos="X">na</wf>
         <wf lemma="tiste" pos="X">tiste</wf>
         <wf lemma="," pos="X">,</wf>
         <wf lemma="ki" pos="X">ki</wf>
         <wf lemma="zavzamejo" pos="X">zavzamejo</wf>
         <wf lemma="vam" pos="X">vam</wf>
         <wf lemma="nedosegljiv" pos="X">nedosegljiv</wf>
         <instance id="d000.s2016.t000" lemma="prostor" pos="NOUN">prostor</instance>
         <wf lemma="." pos="X">.</wf>
      </sentence>
      <sentence id="d000.s2017" source="wordnet-slovenian">
         <wf lemma="Odvetnik" pos="X">Odvetnik</wf>
         <wf lemma="Stambolićeve" pos="X">Stambolićeve</wf>
         <wf lemma="družine" pos="X">družine</wf>
         <wf lemma="Nikola" pos="X">Nikola</wf>
         <wf lemma="Barović" pos="X">Barović</wf>
         <wf lemma="in" pos="X">in</wf>
         <wf lemma="Stambolićeva" pos="X">Stambolićeva</wf>
         <wf lemma="žena" pos="X">žena</wf>
         <wf lemma="Katarina" pos="X">Katarina</wf>
         <wf lemma="pa" pos="X">pa</wf>
         <wf lemma="sta" pos="X">sta</wf>
         <wf lemma="zavrnila" pos="X">zavrnila</wf>
         <wf lemma="namige" pos="X">namige</wf>
         <wf lemma="," pos="X">,</wf>
         <wf lemma="da" pos="X">da</wf>
         <wf lemma="bi" pos="X">bi</wf>
         <wf lemma="lahko" pos="X">lahko</wf>
         <wf lemma="bile" pos="X">bile</wf>
         <wf lemma="v" pos="X">v</wf>
         <wf lemma="ozadju" pos="X">ozadju</wf>
         <wf lemma="kakšne" pos="X">kakšne</wf>
         <wf lemma="poslovne" pos="X">poslovne</wf>
         <instance id="d000.s2017.t000" lemma="zadeva" pos="NOUN">zadeve</instance>
         <wf lemma="," pos="X">,</wf>
         <wf lemma="saj" pos="X">saj</wf>
         <wf lemma="se" pos="X">se</wf>
         <wf lemma="menda" pos="X">menda</wf>
         <wf lemma="Ivan" pos="X">Ivan</wf>
         <wf lemma="Stambolić" pos="X">Stambolić</wf>
         <wf lemma="," pos="X">,</wf>
         <wf lemma="odkar" pos="X">odkar</wf>
         <wf lemma="se" pos="X">se</wf>
         <wf lemma="je" pos="X">je</wf>
         <wf lemma="upokojil" pos="X">upokojil</wf>
         <wf lemma="," pos="X">,</wf>
         <wf lemma="ni" pos="X">ni</wf>
         <wf lemma="ukvarjal" pos="X">ukvarjal</wf>
         <wf lemma="z" pos="X">z</wf>
         <wf lemma="nobenimi" pos="X">nobenimi</wf>
         <wf lemma="poslovnimi" pos="X">poslovnimi</wf>
         <wf lemma="zadevami" pos="X">zadevami</wf>
         <wf lemma="." pos="X">.</wf>
      </sentence>
      <sentence id="d000.s2018" source="wordnet-slovenian">
         <wf lemma="Ena" pos="X">Ena</wf>
         <wf lemma="od" pos="X">od</wf>
         <wf lemma="težav" pos="X">težav</wf>
         <wf lemma="pri" pos="X">pri</wf>
         <wf lemma="izsušitvi" pos="X">izsušitvi</wf>
         <wf lemma="je" pos="X">je</wf>
         <wf lemma="ta" pos="X">ta</wf>
         <wf lemma="," pos="X">,</wf>
         <wf lemma="da" pos="X">da</wf>
         <wf lemma="je" pos="X">je</wf>
         <wf lemma="žeja" pos="X">žeja</wf>
         <wf lemma="slab" pos="X">slab</wf>
         <wf lemma="kazalec" pos="X">kazalec</wf>
         <wf lemma="potrebe" pos="X">potrebe</wf>
         <instance id="d000.s2018.t000" lemma="telo" pos="NOUN">telesa</instance>
         <wf lemma="po" pos="X">po</wf>
         <wf lemma="tekočini" pos="X">tekočini</wf>
         <wf lemma="." pos="X">.</wf>
      </sentence>
      <sentence id="d000.s2019" source="wordnet-slovenian">
         <wf lemma="Tekmeca" pos="X">Tekmeca</wf>
         <wf lemma="," pos="X">,</wf>
         <wf lemma="ki" pos="X">ki</wf>
         <wf lemma="so" pos="X">so</wf>
         <wf lemma="jima" pos="X">jima</wf>
         <wf lemma="okoliščine" pos="X">okoliščine</wf>
         <wf lemma="onemogočile" pos="X">onemogočile</wf>
         <wf lemma="," pos="X">,</wf>
         <wf lemma="da" pos="X">da</wf>
         <wf lemma="bi" pos="X">bi</wf>
         <wf lemma="postala" pos="X">postala</wf>
         <wf lemma="zaveznika" pos="X">zaveznika</wf>
         <wf lemma="," pos="X">,</wf>
         <wf lemma="kljub" pos="X">kljub</wf>
         <wf lemma="temu" pos="X">temu</wf>
         <wf lemma="pa" pos="X">pa</wf>
         <wf lemma="je" pos="X">je</wf>
         <wf lemma="bilo" pos="X">bilo</wf>
         <wf lemma="za" pos="X">za</wf>
         <wf lemma="ostrimi" pos="X">ostrimi</wf>
         <wf lemma="vprašanji" pos="X">vprašanji</wf>
         <wf lemma="in" pos="X">in</wf>
         <wf lemma="odgovori" pos="X">odgovori</wf>
         <wf lemma="prisotno" pos="X">prisotno</wf>
         <wf lemma="neizgovorjeno" pos="X">neizgovorjeno</wf>
         <wf lemma="razumevanje" pos="X">razumevanje</wf>
         <wf lemma=";" pos="X">;</wf>
         <wf lemma="zajeto" pos="X">zajeto</wf>
         <wf lemma="je" pos="X">je</wf>
         <wf lemma="bilo" pos="X">bilo</wf>
         <wf lemma="v" pos="X">v</wf>
         <wf lemma="samoumevnosti" pos="X">samoumevnosti</wf>
         <wf lemma="," pos="X">,</wf>
         <wf lemma="tisti" pos="X">tisti</wf>
         <wf lemma="samoumevnosti" pos="X">samoumevnosti</wf>
         <wf lemma="," pos="X">,</wf>
         <wf lemma="ki" pos="X">ki</wf>
         <wf lemma="edina" pos="X">edina</wf>
         <wf lemma="zbliža" pos="X">zbliža</wf>
         <wf lemma="ali" pos="X">ali</wf>
         <wf lemma="odbije" pos="X">odbije</wf>
         <instance id="d000.s2019.t000" lemma="svet" pos="NOUN">svetove</instance>
         <wf lemma="." pos="X">.</wf>
      </sentence>
      <sentence id="d000.s2020" source="wordnet-slovenian">
         <wf lemma="Oblikovno" pos="X">Oblikovno</wf>
         <wf lemma="in" pos="X">in</wf>
         <wf lemma="vsebinsko" pos="X">vsebinsko</wf>
         <wf lemma="izstopajoč" pos="X">izstopajoč</wf>
         <wf lemma="oglas" pos="X">oglas</wf>
         <wf lemma="pa" pos="X">pa</wf>
         <wf lemma="bodo" pos="X">bodo</wf>
         <wf lemma="opazili" pos="X">opazili</wf>
         <wf lemma="tudi" pos="X">tudi</wf>
         <wf lemma="drugi" pos="X">drugi</wf>
         <wf lemma="bralci" pos="X">bralci</wf>
         <wf lemma="in" pos="X">in</wf>
         <wf lemma="si" pos="X">si</wf>
         <wf lemma="tako" pos="X">tako</wf>
         <wf lemma="ustvarili" pos="X">ustvarili</wf>
         <wf lemma="pozitivno" pos="X">pozitivno</wf>
         <instance id="d000.s2020.t000" lemma="mnenje" pos="NOUN">mnenje</instance>
         <wf lemma="o" pos="X">o</wf>
         <wf lemma="organizaciji" pos="X">organizaciji</wf>
         <wf lemma="." pos="X">.</wf>
      </sentence>
      <sentence id="d000.s2021" source="wordnet-slovenian">
         <wf lemma="Pojasnite" pos="X">Pojasnite</wf>
         <wf lemma="," pos="X">,</wf>
         <wf lemma="da" pos="X">da</wf>
         <wf lemma="vam" pos="X">vam</wf>
         <wf lemma="ni" pos="X">ni</wf>
         <wf lemma="nič" pos="X">nič</wf>
         <wf lemma="dolžan" pos="X">dolžan</wf>
         <wf lemma="in" pos="X">in</wf>
         <wf lemma="da" pos="X">da</wf>
         <wf lemma="upate" pos="X">upate</wf>
         <wf lemma="samo" pos="X">samo</wf>
         <wf lemma="to" pos="X">to</wf>
         <wf lemma="," pos="X">,</wf>
         <wf lemma="da" pos="X">da</wf>
         <wf lemma="bo" pos="X">bo</wf>
         <wf lemma="tudi" pos="X">tudi</wf>
         <wf lemma="on" pos="X">on</wf>
         <wf lemma="skušal" pos="X">skušal</wf>
         <wf lemma="pomagati" pos="X">pomagati</wf>
         <wf lemma="drugim" pos="X">drugim</wf>
         <wf lemma="alkoholikom" pos="X">alkoholikom</wf>
         <wf lemma="," pos="X">,</wf>
         <wf lemma="ko" pos="X">ko</wf>
         <wf lemma="se" pos="X">se</wf>
         <wf lemma="bo" pos="X">bo</wf>
         <wf lemma="sam" pos="X">sam</wf>
         <wf lemma="izvlekel" pos="X">izvlekel</wf>
         <wf lemma="iz" pos="X">iz</wf>
         <instance id="d000.s2021.t000" lemma="težava" pos="NOUN">težav</instance>
         <wf lemma="." pos="X">.</wf>
      </sentence>
      <sentence id="d000.s2022" source="wordnet-slovenian">
         <wf lemma="Kunze" pos="X">Kunze</wf>
         <wf lemma="," pos="X">,</wf>
         <wf lemma="perzijski" pos="X">perzijski</wf>
         <wf lemma="vodnik" pos="X">vodnik</wf>
         <wf lemma="," pos="X">,</wf>
         <wf lemma="ki" pos="X">ki</wf>
         <wf lemma="jih" pos="X">jih</wf>
         <wf lemma="je" pos="X">je</wf>
         <wf lemma="spremljal" pos="X">spremljal</wf>
         <wf lemma="skoraj" pos="X">skoraj</wf>
         <wf lemma="vso" pos="X">vso</wf>
         <wf lemma="pot" pos="X">pot</wf>
         <wf lemma="od" pos="X">od</wf>
         <wf lemma="Benetk" pos="X">Benetk</wf>
         <wf lemma="," pos="X">,</wf>
         <wf lemma="se" pos="X">se</wf>
         <wf lemma="je" pos="X">je</wf>
         <wf lemma="odpravil" pos="X">odpravil</wf>
         <wf lemma="proti" pos="X">proti</wf>
         <wf lemma="konju" pos="X">konju</wf>
         <wf lemma="," pos="X">,</wf>
         <wf lemma="še" pos="X">še</wf>
         <wf lemma="prej" pos="X">prej</wf>
         <wf lemma="pa" pos="X">pa</wf>
         <wf lemma="je" pos="X">je</wf>
         <wf lemma="s" pos="X">s</wf>
         <instance id="d000.s2022.t000" lemma="pogled" pos="NOUN">pogledom</instance>
         <wf lemma="ošinil" pos="X">ošinil</wf>
         <wf lemma="Marca" pos="X">Marca</wf>
         <wf lemma="." pos="X">.</wf>
      </sentence>
      <sentence id="d000.s2023" source="wordnet-slovenian">
         <wf lemma="LJUBLJANA" pos="X">LJUBLJANA</wf>
         <wf lemma="-" pos="X">-</wf>
         <wf lemma="Do" pos="X">Do</wf>
         <wf lemma="22." pos="X">22.</wf>
         <wf lemma="decembra" pos="X">decembra</wf>
         <wf lemma="letos" pos="X">letos</wf>
         <wf lemma="je" pos="X">je</wf>
         <wf lemma="zaradi" pos="X">zaradi</wf>
         <wf lemma="prometnih" pos="X">prometnih</wf>
         <wf lemma="nesreč" pos="X">nesreč</wf>
         <wf lemma="na" pos="X">na</wf>
         <wf lemma="slovenskih" pos="X">slovenskih</wf>
         <wf lemma="cestah" pos="X">cestah</wf>
         <wf lemma="umrlo" pos="X">umrlo</wf>
         <wf lemma="13,67" pos="X">13,67</wf>
         <wf lemma="odstotkov" pos="X">odstotkov</wf>
         <wf lemma="manj" pos="X">manj</wf>
         <wf lemma="oseb" pos="X">oseb</wf>
         <wf lemma="kot" pos="X">kot</wf>
         <wf lemma="v" pos="X">v</wf>
         <wf lemma="enakem" pos="X">enakem</wf>
         <instance id="d000.s2023.t000" lemma="obdobje" pos="NOUN">obdobju</instance>
         <wf lemma="lani" pos="X">lani</wf>
         <wf lemma="," pos="X">,</wf>
         <wf lemma="letos" pos="X">letos</wf>
         <wf lemma="torej" pos="X">torej</wf>
         <wf lemma="303" pos="X">303</wf>
         <wf lemma="," pos="X">,</wf>
         <wf lemma="lani" pos="X">lani</wf>
         <wf lemma="pa" pos="X">pa</wf>
         <wf lemma="351" pos="X">351</wf>
         <wf lemma="." pos="X">.</wf>
      </sentence>
      <sentence id="d000.s2024" source="wordnet-slovenian">
         <wf lemma="Pogosto" pos="X">Pogosto</wf>
         <wf lemma="je" pos="X">je</wf>
         <wf lemma="ostalo" pos="X">ostalo</wf>
         <wf lemma="samo" pos="X">samo</wf>
         <wf lemma="pri" pos="X">pri</wf>
         <wf lemma="poskusih" pos="X">poskusih</wf>
         <wf lemma="ali" pos="X">ali</wf>
         <wf lemma="celó" pos="X">celó</wf>
         <wf lemma="zamislih" pos="X">zamislih</wf>
         <wf lemma="," pos="X">,</wf>
         <wf lemma="najbolj" pos="X">najbolj</wf>
         <wf lemma="zgodnja" pos="X">zgodnja</wf>
         <wf lemma="igra" pos="X">igra</wf>
         <wf lemma="iz" pos="X">iz</wf>
         <wf lemma="Krekovega" pos="X">Krekovega</wf>
         <wf lemma="krožka" pos="X">krožka</wf>
         <wf lemma="se" pos="X">se</wf>
         <wf lemma="je" pos="X">je</wf>
         <wf lemma="zgubila" pos="X">zgubila</wf>
         <wf lemma="," pos="X">,</wf>
         <wf lemma="nekaj" pos="X">nekaj</wf>
         <wf lemma="stvari" pos="X">stvari</wf>
         <wf lemma="je" pos="X">je</wf>
         <wf lemma="pesnik" pos="X">pesnik</wf>
         <wf lemma="dokončal" pos="X">dokončal</wf>
         <wf lemma="," pos="X">,</wf>
         <wf lemma="a" pos="X">a</wf>
         <wf lemma="so" pos="X">so</wf>
         <wf lemma="ostale" pos="X">ostale</wf>
         <wf lemma="v" pos="X">v</wf>
         <wf lemma="rokopisu" pos="X">rokopisu</wf>
         <wf lemma="," pos="X">,</wf>
         <wf lemma="dve" pos="X">dve</wf>
         <wf lemma="manj" pos="X">manj</wf>
         <wf lemma="pomembni" pos="X">pomembni</wf>
         <wf lemma="sta" pos="X">sta</wf>
         <wf lemma="izšli" pos="X">izšli</wf>
         <wf lemma="v" pos="X">v</wf>
         <wf lemma="mladinskih" pos="X">mladinskih</wf>
         <wf lemma="listih" pos="X">listih</wf>
         <wf lemma="," pos="X">,</wf>
         <wf lemma="trajno" pos="X">trajno</wf>
         <wf lemma="veljavo" pos="X">veljavo</wf>
         <wf lemma="so" pos="X">so</wf>
         <wf lemma="ohranila" pos="X">ohranila</wf>
         <wf lemma="tri" pos="X">tri</wf>
         <wf lemma="dela" pos="X">dela</wf>
         <wf lemma="," pos="X">,</wf>
         <wf lemma="objavljena" pos="X">objavljena</wf>
         <wf lemma="v" pos="X">v</wf>
         <wf lemma="Ljubljanskem" pos="X">Ljubljanskem</wf>
         <wf lemma="zvonu" pos="X">zvonu</wf>
         <wf lemma="ali" pos="X">ali</wf>
         <wf lemma="v" pos="X">v</wf>
         <instance id="d000.s2024.t000" lemma="knjiga" pos="NOUN">knjigi</instance>
         <wf lemma="." pos="X">.</wf>
      </sentence>
      <sentence id="d000.s2025" source="wordnet-slovenian">
         <wf lemma="Za" pos="X">Za</wf>
         <wf lemma="šeststo" pos="X">šeststo</wf>
         <wf lemma="pezet" pos="X">pezet</wf>
         <wf lemma="lahko" pos="X">lahko</wf>
         <wf lemma="počakam" pos="X">počakam</wf>
         <wf lemma="en" pos="X">en</wf>
         <instance id="d000.s2025.t000" lemma="teden" pos="NOUN">teden</instance>
         <wf lemma="." pos="X">.</wf>
      </sentence>
      <sentence id="d000.s2026" source="wordnet-slovenian">
         <wf lemma="Od" pos="X">Od</wf>
         <wf lemma="nekdaj" pos="X">nekdaj</wf>
         <wf lemma="ga" pos="X">ga</wf>
         <wf lemma="je" pos="X">je</wf>
         <wf lemma="zanimalo" pos="X">zanimalo</wf>
         <wf lemma="," pos="X">,</wf>
         <wf lemma="kako" pos="X">kako</wf>
         <wf lemma="si" pos="X">si</wf>
         <wf lemma="v" pos="X">v</wf>
         <instance id="d000.s2026.t000" lemma="življenje" pos="NOUN">življenju</instance>
         <wf lemma="organiziraš" pos="X">organiziraš</wf>
         <wf lemma="tisto" pos="X">tisto</wf>
         <wf lemma="," pos="X">,</wf>
         <wf lemma="kar" pos="X">kar</wf>
         <wf lemma="si" pos="X">si</wf>
         <wf lemma="želiš" pos="X">želiš</wf>
         <wf lemma="," pos="X">,</wf>
         <wf lemma="in" pos="X">in</wf>
         <wf lemma="si" pos="X">si</wf>
         <wf lemma="sam" pos="X">sam</wf>
         <wf lemma="," pos="X">,</wf>
         <wf lemma="neodvisno" pos="X">neodvisno</wf>
         <wf lemma="od" pos="X">od</wf>
         <wf lemma="drugih" pos="X">drugih</wf>
         <wf lemma="," pos="X">,</wf>
         <wf lemma="krojiš" pos="X">krojiš</wf>
         <wf lemma="usodo" pos="X">usodo</wf>
         <wf lemma="." pos="X">.</wf>
      </sentence>
      <sentence id="d000.s2027" source="wordnet-slovenian">
         <wf lemma="Potem" pos="X">Potem</wf>
         <wf lemma="ko" pos="X">ko</wf>
         <wf lemma="se" pos="X">se</wf>
         <wf lemma="je" pos="X">je</wf>
         <wf lemma="Milan" pos="X">Milan</wf>
         <wf lemma="Zorman" pos="X">Zorman</wf>
         <wf lemma="upokojil" pos="X">upokojil</wf>
         <wf lemma="," pos="X">,</wf>
         <wf lemma="je" pos="X">je</wf>
         <wf lemma="ostal" pos="X">ostal</wf>
         <wf lemma="v" pos="X">v</wf>
         <instance id="d000.s2027.t000" lemma="podjetje" pos="NOUN">podjetju</instance>
         <wf lemma="kot" pos="X">kot</wf>
         <wf lemma="dragocen" pos="X">dragocen</wf>
         <wf lemma="strokovni" pos="X">strokovni</wf>
         <wf lemma="svetovalec" pos="X">svetovalec</wf>
         <wf lemma="oziroma" pos="X">oziroma</wf>
         <wf lemma="siva" pos="X">siva</wf>
         <wf lemma="eminenca" pos="X">eminenca</wf>
         <wf lemma="." pos="X">.</wf>
      </sentence>
      <sentence id="d000.s2028" source="wordnet-slovenian">
         <wf lemma="Tudi" pos="X">Tudi</wf>
         <wf lemma="poslovni" pos="X">poslovni</wf>
         <wf lemma="rezultati" pos="X">rezultati</wf>
         <instance id="d000.s2028.t000" lemma="družba" pos="NOUN">družbe</instance>
         <wf lemma="Philips" pos="X">Philips</wf>
         <wf lemma="Electronics" pos="X">Electronics</wf>
         <wf lemma="so" pos="X">so</wf>
         <wf lemma="boljši" pos="X">boljši</wf>
         <wf lemma="od" pos="X">od</wf>
         <wf lemma="pričakovanih" pos="X">pričakovanih</wf>
         <wf lemma="," pos="X">,</wf>
         <wf lemma="kar" pos="X">kar</wf>
         <wf lemma="je" pos="X">je</wf>
         <wf lemma="bila" pos="X">bila</wf>
         <wf lemma="posledica" pos="X">posledica</wf>
         <wf lemma="boljše" pos="X">boljše</wf>
         <wf lemma="prodaje" pos="X">prodaje</wf>
         <wf lemma="polprevodnikov" pos="X">polprevodnikov</wf>
         <wf lemma="." pos="X">.</wf>
      </sentence>
      <sentence id="d000.s2029" source="wordnet-slovenian">
         <wf lemma="Človeška" pos="X">Človeška</wf>
         <wf lemma="narava" pos="X">narava</wf>
         <wf lemma="," pos="X">,</wf>
         <wf lemma="zakodirana" pos="X">zakodirana</wf>
         <wf lemma="v" pos="X">v</wf>
         <wf lemma="svojem" pos="X">svojem</wf>
         <wf lemma="genomu" pos="X">genomu</wf>
         <wf lemma="in" pos="X">in</wf>
         <wf lemma="drugih" pos="X">drugih</wf>
         <wf lemma="praksah" pos="X">praksah</wf>
         <wf lemma="zapisa" pos="X">zapisa</wf>
         <wf lemma="," pos="X">,</wf>
         <wf lemma="je" pos="X">je</wf>
         <wf lemma="obsežna" pos="X">obsežna</wf>
         <wf lemma="knjižnica" pos="X">knjižnica</wf>
         <wf lemma="," pos="X">,</wf>
         <wf lemma="vredna" pos="X">vredna</wf>
         <wf lemma="izmišljenega" pos="X">izmišljenega</wf>
         <wf lemma="skrivnega" pos="X">skrivnega</wf>
         <wf lemma="labirinta" pos="X">labirinta</wf>
         <wf lemma="Umberta" pos="X">Umberta</wf>
         <wf lemma="Eca" pos="X">Eca</wf>
         <wf lemma="v" pos="X">v</wf>
         <instance id="d000.s2029.t000" lemma="ime" pos="NOUN">Imenu</instance>
         <wf lemma="rože" pos="X">rože</wf>
         <wf lemma="(" pos="X">(</wf>
         <wf lemma="1980" pos="X">1980</wf>
         <wf lemma="," pos="X">,</wf>
         <wf lemma="slov" pos="X">slov</wf>
         <wf lemma="." pos="X">.</wf>
      </sentence>
      <sentence id="d000.s2030" source="wordnet-slovenian">
         <wf lemma="Sibirski" pos="X">Sibirski</wf>
         <wf lemma="poletni" pos="X">poletni</wf>
         <instance id="d000.s2030.t000" lemma="dan" pos="NOUN">dnevi</instance>
         <wf lemma="so" pos="X">so</wf>
         <wf lemma="bili" pos="X">bili</wf>
         <wf lemma="presenetljivo" pos="X">presenetljivo</wf>
         <wf lemma="vroči" pos="X">vroči</wf>
         <wf lemma="," pos="X">,</wf>
         <wf lemma="ob" pos="X">ob</wf>
         <wf lemma="dolgih" pos="X">dolgih</wf>
         <wf lemma="," pos="X">,</wf>
         <wf lemma="toplih" pos="X">toplih</wf>
         <wf lemma="in" pos="X">in</wf>
         <wf lemma="svetlih" pos="X">svetlih</wf>
         <wf lemma="večerih" pos="X">večerih</wf>
         <wf lemma="," pos="X">,</wf>
         <wf lemma="ko" pos="X">ko</wf>
         <wf lemma="se" pos="X">se</wf>
         <wf lemma="je" pos="X">je</wf>
         <wf lemma="začelo" pos="X">začelo</wf>
         <wf lemma="nočiti" pos="X">nočiti</wf>
         <wf lemma="šele" pos="X">šele</wf>
         <wf lemma="proti" pos="X">proti</wf>
         <wf lemma="polnoči" pos="X">polnoči</wf>
         <wf lemma="," pos="X">,</wf>
         <wf lemma="pa" pos="X">pa</wf>
         <wf lemma="so" pos="X">so</wf>
         <wf lemma="se" pos="X">se</wf>
         <wf lemma="na" pos="X">na</wf>
         <wf lemma="bregovih" pos="X">bregovih</wf>
         <wf lemma="reke" pos="X">reke</wf>
         <wf lemma="Angare" pos="X">Angare</wf>
         <wf lemma="zbirale" pos="X">zbirale</wf>
         <wf lemma="množice" pos="X">množice</wf>
         <wf lemma="kratkokrilih" pos="X">kratkokrilih</wf>
         <wf lemma="in" pos="X">in</wf>
         <wf lemma="dolgonogih" pos="X">dolgonogih</wf>
         <wf lemma="deklet" pos="X">deklet</wf>
         <wf lemma="z" pos="X">z</wf>
         <wf lemma="obvezno" pos="X">obvezno</wf>
         <wf lemma="steklenico" pos="X">steklenico</wf>
         <wf lemma="piva" pos="X">piva</wf>
         <wf lemma="v" pos="X">v</wf>
         <wf lemma="rokah" pos="X">rokah</wf>
         <wf lemma="," pos="X">,</wf>
         <wf lemma="ki" pos="X">ki</wf>
         <wf lemma="so" pos="X">so</wf>
         <wf lemma="privlačile" pos="X">privlačile</wf>
         <wf lemma="množice" pos="X">množice</wf>
         <wf lemma="mladih" pos="X">mladih</wf>
         <wf lemma="fantov" pos="X">fantov</wf>
         <wf lemma="," pos="X">,</wf>
         <wf lemma="prav" pos="X">prav</wf>
         <wf lemma="tako" pos="X">tako</wf>
         <wf lemma="s" pos="X">s</wf>
         <wf lemma="pivi" pos="X">pivi</wf>
         <wf lemma="v" pos="X">v</wf>
         <wf lemma="rokah" pos="X">rokah</wf>
         <wf lemma="." pos="X">.</wf>
      </sentence>
      <sentence id="d000.s2031" source="wordnet-slovenian">
         <wf lemma="Če" pos="X">Če</wf>
         <wf lemma="je" pos="X">je</wf>
         <wf lemma="tudi" pos="X">tudi</wf>
         <wf lemma="okolica" pos="X">okolica</wf>
         <wf lemma="jezera" pos="X">jezera</wf>
         <wf lemma="oligotrofna" pos="X">oligotrofna</wf>
         <wf lemma="," pos="X">,</wf>
         <wf lemma="lahko" pos="X">lahko</wf>
         <wf lemma="jezero" pos="X">jezero</wf>
         <wf lemma="ostane" pos="X">ostane</wf>
         <wf lemma="v" pos="X">v</wf>
         <wf lemma="takem" pos="X">takem</wf>
         <wf lemma="stanju" pos="X">stanju</wf>
         <wf lemma="(" pos="X">(</wf>
         <wf lemma="beri" pos="X">beri</wf>
         <wf lemma="čisto" pos="X">čisto</wf>
         <wf lemma=")" pos="X">)</wf>
         <wf lemma="dolgo" pos="X">dolgo</wf>
         <instance id="d000.s2031.t000" lemma="čas" pos="NOUN">časa</instance>
         <wf lemma="." pos="X">.</wf>
      </sentence>
   </text>
</corpus>
