<?xml version="1.0" encoding="UTF-8"?>
<corpus lang="it" name="test-it" sources="semeval2010-it_semeval2015-it_semeval2013-it">
   <text id="d000">
      <sentence id="d000.s000" source="semeval2013-it">
         <wf lemma="malgrado" pos="ADV">Malgrado</wf>
         <wf lemma="questo" pos="X">questo</wf>
         <wf lemma="," pos="X">,</wf>
         <wf lemma="e" pos="X">e</wf>
         <wf lemma="nonostante" pos="X">nonostante</wf>
         <wf lemma="il" pos="X">l'</wf>
         <wf lemma="espulsione" pos="NOUN">espulsione</wf>
         <wf lemma="di" pos="X">di</wf>
         <wf lemma="Splitter" pos="NOUN">Splitter</wf>
         <wf lemma="," pos="X">,</wf>
         <wf lemma="il" pos="X">la</wf>
         <instance id="d000.s000.t000" lemma="squadra" pos="NOUN">squadra</instance>
         <wf lemma="di" pos="X">di</wf>
         <wf lemma="Ivonic" pos="NOUN">Ivonic</wf>
         <wf lemma="avere" pos="VERB">ha</wf>
         <wf lemma="mantenere" pos="VERB">mantenuto</wf>
         <wf lemma="il" pos="X">il</wf>
         <instance id="d000.s000.t001" lemma="ritmo" pos="NOUN">ritmo</instance>
         <wf lemma="," pos="X">,</wf>
         <wf lemma="avere" pos="VERB">ha</wf>
         <wf lemma="difendere" pos="VERB">difeso</wf>
         <wf lemma="bene" pos="ADV">bene</wf>
         <wf lemma="e" pos="X">e</wf>
         <wf lemma="," pos="X">,</wf>
         <wf lemma="sebbene" pos="X">sebbene</wf>
         <wf lemma="il" pos="X">la</wf>
         <instance id="d000.s000.t002" lemma="squadra" pos="NOUN">squadra</instance>
         <wf lemma="israelana" pos="ADJ">israelana</wf>
         <wf lemma="si" pos="X">si</wf>
         <wf lemma="essere" pos="VERB">sia</wf>
         <wf lemma="avvicinare" pos="VERB">avvicinata</wf>
         <wf lemma="al" pos="X">all'</wf>
         <wf lemma="ultimo" pos="ADJ">ultimo</wf>
         <instance id="d000.s000.t003" lemma="minuto" pos="NOUN">minuto</instance>
         <wf lemma="," pos="X">,</wf>
         <wf lemma="il" pos="X">la</wf>
         <wf lemma="partita" pos="NOUN">partita</wf>
         <wf lemma="essere" pos="VERB">era</wf>
         <wf lemma="già" pos="ADV">già</wf>
         <wf lemma="vincere" pos="VERB">vinta</wf>
         <wf lemma="e" pos="X">e</wf>
         <wf lemma="il" pos="X">la</wf>
         <instance id="d000.s000.t004" lemma="vittoria" pos="NOUN">vittoria</instance>
         <wf lemma="fuggire" pos="VERB">fuggì</wf>
         <wf lemma="da" pos="X">da</wf>
         <instance id="d000.s000.t005" lemma="Tel_Aviv" pos="NOUN">Tel_Aviv</instance>
         <wf lemma="per" pos="X">per</wf>
         <wf lemma="il" pos="X">la</wf>
         <wf lemma="primo" pos="ADJ">prima</wf>
         <instance id="d000.s000.t006" lemma="volta" pos="NOUN">volta</instance>
         <wf lemma="nel" pos="X">nella</wf>
         <instance id="d000.s000.t007" lemma="stagione" pos="NOUN">stagione</instance>
         <wf lemma="." pos="X">.</wf>
      </sentence>
      <sentence id="d000.s001" source="semeval2013-it">
         <wf lemma="il" pos="X">Il</wf>
         <instance id="d000.s001.t000" lemma="testo" pos="NOUN">testo</instance>
         <wf lemma="," pos="X">,</wf>
         <wf lemma="che" pos="X">che</wf>
         <wf lemma="potere" pos="VERB">potrebbe</wf>
         <wf lemma="fornire" pos="VERB">fornire</wf>
         <wf lemma="il" pos="X">la</wf>
         <instance id="d000.s001.t001" lemma="base" pos="NOUN">base</instance>
         <wf lemma="per" pos="X">per</wf>
         <wf lemma="un" pos="X">un</wf>
         <instance id="d000.s001.t002" lemma="accordo" pos="NOUN">accordo</instance>
         <wf lemma="politico" pos="ADJ">politico</wf>
         <wf lemma="definitivo" pos="ADJ">definitivo</wf>
         <wf lemma="per" pos="X">per</wf>
         <wf lemma="il" pos="X">la</wf>
         <wf lemma="regolazione" pos="NOUN">regolazione</wf>
         <wf lemma="del" pos="X">dei</wf>
         <instance id="d000.s001.t003" lemma="gas-serra" pos="NOUN">gas-serra</instance>
         <wf lemma="," pos="X">,</wf>
         <wf lemma="avere" pos="VERB">ha</wf>
         <wf lemma="evidenziare" pos="VERB">evidenziato</wf>
         <wf lemma="il" pos="X">gli</wf>
         <wf lemma="ostacolo" pos="NOUN">ostacoli</wf>
         <wf lemma="rimanente" pos="ADJ">rimanenti</wf>
         <wf lemma="e" pos="X">e</wf>
         <wf lemma="nel" pos="X">nella</wf>
         <wf lemma="stesso" pos="ADJ">stessa</wf>
         <instance id="d000.s001.t004" lemma="misura" pos="NOUN">misura</instance>
         <wf lemma="illuminare" pos="VERB">illuminato</wf>
         <wf lemma="il" pos="X">il</wf>
         <wf lemma="cammino" pos="NOUN">cammino</wf>
         <wf lemma="." pos="X">.</wf>
      </sentence>
      <sentence id="d000.s002" source="semeval2013-it">
         <wf lemma="nel" pos="X">Nel</wf>
         <wf lemma="costa_rica" pos="NOUN">Costa_Rica</wf>
         <wf lemma="," pos="X">,</wf>
         <wf lemma="e" pos="X">e</wf>
         <wf lemma="vicino" pos="ADV">vicino</wf>
         <wf lemma="a" pos="X">a</wf>
         <wf lemma="Michael" pos="NOUN">Michael</wf>
         <wf lemma="Umana" pos="NOUN">Umana</wf>
         <wf lemma="," pos="X">,</wf>
         <wf lemma="ci" pos="X">ci</wf>
         <wf lemma="essere" pos="VERB">sono</wf>
         <wf lemma="il" pos="X">il</wf>
         <wf lemma="laterale" pos="NOUN">laterale</wf>
         <wf lemma="sinistro" pos="ADJ">sinistro</wf>
         <wf lemma="junior" pos="NOUN">Junior</wf>
         <wf lemma="Diaz" pos="NOUN">Diaz</wf>
         <wf lemma="con" pos="X">con</wf>
         <wf lemma="@card@" pos="NOUN">48</wf>
         <wf lemma="partita" pos="NOUN">partite</wf>
         <wf lemma="e" pos="X">e</wf>
         <wf lemma="il" pos="X">l'</wf>
         <instance id="d000.s002.t000" lemma="attaccante" pos="NOUN">attaccante</instance>
         <wf lemma="bryan_ruiz" pos="NOUN">Bryan_Ruiz</wf>
         <wf lemma="con" pos="X">con</wf>
         <wf lemma="@card@" pos="NOUN">45</wf>
         <wf lemma="." pos="X">.</wf>
      </sentence>
      <sentence id="d000.s003" source="semeval2015-it">
         <wf lemma="alimta" pos="NOUN">Alimta</wf>
         <wf lemma="essere" pos="VERB">è</wf>
         <instance id="d000.s003.t000" lemma="utilizzare" pos="VERB">utilizzato</instance>
         <wf pos="X">in</wf>
         <instance id="d000.s003.t001" lemma="combinazione" pos="NOUN">combinazione</instance>
         <wf pos="X">con</wf>
         <wf lemma="cisplatino" pos="NOUN">cisplatino</wf>
         <wf pos="X">(</wf>
         <wf pos="X">un</wf>
         <instance id="d000.s003.t002" lemma="altro" pos="ADJ">altro</instance>
         <instance id="d000.s003.t003" lemma="farmaco" pos="NOUN">farmaco</instance>
         <wf lemma="antitumorale" pos="ADJ">antitumorale</wf>
         <wf pos="X">)</wf>
         <wf pos="X">quando</wf>
         <wf pos="X">il</wf>
         <instance id="d000.s003.t004" lemma="tumore" pos="NOUN">tumore</instance>
         <wf pos="X">non</wf>
         <wf lemma="essere" pos="VERB">è</wf>
         <instance id="d000.s003.t005" lemma="asportabile" pos="ADJ">asportabile</instance>
         <wf pos="X">(</wf>
         <wf pos="X">non</wf>
         <wf lemma="potere" pos="VERB">può</wf>
         <wf lemma="essere" pos="VERB">essere</wf>
         <instance id="d000.s003.t006" lemma="asportare" pos="VERB">asportato</instance>
         <wf pos="X">con</wf>
         <wf pos="X">il</wf>
         <wf lemma="solo" pos="ADJ">solo</wf>
         <instance id="d000.s003.t007" lemma="intervento" pos="NOUN">intervento</instance>
         <instance id="d000.s003.t008" lemma="chirurgico" pos="ADJ">chirurgico</instance>
         <wf pos="X">)</wf>
         <wf pos="X">ed</wf>
         <wf lemma="essere" pos="VERB">è</wf>
         <wf lemma="maligno" pos="ADJ">maligno</wf>
         <wf pos="X">(</wf>
         <wf pos="X">si</wf>
         <wf lemma="essere" pos="VERB">è</wf>
         <instance id="d000.s003.t009" lemma="diffondere" pos="VERB">diffuso</instance>
         <wf pos="X">,</wf>
         <wf pos="X">o</wf>
         <wf lemma="essere" pos="VERB">è</wf>
         <instance id="d000.s003.t010" lemma="probabile" pos="ADJ">probabile</instance>
         <wf pos="X">si</wf>
         <instance id="d000.s003.t011" lemma="diffondere" pos="VERB">diffonda</instance>
         <instance id="d000.s003.t012" lemma="facilmente" pos="ADV">facilmente</instance>
         <wf pos="X">,</wf>
         <wf pos="X">ad</wf>
         <wf pos="X">altre</wf>
         <instance id="d000.s003.t013" lemma="parte" pos="NOUN">parti</instance>
         <wf pos="X">del</wf>
         <wf lemma="corpo" pos="NOUN">corpo</wf>
         <wf pos="X">)</wf>
         <wf pos="X">,</wf>
         <wf pos="X">in</wf>
         <instance id="d000.s003.t014" lemma="paziente" pos="NOUN">pazienti</instance>
         <wf pos="X">che</wf>
         <wf pos="X">non</wf>
         <wf lemma="essere" pos="VERB">sono</wf>
         <wf lemma="essere" pos="VERB">stati</wf>
         <wf lemma="sottoporre" pos="VERB">sottoposti</wf>
         <wf pos="X">in</wf>
         <instance id="d000.s003.t015" lemma="precedenza" pos="NOUN">precedenza</instance>
         <wf pos="X">a</wf>
         <instance id="d000.s003.t016" lemma="chemioterapia" pos="NOUN">chemioterapia</instance>
         <wf pos="X">il</wf>
         <instance id="d000.s003.t017" lemma="carcinoma" pos="NOUN">carcinoma</instance>
         <instance id="d000.s003.t018" lemma="polmonare" pos="ADJ">polmonare</instance>
         <wf pos="X">non</wf>
         <wf pos="X">a</wf>
         <instance id="d000.s003.t019" lemma="piccolo" pos="ADJ">piccole</instance>
         <instance id="d000.s003.t020" lemma="cellula" pos="NOUN">cellule</instance>
         <wf pos="X">in</wf>
         <instance id="d000.s003.t021" lemma="stadio" pos="NOUN">stadio</instance>
         <instance id="d000.s003.t022" lemma="avanzato" pos="ADJ">avanzato</instance>
         <wf pos="X">o</wf>
         <instance id="d000.s003.t023" lemma="metastatico" pos="ADJ">metastatico</instance>
         <wf pos="X">che</wf>
         <wf pos="X">non</wf>
         <instance id="d000.s003.t024" lemma="interessare" pos="VERB">interessa</instance>
         <wf pos="X">le</wf>
         <instance id="d000.s003.t025" lemma="cellula" pos="NOUN">cellule</instance>
         <wf lemma="squamoso" pos="ADJ">squamose</wf>
         <wf pos="X">.</wf>
      </sentence>
      <sentence id="d000.s004" source="semeval2015-it">
         <wf lemma="questo" pos="ADJ">Questo</wf>
         <instance id="d000.s004.t000" lemma="rapporto" pos="NOUN">rapporto</instance>
         <wf pos="X">e</wf>
         <wf pos="X">una</wf>
         <instance id="d000.s004.t001" lemma="raccolta" pos="NOUN">raccolta</instance>
         <wf pos="X">di</wf>
         <instance id="d000.s004.t002" lemma="iniziativa" pos="NOUN">iniziative</instance>
         <wf lemma="essere" pos="VERB">saranno</wf>
         <instance id="d000.s004.t003" lemma="pubblicare" pos="VERB">pubblicati</instance>
         <wf pos="X">nel</wf>
         <wf pos="X">1996</wf>
         <wf pos="X">e</wf>
         <instance id="d000.s004.t004" lemma="costituire" pos="VERB">costituiranno</instance>
         <wf pos="X">la</wf>
         <instance id="d000.s004.t005" lemma="base" pos="NOUN">base</instance>
         <wf pos="X">di</wf>
         <wf pos="X">una</wf>
         <instance id="d000.s004.t006" lemma="conferenza" pos="NOUN">conferenza</instance>
         <instance id="d000.s004.t007" lemma="prevedere" pos="VERB">prevista</instance>
         <wf pos="X">per</wf>
         <wf pos="X">l'</wf>
         <instance id="d000.s004.t008" lemma="autunno" pos="NOUN">autunno</instance>
         <wf pos="X">dello</wf>
         <instance id="d000.s004.t009" lemma="stesso" pos="ADJ">stesso</instance>
         <instance id="d000.s004.t010" lemma="anno" pos="NOUN">anno</instance>
         <wf pos="X">.</wf>
      </sentence>
      <sentence id="d000.s005" source="semeval2010-it">
         <wf lemma="L'" pos="X">L'</wf>
         <instance id="d000.s005.t000" lemma="analisi" pos="NOUN">analisi</instance>
         <wf lemma="dei" pos="X">dei</wf>
         <instance id="d000.s005.t001" lemma="campione" pos="NOUN">campioni</instance>
         <wf lemma="ha" pos="X">ha</wf>
         <wf lemma="permesso" pos="X">permesso</wf>
         <wf lemma="l'" pos="X">l'</wf>
         <instance id="d000.s005.t002" lemma="identificazione" pos="NOUN">identificazione</instance>
         <wf lemma="di" pos="X">di</wf>
         <wf lemma="otto" pos="X">otto</wf>
         <wf lemma="generi" pos="X">generi</wf>
         <wf lemma="di" pos="X">di</wf>
         <instance id="d000.s005.t003" lemma="corallo" pos="NOUN">coralli</instance>
         <wf lemma="molli" pos="X">molli</wf>
         <wf lemma="," pos="X">,</wf>
         <wf lemma="tutti" pos="X">tutti</wf>
         <wf lemma="caratterizzati" pos="X">caratterizzati</wf>
         <wf lemma="dalla" pos="X">dalla</wf>
         <wf lemma="presenza" pos="X">presenza</wf>
         <wf lemma="di" pos="X">di</wf>
         <wf lemma="alghe" pos="X">alghe</wf>
         <wf lemma="zooxantelle" pos="X">zooxantelle</wf>
         <wf lemma="simbionti" pos="X">simbionti</wf>
         <wf lemma=":" pos="X">:</wf>
      </sentence>
      <sentence id="d000.s006" source="semeval2015-it">
         <wf pos="X">Nei</wf>
         <instance id="d000.s006.t000" lemma="paziente" pos="NOUN">pazienti</instance>
         <wf pos="X">che</wf>
         <wf pos="X">in</wf>
         <instance id="d000.s006.t001" lemma="passato" pos="NOUN">passato</instance>
         <wf pos="X">non</wf>
         <wf lemma="essere" pos="VERB">erano</wf>
         <wf lemma="essere" pos="VERB">stati</wf>
         <wf lemma="sottoporre" pos="VERB">sottoposti</wf>
         <wf pos="X">a</wf>
         <instance id="d000.s006.t002" lemma="chemioterapia" pos="NOUN">chemioterapia</instance>
         <wf pos="X">,</wf>
         <wf pos="X">il</wf>
         <instance id="d000.s006.t003" lemma="tempo" pos="NOUN">tempo</instance>
         <wf pos="X">di</wf>
         <instance id="d000.s006.t004" lemma="sopravvivenza" pos="NOUN">sopravvivenza</instance>
         <instance id="d000.s006.t005" lemma="medio" pos="ADJ">medio</instance>
         <wf lemma="essere" pos="VERB">è</wf>
         <wf lemma="essere" pos="VERB">stato</wf>
         <wf pos="X">di</wf>
         <wf pos="X">10,3</wf>
         <instance id="d000.s006.t006" lemma="mese" pos="NOUN">mesi</instance>
         <wf pos="X">in</wf>
         <wf lemma="entrambi" pos="ADJ">entrambi</wf>
         <wf pos="X">i</wf>
         <instance id="d000.s006.t007" lemma="gruppo" pos="NOUN">gruppi</instance>
         <wf pos="X">.</wf>
      </sentence>
      <sentence id="d000.s007" source="semeval2013-it">
         <wf lemma="e" pos="X">E</wf>
         <wf lemma="il" pos="X">il</wf>
         <instance id="d000.s007.t000" lemma="brasile" pos="NOUN">Brasile</instance>
         <wf lemma="essere" pos="VERB">è</wf>
         <wf lemma="vedere" pos="VERB">visto</wf>
         <wf lemma="come" pos="X">come</wf>
         <wf lemma="più" pos="ADV">più</wf>
         <wf lemma="influente" pos="ADJ">influente</wf>
         <wf lemma="del" pos="X">degli</wf>
         <instance id="d000.s007.t001" lemma="stati_uniti" pos="NOUN">Stati_Uniti</instance>
         <wf lemma="in" pos="X">in</wf>
         <wf lemma="gran" pos="ADJ">gran</wf>
         <instance id="d000.s007.t002" lemma="parte" pos="NOUN">parte</instance>
         <wf lemma="del" pos="X">della</wf>
         <instance id="d000.s007.t003" lemma="regione" pos="NOUN">regione</instance>
         <wf lemma="." pos="X">.</wf>
      </sentence>
      <sentence id="d000.s008" source="semeval2013-it">
         <wf lemma="il" pos="X">La</wf>
         <instance id="d000.s008.t000" lemma="scoperta" pos="NOUN">scoperta</instance>
         <wf lemma="&quot;" pos="X">&quot;</wf>
         <wf lemma="dimostrare" pos="VERB">dimostra</wf>
         <wf lemma="comunque" pos="ADV">comunque</wf>
         <wf lemma="che" pos="X">che</wf>
         <wf lemma="in" pos="X">in</wf>
         <wf lemma="altro" pos="X">altri</wf>
         <instance id="d000.s008.t001" lemma="ambiente" pos="NOUN">ambienti</instance>
         <wf lemma="planetario" pos="ADJ">planetari</wf>
         <instance id="d000.s008.t002" lemma="organismo" pos="NOUN">organismi</instance>
         <wf lemma="potere" pos="VERB">potrebbero</wf>
         <wf lemma="essere" pos="VERB">essere</wf>
         <wf lemma="in" pos="X">in</wf>
         <wf lemma="grado" pos="NOUN">grado</wf>
         <wf lemma="di" pos="X">di</wf>
         <wf lemma="utilizzare" pos="VERB">utilizzare</wf>
         <wf lemma="altro" pos="X">altri</wf>
         <instance id="d000.s008.t003" lemma="elemento" pos="NOUN">elementi</instance>
         <wf lemma="per" pos="X">per</wf>
         <wf lemma="fare" pos="VERB">far</wf>
         <wf lemma="funzionare" pos="VERB">funzionare</wf>
         <wf lemma="il" pos="X">la</wf>
         <instance id="d000.s008.t004" lemma="biochimica" pos="NOUN">biochimica</instance>
         <wf lemma="e" pos="X">e</wf>
         <wf lemma="che" pos="X">che</wf>
         <wf lemma="il" pos="X">il</wf>
         <wf lemma="&quot;" pos="X">&quot;</wf>
         <wf lemma="set" pos="NOUN">set</wf>
         <wf lemma="standard" pos="ADJ">standard</wf>
         <wf lemma="di" pos="X">di</wf>
         <instance id="d000.s008.t005" lemma="elemento" pos="NOUN">elementi</instance>
         <wf lemma="che" pos="X">che</wf>
         <wf lemma="ritenere" pos="VERB">riteniamo</wf>
         <wf lemma="indispensabile" pos="ADJ">indispensabili</wf>
         <wf lemma="per" pos="X">per</wf>
         <wf lemma="il" pos="X">la</wf>
         <instance id="d000.s008.t006" lemma="vita" pos="NOUN">vita</instance>
         <wf lemma="potere" pos="VERB">potrebbe</wf>
         <wf lemma="essere" pos="VERB">essere</wf>
         <wf lemma="non" pos="ADV">non</wf>
         <wf lemma="così" pos="ADV">così</wf>
         <wf lemma="determinare" pos="VERB">determinato</wf>
         <wf lemma="," pos="X">,</wf>
         <wf lemma="&quot;" pos="X">&quot;</wf>
         <wf lemma="avere" pos="VERB">ha</wf>
         <wf lemma="commentare" pos="VERB">commentato</wf>
         <wf lemma="Charles" pos="NOUN">Charles</wf>
         <wf lemma="Cockell" pos="NOUN">Cockell</wf>
         <wf lemma="," pos="X">,</wf>
         <instance id="d000.s008.t007" lemma="professore" pos="NOUN">professore</instance>
         <wf lemma="presso" pos="X">presso</wf>
         <wf lemma="il" pos="X">la</wf>
         <wf lemma="Planetary" pos="NOUN">Planetary</wf>
         <wf lemma="and" pos="NOUN">and</wf>
         <wf lemma="Space" pos="NOUN">Space</wf>
         <wf lemma="Sciences" pos="NOUN">Sciences</wf>
         <wf lemma="Research" pos="NOUN">Research</wf>
         <wf lemma="Institute" pos="NOUN">Institute</wf>
         <wf lemma="," pos="X">,</wf>
         <instance id="d000.s008.t008" lemma="open_university" pos="NOUN">Open_University</instance>
         <wf lemma="," pos="X">,</wf>
         <wf lemma="a" pos="X">a</wf>
         <wf lemma="milton_keynes" pos="NOUN">Milton_Keynes</wf>
         <wf lemma="," pos="X">,</wf>
         <instance id="d000.s008.t009" lemma="regno_unito" pos="NOUN">Regno_Unito</instance>
         <wf lemma="." pos="X">.</wf>
      </sentence>
      <sentence id="d000.s009" source="semeval2015-it">
         <wf pos="X">+</wf>
         <wf pos="X">-</wf>
         <wf pos="X">*</wf>
         <wf pos="X">/</wf>
         <wf pos="X">:</wf>
         <instance id="d000.s009.t000" lemma="addizione" pos="NOUN">addizione</instance>
         <wf pos="X">,</wf>
         <instance id="d000.s009.t001" lemma="sottrazione" pos="NOUN">sottrazione</instance>
         <wf pos="X">,</wf>
         <instance id="d000.s009.t002" lemma="moltiplicazione" pos="NOUN">moltiplicazione</instance>
         <wf pos="X">e</wf>
         <instance id="d000.s009.t003" lemma="divisione" pos="NOUN">divisione</instance>
         <wf pos="X">.</wf>
      </sentence>
      <sentence id="d000.s010" source="semeval2013-it">
         <wf lemma="restringere" pos="VERB">Restringere</wf>
         <wf lemma="il" pos="X">l'</wf>
         <instance id="d000.s010.t000" lemma="immigrazione" pos="NOUN">immigrazione</instance>
         <wf lemma="porgere" pos="VERB">porta</wf>
         <wf lemma="ad" pos="X">ad</wf>
         <wf lemma="una" pos="X">una</wf>
         <instance id="d000.s010.t001" lemma="crescita" pos="NOUN">crescita</instance>
         <wf lemma="anemico" pos="ADJ">anemica</wf>
         <wf lemma="e" pos="X">e</wf>
         <wf lemma="danneggiare" pos="VERB">danneggia</wf>
         <wf lemma="il" pos="X">l'</wf>
         <instance id="d000.s010.t002" lemma="occupazione" pos="NOUN">occupazione</instance>
         <wf lemma="." pos="X">.</wf>
      </sentence>
      <sentence id="d000.s011" source="semeval2015-it">
         <wf lemma="cerenia" pos="NOUN">Cerenia</wf>
         <wf lemma="essere" pos="VERB">è</wf>
         <instance id="d000.s011.t000" lemma="generalmente" pos="ADV">generalmente</instance>
         <instance id="d000.s011.t001" lemma="bene" pos="ADV">ben</instance>
         <instance id="d000.s011.t002" lemma="tollerare" pos="VERB">tollerato</instance>
         <wf pos="X">se</wf>
         <instance id="d000.s011.t003" lemma="somministrare" pos="VERB">somministrato</instance>
         <instance id="d000.s011.t004" lemma="giornalmente" pos="ADV">giornalmente</instance>
         <wf pos="X">con</wf>
         <instance id="d000.s011.t005" lemma="dose" pos="NOUN">dosi</instance>
         <wf pos="X">fino</wf>
         <wf pos="X">a</wf>
         <wf pos="X">5</wf>
         <instance id="d000.s011.t006" lemma="volta" pos="NOUN">volte</instance>
         <wf pos="X">la</wf>
         <instance id="d000.s011.t007" lemma="dose" pos="NOUN">dose</instance>
         <instance id="d000.s011.t008" lemma="raccomandare" pos="VERB">raccomandata</instance>
         <wf pos="X">per</wf>
         <wf pos="X">un</wf>
         <instance id="d000.s011.t009" lemma="lungo" pos="ADJ">lungo</instance>
         <instance id="d000.s011.t010" lemma="periodo" pos="NOUN">periodo</instance>
         <wf pos="X">di</wf>
         <instance id="d000.s011.t011" lemma="tempo" pos="NOUN">tempo</instance>
         <wf pos="X">(</wf>
         <wf pos="X">fino</wf>
         <wf pos="X">a</wf>
         <wf pos="X">3</wf>
         <instance id="d000.s011.t012" lemma="volta" pos="NOUN">volte</instance>
         <wf pos="X">la</wf>
         <instance id="d000.s011.t013" lemma="durata" pos="NOUN">durata</instance>
         <wf pos="X">di</wf>
         <instance id="d000.s011.t014" lemma="trattamento" pos="NOUN">trattamento</instance>
         <wf lemma="raccomandato" pos="ADJ">raccomandata</wf>
         <wf pos="X">)</wf>
         <wf pos="X">.</wf>
      </sentence>
      <sentence id="d000.s012" source="semeval2013-it">
         <wf lemma="il" pos="X">Le</wf>
         <wf lemma="maggiore" pos="ADJ">maggiori</wf>
         <instance id="d000.s012.t000" lemma="banca" pos="NOUN">banche</instance>
         <wf lemma="americano" pos="ADJ">americane</wf>
         <wf lemma="colpire" pos="VERB">colpite</wf>
         <wf lemma="dal" pos="X">dalla</wf>
         <instance id="d000.s012.t001" lemma="crisi" pos="NOUN">crisi</instance>
         <wf lemma="si" pos="X">si</wf>
         <wf lemma="stare" pos="VERB">stanno</wf>
         <wf lemma="liberare" pos="VERB">liberando</wf>
         <wf lemma="dal" pos="X">dalle</wf>
         <wf lemma="proprio" pos="ADJ">proprie</wf>
         <wf lemma="catena" pos="NOUN">catene</wf>
         <wf lemma="statale" pos="ADJ">statali</wf>
         <wf lemma="." pos="X">.</wf>
      </sentence>
      <sentence id="d000.s013" source="semeval2015-it">
         <wf pos="X">Per</wf>
         <wf lemma="ridurre" pos="VERB">ridurre</wf>
         <wf pos="X">gli</wf>
         <wf lemma="effetto" pos="NOUN">effetti</wf>
         <wf lemma="indesiderato" pos="ADJ">indesiderati</wf>
         <wf pos="X">,</wf>
         <wf pos="X">i</wf>
         <wf lemma="paziente" pos="NOUN">pazienti</wf>
         <wf lemma="dovere" pos="VERB">devono</wf>
         <wf lemma="assumere" pos="VERB">assumere</wf>
         <wf pos="X">un</wf>
         <wf lemma="corticosteroide" pos="NOUN">corticosteroide</wf>
         <wf pos="X">e</wf>
         <instance id="d000.s013.t000" lemma="acido_folico" pos="NOUN">acido_folico</instance>
         <wf pos="X">(</wf>
         <wf pos="X">un</wf>
         <wf lemma="tipo" pos="NOUN">tipo</wf>
         <wf pos="X">di</wf>
         <wf lemma="vitamina" pos="NOUN">vitamina</wf>
         <wf pos="X">)</wf>
         <wf pos="X">e</wf>
         <wf lemma="ricevere" pos="VERB">ricevere</wf>
         <wf lemma="iniezione" pos="NOUN">iniezioni</wf>
         <wf pos="X">di</wf>
         <wf lemma="vitamina" pos="NOUN">vitamina</wf>
         <wf lemma="b12" pos="NOUN">B12</wf>
         <wf pos="X">durante</wf>
         <wf pos="X">il</wf>
         <wf lemma="trattamento" pos="NOUN">trattamento</wf>
         <wf pos="X">con</wf>
         <wf lemma="alimta" pos="NOUN">Alimta</wf>
         <wf pos="X">.</wf>
      </sentence>
      <sentence id="d000.s014" source="semeval2015-it">
         <wf pos="X">(</wf>
         <wf pos="X">)</wf>
         <wf pos="X">:</wf>
         <instance id="d000.s014.t000" lemma="usare" pos="VERB">usato</instance>
         <wf pos="X">per</wf>
         <instance id="d000.s014.t001" lemma="specificare" pos="VERB">specificare</instance>
         <wf pos="X">una</wf>
         <instance id="d000.s014.t002" lemma="priorità" pos="NOUN">priorità</instance>
         <wf pos="X">più</wf>
         <instance id="d000.s014.t003" lemma="alto" pos="ADJ">alta</instance>
         <wf pos="X">.</wf>
      </sentence>
      <sentence id="d000.s015" source="semeval2013-it">
         <wf lemma="il" pos="X">I</wf>
         <instance id="d000.s015.t000" lemma="timore" pos="NOUN">timori</instance>
         <wf lemma="riguardare" pos="VERB">riguardanti</wf>
         <wf lemma="il" pos="X">l'</wf>
         <instance id="d000.s015.t001" lemma="impatto" pos="NOUN">impatto</instance>
         <wf lemma="del" pos="X">degli</wf>
         <instance id="d000.s015.t002" lemma="immigrato" pos="NOUN">immigrati</instance>
         <wf lemma="si" pos="X">si</wf>
         <wf lemma="basare" pos="VERB">basano</wf>
         <wf lemma="sul" pos="X">sul</wf>
         <instance id="d000.s015.t003" lemma="concetto" pos="NOUN">concetto</instance>
         <wf lemma="che" pos="X">che</wf>
         <wf lemma="essi" pos="X">essi</wf>
         <wf lemma="potere" pos="VERB">possano</wf>
         <wf lemma="sostituire" pos="VERB">sostituire</wf>
         <wf lemma="il" pos="X">i</wf>
         <instance id="d000.s015.t004" lemma="lavoratore" pos="NOUN">lavoratori</instance>
         <wf lemma="autoctono" pos="ADJ">autoctoni</wf>
         <wf lemma="," pos="X">,</wf>
         <wf lemma="in" pos="X">in</wf>
         <wf lemma="particolare" pos="ADJ">particolare</wf>
         <wf lemma="quello" pos="X">quelli</wf>
         <wf lemma="non" pos="ADV">non</wf>
         <wf lemma="specializzato" pos="ADJ">specializzati</wf>
         <wf lemma="," pos="X">,</wf>
         <wf lemma="esercitare" pos="VERB">esercitando</wf>
         <wf lemma="una" pos="X">una</wf>
         <instance id="d000.s015.t005" lemma="pressione" pos="NOUN">pressione</instance>
         <wf lemma="al" pos="X">al</wf>
         <instance id="d000.s015.t006" lemma="ribasso" pos="NOUN">ribasso</instance>
         <wf lemma="sul" pos="X">sui</wf>
         <instance id="d000.s015.t007" lemma="salario" pos="NOUN">salari</instance>
         <wf lemma="." pos="X">.</wf>
      </sentence>
      <sentence id="d000.s016" source="semeval2015-it">
         <instance id="d000.s016.t000" lemma="contenere" pos="VERB">Contiene</instance>
         <wf pos="X">il</wf>
         <wf lemma="principio" pos="NOUN">principio</wf>
         <instance id="d000.s016.t001" lemma="attivo" pos="ADJ">attivo</instance>
         <wf lemma="pemetrexed" pos="NOUN">pemetrexed</wf>
         <wf pos="X">.</wf>
      </sentence>
      <sentence id="d000.s017" source="semeval2013-it">
         <wf lemma="in" pos="X">In</wf>
         <wf lemma="più" pos="ADV">più</wf>
         <wf lemma="il" pos="X">la</wf>
         <wf lemma="confidenza" pos="NOUN">confidenza</wf>
         <wf lemma="del" pos="X">dei</wf>
         <instance id="d000.s017.t000" lemma="consumatore" pos="NOUN">consumatori</instance>
         <wf lemma="americano" pos="ADJ">americani</wf>
         <wf lemma="si" pos="X">si</wf>
         <wf lemma="essere" pos="VERB">è</wf>
         <wf lemma="chiaramente" pos="ADV">chiaramente</wf>
         <wf lemma="riprendere" pos="VERB">ripresa</wf>
         <wf lemma="a" pos="X">a</wf>
         <instance id="d000.s017.t001" lemma="dicembre" pos="NOUN">Dicembre</instance>
         <wf lemma="con" pos="X">con</wf>
         <wf lemma="@card@" pos="NOUN">73.4</wf>
         <wf lemma="punto" pos="NOUN">punti</wf>
         <wf lemma="contro" pos="X">contro</wf>
         <wf lemma="@card@" pos="NOUN">67.4</wf>
         <wf lemma="del" pos="X">del</wf>
         <instance id="d000.s017.t002" lemma="mese" pos="NOUN">mese</instance>
         <wf lemma="precedente" pos="ADJ">precedente</wf>
         <wf lemma="," pos="X">,</wf>
         <wf lemma="in" pos="X">in</wf>
         <instance id="d000.s017.t003" lemma="base" pos="NOUN">base</instance>
         <wf lemma="al" pos="X">alle</wf>
         <instance id="d000.s017.t004" lemma="stima" pos="NOUN">stime</instance>
         <wf lemma="preliminare" pos="ADJ">preliminari</wf>
         <wf lemma="dal" pos="X">dall'</wf>
         <instance id="d000.s017.t005" lemma="indice" pos="NOUN">indice</instance>
         <wf lemma="del" pos="X">dell'</wf>
         <instance id="d000.s017.t006" lemma="università_del_michigan" pos="NOUN">Università_del_Michigan</instance>
         <wf lemma="." pos="X">.</wf>
      </sentence>
      <sentence id="d000.s018" source="semeval2013-it">
         <wf lemma="il" pos="X">Le</wf>
         <instance id="d000.s018.t000" lemma="banca" pos="NOUN">banche</instance>
         <wf lemma="americano" pos="ADJ">americane</wf>
         <wf lemma="rimborsare" pos="VERB">rimborsano</wf>
         <wf lemma="il" pos="X">il</wf>
         <instance id="d000.s018.t001" lemma="sostegno" pos="NOUN">sostegno</instance>
         <wf lemma="del" pos="X">dello</wf>
         <instance id="d000.s018.t002" lemma="stato" pos="NOUN">stato</instance>
      </sentence>
      <sentence id="d000.s019" source="semeval2015-it">
         <wf pos="X">Per</wf>
         <instance id="d000.s019.t000" lemma="maggiore" pos="ADJ">maggiori</instance>
         <instance id="d000.s019.t001" lemma="informazione" pos="NOUN">informazioni</instance>
         <instance id="d000.s019.t002" lemma="riguardare" pos="VERB">riguardanti</instance>
         <wf pos="X">le</wf>
         <instance id="d000.s019.t003" lemma="proprio" pos="ADJ">proprie</instance>
         <instance id="d000.s019.t004" lemma="condizione" pos="NOUN">condizioni</instance>
         <wf pos="X">di</wf>
         <wf lemma="salute" pos="NOUN">salute</wf>
         <wf pos="X">o</wf>
         <wf pos="X">la</wf>
         <instance id="d000.s019.t005" lemma="terapia" pos="NOUN">terapia</instance>
         <wf pos="X">,</wf>
         <instance id="d000.s019.t006" lemma="leggere" pos="VERB">leggere</instance>
         <wf pos="X">il</wf>
         <instance id="d000.s019.t007" lemma="foglio" pos="NOUN">foglio</instance>
         <wf lemma="illustrativo" pos="ADJ">illustrativo</wf>
         <wf pos="X">(</wf>
         <instance id="d000.s019.t008" lemma="allegare" pos="VERB">allegato</instance>
         <wf pos="X">all</wf>
         <wf lemma="epar" pos="NOUN">EPAR</wf>
         <wf pos="X">)</wf>
         <wf pos="X">oppure</wf>
         <instance id="d000.s019.t009" lemma="consultare" pos="VERB">consultare</instance>
         <wf pos="X">il</wf>
         <instance id="d000.s019.t010" lemma="medico" pos="NOUN">medico</instance>
         <wf pos="X">o</wf>
         <wf pos="X">il</wf>
         <instance id="d000.s019.t011" lemma="farmacista" pos="NOUN">farmacista</instance>
         <wf pos="X">.</wf>
      </sentence>
      <sentence id="d000.s020" source="semeval2013-it">
         <wf lemma="un'" pos="X">Un'</wf>
         <wf lemma="altro" pos="ADJ">altra</wf>
         <instance id="d000.s020.t000" lemma="domanda" pos="NOUN">domanda</instance>
         <wf lemma="essere" pos="VERB">è</wf>
         <wf lemma="che" pos="X">che</wf>
         <instance id="d000.s020.t001" lemma="tipo" pos="NOUN">tipo</instance>
         <wf lemma="di" pos="X">di</wf>
         <instance id="d000.s020.t002" lemma="vantaggio" pos="NOUN">vantaggio</instance>
         <wf lemma="il" pos="X">i</wf>
         <instance id="d000.s020.t003" lemma="trasgressore" pos="NOUN">trasgressori</instance>
         <wf lemma="avere" pos="VERB">hanno</wf>
         <wf lemma="ottenere" pos="VERB">ottenuto</wf>
         <wf lemma="dal" pos="X">dalle</wf>
         <instance id="d000.s020.t004" lemma="azione" pos="NOUN">azioni</instance>
         <wf lemma="deliberatamente" pos="ADV">deliberatamente</wf>
         <wf lemma="svolgere" pos="VERB">svolte</wf>
         <wf lemma="." pos="X">.</wf>
      </sentence>
      <sentence id="d000.s021" source="semeval2013-it">
         <wf lemma="il" pos="X">La</wf>
         <instance id="d000.s021.t000" lemma="ricerca" pos="NOUN">ricerca</instance>
         <wf lemma="essere" pos="VERB">è</wf>
         <wf lemma="essere|stare" pos="VERB">stata</wf>
         <wf lemma="finanziare" pos="VERB">finanziata</wf>
         <wf lemma="dal" pos="X">dal</wf>
         <wf lemma="dipartimento" pos="NOUN">Dipartimento</wf>
         <wf lemma="del" pos="X">dell'</wf>
         <wf lemma="energia" pos="NOUN">Energia</wf>
         <wf lemma="del" pos="X">della</wf>
         <instance id="d000.s021.t001" lemma="NASA" pos="NOUN">NASA</instance>
         <wf lemma="e" pos="X">e</wf>
         <wf lemma="dal" pos="X">dal</wf>
         <instance id="d000.s021.t002" lemma="national_institutes_of_health" pos="NOUN">National_Institutes_of_Health</instance>
         <wf lemma="." pos="X">.</wf>
      </sentence>
      <sentence id="d000.s022" source="semeval2015-it">
         <wf pos="X">Se</wf>
         <instance id="d000.s022.t000" lemma="volere" pos="VERB">vogliamo</instance>
         <instance id="d000.s022.t001" lemma="capire" pos="VERB">capire</instance>
         <wf pos="X">come</wf>
         <instance id="d000.s022.t002" lemma="funzionare" pos="VERB">funziona</instance>
         <wf pos="X">,</wf>
         <wf pos="X">la</wf>
         <instance id="d000.s022.t003" lemma="cosa" pos="NOUN">cosa</instance>
         <instance id="d000.s022.t004" lemma="migliore" pos="ADJ">migliore</instance>
         <wf pos="X">da</wf>
         <instance id="d000.s022.t005" lemma="fare" pos="VERB">fare</instance>
         <wf lemma="essere" pos="VERB">è</wf>
         <instance id="d000.s022.t006" lemma="comprendere" pos="VERB">comprendere</instance>
         <wf pos="X">che</wf>
         <wf pos="X">ciò</wf>
         <wf pos="X">che</wf>
         <wf lemma="venire" pos="VERB">viene</wf>
         <instance id="d000.s022.t007" lemma="inserire" pos="VERB">inserito</instance>
         <wf lemma="essere" pos="VERB">è</wf>
         <instance id="d000.s022.t008" lemma="convertire" pos="VERB">convertito</instance>
         <wf pos="X">in</wf>
         <wf lemma="mathml" pos="NOUN">MathML</wf>
         <wf pos="X">,</wf>
         <wf pos="X">anche</wf>
         <wf pos="X">se</wf>
         <wf pos="X">non</wf>
         <wf lemma="essere" pos="VERB">è</wf>
         <instance id="d000.s022.t009" lemma="necessario" pos="ADJ">necessario</instance>
         <instance id="d000.s022.t010" lemma="conoscere" pos="VERB">conoscere</instance>
         <wf lemma="mathml" pos="NOUN">MathML</wf>
         <wf pos="X">.</wf>
      </sentence>
      <sentence id="d000.s023" source="semeval2013-it">
         <wf lemma="al" pos="X">Allo</wf>
         <wf lemma="stesso" pos="ADJ">stesso</wf>
         <instance id="d000.s023.t000" lemma="modo" pos="NOUN">modo</instance>
         <wf lemma="," pos="X">,</wf>
         <wf lemma="come" pos="X">come</wf>
         <wf lemma="per" pos="X">per</wf>
         <wf lemma="un" pos="X">un</wf>
         <instance id="d000.s023.t001" lemma="chirurgo" pos="NOUN">chirurgo</instance>
         <wf lemma="essere" pos="VERB">sarebbe</wf>
         <wf lemma="difficile" pos="ADJ">difficile</wf>
         <wf lemma="lavorare" pos="VERB">lavorare</wf>
         <wf lemma="in" pos="X">in</wf>
         <wf lemma="un" pos="X">un</wf>
         <instance id="d000.s023.t002" lemma="paese" pos="NOUN">paese</instance>
         <wf lemma="con" pos="X">con</wf>
         <wf lemma="una" pos="X">una</wf>
         <instance id="d000.s023.t003" lemma="carenza" pos="NOUN">carenza</instance>
         <wf lemma="di" pos="X">di</wf>
         <instance id="d000.s023.t004" lemma="anestesista" pos="NOUN">anestesisti</instance>
         <wf lemma="," pos="X">,</wf>
         <wf lemma="il" pos="X">le</wf>
         <wf lemma="complementarità" pos="NOUN">complementarità</wf>
         <wf lemma="esistente" pos="ADJ">esistenti</wf>
         <wf lemma="tra" pos="X">tra</wf>
         <instance id="d000.s023.t005" lemma="popolazione" pos="NOUN">popolazione</instance>
         <wf lemma="locale" pos="ADJ">locale</wf>
         <wf lemma="e" pos="X">e</wf>
         <wf lemma="immigrato" pos="ADJ">immigrati</wf>
         <wf lemma="fare" pos="VERB">fanno</wf>
         <wf lemma="sì" pos="ADV">sì</wf>
         <wf lemma="che" pos="X">che</wf>
         <wf lemma="il" pos="X">l'</wf>
         <instance id="d000.s023.t006" lemma="arrivo" pos="NOUN">arrivo</instance>
         <wf lemma="del" pos="X">degli</wf>
         <instance id="d000.s023.t007" lemma="immigrato" pos="NOUN">immigrati</instance>
         <wf lemma="avere" pos="VERB">abbia</wf>
         <wf lemma="un" pos="X">un</wf>
         <instance id="d000.s023.t008" lemma="effetto" pos="NOUN">effetto</instance>
         <wf lemma="positivo" pos="ADJ">positivo</wf>
         <wf lemma="sul" pos="X">sulla</wf>
         <instance id="d000.s023.t009" lemma="retribuzione" pos="NOUN">retribuzione</instance>
         <wf lemma="del" pos="X">della</wf>
         <instance id="d000.s023.t010" lemma="popolazione" pos="NOUN">popolazione</instance>
         <wf lemma="locale" pos="ADJ">locale</wf>
         <wf lemma="." pos="X">.</wf>
      </sentence>
      <sentence id="d000.s024" source="semeval2010-it">
         <wf lemma="Questi" pos="X">Questi</wf>
         <instance id="d000.s024.t000" lemma="affioramento" pos="NOUN">affioramenti</instance>
         <wf lemma="," pos="X">,</wf>
         <wf lemma="chiamati" pos="X">chiamati</wf>
         <wf lemma="''" pos="X">''</wf>
         <wf lemma="tegnùe" pos="X">tegnùe</wf>
         <wf lemma="''" pos="X">''</wf>
         <wf lemma="dai" pos="X">dai</wf>
         <wf lemma="pescatori" pos="X">pescatori</wf>
         <wf lemma="del" pos="X">del</wf>
         <wf lemma="litorale" pos="X">litorale</wf>
         <wf lemma="veneto" pos="X">veneto</wf>
         <wf lemma="," pos="X">,</wf>
         <wf lemma="nel" pos="X">nel</wf>
         <wf lemma="golfo" pos="X">golfo</wf>
         <wf lemma="di" pos="X">di</wf>
         <wf lemma="Trieste" pos="X">Trieste</wf>
         <wf lemma="sono" pos="X">sono</wf>
         <wf lemma="denominati" pos="X">denominati</wf>
         <wf lemma="''" pos="X">''</wf>
         <wf lemma="trezze" pos="X">trezze</wf>
         <wf lemma="''" pos="X">''</wf>
         <wf lemma="." pos="X">.</wf>
      </sentence>
      <sentence id="d000.s025" source="semeval2015-it">
         <wf pos="X">Nell</wf>
         <instance id="d000.s025.t000" lemma="organismo" pos="NOUN">organismo</instance>
         <wf pos="X">,</wf>
         <wf lemma="pemetrexed" pos="NOUN">pemetrexed</wf>
         <wf lemma="venire" pos="VERB">viene</wf>
         <instance id="d000.s025.t001" lemma="trasformare" pos="VERB">trasformato</instance>
         <wf pos="X">in</wf>
         <wf pos="X">una</wf>
         <instance id="d000.s025.t002" lemma="forma" pos="NOUN">forma</instance>
         <instance id="d000.s025.t003" lemma="attivo" pos="ADJ">attiva</instance>
         <wf pos="X">che</wf>
         <instance id="d000.s025.t004" lemma="bloccare" pos="VERB">blocca</instance>
         <wf pos="X">l</wf>
         <instance id="d000.s025.t005" lemma="attività" pos="NOUN">attività</instance>
         <wf pos="X">degli</wf>
         <instance id="d000.s025.t006" lemma="enzima" pos="NOUN">enzimi</instance>
         <instance id="d000.s025.t007" lemma="coinvolgere" pos="VERB">coinvolti</instance>
         <wf pos="X">nella</wf>
         <instance id="d000.s025.t008" lemma="produzione" pos="NOUN">produzione</instance>
         <wf pos="X">dei</wf>
         <instance id="d000.s025.t009" lemma="nucleotidi" pos="NOUN">nucleotidi</instance>
         <wf pos="X">(</wf>
         <wf pos="X">gli</wf>
         <instance id="d000.s025.t010" lemma="elemento" pos="NOUN">elementi</instance>
         <wf lemma="costitutivo" pos="ADJ">costitutivi</wf>
         <wf pos="X">di</wf>
         <instance id="d000.s025.t011" lemma="dna" pos="NOUN">DNA</instance>
         <wf pos="X">e</wf>
         <instance id="d000.s025.t012" lemma="rna" pos="NOUN">RNA</instance>
         <wf pos="X">,</wf>
         <wf pos="X">il</wf>
         <instance id="d000.s025.t013" lemma="materiale" pos="NOUN">materiale</instance>
         <instance id="d000.s025.t014" lemma="genetico" pos="ADJ">genetico</instance>
         <wf pos="X">delle</wf>
         <instance id="d000.s025.t015" lemma="cellula" pos="NOUN">cellule</instance>
         <wf pos="X">)</wf>
         <wf pos="X">.</wf>
      </sentence>
      <sentence id="d000.s026" source="semeval2015-it">
         <wf pos="X">Per</wf>
         <instance id="d000.s026.t000" lemma="aggiungere" pos="VERB">aggiungere</instance>
         <wf pos="X">un</wf>
         <instance id="d000.s026.t001" lemma="nuovo" pos="ADJ">nuovo</instance>
         <wf lemma="grafico" pos="NOUN">grafico</wf>
         <wf lemma="2d" pos="NOUN">2D</wf>
         <wf pos="X">in</wf>
         <wf lemma="kalgebra" pos="NOUN">kalgebra</wf>
         <wf pos="X">,</wf>
         <wf lemma="dovere" pos="VERB">devi</wf>
         <instance id="d000.s026.t002" lemma="andare" pos="VERB">andare</instance>
         <wf pos="X">nella</wf>
         <wf lemma="scheda" pos="NOUN">scheda</wf>
         <wf lemma="grafico" pos="NOUN">Grafico</wf>
         <wf lemma="2d" pos="NOUN">2D</wf>
         <wf pos="X">e</wf>
         <wf lemma="fare" pos="VERB">fare</wf>
         <wf lemma="clic" pos="NOUN">clic</wf>
         <wf pos="X">sulla</wf>
         <wf lemma="scheda" pos="NOUN">scheda</wf>
         <wf lemma="aggiungere" pos="NOUN">Aggiungi</wf>
         <wf pos="X">per</wf>
         <instance id="d000.s026.t003" lemma="aggiungere" pos="VERB">aggiungere</instance>
         <wf pos="X">una</wf>
         <instance id="d000.s026.t004" lemma="nuovo" pos="ADJ">nuova</instance>
         <instance id="d000.s026.t005" lemma="funzione" pos="NOUN">funzione</instance>
         <wf pos="X">.</wf>
      </sentence>
      <sentence id="d000.s027" source="semeval2010-it">
         <wf lemma="Una" pos="X">Una</wf>
         <wf lemma="possibile" pos="X">possibile</wf>
         <wf lemma="risposta" pos="X">risposta</wf>
         <wf lemma="a" pos="X">a</wf>
         <wf lemma="tale" pos="X">tale</wf>
         <wf lemma="necessità" pos="X">necessità</wf>
         <wf lemma="è" pos="X">è</wf>
         <wf lemma="rappresentata" pos="X">rappresentata</wf>
         <wf lemma="dall'" pos="X">dall'</wf>
         <wf lemma="approccio" pos="X">approccio</wf>
         <wf lemma="al" pos="X">al</wf>
         <wf lemma="territorio" pos="X">territorio</wf>
         <wf lemma="rurale" pos="X">rurale</wf>
         <wf lemma="alla" pos="X">alla</wf>
         <wf lemma="scala" pos="X">scala</wf>
         <wf lemma="di" pos="X">di</wf>
         <wf lemma="paesaggio" pos="X">paesaggio</wf>
         <wf lemma="," pos="X">,</wf>
         <wf lemma="i" pos="X">i</wf>
         <wf lemma="cui" pos="X">cui</wf>
         <wf lemma="presupposti" pos="X">presupposti</wf>
         <wf lemma="di" pos="X">di</wf>
         <wf lemma="fondo" pos="X">fondo</wf>
         <wf lemma="sono" pos="X">sono</wf>
         <wf lemma="quelli" pos="X">quelli</wf>
         <wf lemma="di" pos="X">di</wf>
         <wf lemma="porre" pos="X">porre</wf>
         <wf lemma="in" pos="X">in</wf>
         <wf lemma="primo" pos="X">primo</wf>
         <wf lemma="piano" pos="X">piano</wf>
         <wf lemma="la" pos="X">la</wf>
         <instance id="d000.s027.t000" lemma="comprensione" pos="NOUN">comprensione</instance>
         <wf lemma="dei" pos="X">dei</wf>
         <wf lemma="processi" pos="X">processi</wf>
         <wf lemma="naturali" pos="X">naturali</wf>
         <wf lemma="ed" pos="X">ed</wf>
         <wf lemma="antropici" pos="X">antropici</wf>
         <wf lemma="e" pos="X">e</wf>
         <wf lemma="della" pos="X">della</wf>
         <wf lemma="loro" pos="X">loro</wf>
         <wf lemma="reciproca" pos="X">reciproca</wf>
         <wf lemma="influenza" pos="X">influenza</wf>
         <wf lemma="." pos="X">.</wf>
      </sentence>
      <sentence id="d000.s028" source="semeval2013-it">
         <wf lemma="dare" pos="VERB">Dà</wf>
         <wf lemma="molto" pos="X">molta</wf>
         <instance id="d000.s028.t000" lemma="flessibilità" pos="NOUN">flessibilità</instance>
         <wf lemma="al" pos="X">al</wf>
         <instance id="d000.s028.t001" lemma="processo" pos="NOUN">processo</instance>
         <wf lemma="," pos="X">,</wf>
         <wf lemma="avere" pos="VERB">ha</wf>
         <wf lemma="dire" pos="VERB">detto</wf>
         <wf lemma="John" pos="NOUN">John</wf>
         <wf lemma="Coequyt" pos="NOUN">Coequyt</wf>
         <wf lemma="," pos="X">,</wf>
         <instance id="d000.s028.t002" lemma="rappresentante" pos="NOUN">rappresentante</instance>
         <wf lemma="superiore" pos="ADJ">superiore</wf>
         <wf lemma="di" pos="X">di</wf>
         <instance id="d000.s028.t003" lemma="Washington" pos="NOUN">Washington</instance>
         <wf lemma="per" pos="X">per</wf>
         <wf lemma="il" pos="X">la</wf>
         <wf lemma="sierra_club" pos="NOUN">Sierra_Club</wf>
         <wf lemma="." pos="X">.</wf>
      </sentence>
      <sentence id="d000.s029" source="semeval2015-it">
         <wf lemma="alimta" pos="NOUN">Alimta</wf>
         <wf lemma="dovere" pos="VERB">deve</wf>
         <wf lemma="essere" pos="VERB">essere</wf>
         <instance id="d000.s029.t000" lemma="somministrare" pos="VERB">somministrato</instance>
         <instance id="d000.s029.t001" lemma="solamente" pos="ADV">solamente</instance>
         <wf pos="X">sotto</wf>
         <wf pos="X">la</wf>
         <instance id="d000.s029.t002" lemma="supervisione" pos="NOUN">supervisione</instance>
         <wf pos="X">di</wf>
         <wf pos="X">un</wf>
         <instance id="d000.s029.t003" lemma="medico" pos="NOUN">medico</instance>
         <instance id="d000.s029.t004" lemma="qualificato" pos="ADJ">qualificato</instance>
         <wf pos="X">per</wf>
         <wf pos="X">l</wf>
         <instance id="d000.s029.t005" lemma="uso" pos="NOUN">uso</instance>
         <wf pos="X">della</wf>
         <instance id="d000.s029.t006" lemma="chemioterapia" pos="NOUN">chemioterapia</instance>
         <wf lemma="antitumorale" pos="ADJ">antitumorale</wf>
         <wf pos="X">.</wf>
      </sentence>
      <sentence id="d000.s030" source="semeval2010-it">
         <wf lemma="Le" pos="X">Le</wf>
         <wf lemma="cause" pos="X">cause</wf>
         <wf lemma="principali" pos="X">principali</wf>
         <wf lemma="sono" pos="X">sono</wf>
         <wf lemma="la" pos="X">la</wf>
         <wf lemma="distruzione" pos="X">distruzione</wf>
         <wf lemma="degli" pos="X">degli</wf>
         <instance id="d000.s030.t000" lemma="habitat" pos="NOUN">habitat</instance>
         <wf lemma="," pos="X">,</wf>
         <wf lemma="la" pos="X">la</wf>
         <wf lemma="pesca" pos="X">pesca</wf>
         <wf lemma="eccessiva" pos="X">eccessiva</wf>
         <wf lemma="," pos="X">,</wf>
         <wf lemma="le" pos="X">le</wf>
         <wf lemma="specie" pos="X">specie</wf>
         <wf lemma="invasive" pos="X">invasive</wf>
         <wf lemma="," pos="X">,</wf>
         <wf lemma="l'" pos="X">l'</wf>
         <wf lemma="inquinamento" pos="X">inquinamento</wf>
         <wf lemma="e" pos="X">e</wf>
         <wf lemma="l'" pos="X">l'</wf>
         <wf lemma="alterazione" pos="X">alterazione</wf>
         <wf lemma="dei" pos="X">dei</wf>
         <wf lemma="sistemi" pos="X">sistemi</wf>
         <wf lemma="fluviali" pos="X">fluviali</wf>
         <wf lemma="per" pos="X">per</wf>
         <wf lemma="l'" pos="X">l'</wf>
         <wf lemma="utilizzo" pos="X">utilizzo</wf>
         <wf lemma="della" pos="X">della</wf>
         <wf lemma="risorsa" pos="X">risorsa</wf>
         <wf lemma="idrica" pos="X">idrica</wf>
         <wf lemma="." pos="X">.</wf>
      </sentence>
      <sentence id="d000.s031" source="semeval2010-it">
         <wf lemma="Gli" pos="X">Gli</wf>
         <wf lemma="obiettivi" pos="X">obiettivi</wf>
         <wf lemma="di" pos="X">di</wf>
         <wf lemma="conservazione" pos="X">conservazione</wf>
         <wf lemma="degli" pos="X">degli</wf>
         <instance id="d000.s031.t000" lemma="habitat" pos="NOUN">habitat</instance>
         <wf lemma="naturali" pos="X">naturali</wf>
         <wf lemma="che" pos="X">che</wf>
         <wf lemma="i" pos="X">i</wf>
         <wf lemma="suddetti" pos="X">suddetti</wf>
         <wf lemma="strumenti" pos="X">strumenti</wf>
         <wf lemma="si" pos="X">si</wf>
         <wf lemma="vengono" pos="X">vengono</wf>
         <wf lemma="perseguiti" pos="X">perseguiti</wf>
         <wf lemma="in" pos="X">in</wf>
         <wf lemma="considerazione" pos="X">considerazione</wf>
         <wf lemma="delle" pos="X">delle</wf>
         <wf lemma="esigenze" pos="X">esigenze</wf>
         <wf lemma="economiche" pos="X">economiche</wf>
         <wf lemma="," pos="X">,</wf>
         <wf lemma="culturali" pos="X">culturali</wf>
         <wf lemma="e" pos="X">e</wf>
         <wf lemma="sociali" pos="X">sociali</wf>
         <wf lemma="delle" pos="X">delle</wf>
         <wf lemma="aree" pos="X">aree</wf>
         <wf lemma="interessate" pos="X">interessate</wf>
         <wf lemma="contribuendo" pos="X">contribuendo</wf>
         <wf lemma="così" pos="X">così</wf>
         <wf lemma="al" pos="X">al</wf>
         <wf lemma="raggiungimento" pos="X">raggiungimento</wf>
         <wf lemma="dell'" pos="X">dell'</wf>
         <wf lemma="obiettivo" pos="X">obiettivo</wf>
         <wf lemma="più" pos="X">più</wf>
         <wf lemma="generale" pos="X">generale</wf>
         <wf lemma="di" pos="X">di</wf>
         <instance id="d000.s031.t001" lemma="sviluppo" pos="NOUN">sviluppo</instance>
         <wf lemma="durevole" pos="X">durevole</wf>
         <wf lemma="e" pos="X">e</wf>
         <wf lemma="sostenibile" pos="X">sostenibile</wf>
         <wf lemma="del" pos="X">del</wf>
         <wf lemma="territorio" pos="X">territorio</wf>
         <wf lemma="." pos="X">.</wf>
      </sentence>
      <sentence id="d000.s032" source="semeval2010-it">
         <wf lemma="Le" pos="X">Le</wf>
         <wf lemma="valutazioni" pos="X">valutazioni</wf>
         <wf lemma="e" pos="X">e</wf>
         <wf lemma="gli" pos="X">gli</wf>
         <wf lemma="approcci" pos="X">approcci</wf>
         <wf lemma="alla" pos="X">alla</wf>
         <wf lemma="tematica" pos="X">tematica</wf>
         <wf lemma="delle" pos="X">delle</wf>
         <wf lemma="reti" pos="X">reti</wf>
         <wf lemma="ecologiche" pos="X">ecologiche</wf>
         <wf lemma="o" pos="X">o</wf>
         <wf lemma="alle" pos="X">alle</wf>
         <wf lemma="connessioni" pos="X">connessioni</wf>
         <wf lemma="ambientali" pos="X">ambientali</wf>
         <wf lemma="in" pos="X">in</wf>
         <wf lemma="genere" pos="X">genere</wf>
         <wf lemma="risultano" pos="X">risultano</wf>
         <wf lemma="molto" pos="X">molto</wf>
         <wf lemma="varie" pos="X">varie</wf>
         <wf lemma="," pos="X">,</wf>
         <wf lemma="si" pos="X">si</wf>
         <wf lemma="rileva" pos="X">rileva</wf>
         <wf lemma="però" pos="X">però</wf>
         <wf lemma="un" pos="X">un</wf>
         <wf lemma="comune" pos="X">comune</wf>
         <wf lemma="accordo" pos="X">accordo</wf>
         <wf lemma="in" pos="X">in</wf>
         <wf lemma="merito" pos="X">merito</wf>
         <wf lemma="al" pos="X">al</wf>
         <wf lemma="principio" pos="X">principio</wf>
         <wf lemma="che" pos="X">che</wf>
         <wf lemma="la" pos="X">la</wf>
         <wf lemma="risoluzione" pos="X">risoluzione</wf>
         <wf lemma="delle" pos="X">delle</wf>
         <wf lemma="problematiche" pos="X">problematiche</wf>
         <wf lemma="legate" pos="X">legate</wf>
         <wf lemma="alla" pos="X">alla</wf>
         <wf lemma="frammentazione" pos="X">frammentazione</wf>
         <wf lemma="delle" pos="X">delle</wf>
         <wf lemma="aree" pos="X">aree</wf>
         <wf lemma="naturali" pos="X">naturali</wf>
         <wf lemma="," pos="X">,</wf>
         <wf lemma="conseguenza" pos="X">conseguenza</wf>
         <wf lemma="delle" pos="X">delle</wf>
         <wf lemma="molteplici" pos="X">molteplici</wf>
         <wf lemma="trasformazioni" pos="X">trasformazioni</wf>
         <wf lemma="del" pos="X">del</wf>
         <wf lemma="territorio" pos="X">territorio</wf>
         <wf lemma="," pos="X">,</wf>
         <wf lemma="debba" pos="X">debba</wf>
         <wf lemma="portare" pos="X">portare</wf>
         <wf lemma="alla" pos="X">alla</wf>
         <instance id="d000.s032.t000" lemma="costituzione" pos="NOUN">costituzione</instance>
         <wf lemma="di" pos="X">di</wf>
         <wf lemma="''" pos="X">''</wf>
         <wf lemma="infrastrutture" pos="X">infrastrutture</wf>
         <wf lemma="''" pos="X">''</wf>
         <wf lemma="finalizzate" pos="X">finalizzate</wf>
         <wf lemma="ad" pos="X">ad</wf>
         <wf lemma="unire" pos="X">unire</wf>
         <wf lemma="ed" pos="X">ed</wf>
         <wf lemma="a" pos="X">a</wf>
         <wf lemma="porre" pos="X">porre</wf>
         <wf lemma="in" pos="X">in</wf>
         <wf lemma="relazione" pos="X">relazione</wf>
         <wf lemma="ambiti" pos="X">ambiti</wf>
         <wf lemma="territoriali" pos="X">territoriali</wf>
         <wf lemma="con" pos="X">con</wf>
         <wf lemma="caratteristiche" pos="X">caratteristiche</wf>
         <wf lemma="ecologiche" pos="X">ecologiche</wf>
         <wf lemma="ben" pos="X">ben</wf>
         <wf lemma="definite" pos="X">definite</wf>
         <wf lemma="." pos="X">.</wf>
      </sentence>
      <sentence id="d000.s033" source="semeval2010-it">
         <wf lemma="Condizione" pos="X">Condizione</wf>
         <wf lemma="testimoniata" pos="X">testimoniata</wf>
         <wf lemma="dalla" pos="X">dalla</wf>
         <wf lemma="colorazione" pos="X">colorazione</wf>
         <wf lemma="bruna" pos="X">bruna</wf>
         <wf lemma="e" pos="X">e</wf>
         <wf lemma="grigio" pos="X">grigio</wf>
         <wf lemma="azzurra" pos="X">azzurra</wf>
         <wf lemma="," pos="X">,</wf>
         <wf lemma="tipica" pos="X">tipica</wf>
         <wf lemma="di" pos="X">di</wf>
         <wf lemma="una" pos="X">una</wf>
         <instance id="d000.s033.t000" lemma="roccia" pos="NOUN">roccia</instance>
         <wf lemma="che" pos="X">che</wf>
         <wf lemma="si" pos="X">si</wf>
         <wf lemma="conserva" pos="X">conserva</wf>
         <wf lemma="in" pos="X">in</wf>
         <wf lemma="un" pos="X">un</wf>
         <instance id="d000.s033.t001" lemma="ambiente" pos="NOUN">ambiente</instance>
         <wf lemma="riducente" pos="X">riducente</wf>
         <wf lemma="." pos="X">.</wf>
      </sentence>
      <sentence id="d000.s034" source="semeval2010-it">
         <wf lemma="In" pos="X">In</wf>
         <wf lemma="particolare" pos="X">particolare</wf>
         <wf lemma="ci" pos="X">ci</wf>
         <wf lemma="si" pos="X">si</wf>
         <wf lemma="prefigge" pos="X">prefigge</wf>
         <wf lemma="l'" pos="X">l'</wf>
         <wf lemma="obiettivo" pos="X">obiettivo</wf>
         <wf lemma="di" pos="X">di</wf>
         <wf lemma="contribuire" pos="X">contribuire</wf>
         <wf lemma="ad" pos="X">ad</wf>
         <wf lemma="una" pos="X">una</wf>
         <wf lemma="valutazione" pos="X">valutazione</wf>
         <wf lemma="scientifica" pos="X">scientifica</wf>
         <wf lemma="sullo" pos="X">sullo</wf>
         <wf lemma="stato" pos="X">stato</wf>
         <wf lemma="di" pos="X">di</wf>
         <wf lemma="salute" pos="X">salute</wf>
         <wf lemma="di" pos="X">di</wf>
         <wf lemma="questi" pos="X">questi</wf>
         <instance id="d000.s034.t000" lemma="ambiente" pos="NOUN">ambienti</instance>
         <wf lemma="così" pos="X">così</wf>
         <wf lemma="importanti" pos="X">importanti</wf>
         <wf lemma="per" pos="X">per</wf>
         <wf lemma="il" pos="X">il</wf>
         <wf lemma="mantenimento" pos="X">mantenimento</wf>
         <wf lemma="della" pos="X">della</wf>
         <wf lemma="biodiversità" pos="X">biodiversità</wf>
         <wf lemma="," pos="X">,</wf>
         <wf lemma="fornendo" pos="X">fornendo</wf>
         <wf lemma="le" pos="X">le</wf>
         <wf lemma="necessarie" pos="X">necessarie</wf>
         <wf lemma="indicazioni" pos="X">indicazioni</wf>
         <wf lemma="per" pos="X">per</wf>
         <wf lemma="la" pos="X">la</wf>
         <wf lemma="valorizzazione" pos="X">valorizzazione</wf>
         <wf lemma="delle" pos="X">delle</wf>
         <wf lemma="trezze" pos="X">trezze</wf>
         <wf lemma="come" pos="X">come</wf>
         <wf lemma="risorsa" pos="X">risorsa</wf>
         <wf lemma="naturale" pos="X">naturale</wf>
         <wf lemma="." pos="X">.</wf>
      </sentence>
      <sentence id="d000.s035" source="semeval2013-it">
         <wf lemma="sapere" pos="VERB">Sappiamo</wf>
         <wf lemma="tutto" pos="ADJ">tutti</wf>
         <wf lemma="come" pos="X">come</wf>
         <wf lemma="il" pos="X">la</wf>
         <instance id="d000.s035.t000" lemma="Cina" pos="NOUN">Cina</instance>
         <wf lemma="essere" pos="VERB">sia</wf>
         <wf lemma="sul" pos="X">sulla</wf>
         <wf lemma="strada" pos="NOUN">strada</wf>
         <wf lemma="per" pos="X">per</wf>
         <wf lemma="diventare" pos="VERB">diventare</wf>
         <wf lemma="una" pos="X">una</wf>
         <wf lemma="maggiore" pos="ADJ">maggiore</wf>
         <wf lemma="potenza" pos="NOUN">potenza</wf>
         <wf lemma="economico" pos="ADJ">economica</wf>
         <wf lemma="così" pos="ADV">così</wf>
         <wf lemma="come" pos="X">come</wf>
         <wf lemma="tecnologico" pos="ADJ">tecnologica</wf>
         <wf lemma="," pos="X">,</wf>
         <wf lemma="avere" pos="VERB">ha</wf>
         <wf lemma="dire" pos="VERB">detto</wf>
         <wf lemma="Assam" pos="NOUN">Assam</wf>
         <wf lemma="Jihad" pos="NOUN">Jihad</wf>
         <wf lemma="," pos="X">,</wf>
         <instance id="d000.s035.t001" lemma="portavoce" pos="NOUN">portavoce</instance>
         <wf lemma="del" pos="X">del</wf>
         <instance id="d000.s035.t002" lemma="ministero" pos="NOUN">ministero</instance>
         <wf lemma="del" pos="X">del</wf>
         <instance id="d000.s035.t003" lemma="petrolio" pos="NOUN">petrolio</instance>
         <wf lemma="." pos="X">.</wf>
      </sentence>
      <sentence id="d000.s036" source="semeval2013-it">
         <wf lemma="il" pos="X">Il</wf>
         <instance id="d000.s036.t000" lemma="ministero" pos="NOUN">ministero</instance>
         <wf lemma="del" pos="X">del</wf>
         <instance id="d000.s036.t001" lemma="petrolio" pos="NOUN">petrolio</instance>
         <wf lemma="iracheno" pos="ADJ">iracheno</wf>
         <wf lemma="stringere" pos="VERB">stringe</wf>
         <instance id="d000.s036.t002" lemma="accordo" pos="NOUN">accordi</instance>
         <wf lemma="con" pos="X">con</wf>
         <wf lemma="@card@" pos="NOUN">10</wf>
         <instance id="d000.s036.t003" lemma="compagnia_petrolifera" pos="NOUN">compagnie_petrolifere</instance>
         <wf lemma="straniero" pos="ADJ">straniere</wf>
         <wf lemma="." pos="X">.</wf>
      </sentence>
      <sentence id="d000.s037" source="semeval2013-it">
         <wf lemma="il" pos="X">La</wf>
         <instance id="d000.s037.t000" lemma="provocazione" pos="NOUN">provocazione</instance>
         <wf lemma="di" pos="X">di</wf>
         <wf lemma="un" pos="X">un</wf>
         <wf lemma="cartellino" pos="NOUN">cartellino</wf>
         <wf lemma="giallo" pos="ADJ">giallo</wf>
         <wf lemma="in" pos="X">in</wf>
         <wf lemma="circostanza" pos="NOUN">circostanze</wf>
         <wf lemma="simile" pos="ADJ">simili</wf>
         <wf lemma="a" pos="X">a</wf>
         <wf lemma="questo" pos="X">questa</wf>
         <wf lemma="non" pos="ADV">non</wf>
         <wf lemma="essere" pos="VERB">è</wf>
         <wf lemma="una" pos="X">una</wf>
         <instance id="d000.s037.t001" lemma="pratica" pos="NOUN">pratica</instance>
         <wf lemma="nuovo" pos="ADJ">nuova</wf>
         <wf lemma="," pos="X">,</wf>
         <wf lemma="ma" pos="X">ma</wf>
         <wf lemma="piuttosto" pos="ADV">piuttosto</wf>
         <wf lemma="frequente" pos="ADJ">frequente</wf>
         <wf lemma="nel" pos="X">nel</wf>
         <instance id="d000.s037.t002" lemma="mondo" pos="NOUN">mondo</instance>
         <wf lemma="del" pos="X">del</wf>
         <instance id="d000.s037.t003" lemma="calcio" pos="NOUN">calcio</instance>
         <wf lemma="." pos="X">.</wf>
      </sentence>
      <sentence id="d000.s038" source="semeval2013-it">
         <wf lemma="ExxonMobil" pos="NOUN">ExxonMobil</wf>
         <wf lemma="e" pos="X">e</wf>
         <wf lemma="il" pos="X">la</wf>
         <wf lemma="Occidental" pos="NOUN">Occidental</wf>
         <wf lemma="Petroleum" pos="NOUN">Petroleum</wf>
         <wf lemma="Inc." pos="NOUN">Inc.</wf>
         <wf lemma="essere|sonare" pos="VERB">sono</wf>
         <wf lemma="essere|stare" pos="VERB">state</wf>
         <wf lemma="il" pos="X">le</wf>
         <wf lemma="unico" pos="ADJ">uniche</wf>
         <instance id="d000.s038.t000" lemma="compagnia" pos="NOUN">compagnie</instance>
         <wf lemma="americano" pos="ADJ">americane</wf>
         <wf lemma="che" pos="X">che</wf>
         <wf lemma="avere" pos="VERB">hanno</wf>
         <wf lemma="stringere" pos="VERB">stretto</wf>
         <instance id="d000.s038.t001" lemma="accordo" pos="NOUN">accordi</instance>
         <wf lemma="con" pos="X">con</wf>
         <wf lemma="il" pos="X">il</wf>
         <instance id="d000.s038.t002" lemma="ministero" pos="NOUN">ministero</instance>
         <wf lemma="." pos="X">.</wf>
      </sentence>
      <sentence id="d000.s039" source="semeval2015-it">
         <instance id="d000.s039.t000" lemma="unitamente" pos="ADV">Unitamente</instance>
         <wf pos="X">alla</wf>
         <instance id="d000.s039.t001" lemma="commissione" pos="NOUN">Commissione</instance>
         <instance id="d000.s039.t002" lemma="europeo" pos="ADJ">europea</instance>
         <wf pos="X">,</wf>
         <wf pos="X">al</wf>
         <instance id="d000.s039.t003" lemma="ministero" pos="NOUN">Ministero</instance>
         <wf pos="X">degli</wf>
         <wf lemma="affare" pos="NOUN">affari</wf>
         <instance id="d000.s039.t004" lemma="sociale" pos="ADJ">sociali</instance>
         <instance id="d000.s039.t005" lemma="spagnolo" pos="ADJ">spagnolo</instance>
         <wf pos="X">e</wf>
         <wf pos="X">al</wf>
         <instance id="d000.s039.t006" lemma="governo" pos="NOUN">governo</instance>
         <instance id="d000.s039.t007" lemma="regionale" pos="ADJ">regionale</instance>
         <wf pos="X">della</wf>
         <wf lemma="galizia" pos="NOUN">Galizia</wf>
         <wf pos="X">,</wf>
         <wf pos="X">la</wf>
         <instance id="d000.s039.t008" lemma="fondazione" pos="NOUN">Fondazione</instance>
         <wf lemma="avere" pos="VERB">ha</wf>
         <instance id="d000.s039.t009" lemma="organizzare" pos="VERB">organizzato</instance>
         <wf pos="X">una</wf>
         <instance id="d000.s039.t010" lemma="conferenza" pos="NOUN">conferenza</instance>
         <instance id="d000.s039.t011" lemma="europeo" pos="ADJ">europea</instance>
         <wf pos="X">sul</wf>
         <instance id="d000.s039.t012" lemma="tema" pos="NOUN">tema</instance>
         <instance id="d000.s039.t013" lemma="esclusione" pos="NOUN">Esclusione</instance>
         <instance id="d000.s039.t014" lemma="sociale" pos="ADJ">sociale</instance>
         <wf pos="X">:</wf>
         <wf pos="X">una</wf>
         <instance id="d000.s039.t015" lemma="grande" pos="ADJ">grande</instance>
         <instance id="d000.s039.t016" lemma="sfida" pos="NOUN">sfida</instance>
         <wf pos="X">per</wf>
         <wf pos="X">i</wf>
         <instance id="d000.s039.t017" lemma="servizi" pos="NOUN">servizi</instance>
         <instance id="d000.s039.t018" lemma="pubblico" pos="ADJ">pubblici</instance>
         <wf pos="X">di</wf>
         <instance id="d000.s039.t019" lemma="assistenza" pos="NOUN">assistenza</instance>
         <wf pos="X">.</wf>
      </sentence>
      <sentence id="d000.s040" source="semeval2015-it">
         <wf pos="X">Con</wf>
         <wf pos="X">gli</wf>
         <instance id="d000.s040.t000" lemma="elevamento_a_potenza" pos="NOUN">elevamenti_a_potenza</instance>
         <wf lemma="essere" pos="VERB">è</wf>
         <wf pos="X">anche</wf>
         <wf lemma="possibile" pos="ADJ">possibile</wf>
         <wf lemma="effettuare" pos="VERB">effettuare</wf>
         <wf lemma="radice" pos="NOUN">radici</wf>
      </sentence>
      <sentence id="d000.s041" source="semeval2013-it">
         <wf lemma="questo" pos="X">Questo</wf>
         <wf lemma="avere" pos="VERB">ha</wf>
         <wf lemma="segnare" pos="VERB">segnato</wf>
         <wf lemma="il" pos="X">il</wf>
         <instance id="d000.s041.t000" lemma="destino" pos="NOUN">destino</instance>
         <wf lemma="di" pos="X">di</wf>
         <wf lemma="una" pos="X">una</wf>
         <instance id="d000.s041.t001" lemma="serie" pos="NOUN">serie</instance>
         <wf lemma="di" pos="X">di</wf>
         <instance id="d000.s041.t002" lemma="società_finanziaria" pos="NOUN">società_finanziarie</instance>
         <wf lemma="quando" pos="X">quando</wf>
         <wf lemma="il" pos="X">la</wf>
         <wf lemma="bolla_immobiliare" pos="NOUN">bolla_immobiliare</wf>
         <wf lemma="statunitense" pos="ADJ">statunitense</wf>
         <wf lemma="esplodere" pos="VERB">esplose</wf>
         <wf lemma="nel" pos="X">nel</wf>
         <wf lemma="@card@" pos="NOUN">2007</wf>
         <wf lemma="." pos="X">.</wf>
      </sentence>
      <sentence id="d000.s042" source="semeval2010-it">
         <wf lemma="La" pos="X">La</wf>
         <wf lemma="forma" pos="X">forma</wf>
         <wf lemma="e" pos="X">e</wf>
         <wf lemma="le" pos="X">le</wf>
         <wf lemma="dimensioni" pos="X">dimensioni</wf>
         <wf lemma="delle" pos="X">delle</wf>
         <instance id="d000.s042.t000" lemma="colonia" pos="NOUN">colonie</instance>
         <wf lemma="possono" pos="X">possono</wf>
         <wf lemma="variare" pos="X">variare</wf>
         <wf lemma="notevolmente" pos="X">notevolmente</wf>
         <wf lemma="tra" pos="X">tra</wf>
         <wf lemma="specie" pos="X">specie</wf>
         <wf lemma="diverse" pos="X">diverse</wf>
         <wf lemma="," pos="X">,</wf>
         <wf lemma="si" pos="X">si</wf>
         <wf lemma="possono" pos="X">possono</wf>
         <wf lemma="osservare" pos="X">osservare</wf>
         <wf lemma="forme" pos="X">forme</wf>
         <wf lemma="incrostanti" pos="X">incrostanti</wf>
         <wf lemma="," pos="X">,</wf>
         <wf lemma="massive" pos="X">massive</wf>
         <wf lemma="," pos="X">,</wf>
         <wf lemma="digitate" pos="X">digitate</wf>
         <wf lemma="o" pos="X">o</wf>
         <wf lemma="arborescenti" pos="X">arborescenti</wf>
         <wf lemma="." pos="X">.</wf>
      </sentence>
      <sentence id="d000.s043" source="semeval2015-it">
         <wf pos="X">abc(parametri)</wf>
         <wf pos="X">:</wf>
         <wf pos="X">Quando</wf>
         <wf pos="X">l'</wf>
         <instance id="d000.s043.t000" lemma="analizzatore" pos="NOUN">analizzatore</instance>
         <instance id="d000.s043.t001" lemma="trovare" pos="VERB">trova</instance>
         <wf pos="X">una</wf>
         <instance id="d000.s043.t002" lemma="funzione" pos="NOUN">funzione</instance>
         <wf pos="X">,</wf>
         <instance id="d000.s043.t003" lemma="controllare" pos="VERB">controlla</instance>
         <wf pos="X">se</wf>
         <wf pos="X">«</wf>
         <wf pos="X">abc</wf>
         <wf pos="X">»</wf>
         <wf lemma="essere" pos="VERB">è</wf>
         <wf pos="X">un</wf>
         <instance id="d000.s043.t004" lemma="operatore" pos="NOUN">operatore</instance>
         <wf pos="X">.</wf>
      </sentence>
      <sentence id="d000.s044" source="semeval2013-it">
         <wf lemma="ma" pos="X">Ma</wf>
         <wf lemma="in" pos="X">in</wf>
         <instance id="d000.s044.t000" lemma="realtà" pos="NOUN">realtà</instance>
         <wf lemma="il" pos="X">l'</wf>
         <instance id="d000.s044.t001" lemma="esperienza" pos="NOUN">esperienza</instance>
         <wf lemma="dimostrare" pos="VERB">dimostra</wf>
         <wf lemma="che" pos="X">che</wf>
         <wf lemma="il" pos="X">gli</wf>
         <instance id="d000.s044.t002" lemma="immigrato" pos="NOUN">immigrati</instance>
         <wf lemma="essere" pos="VERB">sono</wf>
         <wf lemma="molto" pos="ADV">molto</wf>
         <wf lemma="più" pos="ADV">più</wf>
         <wf lemma="complementare" pos="ADJ">complementari</wf>
         <wf lemma="," pos="X">,</wf>
         <wf lemma="piuttosto" pos="ADV">piuttosto</wf>
         <wf lemma="che" pos="X">che</wf>
         <wf lemma="sostitutivo" pos="ADJ">sostitutivi</wf>
         <wf lemma="," pos="X">,</wf>
         <wf lemma="del" pos="X">della</wf>
         <instance id="d000.s044.t003" lemma="manodopera" pos="NOUN">manodopera</instance>
         <wf lemma="locale" pos="ADJ">locale</wf>
         <wf lemma="," pos="X">,</wf>
         <wf lemma="esercitare" pos="VERB">esercitando</wf>
         <wf lemma="il" pos="X">i</wf>
         <wf lemma="mestiere" pos="NOUN">mestieri</wf>
         <wf lemma="in" pos="X">in</wf>
         <wf lemma="cui" pos="X">cui</wf>
         <wf lemma="vi" pos="X">vi</wf>
         <wf lemma="essere" pos="VERB">è</wf>
         <wf lemma="una" pos="X">una</wf>
         <instance id="d000.s044.t004" lemma="carenza" pos="NOUN">carenza</instance>
         <wf lemma="di" pos="X">di</wf>
         <instance id="d000.s044.t005" lemma="manodopera" pos="NOUN">manodopera</instance>
         <wf lemma="locale" pos="ADJ">locale</wf>
         <wf lemma="." pos="X">.</wf>
      </sentence>
      <sentence id="d000.s045" source="semeval2010-it">
         <wf lemma="Lobophytum" pos="X">Lobophytum</wf>
         <wf lemma="e" pos="X">e</wf>
         <wf lemma="Nephthea" pos="X">Nephthea</wf>
         <wf lemma="," pos="X">,</wf>
         <wf lemma="invece" pos="X">invece</wf>
         <wf lemma="," pos="X">,</wf>
         <wf lemma="mostrano" pos="X">mostrano</wf>
         <wf lemma="una" pos="X">una</wf>
         <wf lemma="densità" pos="X">densità</wf>
         <wf lemma="più" pos="X">più</wf>
         <wf lemma="elevata" pos="X">elevata</wf>
         <wf lemma="nel" pos="X">nel</wf>
         <wf lemma="margine" pos="X">margine</wf>
         <wf lemma="del" pos="X">del</wf>
         <wf lemma="reef" pos="X">reef</wf>
         <wf lemma="," pos="X">,</wf>
         <wf lemma="dove" pos="X">dove</wf>
         <wf lemma="la" pos="X">la</wf>
         <wf lemma="maggior" pos="X">maggior</wf>
         <wf lemma="profondità" pos="X">profondità</wf>
         <wf lemma="permette" pos="X">permette</wf>
         <wf lemma="lo" pos="X">lo</wf>
         <instance id="d000.s045.t000" lemma="sviluppo" pos="NOUN">sviluppo</instance>
         <wf lemma="delle" pos="X">delle</wf>
         <wf lemma="alte" pos="X">alte</wf>
         <instance id="d000.s045.t001" lemma="colonia" pos="NOUN">colonie</instance>
         <wf lemma="arborescenti" pos="X">arborescenti</wf>
         <wf lemma="di" pos="X">di</wf>
         <wf lemma="Nephthea" pos="X">Nephthea</wf>
         <wf lemma="e" pos="X">e</wf>
         <wf lemma="la" pos="X">la</wf>
         <wf lemma="maggiore" pos="X">maggiore</wf>
         <wf lemma="disponibilità" pos="X">disponibilità</wf>
         <wf lemma="di" pos="X">di</wf>
         <wf lemma="substrato" pos="X">substrato</wf>
         <wf lemma="roccioso" pos="X">roccioso</wf>
         <wf lemma="favorisce" pos="X">favorisce</wf>
         <wf lemma="la" pos="X">la</wf>
         <instance id="d000.s045.t002" lemma="formazione" pos="NOUN">formazione</instance>
         <wf lemma="di" pos="X">di</wf>
         <wf lemma="veri" pos="X">veri</wf>
         <wf lemma="e" pos="X">e</wf>
         <wf lemma="propri" pos="X">propri</wf>
         <wf lemma="tappeti" pos="X">tappeti</wf>
         <wf lemma="monospecifici" pos="X">monospecifici</wf>
         <wf lemma="di" pos="X">di</wf>
      </sentence>
      <sentence id="d000.s046" source="semeval2013-it">
         <wf lemma="&quot;" pos="X">&quot;</wf>
         <wf lemma="potere" pos="VERB">Puo</wf>
         <wf lemma="'" pos="X">'</wf>
         <wf lemma="crescere" pos="VERB">crescere</wf>
         <wf lemma="sia" pos="X">sia</wf>
         <wf lemma="con" pos="X">con</wf>
         <wf lemma="il" pos="X">il</wf>
         <instance id="d000.s046.t000" lemma="fosforo" pos="NOUN">fosforo</instance>
         <wf lemma="che" pos="X">che</wf>
         <wf lemma="con" pos="X">con</wf>
         <wf lemma="il" pos="X">l'</wf>
         <instance id="d000.s046.t001" lemma="arsenico" pos="NOUN">arsenico</instance>
         <wf lemma="." pos="X">.</wf>
         <wf lemma="&quot;" pos="X">&quot;</wf>
      </sentence>
      <sentence id="d000.s047" source="semeval2010-it">
         <wf lemma="Ancora" pos="X">Ancora</wf>
         <wf lemma="secondo" pos="X">secondo</wf>
         <wf lemma="Newton" pos="X">Newton</wf>
         <wf lemma="e" pos="X">e</wf>
         <wf lemma="Stefanon" pos="X">Stefanon</wf>
         <wf lemma="(" pos="X">(</wf>
         <wf lemma="1967" pos="X">1967</wf>
         <wf lemma="ma" pos="X">ma</wf>
         <wf lemma="in" pos="X">in</wf>
         <wf lemma="parte" pos="X">parte</wf>
         <wf lemma="anche" pos="X">anche</wf>
         <wf lemma="secondo" pos="X">secondo</wf>
         <wf lemma="Boldrin" pos="X">Boldrin</wf>
         <wf lemma="(" pos="X">(</wf>
         <wf lemma="1979" pos="X">1979</wf>
         <wf lemma="gli" pos="X">gli</wf>
         <instance id="d000.s047.t000" lemma="affioramento" pos="NOUN">affioramenti</instance>
         <wf lemma="rocciosi" pos="X">rocciosi</wf>
         <wf lemma="organogeni" pos="X">organogeni</wf>
         <wf lemma="," pos="X">,</wf>
         <wf lemma="sono" pos="X">sono</wf>
         <wf lemma="suddivisibili" pos="X">suddivisibili</wf>
         <wf lemma="secondo" pos="X">secondo</wf>
         <wf lemma="ulteriori" pos="X">ulteriori</wf>
         <wf lemma="tre" pos="X">tre</wf>
         <wf lemma="classi" pos="X">classi</wf>
         <wf lemma=":" pos="X">:</wf>
      </sentence>
      <sentence id="d000.s048" source="semeval2013-it">
         <wf lemma="non" pos="ADV">Non</wf>
         <wf lemma="essere" pos="VERB">è</wf>
         <wf lemma="'" pos="X">'</wf>
         <wf lemma="essere|stare" pos="VERB">stata</wf>
         <wf lemma="una" pos="X">una</wf>
         <instance id="d000.s048.t000" lemma="scoperta" pos="NOUN">scoperta</instance>
         <wf lemma="casuale" pos="ADJ">casuale</wf>
         <wf lemma="." pos="X">.</wf>
      </sentence>
      <sentence id="d000.s049" source="semeval2013-it">
         <wf lemma="il" pos="X">L'</wf>
         <wf lemma="unico" pos="NOUN">unica</wf>
         <wf lemma="a" pos="X">a</wf>
         <wf lemma="fare" pos="VERB">fare</wf>
         <wf lemma="un'" pos="X">un'</wf>
         <instance id="d000.s049.t000" lemma="offerta" pos="NOUN">offerta</instance>
         <wf lemma="avere" pos="VERB">ha</wf>
         <wf lemma="perdere" pos="VERB">perso</wf>
         <wf lemma="." pos="X">.</wf>
      </sentence>
      <sentence id="d000.s050" source="semeval2013-it">
         <wf lemma="deutsche_bank" pos="NOUN">Deutsche_Bank</wf>
         <wf lemma="pagare" pos="VERB">paga</wf>
         <wf lemma="svariare" pos="VERB">svariati</wf>
         <instance id="d000.s050.t000" lemma="milione" pos="NOUN">milioni</instance>
         <wf lemma="di" pos="X">di</wf>
         <instance id="d000.s050.t001" lemma="sterlina" pos="NOUN">sterline</instance>
         <wf lemma="di" pos="X">di</wf>
         <instance id="d000.s050.t002" lemma="multa" pos="NOUN">multa</instance>
         <wf lemma="nel" pos="X">negli</wf>
         <instance id="d000.s050.t003" lemma="stati_uniti" pos="NOUN">Stati_Uniti</instance>
      </sentence>
      <sentence id="d000.s051" source="semeval2010-it">
         <wf lemma="L'" pos="X">L'</wf>
         <wf lemma="inserimento" pos="X">inserimento</wf>
         <wf lemma="successivo" pos="X">successivo</wf>
         <wf lemma="in" pos="X">in</wf>
         <wf lemma="un" pos="X">un</wf>
         <wf lemma="GIS" pos="X">GIS</wf>
         <wf lemma="agevolerà" pos="X">agevolerà</wf>
         <wf lemma="una" pos="X">una</wf>
         <wf lemma="restituzione" pos="X">restituzione</wf>
         <wf lemma="dei" pos="X">dei</wf>
         <wf lemma="risultati" pos="X">risultati</wf>
         <wf lemma="su" pos="X">su</wf>
         <wf lemma="mappe" pos="X">mappe</wf>
         <wf lemma="di" pos="X">di</wf>
         <wf lemma="notevole" pos="X">notevole</wf>
         <wf lemma="impatto" pos="X">impatto</wf>
         <wf lemma="e" pos="X">e</wf>
         <instance id="d000.s051.t000" lemma="chiarezza" pos="NOUN">chiarezza</instance>
         <wf lemma="che" pos="X">che</wf>
         <wf lemma="risulteranno" pos="X">risulteranno</wf>
         <wf lemma="estremamente" pos="X">estremamente</wf>
         <wf lemma="utili" pos="X">utili</wf>
         <wf lemma="laddove" pos="X">laddove</wf>
         <wf lemma="si" pos="X">si</wf>
         <wf lemma="vorranno" pos="X">vorranno</wf>
         <wf lemma="confrontare" pos="X">confrontare</wf>
         <wf lemma="simultaneamente" pos="X">simultaneamente</wf>
         <wf lemma="più" pos="X">più</wf>
         <wf lemma="parametri" pos="X">parametri</wf>
         <wf lemma="." pos="X">.</wf>
      </sentence>
      <sentence id="d000.s052" source="semeval2010-it">
         <wf lemma="La" pos="X">La</wf>
         <wf lemma="maggior" pos="X">maggior</wf>
         <wf lemma="abbondanza" pos="X">abbondanza</wf>
         <wf lemma="nella" pos="X">nella</wf>
         <wf lemma="zona" pos="X">zona</wf>
         <wf lemma="poco" pos="X">poco</wf>
         <wf lemma="profonda" pos="X">profonda</wf>
         <wf lemma="di" pos="X">di</wf>
         <wf lemma="Xenia" pos="X">Xenia</wf>
         <wf lemma="," pos="X">,</wf>
         <wf lemma="caratteristica" pos="X">caratteristica</wf>
         <wf lemma="per" pos="X">per</wf>
         <wf lemma="i" pos="X">i</wf>
         <wf lemma="suoi" pos="X">suoi</wf>
         <wf lemma="grossi" pos="X">grossi</wf>
         <instance id="d000.s052.t000" lemma="polipo" pos="NOUN">polipi</instance>
         <wf lemma="pulsanti" pos="X">pulsanti</wf>
         <wf lemma="," pos="X">,</wf>
         <wf lemma="potrebbe" pos="X">potrebbe</wf>
         <wf lemma="dipendere" pos="X">dipendere</wf>
         <wf lemma="dalla" pos="X">dalla</wf>
         <wf lemma="sua" pos="X">sua</wf>
         <wf lemma="abilità" pos="X">abilità</wf>
         <wf lemma="a" pos="X">a</wf>
         <wf lemma="sfruttare" pos="X">sfruttare</wf>
         <wf lemma="i" pos="X">i</wf>
         <wf lemma="pochi" pos="X">pochi</wf>
         <wf lemma="substrati" pos="X">substrati</wf>
         <wf lemma="duri" pos="X">duri</wf>
         <wf lemma="disponibili" pos="X">disponibili</wf>
         <wf lemma="tra" pos="X">tra</wf>
         <wf lemma="la" pos="X">la</wf>
         <instance id="d000.s052.t001" lemma="sabbia" pos="NOUN">sabbia</instance>
         <wf lemma="e" pos="X">e</wf>
         <wf lemma="dalla" pos="X">dalla</wf>
         <wf lemma="sua" pos="X">sua</wf>
         <instance id="d000.s052.t002" lemma="resistenza" pos="NOUN">resistenza</instance>
         <wf lemma="all'" pos="X">all'</wf>
         <wf lemma="esposizione" pos="X">esposizione</wf>
         <wf lemma="durante" pos="X">durante</wf>
         <wf lemma="la" pos="X">la</wf>
         <wf lemma="bassa" pos="X">bassa</wf>
         <wf lemma="marea" pos="X">marea</wf>
         <wf lemma="." pos="X">.</wf>
      </sentence>
      <sentence id="d000.s053" source="semeval2010-it">
         <wf lemma="In" pos="X">In</wf>
         <wf lemma="merito" pos="X">merito</wf>
         <wf lemma="alla" pos="X">alla</wf>
         <instance id="d000.s053.t000" lemma="pianificazione" pos="NOUN">pianificazione</instance>
         <wf lemma="del" pos="X">del</wf>
         <wf lemma="territorio" pos="X">territorio</wf>
         <wf lemma="rurale" pos="X">rurale</wf>
         <wf lemma="è" pos="X">è</wf>
         <wf lemma="in" pos="X">in</wf>
         <wf lemma="corso" pos="X">corso</wf>
         <wf lemma="un" pos="X">un</wf>
         <wf lemma="ampio" pos="X">ampio</wf>
         <wf lemma="dibattito" pos="X">dibattito</wf>
         <wf lemma="," pos="X">,</wf>
         <wf lemma="dal" pos="X">dal</wf>
         <wf lemma="quale" pos="X">quale</wf>
         <wf lemma="emerge" pos="X">emerge</wf>
         <wf lemma="che" pos="X">che</wf>
         <wf lemma="la" pos="X">la</wf>
         <instance id="d000.s053.t001" lemma="ricerca" pos="NOUN">ricerca</instance>
         <wf lemma="di" pos="X">di</wf>
         <wf lemma="condizioni" pos="X">condizioni</wf>
         <wf lemma="di" pos="X">di</wf>
         <wf lemma="sostenibilità" pos="X">sostenibilità</wf>
         <wf lemma="è" pos="X">è</wf>
         <wf lemma="un" pos="X">un</wf>
         <wf lemma="presupposto" pos="X">presupposto</wf>
         <wf lemma="indispensabile" pos="X">indispensabile</wf>
         <wf lemma="in" pos="X">in</wf>
         <wf lemma="corso" pos="X">corso</wf>
         <wf lemma="." pos="X">.</wf>
      </sentence>
      <sentence id="d000.s054" source="semeval2013-it">
         <wf lemma="a" pos="X">A</wf>
         <instance id="d000.s054.t000" lemma="destra" pos="NOUN">destra</instance>
         <wf lemma="," pos="X">,</wf>
         <wf lemma="il" pos="X">il</wf>
         <instance id="d000.s054.t001" lemma="tono" pos="NOUN">tono</instance>
         <wf lemma="essere" pos="VERB">è</wf>
         <wf lemma="essere|stare" pos="VERB">stato</wf>
         <wf lemma="fissare" pos="VERB">fissato</wf>
         <wf lemma="da" pos="X">da</wf>
         <wf lemma="jacques_chirac" pos="NOUN">Jacques_Chirac</wf>
         <wf lemma="," pos="X">,</wf>
         <wf lemma="che" pos="X">che</wf>
         <wf lemma="avere" pos="VERB">ha</wf>
         <wf lemma="dichiarare" pos="VERB">dichiarato</wf>
         <wf lemma="nel" pos="X">nel</wf>
         <wf lemma="@card@" pos="NOUN">1976</wf>
         <wf lemma="che" pos="X">che</wf>
         <wf lemma="&quot;" pos="X">&quot;</wf>
         <wf lemma="@card@" pos="NOUN">900.000</wf>
         <instance id="d000.s054.t002" lemma="disoccupato" pos="NOUN">disoccupati</instance>
         <wf lemma="non" pos="ADV">non</wf>
         <wf lemma="rappresentare" pos="VERB">rappresenteranno</wf>
         <wf lemma="un" pos="X">un</wf>
         <instance id="d000.s054.t003" lemma="problema" pos="NOUN">problema</instance>
         <wf lemma="in" pos="X">in</wf>
         <wf lemma="un" pos="X">un</wf>
         <instance id="d000.s054.t004" lemma="paese" pos="NOUN">paese</instance>
         <wf lemma="con" pos="X">con</wf>
         <wf lemma="@card@" pos="NOUN">2</wf>
         <instance id="d000.s054.t005" lemma="milione" pos="NOUN">milioni</instance>
         <wf lemma="di" pos="X">di</wf>
         <instance id="d000.s054.t006" lemma="lavoratore" pos="NOUN">lavoratori</instance>
         <wf lemma="straniero" pos="ADJ">stranieri</wf>
         <wf lemma="," pos="X">,</wf>
         <wf lemma="&quot;" pos="X">&quot;</wf>
         <wf lemma="e" pos="X">e</wf>
         <wf lemma="a" pos="X">a</wf>
         <instance id="d000.s054.t007" lemma="sinistra" pos="NOUN">sinistra</instance>
         <wf lemma="da" pos="X">da</wf>
         <wf lemma="michel_rocard" pos="NOUN">Michel_Rocard</wf>
         <wf lemma="nel" pos="X">nel</wf>
         <wf lemma="@card@" pos="NOUN">1990</wf>
         <wf lemma="spiegare" pos="VERB">spiegando</wf>
         <wf lemma="che" pos="X">che</wf>
         <wf lemma="il" pos="X">la</wf>
         <instance id="d000.s054.t008" lemma="Francia" pos="NOUN">Francia</instance>
         <wf lemma="&quot;" pos="X">&quot;</wf>
         <wf lemma="non" pos="ADV">non</wf>
         <wf lemma="potere" pos="VERB">può</wf>
         <wf lemma="accogliere" pos="VERB">accogliere</wf>
         <wf lemma="tutto" pos="ADJ">tutta</wf>
         <wf lemma="il" pos="X">la</wf>
         <instance id="d000.s054.t009" lemma="miseria" pos="NOUN">miseria</instance>
         <wf lemma="del" pos="X">del</wf>
         <instance id="d000.s054.t010" lemma="mondo" pos="NOUN">mondo</instance>
         <wf lemma="." pos="X">.</wf>
         <wf lemma="&quot;" pos="X">&quot;</wf>
      </sentence>
      <sentence id="d000.s055" source="semeval2010-it">
         <wf lemma="La" pos="X">La</wf>
         <wf lemma="conoscenza" pos="X">conoscenza</wf>
         <wf lemma="del" pos="X">del</wf>
         <wf lemma="paesaggio" pos="X">paesaggio</wf>
         <wf lemma="rurale" pos="X">rurale</wf>
         <wf lemma="e" pos="X">e</wf>
         <wf lemma="dei" pos="X">dei</wf>
         <wf lemma="rapporti" pos="X">rapporti</wf>
         <wf lemma="tra" pos="X">tra</wf>
         <wf lemma="le" pos="X">le</wf>
         <wf lemma="sue" pos="X">sue</wf>
         <wf lemma="componenti" pos="X">componenti</wf>
         <wf lemma="strutturali" pos="X">strutturali</wf>
         <wf lemma="sta" pos="X">sta</wf>
         <wf lemma="diventando" pos="X">diventando</wf>
         <wf lemma="sempre" pos="X">sempre</wf>
         <wf lemma="più" pos="X">più</wf>
         <wf lemma="importante" pos="X">importante</wf>
         <wf lemma="in" pos="X">in</wf>
         <wf lemma="settori" pos="X">settori</wf>
         <wf lemma="quali" pos="X">quali</wf>
         <wf lemma="la" pos="X">la</wf>
         <instance id="d000.s055.t000" lemma="pianificazione" pos="NOUN">pianificazione</instance>
         <wf lemma="territoriale" pos="X">territoriale</wf>
         <wf lemma="," pos="X">,</wf>
         <wf lemma="la" pos="X">la</wf>
         <instance id="d000.s055.t001" lemma="programmazione" pos="NOUN">programmazione</instance>
         <wf lemma="dello" pos="X">dello</wf>
         <instance id="d000.s055.t002" lemma="sviluppo" pos="NOUN">sviluppo</instance>
         <wf lemma="e" pos="X">e</wf>
         <wf lemma="l'" pos="X">l'</wf>
         <wf lemma="elaborazione" pos="X">elaborazione</wf>
         <wf lemma="di" pos="X">di</wf>
         <wf lemma="strategie" pos="X">strategie</wf>
         <wf lemma="di" pos="X">di</wf>
         <wf lemma="conservazione" pos="X">conservazione</wf>
         <wf lemma="a" pos="X">a</wf>
         <instance id="d000.s055.t003" lemma="tutela" pos="NOUN">tutela</instance>
         <wf lemma="della" pos="X">della</wf>
         <wf lemma="biodiversità" pos="X">biodiversità</wf>
         <wf lemma="." pos="X">.</wf>
      </sentence>
      <sentence id="d000.s056" source="semeval2013-it">
         <wf lemma="avere" pos="VERB">Hanno</wf>
         <wf lemma="fare" pos="VERB">fatto</wf>
         <wf lemma="una" pos="X">una</wf>
         <instance id="d000.s056.t000" lemma="scelta" pos="NOUN">scelta</instance>
         <wf lemma="strategico" pos="ADJ">strategica</wf>
         <wf lemma="senza" pos="X">senza</wf>
         <wf lemma="evitare" pos="VERB">evitare</wf>
         <wf lemma="il" pos="X">la</wf>
         <instance id="d000.s056.t001" lemma="punizione" pos="NOUN">punizione</instance>
         <wf lemma="." pos="X">.</wf>
      </sentence>
      <sentence id="d000.s057" source="semeval2015-it">
         <instance id="d000.s057.t000" lemma="recentemente" pos="ADV">Recentemente</instance>
         <wf pos="X">la</wf>
         <instance id="d000.s057.t001" lemma="fondazione" pos="NOUN">Fondazione</instance>
         <wf lemma="avere" pos="VERB">ha</wf>
         <instance id="d000.s057.t002" lemma="partecipare" pos="VERB">partecipato</instance>
         <wf pos="X">all'</wf>
         <instance id="d000.s057.t003" lemma="organizzazione" pos="NOUN">organizzazione</instance>
         <wf pos="X">di</wf>
         <wf pos="X">una</wf>
         <instance id="d000.s057.t004" lemma="conferenza" pos="NOUN">conferenza</instance>
         <wf pos="X">che</wf>
         <wf lemma="avere" pos="VERB">ha</wf>
         <instance id="d000.s057.t005" lemma="affrontare" pos="VERB">affrontato</instance>
         <wf pos="X">questa</wf>
         <instance id="d000.s057.t006" lemma="sfida" pos="NOUN">sfida</instance>
         <wf lemma="critico" pos="ADJ">critica</wf>
         <wf pos="X">.</wf>
      </sentence>
      <sentence id="d000.s058" source="semeval2010-it">
         <wf lemma="Un" pos="X">Un</wf>
         <wf lemma="esempio" pos="X">esempio</wf>
         <wf lemma="in" pos="X">in</wf>
         <wf lemma="questo" pos="X">questo</wf>
         <wf lemma="senso" pos="X">senso</wf>
         <wf lemma="è" pos="X">è</wf>
         <wf lemma="rappresentato" pos="X">rappresentato</wf>
         <wf lemma="dalle" pos="X">dalle</wf>
         <wf lemma="misure" pos="X">misure</wf>
         <wf lemma="agroambientali" pos="X">agroambientali</wf>
         <wf lemma="previste" pos="X">previste</wf>
         <wf lemma="dai" pos="X">dai</wf>
         <wf lemma="Piani" pos="X">Piani</wf>
         <wf lemma="di" pos="X">di</wf>
         <instance id="d000.s058.t000" lemma="Sviluppo" pos="NOUN">Sviluppo</instance>
         <wf lemma="Rurale" pos="X">Rurale</wf>
         <wf lemma="che" pos="X">che</wf>
         <wf lemma="consentono" pos="X">consentono</wf>
         <wf lemma="di" pos="X">di</wf>
         <wf lemma="introdurre" pos="X">introdurre</wf>
         <instance id="d000.s058.t001" lemma="pratica" pos="NOUN">pratiche</instance>
         <wf lemma="agricole" pos="X">agricole</wf>
         <wf lemma="funzionali" pos="X">funzionali</wf>
         <wf lemma="al" pos="X">al</wf>
         <wf lemma="mantenimento" pos="X">mantenimento</wf>
         <wf lemma="ed" pos="X">ed</wf>
         <wf lemma="alla" pos="X">alla</wf>
         <wf lemma="valorizzazione" pos="X">valorizzazione</wf>
         <wf lemma="delle" pos="X">delle</wf>
         <wf lemma="risorse" pos="X">risorse</wf>
         <wf lemma="naturali" pos="X">naturali</wf>
         <wf lemma="del" pos="X">del</wf>
         <wf lemma="paesaggio" pos="X">paesaggio</wf>
         <wf lemma="rurale" pos="X">rurale</wf>
         <wf lemma="senza" pos="X">senza</wf>
         <wf lemma="ricorrere" pos="X">ricorrere</wf>
         <wf lemma="a" pos="X">a</wf>
         <wf lemma="forme" pos="X">forme</wf>
         <wf lemma="di" pos="X">di</wf>
         <instance id="d000.s058.t002" lemma="tutela" pos="NOUN">tutela</instance>
         <wf lemma="coercitiva" pos="X">coercitiva</wf>
         <wf lemma="." pos="X">.</wf>
      </sentence>
      <sentence id="d000.s059" source="semeval2013-it">
         <wf lemma="una" pos="X">Una</wf>
         <wf lemma="performance" pos="NOUN">performance</wf>
         <wf lemma="economico" pos="ADJ">economica</wf>
         <wf lemma="più" pos="ADV">più</wf>
         <wf lemma="robusto" pos="ADJ">robusta</wf>
         <wf lemma="si" pos="X">si</wf>
         <wf lemma="riflettere" pos="VERB">riflette</wf>
         <wf lemma="nel" pos="X">nel</wf>
         <wf lemma="crescente" pos="ADJ">crescente</wf>
         <instance id="d000.s059.t000" lemma="sostegno" pos="NOUN">sostegno</instance>
         <wf lemma="a" pos="X">a</wf>
         <wf lemma="favore" pos="NOUN">favore</wf>
         <wf lemma="di" pos="X">di</wf>
         <instance id="d000.s059.t001" lemma="impresa_privata" pos="NOUN">imprese_private</instance>
         <wf lemma="e" pos="X">e</wf>
         <wf lemma="al" pos="X">all'</wf>
         <instance id="d000.s059.t002" lemma="economia_di_mercato" pos="NOUN">economia_di_mercato</instance>
         <wf lemma=":" pos="X">:</wf>
         <wf lemma="il" pos="X">il</wf>
         <wf lemma="@card@" pos="NOUN">71</wf>
         <wf lemma="%" pos="X">%</wf>
         <wf lemma="del" pos="X">degli</wf>
         <instance id="d000.s059.t003" lemma="intervistato" pos="NOUN">intervistati</instance>
         <wf lemma="in" pos="X">in</wf>
         <wf lemma="tutto" pos="ADJ">tutta</wf>
         <wf lemma="il" pos="X">la</wf>
         <instance id="d000.s059.t004" lemma="regione" pos="NOUN">regione</instance>
         <wf lemma="dire" pos="VERB">dice</wf>
         <wf lemma="che" pos="X">che</wf>
         <wf lemma="il" pos="X">l'</wf>
         <instance id="d000.s059.t005" lemma="impresa_privata" pos="NOUN">impresa_privata</instance>
         <wf lemma="essere" pos="VERB">è</wf>
         <wf lemma="indispensabile" pos="ADJ">indispensabile</wf>
         <wf lemma="per" pos="X">per</wf>
         <wf lemma="il" pos="X">lo</wf>
         <instance id="d000.s059.t006" lemma="sviluppo" pos="NOUN">sviluppo</instance>
         <wf lemma="," pos="X">,</wf>
         <wf lemma="in" pos="X">in</wf>
         <instance id="d000.s059.t007" lemma="crescita" pos="NOUN">crescita</instance>
         <wf lemma="dal" pos="X">dal</wf>
         <wf lemma="@card@" pos="NOUN">56</wf>
         <wf lemma="%" pos="X">%</wf>
         <wf lemma="nel" pos="X">nel</wf>
         <wf lemma="@card@" pos="NOUN">2007</wf>
         <wf lemma="(" pos="X">(</wf>
         <wf lemma="cfr." pos="X">cfr.</wf>
         <instance id="d000.s059.t008" lemma="grafico" pos="NOUN">grafico</instance>
         <wf lemma="@card@" pos="NOUN">6</wf>
         <wf lemma=")" pos="X">)</wf>
         <wf lemma="." pos="X">.</wf>
      </sentence>
      <sentence id="d000.s060" source="semeval2013-it">
         <wf lemma="il" pos="X">Il</wf>
         <instance id="d000.s060.t000" lemma="sostegno" pos="NOUN">sostegno</instance>
         <wf lemma="al" pos="X">alla</wf>
         <instance id="d000.s060.t001" lemma="democrazia" pos="NOUN">democrazia</instance>
         <wf lemma="essere" pos="VERB">è</wf>
         <wf lemma="aumentare" pos="VERB">aumentato</wf>
         <wf lemma="notevolmente" pos="ADV">notevolmente</wf>
         <wf lemma="in" pos="X">in</wf>
         <wf lemma="diverso" pos="ADJ">diversi</wf>
         <instance id="d000.s060.t002" lemma="paese" pos="NOUN">paesi</instance>
         <wf lemma="sul" pos="X">sulla</wf>
         <wf lemma="costa_del_pacifico" pos="NOUN">costa_del_pacifico</wf>
         <wf lemma="del" pos="X">del</wf>
         <instance id="d000.s060.t003" lemma="sud_america" pos="NOUN">Sud_America</instance>
         <wf lemma="(" pos="X">(</wf>
         <wf lemma="vedere" pos="VERB">vedi</wf>
         <instance id="d000.s060.t004" lemma="tabella" pos="NOUN">tabella</instance>
         <wf lemma="@card@" pos="NOUN">1</wf>
         <wf lemma=")" pos="X">)</wf>
         <wf lemma="." pos="X">.</wf>
      </sentence>
      <sentence id="d000.s061" source="semeval2015-it">
         <wf pos="X">Questi</wf>
         <wf lemma="studio" pos="NOUN">studi</wf>
         <wf lemma="avere" pos="VERB">hanno</wf>
         <instance id="d000.s061.t000" lemma="analizzare" pos="VERB">analizzato</instance>
         <wf pos="X">il</wf>
         <instance id="d000.s061.t001" lemma="contesto" pos="NOUN">contesto</instance>
         <wf pos="X">delle</wf>
         <instance id="d000.s061.t002" lemma="iniziativa" pos="NOUN">iniziative</instance>
         <wf pos="X">e</wf>
         <wf pos="X">il</wf>
         <wf pos="X">loro</wf>
         <instance id="d000.s061.t003" lemma="impatto" pos="NOUN">impatto</instance>
         <wf pos="X">sui</wf>
         <instance id="d000.s061.t004" lemma="modello" pos="NOUN">modelli</instance>
         <instance id="d000.s061.t005" lemma="occupazionale" pos="ADJ">occupazionali</instance>
         <wf pos="X">e</wf>
         <wf pos="X">sulle</wf>
         <instance id="d000.s061.t006" lemma="organizzazione" pos="NOUN">organizzazioni</instance>
         <wf pos="X">del</wf>
         <instance id="d000.s061.t007" lemma="lavoro" pos="NOUN">lavoro</instance>
         <wf pos="X">,</wf>
         <instance id="d000.s061.t008" lemma="valutare" pos="VERB">valutando</instance>
         <wf pos="X">inoltre</wf>
         <wf pos="X">i</wf>
         <wf lemma="vantaggio" pos="NOUN">vantaggi</wf>
         <wf pos="X">e</wf>
         <wf pos="X">i</wf>
         <instance id="d000.s061.t009" lemma="problema" pos="NOUN">problemi</instance>
         <wf pos="X">dell'</wf>
         <instance id="d000.s061.t010" lemma="iniziativa" pos="NOUN">iniziativa</instance>
         <wf pos="X">.</wf>
      </sentence>
      <sentence id="d000.s062" source="semeval2013-it">
         <wf lemma="Scalia" pos="VERB">Scalia</wf>
         <wf lemma="e" pos="X">e</wf>
         <wf lemma="Thomas" pos="NOUN">Thomas</wf>
         <wf lemma="avere" pos="VERB">hanno</wf>
         <wf lemma="mostrare" pos="VERB">mostrato</wf>
         <wf lemma="poco" pos="ADV">poco</wf>
         <wf lemma="riguardo" pos="NOUN">riguardo</wf>
         <wf lemma="al" pos="X">alle</wf>
         <instance id="d000.s062.t000" lemma="critica" pos="NOUN">critiche</instance>
         <wf lemma="di" pos="X">di</wf>
         <wf lemma="mischiare" pos="VERB">mischiare</wf>
         <wf lemma="troppo" pos="ADV">troppo</wf>
         <wf lemma="facilmente" pos="ADV">facilmente</wf>
         <wf lemma="il" pos="X">l'</wf>
         <instance id="d000.s062.t001" lemma="attività" pos="NOUN">attività</instance>
         <wf lemma="del" pos="X">della</wf>
         <wf lemma="corte" pos="NOUN">corte</wf>
         <wf lemma="con" pos="X">con</wf>
         <wf lemma="il" pos="X">gli</wf>
         <instance id="d000.s062.t002" lemma="interesse" pos="NOUN">interessi</instance>
         <wf lemma="del" pos="X">dei</wf>
         <instance id="d000.s062.t003" lemma="gruppo" pos="NOUN">gruppi</instance>
         <wf lemma="quale" pos="X">quali</wf>
         <wf lemma="il" pos="X">il</wf>
         <wf lemma="Federalist" pos="NOUN">Federalist</wf>
         <wf lemma="Society" pos="NOUN">Society</wf>
         <wf lemma="." pos="X">.</wf>
      </sentence>
      <sentence id="d000.s063" source="semeval2010-it">
         <wf lemma="Da" pos="X">Da</wf>
         <wf lemma="qui" pos="X">qui</wf>
         <wf lemma="la" pos="X">la</wf>
         <wf lemma="necessità" pos="X">necessità</wf>
         <wf lemma="di" pos="X">di</wf>
         <wf lemma="definire" pos="X">definire</wf>
         <wf lemma="strategie" pos="X">strategie</wf>
         <wf lemma="per" pos="X">per</wf>
         <wf lemma="il" pos="X">il</wf>
         <wf lemma="mantenimento" pos="X">mantenimento</wf>
         <wf lemma="della" pos="X">della</wf>
         <wf lemma="bio-diversità" pos="X">bio-diversità</wf>
         <wf lemma="in" pos="X">in</wf>
         <wf lemma="paesaggi" pos="X">paesaggi</wf>
         <wf lemma="frammentati" pos="X">frammentati</wf>
         <wf lemma="," pos="X">,</wf>
         <instance id="d000.s063.t000" lemma="attività" pos="NOUN">attività</instance>
         <wf lemma="che" pos="X">che</wf>
         <wf lemma="richiede" pos="X">richiede</wf>
         <wf lemma="un'" pos="X">un'</wf>
         <wf lemma="attenta" pos="X">attenta</wf>
         <instance id="d000.s063.t001" lemma="analisi" pos="NOUN">analisi</instance>
         <wf lemma="del" pos="X">del</wf>
         <wf lemma="pattern" pos="X">pattern</wf>
         <wf lemma="di" pos="X">di</wf>
         <wf lemma="uso" pos="X">uso</wf>
         <wf lemma="del" pos="X">del</wf>
         <wf lemma="territorio" pos="X">territorio</wf>
         <wf lemma="," pos="X">,</wf>
         <wf lemma="del" pos="X">del</wf>
         <wf lemma="modello" pos="X">modello</wf>
         <wf lemma="di" pos="X">di</wf>
         <wf lemma="distribuzione" pos="X">distribuzione</wf>
         <wf lemma="degli" pos="X">degli</wf>
         <instance id="d000.s063.t002" lemma="habitat" pos="NOUN">habitat</instance>
         <wf lemma="e" pos="X">e</wf>
         <wf lemma="delle" pos="X">delle</wf>
         <wf lemma="connessioni" pos="X">connessioni</wf>
         <wf lemma="tra" pos="X">tra</wf>
         <wf lemma="gli" pos="X">gli</wf>
         <wf lemma="stessi" pos="X">stessi</wf>
         <wf lemma="e" pos="X">e</wf>
         <wf lemma="di" pos="X">di</wf>
         <wf lemma="come" pos="X">come</wf>
         <wf lemma="questi" pos="X">questi</wf>
         <wf lemma="rispondano" pos="X">rispondano</wf>
         <wf lemma="alle" pos="X">alle</wf>
         <wf lemma="esigenze" pos="X">esigenze</wf>
         <wf lemma="delle" pos="X">delle</wf>
         <wf lemma="specie" pos="X">specie</wf>
         <wf lemma="indigene" pos="X">indigene</wf>
         <wf lemma="." pos="X">.</wf>
      </sentence>
      <sentence id="d000.s064" source="semeval2015-it">
         <wf pos="X">Quali</wf>
         <instance id="d000.s064.t000" lemma="settore" pos="NOUN">settori</instance>
         <instance id="d000.s064.t001" lemma="industriale" pos="ADJ">industriali</instance>
         <wf pos="X">di</wf>
         <instance id="d000.s064.t002" lemma="rilievo" pos="NOUN">rilievo</instance>
         <wf pos="X">,</wf>
         <wf lemma="essere" pos="VERB">sono</wf>
         <wf lemma="essere" pos="VERB">stati</wf>
         <instance id="d000.s064.t003" lemma="includere" pos="VERB">inclusi</instance>
         <wf pos="X">anche</wf>
         <wf pos="X">l'</wf>
         <instance id="d000.s064.t004" lemma="industria" pos="NOUN">industria</instance>
         <instance id="d000.s064.t005" lemma="metallurgico" pos="ADJ">metallurgica</instance>
         <wf pos="X">e</wf>
         <wf pos="X">il</wf>
         <instance id="d000.s064.t006" lemma="settore" pos="NOUN">settore</instance>
         <wf lemma="bancario" pos="NOUN">bancario</wf>
         <wf pos="X">.</wf>
      </sentence>
      <sentence id="d000.s065" source="semeval2015-it">
         <wf pos="X">Gli</wf>
         <instance id="d000.s065.t000" lemma="effetto" pos="NOUN">effetti</instance>
         <wf pos="X">di</wf>
         <wf lemma="alimta" pos="NOUN">Alimta</wf>
         <instance id="d000.s065.t001" lemma="somministrare" pos="VERB">somministrato</instance>
         <wf pos="X">in</wf>
         <instance id="d000.s065.t002" lemma="combinazione" pos="NOUN">combinazione</instance>
         <wf pos="X">con</wf>
         <wf lemma="cisplatino" pos="NOUN">cisplatino</wf>
         <wf lemma="essere" pos="VERB">sono</wf>
         <wf lemma="essere" pos="VERB">stati</wf>
         <instance id="d000.s065.t003" lemma="confrontare" pos="VERB">confrontati</instance>
         <wf pos="X">con</wf>
         <wf pos="X">quelli</wf>
         <wf pos="X">di</wf>
         <wf lemma="cisplatino" pos="NOUN">cisplatino</wf>
         <wf pos="X">in</wf>
         <wf lemma="monoterapia" pos="NOUN">monoterapia</wf>
         <wf pos="X">.</wf>
      </sentence>
      <sentence id="d000.s066" source="semeval2013-it">
         <wf lemma="Michael" pos="NOUN">Michael</wf>
         <wf lemma="Zammit" pos="NOUN">Zammit</wf>
         <wf lemma="Cutajar" pos="X">Cutajar</wf>
         <wf lemma="," pos="X">,</wf>
         <wf lemma="che" pos="X">che</wf>
         <wf lemma="avere" pos="VERB">ha</wf>
         <wf lemma="stendere" pos="VERB">steso</wf>
         <wf lemma="il" pos="X">la</wf>
         <wf lemma="bozza" pos="NOUN">bozza</wf>
         <wf lemma="di" pos="X">di</wf>
         <wf lemma="sei" pos="ADJ">sei</wf>
         <instance id="d000.s066.t000" lemma="pagina" pos="NOUN">pagine</instance>
         <wf lemma="," pos="X">,</wf>
         <wf lemma="avere" pos="VERB">ha</wf>
         <wf lemma="ridurre" pos="VERB">ridotto</wf>
         <wf lemma="il" pos="X">il</wf>
         <instance id="d000.s066.t001" lemma="testo" pos="NOUN">testo</instance>
         <wf lemma="di" pos="X">di</wf>
         <instance id="d000.s066.t002" lemma="negoziazione" pos="NOUN">negoziazione</instance>
         <wf lemma="di" pos="X">di</wf>
         <wf lemma="@card@" pos="NOUN">180</wf>
         <instance id="d000.s066.t003" lemma="pagina" pos="NOUN">pagine</instance>
         <wf lemma="per" pos="X">per</wf>
         <wf lemma="mettere" pos="VERB">mettere</wf>
         <wf lemma="a" pos="X">a</wf>
         <wf lemma="fuoco" pos="NOUN">fuoco</wf>
         <wf lemma="quello" pos="X">quello</wf>
         <wf lemma="che" pos="X">che</wf>
         <wf lemma="il" pos="X">l'</wf>
         <instance id="d000.s066.t004" lemma="ufficiale" pos="NOUN">ufficiale</instance>
         <wf lemma="sul" pos="X">sul</wf>
         <instance id="d000.s066.t005" lemma="clima" pos="NOUN">clima</instance>
         <wf lemma="del" pos="X">delle</wf>
         <instance id="d000.s066.t006" lemma="nazioni_unite" pos="NOUN">Nazioni_Unite</instance>
         <wf lemma="," pos="X">,</wf>
         <wf lemma="Yvo_de_Boer" pos="NOUN">Yvo_de_Boer</wf>
         <wf lemma="," pos="X">,</wf>
         <wf lemma="descrivere" pos="VERB">descrisse</wf>
         <wf lemma="come" pos="X">come</wf>
         <wf lemma="&quot;" pos="X">&quot;</wf>
         <wf lemma="&quot;" pos="X">&quot;</wf>
         <wf lemma="il" pos="X">la</wf>
         <wf lemma="grande" pos="ADJ">grande</wf>
         <wf lemma="visione" pos="NOUN">visione</wf>
         <wf lemma="d'" pos="X">d'</wf>
         <wf lemma="insieme" pos="ADV">insieme</wf>
         <wf lemma="&quot;" pos="X">&quot;</wf>
         <wf lemma="&quot;" pos="X">&quot;</wf>
      </sentence>
      <sentence id="d000.s067" source="semeval2015-it">
         <wf lemma="quando" pos="ADV">Quando</wf>
         <wf lemma="alimta" pos="NOUN">Alimta</wf>
         <wf lemma="essere" pos="VERB">è</wf>
         <instance id="d000.s067.t000" lemma="somministrare" pos="VERB">somministrato</instance>
         <wf pos="X">con</wf>
         <wf lemma="cisplatino" pos="NOUN">cisplatino</wf>
         <wf pos="X">,</wf>
         <wf pos="X">i</wf>
         <instance id="d000.s067.t001" lemma="paziente" pos="NOUN">pazienti</instance>
         <wf lemma="dovere" pos="VERB">devono</wf>
         <instance id="d000.s067.t002" lemma="assumere" pos="VERB">assumere</instance>
         <wf pos="X">un</wf>
         <instance id="d000.s067.t003" lemma="farmaco" pos="NOUN">farmaco</instance>
         <instance id="d000.s067.t004" lemma="antiemetico" pos="NOUN">antiemetico</instance>
         <wf pos="X">(</wf>
         <wf pos="X">per</wf>
         <instance id="d000.s067.t005" lemma="prevenire" pos="VERB">prevenire</instance>
         <wf pos="X">il</wf>
         <instance id="d000.s067.t006" lemma="vomito" pos="NOUN">vomito</instance>
         <wf pos="X">)</wf>
         <wf pos="X">e</wf>
         <instance id="d000.s067.t007" lemma="ricevere" pos="VERB">ricevere</instance>
         <wf pos="X">un</wf>
         <instance id="d000.s067.t008" lemma="adeguato" pos="ADJ">adeguata</instance>
         <instance id="d000.s067.t009" lemma="idratazione" pos="NOUN">idratazione</instance>
         <wf pos="X">(</wf>
         <wf pos="X">per</wf>
         <instance id="d000.s067.t010" lemma="prevenire" pos="VERB">prevenire</instance>
         <wf pos="X">la</wf>
         <instance id="d000.s067.t011" lemma="disidratazione" pos="NOUN">disidratazione</instance>
         <wf pos="X">)</wf>
         <instance id="d000.s067.t012" lemma="prima" pos="ADV">prima</instance>
         <wf pos="X">o</wf>
         <instance id="d000.s067.t013" lemma="dopo" pos="ADV">dopo</instance>
         <wf pos="X">l</wf>
         <instance id="d000.s067.t014" lemma="assunzione" pos="NOUN">assunzione</instance>
         <wf pos="X">di</wf>
         <wf lemma="cisplatino" pos="NOUN">cisplatino</wf>
         <wf pos="X">.</wf>
      </sentence>
      <sentence id="d000.s068" source="semeval2015-it">
         <wf pos="X">Si</wf>
         <wf lemma="essere" pos="VERB">è</wf>
         <wf pos="X">anche</wf>
         <instance id="d000.s068.t000" lemma="prendere" pos="VERB">preso</instance>
         <wf lemma="atto" pos="NOUN">atto</wf>
         <wf pos="X">della</wf>
         <wf lemma="gamma" pos="NOUN">gamma</wf>
         <wf pos="X">di</wf>
         <wf lemma="aioli" pos="NOUN">aioli</wf>
         <instance id="d000.s068.t001" lemma="diverso" pos="ADJ">diversi</instance>
         <wf lemma="svolto" pos="ADJ">svolti</wf>
      </sentence>
      <sentence id="d000.s069" source="semeval2010-it">
         <wf lemma="I" pos="X">I</wf>
         <instance id="d000.s069.t000" lemma="dato" pos="NOUN">dati</instance>
         <wf lemma="verranno" pos="X">verranno</wf>
         <wf lemma="divulgati" pos="X">divulgati</wf>
         <wf lemma="via" pos="X">via</wf>
         <wf lemma="Internet" pos="X">Internet</wf>
         <wf lemma="attraverso" pos="X">attraverso</wf>
         <wf lemma="la" pos="X">la</wf>
         <wf lemma="realizzazione" pos="X">realizzazione</wf>
         <wf lemma="di" pos="X">di</wf>
         <wf lemma="mappe" pos="X">mappe</wf>
         <wf lemma="tematiche" pos="X">tematiche</wf>
         <wf lemma="di" pos="X">di</wf>
         <wf lemma="facile" pos="X">facile</wf>
         <wf lemma="saranno" pos="X">saranno</wf>
         <wf lemma="così" pos="X">così</wf>
         <wf lemma="disponibili" pos="X">disponibili</wf>
         <wf lemma="non" pos="X">non</wf>
         <wf lemma="solo" pos="X">solo</wf>
         <wf lemma="ai" pos="X">ai</wf>
         <wf lemma="ricercatori" pos="X">ricercatori</wf>
         <wf lemma="," pos="X">,</wf>
         <wf lemma="ma" pos="X">ma</wf>
         <wf lemma="anche" pos="X">anche</wf>
         <wf lemma="alle" pos="X">alle</wf>
         <wf lemma="amministrazioni" pos="X">amministrazioni</wf>
         <wf lemma="locali" pos="X">locali</wf>
         <wf lemma="," pos="X">,</wf>
         <wf lemma="alle" pos="X">alle</wf>
         <instance id="d000.s069.t001" lemma="associazione" pos="NOUN">associazioni</instance>
         <wf lemma="dei" pos="X">dei</wf>
         <wf lemma="pescatori" pos="X">pescatori</wf>
         <wf lemma="ed" pos="X">ed</wf>
         <wf lemma="al" pos="X">al</wf>
         <wf lemma="settore" pos="X">settore</wf>
         <wf lemma="del" pos="X">del</wf>
         <wf lemma="turismo" pos="X">turismo</wf>
         <wf lemma="." pos="X">.</wf>
      </sentence>
      <sentence id="d000.s070" source="semeval2013-it">
         <wf lemma="il" pos="X">La</wf>
         <instance id="d000.s070.t000" lemma="routine" pos="NOUN">routine</instance>
         <wf lemma="democratico" pos="ADJ">democratica</wf>
      </sentence>
      <sentence id="d000.s071" source="semeval2013-it">
         <wf lemma="ci" pos="X">Ci</wf>
         <wf lemma="essere|sonare" pos="VERB">sono</wf>
         <wf lemma="essere|stare" pos="VERB">stati</wf>
         <wf lemma="una" pos="X">una</wf>
         <wf lemma="mezza_dozzina" pos="NOUN">mezza_dozzina</wf>
         <wf lemma="di" pos="X">di</wf>
         <wf lemma="loro" pos="X">loro</wf>
         <wf lemma="che" pos="X">che</wf>
         <wf lemma="scrivere" pos="VERB">scrivevano</wf>
         <wf lemma="di" pos="X">di</wf>
         <wf lemma="continuo" pos="ADJ">continuo</wf>
         <wf lemma="nel" pos="X">nelle</wf>
         <instance id="d000.s071.t000" lemma="fila" pos="NOUN">file</instance>
         <wf lemma="del" pos="X">dell'</wf>
         <instance id="d000.s071.t001" lemma="aula" pos="NOUN">aula</instance>
         <wf lemma="di" pos="X">di</wf>
         <instance id="d000.s071.t002" lemma="tribunale" pos="NOUN">tribunale</instance>
         <wf lemma="." pos="X">.</wf>
      </sentence>
      <sentence id="d000.s072" source="semeval2013-it">
         <wf lemma="e" pos="X">E</wf>
         <wf lemma="lo" pos="X">lo</wf>
         <wf lemma="fare" pos="VERB">fa</wf>
         <wf lemma="senza" pos="X">senza</wf>
         <wf lemma="tenere" pos="VERB">tener</wf>
         <wf lemma="conto" pos="NOUN">conto</wf>
         <wf lemma="del" pos="X">del</wf>
         <instance id="d000.s072.t000" lemma="fatto" pos="NOUN">fatto</instance>
         <wf lemma="che" pos="X">che</wf>
         <wf lemma="il" pos="X">la</wf>
         <wf lemma="diversità" pos="NOUN">diversità</wf>
         <wf lemma="apportare" pos="VERB">apportata</wf>
         <wf lemma="da" pos="X">da</wf>
         <instance id="d000.s072.t001" lemma="parte" pos="NOUN">parte</instance>
         <wf lemma="del" pos="X">degli</wf>
         <instance id="d000.s072.t002" lemma="immigrato" pos="NOUN">immigrati</instance>
         <wf lemma="contribuire" pos="VERB">contribuisce</wf>
         <wf lemma="al" pos="X">alla</wf>
         <instance id="d000.s072.t003" lemma="creazione" pos="NOUN">creazione</instance>
         <wf lemma="di" pos="X">di</wf>
         <instance id="d000.s072.t004" lemma="idea" pos="NOUN">idee</instance>
         <wf lemma="e" pos="X">e</wf>
         <wf lemma="al" pos="X">alla</wf>
         <instance id="d000.s072.t005" lemma="crescita_economica" pos="NOUN">crescita_economica</instance>
         <wf lemma="(" pos="X">(</wf>
         <wf lemma="una" pos="X">una</wf>
         <wf lemma="grande" pos="ADJ">grande</wf>
         <instance id="d000.s072.t006" lemma="percentuale" pos="NOUN">percentuale</instance>
         <wf lemma="di" pos="X">di</wf>
         <instance id="d000.s072.t007" lemma="immigrato" pos="NOUN">immigrati</instance>
         <wf lemma="naturalizzare" pos="VERB">naturalizzati</wf>
         <wf lemma="americano" pos="ADJ">americani</wf>
         <wf lemma="essere" pos="VERB">sono</wf>
         <wf lemma="tra" pos="X">tra</wf>
         <wf lemma="il" pos="X">i</wf>
         <wf lemma="vincitore" pos="NOUN">vincitori</wf>
         <wf lemma="del" pos="X">del</wf>
         <instance id="d000.s072.t008" lemma="premio_nobel" pos="NOUN">premio_Nobel</instance>
         <wf lemma="," pos="X">,</wf>
         <wf lemma="mentre" pos="X">mentre</wf>
         <instance id="d000.s072.t009" lemma="Google" pos="NOUN">Google</instance>
         <wf lemma="," pos="X">,</wf>
         <wf lemma="Intel" pos="NOUN">Intel</wf>
         <wf lemma="," pos="X">,</wf>
         <wf lemma="Paypal" pos="NOUN">Paypal</wf>
         <wf lemma="," pos="X">,</wf>
         <wf lemma="eBay" pos="NOUN">eBay</wf>
         <wf lemma="e" pos="X">e</wf>
         <instance id="d000.s072.t010" lemma="Yahoo" pos="NOUN">Yahoo</instance>
         <wf lemma="essere" pos="VERB">sono</wf>
         <wf lemma="essere|stare" pos="VERB">state</wf>
         <wf lemma="tutto" pos="ADJ">tutte</wf>
         <wf lemma="fondato" pos="ADJ">fondate</wf>
         <wf lemma="da" pos="X">da</wf>
         <instance id="d000.s072.t011" lemma="immigrato" pos="NOUN">immigrati</instance>
         <wf lemma=")" pos="X">)</wf>
         <wf lemma="." pos="X">.</wf>
      </sentence>
      <sentence id="d000.s073" source="semeval2010-it">
         <instance id="d000.s073.t000" lemma="habitat" pos="NOUN">Habitat</instance>
         <wf lemma="indirizzata" pos="X">indirizzata</wf>
         <wf lemma="alla" pos="X">alla</wf>
         <wf lemma="definizione" pos="X">definizione</wf>
         <wf lemma="di" pos="X">di</wf>
         <wf lemma="siti" pos="X">siti</wf>
         <wf lemma="di" pos="X">di</wf>
         <wf lemma="importanza" pos="X">importanza</wf>
         <wf lemma="comunitaria" pos="X">comunitaria</wf>
         <wf lemma="destinati" pos="X">destinati</wf>
         <wf lemma="," pos="X">,</wf>
         <wf lemma="unitamente" pos="X">unitamente</wf>
         <wf lemma="alle" pos="X">alle</wf>
         <wf lemma="aree" pos="X">aree</wf>
         <wf lemma="precedenti" pos="X">precedenti</wf>
         <wf lemma="," pos="X">,</wf>
         <wf lemma="a" pos="X">a</wf>
         <wf lemma="formare" pos="X">formare</wf>
         <wf lemma="''" pos="X">''</wf>
         <wf lemma="Rete" pos="X">Rete</wf>
         <wf lemma="Natura" pos="X">Natura</wf>
         <wf lemma="2000" pos="X">2000</wf>
         <wf lemma="''" pos="X">''</wf>
         <wf lemma="." pos="X">.</wf>
      </sentence>
      <sentence id="d000.s074" source="semeval2010-it">
         <wf lemma="A" pos="X">A</wf>
         <wf lemma="tal" pos="X">tal</wf>
         <wf lemma="fine" pos="X">fine</wf>
         <wf lemma="lo" pos="X">lo</wf>
         <wf lemma="scorso" pos="X">scorso</wf>
         <wf lemma="febbraio" pos="X">febbraio</wf>
         <wf lemma="è" pos="X">è</wf>
         <wf lemma="stata" pos="X">stata</wf>
         <wf lemma="organizzata" pos="X">organizzata</wf>
         <wf lemma="una" pos="X">una</wf>
         <instance id="d000.s074.t000" lemma="spedizione" pos="NOUN">spedizione</instance>
         <wf lemma="scientifica" pos="X">scientifica</wf>
         <wf lemma="subacquea" pos="X">subacquea</wf>
         <wf lemma="nel" pos="X">nel</wf>
         <instance id="d000.s074.t001" lemma="parco" pos="NOUN">parco</instance>
         <wf lemma="marino" pos="X">marino</wf>
         <wf lemma="nazionale" pos="X">nazionale</wf>
         <wf lemma="di" pos="X">di</wf>
         <wf lemma="Bunaken" pos="X">Bunaken</wf>
         <wf lemma="," pos="X">,</wf>
         <wf lemma="nel" pos="X">nel</wf>
         <wf lemma="North" pos="X">North</wf>
         <wf lemma="Sulawesi" pos="X">Sulawesi</wf>
         <wf lemma="." pos="X">.</wf>
      </sentence>
      <sentence id="d000.s075" source="semeval2013-it">
         <wf lemma="carles_puyol" pos="NOUN">Carles_Puyol</wf>
         <wf lemma="essere" pos="VERB">è</wf>
         <wf lemma="vicino" pos="ADJ">vicino</wf>
         <wf lemma="al" pos="X">al</wf>
         <instance id="d000.s075.t000" lemma="numero" pos="NOUN">numero</instance>
         <wf lemma="@card@" pos="NOUN">100</wf>
         <wf lemma="," pos="X">,</wf>
         <wf lemma="con" pos="X">con</wf>
         <wf lemma="@card@" pos="NOUN">97</wf>
         <wf lemma="partita" pos="NOUN">partite</wf>
         <wf lemma="." pos="X">.</wf>
      </sentence>
      <sentence id="d000.s076" source="semeval2010-it">
         <wf lemma="L'" pos="X">L'</wf>
         <instance id="d000.s076.t000" lemma="indice" pos="NOUN">indice</instance>
         <wf lemma="del" pos="X">del</wf>
         <wf lemma="pianeta" pos="X">pianeta</wf>
         <wf lemma="vivente" pos="X">vivente</wf>
         <wf lemma="è" pos="X">è</wf>
         <wf lemma="una" pos="X">una</wf>
         <wf lemma="misura" pos="X">misura</wf>
         <wf lemma="dello" pos="X">dello</wf>
         <wf lemma="stato" pos="X">stato</wf>
         <wf lemma="della" pos="X">della</wf>
         <wf lemma="biodiversità" pos="X">biodiversità</wf>
         <wf lemma="mondiale" pos="X">mondiale</wf>
         <wf lemma="basato" pos="X">basato</wf>
         <wf lemma="sui" pos="X">sui</wf>
         <wf lemma="trend" pos="X">trend</wf>
         <wf lemma="dal" pos="X">dal</wf>
         <wf lemma="1970" pos="X">1970</wf>
         <wf lemma="al" pos="X">al</wf>
      </sentence>
      <sentence id="d000.s077" source="semeval2013-it">
         <instance id="d000.s077.t000" lemma="microbo" pos="NOUN">Microbi</instance>
         <wf lemma="tollerare" pos="VERB">tolleranti</wf>
         <wf lemma="all" pos="NOUN">all</wf>
         <wf lemma="'" pos="X">'</wf>
         <instance id="d000.s077.t001" lemma="arsenico" pos="NOUN">arsenico</instance>
         <wf lemma="sollevare" pos="VERB">sollevano</wf>
         <wf lemma="il" pos="X">la</wf>
         <instance id="d000.s077.t002" lemma="possibilità" pos="NOUN">possibilità</instance>
         <wf lemma="di" pos="X">di</wf>
         <wf lemma="nuovo" pos="ADJ">nuove</wf>
         <wf lemma="forma_di_vita" pos="NOUN">forme_di_vita</wf>
         <wf lemma="sul" pos="X">sulla</wf>
         <instance id="d000.s077.t003" lemma="terra" pos="NOUN">Terra</instance>
         <wf lemma="," pos="X">,</wf>
         <wf lemma="o" pos="X">o</wf>
         <wf lemma="altrove" pos="ADV">altrove</wf>
      </sentence>
      <sentence id="d000.s078" source="semeval2015-it">
         <wf pos="X">In</wf>
         <instance id="d000.s078.t000" lemma="tutto" pos="ADJ">tutti</instance>
         <wf pos="X">e</wf>
         <instance id="d000.s078.t001" lemma="tre" pos="ADJ">tre</instance>
         <wf pos="X">gli</wf>
         <wf lemma="studio" pos="NOUN">studi</wf>
         <wf pos="X">,</wf>
         <wf pos="X">il</wf>
         <instance id="d000.s078.t002" lemma="principale" pos="ADJ">principale</instance>
         <wf lemma="indicatore" pos="NOUN">indicatore</wf>
         <wf pos="X">dell</wf>
         <instance id="d000.s078.t003" lemma="efficacia" pos="NOUN">efficacia</instance>
         <wf lemma="essere" pos="VERB">era</wf>
         <wf pos="X">il</wf>
         <instance id="d000.s078.t004" lemma="tempo" pos="NOUN">tempo</instance>
         <wf pos="X">di</wf>
         <instance id="d000.s078.t005" lemma="sopravvivenza" pos="NOUN">sopravvivenza</instance>
         <wf pos="X">dei</wf>
         <instance id="d000.s078.t006" lemma="paziente" pos="NOUN">pazienti</instance>
         <wf pos="X">.</wf>
      </sentence>
      <sentence id="d000.s079" source="semeval2013-it">
         <wf lemma="alcuno" pos="X">Alcuni</wf>
         <wf lemma="del" pos="X">dei</wf>
         <instance id="d000.s079.t000" lemma="paese" pos="NOUN">paesi</instance>
         <wf lemma="più" pos="ADV">più</wf>
         <wf lemma="vulnerabile" pos="ADJ">vulnerabili</wf>
         <wf lemma="al" pos="X">all'</wf>
         <instance id="d000.s079.t001" lemma="impatto" pos="NOUN">impatto</instance>
         <wf lemma="del" pos="X">del</wf>
         <instance id="d000.s079.t002" lemma="cambiamento_climatico" pos="NOUN">cambiamento_climatico</instance>
         <wf lemma="avere" pos="VERB">hanno</wf>
         <wf lemma="indicare" pos="VERB">indicato</wf>
         <wf lemma="di" pos="X">di</wf>
         <wf lemma="volere" pos="VERB">voler</wf>
         <wf lemma="continuare" pos="VERB">continuare</wf>
         <wf lemma="a" pos="X">a</wf>
         <wf lemma="spingere" pos="VERB">spingere</wf>
         <wf lemma="verso" pos="X">verso</wf>
         <wf lemma="un" pos="X">un</wf>
         <instance id="d000.s079.t003" lemma="trattato" pos="NOUN">trattato</instance>
         <wf lemma="legalmente" pos="ADV">legalmente</wf>
         <wf lemma="vincolante" pos="ADJ">vincolante</wf>
         <wf lemma="a" pos="X">a</wf>
         <instance id="d000.s079.t004" lemma="Copenhagen" pos="NOUN">Copenhagen</instance>
         <wf lemma="," pos="X">,</wf>
         <wf lemma="anche" pos="ADV">anche</wf>
         <wf lemma="se" pos="X">se</wf>
         <wf lemma="quasi" pos="ADV">quasi</wf>
         <wf lemma="tutto" pos="ADJ">tutti</wf>
         <wf lemma="il" pos="X">i</wf>
         <wf lemma="maggiore" pos="ADJ">maggiori</wf>
         <instance id="d000.s079.t005" lemma="partecipante" pos="NOUN">partecipanti</instance>
         <wf lemma="affermare" pos="VERB">affermano</wf>
         <wf lemma="che" pos="X">che</wf>
         <wf lemma="nel" pos="X">nel</wf>
         <wf lemma="migliore" pos="NOUN">migliore</wf>
         <wf lemma="del" pos="X">dei</wf>
         <instance id="d000.s079.t006" lemma="caso" pos="NOUN">casi</instance>
         <wf lemma="il" pos="X">le</wf>
         <instance id="d000.s079.t007" lemma="trattativa" pos="NOUN">trattative</instance>
         <wf lemma="produrre" pos="VERB">produrranno</wf>
         <wf lemma="al" pos="X">al</wf>
         <wf lemma="più" pos="ADV">più</wf>
         <wf lemma="un" pos="X">un</wf>
         <instance id="d000.s079.t008" lemma="accordo" pos="NOUN">accordo</instance>
         <wf lemma="politico" pos="ADJ">politico</wf>
         <wf lemma="." pos="X">.</wf>
      </sentence>
      <sentence id="d000.s080" source="semeval2013-it">
         <wf lemma="il" pos="X">Il</wf>
         <instance id="d000.s080.t000" lemma="microbo" pos="NOUN">microbo</instance>
         <wf lemma="crescere" pos="VERB">cresce</wf>
         <wf lemma="meglio" pos="ADV">meglio</wf>
         <wf lemma="con" pos="X">con</wf>
         <wf lemma="il" pos="X">il</wf>
         <instance id="d000.s080.t001" lemma="fosforo" pos="NOUN">fosforo</instance>
         <wf lemma="," pos="X">,</wf>
         <wf lemma="ma" pos="X">ma</wf>
         <wf lemma="dimostrare" pos="VERB">dimostrare</wf>
         <wf lemma="che" pos="X">che</wf>
         <wf lemma="potere" pos="VERB">possa</wf>
         <wf lemma="vivere" pos="VERB">vivere</wf>
         <wf lemma="con" pos="X">con</wf>
         <wf lemma="il" pos="X">l'</wf>
         <instance id="d000.s080.t002" lemma="arsenico" pos="NOUN">arsenico</instance>
         <wf lemma="," pos="X">,</wf>
         <wf lemma="invece" pos="ADV">invece</wf>
         <wf lemma="," pos="X">,</wf>
         <wf lemma="sollevare" pos="VERB">solleva</wf>
         <wf lemma="il" pos="X">la</wf>
         <instance id="d000.s080.t003" lemma="possibilità" pos="NOUN">possibilità</instance>
         <wf lemma="che" pos="X">che</wf>
         <wf lemma="una" pos="X">una</wf>
         <wf lemma="forma_di_vita" pos="NOUN">forma di vita</wf>
         <wf lemma="che" pos="X">che</wf>
         <wf lemma="utilizzare" pos="VERB">utilizza</wf>
         <wf lemma="il" pos="X">l'</wf>
         <instance id="d000.s080.t004" lemma="arsenico" pos="NOUN">arsenico</instance>
         <wf lemma="potere" pos="VERB">potrebbe</wf>
         <wf lemma="occorrere" pos="VERB">occorrere</wf>
         <wf lemma="naturalmente" pos="ADV">naturalmente</wf>
         <wf lemma="," pos="X">,</wf>
         <wf lemma="o" pos="X">o</wf>
         <wf lemma="altrove" pos="ADV">altrove</wf>
         <wf lemma="sul" pos="X">sulla</wf>
         <instance id="d000.s080.t005" lemma="terra" pos="NOUN">terra</instance>
         <wf lemma="o" pos="X">o</wf>
         <wf lemma="su" pos="X">su</wf>
         <wf lemma="un" pos="X">un</wf>
         <wf lemma="altro" pos="ADJ">altro</wf>
         <instance id="d000.s080.t006" lemma="pianeta" pos="NOUN">pianeta</instance>
         <wf lemma="o" pos="X">o</wf>
         <instance id="d000.s080.t007" lemma="luna" pos="NOUN">luna</instance>
         <wf lemma="dove" pos="X">dove</wf>
         <wf lemma="il" pos="X">l'</wf>
         <instance id="d000.s080.t008" lemma="arsenico" pos="NOUN">arsenico</instance>
         <wf lemma="essere" pos="VERB">è</wf>
         <wf lemma="più" pos="ADV">più</wf>
         <wf lemma="comune" pos="ADJ">comune</wf>
         <wf lemma="." pos="X">.</wf>
      </sentence>
      <sentence id="d000.s081" source="semeval2015-it">
         <wf pos="X">-gt</wf>
         <wf pos="X">:</wf>
         <wf lemma="essere" pos="VERB">È</wf>
         <wf pos="X">il</wf>
         <instance id="d000.s081.t000" lemma="modo" pos="NOUN">modo</instance>
         <wf pos="X">di</wf>
         <instance id="d000.s081.t001" lemma="specificare" pos="VERB">specificare</instance>
         <wf pos="X">la</wf>
         <instance id="d000.s081.t002" lemma="variabile" pos="NOUN">variabile</instance>
         <wf lemma="vincolare" pos="VERB">vincolata</wf>
         <wf pos="X">in</wf>
         <wf pos="X">una</wf>
         <instance id="d000.s081.t003" lemma="funzione" pos="NOUN">funzione</instance>
         <wf pos="X">.</wf>
      </sentence>
      <sentence id="d000.s082" source="semeval2010-it">
         <wf lemma="L'" pos="X">L'</wf>
         <wf lemma="ambiente" pos="X">ambiente</wf>
         <wf lemma="marino" pos="X">marino</wf>
         <wf lemma="," pos="X">,</wf>
         <wf lemma="che" pos="X">che</wf>
         <wf lemma="ricopre" pos="X">ricopre</wf>
         <wf lemma="quasi" pos="X">quasi</wf>
         <wf lemma="il" pos="X">il</wf>
         <wf lemma="70%" pos="X">70%</wf>
         <wf lemma="della" pos="X">della</wf>
         <wf lemma="superficie" pos="X">superficie</wf>
         <wf lemma="terrestre" pos="X">terrestre</wf>
         <wf lemma="," pos="X">,</wf>
         <wf lemma="include" pos="X">include</wf>
         <wf lemma="alcuni" pos="X">alcuni</wf>
         <wf lemma="degli" pos="X">degli</wf>
         <wf lemma="ecosistemi" pos="X">ecosistemi</wf>
         <wf lemma="più" pos="X">più</wf>
         <wf lemma="diversi" pos="X">diversi</wf>
         <wf lemma="e" pos="X">e</wf>
         <wf lemma="produttivi" pos="X">produttivi</wf>
         <wf lemma="al" pos="X">al</wf>
         <instance id="d000.s082.t000" lemma="mondo" pos="NOUN">mondo</instance>
         <wf lemma="," pos="X">,</wf>
         <wf lemma="che" pos="X">che</wf>
         <wf lemma="sono" pos="X">sono</wf>
         <wf lemma="stati" pos="X">stati</wf>
         <wf lemma="influenzati" pos="X">influenzati</wf>
         <wf lemma="negativamente" pos="X">negativamente</wf>
         <wf lemma="dalle" pos="X">dalle</wf>
         <wf lemma="azioni" pos="X">azioni</wf>
         <wf lemma="umane" pos="X">umane</wf>
         <wf lemma="nella" pos="X">nella</wf>
         <wf lemma="seconda" pos="X">seconda</wf>
         <instance id="d000.s082.t001" lemma="metà" pos="NOUN">metà</instance>
         <wf lemma="del" pos="X">del</wf>
      </sentence>
      <sentence id="d000.s083" source="semeval2010-it">
         <wf lemma="(" pos="X">(</wf>
         <wf lemma="Sofia" pos="X">Sofia</wf>
         <wf lemma="1995" pos="X">1995</wf>
         <wf lemma=")" pos="X">)</wf>
         <wf lemma="rappresenta" pos="X">rappresenta</wf>
         <wf lemma="," pos="X">,</wf>
         <wf lemma="la" pos="X">la</wf>
         <wf lemma="strategia" pos="X">strategia</wf>
         <wf lemma="che" pos="X">che</wf>
         <wf lemma="il" pos="X">il</wf>
         <wf lemma="Consiglio" pos="X">Consiglio</wf>
         <wf lemma="d'" pos="X">d'</wf>
         <wf lemma="Europa" pos="X">Europa</wf>
         <wf lemma="intende" pos="X">intende</wf>
         <wf lemma="attuare" pos="X">attuare</wf>
         <wf lemma="per" pos="X">per</wf>
         <wf lemma="fermare" pos="X">fermare</wf>
         <wf lemma="ed" pos="X">ed</wf>
         <wf lemma="invertire" pos="X">invertire</wf>
         <wf lemma="la" pos="X">la</wf>
         <wf lemma="perdita" pos="X">perdita</wf>
         <wf lemma="di" pos="X">di</wf>
         <instance id="d000.s083.t000" lemma="diversità" pos="NOUN">diversità</instance>
         <wf lemma="biologica" pos="X">biologica</wf>
         <wf lemma="e" pos="X">e</wf>
         <wf lemma="paesaggistica" pos="X">paesaggistica</wf>
         <wf lemma="nei" pos="X">nei</wf>
         <instance id="d000.s083.t001" lemma="paese" pos="NOUN">paesi</instance>
         <wf lemma="europei" pos="X">europei</wf>
         <wf lemma="nell'" pos="X">nell'</wf>
         <wf lemma="arco" pos="X">arco</wf>
         <wf lemma="di" pos="X">di</wf>
         <wf lemma="un" pos="X">un</wf>
         <wf lemma="ventennio" pos="X">ventennio</wf>
         <wf lemma="(" pos="X">(</wf>
         <wf lemma="1996-2016" pos="X">1996-2016</wf>
         <wf lemma=")" pos="X">)</wf>
         <wf lemma="attraverso" pos="X">attraverso</wf>
         <wf lemma="5" pos="X">5</wf>
         <wf lemma="Piani" pos="X">Piani</wf>
         <wf lemma="d'" pos="X">d'</wf>
         <wf lemma="Azione" pos="X">Azione</wf>
         <wf lemma="(" pos="X">(</wf>
         <wf lemma="European" pos="X">European</wf>
         <wf lemma="Centre" pos="X">Centre</wf>
         <wf lemma="for" pos="X">for</wf>
         <wf lemma="Nature" pos="X">Nature</wf>
      </sentence>
      <sentence id="d000.s084" source="semeval2015-it">
         <wf lemma="avere" pos="VERB">Hanno</wf>
         <wf lemma="partecipare" pos="VERB">partecipato</wf>
         <wf pos="X">oltre</wf>
         <wf pos="X">100</wf>
         <wf lemma="esponente" pos="NOUN">esponenti</wf>
         <wf pos="X">delle</wf>
         <wf lemma="principale" pos="ADJ">principali</wf>
         <wf lemma="categoria" pos="NOUN">categorie</wf>
         <wf lemma="interessato" pos="ADJ">interessate</wf>
         <wf pos="X">,</wf>
         <wf pos="X">i</wf>
         <wf pos="X">quali</wf>
         <wf lemma="avere" pos="VERB">hanno</wf>
         <wf lemma="discutere" pos="VERB">discusso</wf>
         <wf pos="X">fra</wf>
         <wf pos="X">l'</wf>
         <wf lemma="altro" pos="NOUN">altro</wf>
         <wf pos="X">del</wf>
         <wf lemma="ruolo" pos="NOUN">ruolo</wf>
         <wf pos="X">degli</wf>
         <wf lemma="attore" pos="NOUN">attori</wf>
         <wf lemma="chiave" pos="NOUN">chiave</wf>
         <wf lemma="quale" pos="ADV">quali</wf>
         <wf lemma="pubblico" pos="ADJ">pubbliche</wf>
         <wf lemma="autorità" pos="NOUN">autorità</wf>
         <wf pos="X">,</wf>
         <wf lemma="parte_sociale" pos="NOUN">parti_sociali</wf>
         <wf pos="X">,</wf>
         <instance id="d000.s084.t000" lemma="organizzazione_di_volontariato" pos="NOUN">organizzazioni_di_volontariato</instance>
         <wf pos="X">e</wf>
         <wf lemma="locale" pos="NOUN">locali</wf>
         <wf pos="X">nonché</wf>
         <wf lemma="utente" pos="NOUN">utenti</wf>
         <wf pos="X">dei</wf>
         <wf lemma="servizio" pos="NOUN">servizi</wf>
         <wf pos="X">.</wf>
      </sentence>
      <sentence id="d000.s085" source="semeval2013-it">
         <wf lemma="tuttavia" pos="ADV">Tuttavia</wf>
         <wf lemma="," pos="X">,</wf>
         <wf lemma="il" pos="X">il</wf>
         <wf lemma="solo" pos="ADJ">solo</wf>
         <instance id="d000.s085.t000" lemma="fatto" pos="NOUN">fatto</instance>
         <wf lemma="che" pos="X">che</wf>
         <wf lemma="Scalia" pos="NOUN">Scalia</wf>
         <wf lemma="e" pos="X">e</wf>
         <wf lemma="Thomas" pos="NOUN">Thomas</wf>
         <wf lemma="essere" pos="VERB">erano</wf>
         <wf lemma="in" pos="X">in</wf>
         <wf lemma="prossimità" pos="NOUN">prossimità</wf>
         <wf lemma="di" pos="X">di</wf>
         <wf lemma="due" pos="ADJ">due</wf>
         <wf lemma="del" pos="X">degli</wf>
         <instance id="d000.s085.t001" lemma="studio_legale" pos="NOUN">studi_legali</instance>
         <wf lemma="coinvolgere" pos="VERB">coinvolti</wf>
         <wf lemma="nel" pos="X">nella</wf>
         <instance id="d000.s085.t002" lemma="causa" pos="NOUN">causa</instance>
         <wf lemma="," pos="X">,</wf>
         <wf lemma="e" pos="X">e</wf>
         <wf lemma="di" pos="X">di</wf>
         <wf lemma="una" pos="X">una</wf>
         <instance id="d000.s085.t003" lemma="società" pos="NOUN">società</instance>
         <wf lemma="con" pos="X">con</wf>
         <wf lemma="un" pos="X">un</wf>
         <wf lemma="enorme" pos="ADJ">enorme</wf>
         <instance id="d000.s085.t004" lemma="interesse" pos="NOUN">interesse</instance>
         <wf lemma="economico" pos="ADJ">economico</wf>
         <wf lemma="nel" pos="X">nell'</wf>
         <instance id="d000.s085.t005" lemma="esito" pos="NOUN">esito</instance>
         <wf lemma="del" pos="X">della</wf>
         <instance id="d000.s085.t006" lemma="causa" pos="NOUN">causa</instance>
         <wf lemma="," pos="X">,</wf>
         <wf lemma="essere" pos="VERB">è</wf>
         <wf lemma="essere|stare" pos="VERB">stato</wf>
         <wf lemma="sufficiente" pos="ADJ">sufficiente</wf>
         <wf lemma="ad" pos="X">ad</wf>
         <wf lemma="allertare" pos="VERB">allertare</wf>
         <wf lemma="il" pos="X">gli</wf>
         <instance id="d000.s085.t007" lemma="attivista" pos="NOUN">attivisti</instance>
         <wf lemma="sul" pos="X">sull'</wf>
         <instance id="d000.s085.t008" lemma="etica" pos="NOUN">etica</instance>
         <wf lemma="nel" pos="X">negli</wf>
         <wf lemma="affare" pos="NOUN">affari</wf>
         <wf lemma="governativo" pos="ADJ">governativi</wf>
         <wf lemma="." pos="X">.</wf>
      </sentence>
      <sentence id="d000.s086" source="semeval2010-it">
         <wf lemma="Sulla" pos="X">Sulla</wf>
         <wf lemma="base" pos="X">base</wf>
         <wf lemma="dei" pos="X">dei</wf>
         <instance id="d000.s086.t000" lemma="dato" pos="NOUN">dati</instance>
         <wf lemma="raccolti" pos="X">raccolti</wf>
         <wf lemma="e" pos="X">e</wf>
         <wf lemma="soprattutto" pos="X">soprattutto</wf>
         <wf lemma="dalle" pos="X">dalle</wf>
         <wf lemma="risultanze" pos="X">risultanze</wf>
         <wf lemma="delle" pos="X">delle</wf>
         <wf lemma="prime" pos="X">prime</wf>
         <instance id="d000.s086.t001" lemma="analisi" pos="NOUN">analisi</instance>
         <wf lemma="dei" pos="X">dei</wf>
         <instance id="d000.s086.t002" lemma="campione" pos="NOUN">campioni</instance>
         <wf lemma="di" pos="X">di</wf>
         <instance id="d000.s086.t003" lemma="roccia" pos="NOUN">roccia</instance>
         <wf lemma="si" pos="X">si</wf>
         <wf lemma="è" pos="X">è</wf>
         <wf lemma="propensi" pos="X">propensi</wf>
         <wf lemma="a" pos="X">a</wf>
         <wf lemma="ritenere" pos="X">ritenere</wf>
         <wf lemma="che" pos="X">che</wf>
         <wf lemma="gli" pos="X">gli</wf>
         <instance id="d000.s086.t004" lemma="affioramento" pos="NOUN">affioramenti</instance>
         <wf lemma="rocciosi" pos="X">rocciosi</wf>
         <wf lemma="del" pos="X">del</wf>
         <wf lemma="Golfo" pos="X">Golfo</wf>
         <wf lemma="di" pos="X">di</wf>
         <wf lemma="Trieste" pos="X">Trieste</wf>
         <wf lemma="siano" pos="X">siano</wf>
         <wf lemma="un" pos="X">un</wf>
         <wf lemma="insieme" pos="X">insieme</wf>
         <wf lemma="di" pos="X">di</wf>
         <wf lemma="forme" pos="X">forme</wf>
         <wf lemma="poligeniche" pos="X">poligeniche</wf>
         <wf lemma="(" pos="X">(</wf>
         <wf lemma="costituite" pos="X">costituite</wf>
         <wf lemma="da" pos="X">da</wf>
         <instance id="d000.s086.t005" lemma="deposito" pos="NOUN">depositi</instance>
         <wf lemma="litorali" pos="X">litorali</wf>
         <wf lemma="e" pos="X">e</wf>
         <wf lemma="marini" pos="X">marini</wf>
         <wf lemma="," pos="X">,</wf>
         <wf lemma="ma" pos="X">ma</wf>
         <wf lemma="anche" pos="X">anche</wf>
         <wf lemma="alluvionali" pos="X">alluvionali</wf>
         <wf lemma=")" pos="X">)</wf>
         <wf lemma="messe" pos="X">messe</wf>
         <wf lemma="a" pos="X">a</wf>
         <wf lemma="giorno" pos="X">giorno</wf>
         <wf lemma="dalla" pos="X">dalla</wf>
         <wf lemma="trasgressione" pos="X">trasgressione</wf>
         <wf lemma="Versiliana" pos="X">Versiliana</wf>
         <wf lemma="e" pos="X">e</wf>
         <wf lemma="poi" pos="X">poi</wf>
         <wf lemma="rielaborate" pos="X">rielaborate</wf>
         <wf lemma="dai" pos="X">dai</wf>
         <wf lemma="processi" pos="X">processi</wf>
         <wf lemma="biologici" pos="X">biologici</wf>
         <wf lemma="e" pos="X">e</wf>
         <wf lemma="geomorfici" pos="X">geomorfici</wf>
         <wf lemma="attualmente" pos="X">attualmente</wf>
         <wf lemma="in" pos="X">in</wf>
         <wf lemma="atto" pos="X">atto</wf>
         <wf lemma="sui" pos="X">sui</wf>
         <instance id="d000.s086.t006" lemma="fondale" pos="NOUN">fondali</instance>
         <wf lemma="adriatici" pos="X">adriatici</wf>
         <wf lemma="in" pos="X">in</wf>
         <wf lemma="atto" pos="X">atto</wf>
         <wf lemma="." pos="X">.</wf>
      </sentence>
      <sentence id="d000.s087" source="semeval2013-it">
         <wf lemma="circa" pos="ADV">Circa</wf>
         <wf lemma="il" pos="X">il</wf>
         <wf lemma="@card@" pos="NOUN">44</wf>
         <wf lemma="%" pos="X">%</wf>
         <wf lemma="del" pos="X">degli</wf>
         <instance id="d000.s087.t000" lemma="intervistato" pos="NOUN">intervistati</instance>
         <wf lemma="in" pos="X">in</wf>
         <wf lemma="tutto" pos="ADJ">tutta</wf>
         <wf lemma="il" pos="X">la</wf>
         <instance id="d000.s087.t001" lemma="regione" pos="NOUN">regione</instance>
         <wf lemma="si" pos="X">si</wf>
         <wf lemma="pronunciare" pos="VERB">pronuncia</wf>
         <wf lemma="soddisfare" pos="VERB">soddisfatto</wf>
         <wf lemma="di" pos="X">di</wf>
         <wf lemma="come" pos="X">come</wf>
         <wf lemma="il" pos="X">la</wf>
         <instance id="d000.s087.t002" lemma="democrazia" pos="NOUN">democrazia</instance>
         <wf lemma="del" pos="X">del</wf>
         <wf lemma="loro" pos="X">loro</wf>
         <instance id="d000.s087.t003" lemma="paese" pos="NOUN">paese</instance>
         <wf lemma="funzionare" pos="VERB">funziona</wf>
         <wf lemma="in" pos="X">in</wf>
         <instance id="d000.s087.t004" lemma="pratica" pos="NOUN">pratica</instance>
         <wf lemma="," pos="X">,</wf>
         <wf lemma="il" pos="X">lo</wf>
         <wf lemma="stesso" pos="ADJ">stesso</wf>
         <wf lemma="dato" pos="NOUN">dato</wf>
         <wf lemma="del" pos="X">dello</wf>
         <wf lemma="scorso" pos="ADJ">scorso</wf>
         <instance id="d000.s087.t005" lemma="anno" pos="NOUN">anno</instance>
         <wf lemma="," pos="X">,</wf>
         <wf lemma="ma" pos="X">ma</wf>
         <wf lemma="un" pos="X">un</wf>
         <wf lemma="notevole" pos="ADJ">notevole</wf>
         <instance id="d000.s087.t006" lemma="aumento" pos="NOUN">aumento</instance>
         <wf lemma="rispettare" pos="VERB">rispetto</wf>
         <wf lemma="al" pos="X">al</wf>
         <wf lemma="@card@" pos="NOUN">25</wf>
         <wf lemma="%" pos="X">%</wf>
         <wf lemma="del" pos="X">del</wf>
         <wf lemma="@card@" pos="NOUN">2001</wf>
         <wf lemma="(" pos="X">(</wf>
         <instance id="d000.s087.t007" lemma="grafico" pos="NOUN">grafico</instance>
         <wf lemma="@card@" pos="NOUN">3</wf>
         <wf lemma=")" pos="X">)</wf>
         <wf lemma="." pos="X">.</wf>
      </sentence>
      <sentence id="d000.s088" source="semeval2013-it">
         <wf lemma="siccome" pos="X">Siccome</wf>
         <wf lemma="il" pos="X">i</wf>
         <wf lemma="primo" pos="ADJ">primi</wf>
         <wf lemma="quattro" pos="ADJ">quattro</wf>
         <wf lemma="cesto" pos="NOUN">cesti</wf>
         <wf lemma="del" pos="X">del</wf>
         <wf lemma="Vitora" pos="NOUN">Vitora</wf>
         <wf lemma="essere|sonare" pos="VERB">sono</wf>
         <wf lemma="essere|stare" pos="VERB">stati</wf>
         <wf lemma="dal" pos="X">dal</wf>
         <instance id="d000.s088.t000" lemma="perimetro" pos="NOUN">perimetro</instance>
         <wf lemma="," pos="X">,</wf>
         <wf lemma="si" pos="X">si</wf>
         <wf lemma="dire" pos="VERB">diceva</wf>
         <wf lemma="già" pos="ADV">già</wf>
         <wf lemma="che" pos="X">che</wf>
         <wf lemma="essere" pos="VERB">fossero</wf>
         <wf lemma="entrare" pos="VERB">entrati</wf>
         <wf lemma="nel" pos="X">nella</wf>
         <wf lemma="rete" pos="NOUN">rete</wf>
         <wf lemma="israeliano" pos="ADJ">israeliana</wf>
         <wf lemma="con" pos="X">con</wf>
         <wf lemma="il" pos="X">il</wf>
         <wf lemma="“" pos="X">“</wf>
         <instance id="d000.s088.t001" lemma="polso" pos="NOUN">polso</instance>
         <wf lemma="magico" pos="ADJ">magico</wf>
         <wf lemma="“" pos="X">“</wf>
         <wf lemma="." pos="X">.</wf>
      </sentence>
      <sentence id="d000.s089" source="semeval2013-it">
         <wf lemma="il" pos="X">La</wf>
         <wf lemma="national_credit_union_administration" pos="NOUN">National_Credit_Union_Administration</wf>
         <wf lemma="(" pos="X">(</wf>
         <wf lemma="NCUA" pos="ADJ">NCUA</wf>
         <wf lemma=")" pos="X">)</wf>
         <wf lemma="essere" pos="VERB">è</wf>
         <wf lemma="responsabile" pos="ADJ">responsabile</wf>
         <wf lemma="per" pos="X">per</wf>
         <wf lemma="il" pos="X">le</wf>
         <instance id="d000.s089.t000" lemma="cooperativa_di_credito" pos="NOUN">cooperative_di_credito</instance>
         <wf lemma="del" pos="X">degli</wf>
         <instance id="d000.s089.t001" lemma="stati_uniti" pos="NOUN">Stati_Uniti</instance>
         <wf lemma="e" pos="X">e</wf>
         <wf lemma="intervenire" pos="VERB">interviene</wf>
         <wf lemma="in" pos="X">in</wf>
         <instance id="d000.s089.t002" lemma="caso" pos="NOUN">casi</instance>
         <wf lemma="di" pos="X">di</wf>
         <instance id="d000.s089.t003" lemma="bancarotta" pos="NOUN">bancarotta</instance>
         <wf lemma="per" pos="X">per</wf>
         <wf lemma="proteggere" pos="VERB">proteggere</wf>
         <wf lemma="il" pos="X">i</wf>
         <wf lemma="deposito" pos="NOUN">depositi</wf>
         <wf lemma="del" pos="X">dei</wf>
         <instance id="d000.s089.t004" lemma="cliente" pos="NOUN">clienti</instance>
         <wf lemma="." pos="X">.</wf>
      </sentence>
      <sentence id="d000.s090" source="semeval2010-it">
         <wf lemma="durante" pos="X">durante</wf>
         <wf lemma="33" pos="X">33</wf>
         <instance id="d000.s090.t000" lemma="anno" pos="NOUN">anni</instance>
         <wf lemma="," pos="X">,</wf>
         <wf lemma="così" pos="X">così</wf>
         <wf lemma="come" pos="X">come</wf>
         <wf lemma="viene" pos="X">viene</wf>
         <wf lemma="illustrato" pos="X">illustrato</wf>
         <wf lemma="dagli" pos="X">dagli</wf>
         <wf lemma="indici" pos="X">indici</wf>
         <wf lemma="individuali" pos="X">individuali</wf>
         <wf lemma="terrestre" pos="X">terrestre</wf>
         <wf lemma="," pos="X">,</wf>
         <wf lemma="marino" pos="X">marino</wf>
         <wf lemma="e" pos="X">e</wf>
         <wf lemma="delle" pos="X">delle</wf>
         <wf lemma="acque" pos="X">acque</wf>
         <wf lemma="dolci" pos="X">dolci</wf>
         <wf lemma="." pos="X">.</wf>
      </sentence>
      <sentence id="d000.s091" source="semeval2013-it">
         <wf lemma="due" pos="ADJ">Due</wf>
         <instance id="d000.s091.t000" lemma="compagnia" pos="NOUN">compagnie</instance>
         <wf lemma="americano" pos="ADJ">americane</wf>
         <wf lemma="avere" pos="VERB">hanno</wf>
         <wf lemma="stretto" pos="ADJ">stretto</wf>
         <instance id="d000.s091.t001" lemma="accordo" pos="NOUN">accordi</instance>
         <wf lemma="per" pos="X">per</wf>
         <wf lemma="il" pos="X">i</wf>
         <instance id="d000.s091.t002" lemma="campo" pos="NOUN">campi</instance>
         <wf lemma="vendere" pos="VERB">venduti</wf>
         <wf lemma="al" pos="X">all'</wf>
         <instance id="d000.s091.t003" lemma="asta" pos="NOUN">asta</instance>
         <wf lemma="a" pos="X">a</wf>
         <instance id="d000.s091.t004" lemma="giugno" pos="NOUN">Giugno</instance>
         <wf lemma="." pos="X">.</wf>
      </sentence>
      <sentence id="d000.s092" source="semeval2013-it">
         <wf lemma="il" pos="X">La</wf>
         <wf lemma="loro" pos="X">loro</wf>
         <instance id="d000.s092.t000" lemma="attenzione" pos="NOUN">attenzione</instance>
         <wf lemma="sul" pos="X">sull'</wf>
         <instance id="d000.s092.t001" lemma="attività" pos="NOUN">attività</instance>
         <wf lemma="di" pos="X">di</wf>
         <instance id="d000.s092.t002" lemma="reportage" pos="NOUN">reportage</instance>
         <wf lemma="via" pos="ADV">via</wf>
         <wf lemma="Twitter" pos="NOUN">Twitter</wf>
         <wf lemma="essere" pos="VERB">è</wf>
         <wf lemma="controverso" pos="ADJ">controversa</wf>
         <wf lemma="." pos="X">.</wf>
      </sentence>
      <sentence id="d000.s093" source="semeval2015-it">
         <wf pos="X">L</wf>
         <wf lemma="impiego" pos="NOUN">impiego</wf>
         <wf pos="X">di</wf>
         <wf lemma="alimta" pos="NOUN">Alimta</wf>
         <wf lemma="essere" pos="VERB">è</wf>
         <wf lemma="sconsigliare" pos="ADJ">sconsigliato</wf>
         <wf pos="X">nei</wf>
         <wf lemma="paziente" pos="NOUN">pazienti</wf>
         <wf pos="X">con</wf>
         <instance id="d000.s093.t000" lemma="insufficienza_renale" pos="NOUN">insufficienza_renale</instance>
         <wf lemma="grave" pos="ADJ">grave</wf>
         <wf pos="X">o</wf>
         <wf lemma="moderato" pos="ADJ">moderata</wf>
         <wf pos="X">.</wf>
      </sentence>
      <sentence id="d000.s094" source="semeval2010-it">
         <wf lemma="Le" pos="X">Le</wf>
         <wf lemma="indagini" pos="X">indagini</wf>
         <wf lemma="verranno" pos="X">verranno</wf>
         <wf lemma="inoltre" pos="X">inoltre</wf>
         <wf lemma="estese" pos="X">estese</wf>
         <wf lemma="all'" pos="X">all'</wf>
         <wf lemma="intero" pos="X">intero</wf>
         <wf lemma="arco" pos="X">arco</wf>
         <wf lemma="dell'" pos="X">dell'</wf>
         <instance id="d000.s094.t000" lemma="anno" pos="NOUN">anno</instance>
         <wf lemma="," pos="X">,</wf>
         <wf lemma="in" pos="X">in</wf>
         <wf lemma="considerazione" pos="X">considerazione</wf>
         <wf lemma="dei" pos="X">dei</wf>
         <wf lemma="forti" pos="X">forti</wf>
         <wf lemma="connotati" pos="X">connotati</wf>
         <wf lemma="stagionali" pos="X">stagionali</wf>
         <wf lemma="che" pos="X">che</wf>
         <wf lemma="caratterizzano" pos="X">caratterizzano</wf>
         <wf lemma="l'" pos="X">l'</wf>
         <wf lemma="Adriatico" pos="X">Adriatico</wf>
         <wf lemma="settentrionale" pos="X">settentrionale</wf>
         <wf lemma="e" pos="X">e</wf>
         <wf lemma="che" pos="X">che</wf>
         <wf lemma="determinano" pos="X">determinano</wf>
         <wf lemma="una" pos="X">una</wf>
         <wf lemma="forte" pos="X">forte</wf>
         <wf lemma="differenziazione" pos="X">differenziazione</wf>
         <wf lemma="della" pos="X">della</wf>
         <wf lemma="comunità" pos="X">comunità</wf>
         <wf lemma="ittica" pos="X">ittica</wf>
         <wf lemma="." pos="X">.</wf>
      </sentence>
      <sentence id="d000.s095" source="semeval2010-it">
         <wf lemma="Per" pos="X">Per</wf>
         <wf lemma="l'" pos="X">l'</wf>
         <wf lemma="individuazione" pos="X">individuazione</wf>
         <wf lemma="degli" pos="X">degli</wf>
         <instance id="d000.s095.t000" lemma="affioramento" pos="NOUN">affioramenti</instance>
         <wf lemma="rocciosi" pos="X">rocciosi</wf>
         <wf lemma="significativi" pos="X">significativi</wf>
         <wf lemma="e" pos="X">e</wf>
         <wf lemma="per" pos="X">per</wf>
         <wf lemma="una" pos="X">una</wf>
         <wf lemma="futura" pos="X">futura</wf>
         <wf lemma="valorizzazione" pos="X">valorizzazione</wf>
         <wf lemma="come" pos="X">come</wf>
         <wf lemma="risorsa" pos="X">risorsa</wf>
         <wf lemma="marina" pos="X">marina</wf>
         <wf lemma="di" pos="X">di</wf>
         <wf lemma="pregio" pos="X">pregio</wf>
         <wf lemma="ambientale" pos="X">ambientale</wf>
         <wf lemma="," pos="X">,</wf>
         <wf lemma="saranno" pos="X">saranno</wf>
         <wf lemma="utilizzate" pos="X">utilizzate</wf>
         <wf lemma="le" pos="X">le</wf>
         <wf lemma="numerose" pos="X">numerose</wf>
         <wf lemma="segnalazioni" pos="X">segnalazioni</wf>
         <wf lemma="dei" pos="X">dei</wf>
         <wf lemma="pescatori" pos="X">pescatori</wf>
         <wf lemma="e" pos="X">e</wf>
         <wf lemma="dei" pos="X">dei</wf>
         <wf lemma="subacquei" pos="X">subacquei</wf>
         <wf lemma="che" pos="X">che</wf>
         <wf lemma="operano" pos="X">operano</wf>
         <wf lemma="nella" pos="X">nella</wf>
         <wf lemma="zona" pos="X">zona</wf>
         <wf lemma="." pos="X">.</wf>
      </sentence>
      <sentence id="d000.s096" source="semeval2013-it">
         <wf lemma="concepire" pos="VERB">Concepito</wf>
         <wf lemma="da" pos="X">da</wf>
         <wf lemma="un" pos="X">un</wf>
         <instance id="d000.s096.t000" lemma="gruppo" pos="NOUN">gruppo</instance>
         <wf lemma="ad-hoc" pos="ADJ">ad-hoc</wf>
         <wf lemma="del" pos="X">delle</wf>
         <instance id="d000.s096.t001" lemma="nazioni_unite" pos="NOUN">Nazioni_Unite</instance>
         <wf lemma="," pos="X">,</wf>
         <wf lemma="il" pos="X">il</wf>
         <instance id="d000.s096.t002" lemma="testo" pos="NOUN">testo</instance>
         <wf lemma="non" pos="ADV">non</wf>
         <wf lemma="dire" pos="VERB">dice</wf>
         <wf lemma="quanto" pos="X">quanti</wf>
         <wf lemma="soldo" pos="NOUN">soldi</wf>
         <wf lemma="il" pos="X">i</wf>
         <instance id="d000.s096.t003" lemma="paese" pos="NOUN">paesi</instance>
         <wf lemma="ricco" pos="ADJ">ricchi</wf>
         <wf lemma="dare" pos="VERB">darebbero</wf>
         <wf lemma="a" pos="X">a</wf>
         <wf lemma="quello" pos="X">quelli</wf>
         <wf lemma="povero" pos="ADJ">poveri</wf>
         <wf lemma="al" pos="X">al</wf>
         <instance id="d000.s096.t004" lemma="fine" pos="NOUN">fine</instance>
         <wf lemma="di" pos="X">di</wf>
         <wf lemma="affrontare" pos="VERB">affrontare</wf>
         <wf lemma="il" pos="X">il</wf>
         <instance id="d000.s096.t005" lemma="riscaldamento_globale" pos="NOUN">riscaldamento_globale</instance>
         <wf lemma="nel" pos="X">nel</wf>
         <wf lemma="breve" pos="NOUN">breve</wf>
         <wf lemma="e" pos="X">e</wf>
         <wf lemma="e" pos="X">lungo</wf>
         <instance id="d000.s096.t006" lemma="periodo" pos="NOUN">periodo</instance>
         <wf lemma="." pos="X">.</wf>
      </sentence>
      <sentence id="d000.s097" source="semeval2013-it">
         <wf lemma="il" pos="X">L'</wf>
         <wf lemma="unico" pos="ADJ">unica</wf>
         <instance id="d000.s097.t000" lemma="differenza" pos="NOUN">differenza</instance>
         <wf lemma="risiedere" pos="VERB">risiede</wf>
         <wf lemma="nel" pos="X">nel</wf>
         <instance id="d000.s097.t001" lemma="grado" pos="NOUN">grado</instance>
         <wf lemma="di" pos="X">di</wf>
         <instance id="d000.s097.t002" lemma="generosità" pos="NOUN">generosità</instance>
         <wf lemma="," pos="X">,</wf>
         <wf lemma="che" pos="X">che</wf>
         <wf lemma="ci" pos="X">ci</wf>
         <wf lemma="si" pos="X">si</wf>
         <wf lemma="degnare" pos="VERB">degna</wf>
         <wf lemma="di" pos="X">di</wf>
         <wf lemma="concedere" pos="VERB">concedere</wf>
         <wf lemma="al" pos="X">agli</wf>
         <instance id="d000.s097.t003" lemma="immigrato" pos="NOUN">immigrati</instance>
         <wf lemma="." pos="X">.</wf>
      </sentence>
      <sentence id="d000.s098" source="semeval2013-it">
         <wf lemma="in" pos="X">In</wf>
         <wf lemma="ogni" pos="ADJ">ogni</wf>
         <instance id="d000.s098.t000" lemma="caso" pos="NOUN">caso</instance>
         <wf lemma="," pos="X">,</wf>
         <wf lemma="il" pos="X">il</wf>
         <instance id="d000.s098.t001" lemma="dibattito" pos="NOUN">dibattito</instance>
         <wf lemma="si" pos="X">si</wf>
         <wf lemma="occupare" pos="VERB">occupa</wf>
         <wf lemma="di" pos="X">di</wf>
         <wf lemma="capire" pos="VERB">capire</wf>
         <wf lemma="se" pos="X">se</wf>
         <wf lemma="quel" pos="X">quel</wf>
         <instance id="d000.s098.t002" lemma="tipo" pos="NOUN">tipo</instance>
         <wf lemma="di" pos="X">di</wf>
         <instance id="d000.s098.t003" lemma="comportamento" pos="NOUN">comportamento</instance>
         <wf lemma="non" pos="ADV">non</wf>
         <wf lemma="vietare" pos="VERB">vietato</wf>
         <wf lemma="espressamente" pos="ADV">espressamente</wf>
         <wf lemma="dal" pos="X">dal</wf>
         <wf lemma="regolamento" pos="NOUN">regolamento</wf>
         <wf lemma="contraddire" pos="VERB">contraddice</wf>
         <wf lemma="il" pos="X">i</wf>
         <instance id="d000.s098.t004" lemma="principio" pos="NOUN">principi</instance>
         <wf lemma="di" pos="X">di</wf>
         <wf lemma="questo" pos="X">questo</wf>
         <instance id="d000.s098.t005" lemma="sport" pos="NOUN">sport</instance>
         <wf lemma="," pos="X">,</wf>
         <wf lemma="valere" pos="VERB">vale</wf>
         <wf lemma="a" pos="X">a</wf>
         <wf lemma="dire" pos="VERB">dire</wf>
         <wf lemma="," pos="X">,</wf>
         <wf lemma="se" pos="X">se</wf>
         <wf lemma="con" pos="X">con</wf>
         <wf lemma="questo" pos="X">queste</wf>
         <instance id="d000.s098.t006" lemma="azione" pos="NOUN">azioni</instance>
         <wf lemma="una" pos="X">una</wf>
         <instance id="d000.s098.t007" lemma="frode" pos="NOUN">frode</instance>
         <wf lemma="essere" pos="VERB">è</wf>
         <wf lemma="essere|stare" pos="VERB">stata</wf>
         <wf lemma="commettere" pos="VERB">commessa</wf>
         <wf lemma=";" pos="X">;</wf>
         <wf lemma="o" pos="X">o</wf>
         <wf lemma="se" pos="X">se</wf>
         <wf lemma="addirittura" pos="ADV">addirittura</wf>
         <wf lemma="essere" pos="VERB">sono</wf>
         <instance id="d000.s098.t008" lemma="azione" pos="NOUN">azioni</instance>
         <wf lemma="rispettoso" pos="ADJ">rispettose</wf>
         <wf lemma="verso" pos="X">verso</wf>
         <wf lemma="il" pos="X">il</wf>
         <instance id="d000.s098.t009" lemma="regolamento" pos="NOUN">regolamento</instance>
         <wf lemma="sportivo" pos="ADJ">sportivo</wf>
         <wf lemma="," pos="X">,</wf>
         <wf lemma="ma" pos="X">ma</wf>
         <wf lemma="sembrare" pos="VERB">sembrano</wf>
         <wf lemma="ingannare" pos="VERB">ingannare</wf>
         <wf lemma="il" pos="X">il</wf>
         <wf lemma="suo" pos="X">suo</wf>
         <instance id="d000.s098.t010" lemma="senso" pos="NOUN">senso</instance>
         <wf lemma="." pos="X">.</wf>
      </sentence>
      <sentence id="d000.s099" source="semeval2010-it">
         <wf lemma="La" pos="X">La</wf>
         <wf lemma="datazione" pos="X">datazione</wf>
         <wf lemma="14C" pos="X">14C</wf>
         <wf lemma="di" pos="X">di</wf>
         <wf lemma="un" pos="X">un</wf>
         <instance id="d000.s099.t000" lemma="mollusco" pos="NOUN">mollusco</instance>
         <wf lemma="(" pos="X">(</wf>
         <wf lemma="Ostrea" pos="X">Ostrea</wf>
         <wf lemma="rinvenuto" pos="X">rinvenuto</wf>
         <wf lemma="internamente" pos="X">internamente</wf>
         <wf lemma="ad" pos="X">ad</wf>
         <wf lemma="un" pos="X">un</wf>
         <instance id="d000.s099.t001" lemma="campione" pos="NOUN">campione</instance>
         <wf lemma="di" pos="X">di</wf>
         <wf lemma="grosse" pos="X">grosse</wf>
         <wf lemma="dimensioni" pos="X">dimensioni</wf>
         <wf lemma="al" pos="X">al</wf>
         <wf lemma="largo" pos="X">largo</wf>
         <wf lemma="di" pos="X">di</wf>
         <wf lemma="Lignano" pos="X">Lignano</wf>
         <wf lemma="(" pos="X">(</wf>
         <wf lemma="6" pos="X">6</wf>
         <wf lemma="miglia" pos="X">miglia</wf>
         <wf lemma=")" pos="X">)</wf>
         <wf lemma="su" pos="X">su</wf>
         <wf lemma="di" pos="X">di</wf>
         <wf lemma="un" pos="X">un</wf>
         <instance id="d000.s099.t002" lemma="fondale" pos="NOUN">fondale</instance>
         <wf lemma="di" pos="X">di</wf>
         <wf lemma="13" pos="X">13</wf>
         <wf lemma="m" pos="X">m</wf>
         <wf lemma="," pos="X">,</wf>
         <wf lemma="ha" pos="X">ha</wf>
         <wf lemma="fornito" pos="X">fornito</wf>
         <wf lemma="una" pos="X">una</wf>
         <wf lemma="datazione" pos="X">datazione</wf>
      </sentence>
      <sentence id="d000.s100" source="semeval2010-it">
         <wf lemma="cap" pos="X">cap</wf>
         <wf lemma="reef" pos="X">reef</wf>
         <wf lemma="," pos="X">,</wf>
         <wf lemma="dove" pos="X">dove</wf>
         <wf lemma="la" pos="X">la</wf>
         <instance id="d000.s100.t000" lemma="roccia" pos="NOUN">roccia</instance>
         <wf lemma="organogena" pos="X">organogena</wf>
         <wf lemma="interessa" pos="X">interessa</wf>
         <wf lemma="solo" pos="X">solo</wf>
         <wf lemma="un" pos="X">un</wf>
         <wf lemma="cappello" pos="X">cappello</wf>
         <wf lemma="superficiale" pos="X">superficiale</wf>
         <wf lemma="impostato" pos="X">impostato</wf>
         <wf lemma="su" pos="X">su</wf>
         <wf lemma="di" pos="X">di</wf>
         <wf lemma="un" pos="X">un</wf>
         <wf lemma="substrato" pos="X">substrato</wf>
         <wf lemma="preesistente" pos="X">preesistente</wf>
         <wf lemma="di" pos="X">di</wf>
         <wf lemma="tipo" pos="X">tipo</wf>
         <wf lemma="beachrock" pos="X">beachrock</wf>
         <wf lemma="o" pos="X">o</wf>
         <wf lemma="arenarie" pos="X">arenarie</wf>
         <wf lemma="calcaree" pos="X">calcaree</wf>
         <wf lemma="." pos="X">.</wf>
      </sentence>
      <sentence id="d000.s101" source="semeval2010-it">
         <wf lemma="Tutti" pos="X">Tutti</wf>
         <wf lemma="gli" pos="X">gli</wf>
         <instance id="d000.s101.t000" lemma="affioramento" pos="NOUN">affioramenti</instance>
         <wf lemma="rocciosi" pos="X">rocciosi</wf>
         <wf lemma="riscontrati" pos="X">riscontrati</wf>
         <wf lemma="erano" pos="X">erano</wf>
         <wf lemma="stati" pos="X">stati</wf>
         <wf lemma="inizialmente" pos="X">inizialmente</wf>
         <wf lemma="raggruppati" pos="X">raggruppati</wf>
         <wf lemma="geneticamente" pos="X">geneticamente</wf>
         <wf lemma="secondo" pos="X">secondo</wf>
         <wf lemma="due" pos="X">due</wf>
         <wf lemma="litologie" pos="X">litologie</wf>
         <wf lemma="come" pos="X">come</wf>
         <instance id="d000.s101.t001" lemma="roccia" pos="NOUN">rocce</instance>
         <wf lemma="di" pos="X">di</wf>
         <instance id="d000.s101.t002" lemma="origine" pos="NOUN">origine</instance>
         <wf lemma="clastica" pos="X">clastica</wf>
         <wf lemma="ovvero" pos="X">ovvero</wf>
         <wf lemma="arenarie" pos="X">arenarie</wf>
         <wf lemma="calcaree" pos="X">calcaree</wf>
         <wf lemma="e" pos="X">e</wf>
         <wf lemma="beachrock" pos="X">beachrock</wf>
         <wf lemma="," pos="X">,</wf>
         <wf lemma="oppure" pos="X">oppure</wf>
         <wf lemma="come" pos="X">come</wf>
         <instance id="d000.s101.t003" lemma="roccia" pos="NOUN">rocce</instance>
         <wf lemma="di" pos="X">di</wf>
         <instance id="d000.s101.t004" lemma="origine" pos="NOUN">origine</instance>
         <wf lemma="organogena" pos="X">organogena</wf>
         <wf lemma="." pos="X">.</wf>
      </sentence>
      <sentence id="d000.s102" source="semeval2010-it">
         <wf lemma="Al" pos="X">Al</wf>
         <wf lemma="fine" pos="X">fine</wf>
         <wf lemma="di" pos="X">di</wf>
         <wf lemma="definire" pos="X">definire</wf>
         <wf lemma="i" pos="X">i</wf>
         <wf lemma="caratteri" pos="X">caratteri</wf>
         <wf lemma="sismostratigrafici" pos="X">sismostratigrafici</wf>
         <wf lemma="dei" pos="X">dei</wf>
         <instance id="d000.s102.t000" lemma="deposito" pos="NOUN">depositi</instance>
         <wf lemma="sedimentari" pos="X">sedimentari</wf>
         <wf lemma="sottostanti" pos="X">sottostanti</wf>
         <wf lemma="verrà" pos="X">verrà</wf>
         <wf lemma="impiegato" pos="X">impiegato</wf>
         <wf lemma="un" pos="X">un</wf>
         <wf lemma="sub-bottom" pos="X">sub-bottom</wf>
         <wf lemma="profiler" pos="X">profiler</wf>
         <wf lemma="CHIRP" pos="X">CHIRP</wf>
         <wf lemma="." pos="X">.</wf>
      </sentence>
      <sentence id="d000.s103" source="semeval2013-it">
         <wf lemma="essi" pos="X">Essi</wf>
         <wf lemma="essere" pos="VERB">sono</wf>
         <wf lemma="sostenere" pos="VERB">sostenuti</wf>
         <wf lemma="da" pos="X">da</wf>
         <instance id="d000.s103.t000" lemma="mutuo" pos="NOUN">mutui</instance>
         <wf lemma="per" pos="X">per</wf>
         <wf lemma="il" pos="X">la</wf>
         <instance id="d000.s103.t001" lemma="casa" pos="NOUN">casa</instance>
         <wf lemma="." pos="X">.</wf>
      </sentence>
      <sentence id="d000.s104" source="semeval2013-it">
         <wf lemma="Jamie" pos="NOUN">Jamie</wf>
         <wf lemma="S." pos="NOUN">S.</wf>
         <wf lemma="Foster" pos="NOUN">Foster</wf>
         <wf lemma="," pos="X">,</wf>
         <wf lemma="assistente" pos="ADJ">assistente</wf>
         <instance id="d000.s104.t000" lemma="professore" pos="NOUN">professore</instance>
         <wf lemma="di" pos="X">di</wf>
         <instance id="d000.s104.t001" lemma="microbiologia" pos="NOUN">microbiologia</instance>
         <wf lemma="presso" pos="X">presso</wf>
         <wf lemma="il" pos="X">l'</wf>
         <wf lemma="università_della_florida" pos="NOUN">Università_della_Florida</wf>
         <wf lemma="," pos="X">,</wf>
         <wf lemma="avere" pos="VERB">ha</wf>
         <wf lemma="dire" pos="VERB">detto</wf>
         <wf lemma="che" pos="X">che</wf>
         <wf lemma="il" pos="X">l'</wf>
         <instance id="d000.s104.t002" lemma="idea" pos="NOUN">idea</instance>
         <wf lemma="che" pos="X">che</wf>
         <wf lemma="il" pos="X">l'</wf>
         <instance id="d000.s104.t003" lemma="arsenico" pos="NOUN">arsenico</instance>
         <wf lemma="potere" pos="VERB">possa</wf>
         <wf lemma="essere" pos="VERB">essere</wf>
         <wf lemma="sostituire" pos="VERB">sostituito</wf>
         <wf lemma="per" pos="X">per</wf>
         <wf lemma="il" pos="X">il</wf>
         <instance id="d000.s104.t004" lemma="fosforo" pos="NOUN">fosforo</instance>
         <wf lemma="non" pos="ADV">non</wf>
         <wf lemma="essere" pos="VERB">è</wf>
         <wf lemma="nuovo" pos="ADJ">nuova</wf>
         <wf lemma="," pos="X">,</wf>
         <wf lemma="ma" pos="X">ma</wf>
         <wf lemma="non" pos="ADV">non</wf>
         <wf lemma="c'" pos="X">c'</wf>
         <wf lemma="essere" pos="VERB">è</wf>
         <wf lemma="mai" pos="ADV">mai</wf>
         <wf lemma="essere|stare" pos="VERB">stato</wf>
         <wf lemma="un" pos="X">un</wf>
         <instance id="d000.s104.t005" lemma="esempio" pos="NOUN">esempio</instance>
         <wf lemma="in" pos="X">in</wf>
         <wf lemma="cui" pos="X">cui</wf>
         <wf lemma="essere" pos="VERB">sia</wf>
         <wf lemma="essere|stare" pos="VERB">stato</wf>
         <wf lemma="dimostrare" pos="VERB">dimostrato</wf>
         <wf lemma="funzionare" pos="VERB">funzionare</wf>
         <wf lemma="." pos="X">.</wf>
      </sentence>
      <sentence id="d000.s105" source="semeval2013-it">
         <wf lemma="una" pos="X">Una</wf>
         <instance id="d000.s105.t000" lemma="differenza" pos="NOUN">differenza</instance>
         <wf lemma="minore" pos="ADJ">minore</wf>
         <wf lemma="al" pos="X">al</wf>
         <wf lemma="costa_rica" pos="NOUN">Costa_Rica</wf>
         <wf lemma="," pos="X">,</wf>
         <wf lemma="confrontare" pos="VERB">confrontando</wf>
         <wf lemma="il" pos="X">i</wf>
         <wf lemma="@card@" pos="NOUN">22</wf>
         <instance id="d000.s105.t001" lemma="giocatore" pos="NOUN">giocatori</instance>
         <wf lemma="convocare" pos="VERB">convocati</wf>
         <wf lemma="da" pos="X">da</wf>
         <wf lemma="entrambi" pos="ADJ">entrambi</wf>
         <wf lemma="il" pos="X">i</wf>
         <instance id="d000.s105.t002" lemma="paese" pos="NOUN">paesi</instance>
         <wf lemma="per" pos="X">per</wf>
         <wf lemma="il" pos="X">la</wf>
         <instance id="d000.s105.t003" lemma="partita_amichevole" pos="NOUN">partita_amichevole</instance>
         <wf lemma="di" pos="X">di</wf>
         <wf lemma="oggi" pos="ADV">oggi</wf>
         <wf lemma="," pos="X">,</wf>
         <wf lemma="al" pos="X">alle</wf>
         <wf lemma="@card@" pos="NOUN">3</wf>
         <wf lemma=":" pos="X">:</wf>
         <wf lemma="@card@" pos="NOUN">05</wf>
         <wf lemma="pm" pos="X">pm</wf>
         <wf lemma="presso" pos="X">presso</wf>
         <wf lemma="il" pos="X">il</wf>
         <wf lemma="National" pos="NOUN">National</wf>
         <wf lemma="Stadium" pos="NOUN">Stadium</wf>
         <wf lemma="di" pos="X">di</wf>
         <instance id="d000.s105.t004" lemma="san_jose" pos="NOUN">San_Jose</instance>
         <wf lemma="." pos="X">.</wf>
      </sentence>
      <sentence id="d000.s106" source="semeval2013-it">
         <wf lemma="il" pos="X">Gli</wf>
         <wf lemma="Alavas" pos="NOUN">Alavas</wf>
         <wf lemma="si" pos="X">si</wf>
         <wf lemma="essere|sonare" pos="VERB">sono</wf>
         <wf lemma="ammazzare" pos="VERB">ammazzati</wf>
         <wf lemma="di" pos="X">di</wf>
         <instance id="d000.s106.t000" lemma="lavoro" pos="NOUN">lavoro</instance>
         <wf lemma="nel" pos="X">nell'</wf>
         <wf lemma="ultimo" pos="ADJ">ultimo</wf>
         <instance id="d000.s106.t001" lemma="periodo" pos="NOUN">periodo</instance>
         <wf lemma="e" pos="X">e</wf>
         <wf lemma="English" pos="NOUN">English</wf>
         <wf lemma="e" pos="X">e</wf>
         <wf lemma="San" pos="NOUN">San</wf>
         <wf lemma="Emeterio" pos="NOUN">Emeterio</wf>
         <wf lemma="(" pos="X">(</wf>
         <wf lemma="@card@" pos="NOUN">65-75</wf>
         <wf lemma=")" pos="X">)</wf>
         <wf lemma="avere" pos="VERB">avevano</wf>
         <wf lemma="già" pos="ADV">già</wf>
         <wf lemma="fare" pos="VERB">fatto</wf>
         <wf lemma="capire" pos="VERB">capire</wf>
         <wf lemma="chiaramente" pos="ADV">chiaramente</wf>
         <wf lemma="che" pos="X">che</wf>
         <wf lemma="non" pos="ADV">non</wf>
         <wf lemma="avere" pos="VERB">avrebbero</wf>
         <wf lemma="permesso" pos="ADJ">permesso</wf>
         <wf lemma="a" pos="X">a</wf>
         <wf lemma="nessuno" pos="ADJ">nessuno</wf>
         <wf lemma="di" pos="X">di</wf>
         <wf lemma="portare" pos="VERB">portare</wf>
         <wf lemma="via" pos="ADV">via</wf>
         <wf lemma="quello" pos="X">quello</wf>
         <wf lemma="che" pos="X">che</wf>
         <wf lemma="loro" pos="X">loro</wf>
         <wf lemma="avere" pos="VERB">avevano</wf>
         <wf lemma="guadagnare" pos="VERB">guadagnato</wf>
         <wf lemma="nel" pos="X">nei</wf>
         <wf lemma="primo" pos="ADJ">primi</wf>
         <wf lemma="trenta" pos="ADJ">trenta</wf>
         <instance id="d000.s106.t002" lemma="minuto" pos="NOUN">minuti</instance>
         <wf lemma="." pos="X">.</wf>
      </sentence>
      <sentence id="d000.s107" source="semeval2010-it">
         <wf lemma="In" pos="X">In</wf>
         <wf lemma="base" pos="X">base</wf>
         <wf lemma="ai" pos="X">ai</wf>
         <wf lemma="principi" pos="X">principi</wf>
         <wf lemma="dell'" pos="X">dell'</wf>
         <wf lemma="ecologia" pos="X">ecologia</wf>
         <wf lemma="del" pos="X">del</wf>
         <wf lemma="paesaggio" pos="X">paesaggio</wf>
         <wf lemma="le" pos="X">le</wf>
         <wf lemma="reti" pos="X">reti</wf>
         <wf lemma="ecologiche" pos="X">ecologiche</wf>
         <wf lemma="(" pos="X">(</wf>
         <wf lemma="ecological" pos="X">ecological</wf>
         <wf lemma="network" pos="X">network</wf>
         <wf lemma="sono" pos="X">sono</wf>
         <wf lemma="costituite" pos="X">costituite</wf>
         <wf lemma="da" pos="X">da</wf>
         <wf lemma="''" pos="X">''</wf>
         <wf lemma="nodi" pos="X">nodi</wf>
         <wf lemma="porzioni" pos="X">porzioni</wf>
         <wf lemma="di" pos="X">di</wf>
         <instance id="d000.s107.t000" lemma="habitat" pos="NOUN">habitat</instance>
         <wf lemma="ospitali" pos="X">ospitali</wf>
         <wf lemma="e" pos="X">e</wf>
         <wf lemma="da" pos="X">da</wf>
         <wf lemma="connessioni" pos="X">connessioni</wf>
         <wf lemma="," pos="X">,</wf>
         <wf lemma="''" pos="X">''</wf>
         <wf lemma="corridoi" pos="X">corridoi</wf>
         <wf lemma="''" pos="X">''</wf>
         <wf lemma="che" pos="X">che</wf>
         <wf lemma="li" pos="X">li</wf>
         <wf lemma="uniscono" pos="X">uniscono</wf>
         <wf lemma="e" pos="X">e</wf>
         <wf lemma="rappresentano" pos="X">rappresentano</wf>
         <wf lemma="vie" pos="X">vie</wf>
         <wf lemma="preferenziali" pos="X">preferenziali</wf>
         <wf lemma="per" pos="X">per</wf>
         <wf lemma="la" pos="X">la</wf>
         <wf lemma="diffusione" pos="X">diffusione</wf>
         <wf lemma="ed" pos="X">ed</wf>
         <wf lemma="i" pos="X">i</wf>
         <wf lemma="movimenti" pos="X">movimenti</wf>
         <wf lemma="di" pos="X">di</wf>
         <wf lemma="flora" pos="X">flora</wf>
         <wf lemma="e" pos="X">e</wf>
         <wf lemma="fauna" pos="X">fauna</wf>
         <wf lemma="attraverso" pos="X">attraverso</wf>
         <wf lemma="la" pos="X">la</wf>
         <instance id="d000.s107.t001" lemma="matrice" pos="NOUN">matrice</instance>
         <wf lemma="(" pos="X">(</wf>
         <wf lemma="van" pos="X">van</wf>
         <wf lemma="Langerverde" pos="X">Langerverde</wf>
         <wf lemma="F." pos="X">F.</wf>
         <wf lemma="1997" pos="X">1997</wf>
         <wf lemma=")" pos="X">)</wf>
         <wf lemma="." pos="X">.</wf>
      </sentence>
      <sentence id="d000.s108" source="semeval2010-it">
         <wf lemma="Le" pos="X">Le</wf>
         <instance id="d000.s108.t000" lemma="informazione" pos="NOUN">informazioni</instance>
         <wf lemma="acquisite" pos="X">acquisite</wf>
         <wf lemma="forniranno" pos="X">forniranno</wf>
         <wf lemma="indicazioni" pos="X">indicazioni</wf>
         <wf lemma="precise" pos="X">precise</wf>
         <wf lemma="per" pos="X">per</wf>
         <wf lemma="la" pos="X">la</wf>
         <wf lemma="classificazione" pos="X">classificazione</wf>
         <wf lemma="dei" pos="X">dei</wf>
         <wf lemma="gruppi" pos="X">gruppi</wf>
         <wf lemma="sistematici" pos="X">sistematici</wf>
         <wf lemma="più" pos="X">più</wf>
         <wf lemma="rappresentativi" pos="X">rappresentativi</wf>
         <wf lemma="e" pos="X">e</wf>
         <wf lemma="l'" pos="X">l'</wf>
         <wf lemma="individuazione" pos="X">individuazione</wf>
         <wf lemma="dei" pos="X">dei</wf>
         <wf lemma="principali" pos="X">principali</wf>
      </sentence>
      <sentence id="d000.s109" source="semeval2015-it">
         <wf pos="X">Il</wf>
         <instance id="d000.s109.t000" lemma="medicinale" pos="NOUN">medicinale</instance>
         <wf lemma="potere" pos="VERB">può</wf>
         <wf lemma="essere" pos="VERB">essere</wf>
         <instance id="d000.s109.t001" lemma="ottenere" pos="VERB">ottenuto</instance>
         <instance id="d000.s109.t002" lemma="soltanto" pos="ADV">soltanto</instance>
         <wf pos="X">con</wf>
         <instance id="d000.s109.t003" lemma="prescrizione" pos="NOUN">prescrizione</instance>
         <wf lemma="medico" pos="ADJ">medica</wf>
         <wf pos="X">.</wf>
      </sentence>
      <sentence id="d000.s110" source="semeval2013-it">
         <wf lemma="dare" pos="VERB">Dato</wf>
         <wf lemma="che" pos="X">che</wf>
         <wf lemma="il" pos="X">il</wf>
         <instance id="d000.s110.t000" lemma="sondaggio" pos="NOUN">sondaggio</instance>
         <wf lemma="essere" pos="VERB">è</wf>
         <wf lemma="essere|stare" pos="VERB">stato</wf>
         <wf lemma="regolarmente" pos="ADV">regolarmente</wf>
         <wf lemma="svolgere" pos="VERB">svolto</wf>
         <wf lemma="dal" pos="X">dal</wf>
         <wf lemma="@card@" pos="NOUN">1995</wf>
         <wf lemma="," pos="X">,</wf>
         <wf lemma="si" pos="X">si</wf>
         <wf lemma="tenere" pos="VERB">tiene</wf>
         <wf lemma="traccia" pos="NOUN">traccia</wf>
         <wf lemma="del" pos="X">dei</wf>
         <instance id="d000.s110.t001" lemma="cambiamento" pos="NOUN">cambiamenti</instance>
         <wf lemma="di" pos="X">di</wf>
         <instance id="d000.s110.t002" lemma="atteggiamento" pos="NOUN">atteggiamento</instance>
         <wf lemma="in" pos="X">in</wf>
         <wf lemma="tutto" pos="ADJ">tutta</wf>
         <wf lemma="il" pos="X">la</wf>
         <instance id="d000.s110.t003" lemma="regione" pos="NOUN">regione</instance>
         <wf lemma="." pos="X">.</wf>
      </sentence>
      <sentence id="d000.s111" source="semeval2015-it">
         <wf lemma="cerenia" pos="NOUN">Cerenia</wf>
         <wf lemma="essere" pos="VERB">è</wf>
         <wf pos="X">un</wf>
         <instance id="d000.s111.t000" lemma="antiemetico" pos="NOUN">antiemetico</instance>
         <wf pos="X">,</wf>
         <wf pos="X">ossia</wf>
         <wf pos="X">un</wf>
         <instance id="d000.s111.t001" lemma="medicinale" pos="NOUN">medicinale</instance>
         <wf pos="X">che</wf>
         <instance id="d000.s111.t002" lemma="arrestare" pos="VERB">arresta</instance>
         <wf pos="X">il</wf>
         <instance id="d000.s111.t003" lemma="vomito" pos="NOUN">vomito</instance>
         <wf pos="X">.</wf>
      </sentence>
      <sentence id="d000.s112" source="semeval2010-it">
         <wf lemma="Golfo" pos="X">Golfo</wf>
         <wf lemma="di" pos="X">di</wf>
         <wf lemma="Trieste" pos="X">Trieste</wf>
         <wf lemma="," pos="X">,</wf>
         <wf lemma="la" pos="X">la</wf>
         <wf lemma="loro" pos="X">loro</wf>
         <wf lemma="distribuzione" pos="X">distribuzione</wf>
         <wf lemma="e" pos="X">e</wf>
         <wf lemma="i" pos="X">i</wf>
         <wf lemma="loro" pos="X">loro</wf>
         <wf lemma="caratteri" pos="X">caratteri</wf>
         <wf lemma="morfologici" pos="X">morfologici</wf>
         <wf lemma="essenziali" pos="X">essenziali</wf>
         <wf lemma="hanno" pos="X">hanno</wf>
         <wf lemma="permesso" pos="X">permesso</wf>
         <wf lemma="di" pos="X">di</wf>
         <wf lemma="formulare" pos="X">formulare</wf>
         <wf lemma="alcune" pos="X">alcune</wf>
         <instance id="d000.s112.t000" lemma="ipotesi" pos="NOUN">ipotesi</instance>
         <wf lemma="sulla" pos="X">sulla</wf>
         <wf lemma="loro" pos="X">loro</wf>
         <wf lemma="genesi" pos="X">genesi</wf>
         <wf lemma="e" pos="X">e</wf>
         <wf lemma="," pos="X">,</wf>
         <wf lemma="più" pos="X">più</wf>
         <wf lemma="in" pos="X">in</wf>
         <wf lemma="generale" pos="X">generale</wf>
         <wf lemma="," pos="X">,</wf>
         <wf lemma="sulle" pos="X">sulle</wf>
         <wf lemma="vicende" pos="X">vicende</wf>
         <wf lemma="geologiche" pos="X">geologiche</wf>
         <wf lemma="che" pos="X">che</wf>
         <wf lemma="hanno" pos="X">hanno</wf>
         <wf lemma="interessato" pos="X">interessato</wf>
         <wf lemma="questa" pos="X">questa</wf>
         <wf lemma="parte" pos="X">parte</wf>
         <wf lemma="più" pos="X">più</wf>
         <wf lemma="settentrionale" pos="X">settentrionale</wf>
         <wf lemma="dell'" pos="X">dell'</wf>
         <wf lemma="alto" pos="X">alto</wf>
         <wf lemma="Adriatico" pos="X">Adriatico</wf>
         <wf lemma="(" pos="X">(</wf>
         <wf lemma="Stefanon" pos="X">Stefanon</wf>
         <wf lemma="(" pos="X">(</wf>
         <wf lemma="1967" pos="X">1967</wf>
         <wf lemma="Braga" pos="X">Braga</wf>
         <wf lemma="e" pos="X">e</wf>
      </sentence>
      <sentence id="d000.s113" source="semeval2013-it">
         <wf lemma="il" pos="X">Le</wf>
         <instance id="d000.s113.t000" lemma="istituzione" pos="NOUN">istituzioni</instance>
         <wf lemma="in" pos="X">in</wf>
         <wf lemma="tale" pos="X">tal</wf>
         <instance id="d000.s113.t001" lemma="modo" pos="NOUN">modo</instance>
         <wf lemma="volere" pos="VERB">vogliono</wf>
         <wf lemma="divincolare" pos="VERB">divincolarsi</wf>
         <wf lemma="dal" pos="X">dalle</wf>
         <wf lemma="restrizione" pos="NOUN">restrizioni</wf>
         <wf lemma="che" pos="X">che</wf>
         <wf lemma="andare" pos="VERB">vanno</wf>
         <wf lemma="di" pos="X">di</wf>
         <wf lemma="pari_passo" pos="NOUN">pari_passo</wf>
         <wf lemma="con" pos="X">con</wf>
         <wf lemma="il" pos="X">l'</wf>
         <instance id="d000.s113.t002" lemma="accettazione" pos="NOUN">accettazione</instance>
         <wf lemma="del" pos="X">del</wf>
         <instance id="d000.s113.t003" lemma="denaro" pos="NOUN">denaro</instance>
         <wf lemma="," pos="X">,</wf>
         <wf lemma="come" pos="X">come</wf>
         <wf lemma="ad" pos="X">ad</wf>
         <instance id="d000.s113.t004" lemma="esempio" pos="NOUN">esempio</instance>
         <wf lemma="il" pos="X">i</wf>
         <instance id="d000.s113.t005" lemma="limite" pos="NOUN">limiti</instance>
         <wf lemma="di" pos="X">di</wf>
         <wf lemma="bonus" pos="NOUN">bonus</wf>
         <wf lemma="del" pos="X">dei</wf>
         <wf lemma="dirigente" pos="NOUN">dirigenti</wf>
         <wf lemma="e" pos="X">e</wf>
         <wf lemma="il" pos="X">il</wf>
         <instance id="d000.s113.t006" lemma="pagamento" pos="NOUN">pagamento</instance>
         <wf lemma="di" pos="X">di</wf>
         <instance id="d000.s113.t007" lemma="commissione" pos="NOUN">commissioni</instance>
         <wf lemma="elevato" pos="ADJ">elevate</wf>
         <wf lemma="." pos="X">.</wf>
      </sentence>
      <sentence id="d000.s114" source="semeval2010-it">
         <wf lemma="Non" pos="X">Non</wf>
         <wf lemma="avendo" pos="X">avendo</wf>
         <wf lemma="selezionato" pos="X">selezionato</wf>
         <wf lemma="le" pos="X">le</wf>
         <wf lemma="specie" pos="X">specie</wf>
         <wf lemma="dal" pos="X">dal</wf>
         <wf lemma="punto" pos="X">punto</wf>
         <wf lemma="di" pos="X">di</wf>
         <wf lemma="vista" pos="X">vista</wf>
         <wf lemma="geografico" pos="X">geografico</wf>
         <wf lemma="," pos="X">,</wf>
         <wf lemma="ecologico" pos="X">ecologico</wf>
         <wf lemma="o" pos="X">o</wf>
         <wf lemma="tassonomico" pos="X">tassonomico</wf>
         <wf lemma="," pos="X">,</wf>
         <wf lemma="i" pos="X">i</wf>
         <instance id="d000.s114.t000" lemma="dato" pos="NOUN">dati</instance>
         <wf lemma="dell'" pos="X">dell'</wf>
         <wf lemma="indice" pos="X">indice</wf>
         <wf lemma="contengono" pos="X">contengono</wf>
         <wf lemma="principalmente" pos="X">principalmente</wf>
         <wf lemma="trend" pos="X">trend</wf>
         <wf lemma="di" pos="X">di</wf>
         <wf lemma="popolazioni" pos="X">popolazioni</wf>
         <wf lemma="appartenenti" pos="X">appartenenti</wf>
         <wf lemma="a" pos="X">a</wf>
         <wf lemma="gruppi" pos="X">gruppi</wf>
         <wf lemma="studiati" pos="X">studiati</wf>
         <wf lemma="approfonditamente" pos="X">approfonditamente</wf>
         <wf lemma="," pos="X">,</wf>
         <wf lemma="soprattutto" pos="X">soprattutto</wf>
         <wf lemma="gli" pos="X">gli</wf>
         <wf lemma="uccelli" pos="X">uccelli</wf>
         <wf lemma="," pos="X">,</wf>
         <wf lemma="e" pos="X">e</wf>
         <wf lemma="regioni" pos="X">regioni</wf>
         <wf lemma="," pos="X">,</wf>
         <wf lemma="quali" pos="X">quali</wf>
         <wf lemma="l'" pos="X">l'</wf>
         <wf lemma="Europa" pos="X">Europa</wf>
         <wf lemma="e" pos="X">e</wf>
         <wf lemma="il" pos="X">il</wf>
         <wf lemma="Nord" pos="X">Nord</wf>
      </sentence>
      <sentence id="d000.s115" source="semeval2013-it">
         <wf lemma="il" pos="X">Il</wf>
         <instance id="d000.s115.t000" lemma="vantaggio" pos="NOUN">vantaggio</instance>
         <wf lemma="," pos="X">,</wf>
         <wf lemma="ovviamente" pos="ADV">ovviamente</wf>
         <wf lemma="," pos="X">,</wf>
         <wf lemma="consistere" pos="VERB">consiste</wf>
         <wf lemma="nel" pos="X">nel</wf>
         <instance id="d000.s115.t001" lemma="fatto" pos="NOUN">fatto</instance>
         <wf lemma="che" pos="X">che</wf>
         <wf lemma="il" pos="X">i</wf>
         <instance id="d000.s115.t002" lemma="giocatore" pos="NOUN">giocatori</instance>
         <wf lemma="iniziare" pos="VERB">inizieranno</wf>
         <wf lemma="il" pos="X">la</wf>
         <instance id="d000.s115.t003" lemma="fase" pos="NOUN">fase</instance>
         <wf lemma="seguente" pos="ADJ">seguente</wf>
         <wf lemma="del" pos="X">del</wf>
         <instance id="d000.s115.t004" lemma="campionato" pos="NOUN">campionato</instance>
         <wf lemma="senza" pos="X">senza</wf>
         <wf lemma="ammonizione" pos="NOUN">ammonizioni</wf>
         <wf lemma="che" pos="X">che</wf>
         <wf lemma="potere" pos="VERB">potrebbero</wf>
         <wf lemma="compromettere" pos="VERB">compromettere</wf>
         <wf lemma="il" pos="X">la</wf>
         <wf lemma="loro" pos="X">loro</wf>
         <instance id="d000.s115.t005" lemma="partecipazione" pos="NOUN">partecipazione</instance>
         <wf lemma="in" pos="X">in</wf>
         <wf lemma="una" pos="X">una</wf>
         <wf lemma="partita" pos="NOUN">partita</wf>
         <wf lemma="futuro" pos="ADJ">futura</wf>
         <wf lemma="." pos="X">.</wf>
      </sentence>
      <sentence id="d000.s116" source="semeval2010-it">
         <wf lemma="Newton" pos="X">Newton</wf>
         <wf lemma="," pos="X">,</wf>
         <wf lemma="Stefanon" pos="X">Stefanon</wf>
         <wf lemma="," pos="X">,</wf>
         <wf lemma="Boldrin" pos="X">Boldrin</wf>
         <wf lemma="," pos="X">,</wf>
         <wf lemma="Gordini" pos="X">Gordini</wf>
         <wf lemma="e" pos="X">e</wf>
         <wf lemma="Marocco" pos="X">Marocco</wf>
         <wf lemma="concordano" pos="X">concordano</wf>
         <wf lemma="nell'" pos="X">nell'</wf>
         <wf lemma="affermare" pos="X">affermare</wf>
         <wf lemma="che" pos="X">che</wf>
         <wf lemma="tali" pos="X">tali</wf>
         <instance id="d000.s116.t000" lemma="affioramento" pos="NOUN">affioramenti</instance>
         <wf lemma="in" pos="X">in</wf>
         <wf lemma="passato" pos="X">passato</wf>
         <wf lemma="erano" pos="X">erano</wf>
         <wf lemma="sicuramente" pos="X">sicuramente</wf>
         <wf lemma="coperti" pos="X">coperti</wf>
         <wf lemma="da" pos="X">da</wf>
         <wf lemma="una" pos="X">una</wf>
         <wf lemma="coltre" pos="X">coltre</wf>
         <wf lemma="più" pos="X">più</wf>
         <wf lemma="o" pos="X">o</wf>
         <wf lemma="meno" pos="X">meno</wf>
         <wf lemma="spessa" pos="X">spessa</wf>
         <wf lemma="di" pos="X">di</wf>
         <wf lemma="sedimento" pos="X">sedimento</wf>
         <wf lemma="prevalentemente" pos="X">prevalentemente</wf>
         <wf lemma="sabbioso" pos="X">sabbioso</wf>
         <wf lemma="." pos="X">.</wf>
      </sentence>
      <sentence id="d000.s117" source="semeval2013-it">
         <wf lemma="in" pos="X">In</wf>
         <wf lemma="questo" pos="X">questo</wf>
         <instance id="d000.s117.t000" lemma="modo" pos="NOUN">modo</instance>
         <wf lemma="," pos="X">,</wf>
         <wf lemma="passare" pos="VERB">passando</wf>
         <wf lemma="il" pos="X">le</wf>
         <instance id="d000.s117.t001" lemma="fase" pos="NOUN">fasi</instance>
         <wf lemma="," pos="X">,</wf>
         <wf lemma="non" pos="ADV">non</wf>
         <wf lemma="essere" pos="VERB">è</wf>
         <wf lemma="così" pos="ADV">così</wf>
         <wf lemma="chiaro" pos="ADJ">chiaro</wf>
         <wf lemma="che" pos="X">che</wf>
         <wf lemma="questo" pos="X">questo</wf>
         <wf lemma="sia" pos="X">sia</wf>
         <wf lemma="un" pos="X">un</wf>
         <instance id="d000.s117.t002" lemma="vantaggio" pos="NOUN">vantaggio</instance>
         <wf lemma="." pos="X">.</wf>
      </sentence>
      <sentence id="d000.s118" source="semeval2013-it">
         <instance id="d000.s118.t000" lemma="venerdì" pos="NOUN">Venerdì</instance>
         <wf lemma="il" pos="X">l'</wf>
         <instance id="d000.s118.t001" lemma="unione_europea" pos="NOUN">Unione_Europea</instance>
         <wf lemma="avere" pos="VERB">ha</wf>
         <wf lemma="dare" pos="VERB">dato</wf>
         <wf lemma="una" pos="X">una</wf>
         <wf lemma="ulteriore" pos="ADJ">ulteriore</wf>
         <wf lemma="spinta" pos="NOUN">spinta</wf>
         <wf lemma="al" pos="X">alle</wf>
         <instance id="d000.s118.t002" lemma="trattativa" pos="NOUN">trattative</instance>
         <wf lemma="impegnare" pos="VERB">impegnandosi</wf>
         <wf lemma="a" pos="X">a</wf>
         <wf lemma="fornire" pos="VERB">fornire</wf>
         <wf lemma="@card@" pos="NOUN">3.6</wf>
         <instance id="d000.s118.t003" lemma="miliardo" pos="NOUN">miliardi</instance>
         <wf lemma="di" pos="X">di</wf>
         <instance id="d000.s118.t004" lemma="dollaro" pos="NOUN">dollari</instance>
         <wf lemma="al" pos="X">all'</wf>
         <instance id="d000.s118.t005" lemma="anno" pos="NOUN">anno</instance>
         <wf lemma="nel" pos="X">nei</wf>
         <wf lemma="prossimo" pos="ADJ">prossimi</wf>
         <wf lemma="tre" pos="ADJ">tre</wf>
         <instance id="d000.s118.t006" lemma="anno" pos="NOUN">anni</instance>
         <wf lemma="per" pos="X">per</wf>
         <wf lemma="aiutare" pos="VERB">aiutare</wf>
         <wf lemma="il" pos="X">i</wf>
         <instance id="d000.s118.t007" lemma="paese" pos="NOUN">paesi</instance>
         <wf lemma="meno" pos="ADV">meno</wf>
         <wf lemma="ricco" pos="ADJ">ricchi</wf>
         <wf lemma="ad" pos="X">ad</wf>
         <wf lemma="adattare" pos="VERB">adattarsi</wf>
         <wf lemma="al" pos="X">alle</wf>
         <instance id="d000.s118.t008" lemma="conseguenza" pos="NOUN">conseguenze</instance>
         <wf lemma="del" pos="X">del</wf>
         <instance id="d000.s118.t009" lemma="cambiamento_climatico" pos="NOUN">cambiamento_climatico</instance>
         <wf lemma="--" pos="NOUN">--</wf>
         <wf lemma="dal" pos="X">dal</wf>
         <wf lemma="fare" pos="VERB">far</wf>
         <wf lemma="fronte" pos="NOUN">fronte</wf>
         <wf lemma="ad" pos="X">ad</wf>
         <instance id="d000.s118.t010" lemma="inondazione" pos="NOUN">inondazioni</instance>
         <wf lemma="e" pos="X">e</wf>
         <instance id="d000.s118.t011" lemma="siccità" pos="NOUN">siccità</instance>
         <wf lemma="al" pos="X">all'</wf>
         <wf lemma="evitare" pos="VERB">evitare</wf>
         <wf lemma="il" pos="X">la</wf>
         <instance id="d000.s118.t012" lemma="deforestazione" pos="NOUN">deforestazione</instance>
         <wf lemma="." pos="X">.</wf>
      </sentence>
      <sentence id="d000.s119" source="semeval2013-it">
         <wf lemma="in" pos="X">In</wf>
         <wf lemma="più" pos="ADV">più</wf>
         <wf lemma="," pos="X">,</wf>
         <wf lemma="il" pos="X">il</wf>
         <wf lemma="loro" pos="X">loro</wf>
         <wf lemma="enorme" pos="ADJ">enorme</wf>
         <instance id="d000.s119.t000" lemma="successo" pos="NOUN">successo</instance>
         <wf lemma="dal" pos="X">dalle</wf>
         <instance id="d000.s119.t001" lemma="linea" pos="NOUN">linee</instance>
         <wf lemma="laterale" pos="ADJ">laterali</wf>
         <wf lemma="," pos="X">,</wf>
         <wf lemma="con" pos="X">con</wf>
         <wf lemma="@card@" pos="NOUN">16</wf>
         <wf lemma="tiro_da_tre_punti" pos="NOUN">tiri_da_tre_punti</wf>
         <wf lemma="segnato" pos="ADJ">segnati</wf>
         <wf lemma="," pos="X">,</wf>
         <wf lemma="essere" pos="VERB">è</wf>
         <wf lemma="essere|stare" pos="VERB">stato</wf>
         <wf lemma="decisivo" pos="ADJ">decisivo</wf>
         <wf lemma="per" pos="X">per</wf>
         <wf lemma="il" pos="X">il</wf>
         <wf lemma="loro" pos="X">loro</wf>
         <instance id="d000.s119.t002" lemma="trionfo" pos="NOUN">trionfo</instance>
         <wf lemma="finale" pos="ADJ">finale</wf>
         <wf lemma="." pos="X">.</wf>
      </sentence>
      <sentence id="d000.s120" source="semeval2010-it">
         <wf lemma="14" pos="X">14</wf>
         <wf lemma="biomi" pos="X">biomi</wf>
         <wf lemma="terrestri" pos="X">terrestri</wf>
         <wf lemma="," pos="X">,</wf>
         <wf lemma="o" pos="X">o</wf>
         <wf lemma="tipi" pos="X">tipi</wf>
         <wf lemma="di" pos="X">di</wf>
         <instance id="d000.s120.t000" lemma="habitat" pos="NOUN">habitat</instance>
         <wf lemma="," pos="X">,</wf>
         <wf lemma="e" pos="X">e</wf>
         <wf lemma="in" pos="X">in</wf>
         <wf lemma="8" pos="X">8</wf>
         <wf lemma="reami" pos="X">reami</wf>
         <wf lemma="biogeografici" pos="X">biogeografici</wf>
         <wf lemma="." pos="X">.</wf>
      </sentence>
      <sentence id="d000.s121" source="semeval2013-it">
         <wf lemma="questo" pos="X">Questo</wf>
         <instance id="d000.s121.t000" lemma="numero" pos="NOUN">numero</instance>
         <wf lemma="essere" pos="VERB">è</wf>
         <wf lemma="essere|stare" pos="VERB">stato</wf>
         <wf lemma="raggiungere" pos="VERB">raggiunto</wf>
         <instance id="d000.s121.t001" lemma="venerdì" pos="NOUN">Venerdì</instance>
         <wf lemma="primo" pos="ADJ">prima</wf>
         <wf lemma="del" pos="X">della</wf>
         <wf lemma="partita" pos="NOUN">partita</wf>
         <wf lemma="contro" pos="X">contro</wf>
         <wf lemma="il" pos="X">il</wf>
         <wf lemma="panama" pos="NOUN">Panama</wf>
         <wf lemma="(" pos="X">(</wf>
         <wf lemma="@card@" pos="NOUN">0-2</wf>
         <wf lemma=")" pos="X">)</wf>
         <wf lemma="," pos="X">,</wf>
         <wf lemma="al" pos="X">al</wf>
         <wf lemma="Rommel" pos="NOUN">Rommel</wf>
         <wf lemma="Fernandez" pos="NOUN">Fernandez</wf>
         <wf lemma="." pos="X">.</wf>
      </sentence>
      <sentence id="d000.s122" source="semeval2013-it">
         <wf lemma="il" pos="X">Le</wf>
         <instance id="d000.s122.t000" lemma="preoccupazione" pos="NOUN">preoccupazioni</instance>
         <wf lemma="sul" pos="X">sulla</wf>
         <instance id="d000.s122.t001" lemma="sicurezza" pos="NOUN">sicurezza</instance>
         <wf lemma="," pos="X">,</wf>
         <wf lemma="evidenziare" pos="VERB">evidenziate</wf>
         <wf lemma="dal" pos="X">dai</wf>
         <wf lemma="massiccio" pos="ADJ">massicci</wf>
         <instance id="d000.s122.t002" lemma="bombardamento" pos="NOUN">bombardamenti</instance>
         <wf lemma="coordinato" pos="ADJ">coordinati</wf>
         <wf lemma="di" pos="X">di</wf>
         <instance id="d000.s122.t003" lemma="martedì" pos="NOUN">Martedì</instance>
         <wf lemma="e" pos="X">e</wf>
         <wf lemma="il" pos="X">l'</wf>
         <wf lemma="instabilità" pos="NOUN">instabilità</wf>
         <wf lemma="politico" pos="ADJ">politica</wf>
         <wf lemma="a" pos="X">a</wf>
         <wf lemma="seguito" pos="NOUN">seguito</wf>
         <wf lemma="del" pos="X">del</wf>
         <instance id="d000.s122.t004" lemma="ritiro" pos="NOUN">ritiro</instance>
         <wf lemma="militare" pos="ADJ">militare</wf>
         <wf lemma="americano" pos="ADJ">americano</wf>
         <wf lemma="," pos="X">,</wf>
         <wf lemma="essere" pos="VERB">è</wf>
         <wf lemma="probabile" pos="ADJ">probabile</wf>
         <wf lemma="avere" pos="VERB">abbiano</wf>
         <wf lemma="dissuadere" pos="VERB">dissuaso</wf>
         <wf lemma="al" pos="X">alle</wf>
         <instance id="d000.s122.t005" lemma="compagnia_petrolifera" pos="NOUN">compagnie_petrolifere</instance>
         <wf lemma="americano" pos="ADJ">americane</wf>
         <wf lemma="di" pos="X">di</wf>
         <wf lemma="avventurare" pos="VERB">avventurarsi</wf>
         <wf lemma="in" pos="X">in</wf>
         <wf lemma="maniera" pos="NOUN">maniera</wf>
         <wf lemma="più" pos="ADV">più</wf>
         <wf lemma="insistente" pos="ADJ">insistente</wf>
         <wf lemma="in" pos="X">in</wf>
         <instance id="d000.s122.t006" lemma="Iraq" pos="NOUN">Iraq</instance>
         <wf lemma="," pos="X">,</wf>
         <wf lemma="il" pos="X">il</wf>
         <wf lemma="quale" pos="X">quale</wf>
         <wf lemma="possedere" pos="VERB">possiede</wf>
         <wf lemma="provatamente" pos="VERB">provatamente</wf>
         <wf lemma="il" pos="X">la</wf>
         <wf lemma="terzo" pos="ADJ">terza</wf>
         <wf lemma="riserva" pos="NOUN">riserva</wf>
         <wf lemma="di" pos="X">di</wf>
         <instance id="d000.s122.t007" lemma="greggio" pos="NOUN">greggio</instance>
         <wf lemma="più" pos="ADV">più</wf>
         <wf lemma="grande" pos="ADJ">grande</wf>
         <wf lemma="al" pos="X">al</wf>
         <instance id="d000.s122.t008" lemma="mondo" pos="NOUN">mondo</instance>
         <wf lemma="," pos="X">,</wf>
         <wf lemma="avere" pos="VERB">hanno</wf>
         <wf lemma="dire" pos="VERB">detto</wf>
         <wf lemma="il" pos="X">gli</wf>
         <instance id="d000.s122.t009" lemma="analista" pos="NOUN">analisti</instance>
         <wf lemma="." pos="X">.</wf>
      </sentence>
      <sentence id="d000.s123" source="semeval2013-it">
         <wf lemma="il" pos="X">I</wf>
         <instance id="d000.s123.t000" lemma="giocatore" pos="NOUN">giocatori</instance>
         <wf lemma="di" pos="X">di</wf>
         <wf lemma="Ivanovic" pos="NOUN">Ivanovic</wf>
         <wf lemma="," pos="X">,</wf>
         <wf lemma="ferito" pos="ADJ">feriti</wf>
         <wf lemma="ma" pos="X">ma</wf>
         <wf lemma="lontano" pos="ADJ">lontani</wf>
         <wf lemma="dal" pos="X">dalla</wf>
         <instance id="d000.s123.t001" lemma="morte" pos="NOUN">morte</instance>
         <wf lemma="," pos="X">,</wf>
         <wf lemma="avere" pos="VERB">hanno</wf>
         <wf lemma="avere" pos="VERB">avuto</wf>
         <instance id="d000.s123.t002" lemma="bisogno" pos="NOUN">bisogno</instance>
         <wf lemma="di" pos="X">di</wf>
         <wf lemma="fare" pos="VERB">fare</wf>
         <wf lemma="un" pos="X">un</wf>
         <instance id="d000.s123.t003" lemma="paio" pos="NOUN">paio</instance>
         <wf lemma="di" pos="X">di</wf>
         <wf lemma="turno" pos="NOUN">turni</wf>
         <wf lemma="correttamente" pos="ADV">correttamente</wf>
         <wf lemma="primo" pos="ADJ">prima</wf>
         <wf lemma="di" pos="X">di</wf>
         <wf lemma="potere" pos="VERB">poter</wf>
         <wf lemma="respirare" pos="VERB">respirare</wf>
         <wf lemma="," pos="X">,</wf>
         <wf lemma="ed" pos="X">ed</wf>
         <wf lemma="essere" pos="VERB">è</wf>
         <wf lemma="essere|stare" pos="VERB">stato</wf>
         <wf lemma="lì" pos="ADV">lì</wf>
         <wf lemma="che" pos="X">che</wf>
         <wf lemma="il" pos="X">la</wf>
         <wf lemma="mitragliatore" pos="ADJ">mitragliatrice</wf>
         <wf lemma="marza" pos="NOUN">Marza</wf>
         <wf lemma="Teletovic" pos="NOUN">Teletovic</wf>
         <wf lemma="essere" pos="VERB">è</wf>
         <wf lemma="arrivare" pos="VERB">arrivata</wf>
         <wf lemma="," pos="X">,</wf>
         <wf lemma="con" pos="X">con</wf>
         <wf lemma="quasi" pos="ADV">quasi</wf>
         <wf lemma="tre" pos="ADJ">tre</wf>
         <instance id="d000.s123.t004" lemma="punto" pos="NOUN">punti</instance>
         <wf lemma="da" pos="X">da</wf>
         <wf lemma="tre" pos="ADJ">tre</wf>
         <wf lemma="consecutivo" pos="ADJ">consecutivi</wf>
         <wf lemma="e" pos="X">e</wf>
         <wf lemma="il" pos="X">l'</wf>
         <instance id="d000.s123.t005" lemma="aiuto" pos="NOUN">aiuto</instance>
         <wf lemma="di" pos="X">di</wf>
         <wf lemma="English" pos="NOUN">English</wf>
         <wf lemma="e" pos="X">e</wf>
         <wf lemma="Ribas" pos="NOUN">Ribas</wf>
         <wf lemma="," pos="X">,</wf>
         <wf lemma="avere" pos="VERB">ha</wf>
         <wf lemma="riportare" pos="VERB">riportato</wf>
         <wf lemma="il" pos="X">il</wf>
         <wf lemma="tabellone" pos="NOUN">tabellone</wf>
         <wf lemma="ad" pos="X">ad</wf>
         <wf lemma="un" pos="X">un</wf>
         <wf lemma="vantaggio" pos="NOUN">vantaggio</wf>
         <wf lemma="rassicurare" pos="VERB">rassicurante</wf>
         <wf lemma="(" pos="X">(</wf>
         <wf lemma="@card@" pos="NOUN">54-67</wf>
         <wf lemma=")" pos="X">)</wf>
         <wf lemma="," pos="X">,</wf>
         <wf lemma="che" pos="X">che</wf>
         <wf lemma="il" pos="X">la</wf>
         <instance id="d000.s123.t006" lemma="squadra" pos="NOUN">squadra</instance>
         <wf lemma="ospitare" pos="VERB">ospitante</wf>
         <wf lemma="essere" pos="VERB">è</wf>
         <wf lemma="riuscire" pos="VERB">riuscita</wf>
         <wf lemma="a" pos="X">a</wf>
         <wf lemma="recuperare" pos="VERB">recuperare</wf>
         <wf lemma="al" pos="X">alla</wf>
         <instance id="d000.s123.t007" lemma="fine" pos="NOUN">fine</instance>
         <wf lemma="del" pos="X">del</wf>
         <wf lemma="terzo" pos="NOUN">terzo</wf>
         <instance id="d000.s123.t008" lemma="quarto" pos="NOUN">quarto</instance>
         <wf lemma="(" pos="X">(</wf>
         <wf lemma="@card@" pos="NOUN">57-67</wf>
         <wf lemma=")" pos="X">)</wf>
         <wf lemma="." pos="X">.</wf>
      </sentence>
      <sentence id="d000.s124" source="semeval2010-it">
         <wf lemma="In" pos="X">In</wf>
         <wf lemma="particolare" pos="X">particolare</wf>
         <wf lemma="procedure" pos="X">procedure</wf>
         <wf lemma="di" pos="X">di</wf>
         <wf lemma="analisi" pos="X">analisi</wf>
         <wf lemma="statistica" pos="X">statistica</wf>
         <wf lemma="hanno" pos="X">hanno</wf>
         <wf lemma="consentito" pos="X">consentito</wf>
         <wf lemma="di" pos="X">di</wf>
         <wf lemma="individuare" pos="X">individuare</wf>
         <wf lemma="le" pos="X">le</wf>
         <wf lemma="variabili" pos="X">variabili</wf>
         <wf lemma="strutturali" pos="X">strutturali</wf>
         <wf lemma="maggiormente" pos="X">maggiormente</wf>
         <wf lemma="correlate" pos="X">correlate</wf>
         <wf lemma="alla" pos="X">alla</wf>
         <wf lemma="presenza" pos="X">presenza</wf>
         <wf lemma="di" pos="X">di</wf>
         <wf lemma="fauna" pos="X">fauna</wf>
         <wf lemma="e" pos="X">e</wf>
         <wf lemma="quelle" pos="X">quelle</wf>
         <wf lemma="di" pos="X">di</wf>
         <wf lemma="maggiore" pos="X">maggiore</wf>
         <wf lemma="peso" pos="X">peso</wf>
         <wf lemma="per" pos="X">per</wf>
         <wf lemma="la" pos="X">la</wf>
         <instance id="d000.s124.t000" lemma="determinazione" pos="NOUN">determinazione</instance>
         <wf lemma="della" pos="X">della</wf>
         <wf lemma="presenza" pos="X">presenza</wf>
         <wf lemma="della" pos="X">della</wf>
         <wf lemma="specie" pos="X">specie</wf>
         <wf lemma="assunta" pos="X">assunta</wf>
         <wf lemma="come" pos="X">come</wf>
         <wf lemma="riferimento" pos="X">riferimento</wf>
         <wf lemma="." pos="X">.</wf>
      </sentence>
      <sentence id="d000.s125" source="semeval2013-it">
         <wf lemma="da" pos="X">Da</wf>
         <instance id="d000.s125.t000" lemma="decennio" pos="NOUN">decenni</instance>
         <wf lemma="," pos="X">,</wf>
         <wf lemma="il" pos="X">le</wf>
         <instance id="d000.s125.t001" lemma="corte_d'appello" pos="NOUN">corti_d'appello</instance>
         <wf lemma="riconoscere" pos="VERB">riconoscono</wf>
         <wf lemma="che" pos="X">che</wf>
         <wf lemma="il" pos="X">l'</wf>
         <wf lemma="intenso" pos="ADJ">intensa</wf>
         <instance id="d000.s125.t002" lemma="attività" pos="NOUN">attività</instance>
         <wf lemma="di" pos="X">di</wf>
         <instance id="d000.s125.t003" lemma="reportage" pos="NOUN">reportage</instance>
         <wf lemma="del" pos="X">dei</wf>
         <instance id="d000.s125.t004" lemma="caso" pos="NOUN">casi</instance>
         <wf lemma="noto" pos="ADJ">noti</wf>
         <wf lemma="potere" pos="VERB">può</wf>
         <wf lemma="sollevare" pos="VERB">sollevare</wf>
         <instance id="d000.s125.t005" lemma="questione" pos="NOUN">questioni</instance>
         <wf lemma="riguardo" pos="NOUN">riguardo</wf>
         <wf lemma="il" pos="X">l'</wf>
         <wf lemma="equità" pos="NOUN">equità</wf>
         <wf lemma="di" pos="X">di</wf>
         <wf lemma="un" pos="X">un</wf>
         <instance id="d000.s125.t006" lemma="processo" pos="NOUN">processo</instance>
         <wf lemma="." pos="X">.</wf>
      </sentence>
      <sentence id="d000.s126" source="semeval2015-it">
         <instance id="d000.s126.t000" lemma="recentemente" pos="ADV">Recentemente</instance>
         <wf pos="X">la</wf>
         <instance id="d000.s126.t001" lemma="fondazione" pos="NOUN">Fondazione</instance>
         <wf lemma="avere" pos="VERB">ha</wf>
         <instance id="d000.s126.t002" lemma="pubblicare" pos="VERB">pubblicato</instance>
         <wf pos="X">,</wf>
         <wf pos="X">nel</wf>
         <wf lemma="quadro" pos="NOUN">quadro</wf>
         <wf pos="X">del</wf>
         <instance id="d000.s126.t003" lemma="progetto" pos="NOUN">progetto</instance>
         <wf lemma="epoc" pos="NOUN">EPOC</wf>
         <wf pos="X">,</wf>
         <wf pos="X">uno</wf>
         <wf lemma="studio" pos="NOUN">studio</wf>
         <instance id="d000.s126.t004" lemma="comparativo" pos="ADJ">comparativo</instance>
         <wf pos="X">che</wf>
         <instance id="d000.s126.t005" lemma="valutare" pos="VERB">valuta</instance>
         <wf pos="X">la</wf>
         <instance id="d000.s126.t006" lemma="misura" pos="NOUN">misura</instance>
         <wf pos="X">in</wf>
         <wf pos="X">cui</wf>
         <wf pos="X">la</wf>
         <instance id="d000.s126.t007" lemma="partecipazione" pos="NOUN">partecipazione</instance>
         <instance id="d000.s126.t008" lemma="diretto" pos="ADJ">diretta</instance>
         <wf lemma="potere" pos="VERB">può</wf>
         <wf lemma="umanizzare" pos="VERB">umanizzare</wf>
         <wf pos="X">il</wf>
         <instance id="d000.s126.t009" lemma="lavoro" pos="NOUN">lavoro</instance>
         <instance id="d000.s126.t010" lemma="migliorare" pos="VERB">migliorando</instance>
         <wf pos="X">allo</wf>
         <instance id="d000.s126.t011" lemma="stesso" pos="ADJ">stesso</instance>
         <instance id="d000.s126.t012" lemma="tempo" pos="NOUN">tempo</instance>
         <wf pos="X">la</wf>
         <instance id="d000.s126.t013" lemma="redditività" pos="NOUN">redditività</instance>
         <wf pos="X">.</wf>
      </sentence>
      <sentence id="d000.s127" source="semeval2013-it">
         <wf lemma="il" pos="X">Le</wf>
         <instance id="d000.s127.t000" lemma="trattativa" pos="NOUN">trattative</instance>
         <wf lemma="avere" pos="VERB">hanno</wf>
         <wf lemma="assumere" pos="VERB">assunto</wf>
         <wf lemma="nuovo" pos="ADJ">nuova</wf>
         <wf lemma="urgenza" pos="NOUN">urgenza</wf>
         <wf lemma="dal" pos="X">dal</wf>
         <wf lemma="momento" pos="NOUN">momento</wf>
         <wf lemma="in" pos="X">in</wf>
         <wf lemma="cui" pos="X">cui</wf>
         <wf lemma="il" pos="X">i</wf>
         <instance id="d000.s127.t001" lemma="delegato" pos="NOUN">delegati</instance>
         <wf lemma="avere" pos="VERB">hanno</wf>
         <wf lemma="mettere" pos="VERB">messo</wf>
         <wf lemma="in" pos="X">in</wf>
         <wf lemma="rilievo" pos="NOUN">rilievo</wf>
         <wf lemma="il" pos="X">il</wf>
         <instance id="d000.s127.t002" lemma="fatto" pos="NOUN">fatto</instance>
         <wf lemma="che" pos="X">che</wf>
         <wf lemma="si" pos="X">si</wf>
         <wf lemma="dovere" pos="VERB">deve</wf>
         <wf lemma="risolvere" pos="VERB">risolvere</wf>
         <wf lemma="il" pos="X">la</wf>
         <wf lemma="maggiore" pos="ADJ">maggior</wf>
         <instance id="d000.s127.t003" lemma="parte" pos="NOUN">parte</instance>
         <wf lemma="del" pos="X">dei</wf>
         <instance id="d000.s127.t004" lemma="problema" pos="NOUN">problemi</instance>
         <wf lemma="in" pos="X">in</wf>
         <wf lemma="sospendere" pos="VERB">sospeso</wf>
         <wf lemma="prima" pos="ADV">prima</wf>
         <wf lemma="del" pos="X">dell'</wf>
         <wf lemma="arrivo" pos="NOUN">arrivo</wf>
         <wf lemma="del" pos="X">dei</wf>
         <wf lemma="capo_di_governo" pos="NOUN">capi_di_governo</wf>
         <wf lemma="finalizzare" pos="VERB">finalizzato</wf>
         <wf lemma="al" pos="X">alla</wf>
         <instance id="d000.s127.t005" lemma="discussione" pos="NOUN">discussione</instance>
         <wf lemma="finale" pos="ADJ">finale</wf>
         <wf lemma="." pos="X">.</wf>
      </sentence>
      <sentence id="d000.s128" source="semeval2013-it">
         <wf lemma="il" pos="X">La</wf>
         <instance id="d000.s128.t000" lemma="banca" pos="NOUN">banca</instance>
         <wf lemma="avere" pos="VERB">ha</wf>
         <wf lemma="fare" pos="VERB">fatto</wf>
         <wf lemma="oltre" pos="ADV">oltre</wf>
         <wf lemma="il" pos="X">il</wf>
         <wf lemma="possibile" pos="ADJ">possibile</wf>
         <wf lemma="al" pos="X">al</wf>
         <instance id="d000.s128.t001" lemma="culmine" pos="NOUN">culmine</instance>
         <wf lemma="del" pos="X">della</wf>
         <wf lemma="crisi_finanziaria" pos="NOUN">crisi_finanziaria</wf>
         <wf lemma="rilevare" pos="VERB">rilevando</wf>
         <wf lemma="il" pos="X">la</wf>
         <instance id="d000.s128.t002" lemma="banca_d'affari" pos="NOUN">banca_d'affari</instance>
         <wf lemma="merrill_lynch" pos="NOUN">Merrill_Lynch</wf>
         <wf lemma="." pos="X">.</wf>
      </sentence>
      <sentence id="d000.s129" source="semeval2010-it">
         <wf lemma="Uno" pos="X">Uno</wf>
         <wf lemma="degli" pos="X">degli</wf>
         <wf lemma="obiettivi" pos="X">obiettivi</wf>
         <wf lemma="principali" pos="X">principali</wf>
         <wf lemma="di" pos="X">di</wf>
         <wf lemma="tale" pos="X">tale</wf>
         <wf lemma="strategia" pos="X">strategia</wf>
         <wf lemma="è" pos="X">è</wf>
         <wf lemma="la" pos="X">la</wf>
         <instance id="d000.s129.t000" lemma="costituzione" pos="NOUN">costituzione</instance>
         <wf lemma="della" pos="X">della</wf>
         <wf lemma="Rete" pos="X">Rete</wf>
      </sentence>
      <sentence id="d000.s130" source="semeval2010-it">
         <wf lemma="Le" pos="X">Le</wf>
         <wf lemma="concrezioni" pos="X">concrezioni</wf>
         <wf lemma="calcaree" pos="X">calcaree</wf>
         <wf lemma="sono" pos="X">sono</wf>
         <wf lemma="attribuibili" pos="X">attribuibili</wf>
         <wf lemma="ad" pos="X">ad</wf>
         <wf lemma="alghe" pos="X">alghe</wf>
         <wf lemma="Corallinacee" pos="X">Corallinacee</wf>
         <wf lemma="e" pos="X">e</wf>
         <wf lemma="secondariamente" pos="X">secondariamente</wf>
         <wf lemma="Briozoi" pos="X">Briozoi</wf>
         <wf lemma="," pos="X">,</wf>
         <instance id="d000.s130.t000" lemma="mollusco" pos="NOUN">Molluschi</instance>
         <wf lemma="(" pos="X">(</wf>
         <wf lemma="Arca" pos="X">Arca</wf>
         <wf lemma="Chama" pos="X">Chama</wf>
         <wf lemma="griphoides" pos="X">griphoides</wf>
         <wf lemma="," pos="X">,</wf>
         <wf lemma="Lemintina" pos="X">Lemintina</wf>
         <wf lemma="arenaria" pos="X">arenaria</wf>
         <wf lemma=")" pos="X">)</wf>
         <wf lemma="," pos="X">,</wf>
      </sentence>
      <sentence id="d000.s131" source="semeval2013-it">
         <wf lemma="&quot;" pos="X">&quot;</wf>
         <wf lemma="questo" pos="X">Questo</wf>
         <instance id="d000.s131.t000" lemma="organismo" pos="NOUN">organismo</instance>
         <wf lemma="avere" pos="VERB">ha</wf>
         <wf lemma="una" pos="X">una</wf>
         <instance id="d000.s131.t001" lemma="capacità" pos="NOUN">capacità</instance>
         <wf lemma="doppio" pos="ADJ">doppia</wf>
         <wf lemma="." pos="X">.</wf>
         <wf lemma="&quot;" pos="X">&quot;</wf>
      </sentence>
      <sentence id="d000.s132" source="semeval2013-it">
         <wf lemma="il" pos="X">La</wf>
         <wf lemma="NCUA" pos="NOUN">NCUA</wf>
         <wf lemma="si" pos="X">si</wf>
         <wf lemma="battere" pos="VERB">batte</wf>
         <wf lemma="per" pos="X">per</wf>
         <wf lemma="il" pos="X">il</wf>
         <instance id="d000.s132.t000" lemma="risarcimento" pos="NOUN">risarcimento</instance>
         <wf lemma="del" pos="X">delle</wf>
         <instance id="d000.s132.t001" lemma="perdita" pos="NOUN">perdite</instance>
         <wf lemma="che" pos="X">che</wf>
         <wf lemma="ammontare" pos="VERB">ammontano</wf>
         <wf lemma="a" pos="X">a</wf>
         <instance id="d000.s132.t002" lemma="miliardo" pos="NOUN">miliardi</instance>
         <wf lemma="." pos="X">.</wf>
      </sentence>
      <sentence id="d000.s133" source="semeval2013-it">
         <instance id="d000.s133.t000" lemma="parte" pos="NOUN">Parte</instance>
         <wf lemma="del" pos="X">del</wf>
         <instance id="d000.s133.t001" lemma="dibattito" pos="NOUN">dibattito</instance>
         <wf lemma="sollevare" pos="VERB">sollevato</wf>
         <wf lemma="da" pos="X">da</wf>
         <wf lemma="questo" pos="X">questo</wf>
         <instance id="d000.s133.t002" lemma="caso" pos="NOUN">caso</instance>
         <wf lemma="essere" pos="VERB">è</wf>
         <wf lemma="causare" pos="VERB">causato</wf>
         <wf lemma="dal" pos="X">dal</wf>
         <instance id="d000.s133.t003" lemma="fatto" pos="NOUN">fatto</instance>
         <wf lemma="che" pos="X">che</wf>
         <wf lemma="essere" pos="VERB">è</wf>
         <wf lemma="essere|stare" pos="VERB">stato</wf>
         <wf lemma="portare" pos="VERB">portato</wf>
         <wf lemma="avanti" pos="ADV">avanti</wf>
         <wf lemma="dal" pos="X">dalla</wf>
         <instance id="d000.s133.t004" lemma="società" pos="NOUN">società</instance>
         <wf lemma="del" pos="X">del</wf>
         <wf lemma="real_madrid" pos="NOUN">Real_Madrid</wf>
         <wf lemma="(" pos="X">(</wf>
         <wf lemma="che" pos="X">che</wf>
         <wf lemma="nel" pos="X">nel</wf>
         <wf lemma="suo" pos="X">suo</wf>
         <instance id="d000.s133.t005" lemma="inno" pos="NOUN">inno</instance>
         <wf lemma="assumere" pos="VERB">assume</wf>
         <instance id="d000.s133.t006" lemma="nobiltà" pos="NOUN">nobiltà</instance>
         <wf lemma="e" pos="X">e</wf>
         <instance id="d000.s133.t007" lemma="onore" pos="NOUN">onore</instance>
         <wf lemma="," pos="X">,</wf>
         <wf lemma="e" pos="X">e</wf>
         <wf lemma="che" pos="X">che</wf>
         <wf lemma="avere" pos="VERB">ha</wf>
         <wf lemma="multare" pos="VERB">multato</wf>
         <wf lemma="il" pos="X">i</wf>
         <wf lemma="suo" pos="X">suoi</wf>
         <instance id="d000.s133.t008" lemma="giocatore" pos="NOUN">giocatori</instance>
         <wf lemma="per" pos="X">per</wf>
         <instance id="d000.s133.t009" lemma="atto" pos="NOUN">atti</instance>
         <wf lemma="analogo" pos="ADJ">analoghi</wf>
         <wf lemma=")" pos="X">)</wf>
         <wf lemma="e" pos="X">e</wf>
         <wf lemma="dal" pos="X">dalla</wf>
         <wf lemma="drammatizzazione" pos="NOUN">drammatizzazione</wf>
         <wf lemma="," pos="X">,</wf>
         <wf lemma="orchestrare" pos="VERB">orchestrata</wf>
         <wf lemma="a" pos="X">a</wf>
         <wf lemma="quanto" pos="X">quanto</wf>
         <wf lemma="parere" pos="VERB">pare</wf>
         <wf lemma="da" pos="X">da</wf>
         <wf lemma="Mourinho" pos="NOUN">Mourinho</wf>
         <wf lemma="," pos="X">,</wf>
         <wf lemma="che" pos="X">che</wf>
         <wf lemma="andare" pos="VERB">va</wf>
         <wf lemma="ad" pos="X">ad</wf>
         <wf lemma="aggiungere" pos="VERB">aggiungersi</wf>
         <wf lemma="al" pos="X">alla</wf>
         <wf lemma="suo" pos="X">sua</wf>
         <wf lemma="ampio" pos="ADJ">ampia</wf>
         <instance id="d000.s133.t010" lemma="storia" pos="NOUN">storia</instance>
         <wf lemma="di" pos="X">di</wf>
         <wf lemma="tecnico" pos="NOUN">tecnico</wf>
         <wf lemma="istrionico" pos="ADJ">istrionico</wf>
         <wf lemma="e" pos="X">e</wf>
         <wf lemma="provocatorio" pos="ADJ">provocatorio</wf>
         <wf lemma="." pos="X">.</wf>
      </sentence>
      <sentence id="d000.s134" source="semeval2015-it">
         <wf pos="X">Se</wf>
         <instance id="d000.s134.t000" lemma="volere" pos="VERB">vuoi</instance>
         <instance id="d000.s134.t001" lemma="usare" pos="VERB">usare</instance>
         <wf pos="X">una</wf>
         <instance id="d000.s134.t002" lemma="tipico" pos="ADJ">tipica</instance>
         <instance id="d000.s134.t003" lemma="funzione" pos="NOUN">funzione</instance>
         <wf lemma="f(x)" pos="NOUN">f(x)</wf>
         <wf pos="X">non</wf>
         <wf lemma="essere" pos="VERB">è</wf>
         <instance id="d000.s134.t004" lemma="necessario" pos="ADJ">necessario</instance>
         <instance id="d000.s134.t005" lemma="specificare" pos="VERB">specificarla</instance>
         <wf pos="X">.</wf>
      </sentence>
      <sentence id="d000.s135" source="semeval2015-it">
         <wf lemma="generare" pos="VERB">Genera</wf>
         <instance id="d000.s135.t000" lemma="file_di_testo" pos="NOUN">file_di_testo</instance>
         <wf lemma="semplice" pos="ADJ">semplice</wf>
         <wf pos="X">,</wf>
         <wf pos="X">quindi</wf>
         <wf lemma="essere" pos="VERB">è</wf>
         <wf lemma="possibile" pos="ADJ">possibile</wf>
         <wf lemma="modificare" pos="VERB">modificarli</wf>
         <wf lemma="usare" pos="VERB">usando</wf>
         <wf pos="X">un</wf>
         <wf lemma="qualsiasi" pos="ADJ">qualsiasi</wf>
         <instance id="d000.s135.t001" lemma="editor_di_testo" pos="NOUN">editor_di_testo</instance>
         <wf pos="X">(</wf>
         <wf pos="X">come</wf>
         <wf lemma="kate" pos="NOUN">Kate</wf>
         <wf pos="X">)</wf>
         <wf pos="X">.</wf>
      </sentence>
      <sentence id="d000.s136" source="semeval2013-it">
         <wf lemma="wall_street" pos="NOUN">Wall_Street</wf>
         <wf lemma="chiudere" pos="VERB">chiude</wf>
         <wf lemma="senza" pos="X">senza</wf>
         <wf lemma="slancio" pos="NOUN">slancio</wf>
         <wf lemma="," pos="X">,</wf>
         <wf lemma="rallentare" pos="VERB">rallentata</wf>
         <wf lemma="da" pos="X">da</wf>
         <wf lemma="un" pos="X">un</wf>
         <instance id="d000.s136.t000" lemma="dollaro" pos="NOUN">dollaro</instance>
         <wf lemma="in" pos="X">in</wf>
         <instance id="d000.s136.t001" lemma="ripresa" pos="NOUN">ripresa</instance>
         <wf lemma="." pos="X">.</wf>
      </sentence>
      <sentence id="d000.s137" source="semeval2013-it">
         <wf lemma="il" pos="X">Il</wf>
         <wf lemma="secondo" pos="ADJ">secondo</wf>
         <wf lemma="essere" pos="VERB">è</wf>
         <wf lemma="il" pos="X">la</wf>
         <instance id="d000.s137.t000" lemma="stabilità" pos="NOUN">stabilità</instance>
         <wf lemma="crescente" pos="ADJ">crescente</wf>
         <wf lemma="di" pos="X">di</wf>
         <instance id="d000.s137.t001" lemma="atteggiamento" pos="NOUN">atteggiamenti</instance>
         <wf lemma="verso" pos="X">verso</wf>
         <wf lemma="il" pos="X">la</wf>
         <instance id="d000.s137.t002" lemma="democrazia" pos="NOUN">democrazia</instance>
         <wf lemma="e" pos="X">e</wf>
         <wf lemma="il" pos="X">le</wf>
         <wf lemma="suo" pos="X">sue</wf>
         <instance id="d000.s137.t003" lemma="istituzione" pos="NOUN">istituzioni</instance>
         <wf lemma="fondamentale" pos="ADJ">fondamentali</wf>
         <wf lemma="." pos="X">.</wf>
      </sentence>
      <sentence id="d000.s138" source="semeval2013-it">
         <wf lemma="il" pos="X">Il</wf>
         <instance id="d000.s138.t000" lemma="minimo" pos="NOUN">minimo</instance>
         <wf lemma="." pos="X">.</wf>
      </sentence>
      <sentence id="d000.s139" source="semeval2013-it">
         <wf lemma="come" pos="X">Come</wf>
         <wf lemma="tutto" pos="X">tutti</wf>
         <wf lemma="sapere" pos="VERB">sappiamo</wf>
         <wf lemma="," pos="X">,</wf>
         <wf lemma="poco" pos="ADJ">pochi</wf>
         <instance id="d000.s139.t000" lemma="minuto" pos="NOUN">minuti</instance>
         <wf lemma="prima" pos="ADV">prima</wf>
         <wf lemma="del" pos="X">della</wf>
         <instance id="d000.s139.t001" lemma="fine" pos="NOUN">fine</instance>
         <wf lemma="del" pos="X">della</wf>
         <wf lemma="partita" pos="NOUN">partita</wf>
         <wf lemma="(" pos="X">(</wf>
         <wf lemma="che" pos="X">che</wf>
         <wf lemma="il" pos="X">la</wf>
         <wf lemma="loro" pos="X">loro</wf>
         <instance id="d000.s139.t002" lemma="squadra" pos="NOUN">squadra</instance>
         <wf lemma="avere" pos="VERB">aveva</wf>
         <wf lemma="già" pos="ADV">già</wf>
         <wf lemma="vincere" pos="VERB">vinto</wf>
         <wf lemma=")" pos="X">)</wf>
         <wf lemma="," pos="X">,</wf>
         <wf lemma="entrambi" pos="ADJ">entrambi</wf>
         <wf lemma="il" pos="X">i</wf>
         <instance id="d000.s139.t003" lemma="giocatore" pos="NOUN">giocatori</instance>
         <wf lemma="avere" pos="VERB">hanno</wf>
         <wf lemma="deliberatamente" pos="ADV">deliberatamente</wf>
         <wf lemma="perdere" pos="VERB">perso</wf>
         <instance id="d000.s139.t004" lemma="tempo" pos="NOUN">tempo</instance>
         <wf lemma="costringere" pos="VERB">costringendo</wf>
         <wf lemma="il" pos="X">l'</wf>
         <instance id="d000.s139.t005" lemma="arbitro" pos="NOUN">arbitro</instance>
         <wf lemma="a" pos="X">a</wf>
         <wf lemma="mostrare" pos="VERB">mostrare</wf>
         <wf lemma="il" pos="X">il</wf>
         <wf lemma="secondo" pos="ADJ">secondo</wf>
         <wf lemma="cartellino" pos="NOUN">cartellino</wf>
         <wf lemma="giallo" pos="ADJ">giallo</wf>
         <wf lemma="per" pos="X">per</wf>
         <wf lemma="entrambi" pos="ADJ">entrambi</wf>
         <wf lemma="." pos="X">.</wf>
      </sentence>
      <sentence id="d000.s140" source="semeval2013-it">
         <wf lemma="il" pos="X">Il</wf>
         <instance id="d000.s140.t000" lemma="valore" pos="NOUN">valore</instance>
         <wf lemma="del" pos="X">dei</wf>
         <wf lemma="titolo" pos="NOUN">titoli</wf>
         <wf lemma="essere" pos="VERB">è</wf>
         <wf lemma="scendere" pos="VERB">sceso</wf>
         <wf lemma="drasticamente" pos="ADV">drasticamente</wf>
         <wf lemma="durante" pos="X">durante</wf>
         <wf lemma="il" pos="X">la</wf>
         <wf lemma="crisi_finanziaria" pos="NOUN">crisi_finanziaria</wf>
         <wf lemma="e" pos="X">e</wf>
         <wf lemma="avere" pos="VERB">ha</wf>
         <wf lemma="abbattere" pos="VERB">abbattuto</wf>
         <wf lemma="il" pos="X">le</wf>
         <instance id="d000.s140.t001" lemma="cooperativa_di_credito" pos="NOUN">cooperative_di_credito</instance>
         <wf lemma="." pos="X">.</wf>
      </sentence>
      <sentence id="d000.s141" source="semeval2010-it">
         <wf lemma="La" pos="X">La</wf>
         <wf lemma="rete" pos="X">rete</wf>
         <wf lemma="ambientale" pos="X">ambientale</wf>
         <wf lemma="è" pos="X">è</wf>
         <wf lemma="stata" pos="X">stata</wf>
         <wf lemma="definita" pos="X">definita</wf>
         <wf lemma="sulla" pos="X">sulla</wf>
         <wf lemma="base" pos="X">base</wf>
         <wf lemma="di" pos="X">di</wf>
         <instance id="d000.s141.t000" lemma="elemento" pos="NOUN">elementi</instance>
         <wf lemma="già" pos="X">già</wf>
         <wf lemma="riconosciuti" pos="X">riconosciuti</wf>
         <wf lemma="da" pos="X">da</wf>
         <wf lemma="precedenti" pos="X">precedenti</wf>
         <wf lemma="studi" pos="X">studi</wf>
         <wf lemma="di" pos="X">di</wf>
         <wf lemma="livello" pos="X">livello</wf>
         <wf lemma="regionale" pos="X">regionale</wf>
         <wf lemma="e" pos="X">e</wf>
         <wf lemma="recepiti" pos="X">recepiti</wf>
         <wf lemma="da" pos="X">da</wf>
         <wf lemma="differenti" pos="X">differenti</wf>
         <wf lemma="strumenti" pos="X">strumenti</wf>
         <wf lemma="normativi" pos="X">normativi</wf>
         <wf lemma="di" pos="X">di</wf>
         <instance id="d000.s141.t001" lemma="tutela" pos="NOUN">tutela</instance>
         <wf lemma="ambientale" pos="X">ambientale</wf>
         <wf lemma="." pos="X">.</wf>
      </sentence>
      <sentence id="d000.s142" source="semeval2013-it">
         <wf lemma="vedere" pos="VERB">Vediamo</wf>
         <wf lemma="che" pos="X">che</wf>
         <wf lemma="il" pos="X">il</wf>
         <instance id="d000.s142.t000" lemma="giocatore" pos="NOUN">giocatore</instance>
         <wf lemma="più" pos="ADV">più</wf>
         <wf lemma="esperto" pos="ADJ">esperto</wf>
         <wf lemma="del" pos="X">della</wf>
         <instance id="d000.s142.t001" lemma="selezione" pos="NOUN">selezione</instance>
         <wf lemma="spagnolo" pos="ADJ">spagnola</wf>
         <wf lemma="essere" pos="VERB">è</wf>
         <wf lemma="il" pos="X">il</wf>
         <instance id="d000.s142.t002" lemma="portiere" pos="NOUN">portiere</instance>
         <wf lemma="iker_casillas" pos="NOUN">Iker_Casillas</wf>
         <wf lemma="," pos="X">,</wf>
         <wf lemma="che" pos="X">che</wf>
         <instance id="d000.s142.t003" lemma="sabato" pos="NOUN">sabato</instance>
         <wf lemma="scorso" pos="ADJ">scorso</wf>
         <wf lemma="contro" pos="X">contro</wf>
         <wf lemma="il" pos="X">l'</wf>
         <wf lemma="Inghilterra" pos="NOUN">Inghilterra</wf>
         <wf lemma="(" pos="X">(</wf>
         <wf lemma="partita" pos="NOUN">partita</wf>
         <wf lemma="perso" pos="ADJ">persa</wf>
         <wf lemma="per" pos="X">per</wf>
         <wf lemma="@card@" pos="NOUN">0-1</wf>
         <wf lemma="a" pos="X">a</wf>
         <instance id="d000.s142.t004" lemma="Londra" pos="NOUN">Londra</instance>
         <wf lemma=")" pos="X">)</wf>
         <wf lemma="avere" pos="VERB">ha</wf>
         <wf lemma="eguagliare" pos="VERB">eguagliato</wf>
         <wf lemma="il" pos="X">il</wf>
         <instance id="d000.s142.t005" lemma="record" pos="NOUN">record</instance>
         <wf lemma="del" pos="X">dell'</wf>
         <wf lemma="ex" pos="ADJ">ex</wf>
         <instance id="d000.s142.t006" lemma="portiere" pos="NOUN">portiere</instance>
         <wf lemma="andoni_zubizarreta" pos="NOUN">Andoni_Zubizarreta</wf>
         <wf lemma="," pos="X">,</wf>
         <wf lemma="con" pos="X">con</wf>
         <wf lemma="@card@" pos="NOUN">126</wf>
         <wf lemma="partita" pos="NOUN">partite</wf>
         <wf lemma="internazionale" pos="ADJ">internazionali</wf>
         <wf lemma="." pos="X">.</wf>
      </sentence>
      <sentence id="d000.s143" source="semeval2013-it">
         <wf lemma="nel" pos="X">Nell'</wf>
         <wf lemma="accordo" pos="NOUN">accordo</wf>
         <wf lemma="," pos="X">,</wf>
         <wf lemma="il" pos="X">la</wf>
         <instance id="d000.s143.t000" lemma="banca" pos="NOUN">banca</instance>
         <wf lemma="non" pos="ADV">non</wf>
         <wf lemma="avere" pos="VERB">ha</wf>
         <wf lemma="ammettere" pos="VERB">ammesso</wf>
         <wf lemma="il" pos="X">l'</wf>
         <instance id="d000.s143.t001" lemma="esistenza" pos="NOUN">esistenza</instance>
         <wf lemma="di" pos="X">di</wf>
         <wf lemma="irregolarità" pos="NOUN">irregolarità</wf>
         <wf lemma="." pos="X">.</wf>
      </sentence>
      <sentence id="d000.s144" source="semeval2013-it">
         <wf lemma="il" pos="X">Il</wf>
         <instance id="d000.s144.t000" lemma="presidente" pos="NOUN">presidente</instance>
         <wf lemma="del" pos="X">della</wf>
         <wf lemma="NCUA" pos="NOUN">NCUA</wf>
         <wf lemma="," pos="X">,</wf>
         <wf lemma="Debbie" pos="NOUN">Debbie</wf>
         <wf lemma="Matz" pos="NOUN">Matz</wf>
         <wf lemma="," pos="X">,</wf>
         <wf lemma="avere" pos="VERB">ha</wf>
         <wf lemma="accogliere" pos="VERB">accolto</wf>
         <wf lemma="con" pos="X">con</wf>
         <wf lemma="favore" pos="NOUN">favore</wf>
         <wf lemma="il" pos="X">la</wf>
         <instance id="d000.s144.t001" lemma="capacità" pos="NOUN">capacità</instance>
         <wf lemma="di" pos="X">di</wf>
         <wf lemma="reagire" pos="VERB">reagire</wf>
         <wf lemma="del" pos="X">delle</wf>
         <wf lemma="due" pos="ADJ">due</wf>
         <instance id="d000.s144.t002" lemma="banca" pos="NOUN">banche</instance>
         <wf lemma="." pos="X">.</wf>
      </sentence>
      <sentence id="d000.s145" source="semeval2013-it">
         <wf lemma="circa" pos="ADV">Circa</wf>
         <wf lemma="il" pos="X">il</wf>
         <wf lemma="@card@" pos="NOUN">58</wf>
         <wf lemma="%" pos="X">%</wf>
         <wf lemma="essere" pos="VERB">è</wf>
         <wf lemma="d'" pos="X">d'</wf>
         <instance id="d000.s145.t000" lemma="accordo" pos="NOUN">accordo</instance>
         <wf lemma="che" pos="X">che</wf>
         <wf lemma="il" pos="X">l'</wf>
         <instance id="d000.s145.t001" lemma="economia_di_mercato" pos="NOUN">economia_di_mercato</instance>
         <wf lemma="essere" pos="VERB">è</wf>
         <wf lemma="il" pos="X">l'</wf>
         <wf lemma="unico" pos="ADJ">unico</wf>
         <instance id="d000.s145.t002" lemma="sistema" pos="NOUN">sistema</instance>
         <wf lemma="che" pos="X">che</wf>
         <wf lemma="rendere" pos="VERB">renderà</wf>
         <wf lemma="il" pos="X">il</wf>
         <wf lemma="loro" pos="X">loro</wf>
         <instance id="d000.s145.t003" lemma="paese" pos="NOUN">paese</instance>
         <wf lemma="sviluppato" pos="ADJ">sviluppato</wf>
         <wf lemma="," pos="X">,</wf>
         <wf lemma="un" pos="X">un</wf>
         <instance id="d000.s145.t004" lemma="valore" pos="NOUN">valore</instance>
         <wf lemma="più" pos="ADV">più</wf>
         <wf lemma="alto" pos="ADJ">alto</wf>
         <wf lemma="rispetto" pos="ADV">rispetto</wf>
         <wf lemma="al" pos="X">al</wf>
         <wf lemma="@card@" pos="NOUN">47</wf>
         <wf lemma="%" pos="X">%</wf>
         <wf lemma="del" pos="X">dello</wf>
         <wf lemma="scorso" pos="ADJ">scorso</wf>
         <instance id="d000.s145.t005" lemma="anno" pos="NOUN">anno</instance>
         <wf lemma="." pos="X">.</wf>
      </sentence>
      <sentence id="d000.s146" source="semeval2013-it">
         <wf lemma="Artur" pos="NOUN">Artur</wf>
         <wf lemma="Runge-Metzger" pos="NOUN">Runge-Metzger</wf>
         <wf lemma="," pos="X">,</wf>
         <wf lemma="che" pos="X">che</wf>
         <wf lemma="dirigere" pos="VERB">dirige</wf>
         <wf lemma="il" pos="X">le</wf>
         <instance id="d000.s146.t000" lemma="negoziazione" pos="NOUN">negoziazioni</instance>
         <wf lemma="internazionale" pos="ADJ">internazionali</wf>
         <wf lemma="sul" pos="X">sul</wf>
         <instance id="d000.s146.t001" lemma="clima" pos="NOUN">clima</instance>
         <wf lemma="per" pos="X">per</wf>
         <wf lemma="conto" pos="NOUN">conto</wf>
         <wf lemma="del" pos="X">della</wf>
         <wf lemma="commissione_europea" pos="NOUN">Commissione_Europea</wf>
         <wf lemma="," pos="X">,</wf>
         <wf lemma="avere" pos="VERB">ha</wf>
         <wf lemma="dire" pos="VERB">detto</wf>
         <wf lemma="che" pos="X">che</wf>
         <wf lemma="il" pos="X">la</wf>
         <wf lemma="spinta" pos="NOUN">spinta</wf>
         <wf lemma="del" pos="X">delle</wf>
         <instance id="d000.s146.t002" lemma="nazione" pos="NOUN">nazioni</instance>
         <wf lemma="del" pos="X">delle</wf>
         <wf lemma="piccolo" pos="ADJ">piccole</wf>
         <wf lemma="isola" pos="NOUN">isole</wf>
         <wf lemma="avere" pos="VERB">ha</wf>
         <wf lemma="&quot;" pos="X">&quot;</wf>
         <wf lemma="&quot;" pos="X">&quot;</wf>
         <wf lemma="fare" pos="VERB">fatto</wf>
         <instance id="d000.s146.t003" lemma="pressione" pos="NOUN">pressioni</instance>
         <wf lemma="politico" pos="ADJ">politiche</wf>
         <wf lemma="sul" pos="X">sull'</wf>
         <wf lemma="intero" pos="ADJ">intero</wf>
         <instance id="d000.s146.t004" lemma="processo" pos="NOUN">processo</instance>
         <wf lemma="politico" pos="ADJ">politico</wf>
         <wf lemma="&quot;" pos="X">&quot;</wf>
         <wf lemma="&quot;" pos="X">&quot;</wf>
         <wf lemma="," pos="X">,</wf>
         <wf lemma="in" pos="X">in</wf>
         <instance id="d000.s146.t005" lemma="parte" pos="NOUN">parte</instance>
         <wf lemma="perchè" pos="X">perchè</wf>
         <wf lemma="adesso" pos="ADV">adesso</wf>
         <wf lemma="essere|sonare" pos="VERB">sono</wf>
         <wf lemma="unificare" pos="VERB">unificati</wf>
         <wf lemma="e" pos="X">e</wf>
         <wf lemma="richiedere" pos="VERB">richiedono</wf>
         <wf lemma="intervento" pos="NOUN">intervento</wf>
         <wf lemma="da" pos="X">da</wf>
         <instance id="d000.s146.t006" lemma="parte" pos="NOUN">parte</instance>
         <wf lemma="del" pos="X">dei</wf>
         <wf lemma="paese_emergente" pos="NOUN">paesi_emergenti</wf>
         <wf lemma="quale" pos="X">quali</wf>
         <instance id="d000.s146.t007" lemma="Cina" pos="NOUN">Cina</instance>
         <wf lemma="e" pos="X">e</wf>
         <instance id="d000.s146.t008" lemma="india" pos="NOUN">India</instance>
         <wf lemma="." pos="X">.</wf>
      </sentence>
      <sentence id="d000.s147" source="semeval2013-it">
         <wf lemma="il" pos="X">L'</wf>
         <instance id="d000.s147.t000" lemma="avvocato" pos="NOUN">avvocato</instance>
         <wf lemma="che" pos="X">che</wf>
         <wf lemma="davanti" pos="X">davanti</wf>
         <wf lemma="al" pos="X">al</wf>
         <instance id="d000.s147.t001" lemma="giudice" pos="NOUN">giudice</instance>
         <wf lemma="sostenere" pos="VERB">sosterrà</wf>
         <wf lemma="che" pos="X">che</wf>
         <wf lemma="il" pos="X">la</wf>
         <instance id="d000.s147.t002" lemma="legge" pos="NOUN">legge</instance>
         <wf lemma="dovere" pos="VERB">deve</wf>
         <wf lemma="essere" pos="VERB">essere</wf>
         <wf lemma="gettare" pos="VERB">gettata</wf>
         <wf lemma="via" pos="ADV">via</wf>
         <wf lemma="essere" pos="VERB">è</wf>
         <wf lemma="probabile" pos="ADJ">probabile</wf>
         <wf lemma="che" pos="X">che</wf>
         <wf lemma="essere" pos="VERB">sarà</wf>
         <wf lemma="Paul" pos="NOUN">Paul</wf>
         <wf lemma="Clement" pos="NOUN">Clement</wf>
         <wf lemma="," pos="X">,</wf>
         <wf lemma="che" pos="X">che</wf>
         <wf lemma="avere" pos="VERB">ha</wf>
         <wf lemma="assumere" pos="VERB">assunto</wf>
         <wf lemma="il" pos="X">la</wf>
         <wf lemma="carica" pos="NOUN">carica</wf>
         <wf lemma="di" pos="X">di</wf>
         <instance id="d000.s147.t003" lemma="procuratore" pos="NOUN">procuratore</instance>
         <wf lemma="generale" pos="ADJ">generale</wf>
         <wf lemma="del" pos="X">degli</wf>
         <instance id="d000.s147.t004" lemma="stati_uniti" pos="NOUN">Stati_Uniti</instance>
         <wf lemma="durante" pos="X">durante</wf>
         <wf lemma="il" pos="X">la</wf>
         <instance id="d000.s147.t005" lemma="presidenza" pos="NOUN">presidenza</instance>
         <wf lemma="di" pos="X">di</wf>
         <instance id="d000.s147.t006" lemma="george_w._bush" pos="NOUN">George_W._Bush</instance>
         <wf lemma="." pos="X">.</wf>
      </sentence>
      <sentence id="d000.s148" source="semeval2013-it">
         <wf lemma="due" pos="ADJ">Due</wf>
         <instance id="d000.s148.t000" lemma="cosa" pos="NOUN">cose</instance>
         <wf lemma="correlare" pos="VERB">correlate</wf>
         <wf lemma="spiccare" pos="VERB">spiccano</wf>
         <wf lemma="nel" pos="X">nei</wf>
         <instance id="d000.s148.t001" lemma="risultato" pos="NOUN">risultati</instance>
         <wf lemma="del" pos="X">del</wf>
         <instance id="d000.s148.t002" lemma="sondaggio" pos="NOUN">sondaggio</instance>
         <wf lemma="di" pos="X">di</wf>
         <wf lemma="quest'" pos="X">quest'</wf>
         <instance id="d000.s148.t003" lemma="anno" pos="NOUN">anno</instance>
         <wf lemma="," pos="X">,</wf>
         <wf lemma="effettuare" pos="VERB">effettuato</wf>
         <wf lemma="a" pos="X">a</wf>
         <instance id="d000.s148.t004" lemma="settembre" pos="NOUN">settembre</instance>
         <wf lemma="e" pos="X">e</wf>
         <wf lemma="al" pos="X">all'</wf>
         <instance id="d000.s148.t005" lemma="inizio" pos="NOUN">inizio</instance>
         <wf lemma="di" pos="X">di</wf>
         <instance id="d000.s148.t006" lemma="ottobre" pos="NOUN">ottobre</instance>
         <wf lemma="." pos="X">.</wf>
      </sentence>
      <sentence id="d000.s149" source="semeval2015-it">
         <wf lemma="cerenia" pos="NOUN">Cerenia</wf>
         <instance id="d000.s149.t000" lemma="bloccare" pos="VERB">blocca</instance>
         <wf pos="X">un</wf>
         <instance id="d000.s149.t001" lemma="recettore" pos="NOUN">recettore</instance>
         <wf pos="X">della</wf>
         <wf lemma="neurochinina" pos="NOUN">neurochinina</wf>
         <wf pos="X">(</wf>
         <wf lemma="nk1" pos="NOUN">NK1</wf>
         <wf pos="X">)</wf>
         <wf pos="X">che</wf>
         <instance id="d000.s149.t002" lemma="agire" pos="VERB">agisce</instance>
         <wf pos="X">a</wf>
         <instance id="d000.s149.t003" lemma="livello" pos="NOUN">livello</instance>
         <wf pos="X">del</wf>
         <instance id="d000.s149.t004" lemma="sistema" pos="NOUN">sistema</instance>
         <instance id="d000.s149.t005" lemma="nervoso" pos="ADJ">nervoso</instance>
         <instance id="d000.s149.t006" lemma="centrale" pos="ADJ">centrale</instance>
         <wf pos="X">.</wf>
      </sentence>
      <sentence id="d000.s150" source="semeval2010-it">
         <wf lemma="Jensen" pos="X">Jensen</wf>
         <wf lemma="et" pos="X">et</wf>
         <wf lemma="al." pos="X">al.</wf>
         <wf lemma="," pos="X">,</wf>
         <wf lemma="1992" pos="X">1992</wf>
         <wf lemma="," pos="X">,</wf>
         <wf lemma="ha" pos="X">ha</wf>
         <wf lemma="individuato" pos="X">individuato</wf>
         <wf lemma="in" pos="X">in</wf>
         <wf lemma="una" pos="X">una</wf>
         <wf lemma="vasta" pos="X">vasta</wf>
         <wf lemma="area" pos="X">area</wf>
         <wf lemma="del" pos="X">del</wf>
         <instance id="d000.s150.t000" lemma="fondale" pos="NOUN">fondale</instance>
         <wf lemma="marino" pos="X">marino</wf>
         <wf lemma="poco" pos="X">poco</wf>
         <wf lemma="profondo" pos="X">profondo</wf>
         <wf lemma="della" pos="X">della</wf>
         <wf lemma="parte" pos="X">parte</wf>
         <wf lemma="settentrionale" pos="X">settentrionale</wf>
         <wf lemma="del" pos="X">del</wf>
         <wf lemma="Kattegat" pos="X">Kattegat</wf>
         <wf lemma="(" pos="X">(</wf>
         <wf lemma="a" pos="X">a</wf>
         <wf lemma="breve" pos="X">breve</wf>
         <wf lemma="distanza" pos="X">distanza</wf>
         <wf lemma="dalla" pos="X">dalla</wf>
         <instance id="d000.s150.t001" lemma="costa" pos="NOUN">costa</instance>
         <wf lemma="danese" pos="X">danese</wf>
         <wf lemma="numerosi" pos="X">numerosi</wf>
         <instance id="d000.s150.t002" lemma="affioramento" pos="NOUN">affioramenti</instance>
         <wf lemma="che" pos="X">che</wf>
         <wf lemma="vengono" pos="X">vengono</wf>
         <wf lemma="denominati" pos="X">denominati</wf>
         <wf lemma="''" pos="X">''</wf>
         <wf lemma="bubbling" pos="X">bubbling</wf>
         <wf lemma="reef" pos="X">reef</wf>
         <wf lemma="''" pos="X">''</wf>
         <wf lemma="." pos="X">.</wf>
      </sentence>
      <sentence id="d000.s151" source="semeval2013-it">
         <wf lemma="come" pos="X">Come</wf>
         <wf lemma="il" pos="X">gli</wf>
         <instance id="d000.s151.t000" lemma="economista" pos="NOUN">economisti</instance>
         <wf lemma="Ian" pos="NOUN">Ian</wf>
         <wf lemma="Goldin" pos="NOUN">Goldin</wf>
         <wf lemma="e" pos="X">e</wf>
         <wf lemma="Geoffrey" pos="NOUN">Geoffrey</wf>
         <wf lemma="Cameron" pos="NOUN">Cameron</wf>
         <wf lemma="," pos="X">,</wf>
         <wf lemma="ci" pos="X">ci</wf>
         <wf lemma="ricordare" pos="VERB">ricordano</wf>
         <wf lemma="in" pos="X">in</wf>
         <wf lemma="un" pos="X">un</wf>
         <wf lemma="recente" pos="ADJ">recente</wf>
         <instance id="d000.s151.t001" lemma="libro" pos="NOUN">libro</instance>
         <wf lemma="che" pos="X">che</wf>
         <wf lemma="riassumere" pos="VERB">riassume</wf>
         <wf lemma="il" pos="X">la</wf>
         <instance id="d000.s151.t002" lemma="conoscenza" pos="NOUN">conoscenza</instance>
         <wf lemma="più" pos="ADV">più</wf>
         <wf lemma="recente" pos="ADJ">recente</wf>
         <wf lemma="a" pos="X">a</wf>
         <wf lemma="riguardo" pos="NOUN">riguardo</wf>
         <wf lemma="del" pos="X">dell'</wf>
         <instance id="d000.s151.t003" lemma="immigrazione" pos="NOUN">immigrazione</instance>
         <wf lemma="(" pos="X">(</wf>
         <instance id="d000.s151.t004" lemma="persona" pos="NOUN">persone</instance>
         <wf lemma="eccezionale" pos="ADJ">eccezionali</wf>
         <wf lemma=":" pos="X">:</wf>
         <wf lemma="come" pos="X">come</wf>
         <wf lemma="il" pos="X">la</wf>
         <instance id="d000.s151.t005" lemma="migrazione" pos="NOUN">migrazione</instance>
         <wf lemma="avere" pos="VERB">ha</wf>
         <wf lemma="definire" pos="VERB">definito</wf>
         <wf lemma="il" pos="X">il</wf>
         <wf lemma="nostro" pos="X">nostro</wf>
         <instance id="d000.s151.t006" lemma="mondo" pos="NOUN">mondo</instance>
         <wf lemma="e" pos="X">e</wf>
         <wf lemma="definire" pos="VERB">definirà</wf>
         <wf lemma="il" pos="X">il</wf>
         <wf lemma="nostro" pos="X">nostro</wf>
         <instance id="d000.s151.t007" lemma="futuro" pos="NOUN">futuro</instance>
         <wf lemma="," pos="X">,</wf>
         <instance id="d000.s151.t008" lemma="maggio" pos="NOUN">maggio</instance>
         <wf lemma="@card@" pos="NOUN">2011</wf>
         <wf lemma="," pos="X">,</wf>
         <instance id="d000.s151.t009" lemma="princeton_university" pos="NOUN">Princeton_University</instance>
         <wf lemma="Press" pos="NOUN">Press</wf>
         <wf lemma="," pos="X">,</wf>
         <wf lemma="@card@" pos="NOUN">352</wf>
         <wf lemma="pp" pos="NOUN">pp</wf>
         <wf lemma=")" pos="X">)</wf>
         <wf lemma="," pos="X">,</wf>
         <wf lemma="c'" pos="X">c'</wf>
         <wf lemma="essere" pos="VERB">è</wf>
         <wf lemma="un" pos="X">un</wf>
         <wf lemma="ampio" pos="ADJ">ampio</wf>
         <instance id="d000.s151.t010" lemma="consenso" pos="NOUN">consenso</instance>
         <wf lemma="tra" pos="X">tra</wf>
         <wf lemma="il" pos="X">gli</wf>
         <instance id="d000.s151.t011" lemma="specialista" pos="NOUN">specialisti</instance>
         <wf lemma="sul" pos="X">sull'</wf>
         <instance id="d000.s151.t012" lemma="impatto" pos="NOUN">impatto</instance>
         <wf lemma="positivo" pos="ADJ">positivo</wf>
         <wf lemma="del" pos="X">dei</wf>
         <wf lemma="flusso" pos="NOUN">flussi</wf>
         <wf lemma="migratorio" pos="ADJ">migratori</wf>
         <wf lemma="sul" pos="X">sulla</wf>
         <instance id="d000.s151.t013" lemma="crescita_economica" pos="NOUN">crescita_economica</instance>
         <wf lemma="," pos="X">,</wf>
         <wf lemma="il" pos="X">i</wf>
         <instance id="d000.s151.t014" lemma="salario" pos="NOUN">salari</instance>
         <wf lemma="e" pos="X">e</wf>
         <wf lemma="il" pos="X">l'</wf>
         <instance id="d000.s151.t015" lemma="occupazione" pos="NOUN">occupazione</instance>
         <wf lemma="nel" pos="X">nei</wf>
         <instance id="d000.s151.t016" lemma="paese" pos="NOUN">paesi</instance>
         <wf lemma="che" pos="X">che</wf>
         <wf lemma="ammettere" pos="VERB">ammettono</wf>
         <wf lemma="il" pos="X">gli</wf>
         <instance id="d000.s151.t017" lemma="immigrato" pos="NOUN">immigrati</instance>
         <wf lemma="." pos="X">.</wf>
      </sentence>
      <sentence id="d000.s152" source="semeval2013-it">
         <wf lemma="ma" pos="X">Ma</wf>
         <wf lemma="essere" pos="VERB">è</wf>
         <wf lemma="essere|stare" pos="VERB">stato</wf>
         <wf lemma="vedere" pos="VERB">visto</wf>
         <wf lemma="come" pos="X">come</wf>
         <wf lemma="un" pos="X">un</wf>
         <wf lemma="avanzamento" pos="NOUN">avanzamento</wf>
         <wf lemma="importante" pos="ADJ">importante</wf>
         <wf lemma="per" pos="X">per</wf>
         <wf lemma="una" pos="X">una</wf>
         <instance id="d000.s152.t000" lemma="negoziazione" pos="NOUN">negoziazione</instance>
         <wf lemma="ormai" pos="ADV">ormai</wf>
         <wf lemma="prossimo" pos="ADJ">prossima</wf>
         <wf lemma="al" pos="X">alla</wf>
         <wf lemma="scadenza" pos="NOUN">scadenza</wf>
         <wf lemma="," pos="X">,</wf>
         <wf lemma="con" pos="X">con</wf>
         <wf lemma="più" pos="ADV">più</wf>
         <wf lemma="di" pos="X">di</wf>
         <wf lemma="@card@" pos="NOUN">100</wf>
         <instance id="d000.s152.t001" lemma="leader" pos="NOUN">leader</instance>
         <wf lemma="mondiale" pos="ADJ">mondiali</wf>
         <wf lemma="in" pos="X">in</wf>
         <wf lemma="arrivo" pos="NOUN">arrivo</wf>
         <wf lemma="presso" pos="X">presso</wf>
         <instance id="d000.s152.t002" lemma="Copenhagen" pos="NOUN">Copenhagen</instance>
         <wf lemma="il" pos="X">la</wf>
         <wf lemma="prossimo" pos="ADJ">prossima</wf>
         <instance id="d000.s152.t003" lemma="settimana" pos="NOUN">settimana</instance>
         <wf lemma="." pos="X">.</wf>
      </sentence>
      <sentence id="d000.s153" source="semeval2015-it">
         <wf pos="X">Un</wf>
         <instance id="d000.s153.t000" lemma="buono" pos="ADJ">buon</instance>
         <instance id="d000.s153.t001" lemma="metodo" pos="NOUN">metodo</instance>
         <wf pos="X">per</wf>
         <instance id="d000.s153.t002" lemma="creare" pos="VERB">creare</instance>
         <wf pos="X">&quot;</wf>
         <instance id="d000.s153.t003" lemma="libreria" pos="NOUN">librerie</instance>
         <wf pos="X">&quot;</wf>
         <wf pos="X">o</wf>
         <instance id="d000.s153.t004" lemma="riprendere" pos="VERB">riprendere</instance>
         <wf pos="X">un</wf>
         <instance id="d000.s153.t005" lemma="lavoro" pos="NOUN">lavoro</instance>
         <instance id="d000.s153.t006" lemma="interrompere" pos="VERB">interrotto</instance>
         <wf pos="X">in</wf>
         <instance id="d000.s153.t007" lemma="precedenza" pos="NOUN">precedenza</instance>
         <wf pos="X">.</wf>
      </sentence>
      <sentence id="d000.s154" source="semeval2015-it">
         <wf lemma="avere" pos="VERB">Hanno</wf>
         <instance id="d000.s154.t000" lemma="partecipare" pos="VERB">partecipato</instance>
         <wf pos="X">oltre</wf>
         <wf pos="X">100</wf>
         <instance id="d000.s154.t001" lemma="esponente" pos="NOUN">esponenti</instance>
         <wf pos="X">delle</wf>
         <instance id="d000.s154.t002" lemma="principale" pos="ADJ">principali</instance>
         <instance id="d000.s154.t003" lemma="categoria" pos="NOUN">categorie</instance>
         <instance id="d000.s154.t004" lemma="interessato" pos="ADJ">interessate</instance>
         <wf pos="X">,</wf>
         <wf pos="X">i</wf>
         <wf pos="X">quali</wf>
         <wf lemma="avere" pos="VERB">hanno</wf>
         <instance id="d000.s154.t005" lemma="discutere" pos="VERB">discusso</instance>
         <wf pos="X">fra</wf>
         <wf pos="X">l'</wf>
         <wf lemma="altro" pos="NOUN">altro</wf>
         <wf pos="X">del</wf>
         <instance id="d000.s154.t006" lemma="ruolo" pos="NOUN">ruolo</instance>
         <wf pos="X">degli</wf>
         <instance id="d000.s154.t007" lemma="attore" pos="NOUN">attori</instance>
         <instance id="d000.s154.t008" lemma="chiave" pos="NOUN">chiave</instance>
         <wf lemma="quale" pos="ADV">quali</wf>
         <instance id="d000.s154.t009" lemma="pubblico" pos="ADJ">pubbliche</instance>
         <instance id="d000.s154.t010" lemma="autorità" pos="NOUN">autorità</instance>
         <wf pos="X">,</wf>
         <instance id="d000.s154.t011" lemma="parte" pos="NOUN">parti</instance>
         <instance id="d000.s154.t012" lemma="sociale" pos="ADJ">sociali</instance>
         <wf pos="X">,</wf>
         <instance id="d000.s154.t013" lemma="organizzazione" pos="NOUN">organizzazioni</instance>
         <wf pos="X">di</wf>
         <wf lemma="volontariato" pos="NOUN">volontariato</wf>
         <wf pos="X">e</wf>
         <wf lemma="locale" pos="NOUN">locali</wf>
         <wf pos="X">nonché</wf>
         <instance id="d000.s154.t014" lemma="utente" pos="NOUN">utenti</instance>
         <wf pos="X">dei</wf>
         <instance id="d000.s154.t015" lemma="servizio" pos="NOUN">servizi</instance>
         <wf pos="X">.</wf>
      </sentence>
      <sentence id="d000.s155" source="semeval2010-it">
         <wf lemma="Da" pos="X">Da</wf>
         <wf lemma="qui" pos="X">qui</wf>
         <wf lemma="il" pos="X">il</wf>
         <wf lemma="dibattito" pos="X">dibattito</wf>
         <wf lemma="sulla" pos="X">sulla</wf>
         <wf lemma="continuità" pos="X">continuità</wf>
         <wf lemma="ambientale" pos="X">ambientale</wf>
         <wf lemma="che" pos="X">che</wf>
         <wf lemma="si" pos="X">si</wf>
         <wf lemma="è" pos="X">è</wf>
         <wf lemma="tradotto" pos="X">tradotto</wf>
         <wf lemma="nello" pos="X">nello</wf>
         <instance id="d000.s155.t000" lemma="sviluppo" pos="NOUN">sviluppo</instance>
         <wf lemma="di" pos="X">di</wf>
         <wf lemma="un" pos="X">un</wf>
         <wf lemma="settore" pos="X">settore</wf>
         <wf lemma="specifico" pos="X">specifico</wf>
         <wf lemma="della" pos="X">della</wf>
         <instance id="d000.s155.t001" lemma="pianificazione" pos="NOUN">pianificazione</instance>
         <wf lemma="relativo" pos="X">relativo</wf>
         <wf lemma="alle" pos="X">alle</wf>
         <wf lemma="reti" pos="X">reti</wf>
         <wf lemma="ecologiche" pos="X">ecologiche</wf>
         <wf lemma="." pos="X">.</wf>
      </sentence>
      <sentence id="d000.s156" source="semeval2013-it">
         <wf lemma="il" pos="X">L'</wf>
         <wf lemma="inviato_speciale" pos="NOUN">inviato_speciale</wf>
         <wf lemma="americano" pos="ADJ">americano</wf>
         <wf lemma="sul" pos="X">sul</wf>
         <instance id="d000.s156.t000" lemma="clima" pos="NOUN">clima</instance>
         <wf lemma="Todd" pos="NOUN">Todd</wf>
         <wf lemma="Stern" pos="NOUN">Stern</wf>
         <wf lemma="avere" pos="VERB">ha</wf>
         <wf lemma="respingere" pos="VERB">respinto</wf>
         <wf lemma="il" pos="X">le</wf>
         <wf lemma="modifica" pos="NOUN">modifiche</wf>
         <wf lemma="al" pos="X">al</wf>
         <instance id="d000.s156.t001" lemma="testo" pos="NOUN">testo</instance>
         <wf lemma="del" pos="X">del</wf>
         <instance id="d000.s156.t002" lemma="disegno_di_legge" pos="NOUN">disegno_di_legge</instance>
         <wf lemma="che" pos="X">che</wf>
         <wf lemma="obbligare" pos="VERB">obbligavano</wf>
         <wf lemma="il" pos="X">i</wf>
         <wf lemma="paese_industrializzato" pos="NOUN">paesi_industrializzati</wf>
      </sentence>
      <sentence id="d000.s157" source="semeval2010-it">
         <wf lemma="Da" pos="X">Da</wf>
         <wf lemma="indagini" pos="X">indagini</wf>
         <wf lemma="recenti" pos="X">recenti</wf>
         <wf lemma="Caressa" pos="X">Caressa</wf>
         <wf lemma="et" pos="X">et</wf>
         <wf lemma="Gordini" pos="X">Gordini</wf>
         <wf lemma="et" pos="X">et</wf>
         <wf lemma="Gordini" pos="X">Gordini</wf>
         <wf lemma="et" pos="X">et</wf>
         <wf lemma="sono" pos="X">sono</wf>
         <wf lemma="stati" pos="X">stati</wf>
         <wf lemma="individuati" pos="X">individuati</wf>
         <wf lemma="circa" pos="X">circa</wf>
         <wf lemma="250" pos="X">250</wf>
         <instance id="d000.s157.t000" lemma="affioramento" pos="NOUN">affioramenti</instance>
         <wf lemma="solo" pos="X">solo</wf>
         <wf lemma="nel" pos="X">nel</wf>
         <wf lemma="golfo" pos="X">golfo</wf>
         <wf lemma="di" pos="X">di</wf>
         <wf lemma="Trieste" pos="X">Trieste</wf>
         <wf lemma="tra" pos="X">tra</wf>
         <wf lemma="Sdobba" pos="X">Sdobba</wf>
         <wf lemma="e" pos="X">e</wf>
         <wf lemma="la" pos="X">la</wf>
         <wf lemma="fascia" pos="X">fascia</wf>
         <wf lemma="di" pos="X">di</wf>
         <wf lemma="maggiore" pos="X">maggiore</wf>
         <wf lemma="diffusione" pos="X">diffusione</wf>
         <wf lemma="di" pos="X">di</wf>
         <wf lemma="questi" pos="X">questi</wf>
         <instance id="d000.s157.t001" lemma="affioramento" pos="NOUN">affioramenti</instance>
         <wf lemma="è" pos="X">è</wf>
         <wf lemma="sui" pos="X">sui</wf>
         <instance id="d000.s157.t002" lemma="fondale" pos="NOUN">fondali</instance>
         <wf lemma="antistanti" pos="X">antistanti</wf>
         <wf lemma="le" pos="X">le</wf>
         <wf lemma="lagune" pos="X">lagune</wf>
         <wf lemma="di" pos="X">di</wf>
         <wf lemma="Grado" pos="X">Grado</wf>
         <wf lemma="e" pos="X">e</wf>
      </sentence>
      <sentence id="d000.s158" source="semeval2013-it">
         <wf lemma="tale" pos="X">Tali</wf>
         <instance id="d000.s158.t000" lemma="azione" pos="NOUN">azioni</instance>
         <wf lemma="essere" pos="VERB">sono</wf>
         <wf lemma="davvero" pos="ADV">davvero</wf>
         <wf lemma="contro" pos="ADV">contro</wf>
         <wf lemma="il" pos="X">lo</wf>
         <instance id="d000.s158.t001" lemma="spirito" pos="NOUN">spirito</instance>
         <wf lemma="sportivo" pos="ADJ">sportivo</wf>
         <wf lemma="," pos="X">,</wf>
         <wf lemma="il" pos="X">il</wf>
         <wf lemma="quale" pos="X">quale</wf>
         <wf lemma="fare" pos="VERB">fa</wf>
         <instance id="d000.s158.t002" lemma="parte" pos="NOUN">parte</instance>
         <wf lemma="del" pos="X">delle</wf>
         <instance id="d000.s158.t003" lemma="decisione" pos="NOUN">decisioni</instance>
         <wf lemma="strategico" pos="ADJ">strategiche</wf>
         <wf lemma="che" pos="X">che</wf>
         <wf lemma="favorire" pos="VERB">favoriscono</wf>
         <wf lemma="il" pos="X">il</wf>
         <wf lemma="prendere" pos="VERB">prendere</wf>
         <wf lemma="del" pos="X">dei</wf>
         <instance id="d000.s158.t004" lemma="vantaggio" pos="NOUN">vantaggi</instance>
         <wf lemma="consentire" pos="VERB">consentiti</wf>
         <wf lemma="dal" pos="X">dalle</wf>
         <instance id="d000.s158.t005" lemma="regola" pos="NOUN">regole</instance>
         <wf lemma="." pos="X">.</wf>
      </sentence>
      <sentence id="d000.s159" source="semeval2013-it">
         <wf lemma="questo" pos="X">Questi</wf>
         <wf lemma="essere" pos="VERB">sono</wf>
         <wf lemma="alcuno" pos="X">alcuni</wf>
         <wf lemma="del" pos="X">dei</wf>
         <instance id="d000.s159.t000" lemma="risultato" pos="NOUN">risultati</instance>
         <wf lemma="del" pos="X">dell'</wf>
         <wf lemma="ultimo" pos="ADJ">ultimo</wf>
         <wf lemma="Latinobaròmetro" pos="NOUN">Latinobaròmetro</wf>
         <instance id="d000.s159.t001" lemma="sondaggio" pos="NOUN">sondaggio</instance>
         <wf lemma="effettuare" pos="VERB">effettuato</wf>
         <wf lemma="in" pos="X">in</wf>
         <wf lemma="@card@" pos="NOUN">18</wf>
         <instance id="d000.s159.t002" lemma="paese" pos="NOUN">paesi</instance>
         <wf lemma="e" pos="X">e</wf>
         <wf lemma="pubblicare" pos="VERB">pubblicato</wf>
         <wf lemma="in" pos="X">in</wf>
         <wf lemma="esclusiva" pos="NOUN">esclusiva</wf>
         <wf lemma="dal" pos="X">dal</wf>
         <wf lemma="the_economist" pos="NOUN">The_Economist</wf>
         <wf lemma="." pos="X">.</wf>
      </sentence>
      <sentence id="d000.s160" source="semeval2013-it">
         <wf lemma="&quot;" pos="X">&quot;</wf>
         <wf lemma="ci" pos="X">Ci</wf>
         <wf lemma="suggerire" pos="VERB">suggerisce</wf>
         <wf lemma="che" pos="X">che</wf>
         <wf lemma="che" pos="X">che</wf>
         <wf lemma="ci" pos="X">ci</wf>
         <wf lemma="potere" pos="VERB">potrebbero</wf>
         <wf lemma="essere" pos="VERB">essere</wf>
         <wf lemma="altro" pos="X">altri</wf>
         <instance id="d000.s160.t000" lemma="modo" pos="NOUN">modi</instance>
         <wf lemma="per" pos="X">per</wf>
         <wf lemma="creare" pos="VERB">creare</wf>
         <wf lemma="il" pos="X">la</wf>
         <instance id="d000.s160.t001" lemma="vita" pos="NOUN">vita</instance>
         <wf lemma="," pos="X">,</wf>
         <wf lemma="non" pos="ADV">non</wf>
         <wf lemma="solo" pos="ADV">solo</wf>
         <wf lemma="come" pos="X">come</wf>
         <wf lemma="il" pos="X">la</wf>
         <instance id="d000.s160.t002" lemma="vita" pos="NOUN">vita</instance>
         <wf lemma="si" pos="X">si</wf>
         <wf lemma="essere" pos="VERB">è</wf>
         <wf lemma="formare" pos="VERB">formata</wf>
         <wf lemma="sul" pos="X">sulla</wf>
         <instance id="d000.s160.t003" lemma="terra" pos="NOUN">terra</instance>
         <wf lemma="primordiale" pos="ADJ">primordiale</wf>
         <wf lemma="&quot;" pos="X">&quot;</wf>
         <wf lemma="," pos="X">,</wf>
         <wf lemma="avere" pos="VERB">ha</wf>
         <wf lemma="dire" pos="VERB">detto</wf>
         <wf lemma="Foster" pos="NOUN">Foster</wf>
         <wf lemma="," pos="X">,</wf>
         <wf lemma="che" pos="X">che</wf>
         <wf lemma="non" pos="ADV">non</wf>
         <wf lemma="fare" pos="VERB">faceva</wf>
         <instance id="d000.s160.t004" lemma="parte" pos="NOUN">parte</instance>
         <wf lemma="del" pos="X">del</wf>
         <wf lemma="team" pos="NOUN">team</wf>
         <wf lemma="di" pos="X">di</wf>
         <instance id="d000.s160.t005" lemma="ricerca" pos="NOUN">ricerca</instance>
         <wf lemma="di" pos="X">di</wf>
         <wf lemma="Wolfe-Simon" pos="NOUN">Wolfe-Simon</wf>
         <wf lemma="." pos="X">.</wf>
      </sentence>
      <sentence id="d000.s161" source="semeval2010-it">
         <wf lemma="La" pos="X">La</wf>
         <instance id="d000.s161.t000" lemma="nozione" pos="NOUN">nozione</instance>
         <wf lemma="di" pos="X">di</wf>
         <wf lemma="sostenibilità" pos="X">sostenibilità</wf>
         <wf lemma="presuppone" pos="X">presuppone</wf>
         <wf lemma="l'" pos="X">l'</wf>
         <wf lemma="integrazione" pos="X">integrazione</wf>
         <wf lemma="degli" pos="X">degli</wf>
         <wf lemma="obiettivi" pos="X">obiettivi</wf>
         <wf lemma="di" pos="X">di</wf>
         <wf lemma="utilizzo" pos="X">utilizzo</wf>
         <wf lemma="economico" pos="X">economico</wf>
         <wf lemma="del" pos="X">del</wf>
         <wf lemma="territorio" pos="X">territorio</wf>
         <wf lemma="con" pos="X">con</wf>
         <wf lemma="quelli" pos="X">quelli</wf>
         <wf lemma="della" pos="X">della</wf>
         <wf lemma="conservazione" pos="X">conservazione</wf>
         <wf lemma="di" pos="X">di</wf>
         <wf lemma="condizioni" pos="X">condizioni</wf>
         <wf lemma="ecosistemiche" pos="X">ecosistemiche</wf>
         <wf lemma="di" pos="X">di</wf>
         <wf lemma="base" pos="X">base</wf>
         <wf lemma="," pos="X">,</wf>
         <wf lemma="indispensabili" pos="X">indispensabili</wf>
         <wf lemma="per" pos="X">per</wf>
         <wf lemma="un" pos="X">un</wf>
         <wf lemma="dato" pos="X">dato</wf>
         <wf lemma="equilibrio" pos="X">equilibrio</wf>
         <wf lemma="ambientale" pos="X">ambientale</wf>
         <wf lemma="." pos="X">.</wf>
      </sentence>
      <sentence id="d000.s162" source="semeval2015-it">
         <wf pos="X">C</wf>
         <wf lemma="essere" pos="VERB">è</wf>
         <wf pos="X">una</wf>
         <instance id="d000.s162.t000" lemma="lista" pos="NOUN">lista</instance>
         <wf pos="X">delle</wf>
         <instance id="d000.s162.t001" lemma="variabile" pos="NOUN">variabili</instance>
         <wf lemma="dichiarare" pos="VERB">dichiarate</wf>
         <wf pos="X">.</wf>
      </sentence>
      <sentence id="d000.s163" source="semeval2010-it">
         <wf lemma="che" pos="X">che</wf>
         <wf lemma="riguarda" pos="X">riguarda</wf>
         <wf lemma="l'" pos="X">l'</wf>
         <wf lemma="individuazione" pos="X">individuazione</wf>
         <wf lemma="di" pos="X">di</wf>
         <wf lemma="aree" pos="X">aree</wf>
         <wf lemma="di" pos="X">di</wf>
         <instance id="d000.s163.t000" lemma="protezione" pos="NOUN">protezione</instance>
         <wf lemma="speciale" pos="X">speciale</wf>
         <wf lemma="dedicate" pos="X">dedicate</wf>
         <wf lemma="alla" pos="X">alla</wf>
         <wf lemma="conservazione" pos="X">conservazione</wf>
         <wf lemma="di" pos="X">di</wf>
         <wf lemma="definite" pos="X">definite</wf>
         <wf lemma="specie" pos="X">specie</wf>
         <wf lemma="di" pos="X">di</wf>
         <wf lemma="uccelli" pos="X">uccelli</wf>
         <wf lemma="e" pos="X">e</wf>
         <wf lemma="la" pos="X">la</wf>
         <wf lemma="Direttiva" pos="X">Direttiva</wf>
         <wf lemma="Comunitaria" pos="X">Comunitaria</wf>
         <wf lemma="92/43/CEE" pos="X">92/43/CEE</wf>
         <wf lemma="," pos="X">,</wf>
         <wf lemma="(" pos="X">(</wf>
         <wf lemma="Direttiva" pos="X">Direttiva</wf>
      </sentence>
      <sentence id="d000.s164" source="semeval2013-it">
         <wf lemma="rimanere" pos="VERB">Rimane</wf>
         <wf lemma="in" pos="X">in</wf>
         <wf lemma="uno" pos="X">uno</wf>
         <wf lemma="stretto" pos="ADJ">stretto</wf>
         <wf lemma="margine" pos="NOUN">margine</wf>
         <wf lemma=";" pos="X">;</wf>
         <wf lemma="il" pos="X">il</wf>
         <instance id="d000.s164.t000" lemma="volume" pos="NOUN">volume</instance>
         <wf lemma="del" pos="X">degli</wf>
         <wf lemma="scambio" pos="NOUN">scambi</wf>
         <wf lemma="essere" pos="VERB">è</wf>
         <wf lemma="diventare" pos="VERB">diventato</wf>
         <wf lemma="molto" pos="ADV">molto</wf>
         <wf lemma="debole" pos="ADJ">debole</wf>
         <wf lemma="e" pos="X">e</wf>
         <wf lemma="pensare" pos="VERB">penso</wf>
         <wf lemma="che" pos="X">che</wf>
         <wf lemma="il" pos="X">la</wf>
         <instance id="d000.s164.t001" lemma="situazione" pos="NOUN">situazione</instance>
         <wf lemma="rimanere" pos="VERB">rimarrà</wf>
         <wf lemma="tale" pos="X">tale</wf>
         <wf lemma="fino" pos="X">fino</wf>
         <wf lemma="al" pos="X">alla</wf>
         <instance id="d000.s164.t002" lemma="fine" pos="NOUN">fine</instance>
         <wf lemma="del" pos="X">dell'</wf>
         <instance id="d000.s164.t003" lemma="anno" pos="NOUN">anno</instance>
         <wf lemma="." pos="X">.</wf>
      </sentence>
      <sentence id="d000.s165" source="semeval2015-it">
         <wf lemma="salvare" pos="VERB">Salva</wf>
         <wf pos="X">le</wf>
         <instance id="d000.s165.t000" lemma="istruzione" pos="NOUN">istruzioni</instance>
         <instance id="d000.s165.t001" lemma="eseguire" pos="VERB">eseguite</instance>
         <wf pos="X">dall'</wf>
         <instance id="d000.s165.t002" lemma="inizio" pos="NOUN">inizio</instance>
         <wf pos="X">della</wf>
         <wf lemma="sessione" pos="NOUN">sessione</wf>
         <wf pos="X">in</wf>
         <instance id="d000.s165.t003" lemma="modo" pos="NOUN">modo</instance>
         <wf pos="X">da</wf>
         <wf lemma="potere" pos="VERB">poterle</wf>
         <instance id="d000.s165.t004" lemma="riusare" pos="VERB">riusare</instance>
         <wf pos="X">.</wf>
      </sentence>
      <sentence id="d000.s166" source="semeval2010-it">
         <instance id="d000.s166.t000" lemma="indice" pos="NOUN">Indice</instance>
         <wf lemma="del" pos="X">del</wf>
         <wf lemma="pianeta" pos="X">pianeta</wf>
         <wf lemma="vivente" pos="X">vivente</wf>
      </sentence>
      <sentence id="d000.s167" source="semeval2015-it">
         <wf lemma="alimta" pos="NOUN">Alimta</wf>
         <wf lemma="essere" pos="VERB">è</wf>
         <wf lemma="essere" pos="VERB">stato</wf>
         <wf pos="X">anche</wf>
         <instance id="d000.s167.t000" lemma="confrontare" pos="VERB">confrontato</instance>
         <wf pos="X">con</wf>
         <wf lemma="gemcitabina" pos="NOUN">gemcitabina</wf>
         <wf pos="X">(</wf>
         <wf pos="X">altro</wf>
         <instance id="d000.s167.t001" lemma="medicinale" pos="NOUN">medicinale</instance>
         <wf lemma="antitumorale" pos="ADJ">antitumorale</wf>
         <wf pos="X">)</wf>
         <wf pos="X">,</wf>
         <wf lemma="entrambi" pos="ADJ">entrambi</wf>
         <wf pos="X">in</wf>
         <instance id="d000.s167.t002" lemma="associazione" pos="NOUN">associazione</instance>
         <wf pos="X">con</wf>
         <wf lemma="cisplatino" pos="NOUN">cisplatino</wf>
         <wf pos="X">,</wf>
         <wf pos="X">in</wf>
         <wf pos="X">uno</wf>
         <wf lemma="studio" pos="NOUN">studio</wf>
         <wf pos="X">su</wf>
         <wf pos="X">1.725</wf>
         <instance id="d000.s167.t003" lemma="paziente" pos="NOUN">pazienti</instance>
         <wf pos="X">che</wf>
         <wf pos="X">in</wf>
         <instance id="d000.s167.t004" lemma="passato" pos="NOUN">passato</instance>
         <wf pos="X">non</wf>
         <wf lemma="essere" pos="VERB">erano</wf>
         <wf pos="X">mai</wf>
         <wf lemma="essere" pos="VERB">stati</wf>
         <wf lemma="sottoporre" pos="VERB">sottoposti</wf>
         <wf pos="X">a</wf>
         <instance id="d000.s167.t005" lemma="chemioterapia" pos="NOUN">chemioterapia</instance>
         <wf pos="X">per</wf>
         <instance id="d000.s167.t006" lemma="tumore" pos="NOUN">tumore</instance>
         <instance id="d000.s167.t007" lemma="polmonare" pos="ADJ">polmonare</instance>
         <wf pos="X">.</wf>
      </sentence>
      <sentence id="d000.s168" source="semeval2013-it">
         <wf lemma="il" pos="X">I</wf>
         <instance id="d000.s168.t000" lemma="ricercatore" pos="NOUN">ricercatori</instance>
         <wf lemma="avere" pos="VERB">hanno</wf>
         <wf lemma="raccogliere" pos="VERB">raccolto</wf>
         <wf lemma="il" pos="X">il</wf>
         <instance id="d000.s168.t001" lemma="batterio" pos="NOUN">batterio</instance>
         <wf lemma="noto" pos="ADJ">noto</wf>
         <wf lemma="come" pos="X">come</wf>
         <wf lemma="GFAJ-1" pos="NOUN">GFAJ-1</wf>
         <wf lemma="e" pos="X">e</wf>
         <wf lemma="lo" pos="X">lo</wf>
         <wf lemma="avere" pos="VERB">hanno</wf>
         <wf lemma="esporre" pos="VERB">esposto</wf>
         <wf lemma="a" pos="X">a</wf>
         <instance id="d000.s168.t002" lemma="concentrazione" pos="NOUN">concentrazioni</instance>
         <wf lemma="crescente" pos="ADJ">crescenti</wf>
         <wf lemma="di" pos="X">di</wf>
         <instance id="d000.s168.t003" lemma="arsenico" pos="NOUN">arsenico</instance>
         <wf lemma="al" pos="X">alle</wf>
         <wf lemma="quale" pos="X">quali</wf>
         <wf lemma="il" pos="X">il</wf>
         <instance id="d000.s168.t004" lemma="batterio" pos="NOUN">batterio</instance>
         <wf lemma="essere" pos="VERB">era</wf>
         <wf lemma="in" pos="X">in</wf>
         <wf lemma="grado" pos="NOUN">grado</wf>
         <wf lemma="di" pos="X">di</wf>
         <wf lemma="adattare" pos="VERB">adattarsi</wf>
         <wf lemma="e" pos="X">e</wf>
         <wf lemma="crescere" pos="VERB">crescere</wf>
         <wf lemma="." pos="X">.</wf>
      </sentence>
      <sentence id="d000.s169" source="semeval2013-it">
         <wf lemma="un" pos="X">Un</wf>
         <instance id="d000.s169.t000" lemma="effetto" pos="NOUN">effetto</instance>
         <wf lemma="positivo" pos="ADJ">positivo</wf>
         <wf lemma="sul" pos="X">sui</wf>
         <instance id="d000.s169.t001" lemma="salario" pos="NOUN">salari</instance>
      </sentence>
      <sentence id="d000.s170" source="semeval2013-it">
         <wf lemma="il" pos="X">Gli</wf>
         <instance id="d000.s170.t000" lemma="ospite" pos="NOUN">ospiti</instance>
         <wf lemma="di" pos="X">di</wf>
         <wf lemma="spicco" pos="NOUN">spicco</wf>
         <wf lemma="al" pos="X">alla</wf>
         <instance id="d000.s170.t001" lemma="cena" pos="NOUN">cena</instance>
         <wf lemma="?" pos="X">?</wf>
         <wf lemma="Scalia" pos="VERB">Scalia</wf>
         <wf lemma="e" pos="X">e</wf>
         <wf lemma="Thomas" pos="NOUN">Thomas</wf>
         <wf lemma="." pos="X">.</wf>
      </sentence>
      <sentence id="d000.s171" source="semeval2010-it">
         <wf lemma="Tali" pos="X">Tali</wf>
         <wf lemma="regole" pos="X">regole</wf>
         <wf lemma="sono" pos="X">sono</wf>
         <wf lemma="state" pos="X">state</wf>
         <wf lemma="derivate" pos="X">derivate</wf>
         <wf lemma="dalla" pos="X">dalla</wf>
         <instance id="d000.s171.t000" lemma="letteratura" pos="NOUN">letteratura</instance>
         <wf lemma="disponibile" pos="X">disponibile</wf>
         <wf lemma="sull'" pos="X">sull'</wf>
         <wf lemma="uso" pos="X">uso</wf>
         <wf lemma="degli" pos="X">degli</wf>
         <instance id="d000.s171.t001" lemma="habitat" pos="NOUN">habitat</instance>
         <wf lemma="e" pos="X">e</wf>
         <wf lemma="sul" pos="X">sul</wf>
         <wf lemma="comportamento" pos="X">comportamento</wf>
         <wf lemma="del" pos="X">del</wf>
         <wf lemma="capriolo" pos="X">capriolo</wf>
         <wf lemma="," pos="X">,</wf>
         <wf lemma="opportunamente" pos="X">opportunamente</wf>
         <wf lemma="integrata" pos="X">integrata</wf>
         <wf lemma="dai" pos="X">dai</wf>
         <wf lemma="risultati" pos="X">risultati</wf>
         <wf lemma="derivabili" pos="X">derivabili</wf>
         <wf lemma="dall'" pos="X">dall'</wf>
         <instance id="d000.s171.t002" lemma="analisi" pos="NOUN">analisi</instance>
         <wf lemma="su" pos="X">su</wf>
         <wf lemma="base" pos="X">base</wf>
         <wf lemma="statistica" pos="X">statistica</wf>
         <wf lemma="delle" pos="X">delle</wf>
         <wf lemma="relazioni" pos="X">relazioni</wf>
         <wf lemma="tra" pos="X">tra</wf>
         <wf lemma="caratteristiche" pos="X">caratteristiche</wf>
         <wf lemma="ambientali" pos="X">ambientali</wf>
         <wf lemma="e" pos="X">e</wf>
         <wf lemma="specie" pos="X">specie</wf>
         <wf lemma="animale" pos="X">animale</wf>
         <wf lemma="." pos="X">.</wf>
      </sentence>
      <sentence id="d000.s172" source="semeval2013-it">
         <wf lemma="il" pos="X">La</wf>
         <instance id="d000.s172.t000" lemma="mossa" pos="NOUN">mossa</instance>
         <wf lemma="avere" pos="VERB">ha</wf>
         <wf lemma="segnalare" pos="VERB">segnalato</wf>
         <wf lemma="che" pos="X">che</wf>
         <wf lemma="il" pos="X">l'</wf>
         <instance id="d000.s172.t001" lemma="amministrazione" pos="NOUN">amministrazione</instance>
         <wf lemma="Obama" pos="NOUN">Obama</wf>
         <wf lemma="stare" pos="VERB">sta</wf>
         <wf lemma="assumere" pos="VERB">assumendo</wf>
         <wf lemma="una" pos="X">una</wf>
         <wf lemma="linea" pos="NOUN">linea</wf>
         <wf lemma="più" pos="ADV">più</wf>
         <wf lemma="duro" pos="ADJ">dura</wf>
         <wf lemma="con" pos="X">con</wf>
         <wf lemma="il" pos="X">la</wf>
         <wf lemma="Cina" pos="NOUN">Cina</wf>
         <wf lemma="rispettare" pos="VERB">rispetto</wf>
         <wf lemma="a" pos="X">a</wf>
         <wf lemma="quello" pos="X">quella</wf>
         <wf lemma="che" pos="X">che</wf>
         <wf lemma="il" pos="X">gli</wf>
         <instance id="d000.s172.t002" lemma="ufficiale" pos="NOUN">ufficiali</instance>
         <wf lemma="del" pos="X">dell'</wf>
         <instance id="d000.s172.t003" lemma="amministrazione" pos="NOUN">amministrazione</instance>
         <wf lemma="Bush" pos="NOUN">Bush</wf>
         <wf lemma="intraprendere" pos="VERB">intrapresero</wf>
         <wf lemma="appena" pos="ADV">appena</wf>
         <wf lemma="due" pos="ADJ">due</wf>
         <instance id="d000.s172.t004" lemma="anno" pos="NOUN">anni</instance>
         <wf lemma="fa" pos="ADV">fa</wf>
         <wf lemma="." pos="X">.</wf>
      </sentence>
      <sentence id="d000.s173" source="semeval2015-it">
         <wf pos="X">Per</wf>
         <instance id="d000.s173.t000" lemma="maggiore" pos="ADJ">maggiori</instance>
         <instance id="d000.s173.t001" lemma="informazione" pos="NOUN">informazioni</instance>
         <instance id="d000.s173.t002" lemma="riguardo" pos="NOUN">riguardo</instance>
         <wf pos="X">alle</wf>
         <instance id="d000.s173.t003" lemma="motivazione" pos="NOUN">motivazioni</instance>
         <wf pos="X">delle</wf>
         <instance id="d000.s173.t004" lemma="raccomandazione" pos="NOUN">raccomandazioni</instance>
         <wf pos="X">del</wf>
         <wf lemma="chmp" pos="NOUN">CHMP</wf>
         <wf pos="X">,</wf>
         <instance id="d000.s173.t005" lemma="leggere" pos="VERB">leggere</instance>
         <wf pos="X">la</wf>
         <instance id="d000.s173.t006" lemma="discussione" pos="NOUN">discussione</instance>
         <instance id="d000.s173.t007" lemma="scientifico" pos="ADJ">scientifica</instance>
         <wf pos="X">(</wf>
         <wf pos="X">anch</wf>
         <wf pos="X">essa</wf>
         <instance id="d000.s173.t008" lemma="allegare" pos="VERB">allegato</instance>
         <wf pos="X">all</wf>
         <wf lemma="epar" pos="NOUN">EPAR</wf>
         <wf pos="X">)</wf>
         <wf pos="X">.</wf>
      </sentence>
      <sentence id="d000.s174" source="semeval2010-it">
         <wf lemma="Questi" pos="X">Questi</wf>
         <wf lemma="non" pos="X">non</wf>
         <wf lemma="indicano" pos="X">indicano</wf>
         <wf lemma="necessariamente" pos="X">necessariamente</wf>
         <wf lemma="i" pos="X">i</wf>
         <wf lemma="trend" pos="X">trend</wf>
         <wf lemma="complessivi" pos="X">complessivi</wf>
         <wf lemma="delle" pos="X">delle</wf>
         <wf lemma="specie" pos="X">specie</wf>
         <wf lemma="in" pos="X">in</wf>
         <wf lemma="ogni" pos="X">ogni</wf>
         <wf lemma="regione" pos="X">regione</wf>
         <wf lemma="," pos="X">,</wf>
         <wf lemma="ma" pos="X">ma</wf>
         <wf lemma="illustrano" pos="X">illustrano</wf>
         <wf lemma="i" pos="X">i</wf>
         <wf lemma="tipi" pos="X">tipi</wf>
         <wf lemma="di" pos="X">di</wf>
         <instance id="d000.s174.t000" lemma="dato" pos="NOUN">dati</instance>
         <wf lemma="usati" pos="X">usati</wf>
         <wf lemma="nell'" pos="X">nell'</wf>
         <wf lemma="indice" pos="X">indice</wf>
         <wf lemma="del" pos="X">del</wf>
         <wf lemma="pianeta" pos="X">pianeta</wf>
         <wf lemma="vivente" pos="X">vivente</wf>
         <wf lemma="." pos="X">.</wf>
      </sentence>
      <sentence id="d000.s175" source="semeval2013-it">
         <wf lemma="in" pos="X">In</wf>
         <wf lemma="questo" pos="X">questo</wf>
         <instance id="d000.s175.t000" lemma="modo" pos="NOUN">modo</instance>
         <wf lemma="," pos="X">,</wf>
         <wf lemma="e" pos="X">e</wf>
         <wf lemma="dal" pos="X">dal</wf>
         <instance id="d000.s175.t001" lemma="momento" pos="NOUN">momento</instance>
         <wf lemma="che" pos="X">che</wf>
         <wf lemma="il" pos="X">il</wf>
         <wf lemma="real_madrid" pos="NOUN">Real_Madrid</wf>
         <wf lemma="concludere" pos="VERB">concluderà</wf>
         <wf lemma="in" pos="X">in</wf>
         <wf lemma="testa" pos="NOUN">testa</wf>
         <wf lemma="al" pos="X">al</wf>
         <wf lemma="suo" pos="X">suo</wf>
         <instance id="d000.s175.t002" lemma="gruppo" pos="NOUN">gruppo</instance>
         <wf lemma="," pos="X">,</wf>
         <wf lemma="entrambi" pos="ADJ">entrambi</wf>
         <wf lemma="il" pos="X">i</wf>
         <instance id="d000.s175.t003" lemma="giocatore" pos="NOUN">giocatori</instance>
         <wf lemma="adempieranno" pos="VERB">adempieranno</wf>
         <wf lemma="al" pos="X">alla</wf>
         <wf lemma="sanzione" pos="NOUN">sanzione</wf>
         <wf lemma="prevedere" pos="VERB">prevista</wf>
         <wf lemma="nel" pos="X">nel</wf>
         <instance id="d000.s175.t004" lemma="corso" pos="NOUN">corso</instance>
         <wf lemma="del" pos="X">della</wf>
         <wf lemma="prossimo" pos="ADJ">prossima</wf>
         <wf lemma="partita_di_campionato" pos="NOUN">partita di campionato</wf>
         <wf lemma="," pos="X">,</wf>
         <wf lemma="contro" pos="X">contro</wf>
         <wf lemma="il" pos="X">l'</wf>
         <wf lemma="Auxerre" pos="NOUN">Auxerre</wf>
         <wf lemma="," pos="X">,</wf>
         <wf lemma="e" pos="X">e</wf>
         <wf lemma="essere" pos="VERB">saranno</wf>
         <wf lemma="in" pos="X">in</wf>
         <wf lemma="grado" pos="NOUN">grado</wf>
         <wf lemma="di" pos="X">di</wf>
         <wf lemma="sbarazzare" pos="VERB">sbarazzarsi</wf>
         <wf lemma="del" pos="X">delle</wf>
         <wf lemma="ammonizione" pos="NOUN">ammonizioni</wf>
         <wf lemma="nel" pos="X">nella</wf>
         <instance id="d000.s175.t005" lemma="fase" pos="NOUN">fase</instance>
         <wf lemma="successivo" pos="ADJ">successiva</wf>
         <wf lemma="." pos="X">.</wf>
      </sentence>
      <sentence id="d000.s176" source="semeval2015-it">
         <wf pos="X">Il</wf>
         <instance id="d000.s176.t000" lemma="trattamento" pos="NOUN">trattamento</instance>
         <wf pos="X">di</wf>
         <wf pos="X">un</wf>
         <instance id="d000.s176.t001" lemma="cane" pos="NOUN">cane</instance>
         <wf pos="X">con</wf>
         <instance id="d000.s176.t002" lemma="vomito" pos="NOUN">vomito</instance>
         <wf lemma="dovere" pos="VERB">deve</wf>
         <instance id="d000.s176.t003" lemma="iniziare" pos="VERB">iniziare</instance>
         <wf pos="X">con</wf>
         <wf lemma="l" pos="X">l</wf>
         <instance id="d000.s176.t004" lemma="iniezione" pos="NOUN">iniezione</instance>
         <wf pos="X">,</wf>
         <wf pos="X">perché</wf>
         <wf pos="X">gli</wf>
         <instance id="d000.s176.t005" lemma="animale" pos="NOUN">animali</instance>
         <wf pos="X">con</wf>
         <instance id="d000.s176.t006" lemma="attacco" pos="NOUN">attacchi</instance>
         <wf pos="X">di</wf>
         <instance id="d000.s176.t007" lemma="vomito" pos="NOUN">vomito</instance>
         <wf lemma="potere" pos="VERB">possono</wf>
         <wf pos="X">non</wf>
         <wf lemma="essere" pos="VERB">essere</wf>
         <wf pos="X">in</wf>
         <wf lemma="grado" pos="NOUN">grado</wf>
         <wf pos="X">di</wf>
         <instance id="d000.s176.t008" lemma="trattenere" pos="VERB">trattenere</instance>
         <wf pos="X">la</wf>
         <instance id="d000.s176.t009" lemma="compressa" pos="NOUN">compressa</instance>
         <wf pos="X">nell</wf>
         <instance id="d000.s176.t010" lemma="organismo" pos="NOUN">organismo</instance>
         <wf pos="X">(</wf>
         <wf pos="X">che</wf>
         <wf lemma="potere" pos="VERB">può</wf>
         <wf lemma="essere" pos="VERB">essere</wf>
         <instance id="d000.s176.t011" lemma="vomitare" pos="VERB">vomitata</instance>
         <wf lemma="intatto" pos="ADJ">intatta</wf>
         <wf pos="X">)</wf>
         <wf pos="X">.</wf>
      </sentence>
      <sentence id="d000.s177" source="semeval2013-it">
         <wf lemma="deutsche_bank" pos="NOUN">Deutsche_Bank</wf>
         <wf lemma="avere" pos="VERB">ha</wf>
         <wf lemma="respingere" pos="VERB">respinto</wf>
         <wf lemma="il" pos="X">le</wf>
         <wf lemma="affermazione" pos="NOUN">affermazioni</wf>
         <wf lemma="come" pos="X">come</wf>
         <wf lemma="infondato" pos="ADJ">infondate</wf>
         <wf lemma="e" pos="X">e</wf>
         <wf lemma="avere" pos="VERB">ha</wf>
         <wf lemma="dichiarare" pos="VERB">dichiarato</wf>
         <wf lemma="il" pos="X">la</wf>
         <wf lemma="suo" pos="X">sua</wf>
         <instance id="d000.s177.t000" lemma="intenzione" pos="NOUN">intenzione</instance>
         <wf lemma="di" pos="X">di</wf>
         <wf lemma="respingere" pos="VERB">respingere</wf>
         <wf lemma="il" pos="X">le</wf>
         <instance id="d000.s177.t001" lemma="accusa" pos="NOUN">accuse</instance>
         <wf lemma="." pos="X">.</wf>
      </sentence>
      <sentence id="d000.s178" source="semeval2013-it">
         <wf lemma="il" pos="X">Gli</wf>
         <instance id="d000.s178.t000" lemma="avvocato_della_difesa" pos="NOUN">avvocati_della_difesa</instance>
         <wf lemma="sostenere" pos="VERB">sostengono</wf>
         <wf lemma="inoltre" pos="ADV">inoltre</wf>
         <wf lemma="," pos="X">,</wf>
         <wf lemma="ad" pos="X">ad</wf>
         <instance id="d000.s178.t001" lemma="esempio" pos="NOUN">esempio</instance>
         <wf lemma="," pos="X">,</wf>
         <wf lemma="che" pos="X">che</wf>
         <wf lemma="il" pos="X">il</wf>
         <wf lemma="signor" pos="NOUN">signor</wf>
         <wf lemma="Hayes" pos="NOUN">Hayes</wf>
         <wf lemma="potere" pos="VERB">potrebbe</wf>
         <wf lemma="essere" pos="VERB">essere</wf>
         <wf lemma="essere|stare" pos="VERB">stato</wf>
         <wf lemma="ledere" pos="VERB">leso</wf>
         <wf lemma="quando" pos="X">quando</wf>
         <wf lemma="il" pos="X">il</wf>
         <instance id="d000.s178.t002" lemma="giudice" pos="NOUN">giudice</instance>
         <wf lemma="blue" pos="NOUN">Blue</wf>
         <wf lemma="avere" pos="VERB">ha</wf>
         <wf lemma="rifiutare" pos="VERB">rifiutato</wf>
         <wf lemma="di" pos="X">di</wf>
         <wf lemma="permettere" pos="VERB">permettere</wf>
         <wf lemma="loro" pos="X">loro</wf>
         <wf lemma="di" pos="X">di</wf>
         <wf lemma="testare" pos="VERB">testare</wf>
         <wf lemma="il" pos="X">le</wf>
         <instance id="d000.s178.t003" lemma="reazione" pos="NOUN">reazioni</instance>
         <wf lemma="del" pos="X">dei</wf>
         <wf lemma="potenziale" pos="NOUN">potenziali</wf>
         <instance id="d000.s178.t004" lemma="giurato" pos="NOUN">giurati</instance>
         <wf lemma="," pos="X">,</wf>
         <wf lemma="mostrare" pos="VERB">mostrando</wf>
         <wf lemma="loro" pos="X">loro</wf>
         <wf lemma="durante" pos="X">durante</wf>
         <wf lemma="il" pos="X">la</wf>
         <instance id="d000.s178.t005" lemma="selezione" pos="NOUN">selezione</instance>
         <wf lemma="del" pos="X">della</wf>
         <instance id="d000.s178.t006" lemma="giuria" pos="NOUN">giuria</instance>
         <wf lemma="il" pos="X">le</wf>
         <instance id="d000.s178.t007" lemma="fotografia" pos="NOUN">fotografie</instance>
         <wf lemma="di" pos="X">di</wf>
         <wf lemma="raccapricciante" pos="ADJ">raccapriccianti</wf>
         <wf lemma="scena_del_crimine" pos="NOUN">scene_del_crimine</wf>
         <wf lemma="." pos="X">.</wf>
      </sentence>
      <sentence id="d000.s179" source="semeval2010-it">
         <instance id="d000.s179.t000" lemma="percentuale" pos="NOUN">Percentuale</instance>
         <wf lemma="dell'" pos="X">dell'</wf>
         <instance id="d000.s179.t001" lemma="area" pos="NOUN">area</instance>
         <wf lemma="totale" pos="X">totale</wf>
         <wf lemma="di" pos="X">di</wf>
         <wf lemma="prelievo" pos="X">prelievo</wf>
         <wf lemma="di" pos="X">di</wf>
         <wf lemma="14" pos="X">14</wf>
         <wf lemma="biomi" pos="X">biomi</wf>
         <wf lemma="terrestri" pos="X">terrestri</wf>
         <wf lemma="che" pos="X">che</wf>
         <wf lemma="ha" pos="X">ha</wf>
         <wf lemma="subito" pos="X">subito</wf>
         <wf lemma="un" pos="X">un</wf>
         <wf lemma="impatto" pos="X">impatto</wf>
         <wf lemma="moderato" pos="X">moderato</wf>
         <wf lemma="o" pos="X">o</wf>
         <wf lemma="violento" pos="X">violento</wf>
         <wf lemma="a" pos="X">a</wf>
         <wf lemma="causa" pos="X">causa</wf>
         <wf lemma="delle" pos="X">delle</wf>
         <wf lemma="dighe" pos="X">dighe</wf>
         <wf lemma="(" pos="X">(</wf>
         <wf lemma="Nilsson" pos="X">Nilsson</wf>
         <wf lemma="et" pos="X">et</wf>
         <wf lemma="al." pos="X">al.</wf>
         <wf lemma="," pos="X">,</wf>
      </sentence>
      <sentence id="d000.s180" source="semeval2013-it">
         <wf lemma="tuttavia" pos="ADV">Tuttavia</wf>
         <wf lemma="," pos="X">,</wf>
         <wf lemma="il" pos="X">la</wf>
         <instance id="d000.s180.t000" lemma="cosa" pos="NOUN">cosa</instance>
         <wf lemma="paradossale" pos="ADJ">paradossale</wf>
         <wf lemma="riguardo" pos="NOUN">riguardo</wf>
         <wf lemma="il" pos="X">l'</wf>
         <instance id="d000.s180.t001" lemma="azione" pos="NOUN">azione</instance>
         <wf lemma="del" pos="X">dei</wf>
         <instance id="d000.s180.t002" lemma="giocatore" pos="NOUN">giocatori</instance>
         <wf lemma="del" pos="X">del</wf>
         <wf lemma="real_madrid" pos="NOUN">Real_Madrid</wf>
         <wf lemma="essere" pos="VERB">è</wf>
         <wf lemma="che" pos="X">che</wf>
         <wf lemma="questo" pos="X">questa</wf>
         <wf lemma="non" pos="ADV">non</wf>
         <wf lemma="essere" pos="VERB">era</wf>
         <wf lemma="conforme" pos="ADV">conforme</wf>
         <wf lemma="a" pos="X">a</wf>
         <wf lemma="quello" pos="X">quello</wf>
         <wf lemma="che" pos="X">che</wf>
         <wf lemma="normalmente" pos="ADV">normalmente</wf>
         <wf lemma="caratterizzare" pos="VERB">caratterizza</wf>
         <wf lemma="una" pos="X">una</wf>
         <instance id="d000.s180.t003" lemma="frode" pos="NOUN">frode</instance>
         <wf lemma="legale" pos="ADJ">legale</wf>
         <wf lemma="," pos="X">,</wf>
         <wf lemma="in" pos="X">in</wf>
         <wf lemma="quanto" pos="ADV">quanto</wf>
         <wf lemma="il" pos="X">la</wf>
         <instance id="d000.s180.t004" lemma="violazione" pos="NOUN">violazione</instance>
         <wf lemma="del" pos="X">delle</wf>
         <instance id="d000.s180.t005" lemma="regola" pos="NOUN">regole</instance>
         <wf lemma="non" pos="ADV">non</wf>
         <wf lemma="essere" pos="VERB">è</wf>
         <wf lemma="essere|stare" pos="VERB">stata</wf>
         <wf lemma="fare" pos="VERB">fatta</wf>
         <wf lemma="in" pos="X">in</wf>
         <wf lemma="segreto" pos="NOUN">segreto</wf>
         <wf lemma="per" pos="X">per</wf>
         <wf lemma="cercare" pos="VERB">cercare</wf>
         <wf lemma="di" pos="X">di</wf>
         <wf lemma="evitare" pos="VERB">evitare</wf>
         <wf lemma="il" pos="X">la</wf>
         <wf lemma="sanzione" pos="NOUN">sanzione</wf>
         <wf lemma="," pos="X">,</wf>
         <wf lemma="ma" pos="X">ma</wf>
         <wf lemma="il" pos="X">la</wf>
         <wf lemma="loro" pos="X">loro</wf>
         <instance id="d000.s180.t006" lemma="azione" pos="NOUN">azione</instance>
         <wf lemma="essere" pos="VERB">era</wf>
         <wf lemma="più" pos="ADV">più</wf>
         <wf lemma="esplicitare" pos="VERB">esplicita</wf>
         <wf lemma="quindi" pos="ADV">quindi</wf>
         <wf lemma="avere" pos="VERB">hanno</wf>
         <wf lemma="ricevere" pos="VERB">ricevuto</wf>
         <wf lemma="il" pos="X">la</wf>
         <instance id="d000.s180.t007" lemma="punizione" pos="NOUN">punizione</instance>
         <wf lemma="da" pos="X">da</wf>
         <instance id="d000.s180.t008" lemma="parte" pos="NOUN">parte</instance>
         <wf lemma="del" pos="X">dell'</wf>
         <instance id="d000.s180.t009" lemma="arbitro" pos="NOUN">arbitro</instance>
         <wf lemma="." pos="X">.</wf>
      </sentence>
      <sentence id="d000.s181" source="semeval2015-it">
         <wf lemma="cerenia" pos="NOUN">Cerenia</wf>
         <wf lemma="bloccare" pos="VERB">blocca</wf>
         <wf pos="X">un</wf>
         <wf lemma="recettore" pos="NOUN">recettore</wf>
         <wf pos="X">della</wf>
         <wf lemma="neurochinina" pos="NOUN">neurochinina</wf>
         <wf pos="X">(</wf>
         <wf lemma="nk1" pos="NOUN">NK1</wf>
         <wf pos="X">)</wf>
         <wf pos="X">che</wf>
         <wf lemma="agire" pos="VERB">agisce</wf>
         <wf pos="X">a</wf>
         <wf lemma="livello" pos="NOUN">livello</wf>
         <wf pos="X">del</wf>
         <instance id="d000.s181.t000" lemma="sistema_nervoso_centrale" pos="NOUN">sistema_nervoso_centrale</instance>
         <wf pos="X">.</wf>
      </sentence>
      <sentence id="d000.s182" source="semeval2013-it">
         <wf lemma="il" pos="X">Il</wf>
         <instance id="d000.s182.t000" lemma="giorno" pos="NOUN">giorno</instance>
         <wf lemma="in" pos="X">in</wf>
         <wf lemma="cui" pos="X">cui</wf>
         <wf lemma="il" pos="X">la</wf>
         <instance id="d000.s182.t001" lemma="corte_suprema" pos="NOUN">Corte_Suprema</instance>
         <wf lemma="si" pos="X">si</wf>
         <wf lemma="essere" pos="VERB">è</wf>
         <wf lemma="riunire" pos="VERB">riunita</wf>
         <wf lemma="a" pos="X">a</wf>
         <instance id="d000.s182.t002" lemma="porta" pos="NOUN">porte</instance>
         <wf lemma="chiuso" pos="ADJ">chiuse</wf>
         <wf lemma="per" pos="X">per</wf>
         <wf lemma="esaminare" pos="VERB">esaminare</wf>
         <wf lemma="il" pos="X">la</wf>
         <instance id="d000.s182.t003" lemma="questione" pos="NOUN">questione</instance>
         <wf lemma="politicamente" pos="ADV">politicamente</wf>
         <wf lemma="scottante" pos="ADJ">scottante</wf>
         <wf lemma="sul" pos="X">sul</wf>
         <instance id="d000.s182.t004" lemma="fatto" pos="NOUN">fatto</instance>
         <wf lemma="che" pos="X">che</wf>
         <wf lemma="il" pos="X">la</wf>
         <wf lemma="stesso" pos="ADJ">stessa</wf>
         <wf lemma="avere" pos="VERB">avrebbe</wf>
         <wf lemma="esaminare" pos="VERB">esaminato</wf>
         <wf lemma="o" pos="X">o</wf>
         <wf lemma="meno" pos="ADV">meno</wf>
         <wf lemma="una" pos="X">una</wf>
         <wf lemma="contestazione" pos="NOUN">contestazione</wf>
         <wf lemma="al" pos="X">alla</wf>
         <instance id="d000.s182.t005" lemma="legge" pos="NOUN">legge</instance>
         <wf lemma="sanitario" pos="ADJ">sanitaria</wf>
         <wf lemma="del" pos="X">del</wf>
         <instance id="d000.s182.t006" lemma="presidente" pos="NOUN">presidente</instance>
         <wf lemma="obama" pos="NOUN">Obama</wf>
         <wf lemma="," pos="X">,</wf>
         <wf lemma="due" pos="ADJ">due</wf>
         <wf lemma="del" pos="X">dei</wf>
         <wf lemma="suo" pos="X">suoi</wf>
         <instance id="d000.s182.t007" lemma="giudice" pos="NOUN">giudici</instance>
         <wf lemma="," pos="X">,</wf>
         <wf lemma="antonin_scalia" pos="NOUN">Antonin_Scalia</wf>
         <wf lemma="e" pos="X">e</wf>
         <wf lemma="Clarence" pos="NOUN">Clarence</wf>
         <wf lemma="Thomas" pos="NOUN">Thomas</wf>
         <wf lemma="," pos="X">,</wf>
         <wf lemma="essere" pos="VERB">sono</wf>
         <wf lemma="essere|stare" pos="VERB">stati</wf>
         <wf lemma="ospitare" pos="VERB">ospitati</wf>
         <wf lemma="ad" pos="X">ad</wf>
         <wf lemma="una" pos="X">una</wf>
         <instance id="d000.s182.t008" lemma="cena" pos="NOUN">cena</instance>
         <wf lemma="promuovere" pos="VERB">promossa</wf>
         <wf lemma="dal" pos="X">dallo</wf>
         <instance id="d000.s182.t009" lemma="studio_legale" pos="NOUN">studio_legale</instance>
         <wf lemma="che" pos="X">che</wf>
         <wf lemma="contestare" pos="VERB">contesterà</wf>
         <wf lemma="il" pos="X">la</wf>
         <instance id="d000.s182.t010" lemma="causa" pos="NOUN">causa</instance>
         <wf lemma="dinanzi" pos="ADJ">dinanzi</wf>
         <wf lemma="al" pos="X">alla</wf>
         <wf lemma="corte_suprema" pos="NOUN">Corte_Suprema</wf>
         <wf lemma="." pos="X">.</wf>
      </sentence>
      <sentence id="d000.s183" source="semeval2013-it">
         <wf lemma="una" pos="NOUN">Una</wf>
         <wf lemma="del" pos="X">delle</wf>
         <instance id="d000.s183.t000" lemma="causa" pos="NOUN">cause</instance>
         <wf lemma="in" pos="X">in</wf>
         <instance id="d000.s183.t001" lemma="questione" pos="NOUN">questione</instance>
         <wf lemma="essere" pos="VERB">era</wf>
         <wf lemma="una" pos="X">una</wf>
         <instance id="d000.s183.t002" lemma="causa" pos="NOUN">causa</instance>
         <wf lemma="intentare" pos="VERB">intentata</wf>
         <wf lemma="da" pos="X">da</wf>
         <wf lemma="@card@" pos="NOUN">26</wf>
         <instance id="d000.s183.t003" lemma="stato" pos="NOUN">Stati</instance>
         <wf lemma="che" pos="X">che</wf>
         <wf lemma="contestare" pos="VERB">contestavano</wf>
         <wf lemma="il" pos="X">la</wf>
         <wf lemma="radicale" pos="ADJ">radicale</wf>
         <wf lemma="revisione" pos="NOUN">revisione</wf>
         <wf lemma="sanitario" pos="ADJ">sanitaria</wf>
         <wf lemma="approvare" pos="VERB">approvata</wf>
         <wf lemma="dal" pos="X">dal</wf>
         <instance id="d000.s183.t004" lemma="congresso" pos="NOUN">Congresso</instance>
         <wf lemma="il" pos="X">l'</wf>
         <instance id="d000.s183.t005" lemma="anno" pos="NOUN">anno</instance>
         <wf lemma="scorso" pos="ADJ">scorso</wf>
         <wf lemma="," pos="X">,</wf>
         <wf lemma="una" pos="X">una</wf>
         <instance id="d000.s183.t006" lemma="legge" pos="NOUN">legge</instance>
         <wf lemma="che" pos="X">che</wf>
         <wf lemma="essere" pos="VERB">è</wf>
         <wf lemma="essere|stare" pos="VERB">stata</wf>
         <wf lemma="un" pos="X">un</wf>
         <instance id="d000.s183.t007" lemma="grido_di_battaglia" pos="NOUN">grido_di_battaglia</instance>
         <wf lemma="per" pos="X">per</wf>
         <wf lemma="il" pos="X">gli</wf>
         <instance id="d000.s183.t008" lemma="attivista" pos="NOUN">attivisti</instance>
         <wf lemma="conservatore" pos="NOUN">conservatori</wf>
         <wf lemma="a" pos="X">a</wf>
         <instance id="d000.s183.t009" lemma="livello" pos="NOUN">livello</instance>
         <wf lemma="nazionale" pos="ADJ">nazionale</wf>
         <wf lemma="." pos="X">.</wf>
      </sentence>
      <sentence id="d000.s184" source="semeval2010-it">
         <instance id="d000.s184.t000" lemma="confronto" pos="NOUN">confronto</instance>
         <wf lemma="degli" pos="X">degli</wf>
         <instance id="d000.s184.t001" lemma="elemento" pos="NOUN">elementi</instance>
         <wf lemma="della" pos="X">della</wf>
         <wf lemma="Rete" pos="X">Rete</wf>
         <wf lemma="Ecologica" pos="X">Ecologica</wf>
         <wf lemma="Potenziale" pos="X">Potenziale</wf>
         <wf lemma="(" pos="X">(</wf>
         <wf lemma="poligoni" pos="X">poligoni</wf>
         <wf lemma="azzurri" pos="X">azzurri</wf>
         <wf lemma=")" pos="X">)</wf>
         <wf lemma="con" pos="X">con</wf>
         <wf lemma="la" pos="X">la</wf>
         <instance id="d000.s184.t002" lemma="proposta" pos="NOUN">proposta</instance>
         <wf lemma="di" pos="X">di</wf>
         <wf lemma="direttrici" pos="X">direttrici</wf>
         <wf lemma="ambientali" pos="X">ambientali</wf>
         <wf lemma="del" pos="X">del</wf>
         <wf lemma="PTRG" pos="X">PTRG</wf>
         <wf lemma="." pos="X">.</wf>
      </sentence>
      <sentence id="d000.s185" source="semeval2015-it">
         <wf pos="X">{</wf>
         <wf pos="X">}</wf>
         <wf pos="X">:</wf>
         <wf lemma="contenitore" pos="NOUN">contenitore</wf>
         <wf lemma="mathml" pos="NOUN">MathML</wf>
         <wf pos="X">;</wf>
         <wf lemma="potere" pos="VERB">Può</wf>
         <wf lemma="essere" pos="VERB">essere</wf>
         <instance id="d000.s185.t000" lemma="usare" pos="VERB">usato</instance>
         <wf pos="X">per</wf>
         <instance id="d000.s185.t001" lemma="definire" pos="VERB">definire</instance>
         <wf pos="X">un</wf>
         <wf lemma="contenitore" pos="NOUN">contenitore</wf>
         <wf pos="X">.</wf>
      </sentence>
      <sentence id="d000.s186" source="semeval2013-it">
         <wf lemma="goldman_sachs" pos="NOUN">Goldman_Sachs</wf>
         <wf lemma="," pos="X">,</wf>
         <wf lemma="jp_morgan_chase" pos="NOUN">JP_Morgan_Chase</wf>
         <wf lemma="e" pos="X">e</wf>
         <wf lemma="morgan_stanley" pos="NOUN">Morgan_Stanley</wf>
         <wf lemma="avere" pos="VERB">aveva</wf>
         <wf lemma="già" pos="ADV">già</wf>
         <wf lemma="restituire" pos="VERB">restituito</wf>
         <wf lemma="il" pos="X">il</wf>
         <wf lemma="loro" pos="X">loro</wf>
         <instance id="d000.s186.t000" lemma="sostegno_finanziario" pos="NOUN">sostegno_finanziario</instance>
         <wf lemma="a" pos="X">a</wf>
         <instance id="d000.s186.t001" lemma="giugno" pos="NOUN">giugno</instance>
         <wf lemma="." pos="X">.</wf>
      </sentence>
      <sentence id="d000.s187" source="semeval2013-it">
         <wf lemma="Caja" pos="NOUN">Caja</wf>
         <wf lemma="Laboral" pos="NOUN">Laboral</wf>
         <wf lemma="avere" pos="VERB">ha</wf>
         <wf lemma="ottenere" pos="VERB">ottenuto</wf>
         <wf lemma="un'" pos="X">un'</wf>
         <wf lemma="impressionante" pos="ADJ">impressionante</wf>
         <instance id="d000.s187.t000" lemma="vittoria" pos="NOUN">vittoria</instance>
         <wf lemma="@card@" pos="NOUN">82</wf>
         <wf lemma="a" pos="X">a</wf>
         <wf lemma="@card@" pos="NOUN">91</wf>
         <wf lemma="durante" pos="X">durante</wf>
         <wf lemma="il" pos="X">la</wf>
         <wf lemma="loro" pos="X">loro</wf>
         <instance id="d000.s187.t001" lemma="visita" pos="NOUN">visita</instance>
         <wf lemma="al" pos="X">al</wf>
         <wf lemma="Maccabee" pos="NOUN">Maccabee</wf>
         <wf lemma="Electra" pos="NOUN">Electra</wf>
         <wf lemma="nonostante" pos="X">nonostante</wf>
         <wf lemma="il" pos="X">le</wf>
         <wf lemma="pesante" pos="ADJ">pesanti</wf>
         <instance id="d000.s187.t002" lemma="perdita" pos="NOUN">perdite</instance>
         <wf lemma="del" pos="X">della</wf>
         <instance id="d000.s187.t003" lemma="squadra" pos="NOUN">squadra</instance>
         <wf lemma="di" pos="X">di</wf>
         <wf lemma="Dusko_Ivanovic" pos="NOUN">Dusko_Ivanovic</wf>
         <wf lemma="," pos="X">,</wf>
         <wf lemma="e" pos="X">e</wf>
         <wf lemma="dopo" pos="ADV">dopo</wf>
         <wf lemma="il" pos="X">la</wf>
         <wf lemma="grande" pos="ADJ">grande</wf>
         <wf lemma="prestazione" pos="NOUN">prestazione</wf>
         <wf lemma="di" pos="X">di</wf>
         <wf lemma="Mizra" pos="NOUN">Mizra</wf>
         <wf lemma="Teltovic" pos="NOUN">Teltovic</wf>
         <wf lemma="," pos="X">,</wf>
         <wf lemma="il" pos="X">la</wf>
         <wf lemma="migliore" pos="NOUN">migliore</wf>
         <wf lemma="nel" pos="X">nella</wf>
         <wf lemma="suo" pos="X">sua</wf>
         <instance id="d000.s187.t004" lemma="squadra" pos="NOUN">squadra</instance>
         <wf lemma="con" pos="X">con</wf>
         <wf lemma="otto" pos="ADJ">otto</wf>
         <wf lemma="tiro_da_tre_punti" pos="NOUN">tiri_da_tre_punti</wf>
         <wf lemma="segnato" pos="ADJ">segnati</wf>
         <wf lemma="(" pos="X">(</wf>
         <wf lemma="@card@" pos="NOUN">29</wf>
         <instance id="d000.s187.t005" lemma="punto" pos="NOUN">punti</instance>
         <wf lemma=")" pos="X">)</wf>
         <wf lemma="," pos="X">,</wf>
         <wf lemma="ora" pos="ADV">ora</wf>
         <wf lemma="essere|sonare" pos="VERB">sono</wf>
         <wf lemma="il" pos="X">i</wf>
         <instance id="d000.s187.t006" lemma="primo" pos="NOUN">primi</instance>
         <wf lemma="in" pos="X">in</wf>
         <wf lemma="classifica" pos="NOUN">classifica</wf>
         <wf lemma="." pos="X">.</wf>
      </sentence>
      <sentence id="d000.s188" source="semeval2010-it">
         <wf lemma="Si" pos="X">Si</wf>
         <wf lemma="di" pos="X">di</wf>
         <wf lemma="una" pos="X">una</wf>
         <wf lemma="direttrice" pos="X">direttrice</wf>
         <wf lemma="di" pos="X">di</wf>
         <wf lemma="nuova" pos="X">nuova</wf>
         <instance id="d000.s188.t000" lemma="concezione" pos="NOUN">concezione</instance>
         <wf lemma="in" pos="X">in</wf>
         <wf lemma="cui" pos="X">cui</wf>
         <wf lemma="gli" pos="X">gli</wf>
         <wf lemma="ambiti" pos="X">ambiti</wf>
         <wf lemma="di" pos="X">di</wf>
         <instance id="d000.s188.t001" lemma="tutela" pos="NOUN">tutela</instance>
         <wf lemma="previsti" pos="X">previsti</wf>
         <wf lemma="dagli" pos="X">dagli</wf>
         <wf lemma="strumenti" pos="X">strumenti</wf>
         <wf lemma="normativi" pos="X">normativi</wf>
         <wf lemma="sono" pos="X">sono</wf>
         <wf lemma="scarsi" pos="X">scarsi</wf>
         <wf lemma="," pos="X">,</wf>
         <wf lemma="ma" pos="X">ma</wf>
         <wf lemma="che" pos="X">che</wf>
         <wf lemma="riveste" pos="X">riveste</wf>
         <wf lemma="un" pos="X">un</wf>
         <wf lemma="ruolo" pos="X">ruolo</wf>
         <wf lemma="strategico" pos="X">strategico</wf>
         <wf lemma="non" pos="X">non</wf>
         <wf lemma="solo" pos="X">solo</wf>
         <wf lemma="dal" pos="X">dal</wf>
         <instance id="d000.s188.t002" lemma="punto" pos="NOUN">punto</instance>
         <wf lemma="ambientale" pos="X">ambientale</wf>
         <wf lemma="ma" pos="X">ma</wf>
         <wf lemma="anche" pos="X">anche</wf>
         <wf lemma="dal" pos="X">dal</wf>
         <instance id="d000.s188.t003" lemma="punto" pos="NOUN">punto</instance>
         <wf lemma="della" pos="X">della</wf>
         <wf lemma="ristrutturazione" pos="X">ristrutturazione</wf>
         <wf lemma="complessiva" pos="X">complessiva</wf>
         <wf lemma="del" pos="X">del</wf>
         <wf lemma="sistema" pos="X">sistema</wf>
         <wf lemma="territoriale" pos="X">territoriale</wf>
         <wf lemma="." pos="X">.</wf>
      </sentence>
      <sentence id="d000.s189" source="semeval2013-it">
         <wf lemma="il" pos="X">L'</wf>
         <instance id="d000.s189.t000" lemma="occasione" pos="NOUN">occasione</instance>
         <wf lemma="essere" pos="VERB">è</wf>
         <wf lemma="essere|stare" pos="VERB">stata</wf>
         <instance id="d000.s189.t001" lemma="giovedì" pos="NOUN">giovedì</instance>
         <wf lemma="scorso" pos="ADJ">scorso</wf>
         <wf lemma="," pos="X">,</wf>
         <wf lemma="quando" pos="X">quando</wf>
         <wf lemma="tutto" pos="ADJ">tutti</wf>
         <wf lemma="e" pos="X">e</wf>
         <wf lemma="nove" pos="ADJ">nove</wf>
         <wf lemma="il" pos="X">i</wf>
         <instance id="d000.s189.t002" lemma="giudice" pos="NOUN">giudici</instance>
         <wf lemma="si" pos="X">si</wf>
         <wf lemma="essere" pos="VERB">sono</wf>
         <wf lemma="riunire" pos="VERB">riuniti</wf>
         <wf lemma="per" pos="X">per</wf>
         <wf lemma="una" pos="X">una</wf>
         <instance id="d000.s189.t003" lemma="riunione" pos="NOUN">riunione</instance>
         <wf lemma="per" pos="X">per</wf>
         <wf lemma="esaminare" pos="VERB">esaminare</wf>
         <wf lemma="attentamente" pos="ADV">attentamente</wf>
         <wf lemma="il" pos="X">le</wf>
         <instance id="d000.s189.t004" lemma="petizione" pos="NOUN">petizioni</instance>
         <wf lemma="per" pos="X">per</wf>
         <wf lemma="il" pos="X">la</wf>
         <wf lemma="revisione" pos="NOUN">revisione</wf>
         <wf lemma="." pos="X">.</wf>
      </sentence>
      <sentence id="d000.s190" source="semeval2013-it">
         <wf lemma="se" pos="X">Se</wf>
         <wf lemma="non" pos="ADV">non</wf>
         <wf lemma="essere" pos="VERB">fossero</wf>
         <wf lemma="esente" pos="ADJ">esenti</wf>
         <wf lemma="," pos="X">,</wf>
         <wf lemma="potenzialmente" pos="ADV">potenzialmente</wf>
         <wf lemma="essere" pos="VERB">sarebbero</wf>
         <wf lemma="regolare" pos="VERB">regolati</wf>
         <wf lemma="dal" pos="X">dal</wf>
         <instance id="d000.s190.t000" lemma="canone" pos="NOUN">canone</instance>
         <wf lemma="4C" pos="NOUN">4C</wf>
         <wf lemma="del" pos="X">del</wf>
         <instance id="d000.s190.t001" lemma="codice" pos="NOUN">codice</instance>
         <wf lemma="," pos="X">,</wf>
         <wf lemma="nel" pos="X">nel</wf>
         <wf lemma="quale" pos="X">quale</wf>
         <wf lemma="si" pos="X">si</wf>
         <wf lemma="affermare" pos="VERB">afferma</wf>
         <wf lemma="," pos="X">,</wf>
         <wf lemma="&quot;" pos="X">&quot;</wf>
         <wf lemma="un" pos="X">un</wf>
         <instance id="d000.s190.t002" lemma="giudice" pos="NOUN">giudice</instance>
         <wf lemma="potere" pos="VERB">può</wf>
         <wf lemma="partecipare" pos="VERB">partecipare</wf>
         <wf lemma="a" pos="X">a</wf>
         <instance id="d000.s190.t003" lemma="evento" pos="NOUN">eventi</instance>
         <wf lemma="di" pos="X">di</wf>
         <instance id="d000.s190.t004" lemma="raccolta_fondi" pos="NOUN">raccolta_fondi</instance>
         <wf lemma="promosso" pos="ADJ">promossi</wf>
         <wf lemma="da" pos="X">da</wf>
         <instance id="d000.s190.t005" lemma="organizzazione" pos="NOUN">organizzazioni</instance>
         <wf lemma="giuridico" pos="ADJ">giuridiche</wf>
         <wf lemma="e" pos="X">e</wf>
         <wf lemma="simile" pos="ADJ">simili</wf>
         <wf lemma="," pos="X">,</wf>
         <wf lemma="anche" pos="ADV">anche</wf>
         <wf lemma="se" pos="X">se</wf>
         <wf lemma="il" pos="X">il</wf>
         <instance id="d000.s190.t006" lemma="giudice" pos="NOUN">giudice</instance>
         <wf lemma="non" pos="ADV">non</wf>
         <wf lemma="potere" pos="VERB">può</wf>
         <wf lemma="essere" pos="VERB">essere</wf>
         <wf lemma="un" pos="X">un</wf>
         <instance id="d000.s190.t007" lemma="oratore" pos="NOUN">oratore</instance>
         <wf lemma="," pos="X">,</wf>
         <wf lemma="un" pos="X">un</wf>
         <wf lemma="ospite_d'onore" pos="NOUN">ospite d'onore</wf>
         <wf lemma="," pos="X">,</wf>
         <wf lemma="o" pos="X">o</wf>
         <wf lemma="includere" pos="VERB">incluso</wf>
         <wf lemma="sul" pos="X">sul</wf>
         <instance id="d000.s190.t008" lemma="programma" pos="NOUN">programma</instance>
         <wf lemma="di" pos="X">di</wf>
         <wf lemma="un" pos="X">un</wf>
         <wf lemma="tale" pos="X">tale</wf>
         <instance id="d000.s190.t009" lemma="evento" pos="NOUN">evento</instance>
         <wf lemma="." pos="X">.</wf>
         <wf lemma="&quot;" pos="X">&quot;</wf>
      </sentence>
      <sentence id="d000.s191" source="semeval2013-it">
         <wf lemma="venire" pos="VERB">Vengono</wf>
         <wf lemma="mostrare" pos="VERB">mostrate</wf>
         <wf lemma="il" pos="X">le</wf>
         <wf lemma="linea" pos="NOUN">linee</wf>
         <wf lemma="generale" pos="ADJ">generali</wf>
         <wf lemma="per" pos="X">per</wf>
         <wf lemma="un" pos="X">un</wf>
         <wf lemma="possibile" pos="ADJ">possibile</wf>
         <instance id="d000.s191.t000" lemma="accordo" pos="NOUN">accordo</instance>
         <wf lemma="," pos="X">,</wf>
         <wf lemma="in" pos="X">in</wf>
         <wf lemma="cui" pos="X">cui</wf>
         <wf lemma="il" pos="X">le</wf>
         <wf lemma="nazione_industrializzata" pos="NOUN">nazioni_industrializzate</wf>
         <wf lemma="ridurre" pos="VERB">ridurrebbero</wf>
         <wf lemma="collettivamente" pos="ADV">collettivamente</wf>
         <wf lemma="entro" pos="X">entro</wf>
         <wf lemma="il" pos="X">il</wf>
         <wf lemma="@card@" pos="NOUN">2020</wf>
         <wf lemma="il" pos="X">le</wf>
         <wf lemma="emissione" pos="NOUN">emissioni</wf>
         <wf lemma="dal" pos="X">dal</wf>
         <wf lemma="@card@" pos="NOUN">25</wf>
         <wf lemma="al" pos="X">al</wf>
         <wf lemma="@card@" pos="NOUN">45</wf>
         <instance id="d000.s191.t001" lemma="per_cento" pos="NOUN">per_cento</instance>
         <wf lemma="rispetto" pos="ADV">rispetto</wf>
         <wf lemma="al" pos="X">ai</wf>
         <instance id="d000.s191.t002" lemma="livello" pos="NOUN">livelli</instance>
         <wf lemma="del" pos="X">del</wf>
         <wf lemma="@card@" pos="NOUN">1990</wf>
         <wf lemma="," pos="X">,</wf>
         <wf lemma="mentre" pos="X">mentre</wf>
         <wf lemma="il" pos="X">i</wf>
         <wf lemma="principale" pos="ADJ">principali</wf>
         <instance id="d000.s191.t003" lemma="paese_in_via_di_sviluppo" pos="NOUN">paesi_in_via_di_sviluppo</instance>
         <wf lemma="il" pos="X">le</wf>
         <wf lemma="ridurre" pos="VERB">ridurrebbero</wf>
         <wf lemma="nel" pos="X">nello</wf>
         <wf lemma="stesso" pos="ADJ">stesso</wf>
         <instance id="d000.s191.t004" lemma="periodo" pos="NOUN">periodo</instance>
         <wf lemma="dal" pos="X">dal</wf>
         <wf lemma="@card@" pos="NOUN">15</wf>
         <wf lemma="al" pos="X">al</wf>
         <wf lemma="@card@" pos="NOUN">30</wf>
         <instance id="d000.s191.t005" lemma="per_cento" pos="NOUN">per_cento</instance>
         <wf lemma="." pos="X">.</wf>
      </sentence>
      <sentence id="d000.s192" source="semeval2013-it">
         <wf lemma="con" pos="X">Con</wf>
         <wf lemma="il" pos="X">la</wf>
         <wf lemma="futuro" pos="ADJ">futura</wf>
         <wf lemma="traiettoria" pos="NOUN">traiettoria</wf>
         <wf lemma="economico" pos="ADJ">economica</wf>
         <wf lemma="del" pos="X">delle</wf>
         <wf lemma="maggiore" pos="ADJ">maggiori</wf>
         <instance id="d000.s192.t000" lemma="potenza_mondiale" pos="NOUN">potenze_mondiali</instance>
         <wf lemma="in" pos="X">in</wf>
         <wf lemma="gioco" pos="NOUN">gioco</wf>
         <wf lemma="," pos="X">,</wf>
         <wf lemma="essere|sonare" pos="VERB">sono</wf>
         <wf lemma="scoppiare" pos="VERB">scoppiate</wf>
         <wf lemma="linea" pos="NOUN">linee</wf>
         <wf lemma="di" pos="X">di</wf>
         <wf lemma="frattura" pos="NOUN">frattura</wf>
         <wf lemma="sia" pos="X">sia</wf>
         <wf lemma="nel" pos="X">nel</wf>
         <instance id="d000.s192.t001" lemma="mondo_in_via_di_sviluppo" pos="NOUN">mondo_in_via_di_sviluppo</instance>
         <wf lemma="che" pos="X">che</wf>
         <wf lemma="tra" pos="X">tra</wf>
         <wf lemma="il" pos="X">il</wf>
         <wf lemma="mondo_industrializzato" pos="NOUN">mondo_industrializzato</wf>
         <wf lemma="e" pos="X">e</wf>
         <wf lemma="il" pos="X">le</wf>
         <wf lemma="economia_emergente" pos="NOUN">economie_emergenti</wf>
         <wf lemma="." pos="X">.</wf>
      </sentence>
      <sentence id="d000.s193" source="semeval2015-it">
         <wf lemma="cerenia" pos="NOUN">Cerenia</wf>
         <instance id="d000.s193.t000" lemma="contenere" pos="VERB">contiene</instance>
         <wf pos="X">il</wf>
         <wf lemma="principio" pos="NOUN">principio</wf>
         <instance id="d000.s193.t001" lemma="attivo" pos="ADJ">attivo</instance>
         <wf lemma="maropitant" pos="NOUN">maropitant</wf>
         <wf pos="X">ed</wf>
         <wf lemma="essere" pos="VERB">è</wf>
         <instance id="d000.s193.t002" lemma="disponibile" pos="ADJ">disponibile</instance>
         <wf pos="X">sotto</wf>
         <instance id="d000.s193.t003" lemma="forma" pos="NOUN">forma</instance>
         <wf pos="X">di</wf>
         <instance id="d000.s193.t004" lemma="compressa" pos="NOUN">compressa</instance>
         <wf pos="X">o</wf>
         <wf pos="X">di</wf>
         <instance id="d000.s193.t005" lemma="soluzione" pos="NOUN">soluzione</instance>
         <wf lemma="iniettabile" pos="ADJ">iniettabile</wf>
         <wf pos="X">.</wf>
      </sentence>
      <sentence id="d000.s194" source="semeval2010-it">
         <wf lemma="Al" pos="X">Al</wf>
         <wf lemma="processo" pos="X">processo</wf>
         <wf lemma="di" pos="X">di</wf>
         <wf lemma="biocostruzione" pos="X">biocostruzione</wf>
         <wf lemma="si" pos="X">si</wf>
         <wf lemma="contrappongono" pos="X">contrappongono</wf>
         <instance id="d000.s194.t000" lemma="fenomeno" pos="NOUN">fenomeni</instance>
         <wf lemma="naturali" pos="X">naturali</wf>
         <wf lemma="di" pos="X">di</wf>
         <wf lemma="erosione" pos="X">erosione</wf>
         <wf lemma="causati" pos="X">causati</wf>
         <wf lemma="dalle" pos="X">dalle</wf>
         <wf lemma="correnti" pos="X">correnti</wf>
         <wf lemma="e" pos="X">e</wf>
         <wf lemma="processi" pos="X">processi</wf>
         <wf lemma="di" pos="X">di</wf>
         <instance id="d000.s194.t001" lemma="deposito" pos="NOUN">deposito</instance>
         <wf lemma="di" pos="X">di</wf>
         <wf lemma="sedimenti" pos="X">sedimenti</wf>
         <wf lemma="presenti" pos="X">presenti</wf>
         <wf lemma="in" pos="X">in</wf>
         <wf lemma="sospensione" pos="X">sospensione</wf>
         <wf lemma="nelle" pos="X">nelle</wf>
         <wf lemma="acque" pos="X">acque</wf>
         <wf lemma="soprastanti" pos="X">soprastanti</wf>
         <wf lemma="." pos="X">.</wf>
      </sentence>
      <sentence id="d000.s195" source="semeval2010-it">
         <wf lemma="Gli" pos="X">Gli</wf>
         <instance id="d000.s195.t000" lemma="aumento" pos="NOUN">aumenti</instance>
         <wf lemma="globali" pos="X">globali</wf>
         <wf lemma="delle" pos="X">delle</wf>
         <wf lemma="popolazioni" pos="X">popolazioni</wf>
         <wf lemma="di" pos="X">di</wf>
         <wf lemma="uccelli" pos="X">uccelli</wf>
         <wf lemma="marini" pos="X">marini</wf>
         <wf lemma="e" pos="X">e</wf>
         <wf lemma="di" pos="X">di</wf>
         <wf lemma="alcune" pos="X">alcune</wf>
         <wf lemma="specie" pos="X">specie</wf>
         <wf lemma="di" pos="X">di</wf>
         <wf lemma="mammiferi" pos="X">mammiferi</wf>
         <wf lemma="negli" pos="X">negli</wf>
      </sentence>
      <sentence id="d000.s196" source="semeval2013-it">
         <wf lemma="il" pos="X">I</wf>
         <wf lemma="@card@" pos="NOUN">10</wf>
         <instance id="d000.s196.t000" lemma="accordo" pos="NOUN">accordi</instance>
         <wf lemma="che" pos="X">che</wf>
         <wf lemma="il" pos="X">il</wf>
         <instance id="d000.s196.t001" lemma="ministero" pos="NOUN">Ministero</instance>
         <wf lemma="del" pos="X">del</wf>
         <instance id="d000.s196.t002" lemma="petrolio" pos="NOUN">petrolio</instance>
         <wf lemma="iracheno" pos="ADJ">iracheno</wf>
         <wf lemma="avere" pos="VERB">ha</wf>
         <wf lemma="stringere" pos="VERB">stretto</wf>
         <wf lemma="con" pos="X">con</wf>
         <wf lemma="il" pos="X">le</wf>
         <instance id="d000.s196.t003" lemma="compagnia_petrolifera" pos="NOUN">compagnie_petrolifere</instance>
         <wf lemma="straniero" pos="ADJ">straniere</wf>
         <wf lemma="suggerire" pos="VERB">suggeriscono</wf>
         <wf lemma="che" pos="X">che</wf>
         <wf lemma="il" pos="X">le</wf>
         <instance id="d000.s196.t004" lemma="impresa" pos="NOUN">imprese</instance>
         <wf lemma="petrolifero" pos="ADJ">petrolifere</wf>
         <wf lemma="di" pos="X">di</wf>
         <instance id="d000.s196.t005" lemma="Cina" pos="NOUN">Cina</instance>
         <wf lemma="," pos="X">,</wf>
         <instance id="d000.s196.t006" lemma="Russia" pos="NOUN">Russia</instance>
         <wf lemma="e" pos="X">e</wf>
         <instance id="d000.s196.t007" lemma="Europa" pos="NOUN">Europa</instance>
         <wf lemma="essere|sonare" pos="VERB">sono</wf>
         <wf lemma="pronto" pos="ADJ">pronte</wf>
         <wf lemma="a" pos="X">a</wf>
         <wf lemma="giocare" pos="VERB">giocare</wf>
         <wf lemma="un" pos="X">un</wf>
         <instance id="d000.s196.t008" lemma="ruolo" pos="NOUN">ruolo</instance>
         <wf lemma="di" pos="X">di</wf>
         <wf lemma="rilievo" pos="NOUN">rilievo</wf>
         <wf lemma="nel" pos="X">nella</wf>
         <wf lemma="ristrutturazione" pos="NOUN">ristrutturazione</wf>
         <wf lemma="del" pos="X">dell'</wf>
         <instance id="d000.s196.t009" lemma="industria_petrolifera" pos="NOUN">industria_petrolifera</instance>
         <wf lemma="iracheno" pos="ADJ">irachena</wf>
         <wf lemma="," pos="X">,</wf>
         <wf lemma="paralizzare" pos="VERB">paralizzato</wf>
         <wf lemma="da" pos="X">da</wf>
         <instance id="d000.s196.t010" lemma="decennio" pos="NOUN">decenni</instance>
         <wf lemma="di" pos="X">di</wf>
         <instance id="d000.s196.t011" lemma="guerra" pos="NOUN">guerre</instance>
         <wf lemma="e" pos="X">e</wf>
         <wf lemma="sanzione" pos="NOUN">sanzioni</wf>
         <wf lemma="." pos="X">.</wf>
      </sentence>
      <sentence id="d000.s197" source="semeval2010-it">
         <wf lemma="Per" pos="X">Per</wf>
         <wf lemma="lungo" pos="X">lungo</wf>
         <wf lemma="tempo" pos="X">tempo</wf>
         <wf lemma="si" pos="X">si</wf>
         <wf lemma="è" pos="X">è</wf>
         <wf lemma="pensato" pos="X">pensato</wf>
         <wf lemma="che" pos="X">che</wf>
         <wf lemma="i" pos="X">i</wf>
         <wf lemma="suoi" pos="X">suoi</wf>
         <instance id="d000.s197.t000" lemma="fondale" pos="NOUN">fondali</instance>
         <wf lemma="fossero" pos="X">fossero</wf>
         <wf lemma="costituiti" pos="X">costituiti</wf>
         <wf lemma="unicamente" pos="X">unicamente</wf>
         <wf lemma="da" pos="X">da</wf>
         <wf lemma="materiale" pos="X">materiale</wf>
         <wf lemma="incoerente" pos="X">incoerente</wf>
         <wf lemma="," pos="X">,</wf>
         <wf lemma="come" pos="X">come</wf>
         <instance id="d000.s197.t001" lemma="sabbia" pos="NOUN">sabbia</instance>
         <wf lemma="e" pos="X">e</wf>
         <wf lemma="fango" pos="X">fango</wf>
         <wf lemma="," pos="X">,</wf>
         <wf lemma="anche" pos="X">anche</wf>
         <wf lemma="se" pos="X">se</wf>
         <wf lemma="citazioni" pos="X">citazioni</wf>
         <wf lemma="sull'" pos="X">sull'</wf>
         <instance id="d000.s197.t002" lemma="esistenza" pos="NOUN">esistenza</instance>
         <wf lemma="di" pos="X">di</wf>
         <wf lemma="strutture" pos="X">strutture</wf>
         <wf lemma="rocciose" pos="X">rocciose</wf>
         <wf lemma="erano" pos="X">erano</wf>
         <wf lemma="già" pos="X">già</wf>
         <wf lemma="presenti" pos="X">presenti</wf>
         <wf lemma="nelle" pos="X">nelle</wf>
         <wf lemma="cronache" pos="X">cronache</wf>
         <wf lemma="dell'" pos="X">dell'</wf>
         <instance id="d000.s197.t003" lemma="abate" pos="NOUN">abate</instance>
         <wf lemma="Olivi" pos="X">Olivi</wf>
      </sentence>
      <sentence id="d000.s198" source="semeval2010-it">
         <wf lemma="Il" pos="X">Il</wf>
         <instance id="d000.s198.t000" lemma="tasso" pos="NOUN">tasso</instance>
         <wf lemma="di" pos="X">di</wf>
         <wf lemma="perdita" pos="X">perdita</wf>
         <wf lemma="di" pos="X">di</wf>
         <instance id="d000.s198.t001" lemma="habitat" pos="NOUN">habitat</instance>
         <wf lemma="naturali" pos="X">naturali</wf>
         <wf lemma="in" pos="X">in</wf>
         <wf lemma="questo" pos="X">questo</wf>
         <wf lemma="periodo" pos="X">periodo</wf>
         <wf lemma="è" pos="X">è</wf>
         <wf lemma="stato" pos="X">stato</wf>
         <wf lemma="massimo" pos="X">massimo</wf>
         <wf lemma="ai" pos="X">ai</wf>
         <wf lemma="tropici" pos="X">tropici</wf>
         <wf lemma="." pos="X">.</wf>
      </sentence>
      <sentence id="d000.s199" source="semeval2013-it">
         <wf lemma="questo" pos="X">Questa</wf>
         <instance id="d000.s199.t000" lemma="idea" pos="NOUN">idea</instance>
         <wf lemma="di" pos="X">di</wf>
         <instance id="d000.s199.t001" lemma="immigrazione" pos="NOUN">immigrazione</instance>
         <wf lemma="come" pos="X">come</wf>
         <wf lemma="un" pos="X">un</wf>
         <wf lemma="peso" pos="NOUN">peso</wf>
         <wf lemma="e" pos="X">e</wf>
         <wf lemma="un" pos="X">un</wf>
         <instance id="d000.s199.t002" lemma="problema" pos="NOUN">problema</instance>
         <wf lemma="," pos="X">,</wf>
         <wf lemma="potere" pos="VERB">può</wf>
         <wf lemma="essere" pos="VERB">essere</wf>
         <wf lemma="una" pos="X">una</wf>
         <wf lemma="risorsa" pos="NOUN">risorsa</wf>
         <wf lemma="elettorale" pos="ADJ">elettorale</wf>
         <wf lemma="," pos="X">,</wf>
         <wf lemma="ma" pos="X">ma</wf>
         <wf lemma="essere" pos="VERB">è</wf>
         <wf lemma="economicamente" pos="ADV">economicamente</wf>
         <wf lemma="molto" pos="ADV">molto</wf>
         <wf lemma="costoso" pos="ADJ">costosa</wf>
         <wf lemma="." pos="X">.</wf>
      </sentence>
      <sentence id="d000.s200" source="semeval2010-it">
         <wf lemma="direttrici" pos="X">direttrici</wf>
         <wf lemma="di" pos="X">di</wf>
         <wf lemma="ripristino" pos="X">ripristino</wf>
         <wf lemma="(" pos="X">(</wf>
         <wf lemma="n.3" pos="X">n.3</wf>
         <wf lemma="," pos="X">,</wf>
         <wf lemma="n.6" pos="X">n.6</wf>
         <wf lemma="," pos="X">,</wf>
         <wf lemma="n.7" pos="X">n.7</wf>
         <wf lemma="," pos="X">,</wf>
         <wf lemma="n.8" pos="X">n.8</wf>
         <wf lemma="," pos="X">,</wf>
         <wf lemma="n.9" pos="X">n.9</wf>
         <wf lemma="," pos="X">,</wf>
         <wf lemma="n.10" pos="X">n.10</wf>
         <wf lemma="," pos="X">,</wf>
         <wf lemma="n.12" pos="X">n.12</wf>
         <wf lemma="," pos="X">,</wf>
         <wf lemma="n.13" pos="X">n.13</wf>
         <wf lemma="," pos="X">,</wf>
         <wf lemma="n.14" pos="X">n.14</wf>
         <wf lemma="ambienti" pos="X">ambienti</wf>
         <wf lemma="già" pos="X">già</wf>
         <wf lemma="in" pos="X">in</wf>
         <wf lemma="parte" pos="X">parte</wf>
         <wf lemma="tutelati" pos="X">tutelati</wf>
         <wf lemma="ma" pos="X">ma</wf>
         <wf lemma="con" pos="X">con</wf>
         <wf lemma="livelli" pos="X">livelli</wf>
         <wf lemma="evidenti" pos="X">evidenti</wf>
         <wf lemma="di" pos="X">di</wf>
         <wf lemma="compromissione" pos="X">compromissione</wf>
         <wf lemma="in" pos="X">in</wf>
         <wf lemma="cui" pos="X">cui</wf>
         <wf lemma="sono" pos="X">sono</wf>
         <wf lemma="presenti" pos="X">presenti</wf>
         <wf lemma="conflitti" pos="X">conflitti</wf>
         <wf lemma="di" pos="X">di</wf>
         <wf lemma="interesse" pos="X">interesse</wf>
         <wf lemma="talvolta" pos="X">talvolta</wf>
         <wf lemma="molto" pos="X">molto</wf>
         <wf lemma="marcati" pos="X">marcati</wf>
         <wf lemma="rispetto" pos="X">rispetto</wf>
         <wf lemma="alla" pos="X">alla</wf>
         <instance id="d000.s200.t000" lemma="tutela" pos="NOUN">tutela</instance>
         <wf lemma="della" pos="X">della</wf>
         <wf lemma="natura" pos="X">natura</wf>
         <wf lemma="e" pos="X">e</wf>
         <wf lemma="in" pos="X">in</wf>
         <wf lemma="cui" pos="X">cui</wf>
         <wf lemma="l'" pos="X">l'</wf>
         <wf lemma="obiettivo" pos="X">obiettivo</wf>
         <wf lemma="è" pos="X">è</wf>
         <wf lemma="quello" pos="X">quello</wf>
         <wf lemma="di" pos="X">di</wf>
         <wf lemma="ripristinare" pos="X">ripristinare</wf>
         <wf lemma="livelli" pos="X">livelli</wf>
         <wf lemma="di" pos="X">di</wf>
         <instance id="d000.s200.t001" lemma="naturalità" pos="NOUN">naturalità</instance>
         <wf lemma=";" pos="X">;</wf>
      </sentence>
      <sentence id="d000.s201" source="semeval2015-it">
         <instance id="d000.s201.t000" lemma="adesso" pos="ADV">Adesso</instance>
         <wf lemma="potere" pos="VERB">potresti</wf>
         <instance id="d000.s201.t001" lemma="chiedere" pos="VERB">chiedermi</instance>
         <wf pos="X">:</wf>
         <wf pos="X">perché</wf>
         <wf pos="X">l'</wf>
         <instance id="d000.s201.t002" lemma="utente" pos="NOUN">utente</instance>
         <wf lemma="dovere" pos="VERB">dovrebbe</wf>
         <instance id="d000.s201.t003" lemma="conoscere" pos="VERB">conoscere</instance>
         <wf lemma="mathml" pos="NOUN">MathML</wf>
         <wf pos="X">?</wf>
         <instance id="d000.s201.t004" lemma="semplice" pos="ADJ">Semplice</instance>
         <wf pos="X">:</wf>
         <wf pos="X">con</wf>
         <wf pos="X">il</wf>
         <wf lemma="mathml" pos="NOUN">MathML</wf>
         <wf lemma="potere" pos="VERB">possiamo</wf>
         <instance id="d000.s201.t005" lemma="operare" pos="VERB">operare</instance>
         <wf pos="X">con</wf>
         <instance id="d000.s201.t006" lemma="funzione" pos="NOUN">funzioni</instance>
         <wf pos="X">come</wf>
         <wf lemma="cos" pos="NOUN">cos()</wf>
         <wf pos="X">,</wf>
         <instance id="d000.s201.t007" lemma="sin" pos="NOUN">sin()</instance>
         <wf pos="X">(</wf>
         <wf pos="X">e</wf>
         <instance id="d000.s201.t008" lemma="qualsiasi" pos="ADJ">qualsiasi</instance>
         <wf pos="X">altra</wf>
         <instance id="d000.s201.t009" lemma="funzione" pos="NOUN">funzione</instance>
         <instance id="d000.s201.t010" lemma="trigonometrico" pos="ADJ">trigonometrica</instance>
         <wf pos="X">)</wf>
         <wf pos="X">,</wf>
         <wf lemma="sum" pos="NOUN">sum()</wf>
         <wf pos="X">o</wf>
         <wf lemma="product" pos="NOUN">product()</wf>
         <wf pos="X">.</wf>
      </sentence>
      <sentence id="d000.s202" source="semeval2013-it">
         <instance id="d000.s202.t000" lemma="compagnia" pos="NOUN">Compagnie</instance>
         <wf lemma="preselezionare" pos="VERB">preselezionate</wf>
         <wf lemma="per" pos="X">per</wf>
         <wf lemma="partecipare" pos="VERB">partecipare</wf>
         <wf lemma="al" pos="X">all'</wf>
         <instance id="d000.s202.t001" lemma="asta" pos="NOUN">asta</instance>
         <wf lemma="avere" pos="VERB">hanno</wf>
         <wf lemma="fare" pos="VERB">fatto</wf>
         <wf lemma="del" pos="X">delle</wf>
         <instance id="d000.s202.t002" lemma="offerta" pos="NOUN">offerte</instance>
         <wf lemma="che" pos="X">che</wf>
         <wf lemma="essere|sonare" pos="VERB">sono</wf>
         <wf lemma="essere|stare" pos="VERB">state</wf>
         <wf lemma="confrontare" pos="VERB">confrontate</wf>
         <wf lemma="con" pos="X">con</wf>
         <wf lemma="il" pos="X">il</wf>
         <instance id="d000.s202.t003" lemma="costo" pos="NOUN">costo</instance>
         <wf lemma="al" pos="X">al</wf>
         <instance id="d000.s202.t004" lemma="barile" pos="NOUN">barile</instance>
         <wf lemma="che" pos="X">che</wf>
         <wf lemma="il" pos="X">il</wf>
         <instance id="d000.s202.t005" lemma="ministero" pos="NOUN">ministero</instance>
         <wf lemma="essere" pos="VERB">era</wf>
         <wf lemma="disporre" pos="VERB">disposto</wf>
         <wf lemma="a" pos="X">a</wf>
         <wf lemma="pagare" pos="VERB">pagare</wf>
         <wf lemma="per" pos="X">per</wf>
         <wf lemma="aumentare" pos="VERB">aumentare</wf>
         <wf lemma="il" pos="X">la</wf>
         <instance id="d000.s202.t006" lemma="produzione" pos="NOUN">produzione</instance>
         <wf lemma="al" pos="X">al</wf>
         <wf lemma="di" pos="X">di</wf>
         <wf lemma="sopra" pos="ADV">sopra</wf>
         <wf lemma="del" pos="X">degli</wf>
         <wf lemma="attuale" pos="ADJ">attuali</wf>
         <instance id="d000.s202.t007" lemma="livello" pos="NOUN">livelli</instance>
         <wf lemma="in" pos="X">in</wf>
         <wf lemma="ciascun" pos="X">ciascun</wf>
         <instance id="d000.s202.t008" lemma="campo" pos="NOUN">campo</instance>
         <wf lemma="." pos="X">.</wf>
      </sentence>
      <sentence id="d000.s203" source="semeval2015-it">
         <wf pos="X">Se</wf>
         <instance id="d000.s203.t000" lemma="introdurre" pos="VERB">introduciamo</instance>
         <wf pos="X">la</wf>
         <instance id="d000.s203.t001" lemma="condizione" pos="NOUN">condizione</instance>
         <instance id="d000.s203.t002" lemma="primo" pos="ADJ">prima</instance>
         <wf pos="X">del</wf>
         <wf pos="X">«</wf>
         <wf pos="X">?</wf>
         <wf pos="X">»</wf>
         <wf pos="X">,</wf>
         <wf pos="X">questa</wf>
         <instance id="d000.s203.t003" lemma="condizione" pos="NOUN">condizione</instance>
         <wf lemma="essere" pos="VERB">sarà</wf>
         <instance id="d000.s203.t004" lemma="usare" pos="VERB">usata</instance>
         <wf pos="X">solo</wf>
         <wf pos="X">se</wf>
         <wf lemma="essere" pos="VERB">è</wf>
         <instance id="d000.s203.t005" lemma="vero" pos="ADJ">vera</instance>
         <wf pos="X">se</wf>
         <wf lemma="venire" pos="VERB">viene</wf>
         <instance id="d000.s203.t006" lemma="trovare" pos="VERB">trovato</instance>
         <wf pos="X">un</wf>
         <wf pos="X">«</wf>
         <wf pos="X">?</wf>
         <wf pos="X">»</wf>
         <wf pos="X">senza</wf>
         <instance id="d000.s203.t007" lemma="condizione" pos="NOUN">condizione</instance>
         <wf pos="X">,</wf>
         <wf lemma="venire" pos="VERB">verrà</wf>
         <instance id="d000.s203.t008" lemma="usare" pos="VERB">usato</instance>
         <wf pos="X">come</wf>
         <instance id="d000.s203.t009" lemma="ultimo" pos="ADJ">ultima</instance>
         <instance id="d000.s203.t010" lemma="alternativa" pos="NOUN">alternativa</instance>
         <wf pos="X">.</wf>
      </sentence>
      <sentence id="d000.s204" source="semeval2010-it">
         <wf lemma="L'" pos="X">L'</wf>
         <instance id="d000.s204.t000" lemma="analisi" pos="NOUN">analisi</instance>
         <wf lemma="dei" pos="X">dei</wf>
         <wf lemma="cementi" pos="X">cementi</wf>
         <wf lemma="evidenzia" pos="X">evidenzia</wf>
         <wf lemma="alti" pos="X">alti</wf>
         <wf lemma="tenori" pos="X">tenori</wf>
         <wf lemma="di" pos="X">di</wf>
         <wf lemma="Mg-calcite" pos="X">Mg-calcite</wf>
         <wf lemma="," pos="X">,</wf>
         <wf lemma="dolomite" pos="X">dolomite</wf>
         <wf lemma="e" pos="X">e</wf>
         <wf lemma="aragonite" pos="X">aragonite</wf>
         <wf lemma="," pos="X">,</wf>
         <wf lemma="dove" pos="X">dove</wf>
         <wf lemma="il" pos="X">il</wf>
         <wf lemma="carbonio" pos="X">carbonio</wf>
         <wf lemma="13C" pos="X">13C</wf>
         <wf lemma="è" pos="X">è</wf>
         <wf lemma="impoverito" pos="X">impoverito</wf>
         <wf lemma="," pos="X">,</wf>
         <wf lemma="indice" pos="X">indice</wf>
         <wf lemma="che" pos="X">che</wf>
         <wf lemma="è" pos="X">è</wf>
         <wf lemma="originato" pos="X">originato</wf>
         <wf lemma="dall'" pos="X">dall'</wf>
         <wf lemma="ossidazione" pos="X">ossidazione</wf>
         <wf lemma="di" pos="X">di</wf>
         <wf lemma="metano" pos="X">metano</wf>
         <wf lemma="di" pos="X">di</wf>
         <wf lemma="origine" pos="X">origine</wf>
         <wf lemma="batterica" pos="X">batterica</wf>
         <wf lemma="." pos="X">.</wf>
      </sentence>
      <sentence id="d000.s205" source="semeval2010-it">
         <wf lemma="Benché" pos="X">Benché</wf>
         <wf lemma="gli" pos="X">gli</wf>
         <wf lemma="ecosistemi" pos="X">ecosistemi</wf>
         <wf lemma="all'" pos="X">all'</wf>
         <wf lemma="interno" pos="X">interno</wf>
         <wf lemma="di" pos="X">di</wf>
         <wf lemma="un" pos="X">un</wf>
         <wf lemma="singolo" pos="X">singolo</wf>
         <wf lemma="bioma" pos="X">bioma</wf>
         <wf lemma="condividano" pos="X">condividano</wf>
         <wf lemma="gli" pos="X">gli</wf>
         <wf lemma="stessi" pos="X">stessi</wf>
         <wf lemma="processi" pos="X">processi</wf>
         <wf lemma="ecologici" pos="X">ecologici</wf>
         <wf lemma="e" pos="X">e</wf>
         <wf lemma="i" pos="X">i</wf>
         <wf lemma="tipi" pos="X">tipi</wf>
         <wf lemma="di" pos="X">di</wf>
         <wf lemma="vegetazione" pos="X">vegetazione</wf>
         <wf lemma="," pos="X">,</wf>
         <wf lemma="la" pos="X">la</wf>
         <instance id="d000.s205.t000" lemma="composizione" pos="NOUN">composizione</instance>
         <wf lemma="delle" pos="X">delle</wf>
         <wf lemma="specie" pos="X">specie</wf>
         <wf lemma="varia" pos="X">varia</wf>
         <wf lemma="in" pos="X">in</wf>
         <wf lemma="rapporto" pos="X">rapporto</wf>
         <wf lemma="al" pos="X">al</wf>
         <wf lemma="reame" pos="X">reame</wf>
         <wf lemma="in" pos="X">in</wf>
         <wf lemma="cui" pos="X">cui</wf>
         <wf lemma="si" pos="X">si</wf>
         <wf lemma="." pos="X">.</wf>
      </sentence>
      <sentence id="d000.s206" source="semeval2010-it">
         <wf lemma="Il" pos="X">Il</wf>
         <instance id="d000.s206.t000" lemma="confronto" pos="NOUN">confronto</instance>
         <wf lemma="tra" pos="X">tra</wf>
         <wf lemma="i" pos="X">i</wf>
         <wf lemma="risultati" pos="X">risultati</wf>
         <wf lemma="ottenuti" pos="X">ottenuti</wf>
         <wf lemma="dal" pos="X">dal</wf>
         <wf lemma="lavoro" pos="X">lavoro</wf>
         <wf lemma="di" pos="X">di</wf>
         <instance id="d000.s206.t001" lemma="ricerca" pos="NOUN">ricerca</instance>
         <wf lemma="e" pos="X">e</wf>
         <wf lemma="la" pos="X">la</wf>
         <wf lemma="Rete" pos="X">Rete</wf>
         <wf lemma="Ambientale" pos="X">Ambientale</wf>
         <wf lemma="Regionale" pos="X">Regionale</wf>
         <wf lemma="mostra" pos="X">mostra</wf>
         <wf lemma="una" pos="X">una</wf>
         <wf lemma="sostanziale" pos="X">sostanziale</wf>
         <wf lemma="coerenza" pos="X">coerenza</wf>
         <wf lemma="tra" pos="X">tra</wf>
         <wf lemma="gli" pos="X">gli</wf>
         <wf lemma="ambiti" pos="X">ambiti</wf>
         <wf lemma="di" pos="X">di</wf>
         <instance id="d000.s206.t002" lemma="habitat" pos="NOUN">habitat</instance>
         <wf lemma="idonei" pos="X">idonei</wf>
         <wf lemma="individuati" pos="X">individuati</wf>
         <wf lemma="e" pos="X">e</wf>
         <wf lemma="le" pos="X">le</wf>
         <wf lemma="direttrici" pos="X">direttrici</wf>
         <wf lemma="ambientali" pos="X">ambientali</wf>
         <wf lemma="proposte" pos="X">proposte</wf>
         <wf lemma="e" pos="X">e</wf>
         <wf lemma="," pos="X">,</wf>
         <wf lemma="in" pos="X">in</wf>
         <wf lemma="riferimento" pos="X">riferimento</wf>
         <wf lemma="alla" pos="X">alla</wf>
         <wf lemma="specie" pos="X">specie</wf>
         <wf lemma="considerata" pos="X">considerata</wf>
         <wf lemma="," pos="X">,</wf>
         <wf lemma="si" pos="X">si</wf>
         <wf lemma="possono" pos="X">possono</wf>
         <wf lemma="ipotizzare" pos="X">ipotizzare</wf>
         <wf lemma="nuove" pos="X">nuove</wf>
         <wf lemma="direttrici" pos="X">direttrici</wf>
         <wf lemma="di" pos="X">di</wf>
         <instance id="d000.s206.t003" lemma="ordine" pos="NOUN">ordine</instance>
         <wf lemma="secondario" pos="X">secondario</wf>
         <wf lemma="," pos="X">,</wf>
         <wf lemma="originate" pos="X">originate</wf>
         <wf lemma="dal" pos="X">dal</wf>
         <wf lemma="susseguirsi" pos="X">susseguirsi</wf>
         <wf lemma="di" pos="X">di</wf>
         <wf lemma="aree" pos="X">aree</wf>
         <wf lemma="idonee" pos="X">idonee</wf>
         <wf lemma="individuate" pos="X">individuate</wf>
         <wf lemma="dal" pos="X">dal</wf>
         <wf lemma="modello" pos="X">modello</wf>
         <wf lemma="di" pos="X">di</wf>
         <instance id="d000.s206.t004" lemma="habitat" pos="NOUN">habitat</instance>
         <wf lemma="proposto" pos="X">proposto</wf>
         <wf lemma="(" pos="X">(</wf>
         <wf lemma="figura" pos="X">figura</wf>
         <wf lemma="2" pos="X">2</wf>
         <wf lemma=")" pos="X">)</wf>
         <wf lemma="." pos="X">.</wf>
      </sentence>
      <sentence id="d000.s207" source="semeval2010-it">
         <wf lemma="Nel" pos="X">Nel</wf>
         <wf lemma="golfo" pos="X">golfo</wf>
         <wf lemma="di" pos="X">di</wf>
         <wf lemma="Trieste" pos="X">Trieste</wf>
         <wf lemma="si" pos="X">si</wf>
         <wf lemma="un" pos="X">un</wf>
         <wf lemma="cospicuo" pos="X">cospicuo</wf>
         <wf lemma="numero" pos="X">numero</wf>
         <wf lemma="di" pos="X">di</wf>
         <wf lemma="questi" pos="X">questi</wf>
         <instance id="d000.s207.t000" lemma="affioramento" pos="NOUN">affioramenti</instance>
         <wf lemma="rocciosi" pos="X">rocciosi</wf>
         <wf lemma="che" pos="X">che</wf>
         <wf lemma="sono" pos="X">sono</wf>
         <wf lemma="stati" pos="X">stati</wf>
         <wf lemma="e" pos="X">e</wf>
         <wf lemma="continuano" pos="X">continuano</wf>
         <wf lemma="ad" pos="X">ad</wf>
         <wf lemma="essere" pos="X">essere</wf>
         <wf lemma="oggetto" pos="X">oggetto</wf>
         <wf lemma="di" pos="X">di</wf>
         <wf lemma="interesse" pos="X">interesse</wf>
         <wf lemma="scientifico" pos="X">scientifico</wf>
         <wf lemma="ed" pos="X">ed</wf>
         <wf lemma="economico" pos="X">economico</wf>
         <wf lemma="." pos="X">.</wf>
      </sentence>
      <sentence id="d000.s208" source="semeval2010-it">
         <wf lemma="Il" pos="X">Il</wf>
         <wf lemma="lavoro" pos="X">lavoro</wf>
         <wf lemma="di" pos="X">di</wf>
         <instance id="d000.s208.t000" lemma="ricerca" pos="NOUN">ricerca</instance>
         <wf lemma="," pos="X">,</wf>
         <wf lemma="che" pos="X">che</wf>
         <wf lemma="ha" pos="X">ha</wf>
         <wf lemma="teso" pos="X">teso</wf>
         <wf lemma="approfondire" pos="X">approfondire</wf>
         <wf lemma="strumenti" pos="X">strumenti</wf>
         <wf lemma="e" pos="X">e</wf>
         <wf lemma="metodi" pos="X">metodi</wf>
         <wf lemma="per" pos="X">per</wf>
         <instance id="d000.s208.t001" lemma="analisi" pos="NOUN">analisi</instance>
         <wf lemma="di" pos="X">di</wf>
         <wf lemma="dettaglio" pos="X">dettaglio</wf>
         <wf lemma="in" pos="X">in</wf>
         <wf lemma="merito" pos="X">merito</wf>
         <wf lemma="alla" pos="X">alla</wf>
         <wf lemma="reti" pos="X">reti</wf>
         <wf lemma="ecologiche" pos="X">ecologiche</wf>
         <wf lemma="espresse" pos="X">espresse</wf>
         <wf lemma="nell'" pos="X">nell'</wf>
         <wf lemma="ambito" pos="X">ambito</wf>
         <wf lemma="della" pos="X">della</wf>
         <wf lemma="Rete" pos="X">Rete</wf>
         <wf lemma="Ambientale" pos="X">Ambientale</wf>
         <wf lemma="," pos="X">,</wf>
         <wf lemma="ha" pos="X">ha</wf>
         <wf lemma="evidenziato" pos="X">evidenziato</wf>
         <wf lemma="la" pos="X">la</wf>
         <wf lemma="necessità" pos="X">necessità</wf>
         <wf lemma="di" pos="X">di</wf>
         <wf lemma="un" pos="X">un</wf>
         <wf lemma="approccio" pos="X">approccio</wf>
         <wf lemma="multidisciplinare" pos="X">multidisciplinare</wf>
         <wf lemma="ed" pos="X">ed</wf>
         <wf lemma="alla" pos="X">alla</wf>
         <wf lemma="scala" pos="X">scala</wf>
         <wf lemma="di" pos="X">di</wf>
         <wf lemma="paesaggio" pos="X">paesaggio</wf>
         <wf lemma="per" pos="X">per</wf>
         <wf lemma="la" pos="X">la</wf>
         <wf lemma="definizione" pos="X">definizione</wf>
         <wf lemma="di" pos="X">di</wf>
         <wf lemma="strumenti" pos="X">strumenti</wf>
         <wf lemma="con" pos="X">con</wf>
         <wf lemma="funzioni" pos="X">funzioni</wf>
         <wf lemma="di" pos="X">di</wf>
         <wf lemma="sistema" pos="X">sistema</wf>
         <wf lemma="di" pos="X">di</wf>
         <wf lemma="supporto" pos="X">supporto</wf>
         <wf lemma="alle" pos="X">alle</wf>
         <wf lemma="decisioni" pos="X">decisioni</wf>
         <wf lemma="che" pos="X">che</wf>
         <wf lemma="possono" pos="X">possono</wf>
         <wf lemma="svolgere" pos="X">svolgere</wf>
         <wf lemma="un" pos="X">un</wf>
         <wf lemma="ruolo" pos="X">ruolo</wf>
         <wf lemma="importante" pos="X">importante</wf>
         <wf lemma="nella" pos="X">nella</wf>
         <wf lemma="comparazione" pos="X">comparazione</wf>
         <wf lemma="di" pos="X">di</wf>
         <wf lemma="diverse" pos="X">diverse</wf>
         <wf lemma="strategie" pos="X">strategie</wf>
         <wf lemma="di" pos="X">di</wf>
         <wf lemma="gestione" pos="X">gestione</wf>
         <wf lemma="territoriale" pos="X">territoriale</wf>
         <wf lemma="." pos="X">.</wf>
      </sentence>
      <sentence id="d000.s209" source="semeval2015-it">
         <wf pos="X">Nei</wf>
         <instance id="d000.s209.t000" lemma="paziente" pos="NOUN">pazienti</instance>
         <wf pos="X">che</wf>
         <wf pos="X">in</wf>
         <instance id="d000.s209.t001" lemma="passato" pos="NOUN">passato</instance>
         <wf lemma="essere" pos="VERB">erano</wf>
         <wf lemma="essere" pos="VERB">stati</wf>
         <wf lemma="sottoporre" pos="VERB">sottoposti</wf>
         <wf pos="X">a</wf>
         <instance id="d000.s209.t002" lemma="chemioterapia" pos="NOUN">chemioterapia</instance>
         <wf pos="X">,</wf>
         <wf pos="X">il</wf>
         <instance id="d000.s209.t003" lemma="tempo" pos="NOUN">tempo</instance>
         <wf pos="X">di</wf>
         <instance id="d000.s209.t004" lemma="sopravvivenza" pos="NOUN">sopravvivenza</instance>
         <instance id="d000.s209.t005" lemma="medio" pos="ADJ">medio</instance>
         <wf lemma="essere" pos="VERB">è</wf>
         <wf lemma="essere" pos="VERB">stato</wf>
         <wf pos="X">di</wf>
         <wf pos="X">8,3</wf>
         <instance id="d000.s209.t006" lemma="mese" pos="NOUN">mesi</instance>
         <wf pos="X">con</wf>
         <wf lemma="alimta" pos="NOUN">Alimta</wf>
         <wf pos="X">,</wf>
         <wf pos="X">contro</wf>
         <wf pos="X">7,9</wf>
         <wf pos="X">con</wf>
         <wf lemma="docetaxel" pos="NOUN">docetaxel</wf>
         <wf pos="X">.</wf>
      </sentence>
      <sentence id="d000.s210" source="semeval2015-it">
         <wf pos="X">Quali</wf>
         <wf lemma="studio" pos="NOUN">studi</wf>
         <wf lemma="essere" pos="VERB">sono</wf>
         <wf lemma="essere" pos="VERB">stati</wf>
         <instance id="d000.s210.t000" lemma="effettuare" pos="VERB">effettuati</instance>
         <wf pos="X">su</wf>
         <wf lemma="alimta" pos="NOUN">Alimta</wf>
         <wf pos="X">?</wf>
      </sentence>
      <sentence id="d000.s211" source="semeval2013-it">
         <wf lemma="ma" pos="X">Ma</wf>
         <wf lemma="il" pos="X">la</wf>
         <wf lemma="partita" pos="NOUN">partita</wf>
         <wf lemma="," pos="X">,</wf>
         <wf lemma="nonostante" pos="X">nonostante</wf>
         <wf lemma="il" pos="X">l'</wf>
         <wf lemma="arrivo" pos="NOUN">arrivo</wf>
         <wf lemma="imminente" pos="ADJ">imminente</wf>
         <wf lemma="del" pos="X">dell'</wf>
         <wf lemma="intervallo" pos="NOUN">intervallo</wf>
         <wf lemma="," pos="X">,</wf>
         <wf lemma="non" pos="ADV">non</wf>
         <wf lemma="essere" pos="VERB">era</wf>
         <wf lemma="più" pos="ADV">più</wf>
         <wf lemma="decidere" pos="VERB">decisa</wf>
         <wf lemma="e" pos="X">e</wf>
         <wf lemma="il" pos="X">i</wf>
         <wf lemma="Maccabees" pos="NOUN">Maccabees</wf>
         <wf lemma="avere" pos="VERB">hanno</wf>
         <wf lemma="cercare" pos="VERB">cercato</wf>
         <wf lemma="di" pos="X">di</wf>
         <wf lemma="ricordare" pos="VERB">ricordare</wf>
         <wf lemma="al" pos="X">ai</wf>
         <wf lemma="Vitoriani" pos="NOUN">Vitoriani</wf>
         <wf lemma="che" pos="X">che</wf>
         <wf lemma="non" pos="ADV">non</wf>
         <wf lemma="essere" pos="VERB">è</wf>
         <wf lemma="da" pos="X">da</wf>
         <wf lemma="tutto" pos="X">tutti</wf>
         <wf lemma="vincere" pos="VERB">vincere</wf>
         <wf lemma="sul" pos="X">sul</wf>
         <wf lemma="proprio" pos="ADJ">proprio</wf>
         <instance id="d000.s211.t000" lemma="campo" pos="NOUN">campo</instance>
         <wf lemma="," pos="X">,</wf>
         <wf lemma="e" pos="X">e</wf>
         <wf lemma="con" pos="X">con</wf>
         <wf lemma="il" pos="X">la</wf>
         <wf lemma="&quot;" pos="X">&quot;</wf>
         <wf lemma="&quot;" pos="X">&quot;</wf>
         <instance id="d000.s211.t001" lemma="mano" pos="NOUN">mano</instance>
         <wf lemma="di" pos="X">di</wf>
         <wf lemma="Elia" pos="NOUN">Elia</wf>
         <wf lemma="&quot;" pos="X">&quot;</wf>
         <wf lemma="&quot;" pos="X">&quot;</wf>
         <wf lemma="su" pos="ADV">su</wf>
         <wf lemma="di" pos="X">di</wf>
         <wf lemma="loro" pos="X">loro</wf>
         <wf lemma="," pos="X">,</wf>
         <wf lemma="essere|sonare" pos="VERB">sono</wf>
         <wf lemma="riuscire" pos="VERB">riusciti</wf>
         <wf lemma="rimettere" pos="VERB">rimettersi</wf>
         <wf lemma="in" pos="X">in</wf>
         <instance id="d000.s211.t002" lemma="gioco" pos="NOUN">gioco</instance>
         <wf lemma="." pos="X">.</wf>
      </sentence>
      <sentence id="d000.s212" source="semeval2015-it">
         <wf pos="X">In</wf>
         <instance id="d000.s212.t000" lemma="combinazione" pos="NOUN">combinazione</instance>
         <wf pos="X">con</wf>
         <wf pos="X">altre</wf>
         <instance id="d000.s212.t001" lemma="misura" pos="NOUN">misure</instance>
         <wf pos="X">di</wf>
         <instance id="d000.s212.t002" lemma="supporto" pos="NOUN">supporto</instance>
         <wf pos="X">,</wf>
         <wf pos="X">per</wf>
         <instance id="d000.s212.t003" lemma="esempio" pos="NOUN">esempio</instance>
         <instance id="d000.s212.t004" lemma="altro" pos="ADJ">altre</instance>
         <instance id="d000.s212.t005" lemma="terapia" pos="NOUN">terapie</instance>
         <instance id="d000.s212.t006" lemma="veterinario" pos="ADJ">veterinarie</instance>
         <wf pos="X">o</wf>
         <wf pos="X">una</wf>
         <instance id="d000.s212.t007" lemma="dieta" pos="NOUN">dieta</instance>
         <instance id="d000.s212.t008" lemma="speciale" pos="ADJ">speciale</instance>
         <wf pos="X">,</wf>
         <wf lemma="cerenia" pos="NOUN">Cerenia</wf>
         <wf lemma="potere" pos="VERB">può</wf>
         <wf pos="X">anche</wf>
         <wf lemma="essere" pos="VERB">essere</wf>
         <instance id="d000.s212.t009" lemma="usare" pos="VERB">usato</instance>
         <wf pos="X">nel</wf>
         <instance id="d000.s212.t010" lemma="trattamento" pos="NOUN">trattamento</instance>
         <wf pos="X">del</wf>
         <instance id="d000.s212.t011" lemma="vomito" pos="NOUN">vomito</instance>
         <wf pos="X">(</wf>
         <wf pos="X">sia</wf>
         <wf pos="X">come</wf>
         <instance id="d000.s212.t012" lemma="iniezione" pos="NOUN">iniezione</instance>
         <wf pos="X">che</wf>
         <wf pos="X">come</wf>
         <instance id="d000.s212.t013" lemma="iniezione" pos="NOUN">iniezione</instance>
         <instance id="d000.s212.t014" lemma="seguire" pos="VERB">seguita</instance>
         <wf pos="X">da</wf>
         <instance id="d000.s212.t015" lemma="compressa" pos="NOUN">compresse</instance>
         <wf pos="X">)</wf>
         <wf pos="X">.</wf>
      </sentence>
      <sentence id="d000.s213" source="semeval2013-it">
         <wf lemma="una" pos="X">Una</wf>
         <wf lemma="decina" pos="NOUN">decina</wf>
         <wf lemma="di" pos="X">di</wf>
         <instance id="d000.s213.t000" lemma="anno" pos="NOUN">anni</instance>
         <wf lemma="fare" pos="VERB">fa</wf>
         <wf lemma="," pos="X">,</wf>
         <wf lemma="il" pos="X">le</wf>
         <instance id="d000.s213.t001" lemma="difficoltà" pos="NOUN">difficoltà</instance>
         <wf lemma="economico" pos="ADJ">economiche</wf>
         <wf lemma="in" pos="X">in</wf>
         <instance id="d000.s213.t002" lemma="america_latina" pos="NOUN">America_Latina</instance>
         <wf lemma="avere" pos="VERB">hanno</wf>
         <wf lemma="minare" pos="VERB">minato</wf>
         <wf lemma="il" pos="X">il</wf>
         <instance id="d000.s213.t003" lemma="sostegno" pos="NOUN">sostegno</instance>
         <wf lemma="al" pos="X">alla</wf>
         <instance id="d000.s213.t004" lemma="democrazia" pos="NOUN">democrazia</instance>
         <wf lemma="." pos="X">.</wf>
      </sentence>
      <sentence id="d000.s214" source="semeval2015-it">
         <wf pos="X">Per</wf>
         <instance id="d000.s214.t000" lemma="ridurre" pos="VERB">ridurre</instance>
         <wf pos="X">gli</wf>
         <instance id="d000.s214.t001" lemma="effetto" pos="NOUN">effetti</instance>
         <wf lemma="indesiderato" pos="ADJ">indesiderati</wf>
         <wf pos="X">,</wf>
         <wf pos="X">i</wf>
         <instance id="d000.s214.t002" lemma="paziente" pos="NOUN">pazienti</instance>
         <wf lemma="dovere" pos="VERB">devono</wf>
         <instance id="d000.s214.t003" lemma="assumere" pos="VERB">assumere</instance>
         <wf pos="X">un</wf>
         <instance id="d000.s214.t004" lemma="corticosteroide" pos="NOUN">corticosteroide</instance>
         <wf pos="X">e</wf>
         <instance id="d000.s214.t005" lemma="acido" pos="NOUN">acido</instance>
         <wf lemma="folico" pos="ADJ">folico</wf>
         <wf pos="X">(</wf>
         <wf pos="X">un</wf>
         <instance id="d000.s214.t006" lemma="tipo" pos="NOUN">tipo</instance>
         <wf pos="X">di</wf>
         <instance id="d000.s214.t007" lemma="vitamina" pos="NOUN">vitamina</instance>
         <wf pos="X">)</wf>
         <wf pos="X">e</wf>
         <instance id="d000.s214.t008" lemma="ricevere" pos="VERB">ricevere</instance>
         <instance id="d000.s214.t009" lemma="iniezione" pos="NOUN">iniezioni</instance>
         <wf pos="X">di</wf>
         <instance id="d000.s214.t010" lemma="vitamina" pos="NOUN">vitamina</instance>
         <wf lemma="b12" pos="NOUN">B12</wf>
         <wf pos="X">durante</wf>
         <wf pos="X">il</wf>
         <instance id="d000.s214.t011" lemma="trattamento" pos="NOUN">trattamento</instance>
         <wf pos="X">con</wf>
         <wf lemma="alimta" pos="NOUN">Alimta</wf>
         <wf pos="X">.</wf>
      </sentence>
      <sentence id="d000.s215" source="semeval2013-it">
         <wf lemma="più" pos="ADV">Più</wf>
         <wf lemma="recentemente" pos="ADV">recentemente</wf>
         <wf lemma="," pos="X">,</wf>
         <wf lemma="essere" pos="VERB">è</wf>
         <wf lemma="il" pos="X">l'</wf>
         <wf lemma="abuso" pos="NOUN">abuso</wf>
         <wf lemma="amministrativo" pos="ADJ">amministrativo</wf>
         <wf lemma="sul" pos="X">sugli</wf>
         <instance id="d000.s215.t000" lemma="studente" pos="NOUN">studenti</instance>
         <wf lemma="straniero" pos="ADJ">stranieri</wf>
         <wf lemma="," pos="X">,</wf>
         <wf lemma="che" pos="X">che</wf>
         <wf lemma="essere" pos="VERB">è</wf>
         <wf lemma="al" pos="X">al</wf>
         <wf lemma="centro_dell'attenzione" pos="NOUN">centro dell'attenzione</wf>
         <wf lemma="," pos="X">,</wf>
         <wf lemma="con" pos="X">con</wf>
         <wf lemma="il" pos="X">il</wf>
         <wf lemma="ministro_degli_interni" pos="NOUN">ministro_degli_Interni</wf>
         <wf lemma="(" pos="X">(</wf>
         <wf lemma="&quot;" pos="X">&quot;</wf>
         <wf lemma="liberazione" pos="NOUN">Liberazione</wf>
         <wf lemma="&quot;" pos="X">&quot;</wf>
         <wf lemma="il" pos="X">il</wf>
         <wf lemma="@card@" pos="NOUN">23</wf>
         <instance id="d000.s215.t001" lemma="maggio" pos="NOUN">maggio</instance>
         <wf lemma=")" pos="X">)</wf>
         <wf lemma="che" pos="X">che</wf>
         <wf lemma="dichiarare" pos="VERB">dichiara</wf>
         <wf lemma="che" pos="X">che</wf>
         <wf lemma="il" pos="X">la</wf>
         <instance id="d000.s215.t002" lemma="Francia" pos="NOUN">Francia</instance>
         <wf lemma="&quot;" pos="X">&quot;</wf>
         <wf lemma="non" pos="ADV">non</wf>
         <wf lemma="avere" pos="VERB">ha</wf>
         <instance id="d000.s215.t003" lemma="bisogno" pos="NOUN">bisogno</instance>
         <wf lemma="di" pos="X">di</wf>
         <instance id="d000.s215.t004" lemma="talento" pos="NOUN">talenti</instance>
         <wf lemma="straniero" pos="ADJ">stranieri</wf>
         <wf lemma="," pos="X">,</wf>
         <instance id="d000.s215.t005" lemma="muratore" pos="NOUN">muratori</instance>
         <wf lemma="e" pos="X">e</wf>
         <instance id="d000.s215.t006" lemma="cameriere" pos="NOUN">camerieri</instance>
         <wf lemma="." pos="X">.</wf>
         <wf lemma="&quot;" pos="X">&quot;</wf>
      </sentence>
      <sentence id="d000.s216" source="semeval2013-it">
         <wf lemma="c'" pos="X">C'</wf>
         <wf lemma="essere" pos="VERB">è</wf>
         <wf lemma="molto" pos="ADV">molto</wf>
         <instance id="d000.s216.t000" lemma="consenso" pos="NOUN">consenso</instance>
         <wf lemma="tra" pos="X">tra</wf>
         <wf lemma="il" pos="X">la</wf>
         <instance id="d000.s216.t001" lemma="sinistra" pos="NOUN">sinistra</instance>
         <wf lemma="e" pos="X">e</wf>
         <wf lemma="il" pos="X">la</wf>
         <instance id="d000.s216.t002" lemma="destra" pos="NOUN">destra</instance>
         <wf lemma="su" pos="X">su</wf>
         <wf lemma="questo" pos="X">questo</wf>
         <wf lemma="tema" pos="NOUN">tema</wf>
         <wf lemma="." pos="X">.</wf>
      </sentence>
      <sentence id="d000.s217" source="semeval2010-it">
         <wf lemma="associazione" pos="X">associazione</wf>
         <wf lemma="tra" pos="X">tra</wf>
         <wf lemma="specie" pos="X">specie</wf>
         <wf lemma="ed" pos="X">ed</wf>
         <instance id="d000.s217.t000" lemma="habitat" pos="NOUN">habitat</instance>
      </sentence>
      <sentence id="d000.s218" source="semeval2015-it">
         <wf pos="X">La</wf>
         <instance id="d000.s218.t000" lemma="dose" pos="NOUN">dose</instance>
         <wf lemma="raccomandata" pos="NOUN">raccomandata</wf>
         <wf pos="X">di</wf>
         <wf lemma="alimta" pos="NOUN">Alimta</wf>
         <wf lemma="essere" pos="VERB">è</wf>
         <wf pos="X">di</wf>
         <wf pos="X">500</wf>
         <instance id="d000.s218.t001" lemma="mg" pos="NOUN">mg</instance>
         <wf pos="X">per</wf>
         <instance id="d000.s218.t002" lemma="metro" pos="NOUN">metro</instance>
         <wf lemma="quadrato" pos="NOUN">quadrato</wf>
         <wf pos="X">di</wf>
         <instance id="d000.s218.t003" lemma="superficie" pos="NOUN">superficie</instance>
         <instance id="d000.s218.t004" lemma="corporeo" pos="ADJ">corporea</instance>
         <wf pos="X">(</wf>
         <instance id="d000.s218.t005" lemma="calcolare" pos="VERB">calcolata</instance>
         <instance id="d000.s218.t006" lemma="utilizzare" pos="VERB">utilizzando</instance>
         <wf pos="X">l</wf>
         <instance id="d000.s218.t007" lemma="altezza" pos="NOUN">altezza</instance>
         <wf pos="X">e</wf>
         <wf pos="X">il</wf>
         <instance id="d000.s218.t008" lemma="peso" pos="NOUN">peso</instance>
         <wf pos="X">del</wf>
         <instance id="d000.s218.t009" lemma="paziente" pos="NOUN">paziente</instance>
         <wf pos="X">)</wf>
         <wf pos="X">da</wf>
         <instance id="d000.s218.t010" lemma="somministrare" pos="VERB">somministrare</instance>
         <wf pos="X">per</wf>
         <wf lemma="infusione" pos="NOUN">infusione</wf>
         <instance id="d000.s218.t011" lemma="endovenoso" pos="ADJ">endovenosa</instance>
         <wf pos="X">in</wf>
         <wf pos="X">10</wf>
         <instance id="d000.s218.t012" lemma="minuto" pos="NOUN">minuti</instance>
         <wf pos="X">una</wf>
         <instance id="d000.s218.t013" lemma="volta" pos="NOUN">volta</instance>
         <instance id="d000.s218.t014" lemma="ogni" pos="ADJ">ogni</instance>
         <instance id="d000.s218.t015" lemma="tre" pos="ADJ">tre</instance>
         <instance id="d000.s218.t016" lemma="settimana" pos="NOUN">settimane</instance>
         <wf pos="X">.</wf>
      </sentence>
      <sentence id="d000.s219" source="semeval2013-it">
         <wf lemma="alcuno" pos="X">Alcuni</wf>
         <wf lemma="del" pos="X">dei</wf>
         <instance id="d000.s219.t000" lemma="giurato" pos="NOUN">giurati</instance>
         <wf lemma="avere" pos="VERB">hanno</wf>
         <wf lemma="dire" pos="VERB">detto</wf>
         <wf lemma="che" pos="X">che</wf>
         <wf lemma="essere" pos="VERB">erano</wf>
         <wf lemma="inorridire" pos="VERB">inorriditi</wf>
         <wf lemma="dal" pos="X">dalle</wf>
         <instance id="d000.s219.t001" lemma="fotografia" pos="NOUN">fotografie</instance>
         <wf lemma="del" pos="X">delle</wf>
         <instance id="d000.s219.t002" lemma="vittima" pos="NOUN">vittime</instance>
         <wf lemma="," pos="X">,</wf>
         <wf lemma="Jennifer" pos="NOUN">Jennifer</wf>
         <wf lemma="Hawke-Petit" pos="NOUN">Hawke-Petit</wf>
         <wf lemma="," pos="X">,</wf>
         <wf lemma="@card@" pos="NOUN">48</wf>
         <instance id="d000.s219.t003" lemma="anno" pos="NOUN">anni</instance>
         <wf lemma="," pos="X">,</wf>
         <wf lemma="e" pos="X">e</wf>
         <wf lemma="il" pos="X">le</wf>
         <wf lemma="suo" pos="X">sue</wf>
         <instance id="d000.s219.t004" lemma="figlio" pos="NOUN">figlie</instance>
         <wf lemma="," pos="X">,</wf>
         <wf lemma="Hayley" pos="NOUN">Hayley</wf>
         <wf lemma="," pos="X">,</wf>
         <wf lemma="@card@" pos="NOUN">17</wf>
         <wf lemma="," pos="X">,</wf>
         <wf lemma="e" pos="X">e</wf>
         <wf lemma="Michaela" pos="VERB">Michaela</wf>
         <wf lemma="," pos="X">,</wf>
         <wf lemma="@card@" pos="NOUN">11</wf>
         <wf lemma="." pos="X">.</wf>
      </sentence>
      <sentence id="d000.s220" source="semeval2010-it">
         <wf lemma="Ogni" pos="X">Ogni</wf>
         <wf lemma="livello" pos="X">livello</wf>
         <wf lemma="viene" pos="X">viene</wf>
         <wf lemma="ad" pos="X">ad</wf>
         <wf lemma="essere" pos="X">essere</wf>
         <wf lemma="approfondito" pos="X">approfondito</wf>
         <wf lemma="e" pos="X">e</wf>
         <wf lemma="specificato" pos="X">specificato</wf>
         <wf lemma="nel" pos="X">nel</wf>
         <wf lemma="livello" pos="X">livello</wf>
         <wf lemma="inferiore" pos="X">inferiore</wf>
         <wf lemma="e" pos="X">e</wf>
         <wf lemma="si" pos="X">si</wf>
         <wf lemma="integra" pos="X">integra</wf>
         <wf lemma="e" pos="X">e</wf>
         <wf lemma="si" pos="X">si</wf>
         <wf lemma="in" pos="X">in</wf>
         <wf lemma="quello" pos="X">quello</wf>
         <wf lemma="superiore" pos="X">superiore</wf>
         <wf lemma="," pos="X">,</wf>
         <wf lemma="creando" pos="X">creando</wf>
         <wf lemma="un" pos="X">un</wf>
         <wf lemma="apparato" pos="X">apparato</wf>
         <wf lemma="articolato" pos="X">articolato</wf>
         <wf lemma="secondo" pos="X">secondo</wf>
         <wf lemma="maglie" pos="X">maglie</wf>
         <wf lemma="di" pos="X">di</wf>
         <wf lemma="diverso" pos="X">diverso</wf>
         <instance id="d000.s220.t000" lemma="ordine" pos="NOUN">ordine</instance>
         <wf lemma="." pos="X">.</wf>
      </sentence>
      <sentence id="d000.s221" source="semeval2015-it">
         <wf lemma="venire" pos="VERB">Vengono</wf>
         <instance id="d000.s221.t000" lemma="esaminare" pos="VERB">esaminati</instance>
         <wf pos="X">anche</wf>
         <wf pos="X">i</wf>
         <instance id="d000.s221.t001" lemma="punto" pos="NOUN">punti</instance>
         <wf pos="X">di</wf>
         <wf lemma="vista" pos="NOUN">vista</wf>
         <wf pos="X">delle</wf>
         <instance id="d000.s221.t002" lemma="parte" pos="NOUN">parti</instance>
         <instance id="d000.s221.t003" lemma="sociale" pos="ADJ">sociali</instance>
         <wf pos="X">,</wf>
         <instance id="d000.s221.t004" lemma="dedicare" pos="VERB">dedicando</instance>
         <wf pos="X">un'</wf>
         <instance id="d000.s221.t005" lemma="attenzione" pos="NOUN">attenzione</instance>
         <instance id="d000.s221.t006" lemma="particolare" pos="ADJ">particolare</instance>
         <wf pos="X">alle</wf>
         <instance id="d000.s221.t007" lemma="proposta" pos="NOUN">proposte</instance>
         <wf lemma="volto" pos="ADJ">volte</wf>
         <wf pos="X">ad</wf>
         <instance id="d000.s221.t008" lemma="eliminare" pos="VERB">eliminare</instance>
         <wf pos="X">le</wf>
         <instance id="d000.s221.t009" lemma="barriera" pos="NOUN">barriere</instance>
         <wf lemma="inerente" pos="ADJ">inerenti</wf>
         <wf pos="X">all'</wf>
         <instance id="d000.s221.t010" lemma="età" pos="NOUN">età</instance>
         <wf pos="X">.</wf>
      </sentence>
      <sentence id="d000.s222" source="semeval2013-it">
         <wf lemma="il" pos="X">Il</wf>
         <wf lemma="secondo" pos="ADJ">secondo</wf>
         <instance id="d000.s222.t000" lemma="quarto" pos="NOUN">quarto</instance>
         <wf lemma="essere" pos="VERB">è</wf>
         <wf lemma="essere|stare" pos="VERB">stato</wf>
         <wf lemma="più" pos="ADV">più</wf>
         <wf lemma="o" pos="X">o</wf>
         <wf lemma="meno" pos="ADV">meno</wf>
         <wf lemma="il" pos="X">lo</wf>
         <wf lemma="stesso" pos="ADJ">stesso</wf>
         <wf lemma="," pos="X">,</wf>
         <wf lemma="ma" pos="X">ma</wf>
         <wf lemma="il" pos="X">la</wf>
         <instance id="d000.s222.t001" lemma="squadra" pos="NOUN">squadra</instance>
         <wf lemma="di" pos="X">di</wf>
         <wf lemma="Alavan" pos="NOUN">Alavan</wf>
         <wf lemma="avere" pos="VERB">ha</wf>
         <wf lemma="optare" pos="VERB">optato</wf>
         <wf lemma="per" pos="X">per</wf>
         <wf lemma="il" pos="X">il</wf>
         <instance id="d000.s222.t002" lemma="gioco" pos="NOUN">gioco</instance>
         <wf lemma="interno" pos="ADJ">interno</wf>
         <wf lemma="di" pos="X">di</wf>
         <wf lemma="Barac" pos="NOUN">Barac</wf>
         <wf lemma="e" pos="X">e</wf>
         <wf lemma="il" pos="X">il</wf>
         <instance id="d000.s222.t003" lemma="lavoro" pos="NOUN">lavoro</instance>
         <wf lemma="di" pos="X">di</wf>
         <wf lemma="Eliyahy" pos="NOUN">Eliyahy</wf>
         <wf lemma="," pos="X">,</wf>
         <wf lemma="che" pos="X">che</wf>
         <wf lemma="essere" pos="VERB">è</wf>
         <wf lemma="essere|stare" pos="VERB">stato</wf>
         <wf lemma="accogliere" pos="VERB">accolto</wf>
         <wf lemma="con" pos="X">con</wf>
         <instance id="d000.s222.t004" lemma="fischio" pos="NOUN">fischi</instance>
         <wf lemma="e" pos="X">e</wf>
         <instance id="d000.s222.t005" lemma="applauso" pos="NOUN">applausi</instance>
         <wf lemma="al" pos="X">al</wf>
         <wf lemma="suo" pos="X">suo</wf>
         <instance id="d000.s222.t006" lemma="ritorno" pos="NOUN">ritorno</instance>
         <wf lemma="," pos="X">,</wf>
         <wf lemma="per" pos="X">per</wf>
         <wf lemma="continuare" pos="VERB">continuare</wf>
         <wf lemma="ad" pos="X">ad</wf>
         <wf lemma="incrementare" pos="VERB">incrementare</wf>
         <wf lemma="il" pos="X">il</wf>
         <wf lemma="loro" pos="X">loro</wf>
         <wf lemma="vantaggio" pos="NOUN">vantaggio</wf>
         <wf lemma="primo" pos="ADJ">prima</wf>
         <wf lemma="del" pos="X">dell'</wf>
         <wf lemma="intervallo" pos="NOUN">intervallo</wf>
         <wf lemma="(" pos="X">(</wf>
         <wf lemma="@card@" pos="NOUN">34-43</wf>
         <wf lemma=")" pos="X">)</wf>
      </sentence>
      <sentence id="d000.s223" source="semeval2015-it">
         <wf pos="X">Che</wf>
         <instance id="d000.s223.t000" lemma="cosa" pos="NOUN">cos</instance>
         <wf lemma="essere" pos="VERB">è</wf>
         <wf lemma="alimta" pos="NOUN">Alimta</wf>
         <wf pos="X">?</wf>
      </sentence>
      <sentence id="d000.s224" source="semeval2013-it">
         <wf lemma="il" pos="X">Il</wf>
         <instance id="d000.s224.t000" lemma="direttore" pos="NOUN">Direttore</instance>
         <wf lemma="del" pos="X">della</wf>
         <instance id="d000.s224.t001" lemma="banca" pos="NOUN">banca</instance>
         <wf lemma="Kenneth" pos="NOUN">Kenneth</wf>
         <wf lemma="Lewis" pos="NOUN">Lewis</wf>
         <wf lemma="avere" pos="VERB">ha</wf>
         <wf lemma="estendere" pos="VERB">esteso</wf>
         <wf lemma="il" pos="X">i</wf>
         <wf lemma="suo" pos="X">suoi</wf>
         <wf lemma="sentito" pos="ADJ">sentiti</wf>
         <instance id="d000.s224.t002" lemma="ringraziamento" pos="NOUN">ringraziamenti</instance>
         <instance id="d000.s224.t003" lemma="mercoledì" pos="NOUN">Mercoledì</instance>
         <instance id="d000.s224.t004" lemma="sera" pos="NOUN">sera</instance>
         <wf lemma="verso" pos="X">verso</wf>
         <wf lemma="il" pos="X">il</wf>
         <instance id="d000.s224.t005" lemma="contribuente" pos="NOUN">contribuente</instance>
         <wf lemma="americano" pos="ADJ">americano</wf>
         <wf lemma=":" pos="X">:</wf>
         <wf lemma="il" pos="X">gli</wf>
         <wf lemma="introito" pos="NOUN">introiti</wf>
         <wf lemma="di" pos="X">di</wf>
         <instance id="d000.s224.t006" lemma="denaro" pos="NOUN">denaro</instance>
         <wf lemma="avere" pos="VERB">hanno</wf>
         <wf lemma="aiutare" pos="VERB">aiutato</wf>
         <wf lemma="in" pos="X">in</wf>
         <wf lemma="un" pos="X">un</wf>
         <instance id="d000.s224.t007" lemma="momento" pos="NOUN">momento</instance>
         <wf lemma="molto" pos="ADV">molto</wf>
         <wf lemma="difficile" pos="ADJ">difficile</wf>
         <wf lemma="." pos="X">.</wf>
      </sentence>
      <sentence id="d000.s225" source="semeval2013-it">
         <wf lemma="xavi_hernandez" pos="NOUN">Xavi_Hernandez</wf>
         <wf lemma="," pos="X">,</wf>
         <wf lemma="il" pos="X">il</wf>
         <instance id="d000.s225.t000" lemma="giocatore" pos="NOUN">giocatore</instance>
         <wf lemma="del" pos="X">del</wf>
         <wf lemma="Barcellona" pos="NOUN">Barcellona</wf>
         <wf lemma="," pos="X">,</wf>
         <wf lemma="avere" pos="VERB">ha</wf>
         <wf lemma="@card@" pos="NOUN">106</wf>
         <wf lemma="partita" pos="NOUN">partite</wf>
         <wf lemma="." pos="X">.</wf>
      </sentence>
      <sentence id="d000.s226" source="semeval2010-it">
         <wf lemma="Il" pos="X">Il</wf>
         <wf lemma="raggiungimento" pos="X">raggiungimento</wf>
         <wf lemma="degli" pos="X">degli</wf>
         <wf lemma="obiettivi" pos="X">obiettivi</wf>
         <wf lemma="legati" pos="X">legati</wf>
         <wf lemma="alla" pos="X">alla</wf>
         <wf lemma="Rete" pos="X">Rete</wf>
         <wf lemma="Ecologica" pos="X">Ecologica</wf>
         <wf lemma="Ambientale" pos="X">Ambientale</wf>
         <wf lemma="richiedono" pos="X">richiedono</wf>
         <wf lemma="," pos="X">,</wf>
         <wf lemma="oltre" pos="X">oltre</wf>
         <wf lemma="che" pos="X">che</wf>
         <wf lemma="ad" pos="X">ad</wf>
         <wf lemma="una" pos="X">una</wf>
         <wf lemma="adeguata" pos="X">adeguata</wf>
         <instance id="d000.s226.t000" lemma="pianificazione" pos="NOUN">pianificazione</instance>
         <wf lemma="," pos="X">,</wf>
         <wf lemma="la" pos="X">la</wf>
         <instance id="d000.s226.t001" lemma="convergenza" pos="NOUN">convergenza</instance>
         <wf lemma="tra" pos="X">tra</wf>
         <wf lemma="i" pos="X">i</wf>
         <wf lemma="diversi" pos="X">diversi</wf>
         <wf lemma="strumenti" pos="X">strumenti</wf>
         <wf lemma="di" pos="X">di</wf>
         <instance id="d000.s226.t002" lemma="programmazione" pos="NOUN">programmazione</instance>
         <wf lemma="dello" pos="X">dello</wf>
         <instance id="d000.s226.t003" lemma="sviluppo" pos="NOUN">sviluppo</instance>
         <wf lemma="del" pos="X">del</wf>
         <wf lemma="territorio" pos="X">territorio</wf>
         <wf lemma="e" pos="X">e</wf>
         <wf lemma="di" pos="X">di</wf>
         <wf lemma="conservazione" pos="X">conservazione</wf>
         <wf lemma="della" pos="X">della</wf>
         <wf lemma="natura" pos="X">natura</wf>
         <wf lemma="." pos="X">.</wf>
      </sentence>
      <sentence id="d000.s227" source="semeval2013-it">
         <wf lemma="ad" pos="X">Ad</wf>
         <instance id="d000.s227.t000" lemma="esempio" pos="NOUN">esempio</instance>
         <wf lemma="," pos="X">,</wf>
         <wf lemma="in" pos="X">in</wf>
         <instance id="d000.s227.t001" lemma="Perù" pos="NOUN">Perù</instance>
         <wf lemma="," pos="X">,</wf>
         <wf lemma="dove" pos="X">dove</wf>
         <wf lemma="il" pos="X">la</wf>
         <instance id="d000.s227.t002" lemma="crescita" pos="NOUN">crescita</instance>
         <wf lemma="economico" pos="ADJ">economica</wf>
         <wf lemma="essere" pos="VERB">è</wf>
         <wf lemma="essere|stare" pos="VERB">stata</wf>
         <wf lemma="in" pos="X">in</wf>
         <instance id="d000.s227.t003" lemma="media" pos="NOUN">media</instance>
         <wf lemma="del" pos="X">del</wf>
         <wf lemma="@card@" pos="NOUN">6</wf>
         <wf lemma="%" pos="X">%</wf>
         <wf lemma="il" pos="X">l'</wf>
         <instance id="d000.s227.t004" lemma="anno" pos="NOUN">anno</instance>
         <wf lemma="dal" pos="X">dal</wf>
         <wf lemma="@card@" pos="NOUN">2002</wf>
         <wf lemma="," pos="X">,</wf>
         <wf lemma="il" pos="X">il</wf>
         <instance id="d000.s227.t005" lemma="sostegno" pos="NOUN">sostegno</instance>
         <wf lemma="al" pos="X">alla</wf>
         <instance id="d000.s227.t006" lemma="democrazia" pos="NOUN">democrazia</instance>
         <wf lemma="essere" pos="VERB">è</wf>
         <wf lemma="passare" pos="VERB">passato</wf>
         <wf lemma="da" pos="X">da</wf>
         <wf lemma="un" pos="X">un</wf>
         <instance id="d000.s227.t007" lemma="minimo" pos="NOUN">minimo</instance>
         <wf lemma="del" pos="X">del</wf>
         <wf lemma="@card@" pos="NOUN">40</wf>
         <wf lemma="%" pos="X">%</wf>
         <wf lemma="nel" pos="X">nel</wf>
         <wf lemma="@card@" pos="NOUN">2005</wf>
         <wf lemma="al" pos="X">al</wf>
         <wf lemma="@card@" pos="NOUN">61</wf>
         <wf lemma="%" pos="X">%</wf>
         <wf lemma="di" pos="X">di</wf>
         <wf lemma="quest'" pos="X">quest'</wf>
         <instance id="d000.s227.t008" lemma="anno" pos="NOUN">anno</instance>
         <wf lemma="." pos="X">.</wf>
      </sentence>
      <sentence id="d000.s228" source="semeval2010-it">
         <wf lemma="2003" pos="X">2003</wf>
         <wf lemma="delle" pos="X">delle</wf>
         <wf lemma="3.600" pos="X">3.600</wf>
         <wf lemma="popolazioni" pos="X">popolazioni</wf>
         <wf lemma="di" pos="X">di</wf>
         <wf lemma="più" pos="X">più</wf>
         <wf lemma="di" pos="X">di</wf>
         <wf lemma="1.300" pos="X">1.300</wf>
         <wf lemma="1.300" pos="X">1.300</wf>
         <wf lemma="specie" pos="X">specie</wf>
         <wf lemma="vertebrate" pos="X">vertebrate</wf>
         <wf lemma="in" pos="X">in</wf>
         <wf lemma="tutto" pos="X">tutto</wf>
         <wf lemma="il" pos="X">il</wf>
         <instance id="d000.s228.t000" lemma="mondo" pos="NOUN">mondo</instance>
         <wf lemma="." pos="X">.</wf>
      </sentence>
      <sentence id="d000.s229" source="semeval2010-it">
         <wf lemma="Questo" pos="X">Questo</wf>
         <wf lemma="indice" pos="X">indice</wf>
         <wf lemma="mostra" pos="X">mostra</wf>
         <wf lemma="una" pos="X">una</wf>
         <instance id="d000.s229.t000" lemma="media" pos="NOUN">media</instance>
         <wf lemma="di" pos="X">di</wf>
         <wf lemma="declino" pos="X">declino</wf>
         <wf lemma="del" pos="X">del</wf>
         <wf lemma="27%" pos="X">27%</wf>
         <wf lemma="delle" pos="X">delle</wf>
         <wf lemma="specie" pos="X">specie</wf>
         <wf lemma="marine" pos="X">marine</wf>
         <wf lemma="dal" pos="X">dal</wf>
         <wf lemma="1970" pos="X">1970</wf>
         <wf lemma="al" pos="X">al</wf>
         <wf lemma="2003" pos="X">2003</wf>
         <wf lemma="." pos="X">.</wf>
      </sentence>
      <sentence id="d000.s230" source="semeval2010-it">
         <wf lemma="La" pos="X">La</wf>
         <wf lemma="grande" pos="X">grande</wf>
         <wf lemma="varietà" pos="X">varietà</wf>
         <wf lemma="di" pos="X">di</wf>
         <instance id="d000.s230.t000" lemma="habitat" pos="NOUN">habitat</instance>
         <wf lemma="presenti" pos="X">presenti</wf>
         <wf lemma="quali" pos="X">quali</wf>
         <wf lemma="spiagge" pos="X">spiagge</wf>
         <wf lemma="," pos="X">,</wf>
         <wf lemma="dune" pos="X">dune</wf>
         <wf lemma="," pos="X">,</wf>
         <wf lemma="estuari" pos="X">estuari</wf>
         <wf lemma="," pos="X">,</wf>
         <wf lemma="foreste" pos="X">foreste</wf>
         <wf lemma="di" pos="X">di</wf>
         <wf lemma="mangrovie" pos="X">mangrovie</wf>
         <wf lemma="," pos="X">,</wf>
         <wf lemma="praterie" pos="X">praterie</wf>
         <wf lemma="di" pos="X">di</wf>
         <wf lemma="fanerogame" pos="X">fanerogame</wf>
         <wf lemma="e" pos="X">e</wf>
         <wf lemma="scogliere" pos="X">scogliere</wf>
         <wf lemma="coralline" pos="X">coralline</wf>
         <wf lemma="insieme" pos="X">insieme</wf>
         <wf lemma="a" pos="X">a</wf>
         <wf lemma="fattori" pos="X">fattori</wf>
         <wf lemma="quali" pos="X">quali</wf>
         <wf lemma="la" pos="X">la</wf>
         <wf lemma="natura" pos="X">natura</wf>
         <wf lemma="dinamica" pos="X">dinamica</wf>
         <wf lemma="dei" pos="X">dei</wf>
         <wf lemma="mari" pos="X">mari</wf>
         <wf lemma="indonesiani" pos="X">indonesiani</wf>
         <wf lemma="," pos="X">,</wf>
         <wf lemma="la" pos="X">la</wf>
         <wf lemma="loro" pos="X">loro</wf>
         <wf lemma="interazione" pos="X">interazione</wf>
         <wf lemma="con" pos="X">con</wf>
         <wf lemma="gli" pos="X">gli</wf>
         <wf lemma="oceani" pos="X">oceani</wf>
         <wf lemma="Pacifico" pos="X">Pacifico</wf>
         <wf lemma="e" pos="X">e</wf>
         <wf lemma="Indiano" pos="X">Indiano</wf>
         <wf lemma="," pos="X">,</wf>
         <wf lemma="l'" pos="X">l'</wf>
         <wf lemma="influenza" pos="X">influenza</wf>
         <wf lemma="dei" pos="X">dei</wf>
         <wf lemma="venti" pos="X">venti</wf>
         <wf lemma="monsonici" pos="X">monsonici</wf>
         <wf lemma="e" pos="X">e</wf>
         <wf lemma="l'" pos="X">l'</wf>
         <wf lemma="elevata" pos="X">elevata</wf>
         <instance id="d000.s230.t001" lemma="attività" pos="NOUN">attività</instance>
         <wf lemma="sismica" pos="X">sismica</wf>
         <wf lemma="e" pos="X">e</wf>
         <wf lemma="vulcanica" pos="X">vulcanica</wf>
         <wf lemma="spiegano" pos="X">spiegano</wf>
         <wf lemma="," pos="X">,</wf>
         <wf lemma="almeno" pos="X">almeno</wf>
         <wf lemma="in" pos="X">in</wf>
         <wf lemma="parte" pos="X">parte</wf>
         <wf lemma="," pos="X">,</wf>
         <wf lemma="l'" pos="X">l'</wf>
         <wf lemma="alta" pos="X">alta</wf>
         <wf lemma="biodiversità" pos="X">biodiversità</wf>
         <wf lemma="della" pos="X">della</wf>
         <wf lemma="regione" pos="X">regione</wf>
         <wf lemma="." pos="X">.</wf>
      </sentence>
      <sentence id="d000.s231" source="semeval2010-it">
         <wf lemma="la" pos="X">la</wf>
         <instance id="d000.s231.t000" lemma="riduzione" pos="NOUN">riduzione</instance>
         <wf lemma="della" pos="X">della</wf>
         <wf lemma="quantità" pos="X">quantità</wf>
         <wf lemma="totale" pos="X">totale</wf>
         <wf lemma="di" pos="X">di</wf>
         <wf lemma="un" pos="X">un</wf>
         <wf lemma="dato" pos="X">dato</wf>
         <wf lemma="tipo" pos="X">tipo</wf>
         <wf lemma="di" pos="X">di</wf>
         <instance id="d000.s231.t001" lemma="habitat" pos="NOUN">habitat</instance>
         <wf lemma="e" pos="X">e</wf>
         <wf lemma="la" pos="X">la</wf>
         <wf lemma="ripartizione" pos="X">ripartizione</wf>
         <wf lemma="," pos="X">,</wf>
         <wf lemma="intesa" pos="X">intesa</wf>
         <wf lemma="come" pos="X">come</wf>
         <wf lemma="disposizione" pos="X">disposizione</wf>
         <wf lemma="nello" pos="X">nello</wf>
         <wf lemma="spazio" pos="X">spazio</wf>
         <wf lemma="," pos="X">,</wf>
         <wf lemma="delle" pos="X">delle</wf>
         <wf lemma="porzioni" pos="X">porzioni</wf>
         <wf lemma="di" pos="X">di</wf>
         <instance id="d000.s231.t002" lemma="habitat" pos="NOUN">habitat</instance>
         <wf lemma="rimanenti" pos="X">rimanenti</wf>
         <wf lemma="in" pos="X">in</wf>
         <instance id="d000.s231.t003" lemma="elemento" pos="NOUN">elementi</instance>
         <wf lemma="più" pos="X">più</wf>
         <wf lemma="isolati" pos="X">isolati</wf>
         <wf lemma="e" pos="X">e</wf>
         <wf lemma="di" pos="X">di</wf>
         <wf lemma="minori" pos="X">minori</wf>
         <wf lemma="dimensioni" pos="X">dimensioni</wf>
      </sentence>
      <sentence id="d000.s232" source="semeval2013-it">
         <wf lemma="&quot;" pos="X">&quot;</wf>
         <wf lemma="c'" pos="X">C'</wf>
         <wf lemma="essere" pos="VERB">è</wf>
         <wf lemma="una" pos="X">una</wf>
         <instance id="d000.s232.t000" lemma="ragione" pos="NOUN">ragione</instance>
         <wf lemma="generale" pos="ADJ">generale</wf>
         <wf lemma="per" pos="X">per</wf>
         <wf lemma="il" pos="X">la</wf>
         <instance id="d000.s232.t001" lemma="preoccupazione" pos="NOUN">preoccupazione</instance>
         <wf lemma="riguardare" pos="VERB">riguardo</wf>
         <wf lemma="il" pos="X">l'</wf>
         <instance id="d000.s232.t002" lemma="impatto" pos="NOUN">impatto</instance>
         <wf lemma="del" pos="X">dei</wf>
         <wf lemma="nuovo_media" pos="NOUN">nuovi_media</wf>
         <wf lemma="&quot;" pos="X">&quot;</wf>
         <wf lemma="in" pos="X">in</wf>
         <instance id="d000.s232.t003" lemma="processo" pos="NOUN">processi</instance>
         <wf lemma="di" pos="X">di</wf>
         <wf lemma="alto_profilo" pos="NOUN">alto_profilo</wf>
         <wf lemma="," pos="X">,</wf>
         <wf lemma="avere" pos="VERB">ha</wf>
         <wf lemma="dire" pos="VERB">detto</wf>
         <wf lemma="John" pos="NOUN">John</wf>
         <wf lemma="J." pos="X">J.</wf>
         <wf lemma="Donohue" pos="X">Donohue</wf>
         <wf lemma="III" pos="NOUN">III</wf>
         <wf lemma="," pos="X">,</wf>
         <instance id="d000.s232.t004" lemma="professore" pos="NOUN">professore</instance>
         <wf lemma="del" pos="X">della</wf>
         <wf lemma="Stanford" pos="NOUN">Stanford</wf>
         <wf lemma="Law" pos="NOUN">Law</wf>
         <wf lemma="school" pos="NOUN">School</wf>
         <wf lemma="che" pos="X">che</wf>
         <wf lemma="avere" pos="VERB">ha</wf>
         <wf lemma="studiare" pos="VERB">studiato</wf>
         <wf lemma="il" pos="X">la</wf>
         <instance id="d000.s232.t005" lemma="pena_di_morte" pos="NOUN">pena_di_morte</instance>
         <wf lemma="nel" pos="X">nel</wf>
         <instance id="d000.s232.t006" lemma="Connecticut" pos="NOUN">Connecticut</instance>
         <wf lemma="e" pos="X">e</wf>
         <wf lemma="avere" pos="VERB">ha</wf>
         <wf lemma="scrivere" pos="VERB">scritto</wf>
         <wf lemma="un" pos="X">un</wf>
         <wf lemma="rapporto" pos="NOUN">rapporto</wf>
         <wf lemma="dire" pos="VERB">dicendo</wf>
         <wf lemma="che" pos="X">che</wf>
         <wf lemma="essere" pos="VERB">era</wf>
         <wf lemma="applicare" pos="VERB">applicata</wf>
         <wf lemma="arbitrariamente" pos="ADV">arbitrariamente</wf>
         <wf lemma="." pos="X">.</wf>
      </sentence>
      <sentence id="d000.s233" source="semeval2013-it">
         <wf lemma="il" pos="X">Il</wf>
         <instance id="d000.s233.t000" lemma="gruppo" pos="NOUN">gruppo</instance>
         <wf lemma="del" pos="X">delle</wf>
         <instance id="d000.s233.t001" lemma="nazioni_unite" pos="NOUN">Nazioni_Unite</instance>
         <wf lemma="proporre" pos="VERB">propone</wf>
         <wf lemma="una" pos="X">una</wf>
         <wf lemma="bozza" pos="NOUN">bozza</wf>
         <wf lemma="per" pos="X">per</wf>
         <wf lemma="ridurre" pos="VERB">ridurre</wf>
         <wf lemma="il" pos="X">le</wf>
         <instance id="d000.s233.t002" lemma="emissione" pos="NOUN">emissioni</instance>
      </sentence>
      <sentence id="d000.s234" source="semeval2015-it">
         <wf lemma="^" pos="X">^</wf>
         <wf pos="X">,</wf>
         <wf lemma="**" pos="X">**</wf>
         <wf pos="X">:</wf>
         <instance id="d000.s234.t000" lemma="elevamento_a_potenza" pos="NOUN">elevamento_a_potenza</instance>
         <wf pos="X">,</wf>
         <wf lemma="potere" pos="VERB">puoi</wf>
         <wf lemma="usare" pos="VERB">usare</wf>
         <wf lemma="entrambi" pos="ADJ">entrambi</wf>
         <wf pos="X">.</wf>
      </sentence>
      <sentence id="d000.s235" source="semeval2010-it">
         <wf lemma="In" pos="X">In</wf>
         <wf lemma="tal" pos="X">tal</wf>
         <wf lemma="modo" pos="X">modo</wf>
         <wf lemma="lo" pos="X">lo</wf>
         <wf lemma="studio" pos="X">studio</wf>
         <wf lemma="permetterà" pos="X">permetterà</wf>
         <wf lemma="di" pos="X">di</wf>
         <wf lemma="delineare" pos="X">delineare</wf>
         <wf lemma="la" pos="X">la</wf>
         <wf lemma="valenza" pos="X">valenza</wf>
         <wf lemma="ecologica" pos="X">ecologica</wf>
         <wf lemma="delle" pos="X">delle</wf>
         <wf lemma="''" pos="X">''</wf>
         <wf lemma="trezze" pos="X">trezze</wf>
         <wf lemma="esaminando" pos="X">esaminando</wf>
         <wf lemma="in" pos="X">in</wf>
         <wf lemma="modo" pos="X">modo</wf>
         <wf lemma="approfondito" pos="X">approfondito</wf>
         <wf lemma="la" pos="X">la</wf>
         <wf lemma="loro" pos="X">loro</wf>
         <wf lemma="funzione" pos="X">funzione</wf>
         <wf lemma="di" pos="X">di</wf>
         <wf lemma="''" pos="X">''</wf>
         <wf lemma="serbatoi" pos="X">serbatoi</wf>
         <wf lemma="di" pos="X">di</wf>
         <instance id="d000.s235.t000" lemma="diversità" pos="NOUN">diversità</instance>
         <wf lemma="''" pos="X">''</wf>
         <wf lemma="." pos="X">.</wf>
      </sentence>
      <sentence id="d000.s236" source="semeval2013-it">
         <wf lemma="il" pos="X">L'</wf>
         <instance id="d000.s236.t000" lemma="immigrazione" pos="NOUN">immigrazione</instance>
         <wf lemma="essere" pos="VERB">è</wf>
         <wf lemma="un" pos="X">un</wf>
         <wf lemma="peso" pos="NOUN">peso</wf>
         <wf lemma="o" pos="X">o</wf>
         <wf lemma="un'" pos="X">un'</wf>
         <instance id="d000.s236.t001" lemma="opportunità" pos="NOUN">opportunità</instance>
         <wf lemma="per" pos="X">per</wf>
         <wf lemma="il" pos="X">l'</wf>
         <instance id="d000.s236.t002" lemma="economia" pos="NOUN">economia</instance>
         <wf lemma="?" pos="X">?</wf>
      </sentence>
      <sentence id="d000.s237" source="semeval2015-it">
         <wf lemma="^" pos="X">^</wf>
         <wf pos="X">,</wf>
         <wf lemma="**" pos="X">**</wf>
         <wf pos="X">:</wf>
         <wf lemma="elevamento" pos="NOUN">elevamento</wf>
         <wf pos="X">a</wf>
         <instance id="d000.s237.t000" lemma="potenza" pos="NOUN">potenza</instance>
         <wf pos="X">,</wf>
         <wf lemma="potere" pos="VERB">puoi</wf>
         <instance id="d000.s237.t001" lemma="usare" pos="VERB">usare</instance>
         <wf lemma="entrambi" pos="ADJ">entrambi</wf>
         <wf pos="X">.</wf>
      </sentence>
      <sentence id="d000.s238" source="semeval2013-it">
         <wf lemma="in" pos="X">In</wf>
         <wf lemma="una" pos="X">una</wf>
         <instance id="d000.s238.t000" lemma="sentenza" pos="NOUN">sentenza</instance>
         <wf lemma="senza" pos="X">senza</wf>
         <instance id="d000.s238.t001" lemma="precedente" pos="NOUN">precedenti</instance>
         <wf lemma="del" pos="X">del</wf>
         <wf lemma="@card@" pos="NOUN">1996</wf>
         <wf lemma="," pos="X">,</wf>
         <wf lemma="il" pos="X">la</wf>
         <instance id="d000.s238.t002" lemma="corte_suprema" pos="NOUN">Corte_Suprema</instance>
         <wf lemma="del" pos="X">degli</wf>
         <instance id="d000.s238.t003" lemma="stati_uniti" pos="NOUN">Stati_Uniti</instance>
         <wf lemma="avere" pos="VERB">ha</wf>
         <wf lemma="annullare" pos="VERB">annullato</wf>
         <wf lemma="il" pos="X">la</wf>
         <instance id="d000.s238.t004" lemma="condanna" pos="NOUN">condanna</instance>
         <wf lemma="di" pos="X">di</wf>
         <wf lemma="un" pos="X">un</wf>
         <instance id="d000.s238.t005" lemma="osteopata" pos="NOUN">osteopata</instance>
         <wf lemma="di" pos="X">di</wf>
         <instance id="d000.s238.t006" lemma="Cleveland" pos="NOUN">Cleveland</instance>
         <wf lemma="," pos="X">,</wf>
         <wf lemma="il" pos="X">il</wf>
         <wf lemma="dottore" pos="NOUN">dottor</wf>
         <wf lemma="Sam" pos="NOUN">Sam</wf>
         <wf lemma="Sheppard" pos="NOUN">Sheppard</wf>
         <wf lemma="," pos="X">,</wf>
         <wf lemma="per" pos="X">per</wf>
         <wf lemma="il" pos="X">l'</wf>
         <instance id="d000.s238.t007" lemma="omicidio" pos="NOUN">omicidio</instance>
         <wf lemma="di" pos="X">di</wf>
         <wf lemma="suo" pos="X">sua</wf>
         <instance id="d000.s238.t008" lemma="moglie" pos="NOUN">moglie</instance>
         <wf lemma="," pos="X">,</wf>
         <wf lemma="dire" pos="VERB">dicendo</wf>
         <wf lemma="nel" pos="X">nella</wf>
         <wf lemma="suo" pos="X">sua</wf>
         <instance id="d000.s238.t009" lemma="decisione" pos="NOUN">decisione</instance>
         <wf lemma="," pos="X">,</wf>
         <wf lemma="Sheppard" pos="NOUN">Sheppard</wf>
         <wf lemma="contro" pos="X">contro</wf>
         <wf lemma="maxwell" pos="NOUN">Maxwell</wf>
         <wf lemma="," pos="X">,</wf>
         <wf lemma="che" pos="X">che</wf>
         <wf lemma="vi" pos="X">vi</wf>
         <wf lemma="essere" pos="VERB">era</wf>
         <wf lemma="un" pos="X">un</wf>
         <wf lemma="&quot;" pos="X">&quot;</wf>
         <wf lemma="un'" pos="X">un'</wf>
         <instance id="d000.s238.t010" lemma="atmosfera" pos="NOUN">atmosfera</instance>
         <wf lemma="carnevalesco" pos="ADJ">carnevalesca</wf>
         <wf lemma="nel" pos="X">nel</wf>
         <instance id="d000.s238.t011" lemma="processo" pos="NOUN">processo</instance>
         <wf lemma="&quot;" pos="X">&quot;</wf>
         <wf lemma="a" pos="X">a</wf>
         <instance id="d000.s238.t012" lemma="causa" pos="NOUN">causa</instance>
         <wf lemma="del" pos="X">dei</wf>
         <wf lemma="mezzo_di_informazione" pos="NOUN">mezzi_di_informazione</wf>
         <wf lemma="." pos="X">.</wf>
      </sentence>
      <sentence id="d000.s239" source="semeval2015-it">
         <wf pos="X">Sotto</wf>
         <wf pos="X">queste</wf>
         <wf lemma="scheda" pos="NOUN">schede</wf>
         <wf pos="X">si</wf>
         <instance id="d000.s239.t000" lemma="trovare" pos="VERB">trova</instance>
         <wf pos="X">un</wf>
         <instance id="d000.s239.t001" lemma="campo" pos="NOUN">campo</instance>
         <wf pos="X">di</wf>
         <wf lemma="inserimento" pos="NOUN">inserimento</wf>
         <wf pos="X">per</wf>
         <instance id="d000.s239.t002" lemma="scrivere" pos="VERB">scrivere</instance>
         <wf pos="X">le</wf>
         <instance id="d000.s239.t003" lemma="funzione" pos="NOUN">funzioni</instance>
         <wf pos="X">o</wf>
         <instance id="d000.s239.t004" lemma="fare" pos="VERB">fare</instance>
         <instance id="d000.s239.t005" lemma="calcolo" pos="NOUN">calcoli</instance>
         <wf pos="X">.</wf>
      </sentence>
      <sentence id="d000.s240" source="semeval2010-it">
         <wf lemma="I" pos="X">I</wf>
         <wf lemma="biomi" pos="X">biomi</wf>
         <wf lemma="con" pos="X">con</wf>
         <wf lemma="il" pos="X">il</wf>
         <instance id="d000.s240.t000" lemma="tasso" pos="NOUN">tasso</instance>
         <wf lemma="di" pos="X">di</wf>
         <instance id="d000.s240.t001" lemma="conversione" pos="NOUN">conversione</instance>
         <wf lemma="più" pos="X">più</wf>
         <wf lemma="rapido" pos="X">rapido</wf>
         <wf lemma="nella" pos="X">nella</wf>
         <wf lemma="seconda" pos="X">seconda</wf>
         <instance id="d000.s240.t002" lemma="metà" pos="NOUN">metà</instance>
         <wf lemma="del" pos="X">del</wf>
         <wf lemma="Ventesimo" pos="X">Ventesimo</wf>
         <wf lemma="secolo" pos="X">secolo</wf>
         <wf lemma="sono" pos="X">sono</wf>
         <wf lemma="state" pos="X">state</wf>
         <wf lemma="le" pos="X">le</wf>
         <wf lemma="praterie" pos="X">praterie</wf>
         <wf lemma="," pos="X">,</wf>
         <wf lemma="le" pos="X">le</wf>
         <wf lemma="praterie" pos="X">praterie</wf>
         <wf lemma="inondate" pos="X">inondate</wf>
         <wf lemma="e" pos="X">e</wf>
         <wf lemma="le" pos="X">le</wf>
         <wf lemma="foreste" pos="X">foreste</wf>
         <wf lemma="tropicali" pos="X">tropicali</wf>
      </sentence>
      <sentence id="d000.s241" source="semeval2013-it">
         <wf lemma="questo" pos="X">Questo</wf>
         <wf lemma="chiaramente" pos="ADV">chiaramente</wf>
         <wf lemma="essere" pos="VERB">è</wf>
         <wf lemma="un" pos="X">un</wf>
         <wf lemma="gioco" pos="NOUN">gioco</wf>
         <wf lemma="in" pos="X">in</wf>
         <wf lemma="cui" pos="X">cui</wf>
         <wf lemma="si" pos="X">si</wf>
         <wf lemma="stare" pos="VERB">sta</wf>
         <wf lemma="sviluppare" pos="VERB">sviluppando</wf>
         <wf lemma="una" pos="X">una</wf>
         <wf lemma="nuovo" pos="ADJ">nuova</wf>
         <instance id="d000.s241.t000" lemma="egemonia" pos="NOUN">egemonia</instance>
         <wf lemma="economico" pos="ADJ">economica</wf>
         <wf lemma="," pos="X">,</wf>
         <wf lemma="avere" pos="VERB">ha</wf>
         <wf lemma="dire" pos="VERB">detto</wf>
         <wf lemma="Ulate" pos="NOUN">Ulate</wf>
         <wf lemma="," pos="X">,</wf>
         <wf lemma="che" pos="X">che</wf>
         <wf lemma="lavorare" pos="VERB">lavora</wf>
         <wf lemma="anche" pos="ADV">anche</wf>
         <wf lemma="in" pos="X">in</wf>
         <wf lemma="qualità" pos="NOUN">qualità</wf>
         <wf lemma="di" pos="X">di</wf>
         <wf lemma="consigliere_regionale" pos="NOUN">consigliere_regionale</wf>
         <wf lemma="(" pos="X">(</wf>
         <instance id="d000.s241.t001" lemma="Messico" pos="NOUN">Messico</instance>
         <wf lemma="e" pos="X">e</wf>
         <wf lemma="America_Centrale" pos="NOUN">America_Centrale</wf>
         <wf lemma=")" pos="X">)</wf>
         <wf lemma="del" pos="X">del</wf>
         <wf lemma="cambiamento_climatico" pos="NOUN">cambiamento_climatico</wf>
         <wf lemma="per" pos="X">per</wf>
         <wf lemma="il" pos="X">la</wf>
         <wf lemma="conservazione" pos="NOUN">Conservazione</wf>
         <wf lemma="Internazionale" pos="NOUN">Internazionale</wf>
         <wf lemma="." pos="X">.</wf>
      </sentence>
      <sentence id="d000.s242" source="semeval2015-it">
         <wf lemma="avere" pos="VERB">Hanno</wf>
         <wf pos="X">anche</wf>
         <wf lemma="avere" pos="VERB">avuto</wf>
         <wf lemma="luogo" pos="NOUN">luogo</wf>
         <instance id="d000.s242.t000" lemma="visita" pos="NOUN">visite</instance>
         <wf pos="X">e</wf>
         <instance id="d000.s242.t001" lemma="intervista" pos="NOUN">interviste</instance>
         <wf pos="X">con</wf>
         <instance id="d000.s242.t002" lemma="esponente" pos="NOUN">esponenti</instance>
         <instance id="d000.s242.t003" lemma="chiave" pos="NOUN">chiave</instance>
         <wf pos="X">del</wf>
         <instance id="d000.s242.t004" lemma="personale" pos="NOUN">personale</instance>
         <wf pos="X">.</wf>
      </sentence>
      <sentence id="d000.s243" source="semeval2015-it">
         <wf lemma="alimta" pos="NOUN">Alimta</wf>
         <wf lemma="essere" pos="VERB">è</wf>
         <instance id="d000.s243.t000" lemma="indicare" pos="VERB">indicato</instance>
         <wf pos="X">nel</wf>
         <instance id="d000.s243.t001" lemma="trattamento" pos="NOUN">trattamento</instance>
         <wf pos="X">di</wf>
         <instance id="d000.s243.t002" lemma="due" pos="NOUN">due</instance>
         <instance id="d000.s243.t003" lemma="tipo" pos="NOUN">tipi</instance>
         <wf pos="X">di</wf>
         <instance id="d000.s243.t004" lemma="tumore" pos="NOUN">tumore</instance>
         <wf pos="X">:</wf>
         <wf pos="X">il</wf>
         <instance id="d000.s243.t005" lemma="mesotelioma" pos="NOUN">mesotelioma</instance>
         <instance id="d000.s243.t006" lemma="pleurico" pos="ADJ">pleurico</instance>
         <wf pos="X">(</wf>
         <instance id="d000.s243.t007" lemma="tumore" pos="NOUN">tumore</instance>
         <wf pos="X">della</wf>
         <instance id="d000.s243.t008" lemma="membrana" pos="NOUN">membrana</instance>
         <wf pos="X">che</wf>
         <wf lemma="rivestire" pos="VERB">riveste</wf>
         <wf pos="X">i</wf>
         <instance id="d000.s243.t009" lemma="polmone" pos="NOUN">polmoni</instance>
         <wf pos="X">,</wf>
         <instance id="d000.s243.t010" lemma="generalmente" pos="ADV">generalmente</instance>
         <instance id="d000.s243.t011" lemma="provocare" pos="VERB">provocato</instance>
         <wf pos="X">dall</wf>
         <instance id="d000.s243.t012" lemma="esposizione" pos="NOUN">esposizione</instance>
         <wf pos="X">all</wf>
         <instance id="d000.s243.t013" lemma="amianto" pos="NOUN">amianto</instance>
         <wf pos="X">)</wf>
         <wf pos="X">.</wf>
      </sentence>
      <sentence id="d000.s244" source="semeval2015-it">
         <wf lemma="potere" pos="VERB">Può</wf>
         <instance id="d000.s244.t000" lemma="eseguire" pos="VERB">eseguire</instance>
         <instance id="d000.s244.t001" lemma="semplice" pos="ADJ">semplici</instance>
         <instance id="d000.s244.t002" lemma="operazione" pos="NOUN">operazioni</instance>
         <wf pos="X">(</wf>
         <instance id="d000.s244.t003" lemma="aritmetico" pos="ADJ">aritmetiche</instance>
         <wf pos="X">e</wf>
         <instance id="d000.s244.t004" lemma="logico" pos="ADJ">logiche</instance>
         <wf pos="X">)</wf>
         <wf pos="X">in</wf>
         <wf lemma="mathml" pos="NOUN">MathML</wf>
         <wf pos="X">e</wf>
         <wf lemma="potere" pos="VERB">può</wf>
         <instance id="d000.s244.t005" lemma="rappresentare" pos="VERB">rappresentare</instance>
         <wf lemma="grafico" pos="NOUN">grafici</wf>
         <wf lemma="2d" pos="NOUN">2D</wf>
         <wf pos="X">e</wf>
         <wf lemma="3d" pos="NOUN">3D</wf>
         <wf pos="X">.</wf>
      </sentence>
      <sentence id="d000.s245" source="semeval2010-it">
         <wf lemma="Tali" pos="X">Tali</wf>
         <wf lemma="attività" pos="X">attività</wf>
         <wf lemma="," pos="X">,</wf>
         <wf lemma="associate" pos="X">associate</wf>
         <wf lemma="alla" pos="X">alla</wf>
         <wf lemma="divulgazione" pos="X">divulgazione</wf>
         <wf lemma="delle" pos="X">delle</wf>
         <wf lemma="conoscenze" pos="X">conoscenze</wf>
         <wf lemma="e" pos="X">e</wf>
         <wf lemma="dei" pos="X">dei</wf>
         <wf lemma="risultati" pos="X">risultati</wf>
         <wf lemma="in" pos="X">in</wf>
         <wf lemma="un" pos="X">un</wf>
         <wf lemma="contesto" pos="X">contesto</wf>
         <wf lemma="più" pos="X">più</wf>
         <wf lemma="ampio" pos="X">ampio</wf>
         <wf lemma="dello" pos="X">dello</wf>
         <wf lemma="stretto" pos="X">stretto</wf>
         <wf lemma="ambito" pos="X">ambito</wf>
         <wf lemma="scientifico" pos="X">scientifico</wf>
         <wf lemma="," pos="X">,</wf>
         <wf lemma="favoriranno" pos="X">favoriranno</wf>
         <wf lemma="lo" pos="X">lo</wf>
         <instance id="d000.s245.t000" lemma="sviluppo" pos="NOUN">sviluppo</instance>
         <wf lemma="di" pos="X">di</wf>
         <wf lemma="una" pos="X">una</wf>
         <wf lemma="migliore" pos="X">migliore</wf>
         <wf lemma="''" pos="X">''</wf>
         <wf lemma="coscienza" pos="X">coscienza</wf>
         <wf lemma="ambientale" pos="X">ambientale</wf>
         <wf lemma="''" pos="X">''</wf>
         <wf lemma="delle" pos="X">delle</wf>
         <wf lemma="persone" pos="X">persone</wf>
         <wf lemma="e" pos="X">e</wf>
         <wf lemma="degli" pos="X">degli</wf>
         <instance id="d000.s245.t001" lemma="operatore" pos="NOUN">operatori</instance>
         <wf lemma="del" pos="X">del</wf>
         <wf lemma="settore" pos="X">settore</wf>
         <wf lemma="e" pos="X">e</wf>
         <wf lemma="rappresenteranno" pos="X">rappresenteranno</wf>
         <wf lemma="un" pos="X">un</wf>
         <wf lemma="utile" pos="X">utile</wf>
         <wf lemma="strumento" pos="X">strumento</wf>
         <wf lemma="a" pos="X">a</wf>
         <wf lemma="disposizione" pos="X">disposizione</wf>
         <wf lemma="delle" pos="X">delle</wf>
         <wf lemma="autorità" pos="X">autorità</wf>
         <wf lemma="competenti" pos="X">competenti</wf>
         <wf lemma="per" pos="X">per</wf>
         <wf lemma="una" pos="X">una</wf>
         <wf lemma="gestione" pos="X">gestione</wf>
         <wf lemma="integrata" pos="X">integrata</wf>
         <wf lemma="e" pos="X">e</wf>
         <wf lemma="sostenibile" pos="X">sostenibile</wf>
         <wf lemma="di" pos="X">di</wf>
         <wf lemma="questi" pos="X">questi</wf>
         <wf lemma="particolari" pos="X">particolari</wf>
         <instance id="d000.s245.t002" lemma="ambiente" pos="NOUN">ambienti</instance>
         <wf lemma="." pos="X">.</wf>
      </sentence>
      <sentence id="d000.s246" source="semeval2013-it">
         <wf lemma="English" pos="NOUN">English</wf>
         <wf lemma="e" pos="X">e</wf>
         <wf lemma="Teletovic" pos="NOUN">Teletovic</wf>
         <wf lemma="essere" pos="VERB">sono</wf>
         <wf lemma="essere|stare" pos="VERB">stati</wf>
         <wf lemma="il" pos="X">i</wf>
         <wf lemma="principale" pos="ADJ">principali</wf>
         <wf lemma="realizzatore" pos="NOUN">realizzatori</wf>
         <wf lemma="del" pos="X">del</wf>
         <wf lemma="@card@" pos="NOUN">18-20</wf>
         <wf lemma="al" pos="X">alla</wf>
         <instance id="d000.s246.t000" lemma="fine" pos="NOUN">fine</instance>
         <wf lemma="del" pos="X">del</wf>
         <instance id="d000.s246.t001" lemma="primo_tempo" pos="NOUN">primo_tempo</instance>
         <wf lemma="." pos="X">.</wf>
      </sentence>
      <sentence id="d000.s247" source="semeval2013-it">
         <wf lemma="il" pos="X">L'</wf>
         <wf lemma="organizzazione" pos="NOUN">Organizzazione</wf>
         <wf lemma="Mondiale" pos="NOUN">Mondiale</wf>
         <wf lemma="del" pos="X">del</wf>
         <wf lemma="lavoro" pos="NOUN">Lavoro</wf>
         <wf lemma="stimare" pos="VERB">stima</wf>
         <wf lemma="che" pos="X">che</wf>
         <wf lemma="ad" pos="X">ad</wf>
         <instance id="d000.s247.t000" lemma="esempio" pos="NOUN">esempio</instance>
         <wf lemma="in" pos="X">in</wf>
         <instance id="d000.s247.t001" lemma="Germania" pos="NOUN">Germania</instance>
         <wf lemma="," pos="X">,</wf>
         <wf lemma="un" pos="X">un</wf>
         <instance id="d000.s247.t002" lemma="immigrato" pos="NOUN">immigrato</instance>
         <wf lemma="che" pos="X">che</wf>
         <wf lemma="arrivare" pos="VERB">arriva</wf>
         <wf lemma="al" pos="X">all'</wf>
         <instance id="d000.s247.t003" lemma="età" pos="NOUN">età</instance>
         <wf lemma="di" pos="X">di</wf>
         <wf lemma="@card@" pos="NOUN">30</wf>
         <instance id="d000.s247.t004" lemma="anno" pos="NOUN">anni</instance>
         <wf lemma="," pos="X">,</wf>
         <wf lemma="durante" pos="X">durante</wf>
         <wf lemma="il" pos="X">la</wf>
         <wf lemma="suo" pos="X">sua</wf>
         <instance id="d000.s247.t005" lemma="vita" pos="NOUN">vita</instance>
         <wf lemma="dare" pos="VERB">darà</wf>
         <wf lemma="un" pos="X">un</wf>
         <instance id="d000.s247.t006" lemma="contributo" pos="NOUN">contributo</instance>
         <wf lemma="netto" pos="ADJ">netto</wf>
         <wf lemma="(" pos="X">(</wf>
         <wf lemma="entrare" pos="VERB">entrate</wf>
         <wf lemma="meno" pos="ADV">meno</wf>
         <instance id="d000.s247.t007" lemma="spesa" pos="NOUN">spese</instance>
         <wf lemma=")" pos="X">)</wf>
         <wf lemma="in" pos="X">in</wf>
         <instance id="d000.s247.t008" lemma="media" pos="NOUN">media</instance>
         <wf lemma="di" pos="X">di</wf>
         <wf lemma="@card@" pos="NOUN">150.000</wf>
         <wf lemma="euro" pos="NOUN">euro</wf>
         <wf lemma="per" pos="X">per</wf>
         <wf lemma="il" pos="X">i</wf>
         <instance id="d000.s247.t009" lemma="bilancio" pos="NOUN">bilanci</instance>
         <wf lemma="pubblico" pos="ADJ">pubblici</wf>
         <wf lemma="." pos="X">.</wf>
      </sentence>
      <sentence id="d000.s248" source="semeval2010-it">
         <wf lemma="L'" pos="X">L'</wf>
         <wf lemma="ipotesi" pos="X">ipotesi</wf>
         <wf lemma="di" pos="X">di</wf>
         <wf lemma="Direttrici" pos="X">Direttrici</wf>
         <wf lemma="Ambientali" pos="X">Ambientali</wf>
         <wf lemma="della" pos="X">della</wf>
         <wf lemma="Rete" pos="X">Rete</wf>
         <wf lemma="regionale" pos="X">regionale</wf>
         <wf lemma="è" pos="X">è</wf>
         <wf lemma="stata" pos="X">stata</wf>
         <wf lemma="oggetto" pos="X">oggetto</wf>
         <wf lemma="di" pos="X">di</wf>
         <wf lemma="un" pos="X">un</wf>
         <wf lemma="lavoro" pos="X">lavoro</wf>
         <wf lemma="di" pos="X">di</wf>
         <instance id="d000.s248.t000" lemma="ricerca" pos="NOUN">ricerca</instance>
         <wf lemma="che" pos="X">che</wf>
         <wf lemma="," pos="X">,</wf>
         <wf lemma="attraverso" pos="X">attraverso</wf>
         <wf lemma="diverse" pos="X">diverse</wf>
         <wf lemma="fasi" pos="X">fasi</wf>
         <wf lemma="," pos="X">,</wf>
         <wf lemma="analizza" pos="X">analizza</wf>
         <wf lemma="le" pos="X">le</wf>
         <wf lemma="componenti" pos="X">componenti</wf>
         <wf lemma="paesistiche" pos="X">paesistiche</wf>
         <wf lemma="in" pos="X">in</wf>
         <wf lemma="funzione" pos="X">funzione</wf>
         <wf lemma="delle" pos="X">delle</wf>
         <wf lemma="relazioni" pos="X">relazioni</wf>
         <wf lemma="specie-ambiente" pos="X">specie-ambiente</wf>
         <wf lemma="." pos="X">.</wf>
      </sentence>
      <sentence id="d000.s249" source="semeval2010-it">
         <wf lemma="La" pos="X">La</wf>
         <wf lemma="Mappa" pos="X">Mappa</wf>
         <wf lemma="1" pos="X">1</wf>
         <wf lemma="mostra" pos="X">mostra</wf>
         <wf lemma="la" pos="X">la</wf>
         <wf lemma="superficie" pos="X">superficie</wf>
         <wf lemma="della" pos="X">della</wf>
         <instance id="d000.s249.t000" lemma="Terra" pos="NOUN">Terra</instance>
         <wf lemma="divisa" pos="X">divisa</wf>
         <wf lemma="in" pos="X">in</wf>
      </sentence>
      <sentence id="d000.s250" source="semeval2010-it">
         <wf lemma="I" pos="X">I</wf>
         <wf lemma="popolamenti" pos="X">popolamenti</wf>
         <wf lemma="si" pos="X">si</wf>
         <wf lemma="differenziano" pos="X">differenziano</wf>
         <wf lemma="nelle" pos="X">nelle</wf>
         <wf lemma="varie" pos="X">varie</wf>
         <wf lemma="zone" pos="X">zone</wf>
         <wf lemma="in" pos="X">in</wf>
         <wf lemma="relazione" pos="X">relazione</wf>
         <wf lemma="alla" pos="X">alla</wf>
         <wf lemma="loro" pos="X">loro</wf>
         <wf lemma="capacità" pos="X">capacità</wf>
         <wf lemma="di" pos="X">di</wf>
         <wf lemma="adattamento" pos="X">adattamento</wf>
         <wf lemma="a" pos="X">a</wf>
         <wf lemma="condizioni" pos="X">condizioni</wf>
         <wf lemma="quali" pos="X">quali</wf>
         <wf lemma="la" pos="X">la</wf>
         <wf lemma="luminosità" pos="X">luminosità</wf>
         <wf lemma="," pos="X">,</wf>
         <wf lemma="l'" pos="X">l'</wf>
         <wf lemma="idrodinamismo" pos="X">idrodinamismo</wf>
         <wf lemma="," pos="X">,</wf>
         <wf lemma="la" pos="X">la</wf>
         <wf lemma="disponibilità" pos="X">disponibilità</wf>
         <wf lemma="di" pos="X">di</wf>
         <wf lemma="substrato" pos="X">substrato</wf>
         <wf lemma="roccioso" pos="X">roccioso</wf>
         <wf lemma="nonché" pos="X">nonché</wf>
         <wf lemma="alla" pos="X">alla</wf>
         <wf lemma="presenza" pos="X">presenza</wf>
         <wf lemma="di" pos="X">di</wf>
         <instance id="d000.s250.t000" lemma="corallo" pos="NOUN">coralli</instance>
         <wf lemma="duri" pos="X">duri</wf>
         <wf lemma="quali" pos="X">quali</wf>
         <wf lemma="competitori" pos="X">competitori</wf>
         <wf lemma="." pos="X">.</wf>
      </sentence>
      <sentence id="d000.s251" source="semeval2013-it">
         <wf lemma="&quot;" pos="X">&quot;</wf>
         <wf lemma="questo" pos="X">Questo</wf>
         <instance id="d000.s251.t000" lemma="lavoro" pos="NOUN">lavoro</instance>
         <wf lemma="essere" pos="VERB">è</wf>
         <wf lemma="innovativo" pos="ADJ">innovativo</wf>
         <wf lemma="perché" pos="ADV">perché</wf>
         <wf lemma="dimostrare" pos="VERB">dimostra</wf>
         <wf lemma="il" pos="X">la</wf>
         <wf lemma="sostituzione" pos="NOUN">sostituzione</wf>
         <wf lemma="di" pos="X">di</wf>
         <wf lemma="un" pos="X">un</wf>
         <instance id="d000.s251.t001" lemma="elemento" pos="NOUN">elemento</instance>
         <wf lemma="per" pos="X">per</wf>
         <wf lemma="un" pos="X">un</wf>
         <wf lemma="altro" pos="NOUN">altro</wf>
         <wf lemma="nel" pos="X">nella</wf>
         <instance id="d000.s251.t002" lemma="biochimica" pos="NOUN">biochimica</instance>
         <wf lemma="fondamentale" pos="ADJ">fondamentale</wf>
         <wf lemma="e" pos="X">e</wf>
         <wf lemma="nel" pos="X">nella</wf>
         <instance id="d000.s251.t003" lemma="struttura" pos="NOUN">struttura</instance>
         <wf lemma="biochimico" pos="ADJ">biochimica</wf>
         <wf lemma="," pos="X">,</wf>
         <wf lemma="&quot;" pos="X">&quot;</wf>
         <wf lemma="avere" pos="VERB">ha</wf>
         <wf lemma="aggiunto" pos="ADJ">aggiunto</wf>
         <wf lemma="Cockell" pos="NOUN">Cockell</wf>
         <wf lemma="." pos="X">.</wf>
      </sentence>
      <sentence id="d000.s252" source="semeval2013-it">
         <wf lemma="Felisa" pos="ADJ">Felisa</wf>
         <wf lemma="Wolfe-Simon" pos="NOUN">Wolfe-Simon</wf>
         <wf lemma="del" pos="X">dell'</wf>
         <wf lemma="Astrobiology" pos="NOUN">Astrobiology</wf>
         <wf lemma="Institute" pos="NOUN">Institute</wf>
         <wf lemma="del" pos="X">della</wf>
         <instance id="d000.s252.t000" lemma="NASA" pos="NOUN">NASA</instance>
         <wf lemma="," pos="X">,</wf>
         <wf lemma="che" pos="X">che</wf>
         <wf lemma="avere" pos="VERB">ha</wf>
         <wf lemma="dirigere" pos="VERB">diretto</wf>
         <wf lemma="il" pos="X">lo</wf>
         <instance id="d000.s252.t001" lemma="studio" pos="NOUN">studio</instance>
         <wf lemma="," pos="X">,</wf>
         <wf lemma="avere" pos="VERB">ha</wf>
         <wf lemma="scegliere" pos="VERB">scelto</wf>
         <wf lemma="mono_lake" pos="NOUN">Mono_Lake</wf>
         <wf lemma="," pos="X">,</wf>
         <wf lemma="perché" pos="X">perché</wf>
         <wf lemma="avere" pos="VERB">ha</wf>
         <wf lemma="alto" pos="ADJ">alti</wf>
         <instance id="d000.s252.t002" lemma="livello" pos="NOUN">livelli</instance>
         <wf lemma="di" pos="X">di</wf>
         <instance id="d000.s252.t003" lemma="arsenico" pos="NOUN">arsenico</instance>
         <wf lemma="." pos="X">.</wf>
      </sentence>
      <sentence id="d000.s253" source="semeval2015-it">
         <wf pos="X">L</wf>
         <instance id="d000.s253.t000" lemma="impiego" pos="NOUN">impiego</instance>
         <wf pos="X">di</wf>
         <wf lemma="alimta" pos="NOUN">Alimta</wf>
         <wf lemma="essere" pos="VERB">è</wf>
         <wf lemma="sconsigliare" pos="ADJ">sconsigliato</wf>
         <wf pos="X">nei</wf>
         <instance id="d000.s253.t001" lemma="paziente" pos="NOUN">pazienti</instance>
         <wf pos="X">con</wf>
         <wf lemma="insufficienza" pos="NOUN">insufficienza</wf>
         <wf lemma="renale" pos="ADJ">renale</wf>
         <instance id="d000.s253.t002" lemma="grave" pos="ADJ">grave</instance>
         <wf pos="X">o</wf>
         <instance id="d000.s253.t003" lemma="moderato" pos="ADJ">moderata</instance>
         <wf pos="X">.</wf>
      </sentence>
      <sentence id="d000.s254" source="semeval2013-it">
         <wf lemma="il" pos="X">Lo</wf>
         <wf lemma="stesso" pos="ADJ">stesso</wf>
         <wf lemma="valere" pos="VERB">vale</wf>
         <wf lemma="per" pos="X">per</wf>
         <wf lemma="Citigroup" pos="NOUN">Citigroup</wf>
         <wf lemma="," pos="X">,</wf>
         <wf lemma="che" pos="X">che</wf>
         <wf lemma="avere" pos="VERB">ha</wf>
         <wf lemma="accettare" pos="VERB">accettato</wf>
         <wf lemma="di" pos="X">di</wf>
         <wf lemma="pagare" pos="VERB">pagare</wf>
         <wf lemma="@card@" pos="NOUN">20,5</wf>
         <instance id="d000.s254.t000" lemma="milione" pos="NOUN">milioni</instance>
         <wf lemma="di" pos="X">di</wf>
         <instance id="d000.s254.t001" lemma="dollaro" pos="NOUN">dollari</instance>
         <wf lemma="." pos="X">.</wf>
      </sentence>
      <sentence id="d000.s255" source="semeval2015-it">
         <wf lemma="alimta" pos="NOUN">Alimta</wf>
         <wf lemma="essere" pos="VERB">è</wf>
         <wf pos="X">una</wf>
         <instance id="d000.s255.t000" lemma="polvere" pos="NOUN">polvere</instance>
         <wf pos="X">da</wf>
         <instance id="d000.s255.t001" lemma="ricostituire" pos="VERB">ricostituire</instance>
         <wf pos="X">in</wf>
         <instance id="d000.s255.t002" lemma="soluzione" pos="NOUN">soluzione</instance>
         <wf pos="X">per</wf>
         <wf lemma="infusione" pos="NOUN">infusione</wf>
         <wf pos="X">(</wf>
         <instance id="d000.s255.t003" lemma="iniezione" pos="NOUN">iniezione</instance>
         <wf lemma="goccia" pos="NOUN">goccia</wf>
         <wf pos="X">a</wf>
         <wf lemma="goccia" pos="NOUN">goccia</wf>
         <wf pos="X">in</wf>
         <instance id="d000.s255.t004" lemma="vena" pos="NOUN">vena</instance>
         <wf pos="X">)</wf>
         <wf pos="X">.</wf>
      </sentence>
      <sentence id="d000.s256" source="semeval2013-it">
         <wf lemma="un" pos="X">Un</wf>
         <instance id="d000.s256.t000" lemma="portavoce" pos="NOUN">portavoce</instance>
         <wf lemma="di" pos="X">di</wf>
         <wf lemma="Citigroup" pos="NOUN">Citigroup</wf>
         <wf lemma="avere" pos="VERB">ha</wf>
         <wf lemma="rifiutare" pos="VERB">rifiutato</wf>
         <wf lemma="di" pos="X">di</wf>
         <wf lemma="commentare" pos="VERB">commentare</wf>
         <wf lemma="." pos="X">.</wf>
      </sentence>
      <sentence id="d000.s257" source="semeval2013-it">
         <wf lemma="nel" pos="X">Nella</wf>
         <wf lemma="loro" pos="X">loro</wf>
         <wf lemma="presentazione" pos="NOUN">presentazione</wf>
         <wf lemma="," pos="X">,</wf>
         <wf lemma="avere" pos="VERB">hanno</wf>
         <wf lemma="fare" pos="VERB">fatto</wf>
         <instance id="d000.s257.t000" lemma="riferimento" pos="NOUN">riferimento</instance>
         <wf lemma="al" pos="X">al</wf>
         <wf lemma="rovesciamento" pos="NOUN">rovesciamento</wf>
         <wf lemma="del" pos="X">della</wf>
         <instance id="d000.s257.t001" lemma="decisione" pos="NOUN">decisione</instance>
         <wf lemma="del" pos="X">del</wf>
         <wf lemma="@card@" pos="NOUN">1996</wf>
         <wf lemma="del" pos="X">della</wf>
         <instance id="d000.s257.t002" lemma="corte_suprema" pos="NOUN">Corte_Suprema</instance>
         <wf lemma="riguardo" pos="NOUN">riguardo</wf>
         <wf lemma="il" pos="X">la</wf>
         <instance id="d000.s257.t003" lemma="colpevolezza" pos="NOUN">colpevolezza</instance>
         <wf lemma="del" pos="X">del</wf>
         <wf lemma="dottore" pos="NOUN">dottor</wf>
         <wf lemma="Sheppard" pos="NOUN">Sheppard</wf>
         <wf lemma="sul" pos="X">sulla</wf>
         <instance id="d000.s257.t004" lemma="base" pos="NOUN">base</instance>
         <wf lemma="del" pos="X">delle</wf>
         <instance id="d000.s257.t005" lemma="attività" pos="NOUN">attività</instance>
         <wf lemma="di" pos="X">di</wf>
         <instance id="d000.s257.t006" lemma="reportage" pos="NOUN">reportage</instance>
         <wf lemma="del" pos="X">del</wf>
         <instance id="d000.s257.t007" lemma="processo" pos="NOUN">processo</instance>
         <wf lemma="e" pos="X">e</wf>
         <wf lemma="avere" pos="VERB">hanno</wf>
         <wf lemma="dichiarare" pos="VERB">dichiarato</wf>
         <wf lemma="esplicitamente" pos="ADV">esplicitamente</wf>
         <wf lemma="che" pos="X">che</wf>
         <wf lemma="avere" pos="VERB">avrebbero</wf>
         <wf lemma="affermare" pos="VERB">affermato</wf>
         <wf lemma="che" pos="X">che</wf>
         <wf lemma="il" pos="X">i</wf>
         <wf lemma="nuovo_media" pos="NOUN">nuovi_media</wf>
         <wf lemma="necessitare" pos="VERB">necessitano</wf>
         <wf lemma="di" pos="X">di</wf>
         <wf lemma="nuovo" pos="ADJ">nuove</wf>
         <instance id="d000.s257.t008" lemma="regola" pos="NOUN">regole</instance>
         <wf lemma="." pos="X">.</wf>
      </sentence>
      <sentence id="d000.s258" source="semeval2015-it">
         <instance id="d000.s258.t000" lemma="ctrl" pos="NOUN">Ctrl</instance>
         <instance id="d000.s258.t001" lemma="l" pos="NOUN">L</instance>
         <wf lemma="salvare" pos="VERB">Salva</wf>
         <wf lemma="log" pos="NOUN">log</wf>
      </sentence>
      <sentence id="d000.s259" source="semeval2010-it">
         <wf lemma="La" pos="X">La</wf>
         <wf lemma="caratterizzazione" pos="X">caratterizzazione</wf>
         <wf lemma="qualitativa" pos="X">qualitativa</wf>
         <wf lemma="e" pos="X">e</wf>
         <wf lemma="quantitativa" pos="X">quantitativa</wf>
         <wf lemma="dei" pos="X">dei</wf>
         <wf lemma="popolamenti" pos="X">popolamenti</wf>
         <wf lemma="bentonici" pos="X">bentonici</wf>
         <wf lemma="verrà" pos="X">verrà</wf>
         <wf lemma="effettuata" pos="X">effettuata</wf>
         <wf lemma="per" pos="X">per</wf>
         <wf lemma="mezzo" pos="X">mezzo</wf>
         <wf lemma="di" pos="X">di</wf>
         <wf lemma="censimenti" pos="X">censimenti</wf>
         <wf lemma="visuali" pos="X">visuali</wf>
         <wf lemma="e" pos="X">e</wf>
         <wf lemma="rilievi" pos="X">rilievi</wf>
         <wf lemma="eventuali" pos="X">eventuali</wf>
         <instance id="d000.s259.t000" lemma="campione" pos="NOUN">campioni</instance>
         <wf lemma="di" pos="X">di</wf>
         <wf lemma="substrato" pos="X">substrato</wf>
         <wf lemma="raccolti" pos="X">raccolti</wf>
         <wf lemma="verranno" pos="X">verranno</wf>
         <wf lemma="classificati" pos="X">classificati</wf>
         <wf lemma="in" pos="X">in</wf>
         <wf lemma="laboratorio" pos="X">laboratorio</wf>
         <wf lemma="avvalendosi" pos="X">avvalendosi</wf>
         <wf lemma="degli" pos="X">degli</wf>
         <wf lemma="appositi" pos="X">appositi</wf>
         <wf lemma="testi" pos="X">testi</wf>
         <instance id="d000.s259.t001" lemma="chiave" pos="NOUN">chiave</instance>
         <wf lemma="per" pos="X">per</wf>
         <wf lemma="la" pos="X">la</wf>
         <instance id="d000.s259.t002" lemma="determinazione" pos="NOUN">determinazione</instance>
         <wf lemma="dei" pos="X">dei</wf>
         <wf lemma="diversi" pos="X">diversi</wf>
         <wf lemma="gruppi" pos="X">gruppi</wf>
         <wf lemma="sistematici" pos="X">sistematici</wf>
         <wf lemma="." pos="X">.</wf>
      </sentence>
      <sentence id="d000.s260" source="semeval2010-it">
         <wf lemma="è" pos="X">è</wf>
         <wf lemma="fortemente" pos="X">fortemente</wf>
         <wf lemma="influenzato" pos="X">influenzato</wf>
         <wf lemma="da" pos="X">da</wf>
         <instance id="d000.s260.t000" lemma="fenomeno" pos="NOUN">fenomeni</instance>
         <wf lemma="quali" pos="X">quali</wf>
         <wf lemma="la" pos="X">la</wf>
         <wf lemma="frammentazione" pos="X">frammentazione</wf>
         <wf lemma="degli" pos="X">degli</wf>
         <instance id="d000.s260.t001" lemma="habitat" pos="NOUN">habitat</instance>
         <wf lemma="generalmente" pos="X">generalmente</wf>
         <wf lemma="legati" pos="X">legati</wf>
         <wf lemma="all'" pos="X">all'</wf>
         <instance id="d000.s260.t002" lemma="attività" pos="NOUN">attività</instance>
         <wf lemma="antropica" pos="X">antropica</wf>
         <wf lemma="." pos="X">.</wf>
      </sentence>
      <sentence id="d000.s261" source="semeval2010-it">
         <wf lemma="Tale" pos="X">Tale</wf>
         <wf lemma="scienza" pos="X">scienza</wf>
         <wf lemma="fornisce" pos="X">fornisce</wf>
         <wf lemma="un" pos="X">un</wf>
         <wf lemma="supporto" pos="X">supporto</wf>
         <wf lemma="sia" pos="X">sia</wf>
         <wf lemma="teorico" pos="X">teorico</wf>
         <wf lemma="che" pos="X">che</wf>
         <wf lemma="di" pos="X">di</wf>
         <instance id="d000.s261.t000" lemma="esperienza" pos="NOUN">esperienze</instance>
         <wf lemma="applicative" pos="X">applicative</wf>
         <wf lemma="relative" pos="X">relative</wf>
         <wf lemma="alla" pos="X">alla</wf>
         <wf lemma="strutturazione" pos="X">strutturazione</wf>
         <wf lemma="," pos="X">,</wf>
         <wf lemma="all'" pos="X">all'</wf>
         <wf lemma="origine" pos="X">origine</wf>
         <wf lemma="," pos="X">,</wf>
         <wf lemma="ai" pos="X">ai</wf>
         <wf lemma="processi" pos="X">processi</wf>
         <wf lemma="di" pos="X">di</wf>
         <wf lemma="alterazione" pos="X">alterazione</wf>
         <wf lemma="della" pos="X">della</wf>
         <wf lemma="configurazione" pos="X">configurazione</wf>
         <wf lemma="del" pos="X">del</wf>
         <wf lemma="paesaggio" pos="X">paesaggio</wf>
         <wf lemma="," pos="X">,</wf>
         <wf lemma="ed" pos="X">ed</wf>
         <wf lemma="agli" pos="X">agli</wf>
         <wf lemma="effetti" pos="X">effetti</wf>
         <wf lemma="degli" pos="X">degli</wf>
         <wf lemma="stessi" pos="X">stessi</wf>
         <wf lemma="su" pos="X">su</wf>
         <wf lemma="flora" pos="X">flora</wf>
         <wf lemma="e" pos="X">e</wf>
         <wf lemma="fauna" pos="X">fauna</wf>
         <wf lemma="." pos="X">.</wf>
      </sentence>
      <sentence id="d000.s262" source="semeval2013-it">
         <wf lemma="tuttavia" pos="ADV">Tuttavia</wf>
         <wf lemma="," pos="X">,</wf>
         <wf lemma="il" pos="X">l'</wf>
         <wf lemma="annuncio" pos="NOUN">annuncio</wf>
         <wf lemma="di" pos="X">di</wf>
         <wf lemma="una" pos="X">una</wf>
         <instance id="d000.s262.t000" lemma="conferenza_stampa" pos="NOUN">conferenza stampa</instance>
         <wf lemma="sul" pos="X">sul</wf>
         <wf lemma="microbo" pos="NOUN">microbo</wf>
         <wf lemma="," pos="X">,</wf>
         <wf lemma="nel" pos="X">nel</wf>
         <wf lemma="quale" pos="X">quale</wf>
         <wf lemma="non" pos="ADV">non</wf>
         <wf lemma="essere" pos="VERB">sono</wf>
         <wf lemma="essere|stare" pos="VERB">stati</wf>
         <wf lemma="dare" pos="VERB">dati</wf>
         <instance id="d000.s262.t001" lemma="dettaglio" pos="NOUN">dettagli</instance>
         <wf lemma="sul" pos="X">sul</wf>
         <wf lemma="ritrovamento" pos="NOUN">ritrovamento</wf>
         <wf lemma="," pos="X">,</wf>
         <wf lemma="avere" pos="VERB">ha</wf>
         <wf lemma="generare" pos="VERB">generato</wf>
         <wf lemma="speculazione" pos="NOUN">speculazioni</wf>
         <wf lemma="diffuso" pos="ADJ">diffuse</wf>
         <wf lemma="su" pos="X">su</wf>
         <instance id="d000.s262.t002" lemma="internet" pos="NOUN">Internet</instance>
         <wf lemma="che" pos="X">che</wf>
         <wf lemma="il" pos="X">la</wf>
         <instance id="d000.s262.t003" lemma="relazione" pos="NOUN">relazione</instance>
         <wf lemma="avere" pos="VERB">avrebbe</wf>
         <wf lemma="volere" pos="VERB">voluto</wf>
         <wf lemma="rivelare" pos="VERB">rivelare</wf>
         <wf lemma="il" pos="X">la</wf>
         <instance id="d000.s262.t004" lemma="scoperta" pos="NOUN">scoperta</instance>
         <wf lemma="di" pos="X">di</wf>
         <instance id="d000.s262.t005" lemma="vita" pos="NOUN">vita</instance>
         <wf lemma="extraterrestre" pos="ADJ">extraterrestre</wf>
         <wf lemma="." pos="X">.</wf>
      </sentence>
      <sentence id="d000.s263" source="semeval2015-it">
         <wf pos="X">Il</wf>
         <wf lemma="principio" pos="NOUN">principio</wf>
         <instance id="d000.s263.t000" lemma="attivo" pos="ADJ">attivo</instance>
         <wf pos="X">di</wf>
         <wf lemma="alimta" pos="NOUN">Alimta</wf>
         <wf pos="X">,</wf>
         <wf lemma="pemetrexed" pos="NOUN">pemetrexed</wf>
         <wf pos="X">,</wf>
         <wf lemma="essere" pos="VERB">è</wf>
         <wf pos="X">un</wf>
         <instance id="d000.s263.t001" lemma="medicinale" pos="NOUN">medicinale</instance>
         <instance id="d000.s263.t002" lemma="citotossico" pos="ADJ">citotossico</instance>
         <wf pos="X">(</wf>
         <instance id="d000.s263.t003" lemma="medicinale" pos="NOUN">medicinale</instance>
         <wf pos="X">che</wf>
         <instance id="d000.s263.t004" lemma="uccidere" pos="VERB">uccide</instance>
         <wf pos="X">le</wf>
         <instance id="d000.s263.t005" lemma="cellula" pos="NOUN">cellule</instance>
         <wf pos="X">in</wf>
         <instance id="d000.s263.t006" lemma="attivo" pos="ADJ">attiva</instance>
         <instance id="d000.s263.t007" lemma="divisione" pos="NOUN">divisione</instance>
         <wf pos="X">,</wf>
         <wf pos="X">come</wf>
         <wf pos="X">le</wf>
         <instance id="d000.s263.t008" lemma="cellula" pos="NOUN">cellule</instance>
         <instance id="d000.s263.t009" lemma="tumorale" pos="ADJ">tumorali</instance>
         <wf pos="X">)</wf>
         <wf pos="X">,</wf>
         <wf pos="X">che</wf>
         <instance id="d000.s263.t010" lemma="appartenere" pos="VERB">appartiene</instance>
         <wf pos="X">al</wf>
         <instance id="d000.s263.t011" lemma="gruppo" pos="NOUN">gruppo</instance>
         <wf pos="X">degli</wf>
         <instance id="d000.s263.t012" lemma="antimetaboliti" pos="NOUN">antimetaboliti</instance>
         <wf pos="X">.</wf>
      </sentence>
      <sentence id="d000.s264" source="semeval2010-it">
         <wf lemma="L'" pos="X">L'</wf>
         <wf lemma="Alto" pos="X">Alto</wf>
         <wf lemma="Adriatico" pos="X">Adriatico</wf>
         <wf lemma="è" pos="X">è</wf>
         <wf lemma="caratterizzato" pos="X">caratterizzato</wf>
         <wf lemma="dalla" pos="X">dalla</wf>
         <wf lemma="predominanza" pos="X">predominanza</wf>
         <wf lemma="di" pos="X">di</wf>
         <instance id="d000.s264.t000" lemma="fondale" pos="NOUN">fondali</instance>
         <wf lemma="fangosi" pos="X">fangosi</wf>
         <wf lemma="e" pos="X">e</wf>
         <wf lemma="sabbiosi" pos="X">sabbiosi</wf>
         <wf lemma="," pos="X">,</wf>
         <wf lemma="dalla" pos="X">dalla</wf>
         <instance id="d000.s264.t001" lemma="ricchezza" pos="NOUN">ricchezza</instance>
         <wf lemma="dei" pos="X">dei</wf>
         <wf lemma="nutrienti" pos="X">nutrienti</wf>
         <wf lemma="e" pos="X">e</wf>
         <wf lemma="dalla" pos="X">dalla</wf>
         <wf lemma="bassa" pos="X">bassa</wf>
         <wf lemma="profondità" pos="X">profondità</wf>
         <wf lemma="(" pos="X">(</wf>
         <wf lemma="max" pos="X">max</wf>
         <wf lemma="30" pos="X">30</wf>
         <wf lemma="m" pos="X">m</wf>
         <wf lemma=")" pos="X">)</wf>
         <wf lemma="." pos="X">.</wf>
      </sentence>
      <sentence id="d000.s265" source="semeval2013-it">
         <wf lemma="da" pos="X">Da</wf>
         <wf lemma="alcuno" pos="X">alcuni</wf>
         <wf lemma="il" pos="X">il</wf>
         <instance id="d000.s265.t000" lemma="reato" pos="NOUN">reato</instance>
         <wf lemma="essere" pos="VERB">è</wf>
         <wf lemma="ritenere" pos="VERB">ritenuto</wf>
         <wf lemma="essere" pos="VERB">essere</wf>
         <wf lemma="essere|stare" pos="VERB">stato</wf>
         <wf lemma="il" pos="X">l'</wf>
         <instance id="d000.s265.t001" lemma="ispirazione" pos="NOUN">ispirazione</instance>
         <wf lemma="per" pos="X">per</wf>
         <wf lemma="il" pos="X">la</wf>
         <wf lemma="serie_televisiva" pos="NOUN">serie_televisiva</wf>
         <wf lemma="e" pos="X">e</wf>
         <wf lemma="il" pos="X">il</wf>
         <instance id="d000.s265.t002" lemma="film" pos="NOUN">film</instance>
         <wf lemma="&quot;" pos="X">&quot;</wf>
         <wf lemma="Il_fuggitivo" pos="NOUN">Il_fuggitivo</wf>
         <wf lemma="." pos="X">.</wf>
         <wf lemma="&quot;" pos="X">&quot;</wf>
      </sentence>
      <sentence id="d000.s266" source="semeval2010-it">
         <wf lemma="Da" pos="X">Da</wf>
         <wf lemma="bibliografia" pos="X">bibliografia</wf>
         <wf lemma="emerge" pos="X">emerge</wf>
         <wf lemma="che" pos="X">che</wf>
         <wf lemma="le" pos="X">le</wf>
         <wf lemma="aree" pos="X">aree</wf>
         <wf lemma="interessate" pos="X">interessate</wf>
         <wf lemma="ad" pos="X">ad</wf>
         <instance id="d000.s266.t000" lemma="affioramento" pos="NOUN">affioramenti</instance>
         <wf lemma="rocciosi" pos="X">rocciosi</wf>
         <wf lemma="si" pos="X">si</wf>
         <wf lemma="dal" pos="X">dal</wf>
         <wf lemma="golfo" pos="X">golfo</wf>
         <wf lemma="di" pos="X">di</wf>
         <wf lemma="Trieste" pos="X">Trieste</wf>
         <wf lemma="fino" pos="X">fino</wf>
         <wf lemma="al" pos="X">al</wf>
         <wf lemma="litorale" pos="X">litorale</wf>
         <wf lemma="di" pos="X">di</wf>
         <wf lemma="Ancona" pos="X">Ancona</wf>
         <wf lemma="," pos="X">,</wf>
         <wf lemma="lungo" pos="X">lungo</wf>
         <wf lemma="tutta" pos="X">tutta</wf>
         <wf lemma="la" pos="X">la</wf>
         <instance id="d000.s266.t001" lemma="costa" pos="NOUN">costa</instance>
         <wf lemma="nord-occidentale" pos="X">nord-occidentale</wf>
         <wf lemma="e" pos="X">e</wf>
         <wf lemma="occidentale" pos="X">occidentale</wf>
         <wf lemma="dell'" pos="X">dell'</wf>
         <wf lemma="Alto" pos="X">Alto</wf>
         <wf lemma="Adriatico" pos="X">Adriatico</wf>
         <wf lemma="." pos="X">.</wf>
      </sentence>
      <sentence id="d000.s267" source="semeval2010-it">
         <wf lemma="L'" pos="X">L'</wf>
         <wf lemma="alterazione" pos="X">alterazione</wf>
         <wf lemma="e" pos="X">e</wf>
         <wf lemma="lo" pos="X">lo</wf>
         <wf lemma="sbarramento" pos="X">sbarramento</wf>
         <wf lemma="dei" pos="X">dei</wf>
         <wf lemma="sistemi" pos="X">sistemi</wf>
         <wf lemma="fluviali" pos="X">fluviali</wf>
         <wf lemma="per" pos="X">per</wf>
         <wf lemma="uso" pos="X">uso</wf>
         <wf lemma="industriale" pos="X">industriale</wf>
         <wf lemma="e" pos="X">e</wf>
         <wf lemma="domestico" pos="X">domestico</wf>
         <wf lemma="," pos="X">,</wf>
         <wf lemma="l'" pos="X">l'</wf>
         <instance id="d000.s267.t000" lemma="irrigazione" pos="NOUN">irrigazione</instance>
         <wf lemma="e" pos="X">e</wf>
         <wf lemma="gli" pos="X">gli</wf>
         <wf lemma="impianti" pos="X">impianti</wf>
         <wf lemma="idroelettrici" pos="X">idroelettrici</wf>
         <wf lemma="hanno" pos="X">hanno</wf>
         <wf lemma="frammentato" pos="X">frammentato</wf>
         <wf lemma="più" pos="X">più</wf>
         <wf lemma="della" pos="X">della</wf>
         <instance id="d000.s267.t001" lemma="metà" pos="NOUN">metà</instance>
         <wf lemma="dei" pos="X">dei</wf>
         <wf lemma="grandi" pos="X">grandi</wf>
         <wf lemma="sistemi" pos="X">sistemi</wf>
         <wf lemma="fluviali" pos="X">fluviali</wf>
         <wf lemma="mondiali" pos="X">mondiali</wf>
         <wf lemma="." pos="X">.</wf>
      </sentence>
      <sentence id="d000.s268" source="semeval2013-it">
         <wf lemma="il" pos="X">La</wf>
         <instance id="d000.s268.t000" lemma="questione" pos="NOUN">questione</instance>
         <wf lemma="esaminare" pos="VERB">esamina</wf>
         <wf lemma="il" pos="X">il</wf>
         <instance id="d000.s268.t001" lemma="tipo" pos="NOUN">tipo</instance>
         <wf lemma="di" pos="X">di</wf>
         <instance id="d000.s268.t002" lemma="danno" pos="NOUN">danno</instance>
         <wf lemma="che" pos="X">che</wf>
         <wf lemma="venire" pos="VERB">viene</wf>
         <wf lemma="arrecare" pos="VERB">arrecato</wf>
         <wf lemma="al" pos="X">allo</wf>
         <instance id="d000.s268.t003" lemma="spirito" pos="NOUN">spirito</instance>
         <wf lemma="sportivo" pos="ADJ">sportivo</wf>
         <wf lemma="." pos="X">.</wf>
      </sentence>
      <sentence id="d000.s269" source="semeval2013-it">
         <wf lemma="il" pos="X">Gli</wf>
         <instance id="d000.s269.t000" lemma="avvocato_della_difesa" pos="NOUN">avvocati_della_difesa</instance>
         <wf lemma="dire" pos="VERB">dicono</wf>
         <wf lemma="anche" pos="ADV">anche</wf>
         <wf lemma="che" pos="X">che</wf>
         <wf lemma="contestare" pos="VERB">contesteranno</wf>
         <wf lemma="il" pos="X">la</wf>
         <wf lemma="costituzionalità" pos="NOUN">costituzionalità</wf>
         <wf lemma="del" pos="X">della</wf>
         <instance id="d000.s269.t001" lemma="pena_di_morte" pos="NOUN">pena_di_morte</instance>
         <wf lemma="e" pos="X">e</wf>
         <wf lemma="sostenere" pos="VERB">sostengono</wf>
         <wf lemma="che" pos="X">che</wf>
         <wf lemma="il" pos="X">il</wf>
         <instance id="d000.s269.t002" lemma="giudice" pos="NOUN">giudice</instance>
         <wf lemma="avere" pos="VERB">ha</wf>
         <wf lemma="erroneamente" pos="ADV">erroneamente</wf>
         <wf lemma="rimuovere" pos="VERB">rimosso</wf>
         <wf lemma="un" pos="X">un</wf>
         <instance id="d000.s269.t003" lemma="giurato" pos="NOUN">giurato</instance>
         <wf lemma="che" pos="X">che</wf>
         <wf lemma="essere" pos="VERB">era</wf>
         <wf lemma="essere|stare" pos="VERB">stato</wf>
         <wf lemma="critico" pos="ADJ">critico</wf>
         <wf lemma="verso" pos="X">verso</wf>
         <wf lemma="il" pos="X">i</wf>
         <instance id="d000.s269.t004" lemma="pubblico_ministero" pos="NOUN">pubblici_ministeri</instance>
         <wf lemma="e" pos="X">e</wf>
         <wf lemma="che" pos="X">che</wf>
         <wf lemma="a" pos="X">a</wf>
         <instance id="d000.s269.t005" lemma="causa" pos="NOUN">causa</instance>
         <wf lemma="di" pos="X">di</wf>
         <wf lemma="una" pos="X">una</wf>
         <wf lemma="suo" pos="X">sua</wf>
         <wf lemma="insolito" pos="ADJ">insolita</wf>
         <instance id="d000.s269.t006" lemma="decisione" pos="NOUN">decisione</instance>
         <wf lemma="avere" pos="VERB">ha</wf>
         <wf lemma="impropriamente" pos="ADV">impropriamente</wf>
         <wf lemma="aumentare" pos="VERB">aumentato</wf>
         <wf lemma="il" pos="X">la</wf>
         <instance id="d000.s269.t007" lemma="pressione" pos="NOUN">pressione</instance>
         <wf lemma="per" pos="X">per</wf>
         <wf lemma="un" pos="X">un</wf>
         <instance id="d000.s269.t008" lemma="verdetto" pos="NOUN">verdetto</instance>
         <wf lemma="ordinare" pos="VERB">ordinando</wf>
         <wf lemma="il" pos="X">la</wf>
         <instance id="d000.s269.t009" lemma="giuria" pos="NOUN">giuria</instance>
         <wf lemma="a" pos="X">a</wf>
         <wf lemma="deliberare" pos="VERB">deliberare</wf>
         <wf lemma="nel" pos="X">nel</wf>
         <instance id="d000.s269.t010" lemma="fine_settimana" pos="NOUN">fine_settimana</instance>
         <wf lemma="." pos="X">.</wf>
      </sentence>
      <sentence id="d000.s270" source="semeval2015-it">
         <wf lemma="alimta" pos="NOUN">Alimta</wf>
         <wf lemma="essere" pos="VERB">è</wf>
         <wf lemma="essere" pos="VERB">stato</wf>
         <wf pos="X">anche</wf>
         <wf lemma="confrontare" pos="VERB">confrontato</wf>
         <wf pos="X">con</wf>
         <wf lemma="gemcitabina" pos="NOUN">gemcitabina</wf>
         <wf pos="X">(</wf>
         <wf pos="X">altro</wf>
         <wf lemma="medicinale" pos="NOUN">medicinale</wf>
         <wf lemma="antitumorale" pos="ADJ">antitumorale</wf>
         <wf pos="X">)</wf>
         <wf pos="X">,</wf>
         <wf lemma="entrambi" pos="ADJ">entrambi</wf>
         <wf pos="X">in</wf>
         <wf lemma="associazione" pos="NOUN">associazione</wf>
         <wf pos="X">con</wf>
         <wf lemma="cisplatino" pos="NOUN">cisplatino</wf>
         <wf pos="X">,</wf>
         <wf pos="X">in</wf>
         <wf pos="X">uno</wf>
         <wf lemma="studio" pos="NOUN">studio</wf>
         <wf pos="X">su</wf>
         <wf pos="X">1.725</wf>
         <wf lemma="paziente" pos="NOUN">pazienti</wf>
         <wf pos="X">che</wf>
         <wf pos="X">in</wf>
         <wf lemma="passato" pos="NOUN">passato</wf>
         <wf pos="X">non</wf>
         <wf lemma="essere" pos="VERB">erano</wf>
         <wf pos="X">mai</wf>
         <wf lemma="essere" pos="VERB">stati</wf>
         <wf lemma="sottoporre" pos="VERB">sottoposti</wf>
         <wf pos="X">a</wf>
         <wf lemma="chemioterapia" pos="NOUN">chemioterapia</wf>
         <wf pos="X">per</wf>
         <instance id="d000.s270.t000" lemma="tumore_polmonare" pos="NOUN">tumore_polmonare</instance>
         <wf pos="X">.</wf>
      </sentence>
      <sentence id="d000.s271" source="semeval2010-it">
         <wf lemma="La" pos="X">La</wf>
         <wf lemma="definizione" pos="X">definizione</wf>
         <wf lemma="di" pos="X">di</wf>
         <wf lemma="tali" pos="X">tali</wf>
         <wf lemma="sistemi" pos="X">sistemi</wf>
         <wf lemma="richiede" pos="X">richiede</wf>
         <wf lemma="conoscenze" pos="X">conoscenze</wf>
         <wf lemma="specifiche" pos="X">specifiche</wf>
         <wf lemma="del" pos="X">del</wf>
         <wf lemma="territorio" pos="X">territorio</wf>
         <wf lemma="e" pos="X">e</wf>
         <wf lemma="fasi" pos="X">fasi</wf>
         <wf lemma="di" pos="X">di</wf>
         <wf lemma="interpretazione" pos="X">interpretazione</wf>
         <wf lemma="notevolmente" pos="X">notevolmente</wf>
         <wf lemma="più" pos="X">più</wf>
         <wf lemma="onerose" pos="X">onerose</wf>
         <wf lemma="rispetto" pos="X">rispetto</wf>
         <wf lemma="al" pos="X">al</wf>
         <wf lemma="livello" pos="X">livello</wf>
         <wf lemma="precedente" pos="X">precedente</wf>
         <wf lemma="," pos="X">,</wf>
         <wf lemma="rivolte" pos="X">rivolte</wf>
         <wf lemma="all'" pos="X">all'</wf>
         <instance id="d000.s271.t000" lemma="analisi" pos="NOUN">analisi</instance>
         <wf lemma="ed" pos="X">ed</wf>
         <wf lemma="all'" pos="X">all'</wf>
         <wf lemma="interpretazione" pos="X">interpretazione</wf>
         <wf lemma="delle" pos="X">delle</wf>
      </sentence>
      <sentence id="d000.s272" source="semeval2015-it">
         <wf pos="X">La</wf>
         <instance id="d000.s272.t000" lemma="finestra" pos="NOUN">finestra</instance>
         <instance id="d000.s272.t001" lemma="principale" pos="ADJ">principale</instance>
         <wf pos="X">di</wf>
         <wf lemma="kalgebra" pos="NOUN">kalgebra</wf>
         <wf lemma="essere" pos="VERB">è</wf>
         <instance id="d000.s272.t002" lemma="comporre" pos="VERB">composta</instance>
         <wf pos="X">da</wf>
         <wf pos="X">una</wf>
         <wf lemma="scheda" pos="NOUN">scheda</wf>
         <instance id="d000.s272.t003" lemma="console" pos="NOUN">Console</instance>
         <wf pos="X">,</wf>
         <wf pos="X">una</wf>
         <wf lemma="scheda" pos="NOUN">scheda</wf>
         <wf lemma="2d" pos="NOUN">2D</wf>
         <wf pos="X">,</wf>
         <wf pos="X">una</wf>
         <wf lemma="scheda" pos="NOUN">scheda</wf>
         <wf lemma="3d" pos="NOUN">3D</wf>
         <wf pos="X">e</wf>
         <wf pos="X">una</wf>
         <wf lemma="scheda" pos="NOUN">scheda</wf>
         <instance id="d000.s272.t004" lemma="dizionario" pos="NOUN">Dizionario</instance>
         <wf pos="X">.</wf>
      </sentence>
      <sentence id="d000.s273" source="semeval2015-it">
         <wf pos="X">Per</wf>
         <instance id="d000.s273.t000" lemma="maggiore" pos="ADJ">maggiori</instance>
         <instance id="d000.s273.t001" lemma="informazione" pos="NOUN">informazioni</instance>
         <wf pos="X">,</wf>
         <wf pos="X">si</wf>
         <wf lemma="rimandare" pos="VERB">rimanda</wf>
         <wf pos="X">al</wf>
         <instance id="d000.s273.t002" lemma="riassunto" pos="NOUN">Riassunto</instance>
         <wf pos="X">delle</wf>
         <instance id="d000.s273.t003" lemma="caratteristica" pos="NOUN">caratteristiche</instance>
         <wf pos="X">del</wf>
         <instance id="d000.s273.t004" lemma="prodotto" pos="NOUN">prodotto</instance>
         <wf pos="X">,</wf>
         <wf pos="X">anch</wf>
         <wf pos="X">esso</wf>
         <instance id="d000.s273.t005" lemma="allegare" pos="VERB">allegato</instance>
         <wf pos="X">all</wf>
         <wf lemma="epar" pos="NOUN">EPAR</wf>
         <wf pos="X">.</wf>
      </sentence>
      <sentence id="d000.s274" source="semeval2010-it">
         <wf lemma="Tale" pos="X">Tale</wf>
         <instance id="d000.s274.t000" lemma="fenomeno" pos="NOUN">fenomeno</instance>
         <wf lemma="presenta" pos="X">presenta</wf>
         <wf lemma="due" pos="X">due</wf>
         <wf lemma="componenti" pos="X">componenti</wf>
         <wf lemma=":" pos="X">:</wf>
      </sentence>
      <sentence id="d000.s275" source="semeval2013-it">
         <wf lemma="nel" pos="X">Nel</wf>
         <instance id="d000.s275.t000" lemma="complesso" pos="NOUN">complesso</instance>
         <wf lemma="," pos="X">,</wf>
         <wf lemma="il" pos="X">i</wf>
         <instance id="d000.s275.t001" lemma="paese" pos="NOUN">paesi</instance>
         <wf lemma="ridurre" pos="VERB">ridurrebbero</wf>
         <wf lemma="il" pos="X">le</wf>
         <wf lemma="emissione" pos="NOUN">emissioni</wf>
         <wf lemma="tra" pos="X">tra</wf>
         <wf lemma="il" pos="X">il</wf>
         <wf lemma="@card@" pos="NOUN">50</wf>
         <wf lemma="e" pos="X">e</wf>
         <wf lemma="il" pos="X">il</wf>
         <wf lemma="@card@" pos="NOUN">95</wf>
         <instance id="d000.s275.t002" lemma="per_cento" pos="NOUN">per_cento</instance>
         <wf lemma="entro" pos="X">entro</wf>
         <wf lemma="il" pos="X">il</wf>
         <wf lemma="@card@" pos="NOUN">2050</wf>
         <wf lemma="." pos="X">.</wf>
      </sentence>
      <sentence id="d000.s276" source="semeval2010-it">
         <wf lemma="La" pos="X">La</wf>
         <wf lemma="formulazione" pos="X">formulazione</wf>
         <wf lemma="e" pos="X">e</wf>
         <wf lemma="l'" pos="X">l'</wf>
         <wf lemma="utilizzo" pos="X">utilizzo</wf>
         <wf lemma="di" pos="X">di</wf>
         <wf lemma="nuovi" pos="X">nuovi</wf>
         <wf lemma="criteri" pos="X">criteri</wf>
         <wf lemma="di" pos="X">di</wf>
         <instance id="d000.s276.t000" lemma="pianificazione" pos="NOUN">pianificazione</instance>
         <wf lemma="sono" pos="X">sono</wf>
         <wf lemma="la" pos="X">la</wf>
         <wf lemma="logica" pos="X">logica</wf>
         <wf lemma="conseguenza" pos="X">conseguenza</wf>
         <wf lemma="degli" pos="X">degli</wf>
         <wf lemma="effetti" pos="X">effetti</wf>
         <wf lemma="del" pos="X">del</wf>
         <wf lemma="conflitto" pos="X">conflitto</wf>
         <wf lemma="tra" pos="X">tra</wf>
         <instance id="d000.s276.t001" lemma="sviluppo" pos="NOUN">sviluppo</instance>
         <wf lemma="economico" pos="X">economico</wf>
         <wf lemma="produttivo" pos="X">produttivo</wf>
         <wf lemma="e" pos="X">e</wf>
         <wf lemma="conservazione" pos="X">conservazione</wf>
         <wf lemma="della" pos="X">della</wf>
         <wf lemma="natura" pos="X">natura</wf>
         <wf lemma="." pos="X">.</wf>
      </sentence>
      <sentence id="d000.s277" source="semeval2013-it">
         <wf lemma="e" pos="X">E</wf>
         <wf lemma="non" pos="ADV">non</wf>
         <wf lemma="si" pos="X">si</wf>
         <wf lemma="trattare" pos="VERB">tratta</wf>
         <wf lemma="di" pos="X">di</wf>
         <wf lemma="una" pos="X">una</wf>
         <instance id="d000.s277.t000" lemma="strategia" pos="NOUN">strategia</instance>
         <wf lemma="utile" pos="ADJ">utile</wf>
         <wf lemma="per" pos="X">per</wf>
         <wf lemma="il" pos="X">la</wf>
         <wf lemma="prossimo" pos="ADJ">prossima</wf>
         <wf lemma="partita" pos="NOUN">partita</wf>
         <wf lemma="," pos="X">,</wf>
         <wf lemma="perché" pos="X">perché</wf>
         <wf lemma="il" pos="X">il</wf>
         <instance id="d000.s277.t001" lemma="club" pos="NOUN">club</instance>
         <wf lemma="non" pos="ADV">non</wf>
         <wf lemma="essere" pos="VERB">sarà</wf>
         <wf lemma="in" pos="X">in</wf>
         <wf lemma="grado" pos="NOUN">grado</wf>
         <wf lemma="di" pos="X">di</wf>
         <wf lemma="contare" pos="VERB">contare</wf>
         <wf lemma="su" pos="X">su</wf>
         <wf lemma="quei" pos="X">quei</wf>
         <instance id="d000.s277.t002" lemma="giocatore" pos="NOUN">giocatori</instance>
         <wf lemma="." pos="X">.</wf>
      </sentence>
      <sentence id="d000.s278" source="semeval2010-it">
         <wf lemma="Il" pos="X">Il</wf>
         <wf lemma="ruolo" pos="X">ruolo</wf>
         <wf lemma="di" pos="X">di</wf>
         <wf lemma="tali" pos="X">tali</wf>
         <wf lemma="piani" pos="X">piani</wf>
         <wf lemma="assume" pos="X">assume</wf>
         <wf lemma="maggiore" pos="X">maggiore</wf>
         <wf lemma="peso" pos="X">peso</wf>
         <wf lemma="in" pos="X">in</wf>
         <wf lemma="considerazione" pos="X">considerazione</wf>
         <wf lemma="dei" pos="X">dei</wf>
         <wf lemma="nuovi" pos="X">nuovi</wf>
         <wf lemma="orientamenti" pos="X">orientamenti</wf>
         <wf lemma="emanati" pos="X">emanati</wf>
         <wf lemma="dall'" pos="X">dall'</wf>
         <wf lemma="Unione" pos="X">Unione</wf>
         <wf lemma="Europea" pos="X">Europea</wf>
         <wf lemma="per" pos="X">per</wf>
         <wf lemma="il" pos="X">il</wf>
         <wf lemma="prossimo" pos="X">prossimo</wf>
         <wf lemma="periodo" pos="X">periodo</wf>
         <wf lemma="di" pos="X">di</wf>
         <instance id="d000.s278.t000" lemma="programmazione" pos="NOUN">programmazione</instance>
         <wf lemma="(" pos="X">(</wf>
         <wf lemma="2007-2013" pos="X">2007-2013</wf>
         <wf lemma=")" pos="X">)</wf>
         <wf lemma="nei" pos="X">nei</wf>
         <wf lemma="quali" pos="X">quali</wf>
         <wf lemma="," pos="X">,</wf>
         <wf lemma="oltre" pos="X">oltre</wf>
         <wf lemma="al" pos="X">al</wf>
         <wf lemma="rafforzamento" pos="X">rafforzamento</wf>
         <wf lemma="del" pos="X">del</wf>
         <wf lemma="sostegno" pos="X">sostegno</wf>
         <wf lemma="agroambientale" pos="X">agroambientale</wf>
         <wf lemma="sono" pos="X">sono</wf>
         <wf lemma="previste" pos="X">previste</wf>
         <wf lemma="misure" pos="X">misure</wf>
         <wf lemma="specifiche" pos="X">specifiche</wf>
         <wf lemma="per" pos="X">per</wf>
         <wf lemma="la" pos="X">la</wf>
         <wf lemma="realizzazione" pos="X">realizzazione</wf>
         <wf lemma="della" pos="X">della</wf>
         <wf lemma="rete" pos="X">rete</wf>
         <wf lemma="ecologica" pos="X">ecologica</wf>
         <wf lemma="europea" pos="X">europea</wf>
         <wf lemma="Rete" pos="X">Rete</wf>
         <wf lemma="Natura" pos="X">Natura</wf>
         <wf lemma="2000" pos="X">2000</wf>
         <wf lemma="(" pos="X">(</wf>
         <wf lemma="COM" pos="X">COM</wf>
         <wf lemma="(" pos="X">(</wf>
         <wf lemma="2004" pos="X">2004</wf>
         <wf lemma=")" pos="X">)</wf>
         <wf lemma="431" pos="X">431</wf>
         <wf lemma="def" pos="X">def</wf>
         <wf lemma=")" pos="X">)</wf>
         <wf lemma="." pos="X">.</wf>
      </sentence>
      <sentence id="d000.s279" source="semeval2013-it">
         <wf lemma="il" pos="X">La</wf>
         <wf lemma="loro" pos="X">loro</wf>
         <instance id="d000.s279.t000" lemma="presenza" pos="NOUN">presenza</instance>
         <wf lemma="e" pos="X">e</wf>
         <wf lemma="il" pos="X">il</wf>
         <wf lemma="loro" pos="X">loro</wf>
         <instance id="d000.s279.t001" lemma="contributo" pos="NOUN">contributo</instance>
         <wf lemma="attivo" pos="ADJ">attivo</wf>
         <wf lemma="al" pos="X">alla</wf>
         <instance id="d000.s279.t002" lemma="raccolta" pos="NOUN">raccolta</instance>
         <wf lemma="del" pos="X">dei</wf>
         <instance id="d000.s279.t003" lemma="fondo" pos="NOUN">fondi</instance>
         <wf lemma="per" pos="X">per</wf>
         <wf lemma="questo" pos="X">questo</wf>
         <instance id="d000.s279.t004" lemma="evento" pos="NOUN">evento</instance>
         <wf lemma="minare" pos="VERB">mina</wf>
         <wf lemma="qualsiasi" pos="ADJ">qualsiasi</wf>
         <instance id="d000.s279.t005" lemma="pretesa" pos="NOUN">pretesa</instance>
         <wf lemma="di" pos="X">di</wf>
         <instance id="d000.s279.t006" lemma="imparzialità" pos="NOUN">imparzialità</instance>
         <wf lemma="," pos="X">,</wf>
         <wf lemma="ed" pos="X">ed</wf>
         <wf lemma="essere" pos="VERB">è</wf>
         <wf lemma="inaccettabile" pos="ADJ">inaccettabile</wf>
         <wf lemma="." pos="X">.</wf>
      </sentence>
      <sentence id="d000.s280" source="semeval2013-it">
         <wf lemma="nel" pos="X">Nelle</wf>
         <instance id="d000.s280.t000" lemma="intervista" pos="NOUN">interviste</instance>
         <wf lemma="," pos="X">,</wf>
         <wf lemma="alcuno" pos="X">alcuni</wf>
         <instance id="d000.s280.t001" lemma="giornalista" pos="NOUN">giornalisti</instance>
         <wf lemma="avere" pos="VERB">hanno</wf>
         <wf lemma="dire" pos="VERB">detto</wf>
         <wf lemma="che" pos="X">che</wf>
         <wf lemma="il" pos="X">l'</wf>
         <instance id="d000.s280.t002" lemma="affermazione" pos="NOUN">affermazione</instance>
         <wf lemma="che" pos="X">che</wf>
         <wf lemma="il" pos="X">le</wf>
         <instance id="d000.s280.t003" lemma="notizia" pos="NOUN">notizie</instance>
         <wf lemma="immediato" pos="ADJ">immediate</wf>
         <wf lemma="essere" pos="VERB">fossero</wf>
         <wf lemma="più" pos="ADV">più</wf>
         <wf lemma="infiammare" pos="VERB">infiammanti</wf>
         <wf lemma="del" pos="X">dei</wf>
         <wf lemma="resoconto" pos="NOUN">resoconti</wf>
         <wf lemma="recapitare" pos="VERB">recapitati</wf>
         <wf lemma="più" pos="ADV">più</wf>
         <wf lemma="lentamente" pos="ADV">lentamente</wf>
         <wf lemma="essere" pos="VERB">era</wf>
         <wf lemma="un" pos="X">un</wf>
         <instance id="d000.s280.t004" lemma="punto_di_vista" pos="NOUN">punto_di_vista</instance>
         <wf lemma="luddistico" pos="NOUN">luddistico</wf>
         <wf lemma="che" pos="X">che</wf>
         <wf lemma="in" pos="X">in</wf>
         <instance id="d000.s280.t005" lemma="futuro" pos="NOUN">futuro</instance>
         <wf lemma="avere" pos="VERB">avrebbe</wf>
         <wf lemma="rendere" pos="VERB">reso</wf>
         <wf lemma="inadeguato" pos="ADJ">inadeguate</wf>
         <wf lemma="il" pos="X">le</wf>
         <instance id="d000.s280.t006" lemma="regola" pos="NOUN">regole</instance>
         <wf lemma="in" pos="X">in</wf>
         <wf lemma="materia" pos="NOUN">materia</wf>
         <wf lemma="di" pos="X">di</wf>
         <instance id="d000.s280.t007" lemma="attività" pos="NOUN">attività</instance>
         <wf lemma="di" pos="X">di</wf>
         <instance id="d000.s280.t008" lemma="reportage" pos="NOUN">reportage</instance>
         <wf lemma="in" pos="X">in</wf>
         <instance id="d000.s280.t009" lemma="tribunale" pos="NOUN">tribunale</instance>
         <wf lemma="." pos="X">.</wf>
      </sentence>
      <sentence id="d000.s281" source="semeval2015-it">
         <wf lemma="quando" pos="ADV">Quando</wf>
         <wf lemma="alimta" pos="NOUN">Alimta</wf>
         <wf lemma="essere" pos="VERB">è</wf>
         <wf lemma="somministrare" pos="VERB">somministrato</wf>
         <wf pos="X">con</wf>
         <wf lemma="cisplatino" pos="NOUN">cisplatino</wf>
         <wf pos="X">,</wf>
         <wf pos="X">i</wf>
         <wf lemma="paziente" pos="NOUN">pazienti</wf>
         <wf lemma="dovere" pos="VERB">devono</wf>
         <wf lemma="assumere" pos="VERB">assumere</wf>
         <wf pos="X">un</wf>
         <instance id="d000.s281.t000" lemma="farmaco_antiemetico" pos="NOUN">farmaco_antiemetico</instance>
         <wf pos="X">(</wf>
         <wf pos="X">per</wf>
         <wf lemma="prevenire" pos="VERB">prevenire</wf>
         <wf pos="X">il</wf>
         <wf lemma="vomito" pos="NOUN">vomito</wf>
         <wf pos="X">)</wf>
         <wf pos="X">e</wf>
         <wf lemma="ricevere" pos="VERB">ricevere</wf>
         <wf pos="X">un</wf>
         <wf lemma="adeguato" pos="ADJ">adeguata</wf>
         <wf lemma="idratazione" pos="NOUN">idratazione</wf>
         <wf pos="X">(</wf>
         <wf pos="X">per</wf>
         <wf lemma="prevenire" pos="VERB">prevenire</wf>
         <wf pos="X">la</wf>
         <wf lemma="disidratazione" pos="NOUN">disidratazione</wf>
         <wf pos="X">)</wf>
         <wf lemma="prima" pos="ADV">prima</wf>
         <wf pos="X">o</wf>
         <wf lemma="dopo" pos="ADV">dopo</wf>
         <wf pos="X">l</wf>
         <wf lemma="assunzione" pos="NOUN">assunzione</wf>
         <wf pos="X">di</wf>
         <wf lemma="cisplatino" pos="NOUN">cisplatino</wf>
         <wf pos="X">.</wf>
      </sentence>
      <sentence id="d000.s282" source="semeval2015-it">
         <instance id="d000.s282.t000" lemma="tuttavia" pos="ADV">Tuttavia</instance>
         <wf pos="X">,</wf>
         <wf pos="X">in</wf>
         <wf lemma="entrambi" pos="ADJ">entrambi</wf>
         <wf pos="X">gli</wf>
         <wf lemma="studio" pos="NOUN">studi</wf>
         <wf pos="X">i</wf>
         <instance id="d000.s282.t001" lemma="paziente" pos="NOUN">pazienti</instance>
         <wf pos="X">il</wf>
         <wf pos="X">cui</wf>
         <instance id="d000.s282.t002" lemma="tumore" pos="NOUN">tumore</instance>
         <wf pos="X">non</wf>
         <instance id="d000.s282.t003" lemma="interessare" pos="VERB">interessava</instance>
         <instance id="d000.s282.t004" lemma="cellula" pos="NOUN">cellule</instance>
         <wf lemma="squamoso" pos="ADJ">squamose</wf>
         <wf lemma="avere" pos="VERB">hanno</wf>
         <instance id="d000.s282.t005" lemma="riportare" pos="VERB">riportato</instance>
         <instance id="d000.s282.t006" lemma="tempo" pos="NOUN">tempi</instance>
         <wf pos="X">di</wf>
         <instance id="d000.s282.t007" lemma="sopravvivenza" pos="NOUN">sopravvivenza</instance>
         <wf pos="X">più</wf>
         <instance id="d000.s282.t008" lemma="lungo" pos="ADJ">lunghi</instance>
         <wf pos="X">se</wf>
         <instance id="d000.s282.t009" lemma="trattare" pos="VERB">trattati</instance>
         <wf pos="X">con</wf>
         <wf lemma="alimta" pos="NOUN">Alimta</wf>
         <wf pos="X">che</wf>
         <wf pos="X">se</wf>
         <instance id="d000.s282.t010" lemma="trattare" pos="VERB">trattati</instance>
         <wf pos="X">con</wf>
         <wf pos="X">il</wf>
         <wf lemma="comparatore" pos="NOUN">comparatore</wf>
         <wf pos="X">.</wf>
      </sentence>
      <sentence id="d000.s283" source="semeval2013-it">
         <wf lemma="&quot;" pos="X">&quot;</wf>
         <wf lemma="come" pos="X">Come</wf>
         <wf lemma="da" pos="X">da</wf>
         <wf lemma="me" pos="X">me</wf>
         <wf lemma="sperimentare" pos="VERB">sperimentato</wf>
         <wf lemma="durante" pos="X">durante</wf>
         <wf lemma="questo" pos="X">questo</wf>
         <instance id="d000.s283.t000" lemma="processo" pos="NOUN">processo</instance>
         <wf lemma="," pos="X">,</wf>
         <wf lemma="pensare" pos="VERB">penso</wf>
         <wf lemma="ci" pos="ADV">ci</wf>
         <wf lemma="essere" pos="VERB">sia</wf>
         <wf lemma="un" pos="X">un</wf>
         <wf lemma="vero" pos="ADJ">vero</wf>
         <instance id="d000.s283.t001" lemma="pericolo" pos="NOUN">pericolo</instance>
         <wf lemma="che" pos="X">che</wf>
         <wf lemma="il" pos="X">l'</wf>
         <wf lemma="inclusione" pos="NOUN">inclusione</wf>
         <wf lemma="di" pos="X">di</wf>
         <wf lemma="nuovo" pos="ADJ">nuove</wf>
         <instance id="d000.s283.t002" lemma="tecnologia" pos="NOUN">tecnologie</instance>
         <wf lemma="in" pos="X">in</wf>
         <instance id="d000.s283.t003" lemma="aula" pos="NOUN">aula</instance>
         <wf lemma="stare" pos="VERB">stia</wf>
         <wf lemma="compromettere" pos="VERB">compromettendo</wf>
         <wf lemma="il" pos="X">il</wf>
         <instance id="d000.s283.t004" lemma="diritto" pos="NOUN">diritto</instance>
         <wf lemma="del" pos="X">dell'</wf>
         <instance id="d000.s283.t005" lemma="individuo" pos="NOUN">individuo</instance>
         <wf lemma="ad" pos="X">ad</wf>
         <wf lemma="avere" pos="VERB">avere</wf>
         <wf lemma="un" pos="X">un</wf>
         <wf lemma="processo_equo" pos="NOUN">processo_equo</wf>
         <wf lemma="," pos="X">,</wf>
         <wf lemma="avere" pos="VERB">ha</wf>
         <wf lemma="dire" pos="VERB">detto</wf>
         <wf lemma="Thomas" pos="NOUN">Thomas</wf>
         <wf lemma="J." pos="X">J.</wf>
         <wf lemma="Ullmann" pos="NOUN">Ullmann</wf>
         <wf lemma="," pos="X">,</wf>
         <instance id="d000.s283.t006" lemma="avvocato" pos="NOUN">avvocato</instance>
         <instance id="d000.s283.t007" lemma="capo" pos="NOUN">capo</instance>
         <wf lemma="difensivo" pos="ADJ">difensivo</wf>
         <wf lemma="del" pos="X">del</wf>
         <instance id="d000.s283.t008" lemma="signor" pos="NOUN">signor</instance>
         <wf lemma="Hayes" pos="NOUN">Hayes</wf>
         <wf lemma="." pos="X">.</wf>
      </sentence>
      <sentence id="d000.s284" source="semeval2013-it">
         <wf lemma="il" pos="X">I</wf>
         <instance id="d000.s284.t000" lemma="giurato" pos="NOUN">giurati</instance>
         <wf lemma="non" pos="ADV">non</wf>
         <wf lemma="essere|sonare" pos="VERB">sono</wf>
         <wf lemma="essere|stare" pos="VERB">stati</wf>
         <wf lemma="sequestrare" pos="VERB">sequestrati</wf>
         <wf lemma="." pos="X">.</wf>
      </sentence>
      <sentence id="d000.s285" source="semeval2010-it">
         <wf lemma="Nello" pos="X">Nello</wf>
         <wf lemma="stesso" pos="X">stesso</wf>
         <wf lemma="periodo" pos="X">periodo</wf>
         <wf lemma="anche" pos="X">anche</wf>
         <wf lemma="quasi" pos="X">quasi</wf>
         <wf lemma="la" pos="X">la</wf>
         <instance id="d000.s285.t000" lemma="metà" pos="NOUN">metà</instance>
         <wf lemma="di" pos="X">di</wf>
         <wf lemma="quelle" pos="X">quelle</wf>
         <wf lemma="del" pos="X">del</wf>
         <wf lemma="Sud" pos="X">Sud</wf>
      </sentence>
      <sentence id="d000.s286" source="semeval2013-it">
         <wf lemma="il" pos="X">Le</wf>
         <instance id="d000.s286.t000" lemma="banca" pos="NOUN">banche</instance>
         <wf lemma="stare" pos="VERB">stanno</wf>
         <wf lemma="combattere" pos="VERB">combattendo</wf>
         <wf lemma="contro" pos="X">contro</wf>
         <wf lemma="un" pos="X">un</wf>
         <wf lemma="forte" pos="ADJ">forte</wf>
         <instance id="d000.s286.t001" lemma="vento" pos="NOUN">vento</instance>
         <wf lemma="nel" pos="X">negli</wf>
         <wf lemma="stati_uniti" pos="NOUN">Stati Uniti</wf>
         <wf lemma="diverso" pos="ADJ">diversi</wf>
         <instance id="d000.s286.t002" lemma="anno" pos="NOUN">anni</instance>
         <wf lemma="dopo" pos="ADV">dopo</wf>
         <wf lemma="." pos="X">.</wf>
      </sentence>
      <sentence id="d000.s287" source="semeval2010-it">
         <wf lemma="Un" pos="X">Un</wf>
         <wf lemma="primo" pos="X">primo</wf>
         <wf lemma="passo" pos="X">passo</wf>
         <wf lemma="per" pos="X">per</wf>
         <wf lemma="la" pos="X">la</wf>
         <instance id="d000.s287.t000" lemma="tutela" pos="NOUN">tutela</instance>
         <wf lemma="di" pos="X">di</wf>
         <wf lemma="questa" pos="X">questa</wf>
         <wf lemma="ricchezza" pos="X">ricchezza</wf>
         <wf lemma="è" pos="X">è</wf>
         <wf lemma="rappresentato" pos="X">rappresentato</wf>
         <wf lemma="dall'" pos="X">dall'</wf>
         <wf lemma="istituzione" pos="X">istituzione</wf>
         <wf lemma="di" pos="X">di</wf>
         <instance id="d000.s287.t001" lemma="parco" pos="NOUN">parchi</instance>
         <wf lemma="marini" pos="X">marini</wf>
         <wf lemma="," pos="X">,</wf>
         <wf lemma="all'" pos="X">all'</wf>
         <wf lemma="interno" pos="X">interno</wf>
         <wf lemma="dei" pos="X">dei</wf>
         <wf lemma="quali" pos="X">quali</wf>
         <wf lemma="è" pos="X">è</wf>
         <wf lemma="fondamentale" pos="X">fondamentale</wf>
         <wf lemma="classificare" pos="X">classificare</wf>
         <wf lemma="gli" pos="X">gli</wf>
         <wf lemma="organismi" pos="X">organismi</wf>
         <wf lemma="e" pos="X">e</wf>
         <wf lemma="studiarne" pos="X">studiarne</wf>
         <wf lemma="la" pos="X">la</wf>
         <wf lemma="distribuzione" pos="X">distribuzione</wf>
         <wf lemma="." pos="X">.</wf>
      </sentence>
      <sentence id="d000.s288" source="semeval2010-it">
         <wf lemma="1950" pos="X">1950</wf>
         <wf lemma="-" pos="X">-</wf>
         <wf lemma="perché" pos="X">perché</wf>
         <wf lemma="la" pos="X">la</wf>
         <wf lemma="maggior" pos="X">maggior</wf>
         <wf lemma="della" pos="X">della</wf>
         <wf lemma="terra" pos="X">terra</wf>
         <wf lemma="adatta" pos="X">adatta</wf>
         <wf lemma="all'" pos="X">all'</wf>
         <wf lemma="agricoltura" pos="X">agricoltura</wf>
         <wf lemma="era" pos="X">era</wf>
         <wf lemma="già" pos="X">già</wf>
         <wf lemma="stata" pos="X">stata</wf>
         <wf lemma="convertita" pos="X">convertita</wf>
         <wf lemma="-" pos="X">-</wf>
         <wf lemma="i" pos="X">i</wf>
         <wf lemma="biomi" pos="X">biomi</wf>
         <wf lemma="che" pos="X">che</wf>
         <wf lemma="hanno" pos="X">hanno</wf>
         <wf lemma="perso" pos="X">perso</wf>
         <wf lemma="la" pos="X">la</wf>
         <wf lemma="maggior" pos="X">maggior</wf>
         <wf lemma="parte" pos="X">parte</wf>
         <wf lemma="degli" pos="X">degli</wf>
         <instance id="d000.s288.t000" lemma="habitat" pos="NOUN">habitat</instance>
         <wf lemma="prima" pos="X">prima</wf>
         <wf lemma="del" pos="X">del</wf>
      </sentence>
      <sentence id="d000.s289" source="semeval2013-it">
         <wf lemma="il" pos="X">Il</wf>
         <instance id="d000.s289.t000" lemma="danno" pos="NOUN">danno</instance>
         <wf lemma="causare" pos="VERB">causato</wf>
         <wf lemma="da" pos="X">da</wf>
         <wf lemma="questo" pos="X">queste</wf>
         <instance id="d000.s289.t001" lemma="azione" pos="NOUN">azioni</instance>
         <wf lemma="al" pos="X">ai</wf>
         <wf lemma="princìpi" pos="NOUN">princìpi</wf>
         <wf lemma="del" pos="X">dello</wf>
         <instance id="d000.s289.t002" lemma="sport" pos="NOUN">sport</instance>
         <wf lemma="non" pos="ADV">non</wf>
         <wf lemma="essere" pos="VERB">è</wf>
         <wf lemma="tanto" pos="ADV">tanto</wf>
         <wf lemma="etico" pos="ADJ">etico</wf>
         <wf lemma="quanto" pos="ADV">quanto</wf>
         <wf lemma="estetico" pos="ADJ">estetico</wf>
         <wf lemma="." pos="X">.</wf>
      </sentence>
      <sentence id="d000.s290" source="semeval2015-it">
         <instance id="d000.s290.t000" lemma="ogni" pos="ADJ">Ogni</instance>
         <instance id="d000.s290.t001" lemma="volta" pos="NOUN">volta</instance>
         <wf pos="X">che</wf>
         <instance id="d000.s290.t002" lemma="inserire" pos="VERB">inserisci</instance>
         <wf pos="X">un'</wf>
         <instance id="d000.s290.t003" lemma="espressione" pos="NOUN">espressione</instance>
         <wf pos="X">,</wf>
         <wf pos="X">il</wf>
         <instance id="d000.s290.t004" lemma="valore" pos="NOUN">valore</instance>
         <wf pos="X">della</wf>
         <instance id="d000.s290.t005" lemma="variabile" pos="NOUN">variabile</instance>
         <wf pos="X">«</wf>
         <wf pos="X">ans</wf>
         <wf pos="X">»</wf>
         <wf lemma="essere" pos="VERB">sarà</wf>
         <instance id="d000.s290.t006" lemma="modificare" pos="VERB">modificato</instance>
         <wf pos="X">all'</wf>
         <instance id="d000.s290.t007" lemma="ultimo" pos="ADJ">ultimo</instance>
         <instance id="d000.s290.t008" lemma="risultato" pos="NOUN">risultato</instance>
         <wf pos="X">.</wf>
      </sentence>
      <sentence id="d000.s291" source="semeval2010-it">
         <wf lemma="il" pos="X">il</wf>
         <wf lemma="secondo" pos="X">secondo</wf>
         <wf lemma="," pos="X">,</wf>
         <wf lemma="riferito" pos="X">riferito</wf>
         <wf lemma="a" pos="X">a</wf>
         <wf lemma="scala" pos="X">scala</wf>
         <wf lemma="sub-regionale" pos="X">sub-regionale</wf>
         <wf lemma="o" pos="X">o</wf>
         <wf lemma="locale" pos="X">locale</wf>
         <wf lemma="," pos="X">,</wf>
         <wf lemma="è" pos="X">è</wf>
         <wf lemma="l'" pos="X">l'</wf>
         <wf lemma="ambito" pos="X">ambito</wf>
         <wf lemma="per" pos="X">per</wf>
         <wf lemma="la" pos="X">la</wf>
         <wf lemma="definizione" pos="X">definizione</wf>
         <wf lemma="della" pos="X">della</wf>
         <wf lemma="rete" pos="X">rete</wf>
         <wf lemma="ecologica" pos="X">ecologica</wf>
         <wf lemma="," pos="X">,</wf>
         <wf lemma="finalizzata" pos="X">finalizzata</wf>
         <wf lemma="a" pos="X">a</wf>
         <wf lemma="garantire" pos="X">garantire</wf>
         <wf lemma="la" pos="X">la</wf>
         <wf lemma="continuità" pos="X">continuità</wf>
         <wf lemma="degli" pos="X">degli</wf>
         <instance id="d000.s291.t000" lemma="habitat" pos="NOUN">habitat</instance>
         <wf lemma="," pos="X">,</wf>
         <wf lemma="presupposto" pos="X">presupposto</wf>
         <wf lemma="essenziale" pos="X">essenziale</wf>
         <wf lemma="per" pos="X">per</wf>
         <wf lemma="favorire" pos="X">favorire</wf>
         <wf lemma="la" pos="X">la</wf>
         <wf lemma="presenza" pos="X">presenza</wf>
         <wf lemma="di" pos="X">di</wf>
         <wf lemma="specie" pos="X">specie</wf>
         <wf lemma="animali" pos="X">animali</wf>
         <wf lemma="e" pos="X">e</wf>
         <wf lemma="vegetali" pos="X">vegetali</wf>
         <wf lemma="in" pos="X">in</wf>
         <wf lemma="un" pos="X">un</wf>
         <wf lemma="certo" pos="X">certo</wf>
         <wf lemma="territorio" pos="X">territorio</wf>
         <wf lemma="." pos="X">.</wf>
      </sentence>
      <sentence id="d000.s292" source="semeval2013-it">
         <wf lemma="e" pos="X">E</wf>
         <wf lemma="il" pos="X">la</wf>
         <instance id="d000.s292.t000" lemma="moglie" pos="NOUN">moglie</instance>
         <wf lemma="di" pos="X">di</wf>
         <wf lemma="Thomas" pos="NOUN">Thomas</wf>
         <wf lemma="," pos="X">,</wf>
         <wf lemma="Ginni" pos="NOUN">Ginni</wf>
         <wf lemma="," pos="X">,</wf>
         <wf lemma="essere" pos="VERB">è</wf>
         <wf lemma="una" pos="X">una</wf>
         <wf lemma="noto" pos="ADJ">nota</wf>
         <instance id="d000.s292.t001" lemma="attivista" pos="NOUN">attivista</instance>
         <wf lemma="conservatore" pos="NOUN">conservatrice</wf>
         <wf lemma="." pos="X">.</wf>
      </sentence>
      <sentence id="d000.s293" source="semeval2013-it">
         <instance id="d000.s293.t000" lemma="funzionario" pos="NOUN">Funzionari</instance>
         <wf lemma="di" pos="X">di</wf>
         <wf lemma="alto" pos="ADJ">alto</wf>
         <instance id="d000.s293.t001" lemma="livello" pos="NOUN">livello</instance>
         <wf lemma="come" pos="X">come</wf>
         <wf lemma="il" pos="X">il</wf>
         <wf lemma="ministro_dell'ambiente" pos="NOUN">ministro_dell'ambiente</wf>
         <wf lemma="indiano" pos="ADJ">indiano</wf>
         <wf lemma="Jairam" pos="NOUN">Jairam</wf>
         <wf lemma="Ramesh" pos="NOUN">Ramesh</wf>
         <wf lemma="e" pos="X">e</wf>
         <wf lemma="il" pos="X">il</wf>
         <wf lemma="vice_ministro" pos="NOUN">vice_ministro</wf>
         <wf lemma="cinese" pos="ADJ">cinese</wf>
         <wf lemma="essere|sonare" pos="VERB">sono</wf>
         <wf lemma="scendere|scernere" pos="VERB">scesi</wf>
         <wf lemma="dal" pos="X">dall'</wf>
         <instance id="d000.s293.t002" lemma="aereo" pos="NOUN">aereo</instance>
         <wf lemma="e" pos="X">e</wf>
         <wf lemma="essere|sonare" pos="VERB">sono</wf>
         <wf lemma="corso" pos="VERB">corsi</wf>
         <wf lemma="per" pos="X">per</wf>
         <wf lemma="il" pos="X">i</wf>
         <instance id="d000.s293.t003" lemma="corridoio" pos="NOUN">corridoi</instance>
         <wf lemma="del" pos="X">del</wf>
         <wf lemma="bella|bello" pos="NOUN">Bella_Center</wf>
         <wf lemma="al" pos="X">agli</wf>
         <wf lemma="incontro" pos="NOUN">incontri</wf>
         <wf lemma="a" pos="X">a</wf>
         <wf lemma="porta" pos="NOUN">porte</wf>
         <wf lemma="chiuso" pos="ADJ">chiuse</wf>
         <wf lemma="e" pos="X">e</wf>
         <wf lemma="al" pos="X">alle</wf>
         <instance id="d000.s293.t004" lemma="conferenza_stampa" pos="NOUN">conferenze_stampa</instance>
         <wf lemma="in" pos="X">in</wf>
         <wf lemma="modo" pos="NOUN">modo</wf>
         <wf lemma="da" pos="X">da</wf>
         <wf lemma="potere" pos="VERB">poter</wf>
         <wf lemma="reclamare" pos="VERB">reclamare</wf>
         <wf lemma="rivendicazione" pos="NOUN">rivendicazioni</wf>
         <wf lemma="che" pos="X">che</wf>
         <wf lemma="verrano" pos="VERB">verrano</wf>
         <wf lemma="arbitrato" pos="ADJ">arbitrate</wf>
         <wf lemma="nel" pos="X">nella</wf>
         <wf lemma="prossimo" pos="ADJ">prossima</wf>
         <instance id="d000.s293.t005" lemma="settimana" pos="NOUN">settimana</instance>
         <wf lemma="." pos="X">.</wf>
      </sentence>
      <sentence id="d000.s294" source="semeval2013-it">
         <instance id="d000.s294.t000" lemma="arsenico" pos="NOUN">Arsenico</instance>
         <wf lemma="e" pos="X">e</wf>
         <instance id="d000.s294.t001" lemma="fosforo" pos="NOUN">fosforo</instance>
         <wf lemma="essere" pos="VERB">sono</wf>
         <wf lemma="chimicamente" pos="ADV">chimicamente</wf>
         <wf lemma="simile" pos="ADJ">simili</wf>
         <wf lemma="," pos="X">,</wf>
         <wf lemma="così" pos="ADV">così</wf>
         <wf lemma="avere" pos="VERB">ha</wf>
         <wf lemma="ipotizzare" pos="VERB">ipotizzato</wf>
         <wf lemma="che" pos="X">che</wf>
         <wf lemma="un" pos="X">un</wf>
         <instance id="d000.s294.t002" lemma="microbo" pos="NOUN">microbo</instance>
         <wf lemma="esporre" pos="VERB">esposto</wf>
         <wf lemma="a" pos="X">a</wf>
         <wf lemma="entrambi" pos="ADJ">entrambi</wf>
         <wf lemma="potere" pos="VERB">potrebbe</wf>
         <wf lemma="essere" pos="VERB">essere</wf>
         <wf lemma="in" pos="X">in</wf>
         <wf lemma="grado" pos="NOUN">grado</wf>
         <wf lemma="di" pos="X">di</wf>
         <wf lemma="sostituire" pos="VERB">sostituire</wf>
         <wf lemma="uno" pos="X">uno</wf>
         <wf lemma="per" pos="X">per</wf>
         <wf lemma="il" pos="X">l'</wf>
         <wf lemma="altro" pos="X">altro</wf>
         <wf lemma="." pos="X">.</wf>
      </sentence>
      <sentence id="d000.s295" source="semeval2015-it">
         <wf pos="X">Una</wf>
         <instance id="d000.s295.t000" lemma="definizione" pos="NOUN">definizione</instance>
         <wf pos="X">&quot;</wf>
         <wf pos="X">a</wf>
         <wf lemma="tratto" pos="NOUN">tratti</wf>
         <wf pos="X">&quot;</wf>
         <wf lemma="essere" pos="VERB">è</wf>
         <wf pos="X">il</wf>
         <instance id="d000.s295.t001" lemma="modo" pos="NOUN">modo</instance>
         <wf pos="X">in</wf>
         <wf pos="X">cui</wf>
         <wf lemma="potere" pos="VERB">possiamo</wf>
         <instance id="d000.s295.t002" lemma="definire" pos="VERB">definire</instance>
         <instance id="d000.s295.t003" lemma="operazione" pos="NOUN">operazioni</instance>
         <instance id="d000.s295.t004" lemma="condizionale" pos="ADJ">condizionali</instance>
         <wf pos="X">in</wf>
         <wf lemma="kalgebra" pos="NOUN">kalgebra</wf>
         <wf pos="X">.</wf>
      </sentence>
      <sentence id="d000.s296" source="semeval2015-it">
         <wf pos="X">Il</wf>
         <instance id="d000.s296.t000" lemma="trattamento" pos="NOUN">trattamento</instance>
         <wf lemma="dovere" pos="VERB">deve</wf>
         <wf lemma="essere" pos="VERB">essere</wf>
         <instance id="d000.s296.t001" lemma="posticipare" pos="VERB">posticipato</instance>
         <wf pos="X">o</wf>
         <instance id="d000.s296.t002" lemma="interrompere" pos="VERB">interrotto</instance>
         <wf pos="X">,</wf>
         <wf pos="X">o</wf>
         <wf pos="X">la</wf>
         <instance id="d000.s296.t003" lemma="dose" pos="NOUN">dose</instance>
         <wf lemma="dovere" pos="VERB">deve</wf>
         <wf lemma="essere" pos="VERB">essere</wf>
         <instance id="d000.s296.t004" lemma="ridurre" pos="VERB">ridotta</instance>
         <wf pos="X">,</wf>
         <wf pos="X">nei</wf>
         <instance id="d000.s296.t005" lemma="paziente" pos="NOUN">pazienti</instance>
         <wf pos="X">con</wf>
         <instance id="d000.s296.t006" lemma="alterazione" pos="NOUN">alterazioni</instance>
         <wf pos="X">nelle</wf>
         <wf lemma="conta" pos="NOUN">conte</wf>
         <instance id="d000.s296.t007" lemma="ematico" pos="ADJ">ematiche</instance>
         <wf pos="X">o</wf>
         <wf pos="X">che</wf>
         <instance id="d000.s296.t008" lemma="riportare" pos="VERB">riportano</instance>
         <wf pos="X">altri</wf>
         <instance id="d000.s296.t009" lemma="effetto" pos="NOUN">effetti</instance>
         <wf lemma="indesiderato" pos="ADJ">indesiderati</wf>
         <wf pos="X">.</wf>
      </sentence>
      <sentence id="d000.s297" source="semeval2015-it">
         <wf lemma="venire" pos="VERB">Vengono</wf>
         <wf lemma="esaminare" pos="VERB">esaminati</wf>
         <wf pos="X">anche</wf>
         <wf pos="X">i</wf>
         <instance id="d000.s297.t000" lemma="punto_di_vista" pos="NOUN">punti_di_vista</instance>
         <wf pos="X">delle</wf>
         <wf lemma="parte_sociale" pos="NOUN">parti_sociali</wf>
         <wf pos="X">,</wf>
         <wf lemma="dedicare" pos="VERB">dedicando</wf>
         <wf pos="X">un'</wf>
         <wf lemma="attenzione" pos="NOUN">attenzione</wf>
         <wf lemma="particolare" pos="ADJ">particolare</wf>
         <wf pos="X">alle</wf>
         <wf lemma="proposta" pos="NOUN">proposte</wf>
         <wf lemma="volto" pos="ADJ">volte</wf>
         <wf pos="X">ad</wf>
         <wf lemma="eliminare" pos="VERB">eliminare</wf>
         <wf pos="X">le</wf>
         <wf lemma="barriera" pos="NOUN">barriere</wf>
         <wf lemma="inerente" pos="ADJ">inerenti</wf>
         <wf pos="X">all'</wf>
         <wf lemma="età" pos="NOUN">età</wf>
         <wf pos="X">.</wf>
      </sentence>
      <sentence id="d000.s298" source="semeval2010-it">
         <wf lemma="In" pos="X">In</wf>
         <wf lemma="questo" pos="X">questo</wf>
         <wf lemma="contesto" pos="X">contesto</wf>
         <wf lemma="la" pos="X">la</wf>
         <wf lemma="rete" pos="X">rete</wf>
         <wf lemma="ecologica" pos="X">ecologica</wf>
         <wf lemma="viene" pos="X">viene</wf>
         <wf lemma="definita" pos="X">definita</wf>
         <wf lemma="come" pos="X">come</wf>
         <wf lemma="una" pos="X">una</wf>
         <wf lemma="struttura" pos="X">struttura</wf>
         <wf lemma="del" pos="X">del</wf>
         <wf lemma="territorio" pos="X">territorio</wf>
         <wf lemma="che" pos="X">che</wf>
         <wf lemma="garantisce" pos="X">garantisce</wf>
         <wf lemma="la" pos="X">la</wf>
         <instance id="d000.s298.t000" lemma="presenza" pos="NOUN">presenza</instance>
         <wf lemma="di" pos="X">di</wf>
         <wf lemma="condizioni" pos="X">condizioni</wf>
         <wf lemma="ecologiche" pos="X">ecologiche</wf>
         <wf lemma="," pos="X">,</wf>
         <wf lemma="fisiche" pos="X">fisiche</wf>
         <wf lemma="e" pos="X">e</wf>
         <wf lemma="politiche" pos="X">politiche</wf>
         <wf lemma="necessarie" pos="X">necessarie</wf>
         <wf lemma="alla" pos="X">alla</wf>
         <wf lemma="sopravvivenza" pos="X">sopravvivenza</wf>
         <wf lemma="di" pos="X">di</wf>
         <wf lemma="ecosistemi" pos="X">ecosistemi</wf>
         <wf lemma="e" pos="X">e</wf>
         <wf lemma="di" pos="X">di</wf>
         <wf lemma="specie" pos="X">specie</wf>
         <wf lemma="selvatiche" pos="X">selvatiche</wf>
         <wf lemma="(" pos="X">(</wf>
         <wf lemma="Opstal" pos="X">Opstal</wf>
         <wf lemma="," pos="X">,</wf>
         <wf lemma="1999" pos="X">1999</wf>
         <wf lemma=")" pos="X">)</wf>
         <wf lemma="." pos="X">.</wf>
      </sentence>
      <sentence id="d000.s299" source="semeval2015-it">
         <wf pos="X">Nel</wf>
         <instance id="d000.s299.t000" lemma="trattamento" pos="NOUN">trattamento</instance>
         <wf pos="X">dei</wf>
         <instance id="d000.s299.t001" lemma="paziente" pos="NOUN">pazienti</instance>
         <wf pos="X">con</wf>
         <instance id="d000.s299.t002" lemma="carcinoma" pos="NOUN">carcinoma</instance>
         <instance id="d000.s299.t003" lemma="polmonare" pos="ADJ">polmonare</instance>
         <wf pos="X">non</wf>
         <wf pos="X">a</wf>
         <instance id="d000.s299.t004" lemma="piccolo" pos="ADJ">piccole</instance>
         <instance id="d000.s299.t005" lemma="cellula" pos="NOUN">cellule</instance>
         <wf pos="X">,</wf>
         <wf lemma="alimta" pos="NOUN">Alimta</wf>
         <wf pos="X">si</wf>
         <wf lemma="essere" pos="VERB">è</wf>
         <instance id="d000.s299.t006" lemma="rivelare" pos="VERB">rivelato</instance>
         <wf pos="X">tanto</wf>
         <instance id="d000.s299.t007" lemma="efficace" pos="ADJ">efficace</instance>
         <wf pos="X">quanto</wf>
         <wf pos="X">i</wf>
         <wf lemma="comparatore" pos="NOUN">comparatori</wf>
         <wf pos="X">.</wf>
      </sentence>
      <sentence id="d000.s300" source="semeval2013-it">
         <wf lemma="il" pos="X">L'</wf>
         <instance id="d000.s300.t000" lemma="appello" pos="NOUN">appello</instance>
         <wf lemma="per" pos="X">per</wf>
         <wf lemma="il" pos="X">il</wf>
         <instance id="d000.s300.t001" lemma="processo" pos="NOUN">processo</instance>
         <wf lemma="Cheshire" pos="NOUN">Cheshire</wf>
         <wf lemma="imputare" pos="VERB">imputerà</wf>
         <wf lemma="Twitter" pos="NOUN">Twitter</wf>
      </sentence>
      <sentence id="d000.s301" source="semeval2013-it">
         <wf lemma="ma" pos="X">Ma</wf>
         <wf lemma="il" pos="X">le</wf>
         <wf lemma="loro" pos="X">loro</wf>
         <instance id="d000.s301.t000" lemma="discussione" pos="NOUN">discussioni</instance>
         <wf lemma="sul" pos="X">sull'</wf>
         <instance id="d000.s301.t001" lemma="effetto" pos="NOUN">effetto</instance>
         <wf lemma="del" pos="X">dell'</wf>
         <wf lemma="intenso" pos="ADJ">intensa</wf>
         <instance id="d000.s301.t002" lemma="attività" pos="NOUN">attività</instance>
         <wf lemma="di" pos="X">di</wf>
         <instance id="d000.s301.t003" lemma="reportage" pos="NOUN">reportage</instance>
         <wf lemma="sul" pos="X">sul</wf>
         <instance id="d000.s301.t004" lemma="processo" pos="NOUN">processo</instance>
         <wf lemma="," pos="X">,</wf>
         <wf lemma="potere" pos="VERB">potrebbero</wf>
         <wf lemma="attrarre" pos="VERB">attrarre</wf>
         <wf lemma="il" pos="X">il</wf>
         <wf lemma="maggiore" pos="ADJ">maggior</wf>
         <instance id="d000.s301.t005" lemma="interesse" pos="NOUN">interesse</instance>
         <wf lemma="." pos="X">.</wf>
      </sentence>
      <sentence id="d000.s302" source="semeval2013-it">
         <wf lemma="&quot;" pos="X">&quot;</wf>
         <wf lemma="questo" pos="X">Questo</wf>
         <instance id="d000.s302.t000" lemma="caso" pos="NOUN">caso</instance>
         <wf lemma="," pos="X">,</wf>
         <wf lemma="&quot;" pos="X">&quot;</wf>
         <wf lemma="avere" pos="VERB">hanno</wf>
         <wf lemma="scrivere" pos="VERB">scritto</wf>
         <wf lemma="," pos="X">,</wf>
         <wf lemma="&quot;" pos="X">&quot;</wf>
         <wf lemma="rappresentare" pos="VERB">rappresenta</wf>
         <wf lemma="il" pos="X">il</wf>
         <wf lemma="Sheppard" pos="NOUN">Sheppard</wf>
         <wf lemma="contro" pos="X">contro</wf>
         <wf lemma="maxwell" pos="NOUN">Maxwell</wf>
         <wf lemma="del" pos="X">del</wf>
         <wf lemma="@card@" pos="NOUN">21</wf>
         <wf lemma="°" pos="X">°</wf>
         <instance id="d000.s302.t001" lemma="secolo" pos="NOUN">secolo</instance>
         <wf lemma="." pos="X">.</wf>
         <wf lemma="&quot;" pos="X">&quot;</wf>
      </sentence>
      <sentence id="d000.s303" source="semeval2015-it">
         <instance id="d000.s303.t000" lemma="chiudere" pos="VERB">Chiude</instance>
         <wf pos="X">il</wf>
         <instance id="d000.s303.t001" lemma="programma" pos="NOUN">programma</instance>
         <wf pos="X">.</wf>
      </sentence>
      <sentence id="d000.s304" source="semeval2013-it">
         <wf lemma="ma" pos="X">Ma</wf>
         <wf lemma="si" pos="X">si</wf>
         <wf lemma="trattare" pos="VERB">tratta</wf>
         <wf lemma="di" pos="X">di</wf>
         <wf lemma="un" pos="X">un</wf>
         <instance id="d000.s304.t000" lemma="vantaggio" pos="NOUN">vantaggio</instance>
         <wf lemma="a" pos="X">a</wf>
         <wf lemma="lungo_termine" pos="NOUN">lungo termine</wf>
         <wf lemma="," pos="X">,</wf>
         <wf lemma="con" pos="X">con</wf>
         <wf lemma="un" pos="X">un</wf>
         <wf lemma="certo" pos="ADJ">certo</wf>
         <instance id="d000.s304.t001" lemma="grado" pos="NOUN">grado</instance>
         <wf lemma="di" pos="X">di</wf>
         <instance id="d000.s304.t002" lemma="indeterminazione" pos="NOUN">indeterminazione</instance>
         <wf lemma="," pos="X">,</wf>
         <wf lemma="perché" pos="X">perché</wf>
         <wf lemma="il" pos="X">la</wf>
         <instance id="d000.s304.t003" lemma="squadra" pos="NOUN">squadra</instance>
         <wf lemma="potere" pos="VERB">può</wf>
         <wf lemma="essere" pos="VERB">essere</wf>
         <wf lemma="eliminare" pos="VERB">eliminata</wf>
         <wf lemma="prima" pos="ADV">prima</wf>
         <wf lemma="del" pos="X">del</wf>
         <instance id="d000.s304.t004" lemma="cambiamento" pos="NOUN">cambiamento</instance>
         <wf lemma="," pos="X">,</wf>
         <wf lemma="e" pos="X">e</wf>
         <wf lemma="in" pos="X">in</wf>
         <wf lemma="aggiunta" pos="NOUN">aggiunta</wf>
         <wf lemma="a" pos="X">a</wf>
         <wf lemma="questo" pos="X">questa</wf>
         <instance id="d000.s304.t005" lemma="azione" pos="NOUN">azione</instance>
         <wf lemma="il" pos="X">i</wf>
         <instance id="d000.s304.t006" lemma="giocatore" pos="NOUN">giocatori</instance>
         <wf lemma="adempiere" pos="VERB">adempiono</wf>
         <wf lemma="al" pos="X">alla</wf>
         <wf lemma="sanzione" pos="NOUN">sanzione</wf>
         <wf lemma="di" pos="X">di</wf>
         <instance id="d000.s304.t007" lemma="gioco" pos="NOUN">gioco</instance>
         <wf lemma="e" pos="X">e</wf>
         <wf lemma="andare" pos="VERB">vanno</wf>
         <wf lemma="al" pos="X">al</wf>
         <wf lemma="secondo" pos="ADJ">secondo</wf>
         <wf lemma="ciclo" pos="NOUN">ciclo</wf>
         <wf lemma="di" pos="X">di</wf>
         <wf lemma="ammonizione" pos="NOUN">ammonizioni</wf>
         <wf lemma="," pos="X">,</wf>
         <wf lemma="dove" pos="X">dove</wf>
         <wf lemma="il" pos="X">la</wf>
         <wf lemma="sospensione" pos="NOUN">sospensione</wf>
         <wf lemma="da" pos="X">da</wf>
         <wf lemma="accumulo" pos="NOUN">accumulo</wf>
         <wf lemma="di" pos="X">di</wf>
         <wf lemma="cartellino" pos="NOUN">cartellini</wf>
         <wf lemma="avvenire" pos="VERB">avviene</wf>
         <wf lemma="con" pos="X">con</wf>
         <wf lemma="uno" pos="X">uno</wf>
         <wf lemma="in" pos="X">in</wf>
         <wf lemma="meno" pos="ADV">meno</wf>
         <wf lemma="rispettare" pos="VERB">rispetto</wf>
         <wf lemma="al" pos="X">al</wf>
         <wf lemma="primo" pos="ADJ">primo</wf>
         <wf lemma="ciclo" pos="NOUN">ciclo</wf>
         <wf lemma="." pos="X">.</wf>
      </sentence>
      <sentence id="d000.s305" source="semeval2010-it">
         <wf lemma="Si" pos="X">Si</wf>
         <wf lemma="calcola" pos="X">calcola</wf>
         <wf lemma="facendo" pos="X">facendo</wf>
         <wf lemma="la" pos="X">la</wf>
         <instance id="d000.s305.t000" lemma="media" pos="NOUN">media</instance>
         <wf lemma="tra" pos="X">tra</wf>
         <wf lemma="tre" pos="X">tre</wf>
         <instance id="d000.s305.t001" lemma="indice" pos="NOUN">indici</instance>
         <wf lemma="diversi" pos="X">diversi</wf>
         <wf lemma="che" pos="X">che</wf>
         <wf lemma="misurano" pos="X">misurano</wf>
         <wf lemma="rispettivamente" pos="X">rispettivamente</wf>
         <wf lemma="i" pos="X">i</wf>
         <wf lemma="trend" pos="X">trend</wf>
         <wf lemma="delle" pos="X">delle</wf>
         <wf lemma="popolazioni" pos="X">popolazioni</wf>
         <wf lemma="di" pos="X">di</wf>
         <wf lemma="695" pos="X">695</wf>
         <wf lemma="specie" pos="X">specie</wf>
         <wf lemma="terrestri" pos="X">terrestri</wf>
         <wf lemma="," pos="X">,</wf>
         <wf lemma="di" pos="X">di</wf>
         <wf lemma="274" pos="X">274</wf>
         <wf lemma="specie" pos="X">specie</wf>
         <wf lemma="marine" pos="X">marine</wf>
         <wf lemma="e" pos="X">e</wf>
         <wf lemma="di" pos="X">di</wf>
         <wf lemma="344" pos="X">344</wf>
         <wf lemma="specie" pos="X">specie</wf>
         <wf lemma="delle" pos="X">delle</wf>
         <wf lemma="acqua" pos="X">acqua</wf>
         <wf lemma="dolci" pos="X">dolci</wf>
         <wf lemma="." pos="X">.</wf>
      </sentence>
      <sentence id="d000.s306" source="semeval2013-it">
         <wf lemma="qui" pos="ADV">Qui</wf>
         <wf lemma="sembrare" pos="VERB">sembra</wf>
         <wf lemma="necessario" pos="ADJ">necessario</wf>
         <wf lemma="affermare" pos="VERB">affermare</wf>
         <wf lemma="che" pos="X">che</wf>
         <wf lemma="non" pos="ADV">non</wf>
         <wf lemma="si" pos="X">si</wf>
         <wf lemma="trattare" pos="VERB">tratta</wf>
         <wf lemma="né" pos="X">né</wf>
         <wf lemma="di" pos="X">di</wf>
         <wf lemma="una" pos="X">una</wf>
         <instance id="d000.s306.t000" lemma="situazione" pos="NOUN">situazione</instance>
         <wf lemma="di" pos="X">di</wf>
         <instance id="d000.s306.t001" lemma="svantaggio" pos="NOUN">svantaggio</instance>
         <wf lemma="per" pos="X">per</wf>
         <wf lemma="il" pos="X">il</wf>
         <instance id="d000.s306.t002" lemma="rivale" pos="NOUN">rivale</instance>
         <wf lemma="né" pos="X">né</wf>
         <wf lemma="di" pos="X">di</wf>
         <wf lemma="un" pos="X">un</wf>
         <instance id="d000.s306.t003" lemma="vantaggio" pos="NOUN">vantaggio</instance>
         <wf lemma="ottenere" pos="VERB">ottenuto</wf>
         <wf lemma="nel" pos="X">nella</wf>
         <wf lemma="stesso" pos="ADJ">stessa</wf>
         <wf lemma="partita" pos="NOUN">partita</wf>
         <wf lemma="," pos="X">,</wf>
         <wf lemma="perché" pos="X">perché</wf>
         <wf lemma="evidentemente" pos="ADV">evidentemente</wf>
         <wf lemma="il" pos="X">il</wf>
         <instance id="d000.s306.t004" lemma="risultato" pos="NOUN">risultato</instance>
         <wf lemma="del" pos="X">dell'</wf>
         <instance id="d000.s306.t005" lemma="azione" pos="NOUN">azione</instance>
         <wf lemma="presupporre" pos="VERB">presuppone</wf>
         <wf lemma="di" pos="X">di</wf>
         <wf lemma="lasciare" pos="VERB">lasciare</wf>
         <wf lemma="il" pos="X">la</wf>
         <wf lemma="proprio" pos="ADJ">propria</wf>
         <instance id="d000.s306.t006" lemma="squadra" pos="NOUN">squadra</instance>
         <wf lemma="con" pos="X">con</wf>
         <wf lemma="meno" pos="ADV">meno</wf>
         <instance id="d000.s306.t007" lemma="giocatore" pos="NOUN">giocatori</instance>
         <wf lemma="." pos="X">.</wf>
      </sentence>
      <sentence id="d000.s307" source="semeval2013-it">
         <wf lemma="Scalia" pos="VERB">Scalia</wf>
         <wf lemma="e" pos="X">e</wf>
         <wf lemma="Thomas" pos="NOUN">Thomas</wf>
         <wf lemma="cenare" pos="VERB">cenano</wf>
         <wf lemma="con" pos="X">con</wf>
         <wf lemma="il" pos="X">i</wf>
         <wf lemma="contestatore" pos="NOUN">contestatori</wf>
         <wf lemma="del" pos="X">della</wf>
         <instance id="d000.s307.t000" lemma="legge" pos="NOUN">legge</instance>
         <wf lemma="sanitario" pos="ADJ">sanitaria</wf>
         <wf lemma="proprio" pos="ADV">proprio</wf>
         <wf lemma="quando" pos="X">quando</wf>
         <wf lemma="il" pos="X">la</wf>
         <wf lemma="corte" pos="NOUN">corte</wf>
         <wf lemma="dovere" pos="VERB">deve</wf>
         <wf lemma="esaminare" pos="VERB">esaminare</wf>
         <wf lemma="il" pos="X">la</wf>
         <instance id="d000.s307.t001" lemma="causa" pos="NOUN">causa</instance>
         <wf lemma="." pos="X">.</wf>
      </sentence>
      <sentence id="d000.s308" source="semeval2013-it">
         <wf lemma="il" pos="X">L'</wf>
         <wf lemma="unico" pos="ADJ">unica</wf>
         <instance id="d000.s308.t000" lemma="differenza" pos="NOUN">differenza</instance>
         <wf lemma="," pos="X">,</wf>
         <wf lemma="il" pos="X">il</wf>
         <instance id="d000.s308.t001" lemma="grado" pos="NOUN">grado</instance>
         <wf lemma="di" pos="X">di</wf>
         <instance id="d000.s308.t002" lemma="generosità" pos="NOUN">generosità</instance>
      </sentence>
      <sentence id="d000.s309" source="semeval2013-it">
         <wf lemma="essi" pos="X">Essi</wf>
         <wf lemma="avere" pos="VERB">hanno</wf>
         <wf lemma="affermare" pos="VERB">affermato</wf>
         <wf lemma="che" pos="X">che</wf>
         <wf lemma="il" pos="X">i</wf>
         <instance id="d000.s309.t000" lemma="media" pos="NOUN">media</instance>
         <wf lemma="avere" pos="VERB">hanno</wf>
         <wf lemma="continuamente" pos="ADV">continuamente</wf>
         <wf lemma="soffiare" pos="VERB">soffiato</wf>
         <wf lemma="sul" pos="X">sul</wf>
         <wf lemma="fuoco" pos="NOUN">fuoco</wf>
         <wf lemma="del" pos="X">delle</wf>
         <instance id="d000.s309.t001" lemma="emozione" pos="NOUN">emozioni</instance>
         <wf lemma="riguardo" pos="NOUN">riguardo</wf>
         <wf lemma="il" pos="X">il</wf>
         <instance id="d000.s309.t002" lemma="caso" pos="NOUN">caso</instance>
         <wf lemma="." pos="X">.</wf>
      </sentence>
      <sentence id="d000.s310" source="semeval2015-it">
         <wf lemma="essere" pos="VERB">È</wf>
         <instance id="d000.s310.t000" lemma="usare" pos="VERB">usato</instance>
         <wf pos="X">nei</wf>
         <instance id="d000.s310.t001" lemma="cane" pos="NOUN">cani</instance>
         <wf pos="X">per</wf>
         <instance id="d000.s310.t002" lemma="prevenire" pos="VERB">prevenire</instance>
         <wf pos="X">il</wf>
         <instance id="d000.s310.t003" lemma="vomito" pos="NOUN">vomito</instance>
         <instance id="d000.s310.t004" lemma="causare" pos="VERB">causato</instance>
         <wf pos="X">,</wf>
         <wf pos="X">per</wf>
         <instance id="d000.s310.t005" lemma="esempio" pos="NOUN">esempio</instance>
         <wf pos="X">,</wf>
         <wf pos="X">dalla</wf>
         <instance id="d000.s310.t006" lemma="chemioterapia" pos="NOUN">chemioterapia</instance>
         <wf pos="X">(</wf>
         <instance id="d000.s310.t007" lemma="medicinale" pos="NOUN">medicinali</instance>
         <instance id="d000.s310.t008" lemma="usato" pos="ADJ">usati</instance>
         <wf pos="X">per</wf>
         <wf pos="X">la</wf>
         <instance id="d000.s310.t009" lemma="cura" pos="NOUN">cura</instance>
         <wf pos="X">del</wf>
         <instance id="d000.s310.t010" lemma="cancro" pos="NOUN">cancro</instance>
         <wf pos="X">,</wf>
         <wf pos="X">alcuni</wf>
         <wf pos="X">dei</wf>
         <wf lemma="quale" pos="ADV">quali</wf>
         <instance id="d000.s310.t011" lemma="noto" pos="ADJ">noti</instance>
         <wf pos="X">per</wf>
         <instance id="d000.s310.t012" lemma="provocare" pos="VERB">provocare</instance>
         <wf pos="X">il</wf>
         <instance id="d000.s310.t013" lemma="vomito" pos="NOUN">vomito</instance>
         <wf pos="X">)</wf>
         <wf pos="X">.</wf>
      </sentence>
      <sentence id="d000.s311" source="semeval2013-it">
         <wf lemma="essere" pos="VERB">È</wf>
         <wf lemma="interessante" pos="ADJ">interessante</wf>
         <wf lemma="notare" pos="VERB">notare</wf>
         <wf lemma="che" pos="X">che</wf>
         <wf lemma="il" pos="X">il</wf>
         <wf lemma="@card@" pos="NOUN">62</wf>
         <wf lemma="%" pos="X">%</wf>
         <wf lemma="del" pos="X">degli</wf>
         <instance id="d000.s311.t000" lemma="intervistato" pos="NOUN">intervistati</instance>
         <wf lemma="in" pos="X">in</wf>
         <instance id="d000.s311.t001" lemma="venezuela" pos="NOUN">Venezuela</instance>
         <wf lemma="hanno" pos="VERB">hanno</wf>
         <wf lemma="il" pos="X">la</wf>
         <wf lemma="stesso" pos="ADJ">stessa</wf>
         <wf lemma="sopraindicato" pos="ADJ">sopraindicata</wf>
         <instance id="d000.s311.t002" lemma="opinione" pos="NOUN">opinione</instance>
         <wf lemma="(" pos="X">(</wf>
         <wf lemma="dove" pos="ADV">dove</wf>
         <wf lemma="l" pos="VERB">l</wf>
         <wf lemma="'" pos="X">'</wf>
         <wf lemma="@card@" pos="NOUN">80</wf>
         <wf lemma="%" pos="X">%</wf>
         <wf lemma="del" pos="X">delle</wf>
         <instance id="d000.s311.t003" lemma="impresa" pos="NOUN">imprese</instance>
         <wf lemma="essere" pos="VERB">sono</wf>
         <wf lemma="privato" pos="ADJ">private</wf>
         <wf lemma=")" pos="X">)</wf>
         <wf lemma="anche" pos="ADV">anche</wf>
         <wf lemma="se" pos="X">se</wf>
         <wf lemma="il" pos="X">il</wf>
         <wf lemma="loro" pos="X">loro</wf>
         <instance id="d000.s311.t004" lemma="presidente" pos="NOUN">presidente</instance>
         <wf lemma="di" pos="X">di</wf>
         <instance id="d000.s311.t005" lemma="sinistra" pos="NOUN">sinistra</instance>
         <wf lemma="," pos="X">,</wf>
         <wf lemma="hugo_chavez" pos="NOUN">Hugo_Chavez</wf>
         <wf lemma="," pos="X">,</wf>
         <wf lemma="stare" pos="VERB">sta</wf>
         <wf lemma="espropriare" pos="VERB">espropriando</wf>
         <wf lemma="molto" pos="X">molte</wf>
         <instance id="d000.s311.t006" lemma="azienda_privata" pos="NOUN">aziende_private</instance>
         <wf lemma="." pos="X">.</wf>
      </sentence>
      <sentence id="d000.s312" source="semeval2010-it">
         <wf lemma="In" pos="X">In</wf>
         <wf lemma="considerazione" pos="X">considerazione</wf>
         <wf lemma="della" pos="X">della</wf>
         <wf lemma="vocazione" pos="X">vocazione</wf>
         <wf lemma="turistica" pos="X">turistica</wf>
         <wf lemma="del" pos="X">del</wf>
         <wf lemma="territorio" pos="X">territorio</wf>
         <wf lemma="interessato" pos="X">interessato</wf>
         <wf lemma="," pos="X">,</wf>
         <wf lemma="l'" pos="X">l'</wf>
         <wf lemma="OGS" pos="X">OGS</wf>
         <wf lemma="," pos="X">,</wf>
         <wf lemma="L'" pos="X">L'</wf>
         <wf lemma="ARPA" pos="X">ARPA</wf>
         <wf lemma="FVG" pos="X">FVG</wf>
         <wf lemma="e" pos="X">e</wf>
         <wf lemma="la" pos="X">la</wf>
         <wf lemma="AMP" pos="X">AMP</wf>
         <wf lemma="Miramare" pos="X">Miramare</wf>
         <wf lemma="intendono" pos="X">intendono</wf>
         <wf lemma="promuovere" pos="X">promuovere</wf>
         <wf lemma="la" pos="X">la</wf>
         <wf lemma="divulgazione" pos="X">divulgazione</wf>
         <wf lemma="delle" pos="X">delle</wf>
         <wf lemma="attività" pos="X">attività</wf>
         <wf lemma="svolte" pos="X">svolte</wf>
         <wf lemma="e" pos="X">e</wf>
         <wf lemma="dei" pos="X">dei</wf>
         <wf lemma="risultati" pos="X">risultati</wf>
         <wf lemma="ottenuti" pos="X">ottenuti</wf>
         <wf lemma="mediante" pos="X">mediante</wf>
         <wf lemma="la" pos="X">la</wf>
         <wf lemma="realizzazione" pos="X">realizzazione</wf>
         <wf lemma="di" pos="X">di</wf>
         <wf lemma="materiale" pos="X">materiale</wf>
         <wf lemma="divulgativo" pos="X">divulgativo</wf>
         <wf lemma="(" pos="X">(</wf>
         <wf lemma="guide" pos="X">guide</wf>
         <wf lemma="," pos="X">,</wf>
         <wf lemma="locandine" pos="X">locandine</wf>
         <wf lemma="," pos="X">,</wf>
         <wf lemma="opuscoli" pos="X">opuscoli</wf>
         <wf lemma="," pos="X">,</wf>
         <wf lemma="dvd" pos="X">dvd</wf>
         <wf lemma=")" pos="X">)</wf>
         <wf lemma="a" pos="X">a</wf>
         <wf lemma="disposizione" pos="X">disposizione</wf>
         <wf lemma="degli" pos="X">degli</wf>
         <wf lemma="istituti" pos="X">istituti</wf>
         <wf lemma="scolastici" pos="X">scolastici</wf>
         <wf lemma="e" pos="X">e</wf>
         <wf lemma="delle" pos="X">delle</wf>
         <instance id="d000.s312.t000" lemma="associazione" pos="NOUN">associazioni</instance>
         <wf lemma="di" pos="X">di</wf>
         <instance id="d000.s312.t001" lemma="categoria" pos="NOUN">categoria</instance>
         <wf lemma="." pos="X">.</wf>
      </sentence>
      <sentence id="d000.s313" source="semeval2013-it">
         <wf lemma="il" pos="X">I</wf>
         <instance id="d000.s313.t000" lemma="calciatore" pos="NOUN">calciatori</instance>
         <wf lemma="spagnolo" pos="ADJ">spagnoli</wf>
         <wf lemma="che" pos="X">che</wf>
         <wf lemma="giocare" pos="VERB">giocano</wf>
         <wf lemma="nel" pos="X">nella</wf>
         <wf lemma="All-Star" pos="NOUN">All-Star</wf>
         <wf lemma="League" pos="NOUN">League</wf>
         <wf lemma="e" pos="X">e</wf>
         <wf lemma="nel" pos="X">nei</wf>
         <wf lemma="forte" pos="ADJ">forti</wf>
         <wf lemma="club" pos="NOUN">club</wf>
         <wf lemma="del" pos="X">della</wf>
         <wf lemma="premier_league" pos="NOUN">Premier_League</wf>
         <wf lemma="inglese" pos="ADJ">inglese</wf>
         <wf lemma="essere" pos="VERB">sono</wf>
         <wf lemma="molto" pos="ADV">molto</wf>
         <wf lemma="attivo" pos="ADJ">attivi</wf>
         <wf lemma="durante" pos="X">durante</wf>
         <wf lemma="il" pos="X">l'</wf>
         <instance id="d000.s313.t001" lemma="anno" pos="NOUN">anno</instance>
         <wf lemma="essere" pos="VERB">sia</wf>
         <wf lemma="in" pos="X">in</wf>
         <instance id="d000.s313.t002" lemma="campionato" pos="NOUN">campionato</instance>
         <wf lemma="che" pos="X">che</wf>
         <wf lemma="nel" pos="X">nelle</wf>
         <wf lemma="coppa" pos="NOUN">coppe</wf>
         <wf lemma="locale" pos="ADJ">locali</wf>
         <wf lemma="e" pos="X">e</wf>
         <wf lemma="ci" pos="X">ci</wf>
         <wf lemma="essere" pos="VERB">sono</wf>
         <wf lemma="incontro" pos="NOUN">incontri</wf>
         <wf lemma="molto" pos="ADV">molto</wf>
         <wf lemma="impegnativo" pos="ADJ">impegnativi</wf>
         <wf lemma="nel" pos="X">nelle</wf>
         <wf lemma="coppa" pos="NOUN">Coppe</wf>
         <wf lemma="europeo" pos="ADJ">europee</wf>
         <wf lemma="e" pos="X">e</wf>
         <wf lemma="coppa_dei_campioni" pos="NOUN">Coppa_dei_Campioni</wf>
         <wf lemma="." pos="X">.</wf>
      </sentence>
      <sentence id="d000.s314" source="semeval2013-it">
         <wf lemma="infine" pos="ADV">Infine</wf>
         <wf lemma="," pos="X">,</wf>
         <wf lemma="il" pos="X">la</wf>
         <instance id="d000.s314.t000" lemma="commissione" pos="NOUN">commissione</instance>
         <wf lemma="disciplinare" pos="ADJ">disciplinare</wf>
         <wf lemma="del" pos="X">della</wf>
         <wf lemma="UEFA" pos="NOUN">UEFA</wf>
         <wf lemma="avere" pos="VERB">ha</wf>
         <wf lemma="sanzionare" pos="VERB">sanzionato</wf>
         <wf lemma="con" pos="X">con</wf>
         <wf lemma="due" pos="ADJ">due</wf>
         <wf lemma="giornata" pos="NOUN">giornate</wf>
         <wf lemma="il" pos="X">l'</wf>
         <instance id="d000.s314.t001" lemma="allenatore" pos="NOUN">allenatore</instance>
         <wf lemma="del" pos="X">della</wf>
         <instance id="d000.s314.t002" lemma="squadra" pos="NOUN">squadra</instance>
         <wf lemma="," pos="X">,</wf>
         <wf lemma="josé_mourinho" pos="NOUN">José_Mourinho</wf>
         <wf lemma="," pos="X">,</wf>
         <wf lemma="e" pos="X">e</wf>
         <wf lemma="con" pos="X">con</wf>
         <wf lemma="diverso" pos="ADJ">diverse</wf>
         <instance id="d000.s314.t003" lemma="somma" pos="NOUN">somme</instance>
         <wf lemma="economico" pos="ADJ">economiche</wf>
         <wf lemma="il" pos="X">i</wf>
         <instance id="d000.s314.t004" lemma="giocatore" pos="NOUN">giocatori</instance>
         <wf lemma="implicare" pos="VERB">implicati</wf>
         <wf lemma="." pos="X">.</wf>
      </sentence>
      <sentence id="d000.s315" source="semeval2015-it">
         <wf pos="X">Per</wf>
         <wf pos="X">che</wf>
         <instance id="d000.s315.t000" lemma="cosa" pos="NOUN">cosa</instance>
         <wf pos="X">si</wf>
         <instance id="d000.s315.t001" lemma="usare" pos="VERB">usa</instance>
         <wf lemma="cerenia" pos="NOUN">Cerenia</wf>
         <wf pos="X">?</wf>
      </sentence>
      <sentence id="d000.s316" source="semeval2015-it">
         <wf pos="X">Come</wf>
         <wf lemma="essere" pos="VERB">è</wf>
         <wf lemma="essere" pos="VERB">stata</wf>
         <instance id="d000.s316.t000" lemma="studiare" pos="VERB">studiata</instance>
         <wf pos="X">l</wf>
         <instance id="d000.s316.t001" lemma="efficacia" pos="NOUN">efficacia</instance>
         <wf pos="X">di</wf>
         <wf lemma="cerenia" pos="NOUN">Cerenia</wf>
         <wf pos="X">?</wf>
      </sentence>
      <sentence id="d000.s317" source="semeval2010-it">
         <wf lemma="Neotropicale" pos="X">Neotropicale</wf>
         <wf lemma="," pos="X">,</wf>
         <wf lemma="ma" pos="X">ma</wf>
         <wf lemma="nel" pos="X">nel</wf>
         <wf lemma="1950" pos="X">1950</wf>
         <wf lemma="vi" pos="X">vi</wf>
         <wf lemma="era" pos="X">era</wf>
         <wf lemma="un" pos="X">un</wf>
         <wf lemma="livello" pos="X">livello</wf>
         <wf lemma="di" pos="X">di</wf>
         <instance id="d000.s317.t000" lemma="coltivazione" pos="NOUN">coltivazione</instance>
         <wf lemma="relativamente" pos="X">relativamente</wf>
         <wf lemma="basso" pos="X">basso</wf>
      </sentence>
      <sentence id="d000.s318" source="semeval2013-it">
         <wf lemma="il" pos="X">Il</wf>
         <instance id="d000.s318.t000" lemma="resto" pos="NOUN">resto</instance>
         <wf lemma="del" pos="X">della</wf>
         <instance id="d000.s318.t001" lemma="somma" pos="NOUN">somma</instance>
         <wf lemma="essere" pos="VERB">è</wf>
         <wf lemma="essere|stare" pos="VERB">stata</wf>
         <wf lemma="prendere" pos="VERB">presa</wf>
         <wf lemma="dal" pos="X">dal</wf>
         <wf lemma="proprio" pos="ADJ">proprio</wf>
         <instance id="d000.s318.t002" lemma="fondo_comune" pos="NOUN">fondo_comune</instance>
         <wf lemma="," pos="X">,</wf>
         <wf lemma="il" pos="X">il</wf>
         <wf lemma="quale" pos="X">quale</wf>
         <wf lemma="essere" pos="VERB">era</wf>
         <wf lemma="ben" pos="ADV">ben</wf>
         <wf lemma="riempire" pos="VERB">riempito</wf>
         <wf lemma="grazia" pos="NOUN">grazie</wf>
         <wf lemma="al" pos="X">alla</wf>
         <instance id="d000.s318.t003" lemma="vendita" pos="NOUN">vendita</instance>
         <wf lemma="di" pos="X">di</wf>
         <instance id="d000.s318.t004" lemma="parte" pos="NOUN">parti</instance>
         <wf lemma="d'" pos="X">d'</wf>
         <instance id="d000.s318.t005" lemma="azienda" pos="NOUN">azienda</instance>
         <wf lemma="." pos="X">.</wf>
      </sentence>
      <sentence id="d000.s319" source="semeval2013-it">
         <wf lemma="il" pos="X">La</wf>
         <instance id="d000.s319.t000" lemma="scoperta" pos="NOUN">scoperta</instance>
         <wf lemma="di" pos="X">di</wf>
         <wf lemma="uno" pos="X">uno</wf>
         <wf lemma="strano" pos="ADJ">strano</wf>
         <instance id="d000.s319.t001" lemma="batterio" pos="NOUN">batterio</instance>
         <wf lemma="che" pos="X">che</wf>
         <wf lemma="puo" pos="VERB">puo</wf>
         <wf lemma="'" pos="X">'</wf>
         <wf lemma="utilizzare" pos="VERB">utilizzare</wf>
         <wf lemma="il" pos="X">l'</wf>
         <instance id="d000.s319.t002" lemma="arsenico" pos="NOUN">arsenico</instance>
         <wf lemma="come" pos="X">come</wf>
         <wf lemma="uno" pos="NOUN">uno</wf>
         <wf lemma="del" pos="X">dei</wf>
         <wf lemma="suo" pos="X">suoi</wf>
         <wf lemma="nutriente" pos="NOUN">nutrienti</wf>
         <wf lemma="allargare" pos="VERB">allarga</wf>
         <wf lemma="il" pos="X">il</wf>
         <wf lemma="raggio" pos="NOUN">raggio</wf>
         <wf lemma="del" pos="X">delle</wf>
         <instance id="d000.s319.t003" lemma="possibilità" pos="NOUN">possibilità</instance>
         <wf lemma="per" pos="X">per</wf>
         <wf lemma="il" pos="X">la</wf>
         <instance id="d000.s319.t004" lemma="ricerca" pos="NOUN">ricerca</instance>
         <wf lemma="di" pos="X">di</wf>
         <wf lemma="nuovo" pos="ADJ">nuove</wf>
         <wf lemma="forma_di_vita" pos="NOUN">forme di vita</wf>
         <wf lemma="sul" pos="X">sulla</wf>
         <instance id="d000.s319.t005" lemma="terra" pos="NOUN">Terra</instance>
         <wf lemma="e" pos="X">e</wf>
         <wf lemma="forse" pos="ADV">forse</wf>
         <wf lemma="oltre" pos="ADV">oltre</wf>
         <wf lemma="." pos="X">.</wf>
      </sentence>
      <sentence id="d000.s320" source="semeval2015-it">
         <wf pos="X">Quali</wf>
         <wf lemma="settore_industriale" pos="NOUN">settori_industriali</wf>
         <wf pos="X">di</wf>
         <wf lemma="rilievo" pos="NOUN">rilievo</wf>
         <wf pos="X">,</wf>
         <wf lemma="essere" pos="VERB">sono</wf>
         <wf lemma="essere" pos="VERB">stati</wf>
         <wf lemma="includere" pos="VERB">inclusi</wf>
         <wf pos="X">anche</wf>
         <wf pos="X">l'</wf>
         <wf lemma="industria_metallurgico" pos="NOUN">industria_metallurgica</wf>
         <wf pos="X">e</wf>
         <wf pos="X">il</wf>
         <instance id="d000.s320.t000" lemma="settore_bancario" pos="NOUN">settore_bancario</instance>
         <wf pos="X">.</wf>
      </sentence>
      <sentence id="d000.s321" source="semeval2015-it">
         <wf lemma="alimta" pos="NOUN">Alimta</wf>
         <wf lemma="essere" pos="VERB">è</wf>
         <wf lemma="utilizzare" pos="VERB">utilizzato</wf>
         <wf pos="X">in</wf>
         <wf lemma="combinazione" pos="NOUN">combinazione</wf>
         <wf pos="X">con</wf>
         <wf lemma="cisplatino" pos="NOUN">cisplatino</wf>
         <wf pos="X">(</wf>
         <wf pos="X">un</wf>
         <wf lemma="altro" pos="ADJ">altro</wf>
         <wf lemma="farmaco" pos="NOUN">farmaco</wf>
         <wf lemma="antitumorale" pos="ADJ">antitumorale</wf>
         <wf pos="X">)</wf>
         <wf pos="X">quando</wf>
         <wf pos="X">il</wf>
         <wf lemma="tumore" pos="NOUN">tumore</wf>
         <wf pos="X">non</wf>
         <wf lemma="essere" pos="VERB">è</wf>
         <wf lemma="asportabile" pos="ADJ">asportabile</wf>
         <wf pos="X">(</wf>
         <wf pos="X">non</wf>
         <wf lemma="potere" pos="VERB">può</wf>
         <wf lemma="essere" pos="VERB">essere</wf>
         <wf lemma="asportare" pos="VERB">asportato</wf>
         <wf pos="X">con</wf>
         <wf pos="X">il</wf>
         <wf lemma="solo" pos="ADJ">solo</wf>
         <instance id="d000.s321.t000" lemma="intervento_chirurgico" pos="NOUN">intervento_chirurgico</instance>
         <wf pos="X">)</wf>
         <wf pos="X">ed</wf>
         <wf lemma="essere" pos="VERB">è</wf>
         <wf lemma="maligno" pos="ADJ">maligno</wf>
         <wf pos="X">(</wf>
         <wf pos="X">si</wf>
         <wf lemma="essere" pos="VERB">è</wf>
         <wf lemma="diffondere" pos="VERB">diffuso</wf>
         <wf pos="X">,</wf>
         <wf pos="X">o</wf>
         <wf lemma="essere" pos="VERB">è</wf>
         <wf lemma="probabile" pos="ADJ">probabile</wf>
         <wf pos="X">si</wf>
         <wf lemma="diffondere" pos="VERB">diffonda</wf>
         <wf lemma="facilmente" pos="ADV">facilmente</wf>
         <wf pos="X">,</wf>
         <wf pos="X">ad</wf>
         <wf pos="X">altre</wf>
         <instance id="d000.s321.t001" lemma="parte_del_corpo" pos="NOUN">parti_del_corpo</instance>
         <wf pos="X">)</wf>
         <wf pos="X">,</wf>
         <wf pos="X">in</wf>
         <wf lemma="paziente" pos="NOUN">pazienti</wf>
         <wf pos="X">che</wf>
         <wf pos="X">non</wf>
         <wf lemma="essere" pos="VERB">sono</wf>
         <wf lemma="essere" pos="VERB">stati</wf>
         <wf lemma="sottoporre" pos="VERB">sottoposti</wf>
         <wf pos="X">in</wf>
         <wf lemma="precedenza" pos="NOUN">precedenza</wf>
         <wf pos="X">a</wf>
         <wf lemma="chemioterapia" pos="NOUN">chemioterapia</wf>
         <wf pos="X">il</wf>
         <instance id="d000.s321.t002" lemma="carcinoma_polmonare" pos="NOUN">carcinoma_polmonare</instance>
         <wf pos="X">non</wf>
         <wf pos="X">a</wf>
         <wf lemma="piccolo" pos="ADJ">piccole</wf>
         <wf lemma="cellula" pos="NOUN">cellule</wf>
         <wf pos="X">in</wf>
         <wf lemma="stadio" pos="NOUN">stadio</wf>
         <wf lemma="avanzato" pos="ADJ">avanzato</wf>
         <wf pos="X">o</wf>
         <wf lemma="metastatico" pos="ADJ">metastatico</wf>
         <wf pos="X">che</wf>
         <wf pos="X">non</wf>
         <wf lemma="interessare" pos="VERB">interessa</wf>
         <wf pos="X">le</wf>
         <wf lemma="cellula_squamoso" pos="NOUN">cellule_squamose</wf>
         <wf pos="X">.</wf>
      </sentence>
      <sentence id="d000.s322" source="semeval2015-it">
         <instance id="d000.s322.t000" lemma="non" pos="ADV">Non</instance>
         <wf lemma="essere" pos="VERB">è</wf>
         <instance id="d000.s322.t001" lemma="necessario" pos="ADJ">necessario</instance>
         <instance id="d000.s322.t002" lemma="conoscere" pos="VERB">conoscere</instance>
         <wf lemma="mathml" pos="NOUN">MathML</wf>
         <wf pos="X">per</wf>
         <instance id="d000.s322.t003" lemma="usare" pos="VERB">usare</instance>
         <wf lemma="kalgebra" pos="NOUN">kalgebra</wf>
         <wf pos="X">.</wf>
      </sentence>
      <sentence id="d000.s323" source="semeval2013-it">
         <wf lemma="ci" pos="X">Ci</wf>
         <wf lemma="volere" pos="VERB">vorrà</wf>
         <wf lemma="molto" pos="ADV">molto</wf>
         <instance id="d000.s323.t000" lemma="tempo" pos="NOUN">tempo</instance>
         <wf lemma="primo" pos="ADJ">prima</wf>
         <wf lemma="che" pos="X">che</wf>
         <wf lemma="qualcosa" pos="X">qualcosa</wf>
         <wf lemma="d'" pos="X">d'</wf>
         <wf lemma="altro" pos="ADJ">altro</wf>
         <wf lemma="sia" pos="X">sia</wf>
         <wf lemma="in" pos="X">in</wf>
         <instance id="d000.s323.t001" lemma="vendita" pos="NOUN">vendita</instance>
         <wf lemma="in" pos="X">in</wf>
         <instance id="d000.s323.t002" lemma="Iraq" pos="NOUN">Iraq</instance>
         <wf lemma="." pos="X">.</wf>
      </sentence>
      <sentence id="d000.s324" source="semeval2013-it">
         <instance id="d000.s324.t000" lemma="sport" pos="NOUN">Sport</instance>
         <wf lemma="e" pos="X">e</wf>
         <instance id="d000.s324.t001" lemma="legge" pos="NOUN">leggi</instance>
         <wf lemma="sul" pos="X">sulle</wf>
         <instance id="d000.s324.t002" lemma="frode" pos="NOUN">frodi</instance>
      </sentence>
      <sentence id="d000.s325" source="semeval2013-it">
         <wf lemma="il" pos="X">Il</wf>
         <wf lemma="primo" pos="ADJ">primo</wf>
         <wf lemma="essere" pos="VERB">è</wf>
         <wf lemma="l" pos="VERB">l</wf>
         <wf lemma="'" pos="X">'</wf>
         <wf lemma="abbastanza" pos="ADV">abbastanza</wf>
         <wf lemma="solare" pos="VERB">solare</wf>
         <wf lemma="stato_d'animo" pos="NOUN">stato d'animo</wf>
         <wf lemma="in" pos="X">in</wf>
         <instance id="d000.s325.t000" lemma="america_latina" pos="NOUN">America_Latina</instance>
         <wf lemma="." pos="X">.</wf>
      </sentence>
      <sentence id="d000.s326" source="semeval2013-it">
         <wf lemma="sei" pos="ADJ">Sei</wf>
         <instance id="d000.s326.t000" lemma="elemento" pos="NOUN">elementi</instance>
         <wf lemma="principale" pos="ADJ">principali</wf>
         <wf lemma="essere" pos="VERB">sono</wf>
         <wf lemma="da" pos="X">da</wf>
         <wf lemma="tempo" pos="NOUN">tempo</wf>
         <wf lemma="considerato" pos="ADJ">considerati</wf>
         <wf lemma="essenziale" pos="ADJ">essenziali</wf>
         <wf lemma="per" pos="X">per</wf>
         <wf lemma="il" pos="X">la</wf>
         <instance id="d000.s326.t001" lemma="vita" pos="NOUN">vita</instance>
         <wf lemma="-" pos="X">-</wf>
         <instance id="d000.s326.t002" lemma="carbonio" pos="NOUN">carbonio</instance>
         <wf lemma="," pos="X">,</wf>
         <instance id="d000.s326.t003" lemma="idrogeno" pos="NOUN">idrogeno</instance>
         <wf lemma="," pos="X">,</wf>
         <instance id="d000.s326.t004" lemma="azoto" pos="NOUN">azoto</instance>
         <wf lemma="," pos="X">,</wf>
         <instance id="d000.s326.t005" lemma="ossigeno" pos="NOUN">ossigeno</instance>
         <wf lemma="," pos="X">,</wf>
         <instance id="d000.s326.t006" lemma="fosforo" pos="NOUN">fosforo</instance>
         <wf lemma="e" pos="X">e</wf>
         <instance id="d000.s326.t007" lemma="zolfo" pos="NOUN">zolfo</instance>
         <wf lemma="." pos="X">.</wf>
      </sentence>
      <sentence id="d000.s327" source="semeval2010-it">
         <wf lemma="Le" pos="X">Le</wf>
         <wf lemma="direttrici" pos="X">direttrici</wf>
         <wf lemma="sono" pos="X">sono</wf>
         <wf lemma="state" pos="X">state</wf>
         <wf lemma="classificate" pos="X">classificate</wf>
         <wf lemma="in" pos="X">in</wf>
         <wf lemma="base" pos="X">base</wf>
         <wf lemma="alla" pos="X">alla</wf>
         <wf lemma="dimensione" pos="X">dimensione</wf>
         <wf lemma="," pos="X">,</wf>
         <wf lemma="alla" pos="X">alla</wf>
         <instance id="d000.s327.t000" lemma="naturalità" pos="NOUN">naturalità</instance>
         <wf lemma="," pos="X">,</wf>
         <wf lemma="alla" pos="X">alla</wf>
         <instance id="d000.s327.t001" lemma="presenza" pos="NOUN">presenza</instance>
         <wf lemma="di" pos="X">di</wf>
         <wf lemma="fattori" pos="X">fattori</wf>
         <wf lemma="di" pos="X">di</wf>
         <wf lemma="discontinuità" pos="X">discontinuità</wf>
         <wf lemma="," pos="X">,</wf>
         <wf lemma="più" pos="X">più</wf>
         <wf lemma="o" pos="X">o</wf>
         <wf lemma="meno" pos="X">meno</wf>
         <wf lemma="occlusiva" pos="X">occlusiva</wf>
         <wf lemma="come" pos="X">come</wf>
         <wf lemma="le" pos="X">le</wf>
         <wf lemma="barriere" pos="X">barriere</wf>
         <wf lemma="infrastrutturali" pos="X">infrastrutturali</wf>
         <wf lemma="," pos="X">,</wf>
         <wf lemma="alla" pos="X">alla</wf>
         <instance id="d000.s327.t002" lemma="presenza" pos="NOUN">presenza</instance>
         <wf lemma="di" pos="X">di</wf>
         <wf lemma="disturbi" pos="X">disturbi</wf>
         <wf lemma="derivanti" pos="X">derivanti</wf>
         <wf lemma="da" pos="X">da</wf>
         <instance id="d000.s327.t003" lemma="attività" pos="NOUN">attività</instance>
         <wf lemma="economiche" pos="X">economiche</wf>
         <wf lemma="e" pos="X">e</wf>
         <wf lemma="dal" pos="X">dal</wf>
         <wf lemma="traffico" pos="X">traffico</wf>
         <wf lemma="." pos="X">.</wf>
      </sentence>
      <sentence id="d000.s328" source="semeval2013-it">
         <wf lemma="il" pos="X">Il</wf>
         <instance id="d000.s328.t000" lemma="brasile" pos="NOUN">Brasile</instance>
         <wf lemma="essere" pos="VERB">è</wf>
         <wf lemma="il" pos="X">il</wf>
         <instance id="d000.s328.t001" lemma="paese" pos="NOUN">paese</instance>
         <wf lemma="che" pos="X">che</wf>
         <wf lemma="esercitare" pos="VERB">esercita</wf>
         <wf lemma="più" pos="ADV">più</wf>
         <instance id="d000.s328.t002" lemma="influenza" pos="NOUN">influenza</instance>
         <wf lemma="nel" pos="X">nella</wf>
         <instance id="d000.s328.t003" lemma="regione" pos="NOUN">regione</instance>
         <wf lemma="," pos="X">,</wf>
         <wf lemma="menzionare" pos="VERB">menzionato</wf>
         <wf lemma="dal" pos="X">dal</wf>
         <wf lemma="@card@" pos="NOUN">19</wf>
         <wf lemma="%" pos="X">%</wf>
         <wf lemma="del" pos="X">degli</wf>
         <instance id="d000.s328.t004" lemma="intervistato" pos="NOUN">intervistati</instance>
         <wf lemma="(" pos="X">(</wf>
         <wf lemma="rispetto" pos="NOUN">rispetto</wf>
         <wf lemma="al" pos="X">al</wf>
         <wf lemma="@card@" pos="NOUN">18</wf>
         <wf lemma="%" pos="X">%</wf>
         <wf lemma="del" pos="X">dello</wf>
         <wf lemma="scorso" pos="ADJ">scorso</wf>
         <instance id="d000.s328.t005" lemma="anno" pos="NOUN">anno</instance>
         <wf lemma=")" pos="X">)</wf>
         <wf lemma="," pos="X">,</wf>
         <wf lemma="seguito" pos="NOUN">seguito</wf>
         <wf lemma="dal" pos="X">dagli</wf>
         <instance id="d000.s328.t006" lemma="stati_uniti" pos="NOUN">Stati_Uniti</instance>
         <wf lemma="(" pos="X">(</wf>
         <wf lemma="@card@" pos="NOUN">9</wf>
         <wf lemma="%" pos="X">%</wf>
         <wf lemma="," pos="X">,</wf>
         <wf lemma="invariato" pos="ADJ">invariato</wf>
         <wf lemma="rispetto" pos="NOUN">rispetto</wf>
         <wf lemma="al" pos="X">allo</wf>
         <wf lemma="scorso" pos="ADJ">scorso</wf>
         <instance id="d000.s328.t007" lemma="anno" pos="NOUN">anno</instance>
         <wf lemma=")" pos="X">)</wf>
         <wf lemma="e" pos="X">e</wf>
         <instance id="d000.s328.t008" lemma="venezuela" pos="NOUN">Venezuela</instance>
         <wf lemma="(" pos="X">(</wf>
         <wf lemma="@card@" pos="NOUN">9</wf>
         <wf lemma="%" pos="X">%</wf>
         <wf lemma="," pos="X">,</wf>
         <wf lemma="in" pos="X">in</wf>
         <wf lemma="calo" pos="NOUN">calo</wf>
         <wf lemma="dall" pos="NOUN">dall</wf>
         <wf lemma="'" pos="X">'</wf>
         <wf lemma="@card@" pos="NOUN">11</wf>
         <wf lemma="%" pos="X">%</wf>
         <wf lemma="del" pos="X">dello</wf>
         <wf lemma="scorso" pos="ADJ">scorso</wf>
         <instance id="d000.s328.t009" lemma="anno" pos="NOUN">anno</instance>
         <wf lemma=")" pos="X">)</wf>
         <wf lemma="." pos="X">.</wf>
      </sentence>
      <sentence id="d000.s329" source="semeval2013-it">
         <wf lemma="ma" pos="X">Ma</wf>
         <wf lemma="questo" pos="X">questa</wf>
         <wf lemma="essere" pos="VERB">è</wf>
         <wf lemma="probabile" pos="ADJ">probabile</wf>
         <wf lemma="che" pos="X">che</wf>
         <wf lemma="non" pos="ADV">non</wf>
         <wf lemma="essere" pos="VERB">sia</wf>
         <wf lemma="il" pos="X">l'</wf>
         <wf lemma="ultimo" pos="ADJ">ultima</wf>
         <instance id="d000.s329.t000" lemma="parola" pos="NOUN">parola</instance>
         <wf lemma="sul" pos="X">sulla</wf>
         <instance id="d000.s329.t001" lemma="questione" pos="NOUN">questione</instance>
         <wf lemma="." pos="X">.</wf>
      </sentence>
      <sentence id="d000.s330" source="semeval2015-it">
         <wf pos="X">Si</wf>
         <wf lemma="essere" pos="VERB">è</wf>
         <instance id="d000.s330.t000" lemma="convenire" pos="VERB">convenuto</instance>
         <wf pos="X">sulla</wf>
         <instance id="d000.s330.t001" lemma="necessità" pos="NOUN">necessità</instance>
         <wf pos="X">di</wf>
         <wf pos="X">un'</wf>
         <instance id="d000.s330.t002" lemma="impostazione" pos="NOUN">impostazione</instance>
         <wf pos="X">più</wf>
         <instance id="d000.s330.t003" lemma="olistico" pos="ADJ">olistica</instance>
         <wf pos="X">,</wf>
         <wf pos="X">che</wf>
         <wf lemma="tenere" pos="VERB">tenga</wf>
         <wf lemma="conto" pos="NOUN">conto</wf>
         <wf pos="X">del</wf>
         <instance id="d000.s330.t004" lemma="fatto" pos="NOUN">fatto</instance>
         <wf pos="X">che</wf>
         <wf pos="X">gli</wf>
         <instance id="d000.s330.t005" lemma="utente" pos="NOUN">utenti</instance>
         <wf pos="X">non</wf>
         <instance id="d000.s330.t006" lemma="beneficiare" pos="VERB">beneficiano</instance>
         <wf pos="X">di</wf>
         <wf pos="X">questi</wf>
         <instance id="d000.s330.t007" lemma="servizio" pos="NOUN">servizi</instance>
         <wf pos="X">in</wf>
         <instance id="d000.s330.t008" lemma="isolamento" pos="NOUN">isolamento</instance>
         <wf pos="X">,</wf>
         <wf pos="X">ma</wf>
         <wf pos="X">piuttosto</wf>
         <wf lemma="quale" pos="ADV">quale</wf>
         <instance id="d000.s330.t009" lemma="elemento" pos="NOUN">elemento</instance>
         <wf pos="X">della</wf>
         <wf pos="X">loro</wf>
         <instance id="d000.s330.t010" lemma="vita" pos="NOUN">vita</instance>
         <instance id="d000.s330.t011" lemma="quotidiano" pos="ADJ">quotidiana</instance>
         <wf pos="X">.</wf>
      </sentence>
      <sentence id="d000.s331" source="semeval2013-it">
         <wf lemma="accusare" pos="VERB">Accusa</wf>
         <wf lemma="@card@" pos="NOUN">18</wf>
         <wf lemma="del" pos="X">delle</wf>
         <wf lemma="maggiore" pos="ADJ">maggiori</wf>
         <instance id="d000.s331.t000" lemma="banca" pos="NOUN">banche</instance>
         <wf lemma="internazionale" pos="ADJ">internazionali</wf>
         <wf lemma="di" pos="X">di</wf>
         <wf lemma="avere" pos="VERB">aver</wf>
         <wf lemma="ingannare" pos="VERB">ingannato</wf>
         <wf lemma="il" pos="X">i</wf>
         <wf lemma="finanziatore" pos="NOUN">finanziatori</wf>
         <wf lemma="statunitense" pos="ADJ">statunitensi</wf>
         <instance id="d000.s331.t001" lemma="fannie_mae" pos="NOUN">Fannie_Mae</instance>
         <wf lemma="e" pos="X">e</wf>
         <instance id="d000.s331.t002" lemma="freddie_mac" pos="NOUN">Freddie_Mac</instance>
         <wf lemma="riguardo" pos="NOUN">riguardo</wf>
         <wf lemma="a" pos="X">a</wf>
         <instance id="d000.s331.t003" lemma="operazione" pos="NOUN">operazioni</instance>
         <wf lemma="di" pos="X">di</wf>
         <wf lemma="mutuo" pos="NOUN">mutuo</wf>
         <wf lemma="del" pos="X">del</wf>
         <instance id="d000.s331.t004" lemma="valore" pos="NOUN">valore</instance>
         <wf lemma="di" pos="X">di</wf>
         <wf lemma="circa" pos="ADV">circa</wf>
         <wf lemma="@card@" pos="NOUN">200</wf>
         <instance id="d000.s331.t005" lemma="miliardo" pos="NOUN">miliardi</instance>
         <wf lemma="di" pos="X">di</wf>
         <instance id="d000.s331.t006" lemma="dollaro" pos="NOUN">dollari</instance>
         <wf lemma="." pos="X">.</wf>
      </sentence>
      <sentence id="d000.s332" source="semeval2010-it">
         <wf lemma="Lo" pos="X">Lo</wf>
         <wf lemma="studio" pos="X">studio</wf>
         <wf lemma="dei" pos="X">dei</wf>
         <wf lemma="popolamenti" pos="X">popolamenti</wf>
         <wf lemma="ittici" pos="X">ittici</wf>
         <wf lemma="verrà" pos="X">verrà</wf>
         <wf lemma="inoltre" pos="X">inoltre</wf>
         <wf lemma="ampliato" pos="X">ampliato</wf>
         <wf lemma="ad" pos="X">ad</wf>
         <instance id="d000.s332.t000" lemma="opera" pos="NOUN">opera</instance>
         <wf lemma="dei" pos="X">dei</wf>
         <wf lemma="ricercatori" pos="X">ricercatori</wf>
         <wf lemma="del" pos="X">del</wf>
         <wf lemma="Dip." pos="X">Dip.</wf>
         <wf lemma="BiO" pos="X">BiO</wf>
      </sentence>
      <sentence id="d000.s333" source="semeval2010-it">
         <wf lemma="Infrastrutture" pos="X">Infrastrutture</wf>
         <wf lemma="capaci" pos="X">capaci</wf>
         <wf lemma="di" pos="X">di</wf>
         <wf lemma="sostenere" pos="X">sostenere</wf>
         <wf lemma="elevati" pos="X">elevati</wf>
         <wf lemma="livelli" pos="X">livelli</wf>
         <wf lemma="di" pos="X">di</wf>
         <wf lemma="biopermeabilità" pos="X">biopermeabilità</wf>
         <wf lemma="del" pos="X">del</wf>
         <wf lemma="territorio" pos="X">territorio</wf>
         <wf lemma="ossia" pos="X">ossia</wf>
         <wf lemma="di" pos="X">di</wf>
         <wf lemma="conferire" pos="X">conferire</wf>
         <wf lemma="caratteristiche" pos="X">caratteristiche</wf>
         <wf lemma="ambientali" pos="X">ambientali</wf>
         <wf lemma="tali" pos="X">tali</wf>
         <wf lemma="da" pos="X">da</wf>
         <wf lemma="consentire" pos="X">consentire</wf>
         <wf lemma="la" pos="X">la</wf>
         <instance id="d000.s333.t000" lemma="permanenza" pos="NOUN">permanenza</instance>
         <wf lemma="almeno" pos="X">almeno</wf>
         <wf lemma="temporanea" pos="X">temporanea</wf>
         <wf lemma="," pos="X">,</wf>
         <wf lemma="della" pos="X">della</wf>
         <wf lemma="componente" pos="X">componente</wf>
         <wf lemma="biotica" pos="X">biotica</wf>
         <wf lemma="." pos="X">.</wf>
      </sentence>
      <sentence id="d000.s334" source="semeval2013-it">
         <wf lemma="il" pos="X">La</wf>
         <wf lemma="forte" pos="ADJ">forte</wf>
         <wf lemma="performance" pos="NOUN">performance</wf>
         <wf lemma="economico" pos="ADJ">economica</wf>
         <wf lemma="del" pos="X">del</wf>
         <instance id="d000.s334.t000" lemma="brasile" pos="NOUN">Brasile</instance>
         <wf lemma="e" pos="X">e</wf>
         <wf lemma="il" pos="X">la</wf>
         <instance id="d000.s334.t001" lemma="popolarità" pos="NOUN">popolarità</instance>
         <wf lemma="del" pos="X">del</wf>
         <wf lemma="suo" pos="X">suo</wf>
         <instance id="d000.s334.t002" lemma="presidente" pos="NOUN">presidente</instance>
         <wf lemma="uscente" pos="ADJ">uscente</wf>
         <wf lemma="," pos="X">,</wf>
         <wf lemma="Luiz_Inacio_Lula_da_Silva" pos="NOUN">Luiz_Inacio_Lula_da_Silva</wf>
         <wf lemma="," pos="X">,</wf>
         <wf lemma="si" pos="X">si</wf>
         <wf lemma="riflettere" pos="VERB">riflette</wf>
         <wf lemma="in" pos="X">in</wf>
         <wf lemma="un" pos="X">un</wf>
         <wf lemma="maggiormente" pos="ADV">maggiormente</wf>
         <wf lemma="condividere" pos="VERB">condiviso</wf>
         <instance id="d000.s334.t003" lemma="senso" pos="NOUN">senso</instance>
         <wf lemma="di" pos="X">di</wf>
         <instance id="d000.s334.t004" lemma="progresso" pos="NOUN">progresso</instance>
         <wf lemma="." pos="X">.</wf>
      </sentence>
      <sentence id="d000.s335" source="semeval2010-it">
         <wf lemma="Secondo" pos="X">Secondo</wf>
         <wf lemma="gli" pos="X">gli</wf>
         <wf lemma="autori" pos="X">autori</wf>
         <wf lemma="precedentemente" pos="X">precedentemente</wf>
         <wf lemma="citati" pos="X">citati</wf>
         <wf lemma="," pos="X">,</wf>
         <wf lemma="le" pos="X">le</wf>
         <wf lemma="beachrock" pos="X">beachrock</wf>
         <wf lemma="che" pos="X">che</wf>
         <wf lemma="si" pos="X">si</wf>
         <wf lemma="possono" pos="X">possono</wf>
         <wf lemma="osservare" pos="X">osservare</wf>
         <wf lemma="nelle" pos="X">nelle</wf>
         <wf lemma="aree" pos="X">aree</wf>
         <wf lemma="indagate" pos="X">indagate</wf>
         <wf lemma="," pos="X">,</wf>
         <wf lemma="possono" pos="X">possono</wf>
         <wf lemma="essere" pos="X">essere</wf>
         <wf lemma="caratterizzate" pos="X">caratterizzate</wf>
         <wf lemma="da" pos="X">da</wf>
         <wf lemma="diverse" pos="X">diverse</wf>
         <instance id="d000.s335.t000" lemma="percentuale" pos="NOUN">percentuali</instance>
         <wf lemma="di" pos="X">di</wf>
         <wf lemma="frammenti" pos="X">frammenti</wf>
         <wf lemma="di" pos="X">di</wf>
         <wf lemma="organismi" pos="X">organismi</wf>
         <wf lemma="marini" pos="X">marini</wf>
         <wf lemma="," pos="X">,</wf>
         <wf lemma="variando" pos="X">variando</wf>
         <wf lemma="da" pos="X">da</wf>
         <wf lemma="calcareniti" pos="X">calcareniti</wf>
         <wf lemma="a" pos="X">a</wf>
         <wf lemma="quarzo" pos="X">quarzo</wf>
         <wf lemma="e" pos="X">e</wf>
         <wf lemma="feldspati" pos="X">feldspati</wf>
         <wf lemma="," pos="X">,</wf>
         <wf lemma="fino" pos="X">fino</wf>
         <wf lemma="al" pos="X">al</wf>
         <wf lemma="termine" pos="X">termine</wf>
         <wf lemma="con" pos="X">con</wf>
         <instance id="d000.s335.t001" lemma="percentuale" pos="NOUN">percentuale</instance>
         <wf lemma="massima" pos="X">massima</wf>
         <wf lemma="di" pos="X">di</wf>
         <wf lemma="organogeno" pos="X">organogeno</wf>
         <wf lemma="," pos="X">,</wf>
         <wf lemma="come" pos="X">come</wf>
         <wf lemma="la" pos="X">la</wf>
         <wf lemma="coquina" pos="X">coquina</wf>
         <wf lemma="." pos="X">.</wf>
      </sentence>
      <sentence id="d000.s336" source="semeval2013-it">
         <wf lemma="il" pos="X">Le</wf>
         <instance id="d000.s336.t000" lemma="compagnia" pos="NOUN">compagnie</instance>
         <wf lemma="russo" pos="ADJ">russe</wf>
         <wf lemma="Lukoil" pos="NOUN">Lukoil</wf>
         <wf lemma="e" pos="X">e</wf>
         <wf lemma="Gazprom" pos="NOUN">Gazprom</wf>
         <wf lemma="si" pos="X">si</wf>
         <wf lemma="essere|sonare" pos="VERB">sono</wf>
         <wf lemma="rivelare" pos="VERB">rivelate</wf>
         <wf lemma="il" pos="X">le</wf>
         <instance id="d000.s336.t001" lemma="azionista" pos="NOUN">azioniste</instance>
         <wf lemma="di" pos="X">di</wf>
         <wf lemma="punta" pos="NOUN">punta</wf>
         <wf lemma="in" pos="X">in</wf>
         <wf lemma="due" pos="ADJ">due</wf>
         <wf lemma="del" pos="X">dei</wf>
         <instance id="d000.s336.t002" lemma="contratto" pos="NOUN">contratti</instance>
         <wf lemma="conferire" pos="VERB">conferiti</wf>
         <wf lemma="questo" pos="X">questa</wf>
         <instance id="d000.s336.t003" lemma="settimana" pos="NOUN">settimana</instance>
         <wf lemma="." pos="X">.</wf>
      </sentence>
      <sentence id="d000.s337" source="semeval2015-it">
         <instance id="d000.s337.t000" lemma="usare" pos="VERB">Usa</instance>
         <wf pos="X">il</wf>
         <wf lemma="pulsante" pos="NOUN">pulsante</wf>
         <wf lemma="aggiungere" pos="NOUN">Aggiungi</wf>
         <wf pos="X">in</wf>
         <wf lemma="modalità" pos="NOUN">modalità</wf>
         <wf pos="X">«</wf>
         <instance id="d000.s337.t001" lemma="lista" pos="NOUN">lista</instance>
         <wf pos="X">»</wf>
         <wf pos="X">.</wf>
      </sentence>
      <sentence id="d000.s338" source="semeval2015-it">
         <wf pos="X">Gli</wf>
         <wf lemma="studio" pos="NOUN">studi</wf>
         <instance id="d000.s338.t000" lemma="nazionale" pos="ADJ">nazionali</instance>
         <wf lemma="sfociare" pos="VERB">sfoceranno</wf>
         <wf pos="X">in</wf>
         <wf pos="X">un</wf>
         <instance id="d000.s338.t001" lemma="rapporto" pos="NOUN">rapporto</instance>
         <instance id="d000.s338.t002" lemma="europeo" pos="ADJ">europeo</instance>
         <wf pos="X">che</wf>
         <instance id="d000.s338.t003" lemma="sintetizzare" pos="VERB">sintetizzerà</instance>
         <wf pos="X">le</wf>
         <instance id="d000.s338.t004" lemma="prassi" pos="NOUN">prassi</instance>
         <wf pos="X">più</wf>
         <wf lemma="comune" pos="NOUN">comuni</wf>
         <wf pos="X">.</wf>
      </sentence>
      <sentence id="d000.s339" source="semeval2015-it">
         <wf pos="X">?</wf>
         <wf pos="X">:</wf>
         <instance id="d000.s339.t000" lemma="definizione" pos="NOUN">Definizione</instance>
         <wf pos="X">di</wf>
         <instance id="d000.s339.t001" lemma="condizione" pos="NOUN">condizione</instance>
         <instance id="d000.s339.t002" lemma="definire" pos="VERB">definita</instance>
         <wf pos="X">a</wf>
         <wf lemma="tratto" pos="NOUN">tratti</wf>
         <wf pos="X">.</wf>
      </sentence>
      <sentence id="d000.s340" source="semeval2013-it">
         <wf lemma="il" pos="X">I</wf>
         <instance id="d000.s340.t000" lemma="titolo" pos="NOUN">titoli</instance>
         <wf lemma="tecnologico" pos="ADJ">tecnologici</wf>
         <wf lemma="avere" pos="VERB">hanno</wf>
         <wf lemma="in" pos="X">in</wf>
         <wf lemma="tale" pos="X">tal</wf>
         <instance id="d000.s340.t001" lemma="modo" pos="NOUN">modo</instance>
         <wf lemma="perdere" pos="VERB">perso</wf>
         <wf lemma="del" pos="X">del</wf>
         <wf lemma="terreno" pos="NOUN">terreno</wf>
         <wf lemma="." pos="X">.</wf>
      </sentence>
      <sentence id="d000.s341" source="semeval2013-it">
         <wf lemma="il" pos="X">Gli</wf>
         <instance id="d000.s341.t000" lemma="investitore" pos="NOUN">investitori</instance>
         <wf lemma="e" pos="X">e</wf>
         <wf lemma="il" pos="X">le</wf>
         <wf lemma="autorità_di_regolamentazione" pos="NOUN">autorità di regolamentazione</wf>
         <wf lemma="avere" pos="VERB">hanno</wf>
         <wf lemma="depositare" pos="VERB">depositato</wf>
         <wf lemma="un" pos="X">un</wf>
         <wf lemma="gran" pos="ADJ">gran</wf>
         <instance id="d000.s341.t001" lemma="numero" pos="NOUN">numero</instance>
         <wf lemma="di" pos="X">di</wf>
         <wf lemma="richiesta" pos="NOUN">richieste</wf>
         <wf lemma="di" pos="X">di</wf>
         <instance id="d000.s341.t002" lemma="risarcimento" pos="NOUN">risarcimento</instance>
         <wf lemma="o" pos="X">o</wf>
         <wf lemma="di" pos="X">di</wf>
         <instance id="d000.s341.t003" lemma="punizione" pos="NOUN">punizione</instance>
         <wf lemma="per" pos="X">per</wf>
         <instance id="d000.s341.t004" lemma="cattiva_condotta" pos="NOUN">cattiva_condotta</instance>
         <wf lemma="." pos="X">.</wf>
      </sentence>
      <sentence id="d000.s342" source="semeval2013-it">
         <wf lemma="il" pos="X">L'</wf>
         <wf lemma="alleanza" pos="NOUN">Alleanza</wf>
         <wf lemma="del" pos="X">degli</wf>
         <wf lemma="stato" pos="NOUN">Stati</wf>
         <wf lemma="del" pos="X">delle</wf>
         <wf lemma="piccolo" pos="NOUN">Piccole</wf>
         <wf lemma="isola" pos="NOUN">Isole</wf>
         <wf lemma="," pos="X">,</wf>
         <wf lemma="comporre" pos="VERB">composto</wf>
         <wf lemma="da" pos="X">da</wf>
         <wf lemma="@card@" pos="NOUN">43</wf>
         <instance id="d000.s342.t000" lemma="membro" pos="NOUN">membri</instance>
         <wf lemma="," pos="X">,</wf>
         <wf lemma="avere" pos="VERB">ha</wf>
         <wf lemma="produrre" pos="VERB">prodotto</wf>
         <wf lemma="una" pos="X">una</wf>
         <wf lemma="bozza" pos="NOUN">bozza</wf>
         <wf lemma="di" pos="X">di</wf>
         <instance id="d000.s342.t001" lemma="proposta" pos="NOUN">proposta</instance>
         <wf lemma="di" pos="X">di</wf>
         <instance id="d000.s342.t002" lemma="trattato" pos="NOUN">trattato</instance>
         <wf lemma="di" pos="X">di</wf>
         <wf lemma="@card@" pos="NOUN">24</wf>
         <instance id="d000.s342.t003" lemma="pagina" pos="NOUN">pagine</instance>
         <wf lemma="nel" pos="X">nella</wf>
         <wf lemma="primo" pos="ADJ">prima</wf>
         <wf lemma="mattinata" pos="NOUN">mattinata</wf>
         <wf lemma="di" pos="X">di</wf>
         <instance id="d000.s342.t004" lemma="venerdì" pos="NOUN">venerdì</instance>
         <wf lemma="." pos="X">.</wf>
      </sentence>
      <sentence id="d000.s343" source="semeval2015-it">
         <wf lemma="alimta" pos="NOUN">Alimta</wf>
         <wf lemma="avere" pos="VERB">ha</wf>
         <instance id="d000.s343.t000" lemma="aumentare" pos="VERB">aumentato</instance>
         <wf pos="X">il</wf>
         <instance id="d000.s343.t001" lemma="tempo" pos="NOUN">tempo</instance>
         <wf pos="X">di</wf>
         <instance id="d000.s343.t002" lemma="sopravvivenza" pos="NOUN">sopravvivenza</instance>
         <wf pos="X">dei</wf>
         <instance id="d000.s343.t003" lemma="paziente" pos="NOUN">pazienti</instance>
         <instance id="d000.s343.t004" lemma="affetto" pos="ADJ">affetti</instance>
         <wf pos="X">da</wf>
         <instance id="d000.s343.t005" lemma="mesotelioma" pos="NOUN">mesotelioma</instance>
         <instance id="d000.s343.t006" lemma="pleurico" pos="ADJ">pleurico</instance>
         <wf lemma="maligno" pos="ADJ">maligno</wf>
         <wf pos="X">.</wf>
      </sentence>
      <sentence id="d000.s344" source="semeval2013-it">
         <wf lemma="il" pos="X">Gli</wf>
         <instance id="d000.s344.t000" lemma="stati_uniti" pos="NOUN">Stati_Uniti</instance>
         <wf lemma="non" pos="ADV">non</wf>
         <wf lemma="intendere" pos="VERB">intendono</wf>
         <wf lemma="scendere|scernere" pos="VERB">scendere</wf>
         <wf lemma="a" pos="X">a</wf>
         <instance id="d000.s344.t001" lemma="patto" pos="NOUN">patti</instance>
         <wf lemma="senza" pos="X">senza</wf>
         <wf lemma="che" pos="X">che</wf>
         <wf lemma="il" pos="X">i</wf>
         <wf lemma="maggiore" pos="ADJ">maggiori</wf>
         <instance id="d000.s344.t002" lemma="paese_in_via_di_sviluppo" pos="NOUN">paesi_in_via_di_sviluppo</instance>
         <wf lemma="si" pos="X">si</wf>
         <wf lemma="fare" pos="VERB">facciano</wf>
         <wf lemma="avanti" pos="ADV">avanti</wf>
         <wf lemma="e" pos="X">e</wf>
         <wf lemma="agire" pos="VERB">agiscano</wf>
         <wf lemma="," pos="X">,</wf>
         <wf lemma="avere" pos="VERB">ha</wf>
         <wf lemma="dire" pos="VERB">detto</wf>
         <wf lemma="Stern" pos="NOUN">Stern</wf>
         <wf lemma="," pos="X">,</wf>
         <wf lemma="che" pos="X">che</wf>
         <wf lemma="si" pos="X">si</wf>
         <wf lemma="essere" pos="VERB">è</wf>
         <wf lemma="lamentare" pos="VERB">lamentato</wf>
         <wf lemma="anche" pos="ADV">anche</wf>
         <wf lemma="di" pos="X">di</wf>
         <wf lemma="come" pos="X">come</wf>
         <wf lemma="il" pos="X">il</wf>
         <instance id="d000.s344.t003" lemma="testo" pos="NOUN">testo</instance>
         <wf lemma="non" pos="ADV">non</wf>
         <wf lemma="fare" pos="VERB">fa</wf>
         <wf lemma="abbastanza" pos="ADV">abbastanza</wf>
         <wf lemma="per" pos="X">per</wf>
         <wf lemma="garantire" pos="VERB">garantire</wf>
         <wf lemma="che" pos="X">che</wf>
         <wf lemma="il" pos="X">i</wf>
         <wf lemma="taglio" pos="NOUN">tagli</wf>
         <wf lemma="potere" pos="VERB">possano</wf>
         <wf lemma="essere" pos="VERB">essere</wf>
         <wf lemma="verificare" pos="VERB">verificati</wf>
         <wf lemma="da" pos="X">da</wf>
         <wf lemma="osservatore|osservatorio" pos="NOUN">osservatori</wf>
         <wf lemma="esterno" pos="ADJ">esterni</wf>
         <wf lemma="." pos="X">.</wf>
      </sentence>
      <sentence id="d000.s345" source="semeval2013-it">
         <wf lemma="il" pos="X">Il</wf>
         <instance id="d000.s345.t000" lemma="problema" pos="NOUN">problema</instance>
         <wf lemma="ruotare" pos="VERB">ruota</wf>
         <wf lemma="intorno" pos="ADV">intorno</wf>
         <wf lemma="al" pos="X">alla</wf>
         <instance id="d000.s345.t001" lemma="vendita" pos="NOUN">vendita</instance>
         <wf lemma="di" pos="X">di</wf>
         <instance id="d000.s345.t002" lemma="mutuo_ipotecario" pos="NOUN">mutui_ipotecari</instance>
         <wf lemma="." pos="X">.</wf>
      </sentence>
      <sentence id="d000.s346" source="semeval2013-it">
         <wf lemma="il" pos="X">I</wf>
         <instance id="d000.s346.t000" lemma="giocatore" pos="NOUN">giocatori</instance>
         <wf lemma="costaricano" pos="ADJ">costaricani</wf>
         <wf lemma="," pos="X">,</wf>
         <wf lemma="tuttavia" pos="ADV">tuttavia</wf>
         <wf lemma="," pos="X">,</wf>
         <wf lemma="avere" pos="VERB">hanno</wf>
         <wf lemma="una" pos="X">una</wf>
         <wf lemma="limitato" pos="ADJ">limitata</wf>
         <instance id="d000.s346.t001" lemma="esperienza" pos="NOUN">esperienza</instance>
         <wf lemma="internazionale" pos="ADJ">internazionale</wf>
         <wf lemma="in" pos="X">in</wf>
         <wf lemma="una" pos="X">una</wf>
         <wf lemma="confederazione" pos="NOUN">confederazione</wf>
         <wf lemma="come" pos="X">come</wf>
         <wf lemma="il" pos="X">la</wf>
         <wf lemma="CONCACAF" pos="NOUN">CONCACAF</wf>
         <wf lemma="," pos="X">,</wf>
         <wf lemma="che" pos="X">che</wf>
         <wf lemma="essere" pos="VERB">è</wf>
         <wf lemma="considerare" pos="VERB">considerata</wf>
         <wf lemma="al" pos="X">al</wf>
         <instance id="d000.s346.t002" lemma="livello" pos="NOUN">livello</instance>
         <wf lemma="minimo" pos="ADJ">minimo</wf>
         <wf lemma="al" pos="X">all'</wf>
         <instance id="d000.s346.t003" lemma="interno" pos="NOUN">interno</instance>
         <wf lemma="del" pos="X">della</wf>
         <wf lemma="fifa" pos="NOUN">FIFA</wf>
      </sentence>
      <sentence id="d000.s347" source="semeval2013-it">
         <wf lemma="il" pos="X">I</wf>
         <wf lemma="gioco" pos="NOUN">giochi</wf>
         <wf lemma="si" pos="X">si</wf>
         <wf lemma="fare" pos="VERB">fanno</wf>
         <wf lemma="serio" pos="ADJ">seri</wf>
         <wf lemma="," pos="X">,</wf>
         <wf lemma="avere" pos="VERB">ha</wf>
         <wf lemma="affermare" pos="VERB">affermato</wf>
         <wf lemma="Carlos" pos="NOUN">Carlos</wf>
         <wf lemma="Manuel" pos="NOUN">Manuel</wf>
         <wf lemma="Rodriguez" pos="NOUN">Rodriguez</wf>
         <wf lemma="," pos="X">,</wf>
         <instance id="d000.s347.t000" lemma="vice_presidente" pos="NOUN">vice_presidente</instance>
         <wf lemma="per" pos="X">per</wf>
         <wf lemma="il" pos="X">le</wf>
         <wf lemma="politica_globale" pos="NOUN">politiche_globali</wf>
         <wf lemma="al" pos="X">all'</wf>
         <wf lemma="Internazionale" pos="NOUN">Internazionale</wf>
         <wf lemma="del" pos="X">della</wf>
         <wf lemma="conservazione" pos="NOUN">Conservazione</wf>
         <wf lemma="." pos="X">.</wf>
      </sentence>
      <sentence id="d000.s348" source="semeval2013-it">
         <wf lemma="Kagan" pos="NOUN">Kagan</wf>
         <wf lemma="avere" pos="VERB">ha</wf>
         <wf lemma="servire" pos="VERB">servito</wf>
         <wf lemma="come" pos="X">come</wf>
         <wf lemma="procuratore_generale" pos="NOUN">procuratore generale</wf>
         <wf lemma="nel" pos="X">nell'</wf>
         <instance id="d000.s348.t000" lemma="amministrazione" pos="NOUN">amministrazione</instance>
         <wf lemma="obama" pos="NOUN">Obama</wf>
         <wf lemma="quando" pos="X">quando</wf>
         <wf lemma="il" pos="X">le</wf>
         <wf lemma="primo" pos="ADJ">prime</wf>
         <wf lemma="contestazione" pos="NOUN">contestazioni</wf>
         <wf lemma="legale" pos="ADJ">legali</wf>
         <wf lemma="al" pos="X">alla</wf>
         <instance id="d000.s348.t001" lemma="legge" pos="NOUN">legge</instance>
         <wf lemma="essere" pos="VERB">sono</wf>
         <wf lemma="essere|stare" pos="VERB">state</wf>
         <wf lemma="portare" pos="VERB">portate</wf>
         <wf lemma="in" pos="X">in</wf>
         <instance id="d000.s348.t002" lemma="tribunale" pos="NOUN">tribunale</instance>
         <wf lemma="." pos="X">.</wf>
      </sentence>
      <sentence id="d000.s349" source="semeval2013-it">
         <wf lemma="il" pos="X">Le</wf>
         <instance id="d000.s349.t000" lemma="compagnia" pos="NOUN">compagnie</instance>
         <wf lemma="americano" pos="ADJ">americane</wf>
         <wf lemma="essere|sonare" pos="VERB">sono</wf>
         <wf lemma="essere|stare" pos="VERB">state</wf>
         <wf lemma="in" pos="X">in</wf>
         <wf lemma="qualche" pos="ADJ">qualche</wf>
         <instance id="d000.s349.t001" lemma="caso" pos="NOUN">caso</instance>
         <wf lemma="svantaggiato" pos="ADJ">svantaggiate</wf>
         <wf lemma="perché" pos="X">perché</wf>
         <wf lemma="il" pos="X">i</wf>
         <instance id="d000.s349.t002" lemma="rivale" pos="NOUN">rivali</instance>
         <wf lemma="," pos="X">,</wf>
         <wf lemma="in" pos="X">in</wf>
         <wf lemma="particolare" pos="ADJ">particolar</wf>
         <instance id="d000.s349.t003" lemma="modo" pos="NOUN">modo</instance>
         <wf lemma="il" pos="X">le</wf>
         <instance id="d000.s349.t004" lemma="compagnia" pos="NOUN">compagnie</instance>
         <wf lemma="energetico" pos="ADJ">energetiche</wf>
         <wf lemma="cinese" pos="ADJ">cinesi</wf>
         <wf lemma="e" pos="X">e</wf>
         <wf lemma="quello" pos="X">quelle</wf>
         <wf lemma="governative" pos="ADJ">governative</wf>
         <wf lemma="di" pos="X">di</wf>
         <wf lemma="altri|altro" pos="X">altri</wf>
         <instance id="d000.s349.t005" lemma="paese" pos="NOUN">paesi</instance>
         <wf lemma="," pos="X">,</wf>
         <wf lemma="avere" pos="VERB">hanno</wf>
         <wf lemma="un" pos="X">un</wf>
         <instance id="d000.s349.t006" lemma="costo_del_lavoro" pos="NOUN">costo_del_lavoro</instance>
         <wf lemma="inferiore" pos="ADJ">inferiore</wf>
         <wf lemma="e" pos="X">e</wf>
         <wf lemma="essere|sonare" pos="VERB">sono</wf>
         <wf lemma="più" pos="ADV">più</wf>
         <wf lemma="disporre" pos="VERB">disposte</wf>
         <wf lemma="ad" pos="X">ad</wf>
         <wf lemma="assumere" pos="VERB">assumere</wf>
         <instance id="d000.s349.t007" lemma="rischio" pos="NOUN">rischi</instance>
         <wf lemma="perché" pos="X">perché</wf>
         <wf lemma="non" pos="ADV">non</wf>
         <wf lemma="ne" pos="ADV">ne</wf>
         <wf lemma="rispondere" pos="VERB">rispondono</wf>
         <wf lemma="al" pos="X">agli</wf>
         <instance id="d000.s349.t008" lemma="azionista" pos="NOUN">azionisti</instance>
         <wf lemma="." pos="X">.</wf>
      </sentence>
      <sentence id="d000.s350" source="semeval2013-it">
         <wf lemma="il" pos="X">I</wf>
         <wf lemma="contestatore" pos="NOUN">contestatori</wf>
         <wf lemma="avere" pos="VERB">hanno</wf>
         <wf lemma="fare" pos="VERB">fatto</wf>
         <instance id="d000.s350.t000" lemma="pressione" pos="NOUN">pressione</instance>
         <wf lemma="affinchè" pos="X">affinchè</wf>
         <wf lemma="Kagan" pos="NOUN">Kagan</wf>
         <wf lemma="ricusare" pos="VERB">ricusasse</wf>
         <wf lemma="se" pos="X">se</wf>
         <wf lemma="stesso" pos="ADJ">stessa</wf>
         <wf lemma="dal" pos="X">dall'</wf>
         <wf lemma="esaminare" pos="VERB">esaminare</wf>
         <wf lemma="il" pos="X">la</wf>
         <instance id="d000.s350.t001" lemma="causa" pos="NOUN">causa</instance>
         <wf lemma="," pos="X">,</wf>
         <wf lemma="criticare" pos="VERB">criticandole</wf>
         <wf lemma="che" pos="X">che</wf>
         <wf lemma="a" pos="X">a</wf>
         <wf lemma="suo" pos="X">suo</wf>
         <instance id="d000.s350.t002" lemma="tempo" pos="NOUN">tempo</instance>
         <wf lemma="essere" pos="VERB">era</wf>
         <wf lemma="troppo" pos="ADV">troppo</wf>
         <wf lemma="investire" pos="VERB">investita</wf>
         <wf lemma="nel" pos="X">nel</wf>
         <wf lemma="difendere" pos="VERB">difendere</wf>
         <wf lemma="il" pos="X">la</wf>
         <instance id="d000.s350.t003" lemma="legge" pos="NOUN">legge</instance>
         <wf lemma="e" pos="X">e</wf>
         <wf lemma="quindi" pos="ADV">quindi</wf>
         <wf lemma="di" pos="X">di</wf>
         <wf lemma="non" pos="ADV">non</wf>
         <wf lemma="potere" pos="VERB">poter</wf>
         <wf lemma="essere" pos="VERB">essere</wf>
         <wf lemma="imparziale" pos="ADJ">imparziale</wf>
         <wf lemma="ora" pos="ADV">ora</wf>
         <wf lemma="." pos="X">.</wf>
      </sentence>
      <sentence id="d000.s351" source="semeval2015-it">
         <instance id="d000.s351.t000" lemma="immagine" pos="NOUN">Immagine</instance>
         <wf pos="X">della</wf>
         <instance id="d000.s351.t001" lemma="finestra" pos="NOUN">finestra</instance>
         <instance id="d000.s351.t002" lemma="principale" pos="ADJ">principale</instance>
         <wf pos="X">di</wf>
         <wf lemma="kalgebra" pos="NOUN">kalgebra</wf>
      </sentence>
      <sentence id="d000.s352" source="semeval2010-it">
         <wf lemma="Viene" pos="X">Viene</wf>
         <wf lemma="ipotizzato" pos="X">ipotizzato</wf>
         <wf lemma="che" pos="X">che</wf>
         <wf lemma="i" pos="X">i</wf>
         <wf lemma="vari" pos="X">vari</wf>
         <instance id="d000.s352.t000" lemma="affioramento" pos="NOUN">affioramenti</instance>
         <wf lemma="distribuiti" pos="X">distribuiti</wf>
         <wf lemma="sui" pos="X">sui</wf>
         <instance id="d000.s352.t001" lemma="fondale" pos="NOUN">fondali</instance>
         <wf lemma="dell'" pos="X">dell'</wf>
         <wf lemma="area" pos="X">area</wf>
         <wf lemma="," pos="X">,</wf>
         <wf lemma="abbiano" pos="X">abbiano</wf>
         <instance id="d000.s352.t002" lemma="età" pos="NOUN">età</instance>
         <wf lemma="diverse" pos="X">diverse</wf>
         <wf lemma="fra" pos="X">fra</wf>
         <wf lemma="loro" pos="X">loro</wf>
         <wf lemma="," pos="X">,</wf>
         <instance id="d000.s352.t003" lemma="testimone" pos="NOUN">testimoni</instance>
         <wf lemma="di" pos="X">di</wf>
         <wf lemma="linee" pos="X">linee</wf>
         <wf lemma="di" pos="X">di</wf>
         <wf lemma="riva" pos="X">riva</wf>
         <wf lemma="precedenti" pos="X">precedenti</wf>
         <wf lemma="a" pos="X">a</wf>
         <wf lemma="quella" pos="X">quella</wf>
         <wf lemma="attuale" pos="X">attuale</wf>
         <wf lemma="." pos="X">.</wf>
      </sentence>
      <sentence id="d000.s353" source="semeval2013-it">
         <wf lemma="del" pos="X">Dei</wf>
         <wf lemma="@card@" pos="NOUN">22</wf>
         <instance id="d000.s353.t000" lemma="giocatore" pos="NOUN">giocatori</instance>
         <wf lemma="convocare" pos="VERB">convocati</wf>
         <wf lemma="dal" pos="X">dalla</wf>
         <instance id="d000.s353.t001" lemma="Spagna" pos="NOUN">Spagna</instance>
         <wf lemma="," pos="X">,</wf>
         <wf lemma="dieci" pos="ADJ">dieci</wf>
         <wf lemma="avere" pos="VERB">hanno</wf>
         <wf lemma="superare" pos="VERB">superato</wf>
         <wf lemma="@card@" pos="NOUN">50</wf>
         <wf lemma="partita" pos="NOUN">partite</wf>
         <wf lemma="internazionale" pos="ADJ">internazionali</wf>
         <wf lemma="." pos="X">.</wf>
      </sentence>
      <sentence id="d000.s354" source="semeval2010-it">
         <wf lemma="Al" pos="X">Al</wf>
         <wf lemma="contrario" pos="X">contrario</wf>
         <wf lemma="," pos="X">,</wf>
         <wf lemma="ci" pos="X">ci</wf>
         <wf lemma="sono" pos="X">sono</wf>
         <wf lemma="pochi" pos="X">pochi</wf>
         <instance id="d000.s354.t000" lemma="dato" pos="NOUN">dati</instance>
         <wf lemma="relativi" pos="X">relativi</wf>
         <wf lemma="agli" pos="X">agli</wf>
         <wf lemma="Oceani" pos="X">Oceani</wf>
         <wf lemma="Meridionale" pos="X">Meridionale</wf>
         <wf lemma="e" pos="X">e</wf>
         <wf lemma="Indiano" pos="X">Indiano</wf>
         <wf lemma="," pos="X">,</wf>
         <wf lemma="per" pos="X">per</wf>
         <wf lemma="cui" pos="X">cui</wf>
         <wf lemma="i" pos="X">i</wf>
         <wf lemma="loro" pos="X">loro</wf>
         <wf lemma="indici" pos="X">indici</wf>
         <wf lemma="si" pos="X">si</wf>
         <wf lemma="rispettivamente" pos="X">rispettivamente</wf>
         <wf lemma="nel" pos="X">nel</wf>
         <wf lemma="1997" pos="X">1997</wf>
         <wf lemma="e" pos="X">e</wf>
         <wf lemma="2000" pos="X">2000</wf>
         <wf lemma="." pos="X">.</wf>
      </sentence>
      <sentence id="d000.s355" source="semeval2010-it">
         <wf lemma="I" pos="X">I</wf>
         <instance id="d000.s355.t000" lemma="corallo" pos="NOUN">coralli</instance>
         <wf lemma="molli" pos="X">molli</wf>
         <wf lemma="sono" pos="X">sono</wf>
         <wf lemma="organismi" pos="X">organismi</wf>
         <wf lemma="appartenenti" pos="X">appartenenti</wf>
         <wf lemma="alla" pos="X">alla</wf>
         <wf lemma="sottoclasse" pos="X">sottoclasse</wf>
         <wf lemma="degli" pos="X">degli</wf>
         <wf lemma="ottocoralli" pos="X">ottocoralli</wf>
         <wf lemma="," pos="X">,</wf>
         <wf lemma="le" pos="X">le</wf>
         <wf lemma="cui" pos="X">cui</wf>
         <instance id="d000.s355.t001" lemma="colonia" pos="NOUN">colonie</instance>
         <wf lemma="sono" pos="X">sono</wf>
         <wf lemma="caratterizzate" pos="X">caratterizzate</wf>
         <wf lemma="da" pos="X">da</wf>
         <instance id="d000.s355.t002" lemma="polipo" pos="NOUN">polipi</instance>
         <wf lemma="aventi" pos="X">aventi</wf>
         <wf lemma="otto" pos="X">otto</wf>
         <wf lemma="tentacoli" pos="X">tentacoli</wf>
         <wf lemma="e" pos="X">e</wf>
         <wf lemma="dalla" pos="X">dalla</wf>
         <wf lemma="mancanza" pos="X">mancanza</wf>
         <wf lemma="di" pos="X">di</wf>
         <wf lemma="uno" pos="X">uno</wf>
         <wf lemma="scheletro" pos="X">scheletro</wf>
         <wf lemma="rigido" pos="X">rigido</wf>
         <wf lemma="da" pos="X">da</wf>
         <wf lemma="cui" pos="X">cui</wf>
         <wf lemma="deriva" pos="X">deriva</wf>
         <wf lemma="il" pos="X">il</wf>
         <wf lemma="loro" pos="X">loro</wf>
         <wf lemma="nome" pos="X">nome</wf>
         <wf lemma="." pos="X">.</wf>
      </sentence>
      <sentence id="d000.s356" source="semeval2013-it">
         <wf lemma="inoltre" pos="ADV">Inoltre</wf>
         <wf lemma="," pos="X">,</wf>
         <wf lemma="il" pos="X">i</wf>
         <wf lemma="conservatore" pos="NOUN">conservatori</wf>
         <wf lemma="sostenere" pos="VERB">sostengono</wf>
         <wf lemma="che" pos="X">che</wf>
         <wf lemma="essere" pos="VERB">è</wf>
         <wf lemma="il" pos="X">il</wf>
         <instance id="d000.s356.t000" lemma="giudice" pos="NOUN">giudice</instance>
         <wf lemma="elena_kagan" pos="NOUN">Elena_Kagan</wf>
         <wf lemma="che" pos="X">che</wf>
         <wf lemma="avere" pos="VERB">ha</wf>
         <wf lemma="un" pos="X">un</wf>
         <instance id="d000.s356.t001" lemma="problema" pos="NOUN">problema</instance>
         <wf lemma="etico" pos="ADJ">etico</wf>
         <wf lemma="," pos="X">,</wf>
         <wf lemma="non" pos="ADV">non</wf>
         <wf lemma="Scalia" pos="NOUN">Scalia</wf>
         <wf lemma="e" pos="X">e</wf>
         <wf lemma="Thomas" pos="NOUN">Thomas</wf>
         <wf lemma="." pos="X">.</wf>
      </sentence>
      <sentence id="d000.s357" source="semeval2013-it">
         <wf lemma="Anbar" pos="NOUN">Anbar</wf>
         <wf lemma="avere" pos="VERB">ha</wf>
         <wf lemma="dire" pos="VERB">detto</wf>
         <wf lemma="." pos="X">.</wf>
         <wf lemma="il" pos="X">La</wf>
         <instance id="d000.s357.t000" lemma="scoperta" pos="NOUN">scoperta</instance>
         <wf lemma="essere" pos="VERB">è</wf>
         <wf lemma="importante" pos="ADJ">importante</wf>
         <wf lemma="nel" pos="X">nella</wf>
         <instance id="d000.s357.t001" lemma="ricerca" pos="NOUN">ricerca</instance>
         <wf lemma="di" pos="X">di</wf>
         <instance id="d000.s357.t002" lemma="vita" pos="NOUN">vita</instance>
         <wf lemma="oltre" pos="X">oltre</wf>
         <wf lemma="il" pos="X">la</wf>
         <instance id="d000.s357.t003" lemma="terra" pos="NOUN">Terra</instance>
         <wf lemma="perché" pos="X">perché</wf>
         <wf lemma="il" pos="X">i</wf>
         <instance id="d000.s357.t004" lemma="ricercatore" pos="NOUN">ricercatori</instance>
         <wf lemma="dovere" pos="VERB">devono</wf>
         <wf lemma="essere" pos="VERB">essere</wf>
         <wf lemma="in" pos="X">in</wf>
         <wf lemma="grado" pos="NOUN">grado</wf>
         <wf lemma="di" pos="X">di</wf>
         <wf lemma="riconoscere" pos="VERB">riconoscere</wf>
         <wf lemma="il" pos="X">la</wf>
         <instance id="d000.s357.t005" lemma="vita" pos="NOUN">vita</instance>
         <wf lemma="," pos="X">,</wf>
         <wf lemma="e" pos="X">e</wf>
         <wf lemma="di" pos="X">di</wf>
         <wf lemma="sapere" pos="VERB">sapere</wf>
         <wf lemma="a" pos="X">a</wf>
         <wf lemma="ciò" pos="X">ciò</wf>
         <wf lemma="che" pos="X">che</wf>
         <wf lemma="il" pos="X">la</wf>
         <instance id="d000.s357.t006" lemma="vita" pos="NOUN">vita</instance>
         <wf lemma="potere" pos="VERB">puo</wf>
         <wf lemma="'" pos="X">'</wf>
         <wf lemma="assomigliare" pos="VERB">assomigliare</wf>
         <wf lemma="." pos="X">.</wf>
      </sentence>
      <sentence id="d000.s358" source="semeval2015-it">
         <wf pos="X">Quali</wf>
         <wf lemma="essere" pos="VERB">sono</wf>
         <wf pos="X">le</wf>
         <instance id="d000.s358.t000" lemma="precauzione" pos="NOUN">precauzioni</instance>
         <wf pos="X">che</wf>
         <wf lemma="dovere" pos="VERB">deve</wf>
         <instance id="d000.s358.t001" lemma="prendere" pos="VERB">prendere</instance>
         <wf pos="X">la</wf>
         <instance id="d000.s358.t002" lemma="persona" pos="NOUN">persona</instance>
         <wf pos="X">che</wf>
         <instance id="d000.s358.t003" lemma="somministrare" pos="VERB">somministra</instance>
         <wf pos="X">il</wf>
         <instance id="d000.s358.t004" lemma="medicinale" pos="NOUN">medicinale</instance>
         <wf pos="X">o</wf>
         <instance id="d000.s358.t005" lemma="entrare" pos="VERB">entra</instance>
         <wf pos="X">in</wf>
         <instance id="d000.s358.t006" lemma="contatto" pos="NOUN">contatto</instance>
         <wf pos="X">con</wf>
         <wf pos="X">l</wf>
         <instance id="d000.s358.t007" lemma="animale" pos="NOUN">animale</instance>
         <wf pos="X">?</wf>
      </sentence>
      <sentence id="d000.s359" source="semeval2015-it">
         <wf lemma="essere" pos="VERB">Sarà</wf>
         <wf pos="X">quindi</wf>
         <instance id="d000.s359.t000" lemma="attivare" pos="VERB">attivata</instance>
         <wf pos="X">la</wf>
         <instance id="d000.s359.t001" lemma="casella" pos="NOUN">casella</instance>
         <wf pos="X">di</wf>
         <instance id="d000.s359.t002" lemma="testo" pos="NOUN">testo</instance>
         <wf pos="X">dove</wf>
         <wf lemma="potere" pos="VERB">puoi</wf>
         <instance id="d000.s359.t003" lemma="scrivere" pos="VERB">scrivere</instance>
         <wf pos="X">la</wf>
         <instance id="d000.s359.t004" lemma="funzione" pos="NOUN">funzione</instance>
         <wf pos="X">.</wf>
      </sentence>
      <sentence id="d000.s360" source="semeval2013-it">
         <wf lemma="il" pos="X">La</wf>
         <wf lemma="National" pos="NOUN">National</wf>
         <wf lemma="national_credit_union_administration" pos="NOUN">National_Credit_Union_Administration</wf>
         <wf lemma="(" pos="X">(</wf>
         <wf lemma="NCUA" pos="X">NCUA</wf>
         <wf lemma=")" pos="X">)</wf>
         <wf lemma="," pos="X">,</wf>
         <wf lemma="un" pos="X">un</wf>
         <instance id="d000.s360.t000" lemma="regolatore" pos="NOUN">regolatore</instance>
         <wf lemma="del" pos="X">del</wf>
         <instance id="d000.s360.t001" lemma="mercato_finanziario" pos="NOUN">mercato_finanziario</instance>
         <wf lemma="," pos="X">,</wf>
         <wf lemma="accusare" pos="VERB">accusa</wf>
         <wf lemma="una" pos="X">una</wf>
         <wf lemma="serie" pos="NOUN">serie</wf>
         <wf lemma="di" pos="X">di</wf>
         <wf lemma="importante" pos="ADJ">importanti</wf>
         <instance id="d000.s360.t002" lemma="banca" pos="NOUN">banche</instance>
         <wf lemma="di" pos="X">di</wf>
         <wf lemma="avere" pos="VERB">aver</wf>
         <wf lemma="usare" pos="VERB">usato</wf>
         <wf lemma="falso" pos="ADJ">false</wf>
         <instance id="d000.s360.t003" lemma="promessa" pos="NOUN">promesse</instance>
         <wf lemma="per" pos="X">per</wf>
         <wf lemma="fuorviare" pos="VERB">fuorviare</wf>
         <wf lemma="il" pos="X">le</wf>
         <wf lemma="cooperativa_di_credito" pos="NOUN">cooperative di credito</wf>
         <wf lemma="ad" pos="X">ad</wf>
         <wf lemma="acquistare" pos="VERB">acquistare</wf>
         <wf lemma="il" pos="X">i</wf>
         <wf lemma="prodotto" pos="NOUN">prodotti</wf>
         <wf lemma="finanziario" pos="ADJ">finanziari</wf>
         <wf lemma="." pos="X">.</wf>
      </sentence>
      <sentence id="d000.s361" source="semeval2013-it">
         <wf lemma="onestamente" pos="ADV">Onestamente</wf>
         <wf lemma="," pos="X">,</wf>
         <wf lemma="il" pos="X">il</wf>
         <instance id="d000.s361.t000" lemma="mercato" pos="NOUN">mercato</instance>
         <wf lemma="essere" pos="VERB">è</wf>
         <wf lemma="molto" pos="ADV">molto</wf>
         <wf lemma="calmo" pos="ADJ">calmo</wf>
         <wf lemma="," pos="X">,</wf>
         <wf lemma="osservare" pos="VERB">osserva</wf>
         <wf lemma="Mace" pos="NOUN">Mace</wf>
         <wf lemma="Blicksilver" pos="NOUN">Blicksilver</wf>
         <wf lemma="del" pos="X">dell'</wf>
         <wf lemma="Asset" pos="NOUN">Asset</wf>
         <wf lemma="management" pos="NOUN">Management</wf>
         <wf lemma="di" pos="X">di</wf>
         <wf lemma="Marblehead" pos="NOUN">Marblehead</wf>
         <wf lemma="." pos="X">.</wf>
      </sentence>
      <sentence id="d000.s362" source="semeval2010-it">
         <wf lemma="Trasformazione" pos="X">Trasformazione</wf>
         <wf lemma="degli" pos="X">degli</wf>
         <instance id="d000.s362.t000" lemma="habitat" pos="NOUN">habitat</instance>
         <wf lemma="naturali" pos="X">naturali</wf>
         <wf lemma="in" pos="X">in</wf>
         <wf lemma="terre" pos="X">terre</wf>
         <wf lemma="per" pos="X">per</wf>
         <wf lemma="l'" pos="X">l'</wf>
         <wf lemma="agricoltura" pos="X">agricoltura</wf>
         <wf lemma="," pos="X">,</wf>
         <wf lemma="suddivise" pos="X">suddivise</wf>
         <wf lemma="per" pos="X">per</wf>
         <instance id="d000.s362.t001" lemma="regno" pos="NOUN">regni</instance>
         <wf lemma="." pos="X">.</wf>
      </sentence>
      <sentence id="d000.s363" source="semeval2013-it">
         <wf lemma="il" pos="X">I</wf>
         <instance id="d000.s363.t000" lemma="giudice" pos="NOUN">giudici</instance>
         <wf lemma="avere" pos="VERB">hanno</wf>
         <wf lemma="dare" pos="VERB">dato</wf>
         <wf lemma="il" pos="X">la</wf>
         <instance id="d000.s363.t001" lemma="disponibilità" pos="NOUN">disponibilità</instance>
         <wf lemma="di" pos="X">di</wf>
         <wf lemma="considerare" pos="VERB">considerare</wf>
         <wf lemma="il" pos="X">la</wf>
         <instance id="d000.s363.t002" lemma="causa" pos="NOUN">causa</instance>
         <wf lemma="," pos="X">,</wf>
         <wf lemma="infatti" pos="ADV">infatti</wf>
         <wf lemma="," pos="X">,</wf>
         <wf lemma="una" pos="X">una</wf>
         <wf lemma="lettura" pos="NOUN">lettura</wf>
         <wf lemma="del" pos="X">della</wf>
         <instance id="d000.s363.t003" lemma="durata" pos="NOUN">durata</instance>
         <wf lemma="senza" pos="X">senza</wf>
         <wf lemma="precedente" pos="NOUN">precedenti</wf>
         <wf lemma="di" pos="X">di</wf>
         <wf lemma="@card@" pos="NOUN">5</wf>
         <instance id="d000.s363.t004" lemma="ora" pos="NOUN">ore</instance>
         <wf lemma="e" pos="X">e</wf>
         <wf lemma="@card@" pos="NOUN">30</wf>
         <wf lemma="del" pos="X">delle</wf>
         <wf lemma="motivazione" pos="NOUN">motivazioni</wf>
         <wf lemma="del" pos="X">della</wf>
         <instance id="d000.s363.t005" lemma="sentenza" pos="NOUN">sentenza</instance>
         <wf lemma="essere" pos="VERB">è</wf>
         <wf lemma="prevedere" pos="VERB">prevista</wf>
         <wf lemma="per" pos="X">per</wf>
         <instance id="d000.s363.t006" lemma="marzo" pos="NOUN">marzo</instance>
         <wf lemma="," pos="X">,</wf>
         <wf lemma="e" pos="X">e</wf>
         <wf lemma="il" pos="X">il</wf>
         <instance id="d000.s363.t007" lemma="risultato" pos="NOUN">risultato</instance>
         <wf lemma="essere" pos="VERB">è</wf>
         <wf lemma="probabile" pos="ADJ">probabile</wf>
         <wf lemma="che" pos="X">che</wf>
         <wf lemma="disturbare" pos="VERB">disturberà</wf>
         <wf lemma="ulteriormente" pos="ADV">ulteriormente</wf>
         <wf lemma="il" pos="X">la</wf>
         <wf lemma="corsa" pos="NOUN">corsa</wf>
         <wf lemma="presidenziale" pos="ADJ">presidenziale</wf>
         <wf lemma="del" pos="X">del</wf>
         <wf lemma="@card@" pos="NOUN">2012</wf>
         <wf lemma="," pos="X">,</wf>
         <wf lemma="che" pos="X">che</wf>
         <wf lemma="essere" pos="VERB">sarà</wf>
         <wf lemma="a" pos="X">a</wf>
         <wf lemma="pieno" pos="ADJ">pieno</wf>
         <wf lemma="regime" pos="NOUN">regime</wf>
         <wf lemma="nel" pos="X">nel</wf>
         <instance id="d000.s363.t008" lemma="momento" pos="NOUN">momento</instance>
         <wf lemma="in" pos="X">in</wf>
         <wf lemma="cui" pos="X">cui</wf>
         <wf lemma="il" pos="X">la</wf>
         <instance id="d000.s363.t009" lemma="decisione" pos="NOUN">decisione</instance>
         <wf lemma="del" pos="X">del</wf>
         <instance id="d000.s363.t010" lemma="giudice" pos="NOUN">giudice</instance>
         <wf lemma="venire" pos="VERB">verrà</wf>
         <wf lemma="rilasciare" pos="VERB">rilasciata</wf>
         <wf lemma="." pos="X">.</wf>
      </sentence>
      <sentence id="d000.s364" source="semeval2013-it">
         <wf lemma="nonostante" pos="X">Nonostante</wf>
         <wf lemma="il" pos="X">le</wf>
         <instance id="d000.s364.t000" lemma="preoccupazione" pos="NOUN">preoccupazioni</instance>
         <wf lemma="riguardo" pos="NOUN">riguardo</wf>
         <wf lemma="al" pos="X">alla</wf>
         <wf lemma="violenza" pos="NOUN">violenza</wf>
         <wf lemma="e" pos="X">e</wf>
         <wf lemma="il" pos="X">l'</wf>
         <instance id="d000.s364.t001" lemma="instabilità" pos="NOUN">instabilità</instance>
         <wf lemma="politico" pos="ADJ">politica</wf>
         <wf lemma="," pos="X">,</wf>
         <wf lemma="il" pos="X">il</wf>
         <instance id="d000.s364.t002" lemma="governo" pos="NOUN">governo</instance>
         <wf lemma="iracheno" pos="ADJ">iracheno</wf>
         <wf lemma="essere" pos="VERB">è</wf>
         <wf lemma="riuscire" pos="VERB">riuscito</wf>
         <wf lemma="ad" pos="X">ad</wf>
         <wf lemma="attirare" pos="VERB">attirare</wf>
         <wf lemma="il" pos="X">le</wf>
         <wf lemma="maggiore" pos="ADJ">maggiori</wf>
         <instance id="d000.s364.t003" lemma="compagnia_petrolifera" pos="NOUN">compagnie_petrolifere</instance>
         <wf lemma="per" pos="X">per</wf>
         <wf lemma="il" pos="X">la</wf>
         <wf lemma="ricostruzione" pos="NOUN">ricostruzione</wf>
         <wf lemma="del" pos="X">dell'</wf>
         <instance id="d000.s364.t004" lemma="infrastruttura" pos="NOUN">infrastruttura</instance>
         <wf lemma="malandato" pos="ADJ">malandata</wf>
         <wf lemma="durante" pos="X">durante</wf>
         <wf lemma="due" pos="ADJ">due</wf>
         <instance id="d000.s364.t005" lemma="asta" pos="NOUN">aste</instance>
         <wf lemma="che" pos="X">che</wf>
         <wf lemma="si" pos="X">si</wf>
         <wf lemma="essere|sonare" pos="VERB">sono</wf>
         <wf lemma="concludere" pos="VERB">concluse</wf>
         <instance id="d000.s364.t006" lemma="sabato" pos="NOUN">Sabato</instance>
         <wf lemma="." pos="X">.</wf>
      </sentence>
      <sentence id="d000.s365" source="semeval2013-it">
         <wf lemma="il" pos="X">La</wf>
         <instance id="d000.s365.t000" lemma="notorietà" pos="NOUN">notorietà</instance>
         <wf lemma="del" pos="X">degli</wf>
         <instance id="d000.s365.t001" lemma="spagnolo" pos="NOUN">spagnoli</instance>
         <wf lemma="essere" pos="VERB">è</wf>
         <wf lemma="maggiore" pos="ADJ">maggiore</wf>
         <wf lemma="di" pos="X">di</wf>
         <wf lemma="quello" pos="X">quella</wf>
         <wf lemma="del" pos="X">dei</wf>
         <wf lemma="costaricano" pos="NOUN">costaricani</wf>
      </sentence>
      <sentence id="d000.s366" source="semeval2015-it">
         <wf lemma="avere" pos="VERB">Ho</wf>
         <instance id="d000.s366.t000" lemma="dare" pos="VERB">dato</instance>
         <wf pos="X">un'</wf>
         <instance id="d000.s366.t001" lemma="occhiata" pos="NOUN">occhiata</instance>
         <wf pos="X">alla</wf>
         <wf lemma="sintassi" pos="NOUN">sintassi</wf>
         <wf pos="X">di</wf>
         <wf lemma="maxima" pos="NOUN">Maxima</wf>
         <wf pos="X">e</wf>
         <wf pos="X">di</wf>
         <wf lemma="maple" pos="NOUN">Maple</wf>
         <wf pos="X">,</wf>
         <wf pos="X">in</wf>
         <instance id="d000.s366.t002" lemma="modo" pos="NOUN">modo</instance>
         <wf pos="X">da</wf>
         <wf lemma="essere" pos="VERB">esserne</wf>
         <instance id="d000.s366.t003" lemma="abbastanza" pos="ADV">abbastanza</instance>
         <instance id="d000.s366.t004" lemma="simile" pos="ADJ">simile</instance>
         <wf pos="X">.</wf>
      </sentence>
      <sentence id="d000.s367" source="semeval2015-it">
         <wf pos="X">I</wf>
         <instance id="d000.s367.t000" lemma="principale" pos="ADJ">principali</instance>
         <instance id="d000.s367.t001" lemma="oratore" pos="NOUN">oratori</instance>
         <wf pos="X">in</wf>
         <instance id="d000.s367.t002" lemma="occasione" pos="NOUN">occasione</instance>
         <wf pos="X">della</wf>
         <instance id="d000.s367.t003" lemma="conferenza" pos="NOUN">conferenza</instance>
         <wf pos="X">sull'</wf>
         <instance id="d000.s367.t004" lemma="esclusione" pos="NOUN">esclusione</instance>
         <instance id="d000.s367.t005" lemma="sociale" pos="ADJ">sociale</instance>
         <wf pos="X">(</wf>
         <wf pos="X">da</wf>
         <instance id="d000.s367.t006" lemma="sinistra" pos="NOUN">sinistra</instance>
         <wf pos="X">a</wf>
         <instance id="d000.s367.t007" lemma="destra" pos="NOUN">destra</instance>
         <wf pos="X">)</wf>
         <wf pos="X">:</wf>
         <wf lemma="cristina" pos="NOUN">Cristina</wf>
         <wf lemma="louro" pos="NOUN">louro</wf>
         <wf pos="X">,</wf>
         <instance id="d000.s367.t008" lemma="direzione" pos="NOUN">Direzione</instance>
         <wf lemma="generale" pos="ADJ">generale</wf>
         <wf pos="X">per</wf>
         <wf pos="X">l'</wf>
         <instance id="d000.s367.t009" lemma="occupazione" pos="NOUN">Occupazione</instance>
         <wf pos="X">,</wf>
         <wf pos="X">le</wf>
         <instance id="d000.s367.t010" lemma="relazione" pos="NOUN">relazioni</instance>
         <instance id="d000.s367.t011" lemma="industriale" pos="ADJ">industriali</instance>
         <wf pos="X">e</wf>
         <wf pos="X">gli</wf>
         <wf lemma="affare" pos="NOUN">affari</wf>
         <instance id="d000.s367.t012" lemma="sociale" pos="ADJ">sociali</instance>
         <wf pos="X">,</wf>
         <instance id="d000.s367.t013" lemma="commissione" pos="NOUN">Commissione</instance>
         <instance id="d000.s367.t014" lemma="europeo" pos="ADJ">europea</instance>
         <wf lemma="fernando" pos="NOUN">Fernando</wf>
         <wf lemma="gomes" pos="NOUN">Gomes</wf>
         <wf pos="X">,</wf>
         <instance id="d000.s367.t015" lemma="comitato" pos="NOUN">Comitato</instance>
         <wf pos="X">delle</wf>
         <instance id="d000.s367.t016" lemma="regione" pos="NOUN">regioni</instance>
         <wf lemma="barbaro" pos="NOUN">Barbara</wf>
         <wf lemma="weiler" pos="NOUN">Weiler</wf>
         <wf pos="X">,</wf>
         <instance id="d000.s367.t017" lemma="deputato" pos="NOUN">deputato</instance>
         <wf pos="X">al</wf>
         <instance id="d000.s367.t018" lemma="parlamento" pos="NOUN">Parlamento</instance>
         <instance id="d000.s367.t019" lemma="europeo" pos="ADJ">europeo</instance>
         <wf lemma="josé" pos="NOUN">José</wf>
         <wf lemma="maría" pos="NOUN">María</wf>
         <wf lemma="gil-robles" pos="NOUN">Gil-Robles</wf>
         <wf lemma="gil-delgado" pos="NOUN">Gil-Delgado</wf>
         <wf pos="X">,</wf>
         <instance id="d000.s367.t020" lemma="vicepresidente" pos="NOUN">vicepresidente</instance>
         <wf pos="X">del</wf>
         <instance id="d000.s367.t021" lemma="parlamento" pos="NOUN">Parlamento</instance>
         <instance id="d000.s367.t022" lemma="europeo" pos="ADJ">europeo</instance>
         <wf lemma="john" pos="NOUN">John</wf>
         <wf lemma="cairoti" pos="NOUN">Cairoti</wf>
         <wf pos="X">,</wf>
         <instance id="d000.s367.t023" lemma="comitato" pos="NOUN">Comitato</instance>
         <instance id="d000.s367.t024" lemma="economico" pos="ADJ">economico</instance>
         <wf pos="X">e</wf>
         <instance id="d000.s367.t025" lemma="sociale" pos="ADJ">sociale</instance>
         <wf pos="X">.</wf>
      </sentence>
      <sentence id="d000.s368" source="semeval2015-it">
         <wf lemma="unitamente" pos="ADV">Unitamente</wf>
         <wf pos="X">alla</wf>
         <wf lemma="commissione" pos="NOUN">Commissione</wf>
         <wf lemma="europeo" pos="ADJ">europea</wf>
         <wf pos="X">,</wf>
         <wf pos="X">al</wf>
         <wf lemma="ministero" pos="NOUN">Ministero</wf>
         <wf pos="X">degli</wf>
         <wf lemma="affare_sociale" pos="NOUN">affari_sociali</wf>
         <wf lemma="spagnolo" pos="ADJ">spagnolo</wf>
         <wf pos="X">e</wf>
         <wf pos="X">al</wf>
         <instance id="d000.s368.t000" lemma="governo_regionale" pos="NOUN">governo_regionale</instance>
         <wf pos="X">della</wf>
         <wf lemma="galizia" pos="NOUN">Galizia</wf>
         <wf pos="X">,</wf>
         <wf pos="X">la</wf>
         <wf lemma="fondazione" pos="NOUN">Fondazione</wf>
         <wf lemma="avere" pos="VERB">ha</wf>
         <wf lemma="organizzare" pos="VERB">organizzato</wf>
         <wf pos="X">una</wf>
         <wf lemma="conferenza" pos="NOUN">conferenza</wf>
         <wf lemma="europeo" pos="ADJ">europea</wf>
         <wf pos="X">sul</wf>
         <wf lemma="tema" pos="NOUN">tema</wf>
         <instance id="d000.s368.t001" lemma="esclusione_sociale" pos="NOUN">Esclusione_sociale</instance>
         <wf pos="X">:</wf>
         <wf pos="X">una</wf>
         <wf lemma="grande" pos="ADJ">grande</wf>
         <wf lemma="sfida" pos="NOUN">sfida</wf>
         <wf pos="X">per</wf>
         <wf pos="X">i</wf>
         <wf lemma="servizi" pos="NOUN">servizi</wf>
         <wf lemma="pubblico" pos="ADJ">pubblici</wf>
         <wf pos="X">di</wf>
         <wf lemma="assistenza" pos="NOUN">assistenza</wf>
         <wf pos="X">.</wf>
      </sentence>
      <sentence id="d000.s369" source="semeval2013-it">
         <wf lemma="nel" pos="X">Negli</wf>
         <instance id="d000.s369.t000" lemma="stati_uniti" pos="NOUN">Stati_Uniti</instance>
         <wf lemma="il" pos="X">la</wf>
         <instance id="d000.s369.t001" lemma="vendita_al_dettaglio" pos="NOUN">vendita_al_dettaglio</instance>
         <wf lemma="essere" pos="VERB">è</wf>
         <wf lemma="crescere" pos="VERB">cresciuta</wf>
         <wf lemma="del" pos="X">del</wf>
         <wf lemma="@card@" pos="NOUN">1.3</wf>
         <wf lemma="%" pos="X">%</wf>
         <wf lemma="a" pos="X">a</wf>
         <instance id="d000.s369.t002" lemma="novembre" pos="NOUN">Novembre</instance>
         <wf lemma="per" pos="X">per</wf>
         <wf lemma="il" pos="X">il</wf>
         <wf lemma="secondo" pos="ADJ">secondo</wf>
         <instance id="d000.s369.t003" lemma="mese" pos="NOUN">mese</instance>
         <wf lemma="di" pos="X">di</wf>
         <wf lemma="fila|filo" pos="NOUN">fila</wf>
         <wf lemma="e" pos="X">e</wf>
         <wf lemma="molto" pos="ADV">molto</wf>
         <wf lemma="più" pos="ADV">più</wf>
         <wf lemma="di" pos="X">di</wf>
         <wf lemma="quanto" pos="ADV">quanto</wf>
         <wf lemma="essere" pos="VERB">fosse</wf>
         <wf lemma="essere|stare" pos="VERB">stato</wf>
         <wf lemma="prevedere" pos="VERB">previsto</wf>
         <wf lemma="." pos="X">.</wf>
      </sentence>
      <sentence id="d000.s370" source="semeval2015-it">
         <wf pos="X">La</wf>
         <instance id="d000.s370.t000" lemma="console" pos="NOUN">console</instance>
         <wf pos="X">di</wf>
         <wf lemma="kalgebra" pos="NOUN">kalgebra</wf>
         <wf lemma="essere" pos="VERB">è</wf>
         <instance id="d000.s370.t001" lemma="utile" pos="ADJ">utile</instance>
         <wf pos="X">come</wf>
         <wf lemma="calcolatrice" pos="NOUN">calcolatrice</wf>
         <wf pos="X">.</wf>
      </sentence>
      <sentence id="d000.s371" source="semeval2013-it">
         <wf lemma="e" pos="X">E</wf>
         <wf lemma="non" pos="ADV">non</wf>
         <wf lemma="c'" pos="X">c'</wf>
         <wf lemma="essere" pos="VERB">è</wf>
         <wf lemma="niente" pos="ADV">niente</wf>
         <wf lemma="che" pos="X">che</wf>
         <wf lemma="infrangere" pos="VERB">infrange</wf>
         <wf lemma="il" pos="X">le</wf>
         <instance id="d000.s371.t000" lemma="regola" pos="NOUN">regole</instance>
         <wf lemma="etico" pos="ADJ">etiche</wf>
         <wf lemma="." pos="X">.</wf>
      </sentence>
      <sentence id="d000.s372" source="semeval2010-it">
         <wf lemma="La" pos="X">La</wf>
         <wf lemma="caratterizzazione" pos="X">caratterizzazione</wf>
         <wf lemma="morfologica" pos="X">morfologica</wf>
         <wf lemma="e" pos="X">e</wf>
         <wf lemma="l'" pos="X">l'</wf>
         <wf lemma="estensione" pos="X">estensione</wf>
         <wf lemma="degli" pos="X">degli</wf>
         <instance id="d000.s372.t000" lemma="affioramento" pos="NOUN">affioramenti</instance>
         <wf lemma="sarà" pos="X">sarà</wf>
         <wf lemma="definita" pos="X">definita</wf>
         <wf lemma="attraverso" pos="X">attraverso</wf>
         <wf lemma="rilievi" pos="X">rilievi</wf>
         <wf lemma="side" pos="X">side</wf>
         <wf lemma="scan" pos="X">scan</wf>
         <wf lemma="sonar" pos="X">sonar</wf>
         <wf lemma="e" pos="X">e</wf>
         <wf lemma="la" pos="X">la</wf>
         <wf lemma="mappatura" pos="X">mappatura</wf>
         <wf lemma="totale" pos="X">totale</wf>
         <wf lemma="di" pos="X">di</wf>
         <wf lemma="quattro" pos="X">quattro</wf>
         <wf lemma="aree" pos="X">aree</wf>
         <wf lemma="di" pos="X">di</wf>
         <wf lemma="500" pos="X">500</wf>
         <wf lemma="x" pos="X">x</wf>
         <wf lemma="1000" pos="X">1000</wf>
         <wf lemma="m" pos="X">m</wf>
         <wf lemma="circa" pos="X">circa</wf>
         <wf lemma="," pos="X">,</wf>
         <wf lemma="realizzata" pos="X">realizzata</wf>
         <wf lemma="attraverso" pos="X">attraverso</wf>
         <wf lemma="una" pos="X">una</wf>
         <wf lemma="serie" pos="X">serie</wf>
         <wf lemma="di" pos="X">di</wf>
         <wf lemma="rotte" pos="X">rotte</wf>
         <wf lemma="parallele" pos="X">parallele</wf>
         <wf lemma="equidistanti" pos="X">equidistanti</wf>
         <wf lemma="con" pos="X">con</wf>
         <wf lemma="passo" pos="X">passo</wf>
         <wf lemma="unitario" pos="X">unitario</wf>
         <wf lemma="di" pos="X">di</wf>
         <wf lemma="100" pos="X">100</wf>
         <wf lemma="metri" pos="X">metri</wf>
         <wf lemma="o" pos="X">o</wf>
         <wf lemma="inferiore" pos="X">inferiore</wf>
         <wf lemma="," pos="X">,</wf>
         <wf lemma="e" pos="X">e</wf>
         <wf lemma="copertura" pos="X">copertura</wf>
         <wf lemma="laterale" pos="X">laterale</wf>
         <wf lemma="di" pos="X">di</wf>
         <wf lemma="75" pos="X">75</wf>
         <wf lemma="metri" pos="X">metri</wf>
         <wf lemma="," pos="X">,</wf>
         <wf lemma="in" pos="X">in</wf>
         <wf lemma="modo" pos="X">modo</wf>
         <wf lemma="da" pos="X">da</wf>
         <wf lemma="garantire" pos="X">garantire</wf>
         <wf lemma="la" pos="X">la</wf>
         <wf lemma="totale" pos="X">totale</wf>
         <wf lemma="copertura" pos="X">copertura</wf>
         <wf lemma="dell'" pos="X">dell'</wf>
         <wf lemma="area" pos="X">area</wf>
         <wf lemma="con" pos="X">con</wf>
         <wf lemma="sovrapposizione" pos="X">sovrapposizione</wf>
         <wf lemma="(" pos="X">(</wf>
         <wf lemma="overlapping" pos="X">overlapping</wf>
         <wf lemma=")" pos="X">)</wf>
         <wf lemma="del" pos="X">del</wf>
         <wf lemma="20" pos="X">20</wf>
         <wf lemma="%" pos="X">%</wf>
         <wf lemma="." pos="X">.</wf>
      </sentence>
      <sentence id="d000.s373" source="semeval2015-it">
         <wf pos="X">I</wf>
         <wf lemma="principale" pos="ADJ">principali</wf>
         <wf lemma="oratore" pos="NOUN">oratori</wf>
         <wf pos="X">in</wf>
         <wf lemma="occasione" pos="NOUN">occasione</wf>
         <wf pos="X">della</wf>
         <wf lemma="conferenza" pos="NOUN">conferenza</wf>
         <wf pos="X">sull'</wf>
         <instance id="d000.s373.t000" lemma="esclusione_sociale" pos="NOUN">esclusione_sociale</instance>
         <wf pos="X">(</wf>
         <wf pos="X">da</wf>
         <wf lemma="sinistra" pos="NOUN">sinistra</wf>
         <wf pos="X">a</wf>
         <wf lemma="destra" pos="NOUN">destra</wf>
         <wf pos="X">)</wf>
         <wf pos="X">:</wf>
         <wf lemma="cristina" pos="NOUN">Cristina</wf>
         <wf lemma="louro" pos="NOUN">louro</wf>
         <wf pos="X">,</wf>
         <wf lemma="direzione" pos="NOUN">Direzione</wf>
         <wf lemma="generale" pos="ADJ">generale</wf>
         <wf pos="X">per</wf>
         <wf pos="X">l'</wf>
         <wf lemma="occupazione" pos="NOUN">Occupazione</wf>
         <wf pos="X">,</wf>
         <wf pos="X">le</wf>
         <wf lemma="relazione_industriale" pos="NOUN">relazioni_industriali</wf>
         <wf pos="X">e</wf>
         <wf pos="X">gli</wf>
         <wf lemma="affare_sociale" pos="NOUN">affari_sociali</wf>
         <wf pos="X">,</wf>
         <wf lemma="commissione" pos="NOUN">Commissione</wf>
         <wf lemma="europeo" pos="ADJ">europea</wf>
         <wf lemma="fernando" pos="NOUN">Fernando</wf>
         <wf lemma="gomes" pos="NOUN">Gomes</wf>
         <wf pos="X">,</wf>
         <wf lemma="comitato" pos="NOUN">Comitato</wf>
         <wf pos="X">delle</wf>
         <wf lemma="regione" pos="NOUN">regioni</wf>
         <wf lemma="barbaro" pos="NOUN">Barbara</wf>
         <wf lemma="weiler" pos="NOUN">Weiler</wf>
         <wf pos="X">,</wf>
         <wf lemma="deputato" pos="NOUN">deputato</wf>
         <wf pos="X">al</wf>
         <wf lemma="parlamento" pos="NOUN">Parlamento</wf>
         <wf lemma="europeo" pos="ADJ">europeo</wf>
         <wf lemma="josé_maría_gil-robles_gil-delgado" pos="NOUN">José_María_Gil-Robles_Gil-Delgado</wf>
         <wf pos="X">,</wf>
         <wf lemma="vicepresidente" pos="NOUN">vicepresidente</wf>
         <wf pos="X">del</wf>
         <wf lemma="parlamento" pos="NOUN">Parlamento</wf>
         <wf lemma="europeo" pos="ADJ">europeo</wf>
         <wf lemma="john" pos="NOUN">John</wf>
         <wf lemma="cairoti" pos="NOUN">Cairoti</wf>
         <wf pos="X">,</wf>
         <wf lemma="comitato" pos="NOUN">Comitato</wf>
         <wf lemma="economico" pos="ADJ">economico</wf>
         <wf pos="X">e</wf>
         <wf lemma="sociale" pos="ADJ">sociale</wf>
         <wf pos="X">.</wf>
      </sentence>
      <sentence id="d000.s374" source="semeval2010-it">
         <wf lemma="I" pos="X">I</wf>
         <wf lemma="boschi" pos="X">boschi</wf>
         <wf lemma="mediterranei" pos="X">mediterranei</wf>
         <wf lemma="," pos="X">,</wf>
         <wf lemma="i" pos="X">i</wf>
         <instance id="d000.s374.t000" lemma="deserto" pos="NOUN">deserti</instance>
         <wf lemma="e" pos="X">e</wf>
         <wf lemma="le" pos="X">le</wf>
         <wf lemma="macchie" pos="X">macchie</wf>
         <wf lemma="seriche" pos="X">seriche</wf>
         <wf lemma="," pos="X">,</wf>
         <wf lemma="le" pos="X">le</wf>
         <wf lemma="foreste" pos="X">foreste</wf>
         <wf lemma="latifoglie" pos="X">latifoglie</wf>
         <wf lemma="temperate" pos="X">temperate</wf>
         <wf lemma="," pos="X">,</wf>
         <wf lemma="i" pos="X">i</wf>
         <wf lemma="biomi" pos="X">biomi</wf>
         <wf lemma="delle" pos="X">delle</wf>
         <wf lemma="praterie" pos="X">praterie</wf>
         <wf lemma="temperate" pos="X">temperate</wf>
         <wf lemma="e" pos="X">e</wf>
         <wf lemma="inondate" pos="X">inondate</wf>
         <wf lemma="e" pos="X">e</wf>
         <wf lemma="le" pos="X">le</wf>
         <instance id="d000.s374.t001" lemma="montagna" pos="NOUN">montagne</instance>
         <wf lemma="sono" pos="X">sono</wf>
         <wf lemma="stati" pos="X">stati</wf>
         <wf lemma="tutti" pos="X">tutti</wf>
         <wf lemma="distrutti" pos="X">distrutti</wf>
         <wf lemma="per" pos="X">per</wf>
         <wf lemma="più" pos="X">più</wf>
         <wf lemma="del" pos="X">del</wf>
         <wf lemma="70%" pos="X">70%</wf>
         <wf lemma="(" pos="X">(</wf>
         <wf lemma="a" pos="X">a</wf>
         <wf lemma="causa" pos="X">causa</wf>
         <wf lemma="del" pos="X">del</wf>
         <wf lemma="prelievo" pos="X">prelievo</wf>
         <wf lemma=")" pos="X">)</wf>
         <wf lemma="dei" pos="X">dei</wf>
         <wf lemma="loro" pos="X">loro</wf>
         <wf lemma="sistemi" pos="X">sistemi</wf>
         <wf lemma="fluviali" pos="X">fluviali</wf>
         <wf lemma="," pos="X">,</wf>
         <wf lemma="principalmente" pos="X">principalmente</wf>
         <wf lemma="a" pos="X">a</wf>
         <wf lemma="causa" pos="X">causa</wf>
         <wf lemma="dell'" pos="X">dell'</wf>
         <instance id="d000.s374.t002" lemma="irrigazione" pos="NOUN">irrigazione</instance>
         <wf lemma="(" pos="X">(</wf>
         <wf lemma="Figura" pos="X">Figura</wf>
         <wf lemma="14" pos="X">14</wf>
         <wf lemma=")" pos="X">)</wf>
         <wf lemma="." pos="X">.</wf>
      </sentence>
      <sentence id="d000.s375" source="semeval2015-it">
         <wf lemma="alimta" pos="NOUN">Alimta</wf>
         <wf lemma="essere" pos="VERB">è</wf>
         <instance id="d000.s375.t000" lemma="usare" pos="VERB">usato</instance>
         <wf pos="X">in</wf>
         <instance id="d000.s375.t001" lemma="associazione" pos="NOUN">associazione</instance>
         <wf pos="X">con</wf>
         <wf lemma="cisplatino" pos="NOUN">cisplatino</wf>
         <wf pos="X">in</wf>
         <instance id="d000.s375.t002" lemma="paziente" pos="NOUN">pazienti</instance>
         <wf pos="X">non</wf>
         <instance id="d000.s375.t003" lemma="trattare" pos="VERB">trattati</instance>
         <wf pos="X">in</wf>
         <instance id="d000.s375.t004" lemma="passato" pos="NOUN">passato</instance>
         <wf pos="X">e</wf>
         <wf pos="X">da</wf>
         <instance id="d000.s375.t005" lemma="solo" pos="ADV">solo</instance>
         <wf pos="X">in</wf>
         <instance id="d000.s375.t006" lemma="paziente" pos="NOUN">pazienti</instance>
         <wf pos="X">che</wf>
         <wf pos="X">in</wf>
         <instance id="d000.s375.t007" lemma="passato" pos="NOUN">passato</instance>
         <wf lemma="essere" pos="VERB">sono</wf>
         <wf lemma="essere" pos="VERB">stati</wf>
         <wf lemma="sottoporre" pos="VERB">sottoposti</wf>
         <wf pos="X">ad</wf>
         <wf pos="X">un</wf>
         <instance id="d000.s375.t008" lemma="altro" pos="ADJ">altro</instance>
         <instance id="d000.s375.t009" lemma="tipo" pos="NOUN">tipo</instance>
         <wf pos="X">di</wf>
         <instance id="d000.s375.t010" lemma="chemioterapia" pos="NOUN">chemioterapia</instance>
         <wf pos="X">.</wf>
      </sentence>
      <sentence id="d000.s376" source="semeval2013-it">
         <wf lemma="questo" pos="X">Questo</wf>
         <wf lemma="essere" pos="VERB">è</wf>
         <wf lemma="più" pos="ADV">più</wf>
         <wf lemma="scarso" pos="ADJ">scarso</wf>
         <wf lemma="in" pos="X">in</wf>
         <instance id="d000.s376.t000" lemma="messico" pos="NOUN">Messico</instance>
         <wf lemma="e" pos="X">e</wf>
         <wf lemma="in" pos="X">in</wf>
         <wf lemma="america_centrale" pos="NOUN">Centrale</wf>
         <wf lemma="," pos="X">,</wf>
         <wf lemma="dove" pos="X">dove</wf>
         <wf lemma="il" pos="X">la</wf>
         <instance id="d000.s376.t001" lemma="recessione" pos="NOUN">recessione</instance>
         <wf lemma="essere" pos="VERB">è</wf>
         <wf lemma="essere|stare" pos="VERB">stata</wf>
         <wf lemma="più" pos="ADV">più</wf>
         <wf lemma="grave" pos="ADJ">grave</wf>
         <wf lemma="e" pos="X">e</wf>
         <wf lemma="il" pos="X">il</wf>
         <instance id="d000.s376.t002" lemma="crimine" pos="NOUN">crimine</instance>
         <wf lemma="violento" pos="ADJ">violento</wf>
         <wf lemma="essere" pos="VERB">è</wf>
         <wf lemma="in" pos="X">in</wf>
         <instance id="d000.s376.t003" lemma="aumento" pos="NOUN">aumento</instance>
         <wf lemma="." pos="X">.</wf>
      </sentence>
      <sentence id="d000.s377" source="semeval2013-it">
         <wf lemma="Baskonia" pos="NOUN">Baskonia</wf>
         <wf lemma="regalare" pos="VERB">regala</wf>
         <wf lemma="una" pos="X">una</wf>
         <instance id="d000.s377.t000" lemma="vittoria" pos="NOUN">vittoria</instance>
         <wf lemma="in" pos="X">in</wf>
         <instance id="d000.s377.t001" lemma="Israele" pos="NOUN">Israele</instance>
      </sentence>
      <sentence id="d000.s378" source="semeval2010-it">
         <wf lemma="Le" pos="X">Le</wf>
         <wf lemma="foreste" pos="X">foreste</wf>
         <wf lemma="tropicali" pos="X">tropicali</wf>
         <wf lemma="dell'" pos="X">dell'</wf>
         <wf lemma="Asia" pos="X">Asia</wf>
         <wf lemma="sudorientale" pos="X">sudorientale</wf>
         <wf lemma="e" pos="X">e</wf>
         <wf lemma="parte" pos="X">parte</wf>
         <wf lemma="del" pos="X">del</wf>
         <wf lemma="reame" pos="X">reame</wf>
         <wf lemma="biogeografico" pos="X">biogeografico</wf>
         <wf lemma="indomalesiano" pos="X">indomalesiano</wf>
         <wf lemma="hanno" pos="X">hanno</wf>
         <wf lemma="subito" pos="X">subito</wf>
         <wf lemma="la" pos="X">la</wf>
         <instance id="d000.s378.t000" lemma="conversione" pos="NOUN">conversione</instance>
         <wf lemma="più" pos="X">più</wf>
         <wf lemma="veloce" pos="X">veloce</wf>
         <wf lemma="negli" pos="X">negli</wf>
         <wf lemma="ultimi" pos="X">ultimi</wf>
         <wf lemma="due" pos="X">due</wf>
         <wf lemma="decenni" pos="X">decenni</wf>
         <wf lemma="." pos="X">.</wf>
      </sentence>
      <sentence id="d000.s379" source="semeval2010-it">
         <wf lemma="Più" pos="X">Più</wf>
         <wf lemma="di" pos="X">di</wf>
         <wf lemma="un" pos="X">un</wf>
         <wf lemma="quarto" pos="X">quarto</wf>
         <wf lemma="delle" pos="X">delle</wf>
         <wf lemma="foreste" pos="X">foreste</wf>
         <wf lemma="di" pos="X">di</wf>
         <wf lemma="mangrovie" pos="X">mangrovie</wf>
         <wf lemma="in" pos="X">in</wf>
         <wf lemma="Asia" pos="X">Asia</wf>
         <wf lemma="sono" pos="X">sono</wf>
         <wf lemma="state" pos="X">state</wf>
         <wf lemma="distrutte" pos="X">distrutte</wf>
         <wf lemma="nella" pos="X">nella</wf>
         <instance id="d000.s379.t000" lemma="decade" pos="NOUN">decade</instance>
         <wf lemma="precedente" pos="X">precedente</wf>
         <wf lemma="al" pos="X">al</wf>
         <wf lemma="2000" pos="X">2000</wf>
         <wf lemma="." pos="X">.</wf>
      </sentence>
      <sentence id="d000.s380" source="semeval2013-it">
         <wf lemma="&quot;" pos="X">&quot;</wf>
         <wf lemma="questo" pos="X">Questo</wf>
         <wf lemma="lo" pos="X">lo</wf>
         <wf lemma="rendere" pos="VERB">rende</wf>
         <wf lemma="molto" pos="ADV">molto</wf>
         <wf lemma="particolare" pos="ADJ">particolare</wf>
         <wf lemma="," pos="X">,</wf>
         <wf lemma="anche" pos="ADV">anche</wf>
         <wf lemma="se" pos="X">se</wf>
         <wf lemma="non" pos="ADV">non</wf>
         <wf lemma="puo" pos="VERB">puo</wf>
         <wf lemma="'" pos="X">'</wf>
         <wf lemma="essere" pos="VERB">essere</wf>
         <wf lemma="del" pos="X">del</wf>
         <wf lemma="tutto" pos="ADV">tutto</wf>
         <wf lemma="considerare" pos="VERB">considerato</wf>
         <wf lemma="una" pos="X">una</wf>
         <wf lemma="reale" pos="ADJ">reale</wf>
         <wf lemma="forma" pos="NOUN">forma di vita</wf>
         <wf lemma="'" pos="X">'</wf>
         <wf lemma="alieno" pos="ADJ">aliena</wf>
         <wf lemma="'" pos="X">'</wf>
         <wf lemma="," pos="X">,</wf>
         <wf lemma="&quot;" pos="X">&quot;</wf>
         <wf lemma="avere" pos="VERB">ha</wf>
         <wf lemma="commentare" pos="VERB">commentato</wf>
         <wf lemma="paul_davies" pos="NOUN">Paul_Davies</wf>
         <wf lemma="del" pos="X">dell'</wf>
         <wf lemma="arizona_state_university" pos="NOUN">Arizona_State_University</wf>
         <wf lemma="," pos="X">,</wf>
         <wf lemma="co-autore" pos="NOUN">co-autore</wf>
         <wf lemma="del" pos="X">del</wf>
         <wf lemma="rapporto" pos="NOUN">rapporto</wf>
         <wf lemma="pubblicare" pos="VERB">pubblicato</wf>
         <instance id="d000.s380.t000" lemma="giovedì" pos="NOUN">giovedì</instance>
         <wf lemma="nell" pos="NOUN">nell</wf>
         <wf lemma="'" pos="X">'</wf>
         <instance id="d000.s380.t001" lemma="edizione" pos="NOUN">edizione</instance>
         <wf lemma="online" pos="ADJ">online</wf>
         <wf lemma="del" pos="X">della</wf>
         <instance id="d000.s380.t002" lemma="rivista" pos="NOUN">rivista</instance>
         <wf lemma="science" pos="NOUN">Science</wf>
         <wf lemma="." pos="X">.</wf>
      </sentence>
      <sentence id="d000.s381" source="semeval2013-it">
         <wf lemma="il" pos="X">Lo</wf>
         <wf lemma="studio" pos="NOUN">studio</wf>
         <wf lemma="si" pos="X">si</wf>
         <wf lemma="concentrare" pos="VERB">concentra</wf>
         <wf lemma="su" pos="X">su</wf>
         <wf lemma="un" pos="X">un</wf>
         <instance id="d000.s381.t000" lemma="microbo" pos="NOUN">microbo</instance>
         <wf lemma="trovare" pos="VERB">trovato</wf>
         <wf lemma="sul" pos="X">sulla</wf>
         <instance id="d000.s381.t001" lemma="terra" pos="NOUN">Terra</instance>
         <wf lemma="." pos="X">.</wf>
      </sentence>
      <sentence id="d000.s382" source="semeval2015-it">
         <wf pos="X">In</wf>
         <instance id="d000.s382.t000" lemma="terzo" pos="ADJ">terzo</instance>
         <wf lemma="luogo" pos="NOUN">luogo</wf>
         <wf pos="X">,</wf>
         <wf pos="X">il</wf>
         <instance id="d000.s382.t001" lemma="progetto" pos="NOUN">progetto</instance>
         <instance id="d000.s382.t002" lemma="documentare" pos="VERB">documenta</instance>
         <wf pos="X">e</wf>
         <instance id="d000.s382.t003" lemma="valutare" pos="VERB">valuta</instance>
         <instance id="d000.s382.t004" lemma="iniziativa" pos="NOUN">iniziative</instance>
         <wf pos="X">,</wf>
         <instance id="d000.s382.t005" lemma="pubblico" pos="ADJ">pubbliche</instance>
         <wf pos="X">e</wf>
         <instance id="d000.s382.t006" lemma="privato" pos="ADJ">private</instance>
         <wf pos="X">,</wf>
         <wf lemma="volta" pos="NOUN">volte</wf>
         <wf pos="X">a</wf>
         <wf lemma="lottare" pos="VERB">lottare</wf>
         <wf pos="X">contro</wf>
         <wf pos="X">le</wf>
         <instance id="d000.s382.t007" lemma="barriera" pos="NOUN">barriere</instance>
         <instance id="d000.s382.t008" lemma="legare" pos="VERB">legate</instance>
         <wf pos="X">all'</wf>
         <instance id="d000.s382.t009" lemma="età" pos="NOUN">età</instance>
         <wf pos="X">,</wf>
         <instance id="d000.s382.t010" lemma="specialmente" pos="ADV">specialmente</instance>
         <wf pos="X">a</wf>
         <instance id="d000.s382.t011" lemma="favore" pos="NOUN">favore</instance>
         <wf pos="X">dei</wf>
         <instance id="d000.s382.t012" lemma="lavoratore" pos="NOUN">lavoratori</instance>
         <instance id="d000.s382.t013" lemma="anziano" pos="ADJ">anziani</instance>
         <wf pos="X">.</wf>
      </sentence>
      <sentence id="d000.s383" source="semeval2015-it">
         <wf pos="X">Come</wf>
         <instance id="d000.s383.t000" lemma="agire" pos="VERB">agisce</instance>
         <wf lemma="cerenia" pos="NOUN">Cerenia</wf>
         <wf pos="X">?</wf>
      </sentence>
      <sentence id="d000.s384" source="semeval2013-it">
         <wf lemma="Giovanni" pos="NOUN">Giovanni</wf>
         <wf lemma="pero" pos="NOUN">Peri</wf>
         <wf lemma="avere" pos="VERB">ha</wf>
         <wf lemma="calcolare" pos="VERB">calcolato</wf>
         <wf lemma="che" pos="X">che</wf>
         <wf lemma="un" pos="X">un</wf>
         <instance id="d000.s384.t000" lemma="aumento" pos="NOUN">aumento</instance>
         <wf lemma="dell" pos="X">dell</wf>
         <wf lemma="'" pos="X">'</wf>
         <wf lemma="@card@" pos="NOUN">1</wf>
         <wf lemma="%" pos="X">%</wf>
         <wf lemma="del" pos="X">del</wf>
         <wf lemma="flusso" pos="NOUN">flusso</wf>
         <wf lemma="migratorio" pos="ADJ">migratorio</wf>
         <wf lemma="provocare" pos="VERB">provoca</wf>
         <wf lemma="un" pos="X">un</wf>
         <instance id="d000.s384.t001" lemma="aumento" pos="NOUN">aumento</instance>
         <wf lemma="a" pos="X">a</wf>
         <wf lemma="lungo_termine" pos="NOUN">lungo termine</wf>
         <wf lemma="comprendere" pos="VERB">compreso</wf>
         <wf lemma="tra" pos="X">tra</wf>
         <wf lemma="@card@" pos="NOUN">0,6</wf>
         <wf lemma="e" pos="X">e</wf>
         <wf lemma="@card@" pos="NOUN">0,9</wf>
         <wf lemma="%" pos="X">%</wf>
         <wf lemma="nel" pos="X">nella</wf>
         <instance id="d000.s384.t002" lemma="retribuzione" pos="NOUN">retribuzione</instance>
         <wf lemma="reale" pos="ADJ">reale</wf>
         <wf lemma="." pos="X">.</wf>
      </sentence>
      <sentence id="d000.s385" source="semeval2013-it">
         <wf lemma="sette" pos="ADJ">Sette</wf>
         <instance id="d000.s385.t000" lemma="compagnia" pos="NOUN">compagnie</instance>
         <wf lemma="americano" pos="ADJ">americane</wf>
         <wf lemma="avere" pos="VERB">hanno</wf>
         <wf lemma="pagare" pos="VERB">pagato</wf>
         <wf lemma="per" pos="X">per</wf>
         <wf lemma="partecipare" pos="VERB">partecipare</wf>
         <wf lemma="al" pos="X">alla</wf>
         <wf lemma="secondo" pos="ADJ">seconda</wf>
         <instance id="d000.s385.t001" lemma="asta" pos="NOUN">asta</instance>
         <wf lemma="che" pos="X">che</wf>
         <wf lemma="essere" pos="VERB">è</wf>
         <wf lemma="cominciare" pos="VERB">cominciata</wf>
         <instance id="d000.s385.t002" lemma="venerdì" pos="NOUN">Venerdì</instance>
         <wf lemma="." pos="X">.</wf>
      </sentence>
      <sentence id="d000.s386" source="semeval2013-it">
         <wf lemma="il" pos="X">La</wf>
         <wf lemma="partita" pos="NOUN">partita</wf>
         <wf lemma="essere" pos="VERB">è</wf>
         <wf lemma="cominciare" pos="VERB">cominciata</wf>
         <wf lemma="in" pos="X">in</wf>
         <wf lemma="favore" pos="NOUN">favore</wf>
         <wf lemma="del" pos="X">degli</wf>
         <wf lemma="Azulgranas" pos="NOUN">Azulgranas</wf>
         <wf lemma="," pos="X">,</wf>
         <wf lemma="che" pos="X">che</wf>
         <wf lemma="si" pos="X">si</wf>
         <wf lemma="mettere" pos="VERB">mettono</wf>
         <wf lemma="in" pos="X">in</wf>
         <instance id="d000.s386.t000" lemma="vantaggio" pos="NOUN">vantaggio</instance>
         <wf lemma="sul" pos="X">sul</wf>
         <wf lemma="tabellone" pos="NOUN">tabellone</wf>
         <wf lemma="dal" pos="X">dall'</wf>
         <instance id="d000.s386.t001" lemma="inizio" pos="NOUN">inizio</instance>
         <wf lemma="." pos="X">.</wf>
      </sentence>
      <sentence id="d000.s387" source="semeval2015-it">
         <wf pos="X">Per</wf>
         <wf pos="X">il</wf>
         <instance id="d000.s387.t000" lemma="trattamento" pos="NOUN">trattamento</instance>
         <wf pos="X">del</wf>
         <instance id="d000.s387.t001" lemma="carcinoma" pos="NOUN">carcinoma</instance>
         <instance id="d000.s387.t002" lemma="polmonare" pos="ADJ">polmonare</instance>
         <wf pos="X">non</wf>
         <wf pos="X">a</wf>
         <instance id="d000.s387.t003" lemma="piccolo" pos="ADJ">piccole</instance>
         <instance id="d000.s387.t004" lemma="cellula" pos="NOUN">cellule</instance>
         <wf pos="X">,</wf>
         <wf pos="X">gli</wf>
         <instance id="d000.s387.t005" lemma="effetto" pos="NOUN">effetti</instance>
         <wf pos="X">di</wf>
         <wf lemma="alimta" pos="NOUN">Alimta</wf>
         <wf lemma="essere" pos="VERB">sono</wf>
         <wf lemma="essere" pos="VERB">stati</wf>
         <instance id="d000.s387.t006" lemma="confrontare" pos="VERB">confrontati</instance>
         <wf pos="X">con</wf>
         <wf pos="X">quelli</wf>
         <wf pos="X">di</wf>
         <wf lemma="docetaxel" pos="NOUN">docetaxel</wf>
         <wf pos="X">(</wf>
         <wf pos="X">un</wf>
         <instance id="d000.s387.t007" lemma="altro" pos="ADJ">altro</instance>
         <instance id="d000.s387.t008" lemma="farmaco" pos="NOUN">farmaco</instance>
         <wf lemma="antitumorale" pos="ADJ">antitumorale</wf>
         <wf pos="X">)</wf>
         <wf pos="X">in</wf>
         <wf pos="X">uno</wf>
         <wf lemma="studio" pos="NOUN">studio</wf>
         <instance id="d000.s387.t009" lemma="condurre" pos="VERB">condotto</instance>
         <wf pos="X">su</wf>
         <wf pos="X">571</wf>
         <instance id="d000.s387.t010" lemma="paziente" pos="NOUN">pazienti</instance>
         <wf pos="X">con</wf>
         <instance id="d000.s387.t011" lemma="tumore" pos="NOUN">tumore</instance>
         <wf pos="X">in</wf>
         <instance id="d000.s387.t012" lemma="fase" pos="NOUN">fase</instance>
         <instance id="d000.s387.t013" lemma="avanzato" pos="ADJ">avanzata</instance>
         <wf pos="X">o</wf>
         <instance id="d000.s387.t014" lemma="metastatico" pos="ADJ">metastatica</instance>
         <wf pos="X">,</wf>
         <wf pos="X">già</wf>
         <wf lemma="sottoporre" pos="VERB">sottoposti</wf>
         <wf pos="X">in</wf>
         <instance id="d000.s387.t015" lemma="precedenza" pos="NOUN">precedenza</instance>
         <wf pos="X">a</wf>
         <instance id="d000.s387.t016" lemma="chemioterapia" pos="NOUN">chemioterapia</instance>
         <wf pos="X">.</wf>
      </sentence>
      <sentence id="d000.s388" source="semeval2013-it">
         <wf lemma="il" pos="X">La</wf>
         <instance id="d000.s388.t000" lemma="conferenza" pos="NOUN">conferenza</instance>
         <wf lemma="sul" pos="X">sul</wf>
         <instance id="d000.s388.t001" lemma="clima" pos="NOUN">clima</instance>
         <wf lemma="sponsorizzare" pos="VERB">sponsorizzata</wf>
         <wf lemma="dal" pos="X">dalle</wf>
         <instance id="d000.s388.t002" lemma="nazioni_unite" pos="NOUN">Nazioni_Unite</instance>
         <wf lemma="--" pos="NOUN">--</wf>
         <wf lemma="finora" pos="ADV">finora</wf>
         <wf lemma="caratterizzare" pos="VERB">caratterizzata</wf>
         <wf lemma="da" pos="X">da</wf>
         <instance id="d000.s388.t003" lemma="atteggiamento" pos="NOUN">atteggiamenti</instance>
         <wf lemma="ribelle" pos="ADJ">ribelli</wf>
         <wf lemma="e" pos="X">e</wf>
         <wf lemma="mutuo" pos="ADJ">mutue</wf>
         <wf lemma="ritorsione" pos="NOUN">ritorsioni</wf>
         <wf lemma="--" pos="NOUN">--</wf>
         <wf lemma="il" pos="X">lo</wf>
         <wf lemma="scorso" pos="ADJ">scorso</wf>
         <instance id="d000.s388.t004" lemma="venerdì" pos="NOUN">Venerdì</instance>
         <wf lemma="avere" pos="VERB">ha</wf>
         <wf lemma="riportare" pos="VERB">riportato</wf>
         <wf lemma="il" pos="X">l'</wf>
         <instance id="d000.s388.t005" lemma="attenzione" pos="NOUN">attenzione</instance>
         <wf lemma="sul" pos="X">sul</wf>
         <instance id="d000.s388.t006" lemma="tema" pos="NOUN">tema</instance>
         <wf lemma="," pos="X">,</wf>
         <wf lemma="con" pos="X">con</wf>
         <wf lemma="il" pos="X">il</wf>
         <wf lemma="rilascio" pos="NOUN">rilascio</wf>
         <wf lemma="di" pos="X">di</wf>
         <wf lemma="un" pos="X">un</wf>
         <instance id="d000.s388.t007" lemma="documento" pos="NOUN">documento</instance>
         <wf lemma="che" pos="X">che</wf>
         <wf lemma="delineare" pos="VERB">delinea</wf>
         <wf lemma="ambizioso" pos="ADJ">ambiziose</wf>
         <instance id="d000.s388.t008" lemma="riduzione" pos="NOUN">riduzioni</instance>
         <wf lemma="del" pos="X">dei</wf>
         <instance id="d000.s388.t009" lemma="gas-serra" pos="NOUN">gas-serra</instance>
         <wf lemma="nel" pos="X">nei</wf>
         <wf lemma="prossimo" pos="ADJ">prossimi</wf>
         <wf lemma="@card@" pos="NOUN">40</wf>
         <instance id="d000.s388.t010" lemma="anno" pos="NOUN">anni</instance>
         <wf lemma="," pos="X">,</wf>
         <wf lemma="mentre" pos="X">mentre</wf>
         <wf lemma="il" pos="X">le</wf>
         <wf lemma="nazione_industrializzata" pos="NOUN">nazioni_industrializzate</wf>
         <wf lemma="si" pos="X">si</wf>
         <wf lemma="fare" pos="VERB">fanno</wf>
         <wf lemma="carico" pos="NOUN">carico</wf>
         <wf lemma="del" pos="NOUN">della</wf>
         <instance id="d000.s388.t011" lemma="maggior_parte" pos="NOUN">maggior_parte</instance>
         <wf lemma="del" pos="X">delle</wf>
         <wf lemma="’" pos="X">’</wf>
         <instance id="d000.s388.t012" lemma="onere" pos="NOUN">onere</instance>
         <wf lemma="nel" pos="X">nel</wf>
         <instance id="d000.s388.t013" lemma="breve_termine" pos="NOUN">breve_termine</instance>
         <wf lemma="." pos="X">.</wf>
      </sentence>
      <sentence id="d000.s389" source="semeval2015-it">
         <instance id="d000.s389.t000" lemma="ricercare" pos="VERB">Ricercando</instance>
         <instance id="d000.s389.t001" lemma="alternativa" pos="NOUN">alternative</instance>
         <wf pos="X">al</wf>
         <wf lemma="prepensionamento" pos="NOUN">prepensionamento</wf>
         <wf pos="X">e</wf>
         <wf pos="X">al</wf>
         <instance id="d000.s389.t002" lemma="licenziamento" pos="NOUN">licenziamento</instance>
         <wf pos="X">,</wf>
         <wf pos="X">il</wf>
         <instance id="d000.s389.t003" lemma="progetto" pos="NOUN">progetto</instance>
         <wf pos="X">si</wf>
         <wf lemma="interessare" pos="VERB">interessa</wf>
         <instance id="d000.s389.t004" lemma="principalmente" pos="ADV">principalmente</instance>
         <wf pos="X">al</wf>
         <instance id="d000.s389.t005" lemma="mantenimento" pos="NOUN">mantenimento</instance>
         <wf pos="X">,</wf>
         <wf pos="X">alla</wf>
         <instance id="d000.s389.t006" lemma="reintegrazione" pos="NOUN">reintegrazione</instance>
         <wf pos="X">e</wf>
         <wf pos="X">alla</wf>
         <instance id="d000.s389.t007" lemma="riqualificazione" pos="NOUN">riqualificazione</instance>
         <wf pos="X">dei</wf>
         <instance id="d000.s389.t008" lemma="lavoratore" pos="NOUN">lavoratori</instance>
         <instance id="d000.s389.t009" lemma="anziano" pos="ADJ">anziani</instance>
         <wf pos="X">.</wf>
      </sentence>
      <sentence id="d000.s390" source="semeval2013-it">
         <wf lemma="&quot;" pos="X">&quot;</wf>
         <wf lemma="essere" pos="VERB">Siamo</wf>
         <wf lemma="felice" pos="ADJ">felici</wf>
         <wf lemma="di" pos="X">di</wf>
         <wf lemma="avere" pos="VERB">aver</wf>
         <wf lemma="risolvere" pos="VERB">risolto</wf>
         <wf lemma="il" pos="X">il</wf>
         <instance id="d000.s390.t000" lemma="problema" pos="NOUN">problema</instance>
         <wf lemma="senza" pos="X">senza</wf>
         <wf lemma="che" pos="X">che</wf>
         <wf lemma="il" pos="X">le</wf>
         <instance id="d000.s390.t001" lemma="parte" pos="NOUN">parti</instance>
         <wf lemma="andare" pos="VERB">vadano</wf>
         <wf lemma="in" pos="X">in</wf>
         <instance id="d000.s390.t002" lemma="tribunale" pos="NOUN">tribunale</instance>
         <wf lemma="&quot;" pos="X">&quot;</wf>
         <wf lemma="," pos="X">,</wf>
         <wf lemma="avere" pos="VERB">ha</wf>
         <wf lemma="dire" pos="VERB">detto</wf>
         <wf lemma="un" pos="X">un</wf>
         <instance id="d000.s390.t003" lemma="portavoce" pos="NOUN">portavoce</instance>
         <wf lemma="del" pos="X">della</wf>
         <wf lemma="deutsche_bank" pos="NOUN">Deutsche_Bank</wf>
         <wf lemma="a" pos="X">a</wf>
         <instance id="d000.s390.t004" lemma="new_york" pos="NOUN">New_York</instance>
         <wf lemma="." pos="X">.</wf>
      </sentence>
      <sentence id="d000.s391" source="semeval2010-it">
         <wf lemma="e" pos="X">e</wf>
         <wf lemma="Asiatico" pos="X">Asiatico</wf>
         <wf lemma="sudorientale" pos="X">sudorientale</wf>
         <wf lemma="sono" pos="X">sono</wf>
         <wf lemma="diminuite" pos="X">diminuite</wf>
         <wf lemma="in" pos="X">in</wf>
         <wf lemma="media" pos="X">media</wf>
         <wf lemma="di" pos="X">di</wf>
         <wf lemma="più" pos="X">più</wf>
         <wf lemma="della" pos="X">della</wf>
         <instance id="d000.s391.t000" lemma="metà" pos="NOUN">metà</instance>
         <wf lemma="tra" pos="X">tra</wf>
         <wf lemma="il" pos="X">il</wf>
         <wf lemma="1970" pos="X">1970</wf>
         <wf lemma="e" pos="X">e</wf>
         <wf lemma="il" pos="X">il</wf>
         <wf lemma="2000" pos="X">2000</wf>
         <wf lemma="," pos="X">,</wf>
         <wf lemma="mentre" pos="X">mentre</wf>
         <wf lemma="quelle" pos="X">quelle</wf>
         <wf lemma="dell'" pos="X">dell'</wf>
         <wf lemma="Oceano" pos="X">Oceano</wf>
         <wf lemma="Pacifico" pos="X">Pacifico</wf>
      </sentence>
      <sentence id="d000.s392" source="semeval2015-it">
         <wf lemma="avere" pos="VERB">Ho</wf>
         <wf lemma="basare" pos="VERB">basato</wf>
         <wf pos="X">la</wf>
         <wf lemma="sintassi" pos="NOUN">sintassi</wf>
         <wf lemma="praticamente" pos="ADV">praticamente</wf>
         <wf pos="X">sul</wf>
         <instance id="d000.s392.t000" lemma="senso_comune" pos="NOUN">senso_comune</instance>
         <wf pos="X">,</wf>
         <wf pos="X">e</wf>
         <wf pos="X">non</wf>
         <wf lemma="dovere" pos="VERB">dovrebbe</wf>
         <wf lemma="essere" pos="VERB">essere</wf>
         <wf lemma="difficile" pos="ADJ">difficile</wf>
         <wf pos="X">.</wf>
      </sentence>
      <sentence id="d000.s393" source="semeval2010-it">
         <wf lemma="Grado" pos="X">Grado</wf>
         <wf lemma="che" pos="X">che</wf>
         <wf lemma="ha" pos="X">ha</wf>
         <wf lemma="fornito" pos="X">fornito</wf>
         <wf lemma="circa" pos="X">circa</wf>
         <wf lemma="250" pos="X">250</wf>
         <wf lemma="segnalazioni" pos="X">segnalazioni</wf>
         <wf lemma="di" pos="X">di</wf>
         <instance id="d000.s393.t000" lemma="affioramento" pos="NOUN">affioramenti</instance>
         <wf lemma="rocciosi" pos="X">rocciosi</wf>
         <wf lemma="," pos="X">,</wf>
         <wf lemma="determinate" pos="X">determinate</wf>
         <wf lemma="con" pos="X">con</wf>
         <wf lemma="rilevamenti" pos="X">rilevamenti</wf>
      </sentence>
      <sentence id="d000.s394" source="semeval2013-it">
         <wf lemma="il" pos="X">La</wf>
         <instance id="d000.s394.t000" lemma="squadra" pos="NOUN">squadra</instance>
         <wf lemma="del" pos="X">del</wf>
         <wf lemma="Vitoria" pos="NOUN">Vitoria</wf>
         <wf lemma="sapere" pos="VERB">sapeva</wf>
         <wf lemma="di" pos="X">di</wf>
         <wf lemma="rimediare" pos="VERB">rimediare</wf>
         <wf lemma="al" pos="X">alle</wf>
         <instance id="d000.s394.t001" lemma="assenza" pos="NOUN">assenze</instance>
         <wf lemma="significativo" pos="ADJ">significative</wf>
         <wf lemma="di" pos="X">di</wf>
         <wf lemma="Herrmann" pos="NOUN">Herrmann</wf>
         <wf lemma="," pos="X">,</wf>
         <wf lemma="Oleson" pos="NOUN">Oleson</wf>
         <wf lemma="," pos="X">,</wf>
         <wf lemma="Huertas" pos="NOUN">Huertas</wf>
         <wf lemma="e" pos="X">e</wf>
         <wf lemma="Micov" pos="NOUN">Micov</wf>
         <wf lemma="con" pos="X">con</wf>
         <wf lemma="una" pos="X">una</wf>
         <instance id="d000.s394.t002" lemma="dose" pos="NOUN">dose</instance>
         <wf lemma="massiccio" pos="ADJ">massiccia</wf>
         <wf lemma="di" pos="X">di</wf>
         <instance id="d000.s394.t003" lemma="coinvolgimento" pos="NOUN">coinvolgimento</instance>
         <wf lemma="e" pos="X">e</wf>
         <instance id="d000.s394.t004" lemma="lavoro_di_squadra" pos="NOUN">lavoro_di_squadra</instance>
         <wf lemma="," pos="X">,</wf>
         <wf lemma="anche" pos="ADV">anche</wf>
         <wf lemma="se" pos="X">se</wf>
         <wf lemma="avere" pos="VERB">ha</wf>
         <wf lemma="dovere" pos="VERB">dovuto</wf>
         <wf lemma="resistere" pos="VERB">resistere</wf>
         <wf lemma="fino" pos="X">fino</wf>
         <wf lemma="al" pos="X">alla</wf>
         <instance id="d000.s394.t005" lemma="fine" pos="NOUN">fine</instance>
         <wf lemma="per" pos="X">per</wf>
         <wf lemma="aggiudicare" pos="VERB">aggiudicarsi</wf>
         <wf lemma="il" pos="X">la</wf>
         <instance id="d000.s394.t006" lemma="vittoria" pos="NOUN">vittoria</instance>
         <wf lemma="." pos="X">.</wf>
      </sentence>
      <sentence id="d000.s395" source="semeval2013-it">
         <wf lemma="&quot;" pos="X">&quot;</wf>
         <wf lemma="questo" pos="X">Questa</wf>
         <wf lemma="clamoroso" pos="ADJ">clamorosa</wf>
         <wf lemma="violazione" pos="NOUN">violazione</wf>
         <wf lemma="di" pos="X">di</wf>
         <instance id="d000.s395.t000" lemma="etica" pos="NOUN">etica</instance>
         <wf lemma="e" pos="X">e</wf>
         <wf lemma="indifferenza" pos="NOUN">indifferenza</wf>
         <wf lemma="per" pos="X">per</wf>
         <wf lemma="il" pos="X">il</wf>
         <instance id="d000.s395.t001" lemma="codice" pos="NOUN">codice</instance>
         <wf lemma="smentire" pos="VERB">smentisce</wf>
         <wf lemma="il" pos="X">le</wf>
         <instance id="d000.s395.t002" lemma="affermazione" pos="NOUN">affermazioni</instance>
         <wf lemma="di" pos="X">di</wf>
         <wf lemma="diverso" pos="ADJ">diversi</wf>
         <instance id="d000.s395.t003" lemma="giudice" pos="NOUN">giudici</instance>
         <wf lemma="che" pos="X">che</wf>
         <wf lemma="il" pos="X">la</wf>
         <wf lemma="corte_suprema" pos="NOUN">corte suprema</wf>
         <wf lemma="seguire" pos="VERB">segue</wf>
         <wf lemma="il" pos="X">le</wf>
         <wf lemma="stesso" pos="ADJ">stesse</wf>
         <instance id="d000.s395.t004" lemma="regola" pos="NOUN">regole</instance>
         <wf lemma="che" pos="X">che</wf>
         <wf lemma="si" pos="X">si</wf>
         <wf lemma="applicare" pos="VERB">applicano</wf>
         <wf lemma="a" pos="X">a</wf>
         <wf lemma="tutto" pos="X">tutti</wf>
         <wf lemma="il" pos="X">gli</wf>
         <wf lemma="altro" pos="ADJ">altri</wf>
         <instance id="d000.s395.t005" lemma="giudice" pos="NOUN">giudici</instance>
         <wf lemma="federale" pos="ADJ">federali</wf>
         <wf lemma="&quot;" pos="X">&quot;</wf>
         <wf lemma="," pos="X">,</wf>
         <wf lemma="avere" pos="VERB">ha</wf>
         <wf lemma="dire" pos="VERB">detto</wf>
         <wf lemma="bob" pos="NOUN">Bob</wf>
         <wf lemma="Edgar" pos="NOUN">Edgar</wf>
         <wf lemma="," pos="X">,</wf>
         <wf lemma="il" pos="X">il</wf>
         <instance id="d000.s395.t006" lemma="presidente" pos="NOUN">presidente</instance>
         <wf lemma="del" pos="X">della</wf>
         <wf lemma="Common" pos="NOUN">Common</wf>
         <wf lemma="causa" pos="NOUN">Cause</wf>
         <wf lemma="." pos="X">.</wf>
      </sentence>
      <sentence id="d000.s396" source="semeval2010-it">
         <wf lemma="Le" pos="X">Le</wf>
         <instance id="d000.s396.t000" lemma="informazione" pos="NOUN">informazioni</instance>
         <wf lemma="acquisite" pos="X">acquisite</wf>
         <wf lemma="verranno" pos="X">verranno</wf>
         <wf lemma="utilizzate" pos="X">utilizzate</wf>
         <wf lemma="per" pos="X">per</wf>
         <wf lemma="attuare" pos="X">attuare</wf>
         <wf lemma="una" pos="X">una</wf>
         <wf lemma="sintesi" pos="X">sintesi</wf>
         <wf lemma="delle" pos="X">delle</wf>
         <wf lemma="conoscenze" pos="X">conoscenze</wf>
         <wf lemma="e" pos="X">e</wf>
         <wf lemma="fornire" pos="X">fornire</wf>
         <wf lemma="un" pos="X">un</wf>
         <wf lemma="quadro" pos="X">quadro</wf>
         <wf lemma="generale" pos="X">generale</wf>
         <wf lemma="di" pos="X">di</wf>
         <wf lemma="questi" pos="X">questi</wf>
         <wf lemma="particolari" pos="X">particolari</wf>
         <instance id="d000.s396.t001" lemma="habitat" pos="NOUN">habitat</instance>
         <wf lemma="attraverso" pos="X">attraverso</wf>
         <wf lemma="la" pos="X">la</wf>
         <wf lemma="realizzazione" pos="X">realizzazione</wf>
         <wf lemma="di" pos="X">di</wf>
         <wf lemma="mappe" pos="X">mappe</wf>
         <wf lemma="tematiche" pos="X">tematiche</wf>
         <wf lemma="." pos="X">.</wf>
      </sentence>
      <sentence id="d000.s397" source="semeval2013-it">
         <wf lemma="il" pos="X">La</wf>
         <wf lemma="rappresentanza" pos="NOUN">rappresentanza</wf>
         <wf lemma="esiguo" pos="ADJ">esigua</wf>
         <wf lemma="del" pos="X">dei</wf>
         <wf lemma="gigante" pos="NOUN">giganti</wf>
         <wf lemma="petrolifero" pos="ADJ">petroliferi</wf>
         <wf lemma="americano" pos="ADJ">americani</wf>
         <wf lemma="nel" pos="X">nella</wf>
         <wf lemma="riaprire" pos="VERB">riaperta</wf>
         <instance id="d000.s397.t000" lemma="industria_petrolifera" pos="NOUN">industria_petrolifera</instance>
         <wf lemma="iracheno" pos="ADJ">irachena</wf>
         <wf lemma="avere" pos="VERB">ha</wf>
         <wf lemma="sorprendere" pos="VERB">sorpreso</wf>
         <wf lemma="il" pos="X">gli</wf>
         <instance id="d000.s397.t001" lemma="analista" pos="NOUN">analisti</instance>
         <wf lemma="." pos="X">.</wf>
      </sentence>
      <sentence id="d000.s398" source="semeval2013-it">
         <wf lemma="ma" pos="X">Ma</wf>
         <wf lemma="alcuno" pos="X">alcuni</wf>
         <instance id="d000.s398.t000" lemma="avvocato" pos="NOUN">avvocati</instance>
         <wf lemma="avere" pos="VERB">ha</wf>
         <wf lemma="dire" pos="VERB">detto</wf>
         <wf lemma="che" pos="X">che</wf>
         <wf lemma="il" pos="X">le</wf>
         <instance id="d000.s398.t001" lemma="corte_d'appello" pos="NOUN">corti_d'appello</instance>
         <wf lemma="essere|sonare" pos="VERB">sono</wf>
         <wf lemma="essere|stare" pos="VERB">state</wf>
         <wf lemma="spesso" pos="ADV">spesso</wf>
         <wf lemma="attrarre" pos="VERB">attratte</wf>
         <wf lemma="da" pos="X">da</wf>
         <instance id="d000.s398.t002" lemma="argomento" pos="NOUN">argomenti</instance>
         <wf lemma="che" pos="X">che</wf>
         <wf lemma="il" pos="X">i</wf>
         <wf lemma="cambiamento_sociale" pos="NOUN">cambiamenti_sociali</wf>
         <wf lemma="e" pos="X">e</wf>
         <wf lemma="tecnologico" pos="ADJ">tecnologici</wf>
         <wf lemma="richiedere" pos="VERB">richiedessero</wf>
         <wf lemma="adattamento" pos="NOUN">adattamento</wf>
         <wf lemma="da" pos="X">da</wf>
         <instance id="d000.s398.t003" lemma="parte" pos="NOUN">parte</instance>
         <wf lemma="del" pos="X">dei</wf>
         <instance id="d000.s398.t004" lemma="giudice" pos="NOUN">giudici</instance>
         <wf lemma="." pos="X">.</wf>
      </sentence>
      <sentence id="d000.s399" source="semeval2013-it">
         <wf lemma="&quot;" pos="X">&quot;</wf>
         <wf lemma="il" pos="X">La</wf>
         <instance id="d000.s399.t000" lemma="folla" pos="NOUN">folla</instance>
         <wf lemma="quotidiano" pos="ADJ">quotidiana</wf>
         <wf lemma="del" pos="X">dei</wf>
         <instance id="d000.s399.t001" lemma="media" pos="NOUN">media</instance>
         <wf lemma="tweet" pos="NOUN">tweet</wf>
         <wf lemma="," pos="X">,</wf>
         <instance id="d000.s399.t002" lemma="telecamera" pos="NOUN">telecamere</instance>
         <wf lemma="e" pos="X">e</wf>
         <instance id="d000.s399.t003" lemma="giornalista" pos="NOUN">giornalisti</instance>
         <wf lemma="al" pos="X">al</wf>
         <wf lemma="di" pos="X">di</wf>
         <wf lemma="fuori" pos="ADV">fuori</wf>
         <wf lemma="del" pos="X">del</wf>
         <instance id="d000.s399.t004" lemma="palazzo_di_giustizia" pos="NOUN">palazzo_di_giustizia</instance>
         <wf lemma="," pos="X">,</wf>
         <wf lemma="&quot;" pos="X">&quot;</wf>
         <wf lemma="scrivere" pos="VERB">scrivono</wf>
         <wf lemma="il" pos="X">gli</wf>
         <instance id="d000.s399.t005" lemma="avvocato" pos="NOUN">avvocati</instance>
         <wf lemma="," pos="X">,</wf>
         <wf lemma="&quot;" pos="X">&quot;</wf>
         <wf lemma="essere" pos="VERB">era</wf>
         <wf lemma="divergere" pos="VERB">diversa</wf>
         <wf lemma="da" pos="X">da</wf>
         <wf lemma="qualsiasi" pos="ADJ">qualsiasi</wf>
         <instance id="d000.s399.t006" lemma="cosa" pos="NOUN">cosa</instance>
         <wf lemma="mai" pos="ADV">mai</wf>
         <wf lemma="vistare" pos="VERB">vista</wf>
         <wf lemma="qui" pos="ADV">qui</wf>
         <wf lemma="a" pos="X">a</wf>
         <wf lemma="new_haven" pos="NOUN">New_Haven</wf>
         <wf lemma="e" pos="X">e</wf>
         <wf lemma="forse" pos="ADV">forse</wf>
         <wf lemma="in" pos="X">in</wf>
         <wf lemma="tutto" pos="ADJ">tutto</wf>
         <wf lemma="il" pos="X">lo</wf>
         <instance id="d000.s399.t007" lemma="stato" pos="NOUN">stato</instance>
         <wf lemma="." pos="X">.</wf>
         <wf lemma="&quot;" pos="X">&quot;</wf>
      </sentence>
      <sentence id="d000.s400" source="semeval2015-it">
         <wf pos="X">Con</wf>
         <wf pos="X">gli</wf>
         <wf lemma="elevamento" pos="NOUN">elevamenti</wf>
         <wf pos="X">a</wf>
         <instance id="d000.s400.t000" lemma="potenza" pos="NOUN">potenza</instance>
         <wf lemma="essere" pos="VERB">è</wf>
         <wf pos="X">anche</wf>
         <instance id="d000.s400.t001" lemma="possibile" pos="ADJ">possibile</instance>
         <instance id="d000.s400.t002" lemma="effettuare" pos="VERB">effettuare</instance>
         <instance id="d000.s400.t003" lemma="radice" pos="NOUN">radici</instance>
      </sentence>
      <sentence id="d000.s401" source="semeval2015-it">
         <wf lemma="studio" pos="NOUN">Studi</wf>
         <wf pos="X">di</wf>
         <instance id="d000.s401.t000" lemma="caso" pos="NOUN">casi</instance>
         <instance id="d000.s401.t001" lemma="ogni" pos="ADJ">Ogni</instance>
         <instance id="d000.s401.t002" lemma="rapporto" pos="NOUN">rapporto</instance>
         <instance id="d000.s401.t003" lemma="nazionale" pos="ADJ">nazionale</instance>
         <instance id="d000.s401.t004" lemma="contenere" pos="VERB">contiene</instance>
         <wf pos="X">una</wf>
         <instance id="d000.s401.t005" lemma="serie" pos="NOUN">serie</instance>
         <wf pos="X">di</wf>
         <wf pos="X">25-30</wf>
         <instance id="d000.s401.t006" lemma="iniziativa" pos="NOUN">iniziative</instance>
         <wf pos="X">,</wf>
         <instance id="d000.s401.t007" lemma="selezionare" pos="VERB">selezionate</instance>
         <wf pos="X">fra</wf>
         <wf pos="X">quelle</wf>
         <wf pos="X">più</wf>
         <instance id="d000.s401.t008" lemma="idoneo" pos="ADJ">idonee</instance>
         <wf pos="X">ad</wf>
         <instance id="d000.s401.t009" lemma="illustrare" pos="VERB">illustrare</instance>
         <wf lemma="politico" pos="ADJ">politiche</wf>
         <wf pos="X">e</wf>
         <instance id="d000.s401.t010" lemma="prassi" pos="NOUN">prassi</instance>
         <wf lemma="volto" pos="ADJ">volte</wf>
         <wf pos="X">a</wf>
         <instance id="d000.s401.t011" lemma="migliorare" pos="VERB">migliorare</instance>
         <wf pos="X">l'</wf>
         <instance id="d000.s401.t012" lemma="assunzione" pos="NOUN">assunzione</instance>
         <wf pos="X">,</wf>
         <wf pos="X">la</wf>
         <instance id="d000.s401.t013" lemma="formazione" pos="NOUN">formazione</instance>
         <wf pos="X">e</wf>
         <wf pos="X">lo</wf>
         <instance id="d000.s401.t014" lemma="sviluppo" pos="NOUN">sviluppo</instance>
         <wf pos="X">dei</wf>
         <instance id="d000.s401.t015" lemma="lavoratore" pos="NOUN">lavoratori</instance>
         <instance id="d000.s401.t016" lemma="anziano" pos="ADJ">anziani</instance>
         <wf pos="X">nell'</wf>
         <instance id="d000.s401.t017" lemma="azienda" pos="NOUN">azienda</instance>
         <wf pos="X">e</wf>
         <wf pos="X">nella</wf>
         <instance id="d000.s401.t018" lemma="comunità" pos="NOUN">comunità</instance>
         <wf pos="X">.</wf>
      </sentence>
      <sentence id="d000.s402" source="semeval2013-it">
         <wf lemma="il" pos="X">I</wf>
         <wf lemma="migrare" pos="VERB">migranti</wf>
         <wf lemma="essere" pos="VERB">sono</wf>
         <wf lemma="anche" pos="ADV">anche</wf>
         <instance id="d000.s402.t000" lemma="contribuente" pos="NOUN">contribuenti</instance>
         <wf lemma="del" pos="X">dei</wf>
         <instance id="d000.s402.t001" lemma="sistema_sociale" pos="NOUN">sistemi_sociali</instance>
         <wf lemma="," pos="X">,</wf>
         <wf lemma="in" pos="X">in</wf>
         <instance id="d000.s402.t002" lemma="media" pos="NOUN">media</instance>
         <wf lemma="l" pos="VERB">l</wf>
         <wf lemma="'" pos="X">'</wf>
         <wf lemma="@card@" pos="NOUN">1</wf>
         <wf lemma="%" pos="X">%</wf>
         <wf lemma="del" pos="X">del</wf>
         <instance id="d000.s402.t003" lemma="bilancio" pos="NOUN">bilancio</instance>
         <wf lemma="totale" pos="ADJ">totale</wf>
         <wf lemma="del" pos="X">dei</wf>
         <instance id="d000.s402.t004" lemma="paese_europeo" pos="NOUN">paesi_europei</instance>
         <wf lemma="." pos="X">.</wf>
      </sentence>
      <sentence id="d000.s403" source="semeval2010-it">
         <wf lemma="Per" pos="X">Per</wf>
         <wf lemma="quanto" pos="X">quanto</wf>
         <wf lemma="riguarda" pos="X">riguarda</wf>
         <wf lemma="lo" pos="X">lo</wf>
         <wf lemma="studio" pos="X">studio</wf>
         <wf lemma="del" pos="X">del</wf>
         <wf lemma="microfitobenthos" pos="X">microfitobenthos</wf>
         <wf lemma="," pos="X">,</wf>
         <wf lemma="i" pos="X">i</wf>
         <instance id="d000.s403.t000" lemma="campione" pos="NOUN">campioni</instance>
         <wf lemma="verranno" pos="X">verranno</wf>
         <wf lemma="raccolti" pos="X">raccolti</wf>
         <wf lemma="in" pos="X">in</wf>
         <wf lemma="immersione" pos="X">immersione</wf>
         <wf lemma="con" pos="X">con</wf>
         <wf lemma="tecniche" pos="X">tecniche</wf>
         <wf lemma="scuba" pos="X">scuba</wf>
         <wf lemma="e" pos="X">e</wf>
         <wf lemma="i" pos="X">i</wf>
         <wf lemma="metodi" pos="X">metodi</wf>
         <wf lemma="di" pos="X">di</wf>
         <wf lemma="prelievo" pos="X">prelievo</wf>
         <wf lemma="saranno" pos="X">saranno</wf>
         <wf lemma="differenziati" pos="X">differenziati</wf>
         <wf lemma="a" pos="X">a</wf>
         <wf lemma="seconda" pos="X">seconda</wf>
         <wf lemma="del" pos="X">del</wf>
         <wf lemma="tipo" pos="X">tipo</wf>
         <wf lemma="di" pos="X">di</wf>
         <wf lemma="substrato" pos="X">substrato</wf>
         <wf lemma="indagato" pos="X">indagato</wf>
         <wf lemma="e" pos="X">e</wf>
         <wf lemma="dell'" pos="X">dell'</wf>
         <wf lemma="eventuale" pos="X">eventuale</wf>
         <wf lemma="copertura" pos="X">copertura</wf>
         <wf lemma="macroalgale" pos="X">macroalgale</wf>
         <wf lemma="del" pos="X">del</wf>
         <instance id="d000.s403.t001" lemma="fondo" pos="NOUN">fondo</instance>
         <wf lemma="." pos="X">.</wf>
      </sentence>
      <sentence id="d000.s404" source="semeval2013-it">
         <wf lemma="il" pos="X">I</wf>
         <wf lemma="titolo" pos="NOUN">titoli</wf>
         <wf lemma="ipotecario" pos="ADJ">ipotecari</wf>
         <wf lemma="dubbio" pos="ADJ">dubbi</wf>
         <wf lemma="essere" pos="VERB">sono</wf>
         <wf lemma="il" pos="X">i</wf>
         <wf lemma="cosiddetto" pos="ADJ">cosiddetti</wf>
         <wf lemma="titolo" pos="NOUN">titoli</wf>
         <wf lemma="garantire" pos="VERB">garantiti</wf>
         <wf lemma="da" pos="X">da</wf>
         <instance id="d000.s404.t000" lemma="mutuo_ipotecario" pos="NOUN">mutui_ipotecari</instance>
         <wf lemma="." pos="X">.</wf>
      </sentence>
      <sentence id="d000.s405" source="semeval2013-it">
         <wf lemma="&quot;" pos="X">&quot;</wf>
         <wf lemma="L" pos="NOUN">L</wf>
         <wf lemma="'" pos="X">'</wf>
         <instance id="d000.s405.t000" lemma="arsenico" pos="NOUN">arsenico</instance>
         <wf lemma="essere" pos="VERB">è</wf>
         <wf lemma="tossico" pos="ADJ">tossico</wf>
         <wf lemma="soprattutto" pos="ADV">soprattutto</wf>
         <wf lemma="perché" pos="X">perché</wf>
         <wf lemma="il" pos="X">il</wf>
         <wf lemma="suo" pos="X">suo</wf>
         <instance id="d000.s405.t001" lemma="comportamento" pos="NOUN">comportamento</instance>
         <wf lemma="chimico" pos="ADJ">chimico</wf>
         <wf lemma="essere" pos="VERB">è</wf>
         <wf lemma="così" pos="ADV">così</wf>
         <wf lemma="tanto" pos="ADV">tanto</wf>
         <wf lemma="simile" pos="ADJ">simile</wf>
         <wf lemma="a" pos="X">a</wf>
         <wf lemma="quello" pos="X">quello</wf>
         <wf lemma="del" pos="X">del</wf>
         <instance id="d000.s405.t002" lemma="fosforo" pos="NOUN">fosforo</instance>
         <wf lemma="." pos="X">.</wf>
         <wf lemma="&quot;" pos="X">&quot;</wf>
      </sentence>
      <sentence id="d000.s406" source="semeval2015-it">
         <wf pos="X">Se</wf>
         <wf pos="X">lo</wf>
         <wf lemma="essere" pos="VERB">è</wf>
         <wf pos="X">,</wf>
         <wf lemma="essere" pos="VERB">sarà</wf>
         <instance id="d000.s406.t000" lemma="trattare" pos="VERB">trattato</instance>
         <wf pos="X">come</wf>
         <wf pos="X">un</wf>
         <instance id="d000.s406.t001" lemma="operatore" pos="NOUN">operatore</instance>
         <wf pos="X">se</wf>
         <wf pos="X">non</wf>
         <wf pos="X">lo</wf>
         <wf lemma="essere" pos="VERB">è</wf>
         <wf pos="X">,</wf>
         <wf lemma="essere" pos="VERB">sarà</wf>
         <instance id="d000.s406.t002" lemma="trattare" pos="VERB">trattato</instance>
         <wf pos="X">come</wf>
         <wf pos="X">una</wf>
         <instance id="d000.s406.t003" lemma="funzione" pos="NOUN">funzione</instance>
         <wf lemma="utente" pos="NOUN">utente</wf>
         <wf pos="X">.</wf>
      </sentence>
      <sentence id="d000.s407" source="semeval2010-it">
         <wf lemma="Le" pos="X">Le</wf>
         <wf lemma="indagini" pos="X">indagini</wf>
         <wf lemma="condotte" pos="X">condotte</wf>
         <wf lemma="sull'" pos="X">sull'</wf>
         <wf lemma="area" pos="X">area</wf>
         <wf lemma="considerata" pos="X">considerata</wf>
         <wf lemma="mediante" pos="X">mediante</wf>
         <wf lemma="ROV" pos="X">ROV</wf>
         <wf lemma="," pos="X">,</wf>
         <wf lemma="side" pos="X">side</wf>
         <wf lemma="scan" pos="X">scan</wf>
         <wf lemma="sonar" pos="X">sonar</wf>
         <wf lemma="," pos="X">,</wf>
         <wf lemma="multibeam" pos="X">multibeam</wf>
         <wf lemma="e" pos="X">e</wf>
         <wf lemma="sub-bottom" pos="X">sub-bottom</wf>
         <wf lemma="profiler" pos="X">profiler</wf>
         <wf lemma="," pos="X">,</wf>
         <wf lemma="forniranno" pos="X">forniranno</wf>
         <wf lemma="un'" pos="X">un'</wf>
         <wf lemma="accurata" pos="X">accurata</wf>
         <wf lemma="caratterizzazione" pos="X">caratterizzazione</wf>
         <wf lemma="geologico-geomorfologica" pos="X">geologico-geomorfologica</wf>
         <wf lemma="degli" pos="X">degli</wf>
         <instance id="d000.s407.t000" lemma="affioramento" pos="NOUN">affioramenti</instance>
         <wf lemma="rocciosi" pos="X">rocciosi</wf>
         <wf lemma="e" pos="X">e</wf>
         <wf lemma="una" pos="X">una</wf>
         <wf lemma="conoscenza" pos="X">conoscenza</wf>
         <wf lemma="dettagliata" pos="X">dettagliata</wf>
         <wf lemma="della" pos="X">della</wf>
         <wf lemma="loro" pos="X">loro</wf>
         <wf lemma="distribuzione" pos="X">distribuzione</wf>
         <wf lemma="nell'" pos="X">nell'</wf>
         <wf lemma="area" pos="X">area</wf>
         <wf lemma="." pos="X">.</wf>
      </sentence>
      <sentence id="d000.s408" source="semeval2013-it">
         <wf lemma="Citigroup" pos="NOUN">Citigroup</wf>
         <wf lemma="prevedere" pos="VERB">prevede</wf>
         <wf lemma="inoltre" pos="ADV">inoltre</wf>
         <wf lemma="di" pos="X">di</wf>
         <wf lemma="raccogliere" pos="VERB">raccogliere</wf>
         <instance id="d000.s408.t000" lemma="denaro" pos="NOUN">denaro</instance>
         <wf lemma="sul" pos="X">sul</wf>
         <instance id="d000.s408.t001" lemma="mercato" pos="NOUN">mercato</instance>
         <wf lemma="del" pos="X">dei</wf>
         <instance id="d000.s408.t002" lemma="capitale" pos="NOUN">capitali</instance>
         <wf lemma="per" pos="X">per</wf>
         <wf lemma="liberare" pos="VERB">liberarsi</wf>
         <wf lemma="dal" pos="X">dai</wf>
         <wf lemma="suo" pos="X">suoi</wf>
         <wf lemma="impegno" pos="NOUN">impegni</wf>
         <wf lemma="con" pos="X">con</wf>
         <wf lemma="lo" pos="X">lo</wf>
         <wf lemma="essere|stare" pos="VERB">stato</wf>
         <wf lemma="." pos="X">.</wf>
      </sentence>
      <sentence id="d000.s409" source="semeval2013-it">
         <wf lemma="il" pos="X">Il</wf>
         <instance id="d000.s409.t000" lemma="regolatore" pos="NOUN">regolatore</instance>
         <wf lemma="avere" pos="VERB">aveva</wf>
         <wf lemma="anche" pos="ADV">anche</wf>
         <wf lemma="contattare" pos="VERB">contattato</wf>
         <wf lemma="altro" pos="X">altre</wf>
         <wf lemma="del" pos="X">delle</wf>
         <wf lemma="principale" pos="ADJ">principali</wf>
         <instance id="d000.s409.t001" lemma="banca" pos="NOUN">banche</instance>
         <wf lemma="e" pos="X">e</wf>
         <wf lemma="fare" pos="VERB">fatto</wf>
         <instance id="d000.s409.t002" lemma="causa" pos="NOUN">causa</instance>
         <wf lemma="durante" pos="X">durante</wf>
         <wf lemma="il" pos="X">l'</wf>
         <instance id="d000.s409.t003" lemma="estate" pos="NOUN">estate</instance>
         <wf lemma="a" pos="X">a</wf>
         <wf lemma="jpmorgan_chase" pos="NOUN">JPMorgan_Chase</wf>
         <wf lemma="," pos="X">,</wf>
         <wf lemma="al" pos="X">alla</wf>
         <wf lemma="royal_bank_of_scotland" pos="NOUN">Royal_Bank_of_Scotland</wf>
         <wf lemma="e" pos="X">e</wf>
         <wf lemma="a" pos="X">a</wf>
         <wf lemma="goldman_sachs" pos="NOUN">Goldman_Sachs</wf>
         <wf lemma="." pos="X">.</wf>
      </sentence>
      <sentence id="d000.s410" source="semeval2010-it">
         <wf lemma="L'" pos="X">L'</wf>
         <wf lemma="approccio" pos="X">approccio</wf>
         <wf lemma="usato" pos="X">usato</wf>
         <wf lemma="consente" pos="X">consente</wf>
         <wf lemma="di" pos="X">di</wf>
         <wf lemma="integrare" pos="X">integrare</wf>
         <wf lemma="il" pos="X">il</wf>
         <instance id="d000.s410.t000" lemma="bagaglio" pos="NOUN">bagaglio</instance>
         <wf lemma="d'" pos="X">d'</wf>
         <instance id="d000.s410.t001" lemma="informazione" pos="NOUN">informazioni</instance>
         <wf lemma="bibliografiche" pos="X">bibliografiche</wf>
         <wf lemma="con" pos="X">con</wf>
         <wf lemma="indicazioni" pos="X">indicazioni</wf>
         <wf lemma="derivate" pos="X">derivate</wf>
         <wf lemma="dall'" pos="X">dall'</wf>
         <instance id="d000.s410.t002" lemma="analisi" pos="NOUN">analisi</instance>
         <wf lemma="della" pos="X">della</wf>
         <instance id="d000.s410.t003" lemma="realtà" pos="NOUN">realtà</instance>
         <wf lemma="locale" pos="X">locale</wf>
         <wf lemma="." pos="X">.</wf>
      </sentence>
      <sentence id="d000.s411" source="semeval2010-it">
         <wf lemma="La" pos="X">La</wf>
         <instance id="d000.s411.t000" lemma="spedizione" pos="NOUN">spedizione</instance>
         <wf lemma="scientifica" pos="X">scientifica</wf>
         <wf lemma="si" pos="X">si</wf>
         <wf lemma="è" pos="X">è</wf>
         <wf lemma="svolta" pos="X">svolta</wf>
         <wf lemma="nell'" pos="X">nell'</wf>
         <wf lemma="ambito" pos="X">ambito</wf>
         <wf lemma="del" pos="X">del</wf>
         <wf lemma="master" pos="X">master</wf>
         <wf lemma="universitario" pos="X">universitario</wf>
         <wf lemma="internazionale" pos="X">internazionale</wf>
         <wf lemma="in" pos="X">in</wf>
         <wf lemma="''" pos="X">''</wf>
         <wf lemma="Biodiversità" pos="X">Biodiversità</wf>
         <wf lemma="Marina" pos="X">Marina</wf>
         <wf lemma="Tropicale" pos="X">Tropicale</wf>
         <wf lemma="e" pos="X">e</wf>
         <wf lemma="Molecole" pos="X">Molecole</wf>
         <wf lemma="Bioattive" pos="X">Bioattive</wf>
         <wf lemma="''" pos="X">''</wf>
         <wf lemma="organizzato" pos="X">organizzato</wf>
         <wf lemma="in" pos="X">in</wf>
         <wf lemma="collaborazione" pos="X">collaborazione</wf>
         <wf lemma="tra" pos="X">tra</wf>
         <wf lemma="l'" pos="X">l'</wf>
         <wf lemma="UniversitàPolitecnica" pos="X">UniversitàPolitecnica</wf>
         <wf lemma="delle" pos="X">delle</wf>
         <wf lemma="Marche" pos="X">Marche</wf>
         <wf lemma="(" pos="X">(</wf>
         <wf lemma="Ancona" pos="X">Ancona</wf>
         <wf lemma="l" pos="X">l</wf>
         <wf lemma="'" pos="X">'</wf>
         <wf lemma="Università" pos="X">Università</wf>
         <wf lemma="di" pos="X">di</wf>
         <wf lemma="Genova" pos="X">Genova</wf>
         <wf lemma="e" pos="X">e</wf>
         <wf lemma="la" pos="X">la</wf>
         <wf lemma="Sam" pos="X">Sam</wf>
         <wf lemma="Ratulangi" pos="X">Ratulangi</wf>
         <wf lemma="University" pos="X">University</wf>
         <wf lemma="di" pos="X">di</wf>
         <wf lemma="Manado" pos="X">Manado</wf>
         <wf lemma="(" pos="X">(</wf>
         <wf lemma="Indonesia" pos="X">Indonesia</wf>
         <wf lemma=")" pos="X">)</wf>
         <wf lemma="." pos="X">.</wf>
      </sentence>
      <sentence id="d000.s412" source="semeval2010-it">
         <wf lemma="Le" pos="X">Le</wf>
         <wf lemma="praterie" pos="X">praterie</wf>
         <wf lemma="temperate" pos="X">temperate</wf>
         <wf lemma="," pos="X">,</wf>
         <wf lemma="tropicali" pos="X">tropicali</wf>
         <wf lemma="e" pos="X">e</wf>
         <wf lemma="inondate" pos="X">inondate</wf>
         <wf lemma="," pos="X">,</wf>
         <wf lemma="i" pos="X">i</wf>
         <wf lemma="terreni" pos="X">terreni</wf>
         <wf lemma="boscosi" pos="X">boscosi</wf>
         <wf lemma="del" pos="X">del</wf>
         <wf lemma="Mediterraneo" pos="X">Mediterraneo</wf>
         <wf lemma="," pos="X">,</wf>
         <wf lemma="le" pos="X">le</wf>
         <wf lemma="foreste" pos="X">foreste</wf>
         <wf lemma="latifoglie" pos="X">latifoglie</wf>
         <wf lemma="temperate" pos="X">temperate</wf>
         <wf lemma="e" pos="X">e</wf>
         <wf lemma="le" pos="X">le</wf>
         <wf lemma="foreste" pos="X">foreste</wf>
         <wf lemma="tropicali" pos="X">tropicali</wf>
         <wf lemma="hanno" pos="X">hanno</wf>
         <wf lemma="perso" pos="X">perso</wf>
         <wf lemma="più" pos="X">più</wf>
         <wf lemma="della" pos="X">della</wf>
         <instance id="d000.s412.t000" lemma="metà" pos="NOUN">metà</instance>
         <wf lemma="dei" pos="X">dei</wf>
         <wf lemma="loro" pos="X">loro</wf>
         <instance id="d000.s412.t001" lemma="habitat" pos="NOUN">habitat</instance>
         <wf lemma="." pos="X">.</wf>
      </sentence>
      <sentence id="d000.s413" source="semeval2013-it">
         <wf lemma="il" pos="X">Il</wf>
         <wf lemma="capocannoniere" pos="NOUN">capocannoniere</wf>
         <wf lemma="del" pos="X">della</wf>
         <wf lemma="Spagna" pos="NOUN">Spagna</wf>
         <wf lemma="essere" pos="VERB">è</wf>
         <wf lemma="david_villa" pos="NOUN">David_Villa</wf>
         <wf lemma="," pos="X">,</wf>
         <wf lemma="con" pos="X">con</wf>
         <wf lemma="@card@" pos="NOUN">50</wf>
         <instance id="d000.s413.t000" lemma="gol" pos="NOUN">gol</instance>
         <wf lemma="," pos="X">,</wf>
         <wf lemma="seguire" pos="VERB">seguito</wf>
         <wf lemma="da" pos="X">da</wf>
         <wf lemma="fernando_torres" pos="NOUN">Fernando_Torres</wf>
         <wf lemma="con" pos="X">con</wf>
         <wf lemma="@card@" pos="NOUN">27</wf>
         <wf lemma="." pos="X">.</wf>
      </sentence>
      <sentence id="d000.s414" source="semeval2015-it">
         <wf lemma="essere" pos="VERB">Sono</wf>
         <wf lemma="essere" pos="VERB">stati</wf>
         <instance id="d000.s414.t000" lemma="condurre" pos="VERB">condotti</instance>
         <instance id="d000.s414.t001" lemma="numeroso" pos="ADJ">numerosi</instance>
         <wf lemma="studio" pos="NOUN">studi</wf>
         <wf pos="X">con</wf>
         <wf lemma="cerenia" pos="NOUN">Cerenia</wf>
         <wf pos="X">,</wf>
         <wf pos="X">sia</wf>
         <wf pos="X">su</wf>
         <instance id="d000.s414.t002" lemma="cane" pos="NOUN">cani</instance>
         <wf pos="X">da</wf>
         <instance id="d000.s414.t003" lemma="laboratorio" pos="NOUN">laboratorio</instance>
         <wf pos="X">sia</wf>
         <wf pos="X">su</wf>
         <instance id="d000.s414.t004" lemma="animale" pos="NOUN">animali</instance>
         <wf pos="X">in</wf>
         <instance id="d000.s414.t005" lemma="cura" pos="NOUN">cura</instance>
         <wf pos="X">presso</wf>
         <wf lemma="studio" pos="NOUN">studi</wf>
         <instance id="d000.s414.t006" lemma="veterinario" pos="ADJ">veterinari</instance>
         <wf pos="X">di</wf>
         <instance id="d000.s414.t007" lemma="diverso" pos="ADJ">diversi</instance>
         <instance id="d000.s414.t008" lemma="paese" pos="NOUN">paesi</instance>
         <instance id="d000.s414.t009" lemma="europeo" pos="ADJ">europei</instance>
         <wf pos="X">e</wf>
         <wf pos="X">negli</wf>
         <instance id="d000.s414.t010" lemma="stato" pos="NOUN">Stati</instance>
         <instance id="d000.s414.t011" lemma="unito" pos="ADJ">Uniti</instance>
         <wf pos="X">d</wf>
         <wf lemma="america" pos="NOUN">America</wf>
         <wf pos="X">.</wf>
      </sentence>
      <sentence id="d000.s415" source="semeval2015-it">
         <wf lemma="fare" pos="VERB">Facendo</wf>
         <instance id="d000.s415.t000" lemma="doppio" pos="ADJ">doppio</instance>
         <wf lemma="clic" pos="NOUN">clic</wf>
         <wf pos="X">su</wf>
         <wf pos="X">ognuna</wf>
         <wf pos="X">di</wf>
         <wf pos="X">esse</wf>
         <wf lemma="potere" pos="VERB">puoi</wf>
         <instance id="d000.s415.t001" lemma="vedere" pos="VERB">vedere</instance>
         <wf pos="X">una</wf>
         <instance id="d000.s415.t002" lemma="finestra" pos="NOUN">finestra</instance>
         <wf pos="X">di</wf>
         <wf lemma="dialogo" pos="NOUN">dialogo</wf>
         <wf pos="X">che</wf>
         <wf pos="X">ti</wf>
         <instance id="d000.s415.t003" lemma="permettere" pos="VERB">permette</instance>
         <wf pos="X">di</wf>
         <instance id="d000.s415.t004" lemma="modificare" pos="VERB">modificarne</instance>
         <wf pos="X">il</wf>
         <instance id="d000.s415.t005" lemma="valore" pos="NOUN">valore</instance>
         <wf pos="X">(</wf>
         <wf pos="X">un</wf>
         <instance id="d000.s415.t006" lemma="modo" pos="NOUN">modo</instance>
         <wf pos="X">per</wf>
         <wf lemma="ingannare" pos="VERB">ingannare</wf>
         <wf pos="X">il</wf>
         <wf lemma="log" pos="NOUN">log</wf>
         <wf pos="X">)</wf>
         <wf pos="X">.</wf>
      </sentence>
      <sentence id="d000.s416" source="semeval2013-it">
         <wf lemma="e" pos="X">E</wf>
         <wf lemma="'" pos="X">'</wf>
         <wf lemma="aumentare" pos="VERB">aumentata</wf>
         <wf lemma="anche" pos="ADV">anche</wf>
         <wf lemma="in" pos="X">in</wf>
         <instance id="d000.s416.t000" lemma="messico" pos="NOUN">Messico</instance>
         <wf lemma="," pos="X">,</wf>
         <wf lemma="dove" pos="X">dove</wf>
         <wf lemma="il" pos="X">l'</wf>
         <instance id="d000.s416.t001" lemma="economia" pos="NOUN">economia</instance>
         <wf lemma="si" pos="X">si</wf>
         <wf lemma="essere" pos="VERB">è</wf>
         <wf lemma="riprendere" pos="VERB">ripresa</wf>
         <wf lemma="dopo" pos="X">dopo</wf>
         <wf lemma="avere" pos="VERB">aver</wf>
         <wf lemma="subito" pos="ADV">subito</wf>
         <wf lemma="un" pos="X">un</wf>
         <wf lemma="forte" pos="ADJ">forte</wf>
         <wf lemma="calo" pos="NOUN">calo</wf>
         <wf lemma="del" pos="X">della</wf>
         <wf lemma="produzione" pos="NOUN">produzione</wf>
         <wf lemma="nel" pos="X">nello</wf>
         <wf lemma="scorso" pos="ADJ">scorso</wf>
         <instance id="d000.s416.t002" lemma="anno" pos="NOUN">anno</instance>
         <wf lemma="." pos="X">.</wf>
      </sentence>
      <sentence id="d000.s417" source="semeval2010-it">
         <wf lemma="Con" pos="X">Con</wf>
         <wf lemma="l'" pos="X">l'</wf>
         <instance id="d000.s417.t000" lemma="eccezione" pos="NOUN">eccezione</instance>
         <wf lemma="delle" pos="X">delle</wf>
         <wf lemma="foreste" pos="X">foreste</wf>
         <wf lemma="mediterranee" pos="X">mediterranee</wf>
         <wf lemma="e" pos="X">e</wf>
         <wf lemma="temperate" pos="X">temperate</wf>
         <wf lemma="miste" pos="X">miste</wf>
         <wf lemma="," pos="X">,</wf>
         <wf lemma="in" pos="X">in</wf>
         <wf lemma="cui" pos="X">cui</wf>
         <wf lemma="la" pos="X">la</wf>
         <wf lemma="grande" pos="X">grande</wf>
         <wf lemma="perdita" pos="X">perdita</wf>
         <wf lemma="di" pos="X">di</wf>
         <instance id="d000.s417.t001" lemma="habitat" pos="NOUN">habitat</instance>
         <wf lemma="si" pos="X">si</wf>
         <wf lemma="è" pos="X">è</wf>
         <wf lemma="stabilizzata" pos="X">stabilizzata</wf>
         <wf lemma="dopo" pos="X">dopo</wf>
         <wf lemma="il" pos="X">il</wf>
      </sentence>
      <sentence id="d000.s418" source="semeval2010-it">
         <wf lemma="Grandi" pos="X">Grandi</wf>
         <wf lemma="gruppi" pos="X">gruppi</wf>
         <wf lemma="zoologici" pos="X">zoologici</wf>
         <wf lemma="sono" pos="X">sono</wf>
         <wf lemma="ancora" pos="X">ancora</wf>
         <wf lemma="sconosciuti" pos="X">sconosciuti</wf>
         <wf lemma="e" pos="X">e</wf>
         <wf lemma="la" pos="X">la</wf>
         <wf lemma="maggior" pos="X">maggior</wf>
         <wf lemma="parte" pos="X">parte</wf>
         <wf lemma="delle" pos="X">delle</wf>
         <wf lemma="conoscenze" pos="X">conoscenze</wf>
         <wf lemma="riguarda" pos="X">riguarda</wf>
         <wf lemma="la" pos="X">la</wf>
         <wf lemma="fauna" pos="X">fauna</wf>
         <wf lemma="marina" pos="X">marina</wf>
         <wf lemma="di" pos="X">di</wf>
         <instance id="d000.s418.t000" lemma="ambiente" pos="NOUN">ambienti</instance>
         <wf lemma="poco" pos="X">poco</wf>
         <wf lemma="profondi" pos="X">profondi</wf>
         <wf lemma="(" pos="X">(</wf>
         <wf lemma="meno" pos="X">meno</wf>
         <wf lemma="di" pos="X">di</wf>
         <wf lemma="200" pos="X">200</wf>
         <wf lemma="metri" pos="X">metri</wf>
         <wf lemma=")" pos="X">)</wf>
         <wf lemma="." pos="X">.</wf>
      </sentence>
      <sentence id="d000.s419" source="semeval2015-it">
         <wf lemma="avere" pos="VERB">Ho</wf>
         <instance id="d000.s419.t000" lemma="basare" pos="VERB">basato</instance>
         <wf pos="X">la</wf>
         <wf lemma="sintassi" pos="NOUN">sintassi</wf>
         <instance id="d000.s419.t001" lemma="praticamente" pos="ADV">praticamente</instance>
         <wf pos="X">sul</wf>
         <instance id="d000.s419.t002" lemma="senso" pos="NOUN">senso</instance>
         <instance id="d000.s419.t003" lemma="comune" pos="ADJ">comune</instance>
         <wf pos="X">,</wf>
         <wf pos="X">e</wf>
         <wf pos="X">non</wf>
         <wf lemma="dovere" pos="VERB">dovrebbe</wf>
         <wf lemma="essere" pos="VERB">essere</wf>
         <instance id="d000.s419.t004" lemma="difficile" pos="ADJ">difficile</instance>
         <wf pos="X">.</wf>
      </sentence>
      <sentence id="d000.s420" source="semeval2013-it">
         <wf lemma="il" pos="X">La</wf>
         <wf lemma="politica" pos="NOUN">politica</wf>
         <wf lemma="di" pos="X">di</wf>
         <instance id="d000.s420.t000" lemma="immigrazione" pos="NOUN">immigrazione</instance>
         <wf lemma="di" pos="X">di</wf>
         <wf lemma="nicolas_sarkozy" pos="NOUN">Nicolas_Sarkozy</wf>
         <wf lemma="essere" pos="VERB">è</wf>
         <wf lemma="essere|stare" pos="VERB">stata</wf>
         <wf lemma="criticare" pos="VERB">criticata</wf>
         <wf lemma="sotto" pos="X">sotto</wf>
         <wf lemma="vario" pos="ADJ">vari</wf>
         <instance id="d000.s420.t001" lemma="aspetto" pos="NOUN">aspetti</instance>
         <wf lemma=":" pos="X">:</wf>
         <wf lemma="sul" pos="X">sulla</wf>
         <wf lemma="congestione" pos="NOUN">congestione</wf>
         <wf lemma="tra" pos="X">tra</wf>
         <instance id="d000.s420.t002" lemma="servizio" pos="NOUN">servizi</instance>
         <wf lemma="di" pos="X">di</wf>
         <instance id="d000.s420.t003" lemma="polizia" pos="NOUN">polizia</instance>
         <wf lemma="," pos="X">,</wf>
         <wf lemma="giuridico" pos="ADJ">giuridici</wf>
         <wf lemma="e" pos="X">e</wf>
         <wf lemma="amministrativo" pos="ADJ">amministrativi</wf>
         <wf lemma="sottoporre" pos="VERB">sottoposti</wf>
         <wf lemma="a" pos="X">a</wf>
         <wf lemma="una" pos="X">una</wf>
         <instance id="d000.s420.t004" lemma="politica" pos="NOUN">politica</instance>
         <wf lemma="del" pos="X">dei</wf>
         <instance id="d000.s420.t005" lemma="numero" pos="NOUN">numeri</instance>
         <wf lemma="e" pos="X">e</wf>
         <wf lemma="sul" pos="X">sulla</wf>
         <wf lemma="compatibilità" pos="NOUN">compatibilità</wf>
         <wf lemma="del" pos="X">della</wf>
         <wf lemma="stesso" pos="ADJ">stessa</wf>
         <wf lemma="con" pos="X">con</wf>
         <wf lemma="il" pos="X">lo</wf>
         <wf lemma="status" pos="NOUN">status</wf>
         <wf lemma="del" pos="X">della</wf>
         <instance id="d000.s420.t006" lemma="Francia" pos="NOUN">Francia</instance>
         <wf lemma="auto-proclamatasi" pos="VERB">auto-proclamatasi</wf>
         <wf lemma="come" pos="X">come</wf>
         <instance id="d000.s420.t007" lemma="nazione" pos="NOUN">nazione</instance>
         <wf lemma="del" pos="X">dei</wf>
         <instance id="d000.s420.t008" lemma="diritto_umano" pos="NOUN">diritti_umani</instance>
         <wf lemma="." pos="X">.</wf>
      </sentence>
      <sentence id="d000.s421" source="semeval2015-it">
         <wf lemma="kalgebra" pos="NOUN">kalgebra</wf>
         <wf lemma="essere" pos="VERB">è</wf>
         <wf pos="X">una</wf>
         <wf lemma="calcolatrice" pos="NOUN">calcolatrice</wf>
         <instance id="d000.s421.t000" lemma="matematico" pos="ADJ">matematica</instance>
         <instance id="d000.s421.t001" lemma="basare" pos="VERB">basata</instance>
         <wf pos="X">sul</wf>
         <instance id="d000.s421.t002" lemma="linguaggio" pos="NOUN">linguaggio</instance>
         <wf lemma="mathml" pos="NOUN">MathML</wf>
         <wf pos="X">.</wf>
      </sentence>
      <sentence id="d000.s422" source="semeval2013-it">
         <wf lemma="il" pos="X">Il</wf>
         <instance id="d000.s422.t000" lemma="professore" pos="NOUN">Professore</instance>
         <wf lemma="Donohue" pos="NOUN">Donohue</wf>
         <wf lemma="avere" pos="VERB">ha</wf>
         <wf lemma="dire" pos="VERB">detto</wf>
         <wf lemma="che" pos="X">che</wf>
         <wf lemma="alcuno" pos="X">alcuni</wf>
         <instance id="d000.s422.t001" lemma="giudice" pos="NOUN">giudici</instance>
         <wf lemma="d'" pos="X">d'</wf>
         <instance id="d000.s422.t002" lemma="appello" pos="NOUN">appello</instance>
         <wf lemma="potere" pos="VERB">potrebbero</wf>
         <wf lemma="essere" pos="VERB">essere</wf>
         <wf lemma="interessare" pos="VERB">interessati</wf>
         <wf lemma="dal" pos="X">dall'</wf>
         <instance id="d000.s422.t003" lemma="idea" pos="NOUN">idea</instance>
         <wf lemma="che" pos="X">che</wf>
         <wf lemma="limitare" pos="VERB">limitare</wf>
         <wf lemma="il" pos="X">la</wf>
         <instance id="d000.s422.t004" lemma="comunicazione" pos="NOUN">comunicazione</instance>
         <wf lemma="istantaneo" pos="ADJ">istantanea</wf>
         <wf lemma="dal" pos="X">dalle</wf>
         <instance id="d000.s422.t005" lemma="aula" pos="NOUN">aule</instance>
         <wf lemma="di" pos="X">di</wf>
         <instance id="d000.s422.t006" lemma="tribunale" pos="NOUN">tribunale</instance>
         <wf lemma="potere" pos="VERB">potrebbe</wf>
         <wf lemma="portare" pos="VERB">portare</wf>
         <wf lemma="a" pos="X">a</wf>
         <instance id="d000.s422.t007" lemma="processo" pos="NOUN">processi</instance>
         <wf lemma="più" pos="ADV">più</wf>
         <wf lemma="equo" pos="ADJ">equi</wf>
         <wf lemma="." pos="X">.</wf>
      </sentence>
      <sentence id="d000.s423" source="semeval2013-it">
         <wf lemma="il" pos="X">L'</wf>
         <wf lemma="espulsione" pos="NOUN">espulsione</wf>
         <wf lemma="presumibilmente" pos="ADV">presumibilmente</wf>
         <wf lemma="provocare" pos="VERB">provocata</wf>
         <wf lemma="dal" pos="X">dai</wf>
         <wf lemma="due" pos="ADJ">due</wf>
         <instance id="d000.s423.t000" lemma="giocatore" pos="NOUN">giocatori</instance>
         <wf lemma="del" pos="X">del</wf>
         <wf lemma="real_madrid" pos="NOUN">Real_Madrid</wf>
         <wf lemma="(" pos="X">(</wf>
         <wf lemma="xabi_alonso" pos="NOUN">Xabi_Alonso</wf>
         <wf lemma="e" pos="X">e</wf>
         <wf lemma="sergio_ramos" pos="NOUN">Sergio_Ramos</wf>
         <wf lemma=")" pos="X">)</wf>
         <wf lemma="nel" pos="X">nella</wf>
         <wf lemma="partita" pos="NOUN">partita</wf>
         <wf lemma="giocare" pos="VERB">giocata</wf>
         <wf lemma="il" pos="X">il</wf>
         <wf lemma="@card@" pos="NOUN">23</wf>
         <instance id="d000.s423.t001" lemma="novembre" pos="NOUN">novembre</instance>
         <wf lemma="contro" pos="X">contro</wf>
         <wf lemma="il" pos="X">l'</wf>
         <wf lemma="Ajax" pos="NOUN">Ajax</wf>
         <wf lemma="in" pos="X">in</wf>
         <wf lemma="champions_league" pos="NOUN">Champions_League</wf>
         <wf lemma="avere" pos="VERB">ha</wf>
         <wf lemma="fare" pos="VERB">fatto</wf>
         <wf lemma="scorrere" pos="VERB">scorrere</wf>
         <instance id="d000.s423.t002" lemma="fiume" pos="NOUN">fiumi</instance>
         <wf lemma="di" pos="X">di</wf>
         <instance id="d000.s423.t003" lemma="inchiostro" pos="NOUN">inchiostro</instance>
         <wf lemma="in" pos="X">in</wf>
         <wf lemma="merito" pos="NOUN">merito</wf>
         <wf lemma="a" pos="X">a</wf>
         <wf lemma="tale" pos="X">tale</wf>
         <instance id="d000.s423.t004" lemma="comportamento" pos="NOUN">comportamento</instance>
         <wf lemma="," pos="X">,</wf>
         <wf lemma="se" pos="X">se</wf>
         <wf lemma="essere" pos="VERB">è</wf>
         <wf lemma="o" pos="X">o</wf>
         <wf lemma="non" pos="ADV">non</wf>
         <wf lemma="essere" pos="VERB">è</wf>
         <wf lemma="antisportivo" pos="ADJ">antisportivo</wf>
         <wf lemma="e" pos="X">e</wf>
         <wf lemma="se" pos="X">se</wf>
         <wf lemma="," pos="X">,</wf>
         <wf lemma="entrambi" pos="ADJ">entrambi</wf>
         <wf lemma="il" pos="X">i</wf>
         <instance id="d000.s423.t005" lemma="giocatore" pos="NOUN">giocatori</instance>
         <wf lemma="dovere" pos="VERB">devono</wf>
         <wf lemma="essere" pos="VERB">essere</wf>
         <wf lemma="sanzionare" pos="VERB">sanzionati</wf>
         <wf lemma="dal" pos="X">dalla</wf>
         <wf lemma="UEFA" pos="NOUN">UEFA</wf>
         <wf lemma="." pos="X">.</wf>
      </sentence>
      <sentence id="d000.s424" source="semeval2010-it">
         <wf lemma="Questi" pos="X">Questi</wf>
         <wf lemma="organismi" pos="X">organismi</wf>
         <wf lemma="insieme" pos="X">insieme</wf>
         <wf lemma="ai" pos="X">ai</wf>
         <instance id="d000.s424.t000" lemma="corallo" pos="NOUN">coralli</instance>
         <wf lemma="duri" pos="X">duri</wf>
         <wf lemma="rappresentano" pos="X">rappresentano</wf>
         <wf lemma="un'" pos="X">un'</wf>
         <wf lemma="importantissima" pos="X">importantissima</wf>
         <wf lemma="componente" pos="X">componente</wf>
         <wf lemma="delle" pos="X">delle</wf>
         <wf lemma="comunità" pos="X">comunità</wf>
         <wf lemma="bentoniche" pos="X">bentoniche</wf>
         <wf lemma="delle" pos="X">delle</wf>
         <wf lemma="barriere" pos="X">barriere</wf>
         <wf lemma="coralline" pos="X">coralline</wf>
         <wf lemma="e" pos="X">e</wf>
         <wf lemma="la" pos="X">la</wf>
         <wf lemma="loro" pos="X">loro</wf>
         <wf lemma="distribuzione" pos="X">distribuzione</wf>
         <wf lemma="può" pos="X">può</wf>
         <wf lemma="essere" pos="X">essere</wf>
         <wf lemma="influenzata" pos="X">influenzata</wf>
         <wf lemma="notevolmente" pos="X">notevolmente</wf>
         <wf lemma="dalle" pos="X">dalle</wf>
         <wf lemma="complesse" pos="X">complesse</wf>
         <wf lemma="interazioni" pos="X">interazioni</wf>
         <wf lemma="interspecifiche" pos="X">interspecifiche</wf>
         <wf lemma="esistenti" pos="X">esistenti</wf>
         <wf lemma="fra" pos="X">fra</wf>
         <wf lemma="i" pos="X">i</wf>
         <wf lemma="due" pos="X">due</wf>
         <wf lemma="gruppi" pos="X">gruppi</wf>
         <wf lemma="che" pos="X">che</wf>
         <wf lemma="si" pos="X">si</wf>
         <wf lemma="a" pos="X">a</wf>
         <wf lemma="dover" pos="X">dover</wf>
         <wf lemma="competere" pos="X">competere</wf>
         <wf lemma="per" pos="X">per</wf>
         <wf lemma="il" pos="X">il</wf>
         <wf lemma="cibo" pos="X">cibo</wf>
         <wf lemma="e" pos="X">e</wf>
         <wf lemma="per" pos="X">per</wf>
         <wf lemma="la" pos="X">la</wf>
         <instance id="d000.s424.t001" lemma="colonizzazione" pos="NOUN">colonizzazione</instance>
         <wf lemma="del" pos="X">del</wf>
         <wf lemma="substrato" pos="X">substrato</wf>
         <wf lemma="disponibile" pos="X">disponibile</wf>
         <wf lemma="." pos="X">.</wf>
      </sentence>
      <sentence id="d000.s425" source="semeval2010-it">
         <wf lemma="L'" pos="X">L'</wf>
         <instance id="d000.s425.t000" lemma="ipotesi" pos="NOUN">ipotesi</instance>
         <wf lemma="di" pos="X">di</wf>
         <wf lemma="Rete" pos="X">Rete</wf>
         <wf lemma="Ambientale" pos="X">Ambientale</wf>
         <wf lemma="Regionale" pos="X">Regionale</wf>
         <wf lemma="formulata" pos="X">formulata</wf>
         <wf lemma="nell'" pos="X">nell'</wf>
         <wf lemma="ambito" pos="X">ambito</wf>
         <wf lemma="del" pos="X">del</wf>
         <wf lemma="PTRS" pos="X">PTRS</wf>
         <wf lemma="della" pos="X">della</wf>
         <wf lemma="regione" pos="X">regione</wf>
         <wf lemma="Friuli" pos="X">Friuli</wf>
      </sentence>
      <sentence id="d000.s426" source="semeval2015-it">
         <wf lemma="fare_doppio_clic" pos="VERB">Facendo_doppio_clic</wf>
         <wf pos="X">su</wf>
         <wf pos="X">ognuna</wf>
         <wf pos="X">di</wf>
         <wf pos="X">esse</wf>
         <wf lemma="potere" pos="VERB">puoi</wf>
         <wf lemma="vedere" pos="VERB">vedere</wf>
         <wf pos="X">una</wf>
         <instance id="d000.s426.t000" lemma="finestra_di_dialogo" pos="NOUN">finestra_di_dialogo</instance>
         <wf pos="X">che</wf>
         <wf pos="X">ti</wf>
         <wf lemma="permettere" pos="VERB">permette</wf>
         <wf pos="X">di</wf>
         <wf lemma="modificare" pos="VERB">modificarne</wf>
         <wf pos="X">il</wf>
         <wf lemma="valore" pos="NOUN">valore</wf>
         <wf pos="X">(</wf>
         <wf pos="X">un</wf>
         <wf lemma="modo" pos="NOUN">modo</wf>
         <wf pos="X">per</wf>
         <wf lemma="ingannare" pos="VERB">ingannare</wf>
         <wf pos="X">il</wf>
         <wf lemma="log" pos="NOUN">log</wf>
         <wf pos="X">)</wf>
         <wf pos="X">.</wf>
      </sentence>
      <sentence id="d000.s427" source="semeval2010-it">
         <wf lemma="L'" pos="X">L'</wf>
         <wf lemma="omogeneità" pos="X">omogeneità</wf>
         <wf lemma="delle" pos="X">delle</wf>
         <wf lemma="metodiche" pos="X">metodiche</wf>
         <wf lemma="di" pos="X">di</wf>
         <wf lemma="campionamento" pos="X">campionamento</wf>
         <wf lemma="ed" pos="X">ed</wf>
         <instance id="d000.s427.t000" lemma="analisi" pos="NOUN">analisi</instance>
         <wf lemma="garantirà" pos="X">garantirà</wf>
         <wf lemma="la" pos="X">la</wf>
         <wf lemma="possibilità" pos="X">possibilità</wf>
         <wf lemma="di" pos="X">di</wf>
         <wf lemma="confrontare" pos="X">confrontare</wf>
         <wf lemma="i" pos="X">i</wf>
         <wf lemma="risultati" pos="X">risultati</wf>
         <wf lemma="ottenuti" pos="X">ottenuti</wf>
         <wf lemma="." pos="X">.</wf>
      </sentence>
      <sentence id="d000.s428" source="semeval2010-it">
         <wf lemma="Soprattutto" pos="X">Soprattutto</wf>
         <wf lemma="nelle" pos="X">nelle</wf>
         <wf lemma="aree" pos="X">aree</wf>
         <wf lemma="fortemente" pos="X">fortemente</wf>
         <wf lemma="antropizzate" pos="X">antropizzate</wf>
         <wf lemma="," pos="X">,</wf>
         <wf lemma="dove" pos="X">dove</wf>
         <wf lemma="il" pos="X">il</wf>
         <wf lemma="territorio" pos="X">territorio</wf>
         <wf lemma="è" pos="X">è</wf>
         <wf lemma="stato" pos="X">stato</wf>
         <wf lemma="plasmato" pos="X">plasmato</wf>
         <wf lemma="in" pos="X">in</wf>
         <wf lemma="funzione" pos="X">funzione</wf>
         <wf lemma="delle" pos="X">delle</wf>
         <wf lemma="esigenze" pos="X">esigenze</wf>
         <wf lemma="di" pos="X">di</wf>
         <instance id="d000.s428.t000" lemma="produzione" pos="NOUN">produzione</instance>
         <wf lemma="le" pos="X">le</wf>
         <wf lemma="reti" pos="X">reti</wf>
         <wf lemma="ecologiche" pos="X">ecologiche</wf>
         <wf lemma="possono" pos="X">possono</wf>
         <wf lemma="rappresentare" pos="X">rappresentare</wf>
         <wf lemma="uno" pos="X">uno</wf>
         <wf lemma="strumento" pos="X">strumento</wf>
         <wf lemma="valido" pos="X">valido</wf>
         <wf lemma="ai" pos="X">ai</wf>
         <wf lemma="fini" pos="X">fini</wf>
         <wf lemma="di" pos="X">di</wf>
         <wf lemma="un" pos="X">un</wf>
         <wf lemma="maggiore" pos="X">maggiore</wf>
         <wf lemma="equilibrio" pos="X">equilibrio</wf>
         <wf lemma="in" pos="X">in</wf>
         <wf lemma="questo" pos="X">questo</wf>
         <wf lemma="senso" pos="X">senso</wf>
         <wf lemma="." pos="X">.</wf>
      </sentence>
      <sentence id="d000.s429" source="semeval2010-it">
         <wf lemma="Studi" pos="X">Studi</wf>
         <wf lemma="scientifici" pos="X">scientifici</wf>
         <wf lemma="negli" pos="X">negli</wf>
         <wf lemma="anni" pos="X">anni</wf>
         <wf lemma="60" pos="X">60</wf>
         <wf lemma="dimostrarono" pos="X">dimostrarono</wf>
         <wf lemma="invece" pos="X">invece</wf>
         <wf lemma="come" pos="X">come</wf>
         <wf lemma="la" pos="X">la</wf>
         <wf lemma="relativa" pos="X">relativa</wf>
         <wf lemma="monotonia" pos="X">monotonia</wf>
         <wf lemma="di" pos="X">di</wf>
         <wf lemma="questi" pos="X">questi</wf>
         <instance id="d000.s429.t000" lemma="fondale" pos="NOUN">fondali</instance>
         <wf lemma="venga" pos="X">venga</wf>
         <wf lemma="spesso" pos="X">spesso</wf>
         <wf lemma="interrotta" pos="X">interrotta</wf>
         <wf lemma="dalla" pos="X">dalla</wf>
         <wf lemma="presenza" pos="X">presenza</wf>
         <wf lemma="di" pos="X">di</wf>
         <wf lemma="innumerevoli" pos="X">innumerevoli</wf>
         <instance id="d000.s429.t001" lemma="affioramento" pos="NOUN">affioramenti</instance>
         <wf lemma="rocciosi" pos="X">rocciosi</wf>
         <wf lemma="." pos="X">.</wf>
      </sentence>
      <sentence id="d000.s430" source="semeval2013-it">
         <wf lemma="il" pos="X">Gli</wf>
         <instance id="d000.s430.t000" lemma="indice" pos="NOUN">indici</instance>
         <wf lemma="essere|sonare" pos="VERB">sono</wf>
         <wf lemma="essere|stare" pos="VERB">stati</wf>
         <wf lemma="," pos="X">,</wf>
         <wf lemma="tuttavia" pos="ADV">tuttavia</wf>
         <wf lemma="," pos="X">,</wf>
         <wf lemma="rallentare" pos="VERB">rallentati</wf>
         <wf lemma="da" pos="X">da</wf>
         <wf lemma="una" pos="X">una</wf>
         <wf lemma="rinnovare" pos="VERB">rinnovata</wf>
         <wf lemma="ascesa" pos="NOUN">ascesa</wf>
         <wf lemma="del" pos="X">del</wf>
         <instance id="d000.s430.t001" lemma="dollaro" pos="NOUN">dollaro</instance>
         <wf lemma="verso" pos="X">verso</wf>
         <wf lemma="un" pos="X">un</wf>
         <wf lemma="nuovo" pos="ADJ">nuovo</wf>
         <wf lemma="picco" pos="NOUN">picco</wf>
         <wf lemma="di" pos="X">di</wf>
         <wf lemma="due" pos="ADJ">due</wf>
         <instance id="d000.s430.t002" lemma="mese" pos="NOUN">mesi</instance>
         <wf lemma="contro" pos="X">contro</wf>
         <wf lemma="il" pos="X">l'</wf>
         <instance id="d000.s430.t003" lemma="Euro" pos="NOUN">Euro</instance>
         <wf lemma="che" pos="X">che</wf>
         <wf lemma="&quot;" pos="X">&quot;</wf>
         <wf lemma="&quot;" pos="X">&quot;</wf>
         <wf lemma="fare" pos="VERB">fa</wf>
         <instance id="d000.s430.t004" lemma="pressione" pos="NOUN">pressioni</instance>
         <wf lemma="al" pos="X">al</wf>
         <instance id="d000.s430.t005" lemma="ribasso" pos="NOUN">ribasso</instance>
         <wf lemma="sul" pos="X">sui</wf>
         <instance id="d000.s430.t006" lemma="settore" pos="NOUN">settori</instance>
         <wf lemma="sensibile" pos="ADJ">sensibili</wf>
         <wf lemma="al" pos="X">alla</wf>
         <instance id="d000.s430.t007" lemma="situazione" pos="NOUN">situazione</instance>
         <wf lemma="economico" pos="ADJ">economica</wf>
         <wf lemma="&quot;" pos="X">&quot;</wf>
         <wf lemma="&quot;" pos="X">&quot;</wf>
         <wf lemma="," pos="X">,</wf>
         <wf lemma="avere" pos="VERB">ha</wf>
         <wf lemma="spiegare" pos="VERB">spiegato</wf>
         <wf lemma="Owen" pos="NOUN">Owen</wf>
         <wf lemma="Fitzpatrick" pos="NOUN">Fitzpatrick</wf>
         <wf lemma="dal" pos="X">dalla</wf>
         <wf lemma="Deutsche_Bank" pos="NOUN">Deutsche_Bank</wf>
         <wf lemma="." pos="X">.</wf>
      </sentence>
      <sentence id="d000.s431" source="semeval2013-it">
         <wf lemma="già" pos="ADV">Già</wf>
         <instance id="d000.s431.t000" lemma="Giovedi" pos="NOUN">Giovedi</instance>
         <wf lemma="," pos="X">,</wf>
         <wf lemma="il" pos="X">la</wf>
         <instance id="d000.s431.t001" lemma="banca" pos="NOUN">banca</instance>
         <wf lemma="statunitense" pos="ADJ">statunitense</wf>
         <wf lemma="essere" pos="VERB">è</wf>
         <wf lemma="essere|stare" pos="VERB">stata</wf>
         <wf lemma="in" pos="X">in</wf>
         <wf lemma="grado" pos="NOUN">grado</wf>
         <wf lemma="di" pos="X">di</wf>
         <wf lemma="annunciare" pos="VERB">annunciare</wf>
         <wf lemma="un" pos="X">un</wf>
         <wf lemma="aumento_di_capitale" pos="NOUN">aumento_di_capitale</wf>
         <wf lemma="di" pos="X">di</wf>
         <wf lemma="circa" pos="ADV">circa</wf>
         <wf lemma="@card@" pos="NOUN">20</wf>
         <instance id="d000.s431.t002" lemma="miliardo" pos="NOUN">miliardi</instance>
         <wf lemma="di" pos="X">di</wf>
         <instance id="d000.s431.t003" lemma="dollaro_americano" pos="NOUN">dollari_americani</instance>
         <wf lemma="," pos="X">,</wf>
         <wf lemma="avere" pos="VERB">ha</wf>
         <wf lemma="segnalare" pos="VERB">segnalato</wf>
         <wf lemma="CNBC" pos="NOUN">CNBC</wf>
         <wf lemma="con" pos="X">con</wf>
         <instance id="d000.s431.t004" lemma="riferimento" pos="NOUN">riferimento</instance>
         <wf lemma="al" pos="X">alle</wf>
         <wf lemma="indiscrezione" pos="NOUN">indiscrezioni</wf>
         <wf lemma="." pos="X">.</wf>
      </sentence>
      <sentence id="d000.s432" source="semeval2015-it">
         <wf lemma="essere" pos="VERB">È</wf>
         <wf pos="X">anche</wf>
         <instance id="d000.s432.t000" lemma="possibile" pos="ADJ">possibile</instance>
         <instance id="d000.s432.t001" lemma="usare" pos="VERB">usare</instance>
         <wf pos="X">il</wf>
         <wf lemma="carattere" pos="NOUN">carattere</wf>
         <wf lemma="unicode" pos="NOUN">Unicode</wf>
         <wf pos="X">²</wf>
         <wf pos="X">.</wf>
      </sentence>
      <sentence id="d000.s433" source="semeval2015-it">
         <wf pos="X">Quali</wf>
         <instance id="d000.s433.t000" lemma="beneficio" pos="NOUN">benefici</instance>
         <wf lemma="avere" pos="VERB">ha</wf>
         <instance id="d000.s433.t001" lemma="mostrare" pos="VERB">mostrato</instance>
         <wf lemma="alimta" pos="NOUN">Alimta</wf>
         <wf pos="X">nel</wf>
         <wf lemma="corso" pos="NOUN">corso</wf>
         <wf pos="X">degli</wf>
         <wf lemma="studio" pos="NOUN">studi</wf>
         <wf pos="X">?</wf>
      </sentence>
      <sentence id="d000.s434" source="semeval2015-it">
         <instance id="d000.s434.t000" lemma="pulire" pos="VERB">Pulisce</instance>
         <wf pos="X">la</wf>
         <instance id="d000.s434.t001" lemma="console" pos="NOUN">console</instance>
         <wf pos="X">.</wf>
      </sentence>
      <sentence id="d000.s435" source="semeval2013-it">
         <wf lemma="&quot;" pos="X">&quot;</wf>
         <wf lemma="come" pos="X">Come</wf>
         <instance id="d000.s435.t000" lemma="risultato" pos="NOUN">risultato</instance>
         <wf lemma="," pos="X">,</wf>
         <wf lemma="il" pos="X">gli</wf>
         <instance id="d000.s435.t001" lemma="organismo" pos="NOUN">organismi</instance>
         <wf lemma="avere" pos="VERB">hanno</wf>
         <instance id="d000.s435.t002" lemma="difficoltà" pos="NOUN">difficoltà</instance>
         <wf lemma="a" pos="X">a</wf>
         <wf lemma="distingure" pos="NOUN">distingure</wf>
         <wf lemma="questo" pos="X">questi</wf>
         <instance id="d000.s435.t003" lemma="elemento" pos="NOUN">elementi</instance>
         <wf lemma="." pos="X">.</wf>
         <wf lemma="&quot;" pos="X">&quot;</wf>
      </sentence>
      <sentence id="d000.s436" source="semeval2013-it">
         <wf lemma="il" pos="X">La</wf>
         <instance id="d000.s436.t000" lemma="tensione" pos="NOUN">tensione</instance>
         <wf lemma="non" pos="ADV">non</wf>
         <wf lemma="fare" pos="VERB">fa</wf>
         <wf lemma="altro" pos="ADJ">altro</wf>
         <wf lemma="che" pos="X">che</wf>
         <wf lemma="aumentare" pos="VERB">aumentare</wf>
         <wf lemma=":" pos="X">:</wf>
         <wf lemma="quasi" pos="ADV">quasi</wf>
         <wf lemma="tutto" pos="ADJ">tutti</wf>
         <wf lemma="il" pos="X">i</wf>
         <instance id="d000.s436.t001" lemma="ministro" pos="NOUN">ministri</instance>
         <wf lemma="principale" pos="ADJ">principali</wf>
         <wf lemma="essere|sonare" pos="VERB">sono</wf>
         <wf lemma="ora" pos="ADV">ora</wf>
         <wf lemma="qui" pos="ADV">qui</wf>
         <wf lemma="e" pos="X">e</wf>
         <wf lemma="già" pos="ADV">già</wf>
         <instance id="d000.s436.t002" lemma="mercoledì" pos="NOUN">mercoledì</instance>
         <wf lemma="@card@" pos="NOUN">60</wf>
         <wf lemma="capo_di_governo" pos="NOUN">capi_di_governo</wf>
         <wf lemma="essere" pos="VERB">saranno</wf>
         <wf lemma="a" pos="X">a</wf>
         <instance id="d000.s436.t003" lemma="Copenhagen" pos="NOUN">Copenhagen</instance>
         <wf lemma="." pos="X">.</wf>
      </sentence>
      <sentence id="d000.s437" source="semeval2015-it">
         <wf lemma="essere" pos="VERB">Sono</wf>
         <instance id="d000.s437.t000" lemma="prendere" pos="VERB">presi</instance>
         <wf pos="X">in</wf>
         <instance id="d000.s437.t001" lemma="considerazione" pos="NOUN">considerazione</instance>
         <wf pos="X">il</wf>
         <instance id="d000.s437.t002" lemma="sesso" pos="NOUN">sesso</instance>
         <wf pos="X">e</wf>
         <wf pos="X">l'</wf>
         <instance id="d000.s437.t003" lemma="appartenenza" pos="NOUN">appartenenza</instance>
         <instance id="d000.s437.t004" lemma="etnico" pos="ADJ">etnica</instance>
         <wf pos="X">dei</wf>
         <instance id="d000.s437.t005" lemma="lavoratore" pos="NOUN">lavoratori</instance>
         <wf pos="X">,</wf>
         <wf pos="X">e</wf>
         <wf pos="X">la</wf>
         <wf pos="X">loro</wf>
         <instance id="d000.s437.t006" lemma="correlazione" pos="NOUN">correlazione</instance>
         <wf pos="X">con</wf>
         <wf pos="X">la</wf>
         <instance id="d000.s437.t007" lemma="discriminazione" pos="NOUN">discriminazione</instance>
         <wf pos="X">in</wf>
         <instance id="d000.s437.t008" lemma="base" pos="NOUN">base</instance>
         <wf pos="X">all'</wf>
         <instance id="d000.s437.t009" lemma="età" pos="NOUN">età</instance>
         <wf pos="X">.</wf>
      </sentence>
      <sentence id="d000.s438" source="semeval2013-it">
         <wf lemma="circa" pos="ADV">Circa</wf>
         <wf lemma="il" pos="X">il</wf>
         <wf lemma="@card@" pos="NOUN">34</wf>
         <wf lemma="%" pos="X">%</wf>
         <wf lemma="avere" pos="VERB">ha</wf>
         <wf lemma="dichiarare" pos="VERB">dichiarato</wf>
         <wf lemma="di" pos="X">di</wf>
         <wf lemma="avere" pos="VERB">avere</wf>
         <instance id="d000.s438.t000" lemma="fiducia" pos="NOUN">fiducia</instance>
         <wf lemma="nel" pos="X">nel</wf>
         <instance id="d000.s438.t001" lemma="congresso" pos="NOUN">congresso</instance>
         <wf lemma="del" pos="X">del</wf>
         <wf lemma="loro" pos="X">loro</wf>
         <instance id="d000.s438.t002" lemma="paese" pos="NOUN">paese</instance>
         <wf lemma="e" pos="X">e</wf>
         <wf lemma="il" pos="X">il</wf>
         <wf lemma="@card@" pos="NOUN">45</wf>
         <wf lemma="%" pos="X">%</wf>
         <wf lemma="nel" pos="X">nel</wf>
         <wf lemma="loro" pos="X">loro</wf>
         <instance id="d000.s438.t003" lemma="governo" pos="NOUN">governo</instance>
         <wf lemma="," pos="X">,</wf>
         <wf lemma="lo" pos="X">lo</wf>
         <wf lemma="stesso" pos="ADJ">stesso</wf>
         <wf lemma="che" pos="X">che</wf>
         <wf lemma="il" pos="X">lo</wf>
         <wf lemma="scorso" pos="ADJ">scorso</wf>
         <instance id="d000.s438.t004" lemma="anno" pos="NOUN">anno</instance>
         <wf lemma="in" pos="X">in</wf>
         <wf lemma="entrambi" pos="ADJ">entrambi</wf>
         <wf lemma="il" pos="X">i</wf>
         <instance id="d000.s438.t005" lemma="caso" pos="NOUN">casi</instance>
         <wf lemma="," pos="X">,</wf>
         <wf lemma="ma" pos="X">ma</wf>
         <wf lemma="in" pos="X">in</wf>
         <wf lemma="forte" pos="ADJ">forte</wf>
         <instance id="d000.s438.t006" lemma="aumento" pos="NOUN">aumento</instance>
         <wf lemma="rispettare" pos="VERB">rispetto</wf>
         <wf lemma="al" pos="X">al</wf>
         <wf lemma="@card@" pos="NOUN">2003</wf>
         <wf lemma="(" pos="X">(</wf>
         <wf lemma="@card@" pos="NOUN">17</wf>
         <wf lemma="%" pos="X">%</wf>
         <wf lemma="e" pos="X">e</wf>
         <wf lemma="@card@" pos="NOUN">24</wf>
         <wf lemma="%" pos="X">%</wf>
         <wf lemma="rispettivamente" pos="ADV">rispettivamente</wf>
         <wf lemma=")" pos="X">)</wf>
         <wf lemma="." pos="X">.</wf>
      </sentence>
      <sentence id="d000.s439" source="semeval2010-it">
         <wf lemma="Sugli" pos="X">Sugli</wf>
         <instance id="d000.s439.t000" lemma="affioramento" pos="NOUN">affioramenti</instance>
         <wf lemma="ritenuti" pos="X">ritenuti</wf>
         <wf lemma="idonei" pos="X">idonei</wf>
         <wf lemma="," pos="X">,</wf>
         <wf lemma="saranno" pos="X">saranno</wf>
         <wf lemma="infine" pos="X">infine</wf>
         <wf lemma="condotti" pos="X">condotti</wf>
         <wf lemma="campionamenti" pos="X">campionamenti</wf>
         <wf lemma="di" pos="X">di</wf>
         <instance id="d000.s439.t001" lemma="roccia" pos="NOUN">roccia</instance>
         <wf lemma="e" pos="X">e</wf>
         <wf lemma="di" pos="X">di</wf>
         <wf lemma="sedimento" pos="X">sedimento</wf>
         <wf lemma="nell'" pos="X">nell'</wf>
         <wf lemma="intorno" pos="X">intorno</wf>
         <wf lemma="," pos="X">,</wf>
         <wf lemma="oltre" pos="X">oltre</wf>
         <wf lemma="a" pos="X">a</wf>
         <wf lemma="prelievo" pos="X">prelievo</wf>
         <wf lemma="di" pos="X">di</wf>
         <instance id="d000.s439.t002" lemma="gas" pos="NOUN">gas</instance>
         <wf lemma="laddove" pos="X">laddove</wf>
         <wf lemma="siano" pos="X">siano</wf>
         <wf lemma="presenti" pos="X">presenti</wf>
         <instance id="d000.s439.t003" lemma="fenomeno" pos="NOUN">fenomeni</instance>
         <wf lemma="di" pos="X">di</wf>
         <wf lemma="gorgogliamento" pos="X">gorgogliamento</wf>
         <wf lemma="dal" pos="X">dal</wf>
         <wf lemma="substrato" pos="X">substrato</wf>
         <wf lemma="." pos="X">.</wf>
      </sentence>
      <sentence id="d000.s440" source="semeval2013-it">
         <wf lemma="il" pos="X">La</wf>
         <instance id="d000.s440.t000" lemma="criminalità" pos="NOUN">criminalità</instance>
         <wf lemma="essere" pos="VERB">è</wf>
         <wf lemma="diventare" pos="VERB">diventata</wf>
         <wf lemma="una" pos="X">una</wf>
         <instance id="d000.s440.t001" lemma="preoccupazione" pos="NOUN">preoccupazione</instance>
         <wf lemma="più" pos="ADV">più</wf>
         <wf lemma="grande" pos="ADJ">grande</wf>
         <wf lemma="del" pos="X">della</wf>
         <instance id="d000.s440.t002" lemma="disoccupazione" pos="NOUN">disoccupazione</instance>
         <wf lemma="." pos="X">.</wf>
      </sentence>
      <sentence id="d000.s441" source="semeval2015-it">
         <wf pos="X">Quando</wf>
         <wf lemma="avere" pos="VERB">hai</wf>
         <instance id="d000.s441.t000" lemma="inserire" pos="VERB">inserito</instance>
         <wf pos="X">la</wf>
         <instance id="d000.s441.t001" lemma="funzione" pos="NOUN">funzione</instance>
         <instance id="d000.s441.t002" lemma="premere" pos="VERB">premi</instance>
         <instance id="d000.s441.t003" lemma="ok" pos="NOUN">OK</instance>
         <wf pos="X">per</wf>
         <instance id="d000.s441.t004" lemma="visualizzare" pos="VERB">visualizzare</instance>
         <wf pos="X">il</wf>
         <wf lemma="grafico" pos="NOUN">grafico</wf>
         <wf pos="X">nella</wf>
         <instance id="d000.s441.t005" lemma="finestra" pos="NOUN">finestra</instance>
         <instance id="d000.s441.t006" lemma="principale" pos="ADJ">principale</instance>
         <wf pos="X">.</wf>
      </sentence>
      <sentence id="d000.s442" source="semeval2013-it">
         <wf lemma="il" pos="X">Lo</wf>
         <instance id="d000.s442.t000" lemma="studio_legale" pos="NOUN">studio_legale</instance>
         <wf lemma="di" pos="X">di</wf>
         <wf lemma="Clement" pos="NOUN">Clement</wf>
         <wf lemma="," pos="X">,</wf>
         <wf lemma="bancroft" pos="NOUN">Bancroft</wf>
         <wf lemma="PLLC" pos="NOUN">PLLC</wf>
         <wf lemma="," pos="X">,</wf>
         <wf lemma="essere" pos="VERB">è</wf>
         <wf lemma="essere|stare" pos="VERB">stato</wf>
         <wf lemma="uno" pos="ADJ">uno</wf>
         <wf lemma="tra" pos="X">tra</wf>
         <wf lemma="circa" pos="ADV">circa</wf>
         <wf lemma="una" pos="X">una</wf>
         <wf lemma="ventina" pos="NOUN">ventina</wf>
         <wf lemma="di" pos="X">di</wf>
         <instance id="d000.s442.t001" lemma="studio_legale" pos="NOUN">studi_legali</instance>
         <wf lemma="che" pos="X">che</wf>
         <wf lemma="avere" pos="VERB">hanno</wf>
         <wf lemma="contribuire" pos="VERB">contribuito</wf>
         <wf lemma="a" pos="X">a</wf>
         <wf lemma="sponsorizzare" pos="VERB">sponsorizzare</wf>
         <wf lemma="il" pos="X">la</wf>
         <wf lemma="cena" pos="NOUN">cena</wf>
         <wf lemma="annuale" pos="ADJ">annuale</wf>
         <wf lemma="del" pos="X">della</wf>
         <wf lemma="Federalist" pos="NOUN">Federalist</wf>
         <wf lemma="Society" pos="NOUN">Society</wf>
         <wf lemma="," pos="X">,</wf>
         <wf lemma="un" pos="X">un</wf>
         <instance id="d000.s442.t002" lemma="gruppo" pos="NOUN">gruppo</instance>
         <wf lemma="che" pos="X">che</wf>
         <wf lemma="da" pos="X">da</wf>
         <wf lemma="lungo" pos="ADJ">lungo</wf>
         <instance id="d000.s442.t003" lemma="tempo" pos="NOUN">tempo</instance>
         <wf lemma="promuovere" pos="VERB">promuove</wf>
         <instance id="d000.s442.t004" lemma="principio_giuridico" pos="NOUN">principi_giuridici</instance>
         <wf lemma="conservatore" pos="NOUN">conservatori</wf>
         <wf lemma="." pos="X">.</wf>
      </sentence>
      <sentence id="d000.s443" source="semeval2015-it">
         <wf pos="X">Come</wf>
         <wf pos="X">si</wf>
         <instance id="d000.s443.t000" lemma="usare" pos="VERB">usa</instance>
         <wf lemma="alimta" pos="NOUN">Alimta</wf>
         <wf pos="X">?</wf>
      </sentence>
      <sentence id="d000.s444" source="semeval2010-it">
         <wf lemma="Questo" pos="X">Questo</wf>
         <wf lemma="tipo" pos="X">tipo</wf>
         <wf lemma="di" pos="X">di</wf>
         <wf lemma="indagine" pos="X">indagine</wf>
         <wf lemma="verrà" pos="X">verrà</wf>
         <wf lemma="applicato" pos="X">applicato</wf>
         <wf lemma="anche" pos="X">anche</wf>
         <wf lemma="per" pos="X">per</wf>
         <wf lemma="la" pos="X">la</wf>
         <instance id="d000.s444.t000" lemma="descrizione" pos="NOUN">descrizione</instance>
         <wf lemma="del" pos="X">del</wf>
         <wf lemma="popolamento" pos="X">popolamento</wf>
         <wf lemma="macroalgale" pos="X">macroalgale</wf>
         <wf lemma="." pos="X">.</wf>
      </sentence>
      <sentence id="d000.s445" source="semeval2015-it">
         <wf pos="X">Non</wf>
         <instance id="d000.s445.t000" lemma="importare" pos="VERB">importa</instance>
         <wf pos="X">che</wf>
         <instance id="d000.s445.t001" lemma="tipo" pos="NOUN">tipo</instance>
         <wf pos="X">di</wf>
         <instance id="d000.s445.t002" lemma="funzione" pos="NOUN">funzione</instance>
         <wf lemma="essere" pos="VERB">sia</wf>
         <wf pos="X">.</wf>
      </sentence>
      <sentence id="d000.s446" source="semeval2013-it">
         <wf lemma="uno" pos="NOUN">Uno</wf>
         <wf lemma="del" pos="X">dei</wf>
         <instance id="d000.s446.t000" lemma="vantaggio" pos="NOUN">vantaggi</instance>
         <wf lemma="che" pos="X">che</wf>
         <wf lemma="includere" pos="VERB">includono</wf>
         <wf lemma="il" pos="X">lo</wf>
         <instance id="d000.s446.t001" lemma="spirito" pos="NOUN">spirito</instance>
         <wf lemma="sportivo" pos="ADJ">sportivo</wf>
         <wf lemma="essere" pos="VERB">è</wf>
         <wf lemma="il" pos="X">l'</wf>
         <instance id="d000.s446.t002" lemma="integrità" pos="NOUN">integrità</instance>
         <wf lemma="fisico" pos="ADJ">fisica</wf>
         <wf lemma="del" pos="X">dei</wf>
         <instance id="d000.s446.t003" lemma="giocatore" pos="NOUN">giocatori</instance>
         <wf lemma="avversario" pos="ADJ">avversari</wf>
         <wf lemma="," pos="X">,</wf>
         <instance id="d000.s446.t004" lemma="aspetto" pos="NOUN">aspetto</instance>
         <wf lemma="che" pos="X">che</wf>
         <wf lemma="con" pos="X">con</wf>
         <wf lemma="questo" pos="X">queste</wf>
         <instance id="d000.s446.t005" lemma="azione" pos="NOUN">azioni</instance>
         <wf lemma="non" pos="ADV">non</wf>
         <wf lemma="essere" pos="VERB">è</wf>
         <wf lemma="essere|stare" pos="VERB">stato</wf>
         <wf lemma="mettere" pos="VERB">messo</wf>
         <wf lemma="in" pos="X">in</wf>
         <instance id="d000.s446.t006" lemma="pericolo" pos="NOUN">pericolo</instance>
         <wf lemma="," pos="X">,</wf>
         <wf lemma="cioè" pos="ADV">cioè</wf>
         <wf lemma="," pos="X">,</wf>
         <wf lemma="non" pos="ADV">non</wf>
         <wf lemma="c'" pos="X">c'</wf>
         <wf lemma="essere" pos="VERB">era</wf>
         <instance id="d000.s446.t007" lemma="gioco" pos="NOUN">gioco</instance>
         <wf lemma="violento" pos="ADJ">violento</wf>
         <wf lemma="." pos="X">.</wf>
      </sentence>
      <sentence id="d000.s447" source="semeval2013-it">
         <wf lemma="il" pos="X">I</wf>
         <wf lemma="dente" pos="NOUN">denti</wf>
         <wf lemma="in" pos="X">in</wf>
         <instance id="d000.s447.t000" lemma="questione" pos="NOUN">questione</instance>
         <wf lemma="," pos="X">,</wf>
         <wf lemma="anzichè" pos="X">anzichè</wf>
         <wf lemma="servire" pos="VERB">servire</wf>
         <wf lemma="a" pos="X">a</wf>
         <wf lemma="dissuadere" pos="VERB">dissuadere</wf>
         <wf lemma="il" pos="X">gli</wf>
         <instance id="d000.s447.t001" lemma="immigrato" pos="NOUN">immigrati</instance>
         <wf lemma="," pos="X">,</wf>
         <wf lemma="avere" pos="VERB">hanno</wf>
         <wf lemma="avere" pos="VERB">avuto</wf>
         <wf lemma="esattamente" pos="ADV">esattamente</wf>
         <wf lemma="il" pos="X">l'</wf>
         <instance id="d000.s447.t002" lemma="effetto" pos="NOUN">effetto</instance>
         <wf lemma="opposto" pos="ADJ">opposto</wf>
         <wf lemma="." pos="X">.</wf>
      </sentence>
      <sentence id="d000.s448" source="semeval2015-it">
         <wf pos="X">Questi</wf>
         <wf lemma="studio" pos="NOUN">studi</wf>
         <wf lemma="avere" pos="VERB">hanno</wf>
         <wf lemma="analizzare" pos="VERB">analizzato</wf>
         <wf pos="X">il</wf>
         <wf lemma="contesto" pos="NOUN">contesto</wf>
         <wf pos="X">delle</wf>
         <wf lemma="iniziativa" pos="NOUN">iniziative</wf>
         <wf pos="X">e</wf>
         <wf pos="X">il</wf>
         <wf pos="X">loro</wf>
         <wf lemma="impatto" pos="NOUN">impatto</wf>
         <wf pos="X">sui</wf>
         <wf lemma="modello" pos="NOUN">modelli</wf>
         <wf lemma="occupazionale" pos="ADJ">occupazionali</wf>
         <wf pos="X">e</wf>
         <wf pos="X">sulle</wf>
         <instance id="d000.s448.t000" lemma="organizzazione_del_lavoro" pos="NOUN">organizzazioni_del_lavoro</instance>
         <wf pos="X">,</wf>
         <wf lemma="valutare" pos="VERB">valutando</wf>
         <wf pos="X">inoltre</wf>
         <wf pos="X">i</wf>
         <wf lemma="vantaggio" pos="NOUN">vantaggi</wf>
         <wf pos="X">e</wf>
         <wf pos="X">i</wf>
         <wf lemma="problema" pos="NOUN">problemi</wf>
         <wf pos="X">dell'</wf>
         <wf lemma="iniziativa" pos="NOUN">iniziativa</wf>
         <wf pos="X">.</wf>
      </sentence>
      <sentence id="d000.s449" source="semeval2010-it">
         <wf lemma="Questi" pos="X">Questi</wf>
         <wf lemma="strumenti" pos="X">strumenti</wf>
         <wf lemma="rappresentano" pos="X">rappresentano</wf>
         <wf lemma="un" pos="X">un</wf>
         <wf lemma="riferimento" pos="X">riferimento</wf>
         <wf lemma="di" pos="X">di</wf>
         <wf lemma="fondamentale" pos="X">fondamentale</wf>
         <wf lemma="importanza" pos="X">importanza</wf>
         <wf lemma="per" pos="X">per</wf>
         <wf lemma="la" pos="X">la</wf>
         <wf lemma="definizione" pos="X">definizione</wf>
         <wf lemma="di" pos="X">di</wf>
         <wf lemma="strategie" pos="X">strategie</wf>
         <wf lemma="di" pos="X">di</wf>
         <instance id="d000.s449.t000" lemma="pianificazione" pos="NOUN">pianificazione</instance>
         <wf lemma="e" pos="X">e</wf>
         <wf lemma="di" pos="X">di</wf>
         <instance id="d000.s449.t001" lemma="programmazione" pos="NOUN">programmazione</instance>
         <wf lemma="dello" pos="X">dello</wf>
         <instance id="d000.s449.t002" lemma="sviluppo" pos="NOUN">sviluppo</instance>
         <wf lemma="del" pos="X">del</wf>
         <wf lemma="territorio" pos="X">territorio</wf>
         <wf lemma="a" pos="X">a</wf>
         <wf lemma="livello" pos="X">livello</wf>
         <wf lemma="locale" pos="X">locale</wf>
         <wf lemma="." pos="X">.</wf>
      </sentence>
      <sentence id="d000.s450" source="semeval2010-it">
         <wf lemma="(" pos="X">(</wf>
         <wf lemma="non" pos="X">non</wf>
         <wf lemma="calibrata" pos="X">calibrata</wf>
         <wf lemma=")" pos="X">)</wf>
         <wf lemma="corrispondente" pos="X">corrispondente</wf>
         <wf lemma="a" pos="X">a</wf>
         <wf lemma="3840+/-90" pos="X">3840+/-90</wf>
         <instance id="d000.s450.t000" lemma="anno" pos="NOUN">anni</instance>
         <wf lemma="." pos="X">.</wf>
      </sentence>
      <sentence id="d000.s451" source="semeval2015-it">
         <wf lemma="cerenia" pos="NOUN">Cerenia</wf>
         <wf lemma="essere" pos="VERB">è</wf>
         <wf lemma="generalmente" pos="ADV">generalmente</wf>
         <wf lemma="bene" pos="ADV">ben</wf>
         <wf lemma="tollerare" pos="VERB">tollerato</wf>
         <wf pos="X">se</wf>
         <wf lemma="somministrare" pos="VERB">somministrato</wf>
         <wf lemma="giornalmente" pos="ADV">giornalmente</wf>
         <wf pos="X">con</wf>
         <wf lemma="dose" pos="NOUN">dosi</wf>
         <wf pos="X">fino</wf>
         <wf pos="X">a</wf>
         <wf pos="X">5</wf>
         <wf lemma="volta" pos="NOUN">volte</wf>
         <wf pos="X">la</wf>
         <wf lemma="dose" pos="NOUN">dose</wf>
         <wf lemma="raccomandare" pos="VERB">raccomandata</wf>
         <wf pos="X">per</wf>
         <wf pos="X">un</wf>
         <wf lemma="lungo" pos="ADJ">lungo</wf>
         <instance id="d000.s451.t000" lemma="periodo_di_tempo" pos="NOUN">periodo_di_tempo</instance>
         <wf pos="X">(</wf>
         <wf pos="X">fino</wf>
         <wf pos="X">a</wf>
         <wf pos="X">3</wf>
         <wf lemma="volta" pos="NOUN">volte</wf>
         <wf pos="X">la</wf>
         <wf lemma="durata" pos="NOUN">durata</wf>
         <wf pos="X">di</wf>
         <wf lemma="trattamento" pos="NOUN">trattamento</wf>
         <wf lemma="raccomandato" pos="ADJ">raccomandata</wf>
         <wf pos="X">)</wf>
         <wf pos="X">.</wf>
      </sentence>
      <sentence id="d000.s452" source="semeval2013-it">
         <wf lemma="il" pos="X">L'</wf>
         <instance id="d000.s452.t000" lemma="Iraq" pos="NOUN">Iraq</instance>
         <wf lemma="avere" pos="VERB">ha</wf>
         <wf lemma="finalmente" pos="ADV">finalmente</wf>
         <wf lemma="aprire" pos="VERB">aperto</wf>
         <wf lemma="il" pos="X">le</wf>
         <instance id="d000.s452.t001" lemma="porta" pos="NOUN">porte</instance>
         <wf lemma="dopo" pos="X">dopo</wf>
         <wf lemma="sei" pos="ADJ">sei</wf>
         <instance id="d000.s452.t002" lemma="anno" pos="NOUN">anni</instance>
         <wf lemma="di" pos="X">di</wf>
         <instance id="d000.s452.t003" lemma="guerra" pos="NOUN">guerra</instance>
         <wf lemma="," pos="X">,</wf>
         <wf lemma="e" pos="X">e</wf>
         <wf lemma="invece" pos="ADV">invece</wf>
         <wf lemma="di" pos="X">di</wf>
         <instance id="d000.s452.t004" lemma="compagnia" pos="NOUN">compagnie</instance>
         <wf lemma="statunitense" pos="ADJ">statunitensi</wf>
         <wf lemma="," pos="X">,</wf>
         <wf lemma="ci" pos="X">ci</wf>
         <wf lemma="essere|sonare" pos="VERB">sono</wf>
         <wf lemma="il" pos="X">l'</wf>
         <instance id="d000.s452.t005" lemma="Asia" pos="NOUN">Asia</instance>
         <wf lemma="e" pos="X">e</wf>
         <wf lemma="il" pos="X">l'</wf>
         <instance id="d000.s452.t006" lemma="Europa" pos="NOUN">Europa</instance>
         <wf lemma="a" pos="X">a</wf>
         <wf lemma="fare" pos="VERB">fare</wf>
         <wf lemma="strada" pos="NOUN">strada</wf>
         <wf lemma="," pos="X">,</wf>
         <wf lemma="avere" pos="VERB">ha</wf>
         <wf lemma="dire" pos="VERB">detto</wf>
         <wf lemma="ruba" pos="NOUN">Ruba</wf>
         <wf lemma="Husari" pos="NOUN">Husari</wf>
         <wf lemma="," pos="X">,</wf>
         <wf lemma="il" pos="X">il</wf>
         <instance id="d000.s452.t007" lemma="direttore" pos="NOUN">direttore</instance>
         <wf lemma="del" pos="X">del</wf>
         <wf lemma="forum" pos="NOUN">Forum</wf>
         <wf lemma="petrolifero" pos="ADJ">petrolifero</wf>
         <wf lemma="iracheno" pos="ADJ">iracheno</wf>
         <wf lemma="," pos="X">,</wf>
         <wf lemma="un'" pos="X">un'</wf>
         <instance id="d000.s452.t008" lemma="agenzia" pos="NOUN">agenzia</instance>
         <wf lemma="online" pos="ADJ">online</wf>
         <wf lemma="." pos="X">.</wf>
      </sentence>
      <sentence id="d000.s453" source="semeval2013-it">
         <wf lemma="Cockell" pos="NOUN">Cockell</wf>
         <wf lemma="non" pos="ADV">non</wf>
         <wf lemma="essere" pos="VERB">era</wf>
         <instance id="d000.s453.t000" lemma="parte" pos="NOUN">parte</instance>
         <wf lemma="del" pos="X">del</wf>
         <instance id="d000.s453.t001" lemma="gruppo" pos="NOUN">gruppo</instance>
         <wf lemma="di" pos="X">di</wf>
         <instance id="d000.s453.t002" lemma="ricerca" pos="NOUN">ricerca</instance>
         <wf lemma="." pos="X">.</wf>
      </sentence>
      <sentence id="d000.s454" source="semeval2015-it">
         <instance id="d000.s454.t000" lemma="finestra" pos="NOUN">Finestra</instance>
         <instance id="d000.s454.t001" lemma="principale" pos="ADJ">principale</instance>
         <wf pos="X">di</wf>
         <wf lemma="kalgebra" pos="NOUN">kalgebra</wf>
      </sentence>
      <sentence id="d000.s455" source="semeval2010-it">
         <wf lemma="Sono" pos="X">Sono</wf>
         <wf lemma="formazioni" pos="X">formazioni</wf>
         <wf lemma="sottomarine" pos="X">sottomarine</wf>
         <wf lemma="molto" pos="X">molto</wf>
         <wf lemma="importanti" pos="X">importanti</wf>
         <wf lemma="per" pos="X">per</wf>
         <wf lemma="quanto" pos="X">quanto</wf>
         <wf lemma="riguarda" pos="X">riguarda</wf>
         <wf lemma="l'" pos="X">l'</wf>
         <wf lemma="aspetto" pos="X">aspetto</wf>
         <wf lemma="biologico" pos="X">biologico</wf>
         <wf lemma="," pos="X">,</wf>
         <wf lemma="in" pos="X">in</wf>
         <wf lemma="quanto" pos="X">quanto</wf>
         <wf lemma="sono" pos="X">sono</wf>
         <wf lemma="oasi" pos="X">oasi</wf>
         <wf lemma="di" pos="X">di</wf>
         <instance id="d000.s455.t000" lemma="vita" pos="NOUN">vita</instance>
         <wf lemma="in" pos="X">in</wf>
         <wf lemma="cui" pos="X">cui</wf>
         <wf lemma="si" pos="X">si</wf>
         <wf lemma="concentra" pos="X">concentra</wf>
         <wf lemma="la" pos="X">la</wf>
         <wf lemma="flora" pos="X">flora</wf>
         <wf lemma="e" pos="X">e</wf>
         <wf lemma="la" pos="X">la</wf>
         <wf lemma="fauna" pos="X">fauna</wf>
         <wf lemma="dei" pos="X">dei</wf>
         <instance id="d000.s455.t001" lemma="fondo" pos="NOUN">fondi</instance>
         <wf lemma="duri" pos="X">duri</wf>
         <wf lemma="e" pos="X">e</wf>
         <wf lemma="costituiscono" pos="X">costituiscono</wf>
         <wf lemma="veri" pos="X">veri</wf>
         <wf lemma="e" pos="X">e</wf>
         <wf lemma="propri" pos="X">propri</wf>
         <wf lemma="rifugi" pos="X">rifugi</wf>
         <wf lemma="sottomarini" pos="X">sottomarini</wf>
         <wf lemma="," pos="X">,</wf>
         <wf lemma="ricchi" pos="X">ricchi</wf>
         <wf lemma="di" pos="X">di</wf>
         <wf lemma="biodiversità" pos="X">biodiversità</wf>
         <wf lemma="." pos="X">.</wf>
      </sentence>
      <sentence id="d000.s456" source="semeval2013-it">
         <wf lemma="nulla" pos="ADV">Nulla</wf>
         <wf lemma="di" pos="X">di</wf>
         <wf lemma="nuovo" pos="ADJ">nuovo</wf>
         <wf lemma=":" pos="X">:</wf>
         <wf lemma="il" pos="X">i</wf>
         <wf lemma="due" pos="ADJ">due</wf>
         <instance id="d000.s456.t000" lemma="giudice" pos="NOUN">giudici</instance>
         <wf lemma="avere" pos="VERB">hanno</wf>
         <wf lemma="frequentare" pos="VERB">frequentato</wf>
         <wf lemma="il" pos="X">gli</wf>
         <instance id="d000.s456.t001" lemma="evento" pos="NOUN">eventi</instance>
         <wf lemma="del" pos="X">della</wf>
         <wf lemma="Federalist" pos="NOUN">Federalist</wf>
         <wf lemma="Society" pos="NOUN">Society</wf>
         <wf lemma="per" pos="X">per</wf>
         <instance id="d000.s456.t002" lemma="anno" pos="NOUN">anni</instance>
         <wf lemma="." pos="X">.</wf>
      </sentence>
      <sentence id="d000.s457" source="semeval2013-it">
         <wf lemma="ma" pos="X">Ma</wf>
         <wf lemma="il" pos="X">gli</wf>
         <instance id="d000.s457.t000" lemma="avvocato" pos="NOUN">avvocati</instance>
         <wf lemma="del" pos="X">del</wf>
         <instance id="d000.s457.t001" lemma="signor" pos="NOUN">signor</instance>
         <wf lemma="Hayes" pos="NOUN">Hayes</wf>
         <wf lemma="avere" pos="VERB">hanno</wf>
         <wf lemma="già" pos="ADV">già</wf>
         <wf lemma="preparare" pos="VERB">preparato</wf>
         <wf lemma="il" pos="X">la</wf>
         <wf lemma="documentazione" pos="NOUN">documentazione</wf>
         <wf lemma="processuale" pos="ADJ">processuale</wf>
         <wf lemma="che" pos="X">che</wf>
         <wf lemma="delineare" pos="VERB">delinea</wf>
         <wf lemma="il" pos="X">gli</wf>
         <instance id="d000.s457.t002" lemma="argomento" pos="NOUN">argomenti</instance>
         <wf lemma="del" pos="X">dei</wf>
         <instance id="d000.s457.t003" lemma="ricorso" pos="NOUN">ricorsi</instance>
         <wf lemma="che" pos="X">che</wf>
         <wf lemma="verosimilmente" pos="ADV">verosimilmente</wf>
         <wf lemma="potere" pos="VERB">possono</wf>
         <wf lemma="occupare" pos="VERB">occupare</wf>
         <wf lemma="il" pos="X">i</wf>
         <instance id="d000.s457.t004" lemma="tribunale" pos="NOUN">tribunali</instance>
         <wf lemma="per" pos="X">per</wf>
         <instance id="d000.s457.t005" lemma="anno" pos="NOUN">anni</instance>
         <wf lemma="." pos="X">.</wf>
      </sentence>
      <sentence id="d000.s458" source="semeval2015-it">
         <wf pos="X">Per</wf>
         <wf pos="X">tali</wf>
         <instance id="d000.s458.t000" lemma="scopo" pos="NOUN">scopi</instance>
         <wf lemma="cerenia" pos="NOUN">Cerenia</wf>
         <wf lemma="potere" pos="VERB">può</wf>
         <wf lemma="essere" pos="VERB">essere</wf>
         <instance id="d000.s458.t001" lemma="somministrare" pos="VERB">somministrato</instance>
         <wf pos="X">fino</wf>
         <wf pos="X">a</wf>
         <wf pos="X">un</wf>
         <instance id="d000.s458.t002" lemma="massimo" pos="NOUN">massimo</instance>
         <wf pos="X">di</wf>
         <instance id="d000.s458.t003" lemma="cinque" pos="ADJ">cinque</instance>
         <wf lemma="giorno" pos="NOUN">giorni</wf>
         <wf pos="X">.</wf>
      </sentence>
      <sentence id="d000.s459" source="semeval2010-it">
         <wf lemma="Perdita" pos="X">Perdita</wf>
         <wf lemma="di" pos="X">di</wf>
         <instance id="d000.s459.t000" lemma="habitat" pos="NOUN">habitat</instance>
         <wf lemma="naturali" pos="X">naturali</wf>
         <wf lemma="," pos="X">,</wf>
         <wf lemma="suddivisi" pos="X">suddivisi</wf>
         <wf lemma="per" pos="X">per</wf>
         <wf lemma="biomi" pos="X">biomi</wf>
         <wf lemma="." pos="X">.</wf>
      </sentence>
      <sentence id="d000.s460" source="semeval2013-it">
         <wf lemma="il" pos="X">La</wf>
         <wf lemma="scorso" pos="ADJ">scorsa</wf>
         <instance id="d000.s460.t000" lemma="settimana" pos="NOUN">settimana</instance>
         <wf lemma="Casillas" pos="NOUN">Casillas</wf>
         <wf lemma="e" pos="X">e</wf>
         <wf lemma="xavi" pos="NOUN">Xavi</wf>
         <wf lemma="essere" pos="VERB">sono</wf>
         <wf lemma="essere|stare" pos="VERB">stati</wf>
         <wf lemma="accreditare" pos="VERB">accreditati</wf>
         <wf lemma="dal" pos="X">dalla</wf>
         <wf lemma="UEFA" pos="NOUN">UEFA</wf>
         <wf lemma="," pos="X">,</wf>
         <wf lemma="insieme" pos="ADV">insieme</wf>
         <wf lemma="ad" pos="X">ad</wf>
         <wf lemma="altro" pos="X">altri</wf>
         <instance id="d000.s460.t001" lemma="giocatore" pos="NOUN">giocatori</instance>
         <wf lemma="del" pos="X">della</wf>
         <instance id="d000.s460.t002" lemma="squadra" pos="NOUN">squadra</instance>
         <wf lemma="iberico" pos="ADJ">iberica</wf>
         <wf lemma="Zubizarreta" pos="NOUN">Zubizarreta</wf>
         <wf lemma="con" pos="X">con</wf>
         <wf lemma="@card@" pos="NOUN">126</wf>
         <wf lemma="partita" pos="NOUN">partite</wf>
         <wf lemma="e" pos="X">e</wf>
         <wf lemma="il" pos="X">l'</wf>
         <instance id="d000.s460.t003" lemma="attaccante" pos="NOUN">attaccante</instance>
         <wf lemma="del" pos="X">dello</wf>
         <wf lemma="Schalke" pos="NOUN">Schalke</wf>
         <wf lemma="," pos="X">,</wf>
         <wf lemma="raul_gonzalez" pos="NOUN">Raul_Gonzalez</wf>
         <wf lemma="con" pos="X">con</wf>
         <wf lemma="@card@" pos="NOUN">102</wf>
         <wf lemma="." pos="X">.</wf>
      </sentence>
      <sentence id="d000.s461" source="semeval2013-it">
         <wf lemma="il" pos="X">Le</wf>
         <wf lemma="maggiore" pos="ADJ">maggiori</wf>
         <instance id="d000.s461.t000" lemma="impresa" pos="NOUN">imprese</instance>
         <wf lemma="USA" pos="NOUN">USA</wf>
         <wf lemma="come" pos="X">come</wf>
         <wf lemma="il" pos="X">la</wf>
         <wf lemma="Chevron" pos="NOUN">Chevron</wf>
         <wf lemma="e" pos="X">e</wf>
         <wf lemma="il" pos="X">la</wf>
         <wf lemma="ConocoPhillips" pos="NOUN">ConocoPhillips</wf>
         <wf lemma="," pos="X">,</wf>
         <wf lemma="che" pos="X">che</wf>
         <wf lemma="avere" pos="VERB">hanno</wf>
         <wf lemma="coltivare" pos="VERB">coltivato</wf>
         <wf lemma="stretto" pos="ADJ">stretti</wf>
         <wf lemma="legame" pos="NOUN">legami</wf>
         <wf lemma="con" pos="X">con</wf>
         <wf lemma="il" pos="X">il</wf>
         <instance id="d000.s461.t001" lemma="ministero" pos="NOUN">ministero</instance>
         <wf lemma="del" pos="X">del</wf>
         <instance id="d000.s461.t002" lemma="petrolio" pos="NOUN">petrolio</instance>
         <wf lemma="iracheno" pos="ADJ">iracheno</wf>
         <wf lemma="e" pos="X">e</wf>
         <wf lemma="avere" pos="VERB">hanno</wf>
         <wf lemma="fornire" pos="VERB">fornito</wf>
         <instance id="d000.s461.t003" lemma="consulenza" pos="NOUN">consulenza</instance>
         <wf lemma="tecnico" pos="ADJ">tecnica</wf>
         <wf lemma="nel" pos="X">nei</wf>
         <wf lemma="recente" pos="ADJ">recenti</wf>
         <instance id="d000.s461.t004" lemma="anno" pos="NOUN">anni</instance>
         <wf lemma="," pos="X">,</wf>
         <wf lemma="se" pos="X">se</wf>
         <wf lemma="ne" pos="ADV">ne</wf>
         <wf lemma="essere|sonare" pos="VERB">sono</wf>
         <wf lemma="andare" pos="VERB">andate</wf>
         <wf lemma="a" pos="X">a</wf>
         <instance id="d000.s461.t005" lemma="mano" pos="NOUN">mani</instance>
         <wf lemma="vuoto" pos="ADJ">vuote</wf>
         <wf lemma="." pos="X">.</wf>
      </sentence>
      <sentence id="d000.s462" source="semeval2013-it">
         <wf lemma="circa" pos="ADV">Circa</wf>
         <wf lemma="il" pos="X">il</wf>
         <wf lemma="@card@" pos="NOUN">31</wf>
         <wf lemma="%" pos="X">%</wf>
         <wf lemma="dire" pos="VERB">dice</wf>
         <wf lemma="che" pos="X">che</wf>
         <wf lemma="essi" pos="X">essi</wf>
         <wf lemma="stesso" pos="ADJ">stessi</wf>
         <wf lemma="o" pos="X">o</wf>
         <wf lemma="un" pos="X">un</wf>
         <instance id="d000.s462.t000" lemma="parente" pos="NOUN">parente</instance>
         <wf lemma="stretto" pos="ADJ">stretto</wf>
         <wf lemma="essere" pos="VERB">sono</wf>
         <wf lemma="essere|stare" pos="VERB">stati</wf>
         <instance id="d000.s462.t001" lemma="vittima" pos="NOUN">vittime</instance>
         <wf lemma="di" pos="X">di</wf>
         <instance id="d000.s462.t002" lemma="reato" pos="NOUN">reato</instance>
         <wf lemma="nel" pos="X">nell'</wf>
         <wf lemma="arco" pos="NOUN">arco</wf>
         <wf lemma="del" pos="X">dello</wf>
         <wf lemma="scorso" pos="ADJ">scorso</wf>
         <instance id="d000.s462.t003" lemma="anno" pos="NOUN">anno</instance>
         <wf lemma="," pos="X">,</wf>
         <wf lemma="tuttavia" pos="ADV">tuttavia</wf>
         <wf lemma="un" pos="X">un</wf>
         <instance id="d000.s462.t004" lemma="numero" pos="NOUN">numero</instance>
         <wf lemma="in" pos="X">in</wf>
         <wf lemma="ribasso" pos="NOUN">ribasso</wf>
         <wf lemma="rispettare" pos="VERB">rispetto</wf>
         <wf lemma="al" pos="X">al</wf>
         <wf lemma="@card@" pos="NOUN">38</wf>
         <wf lemma="%" pos="X">%</wf>
         <wf lemma="del" pos="X">dello</wf>
         <wf lemma="scorso" pos="ADJ">scorso</wf>
         <instance id="d000.s462.t005" lemma="anno" pos="NOUN">anno</instance>
         <wf lemma="e" pos="X">e</wf>
         <wf lemma="il" pos="X">il</wf>
         <wf lemma="più" pos="ADV">più</wf>
         <wf lemma="basso" pos="ADJ">basso</wf>
         <wf lemma="dal" pos="X">dal</wf>
         <wf lemma="@card@" pos="NOUN">1995</wf>
         <wf lemma="." pos="X">.</wf>
      </sentence>
      <sentence id="d000.s463" source="semeval2010-it">
         <wf lemma="Ventesimo" pos="X">Ventesimo</wf>
         <instance id="d000.s463.t000" lemma="secolo" pos="NOUN">secolo</instance>
         <wf lemma="." pos="X">.</wf>
      </sentence>
      <sentence id="d000.s464" source="semeval2010-it">
         <wf lemma="L'" pos="X">L'</wf>
         <wf lemma="agricoltura" pos="X">agricoltura</wf>
         <wf lemma="si" pos="X">si</wf>
         <wf lemma="è" pos="X">è</wf>
         <wf lemma="espansa" pos="X">espansa</wf>
         <wf lemma="in" pos="X">in</wf>
         <wf lemma="Australasia" pos="X">Australasia</wf>
         <wf lemma="ad" pos="X">ad</wf>
         <wf lemma="un" pos="X">un</wf>
         <instance id="d000.s464.t000" lemma="tasso" pos="NOUN">tasso</instance>
         <wf lemma="simile" pos="X">simile</wf>
         <wf lemma="a" pos="X">a</wf>
         <wf lemma="quello" pos="X">quello</wf>
         <wf lemma="dell'" pos="X">dell'</wf>
         <wf lemma="area" pos="X">area</wf>
      </sentence>
      <sentence id="d000.s465" source="semeval2013-it">
         <wf lemma="essi" pos="X">Essi</wf>
         <wf lemma="avere" pos="VERB">hanno</wf>
         <wf lemma="fare" pos="VERB">fatto</wf>
         <wf lemma="notare" pos="VERB">notare</wf>
         <wf lemma="," pos="X">,</wf>
         <wf lemma="in" pos="X">in</wf>
         <wf lemma="una" pos="X">una</wf>
         <instance id="d000.s465.t000" lemma="contestazione" pos="NOUN">contestazione</instance>
         <wf lemma="del" pos="X">del</wf>
         <instance id="d000.s465.t001" lemma="verdetto" pos="NOUN">verdetto</instance>
         <wf lemma="presentare" pos="VERB">presentata</wf>
         <wf lemma="il" pos="X">il</wf>
         <wf lemma="mesa|mese" pos="NOUN">mese</wf>
         <wf lemma="scorso" pos="ADJ">scorso</wf>
         <wf lemma="," pos="X">,</wf>
         <wf lemma="che" pos="X">che</wf>
         <wf lemma="il" pos="X">il</wf>
         <instance id="d000.s465.t002" lemma="caso" pos="NOUN">caso</instance>
         <wf lemma="avere" pos="VERB">ha</wf>
         <wf lemma="dominare" pos="VERB">dominato</wf>
         <wf lemma="il" pos="X">le</wf>
         <instance id="d000.s465.t003" lemma="notizia" pos="NOUN">notizie</instance>
         <wf lemma="nel" pos="X">nel</wf>
         <instance id="d000.s465.t004" lemma="Connecticut" pos="NOUN">Connecticut</instance>
         <wf lemma="ed" pos="X">ed</wf>
         <wf lemma="essere" pos="VERB">è</wf>
         <wf lemma="essere|stare" pos="VERB">stato</wf>
         <wf lemma="discutere" pos="VERB">discusso</wf>
         <wf lemma="durante" pos="X">durante</wf>
         <wf lemma="il" pos="X">la</wf>
         <instance id="d000.s465.t005" lemma="campagna_elettorale" pos="NOUN">campagna_elettorale</instance>
         <wf lemma="dal" pos="X">dai</wf>
         <instance id="d000.s465.t006" lemma="candidato" pos="NOUN">candidati</instance>
         <wf lemma="a" pos="X">a</wf>
         <wf lemma="governatore" pos="NOUN">governatore</wf>
         <wf lemma="e" pos="X">e</wf>
         <wf lemma="al" pos="X">al</wf>
         <instance id="d000.s465.t007" lemma="senato" pos="NOUN">senato</instance>
         <wf lemma="del" pos="X">degli</wf>
         <instance id="d000.s465.t008" lemma="stati_uniti" pos="NOUN">Stati_Uniti</instance>
         <wf lemma="." pos="X">.</wf>
      </sentence>
      <sentence id="d000.s466" source="semeval2015-it">
         <instance id="d000.s466.t000" lemma="ctrl" pos="NOUN">Ctrl</instance>
         <instance id="d000.s466.t001" lemma="s" pos="NOUN">S</instance>
         <wf lemma="salvare" pos="VERB">Salva</wf>
         <wf lemma="script" pos="NOUN">script</wf>
      </sentence>
      <sentence id="d000.s467" source="semeval2010-it">
         <wf lemma="L'" pos="X">L'</wf>
         <instance id="d000.s467.t000" lemma="analisi" pos="NOUN">analisi</instance>
         <wf lemma="dettagliata" pos="X">dettagliata</wf>
         <wf lemma="dei" pos="X">dei</wf>
         <wf lemma="popolamenti" pos="X">popolamenti</wf>
         <wf lemma="ittici" pos="X">ittici</wf>
         <wf lemma="caratteristici" pos="X">caratteristici</wf>
         <wf lemma="delle" pos="X">delle</wf>
         <wf lemma="trezze" pos="X">trezze</wf>
         <wf lemma="fornirà" pos="X">fornirà</wf>
         <wf lemma="elementi" pos="X">elementi</wf>
         <wf lemma="utili" pos="X">utili</wf>
         <wf lemma="sul" pos="X">sul</wf>
         <wf lemma="ruolo" pos="X">ruolo</wf>
         <wf lemma="di" pos="X">di</wf>
         <wf lemma="questi" pos="X">questi</wf>
         <instance id="d000.s467.t001" lemma="ambiente" pos="NOUN">ambienti</instance>
         <wf lemma="come" pos="X">come</wf>
         <wf lemma="aree" pos="X">aree</wf>
         <wf lemma="di" pos="X">di</wf>
         <wf lemma="riproduzione" pos="X">riproduzione</wf>
         <wf lemma="e" pos="X">e</wf>
         <wf lemma="di" pos="X">di</wf>
         <wf lemma="''" pos="X">''</wf>
         <wf lemma="rifugio" pos="X">rifugio</wf>
         <wf lemma="''" pos="X">''</wf>
         <wf lemma="per" pos="X">per</wf>
         <wf lemma="le" pos="X">le</wf>
         <wf lemma="forme" pos="X">forme</wf>
         <wf lemma="giovanili" pos="X">giovanili</wf>
         <wf lemma="delle" pos="X">delle</wf>
         <wf lemma="specie" pos="X">specie</wf>
         <wf lemma="di" pos="X">di</wf>
         <wf lemma="maggior" pos="X">maggior</wf>
         <wf lemma="pregio" pos="X">pregio</wf>
         <wf lemma="e" pos="X">e</wf>
         <wf lemma="di" pos="X">di</wf>
         <wf lemma="quelle" pos="X">quelle</wf>
         <wf lemma="in" pos="X">in</wf>
         <wf lemma="presunta" pos="X">presunta</wf>
         <wf lemma="diminuzione" pos="X">diminuzione</wf>
         <wf lemma="(" pos="X">(</wf>
         <wf lemma="es" pos="X">es</wf>
         <wf lemma=":" pos="X">:</wf>
      </sentence>
      <sentence id="d000.s468" source="semeval2010-it">
         <wf lemma="La" pos="X">La</wf>
         <wf lemma="Figura" pos="X">Figura</wf>
         <wf lemma="7" pos="X">7</wf>
         <wf lemma="evidenzia" pos="X">evidenzia</wf>
         <wf lemma="i" pos="X">i</wf>
         <wf lemma="trend" pos="X">trend</wf>
         <wf lemma="medi" pos="X">medi</wf>
         <wf lemma="nelle" pos="X">nelle</wf>
         <wf lemma="popolazioni" pos="X">popolazioni</wf>
         <wf lemma="di" pos="X">di</wf>
         <wf lemma="695" pos="X">695</wf>
         <wf lemma="specie" pos="X">specie</wf>
         <wf lemma="terrestri" pos="X">terrestri</wf>
         <wf lemma="temperate" pos="X">temperate</wf>
         <wf lemma="e" pos="X">e</wf>
         <wf lemma="tropicali" pos="X">tropicali</wf>
         <wf lemma="(" pos="X">(</wf>
         <wf lemma="di" pos="X">di</wf>
         <wf lemma="cui" pos="X">cui</wf>
         <wf lemma="562" pos="X">562</wf>
         <wf lemma="si" pos="X">si</wf>
         <wf lemma="nelle" pos="X">nelle</wf>
         <wf lemma="zone" pos="X">zone</wf>
         <wf lemma="temperate" pos="X">temperate</wf>
         <wf lemma="e" pos="X">e</wf>
         <wf lemma="150" pos="X">150</wf>
         <wf lemma="in" pos="X">in</wf>
         <wf lemma="quelle" pos="X">quelle</wf>
         <wf lemma="tropicali" pos="X">tropicali</wf>
         <wf lemma="con" pos="X">con</wf>
         <wf lemma="un" pos="X">un</wf>
         <wf lemma="indice" pos="X">indice</wf>
         <wf lemma="di" pos="X">di</wf>
         <instance id="d000.s468.t000" lemma="valore" pos="NOUN">valore</instance>
         <wf lemma="1,0" pos="X">1,0</wf>
         <wf lemma="nel" pos="X">nel</wf>
         <wf lemma="1970" pos="X">1970</wf>
         <wf lemma="." pos="X">.</wf>
      </sentence>
      <sentence id="d000.s469" source="semeval2010-it">
         <wf lemma="Le" pos="X">Le</wf>
         <wf lemma="immagini" pos="X">immagini</wf>
         <wf lemma="ottenute" pos="X">ottenute</wf>
         <wf lemma="dalle" pos="X">dalle</wf>
         <wf lemma="riprese" pos="X">riprese</wf>
         <wf lemma="subacque" pos="X">subacque</wf>
         <wf lemma="e" pos="X">e</wf>
         <wf lemma="la" pos="X">la</wf>
         <wf lemma="raccolta" pos="X">raccolta</wf>
         <wf lemma="di" pos="X">di</wf>
         <instance id="d000.s469.t000" lemma="campione" pos="NOUN">campioni</instance>
         <wf lemma="consentiranno" pos="X">consentiranno</wf>
         <wf lemma="di" pos="X">di</wf>
         <wf lemma="avere" pos="X">avere</wf>
         <wf lemma="una" pos="X">una</wf>
         <wf lemma="descrizione" pos="X">descrizione</wf>
         <wf lemma="della" pos="X">della</wf>
         <instance id="d000.s469.t001" lemma="composizione" pos="NOUN">composizione</instance>
         <wf lemma="delle" pos="X">delle</wf>
         <wf lemma="comunità" pos="X">comunità</wf>
         <wf lemma="bentoniche" pos="X">bentoniche</wf>
         <wf lemma="e" pos="X">e</wf>
         <wf lemma="nectoniche" pos="X">nectoniche</wf>
         <wf lemma="presenti" pos="X">presenti</wf>
         <wf lemma="nel" pos="X">nel</wf>
         <wf lemma="sito" pos="X">sito</wf>
         <wf lemma="," pos="X">,</wf>
         <wf lemma="della" pos="X">della</wf>
         <wf lemma="loro" pos="X">loro</wf>
         <wf lemma="abbondanza" pos="X">abbondanza</wf>
         <wf lemma="e" pos="X">e</wf>
         <wf lemma="del" pos="X">del</wf>
         <wf lemma="loro" pos="X">loro</wf>
         <wf lemma="stato" pos="X">stato</wf>
         <wf lemma="di" pos="X">di</wf>
         <wf lemma="salute" pos="X">salute</wf>
         <wf lemma="." pos="X">.</wf>
      </sentence>
      <sentence id="d000.s470" source="semeval2010-it">
         <wf lemma="-" pos="X">-</wf>
         <wf lemma="''" pos="X">''</wf>
         <wf lemma="riammagliare" pos="X">riammagliare</wf>
         <wf lemma="intorno" pos="X">intorno</wf>
         <wf lemma="alla" pos="X">alla</wf>
         <wf lemma="rete" pos="X">rete</wf>
         <wf lemma="ambientale" pos="X">ambientale</wf>
         <wf lemma="esistente" pos="X">esistente</wf>
         <wf lemma="ed" pos="X">ed</wf>
         <wf lemma="anche" pos="X">anche</wf>
         <wf lemma="intorno" pos="X">intorno</wf>
         <wf lemma="a" pos="X">a</wf>
         <wf lemma="''" pos="X">''</wf>
         <wf lemma="direttrici" pos="X">direttrici</wf>
         <wf lemma="ambientali" pos="X">ambientali</wf>
         <wf lemma="di" pos="X">di</wf>
         <wf lemma="nuova" pos="X">nuova</wf>
         <instance id="d000.s470.t000" lemma="concezione" pos="NOUN">concezione</instance>
         <wf lemma="il" pos="X">il</wf>
         <wf lemma="sistema" pos="X">sistema</wf>
         <wf lemma="insediativo" pos="X">insediativo</wf>
         <wf lemma="disperso" pos="X">disperso</wf>
         <wf lemma="che" pos="X">che</wf>
         <wf lemma="riguarda" pos="X">riguarda</wf>
         <wf lemma="in" pos="X">in</wf>
         <wf lemma="particolare" pos="X">particolare</wf>
         <wf lemma="la" pos="X">la</wf>
         <wf lemma="pianura" pos="X">pianura</wf>
         <wf lemma="friulana" pos="X">friulana</wf>
      </sentence>
      <sentence id="d000.s471" source="semeval2013-it">
         <wf lemma="a" pos="X">A</wf>
         <wf lemma="cio" pos="VERB">cio</wf>
         <wf lemma="'" pos="X">'</wf>
         <wf lemma="si" pos="X">si</wf>
         <wf lemma="aggiungere" pos="VERB">aggiunge</wf>
         <wf lemma="il" pos="X">l'</wf>
         <instance id="d000.s471.t000" lemma="esperienza" pos="NOUN">esperienza</instance>
         <wf lemma="del" pos="X">della</wf>
         <wf lemma="Spagna" pos="NOUN">Spagna</wf>
         <wf lemma="nel" pos="X">nelle</wf>
         <wf lemma="complicato" pos="ADJ">complicate</wf>
         <wf lemma="qualifica" pos="NOUN">qualifiche</wf>
         <wf lemma="del" pos="X">degli</wf>
         <wf lemma="europeo" pos="NOUN">Europei</wf>
         <wf lemma="di" pos="X">di</wf>
         <instance id="d000.s471.t001" lemma="calcio" pos="NOUN">calcio</instance>
         <wf lemma="e" pos="X">e</wf>
         <wf lemma="del" pos="X">della</wf>
         <instance id="d000.s471.t002" lemma="coppa_del_mondo" pos="NOUN">Coppa_del_Mondo</instance>
         <wf lemma="." pos="X">.</wf>
      </sentence>
      <sentence id="d000.s472" source="semeval2013-it">
         <wf lemma="ma" pos="X">Ma</wf>
         <wf lemma="essere" pos="VERB">è</wf>
         <wf lemma="solo" pos="ADV">solo</wf>
         <wf lemma="raramente" pos="ADV">raramente</wf>
         <wf lemma="analizzare" pos="VERB">analizzato</wf>
         <wf lemma="dal" pos="X">dal</wf>
         <instance id="d000.s472.t000" lemma="punto_di_vista" pos="NOUN">punto_di_vista</instance>
         <wf lemma="economico" pos="ADJ">economico</wf>
         <wf lemma="." pos="X">.</wf>
      </sentence>
      <sentence id="d000.s473" source="semeval2013-it">
         <wf lemma="come" pos="X">Come</wf>
         <wf lemma="se" pos="X">se</wf>
         <wf lemma="il" pos="X">i</wf>
         <instance id="d000.s473.t000" lemma="problema" pos="NOUN">problemi</instance>
         <wf lemma="a" pos="X">a</wf>
         <instance id="d000.s473.t001" lemma="casa" pos="NOUN">casa</instance>
         <wf lemma="non" pos="ADV">non</wf>
         <wf lemma="essere" pos="VERB">fossero</wf>
         <wf lemma="già" pos="ADV">già</wf>
         <wf lemma="abbastanza" pos="ADV">abbastanza</wf>
         <wf lemma="per" pos="X">per</wf>
         <wf lemma="Deutsche_Bank" pos="NOUN">Deutsche_Bank</wf>
         <wf lemma="," pos="X">,</wf>
         <wf lemma="il" pos="X">il</wf>
         <instance id="d000.s473.t002" lemma="passato" pos="NOUN">passato</instance>
         <wf lemma="del" pos="X">del</wf>
         <wf lemma="gigante" pos="NOUN">gigante</wf>
         <wf lemma="del" pos="X">dell'</wf>
         <instance id="d000.s473.t003" lemma="industria" pos="NOUN">industria</instance>
         <wf lemma="nel" pos="X">negli</wf>
         <instance id="d000.s473.t004" lemma="stati_uniti" pos="NOUN">Stati_Uniti</instance>
         <wf lemma="stare" pos="VERB">sta</wf>
         <wf lemma="venire" pos="VERB">venendo</wf>
         <wf lemma="a" pos="X">a</wf>
         <wf lemma="galla" pos="NOUN">galla</wf>
         <wf lemma="." pos="X">.</wf>
         <wf lemma="deutsche_bank" pos="NOUN">Deutsche_Bank</wf>
         <wf lemma="il" pos="X">la</wf>
         <wf lemma="cui" pos="X">cui</wf>
         <instance id="d000.s473.t005" lemma="sede" pos="NOUN">sede</instance>
         <wf lemma="essere" pos="VERB">è</wf>
         <wf lemma="a" pos="X">a</wf>
         <instance id="d000.s473.t006" lemma="Francoforte" pos="NOUN">Francoforte</instance>
         <wf lemma="," pos="X">,</wf>
         <wf lemma="pagare" pos="VERB">pagherà</wf>
         <wf lemma="@card@" pos="NOUN">145</wf>
         <instance id="d000.s473.t007" lemma="milione" pos="NOUN">milioni</instance>
         <wf lemma="di" pos="X">di</wf>
         <instance id="d000.s473.t008" lemma="dollaro" pos="NOUN">dollari</instance>
         <wf lemma="(" pos="X">(</wf>
         <wf lemma="@card@" pos="NOUN">106</wf>
         <instance id="d000.s473.t009" lemma="milione" pos="NOUN">milioni</instance>
         <wf lemma="di" pos="X">di</wf>
         <instance id="d000.s473.t010" lemma="euro" pos="NOUN">euro</instance>
         <wf lemma=")" pos="X">)</wf>
         <wf lemma="per" pos="X">per</wf>
         <wf lemma="il" pos="X">la</wf>
         <wf lemma="risoluzione" pos="NOUN">risoluzione</wf>
         <wf lemma="del" pos="X">delle</wf>
         <wf lemma="controversia" pos="NOUN">controversie</wf>
         <wf lemma="derivare" pos="VERB">derivanti</wf>
         <wf lemma="dal" pos="X">dalla</wf>
         <instance id="d000.s473.t011" lemma="bancarotta" pos="NOUN">bancarotta</instance>
         <wf lemma="durante" pos="X">durante</wf>
         <wf lemma="il" pos="X">la</wf>
         <wf lemma="crisi_finanziaria" pos="NOUN">crisi_finanziaria</wf>
         <wf lemma="di" pos="X">di</wf>
         <wf lemma="cinque" pos="ADJ">cinque</wf>
         <wf lemma="banca_cooperativa" pos="NOUN">banche_cooperative</wf>
         <wf lemma="." pos="X">.</wf>
      </sentence>
      <sentence id="d000.s474" source="semeval2013-it">
         <wf lemma="esso" pos="X">Esso</wf>
         <wf lemma="inoltre" pos="ADV">inoltre</wf>
         <wf lemma="fornire" pos="VERB">fornisce</wf>
         <wf lemma="una" pos="X">una</wf>
         <instance id="d000.s474.t000" lemma="serie" pos="NOUN">serie</instance>
         <wf lemma="di" pos="X">di</wf>
         <wf lemma="opzione" pos="NOUN">opzioni</wf>
         <wf lemma="per" pos="X">per</wf>
         <wf lemma="il" pos="X">le</wf>
         <instance id="d000.s474.t001" lemma="domanda" pos="NOUN">domande</instance>
         <wf lemma="cruciale" pos="ADJ">cruciali</wf>
         <wf lemma="," pos="X">,</wf>
         <wf lemma="fra" pos="X">fra</wf>
         <wf lemma="questo" pos="X">queste</wf>
         <wf lemma="come" pos="X">come</wf>
         <wf lemma="il" pos="X">le</wf>
         <wf lemma="maggiore" pos="ADJ">maggiori</wf>
         <wf lemma="economia_emergente" pos="NOUN">economie_emergenti</wf>
         <wf lemma="e" pos="X">e</wf>
         <wf lemma="sviluppato" pos="ADJ">sviluppate</wf>
         <wf lemma="riuscire" pos="VERB">riuscirebbero</wf>
         <wf lemma="a" pos="X">a</wf>
         <wf lemma="ridurre" pos="VERB">ridurre</wf>
         <wf lemma="il" pos="X">le</wf>
         <wf lemma="loro" pos="X">loro</wf>
         <wf lemma="emissione" pos="NOUN">emissioni</wf>
         <wf lemma="di" pos="X">di</wf>
         <instance id="d000.s474.t002" lemma="carbone" pos="NOUN">carbone</instance>
         <wf lemma="e" pos="X">e</wf>
         <wf lemma="quale" pos="X">quale</wf>
         <wf lemma="dovere" pos="VERB">dovrebbe</wf>
         <wf lemma="essere" pos="VERB">essere</wf>
         <wf lemma="il" pos="X">il</wf>
         <wf lemma="limite_superiore" pos="NOUN">limite_superiore</wf>
         <wf lemma="nel" pos="X">nella</wf>
         <wf lemma="crescita" pos="NOUN">crescita</wf>
         <wf lemma="del" pos="X">della</wf>
         <instance id="d000.s474.t003" lemma="temperatura" pos="NOUN">temperatura</instance>
         <wf lemma="globale" pos="ADJ">globale</wf>
         <wf lemma="che" pos="X">che</wf>
         <wf lemma="il" pos="X">i</wf>
         <instance id="d000.s474.t004" lemma="legislatore" pos="NOUN">legislatori</instance>
         <wf lemma="essere" pos="VERB">sarebbero</wf>
         <wf lemma="disporre" pos="VERB">disposti</wf>
         <wf lemma="a" pos="X">a</wf>
         <wf lemma="tollerare" pos="VERB">tollerare</wf>
         <wf lemma="." pos="X">.</wf>
      </sentence>
      <sentence id="d000.s475" source="semeval2015-it">
         <instance id="d000.s475.t000" lemma="ctrl" pos="NOUN">Ctrl</instance>
         <instance id="d000.s475.t001" lemma="n" pos="NOUN">N</instance>
         <wf lemma="nuovo" pos="NOUN">Nuovo</wf>
      </sentence>
      <sentence id="d000.s476" source="semeval2010-it">
         <wf lemma="Questa" pos="X">Questa</wf>
         <wf lemma="variabilità" pos="X">variabilità</wf>
         <wf lemma="è" pos="X">è</wf>
         <wf lemma="legata" pos="X">legata</wf>
         <wf lemma="in" pos="X">in</wf>
         <wf lemma="parte" pos="X">parte</wf>
         <wf lemma="alle" pos="X">alle</wf>
         <wf lemma="condizioni" pos="X">condizioni</wf>
         <wf lemma="ambientali" pos="X">ambientali</wf>
         <wf lemma="in" pos="X">in</wf>
         <wf lemma="cui" pos="X">cui</wf>
         <wf lemma="gli" pos="X">gli</wf>
         <wf lemma="organismi" pos="X">organismi</wf>
         <wf lemma="vivono" pos="X">vivono</wf>
         <wf lemma="," pos="X">,</wf>
         <wf lemma="fattori" pos="X">fattori</wf>
         <wf lemma="quali" pos="X">quali</wf>
         <wf lemma="la" pos="X">la</wf>
         <wf lemma="luminosità" pos="X">luminosità</wf>
         <wf lemma="e" pos="X">e</wf>
         <wf lemma="l'" pos="X">l'</wf>
         <wf lemma="idrodinamismo" pos="X">idrodinamismo</wf>
         <wf lemma="giocano" pos="X">giocano</wf>
         <wf lemma="un" pos="X">un</wf>
         <wf lemma="ruolo" pos="X">ruolo</wf>
         <wf lemma="chiave" pos="X">chiave</wf>
         <wf lemma="nell'" pos="X">nell'</wf>
         <wf lemma="insediamento" pos="X">insediamento</wf>
         <wf lemma="delle" pos="X">delle</wf>
         <wf lemma="specie" pos="X">specie</wf>
         <wf lemma="e" pos="X">e</wf>
         <wf lemma="nello" pos="X">nello</wf>
         <instance id="d000.s476.t000" lemma="sviluppo" pos="NOUN">sviluppo</instance>
         <wf lemma="morfologico" pos="X">morfologico</wf>
         <wf lemma="delle" pos="X">delle</wf>
         <instance id="d000.s476.t001" lemma="colonia" pos="NOUN">colonie</instance>
         <wf lemma="." pos="X">.</wf>
      </sentence>
      <sentence id="d000.s477" source="semeval2015-it">
         <instance id="d000.s477.t000" lemma="generare" pos="VERB">Genera</instance>
         <instance id="d000.s477.t001" lemma="file" pos="NOUN">file</instance>
         <wf pos="X">di</wf>
         <instance id="d000.s477.t002" lemma="testo" pos="NOUN">testo</instance>
         <instance id="d000.s477.t003" lemma="semplice" pos="ADJ">semplice</instance>
         <wf pos="X">,</wf>
         <wf pos="X">quindi</wf>
         <wf lemma="essere" pos="VERB">è</wf>
         <instance id="d000.s477.t004" lemma="possibile" pos="ADJ">possibile</instance>
         <instance id="d000.s477.t005" lemma="modificare" pos="VERB">modificarli</instance>
         <instance id="d000.s477.t006" lemma="usare" pos="VERB">usando</instance>
         <wf pos="X">un</wf>
         <instance id="d000.s477.t007" lemma="qualsiasi" pos="ADJ">qualsiasi</instance>
         <instance id="d000.s477.t008" lemma="editor" pos="NOUN">editor</instance>
         <wf pos="X">di</wf>
         <instance id="d000.s477.t009" lemma="testo" pos="NOUN">testo</instance>
         <wf pos="X">(</wf>
         <wf pos="X">come</wf>
         <wf lemma="kate" pos="NOUN">Kate</wf>
         <wf pos="X">)</wf>
         <wf pos="X">.</wf>
      </sentence>
      <sentence id="d000.s478" source="semeval2010-it">
         <wf lemma="Successivamente" pos="X">Successivamente</wf>
         <wf lemma="," pos="X">,</wf>
         <wf lemma="l'" pos="X">l'</wf>
         <wf lemma="utilizzo" pos="X">utilizzo</wf>
         <wf lemma="di" pos="X">di</wf>
         <wf lemma="modelli" pos="X">modelli</wf>
         <wf lemma="spazialmente" pos="X">spazialmente</wf>
         <wf lemma="espliciti" pos="X">espliciti</wf>
         <wf lemma="," pos="X">,</wf>
         <wf lemma="elaborati" pos="X">elaborati</wf>
         <wf lemma="su" pos="X">su</wf>
         <wf lemma="base" pos="X">base</wf>
         <wf lemma="GIS" pos="X">GIS</wf>
         <wf lemma="," pos="X">,</wf>
         <wf lemma="hanno" pos="X">hanno</wf>
         <wf lemma="consentito" pos="X">consentito</wf>
         <wf lemma="di" pos="X">di</wf>
         <wf lemma="mettere" pos="X">mettere</wf>
         <wf lemma="in" pos="X">in</wf>
         <wf lemma="relazione" pos="X">relazione</wf>
         <wf lemma="il" pos="X">il</wf>
         <wf lemma="pattern" pos="X">pattern</wf>
         <wf lemma="di" pos="X">di</wf>
         <wf lemma="paesaggio" pos="X">paesaggio</wf>
         <wf lemma="con" pos="X">con</wf>
         <wf lemma="le" pos="X">le</wf>
         <wf lemma="esigenze" pos="X">esigenze</wf>
         <wf lemma="in" pos="X">in</wf>
         <wf lemma="termini" pos="X">termini</wf>
         <wf lemma="d'" pos="X">d'</wf>
         <wf lemma="uso" pos="X">uso</wf>
         <wf lemma="di" pos="X">di</wf>
         <instance id="d000.s478.t000" lemma="habitat" pos="NOUN">habitat</instance>
         <wf lemma="della" pos="X">della</wf>
         <wf lemma="specie" pos="X">specie</wf>
         <wf lemma="di" pos="X">di</wf>
         <wf lemma="riferimento" pos="X">riferimento</wf>
         <wf lemma="." pos="X">.</wf>
      </sentence>
      <sentence id="d000.s479" source="semeval2013-it">
         <wf lemma="questo" pos="X">Questa</wf>
         <wf lemma="essere" pos="VERB">è</wf>
         <wf lemma="così" pos="ADV">così</wf>
         <wf lemma="diffondere" pos="VERB">diffusa</wf>
         <wf lemma="che" pos="X">che</wf>
         <wf lemma="fare" pos="VERB">fa</wf>
         <instance id="d000.s479.t000" lemma="parte" pos="NOUN">parte</instance>
         <wf lemma="del" pos="X">dell'</wf>
         <instance id="d000.s479.t001" lemma="etica" pos="NOUN">etica</instance>
         <wf lemma="," pos="X">,</wf>
         <wf lemma="del" pos="X">delle</wf>
         <instance id="d000.s479.t002" lemma="regola" pos="NOUN">regole</instance>
         <wf lemma="non" pos="ADV">non</wf>
         <wf lemma="scritto" pos="ADJ">scritte</wf>
         <wf lemma="," pos="X">,</wf>
         <wf lemma="ma" pos="X">ma</wf>
         <wf lemma="seguire" pos="VERB">seguite</wf>
         <wf lemma="comunque" pos="ADV">comunque</wf>
         <wf lemma="da" pos="X">da</wf>
         <wf lemma="questo" pos="X">questo</wf>
         <instance id="d000.s479.t003" lemma="sport" pos="NOUN">sport</instance>
         <wf lemma="." pos="X">.</wf>
      </sentence>
      <sentence id="d000.s480" source="semeval2010-it">
         <wf lemma="I" pos="X">I</wf>
         <instance id="d000.s480.t000" lemma="corallo" pos="NOUN">coralli</instance>
         <wf lemma="molli" pos="X">molli</wf>
      </sentence>
      <sentence id="d000.s481" source="semeval2015-it">
         <wf pos="X">Per</wf>
         <wf pos="X">ciascun</wf>
         <instance id="d000.s481.t000" lemma="paese" pos="NOUN">paese</instance>
         <instance id="d000.s481.t001" lemma="due" pos="ADJ">due</instance>
         <wf pos="X">o</wf>
         <instance id="d000.s481.t002" lemma="tre" pos="ADJ">tre</instance>
         <instance id="d000.s481.t003" lemma="iniziativa" pos="NOUN">iniziative</instance>
         <wf lemma="essere" pos="VERB">sono</wf>
         <wf lemma="essere" pos="VERB">state</wf>
         <instance id="d000.s481.t004" lemma="ulteriormente" pos="ADV">ulteriormente</instance>
         <instance id="d000.s481.t005" lemma="selezionare" pos="VERB">selezionate</instance>
         <wf pos="X">in</wf>
         <wf lemma="vista" pos="NOUN">vista</wf>
         <wf pos="X">di</wf>
         <wf pos="X">uno</wf>
         <wf lemma="studio" pos="NOUN">studio</wf>
         <wf pos="X">di</wf>
         <instance id="d000.s481.t006" lemma="caso" pos="NOUN">caso</instance>
         <wf pos="X">più</wf>
         <instance id="d000.s481.t007" lemma="approfondire" pos="VERB">approfondito</instance>
         <wf pos="X">.</wf>
      </sentence>
      <sentence id="d000.s482" source="semeval2015-it">
         <wf pos="X">:</wf>
         <wf pos="X">=</wf>
         <wf pos="X">:</wf>
         <instance id="d000.s482.t000" lemma="usare" pos="VERB">Usata</instance>
         <wf pos="X">per</wf>
         <instance id="d000.s482.t001" lemma="definire" pos="VERB">definire</instance>
         <wf pos="X">il</wf>
         <instance id="d000.s482.t002" lemma="valore" pos="NOUN">valore</instance>
         <wf pos="X">di</wf>
         <wf pos="X">una</wf>
         <instance id="d000.s482.t003" lemma="variabile" pos="NOUN">variabile</instance>
         <wf pos="X">.</wf>
      </sentence>
      <sentence id="d000.s483" source="semeval2015-it">
         <wf pos="X">Questo</wf>
         <instance id="d000.s483.t000" lemma="documento" pos="NOUN">documento</instance>
         <wf lemma="essere" pos="VERB">è</wf>
         <wf pos="X">la</wf>
         <instance id="d000.s483.t001" lemma="sintesi" pos="NOUN">sintesi</instance>
         <wf pos="X">di</wf>
         <wf pos="X">una</wf>
         <instance id="d000.s483.t002" lemma="relazione" pos="NOUN">relazione</instance>
         <instance id="d000.s483.t003" lemma="pubblico" pos="ADJ">pubblica</instance>
         <wf pos="X">di</wf>
         <instance id="d000.s483.t004" lemma="valutazione" pos="NOUN">valutazione</instance>
         <instance id="d000.s483.t005" lemma="europeo" pos="ADJ">europea</instance>
         <wf pos="X">(</wf>
         <wf lemma="epar" pos="NOUN">EPAR</wf>
         <wf pos="X">)</wf>
         <wf pos="X">.</wf>
      </sentence>
      <sentence id="d000.s484" source="semeval2013-it">
         <wf lemma="&quot;" pos="X">&quot;</wf>
         <wf lemma="il" pos="X">I</wf>
         <instance id="d000.s484.t000" lemma="giudice" pos="NOUN">giudici</instance>
         <wf lemma="essere" pos="VERB">sono</wf>
         <wf lemma="essere|stare" pos="VERB">stati</wf>
         <wf lemma="a" pos="X">a</wf>
         <wf lemma="banchettare" pos="VERB">banchettare</wf>
         <wf lemma="ad" pos="X">ad</wf>
         <wf lemma="un" pos="X">un</wf>
         <wf lemma="evento" pos="NOUN">evento</wf>
         <wf lemma="mondano" pos="ADJ">mondano</wf>
         <wf lemma="di" pos="X">di</wf>
         <instance id="d000.s484.t001" lemma="raccolta_fondi" pos="NOUN">raccolta_fondi</instance>
         <wf lemma="con" pos="X">con</wf>
         <wf lemma="il" pos="X">gli</wf>
         <instance id="d000.s484.t002" lemma="avvocato" pos="NOUN">avvocati</instance>
         <wf lemma="che" pos="X">che</wf>
         <wf lemma="avere" pos="VERB">hanno</wf>
         <instance id="d000.s484.t003" lemma="causa" pos="NOUN">cause</instance>
         <wf lemma="pendente" pos="ADJ">pendenti</wf>
         <wf lemma="dinanzi" pos="ADJ">dinanzi</wf>
         <wf lemma="al" pos="X">alla</wf>
         <instance id="d000.s484.t004" lemma="corte_suprema" pos="NOUN">corte_suprema</instance>
         <wf lemma="." pos="X">.</wf>
         <wf lemma="&quot;" pos="X">&quot;</wf>
      </sentence>
      <sentence id="d000.s485" source="semeval2015-it">
         <wf lemma="essere" pos="VERB">È</wf>
         <wf lemma="usare" pos="VERB">usato</wf>
         <wf pos="X">nei</wf>
         <wf lemma="cane" pos="NOUN">cani</wf>
         <wf pos="X">per</wf>
         <wf lemma="prevenire" pos="VERB">prevenire</wf>
         <wf pos="X">il</wf>
         <wf lemma="vomito" pos="NOUN">vomito</wf>
         <wf lemma="causare" pos="VERB">causato</wf>
         <wf pos="X">,</wf>
         <wf pos="X">per</wf>
         <wf lemma="esempio" pos="NOUN">esempio</wf>
         <wf pos="X">,</wf>
         <wf pos="X">dalla</wf>
         <wf lemma="chemioterapia" pos="NOUN">chemioterapia</wf>
         <wf pos="X">(</wf>
         <wf lemma="medicinale" pos="NOUN">medicinali</wf>
         <wf lemma="usato" pos="ADJ">usati</wf>
         <wf pos="X">per</wf>
         <wf pos="X">la</wf>
         <instance id="d000.s485.t000" lemma="cura_del_cancro" pos="NOUN">cura_del_cancro</instance>
         <wf pos="X">,</wf>
         <wf pos="X">alcuni</wf>
         <wf pos="X">dei</wf>
         <wf lemma="quale" pos="ADV">quali</wf>
         <wf lemma="noto" pos="ADJ">noti</wf>
         <wf pos="X">per</wf>
         <wf lemma="provocare" pos="VERB">provocare</wf>
         <wf pos="X">il</wf>
         <wf lemma="vomito" pos="NOUN">vomito</wf>
         <wf pos="X">)</wf>
         <wf pos="X">.</wf>
      </sentence>
      <sentence id="d000.s486" source="semeval2010-it">
         <wf lemma="Gli" pos="X">Gli</wf>
         <instance id="d000.s486.t000" lemma="affioramento" pos="NOUN">affioramenti</instance>
         <wf lemma="lastriformi" pos="X">lastriformi</wf>
         <wf lemma="," pos="X">,</wf>
         <wf lemma="meno" pos="X">meno</wf>
         <wf lemma="compatti" pos="X">compatti</wf>
         <wf lemma="," pos="X">,</wf>
         <wf lemma="presentano" pos="X">presentano</wf>
         <wf lemma="tipiche" pos="X">tipiche</wf>
         <wf lemma="alternanze" pos="X">alternanze</wf>
         <wf lemma="di" pos="X">di</wf>
         <instance id="d000.s486.t001" lemma="strato" pos="NOUN">strati</instance>
         <wf lemma="sabbiosi" pos="X">sabbiosi</wf>
         <wf lemma="e" pos="X">e</wf>
         <wf lemma="siltosi" pos="X">siltosi</wf>
         <wf lemma="." pos="X">.</wf>
      </sentence>
      <sentence id="d000.s487" source="semeval2015-it">
         <wf pos="X">Per</wf>
         <wf pos="X">il</wf>
         <instance id="d000.s487.t000" lemma="trattamento" pos="NOUN">trattamento</instance>
         <wf pos="X">del</wf>
         <instance id="d000.s487.t001" lemma="mesotelioma" pos="NOUN">mesotelioma</instance>
         <instance id="d000.s487.t002" lemma="pleurico" pos="ADJ">pleurico</instance>
         <wf lemma="maligno" pos="ADJ">maligno</wf>
         <wf pos="X">,</wf>
         <wf lemma="alimta" pos="NOUN">Alimta</wf>
         <wf lemma="essere" pos="VERB">è</wf>
         <wf lemma="essere" pos="VERB">stato</wf>
         <instance id="d000.s487.t003" lemma="esaminare" pos="VERB">esaminato</instance>
         <wf pos="X">nell</wf>
         <instance id="d000.s487.t004" lemma="ambito" pos="NOUN">ambito</instance>
         <wf pos="X">di</wf>
         <wf pos="X">uno</wf>
         <wf lemma="studio" pos="NOUN">studio</wf>
         <instance id="d000.s487.t005" lemma="principale" pos="ADJ">principale</instance>
         <instance id="d000.s487.t006" lemma="condurre" pos="VERB">condotto</instance>
         <wf pos="X">su</wf>
         <wf pos="X">456</wf>
         <instance id="d000.s487.t007" lemma="paziente" pos="NOUN">pazienti</instance>
         <wf pos="X">che</wf>
         <wf pos="X">non</wf>
         <wf lemma="essere" pos="VERB">erano</wf>
         <wf lemma="essere" pos="VERB">stati</wf>
         <wf lemma="sottoporre" pos="VERB">sottoposti</wf>
         <wf pos="X">a</wf>
         <instance id="d000.s487.t008" lemma="chemioterapia" pos="NOUN">chemioterapia</instance>
         <wf pos="X">in</wf>
         <instance id="d000.s487.t009" lemma="precedenza" pos="NOUN">precedenza</instance>
         <wf pos="X">.</wf>
      </sentence>
      <sentence id="d000.s488" source="semeval2013-it">
         <wf lemma="ciononostante" pos="ADV">Ciononostante</wf>
         <wf lemma="," pos="X">,</wf>
         <instance id="d000.s488.t000" lemma="venerdì" pos="NOUN">Venerdì</instance>
         <wf lemma="essere" pos="VERB">è</wf>
         <wf lemma="essere|stare" pos="VERB">stato</wf>
         <wf lemma="caratterizzare" pos="VERB">caratterizzato</wf>
         <wf lemma="dal" pos="X">dallo</wf>
         <wf lemma="stesso" pos="ADJ">stesso</wf>
         <instance id="d000.s488.t001" lemma="tipo" pos="NOUN">tipo</instance>
         <wf lemma="di" pos="X">di</wf>
         <instance id="d000.s488.t002" lemma="discussione" pos="NOUN">discussioni</instance>
         <wf lemma="animato" pos="ADJ">animate</wf>
         <wf lemma="che" pos="X">che</wf>
         <wf lemma="avere" pos="VERB">hanno</wf>
         <wf lemma="dominare" pos="VERB">dominato</wf>
         <wf lemma="il" pos="X">le</wf>
         <instance id="d000.s488.t003" lemma="trattativa" pos="NOUN">trattative</instance>
         <wf lemma="nel" pos="X">nell'</wf>
         <wf lemma="ultimo" pos="ADJ">ultima</wf>
         <instance id="d000.s488.t004" lemma="settimana" pos="NOUN">settimana</instance>
         <wf lemma="." pos="X">.</wf>
      </sentence>
      <sentence id="d000.s489" source="semeval2010-it">
         <wf lemma="coating" pos="X">coating</wf>
         <wf lemma="reef" pos="X">reef</wf>
         <wf lemma="," pos="X">,</wf>
         <wf lemma="dove" pos="X">dove</wf>
         <wf lemma="la" pos="X">la</wf>
         <wf lemma="parte" pos="X">parte</wf>
         <wf lemma="organogena" pos="X">organogena</wf>
         <wf lemma="costituita" pos="X">costituita</wf>
         <wf lemma="da" pos="X">da</wf>
         <wf lemma="Briozoi" pos="X">Briozoi</wf>
         <wf lemma="," pos="X">,</wf>
         <wf lemma="Serpulidae" pos="X">Serpulidae</wf>
         <wf lemma="," pos="X">,</wf>
         <wf lemma="alghe" pos="X">alghe</wf>
         <wf lemma="calcaree" pos="X">calcaree</wf>
         <wf lemma="e" pos="X">e</wf>
         <wf lemma="nessuna" pos="X">nessuna</wf>
         <wf lemma="madrepora" pos="X">madrepora</wf>
         <wf lemma="," pos="X">,</wf>
         <wf lemma="si" pos="X">si</wf>
         <wf lemma="presenta" pos="X">presenta</wf>
         <wf lemma="con" pos="X">con</wf>
         <wf lemma="una" pos="X">una</wf>
         <wf lemma="spessa" pos="X">spessa</wf>
         <wf lemma="crosta" pos="X">crosta</wf>
         <wf lemma="che" pos="X">che</wf>
         <wf lemma="ricopre" pos="X">ricopre</wf>
         <wf lemma="completamente" pos="X">completamente</wf>
         <wf lemma="tutto" pos="X">tutto</wf>
         <wf lemma="l'" pos="X">l'</wf>
         <instance id="d000.s489.t000" lemma="affioramento" pos="NOUN">affioramento</instance>
         <wf lemma="." pos="X">.</wf>
      </sentence>
      <sentence id="d000.s490" source="semeval2010-it">
         <wf lemma="La" pos="X">La</wf>
         <wf lemma="posizione" pos="X">posizione</wf>
         <wf lemma="sarà" pos="X">sarà</wf>
         <wf lemma="definita" pos="X">definita</wf>
         <wf lemma="in" pos="X">in</wf>
         <wf lemma="tempo" pos="X">tempo</wf>
         <wf lemma="reale" pos="X">reale</wf>
         <wf lemma="con" pos="X">con</wf>
         <instance id="d000.s490.t000" lemma="strumentazione" pos="NOUN">strumentazione</instance>
         <wf lemma="DGPS" pos="X">DGPS</wf>
         <wf lemma="." pos="X">.</wf>
      </sentence>
      <sentence id="d000.s491" source="semeval2013-it">
         <wf lemma="un" pos="X">Un</wf>
         <wf lemma="altro" pos="X">altro</wf>
         <wf lemma="di" pos="X">di</wf>
         <wf lemma="questo" pos="X">questi</wf>
         <instance id="d000.s491.t000" lemma="vantaggio" pos="NOUN">vantaggi</instance>
         <wf lemma="che" pos="X">che</wf>
         <wf lemma="avere" pos="VERB">ha</wf>
         <wf lemma="a" pos="X">a</wf>
         <wf lemma="che" pos="X">che</wf>
         <wf lemma="fare" pos="VERB">fare</wf>
         <wf lemma="con" pos="X">con</wf>
         <wf lemma="il" pos="X">il</wf>
         <wf lemma="fare-play" pos="NOUN">fare-play</wf>
         <wf lemma="essere" pos="VERB">è</wf>
         <wf lemma="quello" pos="X">quello</wf>
         <wf lemma="di" pos="X">di</wf>
         <wf lemma="evitare" pos="VERB">evitare</wf>
         <wf lemma="che" pos="X">che</wf>
         <wf lemma="il" pos="X">la</wf>
         <instance id="d000.s491.t001" lemma="squadra" pos="NOUN">squadra</instance>
         <wf lemma="del" pos="X">dei</wf>
         <instance id="d000.s491.t002" lemma="giocatore" pos="NOUN">giocatori</instance>
         <wf lemma="che" pos="X">che</wf>
         <wf lemma="trasgredire" pos="VERB">trasgrediscono</wf>
         <wf lemma="prendere" pos="VERB">prenda</wf>
         <wf lemma="ingiustamente" pos="ADV">ingiustamente</wf>
         <instance id="d000.s491.t003" lemma="vantaggio" pos="NOUN">vantaggio</instance>
         <wf lemma="sul" pos="X">sulla</wf>
         <instance id="d000.s491.t004" lemma="squadra" pos="NOUN">squadra</instance>
         <wf lemma="avversario" pos="NOUN">avversaria</wf>
         <wf lemma="," pos="X">,</wf>
         <wf lemma="il" pos="X">il</wf>
         <wf lemma="che" pos="X">che</wf>
         <wf lemma="non" pos="ADV">non</wf>
         <wf lemma="essere" pos="VERB">è</wf>
         <wf lemma="comunque" pos="ADV">comunque</wf>
         <wf lemma="accadere" pos="VERB">accaduto</wf>
         <wf lemma="." pos="X">.</wf>
      </sentence>
      <sentence id="d000.s492" source="semeval2015-it">
         <wf pos="X">Nell</wf>
         <wf lemma="organismo" pos="NOUN">organismo</wf>
         <wf pos="X">,</wf>
         <wf lemma="pemetrexed" pos="NOUN">pemetrexed</wf>
         <wf lemma="venire" pos="VERB">viene</wf>
         <wf lemma="trasformare" pos="VERB">trasformato</wf>
         <wf pos="X">in</wf>
         <wf pos="X">una</wf>
         <wf lemma="forma" pos="NOUN">forma</wf>
         <wf lemma="attivo" pos="ADJ">attiva</wf>
         <wf pos="X">che</wf>
         <wf lemma="bloccare" pos="VERB">blocca</wf>
         <wf pos="X">l</wf>
         <wf lemma="attività" pos="NOUN">attività</wf>
         <wf pos="X">degli</wf>
         <wf lemma="enzima" pos="NOUN">enzimi</wf>
         <wf lemma="coinvolgere" pos="VERB">coinvolti</wf>
         <wf pos="X">nella</wf>
         <wf lemma="produzione" pos="NOUN">produzione</wf>
         <wf pos="X">dei</wf>
         <wf lemma="nucleotidi" pos="NOUN">nucleotidi</wf>
         <wf pos="X">(</wf>
         <wf pos="X">gli</wf>
         <wf lemma="elemento" pos="NOUN">elementi</wf>
         <wf lemma="costitutivo" pos="ADJ">costitutivi</wf>
         <wf pos="X">di</wf>
         <wf lemma="dna" pos="NOUN">DNA</wf>
         <wf pos="X">e</wf>
         <wf lemma="rna" pos="NOUN">RNA</wf>
         <wf pos="X">,</wf>
         <wf pos="X">il</wf>
         <instance id="d000.s492.t000" lemma="materiale_genetico" pos="NOUN">materiale_genetico</instance>
         <wf pos="X">delle</wf>
         <wf lemma="cellula" pos="NOUN">cellule</wf>
         <wf pos="X">)</wf>
         <wf pos="X">.</wf>
      </sentence>
      <sentence id="d000.s493" source="semeval2013-it">
         <wf lemma="mentre" pos="X">Mentre</wf>
         <wf lemma="avere" pos="VERB">hanno</wf>
         <wf lemma="scoprire" pos="VERB">scoperto</wf>
         <wf lemma="il" pos="X">l'</wf>
         <wf lemma="inusuale" pos="ADJ">inusuale</wf>
         <instance id="d000.s493.t000" lemma="batterio" pos="NOUN">batterio</instance>
         <wf lemma="qui" pos="ADV">qui</wf>
         <wf lemma="sul" pos="X">sulla</wf>
         <instance id="d000.s493.t001" lemma="terra" pos="NOUN">Terra</instance>
         <wf lemma="," pos="X">,</wf>
         <wf lemma="il" pos="X">i</wf>
         <instance id="d000.s493.t002" lemma="ricercatore" pos="NOUN">ricercatori</instance>
         <wf lemma="dire" pos="VERB">dicono</wf>
         <wf lemma="che" pos="X">che</wf>
         <wf lemma="dimostrare" pos="VERB">dimostra</wf>
         <wf lemma="che" pos="X">che</wf>
         <wf lemma="il" pos="X">la</wf>
         <instance id="d000.s493.t003" lemma="vita" pos="NOUN">vita</instance>
         <wf lemma="avere" pos="VERB">ha</wf>
         <instance id="d000.s493.t004" lemma="possibilità" pos="NOUN">possibilità</instance>
         <wf lemma="oltre" pos="X">oltre</wf>
         <wf lemma="il" pos="X">i</wf>
         <wf lemma="principale" pos="ADJ">principali</wf>
         <instance id="d000.s493.t005" lemma="elemento" pos="NOUN">elementi</instance>
         <wf lemma="che" pos="X">che</wf>
         <wf lemma="essere" pos="VERB">sono</wf>
         <wf lemma="essere|stare" pos="VERB">stati</wf>
         <wf lemma="considerare" pos="VERB">considerati</wf>
         <wf lemma="essenziale" pos="ADJ">essenziali</wf>
         <wf lemma="." pos="X">.</wf>
      </sentence>
      <sentence id="d000.s494" source="semeval2013-it">
         <wf lemma="entrambi" pos="ADJ">Entrambe</wf>
         <wf lemma="il" pos="X">le</wf>
         <wf lemma="parte" pos="NOUN">parti</wf>
         <wf lemma="vedere" pos="VERB">vedono</wf>
         <wf lemma="il" pos="X">gli</wf>
         <instance id="d000.s494.t000" lemma="immigrato" pos="NOUN">immigrati</instance>
         <wf lemma="come" pos="X">come</wf>
         <wf lemma="un" pos="X">un</wf>
         <wf lemma="peso" pos="NOUN">peso</wf>
         <wf lemma="per" pos="X">per</wf>
         <wf lemma="il" pos="X">l'</wf>
         <instance id="d000.s494.t001" lemma="economia" pos="NOUN">economia</instance>
         <wf lemma="francese" pos="ADJ">francese</wf>
         <wf lemma="e" pos="X">e</wf>
         <wf lemma="per" pos="X">per</wf>
         <wf lemma="il" pos="X">la</wf>
         <instance id="d000.s494.t002" lemma="società" pos="NOUN">società</instance>
         <wf lemma="francese" pos="ADJ">francese</wf>
         <wf lemma="." pos="X">.</wf>
      </sentence>
      <sentence id="d000.s495" source="semeval2010-it">
         <wf lemma="Direttrici" pos="X">Direttrici</wf>
         <wf lemma="," pos="X">,</wf>
         <wf lemma="come" pos="X">come</wf>
         <wf lemma="anche" pos="X">anche</wf>
         <wf lemma="i" pos="X">i</wf>
         <wf lemma="punti" pos="X">punti</wf>
         <wf lemma="di" pos="X">di</wf>
         <wf lemma="eventuale" pos="X">eventuale</wf>
         <wf lemma="conflitto" pos="X">conflitto</wf>
         <wf lemma="tra" pos="X">tra</wf>
         <wf lemma="le" pos="X">le</wf>
         <wf lemma="stesse" pos="X">stesse</wf>
         <wf lemma="e" pos="X">e</wf>
         <wf lemma="gli" pos="X">gli</wf>
         <wf lemma="altri" pos="X">altri</wf>
         <wf lemma="usi" pos="X">usi</wf>
         <wf lemma="in" pos="X">in</wf>
         <instance id="d000.s495.t000" lemma="essere" pos="NOUN">essere</instance>
         <wf lemma="del" pos="X">del</wf>
         <wf lemma="suolo" pos="X">suolo</wf>
         <wf lemma="," pos="X">,</wf>
         <wf lemma="vengono" pos="X">vengono</wf>
         <wf lemma="definiti" pos="X">definiti</wf>
         <wf lemma="di" pos="X">di</wf>
         <wf lemma="primario" pos="X">primario</wf>
         <wf lemma="interesse" pos="X">interesse</wf>
         <wf lemma="regionale" pos="X">regionale</wf>
         <wf lemma="e" pos="X">e</wf>
         <wf lemma="soggetti" pos="X">soggetti</wf>
         <wf lemma="," pos="X">,</wf>
         <wf lemma="per" pos="X">per</wf>
         <wf lemma="gli" pos="X">gli</wf>
         <instance id="d000.s495.t001" lemma="intervento" pos="NOUN">interventi</instance>
         <wf lemma="di" pos="X">di</wf>
         <wf lemma="ripristino" pos="X">ripristino</wf>
         <wf lemma="o" pos="X">o</wf>
         <wf lemma="di" pos="X">di</wf>
         <wf lemma="salvaguardia" pos="X">salvaguardia</wf>
         <wf lemma="," pos="X">,</wf>
         <wf lemma="a" pos="X">a</wf>
         <wf lemma="specifici" pos="X">specifici</wf>
         <wf lemma="progetti" pos="X">progetti</wf>
         <wf lemma="di" pos="X">di</wf>
         <instance id="d000.s495.t002" lemma="intervento" pos="NOUN">intervento</instance>
         <wf lemma="." pos="X">.</wf>
      </sentence>
      <sentence id="d000.s496" source="semeval2013-it">
         <wf lemma="per" pos="X">Per</wf>
         <wf lemma="quanto" pos="ADV">quanto</wf>
         <wf lemma="riguardare" pos="VERB">riguarda</wf>
         <wf lemma="questo" pos="X">questa</wf>
         <instance id="d000.s496.t000" lemma="ipotesi" pos="NOUN">ipotesi</instance>
         <wf lemma="," pos="X">,</wf>
         <wf lemma="il" pos="X">i</wf>
         <instance id="d000.s496.t001" lemma="giocatore" pos="NOUN">giocatori</instance>
         <wf lemma="non" pos="ADV">non</wf>
         <wf lemma="avere" pos="VERB">hanno</wf>
         <wf lemma="agire" pos="VERB">agito</wf>
         <wf lemma="al" pos="X">al</wf>
         <instance id="d000.s496.t002" lemma="fine" pos="NOUN">fine</instance>
         <wf lemma="di" pos="X">di</wf>
         <wf lemma="evitare" pos="VERB">evitare</wf>
         <wf lemma="il" pos="X">l'</wf>
         <instance id="d000.s496.t003" lemma="applicazione" pos="NOUN">applicazione</instance>
         <wf lemma="del" pos="X">della</wf>
         <wf lemma="sanzione" pos="NOUN">sanzione</wf>
         <wf lemma="(" pos="X">(</wf>
         <wf lemma="questo" pos="X">questo</wf>
         <wf lemma="essere" pos="VERB">sarebbe</wf>
         <wf lemma="essere|stare" pos="VERB">stato</wf>
         <wf lemma="un" pos="X">un</wf>
         <wf lemma="chiaro" pos="ADJ">chiaro</wf>
         <instance id="d000.s496.t004" lemma="caso" pos="NOUN">caso</instance>
         <wf lemma="di" pos="X">di</wf>
         <instance id="d000.s496.t005" lemma="frode" pos="NOUN">frode</instance>
         <wf lemma="legale" pos="ADJ">legale</wf>
         <wf lemma=")" pos="X">)</wf>
         <wf lemma="," pos="X">,</wf>
         <wf lemma="ma" pos="X">ma</wf>
         <wf lemma="piuttosto" pos="ADV">piuttosto</wf>
         <wf lemma="avere" pos="VERB">hanno</wf>
         <wf lemma="scegliere" pos="VERB">scelto</wf>
         <wf lemma="quando" pos="ADV">quando</wf>
         <wf lemma="obbedire" pos="VERB">obbedire</wf>
         <wf lemma="ad" pos="X">ad</wf>
         <wf lemma="essa" pos="X">essa</wf>
         <wf lemma="." pos="X">.</wf>
      </sentence>
      <sentence id="d000.s497" source="semeval2015-it">
         <wf pos="X">Nel</wf>
         <wf lemma="trattamento" pos="NOUN">trattamento</wf>
         <wf pos="X">dei</wf>
         <wf lemma="paziente" pos="NOUN">pazienti</wf>
         <wf pos="X">con</wf>
         <instance id="d000.s497.t000" lemma="carcinoma_polmonare" pos="NOUN">carcinoma_polmonare</instance>
         <wf pos="X">non</wf>
         <wf pos="X">a</wf>
         <wf lemma="piccolo" pos="ADJ">piccole</wf>
         <wf lemma="cellula" pos="NOUN">cellule</wf>
         <wf pos="X">,</wf>
         <wf lemma="alimta" pos="NOUN">Alimta</wf>
         <wf pos="X">si</wf>
         <wf lemma="essere" pos="VERB">è</wf>
         <wf lemma="rivelare" pos="VERB">rivelato</wf>
         <wf pos="X">tanto</wf>
         <wf lemma="efficace" pos="ADJ">efficace</wf>
         <wf pos="X">quanto</wf>
         <wf pos="X">i</wf>
         <wf lemma="comparatore" pos="NOUN">comparatori</wf>
         <wf pos="X">.</wf>
      </sentence>
      <sentence id="d000.s498" source="semeval2010-it">
         <wf lemma="La" pos="X">La</wf>
         <wf lemma="frammentazione" pos="X">frammentazione</wf>
         <wf lemma="e" pos="X">e</wf>
         <wf lemma="l'" pos="X">l'</wf>
         <wf lemma="alterazione" pos="X">alterazione</wf>
         <wf lemma="dei" pos="X">dei</wf>
         <wf lemma="flussi" pos="X">flussi</wf>
         <wf lemma="fluviali" pos="X">fluviali</wf>
         <wf lemma="naturali" pos="X">naturali</wf>
         <wf lemma="incidono" pos="X">incidono</wf>
         <wf lemma="sulla" pos="X">sulla</wf>
         <wf lemma="produttività" pos="X">produttività</wf>
         <wf lemma="delle" pos="X">delle</wf>
         <wf lemma="zone" pos="X">zone</wf>
         <wf lemma="umide" pos="X">umide</wf>
         <wf lemma="," pos="X">,</wf>
         <wf lemma="delle" pos="X">delle</wf>
         <wf lemma="pianure" pos="X">pianure</wf>
         <wf lemma="inondate" pos="X">inondate</wf>
         <wf lemma="e" pos="X">e</wf>
         <wf lemma="dei" pos="X">dei</wf>
         <instance id="d000.s498.t000" lemma="delta" pos="NOUN">delta</instance>
         <wf lemma="," pos="X">,</wf>
         <wf lemma="sconvolgono" pos="X">sconvolgono</wf>
         <wf lemma="la" pos="X">la</wf>
         <wf lemma="migrazione" pos="X">migrazione</wf>
         <wf lemma="e" pos="X">e</wf>
         <wf lemma="la" pos="X">la</wf>
         <wf lemma="dispersione" pos="X">dispersione</wf>
         <wf lemma="dei" pos="X">dei</wf>
         <instance id="d000.s498.t001" lemma="pesce" pos="NOUN">pesci</instance>
         <wf lemma="e" pos="X">e</wf>
         <wf lemma="causano" pos="X">causano</wf>
         <wf lemma="la" pos="X">la</wf>
         <wf lemma="diminuzione" pos="X">diminuzione</wf>
         <wf lemma="delle" pos="X">delle</wf>
         <wf lemma="specie" pos="X">specie</wf>
         <wf lemma="delle" pos="X">delle</wf>
         <wf lemma="acque" pos="X">acque</wf>
         <wf lemma="dolci" pos="X">dolci</wf>
         <wf lemma="." pos="X">.</wf>
      </sentence>
      <sentence id="d000.s499" source="semeval2013-it">
         <wf lemma="il" pos="X">La</wf>
         <wf lemma="Federal" pos="NOUN">Federal</wf>
         <wf lemma="Housing" pos="NOUN">Housing</wf>
         <wf lemma="Finance" pos="NOUN">Finance</wf>
         <wf lemma="Agency" pos="NOUN">Agency</wf>
         <wf lemma="(" pos="X">(</wf>
         <wf lemma="FHFA" pos="NOUN">FHFA</wf>
         <wf lemma=")" pos="X">)</wf>
         <wf lemma="essere" pos="VERB">è</wf>
         <wf lemma="essere|stare" pos="VERB">stata</wf>
         <wf lemma="il" pos="X">la</wf>
         <instance id="d000.s499.t000" lemma="fonte" pos="NOUN">fonte</instance>
         <wf lemma="del" pos="X">della</wf>
         <wf lemma="più" pos="ADV">più</wf>
         <wf lemma="grande" pos="ADJ">grande</wf>
         <wf lemma="ondata" pos="NOUN">ondata</wf>
         <wf lemma="di" pos="X">di</wf>
         <wf lemma="rivendicazione" pos="NOUN">rivendicazioni</wf>
         <wf lemma="." pos="X">.</wf>
      </sentence>
      <sentence id="d000.s500" source="semeval2013-it">
         <wf lemma="bank_of_america" pos="NOUN">Bank_of_America</wf>
         <wf lemma="avere" pos="VERB">aveva</wf>
         <wf lemma="raccolto" pos="ADJ">raccolto</wf>
         <wf lemma="@card@" pos="NOUN">19</wf>
         <instance id="d000.s500.t000" lemma="miliardo" pos="NOUN">miliardi</instance>
         <wf lemma="di" pos="X">di</wf>
         <instance id="d000.s500.t001" lemma="dollaro_americano" pos="NOUN">dollari_americani</instance>
         <wf lemma="dal" pos="X">dagli</wf>
         <instance id="d000.s500.t002" lemma="investitore" pos="NOUN">investitori</instance>
         <wf lemma="attraverso" pos="X">attraverso</wf>
         <instance id="d000.s500.t003" lemma="prestito" pos="NOUN">prestiti</instance>
         <wf lemma="convertibile" pos="ADJ">convertibili</wf>
         <wf lemma="." pos="X">.</wf>
      </sentence>
      <sentence id="d000.s501" source="semeval2010-it">
         <wf lemma="Ulteriori" pos="X">Ulteriori</wf>
         <wf lemma="studi" pos="X">studi</wf>
         <wf lemma="sono" pos="X">sono</wf>
         <wf lemma="attualmente" pos="X">attualmente</wf>
         <wf lemma="in" pos="X">in</wf>
         <wf lemma="corso" pos="X">corso</wf>
         <wf lemma="al" pos="X">al</wf>
         <wf lemma="fine" pos="X">fine</wf>
         <wf lemma="di" pos="X">di</wf>
         <wf lemma="verificare" pos="X">verificare</wf>
         <wf lemma="tali" pos="X">tali</wf>
         <instance id="d000.s501.t000" lemma="ipotesi" pos="NOUN">ipotesi</instance>
         <wf lemma="." pos="X">.</wf>
      </sentence>
      <sentence id="d000.s502" source="semeval2015-it">
         <wf pos="X">Anche</wf>
         <wf pos="X">se</wf>
         <instance id="d000.s502.t000" lemma="inizialmente" pos="ADV">inizialmente</instance>
         <wf lemma="essere" pos="VERB">era</wf>
         <instance id="d000.s502.t001" lemma="orientare" pos="VERB">orientata</instance>
         <wf pos="X">all'</wf>
         <instance id="d000.s502.t002" lemma="uso" pos="NOUN">uso</instance>
         <instance id="d000.s502.t003" lemma="usare" pos="VERB">usando</instance>
         <wf lemma="mathml" pos="NOUN">MathML</wf>
         <wf pos="X">,</wf>
         <wf lemma="potere" pos="VERB">può</wf>
         <wf lemma="essere" pos="VERB">essere</wf>
         <instance id="d000.s502.t004" lemma="usare" pos="VERB">usata</instance>
         <wf pos="X">da</wf>
         <wf pos="X">chiunque</wf>
         <wf pos="X">con</wf>
         <wf pos="X">un</wf>
         <instance id="d000.s502.t005" lemma="minimo" pos="NOUN">minimo</instance>
         <wf pos="X">di</wf>
         <instance id="d000.s502.t006" lemma="conoscenza" pos="NOUN">conoscenza</instance>
         <instance id="d000.s502.t007" lemma="matematico" pos="ADJ">matematica</instance>
         <wf pos="X">.</wf>
      </sentence>
      <sentence id="d000.s503" source="semeval2013-it">
         <instance id="d000.s503.t000" lemma="mercoledì" pos="NOUN">Mercoledì</instance>
         <wf lemma="scorso" pos="ADJ">scorso</wf>
         <wf lemma="bank_of_america" pos="NOUN">Bank_of_America</wf>
         <wf lemma="avere" pos="VERB">ha</wf>
         <wf lemma="rimborsare" pos="VERB">rimborsato</wf>
         <wf lemma="il" pos="X">il</wf>
         <instance id="d000.s503.t001" lemma="sostegno" pos="NOUN">sostegno</instance>
         <wf lemma="ricevere" pos="VERB">ricevuto</wf>
         <wf lemma="dal" pos="X">dal</wf>
         <instance id="d000.s503.t002" lemma="fondo" pos="NOUN">fondo</instance>
         <wf lemma="di" pos="X">di</wf>
         <instance id="d000.s503.t003" lemma="protezione" pos="NOUN">protezione</instance>
         <wf lemma="del" pos="X">delle</wf>
         <instance id="d000.s503.t004" lemma="banca" pos="NOUN">banche</instance>
         <wf lemma="TARP" pos="NOUN">TARP</wf>
         <wf lemma="per" pos="X">per</wf>
         <wf lemma="un" pos="X">un</wf>
         <instance id="d000.s503.t005" lemma="importo" pos="NOUN">importo</instance>
         <wf lemma="di" pos="X">di</wf>
         <wf lemma="@card@" pos="NOUN">45</wf>
         <instance id="d000.s503.t006" lemma="miliardo" pos="NOUN">miliardi</instance>
         <wf lemma="di" pos="X">di</wf>
         <instance id="d000.s503.t007" lemma="dollaro_americano" pos="NOUN">dollari_americani</instance>
         <wf lemma="(" pos="X">(</wf>
         <wf lemma="circa" pos="ADV">circa</wf>
         <wf lemma="@card@" pos="NOUN">30</wf>
         <instance id="d000.s503.t008" lemma="miliardo" pos="NOUN">miliardi</instance>
         <wf lemma="di" pos="X">di</wf>
         <instance id="d000.s503.t009" lemma="euro" pos="NOUN">euro</instance>
         <wf lemma=")" pos="X">)</wf>
         <wf lemma="in" pos="X">in</wf>
         <wf lemma="un" pos="X">un</wf>
         <wf lemma="colpo" pos="NOUN">colpo</wf>
         <wf lemma="solo" pos="ADJ">solo</wf>
         <wf lemma="." pos="X">.</wf>
      </sentence>
   </text>
</corpus>
